<?xml version="1.0" encoding="UTF-8" ?>
<testsuite errors="0" failures="0" hostname="travis-job-e2f368fc-61e2-4cce-b26e-1ee2acfbf6a1" name="ptolemy.actor.lib.test.junit.JUnitTclTest" skipped="0" tests="517" time="59.52" timestamp="2020-05-18T14:25:29">
  <properties>
    <property name="npm.executable" value="npm" />
    <property name="env.TRAVIS_ROOT" value="/" />
    <property name="ptII.mk.exists" value="true" />
    <property name="env.TRAVIS_APP_HOST" value="build.travis-ci.org" />
    <property name="env.rvm_bin_path" value="/home/travis/.rvm/bin" />
    <property name="java.home" value="/usr/local/lib/jvm/openjdk11" />
    <property name="env.TRAVIS_JOB_NUMBER" value="1635.8" />
    <property name="env.TRAVIS_HOME" value="/home/travis" />
    <property name="env.DISPLAY" value=":99.0" />
    <property name="env.TRAVIS_INIT" value="systemd" />
    <property name="env.SSH_TTY" value="/dev/pts/0" />
    <property name="java.net.preferIPv4Stack" value="true" />
    <property name="env.RUN_TESTS" value="true" />
    <property name="timeout.short" value="1000000" />
    <property name="junit.formatter" value="xml" />
    <property name="env.TRAVIS_SUDO" value="true" />
    <property name="env.TRAVIS_JOB_NAME" value="" />
    <property name="env.TRAVIS_STACK_NODE_ATTRIBUTES" value="/.node-attributes.yml" />
    <property name="env.LOGNAME" value="travis" />
    <property name="env.PT_TRAVIS_TEST_CORE1_XML" value="true" />
    <property name="jsdoc.home" value="node_modules/@terraswarm/jsdoc" />
    <property name="debuglevel" value="source,lines,vars" />
    <property name="checkstyle.formatter" value="xml" />
    <property name="env._system_version" value="16.04" />
    <property name="bin.vergil.makeable" value="true" />
    <property name="sun.os.patch.level" value="unknown" />
    <property name="java.vendor.url" value="http://java.oracle.com/" />
    <property name="env.TRAVIS_BUILD_WEB_URL" value="https://travis-ci.org/icyphy/ptII/builds/688394562" />
    <property name="java.version" value="11.0.2" />
    <property name="env.TZ" value="UTC" />
    <property name="env.TRAVIS_PULL_REQUEST_SHA" value="" />
    <property name="env.PT_NO_NET" value="true" />
    <property name="env.TRAVIS_SECURE_ENV_VARS" value="true" />
    <property name="env._system_type" value="Linux" />
    <property name="java.vendor.url.bug" value="http://bugreport.java.com/bugreport/" />
    <property name="npmjs-org-is-up" value="true" />
    <property name="env.LANGUAGE" value="en_US.UTF-8" />
    <property name="env.SSH_CLIENT" value="10.52.1.88 37086 22" />
    <property name="env.GEM_HOME" value="/home/travis/.rvm/gems/ruby-2.5.3" />
    <property name="env.HAS_ANTARES_THREE_LITTLE_FRONZIES_BADGE" value="true" />
    <property name="java.version.date" value="2019-01-15" />
    <property name="env.PS4" value="+" />
    <property name="ant.project.invoked-targets" value="build,test.core1.xml" />
    <property name="env.TRAVIS_PULL_REQUEST_BRANCH" value="" />
    <property name="env.TRAVIS_REPO_SLUG" value="icyphy/ptII" />
    <property name="env.XDG_DATA_DIRS" value="/usr/local/share:/usr/share:/var/lib/snapd/desktop" />
    <property name="jdk.debug" value="release" />
    <property name="env.TRAVIS_APT_PROXY" value="http://build-cache.travisci.net" />
    <property name="env.TRAVIS_CPU_ARCH" value="amd64" />
    <property name="node.in.path" value="true" />
    <property name="user.name" value="travis" />
    <property name="java.maxmemory" value="1400m" />
    <property name="env.RUBY_VERSION" value="ruby-2.5.3" />
    <property name="env.LANG" value="en_US.UTF-8" />
    <property name="sun.io.unicode.encoding" value="UnicodeLittle" />
    <property name="sun.jnu.encoding" value="UTF-8" />
    <property name="java.runtime.name" value="OpenJDK Runtime Environment" />
    <property name="usefile" value="false" />
    <property name="return.code" value="0" />
    <property name="junit.single.formatter" value="plain" />
    <property name="env.DYLD_LIBRARY_PATH" value="/home/travis/pthla/certi-tools/lib:" />
    <property name="env.DEBIAN_FRONTEND" value="noninteractive" />
    <property name="env.SSH_CONNECTION" value="10.52.1.88 37086 10.20.0.132 22" />
    <property name="env.MYSQL_UNIX_PORT" value="/var/run/mysqld/mysqld.sock" />
    <property name="env.LC_ALL" value="en_US.UTF-8" />
    <property name="env.TRAVIS_ALLOW_FAILURE" value="" />
    <property name="env.TRAVIS_JOB_WEB_URL" value="https://travis-ci.org/icyphy/ptII/jobs/688394581" />
    <property name="java.specification.name" value="Java Platform API Specification" />
    <property name="node.works" value="true" />
    <property name="user.timezone" value="" />
    <property name="path.separator" value=":" />
    <property name="env.TRAVIS_ENABLE_INFRA_DETECTION" value="true" />
    <property name="env.PYTHON_CFLAGS" value="-g -fstack-protector --param=ssp-buffer-size=4 -Wformat -Werror=format-security" />
    <property name="timeout.long" value="4000000" />
    <property name="env.CERTI_HOME" value="/home/travis/pthla/certi-tools" />
    <property name="ant.file.ptII" value="/home/travis/build/icyphy/ptII/build.xml" />
    <property name="javadoc.packagenames" value="com.*,diva.*,lbnl.*,org.hlacerti.*,org.json.*,org.ptolemy.*,org.terraswarm.*,ptolemy.*,ptserver.*" />
    <property name="file.encoding" value="UTF-8" />
    <property name="env.TRAVIS_PULL_REQUEST_SLUG" value="" />
    <property name="ant.project.default-target" value="build" />
    <property name="env.GIT_ASKPASS" value="echo" />
    <property name="env.HOME" value="/home/travis" />
    <property name="sun.java.command" value="org.apache.tools.ant.taskdefs.optional.junit.JUnitTestRunner ptolemy.actor.lib.test.junit.JUnitTclTest skipNonTests=false filtertrace=true haltOnError=false haltOnFailure=false formatter=org.apache.tools.ant.taskdefs.optional.junit.OutErrSummaryJUnitResultFormatter showoutput=true outputtoformatters=true logfailedtests=true threadid=0 logtestlistenerevents=false formatter=org.apache.tools.ant.taskdefs.optional.junit.XMLJUnitResultFormatter,/home/travis/build/icyphy/ptII/reports/junit/TEST-ptolemy.actor.lib.test.junit.JUnitTclTest.xml crashfile=/home/travis/build/icyphy/ptII/junitvmwatcher12015847982657506182.properties propsfile=/home/travis/build/icyphy/ptII/junit13220289613161846562.properties" />
    <property name="env.COMPOSER_NO_INTERACTION" value="1" />
    <property name="env.MANPATH" value="/home/travis/.nvm/versions/node/v7.10.1/share/man:/home/travis/.rvm/rubies/ruby-2.5.3/share/man:/usr/local/cmake-3.12.4/man:/usr/local/clang-7.0.0/share/man:/usr/local/man:/usr/local/share/man:/usr/share/man:/home/travis/.rvm/man" />
    <property name="env.TRAVIS_TIMER_ID" value="037dd9d8" />
    <property name="ant.file" value="/home/travis/build/icyphy/ptII/build.xml" />
    <property name="env.TRAVIS_COMMIT_RANGE" value="3e950cfe0f3c004454147d0a7dfedd7f8d8e77cc...52bfcaaec950ad6b43d11ffdb9cd3f924b0c1f76" />
    <property name="env._system_name" value="Ubuntu" />
    <property name="ptII.classpath.optional.property" value="/home/travis/build/icyphy/ptII/lib/bsh-2.0b4.jar:/home/travis/build/icyphy/ptII/lib/ptCal.jar:/home/travis/build/icyphy/ptII/lib/java_cup.jar:/home/travis/build/icyphy/ptII/lib/saxon8.jar:/home/travis/build/icyphy/ptII/lib/saxon8-dom.jar:/home/travis/build/icyphy/ptII/lib/chic.jar:/home/travis/build/icyphy/ptII/lib/ptcolt.jar:/home/travis/build/icyphy/ptII/vendors/misc/itext/iText.jar:/home/travis/build/icyphy/ptII/lib/g4ltl.jar:/home/travis/build/icyphy/ptII/lib/StructuralCoder.jar:/home/travis/build/icyphy/ptII/lib/jcerti.jar:/home/travis/build/icyphy/ptII/lib/javax.mail.jar:/home/travis/build/icyphy/ptII/vendors/JMF-2.1.1e/lib/jmf.jar:/home/travis/build/icyphy/ptII/lib/jna-4.0.0-variadic.jar:/home/travis/build/icyphy/ptII/vendors/misc/joystick/Joystick.jar:/home/travis/build/icyphy/ptII/lib/ptjacl.jar:/home/travis/build/icyphy/ptII/lib/jsoup-1.8.2.jar:/home/travis/build/icyphy/ptII/lib/junit-4.8.2.jar:/home/travis/build/icyphy/ptII/lib/JUnitParams-0.4.0.jar:/home/travis/build/icyphy/ptII/ptolemy/actor/lib/excel/jxl.jar:/home/travis/build/icyphy/ptII/lib/jython.jar:/home/travis/build/icyphy/ptII/lib/kieler.jar:/home/travis/build/icyphy/ptII/vendors/opencv/share/OpenCV/java/opencv-341.jar:/home/travis/build/icyphy/ptII/lib/oscP5.jar:/home/travis/build/icyphy/ptII/lib/nrjavaserial-3.11.0.devel.jar:/home/travis/build/icyphy/ptII/vendors/j3d/lib/Linux/j3dcore.jar:/home/travis/build/icyphy/ptII/vendors/j3d/lib/Linux/j3dutils.jar:/home/travis/build/icyphy/ptII/vendors/j3d/lib/Linux/vecmath.jar:/home/travis/build/icyphy/ptII/vendors/jogl/lib/Linux/gluegen-rt-natives-linux-amd64.jar:/home/travis/build/icyphy/ptII/vendors/jogl/lib/Linux/gluegen-rt.jar:/home/travis/build/icyphy/ptII/vendors/jogl/lib/Linux/jogl-all-natives-linux-amd64.jar:/home/travis/build/icyphy/ptII/vendors/jogl/lib/Linux/jogl-all.jar:/home/travis/build/icyphy/ptII/ptolemy/distributed/jini/jar/jini-core.jar:/home/travis/build/icyphy/ptII/ptolemy/distributed/jini/jar/jini-ext.jar:/home/travis/build/icyphy/ptII/ptolemy/distributed/jini/jar/sun-util.jar:/home/travis/build/icyphy/ptII/lib/protobuf-java-2.4.1.jar:/home/travis/build/icyphy/ptII/lib/org.eclipse.paho.client.mqttv3.jar:/home/travis/build/icyphy/ptII/lib/mapss.jar:/home/travis/build/icyphy/ptII/ptolemy/actor/ptalon/antlr/antlr.jar:/home/travis/build/icyphy/ptII/lib/JRI.jar:/home/travis/build/icyphy/ptII/lib/commons-lang-2.6.jar:/home/travis/build/icyphy/ptII/lib/commons-logging-1.1.1.jar:/home/travis/build/icyphy/ptII/lib/sootclasses.jar:/home/travis/build/icyphy/ptII/ptolemy/actor/lib/database/mysql-connector-java-5.1.6-bin.jar:/home/travis/build/icyphy/ptII/vendors/misc/sphinx4/sphinx4-data-5prealpha.jar:/home/travis/build/icyphy/ptII/vendors/misc/sphinx4/sphinx4-core-5prealpha.jar:/home/travis/build/icyphy/ptII/lib/PDFRenderer.jar:/home/travis/build/icyphy/ptII/lib/svgSalamander.jar:/home/travis/build/icyphy/ptII/lib/rsyntaxtextarea-2.6.0-SNAPSHOT.jar:/home/travis/build/icyphy/ptII/lib/hazelcast-3.8.2.jar:/home/travis/build/icyphy/ptII/lib/jackson-annotations-2.9.0.jar:/home/travis/build/icyphy/ptII/lib/jackson-core-2.9.3.jar:/home/travis/build/icyphy/ptII/lib/jackson-databind-2.9.3.jar:/home/travis/build/icyphy/ptII/lib/netty-buffer-4.1.19.Final.jar:/home/travis/build/icyphy/ptII/lib/netty-codec-4.1.19.Final.jar:/home/travis/build/icyphy/ptII/lib/netty-codec-dns-4.1.19.Final.jar:/home/travis/build/icyphy/ptII/lib/netty-codec-http-4.1.19.Final.jar:/home/travis/build/icyphy/ptII/lib/netty-codec-http2-4.1.19.Final.jar:/home/travis/build/icyphy/ptII/lib/netty-common-4.1.19.Final.jar:/home/travis/build/icyphy/ptII/lib/netty-handler-4.1.19.Final.jar:/home/travis/build/icyphy/ptII/lib/netty-resolver-4.1.19.Final.jar:/home/travis/build/icyphy/ptII/lib/netty-resolver-dns-4.1.19.Final.jar:/home/travis/build/icyphy/ptII/lib/netty-transport-4.1.19.Final.jar:/home/travis/build/icyphy/ptII/lib/vertx-codegen-3.5.1.jar:/home/travis/build/icyphy/ptII/lib/vertx-core-3.5.2-SNAPSHOT.jar:/home/travis/build/icyphy/ptII/lib/vertx-hazelcast-3.5.1.jar:/home/travis/build/icyphy/ptII/lib/vertx-lang-js-3.5.1.jar:/home/travis/build/icyphy/ptII/lib/vertx-service-proxy-3.5.1.jar:/home/travis/build/icyphy/ptII/lib/vertx-web-3.5.1.jar:/home/travis/build/icyphy/ptII/lib/slf4j-api-1.7.13.jar:/home/travis/build/icyphy/ptII/lib/slf4j-simple-1.7.13.jar:/home/travis/build/icyphy/ptII/lib/webcam-capture-0.3.12.jar:/home/travis/build/icyphy/ptII/lib/bridj-0.7.0.jar:/home/travis/build/icyphy/ptII/lib/xbjlib-1.1.0.nrjavaserial.jar" />
    <property name="timeout" value="2400000" />
    <property name="test.batch" value="**/junit/*.java" />
    <property name="env._" value="/usr/bin/timeout" />
    <property name="java.io.tmpdir" value="/tmp" />
    <property name="user.language" value="en" />
    <property name="env.TRAVIS_INTERNAL_RUBY_REGEX" value="^ruby-(2\.[0-4]\.[0-9]|1\.9\.3)" />
    <property name="env.HISTCONTROL" value="ignoredups:ignorespace" />
    <property name="env.GOROOT" value="/home/travis/.gimme/versions/go1.11.1.linux.amd64" />
    <property name="line.separator" value="&#xa;" />
    <property name="target" value="11" />
    <property name="env.TRAVIS_BUILD_DIR" value="/home/travis/build/icyphy/ptII" />
    <property name="env.ANT_OPTS" value="-Xmx2048m" />
    <property name="ant.file.type" value="file" />
    <property name="ptolemy.ptII.batchMode" value="true" />
    <property name="env.HISTSIZE" value="1000" />
    <property name="env.MERB_ENV" value="test" />
    <property name="java.vm.info" value="mixed mode" />
    <property name="source" value="11" />
    <property name="java.vm.specification.name" value="Java Virtual Machine Specification" />
    <property name="env.TRAVIS_TEST_RESULT" value="0" />
    <property name="jsdoc.command" value="node_modules/@terraswarm/jsdoc/jsdoc.js" />
    <property name="npm.works" value="true" />
    <property name="cobertura.dir" value="/home/travis/build/icyphy/ptII/vendors/cobertura-2.0.3" />
    <property name="jsdoc.command.exists" value="true" />
    <property name="env.rvm_path" value="/home/travis/.rvm" />
    <property name="env.GEM_PATH" value="/home/travis/.rvm/gems/ruby-2.5.3:/home/travis/.rvm/gems/ruby-2.5.3@global" />
    <property name="env.LC_CTYPE" value="en_US.UTF-8" />
    <property name="env.TRAVIS_CMD" value="$PTII/bin/ptIITravisBuild.sh $SECONDS" />
    <property name="java.awt.printerjob" value="sun.print.PSPrinterJob" />
    <property name="env.TRAVIS_STACK_NAME" value="sardonyx" />
    <property name="env.TRAVIS_TIMER_START_TIME" value="1589811358417984322" />
    <property name="ant.version" value="Apache Ant(TM) version 1.10.1 compiled on February 2 2017" />
    <property name="ptII.reports" value="/home/travis/build/icyphy/ptII/reports" />
    <property name="env.TRAVIS_STACK_TIMESTAMP" value="2019-03-25 16:16:56 UTC" />
    <property name="ant.file.type.ptII" value="file" />
    <property name="env.RBENV_SHELL" value="bash" />
    <property name="os.name" value="Linux" />
    <property name="java.specification.vendor" value="Oracle Corporation" />
    <property name="env.rvm_version" value="1.29.7 (latest)" />
    <property name="env.TRAVIS_INFRA" value="unknown" />
    <property name="env.TERM" value="xterm" />
    <property name="java.vm.name" value="OpenJDK 64-Bit Server VM" />
    <property name="env.TRAVIS_BUILD_NUMBER" value="1635" />
    <property name="env.CI" value="true" />
    <property name="java.library.path" value="/home/travis/pthla/certi-tools/lib:/usr/lib/jni:/usr/local/share/OpenCV/java/:/usr/share/OpenCV/java::/usr/java/packages/lib:/usr/lib64:/lib64:/lib:/usr/lib" />
    <property name="jdk.module.path" value="/home/travis/build/icyphy/ptII/vendors/javafx/javafx-sdk-11.0.2/lib:" />
    <property name="env.rvm_prefix" value="/home/travis" />
    <property name="env.PATH" value="/home/travis/pthla/certi-tools/share/scripts:/home/travis/.rvm/gems/ruby-2.5.3/bin:/home/travis/.rvm/gems/ruby-2.5.3@global/bin:/home/travis/.rvm/rubies/ruby-2.5.3/bin:/home/travis/.rvm/bin:/home/travis/.nvm/versions/node/v7.10.1/bin:./node_modules/.bin:/home/travis/build/icyphy/ptII/bin:/home/travis/pthla/certi-tools/bin:/home/travis/bin:/home/travis/.local/bin:/usr/local/lib/jvm/openjdk11/bin:/opt/pyenv/shims:/home/travis/.phpenv/shims:/home/travis/perl5/perlbrew/bin:/home/travis/gopath/bin:/home/travis/.gimme/versions/go1.11.1.linux.amd64/bin:/usr/local/maven-3.6.0/bin:/usr/local/cmake-3.12.4/bin:/usr/local/clang-7.0.0/bin:/usr/local/sbin:/usr/local/bin:/usr/sbin:/usr/bin:/sbin:/bin:/snap/bin:/home/travis/.phpenv/bin:/opt/pyenv/bin:/home/travis/.yarn/bin" />
    <property name="env.TRAVIS_OS_NAME" value="linux" />
    <property name="ant.java.version" value="9" />
    <property name="basedir" value="/home/travis/build/icyphy/ptII" />
    <property name="java.class.version" value="55.0" />
    <property name="env.SHLVL" value="3" />
    <property name="env.LD_LIBRARY_PATH" value="/home/travis/pthla/certi-tools/lib:/usr/lib/jni:/usr/local/share/OpenCV/java/:/usr/share/OpenCV/java:" />
    <property name="env.RACK_ENV" value="test" />
    <property name="ant.home" value="/home/travis/build/icyphy/ptII/ant" />
    <property name="env.NVM_DIR" value="/home/travis/.nvm" />
    <property name="env.CERTI_FOM_PATH" value="/home/travis/pthla/certi-tools/share/federations" />
    <property name="env.TRAVIS_BUILD_ID" value="688394562" />
    <property name="env.PYENV_ROOT" value="/opt/pyenv" />
    <property name="env.TRAVIS_UID" value="2000" />
    <property name="prism.verbose" value="true" />
    <property name="env.NVM_BIN" value="/home/travis/.nvm/versions/node/v7.10.1/bin" />
    <property name="env.TRAVIS_COMMIT" value="52bfcaaec950ad6b43d11ffdb9cd3f924b0c1f76" />
    <property name="env._system_arch" value="x86_64" />
    <property name="node.executable" value="node" />
    <property name="sun.boot.library.path" value="/usr/local/lib/jvm/openjdk11/lib" />
    <property name="sun.management.compiler" value="HotSpot 64-Bit Tiered Compilers" />
    <property name="java.awt.graphicsenv" value="sun.awt.X11GraphicsEnvironment" />
    <property name="env.GOPATH" value="/home/travis/gopath" />
    <property name="ptolemy.ptII.dir" value="/home/travis/build/icyphy/ptII" />
    <property name="env.USER" value="travis" />
    <property name="env.HISTFILESIZE" value="2000" />
    <property name="env.NVM_INC" value="/home/travis/.nvm/versions/node/v7.10.1/include/node" />
    <property name="timeout.longest" value="19000000" />
    <property name="env.PERLBREW_SHELLRC_VERSION" value="0.86" />
    <property name="env.TRAVIS_STACK_FEATURES" value="basic couchdb disabled-ipv6 docker docker-compose elasticsearch firefox go-toolchain google-chrome jdk memcached mongodb mysql nodejs_interpreter perl_interpreter perlbrew phantomjs postgresql python_interpreter redis ruby_interpreter sqlite xserver" />
    <property name="env.TRAVIS_PULL_REQUEST" value="false" />
    <property name="env.PYENV_SHELL" value="bash" />
    <property name="ant.project.name" value="ptII" />
    <property name="env.ANSI_RESET" value="\033[0m" />
    <property name="java.vm.specification.version" value="11" />
    <property name="env.TRAVIS_DIST" value="xenial" />
    <property name="env.CERTI_VERSION" value="4.0.0" />
    <property name="env.CERTI_HOST" value="localhost" />
    <property name="awt.toolkit" value="sun.awt.X11.XToolkit" />
    <property name="env.MY_RUBY_HOME" value="/home/travis/.rvm/rubies/ruby-2.5.3" />
    <property name="sun.cpu.isalist" value="" />
    <property name="env.TRAVIS_TMPDIR" value="/tmp/tmp.v0XdsKPDVS" />
    <property name="java.vm.compressedOopsMode" value="Zero based" />
    <property name="os.version" value="4.15.0-1028-gcp" />
    <property name="user.home" value="/home/travis" />
    <property name="java.vm.vendor" value="Oracle Corporation" />
    <property name="env.TRAVIS_TAG" value="nightly" />
    <property name="env.ANSI_YELLOW" value="\033[33;1m" />
    <property name="env.TRAVIS_FILTERED" value="redirect_io" />
    <property name="env.ANSI_GREEN" value="\033[32;1m" />
    <property name="env.JAVA_HOME" value="/usr/local/lib/jvm/openjdk11" />
    <property name="javadoc.excludepackagenames" value="adm.cvs2svn.*,build.*,config.*,doc.coding.templates.*,jni.test.jni.meaningOfLife.*,jni.test.jni.testDeux.*,jni.test.jni.testTrois.*,org.terraswarm.accessor.accessors.web.node_modules.*,org.terraswarm.accessor.accessors.web.hosts.cordova.demo.*,org.terraswarm.accessor.accessors.web.hosts.cordova.plugins.*,org.terraswarm.accessor.accessors-svn.*,pt-modules.*,ptolemy.apps.agilent.*,ptolemy.apps.anytimecontrol.*,ptolemy.apps.apes.*,ptolemy.apps.charon.*,ptolemy.apps.crazyboard.*,ptolemy.apps.eclipse.*,ptolemy.apps.etherealSting.*,ptolemy.apps.fullscreen.*,ptolemy.apps.giotto.*,ptolemy.apps.ia.*,ptolemy.apps.interfaces.*,ptolemy.apps.jmf.*,ptolemy.apps.kurt.*,ptolemy.apps.kvm.*,ptolemy.apps.lego.*,ptolemy.apps.lejos.*,ptolemy.apps.midp.*,ptolemy.apps.mobileCoding.*,ptolemy.apps.pendulum.*,ptolemy.apps.rijndael.*,ptolemy.apps.robot.*,ptolemy.apps.security.*,ptolemy.apps.sobel.*,ptolemy.apps.soot.*,ptolemy.apps.throttle.*,ptolemy.apps.tini.*,ptolemy.apps.transmission.*,ptolemy.apps.vergil.*,ptolemy.apps.waba.*,ptolemy.apps.websensor.*,ptolemy.apps.webstart.*,ptolemy.apps.xsl.*,ptolemy.apps.zaurus.*,ptolemy.codegen.c.actor.lib.oldJavaFiles.*,ptolemy.codegen.dsp.lib.*,ptolemy.codegen.kernel.newInterfaces.*,ptolemy.codegen.lib.*,ptolemy.copernicus.kernel.fragment.*,ptolemy.copernicus.shallow.cg.*,ptolemy.domains.giotto.demo.Hierarchy.Hierarchy.*,ptolemy.domains.giotto.demo.Multimode.Multimode.*,ptolemy.domains.giotto.demo.Simple.Simple.*,ptolemy.domains.gr.lib.experimental.*,ptolemy.domains.gro.*,ptolemy.domains.pdf.*,ptolemy.domains.ptinyos.demo.Surge.output.*,ptolemy.moml.test.NoPackageActor.java*,ptolemy.plot.adm.*,ptolemy.plot.servlet.*,reports.*,signed.*,src.*,target.*,vendors.*,ptolemy.copernicus.applet.*,ptolemy.media.viewer.*,ptolemy.actor.corba.*,doc.doclets.*,ptolemy.apps.eclipse.awt.*,ptolemy.backtrack.*,ptolemy.backtrack.ast.*,ptolemy.cg.adapter.generic.program.procedural.c.mbed*,ptolemy.homer.*,ptolemy.actor.lib.jai.*,org.ptolemy.scala.*,diva.util.java2d.svg.*,ptolemy.domains.ptinyos.*,ptolemy.actor.lib.fmi.fmipp.*,,org.terraswarm.accessor.accessors.web.node_modules.*,org.terraswarm.accessor.accessors-svn,ptolemy.apps.*,ptolemy.actor.ptalon.demo.ptinyos.SendAndReceiveCnt.output,ptolemy.actor.ptalon.demo.ptinyos.SenseToLeds.output,ptolemy.domains.ptinyos.demo.CntToLedsAndRfm.output,ptolemy.domains.ptinyos.demo.RfmToLeds.output,ptolemy.domains.ptinyos.demo.SendAndReceiveCnt.output,ptolemy.domains.ptinyos.demo.SenseToLeds.output,ptolemy.actor.lib.jjs.modules.udpSocket.*" />
    <property name="env.PTII" value="/home/travis/build/icyphy/ptII" />
    <property name="env.XDG_SESSION_ID" value="2" />
    <property name="keystore" value="ptKeystore" />
    <property name="env.TRAVIS_COMMIT_MESSAGE" value="Updating models using array data type." />
    <property name="junit.output.dir" value="/home/travis/build/icyphy/ptII/reports/junit" />
    <property name="npm.return.code" value="0" />
    <property name="user.dir" value="/home/travis/build/icyphy/ptII/ptolemy/actor/lib/test" />
    <property name="env.TRAVIS_NODE_VERSION" value="7" />
    <property name="env.TRAVIS_EVENT_TYPE" value="cron" />
    <property name="env.MAIL" value="/var/mail/travis" />
    <property name="env.PERLBREW_ROOT" value="/home/travis/perl5/perlbrew" />
    <property name="env.PWD" value="/home/travis/build/icyphy/ptII" />
    <property name="timeout.npm" value="45000" />
    <property name="env.TRAVIS_ARCH" value="amd64" />
    <property name="sun.cpu.endian" value="little" />
    <property name="env.PAGER" value="cat" />
    <property name="env.TRAVIS_BUILD_STAGE_NAME" value="test" />
    <property name="env.PERLBREW_HOME" value="/home/travis/.perlbrew" />
    <property name="java.vm.version" value="11.0.2+9" />
    <property name="env.RAILS_ENV" value="test" />
    <property name="java.class.path" value="/home/travis/.ptolemyII:/home/travis/.ptolemyII/*:/home/travis/build/icyphy/ptII:/home/travis/build/icyphy/ptII/lib/bsh-2.0b4.jar:/home/travis/build/icyphy/ptII/lib/ptCal.jar:/home/travis/build/icyphy/ptII/lib/java_cup.jar:/home/travis/build/icyphy/ptII/lib/saxon8.jar:/home/travis/build/icyphy/ptII/lib/saxon8-dom.jar:/home/travis/build/icyphy/ptII/lib/chic.jar:/home/travis/build/icyphy/ptII/lib/ptcolt.jar:/home/travis/build/icyphy/ptII/vendors/misc/itext/iText.jar:/home/travis/build/icyphy/ptII/lib/g4ltl.jar:/home/travis/build/icyphy/ptII/lib/StructuralCoder.jar:/home/travis/build/icyphy/ptII/lib/jcerti.jar:/home/travis/build/icyphy/ptII/lib/javax.mail.jar:/home/travis/build/icyphy/ptII/vendors/JMF-2.1.1e/lib/jmf.jar:/home/travis/build/icyphy/ptII/lib/jna-4.0.0-variadic.jar:/home/travis/build/icyphy/ptII/vendors/misc/joystick/Joystick.jar:/home/travis/build/icyphy/ptII/lib/ptjacl.jar:/home/travis/build/icyphy/ptII/lib/jsoup-1.8.2.jar:/home/travis/build/icyphy/ptII/lib/junit-4.8.2.jar:/home/travis/build/icyphy/ptII/lib/JUnitParams-0.4.0.jar:/home/travis/build/icyphy/ptII/ptolemy/actor/lib/excel/jxl.jar:/home/travis/build/icyphy/ptII/lib/jython.jar:/home/travis/build/icyphy/ptII/lib/kieler.jar:/home/travis/build/icyphy/ptII/vendors/opencv/share/OpenCV/java/opencv-341.jar:/home/travis/build/icyphy/ptII/lib/oscP5.jar:/home/travis/build/icyphy/ptII/lib/nrjavaserial-3.11.0.devel.jar:/home/travis/build/icyphy/ptII/vendors/j3d/lib/Linux/j3dcore.jar:/home/travis/build/icyphy/ptII/vendors/j3d/lib/Linux/j3dutils.jar:/home/travis/build/icyphy/ptII/vendors/j3d/lib/Linux/vecmath.jar:/home/travis/build/icyphy/ptII/vendors/jogl/lib/Linux/gluegen-rt-natives-linux-amd64.jar:/home/travis/build/icyphy/ptII/vendors/jogl/lib/Linux/gluegen-rt.jar:/home/travis/build/icyphy/ptII/vendors/jogl/lib/Linux/jogl-all-natives-linux-amd64.jar:/home/travis/build/icyphy/ptII/vendors/jogl/lib/Linux/jogl-all.jar:/home/travis/build/icyphy/ptII/ptolemy/distributed/jini/jar/jini-core.jar:/home/travis/build/icyphy/ptII/ptolemy/distributed/jini/jar/jini-ext.jar:/home/travis/build/icyphy/ptII/ptolemy/distributed/jini/jar/sun-util.jar:/home/travis/build/icyphy/ptII/lib/protobuf-java-2.4.1.jar:/home/travis/build/icyphy/ptII/lib/org.eclipse.paho.client.mqttv3.jar:/home/travis/build/icyphy/ptII/lib/mapss.jar:/home/travis/build/icyphy/ptII/ptolemy/actor/ptalon/antlr/antlr.jar:/home/travis/build/icyphy/ptII/lib/JRI.jar:/home/travis/build/icyphy/ptII/lib/commons-lang-2.6.jar:/home/travis/build/icyphy/ptII/lib/commons-logging-1.1.1.jar:/home/travis/build/icyphy/ptII/lib/sootclasses.jar:/home/travis/build/icyphy/ptII/ptolemy/actor/lib/database/mysql-connector-java-5.1.6-bin.jar:/home/travis/build/icyphy/ptII/vendors/misc/sphinx4/sphinx4-data-5prealpha.jar:/home/travis/build/icyphy/ptII/vendors/misc/sphinx4/sphinx4-core-5prealpha.jar:/home/travis/build/icyphy/ptII/lib/PDFRenderer.jar:/home/travis/build/icyphy/ptII/lib/svgSalamander.jar:/home/travis/build/icyphy/ptII/lib/rsyntaxtextarea-2.6.0-SNAPSHOT.jar:/home/travis/build/icyphy/ptII/lib/hazelcast-3.8.2.jar:/home/travis/build/icyphy/ptII/lib/jackson-annotations-2.9.0.jar:/home/travis/build/icyphy/ptII/lib/jackson-core-2.9.3.jar:/home/travis/build/icyphy/ptII/lib/jackson-databind-2.9.3.jar:/home/travis/build/icyphy/ptII/lib/netty-buffer-4.1.19.Final.jar:/home/travis/build/icyphy/ptII/lib/netty-codec-4.1.19.Final.jar:/home/travis/build/icyphy/ptII/lib/netty-codec-dns-4.1.19.Final.jar:/home/travis/build/icyphy/ptII/lib/netty-codec-http-4.1.19.Final.jar:/home/travis/build/icyphy/ptII/lib/netty-codec-http2-4.1.19.Final.jar:/home/travis/build/icyphy/ptII/lib/netty-common-4.1.19.Final.jar:/home/travis/build/icyphy/ptII/lib/netty-handler-4.1.19.Final.jar:/home/travis/build/icyphy/ptII/lib/netty-resolver-4.1.19.Final.jar:/home/travis/build/icyphy/ptII/lib/netty-resolver-dns-4.1.19.Final.jar:/home/travis/build/icyphy/ptII/lib/netty-transport-4.1.19.Final.jar:/home/travis/build/icyphy/ptII/lib/vertx-codegen-3.5.1.jar:/home/travis/build/icyphy/ptII/lib/vertx-core-3.5.2-SNAPSHOT.jar:/home/travis/build/icyphy/ptII/lib/vertx-hazelcast-3.5.1.jar:/home/travis/build/icyphy/ptII/lib/vertx-lang-js-3.5.1.jar:/home/travis/build/icyphy/ptII/lib/vertx-service-proxy-3.5.1.jar:/home/travis/build/icyphy/ptII/lib/vertx-web-3.5.1.jar:/home/travis/build/icyphy/ptII/lib/slf4j-api-1.7.13.jar:/home/travis/build/icyphy/ptII/lib/slf4j-simple-1.7.13.jar:/home/travis/build/icyphy/ptII/lib/webcam-capture-0.3.12.jar:/home/travis/build/icyphy/ptII/lib/bridj-0.7.0.jar:/home/travis/build/icyphy/ptII/lib/xbjlib-1.1.0.nrjavaserial.jar:/home/travis/build/icyphy/ptII/ptolemy/moml/test:/home/travis/build/icyphy/ptII/ant/lib/ant-launcher.jar:/home/travis/build/icyphy/ptII/ant/lib/ant.jar:/home/travis/build/icyphy/ptII/ant/lib/ant-junit.jar:/home/travis/build/icyphy/ptII/ant/lib/ant-junit4.jar" />
    <property name="ant.library.dir" value="/home/travis/build/icyphy/ptII/ant/lib" />
    <property name="os.arch" value="amd64" />
    <property name="env.CONTINUOUS_INTEGRATION" value="true" />
    <property name="env.TRAVIS_LANGUAGE" value="node_js" />
    <property name="env.TRAVIS_STACK_LANGUAGES" value="__sardonyx__ c c++ clojure cplusplus cpp default generic go groovy java node_js php pure_java python ruby scala" />
    <property name="test.name" value="ptolemy.actor.lib.test.junit.JUnitTclTest" />
    <property name="env.APT_KEY_DONT_WARN_ON_DANGEROUS_USAGE" value="1" />
    <property name="sun.java.launcher" value="SUN_STANDARD" />
    <property name="env.PYTHON_CONFIGURE_OPTS" value="--enable-unicode=ucs4 --with-wide-unicode --enable-shared --enable-ipv6 --enable-loadable-sqlite-extensions --with-computed-gotos" />
    <property name="ant.core.lib" value="/home/travis/build/icyphy/ptII/ant/lib/ant.jar" />
    <property name="java.vm.specification.vendor" value="Oracle Corporation" />
    <property name="env.BCVTB_HOME" value="/home/travis/build/icyphy/ptII/lbnl" />
    <property name="file.separator" value="/" />
    <property name="spotbugs.home" value="/home/travis/build/icyphy/ptII/vendors/spotbugs-3.1.1" />
    <property name="java.runtime.version" value="11.0.2+9" />
    <property name="env.ANSI_CLEAR" value="\033[0K" />
    <property name="javafx.verbose" value="true" />
    <property name="env.HAS_JOSH_K_SEAL_OF_APPROVAL" value="true" />
    <property name="env.XDG_RUNTIME_DIR" value="/run/user/2000" />
    <property name="env.TRAVIS_OSX_IMAGE" value="" />
    <property name="env.TRAVIS_JOB_ID" value="688394581" />
    <property name="env.TRAVIS_BRANCH" value="master" />
    <property name="user.country" value="US" />
    <property name="env.CERTI_HOME_TRAVIS" value="/home/travis/pthla/certi-tools" />
    <property name="env.SHELL" value="/bin/bash" />
    <property name="java.maxmemory.large" value="3200m" />
    <property name="model" value="" />
    <property name="env.CASHER_DIR" value="/home/travis/.casher" />
    <property name="env.NVM_CD_FLAGS" value="" />
    <property name="java.vendor.version" value="18.9" />
    <property name="jshint.executable" value="/home/travis/node_modules/jshint/bin/jshint" />
    <property name="env.JRUBY_OPTS" value=" --client -J-XX:+TieredCompilation -J-XX:TieredStopAtLevel=1 -J-Xss2m -Xcompile.invokedynamic=false" />
    <property name="java.vendor" value="Oracle Corporation" />
    <property name="env.TRAVIS_PRE_CHEF_BOOTSTRAP_TIME" value="2019-03-25T16:16:42" />
    <property name="env.TRAVIS_STACK_JOB_BOARD_REGISTER" value="/.job-board-register.yml" />
    <property name="env.ANSI_RED" value="\033[31;1m" />
    <property name="java.specification.version" value="11" />
    <property name="env.IRBRC" value="/home/travis/.rvm/rubies/ruby-2.5.3/.irbrc" />
    <property name="env.TRAVIS" value="true" />
    <property name="sun.arch.data.model" value="64" />
  </properties>
  <testcase classname="ptolemy.util.test.junit.TclTests" name="[0] /home/travis/build/icyphy/ptII/ptolemy/actor/lib/test/AbsoluteValue.tcl (RunTclFile)" time="0.501" />
  <testcase classname="ptolemy.util.test.junit.TclTests" name="[1] /home/travis/build/icyphy/ptII/ptolemy/actor/lib/test/AddSubtract.tcl (RunTclFile)" time="0.165" />
  <testcase classname="ptolemy.util.test.junit.TclTests" name="[2] /home/travis/build/icyphy/ptII/ptolemy/actor/lib/test/Average.tcl (RunTclFile)" time="0.056" />
  <testcase classname="ptolemy.util.test.junit.TclTests" name="[3] /home/travis/build/icyphy/ptII/ptolemy/actor/lib/test/Bernoulli.tcl (RunTclFile)" time="0.029" />
  <testcase classname="ptolemy.util.test.junit.TclTests" name="[4] /home/travis/build/icyphy/ptII/ptolemy/actor/lib/test/Clock.tcl (RunTclFile)" time="0.094" />
  <testcase classname="ptolemy.util.test.junit.TclTests" name="[5] /home/travis/build/icyphy/ptII/ptolemy/actor/lib/test/Commutator.tcl (RunTclFile)" time="0.14" />
  <testcase classname="ptolemy.util.test.junit.TclTests" name="[6] /home/travis/build/icyphy/ptII/ptolemy/actor/lib/test/Const.tcl (RunTclFile)" time="0.061" />
  <testcase classname="ptolemy.util.test.junit.TclTests" name="[7] /home/travis/build/icyphy/ptII/ptolemy/actor/lib/test/CurrentTime.tcl (RunTclFile)" time="0.017" />
  <testcase classname="ptolemy.util.test.junit.TclTests" name="[8] /home/travis/build/icyphy/ptII/ptolemy/actor/lib/test/DB.tcl (RunTclFile)" time="0.017" />
  <testcase classname="ptolemy.util.test.junit.TclTests" name="[9] /home/travis/build/icyphy/ptII/ptolemy/actor/lib/test/DiscreteRandomSource.tcl (RunTclFile)" time="0.021" />
  <testcase classname="ptolemy.util.test.junit.TclTests" name="[10] /home/travis/build/icyphy/ptII/ptolemy/actor/lib/test/Distributor.tcl (RunTclFile)" time="0.065" />
  <testcase classname="ptolemy.util.test.junit.TclTests" name="[11] /home/travis/build/icyphy/ptII/ptolemy/actor/lib/test/Exit.tcl (RunTclFile)" time="0.077" />
  <testcase classname="ptolemy.util.test.junit.TclTests" name="[12] /home/travis/build/icyphy/ptII/ptolemy/actor/lib/test/Expression.tcl (RunTclFile)" time="0.07" />
  <testcase classname="ptolemy.util.test.junit.TclTests" name="[13] /home/travis/build/icyphy/ptII/ptolemy/actor/lib/test/Gaussian.tcl (RunTclFile)" time="0.62" />
  <testcase classname="ptolemy.util.test.junit.TclTests" name="[14] /home/travis/build/icyphy/ptII/ptolemy/actor/lib/test/IIR.tcl (RunTclFile)" time="0.039" />
  <testcase classname="ptolemy.util.test.junit.TclTests" name="[15] /home/travis/build/icyphy/ptII/ptolemy/actor/lib/test/Interpolator.tcl (RunTclFile)" time="0.1" />
  <testcase classname="ptolemy.util.test.junit.TclTests" name="[16] /home/travis/build/icyphy/ptII/ptolemy/actor/lib/test/MathFunction.tcl (RunTclFile)" time="0.038" />
  <testcase classname="ptolemy.util.test.junit.TclTests" name="[17] /home/travis/build/icyphy/ptII/ptolemy/actor/lib/test/Maximum.tcl (RunTclFile)" time="0.039" />
  <testcase classname="ptolemy.util.test.junit.TclTests" name="[18] /home/travis/build/icyphy/ptII/ptolemy/actor/lib/test/Minimum.tcl (RunTclFile)" time="0.033" />
  <testcase classname="ptolemy.util.test.junit.TclTests" name="[19] /home/travis/build/icyphy/ptII/ptolemy/actor/lib/test/MultiplyDivide.tcl (RunTclFile)" time="0.043" />
  <testcase classname="ptolemy.util.test.junit.TclTests" name="[20] /home/travis/build/icyphy/ptII/ptolemy/actor/lib/test/OrderedMerge.tcl (RunTclFile)" time="0.135" />
  <testcase classname="ptolemy.util.test.junit.TclTests" name="[21] /home/travis/build/icyphy/ptII/ptolemy/actor/lib/test/Publisher.tcl (RunTclFile)" time="0.865" />
  <testcase classname="ptolemy.util.test.junit.TclTests" name="[22] /home/travis/build/icyphy/ptII/ptolemy/actor/lib/test/Pulse.tcl (RunTclFile)" time="0.07" />
  <testcase classname="ptolemy.util.test.junit.TclTests" name="[23] /home/travis/build/icyphy/ptII/ptolemy/actor/lib/test/Ramp.tcl (RunTclFile)" time="1.914" />
  <testcase classname="ptolemy.util.test.junit.TclTests" name="[24] /home/travis/build/icyphy/ptII/ptolemy/actor/lib/test/RampContinuous.tcl (RunTclFile)" time="0.018" />
  <testcase classname="ptolemy.util.test.junit.TclTests" name="[25] /home/travis/build/icyphy/ptII/ptolemy/actor/lib/test/RecordAssembler.tcl (RunTclFile)" time="0.013" />
  <testcase classname="ptolemy.util.test.junit.TclTests" name="[26] /home/travis/build/icyphy/ptII/ptolemy/actor/lib/test/RecordDisassembler.tcl (RunTclFile)" time="0.016" />
  <testcase classname="ptolemy.util.test.junit.TclTests" name="[27] /home/travis/build/icyphy/ptII/ptolemy/actor/lib/test/Scale.tcl (RunTclFile)" time="0.014" />
  <testcase classname="ptolemy.util.test.junit.TclTests" name="[28] /home/travis/build/icyphy/ptII/ptolemy/actor/lib/test/SequentialClock.tcl (RunTclFile)" time="0.018" />
  <testcase classname="ptolemy.util.test.junit.TclTests" name="[29] /home/travis/build/icyphy/ptII/ptolemy/actor/lib/test/SetVariable.tcl (RunTclFile)" time="0.014" />
  <testcase classname="ptolemy.util.test.junit.TclTests" name="[30] /home/travis/build/icyphy/ptII/ptolemy/actor/lib/test/Sinewave.tcl (RunTclFile)" time="0.057" />
  <testcase classname="ptolemy.util.test.junit.TclTests" name="[31] /home/travis/build/icyphy/ptII/ptolemy/actor/lib/test/SubscriptionAggregator.tcl (RunTclFile)" time="1.93" />
  <testcase classname="ptolemy.util.test.junit.TclTests" name="[32] /home/travis/build/icyphy/ptII/ptolemy/actor/lib/test/Test.tcl (RunTclFile)" time="0.094" />
  <testcase classname="ptolemy.util.test.junit.TclTests" name="[33] /home/travis/build/icyphy/ptII/ptolemy/actor/lib/test/TestExceptionHandler.tcl (RunTclFile)" time="0.01" />
  <testcase classname="ptolemy.util.test.junit.TclTests" name="[34] /home/travis/build/icyphy/ptII/ptolemy/actor/lib/test/UnionDisassembler.tcl (RunTclFile)" time="0.047" />
  <testcase classname="ptolemy.util.test.junit.TclTests" name="[35] /home/travis/build/icyphy/ptII/ptolemy/actor/lib/test/VariableClock.tcl (RunTclFile)" time="0.016" />
  <testcase classname="ptolemy.util.test.junit.AutoKnownFailedTests" name="[0] /home/travis/build/icyphy/ptII/ptolemy/actor/lib/test/auto/knownFailedTests/PublisherPortToplevelSubscriber.xml (RunModel)" time="0.032" />
  <testcase classname="ptolemy.util.test.junit.AutoKnownFailedTests" name="[1] /home/travis/build/icyphy/ptII/ptolemy/actor/lib/test/auto/knownFailedTests/PublisherSubscriberPortToplevel.xml (RunModel)" time="0.02" />
  <testcase classname="ptolemy.util.test.junit.AutoKnownFailedTests" name="[2] /home/travis/build/icyphy/ptII/ptolemy/actor/lib/test/auto/knownFailedTests/PublisherSubscriptionAggregatorPort.xml (RunModel)" time="0.019" />
  <testcase classname="ptolemy.util.test.junit.AutoKnownFailedTests" name="[3] /home/travis/build/icyphy/ptII/ptolemy/actor/lib/test/auto/knownFailedTests/sizedarray3.xml (RunModel)" time="0.043" />
  <testcase classname="ptolemy.util.test.junit.AutoNameArchTests" name="[0] ThereAreNoAutoArchTests (RunModel)" time="0.001" />
  <testcase classname="ptolemy.util.test.junit.AutoTests" name="[0] /home/travis/build/icyphy/ptII/ptolemy/actor/lib/test/auto/AbsoluteValue.xml (RunModel)" time="0.088" />
  <testcase classname="ptolemy.util.test.junit.AutoTests" name="[1] /home/travis/build/icyphy/ptII/ptolemy/actor/lib/test/auto/AbsoluteValue2.xml (RunModel)" time="0.025" />
  <testcase classname="ptolemy.util.test.junit.AutoTests" name="[2] /home/travis/build/icyphy/ptII/ptolemy/actor/lib/test/auto/Accumulator.xml (RunModel)" time="0.022" />
  <testcase classname="ptolemy.util.test.junit.AutoTests" name="[3] /home/travis/build/icyphy/ptII/ptolemy/actor/lib/test/auto/Accumulator2.xml (RunModel)" time="0.014" />
  <testcase classname="ptolemy.util.test.junit.AutoTests" name="[4] /home/travis/build/icyphy/ptII/ptolemy/actor/lib/test/auto/Accumulator3.xml (RunModel)" time="0.01" />
  <testcase classname="ptolemy.util.test.junit.AutoTests" name="[5] /home/travis/build/icyphy/ptII/ptolemy/actor/lib/test/auto/ArrayAppend.xml (RunModel)" time="0.116" />
  <testcase classname="ptolemy.util.test.junit.AutoTests" name="[6] /home/travis/build/icyphy/ptII/ptolemy/actor/lib/test/auto/ArrayAppend2.xml (RunModel)" time="0.38" />
  <testcase classname="ptolemy.util.test.junit.AutoTests" name="[7] /home/travis/build/icyphy/ptII/ptolemy/actor/lib/test/auto/ArrayAppend3.xml (RunModel)" time="0.035" />
  <testcase classname="ptolemy.util.test.junit.AutoTests" name="[8] /home/travis/build/icyphy/ptII/ptolemy/actor/lib/test/auto/ArrayAppend4.xml (RunModel)" time="0.029" />
  <testcase classname="ptolemy.util.test.junit.AutoTests" name="[9] /home/travis/build/icyphy/ptII/ptolemy/actor/lib/test/auto/ArrayAppend5.xml (RunModel)" time="0.021" />
  <testcase classname="ptolemy.util.test.junit.AutoTests" name="[10] /home/travis/build/icyphy/ptII/ptolemy/actor/lib/test/auto/ArrayAppend6.xml (RunModel)" time="0.019" />
  <testcase classname="ptolemy.util.test.junit.AutoTests" name="[11] /home/travis/build/icyphy/ptII/ptolemy/actor/lib/test/auto/ArrayAppendPerformanceTest.xml (RunModel)" time="0.045" />
  <testcase classname="ptolemy.util.test.junit.AutoTests" name="[12] /home/travis/build/icyphy/ptII/ptolemy/actor/lib/test/auto/ArrayAppendWithEmptyInput.xml (RunModel)" time="0.045" />
  <testcase classname="ptolemy.util.test.junit.AutoTests" name="[13] /home/travis/build/icyphy/ptII/ptolemy/actor/lib/test/auto/ArrayAverage.xml (RunModel)" time="0.053" />
  <testcase classname="ptolemy.util.test.junit.AutoTests" name="[14] /home/travis/build/icyphy/ptII/ptolemy/actor/lib/test/auto/ArrayContains.xml (RunModel)" time="0.027" />
  <testcase classname="ptolemy.util.test.junit.AutoTests" name="[15] /home/travis/build/icyphy/ptII/ptolemy/actor/lib/test/auto/ArrayElement.xml (RunModel)" time="0.029" />
  <testcase classname="ptolemy.util.test.junit.AutoTests" name="[16] /home/travis/build/icyphy/ptII/ptolemy/actor/lib/test/auto/ArrayElementAsMatrix.xml (RunModel)" time="0.075" />
  <testcase classname="ptolemy.util.test.junit.AutoTests" name="[17] /home/travis/build/icyphy/ptII/ptolemy/actor/lib/test/auto/ArrayElementI.xml (RunModel)" time="0.022" />
  <testcase classname="ptolemy.util.test.junit.AutoTests" name="[18] /home/travis/build/icyphy/ptII/ptolemy/actor/lib/test/auto/ArrayExtract.xml (RunModel)" time="0.037" />
  <testcase classname="ptolemy.util.test.junit.AutoTests" name="[19] /home/travis/build/icyphy/ptII/ptolemy/actor/lib/test/auto/ArrayExtract2.xml (RunModel)" time="0.014" />
  <testcase classname="ptolemy.util.test.junit.AutoTests" name="[20] /home/travis/build/icyphy/ptII/ptolemy/actor/lib/test/auto/ArrayLength.xml (RunModel)" time="0.02" />
  <testcase classname="ptolemy.util.test.junit.AutoTests" name="[21] /home/travis/build/icyphy/ptII/ptolemy/actor/lib/test/auto/ArrayLevelCrossing.xml (RunModel)" time="0.024" />
  <testcase classname="ptolemy.util.test.junit.AutoTests" name="[22] /home/travis/build/icyphy/ptII/ptolemy/actor/lib/test/auto/ArrayLevelCrossing2.xml (RunModel)" time="0.021" />
  <testcase classname="ptolemy.util.test.junit.AutoTests" name="[23] /home/travis/build/icyphy/ptII/ptolemy/actor/lib/test/auto/ArrayPeakSearch.xml (RunModel)" time="0.035" />
  <testcase classname="ptolemy.util.test.junit.AutoTests" name="[24] /home/travis/build/icyphy/ptII/ptolemy/actor/lib/test/auto/ArrayPeakSearch2.xml (RunModel)" time="0.027" />
  <testcase classname="ptolemy.util.test.junit.AutoTests" name="[25] /home/travis/build/icyphy/ptII/ptolemy/actor/lib/test/auto/ArrayPeakSearch3.xml (RunModel)" time="0.03" />
  <testcase classname="ptolemy.util.test.junit.AutoTests" name="[26] /home/travis/build/icyphy/ptII/ptolemy/actor/lib/test/auto/ArrayRemoveElement.xml (RunModel)" time="0.025" />
  <testcase classname="ptolemy.util.test.junit.AutoTests" name="[27] /home/travis/build/icyphy/ptII/ptolemy/actor/lib/test/auto/ArraySort.xml (RunModel)" time="0.032" />
  <testcase classname="ptolemy.util.test.junit.AutoTests" name="[28] /home/travis/build/icyphy/ptII/ptolemy/actor/lib/test/auto/ArraySum.xml (RunModel)" time="0.015" />
  <testcase classname="ptolemy.util.test.junit.AutoTests" name="[29] /home/travis/build/icyphy/ptII/ptolemy/actor/lib/test/auto/ArrayToElements.xml (RunModel)" time="0.02" />
  <testcase classname="ptolemy.util.test.junit.AutoTests" name="[30] /home/travis/build/icyphy/ptII/ptolemy/actor/lib/test/auto/ArrayToMatrix.xml (RunModel)" time="0.05" />
  <testcase classname="ptolemy.util.test.junit.AutoTests" name="[31] /home/travis/build/icyphy/ptII/ptolemy/actor/lib/test/auto/ArrayUpdate1.xml (RunModel)" time="0.012" />
  <testcase classname="ptolemy.util.test.junit.AutoTests" name="[32] /home/travis/build/icyphy/ptII/ptolemy/actor/lib/test/auto/ArrayUpdate2.xml (RunModel)" time="0.018" />
  <testcase classname="ptolemy.util.test.junit.AutoTests" name="[33] /home/travis/build/icyphy/ptII/ptolemy/actor/lib/test/auto/ArrayUpdate3.xml (RunModel)" time="0.013" />
  <testcase classname="ptolemy.util.test.junit.AutoTests" name="[34] /home/travis/build/icyphy/ptII/ptolemy/actor/lib/test/auto/Assert1.xml (RunModel)" time="0.021" />
  <testcase classname="ptolemy.util.test.junit.AutoTests" name="[35] /home/travis/build/icyphy/ptII/ptolemy/actor/lib/test/auto/Assert2.xml (RunModel)" time="0.026" />
  <testcase classname="ptolemy.util.test.junit.AutoTests" name="[36] /home/travis/build/icyphy/ptII/ptolemy/actor/lib/test/auto/BooleanMultiplexor.xml (RunModel)" time="0.016" />
  <testcase classname="ptolemy.util.test.junit.AutoTests" name="[37] /home/travis/build/icyphy/ptII/ptolemy/actor/lib/test/auto/BooleanMultiplexor2.xml (RunModel)" time="0.025" />
  <testcase classname="ptolemy.util.test.junit.AutoTests" name="[38] /home/travis/build/icyphy/ptII/ptolemy/actor/lib/test/auto/BooleanMultiplexor3.xml (RunModel)" time="0.014" />
  <testcase classname="ptolemy.util.test.junit.AutoTests" name="[39] /home/travis/build/icyphy/ptII/ptolemy/actor/lib/test/auto/BooleanSelect.xml (RunModel)" time="0.014" />
  <testcase classname="ptolemy.util.test.junit.AutoTests" name="[40] /home/travis/build/icyphy/ptII/ptolemy/actor/lib/test/auto/BooleanSelect2.xml (RunModel)" time="0.015" />
  <testcase classname="ptolemy.util.test.junit.AutoTests" name="[41] /home/travis/build/icyphy/ptII/ptolemy/actor/lib/test/auto/BooleanSwitch.xml (RunModel)" time="0.013" />
  <testcase classname="ptolemy.util.test.junit.AutoTests" name="[42] /home/travis/build/icyphy/ptII/ptolemy/actor/lib/test/auto/BooleanSwitch2.xml (RunModel)" time="0.011" />
  <testcase classname="ptolemy.util.test.junit.AutoTests" name="[43] /home/travis/build/icyphy/ptII/ptolemy/actor/lib/test/auto/BooleanSwitchCloningBugWithClassRelationGroup.xml (RunModel)" time="0.02" />
  <testcase classname="ptolemy.util.test.junit.AutoTests" name="[44] /home/travis/build/icyphy/ptII/ptolemy/actor/lib/test/auto/BusActors.xml (RunModel)" time="0.027" />
  <testcase classname="ptolemy.util.test.junit.AutoTests" name="[45] /home/travis/build/icyphy/ptII/ptolemy/actor/lib/test/auto/ClassWrapper.xml (RunModel)" time="0.018" />
  <testcase classname="ptolemy.util.test.junit.AutoTests" name="[46] /home/travis/build/icyphy/ptII/ptolemy/actor/lib/test/auto/Clock.xml (RunModel)" time="0.007" />
  <testcase classname="ptolemy.util.test.junit.AutoTests" name="[47] /home/travis/build/icyphy/ptII/ptolemy/actor/lib/test/auto/Clock10.xml (RunModel)" time="0.017" />
  <testcase classname="ptolemy.util.test.junit.AutoTests" name="[48] /home/travis/build/icyphy/ptII/ptolemy/actor/lib/test/auto/Clock11.xml (RunModel)" time="0.015" />
  <testcase classname="ptolemy.util.test.junit.AutoTests" name="[49] /home/travis/build/icyphy/ptII/ptolemy/actor/lib/test/auto/Clock12.xml (RunModel)" time="0.015" />
  <testcase classname="ptolemy.util.test.junit.AutoTests" name="[50] /home/travis/build/icyphy/ptII/ptolemy/actor/lib/test/auto/Clock13.xml (RunModel)" time="0.014" />
  <testcase classname="ptolemy.util.test.junit.AutoTests" name="[51] /home/travis/build/icyphy/ptII/ptolemy/actor/lib/test/auto/Clock14.xml (RunModel)" time="0.013" />
  <testcase classname="ptolemy.util.test.junit.AutoTests" name="[52] /home/travis/build/icyphy/ptII/ptolemy/actor/lib/test/auto/Clock15.xml (RunModel)" time="0.01" />
  <testcase classname="ptolemy.util.test.junit.AutoTests" name="[53] /home/travis/build/icyphy/ptII/ptolemy/actor/lib/test/auto/Clock16.xml (RunModel)" time="0.094" />
  <testcase classname="ptolemy.util.test.junit.AutoTests" name="[54] /home/travis/build/icyphy/ptII/ptolemy/actor/lib/test/auto/Clock17.xml (RunModel)" time="0.037" />
  <testcase classname="ptolemy.util.test.junit.AutoTests" name="[55] /home/travis/build/icyphy/ptII/ptolemy/actor/lib/test/auto/Clock18.xml (RunModel)" time="0.042" />
  <testcase classname="ptolemy.util.test.junit.AutoTests" name="[56] /home/travis/build/icyphy/ptII/ptolemy/actor/lib/test/auto/Clock19.xml (RunModel)" time="0.031" />
  <testcase classname="ptolemy.util.test.junit.AutoTests" name="[57] /home/travis/build/icyphy/ptII/ptolemy/actor/lib/test/auto/Clock2.xml (RunModel)" time="0.009" />
  <testcase classname="ptolemy.util.test.junit.AutoTests" name="[58] /home/travis/build/icyphy/ptII/ptolemy/actor/lib/test/auto/Clock20.xml (RunModel)" time="0.016" />
  <testcase classname="ptolemy.util.test.junit.AutoTests" name="[59] /home/travis/build/icyphy/ptII/ptolemy/actor/lib/test/auto/Clock21.xml (RunModel)" time="0.012" />
  <testcase classname="ptolemy.util.test.junit.AutoTests" name="[60] /home/travis/build/icyphy/ptII/ptolemy/actor/lib/test/auto/Clock22.xml (RunModel)" time="0.011" />
  <testcase classname="ptolemy.util.test.junit.AutoTests" name="[61] /home/travis/build/icyphy/ptII/ptolemy/actor/lib/test/auto/Clock23.xml (RunModel)" time="0.044" />
  <testcase classname="ptolemy.util.test.junit.AutoTests" name="[62] /home/travis/build/icyphy/ptII/ptolemy/actor/lib/test/auto/Clock24.xml (RunModel)" time="0.013" />
  <testcase classname="ptolemy.util.test.junit.AutoTests" name="[63] /home/travis/build/icyphy/ptII/ptolemy/actor/lib/test/auto/Clock4.xml (RunModel)" time="0.018" />
  <testcase classname="ptolemy.util.test.junit.AutoTests" name="[64] /home/travis/build/icyphy/ptII/ptolemy/actor/lib/test/auto/Clock5.xml (RunModel)" time="0.017" />
  <testcase classname="ptolemy.util.test.junit.AutoTests" name="[65] /home/travis/build/icyphy/ptII/ptolemy/actor/lib/test/auto/Clock6.xml (RunModel)" time="0.008" />
  <testcase classname="ptolemy.util.test.junit.AutoTests" name="[66] /home/travis/build/icyphy/ptII/ptolemy/actor/lib/test/auto/Clock7.xml (RunModel)" time="0.009" />
  <testcase classname="ptolemy.util.test.junit.AutoTests" name="[67] /home/travis/build/icyphy/ptII/ptolemy/actor/lib/test/auto/Clock8.xml (RunModel)" time="0.011" />
  <testcase classname="ptolemy.util.test.junit.AutoTests" name="[68] /home/travis/build/icyphy/ptII/ptolemy/actor/lib/test/auto/Clock9.xml (RunModel)" time="0.011" />
  <testcase classname="ptolemy.util.test.junit.AutoTests" name="[69] /home/travis/build/icyphy/ptII/ptolemy/actor/lib/test/auto/CommDistDiscard.xml (RunModel)" time="0.02" />
  <testcase classname="ptolemy.util.test.junit.AutoTests" name="[70] /home/travis/build/icyphy/ptII/ptolemy/actor/lib/test/auto/Commutator.xml (RunModel)" time="0.013" />
  <testcase classname="ptolemy.util.test.junit.AutoTests" name="[71] /home/travis/build/icyphy/ptII/ptolemy/actor/lib/test/auto/Commutator2.xml (RunModel)" time="0.009" />
  <testcase classname="ptolemy.util.test.junit.AutoTests" name="[72] /home/travis/build/icyphy/ptII/ptolemy/actor/lib/test/auto/Commutator3.xml (RunModel)" time="0.011" />
  <testcase classname="ptolemy.util.test.junit.AutoTests" name="[73] /home/travis/build/icyphy/ptII/ptolemy/actor/lib/test/auto/Compare.xml (RunModel)" time="0.017" />
  <testcase classname="ptolemy.util.test.junit.AutoTests" name="[74] /home/travis/build/icyphy/ptII/ptolemy/actor/lib/test/auto/CompareDE.xml (RunModel)" time="0.016" />
  <testcase classname="ptolemy.util.test.junit.AutoTests" name="[75] /home/travis/build/icyphy/ptII/ptolemy/actor/lib/test/auto/ComplexDivide.xml (RunModel)" time="0.008" />
  <testcase classname="ptolemy.util.test.junit.AutoTests" name="[76] /home/travis/build/icyphy/ptII/ptolemy/actor/lib/test/auto/ComputeHistogram.xml (RunModel)" time="0.067" />
  <testcase classname="ptolemy.util.test.junit.AutoTests" name="[77] /home/travis/build/icyphy/ptII/ptolemy/actor/lib/test/auto/ConfigurationSelect.xml (RunModel)" time="0.02" />
  <testcase classname="ptolemy.util.test.junit.AutoTests" name="[78] /home/travis/build/icyphy/ptII/ptolemy/actor/lib/test/auto/ConfigurationSelect2.xml (RunModel)" time="0.014" />
  <testcase classname="ptolemy.util.test.junit.AutoTests" name="[79] /home/travis/build/icyphy/ptII/ptolemy/actor/lib/test/auto/ConfigurationSwitch.xml (RunModel)" time="0.02" />
  <testcase classname="ptolemy.util.test.junit.AutoTests" name="[80] /home/travis/build/icyphy/ptII/ptolemy/actor/lib/test/auto/ConfigurationSwitch2.xml (RunModel)" time="0.021" />
  <testcase classname="ptolemy.util.test.junit.AutoTests" name="[81] /home/travis/build/icyphy/ptII/ptolemy/actor/lib/test/auto/ConfigurationSwitchCloningBugWithClassRelationGroup.xml (RunModel)" time="0.018" />
  <testcase classname="ptolemy.util.test.junit.AutoTests" name="[82] /home/travis/build/icyphy/ptII/ptolemy/actor/lib/test/auto/ConfigurationSwitchSelectSDF.xml (RunModel)" time="0.015" />
  <testcase classname="ptolemy.util.test.junit.AutoTests" name="[83] /home/travis/build/icyphy/ptII/ptolemy/actor/lib/test/auto/ConfigurationSwitchSelectSDF2.xml (RunModel)" time="0.017" />
  <testcase classname="ptolemy.util.test.junit.AutoTests" name="[84] /home/travis/build/icyphy/ptII/ptolemy/actor/lib/test/auto/Const.xml (RunModel)" time="0.01" />
  <testcase classname="ptolemy.util.test.junit.AutoTests" name="[85] /home/travis/build/icyphy/ptII/ptolemy/actor/lib/test/auto/Const2.xml (RunModel)" time="0.01" />
  <testcase classname="ptolemy.util.test.junit.AutoTests" name="[86] /home/travis/build/icyphy/ptII/ptolemy/actor/lib/test/auto/Const3.xml (RunModel)" time="0.005" />
  <testcase classname="ptolemy.util.test.junit.AutoTests" name="[87] /home/travis/build/icyphy/ptII/ptolemy/actor/lib/test/auto/ConstantPublisherPort1.xml (RunModel)" time="0.023" />
  <testcase classname="ptolemy.util.test.junit.AutoTests" name="[88] /home/travis/build/icyphy/ptII/ptolemy/actor/lib/test/auto/ConstantPublisherPort2.xml (RunModel)" time="0.023" />
  <testcase classname="ptolemy.util.test.junit.AutoTests" name="[89] /home/travis/build/icyphy/ptII/ptolemy/actor/lib/test/auto/ConstantPublisherPort3.xml (RunModel)" time="0.02" />
  <testcase classname="ptolemy.util.test.junit.AutoTests" name="[90] /home/travis/build/icyphy/ptII/ptolemy/actor/lib/test/auto/ConstantPublisherPort4.xml (RunModel)" time="0.017" />
  <testcase classname="ptolemy.util.test.junit.AutoTests" name="[91] /home/travis/build/icyphy/ptII/ptolemy/actor/lib/test/auto/ConstantPublisherPort5.xml (RunModel)" time="0.039" />
  <testcase classname="ptolemy.util.test.junit.AutoTests" name="[92] /home/travis/build/icyphy/ptII/ptolemy/actor/lib/test/auto/ConstantPublisherPort6.xml (RunModel)" time="0.025" />
  <testcase classname="ptolemy.util.test.junit.AutoTests" name="[93] /home/travis/build/icyphy/ptII/ptolemy/actor/lib/test/auto/ConstantPublisherPort7.xml (RunModel)" time="0.031" />
  <testcase classname="ptolemy.util.test.junit.AutoTests" name="[94] /home/travis/build/icyphy/ptII/ptolemy/actor/lib/test/auto/ConstraintMonitor1.xml (RunModel)" time="0.036" />
  <testcase classname="ptolemy.util.test.junit.AutoTests" name="[95] /home/travis/build/icyphy/ptII/ptolemy/actor/lib/test/auto/ConstraintMonitor2.xml (RunModel)" time="0.014" />
  <testcase classname="ptolemy.util.test.junit.AutoTests" name="[96] /home/travis/build/icyphy/ptII/ptolemy/actor/lib/test/auto/ConstraintMonitor3.xml (RunModel)" time="0.012" />
  <testcase classname="ptolemy.util.test.junit.AutoTests" name="[97] /home/travis/build/icyphy/ptII/ptolemy/actor/lib/test/auto/ConstraintMonitor4.xml (RunModel)" time="0.009" />
  <testcase classname="ptolemy.util.test.junit.AutoTests" name="[98] /home/travis/build/icyphy/ptII/ptolemy/actor/lib/test/auto/ConstraintMonitor5.xml (RunModel)" time="0.058" />
  <testcase classname="ptolemy.util.test.junit.AutoTests" name="[99] /home/travis/build/icyphy/ptII/ptolemy/actor/lib/test/auto/ConstraintMonitor6.xml (RunModel)" time="0.011" />
  <testcase classname="ptolemy.util.test.junit.AutoTests" name="[100] /home/travis/build/icyphy/ptII/ptolemy/actor/lib/test/auto/ConstraintMonitor7.xml (RunModel)" time="0.011" />
  <testcase classname="ptolemy.util.test.junit.AutoTests" name="[101] /home/travis/build/icyphy/ptII/ptolemy/actor/lib/test/auto/ConstraintMonitor8.xml (RunModel)" time="0.015" />
  <testcase classname="ptolemy.util.test.junit.AutoTests" name="[102] /home/travis/build/icyphy/ptII/ptolemy/actor/lib/test/auto/Counter.xml (RunModel)" time="0.009" />
  <testcase classname="ptolemy.util.test.junit.AutoTests" name="[103] /home/travis/build/icyphy/ptII/ptolemy/actor/lib/test/auto/CurrentTimeSDF.xml (RunModel)" time="0.006" />
  <testcase classname="ptolemy.util.test.junit.AutoTests" name="[104] /home/travis/build/icyphy/ptII/ptolemy/actor/lib/test/auto/DB.xml (RunModel)" time="0.009" />
  <testcase classname="ptolemy.util.test.junit.AutoTests" name="[105] /home/travis/build/icyphy/ptII/ptolemy/actor/lib/test/auto/DBDE.xml (RunModel)" time="0.011" />
  <testcase classname="ptolemy.util.test.junit.AutoTests" name="[106] /home/travis/build/icyphy/ptII/ptolemy/actor/lib/test/auto/DateConstructor.xml (RunModel)" time="0.057" />
  <testcase classname="ptolemy.util.test.junit.AutoTests" name="[107] /home/travis/build/icyphy/ptII/ptolemy/actor/lib/test/auto/DelayTime.xml (RunModel)" time="0.016" />
  <testcase classname="ptolemy.util.test.junit.AutoTests" name="[108] /home/travis/build/icyphy/ptII/ptolemy/actor/lib/test/auto/Dictionary1.xml (RunModel)" time="0.021" />
  <testcase classname="ptolemy.util.test.junit.AutoTests" name="[109] /home/travis/build/icyphy/ptII/ptolemy/actor/lib/test/auto/Dictionary2.xml (RunModel)" time="0.016" />
  <testcase classname="ptolemy.util.test.junit.AutoTests" name="[110] /home/travis/build/icyphy/ptII/ptolemy/actor/lib/test/auto/Dictionary3.xml (RunModel)" time="0.01" />
  <testcase classname="ptolemy.util.test.junit.AutoTests" name="[111] /home/travis/build/icyphy/ptII/ptolemy/actor/lib/test/auto/Dictionary4.xml (RunModel)" time="0.016" />
  <testcase classname="ptolemy.util.test.junit.AutoTests" name="[112] /home/travis/build/icyphy/ptII/ptolemy/actor/lib/test/auto/Differential.xml (RunModel)" time="0.009" />
  <testcase classname="ptolemy.util.test.junit.AutoTests" name="[113] /home/travis/build/icyphy/ptII/ptolemy/actor/lib/test/auto/Director.xml (RunModel)" time="0.008" />
  <testcase classname="ptolemy.util.test.junit.AutoTests" name="[114] /home/travis/build/icyphy/ptII/ptolemy/actor/lib/test/auto/DiscreteClock.xml (RunModel)" time="0.006" />
  <testcase classname="ptolemy.util.test.junit.AutoTests" name="[115] /home/travis/build/icyphy/ptII/ptolemy/actor/lib/test/auto/DiscreteClock10.xml (RunModel)" time="0.01" />
  <testcase classname="ptolemy.util.test.junit.AutoTests" name="[116] /home/travis/build/icyphy/ptII/ptolemy/actor/lib/test/auto/DiscreteClock11.xml (RunModel)" time="0.01" />
  <testcase classname="ptolemy.util.test.junit.AutoTests" name="[117] /home/travis/build/icyphy/ptII/ptolemy/actor/lib/test/auto/DiscreteClock12.xml (RunModel)" time="0.01" />
  <testcase classname="ptolemy.util.test.junit.AutoTests" name="[118] /home/travis/build/icyphy/ptII/ptolemy/actor/lib/test/auto/DiscreteClock13.xml (RunModel)" time="0.013" />
  <testcase classname="ptolemy.util.test.junit.AutoTests" name="[119] /home/travis/build/icyphy/ptII/ptolemy/actor/lib/test/auto/DiscreteClock14.xml (RunModel)" time="0.011" />
  <testcase classname="ptolemy.util.test.junit.AutoTests" name="[120] /home/travis/build/icyphy/ptII/ptolemy/actor/lib/test/auto/DiscreteClock15.xml (RunModel)" time="0.011" />
  <testcase classname="ptolemy.util.test.junit.AutoTests" name="[121] /home/travis/build/icyphy/ptII/ptolemy/actor/lib/test/auto/DiscreteClock16.xml (RunModel)" time="0.037" />
  <testcase classname="ptolemy.util.test.junit.AutoTests" name="[122] /home/travis/build/icyphy/ptII/ptolemy/actor/lib/test/auto/DiscreteClock17.xml (RunModel)" time="0.035" />
  <testcase classname="ptolemy.util.test.junit.AutoTests" name="[123] /home/travis/build/icyphy/ptII/ptolemy/actor/lib/test/auto/DiscreteClock18.xml (RunModel)" time="0.041" />
  <testcase classname="ptolemy.util.test.junit.AutoTests" name="[124] /home/travis/build/icyphy/ptII/ptolemy/actor/lib/test/auto/DiscreteClock19.xml (RunModel)" time="0.042" />
  <testcase classname="ptolemy.util.test.junit.AutoTests" name="[125] /home/travis/build/icyphy/ptII/ptolemy/actor/lib/test/auto/DiscreteClock2.xml (RunModel)" time="0.011" />
  <testcase classname="ptolemy.util.test.junit.AutoTests" name="[126] /home/travis/build/icyphy/ptII/ptolemy/actor/lib/test/auto/DiscreteClock20.xml (RunModel)" time="0.016" />
  <testcase classname="ptolemy.util.test.junit.AutoTests" name="[127] /home/travis/build/icyphy/ptII/ptolemy/actor/lib/test/auto/DiscreteClock21.xml (RunModel)" time="0.015" />
  <testcase classname="ptolemy.util.test.junit.AutoTests" name="[128] /home/travis/build/icyphy/ptII/ptolemy/actor/lib/test/auto/DiscreteClock22.xml (RunModel)" time="0.01" />
  <testcase classname="ptolemy.util.test.junit.AutoTests" name="[129] /home/travis/build/icyphy/ptII/ptolemy/actor/lib/test/auto/DiscreteClock23.xml (RunModel)" time="0.017" />
  <testcase classname="ptolemy.util.test.junit.AutoTests" name="[130] /home/travis/build/icyphy/ptII/ptolemy/actor/lib/test/auto/DiscreteClock24.xml (RunModel)" time="0.011" />
  <testcase classname="ptolemy.util.test.junit.AutoTests" name="[131] /home/travis/build/icyphy/ptII/ptolemy/actor/lib/test/auto/DiscreteClock4.xml (RunModel)" time="0.009" />
  <testcase classname="ptolemy.util.test.junit.AutoTests" name="[132] /home/travis/build/icyphy/ptII/ptolemy/actor/lib/test/auto/DiscreteClock5.xml (RunModel)" time="0.009" />
  <testcase classname="ptolemy.util.test.junit.AutoTests" name="[133] /home/travis/build/icyphy/ptII/ptolemy/actor/lib/test/auto/DiscreteClock6.xml (RunModel)" time="0.008" />
  <testcase classname="ptolemy.util.test.junit.AutoTests" name="[134] /home/travis/build/icyphy/ptII/ptolemy/actor/lib/test/auto/DiscreteClock7.xml (RunModel)" time="0.009" />
  <testcase classname="ptolemy.util.test.junit.AutoTests" name="[135] /home/travis/build/icyphy/ptII/ptolemy/actor/lib/test/auto/DiscreteClock8.xml (RunModel)" time="0.02" />
  <testcase classname="ptolemy.util.test.junit.AutoTests" name="[136] /home/travis/build/icyphy/ptII/ptolemy/actor/lib/test/auto/DiscreteClock9.xml (RunModel)" time="0.01" />
  <testcase classname="ptolemy.util.test.junit.AutoTests" name="[137] /home/travis/build/icyphy/ptII/ptolemy/actor/lib/test/auto/DisplayArray.xml (RunModel)" time="0.006" />
  <testcase classname="ptolemy.util.test.junit.AutoTests" name="[138] /home/travis/build/icyphy/ptII/ptolemy/actor/lib/test/auto/Distributor.xml (RunModel)" time="0.008" />
  <testcase classname="ptolemy.util.test.junit.AutoTests" name="[139] /home/travis/build/icyphy/ptII/ptolemy/actor/lib/test/auto/Distributor2.xml (RunModel)" time="0.012" />
  <testcase classname="ptolemy.util.test.junit.AutoTests" name="[140] /home/travis/build/icyphy/ptII/ptolemy/actor/lib/test/auto/DownSample.xml (RunModel)" time="0.007" />
  <testcase classname="ptolemy.util.test.junit.AutoTests" name="[141] /home/travis/build/icyphy/ptII/ptolemy/actor/lib/test/auto/ElectronicUnitBase1.xml (RunModel)" time="0.049" />
  <testcase classname="ptolemy.util.test.junit.AutoTests" name="[142] /home/travis/build/icyphy/ptII/ptolemy/actor/lib/test/auto/ElementsToArray.xml (RunModel)" time="0.01" />
  <testcase classname="ptolemy.util.test.junit.AutoTests" name="[143] /home/travis/build/icyphy/ptII/ptolemy/actor/lib/test/auto/Equals.xml (RunModel)" time="0.012" />
  <testcase classname="ptolemy.util.test.junit.AutoTests" name="[144] /home/travis/build/icyphy/ptII/ptolemy/actor/lib/test/auto/Exec.xml (RunModel)" time="0.024" />
  <testcase classname="ptolemy.util.test.junit.AutoTests" name="[145] /home/travis/build/icyphy/ptII/ptolemy/actor/lib/test/auto/ExecEnvironment.xml (RunModel)" time="0.036" />
  <testcase classname="ptolemy.util.test.junit.AutoTests" name="[146] /home/travis/build/icyphy/ptII/ptolemy/actor/lib/test/auto/ExecNonZeroReturnOutput.xml (RunModel)" time="0.177" />
  <testcase classname="ptolemy.util.test.junit.AutoTests" name="[147] /home/travis/build/icyphy/ptII/ptolemy/actor/lib/test/auto/ExecRunDemos.xml (RunModel)" time="10.013" />
  <testcase classname="ptolemy.util.test.junit.AutoTests" name="[148] /home/travis/build/icyphy/ptII/ptolemy/actor/lib/test/auto/ExecStop.xml (RunModel)" time="5.026" />
  <testcase classname="ptolemy.util.test.junit.AutoTests" name="[149] /home/travis/build/icyphy/ptII/ptolemy/actor/lib/test/auto/ExecutionTimeSDF.xml (RunModel)" time="6.028" />
  <testcase classname="ptolemy.util.test.junit.AutoTests" name="[150] /home/travis/build/icyphy/ptII/ptolemy/actor/lib/test/auto/Expression1.xml (RunModel)" time="0.007" />
  <testcase classname="ptolemy.util.test.junit.AutoTests" name="[151] /home/travis/build/icyphy/ptII/ptolemy/actor/lib/test/auto/Expression10.xml (RunModel)" time="0.012" />
  <testcase classname="ptolemy.util.test.junit.AutoTests" name="[152] /home/travis/build/icyphy/ptII/ptolemy/actor/lib/test/auto/Expression11.xml (RunModel)" time="0.024" />
  <testcase classname="ptolemy.util.test.junit.AutoTests" name="[153] /home/travis/build/icyphy/ptII/ptolemy/actor/lib/test/auto/Expression12.xml (RunModel)" time="0.013" />
  <testcase classname="ptolemy.util.test.junit.AutoTests" name="[154] /home/travis/build/icyphy/ptII/ptolemy/actor/lib/test/auto/Expression13.xml (RunModel)" time="0.009" />
  <testcase classname="ptolemy.util.test.junit.AutoTests" name="[155] /home/travis/build/icyphy/ptII/ptolemy/actor/lib/test/auto/Expression14.xml (RunModel)" time="0.015" />
  <testcase classname="ptolemy.util.test.junit.AutoTests" name="[156] /home/travis/build/icyphy/ptII/ptolemy/actor/lib/test/auto/Expression15.xml (RunModel)" time="0.005" />
  <testcase classname="ptolemy.util.test.junit.AutoTests" name="[157] /home/travis/build/icyphy/ptII/ptolemy/actor/lib/test/auto/Expression16.xml (RunModel)" time="0.013" />
  <testcase classname="ptolemy.util.test.junit.AutoTests" name="[158] /home/travis/build/icyphy/ptII/ptolemy/actor/lib/test/auto/Expression17.xml (RunModel)" time="0.008" />
  <testcase classname="ptolemy.util.test.junit.AutoTests" name="[159] /home/travis/build/icyphy/ptII/ptolemy/actor/lib/test/auto/Expression18.xml (RunModel)" time="0.01" />
  <testcase classname="ptolemy.util.test.junit.AutoTests" name="[160] /home/travis/build/icyphy/ptII/ptolemy/actor/lib/test/auto/Expression2.xml (RunModel)" time="0.009" />
  <testcase classname="ptolemy.util.test.junit.AutoTests" name="[161] /home/travis/build/icyphy/ptII/ptolemy/actor/lib/test/auto/Expression3.xml (RunModel)" time="0.01" />
  <testcase classname="ptolemy.util.test.junit.AutoTests" name="[162] /home/travis/build/icyphy/ptII/ptolemy/actor/lib/test/auto/Expression4.xml (RunModel)" time="0.013" />
  <testcase classname="ptolemy.util.test.junit.AutoTests" name="[163] /home/travis/build/icyphy/ptII/ptolemy/actor/lib/test/auto/Expression5.xml (RunModel)" time="0.011" />
  <testcase classname="ptolemy.util.test.junit.AutoTests" name="[164] /home/travis/build/icyphy/ptII/ptolemy/actor/lib/test/auto/Expression6.xml (RunModel)" time="0.007" />
  <testcase classname="ptolemy.util.test.junit.AutoTests" name="[165] /home/travis/build/icyphy/ptII/ptolemy/actor/lib/test/auto/Expression7.xml (RunModel)" time="0.034" />
  <testcase classname="ptolemy.util.test.junit.AutoTests" name="[166] /home/travis/build/icyphy/ptII/ptolemy/actor/lib/test/auto/Expression8.xml (RunModel)" time="0.013" />
  <testcase classname="ptolemy.util.test.junit.AutoTests" name="[167] /home/travis/build/icyphy/ptII/ptolemy/actor/lib/test/auto/Expression9.xml (RunModel)" time="0.006" />
  <testcase classname="ptolemy.util.test.junit.AutoTests" name="[168] /home/travis/build/icyphy/ptII/ptolemy/actor/lib/test/auto/ExpressionConcatenateArrayType.xml (RunModel)" time="0.024" />
  <testcase classname="ptolemy.util.test.junit.AutoTests" name="[169] /home/travis/build/icyphy/ptII/ptolemy/actor/lib/test/auto/ExpressionConcatenateArrayType2.xml (RunModel)" time="0.017" />
  <testcase classname="ptolemy.util.test.junit.AutoTests" name="[170] /home/travis/build/icyphy/ptII/ptolemy/actor/lib/test/auto/ExpressionFix.xml (RunModel)" time="0.036" />
  <testcase classname="ptolemy.util.test.junit.AutoTests" name="[171] /home/travis/build/icyphy/ptII/ptolemy/actor/lib/test/auto/ExpressionFix2.xml (RunModel)" time="0.012" />
  <testcase classname="ptolemy.util.test.junit.AutoTests" name="[172] /home/travis/build/icyphy/ptII/ptolemy/actor/lib/test/auto/ExpressionFix3.xml (RunModel)" time="0.01" />
  <testcase classname="ptolemy.util.test.junit.AutoTests" name="[173] /home/travis/build/icyphy/ptII/ptolemy/actor/lib/test/auto/FileWriter1.xml (RunModel)" time="0.007" />
  <testcase classname="ptolemy.util.test.junit.AutoTests" name="[174] /home/travis/build/icyphy/ptII/ptolemy/actor/lib/test/auto/FileWriter2.xml (RunModel)" time="0.011" />
  <testcase classname="ptolemy.util.test.junit.AutoTests" name="[175] /home/travis/build/icyphy/ptII/ptolemy/actor/lib/test/auto/FileWriter3.xml (RunModel)" time="0.011" />
  <testcase classname="ptolemy.util.test.junit.AutoTests" name="[176] /home/travis/build/icyphy/ptII/ptolemy/actor/lib/test/auto/Gaussian.xml (RunModel)" time="0.01" />
  <testcase classname="ptolemy.util.test.junit.AutoTests" name="[177] /home/travis/build/icyphy/ptII/ptolemy/actor/lib/test/auto/Gaussian1.xml (RunModel)" time="0.01" />
  <testcase classname="ptolemy.util.test.junit.AutoTests" name="[178] /home/travis/build/icyphy/ptII/ptolemy/actor/lib/test/auto/Gaussian2.xml (RunModel)" time="0.02" />
  <testcase classname="ptolemy.util.test.junit.AutoTests" name="[179] /home/travis/build/icyphy/ptII/ptolemy/actor/lib/test/auto/GradientAdaptiveLattice.xml (RunModel)" time="0.014" />
  <testcase classname="ptolemy.util.test.junit.AutoTests" name="[180] /home/travis/build/icyphy/ptII/ptolemy/actor/lib/test/auto/IIR.xml (RunModel)" time="0.008" />
  <testcase classname="ptolemy.util.test.junit.AutoTests" name="[181] /home/travis/build/icyphy/ptII/ptolemy/actor/lib/test/auto/InputOutputTransparentPorts.xml (RunModel)" time="0.014" />
  <testcase classname="ptolemy.util.test.junit.AutoTests" name="[182] /home/travis/build/icyphy/ptII/ptolemy/actor/lib/test/auto/Interpolator.xml (RunModel)" time="0.008" />
  <testcase classname="ptolemy.util.test.junit.AutoTests" name="[183] /home/travis/build/icyphy/ptII/ptolemy/actor/lib/test/auto/InterpolatorFiringLimitDE.xml (RunModel)" time="0.012" />
  <testcase classname="ptolemy.util.test.junit.AutoTests" name="[184] /home/travis/build/icyphy/ptII/ptolemy/actor/lib/test/auto/Lattice.xml (RunModel)" time="0.006" />
  <testcase classname="ptolemy.util.test.junit.AutoTests" name="[185] /home/travis/build/icyphy/ptII/ptolemy/actor/lib/test/auto/LazyAOCTestLazy.xml (RunModel)" time="0.029" />
  <testcase classname="ptolemy.util.test.junit.AutoTests" name="[186] /home/travis/build/icyphy/ptII/ptolemy/actor/lib/test/auto/LazyAOCTestNonLazy.xml (RunModel)" time="0.045" />
  <testcase classname="ptolemy.util.test.junit.AutoTests" name="[187] /home/travis/build/icyphy/ptII/ptolemy/actor/lib/test/auto/LazyInnerClass.xml (RunModel)" time="0.047" />
  <testcase classname="ptolemy.util.test.junit.AutoTests" name="[188] /home/travis/build/icyphy/ptII/ptolemy/actor/lib/test/auto/LazyPubSub.xml (RunModel)" time="0.051" />
  <testcase classname="ptolemy.util.test.junit.AutoTests" name="[189] /home/travis/build/icyphy/ptII/ptolemy/actor/lib/test/auto/LazyPubSub2.xml (RunModel)" time="0.032" />
  <testcase classname="ptolemy.util.test.junit.AutoTests" name="[190] /home/travis/build/icyphy/ptII/ptolemy/actor/lib/test/auto/LazyPubSub3.xml (RunModel)" time="0.026" />
  <testcase classname="ptolemy.util.test.junit.AutoTests" name="[191] /home/travis/build/icyphy/ptII/ptolemy/actor/lib/test/auto/LazySubClassModel.xml (RunModel)" time="0.02" />
  <testcase classname="ptolemy.util.test.junit.AutoTests" name="[192] /home/travis/build/icyphy/ptII/ptolemy/actor/lib/test/auto/LevelCrossTest1.xml (RunModel)" time="0.01" />
  <testcase classname="ptolemy.util.test.junit.AutoTests" name="[193] /home/travis/build/icyphy/ptII/ptolemy/actor/lib/test/auto/LevelCrossTest10.xml (RunModel)" time="0.013" />
  <testcase classname="ptolemy.util.test.junit.AutoTests" name="[194] /home/travis/build/icyphy/ptII/ptolemy/actor/lib/test/auto/LevelCrossTest11.xml (RunModel)" time="0.011" />
  <testcase classname="ptolemy.util.test.junit.AutoTests" name="[195] /home/travis/build/icyphy/ptII/ptolemy/actor/lib/test/auto/LevelCrossTest12.xml (RunModel)" time="0.013" />
  <testcase classname="ptolemy.util.test.junit.AutoTests" name="[196] /home/travis/build/icyphy/ptII/ptolemy/actor/lib/test/auto/LevelCrossTest13.xml (RunModel)" time="0.013" />
  <testcase classname="ptolemy.util.test.junit.AutoTests" name="[197] /home/travis/build/icyphy/ptII/ptolemy/actor/lib/test/auto/LevelCrossTest2.xml (RunModel)" time="0.009" />
  <testcase classname="ptolemy.util.test.junit.AutoTests" name="[198] /home/travis/build/icyphy/ptII/ptolemy/actor/lib/test/auto/LevelCrossTest3.xml (RunModel)" time="0.01" />
  <testcase classname="ptolemy.util.test.junit.AutoTests" name="[199] /home/travis/build/icyphy/ptII/ptolemy/actor/lib/test/auto/LevelCrossTest4.xml (RunModel)" time="0.008" />
  <testcase classname="ptolemy.util.test.junit.AutoTests" name="[200] /home/travis/build/icyphy/ptII/ptolemy/actor/lib/test/auto/LevelCrossTest5.xml (RunModel)" time="0.011" />
  <testcase classname="ptolemy.util.test.junit.AutoTests" name="[201] /home/travis/build/icyphy/ptII/ptolemy/actor/lib/test/auto/LevelCrossTest6.xml (RunModel)" time="0.011" />
  <testcase classname="ptolemy.util.test.junit.AutoTests" name="[202] /home/travis/build/icyphy/ptII/ptolemy/actor/lib/test/auto/LevelCrossTest7.xml (RunModel)" time="0.013" />
  <testcase classname="ptolemy.util.test.junit.AutoTests" name="[203] /home/travis/build/icyphy/ptII/ptolemy/actor/lib/test/auto/LevelCrossTest8.xml (RunModel)" time="0.013" />
  <testcase classname="ptolemy.util.test.junit.AutoTests" name="[204] /home/travis/build/icyphy/ptII/ptolemy/actor/lib/test/auto/LevelCrossTest9.xml (RunModel)" time="0.016" />
  <testcase classname="ptolemy.util.test.junit.AutoTests" name="[205] /home/travis/build/icyphy/ptII/ptolemy/actor/lib/test/auto/LevinsonDurbin.xml (RunModel)" time="0.008" />
  <testcase classname="ptolemy.util.test.junit.AutoTests" name="[206] /home/travis/build/icyphy/ptII/ptolemy/actor/lib/test/auto/LevinsonDurbin2.xml (RunModel)" time="0.008" />
  <testcase classname="ptolemy.util.test.junit.AutoTests" name="[207] /home/travis/build/icyphy/ptII/ptolemy/actor/lib/test/auto/LevinsonDurbin3.xml (RunModel)" time="0.009" />
  <testcase classname="ptolemy.util.test.junit.AutoTests" name="[208] /home/travis/build/icyphy/ptII/ptolemy/actor/lib/test/auto/Limiter.xml (RunModel)" time="0.041" />
  <testcase classname="ptolemy.util.test.junit.AutoTests" name="[209] /home/travis/build/icyphy/ptII/ptolemy/actor/lib/test/auto/LinearDifferenceEquationSystem.xml (RunModel)" time="0.021" />
  <testcase classname="ptolemy.util.test.junit.AutoTests" name="[210] /home/travis/build/icyphy/ptII/ptolemy/actor/lib/test/auto/LookupTable.xml (RunModel)" time="0.009" />
  <testcase classname="ptolemy.util.test.junit.AutoTests" name="[211] /home/travis/build/icyphy/ptII/ptolemy/actor/lib/test/auto/MathFunction.xml (RunModel)" time="0.022" />
  <testcase classname="ptolemy.util.test.junit.AutoTests" name="[212] /home/travis/build/icyphy/ptII/ptolemy/actor/lib/test/auto/MathFunction2.xml (RunModel)" time="0.046" />
  <testcase classname="ptolemy.util.test.junit.AutoTests" name="[213] /home/travis/build/icyphy/ptII/ptolemy/actor/lib/test/auto/MathFunction3.xml (RunModel)" time="0.027" />
  <testcase classname="ptolemy.util.test.junit.AutoTests" name="[214] /home/travis/build/icyphy/ptII/ptolemy/actor/lib/test/auto/MatrixCropBoolean.xml (RunModel)" time="0.009" />
  <testcase classname="ptolemy.util.test.junit.AutoTests" name="[215] /home/travis/build/icyphy/ptII/ptolemy/actor/lib/test/auto/MatrixCropComplex.xml (RunModel)" time="0.007" />
  <testcase classname="ptolemy.util.test.junit.AutoTests" name="[216] /home/travis/build/icyphy/ptII/ptolemy/actor/lib/test/auto/MatrixCropDouble.xml (RunModel)" time="0.008" />
  <testcase classname="ptolemy.util.test.junit.AutoTests" name="[217] /home/travis/build/icyphy/ptII/ptolemy/actor/lib/test/auto/MatrixCropFix.xml (RunModel)" time="0.01" />
  <testcase classname="ptolemy.util.test.junit.AutoTests" name="[218] /home/travis/build/icyphy/ptII/ptolemy/actor/lib/test/auto/MatrixCropInt.xml (RunModel)" time="0.008" />
  <testcase classname="ptolemy.util.test.junit.AutoTests" name="[219] /home/travis/build/icyphy/ptII/ptolemy/actor/lib/test/auto/MatrixCropLong.xml (RunModel)" time="0.007" />
  <testcase classname="ptolemy.util.test.junit.AutoTests" name="[220] /home/travis/build/icyphy/ptII/ptolemy/actor/lib/test/auto/MatrixToArray.xml (RunModel)" time="0.039" />
  <testcase classname="ptolemy.util.test.junit.AutoTests" name="[221] /home/travis/build/icyphy/ptII/ptolemy/actor/lib/test/auto/MaxIndex.xml (RunModel)" time="0.011" />
  <testcase classname="ptolemy.util.test.junit.AutoTests" name="[222] /home/travis/build/icyphy/ptII/ptolemy/actor/lib/test/auto/Maximum.xml (RunModel)" time="0.012" />
  <testcase classname="ptolemy.util.test.junit.AutoTests" name="[223] /home/travis/build/icyphy/ptII/ptolemy/actor/lib/test/auto/MaximumComplex.xml (RunModel)" time="0.012" />
  <testcase classname="ptolemy.util.test.junit.AutoTests" name="[224] /home/travis/build/icyphy/ptII/ptolemy/actor/lib/test/auto/MethodCallTest.xml (RunModel)" time="0.016" />
  <testcase classname="ptolemy.util.test.junit.AutoTests" name="[225] /home/travis/build/icyphy/ptII/ptolemy/actor/lib/test/auto/Minimum.xml (RunModel)" time="0.011" />
  <testcase classname="ptolemy.util.test.junit.AutoTests" name="[226] /home/travis/build/icyphy/ptII/ptolemy/actor/lib/test/auto/MinimumComplex.xml (RunModel)" time="0.015" />
  <testcase classname="ptolemy.util.test.junit.AutoTests" name="[227] /home/travis/build/icyphy/ptII/ptolemy/actor/lib/test/auto/MinimumMultiports.xml (RunModel)" time="0.016" />
  <testcase classname="ptolemy.util.test.junit.AutoTests" name="[228] /home/travis/build/icyphy/ptII/ptolemy/actor/lib/test/auto/ModifyDate.xml (RunModel)" time="0.041" />
  <testcase classname="ptolemy.util.test.junit.AutoTests" name="[229] /home/travis/build/icyphy/ptII/ptolemy/actor/lib/test/auto/ModifyDate2.xml (RunModel)" time="0.031" />
  <testcase classname="ptolemy.util.test.junit.AutoTests" name="[230] /home/travis/build/icyphy/ptII/ptolemy/actor/lib/test/auto/MovingAverage.xml (RunModel)" time="0.01" />
  <testcase classname="ptolemy.util.test.junit.AutoTests" name="[231] /home/travis/build/icyphy/ptII/ptolemy/actor/lib/test/auto/MovingMaximum.xml (RunModel)" time="0.011" />
  <testcase classname="ptolemy.util.test.junit.AutoTests" name="[232] /home/travis/build/icyphy/ptII/ptolemy/actor/lib/test/auto/MultipleLinksToSameRelation.xml (RunModel)" time="0.006" />
  <testcase classname="ptolemy.util.test.junit.AutoTests" name="[233] /home/travis/build/icyphy/ptII/ptolemy/actor/lib/test/auto/MultipleLinksToSameRelationDE.xml (RunModel)" time="0.015" />
  <testcase classname="ptolemy.util.test.junit.AutoTests" name="[234] /home/travis/build/icyphy/ptII/ptolemy/actor/lib/test/auto/Multiplexor.xml (RunModel)" time="0.011" />
  <testcase classname="ptolemy.util.test.junit.AutoTests" name="[235] /home/travis/build/icyphy/ptII/ptolemy/actor/lib/test/auto/Multiplexor1.xml (RunModel)" time="0.011" />
  <testcase classname="ptolemy.util.test.junit.AutoTests" name="[236] /home/travis/build/icyphy/ptII/ptolemy/actor/lib/test/auto/Multiplexor2.xml (RunModel)" time="0.016" />
  <testcase classname="ptolemy.util.test.junit.AutoTests" name="[237] /home/travis/build/icyphy/ptII/ptolemy/actor/lib/test/auto/Multiplexor3.xml (RunModel)" time="0.008" />
  <testcase classname="ptolemy.util.test.junit.AutoTests" name="[238] /home/travis/build/icyphy/ptII/ptolemy/actor/lib/test/auto/MultiplexorDE.xml (RunModel)" time="0.017" />
  <testcase classname="ptolemy.util.test.junit.AutoTests" name="[239] /home/travis/build/icyphy/ptII/ptolemy/actor/lib/test/auto/MultiportBroadcastTest.xml (RunModel)" time="0.081" />
  <testcase classname="ptolemy.util.test.junit.AutoTests" name="[240] /home/travis/build/icyphy/ptII/ptolemy/actor/lib/test/auto/MultiportOutHangDuringGetWidth.xml (RunModel)" time="0.026" />
  <testcase classname="ptolemy.util.test.junit.AutoTests" name="[241] /home/travis/build/icyphy/ptII/ptolemy/actor/lib/test/auto/NilToken.xml (RunModel)" time="0.01" />
  <testcase classname="ptolemy.util.test.junit.AutoTests" name="[242] /home/travis/build/icyphy/ptII/ptolemy/actor/lib/test/auto/NilTokenNonStrictTest.xml (RunModel)" time="0.015" />
  <testcase classname="ptolemy.util.test.junit.AutoTests" name="[243] /home/travis/build/icyphy/ptII/ptolemy/actor/lib/test/auto/NilTokenRecord.xml (RunModel)" time="0.023" />
  <testcase classname="ptolemy.util.test.junit.AutoTests" name="[244] /home/travis/build/icyphy/ptII/ptolemy/actor/lib/test/auto/NilTokenTypeTest.xml (RunModel)" time="0.025" />
  <testcase classname="ptolemy.util.test.junit.AutoTests" name="[245] /home/travis/build/icyphy/ptII/ptolemy/actor/lib/test/auto/ObjectToken1.xml (RunModel)" time="0.009" />
  <testcase classname="ptolemy.util.test.junit.AutoTests" name="[246] /home/travis/build/icyphy/ptII/ptolemy/actor/lib/test/auto/OrderedMerge.xml (RunModel)" time="0.02" />
  <testcase classname="ptolemy.util.test.junit.AutoTests" name="[247] /home/travis/build/icyphy/ptII/ptolemy/actor/lib/test/auto/OrderedRecordDisassembler.xml (RunModel)" time="0.013" />
  <testcase classname="ptolemy.util.test.junit.AutoTests" name="[248] /home/travis/build/icyphy/ptII/ptolemy/actor/lib/test/auto/OrderedRecordDisassembler2.xml (RunModel)" time="0.016" />
  <testcase classname="ptolemy.util.test.junit.AutoTests" name="[249] /home/travis/build/icyphy/ptII/ptolemy/actor/lib/test/auto/OrderedRecordUpdater.xml (RunModel)" time="0.009" />
  <testcase classname="ptolemy.util.test.junit.AutoTests" name="[250] /home/travis/build/icyphy/ptII/ptolemy/actor/lib/test/auto/OrderedRecordUpdater2.xml (RunModel)" time="0.014" />
  <testcase classname="ptolemy.util.test.junit.AutoTests" name="[251] /home/travis/build/icyphy/ptII/ptolemy/actor/lib/test/auto/PhaseUnwrap.xml (RunModel)" time="0.01" />
  <testcase classname="ptolemy.util.test.junit.AutoTests" name="[252] /home/travis/build/icyphy/ptII/ptolemy/actor/lib/test/auto/PoissonClock.xml (RunModel)" time="0.009" />
  <testcase classname="ptolemy.util.test.junit.AutoTests" name="[253] /home/travis/build/icyphy/ptII/ptolemy/actor/lib/test/auto/PoissonClock2.xml (RunModel)" time="0.006" />
  <testcase classname="ptolemy.util.test.junit.AutoTests" name="[254] /home/travis/build/icyphy/ptII/ptolemy/actor/lib/test/auto/PoissonClock3.xml (RunModel)" time="0.02" />
  <testcase classname="ptolemy.util.test.junit.AutoTests" name="[255] /home/travis/build/icyphy/ptII/ptolemy/actor/lib/test/auto/PubSubWithInitialTokens.xml (RunModel)" time="0.013" />
  <testcase classname="ptolemy.util.test.junit.AutoTests" name="[256] /home/travis/build/icyphy/ptII/ptolemy/actor/lib/test/auto/PubSubWithInitialTokens2.xml (RunModel)" time="0.008" />
  <testcase classname="ptolemy.util.test.junit.AutoTests" name="[257] /home/travis/build/icyphy/ptII/ptolemy/actor/lib/test/auto/PublisherClassNoParameter.xml (RunModel)" time="0.019" />
  <testcase classname="ptolemy.util.test.junit.AutoTests" name="[258] /home/travis/build/icyphy/ptII/ptolemy/actor/lib/test/auto/PublisherClassParameter.xml (RunModel)" time="0.056" />
  <testcase classname="ptolemy.util.test.junit.AutoTests" name="[259] /home/travis/build/icyphy/ptII/ptolemy/actor/lib/test/auto/PublisherNonStrictTest.xml (RunModel)" time="0.012" />
  <testcase classname="ptolemy.util.test.junit.AutoTests" name="[260] /home/travis/build/icyphy/ptII/ptolemy/actor/lib/test/auto/PublisherPort1.xml (RunModel)" time="0.018" />
  <testcase classname="ptolemy.util.test.junit.AutoTests" name="[261] /home/travis/build/icyphy/ptII/ptolemy/actor/lib/test/auto/PublisherPort2.xml (RunModel)" time="0.017" />
  <testcase classname="ptolemy.util.test.junit.AutoTests" name="[262] /home/travis/build/icyphy/ptII/ptolemy/actor/lib/test/auto/PublisherPort3.xml (RunModel)" time="0.009" />
  <testcase classname="ptolemy.util.test.junit.AutoTests" name="[263] /home/travis/build/icyphy/ptII/ptolemy/actor/lib/test/auto/PublisherPort4.xml (RunModel)" time="0.01" />
  <testcase classname="ptolemy.util.test.junit.AutoTests" name="[264] /home/travis/build/icyphy/ptII/ptolemy/actor/lib/test/auto/PublisherPort5.xml (RunModel)" time="0.011" />
  <testcase classname="ptolemy.util.test.junit.AutoTests" name="[265] /home/travis/build/icyphy/ptII/ptolemy/actor/lib/test/auto/PublisherPort5LookAlike.xml (RunModel)" time="0.016" />
  <testcase classname="ptolemy.util.test.junit.AutoTests" name="[266] /home/travis/build/icyphy/ptII/ptolemy/actor/lib/test/auto/PublisherPort6.xml (RunModel)" time="0.009" />
  <testcase classname="ptolemy.util.test.junit.AutoTests" name="[267] /home/travis/build/icyphy/ptII/ptolemy/actor/lib/test/auto/PublisherPort7.xml (RunModel)" time="0.011" />
  <testcase classname="ptolemy.util.test.junit.AutoTests" name="[268] /home/travis/build/icyphy/ptII/ptolemy/actor/lib/test/auto/PublisherPort8.xml (RunModel)" time="0.019" />
  <testcase classname="ptolemy.util.test.junit.AutoTests" name="[269] /home/travis/build/icyphy/ptII/ptolemy/actor/lib/test/auto/PublisherPortSubscriberChannelVariablesAOC2.xml (RunModel)" time="0.025" />
  <testcase classname="ptolemy.util.test.junit.AutoTests" name="[270] /home/travis/build/icyphy/ptII/ptolemy/actor/lib/test/auto/PublisherPortSubscriberOpaqueWidthInference.xml (RunModel)" time="0.011" />
  <testcase classname="ptolemy.util.test.junit.AutoTests" name="[271] /home/travis/build/icyphy/ptII/ptolemy/actor/lib/test/auto/PublisherPortSubscriberPortAdjacent.xml (RunModel)" time="0.021" />
  <testcase classname="ptolemy.util.test.junit.AutoTests" name="[272] /home/travis/build/icyphy/ptII/ptolemy/actor/lib/test/auto/PublisherPortSubscriberPortExpression.xml (RunModel)" time="0.015" />
  <testcase classname="ptolemy.util.test.junit.AutoTests" name="[273] /home/travis/build/icyphy/ptII/ptolemy/actor/lib/test/auto/PublisherPortSubscriberPortOpaqueD3Reverse.xml (RunModel)" time="0.015" />
  <testcase classname="ptolemy.util.test.junit.AutoTests" name="[274] /home/travis/build/icyphy/ptII/ptolemy/actor/lib/test/auto/PublisherPortSubscriberPortOpaqueWidthInference.xml (RunModel)" time="0.012" />
  <testcase classname="ptolemy.util.test.junit.AutoTests" name="[275] /home/travis/build/icyphy/ptII/ptolemy/actor/lib/test/auto/PublisherPortToplevelSubscriberPortAOC.xml (RunModel)" time="0.009" />
  <testcase classname="ptolemy.util.test.junit.AutoTests" name="[276] /home/travis/build/icyphy/ptII/ptolemy/actor/lib/test/auto/PublisherSubscriber.xml (RunModel)" time="0.01" />
  <testcase classname="ptolemy.util.test.junit.AutoTests" name="[277] /home/travis/build/icyphy/ptII/ptolemy/actor/lib/test/auto/PublisherSubscriber10.xml (RunModel)" time="0.018" />
  <testcase classname="ptolemy.util.test.junit.AutoTests" name="[278] /home/travis/build/icyphy/ptII/ptolemy/actor/lib/test/auto/PublisherSubscriber10InitialOutputs.xml (RunModel)" time="0.022" />
  <testcase classname="ptolemy.util.test.junit.AutoTests" name="[279] /home/travis/build/icyphy/ptII/ptolemy/actor/lib/test/auto/PublisherSubscriber11.xml (RunModel)" time="0.012" />
  <testcase classname="ptolemy.util.test.junit.AutoTests" name="[280] /home/travis/build/icyphy/ptII/ptolemy/actor/lib/test/auto/PublisherSubscriber12.xml (RunModel)" time="0.01" />
  <testcase classname="ptolemy.util.test.junit.AutoTests" name="[281] /home/travis/build/icyphy/ptII/ptolemy/actor/lib/test/auto/PublisherSubscriber13.xml (RunModel)" time="0.007" />
  <testcase classname="ptolemy.util.test.junit.AutoTests" name="[282] /home/travis/build/icyphy/ptII/ptolemy/actor/lib/test/auto/PublisherSubscriber14.xml (RunModel)" time="0.018" />
  <testcase classname="ptolemy.util.test.junit.AutoTests" name="[283] /home/travis/build/icyphy/ptII/ptolemy/actor/lib/test/auto/PublisherSubscriber2.xml (RunModel)" time="0.008" />
  <testcase classname="ptolemy.util.test.junit.AutoTests" name="[284] /home/travis/build/icyphy/ptII/ptolemy/actor/lib/test/auto/PublisherSubscriber3.xml (RunModel)" time="0.007" />
  <testcase classname="ptolemy.util.test.junit.AutoTests" name="[285] /home/travis/build/icyphy/ptII/ptolemy/actor/lib/test/auto/PublisherSubscriber4.xml (RunModel)" time="0.006" />
  <testcase classname="ptolemy.util.test.junit.AutoTests" name="[286] /home/travis/build/icyphy/ptII/ptolemy/actor/lib/test/auto/PublisherSubscriber5.xml (RunModel)" time="0.008" />
  <testcase classname="ptolemy.util.test.junit.AutoTests" name="[287] /home/travis/build/icyphy/ptII/ptolemy/actor/lib/test/auto/PublisherSubscriber6.xml (RunModel)" time="0.012" />
  <testcase classname="ptolemy.util.test.junit.AutoTests" name="[288] /home/travis/build/icyphy/ptII/ptolemy/actor/lib/test/auto/PublisherSubscriber7.xml (RunModel)" time="0.017" />
  <testcase classname="ptolemy.util.test.junit.AutoTests" name="[289] /home/travis/build/icyphy/ptII/ptolemy/actor/lib/test/auto/PublisherSubscriber8.xml (RunModel)" time="0.025" />
  <testcase classname="ptolemy.util.test.junit.AutoTests" name="[290] /home/travis/build/icyphy/ptII/ptolemy/actor/lib/test/auto/PublisherSubscriber9.xml (RunModel)" time="0.014" />
  <testcase classname="ptolemy.util.test.junit.AutoTests" name="[291] /home/travis/build/icyphy/ptII/ptolemy/actor/lib/test/auto/PublisherSubscriberAdjacent.xml (RunModel)" time="0.012" />
  <testcase classname="ptolemy.util.test.junit.AutoTests" name="[292] /home/travis/build/icyphy/ptII/ptolemy/actor/lib/test/auto/PublisherSubscriberChannelVariablesAOC2.xml (RunModel)" time="0.023" />
  <testcase classname="ptolemy.util.test.junit.AutoTests" name="[293] /home/travis/build/icyphy/ptII/ptolemy/actor/lib/test/auto/PublisherSubscriberD3.xml (RunModel)" time="0.022" />
  <testcase classname="ptolemy.util.test.junit.AutoTests" name="[294] /home/travis/build/icyphy/ptII/ptolemy/actor/lib/test/auto/PublisherSubscriberD3Reverse.xml (RunModel)" time="0.008" />
  <testcase classname="ptolemy.util.test.junit.AutoTests" name="[295] /home/travis/build/icyphy/ptII/ptolemy/actor/lib/test/auto/PublisherSubscriberExpression.xml (RunModel)" time="0.044" />
  <testcase classname="ptolemy.util.test.junit.AutoTests" name="[296] /home/travis/build/icyphy/ptII/ptolemy/actor/lib/test/auto/PublisherSubscriberOpaque.xml (RunModel)" time="0.016" />
  <testcase classname="ptolemy.util.test.junit.AutoTests" name="[297] /home/travis/build/icyphy/ptII/ptolemy/actor/lib/test/auto/PublisherSubscriberOpaqueD3.xml (RunModel)" time="0.018" />
  <testcase classname="ptolemy.util.test.junit.AutoTests" name="[298] /home/travis/build/icyphy/ptII/ptolemy/actor/lib/test/auto/PublisherSubscriberOpaqueD3Reverse.xml (RunModel)" time="0.017" />
  <testcase classname="ptolemy.util.test.junit.AutoTests" name="[299] /home/travis/build/icyphy/ptII/ptolemy/actor/lib/test/auto/PublisherSubscriberOpaqueWidthInference.xml (RunModel)" time="0.013" />
  <testcase classname="ptolemy.util.test.junit.AutoTests" name="[300] /home/travis/build/icyphy/ptII/ptolemy/actor/lib/test/auto/PublisherTestSubscriber.xml (RunModel)" time="0.013" />
  <testcase classname="ptolemy.util.test.junit.AutoTests" name="[301] /home/travis/build/icyphy/ptII/ptolemy/actor/lib/test/auto/PublisherToplevelSubscriberPortAOC.xml (RunModel)" time="0.008" />
  <testcase classname="ptolemy.util.test.junit.AutoTests" name="[302] /home/travis/build/icyphy/ptII/ptolemy/actor/lib/test/auto/PulseFiringLimitDE.xml (RunModel)" time="0.012" />
  <testcase classname="ptolemy.util.test.junit.AutoTests" name="[303] /home/travis/build/icyphy/ptII/ptolemy/actor/lib/test/auto/Ramp1.xml (RunModel)" time="0.005" />
  <testcase classname="ptolemy.util.test.junit.AutoTests" name="[304] /home/travis/build/icyphy/ptII/ptolemy/actor/lib/test/auto/RampFiringLimitDE.xml (RunModel)" time="0.008" />
  <testcase classname="ptolemy.util.test.junit.AutoTests" name="[305] /home/travis/build/icyphy/ptII/ptolemy/actor/lib/test/auto/RampFiringLimitSDF.xml (RunModel)" time="0.007" />
  <testcase classname="ptolemy.util.test.junit.AutoTests" name="[306] /home/travis/build/icyphy/ptII/ptolemy/actor/lib/test/auto/RandomInteger.xml (RunModel)" time="0.006" />
  <testcase classname="ptolemy.util.test.junit.AutoTests" name="[307] /home/travis/build/icyphy/ptII/ptolemy/actor/lib/test/auto/ReadFile1.xml (RunModel)" time="0.006" />
  <testcase classname="ptolemy.util.test.junit.AutoTests" name="[308] /home/travis/build/icyphy/ptII/ptolemy/actor/lib/test/auto/ReadFile2.xml (RunModel)" time="0.006" />
  <testcase classname="ptolemy.util.test.junit.AutoTests" name="[309] /home/travis/build/icyphy/ptII/ptolemy/actor/lib/test/auto/Reader.xml (RunModel)" time="0.012" />
  <testcase classname="ptolemy.util.test.junit.AutoTests" name="[310] /home/travis/build/icyphy/ptII/ptolemy/actor/lib/test/auto/RecordAssemblerDisplayNameTest.xml (RunModel)" time="3.552" />
  <testcase classname="ptolemy.util.test.junit.AutoTests" name="[311] /home/travis/build/icyphy/ptII/ptolemy/actor/lib/test/auto/RecordAssemblerTypeError.xml (RunModel)" time="0.037" />
  <testcase classname="ptolemy.util.test.junit.AutoTests" name="[312] /home/travis/build/icyphy/ptII/ptolemy/actor/lib/test/auto/RecordDisassember.xml (RunModel)" time="0.01" />
  <testcase classname="ptolemy.util.test.junit.AutoTests" name="[313] /home/travis/build/icyphy/ptII/ptolemy/actor/lib/test/auto/RecordDisassemberDisplayNameTest.xml (RunModel)" time="0.02" />
  <testcase classname="ptolemy.util.test.junit.AutoTests" name="[314] /home/travis/build/icyphy/ptII/ptolemy/actor/lib/test/auto/RecordDisassembler.xml (RunModel)" time="0.007" />
  <testcase classname="ptolemy.util.test.junit.AutoTests" name="[315] /home/travis/build/icyphy/ptII/ptolemy/actor/lib/test/auto/RecordDisassembler2.xml (RunModel)" time="0.008" />
  <testcase classname="ptolemy.util.test.junit.AutoTests" name="[316] /home/travis/build/icyphy/ptII/ptolemy/actor/lib/test/auto/RecordUpdater.xml (RunModel)" time="0.007" />
  <testcase classname="ptolemy.util.test.junit.AutoTests" name="[317] /home/travis/build/icyphy/ptII/ptolemy/actor/lib/test/auto/RecordUpdater2.xml (RunModel)" time="0.007" />
  <testcase classname="ptolemy.util.test.junit.AutoTests" name="[318] /home/travis/build/icyphy/ptII/ptolemy/actor/lib/test/auto/RecursiveLattice.xml (RunModel)" time="0.006" />
  <testcase classname="ptolemy.util.test.junit.AutoTests" name="[319] /home/travis/build/icyphy/ptII/ptolemy/actor/lib/test/auto/Router.xml (RunModel)" time="3.02" />
  <testcase classname="ptolemy.util.test.junit.AutoTests" name="[320] /home/travis/build/icyphy/ptII/ptolemy/actor/lib/test/auto/Router2.xml (RunModel)" time="3.031" />
  <testcase classname="ptolemy.util.test.junit.AutoTests" name="[321] /home/travis/build/icyphy/ptII/ptolemy/actor/lib/test/auto/RunningMaximum.xml (RunModel)" time="0.017" />
  <testcase classname="ptolemy.util.test.junit.AutoTests" name="[322] /home/travis/build/icyphy/ptII/ptolemy/actor/lib/test/auto/RunningMinimum.xml (RunModel)" time="0.015" />
  <testcase classname="ptolemy.util.test.junit.AutoTests" name="[323] /home/travis/build/icyphy/ptII/ptolemy/actor/lib/test/auto/Scale.xml (RunModel)" time="0.013" />
  <testcase classname="ptolemy.util.test.junit.AutoTests" name="[324] /home/travis/build/icyphy/ptII/ptolemy/actor/lib/test/auto/Scale2.xml (RunModel)" time="0.007" />
  <testcase classname="ptolemy.util.test.junit.AutoTests" name="[325] /home/travis/build/icyphy/ptII/ptolemy/actor/lib/test/auto/Scale3.xml (RunModel)" time="0.014" />
  <testcase classname="ptolemy.util.test.junit.AutoTests" name="[326] /home/travis/build/icyphy/ptII/ptolemy/actor/lib/test/auto/ScaleArray.xml (RunModel)" time="0.006" />
  <testcase classname="ptolemy.util.test.junit.AutoTests" name="[327] /home/travis/build/icyphy/ptII/ptolemy/actor/lib/test/auto/ScaleArray2.xml (RunModel)" time="0.035" />
  <testcase classname="ptolemy.util.test.junit.AutoTests" name="[328] /home/travis/build/icyphy/ptII/ptolemy/actor/lib/test/auto/ScaleMatrix.xml (RunModel)" time="0.159" />
  <testcase classname="ptolemy.util.test.junit.AutoTests" name="[329] /home/travis/build/icyphy/ptII/ptolemy/actor/lib/test/auto/Select.xml (RunModel)" time="0.012" />
  <testcase classname="ptolemy.util.test.junit.AutoTests" name="[330] /home/travis/build/icyphy/ptII/ptolemy/actor/lib/test/auto/Select2.xml (RunModel)" time="0.007" />
  <testcase classname="ptolemy.util.test.junit.AutoTests" name="[331] /home/travis/build/icyphy/ptII/ptolemy/actor/lib/test/auto/SequenceToArray2.xml (RunModel)" time="0.129" />
  <testcase classname="ptolemy.util.test.junit.AutoTests" name="[332] /home/travis/build/icyphy/ptII/ptolemy/actor/lib/test/auto/SequentialClock.xml (RunModel)" time="0.01" />
  <testcase classname="ptolemy.util.test.junit.AutoTests" name="[333] /home/travis/build/icyphy/ptII/ptolemy/actor/lib/test/auto/SetVariable.xml (RunModel)" time="0.007" />
  <testcase classname="ptolemy.util.test.junit.AutoTests" name="[334] /home/travis/build/icyphy/ptII/ptolemy/actor/lib/test/auto/SetVariable2.xml (RunModel)" time="0.013" />
  <testcase classname="ptolemy.util.test.junit.AutoTests" name="[335] /home/travis/build/icyphy/ptII/ptolemy/actor/lib/test/auto/SetVariable3.xml (RunModel)" time="0.012" />
  <testcase classname="ptolemy.util.test.junit.AutoTests" name="[336] /home/travis/build/icyphy/ptII/ptolemy/actor/lib/test/auto/SetVariable4.xml (RunModel)" time="0.028" />
  <testcase classname="ptolemy.util.test.junit.AutoTests" name="[337] /home/travis/build/icyphy/ptII/ptolemy/actor/lib/test/auto/SetVariable5.xml (RunModel)" time="0.034" />
  <testcase classname="ptolemy.util.test.junit.AutoTests" name="[338] /home/travis/build/icyphy/ptII/ptolemy/actor/lib/test/auto/Sinewave.xml (RunModel)" time="0.021" />
  <testcase classname="ptolemy.util.test.junit.AutoTests" name="[339] /home/travis/build/icyphy/ptII/ptolemy/actor/lib/test/auto/Sinewave2.xml (RunModel)" time="0.012" />
  <testcase classname="ptolemy.util.test.junit.AutoTests" name="[340] /home/travis/build/icyphy/ptII/ptolemy/actor/lib/test/auto/Sinewave3.xml (RunModel)" time="0.019" />
  <testcase classname="ptolemy.util.test.junit.AutoTests" name="[341] /home/travis/build/icyphy/ptII/ptolemy/actor/lib/test/auto/SingleEvent.xml (RunModel)" time="0.006" />
  <testcase classname="ptolemy.util.test.junit.AutoTests" name="[342] /home/travis/build/icyphy/ptII/ptolemy/actor/lib/test/auto/Sleep.xml (RunModel)" time="6.012" />
  <testcase classname="ptolemy.util.test.junit.AutoTests" name="[343] /home/travis/build/icyphy/ptII/ptolemy/actor/lib/test/auto/SleepMultipleFire.xml (RunModel)" time="1.012" />
  <testcase classname="ptolemy.util.test.junit.AutoTests" name="[344] /home/travis/build/icyphy/ptII/ptolemy/actor/lib/test/auto/StopDE.xml (RunModel)" time="0.011" />
  <testcase classname="ptolemy.util.test.junit.AutoTests" name="[345] /home/travis/build/icyphy/ptII/ptolemy/actor/lib/test/auto/StopSDF.xml (RunModel)" time="0.008" />
  <testcase classname="ptolemy.util.test.junit.AutoTests" name="[346] /home/travis/build/icyphy/ptII/ptolemy/actor/lib/test/auto/StringConstant.xml (RunModel)" time="0.013" />
  <testcase classname="ptolemy.util.test.junit.AutoTests" name="[347] /home/travis/build/icyphy/ptII/ptolemy/actor/lib/test/auto/SubscriberPortInitialValues1.xml (RunModel)" time="0.019" />
  <testcase classname="ptolemy.util.test.junit.AutoTests" name="[348] /home/travis/build/icyphy/ptII/ptolemy/actor/lib/test/auto/SubscriberPortInitialValues13.xml (RunModel)" time="0.02" />
  <testcase classname="ptolemy.util.test.junit.AutoTests" name="[349] /home/travis/build/icyphy/ptII/ptolemy/actor/lib/test/auto/SubscriberPortInitialValues14.xml (RunModel)" time="0.011" />
  <testcase classname="ptolemy.util.test.junit.AutoTests" name="[350] /home/travis/build/icyphy/ptII/ptolemy/actor/lib/test/auto/SubscriberPortInitialValues2.xml (RunModel)" time="0.011" />
  <testcase classname="ptolemy.util.test.junit.AutoTests" name="[351] /home/travis/build/icyphy/ptII/ptolemy/actor/lib/test/auto/SubscriberPortInitialValues3.xml (RunModel)" time="0.014" />
  <testcase classname="ptolemy.util.test.junit.AutoTests" name="[352] /home/travis/build/icyphy/ptII/ptolemy/actor/lib/test/auto/SubscriptionAggregator.xml (RunModel)" time="0.008" />
  <testcase classname="ptolemy.util.test.junit.AutoTests" name="[353] /home/travis/build/icyphy/ptII/ptolemy/actor/lib/test/auto/SubscriptionAggregator2.xml (RunModel)" time="0.009" />
  <testcase classname="ptolemy.util.test.junit.AutoTests" name="[354] /home/travis/build/icyphy/ptII/ptolemy/actor/lib/test/auto/SubscriptionAggregator3.xml (RunModel)" time="0.012" />
  <testcase classname="ptolemy.util.test.junit.AutoTests" name="[355] /home/travis/build/icyphy/ptII/ptolemy/actor/lib/test/auto/SubscriptionAggregatorMultiply.xml (RunModel)" time="0.019" />
  <testcase classname="ptolemy.util.test.junit.AutoTests" name="[356] /home/travis/build/icyphy/ptII/ptolemy/actor/lib/test/auto/SubscriptionAggregatorPortMultiply1.xml (RunModel)" time="0.017" />
  <testcase classname="ptolemy.util.test.junit.AutoTests" name="[357] /home/travis/build/icyphy/ptII/ptolemy/actor/lib/test/auto/Switch.xml (RunModel)" time="0.013" />
  <testcase classname="ptolemy.util.test.junit.AutoTests" name="[358] /home/travis/build/icyphy/ptII/ptolemy/actor/lib/test/auto/Switch2.xml (RunModel)" time="0.01" />
  <testcase classname="ptolemy.util.test.junit.AutoTests" name="[359] /home/travis/build/icyphy/ptII/ptolemy/actor/lib/test/auto/SwitchDE.xml (RunModel)" time="0.01" />
  <testcase classname="ptolemy.util.test.junit.AutoTests" name="[360] /home/travis/build/icyphy/ptII/ptolemy/actor/lib/test/auto/SynchronizerDE.xml (RunModel)" time="0.018" />
  <testcase classname="ptolemy.util.test.junit.AutoTests" name="[361] /home/travis/build/icyphy/ptII/ptolemy/actor/lib/test/auto/Test.xml (RunModel)" time="0.006" />
  <testcase classname="ptolemy.util.test.junit.AutoTests" name="[362] /home/travis/build/icyphy/ptII/ptolemy/actor/lib/test/auto/TestExceptionAttribute1.xml (RunModel)" time="0.005" />
  <testcase classname="ptolemy.util.test.junit.AutoTests" name="[363] /home/travis/build/icyphy/ptII/ptolemy/actor/lib/test/auto/TestExceptionAttribute2.xml (RunModel)" time="0.006" />
  <testcase classname="ptolemy.util.test.junit.AutoTests" name="[364] /home/travis/build/icyphy/ptII/ptolemy/actor/lib/test/auto/TestExceptionAttribute3.xml (RunModel)" time="0.009" />
  <testcase classname="ptolemy.util.test.junit.AutoTests" name="[365] /home/travis/build/icyphy/ptII/ptolemy/actor/lib/test/auto/TestExceptionAttribute4.xml (RunModel)" time="0.005" />
  <testcase classname="ptolemy.util.test.junit.AutoTests" name="[366] /home/travis/build/icyphy/ptII/ptolemy/actor/lib/test/auto/TestExceptionHandler1.xml (RunModel)" time="0.007" />
  <testcase classname="ptolemy.util.test.junit.AutoTests" name="[367] /home/travis/build/icyphy/ptII/ptolemy/actor/lib/test/auto/TestExceptionHandler2.xml (RunModel)" time="0.008" />
  <testcase classname="ptolemy.util.test.junit.AutoTests" name="[368] /home/travis/build/icyphy/ptII/ptolemy/actor/lib/test/auto/TestExceptionHandler3.xml (RunModel)" time="0.004" />
  <testcase classname="ptolemy.util.test.junit.AutoTests" name="[369] /home/travis/build/icyphy/ptII/ptolemy/actor/lib/test/auto/TestExceptionHandler4.xml (RunModel)" time="0.004" />
  <testcase classname="ptolemy.util.test.junit.AutoTests" name="[370] /home/travis/build/icyphy/ptII/ptolemy/actor/lib/test/auto/TestRequireCorrectOrder.xml (RunModel)" time="0.013" />
  <testcase classname="ptolemy.util.test.junit.AutoTests" name="[371] /home/travis/build/icyphy/ptII/ptolemy/actor/lib/test/auto/TestSimple.xml (RunModel)" time="0.006" />
  <testcase classname="ptolemy.util.test.junit.AutoTests" name="[372] /home/travis/build/icyphy/ptII/ptolemy/actor/lib/test/auto/ThrowModelError.xml (RunModel)" time="0.009" />
  <testcase classname="ptolemy.util.test.junit.AutoTests" name="[373] /home/travis/build/icyphy/ptII/ptolemy/actor/lib/test/auto/TimeDelayMicrosteps.xml (RunModel)" time="0.01" />
  <testcase classname="ptolemy.util.test.junit.AutoTests" name="[374] /home/travis/build/icyphy/ptII/ptolemy/actor/lib/test/auto/TimeDelayMicrosteps2.xml (RunModel)" time="0.01" />
  <testcase classname="ptolemy.util.test.junit.AutoTests" name="[375] /home/travis/build/icyphy/ptII/ptolemy/actor/lib/test/auto/TimeDelayMicrosteps3.xml (RunModel)" time="0.009" />
  <testcase classname="ptolemy.util.test.junit.AutoTests" name="[376] /home/travis/build/icyphy/ptII/ptolemy/actor/lib/test/auto/TimeDelayVariableMicrosteps.xml (RunModel)" time="0.009" />
  <testcase classname="ptolemy.util.test.junit.AutoTests" name="[377] /home/travis/build/icyphy/ptII/ptolemy/actor/lib/test/auto/TimeGap.xml (RunModel)" time="0.011" />
  <testcase classname="ptolemy.util.test.junit.AutoTests" name="[378] /home/travis/build/icyphy/ptII/ptolemy/actor/lib/test/auto/TimeGap2.xml (RunModel)" time="0.008" />
  <testcase classname="ptolemy.util.test.junit.AutoTests" name="[379] /home/travis/build/icyphy/ptII/ptolemy/actor/lib/test/auto/TimedSinewave.xml (RunModel)" time="0.046" />
  <testcase classname="ptolemy.util.test.junit.AutoTests" name="[380] /home/travis/build/icyphy/ptII/ptolemy/actor/lib/test/auto/TimedSinewavePhase.xml (RunModel)" time="0.024" />
  <testcase classname="ptolemy.util.test.junit.AutoTests" name="[381] /home/travis/build/icyphy/ptII/ptolemy/actor/lib/test/auto/Timer.xml (RunModel)" time="0.009" />
  <testcase classname="ptolemy.util.test.junit.AutoTests" name="[382] /home/travis/build/icyphy/ptII/ptolemy/actor/lib/test/auto/TriangularDistTestModel.xml (RunModel)" time="0.011" />
  <testcase classname="ptolemy.util.test.junit.AutoTests" name="[383] /home/travis/build/icyphy/ptII/ptolemy/actor/lib/test/auto/TrigFunction.xml (RunModel)" time="0.005" />
  <testcase classname="ptolemy.util.test.junit.AutoTests" name="[384] /home/travis/build/icyphy/ptII/ptolemy/actor/lib/test/auto/TrigFunctionDE.xml (RunModel)" time="0.008" />
  <testcase classname="ptolemy.util.test.junit.AutoTests" name="[385] /home/travis/build/icyphy/ptII/ptolemy/actor/lib/test/auto/TrigFunctionInverse.xml (RunModel)" time="0.007" />
  <testcase classname="ptolemy.util.test.junit.AutoTests" name="[386] /home/travis/build/icyphy/ptII/ptolemy/actor/lib/test/auto/TrigFunctionTan.xml (RunModel)" time="0.005" />
  <testcase classname="ptolemy.util.test.junit.AutoTests" name="[387] /home/travis/build/icyphy/ptII/ptolemy/actor/lib/test/auto/TriggeredClock.xml (RunModel)" time="0.005" />
  <testcase classname="ptolemy.util.test.junit.AutoTests" name="[388] /home/travis/build/icyphy/ptII/ptolemy/actor/lib/test/auto/URLDirectoryReader.xml (RunModel)" time="0.088" />
  <testcase classname="ptolemy.util.test.junit.AutoTests" name="[389] /home/travis/build/icyphy/ptII/ptolemy/actor/lib/test/auto/URLDirectoryReader3.xml (RunModel)" time="1.783" />
  <testcase classname="ptolemy.util.test.junit.AutoTests" name="[390] /home/travis/build/icyphy/ptII/ptolemy/actor/lib/test/auto/UnaryMathFunction.xml (RunModel)" time="0.032" />
  <testcase classname="ptolemy.util.test.junit.AutoTests" name="[391] /home/travis/build/icyphy/ptII/ptolemy/actor/lib/test/auto/Uniform.xml (RunModel)" time="0.033" />
  <testcase classname="ptolemy.util.test.junit.AutoTests" name="[392] /home/travis/build/icyphy/ptII/ptolemy/actor/lib/test/auto/UnionDisassemblerTest.xml (RunModel)" time="0.008" />
  <testcase classname="ptolemy.util.test.junit.AutoTests" name="[393] /home/travis/build/icyphy/ptII/ptolemy/actor/lib/test/auto/UtilityFunctions.xml (RunModel)" time="0.007" />
  <testcase classname="ptolemy.util.test.junit.AutoTests" name="[394] /home/travis/build/icyphy/ptII/ptolemy/actor/lib/test/auto/VariableSleep.xml (RunModel)" time="0.508" />
  <testcase classname="ptolemy.util.test.junit.AutoTests" name="[395] /home/travis/build/icyphy/ptII/ptolemy/actor/lib/test/auto/VectorAssemblerDisassemblerCT.xml (RunModel)" time="0.096" />
  <testcase classname="ptolemy.util.test.junit.AutoTests" name="[396] /home/travis/build/icyphy/ptII/ptolemy/actor/lib/test/auto/VectorAssemblerDisassemblerDE.xml (RunModel)" time="0.017" />
  <testcase classname="ptolemy.util.test.junit.AutoTests" name="[397] /home/travis/build/icyphy/ptII/ptolemy/actor/lib/test/auto/VectorAssemblerDisassemblerSDF.xml (RunModel)" time="0.014" />
  <testcase classname="ptolemy.util.test.junit.AutoTests" name="[398] /home/travis/build/icyphy/ptII/ptolemy/actor/lib/test/auto/WallClockTime.xml (RunModel)" time="1.009" />
  <testcase classname="ptolemy.util.test.junit.AutoTests" name="[399] /home/travis/build/icyphy/ptII/ptolemy/actor/lib/test/auto/WidthTestWithSubscriberPublisher.xml (RunModel)" time="0.036" />
  <testcase classname="ptolemy.util.test.junit.AutoTests" name="[400] /home/travis/build/icyphy/ptII/ptolemy/actor/lib/test/auto/WidthTestWithSubscriberPublisher2.xml (RunModel)" time="0.013" />
  <testcase classname="ptolemy.util.test.junit.AutoTests" name="[401] /home/travis/build/icyphy/ptII/ptolemy/actor/lib/test/auto/WidthTestWithSubscriberPublisher3.xml (RunModel)" time="0.011" />
  <testcase classname="ptolemy.util.test.junit.AutoTests" name="[402] /home/travis/build/icyphy/ptII/ptolemy/actor/lib/test/auto/Writer.xml (RunModel)" time="0.007" />
  <testcase classname="ptolemy.util.test.junit.AutoTests" name="[403] /home/travis/build/icyphy/ptII/ptolemy/actor/lib/test/auto/array.xml (RunModel)" time="0.009" />
  <testcase classname="ptolemy.util.test.junit.AutoTests" name="[404] /home/travis/build/icyphy/ptII/ptolemy/actor/lib/test/auto/array2.xml (RunModel)" time="0.009" />
  <testcase classname="ptolemy.util.test.junit.AutoTests" name="[405] /home/travis/build/icyphy/ptII/ptolemy/actor/lib/test/auto/arrayType.xml (RunModel)" time="0.008" />
  <testcase classname="ptolemy.util.test.junit.AutoTests" name="[406] /home/travis/build/icyphy/ptII/ptolemy/actor/lib/test/auto/arrayType10.xml (RunModel)" time="0.007" />
  <testcase classname="ptolemy.util.test.junit.AutoTests" name="[407] /home/travis/build/icyphy/ptII/ptolemy/actor/lib/test/auto/arrayType11.xml (RunModel)" time="0.006" />
  <testcase classname="ptolemy.util.test.junit.AutoTests" name="[408] /home/travis/build/icyphy/ptII/ptolemy/actor/lib/test/auto/arrayType12.xml (RunModel)" time="0.006" />
  <testcase classname="ptolemy.util.test.junit.AutoTests" name="[409] /home/travis/build/icyphy/ptII/ptolemy/actor/lib/test/auto/arrayType13.xml (RunModel)" time="0.007" />
  <testcase classname="ptolemy.util.test.junit.AutoTests" name="[410] /home/travis/build/icyphy/ptII/ptolemy/actor/lib/test/auto/arrayType14.xml (RunModel)" time="0.006" />
  <testcase classname="ptolemy.util.test.junit.AutoTests" name="[411] /home/travis/build/icyphy/ptII/ptolemy/actor/lib/test/auto/arrayType15.xml (RunModel)" time="0.007" />
  <testcase classname="ptolemy.util.test.junit.AutoTests" name="[412] /home/travis/build/icyphy/ptII/ptolemy/actor/lib/test/auto/arrayType16.xml (RunModel)" time="0.006" />
  <testcase classname="ptolemy.util.test.junit.AutoTests" name="[413] /home/travis/build/icyphy/ptII/ptolemy/actor/lib/test/auto/arrayType17.xml (RunModel)" time="0.007" />
  <testcase classname="ptolemy.util.test.junit.AutoTests" name="[414] /home/travis/build/icyphy/ptII/ptolemy/actor/lib/test/auto/arrayType18.xml (RunModel)" time="0.005" />
  <testcase classname="ptolemy.util.test.junit.AutoTests" name="[415] /home/travis/build/icyphy/ptII/ptolemy/actor/lib/test/auto/arrayType19.xml (RunModel)" time="0.006" />
  <testcase classname="ptolemy.util.test.junit.AutoTests" name="[416] /home/travis/build/icyphy/ptII/ptolemy/actor/lib/test/auto/arrayType2.xml (RunModel)" time="0.005" />
  <testcase classname="ptolemy.util.test.junit.AutoTests" name="[417] /home/travis/build/icyphy/ptII/ptolemy/actor/lib/test/auto/arrayType20.xml (RunModel)" time="0.006" />
  <testcase classname="ptolemy.util.test.junit.AutoTests" name="[418] /home/travis/build/icyphy/ptII/ptolemy/actor/lib/test/auto/arrayType21.xml (RunModel)" time="0.005" />
  <testcase classname="ptolemy.util.test.junit.AutoTests" name="[419] /home/travis/build/icyphy/ptII/ptolemy/actor/lib/test/auto/arrayType22.xml (RunModel)" time="0.006" />
  <testcase classname="ptolemy.util.test.junit.AutoTests" name="[420] /home/travis/build/icyphy/ptII/ptolemy/actor/lib/test/auto/arrayType23.xml (RunModel)" time="0.005" />
  <testcase classname="ptolemy.util.test.junit.AutoTests" name="[421] /home/travis/build/icyphy/ptII/ptolemy/actor/lib/test/auto/arrayType24.xml (RunModel)" time="0.006" />
  <testcase classname="ptolemy.util.test.junit.AutoTests" name="[422] /home/travis/build/icyphy/ptII/ptolemy/actor/lib/test/auto/arrayType25.xml (RunModel)" time="0.006" />
  <testcase classname="ptolemy.util.test.junit.AutoTests" name="[423] /home/travis/build/icyphy/ptII/ptolemy/actor/lib/test/auto/arrayType26.xml (RunModel)" time="0.006" />
  <testcase classname="ptolemy.util.test.junit.AutoTests" name="[424] /home/travis/build/icyphy/ptII/ptolemy/actor/lib/test/auto/arrayType27.xml (RunModel)" time="0.006" />
  <testcase classname="ptolemy.util.test.junit.AutoTests" name="[425] /home/travis/build/icyphy/ptII/ptolemy/actor/lib/test/auto/arrayType28.xml (RunModel)" time="0.011" />
  <testcase classname="ptolemy.util.test.junit.AutoTests" name="[426] /home/travis/build/icyphy/ptII/ptolemy/actor/lib/test/auto/arrayType3.xml (RunModel)" time="0.013" />
  <testcase classname="ptolemy.util.test.junit.AutoTests" name="[427] /home/travis/build/icyphy/ptII/ptolemy/actor/lib/test/auto/arrayType4.xml (RunModel)" time="0.007" />
  <testcase classname="ptolemy.util.test.junit.AutoTests" name="[428] /home/travis/build/icyphy/ptII/ptolemy/actor/lib/test/auto/arrayType5.xml (RunModel)" time="0.006" />
  <testcase classname="ptolemy.util.test.junit.AutoTests" name="[429] /home/travis/build/icyphy/ptII/ptolemy/actor/lib/test/auto/arrayType6.xml (RunModel)" time="0.006" />
  <testcase classname="ptolemy.util.test.junit.AutoTests" name="[430] /home/travis/build/icyphy/ptII/ptolemy/actor/lib/test/auto/arrayType7.xml (RunModel)" time="0.01" />
  <testcase classname="ptolemy.util.test.junit.AutoTests" name="[431] /home/travis/build/icyphy/ptII/ptolemy/actor/lib/test/auto/arrayType8.xml (RunModel)" time="0.016" />
  <testcase classname="ptolemy.util.test.junit.AutoTests" name="[432] /home/travis/build/icyphy/ptII/ptolemy/actor/lib/test/auto/arrayType9.xml (RunModel)" time="0.006" />
  <testcase classname="ptolemy.util.test.junit.AutoTests" name="[433] /home/travis/build/icyphy/ptII/ptolemy/actor/lib/test/auto/cast.xml (RunModel)" time="0.006" />
  <testcase classname="ptolemy.util.test.junit.AutoTests" name="[434] /home/travis/build/icyphy/ptII/ptolemy/actor/lib/test/auto/compositeMultiPort.xml (RunModel)" time="0.012" />
  <testcase classname="ptolemy.util.test.junit.AutoTests" name="[435] /home/travis/build/icyphy/ptII/ptolemy/actor/lib/test/auto/expressionCastInference.xml (RunModel)" time="0.005" />
  <testcase classname="ptolemy.util.test.junit.AutoTests" name="[436] /home/travis/build/icyphy/ptII/ptolemy/actor/lib/test/auto/expressionCastInference2.xml (RunModel)" time="0.006" />
  <testcase classname="ptolemy.util.test.junit.AutoTests" name="[437] /home/travis/build/icyphy/ptII/ptolemy/actor/lib/test/auto/expressionInference.xml (RunModel)" time="0.005" />
  <testcase classname="ptolemy.util.test.junit.AutoTests" name="[438] /home/travis/build/icyphy/ptII/ptolemy/actor/lib/test/auto/expression_bug.xml (RunModel)" time="0.005" />
  <testcase classname="ptolemy.util.test.junit.AutoTests" name="[439] /home/travis/build/icyphy/ptII/ptolemy/actor/lib/test/auto/factorial.xml (RunModel)" time="0.077" />
  <testcase classname="ptolemy.util.test.junit.AutoTests" name="[440] /home/travis/build/icyphy/ptII/ptolemy/actor/lib/test/auto/filterTest1.xml (RunModel)" time="0.034" />
  <testcase classname="ptolemy.util.test.junit.AutoTests" name="[441] /home/travis/build/icyphy/ptII/ptolemy/actor/lib/test/auto/funcApplyInConst.xml (RunModel)" time="0.024" />
  <testcase classname="ptolemy.util.test.junit.AutoTests" name="[442] /home/travis/build/icyphy/ptII/ptolemy/actor/lib/test/auto/funcApplyInExpr.xml (RunModel)" time="0.045" />
  <testcase classname="ptolemy.util.test.junit.AutoTests" name="[443] /home/travis/build/icyphy/ptII/ptolemy/actor/lib/test/auto/function.xml (RunModel)" time="0.032" />
  <testcase classname="ptolemy.util.test.junit.AutoTests" name="[444] /home/travis/build/icyphy/ptII/ptolemy/actor/lib/test/auto/function2.xml (RunModel)" time="0.036" />
  <testcase classname="ptolemy.util.test.junit.AutoTests" name="[445] /home/travis/build/icyphy/ptII/ptolemy/actor/lib/test/auto/function3.xml (RunModel)" time="0.021" />
  <testcase classname="ptolemy.util.test.junit.AutoTests" name="[446] /home/travis/build/icyphy/ptII/ptolemy/actor/lib/test/auto/functionClosureTest1.xml (RunModel)" time="0.008" />
  <testcase classname="ptolemy.util.test.junit.AutoTests" name="[447] /home/travis/build/icyphy/ptII/ptolemy/actor/lib/test/auto/functionClosureTest2.xml (RunModel)" time="0.005" />
  <testcase classname="ptolemy.util.test.junit.AutoTests" name="[448] /home/travis/build/icyphy/ptII/ptolemy/actor/lib/test/auto/functionClosureTest3.xml (RunModel)" time="0.007" />
  <testcase classname="ptolemy.util.test.junit.AutoTests" name="[449] /home/travis/build/icyphy/ptII/ptolemy/actor/lib/test/auto/functionClosureTest4.xml (RunModel)" time="0.012" />
  <testcase classname="ptolemy.util.test.junit.AutoTests" name="[450] /home/travis/build/icyphy/ptII/ptolemy/actor/lib/test/auto/functionClosureTest5.xml (RunModel)" time="0.009" />
  <testcase classname="ptolemy.util.test.junit.AutoTests" name="[451] /home/travis/build/icyphy/ptII/ptolemy/actor/lib/test/auto/functionClosureTest6.xml (RunModel)" time="0.005" />
  <testcase classname="ptolemy.util.test.junit.AutoTests" name="[452] /home/travis/build/icyphy/ptII/ptolemy/actor/lib/test/auto/functionsOnArcs.xml (RunModel)" time="0.007" />
  <testcase classname="ptolemy.util.test.junit.AutoTests" name="[453] /home/travis/build/icyphy/ptII/ptolemy/actor/lib/test/auto/functionsOnArcsHOF.xml (RunModel)" time="0.012" />
  <testcase classname="ptolemy.util.test.junit.AutoTests" name="[454] /home/travis/build/icyphy/ptII/ptolemy/actor/lib/test/auto/logic.xml (RunModel)" time="0.014" />
  <testcase classname="ptolemy.util.test.junit.AutoTests" name="[455] /home/travis/build/icyphy/ptII/ptolemy/actor/lib/test/auto/matrixType.xml (RunModel)" time="0.006" />
  <testcase classname="ptolemy.util.test.junit.AutoTests" name="[456] /home/travis/build/icyphy/ptII/ptolemy/actor/lib/test/auto/matrixType10.xml (RunModel)" time="0.007" />
  <testcase classname="ptolemy.util.test.junit.AutoTests" name="[457] /home/travis/build/icyphy/ptII/ptolemy/actor/lib/test/auto/matrixType11.xml (RunModel)" time="0.005" />
  <testcase classname="ptolemy.util.test.junit.AutoTests" name="[458] /home/travis/build/icyphy/ptII/ptolemy/actor/lib/test/auto/matrixType12.xml (RunModel)" time="0.008" />
  <testcase classname="ptolemy.util.test.junit.AutoTests" name="[459] /home/travis/build/icyphy/ptII/ptolemy/actor/lib/test/auto/matrixType13.xml (RunModel)" time="0.006" />
  <testcase classname="ptolemy.util.test.junit.AutoTests" name="[460] /home/travis/build/icyphy/ptII/ptolemy/actor/lib/test/auto/matrixType14.xml (RunModel)" time="0.007" />
  <testcase classname="ptolemy.util.test.junit.AutoTests" name="[461] /home/travis/build/icyphy/ptII/ptolemy/actor/lib/test/auto/matrixType2.xml (RunModel)" time="0.006" />
  <testcase classname="ptolemy.util.test.junit.AutoTests" name="[462] /home/travis/build/icyphy/ptII/ptolemy/actor/lib/test/auto/matrixType3.xml (RunModel)" time="0.007" />
  <testcase classname="ptolemy.util.test.junit.AutoTests" name="[463] /home/travis/build/icyphy/ptII/ptolemy/actor/lib/test/auto/matrixType4.xml (RunModel)" time="0.005" />
  <testcase classname="ptolemy.util.test.junit.AutoTests" name="[464] /home/travis/build/icyphy/ptII/ptolemy/actor/lib/test/auto/matrixType5.xml (RunModel)" time="0.006" />
  <testcase classname="ptolemy.util.test.junit.AutoTests" name="[465] /home/travis/build/icyphy/ptII/ptolemy/actor/lib/test/auto/matrixType6.xml (RunModel)" time="0.005" />
  <testcase classname="ptolemy.util.test.junit.AutoTests" name="[466] /home/travis/build/icyphy/ptII/ptolemy/actor/lib/test/auto/matrixType7.xml (RunModel)" time="0.006" />
  <testcase classname="ptolemy.util.test.junit.AutoTests" name="[467] /home/travis/build/icyphy/ptII/ptolemy/actor/lib/test/auto/matrixType8.xml (RunModel)" time="0.006" />
  <testcase classname="ptolemy.util.test.junit.AutoTests" name="[468] /home/travis/build/icyphy/ptII/ptolemy/actor/lib/test/auto/matrixType9.xml (RunModel)" time="0.005" />
  <testcase classname="ptolemy.util.test.junit.AutoTests" name="[469] /home/travis/build/icyphy/ptII/ptolemy/actor/lib/test/auto/paraFunctest.xml (RunModel)" time="0.005" />
  <testcase classname="ptolemy.util.test.junit.AutoTests" name="[470] /home/travis/build/icyphy/ptII/ptolemy/actor/lib/test/auto/paraFunctest2.xml (RunModel)" time="0.009" />
  <testcase classname="ptolemy.util.test.junit.AutoTests" name="[471] /home/travis/build/icyphy/ptII/ptolemy/actor/lib/test/auto/parameterPassing.xml (RunModel)" time="0.007" />
  <testcase classname="ptolemy.util.test.junit.AutoTests" name="[472] /home/travis/build/icyphy/ptII/ptolemy/actor/lib/test/auto/record.xml (RunModel)" time="0.009" />
  <testcase classname="ptolemy.util.test.junit.AutoTests" name="[473] /home/travis/build/icyphy/ptII/ptolemy/actor/lib/test/auto/sizedarray1.xml (RunModel)" time="0.007" />
  <testcase classname="ptolemy.util.test.junit.AutoTests" name="[474] /home/travis/build/icyphy/ptII/ptolemy/actor/lib/test/auto/sizedarray2.xml (RunModel)" time="0.007" />
  <testcase classname="ptolemy.util.test.junit.AutoTests" name="[475] /home/travis/build/icyphy/ptII/ptolemy/actor/lib/test/auto/twoPublishers.xml (RunModel)" time="0.023" />
  <system-out><![CDATA[/home/travis/build/icyphy/ptII/ptolemy/actor/lib/test/AbsoluteValue.tcl
testDefs.tcl: setting time out to 9000 seconds at Mon May 18 14:25:30 UTC 2020
114 ms. Memory: 129024K Free: 92610K (72%)
8 ms. Memory: 129024K Free: 90547K (70%)
7 ms. Memory: 129024K Free: 90050K (70%)
8 ms. Memory: 129024K Free: 89028K (69%)
/home/travis/build/icyphy/ptII/ptolemy/actor/lib/test/AddSubtract.tcl
22 ms. Memory: 129024K Free: 86980K (67%)
4 ms. Memory: 129024K Free: 86435K (67%)
11 ms. Memory: 129024K Free: 85442K (66%)
13 ms. Memory: 129024K Free: 84932K (66%)
60 ms. Memory: 129024K Free: 81860K (63%)
7 ms. Memory: 129024K Free: 80836K (63%)
/home/travis/build/icyphy/ptII/ptolemy/actor/lib/test/Average.tcl
12 ms. Memory: 129024K Free: 79283K (61%)
18 ms. Memory: 129024K Free: 78259K (61%)
/home/travis/build/icyphy/ptII/ptolemy/actor/lib/test/Bernoulli.tcl
12 ms. Memory: 129024K Free: 76740K (59%)
2 ms. Memory: 129024K Free: 76211K (59%)
/home/travis/build/icyphy/ptII/ptolemy/actor/lib/test/Clock.tcl
preinitializing
resolving types
initializing
executing number 1
wrapping up
idle
23 ms. Memory: 129024K Free: 73668K (57%)
Completed execution with 5 iterations
preinitializing
resolving types
initializing
executing number 1
wrapping up
idle
11 ms. Memory: 129024K Free: 72644K (56%)
Completed execution with 5 iterations
preinitializing
resolving types
initializing
executing number 1
wrapping up
idle
2 ms. Memory: 129024K Free: 72123K (56%)
Completed execution with 5 iterations
/home/travis/build/icyphy/ptII/ptolemy/actor/lib/test/Commutator.tcl
7 ms. Memory: 129024K Free: 70067K (54%)
13 ms. Memory: 129024K Free: 69043K (54%)
16 ms. Memory: 129024K Free: 63428K (49%)
/home/travis/build/icyphy/ptII/ptolemy/actor/lib/test/Const.tcl
4 ms. Memory: 129024K Free: 61859K (48%)
2 ms. Memory: 129024K Free: 61380K (48%)
2 ms. Memory: 129024K Free: 60866K (47%)
2 ms. Memory: 129024K Free: 60356K (47%)
1 ms. Memory: 129024K Free: 59842K (46%)
10 ms. Memory: 129024K Free: 57794K (45%)
4 ms. Memory: 129024K Free: 56755K (44%)
2 ms. Memory: 129024K Free: 56260K (44%)
/home/travis/build/icyphy/ptII/ptolemy/actor/lib/test/CurrentTime.tcl
preinitializing
resolving types
initializing
executing number 1
wrapping up
idle
6 ms. Memory: 129024K Free: 54212K (42%)
Completed execution with 11 iterations
/home/travis/build/icyphy/ptII/ptolemy/actor/lib/test/DB.tcl
4 ms. Memory: 129024K Free: 52659K (41%)
2 ms. Memory: 129024K Free: 52164K (40%)
2 ms. Memory: 129024K Free: 51650K (40%)
/home/travis/build/icyphy/ptII/ptolemy/actor/lib/test/DiscreteRandomSource.tcl
preinitializing
resolving types
initializing
executing number 1
wrapping up
idle
3 ms. Memory: 129024K Free: 50116K (39%)
Completed execution with 4 iterations
preinitializing
resolving types
initializing
executing number 1
wrapping up
idle
2 ms. Memory: 129024K Free: 49595K (38%)
Completed execution with 4 iterations
preinitializing
resolving types
initializing
executing number 1
wrapping up
idle
2 ms. Memory: 129024K Free: 49092K (38%)
Completed execution with 4 iterations
preinitializing
resolving types
initializing
executing number 1
wrapping up
idle
2 ms. Memory: 129024K Free: 48563K (38%)
Completed execution with 4 iterations
preinitializing
resolving types
initializing
executing number 1
wrapping up
idle
3 ms. Memory: 129024K Free: 48068K (37%)
Completed execution with 4 iterations
/home/travis/build/icyphy/ptII/ptolemy/actor/lib/test/Distributor.tcl
3 ms. Memory: 129024K Free: 113296K (88%)
8 ms. Memory: 129024K Free: 112256K (87%)
StreamChangeRequest.changeExecuted(): <deleteEntity name="rec2"/> succeeded
StreamChangeRequest.changeExecuted(): <deleteRelation name="r2"/> succeeded
StreamChangeRequest.changeExecuted(): Record firings per iteration succeeded
4 ms. Memory: 129024K Free: 110208K (85%)
/home/travis/build/icyphy/ptII/ptolemy/actor/lib/test/Exit.tcl
Exit.tcl: this will print a message about Manager.exitAfterWrapup, which can be ignored.
5 ms. Memory: 129024K Free: 107284K (83%)
/home/travis/build/icyphy/ptII/ptolemy/actor/lib/test/Expression.tcl
11 ms. Memory: 129024K Free: 103609K (80%)
3 ms. Memory: 129024K Free: 103062K (80%)
2 ms. Memory: 129024K Free: 102537K (79%)
preinitializing
resolving types
initializing
executing number 1
wrapping up
idle
4 ms. Memory: 129024K Free: 100992K (78%)
Completed execution with 6 iterations
3 ms. Memory: 129024K Free: 99976K (77%)
2 ms. Memory: 129024K Free: 99475K (77%)
4 ms. Memory: 129024K Free: 97928K (76%)
3 ms. Memory: 129024K Free: 96888K (75%)
8 ms. Memory: 129024K Free: 95417K (74%)
/home/travis/build/icyphy/ptII/ptolemy/actor/lib/test/Gaussian.tcl
7 ms. Memory: 129024K Free: 93837K (73%)
sleeping 1 seconds: .......................................................................................................................................................................................................................................................................................................................................................................................................................................................................................................................................................................................................................................................................................................................................................................................................................................................................................................................................................................................................................................................................................................................................................................................................................................................................................................................................................................................................................................................................................................................................................................................................................................................................................................................................................................................................................................................................................................................................................................................................................................................................................................................................................................................................................................................................................................................................................................................................................................................................................................................................................................................................................................................................................................................................................................................................................................................................................................................................................................................................................................................................................................................................................................................................................................................................................................................................................................................................................................................................................................................................................................................................................................................................................................................................................................................................................................................................................................................................................................................................................................................................................................................................................................................................................................................................................................................................................................................................................................................................................................................................................................................................................................................................................................................................................................................................................................................................................................................................................................................................................................................................................................................................................................................................................................................................................................................................................................................................................................................................................................................................................................................................................................................................................................................................................................................................................................................................................................................................................................................................................................................................................................................................................................................................................................................................................................................................................................................................................................................................................................................................................................................................................................................................................................................................................................................................................................................................................................................................................................................................................................................................................................................................................................................................................................................................................................................................................................................................................................................................................................................................................................................................................................................................................................................................................................................................................................................................................................................................................................................................................................................................................................................................................................................................................................................................................................................................................................................................................................................................................................................................................................................................................................................................................................................................................................................................................................................................................................................................................................................................................................................................................................................................................................................................................................................................................................................................................................................................................................................................................................................................................................................................................................................................................................................................................................................................................................................................................................................................................................................................................................................................................................................................................................................................................................................................................................................................................................................................................................................................................................................................................................................................................................................................................................................................................................................................................................................................................................................................................................................................................................................................................................................................................................................................................................................................................................................................................................................................................................................................................................................................................................................................................................................................................................................................................................................................................................................................................................................................................................................................................................................................................................................................................................................................................................................................................................................................................................................................................................................................................................................................................................................................................................................................................................................................................................................................................................................................................................................................................................................................................................................................................................................................................................................................................................................................................................................................................................................................................................................................................................................................................................................................................................................................................................................................................................................................................................................................................................................................................................................................................................................................................................................................................................................................................................................................................................................................................................................................................................................................................................................................................................................................................................................................................................................................................................................................................................................................................................................................................................................................................................................................................................................................................................................................................................................................................................................................................................................................................................................................................................................................................................................................................................................................................................................................................................................................................................................................................................................................................................................................................................................................................................................................................................................................................................................................................................................................................................................................................................................................................................................................................................................................................................................................................................................................................................................................................................................................................................................................................................................................................................................................................................................................................................................................................................................................................................................................................................................................................................................................................................................................................................................................................................................................................................................................................................................................................................................................................................................................................................................................................................................................................................................................................................................................................................................................................................................................................................................................................................................................................................................................................................................................................................................................................................................................................................................................................................................................................................................................................................................................................................................................................................................................................................................................................................................................................................................................................................................................................................................................................................................................................................................................................................................................................................................................................................................................................................................................................................................................................................................................................................................................................................................................................................................................................................................................................................................................................................................................................................................................................................................................................................................................................................................................................................................................................................................................................................................................................................................................................................................................................................................................................................................................................................................................................................................................................................................................................................................................................................................................................................................................................................................................................................................................................................................................................................................................................................................................................................................................................................................................................................................................................................................................................................................................................................................................................................................................................................................................................................................................................................................................................................................................................................................................................................................................................................................................................................................................................................................................................................................................................................................................................................................................................................................................................................................................................................................................................................................................................................................................................................................................................................................................................................................................................................................................................................................................................................................................................................................................................................................................................................................................................................................................................................................................................................................................................................................................................................................................................................................................................................................................................................................................................................................................................................................................................................................................................................................................................................................................................................................................................................................................................................................................................................................................................................................................................................................................................................................................................................................................................................................................................................................................................................................................................................................................................................................................................................................................................................................................................................................................................................................................................................................................................................................................................................................................................................................................................................................................................................................................................................................................................................................................................................................................................................................................................................................................................................................................................................................................................................................................................................................................................................................................................................................................................................................................................................................................................................................................................................................................................................................................................................................................................................................................................................................................................................................................................................................................................................................................................................................................................................................................................................................................................................................................................................................................................................................................................................................................................................................................................................................................................................................................................................................................................................................................................................................................................................................................................................................................................................................................................................................................................................................................................................................................................................................................................................................................................................................................................................................................................................................................................................................................................................................................................................................................................................................................................................................................................................................................................................................................................................................................................................................................................................................................................................................................................................................................................................................................................................................................................................................................................................................................................................................................................................................................................................................................................................................................................................................................................................................................................................................................................................................................................................................................................................................................................................................................................................................................................................................................................................................................................................................................................................................................................................................................................................................................................................................................................................................................................................................................................................................................................................................................................................................................................................................................................................................................................................................................................................................................................................................................................................................................................................................................................................................................................................................................................................................................................................................................................................................................................................................................................................................................................................................................................................................................................................................................................................................................................................................................................................................................................................................................................................................................................................................................................................................................................................................................................................................................................................................................................................................................................................................................................................................................................................................................................................................................................................................................................................................................................................................................................................................................................................................................................................................................................................................................................................................................................................................................................................................................................................................................................................................................................................................................................................................................................2 ms. Memory: 129024K Free: 72109K (56%)
2 ms. Memory: 129024K Free: 71595K (55%)
1 ms. Memory: 129024K Free: 71085K (55%)
2 ms. Memory: 129024K Free: 70571K (55%)
8 ms. Memory: 129024K Free: 69517K (54%)
/home/travis/build/icyphy/ptII/ptolemy/actor/lib/test/IIR.tcl
/home/travis/build/icyphy/ptII/ptolemy/actor/lib/test/Interpolator.tcl
10 ms. Memory: 129024K Free: 65965K (51%)
2 ms. Memory: 129024K Free: 65421K (51%)
2 ms. Memory: 129024K Free: 64941K (50%)
11 ms. Memory: 129024K Free: 64421K (50%)
2 ms. Memory: 129024K Free: 63389K (49%)
2 ms. Memory: 129024K Free: 62893K (49%)
10 ms. Memory: 129024K Free: 61869K (48%)
2 ms. Memory: 129024K Free: 60845K (47%)
14 ms. Memory: 129024K Free: 59821K (46%)
2 ms. Memory: 129024K Free: 59307K (46%)
/home/travis/build/icyphy/ptII/ptolemy/actor/lib/test/MathFunction.tcl
4 ms. Memory: 129024K Free: 57245K (44%)
2 ms. Memory: 129024K Free: 55725K (43%)
1 ms. Memory: 129024K Free: 54701K (42%)
2 ms. Memory: 129024K Free: 54173K (42%)
3 ms. Memory: 129024K Free: 52653K (41%)
5 ms. Memory: 129024K Free: 50605K (39%)
/home/travis/build/icyphy/ptII/ptolemy/actor/lib/test/Maximum.tcl
10 ms. Memory: 129024K Free: 112144K (87%)
5 ms. Memory: 129024K Free: 111231K (86%)
2 ms. Memory: 129024K Free: 110735K (86%)
7 ms. Memory: 129024K Free: 109711K (85%)
/home/travis/build/icyphy/ptII/ptolemy/actor/lib/test/Minimum.tcl
9 ms. Memory: 129024K Free: 108143K (84%)
4 ms. Memory: 129024K Free: 107663K (83%)
3 ms. Memory: 129024K Free: 107135K (83%)
3 ms. Memory: 129024K Free: 106119K (82%)
/home/travis/build/icyphy/ptII/ptolemy/actor/lib/test/MultiplyDivide.tcl
10 ms. Memory: 129024K Free: 104063K (81%)
8 ms. Memory: 129024K Free: 103567K (80%)
2 ms. Memory: 129024K Free: 103039K (80%)
7 ms. Memory: 129024K Free: 102029K (79%)
3 ms. Memory: 129024K Free: 101519K (79%)
/home/travis/build/icyphy/ptII/ptolemy/actor/lib/test/OrderedMerge.tcl
Connections changed on port: inputA
Connections changed on port: inputB
Connections changed on port: output
Connections changed on port: output
Connections changed on port: output
Connections changed on port: input
.top. Preinitializing ...
Invoking preinitialize():  .top.OrderedMerge
Called preinitialize()
Invoking preinitialize():  .top.Ramp
Called preinitialize()
Invoking preinitialize():  .top.Ramp2
Called preinitialize()
Invoking preinitialize():  .top.Test
Called preinitialize()
Connections changed on port: inputA
Connections changed on port: output
Connections changed on port: output
Connections changed on port: input
Connections changed on port: inputB
Connections changed on port: output
.top. Finished preinitialize().
Called initialize().
Invoking initialize():  .top.OrderedMerge
Initializing actor: .top.OrderedMerge
Adding a thread: .top.OrderedMerge
Invoking initialize():  .top.Ramp
Initializing actor: .top.Ramp
Adding a thread: .top.Ramp
Invoking initialize():  .top.Ramp2
Initializing actor: .top.Ramp2
Adding a thread: .top.Ramp2
Invoking initialize():  .top.Test
Initializing actor: .top.Test
Adding a thread: .top.Test
Called fire().
Checking for deadlock:
-- Starting thread.
-- Starting thread.
Called initialize()
Called initialize()
-- Starting thread.
Called prefire()
Called prefire()
Called fire()
Called initialize()
Called fire()
Called prefire()
Called fire()
-- Starting thread.
Called initialize()
Called prefire()
Called fire()
There are 0 Blocked actors, 0 Stopped actors, and 4 active threads.
Waiting for actors to stop.
Called postfire()
Called prefire()
Called fire()
Called postfire()
Called prefire()
Called fire()
Checking for deadlock:
There are 2 Blocked actors, 0 Stopped actors, and 4 active threads.
Waiting for actors to stop.
Called postfire()
Called prefire()
Called fire()
Checking for deadlock:
There are 3 Blocked actors, 0 Stopped actors, and 4 active threads.
Waiting for actors to stop.
Read input token from inputA with value 0.0
Next port to read input from is inputB
Called postfire()
Called prefire()
Called fire()
Called postfire()
Called prefire()
Called fire()
Checking for deadlock:
There are 3 Blocked actors, 0 Stopped actors, and 4 active threads.
Waiting for actors to stop.
Read input token from inputB with value 0.0
Checking for deadlock:
There are 2 Blocked actors, 0 Stopped actors, and 4 active threads.
Waiting for actors to stop.
-- Read input: 0.0, which is expected to match: 0.0
Called prefire()
Called fire()
Checking for deadlock:
There are 3 Blocked actors, 0 Stopped actors, and 4 active threads.
Waiting for actors to stop.
Sent output token with value 0.0
Next port to read input from is inputA
Called postfire()
Called prefire()
Called fire()
Checking for deadlock:
There are 2 Blocked actors, 0 Stopped actors, and 4 active threads.
Waiting for actors to stop.
Called postfire()
Called prefire()
Called fire()
Checking for deadlock:
There are 3 Blocked actors, 0 Stopped actors, and 4 active threads.
Waiting for actors to stop.
Read input token from inputA with value 1.0
Checking for deadlock:
There are 2 Blocked actors, 0 Stopped actors, and 4 active threads.
Waiting for actors to stop.
-- Read input: 0.0, which is expected to match: 0.0
Called prefire()
Called fire()
Checking for deadlock:
There are 3 Blocked actors, 0 Stopped actors, and 4 active threads.
Waiting for actors to stop.
Sent output token with value 0.0
Next port to read input from is inputB
Called postfire()
Called prefire()
Called fire()
Checking for deadlock:
There are 2 Blocked actors, 0 Stopped actors, and 4 active threads.
Waiting for actors to stop.
Called postfire()
Called prefire()
Called fire()
Checking for deadlock:
There are 3 Blocked actors, 0 Stopped actors, and 4 active threads.
Waiting for actors to stop.
Read input token from inputB with value 1.5
-- Read input: 1.0, which is expected to match: 1.0
Called prefire()
Called fire()
Checking for deadlock:
There are 3 Blocked actors, 0 Stopped actors, and 4 active threads.
Waiting for actors to stop.
Sent output token with value 1.0
Next port to read input from is inputA
Called postfire()
Called prefire()
Called fire()
Called postfire()
Called prefire()
Called fire()
Checking for deadlock:
There are 3 Blocked actors, 0 Stopped actors, and 4 active threads.
Waiting for actors to stop.
Read input token from inputA with value 2.0
-- Read input: 1.5, which is expected to match: 1.5
Called prefire()
Called fire()
Checking for deadlock:
There are 3 Blocked actors, 0 Stopped actors, and 4 active threads.
Waiting for actors to stop.
Sent output token with value 1.5
Next port to read input from is inputB
Called postfire()
Called prefire()
Called fire()
Checking for deadlock:
There are 2 Blocked actors, 0 Stopped actors, and 4 active threads.
Waiting for actors to stop.
Called postfire()
Called prefire()
Called fire()
Checking for deadlock:
There are 3 Blocked actors, 0 Stopped actors, and 4 active threads.
Waiting for actors to stop.
Read input token from inputB with value 3.0
Checking for deadlock:
There are 2 Blocked actors, 0 Stopped actors, and 4 active threads.
Waiting for actors to stop.
-- Read input: 2.0, which is expected to match: 2.0
Called prefire()
Called fire()
Checking for deadlock:
There are 3 Blocked actors, 0 Stopped actors, and 4 active threads.
Waiting for actors to stop.
Sent output token with value 2.0
Next port to read input from is inputA
Called postfire()
Called prefire()
Called fire()
Called postfire()
Called prefire()
Called fire()
Checking for deadlock:
There are 3 Blocked actors, 0 Stopped actors, and 4 active threads.
Waiting for actors to stop.
Read input token from inputA with value 3.0
-- Read input: 3.0, which is expected to match: 3.0
Called prefire()
Called fire()
Checking for deadlock:
There are 3 Blocked actors, 0 Stopped actors, and 4 active threads.
Waiting for actors to stop.
Sent output token with value 3.0
Next port to read input from is inputB
Called postfire()
Called prefire()
Called fire()
Checking for deadlock:
There are 2 Blocked actors, 0 Stopped actors, and 4 active threads.
Waiting for actors to stop.
Called postfire()
Called prefire()
Called fire()
Checking for deadlock:
There are 3 Blocked actors, 0 Stopped actors, and 4 active threads.
Waiting for actors to stop.
Read input token from inputB with value 4.5
Checking for deadlock:
There are 2 Blocked actors, 0 Stopped actors, and 4 active threads.
Waiting for actors to stop.
-- Read input: 3.0, which is expected to match: 3.0
Called prefire()
Called fire()
Checking for deadlock:
There are 3 Blocked actors, 0 Stopped actors, and 4 active threads.
Waiting for actors to stop.
Sent output token with value 3.0
Next port to read input from is inputA
Called postfire()
Called prefire()
Called fire()
Called postfire()
Called prefire()
Called fire()
Checking for deadlock:
There are 3 Blocked actors, 0 Stopped actors, and 4 active threads.
Waiting for actors to stop.
Read input token from inputA with value 4.0
-- Read input: 4.0, which is expected to match: 4.0
Called prefire()
Called fire()
Past the end of training data. Read and discard all inputs.
Checking for deadlock:
There are 3 Blocked actors, 0 Stopped actors, and 4 active threads.
Waiting for actors to stop.
Sent output token with value 4.0
Next port to read input from is inputA
Called postfire()
Called prefire()
Called fire()
Called postfire()
Called prefire()
Called fire()
Checking for deadlock:
There are 3 Blocked actors, 0 Stopped actors, and 4 active threads.
Waiting for actors to stop.
Read input token from inputA with value 5.0
Called prefire()
Called fire()
Past the end of training data. Read and discard all inputs.
Checking for deadlock:
There are 3 Blocked actors, 0 Stopped actors, and 4 active threads.
Waiting for actors to stop.
Sent output token with value 4.5
Next port to read input from is inputB
Called postfire()
Called prefire()
Called fire()
Checking for deadlock:
There are 2 Blocked actors, 0 Stopped actors, and 4 active threads.
Waiting for actors to stop.
Called postfire()
Called prefire()
Called fire()
Checking for deadlock:
There are 3 Blocked actors, 0 Stopped actors, and 4 active threads.
Waiting for actors to stop.
Read input token from inputB with value 6.0
Checking for deadlock:
There are 2 Blocked actors, 0 Stopped actors, and 4 active threads.
Waiting for actors to stop.
Called prefire()
Called fire()
Past the end of training data. Read and discard all inputs.
Checking for deadlock:
There are 3 Blocked actors, 0 Stopped actors, and 4 active threads.
Waiting for actors to stop.
Sent output token with value 5.0
Next port to read input from is inputA
Called postfire()
Called prefire()
Called fire()
Called postfire()
Called prefire()
Called fire()
Checking for deadlock:
There are 3 Blocked actors, 0 Stopped actors, and 4 active threads.
Waiting for actors to stop.
Read input token from inputA with value 6.0
Called prefire()
Called fire()
Past the end of training data. Read and discard all inputs.
Checking for deadlock:
There are 3 Blocked actors, 0 Stopped actors, and 4 active threads.
Waiting for actors to stop.
Sent output token with value 6.0
Next port to read input from is inputB
Called postfire()
Called prefire()
Called fire()
Checking for deadlock:
There are 2 Blocked actors, 0 Stopped actors, and 4 active threads.
Waiting for actors to stop.
Called postfire()
Called prefire()
Called fire()
Checking for deadlock:
There are 3 Blocked actors, 0 Stopped actors, and 4 active threads.
Waiting for actors to stop.
Read input token from inputB with value 7.5
Checking for deadlock:
There are 2 Blocked actors, 0 Stopped actors, and 4 active threads.
Waiting for actors to stop.
Called prefire()
Called fire()
Past the end of training data. Read and discard all inputs.
Checking for deadlock:
There are 3 Blocked actors, 0 Stopped actors, and 4 active threads.
Waiting for actors to stop.
Sent output token with value 6.0
Next port to read input from is inputA
Called postfire()
Called prefire()
Called fire()
Called postfire()
Called prefire()
Called fire()
Checking for deadlock:
There are 3 Blocked actors, 0 Stopped actors, and 4 active threads.
Waiting for actors to stop.
Read input token from inputA with value 7.0
Called prefire()
Called fire()
Past the end of training data. Read and discard all inputs.
Checking for deadlock:
There are 3 Blocked actors, 0 Stopped actors, and 4 active threads.
Waiting for actors to stop.
Sent output token with value 7.0
Next port to read input from is inputA
Called postfire()
Called prefire()
Called fire()
-- Thread wrapup() called.
Called wrapup()
Thread .top.Ramp is exiting.
-- Thread stopped.
Checking for deadlock:
There are 2 Blocked actors, 0 Stopped actors, and 3 active threads.
Waiting for actors to stop.
Read input token from inputA with value 8.0
Checking for deadlock:
There are 1 Blocked actors, 0 Stopped actors, and 3 active threads.
Sent output token with value 7.5
Waiting for actors to stop.
Called prefire()
Called fire()
Past the end of training data. Read and discard all inputs.
Checking for deadlock:
There are 2 Blocked actors, 0 Stopped actors, and 3 active threads.
Waiting for actors to stop.
Next port to read input from is inputB
Called postfire()
Called prefire()
Called fire()
Checking for deadlock:
There are 1 Blocked actors, 0 Stopped actors, and 3 active threads.
Waiting for actors to stop.
Called postfire()
Called prefire()
Called fire()
Checking for deadlock:
There are 2 Blocked actors, 0 Stopped actors, and 3 active threads.
Waiting for actors to stop.
Read input token from inputB with value 9.0
Checking for deadlock:
There are 1 Blocked actors, 0 Stopped actors, and 3 active threads.
Waiting for actors to stop.
Called prefire()
Called fire()
Past the end of training data. Read and discard all inputs.
Checking for deadlock:
There are 2 Blocked actors, 0 Stopped actors, and 3 active threads.
Waiting for actors to stop.
Sent output token with value 8.0
Next port to read input from is inputA
Called postfire()
Called prefire()
Called fire()
Read input token from inputA with value 9.0
Called prefire()
Called fire()
Past the end of training data. Read and discard all inputs.
Checking for deadlock:
There are 2 Blocked actors, 0 Stopped actors, and 3 active threads.
Waiting for actors to stop.
Sent output token with value 9.0
Next port to read input from is inputB
Called postfire()
Called prefire()
Called fire()
Called postfire()
Called prefire()
Called fire()
Checking for deadlock:
There are 2 Blocked actors, 0 Stopped actors, and 3 active threads.
Waiting for actors to stop.
Read input token from inputB with value 10.5
Called prefire()
Called fire()
Past the end of training data. Read and discard all inputs.
Checking for deadlock:
There are 2 Blocked actors, 0 Stopped actors, and 3 active threads.
Waiting for actors to stop.
Sent output token with value 9.0
Next port to read input from is inputA
Called postfire()
Called prefire()
Called fire()
Checking for deadlock:
There are 3 Blocked actors, 0 Stopped actors, and 3 active threads.
Actors have stopped.
Checking for deadlock:
There are 3 Blocked actors, 0 Stopped actors, and 3 active threads.
Deadlock detected.
Resolving Deadlock
Checking for deadlock:
There are 3 Blocked actors, 0 Stopped actors, and 3 active threads.
Artificial Deadlock - increasing queue capacity.
increasing the capacity of receiver ptolemy.actor.TypedIOPort {.top.OrderedMerge.inputB} to 2
Director: Called postfire().
Called postfire().
_stopRequested = false
_stopFireRequested = false
Returning from postfire(): true
Called fire().
Checking for deadlock:
There are 2 Blocked actors, 0 Stopped actors, and 3 active threads.
Waiting for actors to stop.
-- Thread wrapup() called.
Called wrapup()
Thread .top.Ramp2 is exiting.
-- Thread stopped.
Checking for deadlock:
There are 2 Blocked actors, 0 Stopped actors, and 2 active threads.
Actors have stopped.
Checking for deadlock:
There are 2 Blocked actors, 0 Stopped actors, and 2 active threads.
Deadlock detected.
Resolving Deadlock
Checking for deadlock:
There are 2 Blocked actors, 0 Stopped actors, and 2 active threads.
Deadlock detected: no processes blocked on write, but some are blocked on read.
Called postfire().
_stopRequested = false
_stopFireRequested = false
Returning from postfire(): false
Finished deactivating branches.
Called wrapup().
-- Thread wrapup() called.
Called wrapup()
Thread .top.OrderedMerge is exiting.
-- Thread stopped.
-- Blocked Receiver call threw TerminateProcessException.
-- Thread wrapup() called.
Called wrapup()
Thread .top.Test is exiting.
-- Thread stopped.
-- Blocked Receiver call threw TerminateProcessException.
75 ms. Memory: 129024K Free: 96399K (75%)
.top. Preinitializing ...
Invoking preinitialize():  .top.OrderedMerge
Called preinitialize()
Invoking preinitialize():  .top.Ramp
Called preinitialize()
Invoking preinitialize():  .top.Ramp2
Called preinitialize()
Invoking preinitialize():  .top.Test
Called preinitialize()
.top. Finished preinitialize().
Called initialize().
Invoking initialize():  .top.OrderedMerge
Initializing actor: .top.OrderedMerge
Adding a thread: .top.OrderedMerge
Invoking initialize():  .top.Ramp
Initializing actor: .top.Ramp
Adding a thread: .top.Ramp
Invoking initialize():  .top.Ramp2
Initializing actor: .top.Ramp2
Adding a thread: .top.Ramp2
Invoking initialize():  .top.Test
Initializing actor: .top.Test
Adding a thread: .top.Test
-- Starting thread.
Called initialize()
Called prefire()
Called fire()
-- Starting thread.
Called initialize()
Called prefire()
Called fire()
Called postfire()
Called prefire()
Called fire()
-- Starting thread.
Called initialize()
Called prefire()
Called fire()
Called postfire()
Called prefire()
Called fire()
Called fire().
Checking for deadlock:
There are 3 Blocked actors, 0 Stopped actors, and 4 active threads.
Waiting for actors to stop.
-- Starting thread.
Called initialize()
Called prefire()
Called fire()
Checking for deadlock:
There are 2 Blocked actors, 0 Stopped actors, and 4 active threads.
Waiting for actors to stop.
Called postfire()
Called prefire()
Called fire()
Checking for deadlock:
There are 3 Blocked actors, 0 Stopped actors, and 4 active threads.
Waiting for actors to stop.
Read input token from inputA with value 0.0
Next port to read input from is inputB
Called postfire()
Called prefire()
Called fire()
Called postfire()
Called prefire()
Called fire()
Checking for deadlock:
There are 3 Blocked actors, 0 Stopped actors, and 4 active threads.
Waiting for actors to stop.
Read input token from inputB with value 0.0
-- Read input: 0.0, which is expected to match: 0.0
Called prefire()
Called fire()
Checking for deadlock:
There are 3 Blocked actors, 0 Stopped actors, and 4 active threads.
Waiting for actors to stop.
Sent output token with value 0.0
Next port to read input from is inputA
Called postfire()
Called prefire()
Called fire()
Checking for deadlock:
There are 2 Blocked actors, 0 Stopped actors, and 4 active threads.
Waiting for actors to stop.
Called postfire()
Called prefire()
Called fire()
Checking for deadlock:
There are 3 Blocked actors, 0 Stopped actors, and 4 active threads.
Waiting for actors to stop.
Read input token from inputA with value 1.0
Checking for deadlock:
There are 2 Blocked actors, 0 Stopped actors, and 4 active threads.
Waiting for actors to stop.
-- Read input: 0.0, which is expected to match: 0.0
Called prefire()
Called fire()
Checking for deadlock:
There are 3 Blocked actors, 0 Stopped actors, and 4 active threads.
Waiting for actors to stop.
Sent output token with value 0.0
Next port to read input from is inputB
Called postfire()
Called prefire()
Called fire()
Checking for deadlock:
There are 2 Blocked actors, 0 Stopped actors, and 4 active threads.
Waiting for actors to stop.
Called postfire()
Called prefire()
Called fire()
Checking for deadlock:
There are 3 Blocked actors, 0 Stopped actors, and 4 active threads.
Waiting for actors to stop.
Read input token from inputB with value 1.5
Checking for deadlock:
There are 2 Blocked actors, 0 Stopped actors, and 4 active threads.
Waiting for actors to stop.
-- Read input: 1.0, which is expected to match: 1.0
Called prefire()
Called fire()
Checking for deadlock:
There are 3 Blocked actors, 0 Stopped actors, and 4 active threads.
Waiting for actors to stop.
Sent output token with value 1.0
Next port to read input from is inputA
Called postfire()
Called prefire()
Called fire()
Checking for deadlock:
There are 2 Blocked actors, 0 Stopped actors, and 4 active threads.
Waiting for actors to stop.
Called postfire()
Called prefire()
Called fire()
Checking for deadlock:
There are 3 Blocked actors, 0 Stopped actors, and 4 active threads.
Waiting for actors to stop.
Read input token from inputA with value 2.0
Checking for deadlock:
There are 2 Blocked actors, 0 Stopped actors, and 4 active threads.
Waiting for actors to stop.
-- Read input: 1.5, which is expected to match: 1.5
Called prefire()
Called fire()
Checking for deadlock:
There are 3 Blocked actors, 0 Stopped actors, and 4 active threads.
Waiting for actors to stop.
Sent output token with value 1.5
Next port to read input from is inputB
Called postfire()
Called prefire()
Called fire()
Called postfire()
Called prefire()
Called fire()
Checking for deadlock:
There are 3 Blocked actors, 0 Stopped actors, and 4 active threads.
Waiting for actors to stop.
Read input token from inputB with value 3.0
-- Read input: 2.0, which is expected to match: 2.0
Called prefire()
Called fire()
Checking for deadlock:
There are 3 Blocked actors, 0 Stopped actors, and 4 active threads.
Waiting for actors to stop.
Sent output token with value 2.0
Next port to read input from is inputA
Called postfire()
Called prefire()
Called fire()
Checking for deadlock:
There are 2 Blocked actors, 0 Stopped actors, and 4 active threads.
Waiting for actors to stop.
Called postfire()
Called prefire()
Called fire()
Checking for deadlock:
There are 3 Blocked actors, 0 Stopped actors, and 4 active threads.
Waiting for actors to stop.
Read input token from inputA with value 3.0
Checking for deadlock:
There are 2 Blocked actors, 0 Stopped actors, and 4 active threads.
Waiting for actors to stop.
-- Read input: 3.0, which is expected to match: 3.0
Called prefire()
Called fire()
Checking for deadlock:
There are 3 Blocked actors, 0 Stopped actors, and 4 active threads.
Waiting for actors to stop.
Sent output token with value 3.0
Next port to read input from is inputB
Called postfire()
Called prefire()
Called fire()
Called postfire()
Called prefire()
Called fire()
Checking for deadlock:
There are 3 Blocked actors, 0 Stopped actors, and 4 active threads.
Waiting for actors to stop.
Read input token from inputB with value 4.5
-- Read input: 3.0, which is expected to match: 3.0
Called prefire()
Called fire()
Checking for deadlock:
There are 3 Blocked actors, 0 Stopped actors, and 4 active threads.
Waiting for actors to stop.
Sent output token with value 3.0
Next port to read input from is inputA
Called postfire()
Called prefire()
Called fire()
Checking for deadlock:
There are 2 Blocked actors, 0 Stopped actors, and 4 active threads.
Waiting for actors to stop.
Called postfire()
Called prefire()
Called fire()
Checking for deadlock:
There are 3 Blocked actors, 0 Stopped actors, and 4 active threads.
Waiting for actors to stop.
Read input token from inputA with value 4.0
Checking for deadlock:
There are 2 Blocked actors, 0 Stopped actors, and 4 active threads.
Waiting for actors to stop.
-- Read input: 4.0, which is expected to match: 4.0
Called prefire()
Called fire()
Past the end of training data. Read and discard all inputs.
Checking for deadlock:
There are 3 Blocked actors, 0 Stopped actors, and 4 active threads.
Waiting for actors to stop.
Sent output token with value 4.0
Next port to read input from is inputA
Called postfire()
Called prefire()
Called fire()
Checking for deadlock:
There are 2 Blocked actors, 0 Stopped actors, and 4 active threads.
Waiting for actors to stop.
Called postfire()
Called prefire()
Called fire()
Checking for deadlock:
There are 3 Blocked actors, 0 Stopped actors, and 4 active threads.
Waiting for actors to stop.
Read input token from inputA with value 5.0
Checking for deadlock:
There are 2 Blocked actors, 0 Stopped actors, and 4 active threads.
Waiting for actors to stop.
Called prefire()
Called fire()
Past the end of training data. Read and discard all inputs.
Checking for deadlock:
There are 3 Blocked actors, 0 Stopped actors, and 4 active threads.
Waiting for actors to stop.
Sent output token with value 4.5
Next port to read input from is inputB
Called postfire()
Called prefire()
Called fire()
Called postfire()
Called prefire()
Called fire()
Checking for deadlock:
There are 3 Blocked actors, 0 Stopped actors, and 4 active threads.
Waiting for actors to stop.
Read input token from inputB with value 6.0
Called prefire()
Called fire()
Past the end of training data. Read and discard all inputs.
Checking for deadlock:
There are 3 Blocked actors, 0 Stopped actors, and 4 active threads.
Waiting for actors to stop.
Sent output token with value 5.0
Next port to read input from is inputA
Called postfire()
Called prefire()
Called fire()
Checking for deadlock:
There are 2 Blocked actors, 0 Stopped actors, and 4 active threads.
Waiting for actors to stop.
Called postfire()
Called prefire()
Called fire()
Checking for deadlock:
There are 3 Blocked actors, 0 Stopped actors, and 4 active threads.
Waiting for actors to stop.
Read input token from inputA with value 6.0
Checking for deadlock:
There are 2 Blocked actors, 0 Stopped actors, and 4 active threads.
Waiting for actors to stop.
Called prefire()
Called fire()
Past the end of training data. Read and discard all inputs.
Checking for deadlock:
There are 3 Blocked actors, 0 Stopped actors, and 4 active threads.
Waiting for actors to stop.
Sent output token with value 6.0
Next port to read input from is inputB
Called postfire()
Called prefire()
Called fire()
Called postfire()
Called prefire()
Called fire()
Checking for deadlock:
There are 3 Blocked actors, 0 Stopped actors, and 4 active threads.
Waiting for actors to stop.
Read input token from inputB with value 7.5
Called prefire()
Called fire()
Past the end of training data. Read and discard all inputs.
Checking for deadlock:
There are 3 Blocked actors, 0 Stopped actors, and 4 active threads.
Waiting for actors to stop.
Sent output token with value 6.0
Next port to read input from is inputA
Called postfire()
Called prefire()
Called fire()
Checking for deadlock:
There are 2 Blocked actors, 0 Stopped actors, and 4 active threads.
Waiting for actors to stop.
Called postfire()
Called prefire()
Called fire()
Checking for deadlock:
There are 3 Blocked actors, 0 Stopped actors, and 4 active threads.
Waiting for actors to stop.
Read input token from inputA with value 7.0
Checking for deadlock:
There are 2 Blocked actors, 0 Stopped actors, and 4 active threads.
Waiting for actors to stop.
Called prefire()
Called fire()
Past the end of training data. Read and discard all inputs.
Checking for deadlock:
There are 3 Blocked actors, 0 Stopped actors, and 4 active threads.
Waiting for actors to stop.
Sent output token with value 7.0
Next port to read input from is inputA
Called postfire()
Called prefire()
Called fire()
Checking for deadlock:
There are 2 Blocked actors, 0 Stopped actors, and 4 active threads.
Waiting for actors to stop.
-- Thread wrapup() called.
Called wrapup()
Thread .top.Ramp is exiting.
-- Thread stopped.
Checking for deadlock:
There are 2 Blocked actors, 0 Stopped actors, and 3 active threads.
Waiting for actors to stop.
Read input token from inputA with value 8.0
Called prefire()
Called fire()
Past the end of training data. Read and discard all inputs.
Checking for deadlock:
There are 2 Blocked actors, 0 Stopped actors, and 3 active threads.
Waiting for actors to stop.
Sent output token with value 7.5
Next port to read input from is inputB
Called postfire()
Called prefire()
Called fire()
Checking for deadlock:
There are 1 Blocked actors, 0 Stopped actors, and 3 active threads.
Waiting for actors to stop.
Called postfire()
Called prefire()
Called fire()
Checking for deadlock:
There are 2 Blocked actors, 0 Stopped actors, and 3 active threads.
Waiting for actors to stop.
Read input token from inputB with value 9.0
Checking for deadlock:
There are 1 Blocked actors, 0 Stopped actors, and 3 active threads.
Waiting for actors to stop.
Called prefire()
Called fire()
Past the end of training data. Read and discard all inputs.
Checking for deadlock:
There are 2 Blocked actors, 0 Stopped actors, and 3 active threads.
Waiting for actors to stop.
Sent output token with value 8.0
Next port to read input from is inputA
Called postfire()
Called prefire()
Called fire()
Read input token from inputA with value 9.0
Called prefire()
Called fire()
Past the end of training data. Read and discard all inputs.
Checking for deadlock:
There are 2 Blocked actors, 0 Stopped actors, and 3 active threads.
Waiting for actors to stop.
Sent output token with value 9.0
Next port to read input from is inputB
Called postfire()
Called prefire()
Called fire()
Called postfire()
Called prefire()
Called fire()
Checking for deadlock:
There are 2 Blocked actors, 0 Stopped actors, and 3 active threads.
Waiting for actors to stop.
Read input token from inputB with value 10.5
Called prefire()
Called fire()
Past the end of training data. Read and discard all inputs.
Checking for deadlock:
There are 2 Blocked actors, 0 Stopped actors, and 3 active threads.
Waiting for actors to stop.
Sent output token with value 9.0
Next port to read input from is inputA
Called postfire()
Called prefire()
Called fire()
Checking for deadlock:
There are 3 Blocked actors, 0 Stopped actors, and 3 active threads.
Actors have stopped.
Checking for deadlock:
There are 3 Blocked actors, 0 Stopped actors, and 3 active threads.
Deadlock detected.
Resolving Deadlock
Checking for deadlock:
There are 3 Blocked actors, 0 Stopped actors, and 3 active threads.
Artificial Deadlock - increasing queue capacity.
increasing the capacity of receiver ptolemy.actor.TypedIOPort {.top.OrderedMerge.inputB} to 2
Director: Called postfire().
Called postfire().
_stopRequested = false
_stopFireRequested = false
Returning from postfire(): true
Called fire().
Checking for deadlock:
There are 2 Blocked actors, 0 Stopped actors, and 3 active threads.
Waiting for actors to stop.
-- Thread wrapup() called.
Called wrapup()
Thread .top.Ramp2 is exiting.
-- Thread stopped.
Checking for deadlock:
There are 2 Blocked actors, 0 Stopped actors, and 2 active threads.
Actors have stopped.
Checking for deadlock:
There are 2 Blocked actors, 0 Stopped actors, and 2 active threads.
Deadlock detected.
Resolving Deadlock
Checking for deadlock:
There are 2 Blocked actors, 0 Stopped actors, and 2 active threads.
Deadlock detected: no processes blocked on write, but some are blocked on read.
Called postfire().
_stopRequested = false
_stopFireRequested = false
Returning from postfire(): false
Finished deactivating branches.
Called wrapup().
-- Thread wrapup() called.
Called wrapup()
-- Thread wrapup() called.
Called wrapup()
Thread .top.Test is exiting.
-- Thread stopped.
-- Blocked Receiver call threw TerminateProcessException.
Thread .top.OrderedMerge is exiting.
-- Thread stopped.
-- Blocked Receiver call threw TerminateProcessException.
38 ms. Memory: 129024K Free: 94351K (73%)
/home/travis/build/icyphy/ptII/ptolemy/actor/lib/test/Publisher.tcl
12 ms. Memory: 129024K Free: 88207K (68%)
12 ms. Memory: 129024K Free: 82573K (64%)
7 ms. Memory: 129024K Free: 110286K (85%)
18 ms. Memory: 129024K Free: 109276K (85%)
9 ms. Memory: 129024K Free: 108766K (84%)
18 ms. Memory: 129024K Free: 107742K (84%)
2 ms. Memory: 129024K Free: 107198K (83%)
5 ms. Memory: 129024K Free: 106204K (82%)
34 ms. Memory: 129024K Free: 95964K (74%)
3 ms. Memory: 129024K Free: 92382K (72%)
2 ms. Memory: 129024K Free: 91868K (71%)
3 ms. Memory: 129024K Free: 89310K (69%)
6 ms. Memory: 129024K Free: 81614K (63%)
13 ms. Memory: 129024K Free: 72412K (56%)
6 ms. Memory: 129024K Free: 61148K (47%)
/home/travis/build/icyphy/ptII/ptolemy/actor/lib/test/Pulse.tcl
5 ms. Memory: 155648K Free: 116620K (75%)
8 ms. Memory: 155648K Free: 116124K (75%)
2 ms. Memory: 155648K Free: 115580K (74%)
1 ms. Memory: 155648K Free: 115100K (74%)
1 ms. Memory: 155648K Free: 114572K (74%)
12 ms. Memory: 155648K Free: 113556K (73%)
3 ms. Memory: 155648K Free: 112524K (72%)
4 ms. Memory: 155648K Free: 111500K (72%)
1 ms. Memory: 155648K Free: 111004K (71%)
/home/travis/build/icyphy/ptII/ptolemy/actor/lib/test/Ramp.tcl
6 ms. Memory: 155648K Free: 108956K (70%)
2 ms. Memory: 155648K Free: 108412K (70%)
1 ms. Memory: 155648K Free: 107418K (69%)
1 ms. Memory: 155648K Free: 106908K (69%)
4 ms. Memory: 155648K Free: 105884K (68%)
8 ms. Memory: 155648K Free: 105356K (68%)
5 ms. Memory: 155648K Free: 104332K (67%)
5 actors
11000 microseconds per iteration to create
8 ms. Memory: 155648K Free: 101274K (65%)
1 ms. Memory: 155648K Free: 100764K (65%)
2 ms. Memory: 155648K Free: 100236K (64%)
2 ms. Memory: 155648K Free: 99740K (64%)
50 actors
46000 microseconds per iteration to create
43 ms. Memory: 155648K Free: 83866K (54%)
4 ms. Memory: 155648K Free: 82828K (53%)
10 ms. Memory: 155648K Free: 81804K (53%)
4 ms. Memory: 155648K Free: 80780K (52%)
500 actors
1373000 microseconds per iteration to create
238 ms. Memory: 155648K Free: 84771K (54%)
38 ms. Memory: 155648K Free: 79645K (51%)
38 ms. Memory: 155648K Free: 74531K (48%)
34 ms. Memory: 155648K Free: 69411K (45%)
/home/travis/build/icyphy/ptII/ptolemy/actor/lib/test/RampContinuous.tcl
8 ms. Memory: 155648K Free: 67877K (44%)
/home/travis/build/icyphy/ptII/ptolemy/actor/lib/test/RecordAssembler.tcl
3 ms. Memory: 155648K Free: 66325K (43%)
2 ms. Memory: 155648K Free: 65301K (42%)
/home/travis/build/icyphy/ptII/ptolemy/actor/lib/test/RecordDisassembler.tcl
5 ms. Memory: 155648K Free: 63267K (41%)
2 ms. Memory: 155648K Free: 62757K (40%)
3 ms. Memory: 155648K Free: 61733K (40%)
/home/travis/build/icyphy/ptII/ptolemy/actor/lib/test/Scale.tcl
2 ms. Memory: 155648K Free: 59685K (38%)
2 ms. Memory: 155648K Free: 59157K (38%)
1 ms. Memory: 155648K Free: 58133K (37%)
2 ms. Memory: 155648K Free: 57123K (37%)
2 ms. Memory: 155648K Free: 56099K (36%)
/home/travis/build/icyphy/ptII/ptolemy/actor/lib/test/SequentialClock.tcl
preinitializing
resolving types
initializing
executing number 1
wrapping up
idle
2 ms. Memory: 155648K Free: 55075K (35%)
Completed execution with 5 iterations
preinitializing
resolving types
initializing
executing number 1
wrapping up
idle
2 ms. Memory: 155648K Free: 54565K (35%)
Completed execution with 5 iterations
preinitializing
resolving types
initializing
executing number 1
wrapping up
idle
2 ms. Memory: 155648K Free: 54037K (35%)
Completed execution with 5 iterations
/home/travis/build/icyphy/ptII/ptolemy/actor/lib/test/SetVariable.tcl
3 ms. Memory: 155648K Free: 51989K (33%)
/home/travis/build/icyphy/ptII/ptolemy/actor/lib/test/Sinewave.tcl
/home/travis/build/icyphy/ptII/ptolemy/actor/lib/test/SubscriptionAggregator.tcl
4 ms. Memory: 155648K Free: 125204K (80%)
2 ms. Memory: 155648K Free: 124694K (80%)
0 ms. Memory: 155648K Free: 124180K (80%)
1 ms. Memory: 155648K Free: 123670K (79%)
1 ms. Memory: 155648K Free: 120069K (77%)
8 ms. Memory: 155648K Free: 118036K (76%)
...............................................................849 ms. Memory: 280576K Free: 197438K (70%)
/home/travis/build/icyphy/ptII/ptolemy/actor/lib/test/Test.tcl
 The next command will produce a warning about training mode,
   which may be ignored.
6 ms. Memory: 280576K Free: 195383K (70%)
5 ms. Memory: 280576K Free: 194888K (69%)
2 ms. Memory: 280576K Free: 194359K (69%)
2 ms. Memory: 280576K Free: 193335K (69%)
2 ms. Memory: 280576K Free: 192840K (69%)
3 ms. Memory: 280576K Free: 191816K (68%)
4 ms. Memory: 280576K Free: 190247K (68%)
 The next command will produce a warning about training mode,
   which may be ignored.
3 ms. Memory: 280576K Free: 188215K (67%)
 The next command will produce a warning about training mode,
   which may be ignored.
3 ms. Memory: 280576K Free: 186696K (67%)
1 ms. Memory: 280576K Free: 186182K (66%)
1 ms. Memory: 280576K Free: 186182K (66%)
1 ms. Memory: 280576K Free: 185158K (66%)
6 ms. Memory: 280576K Free: 184134K (66%)
3 ms. Memory: 280576K Free: 180552K (64%)
/home/travis/build/icyphy/ptII/ptolemy/actor/lib/test/TestExceptionHandler.tcl
 The next command will produce a warning about training mode,
   which may be ignored.
3 ms. Memory: 280576K Free: 179528K (64%)
1 ms. Memory: 280576K Free: 178999K (64%)
1 ms. Memory: 280576K Free: 178504K (64%)
/home/travis/build/icyphy/ptII/ptolemy/actor/lib/test/UnionDisassembler.tcl
14 ms. Memory: 280576K Free: 170822K (61%)
/home/travis/build/icyphy/ptII/ptolemy/actor/lib/test/VariableClock.tcl
preinitializing
resolving types
initializing
executing number 1
wrapping up
idle
3 ms. Memory: 280576K Free: 169288K (60%)
Completed execution with 11 iterations
preinitializing
resolving types
initializing
executing number 1
wrapping up
idle
3 ms. Memory: 280576K Free: 167735K (60%)
Completed execution with 10 iterations
05/18/20 02:25:37
Failed: 0  Total Tests: 233  ((Passed: 233, Newly Passed: 0)  Known Failed: 0) /home/travis/build/icyphy/ptII/ptolemy/actor/lib/test
----------------- testing (KnownFailure) /home/travis/build/icyphy/ptII/ptolemy/actor/lib/test/auto/knownFailedTests/PublisherPortToplevelSubscriber.xml
0 ms. Memory: 280576K Free: 164168K (59%)
Known Failure: java.lang.reflect.InvocationTargetException
----------------- testing (KnownFailure) /home/travis/build/icyphy/ptII/ptolemy/actor/lib/test/auto/knownFailedTests/PublisherSubscriberPortToplevel.xml
0 ms. Memory: 280576K Free: 160582K (57%)
Known Failure: java.lang.reflect.InvocationTargetException
----------------- testing (KnownFailure) /home/travis/build/icyphy/ptII/ptolemy/actor/lib/test/auto/knownFailedTests/PublisherSubscriptionAggregatorPort.xml
1 ms. Memory: 280576K Free: 156486K (56%)
Known Failure: java.lang.reflect.InvocationTargetException
----------------- testing (KnownFailure) /home/travis/build/icyphy/ptII/ptolemy/actor/lib/test/auto/knownFailedTests/sizedarray3.xml
8 ms. Memory: 280576K Free: 151880K (54%)
Known Failure: java.lang.reflect.InvocationTargetException
No auto/linux-amd64/*.xml tests in /home/travis/build/icyphy/ptII/ptolemy/actor/lib/test
AutoTests.java: About to close Vertx.
AutoTests.java: Vertx closed.

===========================================================================================
----------------- testing Mon May 18 14:25:38 UTC 2020 /home/travis/build/icyphy/ptII/ptolemy/actor/lib/test/auto/AbsoluteValue.xml
----------------- Instantiating /home/travis/build/icyphy/ptII/ptolemy/actor/lib/test/auto/AbsoluteValue.xml
19 ms. Memory: 280576K Free: 129352K (46%)
----------------- Invoking toplevel() on ptolemy.moml.MoMLSimpleApplication@6500a039
----------------- Done invoking toplevel() on ptolemy.moml.MoMLSimpleApplication@6500a039
reloadAllAccessors: .AbsoluteValue

===========================================================================================
----------------- testing Mon May 18 14:25:38 UTC 2020 /home/travis/build/icyphy/ptII/ptolemy/actor/lib/test/auto/AbsoluteValue2.xml
----------------- Instantiating /home/travis/build/icyphy/ptII/ptolemy/actor/lib/test/auto/AbsoluteValue2.xml
4 ms. Memory: 280576K Free: 122184K (44%)
----------------- Invoking toplevel() on ptolemy.moml.MoMLSimpleApplication@2485b5e2
----------------- Done invoking toplevel() on ptolemy.moml.MoMLSimpleApplication@2485b5e2
reloadAllAccessors: .AbsoluteValue2

===========================================================================================
----------------- testing Mon May 18 14:25:38 UTC 2020 /home/travis/build/icyphy/ptII/ptolemy/actor/lib/test/auto/Accumulator.xml
----------------- Instantiating /home/travis/build/icyphy/ptII/ptolemy/actor/lib/test/auto/Accumulator.xml
4 ms. Memory: 280576K Free: 116040K (41%)
----------------- Invoking toplevel() on ptolemy.moml.MoMLSimpleApplication@1c6c00a4
----------------- Done invoking toplevel() on ptolemy.moml.MoMLSimpleApplication@1c6c00a4
reloadAllAccessors: .Accumulator

===========================================================================================
----------------- testing Mon May 18 14:25:38 UTC 2020 /home/travis/build/icyphy/ptII/ptolemy/actor/lib/test/auto/Accumulator2.xml
----------------- Instantiating /home/travis/build/icyphy/ptII/ptolemy/actor/lib/test/auto/Accumulator2.xml
3 ms. Memory: 280576K Free: 110406K (39%)
----------------- Invoking toplevel() on ptolemy.moml.MoMLSimpleApplication@683c20b9
----------------- Done invoking toplevel() on ptolemy.moml.MoMLSimpleApplication@683c20b9
reloadAllAccessors: .Accumulator2

===========================================================================================
----------------- testing Mon May 18 14:25:38 UTC 2020 /home/travis/build/icyphy/ptII/ptolemy/actor/lib/test/auto/Accumulator3.xml
----------------- Instantiating /home/travis/build/icyphy/ptII/ptolemy/actor/lib/test/auto/Accumulator3.xml
2 ms. Memory: 280576K Free: 106310K (38%)
----------------- Invoking toplevel() on ptolemy.moml.MoMLSimpleApplication@79694ec4
----------------- Done invoking toplevel() on ptolemy.moml.MoMLSimpleApplication@79694ec4
reloadAllAccessors: .Accumulator3

===========================================================================================
----------------- testing Mon May 18 14:25:38 UTC 2020 /home/travis/build/icyphy/ptII/ptolemy/actor/lib/test/auto/ArrayAppend.xml
----------------- Instantiating /home/travis/build/icyphy/ptII/ptolemy/actor/lib/test/auto/ArrayAppend.xml
5 ms. Memory: 280576K Free: 228876K (82%)
----------------- Invoking toplevel() on ptolemy.moml.MoMLSimpleApplication@408f77c3
----------------- Done invoking toplevel() on ptolemy.moml.MoMLSimpleApplication@408f77c3
reloadAllAccessors: .ArrayAppend

===========================================================================================
----------------- testing Mon May 18 14:25:38 UTC 2020 /home/travis/build/icyphy/ptII/ptolemy/actor/lib/test/auto/ArrayAppend2.xml
----------------- Instantiating /home/travis/build/icyphy/ptII/ptolemy/actor/lib/test/auto/ArrayAppend2.xml
348 ms. Memory: 280576K Free: 151562K (54%)
----------------- Invoking toplevel() on ptolemy.moml.MoMLSimpleApplication@6d836fa0
----------------- Done invoking toplevel() on ptolemy.moml.MoMLSimpleApplication@6d836fa0
reloadAllAccessors: .ArrayAppend2

===========================================================================================
----------------- testing Mon May 18 14:25:38 UTC 2020 /home/travis/build/icyphy/ptII/ptolemy/actor/lib/test/auto/ArrayAppend3.xml
----------------- Instantiating /home/travis/build/icyphy/ptII/ptolemy/actor/lib/test/auto/ArrayAppend3.xml
4 ms. Memory: 280576K Free: 146954K (52%)
----------------- Invoking toplevel() on ptolemy.moml.MoMLSimpleApplication@73fd6b86
----------------- Done invoking toplevel() on ptolemy.moml.MoMLSimpleApplication@73fd6b86
reloadAllAccessors: .ArrayAppend3

===========================================================================================
----------------- testing Mon May 18 14:25:38 UTC 2020 /home/travis/build/icyphy/ptII/ptolemy/actor/lib/test/auto/ArrayAppend4.xml
----------------- Instantiating /home/travis/build/icyphy/ptII/ptolemy/actor/lib/test/auto/ArrayAppend4.xml
8 ms. Memory: 280576K Free: 141322K (50%)
----------------- Invoking toplevel() on ptolemy.moml.MoMLSimpleApplication@ff4a600
----------------- Done invoking toplevel() on ptolemy.moml.MoMLSimpleApplication@ff4a600
reloadAllAccessors: .ArrayAppend4

===========================================================================================
----------------- testing Mon May 18 14:25:38 UTC 2020 /home/travis/build/icyphy/ptII/ptolemy/actor/lib/test/auto/ArrayAppend5.xml
----------------- Instantiating /home/travis/build/icyphy/ptII/ptolemy/actor/lib/test/auto/ArrayAppend5.xml
7 ms. Memory: 280576K Free: 136202K (49%)
----------------- Invoking toplevel() on ptolemy.moml.MoMLSimpleApplication@b5369e9
----------------- Done invoking toplevel() on ptolemy.moml.MoMLSimpleApplication@b5369e9
reloadAllAccessors: .ArrayAppend5

===========================================================================================
----------------- testing Mon May 18 14:25:38 UTC 2020 /home/travis/build/icyphy/ptII/ptolemy/actor/lib/test/auto/ArrayAppend6.xml
----------------- Instantiating /home/travis/build/icyphy/ptII/ptolemy/actor/lib/test/auto/ArrayAppend6.xml
2 ms. Memory: 280576K Free: 131082K (47%)
----------------- Invoking toplevel() on ptolemy.moml.MoMLSimpleApplication@387b20e0
----------------- Done invoking toplevel() on ptolemy.moml.MoMLSimpleApplication@387b20e0
reloadAllAccessors: .ArrayAppend6

===========================================================================================
----------------- testing Mon May 18 14:25:38 UTC 2020 /home/travis/build/icyphy/ptII/ptolemy/actor/lib/test/auto/ArrayAppendPerformanceTest.xml
----------------- Instantiating /home/travis/build/icyphy/ptII/ptolemy/actor/lib/test/auto/ArrayAppendPerformanceTest.xml
28 ms. Memory: 280576K Free: 119818K (43%)
----------------- Invoking toplevel() on ptolemy.moml.MoMLSimpleApplication@65899ad7
----------------- Done invoking toplevel() on ptolemy.moml.MoMLSimpleApplication@65899ad7
reloadAllAccessors: .ArrayAppendPerformanceTest

===========================================================================================
----------------- testing Mon May 18 14:25:38 UTC 2020 /home/travis/build/icyphy/ptII/ptolemy/actor/lib/test/auto/ArrayAppendWithEmptyInput.xml
----------------- Instantiating /home/travis/build/icyphy/ptII/ptolemy/actor/lib/test/auto/ArrayAppendWithEmptyInput.xml
15 ms. Memory: 280576K Free: 112140K (40%)
----------------- Invoking toplevel() on ptolemy.moml.MoMLSimpleApplication@5e68575d
----------------- Done invoking toplevel() on ptolemy.moml.MoMLSimpleApplication@5e68575d
reloadAllAccessors: .ArrayAppendWithEmptyInput

===========================================================================================
----------------- testing Mon May 18 14:25:38 UTC 2020 /home/travis/build/icyphy/ptII/ptolemy/actor/lib/test/auto/ArrayAverage.xml
----------------- Instantiating /home/travis/build/icyphy/ptII/ptolemy/actor/lib/test/auto/ArrayAverage.xml
6 ms. Memory: 280576K Free: 103948K (37%)
----------------- Invoking toplevel() on ptolemy.moml.MoMLSimpleApplication@49124cbe
----------------- Done invoking toplevel() on ptolemy.moml.MoMLSimpleApplication@49124cbe
reloadAllAccessors: .ArrayAverage

===========================================================================================
----------------- testing Mon May 18 14:25:39 UTC 2020 /home/travis/build/icyphy/ptII/ptolemy/actor/lib/test/auto/ArrayContains.xml
----------------- Instantiating /home/travis/build/icyphy/ptII/ptolemy/actor/lib/test/auto/ArrayContains.xml
5 ms. Memory: 280576K Free: 98314K (35%)
----------------- Invoking toplevel() on ptolemy.moml.MoMLSimpleApplication@379f8c4c
----------------- Done invoking toplevel() on ptolemy.moml.MoMLSimpleApplication@379f8c4c
reloadAllAccessors: .ArrayContains

===========================================================================================
----------------- testing Mon May 18 14:25:39 UTC 2020 /home/travis/build/icyphy/ptII/ptolemy/actor/lib/test/auto/ArrayElement.xml
----------------- Instantiating /home/travis/build/icyphy/ptII/ptolemy/actor/lib/test/auto/ArrayElement.xml
7 ms. Memory: 280576K Free: 92170K (33%)
----------------- Invoking toplevel() on ptolemy.moml.MoMLSimpleApplication@1499ec9a
----------------- Done invoking toplevel() on ptolemy.moml.MoMLSimpleApplication@1499ec9a
reloadAllAccessors: .ArrayElement

===========================================================================================
----------------- testing Mon May 18 14:25:39 UTC 2020 /home/travis/build/icyphy/ptII/ptolemy/actor/lib/test/auto/ArrayElementAsMatrix.xml
----------------- Instantiating /home/travis/build/icyphy/ptII/ptolemy/actor/lib/test/auto/ArrayElementAsMatrix.xml
9 ms. Memory: 280576K Free: 225283K (80%)
----------------- Invoking toplevel() on ptolemy.moml.MoMLSimpleApplication@20aea542
----------------- Done invoking toplevel() on ptolemy.moml.MoMLSimpleApplication@20aea542
reloadAllAccessors: .ArrayElementAsMatrix

===========================================================================================
----------------- testing Mon May 18 14:25:39 UTC 2020 /home/travis/build/icyphy/ptII/ptolemy/actor/lib/test/auto/ArrayElementI.xml
----------------- Instantiating /home/travis/build/icyphy/ptII/ptolemy/actor/lib/test/auto/ArrayElementI.xml
3 ms. Memory: 280576K Free: 219660K (78%)
----------------- Invoking toplevel() on ptolemy.moml.MoMLSimpleApplication@4d2c296
----------------- Done invoking toplevel() on ptolemy.moml.MoMLSimpleApplication@4d2c296
reloadAllAccessors: .ArrayElementI

===========================================================================================
----------------- testing Mon May 18 14:25:39 UTC 2020 /home/travis/build/icyphy/ptII/ptolemy/actor/lib/test/auto/ArrayExtract.xml
----------------- Instantiating /home/travis/build/icyphy/ptII/ptolemy/actor/lib/test/auto/ArrayExtract.xml
4 ms. Memory: 280576K Free: 211468K (75%)
----------------- Invoking toplevel() on ptolemy.moml.MoMLSimpleApplication@656ab312
----------------- Done invoking toplevel() on ptolemy.moml.MoMLSimpleApplication@656ab312
reloadAllAccessors: .ArrayExtract

===========================================================================================
----------------- testing Mon May 18 14:25:39 UTC 2020 /home/travis/build/icyphy/ptII/ptolemy/actor/lib/test/auto/ArrayExtract2.xml
----------------- Instantiating /home/travis/build/icyphy/ptII/ptolemy/actor/lib/test/auto/ArrayExtract2.xml
2 ms. Memory: 280576K Free: 205819K (73%)
----------------- Invoking toplevel() on ptolemy.moml.MoMLSimpleApplication@c851486
----------------- Done invoking toplevel() on ptolemy.moml.MoMLSimpleApplication@c851486
reloadAllAccessors: .ArrayExtract2

===========================================================================================
----------------- testing Mon May 18 14:25:39 UTC 2020 /home/travis/build/icyphy/ptII/ptolemy/actor/lib/test/auto/ArrayLength.xml
----------------- Instantiating /home/travis/build/icyphy/ptII/ptolemy/actor/lib/test/auto/ArrayLength.xml
2 ms. Memory: 280576K Free: 202252K (72%)
----------------- Invoking toplevel() on ptolemy.moml.MoMLSimpleApplication@5d683529
----------------- Done invoking toplevel() on ptolemy.moml.MoMLSimpleApplication@5d683529
reloadAllAccessors: .ArrayLength

===========================================================================================
----------------- testing Mon May 18 14:25:39 UTC 2020 /home/travis/build/icyphy/ptII/ptolemy/actor/lib/test/auto/ArrayLevelCrossing.xml
----------------- Instantiating /home/travis/build/icyphy/ptII/ptolemy/actor/lib/test/auto/ArrayLevelCrossing.xml
4 ms. Memory: 280576K Free: 194060K (69%)
----------------- Invoking toplevel() on ptolemy.moml.MoMLSimpleApplication@7e2c77e6
----------------- Done invoking toplevel() on ptolemy.moml.MoMLSimpleApplication@7e2c77e6
reloadAllAccessors: .ArrayLevelCrossing

===========================================================================================
----------------- testing Mon May 18 14:25:39 UTC 2020 /home/travis/build/icyphy/ptII/ptolemy/actor/lib/test/auto/ArrayLevelCrossing2.xml
----------------- Instantiating /home/travis/build/icyphy/ptII/ptolemy/actor/lib/test/auto/ArrayLevelCrossing2.xml
2 ms. Memory: 280576K Free: 186892K (67%)
----------------- Invoking toplevel() on ptolemy.moml.MoMLSimpleApplication@3bada1dc
----------------- Done invoking toplevel() on ptolemy.moml.MoMLSimpleApplication@3bada1dc
reloadAllAccessors: .ArrayLevelCrossing2

===========================================================================================
----------------- testing Mon May 18 14:25:39 UTC 2020 /home/travis/build/icyphy/ptII/ptolemy/actor/lib/test/auto/ArrayPeakSearch.xml
----------------- Instantiating /home/travis/build/icyphy/ptII/ptolemy/actor/lib/test/auto/ArrayPeakSearch.xml
5 ms. Memory: 280576K Free: 177676K (63%)
----------------- Invoking toplevel() on ptolemy.moml.MoMLSimpleApplication@300807dd
----------------- Done invoking toplevel() on ptolemy.moml.MoMLSimpleApplication@300807dd
reloadAllAccessors: .ArrayPeakSearch

===========================================================================================
----------------- testing Mon May 18 14:25:39 UTC 2020 /home/travis/build/icyphy/ptII/ptolemy/actor/lib/test/auto/ArrayPeakSearch2.xml
----------------- Instantiating /home/travis/build/icyphy/ptII/ptolemy/actor/lib/test/auto/ArrayPeakSearch2.xml
4 ms. Memory: 280576K Free: 167436K (60%)
----------------- Invoking toplevel() on ptolemy.moml.MoMLSimpleApplication@7acbe7e4
----------------- Done invoking toplevel() on ptolemy.moml.MoMLSimpleApplication@7acbe7e4
reloadAllAccessors: .ArrayPeakSearch2

===========================================================================================
----------------- testing Mon May 18 14:25:39 UTC 2020 /home/travis/build/icyphy/ptII/ptolemy/actor/lib/test/auto/ArrayPeakSearch3.xml
----------------- Instantiating /home/travis/build/icyphy/ptII/ptolemy/actor/lib/test/auto/ArrayPeakSearch3.xml
5 ms. Memory: 280576K Free: 158220K (56%)
----------------- Invoking toplevel() on ptolemy.moml.MoMLSimpleApplication@7ba1e532
----------------- Done invoking toplevel() on ptolemy.moml.MoMLSimpleApplication@7ba1e532
reloadAllAccessors: .ArrayPeakSearch3

===========================================================================================
----------------- testing Mon May 18 14:25:39 UTC 2020 /home/travis/build/icyphy/ptII/ptolemy/actor/lib/test/auto/ArrayRemoveElement.xml
----------------- Instantiating /home/travis/build/icyphy/ptII/ptolemy/actor/lib/test/auto/ArrayRemoveElement.xml
2 ms. Memory: 280576K Free: 150538K (54%)
----------------- Invoking toplevel() on ptolemy.moml.MoMLSimpleApplication@45f2631a
----------------- Done invoking toplevel() on ptolemy.moml.MoMLSimpleApplication@45f2631a
reloadAllAccessors: .ArrayRemoveElement

===========================================================================================
----------------- testing Mon May 18 14:25:39 UTC 2020 /home/travis/build/icyphy/ptII/ptolemy/actor/lib/test/auto/ArraySort.xml
----------------- Instantiating /home/travis/build/icyphy/ptII/ptolemy/actor/lib/test/auto/ArraySort.xml
3 ms. Memory: 280576K Free: 141322K (50%)
----------------- Invoking toplevel() on ptolemy.moml.MoMLSimpleApplication@57f6fd24
----------------- Done invoking toplevel() on ptolemy.moml.MoMLSimpleApplication@57f6fd24
reloadAllAccessors: .ArraySort

===========================================================================================
----------------- testing Mon May 18 14:25:39 UTC 2020 /home/travis/build/icyphy/ptII/ptolemy/actor/lib/test/auto/ArraySum.xml
----------------- Instantiating /home/travis/build/icyphy/ptII/ptolemy/actor/lib/test/auto/ArraySum.xml
2 ms. Memory: 280576K Free: 136202K (49%)
----------------- Invoking toplevel() on ptolemy.moml.MoMLSimpleApplication@428f8d36
----------------- Done invoking toplevel() on ptolemy.moml.MoMLSimpleApplication@428f8d36
reloadAllAccessors: .ArraySum

===========================================================================================
----------------- testing Mon May 18 14:25:39 UTC 2020 /home/travis/build/icyphy/ptII/ptolemy/actor/lib/test/auto/ArrayToElements.xml
----------------- Instantiating /home/travis/build/icyphy/ptII/ptolemy/actor/lib/test/auto/ArrayToElements.xml
9 ms. Memory: 280576K Free: 130572K (47%)
----------------- Invoking toplevel() on ptolemy.moml.MoMLSimpleApplication@445155c8
----------------- Done invoking toplevel() on ptolemy.moml.MoMLSimpleApplication@445155c8
reloadAllAccessors: .ArrayToElements

===========================================================================================
----------------- testing Mon May 18 14:25:39 UTC 2020 /home/travis/build/icyphy/ptII/ptolemy/actor/lib/test/auto/ArrayToMatrix.xml
----------------- Instantiating /home/travis/build/icyphy/ptII/ptolemy/actor/lib/test/auto/ArrayToMatrix.xml
6 ms. Memory: 280576K Free: 116746K (42%)
----------------- Invoking toplevel() on ptolemy.moml.MoMLSimpleApplication@29cfc751
----------------- Done invoking toplevel() on ptolemy.moml.MoMLSimpleApplication@29cfc751
reloadAllAccessors: .ArrayToMatrix

===========================================================================================
----------------- testing Mon May 18 14:25:39 UTC 2020 /home/travis/build/icyphy/ptII/ptolemy/actor/lib/test/auto/ArrayUpdate1.xml
----------------- Instantiating /home/travis/build/icyphy/ptII/ptolemy/actor/lib/test/auto/ArrayUpdate1.xml
1 ms. Memory: 280576K Free: 111626K (40%)
----------------- Invoking toplevel() on ptolemy.moml.MoMLSimpleApplication@43ad374f
----------------- Done invoking toplevel() on ptolemy.moml.MoMLSimpleApplication@43ad374f
reloadAllAccessors: .ArrayUpdate1

===========================================================================================
----------------- testing Mon May 18 14:25:39 UTC 2020 /home/travis/build/icyphy/ptII/ptolemy/actor/lib/test/auto/ArrayUpdate2.xml
----------------- Instantiating /home/travis/build/icyphy/ptII/ptolemy/actor/lib/test/auto/ArrayUpdate2.xml
3 ms. Memory: 280576K Free: 105996K (38%)
----------------- Invoking toplevel() on ptolemy.moml.MoMLSimpleApplication@3d279d6c
----------------- Done invoking toplevel() on ptolemy.moml.MoMLSimpleApplication@3d279d6c
reloadAllAccessors: .ArrayUpdate2

===========================================================================================
----------------- testing Mon May 18 14:25:39 UTC 2020 /home/travis/build/icyphy/ptII/ptolemy/actor/lib/test/auto/ArrayUpdate3.xml
----------------- Instantiating /home/travis/build/icyphy/ptII/ptolemy/actor/lib/test/auto/ArrayUpdate3.xml
5 ms. Memory: 280576K Free: 100876K (36%)
----------------- Invoking toplevel() on ptolemy.moml.MoMLSimpleApplication@ad794
----------------- Done invoking toplevel() on ptolemy.moml.MoMLSimpleApplication@ad794
reloadAllAccessors: .ArrayUpdate3

===========================================================================================
----------------- testing Mon May 18 14:25:39 UTC 2020 /home/travis/build/icyphy/ptII/ptolemy/actor/lib/test/auto/Assert1.xml
----------------- Instantiating /home/travis/build/icyphy/ptII/ptolemy/actor/lib/test/auto/Assert1.xml
7 ms. Memory: 280576K Free: 96780K (34%)
----------------- Invoking toplevel() on ptolemy.moml.MoMLSimpleApplication@aaeeb93
----------------- Done invoking toplevel() on ptolemy.moml.MoMLSimpleApplication@aaeeb93
reloadAllAccessors: .Assert1

===========================================================================================
----------------- testing Mon May 18 14:25:39 UTC 2020 /home/travis/build/icyphy/ptII/ptolemy/actor/lib/test/auto/Assert2.xml
----------------- Instantiating /home/travis/build/icyphy/ptII/ptolemy/actor/lib/test/auto/Assert2.xml
11 ms. Memory: 280576K Free: 91660K (33%)
----------------- Invoking toplevel() on ptolemy.moml.MoMLSimpleApplication@61f5a666
----------------- Done invoking toplevel() on ptolemy.moml.MoMLSimpleApplication@61f5a666
reloadAllAccessors: .Assert2

===========================================================================================
----------------- testing Mon May 18 14:25:39 UTC 2020 /home/travis/build/icyphy/ptII/ptolemy/actor/lib/test/auto/BooleanMultiplexor.xml
----------------- Instantiating /home/travis/build/icyphy/ptII/ptolemy/actor/lib/test/auto/BooleanMultiplexor.xml
2 ms. Memory: 280576K Free: 86540K (31%)
----------------- Invoking toplevel() on ptolemy.moml.MoMLSimpleApplication@1df12a64
----------------- Done invoking toplevel() on ptolemy.moml.MoMLSimpleApplication@1df12a64
reloadAllAccessors: .BooleanMultiplexor

===========================================================================================
----------------- testing Mon May 18 14:25:39 UTC 2020 /home/travis/build/icyphy/ptII/ptolemy/actor/lib/test/auto/BooleanMultiplexor2.xml
----------------- Instantiating /home/travis/build/icyphy/ptII/ptolemy/actor/lib/test/auto/BooleanMultiplexor2.xml
10 ms. Memory: 280576K Free: 79878K (28%)
----------------- Invoking toplevel() on ptolemy.moml.MoMLSimpleApplication@4719b19
----------------- Done invoking toplevel() on ptolemy.moml.MoMLSimpleApplication@4719b19
reloadAllAccessors: .BooleanMultiplexor2

===========================================================================================
----------------- testing Mon May 18 14:25:39 UTC 2020 /home/travis/build/icyphy/ptII/ptolemy/actor/lib/test/auto/BooleanMultiplexor3.xml
----------------- Instantiating /home/travis/build/icyphy/ptII/ptolemy/actor/lib/test/auto/BooleanMultiplexor3.xml
2 ms. Memory: 280576K Free: 229900K (82%)
----------------- Invoking toplevel() on ptolemy.moml.MoMLSimpleApplication@4f444c57
----------------- Done invoking toplevel() on ptolemy.moml.MoMLSimpleApplication@4f444c57
reloadAllAccessors: .BooleanMultiplexor3

===========================================================================================
----------------- testing Mon May 18 14:25:39 UTC 2020 /home/travis/build/icyphy/ptII/ptolemy/actor/lib/test/auto/BooleanSelect.xml
----------------- Instantiating /home/travis/build/icyphy/ptII/ptolemy/actor/lib/test/auto/BooleanSelect.xml
2 ms. Memory: 280576K Free: 223756K (80%)
----------------- Invoking toplevel() on ptolemy.moml.MoMLSimpleApplication@35cb56c8
----------------- Done invoking toplevel() on ptolemy.moml.MoMLSimpleApplication@35cb56c8
reloadAllAccessors: .BooleanSelect

===========================================================================================
----------------- testing Mon May 18 14:25:39 UTC 2020 /home/travis/build/icyphy/ptII/ptolemy/actor/lib/test/auto/BooleanSelect2.xml
----------------- Instantiating /home/travis/build/icyphy/ptII/ptolemy/actor/lib/test/auto/BooleanSelect2.xml
3 ms. Memory: 280576K Free: 219660K (78%)
----------------- Invoking toplevel() on ptolemy.moml.MoMLSimpleApplication@628919b0
----------------- Done invoking toplevel() on ptolemy.moml.MoMLSimpleApplication@628919b0
reloadAllAccessors: .BooleanSelect2

===========================================================================================
----------------- testing Mon May 18 14:25:39 UTC 2020 /home/travis/build/icyphy/ptII/ptolemy/actor/lib/test/auto/BooleanSwitch.xml
----------------- Instantiating /home/travis/build/icyphy/ptII/ptolemy/actor/lib/test/auto/BooleanSwitch.xml
2 ms. Memory: 280576K Free: 213516K (76%)
----------------- Invoking toplevel() on ptolemy.moml.MoMLSimpleApplication@7dbfaee6
----------------- Done invoking toplevel() on ptolemy.moml.MoMLSimpleApplication@7dbfaee6
reloadAllAccessors: .BooleanSwitch

===========================================================================================
----------------- testing Mon May 18 14:25:39 UTC 2020 /home/travis/build/icyphy/ptII/ptolemy/actor/lib/test/auto/BooleanSwitch2.xml
----------------- Instantiating /home/travis/build/icyphy/ptII/ptolemy/actor/lib/test/auto/BooleanSwitch2.xml
1 ms. Memory: 280576K Free: 209420K (75%)
----------------- Invoking toplevel() on ptolemy.moml.MoMLSimpleApplication@3ea1a844
----------------- Done invoking toplevel() on ptolemy.moml.MoMLSimpleApplication@3ea1a844
reloadAllAccessors: .BooleanSwitch2

===========================================================================================
----------------- testing Mon May 18 14:25:39 UTC 2020 /home/travis/build/icyphy/ptII/ptolemy/actor/lib/test/auto/BooleanSwitchCloningBugWithClassRelationGroup.xml
----------------- Instantiating /home/travis/build/icyphy/ptII/ptolemy/actor/lib/test/auto/BooleanSwitchCloningBugWithClassRelationGroup.xml
2 ms. Memory: 280576K Free: 202762K (72%)
----------------- Invoking toplevel() on ptolemy.moml.MoMLSimpleApplication@616a910a
----------------- Done invoking toplevel() on ptolemy.moml.MoMLSimpleApplication@616a910a
reloadAllAccessors: .BooleanSwitchCloningBugWithClassRelationGroup

===========================================================================================
----------------- testing Mon May 18 14:25:39 UTC 2020 /home/travis/build/icyphy/ptII/ptolemy/actor/lib/test/auto/BusActors.xml
----------------- Instantiating /home/travis/build/icyphy/ptII/ptolemy/actor/lib/test/auto/BusActors.xml
3 ms. Memory: 280576K Free: 195084K (70%)
----------------- Invoking toplevel() on ptolemy.moml.MoMLSimpleApplication@739a39b3
----------------- Done invoking toplevel() on ptolemy.moml.MoMLSimpleApplication@739a39b3
reloadAllAccessors: .BusActors

===========================================================================================
----------------- testing Mon May 18 14:25:39 UTC 2020 /home/travis/build/icyphy/ptII/ptolemy/actor/lib/test/auto/ClassWrapper.xml
----------------- Instantiating /home/travis/build/icyphy/ptII/ptolemy/actor/lib/test/auto/ClassWrapper.xml
3 ms. Memory: 280576K Free: 190474K (68%)
----------------- Invoking toplevel() on ptolemy.moml.MoMLSimpleApplication@75e4f507
----------------- Done invoking toplevel() on ptolemy.moml.MoMLSimpleApplication@75e4f507
reloadAllAccessors: .ClassWrapper

===========================================================================================
----------------- testing Mon May 18 14:25:39 UTC 2020 /home/travis/build/icyphy/ptII/ptolemy/actor/lib/test/auto/Clock.xml
----------------- Instantiating /home/travis/build/icyphy/ptII/ptolemy/actor/lib/test/auto/Clock.xml
1 ms. Memory: 280576K Free: 186892K (67%)
----------------- Invoking toplevel() on ptolemy.moml.MoMLSimpleApplication@32248f87
----------------- Done invoking toplevel() on ptolemy.moml.MoMLSimpleApplication@32248f87
reloadAllAccessors: .Clock

===========================================================================================
----------------- testing Mon May 18 14:25:39 UTC 2020 /home/travis/build/icyphy/ptII/ptolemy/actor/lib/test/auto/Clock10.xml
----------------- Instantiating /home/travis/build/icyphy/ptII/ptolemy/actor/lib/test/auto/Clock10.xml
4 ms. Memory: 280576K Free: 180748K (64%)
----------------- Invoking toplevel() on ptolemy.moml.MoMLSimpleApplication@55fea611
----------------- Done invoking toplevel() on ptolemy.moml.MoMLSimpleApplication@55fea611
reloadAllAccessors: .Clock10

===========================================================================================
----------------- testing Mon May 18 14:25:39 UTC 2020 /home/travis/build/icyphy/ptII/ptolemy/actor/lib/test/auto/Clock11.xml
----------------- Instantiating /home/travis/build/icyphy/ptII/ptolemy/actor/lib/test/auto/Clock11.xml
5 ms. Memory: 280576K Free: 175114K (62%)
----------------- Invoking toplevel() on ptolemy.moml.MoMLSimpleApplication@2bfcdfda
----------------- Done invoking toplevel() on ptolemy.moml.MoMLSimpleApplication@2bfcdfda
reloadAllAccessors: .Clock11

===========================================================================================
----------------- testing Mon May 18 14:25:39 UTC 2020 /home/travis/build/icyphy/ptII/ptolemy/actor/lib/test/auto/Clock12.xml
----------------- Instantiating /home/travis/build/icyphy/ptII/ptolemy/actor/lib/test/auto/Clock12.xml
4 ms. Memory: 280576K Free: 168970K (60%)
----------------- Invoking toplevel() on ptolemy.moml.MoMLSimpleApplication@2e8d0363
----------------- Done invoking toplevel() on ptolemy.moml.MoMLSimpleApplication@2e8d0363
reloadAllAccessors: .Clock12

===========================================================================================
----------------- testing Mon May 18 14:25:39 UTC 2020 /home/travis/build/icyphy/ptII/ptolemy/actor/lib/test/auto/Clock13.xml
----------------- Instantiating /home/travis/build/icyphy/ptII/ptolemy/actor/lib/test/auto/Clock13.xml
5 ms. Memory: 280576K Free: 163340K (58%)
----------------- Invoking toplevel() on ptolemy.moml.MoMLSimpleApplication@240c0ebd
----------------- Done invoking toplevel() on ptolemy.moml.MoMLSimpleApplication@240c0ebd
reloadAllAccessors: .Clock13

===========================================================================================
----------------- testing Mon May 18 14:25:40 UTC 2020 /home/travis/build/icyphy/ptII/ptolemy/actor/lib/test/auto/Clock14.xml
----------------- Instantiating /home/travis/build/icyphy/ptII/ptolemy/actor/lib/test/auto/Clock14.xml
3 ms. Memory: 280576K Free: 157196K (56%)
----------------- Invoking toplevel() on ptolemy.moml.MoMLSimpleApplication@39a9b9f8
----------------- Done invoking toplevel() on ptolemy.moml.MoMLSimpleApplication@39a9b9f8
reloadAllAccessors: .Clock14

===========================================================================================
----------------- testing Mon May 18 14:25:40 UTC 2020 /home/travis/build/icyphy/ptII/ptolemy/actor/lib/test/auto/Clock15.xml
----------------- Instantiating /home/travis/build/icyphy/ptII/ptolemy/actor/lib/test/auto/Clock15.xml
2 ms. Memory: 280576K Free: 151555K (54%)
----------------- Invoking toplevel() on ptolemy.moml.MoMLSimpleApplication@193b7863
----------------- Done invoking toplevel() on ptolemy.moml.MoMLSimpleApplication@193b7863
reloadAllAccessors: .Clock15

===========================================================================================
----------------- testing Mon May 18 14:25:40 UTC 2020 /home/travis/build/icyphy/ptII/ptolemy/actor/lib/test/auto/Clock16.xml
----------------- Instantiating /home/travis/build/icyphy/ptII/ptolemy/actor/lib/test/auto/Clock16.xml
28 ms. Memory: 280576K Free: 136716K (49%)
----------------- Invoking toplevel() on ptolemy.moml.MoMLSimpleApplication@5c5c8f21
----------------- Done invoking toplevel() on ptolemy.moml.MoMLSimpleApplication@5c5c8f21
reloadAllAccessors: .Clock16

===========================================================================================
----------------- testing Mon May 18 14:25:40 UTC 2020 /home/travis/build/icyphy/ptII/ptolemy/actor/lib/test/auto/Clock17.xml
----------------- Instantiating /home/travis/build/icyphy/ptII/ptolemy/actor/lib/test/auto/Clock17.xml
13 ms. Memory: 280576K Free: 121851K (43%)
----------------- Invoking toplevel() on ptolemy.moml.MoMLSimpleApplication@42f4b28e
----------------- Done invoking toplevel() on ptolemy.moml.MoMLSimpleApplication@42f4b28e
reloadAllAccessors: .Clock17

===========================================================================================
----------------- testing Mon May 18 14:25:40 UTC 2020 /home/travis/build/icyphy/ptII/ptolemy/actor/lib/test/auto/Clock18.xml
----------------- Instantiating /home/travis/build/icyphy/ptII/ptolemy/actor/lib/test/auto/Clock18.xml
20 ms. Memory: 280576K Free: 108539K (39%)
----------------- Invoking toplevel() on ptolemy.moml.MoMLSimpleApplication@39850f20
----------------- Done invoking toplevel() on ptolemy.moml.MoMLSimpleApplication@39850f20
reloadAllAccessors: .Clock18

===========================================================================================
----------------- testing Mon May 18 14:25:40 UTC 2020 /home/travis/build/icyphy/ptII/ptolemy/actor/lib/test/auto/Clock19.xml
----------------- Instantiating /home/travis/build/icyphy/ptII/ptolemy/actor/lib/test/auto/Clock19.xml
11 ms. Memory: 280576K Free: 95227K (34%)
----------------- Invoking toplevel() on ptolemy.moml.MoMLSimpleApplication@69d38efc
----------------- Done invoking toplevel() on ptolemy.moml.MoMLSimpleApplication@69d38efc
reloadAllAccessors: .Clock19

===========================================================================================
----------------- testing Mon May 18 14:25:40 UTC 2020 /home/travis/build/icyphy/ptII/ptolemy/actor/lib/test/auto/Clock2.xml
----------------- Instantiating /home/travis/build/icyphy/ptII/ptolemy/actor/lib/test/auto/Clock2.xml
4 ms. Memory: 280576K Free: 90636K (32%)
----------------- Invoking toplevel() on ptolemy.moml.MoMLSimpleApplication@216b5221
----------------- Done invoking toplevel() on ptolemy.moml.MoMLSimpleApplication@216b5221
reloadAllAccessors: .Clock2

===========================================================================================
----------------- testing Mon May 18 14:25:40 UTC 2020 /home/travis/build/icyphy/ptII/ptolemy/actor/lib/test/auto/Clock20.xml
----------------- Instantiating /home/travis/build/icyphy/ptII/ptolemy/actor/lib/test/auto/Clock20.xml
8 ms. Memory: 280576K Free: 85002K (30%)
----------------- Invoking toplevel() on ptolemy.moml.MoMLSimpleApplication@62c405f5
----------------- Done invoking toplevel() on ptolemy.moml.MoMLSimpleApplication@62c405f5
reloadAllAccessors: .Clock20

===========================================================================================
----------------- testing Mon May 18 14:25:40 UTC 2020 /home/travis/build/icyphy/ptII/ptolemy/actor/lib/test/auto/Clock21.xml
----------------- Instantiating /home/travis/build/icyphy/ptII/ptolemy/actor/lib/test/auto/Clock21.xml
4 ms. Memory: 280576K Free: 79882K (28%)
----------------- Invoking toplevel() on ptolemy.moml.MoMLSimpleApplication@4641bc62
----------------- Done invoking toplevel() on ptolemy.moml.MoMLSimpleApplication@4641bc62
reloadAllAccessors: .Clock21

===========================================================================================
----------------- testing Mon May 18 14:25:40 UTC 2020 /home/travis/build/icyphy/ptII/ptolemy/actor/lib/test/auto/Clock22.xml
----------------- Instantiating /home/travis/build/icyphy/ptII/ptolemy/actor/lib/test/auto/Clock22.xml
3 ms. Memory: 280576K Free: 74252K (26%)
----------------- Invoking toplevel() on ptolemy.moml.MoMLSimpleApplication@6e6f9b54
----------------- Done invoking toplevel() on ptolemy.moml.MoMLSimpleApplication@6e6f9b54
reloadAllAccessors: .Clock22

===========================================================================================
----------------- testing Mon May 18 14:25:40 UTC 2020 /home/travis/build/icyphy/ptII/ptolemy/actor/lib/test/auto/Clock23.xml
----------------- Instantiating /home/travis/build/icyphy/ptII/ptolemy/actor/lib/test/auto/Clock23.xml
5 ms. Memory: 493568K Free: 442363K (90%)
----------------- Invoking toplevel() on ptolemy.moml.MoMLSimpleApplication@4adccfe1
----------------- Done invoking toplevel() on ptolemy.moml.MoMLSimpleApplication@4adccfe1
reloadAllAccessors: .Clock23

===========================================================================================
----------------- testing Mon May 18 14:25:40 UTC 2020 /home/travis/build/icyphy/ptII/ptolemy/actor/lib/test/auto/Clock24.xml
----------------- Instantiating /home/travis/build/icyphy/ptII/ptolemy/actor/lib/test/auto/Clock24.xml
3 ms. Memory: 493568K Free: 436748K (88%)
----------------- Invoking toplevel() on ptolemy.moml.MoMLSimpleApplication@16c4c59f
----------------- Done invoking toplevel() on ptolemy.moml.MoMLSimpleApplication@16c4c59f
reloadAllAccessors: .Clock24

===========================================================================================
----------------- testing Mon May 18 14:25:40 UTC 2020 /home/travis/build/icyphy/ptII/ptolemy/actor/lib/test/auto/Clock4.xml
----------------- Instantiating /home/travis/build/icyphy/ptII/ptolemy/actor/lib/test/auto/Clock4.xml
1 ms. Memory: 493568K Free: 431628K (87%)
----------------- Invoking toplevel() on ptolemy.moml.MoMLSimpleApplication@18bc3d9c
----------------- Done invoking toplevel() on ptolemy.moml.MoMLSimpleApplication@18bc3d9c
reloadAllAccessors: .Clock4

===========================================================================================
----------------- testing Mon May 18 14:25:40 UTC 2020 /home/travis/build/icyphy/ptII/ptolemy/actor/lib/test/auto/Clock5.xml
----------------- Instantiating /home/travis/build/icyphy/ptII/ptolemy/actor/lib/test/auto/Clock5.xml
1 ms. Memory: 493568K Free: 426508K (86%)
----------------- Invoking toplevel() on ptolemy.moml.MoMLSimpleApplication@3d62f951
----------------- Done invoking toplevel() on ptolemy.moml.MoMLSimpleApplication@3d62f951
reloadAllAccessors: .Clock5

===========================================================================================
----------------- testing Mon May 18 14:25:40 UTC 2020 /home/travis/build/icyphy/ptII/ptolemy/actor/lib/test/auto/Clock6.xml
----------------- Instantiating /home/travis/build/icyphy/ptII/ptolemy/actor/lib/test/auto/Clock6.xml
2 ms. Memory: 493568K Free: 421898K (85%)
----------------- Invoking toplevel() on ptolemy.moml.MoMLSimpleApplication@723eb660
----------------- Done invoking toplevel() on ptolemy.moml.MoMLSimpleApplication@723eb660
reloadAllAccessors: .Clock6

===========================================================================================
----------------- testing Mon May 18 14:25:40 UTC 2020 /home/travis/build/icyphy/ptII/ptolemy/actor/lib/test/auto/Clock7.xml
----------------- Instantiating /home/travis/build/icyphy/ptII/ptolemy/actor/lib/test/auto/Clock7.xml
1 ms. Memory: 493568K Free: 417802K (85%)
----------------- Invoking toplevel() on ptolemy.moml.MoMLSimpleApplication@627b115
----------------- Done invoking toplevel() on ptolemy.moml.MoMLSimpleApplication@627b115
reloadAllAccessors: .Clock7

===========================================================================================
----------------- testing Mon May 18 14:25:40 UTC 2020 /home/travis/build/icyphy/ptII/ptolemy/actor/lib/test/auto/Clock8.xml
----------------- Instantiating /home/travis/build/icyphy/ptII/ptolemy/actor/lib/test/auto/Clock8.xml
3 ms. Memory: 493568K Free: 412172K (84%)
----------------- Invoking toplevel() on ptolemy.moml.MoMLSimpleApplication@1e829ae7
----------------- Done invoking toplevel() on ptolemy.moml.MoMLSimpleApplication@1e829ae7
reloadAllAccessors: .Clock8

===========================================================================================
----------------- testing Mon May 18 14:25:40 UTC 2020 /home/travis/build/icyphy/ptII/ptolemy/actor/lib/test/auto/Clock9.xml
----------------- Instantiating /home/travis/build/icyphy/ptII/ptolemy/actor/lib/test/auto/Clock9.xml
2 ms. Memory: 493568K Free: 406523K (82%)
----------------- Invoking toplevel() on ptolemy.moml.MoMLSimpleApplication@5747cf80
----------------- Done invoking toplevel() on ptolemy.moml.MoMLSimpleApplication@5747cf80
reloadAllAccessors: .Clock9

===========================================================================================
----------------- testing Mon May 18 14:25:40 UTC 2020 /home/travis/build/icyphy/ptII/ptolemy/actor/lib/test/auto/CommDistDiscard.xml
----------------- Instantiating /home/travis/build/icyphy/ptII/ptolemy/actor/lib/test/auto/CommDistDiscard.xml
3 ms. Memory: 493568K Free: 401418K (81%)
----------------- Invoking toplevel() on ptolemy.moml.MoMLSimpleApplication@37ae7d7d
----------------- Done invoking toplevel() on ptolemy.moml.MoMLSimpleApplication@37ae7d7d
reloadAllAccessors: .CommDistDiscard

===========================================================================================
----------------- testing Mon May 18 14:25:40 UTC 2020 /home/travis/build/icyphy/ptII/ptolemy/actor/lib/test/auto/Commutator.xml
----------------- Instantiating /home/travis/build/icyphy/ptII/ptolemy/actor/lib/test/auto/Commutator.xml
1 ms. Memory: 493568K Free: 396812K (80%)
----------------- Invoking toplevel() on ptolemy.moml.MoMLSimpleApplication@5f9e8916
----------------- Done invoking toplevel() on ptolemy.moml.MoMLSimpleApplication@5f9e8916
reloadAllAccessors: .Commutator

===========================================================================================
----------------- testing Mon May 18 14:25:40 UTC 2020 /home/travis/build/icyphy/ptII/ptolemy/actor/lib/test/auto/Commutator2.xml
----------------- Instantiating /home/travis/build/icyphy/ptII/ptolemy/actor/lib/test/auto/Commutator2.xml
2 ms. Memory: 493568K Free: 392716K (80%)
----------------- Invoking toplevel() on ptolemy.moml.MoMLSimpleApplication@46912969
----------------- Done invoking toplevel() on ptolemy.moml.MoMLSimpleApplication@46912969
reloadAllAccessors: .Commutator2

===========================================================================================
----------------- testing Mon May 18 14:25:40 UTC 2020 /home/travis/build/icyphy/ptII/ptolemy/actor/lib/test/auto/Commutator3.xml
----------------- Instantiating /home/travis/build/icyphy/ptII/ptolemy/actor/lib/test/auto/Commutator3.xml
2 ms. Memory: 493568K Free: 388106K (79%)
----------------- Invoking toplevel() on ptolemy.moml.MoMLSimpleApplication@64fb71d4
----------------- Done invoking toplevel() on ptolemy.moml.MoMLSimpleApplication@64fb71d4
reloadAllAccessors: .Commutator3

===========================================================================================
----------------- testing Mon May 18 14:25:40 UTC 2020 /home/travis/build/icyphy/ptII/ptolemy/actor/lib/test/auto/Compare.xml
----------------- Instantiating /home/travis/build/icyphy/ptII/ptolemy/actor/lib/test/auto/Compare.xml
1 ms. Memory: 493568K Free: 381962K (77%)
----------------- Invoking toplevel() on ptolemy.moml.MoMLSimpleApplication@2b3e87e7
----------------- Done invoking toplevel() on ptolemy.moml.MoMLSimpleApplication@2b3e87e7
reloadAllAccessors: .Compare

===========================================================================================
----------------- testing Mon May 18 14:25:40 UTC 2020 /home/travis/build/icyphy/ptII/ptolemy/actor/lib/test/auto/CompareDE.xml
----------------- Instantiating /home/travis/build/icyphy/ptII/ptolemy/actor/lib/test/auto/CompareDE.xml
3 ms. Memory: 493568K Free: 374779K (76%)
----------------- Invoking toplevel() on ptolemy.moml.MoMLSimpleApplication@2d6cb90c
----------------- Done invoking toplevel() on ptolemy.moml.MoMLSimpleApplication@2d6cb90c
reloadAllAccessors: .CompareDE

===========================================================================================
----------------- testing Mon May 18 14:25:40 UTC 2020 /home/travis/build/icyphy/ptII/ptolemy/actor/lib/test/auto/ComplexDivide.xml
----------------- Instantiating /home/travis/build/icyphy/ptII/ptolemy/actor/lib/test/auto/ComplexDivide.xml
1 ms. Memory: 493568K Free: 370698K (75%)
----------------- Invoking toplevel() on ptolemy.moml.MoMLSimpleApplication@3825bda
----------------- Done invoking toplevel() on ptolemy.moml.MoMLSimpleApplication@3825bda
reloadAllAccessors: .ComplexDivide

===========================================================================================
----------------- testing Mon May 18 14:25:40 UTC 2020 /home/travis/build/icyphy/ptII/ptolemy/actor/lib/test/auto/ComputeHistogram.xml
----------------- Instantiating /home/travis/build/icyphy/ptII/ptolemy/actor/lib/test/auto/ComputeHistogram.xml
30 ms. Memory: 493568K Free: 358410K (73%)
----------------- Invoking toplevel() on ptolemy.moml.MoMLSimpleApplication@1e9d3011
----------------- Done invoking toplevel() on ptolemy.moml.MoMLSimpleApplication@1e9d3011
reloadAllAccessors: .ComputeHistogram

===========================================================================================
----------------- testing Mon May 18 14:25:40 UTC 2020 /home/travis/build/icyphy/ptII/ptolemy/actor/lib/test/auto/ConfigurationSelect.xml
----------------- Instantiating /home/travis/build/icyphy/ptII/ptolemy/actor/lib/test/auto/ConfigurationSelect.xml
8 ms. Memory: 493568K Free: 352780K (71%)
----------------- Invoking toplevel() on ptolemy.moml.MoMLSimpleApplication@49c803e5
----------------- Done invoking toplevel() on ptolemy.moml.MoMLSimpleApplication@49c803e5
reloadAllAccessors: .ConfigurationSelect

===========================================================================================
----------------- testing Mon May 18 14:25:40 UTC 2020 /home/travis/build/icyphy/ptII/ptolemy/actor/lib/test/auto/ConfigurationSelect2.xml
----------------- Instantiating /home/travis/build/icyphy/ptII/ptolemy/actor/lib/test/auto/ConfigurationSelect2.xml
2 ms. Memory: 493568K Free: 348684K (71%)
----------------- Invoking toplevel() on ptolemy.moml.MoMLSimpleApplication@7459c96c
----------------- Done invoking toplevel() on ptolemy.moml.MoMLSimpleApplication@7459c96c
reloadAllAccessors: .ConfigurationSelect2

===========================================================================================
----------------- testing Mon May 18 14:25:40 UTC 2020 /home/travis/build/icyphy/ptII/ptolemy/actor/lib/test/auto/ConfigurationSwitch.xml
----------------- Instantiating /home/travis/build/icyphy/ptII/ptolemy/actor/lib/test/auto/ConfigurationSwitch.xml
2 ms. Memory: 493568K Free: 343050K (70%)
----------------- Invoking toplevel() on ptolemy.moml.MoMLSimpleApplication@1c2fdea3
----------------- Done invoking toplevel() on ptolemy.moml.MoMLSimpleApplication@1c2fdea3
reloadAllAccessors: .ConfigurationSwitch

===========================================================================================
----------------- testing Mon May 18 14:25:40 UTC 2020 /home/travis/build/icyphy/ptII/ptolemy/actor/lib/test/auto/ConfigurationSwitch2.xml
----------------- Instantiating /home/travis/build/icyphy/ptII/ptolemy/actor/lib/test/auto/ConfigurationSwitch2.xml
2 ms. Memory: 493568K Free: 337930K (68%)
----------------- Invoking toplevel() on ptolemy.moml.MoMLSimpleApplication@2017445c
----------------- Done invoking toplevel() on ptolemy.moml.MoMLSimpleApplication@2017445c
reloadAllAccessors: .ConfigurationSwitch2

===========================================================================================
----------------- testing Mon May 18 14:25:40 UTC 2020 /home/travis/build/icyphy/ptII/ptolemy/actor/lib/test/auto/ConfigurationSwitchCloningBugWithClassRelationGroup.xml
----------------- Instantiating /home/travis/build/icyphy/ptII/ptolemy/actor/lib/test/auto/ConfigurationSwitchCloningBugWithClassRelationGroup.xml
1 ms. Memory: 493568K Free: 330762K (67%)
----------------- Invoking toplevel() on ptolemy.moml.MoMLSimpleApplication@445adf32
----------------- Done invoking toplevel() on ptolemy.moml.MoMLSimpleApplication@445adf32
reloadAllAccessors: .ConfigurationSwitchCloningBugWithClassRelationGroup

===========================================================================================
----------------- testing Mon May 18 14:25:40 UTC 2020 /home/travis/build/icyphy/ptII/ptolemy/actor/lib/test/auto/ConfigurationSwitchSelectSDF.xml
----------------- Instantiating /home/travis/build/icyphy/ptII/ptolemy/actor/lib/test/auto/ConfigurationSwitchSelectSDF.xml
4 ms. Memory: 493568K Free: 324618K (66%)
----------------- Invoking toplevel() on ptolemy.moml.MoMLSimpleApplication@690e198a
----------------- Done invoking toplevel() on ptolemy.moml.MoMLSimpleApplication@690e198a
reloadAllAccessors: .ConfigurationSwitchSelectSDF

===========================================================================================
----------------- testing Mon May 18 14:25:40 UTC 2020 /home/travis/build/icyphy/ptII/ptolemy/actor/lib/test/auto/ConfigurationSwitchSelectSDF2.xml
----------------- Instantiating /home/travis/build/icyphy/ptII/ptolemy/actor/lib/test/auto/ConfigurationSwitchSelectSDF2.xml
2 ms. Memory: 493568K Free: 319498K (65%)
----------------- Invoking toplevel() on ptolemy.moml.MoMLSimpleApplication@7b9a28ff
----------------- Done invoking toplevel() on ptolemy.moml.MoMLSimpleApplication@7b9a28ff
reloadAllAccessors: .ConfigurationSwitchSelectSDF2

===========================================================================================
----------------- testing Mon May 18 14:25:40 UTC 2020 /home/travis/build/icyphy/ptII/ptolemy/actor/lib/test/auto/Const.xml
----------------- Instantiating /home/travis/build/icyphy/ptII/ptolemy/actor/lib/test/auto/Const.xml
1 ms. Memory: 493568K Free: 315916K (64%)
----------------- Invoking toplevel() on ptolemy.moml.MoMLSimpleApplication@6a646716
----------------- Done invoking toplevel() on ptolemy.moml.MoMLSimpleApplication@6a646716
reloadAllAccessors: .Const

===========================================================================================
----------------- testing Mon May 18 14:25:40 UTC 2020 /home/travis/build/icyphy/ptII/ptolemy/actor/lib/test/auto/Const2.xml
----------------- Instantiating /home/travis/build/icyphy/ptII/ptolemy/actor/lib/test/auto/Const2.xml
1 ms. Memory: 493568K Free: 312330K (63%)
----------------- Invoking toplevel() on ptolemy.moml.MoMLSimpleApplication@755219f9
----------------- Done invoking toplevel() on ptolemy.moml.MoMLSimpleApplication@755219f9
reloadAllAccessors: .Const2

===========================================================================================
----------------- testing Mon May 18 14:25:40 UTC 2020 /home/travis/build/icyphy/ptII/ptolemy/actor/lib/test/auto/Const3.xml
----------------- Instantiating /home/travis/build/icyphy/ptII/ptolemy/actor/lib/test/auto/Const3.xml
1 ms. Memory: 493568K Free: 309258K (63%)
----------------- Invoking toplevel() on ptolemy.moml.MoMLSimpleApplication@7849e11e
----------------- Done invoking toplevel() on ptolemy.moml.MoMLSimpleApplication@7849e11e
reloadAllAccessors: .Const3

===========================================================================================
----------------- testing Mon May 18 14:25:40 UTC 2020 /home/travis/build/icyphy/ptII/ptolemy/actor/lib/test/auto/ConstantPublisherPort1.xml
----------------- Instantiating /home/travis/build/icyphy/ptII/ptolemy/actor/lib/test/auto/ConstantPublisherPort1.xml
6 ms. Memory: 493568K Free: 300042K (61%)
----------------- Invoking toplevel() on ptolemy.moml.MoMLSimpleApplication@7f001369
----------------- Done invoking toplevel() on ptolemy.moml.MoMLSimpleApplication@7f001369
reloadAllAccessors: .ConstantPublisherPort1

===========================================================================================
----------------- testing Mon May 18 14:25:40 UTC 2020 /home/travis/build/icyphy/ptII/ptolemy/actor/lib/test/auto/ConstantPublisherPort2.xml
----------------- Instantiating /home/travis/build/icyphy/ptII/ptolemy/actor/lib/test/auto/ConstantPublisherPort2.xml
9 ms. Memory: 493568K Free: 292362K (59%)
----------------- Invoking toplevel() on ptolemy.moml.MoMLSimpleApplication@27dca911
----------------- Done invoking toplevel() on ptolemy.moml.MoMLSimpleApplication@27dca911
reloadAllAccessors: .ConstantPublisherPort2

===========================================================================================
----------------- testing Mon May 18 14:25:40 UTC 2020 /home/travis/build/icyphy/ptII/ptolemy/actor/lib/test/auto/ConstantPublisherPort3.xml
----------------- Instantiating /home/travis/build/icyphy/ptII/ptolemy/actor/lib/test/auto/ConstantPublisherPort3.xml
5 ms. Memory: 493568K Free: 284682K (58%)
----------------- Invoking toplevel() on ptolemy.moml.MoMLSimpleApplication@1b19d61
----------------- Done invoking toplevel() on ptolemy.moml.MoMLSimpleApplication@1b19d61
reloadAllAccessors: .ConstantPublisherPort3

===========================================================================================
----------------- testing Mon May 18 14:25:40 UTC 2020 /home/travis/build/icyphy/ptII/ptolemy/actor/lib/test/auto/ConstantPublisherPort4.xml
----------------- Instantiating /home/travis/build/icyphy/ptII/ptolemy/actor/lib/test/auto/ConstantPublisherPort4.xml
4 ms. Memory: 493568K Free: 278028K (56%)
----------------- Invoking toplevel() on ptolemy.moml.MoMLSimpleApplication@63e5c27b
----------------- Done invoking toplevel() on ptolemy.moml.MoMLSimpleApplication@63e5c27b
reloadAllAccessors: .ConstantPublisherPort4

===========================================================================================
----------------- testing Mon May 18 14:25:40 UTC 2020 /home/travis/build/icyphy/ptII/ptolemy/actor/lib/test/auto/ConstantPublisherPort5.xml
----------------- Instantiating /home/travis/build/icyphy/ptII/ptolemy/actor/lib/test/auto/ConstantPublisherPort5.xml
23 ms. Memory: 493568K Free: 268298K (54%)
----------------- Invoking toplevel() on ptolemy.moml.MoMLSimpleApplication@148cd766
----------------- Done invoking toplevel() on ptolemy.moml.MoMLSimpleApplication@148cd766
reloadAllAccessors: .ConstantPublisherPort5

===========================================================================================
----------------- testing Mon May 18 14:25:41 UTC 2020 /home/travis/build/icyphy/ptII/ptolemy/actor/lib/test/auto/ConstantPublisherPort6.xml
----------------- Instantiating /home/travis/build/icyphy/ptII/ptolemy/actor/lib/test/auto/ConstantPublisherPort6.xml
12 ms. Memory: 493568K Free: 259082K (52%)
----------------- Invoking toplevel() on ptolemy.moml.MoMLSimpleApplication@50926ac9
----------------- Done invoking toplevel() on ptolemy.moml.MoMLSimpleApplication@50926ac9
reloadAllAccessors: .ConstantPublisherPort6

===========================================================================================
----------------- testing Mon May 18 14:25:41 UTC 2020 /home/travis/build/icyphy/ptII/ptolemy/actor/lib/test/auto/ConstantPublisherPort7.xml
----------------- Instantiating /home/travis/build/icyphy/ptII/ptolemy/actor/lib/test/auto/ConstantPublisherPort7.xml
14 ms. Memory: 493568K Free: 250380K (51%)
----------------- Invoking toplevel() on ptolemy.moml.MoMLSimpleApplication@2241a24c
----------------- Done invoking toplevel() on ptolemy.moml.MoMLSimpleApplication@2241a24c
reloadAllAccessors: .ConstantPublisherPort7

===========================================================================================
----------------- testing Mon May 18 14:25:41 UTC 2020 /home/travis/build/icyphy/ptII/ptolemy/actor/lib/test/auto/ConstraintMonitor1.xml
----------------- Instantiating /home/travis/build/icyphy/ptII/ptolemy/actor/lib/test/auto/ConstraintMonitor1.xml
2 ms. Memory: 493568K Free: 245260K (50%)
----------------- Invoking toplevel() on ptolemy.moml.MoMLSimpleApplication@3b90bbbf
----------------- Done invoking toplevel() on ptolemy.moml.MoMLSimpleApplication@3b90bbbf
reloadAllAccessors: .ConstraintMonitor1

===========================================================================================
----------------- testing Mon May 18 14:25:41 UTC 2020 /home/travis/build/icyphy/ptII/ptolemy/actor/lib/test/auto/ConstraintMonitor2.xml
----------------- Instantiating /home/travis/build/icyphy/ptII/ptolemy/actor/lib/test/auto/ConstraintMonitor2.xml
5 ms. Memory: 493568K Free: 241164K (49%)
----------------- Invoking toplevel() on ptolemy.moml.MoMLSimpleApplication@588b65bf
----------------- Done invoking toplevel() on ptolemy.moml.MoMLSimpleApplication@588b65bf
reloadAllAccessors: .ConstraintMonitor2

===========================================================================================
----------------- testing Mon May 18 14:25:41 UTC 2020 /home/travis/build/icyphy/ptII/ptolemy/actor/lib/test/auto/ConstraintMonitor3.xml
----------------- Instantiating /home/travis/build/icyphy/ptII/ptolemy/actor/lib/test/auto/ConstraintMonitor3.xml
4 ms. Memory: 493568K Free: 236554K (48%)
----------------- Invoking toplevel() on ptolemy.moml.MoMLSimpleApplication@66947580
----------------- Done invoking toplevel() on ptolemy.moml.MoMLSimpleApplication@66947580
reloadAllAccessors: .ConstraintMonitor3

===========================================================================================
----------------- testing Mon May 18 14:25:41 UTC 2020 /home/travis/build/icyphy/ptII/ptolemy/actor/lib/test/auto/ConstraintMonitor4.xml
----------------- Instantiating /home/travis/build/icyphy/ptII/ptolemy/actor/lib/test/auto/ConstraintMonitor4.xml
1 ms. Memory: 493568K Free: 231434K (47%)
----------------- Invoking toplevel() on ptolemy.moml.MoMLSimpleApplication@5341e44
----------------- Done invoking toplevel() on ptolemy.moml.MoMLSimpleApplication@5341e44
reloadAllAccessors: .ConstraintMonitor4

===========================================================================================
----------------- testing Mon May 18 14:25:41 UTC 2020 /home/travis/build/icyphy/ptII/ptolemy/actor/lib/test/auto/ConstraintMonitor5.xml
----------------- Instantiating /home/travis/build/icyphy/ptII/ptolemy/actor/lib/test/auto/ConstraintMonitor5.xml
3 ms. Memory: 493568K Free: 441866K (90%)
----------------- Invoking toplevel() on ptolemy.moml.MoMLSimpleApplication@70631616
----------------- Done invoking toplevel() on ptolemy.moml.MoMLSimpleApplication@70631616
reloadAllAccessors: .ConstraintMonitor5

===========================================================================================
----------------- testing Mon May 18 14:25:41 UTC 2020 /home/travis/build/icyphy/ptII/ptolemy/actor/lib/test/auto/ConstraintMonitor6.xml
----------------- Instantiating /home/travis/build/icyphy/ptII/ptolemy/actor/lib/test/auto/ConstraintMonitor6.xml
2 ms. Memory: 493568K Free: 435707K (88%)
----------------- Invoking toplevel() on ptolemy.moml.MoMLSimpleApplication@5201deb7
----------------- Done invoking toplevel() on ptolemy.moml.MoMLSimpleApplication@5201deb7
reloadAllAccessors: .ConstraintMonitor6

===========================================================================================
----------------- testing Mon May 18 14:25:41 UTC 2020 /home/travis/build/icyphy/ptII/ptolemy/actor/lib/test/auto/ConstraintMonitor7.xml
----------------- Instantiating /home/travis/build/icyphy/ptII/ptolemy/actor/lib/test/auto/ConstraintMonitor7.xml
2 ms. Memory: 493568K Free: 429563K (87%)
----------------- Invoking toplevel() on ptolemy.moml.MoMLSimpleApplication@aaf918
----------------- Done invoking toplevel() on ptolemy.moml.MoMLSimpleApplication@aaf918
reloadAllAccessors: .ConstraintMonitor7

===========================================================================================
----------------- testing Mon May 18 14:25:41 UTC 2020 /home/travis/build/icyphy/ptII/ptolemy/actor/lib/test/auto/ConstraintMonitor8.xml
----------------- Instantiating /home/travis/build/icyphy/ptII/ptolemy/actor/lib/test/auto/ConstraintMonitor8.xml
5 ms. Memory: 493568K Free: 422410K (86%)
----------------- Invoking toplevel() on ptolemy.moml.MoMLSimpleApplication@29dcaa02
----------------- Done invoking toplevel() on ptolemy.moml.MoMLSimpleApplication@29dcaa02
reloadAllAccessors: .ConstraintMonitor8

===========================================================================================
----------------- testing Mon May 18 14:25:41 UTC 2020 /home/travis/build/icyphy/ptII/ptolemy/actor/lib/test/auto/Counter.xml
----------------- Instantiating /home/travis/build/icyphy/ptII/ptolemy/actor/lib/test/auto/Counter.xml
1 ms. Memory: 493568K Free: 416780K (84%)
----------------- Invoking toplevel() on ptolemy.moml.MoMLSimpleApplication@5417fc62
----------------- Done invoking toplevel() on ptolemy.moml.MoMLSimpleApplication@5417fc62
reloadAllAccessors: .Counter

===========================================================================================
----------------- testing Mon May 18 14:25:41 UTC 2020 /home/travis/build/icyphy/ptII/ptolemy/actor/lib/test/auto/CurrentTimeSDF.xml
----------------- Instantiating /home/travis/build/icyphy/ptII/ptolemy/actor/lib/test/auto/CurrentTimeSDF.xml
1 ms. Memory: 493568K Free: 412684K (84%)
----------------- Invoking toplevel() on ptolemy.moml.MoMLSimpleApplication@7525430d
----------------- Done invoking toplevel() on ptolemy.moml.MoMLSimpleApplication@7525430d
reloadAllAccessors: .CurrentTimeSDF

===========================================================================================
----------------- testing Mon May 18 14:25:41 UTC 2020 /home/travis/build/icyphy/ptII/ptolemy/actor/lib/test/auto/DB.xml
----------------- Instantiating /home/travis/build/icyphy/ptII/ptolemy/actor/lib/test/auto/DB.xml
1 ms. Memory: 493568K Free: 408074K (83%)
----------------- Invoking toplevel() on ptolemy.moml.MoMLSimpleApplication@616eb288
----------------- Done invoking toplevel() on ptolemy.moml.MoMLSimpleApplication@616eb288
reloadAllAccessors: .DB

===========================================================================================
----------------- testing Mon May 18 14:25:41 UTC 2020 /home/travis/build/icyphy/ptII/ptolemy/actor/lib/test/auto/DBDE.xml
----------------- Instantiating /home/travis/build/icyphy/ptII/ptolemy/actor/lib/test/auto/DBDE.xml
2 ms. Memory: 493568K Free: 401899K (81%)
----------------- Invoking toplevel() on ptolemy.moml.MoMLSimpleApplication@1d777cef
----------------- Done invoking toplevel() on ptolemy.moml.MoMLSimpleApplication@1d777cef
reloadAllAccessors: .DBDE

===========================================================================================
----------------- testing Mon May 18 14:25:41 UTC 2020 /home/travis/build/icyphy/ptII/ptolemy/actor/lib/test/auto/DateConstructor.xml
----------------- Instantiating /home/travis/build/icyphy/ptII/ptolemy/actor/lib/test/auto/DateConstructor.xml
28 ms. Memory: 493568K Free: 384522K (78%)
----------------- Invoking toplevel() on ptolemy.moml.MoMLSimpleApplication@3d95949e
----------------- Done invoking toplevel() on ptolemy.moml.MoMLSimpleApplication@3d95949e
reloadAllAccessors: .DateConstructor

===========================================================================================
----------------- testing Mon May 18 14:25:41 UTC 2020 /home/travis/build/icyphy/ptII/ptolemy/actor/lib/test/auto/DelayTime.xml
----------------- Instantiating /home/travis/build/icyphy/ptII/ptolemy/actor/lib/test/auto/DelayTime.xml
4 ms. Memory: 493568K Free: 379916K (77%)
----------------- Invoking toplevel() on ptolemy.moml.MoMLSimpleApplication@44be0307
----------------- Done invoking toplevel() on ptolemy.moml.MoMLSimpleApplication@44be0307
reloadAllAccessors: .DelayTime

===========================================================================================
----------------- testing Mon May 18 14:25:41 UTC 2020 /home/travis/build/icyphy/ptII/ptolemy/actor/lib/test/auto/Dictionary1.xml
----------------- Instantiating /home/travis/build/icyphy/ptII/ptolemy/actor/lib/test/auto/Dictionary1.xml
9 ms. Memory: 493568K Free: 374282K (76%)
----------------- Invoking toplevel() on ptolemy.moml.MoMLSimpleApplication@5abf3c2
----------------- Done invoking toplevel() on ptolemy.moml.MoMLSimpleApplication@5abf3c2
reloadAllAccessors: .Dictionary1

===========================================================================================
----------------- testing Mon May 18 14:25:41 UTC 2020 /home/travis/build/icyphy/ptII/ptolemy/actor/lib/test/auto/Dictionary2.xml
----------------- Instantiating /home/travis/build/icyphy/ptII/ptolemy/actor/lib/test/auto/Dictionary2.xml
3 ms. Memory: 493568K Free: 368652K (75%)
----------------- Invoking toplevel() on ptolemy.moml.MoMLSimpleApplication@1241c5cb
----------------- Done invoking toplevel() on ptolemy.moml.MoMLSimpleApplication@1241c5cb
reloadAllAccessors: .Dictionary2

===========================================================================================
----------------- testing Mon May 18 14:25:41 UTC 2020 /home/travis/build/icyphy/ptII/ptolemy/actor/lib/test/auto/Dictionary3.xml
----------------- Instantiating /home/travis/build/icyphy/ptII/ptolemy/actor/lib/test/auto/Dictionary3.xml
1 ms. Memory: 493568K Free: 363018K (74%)
----------------- Invoking toplevel() on ptolemy.moml.MoMLSimpleApplication@22487972
----------------- Done invoking toplevel() on ptolemy.moml.MoMLSimpleApplication@22487972
reloadAllAccessors: .Dictionary3

===========================================================================================
----------------- testing Mon May 18 14:25:41 UTC 2020 /home/travis/build/icyphy/ptII/ptolemy/actor/lib/test/auto/Dictionary4.xml
----------------- Instantiating /home/travis/build/icyphy/ptII/ptolemy/actor/lib/test/auto/Dictionary4.xml
2 ms. Memory: 493568K Free: 356364K (72%)
----------------- Invoking toplevel() on ptolemy.moml.MoMLSimpleApplication@a590a30
----------------- Done invoking toplevel() on ptolemy.moml.MoMLSimpleApplication@a590a30
reloadAllAccessors: .Dictionary4

===========================================================================================
----------------- testing Mon May 18 14:25:41 UTC 2020 /home/travis/build/icyphy/ptII/ptolemy/actor/lib/test/auto/Differential.xml
----------------- Instantiating /home/travis/build/icyphy/ptII/ptolemy/actor/lib/test/auto/Differential.xml
2 ms. Memory: 493568K Free: 351754K (71%)
----------------- Invoking toplevel() on ptolemy.moml.MoMLSimpleApplication@432c266d
----------------- Done invoking toplevel() on ptolemy.moml.MoMLSimpleApplication@432c266d
reloadAllAccessors: .Differential

===========================================================================================
----------------- testing Mon May 18 14:25:41 UTC 2020 /home/travis/build/icyphy/ptII/ptolemy/actor/lib/test/auto/Director.xml
----------------- Instantiating /home/travis/build/icyphy/ptII/ptolemy/actor/lib/test/auto/Director.xml
1 ms. Memory: 493568K Free: 348172K (71%)
----------------- Invoking toplevel() on ptolemy.moml.MoMLSimpleApplication@b13560e
----------------- Done invoking toplevel() on ptolemy.moml.MoMLSimpleApplication@b13560e
reloadAllAccessors: .Director

===========================================================================================
----------------- testing Mon May 18 14:25:41 UTC 2020 /home/travis/build/icyphy/ptII/ptolemy/actor/lib/test/auto/DiscreteClock.xml
----------------- Instantiating /home/travis/build/icyphy/ptII/ptolemy/actor/lib/test/auto/DiscreteClock.xml
1 ms. Memory: 493568K Free: 344586K (70%)
----------------- Invoking toplevel() on ptolemy.moml.MoMLSimpleApplication@26d397cb
----------------- Done invoking toplevel() on ptolemy.moml.MoMLSimpleApplication@26d397cb
reloadAllAccessors: .DiscreteClock

===========================================================================================
----------------- testing Mon May 18 14:25:41 UTC 2020 /home/travis/build/icyphy/ptII/ptolemy/actor/lib/test/auto/DiscreteClock10.xml
----------------- Instantiating /home/travis/build/icyphy/ptII/ptolemy/actor/lib/test/auto/DiscreteClock10.xml
3 ms. Memory: 493568K Free: 338442K (69%)
----------------- Invoking toplevel() on ptolemy.moml.MoMLSimpleApplication@2a0162b3
----------------- Done invoking toplevel() on ptolemy.moml.MoMLSimpleApplication@2a0162b3
reloadAllAccessors: .DiscreteClock10

===========================================================================================
----------------- testing Mon May 18 14:25:41 UTC 2020 /home/travis/build/icyphy/ptII/ptolemy/actor/lib/test/auto/DiscreteClock11.xml
----------------- Instantiating /home/travis/build/icyphy/ptII/ptolemy/actor/lib/test/auto/DiscreteClock11.xml
1 ms. Memory: 493568K Free: 332298K (67%)
----------------- Invoking toplevel() on ptolemy.moml.MoMLSimpleApplication@355fa287
----------------- Done invoking toplevel() on ptolemy.moml.MoMLSimpleApplication@355fa287
reloadAllAccessors: .DiscreteClock11

===========================================================================================
----------------- testing Mon May 18 14:25:41 UTC 2020 /home/travis/build/icyphy/ptII/ptolemy/actor/lib/test/auto/DiscreteClock12.xml
----------------- Instantiating /home/travis/build/icyphy/ptII/ptolemy/actor/lib/test/auto/DiscreteClock12.xml
2 ms. Memory: 493568K Free: 326154K (66%)
----------------- Invoking toplevel() on ptolemy.moml.MoMLSimpleApplication@208f2f24
----------------- Done invoking toplevel() on ptolemy.moml.MoMLSimpleApplication@208f2f24
reloadAllAccessors: .DiscreteClock12

===========================================================================================
----------------- testing Mon May 18 14:25:41 UTC 2020 /home/travis/build/icyphy/ptII/ptolemy/actor/lib/test/auto/DiscreteClock13.xml
----------------- Instantiating /home/travis/build/icyphy/ptII/ptolemy/actor/lib/test/auto/DiscreteClock13.xml
5 ms. Memory: 493568K Free: 320524K (65%)
----------------- Invoking toplevel() on ptolemy.moml.MoMLSimpleApplication@7a85acf8
----------------- Done invoking toplevel() on ptolemy.moml.MoMLSimpleApplication@7a85acf8
reloadAllAccessors: .DiscreteClock13

===========================================================================================
----------------- testing Mon May 18 14:25:41 UTC 2020 /home/travis/build/icyphy/ptII/ptolemy/actor/lib/test/auto/DiscreteClock14.xml
----------------- Instantiating /home/travis/build/icyphy/ptII/ptolemy/actor/lib/test/auto/DiscreteClock14.xml
4 ms. Memory: 493568K Free: 314380K (64%)
----------------- Invoking toplevel() on ptolemy.moml.MoMLSimpleApplication@71981e6c
----------------- Done invoking toplevel() on ptolemy.moml.MoMLSimpleApplication@71981e6c
reloadAllAccessors: .DiscreteClock14

===========================================================================================
----------------- testing Mon May 18 14:25:41 UTC 2020 /home/travis/build/icyphy/ptII/ptolemy/actor/lib/test/auto/DiscreteClock15.xml
----------------- Instantiating /home/travis/build/icyphy/ptII/ptolemy/actor/lib/test/auto/DiscreteClock15.xml
4 ms. Memory: 493568K Free: 308236K (62%)
----------------- Invoking toplevel() on ptolemy.moml.MoMLSimpleApplication@561fd57d
----------------- Done invoking toplevel() on ptolemy.moml.MoMLSimpleApplication@561fd57d
reloadAllAccessors: .DiscreteClock15

===========================================================================================
----------------- testing Mon May 18 14:25:41 UTC 2020 /home/travis/build/icyphy/ptII/ptolemy/actor/lib/test/auto/DiscreteClock16.xml
----------------- Instantiating /home/travis/build/icyphy/ptII/ptolemy/actor/lib/test/auto/DiscreteClock16.xml
15 ms. Memory: 493568K Free: 294395K (60%)
----------------- Invoking toplevel() on ptolemy.moml.MoMLSimpleApplication@3067a024
----------------- Done invoking toplevel() on ptolemy.moml.MoMLSimpleApplication@3067a024
reloadAllAccessors: .DiscreteClock16

===========================================================================================
----------------- testing Mon May 18 14:25:41 UTC 2020 /home/travis/build/icyphy/ptII/ptolemy/actor/lib/test/auto/DiscreteClock17.xml
----------------- Instantiating /home/travis/build/icyphy/ptII/ptolemy/actor/lib/test/auto/DiscreteClock17.xml
15 ms. Memory: 493568K Free: 280588K (57%)
----------------- Invoking toplevel() on ptolemy.moml.MoMLSimpleApplication@5fbc4254
----------------- Done invoking toplevel() on ptolemy.moml.MoMLSimpleApplication@5fbc4254
reloadAllAccessors: .DiscreteClock17

===========================================================================================
----------------- testing Mon May 18 14:25:41 UTC 2020 /home/travis/build/icyphy/ptII/ptolemy/actor/lib/test/auto/DiscreteClock18.xml
----------------- Instantiating /home/travis/build/icyphy/ptII/ptolemy/actor/lib/test/auto/DiscreteClock18.xml
21 ms. Memory: 493568K Free: 266252K (54%)
----------------- Invoking toplevel() on ptolemy.moml.MoMLSimpleApplication@6219c3d9
----------------- Done invoking toplevel() on ptolemy.moml.MoMLSimpleApplication@6219c3d9
reloadAllAccessors: .DiscreteClock18

===========================================================================================
----------------- testing Mon May 18 14:25:41 UTC 2020 /home/travis/build/icyphy/ptII/ptolemy/actor/lib/test/auto/DiscreteClock19.xml
----------------- Instantiating /home/travis/build/icyphy/ptII/ptolemy/actor/lib/test/auto/DiscreteClock19.xml
17 ms. Memory: 493568K Free: 252426K (51%)
----------------- Invoking toplevel() on ptolemy.moml.MoMLSimpleApplication@43a28422
----------------- Done invoking toplevel() on ptolemy.moml.MoMLSimpleApplication@43a28422
reloadAllAccessors: .DiscreteClock19

===========================================================================================
----------------- testing Mon May 18 14:25:41 UTC 2020 /home/travis/build/icyphy/ptII/ptolemy/actor/lib/test/auto/DiscreteClock2.xml
----------------- Instantiating /home/travis/build/icyphy/ptII/ptolemy/actor/lib/test/auto/DiscreteClock2.xml
3 ms. Memory: 493568K Free: 247275K (50%)
----------------- Invoking toplevel() on ptolemy.moml.MoMLSimpleApplication@22c6b3ff
----------------- Done invoking toplevel() on ptolemy.moml.MoMLSimpleApplication@22c6b3ff
reloadAllAccessors: .DiscreteClock2

===========================================================================================
----------------- testing Mon May 18 14:25:41 UTC 2020 /home/travis/build/icyphy/ptII/ptolemy/actor/lib/test/auto/DiscreteClock20.xml
----------------- Instantiating /home/travis/build/icyphy/ptII/ptolemy/actor/lib/test/auto/DiscreteClock20.xml
5 ms. Memory: 493568K Free: 242186K (49%)
----------------- Invoking toplevel() on ptolemy.moml.MoMLSimpleApplication@2667806e
----------------- Done invoking toplevel() on ptolemy.moml.MoMLSimpleApplication@2667806e
reloadAllAccessors: .DiscreteClock20

===========================================================================================
----------------- testing Mon May 18 14:25:41 UTC 2020 /home/travis/build/icyphy/ptII/ptolemy/actor/lib/test/auto/DiscreteClock21.xml
----------------- Instantiating /home/travis/build/icyphy/ptII/ptolemy/actor/lib/test/auto/DiscreteClock21.xml
4 ms. Memory: 493568K Free: 236556K (48%)
----------------- Invoking toplevel() on ptolemy.moml.MoMLSimpleApplication@7409da14
----------------- Done invoking toplevel() on ptolemy.moml.MoMLSimpleApplication@7409da14
reloadAllAccessors: .DiscreteClock21

===========================================================================================
----------------- testing Mon May 18 14:25:41 UTC 2020 /home/travis/build/icyphy/ptII/ptolemy/actor/lib/test/auto/DiscreteClock22.xml
----------------- Instantiating /home/travis/build/icyphy/ptII/ptolemy/actor/lib/test/auto/DiscreteClock22.xml
4 ms. Memory: 493568K Free: 230922K (47%)
----------------- Invoking toplevel() on ptolemy.moml.MoMLSimpleApplication@21042b4f
----------------- Done invoking toplevel() on ptolemy.moml.MoMLSimpleApplication@21042b4f
reloadAllAccessors: .DiscreteClock22

===========================================================================================
----------------- testing Mon May 18 14:25:41 UTC 2020 /home/travis/build/icyphy/ptII/ptolemy/actor/lib/test/auto/DiscreteClock23.xml
----------------- Instantiating /home/travis/build/icyphy/ptII/ptolemy/actor/lib/test/auto/DiscreteClock23.xml
8 ms. Memory: 493568K Free: 225292K (46%)
----------------- Invoking toplevel() on ptolemy.moml.MoMLSimpleApplication@1c6ac398
----------------- Done invoking toplevel() on ptolemy.moml.MoMLSimpleApplication@1c6ac398
reloadAllAccessors: .DiscreteClock23

===========================================================================================
----------------- testing Mon May 18 14:25:41 UTC 2020 /home/travis/build/icyphy/ptII/ptolemy/actor/lib/test/auto/DiscreteClock24.xml
----------------- Instantiating /home/travis/build/icyphy/ptII/ptolemy/actor/lib/test/auto/DiscreteClock24.xml
4 ms. Memory: 493568K Free: 220172K (45%)
----------------- Invoking toplevel() on ptolemy.moml.MoMLSimpleApplication@3353d7dd
----------------- Done invoking toplevel() on ptolemy.moml.MoMLSimpleApplication@3353d7dd
reloadAllAccessors: .DiscreteClock24

===========================================================================================
----------------- testing Mon May 18 14:25:41 UTC 2020 /home/travis/build/icyphy/ptII/ptolemy/actor/lib/test/auto/DiscreteClock4.xml
----------------- Instantiating /home/travis/build/icyphy/ptII/ptolemy/actor/lib/test/auto/DiscreteClock4.xml
3 ms. Memory: 493568K Free: 214523K (43%)
----------------- Invoking toplevel() on ptolemy.moml.MoMLSimpleApplication@2c40083b
----------------- Done invoking toplevel() on ptolemy.moml.MoMLSimpleApplication@2c40083b
reloadAllAccessors: .DiscreteClock4

===========================================================================================
----------------- testing Mon May 18 14:25:41 UTC 2020 /home/travis/build/icyphy/ptII/ptolemy/actor/lib/test/auto/DiscreteClock5.xml
----------------- Instantiating /home/travis/build/icyphy/ptII/ptolemy/actor/lib/test/auto/DiscreteClock5.xml
2 ms. Memory: 493568K Free: 208908K (42%)
----------------- Invoking toplevel() on ptolemy.moml.MoMLSimpleApplication@5b388000
----------------- Done invoking toplevel() on ptolemy.moml.MoMLSimpleApplication@5b388000
reloadAllAccessors: .DiscreteClock5

===========================================================================================
----------------- testing Mon May 18 14:25:41 UTC 2020 /home/travis/build/icyphy/ptII/ptolemy/actor/lib/test/auto/DiscreteClock6.xml
----------------- Instantiating /home/travis/build/icyphy/ptII/ptolemy/actor/lib/test/auto/DiscreteClock6.xml
1 ms. Memory: 493568K Free: 204298K (41%)
----------------- Invoking toplevel() on ptolemy.moml.MoMLSimpleApplication@23964003
----------------- Done invoking toplevel() on ptolemy.moml.MoMLSimpleApplication@23964003
reloadAllAccessors: .DiscreteClock6

===========================================================================================
----------------- testing Mon May 18 14:25:41 UTC 2020 /home/travis/build/icyphy/ptII/ptolemy/actor/lib/test/auto/DiscreteClock7.xml
----------------- Instantiating /home/travis/build/icyphy/ptII/ptolemy/actor/lib/test/auto/DiscreteClock7.xml
1 ms. Memory: 493568K Free: 199178K (40%)
----------------- Invoking toplevel() on ptolemy.moml.MoMLSimpleApplication@79612fff
----------------- Done invoking toplevel() on ptolemy.moml.MoMLSimpleApplication@79612fff
reloadAllAccessors: .DiscreteClock7

===========================================================================================
----------------- testing Mon May 18 14:25:41 UTC 2020 /home/travis/build/icyphy/ptII/ptolemy/actor/lib/test/auto/DiscreteClock8.xml
----------------- Instantiating /home/travis/build/icyphy/ptII/ptolemy/actor/lib/test/auto/DiscreteClock8.xml
2 ms. Memory: 493568K Free: 194027K (39%)
----------------- Invoking toplevel() on ptolemy.moml.MoMLSimpleApplication@68c00e5c
----------------- Done invoking toplevel() on ptolemy.moml.MoMLSimpleApplication@68c00e5c
reloadAllAccessors: .DiscreteClock8

===========================================================================================
----------------- testing Mon May 18 14:25:41 UTC 2020 /home/travis/build/icyphy/ptII/ptolemy/actor/lib/test/auto/DiscreteClock9.xml
----------------- Instantiating /home/travis/build/icyphy/ptII/ptolemy/actor/lib/test/auto/DiscreteClock9.xml
4 ms. Memory: 493568K Free: 187883K (38%)
----------------- Invoking toplevel() on ptolemy.moml.MoMLSimpleApplication@14cf5c60
----------------- Done invoking toplevel() on ptolemy.moml.MoMLSimpleApplication@14cf5c60
reloadAllAccessors: .DiscreteClock9

===========================================================================================
----------------- testing Mon May 18 14:25:42 UTC 2020 /home/travis/build/icyphy/ptII/ptolemy/actor/lib/test/auto/DisplayArray.xml
----------------- Instantiating /home/travis/build/icyphy/ptII/ptolemy/actor/lib/test/auto/DisplayArray.xml
1 ms. Memory: 493568K Free: 184332K (37%)
----------------- Invoking toplevel() on ptolemy.moml.MoMLSimpleApplication@541d075f
----------------- Done invoking toplevel() on ptolemy.moml.MoMLSimpleApplication@541d075f
reloadAllAccessors: .DisplayArray

===========================================================================================
----------------- testing Mon May 18 14:25:42 UTC 2020 /home/travis/build/icyphy/ptII/ptolemy/actor/lib/test/auto/Distributor.xml
----------------- Instantiating /home/travis/build/icyphy/ptII/ptolemy/actor/lib/test/auto/Distributor.xml
1 ms. Memory: 493568K Free: 440330K (89%)
----------------- Invoking toplevel() on ptolemy.moml.MoMLSimpleApplication@4b9093f0
----------------- Done invoking toplevel() on ptolemy.moml.MoMLSimpleApplication@4b9093f0
reloadAllAccessors: .Distributor

===========================================================================================
----------------- testing Mon May 18 14:25:42 UTC 2020 /home/travis/build/icyphy/ptII/ptolemy/actor/lib/test/auto/Distributor2.xml
----------------- Instantiating /home/travis/build/icyphy/ptII/ptolemy/actor/lib/test/auto/Distributor2.xml
1 ms. Memory: 493568K Free: 435210K (88%)
----------------- Invoking toplevel() on ptolemy.moml.MoMLSimpleApplication@1fc176b5
----------------- Done invoking toplevel() on ptolemy.moml.MoMLSimpleApplication@1fc176b5
reloadAllAccessors: .Distributor2

===========================================================================================
----------------- testing Mon May 18 14:25:42 UTC 2020 /home/travis/build/icyphy/ptII/ptolemy/actor/lib/test/auto/DownSample.xml
----------------- Instantiating /home/travis/build/icyphy/ptII/ptolemy/actor/lib/test/auto/DownSample.xml
1 ms. Memory: 493568K Free: 431114K (87%)
----------------- Invoking toplevel() on ptolemy.moml.MoMLSimpleApplication@2d3aa1b0
----------------- Done invoking toplevel() on ptolemy.moml.MoMLSimpleApplication@2d3aa1b0
reloadAllAccessors: .DownSample

===========================================================================================
----------------- testing Mon May 18 14:25:42 UTC 2020 /home/travis/build/icyphy/ptII/ptolemy/actor/lib/test/auto/ElectronicUnitBase1.xml
----------------- Instantiating /home/travis/build/icyphy/ptII/ptolemy/actor/lib/test/auto/ElectronicUnitBase1.xml
15 ms. Memory: 493568K Free: 414730K (84%)
----------------- Invoking toplevel() on ptolemy.moml.MoMLSimpleApplication@5f6b3914
----------------- Done invoking toplevel() on ptolemy.moml.MoMLSimpleApplication@5f6b3914
reloadAllAccessors: .ElectronicUnitBase1

===========================================================================================
----------------- testing Mon May 18 14:25:42 UTC 2020 /home/travis/build/icyphy/ptII/ptolemy/actor/lib/test/auto/ElementsToArray.xml
----------------- Instantiating /home/travis/build/icyphy/ptII/ptolemy/actor/lib/test/auto/ElementsToArray.xml
2 ms. Memory: 493568K Free: 409610K (83%)
----------------- Invoking toplevel() on ptolemy.moml.MoMLSimpleApplication@56cd5caf
----------------- Done invoking toplevel() on ptolemy.moml.MoMLSimpleApplication@56cd5caf
reloadAllAccessors: .ElementsToArray

===========================================================================================
----------------- testing Mon May 18 14:25:42 UTC 2020 /home/travis/build/icyphy/ptII/ptolemy/actor/lib/test/auto/Equals.xml
----------------- Instantiating /home/travis/build/icyphy/ptII/ptolemy/actor/lib/test/auto/Equals.xml
3 ms. Memory: 493568K Free: 405004K (82%)
----------------- Invoking toplevel() on ptolemy.moml.MoMLSimpleApplication@fbf4fa2
----------------- Done invoking toplevel() on ptolemy.moml.MoMLSimpleApplication@fbf4fa2
reloadAllAccessors: .Equals

===========================================================================================
----------------- testing Mon May 18 14:25:42 UTC 2020 /home/travis/build/icyphy/ptII/ptolemy/actor/lib/test/auto/Exec.xml
----------------- Instantiating /home/travis/build/icyphy/ptII/ptolemy/actor/lib/test/auto/Exec.xml
15 ms. Memory: 493568K Free: 399370K (81%)
----------------- Invoking toplevel() on ptolemy.moml.MoMLSimpleApplication@38f535f8
----------------- Done invoking toplevel() on ptolemy.moml.MoMLSimpleApplication@38f535f8
reloadAllAccessors: .Exec

===========================================================================================
----------------- testing Mon May 18 14:25:42 UTC 2020 /home/travis/build/icyphy/ptII/ptolemy/actor/lib/test/auto/ExecEnvironment.xml
----------------- Instantiating /home/travis/build/icyphy/ptII/ptolemy/actor/lib/test/auto/ExecEnvironment.xml
21 ms. Memory: 493568K Free: 394764K (80%)
----------------- Invoking toplevel() on ptolemy.moml.MoMLSimpleApplication@67f009ba
----------------- Done invoking toplevel() on ptolemy.moml.MoMLSimpleApplication@67f009ba
reloadAllAccessors: .ExecEnvironment

===========================================================================================
----------------- testing Mon May 18 14:25:42 UTC 2020 /home/travis/build/icyphy/ptII/ptolemy/actor/lib/test/auto/ExecNonZeroReturnOutput.xml
----------------- Instantiating /home/travis/build/icyphy/ptII/ptolemy/actor/lib/test/auto/ExecNonZeroReturnOutput.xml
154 ms. Memory: 493568K Free: 383500K (78%)
----------------- Invoking toplevel() on ptolemy.moml.MoMLSimpleApplication@6421a28a
----------------- Done invoking toplevel() on ptolemy.moml.MoMLSimpleApplication@6421a28a
reloadAllAccessors: .ExecNonZeroReturnOutput

===========================================================================================
----------------- testing Mon May 18 14:25:42 UTC 2020 /home/travis/build/icyphy/ptII/ptolemy/actor/lib/test/auto/ExecRunDemos.xml
----------------- Instantiating /home/travis/build/icyphy/ptII/ptolemy/actor/lib/test/auto/ExecRunDemos.xml
Finished: 70 ms. Memory: 129024K Free: 112197K (87%)

Finished: 66 ms. Memory: 129024K Free: 109403K (85%)

Finished: 73 ms. Memory: 129024K Free: 109581K (85%)

Finished: 94 ms. Memory: 129024K Free: 111101K (86%)

Finished: 52 ms. Memory: 129024K Free: 111878K (87%)

9970 ms. Memory: 493568K Free: 361994K (73%)
----------------- Invoking toplevel() on ptolemy.moml.MoMLSimpleApplication@42b82da6
----------------- Done invoking toplevel() on ptolemy.moml.MoMLSimpleApplication@42b82da6
reloadAllAccessors: .ExecRunDemos

===========================================================================================
----------------- testing Mon May 18 14:25:52 UTC 2020 /home/travis/build/icyphy/ptII/ptolemy/actor/lib/test/auto/ExecStop.xml
----------------- Instantiating /home/travis/build/icyphy/ptII/ptolemy/actor/lib/test/auto/ExecStop.xml
5009 ms. Memory: 493568K Free: 245260K (50%)
----------------- Invoking toplevel() on ptolemy.moml.MoMLSimpleApplication@2ec0f469
----------------- Done invoking toplevel() on ptolemy.moml.MoMLSimpleApplication@2ec0f469
reloadAllAccessors: .ExecStop

===========================================================================================
----------------- testing Mon May 18 14:25:57 UTC 2020 /home/travis/build/icyphy/ptII/ptolemy/actor/lib/test/auto/ExecutionTimeSDF.xml
----------------- Instantiating /home/travis/build/icyphy/ptII/ptolemy/actor/lib/test/auto/ExecutionTimeSDF.xml
Fired ExecutionTime: -634567296
Fired ExecutionTime: 1334000000
Fired ExecutionTime: -160167296
6004 ms. Memory: 493568K Free: 232972K (47%)
----------------- Invoking toplevel() on ptolemy.moml.MoMLSimpleApplication@125d1746
----------------- Done invoking toplevel() on ptolemy.moml.MoMLSimpleApplication@125d1746
reloadAllAccessors: .ExecutionTimeSDF

===========================================================================================
----------------- testing Mon May 18 14:26:03 UTC 2020 /home/travis/build/icyphy/ptII/ptolemy/actor/lib/test/auto/Expression1.xml
----------------- Instantiating /home/travis/build/icyphy/ptII/ptolemy/actor/lib/test/auto/Expression1.xml
1 ms. Memory: 493568K Free: 229900K (47%)
----------------- Invoking toplevel() on ptolemy.moml.MoMLSimpleApplication@314b9f27
----------------- Done invoking toplevel() on ptolemy.moml.MoMLSimpleApplication@314b9f27
reloadAllAccessors: .Expression1

===========================================================================================
----------------- testing Mon May 18 14:26:03 UTC 2020 /home/travis/build/icyphy/ptII/ptolemy/actor/lib/test/auto/Expression10.xml
----------------- Instantiating /home/travis/build/icyphy/ptII/ptolemy/actor/lib/test/auto/Expression10.xml
5 ms. Memory: 493568K Free: 224266K (45%)
----------------- Invoking toplevel() on ptolemy.moml.MoMLSimpleApplication@57c4d8d0
----------------- Done invoking toplevel() on ptolemy.moml.MoMLSimpleApplication@57c4d8d0
reloadAllAccessors: .Expression10

===========================================================================================
----------------- testing Mon May 18 14:26:03 UTC 2020 /home/travis/build/icyphy/ptII/ptolemy/actor/lib/test/auto/Expression11.xml
----------------- Instantiating /home/travis/build/icyphy/ptII/ptolemy/actor/lib/test/auto/Expression11.xml
1 ms. Memory: 493568K Free: 220170K (45%)
----------------- Invoking toplevel() on ptolemy.moml.MoMLSimpleApplication@451b74e3
----------------- Done invoking toplevel() on ptolemy.moml.MoMLSimpleApplication@451b74e3
reloadAllAccessors: .Expression11

===========================================================================================
----------------- testing Mon May 18 14:26:03 UTC 2020 /home/travis/build/icyphy/ptII/ptolemy/actor/lib/test/auto/Expression12.xml
----------------- Instantiating /home/travis/build/icyphy/ptII/ptolemy/actor/lib/test/auto/Expression12.xml
3 ms. Memory: 493568K Free: 214540K (43%)
----------------- Invoking toplevel() on ptolemy.moml.MoMLSimpleApplication@3af2524d
----------------- Done invoking toplevel() on ptolemy.moml.MoMLSimpleApplication@3af2524d
reloadAllAccessors: .Expression12

===========================================================================================
----------------- testing Mon May 18 14:26:03 UTC 2020 /home/travis/build/icyphy/ptII/ptolemy/actor/lib/test/auto/Expression13.xml
----------------- Instantiating /home/travis/build/icyphy/ptII/ptolemy/actor/lib/test/auto/Expression13.xml
3 ms. Memory: 493568K Free: 209420K (42%)
----------------- Invoking toplevel() on ptolemy.moml.MoMLSimpleApplication@638e0613
----------------- Done invoking toplevel() on ptolemy.moml.MoMLSimpleApplication@638e0613
reloadAllAccessors: .Expression13

===========================================================================================
----------------- testing Mon May 18 14:26:03 UTC 2020 /home/travis/build/icyphy/ptII/ptolemy/actor/lib/test/auto/Expression14.xml
----------------- Instantiating /home/travis/build/icyphy/ptII/ptolemy/actor/lib/test/auto/Expression14.xml
6 ms. Memory: 493568K Free: 203786K (41%)
----------------- Invoking toplevel() on ptolemy.moml.MoMLSimpleApplication@42d3380d
----------------- Done invoking toplevel() on ptolemy.moml.MoMLSimpleApplication@42d3380d
reloadAllAccessors: .Expression14

===========================================================================================
----------------- testing Mon May 18 14:26:03 UTC 2020 /home/travis/build/icyphy/ptII/ptolemy/actor/lib/test/auto/Expression15.xml
----------------- Instantiating /home/travis/build/icyphy/ptII/ptolemy/actor/lib/test/auto/Expression15.xml
1 ms. Memory: 493568K Free: 200204K (41%)
----------------- Invoking toplevel() on ptolemy.moml.MoMLSimpleApplication@7ad25808
----------------- Done invoking toplevel() on ptolemy.moml.MoMLSimpleApplication@7ad25808
reloadAllAccessors: .Expression15

===========================================================================================
----------------- testing Mon May 18 14:26:03 UTC 2020 /home/travis/build/icyphy/ptII/ptolemy/actor/lib/test/auto/Expression16.xml
----------------- Instantiating /home/travis/build/icyphy/ptII/ptolemy/actor/lib/test/auto/Expression16.xml
4 ms. Memory: 493568K Free: 195084K (40%)
----------------- Invoking toplevel() on ptolemy.moml.MoMLSimpleApplication@5afa9169
----------------- Done invoking toplevel() on ptolemy.moml.MoMLSimpleApplication@5afa9169
reloadAllAccessors: .Expression16

===========================================================================================
----------------- testing Mon May 18 14:26:03 UTC 2020 /home/travis/build/icyphy/ptII/ptolemy/actor/lib/test/auto/Expression17.xml
----------------- Instantiating /home/travis/build/icyphy/ptII/ptolemy/actor/lib/test/auto/Expression17.xml
1 ms. Memory: 493568K Free: 189964K (38%)
----------------- Invoking toplevel() on ptolemy.moml.MoMLSimpleApplication@3090ce11
----------------- Done invoking toplevel() on ptolemy.moml.MoMLSimpleApplication@3090ce11
reloadAllAccessors: .Expression17

===========================================================================================
----------------- testing Mon May 18 14:26:03 UTC 2020 /home/travis/build/icyphy/ptII/ptolemy/actor/lib/test/auto/Expression18.xml
----------------- Instantiating /home/travis/build/icyphy/ptII/ptolemy/actor/lib/test/auto/Expression18.xml
2 ms. Memory: 493568K Free: 185354K (38%)
----------------- Invoking toplevel() on ptolemy.moml.MoMLSimpleApplication@5ee28d5c
----------------- Done invoking toplevel() on ptolemy.moml.MoMLSimpleApplication@5ee28d5c
reloadAllAccessors: .Expression18

===========================================================================================
----------------- testing Mon May 18 14:26:03 UTC 2020 /home/travis/build/icyphy/ptII/ptolemy/actor/lib/test/auto/Expression2.xml
----------------- Instantiating /home/travis/build/icyphy/ptII/ptolemy/actor/lib/test/auto/Expression2.xml
2 ms. Memory: 493568K Free: 180234K (37%)
----------------- Invoking toplevel() on ptolemy.moml.MoMLSimpleApplication@5919eac
----------------- Done invoking toplevel() on ptolemy.moml.MoMLSimpleApplication@5919eac
reloadAllAccessors: .Expression2

===========================================================================================
----------------- testing Mon May 18 14:26:03 UTC 2020 /home/travis/build/icyphy/ptII/ptolemy/actor/lib/test/auto/Expression3.xml
----------------- Instantiating /home/travis/build/icyphy/ptII/ptolemy/actor/lib/test/auto/Expression3.xml
4 ms. Memory: 493568K Free: 175114K (35%)
----------------- Invoking toplevel() on ptolemy.moml.MoMLSimpleApplication@5481fa6d
----------------- Done invoking toplevel() on ptolemy.moml.MoMLSimpleApplication@5481fa6d
reloadAllAccessors: .Expression3

===========================================================================================
----------------- testing Mon May 18 14:26:03 UTC 2020 /home/travis/build/icyphy/ptII/ptolemy/actor/lib/test/auto/Expression4.xml
----------------- Instantiating /home/travis/build/icyphy/ptII/ptolemy/actor/lib/test/auto/Expression4.xml
3 ms. Memory: 493568K Free: 167946K (34%)
----------------- Invoking toplevel() on ptolemy.moml.MoMLSimpleApplication@41b31f2c
----------------- Done invoking toplevel() on ptolemy.moml.MoMLSimpleApplication@41b31f2c
reloadAllAccessors: .Expression4

===========================================================================================
----------------- testing Mon May 18 14:26:03 UTC 2020 /home/travis/build/icyphy/ptII/ptolemy/actor/lib/test/auto/Expression5.xml
----------------- Instantiating /home/travis/build/icyphy/ptII/ptolemy/actor/lib/test/auto/Expression5.xml
4 ms. Memory: 493568K Free: 162826K (33%)
----------------- Invoking toplevel() on ptolemy.moml.MoMLSimpleApplication@5e09921f
----------------- Done invoking toplevel() on ptolemy.moml.MoMLSimpleApplication@5e09921f
reloadAllAccessors: .Expression5

===========================================================================================
----------------- testing Mon May 18 14:26:03 UTC 2020 /home/travis/build/icyphy/ptII/ptolemy/actor/lib/test/auto/Expression6.xml
----------------- Instantiating /home/travis/build/icyphy/ptII/ptolemy/actor/lib/test/auto/Expression6.xml
2 ms. Memory: 493568K Free: 158730K (32%)
----------------- Invoking toplevel() on ptolemy.moml.MoMLSimpleApplication@4d0594b6
----------------- Done invoking toplevel() on ptolemy.moml.MoMLSimpleApplication@4d0594b6
reloadAllAccessors: .Expression6

===========================================================================================
----------------- testing Mon May 18 14:26:03 UTC 2020 /home/travis/build/icyphy/ptII/ptolemy/actor/lib/test/auto/Expression7.xml
----------------- Instantiating /home/travis/build/icyphy/ptII/ptolemy/actor/lib/test/auto/Expression7.xml
1 ms. Memory: 493568K Free: 441354K (89%)
----------------- Invoking toplevel() on ptolemy.moml.MoMLSimpleApplication@f9cc81f
----------------- Done invoking toplevel() on ptolemy.moml.MoMLSimpleApplication@f9cc81f
reloadAllAccessors: .Expression7

===========================================================================================
----------------- testing Mon May 18 14:26:03 UTC 2020 /home/travis/build/icyphy/ptII/ptolemy/actor/lib/test/auto/Expression8.xml
----------------- Instantiating /home/travis/build/icyphy/ptII/ptolemy/actor/lib/test/auto/Expression8.xml
7 ms. Memory: 493568K Free: 436234K (88%)
----------------- Invoking toplevel() on ptolemy.moml.MoMLSimpleApplication@74ce2980
----------------- Done invoking toplevel() on ptolemy.moml.MoMLSimpleApplication@74ce2980
reloadAllAccessors: .Expression8

===========================================================================================
----------------- testing Mon May 18 14:26:03 UTC 2020 /home/travis/build/icyphy/ptII/ptolemy/actor/lib/test/auto/Expression9.xml
----------------- Instantiating /home/travis/build/icyphy/ptII/ptolemy/actor/lib/test/auto/Expression9.xml
1 ms. Memory: 493568K Free: 432138K (88%)
----------------- Invoking toplevel() on ptolemy.moml.MoMLSimpleApplication@10d2da7c
----------------- Done invoking toplevel() on ptolemy.moml.MoMLSimpleApplication@10d2da7c
reloadAllAccessors: .Expression9

===========================================================================================
----------------- testing Mon May 18 14:26:03 UTC 2020 /home/travis/build/icyphy/ptII/ptolemy/actor/lib/test/auto/ExpressionConcatenateArrayType.xml
----------------- Instantiating /home/travis/build/icyphy/ptII/ptolemy/actor/lib/test/auto/ExpressionConcatenateArrayType.xml
3 ms. Memory: 493568K Free: 425994K (86%)
----------------- Invoking toplevel() on ptolemy.moml.MoMLSimpleApplication@6a1dd47f
----------------- Done invoking toplevel() on ptolemy.moml.MoMLSimpleApplication@6a1dd47f
reloadAllAccessors: .ExpressionConcatenateArrayType

===========================================================================================
----------------- testing Mon May 18 14:26:03 UTC 2020 /home/travis/build/icyphy/ptII/ptolemy/actor/lib/test/auto/ExpressionConcatenateArrayType2.xml
----------------- Instantiating /home/travis/build/icyphy/ptII/ptolemy/actor/lib/test/auto/ExpressionConcatenateArrayType2.xml
3 ms. Memory: 493568K Free: 420364K (85%)
----------------- Invoking toplevel() on ptolemy.moml.MoMLSimpleApplication@58800b83
----------------- Done invoking toplevel() on ptolemy.moml.MoMLSimpleApplication@58800b83
reloadAllAccessors: .ExpressionConcatenateArrayType2

===========================================================================================
----------------- testing Mon May 18 14:26:03 UTC 2020 /home/travis/build/icyphy/ptII/ptolemy/actor/lib/test/auto/ExpressionFix.xml
----------------- Instantiating /home/travis/build/icyphy/ptII/ptolemy/actor/lib/test/auto/ExpressionFix.xml
18 ms. Memory: 493568K Free: 413706K (84%)
----------------- Invoking toplevel() on ptolemy.moml.MoMLSimpleApplication@fa513ae
----------------- Done invoking toplevel() on ptolemy.moml.MoMLSimpleApplication@fa513ae
reloadAllAccessors: .ExpressionFix

===========================================================================================
----------------- testing Mon May 18 14:26:03 UTC 2020 /home/travis/build/icyphy/ptII/ptolemy/actor/lib/test/auto/ExpressionFix2.xml
----------------- Instantiating /home/travis/build/icyphy/ptII/ptolemy/actor/lib/test/auto/ExpressionFix2.xml
4 ms. Memory: 493568K Free: 410124K (83%)
----------------- Invoking toplevel() on ptolemy.moml.MoMLSimpleApplication@f397df4
----------------- Done invoking toplevel() on ptolemy.moml.MoMLSimpleApplication@f397df4
reloadAllAccessors: .ExpressionFix2

===========================================================================================
----------------- testing Mon May 18 14:26:03 UTC 2020 /home/travis/build/icyphy/ptII/ptolemy/actor/lib/test/auto/ExpressionFix3.xml
----------------- Instantiating /home/travis/build/icyphy/ptII/ptolemy/actor/lib/test/auto/ExpressionFix3.xml
2 ms. Memory: 493568K Free: 405514K (82%)
----------------- Invoking toplevel() on ptolemy.moml.MoMLSimpleApplication@4864bf06
----------------- Done invoking toplevel() on ptolemy.moml.MoMLSimpleApplication@4864bf06
reloadAllAccessors: .ExpressionFix3

===========================================================================================
----------------- testing Mon May 18 14:26:03 UTC 2020 /home/travis/build/icyphy/ptII/ptolemy/actor/lib/test/auto/FileWriter1.xml
----------------- Instantiating /home/travis/build/icyphy/ptII/ptolemy/actor/lib/test/auto/FileWriter1.xml
2 ms. Memory: 493568K Free: 401418K (81%)
----------------- Invoking toplevel() on ptolemy.moml.MoMLSimpleApplication@6708c4a
----------------- Done invoking toplevel() on ptolemy.moml.MoMLSimpleApplication@6708c4a
reloadAllAccessors: .FileWriter1

===========================================================================================
----------------- testing Mon May 18 14:26:03 UTC 2020 /home/travis/build/icyphy/ptII/ptolemy/actor/lib/test/auto/FileWriter2.xml
----------------- Instantiating /home/travis/build/icyphy/ptII/ptolemy/actor/lib/test/auto/FileWriter2.xml
4 ms. Memory: 493568K Free: 397322K (80%)
----------------- Invoking toplevel() on ptolemy.moml.MoMLSimpleApplication@69c31416
----------------- Done invoking toplevel() on ptolemy.moml.MoMLSimpleApplication@69c31416
reloadAllAccessors: .FileWriter2

===========================================================================================
----------------- testing Mon May 18 14:26:03 UTC 2020 /home/travis/build/icyphy/ptII/ptolemy/actor/lib/test/auto/FileWriter3.xml
----------------- Instantiating /home/travis/build/icyphy/ptII/ptolemy/actor/lib/test/auto/FileWriter3.xml
4 ms. Memory: 493568K Free: 393226K (80%)
----------------- Invoking toplevel() on ptolemy.moml.MoMLSimpleApplication@20580a94
----------------- Done invoking toplevel() on ptolemy.moml.MoMLSimpleApplication@20580a94
reloadAllAccessors: .FileWriter3

===========================================================================================
----------------- testing Mon May 18 14:26:03 UTC 2020 /home/travis/build/icyphy/ptII/ptolemy/actor/lib/test/auto/Gaussian.xml
----------------- Instantiating /home/travis/build/icyphy/ptII/ptolemy/actor/lib/test/auto/Gaussian.xml
2 ms. Memory: 493568K Free: 389130K (79%)
----------------- Invoking toplevel() on ptolemy.moml.MoMLSimpleApplication@1aad45c
----------------- Done invoking toplevel() on ptolemy.moml.MoMLSimpleApplication@1aad45c
reloadAllAccessors: .Gaussian

===========================================================================================
----------------- testing Mon May 18 14:26:03 UTC 2020 /home/travis/build/icyphy/ptII/ptolemy/actor/lib/test/auto/Gaussian1.xml
----------------- Instantiating /home/travis/build/icyphy/ptII/ptolemy/actor/lib/test/auto/Gaussian1.xml
1 ms. Memory: 493568K Free: 383500K (78%)
----------------- Invoking toplevel() on ptolemy.moml.MoMLSimpleApplication@7c12a824
----------------- Done invoking toplevel() on ptolemy.moml.MoMLSimpleApplication@7c12a824
reloadAllAccessors: .Gaussian1

===========================================================================================
----------------- testing Mon May 18 14:26:03 UTC 2020 /home/travis/build/icyphy/ptII/ptolemy/actor/lib/test/auto/Gaussian2.xml
----------------- Instantiating /home/travis/build/icyphy/ptII/ptolemy/actor/lib/test/auto/Gaussian2.xml
8 ms. Memory: 493568K Free: 377851K (77%)
----------------- Invoking toplevel() on ptolemy.moml.MoMLSimpleApplication@76a0d7ea
----------------- Done invoking toplevel() on ptolemy.moml.MoMLSimpleApplication@76a0d7ea
reloadAllAccessors: .Gaussian2

===========================================================================================
----------------- testing Mon May 18 14:26:03 UTC 2020 /home/travis/build/icyphy/ptII/ptolemy/actor/lib/test/auto/GradientAdaptiveLattice.xml
----------------- Instantiating /home/travis/build/icyphy/ptII/ptolemy/actor/lib/test/auto/GradientAdaptiveLattice.xml
2 ms. Memory: 493568K Free: 373260K (76%)
----------------- Invoking toplevel() on ptolemy.moml.MoMLSimpleApplication@1289bcfb
----------------- Done invoking toplevel() on ptolemy.moml.MoMLSimpleApplication@1289bcfb
reloadAllAccessors: .GradientAdaptiveLattice

===========================================================================================
----------------- testing Mon May 18 14:26:04 UTC 2020 /home/travis/build/icyphy/ptII/ptolemy/actor/lib/test/auto/IIR.xml
----------------- Instantiating /home/travis/build/icyphy/ptII/ptolemy/actor/lib/test/auto/IIR.xml
1 ms. Memory: 493568K Free: 368650K (75%)
----------------- Invoking toplevel() on ptolemy.moml.MoMLSimpleApplication@5fdf2231
----------------- Done invoking toplevel() on ptolemy.moml.MoMLSimpleApplication@5fdf2231
reloadAllAccessors: .IIR

===========================================================================================
----------------- testing Mon May 18 14:26:04 UTC 2020 /home/travis/build/icyphy/ptII/ptolemy/actor/lib/test/auto/InputOutputTransparentPorts.xml
----------------- Instantiating /home/travis/build/icyphy/ptII/ptolemy/actor/lib/test/auto/InputOutputTransparentPorts.xml
2 ms. Memory: 493568K Free: 361482K (73%)
----------------- Invoking toplevel() on ptolemy.moml.MoMLSimpleApplication@7815d825
----------------- Done invoking toplevel() on ptolemy.moml.MoMLSimpleApplication@7815d825
reloadAllAccessors: .InputOutputTransparentPorts

===========================================================================================
----------------- testing Mon May 18 14:26:04 UTC 2020 /home/travis/build/icyphy/ptII/ptolemy/actor/lib/test/auto/Interpolator.xml
----------------- Instantiating /home/travis/build/icyphy/ptII/ptolemy/actor/lib/test/auto/Interpolator.xml
2 ms. Memory: 493568K Free: 357386K (72%)
----------------- Invoking toplevel() on ptolemy.moml.MoMLSimpleApplication@57910b94
----------------- Done invoking toplevel() on ptolemy.moml.MoMLSimpleApplication@57910b94
reloadAllAccessors: .Interpolator

===========================================================================================
----------------- testing Mon May 18 14:26:04 UTC 2020 /home/travis/build/icyphy/ptII/ptolemy/actor/lib/test/auto/InterpolatorFiringLimitDE.xml
----------------- Instantiating /home/travis/build/icyphy/ptII/ptolemy/actor/lib/test/auto/InterpolatorFiringLimitDE.xml
1 ms. Memory: 493568K Free: 351242K (71%)
----------------- Invoking toplevel() on ptolemy.moml.MoMLSimpleApplication@4c026498
----------------- Done invoking toplevel() on ptolemy.moml.MoMLSimpleApplication@4c026498
reloadAllAccessors: .InterpolatorFiringLimitDE

===========================================================================================
----------------- testing Mon May 18 14:26:04 UTC 2020 /home/travis/build/icyphy/ptII/ptolemy/actor/lib/test/auto/Lattice.xml
----------------- Instantiating /home/travis/build/icyphy/ptII/ptolemy/actor/lib/test/auto/Lattice.xml
1 ms. Memory: 493568K Free: 347146K (70%)
----------------- Invoking toplevel() on ptolemy.moml.MoMLSimpleApplication@2c076832
----------------- Done invoking toplevel() on ptolemy.moml.MoMLSimpleApplication@2c076832
reloadAllAccessors: .Lattice

===========================================================================================
----------------- testing Mon May 18 14:26:04 UTC 2020 /home/travis/build/icyphy/ptII/ptolemy/actor/lib/test/auto/LazyAOCTestLazy.xml
----------------- Instantiating /home/travis/build/icyphy/ptII/ptolemy/actor/lib/test/auto/LazyAOCTestLazy.xml
6 ms. Memory: 493568K Free: 341516K (69%)
----------------- Invoking toplevel() on ptolemy.moml.MoMLSimpleApplication@3224991e
----------------- Done invoking toplevel() on ptolemy.moml.MoMLSimpleApplication@3224991e
reloadAllAccessors: .LazyAOCTestLazy

===========================================================================================
----------------- testing Mon May 18 14:26:04 UTC 2020 /home/travis/build/icyphy/ptII/ptolemy/actor/lib/test/auto/LazyAOCTestNonLazy.xml
----------------- Instantiating /home/travis/build/icyphy/ptII/ptolemy/actor/lib/test/auto/LazyAOCTestNonLazy.xml
1 ms. Memory: 493568K Free: 334858K (68%)
----------------- Invoking toplevel() on ptolemy.moml.MoMLSimpleApplication@b083c81
----------------- Done invoking toplevel() on ptolemy.moml.MoMLSimpleApplication@b083c81
reloadAllAccessors: .LazyAOCTestNonLazy

===========================================================================================
----------------- testing Mon May 18 14:26:04 UTC 2020 /home/travis/build/icyphy/ptII/ptolemy/actor/lib/test/auto/LazyInnerClass.xml
----------------- Instantiating /home/travis/build/icyphy/ptII/ptolemy/actor/lib/test/auto/LazyInnerClass.xml
18 ms. Memory: 493568K Free: 326156K (66%)
----------------- Invoking toplevel() on ptolemy.moml.MoMLSimpleApplication@52b9a777
----------------- Done invoking toplevel() on ptolemy.moml.MoMLSimpleApplication@52b9a777
reloadAllAccessors: .LazyInnerClass

===========================================================================================
----------------- testing Mon May 18 14:26:04 UTC 2020 /home/travis/build/icyphy/ptII/ptolemy/actor/lib/test/auto/LazyPubSub.xml
----------------- Instantiating /home/travis/build/icyphy/ptII/ptolemy/actor/lib/test/auto/LazyPubSub.xml
22 ms. Memory: 493568K Free: 316426K (64%)
----------------- Invoking toplevel() on ptolemy.moml.MoMLSimpleApplication@6e3b50ac
----------------- Done invoking toplevel() on ptolemy.moml.MoMLSimpleApplication@6e3b50ac
reloadAllAccessors: .LazyPubSub

===========================================================================================
----------------- testing Mon May 18 14:26:04 UTC 2020 /home/travis/build/icyphy/ptII/ptolemy/actor/lib/test/auto/LazyPubSub2.xml
----------------- Instantiating /home/travis/build/icyphy/ptII/ptolemy/actor/lib/test/auto/LazyPubSub2.xml
17 ms. Memory: 493568K Free: 306700K (62%)
----------------- Invoking toplevel() on ptolemy.moml.MoMLSimpleApplication@581b3e7c
----------------- Done invoking toplevel() on ptolemy.moml.MoMLSimpleApplication@581b3e7c
reloadAllAccessors: .LazyPubSub2

===========================================================================================
----------------- testing Mon May 18 14:26:04 UTC 2020 /home/travis/build/icyphy/ptII/ptolemy/actor/lib/test/auto/LazyPubSub3.xml
----------------- Instantiating /home/travis/build/icyphy/ptII/ptolemy/actor/lib/test/auto/LazyPubSub3.xml
13 ms. Memory: 493568K Free: 295946K (60%)
----------------- Invoking toplevel() on ptolemy.moml.MoMLSimpleApplication@7c25177b
----------------- Done invoking toplevel() on ptolemy.moml.MoMLSimpleApplication@7c25177b
reloadAllAccessors: .LazyPubSub3

===========================================================================================
----------------- testing Mon May 18 14:26:04 UTC 2020 /home/travis/build/icyphy/ptII/ptolemy/actor/lib/test/auto/LazySubClassModel.xml
----------------- Instantiating /home/travis/build/icyphy/ptII/ptolemy/actor/lib/test/auto/LazySubClassModel.xml
2 ms. Memory: 493568K Free: 287244K (58%)
----------------- Invoking toplevel() on ptolemy.moml.MoMLSimpleApplication@3f90f71
----------------- Done invoking toplevel() on ptolemy.moml.MoMLSimpleApplication@3f90f71
reloadAllAccessors: .LazySubClassModel

===========================================================================================
----------------- testing Mon May 18 14:26:04 UTC 2020 /home/travis/build/icyphy/ptII/ptolemy/actor/lib/test/auto/LevelCrossTest1.xml
----------------- Instantiating /home/travis/build/icyphy/ptII/ptolemy/actor/lib/test/auto/LevelCrossTest1.xml
1 ms. Memory: 493568K Free: 281610K (57%)
----------------- Invoking toplevel() on ptolemy.moml.MoMLSimpleApplication@427a2317
----------------- Done invoking toplevel() on ptolemy.moml.MoMLSimpleApplication@427a2317
reloadAllAccessors: .broken

===========================================================================================
----------------- testing Mon May 18 14:26:04 UTC 2020 /home/travis/build/icyphy/ptII/ptolemy/actor/lib/test/auto/LevelCrossTest10.xml
----------------- Instantiating /home/travis/build/icyphy/ptII/ptolemy/actor/lib/test/auto/LevelCrossTest10.xml
1 ms. Memory: 493568K Free: 274442K (56%)
----------------- Invoking toplevel() on ptolemy.moml.MoMLSimpleApplication@1eac6967
----------------- Done invoking toplevel() on ptolemy.moml.MoMLSimpleApplication@1eac6967
reloadAllAccessors: .LevelCrossTest10

===========================================================================================
----------------- testing Mon May 18 14:26:04 UTC 2020 /home/travis/build/icyphy/ptII/ptolemy/actor/lib/test/auto/LevelCrossTest11.xml
----------------- Instantiating /home/travis/build/icyphy/ptII/ptolemy/actor/lib/test/auto/LevelCrossTest11.xml
1 ms. Memory: 493568K Free: 267788K (54%)
----------------- Invoking toplevel() on ptolemy.moml.MoMLSimpleApplication@7d7d50b7
----------------- Done invoking toplevel() on ptolemy.moml.MoMLSimpleApplication@7d7d50b7
reloadAllAccessors: .LevelCrossTest11

===========================================================================================
----------------- testing Mon May 18 14:26:04 UTC 2020 /home/travis/build/icyphy/ptII/ptolemy/actor/lib/test/auto/LevelCrossTest12.xml
----------------- Instantiating /home/travis/build/icyphy/ptII/ptolemy/actor/lib/test/auto/LevelCrossTest12.xml
1 ms. Memory: 493568K Free: 261644K (53%)
----------------- Invoking toplevel() on ptolemy.moml.MoMLSimpleApplication@22a7affb
----------------- Done invoking toplevel() on ptolemy.moml.MoMLSimpleApplication@22a7affb
reloadAllAccessors: .LevelCrossTest12

===========================================================================================
----------------- testing Mon May 18 14:26:04 UTC 2020 /home/travis/build/icyphy/ptII/ptolemy/actor/lib/test/auto/LevelCrossTest13.xml
----------------- Instantiating /home/travis/build/icyphy/ptII/ptolemy/actor/lib/test/auto/LevelCrossTest13.xml
1 ms. Memory: 493568K Free: 253452K (51%)
----------------- Invoking toplevel() on ptolemy.moml.MoMLSimpleApplication@6d61e3d4
----------------- Done invoking toplevel() on ptolemy.moml.MoMLSimpleApplication@6d61e3d4
reloadAllAccessors: .LevelCrossTest13

===========================================================================================
----------------- testing Mon May 18 14:26:04 UTC 2020 /home/travis/build/icyphy/ptII/ptolemy/actor/lib/test/auto/LevelCrossTest2.xml
----------------- Instantiating /home/travis/build/icyphy/ptII/ptolemy/actor/lib/test/auto/LevelCrossTest2.xml
1 ms. Memory: 493568K Free: 247818K (50%)
----------------- Invoking toplevel() on ptolemy.moml.MoMLSimpleApplication@2b4a0717
----------------- Done invoking toplevel() on ptolemy.moml.MoMLSimpleApplication@2b4a0717
reloadAllAccessors: .broken

===========================================================================================
----------------- testing Mon May 18 14:26:04 UTC 2020 /home/travis/build/icyphy/ptII/ptolemy/actor/lib/test/auto/LevelCrossTest3.xml
----------------- Instantiating /home/travis/build/icyphy/ptII/ptolemy/actor/lib/test/auto/LevelCrossTest3.xml
1 ms. Memory: 493568K Free: 241674K (49%)
----------------- Invoking toplevel() on ptolemy.moml.MoMLSimpleApplication@5b9db05c
----------------- Done invoking toplevel() on ptolemy.moml.MoMLSimpleApplication@5b9db05c
reloadAllAccessors: .LevelCrossTest3

===========================================================================================
----------------- testing Mon May 18 14:26:04 UTC 2020 /home/travis/build/icyphy/ptII/ptolemy/actor/lib/test/auto/LevelCrossTest4.xml
----------------- Instantiating /home/travis/build/icyphy/ptII/ptolemy/actor/lib/test/auto/LevelCrossTest4.xml
1 ms. Memory: 493568K Free: 236044K (48%)
----------------- Invoking toplevel() on ptolemy.moml.MoMLSimpleApplication@68305ba
----------------- Done invoking toplevel() on ptolemy.moml.MoMLSimpleApplication@68305ba
reloadAllAccessors: .broken

===========================================================================================
----------------- testing Mon May 18 14:26:04 UTC 2020 /home/travis/build/icyphy/ptII/ptolemy/actor/lib/test/auto/LevelCrossTest5.xml
----------------- Instantiating /home/travis/build/icyphy/ptII/ptolemy/actor/lib/test/auto/LevelCrossTest5.xml
1 ms. Memory: 493568K Free: 228876K (46%)
----------------- Invoking toplevel() on ptolemy.moml.MoMLSimpleApplication@194d1996
----------------- Done invoking toplevel() on ptolemy.moml.MoMLSimpleApplication@194d1996
reloadAllAccessors: .LevelCrossTest5

===========================================================================================
----------------- testing Mon May 18 14:26:04 UTC 2020 /home/travis/build/icyphy/ptII/ptolemy/actor/lib/test/auto/LevelCrossTest6.xml
----------------- Instantiating /home/travis/build/icyphy/ptII/ptolemy/actor/lib/test/auto/LevelCrossTest6.xml
1 ms. Memory: 493568K Free: 222732K (45%)
----------------- Invoking toplevel() on ptolemy.moml.MoMLSimpleApplication@3265af7f
----------------- Done invoking toplevel() on ptolemy.moml.MoMLSimpleApplication@3265af7f
reloadAllAccessors: .LevelCrossTest6

===========================================================================================
----------------- testing Mon May 18 14:26:04 UTC 2020 /home/travis/build/icyphy/ptII/ptolemy/actor/lib/test/auto/LevelCrossTest7.xml
----------------- Instantiating /home/travis/build/icyphy/ptII/ptolemy/actor/lib/test/auto/LevelCrossTest7.xml
1 ms. Memory: 493568K Free: 214540K (43%)
----------------- Invoking toplevel() on ptolemy.moml.MoMLSimpleApplication@5ab5f27c
----------------- Done invoking toplevel() on ptolemy.moml.MoMLSimpleApplication@5ab5f27c
reloadAllAccessors: .LevelCrossTest7

===========================================================================================
----------------- testing Mon May 18 14:26:04 UTC 2020 /home/travis/build/icyphy/ptII/ptolemy/actor/lib/test/auto/LevelCrossTest8.xml
----------------- Instantiating /home/travis/build/icyphy/ptII/ptolemy/actor/lib/test/auto/LevelCrossTest8.xml
1 ms. Memory: 493568K Free: 207882K (42%)
----------------- Invoking toplevel() on ptolemy.moml.MoMLSimpleApplication@7d1045da
----------------- Done invoking toplevel() on ptolemy.moml.MoMLSimpleApplication@7d1045da
reloadAllAccessors: .LevelCrossTest8

===========================================================================================
----------------- testing Mon May 18 14:26:04 UTC 2020 /home/travis/build/icyphy/ptII/ptolemy/actor/lib/test/auto/LevelCrossTest9.xml
----------------- Instantiating /home/travis/build/icyphy/ptII/ptolemy/actor/lib/test/auto/LevelCrossTest9.xml
1 ms. Memory: 493568K Free: 200714K (41%)
----------------- Invoking toplevel() on ptolemy.moml.MoMLSimpleApplication@7bcb9d82
----------------- Done invoking toplevel() on ptolemy.moml.MoMLSimpleApplication@7bcb9d82
reloadAllAccessors: .LevelCrossTest9

===========================================================================================
----------------- testing Mon May 18 14:26:04 UTC 2020 /home/travis/build/icyphy/ptII/ptolemy/actor/lib/test/auto/LevinsonDurbin.xml
----------------- Instantiating /home/travis/build/icyphy/ptII/ptolemy/actor/lib/test/auto/LevinsonDurbin.xml
1 ms. Memory: 493568K Free: 197132K (40%)
----------------- Invoking toplevel() on ptolemy.moml.MoMLSimpleApplication@55172466
----------------- Done invoking toplevel() on ptolemy.moml.MoMLSimpleApplication@55172466
reloadAllAccessors: .LevinsonDurbin

===========================================================================================
----------------- testing Mon May 18 14:26:04 UTC 2020 /home/travis/build/icyphy/ptII/ptolemy/actor/lib/test/auto/LevinsonDurbin2.xml
----------------- Instantiating /home/travis/build/icyphy/ptII/ptolemy/actor/lib/test/auto/LevinsonDurbin2.xml
1 ms. Memory: 493568K Free: 193036K (39%)
----------------- Invoking toplevel() on ptolemy.moml.MoMLSimpleApplication@6f6e06d7
----------------- Done invoking toplevel() on ptolemy.moml.MoMLSimpleApplication@6f6e06d7
reloadAllAccessors: .LevinsonDurbin2

===========================================================================================
----------------- testing Mon May 18 14:26:04 UTC 2020 /home/travis/build/icyphy/ptII/ptolemy/actor/lib/test/auto/LevinsonDurbin3.xml
----------------- Instantiating /home/travis/build/icyphy/ptII/ptolemy/actor/lib/test/auto/LevinsonDurbin3.xml
2 ms. Memory: 493568K Free: 188940K (38%)
----------------- Invoking toplevel() on ptolemy.moml.MoMLSimpleApplication@7afec985
----------------- Done invoking toplevel() on ptolemy.moml.MoMLSimpleApplication@7afec985
reloadAllAccessors: .LevinsonDurbin3

===========================================================================================
----------------- testing Mon May 18 14:26:04 UTC 2020 /home/travis/build/icyphy/ptII/ptolemy/actor/lib/test/auto/Limiter.xml
----------------- Instantiating /home/travis/build/icyphy/ptII/ptolemy/actor/lib/test/auto/Limiter.xml
5 ms. Memory: 493568K Free: 179724K (36%)
----------------- Invoking toplevel() on ptolemy.moml.MoMLSimpleApplication@7bb084f9
----------------- Done invoking toplevel() on ptolemy.moml.MoMLSimpleApplication@7bb084f9
reloadAllAccessors: .Limiter

===========================================================================================
----------------- testing Mon May 18 14:26:04 UTC 2020 /home/travis/build/icyphy/ptII/ptolemy/actor/lib/test/auto/LinearDifferenceEquationSystem.xml
----------------- Instantiating /home/travis/build/icyphy/ptII/ptolemy/actor/lib/test/auto/LinearDifferenceEquationSystem.xml
3 ms. Memory: 493568K Free: 173066K (35%)
----------------- Invoking toplevel() on ptolemy.moml.MoMLSimpleApplication@36bed54e
----------------- Done invoking toplevel() on ptolemy.moml.MoMLSimpleApplication@36bed54e
reloadAllAccessors: .LinearDifferenceEquationSystem

===========================================================================================
----------------- testing Mon May 18 14:26:04 UTC 2020 /home/travis/build/icyphy/ptII/ptolemy/actor/lib/test/auto/LookupTable.xml
----------------- Instantiating /home/travis/build/icyphy/ptII/ptolemy/actor/lib/test/auto/LookupTable.xml
2 ms. Memory: 493568K Free: 168460K (34%)
----------------- Invoking toplevel() on ptolemy.moml.MoMLSimpleApplication@26c7a1a5
----------------- Done invoking toplevel() on ptolemy.moml.MoMLSimpleApplication@26c7a1a5
reloadAllAccessors: .LookupTable

===========================================================================================
----------------- testing Mon May 18 14:26:04 UTC 2020 /home/travis/build/icyphy/ptII/ptolemy/actor/lib/test/auto/MathFunction.xml
----------------- Instantiating /home/travis/build/icyphy/ptII/ptolemy/actor/lib/test/auto/MathFunction.xml
2 ms. Memory: 493568K Free: 160268K (32%)
----------------- Invoking toplevel() on ptolemy.moml.MoMLSimpleApplication@3b78003a
----------------- Done invoking toplevel() on ptolemy.moml.MoMLSimpleApplication@3b78003a
reloadAllAccessors: .MathFunction

===========================================================================================
----------------- testing Mon May 18 14:26:04 UTC 2020 /home/travis/build/icyphy/ptII/ptolemy/actor/lib/test/auto/MathFunction2.xml
----------------- Instantiating /home/travis/build/icyphy/ptII/ptolemy/actor/lib/test/auto/MathFunction2.xml
36 ms. Memory: 493568K Free: 443915K (90%)
----------------- Invoking toplevel() on ptolemy.moml.MoMLSimpleApplication@1a4f4919
----------------- Done invoking toplevel() on ptolemy.moml.MoMLSimpleApplication@1a4f4919
reloadAllAccessors: .MathFunction2

===========================================================================================
----------------- testing Mon May 18 14:26:04 UTC 2020 /home/travis/build/icyphy/ptII/ptolemy/actor/lib/test/auto/MathFunction3.xml
----------------- Instantiating /home/travis/build/icyphy/ptII/ptolemy/actor/lib/test/auto/MathFunction3.xml
1 ms. Memory: 493568K Free: 436236K (88%)
----------------- Invoking toplevel() on ptolemy.moml.MoMLSimpleApplication@32b4e6e8
----------------- Done invoking toplevel() on ptolemy.moml.MoMLSimpleApplication@32b4e6e8
reloadAllAccessors: .MathFunction3

===========================================================================================
----------------- testing Mon May 18 14:26:04 UTC 2020 /home/travis/build/icyphy/ptII/ptolemy/actor/lib/test/auto/MatrixCropBoolean.xml
----------------- Instantiating /home/travis/build/icyphy/ptII/ptolemy/actor/lib/test/auto/MatrixCropBoolean.xml
2 ms. Memory: 493568K Free: 431116K (87%)
----------------- Invoking toplevel() on ptolemy.moml.MoMLSimpleApplication@1df2e562
----------------- Done invoking toplevel() on ptolemy.moml.MoMLSimpleApplication@1df2e562
reloadAllAccessors: .MatrixCropBoolean

===========================================================================================
----------------- testing Mon May 18 14:26:04 UTC 2020 /home/travis/build/icyphy/ptII/ptolemy/actor/lib/test/auto/MatrixCropComplex.xml
----------------- Instantiating /home/travis/build/icyphy/ptII/ptolemy/actor/lib/test/auto/MatrixCropComplex.xml
2 ms. Memory: 493568K Free: 427020K (87%)
----------------- Invoking toplevel() on ptolemy.moml.MoMLSimpleApplication@76c21d98
----------------- Done invoking toplevel() on ptolemy.moml.MoMLSimpleApplication@76c21d98
reloadAllAccessors: .MatrixCropComplex

===========================================================================================
----------------- testing Mon May 18 14:26:04 UTC 2020 /home/travis/build/icyphy/ptII/ptolemy/actor/lib/test/auto/MatrixCropDouble.xml
----------------- Instantiating /home/travis/build/icyphy/ptII/ptolemy/actor/lib/test/auto/MatrixCropDouble.xml
2 ms. Memory: 493568K Free: 421355K (85%)
----------------- Invoking toplevel() on ptolemy.moml.MoMLSimpleApplication@7c143aba
----------------- Done invoking toplevel() on ptolemy.moml.MoMLSimpleApplication@7c143aba
reloadAllAccessors: .MatrixCropDouble

===========================================================================================
----------------- testing Mon May 18 14:26:04 UTC 2020 /home/travis/build/icyphy/ptII/ptolemy/actor/lib/test/auto/MatrixCropFix.xml
----------------- Instantiating /home/travis/build/icyphy/ptII/ptolemy/actor/lib/test/auto/MatrixCropFix.xml
1 ms. Memory: 493568K Free: 416259K (84%)
----------------- Invoking toplevel() on ptolemy.moml.MoMLSimpleApplication@75ac5ef4
----------------- Done invoking toplevel() on ptolemy.moml.MoMLSimpleApplication@75ac5ef4
reloadAllAccessors: .MatrixCropFix

===========================================================================================
----------------- testing Mon May 18 14:26:04 UTC 2020 /home/travis/build/icyphy/ptII/ptolemy/actor/lib/test/auto/MatrixCropInt.xml
----------------- Instantiating /home/travis/build/icyphy/ptII/ptolemy/actor/lib/test/auto/MatrixCropInt.xml
1 ms. Memory: 493568K Free: 411115K (83%)
----------------- Invoking toplevel() on ptolemy.moml.MoMLSimpleApplication@8d69c66
----------------- Done invoking toplevel() on ptolemy.moml.MoMLSimpleApplication@8d69c66
reloadAllAccessors: .MatrixCropInt

===========================================================================================
----------------- testing Mon May 18 14:26:04 UTC 2020 /home/travis/build/icyphy/ptII/ptolemy/actor/lib/test/auto/MatrixCropLong.xml
----------------- Instantiating /home/travis/build/icyphy/ptII/ptolemy/actor/lib/test/auto/MatrixCropLong.xml
2 ms. Memory: 493568K Free: 406540K (82%)
----------------- Invoking toplevel() on ptolemy.moml.MoMLSimpleApplication@7708d5bd
----------------- Done invoking toplevel() on ptolemy.moml.MoMLSimpleApplication@7708d5bd
reloadAllAccessors: .MatrixCropLong

===========================================================================================
----------------- testing Mon May 18 14:26:04 UTC 2020 /home/travis/build/icyphy/ptII/ptolemy/actor/lib/test/auto/MatrixToArray.xml
----------------- Instantiating /home/travis/build/icyphy/ptII/ptolemy/actor/lib/test/auto/MatrixToArray.xml
5 ms. Memory: 493568K Free: 391689K (79%)
----------------- Invoking toplevel() on ptolemy.moml.MoMLSimpleApplication@262481f5
----------------- Done invoking toplevel() on ptolemy.moml.MoMLSimpleApplication@262481f5
reloadAllAccessors: .MatrixToArray

===========================================================================================
----------------- testing Mon May 18 14:26:04 UTC 2020 /home/travis/build/icyphy/ptII/ptolemy/actor/lib/test/auto/MaxIndex.xml
----------------- Instantiating /home/travis/build/icyphy/ptII/ptolemy/actor/lib/test/auto/MaxIndex.xml
1 ms. Memory: 493568K Free: 386570K (78%)
----------------- Invoking toplevel() on ptolemy.moml.MoMLSimpleApplication@7ecf1d9f
----------------- Done invoking toplevel() on ptolemy.moml.MoMLSimpleApplication@7ecf1d9f
reloadAllAccessors: .MaxIndex

===========================================================================================
----------------- testing Mon May 18 14:26:04 UTC 2020 /home/travis/build/icyphy/ptII/ptolemy/actor/lib/test/auto/Maximum.xml
----------------- Instantiating /home/travis/build/icyphy/ptII/ptolemy/actor/lib/test/auto/Maximum.xml
3 ms. Memory: 493568K Free: 379916K (77%)
----------------- Invoking toplevel() on ptolemy.moml.MoMLSimpleApplication@588833cb
----------------- Done invoking toplevel() on ptolemy.moml.MoMLSimpleApplication@588833cb
reloadAllAccessors: .Maximum

===========================================================================================
----------------- testing Mon May 18 14:26:04 UTC 2020 /home/travis/build/icyphy/ptII/ptolemy/actor/lib/test/auto/MaximumComplex.xml
----------------- Instantiating /home/travis/build/icyphy/ptII/ptolemy/actor/lib/test/auto/MaximumComplex.xml
3 ms. Memory: 493568K Free: 373772K (76%)
----------------- Invoking toplevel() on ptolemy.moml.MoMLSimpleApplication@1308a904
----------------- Done invoking toplevel() on ptolemy.moml.MoMLSimpleApplication@1308a904
reloadAllAccessors: .MaximumComplex

===========================================================================================
----------------- testing Mon May 18 14:26:04 UTC 2020 /home/travis/build/icyphy/ptII/ptolemy/actor/lib/test/auto/MethodCallTest.xml
----------------- Instantiating /home/travis/build/icyphy/ptII/ptolemy/actor/lib/test/auto/MethodCallTest.xml
2 ms. Memory: 493568K Free: 367628K (74%)
----------------- Invoking toplevel() on ptolemy.moml.MoMLSimpleApplication@4784786f
----------------- Done invoking toplevel() on ptolemy.moml.MoMLSimpleApplication@4784786f
reloadAllAccessors: .MethodCallTest

===========================================================================================
----------------- testing Mon May 18 14:26:04 UTC 2020 /home/travis/build/icyphy/ptII/ptolemy/actor/lib/test/auto/Minimum.xml
----------------- Instantiating /home/travis/build/icyphy/ptII/ptolemy/actor/lib/test/auto/Minimum.xml
2 ms. Memory: 493568K Free: 360970K (73%)
----------------- Invoking toplevel() on ptolemy.moml.MoMLSimpleApplication@65fa9bc9
----------------- Done invoking toplevel() on ptolemy.moml.MoMLSimpleApplication@65fa9bc9
reloadAllAccessors: .Minimum

===========================================================================================
----------------- testing Mon May 18 14:26:04 UTC 2020 /home/travis/build/icyphy/ptII/ptolemy/actor/lib/test/auto/MinimumComplex.xml
----------------- Instantiating /home/travis/build/icyphy/ptII/ptolemy/actor/lib/test/auto/MinimumComplex.xml
2 ms. Memory: 493568K Free: 354826K (72%)
----------------- Invoking toplevel() on ptolemy.moml.MoMLSimpleApplication@7b91daeb
----------------- Done invoking toplevel() on ptolemy.moml.MoMLSimpleApplication@7b91daeb
reloadAllAccessors: .MinimumComplex

===========================================================================================
----------------- testing Mon May 18 14:26:04 UTC 2020 /home/travis/build/icyphy/ptII/ptolemy/actor/lib/test/auto/MinimumMultiports.xml
----------------- Instantiating /home/travis/build/icyphy/ptII/ptolemy/actor/lib/test/auto/MinimumMultiports.xml
3 ms. Memory: 493568K Free: 346124K (70%)
----------------- Invoking toplevel() on ptolemy.moml.MoMLSimpleApplication@5d01d6a0
----------------- Done invoking toplevel() on ptolemy.moml.MoMLSimpleApplication@5d01d6a0
reloadAllAccessors: .MinimumMultiports

===========================================================================================
----------------- testing Mon May 18 14:26:05 UTC 2020 /home/travis/build/icyphy/ptII/ptolemy/actor/lib/test/auto/ModifyDate.xml
----------------- Instantiating /home/travis/build/icyphy/ptII/ptolemy/actor/lib/test/auto/ModifyDate.xml
8 ms. Memory: 493568K Free: 333322K (68%)
----------------- Invoking toplevel() on ptolemy.moml.MoMLSimpleApplication@351f06f4
----------------- Done invoking toplevel() on ptolemy.moml.MoMLSimpleApplication@351f06f4
reloadAllAccessors: .ModifyDate

===========================================================================================
----------------- testing Mon May 18 14:26:05 UTC 2020 /home/travis/build/icyphy/ptII/ptolemy/actor/lib/test/auto/ModifyDate2.xml
----------------- Instantiating /home/travis/build/icyphy/ptII/ptolemy/actor/lib/test/auto/ModifyDate2.xml
4 ms. Memory: 493568K Free: 324620K (66%)
----------------- Invoking toplevel() on ptolemy.moml.MoMLSimpleApplication@4088df34
----------------- Done invoking toplevel() on ptolemy.moml.MoMLSimpleApplication@4088df34
reloadAllAccessors: .ModifyDate2

===========================================================================================
----------------- testing Mon May 18 14:26:05 UTC 2020 /home/travis/build/icyphy/ptII/ptolemy/actor/lib/test/auto/MovingAverage.xml
----------------- Instantiating /home/travis/build/icyphy/ptII/ptolemy/actor/lib/test/auto/MovingAverage.xml
1 ms. Memory: 493568K Free: 319500K (65%)
----------------- Invoking toplevel() on ptolemy.moml.MoMLSimpleApplication@1e9c8126
----------------- Done invoking toplevel() on ptolemy.moml.MoMLSimpleApplication@1e9c8126
reloadAllAccessors: .MovingAverage

===========================================================================================
----------------- testing Mon May 18 14:26:05 UTC 2020 /home/travis/build/icyphy/ptII/ptolemy/actor/lib/test/auto/MovingMaximum.xml
----------------- Instantiating /home/travis/build/icyphy/ptII/ptolemy/actor/lib/test/auto/MovingMaximum.xml
1 ms. Memory: 493568K Free: 314890K (64%)
----------------- Invoking toplevel() on ptolemy.moml.MoMLSimpleApplication@26e33a4a
----------------- Done invoking toplevel() on ptolemy.moml.MoMLSimpleApplication@26e33a4a
reloadAllAccessors: .MovingMaximum

===========================================================================================
----------------- testing Mon May 18 14:26:05 UTC 2020 /home/travis/build/icyphy/ptII/ptolemy/actor/lib/test/auto/MultipleLinksToSameRelation.xml
----------------- Instantiating /home/travis/build/icyphy/ptII/ptolemy/actor/lib/test/auto/MultipleLinksToSameRelation.xml
2 ms. Memory: 493568K Free: 310794K (63%)
----------------- Invoking toplevel() on ptolemy.moml.MoMLSimpleApplication@2cd8b4f2
----------------- Done invoking toplevel() on ptolemy.moml.MoMLSimpleApplication@2cd8b4f2
reloadAllAccessors: .MultipleLinksToSameRelation

===========================================================================================
----------------- testing Mon May 18 14:26:05 UTC 2020 /home/travis/build/icyphy/ptII/ptolemy/actor/lib/test/auto/MultipleLinksToSameRelationDE.xml
----------------- Instantiating /home/travis/build/icyphy/ptII/ptolemy/actor/lib/test/auto/MultipleLinksToSameRelationDE.xml
10 ms. Memory: 493568K Free: 306683K (62%)
----------------- Invoking toplevel() on ptolemy.moml.MoMLSimpleApplication@20a41540
----------------- Done invoking toplevel() on ptolemy.moml.MoMLSimpleApplication@20a41540
reloadAllAccessors: .MultipleLinksToSameRelationDE

===========================================================================================
----------------- testing Mon May 18 14:26:05 UTC 2020 /home/travis/build/icyphy/ptII/ptolemy/actor/lib/test/auto/Multiplexor.xml
----------------- Instantiating /home/travis/build/icyphy/ptII/ptolemy/actor/lib/test/auto/Multiplexor.xml
2 ms. Memory: 493568K Free: 301068K (61%)
----------------- Invoking toplevel() on ptolemy.moml.MoMLSimpleApplication@30a773be
----------------- Done invoking toplevel() on ptolemy.moml.MoMLSimpleApplication@30a773be
reloadAllAccessors: .Multiplexor

===========================================================================================
----------------- testing Mon May 18 14:26:05 UTC 2020 /home/travis/build/icyphy/ptII/ptolemy/actor/lib/test/auto/Multiplexor1.xml
----------------- Instantiating /home/travis/build/icyphy/ptII/ptolemy/actor/lib/test/auto/Multiplexor1.xml
2 ms. Memory: 493568K Free: 295427K (60%)
----------------- Invoking toplevel() on ptolemy.moml.MoMLSimpleApplication@2e097f50
----------------- Done invoking toplevel() on ptolemy.moml.MoMLSimpleApplication@2e097f50
reloadAllAccessors: .Multiplexor1

===========================================================================================
----------------- testing Mon May 18 14:26:05 UTC 2020 /home/travis/build/icyphy/ptII/ptolemy/actor/lib/test/auto/Multiplexor2.xml
----------------- Instantiating /home/travis/build/icyphy/ptII/ptolemy/actor/lib/test/auto/Multiplexor2.xml
5 ms. Memory: 493568K Free: 288778K (59%)
----------------- Invoking toplevel() on ptolemy.moml.MoMLSimpleApplication@767041fe
----------------- Done invoking toplevel() on ptolemy.moml.MoMLSimpleApplication@767041fe
reloadAllAccessors: .Multiplexor2

===========================================================================================
----------------- testing Mon May 18 14:26:05 UTC 2020 /home/travis/build/icyphy/ptII/ptolemy/actor/lib/test/auto/Multiplexor3.xml
----------------- Instantiating /home/travis/build/icyphy/ptII/ptolemy/actor/lib/test/auto/Multiplexor3.xml
2 ms. Memory: 493568K Free: 284684K (58%)
----------------- Invoking toplevel() on ptolemy.moml.MoMLSimpleApplication@6adabc96
----------------- Done invoking toplevel() on ptolemy.moml.MoMLSimpleApplication@6adabc96
reloadAllAccessors: .Multiplexor3

===========================================================================================
----------------- testing Mon May 18 14:26:05 UTC 2020 /home/travis/build/icyphy/ptII/ptolemy/actor/lib/test/auto/MultiplexorDE.xml
----------------- Instantiating /home/travis/build/icyphy/ptII/ptolemy/actor/lib/test/auto/MultiplexorDE.xml
2 ms. Memory: 493568K Free: 276971K (56%)
----------------- Invoking toplevel() on ptolemy.moml.MoMLSimpleApplication@4fc04a8
----------------- Done invoking toplevel() on ptolemy.moml.MoMLSimpleApplication@4fc04a8
reloadAllAccessors: .MultiplexorDE

===========================================================================================
----------------- testing Mon May 18 14:26:05 UTC 2020 /home/travis/build/icyphy/ptII/ptolemy/actor/lib/test/auto/MultiportBroadcastTest.xml
----------------- Instantiating /home/travis/build/icyphy/ptII/ptolemy/actor/lib/test/auto/MultiportBroadcastTest.xml
72 ms. Memory: 493568K Free: 271372K (55%)
----------------- Invoking toplevel() on ptolemy.moml.MoMLSimpleApplication@77fd94e7
----------------- Done invoking toplevel() on ptolemy.moml.MoMLSimpleApplication@77fd94e7
reloadAllAccessors: .MultiportBroadcastTest

===========================================================================================
----------------- testing Mon May 18 14:26:05 UTC 2020 /home/travis/build/icyphy/ptII/ptolemy/actor/lib/test/auto/MultiportOutHangDuringGetWidth.xml
----------------- Instantiating /home/travis/build/icyphy/ptII/ptolemy/actor/lib/test/auto/MultiportOutHangDuringGetWidth.xml
5 ms. Memory: 493568K Free: 259084K (52%)
----------------- Invoking toplevel() on ptolemy.moml.MoMLSimpleApplication@4a248548
----------------- Done invoking toplevel() on ptolemy.moml.MoMLSimpleApplication@4a248548
reloadAllAccessors: .MultiportOutHangDuringGetWidth

===========================================================================================
----------------- testing Mon May 18 14:26:05 UTC 2020 /home/travis/build/icyphy/ptII/ptolemy/actor/lib/test/auto/NilToken.xml
----------------- Instantiating /home/travis/build/icyphy/ptII/ptolemy/actor/lib/test/auto/NilToken.xml
1 ms. Memory: 493568K Free: 254988K (52%)
----------------- Invoking toplevel() on ptolemy.moml.MoMLSimpleApplication@6cb553cf
----------------- Done invoking toplevel() on ptolemy.moml.MoMLSimpleApplication@6cb553cf
reloadAllAccessors: .NilToken

===========================================================================================
----------------- testing Mon May 18 14:26:05 UTC 2020 /home/travis/build/icyphy/ptII/ptolemy/actor/lib/test/auto/NilTokenNonStrictTest.xml
----------------- Instantiating /home/travis/build/icyphy/ptII/ptolemy/actor/lib/test/auto/NilTokenNonStrictTest.xml
1 ms. Memory: 493568K Free: 250378K (51%)
----------------- Invoking toplevel() on ptolemy.moml.MoMLSimpleApplication@382967eb
----------------- Done invoking toplevel() on ptolemy.moml.MoMLSimpleApplication@382967eb
reloadAllAccessors: .NilTokenNonStrictTest

===========================================================================================
----------------- testing Mon May 18 14:26:05 UTC 2020 /home/travis/build/icyphy/ptII/ptolemy/actor/lib/test/auto/NilTokenRecord.xml
----------------- Instantiating /home/travis/build/icyphy/ptII/ptolemy/actor/lib/test/auto/NilTokenRecord.xml
4 ms. Memory: 493568K Free: 243724K (49%)
----------------- Invoking toplevel() on ptolemy.moml.MoMLSimpleApplication@5adcf73d
----------------- Done invoking toplevel() on ptolemy.moml.MoMLSimpleApplication@5adcf73d
reloadAllAccessors: .NilTokenRecord

===========================================================================================
----------------- testing Mon May 18 14:26:05 UTC 2020 /home/travis/build/icyphy/ptII/ptolemy/actor/lib/test/auto/NilTokenTypeTest.xml
----------------- Instantiating /home/travis/build/icyphy/ptII/ptolemy/actor/lib/test/auto/NilTokenTypeTest.xml
7 ms. Memory: 493568K Free: 233994K (47%)
----------------- Invoking toplevel() on ptolemy.moml.MoMLSimpleApplication@7d598cc0
----------------- Done invoking toplevel() on ptolemy.moml.MoMLSimpleApplication@7d598cc0
reloadAllAccessors: .NilTokenTypeTest

===========================================================================================
----------------- testing Mon May 18 14:26:05 UTC 2020 /home/travis/build/icyphy/ptII/ptolemy/actor/lib/test/auto/ObjectToken1.xml
----------------- Instantiating /home/travis/build/icyphy/ptII/ptolemy/actor/lib/test/auto/ObjectToken1.xml
1 ms. Memory: 493568K Free: 230412K (47%)
----------------- Invoking toplevel() on ptolemy.moml.MoMLSimpleApplication@6e0649de
----------------- Done invoking toplevel() on ptolemy.moml.MoMLSimpleApplication@6e0649de
reloadAllAccessors: .ObjectToken1

===========================================================================================
----------------- testing Mon May 18 14:26:05 UTC 2020 /home/travis/build/icyphy/ptII/ptolemy/actor/lib/test/auto/OrderedMerge.xml
----------------- Instantiating /home/travis/build/icyphy/ptII/ptolemy/actor/lib/test/auto/OrderedMerge.xml
11 ms. Memory: 493568K Free: 224778K (46%)
----------------- Invoking toplevel() on ptolemy.moml.MoMLSimpleApplication@4568affd
----------------- Done invoking toplevel() on ptolemy.moml.MoMLSimpleApplication@4568affd
reloadAllAccessors: .OrderedMerge

===========================================================================================
----------------- testing Mon May 18 14:26:05 UTC 2020 /home/travis/build/icyphy/ptII/ptolemy/actor/lib/test/auto/OrderedRecordDisassembler.xml
----------------- Instantiating /home/travis/build/icyphy/ptII/ptolemy/actor/lib/test/auto/OrderedRecordDisassembler.xml
3 ms. Memory: 493568K Free: 219627K (44%)
----------------- Invoking toplevel() on ptolemy.moml.MoMLSimpleApplication@379202f5
----------------- Done invoking toplevel() on ptolemy.moml.MoMLSimpleApplication@379202f5
reloadAllAccessors: .OrderedRecordDisassembler

===========================================================================================
----------------- testing Mon May 18 14:26:05 UTC 2020 /home/travis/build/icyphy/ptII/ptolemy/actor/lib/test/auto/OrderedRecordDisassembler2.xml
----------------- Instantiating /home/travis/build/icyphy/ptII/ptolemy/actor/lib/test/auto/OrderedRecordDisassembler2.xml
3 ms. Memory: 493568K Free: 211980K (43%)
----------------- Invoking toplevel() on ptolemy.moml.MoMLSimpleApplication@b0b13c2
----------------- Done invoking toplevel() on ptolemy.moml.MoMLSimpleApplication@b0b13c2
reloadAllAccessors: .OrderedRecordDisassembler2

===========================================================================================
----------------- testing Mon May 18 14:26:05 UTC 2020 /home/travis/build/icyphy/ptII/ptolemy/actor/lib/test/auto/OrderedRecordUpdater.xml
----------------- Instantiating /home/travis/build/icyphy/ptII/ptolemy/actor/lib/test/auto/OrderedRecordUpdater.xml
1 ms. Memory: 493568K Free: 207370K (42%)
----------------- Invoking toplevel() on ptolemy.moml.MoMLSimpleApplication@64706ab2
----------------- Done invoking toplevel() on ptolemy.moml.MoMLSimpleApplication@64706ab2
reloadAllAccessors: .RecordUpdater

===========================================================================================
----------------- testing Mon May 18 14:26:05 UTC 2020 /home/travis/build/icyphy/ptII/ptolemy/actor/lib/test/auto/OrderedRecordUpdater2.xml
----------------- Instantiating /home/travis/build/icyphy/ptII/ptolemy/actor/lib/test/auto/OrderedRecordUpdater2.xml
2 ms. Memory: 493568K Free: 201740K (41%)
----------------- Invoking toplevel() on ptolemy.moml.MoMLSimpleApplication@cfed451
----------------- Done invoking toplevel() on ptolemy.moml.MoMLSimpleApplication@cfed451
reloadAllAccessors: .RecordUpdater2

===========================================================================================
----------------- testing Mon May 18 14:26:05 UTC 2020 /home/travis/build/icyphy/ptII/ptolemy/actor/lib/test/auto/PhaseUnwrap.xml
----------------- Instantiating /home/travis/build/icyphy/ptII/ptolemy/actor/lib/test/auto/PhaseUnwrap.xml
2 ms. Memory: 493568K Free: 197644K (40%)
----------------- Invoking toplevel() on ptolemy.moml.MoMLSimpleApplication@7a5bce0
----------------- Done invoking toplevel() on ptolemy.moml.MoMLSimpleApplication@7a5bce0
reloadAllAccessors: .PhaseUnwrap

===========================================================================================
----------------- testing Mon May 18 14:26:05 UTC 2020 /home/travis/build/icyphy/ptII/ptolemy/actor/lib/test/auto/PoissonClock.xml
----------------- Instantiating /home/travis/build/icyphy/ptII/ptolemy/actor/lib/test/auto/PoissonClock.xml
1 ms. Memory: 493568K Free: 193548K (39%)
----------------- Invoking toplevel() on ptolemy.moml.MoMLSimpleApplication@1568c8cb
----------------- Done invoking toplevel() on ptolemy.moml.MoMLSimpleApplication@1568c8cb
reloadAllAccessors: .PoissonClock

===========================================================================================
----------------- testing Mon May 18 14:26:05 UTC 2020 /home/travis/build/icyphy/ptII/ptolemy/actor/lib/test/auto/PoissonClock2.xml
----------------- Instantiating /home/travis/build/icyphy/ptII/ptolemy/actor/lib/test/auto/PoissonClock2.xml
1 ms. Memory: 493568K Free: 188938K (38%)
----------------- Invoking toplevel() on ptolemy.moml.MoMLSimpleApplication@47b88d54
----------------- Done invoking toplevel() on ptolemy.moml.MoMLSimpleApplication@47b88d54
reloadAllAccessors: .PoissonClock2

===========================================================================================
----------------- testing Mon May 18 14:26:05 UTC 2020 /home/travis/build/icyphy/ptII/ptolemy/actor/lib/test/auto/PoissonClock3.xml
----------------- Instantiating /home/travis/build/icyphy/ptII/ptolemy/actor/lib/test/auto/PoissonClock3.xml
1 ms. Memory: 493568K Free: 184332K (37%)
----------------- Invoking toplevel() on ptolemy.moml.MoMLSimpleApplication@516db782
----------------- Done invoking toplevel() on ptolemy.moml.MoMLSimpleApplication@516db782
reloadAllAccessors: .PoissonClock3

===========================================================================================
----------------- testing Mon May 18 14:26:05 UTC 2020 /home/travis/build/icyphy/ptII/ptolemy/actor/lib/test/auto/PubSubWithInitialTokens.xml
----------------- Instantiating /home/travis/build/icyphy/ptII/ptolemy/actor/lib/test/auto/PubSubWithInitialTokens.xml
1 ms. Memory: 493568K Free: 178667K (36%)
----------------- Invoking toplevel() on ptolemy.moml.MoMLSimpleApplication@699b7bfe
----------------- Done invoking toplevel() on ptolemy.moml.MoMLSimpleApplication@699b7bfe
reloadAllAccessors: .PubSubWithInitialTokens

===========================================================================================
----------------- testing Mon May 18 14:26:05 UTC 2020 /home/travis/build/icyphy/ptII/ptolemy/actor/lib/test/auto/PubSubWithInitialTokens2.xml
----------------- Instantiating /home/travis/build/icyphy/ptII/ptolemy/actor/lib/test/auto/PubSubWithInitialTokens2.xml
2 ms. Memory: 493568K Free: 172539K (35%)
----------------- Invoking toplevel() on ptolemy.moml.MoMLSimpleApplication@6d50cfb4
----------------- Done invoking toplevel() on ptolemy.moml.MoMLSimpleApplication@6d50cfb4
reloadAllAccessors: .PubSubWithInitialTokens2

===========================================================================================
----------------- testing Mon May 18 14:26:05 UTC 2020 /home/travis/build/icyphy/ptII/ptolemy/actor/lib/test/auto/PublisherClassNoParameter.xml
----------------- Instantiating /home/travis/build/icyphy/ptII/ptolemy/actor/lib/test/auto/PublisherClassNoParameter.xml
2 ms. Memory: 493568K Free: 162828K (33%)
----------------- Invoking toplevel() on ptolemy.moml.MoMLSimpleApplication@84ecefc
----------------- Done invoking toplevel() on ptolemy.moml.MoMLSimpleApplication@84ecefc
reloadAllAccessors: .PublisherClassNoParameter

===========================================================================================
----------------- testing Mon May 18 14:26:05 UTC 2020 /home/travis/build/icyphy/ptII/ptolemy/actor/lib/test/auto/PublisherClassParameter.xml
----------------- Instantiating /home/travis/build/icyphy/ptII/ptolemy/actor/lib/test/auto/PublisherClassParameter.xml
2 ms. Memory: 493568K Free: 438796K (89%)
----------------- Invoking toplevel() on ptolemy.moml.MoMLSimpleApplication@4fec0ff7
----------------- Done invoking toplevel() on ptolemy.moml.MoMLSimpleApplication@4fec0ff7
reloadAllAccessors: .PublisherClassParameter

===========================================================================================
----------------- testing Mon May 18 14:26:05 UTC 2020 /home/travis/build/icyphy/ptII/ptolemy/actor/lib/test/auto/PublisherNonStrictTest.xml
----------------- Instantiating /home/travis/build/icyphy/ptII/ptolemy/actor/lib/test/auto/PublisherNonStrictTest.xml
2 ms. Memory: 493568K Free: 431107K (87%)
----------------- Invoking toplevel() on ptolemy.moml.MoMLSimpleApplication@18089fb3
----------------- Done invoking toplevel() on ptolemy.moml.MoMLSimpleApplication@18089fb3
reloadAllAccessors: .PublisherNonStrictTest

===========================================================================================
----------------- testing Mon May 18 14:26:05 UTC 2020 /home/travis/build/icyphy/ptII/ptolemy/actor/lib/test/auto/PublisherPort1.xml
----------------- Instantiating /home/travis/build/icyphy/ptII/ptolemy/actor/lib/test/auto/PublisherPort1.xml
12 ms. Memory: 493568K Free: 425484K (86%)
----------------- Invoking toplevel() on ptolemy.moml.MoMLSimpleApplication@32c263d1
----------------- Done invoking toplevel() on ptolemy.moml.MoMLSimpleApplication@32c263d1
reloadAllAccessors: .PublisherPort1

===========================================================================================
----------------- testing Mon May 18 14:26:05 UTC 2020 /home/travis/build/icyphy/ptII/ptolemy/actor/lib/test/auto/PublisherPort2.xml
----------------- Instantiating /home/travis/build/icyphy/ptII/ptolemy/actor/lib/test/auto/PublisherPort2.xml
1 ms. Memory: 493568K Free: 420364K (85%)
----------------- Invoking toplevel() on ptolemy.moml.MoMLSimpleApplication@4de9be92
----------------- Done invoking toplevel() on ptolemy.moml.MoMLSimpleApplication@4de9be92
reloadAllAccessors: .PublisherPort2

===========================================================================================
----------------- testing Mon May 18 14:26:05 UTC 2020 /home/travis/build/icyphy/ptII/ptolemy/actor/lib/test/auto/PublisherPort3.xml
----------------- Instantiating /home/travis/build/icyphy/ptII/ptolemy/actor/lib/test/auto/PublisherPort3.xml
2 ms. Memory: 493568K Free: 413675K (84%)
----------------- Invoking toplevel() on ptolemy.moml.MoMLSimpleApplication@48cdcb04
----------------- Done invoking toplevel() on ptolemy.moml.MoMLSimpleApplication@48cdcb04
reloadAllAccessors: .PublisherPort3

===========================================================================================
----------------- testing Mon May 18 14:26:05 UTC 2020 /home/travis/build/icyphy/ptII/ptolemy/actor/lib/test/auto/PublisherPort4.xml
----------------- Instantiating /home/travis/build/icyphy/ptII/ptolemy/actor/lib/test/auto/PublisherPort4.xml
2 ms. Memory: 493568K Free: 408076K (83%)
----------------- Invoking toplevel() on ptolemy.moml.MoMLSimpleApplication@4b7aedaa
----------------- Done invoking toplevel() on ptolemy.moml.MoMLSimpleApplication@4b7aedaa
reloadAllAccessors: .PublisherPort4

===========================================================================================
----------------- testing Mon May 18 14:26:05 UTC 2020 /home/travis/build/icyphy/ptII/ptolemy/actor/lib/test/auto/PublisherPort5.xml
----------------- Instantiating /home/travis/build/icyphy/ptII/ptolemy/actor/lib/test/auto/PublisherPort5.xml
3 ms. Memory: 493568K Free: 400394K (81%)
----------------- Invoking toplevel() on ptolemy.moml.MoMLSimpleApplication@422967fd
----------------- Done invoking toplevel() on ptolemy.moml.MoMLSimpleApplication@422967fd
reloadAllAccessors: .PublisherPort5

===========================================================================================
----------------- testing Mon May 18 14:26:05 UTC 2020 /home/travis/build/icyphy/ptII/ptolemy/actor/lib/test/auto/PublisherPort5LookAlike.xml
----------------- Instantiating /home/travis/build/icyphy/ptII/ptolemy/actor/lib/test/auto/PublisherPort5LookAlike.xml
6 ms. Memory: 493568K Free: 392716K (80%)
----------------- Invoking toplevel() on ptolemy.moml.MoMLSimpleApplication@6011f9e6
----------------- Done invoking toplevel() on ptolemy.moml.MoMLSimpleApplication@6011f9e6
reloadAllAccessors: .PublisherPort5LookAlike

===========================================================================================
----------------- testing Mon May 18 14:26:05 UTC 2020 /home/travis/build/icyphy/ptII/ptolemy/actor/lib/test/auto/PublisherPort6.xml
----------------- Instantiating /home/travis/build/icyphy/ptII/ptolemy/actor/lib/test/auto/PublisherPort6.xml
2 ms. Memory: 493568K Free: 386058K (78%)
----------------- Invoking toplevel() on ptolemy.moml.MoMLSimpleApplication@5137038a
----------------- Done invoking toplevel() on ptolemy.moml.MoMLSimpleApplication@5137038a
reloadAllAccessors: .PublisherPort6

===========================================================================================
----------------- testing Mon May 18 14:26:05 UTC 2020 /home/travis/build/icyphy/ptII/ptolemy/actor/lib/test/auto/PublisherPort7.xml
----------------- Instantiating /home/travis/build/icyphy/ptII/ptolemy/actor/lib/test/auto/PublisherPort7.xml
3 ms. Memory: 493568K Free: 378380K (77%)
----------------- Invoking toplevel() on ptolemy.moml.MoMLSimpleApplication@6ff11e6e
----------------- Done invoking toplevel() on ptolemy.moml.MoMLSimpleApplication@6ff11e6e
reloadAllAccessors: .PublisherPort7

===========================================================================================
----------------- testing Mon May 18 14:26:05 UTC 2020 /home/travis/build/icyphy/ptII/ptolemy/actor/lib/test/auto/PublisherPort8.xml
----------------- Instantiating /home/travis/build/icyphy/ptII/ptolemy/actor/lib/test/auto/PublisherPort8.xml
3 ms. Memory: 493568K Free: 370188K (75%)
----------------- Invoking toplevel() on ptolemy.moml.MoMLSimpleApplication@625a540f
----------------- Done invoking toplevel() on ptolemy.moml.MoMLSimpleApplication@625a540f
reloadAllAccessors: .PublisherPort8

===========================================================================================
----------------- testing Mon May 18 14:26:05 UTC 2020 /home/travis/build/icyphy/ptII/ptolemy/actor/lib/test/auto/PublisherPortSubscriberChannelVariablesAOC2.xml
----------------- Instantiating /home/travis/build/icyphy/ptII/ptolemy/actor/lib/test/auto/PublisherPortSubscriberChannelVariablesAOC2.xml
2 ms. Memory: 493568K Free: 353290K (72%)
----------------- Invoking toplevel() on ptolemy.moml.MoMLSimpleApplication@322414e0
----------------- Done invoking toplevel() on ptolemy.moml.MoMLSimpleApplication@322414e0
reloadAllAccessors: .PublisherPortSubscriberChannelVariablesAOC2

===========================================================================================
----------------- testing Mon May 18 14:26:05 UTC 2020 /home/travis/build/icyphy/ptII/ptolemy/actor/lib/test/auto/PublisherPortSubscriberOpaqueWidthInference.xml
----------------- Instantiating /home/travis/build/icyphy/ptII/ptolemy/actor/lib/test/auto/PublisherPortSubscriberOpaqueWidthInference.xml
2 ms. Memory: 493568K Free: 345083K (70%)
----------------- Invoking toplevel() on ptolemy.moml.MoMLSimpleApplication@1c97d135
----------------- Done invoking toplevel() on ptolemy.moml.MoMLSimpleApplication@1c97d135
reloadAllAccessors: .PublisherPortSubscriberOpaqueWidthInference

===========================================================================================
----------------- testing Mon May 18 14:26:05 UTC 2020 /home/travis/build/icyphy/ptII/ptolemy/actor/lib/test/auto/PublisherPortSubscriberPortAdjacent.xml
----------------- Instantiating /home/travis/build/icyphy/ptII/ptolemy/actor/lib/test/auto/PublisherPortSubscriberPortAdjacent.xml
6 ms. Memory: 493568K Free: 336906K (68%)
----------------- Invoking toplevel() on ptolemy.moml.MoMLSimpleApplication@34b326ba
----------------- Done invoking toplevel() on ptolemy.moml.MoMLSimpleApplication@34b326ba
reloadAllAccessors: .PublisherPortSubscriberPortAdjacent

===========================================================================================
----------------- testing Mon May 18 14:26:05 UTC 2020 /home/travis/build/icyphy/ptII/ptolemy/actor/lib/test/auto/PublisherPortSubscriberPortExpression.xml
----------------- Instantiating /home/travis/build/icyphy/ptII/ptolemy/actor/lib/test/auto/PublisherPortSubscriberPortExpression.xml
2 ms. Memory: 493568K Free: 329228K (67%)
----------------- Invoking toplevel() on ptolemy.moml.MoMLSimpleApplication@4bc92583
----------------- Done invoking toplevel() on ptolemy.moml.MoMLSimpleApplication@4bc92583
reloadAllAccessors: .PublisherPortSubscriberPortExpression

===========================================================================================
----------------- testing Mon May 18 14:26:05 UTC 2020 /home/travis/build/icyphy/ptII/ptolemy/actor/lib/test/auto/PublisherPortSubscriberPortOpaqueD3Reverse.xml
----------------- Instantiating /home/travis/build/icyphy/ptII/ptolemy/actor/lib/test/auto/PublisherPortSubscriberPortOpaqueD3Reverse.xml
5 ms. Memory: 493568K Free: 318988K (65%)
----------------- Invoking toplevel() on ptolemy.moml.MoMLSimpleApplication@2aef651a
----------------- Done invoking toplevel() on ptolemy.moml.MoMLSimpleApplication@2aef651a
reloadAllAccessors: .PublisherPortSubscriberPortOpaqueD3Reverse

===========================================================================================
----------------- testing Mon May 18 14:26:05 UTC 2020 /home/travis/build/icyphy/ptII/ptolemy/actor/lib/test/auto/PublisherPortSubscriberPortOpaqueWidthInference.xml
----------------- Instantiating /home/travis/build/icyphy/ptII/ptolemy/actor/lib/test/auto/PublisherPortSubscriberPortOpaqueWidthInference.xml
2 ms. Memory: 493568K Free: 311291K (63%)
----------------- Invoking toplevel() on ptolemy.moml.MoMLSimpleApplication@7ce520c5
----------------- Done invoking toplevel() on ptolemy.moml.MoMLSimpleApplication@7ce520c5
reloadAllAccessors: .PublisherPortSubscriberPortOpaqueWidthInference

===========================================================================================
----------------- testing Mon May 18 14:26:05 UTC 2020 /home/travis/build/icyphy/ptII/ptolemy/actor/lib/test/auto/PublisherPortToplevelSubscriberPortAOC.xml
----------------- Instantiating /home/travis/build/icyphy/ptII/ptolemy/actor/lib/test/auto/PublisherPortToplevelSubscriberPortAOC.xml
.PublisherPortToplevelSubscriberPortAOC.TestExceptionAttribute: initialize() was not invoked, but wrapup() was.  This is unusual, but not always a problem.  For example, exporting JNLP will do this.
0 ms. Memory: 493568K Free: 305162K (62%)
----------------- Invoking toplevel() on ptolemy.moml.MoMLSimpleApplication@70524557
----------------- Done invoking toplevel() on ptolemy.moml.MoMLSimpleApplication@70524557
reloadAllAccessors: .PublisherPortToplevelSubscriberPortAOC

===========================================================================================
----------------- testing Mon May 18 14:26:06 UTC 2020 /home/travis/build/icyphy/ptII/ptolemy/actor/lib/test/auto/PublisherSubscriber.xml
----------------- Instantiating /home/travis/build/icyphy/ptII/ptolemy/actor/lib/test/auto/PublisherSubscriber.xml
3 ms. Memory: 493568K Free: 297484K (60%)
----------------- Invoking toplevel() on ptolemy.moml.MoMLSimpleApplication@440dcfc9
----------------- Done invoking toplevel() on ptolemy.moml.MoMLSimpleApplication@440dcfc9
reloadAllAccessors: .PublisherSubscriber

===========================================================================================
----------------- testing Mon May 18 14:26:06 UTC 2020 /home/travis/build/icyphy/ptII/ptolemy/actor/lib/test/auto/PublisherSubscriber10.xml
----------------- Instantiating /home/travis/build/icyphy/ptII/ptolemy/actor/lib/test/auto/PublisherSubscriber10.xml
6 ms. Memory: 493568K Free: 287754K (58%)
----------------- Invoking toplevel() on ptolemy.moml.MoMLSimpleApplication@26b5bf7
----------------- Done invoking toplevel() on ptolemy.moml.MoMLSimpleApplication@26b5bf7
reloadAllAccessors: .PublisherSubscriber10

===========================================================================================
----------------- testing Mon May 18 14:26:06 UTC 2020 /home/travis/build/icyphy/ptII/ptolemy/actor/lib/test/auto/PublisherSubscriber10InitialOutputs.xml
----------------- Instantiating /home/travis/build/icyphy/ptII/ptolemy/actor/lib/test/auto/PublisherSubscriber10InitialOutputs.xml
10 ms. Memory: 493568K Free: 278538K (56%)
----------------- Invoking toplevel() on ptolemy.moml.MoMLSimpleApplication@58e3ba6a
----------------- Done invoking toplevel() on ptolemy.moml.MoMLSimpleApplication@58e3ba6a
reloadAllAccessors: .PublisherSubscriber10InitialOutputs

===========================================================================================
----------------- testing Mon May 18 14:26:06 UTC 2020 /home/travis/build/icyphy/ptII/ptolemy/actor/lib/test/auto/PublisherSubscriber11.xml
----------------- Instantiating /home/travis/build/icyphy/ptII/ptolemy/actor/lib/test/auto/PublisherSubscriber11.xml
2 ms. Memory: 493568K Free: 272363K (55%)
----------------- Invoking toplevel() on ptolemy.moml.MoMLSimpleApplication@2260fcbd
----------------- Done invoking toplevel() on ptolemy.moml.MoMLSimpleApplication@2260fcbd
reloadAllAccessors: .PublisherSubscriber11

===========================================================================================
----------------- testing Mon May 18 14:26:06 UTC 2020 /home/travis/build/icyphy/ptII/ptolemy/actor/lib/test/auto/PublisherSubscriber12.xml
----------------- Instantiating /home/travis/build/icyphy/ptII/ptolemy/actor/lib/test/auto/PublisherSubscriber12.xml
2 ms. Memory: 493568K Free: 265740K (54%)
----------------- Invoking toplevel() on ptolemy.moml.MoMLSimpleApplication@57661ead
----------------- Done invoking toplevel() on ptolemy.moml.MoMLSimpleApplication@57661ead
reloadAllAccessors: .PublisherSubscriber12

===========================================================================================
----------------- testing Mon May 18 14:26:06 UTC 2020 /home/travis/build/icyphy/ptII/ptolemy/actor/lib/test/auto/PublisherSubscriber13.xml
----------------- Instantiating /home/travis/build/icyphy/ptII/ptolemy/actor/lib/test/auto/PublisherSubscriber13.xml
1 ms. Memory: 493568K Free: 260075K (53%)
----------------- Invoking toplevel() on ptolemy.moml.MoMLSimpleApplication@5a56b1bc
----------------- Done invoking toplevel() on ptolemy.moml.MoMLSimpleApplication@5a56b1bc
reloadAllAccessors: .PublisherSubscriber13

===========================================================================================
----------------- testing Mon May 18 14:26:06 UTC 2020 /home/travis/build/icyphy/ptII/ptolemy/actor/lib/test/auto/PublisherSubscriber14.xml
----------------- Instantiating /home/travis/build/icyphy/ptII/ptolemy/actor/lib/test/auto/PublisherSubscriber14.xml
2 ms. Memory: 493568K Free: 251404K (51%)
----------------- Invoking toplevel() on ptolemy.moml.MoMLSimpleApplication@4fb2e94f
----------------- Done invoking toplevel() on ptolemy.moml.MoMLSimpleApplication@4fb2e94f
reloadAllAccessors: .PublisherSubscriber14

===========================================================================================
----------------- testing Mon May 18 14:26:06 UTC 2020 /home/travis/build/icyphy/ptII/ptolemy/actor/lib/test/auto/PublisherSubscriber2.xml
----------------- Instantiating /home/travis/build/icyphy/ptII/ptolemy/actor/lib/test/auto/PublisherSubscriber2.xml
2 ms. Memory: 493568K Free: 246284K (50%)
----------------- Invoking toplevel() on ptolemy.moml.MoMLSimpleApplication@28f10e87
----------------- Done invoking toplevel() on ptolemy.moml.MoMLSimpleApplication@28f10e87
reloadAllAccessors: .PublisherSubscriber2

===========================================================================================
----------------- testing Mon May 18 14:26:06 UTC 2020 /home/travis/build/icyphy/ptII/ptolemy/actor/lib/test/auto/PublisherSubscriber3.xml
----------------- Instantiating /home/travis/build/icyphy/ptII/ptolemy/actor/lib/test/auto/PublisherSubscriber3.xml
1 ms. Memory: 493568K Free: 240635K (49%)
----------------- Invoking toplevel() on ptolemy.moml.MoMLSimpleApplication@6cacc111
----------------- Done invoking toplevel() on ptolemy.moml.MoMLSimpleApplication@6cacc111
reloadAllAccessors: .PublisherSubscriber3

===========================================================================================
----------------- testing Mon May 18 14:26:06 UTC 2020 /home/travis/build/icyphy/ptII/ptolemy/actor/lib/test/auto/PublisherSubscriber4.xml
----------------- Instantiating /home/travis/build/icyphy/ptII/ptolemy/actor/lib/test/auto/PublisherSubscriber4.xml
2 ms. Memory: 493568K Free: 235499K (48%)
----------------- Invoking toplevel() on ptolemy.moml.MoMLSimpleApplication@f07c7c1
----------------- Done invoking toplevel() on ptolemy.moml.MoMLSimpleApplication@f07c7c1
reloadAllAccessors: .PublisherSubscriber4

===========================================================================================
----------------- testing Mon May 18 14:26:06 UTC 2020 /home/travis/build/icyphy/ptII/ptolemy/actor/lib/test/auto/PublisherSubscriber5.xml
----------------- Instantiating /home/travis/build/icyphy/ptII/ptolemy/actor/lib/test/auto/PublisherSubscriber5.xml
1 ms. Memory: 493568K Free: 228876K (46%)
----------------- Invoking toplevel() on ptolemy.moml.MoMLSimpleApplication@168b23a1
----------------- Done invoking toplevel() on ptolemy.moml.MoMLSimpleApplication@168b23a1
reloadAllAccessors: .PublisherSubscriber5

===========================================================================================
----------------- testing Mon May 18 14:26:06 UTC 2020 /home/travis/build/icyphy/ptII/ptolemy/actor/lib/test/auto/PublisherSubscriber6.xml
----------------- Instantiating /home/travis/build/icyphy/ptII/ptolemy/actor/lib/test/auto/PublisherSubscriber6.xml
3 ms. Memory: 493568K Free: 222218K (45%)
----------------- Invoking toplevel() on ptolemy.moml.MoMLSimpleApplication@ab59f74
----------------- Done invoking toplevel() on ptolemy.moml.MoMLSimpleApplication@ab59f74
reloadAllAccessors: .PublisherSubscriber6

===========================================================================================
----------------- testing Mon May 18 14:26:06 UTC 2020 /home/travis/build/icyphy/ptII/ptolemy/actor/lib/test/auto/PublisherSubscriber7.xml
----------------- Instantiating /home/travis/build/icyphy/ptII/ptolemy/actor/lib/test/auto/PublisherSubscriber7.xml
6 ms. Memory: 493568K Free: 215564K (44%)
----------------- Invoking toplevel() on ptolemy.moml.MoMLSimpleApplication@410f12cb
----------------- Done invoking toplevel() on ptolemy.moml.MoMLSimpleApplication@410f12cb
reloadAllAccessors: .PublisherSubscriber7

===========================================================================================
----------------- testing Mon May 18 14:26:06 UTC 2020 /home/travis/build/icyphy/ptII/ptolemy/actor/lib/test/auto/PublisherSubscriber8.xml
----------------- Instantiating /home/travis/build/icyphy/ptII/ptolemy/actor/lib/test/auto/PublisherSubscriber8.xml
13 ms. Memory: 493568K Free: 203786K (41%)
----------------- Invoking toplevel() on ptolemy.moml.MoMLSimpleApplication@6cef98a
----------------- Done invoking toplevel() on ptolemy.moml.MoMLSimpleApplication@6cef98a
reloadAllAccessors: .PublisherSubscriber8

===========================================================================================
----------------- testing Mon May 18 14:26:06 UTC 2020 /home/travis/build/icyphy/ptII/ptolemy/actor/lib/test/auto/PublisherSubscriber9.xml
----------------- Instantiating /home/travis/build/icyphy/ptII/ptolemy/actor/lib/test/auto/PublisherSubscriber9.xml
3 ms. Memory: 493568K Free: 196603K (40%)
----------------- Invoking toplevel() on ptolemy.moml.MoMLSimpleApplication@455385ad
----------------- Done invoking toplevel() on ptolemy.moml.MoMLSimpleApplication@455385ad
reloadAllAccessors: .PublisherSubscriber9

===========================================================================================
----------------- testing Mon May 18 14:26:06 UTC 2020 /home/travis/build/icyphy/ptII/ptolemy/actor/lib/test/auto/PublisherSubscriberAdjacent.xml
----------------- Instantiating /home/travis/build/icyphy/ptII/ptolemy/actor/lib/test/auto/PublisherSubscriberAdjacent.xml
2 ms. Memory: 493568K Free: 188426K (38%)
----------------- Invoking toplevel() on ptolemy.moml.MoMLSimpleApplication@2883de22
----------------- Done invoking toplevel() on ptolemy.moml.MoMLSimpleApplication@2883de22
reloadAllAccessors: .PublisherSubscriberAdjacent

===========================================================================================
----------------- testing Mon May 18 14:26:06 UTC 2020 /home/travis/build/icyphy/ptII/ptolemy/actor/lib/test/auto/PublisherSubscriberChannelVariablesAOC2.xml
----------------- Instantiating /home/travis/build/icyphy/ptII/ptolemy/actor/lib/test/auto/PublisherSubscriberChannelVariablesAOC2.xml
2 ms. Memory: 493568K Free: 173580K (35%)
----------------- Invoking toplevel() on ptolemy.moml.MoMLSimpleApplication@7dfe5269
----------------- Done invoking toplevel() on ptolemy.moml.MoMLSimpleApplication@7dfe5269
reloadAllAccessors: .PublisherSubscriberChannelVariablesAOC2

===========================================================================================
----------------- testing Mon May 18 14:26:06 UTC 2020 /home/travis/build/icyphy/ptII/ptolemy/actor/lib/test/auto/PublisherSubscriberD3.xml
----------------- Instantiating /home/travis/build/icyphy/ptII/ptolemy/actor/lib/test/auto/PublisherSubscriberD3.xml
1 ms. Memory: 493568K Free: 166412K (34%)
----------------- Invoking toplevel() on ptolemy.moml.MoMLSimpleApplication@6fe1550c
----------------- Done invoking toplevel() on ptolemy.moml.MoMLSimpleApplication@6fe1550c
reloadAllAccessors: .PublisherSubscriberD3

===========================================================================================
----------------- testing Mon May 18 14:26:06 UTC 2020 /home/travis/build/icyphy/ptII/ptolemy/actor/lib/test/auto/PublisherSubscriberD3Reverse.xml
----------------- Instantiating /home/travis/build/icyphy/ptII/ptolemy/actor/lib/test/auto/PublisherSubscriberD3Reverse.xml
1 ms. Memory: 493568K Free: 160268K (32%)
----------------- Invoking toplevel() on ptolemy.moml.MoMLSimpleApplication@334746c3
----------------- Done invoking toplevel() on ptolemy.moml.MoMLSimpleApplication@334746c3
reloadAllAccessors: .PublisherSubscriberD3Reverse

===========================================================================================
----------------- testing Mon May 18 14:26:06 UTC 2020 /home/travis/build/icyphy/ptII/ptolemy/actor/lib/test/auto/PublisherSubscriberExpression.xml
----------------- Instantiating /home/travis/build/icyphy/ptII/ptolemy/actor/lib/test/auto/PublisherSubscriberExpression.xml
3 ms. Memory: 493568K Free: 438796K (89%)
----------------- Invoking toplevel() on ptolemy.moml.MoMLSimpleApplication@44daec15
----------------- Done invoking toplevel() on ptolemy.moml.MoMLSimpleApplication@44daec15
reloadAllAccessors: .PublisherSubscriberExpression

===========================================================================================
----------------- testing Mon May 18 14:26:06 UTC 2020 /home/travis/build/icyphy/ptII/ptolemy/actor/lib/test/auto/PublisherSubscriberOpaque.xml
----------------- Instantiating /home/travis/build/icyphy/ptII/ptolemy/actor/lib/test/auto/PublisherSubscriberOpaque.xml
3 ms. Memory: 493568K Free: 430604K (87%)
----------------- Invoking toplevel() on ptolemy.moml.MoMLSimpleApplication@124df311
----------------- Done invoking toplevel() on ptolemy.moml.MoMLSimpleApplication@124df311
reloadAllAccessors: .PublisherSubscriberOpaque

===========================================================================================
----------------- testing Mon May 18 14:26:06 UTC 2020 /home/travis/build/icyphy/ptII/ptolemy/actor/lib/test/auto/PublisherSubscriberOpaqueD3.xml
----------------- Instantiating /home/travis/build/icyphy/ptII/ptolemy/actor/lib/test/auto/PublisherSubscriberOpaqueD3.xml
4 ms. Memory: 493568K Free: 419340K (85%)
----------------- Invoking toplevel() on ptolemy.moml.MoMLSimpleApplication@389bd915
----------------- Done invoking toplevel() on ptolemy.moml.MoMLSimpleApplication@389bd915
reloadAllAccessors: .PublisherSubscriberOpaqueD3

===========================================================================================
----------------- testing Mon May 18 14:26:06 UTC 2020 /home/travis/build/icyphy/ptII/ptolemy/actor/lib/test/auto/PublisherSubscriberOpaqueD3Reverse.xml
----------------- Instantiating /home/travis/build/icyphy/ptII/ptolemy/actor/lib/test/auto/PublisherSubscriberOpaqueD3Reverse.xml
6 ms. Memory: 493568K Free: 408586K (83%)
----------------- Invoking toplevel() on ptolemy.moml.MoMLSimpleApplication@55bf09c7
----------------- Done invoking toplevel() on ptolemy.moml.MoMLSimpleApplication@55bf09c7
reloadAllAccessors: .PublisherSubscriberOpaqueD3Reverse

===========================================================================================
----------------- testing Mon May 18 14:26:06 UTC 2020 /home/travis/build/icyphy/ptII/ptolemy/actor/lib/test/auto/PublisherSubscriberOpaqueWidthInference.xml
----------------- Instantiating /home/travis/build/icyphy/ptII/ptolemy/actor/lib/test/auto/PublisherSubscriberOpaqueWidthInference.xml
3 ms. Memory: 493568K Free: 400379K (81%)
----------------- Invoking toplevel() on ptolemy.moml.MoMLSimpleApplication@731aaebb
----------------- Done invoking toplevel() on ptolemy.moml.MoMLSimpleApplication@731aaebb
reloadAllAccessors: .PublisherSubscriberOpaqueWidthInference

===========================================================================================
----------------- testing Mon May 18 14:26:06 UTC 2020 /home/travis/build/icyphy/ptII/ptolemy/actor/lib/test/auto/PublisherTestSubscriber.xml
----------------- Instantiating /home/travis/build/icyphy/ptII/ptolemy/actor/lib/test/auto/PublisherTestSubscriber.xml
2 ms. Memory: 493568K Free: 392195K (79%)
----------------- Invoking toplevel() on ptolemy.moml.MoMLSimpleApplication@d82921a
----------------- Done invoking toplevel() on ptolemy.moml.MoMLSimpleApplication@d82921a
reloadAllAccessors: .PublisherTestSubscriber

===========================================================================================
----------------- testing Mon May 18 14:26:06 UTC 2020 /home/travis/build/icyphy/ptII/ptolemy/actor/lib/test/auto/PublisherToplevelSubscriberPortAOC.xml
----------------- Instantiating /home/travis/build/icyphy/ptII/ptolemy/actor/lib/test/auto/PublisherToplevelSubscriberPortAOC.xml
1 ms. Memory: 493568K Free: 386027K (78%)
----------------- Invoking toplevel() on ptolemy.moml.MoMLSimpleApplication@35a41e9e
----------------- Done invoking toplevel() on ptolemy.moml.MoMLSimpleApplication@35a41e9e
reloadAllAccessors: .PublisherToplevelSubscriberPortAOC

===========================================================================================
----------------- testing Mon May 18 14:26:06 UTC 2020 /home/travis/build/icyphy/ptII/ptolemy/actor/lib/test/auto/PulseFiringLimitDE.xml
----------------- Instantiating /home/travis/build/icyphy/ptII/ptolemy/actor/lib/test/auto/PulseFiringLimitDE.xml
1 ms. Memory: 493568K Free: 378890K (77%)
----------------- Invoking toplevel() on ptolemy.moml.MoMLSimpleApplication@65ecb429
----------------- Done invoking toplevel() on ptolemy.moml.MoMLSimpleApplication@65ecb429
reloadAllAccessors: .PulseFiringLimitDE

===========================================================================================
----------------- testing Mon May 18 14:26:06 UTC 2020 /home/travis/build/icyphy/ptII/ptolemy/actor/lib/test/auto/Ramp1.xml
----------------- Instantiating /home/travis/build/icyphy/ptII/ptolemy/actor/lib/test/auto/Ramp1.xml
1 ms. Memory: 493568K Free: 374787K (76%)
----------------- Invoking toplevel() on ptolemy.moml.MoMLSimpleApplication@6c266026
----------------- Done invoking toplevel() on ptolemy.moml.MoMLSimpleApplication@6c266026
reloadAllAccessors: .Ramp1

===========================================================================================
----------------- testing Mon May 18 14:26:06 UTC 2020 /home/travis/build/icyphy/ptII/ptolemy/actor/lib/test/auto/RampFiringLimitDE.xml
----------------- Instantiating /home/travis/build/icyphy/ptII/ptolemy/actor/lib/test/auto/RampFiringLimitDE.xml
3 ms. Memory: 493568K Free: 368635K (75%)
----------------- Invoking toplevel() on ptolemy.moml.MoMLSimpleApplication@435e8217
----------------- Done invoking toplevel() on ptolemy.moml.MoMLSimpleApplication@435e8217
reloadAllAccessors: .RampFiringLimitDE

===========================================================================================
----------------- testing Mon May 18 14:26:06 UTC 2020 /home/travis/build/icyphy/ptII/ptolemy/actor/lib/test/auto/RampFiringLimitSDF.xml
----------------- Instantiating /home/travis/build/icyphy/ptII/ptolemy/actor/lib/test/auto/RampFiringLimitSDF.xml
1 ms. Memory: 493568K Free: 363515K (74%)
----------------- Invoking toplevel() on ptolemy.moml.MoMLSimpleApplication@67dc478e
----------------- Done invoking toplevel() on ptolemy.moml.MoMLSimpleApplication@67dc478e
reloadAllAccessors: .RampFiringLimitSDF

===========================================================================================
----------------- testing Mon May 18 14:26:06 UTC 2020 /home/travis/build/icyphy/ptII/ptolemy/actor/lib/test/auto/RandomInteger.xml
----------------- Instantiating /home/travis/build/icyphy/ptII/ptolemy/actor/lib/test/auto/RandomInteger.xml
2 ms. Memory: 493568K Free: 359434K (73%)
----------------- Invoking toplevel() on ptolemy.moml.MoMLSimpleApplication@296e68bc
----------------- Done invoking toplevel() on ptolemy.moml.MoMLSimpleApplication@296e68bc
reloadAllAccessors: .RandomInteger

===========================================================================================
----------------- testing Mon May 18 14:26:06 UTC 2020 /home/travis/build/icyphy/ptII/ptolemy/actor/lib/test/auto/ReadFile1.xml
----------------- Instantiating /home/travis/build/icyphy/ptII/ptolemy/actor/lib/test/auto/ReadFile1.xml
1 ms. Memory: 493568K Free: 354828K (72%)
----------------- Invoking toplevel() on ptolemy.moml.MoMLSimpleApplication@3d4af85a
----------------- Done invoking toplevel() on ptolemy.moml.MoMLSimpleApplication@3d4af85a
reloadAllAccessors: .ReadFile1

===========================================================================================
----------------- testing Mon May 18 14:26:06 UTC 2020 /home/travis/build/icyphy/ptII/ptolemy/actor/lib/test/auto/ReadFile2.xml
----------------- Instantiating /home/travis/build/icyphy/ptII/ptolemy/actor/lib/test/auto/ReadFile2.xml
1 ms. Memory: 493568K Free: 350732K (71%)
----------------- Invoking toplevel() on ptolemy.moml.MoMLSimpleApplication@540a1b55
----------------- Done invoking toplevel() on ptolemy.moml.MoMLSimpleApplication@540a1b55
reloadAllAccessors: .ReadFile2

===========================================================================================
----------------- testing Mon May 18 14:26:06 UTC 2020 /home/travis/build/icyphy/ptII/ptolemy/actor/lib/test/auto/Reader.xml
----------------- Instantiating /home/travis/build/icyphy/ptII/ptolemy/actor/lib/test/auto/Reader.xml
actor.lib.Reader is obsolete, use actor.lib.io.ExpressionReader instead
4 ms. Memory: 493568K Free: 346636K (70%)
----------------- Invoking toplevel() on ptolemy.moml.MoMLSimpleApplication@4261c216
----------------- Done invoking toplevel() on ptolemy.moml.MoMLSimpleApplication@4261c216
reloadAllAccessors: .Reader

===========================================================================================
----------------- testing Mon May 18 14:26:06 UTC 2020 /home/travis/build/icyphy/ptII/ptolemy/actor/lib/test/auto/RecordAssemblerDisplayNameTest.xml
----------------- Instantiating /home/travis/build/icyphy/ptII/ptolemy/actor/lib/test/auto/RecordAssemblerDisplayNameTest.xml
3544 ms. Memory: 493568K Free: 258572K (52%)
----------------- Invoking toplevel() on ptolemy.moml.MoMLSimpleApplication@7c7b3ddb
----------------- Done invoking toplevel() on ptolemy.moml.MoMLSimpleApplication@7c7b3ddb
reloadAllAccessors: .RecordAssemblerDisplayNameTest

===========================================================================================
----------------- testing Mon May 18 14:26:10 UTC 2020 /home/travis/build/icyphy/ptII/ptolemy/actor/lib/test/auto/RecordAssemblerTypeError.xml
----------------- Instantiating /home/travis/build/icyphy/ptII/ptolemy/actor/lib/test/auto/RecordAssemblerTypeError.xml
15 ms. Memory: 493568K Free: 248842K (50%)
----------------- Invoking toplevel() on ptolemy.moml.MoMLSimpleApplication@139e7184
----------------- Done invoking toplevel() on ptolemy.moml.MoMLSimpleApplication@139e7184
reloadAllAccessors: .RecordAssemblerTypeError

===========================================================================================
----------------- testing Mon May 18 14:26:10 UTC 2020 /home/travis/build/icyphy/ptII/ptolemy/actor/lib/test/auto/RecordDisassember.xml
----------------- Instantiating /home/travis/build/icyphy/ptII/ptolemy/actor/lib/test/auto/RecordDisassember.xml
4 ms. Memory: 493568K Free: 244236K (49%)
----------------- Invoking toplevel() on ptolemy.moml.MoMLSimpleApplication@2efac1c4
----------------- Done invoking toplevel() on ptolemy.moml.MoMLSimpleApplication@2efac1c4
reloadAllAccessors: .RecordDisassember

===========================================================================================
----------------- testing Mon May 18 14:26:10 UTC 2020 /home/travis/build/icyphy/ptII/ptolemy/actor/lib/test/auto/RecordDisassemberDisplayNameTest.xml
----------------- Instantiating /home/travis/build/icyphy/ptII/ptolemy/actor/lib/test/auto/RecordDisassemberDisplayNameTest.xml
5 ms. Memory: 493568K Free: 236044K (48%)
----------------- Invoking toplevel() on ptolemy.moml.MoMLSimpleApplication@6c0022a7
----------------- Done invoking toplevel() on ptolemy.moml.MoMLSimpleApplication@6c0022a7
reloadAllAccessors: .RecordDisassemberDisplayNameTest

===========================================================================================
----------------- testing Mon May 18 14:26:10 UTC 2020 /home/travis/build/icyphy/ptII/ptolemy/actor/lib/test/auto/RecordDisassembler.xml
----------------- Instantiating /home/travis/build/icyphy/ptII/ptolemy/actor/lib/test/auto/RecordDisassembler.xml
2 ms. Memory: 493568K Free: 230924K (47%)
----------------- Invoking toplevel() on ptolemy.moml.MoMLSimpleApplication@64a254e1
----------------- Done invoking toplevel() on ptolemy.moml.MoMLSimpleApplication@64a254e1
reloadAllAccessors: .RecordDisassembler

===========================================================================================
----------------- testing Mon May 18 14:26:10 UTC 2020 /home/travis/build/icyphy/ptII/ptolemy/actor/lib/test/auto/RecordDisassembler2.xml
----------------- Instantiating /home/travis/build/icyphy/ptII/ptolemy/actor/lib/test/auto/RecordDisassembler2.xml
2 ms. Memory: 493568K Free: 225804K (46%)
----------------- Invoking toplevel() on ptolemy.moml.MoMLSimpleApplication@357ff848
----------------- Done invoking toplevel() on ptolemy.moml.MoMLSimpleApplication@357ff848
reloadAllAccessors: .RecordDisassembler2

===========================================================================================
----------------- testing Mon May 18 14:26:10 UTC 2020 /home/travis/build/icyphy/ptII/ptolemy/actor/lib/test/auto/RecordUpdater.xml
----------------- Instantiating /home/travis/build/icyphy/ptII/ptolemy/actor/lib/test/auto/RecordUpdater.xml
2 ms. Memory: 493568K Free: 221194K (45%)
----------------- Invoking toplevel() on ptolemy.moml.MoMLSimpleApplication@d298768
----------------- Done invoking toplevel() on ptolemy.moml.MoMLSimpleApplication@d298768
reloadAllAccessors: .RecordUpdater

===========================================================================================
----------------- testing Mon May 18 14:26:10 UTC 2020 /home/travis/build/icyphy/ptII/ptolemy/actor/lib/test/auto/RecordUpdater2.xml
----------------- Instantiating /home/travis/build/icyphy/ptII/ptolemy/actor/lib/test/auto/RecordUpdater2.xml
2 ms. Memory: 493568K Free: 216074K (44%)
----------------- Invoking toplevel() on ptolemy.moml.MoMLSimpleApplication@f0299a9
----------------- Done invoking toplevel() on ptolemy.moml.MoMLSimpleApplication@f0299a9
reloadAllAccessors: .RecordUpdater2

===========================================================================================
----------------- testing Mon May 18 14:26:10 UTC 2020 /home/travis/build/icyphy/ptII/ptolemy/actor/lib/test/auto/RecursiveLattice.xml
----------------- Instantiating /home/travis/build/icyphy/ptII/ptolemy/actor/lib/test/auto/RecursiveLattice.xml
0 ms. Memory: 493568K Free: 211947K (43%)
----------------- Invoking toplevel() on ptolemy.moml.MoMLSimpleApplication@2eea5c24
----------------- Done invoking toplevel() on ptolemy.moml.MoMLSimpleApplication@2eea5c24
reloadAllAccessors: .RecursiveLattice

===========================================================================================
----------------- testing Mon May 18 14:26:10 UTC 2020 /home/travis/build/icyphy/ptII/ptolemy/actor/lib/test/auto/Router.xml
----------------- Instantiating /home/travis/build/icyphy/ptII/ptolemy/actor/lib/test/auto/Router.xml
3004 ms. Memory: 493568K Free: 201228K (41%)
----------------- Invoking toplevel() on ptolemy.moml.MoMLSimpleApplication@2933f23e
----------------- Done invoking toplevel() on ptolemy.moml.MoMLSimpleApplication@2933f23e
reloadAllAccessors: .Router

===========================================================================================
----------------- testing Mon May 18 14:26:13 UTC 2020 /home/travis/build/icyphy/ptII/ptolemy/actor/lib/test/auto/Router2.xml
----------------- Instantiating /home/travis/build/icyphy/ptII/ptolemy/actor/lib/test/auto/Router2.xml
3004 ms. Memory: 493568K Free: 189964K (38%)
----------------- Invoking toplevel() on ptolemy.moml.MoMLSimpleApplication@7ced9553
----------------- Done invoking toplevel() on ptolemy.moml.MoMLSimpleApplication@7ced9553
reloadAllAccessors: .Router2

===========================================================================================
----------------- testing Mon May 18 14:26:16 UTC 2020 /home/travis/build/icyphy/ptII/ptolemy/actor/lib/test/auto/RunningMaximum.xml
----------------- Instantiating /home/travis/build/icyphy/ptII/ptolemy/actor/lib/test/auto/RunningMaximum.xml
1 ms. Memory: 493568K Free: 185354K (38%)
----------------- Invoking toplevel() on ptolemy.moml.MoMLSimpleApplication@15f36b30
----------------- Done invoking toplevel() on ptolemy.moml.MoMLSimpleApplication@15f36b30
reloadAllAccessors: .RunningMaximum

===========================================================================================
----------------- testing Mon May 18 14:26:16 UTC 2020 /home/travis/build/icyphy/ptII/ptolemy/actor/lib/test/auto/RunningMinimum.xml
----------------- Instantiating /home/travis/build/icyphy/ptII/ptolemy/actor/lib/test/auto/RunningMinimum.xml
8 ms. Memory: 493568K Free: 180234K (37%)
----------------- Invoking toplevel() on ptolemy.moml.MoMLSimpleApplication@762ffcb4
----------------- Done invoking toplevel() on ptolemy.moml.MoMLSimpleApplication@762ffcb4
reloadAllAccessors: .RunningMinimum

===========================================================================================
----------------- testing Mon May 18 14:26:16 UTC 2020 /home/travis/build/icyphy/ptII/ptolemy/actor/lib/test/auto/Scale.xml
----------------- Instantiating /home/travis/build/icyphy/ptII/ptolemy/actor/lib/test/auto/Scale.xml
1 ms. Memory: 493568K Free: 175628K (36%)
----------------- Invoking toplevel() on ptolemy.moml.MoMLSimpleApplication@d3809f9
----------------- Done invoking toplevel() on ptolemy.moml.MoMLSimpleApplication@d3809f9
reloadAllAccessors: .Scale

===========================================================================================
----------------- testing Mon May 18 14:26:16 UTC 2020 /home/travis/build/icyphy/ptII/ptolemy/actor/lib/test/auto/Scale2.xml
----------------- Instantiating /home/travis/build/icyphy/ptII/ptolemy/actor/lib/test/auto/Scale2.xml
1 ms. Memory: 493568K Free: 171018K (35%)
----------------- Invoking toplevel() on ptolemy.moml.MoMLSimpleApplication@7ffff754
----------------- Done invoking toplevel() on ptolemy.moml.MoMLSimpleApplication@7ffff754
reloadAllAccessors: .Scale2

===========================================================================================
----------------- testing Mon May 18 14:26:16 UTC 2020 /home/travis/build/icyphy/ptII/ptolemy/actor/lib/test/auto/Scale3.xml
----------------- Instantiating /home/travis/build/icyphy/ptII/ptolemy/actor/lib/test/auto/Scale3.xml
6 ms. Memory: 493568K Free: 164874K (33%)
----------------- Invoking toplevel() on ptolemy.moml.MoMLSimpleApplication@72d88202
----------------- Done invoking toplevel() on ptolemy.moml.MoMLSimpleApplication@72d88202
reloadAllAccessors: .Scale3

===========================================================================================
----------------- testing Mon May 18 14:26:16 UTC 2020 /home/travis/build/icyphy/ptII/ptolemy/actor/lib/test/auto/ScaleArray.xml
----------------- Instantiating /home/travis/build/icyphy/ptII/ptolemy/actor/lib/test/auto/ScaleArray.xml
1 ms. Memory: 493568K Free: 160268K (32%)
----------------- Invoking toplevel() on ptolemy.moml.MoMLSimpleApplication@593b78d4
----------------- Done invoking toplevel() on ptolemy.moml.MoMLSimpleApplication@593b78d4
reloadAllAccessors: .ScaleArray

===========================================================================================
----------------- testing Mon May 18 14:26:16 UTC 2020 /home/travis/build/icyphy/ptII/ptolemy/actor/lib/test/auto/ScaleArray2.xml
----------------- Instantiating /home/travis/build/icyphy/ptII/ptolemy/actor/lib/test/auto/ScaleArray2.xml
1 ms. Memory: 493568K Free: 442378K (90%)
----------------- Invoking toplevel() on ptolemy.moml.MoMLSimpleApplication@72b3e9c
----------------- Done invoking toplevel() on ptolemy.moml.MoMLSimpleApplication@72b3e9c
reloadAllAccessors: .ScaleArray2

===========================================================================================
----------------- testing Mon May 18 14:26:16 UTC 2020 /home/travis/build/icyphy/ptII/ptolemy/actor/lib/test/auto/ScaleMatrix.xml
----------------- Instantiating /home/travis/build/icyphy/ptII/ptolemy/actor/lib/test/auto/ScaleMatrix.xml
153 ms. Memory: 493568K Free: 426508K (86%)
----------------- Invoking toplevel() on ptolemy.moml.MoMLSimpleApplication@26067037
----------------- Done invoking toplevel() on ptolemy.moml.MoMLSimpleApplication@26067037
reloadAllAccessors: .ScaleMatrix

===========================================================================================
----------------- testing Mon May 18 14:26:16 UTC 2020 /home/travis/build/icyphy/ptII/ptolemy/actor/lib/test/auto/Select.xml
----------------- Instantiating /home/travis/build/icyphy/ptII/ptolemy/actor/lib/test/auto/Select.xml
2 ms. Memory: 493568K Free: 420364K (85%)
----------------- Invoking toplevel() on ptolemy.moml.MoMLSimpleApplication@750fbc79
----------------- Done invoking toplevel() on ptolemy.moml.MoMLSimpleApplication@750fbc79
reloadAllAccessors: .Select

===========================================================================================
----------------- testing Mon May 18 14:26:16 UTC 2020 /home/travis/build/icyphy/ptII/ptolemy/actor/lib/test/auto/Select2.xml
----------------- Instantiating /home/travis/build/icyphy/ptII/ptolemy/actor/lib/test/auto/Select2.xml
1 ms. Memory: 493568K Free: 415754K (84%)
----------------- Invoking toplevel() on ptolemy.moml.MoMLSimpleApplication@3b336b23
----------------- Done invoking toplevel() on ptolemy.moml.MoMLSimpleApplication@3b336b23
reloadAllAccessors: .Select2

===========================================================================================
----------------- testing Mon May 18 14:26:16 UTC 2020 /home/travis/build/icyphy/ptII/ptolemy/actor/lib/test/auto/SequenceToArray2.xml
----------------- Instantiating /home/travis/build/icyphy/ptII/ptolemy/actor/lib/test/auto/SequenceToArray2.xml
100 ms. Memory: 493568K Free: 391161K (79%)
----------------- Invoking toplevel() on ptolemy.moml.MoMLSimpleApplication@5109d529
----------------- Done invoking toplevel() on ptolemy.moml.MoMLSimpleApplication@5109d529
reloadAllAccessors: .SequenceToArray2

===========================================================================================
----------------- testing Mon May 18 14:26:16 UTC 2020 /home/travis/build/icyphy/ptII/ptolemy/actor/lib/test/auto/SequentialClock.xml
----------------- Instantiating /home/travis/build/icyphy/ptII/ptolemy/actor/lib/test/auto/SequentialClock.xml
1 ms. Memory: 493568K Free: 387082K (78%)
----------------- Invoking toplevel() on ptolemy.moml.MoMLSimpleApplication@5f640e06
----------------- Done invoking toplevel() on ptolemy.moml.MoMLSimpleApplication@5f640e06
reloadAllAccessors: .SequentialClock

===========================================================================================
----------------- testing Mon May 18 14:26:16 UTC 2020 /home/travis/build/icyphy/ptII/ptolemy/actor/lib/test/auto/SetVariable.xml
----------------- Instantiating /home/travis/build/icyphy/ptII/ptolemy/actor/lib/test/auto/SetVariable.xml
2 ms. Memory: 493568K Free: 382476K (77%)
----------------- Invoking toplevel() on ptolemy.moml.MoMLSimpleApplication@700d72d5
----------------- Done invoking toplevel() on ptolemy.moml.MoMLSimpleApplication@700d72d5
reloadAllAccessors: .SetVariable

===========================================================================================
----------------- testing Mon May 18 14:26:16 UTC 2020 /home/travis/build/icyphy/ptII/ptolemy/actor/lib/test/auto/SetVariable2.xml
----------------- Instantiating /home/travis/build/icyphy/ptII/ptolemy/actor/lib/test/auto/SetVariable2.xml
8 ms. Memory: 493568K Free: 377356K (76%)
----------------- Invoking toplevel() on ptolemy.moml.MoMLSimpleApplication@78fe44f8
----------------- Done invoking toplevel() on ptolemy.moml.MoMLSimpleApplication@78fe44f8
reloadAllAccessors: .SetVariable2

===========================================================================================
----------------- testing Mon May 18 14:26:16 UTC 2020 /home/travis/build/icyphy/ptII/ptolemy/actor/lib/test/auto/SetVariable3.xml
----------------- Instantiating /home/travis/build/icyphy/ptII/ptolemy/actor/lib/test/auto/SetVariable3.xml
5 ms. Memory: 493568K Free: 372236K (75%)
----------------- Invoking toplevel() on ptolemy.moml.MoMLSimpleApplication@7726e835
----------------- Done invoking toplevel() on ptolemy.moml.MoMLSimpleApplication@7726e835
reloadAllAccessors: .SetVariable3

===========================================================================================
----------------- testing Mon May 18 14:26:16 UTC 2020 /home/travis/build/icyphy/ptII/ptolemy/actor/lib/test/auto/SetVariable4.xml
----------------- Instantiating /home/travis/build/icyphy/ptII/ptolemy/actor/lib/test/auto/SetVariable4.xml
21 ms. Memory: 493568K Free: 362506K (73%)
----------------- Invoking toplevel() on ptolemy.moml.MoMLSimpleApplication@71a53bda
----------------- Done invoking toplevel() on ptolemy.moml.MoMLSimpleApplication@71a53bda
reloadAllAccessors: .SetVariable4

===========================================================================================
----------------- testing Mon May 18 14:26:16 UTC 2020 /home/travis/build/icyphy/ptII/ptolemy/actor/lib/test/auto/SetVariable5.xml
----------------- Instantiating /home/travis/build/icyphy/ptII/ptolemy/actor/lib/test/auto/SetVariable5.xml
17 ms. Memory: 493568K Free: 353275K (72%)
----------------- Invoking toplevel() on ptolemy.moml.MoMLSimpleApplication@7b2dc0fa
----------------- Done invoking toplevel() on ptolemy.moml.MoMLSimpleApplication@7b2dc0fa
reloadAllAccessors: .SetVariable5

===========================================================================================
----------------- testing Mon May 18 14:26:16 UTC 2020 /home/travis/build/icyphy/ptII/ptolemy/actor/lib/test/auto/Sinewave.xml
----------------- Instantiating /home/travis/build/icyphy/ptII/ptolemy/actor/lib/test/auto/Sinewave.xml
4 ms. Memory: 493568K Free: 343050K (70%)
----------------- Invoking toplevel() on ptolemy.moml.MoMLSimpleApplication@7e2f51d
----------------- Done invoking toplevel() on ptolemy.moml.MoMLSimpleApplication@7e2f51d
reloadAllAccessors: .Sinewave

===========================================================================================
----------------- testing Mon May 18 14:26:16 UTC 2020 /home/travis/build/icyphy/ptII/ptolemy/actor/lib/test/auto/Sinewave2.xml
----------------- Instantiating /home/travis/build/icyphy/ptII/ptolemy/actor/lib/test/auto/Sinewave2.xml
5 ms. Memory: 493568K Free: 334348K (68%)
----------------- Invoking toplevel() on ptolemy.moml.MoMLSimpleApplication@7192b72c
----------------- Done invoking toplevel() on ptolemy.moml.MoMLSimpleApplication@7192b72c
reloadAllAccessors: .Sinewave2

===========================================================================================
----------------- testing Mon May 18 14:26:16 UTC 2020 /home/travis/build/icyphy/ptII/ptolemy/actor/lib/test/auto/Sinewave3.xml
----------------- Instantiating /home/travis/build/icyphy/ptII/ptolemy/actor/lib/test/auto/Sinewave3.xml
10 ms. Memory: 493568K Free: 326156K (66%)
----------------- Invoking toplevel() on ptolemy.moml.MoMLSimpleApplication@4d2182dc
----------------- Done invoking toplevel() on ptolemy.moml.MoMLSimpleApplication@4d2182dc
reloadAllAccessors: .Sinewave3

===========================================================================================
----------------- testing Mon May 18 14:26:16 UTC 2020 /home/travis/build/icyphy/ptII/ptolemy/actor/lib/test/auto/SingleEvent.xml
----------------- Instantiating /home/travis/build/icyphy/ptII/ptolemy/actor/lib/test/auto/SingleEvent.xml
1 ms. Memory: 493568K Free: 322060K (65%)
----------------- Invoking toplevel() on ptolemy.moml.MoMLSimpleApplication@f3ea039
----------------- Done invoking toplevel() on ptolemy.moml.MoMLSimpleApplication@f3ea039
reloadAllAccessors: .SingleEvent

===========================================================================================
----------------- testing Mon May 18 14:26:16 UTC 2020 /home/travis/build/icyphy/ptII/ptolemy/actor/lib/test/auto/Sleep.xml
----------------- Instantiating /home/travis/build/icyphy/ptII/ptolemy/actor/lib/test/auto/Sleep.xml
6003 ms. Memory: 493568K Free: 316426K (64%)
----------------- Invoking toplevel() on ptolemy.moml.MoMLSimpleApplication@68bf5b33
----------------- Done invoking toplevel() on ptolemy.moml.MoMLSimpleApplication@68bf5b33
reloadAllAccessors: .Sleep

===========================================================================================
----------------- testing Mon May 18 14:26:22 UTC 2020 /home/travis/build/icyphy/ptII/ptolemy/actor/lib/test/auto/SleepMultipleFire.xml
----------------- Instantiating /home/travis/build/icyphy/ptII/ptolemy/actor/lib/test/auto/SleepMultipleFire.xml
1004 ms. Memory: 493568K Free: 310796K (63%)
----------------- Invoking toplevel() on ptolemy.moml.MoMLSimpleApplication@27e01da8
----------------- Done invoking toplevel() on ptolemy.moml.MoMLSimpleApplication@27e01da8
reloadAllAccessors: .SleepMultipleFire

===========================================================================================
----------------- testing Mon May 18 14:26:24 UTC 2020 /home/travis/build/icyphy/ptII/ptolemy/actor/lib/test/auto/StopDE.xml
----------------- Instantiating /home/travis/build/icyphy/ptII/ptolemy/actor/lib/test/auto/StopDE.xml
3 ms. Memory: 493568K Free: 305162K (62%)
----------------- Invoking toplevel() on ptolemy.moml.MoMLSimpleApplication@39f65386
----------------- Done invoking toplevel() on ptolemy.moml.MoMLSimpleApplication@39f65386
reloadAllAccessors: .StopDE

===========================================================================================
----------------- testing Mon May 18 14:26:24 UTC 2020 /home/travis/build/icyphy/ptII/ptolemy/actor/lib/test/auto/StopSDF.xml
----------------- Instantiating /home/travis/build/icyphy/ptII/ptolemy/actor/lib/test/auto/StopSDF.xml
2 ms. Memory: 493568K Free: 300042K (61%)
----------------- Invoking toplevel() on ptolemy.moml.MoMLSimpleApplication@c44dcd0
----------------- Done invoking toplevel() on ptolemy.moml.MoMLSimpleApplication@c44dcd0
reloadAllAccessors: .StopSDF

===========================================================================================
----------------- testing Mon May 18 14:26:24 UTC 2020 /home/travis/build/icyphy/ptII/ptolemy/actor/lib/test/auto/StringConstant.xml
----------------- Instantiating /home/travis/build/icyphy/ptII/ptolemy/actor/lib/test/auto/StringConstant.xml
8 ms. Memory: 493568K Free: 295436K (60%)
----------------- Invoking toplevel() on ptolemy.moml.MoMLSimpleApplication@2235772e
----------------- Done invoking toplevel() on ptolemy.moml.MoMLSimpleApplication@2235772e
reloadAllAccessors: .StringConstant

===========================================================================================
----------------- testing Mon May 18 14:26:24 UTC 2020 /home/travis/build/icyphy/ptII/ptolemy/actor/lib/test/auto/SubscriberPortInitialValues1.xml
----------------- Instantiating /home/travis/build/icyphy/ptII/ptolemy/actor/lib/test/auto/SubscriberPortInitialValues1.xml
10 ms. Memory: 493568K Free: 286730K (58%)
----------------- Invoking toplevel() on ptolemy.moml.MoMLSimpleApplication@340635f8
----------------- Done invoking toplevel() on ptolemy.moml.MoMLSimpleApplication@340635f8
reloadAllAccessors: .SubscriberPortInitialValues1

===========================================================================================
----------------- testing Mon May 18 14:26:24 UTC 2020 /home/travis/build/icyphy/ptII/ptolemy/actor/lib/test/auto/SubscriberPortInitialValues13.xml
----------------- Instantiating /home/travis/build/icyphy/ptII/ptolemy/actor/lib/test/auto/SubscriberPortInitialValues13.xml
4 ms. Memory: 493568K Free: 273418K (55%)
----------------- Invoking toplevel() on ptolemy.moml.MoMLSimpleApplication@7a8d8386
----------------- Done invoking toplevel() on ptolemy.moml.MoMLSimpleApplication@7a8d8386
reloadAllAccessors: .SubscriberPortInitialValues13

===========================================================================================
----------------- testing Mon May 18 14:26:24 UTC 2020 /home/travis/build/icyphy/ptII/ptolemy/actor/lib/test/auto/SubscriberPortInitialValues14.xml
----------------- Instantiating /home/travis/build/icyphy/ptII/ptolemy/actor/lib/test/auto/SubscriberPortInitialValues14.xml
3 ms. Memory: 493568K Free: 265740K (54%)
----------------- Invoking toplevel() on ptolemy.moml.MoMLSimpleApplication@1b458362
----------------- Done invoking toplevel() on ptolemy.moml.MoMLSimpleApplication@1b458362
reloadAllAccessors: .SubscriberPortInitialValues14

===========================================================================================
----------------- testing Mon May 18 14:26:24 UTC 2020 /home/travis/build/icyphy/ptII/ptolemy/actor/lib/test/auto/SubscriberPortInitialValues2.xml
----------------- Instantiating /home/travis/build/icyphy/ptII/ptolemy/actor/lib/test/auto/SubscriberPortInitialValues2.xml
3 ms. Memory: 493568K Free: 258058K (52%)
----------------- Invoking toplevel() on ptolemy.moml.MoMLSimpleApplication@4a877404
----------------- Done invoking toplevel() on ptolemy.moml.MoMLSimpleApplication@4a877404
reloadAllAccessors: .SubscriberPortInitialValues2

===========================================================================================
----------------- testing Mon May 18 14:26:24 UTC 2020 /home/travis/build/icyphy/ptII/ptolemy/actor/lib/test/auto/SubscriberPortInitialValues3.xml
----------------- Instantiating /home/travis/build/icyphy/ptII/ptolemy/actor/lib/test/auto/SubscriberPortInitialValues3.xml
3 ms. Memory: 493568K Free: 247308K (50%)
----------------- Invoking toplevel() on ptolemy.moml.MoMLSimpleApplication@2fca432f
----------------- Done invoking toplevel() on ptolemy.moml.MoMLSimpleApplication@2fca432f
reloadAllAccessors: .SubscriberPortInitialValues3

===========================================================================================
----------------- testing Mon May 18 14:26:24 UTC 2020 /home/travis/build/icyphy/ptII/ptolemy/actor/lib/test/auto/SubscriptionAggregator.xml
----------------- Instantiating /home/travis/build/icyphy/ptII/ptolemy/actor/lib/test/auto/SubscriptionAggregator.xml
2 ms. Memory: 493568K Free: 240635K (49%)
----------------- Invoking toplevel() on ptolemy.moml.MoMLSimpleApplication@c95d8ea
----------------- Done invoking toplevel() on ptolemy.moml.MoMLSimpleApplication@c95d8ea
reloadAllAccessors: .SubscriptionAggregator

===========================================================================================
----------------- testing Mon May 18 14:26:24 UTC 2020 /home/travis/build/icyphy/ptII/ptolemy/actor/lib/test/auto/SubscriptionAggregator2.xml
----------------- Instantiating /home/travis/build/icyphy/ptII/ptolemy/actor/lib/test/auto/SubscriptionAggregator2.xml
3 ms. Memory: 493568K Free: 233996K (47%)
----------------- Invoking toplevel() on ptolemy.moml.MoMLSimpleApplication@10fba05c
----------------- Done invoking toplevel() on ptolemy.moml.MoMLSimpleApplication@10fba05c
reloadAllAccessors: .SubscriptionAggregator2

===========================================================================================
----------------- testing Mon May 18 14:26:24 UTC 2020 /home/travis/build/icyphy/ptII/ptolemy/actor/lib/test/auto/SubscriptionAggregator3.xml
----------------- Instantiating /home/travis/build/icyphy/ptII/ptolemy/actor/lib/test/auto/SubscriptionAggregator3.xml
3 ms. Memory: 493568K Free: 225283K (46%)
----------------- Invoking toplevel() on ptolemy.moml.MoMLSimpleApplication@2a374372
----------------- Done invoking toplevel() on ptolemy.moml.MoMLSimpleApplication@2a374372
reloadAllAccessors: .SubscriptionAggregator3

===========================================================================================
----------------- testing Mon May 18 14:26:24 UTC 2020 /home/travis/build/icyphy/ptII/ptolemy/actor/lib/test/auto/SubscriptionAggregatorMultiply.xml
----------------- Instantiating /home/travis/build/icyphy/ptII/ptolemy/actor/lib/test/auto/SubscriptionAggregatorMultiply.xml
11 ms. Memory: 493568K Free: 217091K (44%)
----------------- Invoking toplevel() on ptolemy.moml.MoMLSimpleApplication@46ddb025
----------------- Done invoking toplevel() on ptolemy.moml.MoMLSimpleApplication@46ddb025
reloadAllAccessors: .SubscriptionAggregatorMultiply

===========================================================================================
----------------- testing Mon May 18 14:26:24 UTC 2020 /home/travis/build/icyphy/ptII/ptolemy/actor/lib/test/auto/SubscriptionAggregatorPortMultiply1.xml
----------------- Instantiating /home/travis/build/icyphy/ptII/ptolemy/actor/lib/test/auto/SubscriptionAggregatorPortMultiply1.xml
3 ms. Memory: 493568K Free: 208906K (42%)
----------------- Invoking toplevel() on ptolemy.moml.MoMLSimpleApplication@748960d1
----------------- Done invoking toplevel() on ptolemy.moml.MoMLSimpleApplication@748960d1
reloadAllAccessors: .SubscriptionAggregatorPortMultiply1

===========================================================================================
----------------- testing Mon May 18 14:26:24 UTC 2020 /home/travis/build/icyphy/ptII/ptolemy/actor/lib/test/auto/Switch.xml
----------------- Instantiating /home/travis/build/icyphy/ptII/ptolemy/actor/lib/test/auto/Switch.xml
6 ms. Memory: 493568K Free: 200714K (41%)
----------------- Invoking toplevel() on ptolemy.moml.MoMLSimpleApplication@281583fc
----------------- Done invoking toplevel() on ptolemy.moml.MoMLSimpleApplication@281583fc
reloadAllAccessors: .Switch

===========================================================================================
----------------- testing Mon May 18 14:26:24 UTC 2020 /home/travis/build/icyphy/ptII/ptolemy/actor/lib/test/auto/Switch2.xml
----------------- Instantiating /home/travis/build/icyphy/ptII/ptolemy/actor/lib/test/auto/Switch2.xml
1 ms. Memory: 493568K Free: 196108K (40%)
----------------- Invoking toplevel() on ptolemy.moml.MoMLSimpleApplication@3d7b783b
----------------- Done invoking toplevel() on ptolemy.moml.MoMLSimpleApplication@3d7b783b
reloadAllAccessors: .Switch2

===========================================================================================
----------------- testing Mon May 18 14:26:24 UTC 2020 /home/travis/build/icyphy/ptII/ptolemy/actor/lib/test/auto/SwitchDE.xml
----------------- Instantiating /home/travis/build/icyphy/ptII/ptolemy/actor/lib/test/auto/SwitchDE.xml
2 ms. Memory: 493568K Free: 188940K (38%)
----------------- Invoking toplevel() on ptolemy.moml.MoMLSimpleApplication@31dbb854
----------------- Done invoking toplevel() on ptolemy.moml.MoMLSimpleApplication@31dbb854
reloadAllAccessors: .SwitchDE

===========================================================================================
----------------- testing Mon May 18 14:26:24 UTC 2020 /home/travis/build/icyphy/ptII/ptolemy/actor/lib/test/auto/SynchronizerDE.xml
----------------- Instantiating /home/travis/build/icyphy/ptII/ptolemy/actor/lib/test/auto/SynchronizerDE.xml
6 ms. Memory: 493568K Free: 180203K (37%)
----------------- Invoking toplevel() on ptolemy.moml.MoMLSimpleApplication@6c47ede1
----------------- Done invoking toplevel() on ptolemy.moml.MoMLSimpleApplication@6c47ede1
reloadAllAccessors: .SynchronizerDE

===========================================================================================
----------------- testing Mon May 18 14:26:24 UTC 2020 /home/travis/build/icyphy/ptII/ptolemy/actor/lib/test/auto/Test.xml
----------------- Instantiating /home/travis/build/icyphy/ptII/ptolemy/actor/lib/test/auto/Test.xml
1 ms. Memory: 493568K Free: 175099K (35%)
----------------- Invoking toplevel() on ptolemy.moml.MoMLSimpleApplication@7305d996
----------------- Done invoking toplevel() on ptolemy.moml.MoMLSimpleApplication@7305d996
reloadAllAccessors: .Test

===========================================================================================
----------------- testing Mon May 18 14:26:24 UTC 2020 /home/travis/build/icyphy/ptII/ptolemy/actor/lib/test/auto/TestExceptionAttribute1.xml
----------------- Instantiating /home/travis/build/icyphy/ptII/ptolemy/actor/lib/test/auto/TestExceptionAttribute1.xml
1 ms. Memory: 493568K Free: 171532K (35%)
----------------- Invoking toplevel() on ptolemy.moml.MoMLSimpleApplication@72bc0e01
----------------- Done invoking toplevel() on ptolemy.moml.MoMLSimpleApplication@72bc0e01
reloadAllAccessors: .TestExceptionAttribute1

===========================================================================================
----------------- testing Mon May 18 14:26:24 UTC 2020 /home/travis/build/icyphy/ptII/ptolemy/actor/lib/test/auto/TestExceptionAttribute2.xml
----------------- Instantiating /home/travis/build/icyphy/ptII/ptolemy/actor/lib/test/auto/TestExceptionAttribute2.xml
1 ms. Memory: 493568K Free: 167946K (34%)
----------------- Invoking toplevel() on ptolemy.moml.MoMLSimpleApplication@1d4d8d64
----------------- Done invoking toplevel() on ptolemy.moml.MoMLSimpleApplication@1d4d8d64
reloadAllAccessors: .TestExceptionAttribute2

===========================================================================================
----------------- testing Mon May 18 14:26:24 UTC 2020 /home/travis/build/icyphy/ptII/ptolemy/actor/lib/test/auto/TestExceptionAttribute3.xml
----------------- Instantiating /home/travis/build/icyphy/ptII/ptolemy/actor/lib/test/auto/TestExceptionAttribute3.xml
.TestExceptionAttribute3.TestExceptionAttribute: initialize() was not invoked, but wrapup() was.  This is unusual, but not always a problem.  For example, exporting JNLP will do this.
0 ms. Memory: 493568K Free: 164364K (33%)
----------------- Invoking toplevel() on ptolemy.moml.MoMLSimpleApplication@a757754
----------------- Done invoking toplevel() on ptolemy.moml.MoMLSimpleApplication@a757754
reloadAllAccessors: .TestExceptionAttribute3

===========================================================================================
----------------- testing Mon May 18 14:26:24 UTC 2020 /home/travis/build/icyphy/ptII/ptolemy/actor/lib/test/auto/TestExceptionAttribute4.xml
----------------- Instantiating /home/travis/build/icyphy/ptII/ptolemy/actor/lib/test/auto/TestExceptionAttribute4.xml
.TestExceptionAttribute4.TestExceptionAttribute: initialize() was not invoked, but wrapup() was.  This is unusual, but not always a problem.  For example, exporting JNLP will do this.
.TestExceptionAttribute4.TestExceptionAttribute2: initialize() was not invoked, but wrapup() was.  This is unusual, but not always a problem.  For example, exporting JNLP will do this.
0 ms. Memory: 493568K Free: 160268K (32%)
----------------- Invoking toplevel() on ptolemy.moml.MoMLSimpleApplication@65336a5b
----------------- Done invoking toplevel() on ptolemy.moml.MoMLSimpleApplication@65336a5b
reloadAllAccessors: .TestExceptionAttribute4

===========================================================================================
----------------- testing Mon May 18 14:26:24 UTC 2020 /home/travis/build/icyphy/ptII/ptolemy/actor/lib/test/auto/TestExceptionHandler1.xml
----------------- Instantiating /home/travis/build/icyphy/ptII/ptolemy/actor/lib/test/auto/TestExceptionHandler1.xml
0 ms. Memory: 493568K Free: 156682K (32%)
----------------- Invoking toplevel() on ptolemy.moml.MoMLSimpleApplication@20258dd1
----------------- Done invoking toplevel() on ptolemy.moml.MoMLSimpleApplication@20258dd1
reloadAllAccessors: .TestExceptionHandler1

===========================================================================================
----------------- testing Mon May 18 14:26:24 UTC 2020 /home/travis/build/icyphy/ptII/ptolemy/actor/lib/test/auto/TestExceptionHandler2.xml
----------------- Instantiating /home/travis/build/icyphy/ptII/ptolemy/actor/lib/test/auto/TestExceptionHandler2.xml
1 ms. Memory: 493568K Free: 439587K (89%)
----------------- Invoking toplevel() on ptolemy.moml.MoMLSimpleApplication@1b7665b6
----------------- Done invoking toplevel() on ptolemy.moml.MoMLSimpleApplication@1b7665b6
reloadAllAccessors: .TestExceptionHandler2

===========================================================================================
----------------- testing Mon May 18 14:26:24 UTC 2020 /home/travis/build/icyphy/ptII/ptolemy/actor/lib/test/auto/TestExceptionHandler3.xml
----------------- Instantiating /home/travis/build/icyphy/ptII/ptolemy/actor/lib/test/auto/TestExceptionHandler3.xml
0 ms. Memory: 493568K Free: 436001K (88%)
----------------- Invoking toplevel() on ptolemy.moml.MoMLSimpleApplication@4efcf889
----------------- Done invoking toplevel() on ptolemy.moml.MoMLSimpleApplication@4efcf889
reloadAllAccessors: .TestExceptionHandler3

===========================================================================================
----------------- testing Mon May 18 14:26:24 UTC 2020 /home/travis/build/icyphy/ptII/ptolemy/actor/lib/test/auto/TestExceptionHandler4.xml
----------------- Instantiating /home/travis/build/icyphy/ptII/ptolemy/actor/lib/test/auto/TestExceptionHandler4.xml
1 ms. Memory: 493568K Free: 431395K (87%)
----------------- Invoking toplevel() on ptolemy.moml.MoMLSimpleApplication@3c4e48a8
----------------- Done invoking toplevel() on ptolemy.moml.MoMLSimpleApplication@3c4e48a8
reloadAllAccessors: .TestExceptionHandler4

===========================================================================================
----------------- testing Mon May 18 14:26:24 UTC 2020 /home/travis/build/icyphy/ptII/ptolemy/actor/lib/test/auto/TestRequireCorrectOrder.xml
----------------- Instantiating /home/travis/build/icyphy/ptII/ptolemy/actor/lib/test/auto/TestRequireCorrectOrder.xml
8 ms. Memory: 493568K Free: 426275K (86%)
----------------- Invoking toplevel() on ptolemy.moml.MoMLSimpleApplication@597064e1
----------------- Done invoking toplevel() on ptolemy.moml.MoMLSimpleApplication@597064e1
reloadAllAccessors: .TestRequireCorrectOrder

===========================================================================================
----------------- testing Mon May 18 14:26:24 UTC 2020 /home/travis/build/icyphy/ptII/ptolemy/actor/lib/test/auto/TestSimple.xml
----------------- Instantiating /home/travis/build/icyphy/ptII/ptolemy/actor/lib/test/auto/TestSimple.xml
2 ms. Memory: 493568K Free: 421659K (85%)
----------------- Invoking toplevel() on ptolemy.moml.MoMLSimpleApplication@73bc5c21
----------------- Done invoking toplevel() on ptolemy.moml.MoMLSimpleApplication@73bc5c21
reloadAllAccessors: .TestSimple

===========================================================================================
----------------- testing Mon May 18 14:26:24 UTC 2020 /home/travis/build/icyphy/ptII/ptolemy/actor/lib/test/auto/ThrowModelError.xml
----------------- Instantiating /home/travis/build/icyphy/ptII/ptolemy/actor/lib/test/auto/ThrowModelError.xml
1 ms. Memory: 493568K Free: 417059K (84%)
----------------- Invoking toplevel() on ptolemy.moml.MoMLSimpleApplication@441f47fe
----------------- Done invoking toplevel() on ptolemy.moml.MoMLSimpleApplication@441f47fe
reloadAllAccessors: .ThrowModelError

===========================================================================================
----------------- testing Mon May 18 14:26:24 UTC 2020 /home/travis/build/icyphy/ptII/ptolemy/actor/lib/test/auto/TimeDelayMicrosteps.xml
----------------- Instantiating /home/travis/build/icyphy/ptII/ptolemy/actor/lib/test/auto/TimeDelayMicrosteps.xml
3 ms. Memory: 493568K Free: 410395K (83%)
----------------- Invoking toplevel() on ptolemy.moml.MoMLSimpleApplication@69075865
----------------- Done invoking toplevel() on ptolemy.moml.MoMLSimpleApplication@69075865
reloadAllAccessors: .TimeDelayMicrosteps

===========================================================================================
----------------- testing Mon May 18 14:26:24 UTC 2020 /home/travis/build/icyphy/ptII/ptolemy/actor/lib/test/auto/TimeDelayMicrosteps2.xml
----------------- Instantiating /home/travis/build/icyphy/ptII/ptolemy/actor/lib/test/auto/TimeDelayMicrosteps2.xml
2 ms. Memory: 493568K Free: 403227K (82%)
----------------- Invoking toplevel() on ptolemy.moml.MoMLSimpleApplication@14cac419
----------------- Done invoking toplevel() on ptolemy.moml.MoMLSimpleApplication@14cac419
reloadAllAccessors: .TimeDelayMicrosteps2

===========================================================================================
----------------- testing Mon May 18 14:26:24 UTC 2020 /home/travis/build/icyphy/ptII/ptolemy/actor/lib/test/auto/TimeDelayMicrosteps3.xml
----------------- Instantiating /home/travis/build/icyphy/ptII/ptolemy/actor/lib/test/auto/TimeDelayMicrosteps3.xml
2 ms. Memory: 493568K Free: 396579K (80%)
----------------- Invoking toplevel() on ptolemy.moml.MoMLSimpleApplication@1a62ef19
----------------- Done invoking toplevel() on ptolemy.moml.MoMLSimpleApplication@1a62ef19
reloadAllAccessors: .TimeDelayMicrosteps3

===========================================================================================
----------------- testing Mon May 18 14:26:24 UTC 2020 /home/travis/build/icyphy/ptII/ptolemy/actor/lib/test/auto/TimeDelayVariableMicrosteps.xml
----------------- Instantiating /home/travis/build/icyphy/ptII/ptolemy/actor/lib/test/auto/TimeDelayVariableMicrosteps.xml
2 ms. Memory: 493568K Free: 389921K (79%)
----------------- Invoking toplevel() on ptolemy.moml.MoMLSimpleApplication@427b5278
----------------- Done invoking toplevel() on ptolemy.moml.MoMLSimpleApplication@427b5278
reloadAllAccessors: .TimeDelayVariableMicrosteps

===========================================================================================
----------------- testing Mon May 18 14:26:24 UTC 2020 /home/travis/build/icyphy/ptII/ptolemy/actor/lib/test/auto/TimeGap.xml
----------------- Instantiating /home/travis/build/icyphy/ptII/ptolemy/actor/lib/test/auto/TimeGap.xml
2 ms. Memory: 493568K Free: 384291K (78%)
----------------- Invoking toplevel() on ptolemy.moml.MoMLSimpleApplication@4c2674f
----------------- Done invoking toplevel() on ptolemy.moml.MoMLSimpleApplication@4c2674f
reloadAllAccessors: .TimeGap

===========================================================================================
----------------- testing Mon May 18 14:26:24 UTC 2020 /home/travis/build/icyphy/ptII/ptolemy/actor/lib/test/auto/TimeGap2.xml
----------------- Instantiating /home/travis/build/icyphy/ptII/ptolemy/actor/lib/test/auto/TimeGap2.xml
1 ms. Memory: 493568K Free: 378651K (77%)
----------------- Invoking toplevel() on ptolemy.moml.MoMLSimpleApplication@2636ffb0
----------------- Done invoking toplevel() on ptolemy.moml.MoMLSimpleApplication@2636ffb0
reloadAllAccessors: .TimeGap2

===========================================================================================
----------------- testing Mon May 18 14:26:24 UTC 2020 /home/travis/build/icyphy/ptII/ptolemy/actor/lib/test/auto/TimedSinewave.xml
----------------- Instantiating /home/travis/build/icyphy/ptII/ptolemy/actor/lib/test/auto/TimedSinewave.xml
20 ms. Memory: 493568K Free: 364321K (74%)
----------------- Invoking toplevel() on ptolemy.moml.MoMLSimpleApplication@5d17a26f
----------------- Done invoking toplevel() on ptolemy.moml.MoMLSimpleApplication@5d17a26f
reloadAllAccessors: .TimedSinewave

===========================================================================================
----------------- testing Mon May 18 14:26:24 UTC 2020 /home/travis/build/icyphy/ptII/ptolemy/actor/lib/test/auto/TimedSinewavePhase.xml
----------------- Instantiating /home/travis/build/icyphy/ptII/ptolemy/actor/lib/test/auto/TimedSinewavePhase.xml
8 ms. Memory: 493568K Free: 354595K (72%)
----------------- Invoking toplevel() on ptolemy.moml.MoMLSimpleApplication@19fc395a
----------------- Done invoking toplevel() on ptolemy.moml.MoMLSimpleApplication@19fc395a
reloadAllAccessors: .TimedSinewavePhase

===========================================================================================
----------------- testing Mon May 18 14:26:24 UTC 2020 /home/travis/build/icyphy/ptII/ptolemy/actor/lib/test/auto/Timer.xml
----------------- Instantiating /home/travis/build/icyphy/ptII/ptolemy/actor/lib/test/auto/Timer.xml
1 ms. Memory: 493568K Free: 348955K (71%)
----------------- Invoking toplevel() on ptolemy.moml.MoMLSimpleApplication@61a3d886
----------------- Done invoking toplevel() on ptolemy.moml.MoMLSimpleApplication@61a3d886
reloadAllAccessors: .Timer

===========================================================================================
----------------- testing Mon May 18 14:26:24 UTC 2020 /home/travis/build/icyphy/ptII/ptolemy/actor/lib/test/auto/TriangularDistTestModel.xml
----------------- Instantiating /home/travis/build/icyphy/ptII/ptolemy/actor/lib/test/auto/TriangularDistTestModel.xml
2 ms. Memory: 493568K Free: 343331K (70%)
----------------- Invoking toplevel() on ptolemy.moml.MoMLSimpleApplication@6c23d46a
----------------- Done invoking toplevel() on ptolemy.moml.MoMLSimpleApplication@6c23d46a
reloadAllAccessors: .TriangularDistTestModel

===========================================================================================
----------------- testing Mon May 18 14:26:24 UTC 2020 /home/travis/build/icyphy/ptII/ptolemy/actor/lib/test/auto/TrigFunction.xml
----------------- Instantiating /home/travis/build/icyphy/ptII/ptolemy/actor/lib/test/auto/TrigFunction.xml
1 ms. Memory: 493568K Free: 338721K (69%)
----------------- Invoking toplevel() on ptolemy.moml.MoMLSimpleApplication@35dec151
----------------- Done invoking toplevel() on ptolemy.moml.MoMLSimpleApplication@35dec151
reloadAllAccessors: .TrigFunction

===========================================================================================
----------------- testing Mon May 18 14:26:24 UTC 2020 /home/travis/build/icyphy/ptII/ptolemy/actor/lib/test/auto/TrigFunctionDE.xml
----------------- Instantiating /home/travis/build/icyphy/ptII/ptolemy/actor/lib/test/auto/TrigFunctionDE.xml
2 ms. Memory: 493568K Free: 332577K (67%)
----------------- Invoking toplevel() on ptolemy.moml.MoMLSimpleApplication@9cd1d41
----------------- Done invoking toplevel() on ptolemy.moml.MoMLSimpleApplication@9cd1d41
reloadAllAccessors: .TrigFunctionDE

===========================================================================================
----------------- testing Mon May 18 14:26:24 UTC 2020 /home/travis/build/icyphy/ptII/ptolemy/actor/lib/test/auto/TrigFunctionInverse.xml
----------------- Instantiating /home/travis/build/icyphy/ptII/ptolemy/actor/lib/test/auto/TrigFunctionInverse.xml
1 ms. Memory: 493568K Free: 327457K (66%)
----------------- Invoking toplevel() on ptolemy.moml.MoMLSimpleApplication@2dda0eeb
----------------- Done invoking toplevel() on ptolemy.moml.MoMLSimpleApplication@2dda0eeb
reloadAllAccessors: .TrigFunctionInverse

===========================================================================================
----------------- testing Mon May 18 14:26:24 UTC 2020 /home/travis/build/icyphy/ptII/ptolemy/actor/lib/test/auto/TrigFunctionTan.xml
----------------- Instantiating /home/travis/build/icyphy/ptII/ptolemy/actor/lib/test/auto/TrigFunctionTan.xml
1 ms. Memory: 493568K Free: 322851K (65%)
----------------- Invoking toplevel() on ptolemy.moml.MoMLSimpleApplication@5169e80d
----------------- Done invoking toplevel() on ptolemy.moml.MoMLSimpleApplication@5169e80d
reloadAllAccessors: .TrigFunctionTan

===========================================================================================
----------------- testing Mon May 18 14:26:24 UTC 2020 /home/travis/build/icyphy/ptII/ptolemy/actor/lib/test/auto/TriggeredClock.xml
----------------- Instantiating /home/travis/build/icyphy/ptII/ptolemy/actor/lib/test/auto/TriggeredClock.xml
1 ms. Memory: 493568K Free: 317731K (64%)
----------------- Invoking toplevel() on ptolemy.moml.MoMLSimpleApplication@6ab052dc
----------------- Done invoking toplevel() on ptolemy.moml.MoMLSimpleApplication@6ab052dc
reloadAllAccessors: .TriggeredClock

===========================================================================================
----------------- testing Mon May 18 14:26:24 UTC 2020 /home/travis/build/icyphy/ptII/ptolemy/actor/lib/test/auto/URLDirectoryReader.xml
----------------- Instantiating /home/travis/build/icyphy/ptII/ptolemy/actor/lib/test/auto/URLDirectoryReader.xml
39 ms. Memory: 493568K Free: 308001K (62%)
----------------- Invoking toplevel() on ptolemy.moml.MoMLSimpleApplication@2000c647
----------------- Done invoking toplevel() on ptolemy.moml.MoMLSimpleApplication@2000c647
reloadAllAccessors: .URLDirectoryReader

===========================================================================================
----------------- testing Mon May 18 14:26:24 UTC 2020 /home/travis/build/icyphy/ptII/ptolemy/actor/lib/test/auto/URLDirectoryReader3.xml
----------------- Instantiating /home/travis/build/icyphy/ptII/ptolemy/actor/lib/test/auto/URLDirectoryReader3.xml
1387 ms. Memory: 493568K Free: 433901K (88%)
----------------- Invoking toplevel() on ptolemy.moml.MoMLSimpleApplication@3932bc24
----------------- Done invoking toplevel() on ptolemy.moml.MoMLSimpleApplication@3932bc24
reloadAllAccessors: .URLDirectoryReader3

===========================================================================================
----------------- testing Mon May 18 14:26:26 UTC 2020 /home/travis/build/icyphy/ptII/ptolemy/actor/lib/test/auto/UnaryMathFunction.xml
----------------- Instantiating /home/travis/build/icyphy/ptII/ptolemy/actor/lib/test/auto/UnaryMathFunction.xml
1 ms. Memory: 493568K Free: 426154K (86%)
----------------- Invoking toplevel() on ptolemy.moml.MoMLSimpleApplication@448e7457
----------------- Done invoking toplevel() on ptolemy.moml.MoMLSimpleApplication@448e7457
reloadAllAccessors: .UnaryMathFunction

===========================================================================================
----------------- testing Mon May 18 14:26:26 UTC 2020 /home/travis/build/icyphy/ptII/ptolemy/actor/lib/test/auto/Uniform.xml
----------------- Instantiating /home/travis/build/icyphy/ptII/ptolemy/actor/lib/test/auto/Uniform.xml
2 ms. Memory: 493568K Free: 421544K (85%)
----------------- Invoking toplevel() on ptolemy.moml.MoMLSimpleApplication@11b57ea1
----------------- Done invoking toplevel() on ptolemy.moml.MoMLSimpleApplication@11b57ea1
reloadAllAccessors: .Uniform

===========================================================================================
----------------- testing Mon May 18 14:26:26 UTC 2020 /home/travis/build/icyphy/ptII/ptolemy/actor/lib/test/auto/UnionDisassemblerTest.xml
----------------- Instantiating /home/travis/build/icyphy/ptII/ptolemy/actor/lib/test/auto/UnionDisassemblerTest.xml
8 ms. Memory: 493568K Free: 417962K (85%)
----------------- Invoking toplevel() on ptolemy.moml.MoMLSimpleApplication@68880ca5
----------------- Done invoking toplevel() on ptolemy.moml.MoMLSimpleApplication@68880ca5
reloadAllAccessors: .UnionDisassemblerTest

===========================================================================================
----------------- testing Mon May 18 14:26:26 UTC 2020 /home/travis/build/icyphy/ptII/ptolemy/actor/lib/test/auto/UtilityFunctions.xml
----------------- Instantiating /home/travis/build/icyphy/ptII/ptolemy/actor/lib/test/auto/UtilityFunctions.xml
2 ms. Memory: 493568K Free: 413352K (84%)
----------------- Invoking toplevel() on ptolemy.moml.MoMLSimpleApplication@30da5db1
----------------- Done invoking toplevel() on ptolemy.moml.MoMLSimpleApplication@30da5db1
reloadAllAccessors: .UtilityFunctions

===========================================================================================
----------------- testing Mon May 18 14:26:26 UTC 2020 /home/travis/build/icyphy/ptII/ptolemy/actor/lib/test/auto/VariableSleep.xml
----------------- Instantiating /home/travis/build/icyphy/ptII/ptolemy/actor/lib/test/auto/VariableSleep.xml
502 ms. Memory: 493568K Free: 408232K (83%)
----------------- Invoking toplevel() on ptolemy.moml.MoMLSimpleApplication@2a064df1
----------------- Done invoking toplevel() on ptolemy.moml.MoMLSimpleApplication@2a064df1
reloadAllAccessors: .VariableSleep

===========================================================================================
----------------- testing Mon May 18 14:26:27 UTC 2020 /home/travis/build/icyphy/ptII/ptolemy/actor/lib/test/auto/VectorAssemblerDisassemblerCT.xml
----------------- Instantiating /home/travis/build/icyphy/ptII/ptolemy/actor/lib/test/auto/VectorAssemblerDisassemblerCT.xml
64 ms. Memory: 493568K Free: 387751K (79%)
----------------- Invoking toplevel() on ptolemy.moml.MoMLSimpleApplication@1e8f7330
----------------- Done invoking toplevel() on ptolemy.moml.MoMLSimpleApplication@1e8f7330
reloadAllAccessors: .VectorAssemblerDisassemblerCT

===========================================================================================
----------------- testing Mon May 18 14:26:27 UTC 2020 /home/travis/build/icyphy/ptII/ptolemy/actor/lib/test/auto/VectorAssemblerDisassemblerDE.xml
----------------- Instantiating /home/travis/build/icyphy/ptII/ptolemy/actor/lib/test/auto/VectorAssemblerDisassemblerDE.xml
9 ms. Memory: 493568K Free: 380584K (77%)
----------------- Invoking toplevel() on ptolemy.moml.MoMLSimpleApplication@aa3837e
----------------- Done invoking toplevel() on ptolemy.moml.MoMLSimpleApplication@aa3837e
reloadAllAccessors: .VectorAssemblerDisassemblerDE

===========================================================================================
----------------- testing Mon May 18 14:26:27 UTC 2020 /home/travis/build/icyphy/ptII/ptolemy/actor/lib/test/auto/VectorAssemblerDisassemblerSDF.xml
----------------- Instantiating /home/travis/build/icyphy/ptII/ptolemy/actor/lib/test/auto/VectorAssemblerDisassemblerSDF.xml
2 ms. Memory: 493568K Free: 373930K (76%)
----------------- Invoking toplevel() on ptolemy.moml.MoMLSimpleApplication@5b880f3
----------------- Done invoking toplevel() on ptolemy.moml.MoMLSimpleApplication@5b880f3
reloadAllAccessors: .VectorAssemblerDisassemblerSDF

===========================================================================================
----------------- testing Mon May 18 14:26:27 UTC 2020 /home/travis/build/icyphy/ptII/ptolemy/actor/lib/test/auto/WallClockTime.xml
----------------- Instantiating /home/travis/build/icyphy/ptII/ptolemy/actor/lib/test/auto/WallClockTime.xml
1003 ms. Memory: 493568K Free: 368296K (75%)
----------------- Invoking toplevel() on ptolemy.moml.MoMLSimpleApplication@25102de8
----------------- Done invoking toplevel() on ptolemy.moml.MoMLSimpleApplication@25102de8
reloadAllAccessors: .WallClockTime

===========================================================================================
----------------- testing Mon May 18 14:26:28 UTC 2020 /home/travis/build/icyphy/ptII/ptolemy/actor/lib/test/auto/WidthTestWithSubscriberPublisher.xml
----------------- Instantiating /home/travis/build/icyphy/ptII/ptolemy/actor/lib/test/auto/WidthTestWithSubscriberPublisher.xml
6 ms. Memory: 493568K Free: 350378K (71%)
----------------- Invoking toplevel() on ptolemy.moml.MoMLSimpleApplication@24ea3bed
----------------- Done invoking toplevel() on ptolemy.moml.MoMLSimpleApplication@24ea3bed
reloadAllAccessors: .WidthTestWithSubscriberPublisher

===========================================================================================
----------------- testing Mon May 18 14:26:28 UTC 2020 /home/travis/build/icyphy/ptII/ptolemy/actor/lib/test/auto/WidthTestWithSubscriberPublisher2.xml
----------------- Instantiating /home/travis/build/icyphy/ptII/ptolemy/actor/lib/test/auto/WidthTestWithSubscriberPublisher2.xml
3 ms. Memory: 493568K Free: 343720K (70%)
----------------- Invoking toplevel() on ptolemy.moml.MoMLSimpleApplication@608294d
----------------- Done invoking toplevel() on ptolemy.moml.MoMLSimpleApplication@608294d
reloadAllAccessors: .WidthTestWithSubscriberPublisher2

===========================================================================================
----------------- testing Mon May 18 14:26:28 UTC 2020 /home/travis/build/icyphy/ptII/ptolemy/actor/lib/test/auto/WidthTestWithSubscriberPublisher3.xml
----------------- Instantiating /home/travis/build/icyphy/ptII/ptolemy/actor/lib/test/auto/WidthTestWithSubscriberPublisher3.xml
1 ms. Memory: 493568K Free: 338090K (68%)
----------------- Invoking toplevel() on ptolemy.moml.MoMLSimpleApplication@738eac1e
----------------- Done invoking toplevel() on ptolemy.moml.MoMLSimpleApplication@738eac1e
reloadAllAccessors: .WidthTestWithSubscriberPublisher3

===========================================================================================
----------------- testing Mon May 18 14:26:28 UTC 2020 /home/travis/build/icyphy/ptII/ptolemy/actor/lib/test/auto/Writer.xml
----------------- Instantiating /home/travis/build/icyphy/ptII/ptolemy/actor/lib/test/auto/Writer.xml
0
1
2
3
4
1 ms. Memory: 493568K Free: 333994K (68%)
----------------- Invoking toplevel() on ptolemy.moml.MoMLSimpleApplication@7c001f9f
----------------- Done invoking toplevel() on ptolemy.moml.MoMLSimpleApplication@7c001f9f
reloadAllAccessors: .Writer

===========================================================================================
----------------- testing Mon May 18 14:26:28 UTC 2020 /home/travis/build/icyphy/ptII/ptolemy/actor/lib/test/auto/array.xml
----------------- Instantiating /home/travis/build/icyphy/ptII/ptolemy/actor/lib/test/auto/array.xml
1 ms. Memory: 493568K Free: 328874K (67%)
----------------- Invoking toplevel() on ptolemy.moml.MoMLSimpleApplication@6becc5ef
----------------- Done invoking toplevel() on ptolemy.moml.MoMLSimpleApplication@6becc5ef
reloadAllAccessors: .array

===========================================================================================
----------------- testing Mon May 18 14:26:28 UTC 2020 /home/travis/build/icyphy/ptII/ptolemy/actor/lib/test/auto/array2.xml
----------------- Instantiating /home/travis/build/icyphy/ptII/ptolemy/actor/lib/test/auto/array2.xml
4 ms. Memory: 493568K Free: 324250K (66%)
----------------- Invoking toplevel() on ptolemy.moml.MoMLSimpleApplication@90e5621
----------------- Done invoking toplevel() on ptolemy.moml.MoMLSimpleApplication@90e5621
reloadAllAccessors: .array2

===========================================================================================
----------------- testing Mon May 18 14:26:28 UTC 2020 /home/travis/build/icyphy/ptII/ptolemy/actor/lib/test/auto/arrayType.xml
----------------- Instantiating /home/travis/build/icyphy/ptII/ptolemy/actor/lib/test/auto/arrayType.xml
1 ms. Memory: 493568K Free: 319144K (65%)
----------------- Invoking toplevel() on ptolemy.moml.MoMLSimpleApplication@46a5a354
----------------- Done invoking toplevel() on ptolemy.moml.MoMLSimpleApplication@46a5a354
reloadAllAccessors: .arrayType

===========================================================================================
----------------- testing Mon May 18 14:26:28 UTC 2020 /home/travis/build/icyphy/ptII/ptolemy/actor/lib/test/auto/arrayType10.xml
----------------- Instantiating /home/travis/build/icyphy/ptII/ptolemy/actor/lib/test/auto/arrayType10.xml
1 ms. Memory: 493568K Free: 314538K (64%)
----------------- Invoking toplevel() on ptolemy.moml.MoMLSimpleApplication@5e50c131
----------------- Done invoking toplevel() on ptolemy.moml.MoMLSimpleApplication@5e50c131
reloadAllAccessors: .arrayType10

===========================================================================================
----------------- testing Mon May 18 14:26:28 UTC 2020 /home/travis/build/icyphy/ptII/ptolemy/actor/lib/test/auto/arrayType11.xml
----------------- Instantiating /home/travis/build/icyphy/ptII/ptolemy/actor/lib/test/auto/arrayType11.xml
1 ms. Memory: 493568K Free: 309928K (63%)
----------------- Invoking toplevel() on ptolemy.moml.MoMLSimpleApplication@6dbfb74d
----------------- Done invoking toplevel() on ptolemy.moml.MoMLSimpleApplication@6dbfb74d
reloadAllAccessors: .arrayType11

===========================================================================================
----------------- testing Mon May 18 14:26:28 UTC 2020 /home/travis/build/icyphy/ptII/ptolemy/actor/lib/test/auto/arrayType12.xml
----------------- Instantiating /home/travis/build/icyphy/ptII/ptolemy/actor/lib/test/auto/arrayType12.xml
1 ms. Memory: 493568K Free: 304808K (62%)
----------------- Invoking toplevel() on ptolemy.moml.MoMLSimpleApplication@62508dfb
----------------- Done invoking toplevel() on ptolemy.moml.MoMLSimpleApplication@62508dfb
reloadAllAccessors: .arrayType12

===========================================================================================
----------------- testing Mon May 18 14:26:28 UTC 2020 /home/travis/build/icyphy/ptII/ptolemy/actor/lib/test/auto/arrayType13.xml
----------------- Instantiating /home/travis/build/icyphy/ptII/ptolemy/actor/lib/test/auto/arrayType13.xml
1 ms. Memory: 493568K Free: 299688K (61%)
----------------- Invoking toplevel() on ptolemy.moml.MoMLSimpleApplication@721f42c4
----------------- Done invoking toplevel() on ptolemy.moml.MoMLSimpleApplication@721f42c4
reloadAllAccessors: .arrayType13

===========================================================================================
----------------- testing Mon May 18 14:26:28 UTC 2020 /home/travis/build/icyphy/ptII/ptolemy/actor/lib/test/auto/arrayType14.xml
----------------- Instantiating /home/travis/build/icyphy/ptII/ptolemy/actor/lib/test/auto/arrayType14.xml
1 ms. Memory: 493568K Free: 294568K (60%)
----------------- Invoking toplevel() on ptolemy.moml.MoMLSimpleApplication@4836575d
----------------- Done invoking toplevel() on ptolemy.moml.MoMLSimpleApplication@4836575d
reloadAllAccessors: .arrayType14

===========================================================================================
----------------- testing Mon May 18 14:26:28 UTC 2020 /home/travis/build/icyphy/ptII/ptolemy/actor/lib/test/auto/arrayType15.xml
----------------- Instantiating /home/travis/build/icyphy/ptII/ptolemy/actor/lib/test/auto/arrayType15.xml
2 ms. Memory: 493568K Free: 289448K (59%)
----------------- Invoking toplevel() on ptolemy.moml.MoMLSimpleApplication@4798b1e3
----------------- Done invoking toplevel() on ptolemy.moml.MoMLSimpleApplication@4798b1e3
reloadAllAccessors: .arrayType15

===========================================================================================
----------------- testing Mon May 18 14:26:28 UTC 2020 /home/travis/build/icyphy/ptII/ptolemy/actor/lib/test/auto/arrayType16.xml
----------------- Instantiating /home/travis/build/icyphy/ptII/ptolemy/actor/lib/test/auto/arrayType16.xml
1 ms. Memory: 493568K Free: 283818K (58%)
----------------- Invoking toplevel() on ptolemy.moml.MoMLSimpleApplication@57f8a898
----------------- Done invoking toplevel() on ptolemy.moml.MoMLSimpleApplication@57f8a898
reloadAllAccessors: .arrayType16

===========================================================================================
----------------- testing Mon May 18 14:26:28 UTC 2020 /home/travis/build/icyphy/ptII/ptolemy/actor/lib/test/auto/arrayType17.xml
----------------- Instantiating /home/travis/build/icyphy/ptII/ptolemy/actor/lib/test/auto/arrayType17.xml
2 ms. Memory: 493568K Free: 278698K (56%)
----------------- Invoking toplevel() on ptolemy.moml.MoMLSimpleApplication@507c632d
----------------- Done invoking toplevel() on ptolemy.moml.MoMLSimpleApplication@507c632d
reloadAllAccessors: .arrayType17

===========================================================================================
----------------- testing Mon May 18 14:26:28 UTC 2020 /home/travis/build/icyphy/ptII/ptolemy/actor/lib/test/auto/arrayType18.xml
----------------- Instantiating /home/travis/build/icyphy/ptII/ptolemy/actor/lib/test/auto/arrayType18.xml
1 ms. Memory: 493568K Free: 274088K (56%)
----------------- Invoking toplevel() on ptolemy.moml.MoMLSimpleApplication@7fb4d5d9
----------------- Done invoking toplevel() on ptolemy.moml.MoMLSimpleApplication@7fb4d5d9
reloadAllAccessors: .arrayType18

===========================================================================================
----------------- testing Mon May 18 14:26:28 UTC 2020 /home/travis/build/icyphy/ptII/ptolemy/actor/lib/test/auto/arrayType19.xml
----------------- Instantiating /home/travis/build/icyphy/ptII/ptolemy/actor/lib/test/auto/arrayType19.xml
1 ms. Memory: 493568K Free: 269482K (55%)
----------------- Invoking toplevel() on ptolemy.moml.MoMLSimpleApplication@598d99ea
----------------- Done invoking toplevel() on ptolemy.moml.MoMLSimpleApplication@598d99ea
reloadAllAccessors: .arrayType19

===========================================================================================
----------------- testing Mon May 18 14:26:28 UTC 2020 /home/travis/build/icyphy/ptII/ptolemy/actor/lib/test/auto/arrayType2.xml
----------------- Instantiating /home/travis/build/icyphy/ptII/ptolemy/actor/lib/test/auto/arrayType2.xml
1 ms. Memory: 493568K Free: 264362K (54%)
----------------- Invoking toplevel() on ptolemy.moml.MoMLSimpleApplication@71776a6a
----------------- Done invoking toplevel() on ptolemy.moml.MoMLSimpleApplication@71776a6a
reloadAllAccessors: .arrayType2

===========================================================================================
----------------- testing Mon May 18 14:26:28 UTC 2020 /home/travis/build/icyphy/ptII/ptolemy/actor/lib/test/auto/arrayType20.xml
----------------- Instantiating /home/travis/build/icyphy/ptII/ptolemy/actor/lib/test/auto/arrayType20.xml
1 ms. Memory: 493568K Free: 259242K (53%)
----------------- Invoking toplevel() on ptolemy.moml.MoMLSimpleApplication@61f029fe
----------------- Done invoking toplevel() on ptolemy.moml.MoMLSimpleApplication@61f029fe
reloadAllAccessors: .arrayType20

===========================================================================================
----------------- testing Mon May 18 14:26:28 UTC 2020 /home/travis/build/icyphy/ptII/ptolemy/actor/lib/test/auto/arrayType21.xml
----------------- Instantiating /home/travis/build/icyphy/ptII/ptolemy/actor/lib/test/auto/arrayType21.xml
1 ms. Memory: 493568K Free: 254632K (52%)
----------------- Invoking toplevel() on ptolemy.moml.MoMLSimpleApplication@52b05e33
----------------- Done invoking toplevel() on ptolemy.moml.MoMLSimpleApplication@52b05e33
reloadAllAccessors: .arrayType21

===========================================================================================
----------------- testing Mon May 18 14:26:28 UTC 2020 /home/travis/build/icyphy/ptII/ptolemy/actor/lib/test/auto/arrayType22.xml
----------------- Instantiating /home/travis/build/icyphy/ptII/ptolemy/actor/lib/test/auto/arrayType22.xml
1 ms. Memory: 493568K Free: 250026K (51%)
----------------- Invoking toplevel() on ptolemy.moml.MoMLSimpleApplication@4c6a7f6
----------------- Done invoking toplevel() on ptolemy.moml.MoMLSimpleApplication@4c6a7f6
reloadAllAccessors: .arrayType22

===========================================================================================
----------------- testing Mon May 18 14:26:28 UTC 2020 /home/travis/build/icyphy/ptII/ptolemy/actor/lib/test/auto/arrayType23.xml
----------------- Instantiating /home/travis/build/icyphy/ptII/ptolemy/actor/lib/test/auto/arrayType23.xml
1 ms. Memory: 493568K Free: 245416K (50%)
----------------- Invoking toplevel() on ptolemy.moml.MoMLSimpleApplication@52303e93
----------------- Done invoking toplevel() on ptolemy.moml.MoMLSimpleApplication@52303e93
reloadAllAccessors: .arrayType23

===========================================================================================
----------------- testing Mon May 18 14:26:28 UTC 2020 /home/travis/build/icyphy/ptII/ptolemy/actor/lib/test/auto/arrayType24.xml
----------------- Instantiating /home/travis/build/icyphy/ptII/ptolemy/actor/lib/test/auto/arrayType24.xml
1 ms. Memory: 493568K Free: 240296K (49%)
----------------- Invoking toplevel() on ptolemy.moml.MoMLSimpleApplication@4597d4d8
----------------- Done invoking toplevel() on ptolemy.moml.MoMLSimpleApplication@4597d4d8
reloadAllAccessors: .arrayType24

===========================================================================================
----------------- testing Mon May 18 14:26:28 UTC 2020 /home/travis/build/icyphy/ptII/ptolemy/actor/lib/test/auto/arrayType25.xml
----------------- Instantiating /home/travis/build/icyphy/ptII/ptolemy/actor/lib/test/auto/arrayType25.xml
1 ms. Memory: 493568K Free: 235176K (48%)
----------------- Invoking toplevel() on ptolemy.moml.MoMLSimpleApplication@1e85b71d
----------------- Done invoking toplevel() on ptolemy.moml.MoMLSimpleApplication@1e85b71d
reloadAllAccessors: .arrayType25

===========================================================================================
----------------- testing Mon May 18 14:26:28 UTC 2020 /home/travis/build/icyphy/ptII/ptolemy/actor/lib/test/auto/arrayType26.xml
----------------- Instantiating /home/travis/build/icyphy/ptII/ptolemy/actor/lib/test/auto/arrayType26.xml
1 ms. Memory: 493568K Free: 230056K (47%)
----------------- Invoking toplevel() on ptolemy.moml.MoMLSimpleApplication@485bdf9b
----------------- Done invoking toplevel() on ptolemy.moml.MoMLSimpleApplication@485bdf9b
reloadAllAccessors: .arrayType26

===========================================================================================
----------------- testing Mon May 18 14:26:28 UTC 2020 /home/travis/build/icyphy/ptII/ptolemy/actor/lib/test/auto/arrayType27.xml
----------------- Instantiating /home/travis/build/icyphy/ptII/ptolemy/actor/lib/test/auto/arrayType27.xml
1 ms. Memory: 493568K Free: 224426K (45%)
----------------- Invoking toplevel() on ptolemy.moml.MoMLSimpleApplication@21a82fce
----------------- Done invoking toplevel() on ptolemy.moml.MoMLSimpleApplication@21a82fce
reloadAllAccessors: .arrayType27

===========================================================================================
----------------- testing Mon May 18 14:26:28 UTC 2020 /home/travis/build/icyphy/ptII/ptolemy/actor/lib/test/auto/arrayType28.xml
----------------- Instantiating /home/travis/build/icyphy/ptII/ptolemy/actor/lib/test/auto/arrayType28.xml
5 ms. Memory: 493568K Free: 219306K (44%)
----------------- Invoking toplevel() on ptolemy.moml.MoMLSimpleApplication@11d31141
----------------- Done invoking toplevel() on ptolemy.moml.MoMLSimpleApplication@11d31141
reloadAllAccessors: .arrayType28

===========================================================================================
----------------- testing Mon May 18 14:26:28 UTC 2020 /home/travis/build/icyphy/ptII/ptolemy/actor/lib/test/auto/arrayType3.xml
----------------- Instantiating /home/travis/build/icyphy/ptII/ptolemy/actor/lib/test/auto/arrayType3.xml
4 ms. Memory: 493568K Free: 214186K (43%)
----------------- Invoking toplevel() on ptolemy.moml.MoMLSimpleApplication@59af8b12
----------------- Done invoking toplevel() on ptolemy.moml.MoMLSimpleApplication@59af8b12
reloadAllAccessors: .arrayType3

===========================================================================================
----------------- testing Mon May 18 14:26:28 UTC 2020 /home/travis/build/icyphy/ptII/ptolemy/actor/lib/test/auto/arrayType4.xml
----------------- Instantiating /home/travis/build/icyphy/ptII/ptolemy/actor/lib/test/auto/arrayType4.xml
1 ms. Memory: 493568K Free: 209066K (42%)
----------------- Invoking toplevel() on ptolemy.moml.MoMLSimpleApplication@5312749a
----------------- Done invoking toplevel() on ptolemy.moml.MoMLSimpleApplication@5312749a
reloadAllAccessors: .arrayType4

===========================================================================================
----------------- testing Mon May 18 14:26:28 UTC 2020 /home/travis/build/icyphy/ptII/ptolemy/actor/lib/test/auto/arrayType5.xml
----------------- Instantiating /home/travis/build/icyphy/ptII/ptolemy/actor/lib/test/auto/arrayType5.xml
1 ms. Memory: 493568K Free: 203432K (41%)
----------------- Invoking toplevel() on ptolemy.moml.MoMLSimpleApplication@40526a89
----------------- Done invoking toplevel() on ptolemy.moml.MoMLSimpleApplication@40526a89
reloadAllAccessors: .arrayType5

===========================================================================================
----------------- testing Mon May 18 14:26:28 UTC 2020 /home/travis/build/icyphy/ptII/ptolemy/actor/lib/test/auto/arrayType6.xml
----------------- Instantiating /home/travis/build/icyphy/ptII/ptolemy/actor/lib/test/auto/arrayType6.xml
1 ms. Memory: 493568K Free: 198826K (40%)
----------------- Invoking toplevel() on ptolemy.moml.MoMLSimpleApplication@75fe3dab
----------------- Done invoking toplevel() on ptolemy.moml.MoMLSimpleApplication@75fe3dab
reloadAllAccessors: .arrayType6

===========================================================================================
----------------- testing Mon May 18 14:26:28 UTC 2020 /home/travis/build/icyphy/ptII/ptolemy/actor/lib/test/auto/arrayType7.xml
----------------- Instantiating /home/travis/build/icyphy/ptII/ptolemy/actor/lib/test/auto/arrayType7.xml
6 ms. Memory: 493568K Free: 194216K (39%)
----------------- Invoking toplevel() on ptolemy.moml.MoMLSimpleApplication@26b1b057
----------------- Done invoking toplevel() on ptolemy.moml.MoMLSimpleApplication@26b1b057
reloadAllAccessors: .arrayType7

===========================================================================================
----------------- testing Mon May 18 14:26:28 UTC 2020 /home/travis/build/icyphy/ptII/ptolemy/actor/lib/test/auto/arrayType8.xml
----------------- Instantiating /home/travis/build/icyphy/ptII/ptolemy/actor/lib/test/auto/arrayType8.xml
1 ms. Memory: 493568K Free: 189610K (38%)
----------------- Invoking toplevel() on ptolemy.moml.MoMLSimpleApplication@7da74ba5
----------------- Done invoking toplevel() on ptolemy.moml.MoMLSimpleApplication@7da74ba5
reloadAllAccessors: .arrayType8

===========================================================================================
----------------- testing Mon May 18 14:26:28 UTC 2020 /home/travis/build/icyphy/ptII/ptolemy/actor/lib/test/auto/arrayType9.xml
----------------- Instantiating /home/travis/build/icyphy/ptII/ptolemy/actor/lib/test/auto/arrayType9.xml
0 ms. Memory: 493568K Free: 184490K (37%)
----------------- Invoking toplevel() on ptolemy.moml.MoMLSimpleApplication@342d9943
----------------- Done invoking toplevel() on ptolemy.moml.MoMLSimpleApplication@342d9943
reloadAllAccessors: .arrayType9

===========================================================================================
----------------- testing Mon May 18 14:26:28 UTC 2020 /home/travis/build/icyphy/ptII/ptolemy/actor/lib/test/auto/cast.xml
----------------- Instantiating /home/travis/build/icyphy/ptII/ptolemy/actor/lib/test/auto/cast.xml
1 ms. Memory: 493568K Free: 179880K (36%)
----------------- Invoking toplevel() on ptolemy.moml.MoMLSimpleApplication@10534e21
----------------- Done invoking toplevel() on ptolemy.moml.MoMLSimpleApplication@10534e21
reloadAllAccessors: .cast

===========================================================================================
----------------- testing Mon May 18 14:26:28 UTC 2020 /home/travis/build/icyphy/ptII/ptolemy/actor/lib/test/auto/compositeMultiPort.xml
----------------- Instantiating /home/travis/build/icyphy/ptII/ptolemy/actor/lib/test/auto/compositeMultiPort.xml
3 ms. Memory: 493568K Free: 171178K (35%)
----------------- Invoking toplevel() on ptolemy.moml.MoMLSimpleApplication@496c1abf
----------------- Done invoking toplevel() on ptolemy.moml.MoMLSimpleApplication@496c1abf
reloadAllAccessors: .compositeMultiPort

===========================================================================================
----------------- testing Mon May 18 14:26:28 UTC 2020 /home/travis/build/icyphy/ptII/ptolemy/actor/lib/test/auto/expressionCastInference.xml
----------------- Instantiating /home/travis/build/icyphy/ptII/ptolemy/actor/lib/test/auto/expressionCastInference.xml
2 ms. Memory: 493568K Free: 166058K (34%)
----------------- Invoking toplevel() on ptolemy.moml.MoMLSimpleApplication@5749550b
----------------- Done invoking toplevel() on ptolemy.moml.MoMLSimpleApplication@5749550b
reloadAllAccessors: .expressionCastInference

===========================================================================================
----------------- testing Mon May 18 14:26:28 UTC 2020 /home/travis/build/icyphy/ptII/ptolemy/actor/lib/test/auto/expressionCastInference2.xml
----------------- Instantiating /home/travis/build/icyphy/ptII/ptolemy/actor/lib/test/auto/expressionCastInference2.xml
1 ms. Memory: 493568K Free: 161448K (33%)
----------------- Invoking toplevel() on ptolemy.moml.MoMLSimpleApplication@28bccee4
----------------- Done invoking toplevel() on ptolemy.moml.MoMLSimpleApplication@28bccee4
reloadAllAccessors: .expressionCastInference2

===========================================================================================
----------------- testing Mon May 18 14:26:28 UTC 2020 /home/travis/build/icyphy/ptII/ptolemy/actor/lib/test/auto/expressionInference.xml
----------------- Instantiating /home/travis/build/icyphy/ptII/ptolemy/actor/lib/test/auto/expressionInference.xml
1 ms. Memory: 493568K Free: 157352K (32%)
----------------- Invoking toplevel() on ptolemy.moml.MoMLSimpleApplication@6f50ffbe
----------------- Done invoking toplevel() on ptolemy.moml.MoMLSimpleApplication@6f50ffbe
reloadAllAccessors: .expressionInference

===========================================================================================
----------------- testing Mon May 18 14:26:28 UTC 2020 /home/travis/build/icyphy/ptII/ptolemy/actor/lib/test/auto/expression_bug.xml
----------------- Instantiating /home/travis/build/icyphy/ptII/ptolemy/actor/lib/test/auto/expression_bug.xml
1 ms. Memory: 493568K Free: 153256K (31%)
----------------- Invoking toplevel() on ptolemy.moml.MoMLSimpleApplication@475bcb66
----------------- Done invoking toplevel() on ptolemy.moml.MoMLSimpleApplication@475bcb66
reloadAllAccessors: .expression_bug

===========================================================================================
----------------- testing Mon May 18 14:26:28 UTC 2020 /home/travis/build/icyphy/ptII/ptolemy/actor/lib/test/auto/factorial.xml
----------------- Instantiating /home/travis/build/icyphy/ptII/ptolemy/actor/lib/test/auto/factorial.xml
38 ms. Memory: 493568K Free: 433951K (88%)
----------------- Invoking toplevel() on ptolemy.moml.MoMLSimpleApplication@3b7c7ea8
----------------- Done invoking toplevel() on ptolemy.moml.MoMLSimpleApplication@3b7c7ea8
reloadAllAccessors: .factorial

===========================================================================================
----------------- testing Mon May 18 14:26:28 UTC 2020 /home/travis/build/icyphy/ptII/ptolemy/actor/lib/test/auto/filterTest1.xml
----------------- Instantiating /home/travis/build/icyphy/ptII/ptolemy/actor/lib/test/auto/filterTest1.xml
2 ms. Memory: 493568K Free: 427807K (87%)
----------------- Invoking toplevel() on ptolemy.moml.MoMLSimpleApplication@5ea1f70b
----------------- Done invoking toplevel() on ptolemy.moml.MoMLSimpleApplication@5ea1f70b
reloadAllAccessors: .filterTest1

===========================================================================================
----------------- testing Mon May 18 14:26:28 UTC 2020 /home/travis/build/icyphy/ptII/ptolemy/actor/lib/test/auto/funcApplyInConst.xml
----------------- Instantiating /home/travis/build/icyphy/ptII/ptolemy/actor/lib/test/auto/funcApplyInConst.xml
1 ms. Memory: 493568K Free: 424225K (86%)
----------------- Invoking toplevel() on ptolemy.moml.MoMLSimpleApplication@5648c6ad
----------------- Done invoking toplevel() on ptolemy.moml.MoMLSimpleApplication@5648c6ad
reloadAllAccessors: .funcApplyInConst

===========================================================================================
----------------- testing Mon May 18 14:26:28 UTC 2020 /home/travis/build/icyphy/ptII/ptolemy/actor/lib/test/auto/funcApplyInExpr.xml
----------------- Instantiating /home/travis/build/icyphy/ptII/ptolemy/actor/lib/test/auto/funcApplyInExpr.xml
1 ms. Memory: 493568K Free: 420639K (85%)
----------------- Invoking toplevel() on ptolemy.moml.MoMLSimpleApplication@4ed8819b
----------------- Done invoking toplevel() on ptolemy.moml.MoMLSimpleApplication@4ed8819b
reloadAllAccessors: .funcApplyInExpr

===========================================================================================
----------------- testing Mon May 18 14:26:28 UTC 2020 /home/travis/build/icyphy/ptII/ptolemy/actor/lib/test/auto/function.xml
----------------- Instantiating /home/travis/build/icyphy/ptII/ptolemy/actor/lib/test/auto/function.xml
1 ms. Memory: 493568K Free: 415519K (84%)
----------------- Invoking toplevel() on ptolemy.moml.MoMLSimpleApplication@3b62bace
----------------- Done invoking toplevel() on ptolemy.moml.MoMLSimpleApplication@3b62bace
reloadAllAccessors: .function

===========================================================================================
----------------- testing Mon May 18 14:26:29 UTC 2020 /home/travis/build/icyphy/ptII/ptolemy/actor/lib/test/auto/function2.xml
----------------- Instantiating /home/travis/build/icyphy/ptII/ptolemy/actor/lib/test/auto/function2.xml
1 ms. Memory: 493568K Free: 410913K (83%)
----------------- Invoking toplevel() on ptolemy.moml.MoMLSimpleApplication@2eaa957c
----------------- Done invoking toplevel() on ptolemy.moml.MoMLSimpleApplication@2eaa957c
reloadAllAccessors: .function2

===========================================================================================
----------------- testing Mon May 18 14:26:29 UTC 2020 /home/travis/build/icyphy/ptII/ptolemy/actor/lib/test/auto/function3.xml
----------------- Instantiating /home/travis/build/icyphy/ptII/ptolemy/actor/lib/test/auto/function3.xml
1 ms. Memory: 493568K Free: 407327K (83%)
----------------- Invoking toplevel() on ptolemy.moml.MoMLSimpleApplication@67da68f4
----------------- Done invoking toplevel() on ptolemy.moml.MoMLSimpleApplication@67da68f4
reloadAllAccessors: .function3

===========================================================================================
----------------- testing Mon May 18 14:26:29 UTC 2020 /home/travis/build/icyphy/ptII/ptolemy/actor/lib/test/auto/functionClosureTest1.xml
----------------- Instantiating /home/travis/build/icyphy/ptII/ptolemy/actor/lib/test/auto/functionClosureTest1.xml
1 ms. Memory: 493568K Free: 401177K (81%)
----------------- Invoking toplevel() on ptolemy.moml.MoMLSimpleApplication@2cbf220
----------------- Done invoking toplevel() on ptolemy.moml.MoMLSimpleApplication@2cbf220
reloadAllAccessors: .functionClosureTest1

===========================================================================================
----------------- testing Mon May 18 14:26:29 UTC 2020 /home/travis/build/icyphy/ptII/ptolemy/actor/lib/test/auto/functionClosureTest2.xml
----------------- Instantiating /home/travis/build/icyphy/ptII/ptolemy/actor/lib/test/auto/functionClosureTest2.xml
1 ms. Memory: 493568K Free: 397601K (81%)
----------------- Invoking toplevel() on ptolemy.moml.MoMLSimpleApplication@4f5c647d
----------------- Done invoking toplevel() on ptolemy.moml.MoMLSimpleApplication@4f5c647d
reloadAllAccessors: .functionClosureTest2

===========================================================================================
----------------- testing Mon May 18 14:26:29 UTC 2020 /home/travis/build/icyphy/ptII/ptolemy/actor/lib/test/auto/functionClosureTest3.xml
----------------- Instantiating /home/travis/build/icyphy/ptII/ptolemy/actor/lib/test/auto/functionClosureTest3.xml
2 ms. Memory: 493568K Free: 392481K (80%)
----------------- Invoking toplevel() on ptolemy.moml.MoMLSimpleApplication@2593f2f
----------------- Done invoking toplevel() on ptolemy.moml.MoMLSimpleApplication@2593f2f
reloadAllAccessors: .functionClosureTest3

===========================================================================================
----------------- testing Mon May 18 14:26:29 UTC 2020 /home/travis/build/icyphy/ptII/ptolemy/actor/lib/test/auto/functionClosureTest4.xml
----------------- Instantiating /home/travis/build/icyphy/ptII/ptolemy/actor/lib/test/auto/functionClosureTest4.xml
4 ms. Memory: 493568K Free: 385823K (78%)
----------------- Invoking toplevel() on ptolemy.moml.MoMLSimpleApplication@2db64457
----------------- Done invoking toplevel() on ptolemy.moml.MoMLSimpleApplication@2db64457
reloadAllAccessors: .functionClosureTest4

===========================================================================================
----------------- testing Mon May 18 14:26:29 UTC 2020 /home/travis/build/icyphy/ptII/ptolemy/actor/lib/test/auto/functionClosureTest5.xml
----------------- Instantiating /home/travis/build/icyphy/ptII/ptolemy/actor/lib/test/auto/functionClosureTest5.xml
3 ms. Memory: 493568K Free: 380689K (77%)
----------------- Invoking toplevel() on ptolemy.moml.MoMLSimpleApplication@7f10e972
----------------- Done invoking toplevel() on ptolemy.moml.MoMLSimpleApplication@7f10e972
reloadAllAccessors: .functionClosureTest5

===========================================================================================
----------------- testing Mon May 18 14:26:29 UTC 2020 /home/travis/build/icyphy/ptII/ptolemy/actor/lib/test/auto/functionClosureTest6.xml
----------------- Instantiating /home/travis/build/icyphy/ptII/ptolemy/actor/lib/test/auto/functionClosureTest6.xml
1 ms. Memory: 493568K Free: 376097K (76%)
----------------- Invoking toplevel() on ptolemy.moml.MoMLSimpleApplication@586fd8e
----------------- Done invoking toplevel() on ptolemy.moml.MoMLSimpleApplication@586fd8e
reloadAllAccessors: .functionClosureTest6

===========================================================================================
----------------- testing Mon May 18 14:26:29 UTC 2020 /home/travis/build/icyphy/ptII/ptolemy/actor/lib/test/auto/functionsOnArcs.xml
----------------- Instantiating /home/travis/build/icyphy/ptII/ptolemy/actor/lib/test/auto/functionsOnArcs.xml
2 ms. Memory: 493568K Free: 370463K (75%)
----------------- Invoking toplevel() on ptolemy.moml.MoMLSimpleApplication@4ecf9862
----------------- Done invoking toplevel() on ptolemy.moml.MoMLSimpleApplication@4ecf9862
reloadAllAccessors: .functionsOnArcs

===========================================================================================
----------------- testing Mon May 18 14:26:29 UTC 2020 /home/travis/build/icyphy/ptII/ptolemy/actor/lib/test/auto/functionsOnArcsHOF.xml
----------------- Instantiating /home/travis/build/icyphy/ptII/ptolemy/actor/lib/test/auto/functionsOnArcsHOF.xml
6 ms. Memory: 493568K Free: 364833K (74%)
----------------- Invoking toplevel() on ptolemy.moml.MoMLSimpleApplication@2c57d399
----------------- Done invoking toplevel() on ptolemy.moml.MoMLSimpleApplication@2c57d399
reloadAllAccessors: .functionsOnArcsHOF

===========================================================================================
----------------- testing Mon May 18 14:26:29 UTC 2020 /home/travis/build/icyphy/ptII/ptolemy/actor/lib/test/auto/logic.xml
----------------- Instantiating /home/travis/build/icyphy/ptII/ptolemy/actor/lib/test/auto/logic.xml
2 ms. Memory: 493568K Free: 357665K (72%)
----------------- Invoking toplevel() on ptolemy.moml.MoMLSimpleApplication@7394184a
----------------- Done invoking toplevel() on ptolemy.moml.MoMLSimpleApplication@7394184a
reloadAllAccessors: .logic

===========================================================================================
----------------- testing Mon May 18 14:26:29 UTC 2020 /home/travis/build/icyphy/ptII/ptolemy/actor/lib/test/auto/matrixType.xml
----------------- Instantiating /home/travis/build/icyphy/ptII/ptolemy/actor/lib/test/auto/matrixType.xml
1 ms. Memory: 493568K Free: 352031K (71%)
----------------- Invoking toplevel() on ptolemy.moml.MoMLSimpleApplication@6419fdd7
----------------- Done invoking toplevel() on ptolemy.moml.MoMLSimpleApplication@6419fdd7
reloadAllAccessors: .matrixType

===========================================================================================
----------------- testing Mon May 18 14:26:29 UTC 2020 /home/travis/build/icyphy/ptII/ptolemy/actor/lib/test/auto/matrixType10.xml
----------------- Instantiating /home/travis/build/icyphy/ptII/ptolemy/actor/lib/test/auto/matrixType10.xml
1 ms. Memory: 493568K Free: 347425K (70%)
----------------- Invoking toplevel() on ptolemy.moml.MoMLSimpleApplication@234f674e
----------------- Done invoking toplevel() on ptolemy.moml.MoMLSimpleApplication@234f674e
reloadAllAccessors: .matrixType10

===========================================================================================
----------------- testing Mon May 18 14:26:29 UTC 2020 /home/travis/build/icyphy/ptII/ptolemy/actor/lib/test/auto/matrixType11.xml
----------------- Instantiating /home/travis/build/icyphy/ptII/ptolemy/actor/lib/test/auto/matrixType11.xml
1 ms. Memory: 493568K Free: 342815K (69%)
----------------- Invoking toplevel() on ptolemy.moml.MoMLSimpleApplication@5067f496
----------------- Done invoking toplevel() on ptolemy.moml.MoMLSimpleApplication@5067f496
reloadAllAccessors: .matrixType11

===========================================================================================
----------------- testing Mon May 18 14:26:29 UTC 2020 /home/travis/build/icyphy/ptII/ptolemy/actor/lib/test/auto/matrixType12.xml
----------------- Instantiating /home/travis/build/icyphy/ptII/ptolemy/actor/lib/test/auto/matrixType12.xml
1 ms. Memory: 493568K Free: 337695K (68%)
----------------- Invoking toplevel() on ptolemy.moml.MoMLSimpleApplication@4e78ac62
----------------- Done invoking toplevel() on ptolemy.moml.MoMLSimpleApplication@4e78ac62
reloadAllAccessors: .matrixType12

===========================================================================================
----------------- testing Mon May 18 14:26:29 UTC 2020 /home/travis/build/icyphy/ptII/ptolemy/actor/lib/test/auto/matrixType13.xml
----------------- Instantiating /home/travis/build/icyphy/ptII/ptolemy/actor/lib/test/auto/matrixType13.xml
1 ms. Memory: 493568K Free: 333089K (67%)
----------------- Invoking toplevel() on ptolemy.moml.MoMLSimpleApplication@2f18d379
----------------- Done invoking toplevel() on ptolemy.moml.MoMLSimpleApplication@2f18d379
reloadAllAccessors: .matrixType13

===========================================================================================
----------------- testing Mon May 18 14:26:29 UTC 2020 /home/travis/build/icyphy/ptII/ptolemy/actor/lib/test/auto/matrixType14.xml
----------------- Instantiating /home/travis/build/icyphy/ptII/ptolemy/actor/lib/test/auto/matrixType14.xml
2 ms. Memory: 493568K Free: 327455K (66%)
----------------- Invoking toplevel() on ptolemy.moml.MoMLSimpleApplication@2f2073a9
----------------- Done invoking toplevel() on ptolemy.moml.MoMLSimpleApplication@2f2073a9
reloadAllAccessors: .matrixType14

===========================================================================================
----------------- testing Mon May 18 14:26:29 UTC 2020 /home/travis/build/icyphy/ptII/ptolemy/actor/lib/test/auto/matrixType2.xml
----------------- Instantiating /home/travis/build/icyphy/ptII/ptolemy/actor/lib/test/auto/matrixType2.xml
1 ms. Memory: 493568K Free: 322335K (65%)
----------------- Invoking toplevel() on ptolemy.moml.MoMLSimpleApplication@3e81d900
----------------- Done invoking toplevel() on ptolemy.moml.MoMLSimpleApplication@3e81d900
reloadAllAccessors: .matrixType2

===========================================================================================
----------------- testing Mon May 18 14:26:29 UTC 2020 /home/travis/build/icyphy/ptII/ptolemy/actor/lib/test/auto/matrixType3.xml
----------------- Instantiating /home/travis/build/icyphy/ptII/ptolemy/actor/lib/test/auto/matrixType3.xml
3 ms. Memory: 493568K Free: 317729K (64%)
----------------- Invoking toplevel() on ptolemy.moml.MoMLSimpleApplication@4f22d59a
----------------- Done invoking toplevel() on ptolemy.moml.MoMLSimpleApplication@4f22d59a
reloadAllAccessors: .matrixType3

===========================================================================================
----------------- testing Mon May 18 14:26:29 UTC 2020 /home/travis/build/icyphy/ptII/ptolemy/actor/lib/test/auto/matrixType4.xml
----------------- Instantiating /home/travis/build/icyphy/ptII/ptolemy/actor/lib/test/auto/matrixType4.xml
1 ms. Memory: 493568K Free: 312609K (63%)
----------------- Invoking toplevel() on ptolemy.moml.MoMLSimpleApplication@6be0b026
----------------- Done invoking toplevel() on ptolemy.moml.MoMLSimpleApplication@6be0b026
reloadAllAccessors: .matrixType4

===========================================================================================
----------------- testing Mon May 18 14:26:29 UTC 2020 /home/travis/build/icyphy/ptII/ptolemy/actor/lib/test/auto/matrixType5.xml
----------------- Instantiating /home/travis/build/icyphy/ptII/ptolemy/actor/lib/test/auto/matrixType5.xml
1 ms. Memory: 493568K Free: 307999K (62%)
----------------- Invoking toplevel() on ptolemy.moml.MoMLSimpleApplication@1588c7a5
----------------- Done invoking toplevel() on ptolemy.moml.MoMLSimpleApplication@1588c7a5
reloadAllAccessors: .matrixType5

===========================================================================================
----------------- testing Mon May 18 14:26:29 UTC 2020 /home/travis/build/icyphy/ptII/ptolemy/actor/lib/test/auto/matrixType6.xml
----------------- Instantiating /home/travis/build/icyphy/ptII/ptolemy/actor/lib/test/auto/matrixType6.xml
1 ms. Memory: 493568K Free: 303393K (61%)
----------------- Invoking toplevel() on ptolemy.moml.MoMLSimpleApplication@2045a81
----------------- Done invoking toplevel() on ptolemy.moml.MoMLSimpleApplication@2045a81
reloadAllAccessors: .matrixType6

===========================================================================================
----------------- testing Mon May 18 14:26:29 UTC 2020 /home/travis/build/icyphy/ptII/ptolemy/actor/lib/test/auto/matrixType7.xml
----------------- Instantiating /home/travis/build/icyphy/ptII/ptolemy/actor/lib/test/auto/matrixType7.xml
1 ms. Memory: 493568K Free: 298273K (60%)
----------------- Invoking toplevel() on ptolemy.moml.MoMLSimpleApplication@3449d81a
----------------- Done invoking toplevel() on ptolemy.moml.MoMLSimpleApplication@3449d81a
reloadAllAccessors: .matrixType7

===========================================================================================
----------------- testing Mon May 18 14:26:29 UTC 2020 /home/travis/build/icyphy/ptII/ptolemy/actor/lib/test/auto/matrixType8.xml
----------------- Instantiating /home/travis/build/icyphy/ptII/ptolemy/actor/lib/test/auto/matrixType8.xml
0 ms. Memory: 493568K Free: 293663K (59%)
----------------- Invoking toplevel() on ptolemy.moml.MoMLSimpleApplication@457a6475
----------------- Done invoking toplevel() on ptolemy.moml.MoMLSimpleApplication@457a6475
reloadAllAccessors: .matrixType8

===========================================================================================
----------------- testing Mon May 18 14:26:29 UTC 2020 /home/travis/build/icyphy/ptII/ptolemy/actor/lib/test/auto/matrixType9.xml
----------------- Instantiating /home/travis/build/icyphy/ptII/ptolemy/actor/lib/test/auto/matrixType9.xml
1 ms. Memory: 493568K Free: 288543K (58%)
----------------- Invoking toplevel() on ptolemy.moml.MoMLSimpleApplication@741a51b0
----------------- Done invoking toplevel() on ptolemy.moml.MoMLSimpleApplication@741a51b0
reloadAllAccessors: .matrixType9

===========================================================================================
----------------- testing Mon May 18 14:26:29 UTC 2020 /home/travis/build/icyphy/ptII/ptolemy/actor/lib/test/auto/paraFunctest.xml
----------------- Instantiating /home/travis/build/icyphy/ptII/ptolemy/actor/lib/test/auto/paraFunctest.xml
1 ms. Memory: 493568K Free: 284447K (58%)
----------------- Invoking toplevel() on ptolemy.moml.MoMLSimpleApplication@24c88b92
----------------- Done invoking toplevel() on ptolemy.moml.MoMLSimpleApplication@24c88b92
reloadAllAccessors: .paraFunctest

===========================================================================================
----------------- testing Mon May 18 14:26:29 UTC 2020 /home/travis/build/icyphy/ptII/ptolemy/actor/lib/test/auto/paraFunctest2.xml
----------------- Instantiating /home/travis/build/icyphy/ptII/ptolemy/actor/lib/test/auto/paraFunctest2.xml
1 ms. Memory: 493568K Free: 280865K (57%)
----------------- Invoking toplevel() on ptolemy.moml.MoMLSimpleApplication@4a8a21da
----------------- Done invoking toplevel() on ptolemy.moml.MoMLSimpleApplication@4a8a21da
reloadAllAccessors: .paraFunctest2

===========================================================================================
----------------- testing Mon May 18 14:26:29 UTC 2020 /home/travis/build/icyphy/ptII/ptolemy/actor/lib/test/auto/parameterPassing.xml
----------------- Instantiating /home/travis/build/icyphy/ptII/ptolemy/actor/lib/test/auto/parameterPassing.xml
1 ms. Memory: 493568K Free: 276255K (56%)
----------------- Invoking toplevel() on ptolemy.moml.MoMLSimpleApplication@51298e86
----------------- Done invoking toplevel() on ptolemy.moml.MoMLSimpleApplication@51298e86
reloadAllAccessors: .parameterPassing

===========================================================================================
----------------- testing Mon May 18 14:26:29 UTC 2020 /home/travis/build/icyphy/ptII/ptolemy/actor/lib/test/auto/record.xml
----------------- Instantiating /home/travis/build/icyphy/ptII/ptolemy/actor/lib/test/auto/record.xml
1 ms. Memory: 493568K Free: 271649K (55%)
----------------- Invoking toplevel() on ptolemy.moml.MoMLSimpleApplication@7f9149d1
----------------- Done invoking toplevel() on ptolemy.moml.MoMLSimpleApplication@7f9149d1
reloadAllAccessors: .record

===========================================================================================
----------------- testing Mon May 18 14:26:29 UTC 2020 /home/travis/build/icyphy/ptII/ptolemy/actor/lib/test/auto/sizedarray1.xml
----------------- Instantiating /home/travis/build/icyphy/ptII/ptolemy/actor/lib/test/auto/sizedarray1.xml
2 ms. Memory: 493568K Free: 266015K (54%)
----------------- Invoking toplevel() on ptolemy.moml.MoMLSimpleApplication@7ee72273
----------------- Done invoking toplevel() on ptolemy.moml.MoMLSimpleApplication@7ee72273
reloadAllAccessors: .sizedarray1

===========================================================================================
----------------- testing Mon May 18 14:26:29 UTC 2020 /home/travis/build/icyphy/ptII/ptolemy/actor/lib/test/auto/sizedarray2.xml
----------------- Instantiating /home/travis/build/icyphy/ptII/ptolemy/actor/lib/test/auto/sizedarray2.xml
2 ms. Memory: 493568K Free: 260385K (53%)
----------------- Invoking toplevel() on ptolemy.moml.MoMLSimpleApplication@117387f3
----------------- Done invoking toplevel() on ptolemy.moml.MoMLSimpleApplication@117387f3
reloadAllAccessors: .sizedarray2

===========================================================================================
----------------- testing Mon May 18 14:26:29 UTC 2020 /home/travis/build/icyphy/ptII/ptolemy/actor/lib/test/auto/twoPublishers.xml
----------------- Instantiating /home/travis/build/icyphy/ptII/ptolemy/actor/lib/test/auto/twoPublishers.xml
5 ms. Memory: 493568K Free: 250145K (51%)
----------------- Invoking toplevel() on ptolemy.moml.MoMLSimpleApplication@6759fb0f
----------------- Done invoking toplevel() on ptolemy.moml.MoMLSimpleApplication@6759fb0f
reloadAllAccessors: .twoPublishers
AutoTests.java: About to close Vertx.
AutoTests.java: Vertx closed.
]]></system-out>
  <system-err><![CDATA[java.lang.RuntimeException: Execution failed
	at ptolemy.moml.MoMLSimpleApplication$UnloadThread.run(MoMLSimpleApplication.java:402)
Caused by: java.lang.RuntimeException: StringUtilities.exit() was called. Normally, we would exit here because Manager.exitAfterWrapup() was called.  However, because the ptolemy.ptII.exitAfterWrapup property is set, we throw this exception instead.
	at ptolemy.util.StringUtilities.exit(StringUtilities.java:365)
	at ptolemy.actor.Manager.wrapup(Manager.java:1549)
	at ptolemy.actor.Manager.execute(Manager.java:407)
	at ptolemy.actor.Manager.run(Manager.java:1263)
	at ptolemy.actor.Manager$PtolemyRunThread.run(Manager.java:1933)
Warning: '.top.test' is in training mode, set the trainingMode parameter to false before checking in
Warning: '.top.test' is in training mode, set the trainingMode parameter to false before checking in
Warning: '.top.test' is in training mode, set the trainingMode parameter to false before checking in
Warning: '.BooleanSwitch_RegressionTest_WrongTrainingValues.Test' is in training mode, set the trainingMode parameter to false before checking in
Warning: '.BooleanSwitch_RegressionTest_WrongTrainingValues.Test2' is in training mode, set the trainingMode parameter to false before checking in
Warning: '.BooleanSwitch_RegressionTest_WrongTrainingValues.Test2' The test produced 0 tokens.
Warning: '.top.testExceptionHandler' is in training mode, set the trainingMode parameter to false before checking in
java.lang.RuntimeException: Execution failed
	at ptolemy.moml.MoMLSimpleApplication$UnloadThread.run(MoMLSimpleApplication.java:402)
Caused by: ptolemy.kernel.util.IllegalActionException: PublisherPorts cannot be used at the top level, use a Publisher actor instead.
  in .PublisherPortToplevelSubscriber.PublisherPort
	at ptolemy.actor.PublisherPort.preinitialize(PublisherPort.java:403)
	at ptolemy.actor.CompositeActor.preinitialize(CompositeActor.java:1769)
	at ptolemy.actor.Manager.preinitializeAndResolveTypes(Manager.java:1040)
	at ptolemy.actor.Manager.initialize(Manager.java:710)
	at ptolemy.actor.Manager.execute(Manager.java:356)
	at ptolemy.actor.Manager.run(Manager.java:1263)
	at ptolemy.actor.Manager$PtolemyRunThread.run(Manager.java:1933)
java.lang.reflect.InvocationTargetException
	at java.base/jdk.internal.reflect.NativeConstructorAccessorImpl.newInstance0(Native Method)
	at java.base/jdk.internal.reflect.NativeConstructorAccessorImpl.newInstance(NativeConstructorAccessorImpl.java:62)
	at java.base/jdk.internal.reflect.DelegatingConstructorAccessorImpl.newInstance(DelegatingConstructorAccessorImpl.java:45)
	at java.base/java.lang.reflect.Constructor.newInstance(Constructor.java:490)
	at ptolemy.util.test.junit.AutoKnownFailedTests.RunModel(AutoKnownFailedTests.java:105)
	at java.base/jdk.internal.reflect.NativeMethodAccessorImpl.invoke0(Native Method)
	at java.base/jdk.internal.reflect.NativeMethodAccessorImpl.invoke(NativeMethodAccessorImpl.java:62)
	at java.base/jdk.internal.reflect.DelegatingMethodAccessorImpl.invoke(DelegatingMethodAccessorImpl.java:43)
	at java.base/java.lang.reflect.Method.invoke(Method.java:566)
	at org.junit.runners.model.FrameworkMethod$1.runReflectiveCall(FrameworkMethod.java:44)
	at org.junit.internal.runners.model.ReflectiveCallable.run(ReflectiveCallable.java:15)
	at org.junit.runners.model.FrameworkMethod.invokeExplosively(FrameworkMethod.java:41)
	at junitparams.internal.InvokeParameterisedMethod.evaluate(InvokeParameterisedMethod.java:102)
	at org.junit.internal.runners.statements.FailOnTimeout$1.run(FailOnTimeout.java:28)
Caused by: ptolemy.kernel.util.IllegalActionException: PublisherPorts cannot be used at the top level, use a Publisher actor instead.
  in .PublisherPortToplevelSubscriber.PublisherPort
	at ptolemy.actor.PublisherPort.preinitialize(PublisherPort.java:403)
	at ptolemy.actor.CompositeActor.preinitialize(CompositeActor.java:1769)
	at ptolemy.actor.Manager.preinitializeAndResolveTypes(Manager.java:1040)
	at ptolemy.actor.Manager.initialize(Manager.java:710)
	at ptolemy.actor.Manager.execute(Manager.java:356)
	at ptolemy.actor.Manager.run(Manager.java:1263)
	at ptolemy.actor.Manager$PtolemyRunThread.run(Manager.java:1933)
java.lang.RuntimeException: Execution failed
	at ptolemy.moml.MoMLSimpleApplication$UnloadThread.run(MoMLSimpleApplication.java:402)
Caused by: ptolemy.kernel.util.IllegalActionException: SubscriberPorts cannot be used at the top level, use a Subscriber actor instead.
  in .PublisherSubscriberPortToplevel.SubscriberPort
	at ptolemy.actor.SubscriberPort.preinitialize(SubscriberPort.java:328)
	at ptolemy.actor.CompositeActor.preinitialize(CompositeActor.java:1769)
	at ptolemy.actor.Manager.preinitializeAndResolveTypes(Manager.java:1040)
	at ptolemy.actor.Manager.initialize(Manager.java:710)
	at ptolemy.actor.Manager.execute(Manager.java:356)
	at ptolemy.actor.Manager.run(Manager.java:1263)
	at ptolemy.actor.Manager$PtolemyRunThread.run(Manager.java:1933)
java.lang.reflect.InvocationTargetException
	at java.base/jdk.internal.reflect.NativeConstructorAccessorImpl.newInstance0(Native Method)
	at java.base/jdk.internal.reflect.NativeConstructorAccessorImpl.newInstance(NativeConstructorAccessorImpl.java:62)
	at java.base/jdk.internal.reflect.DelegatingConstructorAccessorImpl.newInstance(DelegatingConstructorAccessorImpl.java:45)
	at java.base/java.lang.reflect.Constructor.newInstance(Constructor.java:490)
	at ptolemy.util.test.junit.AutoKnownFailedTests.RunModel(AutoKnownFailedTests.java:105)
	at java.base/jdk.internal.reflect.NativeMethodAccessorImpl.invoke0(Native Method)
	at java.base/jdk.internal.reflect.NativeMethodAccessorImpl.invoke(NativeMethodAccessorImpl.java:62)
	at java.base/jdk.internal.reflect.DelegatingMethodAccessorImpl.invoke(DelegatingMethodAccessorImpl.java:43)
	at java.base/java.lang.reflect.Method.invoke(Method.java:566)
	at org.junit.runners.model.FrameworkMethod$1.runReflectiveCall(FrameworkMethod.java:44)
	at org.junit.internal.runners.model.ReflectiveCallable.run(ReflectiveCallable.java:15)
	at org.junit.runners.model.FrameworkMethod.invokeExplosively(FrameworkMethod.java:41)
	at junitparams.internal.InvokeParameterisedMethod.evaluate(InvokeParameterisedMethod.java:102)
	at org.junit.internal.runners.statements.FailOnTimeout$1.run(FailOnTimeout.java:28)
Caused by: ptolemy.kernel.util.IllegalActionException: SubscriberPorts cannot be used at the top level, use a Subscriber actor instead.
  in .PublisherSubscriberPortToplevel.SubscriberPort
	at ptolemy.actor.SubscriberPort.preinitialize(SubscriberPort.java:328)
	at ptolemy.actor.CompositeActor.preinitialize(CompositeActor.java:1769)
	at ptolemy.actor.Manager.preinitializeAndResolveTypes(Manager.java:1040)
	at ptolemy.actor.Manager.initialize(Manager.java:710)
	at ptolemy.actor.Manager.execute(Manager.java:356)
	at ptolemy.actor.Manager.run(Manager.java:1263)
	at ptolemy.actor.Manager$PtolemyRunThread.run(Manager.java:1933)
java.lang.RuntimeException: Execution failed
	at ptolemy.moml.MoMLSimpleApplication$UnloadThread.run(MoMLSimpleApplication.java:402)
Caused by: ptolemy.kernel.util.IllegalActionException: SubscriptionAggregatorPorts cannot be used at the top level, use a SubscriptionAggregator actor instead.
  in .PublisherSubscriptionAggregatorPort.SubscriptionAggregatorPort
	at ptolemy.actor.SubscriptionAggregatorPort.preinitialize(SubscriptionAggregatorPort.java:353)
	at ptolemy.actor.CompositeActor.preinitialize(CompositeActor.java:1769)
	at ptolemy.actor.Manager.preinitializeAndResolveTypes(Manager.java:1040)
	at ptolemy.actor.Manager.initialize(Manager.java:710)
	at ptolemy.actor.Manager.execute(Manager.java:356)
	at ptolemy.actor.Manager.run(Manager.java:1263)
	at ptolemy.actor.Manager$PtolemyRunThread.run(Manager.java:1933)
java.lang.reflect.InvocationTargetException
	at java.base/jdk.internal.reflect.NativeConstructorAccessorImpl.newInstance0(Native Method)
	at java.base/jdk.internal.reflect.NativeConstructorAccessorImpl.newInstance(NativeConstructorAccessorImpl.java:62)
	at java.base/jdk.internal.reflect.DelegatingConstructorAccessorImpl.newInstance(DelegatingConstructorAccessorImpl.java:45)
	at java.base/java.lang.reflect.Constructor.newInstance(Constructor.java:490)
	at ptolemy.util.test.junit.AutoKnownFailedTests.RunModel(AutoKnownFailedTests.java:105)
	at java.base/jdk.internal.reflect.NativeMethodAccessorImpl.invoke0(Native Method)
	at java.base/jdk.internal.reflect.NativeMethodAccessorImpl.invoke(NativeMethodAccessorImpl.java:62)
	at java.base/jdk.internal.reflect.DelegatingMethodAccessorImpl.invoke(DelegatingMethodAccessorImpl.java:43)
	at java.base/java.lang.reflect.Method.invoke(Method.java:566)
	at org.junit.runners.model.FrameworkMethod$1.runReflectiveCall(FrameworkMethod.java:44)
	at org.junit.internal.runners.model.ReflectiveCallable.run(ReflectiveCallable.java:15)
	at org.junit.runners.model.FrameworkMethod.invokeExplosively(FrameworkMethod.java:41)
	at junitparams.internal.InvokeParameterisedMethod.evaluate(InvokeParameterisedMethod.java:102)
	at org.junit.internal.runners.statements.FailOnTimeout$1.run(FailOnTimeout.java:28)
Caused by: ptolemy.kernel.util.IllegalActionException: SubscriptionAggregatorPorts cannot be used at the top level, use a SubscriptionAggregator actor instead.
  in .PublisherSubscriptionAggregatorPort.SubscriptionAggregatorPort
	at ptolemy.actor.SubscriptionAggregatorPort.preinitialize(SubscriptionAggregatorPort.java:353)
	at ptolemy.actor.CompositeActor.preinitialize(CompositeActor.java:1769)
	at ptolemy.actor.Manager.preinitializeAndResolveTypes(Manager.java:1040)
	at ptolemy.actor.Manager.initialize(Manager.java:710)
	at ptolemy.actor.Manager.execute(Manager.java:356)
	at ptolemy.actor.Manager.run(Manager.java:1263)
	at ptolemy.actor.Manager$PtolemyRunThread.run(Manager.java:1933)
java.lang.RuntimeException: Execution failed
	at ptolemy.moml.MoMLSimpleApplication$UnloadThread.run(MoMLSimpleApplication.java:402)
Caused by: ptolemy.kernel.util.IllegalActionException: TypeTest actor has no training data.
  in .sizedarray3.TypeTest
	at ptolemy.actor.lib.TypeTest.initialize(TypeTest.java:250)
	at ptolemy.actor.Director.initialize(Director.java:938)
	at ptolemy.actor.Director.initialize(Director.java:907)
	at ptolemy.actor.sched.StaticSchedulingDirector.initialize(StaticSchedulingDirector.java:159)
	at ptolemy.domains.sdf.kernel.SDFDirector.initialize(SDFDirector.java:544)
	at ptolemy.actor.CompositeActor.initialize(CompositeActor.java:935)
	at ptolemy.actor.Manager.initialize(Manager.java:724)
	at ptolemy.actor.Manager.execute(Manager.java:356)
	at ptolemy.actor.Manager.run(Manager.java:1263)
	at ptolemy.actor.Manager$PtolemyRunThread.run(Manager.java:1933)
java.lang.reflect.InvocationTargetException
	at java.base/jdk.internal.reflect.NativeConstructorAccessorImpl.newInstance0(Native Method)
	at java.base/jdk.internal.reflect.NativeConstructorAccessorImpl.newInstance(NativeConstructorAccessorImpl.java:62)
	at java.base/jdk.internal.reflect.DelegatingConstructorAccessorImpl.newInstance(DelegatingConstructorAccessorImpl.java:45)
	at java.base/java.lang.reflect.Constructor.newInstance(Constructor.java:490)
	at ptolemy.util.test.junit.AutoKnownFailedTests.RunModel(AutoKnownFailedTests.java:105)
	at java.base/jdk.internal.reflect.NativeMethodAccessorImpl.invoke0(Native Method)
	at java.base/jdk.internal.reflect.NativeMethodAccessorImpl.invoke(NativeMethodAccessorImpl.java:62)
	at java.base/jdk.internal.reflect.DelegatingMethodAccessorImpl.invoke(DelegatingMethodAccessorImpl.java:43)
	at java.base/java.lang.reflect.Method.invoke(Method.java:566)
	at org.junit.runners.model.FrameworkMethod$1.runReflectiveCall(FrameworkMethod.java:44)
	at org.junit.internal.runners.model.ReflectiveCallable.run(ReflectiveCallable.java:15)
	at org.junit.runners.model.FrameworkMethod.invokeExplosively(FrameworkMethod.java:41)
	at junitparams.internal.InvokeParameterisedMethod.evaluate(InvokeParameterisedMethod.java:102)
	at org.junit.internal.runners.statements.FailOnTimeout$1.run(FailOnTimeout.java:28)
Caused by: ptolemy.kernel.util.IllegalActionException: TypeTest actor has no training data.
  in .sizedarray3.TypeTest
	at ptolemy.actor.lib.TypeTest.initialize(TypeTest.java:250)
	at ptolemy.actor.Director.initialize(Director.java:938)
	at ptolemy.actor.Director.initialize(Director.java:907)
	at ptolemy.actor.sched.StaticSchedulingDirector.initialize(StaticSchedulingDirector.java:159)
	at ptolemy.domains.sdf.kernel.SDFDirector.initialize(SDFDirector.java:544)
	at ptolemy.actor.CompositeActor.initialize(CompositeActor.java:935)
	at ptolemy.actor.Manager.initialize(Manager.java:724)
	at ptolemy.actor.Manager.execute(Manager.java:356)
	at ptolemy.actor.Manager.run(Manager.java:1263)
	at ptolemy.actor.Manager$PtolemyRunThread.run(Manager.java:1933)
]]></system-err>
</testsuite>
