<?xml version="1.0" encoding="UTF-8" ?>
<testsuite errors="0" failures="0" hostname="travis-job-bcb375b0-ab96-4265-8ebb-8a32541e48ea" name="ptolemy.domains.sr.test.junit.JUnitTclTest" skipped="0" tests="35" time="4.935" timestamp="2020-09-16T16:18:29">
  <properties>
    <property name="npm.executable" value="npm" />
    <property name="env.TRAVIS_ROOT" value="/" />
    <property name="ptII.mk.exists" value="true" />
    <property name="env.TRAVIS_APP_HOST" value="build.travis-ci.org" />
    <property name="env.rvm_bin_path" value="/home/travis/.rvm/bin" />
    <property name="java.home" value="/usr/local/lib/jvm/openjdk11" />
    <property name="env.TRAVIS_JOB_NUMBER" value="1766.9" />
    <property name="env.TRAVIS_HOME" value="/home/travis" />
    <property name="env.DISPLAY" value=":99.0" />
    <property name="env.TRAVIS_INIT" value="systemd" />
    <property name="env.SSH_TTY" value="/dev/pts/0" />
    <property name="java.net.preferIPv4Stack" value="true" />
    <property name="env.RUN_TESTS" value="true" />
    <property name="timeout.short" value="1000000" />
    <property name="junit.formatter" value="xml" />
    <property name="env.TRAVIS_SUDO" value="true" />
    <property name="env.TRAVIS_JOB_NAME" value="" />
    <property name="env.TRAVIS_STACK_NODE_ATTRIBUTES" value="/.node-attributes.yml" />
    <property name="env.LOGNAME" value="travis" />
    <property name="jsdoc.home" value="node_modules/@terraswarm/jsdoc" />
    <property name="debuglevel" value="source,lines,vars" />
    <property name="checkstyle.formatter" value="xml" />
    <property name="bin.vergil.makeable" value="true" />
    <property name="sun.os.patch.level" value="unknown" />
    <property name="java.vendor.url" value="http://java.oracle.com/" />
    <property name="env.TRAVIS_BUILD_WEB_URL" value="https://travis-ci.org/icyphy/ptII/builds/727739929" />
    <property name="java.version" value="11.0.2" />
    <property name="env.TZ" value="UTC" />
    <property name="env.TRAVIS_PULL_REQUEST_SHA" value="" />
    <property name="env.PT_NO_NET" value="true" />
    <property name="env.TRAVIS_SECURE_ENV_VARS" value="true" />
    <property name="java.vendor.url.bug" value="http://bugreport.java.com/bugreport/" />
    <property name="npmjs-org-is-up" value="true" />
    <property name="env.LANGUAGE" value="en_US.UTF-8" />
    <property name="env.SSH_CLIENT" value="10.16.7.135 41352 22" />
    <property name="env.GEM_HOME" value="/home/travis/.rvm/gems/ruby-2.5.3" />
    <property name="env.HAS_ANTARES_THREE_LITTLE_FRONZIES_BADGE" value="true" />
    <property name="java.version.date" value="2019-01-15" />
    <property name="env.PS4" value="+" />
    <property name="ant.project.invoked-targets" value="build,test.core2.xml" />
    <property name="env.TRAVIS_PULL_REQUEST_BRANCH" value="" />
    <property name="env.TRAVIS_REPO_SLUG" value="icyphy/ptII" />
    <property name="env.XDG_DATA_DIRS" value="/usr/local/share:/usr/share:/var/lib/snapd/desktop" />
    <property name="jdk.debug" value="release" />
    <property name="env.TRAVIS_APT_PROXY" value="http://build-cache.travisci.net" />
    <property name="env.TRAVIS_CPU_ARCH" value="amd64" />
    <property name="node.in.path" value="true" />
    <property name="user.name" value="travis" />
    <property name="java.maxmemory" value="1400m" />
    <property name="env.RUBY_VERSION" value="ruby-2.5.3" />
    <property name="env.LANG" value="en_US.UTF-8" />
    <property name="sun.io.unicode.encoding" value="UnicodeLittle" />
    <property name="sun.jnu.encoding" value="UTF-8" />
    <property name="java.runtime.name" value="OpenJDK Runtime Environment" />
    <property name="usefile" value="false" />
    <property name="return.code" value="0" />
    <property name="junit.single.formatter" value="plain" />
    <property name="env.DYLD_LIBRARY_PATH" value="/home/travis/pthla/certi-tools/lib:" />
    <property name="env.DEBIAN_FRONTEND" value="noninteractive" />
    <property name="env.SSH_CONNECTION" value="10.16.7.135 41352 10.20.0.193 22" />
    <property name="env.MYSQL_UNIX_PORT" value="/var/run/mysqld/mysqld.sock" />
    <property name="env.LC_ALL" value="en_US.UTF-8" />
    <property name="env.TRAVIS_ALLOW_FAILURE" value="" />
    <property name="env.TRAVIS_JOB_WEB_URL" value="https://travis-ci.org/icyphy/ptII/jobs/727739949" />
    <property name="java.specification.name" value="Java Platform API Specification" />
    <property name="node.works" value="true" />
    <property name="user.timezone" value="" />
    <property name="path.separator" value=":" />
    <property name="env.TRAVIS_ENABLE_INFRA_DETECTION" value="true" />
    <property name="env.PYTHON_CFLAGS" value="-g -fstack-protector --param=ssp-buffer-size=4 -Wformat -Werror=format-security" />
    <property name="timeout.long" value="4000000" />
    <property name="env.CERTI_HOME" value="/home/travis/pthla/certi-tools" />
    <property name="ant.file.ptII" value="/home/travis/build/icyphy/ptII/build.xml" />
    <property name="javadoc.packagenames" value="com.*,diva.*,lbnl.*,org.hlacerti.*,org.json.*,org.ptolemy.*,org.terraswarm.*,ptolemy.*,ptserver.*" />
    <property name="file.encoding" value="UTF-8" />
    <property name="env.TRAVIS_PULL_REQUEST_SLUG" value="" />
    <property name="ant.project.default-target" value="build" />
    <property name="env.GIT_ASKPASS" value="echo" />
    <property name="env.HOME" value="/home/travis" />
    <property name="sun.java.command" value="org.apache.tools.ant.taskdefs.optional.junit.JUnitTestRunner ptolemy.domains.sr.test.junit.JUnitTclTest skipNonTests=false filtertrace=true haltOnError=false haltOnFailure=false formatter=org.apache.tools.ant.taskdefs.optional.junit.OutErrSummaryJUnitResultFormatter showoutput=true outputtoformatters=true logfailedtests=true threadid=0 logtestlistenerevents=false formatter=org.apache.tools.ant.taskdefs.optional.junit.XMLJUnitResultFormatter,/home/travis/build/icyphy/ptII/reports/junit/TEST-ptolemy.domains.sr.test.junit.JUnitTclTest.xml crashfile=/home/travis/build/icyphy/ptII/junitvmwatcher17768031343563725046.properties propsfile=/home/travis/build/icyphy/ptII/junit17627116783738076567.properties" />
    <property name="env.COMPOSER_NO_INTERACTION" value="1" />
    <property name="env.MANPATH" value="/home/travis/.nvm/versions/node/v7.10.1/share/man:/home/travis/.rvm/rubies/ruby-2.5.3/share/man:/usr/local/cmake-3.12.4/man:/usr/local/clang-7.0.0/share/man:/usr/local/man:/usr/local/share/man:/usr/share/man:/home/travis/.rvm/man" />
    <property name="env.TRAVIS_TIMER_ID" value="0f412788" />
    <property name="ant.file" value="/home/travis/build/icyphy/ptII/build.xml" />
    <property name="env.TRAVIS_COMMIT_RANGE" value="3bb573e462e9b4151952318d01b7e361e9f419ad...74248200255084cca0f8d02e5ad09f36c0965423" />
    <property name="ptII.classpath.optional.property" value="/home/travis/build/icyphy/ptII/lib/bsh-2.0b4.jar:/home/travis/build/icyphy/ptII/lib/ptCal.jar:/home/travis/build/icyphy/ptII/lib/java_cup.jar:/home/travis/build/icyphy/ptII/lib/saxon8.jar:/home/travis/build/icyphy/ptII/lib/saxon8-dom.jar:/home/travis/build/icyphy/ptII/lib/chic.jar:/home/travis/build/icyphy/ptII/lib/ptcolt.jar:/home/travis/build/icyphy/ptII/vendors/misc/itext/iText.jar:/home/travis/build/icyphy/ptII/lib/g4ltl.jar:/home/travis/build/icyphy/ptII/lib/StructuralCoder.jar:/home/travis/build/icyphy/ptII/lib/jcerti.jar:/home/travis/build/icyphy/ptII/lib/javax.mail.jar:/home/travis/build/icyphy/ptII/vendors/JMF-2.1.1e/lib/jmf.jar:/home/travis/build/icyphy/ptII/lib/jna-4.0.0-variadic.jar:/home/travis/build/icyphy/ptII/vendors/misc/joystick/Joystick.jar:/home/travis/build/icyphy/ptII/lib/ptjacl.jar:/home/travis/build/icyphy/ptII/lib/jsoup-1.8.2.jar:/home/travis/build/icyphy/ptII/lib/junit-4.8.2.jar:/home/travis/build/icyphy/ptII/lib/JUnitParams-0.4.0.jar:/home/travis/build/icyphy/ptII/ptolemy/actor/lib/excel/jxl.jar:/home/travis/build/icyphy/ptII/lib/jython.jar:/home/travis/build/icyphy/ptII/lib/kieler.jar:/home/travis/build/icyphy/ptII/vendors/opencv/share/OpenCV/java/opencv-341.jar:/home/travis/build/icyphy/ptII/lib/oscP5.jar:/home/travis/build/icyphy/ptII/lib/nrjavaserial-3.11.0.devel.jar:/home/travis/build/icyphy/ptII/vendors/j3d/lib/Linux/j3dcore.jar:/home/travis/build/icyphy/ptII/vendors/j3d/lib/Linux/j3dutils.jar:/home/travis/build/icyphy/ptII/vendors/j3d/lib/Linux/vecmath.jar:/home/travis/build/icyphy/ptII/vendors/jogl/lib/Linux/gluegen-rt-natives-linux-amd64.jar:/home/travis/build/icyphy/ptII/vendors/jogl/lib/Linux/gluegen-rt.jar:/home/travis/build/icyphy/ptII/vendors/jogl/lib/Linux/jogl-all-natives-linux-amd64.jar:/home/travis/build/icyphy/ptII/vendors/jogl/lib/Linux/jogl-all.jar:/home/travis/build/icyphy/ptII/ptolemy/distributed/jini/jar/jini-core.jar:/home/travis/build/icyphy/ptII/ptolemy/distributed/jini/jar/jini-ext.jar:/home/travis/build/icyphy/ptII/ptolemy/distributed/jini/jar/sun-util.jar:/home/travis/build/icyphy/ptII/lib/protobuf-java-2.4.1.jar:/home/travis/build/icyphy/ptII/lib/org.eclipse.paho.client.mqttv3.jar:/home/travis/build/icyphy/ptII/lib/mapss.jar:/home/travis/build/icyphy/ptII/ptolemy/actor/ptalon/antlr/antlr.jar:/home/travis/build/icyphy/ptII/lib/JRI.jar:/home/travis/build/icyphy/ptII/lib/commons-lang-2.6.jar:/home/travis/build/icyphy/ptII/lib/commons-logging-1.1.1.jar:/home/travis/build/icyphy/ptII/lib/sootclasses.jar:/home/travis/build/icyphy/ptII/ptolemy/actor/lib/database/mysql-connector-java-5.1.6-bin.jar:/home/travis/build/icyphy/ptII/vendors/misc/sphinx4/sphinx4-data-5prealpha.jar:/home/travis/build/icyphy/ptII/vendors/misc/sphinx4/sphinx4-core-5prealpha.jar:/home/travis/build/icyphy/ptII/lib/PDFRenderer.jar:/home/travis/build/icyphy/ptII/lib/svgSalamander.jar:/home/travis/build/icyphy/ptII/lib/rsyntaxtextarea-2.6.0-SNAPSHOT.jar:/home/travis/build/icyphy/ptII/lib/hazelcast-3.8.2.jar:/home/travis/build/icyphy/ptII/lib/jackson-annotations-2.9.0.jar:/home/travis/build/icyphy/ptII/lib/jackson-core-2.9.3.jar:/home/travis/build/icyphy/ptII/lib/jackson-databind-2.9.3.jar:/home/travis/build/icyphy/ptII/lib/netty-buffer-4.1.19.Final.jar:/home/travis/build/icyphy/ptII/lib/netty-codec-4.1.19.Final.jar:/home/travis/build/icyphy/ptII/lib/netty-codec-dns-4.1.19.Final.jar:/home/travis/build/icyphy/ptII/lib/netty-codec-http-4.1.19.Final.jar:/home/travis/build/icyphy/ptII/lib/netty-codec-http2-4.1.19.Final.jar:/home/travis/build/icyphy/ptII/lib/netty-common-4.1.19.Final.jar:/home/travis/build/icyphy/ptII/lib/netty-handler-4.1.19.Final.jar:/home/travis/build/icyphy/ptII/lib/netty-resolver-4.1.19.Final.jar:/home/travis/build/icyphy/ptII/lib/netty-resolver-dns-4.1.19.Final.jar:/home/travis/build/icyphy/ptII/lib/netty-transport-4.1.19.Final.jar:/home/travis/build/icyphy/ptII/lib/vertx-codegen-3.5.1.jar:/home/travis/build/icyphy/ptII/lib/vertx-core-3.5.2-SNAPSHOT.jar:/home/travis/build/icyphy/ptII/lib/vertx-hazelcast-3.5.1.jar:/home/travis/build/icyphy/ptII/lib/vertx-lang-js-3.5.1.jar:/home/travis/build/icyphy/ptII/lib/vertx-service-proxy-3.5.1.jar:/home/travis/build/icyphy/ptII/lib/vertx-web-3.5.1.jar:/home/travis/build/icyphy/ptII/lib/slf4j-api-1.7.13.jar:/home/travis/build/icyphy/ptII/lib/slf4j-simple-1.7.13.jar:/home/travis/build/icyphy/ptII/lib/webcam-capture-0.3.12.jar:/home/travis/build/icyphy/ptII/lib/bridj-0.7.0.jar:/home/travis/build/icyphy/ptII/lib/xbjlib-1.1.0.nrjavaserial.jar" />
    <property name="timeout" value="2400000" />
    <property name="test.batch" value="**/junit/*.java" />
    <property name="env._" value="/usr/bin/timeout" />
    <property name="java.io.tmpdir" value="/tmp" />
    <property name="user.language" value="en" />
    <property name="env.TRAVIS_INTERNAL_RUBY_REGEX" value="^ruby-(2\.[0-4]\.[0-9]|1\.9\.3)" />
    <property name="env.HISTCONTROL" value="ignoredups:ignorespace" />
    <property name="env.GOROOT" value="/home/travis/.gimme/versions/go1.11.1.linux.amd64" />
    <property name="line.separator" value="&#xa;" />
    <property name="target" value="11" />
    <property name="env.TRAVIS_BUILD_DIR" value="/home/travis/build/icyphy/ptII" />
    <property name="env.ANT_OPTS" value="-Xmx2048m" />
    <property name="ant.file.type" value="file" />
    <property name="ptolemy.ptII.batchMode" value="true" />
    <property name="env.HISTSIZE" value="1000" />
    <property name="env.MERB_ENV" value="test" />
    <property name="java.vm.info" value="mixed mode" />
    <property name="source" value="11" />
    <property name="java.vm.specification.name" value="Java Virtual Machine Specification" />
    <property name="env.TRAVIS_TEST_RESULT" value="0" />
    <property name="jsdoc.command" value="node_modules/@terraswarm/jsdoc/jsdoc.js" />
    <property name="npm.works" value="true" />
    <property name="cobertura.dir" value="/home/travis/build/icyphy/ptII/vendors/cobertura-2.0.3" />
    <property name="jsdoc.command.exists" value="true" />
    <property name="env.rvm_path" value="/home/travis/.rvm" />
    <property name="env.GEM_PATH" value="/home/travis/.rvm/gems/ruby-2.5.3:/home/travis/.rvm/gems/ruby-2.5.3@global" />
    <property name="env.LC_CTYPE" value="en_US.UTF-8" />
    <property name="env.TRAVIS_CMD" value="$PTII/bin/ptIITravisBuild.sh $SECONDS" />
    <property name="java.awt.printerjob" value="sun.print.PSPrinterJob" />
    <property name="env.TRAVIS_STACK_NAME" value="sardonyx" />
    <property name="env.TRAVIS_TIMER_START_TIME" value="1600270744927180166" />
    <property name="ant.version" value="Apache Ant(TM) version 1.10.1 compiled on February 2 2017" />
    <property name="ptII.reports" value="/home/travis/build/icyphy/ptII/reports" />
    <property name="env.TRAVIS_STACK_TIMESTAMP" value="2020-06-24 13:13:18 UTC" />
    <property name="ant.file.type.ptII" value="file" />
    <property name="env.RBENV_SHELL" value="bash" />
    <property name="os.name" value="Linux" />
    <property name="java.specification.vendor" value="Oracle Corporation" />
    <property name="env.rvm_version" value="1.29.10 (latest)" />
    <property name="env.TRAVIS_INFRA" value="unknown" />
    <property name="env.TERM" value="xterm" />
    <property name="java.vm.name" value="OpenJDK 64-Bit Server VM" />
    <property name="env.TRAVIS_BUILD_NUMBER" value="1766" />
    <property name="env.CI" value="true" />
    <property name="java.library.path" value="/home/travis/pthla/certi-tools/lib:/usr/lib/jni:/usr/local/share/OpenCV/java/:/usr/share/OpenCV/java::/usr/java/packages/lib:/usr/lib64:/lib64:/lib:/usr/lib" />
    <property name="jdk.module.path" value="/home/travis/build/icyphy/ptII/vendors/javafx/javafx-sdk-11.0.2/lib:" />
    <property name="env.rvm_prefix" value="/home/travis" />
    <property name="env.PATH" value="/home/travis/pthla/certi-tools/share/scripts:/home/travis/.rvm/gems/ruby-2.5.3/bin:/home/travis/.rvm/gems/ruby-2.5.3@global/bin:/home/travis/.rvm/rubies/ruby-2.5.3/bin:/home/travis/.rvm/bin:/home/travis/.nvm/versions/node/v7.10.1/bin:./node_modules/.bin:/home/travis/build/icyphy/ptII/bin:/home/travis/pthla/certi-tools/bin:/home/travis/bin:/home/travis/.local/bin:/usr/local/lib/jvm/openjdk11/bin:/opt/pyenv/shims:/home/travis/.phpenv/shims:/home/travis/perl5/perlbrew/bin:/home/travis/gopath/bin:/home/travis/.gimme/versions/go1.11.1.linux.amd64/bin:/usr/local/maven-3.6.3/bin:/usr/local/cmake-3.12.4/bin:/usr/local/clang-7.0.0/bin:/usr/local/sbin:/usr/local/bin:/usr/sbin:/usr/bin:/sbin:/bin:/snap/bin:/home/travis/.phpenv/bin:/opt/pyenv/bin:/home/travis/.yarn/bin" />
    <property name="env.TRAVIS_OS_NAME" value="linux" />
    <property name="ant.java.version" value="9" />
    <property name="basedir" value="/home/travis/build/icyphy/ptII" />
    <property name="java.class.version" value="55.0" />
    <property name="env.SHLVL" value="3" />
    <property name="env.LD_LIBRARY_PATH" value="/home/travis/pthla/certi-tools/lib:/usr/lib/jni:/usr/local/share/OpenCV/java/:/usr/share/OpenCV/java:" />
    <property name="env.RACK_ENV" value="test" />
    <property name="ant.home" value="/home/travis/build/icyphy/ptII/ant" />
    <property name="env.NVM_DIR" value="/home/travis/.nvm" />
    <property name="env.CERTI_FOM_PATH" value="/home/travis/pthla/certi-tools/share/federations" />
    <property name="env.TRAVIS_BUILD_ID" value="727739929" />
    <property name="env.PYENV_ROOT" value="/opt/pyenv" />
    <property name="env.TRAVIS_UID" value="2000" />
    <property name="prism.verbose" value="true" />
    <property name="env.NVM_BIN" value="/home/travis/.nvm/versions/node/v7.10.1/bin" />
    <property name="env.TRAVIS_COMMIT" value="74248200255084cca0f8d02e5ad09f36c0965423" />
    <property name="node.executable" value="node" />
    <property name="sun.boot.library.path" value="/usr/local/lib/jvm/openjdk11/lib" />
    <property name="sun.management.compiler" value="HotSpot 64-Bit Tiered Compilers" />
    <property name="java.awt.graphicsenv" value="sun.awt.X11GraphicsEnvironment" />
    <property name="env.GOPATH" value="/home/travis/gopath" />
    <property name="ptolemy.ptII.dir" value="/home/travis/build/icyphy/ptII" />
    <property name="env.USER" value="travis" />
    <property name="env.HISTFILESIZE" value="2000" />
    <property name="env.NVM_INC" value="/home/travis/.nvm/versions/node/v7.10.1/include/node" />
    <property name="timeout.longest" value="19000000" />
    <property name="env.PERLBREW_SHELLRC_VERSION" value="0.88" />
    <property name="env.TRAVIS_STACK_FEATURES" value="basic couchdb disabled-ipv6 docker docker-compose elasticsearch firefox go-toolchain google-chrome jdk memcached mongodb mysql nodejs_interpreter perl_interpreter perlbrew phantomjs postgresql python_interpreter redis ruby_interpreter sqlite xserver" />
    <property name="env.TRAVIS_PULL_REQUEST" value="false" />
    <property name="env.PYENV_SHELL" value="bash" />
    <property name="ant.project.name" value="ptII" />
    <property name="env.ANSI_RESET" value="\033[0m" />
    <property name="java.vm.specification.version" value="11" />
    <property name="env.TRAVIS_DIST" value="xenial" />
    <property name="env.CERTI_VERSION" value="4.0.0" />
    <property name="env.CERTI_HOST" value="localhost" />
    <property name="awt.toolkit" value="sun.awt.X11.XToolkit" />
    <property name="env.MY_RUBY_HOME" value="/home/travis/.rvm/rubies/ruby-2.5.3" />
    <property name="sun.cpu.isalist" value="" />
    <property name="env.TRAVIS_TMPDIR" value="/tmp/tmp.xmvdNYpDOO" />
    <property name="java.vm.compressedOopsMode" value="Zero based" />
    <property name="os.version" value="4.15.0-1077-gcp" />
    <property name="user.home" value="/home/travis" />
    <property name="java.vm.vendor" value="Oracle Corporation" />
    <property name="env.TRAVIS_TAG" value="nightly" />
    <property name="env.ANSI_YELLOW" value="\033[33;1m" />
    <property name="env.TRAVIS_FILTERED" value="redirect_io" />
    <property name="env.ANSI_GREEN" value="\033[32;1m" />
    <property name="env.JAVA_HOME" value="/usr/local/lib/jvm/openjdk11" />
    <property name="javadoc.excludepackagenames" value="adm.cvs2svn.*,build.*,config.*,doc.coding.templates.*,jni.test.jni.meaningOfLife.*,jni.test.jni.testDeux.*,jni.test.jni.testTrois.*,org.terraswarm.accessor.accessors.web.node_modules.*,org.terraswarm.accessor.accessors.web.hosts.cordova.demo.*,org.terraswarm.accessor.accessors.web.hosts.cordova.plugins.*,org.terraswarm.accessor.accessors-svn.*,pt-modules.*,ptolemy.apps.agilent.*,ptolemy.apps.anytimecontrol.*,ptolemy.apps.apes.*,ptolemy.apps.charon.*,ptolemy.apps.crazyboard.*,ptolemy.apps.eclipse.*,ptolemy.apps.etherealSting.*,ptolemy.apps.fullscreen.*,ptolemy.apps.giotto.*,ptolemy.apps.ia.*,ptolemy.apps.interfaces.*,ptolemy.apps.jmf.*,ptolemy.apps.kurt.*,ptolemy.apps.kvm.*,ptolemy.apps.lego.*,ptolemy.apps.lejos.*,ptolemy.apps.midp.*,ptolemy.apps.mobileCoding.*,ptolemy.apps.pendulum.*,ptolemy.apps.rijndael.*,ptolemy.apps.robot.*,ptolemy.apps.security.*,ptolemy.apps.sobel.*,ptolemy.apps.soot.*,ptolemy.apps.throttle.*,ptolemy.apps.tini.*,ptolemy.apps.transmission.*,ptolemy.apps.vergil.*,ptolemy.apps.waba.*,ptolemy.apps.websensor.*,ptolemy.apps.webstart.*,ptolemy.apps.xsl.*,ptolemy.apps.zaurus.*,ptolemy.codegen.c.actor.lib.oldJavaFiles.*,ptolemy.codegen.dsp.lib.*,ptolemy.codegen.kernel.newInterfaces.*,ptolemy.codegen.lib.*,ptolemy.copernicus.kernel.fragment.*,ptolemy.copernicus.shallow.cg.*,ptolemy.domains.giotto.demo.Hierarchy.Hierarchy.*,ptolemy.domains.giotto.demo.Multimode.Multimode.*,ptolemy.domains.giotto.demo.Simple.Simple.*,ptolemy.domains.gr.lib.experimental.*,ptolemy.domains.gro.*,ptolemy.domains.pdf.*,ptolemy.domains.ptinyos.demo.Surge.output.*,ptolemy.moml.test.NoPackageActor.java*,ptolemy.plot.adm.*,ptolemy.plot.servlet.*,reports.*,signed.*,src.*,target.*,vendors.*,ptolemy.copernicus.applet.*,ptolemy.media.viewer.*,ptolemy.actor.corba.*,doc.doclets.*,ptolemy.apps.eclipse.awt.*,ptolemy.backtrack.*,ptolemy.backtrack.ast.*,ptolemy.cg.adapter.generic.program.procedural.c.mbed*,ptolemy.homer.*,ptolemy.actor.lib.jai.*,org.ptolemy.scala.*,diva.util.java2d.svg.*,ptolemy.domains.ptinyos.*,ptolemy.actor.lib.fmi.fmipp.*,,org.terraswarm.accessor.accessors.web.node_modules.*,org.terraswarm.accessor.accessors-svn,ptolemy.apps.*,ptolemy.actor.ptalon.demo.ptinyos.SendAndReceiveCnt.output,ptolemy.actor.ptalon.demo.ptinyos.SenseToLeds.output,ptolemy.domains.ptinyos.demo.CntToLedsAndRfm.output,ptolemy.domains.ptinyos.demo.RfmToLeds.output,ptolemy.domains.ptinyos.demo.SendAndReceiveCnt.output,ptolemy.domains.ptinyos.demo.SenseToLeds.output,ptolemy.actor.lib.jjs.modules.udpSocket.*" />
    <property name="env.PTII" value="/home/travis/build/icyphy/ptII" />
    <property name="env.XDG_SESSION_ID" value="2" />
    <property name="keystore" value="ptKeystore" />
    <property name="env.TRAVIS_COMMIT_MESSAGE" value="Exclude org/hlacerti/newModels1516e/VariableArrayPTIIJavaFed" />
    <property name="junit.output.dir" value="/home/travis/build/icyphy/ptII/reports/junit" />
    <property name="npm.return.code" value="0" />
    <property name="user.dir" value="/home/travis/build/icyphy/ptII/ptolemy/domains/sr/test" />
    <property name="env.TRAVIS_NODE_VERSION" value="7" />
    <property name="env.TRAVIS_EVENT_TYPE" value="cron" />
    <property name="env.MAIL" value="/var/mail/travis" />
    <property name="env.PERLBREW_ROOT" value="/home/travis/perl5/perlbrew" />
    <property name="env.PWD" value="/home/travis/build/icyphy/ptII" />
    <property name="timeout.npm" value="45000" />
    <property name="env.PT_TRAVIS_TEST_CORE2_XML" value="true" />
    <property name="env.TRAVIS_ARCH" value="amd64" />
    <property name="sun.cpu.endian" value="little" />
    <property name="env.PAGER" value="cat" />
    <property name="env.TRAVIS_BUILD_STAGE_NAME" value="test" />
    <property name="env.PERLBREW_HOME" value="/home/travis/.perlbrew" />
    <property name="java.vm.version" value="11.0.2+9" />
    <property name="env.RAILS_ENV" value="test" />
    <property name="java.class.path" value="/home/travis/build/icyphy/ptII:/home/travis/build/icyphy/ptII/lib/bsh-2.0b4.jar:/home/travis/build/icyphy/ptII/lib/ptCal.jar:/home/travis/build/icyphy/ptII/lib/java_cup.jar:/home/travis/build/icyphy/ptII/lib/saxon8.jar:/home/travis/build/icyphy/ptII/lib/saxon8-dom.jar:/home/travis/build/icyphy/ptII/lib/chic.jar:/home/travis/build/icyphy/ptII/lib/ptcolt.jar:/home/travis/build/icyphy/ptII/vendors/misc/itext/iText.jar:/home/travis/build/icyphy/ptII/lib/g4ltl.jar:/home/travis/build/icyphy/ptII/lib/StructuralCoder.jar:/home/travis/build/icyphy/ptII/lib/jcerti.jar:/home/travis/build/icyphy/ptII/lib/javax.mail.jar:/home/travis/build/icyphy/ptII/vendors/JMF-2.1.1e/lib/jmf.jar:/home/travis/build/icyphy/ptII/lib/jna-4.0.0-variadic.jar:/home/travis/build/icyphy/ptII/vendors/misc/joystick/Joystick.jar:/home/travis/build/icyphy/ptII/lib/ptjacl.jar:/home/travis/build/icyphy/ptII/lib/jsoup-1.8.2.jar:/home/travis/build/icyphy/ptII/lib/junit-4.8.2.jar:/home/travis/build/icyphy/ptII/lib/JUnitParams-0.4.0.jar:/home/travis/build/icyphy/ptII/ptolemy/actor/lib/excel/jxl.jar:/home/travis/build/icyphy/ptII/lib/jython.jar:/home/travis/build/icyphy/ptII/lib/kieler.jar:/home/travis/build/icyphy/ptII/vendors/opencv/share/OpenCV/java/opencv-341.jar:/home/travis/build/icyphy/ptII/lib/oscP5.jar:/home/travis/build/icyphy/ptII/lib/nrjavaserial-3.11.0.devel.jar:/home/travis/build/icyphy/ptII/vendors/j3d/lib/Linux/j3dcore.jar:/home/travis/build/icyphy/ptII/vendors/j3d/lib/Linux/j3dutils.jar:/home/travis/build/icyphy/ptII/vendors/j3d/lib/Linux/vecmath.jar:/home/travis/build/icyphy/ptII/vendors/jogl/lib/Linux/gluegen-rt-natives-linux-amd64.jar:/home/travis/build/icyphy/ptII/vendors/jogl/lib/Linux/gluegen-rt.jar:/home/travis/build/icyphy/ptII/vendors/jogl/lib/Linux/jogl-all-natives-linux-amd64.jar:/home/travis/build/icyphy/ptII/vendors/jogl/lib/Linux/jogl-all.jar:/home/travis/build/icyphy/ptII/ptolemy/distributed/jini/jar/jini-core.jar:/home/travis/build/icyphy/ptII/ptolemy/distributed/jini/jar/jini-ext.jar:/home/travis/build/icyphy/ptII/ptolemy/distributed/jini/jar/sun-util.jar:/home/travis/build/icyphy/ptII/lib/protobuf-java-2.4.1.jar:/home/travis/build/icyphy/ptII/lib/org.eclipse.paho.client.mqttv3.jar:/home/travis/build/icyphy/ptII/lib/mapss.jar:/home/travis/build/icyphy/ptII/ptolemy/actor/ptalon/antlr/antlr.jar:/home/travis/build/icyphy/ptII/lib/JRI.jar:/home/travis/build/icyphy/ptII/lib/commons-lang-2.6.jar:/home/travis/build/icyphy/ptII/lib/commons-logging-1.1.1.jar:/home/travis/build/icyphy/ptII/lib/sootclasses.jar:/home/travis/build/icyphy/ptII/ptolemy/actor/lib/database/mysql-connector-java-5.1.6-bin.jar:/home/travis/build/icyphy/ptII/vendors/misc/sphinx4/sphinx4-data-5prealpha.jar:/home/travis/build/icyphy/ptII/vendors/misc/sphinx4/sphinx4-core-5prealpha.jar:/home/travis/build/icyphy/ptII/lib/PDFRenderer.jar:/home/travis/build/icyphy/ptII/lib/svgSalamander.jar:/home/travis/build/icyphy/ptII/lib/rsyntaxtextarea-2.6.0-SNAPSHOT.jar:/home/travis/build/icyphy/ptII/lib/hazelcast-3.8.2.jar:/home/travis/build/icyphy/ptII/lib/jackson-annotations-2.9.0.jar:/home/travis/build/icyphy/ptII/lib/jackson-core-2.9.3.jar:/home/travis/build/icyphy/ptII/lib/jackson-databind-2.9.3.jar:/home/travis/build/icyphy/ptII/lib/netty-buffer-4.1.19.Final.jar:/home/travis/build/icyphy/ptII/lib/netty-codec-4.1.19.Final.jar:/home/travis/build/icyphy/ptII/lib/netty-codec-dns-4.1.19.Final.jar:/home/travis/build/icyphy/ptII/lib/netty-codec-http-4.1.19.Final.jar:/home/travis/build/icyphy/ptII/lib/netty-codec-http2-4.1.19.Final.jar:/home/travis/build/icyphy/ptII/lib/netty-common-4.1.19.Final.jar:/home/travis/build/icyphy/ptII/lib/netty-handler-4.1.19.Final.jar:/home/travis/build/icyphy/ptII/lib/netty-resolver-4.1.19.Final.jar:/home/travis/build/icyphy/ptII/lib/netty-resolver-dns-4.1.19.Final.jar:/home/travis/build/icyphy/ptII/lib/netty-transport-4.1.19.Final.jar:/home/travis/build/icyphy/ptII/lib/vertx-codegen-3.5.1.jar:/home/travis/build/icyphy/ptII/lib/vertx-core-3.5.2-SNAPSHOT.jar:/home/travis/build/icyphy/ptII/lib/vertx-hazelcast-3.5.1.jar:/home/travis/build/icyphy/ptII/lib/vertx-lang-js-3.5.1.jar:/home/travis/build/icyphy/ptII/lib/vertx-service-proxy-3.5.1.jar:/home/travis/build/icyphy/ptII/lib/vertx-web-3.5.1.jar:/home/travis/build/icyphy/ptII/lib/slf4j-api-1.7.13.jar:/home/travis/build/icyphy/ptII/lib/slf4j-simple-1.7.13.jar:/home/travis/build/icyphy/ptII/lib/webcam-capture-0.3.12.jar:/home/travis/build/icyphy/ptII/lib/bridj-0.7.0.jar:/home/travis/build/icyphy/ptII/lib/xbjlib-1.1.0.nrjavaserial.jar:/home/travis/build/icyphy/ptII/ptolemy/moml/test:/home/travis/build/icyphy/ptII/ant/lib/ant-launcher.jar:/home/travis/build/icyphy/ptII/ant/lib/ant.jar:/home/travis/build/icyphy/ptII/ant/lib/ant-junit.jar:/home/travis/build/icyphy/ptII/ant/lib/ant-junit4.jar" />
    <property name="ant.library.dir" value="/home/travis/build/icyphy/ptII/ant/lib" />
    <property name="os.arch" value="amd64" />
    <property name="env.CONTINUOUS_INTEGRATION" value="true" />
    <property name="env.TRAVIS_LANGUAGE" value="node_js" />
    <property name="env.TRAVIS_STACK_LANGUAGES" value="__sardonyx__ c c++ clojure cplusplus cpp default generic go groovy java node_js php pure_java python ruby scala" />
    <property name="test.name" value="ptolemy.actor.lib.test.junit.JUnitTclTest" />
    <property name="env.APT_KEY_DONT_WARN_ON_DANGEROUS_USAGE" value="1" />
    <property name="sun.java.launcher" value="SUN_STANDARD" />
    <property name="env.PYTHON_CONFIGURE_OPTS" value="--enable-unicode=ucs4 --with-wide-unicode --enable-shared --enable-ipv6 --enable-loadable-sqlite-extensions --with-computed-gotos" />
    <property name="ant.core.lib" value="/home/travis/build/icyphy/ptII/ant/lib/ant.jar" />
    <property name="java.vm.specification.vendor" value="Oracle Corporation" />
    <property name="env.BCVTB_HOME" value="/home/travis/build/icyphy/ptII/lbnl" />
    <property name="file.separator" value="/" />
    <property name="spotbugs.home" value="/home/travis/build/icyphy/ptII/vendors/spotbugs-3.1.1" />
    <property name="java.runtime.version" value="11.0.2+9" />
    <property name="javafx.verbose" value="true" />
    <property name="env.ANSI_CLEAR" value="\033[0K" />
    <property name="env.HAS_JOSH_K_SEAL_OF_APPROVAL" value="true" />
    <property name="env.XDG_RUNTIME_DIR" value="/run/user/2000" />
    <property name="env.TRAVIS_OSX_IMAGE" value="" />
    <property name="env.TRAVIS_JOB_ID" value="727739949" />
    <property name="env.TRAVIS_BRANCH" value="master" />
    <property name="user.country" value="US" />
    <property name="env.CERTI_HOME_TRAVIS" value="/home/travis/pthla/certi-tools" />
    <property name="env.SHELL" value="/bin/bash" />
    <property name="java.maxmemory.large" value="3200m" />
    <property name="model" value="" />
    <property name="env.CASHER_DIR" value="/home/travis/.casher" />
    <property name="env.NVM_CD_FLAGS" value="" />
    <property name="java.vendor.version" value="18.9" />
    <property name="jshint.executable" value="/home/travis/node_modules/jshint/bin/jshint" />
    <property name="env.JRUBY_OPTS" value=" --client -J-XX:+TieredCompilation -J-XX:TieredStopAtLevel=1 -J-Xss2m -Xcompile.invokedynamic=false" />
    <property name="java.vendor" value="Oracle Corporation" />
    <property name="env.TRAVIS_PRE_CHEF_BOOTSTRAP_TIME" value="2020-06-24T13:13:03" />
    <property name="env.TRAVIS_STACK_JOB_BOARD_REGISTER" value="/.job-board-register.yml" />
    <property name="env.ANSI_RED" value="\033[31;1m" />
    <property name="java.specification.version" value="11" />
    <property name="env.IRBRC" value="/home/travis/.rvm/rubies/ruby-2.5.3/.irbrc" />
    <property name="env.TRAVIS" value="true" />
    <property name="sun.arch.data.model" value="64" />
  </properties>
  <testcase classname="ptolemy.util.test.junit.TclTests" name="[0] ThereAreNoTclTests (RunTclFile)" time="0.01" />
  <testcase classname="ptolemy.util.test.junit.AutoKnownFailedTests" name="[0] ThereAreNoKnowFailedTests (RunModel)" time="0.002" />
  <testcase classname="ptolemy.util.test.junit.AutoNameArchTests" name="[0] ThereAreNoAutoArchTests (RunModel)" time="0.022" />
  <testcase classname="ptolemy.util.test.junit.AutoTests" name="[0] /home/travis/build/icyphy/ptII/ptolemy/domains/sr/test/auto/ABRO.xml (RunModel)" time="0.906" />
  <testcase classname="ptolemy.util.test.junit.AutoTests" name="[1] /home/travis/build/icyphy/ptII/ptolemy/domains/sr/test/auto/BinaryNonstrictLogicGate.xml (RunModel)" time="0.05" />
  <testcase classname="ptolemy.util.test.junit.AutoTests" name="[2] /home/travis/build/icyphy/ptII/ptolemy/domains/sr/test/auto/CausalityLoop.xml (RunModel)" time="0.054" />
  <testcase classname="ptolemy.util.test.junit.AutoTests" name="[3] /home/travis/build/icyphy/ptII/ptolemy/domains/sr/test/auto/CausalityLoopErrorCaught.xml (RunModel)" time="0.07" />
  <testcase classname="ptolemy.util.test.junit.AutoTests" name="[4] /home/travis/build/icyphy/ptII/ptolemy/domains/sr/test/auto/CyPhySimFinerSubclock.xml (RunModel)" time="0.114" />
  <testcase classname="ptolemy.util.test.junit.AutoTests" name="[5] /home/travis/build/icyphy/ptII/ptolemy/domains/sr/test/auto/CyPhySimFinerSubclock2.xml (RunModel)" time="0.112" />
  <testcase classname="ptolemy.util.test.junit.AutoTests" name="[6] /home/travis/build/icyphy/ptII/ptolemy/domains/sr/test/auto/DEinSRinDE.xml (RunModel)" time="0.145" />
  <testcase classname="ptolemy.util.test.junit.AutoTests" name="[7] /home/travis/build/icyphy/ptII/ptolemy/domains/sr/test/auto/FeedbackLoop.xml (RunModel)" time="0.04" />
  <testcase classname="ptolemy.util.test.junit.AutoTests" name="[8] /home/travis/build/icyphy/ptII/ptolemy/domains/sr/test/auto/FinalState.xml (RunModel)" time="0.032" />
  <testcase classname="ptolemy.util.test.junit.AutoTests" name="[9] /home/travis/build/icyphy/ptII/ptolemy/domains/sr/test/auto/GuardedCount.xml (RunModel)" time="0.097" />
  <testcase classname="ptolemy.util.test.junit.AutoTests" name="[10] /home/travis/build/icyphy/ptII/ptolemy/domains/sr/test/auto/GuardedCountTimed.xml (RunModel)" time="0.057" />
  <testcase classname="ptolemy.util.test.junit.AutoTests" name="[11] /home/travis/build/icyphy/ptII/ptolemy/domains/sr/test/auto/MayAnalysisBreaksCausalityLoop.xml (RunModel)" time="0.035" />
  <testcase classname="ptolemy.util.test.junit.AutoTests" name="[12] /home/travis/build/icyphy/ptII/ptolemy/domains/sr/test/auto/MultipleOutputs.xml (RunModel)" time="0.073" />
  <testcase classname="ptolemy.util.test.junit.AutoTests" name="[13] /home/travis/build/icyphy/ptII/ptolemy/domains/sr/test/auto/MultipleOutputs2.xml (RunModel)" time="0.065" />
  <testcase classname="ptolemy.util.test.junit.AutoTests" name="[14] /home/travis/build/icyphy/ptII/ptolemy/domains/sr/test/auto/MultipleOutputs3.xml (RunModel)" time="0.077" />
  <testcase classname="ptolemy.util.test.junit.AutoTests" name="[15] /home/travis/build/icyphy/ptII/ptolemy/domains/sr/test/auto/QuantizedTime.xml (RunModel)" time="0.056" />
  <testcase classname="ptolemy.util.test.junit.AutoTests" name="[16] /home/travis/build/icyphy/ptII/ptolemy/domains/sr/test/auto/QuantizedTimeException.xml (RunModel)" time="0.068" />
  <testcase classname="ptolemy.util.test.junit.AutoTests" name="[17] /home/travis/build/icyphy/ptII/ptolemy/domains/sr/test/auto/SRActorOrientedModalModel.xml (RunModel)" time="0.639" />
  <testcase classname="ptolemy.util.test.junit.AutoTests" name="[18] /home/travis/build/icyphy/ptII/ptolemy/domains/sr/test/auto/SRcombine.xml (RunModel)" time="0.044" />
  <testcase classname="ptolemy.util.test.junit.AutoTests" name="[19] /home/travis/build/icyphy/ptII/ptolemy/domains/sr/test/auto/SRinDE.xml (RunModel)" time="0.057" />
  <testcase classname="ptolemy.util.test.junit.AutoTests" name="[20] /home/travis/build/icyphy/ptII/ptolemy/domains/sr/test/auto/SRinDEkickStart.xml (RunModel)" time="0.031" />
  <testcase classname="ptolemy.util.test.junit.AutoTests" name="[21] /home/travis/build/icyphy/ptII/ptolemy/domains/sr/test/auto/SRinDEsimpler.xml (RunModel)" time="0.036" />
  <testcase classname="ptolemy.util.test.junit.AutoTests" name="[22] /home/travis/build/icyphy/ptII/ptolemy/domains/sr/test/auto/SRinDEsimpler2.xml (RunModel)" time="0.02" />
  <testcase classname="ptolemy.util.test.junit.AutoTests" name="[23] /home/travis/build/icyphy/ptII/ptolemy/domains/sr/test/auto/SRinDEsimpler3.xml (RunModel)" time="0.021" />
  <testcase classname="ptolemy.util.test.junit.AutoTests" name="[24] /home/travis/build/icyphy/ptII/ptolemy/domains/sr/test/auto/SRmodalSuperdense.xml (RunModel)" time="0.048" />
  <testcase classname="ptolemy.util.test.junit.AutoTests" name="[25] /home/travis/build/icyphy/ptII/ptolemy/domains/sr/test/auto/SRmodalSuperdense2.xml (RunModel)" time="0.048" />
  <testcase classname="ptolemy.util.test.junit.AutoTests" name="[26] /home/travis/build/icyphy/ptII/ptolemy/domains/sr/test/auto/SRsubclock.xml (RunModel)" time="0.037" />
  <testcase classname="ptolemy.util.test.junit.AutoTests" name="[27] /home/travis/build/icyphy/ptII/ptolemy/domains/sr/test/auto/SRsubclock2.xml (RunModel)" time="0.029" />
  <testcase classname="ptolemy.util.test.junit.AutoTests" name="[28] /home/travis/build/icyphy/ptII/ptolemy/domains/sr/test/auto/TokenRing.xml (RunModel)" time="0.079" />
  <testcase classname="ptolemy.util.test.junit.AutoTests" name="[29] /home/travis/build/icyphy/ptII/ptolemy/domains/sr/test/auto/TrafficLight.xml (RunModel)" time="0.404" />
  <testcase classname="ptolemy.util.test.junit.AutoTests" name="[30] /home/travis/build/icyphy/ptII/ptolemy/domains/sr/test/auto/WirelessDeployment.xml (RunModel)" time="0.61" />
  <testcase classname="ptolemy.util.test.junit.AutoTests" name="[31] /home/travis/build/icyphy/ptII/ptolemy/domains/sr/test/auto/dynamicCausalityInterface1.xml (RunModel)" time="0.044" />
  <system-out><![CDATA[No tcl tests in /home/travis/build/icyphy/ptII/ptolemy/domains/sr/test
No auto/knownFailedTests/*.xml tests in /home/travis/build/icyphy/ptII/ptolemy/domains/sr/test
No auto/linux-amd64/*.xml tests in /home/travis/build/icyphy/ptII/ptolemy/domains/sr/test
AutoTests.java: About to close Vertx.
AutoTests.java: Vertx closed.

===========================================================================================
----------------- testing Wed Sep 16 16:18:30 UTC 2020 /home/travis/build/icyphy/ptII/ptolemy/domains/sr/test/auto/ABRO.xml
----------------- Instantiating /home/travis/build/icyphy/ptII/ptolemy/domains/sr/test/auto/ABRO.xml
208 ms. Memory: 129024K Free: 105466K (82%)
----------------- Invoking toplevel() on ptolemy.moml.MoMLSimpleApplication@7401fcb3
----------------- Done invoking toplevel() on ptolemy.moml.MoMLSimpleApplication@7401fcb3
reloadAllAccessors: .ABRO

===========================================================================================
----------------- testing Wed Sep 16 16:18:30 UTC 2020 /home/travis/build/icyphy/ptII/ptolemy/domains/sr/test/auto/BinaryNonstrictLogicGate.xml
----------------- Instantiating /home/travis/build/icyphy/ptII/ptolemy/domains/sr/test/auto/BinaryNonstrictLogicGate.xml
6 ms. Memory: 129024K Free: 101362K (79%)
----------------- Invoking toplevel() on ptolemy.moml.MoMLSimpleApplication@3b8c9165
----------------- Done invoking toplevel() on ptolemy.moml.MoMLSimpleApplication@3b8c9165
reloadAllAccessors: .BinaryNonstrictLogicGate

===========================================================================================
----------------- testing Wed Sep 16 16:18:31 UTC 2020 /home/travis/build/icyphy/ptII/ptolemy/domains/sr/test/auto/CausalityLoop.xml
----------------- Instantiating /home/travis/build/icyphy/ptII/ptolemy/domains/sr/test/auto/CausalityLoop.xml
10 ms. Memory: 129024K Free: 99322K (77%)
----------------- Invoking toplevel() on ptolemy.moml.MoMLSimpleApplication@791e213d
----------------- Done invoking toplevel() on ptolemy.moml.MoMLSimpleApplication@791e213d
reloadAllAccessors: .CausalityLoop

===========================================================================================
----------------- testing Wed Sep 16 16:18:31 UTC 2020 /home/travis/build/icyphy/ptII/ptolemy/domains/sr/test/auto/CausalityLoopErrorCaught.xml
----------------- Instantiating /home/travis/build/icyphy/ptII/ptolemy/domains/sr/test/auto/CausalityLoopErrorCaught.xml
17 ms. Memory: 129024K Free: 91708K (71%)
----------------- Invoking toplevel() on ptolemy.moml.MoMLSimpleApplication@4df139e6
----------------- Done invoking toplevel() on ptolemy.moml.MoMLSimpleApplication@4df139e6
reloadAllAccessors: .CausalityLoopErrorCaught

===========================================================================================
----------------- testing Wed Sep 16 16:18:31 UTC 2020 /home/travis/build/icyphy/ptII/ptolemy/domains/sr/test/auto/CyPhySimFinerSubclock.xml
----------------- Instantiating /home/travis/build/icyphy/ptII/ptolemy/domains/sr/test/auto/CyPhySimFinerSubclock.xml
36 ms. Memory: 129024K Free: 84998K (66%)
----------------- Invoking toplevel() on ptolemy.moml.MoMLSimpleApplication@2910c820
----------------- Done invoking toplevel() on ptolemy.moml.MoMLSimpleApplication@2910c820
reloadAllAccessors: .CyPhySimFinerSubclock

===========================================================================================
----------------- testing Wed Sep 16 16:18:31 UTC 2020 /home/travis/build/icyphy/ptII/ptolemy/domains/sr/test/auto/CyPhySimFinerSubclock2.xml
----------------- Instantiating /home/travis/build/icyphy/ptII/ptolemy/domains/sr/test/auto/CyPhySimFinerSubclock2.xml
23 ms. Memory: 129024K Free: 77776K (60%)
----------------- Invoking toplevel() on ptolemy.moml.MoMLSimpleApplication@55aa5f5e
----------------- Done invoking toplevel() on ptolemy.moml.MoMLSimpleApplication@55aa5f5e
reloadAllAccessors: .CyPhySimFinerSubclock2

===========================================================================================
----------------- testing Wed Sep 16 16:18:31 UTC 2020 /home/travis/build/icyphy/ptII/ptolemy/domains/sr/test/auto/DEinSRinDE.xml
----------------- Instantiating /home/travis/build/icyphy/ptII/ptolemy/domains/sr/test/auto/DEinSRinDE.xml
53 ms. Memory: 129024K Free: 106832K (83%)
----------------- Invoking toplevel() on ptolemy.moml.MoMLSimpleApplication@57b2e361
----------------- Done invoking toplevel() on ptolemy.moml.MoMLSimpleApplication@57b2e361
reloadAllAccessors: .DEinSRinDE

===========================================================================================
----------------- testing Wed Sep 16 16:18:31 UTC 2020 /home/travis/build/icyphy/ptII/ptolemy/domains/sr/test/auto/FeedbackLoop.xml
----------------- Instantiating /home/travis/build/icyphy/ptII/ptolemy/domains/sr/test/auto/FeedbackLoop.xml
4 ms. Memory: 129024K Free: 103064K (80%)
----------------- Invoking toplevel() on ptolemy.moml.MoMLSimpleApplication@75b8749
----------------- Done invoking toplevel() on ptolemy.moml.MoMLSimpleApplication@75b8749
reloadAllAccessors: .FeedbackLoop

===========================================================================================
----------------- testing Wed Sep 16 16:18:31 UTC 2020 /home/travis/build/icyphy/ptII/ptolemy/domains/sr/test/auto/FinalState.xml
----------------- Instantiating /home/travis/build/icyphy/ptII/ptolemy/domains/sr/test/auto/FinalState.xml
3 ms. Memory: 129024K Free: 97928K (76%)
----------------- Invoking toplevel() on ptolemy.moml.MoMLSimpleApplication@5179dc71
----------------- Done invoking toplevel() on ptolemy.moml.MoMLSimpleApplication@5179dc71
reloadAllAccessors: .FinalState

===========================================================================================
----------------- testing Wed Sep 16 16:18:31 UTC 2020 /home/travis/build/icyphy/ptII/ptolemy/domains/sr/test/auto/GuardedCount.xml
----------------- Instantiating /home/travis/build/icyphy/ptII/ptolemy/domains/sr/test/auto/GuardedCount.xml
30 ms. Memory: 129024K Free: 89459K (69%)
----------------- Invoking toplevel() on ptolemy.moml.MoMLSimpleApplication@5d3c678f
----------------- Done invoking toplevel() on ptolemy.moml.MoMLSimpleApplication@5d3c678f
reloadAllAccessors: .GuardedCount

===========================================================================================
----------------- testing Wed Sep 16 16:18:31 UTC 2020 /home/travis/build/icyphy/ptII/ptolemy/domains/sr/test/auto/GuardedCountTimed.xml
----------------- Instantiating /home/travis/build/icyphy/ptII/ptolemy/domains/sr/test/auto/GuardedCountTimed.xml
14 ms. Memory: 129024K Free: 81237K (63%)
----------------- Invoking toplevel() on ptolemy.moml.MoMLSimpleApplication@3f1fa5c8
----------------- Done invoking toplevel() on ptolemy.moml.MoMLSimpleApplication@3f1fa5c8
reloadAllAccessors: .GuardedCountTimed

===========================================================================================
----------------- testing Wed Sep 16 16:18:31 UTC 2020 /home/travis/build/icyphy/ptII/ptolemy/domains/sr/test/auto/MayAnalysisBreaksCausalityLoop.xml
----------------- Instantiating /home/travis/build/icyphy/ptII/ptolemy/domains/sr/test/auto/MayAnalysisBreaksCausalityLoop.xml
6 ms. Memory: 129024K Free: 74061K (57%)
----------------- Invoking toplevel() on ptolemy.moml.MoMLSimpleApplication@5e0f83fb
----------------- Done invoking toplevel() on ptolemy.moml.MoMLSimpleApplication@5e0f83fb
reloadAllAccessors: .MayAnalysisBreaksCausalityLoop

===========================================================================================
----------------- testing Wed Sep 16 16:18:31 UTC 2020 /home/travis/build/icyphy/ptII/ptolemy/domains/sr/test/auto/MultipleOutputs.xml
----------------- Instantiating /home/travis/build/icyphy/ptII/ptolemy/domains/sr/test/auto/MultipleOutputs.xml
23 ms. Memory: 129024K Free: 113393K (88%)
----------------- Invoking toplevel() on ptolemy.moml.MoMLSimpleApplication@5a0953ac
----------------- Done invoking toplevel() on ptolemy.moml.MoMLSimpleApplication@5a0953ac
reloadAllAccessors: .MultipleOutputs

===========================================================================================
----------------- testing Wed Sep 16 16:18:31 UTC 2020 /home/travis/build/icyphy/ptII/ptolemy/domains/sr/test/auto/MultipleOutputs2.xml
----------------- Instantiating /home/travis/build/icyphy/ptII/ptolemy/domains/sr/test/auto/MultipleOutputs2.xml
21 ms. Memory: 129024K Free: 105705K (82%)
----------------- Invoking toplevel() on ptolemy.moml.MoMLSimpleApplication@5a341b2d
----------------- Done invoking toplevel() on ptolemy.moml.MoMLSimpleApplication@5a341b2d
reloadAllAccessors: .MultipleOutputs2

===========================================================================================
----------------- testing Wed Sep 16 16:18:31 UTC 2020 /home/travis/build/icyphy/ptII/ptolemy/domains/sr/test/auto/MultipleOutputs3.xml
----------------- Instantiating /home/travis/build/icyphy/ptII/ptolemy/domains/sr/test/auto/MultipleOutputs3.xml
18 ms. Memory: 129024K Free: 97017K (75%)
----------------- Invoking toplevel() on ptolemy.moml.MoMLSimpleApplication@4510a806
----------------- Done invoking toplevel() on ptolemy.moml.MoMLSimpleApplication@4510a806
reloadAllAccessors: .MultipleOutputs3

===========================================================================================
----------------- testing Wed Sep 16 16:18:32 UTC 2020 /home/travis/build/icyphy/ptII/ptolemy/domains/sr/test/auto/QuantizedTime.xml
----------------- Instantiating /home/travis/build/icyphy/ptII/ptolemy/domains/sr/test/auto/QuantizedTime.xml
19 ms. Memory: 129024K Free: 92470K (72%)
----------------- Invoking toplevel() on ptolemy.moml.MoMLSimpleApplication@6d6ea9bc
----------------- Done invoking toplevel() on ptolemy.moml.MoMLSimpleApplication@6d6ea9bc
reloadAllAccessors: .QuantizedTime

===========================================================================================
----------------- testing Wed Sep 16 16:18:32 UTC 2020 /home/travis/build/icyphy/ptII/ptolemy/domains/sr/test/auto/QuantizedTimeException.xml
----------------- Instantiating /home/travis/build/icyphy/ptII/ptolemy/domains/sr/test/auto/QuantizedTimeException.xml
31 ms. Memory: 129024K Free: 87273K (68%)
----------------- Invoking toplevel() on ptolemy.moml.MoMLSimpleApplication@1e0019e4
----------------- Done invoking toplevel() on ptolemy.moml.MoMLSimpleApplication@1e0019e4
reloadAllAccessors: .QuantizedTimeException

===========================================================================================
----------------- testing Wed Sep 16 16:18:32 UTC 2020 /home/travis/build/icyphy/ptII/ptolemy/domains/sr/test/auto/SRActorOrientedModalModel.xml
----------------- Instantiating /home/travis/build/icyphy/ptII/ptolemy/domains/sr/test/auto/SRActorOrientedModalModel.xml
480 ms. Memory: 129024K Free: 84919K (66%)
----------------- Invoking toplevel() on ptolemy.moml.MoMLSimpleApplication@166082be
----------------- Done invoking toplevel() on ptolemy.moml.MoMLSimpleApplication@166082be
reloadAllAccessors: .SRActorOrientedModalModel

===========================================================================================
----------------- testing Wed Sep 16 16:18:32 UTC 2020 /home/travis/build/icyphy/ptII/ptolemy/domains/sr/test/auto/SRcombine.xml
----------------- Instantiating /home/travis/build/icyphy/ptII/ptolemy/domains/sr/test/auto/SRcombine.xml
16 ms. Memory: 129024K Free: 77528K (60%)
----------------- Invoking toplevel() on ptolemy.moml.MoMLSimpleApplication@663276c2
----------------- Done invoking toplevel() on ptolemy.moml.MoMLSimpleApplication@663276c2
reloadAllAccessors: .SRcombine

===========================================================================================
----------------- testing Wed Sep 16 16:18:32 UTC 2020 /home/travis/build/icyphy/ptII/ptolemy/domains/sr/test/auto/SRinDE.xml
----------------- Instantiating /home/travis/build/icyphy/ptII/ptolemy/domains/sr/test/auto/SRinDE.xml
10 ms. Memory: 129024K Free: 70087K (54%)
----------------- Invoking toplevel() on ptolemy.moml.MoMLSimpleApplication@42fe155e
----------------- Done invoking toplevel() on ptolemy.moml.MoMLSimpleApplication@42fe155e
reloadAllAccessors: .SRinDE

===========================================================================================
----------------- testing Wed Sep 16 16:18:32 UTC 2020 /home/travis/build/icyphy/ptII/ptolemy/domains/sr/test/auto/SRinDEkickStart.xml
----------------- Instantiating /home/travis/build/icyphy/ptII/ptolemy/domains/sr/test/auto/SRinDEkickStart.xml
5 ms. Memory: 129024K Free: 65155K (50%)
----------------- Invoking toplevel() on ptolemy.moml.MoMLSimpleApplication@57231cc2
----------------- Done invoking toplevel() on ptolemy.moml.MoMLSimpleApplication@57231cc2
reloadAllAccessors: .SRinDEkickStart

===========================================================================================
----------------- testing Wed Sep 16 16:18:32 UTC 2020 /home/travis/build/icyphy/ptII/ptolemy/domains/sr/test/auto/SRinDEsimpler.xml
----------------- Instantiating /home/travis/build/icyphy/ptII/ptolemy/domains/sr/test/auto/SRinDEsimpler.xml
3 ms. Memory: 129024K Free: 60871K (47%)
----------------- Invoking toplevel() on ptolemy.moml.MoMLSimpleApplication@64210e0f
----------------- Done invoking toplevel() on ptolemy.moml.MoMLSimpleApplication@64210e0f
reloadAllAccessors: .SRinDEsimpler

===========================================================================================
----------------- testing Wed Sep 16 16:18:32 UTC 2020 /home/travis/build/icyphy/ptII/ptolemy/domains/sr/test/auto/SRinDEsimpler2.xml
----------------- Instantiating /home/travis/build/icyphy/ptII/ptolemy/domains/sr/test/auto/SRinDEsimpler2.xml
3 ms. Memory: 129024K Free: 56009K (43%)
----------------- Invoking toplevel() on ptolemy.moml.MoMLSimpleApplication@3dda37d4
----------------- Done invoking toplevel() on ptolemy.moml.MoMLSimpleApplication@3dda37d4
reloadAllAccessors: .SRinDEsimpler2

===========================================================================================
----------------- testing Wed Sep 16 16:18:33 UTC 2020 /home/travis/build/icyphy/ptII/ptolemy/domains/sr/test/auto/SRinDEsimpler3.xml
----------------- Instantiating /home/travis/build/icyphy/ptII/ptolemy/domains/sr/test/auto/SRinDEsimpler3.xml
3 ms. Memory: 129024K Free: 49881K (39%)
----------------- Invoking toplevel() on ptolemy.moml.MoMLSimpleApplication@4794496a
----------------- Done invoking toplevel() on ptolemy.moml.MoMLSimpleApplication@4794496a
reloadAllAccessors: .SRinDEsimpler3

===========================================================================================
----------------- testing Wed Sep 16 16:18:33 UTC 2020 /home/travis/build/icyphy/ptII/ptolemy/domains/sr/test/auto/SRmodalSuperdense.xml
----------------- Instantiating /home/travis/build/icyphy/ptII/ptolemy/domains/sr/test/auto/SRmodalSuperdense.xml
24 ms. Memory: 155648K Free: 140741K (90%)
----------------- Invoking toplevel() on ptolemy.moml.MoMLSimpleApplication@3222c1d7
----------------- Done invoking toplevel() on ptolemy.moml.MoMLSimpleApplication@3222c1d7
reloadAllAccessors: .SRmodalSuperdense

===========================================================================================
----------------- testing Wed Sep 16 16:18:33 UTC 2020 /home/travis/build/icyphy/ptII/ptolemy/domains/sr/test/auto/SRmodalSuperdense2.xml
----------------- Instantiating /home/travis/build/icyphy/ptII/ptolemy/domains/sr/test/auto/SRmodalSuperdense2.xml
15 ms. Memory: 155648K Free: 129290K (83%)
----------------- Invoking toplevel() on ptolemy.moml.MoMLSimpleApplication@588562d1
----------------- Done invoking toplevel() on ptolemy.moml.MoMLSimpleApplication@588562d1
reloadAllAccessors: .SRmodalSuperdense2

===========================================================================================
----------------- testing Wed Sep 16 16:18:33 UTC 2020 /home/travis/build/icyphy/ptII/ptolemy/domains/sr/test/auto/SRsubclock.xml
----------------- Instantiating /home/travis/build/icyphy/ptII/ptolemy/domains/sr/test/auto/SRsubclock.xml
8 ms. Memory: 155648K Free: 124756K (80%)
----------------- Invoking toplevel() on ptolemy.moml.MoMLSimpleApplication@40ac3156
----------------- Done invoking toplevel() on ptolemy.moml.MoMLSimpleApplication@40ac3156
reloadAllAccessors: .SRsubclock

===========================================================================================
----------------- testing Wed Sep 16 16:18:33 UTC 2020 /home/travis/build/icyphy/ptII/ptolemy/domains/sr/test/auto/SRsubclock2.xml
----------------- Instantiating /home/travis/build/icyphy/ptII/ptolemy/domains/sr/test/auto/SRsubclock2.xml
7 ms. Memory: 155648K Free: 119642K (77%)
----------------- Invoking toplevel() on ptolemy.moml.MoMLSimpleApplication@16d80935
----------------- Done invoking toplevel() on ptolemy.moml.MoMLSimpleApplication@16d80935
reloadAllAccessors: .SRsubclock2

===========================================================================================
----------------- testing Wed Sep 16 16:18:33 UTC 2020 /home/travis/build/icyphy/ptII/ptolemy/domains/sr/test/auto/TokenRing.xml
----------------- Instantiating /home/travis/build/icyphy/ptII/ptolemy/domains/sr/test/auto/TokenRing.xml
18 ms. Memory: 155648K Free: 98570K (63%)
----------------- Invoking toplevel() on ptolemy.moml.MoMLSimpleApplication@34da2b1
----------------- Done invoking toplevel() on ptolemy.moml.MoMLSimpleApplication@34da2b1
reloadAllAccessors: .TokenRing

===========================================================================================
----------------- testing Wed Sep 16 16:18:33 UTC 2020 /home/travis/build/icyphy/ptII/ptolemy/domains/sr/test/auto/TrafficLight.xml
----------------- Instantiating /home/travis/build/icyphy/ptII/ptolemy/domains/sr/test/auto/TrafficLight.xml
205 ms. Memory: 155648K Free: 58787K (38%)
----------------- Invoking toplevel() on ptolemy.moml.MoMLSimpleApplication@64031e19
----------------- Done invoking toplevel() on ptolemy.moml.MoMLSimpleApplication@64031e19
reloadAllAccessors: .TrafficLight

===========================================================================================
----------------- testing Wed Sep 16 16:18:33 UTC 2020 /home/travis/build/icyphy/ptII/ptolemy/domains/sr/test/auto/WirelessDeployment.xml
----------------- Instantiating /home/travis/build/icyphy/ptII/ptolemy/domains/sr/test/auto/WirelessDeployment.xml
395 ms. Memory: 155648K Free: 81971K (53%)
----------------- Invoking toplevel() on ptolemy.moml.MoMLSimpleApplication@17ec02b9
----------------- Done invoking toplevel() on ptolemy.moml.MoMLSimpleApplication@17ec02b9
reloadAllAccessors: .WirelessDeployment

===========================================================================================
----------------- testing Wed Sep 16 16:18:34 UTC 2020 /home/travis/build/icyphy/ptII/ptolemy/domains/sr/test/auto/dynamicCausalityInterface1.xml
----------------- Instantiating /home/travis/build/icyphy/ptII/ptolemy/domains/sr/test/auto/dynamicCausalityInterface1.xml
18 ms. Memory: 155648K Free: 71227K (46%)
----------------- Invoking toplevel() on ptolemy.moml.MoMLSimpleApplication@22ef72b6
----------------- Done invoking toplevel() on ptolemy.moml.MoMLSimpleApplication@22ef72b6
reloadAllAccessors: .dynamicCausalityInterface1
AutoTests.java: About to close Vertx.
AutoTests.java: Vertx closed.
]]></system-out>
  <system-err><![CDATA[]]></system-err>
</testsuite>
