<?xml version="1.0" encoding="UTF-8" ?>
<testsuite errors="0" failures="0" hostname="travis-job-93d8d1dc-11af-479a-847e-f916540cb33e" name="ptolemy.actor.lib.test.junit.JUnitTclTest" skipped="0" tests="517" time="58.86" timestamp="2022-07-06T02:16:21">
  <properties>
    <property name="env.OLDPWD" value="/home/travis/build/icyphy/ptII" />
    <property name="npm.executable" value="npm" />
    <property name="env.TRAVIS_ROOT" value="/" />
    <property name="ptII.mk.exists" value="true" />
    <property name="env.TRAVIS_APP_HOST" value="build.travis-ci.com" />
    <property name="env.rvm_bin_path" value="/home/travis/.rvm/bin" />
    <property name="java.home" value="/usr/local/lib/jvm/openjdk11" />
    <property name="env.TRAVIS_JOB_NUMBER" value="1862.9" />
    <property name="env.TRAVIS_HOME" value="/home/travis" />
    <property name="env.DISPLAY" value=":99.0" />
    <property name="env.TRAVIS_INIT" value="systemd" />
    <property name="env.SSH_TTY" value="/dev/pts/0" />
    <property name="java.net.preferIPv4Stack" value="true" />
    <property name="env.RUN_TESTS" value="true" />
    <property name="timeout.short" value="1000000" />
    <property name="junit.formatter" value="xml" />
    <property name="env.TRAVIS_SUDO" value="true" />
    <property name="env.TRAVIS_JOB_NAME" value="" />
    <property name="env.TRAVIS_STACK_NODE_ATTRIBUTES" value="/.node-attributes.yml" />
    <property name="env.LOGNAME" value="travis" />
    <property name="env.PT_TRAVIS_TEST_CORE1_XML" value="true" />
    <property name="jsdoc.home" value="node_modules/@terraswarm/jsdoc" />
    <property name="debuglevel" value="source,lines,vars" />
    <property name="checkstyle.formatter" value="xml" />
    <property name="bin.vergil.makeable" value="true" />
    <property name="sun.os.patch.level" value="unknown" />
    <property name="java.vendor.url" value="http://java.oracle.com/" />
    <property name="env.TRAVIS_BUILD_WEB_URL" value="https://app.travis-ci.com/icyphy/ptII/builds/252805488" />
    <property name="java.version" value="11.0.2" />
    <property name="env.TZ" value="UTC" />
    <property name="env.TRAVIS_PULL_REQUEST_SHA" value="" />
    <property name="env.PT_NO_NET" value="true" />
    <property name="env.TRAVIS_SECURE_ENV_VARS" value="true" />
    <property name="java.vendor.url.bug" value="http://bugreport.java.com/bugreport/" />
    <property name="npmjs-org-is-up" value="true" />
    <property name="env.LANGUAGE" value="en_US.UTF-8" />
    <property name="env.SSH_CLIENT" value="10.16.1.39 45274 22" />
    <property name="env.GEM_HOME" value="/home/travis/.rvm/gems/ruby-2.5.3" />
    <property name="env.HAS_ANTARES_THREE_LITTLE_FRONZIES_BADGE" value="true" />
    <property name="java.version.date" value="2019-01-15" />
    <property name="env.PS4" value="+" />
    <property name="ant.project.invoked-targets" value="build,test.core1.xml" />
    <property name="env.TRAVIS_PULL_REQUEST_BRANCH" value="" />
    <property name="env.TRAVIS_REPO_SLUG" value="icyphy/ptII" />
    <property name="env.XDG_DATA_DIRS" value="/usr/local/share:/usr/share:/var/lib/snapd/desktop" />
    <property name="jdk.debug" value="release" />
    <property name="env.TRAVIS_APT_PROXY" value="http://build-cache.travisci.net" />
    <property name="env.TRAVIS_CPU_ARCH" value="amd64" />
    <property name="node.in.path" value="true" />
    <property name="user.name" value="travis" />
    <property name="java.maxmemory" value="1400m" />
    <property name="env.RUBY_VERSION" value="ruby-2.5.3" />
    <property name="env.LANG" value="en_US.UTF-8" />
    <property name="sun.io.unicode.encoding" value="UnicodeLittle" />
    <property name="sun.jnu.encoding" value="UTF-8" />
    <property name="java.runtime.name" value="OpenJDK Runtime Environment" />
    <property name="usefile" value="false" />
    <property name="return.code" value="0" />
    <property name="junit.single.formatter" value="plain" />
    <property name="env.DYLD_LIBRARY_PATH" value="/home/travis/pthla/certi-tools/lib:" />
    <property name="env.DEBIAN_FRONTEND" value="noninteractive" />
    <property name="env.SSH_CONNECTION" value="10.16.1.39 45274 10.30.0.71 22" />
    <property name="env.MYSQL_UNIX_PORT" value="/var/run/mysqld/mysqld.sock" />
    <property name="env.LC_ALL" value="en_US.UTF-8" />
    <property name="env.TRAVIS_ALLOW_FAILURE" value="" />
    <property name="env.TRAVIS_JOB_WEB_URL" value="https://app.travis-ci.com/icyphy/ptII/jobs/575718083" />
    <property name="java.specification.name" value="Java Platform API Specification" />
    <property name="node.works" value="true" />
    <property name="user.timezone" value="" />
    <property name="path.separator" value=":" />
    <property name="env.TRAVIS_ENABLE_INFRA_DETECTION" value="true" />
    <property name="env.PYTHON_CFLAGS" value="-g -fstack-protector --param=ssp-buffer-size=4 -Wformat -Werror=format-security" />
    <property name="timeout.long" value="4000000" />
    <property name="env.CERTI_HOME" value="/home/travis/pthla/certi-tools" />
    <property name="ant.file.ptII" value="/home/travis/build/icyphy/ptII/build.xml" />
    <property name="javadoc.packagenames" value="com.*,diva.*,lbnl.*,org.hlacerti.*,org.json.*,org.ptolemy.*,org.terraswarm.*,ptolemy.*,ptserver.*" />
    <property name="file.encoding" value="UTF-8" />
    <property name="env.TRAVIS_PULL_REQUEST_SLUG" value="" />
    <property name="ant.project.default-target" value="build" />
    <property name="env.GIT_ASKPASS" value="echo" />
    <property name="env.HOME" value="/home/travis" />
    <property name="sun.java.command" value="org.apache.tools.ant.taskdefs.optional.junit.JUnitTestRunner ptolemy.actor.lib.test.junit.JUnitTclTest skipNonTests=false filtertrace=true haltOnError=false haltOnFailure=false formatter=org.apache.tools.ant.taskdefs.optional.junit.OutErrSummaryJUnitResultFormatter showoutput=true outputtoformatters=true logfailedtests=true threadid=0 logtestlistenerevents=false formatter=org.apache.tools.ant.taskdefs.optional.junit.XMLJUnitResultFormatter,/home/travis/build/icyphy/ptII/reports/junit/TEST-ptolemy.actor.lib.test.junit.JUnitTclTest.xml crashfile=/home/travis/build/icyphy/ptII/junitvmwatcher2855778473870568060.properties propsfile=/home/travis/build/icyphy/ptII/junit13191776852288585705.properties" />
    <property name="env.COMPOSER_NO_INTERACTION" value="1" />
    <property name="env.MANPATH" value="/home/travis/.nvm/versions/node/v7.10.1/share/man:/home/travis/.rvm/rubies/ruby-2.5.3/share/man:/usr/local/cmake-3.12.4/man:/usr/local/clang-7.0.0/share/man:/usr/local/man:/usr/local/share/man:/usr/share/man:/home/travis/.rvm/man" />
    <property name="env.TRAVIS_TIMER_ID" value="09f3fe4c" />
    <property name="ant.file" value="/home/travis/build/icyphy/ptII/build.xml" />
    <property name="env.TRAVIS_COMMIT_RANGE" value="872d2759c11419c6c148914806a18a5fe16003e0...97c84c86e87328bd066bc560e7f5b65fa1c4b652" />
    <property name="ptII.classpath.optional.property" value="/home/travis/build/icyphy/ptII/lib/asm-all-5.2.jar:/home/travis/build/icyphy/ptII/lib/nashorn-core-15.3.jar:/home/travis/build/icyphy/ptII/lib/bsh-2.0b4.jar:/home/travis/build/icyphy/ptII/lib/ptCal.jar:/home/travis/build/icyphy/ptII/lib/java_cup.jar:/home/travis/build/icyphy/ptII/lib/saxon8.jar:/home/travis/build/icyphy/ptII/lib/saxon8-dom.jar:/home/travis/build/icyphy/ptII/lib/chic.jar:/home/travis/build/icyphy/ptII/lib/ptcolt.jar:/home/travis/build/icyphy/ptII/vendors/misc/itext/iText.jar:/home/travis/build/icyphy/ptII/lib/g4ltl.jar:/home/travis/build/icyphy/ptII/lib/StructuralCoder.jar:/home/travis/build/icyphy/ptII/lib/jcerti.jar:/home/travis/build/icyphy/ptII/lib/javax.mail.jar:/home/travis/build/icyphy/ptII/vendors/JMF-2.1.1e/lib/jmf.jar:/home/travis/build/icyphy/ptII/lib/jna-4.0.0-variadic.jar:/home/travis/build/icyphy/ptII/vendors/misc/joystick/Joystick.jar:/home/travis/build/icyphy/ptII/lib/ptjacl.jar:/home/travis/build/icyphy/ptII/lib/jsoup-1.14.2.jar:/home/travis/build/icyphy/ptII/lib/junit-4.8.2.jar:/home/travis/build/icyphy/ptII/lib/JUnitParams-0.4.0.jar:/home/travis/build/icyphy/ptII/ptolemy/actor/lib/excel/jxl.jar:/home/travis/build/icyphy/ptII/lib/jython.jar:/home/travis/build/icyphy/ptII/lib/kieler.jar:/home/travis/build/icyphy/ptII/vendors/opencv/share/OpenCV/java/opencv-341.jar:/home/travis/build/icyphy/ptII/lib/oscP5.jar:/home/travis/build/icyphy/ptII/lib/nrjavaserial-3.11.0.devel.jar:/home/travis/build/icyphy/ptII/vendors/j3d/lib/Linux/j3dcore.jar:/home/travis/build/icyphy/ptII/vendors/j3d/lib/Linux/j3dutils.jar:/home/travis/build/icyphy/ptII/vendors/j3d/lib/Linux/vecmath.jar:/home/travis/build/icyphy/ptII/vendors/jogl/lib/Linux/gluegen-rt-natives-linux-amd64.jar:/home/travis/build/icyphy/ptII/vendors/jogl/lib/Linux/gluegen-rt.jar:/home/travis/build/icyphy/ptII/vendors/jogl/lib/Linux/jogl-all-natives-linux-amd64.jar:/home/travis/build/icyphy/ptII/vendors/jogl/lib/Linux/jogl-all.jar:/home/travis/build/icyphy/ptII/ptolemy/distributed/jini/jar/jini-core.jar:/home/travis/build/icyphy/ptII/ptolemy/distributed/jini/jar/jini-ext.jar:/home/travis/build/icyphy/ptII/ptolemy/distributed/jini/jar/sun-util.jar:/home/travis/build/icyphy/ptII/lib/protobuf-java-2.4.1.jar:/home/travis/build/icyphy/ptII/lib/org.eclipse.paho.client.mqttv3.jar:/home/travis/build/icyphy/ptII/lib/mapss.jar:/home/travis/build/icyphy/ptII/ptolemy/actor/ptalon/antlr/antlr.jar:/home/travis/build/icyphy/ptII/lib/JRI.jar:/home/travis/build/icyphy/ptII/lib/commons-lang-2.6.jar:/home/travis/build/icyphy/ptII/lib/commons-logging-1.1.1.jar:/home/travis/build/icyphy/ptII/lib/sootclasses.jar:/home/travis/build/icyphy/ptII/ptolemy/actor/lib/database/mysql-connector-java-8.0.26.jar:/home/travis/build/icyphy/ptII/vendors/misc/sphinx4/sphinx4-data-5prealpha.jar:/home/travis/build/icyphy/ptII/vendors/misc/sphinx4/sphinx4-core-5prealpha.jar:/home/travis/build/icyphy/ptII/lib/PDFRenderer.jar:/home/travis/build/icyphy/ptII/lib/svgSalamander.jar:/home/travis/build/icyphy/ptII/lib/rsyntaxtextarea-2.6.0-SNAPSHOT.jar:/home/travis/build/icyphy/ptII/lib/hazelcast-3.8.2.jar:/home/travis/build/icyphy/ptII/lib/jackson-annotations-2.9.0.jar:/home/travis/build/icyphy/ptII/lib/jackson-core-2.9.3.jar:/home/travis/build/icyphy/ptII/lib/jackson-databind-2.9.3.jar:/home/travis/build/icyphy/ptII/lib/netty-buffer-4.1.19.Final.jar:/home/travis/build/icyphy/ptII/lib/netty-codec-4.1.19.Final.jar:/home/travis/build/icyphy/ptII/lib/netty-codec-dns-4.1.19.Final.jar:/home/travis/build/icyphy/ptII/lib/netty-codec-http-4.1.19.Final.jar:/home/travis/build/icyphy/ptII/lib/netty-codec-http2-4.1.19.Final.jar:/home/travis/build/icyphy/ptII/lib/netty-common-4.1.19.Final.jar:/home/travis/build/icyphy/ptII/lib/netty-handler-4.1.19.Final.jar:/home/travis/build/icyphy/ptII/lib/netty-resolver-4.1.19.Final.jar:/home/travis/build/icyphy/ptII/lib/netty-resolver-dns-4.1.19.Final.jar:/home/travis/build/icyphy/ptII/lib/netty-transport-4.1.19.Final.jar:/home/travis/build/icyphy/ptII/lib/vertx-codegen-3.5.1.jar:/home/travis/build/icyphy/ptII/lib/vertx-core-3.5.2-SNAPSHOT.jar:/home/travis/build/icyphy/ptII/lib/vertx-hazelcast-3.5.1.jar:/home/travis/build/icyphy/ptII/lib/vertx-lang-js-3.5.1.jar:/home/travis/build/icyphy/ptII/lib/vertx-service-proxy-3.5.1.jar:/home/travis/build/icyphy/ptII/lib/vertx-web-3.5.1.jar:/home/travis/build/icyphy/ptII/lib/slf4j-api-1.7.13.jar:/home/travis/build/icyphy/ptII/lib/slf4j-simple-1.7.13.jar:/home/travis/build/icyphy/ptII/lib/webcam-capture-0.3.12.jar:/home/travis/build/icyphy/ptII/lib/bridj-0.7.0.jar:/home/travis/build/icyphy/ptII/lib/xbjlib-1.1.0.nrjavaserial.jar" />
    <property name="timeout" value="2400000" />
    <property name="test.batch" value="**/junit/*.java" />
    <property name="env._" value="/usr/bin/timeout" />
    <property name="java.io.tmpdir" value="/tmp" />
    <property name="user.language" value="en" />
    <property name="env.TRAVIS_INTERNAL_RUBY_REGEX" value="^ruby-(2\.[0-4]\.[0-9]|1\.9\.3)" />
    <property name="env.HISTCONTROL" value="ignoredups:ignorespace" />
    <property name="env.GOROOT" value="/home/travis/.gimme/versions/go1.11.1.linux.amd64" />
    <property name="line.separator" value="&#xa;" />
    <property name="target" value="11" />
    <property name="env.TRAVIS_BUILD_DIR" value="/home/travis/build/icyphy/ptII" />
    <property name="env.ANT_OPTS" value="-Xmx2048m" />
    <property name="ant.file.type" value="file" />
    <property name="ptolemy.ptII.batchMode" value="true" />
    <property name="env.HISTSIZE" value="1000" />
    <property name="env.MERB_ENV" value="test" />
    <property name="java.vm.info" value="mixed mode" />
    <property name="source" value="11" />
    <property name="java.vm.specification.name" value="Java Virtual Machine Specification" />
    <property name="env.TRAVIS_TEST_RESULT" value="0" />
    <property name="jsdoc.command" value="node_modules/@terraswarm/jsdoc/jsdoc.js" />
    <property name="npm.works" value="true" />
    <property name="cobertura.dir" value="/home/travis/build/icyphy/ptII/vendors/cobertura-2.0.3" />
    <property name="env.rvm_path" value="/home/travis/.rvm" />
    <property name="env.GEM_PATH" value="/home/travis/.rvm/gems/ruby-2.5.3:/home/travis/.rvm/gems/ruby-2.5.3@global" />
    <property name="env.LC_CTYPE" value="en_US.UTF-8" />
    <property name="env.TRAVIS_CMD" value="$PTII/bin/ptIITravisBuild.sh $SECONDS" />
    <property name="java.awt.printerjob" value="sun.print.PSPrinterJob" />
    <property name="env.TRAVIS_STACK_NAME" value="sardonyx" />
    <property name="env.TRAVIS_TIMER_START_TIME" value="1657073410631623884" />
    <property name="ant.version" value="Apache Ant(TM) version 1.10.1 compiled on February 2 2017" />
    <property name="ptII.reports" value="/home/travis/build/icyphy/ptII/reports" />
    <property name="env.TRAVIS_STACK_TIMESTAMP" value="2022-03-21 11:29:05 UTC" />
    <property name="ant.file.type.ptII" value="file" />
    <property name="env.RBENV_SHELL" value="bash" />
    <property name="os.name" value="Linux" />
    <property name="java.specification.vendor" value="Oracle Corporation" />
    <property name="env.rvm_version" value="1.29.12 (latest)" />
    <property name="env.TRAVIS_INFRA" value="unknown" />
    <property name="env.TERM" value="xterm" />
    <property name="java.vm.name" value="OpenJDK 64-Bit Server VM" />
    <property name="env.TRAVIS_BUILD_NUMBER" value="1862" />
    <property name="env.CI" value="true" />
    <property name="java.library.path" value="/home/travis/pthla/certi-tools/lib:/usr/lib/jni:/usr/local/share/OpenCV/java/:/usr/share/OpenCV/java::/usr/java/packages/lib:/usr/lib64:/lib64:/lib:/usr/lib" />
    <property name="jdk.module.path" value="/home/travis/build/icyphy/ptII/vendors/javafx/javafx-sdk-11.0.2/lib:" />
    <property name="env.rvm_prefix" value="/home/travis" />
    <property name="env.PATH" value="/home/travis/pthla/certi-tools/share/scripts:/home/travis/.rvm/gems/ruby-2.5.3/bin:/home/travis/.rvm/gems/ruby-2.5.3@global/bin:/home/travis/.rvm/rubies/ruby-2.5.3/bin:/home/travis/.rvm/bin:./node_modules/.bin:/home/travis/build/icyphy/ptII/bin:/home/travis/pthla/certi-tools/bin:/home/travis/bin:/home/travis/.local/bin:/usr/local/lib/jvm/openjdk11/bin:/opt/pyenv/shims:/home/travis/.phpenv/shims:/home/travis/perl5/perlbrew/bin:/home/travis/.nvm/versions/node/v7.10.1/bin:/home/travis/gopath/bin:/home/travis/.gimme/versions/go1.11.1.linux.amd64/bin:/usr/local/maven-3.6.3/bin:/usr/local/cmake-3.12.4/bin:/usr/local/clang-7.0.0/bin:/usr/local/sbin:/usr/local/bin:/usr/sbin:/usr/bin:/sbin:/bin:/snap/bin:/home/travis/.phpenv/bin:/opt/pyenv/bin:/home/travis/.yarn/bin" />
    <property name="env.TRAVIS_OS_NAME" value="linux" />
    <property name="ant.java.version" value="9" />
    <property name="basedir" value="/home/travis/build/icyphy/ptII" />
    <property name="java.class.version" value="55.0" />
    <property name="env.SHLVL" value="3" />
    <property name="env.LD_LIBRARY_PATH" value="/home/travis/pthla/certi-tools/lib:/usr/lib/jni:/usr/local/share/OpenCV/java/:/usr/share/OpenCV/java:" />
    <property name="env.RACK_ENV" value="test" />
    <property name="ant.home" value="/home/travis/build/icyphy/ptII/ant" />
    <property name="env.NVM_DIR" value="/home/travis/.nvm" />
    <property name="env.CERTI_FOM_PATH" value="/home/travis/pthla/certi-tools/share/federations" />
    <property name="env.TRAVIS_BUILD_ID" value="252805488" />
    <property name="env.PYENV_ROOT" value="/opt/pyenv" />
    <property name="env.TRAVIS_UID" value="2000" />
    <property name="prism.verbose" value="true" />
    <property name="env.NVM_BIN" value="/home/travis/.nvm/versions/node/v7.10.1/bin" />
    <property name="env.TRAVIS_COMMIT" value="97c84c86e87328bd066bc560e7f5b65fa1c4b652" />
    <property name="node.executable" value="node" />
    <property name="sun.boot.library.path" value="/usr/local/lib/jvm/openjdk11/lib" />
    <property name="sun.management.compiler" value="HotSpot 64-Bit Tiered Compilers" />
    <property name="java.awt.graphicsenv" value="sun.awt.X11GraphicsEnvironment" />
    <property name="env.GOPATH" value="/home/travis/gopath" />
    <property name="ptolemy.ptII.dir" value="/home/travis/build/icyphy/ptII" />
    <property name="env.USER" value="travis" />
    <property name="env.HISTFILESIZE" value="2000" />
    <property name="env.NVM_INC" value="/home/travis/.nvm/versions/node/v7.10.1/include/node" />
    <property name="timeout.longest" value="19000000" />
    <property name="env.PERLBREW_SHELLRC_VERSION" value="0.94" />
    <property name="env.TRAVIS_STACK_FEATURES" value="basic couchdb disabled-ipv6 docker docker-compose elasticsearch firefox go-toolchain google-chrome jdk memcached mongodb mysql nodejs_interpreter perl_interpreter perlbrew phantomjs postgresql python_interpreter redis ruby_interpreter sqlite xserver" />
    <property name="env.TRAVIS_PULL_REQUEST" value="false" />
    <property name="env.PYENV_SHELL" value="bash" />
    <property name="ant.project.name" value="ptII" />
    <property name="env.ANSI_RESET" value="\033[0m" />
    <property name="java.vm.specification.version" value="11" />
    <property name="env.TRAVIS_DIST" value="xenial" />
    <property name="env.CERTI_VERSION" value="4.0.0" />
    <property name="env.CERTI_HOST" value="localhost" />
    <property name="awt.toolkit" value="sun.awt.X11.XToolkit" />
    <property name="env.MY_RUBY_HOME" value="/home/travis/.rvm/rubies/ruby-2.5.3" />
    <property name="sun.cpu.isalist" value="" />
    <property name="env.TRAVIS_TMPDIR" value="/tmp/tmp.oNZ0AhkwUh" />
    <property name="java.vm.compressedOopsMode" value="Zero based" />
    <property name="os.version" value="4.15.0-1098-gcp" />
    <property name="user.home" value="/home/travis" />
    <property name="java.vm.vendor" value="Oracle Corporation" />
    <property name="env.TRAVIS_TAG" value="nightly" />
    <property name="env.ANSI_YELLOW" value="\033[33;1m" />
    <property name="env.TRAVIS_FILTERED" value="redirect_io" />
    <property name="env.ANSI_GREEN" value="\033[32;1m" />
    <property name="env.JAVA_HOME" value="/usr/local/lib/jvm/openjdk11" />
    <property name="javadoc.excludepackagenames" value="adm.cvs2svn.*,build.*,config.*,doc.coding.templates.*,jni.test.jni.meaningOfLife.*,jni.test.jni.testDeux.*,jni.test.jni.testTrois.*,org.terraswarm.accessor.accessors.web.node_modules.*,org.terraswarm.accessor.accessors.web.hosts.cordova.demo.*,org.terraswarm.accessor.accessors.web.hosts.cordova.plugins.*,org.terraswarm.accessor.accessors-svn.*,pt-modules.*,ptolemy.apps.agilent.*,ptolemy.apps.anytimecontrol.*,ptolemy.apps.apes.*,ptolemy.apps.charon.*,ptolemy.apps.crazyboard.*,ptolemy.apps.eclipse.*,ptolemy.apps.etherealSting.*,ptolemy.apps.fullscreen.*,ptolemy.apps.giotto.*,ptolemy.apps.ia.*,ptolemy.apps.interfaces.*,ptolemy.apps.jmf.*,ptolemy.apps.kurt.*,ptolemy.apps.kvm.*,ptolemy.apps.lego.*,ptolemy.apps.lejos.*,ptolemy.apps.midp.*,ptolemy.apps.mobileCoding.*,ptolemy.apps.pendulum.*,ptolemy.apps.rijndael.*,ptolemy.apps.robot.*,ptolemy.apps.security.*,ptolemy.apps.sobel.*,ptolemy.apps.soot.*,ptolemy.apps.throttle.*,ptolemy.apps.tini.*,ptolemy.apps.transmission.*,ptolemy.apps.vergil.*,ptolemy.apps.waba.*,ptolemy.apps.websensor.*,ptolemy.apps.webstart.*,ptolemy.apps.xsl.*,ptolemy.apps.zaurus.*,ptolemy.codegen.c.actor.lib.oldJavaFiles.*,ptolemy.codegen.dsp.lib.*,ptolemy.codegen.kernel.newInterfaces.*,ptolemy.codegen.lib.*,ptolemy.copernicus.kernel.fragment.*,ptolemy.copernicus.shallow.cg.*,ptolemy.domains.giotto.demo.Hierarchy.Hierarchy.*,ptolemy.domains.giotto.demo.Multimode.Multimode.*,ptolemy.domains.giotto.demo.Simple.Simple.*,ptolemy.domains.gr.lib.experimental.*,ptolemy.domains.gro.*,ptolemy.domains.pdf.*,ptolemy.domains.ptinyos.demo.Surge.output.*,ptolemy.moml.test.NoPackageActor.java*,ptolemy.plot.adm.*,ptolemy.plot.servlet.*,reports.*,signed.*,src.*,target.*,vendors.*,ptolemy.copernicus.applet.*,ptolemy.media.viewer.*,ptolemy.actor.corba.*,doc.doclets.*,ptolemy.apps.eclipse.awt.*,ptolemy.backtrack.*,ptolemy.backtrack.ast.*,ptolemy.cg.adapter.generic.program.procedural.c.mbed*,ptolemy.homer.*,ptolemy.actor.lib.jai.*,org.ptolemy.scala.*,diva.util.java2d.svg.*,ptolemy.domains.ptinyos.*,ptolemy.actor.lib.fmi.fmipp.*,,org.terraswarm.accessor.accessors.web.node_modules.*,org.terraswarm.accessor.accessors-svn,ptolemy.apps.*,ptolemy.actor.ptalon.demo.ptinyos.SendAndReceiveCnt.output,ptolemy.actor.ptalon.demo.ptinyos.SenseToLeds.output,ptolemy.domains.ptinyos.demo.CntToLedsAndRfm.output,ptolemy.domains.ptinyos.demo.RfmToLeds.output,ptolemy.domains.ptinyos.demo.SendAndReceiveCnt.output,ptolemy.domains.ptinyos.demo.SenseToLeds.output,ptolemy.actor.lib.jjs.modules.udpSocket.*" />
    <property name="env.PTII" value="/home/travis/build/icyphy/ptII" />
    <property name="env.XDG_SESSION_ID" value="2" />
    <property name="keystore" value="ptKeystore" />
    <property name="env.TRAVIS_COMMIT_MESSAGE" value="Try running the hlacerti tests in Travis." />
    <property name="junit.output.dir" value="/home/travis/build/icyphy/ptII/reports/junit" />
    <property name="npm.return.code" value="0" />
    <property name="user.dir" value="/home/travis/build/icyphy/ptII/ptolemy/actor/lib/test" />
    <property name="env.TRAVIS_NODE_VERSION" value="7" />
    <property name="env.TRAVIS_EVENT_TYPE" value="cron" />
    <property name="env.MAIL" value="/var/mail/travis" />
    <property name="env.PERLBREW_ROOT" value="/home/travis/perl5/perlbrew" />
    <property name="env.PWD" value="/home/travis/build/icyphy/ptII" />
    <property name="timeout.npm" value="45000" />
    <property name="env.TRAVIS_ARCH" value="amd64" />
    <property name="sun.cpu.endian" value="little" />
    <property name="env.PAGER" value="cat" />
    <property name="env.TRAVIS_BUILD_STAGE_NAME" value="test" />
    <property name="env.PERLBREW_HOME" value="/home/travis/.perlbrew" />
    <property name="java.vm.version" value="11.0.2+9" />
    <property name="env.RAILS_ENV" value="test" />
    <property name="java.class.path" value="/home/travis/.ptolemyII:/home/travis/.ptolemyII/*:/home/travis/build/icyphy/ptII:/home/travis/build/icyphy/ptII/lib/asm-all-5.2.jar:/home/travis/build/icyphy/ptII/lib/nashorn-core-15.3.jar:/home/travis/build/icyphy/ptII/lib/bsh-2.0b4.jar:/home/travis/build/icyphy/ptII/lib/ptCal.jar:/home/travis/build/icyphy/ptII/lib/java_cup.jar:/home/travis/build/icyphy/ptII/lib/saxon8.jar:/home/travis/build/icyphy/ptII/lib/saxon8-dom.jar:/home/travis/build/icyphy/ptII/lib/chic.jar:/home/travis/build/icyphy/ptII/lib/ptcolt.jar:/home/travis/build/icyphy/ptII/vendors/misc/itext/iText.jar:/home/travis/build/icyphy/ptII/lib/g4ltl.jar:/home/travis/build/icyphy/ptII/lib/StructuralCoder.jar:/home/travis/build/icyphy/ptII/lib/jcerti.jar:/home/travis/build/icyphy/ptII/lib/javax.mail.jar:/home/travis/build/icyphy/ptII/vendors/JMF-2.1.1e/lib/jmf.jar:/home/travis/build/icyphy/ptII/lib/jna-4.0.0-variadic.jar:/home/travis/build/icyphy/ptII/vendors/misc/joystick/Joystick.jar:/home/travis/build/icyphy/ptII/lib/ptjacl.jar:/home/travis/build/icyphy/ptII/lib/jsoup-1.14.2.jar:/home/travis/build/icyphy/ptII/lib/junit-4.8.2.jar:/home/travis/build/icyphy/ptII/lib/JUnitParams-0.4.0.jar:/home/travis/build/icyphy/ptII/ptolemy/actor/lib/excel/jxl.jar:/home/travis/build/icyphy/ptII/lib/jython.jar:/home/travis/build/icyphy/ptII/lib/kieler.jar:/home/travis/build/icyphy/ptII/vendors/opencv/share/OpenCV/java/opencv-341.jar:/home/travis/build/icyphy/ptII/lib/oscP5.jar:/home/travis/build/icyphy/ptII/lib/nrjavaserial-3.11.0.devel.jar:/home/travis/build/icyphy/ptII/vendors/j3d/lib/Linux/j3dcore.jar:/home/travis/build/icyphy/ptII/vendors/j3d/lib/Linux/j3dutils.jar:/home/travis/build/icyphy/ptII/vendors/j3d/lib/Linux/vecmath.jar:/home/travis/build/icyphy/ptII/vendors/jogl/lib/Linux/gluegen-rt-natives-linux-amd64.jar:/home/travis/build/icyphy/ptII/vendors/jogl/lib/Linux/gluegen-rt.jar:/home/travis/build/icyphy/ptII/vendors/jogl/lib/Linux/jogl-all-natives-linux-amd64.jar:/home/travis/build/icyphy/ptII/vendors/jogl/lib/Linux/jogl-all.jar:/home/travis/build/icyphy/ptII/ptolemy/distributed/jini/jar/jini-core.jar:/home/travis/build/icyphy/ptII/ptolemy/distributed/jini/jar/jini-ext.jar:/home/travis/build/icyphy/ptII/ptolemy/distributed/jini/jar/sun-util.jar:/home/travis/build/icyphy/ptII/lib/protobuf-java-2.4.1.jar:/home/travis/build/icyphy/ptII/lib/org.eclipse.paho.client.mqttv3.jar:/home/travis/build/icyphy/ptII/lib/mapss.jar:/home/travis/build/icyphy/ptII/ptolemy/actor/ptalon/antlr/antlr.jar:/home/travis/build/icyphy/ptII/lib/JRI.jar:/home/travis/build/icyphy/ptII/lib/commons-lang-2.6.jar:/home/travis/build/icyphy/ptII/lib/commons-logging-1.1.1.jar:/home/travis/build/icyphy/ptII/lib/sootclasses.jar:/home/travis/build/icyphy/ptII/ptolemy/actor/lib/database/mysql-connector-java-8.0.26.jar:/home/travis/build/icyphy/ptII/vendors/misc/sphinx4/sphinx4-data-5prealpha.jar:/home/travis/build/icyphy/ptII/vendors/misc/sphinx4/sphinx4-core-5prealpha.jar:/home/travis/build/icyphy/ptII/lib/PDFRenderer.jar:/home/travis/build/icyphy/ptII/lib/svgSalamander.jar:/home/travis/build/icyphy/ptII/lib/rsyntaxtextarea-2.6.0-SNAPSHOT.jar:/home/travis/build/icyphy/ptII/lib/hazelcast-3.8.2.jar:/home/travis/build/icyphy/ptII/lib/jackson-annotations-2.9.0.jar:/home/travis/build/icyphy/ptII/lib/jackson-core-2.9.3.jar:/home/travis/build/icyphy/ptII/lib/jackson-databind-2.9.3.jar:/home/travis/build/icyphy/ptII/lib/netty-buffer-4.1.19.Final.jar:/home/travis/build/icyphy/ptII/lib/netty-codec-4.1.19.Final.jar:/home/travis/build/icyphy/ptII/lib/netty-codec-dns-4.1.19.Final.jar:/home/travis/build/icyphy/ptII/lib/netty-codec-http-4.1.19.Final.jar:/home/travis/build/icyphy/ptII/lib/netty-codec-http2-4.1.19.Final.jar:/home/travis/build/icyphy/ptII/lib/netty-common-4.1.19.Final.jar:/home/travis/build/icyphy/ptII/lib/netty-handler-4.1.19.Final.jar:/home/travis/build/icyphy/ptII/lib/netty-resolver-4.1.19.Final.jar:/home/travis/build/icyphy/ptII/lib/netty-resolver-dns-4.1.19.Final.jar:/home/travis/build/icyphy/ptII/lib/netty-transport-4.1.19.Final.jar:/home/travis/build/icyphy/ptII/lib/vertx-codegen-3.5.1.jar:/home/travis/build/icyphy/ptII/lib/vertx-core-3.5.2-SNAPSHOT.jar:/home/travis/build/icyphy/ptII/lib/vertx-hazelcast-3.5.1.jar:/home/travis/build/icyphy/ptII/lib/vertx-lang-js-3.5.1.jar:/home/travis/build/icyphy/ptII/lib/vertx-service-proxy-3.5.1.jar:/home/travis/build/icyphy/ptII/lib/vertx-web-3.5.1.jar:/home/travis/build/icyphy/ptII/lib/slf4j-api-1.7.13.jar:/home/travis/build/icyphy/ptII/lib/slf4j-simple-1.7.13.jar:/home/travis/build/icyphy/ptII/lib/webcam-capture-0.3.12.jar:/home/travis/build/icyphy/ptII/lib/bridj-0.7.0.jar:/home/travis/build/icyphy/ptII/lib/xbjlib-1.1.0.nrjavaserial.jar:/home/travis/build/icyphy/ptII/ptolemy/moml/test:/home/travis/build/icyphy/ptII/ant/lib/ant-launcher.jar:/home/travis/build/icyphy/ptII/ant/lib/ant.jar:/home/travis/build/icyphy/ptII/ant/lib/ant-junit.jar:/home/travis/build/icyphy/ptII/ant/lib/ant-junit4.jar" />
    <property name="ant.library.dir" value="/home/travis/build/icyphy/ptII/ant/lib" />
    <property name="os.arch" value="amd64" />
    <property name="env.CONTINUOUS_INTEGRATION" value="true" />
    <property name="env.TRAVIS_LANGUAGE" value="node_js" />
    <property name="env.TRAVIS_STACK_LANGUAGES" value="__sardonyx__ c c++ clojure cplusplus cpp default generic go groovy java node_js php pure_java python ruby scala" />
    <property name="test.name" value="ptolemy.actor.lib.test.junit.JUnitTclTest" />
    <property name="env.APT_KEY_DONT_WARN_ON_DANGEROUS_USAGE" value="1" />
    <property name="sun.java.launcher" value="SUN_STANDARD" />
    <property name="env.PYTHON_CONFIGURE_OPTS" value="--enable-unicode=ucs4 --with-wide-unicode --enable-shared --enable-ipv6 --enable-loadable-sqlite-extensions --with-computed-gotos" />
    <property name="ant.core.lib" value="/home/travis/build/icyphy/ptII/ant/lib/ant.jar" />
    <property name="java.vm.specification.vendor" value="Oracle Corporation" />
    <property name="env.BCVTB_HOME" value="/home/travis/build/icyphy/ptII/lbnl" />
    <property name="file.separator" value="/" />
    <property name="spotbugs.home" value="/home/travis/build/icyphy/ptII/vendors/spotbugs-3.1.1" />
    <property name="java.runtime.version" value="11.0.2+9" />
    <property name="env.ANSI_CLEAR" value="\033[0K" />
    <property name="javafx.verbose" value="true" />
    <property name="env.HAS_JOSH_K_SEAL_OF_APPROVAL" value="true" />
    <property name="env.XDG_RUNTIME_DIR" value="/run/user/2000" />
    <property name="env.TRAVIS_OSX_IMAGE" value="" />
    <property name="env.TRAVIS_JOB_ID" value="575718083" />
    <property name="env.TRAVIS_BRANCH" value="master" />
    <property name="user.country" value="US" />
    <property name="env.CERTI_HOME_TRAVIS" value="/home/travis/pthla/certi-tools" />
    <property name="env.SHELL" value="/bin/bash" />
    <property name="java.maxmemory.large" value="3200m" />
    <property name="model" value="" />
    <property name="env.CASHER_DIR" value="/home/travis/.casher" />
    <property name="env.NVM_CD_FLAGS" value="" />
    <property name="java.vendor.version" value="18.9" />
    <property name="jshint.executable" value="/home/travis/node_modules/jshint/bin/jshint" />
    <property name="env.JRUBY_OPTS" value=" --client -J-XX:+TieredCompilation -J-XX:TieredStopAtLevel=1 -J-Xss2m -Xcompile.invokedynamic=false" />
    <property name="java.vendor" value="Oracle Corporation" />
    <property name="env.TRAVIS_PRE_CHEF_BOOTSTRAP_TIME" value="2022-03-21T11:28:53" />
    <property name="env.TRAVIS_STACK_JOB_BOARD_REGISTER" value="/.job-board-register.yml" />
    <property name="env.ANSI_RED" value="\033[31;1m" />
    <property name="java.specification.version" value="11" />
    <property name="env.IRBRC" value="/home/travis/.rvm/rubies/ruby-2.5.3/.irbrc" />
    <property name="env.TRAVIS" value="true" />
    <property name="sun.arch.data.model" value="64" />
  </properties>
  <testcase classname="ptolemy.util.test.junit.TclTests" name="[0] /home/travis/build/icyphy/ptII/ptolemy/actor/lib/test/AbsoluteValue.tcl (RunTclFile)" time="0.546" />
  <testcase classname="ptolemy.util.test.junit.TclTests" name="[1] /home/travis/build/icyphy/ptII/ptolemy/actor/lib/test/AddSubtract.tcl (RunTclFile)" time="0.124" />
  <testcase classname="ptolemy.util.test.junit.TclTests" name="[2] /home/travis/build/icyphy/ptII/ptolemy/actor/lib/test/Average.tcl (RunTclFile)" time="0.041" />
  <testcase classname="ptolemy.util.test.junit.TclTests" name="[3] /home/travis/build/icyphy/ptII/ptolemy/actor/lib/test/Bernoulli.tcl (RunTclFile)" time="0.017" />
  <testcase classname="ptolemy.util.test.junit.TclTests" name="[4] /home/travis/build/icyphy/ptII/ptolemy/actor/lib/test/Clock.tcl (RunTclFile)" time="0.067" />
  <testcase classname="ptolemy.util.test.junit.TclTests" name="[5] /home/travis/build/icyphy/ptII/ptolemy/actor/lib/test/Commutator.tcl (RunTclFile)" time="0.181" />
  <testcase classname="ptolemy.util.test.junit.TclTests" name="[6] /home/travis/build/icyphy/ptII/ptolemy/actor/lib/test/Const.tcl (RunTclFile)" time="0.083" />
  <testcase classname="ptolemy.util.test.junit.TclTests" name="[7] /home/travis/build/icyphy/ptII/ptolemy/actor/lib/test/CurrentTime.tcl (RunTclFile)" time="0.019" />
  <testcase classname="ptolemy.util.test.junit.TclTests" name="[8] /home/travis/build/icyphy/ptII/ptolemy/actor/lib/test/DB.tcl (RunTclFile)" time="0.023" />
  <testcase classname="ptolemy.util.test.junit.TclTests" name="[9] /home/travis/build/icyphy/ptII/ptolemy/actor/lib/test/DiscreteRandomSource.tcl (RunTclFile)" time="0.042" />
  <testcase classname="ptolemy.util.test.junit.TclTests" name="[10] /home/travis/build/icyphy/ptII/ptolemy/actor/lib/test/Distributor.tcl (RunTclFile)" time="0.106" />
  <testcase classname="ptolemy.util.test.junit.TclTests" name="[11] /home/travis/build/icyphy/ptII/ptolemy/actor/lib/test/Exit.tcl (RunTclFile)" time="0.123" />
  <testcase classname="ptolemy.util.test.junit.TclTests" name="[12] /home/travis/build/icyphy/ptII/ptolemy/actor/lib/test/Expression.tcl (RunTclFile)" time="0.103" />
  <testcase classname="ptolemy.util.test.junit.TclTests" name="[13] /home/travis/build/icyphy/ptII/ptolemy/actor/lib/test/Gaussian.tcl (RunTclFile)" time="0.431" />
  <testcase classname="ptolemy.util.test.junit.TclTests" name="[14] /home/travis/build/icyphy/ptII/ptolemy/actor/lib/test/IIR.tcl (RunTclFile)" time="0.02" />
  <testcase classname="ptolemy.util.test.junit.TclTests" name="[15] /home/travis/build/icyphy/ptII/ptolemy/actor/lib/test/Interpolator.tcl (RunTclFile)" time="0.046" />
  <testcase classname="ptolemy.util.test.junit.TclTests" name="[16] /home/travis/build/icyphy/ptII/ptolemy/actor/lib/test/MathFunction.tcl (RunTclFile)" time="0.038" />
  <testcase classname="ptolemy.util.test.junit.TclTests" name="[17] /home/travis/build/icyphy/ptII/ptolemy/actor/lib/test/Maximum.tcl (RunTclFile)" time="0.022" />
  <testcase classname="ptolemy.util.test.junit.TclTests" name="[18] /home/travis/build/icyphy/ptII/ptolemy/actor/lib/test/Minimum.tcl (RunTclFile)" time="0.018" />
  <testcase classname="ptolemy.util.test.junit.TclTests" name="[19] /home/travis/build/icyphy/ptII/ptolemy/actor/lib/test/MultiplyDivide.tcl (RunTclFile)" time="0.02" />
  <testcase classname="ptolemy.util.test.junit.TclTests" name="[20] /home/travis/build/icyphy/ptII/ptolemy/actor/lib/test/OrderedMerge.tcl (RunTclFile)" time="0.102" />
  <testcase classname="ptolemy.util.test.junit.TclTests" name="[21] /home/travis/build/icyphy/ptII/ptolemy/actor/lib/test/Publisher.tcl (RunTclFile)" time="0.723" />
  <testcase classname="ptolemy.util.test.junit.TclTests" name="[22] /home/travis/build/icyphy/ptII/ptolemy/actor/lib/test/Pulse.tcl (RunTclFile)" time="0.088" />
  <testcase classname="ptolemy.util.test.junit.TclTests" name="[23] /home/travis/build/icyphy/ptII/ptolemy/actor/lib/test/Ramp.tcl (RunTclFile)" time="1.96" />
  <testcase classname="ptolemy.util.test.junit.TclTests" name="[24] /home/travis/build/icyphy/ptII/ptolemy/actor/lib/test/RampContinuous.tcl (RunTclFile)" time="0.018" />
  <testcase classname="ptolemy.util.test.junit.TclTests" name="[25] /home/travis/build/icyphy/ptII/ptolemy/actor/lib/test/RecordAssembler.tcl (RunTclFile)" time="0.019" />
  <testcase classname="ptolemy.util.test.junit.TclTests" name="[26] /home/travis/build/icyphy/ptII/ptolemy/actor/lib/test/RecordDisassembler.tcl (RunTclFile)" time="0.026" />
  <testcase classname="ptolemy.util.test.junit.TclTests" name="[27] /home/travis/build/icyphy/ptII/ptolemy/actor/lib/test/Scale.tcl (RunTclFile)" time="0.016" />
  <testcase classname="ptolemy.util.test.junit.TclTests" name="[28] /home/travis/build/icyphy/ptII/ptolemy/actor/lib/test/SequentialClock.tcl (RunTclFile)" time="0.014" />
  <testcase classname="ptolemy.util.test.junit.TclTests" name="[29] /home/travis/build/icyphy/ptII/ptolemy/actor/lib/test/SetVariable.tcl (RunTclFile)" time="0.01" />
  <testcase classname="ptolemy.util.test.junit.TclTests" name="[30] /home/travis/build/icyphy/ptII/ptolemy/actor/lib/test/Sinewave.tcl (RunTclFile)" time="0.056" />
  <testcase classname="ptolemy.util.test.junit.TclTests" name="[31] /home/travis/build/icyphy/ptII/ptolemy/actor/lib/test/SubscriptionAggregator.tcl (RunTclFile)" time="1.929" />
  <testcase classname="ptolemy.util.test.junit.TclTests" name="[32] /home/travis/build/icyphy/ptII/ptolemy/actor/lib/test/Test.tcl (RunTclFile)" time="0.116" />
  <testcase classname="ptolemy.util.test.junit.TclTests" name="[33] /home/travis/build/icyphy/ptII/ptolemy/actor/lib/test/TestExceptionHandler.tcl (RunTclFile)" time="0.011" />
  <testcase classname="ptolemy.util.test.junit.TclTests" name="[34] /home/travis/build/icyphy/ptII/ptolemy/actor/lib/test/UnionDisassembler.tcl (RunTclFile)" time="0.074" />
  <testcase classname="ptolemy.util.test.junit.TclTests" name="[35] /home/travis/build/icyphy/ptII/ptolemy/actor/lib/test/VariableClock.tcl (RunTclFile)" time="0.029" />
  <testcase classname="ptolemy.util.test.junit.AutoKnownFailedTests" name="[0] /home/travis/build/icyphy/ptII/ptolemy/actor/lib/test/auto/knownFailedTests/PublisherPortToplevelSubscriber.xml (RunModel)" time="0.028" />
  <testcase classname="ptolemy.util.test.junit.AutoKnownFailedTests" name="[1] /home/travis/build/icyphy/ptII/ptolemy/actor/lib/test/auto/knownFailedTests/PublisherSubscriberPortToplevel.xml (RunModel)" time="0.019" />
  <testcase classname="ptolemy.util.test.junit.AutoKnownFailedTests" name="[2] /home/travis/build/icyphy/ptII/ptolemy/actor/lib/test/auto/knownFailedTests/PublisherSubscriptionAggregatorPort.xml (RunModel)" time="0.02" />
  <testcase classname="ptolemy.util.test.junit.AutoKnownFailedTests" name="[3] /home/travis/build/icyphy/ptII/ptolemy/actor/lib/test/auto/knownFailedTests/sizedarray3.xml (RunModel)" time="0.028" />
  <testcase classname="ptolemy.util.test.junit.AutoNameArchTests" name="[0] ThereAreNoAutoArchTests (RunModel)" time="0.004" />
  <testcase classname="ptolemy.util.test.junit.AutoTests" name="[0] /home/travis/build/icyphy/ptII/ptolemy/actor/lib/test/auto/AbsoluteValue.xml (RunModel)" time="0.097" />
  <testcase classname="ptolemy.util.test.junit.AutoTests" name="[1] /home/travis/build/icyphy/ptII/ptolemy/actor/lib/test/auto/AbsoluteValue2.xml (RunModel)" time="0.062" />
  <testcase classname="ptolemy.util.test.junit.AutoTests" name="[2] /home/travis/build/icyphy/ptII/ptolemy/actor/lib/test/auto/Accumulator.xml (RunModel)" time="0.12" />
  <testcase classname="ptolemy.util.test.junit.AutoTests" name="[3] /home/travis/build/icyphy/ptII/ptolemy/actor/lib/test/auto/Accumulator2.xml (RunModel)" time="0.026" />
  <testcase classname="ptolemy.util.test.junit.AutoTests" name="[4] /home/travis/build/icyphy/ptII/ptolemy/actor/lib/test/auto/Accumulator3.xml (RunModel)" time="0.022" />
  <testcase classname="ptolemy.util.test.junit.AutoTests" name="[5] /home/travis/build/icyphy/ptII/ptolemy/actor/lib/test/auto/ArrayAppend.xml (RunModel)" time="0.031" />
  <testcase classname="ptolemy.util.test.junit.AutoTests" name="[6] /home/travis/build/icyphy/ptII/ptolemy/actor/lib/test/auto/ArrayAppend2.xml (RunModel)" time="0.4" />
  <testcase classname="ptolemy.util.test.junit.AutoTests" name="[7] /home/travis/build/icyphy/ptII/ptolemy/actor/lib/test/auto/ArrayAppend3.xml (RunModel)" time="0.023" />
  <testcase classname="ptolemy.util.test.junit.AutoTests" name="[8] /home/travis/build/icyphy/ptII/ptolemy/actor/lib/test/auto/ArrayAppend4.xml (RunModel)" time="0.018" />
  <testcase classname="ptolemy.util.test.junit.AutoTests" name="[9] /home/travis/build/icyphy/ptII/ptolemy/actor/lib/test/auto/ArrayAppend5.xml (RunModel)" time="0.024" />
  <testcase classname="ptolemy.util.test.junit.AutoTests" name="[10] /home/travis/build/icyphy/ptII/ptolemy/actor/lib/test/auto/ArrayAppend6.xml (RunModel)" time="0.022" />
  <testcase classname="ptolemy.util.test.junit.AutoTests" name="[11] /home/travis/build/icyphy/ptII/ptolemy/actor/lib/test/auto/ArrayAppendPerformanceTest.xml (RunModel)" time="0.059" />
  <testcase classname="ptolemy.util.test.junit.AutoTests" name="[12] /home/travis/build/icyphy/ptII/ptolemy/actor/lib/test/auto/ArrayAppendWithEmptyInput.xml (RunModel)" time="0.061" />
  <testcase classname="ptolemy.util.test.junit.AutoTests" name="[13] /home/travis/build/icyphy/ptII/ptolemy/actor/lib/test/auto/ArrayAverage.xml (RunModel)" time="0.025" />
  <testcase classname="ptolemy.util.test.junit.AutoTests" name="[14] /home/travis/build/icyphy/ptII/ptolemy/actor/lib/test/auto/ArrayContains.xml (RunModel)" time="0.095" />
  <testcase classname="ptolemy.util.test.junit.AutoTests" name="[15] /home/travis/build/icyphy/ptII/ptolemy/actor/lib/test/auto/ArrayElement.xml (RunModel)" time="0.018" />
  <testcase classname="ptolemy.util.test.junit.AutoTests" name="[16] /home/travis/build/icyphy/ptII/ptolemy/actor/lib/test/auto/ArrayElementAsMatrix.xml (RunModel)" time="0.072" />
  <testcase classname="ptolemy.util.test.junit.AutoTests" name="[17] /home/travis/build/icyphy/ptII/ptolemy/actor/lib/test/auto/ArrayElementI.xml (RunModel)" time="0.018" />
  <testcase classname="ptolemy.util.test.junit.AutoTests" name="[18] /home/travis/build/icyphy/ptII/ptolemy/actor/lib/test/auto/ArrayExtract.xml (RunModel)" time="0.038" />
  <testcase classname="ptolemy.util.test.junit.AutoTests" name="[19] /home/travis/build/icyphy/ptII/ptolemy/actor/lib/test/auto/ArrayExtract2.xml (RunModel)" time="0.017" />
  <testcase classname="ptolemy.util.test.junit.AutoTests" name="[20] /home/travis/build/icyphy/ptII/ptolemy/actor/lib/test/auto/ArrayLength.xml (RunModel)" time="0.013" />
  <testcase classname="ptolemy.util.test.junit.AutoTests" name="[21] /home/travis/build/icyphy/ptII/ptolemy/actor/lib/test/auto/ArrayLevelCrossing.xml (RunModel)" time="0.023" />
  <testcase classname="ptolemy.util.test.junit.AutoTests" name="[22] /home/travis/build/icyphy/ptII/ptolemy/actor/lib/test/auto/ArrayLevelCrossing2.xml (RunModel)" time="0.019" />
  <testcase classname="ptolemy.util.test.junit.AutoTests" name="[23] /home/travis/build/icyphy/ptII/ptolemy/actor/lib/test/auto/ArrayPeakSearch.xml (RunModel)" time="0.026" />
  <testcase classname="ptolemy.util.test.junit.AutoTests" name="[24] /home/travis/build/icyphy/ptII/ptolemy/actor/lib/test/auto/ArrayPeakSearch2.xml (RunModel)" time="0.037" />
  <testcase classname="ptolemy.util.test.junit.AutoTests" name="[25] /home/travis/build/icyphy/ptII/ptolemy/actor/lib/test/auto/ArrayPeakSearch3.xml (RunModel)" time="0.039" />
  <testcase classname="ptolemy.util.test.junit.AutoTests" name="[26] /home/travis/build/icyphy/ptII/ptolemy/actor/lib/test/auto/ArrayRemoveElement.xml (RunModel)" time="0.025" />
  <testcase classname="ptolemy.util.test.junit.AutoTests" name="[27] /home/travis/build/icyphy/ptII/ptolemy/actor/lib/test/auto/ArraySort.xml (RunModel)" time="0.032" />
  <testcase classname="ptolemy.util.test.junit.AutoTests" name="[28] /home/travis/build/icyphy/ptII/ptolemy/actor/lib/test/auto/ArraySum.xml (RunModel)" time="0.017" />
  <testcase classname="ptolemy.util.test.junit.AutoTests" name="[29] /home/travis/build/icyphy/ptII/ptolemy/actor/lib/test/auto/ArrayToElements.xml (RunModel)" time="0.019" />
  <testcase classname="ptolemy.util.test.junit.AutoTests" name="[30] /home/travis/build/icyphy/ptII/ptolemy/actor/lib/test/auto/ArrayToMatrix.xml (RunModel)" time="0.052" />
  <testcase classname="ptolemy.util.test.junit.AutoTests" name="[31] /home/travis/build/icyphy/ptII/ptolemy/actor/lib/test/auto/ArrayUpdate1.xml (RunModel)" time="0.029" />
  <testcase classname="ptolemy.util.test.junit.AutoTests" name="[32] /home/travis/build/icyphy/ptII/ptolemy/actor/lib/test/auto/ArrayUpdate2.xml (RunModel)" time="0.019" />
  <testcase classname="ptolemy.util.test.junit.AutoTests" name="[33] /home/travis/build/icyphy/ptII/ptolemy/actor/lib/test/auto/ArrayUpdate3.xml (RunModel)" time="0.014" />
  <testcase classname="ptolemy.util.test.junit.AutoTests" name="[34] /home/travis/build/icyphy/ptII/ptolemy/actor/lib/test/auto/Assert1.xml (RunModel)" time="0.021" />
  <testcase classname="ptolemy.util.test.junit.AutoTests" name="[35] /home/travis/build/icyphy/ptII/ptolemy/actor/lib/test/auto/Assert2.xml (RunModel)" time="0.021" />
  <testcase classname="ptolemy.util.test.junit.AutoTests" name="[36] /home/travis/build/icyphy/ptII/ptolemy/actor/lib/test/auto/BooleanMultiplexor.xml (RunModel)" time="0.014" />
  <testcase classname="ptolemy.util.test.junit.AutoTests" name="[37] /home/travis/build/icyphy/ptII/ptolemy/actor/lib/test/auto/BooleanMultiplexor2.xml (RunModel)" time="0.028" />
  <testcase classname="ptolemy.util.test.junit.AutoTests" name="[38] /home/travis/build/icyphy/ptII/ptolemy/actor/lib/test/auto/BooleanMultiplexor3.xml (RunModel)" time="0.021" />
  <testcase classname="ptolemy.util.test.junit.AutoTests" name="[39] /home/travis/build/icyphy/ptII/ptolemy/actor/lib/test/auto/BooleanSelect.xml (RunModel)" time="0.023" />
  <testcase classname="ptolemy.util.test.junit.AutoTests" name="[40] /home/travis/build/icyphy/ptII/ptolemy/actor/lib/test/auto/BooleanSelect2.xml (RunModel)" time="0.017" />
  <testcase classname="ptolemy.util.test.junit.AutoTests" name="[41] /home/travis/build/icyphy/ptII/ptolemy/actor/lib/test/auto/BooleanSwitch.xml (RunModel)" time="0.023" />
  <testcase classname="ptolemy.util.test.junit.AutoTests" name="[42] /home/travis/build/icyphy/ptII/ptolemy/actor/lib/test/auto/BooleanSwitch2.xml (RunModel)" time="0.01" />
  <testcase classname="ptolemy.util.test.junit.AutoTests" name="[43] /home/travis/build/icyphy/ptII/ptolemy/actor/lib/test/auto/BooleanSwitchCloningBugWithClassRelationGroup.xml (RunModel)" time="0.026" />
  <testcase classname="ptolemy.util.test.junit.AutoTests" name="[44] /home/travis/build/icyphy/ptII/ptolemy/actor/lib/test/auto/BusActors.xml (RunModel)" time="0.022" />
  <testcase classname="ptolemy.util.test.junit.AutoTests" name="[45] /home/travis/build/icyphy/ptII/ptolemy/actor/lib/test/auto/ClassWrapper.xml (RunModel)" time="0.009" />
  <testcase classname="ptolemy.util.test.junit.AutoTests" name="[46] /home/travis/build/icyphy/ptII/ptolemy/actor/lib/test/auto/Clock.xml (RunModel)" time="0.007" />
  <testcase classname="ptolemy.util.test.junit.AutoTests" name="[47] /home/travis/build/icyphy/ptII/ptolemy/actor/lib/test/auto/Clock10.xml (RunModel)" time="0.013" />
  <testcase classname="ptolemy.util.test.junit.AutoTests" name="[48] /home/travis/build/icyphy/ptII/ptolemy/actor/lib/test/auto/Clock11.xml (RunModel)" time="0.029" />
  <testcase classname="ptolemy.util.test.junit.AutoTests" name="[49] /home/travis/build/icyphy/ptII/ptolemy/actor/lib/test/auto/Clock12.xml (RunModel)" time="0.019" />
  <testcase classname="ptolemy.util.test.junit.AutoTests" name="[50] /home/travis/build/icyphy/ptII/ptolemy/actor/lib/test/auto/Clock13.xml (RunModel)" time="0.023" />
  <testcase classname="ptolemy.util.test.junit.AutoTests" name="[51] /home/travis/build/icyphy/ptII/ptolemy/actor/lib/test/auto/Clock14.xml (RunModel)" time="0.01" />
  <testcase classname="ptolemy.util.test.junit.AutoTests" name="[52] /home/travis/build/icyphy/ptII/ptolemy/actor/lib/test/auto/Clock15.xml (RunModel)" time="0.012" />
  <testcase classname="ptolemy.util.test.junit.AutoTests" name="[53] /home/travis/build/icyphy/ptII/ptolemy/actor/lib/test/auto/Clock16.xml (RunModel)" time="0.074" />
  <testcase classname="ptolemy.util.test.junit.AutoTests" name="[54] /home/travis/build/icyphy/ptII/ptolemy/actor/lib/test/auto/Clock17.xml (RunModel)" time="0.036" />
  <testcase classname="ptolemy.util.test.junit.AutoTests" name="[55] /home/travis/build/icyphy/ptII/ptolemy/actor/lib/test/auto/Clock18.xml (RunModel)" time="0.046" />
  <testcase classname="ptolemy.util.test.junit.AutoTests" name="[56] /home/travis/build/icyphy/ptII/ptolemy/actor/lib/test/auto/Clock19.xml (RunModel)" time="0.034" />
  <testcase classname="ptolemy.util.test.junit.AutoTests" name="[57] /home/travis/build/icyphy/ptII/ptolemy/actor/lib/test/auto/Clock2.xml (RunModel)" time="0.013" />
  <testcase classname="ptolemy.util.test.junit.AutoTests" name="[58] /home/travis/build/icyphy/ptII/ptolemy/actor/lib/test/auto/Clock20.xml (RunModel)" time="0.02" />
  <testcase classname="ptolemy.util.test.junit.AutoTests" name="[59] /home/travis/build/icyphy/ptII/ptolemy/actor/lib/test/auto/Clock21.xml (RunModel)" time="0.014" />
  <testcase classname="ptolemy.util.test.junit.AutoTests" name="[60] /home/travis/build/icyphy/ptII/ptolemy/actor/lib/test/auto/Clock22.xml (RunModel)" time="0.013" />
  <testcase classname="ptolemy.util.test.junit.AutoTests" name="[61] /home/travis/build/icyphy/ptII/ptolemy/actor/lib/test/auto/Clock23.xml (RunModel)" time="0.016" />
  <testcase classname="ptolemy.util.test.junit.AutoTests" name="[62] /home/travis/build/icyphy/ptII/ptolemy/actor/lib/test/auto/Clock24.xml (RunModel)" time="0.011" />
  <testcase classname="ptolemy.util.test.junit.AutoTests" name="[63] /home/travis/build/icyphy/ptII/ptolemy/actor/lib/test/auto/Clock4.xml (RunModel)" time="0.009" />
  <testcase classname="ptolemy.util.test.junit.AutoTests" name="[64] /home/travis/build/icyphy/ptII/ptolemy/actor/lib/test/auto/Clock5.xml (RunModel)" time="0.008" />
  <testcase classname="ptolemy.util.test.junit.AutoTests" name="[65] /home/travis/build/icyphy/ptII/ptolemy/actor/lib/test/auto/Clock6.xml (RunModel)" time="0.016" />
  <testcase classname="ptolemy.util.test.junit.AutoTests" name="[66] /home/travis/build/icyphy/ptII/ptolemy/actor/lib/test/auto/Clock7.xml (RunModel)" time="0.018" />
  <testcase classname="ptolemy.util.test.junit.AutoTests" name="[67] /home/travis/build/icyphy/ptII/ptolemy/actor/lib/test/auto/Clock8.xml (RunModel)" time="0.019" />
  <testcase classname="ptolemy.util.test.junit.AutoTests" name="[68] /home/travis/build/icyphy/ptII/ptolemy/actor/lib/test/auto/Clock9.xml (RunModel)" time="0.011" />
  <testcase classname="ptolemy.util.test.junit.AutoTests" name="[69] /home/travis/build/icyphy/ptII/ptolemy/actor/lib/test/auto/CommDistDiscard.xml (RunModel)" time="0.015" />
  <testcase classname="ptolemy.util.test.junit.AutoTests" name="[70] /home/travis/build/icyphy/ptII/ptolemy/actor/lib/test/auto/Commutator.xml (RunModel)" time="0.01" />
  <testcase classname="ptolemy.util.test.junit.AutoTests" name="[71] /home/travis/build/icyphy/ptII/ptolemy/actor/lib/test/auto/Commutator2.xml (RunModel)" time="0.008" />
  <testcase classname="ptolemy.util.test.junit.AutoTests" name="[72] /home/travis/build/icyphy/ptII/ptolemy/actor/lib/test/auto/Commutator3.xml (RunModel)" time="0.009" />
  <testcase classname="ptolemy.util.test.junit.AutoTests" name="[73] /home/travis/build/icyphy/ptII/ptolemy/actor/lib/test/auto/Compare.xml (RunModel)" time="0.017" />
  <testcase classname="ptolemy.util.test.junit.AutoTests" name="[74] /home/travis/build/icyphy/ptII/ptolemy/actor/lib/test/auto/CompareDE.xml (RunModel)" time="0.016" />
  <testcase classname="ptolemy.util.test.junit.AutoTests" name="[75] /home/travis/build/icyphy/ptII/ptolemy/actor/lib/test/auto/ComplexDivide.xml (RunModel)" time="0.016" />
  <testcase classname="ptolemy.util.test.junit.AutoTests" name="[76] /home/travis/build/icyphy/ptII/ptolemy/actor/lib/test/auto/ComputeHistogram.xml (RunModel)" time="0.064" />
  <testcase classname="ptolemy.util.test.junit.AutoTests" name="[77] /home/travis/build/icyphy/ptII/ptolemy/actor/lib/test/auto/ConfigurationSelect.xml (RunModel)" time="0.016" />
  <testcase classname="ptolemy.util.test.junit.AutoTests" name="[78] /home/travis/build/icyphy/ptII/ptolemy/actor/lib/test/auto/ConfigurationSelect2.xml (RunModel)" time="0.018" />
  <testcase classname="ptolemy.util.test.junit.AutoTests" name="[79] /home/travis/build/icyphy/ptII/ptolemy/actor/lib/test/auto/ConfigurationSwitch.xml (RunModel)" time="0.027" />
  <testcase classname="ptolemy.util.test.junit.AutoTests" name="[80] /home/travis/build/icyphy/ptII/ptolemy/actor/lib/test/auto/ConfigurationSwitch2.xml (RunModel)" time="0.022" />
  <testcase classname="ptolemy.util.test.junit.AutoTests" name="[81] /home/travis/build/icyphy/ptII/ptolemy/actor/lib/test/auto/ConfigurationSwitchCloningBugWithClassRelationGroup.xml (RunModel)" time="0.021" />
  <testcase classname="ptolemy.util.test.junit.AutoTests" name="[82] /home/travis/build/icyphy/ptII/ptolemy/actor/lib/test/auto/ConfigurationSwitchSelectSDF.xml (RunModel)" time="0.013" />
  <testcase classname="ptolemy.util.test.junit.AutoTests" name="[83] /home/travis/build/icyphy/ptII/ptolemy/actor/lib/test/auto/ConfigurationSwitchSelectSDF2.xml (RunModel)" time="0.016" />
  <testcase classname="ptolemy.util.test.junit.AutoTests" name="[84] /home/travis/build/icyphy/ptII/ptolemy/actor/lib/test/auto/Const.xml (RunModel)" time="0.006" />
  <testcase classname="ptolemy.util.test.junit.AutoTests" name="[85] /home/travis/build/icyphy/ptII/ptolemy/actor/lib/test/auto/Const2.xml (RunModel)" time="0.008" />
  <testcase classname="ptolemy.util.test.junit.AutoTests" name="[86] /home/travis/build/icyphy/ptII/ptolemy/actor/lib/test/auto/Const3.xml (RunModel)" time="0.007" />
  <testcase classname="ptolemy.util.test.junit.AutoTests" name="[87] /home/travis/build/icyphy/ptII/ptolemy/actor/lib/test/auto/ConstantPublisherPort1.xml (RunModel)" time="0.016" />
  <testcase classname="ptolemy.util.test.junit.AutoTests" name="[88] /home/travis/build/icyphy/ptII/ptolemy/actor/lib/test/auto/ConstantPublisherPort2.xml (RunModel)" time="0.022" />
  <testcase classname="ptolemy.util.test.junit.AutoTests" name="[89] /home/travis/build/icyphy/ptII/ptolemy/actor/lib/test/auto/ConstantPublisherPort3.xml (RunModel)" time="0.019" />
  <testcase classname="ptolemy.util.test.junit.AutoTests" name="[90] /home/travis/build/icyphy/ptII/ptolemy/actor/lib/test/auto/ConstantPublisherPort4.xml (RunModel)" time="0.015" />
  <testcase classname="ptolemy.util.test.junit.AutoTests" name="[91] /home/travis/build/icyphy/ptII/ptolemy/actor/lib/test/auto/ConstantPublisherPort5.xml (RunModel)" time="0.04" />
  <testcase classname="ptolemy.util.test.junit.AutoTests" name="[92] /home/travis/build/icyphy/ptII/ptolemy/actor/lib/test/auto/ConstantPublisherPort6.xml (RunModel)" time="0.028" />
  <testcase classname="ptolemy.util.test.junit.AutoTests" name="[93] /home/travis/build/icyphy/ptII/ptolemy/actor/lib/test/auto/ConstantPublisherPort7.xml (RunModel)" time="0.031" />
  <testcase classname="ptolemy.util.test.junit.AutoTests" name="[94] /home/travis/build/icyphy/ptII/ptolemy/actor/lib/test/auto/ConstraintMonitor1.xml (RunModel)" time="0.044" />
  <testcase classname="ptolemy.util.test.junit.AutoTests" name="[95] /home/travis/build/icyphy/ptII/ptolemy/actor/lib/test/auto/ConstraintMonitor2.xml (RunModel)" time="0.01" />
  <testcase classname="ptolemy.util.test.junit.AutoTests" name="[96] /home/travis/build/icyphy/ptII/ptolemy/actor/lib/test/auto/ConstraintMonitor3.xml (RunModel)" time="0.01" />
  <testcase classname="ptolemy.util.test.junit.AutoTests" name="[97] /home/travis/build/icyphy/ptII/ptolemy/actor/lib/test/auto/ConstraintMonitor4.xml (RunModel)" time="0.015" />
  <testcase classname="ptolemy.util.test.junit.AutoTests" name="[98] /home/travis/build/icyphy/ptII/ptolemy/actor/lib/test/auto/ConstraintMonitor5.xml (RunModel)" time="0.013" />
  <testcase classname="ptolemy.util.test.junit.AutoTests" name="[99] /home/travis/build/icyphy/ptII/ptolemy/actor/lib/test/auto/ConstraintMonitor6.xml (RunModel)" time="0.014" />
  <testcase classname="ptolemy.util.test.junit.AutoTests" name="[100] /home/travis/build/icyphy/ptII/ptolemy/actor/lib/test/auto/ConstraintMonitor7.xml (RunModel)" time="0.013" />
  <testcase classname="ptolemy.util.test.junit.AutoTests" name="[101] /home/travis/build/icyphy/ptII/ptolemy/actor/lib/test/auto/ConstraintMonitor8.xml (RunModel)" time="0.014" />
  <testcase classname="ptolemy.util.test.junit.AutoTests" name="[102] /home/travis/build/icyphy/ptII/ptolemy/actor/lib/test/auto/Counter.xml (RunModel)" time="0.021" />
  <testcase classname="ptolemy.util.test.junit.AutoTests" name="[103] /home/travis/build/icyphy/ptII/ptolemy/actor/lib/test/auto/CurrentTimeSDF.xml (RunModel)" time="0.009" />
  <testcase classname="ptolemy.util.test.junit.AutoTests" name="[104] /home/travis/build/icyphy/ptII/ptolemy/actor/lib/test/auto/DB.xml (RunModel)" time="0.012" />
  <testcase classname="ptolemy.util.test.junit.AutoTests" name="[105] /home/travis/build/icyphy/ptII/ptolemy/actor/lib/test/auto/DBDE.xml (RunModel)" time="0.014" />
  <testcase classname="ptolemy.util.test.junit.AutoTests" name="[106] /home/travis/build/icyphy/ptII/ptolemy/actor/lib/test/auto/DateConstructor.xml (RunModel)" time="0.078" />
  <testcase classname="ptolemy.util.test.junit.AutoTests" name="[107] /home/travis/build/icyphy/ptII/ptolemy/actor/lib/test/auto/DelayTime.xml (RunModel)" time="0.017" />
  <testcase classname="ptolemy.util.test.junit.AutoTests" name="[108] /home/travis/build/icyphy/ptII/ptolemy/actor/lib/test/auto/Dictionary1.xml (RunModel)" time="0.019" />
  <testcase classname="ptolemy.util.test.junit.AutoTests" name="[109] /home/travis/build/icyphy/ptII/ptolemy/actor/lib/test/auto/Dictionary2.xml (RunModel)" time="0.015" />
  <testcase classname="ptolemy.util.test.junit.AutoTests" name="[110] /home/travis/build/icyphy/ptII/ptolemy/actor/lib/test/auto/Dictionary3.xml (RunModel)" time="0.011" />
  <testcase classname="ptolemy.util.test.junit.AutoTests" name="[111] /home/travis/build/icyphy/ptII/ptolemy/actor/lib/test/auto/Dictionary4.xml (RunModel)" time="0.015" />
  <testcase classname="ptolemy.util.test.junit.AutoTests" name="[112] /home/travis/build/icyphy/ptII/ptolemy/actor/lib/test/auto/Differential.xml (RunModel)" time="0.011" />
  <testcase classname="ptolemy.util.test.junit.AutoTests" name="[113] /home/travis/build/icyphy/ptII/ptolemy/actor/lib/test/auto/Director.xml (RunModel)" time="0.01" />
  <testcase classname="ptolemy.util.test.junit.AutoTests" name="[114] /home/travis/build/icyphy/ptII/ptolemy/actor/lib/test/auto/DiscreteClock.xml (RunModel)" time="0.007" />
  <testcase classname="ptolemy.util.test.junit.AutoTests" name="[115] /home/travis/build/icyphy/ptII/ptolemy/actor/lib/test/auto/DiscreteClock10.xml (RunModel)" time="0.011" />
  <testcase classname="ptolemy.util.test.junit.AutoTests" name="[116] /home/travis/build/icyphy/ptII/ptolemy/actor/lib/test/auto/DiscreteClock11.xml (RunModel)" time="0.012" />
  <testcase classname="ptolemy.util.test.junit.AutoTests" name="[117] /home/travis/build/icyphy/ptII/ptolemy/actor/lib/test/auto/DiscreteClock12.xml (RunModel)" time="0.011" />
  <testcase classname="ptolemy.util.test.junit.AutoTests" name="[118] /home/travis/build/icyphy/ptII/ptolemy/actor/lib/test/auto/DiscreteClock13.xml (RunModel)" time="0.014" />
  <testcase classname="ptolemy.util.test.junit.AutoTests" name="[119] /home/travis/build/icyphy/ptII/ptolemy/actor/lib/test/auto/DiscreteClock14.xml (RunModel)" time="0.01" />
  <testcase classname="ptolemy.util.test.junit.AutoTests" name="[120] /home/travis/build/icyphy/ptII/ptolemy/actor/lib/test/auto/DiscreteClock15.xml (RunModel)" time="0.015" />
  <testcase classname="ptolemy.util.test.junit.AutoTests" name="[121] /home/travis/build/icyphy/ptII/ptolemy/actor/lib/test/auto/DiscreteClock16.xml (RunModel)" time="0.031" />
  <testcase classname="ptolemy.util.test.junit.AutoTests" name="[122] /home/travis/build/icyphy/ptII/ptolemy/actor/lib/test/auto/DiscreteClock17.xml (RunModel)" time="0.044" />
  <testcase classname="ptolemy.util.test.junit.AutoTests" name="[123] /home/travis/build/icyphy/ptII/ptolemy/actor/lib/test/auto/DiscreteClock18.xml (RunModel)" time="0.028" />
  <testcase classname="ptolemy.util.test.junit.AutoTests" name="[124] /home/travis/build/icyphy/ptII/ptolemy/actor/lib/test/auto/DiscreteClock19.xml (RunModel)" time="0.031" />
  <testcase classname="ptolemy.util.test.junit.AutoTests" name="[125] /home/travis/build/icyphy/ptII/ptolemy/actor/lib/test/auto/DiscreteClock2.xml (RunModel)" time="0.012" />
  <testcase classname="ptolemy.util.test.junit.AutoTests" name="[126] /home/travis/build/icyphy/ptII/ptolemy/actor/lib/test/auto/DiscreteClock20.xml (RunModel)" time="0.012" />
  <testcase classname="ptolemy.util.test.junit.AutoTests" name="[127] /home/travis/build/icyphy/ptII/ptolemy/actor/lib/test/auto/DiscreteClock21.xml (RunModel)" time="0.012" />
  <testcase classname="ptolemy.util.test.junit.AutoTests" name="[128] /home/travis/build/icyphy/ptII/ptolemy/actor/lib/test/auto/DiscreteClock22.xml (RunModel)" time="0.012" />
  <testcase classname="ptolemy.util.test.junit.AutoTests" name="[129] /home/travis/build/icyphy/ptII/ptolemy/actor/lib/test/auto/DiscreteClock23.xml (RunModel)" time="0.012" />
  <testcase classname="ptolemy.util.test.junit.AutoTests" name="[130] /home/travis/build/icyphy/ptII/ptolemy/actor/lib/test/auto/DiscreteClock24.xml (RunModel)" time="0.012" />
  <testcase classname="ptolemy.util.test.junit.AutoTests" name="[131] /home/travis/build/icyphy/ptII/ptolemy/actor/lib/test/auto/DiscreteClock4.xml (RunModel)" time="0.01" />
  <testcase classname="ptolemy.util.test.junit.AutoTests" name="[132] /home/travis/build/icyphy/ptII/ptolemy/actor/lib/test/auto/DiscreteClock5.xml (RunModel)" time="0.009" />
  <testcase classname="ptolemy.util.test.junit.AutoTests" name="[133] /home/travis/build/icyphy/ptII/ptolemy/actor/lib/test/auto/DiscreteClock6.xml (RunModel)" time="0.008" />
  <testcase classname="ptolemy.util.test.junit.AutoTests" name="[134] /home/travis/build/icyphy/ptII/ptolemy/actor/lib/test/auto/DiscreteClock7.xml (RunModel)" time="0.007" />
  <testcase classname="ptolemy.util.test.junit.AutoTests" name="[135] /home/travis/build/icyphy/ptII/ptolemy/actor/lib/test/auto/DiscreteClock8.xml (RunModel)" time="0.009" />
  <testcase classname="ptolemy.util.test.junit.AutoTests" name="[136] /home/travis/build/icyphy/ptII/ptolemy/actor/lib/test/auto/DiscreteClock9.xml (RunModel)" time="0.016" />
  <testcase classname="ptolemy.util.test.junit.AutoTests" name="[137] /home/travis/build/icyphy/ptII/ptolemy/actor/lib/test/auto/DisplayArray.xml (RunModel)" time="0.008" />
  <testcase classname="ptolemy.util.test.junit.AutoTests" name="[138] /home/travis/build/icyphy/ptII/ptolemy/actor/lib/test/auto/Distributor.xml (RunModel)" time="0.008" />
  <testcase classname="ptolemy.util.test.junit.AutoTests" name="[139] /home/travis/build/icyphy/ptII/ptolemy/actor/lib/test/auto/Distributor2.xml (RunModel)" time="0.008" />
  <testcase classname="ptolemy.util.test.junit.AutoTests" name="[140] /home/travis/build/icyphy/ptII/ptolemy/actor/lib/test/auto/DownSample.xml (RunModel)" time="0.008" />
  <testcase classname="ptolemy.util.test.junit.AutoTests" name="[141] /home/travis/build/icyphy/ptII/ptolemy/actor/lib/test/auto/ElectronicUnitBase1.xml (RunModel)" time="0.048" />
  <testcase classname="ptolemy.util.test.junit.AutoTests" name="[142] /home/travis/build/icyphy/ptII/ptolemy/actor/lib/test/auto/ElementsToArray.xml (RunModel)" time="0.009" />
  <testcase classname="ptolemy.util.test.junit.AutoTests" name="[143] /home/travis/build/icyphy/ptII/ptolemy/actor/lib/test/auto/Equals.xml (RunModel)" time="0.01" />
  <testcase classname="ptolemy.util.test.junit.AutoTests" name="[144] /home/travis/build/icyphy/ptII/ptolemy/actor/lib/test/auto/Exec.xml (RunModel)" time="0.02" />
  <testcase classname="ptolemy.util.test.junit.AutoTests" name="[145] /home/travis/build/icyphy/ptII/ptolemy/actor/lib/test/auto/ExecEnvironment.xml (RunModel)" time="0.047" />
  <testcase classname="ptolemy.util.test.junit.AutoTests" name="[146] /home/travis/build/icyphy/ptII/ptolemy/actor/lib/test/auto/ExecNonZeroReturnOutput.xml (RunModel)" time="0.179" />
  <testcase classname="ptolemy.util.test.junit.AutoTests" name="[147] /home/travis/build/icyphy/ptII/ptolemy/actor/lib/test/auto/ExecRunDemos.xml (RunModel)" time="10.103" />
  <testcase classname="ptolemy.util.test.junit.AutoTests" name="[148] /home/travis/build/icyphy/ptII/ptolemy/actor/lib/test/auto/ExecStop.xml (RunModel)" time="5.031" />
  <testcase classname="ptolemy.util.test.junit.AutoTests" name="[149] /home/travis/build/icyphy/ptII/ptolemy/actor/lib/test/auto/ExecutionTimeSDF.xml (RunModel)" time="6.029" />
  <testcase classname="ptolemy.util.test.junit.AutoTests" name="[150] /home/travis/build/icyphy/ptII/ptolemy/actor/lib/test/auto/Expression1.xml (RunModel)" time="0.016" />
  <testcase classname="ptolemy.util.test.junit.AutoTests" name="[151] /home/travis/build/icyphy/ptII/ptolemy/actor/lib/test/auto/Expression10.xml (RunModel)" time="0.014" />
  <testcase classname="ptolemy.util.test.junit.AutoTests" name="[152] /home/travis/build/icyphy/ptII/ptolemy/actor/lib/test/auto/Expression11.xml (RunModel)" time="0.028" />
  <testcase classname="ptolemy.util.test.junit.AutoTests" name="[153] /home/travis/build/icyphy/ptII/ptolemy/actor/lib/test/auto/Expression12.xml (RunModel)" time="0.021" />
  <testcase classname="ptolemy.util.test.junit.AutoTests" name="[154] /home/travis/build/icyphy/ptII/ptolemy/actor/lib/test/auto/Expression13.xml (RunModel)" time="0.01" />
  <testcase classname="ptolemy.util.test.junit.AutoTests" name="[155] /home/travis/build/icyphy/ptII/ptolemy/actor/lib/test/auto/Expression14.xml (RunModel)" time="0.017" />
  <testcase classname="ptolemy.util.test.junit.AutoTests" name="[156] /home/travis/build/icyphy/ptII/ptolemy/actor/lib/test/auto/Expression15.xml (RunModel)" time="0.008" />
  <testcase classname="ptolemy.util.test.junit.AutoTests" name="[157] /home/travis/build/icyphy/ptII/ptolemy/actor/lib/test/auto/Expression16.xml (RunModel)" time="0.012" />
  <testcase classname="ptolemy.util.test.junit.AutoTests" name="[158] /home/travis/build/icyphy/ptII/ptolemy/actor/lib/test/auto/Expression17.xml (RunModel)" time="0.01" />
  <testcase classname="ptolemy.util.test.junit.AutoTests" name="[159] /home/travis/build/icyphy/ptII/ptolemy/actor/lib/test/auto/Expression18.xml (RunModel)" time="0.01" />
  <testcase classname="ptolemy.util.test.junit.AutoTests" name="[160] /home/travis/build/icyphy/ptII/ptolemy/actor/lib/test/auto/Expression2.xml (RunModel)" time="0.009" />
  <testcase classname="ptolemy.util.test.junit.AutoTests" name="[161] /home/travis/build/icyphy/ptII/ptolemy/actor/lib/test/auto/Expression3.xml (RunModel)" time="0.012" />
  <testcase classname="ptolemy.util.test.junit.AutoTests" name="[162] /home/travis/build/icyphy/ptII/ptolemy/actor/lib/test/auto/Expression4.xml (RunModel)" time="0.018" />
  <testcase classname="ptolemy.util.test.junit.AutoTests" name="[163] /home/travis/build/icyphy/ptII/ptolemy/actor/lib/test/auto/Expression5.xml (RunModel)" time="0.01" />
  <testcase classname="ptolemy.util.test.junit.AutoTests" name="[164] /home/travis/build/icyphy/ptII/ptolemy/actor/lib/test/auto/Expression6.xml (RunModel)" time="0.008" />
  <testcase classname="ptolemy.util.test.junit.AutoTests" name="[165] /home/travis/build/icyphy/ptII/ptolemy/actor/lib/test/auto/Expression7.xml (RunModel)" time="0.011" />
  <testcase classname="ptolemy.util.test.junit.AutoTests" name="[166] /home/travis/build/icyphy/ptII/ptolemy/actor/lib/test/auto/Expression8.xml (RunModel)" time="0.02" />
  <testcase classname="ptolemy.util.test.junit.AutoTests" name="[167] /home/travis/build/icyphy/ptII/ptolemy/actor/lib/test/auto/Expression9.xml (RunModel)" time="0.008" />
  <testcase classname="ptolemy.util.test.junit.AutoTests" name="[168] /home/travis/build/icyphy/ptII/ptolemy/actor/lib/test/auto/ExpressionConcatenateArrayType.xml (RunModel)" time="0.024" />
  <testcase classname="ptolemy.util.test.junit.AutoTests" name="[169] /home/travis/build/icyphy/ptII/ptolemy/actor/lib/test/auto/ExpressionConcatenateArrayType2.xml (RunModel)" time="0.021" />
  <testcase classname="ptolemy.util.test.junit.AutoTests" name="[170] /home/travis/build/icyphy/ptII/ptolemy/actor/lib/test/auto/ExpressionFix.xml (RunModel)" time="0.037" />
  <testcase classname="ptolemy.util.test.junit.AutoTests" name="[171] /home/travis/build/icyphy/ptII/ptolemy/actor/lib/test/auto/ExpressionFix2.xml (RunModel)" time="0.014" />
  <testcase classname="ptolemy.util.test.junit.AutoTests" name="[172] /home/travis/build/icyphy/ptII/ptolemy/actor/lib/test/auto/ExpressionFix3.xml (RunModel)" time="0.011" />
  <testcase classname="ptolemy.util.test.junit.AutoTests" name="[173] /home/travis/build/icyphy/ptII/ptolemy/actor/lib/test/auto/FileWriter1.xml (RunModel)" time="0.008" />
  <testcase classname="ptolemy.util.test.junit.AutoTests" name="[174] /home/travis/build/icyphy/ptII/ptolemy/actor/lib/test/auto/FileWriter2.xml (RunModel)" time="0.008" />
  <testcase classname="ptolemy.util.test.junit.AutoTests" name="[175] /home/travis/build/icyphy/ptII/ptolemy/actor/lib/test/auto/FileWriter3.xml (RunModel)" time="0.013" />
  <testcase classname="ptolemy.util.test.junit.AutoTests" name="[176] /home/travis/build/icyphy/ptII/ptolemy/actor/lib/test/auto/Gaussian.xml (RunModel)" time="0.01" />
  <testcase classname="ptolemy.util.test.junit.AutoTests" name="[177] /home/travis/build/icyphy/ptII/ptolemy/actor/lib/test/auto/Gaussian1.xml (RunModel)" time="0.017" />
  <testcase classname="ptolemy.util.test.junit.AutoTests" name="[178] /home/travis/build/icyphy/ptII/ptolemy/actor/lib/test/auto/Gaussian2.xml (RunModel)" time="0.025" />
  <testcase classname="ptolemy.util.test.junit.AutoTests" name="[179] /home/travis/build/icyphy/ptII/ptolemy/actor/lib/test/auto/GradientAdaptiveLattice.xml (RunModel)" time="0.015" />
  <testcase classname="ptolemy.util.test.junit.AutoTests" name="[180] /home/travis/build/icyphy/ptII/ptolemy/actor/lib/test/auto/IIR.xml (RunModel)" time="0.008" />
  <testcase classname="ptolemy.util.test.junit.AutoTests" name="[181] /home/travis/build/icyphy/ptII/ptolemy/actor/lib/test/auto/InputOutputTransparentPorts.xml (RunModel)" time="0.017" />
  <testcase classname="ptolemy.util.test.junit.AutoTests" name="[182] /home/travis/build/icyphy/ptII/ptolemy/actor/lib/test/auto/Interpolator.xml (RunModel)" time="0.01" />
  <testcase classname="ptolemy.util.test.junit.AutoTests" name="[183] /home/travis/build/icyphy/ptII/ptolemy/actor/lib/test/auto/InterpolatorFiringLimitDE.xml (RunModel)" time="0.012" />
  <testcase classname="ptolemy.util.test.junit.AutoTests" name="[184] /home/travis/build/icyphy/ptII/ptolemy/actor/lib/test/auto/Lattice.xml (RunModel)" time="0.007" />
  <testcase classname="ptolemy.util.test.junit.AutoTests" name="[185] /home/travis/build/icyphy/ptII/ptolemy/actor/lib/test/auto/LazyAOCTestLazy.xml (RunModel)" time="0.03" />
  <testcase classname="ptolemy.util.test.junit.AutoTests" name="[186] /home/travis/build/icyphy/ptII/ptolemy/actor/lib/test/auto/LazyAOCTestNonLazy.xml (RunModel)" time="0.042" />
  <testcase classname="ptolemy.util.test.junit.AutoTests" name="[187] /home/travis/build/icyphy/ptII/ptolemy/actor/lib/test/auto/LazyInnerClass.xml (RunModel)" time="0.032" />
  <testcase classname="ptolemy.util.test.junit.AutoTests" name="[188] /home/travis/build/icyphy/ptII/ptolemy/actor/lib/test/auto/LazyPubSub.xml (RunModel)" time="0.063" />
  <testcase classname="ptolemy.util.test.junit.AutoTests" name="[189] /home/travis/build/icyphy/ptII/ptolemy/actor/lib/test/auto/LazyPubSub2.xml (RunModel)" time="0.029" />
  <testcase classname="ptolemy.util.test.junit.AutoTests" name="[190] /home/travis/build/icyphy/ptII/ptolemy/actor/lib/test/auto/LazyPubSub3.xml (RunModel)" time="0.029" />
  <testcase classname="ptolemy.util.test.junit.AutoTests" name="[191] /home/travis/build/icyphy/ptII/ptolemy/actor/lib/test/auto/LazySubClassModel.xml (RunModel)" time="0.02" />
  <testcase classname="ptolemy.util.test.junit.AutoTests" name="[192] /home/travis/build/icyphy/ptII/ptolemy/actor/lib/test/auto/LevelCrossTest1.xml (RunModel)" time="0.009" />
  <testcase classname="ptolemy.util.test.junit.AutoTests" name="[193] /home/travis/build/icyphy/ptII/ptolemy/actor/lib/test/auto/LevelCrossTest10.xml (RunModel)" time="0.014" />
  <testcase classname="ptolemy.util.test.junit.AutoTests" name="[194] /home/travis/build/icyphy/ptII/ptolemy/actor/lib/test/auto/LevelCrossTest11.xml (RunModel)" time="0.015" />
  <testcase classname="ptolemy.util.test.junit.AutoTests" name="[195] /home/travis/build/icyphy/ptII/ptolemy/actor/lib/test/auto/LevelCrossTest12.xml (RunModel)" time="0.014" />
  <testcase classname="ptolemy.util.test.junit.AutoTests" name="[196] /home/travis/build/icyphy/ptII/ptolemy/actor/lib/test/auto/LevelCrossTest13.xml (RunModel)" time="0.011" />
  <testcase classname="ptolemy.util.test.junit.AutoTests" name="[197] /home/travis/build/icyphy/ptII/ptolemy/actor/lib/test/auto/LevelCrossTest2.xml (RunModel)" time="0.009" />
  <testcase classname="ptolemy.util.test.junit.AutoTests" name="[198] /home/travis/build/icyphy/ptII/ptolemy/actor/lib/test/auto/LevelCrossTest3.xml (RunModel)" time="0.012" />
  <testcase classname="ptolemy.util.test.junit.AutoTests" name="[199] /home/travis/build/icyphy/ptII/ptolemy/actor/lib/test/auto/LevelCrossTest4.xml (RunModel)" time="0.01" />
  <testcase classname="ptolemy.util.test.junit.AutoTests" name="[200] /home/travis/build/icyphy/ptII/ptolemy/actor/lib/test/auto/LevelCrossTest5.xml (RunModel)" time="0.012" />
  <testcase classname="ptolemy.util.test.junit.AutoTests" name="[201] /home/travis/build/icyphy/ptII/ptolemy/actor/lib/test/auto/LevelCrossTest6.xml (RunModel)" time="0.019" />
  <testcase classname="ptolemy.util.test.junit.AutoTests" name="[202] /home/travis/build/icyphy/ptII/ptolemy/actor/lib/test/auto/LevelCrossTest7.xml (RunModel)" time="0.014" />
  <testcase classname="ptolemy.util.test.junit.AutoTests" name="[203] /home/travis/build/icyphy/ptII/ptolemy/actor/lib/test/auto/LevelCrossTest8.xml (RunModel)" time="0.014" />
  <testcase classname="ptolemy.util.test.junit.AutoTests" name="[204] /home/travis/build/icyphy/ptII/ptolemy/actor/lib/test/auto/LevelCrossTest9.xml (RunModel)" time="0.015" />
  <testcase classname="ptolemy.util.test.junit.AutoTests" name="[205] /home/travis/build/icyphy/ptII/ptolemy/actor/lib/test/auto/LevinsonDurbin.xml (RunModel)" time="0.009" />
  <testcase classname="ptolemy.util.test.junit.AutoTests" name="[206] /home/travis/build/icyphy/ptII/ptolemy/actor/lib/test/auto/LevinsonDurbin2.xml (RunModel)" time="0.011" />
  <testcase classname="ptolemy.util.test.junit.AutoTests" name="[207] /home/travis/build/icyphy/ptII/ptolemy/actor/lib/test/auto/LevinsonDurbin3.xml (RunModel)" time="0.007" />
  <testcase classname="ptolemy.util.test.junit.AutoTests" name="[208] /home/travis/build/icyphy/ptII/ptolemy/actor/lib/test/auto/Limiter.xml (RunModel)" time="0.037" />
  <testcase classname="ptolemy.util.test.junit.AutoTests" name="[209] /home/travis/build/icyphy/ptII/ptolemy/actor/lib/test/auto/LinearDifferenceEquationSystem.xml (RunModel)" time="0.027" />
  <testcase classname="ptolemy.util.test.junit.AutoTests" name="[210] /home/travis/build/icyphy/ptII/ptolemy/actor/lib/test/auto/LookupTable.xml (RunModel)" time="0.018" />
  <testcase classname="ptolemy.util.test.junit.AutoTests" name="[211] /home/travis/build/icyphy/ptII/ptolemy/actor/lib/test/auto/MathFunction.xml (RunModel)" time="0.016" />
  <testcase classname="ptolemy.util.test.junit.AutoTests" name="[212] /home/travis/build/icyphy/ptII/ptolemy/actor/lib/test/auto/MathFunction2.xml (RunModel)" time="0.009" />
  <testcase classname="ptolemy.util.test.junit.AutoTests" name="[213] /home/travis/build/icyphy/ptII/ptolemy/actor/lib/test/auto/MathFunction3.xml (RunModel)" time="0.016" />
  <testcase classname="ptolemy.util.test.junit.AutoTests" name="[214] /home/travis/build/icyphy/ptII/ptolemy/actor/lib/test/auto/MatrixCropBoolean.xml (RunModel)" time="0.013" />
  <testcase classname="ptolemy.util.test.junit.AutoTests" name="[215] /home/travis/build/icyphy/ptII/ptolemy/actor/lib/test/auto/MatrixCropComplex.xml (RunModel)" time="0.008" />
  <testcase classname="ptolemy.util.test.junit.AutoTests" name="[216] /home/travis/build/icyphy/ptII/ptolemy/actor/lib/test/auto/MatrixCropDouble.xml (RunModel)" time="0.008" />
  <testcase classname="ptolemy.util.test.junit.AutoTests" name="[217] /home/travis/build/icyphy/ptII/ptolemy/actor/lib/test/auto/MatrixCropFix.xml (RunModel)" time="0.014" />
  <testcase classname="ptolemy.util.test.junit.AutoTests" name="[218] /home/travis/build/icyphy/ptII/ptolemy/actor/lib/test/auto/MatrixCropInt.xml (RunModel)" time="0.008" />
  <testcase classname="ptolemy.util.test.junit.AutoTests" name="[219] /home/travis/build/icyphy/ptII/ptolemy/actor/lib/test/auto/MatrixCropLong.xml (RunModel)" time="0.009" />
  <testcase classname="ptolemy.util.test.junit.AutoTests" name="[220] /home/travis/build/icyphy/ptII/ptolemy/actor/lib/test/auto/MatrixToArray.xml (RunModel)" time="0.043" />
  <testcase classname="ptolemy.util.test.junit.AutoTests" name="[221] /home/travis/build/icyphy/ptII/ptolemy/actor/lib/test/auto/MaxIndex.xml (RunModel)" time="0.01" />
  <testcase classname="ptolemy.util.test.junit.AutoTests" name="[222] /home/travis/build/icyphy/ptII/ptolemy/actor/lib/test/auto/Maximum.xml (RunModel)" time="0.01" />
  <testcase classname="ptolemy.util.test.junit.AutoTests" name="[223] /home/travis/build/icyphy/ptII/ptolemy/actor/lib/test/auto/MaximumComplex.xml (RunModel)" time="0.012" />
  <testcase classname="ptolemy.util.test.junit.AutoTests" name="[224] /home/travis/build/icyphy/ptII/ptolemy/actor/lib/test/auto/MethodCallTest.xml (RunModel)" time="0.019" />
  <testcase classname="ptolemy.util.test.junit.AutoTests" name="[225] /home/travis/build/icyphy/ptII/ptolemy/actor/lib/test/auto/Minimum.xml (RunModel)" time="0.012" />
  <testcase classname="ptolemy.util.test.junit.AutoTests" name="[226] /home/travis/build/icyphy/ptII/ptolemy/actor/lib/test/auto/MinimumComplex.xml (RunModel)" time="0.023" />
  <testcase classname="ptolemy.util.test.junit.AutoTests" name="[227] /home/travis/build/icyphy/ptII/ptolemy/actor/lib/test/auto/MinimumMultiports.xml (RunModel)" time="0.023" />
  <testcase classname="ptolemy.util.test.junit.AutoTests" name="[228] /home/travis/build/icyphy/ptII/ptolemy/actor/lib/test/auto/ModifyDate.xml (RunModel)" time="0.047" />
  <testcase classname="ptolemy.util.test.junit.AutoTests" name="[229] /home/travis/build/icyphy/ptII/ptolemy/actor/lib/test/auto/ModifyDate2.xml (RunModel)" time="0.035" />
  <testcase classname="ptolemy.util.test.junit.AutoTests" name="[230] /home/travis/build/icyphy/ptII/ptolemy/actor/lib/test/auto/MovingAverage.xml (RunModel)" time="0.015" />
  <testcase classname="ptolemy.util.test.junit.AutoTests" name="[231] /home/travis/build/icyphy/ptII/ptolemy/actor/lib/test/auto/MovingMaximum.xml (RunModel)" time="0.011" />
  <testcase classname="ptolemy.util.test.junit.AutoTests" name="[232] /home/travis/build/icyphy/ptII/ptolemy/actor/lib/test/auto/MultipleLinksToSameRelation.xml (RunModel)" time="0.007" />
  <testcase classname="ptolemy.util.test.junit.AutoTests" name="[233] /home/travis/build/icyphy/ptII/ptolemy/actor/lib/test/auto/MultipleLinksToSameRelationDE.xml (RunModel)" time="0.015" />
  <testcase classname="ptolemy.util.test.junit.AutoTests" name="[234] /home/travis/build/icyphy/ptII/ptolemy/actor/lib/test/auto/Multiplexor.xml (RunModel)" time="0.011" />
  <testcase classname="ptolemy.util.test.junit.AutoTests" name="[235] /home/travis/build/icyphy/ptII/ptolemy/actor/lib/test/auto/Multiplexor1.xml (RunModel)" time="0.01" />
  <testcase classname="ptolemy.util.test.junit.AutoTests" name="[236] /home/travis/build/icyphy/ptII/ptolemy/actor/lib/test/auto/Multiplexor2.xml (RunModel)" time="0.015" />
  <testcase classname="ptolemy.util.test.junit.AutoTests" name="[237] /home/travis/build/icyphy/ptII/ptolemy/actor/lib/test/auto/Multiplexor3.xml (RunModel)" time="0.016" />
  <testcase classname="ptolemy.util.test.junit.AutoTests" name="[238] /home/travis/build/icyphy/ptII/ptolemy/actor/lib/test/auto/MultiplexorDE.xml (RunModel)" time="0.022" />
  <testcase classname="ptolemy.util.test.junit.AutoTests" name="[239] /home/travis/build/icyphy/ptII/ptolemy/actor/lib/test/auto/MultiportBroadcastTest.xml (RunModel)" time="0.095" />
  <testcase classname="ptolemy.util.test.junit.AutoTests" name="[240] /home/travis/build/icyphy/ptII/ptolemy/actor/lib/test/auto/MultiportOutHangDuringGetWidth.xml (RunModel)" time="0.035" />
  <testcase classname="ptolemy.util.test.junit.AutoTests" name="[241] /home/travis/build/icyphy/ptII/ptolemy/actor/lib/test/auto/NilToken.xml (RunModel)" time="0.011" />
  <testcase classname="ptolemy.util.test.junit.AutoTests" name="[242] /home/travis/build/icyphy/ptII/ptolemy/actor/lib/test/auto/NilTokenNonStrictTest.xml (RunModel)" time="0.009" />
  <testcase classname="ptolemy.util.test.junit.AutoTests" name="[243] /home/travis/build/icyphy/ptII/ptolemy/actor/lib/test/auto/NilTokenRecord.xml (RunModel)" time="0.019" />
  <testcase classname="ptolemy.util.test.junit.AutoTests" name="[244] /home/travis/build/icyphy/ptII/ptolemy/actor/lib/test/auto/NilTokenTypeTest.xml (RunModel)" time="0.023" />
  <testcase classname="ptolemy.util.test.junit.AutoTests" name="[245] /home/travis/build/icyphy/ptII/ptolemy/actor/lib/test/auto/ObjectToken1.xml (RunModel)" time="0.007" />
  <testcase classname="ptolemy.util.test.junit.AutoTests" name="[246] /home/travis/build/icyphy/ptII/ptolemy/actor/lib/test/auto/OrderedMerge.xml (RunModel)" time="0.016" />
  <testcase classname="ptolemy.util.test.junit.AutoTests" name="[247] /home/travis/build/icyphy/ptII/ptolemy/actor/lib/test/auto/OrderedRecordDisassembler.xml (RunModel)" time="0.017" />
  <testcase classname="ptolemy.util.test.junit.AutoTests" name="[248] /home/travis/build/icyphy/ptII/ptolemy/actor/lib/test/auto/OrderedRecordDisassembler2.xml (RunModel)" time="0.016" />
  <testcase classname="ptolemy.util.test.junit.AutoTests" name="[249] /home/travis/build/icyphy/ptII/ptolemy/actor/lib/test/auto/OrderedRecordUpdater.xml (RunModel)" time="0.009" />
  <testcase classname="ptolemy.util.test.junit.AutoTests" name="[250] /home/travis/build/icyphy/ptII/ptolemy/actor/lib/test/auto/OrderedRecordUpdater2.xml (RunModel)" time="0.015" />
  <testcase classname="ptolemy.util.test.junit.AutoTests" name="[251] /home/travis/build/icyphy/ptII/ptolemy/actor/lib/test/auto/PhaseUnwrap.xml (RunModel)" time="0.011" />
  <testcase classname="ptolemy.util.test.junit.AutoTests" name="[252] /home/travis/build/icyphy/ptII/ptolemy/actor/lib/test/auto/PoissonClock.xml (RunModel)" time="0.008" />
  <testcase classname="ptolemy.util.test.junit.AutoTests" name="[253] /home/travis/build/icyphy/ptII/ptolemy/actor/lib/test/auto/PoissonClock2.xml (RunModel)" time="0.006" />
  <testcase classname="ptolemy.util.test.junit.AutoTests" name="[254] /home/travis/build/icyphy/ptII/ptolemy/actor/lib/test/auto/PoissonClock3.xml (RunModel)" time="0.014" />
  <testcase classname="ptolemy.util.test.junit.AutoTests" name="[255] /home/travis/build/icyphy/ptII/ptolemy/actor/lib/test/auto/PubSubWithInitialTokens.xml (RunModel)" time="0.009" />
  <testcase classname="ptolemy.util.test.junit.AutoTests" name="[256] /home/travis/build/icyphy/ptII/ptolemy/actor/lib/test/auto/PubSubWithInitialTokens2.xml (RunModel)" time="0.011" />
  <testcase classname="ptolemy.util.test.junit.AutoTests" name="[257] /home/travis/build/icyphy/ptII/ptolemy/actor/lib/test/auto/PublisherClassNoParameter.xml (RunModel)" time="0.016" />
  <testcase classname="ptolemy.util.test.junit.AutoTests" name="[258] /home/travis/build/icyphy/ptII/ptolemy/actor/lib/test/auto/PublisherClassParameter.xml (RunModel)" time="0.017" />
  <testcase classname="ptolemy.util.test.junit.AutoTests" name="[259] /home/travis/build/icyphy/ptII/ptolemy/actor/lib/test/auto/PublisherNonStrictTest.xml (RunModel)" time="0.014" />
  <testcase classname="ptolemy.util.test.junit.AutoTests" name="[260] /home/travis/build/icyphy/ptII/ptolemy/actor/lib/test/auto/PublisherPort1.xml (RunModel)" time="0.009" />
  <testcase classname="ptolemy.util.test.junit.AutoTests" name="[261] /home/travis/build/icyphy/ptII/ptolemy/actor/lib/test/auto/PublisherPort2.xml (RunModel)" time="0.008" />
  <testcase classname="ptolemy.util.test.junit.AutoTests" name="[262] /home/travis/build/icyphy/ptII/ptolemy/actor/lib/test/auto/PublisherPort3.xml (RunModel)" time="0.019" />
  <testcase classname="ptolemy.util.test.junit.AutoTests" name="[263] /home/travis/build/icyphy/ptII/ptolemy/actor/lib/test/auto/PublisherPort4.xml (RunModel)" time="0.01" />
  <testcase classname="ptolemy.util.test.junit.AutoTests" name="[264] /home/travis/build/icyphy/ptII/ptolemy/actor/lib/test/auto/PublisherPort5.xml (RunModel)" time="0.027" />
  <testcase classname="ptolemy.util.test.junit.AutoTests" name="[265] /home/travis/build/icyphy/ptII/ptolemy/actor/lib/test/auto/PublisherPort5LookAlike.xml (RunModel)" time="0.017" />
  <testcase classname="ptolemy.util.test.junit.AutoTests" name="[266] /home/travis/build/icyphy/ptII/ptolemy/actor/lib/test/auto/PublisherPort6.xml (RunModel)" time="0.01" />
  <testcase classname="ptolemy.util.test.junit.AutoTests" name="[267] /home/travis/build/icyphy/ptII/ptolemy/actor/lib/test/auto/PublisherPort7.xml (RunModel)" time="0.013" />
  <testcase classname="ptolemy.util.test.junit.AutoTests" name="[268] /home/travis/build/icyphy/ptII/ptolemy/actor/lib/test/auto/PublisherPort8.xml (RunModel)" time="0.014" />
  <testcase classname="ptolemy.util.test.junit.AutoTests" name="[269] /home/travis/build/icyphy/ptII/ptolemy/actor/lib/test/auto/PublisherPortSubscriberChannelVariablesAOC2.xml (RunModel)" time="0.031" />
  <testcase classname="ptolemy.util.test.junit.AutoTests" name="[270] /home/travis/build/icyphy/ptII/ptolemy/actor/lib/test/auto/PublisherPortSubscriberOpaqueWidthInference.xml (RunModel)" time="0.012" />
  <testcase classname="ptolemy.util.test.junit.AutoTests" name="[271] /home/travis/build/icyphy/ptII/ptolemy/actor/lib/test/auto/PublisherPortSubscriberPortAdjacent.xml (RunModel)" time="0.015" />
  <testcase classname="ptolemy.util.test.junit.AutoTests" name="[272] /home/travis/build/icyphy/ptII/ptolemy/actor/lib/test/auto/PublisherPortSubscriberPortExpression.xml (RunModel)" time="0.013" />
  <testcase classname="ptolemy.util.test.junit.AutoTests" name="[273] /home/travis/build/icyphy/ptII/ptolemy/actor/lib/test/auto/PublisherPortSubscriberPortOpaqueD3Reverse.xml (RunModel)" time="0.015" />
  <testcase classname="ptolemy.util.test.junit.AutoTests" name="[274] /home/travis/build/icyphy/ptII/ptolemy/actor/lib/test/auto/PublisherPortSubscriberPortOpaqueWidthInference.xml (RunModel)" time="0.014" />
  <testcase classname="ptolemy.util.test.junit.AutoTests" name="[275] /home/travis/build/icyphy/ptII/ptolemy/actor/lib/test/auto/PublisherPortToplevelSubscriberPortAOC.xml (RunModel)" time="0.009" />
  <testcase classname="ptolemy.util.test.junit.AutoTests" name="[276] /home/travis/build/icyphy/ptII/ptolemy/actor/lib/test/auto/PublisherSubscriber.xml (RunModel)" time="0.011" />
  <testcase classname="ptolemy.util.test.junit.AutoTests" name="[277] /home/travis/build/icyphy/ptII/ptolemy/actor/lib/test/auto/PublisherSubscriber10.xml (RunModel)" time="0.023" />
  <testcase classname="ptolemy.util.test.junit.AutoTests" name="[278] /home/travis/build/icyphy/ptII/ptolemy/actor/lib/test/auto/PublisherSubscriber10InitialOutputs.xml (RunModel)" time="0.027" />
  <testcase classname="ptolemy.util.test.junit.AutoTests" name="[279] /home/travis/build/icyphy/ptII/ptolemy/actor/lib/test/auto/PublisherSubscriber11.xml (RunModel)" time="0.019" />
  <testcase classname="ptolemy.util.test.junit.AutoTests" name="[280] /home/travis/build/icyphy/ptII/ptolemy/actor/lib/test/auto/PublisherSubscriber12.xml (RunModel)" time="0.016" />
  <testcase classname="ptolemy.util.test.junit.AutoTests" name="[281] /home/travis/build/icyphy/ptII/ptolemy/actor/lib/test/auto/PublisherSubscriber13.xml (RunModel)" time="0.015" />
  <testcase classname="ptolemy.util.test.junit.AutoTests" name="[282] /home/travis/build/icyphy/ptII/ptolemy/actor/lib/test/auto/PublisherSubscriber14.xml (RunModel)" time="0.017" />
  <testcase classname="ptolemy.util.test.junit.AutoTests" name="[283] /home/travis/build/icyphy/ptII/ptolemy/actor/lib/test/auto/PublisherSubscriber2.xml (RunModel)" time="0.01" />
  <testcase classname="ptolemy.util.test.junit.AutoTests" name="[284] /home/travis/build/icyphy/ptII/ptolemy/actor/lib/test/auto/PublisherSubscriber3.xml (RunModel)" time="0.009" />
  <testcase classname="ptolemy.util.test.junit.AutoTests" name="[285] /home/travis/build/icyphy/ptII/ptolemy/actor/lib/test/auto/PublisherSubscriber4.xml (RunModel)" time="0.007" />
  <testcase classname="ptolemy.util.test.junit.AutoTests" name="[286] /home/travis/build/icyphy/ptII/ptolemy/actor/lib/test/auto/PublisherSubscriber5.xml (RunModel)" time="0.019" />
  <testcase classname="ptolemy.util.test.junit.AutoTests" name="[287] /home/travis/build/icyphy/ptII/ptolemy/actor/lib/test/auto/PublisherSubscriber6.xml (RunModel)" time="0.012" />
  <testcase classname="ptolemy.util.test.junit.AutoTests" name="[288] /home/travis/build/icyphy/ptII/ptolemy/actor/lib/test/auto/PublisherSubscriber7.xml (RunModel)" time="0.016" />
  <testcase classname="ptolemy.util.test.junit.AutoTests" name="[289] /home/travis/build/icyphy/ptII/ptolemy/actor/lib/test/auto/PublisherSubscriber8.xml (RunModel)" time="0.026" />
  <testcase classname="ptolemy.util.test.junit.AutoTests" name="[290] /home/travis/build/icyphy/ptII/ptolemy/actor/lib/test/auto/PublisherSubscriber9.xml (RunModel)" time="0.025" />
  <testcase classname="ptolemy.util.test.junit.AutoTests" name="[291] /home/travis/build/icyphy/ptII/ptolemy/actor/lib/test/auto/PublisherSubscriberAdjacent.xml (RunModel)" time="0.013" />
  <testcase classname="ptolemy.util.test.junit.AutoTests" name="[292] /home/travis/build/icyphy/ptII/ptolemy/actor/lib/test/auto/PublisherSubscriberChannelVariablesAOC2.xml (RunModel)" time="0.022" />
  <testcase classname="ptolemy.util.test.junit.AutoTests" name="[293] /home/travis/build/icyphy/ptII/ptolemy/actor/lib/test/auto/PublisherSubscriberD3.xml (RunModel)" time="0.011" />
  <testcase classname="ptolemy.util.test.junit.AutoTests" name="[294] /home/travis/build/icyphy/ptII/ptolemy/actor/lib/test/auto/PublisherSubscriberD3Reverse.xml (RunModel)" time="0.009" />
  <testcase classname="ptolemy.util.test.junit.AutoTests" name="[295] /home/travis/build/icyphy/ptII/ptolemy/actor/lib/test/auto/PublisherSubscriberExpression.xml (RunModel)" time="0.014" />
  <testcase classname="ptolemy.util.test.junit.AutoTests" name="[296] /home/travis/build/icyphy/ptII/ptolemy/actor/lib/test/auto/PublisherSubscriberOpaque.xml (RunModel)" time="0.026" />
  <testcase classname="ptolemy.util.test.junit.AutoTests" name="[297] /home/travis/build/icyphy/ptII/ptolemy/actor/lib/test/auto/PublisherSubscriberOpaqueD3.xml (RunModel)" time="0.019" />
  <testcase classname="ptolemy.util.test.junit.AutoTests" name="[298] /home/travis/build/icyphy/ptII/ptolemy/actor/lib/test/auto/PublisherSubscriberOpaqueD3Reverse.xml (RunModel)" time="0.021" />
  <testcase classname="ptolemy.util.test.junit.AutoTests" name="[299] /home/travis/build/icyphy/ptII/ptolemy/actor/lib/test/auto/PublisherSubscriberOpaqueWidthInference.xml (RunModel)" time="0.015" />
  <testcase classname="ptolemy.util.test.junit.AutoTests" name="[300] /home/travis/build/icyphy/ptII/ptolemy/actor/lib/test/auto/PublisherTestSubscriber.xml (RunModel)" time="0.013" />
  <testcase classname="ptolemy.util.test.junit.AutoTests" name="[301] /home/travis/build/icyphy/ptII/ptolemy/actor/lib/test/auto/PublisherToplevelSubscriberPortAOC.xml (RunModel)" time="0.013" />
  <testcase classname="ptolemy.util.test.junit.AutoTests" name="[302] /home/travis/build/icyphy/ptII/ptolemy/actor/lib/test/auto/PulseFiringLimitDE.xml (RunModel)" time="0.013" />
  <testcase classname="ptolemy.util.test.junit.AutoTests" name="[303] /home/travis/build/icyphy/ptII/ptolemy/actor/lib/test/auto/Ramp1.xml (RunModel)" time="0.006" />
  <testcase classname="ptolemy.util.test.junit.AutoTests" name="[304] /home/travis/build/icyphy/ptII/ptolemy/actor/lib/test/auto/RampFiringLimitDE.xml (RunModel)" time="0.009" />
  <testcase classname="ptolemy.util.test.junit.AutoTests" name="[305] /home/travis/build/icyphy/ptII/ptolemy/actor/lib/test/auto/RampFiringLimitSDF.xml (RunModel)" time="0.008" />
  <testcase classname="ptolemy.util.test.junit.AutoTests" name="[306] /home/travis/build/icyphy/ptII/ptolemy/actor/lib/test/auto/RandomInteger.xml (RunModel)" time="0.008" />
  <testcase classname="ptolemy.util.test.junit.AutoTests" name="[307] /home/travis/build/icyphy/ptII/ptolemy/actor/lib/test/auto/ReadFile1.xml (RunModel)" time="0.007" />
  <testcase classname="ptolemy.util.test.junit.AutoTests" name="[308] /home/travis/build/icyphy/ptII/ptolemy/actor/lib/test/auto/ReadFile2.xml (RunModel)" time="0.008" />
  <testcase classname="ptolemy.util.test.junit.AutoTests" name="[309] /home/travis/build/icyphy/ptII/ptolemy/actor/lib/test/auto/Reader.xml (RunModel)" time="0.011" />
  <testcase classname="ptolemy.util.test.junit.AutoTests" name="[310] /home/travis/build/icyphy/ptII/ptolemy/actor/lib/test/auto/RecordAssemblerDisplayNameTest.xml (RunModel)" time="2.863" />
  <testcase classname="ptolemy.util.test.junit.AutoTests" name="[311] /home/travis/build/icyphy/ptII/ptolemy/actor/lib/test/auto/RecordAssemblerTypeError.xml (RunModel)" time="0.025" />
  <testcase classname="ptolemy.util.test.junit.AutoTests" name="[312] /home/travis/build/icyphy/ptII/ptolemy/actor/lib/test/auto/RecordDisassember.xml (RunModel)" time="0.018" />
  <testcase classname="ptolemy.util.test.junit.AutoTests" name="[313] /home/travis/build/icyphy/ptII/ptolemy/actor/lib/test/auto/RecordDisassemberDisplayNameTest.xml (RunModel)" time="0.021" />
  <testcase classname="ptolemy.util.test.junit.AutoTests" name="[314] /home/travis/build/icyphy/ptII/ptolemy/actor/lib/test/auto/RecordDisassembler.xml (RunModel)" time="0.01" />
  <testcase classname="ptolemy.util.test.junit.AutoTests" name="[315] /home/travis/build/icyphy/ptII/ptolemy/actor/lib/test/auto/RecordDisassembler2.xml (RunModel)" time="0.008" />
  <testcase classname="ptolemy.util.test.junit.AutoTests" name="[316] /home/travis/build/icyphy/ptII/ptolemy/actor/lib/test/auto/RecordUpdater.xml (RunModel)" time="0.008" />
  <testcase classname="ptolemy.util.test.junit.AutoTests" name="[317] /home/travis/build/icyphy/ptII/ptolemy/actor/lib/test/auto/RecordUpdater2.xml (RunModel)" time="0.007" />
  <testcase classname="ptolemy.util.test.junit.AutoTests" name="[318] /home/travis/build/icyphy/ptII/ptolemy/actor/lib/test/auto/RecursiveLattice.xml (RunModel)" time="0.008" />
  <testcase classname="ptolemy.util.test.junit.AutoTests" name="[319] /home/travis/build/icyphy/ptII/ptolemy/actor/lib/test/auto/Router.xml (RunModel)" time="3.02" />
  <testcase classname="ptolemy.util.test.junit.AutoTests" name="[320] /home/travis/build/icyphy/ptII/ptolemy/actor/lib/test/auto/Router2.xml (RunModel)" time="3.038" />
  <testcase classname="ptolemy.util.test.junit.AutoTests" name="[321] /home/travis/build/icyphy/ptII/ptolemy/actor/lib/test/auto/RunningMaximum.xml (RunModel)" time="0.014" />
  <testcase classname="ptolemy.util.test.junit.AutoTests" name="[322] /home/travis/build/icyphy/ptII/ptolemy/actor/lib/test/auto/RunningMinimum.xml (RunModel)" time="0.014" />
  <testcase classname="ptolemy.util.test.junit.AutoTests" name="[323] /home/travis/build/icyphy/ptII/ptolemy/actor/lib/test/auto/Scale.xml (RunModel)" time="0.018" />
  <testcase classname="ptolemy.util.test.junit.AutoTests" name="[324] /home/travis/build/icyphy/ptII/ptolemy/actor/lib/test/auto/Scale2.xml (RunModel)" time="0.009" />
  <testcase classname="ptolemy.util.test.junit.AutoTests" name="[325] /home/travis/build/icyphy/ptII/ptolemy/actor/lib/test/auto/Scale3.xml (RunModel)" time="0.012" />
  <testcase classname="ptolemy.util.test.junit.AutoTests" name="[326] /home/travis/build/icyphy/ptII/ptolemy/actor/lib/test/auto/ScaleArray.xml (RunModel)" time="0.006" />
  <testcase classname="ptolemy.util.test.junit.AutoTests" name="[327] /home/travis/build/icyphy/ptII/ptolemy/actor/lib/test/auto/ScaleArray2.xml (RunModel)" time="0.007" />
  <testcase classname="ptolemy.util.test.junit.AutoTests" name="[328] /home/travis/build/icyphy/ptII/ptolemy/actor/lib/test/auto/ScaleMatrix.xml (RunModel)" time="0.129" />
  <testcase classname="ptolemy.util.test.junit.AutoTests" name="[329] /home/travis/build/icyphy/ptII/ptolemy/actor/lib/test/auto/Select.xml (RunModel)" time="0.013" />
  <testcase classname="ptolemy.util.test.junit.AutoTests" name="[330] /home/travis/build/icyphy/ptII/ptolemy/actor/lib/test/auto/Select2.xml (RunModel)" time="0.008" />
  <testcase classname="ptolemy.util.test.junit.AutoTests" name="[331] /home/travis/build/icyphy/ptII/ptolemy/actor/lib/test/auto/SequenceToArray2.xml (RunModel)" time="0.13" />
  <testcase classname="ptolemy.util.test.junit.AutoTests" name="[332] /home/travis/build/icyphy/ptII/ptolemy/actor/lib/test/auto/SequentialClock.xml (RunModel)" time="0.011" />
  <testcase classname="ptolemy.util.test.junit.AutoTests" name="[333] /home/travis/build/icyphy/ptII/ptolemy/actor/lib/test/auto/SetVariable.xml (RunModel)" time="0.009" />
  <testcase classname="ptolemy.util.test.junit.AutoTests" name="[334] /home/travis/build/icyphy/ptII/ptolemy/actor/lib/test/auto/SetVariable2.xml (RunModel)" time="0.009" />
  <testcase classname="ptolemy.util.test.junit.AutoTests" name="[335] /home/travis/build/icyphy/ptII/ptolemy/actor/lib/test/auto/SetVariable3.xml (RunModel)" time="0.017" />
  <testcase classname="ptolemy.util.test.junit.AutoTests" name="[336] /home/travis/build/icyphy/ptII/ptolemy/actor/lib/test/auto/SetVariable4.xml (RunModel)" time="0.029" />
  <testcase classname="ptolemy.util.test.junit.AutoTests" name="[337] /home/travis/build/icyphy/ptII/ptolemy/actor/lib/test/auto/SetVariable5.xml (RunModel)" time="0.035" />
  <testcase classname="ptolemy.util.test.junit.AutoTests" name="[338] /home/travis/build/icyphy/ptII/ptolemy/actor/lib/test/auto/Sinewave.xml (RunModel)" time="0.019" />
  <testcase classname="ptolemy.util.test.junit.AutoTests" name="[339] /home/travis/build/icyphy/ptII/ptolemy/actor/lib/test/auto/Sinewave2.xml (RunModel)" time="0.016" />
  <testcase classname="ptolemy.util.test.junit.AutoTests" name="[340] /home/travis/build/icyphy/ptII/ptolemy/actor/lib/test/auto/Sinewave3.xml (RunModel)" time="0.018" />
  <testcase classname="ptolemy.util.test.junit.AutoTests" name="[341] /home/travis/build/icyphy/ptII/ptolemy/actor/lib/test/auto/SingleEvent.xml (RunModel)" time="0.006" />
  <testcase classname="ptolemy.util.test.junit.AutoTests" name="[342] /home/travis/build/icyphy/ptII/ptolemy/actor/lib/test/auto/Sleep.xml (RunModel)" time="6.013" />
  <testcase classname="ptolemy.util.test.junit.AutoTests" name="[343] /home/travis/build/icyphy/ptII/ptolemy/actor/lib/test/auto/SleepMultipleFire.xml (RunModel)" time="1.027" />
  <testcase classname="ptolemy.util.test.junit.AutoTests" name="[344] /home/travis/build/icyphy/ptII/ptolemy/actor/lib/test/auto/StopDE.xml (RunModel)" time="0.014" />
  <testcase classname="ptolemy.util.test.junit.AutoTests" name="[345] /home/travis/build/icyphy/ptII/ptolemy/actor/lib/test/auto/StopSDF.xml (RunModel)" time="0.014" />
  <testcase classname="ptolemy.util.test.junit.AutoTests" name="[346] /home/travis/build/icyphy/ptII/ptolemy/actor/lib/test/auto/StringConstant.xml (RunModel)" time="0.014" />
  <testcase classname="ptolemy.util.test.junit.AutoTests" name="[347] /home/travis/build/icyphy/ptII/ptolemy/actor/lib/test/auto/SubscriberPortInitialValues1.xml (RunModel)" time="0.024" />
  <testcase classname="ptolemy.util.test.junit.AutoTests" name="[348] /home/travis/build/icyphy/ptII/ptolemy/actor/lib/test/auto/SubscriberPortInitialValues13.xml (RunModel)" time="0.023" />
  <testcase classname="ptolemy.util.test.junit.AutoTests" name="[349] /home/travis/build/icyphy/ptII/ptolemy/actor/lib/test/auto/SubscriberPortInitialValues14.xml (RunModel)" time="0.014" />
  <testcase classname="ptolemy.util.test.junit.AutoTests" name="[350] /home/travis/build/icyphy/ptII/ptolemy/actor/lib/test/auto/SubscriberPortInitialValues2.xml (RunModel)" time="0.015" />
  <testcase classname="ptolemy.util.test.junit.AutoTests" name="[351] /home/travis/build/icyphy/ptII/ptolemy/actor/lib/test/auto/SubscriberPortInitialValues3.xml (RunModel)" time="0.017" />
  <testcase classname="ptolemy.util.test.junit.AutoTests" name="[352] /home/travis/build/icyphy/ptII/ptolemy/actor/lib/test/auto/SubscriptionAggregator.xml (RunModel)" time="0.011" />
  <testcase classname="ptolemy.util.test.junit.AutoTests" name="[353] /home/travis/build/icyphy/ptII/ptolemy/actor/lib/test/auto/SubscriptionAggregator2.xml (RunModel)" time="0.012" />
  <testcase classname="ptolemy.util.test.junit.AutoTests" name="[354] /home/travis/build/icyphy/ptII/ptolemy/actor/lib/test/auto/SubscriptionAggregator3.xml (RunModel)" time="0.016" />
  <testcase classname="ptolemy.util.test.junit.AutoTests" name="[355] /home/travis/build/icyphy/ptII/ptolemy/actor/lib/test/auto/SubscriptionAggregatorMultiply.xml (RunModel)" time="0.013" />
  <testcase classname="ptolemy.util.test.junit.AutoTests" name="[356] /home/travis/build/icyphy/ptII/ptolemy/actor/lib/test/auto/SubscriptionAggregatorPortMultiply1.xml (RunModel)" time="0.011" />
  <testcase classname="ptolemy.util.test.junit.AutoTests" name="[357] /home/travis/build/icyphy/ptII/ptolemy/actor/lib/test/auto/Switch.xml (RunModel)" time="0.024" />
  <testcase classname="ptolemy.util.test.junit.AutoTests" name="[358] /home/travis/build/icyphy/ptII/ptolemy/actor/lib/test/auto/Switch2.xml (RunModel)" time="0.013" />
  <testcase classname="ptolemy.util.test.junit.AutoTests" name="[359] /home/travis/build/icyphy/ptII/ptolemy/actor/lib/test/auto/SwitchDE.xml (RunModel)" time="0.013" />
  <testcase classname="ptolemy.util.test.junit.AutoTests" name="[360] /home/travis/build/icyphy/ptII/ptolemy/actor/lib/test/auto/SynchronizerDE.xml (RunModel)" time="0.02" />
  <testcase classname="ptolemy.util.test.junit.AutoTests" name="[361] /home/travis/build/icyphy/ptII/ptolemy/actor/lib/test/auto/Test.xml (RunModel)" time="0.007" />
  <testcase classname="ptolemy.util.test.junit.AutoTests" name="[362] /home/travis/build/icyphy/ptII/ptolemy/actor/lib/test/auto/TestExceptionAttribute1.xml (RunModel)" time="0.007" />
  <testcase classname="ptolemy.util.test.junit.AutoTests" name="[363] /home/travis/build/icyphy/ptII/ptolemy/actor/lib/test/auto/TestExceptionAttribute2.xml (RunModel)" time="0.006" />
  <testcase classname="ptolemy.util.test.junit.AutoTests" name="[364] /home/travis/build/icyphy/ptII/ptolemy/actor/lib/test/auto/TestExceptionAttribute3.xml (RunModel)" time="0.009" />
  <testcase classname="ptolemy.util.test.junit.AutoTests" name="[365] /home/travis/build/icyphy/ptII/ptolemy/actor/lib/test/auto/TestExceptionAttribute4.xml (RunModel)" time="0.005" />
  <testcase classname="ptolemy.util.test.junit.AutoTests" name="[366] /home/travis/build/icyphy/ptII/ptolemy/actor/lib/test/auto/TestExceptionHandler1.xml (RunModel)" time="0.006" />
  <testcase classname="ptolemy.util.test.junit.AutoTests" name="[367] /home/travis/build/icyphy/ptII/ptolemy/actor/lib/test/auto/TestExceptionHandler2.xml (RunModel)" time="0.01" />
  <testcase classname="ptolemy.util.test.junit.AutoTests" name="[368] /home/travis/build/icyphy/ptII/ptolemy/actor/lib/test/auto/TestExceptionHandler3.xml (RunModel)" time="0.006" />
  <testcase classname="ptolemy.util.test.junit.AutoTests" name="[369] /home/travis/build/icyphy/ptII/ptolemy/actor/lib/test/auto/TestExceptionHandler4.xml (RunModel)" time="0.005" />
  <testcase classname="ptolemy.util.test.junit.AutoTests" name="[370] /home/travis/build/icyphy/ptII/ptolemy/actor/lib/test/auto/TestRequireCorrectOrder.xml (RunModel)" time="0.011" />
  <testcase classname="ptolemy.util.test.junit.AutoTests" name="[371] /home/travis/build/icyphy/ptII/ptolemy/actor/lib/test/auto/TestSimple.xml (RunModel)" time="0.006" />
  <testcase classname="ptolemy.util.test.junit.AutoTests" name="[372] /home/travis/build/icyphy/ptII/ptolemy/actor/lib/test/auto/ThrowModelError.xml (RunModel)" time="0.009" />
  <testcase classname="ptolemy.util.test.junit.AutoTests" name="[373] /home/travis/build/icyphy/ptII/ptolemy/actor/lib/test/auto/TimeDelayMicrosteps.xml (RunModel)" time="0.013" />
  <testcase classname="ptolemy.util.test.junit.AutoTests" name="[374] /home/travis/build/icyphy/ptII/ptolemy/actor/lib/test/auto/TimeDelayMicrosteps2.xml (RunModel)" time="0.013" />
  <testcase classname="ptolemy.util.test.junit.AutoTests" name="[375] /home/travis/build/icyphy/ptII/ptolemy/actor/lib/test/auto/TimeDelayMicrosteps3.xml (RunModel)" time="0.01" />
  <testcase classname="ptolemy.util.test.junit.AutoTests" name="[376] /home/travis/build/icyphy/ptII/ptolemy/actor/lib/test/auto/TimeDelayVariableMicrosteps.xml (RunModel)" time="0.012" />
  <testcase classname="ptolemy.util.test.junit.AutoTests" name="[377] /home/travis/build/icyphy/ptII/ptolemy/actor/lib/test/auto/TimeGap.xml (RunModel)" time="0.015" />
  <testcase classname="ptolemy.util.test.junit.AutoTests" name="[378] /home/travis/build/icyphy/ptII/ptolemy/actor/lib/test/auto/TimeGap2.xml (RunModel)" time="0.009" />
  <testcase classname="ptolemy.util.test.junit.AutoTests" name="[379] /home/travis/build/icyphy/ptII/ptolemy/actor/lib/test/auto/TimedSinewave.xml (RunModel)" time="0.042" />
  <testcase classname="ptolemy.util.test.junit.AutoTests" name="[380] /home/travis/build/icyphy/ptII/ptolemy/actor/lib/test/auto/TimedSinewavePhase.xml (RunModel)" time="0.035" />
  <testcase classname="ptolemy.util.test.junit.AutoTests" name="[381] /home/travis/build/icyphy/ptII/ptolemy/actor/lib/test/auto/Timer.xml (RunModel)" time="0.015" />
  <testcase classname="ptolemy.util.test.junit.AutoTests" name="[382] /home/travis/build/icyphy/ptII/ptolemy/actor/lib/test/auto/TriangularDistTestModel.xml (RunModel)" time="0.017" />
  <testcase classname="ptolemy.util.test.junit.AutoTests" name="[383] /home/travis/build/icyphy/ptII/ptolemy/actor/lib/test/auto/TrigFunction.xml (RunModel)" time="0.009" />
  <testcase classname="ptolemy.util.test.junit.AutoTests" name="[384] /home/travis/build/icyphy/ptII/ptolemy/actor/lib/test/auto/TrigFunctionDE.xml (RunModel)" time="0.009" />
  <testcase classname="ptolemy.util.test.junit.AutoTests" name="[385] /home/travis/build/icyphy/ptII/ptolemy/actor/lib/test/auto/TrigFunctionInverse.xml (RunModel)" time="0.007" />
  <testcase classname="ptolemy.util.test.junit.AutoTests" name="[386] /home/travis/build/icyphy/ptII/ptolemy/actor/lib/test/auto/TrigFunctionTan.xml (RunModel)" time="0.006" />
  <testcase classname="ptolemy.util.test.junit.AutoTests" name="[387] /home/travis/build/icyphy/ptII/ptolemy/actor/lib/test/auto/TriggeredClock.xml (RunModel)" time="0.007" />
  <testcase classname="ptolemy.util.test.junit.AutoTests" name="[388] /home/travis/build/icyphy/ptII/ptolemy/actor/lib/test/auto/URLDirectoryReader.xml (RunModel)" time="0.084" />
  <testcase classname="ptolemy.util.test.junit.AutoTests" name="[389] /home/travis/build/icyphy/ptII/ptolemy/actor/lib/test/auto/URLDirectoryReader3.xml (RunModel)" time="1.442" />
  <testcase classname="ptolemy.util.test.junit.AutoTests" name="[390] /home/travis/build/icyphy/ptII/ptolemy/actor/lib/test/auto/UnaryMathFunction.xml (RunModel)" time="0.037" />
  <testcase classname="ptolemy.util.test.junit.AutoTests" name="[391] /home/travis/build/icyphy/ptII/ptolemy/actor/lib/test/auto/Uniform.xml (RunModel)" time="0.037" />
  <testcase classname="ptolemy.util.test.junit.AutoTests" name="[392] /home/travis/build/icyphy/ptII/ptolemy/actor/lib/test/auto/UnionDisassemblerTest.xml (RunModel)" time="0.028" />
  <testcase classname="ptolemy.util.test.junit.AutoTests" name="[393] /home/travis/build/icyphy/ptII/ptolemy/actor/lib/test/auto/UtilityFunctions.xml (RunModel)" time="0.032" />
  <testcase classname="ptolemy.util.test.junit.AutoTests" name="[394] /home/travis/build/icyphy/ptII/ptolemy/actor/lib/test/auto/VariableSleep.xml (RunModel)" time="0.539" />
  <testcase classname="ptolemy.util.test.junit.AutoTests" name="[395] /home/travis/build/icyphy/ptII/ptolemy/actor/lib/test/auto/VectorAssemblerDisassemblerCT.xml (RunModel)" time="0.103" />
  <testcase classname="ptolemy.util.test.junit.AutoTests" name="[396] /home/travis/build/icyphy/ptII/ptolemy/actor/lib/test/auto/VectorAssemblerDisassemblerDE.xml (RunModel)" time="0.011" />
  <testcase classname="ptolemy.util.test.junit.AutoTests" name="[397] /home/travis/build/icyphy/ptII/ptolemy/actor/lib/test/auto/VectorAssemblerDisassemblerSDF.xml (RunModel)" time="0.01" />
  <testcase classname="ptolemy.util.test.junit.AutoTests" name="[398] /home/travis/build/icyphy/ptII/ptolemy/actor/lib/test/auto/WallClockTime.xml (RunModel)" time="1.01" />
  <testcase classname="ptolemy.util.test.junit.AutoTests" name="[399] /home/travis/build/icyphy/ptII/ptolemy/actor/lib/test/auto/WidthTestWithSubscriberPublisher.xml (RunModel)" time="0.036" />
  <testcase classname="ptolemy.util.test.junit.AutoTests" name="[400] /home/travis/build/icyphy/ptII/ptolemy/actor/lib/test/auto/WidthTestWithSubscriberPublisher2.xml (RunModel)" time="0.013" />
  <testcase classname="ptolemy.util.test.junit.AutoTests" name="[401] /home/travis/build/icyphy/ptII/ptolemy/actor/lib/test/auto/WidthTestWithSubscriberPublisher3.xml (RunModel)" time="0.01" />
  <testcase classname="ptolemy.util.test.junit.AutoTests" name="[402] /home/travis/build/icyphy/ptII/ptolemy/actor/lib/test/auto/Writer.xml (RunModel)" time="0.006" />
  <testcase classname="ptolemy.util.test.junit.AutoTests" name="[403] /home/travis/build/icyphy/ptII/ptolemy/actor/lib/test/auto/array.xml (RunModel)" time="0.008" />
  <testcase classname="ptolemy.util.test.junit.AutoTests" name="[404] /home/travis/build/icyphy/ptII/ptolemy/actor/lib/test/auto/array2.xml (RunModel)" time="0.01" />
  <testcase classname="ptolemy.util.test.junit.AutoTests" name="[405] /home/travis/build/icyphy/ptII/ptolemy/actor/lib/test/auto/arrayType.xml (RunModel)" time="0.038" />
  <testcase classname="ptolemy.util.test.junit.AutoTests" name="[406] /home/travis/build/icyphy/ptII/ptolemy/actor/lib/test/auto/arrayType10.xml (RunModel)" time="0.032" />
  <testcase classname="ptolemy.util.test.junit.AutoTests" name="[407] /home/travis/build/icyphy/ptII/ptolemy/actor/lib/test/auto/arrayType11.xml (RunModel)" time="0.036" />
  <testcase classname="ptolemy.util.test.junit.AutoTests" name="[408] /home/travis/build/icyphy/ptII/ptolemy/actor/lib/test/auto/arrayType12.xml (RunModel)" time="0.04" />
  <testcase classname="ptolemy.util.test.junit.AutoTests" name="[409] /home/travis/build/icyphy/ptII/ptolemy/actor/lib/test/auto/arrayType13.xml (RunModel)" time="0.029" />
  <testcase classname="ptolemy.util.test.junit.AutoTests" name="[410] /home/travis/build/icyphy/ptII/ptolemy/actor/lib/test/auto/arrayType14.xml (RunModel)" time="0.03" />
  <testcase classname="ptolemy.util.test.junit.AutoTests" name="[411] /home/travis/build/icyphy/ptII/ptolemy/actor/lib/test/auto/arrayType15.xml (RunModel)" time="0.03" />
  <testcase classname="ptolemy.util.test.junit.AutoTests" name="[412] /home/travis/build/icyphy/ptII/ptolemy/actor/lib/test/auto/arrayType16.xml (RunModel)" time="0.012" />
  <testcase classname="ptolemy.util.test.junit.AutoTests" name="[413] /home/travis/build/icyphy/ptII/ptolemy/actor/lib/test/auto/arrayType17.xml (RunModel)" time="0.008" />
  <testcase classname="ptolemy.util.test.junit.AutoTests" name="[414] /home/travis/build/icyphy/ptII/ptolemy/actor/lib/test/auto/arrayType18.xml (RunModel)" time="0.007" />
  <testcase classname="ptolemy.util.test.junit.AutoTests" name="[415] /home/travis/build/icyphy/ptII/ptolemy/actor/lib/test/auto/arrayType19.xml (RunModel)" time="0.006" />
  <testcase classname="ptolemy.util.test.junit.AutoTests" name="[416] /home/travis/build/icyphy/ptII/ptolemy/actor/lib/test/auto/arrayType2.xml (RunModel)" time="0.007" />
  <testcase classname="ptolemy.util.test.junit.AutoTests" name="[417] /home/travis/build/icyphy/ptII/ptolemy/actor/lib/test/auto/arrayType20.xml (RunModel)" time="0.008" />
  <testcase classname="ptolemy.util.test.junit.AutoTests" name="[418] /home/travis/build/icyphy/ptII/ptolemy/actor/lib/test/auto/arrayType21.xml (RunModel)" time="0.007" />
  <testcase classname="ptolemy.util.test.junit.AutoTests" name="[419] /home/travis/build/icyphy/ptII/ptolemy/actor/lib/test/auto/arrayType22.xml (RunModel)" time="0.007" />
  <testcase classname="ptolemy.util.test.junit.AutoTests" name="[420] /home/travis/build/icyphy/ptII/ptolemy/actor/lib/test/auto/arrayType23.xml (RunModel)" time="0.006" />
  <testcase classname="ptolemy.util.test.junit.AutoTests" name="[421] /home/travis/build/icyphy/ptII/ptolemy/actor/lib/test/auto/arrayType24.xml (RunModel)" time="0.007" />
  <testcase classname="ptolemy.util.test.junit.AutoTests" name="[422] /home/travis/build/icyphy/ptII/ptolemy/actor/lib/test/auto/arrayType25.xml (RunModel)" time="0.007" />
  <testcase classname="ptolemy.util.test.junit.AutoTests" name="[423] /home/travis/build/icyphy/ptII/ptolemy/actor/lib/test/auto/arrayType26.xml (RunModel)" time="0.007" />
  <testcase classname="ptolemy.util.test.junit.AutoTests" name="[424] /home/travis/build/icyphy/ptII/ptolemy/actor/lib/test/auto/arrayType27.xml (RunModel)" time="0.007" />
  <testcase classname="ptolemy.util.test.junit.AutoTests" name="[425] /home/travis/build/icyphy/ptII/ptolemy/actor/lib/test/auto/arrayType28.xml (RunModel)" time="0.007" />
  <testcase classname="ptolemy.util.test.junit.AutoTests" name="[426] /home/travis/build/icyphy/ptII/ptolemy/actor/lib/test/auto/arrayType3.xml (RunModel)" time="0.007" />
  <testcase classname="ptolemy.util.test.junit.AutoTests" name="[427] /home/travis/build/icyphy/ptII/ptolemy/actor/lib/test/auto/arrayType4.xml (RunModel)" time="0.007" />
  <testcase classname="ptolemy.util.test.junit.AutoTests" name="[428] /home/travis/build/icyphy/ptII/ptolemy/actor/lib/test/auto/arrayType5.xml (RunModel)" time="0.008" />
  <testcase classname="ptolemy.util.test.junit.AutoTests" name="[429] /home/travis/build/icyphy/ptII/ptolemy/actor/lib/test/auto/arrayType6.xml (RunModel)" time="0.02" />
  <testcase classname="ptolemy.util.test.junit.AutoTests" name="[430] /home/travis/build/icyphy/ptII/ptolemy/actor/lib/test/auto/arrayType7.xml (RunModel)" time="0.011" />
  <testcase classname="ptolemy.util.test.junit.AutoTests" name="[431] /home/travis/build/icyphy/ptII/ptolemy/actor/lib/test/auto/arrayType8.xml (RunModel)" time="0.009" />
  <testcase classname="ptolemy.util.test.junit.AutoTests" name="[432] /home/travis/build/icyphy/ptII/ptolemy/actor/lib/test/auto/arrayType9.xml (RunModel)" time="0.006" />
  <testcase classname="ptolemy.util.test.junit.AutoTests" name="[433] /home/travis/build/icyphy/ptII/ptolemy/actor/lib/test/auto/cast.xml (RunModel)" time="0.008" />
  <testcase classname="ptolemy.util.test.junit.AutoTests" name="[434] /home/travis/build/icyphy/ptII/ptolemy/actor/lib/test/auto/compositeMultiPort.xml (RunModel)" time="0.019" />
  <testcase classname="ptolemy.util.test.junit.AutoTests" name="[435] /home/travis/build/icyphy/ptII/ptolemy/actor/lib/test/auto/expressionCastInference.xml (RunModel)" time="0.008" />
  <testcase classname="ptolemy.util.test.junit.AutoTests" name="[436] /home/travis/build/icyphy/ptII/ptolemy/actor/lib/test/auto/expressionCastInference2.xml (RunModel)" time="0.017" />
  <testcase classname="ptolemy.util.test.junit.AutoTests" name="[437] /home/travis/build/icyphy/ptII/ptolemy/actor/lib/test/auto/expressionInference.xml (RunModel)" time="0.006" />
  <testcase classname="ptolemy.util.test.junit.AutoTests" name="[438] /home/travis/build/icyphy/ptII/ptolemy/actor/lib/test/auto/expression_bug.xml (RunModel)" time="0.006" />
  <testcase classname="ptolemy.util.test.junit.AutoTests" name="[439] /home/travis/build/icyphy/ptII/ptolemy/actor/lib/test/auto/factorial.xml (RunModel)" time="0.049" />
  <testcase classname="ptolemy.util.test.junit.AutoTests" name="[440] /home/travis/build/icyphy/ptII/ptolemy/actor/lib/test/auto/filterTest1.xml (RunModel)" time="0.018" />
  <testcase classname="ptolemy.util.test.junit.AutoTests" name="[441] /home/travis/build/icyphy/ptII/ptolemy/actor/lib/test/auto/funcApplyInConst.xml (RunModel)" time="0.007" />
  <testcase classname="ptolemy.util.test.junit.AutoTests" name="[442] /home/travis/build/icyphy/ptII/ptolemy/actor/lib/test/auto/funcApplyInExpr.xml (RunModel)" time="0.005" />
  <testcase classname="ptolemy.util.test.junit.AutoTests" name="[443] /home/travis/build/icyphy/ptII/ptolemy/actor/lib/test/auto/function.xml (RunModel)" time="0.01" />
  <testcase classname="ptolemy.util.test.junit.AutoTests" name="[444] /home/travis/build/icyphy/ptII/ptolemy/actor/lib/test/auto/function2.xml (RunModel)" time="0.008" />
  <testcase classname="ptolemy.util.test.junit.AutoTests" name="[445] /home/travis/build/icyphy/ptII/ptolemy/actor/lib/test/auto/function3.xml (RunModel)" time="0.007" />
  <testcase classname="ptolemy.util.test.junit.AutoTests" name="[446] /home/travis/build/icyphy/ptII/ptolemy/actor/lib/test/auto/functionClosureTest1.xml (RunModel)" time="0.01" />
  <testcase classname="ptolemy.util.test.junit.AutoTests" name="[447] /home/travis/build/icyphy/ptII/ptolemy/actor/lib/test/auto/functionClosureTest2.xml (RunModel)" time="0.007" />
  <testcase classname="ptolemy.util.test.junit.AutoTests" name="[448] /home/travis/build/icyphy/ptII/ptolemy/actor/lib/test/auto/functionClosureTest3.xml (RunModel)" time="0.01" />
  <testcase classname="ptolemy.util.test.junit.AutoTests" name="[449] /home/travis/build/icyphy/ptII/ptolemy/actor/lib/test/auto/functionClosureTest4.xml (RunModel)" time="0.01" />
  <testcase classname="ptolemy.util.test.junit.AutoTests" name="[450] /home/travis/build/icyphy/ptII/ptolemy/actor/lib/test/auto/functionClosureTest5.xml (RunModel)" time="0.021" />
  <testcase classname="ptolemy.util.test.junit.AutoTests" name="[451] /home/travis/build/icyphy/ptII/ptolemy/actor/lib/test/auto/functionClosureTest6.xml (RunModel)" time="0.018" />
  <testcase classname="ptolemy.util.test.junit.AutoTests" name="[452] /home/travis/build/icyphy/ptII/ptolemy/actor/lib/test/auto/functionsOnArcs.xml (RunModel)" time="0.01" />
  <testcase classname="ptolemy.util.test.junit.AutoTests" name="[453] /home/travis/build/icyphy/ptII/ptolemy/actor/lib/test/auto/functionsOnArcsHOF.xml (RunModel)" time="0.015" />
  <testcase classname="ptolemy.util.test.junit.AutoTests" name="[454] /home/travis/build/icyphy/ptII/ptolemy/actor/lib/test/auto/logic.xml (RunModel)" time="0.026" />
  <testcase classname="ptolemy.util.test.junit.AutoTests" name="[455] /home/travis/build/icyphy/ptII/ptolemy/actor/lib/test/auto/matrixType.xml (RunModel)" time="0.014" />
  <testcase classname="ptolemy.util.test.junit.AutoTests" name="[456] /home/travis/build/icyphy/ptII/ptolemy/actor/lib/test/auto/matrixType10.xml (RunModel)" time="0.009" />
  <testcase classname="ptolemy.util.test.junit.AutoTests" name="[457] /home/travis/build/icyphy/ptII/ptolemy/actor/lib/test/auto/matrixType11.xml (RunModel)" time="0.008" />
  <testcase classname="ptolemy.util.test.junit.AutoTests" name="[458] /home/travis/build/icyphy/ptII/ptolemy/actor/lib/test/auto/matrixType12.xml (RunModel)" time="0.009" />
  <testcase classname="ptolemy.util.test.junit.AutoTests" name="[459] /home/travis/build/icyphy/ptII/ptolemy/actor/lib/test/auto/matrixType13.xml (RunModel)" time="0.007" />
  <testcase classname="ptolemy.util.test.junit.AutoTests" name="[460] /home/travis/build/icyphy/ptII/ptolemy/actor/lib/test/auto/matrixType14.xml (RunModel)" time="0.008" />
  <testcase classname="ptolemy.util.test.junit.AutoTests" name="[461] /home/travis/build/icyphy/ptII/ptolemy/actor/lib/test/auto/matrixType2.xml (RunModel)" time="0.007" />
  <testcase classname="ptolemy.util.test.junit.AutoTests" name="[462] /home/travis/build/icyphy/ptII/ptolemy/actor/lib/test/auto/matrixType3.xml (RunModel)" time="0.008" />
  <testcase classname="ptolemy.util.test.junit.AutoTests" name="[463] /home/travis/build/icyphy/ptII/ptolemy/actor/lib/test/auto/matrixType4.xml (RunModel)" time="0.007" />
  <testcase classname="ptolemy.util.test.junit.AutoTests" name="[464] /home/travis/build/icyphy/ptII/ptolemy/actor/lib/test/auto/matrixType5.xml (RunModel)" time="0.007" />
  <testcase classname="ptolemy.util.test.junit.AutoTests" name="[465] /home/travis/build/icyphy/ptII/ptolemy/actor/lib/test/auto/matrixType6.xml (RunModel)" time="0.006" />
  <testcase classname="ptolemy.util.test.junit.AutoTests" name="[466] /home/travis/build/icyphy/ptII/ptolemy/actor/lib/test/auto/matrixType7.xml (RunModel)" time="0.007" />
  <testcase classname="ptolemy.util.test.junit.AutoTests" name="[467] /home/travis/build/icyphy/ptII/ptolemy/actor/lib/test/auto/matrixType8.xml (RunModel)" time="0.006" />
  <testcase classname="ptolemy.util.test.junit.AutoTests" name="[468] /home/travis/build/icyphy/ptII/ptolemy/actor/lib/test/auto/matrixType9.xml (RunModel)" time="0.006" />
  <testcase classname="ptolemy.util.test.junit.AutoTests" name="[469] /home/travis/build/icyphy/ptII/ptolemy/actor/lib/test/auto/paraFunctest.xml (RunModel)" time="0.006" />
  <testcase classname="ptolemy.util.test.junit.AutoTests" name="[470] /home/travis/build/icyphy/ptII/ptolemy/actor/lib/test/auto/paraFunctest2.xml (RunModel)" time="0.01" />
  <testcase classname="ptolemy.util.test.junit.AutoTests" name="[471] /home/travis/build/icyphy/ptII/ptolemy/actor/lib/test/auto/parameterPassing.xml (RunModel)" time="0.01" />
  <testcase classname="ptolemy.util.test.junit.AutoTests" name="[472] /home/travis/build/icyphy/ptII/ptolemy/actor/lib/test/auto/record.xml (RunModel)" time="0.009" />
  <testcase classname="ptolemy.util.test.junit.AutoTests" name="[473] /home/travis/build/icyphy/ptII/ptolemy/actor/lib/test/auto/sizedarray1.xml (RunModel)" time="0.008" />
  <testcase classname="ptolemy.util.test.junit.AutoTests" name="[474] /home/travis/build/icyphy/ptII/ptolemy/actor/lib/test/auto/sizedarray2.xml (RunModel)" time="0.009" />
  <testcase classname="ptolemy.util.test.junit.AutoTests" name="[475] /home/travis/build/icyphy/ptII/ptolemy/actor/lib/test/auto/twoPublishers.xml (RunModel)" time="0.024" />
  <system-out><![CDATA[/home/travis/build/icyphy/ptII/ptolemy/actor/lib/test/AbsoluteValue.tcl
testDefs.tcl: setting time out to 9000 seconds at Wed Jul 06 02:16:22 UTC 2022
88 ms. Memory: 129024K Free: 92575K (72%)
6 ms. Memory: 129024K Free: 91055K (71%)
6 ms. Memory: 129024K Free: 90031K (70%)
4 ms. Memory: 129024K Free: 89503K (69%)
/home/travis/build/icyphy/ptII/ptolemy/actor/lib/test/AddSubtract.tcl
20 ms. Memory: 129024K Free: 87455K (68%)
13 ms. Memory: 129024K Free: 86431K (67%)
5 ms. Memory: 129024K Free: 85935K (67%)
7 ms. Memory: 129024K Free: 84911K (66%)
37 ms. Memory: 129024K Free: 82349K (64%)
6 ms. Memory: 129024K Free: 81325K (63%)
/home/travis/build/icyphy/ptII/ptolemy/actor/lib/test/Average.tcl
14 ms. Memory: 129024K Free: 79791K (62%)
7 ms. Memory: 129024K Free: 78765K (61%)
/home/travis/build/icyphy/ptII/ptolemy/actor/lib/test/Bernoulli.tcl
4 ms. Memory: 129024K Free: 76719K (59%)
2 ms. Memory: 129024K Free: 76719K (59%)
/home/travis/build/icyphy/ptII/ptolemy/actor/lib/test/Clock.tcl
preinitializing
resolving types
initializing
executing number 1
wrapping up
idle
19 ms. Memory: 129024K Free: 73647K (57%)
Completed execution with 5 iterations
preinitializing
resolving types
initializing
executing number 1
wrapping up
idle
7 ms. Memory: 129024K Free: 73127K (57%)
Completed execution with 5 iterations
preinitializing
resolving types
initializing
executing number 1
wrapping up
idle
10 ms. Memory: 129024K Free: 72623K (56%)
Completed execution with 5 iterations
/home/travis/build/icyphy/ptII/ptolemy/actor/lib/test/Commutator.tcl
15 ms. Memory: 129024K Free: 70575K (55%)
14 ms. Memory: 129024K Free: 69551K (54%)
18 ms. Memory: 129024K Free: 63903K (50%)
/home/travis/build/icyphy/ptII/ptolemy/actor/lib/test/Const.tcl
13 ms. Memory: 129024K Free: 62383K (48%)
3 ms. Memory: 129024K Free: 61869K (48%)
3 ms. Memory: 129024K Free: 61359K (48%)
1 ms. Memory: 129024K Free: 60845K (47%)
2 ms. Memory: 129024K Free: 59791K (46%)
11 ms. Memory: 129024K Free: 58287K (45%)
5 ms. Memory: 129024K Free: 57263K (44%)
3 ms. Memory: 129024K Free: 56239K (44%)
/home/travis/build/icyphy/ptII/ptolemy/actor/lib/test/CurrentTime.tcl
preinitializing
resolving types
initializing
executing number 1
wrapping up
idle
7 ms. Memory: 129024K Free: 54701K (42%)
Completed execution with 11 iterations
/home/travis/build/icyphy/ptII/ptolemy/actor/lib/test/DB.tcl
4 ms. Memory: 129024K Free: 52653K (41%)
2 ms. Memory: 129024K Free: 52143K (40%)
2 ms. Memory: 129024K Free: 51629K (40%)
/home/travis/build/icyphy/ptII/ptolemy/actor/lib/test/DiscreteRandomSource.tcl
preinitializing
resolving types
initializing
executing number 1
wrapping up
idle
4 ms. Memory: 129024K Free: 50599K (39%)
Completed execution with 4 iterations
preinitializing
resolving types
initializing
executing number 1
wrapping up
idle
7 ms. Memory: 129024K Free: 50095K (39%)
Completed execution with 4 iterations
preinitializing
resolving types
initializing
executing number 1
wrapping up
idle
3 ms. Memory: 129024K Free: 49567K (38%)
Completed execution with 4 iterations
preinitializing
resolving types
initializing
executing number 1
wrapping up
idle
2 ms. Memory: 129024K Free: 49071K (38%)
Completed execution with 4 iterations
preinitializing
resolving types
initializing
executing number 1
wrapping up
idle
4 ms. Memory: 129024K Free: 48543K (38%)
Completed execution with 4 iterations
/home/travis/build/icyphy/ptII/ptolemy/actor/lib/test/Distributor.tcl
41 ms. Memory: 129024K Free: 113113K (88%)
9 ms. Memory: 129024K Free: 112008K (87%)
StreamChangeRequest.changeExecuted(): <deleteEntity name="rec2"/> succeeded
StreamChangeRequest.changeExecuted(): <deleteRelation name="r2"/> succeeded
StreamChangeRequest.changeExecuted(): Record firings per iteration succeeded
4 ms. Memory: 129024K Free: 109500K (85%)
/home/travis/build/icyphy/ptII/ptolemy/actor/lib/test/Exit.tcl
Exit.tcl: this will print a message about Manager.exitAfterWrapup, which can be ignored.
11 ms. Memory: 129024K Free: 106411K (82%)
/home/travis/build/icyphy/ptII/ptolemy/actor/lib/test/Expression.tcl
12 ms. Memory: 129024K Free: 102927K (80%)
3 ms. Memory: 129024K Free: 101873K (79%)
2 ms. Memory: 129024K Free: 101322K (79%)
preinitializing
resolving types
initializing
executing number 1
wrapping up
idle
11 ms. Memory: 129024K Free: 99825K (77%)
Completed execution with 6 iterations
17 ms. Memory: 129024K Free: 98793K (77%)
2 ms. Memory: 129024K Free: 98250K (76%)
8 ms. Memory: 129024K Free: 97226K (75%)
5 ms. Memory: 129024K Free: 95745K (74%)
7 ms. Memory: 129024K Free: 94713K (73%)
/home/travis/build/icyphy/ptII/ptolemy/actor/lib/test/Gaussian.tcl
7 ms. Memory: 129024K Free: 92641K (72%)
sleeping 1 seconds: .........................................................................................................................................................................................................................................................................................................................................................................................................................................................................................................................................................................................................................................................................................................................................................................................................................................................................................................................................................................................................................................................................................................................................................................................................................................................................................................................................................................................................................................................................................................................................................................................................................................................................................................................................................................................................................................................................................................................................................................................................................................................................................................................................................................................................................................................................................................................................................................................................................................................................................................................................................................................................................................................................................................................................................................................................................................................................................................................................................................................................................................................................................................................................................................................................................................................................................................................................................................................................................................................................................................................................................................................................................................................................................................................................................................................................................................................................................................................................................................................................................................................................................................................................................................................................................................................................................................................................................................................................................................................................................................................................................................................................................................................................................................................................................................................................................................................................................................................................................................................................................................................................................................................................................................................................................................................................................................................................................................................................................................................................................................................................................................................................................................................................................................................................................................................................................................................................................................................................................................................................................................................................................................................................................................................................................................................................................................................................................................................................................................................................................................................................................................................................................................................................................................................................................................................................................................................................................................................................................................................................................................................................................................................................................................................................................................................................................................................................................................................................................................................................................................................................................................................................................................................................................................................................................................................................................................................................................................................................................................................................................................................................................................................................................................................................................................................................................................................................................................................................................................................................................................................................................................................................................................................................................................................................................................................................................................................................................................................................................................................................................................................................................................................................................................................................................................................................................................................................................................................................................................................................................................................................................................................................................................................................................................................................................................................................................................................................................................................................................................................................................................................................................................................................................................................................................................................................................................................................................................................................................................................................................................................................................................................................................................................................................................................................................................................................................................................................................................................................................................................................................................................................................................................................................................................................................................................................................................................................................................................................................................................................................................................................................................................................................................................................................................................................................................................................................................................................................................................................................................................................................................................................................................................................................................................................................................................................................................................................................................................................................................................................................................................................................................................................................................................................................................................................................................................................................................................................................................................................................................................................................................................................................................................................................................................................................................................................................................................................................................................................................................................................................................................................................................................................................................................................................................................................................................................................................................................................................................................................................................................................................................................................................................................................................................................................................................................................................................................................................................................................................................................................................................................................................................................................................................................................................................................................................................................................................................................................................................................................................................................................................................................................................................................................................................................................................................................................................................................................................................................................................................................................................................................................................................................................................................................................................................................................................................................................................................................................................................................................................................................................................................................................................................................................................................................................................................................................................................................................................................................................................................................................................................................................................................................................................................................................................................................................................................................................................................................................................................................................................................................................................................................................................................................................................................................................................................................................................................................................................................................................................................................................................................................................................................................................................................................................................................................................................................................................................................................................................................................................................................................................................................................................................................................................................................................................................................................................................................................................................................................................................................................................................................................................................................................................................................................................................................................................................................................................................................................................................................................................................................................................................................................................................................................................................................................................................................................................................................................................................................................................................................................................................................................................................................................................................................................................................................................................................................................................................................................................................................................................................................................................................................................................................................................................................................................................................................................................................................................................................................................................................................................................................................................................................................................................................................................................................................................................................................................................................................................................................................................................................................................................................................................................................................................................................................................................................................................................................................................................................................................................................................................................................................................................................................................................................................................................................................................................................................................................................................................................................................................................................................................................................................................................................................................................................................................................................................................................................................................................................................................................................................................6 ms. Memory: 129024K Free: 100481K (78%)
4 ms. Memory: 129024K Free: 99457K (77%)
3 ms. Memory: 129024K Free: 98929K (77%)
5 ms. Memory: 129024K Free: 98431K (76%)
3 ms. Memory: 129024K Free: 97903K (76%)
/home/travis/build/icyphy/ptII/ptolemy/actor/lib/test/IIR.tcl
/home/travis/build/icyphy/ptII/ptolemy/actor/lib/test/Interpolator.tcl
3 ms. Memory: 129024K Free: 93809K (73%)
2 ms. Memory: 129024K Free: 93313K (72%)
1 ms. Memory: 129024K Free: 92769K (72%)
2 ms. Memory: 129024K Free: 92289K (72%)
2 ms. Memory: 129024K Free: 91265K (71%)
1 ms. Memory: 129024K Free: 90745K (70%)
2 ms. Memory: 129024K Free: 89713K (70%)
2 ms. Memory: 129024K Free: 88673K (69%)
2 ms. Memory: 129024K Free: 87649K (68%)
2 ms. Memory: 129024K Free: 87169K (68%)
/home/travis/build/icyphy/ptII/ptolemy/actor/lib/test/MathFunction.tcl
4 ms. Memory: 129024K Free: 85121K (66%)
2 ms. Memory: 129024K Free: 83583K (65%)
2 ms. Memory: 129024K Free: 82545K (64%)
1 ms. Memory: 129024K Free: 82049K (64%)
3 ms. Memory: 129024K Free: 80497K (62%)
5 ms. Memory: 129024K Free: 78463K (61%)
/home/travis/build/icyphy/ptII/ptolemy/actor/lib/test/Maximum.tcl
3 ms. Memory: 129024K Free: 76929K (60%)
2 ms. Memory: 129024K Free: 75905K (59%)
2 ms. Memory: 129024K Free: 75225K (58%)
2 ms. Memory: 129024K Free: 74367K (58%)
/home/travis/build/icyphy/ptII/ptolemy/actor/lib/test/Minimum.tcl
3 ms. Memory: 129024K Free: 72833K (56%)
2 ms. Memory: 129024K Free: 72305K (56%)
2 ms. Memory: 129024K Free: 71809K (56%)
2 ms. Memory: 129024K Free: 70785K (55%)
/home/travis/build/icyphy/ptII/ptolemy/actor/lib/test/MultiplyDivide.tcl
4 ms. Memory: 129024K Free: 68737K (53%)
3 ms. Memory: 129024K Free: 68209K (53%)
2 ms. Memory: 129024K Free: 67713K (52%)
3 ms. Memory: 129024K Free: 66689K (52%)
2 ms. Memory: 129024K Free: 66161K (51%)
/home/travis/build/icyphy/ptII/ptolemy/actor/lib/test/OrderedMerge.tcl
Connections changed on port: inputA
Connections changed on port: inputB
Connections changed on port: output
Connections changed on port: output
Connections changed on port: output
Connections changed on port: input
.top. Preinitializing ...
Invoking preinitialize():  .top.OrderedMerge
Called preinitialize()
Invoking preinitialize():  .top.Ramp
Called preinitialize()
Invoking preinitialize():  .top.Ramp2
Called preinitialize()
Invoking preinitialize():  .top.Test
Called preinitialize()
Connections changed on port: inputA
Connections changed on port: output
Connections changed on port: inputB
Connections changed on port: output
Connections changed on port: output
Connections changed on port: input
.top. Finished preinitialize().
Called initialize().
Invoking initialize():  .top.OrderedMerge
Initializing actor: .top.OrderedMerge
Adding a thread: .top.OrderedMerge
Invoking initialize():  .top.Ramp
Initializing actor: .top.Ramp
Adding a thread: .top.Ramp
Invoking initialize():  .top.Ramp2
Initializing actor: .top.Ramp2
Adding a thread: .top.Ramp2
Invoking initialize():  .top.Test
Initializing actor: .top.Test
Adding a thread: .top.Test
Called fire().
Checking for deadlock:
-- Starting thread.
Called initialize()
Called prefire()
Called fire()
-- Starting thread.
-- Starting thread.
Called initialize()
Called initialize()
Called prefire()
Called fire()
-- Starting thread.
Called initialize()
Called prefire()
Called fire()
There are 0 Blocked actors, 0 Stopped actors, and 4 active threads.
Waiting for actors to stop.
Called prefire()
Called fire()
Called postfire()
Called prefire()
Called fire()
Called postfire()
Called prefire()
Called fire()
Checking for deadlock:
There are 2 Blocked actors, 0 Stopped actors, and 4 active threads.
Waiting for actors to stop.
Called postfire()
Called prefire()
Called fire()
Checking for deadlock:
There are 3 Blocked actors, 0 Stopped actors, and 4 active threads.
Waiting for actors to stop.
Read input token from inputA with value 0.0
Next port to read input from is inputB
Called postfire()
Called prefire()
Called fire()
Called postfire()
Called prefire()
Called fire()
Read input token from inputB with value 0.0
Sent output token with value 0.0
Next port to read input from is inputA
Called postfire()
Called prefire()
Called fire()
Read input token from inputA with value 1.0
Checking for deadlock:
There are 2 Blocked actors, 0 Stopped actors, and 4 active threads.
Waiting for actors to stop.
-- Read input: 0.0, which is expected to match: 0.0
Called prefire()
Called fire()
Called postfire()
Called prefire()
Called fire()
Checking for deadlock:
There are 3 Blocked actors, 0 Stopped actors, and 4 active threads.
Waiting for actors to stop.
-- Read input: 0.0, which is expected to match: 0.0
Called prefire()
Called fire()
Sent output token with value 0.0
Next port to read input from is inputB
Called postfire()
Called prefire()
Called fire()
Read input token from inputB with value 1.5
Sent output token with value 1.0
Next port to read input from is inputA
Called postfire()
Called prefire()
Called fire()
Read input token from inputA with value 2.0
Checking for deadlock:
There are 1 Blocked actors, 0 Stopped actors, and 4 active threads.
Waiting for actors to stop.
Called postfire()
Called prefire()
Called fire()
-- Read input: 1.0, which is expected to match: 1.0
Called prefire()
Called fire()
Called postfire()
Called prefire()
Called fire()
Checking for deadlock:
There are 3 Blocked actors, 0 Stopped actors, and 4 active threads.
Waiting for actors to stop.
-- Read input: 1.5, which is expected to match: 1.5
Called prefire()
Called fire()
Sent output token with value 1.5
Next port to read input from is inputB
Called postfire()
Called prefire()
Called fire()
Read input token from inputB with value 3.0
Sent output token with value 2.0
Next port to read input from is inputA
Called postfire()
Called prefire()
Called fire()
Read input token from inputA with value 3.0
Checking for deadlock:
There are 1 Blocked actors, 0 Stopped actors, and 4 active threads.
Waiting for actors to stop.
Called postfire()
Called prefire()
Called fire()
Called postfire()
Called prefire()
Called fire()
-- Read input: 2.0, which is expected to match: 2.0
Called prefire()
Called fire()
Checking for deadlock:
There are 3 Blocked actors, 0 Stopped actors, and 4 active threads.
Waiting for actors to stop.
-- Read input: 3.0, which is expected to match: 3.0
Called prefire()
Called fire()
Sent output token with value 3.0
Next port to read input from is inputB
Called postfire()
Called prefire()
Called fire()
Read input token from inputB with value 4.5
Sent output token with value 3.0
Next port to read input from is inputA
Called postfire()
Called prefire()
Called fire()
Read input token from inputA with value 4.0
Checking for deadlock:
There are 1 Blocked actors, 0 Stopped actors, and 4 active threads.
Waiting for actors to stop.
Called postfire()
Called prefire()
Called fire()
Called postfire()
Called prefire()
Called fire()
-- Read input: 3.0, which is expected to match: 3.0
Called prefire()
Called fire()
Checking for deadlock:
There are 3 Blocked actors, 0 Stopped actors, and 4 active threads.
Waiting for actors to stop.
-- Read input: 4.0, which is expected to match: 4.0
Called prefire()
Called fire()
Past the end of training data. Read and discard all inputs.
Sent output token with value 4.0
Next port to read input from is inputA
Called postfire()
Called prefire()
Called fire()
Read input token from inputA with value 5.0
Sent output token with value 4.5
Next port to read input from is inputB
Called postfire()
Called prefire()
Called fire()
Read input token from inputB with value 6.0
Checking for deadlock:
There are 1 Blocked actors, 0 Stopped actors, and 4 active threads.
Waiting for actors to stop.
Called postfire()
Called prefire()
Called fire()
Called postfire()
Called prefire()
Called fire()
Called prefire()
Called fire()
Past the end of training data. Read and discard all inputs.
Checking for deadlock:
There are 3 Blocked actors, 0 Stopped actors, and 4 active threads.
Waiting for actors to stop.
Called prefire()
Called fire()
Past the end of training data. Read and discard all inputs.
Checking for deadlock:
There are 3 Blocked actors, 0 Stopped actors, and 4 active threads.
Waiting for actors to stop.
Sent output token with value 5.0
Next port to read input from is inputA
Called postfire()
Called prefire()
Called fire()
Checking for deadlock:
There are 2 Blocked actors, 0 Stopped actors, and 4 active threads.
Waiting for actors to stop.
Called postfire()
Called prefire()
Called fire()
Checking for deadlock:
There are 3 Blocked actors, 0 Stopped actors, and 4 active threads.
Waiting for actors to stop.
Read input token from inputA with value 6.0
Checking for deadlock:
There are 2 Blocked actors, 0 Stopped actors, and 4 active threads.
Waiting for actors to stop.
Called prefire()
Called fire()
Past the end of training data. Read and discard all inputs.
Checking for deadlock:
There are 3 Blocked actors, 0 Stopped actors, and 4 active threads.
Waiting for actors to stop.
Sent output token with value 6.0
Next port to read input from is inputB
Called postfire()
Called prefire()
Called fire()
Called postfire()
Called prefire()
Called fire()
Checking for deadlock:
There are 3 Blocked actors, 0 Stopped actors, and 4 active threads.
Waiting for actors to stop.
Read input token from inputB with value 7.5
Called prefire()
Called fire()
Past the end of training data. Read and discard all inputs.
Checking for deadlock:
There are 3 Blocked actors, 0 Stopped actors, and 4 active threads.
Waiting for actors to stop.
Sent output token with value 6.0
Next port to read input from is inputA
Called postfire()
Called prefire()
Called fire()
Checking for deadlock:
There are 2 Blocked actors, 0 Stopped actors, and 4 active threads.
Waiting for actors to stop.
Called postfire()
Called prefire()
Called fire()
Checking for deadlock:
There are 3 Blocked actors, 0 Stopped actors, and 4 active threads.
Waiting for actors to stop.
Read input token from inputA with value 7.0
Checking for deadlock:
There are 2 Blocked actors, 0 Stopped actors, and 4 active threads.
Waiting for actors to stop.
Called prefire()
Called fire()
Past the end of training data. Read and discard all inputs.
Checking for deadlock:
There are 3 Blocked actors, 0 Stopped actors, and 4 active threads.
Waiting for actors to stop.
Sent output token with value 7.0
Next port to read input from is inputA
Called postfire()
Called prefire()
Called fire()
Checking for deadlock:
There are 2 Blocked actors, 0 Stopped actors, and 4 active threads.
Waiting for actors to stop.
-- Thread wrapup() called.
Called wrapup()
Thread .top.Ramp is exiting.
-- Thread stopped.
Checking for deadlock:
There are 2 Blocked actors, 0 Stopped actors, and 3 active threads.
Waiting for actors to stop.
Read input token from inputA with value 8.0
Called prefire()
Called fire()
Past the end of training data. Read and discard all inputs.
Checking for deadlock:
There are 2 Blocked actors, 0 Stopped actors, and 3 active threads.
Waiting for actors to stop.
Sent output token with value 7.5
Next port to read input from is inputB
Called postfire()
Called prefire()
Called fire()
Checking for deadlock:
There are 1 Blocked actors, 0 Stopped actors, and 3 active threads.
Waiting for actors to stop.
Called postfire()
Called prefire()
Called fire()
Checking for deadlock:
There are 2 Blocked actors, 0 Stopped actors, and 3 active threads.
Waiting for actors to stop.
Read input token from inputB with value 9.0
Checking for deadlock:
There are 1 Blocked actors, 0 Stopped actors, and 3 active threads.
Waiting for actors to stop.
Called prefire()
Called fire()
Past the end of training data. Read and discard all inputs.
Checking for deadlock:
There are 2 Blocked actors, 0 Stopped actors, and 3 active threads.
Waiting for actors to stop.
Sent output token with value 8.0
Next port to read input from is inputA
Called postfire()
Called prefire()
Called fire()
Read input token from inputA with value 9.0
Called prefire()
Called fire()
Past the end of training data. Read and discard all inputs.
Checking for deadlock:
There are 2 Blocked actors, 0 Stopped actors, and 3 active threads.
Waiting for actors to stop.
Sent output token with value 9.0
Next port to read input from is inputB
Called postfire()
Called prefire()
Called fire()
Called postfire()
Called prefire()
Called fire()
Checking for deadlock:
There are 2 Blocked actors, 0 Stopped actors, and 3 active threads.
Waiting for actors to stop.
Read input token from inputB with value 10.5
Called prefire()
Called fire()
Past the end of training data. Read and discard all inputs.
Checking for deadlock:
There are 2 Blocked actors, 0 Stopped actors, and 3 active threads.
Waiting for actors to stop.
Sent output token with value 9.0
Next port to read input from is inputA
Called postfire()
Called prefire()
Called fire()
Checking for deadlock:
There are 3 Blocked actors, 0 Stopped actors, and 3 active threads.
Actors have stopped.
Checking for deadlock:
There are 3 Blocked actors, 0 Stopped actors, and 3 active threads.
Deadlock detected.
Resolving Deadlock
Checking for deadlock:
There are 3 Blocked actors, 0 Stopped actors, and 3 active threads.
Artificial Deadlock - increasing queue capacity.
increasing the capacity of receiver ptolemy.actor.TypedIOPort {.top.OrderedMerge.inputB} to 2
Director: Called postfire().
Called postfire().
_stopRequested = false
_stopFireRequested = false
Returning from postfire(): true
Called fire().
Checking for deadlock:
There are 2 Blocked actors, 0 Stopped actors, and 3 active threads.
Waiting for actors to stop.
-- Thread wrapup() called.
Called wrapup()
Thread .top.Ramp2 is exiting.
-- Thread stopped.
Checking for deadlock:
There are 2 Blocked actors, 0 Stopped actors, and 2 active threads.
Actors have stopped.
Checking for deadlock:
There are 2 Blocked actors, 0 Stopped actors, and 2 active threads.
Deadlock detected.
Resolving Deadlock
Checking for deadlock:
There are 2 Blocked actors, 0 Stopped actors, and 2 active threads.
Deadlock detected: no processes blocked on write, but some are blocked on read.
Called postfire().
_stopRequested = false
_stopFireRequested = false
Returning from postfire(): false
Finished deactivating branches.
Called wrapup().
-- Thread wrapup() called.
Called wrapup()
Thread .top.Test is exiting.
-- Thread stopped.
-- Blocked Receiver call threw TerminateProcessException.
-- Thread wrapup() called.
Called wrapup()
Thread .top.OrderedMerge is exiting.
-- Thread stopped.
-- Blocked Receiver call threw TerminateProcessException.
52 ms. Memory: 129024K Free: 61055K (47%)
.top. Preinitializing ...
Invoking preinitialize():  .top.OrderedMerge
Called preinitialize()
Invoking preinitialize():  .top.Ramp
Called preinitialize()
Invoking preinitialize():  .top.Ramp2
Called preinitialize()
Invoking preinitialize():  .top.Test
Called preinitialize()
.top. Finished preinitialize().
Called initialize().
Invoking initialize():  .top.OrderedMerge
Initializing actor: .top.OrderedMerge
Adding a thread: .top.OrderedMerge
Invoking initialize():  .top.Ramp
Initializing actor: .top.Ramp
Adding a thread: .top.Ramp
Invoking initialize():  .top.Ramp2
Initializing actor: .top.Ramp2
Adding a thread: .top.Ramp2
Invoking initialize():  .top.Test
Initializing actor: .top.Test
Adding a thread: .top.Test
-- Starting thread.
Called initialize()
Called prefire()
Called fire()
-- Starting thread.
Called initialize()
Called prefire()
Called fire()
Called postfire()
Called prefire()
Called fire()
-- Starting thread.
Called initialize()
Called prefire()
Called fire()
Called postfire()
Called prefire()
Called fire()
Called fire().
Checking for deadlock:
There are 3 Blocked actors, 0 Stopped actors, and 4 active threads.
Waiting for actors to stop.
-- Starting thread.
Called initialize()
Called prefire()
Called fire()
Checking for deadlock:
There are 2 Blocked actors, 0 Stopped actors, and 4 active threads.
Waiting for actors to stop.
Called postfire()
Called prefire()
Called fire()
Checking for deadlock:
There are 3 Blocked actors, 0 Stopped actors, and 4 active threads.
Waiting for actors to stop.
Read input token from inputA with value 0.0
Next port to read input from is inputB
Called postfire()
Called prefire()
Called fire()
Checking for deadlock:
There are 2 Blocked actors, 0 Stopped actors, and 4 active threads.
Waiting for actors to stop.
Called postfire()
Called prefire()
Called fire()
Checking for deadlock:
There are 3 Blocked actors, 0 Stopped actors, and 4 active threads.
Waiting for actors to stop.
Read input token from inputB with value 0.0
Checking for deadlock:
There are 2 Blocked actors, 0 Stopped actors, and 4 active threads.
Waiting for actors to stop.
-- Read input: 0.0, which is expected to match: 0.0
Called prefire()
Called fire()
Checking for deadlock:
There are 3 Blocked actors, 0 Stopped actors, and 4 active threads.
Sent output token with value 0.0
Waiting for actors to stop.
Next port to read input from is inputA
Called postfire()
Called prefire()
Called fire()
Checking for deadlock:
There are 2 Blocked actors, 0 Stopped actors, and 4 active threads.
Waiting for actors to stop.
Called postfire()
Called prefire()
Called fire()
Checking for deadlock:
There are 3 Blocked actors, 0 Stopped actors, and 4 active threads.
Waiting for actors to stop.
Read input token from inputA with value 1.0
Checking for deadlock:
There are 2 Blocked actors, 0 Stopped actors, and 4 active threads.
Waiting for actors to stop.
-- Read input: 0.0, which is expected to match: 0.0
Called prefire()
Called fire()
Checking for deadlock:
There are 3 Blocked actors, 0 Stopped actors, and 4 active threads.
Waiting for actors to stop.
Sent output token with value 0.0
Next port to read input from is inputB
Called postfire()
Called prefire()
Called fire()
Called postfire()
Called prefire()
Called fire()
Checking for deadlock:
There are 3 Blocked actors, 0 Stopped actors, and 4 active threads.
Waiting for actors to stop.
Read input token from inputB with value 1.5
-- Read input: 1.0, which is expected to match: 1.0
Called prefire()
Called fire()
Checking for deadlock:
There are 3 Blocked actors, 0 Stopped actors, and 4 active threads.
Waiting for actors to stop.
Sent output token with value 1.0
Next port to read input from is inputA
Called postfire()
Called prefire()
Called fire()
Checking for deadlock:
There are 2 Blocked actors, 0 Stopped actors, and 4 active threads.
Waiting for actors to stop.
Read input token from inputA with value 2.0
Called postfire()
Called prefire()
Called fire()
Checking for deadlock:
There are 3 Blocked actors, 0 Stopped actors, and 4 active threads.
Waiting for actors to stop.
Checking for deadlock:
There are 2 Blocked actors, 0 Stopped actors, and 4 active threads.
Waiting for actors to stop.
-- Read input: 1.5, which is expected to match: 1.5
Called prefire()
Called fire()
Checking for deadlock:
Sent output token with value 1.5
There are 3 Blocked actors, 0 Stopped actors, and 4 active threads.
Waiting for actors to stop.
Next port to read input from is inputB
Called postfire()
Called prefire()
Called fire()
Checking for deadlock:
There are 2 Blocked actors, 0 Stopped actors, and 4 active threads.
Waiting for actors to stop.
Called postfire()
Called prefire()
Called fire()
Checking for deadlock:
Read input token from inputB with value 3.0
There are 3 Blocked actors, 0 Stopped actors, and 4 active threads.
Waiting for actors to stop.
Checking for deadlock:
There are 2 Blocked actors, 0 Stopped actors, and 4 active threads.
Sent output token with value 2.0
Waiting for actors to stop.
-- Read input: 2.0, which is expected to match: 2.0
Called prefire()
Called fire()
Checking for deadlock:
There are 3 Blocked actors, 0 Stopped actors, and 4 active threads.
Waiting for actors to stop.
Next port to read input from is inputA
Called postfire()
Called prefire()
Called fire()
Checking for deadlock:
There are 2 Blocked actors, 0 Stopped actors, and 4 active threads.
Waiting for actors to stop.
Called postfire()
Called prefire()
Called fire()
Read input token from inputA with value 3.0
Checking for deadlock:
There are 3 Blocked actors, 0 Stopped actors, and 4 active threads.
Waiting for actors to stop.
Checking for deadlock:
There are 2 Blocked actors, 0 Stopped actors, and 4 active threads.
Waiting for actors to stop.
-- Read input: 3.0, which is expected to match: 3.0
Called prefire()
Called fire()
Checking for deadlock:
Sent output token with value 3.0
There are 3 Blocked actors, 0 Stopped actors, and 4 active threads.
Waiting for actors to stop.
Next port to read input from is inputB
Called postfire()
Called prefire()
Called fire()
Checking for deadlock:
There are 2 Blocked actors, 0 Stopped actors, and 4 active threads.
Waiting for actors to stop.
Read input token from inputB with value 4.5
Called postfire()
Called prefire()
Called fire()
Checking for deadlock:
There are 3 Blocked actors, 0 Stopped actors, and 4 active threads.
Waiting for actors to stop.
Checking for deadlock:
There are 2 Blocked actors, 0 Stopped actors, and 4 active threads.
Waiting for actors to stop.
-- Read input: 3.0, which is expected to match: 3.0
Called prefire()
Called fire()
Checking for deadlock:
There are 3 Blocked actors, 0 Stopped actors, and 4 active threads.
Waiting for actors to stop.
Sent output token with value 3.0
Next port to read input from is inputA
Called postfire()
Called prefire()
Called fire()
Checking for deadlock:
There are 2 Blocked actors, 0 Stopped actors, and 4 active threads.
Waiting for actors to stop.
Called postfire()
Called prefire()
Called fire()
Checking for deadlock:
There are 3 Blocked actors, 0 Stopped actors, and 4 active threads.
Waiting for actors to stop.
Read input token from inputA with value 4.0
Checking for deadlock:
There are 2 Blocked actors, 0 Stopped actors, and 4 active threads.
Waiting for actors to stop.
-- Read input: 4.0, which is expected to match: 4.0
Called prefire()
Called fire()
Past the end of training data. Read and discard all inputs.
Checking for deadlock:
There are 3 Blocked actors, 0 Stopped actors, and 4 active threads.
Waiting for actors to stop.
Sent output token with value 4.0
Next port to read input from is inputA
Called postfire()
Called prefire()
Called fire()
Checking for deadlock:
There are 2 Blocked actors, 0 Stopped actors, and 4 active threads.
Waiting for actors to stop.
Read input token from inputA with value 5.0
Called postfire()
Called prefire()
Called fire()
Checking for deadlock:
There are 3 Blocked actors, 0 Stopped actors, and 4 active threads.
Waiting for actors to stop.
Checking for deadlock:
There are 2 Blocked actors, 0 Stopped actors, and 4 active threads.
Waiting for actors to stop.
Called prefire()
Called fire()
Past the end of training data. Read and discard all inputs.
Checking for deadlock:
Sent output token with value 4.5
There are 3 Blocked actors, 0 Stopped actors, and 4 active threads.
Waiting for actors to stop.
Next port to read input from is inputB
Called postfire()
Called prefire()
Called fire()
Checking for deadlock:
There are 2 Blocked actors, 0 Stopped actors, and 4 active threads.
Waiting for actors to stop.
Called postfire()
Called prefire()
Called fire()
Checking for deadlock:
There are 3 Blocked actors, 0 Stopped actors, and 4 active threads.
Waiting for actors to stop.
Read input token from inputB with value 6.0
Checking for deadlock:
Called prefire()
Called fire()
There are 2 Blocked actors, 0 Stopped actors, and 4 active threads.
Past the end of training data. Read and discard all inputs.
Waiting for actors to stop.
Checking for deadlock:
There are 3 Blocked actors, 0 Stopped actors, and 4 active threads.
Waiting for actors to stop.
Sent output token with value 5.0
Next port to read input from is inputA
Called postfire()
Called prefire()
Called fire()
Called postfire()
Called prefire()
Called fire()
Checking for deadlock:
There are 3 Blocked actors, 0 Stopped actors, and 4 active threads.
Waiting for actors to stop.
Read input token from inputA with value 6.0
Checking for deadlock:
Called prefire()
There are 2 Blocked actors, 0 Stopped actors, and 4 active threads.
Called fire()
Waiting for actors to stop.
Past the end of training data. Read and discard all inputs.
Checking for deadlock:
There are 3 Blocked actors, 0 Stopped actors, and 4 active threads.
Waiting for actors to stop.
Sent output token with value 6.0
Next port to read input from is inputB
Called postfire()
Called prefire()
Called fire()
Called postfire()
Called prefire()
Called fire()
Checking for deadlock:
There are 3 Blocked actors, 0 Stopped actors, and 4 active threads.
Waiting for actors to stop.
Read input token from inputB with value 7.5
Called prefire()
Called fire()
Past the end of training data. Read and discard all inputs.
Checking for deadlock:
There are 3 Blocked actors, 0 Stopped actors, and 4 active threads.
Waiting for actors to stop.
Sent output token with value 6.0
Next port to read input from is inputA
Called postfire()
Called prefire()
Called fire()
Checking for deadlock:
There are 2 Blocked actors, 0 Stopped actors, and 4 active threads.
Waiting for actors to stop.
Read input token from inputA with value 7.0
Called postfire()
Called prefire()
Called fire()
Checking for deadlock:
There are 3 Blocked actors, 0 Stopped actors, and 4 active threads.
Waiting for actors to stop.
Checking for deadlock:
There are 2 Blocked actors, 0 Stopped actors, and 4 active threads.
Waiting for actors to stop.
Sent output token with value 7.0
Called prefire()
Called fire()
Past the end of training data. Read and discard all inputs.
Checking for deadlock:
There are 3 Blocked actors, 0 Stopped actors, and 4 active threads.
Next port to read input from is inputA
Called postfire()
Waiting for actors to stop.
Called prefire()
Called fire()
Checking for deadlock:
There are 2 Blocked actors, 0 Stopped actors, and 4 active threads.
Waiting for actors to stop.
-- Thread wrapup() called.
Called wrapup()
Thread .top.Ramp is exiting.
-- Thread stopped.
Read input token from inputA with value 8.0
Checking for deadlock:
There are 2 Blocked actors, 0 Stopped actors, and 3 active threads.
Waiting for actors to stop.
Checking for deadlock:
Called prefire()
Called fire()
There are 1 Blocked actors, 0 Stopped actors, and 3 active threads.
Waiting for actors to stop.
Past the end of training data. Read and discard all inputs.
Checking for deadlock:
There are 2 Blocked actors, 0 Stopped actors, and 3 active threads.
Waiting for actors to stop.
Sent output token with value 7.5
Next port to read input from is inputB
Called postfire()
Called prefire()
Called fire()
Checking for deadlock:
There are 1 Blocked actors, 0 Stopped actors, and 3 active threads.
Waiting for actors to stop.
Read input token from inputB with value 9.0
Called postfire()
Called prefire()
Called fire()
Checking for deadlock:
There are 2 Blocked actors, 0 Stopped actors, and 3 active threads.
Waiting for actors to stop.
Checking for deadlock:
There are 1 Blocked actors, 0 Stopped actors, and 3 active threads.
Waiting for actors to stop.
Called prefire()
Called fire()
Past the end of training data. Read and discard all inputs.
Checking for deadlock:
There are 2 Blocked actors, 0 Stopped actors, and 3 active threads.
Waiting for actors to stop.
Sent output token with value 8.0
Next port to read input from is inputA
Called postfire()
Called prefire()
Called fire()
Read input token from inputA with value 9.0
Checking for deadlock:
Called prefire()
There are 1 Blocked actors, 0 Stopped actors, and 3 active threads.
Called fire()
Waiting for actors to stop.
Past the end of training data. Read and discard all inputs.
Checking for deadlock:
There are 2 Blocked actors, 0 Stopped actors, and 3 active threads.
Waiting for actors to stop.
Sent output token with value 9.0
Next port to read input from is inputB
Called postfire()
Called prefire()
Called fire()
Checking for deadlock:
There are 1 Blocked actors, 0 Stopped actors, and 3 active threads.
Waiting for actors to stop.
Called postfire()
Called prefire()
Called fire()
Checking for deadlock:
Read input token from inputB with value 10.5
There are 2 Blocked actors, 0 Stopped actors, and 3 active threads.
Waiting for actors to stop.
Checking for deadlock:
There are 1 Blocked actors, 0 Stopped actors, and 3 active threads.
Waiting for actors to stop.
Sent output token with value 9.0
Called prefire()
Called fire()
Past the end of training data. Read and discard all inputs.
Checking for deadlock:
There are 2 Blocked actors, 0 Stopped actors, and 3 active threads.
Next port to read input from is inputA
Called postfire()
Waiting for actors to stop.
Called prefire()
Called fire()
Checking for deadlock:
There are 3 Blocked actors, 0 Stopped actors, and 3 active threads.
Actors have stopped.
Checking for deadlock:
There are 3 Blocked actors, 0 Stopped actors, and 3 active threads.
Deadlock detected.
Resolving Deadlock
Checking for deadlock:
There are 3 Blocked actors, 0 Stopped actors, and 3 active threads.
Artificial Deadlock - increasing queue capacity.
increasing the capacity of receiver ptolemy.actor.TypedIOPort {.top.OrderedMerge.inputB} to 2
Director: Called postfire().
Called postfire().
_stopRequested = false
_stopFireRequested = false
Returning from postfire(): true
Called fire().
Checking for deadlock:
There are 2 Blocked actors, 0 Stopped actors, and 3 active threads.
Waiting for actors to stop.
-- Thread wrapup() called.
Called wrapup()
Thread .top.Ramp2 is exiting.
-- Thread stopped.
Checking for deadlock:
There are 2 Blocked actors, 0 Stopped actors, and 2 active threads.
Actors have stopped.
Checking for deadlock:
There are 2 Blocked actors, 0 Stopped actors, and 2 active threads.
Deadlock detected.
Resolving Deadlock
Checking for deadlock:
There are 2 Blocked actors, 0 Stopped actors, and 2 active threads.
Deadlock detected: no processes blocked on write, but some are blocked on read.
Called postfire().
_stopRequested = false
_stopFireRequested = false
Returning from postfire(): false
Finished deactivating branches.
Called wrapup().
-- Thread wrapup() called.
Called wrapup()
Thread .top.OrderedMerge is exiting.
-- Thread stopped.
-- Blocked Receiver call threw TerminateProcessException.
-- Thread wrapup() called.
Called wrapup()
Thread .top.Test is exiting.
-- Thread stopped.
-- Blocked Receiver call threw TerminateProcessException.
35 ms. Memory: 129024K Free: 59007K (46%)
/home/travis/build/icyphy/ptII/ptolemy/actor/lib/test/Publisher.tcl
5 ms. Memory: 129024K Free: 106617K (83%)
4 ms. Memory: 129024K Free: 101497K (79%)
2 ms. Memory: 129024K Free: 97881K (76%)
3 ms. Memory: 129024K Free: 96887K (75%)
2 ms. Memory: 129024K Free: 95857K (74%)
2 ms. Memory: 129024K Free: 94839K (74%)
2 ms. Memory: 129024K Free: 94329K (73%)
3 ms. Memory: 129024K Free: 93305K (72%)
33 ms. Memory: 129024K Free: 83575K (65%)
3 ms. Memory: 129024K Free: 79479K (62%)
6 ms. Memory: 163840K Free: 145675K (89%)
4 ms. Memory: 163840K Free: 143627K (88%)
7 ms. Memory: 163840K Free: 135949K (83%)
6 ms. Memory: 163840K Free: 126733K (77%)
7 ms. Memory: 163840K Free: 115469K (70%)
/home/travis/build/icyphy/ptII/ptolemy/actor/lib/test/Pulse.tcl
4 ms. Memory: 163840K Free: 78077K (48%)
9 ms. Memory: 163840K Free: 77581K (47%)
21 ms. Memory: 163840K Free: 145493K (89%)
3 ms. Memory: 163840K Free: 145053K (89%)
2 ms. Memory: 163840K Free: 144539K (88%)
10 ms. Memory: 163840K Free: 143501K (88%)
8 ms. Memory: 163840K Free: 142461K (87%)
1 ms. Memory: 163840K Free: 141437K (86%)
1 ms. Memory: 163840K Free: 140957K (86%)
/home/travis/build/icyphy/ptII/ptolemy/actor/lib/test/Ramp.tcl
4 ms. Memory: 163840K Free: 138909K (85%)
1 ms. Memory: 163840K Free: 138365K (84%)
2 ms. Memory: 163840K Free: 137357K (84%)
1 ms. Memory: 163840K Free: 136861K (84%)
7 ms. Memory: 163840K Free: 135837K (83%)
7 ms. Memory: 163840K Free: 134813K (82%)
7 ms. Memory: 163840K Free: 134299K (82%)
5 actors
4000 microseconds per iteration to create
10 ms. Memory: 163840K Free: 131213K (80%)
2 ms. Memory: 163840K Free: 130717K (80%)
3 ms. Memory: 163840K Free: 130197K (79%)
2 ms. Memory: 163840K Free: 129693K (79%)
50 actors
44000 microseconds per iteration to create
43 ms. Memory: 163840K Free: 113789K (69%)
14 ms. Memory: 163840K Free: 112789K (69%)
5 ms. Memory: 163840K Free: 111757K (68%)
12 ms. Memory: 163840K Free: 110717K (68%)
500 actors
1407000 microseconds per iteration to create
236 ms. Memory: 163840K Free: 101630K (62%)
36 ms. Memory: 163840K Free: 95996K (59%)
46 ms. Memory: 163840K Free: 90876K (55%)
32 ms. Memory: 163840K Free: 85246K (52%)
/home/travis/build/icyphy/ptII/ptolemy/actor/lib/test/RampContinuous.tcl
8 ms. Memory: 163840K Free: 83693K (51%)
/home/travis/build/icyphy/ptII/ptolemy/actor/lib/test/RecordAssembler.tcl
6 ms. Memory: 163840K Free: 82174K (50%)
5 ms. Memory: 163840K Free: 81150K (50%)
/home/travis/build/icyphy/ptII/ptolemy/actor/lib/test/RecordDisassembler.tcl
9 ms. Memory: 163840K Free: 79612K (49%)
1 ms. Memory: 163840K Free: 79102K (48%)
4 ms. Memory: 163840K Free: 77564K (47%)
/home/travis/build/icyphy/ptII/ptolemy/actor/lib/test/Scale.tcl
2 ms. Memory: 163840K Free: 76030K (46%)
1 ms. Memory: 163840K Free: 75006K (46%)
1 ms. Memory: 163840K Free: 74485K (45%)
2 ms. Memory: 163840K Free: 73453K (45%)
3 ms. Memory: 163840K Free: 72437K (44%)
/home/travis/build/icyphy/ptII/ptolemy/actor/lib/test/SequentialClock.tcl
preinitializing
resolving types
initializing
executing number 1
wrapping up
idle
2 ms. Memory: 163840K Free: 71405K (44%)
Completed execution with 5 iterations
preinitializing
resolving types
initializing
executing number 1
wrapping up
idle
2 ms. Memory: 163840K Free: 70910K (43%)
Completed execution with 5 iterations
preinitializing
resolving types
initializing
executing number 1
wrapping up
idle
1 ms. Memory: 163840K Free: 70396K (43%)
Completed execution with 5 iterations
/home/travis/build/icyphy/ptII/ptolemy/actor/lib/test/SetVariable.tcl
5 ms. Memory: 163840K Free: 68348K (42%)
/home/travis/build/icyphy/ptII/ptolemy/actor/lib/test/Sinewave.tcl
/home/travis/build/icyphy/ptII/ptolemy/actor/lib/test/SubscriptionAggregator.tcl
6 ms. Memory: 163840K Free: 57084K (35%)
2 ms. Memory: 163840K Free: 56574K (35%)
0 ms. Memory: 163840K Free: 56045K (34%)
0 ms. Memory: 163840K Free: 55550K (34%)
2 ms. Memory: 203776K Free: 177440K (87%)
10 ms. Memory: 203776K Free: 175406K (86%)
...............................................................860 ms. Memory: 294912K Free: 166882K (57%)
/home/travis/build/icyphy/ptII/ptolemy/actor/lib/test/Test.tcl
 The next command will produce a warning about training mode,
   which may be ignored.
6 ms. Memory: 294912K Free: 165346K (56%)
3 ms. Memory: 294912K Free: 164324K (56%)
5 ms. Memory: 294912K Free: 163779K (56%)
2 ms. Memory: 294912K Free: 163300K (55%)
2 ms. Memory: 294912K Free: 162276K (55%)
2 ms. Memory: 294912K Free: 161252K (55%)
3 ms. Memory: 294912K Free: 159683K (54%)
 The next command will produce a warning about training mode,
   which may be ignored.
4 ms. Memory: 294912K Free: 157635K (53%)
 The next command will produce a warning about training mode,
   which may be ignored.
1 ms. Memory: 294912K Free: 156627K (53%)
1 ms. Memory: 294912K Free: 156132K (53%)
1 ms. Memory: 294912K Free: 155603K (53%)
3 ms. Memory: 294912K Free: 155108K (53%)
9 ms. Memory: 294912K Free: 154084K (52%)
9 ms. Memory: 294912K Free: 149988K (51%)
/home/travis/build/icyphy/ptII/ptolemy/actor/lib/test/TestExceptionHandler.tcl
 The next command will produce a warning about training mode,
   which may be ignored.
3 ms. Memory: 294912K Free: 148964K (51%)
1 ms. Memory: 294912K Free: 148450K (50%)
1 ms. Memory: 294912K Free: 147940K (50%)
/home/travis/build/icyphy/ptII/ptolemy/actor/lib/test/UnionDisassembler.tcl
29 ms. Memory: 294912K Free: 140258K (48%)
/home/travis/build/icyphy/ptII/ptolemy/actor/lib/test/VariableClock.tcl
preinitializing
resolving types
initializing
executing number 1
wrapping up
idle
8 ms. Memory: 294912K Free: 138722K (47%)
Completed execution with 11 iterations
preinitializing
resolving types
initializing
executing number 1
wrapping up
idle
3 ms. Memory: 294912K Free: 137186K (47%)
Completed execution with 10 iterations
07/06/22 02:16:29
Failed: 0  Total Tests: 233  ((Passed: 233, Newly Passed: 0)  Known Failed: 0) /home/travis/build/icyphy/ptII/ptolemy/actor/lib/test
----------------- testing (KnownFailure) /home/travis/build/icyphy/ptII/ptolemy/actor/lib/test/auto/knownFailedTests/PublisherPortToplevelSubscriber.xml
0 ms. Memory: 294912K Free: 133604K (45%)
Known Failure: java.lang.reflect.InvocationTargetException
----------------- testing (KnownFailure) /home/travis/build/icyphy/ptII/ptolemy/actor/lib/test/auto/knownFailedTests/PublisherSubscriberPortToplevel.xml
0 ms. Memory: 294912K Free: 130018K (44%)
Known Failure: java.lang.reflect.InvocationTargetException
----------------- testing (KnownFailure) /home/travis/build/icyphy/ptII/ptolemy/actor/lib/test/auto/knownFailedTests/PublisherSubscriptionAggregatorPort.xml
0 ms. Memory: 294912K Free: 125412K (43%)
Known Failure: java.lang.reflect.InvocationTargetException
----------------- testing (KnownFailure) /home/travis/build/icyphy/ptII/ptolemy/actor/lib/test/auto/knownFailedTests/sizedarray3.xml
4 ms. Memory: 294912K Free: 121316K (41%)
Known Failure: java.lang.reflect.InvocationTargetException
No auto/linux-amd64/*.xml tests in /home/travis/build/icyphy/ptII/ptolemy/actor/lib/test
AutoTests.java: About to close Vertx.
AutoTests.java: Vertx closed.

===========================================================================================
----------------- testing Wed Jul 06 02:16:29 UTC 2022 /home/travis/build/icyphy/ptII/ptolemy/actor/lib/test/auto/AbsoluteValue.xml
----------------- Instantiating /home/travis/build/icyphy/ptII/ptolemy/actor/lib/test/auto/AbsoluteValue.xml
5 ms. Memory: 294912K Free: 98274K (33%)
----------------- Invoking toplevel() on ptolemy.moml.MoMLSimpleApplication@53344968
----------------- Done invoking toplevel() on ptolemy.moml.MoMLSimpleApplication@53344968
reloadAllAccessors: .AbsoluteValue

===========================================================================================
----------------- testing Wed Jul 06 02:16:29 UTC 2022 /home/travis/build/icyphy/ptII/ptolemy/actor/lib/test/auto/AbsoluteValue2.xml
----------------- Instantiating /home/travis/build/icyphy/ptII/ptolemy/actor/lib/test/auto/AbsoluteValue2.xml
5 ms. Memory: 294912K Free: 91620K (31%)
----------------- Invoking toplevel() on ptolemy.moml.MoMLSimpleApplication@d0d6f8b
----------------- Done invoking toplevel() on ptolemy.moml.MoMLSimpleApplication@d0d6f8b
reloadAllAccessors: .AbsoluteValue2

===========================================================================================
----------------- testing Wed Jul 06 02:16:30 UTC 2022 /home/travis/build/icyphy/ptII/ptolemy/actor/lib/test/auto/Accumulator.xml
----------------- Instantiating /home/travis/build/icyphy/ptII/ptolemy/actor/lib/test/auto/Accumulator.xml
6 ms. Memory: 294912K Free: 241636K (82%)
----------------- Invoking toplevel() on ptolemy.moml.MoMLSimpleApplication@50c4f9c8
----------------- Done invoking toplevel() on ptolemy.moml.MoMLSimpleApplication@50c4f9c8
reloadAllAccessors: .Accumulator

===========================================================================================
----------------- testing Wed Jul 06 02:16:30 UTC 2022 /home/travis/build/icyphy/ptII/ptolemy/actor/lib/test/auto/Accumulator2.xml
----------------- Instantiating /home/travis/build/icyphy/ptII/ptolemy/actor/lib/test/auto/Accumulator2.xml
3 ms. Memory: 294912K Free: 236002K (80%)
----------------- Invoking toplevel() on ptolemy.moml.MoMLSimpleApplication@7e391a5f
----------------- Done invoking toplevel() on ptolemy.moml.MoMLSimpleApplication@7e391a5f
reloadAllAccessors: .Accumulator2

===========================================================================================
----------------- testing Wed Jul 06 02:16:30 UTC 2022 /home/travis/build/icyphy/ptII/ptolemy/actor/lib/test/auto/Accumulator3.xml
----------------- Instantiating /home/travis/build/icyphy/ptII/ptolemy/actor/lib/test/auto/Accumulator3.xml
2 ms. Memory: 294912K Free: 231906K (79%)
----------------- Invoking toplevel() on ptolemy.moml.MoMLSimpleApplication@716159e3
----------------- Done invoking toplevel() on ptolemy.moml.MoMLSimpleApplication@716159e3
reloadAllAccessors: .Accumulator3

===========================================================================================
----------------- testing Wed Jul 06 02:16:30 UTC 2022 /home/travis/build/icyphy/ptII/ptolemy/actor/lib/test/auto/ArrayAppend.xml
----------------- Instantiating /home/travis/build/icyphy/ptII/ptolemy/actor/lib/test/auto/ArrayAppend.xml
7 ms. Memory: 294912K Free: 225747K (77%)
----------------- Invoking toplevel() on ptolemy.moml.MoMLSimpleApplication@1958cac8
----------------- Done invoking toplevel() on ptolemy.moml.MoMLSimpleApplication@1958cac8
reloadAllAccessors: .ArrayAppend

===========================================================================================
----------------- testing Wed Jul 06 02:16:30 UTC 2022 /home/travis/build/icyphy/ptII/ptolemy/actor/lib/test/auto/ArrayAppend2.xml
----------------- Instantiating /home/travis/build/icyphy/ptII/ptolemy/actor/lib/test/auto/ArrayAppend2.xml
362 ms. Memory: 294912K Free: 143332K (49%)
----------------- Invoking toplevel() on ptolemy.moml.MoMLSimpleApplication@69a9701a
----------------- Done invoking toplevel() on ptolemy.moml.MoMLSimpleApplication@69a9701a
reloadAllAccessors: .ArrayAppend2

===========================================================================================
----------------- testing Wed Jul 06 02:16:30 UTC 2022 /home/travis/build/icyphy/ptII/ptolemy/actor/lib/test/auto/ArrayAppend3.xml
----------------- Instantiating /home/travis/build/icyphy/ptII/ptolemy/actor/lib/test/auto/ArrayAppend3.xml
10 ms. Memory: 294912K Free: 137698K (47%)
----------------- Invoking toplevel() on ptolemy.moml.MoMLSimpleApplication@74d30ea7
----------------- Done invoking toplevel() on ptolemy.moml.MoMLSimpleApplication@74d30ea7
reloadAllAccessors: .ArrayAppend3

===========================================================================================
----------------- testing Wed Jul 06 02:16:30 UTC 2022 /home/travis/build/icyphy/ptII/ptolemy/actor/lib/test/auto/ArrayAppend4.xml
----------------- Instantiating /home/travis/build/icyphy/ptII/ptolemy/actor/lib/test/auto/ArrayAppend4.xml
2 ms. Memory: 294912K Free: 132578K (45%)
----------------- Invoking toplevel() on ptolemy.moml.MoMLSimpleApplication@7c313b50
----------------- Done invoking toplevel() on ptolemy.moml.MoMLSimpleApplication@7c313b50
reloadAllAccessors: .ArrayAppend4

===========================================================================================
----------------- testing Wed Jul 06 02:16:30 UTC 2022 /home/travis/build/icyphy/ptII/ptolemy/actor/lib/test/auto/ArrayAppend5.xml
----------------- Instantiating /home/travis/build/icyphy/ptII/ptolemy/actor/lib/test/auto/ArrayAppend5.xml
2 ms. Memory: 294912K Free: 127443K (43%)
----------------- Invoking toplevel() on ptolemy.moml.MoMLSimpleApplication@5616a772
----------------- Done invoking toplevel() on ptolemy.moml.MoMLSimpleApplication@5616a772
reloadAllAccessors: .ArrayAppend5

===========================================================================================
----------------- testing Wed Jul 06 02:16:30 UTC 2022 /home/travis/build/icyphy/ptII/ptolemy/actor/lib/test/auto/ArrayAppend6.xml
----------------- Instantiating /home/travis/build/icyphy/ptII/ptolemy/actor/lib/test/auto/ArrayAppend6.xml
3 ms. Memory: 294912K Free: 121828K (41%)
----------------- Invoking toplevel() on ptolemy.moml.MoMLSimpleApplication@3c476061
----------------- Done invoking toplevel() on ptolemy.moml.MoMLSimpleApplication@3c476061
reloadAllAccessors: .ArrayAppend6

===========================================================================================
----------------- testing Wed Jul 06 02:16:30 UTC 2022 /home/travis/build/icyphy/ptII/ptolemy/actor/lib/test/auto/ArrayAppendPerformanceTest.xml
----------------- Instantiating /home/travis/build/icyphy/ptII/ptolemy/actor/lib/test/auto/ArrayAppendPerformanceTest.xml
31 ms. Memory: 294912K Free: 111074K (38%)
----------------- Invoking toplevel() on ptolemy.moml.MoMLSimpleApplication@5f44e444
----------------- Done invoking toplevel() on ptolemy.moml.MoMLSimpleApplication@5f44e444
reloadAllAccessors: .ArrayAppendPerformanceTest

===========================================================================================
----------------- testing Wed Jul 06 02:16:30 UTC 2022 /home/travis/build/icyphy/ptII/ptolemy/actor/lib/test/auto/ArrayAppendWithEmptyInput.xml
----------------- Instantiating /home/travis/build/icyphy/ptII/ptolemy/actor/lib/test/auto/ArrayAppendWithEmptyInput.xml
10 ms. Memory: 294912K Free: 102882K (35%)
----------------- Invoking toplevel() on ptolemy.moml.MoMLSimpleApplication@27d43d0e
----------------- Done invoking toplevel() on ptolemy.moml.MoMLSimpleApplication@27d43d0e
reloadAllAccessors: .ArrayAppendWithEmptyInput

===========================================================================================
----------------- testing Wed Jul 06 02:16:30 UTC 2022 /home/travis/build/icyphy/ptII/ptolemy/actor/lib/test/auto/ArrayAverage.xml
----------------- Instantiating /home/travis/build/icyphy/ptII/ptolemy/actor/lib/test/auto/ArrayAverage.xml
4 ms. Memory: 294912K Free: 95204K (32%)
----------------- Invoking toplevel() on ptolemy.moml.MoMLSimpleApplication@2c7c9380
----------------- Done invoking toplevel() on ptolemy.moml.MoMLSimpleApplication@2c7c9380
reloadAllAccessors: .ArrayAverage

===========================================================================================
----------------- testing Wed Jul 06 02:16:30 UTC 2022 /home/travis/build/icyphy/ptII/ptolemy/actor/lib/test/auto/ArrayContains.xml
----------------- Instantiating /home/travis/build/icyphy/ptII/ptolemy/actor/lib/test/auto/ArrayContains.xml
4 ms. Memory: 294912K Free: 244442K (83%)
----------------- Invoking toplevel() on ptolemy.moml.MoMLSimpleApplication@702da462
----------------- Done invoking toplevel() on ptolemy.moml.MoMLSimpleApplication@702da462
reloadAllAccessors: .ArrayContains

===========================================================================================
----------------- testing Wed Jul 06 02:16:30 UTC 2022 /home/travis/build/icyphy/ptII/ptolemy/actor/lib/test/auto/ArrayElement.xml
----------------- Instantiating /home/travis/build/icyphy/ptII/ptolemy/actor/lib/test/auto/ArrayElement.xml
3 ms. Memory: 294912K Free: 238778K (81%)
----------------- Invoking toplevel() on ptolemy.moml.MoMLSimpleApplication@510397c3
----------------- Done invoking toplevel() on ptolemy.moml.MoMLSimpleApplication@510397c3
reloadAllAccessors: .ArrayElement

===========================================================================================
----------------- testing Wed Jul 06 02:16:31 UTC 2022 /home/travis/build/icyphy/ptII/ptolemy/actor/lib/test/auto/ArrayElementAsMatrix.xml
----------------- Instantiating /home/travis/build/icyphy/ptII/ptolemy/actor/lib/test/auto/ArrayElementAsMatrix.xml
15 ms. Memory: 294912K Free: 229082K (78%)
----------------- Invoking toplevel() on ptolemy.moml.MoMLSimpleApplication@50059d7d
----------------- Done invoking toplevel() on ptolemy.moml.MoMLSimpleApplication@50059d7d
reloadAllAccessors: .ArrayElementAsMatrix

===========================================================================================
----------------- testing Wed Jul 06 02:16:31 UTC 2022 /home/travis/build/icyphy/ptII/ptolemy/actor/lib/test/auto/ArrayElementI.xml
----------------- Instantiating /home/travis/build/icyphy/ptII/ptolemy/actor/lib/test/auto/ArrayElementI.xml
4 ms. Memory: 294912K Free: 223962K (76%)
----------------- Invoking toplevel() on ptolemy.moml.MoMLSimpleApplication@2db69330
----------------- Done invoking toplevel() on ptolemy.moml.MoMLSimpleApplication@2db69330
reloadAllAccessors: .ArrayElementI

===========================================================================================
----------------- testing Wed Jul 06 02:16:31 UTC 2022 /home/travis/build/icyphy/ptII/ptolemy/actor/lib/test/auto/ArrayExtract.xml
----------------- Instantiating /home/travis/build/icyphy/ptII/ptolemy/actor/lib/test/auto/ArrayExtract.xml
11 ms. Memory: 294912K Free: 215770K (73%)
----------------- Invoking toplevel() on ptolemy.moml.MoMLSimpleApplication@2f8076d9
----------------- Done invoking toplevel() on ptolemy.moml.MoMLSimpleApplication@2f8076d9
reloadAllAccessors: .ArrayExtract

===========================================================================================
----------------- testing Wed Jul 06 02:16:31 UTC 2022 /home/travis/build/icyphy/ptII/ptolemy/actor/lib/test/auto/ArrayExtract2.xml
----------------- Instantiating /home/travis/build/icyphy/ptII/ptolemy/actor/lib/test/auto/ArrayExtract2.xml
2 ms. Memory: 294912K Free: 210122K (71%)
----------------- Invoking toplevel() on ptolemy.moml.MoMLSimpleApplication@63a6dcc2
----------------- Done invoking toplevel() on ptolemy.moml.MoMLSimpleApplication@63a6dcc2
reloadAllAccessors: .ArrayExtract2

===========================================================================================
----------------- testing Wed Jul 06 02:16:31 UTC 2022 /home/travis/build/icyphy/ptII/ptolemy/actor/lib/test/auto/ArrayLength.xml
----------------- Instantiating /home/travis/build/icyphy/ptII/ptolemy/actor/lib/test/auto/ArrayLength.xml
1 ms. Memory: 294912K Free: 206554K (70%)
----------------- Invoking toplevel() on ptolemy.moml.MoMLSimpleApplication@4bad9eb1
----------------- Done invoking toplevel() on ptolemy.moml.MoMLSimpleApplication@4bad9eb1
reloadAllAccessors: .ArrayLength

===========================================================================================
----------------- testing Wed Jul 06 02:16:31 UTC 2022 /home/travis/build/icyphy/ptII/ptolemy/actor/lib/test/auto/ArrayLevelCrossing.xml
----------------- Instantiating /home/travis/build/icyphy/ptII/ptolemy/actor/lib/test/auto/ArrayLevelCrossing.xml
3 ms. Memory: 294912K Free: 198362K (67%)
----------------- Invoking toplevel() on ptolemy.moml.MoMLSimpleApplication@63a55ed6
----------------- Done invoking toplevel() on ptolemy.moml.MoMLSimpleApplication@63a55ed6
reloadAllAccessors: .ArrayLevelCrossing

===========================================================================================
----------------- testing Wed Jul 06 02:16:31 UTC 2022 /home/travis/build/icyphy/ptII/ptolemy/actor/lib/test/auto/ArrayLevelCrossing2.xml
----------------- Instantiating /home/travis/build/icyphy/ptII/ptolemy/actor/lib/test/auto/ArrayLevelCrossing2.xml
2 ms. Memory: 294912K Free: 191194K (65%)
----------------- Invoking toplevel() on ptolemy.moml.MoMLSimpleApplication@f99a81a
----------------- Done invoking toplevel() on ptolemy.moml.MoMLSimpleApplication@f99a81a
reloadAllAccessors: .ArrayLevelCrossing2

===========================================================================================
----------------- testing Wed Jul 06 02:16:31 UTC 2022 /home/travis/build/icyphy/ptII/ptolemy/actor/lib/test/auto/ArrayPeakSearch.xml
----------------- Instantiating /home/travis/build/icyphy/ptII/ptolemy/actor/lib/test/auto/ArrayPeakSearch.xml
3 ms. Memory: 294912K Free: 181978K (62%)
----------------- Invoking toplevel() on ptolemy.moml.MoMLSimpleApplication@3133eed5
----------------- Done invoking toplevel() on ptolemy.moml.MoMLSimpleApplication@3133eed5
reloadAllAccessors: .ArrayPeakSearch

===========================================================================================
----------------- testing Wed Jul 06 02:16:31 UTC 2022 /home/travis/build/icyphy/ptII/ptolemy/actor/lib/test/auto/ArrayPeakSearch2.xml
----------------- Instantiating /home/travis/build/icyphy/ptII/ptolemy/actor/lib/test/auto/ArrayPeakSearch2.xml
7 ms. Memory: 294912K Free: 171738K (58%)
----------------- Invoking toplevel() on ptolemy.moml.MoMLSimpleApplication@3b32977c
----------------- Done invoking toplevel() on ptolemy.moml.MoMLSimpleApplication@3b32977c
reloadAllAccessors: .ArrayPeakSearch2

===========================================================================================
----------------- testing Wed Jul 06 02:16:31 UTC 2022 /home/travis/build/icyphy/ptII/ptolemy/actor/lib/test/auto/ArrayPeakSearch3.xml
----------------- Instantiating /home/travis/build/icyphy/ptII/ptolemy/actor/lib/test/auto/ArrayPeakSearch3.xml
7 ms. Memory: 294912K Free: 162522K (55%)
----------------- Invoking toplevel() on ptolemy.moml.MoMLSimpleApplication@4ad37408
----------------- Done invoking toplevel() on ptolemy.moml.MoMLSimpleApplication@4ad37408
reloadAllAccessors: .ArrayPeakSearch3

===========================================================================================
----------------- testing Wed Jul 06 02:16:31 UTC 2022 /home/travis/build/icyphy/ptII/ptolemy/actor/lib/test/auto/ArrayRemoveElement.xml
----------------- Instantiating /home/travis/build/icyphy/ptII/ptolemy/actor/lib/test/auto/ArrayRemoveElement.xml
3 ms. Memory: 294912K Free: 154840K (53%)
----------------- Invoking toplevel() on ptolemy.moml.MoMLSimpleApplication@71419cdc
----------------- Done invoking toplevel() on ptolemy.moml.MoMLSimpleApplication@71419cdc
reloadAllAccessors: .ArrayRemoveElement

===========================================================================================
----------------- testing Wed Jul 06 02:16:31 UTC 2022 /home/travis/build/icyphy/ptII/ptolemy/actor/lib/test/auto/ArraySort.xml
----------------- Instantiating /home/travis/build/icyphy/ptII/ptolemy/actor/lib/test/auto/ArraySort.xml
8 ms. Memory: 294912K Free: 145624K (49%)
----------------- Invoking toplevel() on ptolemy.moml.MoMLSimpleApplication@6eb18614
----------------- Done invoking toplevel() on ptolemy.moml.MoMLSimpleApplication@6eb18614
reloadAllAccessors: .ArraySort

===========================================================================================
----------------- testing Wed Jul 06 02:16:31 UTC 2022 /home/travis/build/icyphy/ptII/ptolemy/actor/lib/test/auto/ArraySum.xml
----------------- Instantiating /home/travis/build/icyphy/ptII/ptolemy/actor/lib/test/auto/ArraySum.xml
4 ms. Memory: 294912K Free: 140504K (48%)
----------------- Invoking toplevel() on ptolemy.moml.MoMLSimpleApplication@71177332
----------------- Done invoking toplevel() on ptolemy.moml.MoMLSimpleApplication@71177332
reloadAllAccessors: .ArraySum

===========================================================================================
----------------- testing Wed Jul 06 02:16:31 UTC 2022 /home/travis/build/icyphy/ptII/ptolemy/actor/lib/test/auto/ArrayToElements.xml
----------------- Instantiating /home/travis/build/icyphy/ptII/ptolemy/actor/lib/test/auto/ArrayToElements.xml
6 ms. Memory: 294912K Free: 134874K (46%)
----------------- Invoking toplevel() on ptolemy.moml.MoMLSimpleApplication@604b6eda
----------------- Done invoking toplevel() on ptolemy.moml.MoMLSimpleApplication@604b6eda
reloadAllAccessors: .ArrayToElements

===========================================================================================
----------------- testing Wed Jul 06 02:16:31 UTC 2022 /home/travis/build/icyphy/ptII/ptolemy/actor/lib/test/auto/ArrayToMatrix.xml
----------------- Instantiating /home/travis/build/icyphy/ptII/ptolemy/actor/lib/test/auto/ArrayToMatrix.xml
8 ms. Memory: 294912K Free: 121048K (41%)
----------------- Invoking toplevel() on ptolemy.moml.MoMLSimpleApplication@2634013f
----------------- Done invoking toplevel() on ptolemy.moml.MoMLSimpleApplication@2634013f
reloadAllAccessors: .ArrayToMatrix

===========================================================================================
----------------- testing Wed Jul 06 02:16:31 UTC 2022 /home/travis/build/icyphy/ptII/ptolemy/actor/lib/test/auto/ArrayUpdate1.xml
----------------- Instantiating /home/travis/build/icyphy/ptII/ptolemy/actor/lib/test/auto/ArrayUpdate1.xml
6 ms. Memory: 294912K Free: 115928K (39%)
----------------- Invoking toplevel() on ptolemy.moml.MoMLSimpleApplication@50092662
----------------- Done invoking toplevel() on ptolemy.moml.MoMLSimpleApplication@50092662
reloadAllAccessors: .ArrayUpdate1

===========================================================================================
----------------- testing Wed Jul 06 02:16:31 UTC 2022 /home/travis/build/icyphy/ptII/ptolemy/actor/lib/test/auto/ArrayUpdate2.xml
----------------- Instantiating /home/travis/build/icyphy/ptII/ptolemy/actor/lib/test/auto/ArrayUpdate2.xml
8 ms. Memory: 294912K Free: 109784K (37%)
----------------- Invoking toplevel() on ptolemy.moml.MoMLSimpleApplication@419e45de
----------------- Done invoking toplevel() on ptolemy.moml.MoMLSimpleApplication@419e45de
reloadAllAccessors: .ArrayUpdate2

===========================================================================================
----------------- testing Wed Jul 06 02:16:31 UTC 2022 /home/travis/build/icyphy/ptII/ptolemy/actor/lib/test/auto/ArrayUpdate3.xml
----------------- Instantiating /home/travis/build/icyphy/ptII/ptolemy/actor/lib/test/auto/ArrayUpdate3.xml
4 ms. Memory: 294912K Free: 104664K (35%)
----------------- Invoking toplevel() on ptolemy.moml.MoMLSimpleApplication@712ff440
----------------- Done invoking toplevel() on ptolemy.moml.MoMLSimpleApplication@712ff440
reloadAllAccessors: .ArrayUpdate3

===========================================================================================
----------------- testing Wed Jul 06 02:16:31 UTC 2022 /home/travis/build/icyphy/ptII/ptolemy/actor/lib/test/auto/Assert1.xml
----------------- Instantiating /home/travis/build/icyphy/ptII/ptolemy/actor/lib/test/auto/Assert1.xml
6 ms. Memory: 294912K Free: 100568K (34%)
----------------- Invoking toplevel() on ptolemy.moml.MoMLSimpleApplication@4cd4562
----------------- Done invoking toplevel() on ptolemy.moml.MoMLSimpleApplication@4cd4562
reloadAllAccessors: .Assert1

===========================================================================================
----------------- testing Wed Jul 06 02:16:31 UTC 2022 /home/travis/build/icyphy/ptII/ptolemy/actor/lib/test/auto/Assert2.xml
----------------- Instantiating /home/travis/build/icyphy/ptII/ptolemy/actor/lib/test/auto/Assert2.xml
3 ms. Memory: 294912K Free: 95448K (32%)
----------------- Invoking toplevel() on ptolemy.moml.MoMLSimpleApplication@439ac1f5
----------------- Done invoking toplevel() on ptolemy.moml.MoMLSimpleApplication@439ac1f5
reloadAllAccessors: .Assert2

===========================================================================================
----------------- testing Wed Jul 06 02:16:31 UTC 2022 /home/travis/build/icyphy/ptII/ptolemy/actor/lib/test/auto/BooleanMultiplexor.xml
----------------- Instantiating /home/travis/build/icyphy/ptII/ptolemy/actor/lib/test/auto/BooleanMultiplexor.xml
2 ms. Memory: 294912K Free: 90314K (31%)
----------------- Invoking toplevel() on ptolemy.moml.MoMLSimpleApplication@671352d3
----------------- Done invoking toplevel() on ptolemy.moml.MoMLSimpleApplication@671352d3
reloadAllAccessors: .BooleanMultiplexor

===========================================================================================
----------------- testing Wed Jul 06 02:16:31 UTC 2022 /home/travis/build/icyphy/ptII/ptolemy/actor/lib/test/auto/BooleanMultiplexor2.xml
----------------- Instantiating /home/travis/build/icyphy/ptII/ptolemy/actor/lib/test/auto/BooleanMultiplexor2.xml
13 ms. Memory: 294912K Free: 83674K (28%)
----------------- Invoking toplevel() on ptolemy.moml.MoMLSimpleApplication@3e33e245
----------------- Done invoking toplevel() on ptolemy.moml.MoMLSimpleApplication@3e33e245
reloadAllAccessors: .BooleanMultiplexor2

===========================================================================================
----------------- testing Wed Jul 06 02:16:31 UTC 2022 /home/travis/build/icyphy/ptII/ptolemy/actor/lib/test/auto/BooleanMultiplexor3.xml
----------------- Instantiating /home/travis/build/icyphy/ptII/ptolemy/actor/lib/test/auto/BooleanMultiplexor3.xml
4 ms. Memory: 294912K Free: 80088K (27%)
----------------- Invoking toplevel() on ptolemy.moml.MoMLSimpleApplication@e64552f
----------------- Done invoking toplevel() on ptolemy.moml.MoMLSimpleApplication@e64552f
reloadAllAccessors: .BooleanMultiplexor3

===========================================================================================
----------------- testing Wed Jul 06 02:16:31 UTC 2022 /home/travis/build/icyphy/ptII/ptolemy/actor/lib/test/auto/BooleanSelect.xml
----------------- Instantiating /home/travis/build/icyphy/ptII/ptolemy/actor/lib/test/auto/BooleanSelect.xml
10 ms. Memory: 294912K Free: 73914K (25%)
----------------- Invoking toplevel() on ptolemy.moml.MoMLSimpleApplication@1475727
----------------- Done invoking toplevel() on ptolemy.moml.MoMLSimpleApplication@1475727
reloadAllAccessors: .BooleanSelect

===========================================================================================
----------------- testing Wed Jul 06 02:16:31 UTC 2022 /home/travis/build/icyphy/ptII/ptolemy/actor/lib/test/auto/BooleanSelect2.xml
----------------- Instantiating /home/travis/build/icyphy/ptII/ptolemy/actor/lib/test/auto/BooleanSelect2.xml
1 ms. Memory: 294912K Free: 244336K (83%)
----------------- Invoking toplevel() on ptolemy.moml.MoMLSimpleApplication@1c83b7a2
----------------- Done invoking toplevel() on ptolemy.moml.MoMLSimpleApplication@1c83b7a2
reloadAllAccessors: .BooleanSelect2

===========================================================================================
----------------- testing Wed Jul 06 02:16:31 UTC 2022 /home/travis/build/icyphy/ptII/ptolemy/actor/lib/test/auto/BooleanSwitch.xml
----------------- Instantiating /home/travis/build/icyphy/ptII/ptolemy/actor/lib/test/auto/BooleanSwitch.xml
7 ms. Memory: 294912K Free: 237696K (81%)
----------------- Invoking toplevel() on ptolemy.moml.MoMLSimpleApplication@233959f
----------------- Done invoking toplevel() on ptolemy.moml.MoMLSimpleApplication@233959f
reloadAllAccessors: .BooleanSwitch

===========================================================================================
----------------- testing Wed Jul 06 02:16:31 UTC 2022 /home/travis/build/icyphy/ptII/ptolemy/actor/lib/test/auto/BooleanSwitch2.xml
----------------- Instantiating /home/travis/build/icyphy/ptII/ptolemy/actor/lib/test/auto/BooleanSwitch2.xml
1 ms. Memory: 294912K Free: 233086K (79%)
----------------- Invoking toplevel() on ptolemy.moml.MoMLSimpleApplication@12acff74
----------------- Done invoking toplevel() on ptolemy.moml.MoMLSimpleApplication@12acff74
reloadAllAccessors: .BooleanSwitch2

===========================================================================================
----------------- testing Wed Jul 06 02:16:31 UTC 2022 /home/travis/build/icyphy/ptII/ptolemy/actor/lib/test/auto/BooleanSwitchCloningBugWithClassRelationGroup.xml
----------------- Instantiating /home/travis/build/icyphy/ptII/ptolemy/actor/lib/test/auto/BooleanSwitchCloningBugWithClassRelationGroup.xml
2 ms. Memory: 294912K Free: 226942K (77%)
----------------- Invoking toplevel() on ptolemy.moml.MoMLSimpleApplication@1398fe9d
----------------- Done invoking toplevel() on ptolemy.moml.MoMLSimpleApplication@1398fe9d
reloadAllAccessors: .BooleanSwitchCloningBugWithClassRelationGroup

===========================================================================================
----------------- testing Wed Jul 06 02:16:31 UTC 2022 /home/travis/build/icyphy/ptII/ptolemy/actor/lib/test/auto/BusActors.xml
----------------- Instantiating /home/travis/build/icyphy/ptII/ptolemy/actor/lib/test/auto/BusActors.xml
3 ms. Memory: 294912K Free: 218750K (74%)
----------------- Invoking toplevel() on ptolemy.moml.MoMLSimpleApplication@1be67da0
----------------- Done invoking toplevel() on ptolemy.moml.MoMLSimpleApplication@1be67da0
reloadAllAccessors: .BusActors

===========================================================================================
----------------- testing Wed Jul 06 02:16:31 UTC 2022 /home/travis/build/icyphy/ptII/ptolemy/actor/lib/test/auto/ClassWrapper.xml
----------------- Instantiating /home/travis/build/icyphy/ptII/ptolemy/actor/lib/test/auto/ClassWrapper.xml
3 ms. Memory: 294912K Free: 214654K (73%)
----------------- Invoking toplevel() on ptolemy.moml.MoMLSimpleApplication@585fdc71
----------------- Done invoking toplevel() on ptolemy.moml.MoMLSimpleApplication@585fdc71
reloadAllAccessors: .ClassWrapper

===========================================================================================
----------------- testing Wed Jul 06 02:16:31 UTC 2022 /home/travis/build/icyphy/ptII/ptolemy/actor/lib/test/auto/Clock.xml
----------------- Instantiating /home/travis/build/icyphy/ptII/ptolemy/actor/lib/test/auto/Clock.xml
1 ms. Memory: 294912K Free: 210555K (71%)
----------------- Invoking toplevel() on ptolemy.moml.MoMLSimpleApplication@534efb88
----------------- Done invoking toplevel() on ptolemy.moml.MoMLSimpleApplication@534efb88
reloadAllAccessors: .Clock

===========================================================================================
----------------- testing Wed Jul 06 02:16:31 UTC 2022 /home/travis/build/icyphy/ptII/ptolemy/actor/lib/test/auto/Clock10.xml
----------------- Instantiating /home/travis/build/icyphy/ptII/ptolemy/actor/lib/test/auto/Clock10.xml
2 ms. Memory: 294912K Free: 204928K (69%)
----------------- Invoking toplevel() on ptolemy.moml.MoMLSimpleApplication@7598b6a9
----------------- Done invoking toplevel() on ptolemy.moml.MoMLSimpleApplication@7598b6a9
reloadAllAccessors: .Clock10

===========================================================================================
----------------- testing Wed Jul 06 02:16:31 UTC 2022 /home/travis/build/icyphy/ptII/ptolemy/actor/lib/test/auto/Clock11.xml
----------------- Instantiating /home/travis/build/icyphy/ptII/ptolemy/actor/lib/test/auto/Clock11.xml
4 ms. Memory: 294912K Free: 198784K (67%)
----------------- Invoking toplevel() on ptolemy.moml.MoMLSimpleApplication@4cd740f8
----------------- Done invoking toplevel() on ptolemy.moml.MoMLSimpleApplication@4cd740f8
reloadAllAccessors: .Clock11

===========================================================================================
----------------- testing Wed Jul 06 02:16:31 UTC 2022 /home/travis/build/icyphy/ptII/ptolemy/actor/lib/test/auto/Clock12.xml
----------------- Instantiating /home/travis/build/icyphy/ptII/ptolemy/actor/lib/test/auto/Clock12.xml
4 ms. Memory: 294912K Free: 193150K (65%)
----------------- Invoking toplevel() on ptolemy.moml.MoMLSimpleApplication@4618e0ea
----------------- Done invoking toplevel() on ptolemy.moml.MoMLSimpleApplication@4618e0ea
reloadAllAccessors: .Clock12

===========================================================================================
----------------- testing Wed Jul 06 02:16:31 UTC 2022 /home/travis/build/icyphy/ptII/ptolemy/actor/lib/test/auto/Clock13.xml
----------------- Instantiating /home/travis/build/icyphy/ptII/ptolemy/actor/lib/test/auto/Clock13.xml
9 ms. Memory: 294912K Free: 186976K (63%)
----------------- Invoking toplevel() on ptolemy.moml.MoMLSimpleApplication@2aeb596
----------------- Done invoking toplevel() on ptolemy.moml.MoMLSimpleApplication@2aeb596
reloadAllAccessors: .Clock13

===========================================================================================
----------------- testing Wed Jul 06 02:16:31 UTC 2022 /home/travis/build/icyphy/ptII/ptolemy/actor/lib/test/auto/Clock14.xml
----------------- Instantiating /home/travis/build/icyphy/ptII/ptolemy/actor/lib/test/auto/Clock14.xml
1 ms. Memory: 294912K Free: 181376K (62%)
----------------- Invoking toplevel() on ptolemy.moml.MoMLSimpleApplication@2f812384
----------------- Done invoking toplevel() on ptolemy.moml.MoMLSimpleApplication@2f812384
reloadAllAccessors: .Clock14

===========================================================================================
----------------- testing Wed Jul 06 02:16:32 UTC 2022 /home/travis/build/icyphy/ptII/ptolemy/actor/lib/test/auto/Clock15.xml
----------------- Instantiating /home/travis/build/icyphy/ptII/ptolemy/actor/lib/test/auto/Clock15.xml
4 ms. Memory: 294912K Free: 175232K (59%)
----------------- Invoking toplevel() on ptolemy.moml.MoMLSimpleApplication@5f55d678
----------------- Done invoking toplevel() on ptolemy.moml.MoMLSimpleApplication@5f55d678
reloadAllAccessors: .Clock15

===========================================================================================
----------------- testing Wed Jul 06 02:16:32 UTC 2022 /home/travis/build/icyphy/ptII/ptolemy/actor/lib/test/auto/Clock16.xml
----------------- Instantiating /home/travis/build/icyphy/ptII/ptolemy/actor/lib/test/auto/Clock16.xml
27 ms. Memory: 294912K Free: 160376K (54%)
----------------- Invoking toplevel() on ptolemy.moml.MoMLSimpleApplication@5fc5b017
----------------- Done invoking toplevel() on ptolemy.moml.MoMLSimpleApplication@5fc5b017
reloadAllAccessors: .Clock16

===========================================================================================
----------------- testing Wed Jul 06 02:16:32 UTC 2022 /home/travis/build/icyphy/ptII/ptolemy/actor/lib/test/auto/Clock17.xml
----------------- Instantiating /home/travis/build/icyphy/ptII/ptolemy/actor/lib/test/auto/Clock17.xml
15 ms. Memory: 294912K Free: 146560K (50%)
----------------- Invoking toplevel() on ptolemy.moml.MoMLSimpleApplication@433de10c
----------------- Done invoking toplevel() on ptolemy.moml.MoMLSimpleApplication@433de10c
reloadAllAccessors: .Clock17

===========================================================================================
----------------- testing Wed Jul 06 02:16:32 UTC 2022 /home/travis/build/icyphy/ptII/ptolemy/actor/lib/test/auto/Clock18.xml
----------------- Instantiating /home/travis/build/icyphy/ptII/ptolemy/actor/lib/test/auto/Clock18.xml
18 ms. Memory: 294912K Free: 132720K (45%)
----------------- Invoking toplevel() on ptolemy.moml.MoMLSimpleApplication@3286f287
----------------- Done invoking toplevel() on ptolemy.moml.MoMLSimpleApplication@3286f287
reloadAllAccessors: .Clock18

===========================================================================================
----------------- testing Wed Jul 06 02:16:32 UTC 2022 /home/travis/build/icyphy/ptII/ptolemy/actor/lib/test/auto/Clock19.xml
----------------- Instantiating /home/travis/build/icyphy/ptII/ptolemy/actor/lib/test/auto/Clock19.xml
12 ms. Memory: 294912K Free: 119936K (41%)
----------------- Invoking toplevel() on ptolemy.moml.MoMLSimpleApplication@1d7e000a
----------------- Done invoking toplevel() on ptolemy.moml.MoMLSimpleApplication@1d7e000a
reloadAllAccessors: .Clock19

===========================================================================================
----------------- testing Wed Jul 06 02:16:32 UTC 2022 /home/travis/build/icyphy/ptII/ptolemy/actor/lib/test/auto/Clock2.xml
----------------- Instantiating /home/travis/build/icyphy/ptII/ptolemy/actor/lib/test/auto/Clock2.xml
4 ms. Memory: 294912K Free: 115312K (39%)
----------------- Invoking toplevel() on ptolemy.moml.MoMLSimpleApplication@40a92653
----------------- Done invoking toplevel() on ptolemy.moml.MoMLSimpleApplication@40a92653
reloadAllAccessors: .Clock2

===========================================================================================
----------------- testing Wed Jul 06 02:16:32 UTC 2022 /home/travis/build/icyphy/ptII/ptolemy/actor/lib/test/auto/Clock20.xml
----------------- Instantiating /home/travis/build/icyphy/ptII/ptolemy/actor/lib/test/auto/Clock20.xml
7 ms. Memory: 294912K Free: 110206K (37%)
----------------- Invoking toplevel() on ptolemy.moml.MoMLSimpleApplication@43bdc08b
----------------- Done invoking toplevel() on ptolemy.moml.MoMLSimpleApplication@43bdc08b
reloadAllAccessors: .Clock20

===========================================================================================
----------------- testing Wed Jul 06 02:16:32 UTC 2022 /home/travis/build/icyphy/ptII/ptolemy/actor/lib/test/auto/Clock21.xml
----------------- Instantiating /home/travis/build/icyphy/ptII/ptolemy/actor/lib/test/auto/Clock21.xml
4 ms. Memory: 294912K Free: 104576K (35%)
----------------- Invoking toplevel() on ptolemy.moml.MoMLSimpleApplication@d7a4169
----------------- Done invoking toplevel() on ptolemy.moml.MoMLSimpleApplication@d7a4169
reloadAllAccessors: .Clock21

===========================================================================================
----------------- testing Wed Jul 06 02:16:32 UTC 2022 /home/travis/build/icyphy/ptII/ptolemy/actor/lib/test/auto/Clock22.xml
----------------- Instantiating /home/travis/build/icyphy/ptII/ptolemy/actor/lib/test/auto/Clock22.xml
3 ms. Memory: 294912K Free: 98942K (34%)
----------------- Invoking toplevel() on ptolemy.moml.MoMLSimpleApplication@121651b9
----------------- Done invoking toplevel() on ptolemy.moml.MoMLSimpleApplication@121651b9
reloadAllAccessors: .Clock22

===========================================================================================
----------------- testing Wed Jul 06 02:16:32 UTC 2022 /home/travis/build/icyphy/ptII/ptolemy/actor/lib/test/auto/Clock23.xml
----------------- Instantiating /home/travis/build/icyphy/ptII/ptolemy/actor/lib/test/auto/Clock23.xml
7 ms. Memory: 294912K Free: 93822K (32%)
----------------- Invoking toplevel() on ptolemy.moml.MoMLSimpleApplication@138ac3bd
----------------- Done invoking toplevel() on ptolemy.moml.MoMLSimpleApplication@138ac3bd
reloadAllAccessors: .Clock23

===========================================================================================
----------------- testing Wed Jul 06 02:16:32 UTC 2022 /home/travis/build/icyphy/ptII/ptolemy/actor/lib/test/auto/Clock24.xml
----------------- Instantiating /home/travis/build/icyphy/ptII/ptolemy/actor/lib/test/auto/Clock24.xml
3 ms. Memory: 294912K Free: 88192K (30%)
----------------- Invoking toplevel() on ptolemy.moml.MoMLSimpleApplication@574ba3c3
----------------- Done invoking toplevel() on ptolemy.moml.MoMLSimpleApplication@574ba3c3
reloadAllAccessors: .Clock24

===========================================================================================
----------------- testing Wed Jul 06 02:16:32 UTC 2022 /home/travis/build/icyphy/ptII/ptolemy/actor/lib/test/auto/Clock4.xml
----------------- Instantiating /home/travis/build/icyphy/ptII/ptolemy/actor/lib/test/auto/Clock4.xml
1 ms. Memory: 294912K Free: 83576K (28%)
----------------- Invoking toplevel() on ptolemy.moml.MoMLSimpleApplication@3b6f15e5
----------------- Done invoking toplevel() on ptolemy.moml.MoMLSimpleApplication@3b6f15e5
reloadAllAccessors: .Clock4

===========================================================================================
----------------- testing Wed Jul 06 02:16:32 UTC 2022 /home/travis/build/icyphy/ptII/ptolemy/actor/lib/test/auto/Clock5.xml
----------------- Instantiating /home/travis/build/icyphy/ptII/ptolemy/actor/lib/test/auto/Clock5.xml
2 ms. Memory: 294912K Free: 77952K (26%)
----------------- Invoking toplevel() on ptolemy.moml.MoMLSimpleApplication@2b5aec2f
----------------- Done invoking toplevel() on ptolemy.moml.MoMLSimpleApplication@2b5aec2f
reloadAllAccessors: .Clock5

===========================================================================================
----------------- testing Wed Jul 06 02:16:32 UTC 2022 /home/travis/build/icyphy/ptII/ptolemy/actor/lib/test/auto/Clock6.xml
----------------- Instantiating /home/travis/build/icyphy/ptII/ptolemy/actor/lib/test/auto/Clock6.xml
2 ms. Memory: 294912K Free: 73856K (25%)
----------------- Invoking toplevel() on ptolemy.moml.MoMLSimpleApplication@1ba010e0
----------------- Done invoking toplevel() on ptolemy.moml.MoMLSimpleApplication@1ba010e0
reloadAllAccessors: .Clock6

===========================================================================================
----------------- testing Wed Jul 06 02:16:32 UTC 2022 /home/travis/build/icyphy/ptII/ptolemy/actor/lib/test/auto/Clock7.xml
----------------- Instantiating /home/travis/build/icyphy/ptII/ptolemy/actor/lib/test/auto/Clock7.xml
2 ms. Memory: 294912K Free: 243768K (83%)
----------------- Invoking toplevel() on ptolemy.moml.MoMLSimpleApplication@28f947eb
----------------- Done invoking toplevel() on ptolemy.moml.MoMLSimpleApplication@28f947eb
reloadAllAccessors: .Clock7

===========================================================================================
----------------- testing Wed Jul 06 02:16:32 UTC 2022 /home/travis/build/icyphy/ptII/ptolemy/actor/lib/test/auto/Clock8.xml
----------------- Instantiating /home/travis/build/icyphy/ptII/ptolemy/actor/lib/test/auto/Clock8.xml
5 ms. Memory: 294912K Free: 238138K (81%)
----------------- Invoking toplevel() on ptolemy.moml.MoMLSimpleApplication@6f9a3590
----------------- Done invoking toplevel() on ptolemy.moml.MoMLSimpleApplication@6f9a3590
reloadAllAccessors: .Clock8

===========================================================================================
----------------- testing Wed Jul 06 02:16:32 UTC 2022 /home/travis/build/icyphy/ptII/ptolemy/actor/lib/test/auto/Clock9.xml
----------------- Instantiating /home/travis/build/icyphy/ptII/ptolemy/actor/lib/test/auto/Clock9.xml
2 ms. Memory: 294912K Free: 232474K (79%)
----------------- Invoking toplevel() on ptolemy.moml.MoMLSimpleApplication@5ebe6c19
----------------- Done invoking toplevel() on ptolemy.moml.MoMLSimpleApplication@5ebe6c19
reloadAllAccessors: .Clock9

===========================================================================================
----------------- testing Wed Jul 06 02:16:32 UTC 2022 /home/travis/build/icyphy/ptII/ptolemy/actor/lib/test/auto/CommDistDiscard.xml
----------------- Instantiating /home/travis/build/icyphy/ptII/ptolemy/actor/lib/test/auto/CommDistDiscard.xml
2 ms. Memory: 294912K Free: 227384K (77%)
----------------- Invoking toplevel() on ptolemy.moml.MoMLSimpleApplication@d6e5c6b
----------------- Done invoking toplevel() on ptolemy.moml.MoMLSimpleApplication@d6e5c6b
reloadAllAccessors: .CommDistDiscard

===========================================================================================
----------------- testing Wed Jul 06 02:16:32 UTC 2022 /home/travis/build/icyphy/ptII/ptolemy/actor/lib/test/auto/Commutator.xml
----------------- Instantiating /home/travis/build/icyphy/ptII/ptolemy/actor/lib/test/auto/Commutator.xml
2 ms. Memory: 294912K Free: 222778K (76%)
----------------- Invoking toplevel() on ptolemy.moml.MoMLSimpleApplication@18a99697
----------------- Done invoking toplevel() on ptolemy.moml.MoMLSimpleApplication@18a99697
reloadAllAccessors: .Commutator

===========================================================================================
----------------- testing Wed Jul 06 02:16:32 UTC 2022 /home/travis/build/icyphy/ptII/ptolemy/actor/lib/test/auto/Commutator2.xml
----------------- Instantiating /home/travis/build/icyphy/ptII/ptolemy/actor/lib/test/auto/Commutator2.xml
1 ms. Memory: 294912K Free: 218168K (74%)
----------------- Invoking toplevel() on ptolemy.moml.MoMLSimpleApplication@16baa8a2
----------------- Done invoking toplevel() on ptolemy.moml.MoMLSimpleApplication@16baa8a2
reloadAllAccessors: .Commutator2

===========================================================================================
----------------- testing Wed Jul 06 02:16:32 UTC 2022 /home/travis/build/icyphy/ptII/ptolemy/actor/lib/test/auto/Commutator3.xml
----------------- Instantiating /home/travis/build/icyphy/ptII/ptolemy/actor/lib/test/auto/Commutator3.xml
1 ms. Memory: 294912K Free: 214072K (73%)
----------------- Invoking toplevel() on ptolemy.moml.MoMLSimpleApplication@63b452a5
----------------- Done invoking toplevel() on ptolemy.moml.MoMLSimpleApplication@63b452a5
reloadAllAccessors: .Commutator3

===========================================================================================
----------------- testing Wed Jul 06 02:16:32 UTC 2022 /home/travis/build/icyphy/ptII/ptolemy/actor/lib/test/auto/Compare.xml
----------------- Instantiating /home/travis/build/icyphy/ptII/ptolemy/actor/lib/test/auto/Compare.xml
2 ms. Memory: 294912K Free: 207418K (70%)
----------------- Invoking toplevel() on ptolemy.moml.MoMLSimpleApplication@201af28f
----------------- Done invoking toplevel() on ptolemy.moml.MoMLSimpleApplication@201af28f
reloadAllAccessors: .Compare

===========================================================================================
----------------- testing Wed Jul 06 02:16:32 UTC 2022 /home/travis/build/icyphy/ptII/ptolemy/actor/lib/test/auto/CompareDE.xml
----------------- Instantiating /home/travis/build/icyphy/ptII/ptolemy/actor/lib/test/auto/CompareDE.xml
3 ms. Memory: 294912K Free: 200746K (68%)
----------------- Invoking toplevel() on ptolemy.moml.MoMLSimpleApplication@113f8939
----------------- Done invoking toplevel() on ptolemy.moml.MoMLSimpleApplication@113f8939
reloadAllAccessors: .CompareDE

===========================================================================================
----------------- testing Wed Jul 06 02:16:32 UTC 2022 /home/travis/build/icyphy/ptII/ptolemy/actor/lib/test/auto/ComplexDivide.xml
----------------- Instantiating /home/travis/build/icyphy/ptII/ptolemy/actor/lib/test/auto/ComplexDivide.xml
9 ms. Memory: 294912K Free: 196664K (67%)
----------------- Invoking toplevel() on ptolemy.moml.MoMLSimpleApplication@6aaa2ee
----------------- Done invoking toplevel() on ptolemy.moml.MoMLSimpleApplication@6aaa2ee
reloadAllAccessors: .ComplexDivide

===========================================================================================
----------------- testing Wed Jul 06 02:16:32 UTC 2022 /home/travis/build/icyphy/ptII/ptolemy/actor/lib/test/auto/ComputeHistogram.xml
----------------- Instantiating /home/travis/build/icyphy/ptII/ptolemy/actor/lib/test/auto/ComputeHistogram.xml
32 ms. Memory: 294912K Free: 183866K (62%)
----------------- Invoking toplevel() on ptolemy.moml.MoMLSimpleApplication@605d93c9
----------------- Done invoking toplevel() on ptolemy.moml.MoMLSimpleApplication@605d93c9
reloadAllAccessors: .ComputeHistogram

===========================================================================================
----------------- testing Wed Jul 06 02:16:32 UTC 2022 /home/travis/build/icyphy/ptII/ptolemy/actor/lib/test/auto/ConfigurationSelect.xml
----------------- Instantiating /home/travis/build/icyphy/ptII/ptolemy/actor/lib/test/auto/ConfigurationSelect.xml
2 ms. Memory: 294912K Free: 178746K (61%)
----------------- Invoking toplevel() on ptolemy.moml.MoMLSimpleApplication@2f595571
----------------- Done invoking toplevel() on ptolemy.moml.MoMLSimpleApplication@2f595571
reloadAllAccessors: .ConfigurationSelect

===========================================================================================
----------------- testing Wed Jul 06 02:16:32 UTC 2022 /home/travis/build/icyphy/ptII/ptolemy/actor/lib/test/auto/ConfigurationSelect2.xml
----------------- Instantiating /home/travis/build/icyphy/ptII/ptolemy/actor/lib/test/auto/ConfigurationSelect2.xml
2 ms. Memory: 294912K Free: 174136K (59%)
----------------- Invoking toplevel() on ptolemy.moml.MoMLSimpleApplication@662d7f6e
----------------- Done invoking toplevel() on ptolemy.moml.MoMLSimpleApplication@662d7f6e
reloadAllAccessors: .ConfigurationSelect2

===========================================================================================
----------------- testing Wed Jul 06 02:16:32 UTC 2022 /home/travis/build/icyphy/ptII/ptolemy/actor/lib/test/auto/ConfigurationSwitch.xml
----------------- Instantiating /home/travis/build/icyphy/ptII/ptolemy/actor/lib/test/auto/ConfigurationSwitch.xml
11 ms. Memory: 294912K Free: 169016K (57%)
----------------- Invoking toplevel() on ptolemy.moml.MoMLSimpleApplication@711047c9
----------------- Done invoking toplevel() on ptolemy.moml.MoMLSimpleApplication@711047c9
reloadAllAccessors: .ConfigurationSwitch

===========================================================================================
----------------- testing Wed Jul 06 02:16:32 UTC 2022 /home/travis/build/icyphy/ptII/ptolemy/actor/lib/test/auto/ConfigurationSwitch2.xml
----------------- Instantiating /home/travis/build/icyphy/ptII/ptolemy/actor/lib/test/auto/ConfigurationSwitch2.xml
3 ms. Memory: 294912K Free: 163386K (55%)
----------------- Invoking toplevel() on ptolemy.moml.MoMLSimpleApplication@73b40d22
----------------- Done invoking toplevel() on ptolemy.moml.MoMLSimpleApplication@73b40d22
reloadAllAccessors: .ConfigurationSwitch2

===========================================================================================
----------------- testing Wed Jul 06 02:16:32 UTC 2022 /home/travis/build/icyphy/ptII/ptolemy/actor/lib/test/auto/ConfigurationSwitchCloningBugWithClassRelationGroup.xml
----------------- Instantiating /home/travis/build/icyphy/ptII/ptolemy/actor/lib/test/auto/ConfigurationSwitchCloningBugWithClassRelationGroup.xml
2 ms. Memory: 294912K Free: 156218K (53%)
----------------- Invoking toplevel() on ptolemy.moml.MoMLSimpleApplication@7f9501a5
----------------- Done invoking toplevel() on ptolemy.moml.MoMLSimpleApplication@7f9501a5
reloadAllAccessors: .ConfigurationSwitchCloningBugWithClassRelationGroup

===========================================================================================
----------------- testing Wed Jul 06 02:16:32 UTC 2022 /home/travis/build/icyphy/ptII/ptolemy/actor/lib/test/auto/ConfigurationSwitchSelectSDF.xml
----------------- Instantiating /home/travis/build/icyphy/ptII/ptolemy/actor/lib/test/auto/ConfigurationSwitchSelectSDF.xml
2 ms. Memory: 294912K Free: 150584K (51%)
----------------- Invoking toplevel() on ptolemy.moml.MoMLSimpleApplication@12d40689
----------------- Done invoking toplevel() on ptolemy.moml.MoMLSimpleApplication@12d40689
reloadAllAccessors: .ConfigurationSwitchSelectSDF

===========================================================================================
----------------- testing Wed Jul 06 02:16:32 UTC 2022 /home/travis/build/icyphy/ptII/ptolemy/actor/lib/test/auto/ConfigurationSwitchSelectSDF2.xml
----------------- Instantiating /home/travis/build/icyphy/ptII/ptolemy/actor/lib/test/auto/ConfigurationSwitchSelectSDF2.xml
3 ms. Memory: 294912K Free: 144440K (49%)
----------------- Invoking toplevel() on ptolemy.moml.MoMLSimpleApplication@45924698
----------------- Done invoking toplevel() on ptolemy.moml.MoMLSimpleApplication@45924698
reloadAllAccessors: .ConfigurationSwitchSelectSDF2

===========================================================================================
----------------- testing Wed Jul 06 02:16:32 UTC 2022 /home/travis/build/icyphy/ptII/ptolemy/actor/lib/test/auto/Const.xml
----------------- Instantiating /home/travis/build/icyphy/ptII/ptolemy/actor/lib/test/auto/Const.xml
2 ms. Memory: 294912K Free: 140858K (48%)
----------------- Invoking toplevel() on ptolemy.moml.MoMLSimpleApplication@5c614648
----------------- Done invoking toplevel() on ptolemy.moml.MoMLSimpleApplication@5c614648
reloadAllAccessors: .Const

===========================================================================================
----------------- testing Wed Jul 06 02:16:32 UTC 2022 /home/travis/build/icyphy/ptII/ptolemy/actor/lib/test/auto/Const2.xml
----------------- Instantiating /home/travis/build/icyphy/ptII/ptolemy/actor/lib/test/auto/Const2.xml
1 ms. Memory: 294912K Free: 137272K (47%)
----------------- Invoking toplevel() on ptolemy.moml.MoMLSimpleApplication@ca80f21
----------------- Done invoking toplevel() on ptolemy.moml.MoMLSimpleApplication@ca80f21
reloadAllAccessors: .Const2

===========================================================================================
----------------- testing Wed Jul 06 02:16:32 UTC 2022 /home/travis/build/icyphy/ptII/ptolemy/actor/lib/test/auto/Const3.xml
----------------- Instantiating /home/travis/build/icyphy/ptII/ptolemy/actor/lib/test/auto/Const3.xml
1 ms. Memory: 294912K Free: 134200K (46%)
----------------- Invoking toplevel() on ptolemy.moml.MoMLSimpleApplication@7f77865f
----------------- Done invoking toplevel() on ptolemy.moml.MoMLSimpleApplication@7f77865f
reloadAllAccessors: .Const3

===========================================================================================
----------------- testing Wed Jul 06 02:16:32 UTC 2022 /home/travis/build/icyphy/ptII/ptolemy/actor/lib/test/auto/ConstantPublisherPort1.xml
----------------- Instantiating /home/travis/build/icyphy/ptII/ptolemy/actor/lib/test/auto/ConstantPublisherPort1.xml
4 ms. Memory: 294912K Free: 124984K (42%)
----------------- Invoking toplevel() on ptolemy.moml.MoMLSimpleApplication@67d60254
----------------- Done invoking toplevel() on ptolemy.moml.MoMLSimpleApplication@67d60254
reloadAllAccessors: .ConstantPublisherPort1

===========================================================================================
----------------- testing Wed Jul 06 02:16:32 UTC 2022 /home/travis/build/icyphy/ptII/ptolemy/actor/lib/test/auto/ConstantPublisherPort2.xml
----------------- Instantiating /home/travis/build/icyphy/ptII/ptolemy/actor/lib/test/auto/ConstantPublisherPort2.xml
9 ms. Memory: 294912K Free: 117816K (40%)
----------------- Invoking toplevel() on ptolemy.moml.MoMLSimpleApplication@6dfab238
----------------- Done invoking toplevel() on ptolemy.moml.MoMLSimpleApplication@6dfab238
reloadAllAccessors: .ConstantPublisherPort2

===========================================================================================
----------------- testing Wed Jul 06 02:16:32 UTC 2022 /home/travis/build/icyphy/ptII/ptolemy/actor/lib/test/auto/ConstantPublisherPort3.xml
----------------- Instantiating /home/travis/build/icyphy/ptII/ptolemy/actor/lib/test/auto/ConstantPublisherPort3.xml
5 ms. Memory: 294912K Free: 110138K (37%)
----------------- Invoking toplevel() on ptolemy.moml.MoMLSimpleApplication@3bca4b63
----------------- Done invoking toplevel() on ptolemy.moml.MoMLSimpleApplication@3bca4b63
reloadAllAccessors: .ConstantPublisherPort3

===========================================================================================
----------------- testing Wed Jul 06 02:16:32 UTC 2022 /home/travis/build/icyphy/ptII/ptolemy/actor/lib/test/auto/ConstantPublisherPort4.xml
----------------- Instantiating /home/travis/build/icyphy/ptII/ptolemy/actor/lib/test/auto/ConstantPublisherPort4.xml
2 ms. Memory: 294912K Free: 102970K (35%)
----------------- Invoking toplevel() on ptolemy.moml.MoMLSimpleApplication@1e912323
----------------- Done invoking toplevel() on ptolemy.moml.MoMLSimpleApplication@1e912323
reloadAllAccessors: .ConstantPublisherPort4

===========================================================================================
----------------- testing Wed Jul 06 02:16:32 UTC 2022 /home/travis/build/icyphy/ptII/ptolemy/actor/lib/test/auto/ConstantPublisherPort5.xml
----------------- Instantiating /home/travis/build/icyphy/ptII/ptolemy/actor/lib/test/auto/ConstantPublisherPort5.xml
25 ms. Memory: 294912K Free: 93754K (32%)
----------------- Invoking toplevel() on ptolemy.moml.MoMLSimpleApplication@74ac3bcb
----------------- Done invoking toplevel() on ptolemy.moml.MoMLSimpleApplication@74ac3bcb
reloadAllAccessors: .ConstantPublisherPort5

===========================================================================================
----------------- testing Wed Jul 06 02:16:32 UTC 2022 /home/travis/build/icyphy/ptII/ptolemy/actor/lib/test/auto/ConstantPublisherPort6.xml
----------------- Instantiating /home/travis/build/icyphy/ptII/ptolemy/actor/lib/test/auto/ConstantPublisherPort6.xml
13 ms. Memory: 294912K Free: 84538K (29%)
----------------- Invoking toplevel() on ptolemy.moml.MoMLSimpleApplication@24422963
----------------- Done invoking toplevel() on ptolemy.moml.MoMLSimpleApplication@24422963
reloadAllAccessors: .ConstantPublisherPort6

===========================================================================================
----------------- testing Wed Jul 06 02:16:32 UTC 2022 /home/travis/build/icyphy/ptII/ptolemy/actor/lib/test/auto/ConstantPublisherPort7.xml
----------------- Instantiating /home/travis/build/icyphy/ptII/ptolemy/actor/lib/test/auto/ConstantPublisherPort7.xml
17 ms. Memory: 294912K Free: 75322K (26%)
----------------- Invoking toplevel() on ptolemy.moml.MoMLSimpleApplication@2a0013f3
----------------- Done invoking toplevel() on ptolemy.moml.MoMLSimpleApplication@2a0013f3
reloadAllAccessors: .ConstantPublisherPort7

===========================================================================================
----------------- testing Wed Jul 06 02:16:33 UTC 2022 /home/travis/build/icyphy/ptII/ptolemy/actor/lib/test/auto/ConstraintMonitor1.xml
----------------- Instantiating /home/travis/build/icyphy/ptII/ptolemy/actor/lib/test/auto/ConstraintMonitor1.xml
2 ms. Memory: 294912K Free: 243588K (83%)
----------------- Invoking toplevel() on ptolemy.moml.MoMLSimpleApplication@7178e5d5
----------------- Done invoking toplevel() on ptolemy.moml.MoMLSimpleApplication@7178e5d5
reloadAllAccessors: .ConstraintMonitor1

===========================================================================================
----------------- testing Wed Jul 06 02:16:33 UTC 2022 /home/travis/build/icyphy/ptII/ptolemy/actor/lib/test/auto/ConstraintMonitor2.xml
----------------- Instantiating /home/travis/build/icyphy/ptII/ptolemy/actor/lib/test/auto/ConstraintMonitor2.xml
4 ms. Memory: 294912K Free: 238468K (81%)
----------------- Invoking toplevel() on ptolemy.moml.MoMLSimpleApplication@1f147c47
----------------- Done invoking toplevel() on ptolemy.moml.MoMLSimpleApplication@1f147c47
reloadAllAccessors: .ConstraintMonitor2

===========================================================================================
----------------- testing Wed Jul 06 02:16:33 UTC 2022 /home/travis/build/icyphy/ptII/ptolemy/actor/lib/test/auto/ConstraintMonitor3.xml
----------------- Instantiating /home/travis/build/icyphy/ptII/ptolemy/actor/lib/test/auto/ConstraintMonitor3.xml
1 ms. Memory: 294912K Free: 233862K (79%)
----------------- Invoking toplevel() on ptolemy.moml.MoMLSimpleApplication@10a6552f
----------------- Done invoking toplevel() on ptolemy.moml.MoMLSimpleApplication@10a6552f
reloadAllAccessors: .ConstraintMonitor3

===========================================================================================
----------------- testing Wed Jul 06 02:16:33 UTC 2022 /home/travis/build/icyphy/ptII/ptolemy/actor/lib/test/auto/ConstraintMonitor4.xml
----------------- Instantiating /home/travis/build/icyphy/ptII/ptolemy/actor/lib/test/auto/ConstraintMonitor4.xml
7 ms. Memory: 294912K Free: 229252K (78%)
----------------- Invoking toplevel() on ptolemy.moml.MoMLSimpleApplication@19f17bcc
----------------- Done invoking toplevel() on ptolemy.moml.MoMLSimpleApplication@19f17bcc
reloadAllAccessors: .ConstraintMonitor4

===========================================================================================
----------------- testing Wed Jul 06 02:16:33 UTC 2022 /home/travis/build/icyphy/ptII/ptolemy/actor/lib/test/auto/ConstraintMonitor5.xml
----------------- Instantiating /home/travis/build/icyphy/ptII/ptolemy/actor/lib/test/auto/ConstraintMonitor5.xml
2 ms. Memory: 294912K Free: 224102K (76%)
----------------- Invoking toplevel() on ptolemy.moml.MoMLSimpleApplication@7c120566
----------------- Done invoking toplevel() on ptolemy.moml.MoMLSimpleApplication@7c120566
reloadAllAccessors: .ConstraintMonitor5

===========================================================================================
----------------- testing Wed Jul 06 02:16:33 UTC 2022 /home/travis/build/icyphy/ptII/ptolemy/actor/lib/test/auto/ConstraintMonitor6.xml
----------------- Instantiating /home/travis/build/icyphy/ptII/ptolemy/actor/lib/test/auto/ConstraintMonitor6.xml
6 ms. Memory: 294912K Free: 217958K (74%)
----------------- Invoking toplevel() on ptolemy.moml.MoMLSimpleApplication@7f91f9b6
----------------- Done invoking toplevel() on ptolemy.moml.MoMLSimpleApplication@7f91f9b6
reloadAllAccessors: .ConstraintMonitor6

===========================================================================================
----------------- testing Wed Jul 06 02:16:33 UTC 2022 /home/travis/build/icyphy/ptII/ptolemy/actor/lib/test/auto/ConstraintMonitor7.xml
----------------- Instantiating /home/travis/build/icyphy/ptII/ptolemy/actor/lib/test/auto/ConstraintMonitor7.xml
3 ms. Memory: 294912K Free: 212358K (72%)
----------------- Invoking toplevel() on ptolemy.moml.MoMLSimpleApplication@31d1d819
----------------- Done invoking toplevel() on ptolemy.moml.MoMLSimpleApplication@31d1d819
reloadAllAccessors: .ConstraintMonitor7

===========================================================================================
----------------- testing Wed Jul 06 02:16:33 UTC 2022 /home/travis/build/icyphy/ptII/ptolemy/actor/lib/test/auto/ConstraintMonitor8.xml
----------------- Instantiating /home/travis/build/icyphy/ptII/ptolemy/actor/lib/test/auto/ConstraintMonitor8.xml
4 ms. Memory: 294912K Free: 204676K (69%)
----------------- Invoking toplevel() on ptolemy.moml.MoMLSimpleApplication@5ca5528
----------------- Done invoking toplevel() on ptolemy.moml.MoMLSimpleApplication@5ca5528
reloadAllAccessors: .ConstraintMonitor8

===========================================================================================
----------------- testing Wed Jul 06 02:16:33 UTC 2022 /home/travis/build/icyphy/ptII/ptolemy/actor/lib/test/auto/Counter.xml
----------------- Instantiating /home/travis/build/icyphy/ptII/ptolemy/actor/lib/test/auto/Counter.xml
3 ms. Memory: 294912K Free: 199556K (68%)
----------------- Invoking toplevel() on ptolemy.moml.MoMLSimpleApplication@6ab5c929
----------------- Done invoking toplevel() on ptolemy.moml.MoMLSimpleApplication@6ab5c929
reloadAllAccessors: .Counter

===========================================================================================
----------------- testing Wed Jul 06 02:16:33 UTC 2022 /home/travis/build/icyphy/ptII/ptolemy/actor/lib/test/auto/CurrentTimeSDF.xml
----------------- Instantiating /home/travis/build/icyphy/ptII/ptolemy/actor/lib/test/auto/CurrentTimeSDF.xml
1 ms. Memory: 294912K Free: 195974K (66%)
----------------- Invoking toplevel() on ptolemy.moml.MoMLSimpleApplication@612434c4
----------------- Done invoking toplevel() on ptolemy.moml.MoMLSimpleApplication@612434c4
reloadAllAccessors: .CurrentTimeSDF

===========================================================================================
----------------- testing Wed Jul 06 02:16:33 UTC 2022 /home/travis/build/icyphy/ptII/ptolemy/actor/lib/test/auto/DB.xml
----------------- Instantiating /home/travis/build/icyphy/ptII/ptolemy/actor/lib/test/auto/DB.xml
2 ms. Memory: 294912K Free: 190854K (65%)
----------------- Invoking toplevel() on ptolemy.moml.MoMLSimpleApplication@48ff2330
----------------- Done invoking toplevel() on ptolemy.moml.MoMLSimpleApplication@48ff2330
reloadAllAccessors: .DB

===========================================================================================
----------------- testing Wed Jul 06 02:16:33 UTC 2022 /home/travis/build/icyphy/ptII/ptolemy/actor/lib/test/auto/DBDE.xml
----------------- Instantiating /home/travis/build/icyphy/ptII/ptolemy/actor/lib/test/auto/DBDE.xml
2 ms. Memory: 294912K Free: 184710K (63%)
----------------- Invoking toplevel() on ptolemy.moml.MoMLSimpleApplication@4a855141
----------------- Done invoking toplevel() on ptolemy.moml.MoMLSimpleApplication@4a855141
reloadAllAccessors: .DBDE

===========================================================================================
----------------- testing Wed Jul 06 02:16:33 UTC 2022 /home/travis/build/icyphy/ptII/ptolemy/actor/lib/test/auto/DateConstructor.xml
----------------- Instantiating /home/travis/build/icyphy/ptII/ptolemy/actor/lib/test/auto/DateConstructor.xml
42 ms. Memory: 294912K Free: 167302K (57%)
----------------- Invoking toplevel() on ptolemy.moml.MoMLSimpleApplication@e7248b9
----------------- Done invoking toplevel() on ptolemy.moml.MoMLSimpleApplication@e7248b9
reloadAllAccessors: .DateConstructor

===========================================================================================
----------------- testing Wed Jul 06 02:16:33 UTC 2022 /home/travis/build/icyphy/ptII/ptolemy/actor/lib/test/auto/DelayTime.xml
----------------- Instantiating /home/travis/build/icyphy/ptII/ptolemy/actor/lib/test/auto/DelayTime.xml
3 ms. Memory: 294912K Free: 162182K (55%)
----------------- Invoking toplevel() on ptolemy.moml.MoMLSimpleApplication@5a617bcf
----------------- Done invoking toplevel() on ptolemy.moml.MoMLSimpleApplication@5a617bcf
reloadAllAccessors: .DelayTime

===========================================================================================
----------------- testing Wed Jul 06 02:16:33 UTC 2022 /home/travis/build/icyphy/ptII/ptolemy/actor/lib/test/auto/Dictionary1.xml
----------------- Instantiating /home/travis/build/icyphy/ptII/ptolemy/actor/lib/test/auto/Dictionary1.xml
1 ms. Memory: 294912K Free: 156548K (53%)
----------------- Invoking toplevel() on ptolemy.moml.MoMLSimpleApplication@50e400e9
----------------- Done invoking toplevel() on ptolemy.moml.MoMLSimpleApplication@50e400e9
reloadAllAccessors: .Dictionary1

===========================================================================================
----------------- testing Wed Jul 06 02:16:33 UTC 2022 /home/travis/build/icyphy/ptII/ptolemy/actor/lib/test/auto/Dictionary2.xml
----------------- Instantiating /home/travis/build/icyphy/ptII/ptolemy/actor/lib/test/auto/Dictionary2.xml
4 ms. Memory: 294912K Free: 151428K (51%)
----------------- Invoking toplevel() on ptolemy.moml.MoMLSimpleApplication@67e4d16e
----------------- Done invoking toplevel() on ptolemy.moml.MoMLSimpleApplication@67e4d16e
reloadAllAccessors: .Dictionary2

===========================================================================================
----------------- testing Wed Jul 06 02:16:33 UTC 2022 /home/travis/build/icyphy/ptII/ptolemy/actor/lib/test/auto/Dictionary3.xml
----------------- Instantiating /home/travis/build/icyphy/ptII/ptolemy/actor/lib/test/auto/Dictionary3.xml
1 ms. Memory: 294912K Free: 145798K (49%)
----------------- Invoking toplevel() on ptolemy.moml.MoMLSimpleApplication@6bde75b9
----------------- Done invoking toplevel() on ptolemy.moml.MoMLSimpleApplication@6bde75b9
reloadAllAccessors: .Dictionary3

===========================================================================================
----------------- testing Wed Jul 06 02:16:33 UTC 2022 /home/travis/build/icyphy/ptII/ptolemy/actor/lib/test/auto/Dictionary4.xml
----------------- Instantiating /home/travis/build/icyphy/ptII/ptolemy/actor/lib/test/auto/Dictionary4.xml
3 ms. Memory: 294912K Free: 138630K (47%)
----------------- Invoking toplevel() on ptolemy.moml.MoMLSimpleApplication@31d51444
----------------- Done invoking toplevel() on ptolemy.moml.MoMLSimpleApplication@31d51444
reloadAllAccessors: .Dictionary4

===========================================================================================
----------------- testing Wed Jul 06 02:16:33 UTC 2022 /home/travis/build/icyphy/ptII/ptolemy/actor/lib/test/auto/Differential.xml
----------------- Instantiating /home/travis/build/icyphy/ptII/ptolemy/actor/lib/test/auto/Differential.xml
2 ms. Memory: 294912K Free: 134534K (46%)
----------------- Invoking toplevel() on ptolemy.moml.MoMLSimpleApplication@7c5d5320
----------------- Done invoking toplevel() on ptolemy.moml.MoMLSimpleApplication@7c5d5320
reloadAllAccessors: .Differential

===========================================================================================
----------------- testing Wed Jul 06 02:16:33 UTC 2022 /home/travis/build/icyphy/ptII/ptolemy/actor/lib/test/auto/Director.xml
----------------- Instantiating /home/travis/build/icyphy/ptII/ptolemy/actor/lib/test/auto/Director.xml
3 ms. Memory: 294912K Free: 130948K (44%)
----------------- Invoking toplevel() on ptolemy.moml.MoMLSimpleApplication@395c713d
----------------- Done invoking toplevel() on ptolemy.moml.MoMLSimpleApplication@395c713d
reloadAllAccessors: .Director

===========================================================================================
----------------- testing Wed Jul 06 02:16:33 UTC 2022 /home/travis/build/icyphy/ptII/ptolemy/actor/lib/test/auto/DiscreteClock.xml
----------------- Instantiating /home/travis/build/icyphy/ptII/ptolemy/actor/lib/test/auto/DiscreteClock.xml
1 ms. Memory: 294912K Free: 126852K (43%)
----------------- Invoking toplevel() on ptolemy.moml.MoMLSimpleApplication@7c880302
----------------- Done invoking toplevel() on ptolemy.moml.MoMLSimpleApplication@7c880302
reloadAllAccessors: .DiscreteClock

===========================================================================================
----------------- testing Wed Jul 06 02:16:33 UTC 2022 /home/travis/build/icyphy/ptII/ptolemy/actor/lib/test/auto/DiscreteClock10.xml
----------------- Instantiating /home/travis/build/icyphy/ptII/ptolemy/actor/lib/test/auto/DiscreteClock10.xml
3 ms. Memory: 294912K Free: 120708K (41%)
----------------- Invoking toplevel() on ptolemy.moml.MoMLSimpleApplication@58e83f2a
----------------- Done invoking toplevel() on ptolemy.moml.MoMLSimpleApplication@58e83f2a
reloadAllAccessors: .DiscreteClock10

===========================================================================================
----------------- testing Wed Jul 06 02:16:33 UTC 2022 /home/travis/build/icyphy/ptII/ptolemy/actor/lib/test/auto/DiscreteClock11.xml
----------------- Instantiating /home/travis/build/icyphy/ptII/ptolemy/actor/lib/test/auto/DiscreteClock11.xml
2 ms. Memory: 294912K Free: 115078K (39%)
----------------- Invoking toplevel() on ptolemy.moml.MoMLSimpleApplication@76c38dc
----------------- Done invoking toplevel() on ptolemy.moml.MoMLSimpleApplication@76c38dc
reloadAllAccessors: .DiscreteClock11

===========================================================================================
----------------- testing Wed Jul 06 02:16:33 UTC 2022 /home/travis/build/icyphy/ptII/ptolemy/actor/lib/test/auto/DiscreteClock12.xml
----------------- Instantiating /home/travis/build/icyphy/ptII/ptolemy/actor/lib/test/auto/DiscreteClock12.xml
2 ms. Memory: 294912K Free: 108934K (37%)
----------------- Invoking toplevel() on ptolemy.moml.MoMLSimpleApplication@7a992113
----------------- Done invoking toplevel() on ptolemy.moml.MoMLSimpleApplication@7a992113
reloadAllAccessors: .DiscreteClock12

===========================================================================================
----------------- testing Wed Jul 06 02:16:33 UTC 2022 /home/travis/build/icyphy/ptII/ptolemy/actor/lib/test/auto/DiscreteClock13.xml
----------------- Instantiating /home/travis/build/icyphy/ptII/ptolemy/actor/lib/test/auto/DiscreteClock13.xml
4 ms. Memory: 294912K Free: 102790K (35%)
----------------- Invoking toplevel() on ptolemy.moml.MoMLSimpleApplication@459680b
----------------- Done invoking toplevel() on ptolemy.moml.MoMLSimpleApplication@459680b
reloadAllAccessors: .DiscreteClock13

===========================================================================================
----------------- testing Wed Jul 06 02:16:33 UTC 2022 /home/travis/build/icyphy/ptII/ptolemy/actor/lib/test/auto/DiscreteClock14.xml
----------------- Instantiating /home/travis/build/icyphy/ptII/ptolemy/actor/lib/test/auto/DiscreteClock14.xml
2 ms. Memory: 294912K Free: 96646K (33%)
----------------- Invoking toplevel() on ptolemy.moml.MoMLSimpleApplication@22704a6b
----------------- Done invoking toplevel() on ptolemy.moml.MoMLSimpleApplication@22704a6b
reloadAllAccessors: .DiscreteClock14

===========================================================================================
----------------- testing Wed Jul 06 02:16:33 UTC 2022 /home/travis/build/icyphy/ptII/ptolemy/actor/lib/test/auto/DiscreteClock15.xml
----------------- Instantiating /home/travis/build/icyphy/ptII/ptolemy/actor/lib/test/auto/DiscreteClock15.xml
5 ms. Memory: 294912K Free: 90982K (31%)
----------------- Invoking toplevel() on ptolemy.moml.MoMLSimpleApplication@950c2b0
----------------- Done invoking toplevel() on ptolemy.moml.MoMLSimpleApplication@950c2b0
reloadAllAccessors: .DiscreteClock15

===========================================================================================
----------------- testing Wed Jul 06 02:16:33 UTC 2022 /home/travis/build/icyphy/ptII/ptolemy/actor/lib/test/auto/DiscreteClock16.xml
----------------- Instantiating /home/travis/build/icyphy/ptII/ptolemy/actor/lib/test/auto/DiscreteClock16.xml
10 ms. Memory: 294912K Free: 77190K (26%)
----------------- Invoking toplevel() on ptolemy.moml.MoMLSimpleApplication@59b0004f
----------------- Done invoking toplevel() on ptolemy.moml.MoMLSimpleApplication@59b0004f
reloadAllAccessors: .DiscreteClock16

===========================================================================================
----------------- testing Wed Jul 06 02:16:33 UTC 2022 /home/travis/build/icyphy/ptII/ptolemy/actor/lib/test/auto/DiscreteClock17.xml
----------------- Instantiating /home/travis/build/icyphy/ptII/ptolemy/actor/lib/test/auto/DiscreteClock17.xml
14 ms. Memory: 294912K Free: 236711K (80%)
----------------- Invoking toplevel() on ptolemy.moml.MoMLSimpleApplication@5dbf5fad
----------------- Done invoking toplevel() on ptolemy.moml.MoMLSimpleApplication@5dbf5fad
reloadAllAccessors: .DiscreteClock17

===========================================================================================
----------------- testing Wed Jul 06 02:16:33 UTC 2022 /home/travis/build/icyphy/ptII/ptolemy/actor/lib/test/auto/DiscreteClock18.xml
----------------- Instantiating /home/travis/build/icyphy/ptII/ptolemy/actor/lib/test/auto/DiscreteClock18.xml
8 ms. Memory: 294912K Free: 222885K (76%)
----------------- Invoking toplevel() on ptolemy.moml.MoMLSimpleApplication@71f3fd85
----------------- Done invoking toplevel() on ptolemy.moml.MoMLSimpleApplication@71f3fd85
reloadAllAccessors: .DiscreteClock18

===========================================================================================
----------------- testing Wed Jul 06 02:16:33 UTC 2022 /home/travis/build/icyphy/ptII/ptolemy/actor/lib/test/auto/DiscreteClock19.xml
----------------- Instantiating /home/travis/build/icyphy/ptII/ptolemy/actor/lib/test/auto/DiscreteClock19.xml
10 ms. Memory: 294912K Free: 209063K (71%)
----------------- Invoking toplevel() on ptolemy.moml.MoMLSimpleApplication@374b5f59
----------------- Done invoking toplevel() on ptolemy.moml.MoMLSimpleApplication@374b5f59
reloadAllAccessors: .DiscreteClock19

===========================================================================================
----------------- testing Wed Jul 06 02:16:33 UTC 2022 /home/travis/build/icyphy/ptII/ptolemy/actor/lib/test/auto/DiscreteClock2.xml
----------------- Instantiating /home/travis/build/icyphy/ptII/ptolemy/actor/lib/test/auto/DiscreteClock2.xml
6 ms. Memory: 294912K Free: 203943K (69%)
----------------- Invoking toplevel() on ptolemy.moml.MoMLSimpleApplication@4a983d0e
----------------- Done invoking toplevel() on ptolemy.moml.MoMLSimpleApplication@4a983d0e
reloadAllAccessors: .DiscreteClock2

===========================================================================================
----------------- testing Wed Jul 06 02:16:33 UTC 2022 /home/travis/build/icyphy/ptII/ptolemy/actor/lib/test/auto/DiscreteClock20.xml
----------------- Instantiating /home/travis/build/icyphy/ptII/ptolemy/actor/lib/test/auto/DiscreteClock20.xml
2 ms. Memory: 294912K Free: 198823K (67%)
----------------- Invoking toplevel() on ptolemy.moml.MoMLSimpleApplication@86b0cee
----------------- Done invoking toplevel() on ptolemy.moml.MoMLSimpleApplication@86b0cee
reloadAllAccessors: .DiscreteClock20

===========================================================================================
----------------- testing Wed Jul 06 02:16:33 UTC 2022 /home/travis/build/icyphy/ptII/ptolemy/actor/lib/test/auto/DiscreteClock21.xml
----------------- Instantiating /home/travis/build/icyphy/ptII/ptolemy/actor/lib/test/auto/DiscreteClock21.xml
2 ms. Memory: 294912K Free: 193189K (66%)
----------------- Invoking toplevel() on ptolemy.moml.MoMLSimpleApplication@26821e66
----------------- Done invoking toplevel() on ptolemy.moml.MoMLSimpleApplication@26821e66
reloadAllAccessors: .DiscreteClock21

===========================================================================================
----------------- testing Wed Jul 06 02:16:33 UTC 2022 /home/travis/build/icyphy/ptII/ptolemy/actor/lib/test/auto/DiscreteClock22.xml
----------------- Instantiating /home/travis/build/icyphy/ptII/ptolemy/actor/lib/test/auto/DiscreteClock22.xml
3 ms. Memory: 294912K Free: 187559K (64%)
----------------- Invoking toplevel() on ptolemy.moml.MoMLSimpleApplication@2545a046
----------------- Done invoking toplevel() on ptolemy.moml.MoMLSimpleApplication@2545a046
reloadAllAccessors: .DiscreteClock22

===========================================================================================
----------------- testing Wed Jul 06 02:16:33 UTC 2022 /home/travis/build/icyphy/ptII/ptolemy/actor/lib/test/auto/DiscreteClock23.xml
----------------- Instantiating /home/travis/build/icyphy/ptII/ptolemy/actor/lib/test/auto/DiscreteClock23.xml
2 ms. Memory: 294912K Free: 181925K (62%)
----------------- Invoking toplevel() on ptolemy.moml.MoMLSimpleApplication@2374300c
----------------- Done invoking toplevel() on ptolemy.moml.MoMLSimpleApplication@2374300c
reloadAllAccessors: .DiscreteClock23

===========================================================================================
----------------- testing Wed Jul 06 02:16:33 UTC 2022 /home/travis/build/icyphy/ptII/ptolemy/actor/lib/test/auto/DiscreteClock24.xml
----------------- Instantiating /home/travis/build/icyphy/ptII/ptolemy/actor/lib/test/auto/DiscreteClock24.xml
3 ms. Memory: 294912K Free: 176295K (60%)
----------------- Invoking toplevel() on ptolemy.moml.MoMLSimpleApplication@2a7a641b
----------------- Done invoking toplevel() on ptolemy.moml.MoMLSimpleApplication@2a7a641b
reloadAllAccessors: .DiscreteClock24

===========================================================================================
----------------- testing Wed Jul 06 02:16:33 UTC 2022 /home/travis/build/icyphy/ptII/ptolemy/actor/lib/test/auto/DiscreteClock4.xml
----------------- Instantiating /home/travis/build/icyphy/ptII/ptolemy/actor/lib/test/auto/DiscreteClock4.xml
2 ms. Memory: 294912K Free: 170647K (58%)
----------------- Invoking toplevel() on ptolemy.moml.MoMLSimpleApplication@7d1898c9
----------------- Done invoking toplevel() on ptolemy.moml.MoMLSimpleApplication@7d1898c9
reloadAllAccessors: .DiscreteClock4

===========================================================================================
----------------- testing Wed Jul 06 02:16:33 UTC 2022 /home/travis/build/icyphy/ptII/ptolemy/actor/lib/test/auto/DiscreteClock5.xml
----------------- Instantiating /home/travis/build/icyphy/ptII/ptolemy/actor/lib/test/auto/DiscreteClock5.xml
1 ms. Memory: 294912K Free: 165031K (56%)
----------------- Invoking toplevel() on ptolemy.moml.MoMLSimpleApplication@763ec8f1
----------------- Done invoking toplevel() on ptolemy.moml.MoMLSimpleApplication@763ec8f1
reloadAllAccessors: .DiscreteClock5

===========================================================================================
----------------- testing Wed Jul 06 02:16:33 UTC 2022 /home/travis/build/icyphy/ptII/ptolemy/actor/lib/test/auto/DiscreteClock6.xml
----------------- Instantiating /home/travis/build/icyphy/ptII/ptolemy/actor/lib/test/auto/DiscreteClock6.xml
2 ms. Memory: 294912K Free: 160421K (54%)
----------------- Invoking toplevel() on ptolemy.moml.MoMLSimpleApplication@790a2ff4
----------------- Done invoking toplevel() on ptolemy.moml.MoMLSimpleApplication@790a2ff4
reloadAllAccessors: .DiscreteClock6

===========================================================================================
----------------- testing Wed Jul 06 02:16:33 UTC 2022 /home/travis/build/icyphy/ptII/ptolemy/actor/lib/test/auto/DiscreteClock7.xml
----------------- Instantiating /home/travis/build/icyphy/ptII/ptolemy/actor/lib/test/auto/DiscreteClock7.xml
2 ms. Memory: 294912K Free: 155301K (53%)
----------------- Invoking toplevel() on ptolemy.moml.MoMLSimpleApplication@25dac4b6
----------------- Done invoking toplevel() on ptolemy.moml.MoMLSimpleApplication@25dac4b6
reloadAllAccessors: .DiscreteClock7

===========================================================================================
----------------- testing Wed Jul 06 02:16:33 UTC 2022 /home/travis/build/icyphy/ptII/ptolemy/actor/lib/test/auto/DiscreteClock8.xml
----------------- Instantiating /home/travis/build/icyphy/ptII/ptolemy/actor/lib/test/auto/DiscreteClock8.xml
1 ms. Memory: 294912K Free: 150175K (51%)
----------------- Invoking toplevel() on ptolemy.moml.MoMLSimpleApplication@2bc884f4
----------------- Done invoking toplevel() on ptolemy.moml.MoMLSimpleApplication@2bc884f4
reloadAllAccessors: .DiscreteClock8

===========================================================================================
----------------- testing Wed Jul 06 02:16:33 UTC 2022 /home/travis/build/icyphy/ptII/ptolemy/actor/lib/test/auto/DiscreteClock9.xml
----------------- Instantiating /home/travis/build/icyphy/ptII/ptolemy/actor/lib/test/auto/DiscreteClock9.xml
4 ms. Memory: 294912K Free: 144007K (49%)
----------------- Invoking toplevel() on ptolemy.moml.MoMLSimpleApplication@5f6c64fd
----------------- Done invoking toplevel() on ptolemy.moml.MoMLSimpleApplication@5f6c64fd
reloadAllAccessors: .DiscreteClock9

===========================================================================================
----------------- testing Wed Jul 06 02:16:33 UTC 2022 /home/travis/build/icyphy/ptII/ptolemy/actor/lib/test/auto/DisplayArray.xml
----------------- Instantiating /home/travis/build/icyphy/ptII/ptolemy/actor/lib/test/auto/DisplayArray.xml
1 ms. Memory: 294912K Free: 140455K (48%)
----------------- Invoking toplevel() on ptolemy.moml.MoMLSimpleApplication@7a6df8e8
----------------- Done invoking toplevel() on ptolemy.moml.MoMLSimpleApplication@7a6df8e8
reloadAllAccessors: .DisplayArray

===========================================================================================
----------------- testing Wed Jul 06 02:16:33 UTC 2022 /home/travis/build/icyphy/ptII/ptolemy/actor/lib/test/auto/Distributor.xml
----------------- Instantiating /home/travis/build/icyphy/ptII/ptolemy/actor/lib/test/auto/Distributor.xml
1 ms. Memory: 294912K Free: 135845K (46%)
----------------- Invoking toplevel() on ptolemy.moml.MoMLSimpleApplication@2cc0ca3a
----------------- Done invoking toplevel() on ptolemy.moml.MoMLSimpleApplication@2cc0ca3a
reloadAllAccessors: .Distributor

===========================================================================================
----------------- testing Wed Jul 06 02:16:33 UTC 2022 /home/travis/build/icyphy/ptII/ptolemy/actor/lib/test/auto/Distributor2.xml
----------------- Instantiating /home/travis/build/icyphy/ptII/ptolemy/actor/lib/test/auto/Distributor2.xml
2 ms. Memory: 294912K Free: 130725K (44%)
----------------- Invoking toplevel() on ptolemy.moml.MoMLSimpleApplication@3e6bb5e3
----------------- Done invoking toplevel() on ptolemy.moml.MoMLSimpleApplication@3e6bb5e3
reloadAllAccessors: .Distributor2

===========================================================================================
----------------- testing Wed Jul 06 02:16:33 UTC 2022 /home/travis/build/icyphy/ptII/ptolemy/actor/lib/test/auto/DownSample.xml
----------------- Instantiating /home/travis/build/icyphy/ptII/ptolemy/actor/lib/test/auto/DownSample.xml
1 ms. Memory: 294912K Free: 126629K (43%)
----------------- Invoking toplevel() on ptolemy.moml.MoMLSimpleApplication@6146d6a5
----------------- Done invoking toplevel() on ptolemy.moml.MoMLSimpleApplication@6146d6a5
reloadAllAccessors: .DownSample

===========================================================================================
----------------- testing Wed Jul 06 02:16:34 UTC 2022 /home/travis/build/icyphy/ptII/ptolemy/actor/lib/test/auto/ElectronicUnitBase1.xml
----------------- Instantiating /home/travis/build/icyphy/ptII/ptolemy/actor/lib/test/auto/ElectronicUnitBase1.xml
14 ms. Memory: 294912K Free: 110245K (37%)
----------------- Invoking toplevel() on ptolemy.moml.MoMLSimpleApplication@533279ee
----------------- Done invoking toplevel() on ptolemy.moml.MoMLSimpleApplication@533279ee
reloadAllAccessors: .ElectronicUnitBase1

===========================================================================================
----------------- testing Wed Jul 06 02:16:34 UTC 2022 /home/travis/build/icyphy/ptII/ptolemy/actor/lib/test/auto/ElementsToArray.xml
----------------- Instantiating /home/travis/build/icyphy/ptII/ptolemy/actor/lib/test/auto/ElementsToArray.xml
2 ms. Memory: 294912K Free: 105125K (36%)
----------------- Invoking toplevel() on ptolemy.moml.MoMLSimpleApplication@204e1bee
----------------- Done invoking toplevel() on ptolemy.moml.MoMLSimpleApplication@204e1bee
reloadAllAccessors: .ElementsToArray

===========================================================================================
----------------- testing Wed Jul 06 02:16:34 UTC 2022 /home/travis/build/icyphy/ptII/ptolemy/actor/lib/test/auto/Equals.xml
----------------- Instantiating /home/travis/build/icyphy/ptII/ptolemy/actor/lib/test/auto/Equals.xml
1 ms. Memory: 294912K Free: 100519K (34%)
----------------- Invoking toplevel() on ptolemy.moml.MoMLSimpleApplication@d4f8e01
----------------- Done invoking toplevel() on ptolemy.moml.MoMLSimpleApplication@d4f8e01
reloadAllAccessors: .Equals

===========================================================================================
----------------- testing Wed Jul 06 02:16:34 UTC 2022 /home/travis/build/icyphy/ptII/ptolemy/actor/lib/test/auto/Exec.xml
----------------- Instantiating /home/travis/build/icyphy/ptII/ptolemy/actor/lib/test/auto/Exec.xml
11 ms. Memory: 294912K Free: 94885K (32%)
----------------- Invoking toplevel() on ptolemy.moml.MoMLSimpleApplication@698d0d29
----------------- Done invoking toplevel() on ptolemy.moml.MoMLSimpleApplication@698d0d29
reloadAllAccessors: .Exec

===========================================================================================
----------------- testing Wed Jul 06 02:16:34 UTC 2022 /home/travis/build/icyphy/ptII/ptolemy/actor/lib/test/auto/ExecEnvironment.xml
----------------- Instantiating /home/travis/build/icyphy/ptII/ptolemy/actor/lib/test/auto/ExecEnvironment.xml
33 ms. Memory: 294912K Free: 89255K (30%)
----------------- Invoking toplevel() on ptolemy.moml.MoMLSimpleApplication@70b8875
----------------- Done invoking toplevel() on ptolemy.moml.MoMLSimpleApplication@70b8875
reloadAllAccessors: .ExecEnvironment

===========================================================================================
----------------- testing Wed Jul 06 02:16:34 UTC 2022 /home/travis/build/icyphy/ptII/ptolemy/actor/lib/test/auto/ExecNonZeroReturnOutput.xml
----------------- Instantiating /home/travis/build/icyphy/ptII/ptolemy/actor/lib/test/auto/ExecNonZeroReturnOutput.xml
158 ms. Memory: 294912K Free: 77991K (26%)
----------------- Invoking toplevel() on ptolemy.moml.MoMLSimpleApplication@12d17467
----------------- Done invoking toplevel() on ptolemy.moml.MoMLSimpleApplication@12d17467
reloadAllAccessors: .ExecNonZeroReturnOutput

===========================================================================================
----------------- testing Wed Jul 06 02:16:34 UTC 2022 /home/travis/build/icyphy/ptII/ptolemy/actor/lib/test/auto/ExecRunDemos.xml
----------------- Instantiating /home/travis/build/icyphy/ptII/ptolemy/actor/lib/test/auto/ExecRunDemos.xml
Finished: 75 ms. Memory: 129024K Free: 111865K (87%)

Finished: 68 ms. Memory: 129024K Free: 108848K (84%)

Finished: 113 ms. Memory: 129024K Free: 109070K (85%)

Finished: 90 ms. Memory: 129024K Free: 110686K (86%)

Finished: 87 ms. Memory: 129024K Free: 111597K (86%)

10070 ms. Memory: 294912K Free: 230209K (78%)
----------------- Invoking toplevel() on ptolemy.moml.MoMLSimpleApplication@1d0c350e
----------------- Done invoking toplevel() on ptolemy.moml.MoMLSimpleApplication@1d0c350e
reloadAllAccessors: .ExecRunDemos

===========================================================================================
----------------- testing Wed Jul 06 02:16:44 UTC 2022 /home/travis/build/icyphy/ptII/ptolemy/actor/lib/test/auto/ExecStop.xml
----------------- Instantiating /home/travis/build/icyphy/ptII/ptolemy/actor/lib/test/auto/ExecStop.xml
5016 ms. Memory: 294912K Free: 92993K (32%)
----------------- Invoking toplevel() on ptolemy.moml.MoMLSimpleApplication@2d9a5e62
----------------- Done invoking toplevel() on ptolemy.moml.MoMLSimpleApplication@2d9a5e62
reloadAllAccessors: .ExecStop

===========================================================================================
----------------- testing Wed Jul 06 02:16:49 UTC 2022 /home/travis/build/icyphy/ptII/ptolemy/actor/lib/test/auto/ExecutionTimeSDF.xml
----------------- Instantiating /home/travis/build/icyphy/ptII/ptolemy/actor/lib/test/auto/ExecutionTimeSDF.xml
Fired ExecutionTime: -1017767296
Fired ExecutionTime: 1349600000
Fired ExecutionTime: -160167296
6005 ms. Memory: 294912K Free: 80705K (27%)
----------------- Invoking toplevel() on ptolemy.moml.MoMLSimpleApplication@38c0f850
----------------- Done invoking toplevel() on ptolemy.moml.MoMLSimpleApplication@38c0f850
reloadAllAccessors: .ExecutionTimeSDF

===========================================================================================
----------------- testing Wed Jul 06 02:16:55 UTC 2022 /home/travis/build/icyphy/ptII/ptolemy/actor/lib/test/auto/Expression1.xml
----------------- Instantiating /home/travis/build/icyphy/ptII/ptolemy/actor/lib/test/auto/Expression1.xml
1 ms. Memory: 294912K Free: 77119K (26%)
----------------- Invoking toplevel() on ptolemy.moml.MoMLSimpleApplication@7c56fb56
----------------- Done invoking toplevel() on ptolemy.moml.MoMLSimpleApplication@7c56fb56
reloadAllAccessors: .Expression1

===========================================================================================
----------------- testing Wed Jul 06 02:16:55 UTC 2022 /home/travis/build/icyphy/ptII/ptolemy/actor/lib/test/auto/Expression10.xml
----------------- Instantiating /home/travis/build/icyphy/ptII/ptolemy/actor/lib/test/auto/Expression10.xml
5 ms. Memory: 294912K Free: 71489K (24%)
----------------- Invoking toplevel() on ptolemy.moml.MoMLSimpleApplication@46578758
----------------- Done invoking toplevel() on ptolemy.moml.MoMLSimpleApplication@46578758
reloadAllAccessors: .Expression10

===========================================================================================
----------------- testing Wed Jul 06 02:16:55 UTC 2022 /home/travis/build/icyphy/ptII/ptolemy/actor/lib/test/auto/Expression11.xml
----------------- Instantiating /home/travis/build/icyphy/ptII/ptolemy/actor/lib/test/auto/Expression11.xml
2 ms. Memory: 294912K Free: 241032K (82%)
----------------- Invoking toplevel() on ptolemy.moml.MoMLSimpleApplication@332a3c73
----------------- Done invoking toplevel() on ptolemy.moml.MoMLSimpleApplication@332a3c73
reloadAllAccessors: .Expression11

===========================================================================================
----------------- testing Wed Jul 06 02:16:55 UTC 2022 /home/travis/build/icyphy/ptII/ptolemy/actor/lib/test/auto/Expression12.xml
----------------- Instantiating /home/travis/build/icyphy/ptII/ptolemy/actor/lib/test/auto/Expression12.xml
2 ms. Memory: 294912K Free: 235912K (80%)
----------------- Invoking toplevel() on ptolemy.moml.MoMLSimpleApplication@5e65c6f1
----------------- Done invoking toplevel() on ptolemy.moml.MoMLSimpleApplication@5e65c6f1
reloadAllAccessors: .Expression12

===========================================================================================
----------------- testing Wed Jul 06 02:16:55 UTC 2022 /home/travis/build/icyphy/ptII/ptolemy/actor/lib/test/auto/Expression13.xml
----------------- Instantiating /home/travis/build/icyphy/ptII/ptolemy/actor/lib/test/auto/Expression13.xml
2 ms. Memory: 294912K Free: 230792K (78%)
----------------- Invoking toplevel() on ptolemy.moml.MoMLSimpleApplication@1736d411
----------------- Done invoking toplevel() on ptolemy.moml.MoMLSimpleApplication@1736d411
reloadAllAccessors: .Expression13

===========================================================================================
----------------- testing Wed Jul 06 02:16:55 UTC 2022 /home/travis/build/icyphy/ptII/ptolemy/actor/lib/test/auto/Expression14.xml
----------------- Instantiating /home/travis/build/icyphy/ptII/ptolemy/actor/lib/test/auto/Expression14.xml
4 ms. Memory: 294912K Free: 224648K (76%)
----------------- Invoking toplevel() on ptolemy.moml.MoMLSimpleApplication@135c467a
----------------- Done invoking toplevel() on ptolemy.moml.MoMLSimpleApplication@135c467a
reloadAllAccessors: .Expression14

===========================================================================================
----------------- testing Wed Jul 06 02:16:55 UTC 2022 /home/travis/build/icyphy/ptII/ptolemy/actor/lib/test/auto/Expression15.xml
----------------- Instantiating /home/travis/build/icyphy/ptII/ptolemy/actor/lib/test/auto/Expression15.xml
2 ms. Memory: 294912K Free: 221066K (75%)
----------------- Invoking toplevel() on ptolemy.moml.MoMLSimpleApplication@5fd9c16a
----------------- Done invoking toplevel() on ptolemy.moml.MoMLSimpleApplication@5fd9c16a
reloadAllAccessors: .Expression15

===========================================================================================
----------------- testing Wed Jul 06 02:16:55 UTC 2022 /home/travis/build/icyphy/ptII/ptolemy/actor/lib/test/auto/Expression16.xml
----------------- Instantiating /home/travis/build/icyphy/ptII/ptolemy/actor/lib/test/auto/Expression16.xml
3 ms. Memory: 294912K Free: 215946K (73%)
----------------- Invoking toplevel() on ptolemy.moml.MoMLSimpleApplication@6e09f5c
----------------- Done invoking toplevel() on ptolemy.moml.MoMLSimpleApplication@6e09f5c
reloadAllAccessors: .Expression16

===========================================================================================
----------------- testing Wed Jul 06 02:16:55 UTC 2022 /home/travis/build/icyphy/ptII/ptolemy/actor/lib/test/auto/Expression17.xml
----------------- Instantiating /home/travis/build/icyphy/ptII/ptolemy/actor/lib/test/auto/Expression17.xml
3 ms. Memory: 294912K Free: 211336K (72%)
----------------- Invoking toplevel() on ptolemy.moml.MoMLSimpleApplication@41746698
----------------- Done invoking toplevel() on ptolemy.moml.MoMLSimpleApplication@41746698
reloadAllAccessors: .Expression17

===========================================================================================
----------------- testing Wed Jul 06 02:16:55 UTC 2022 /home/travis/build/icyphy/ptII/ptolemy/actor/lib/test/auto/Expression18.xml
----------------- Instantiating /home/travis/build/icyphy/ptII/ptolemy/actor/lib/test/auto/Expression18.xml
2 ms. Memory: 294912K Free: 206216K (70%)
----------------- Invoking toplevel() on ptolemy.moml.MoMLSimpleApplication@22542bcb
----------------- Done invoking toplevel() on ptolemy.moml.MoMLSimpleApplication@22542bcb
reloadAllAccessors: .Expression18

===========================================================================================
----------------- testing Wed Jul 06 02:16:55 UTC 2022 /home/travis/build/icyphy/ptII/ptolemy/actor/lib/test/auto/Expression2.xml
----------------- Instantiating /home/travis/build/icyphy/ptII/ptolemy/actor/lib/test/auto/Expression2.xml
2 ms. Memory: 294912K Free: 201096K (68%)
----------------- Invoking toplevel() on ptolemy.moml.MoMLSimpleApplication@3f7fe566
----------------- Done invoking toplevel() on ptolemy.moml.MoMLSimpleApplication@3f7fe566
reloadAllAccessors: .Expression2

===========================================================================================
----------------- testing Wed Jul 06 02:16:55 UTC 2022 /home/travis/build/icyphy/ptII/ptolemy/actor/lib/test/auto/Expression3.xml
----------------- Instantiating /home/travis/build/icyphy/ptII/ptolemy/actor/lib/test/auto/Expression3.xml
5 ms. Memory: 294912K Free: 195976K (66%)
----------------- Invoking toplevel() on ptolemy.moml.MoMLSimpleApplication@228dfbdd
----------------- Done invoking toplevel() on ptolemy.moml.MoMLSimpleApplication@228dfbdd
reloadAllAccessors: .Expression3

===========================================================================================
----------------- testing Wed Jul 06 02:16:55 UTC 2022 /home/travis/build/icyphy/ptII/ptolemy/actor/lib/test/auto/Expression4.xml
----------------- Instantiating /home/travis/build/icyphy/ptII/ptolemy/actor/lib/test/auto/Expression4.xml
5 ms. Memory: 294912K Free: 188298K (64%)
----------------- Invoking toplevel() on ptolemy.moml.MoMLSimpleApplication@2a91aeda
----------------- Done invoking toplevel() on ptolemy.moml.MoMLSimpleApplication@2a91aeda
reloadAllAccessors: .Expression4

===========================================================================================
----------------- testing Wed Jul 06 02:16:55 UTC 2022 /home/travis/build/icyphy/ptII/ptolemy/actor/lib/test/auto/Expression5.xml
----------------- Instantiating /home/travis/build/icyphy/ptII/ptolemy/actor/lib/test/auto/Expression5.xml
4 ms. Memory: 294912K Free: 183688K (62%)
----------------- Invoking toplevel() on ptolemy.moml.MoMLSimpleApplication@54f1c0ff
----------------- Done invoking toplevel() on ptolemy.moml.MoMLSimpleApplication@54f1c0ff
reloadAllAccessors: .Expression5

===========================================================================================
----------------- testing Wed Jul 06 02:16:55 UTC 2022 /home/travis/build/icyphy/ptII/ptolemy/actor/lib/test/auto/Expression6.xml
----------------- Instantiating /home/travis/build/icyphy/ptII/ptolemy/actor/lib/test/auto/Expression6.xml
2 ms. Memory: 294912K Free: 179082K (61%)
----------------- Invoking toplevel() on ptolemy.moml.MoMLSimpleApplication@3183b2fc
----------------- Done invoking toplevel() on ptolemy.moml.MoMLSimpleApplication@3183b2fc
reloadAllAccessors: .Expression6

===========================================================================================
----------------- testing Wed Jul 06 02:16:55 UTC 2022 /home/travis/build/icyphy/ptII/ptolemy/actor/lib/test/auto/Expression7.xml
----------------- Instantiating /home/travis/build/icyphy/ptII/ptolemy/actor/lib/test/auto/Expression7.xml
2 ms. Memory: 294912K Free: 173962K (59%)
----------------- Invoking toplevel() on ptolemy.moml.MoMLSimpleApplication@16a8018f
----------------- Done invoking toplevel() on ptolemy.moml.MoMLSimpleApplication@16a8018f
reloadAllAccessors: .Expression7

===========================================================================================
----------------- testing Wed Jul 06 02:16:55 UTC 2022 /home/travis/build/icyphy/ptII/ptolemy/actor/lib/test/auto/Expression8.xml
----------------- Instantiating /home/travis/build/icyphy/ptII/ptolemy/actor/lib/test/auto/Expression8.xml
13 ms. Memory: 294912K Free: 168842K (57%)
----------------- Invoking toplevel() on ptolemy.moml.MoMLSimpleApplication@3d73dc53
----------------- Done invoking toplevel() on ptolemy.moml.MoMLSimpleApplication@3d73dc53
reloadAllAccessors: .Expression8

===========================================================================================
----------------- testing Wed Jul 06 02:16:55 UTC 2022 /home/travis/build/icyphy/ptII/ptolemy/actor/lib/test/auto/Expression9.xml
----------------- Instantiating /home/travis/build/icyphy/ptII/ptolemy/actor/lib/test/auto/Expression9.xml
1 ms. Memory: 294912K Free: 164746K (56%)
----------------- Invoking toplevel() on ptolemy.moml.MoMLSimpleApplication@77d74363
----------------- Done invoking toplevel() on ptolemy.moml.MoMLSimpleApplication@77d74363
reloadAllAccessors: .Expression9

===========================================================================================
----------------- testing Wed Jul 06 02:16:55 UTC 2022 /home/travis/build/icyphy/ptII/ptolemy/actor/lib/test/auto/ExpressionConcatenateArrayType.xml
----------------- Instantiating /home/travis/build/icyphy/ptII/ptolemy/actor/lib/test/auto/ExpressionConcatenateArrayType.xml
3 ms. Memory: 294912K Free: 158088K (54%)
----------------- Invoking toplevel() on ptolemy.moml.MoMLSimpleApplication@48ae0ed2
----------------- Done invoking toplevel() on ptolemy.moml.MoMLSimpleApplication@48ae0ed2
reloadAllAccessors: .ExpressionConcatenateArrayType

===========================================================================================
----------------- testing Wed Jul 06 02:16:55 UTC 2022 /home/travis/build/icyphy/ptII/ptolemy/actor/lib/test/auto/ExpressionConcatenateArrayType2.xml
----------------- Instantiating /home/travis/build/icyphy/ptII/ptolemy/actor/lib/test/auto/ExpressionConcatenateArrayType2.xml
2 ms. Memory: 294912K Free: 152968K (52%)
----------------- Invoking toplevel() on ptolemy.moml.MoMLSimpleApplication@744b1190
----------------- Done invoking toplevel() on ptolemy.moml.MoMLSimpleApplication@744b1190
reloadAllAccessors: .ExpressionConcatenateArrayType2

===========================================================================================
----------------- testing Wed Jul 06 02:16:55 UTC 2022 /home/travis/build/icyphy/ptII/ptolemy/actor/lib/test/auto/ExpressionFix.xml
----------------- Instantiating /home/travis/build/icyphy/ptII/ptolemy/actor/lib/test/auto/ExpressionFix.xml
18 ms. Memory: 294912K Free: 146314K (50%)
----------------- Invoking toplevel() on ptolemy.moml.MoMLSimpleApplication@373836cb
----------------- Done invoking toplevel() on ptolemy.moml.MoMLSimpleApplication@373836cb
reloadAllAccessors: .ExpressionFix

===========================================================================================
----------------- testing Wed Jul 06 02:16:55 UTC 2022 /home/travis/build/icyphy/ptII/ptolemy/actor/lib/test/auto/ExpressionFix2.xml
----------------- Instantiating /home/travis/build/icyphy/ptII/ptolemy/actor/lib/test/auto/ExpressionFix2.xml
4 ms. Memory: 294912K Free: 142218K (48%)
----------------- Invoking toplevel() on ptolemy.moml.MoMLSimpleApplication@310adaa3
----------------- Done invoking toplevel() on ptolemy.moml.MoMLSimpleApplication@310adaa3
reloadAllAccessors: .ExpressionFix2

===========================================================================================
----------------- testing Wed Jul 06 02:16:55 UTC 2022 /home/travis/build/icyphy/ptII/ptolemy/actor/lib/test/auto/ExpressionFix3.xml
----------------- Instantiating /home/travis/build/icyphy/ptII/ptolemy/actor/lib/test/auto/ExpressionFix3.xml
3 ms. Memory: 294912K Free: 137608K (47%)
----------------- Invoking toplevel() on ptolemy.moml.MoMLSimpleApplication@6fb9bbe1
----------------- Done invoking toplevel() on ptolemy.moml.MoMLSimpleApplication@6fb9bbe1
reloadAllAccessors: .ExpressionFix3

===========================================================================================
----------------- testing Wed Jul 06 02:16:55 UTC 2022 /home/travis/build/icyphy/ptII/ptolemy/actor/lib/test/auto/FileWriter1.xml
----------------- Instantiating /home/travis/build/icyphy/ptII/ptolemy/actor/lib/test/auto/FileWriter1.xml
2 ms. Memory: 294912K Free: 133512K (45%)
----------------- Invoking toplevel() on ptolemy.moml.MoMLSimpleApplication@4eb27798
----------------- Done invoking toplevel() on ptolemy.moml.MoMLSimpleApplication@4eb27798
reloadAllAccessors: .FileWriter1

===========================================================================================
----------------- testing Wed Jul 06 02:16:55 UTC 2022 /home/travis/build/icyphy/ptII/ptolemy/actor/lib/test/auto/FileWriter2.xml
----------------- Instantiating /home/travis/build/icyphy/ptII/ptolemy/actor/lib/test/auto/FileWriter2.xml
2 ms. Memory: 294912K Free: 128906K (44%)
----------------- Invoking toplevel() on ptolemy.moml.MoMLSimpleApplication@285535bd
----------------- Done invoking toplevel() on ptolemy.moml.MoMLSimpleApplication@285535bd
reloadAllAccessors: .FileWriter2

===========================================================================================
----------------- testing Wed Jul 06 02:16:55 UTC 2022 /home/travis/build/icyphy/ptII/ptolemy/actor/lib/test/auto/FileWriter3.xml
----------------- Instantiating /home/travis/build/icyphy/ptII/ptolemy/actor/lib/test/auto/FileWriter3.xml
3 ms. Memory: 294912K Free: 124810K (42%)
----------------- Invoking toplevel() on ptolemy.moml.MoMLSimpleApplication@49ffd070
----------------- Done invoking toplevel() on ptolemy.moml.MoMLSimpleApplication@49ffd070
reloadAllAccessors: .FileWriter3

===========================================================================================
----------------- testing Wed Jul 06 02:16:55 UTC 2022 /home/travis/build/icyphy/ptII/ptolemy/actor/lib/test/auto/Gaussian.xml
----------------- Instantiating /home/travis/build/icyphy/ptII/ptolemy/actor/lib/test/auto/Gaussian.xml
2 ms. Memory: 294912K Free: 120714K (41%)
----------------- Invoking toplevel() on ptolemy.moml.MoMLSimpleApplication@1c364fcc
----------------- Done invoking toplevel() on ptolemy.moml.MoMLSimpleApplication@1c364fcc
reloadAllAccessors: .Gaussian

===========================================================================================
----------------- testing Wed Jul 06 02:16:56 UTC 2022 /home/travis/build/icyphy/ptII/ptolemy/actor/lib/test/auto/Gaussian1.xml
----------------- Instantiating /home/travis/build/icyphy/ptII/ptolemy/actor/lib/test/auto/Gaussian1.xml
3 ms. Memory: 294912K Free: 115066K (39%)
----------------- Invoking toplevel() on ptolemy.moml.MoMLSimpleApplication@557f6533
----------------- Done invoking toplevel() on ptolemy.moml.MoMLSimpleApplication@557f6533
reloadAllAccessors: .Gaussian1

===========================================================================================
----------------- testing Wed Jul 06 02:16:56 UTC 2022 /home/travis/build/icyphy/ptII/ptolemy/actor/lib/test/auto/Gaussian2.xml
----------------- Instantiating /home/travis/build/icyphy/ptII/ptolemy/actor/lib/test/auto/Gaussian2.xml
9 ms. Memory: 294912K Free: 109450K (37%)
----------------- Invoking toplevel() on ptolemy.moml.MoMLSimpleApplication@4f9bae9b
----------------- Done invoking toplevel() on ptolemy.moml.MoMLSimpleApplication@4f9bae9b
reloadAllAccessors: .Gaussian2

===========================================================================================
----------------- testing Wed Jul 06 02:16:56 UTC 2022 /home/travis/build/icyphy/ptII/ptolemy/actor/lib/test/auto/GradientAdaptiveLattice.xml
----------------- Instantiating /home/travis/build/icyphy/ptII/ptolemy/actor/lib/test/auto/GradientAdaptiveLattice.xml
3 ms. Memory: 294912K Free: 104330K (35%)
----------------- Invoking toplevel() on ptolemy.moml.MoMLSimpleApplication@63ef958d
----------------- Done invoking toplevel() on ptolemy.moml.MoMLSimpleApplication@63ef958d
reloadAllAccessors: .GradientAdaptiveLattice

===========================================================================================
----------------- testing Wed Jul 06 02:16:56 UTC 2022 /home/travis/build/icyphy/ptII/ptolemy/actor/lib/test/auto/IIR.xml
----------------- Instantiating /home/travis/build/icyphy/ptII/ptolemy/actor/lib/test/auto/IIR.xml
1 ms. Memory: 294912K Free: 99720K (34%)
----------------- Invoking toplevel() on ptolemy.moml.MoMLSimpleApplication@1b4b771e
----------------- Done invoking toplevel() on ptolemy.moml.MoMLSimpleApplication@1b4b771e
reloadAllAccessors: .IIR

===========================================================================================
----------------- testing Wed Jul 06 02:16:56 UTC 2022 /home/travis/build/icyphy/ptII/ptolemy/actor/lib/test/auto/InputOutputTransparentPorts.xml
----------------- Instantiating /home/travis/build/icyphy/ptII/ptolemy/actor/lib/test/auto/InputOutputTransparentPorts.xml
2 ms. Memory: 294912K Free: 92552K (31%)
----------------- Invoking toplevel() on ptolemy.moml.MoMLSimpleApplication@3a7cf9e4
----------------- Done invoking toplevel() on ptolemy.moml.MoMLSimpleApplication@3a7cf9e4
reloadAllAccessors: .InputOutputTransparentPorts

===========================================================================================
----------------- testing Wed Jul 06 02:16:56 UTC 2022 /home/travis/build/icyphy/ptII/ptolemy/actor/lib/test/auto/Interpolator.xml
----------------- Instantiating /home/travis/build/icyphy/ptII/ptolemy/actor/lib/test/auto/Interpolator.xml
3 ms. Memory: 294912K Free: 88456K (30%)
----------------- Invoking toplevel() on ptolemy.moml.MoMLSimpleApplication@764e3ff8
----------------- Done invoking toplevel() on ptolemy.moml.MoMLSimpleApplication@764e3ff8
reloadAllAccessors: .Interpolator

===========================================================================================
----------------- testing Wed Jul 06 02:16:56 UTC 2022 /home/travis/build/icyphy/ptII/ptolemy/actor/lib/test/auto/InterpolatorFiringLimitDE.xml
----------------- Instantiating /home/travis/build/icyphy/ptII/ptolemy/actor/lib/test/auto/InterpolatorFiringLimitDE.xml
1 ms. Memory: 294912K Free: 82312K (28%)
----------------- Invoking toplevel() on ptolemy.moml.MoMLSimpleApplication@19ffb48
----------------- Done invoking toplevel() on ptolemy.moml.MoMLSimpleApplication@19ffb48
reloadAllAccessors: .InterpolatorFiringLimitDE

===========================================================================================
----------------- testing Wed Jul 06 02:16:56 UTC 2022 /home/travis/build/icyphy/ptII/ptolemy/actor/lib/test/auto/Lattice.xml
----------------- Instantiating /home/travis/build/icyphy/ptII/ptolemy/actor/lib/test/auto/Lattice.xml
1 ms. Memory: 294912K Free: 78216K (27%)
----------------- Invoking toplevel() on ptolemy.moml.MoMLSimpleApplication@47529349
----------------- Done invoking toplevel() on ptolemy.moml.MoMLSimpleApplication@47529349
reloadAllAccessors: .Lattice

===========================================================================================
----------------- testing Wed Jul 06 02:16:56 UTC 2022 /home/travis/build/icyphy/ptII/ptolemy/actor/lib/test/auto/LazyAOCTestLazy.xml
----------------- Instantiating /home/travis/build/icyphy/ptII/ptolemy/actor/lib/test/auto/LazyAOCTestLazy.xml
19 ms. Memory: 294912K Free: 72586K (25%)
----------------- Invoking toplevel() on ptolemy.moml.MoMLSimpleApplication@1212f5a7
----------------- Done invoking toplevel() on ptolemy.moml.MoMLSimpleApplication@1212f5a7
reloadAllAccessors: .LazyAOCTestLazy

===========================================================================================
----------------- testing Wed Jul 06 02:16:56 UTC 2022 /home/travis/build/icyphy/ptII/ptolemy/actor/lib/test/auto/LazyAOCTestNonLazy.xml
----------------- Instantiating /home/travis/build/icyphy/ptII/ptolemy/actor/lib/test/auto/LazyAOCTestNonLazy.xml
2 ms. Memory: 294912K Free: 240346K (81%)
----------------- Invoking toplevel() on ptolemy.moml.MoMLSimpleApplication@106ada86
----------------- Done invoking toplevel() on ptolemy.moml.MoMLSimpleApplication@106ada86
reloadAllAccessors: .LazyAOCTestNonLazy

===========================================================================================
----------------- testing Wed Jul 06 02:16:56 UTC 2022 /home/travis/build/icyphy/ptII/ptolemy/actor/lib/test/auto/LazyInnerClass.xml
----------------- Instantiating /home/travis/build/icyphy/ptII/ptolemy/actor/lib/test/auto/LazyInnerClass.xml
10 ms. Memory: 294912K Free: 231626K (79%)
----------------- Invoking toplevel() on ptolemy.moml.MoMLSimpleApplication@42beb93c
----------------- Done invoking toplevel() on ptolemy.moml.MoMLSimpleApplication@42beb93c
reloadAllAccessors: .LazyInnerClass

===========================================================================================
----------------- testing Wed Jul 06 02:16:56 UTC 2022 /home/travis/build/icyphy/ptII/ptolemy/actor/lib/test/auto/LazyPubSub.xml
----------------- Instantiating /home/travis/build/icyphy/ptII/ptolemy/actor/lib/test/auto/LazyPubSub.xml
23 ms. Memory: 294912K Free: 221400K (75%)
----------------- Invoking toplevel() on ptolemy.moml.MoMLSimpleApplication@11e3ff41
----------------- Done invoking toplevel() on ptolemy.moml.MoMLSimpleApplication@11e3ff41
reloadAllAccessors: .LazyPubSub

===========================================================================================
----------------- testing Wed Jul 06 02:16:56 UTC 2022 /home/travis/build/icyphy/ptII/ptolemy/actor/lib/test/auto/LazyPubSub2.xml
----------------- Instantiating /home/travis/build/icyphy/ptII/ptolemy/actor/lib/test/auto/LazyPubSub2.xml
15 ms. Memory: 294912K Free: 211160K (72%)
----------------- Invoking toplevel() on ptolemy.moml.MoMLSimpleApplication@429569e4
----------------- Done invoking toplevel() on ptolemy.moml.MoMLSimpleApplication@429569e4
reloadAllAccessors: .LazyPubSub2

===========================================================================================
----------------- testing Wed Jul 06 02:16:56 UTC 2022 /home/travis/build/icyphy/ptII/ptolemy/actor/lib/test/auto/LazyPubSub3.xml
----------------- Instantiating /home/travis/build/icyphy/ptII/ptolemy/actor/lib/test/auto/LazyPubSub3.xml
13 ms. Memory: 294912K Free: 200920K (68%)
----------------- Invoking toplevel() on ptolemy.moml.MoMLSimpleApplication@2da61a6e
----------------- Done invoking toplevel() on ptolemy.moml.MoMLSimpleApplication@2da61a6e
reloadAllAccessors: .LazyPubSub3

===========================================================================================
----------------- testing Wed Jul 06 02:16:56 UTC 2022 /home/travis/build/icyphy/ptII/ptolemy/actor/lib/test/auto/LazySubClassModel.xml
----------------- Instantiating /home/travis/build/icyphy/ptII/ptolemy/actor/lib/test/auto/LazySubClassModel.xml
1 ms. Memory: 294912K Free: 191704K (65%)
----------------- Invoking toplevel() on ptolemy.moml.MoMLSimpleApplication@3f6c7cb4
----------------- Done invoking toplevel() on ptolemy.moml.MoMLSimpleApplication@3f6c7cb4
reloadAllAccessors: .LazySubClassModel

===========================================================================================
----------------- testing Wed Jul 06 02:16:56 UTC 2022 /home/travis/build/icyphy/ptII/ptolemy/actor/lib/test/auto/LevelCrossTest1.xml
----------------- Instantiating /home/travis/build/icyphy/ptII/ptolemy/actor/lib/test/auto/LevelCrossTest1.xml
1 ms. Memory: 294912K Free: 185560K (63%)
----------------- Invoking toplevel() on ptolemy.moml.MoMLSimpleApplication@352e8aea
----------------- Done invoking toplevel() on ptolemy.moml.MoMLSimpleApplication@352e8aea
reloadAllAccessors: .broken

===========================================================================================
----------------- testing Wed Jul 06 02:16:56 UTC 2022 /home/travis/build/icyphy/ptII/ptolemy/actor/lib/test/auto/LevelCrossTest10.xml
----------------- Instantiating /home/travis/build/icyphy/ptII/ptolemy/actor/lib/test/auto/LevelCrossTest10.xml
1 ms. Memory: 294912K Free: 177882K (60%)
----------------- Invoking toplevel() on ptolemy.moml.MoMLSimpleApplication@72f6013c
----------------- Done invoking toplevel() on ptolemy.moml.MoMLSimpleApplication@72f6013c
reloadAllAccessors: .LevelCrossTest10

===========================================================================================
----------------- testing Wed Jul 06 02:16:56 UTC 2022 /home/travis/build/icyphy/ptII/ptolemy/actor/lib/test/auto/LevelCrossTest11.xml
----------------- Instantiating /home/travis/build/icyphy/ptII/ptolemy/actor/lib/test/auto/LevelCrossTest11.xml
1 ms. Memory: 294912K Free: 170714K (58%)
----------------- Invoking toplevel() on ptolemy.moml.MoMLSimpleApplication@5df9bfe
----------------- Done invoking toplevel() on ptolemy.moml.MoMLSimpleApplication@5df9bfe
reloadAllAccessors: .LevelCrossTest11

===========================================================================================
----------------- testing Wed Jul 06 02:16:56 UTC 2022 /home/travis/build/icyphy/ptII/ptolemy/actor/lib/test/auto/LevelCrossTest12.xml
----------------- Instantiating /home/travis/build/icyphy/ptII/ptolemy/actor/lib/test/auto/LevelCrossTest12.xml
1 ms. Memory: 294912K Free: 164570K (56%)
----------------- Invoking toplevel() on ptolemy.moml.MoMLSimpleApplication@72b69ffc
----------------- Done invoking toplevel() on ptolemy.moml.MoMLSimpleApplication@72b69ffc
reloadAllAccessors: .LevelCrossTest12

===========================================================================================
----------------- testing Wed Jul 06 02:16:56 UTC 2022 /home/travis/build/icyphy/ptII/ptolemy/actor/lib/test/auto/LevelCrossTest13.xml
----------------- Instantiating /home/travis/build/icyphy/ptII/ptolemy/actor/lib/test/auto/LevelCrossTest13.xml
1 ms. Memory: 294912K Free: 156378K (53%)
----------------- Invoking toplevel() on ptolemy.moml.MoMLSimpleApplication@6aa7661
----------------- Done invoking toplevel() on ptolemy.moml.MoMLSimpleApplication@6aa7661
reloadAllAccessors: .LevelCrossTest13

===========================================================================================
----------------- testing Wed Jul 06 02:16:56 UTC 2022 /home/travis/build/icyphy/ptII/ptolemy/actor/lib/test/auto/LevelCrossTest2.xml
----------------- Instantiating /home/travis/build/icyphy/ptII/ptolemy/actor/lib/test/auto/LevelCrossTest2.xml
1 ms. Memory: 294912K Free: 150744K (51%)
----------------- Invoking toplevel() on ptolemy.moml.MoMLSimpleApplication@8b028cf
----------------- Done invoking toplevel() on ptolemy.moml.MoMLSimpleApplication@8b028cf
reloadAllAccessors: .broken

===========================================================================================
----------------- testing Wed Jul 06 02:16:56 UTC 2022 /home/travis/build/icyphy/ptII/ptolemy/actor/lib/test/auto/LevelCrossTest3.xml
----------------- Instantiating /home/travis/build/icyphy/ptII/ptolemy/actor/lib/test/auto/LevelCrossTest3.xml
1 ms. Memory: 294912K Free: 144090K (49%)
----------------- Invoking toplevel() on ptolemy.moml.MoMLSimpleApplication@4a9dd94b
----------------- Done invoking toplevel() on ptolemy.moml.MoMLSimpleApplication@4a9dd94b
reloadAllAccessors: .LevelCrossTest3

===========================================================================================
----------------- testing Wed Jul 06 02:16:56 UTC 2022 /home/travis/build/icyphy/ptII/ptolemy/actor/lib/test/auto/LevelCrossTest4.xml
----------------- Instantiating /home/travis/build/icyphy/ptII/ptolemy/actor/lib/test/auto/LevelCrossTest4.xml
1 ms. Memory: 294912K Free: 138970K (47%)
----------------- Invoking toplevel() on ptolemy.moml.MoMLSimpleApplication@5a16845d
----------------- Done invoking toplevel() on ptolemy.moml.MoMLSimpleApplication@5a16845d
reloadAllAccessors: .broken

===========================================================================================
----------------- testing Wed Jul 06 02:16:56 UTC 2022 /home/travis/build/icyphy/ptII/ptolemy/actor/lib/test/auto/LevelCrossTest5.xml
----------------- Instantiating /home/travis/build/icyphy/ptII/ptolemy/actor/lib/test/auto/LevelCrossTest5.xml
2 ms. Memory: 294912K Free: 132312K (45%)
----------------- Invoking toplevel() on ptolemy.moml.MoMLSimpleApplication@18fc6751
----------------- Done invoking toplevel() on ptolemy.moml.MoMLSimpleApplication@18fc6751
reloadAllAccessors: .LevelCrossTest5

===========================================================================================
----------------- testing Wed Jul 06 02:16:56 UTC 2022 /home/travis/build/icyphy/ptII/ptolemy/actor/lib/test/auto/LevelCrossTest6.xml
----------------- Instantiating /home/travis/build/icyphy/ptII/ptolemy/actor/lib/test/auto/LevelCrossTest6.xml
3 ms. Memory: 294912K Free: 125144K (42%)
----------------- Invoking toplevel() on ptolemy.moml.MoMLSimpleApplication@817c9ae
----------------- Done invoking toplevel() on ptolemy.moml.MoMLSimpleApplication@817c9ae
reloadAllAccessors: .LevelCrossTest6

===========================================================================================
----------------- testing Wed Jul 06 02:16:56 UTC 2022 /home/travis/build/icyphy/ptII/ptolemy/actor/lib/test/auto/LevelCrossTest7.xml
----------------- Instantiating /home/travis/build/icyphy/ptII/ptolemy/actor/lib/test/auto/LevelCrossTest7.xml
2 ms. Memory: 294912K Free: 116952K (40%)
----------------- Invoking toplevel() on ptolemy.moml.MoMLSimpleApplication@50a6f574
----------------- Done invoking toplevel() on ptolemy.moml.MoMLSimpleApplication@50a6f574
reloadAllAccessors: .LevelCrossTest7

===========================================================================================
----------------- testing Wed Jul 06 02:16:56 UTC 2022 /home/travis/build/icyphy/ptII/ptolemy/actor/lib/test/auto/LevelCrossTest8.xml
----------------- Instantiating /home/travis/build/icyphy/ptII/ptolemy/actor/lib/test/auto/LevelCrossTest8.xml
1 ms. Memory: 294912K Free: 109274K (37%)
----------------- Invoking toplevel() on ptolemy.moml.MoMLSimpleApplication@1630e629
----------------- Done invoking toplevel() on ptolemy.moml.MoMLSimpleApplication@1630e629
reloadAllAccessors: .LevelCrossTest8

===========================================================================================
----------------- testing Wed Jul 06 02:16:56 UTC 2022 /home/travis/build/icyphy/ptII/ptolemy/actor/lib/test/auto/LevelCrossTest9.xml
----------------- Instantiating /home/travis/build/icyphy/ptII/ptolemy/actor/lib/test/auto/LevelCrossTest9.xml
3 ms. Memory: 294912K Free: 101592K (34%)
----------------- Invoking toplevel() on ptolemy.moml.MoMLSimpleApplication@23f77441
----------------- Done invoking toplevel() on ptolemy.moml.MoMLSimpleApplication@23f77441
reloadAllAccessors: .LevelCrossTest9

===========================================================================================
----------------- testing Wed Jul 06 02:16:56 UTC 2022 /home/travis/build/icyphy/ptII/ptolemy/actor/lib/test/auto/LevinsonDurbin.xml
----------------- Instantiating /home/travis/build/icyphy/ptII/ptolemy/actor/lib/test/auto/LevinsonDurbin.xml
1 ms. Memory: 294912K Free: 97496K (33%)
----------------- Invoking toplevel() on ptolemy.moml.MoMLSimpleApplication@17961923
----------------- Done invoking toplevel() on ptolemy.moml.MoMLSimpleApplication@17961923
reloadAllAccessors: .LevinsonDurbin

===========================================================================================
----------------- testing Wed Jul 06 02:16:56 UTC 2022 /home/travis/build/icyphy/ptII/ptolemy/actor/lib/test/auto/LevinsonDurbin2.xml
----------------- Instantiating /home/travis/build/icyphy/ptII/ptolemy/actor/lib/test/auto/LevinsonDurbin2.xml
3 ms. Memory: 294912K Free: 93400K (32%)
----------------- Invoking toplevel() on ptolemy.moml.MoMLSimpleApplication@7d2a9891
----------------- Done invoking toplevel() on ptolemy.moml.MoMLSimpleApplication@7d2a9891
reloadAllAccessors: .LevinsonDurbin2

===========================================================================================
----------------- testing Wed Jul 06 02:16:56 UTC 2022 /home/travis/build/icyphy/ptII/ptolemy/actor/lib/test/auto/LevinsonDurbin3.xml
----------------- Instantiating /home/travis/build/icyphy/ptII/ptolemy/actor/lib/test/auto/LevinsonDurbin3.xml
2 ms. Memory: 294912K Free: 89304K (30%)
----------------- Invoking toplevel() on ptolemy.moml.MoMLSimpleApplication@2dc6c25
----------------- Done invoking toplevel() on ptolemy.moml.MoMLSimpleApplication@2dc6c25
reloadAllAccessors: .LevinsonDurbin3

===========================================================================================
----------------- testing Wed Jul 06 02:16:56 UTC 2022 /home/travis/build/icyphy/ptII/ptolemy/actor/lib/test/auto/Limiter.xml
----------------- Instantiating /home/travis/build/icyphy/ptII/ptolemy/actor/lib/test/auto/Limiter.xml
4 ms. Memory: 294912K Free: 80074K (27%)
----------------- Invoking toplevel() on ptolemy.moml.MoMLSimpleApplication@1ef86b72
----------------- Done invoking toplevel() on ptolemy.moml.MoMLSimpleApplication@1ef86b72
reloadAllAccessors: .Limiter

===========================================================================================
----------------- testing Wed Jul 06 02:16:56 UTC 2022 /home/travis/build/icyphy/ptII/ptolemy/actor/lib/test/auto/LinearDifferenceEquationSystem.xml
----------------- Instantiating /home/travis/build/icyphy/ptII/ptolemy/actor/lib/test/auto/LinearDifferenceEquationSystem.xml
12 ms. Memory: 294912K Free: 72920K (25%)
----------------- Invoking toplevel() on ptolemy.moml.MoMLSimpleApplication@61b6f615
----------------- Done invoking toplevel() on ptolemy.moml.MoMLSimpleApplication@61b6f615
reloadAllAccessors: .LinearDifferenceEquationSystem

===========================================================================================
----------------- testing Wed Jul 06 02:16:56 UTC 2022 /home/travis/build/icyphy/ptII/ptolemy/actor/lib/test/auto/LookupTable.xml
----------------- Instantiating /home/travis/build/icyphy/ptII/ptolemy/actor/lib/test/auto/LookupTable.xml
1 ms. Memory: 294912K Free: 242394K (82%)
----------------- Invoking toplevel() on ptolemy.moml.MoMLSimpleApplication@49c615f9
----------------- Done invoking toplevel() on ptolemy.moml.MoMLSimpleApplication@49c615f9
reloadAllAccessors: .LookupTable

===========================================================================================
----------------- testing Wed Jul 06 02:16:56 UTC 2022 /home/travis/build/icyphy/ptII/ptolemy/actor/lib/test/auto/MathFunction.xml
----------------- Instantiating /home/travis/build/icyphy/ptII/ptolemy/actor/lib/test/auto/MathFunction.xml
2 ms. Memory: 294912K Free: 234202K (79%)
----------------- Invoking toplevel() on ptolemy.moml.MoMLSimpleApplication@67bbf260
----------------- Done invoking toplevel() on ptolemy.moml.MoMLSimpleApplication@67bbf260
reloadAllAccessors: .MathFunction

===========================================================================================
----------------- testing Wed Jul 06 02:16:56 UTC 2022 /home/travis/build/icyphy/ptII/ptolemy/actor/lib/test/auto/MathFunction2.xml
----------------- Instantiating /home/travis/build/icyphy/ptII/ptolemy/actor/lib/test/auto/MathFunction2.xml
3 ms. Memory: 294912K Free: 230106K (78%)
----------------- Invoking toplevel() on ptolemy.moml.MoMLSimpleApplication@8a4353a
----------------- Done invoking toplevel() on ptolemy.moml.MoMLSimpleApplication@8a4353a
reloadAllAccessors: .MathFunction2

===========================================================================================
----------------- testing Wed Jul 06 02:16:56 UTC 2022 /home/travis/build/icyphy/ptII/ptolemy/actor/lib/test/auto/MathFunction3.xml
----------------- Instantiating /home/travis/build/icyphy/ptII/ptolemy/actor/lib/test/auto/MathFunction3.xml
2 ms. Memory: 294912K Free: 222938K (76%)
----------------- Invoking toplevel() on ptolemy.moml.MoMLSimpleApplication@cad5dcb
----------------- Done invoking toplevel() on ptolemy.moml.MoMLSimpleApplication@cad5dcb
reloadAllAccessors: .MathFunction3

===========================================================================================
----------------- testing Wed Jul 06 02:16:56 UTC 2022 /home/travis/build/icyphy/ptII/ptolemy/actor/lib/test/auto/MatrixCropBoolean.xml
----------------- Instantiating /home/travis/build/icyphy/ptII/ptolemy/actor/lib/test/auto/MatrixCropBoolean.xml
2 ms. Memory: 294912K Free: 217818K (74%)
----------------- Invoking toplevel() on ptolemy.moml.MoMLSimpleApplication@35ff2425
----------------- Done invoking toplevel() on ptolemy.moml.MoMLSimpleApplication@35ff2425
reloadAllAccessors: .MatrixCropBoolean

===========================================================================================
----------------- testing Wed Jul 06 02:16:56 UTC 2022 /home/travis/build/icyphy/ptII/ptolemy/actor/lib/test/auto/MatrixCropComplex.xml
----------------- Instantiating /home/travis/build/icyphy/ptII/ptolemy/actor/lib/test/auto/MatrixCropComplex.xml
2 ms. Memory: 294912K Free: 212698K (72%)
----------------- Invoking toplevel() on ptolemy.moml.MoMLSimpleApplication@335eeada
----------------- Done invoking toplevel() on ptolemy.moml.MoMLSimpleApplication@335eeada
reloadAllAccessors: .MatrixCropComplex

===========================================================================================
----------------- testing Wed Jul 06 02:16:56 UTC 2022 /home/travis/build/icyphy/ptII/ptolemy/actor/lib/test/auto/MatrixCropDouble.xml
----------------- Instantiating /home/travis/build/icyphy/ptII/ptolemy/actor/lib/test/auto/MatrixCropDouble.xml
2 ms. Memory: 294912K Free: 207578K (70%)
----------------- Invoking toplevel() on ptolemy.moml.MoMLSimpleApplication@1ab79848
----------------- Done invoking toplevel() on ptolemy.moml.MoMLSimpleApplication@1ab79848
reloadAllAccessors: .MatrixCropDouble

===========================================================================================
----------------- testing Wed Jul 06 02:16:56 UTC 2022 /home/travis/build/icyphy/ptII/ptolemy/actor/lib/test/auto/MatrixCropFix.xml
----------------- Instantiating /home/travis/build/icyphy/ptII/ptolemy/actor/lib/test/auto/MatrixCropFix.xml
2 ms. Memory: 294912K Free: 202458K (69%)
----------------- Invoking toplevel() on ptolemy.moml.MoMLSimpleApplication@4b44eb97
----------------- Done invoking toplevel() on ptolemy.moml.MoMLSimpleApplication@4b44eb97
reloadAllAccessors: .MatrixCropFix

===========================================================================================
----------------- testing Wed Jul 06 02:16:56 UTC 2022 /home/travis/build/icyphy/ptII/ptolemy/actor/lib/test/auto/MatrixCropInt.xml
----------------- Instantiating /home/travis/build/icyphy/ptII/ptolemy/actor/lib/test/auto/MatrixCropInt.xml
1 ms. Memory: 294912K Free: 197338K (67%)
----------------- Invoking toplevel() on ptolemy.moml.MoMLSimpleApplication@2a789b78
----------------- Done invoking toplevel() on ptolemy.moml.MoMLSimpleApplication@2a789b78
reloadAllAccessors: .MatrixCropInt

===========================================================================================
----------------- testing Wed Jul 06 02:16:56 UTC 2022 /home/travis/build/icyphy/ptII/ptolemy/actor/lib/test/auto/MatrixCropLong.xml
----------------- Instantiating /home/travis/build/icyphy/ptII/ptolemy/actor/lib/test/auto/MatrixCropLong.xml
1 ms. Memory: 294912K Free: 192218K (65%)
----------------- Invoking toplevel() on ptolemy.moml.MoMLSimpleApplication@bf50b8e
----------------- Done invoking toplevel() on ptolemy.moml.MoMLSimpleApplication@bf50b8e
reloadAllAccessors: .MatrixCropLong

===========================================================================================
----------------- testing Wed Jul 06 02:16:56 UTC 2022 /home/travis/build/icyphy/ptII/ptolemy/actor/lib/test/auto/MatrixToArray.xml
----------------- Instantiating /home/travis/build/icyphy/ptII/ptolemy/actor/lib/test/auto/MatrixToArray.xml
5 ms. Memory: 294912K Free: 176858K (60%)
----------------- Invoking toplevel() on ptolemy.moml.MoMLSimpleApplication@248a2dad
----------------- Done invoking toplevel() on ptolemy.moml.MoMLSimpleApplication@248a2dad
reloadAllAccessors: .MatrixToArray

===========================================================================================
----------------- testing Wed Jul 06 02:16:56 UTC 2022 /home/travis/build/icyphy/ptII/ptolemy/actor/lib/test/auto/MaxIndex.xml
----------------- Instantiating /home/travis/build/icyphy/ptII/ptolemy/actor/lib/test/auto/MaxIndex.xml
1 ms. Memory: 294912K Free: 171738K (58%)
----------------- Invoking toplevel() on ptolemy.moml.MoMLSimpleApplication@6d3253d6
----------------- Done invoking toplevel() on ptolemy.moml.MoMLSimpleApplication@6d3253d6
reloadAllAccessors: .MaxIndex

===========================================================================================
----------------- testing Wed Jul 06 02:16:56 UTC 2022 /home/travis/build/icyphy/ptII/ptolemy/actor/lib/test/auto/Maximum.xml
----------------- Instantiating /home/travis/build/icyphy/ptII/ptolemy/actor/lib/test/auto/Maximum.xml
2 ms. Memory: 294912K Free: 165050K (56%)
----------------- Invoking toplevel() on ptolemy.moml.MoMLSimpleApplication@21938adc
----------------- Done invoking toplevel() on ptolemy.moml.MoMLSimpleApplication@21938adc
reloadAllAccessors: .Maximum

===========================================================================================
----------------- testing Wed Jul 06 02:16:56 UTC 2022 /home/travis/build/icyphy/ptII/ptolemy/actor/lib/test/auto/MaximumComplex.xml
----------------- Instantiating /home/travis/build/icyphy/ptII/ptolemy/actor/lib/test/auto/MaximumComplex.xml
4 ms. Memory: 294912K Free: 158936K (54%)
----------------- Invoking toplevel() on ptolemy.moml.MoMLSimpleApplication@b9fcf6
----------------- Done invoking toplevel() on ptolemy.moml.MoMLSimpleApplication@b9fcf6
reloadAllAccessors: .MaximumComplex

===========================================================================================
----------------- testing Wed Jul 06 02:16:56 UTC 2022 /home/travis/build/icyphy/ptII/ptolemy/actor/lib/test/auto/MethodCallTest.xml
----------------- Instantiating /home/travis/build/icyphy/ptII/ptolemy/actor/lib/test/auto/MethodCallTest.xml
2 ms. Memory: 294912K Free: 152282K (52%)
----------------- Invoking toplevel() on ptolemy.moml.MoMLSimpleApplication@492b07b0
----------------- Done invoking toplevel() on ptolemy.moml.MoMLSimpleApplication@492b07b0
reloadAllAccessors: .MethodCallTest

===========================================================================================
----------------- testing Wed Jul 06 02:16:56 UTC 2022 /home/travis/build/icyphy/ptII/ptolemy/actor/lib/test/auto/Minimum.xml
----------------- Instantiating /home/travis/build/icyphy/ptII/ptolemy/actor/lib/test/auto/Minimum.xml
2 ms. Memory: 294912K Free: 146138K (50%)
----------------- Invoking toplevel() on ptolemy.moml.MoMLSimpleApplication@39b81720
----------------- Done invoking toplevel() on ptolemy.moml.MoMLSimpleApplication@39b81720
reloadAllAccessors: .Minimum

===========================================================================================
----------------- testing Wed Jul 06 02:16:57 UTC 2022 /home/travis/build/icyphy/ptII/ptolemy/actor/lib/test/auto/MinimumComplex.xml
----------------- Instantiating /home/travis/build/icyphy/ptII/ptolemy/actor/lib/test/auto/MinimumComplex.xml
3 ms. Memory: 294912K Free: 139994K (47%)
----------------- Invoking toplevel() on ptolemy.moml.MoMLSimpleApplication@34daa285
----------------- Done invoking toplevel() on ptolemy.moml.MoMLSimpleApplication@34daa285
reloadAllAccessors: .MinimumComplex

===========================================================================================
----------------- testing Wed Jul 06 02:16:57 UTC 2022 /home/travis/build/icyphy/ptII/ptolemy/actor/lib/test/auto/MinimumMultiports.xml
----------------- Instantiating /home/travis/build/icyphy/ptII/ptolemy/actor/lib/test/auto/MinimumMultiports.xml
6 ms. Memory: 294912K Free: 131282K (45%)
----------------- Invoking toplevel() on ptolemy.moml.MoMLSimpleApplication@21535560
----------------- Done invoking toplevel() on ptolemy.moml.MoMLSimpleApplication@21535560
reloadAllAccessors: .MinimumMultiports

===========================================================================================
----------------- testing Wed Jul 06 02:16:57 UTC 2022 /home/travis/build/icyphy/ptII/ptolemy/actor/lib/test/auto/ModifyDate.xml
----------------- Instantiating /home/travis/build/icyphy/ptII/ptolemy/actor/lib/test/auto/ModifyDate.xml
7 ms. Memory: 294912K Free: 118490K (40%)
----------------- Invoking toplevel() on ptolemy.moml.MoMLSimpleApplication@5467b7f7
----------------- Done invoking toplevel() on ptolemy.moml.MoMLSimpleApplication@5467b7f7
reloadAllAccessors: .ModifyDate

===========================================================================================
----------------- testing Wed Jul 06 02:16:57 UTC 2022 /home/travis/build/icyphy/ptII/ptolemy/actor/lib/test/auto/ModifyDate2.xml
----------------- Instantiating /home/travis/build/icyphy/ptII/ptolemy/actor/lib/test/auto/ModifyDate2.xml
9 ms. Memory: 294912K Free: 109784K (37%)
----------------- Invoking toplevel() on ptolemy.moml.MoMLSimpleApplication@664b30c1
----------------- Done invoking toplevel() on ptolemy.moml.MoMLSimpleApplication@664b30c1
reloadAllAccessors: .ModifyDate2

===========================================================================================
----------------- testing Wed Jul 06 02:16:57 UTC 2022 /home/travis/build/icyphy/ptII/ptolemy/actor/lib/test/auto/MovingAverage.xml
----------------- Instantiating /home/travis/build/icyphy/ptII/ptolemy/actor/lib/test/auto/MovingAverage.xml
2 ms. Memory: 294912K Free: 104664K (35%)
----------------- Invoking toplevel() on ptolemy.moml.MoMLSimpleApplication@4b57287f
----------------- Done invoking toplevel() on ptolemy.moml.MoMLSimpleApplication@4b57287f
reloadAllAccessors: .MovingAverage

===========================================================================================
----------------- testing Wed Jul 06 02:16:57 UTC 2022 /home/travis/build/icyphy/ptII/ptolemy/actor/lib/test/auto/MovingMaximum.xml
----------------- Instantiating /home/travis/build/icyphy/ptII/ptolemy/actor/lib/test/auto/MovingMaximum.xml
2 ms. Memory: 294912K Free: 100058K (34%)
----------------- Invoking toplevel() on ptolemy.moml.MoMLSimpleApplication@239dbec6
----------------- Done invoking toplevel() on ptolemy.moml.MoMLSimpleApplication@239dbec6
reloadAllAccessors: .MovingMaximum

===========================================================================================
----------------- testing Wed Jul 06 02:16:57 UTC 2022 /home/travis/build/icyphy/ptII/ptolemy/actor/lib/test/auto/MultipleLinksToSameRelation.xml
----------------- Instantiating /home/travis/build/icyphy/ptII/ptolemy/actor/lib/test/auto/MultipleLinksToSameRelation.xml
2 ms. Memory: 294912K Free: 95962K (33%)
----------------- Invoking toplevel() on ptolemy.moml.MoMLSimpleApplication@1beaeb60
----------------- Done invoking toplevel() on ptolemy.moml.MoMLSimpleApplication@1beaeb60
reloadAllAccessors: .MultipleLinksToSameRelation

===========================================================================================
----------------- testing Wed Jul 06 02:16:57 UTC 2022 /home/travis/build/icyphy/ptII/ptolemy/actor/lib/test/auto/MultipleLinksToSameRelationDE.xml
----------------- Instantiating /home/travis/build/icyphy/ptII/ptolemy/actor/lib/test/auto/MultipleLinksToSameRelationDE.xml
10 ms. Memory: 294912K Free: 91338K (31%)
----------------- Invoking toplevel() on ptolemy.moml.MoMLSimpleApplication@3de93711
----------------- Done invoking toplevel() on ptolemy.moml.MoMLSimpleApplication@3de93711
reloadAllAccessors: .MultipleLinksToSameRelationDE

===========================================================================================
----------------- testing Wed Jul 06 02:16:57 UTC 2022 /home/travis/build/icyphy/ptII/ptolemy/actor/lib/test/auto/Multiplexor.xml
----------------- Instantiating /home/travis/build/icyphy/ptII/ptolemy/actor/lib/test/auto/Multiplexor.xml
2 ms. Memory: 294912K Free: 85722K (29%)
----------------- Invoking toplevel() on ptolemy.moml.MoMLSimpleApplication@2870eaf2
----------------- Done invoking toplevel() on ptolemy.moml.MoMLSimpleApplication@2870eaf2
reloadAllAccessors: .Multiplexor

===========================================================================================
----------------- testing Wed Jul 06 02:16:57 UTC 2022 /home/travis/build/icyphy/ptII/ptolemy/actor/lib/test/auto/Multiplexor1.xml
----------------- Instantiating /home/travis/build/icyphy/ptII/ptolemy/actor/lib/test/auto/Multiplexor1.xml
2 ms. Memory: 294912K Free: 80058K (27%)
----------------- Invoking toplevel() on ptolemy.moml.MoMLSimpleApplication@46e5d577
----------------- Done invoking toplevel() on ptolemy.moml.MoMLSimpleApplication@46e5d577
reloadAllAccessors: .Multiplexor1

===========================================================================================
----------------- testing Wed Jul 06 02:16:57 UTC 2022 /home/travis/build/icyphy/ptII/ptolemy/actor/lib/test/auto/Multiplexor2.xml
----------------- Instantiating /home/travis/build/icyphy/ptII/ptolemy/actor/lib/test/auto/Multiplexor2.xml
6 ms. Memory: 294912K Free: 72920K (25%)
----------------- Invoking toplevel() on ptolemy.moml.MoMLSimpleApplication@2322f792
----------------- Done invoking toplevel() on ptolemy.moml.MoMLSimpleApplication@2322f792
reloadAllAccessors: .Multiplexor2

===========================================================================================
----------------- testing Wed Jul 06 02:16:57 UTC 2022 /home/travis/build/icyphy/ptII/ptolemy/actor/lib/test/auto/Multiplexor3.xml
----------------- Instantiating /home/travis/build/icyphy/ptII/ptolemy/actor/lib/test/auto/Multiplexor3.xml
2 ms. Memory: 294912K Free: 242904K (82%)
----------------- Invoking toplevel() on ptolemy.moml.MoMLSimpleApplication@3e0e9ea9
----------------- Done invoking toplevel() on ptolemy.moml.MoMLSimpleApplication@3e0e9ea9
reloadAllAccessors: .Multiplexor3

===========================================================================================
----------------- testing Wed Jul 06 02:16:57 UTC 2022 /home/travis/build/icyphy/ptII/ptolemy/actor/lib/test/auto/MultiplexorDE.xml
----------------- Instantiating /home/travis/build/icyphy/ptII/ptolemy/actor/lib/test/auto/MultiplexorDE.xml
2 ms. Memory: 294912K Free: 234682K (80%)
----------------- Invoking toplevel() on ptolemy.moml.MoMLSimpleApplication@1637ef95
----------------- Done invoking toplevel() on ptolemy.moml.MoMLSimpleApplication@1637ef95
reloadAllAccessors: .MultiplexorDE

===========================================================================================
----------------- testing Wed Jul 06 02:16:57 UTC 2022 /home/travis/build/icyphy/ptII/ptolemy/actor/lib/test/auto/MultiportBroadcastTest.xml
----------------- Instantiating /home/travis/build/icyphy/ptII/ptolemy/actor/lib/test/auto/MultiportBroadcastTest.xml
85 ms. Memory: 294912K Free: 228568K (78%)
----------------- Invoking toplevel() on ptolemy.moml.MoMLSimpleApplication@595af397
----------------- Done invoking toplevel() on ptolemy.moml.MoMLSimpleApplication@595af397
reloadAllAccessors: .MultiportBroadcastTest

===========================================================================================
----------------- testing Wed Jul 06 02:16:57 UTC 2022 /home/travis/build/icyphy/ptII/ptolemy/actor/lib/test/auto/MultiportOutHangDuringGetWidth.xml
----------------- Instantiating /home/travis/build/icyphy/ptII/ptolemy/actor/lib/test/auto/MultiportOutHangDuringGetWidth.xml
10 ms. Memory: 294912K Free: 216250K (73%)
----------------- Invoking toplevel() on ptolemy.moml.MoMLSimpleApplication@4fb623d6
----------------- Done invoking toplevel() on ptolemy.moml.MoMLSimpleApplication@4fb623d6
reloadAllAccessors: .MultiportOutHangDuringGetWidth

===========================================================================================
----------------- testing Wed Jul 06 02:16:57 UTC 2022 /home/travis/build/icyphy/ptII/ptolemy/actor/lib/test/auto/NilToken.xml
----------------- Instantiating /home/travis/build/icyphy/ptII/ptolemy/actor/lib/test/auto/NilToken.xml
1 ms. Memory: 294912K Free: 212184K (72%)
----------------- Invoking toplevel() on ptolemy.moml.MoMLSimpleApplication@2f5b4f34
----------------- Done invoking toplevel() on ptolemy.moml.MoMLSimpleApplication@2f5b4f34
reloadAllAccessors: .NilToken

===========================================================================================
----------------- testing Wed Jul 06 02:16:57 UTC 2022 /home/travis/build/icyphy/ptII/ptolemy/actor/lib/test/auto/NilTokenNonStrictTest.xml
----------------- Instantiating /home/travis/build/icyphy/ptII/ptolemy/actor/lib/test/auto/NilTokenNonStrictTest.xml
2 ms. Memory: 294912K Free: 207064K (70%)
----------------- Invoking toplevel() on ptolemy.moml.MoMLSimpleApplication@473ea479
----------------- Done invoking toplevel() on ptolemy.moml.MoMLSimpleApplication@473ea479
reloadAllAccessors: .NilTokenNonStrictTest

===========================================================================================
----------------- testing Wed Jul 06 02:16:57 UTC 2022 /home/travis/build/icyphy/ptII/ptolemy/actor/lib/test/auto/NilTokenRecord.xml
----------------- Instantiating /home/travis/build/icyphy/ptII/ptolemy/actor/lib/test/auto/NilTokenRecord.xml
4 ms. Memory: 294912K Free: 200410K (68%)
----------------- Invoking toplevel() on ptolemy.moml.MoMLSimpleApplication@6bbe584a
----------------- Done invoking toplevel() on ptolemy.moml.MoMLSimpleApplication@6bbe584a
reloadAllAccessors: .NilTokenRecord

===========================================================================================
----------------- testing Wed Jul 06 02:16:57 UTC 2022 /home/travis/build/icyphy/ptII/ptolemy/actor/lib/test/auto/NilTokenTypeTest.xml
----------------- Instantiating /home/travis/build/icyphy/ptII/ptolemy/actor/lib/test/auto/NilTokenTypeTest.xml
3 ms. Memory: 294912K Free: 190680K (65%)
----------------- Invoking toplevel() on ptolemy.moml.MoMLSimpleApplication@10a2f541
----------------- Done invoking toplevel() on ptolemy.moml.MoMLSimpleApplication@10a2f541
reloadAllAccessors: .NilTokenTypeTest

===========================================================================================
----------------- testing Wed Jul 06 02:16:57 UTC 2022 /home/travis/build/icyphy/ptII/ptolemy/actor/lib/test/auto/ObjectToken1.xml
----------------- Instantiating /home/travis/build/icyphy/ptII/ptolemy/actor/lib/test/auto/ObjectToken1.xml
2 ms. Memory: 294912K Free: 186584K (63%)
----------------- Invoking toplevel() on ptolemy.moml.MoMLSimpleApplication@6c63298c
----------------- Done invoking toplevel() on ptolemy.moml.MoMLSimpleApplication@6c63298c
reloadAllAccessors: .ObjectToken1

===========================================================================================
----------------- testing Wed Jul 06 02:16:57 UTC 2022 /home/travis/build/icyphy/ptII/ptolemy/actor/lib/test/auto/OrderedMerge.xml
----------------- Instantiating /home/travis/build/icyphy/ptII/ptolemy/actor/lib/test/auto/OrderedMerge.xml
9 ms. Memory: 294912K Free: 180954K (61%)
----------------- Invoking toplevel() on ptolemy.moml.MoMLSimpleApplication@763cf51c
----------------- Done invoking toplevel() on ptolemy.moml.MoMLSimpleApplication@763cf51c
reloadAllAccessors: .OrderedMerge

===========================================================================================
----------------- testing Wed Jul 06 02:16:57 UTC 2022 /home/travis/build/icyphy/ptII/ptolemy/actor/lib/test/auto/OrderedRecordDisassembler.xml
----------------- Instantiating /home/travis/build/icyphy/ptII/ptolemy/actor/lib/test/auto/OrderedRecordDisassembler.xml
3 ms. Memory: 294912K Free: 175834K (60%)
----------------- Invoking toplevel() on ptolemy.moml.MoMLSimpleApplication@25917ebd
----------------- Done invoking toplevel() on ptolemy.moml.MoMLSimpleApplication@25917ebd
reloadAllAccessors: .OrderedRecordDisassembler

===========================================================================================
----------------- testing Wed Jul 06 02:16:57 UTC 2022 /home/travis/build/icyphy/ptII/ptolemy/actor/lib/test/auto/OrderedRecordDisassembler2.xml
----------------- Instantiating /home/travis/build/icyphy/ptII/ptolemy/actor/lib/test/auto/OrderedRecordDisassembler2.xml
3 ms. Memory: 294912K Free: 168138K (57%)
----------------- Invoking toplevel() on ptolemy.moml.MoMLSimpleApplication@68a794d5
----------------- Done invoking toplevel() on ptolemy.moml.MoMLSimpleApplication@68a794d5
reloadAllAccessors: .OrderedRecordDisassembler2

===========================================================================================
----------------- testing Wed Jul 06 02:16:57 UTC 2022 /home/travis/build/icyphy/ptII/ptolemy/actor/lib/test/auto/OrderedRecordUpdater.xml
----------------- Instantiating /home/travis/build/icyphy/ptII/ptolemy/actor/lib/test/auto/OrderedRecordUpdater.xml
1 ms. Memory: 294912K Free: 163032K (55%)
----------------- Invoking toplevel() on ptolemy.moml.MoMLSimpleApplication@222731d2
----------------- Done invoking toplevel() on ptolemy.moml.MoMLSimpleApplication@222731d2
reloadAllAccessors: .RecordUpdater

===========================================================================================
----------------- testing Wed Jul 06 02:16:57 UTC 2022 /home/travis/build/icyphy/ptII/ptolemy/actor/lib/test/auto/OrderedRecordUpdater2.xml
----------------- Instantiating /home/travis/build/icyphy/ptII/ptolemy/actor/lib/test/auto/OrderedRecordUpdater2.xml
2 ms. Memory: 294912K Free: 157912K (54%)
----------------- Invoking toplevel() on ptolemy.moml.MoMLSimpleApplication@227b9042
----------------- Done invoking toplevel() on ptolemy.moml.MoMLSimpleApplication@227b9042
reloadAllAccessors: .RecordUpdater2

===========================================================================================
----------------- testing Wed Jul 06 02:16:57 UTC 2022 /home/travis/build/icyphy/ptII/ptolemy/actor/lib/test/auto/PhaseUnwrap.xml
----------------- Instantiating /home/travis/build/icyphy/ptII/ptolemy/actor/lib/test/auto/PhaseUnwrap.xml
1 ms. Memory: 294912K Free: 153306K (52%)
----------------- Invoking toplevel() on ptolemy.moml.MoMLSimpleApplication@21268f18
----------------- Done invoking toplevel() on ptolemy.moml.MoMLSimpleApplication@21268f18
reloadAllAccessors: .PhaseUnwrap

===========================================================================================
----------------- testing Wed Jul 06 02:16:57 UTC 2022 /home/travis/build/icyphy/ptII/ptolemy/actor/lib/test/auto/PoissonClock.xml
----------------- Instantiating /home/travis/build/icyphy/ptII/ptolemy/actor/lib/test/auto/PoissonClock.xml
1 ms. Memory: 294912K Free: 148696K (50%)
----------------- Invoking toplevel() on ptolemy.moml.MoMLSimpleApplication@1830e91e
----------------- Done invoking toplevel() on ptolemy.moml.MoMLSimpleApplication@1830e91e
reloadAllAccessors: .PoissonClock

===========================================================================================
----------------- testing Wed Jul 06 02:16:57 UTC 2022 /home/travis/build/icyphy/ptII/ptolemy/actor/lib/test/auto/PoissonClock2.xml
----------------- Instantiating /home/travis/build/icyphy/ptII/ptolemy/actor/lib/test/auto/PoissonClock2.xml
1 ms. Memory: 294912K Free: 144090K (49%)
----------------- Invoking toplevel() on ptolemy.moml.MoMLSimpleApplication@3f5db405
----------------- Done invoking toplevel() on ptolemy.moml.MoMLSimpleApplication@3f5db405
reloadAllAccessors: .PoissonClock2

===========================================================================================
----------------- testing Wed Jul 06 02:16:57 UTC 2022 /home/travis/build/icyphy/ptII/ptolemy/actor/lib/test/auto/PoissonClock3.xml
----------------- Instantiating /home/travis/build/icyphy/ptII/ptolemy/actor/lib/test/auto/PoissonClock3.xml
1 ms. Memory: 294912K Free: 139480K (47%)
----------------- Invoking toplevel() on ptolemy.moml.MoMLSimpleApplication@119510da
----------------- Done invoking toplevel() on ptolemy.moml.MoMLSimpleApplication@119510da
reloadAllAccessors: .PoissonClock3

===========================================================================================
----------------- testing Wed Jul 06 02:16:57 UTC 2022 /home/travis/build/icyphy/ptII/ptolemy/actor/lib/test/auto/PubSubWithInitialTokens.xml
----------------- Instantiating /home/travis/build/icyphy/ptII/ptolemy/actor/lib/test/auto/PubSubWithInitialTokens.xml
2 ms. Memory: 294912K Free: 133850K (45%)
----------------- Invoking toplevel() on ptolemy.moml.MoMLSimpleApplication@f1d12a6
----------------- Done invoking toplevel() on ptolemy.moml.MoMLSimpleApplication@f1d12a6
reloadAllAccessors: .PubSubWithInitialTokens

===========================================================================================
----------------- testing Wed Jul 06 02:16:57 UTC 2022 /home/travis/build/icyphy/ptII/ptolemy/actor/lib/test/auto/PubSubWithInitialTokens2.xml
----------------- Instantiating /home/travis/build/icyphy/ptII/ptolemy/actor/lib/test/auto/PubSubWithInitialTokens2.xml
1 ms. Memory: 294912K Free: 127706K (43%)
----------------- Invoking toplevel() on ptolemy.moml.MoMLSimpleApplication@768cbfad
----------------- Done invoking toplevel() on ptolemy.moml.MoMLSimpleApplication@768cbfad
reloadAllAccessors: .PubSubWithInitialTokens2

===========================================================================================
----------------- testing Wed Jul 06 02:16:57 UTC 2022 /home/travis/build/icyphy/ptII/ptolemy/actor/lib/test/auto/PublisherClassNoParameter.xml
----------------- Instantiating /home/travis/build/icyphy/ptII/ptolemy/actor/lib/test/auto/PublisherClassNoParameter.xml
2 ms. Memory: 294912K Free: 117976K (40%)
----------------- Invoking toplevel() on ptolemy.moml.MoMLSimpleApplication@144e3396
----------------- Done invoking toplevel() on ptolemy.moml.MoMLSimpleApplication@144e3396
reloadAllAccessors: .PublisherClassNoParameter

===========================================================================================
----------------- testing Wed Jul 06 02:16:57 UTC 2022 /home/travis/build/icyphy/ptII/ptolemy/actor/lib/test/auto/PublisherClassParameter.xml
----------------- Instantiating /home/travis/build/icyphy/ptII/ptolemy/actor/lib/test/auto/PublisherClassParameter.xml
2 ms. Memory: 294912K Free: 107226K (36%)
----------------- Invoking toplevel() on ptolemy.moml.MoMLSimpleApplication@9abc6f8
----------------- Done invoking toplevel() on ptolemy.moml.MoMLSimpleApplication@9abc6f8
reloadAllAccessors: .PublisherClassParameter

===========================================================================================
----------------- testing Wed Jul 06 02:16:57 UTC 2022 /home/travis/build/icyphy/ptII/ptolemy/actor/lib/test/auto/PublisherNonStrictTest.xml
----------------- Instantiating /home/travis/build/icyphy/ptII/ptolemy/actor/lib/test/auto/PublisherNonStrictTest.xml
4 ms. Memory: 294912K Free: 99538K (34%)
----------------- Invoking toplevel() on ptolemy.moml.MoMLSimpleApplication@8ca0497
----------------- Done invoking toplevel() on ptolemy.moml.MoMLSimpleApplication@8ca0497
reloadAllAccessors: .PublisherNonStrictTest

===========================================================================================
----------------- testing Wed Jul 06 02:16:57 UTC 2022 /home/travis/build/icyphy/ptII/ptolemy/actor/lib/test/auto/PublisherPort1.xml
----------------- Instantiating /home/travis/build/icyphy/ptII/ptolemy/actor/lib/test/auto/PublisherPort1.xml
2 ms. Memory: 294912K Free: 93914K (32%)
----------------- Invoking toplevel() on ptolemy.moml.MoMLSimpleApplication@cbe6655
----------------- Done invoking toplevel() on ptolemy.moml.MoMLSimpleApplication@cbe6655
reloadAllAccessors: .PublisherPort1

===========================================================================================
----------------- testing Wed Jul 06 02:16:57 UTC 2022 /home/travis/build/icyphy/ptII/ptolemy/actor/lib/test/auto/PublisherPort2.xml
----------------- Instantiating /home/travis/build/icyphy/ptII/ptolemy/actor/lib/test/auto/PublisherPort2.xml
1 ms. Memory: 294912K Free: 88794K (30%)
----------------- Invoking toplevel() on ptolemy.moml.MoMLSimpleApplication@3da5af60
----------------- Done invoking toplevel() on ptolemy.moml.MoMLSimpleApplication@3da5af60
reloadAllAccessors: .PublisherPort2

===========================================================================================
----------------- testing Wed Jul 06 02:16:57 UTC 2022 /home/travis/build/icyphy/ptII/ptolemy/actor/lib/test/auto/PublisherPort3.xml
----------------- Instantiating /home/travis/build/icyphy/ptII/ptolemy/actor/lib/test/auto/PublisherPort3.xml
12 ms. Memory: 294912K Free: 82106K (28%)
----------------- Invoking toplevel() on ptolemy.moml.MoMLSimpleApplication@1c878ff1
----------------- Done invoking toplevel() on ptolemy.moml.MoMLSimpleApplication@1c878ff1
reloadAllAccessors: .PublisherPort3

===========================================================================================
----------------- testing Wed Jul 06 02:16:57 UTC 2022 /home/travis/build/icyphy/ptII/ptolemy/actor/lib/test/auto/PublisherPort4.xml
----------------- Instantiating /home/travis/build/icyphy/ptII/ptolemy/actor/lib/test/auto/PublisherPort4.xml
2 ms. Memory: 294912K Free: 75978K (26%)
----------------- Invoking toplevel() on ptolemy.moml.MoMLSimpleApplication@25a9e57
----------------- Done invoking toplevel() on ptolemy.moml.MoMLSimpleApplication@25a9e57
reloadAllAccessors: .PublisherPort4

===========================================================================================
----------------- testing Wed Jul 06 02:16:57 UTC 2022 /home/travis/build/icyphy/ptII/ptolemy/actor/lib/test/auto/PublisherPort5.xml
----------------- Instantiating /home/travis/build/icyphy/ptII/ptolemy/actor/lib/test/auto/PublisherPort5.xml
3 ms. Memory: 294912K Free: 241769K (82%)
----------------- Invoking toplevel() on ptolemy.moml.MoMLSimpleApplication@37b7aa0f
----------------- Done invoking toplevel() on ptolemy.moml.MoMLSimpleApplication@37b7aa0f
reloadAllAccessors: .PublisherPort5

===========================================================================================
----------------- testing Wed Jul 06 02:16:57 UTC 2022 /home/travis/build/icyphy/ptII/ptolemy/actor/lib/test/auto/PublisherPort5LookAlike.xml
----------------- Instantiating /home/travis/build/icyphy/ptII/ptolemy/actor/lib/test/auto/PublisherPort5LookAlike.xml
7 ms. Memory: 294912K Free: 233577K (79%)
----------------- Invoking toplevel() on ptolemy.moml.MoMLSimpleApplication@70b37760
----------------- Done invoking toplevel() on ptolemy.moml.MoMLSimpleApplication@70b37760
reloadAllAccessors: .PublisherPort5LookAlike

===========================================================================================
----------------- testing Wed Jul 06 02:16:57 UTC 2022 /home/travis/build/icyphy/ptII/ptolemy/actor/lib/test/auto/PublisherPort6.xml
----------------- Instantiating /home/travis/build/icyphy/ptII/ptolemy/actor/lib/test/auto/PublisherPort6.xml
2 ms. Memory: 294912K Free: 226905K (77%)
----------------- Invoking toplevel() on ptolemy.moml.MoMLSimpleApplication@cb9474d
----------------- Done invoking toplevel() on ptolemy.moml.MoMLSimpleApplication@cb9474d
reloadAllAccessors: .PublisherPort6

===========================================================================================
----------------- testing Wed Jul 06 02:16:57 UTC 2022 /home/travis/build/icyphy/ptII/ptolemy/actor/lib/test/auto/PublisherPort7.xml
----------------- Instantiating /home/travis/build/icyphy/ptII/ptolemy/actor/lib/test/auto/PublisherPort7.xml
3 ms. Memory: 294912K Free: 219241K (74%)
----------------- Invoking toplevel() on ptolemy.moml.MoMLSimpleApplication@206a1e93
----------------- Done invoking toplevel() on ptolemy.moml.MoMLSimpleApplication@206a1e93
reloadAllAccessors: .PublisherPort7

===========================================================================================
----------------- testing Wed Jul 06 02:16:57 UTC 2022 /home/travis/build/icyphy/ptII/ptolemy/actor/lib/test/auto/PublisherPort8.xml
----------------- Instantiating /home/travis/build/icyphy/ptII/ptolemy/actor/lib/test/auto/PublisherPort8.xml
3 ms. Memory: 294912K Free: 210535K (71%)
----------------- Invoking toplevel() on ptolemy.moml.MoMLSimpleApplication@2f051717
----------------- Done invoking toplevel() on ptolemy.moml.MoMLSimpleApplication@2f051717
reloadAllAccessors: .PublisherPort8

===========================================================================================
----------------- testing Wed Jul 06 02:16:57 UTC 2022 /home/travis/build/icyphy/ptII/ptolemy/actor/lib/test/auto/PublisherPortSubscriberChannelVariablesAOC2.xml
----------------- Instantiating /home/travis/build/icyphy/ptII/ptolemy/actor/lib/test/auto/PublisherPortSubscriberChannelVariablesAOC2.xml
3 ms. Memory: 294912K Free: 192617K (65%)
----------------- Invoking toplevel() on ptolemy.moml.MoMLSimpleApplication@754da5d7
----------------- Done invoking toplevel() on ptolemy.moml.MoMLSimpleApplication@754da5d7
reloadAllAccessors: .PublisherPortSubscriberChannelVariablesAOC2

===========================================================================================
----------------- testing Wed Jul 06 02:16:57 UTC 2022 /home/travis/build/icyphy/ptII/ptolemy/actor/lib/test/auto/PublisherPortSubscriberOpaqueWidthInference.xml
----------------- Instantiating /home/travis/build/icyphy/ptII/ptolemy/actor/lib/test/auto/PublisherPortSubscriberOpaqueWidthInference.xml
3 ms. Memory: 294912K Free: 184921K (63%)
----------------- Invoking toplevel() on ptolemy.moml.MoMLSimpleApplication@41fd2fa5
----------------- Done invoking toplevel() on ptolemy.moml.MoMLSimpleApplication@41fd2fa5
reloadAllAccessors: .PublisherPortSubscriberOpaqueWidthInference

===========================================================================================
----------------- testing Wed Jul 06 02:16:57 UTC 2022 /home/travis/build/icyphy/ptII/ptolemy/actor/lib/test/auto/PublisherPortSubscriberPortAdjacent.xml
----------------- Instantiating /home/travis/build/icyphy/ptII/ptolemy/actor/lib/test/auto/PublisherPortSubscriberPortAdjacent.xml
2 ms. Memory: 294912K Free: 176743K (60%)
----------------- Invoking toplevel() on ptolemy.moml.MoMLSimpleApplication@5d90ab78
----------------- Done invoking toplevel() on ptolemy.moml.MoMLSimpleApplication@5d90ab78
reloadAllAccessors: .PublisherPortSubscriberPortAdjacent

===========================================================================================
----------------- testing Wed Jul 06 02:16:57 UTC 2022 /home/travis/build/icyphy/ptII/ptolemy/actor/lib/test/auto/PublisherPortSubscriberPortExpression.xml
----------------- Instantiating /home/travis/build/icyphy/ptII/ptolemy/actor/lib/test/auto/PublisherPortSubscriberPortExpression.xml
4 ms. Memory: 294912K Free: 169065K (57%)
----------------- Invoking toplevel() on ptolemy.moml.MoMLSimpleApplication@4664b6a2
----------------- Done invoking toplevel() on ptolemy.moml.MoMLSimpleApplication@4664b6a2
reloadAllAccessors: .PublisherPortSubscriberPortExpression

===========================================================================================
----------------- testing Wed Jul 06 02:16:57 UTC 2022 /home/travis/build/icyphy/ptII/ptolemy/actor/lib/test/auto/PublisherPortSubscriberPortOpaqueD3Reverse.xml
----------------- Instantiating /home/travis/build/icyphy/ptII/ptolemy/actor/lib/test/auto/PublisherPortSubscriberPortOpaqueD3Reverse.xml
4 ms. Memory: 294912K Free: 158825K (54%)
----------------- Invoking toplevel() on ptolemy.moml.MoMLSimpleApplication@39ad4eef
----------------- Done invoking toplevel() on ptolemy.moml.MoMLSimpleApplication@39ad4eef
reloadAllAccessors: .PublisherPortSubscriberPortOpaqueD3Reverse

===========================================================================================
----------------- testing Wed Jul 06 02:16:58 UTC 2022 /home/travis/build/icyphy/ptII/ptolemy/actor/lib/test/auto/PublisherPortSubscriberPortOpaqueWidthInference.xml
----------------- Instantiating /home/travis/build/icyphy/ptII/ptolemy/actor/lib/test/auto/PublisherPortSubscriberPortOpaqueWidthInference.xml
5 ms. Memory: 294912K Free: 151129K (51%)
----------------- Invoking toplevel() on ptolemy.moml.MoMLSimpleApplication@5629c3e5
----------------- Done invoking toplevel() on ptolemy.moml.MoMLSimpleApplication@5629c3e5
reloadAllAccessors: .PublisherPortSubscriberPortOpaqueWidthInference

===========================================================================================
----------------- testing Wed Jul 06 02:16:58 UTC 2022 /home/travis/build/icyphy/ptII/ptolemy/actor/lib/test/auto/PublisherPortToplevelSubscriberPortAOC.xml
----------------- Instantiating /home/travis/build/icyphy/ptII/ptolemy/actor/lib/test/auto/PublisherPortToplevelSubscriberPortAOC.xml
.PublisherPortToplevelSubscriberPortAOC.TestExceptionAttribute: initialize() was not invoked, but wrapup() was.  This is unusual, but not always a problem.  For example, exporting JNLP will do this.
1 ms. Memory: 294912K Free: 145513K (49%)
----------------- Invoking toplevel() on ptolemy.moml.MoMLSimpleApplication@15f79705
----------------- Done invoking toplevel() on ptolemy.moml.MoMLSimpleApplication@15f79705
reloadAllAccessors: .PublisherPortToplevelSubscriberPortAOC

===========================================================================================
----------------- testing Wed Jul 06 02:16:58 UTC 2022 /home/travis/build/icyphy/ptII/ptolemy/actor/lib/test/auto/PublisherSubscriber.xml
----------------- Instantiating /home/travis/build/icyphy/ptII/ptolemy/actor/lib/test/auto/PublisherSubscriber.xml
3 ms. Memory: 294912K Free: 137801K (47%)
----------------- Invoking toplevel() on ptolemy.moml.MoMLSimpleApplication@6617208f
----------------- Done invoking toplevel() on ptolemy.moml.MoMLSimpleApplication@6617208f
reloadAllAccessors: .PublisherSubscriber

===========================================================================================
----------------- testing Wed Jul 06 02:16:58 UTC 2022 /home/travis/build/icyphy/ptII/ptolemy/actor/lib/test/auto/PublisherSubscriber10.xml
----------------- Instantiating /home/travis/build/icyphy/ptII/ptolemy/actor/lib/test/auto/PublisherSubscriber10.xml
6 ms. Memory: 294912K Free: 128615K (44%)
----------------- Invoking toplevel() on ptolemy.moml.MoMLSimpleApplication@3cff42fd
----------------- Done invoking toplevel() on ptolemy.moml.MoMLSimpleApplication@3cff42fd
reloadAllAccessors: .PublisherSubscriber10

===========================================================================================
----------------- testing Wed Jul 06 02:16:58 UTC 2022 /home/travis/build/icyphy/ptII/ptolemy/actor/lib/test/auto/PublisherSubscriber10InitialOutputs.xml
----------------- Instantiating /home/travis/build/icyphy/ptII/ptolemy/actor/lib/test/auto/PublisherSubscriber10InitialOutputs.xml
14 ms. Memory: 294912K Free: 119399K (40%)
----------------- Invoking toplevel() on ptolemy.moml.MoMLSimpleApplication@45489b49
----------------- Done invoking toplevel() on ptolemy.moml.MoMLSimpleApplication@45489b49
reloadAllAccessors: .PublisherSubscriber10InitialOutputs

===========================================================================================
----------------- testing Wed Jul 06 02:16:58 UTC 2022 /home/travis/build/icyphy/ptII/ptolemy/actor/lib/test/auto/PublisherSubscriber11.xml
----------------- Instantiating /home/travis/build/icyphy/ptII/ptolemy/actor/lib/test/auto/PublisherSubscriber11.xml
3 ms. Memory: 294912K Free: 112745K (38%)
----------------- Invoking toplevel() on ptolemy.moml.MoMLSimpleApplication@4761cbef
----------------- Done invoking toplevel() on ptolemy.moml.MoMLSimpleApplication@4761cbef
reloadAllAccessors: .PublisherSubscriber11

===========================================================================================
----------------- testing Wed Jul 06 02:16:58 UTC 2022 /home/travis/build/icyphy/ptII/ptolemy/actor/lib/test/auto/PublisherSubscriber12.xml
----------------- Instantiating /home/travis/build/icyphy/ptII/ptolemy/actor/lib/test/auto/PublisherSubscriber12.xml
5 ms. Memory: 294912K Free: 105577K (36%)
----------------- Invoking toplevel() on ptolemy.moml.MoMLSimpleApplication@5cb3852c
----------------- Done invoking toplevel() on ptolemy.moml.MoMLSimpleApplication@5cb3852c
reloadAllAccessors: .PublisherSubscriber12

===========================================================================================
----------------- testing Wed Jul 06 02:16:58 UTC 2022 /home/travis/build/icyphy/ptII/ptolemy/actor/lib/test/auto/PublisherSubscriber13.xml
----------------- Instantiating /home/travis/build/icyphy/ptII/ptolemy/actor/lib/test/auto/PublisherSubscriber13.xml
1 ms. Memory: 294912K Free: 99913K (34%)
----------------- Invoking toplevel() on ptolemy.moml.MoMLSimpleApplication@57fe448f
----------------- Done invoking toplevel() on ptolemy.moml.MoMLSimpleApplication@57fe448f
reloadAllAccessors: .PublisherSubscriber13

===========================================================================================
----------------- testing Wed Jul 06 02:16:58 UTC 2022 /home/travis/build/icyphy/ptII/ptolemy/actor/lib/test/auto/PublisherSubscriber14.xml
----------------- Instantiating /home/travis/build/icyphy/ptII/ptolemy/actor/lib/test/auto/PublisherSubscriber14.xml
2 ms. Memory: 294912K Free: 91241K (31%)
----------------- Invoking toplevel() on ptolemy.moml.MoMLSimpleApplication@19489f14
----------------- Done invoking toplevel() on ptolemy.moml.MoMLSimpleApplication@19489f14
reloadAllAccessors: .PublisherSubscriber14

===========================================================================================
----------------- testing Wed Jul 06 02:16:58 UTC 2022 /home/travis/build/icyphy/ptII/ptolemy/actor/lib/test/auto/PublisherSubscriber2.xml
----------------- Instantiating /home/travis/build/icyphy/ptII/ptolemy/actor/lib/test/auto/PublisherSubscriber2.xml
2 ms. Memory: 294912K Free: 85577K (29%)
----------------- Invoking toplevel() on ptolemy.moml.MoMLSimpleApplication@74465482
----------------- Done invoking toplevel() on ptolemy.moml.MoMLSimpleApplication@74465482
reloadAllAccessors: .PublisherSubscriber2

===========================================================================================
----------------- testing Wed Jul 06 02:16:58 UTC 2022 /home/travis/build/icyphy/ptII/ptolemy/actor/lib/test/auto/PublisherSubscriber3.xml
----------------- Instantiating /home/travis/build/icyphy/ptII/ptolemy/actor/lib/test/auto/PublisherSubscriber3.xml
1 ms. Memory: 294912K Free: 79977K (27%)
----------------- Invoking toplevel() on ptolemy.moml.MoMLSimpleApplication@40f78b88
----------------- Done invoking toplevel() on ptolemy.moml.MoMLSimpleApplication@40f78b88
reloadAllAccessors: .PublisherSubscriber3

===========================================================================================
----------------- testing Wed Jul 06 02:16:58 UTC 2022 /home/travis/build/icyphy/ptII/ptolemy/actor/lib/test/auto/PublisherSubscriber4.xml
----------------- Instantiating /home/travis/build/icyphy/ptII/ptolemy/actor/lib/test/auto/PublisherSubscriber4.xml
2 ms. Memory: 294912K Free: 74857K (25%)
----------------- Invoking toplevel() on ptolemy.moml.MoMLSimpleApplication@6b98dda1
----------------- Done invoking toplevel() on ptolemy.moml.MoMLSimpleApplication@6b98dda1
reloadAllAccessors: .PublisherSubscriber4

===========================================================================================
----------------- testing Wed Jul 06 02:16:58 UTC 2022 /home/travis/build/icyphy/ptII/ptolemy/actor/lib/test/auto/PublisherSubscriber5.xml
----------------- Instantiating /home/travis/build/icyphy/ptII/ptolemy/actor/lib/test/auto/PublisherSubscriber5.xml
2 ms. Memory: 294912K Free: 241200K (82%)
----------------- Invoking toplevel() on ptolemy.moml.MoMLSimpleApplication@55530078
----------------- Done invoking toplevel() on ptolemy.moml.MoMLSimpleApplication@55530078
reloadAllAccessors: .PublisherSubscriber5

===========================================================================================
----------------- testing Wed Jul 06 02:16:58 UTC 2022 /home/travis/build/icyphy/ptII/ptolemy/actor/lib/test/auto/PublisherSubscriber6.xml
----------------- Instantiating /home/travis/build/icyphy/ptII/ptolemy/actor/lib/test/auto/PublisherSubscriber6.xml
4 ms. Memory: 294912K Free: 234546K (80%)
----------------- Invoking toplevel() on ptolemy.moml.MoMLSimpleApplication@3c949719
----------------- Done invoking toplevel() on ptolemy.moml.MoMLSimpleApplication@3c949719
reloadAllAccessors: .PublisherSubscriber6

===========================================================================================
----------------- testing Wed Jul 06 02:16:58 UTC 2022 /home/travis/build/icyphy/ptII/ptolemy/actor/lib/test/auto/PublisherSubscriber7.xml
----------------- Instantiating /home/travis/build/icyphy/ptII/ptolemy/actor/lib/test/auto/PublisherSubscriber7.xml
7 ms. Memory: 294912K Free: 227888K (77%)
----------------- Invoking toplevel() on ptolemy.moml.MoMLSimpleApplication@4ce70420
----------------- Done invoking toplevel() on ptolemy.moml.MoMLSimpleApplication@4ce70420
reloadAllAccessors: .PublisherSubscriber7

===========================================================================================
----------------- testing Wed Jul 06 02:16:58 UTC 2022 /home/travis/build/icyphy/ptII/ptolemy/actor/lib/test/auto/PublisherSubscriber8.xml
----------------- Instantiating /home/travis/build/icyphy/ptII/ptolemy/actor/lib/test/auto/PublisherSubscriber8.xml
15 ms. Memory: 294912K Free: 215600K (73%)
----------------- Invoking toplevel() on ptolemy.moml.MoMLSimpleApplication@6b4486f1
----------------- Done invoking toplevel() on ptolemy.moml.MoMLSimpleApplication@6b4486f1
reloadAllAccessors: .PublisherSubscriber8

===========================================================================================
----------------- testing Wed Jul 06 02:16:58 UTC 2022 /home/travis/build/icyphy/ptII/ptolemy/actor/lib/test/auto/PublisherSubscriber9.xml
----------------- Instantiating /home/travis/build/icyphy/ptII/ptolemy/actor/lib/test/auto/PublisherSubscriber9.xml
12 ms. Memory: 294912K Free: 208432K (71%)
----------------- Invoking toplevel() on ptolemy.moml.MoMLSimpleApplication@9a8e210
----------------- Done invoking toplevel() on ptolemy.moml.MoMLSimpleApplication@9a8e210
reloadAllAccessors: .PublisherSubscriber9

===========================================================================================
----------------- testing Wed Jul 06 02:16:58 UTC 2022 /home/travis/build/icyphy/ptII/ptolemy/actor/lib/test/auto/PublisherSubscriberAdjacent.xml
----------------- Instantiating /home/travis/build/icyphy/ptII/ptolemy/actor/lib/test/auto/PublisherSubscriberAdjacent.xml
2 ms. Memory: 294912K Free: 199730K (68%)
----------------- Invoking toplevel() on ptolemy.moml.MoMLSimpleApplication@64f99a53
----------------- Done invoking toplevel() on ptolemy.moml.MoMLSimpleApplication@64f99a53
reloadAllAccessors: .PublisherSubscriberAdjacent

===========================================================================================
----------------- testing Wed Jul 06 02:16:58 UTC 2022 /home/travis/build/icyphy/ptII/ptolemy/actor/lib/test/auto/PublisherSubscriberChannelVariablesAOC2.xml
----------------- Instantiating /home/travis/build/icyphy/ptII/ptolemy/actor/lib/test/auto/PublisherSubscriberChannelVariablesAOC2.xml
3 ms. Memory: 294912K Free: 184866K (63%)
----------------- Invoking toplevel() on ptolemy.moml.MoMLSimpleApplication@dff55de
----------------- Done invoking toplevel() on ptolemy.moml.MoMLSimpleApplication@dff55de
reloadAllAccessors: .PublisherSubscriberChannelVariablesAOC2

===========================================================================================
----------------- testing Wed Jul 06 02:16:58 UTC 2022 /home/travis/build/icyphy/ptII/ptolemy/actor/lib/test/auto/PublisherSubscriberD3.xml
----------------- Instantiating /home/travis/build/icyphy/ptII/ptolemy/actor/lib/test/auto/PublisherSubscriberD3.xml
1 ms. Memory: 294912K Free: 177712K (60%)
----------------- Invoking toplevel() on ptolemy.moml.MoMLSimpleApplication@340beba5
----------------- Done invoking toplevel() on ptolemy.moml.MoMLSimpleApplication@340beba5
reloadAllAccessors: .PublisherSubscriberD3

===========================================================================================
----------------- testing Wed Jul 06 02:16:58 UTC 2022 /home/travis/build/icyphy/ptII/ptolemy/actor/lib/test/auto/PublisherSubscriberD3Reverse.xml
----------------- Instantiating /home/travis/build/icyphy/ptII/ptolemy/actor/lib/test/auto/PublisherSubscriberD3Reverse.xml
2 ms. Memory: 294912K Free: 171568K (58%)
----------------- Invoking toplevel() on ptolemy.moml.MoMLSimpleApplication@1f960779
----------------- Done invoking toplevel() on ptolemy.moml.MoMLSimpleApplication@1f960779
reloadAllAccessors: .PublisherSubscriberD3Reverse

===========================================================================================
----------------- testing Wed Jul 06 02:16:58 UTC 2022 /home/travis/build/icyphy/ptII/ptolemy/actor/lib/test/auto/PublisherSubscriberExpression.xml
----------------- Instantiating /home/travis/build/icyphy/ptII/ptolemy/actor/lib/test/auto/PublisherSubscriberExpression.xml
3 ms. Memory: 294912K Free: 162866K (55%)
----------------- Invoking toplevel() on ptolemy.moml.MoMLSimpleApplication@5a104023
----------------- Done invoking toplevel() on ptolemy.moml.MoMLSimpleApplication@5a104023
reloadAllAccessors: .PublisherSubscriberExpression

===========================================================================================
----------------- testing Wed Jul 06 02:16:58 UTC 2022 /home/travis/build/icyphy/ptII/ptolemy/actor/lib/test/auto/PublisherSubscriberOpaque.xml
----------------- Instantiating /home/travis/build/icyphy/ptII/ptolemy/actor/lib/test/auto/PublisherSubscriberOpaque.xml
3 ms. Memory: 294912K Free: 154674K (52%)
----------------- Invoking toplevel() on ptolemy.moml.MoMLSimpleApplication@64dd0459
----------------- Done invoking toplevel() on ptolemy.moml.MoMLSimpleApplication@64dd0459
reloadAllAccessors: .PublisherSubscriberOpaque

===========================================================================================
----------------- testing Wed Jul 06 02:16:58 UTC 2022 /home/travis/build/icyphy/ptII/ptolemy/actor/lib/test/auto/PublisherSubscriberOpaqueD3.xml
----------------- Instantiating /home/travis/build/icyphy/ptII/ptolemy/actor/lib/test/auto/PublisherSubscriberOpaqueD3.xml
5 ms. Memory: 294912K Free: 143410K (49%)
----------------- Invoking toplevel() on ptolemy.moml.MoMLSimpleApplication@2ad2016d
----------------- Done invoking toplevel() on ptolemy.moml.MoMLSimpleApplication@2ad2016d
reloadAllAccessors: .PublisherSubscriberOpaqueD3

===========================================================================================
----------------- testing Wed Jul 06 02:16:58 UTC 2022 /home/travis/build/icyphy/ptII/ptolemy/actor/lib/test/auto/PublisherSubscriberOpaqueD3Reverse.xml
----------------- Instantiating /home/travis/build/icyphy/ptII/ptolemy/actor/lib/test/auto/PublisherSubscriberOpaqueD3Reverse.xml
7 ms. Memory: 294912K Free: 132656K (45%)
----------------- Invoking toplevel() on ptolemy.moml.MoMLSimpleApplication@6648a2f1
----------------- Done invoking toplevel() on ptolemy.moml.MoMLSimpleApplication@6648a2f1
reloadAllAccessors: .PublisherSubscriberOpaqueD3Reverse

===========================================================================================
----------------- testing Wed Jul 06 02:16:58 UTC 2022 /home/travis/build/icyphy/ptII/ptolemy/actor/lib/test/auto/PublisherSubscriberOpaqueWidthInference.xml
----------------- Instantiating /home/travis/build/icyphy/ptII/ptolemy/actor/lib/test/auto/PublisherSubscriberOpaqueWidthInference.xml
4 ms. Memory: 294912K Free: 124450K (42%)
----------------- Invoking toplevel() on ptolemy.moml.MoMLSimpleApplication@154e25d1
----------------- Done invoking toplevel() on ptolemy.moml.MoMLSimpleApplication@154e25d1
reloadAllAccessors: .PublisherSubscriberOpaqueWidthInference

===========================================================================================
----------------- testing Wed Jul 06 02:16:58 UTC 2022 /home/travis/build/icyphy/ptII/ptolemy/actor/lib/test/auto/PublisherTestSubscriber.xml
----------------- Instantiating /home/travis/build/icyphy/ptII/ptolemy/actor/lib/test/auto/PublisherTestSubscriber.xml
2 ms. Memory: 294912K Free: 116786K (40%)
----------------- Invoking toplevel() on ptolemy.moml.MoMLSimpleApplication@246638a1
----------------- Done invoking toplevel() on ptolemy.moml.MoMLSimpleApplication@246638a1
reloadAllAccessors: .PublisherTestSubscriber

===========================================================================================
----------------- testing Wed Jul 06 02:16:58 UTC 2022 /home/travis/build/icyphy/ptII/ptolemy/actor/lib/test/auto/PublisherToplevelSubscriberPortAOC.xml
----------------- Instantiating /home/travis/build/icyphy/ptII/ptolemy/actor/lib/test/auto/PublisherToplevelSubscriberPortAOC.xml
1 ms. Memory: 294912K Free: 110642K (38%)
----------------- Invoking toplevel() on ptolemy.moml.MoMLSimpleApplication@1b67e498
----------------- Done invoking toplevel() on ptolemy.moml.MoMLSimpleApplication@1b67e498
reloadAllAccessors: .PublisherToplevelSubscriberPortAOC

===========================================================================================
----------------- testing Wed Jul 06 02:16:58 UTC 2022 /home/travis/build/icyphy/ptII/ptolemy/actor/lib/test/auto/PulseFiringLimitDE.xml
----------------- Instantiating /home/travis/build/icyphy/ptII/ptolemy/actor/lib/test/auto/PulseFiringLimitDE.xml
2 ms. Memory: 294912K Free: 104498K (35%)
----------------- Invoking toplevel() on ptolemy.moml.MoMLSimpleApplication@7c5c6def
----------------- Done invoking toplevel() on ptolemy.moml.MoMLSimpleApplication@7c5c6def
reloadAllAccessors: .PulseFiringLimitDE

===========================================================================================
----------------- testing Wed Jul 06 02:16:58 UTC 2022 /home/travis/build/icyphy/ptII/ptolemy/actor/lib/test/auto/Ramp1.xml
----------------- Instantiating /home/travis/build/icyphy/ptII/ptolemy/actor/lib/test/auto/Ramp1.xml
1 ms. Memory: 294912K Free: 100402K (34%)
----------------- Invoking toplevel() on ptolemy.moml.MoMLSimpleApplication@342ebe15
----------------- Done invoking toplevel() on ptolemy.moml.MoMLSimpleApplication@342ebe15
reloadAllAccessors: .Ramp1

===========================================================================================
----------------- testing Wed Jul 06 02:16:58 UTC 2022 /home/travis/build/icyphy/ptII/ptolemy/actor/lib/test/auto/RampFiringLimitDE.xml
----------------- Instantiating /home/travis/build/icyphy/ptII/ptolemy/actor/lib/test/auto/RampFiringLimitDE.xml
2 ms. Memory: 294912K Free: 94258K (32%)
----------------- Invoking toplevel() on ptolemy.moml.MoMLSimpleApplication@26f34eab
----------------- Done invoking toplevel() on ptolemy.moml.MoMLSimpleApplication@26f34eab
reloadAllAccessors: .RampFiringLimitDE

===========================================================================================
----------------- testing Wed Jul 06 02:16:58 UTC 2022 /home/travis/build/icyphy/ptII/ptolemy/actor/lib/test/auto/RampFiringLimitSDF.xml
----------------- Instantiating /home/travis/build/icyphy/ptII/ptolemy/actor/lib/test/auto/RampFiringLimitSDF.xml
2 ms. Memory: 294912K Free: 89138K (30%)
----------------- Invoking toplevel() on ptolemy.moml.MoMLSimpleApplication@2860e282
----------------- Done invoking toplevel() on ptolemy.moml.MoMLSimpleApplication@2860e282
reloadAllAccessors: .RampFiringLimitSDF

===========================================================================================
----------------- testing Wed Jul 06 02:16:58 UTC 2022 /home/travis/build/icyphy/ptII/ptolemy/actor/lib/test/auto/RandomInteger.xml
----------------- Instantiating /home/travis/build/icyphy/ptII/ptolemy/actor/lib/test/auto/RandomInteger.xml
2 ms. Memory: 294912K Free: 85042K (29%)
----------------- Invoking toplevel() on ptolemy.moml.MoMLSimpleApplication@131234d0
----------------- Done invoking toplevel() on ptolemy.moml.MoMLSimpleApplication@131234d0
reloadAllAccessors: .RandomInteger

===========================================================================================
----------------- testing Wed Jul 06 02:16:58 UTC 2022 /home/travis/build/icyphy/ptII/ptolemy/actor/lib/test/auto/ReadFile1.xml
----------------- Instantiating /home/travis/build/icyphy/ptII/ptolemy/actor/lib/test/auto/ReadFile1.xml
2 ms. Memory: 294912K Free: 80432K (27%)
----------------- Invoking toplevel() on ptolemy.moml.MoMLSimpleApplication@6b1adec4
----------------- Done invoking toplevel() on ptolemy.moml.MoMLSimpleApplication@6b1adec4
reloadAllAccessors: .ReadFile1

===========================================================================================
----------------- testing Wed Jul 06 02:16:58 UTC 2022 /home/travis/build/icyphy/ptII/ptolemy/actor/lib/test/auto/ReadFile2.xml
----------------- Instantiating /home/travis/build/icyphy/ptII/ptolemy/actor/lib/test/auto/ReadFile2.xml
1 ms. Memory: 294912K Free: 76336K (26%)
----------------- Invoking toplevel() on ptolemy.moml.MoMLSimpleApplication@7891c441
----------------- Done invoking toplevel() on ptolemy.moml.MoMLSimpleApplication@7891c441
reloadAllAccessors: .ReadFile2

===========================================================================================
----------------- testing Wed Jul 06 02:16:58 UTC 2022 /home/travis/build/icyphy/ptII/ptolemy/actor/lib/test/auto/Reader.xml
----------------- Instantiating /home/travis/build/icyphy/ptII/ptolemy/actor/lib/test/auto/Reader.xml
actor.lib.Reader is obsolete, use actor.lib.io.ExpressionReader instead
4 ms. Memory: 294912K Free: 72240K (24%)
----------------- Invoking toplevel() on ptolemy.moml.MoMLSimpleApplication@761b4dc
----------------- Done invoking toplevel() on ptolemy.moml.MoMLSimpleApplication@761b4dc
reloadAllAccessors: .Reader

===========================================================================================
----------------- testing Wed Jul 06 02:16:58 UTC 2022 /home/travis/build/icyphy/ptII/ptolemy/actor/lib/test/auto/RecordAssemblerDisplayNameTest.xml
----------------- Instantiating /home/travis/build/icyphy/ptII/ptolemy/actor/lib/test/auto/RecordAssemblerDisplayNameTest.xml
2855 ms. Memory: 294912K Free: 235659K (80%)
----------------- Invoking toplevel() on ptolemy.moml.MoMLSimpleApplication@4c365d80
----------------- Done invoking toplevel() on ptolemy.moml.MoMLSimpleApplication@4c365d80
reloadAllAccessors: .RecordAssemblerDisplayNameTest

===========================================================================================
----------------- testing Wed Jul 06 02:17:01 UTC 2022 /home/travis/build/icyphy/ptII/ptolemy/actor/lib/test/auto/RecordAssemblerTypeError.xml
----------------- Instantiating /home/travis/build/icyphy/ptII/ptolemy/actor/lib/test/auto/RecordAssemblerTypeError.xml
8 ms. Memory: 294912K Free: 225929K (77%)
----------------- Invoking toplevel() on ptolemy.moml.MoMLSimpleApplication@2262194d
----------------- Done invoking toplevel() on ptolemy.moml.MoMLSimpleApplication@2262194d
reloadAllAccessors: .RecordAssemblerTypeError

===========================================================================================
----------------- testing Wed Jul 06 02:17:01 UTC 2022 /home/travis/build/icyphy/ptII/ptolemy/actor/lib/test/auto/RecordDisassember.xml
----------------- Instantiating /home/travis/build/icyphy/ptII/ptolemy/actor/lib/test/auto/RecordDisassember.xml
10 ms. Memory: 294912K Free: 221323K (75%)
----------------- Invoking toplevel() on ptolemy.moml.MoMLSimpleApplication@3050dba8
----------------- Done invoking toplevel() on ptolemy.moml.MoMLSimpleApplication@3050dba8
reloadAllAccessors: .RecordDisassember

===========================================================================================
----------------- testing Wed Jul 06 02:17:01 UTC 2022 /home/travis/build/icyphy/ptII/ptolemy/actor/lib/test/auto/RecordDisassemberDisplayNameTest.xml
----------------- Instantiating /home/travis/build/icyphy/ptII/ptolemy/actor/lib/test/auto/RecordDisassemberDisplayNameTest.xml
6 ms. Memory: 294912K Free: 213641K (72%)
----------------- Invoking toplevel() on ptolemy.moml.MoMLSimpleApplication@6ec0eb82
----------------- Done invoking toplevel() on ptolemy.moml.MoMLSimpleApplication@6ec0eb82
reloadAllAccessors: .RecordDisassemberDisplayNameTest

===========================================================================================
----------------- testing Wed Jul 06 02:17:01 UTC 2022 /home/travis/build/icyphy/ptII/ptolemy/actor/lib/test/auto/RecordDisassembler.xml
----------------- Instantiating /home/travis/build/icyphy/ptII/ptolemy/actor/lib/test/auto/RecordDisassembler.xml
2 ms. Memory: 294912K Free: 208011K (71%)
----------------- Invoking toplevel() on ptolemy.moml.MoMLSimpleApplication@3290d4cf
----------------- Done invoking toplevel() on ptolemy.moml.MoMLSimpleApplication@3290d4cf
reloadAllAccessors: .RecordDisassembler

===========================================================================================
----------------- testing Wed Jul 06 02:17:01 UTC 2022 /home/travis/build/icyphy/ptII/ptolemy/actor/lib/test/auto/RecordDisassembler2.xml
----------------- Instantiating /home/travis/build/icyphy/ptII/ptolemy/actor/lib/test/auto/RecordDisassembler2.xml
2 ms. Memory: 294912K Free: 202891K (69%)
----------------- Invoking toplevel() on ptolemy.moml.MoMLSimpleApplication@344edc91
----------------- Done invoking toplevel() on ptolemy.moml.MoMLSimpleApplication@344edc91
reloadAllAccessors: .RecordDisassembler2

===========================================================================================
----------------- testing Wed Jul 06 02:17:01 UTC 2022 /home/travis/build/icyphy/ptII/ptolemy/actor/lib/test/auto/RecordUpdater.xml
----------------- Instantiating /home/travis/build/icyphy/ptII/ptolemy/actor/lib/test/auto/RecordUpdater.xml
1 ms. Memory: 294912K Free: 197771K (67%)
----------------- Invoking toplevel() on ptolemy.moml.MoMLSimpleApplication@57809cfe
----------------- Done invoking toplevel() on ptolemy.moml.MoMLSimpleApplication@57809cfe
reloadAllAccessors: .RecordUpdater

===========================================================================================
----------------- testing Wed Jul 06 02:17:01 UTC 2022 /home/travis/build/icyphy/ptII/ptolemy/actor/lib/test/auto/RecordUpdater2.xml
----------------- Instantiating /home/travis/build/icyphy/ptII/ptolemy/actor/lib/test/auto/RecordUpdater2.xml
1 ms. Memory: 294912K Free: 193161K (65%)
----------------- Invoking toplevel() on ptolemy.moml.MoMLSimpleApplication@26fcb3ab
----------------- Done invoking toplevel() on ptolemy.moml.MoMLSimpleApplication@26fcb3ab
reloadAllAccessors: .RecordUpdater2

===========================================================================================
----------------- testing Wed Jul 06 02:17:01 UTC 2022 /home/travis/build/icyphy/ptII/ptolemy/actor/lib/test/auto/RecursiveLattice.xml
----------------- Instantiating /home/travis/build/icyphy/ptII/ptolemy/actor/lib/test/auto/RecursiveLattice.xml
3 ms. Memory: 294912K Free: 189065K (64%)
----------------- Invoking toplevel() on ptolemy.moml.MoMLSimpleApplication@115ca3bf
----------------- Done invoking toplevel() on ptolemy.moml.MoMLSimpleApplication@115ca3bf
reloadAllAccessors: .RecursiveLattice

===========================================================================================
----------------- testing Wed Jul 06 02:17:01 UTC 2022 /home/travis/build/icyphy/ptII/ptolemy/actor/lib/test/auto/Router.xml
----------------- Instantiating /home/travis/build/icyphy/ptII/ptolemy/actor/lib/test/auto/Router.xml
3003 ms. Memory: 294912K Free: 178315K (60%)
----------------- Invoking toplevel() on ptolemy.moml.MoMLSimpleApplication@486c672a
----------------- Done invoking toplevel() on ptolemy.moml.MoMLSimpleApplication@486c672a
reloadAllAccessors: .Router

===========================================================================================
----------------- testing Wed Jul 06 02:17:04 UTC 2022 /home/travis/build/icyphy/ptII/ptolemy/actor/lib/test/auto/Router2.xml
----------------- Instantiating /home/travis/build/icyphy/ptII/ptolemy/actor/lib/test/auto/Router2.xml
3003 ms. Memory: 294912K Free: 168585K (57%)
----------------- Invoking toplevel() on ptolemy.moml.MoMLSimpleApplication@4f60ccd0
----------------- Done invoking toplevel() on ptolemy.moml.MoMLSimpleApplication@4f60ccd0
reloadAllAccessors: .Router2

===========================================================================================
----------------- testing Wed Jul 06 02:17:07 UTC 2022 /home/travis/build/icyphy/ptII/ptolemy/actor/lib/test/auto/RunningMaximum.xml
----------------- Instantiating /home/travis/build/icyphy/ptII/ptolemy/actor/lib/test/auto/RunningMaximum.xml
2 ms. Memory: 294912K Free: 163979K (56%)
----------------- Invoking toplevel() on ptolemy.moml.MoMLSimpleApplication@5eae99f0
----------------- Done invoking toplevel() on ptolemy.moml.MoMLSimpleApplication@5eae99f0
reloadAllAccessors: .RunningMaximum

===========================================================================================
----------------- testing Wed Jul 06 02:17:07 UTC 2022 /home/travis/build/icyphy/ptII/ptolemy/actor/lib/test/auto/RunningMinimum.xml
----------------- Instantiating /home/travis/build/icyphy/ptII/ptolemy/actor/lib/test/auto/RunningMinimum.xml
1 ms. Memory: 294912K Free: 158859K (54%)
----------------- Invoking toplevel() on ptolemy.moml.MoMLSimpleApplication@71b5b554
----------------- Done invoking toplevel() on ptolemy.moml.MoMLSimpleApplication@71b5b554
reloadAllAccessors: .RunningMinimum

===========================================================================================
----------------- testing Wed Jul 06 02:17:07 UTC 2022 /home/travis/build/icyphy/ptII/ptolemy/actor/lib/test/auto/Scale.xml
----------------- Instantiating /home/travis/build/icyphy/ptII/ptolemy/actor/lib/test/auto/Scale.xml
2 ms. Memory: 294912K Free: 154249K (52%)
----------------- Invoking toplevel() on ptolemy.moml.MoMLSimpleApplication@100150c1
----------------- Done invoking toplevel() on ptolemy.moml.MoMLSimpleApplication@100150c1
reloadAllAccessors: .Scale

===========================================================================================
----------------- testing Wed Jul 06 02:17:07 UTC 2022 /home/travis/build/icyphy/ptII/ptolemy/actor/lib/test/auto/Scale2.xml
----------------- Instantiating /home/travis/build/icyphy/ptII/ptolemy/actor/lib/test/auto/Scale2.xml
2 ms. Memory: 294912K Free: 149643K (51%)
----------------- Invoking toplevel() on ptolemy.moml.MoMLSimpleApplication@234a32d8
----------------- Done invoking toplevel() on ptolemy.moml.MoMLSimpleApplication@234a32d8
reloadAllAccessors: .Scale2

===========================================================================================
----------------- testing Wed Jul 06 02:17:07 UTC 2022 /home/travis/build/icyphy/ptII/ptolemy/actor/lib/test/auto/Scale3.xml
----------------- Instantiating /home/travis/build/icyphy/ptII/ptolemy/actor/lib/test/auto/Scale3.xml
3 ms. Memory: 294912K Free: 142985K (48%)
----------------- Invoking toplevel() on ptolemy.moml.MoMLSimpleApplication@ce742da
----------------- Done invoking toplevel() on ptolemy.moml.MoMLSimpleApplication@ce742da
reloadAllAccessors: .Scale3

===========================================================================================
----------------- testing Wed Jul 06 02:17:07 UTC 2022 /home/travis/build/icyphy/ptII/ptolemy/actor/lib/test/auto/ScaleArray.xml
----------------- Instantiating /home/travis/build/icyphy/ptII/ptolemy/actor/lib/test/auto/ScaleArray.xml
1 ms. Memory: 294912K Free: 138379K (47%)
----------------- Invoking toplevel() on ptolemy.moml.MoMLSimpleApplication@3938af0a
----------------- Done invoking toplevel() on ptolemy.moml.MoMLSimpleApplication@3938af0a
reloadAllAccessors: .ScaleArray

===========================================================================================
----------------- testing Wed Jul 06 02:17:07 UTC 2022 /home/travis/build/icyphy/ptII/ptolemy/actor/lib/test/auto/ScaleArray2.xml
----------------- Instantiating /home/travis/build/icyphy/ptII/ptolemy/actor/lib/test/auto/ScaleArray2.xml
1 ms. Memory: 294912K Free: 133769K (45%)
----------------- Invoking toplevel() on ptolemy.moml.MoMLSimpleApplication@6975ae9f
----------------- Done invoking toplevel() on ptolemy.moml.MoMLSimpleApplication@6975ae9f
reloadAllAccessors: .ScaleArray2

===========================================================================================
----------------- testing Wed Jul 06 02:17:07 UTC 2022 /home/travis/build/icyphy/ptII/ptolemy/actor/lib/test/auto/ScaleMatrix.xml
----------------- Instantiating /home/travis/build/icyphy/ptII/ptolemy/actor/lib/test/auto/ScaleMatrix.xml
119 ms. Memory: 294912K Free: 121481K (41%)
----------------- Invoking toplevel() on ptolemy.moml.MoMLSimpleApplication@59612516
----------------- Done invoking toplevel() on ptolemy.moml.MoMLSimpleApplication@59612516
reloadAllAccessors: .ScaleMatrix

===========================================================================================
----------------- testing Wed Jul 06 02:17:07 UTC 2022 /home/travis/build/icyphy/ptII/ptolemy/actor/lib/test/auto/Select.xml
----------------- Instantiating /home/travis/build/icyphy/ptII/ptolemy/actor/lib/test/auto/Select.xml
2 ms. Memory: 294912K Free: 115307K (39%)
----------------- Invoking toplevel() on ptolemy.moml.MoMLSimpleApplication@264d73cd
----------------- Done invoking toplevel() on ptolemy.moml.MoMLSimpleApplication@264d73cd
reloadAllAccessors: .Select

===========================================================================================
----------------- testing Wed Jul 06 02:17:07 UTC 2022 /home/travis/build/icyphy/ptII/ptolemy/actor/lib/test/auto/Select2.xml
----------------- Instantiating /home/travis/build/icyphy/ptII/ptolemy/actor/lib/test/auto/Select2.xml
2 ms. Memory: 294912K Free: 110731K (38%)
----------------- Invoking toplevel() on ptolemy.moml.MoMLSimpleApplication@75ad489a
----------------- Done invoking toplevel() on ptolemy.moml.MoMLSimpleApplication@75ad489a
reloadAllAccessors: .Select2

===========================================================================================
----------------- testing Wed Jul 06 02:17:08 UTC 2022 /home/travis/build/icyphy/ptII/ptolemy/actor/lib/test/auto/SequenceToArray2.xml
----------------- Instantiating /home/travis/build/icyphy/ptII/ptolemy/actor/lib/test/auto/SequenceToArray2.xml
96 ms. Memory: 294912K Free: 86155K (29%)
----------------- Invoking toplevel() on ptolemy.moml.MoMLSimpleApplication@33bdf767
----------------- Done invoking toplevel() on ptolemy.moml.MoMLSimpleApplication@33bdf767
reloadAllAccessors: .SequenceToArray2

===========================================================================================
----------------- testing Wed Jul 06 02:17:08 UTC 2022 /home/travis/build/icyphy/ptII/ptolemy/actor/lib/test/auto/SequentialClock.xml
----------------- Instantiating /home/travis/build/icyphy/ptII/ptolemy/actor/lib/test/auto/SequentialClock.xml
1 ms. Memory: 294912K Free: 82059K (28%)
----------------- Invoking toplevel() on ptolemy.moml.MoMLSimpleApplication@31b367c2
----------------- Done invoking toplevel() on ptolemy.moml.MoMLSimpleApplication@31b367c2
reloadAllAccessors: .SequentialClock

===========================================================================================
----------------- testing Wed Jul 06 02:17:08 UTC 2022 /home/travis/build/icyphy/ptII/ptolemy/actor/lib/test/auto/SetVariable.xml
----------------- Instantiating /home/travis/build/icyphy/ptII/ptolemy/actor/lib/test/auto/SetVariable.xml
2 ms. Memory: 294912K Free: 76939K (26%)
----------------- Invoking toplevel() on ptolemy.moml.MoMLSimpleApplication@52a7770d
----------------- Done invoking toplevel() on ptolemy.moml.MoMLSimpleApplication@52a7770d
reloadAllAccessors: .SetVariable

===========================================================================================
----------------- testing Wed Jul 06 02:17:08 UTC 2022 /home/travis/build/icyphy/ptII/ptolemy/actor/lib/test/auto/SetVariable2.xml
----------------- Instantiating /home/travis/build/icyphy/ptII/ptolemy/actor/lib/test/auto/SetVariable2.xml
3 ms. Memory: 294912K Free: 71819K (24%)
----------------- Invoking toplevel() on ptolemy.moml.MoMLSimpleApplication@4f1d51cf
----------------- Done invoking toplevel() on ptolemy.moml.MoMLSimpleApplication@4f1d51cf
reloadAllAccessors: .SetVariable2

===========================================================================================
----------------- testing Wed Jul 06 02:17:08 UTC 2022 /home/travis/build/icyphy/ptII/ptolemy/actor/lib/test/auto/SetVariable3.xml
----------------- Instantiating /home/travis/build/icyphy/ptII/ptolemy/actor/lib/test/auto/SetVariable3.xml
7 ms. Memory: 294912K Free: 240714K (82%)
----------------- Invoking toplevel() on ptolemy.moml.MoMLSimpleApplication@667fd762
----------------- Done invoking toplevel() on ptolemy.moml.MoMLSimpleApplication@667fd762
reloadAllAccessors: .SetVariable3

===========================================================================================
----------------- testing Wed Jul 06 02:17:08 UTC 2022 /home/travis/build/icyphy/ptII/ptolemy/actor/lib/test/auto/SetVariable4.xml
----------------- Instantiating /home/travis/build/icyphy/ptII/ptolemy/actor/lib/test/auto/SetVariable4.xml
20 ms. Memory: 294912K Free: 230474K (78%)
----------------- Invoking toplevel() on ptolemy.moml.MoMLSimpleApplication@6c4f3ba0
----------------- Done invoking toplevel() on ptolemy.moml.MoMLSimpleApplication@6c4f3ba0
reloadAllAccessors: .SetVariable4

===========================================================================================
----------------- testing Wed Jul 06 02:17:08 UTC 2022 /home/travis/build/icyphy/ptII/ptolemy/actor/lib/test/auto/SetVariable5.xml
----------------- Instantiating /home/travis/build/icyphy/ptII/ptolemy/actor/lib/test/auto/SetVariable5.xml
17 ms. Memory: 294912K Free: 221258K (75%)
----------------- Invoking toplevel() on ptolemy.moml.MoMLSimpleApplication@4de016e8
----------------- Done invoking toplevel() on ptolemy.moml.MoMLSimpleApplication@4de016e8
reloadAllAccessors: .SetVariable5

===========================================================================================
----------------- testing Wed Jul 06 02:17:08 UTC 2022 /home/travis/build/icyphy/ptII/ptolemy/actor/lib/test/auto/Sinewave.xml
----------------- Instantiating /home/travis/build/icyphy/ptII/ptolemy/actor/lib/test/auto/Sinewave.xml
3 ms. Memory: 294912K Free: 211018K (72%)
----------------- Invoking toplevel() on ptolemy.moml.MoMLSimpleApplication@69d1e10a
----------------- Done invoking toplevel() on ptolemy.moml.MoMLSimpleApplication@69d1e10a
reloadAllAccessors: .Sinewave

===========================================================================================
----------------- testing Wed Jul 06 02:17:08 UTC 2022 /home/travis/build/icyphy/ptII/ptolemy/actor/lib/test/auto/Sinewave2.xml
----------------- Instantiating /home/travis/build/icyphy/ptII/ptolemy/actor/lib/test/auto/Sinewave2.xml
8 ms. Memory: 294912K Free: 202826K (69%)
----------------- Invoking toplevel() on ptolemy.moml.MoMLSimpleApplication@34b7b17b
----------------- Done invoking toplevel() on ptolemy.moml.MoMLSimpleApplication@34b7b17b
reloadAllAccessors: .Sinewave2

===========================================================================================
----------------- testing Wed Jul 06 02:17:08 UTC 2022 /home/travis/build/icyphy/ptII/ptolemy/actor/lib/test/auto/Sinewave3.xml
----------------- Instantiating /home/travis/build/icyphy/ptII/ptolemy/actor/lib/test/auto/Sinewave3.xml
7 ms. Memory: 294912K Free: 194106K (66%)
----------------- Invoking toplevel() on ptolemy.moml.MoMLSimpleApplication@4a0d0a5a
----------------- Done invoking toplevel() on ptolemy.moml.MoMLSimpleApplication@4a0d0a5a
reloadAllAccessors: .Sinewave3

===========================================================================================
----------------- testing Wed Jul 06 02:17:08 UTC 2022 /home/travis/build/icyphy/ptII/ptolemy/actor/lib/test/auto/SingleEvent.xml
----------------- Instantiating /home/travis/build/icyphy/ptII/ptolemy/actor/lib/test/auto/SingleEvent.xml
1 ms. Memory: 294912K Free: 190024K (64%)
----------------- Invoking toplevel() on ptolemy.moml.MoMLSimpleApplication@322e5992
----------------- Done invoking toplevel() on ptolemy.moml.MoMLSimpleApplication@322e5992
reloadAllAccessors: .SingleEvent

===========================================================================================
----------------- testing Wed Jul 06 02:17:08 UTC 2022 /home/travis/build/icyphy/ptII/ptolemy/actor/lib/test/auto/Sleep.xml
----------------- Instantiating /home/travis/build/icyphy/ptII/ptolemy/actor/lib/test/auto/Sleep.xml
6003 ms. Memory: 294912K Free: 184394K (63%)
----------------- Invoking toplevel() on ptolemy.moml.MoMLSimpleApplication@328d656c
----------------- Done invoking toplevel() on ptolemy.moml.MoMLSimpleApplication@328d656c
reloadAllAccessors: .Sleep

===========================================================================================
----------------- testing Wed Jul 06 02:17:14 UTC 2022 /home/travis/build/icyphy/ptII/ptolemy/actor/lib/test/auto/SleepMultipleFire.xml
----------------- Instantiating /home/travis/build/icyphy/ptII/ptolemy/actor/lib/test/auto/SleepMultipleFire.xml
1012 ms. Memory: 294912K Free: 178760K (61%)
----------------- Invoking toplevel() on ptolemy.moml.MoMLSimpleApplication@4144fc7f
----------------- Done invoking toplevel() on ptolemy.moml.MoMLSimpleApplication@4144fc7f
reloadAllAccessors: .SleepMultipleFire

===========================================================================================
----------------- testing Wed Jul 06 02:17:15 UTC 2022 /home/travis/build/icyphy/ptII/ptolemy/actor/lib/test/auto/StopDE.xml
----------------- Instantiating /home/travis/build/icyphy/ptII/ptolemy/actor/lib/test/auto/StopDE.xml
5 ms. Memory: 294912K Free: 173130K (59%)
----------------- Invoking toplevel() on ptolemy.moml.MoMLSimpleApplication@72a28500
----------------- Done invoking toplevel() on ptolemy.moml.MoMLSimpleApplication@72a28500
reloadAllAccessors: .StopDE

===========================================================================================
----------------- testing Wed Jul 06 02:17:15 UTC 2022 /home/travis/build/icyphy/ptII/ptolemy/actor/lib/test/auto/StopSDF.xml
----------------- Instantiating /home/travis/build/icyphy/ptII/ptolemy/actor/lib/test/auto/StopSDF.xml
3 ms. Memory: 294912K Free: 168010K (57%)
----------------- Invoking toplevel() on ptolemy.moml.MoMLSimpleApplication@514fc9cb
----------------- Done invoking toplevel() on ptolemy.moml.MoMLSimpleApplication@514fc9cb
reloadAllAccessors: .StopSDF

===========================================================================================
----------------- testing Wed Jul 06 02:17:15 UTC 2022 /home/travis/build/icyphy/ptII/ptolemy/actor/lib/test/auto/StringConstant.xml
----------------- Instantiating /home/travis/build/icyphy/ptII/ptolemy/actor/lib/test/auto/StringConstant.xml
8 ms. Memory: 294912K Free: 162890K (55%)
----------------- Invoking toplevel() on ptolemy.moml.MoMLSimpleApplication@723b26ab
----------------- Done invoking toplevel() on ptolemy.moml.MoMLSimpleApplication@723b26ab
reloadAllAccessors: .StringConstant

===========================================================================================
----------------- testing Wed Jul 06 02:17:15 UTC 2022 /home/travis/build/icyphy/ptII/ptolemy/actor/lib/test/auto/SubscriberPortInitialValues1.xml
----------------- Instantiating /home/travis/build/icyphy/ptII/ptolemy/actor/lib/test/auto/SubscriberPortInitialValues1.xml
9 ms. Memory: 294912K Free: 154184K (52%)
----------------- Invoking toplevel() on ptolemy.moml.MoMLSimpleApplication@4035043f
----------------- Done invoking toplevel() on ptolemy.moml.MoMLSimpleApplication@4035043f
reloadAllAccessors: .SubscriberPortInitialValues1

===========================================================================================
----------------- testing Wed Jul 06 02:17:15 UTC 2022 /home/travis/build/icyphy/ptII/ptolemy/actor/lib/test/auto/SubscriberPortInitialValues13.xml
----------------- Instantiating /home/travis/build/icyphy/ptII/ptolemy/actor/lib/test/auto/SubscriberPortInitialValues13.xml
6 ms. Memory: 294912K Free: 141386K (48%)
----------------- Invoking toplevel() on ptolemy.moml.MoMLSimpleApplication@d470eee
----------------- Done invoking toplevel() on ptolemy.moml.MoMLSimpleApplication@d470eee
reloadAllAccessors: .SubscriberPortInitialValues13

===========================================================================================
----------------- testing Wed Jul 06 02:17:15 UTC 2022 /home/travis/build/icyphy/ptII/ptolemy/actor/lib/test/auto/SubscriberPortInitialValues14.xml
----------------- Instantiating /home/travis/build/icyphy/ptII/ptolemy/actor/lib/test/auto/SubscriberPortInitialValues14.xml
4 ms. Memory: 294912K Free: 133704K (45%)
----------------- Invoking toplevel() on ptolemy.moml.MoMLSimpleApplication@6ef19dfb
----------------- Done invoking toplevel() on ptolemy.moml.MoMLSimpleApplication@6ef19dfb
reloadAllAccessors: .SubscriberPortInitialValues14

===========================================================================================
----------------- testing Wed Jul 06 02:17:15 UTC 2022 /home/travis/build/icyphy/ptII/ptolemy/actor/lib/test/auto/SubscriberPortInitialValues2.xml
----------------- Instantiating /home/travis/build/icyphy/ptII/ptolemy/actor/lib/test/auto/SubscriberPortInitialValues2.xml
4 ms. Memory: 294912K Free: 126026K (43%)
----------------- Invoking toplevel() on ptolemy.moml.MoMLSimpleApplication@544480d
----------------- Done invoking toplevel() on ptolemy.moml.MoMLSimpleApplication@544480d
reloadAllAccessors: .SubscriberPortInitialValues2

===========================================================================================
----------------- testing Wed Jul 06 02:17:15 UTC 2022 /home/travis/build/icyphy/ptII/ptolemy/actor/lib/test/auto/SubscriberPortInitialValues3.xml
----------------- Instantiating /home/travis/build/icyphy/ptII/ptolemy/actor/lib/test/auto/SubscriberPortInitialValues3.xml
4 ms. Memory: 294912K Free: 115272K (39%)
----------------- Invoking toplevel() on ptolemy.moml.MoMLSimpleApplication@5cb8c7eb
----------------- Done invoking toplevel() on ptolemy.moml.MoMLSimpleApplication@5cb8c7eb
reloadAllAccessors: .SubscriberPortInitialValues3

===========================================================================================
----------------- testing Wed Jul 06 02:17:15 UTC 2022 /home/travis/build/icyphy/ptII/ptolemy/actor/lib/test/auto/SubscriptionAggregator.xml
----------------- Instantiating /home/travis/build/icyphy/ptII/ptolemy/actor/lib/test/auto/SubscriptionAggregator.xml
2 ms. Memory: 294912K Free: 108090K (37%)
----------------- Invoking toplevel() on ptolemy.moml.MoMLSimpleApplication@65265a6
----------------- Done invoking toplevel() on ptolemy.moml.MoMLSimpleApplication@65265a6
reloadAllAccessors: .SubscriptionAggregator

===========================================================================================
----------------- testing Wed Jul 06 02:17:15 UTC 2022 /home/travis/build/icyphy/ptII/ptolemy/actor/lib/test/auto/SubscriptionAggregator2.xml
----------------- Instantiating /home/travis/build/icyphy/ptII/ptolemy/actor/lib/test/auto/SubscriptionAggregator2.xml
3 ms. Memory: 294912K Free: 100930K (34%)
----------------- Invoking toplevel() on ptolemy.moml.MoMLSimpleApplication@5b15d5cd
----------------- Done invoking toplevel() on ptolemy.moml.MoMLSimpleApplication@5b15d5cd
reloadAllAccessors: .SubscriptionAggregator2

===========================================================================================
----------------- testing Wed Jul 06 02:17:15 UTC 2022 /home/travis/build/icyphy/ptII/ptolemy/actor/lib/test/auto/SubscriptionAggregator3.xml
----------------- Instantiating /home/travis/build/icyphy/ptII/ptolemy/actor/lib/test/auto/SubscriptionAggregator3.xml
4 ms. Memory: 294912K Free: 92234K (31%)
----------------- Invoking toplevel() on ptolemy.moml.MoMLSimpleApplication@42ea50a9
----------------- Done invoking toplevel() on ptolemy.moml.MoMLSimpleApplication@42ea50a9
reloadAllAccessors: .SubscriptionAggregator3

===========================================================================================
----------------- testing Wed Jul 06 02:17:15 UTC 2022 /home/travis/build/icyphy/ptII/ptolemy/actor/lib/test/auto/SubscriptionAggregatorMultiply.xml
----------------- Instantiating /home/travis/build/icyphy/ptII/ptolemy/actor/lib/test/auto/SubscriptionAggregatorMultiply.xml
2 ms. Memory: 294912K Free: 84042K (28%)
----------------- Invoking toplevel() on ptolemy.moml.MoMLSimpleApplication@46781dbd
----------------- Done invoking toplevel() on ptolemy.moml.MoMLSimpleApplication@46781dbd
reloadAllAccessors: .SubscriptionAggregatorMultiply

===========================================================================================
----------------- testing Wed Jul 06 02:17:15 UTC 2022 /home/travis/build/icyphy/ptII/ptolemy/actor/lib/test/auto/SubscriptionAggregatorPortMultiply1.xml
----------------- Instantiating /home/travis/build/icyphy/ptII/ptolemy/actor/lib/test/auto/SubscriptionAggregatorPortMultiply1.xml
3 ms. Memory: 294912K Free: 76360K (26%)
----------------- Invoking toplevel() on ptolemy.moml.MoMLSimpleApplication@2b6a5ff4
----------------- Done invoking toplevel() on ptolemy.moml.MoMLSimpleApplication@2b6a5ff4
reloadAllAccessors: .SubscriptionAggregatorPortMultiply1

===========================================================================================
----------------- testing Wed Jul 06 02:17:15 UTC 2022 /home/travis/build/icyphy/ptII/ptolemy/actor/lib/test/auto/Switch.xml
----------------- Instantiating /home/travis/build/icyphy/ptII/ptolemy/actor/lib/test/auto/Switch.xml
15 ms. Memory: 294912K Free: 241224K (82%)
----------------- Invoking toplevel() on ptolemy.moml.MoMLSimpleApplication@46d159e2
----------------- Done invoking toplevel() on ptolemy.moml.MoMLSimpleApplication@46d159e2
reloadAllAccessors: .Switch

===========================================================================================
----------------- testing Wed Jul 06 02:17:15 UTC 2022 /home/travis/build/icyphy/ptII/ptolemy/actor/lib/test/auto/Switch2.xml
----------------- Instantiating /home/travis/build/icyphy/ptII/ptolemy/actor/lib/test/auto/Switch2.xml
1 ms. Memory: 294912K Free: 235848K (80%)
----------------- Invoking toplevel() on ptolemy.moml.MoMLSimpleApplication@5df452f4
----------------- Done invoking toplevel() on ptolemy.moml.MoMLSimpleApplication@5df452f4
reloadAllAccessors: .Switch2

===========================================================================================
----------------- testing Wed Jul 06 02:17:15 UTC 2022 /home/travis/build/icyphy/ptII/ptolemy/actor/lib/test/auto/SwitchDE.xml
----------------- Instantiating /home/travis/build/icyphy/ptII/ptolemy/actor/lib/test/auto/SwitchDE.xml
3 ms. Memory: 294912K Free: 229674K (78%)
----------------- Invoking toplevel() on ptolemy.moml.MoMLSimpleApplication@74dfd310
----------------- Done invoking toplevel() on ptolemy.moml.MoMLSimpleApplication@74dfd310
reloadAllAccessors: .SwitchDE

===========================================================================================
----------------- testing Wed Jul 06 02:17:15 UTC 2022 /home/travis/build/icyphy/ptII/ptolemy/actor/lib/test/auto/SynchronizerDE.xml
----------------- Instantiating /home/travis/build/icyphy/ptII/ptolemy/actor/lib/test/auto/SynchronizerDE.xml
7 ms. Memory: 294912K Free: 221506K (75%)
----------------- Invoking toplevel() on ptolemy.moml.MoMLSimpleApplication@ea8c85c
----------------- Done invoking toplevel() on ptolemy.moml.MoMLSimpleApplication@ea8c85c
reloadAllAccessors: .SynchronizerDE

===========================================================================================
----------------- testing Wed Jul 06 02:17:15 UTC 2022 /home/travis/build/icyphy/ptII/ptolemy/actor/lib/test/auto/Test.xml
----------------- Instantiating /home/travis/build/icyphy/ptII/ptolemy/actor/lib/test/auto/Test.xml
2 ms. Memory: 294912K Free: 216378K (73%)
----------------- Invoking toplevel() on ptolemy.moml.MoMLSimpleApplication@2075fb26
----------------- Done invoking toplevel() on ptolemy.moml.MoMLSimpleApplication@2075fb26
reloadAllAccessors: .Test

===========================================================================================
----------------- testing Wed Jul 06 02:17:15 UTC 2022 /home/travis/build/icyphy/ptII/ptolemy/actor/lib/test/auto/TestExceptionAttribute1.xml
----------------- Instantiating /home/travis/build/icyphy/ptII/ptolemy/actor/lib/test/auto/TestExceptionAttribute1.xml
1 ms. Memory: 294912K Free: 212296K (72%)
----------------- Invoking toplevel() on ptolemy.moml.MoMLSimpleApplication@2b3680a8
----------------- Done invoking toplevel() on ptolemy.moml.MoMLSimpleApplication@2b3680a8
reloadAllAccessors: .TestExceptionAttribute1

===========================================================================================
----------------- testing Wed Jul 06 02:17:15 UTC 2022 /home/travis/build/icyphy/ptII/ptolemy/actor/lib/test/auto/TestExceptionAttribute2.xml
----------------- Instantiating /home/travis/build/icyphy/ptII/ptolemy/actor/lib/test/auto/TestExceptionAttribute2.xml
1 ms. Memory: 294912K Free: 208714K (71%)
----------------- Invoking toplevel() on ptolemy.moml.MoMLSimpleApplication@165717d6
----------------- Done invoking toplevel() on ptolemy.moml.MoMLSimpleApplication@165717d6
reloadAllAccessors: .TestExceptionAttribute2

===========================================================================================
----------------- testing Wed Jul 06 02:17:15 UTC 2022 /home/travis/build/icyphy/ptII/ptolemy/actor/lib/test/auto/TestExceptionAttribute3.xml
----------------- Instantiating /home/travis/build/icyphy/ptII/ptolemy/actor/lib/test/auto/TestExceptionAttribute3.xml
.TestExceptionAttribute3.TestExceptionAttribute: initialize() was not invoked, but wrapup() was.  This is unusual, but not always a problem.  For example, exporting JNLP will do this.
0 ms. Memory: 294912K Free: 205128K (70%)
----------------- Invoking toplevel() on ptolemy.moml.MoMLSimpleApplication@4dbb92be
----------------- Done invoking toplevel() on ptolemy.moml.MoMLSimpleApplication@4dbb92be
reloadAllAccessors: .TestExceptionAttribute3

===========================================================================================
----------------- testing Wed Jul 06 02:17:15 UTC 2022 /home/travis/build/icyphy/ptII/ptolemy/actor/lib/test/auto/TestExceptionAttribute4.xml
----------------- Instantiating /home/travis/build/icyphy/ptII/ptolemy/actor/lib/test/auto/TestExceptionAttribute4.xml
.TestExceptionAttribute4.TestExceptionAttribute: initialize() was not invoked, but wrapup() was.  This is unusual, but not always a problem.  For example, exporting JNLP will do this.
.TestExceptionAttribute4.TestExceptionAttribute2: initialize() was not invoked, but wrapup() was.  This is unusual, but not always a problem.  For example, exporting JNLP will do this.
1 ms. Memory: 294912K Free: 201032K (68%)
----------------- Invoking toplevel() on ptolemy.moml.MoMLSimpleApplication@284a0779
----------------- Done invoking toplevel() on ptolemy.moml.MoMLSimpleApplication@284a0779
reloadAllAccessors: .TestExceptionAttribute4

===========================================================================================
----------------- testing Wed Jul 06 02:17:15 UTC 2022 /home/travis/build/icyphy/ptII/ptolemy/actor/lib/test/auto/TestExceptionHandler1.xml
----------------- Instantiating /home/travis/build/icyphy/ptII/ptolemy/actor/lib/test/auto/TestExceptionHandler1.xml
1 ms. Memory: 294912K Free: 196936K (67%)
----------------- Invoking toplevel() on ptolemy.moml.MoMLSimpleApplication@55ddfa73
----------------- Done invoking toplevel() on ptolemy.moml.MoMLSimpleApplication@55ddfa73
reloadAllAccessors: .TestExceptionHandler1

===========================================================================================
----------------- testing Wed Jul 06 02:17:15 UTC 2022 /home/travis/build/icyphy/ptII/ptolemy/actor/lib/test/auto/TestExceptionHandler2.xml
----------------- Instantiating /home/travis/build/icyphy/ptII/ptolemy/actor/lib/test/auto/TestExceptionHandler2.xml
1 ms. Memory: 294912K Free: 193354K (66%)
----------------- Invoking toplevel() on ptolemy.moml.MoMLSimpleApplication@216e6bac
----------------- Done invoking toplevel() on ptolemy.moml.MoMLSimpleApplication@216e6bac
reloadAllAccessors: .TestExceptionHandler2

===========================================================================================
----------------- testing Wed Jul 06 02:17:15 UTC 2022 /home/travis/build/icyphy/ptII/ptolemy/actor/lib/test/auto/TestExceptionHandler3.xml
----------------- Instantiating /home/travis/build/icyphy/ptII/ptolemy/actor/lib/test/auto/TestExceptionHandler3.xml
0 ms. Memory: 294912K Free: 189768K (64%)
----------------- Invoking toplevel() on ptolemy.moml.MoMLSimpleApplication@7a652f5
----------------- Done invoking toplevel() on ptolemy.moml.MoMLSimpleApplication@7a652f5
reloadAllAccessors: .TestExceptionHandler3

===========================================================================================
----------------- testing Wed Jul 06 02:17:15 UTC 2022 /home/travis/build/icyphy/ptII/ptolemy/actor/lib/test/auto/TestExceptionHandler4.xml
----------------- Instantiating /home/travis/build/icyphy/ptII/ptolemy/actor/lib/test/auto/TestExceptionHandler4.xml
0 ms. Memory: 294912K Free: 185672K (63%)
----------------- Invoking toplevel() on ptolemy.moml.MoMLSimpleApplication@4de33ab9
----------------- Done invoking toplevel() on ptolemy.moml.MoMLSimpleApplication@4de33ab9
reloadAllAccessors: .TestExceptionHandler4

===========================================================================================
----------------- testing Wed Jul 06 02:17:15 UTC 2022 /home/travis/build/icyphy/ptII/ptolemy/actor/lib/test/auto/TestRequireCorrectOrder.xml
----------------- Instantiating /home/travis/build/icyphy/ptII/ptolemy/actor/lib/test/auto/TestRequireCorrectOrder.xml
4 ms. Memory: 294912K Free: 180522K (61%)
----------------- Invoking toplevel() on ptolemy.moml.MoMLSimpleApplication@642e4f36
----------------- Done invoking toplevel() on ptolemy.moml.MoMLSimpleApplication@642e4f36
reloadAllAccessors: .TestRequireCorrectOrder

===========================================================================================
----------------- testing Wed Jul 06 02:17:15 UTC 2022 /home/travis/build/icyphy/ptII/ptolemy/actor/lib/test/auto/TestSimple.xml
----------------- Instantiating /home/travis/build/icyphy/ptII/ptolemy/actor/lib/test/auto/TestSimple.xml
1 ms. Memory: 294912K Free: 175432K (59%)
----------------- Invoking toplevel() on ptolemy.moml.MoMLSimpleApplication@2e15b5f6
----------------- Done invoking toplevel() on ptolemy.moml.MoMLSimpleApplication@2e15b5f6
reloadAllAccessors: .TestSimple

===========================================================================================
----------------- testing Wed Jul 06 02:17:15 UTC 2022 /home/travis/build/icyphy/ptII/ptolemy/actor/lib/test/auto/ThrowModelError.xml
----------------- Instantiating /home/travis/build/icyphy/ptII/ptolemy/actor/lib/test/auto/ThrowModelError.xml
1 ms. Memory: 294912K Free: 170826K (58%)
----------------- Invoking toplevel() on ptolemy.moml.MoMLSimpleApplication@746a46af
----------------- Done invoking toplevel() on ptolemy.moml.MoMLSimpleApplication@746a46af
reloadAllAccessors: .ThrowModelError

===========================================================================================
----------------- testing Wed Jul 06 02:17:15 UTC 2022 /home/travis/build/icyphy/ptII/ptolemy/actor/lib/test/auto/TimeDelayMicrosteps.xml
----------------- Instantiating /home/travis/build/icyphy/ptII/ptolemy/actor/lib/test/auto/TimeDelayMicrosteps.xml
2 ms. Memory: 294912K Free: 164138K (56%)
----------------- Invoking toplevel() on ptolemy.moml.MoMLSimpleApplication@5a7ac7e5
----------------- Done invoking toplevel() on ptolemy.moml.MoMLSimpleApplication@5a7ac7e5
reloadAllAccessors: .TimeDelayMicrosteps

===========================================================================================
----------------- testing Wed Jul 06 02:17:15 UTC 2022 /home/travis/build/icyphy/ptII/ptolemy/actor/lib/test/auto/TimeDelayMicrosteps2.xml
----------------- Instantiating /home/travis/build/icyphy/ptII/ptolemy/actor/lib/test/auto/TimeDelayMicrosteps2.xml
2 ms. Memory: 294912K Free: 156490K (53%)
----------------- Invoking toplevel() on ptolemy.moml.MoMLSimpleApplication@1a9ccb0a
----------------- Done invoking toplevel() on ptolemy.moml.MoMLSimpleApplication@1a9ccb0a
reloadAllAccessors: .TimeDelayMicrosteps2

===========================================================================================
----------------- testing Wed Jul 06 02:17:15 UTC 2022 /home/travis/build/icyphy/ptII/ptolemy/actor/lib/test/auto/TimeDelayMicrosteps3.xml
----------------- Instantiating /home/travis/build/icyphy/ptII/ptolemy/actor/lib/test/auto/TimeDelayMicrosteps3.xml
3 ms. Memory: 294912K Free: 149802K (51%)
----------------- Invoking toplevel() on ptolemy.moml.MoMLSimpleApplication@7261fff4
----------------- Done invoking toplevel() on ptolemy.moml.MoMLSimpleApplication@7261fff4
reloadAllAccessors: .TimeDelayMicrosteps3

===========================================================================================
----------------- testing Wed Jul 06 02:17:15 UTC 2022 /home/travis/build/icyphy/ptII/ptolemy/actor/lib/test/auto/TimeDelayVariableMicrosteps.xml
----------------- Instantiating /home/travis/build/icyphy/ptII/ptolemy/actor/lib/test/auto/TimeDelayVariableMicrosteps.xml
3 ms. Memory: 294912K Free: 143178K (49%)
----------------- Invoking toplevel() on ptolemy.moml.MoMLSimpleApplication@38a8523
----------------- Done invoking toplevel() on ptolemy.moml.MoMLSimpleApplication@38a8523
reloadAllAccessors: .TimeDelayVariableMicrosteps

===========================================================================================
----------------- testing Wed Jul 06 02:17:15 UTC 2022 /home/travis/build/icyphy/ptII/ptolemy/actor/lib/test/auto/TimeGap.xml
----------------- Instantiating /home/travis/build/icyphy/ptII/ptolemy/actor/lib/test/auto/TimeGap.xml
3 ms. Memory: 294912K Free: 138058K (47%)
----------------- Invoking toplevel() on ptolemy.moml.MoMLSimpleApplication@147e849a
----------------- Done invoking toplevel() on ptolemy.moml.MoMLSimpleApplication@147e849a
reloadAllAccessors: .TimeGap

===========================================================================================
----------------- testing Wed Jul 06 02:17:15 UTC 2022 /home/travis/build/icyphy/ptII/ptolemy/actor/lib/test/auto/TimeGap2.xml
----------------- Instantiating /home/travis/build/icyphy/ptII/ptolemy/actor/lib/test/auto/TimeGap2.xml
2 ms. Memory: 294912K Free: 131914K (45%)
----------------- Invoking toplevel() on ptolemy.moml.MoMLSimpleApplication@21324bd1
----------------- Done invoking toplevel() on ptolemy.moml.MoMLSimpleApplication@21324bd1
reloadAllAccessors: .TimeGap2

===========================================================================================
----------------- testing Wed Jul 06 02:17:15 UTC 2022 /home/travis/build/icyphy/ptII/ptolemy/actor/lib/test/auto/TimedSinewave.xml
----------------- Instantiating /home/travis/build/icyphy/ptII/ptolemy/actor/lib/test/auto/TimedSinewave.xml
15 ms. Memory: 294912K Free: 117578K (40%)
----------------- Invoking toplevel() on ptolemy.moml.MoMLSimpleApplication@3eb2d898
----------------- Done invoking toplevel() on ptolemy.moml.MoMLSimpleApplication@3eb2d898
reloadAllAccessors: .TimedSinewave

===========================================================================================
----------------- testing Wed Jul 06 02:17:15 UTC 2022 /home/travis/build/icyphy/ptII/ptolemy/actor/lib/test/auto/TimedSinewavePhase.xml
----------------- Instantiating /home/travis/build/icyphy/ptII/ptolemy/actor/lib/test/auto/TimedSinewavePhase.xml
13 ms. Memory: 294912K Free: 107848K (37%)
----------------- Invoking toplevel() on ptolemy.moml.MoMLSimpleApplication@51aca06c
----------------- Done invoking toplevel() on ptolemy.moml.MoMLSimpleApplication@51aca06c
reloadAllAccessors: .TimedSinewavePhase

===========================================================================================
----------------- testing Wed Jul 06 02:17:16 UTC 2022 /home/travis/build/icyphy/ptII/ptolemy/actor/lib/test/auto/Timer.xml
----------------- Instantiating /home/travis/build/icyphy/ptII/ptolemy/actor/lib/test/auto/Timer.xml
2 ms. Memory: 294912K Free: 101194K (34%)
----------------- Invoking toplevel() on ptolemy.moml.MoMLSimpleApplication@1e4a222b
----------------- Done invoking toplevel() on ptolemy.moml.MoMLSimpleApplication@1e4a222b
reloadAllAccessors: .Timer

===========================================================================================
----------------- testing Wed Jul 06 02:17:16 UTC 2022 /home/travis/build/icyphy/ptII/ptolemy/actor/lib/test/auto/TriangularDistTestModel.xml
----------------- Instantiating /home/travis/build/icyphy/ptII/ptolemy/actor/lib/test/auto/TriangularDistTestModel.xml
1 ms. Memory: 294912K Free: 95050K (32%)
----------------- Invoking toplevel() on ptolemy.moml.MoMLSimpleApplication@6bb7f9
----------------- Done invoking toplevel() on ptolemy.moml.MoMLSimpleApplication@6bb7f9
reloadAllAccessors: .TriangularDistTestModel

===========================================================================================
----------------- testing Wed Jul 06 02:17:16 UTC 2022 /home/travis/build/icyphy/ptII/ptolemy/actor/lib/test/auto/TrigFunction.xml
----------------- Instantiating /home/travis/build/icyphy/ptII/ptolemy/actor/lib/test/auto/TrigFunction.xml
1 ms. Memory: 294912K Free: 90440K (31%)
----------------- Invoking toplevel() on ptolemy.moml.MoMLSimpleApplication@4e957d68
----------------- Done invoking toplevel() on ptolemy.moml.MoMLSimpleApplication@4e957d68
reloadAllAccessors: .TrigFunction

===========================================================================================
----------------- testing Wed Jul 06 02:17:16 UTC 2022 /home/travis/build/icyphy/ptII/ptolemy/actor/lib/test/auto/TrigFunctionDE.xml
----------------- Instantiating /home/travis/build/icyphy/ptII/ptolemy/actor/lib/test/auto/TrigFunctionDE.xml
1 ms. Memory: 294912K Free: 84810K (29%)
----------------- Invoking toplevel() on ptolemy.moml.MoMLSimpleApplication@6e937adb
----------------- Done invoking toplevel() on ptolemy.moml.MoMLSimpleApplication@6e937adb
reloadAllAccessors: .TrigFunctionDE

===========================================================================================
----------------- testing Wed Jul 06 02:17:16 UTC 2022 /home/travis/build/icyphy/ptII/ptolemy/actor/lib/test/auto/TrigFunctionInverse.xml
----------------- Instantiating /home/travis/build/icyphy/ptII/ptolemy/actor/lib/test/auto/TrigFunctionInverse.xml
2 ms. Memory: 294912K Free: 79690K (27%)
----------------- Invoking toplevel() on ptolemy.moml.MoMLSimpleApplication@24f6e70a
----------------- Done invoking toplevel() on ptolemy.moml.MoMLSimpleApplication@24f6e70a
reloadAllAccessors: .TrigFunctionInverse

===========================================================================================
----------------- testing Wed Jul 06 02:17:16 UTC 2022 /home/travis/build/icyphy/ptII/ptolemy/actor/lib/test/auto/TrigFunctionTan.xml
----------------- Instantiating /home/travis/build/icyphy/ptII/ptolemy/actor/lib/test/auto/TrigFunctionTan.xml
1 ms. Memory: 294912K Free: 75080K (25%)
----------------- Invoking toplevel() on ptolemy.moml.MoMLSimpleApplication@3308ad3d
----------------- Done invoking toplevel() on ptolemy.moml.MoMLSimpleApplication@3308ad3d
reloadAllAccessors: .TrigFunctionTan

===========================================================================================
----------------- testing Wed Jul 06 02:17:16 UTC 2022 /home/travis/build/icyphy/ptII/ptolemy/actor/lib/test/auto/TriggeredClock.xml
----------------- Instantiating /home/travis/build/icyphy/ptII/ptolemy/actor/lib/test/auto/TriggeredClock.xml
1 ms. Memory: 294912K Free: 69450K (24%)
----------------- Invoking toplevel() on ptolemy.moml.MoMLSimpleApplication@433e69f3
----------------- Done invoking toplevel() on ptolemy.moml.MoMLSimpleApplication@433e69f3
reloadAllAccessors: .TriggeredClock

===========================================================================================
----------------- testing Wed Jul 06 02:17:16 UTC 2022 /home/travis/build/icyphy/ptII/ptolemy/actor/lib/test/auto/URLDirectoryReader.xml
----------------- Instantiating /home/travis/build/icyphy/ptII/ptolemy/actor/lib/test/auto/URLDirectoryReader.xml
39 ms. Memory: 294912K Free: 235057K (80%)
----------------- Invoking toplevel() on ptolemy.moml.MoMLSimpleApplication@2fde7019
----------------- Done invoking toplevel() on ptolemy.moml.MoMLSimpleApplication@2fde7019
reloadAllAccessors: .URLDirectoryReader

===========================================================================================
----------------- testing Wed Jul 06 02:17:16 UTC 2022 /home/travis/build/icyphy/ptII/ptolemy/actor/lib/test/auto/URLDirectoryReader3.xml
----------------- Instantiating /home/travis/build/icyphy/ptII/ptolemy/actor/lib/test/auto/URLDirectoryReader3.xml
1189 ms. Memory: 294912K Free: 235186K (80%)
----------------- Invoking toplevel() on ptolemy.moml.MoMLSimpleApplication@70ae4d9a
----------------- Done invoking toplevel() on ptolemy.moml.MoMLSimpleApplication@70ae4d9a
reloadAllAccessors: .URLDirectoryReader3

===========================================================================================
----------------- testing Wed Jul 06 02:17:17 UTC 2022 /home/travis/build/icyphy/ptII/ptolemy/actor/lib/test/auto/UnaryMathFunction.xml
----------------- Instantiating /home/travis/build/icyphy/ptII/ptolemy/actor/lib/test/auto/UnaryMathFunction.xml
3 ms. Memory: 294912K Free: 227337K (77%)
----------------- Invoking toplevel() on ptolemy.moml.MoMLSimpleApplication@6d18ccab
----------------- Done invoking toplevel() on ptolemy.moml.MoMLSimpleApplication@6d18ccab
reloadAllAccessors: .UnaryMathFunction

===========================================================================================
----------------- testing Wed Jul 06 02:17:17 UTC 2022 /home/travis/build/icyphy/ptII/ptolemy/actor/lib/test/auto/Uniform.xml
----------------- Instantiating /home/travis/build/icyphy/ptII/ptolemy/actor/lib/test/auto/Uniform.xml
2 ms. Memory: 294912K Free: 222727K (76%)
----------------- Invoking toplevel() on ptolemy.moml.MoMLSimpleApplication@528796c5
----------------- Done invoking toplevel() on ptolemy.moml.MoMLSimpleApplication@528796c5
reloadAllAccessors: .Uniform

===========================================================================================
----------------- testing Wed Jul 06 02:17:17 UTC 2022 /home/travis/build/icyphy/ptII/ptolemy/actor/lib/test/auto/UnionDisassemblerTest.xml
----------------- Instantiating /home/travis/build/icyphy/ptII/ptolemy/actor/lib/test/auto/UnionDisassemblerTest.xml
11 ms. Memory: 294912K Free: 218121K (74%)
----------------- Invoking toplevel() on ptolemy.moml.MoMLSimpleApplication@2e33f52b
----------------- Done invoking toplevel() on ptolemy.moml.MoMLSimpleApplication@2e33f52b
reloadAllAccessors: .UnionDisassemblerTest

===========================================================================================
----------------- testing Wed Jul 06 02:17:17 UTC 2022 /home/travis/build/icyphy/ptII/ptolemy/actor/lib/test/auto/UtilityFunctions.xml
----------------- Instantiating /home/travis/build/icyphy/ptII/ptolemy/actor/lib/test/auto/UtilityFunctions.xml
1 ms. Memory: 294912K Free: 214025K (73%)
----------------- Invoking toplevel() on ptolemy.moml.MoMLSimpleApplication@58cc7515
----------------- Done invoking toplevel() on ptolemy.moml.MoMLSimpleApplication@58cc7515
reloadAllAccessors: .UtilityFunctions

===========================================================================================
----------------- testing Wed Jul 06 02:17:17 UTC 2022 /home/travis/build/icyphy/ptII/ptolemy/actor/lib/test/auto/VariableSleep.xml
----------------- Instantiating /home/travis/build/icyphy/ptII/ptolemy/actor/lib/test/auto/VariableSleep.xml
503 ms. Memory: 294912K Free: 208905K (71%)
----------------- Invoking toplevel() on ptolemy.moml.MoMLSimpleApplication@d3cddc
----------------- Done invoking toplevel() on ptolemy.moml.MoMLSimpleApplication@d3cddc
reloadAllAccessors: .VariableSleep

===========================================================================================
----------------- testing Wed Jul 06 02:17:18 UTC 2022 /home/travis/build/icyphy/ptII/ptolemy/actor/lib/test/auto/VectorAssemblerDisassemblerCT.xml
----------------- Instantiating /home/travis/build/icyphy/ptII/ptolemy/actor/lib/test/auto/VectorAssemblerDisassemblerCT.xml
62 ms. Memory: 294912K Free: 188425K (64%)
----------------- Invoking toplevel() on ptolemy.moml.MoMLSimpleApplication@48b7ad2a
----------------- Done invoking toplevel() on ptolemy.moml.MoMLSimpleApplication@48b7ad2a
reloadAllAccessors: .VectorAssemblerDisassemblerCT

===========================================================================================
----------------- testing Wed Jul 06 02:17:18 UTC 2022 /home/travis/build/icyphy/ptII/ptolemy/actor/lib/test/auto/VectorAssemblerDisassemblerDE.xml
----------------- Instantiating /home/travis/build/icyphy/ptII/ptolemy/actor/lib/test/auto/VectorAssemblerDisassemblerDE.xml
3 ms. Memory: 294912K Free: 181257K (61%)
----------------- Invoking toplevel() on ptolemy.moml.MoMLSimpleApplication@4c8b8048
----------------- Done invoking toplevel() on ptolemy.moml.MoMLSimpleApplication@4c8b8048
reloadAllAccessors: .VectorAssemblerDisassemblerDE

===========================================================================================
----------------- testing Wed Jul 06 02:17:18 UTC 2022 /home/travis/build/icyphy/ptII/ptolemy/actor/lib/test/auto/VectorAssemblerDisassemblerSDF.xml
----------------- Instantiating /home/travis/build/icyphy/ptII/ptolemy/actor/lib/test/auto/VectorAssemblerDisassemblerSDF.xml
2 ms. Memory: 294912K Free: 175113K (59%)
----------------- Invoking toplevel() on ptolemy.moml.MoMLSimpleApplication@6e734b84
----------------- Done invoking toplevel() on ptolemy.moml.MoMLSimpleApplication@6e734b84
reloadAllAccessors: .VectorAssemblerDisassemblerSDF

===========================================================================================
----------------- testing Wed Jul 06 02:17:18 UTC 2022 /home/travis/build/icyphy/ptII/ptolemy/actor/lib/test/auto/WallClockTime.xml
----------------- Instantiating /home/travis/build/icyphy/ptII/ptolemy/actor/lib/test/auto/WallClockTime.xml
1004 ms. Memory: 294912K Free: 169993K (58%)
----------------- Invoking toplevel() on ptolemy.moml.MoMLSimpleApplication@38352a73
----------------- Done invoking toplevel() on ptolemy.moml.MoMLSimpleApplication@38352a73
reloadAllAccessors: .WallClockTime

===========================================================================================
----------------- testing Wed Jul 06 02:17:19 UTC 2022 /home/travis/build/icyphy/ptII/ptolemy/actor/lib/test/auto/WidthTestWithSubscriberPublisher.xml
----------------- Instantiating /home/travis/build/icyphy/ptII/ptolemy/actor/lib/test/auto/WidthTestWithSubscriberPublisher.xml
6 ms. Memory: 294912K Free: 152071K (52%)
----------------- Invoking toplevel() on ptolemy.moml.MoMLSimpleApplication@7281ad1
----------------- Done invoking toplevel() on ptolemy.moml.MoMLSimpleApplication@7281ad1
reloadAllAccessors: .WidthTestWithSubscriberPublisher

===========================================================================================
----------------- testing Wed Jul 06 02:17:19 UTC 2022 /home/travis/build/icyphy/ptII/ptolemy/actor/lib/test/auto/WidthTestWithSubscriberPublisher2.xml
----------------- Instantiating /home/travis/build/icyphy/ptII/ptolemy/actor/lib/test/auto/WidthTestWithSubscriberPublisher2.xml
3 ms. Memory: 294912K Free: 145927K (49%)
----------------- Invoking toplevel() on ptolemy.moml.MoMLSimpleApplication@2f4a33ad
----------------- Done invoking toplevel() on ptolemy.moml.MoMLSimpleApplication@2f4a33ad
reloadAllAccessors: .WidthTestWithSubscriberPublisher2

===========================================================================================
----------------- testing Wed Jul 06 02:17:19 UTC 2022 /home/travis/build/icyphy/ptII/ptolemy/actor/lib/test/auto/WidthTestWithSubscriberPublisher3.xml
----------------- Instantiating /home/travis/build/icyphy/ptII/ptolemy/actor/lib/test/auto/WidthTestWithSubscriberPublisher3.xml
2 ms. Memory: 294912K Free: 139783K (47%)
----------------- Invoking toplevel() on ptolemy.moml.MoMLSimpleApplication@78acc45d
----------------- Done invoking toplevel() on ptolemy.moml.MoMLSimpleApplication@78acc45d
reloadAllAccessors: .WidthTestWithSubscriberPublisher3

===========================================================================================
----------------- testing Wed Jul 06 02:17:19 UTC 2022 /home/travis/build/icyphy/ptII/ptolemy/actor/lib/test/auto/Writer.xml
----------------- Instantiating /home/travis/build/icyphy/ptII/ptolemy/actor/lib/test/auto/Writer.xml
0
1
2
3
4
1 ms. Memory: 294912K Free: 135177K (46%)
----------------- Invoking toplevel() on ptolemy.moml.MoMLSimpleApplication@2b3857a5
----------------- Done invoking toplevel() on ptolemy.moml.MoMLSimpleApplication@2b3857a5
reloadAllAccessors: .Writer

===========================================================================================
----------------- testing Wed Jul 06 02:17:19 UTC 2022 /home/travis/build/icyphy/ptII/ptolemy/actor/lib/test/auto/array.xml
----------------- Instantiating /home/travis/build/icyphy/ptII/ptolemy/actor/lib/test/auto/array.xml
2 ms. Memory: 294912K Free: 130567K (44%)
----------------- Invoking toplevel() on ptolemy.moml.MoMLSimpleApplication@6c72386b
----------------- Done invoking toplevel() on ptolemy.moml.MoMLSimpleApplication@6c72386b
reloadAllAccessors: .array

===========================================================================================
----------------- testing Wed Jul 06 02:17:19 UTC 2022 /home/travis/build/icyphy/ptII/ptolemy/actor/lib/test/auto/array2.xml
----------------- Instantiating /home/travis/build/icyphy/ptII/ptolemy/actor/lib/test/auto/array2.xml
5 ms. Memory: 294912K Free: 125961K (43%)
----------------- Invoking toplevel() on ptolemy.moml.MoMLSimpleApplication@1e2523a0
----------------- Done invoking toplevel() on ptolemy.moml.MoMLSimpleApplication@1e2523a0
reloadAllAccessors: .array2

===========================================================================================
----------------- testing Wed Jul 06 02:17:19 UTC 2022 /home/travis/build/icyphy/ptII/ptolemy/actor/lib/test/auto/arrayType.xml
----------------- Instantiating /home/travis/build/icyphy/ptII/ptolemy/actor/lib/test/auto/arrayType.xml
1 ms. Memory: 294912K Free: 236432K (80%)
----------------- Invoking toplevel() on ptolemy.moml.MoMLSimpleApplication@55ebc422
----------------- Done invoking toplevel() on ptolemy.moml.MoMLSimpleApplication@55ebc422
reloadAllAccessors: .arrayType

===========================================================================================
----------------- testing Wed Jul 06 02:17:19 UTC 2022 /home/travis/build/icyphy/ptII/ptolemy/actor/lib/test/auto/arrayType10.xml
----------------- Instantiating /home/travis/build/icyphy/ptII/ptolemy/actor/lib/test/auto/arrayType10.xml
1 ms. Memory: 294912K Free: 231826K (79%)
----------------- Invoking toplevel() on ptolemy.moml.MoMLSimpleApplication@ef2487f
----------------- Done invoking toplevel() on ptolemy.moml.MoMLSimpleApplication@ef2487f
reloadAllAccessors: .arrayType10

===========================================================================================
----------------- testing Wed Jul 06 02:17:19 UTC 2022 /home/travis/build/icyphy/ptII/ptolemy/actor/lib/test/auto/arrayType11.xml
----------------- Instantiating /home/travis/build/icyphy/ptII/ptolemy/actor/lib/test/auto/arrayType11.xml
2 ms. Memory: 294912K Free: 227216K (77%)
----------------- Invoking toplevel() on ptolemy.moml.MoMLSimpleApplication@221badcd
----------------- Done invoking toplevel() on ptolemy.moml.MoMLSimpleApplication@221badcd
reloadAllAccessors: .arrayType11

===========================================================================================
----------------- testing Wed Jul 06 02:17:19 UTC 2022 /home/travis/build/icyphy/ptII/ptolemy/actor/lib/test/auto/arrayType12.xml
----------------- Instantiating /home/travis/build/icyphy/ptII/ptolemy/actor/lib/test/auto/arrayType12.xml
1 ms. Memory: 294912K Free: 222096K (75%)
----------------- Invoking toplevel() on ptolemy.moml.MoMLSimpleApplication@7f52052e
----------------- Done invoking toplevel() on ptolemy.moml.MoMLSimpleApplication@7f52052e
reloadAllAccessors: .arrayType12

===========================================================================================
----------------- testing Wed Jul 06 02:17:19 UTC 2022 /home/travis/build/icyphy/ptII/ptolemy/actor/lib/test/auto/arrayType13.xml
----------------- Instantiating /home/travis/build/icyphy/ptII/ptolemy/actor/lib/test/auto/arrayType13.xml
1 ms. Memory: 294912K Free: 216466K (73%)
----------------- Invoking toplevel() on ptolemy.moml.MoMLSimpleApplication@2f17d5f1
----------------- Done invoking toplevel() on ptolemy.moml.MoMLSimpleApplication@2f17d5f1
reloadAllAccessors: .arrayType13

===========================================================================================
----------------- testing Wed Jul 06 02:17:19 UTC 2022 /home/travis/build/icyphy/ptII/ptolemy/actor/lib/test/auto/arrayType14.xml
----------------- Instantiating /home/travis/build/icyphy/ptII/ptolemy/actor/lib/test/auto/arrayType14.xml
1 ms. Memory: 294912K Free: 211346K (72%)
----------------- Invoking toplevel() on ptolemy.moml.MoMLSimpleApplication@2d44a6a2
----------------- Done invoking toplevel() on ptolemy.moml.MoMLSimpleApplication@2d44a6a2
reloadAllAccessors: .arrayType14

===========================================================================================
----------------- testing Wed Jul 06 02:17:19 UTC 2022 /home/travis/build/icyphy/ptII/ptolemy/actor/lib/test/auto/arrayType15.xml
----------------- Instantiating /home/travis/build/icyphy/ptII/ptolemy/actor/lib/test/auto/arrayType15.xml
8 ms. Memory: 294912K Free: 205712K (70%)
----------------- Invoking toplevel() on ptolemy.moml.MoMLSimpleApplication@c83ad13
----------------- Done invoking toplevel() on ptolemy.moml.MoMLSimpleApplication@c83ad13
reloadAllAccessors: .arrayType15

===========================================================================================
----------------- testing Wed Jul 06 02:17:19 UTC 2022 /home/travis/build/icyphy/ptII/ptolemy/actor/lib/test/auto/arrayType16.xml
----------------- Instantiating /home/travis/build/icyphy/ptII/ptolemy/actor/lib/test/auto/arrayType16.xml
1 ms. Memory: 294912K Free: 200592K (68%)
----------------- Invoking toplevel() on ptolemy.moml.MoMLSimpleApplication@3109bb1e
----------------- Done invoking toplevel() on ptolemy.moml.MoMLSimpleApplication@3109bb1e
reloadAllAccessors: .arrayType16

===========================================================================================
----------------- testing Wed Jul 06 02:17:19 UTC 2022 /home/travis/build/icyphy/ptII/ptolemy/actor/lib/test/auto/arrayType17.xml
----------------- Instantiating /home/travis/build/icyphy/ptII/ptolemy/actor/lib/test/auto/arrayType17.xml
2 ms. Memory: 294912K Free: 195472K (66%)
----------------- Invoking toplevel() on ptolemy.moml.MoMLSimpleApplication@38aa3b9
----------------- Done invoking toplevel() on ptolemy.moml.MoMLSimpleApplication@38aa3b9
reloadAllAccessors: .arrayType17

===========================================================================================
----------------- testing Wed Jul 06 02:17:19 UTC 2022 /home/travis/build/icyphy/ptII/ptolemy/actor/lib/test/auto/arrayType18.xml
----------------- Instantiating /home/travis/build/icyphy/ptII/ptolemy/actor/lib/test/auto/arrayType18.xml
2 ms. Memory: 294912K Free: 190352K (65%)
----------------- Invoking toplevel() on ptolemy.moml.MoMLSimpleApplication@5278c7b5
----------------- Done invoking toplevel() on ptolemy.moml.MoMLSimpleApplication@5278c7b5
reloadAllAccessors: .arrayType18

===========================================================================================
----------------- testing Wed Jul 06 02:17:19 UTC 2022 /home/travis/build/icyphy/ptII/ptolemy/actor/lib/test/auto/arrayType19.xml
----------------- Instantiating /home/travis/build/icyphy/ptII/ptolemy/actor/lib/test/auto/arrayType19.xml
1 ms. Memory: 294912K Free: 185746K (63%)
----------------- Invoking toplevel() on ptolemy.moml.MoMLSimpleApplication@13c09e76
----------------- Done invoking toplevel() on ptolemy.moml.MoMLSimpleApplication@13c09e76
reloadAllAccessors: .arrayType19

===========================================================================================
----------------- testing Wed Jul 06 02:17:19 UTC 2022 /home/travis/build/icyphy/ptII/ptolemy/actor/lib/test/auto/arrayType2.xml
----------------- Instantiating /home/travis/build/icyphy/ptII/ptolemy/actor/lib/test/auto/arrayType2.xml
1 ms. Memory: 294912K Free: 180112K (61%)
----------------- Invoking toplevel() on ptolemy.moml.MoMLSimpleApplication@7311a7d0
----------------- Done invoking toplevel() on ptolemy.moml.MoMLSimpleApplication@7311a7d0
reloadAllAccessors: .arrayType2

===========================================================================================
----------------- testing Wed Jul 06 02:17:19 UTC 2022 /home/travis/build/icyphy/ptII/ptolemy/actor/lib/test/auto/arrayType20.xml
----------------- Instantiating /home/travis/build/icyphy/ptII/ptolemy/actor/lib/test/auto/arrayType20.xml
1 ms. Memory: 294912K Free: 175506K (60%)
----------------- Invoking toplevel() on ptolemy.moml.MoMLSimpleApplication@340d3f74
----------------- Done invoking toplevel() on ptolemy.moml.MoMLSimpleApplication@340d3f74
reloadAllAccessors: .arrayType20

===========================================================================================
----------------- testing Wed Jul 06 02:17:19 UTC 2022 /home/travis/build/icyphy/ptII/ptolemy/actor/lib/test/auto/arrayType21.xml
----------------- Instantiating /home/travis/build/icyphy/ptII/ptolemy/actor/lib/test/auto/arrayType21.xml
1 ms. Memory: 294912K Free: 170896K (58%)
----------------- Invoking toplevel() on ptolemy.moml.MoMLSimpleApplication@212ab9ec
----------------- Done invoking toplevel() on ptolemy.moml.MoMLSimpleApplication@212ab9ec
reloadAllAccessors: .arrayType21

===========================================================================================
----------------- testing Wed Jul 06 02:17:19 UTC 2022 /home/travis/build/icyphy/ptII/ptolemy/actor/lib/test/auto/arrayType22.xml
----------------- Instantiating /home/travis/build/icyphy/ptII/ptolemy/actor/lib/test/auto/arrayType22.xml
1 ms. Memory: 294912K Free: 165776K (56%)
----------------- Invoking toplevel() on ptolemy.moml.MoMLSimpleApplication@3f9769c1
----------------- Done invoking toplevel() on ptolemy.moml.MoMLSimpleApplication@3f9769c1
reloadAllAccessors: .arrayType22

===========================================================================================
----------------- testing Wed Jul 06 02:17:19 UTC 2022 /home/travis/build/icyphy/ptII/ptolemy/actor/lib/test/auto/arrayType23.xml
----------------- Instantiating /home/travis/build/icyphy/ptII/ptolemy/actor/lib/test/auto/arrayType23.xml
1 ms. Memory: 294912K Free: 161170K (55%)
----------------- Invoking toplevel() on ptolemy.moml.MoMLSimpleApplication@51654af
----------------- Done invoking toplevel() on ptolemy.moml.MoMLSimpleApplication@51654af
reloadAllAccessors: .arrayType23

===========================================================================================
----------------- testing Wed Jul 06 02:17:19 UTC 2022 /home/travis/build/icyphy/ptII/ptolemy/actor/lib/test/auto/arrayType24.xml
----------------- Instantiating /home/travis/build/icyphy/ptII/ptolemy/actor/lib/test/auto/arrayType24.xml
1 ms. Memory: 294912K Free: 156560K (53%)
----------------- Invoking toplevel() on ptolemy.moml.MoMLSimpleApplication@afbee51
----------------- Done invoking toplevel() on ptolemy.moml.MoMLSimpleApplication@afbee51
reloadAllAccessors: .arrayType24

===========================================================================================
----------------- testing Wed Jul 06 02:17:19 UTC 2022 /home/travis/build/icyphy/ptII/ptolemy/actor/lib/test/auto/arrayType25.xml
----------------- Instantiating /home/travis/build/icyphy/ptII/ptolemy/actor/lib/test/auto/arrayType25.xml
2 ms. Memory: 294912K Free: 150930K (51%)
----------------- Invoking toplevel() on ptolemy.moml.MoMLSimpleApplication@4868fcda
----------------- Done invoking toplevel() on ptolemy.moml.MoMLSimpleApplication@4868fcda
reloadAllAccessors: .arrayType25

===========================================================================================
----------------- testing Wed Jul 06 02:17:19 UTC 2022 /home/travis/build/icyphy/ptII/ptolemy/actor/lib/test/auto/arrayType26.xml
----------------- Instantiating /home/travis/build/icyphy/ptII/ptolemy/actor/lib/test/auto/arrayType26.xml
1 ms. Memory: 294912K Free: 145810K (49%)
----------------- Invoking toplevel() on ptolemy.moml.MoMLSimpleApplication@142b5e04
----------------- Done invoking toplevel() on ptolemy.moml.MoMLSimpleApplication@142b5e04
reloadAllAccessors: .arrayType26

===========================================================================================
----------------- testing Wed Jul 06 02:17:20 UTC 2022 /home/travis/build/icyphy/ptII/ptolemy/actor/lib/test/auto/arrayType27.xml
----------------- Instantiating /home/travis/build/icyphy/ptII/ptolemy/actor/lib/test/auto/arrayType27.xml
1 ms. Memory: 294912K Free: 140690K (48%)
----------------- Invoking toplevel() on ptolemy.moml.MoMLSimpleApplication@256907a5
----------------- Done invoking toplevel() on ptolemy.moml.MoMLSimpleApplication@256907a5
reloadAllAccessors: .arrayType27

===========================================================================================
----------------- testing Wed Jul 06 02:17:20 UTC 2022 /home/travis/build/icyphy/ptII/ptolemy/actor/lib/test/auto/arrayType28.xml
----------------- Instantiating /home/travis/build/icyphy/ptII/ptolemy/actor/lib/test/auto/arrayType28.xml
1 ms. Memory: 294912K Free: 135056K (46%)
----------------- Invoking toplevel() on ptolemy.moml.MoMLSimpleApplication@39b14acc
----------------- Done invoking toplevel() on ptolemy.moml.MoMLSimpleApplication@39b14acc
reloadAllAccessors: .arrayType28

===========================================================================================
----------------- testing Wed Jul 06 02:17:20 UTC 2022 /home/travis/build/icyphy/ptII/ptolemy/actor/lib/test/auto/arrayType3.xml
----------------- Instantiating /home/travis/build/icyphy/ptII/ptolemy/actor/lib/test/auto/arrayType3.xml
1 ms. Memory: 294912K Free: 129936K (44%)
----------------- Invoking toplevel() on ptolemy.moml.MoMLSimpleApplication@6e088cef
----------------- Done invoking toplevel() on ptolemy.moml.MoMLSimpleApplication@6e088cef
reloadAllAccessors: .arrayType3

===========================================================================================
----------------- testing Wed Jul 06 02:17:20 UTC 2022 /home/travis/build/icyphy/ptII/ptolemy/actor/lib/test/auto/arrayType4.xml
----------------- Instantiating /home/travis/build/icyphy/ptII/ptolemy/actor/lib/test/auto/arrayType4.xml
1 ms. Memory: 294912K Free: 124306K (42%)
----------------- Invoking toplevel() on ptolemy.moml.MoMLSimpleApplication@37f316d6
----------------- Done invoking toplevel() on ptolemy.moml.MoMLSimpleApplication@37f316d6
reloadAllAccessors: .arrayType4

===========================================================================================
----------------- testing Wed Jul 06 02:17:20 UTC 2022 /home/travis/build/icyphy/ptII/ptolemy/actor/lib/test/auto/arrayType5.xml
----------------- Instantiating /home/travis/build/icyphy/ptII/ptolemy/actor/lib/test/auto/arrayType5.xml
1 ms. Memory: 294912K Free: 119186K (40%)
----------------- Invoking toplevel() on ptolemy.moml.MoMLSimpleApplication@4ca2bb56
----------------- Done invoking toplevel() on ptolemy.moml.MoMLSimpleApplication@4ca2bb56
reloadAllAccessors: .arrayType5

===========================================================================================
----------------- testing Wed Jul 06 02:17:20 UTC 2022 /home/travis/build/icyphy/ptII/ptolemy/actor/lib/test/auto/arrayType6.xml
----------------- Instantiating /home/travis/build/icyphy/ptII/ptolemy/actor/lib/test/auto/arrayType6.xml
1 ms. Memory: 294912K Free: 239237K (81%)
----------------- Invoking toplevel() on ptolemy.moml.MoMLSimpleApplication@5518e4f5
----------------- Done invoking toplevel() on ptolemy.moml.MoMLSimpleApplication@5518e4f5
reloadAllAccessors: .arrayType6

===========================================================================================
----------------- testing Wed Jul 06 02:17:20 UTC 2022 /home/travis/build/icyphy/ptII/ptolemy/actor/lib/test/auto/arrayType7.xml
----------------- Instantiating /home/travis/build/icyphy/ptII/ptolemy/actor/lib/test/auto/arrayType7.xml
6 ms. Memory: 294912K Free: 234131K (79%)
----------------- Invoking toplevel() on ptolemy.moml.MoMLSimpleApplication@5cbb3071
----------------- Done invoking toplevel() on ptolemy.moml.MoMLSimpleApplication@5cbb3071
reloadAllAccessors: .arrayType7

===========================================================================================
----------------- testing Wed Jul 06 02:17:20 UTC 2022 /home/travis/build/icyphy/ptII/ptolemy/actor/lib/test/auto/arrayType8.xml
----------------- Instantiating /home/travis/build/icyphy/ptII/ptolemy/actor/lib/test/auto/arrayType8.xml
2 ms. Memory: 294912K Free: 229525K (78%)
----------------- Invoking toplevel() on ptolemy.moml.MoMLSimpleApplication@6cc74800
----------------- Done invoking toplevel() on ptolemy.moml.MoMLSimpleApplication@6cc74800
reloadAllAccessors: .arrayType8

===========================================================================================
----------------- testing Wed Jul 06 02:17:20 UTC 2022 /home/travis/build/icyphy/ptII/ptolemy/actor/lib/test/auto/arrayType9.xml
----------------- Instantiating /home/travis/build/icyphy/ptII/ptolemy/actor/lib/test/auto/arrayType9.xml
1 ms. Memory: 294912K Free: 224405K (76%)
----------------- Invoking toplevel() on ptolemy.moml.MoMLSimpleApplication@59e18a31
----------------- Done invoking toplevel() on ptolemy.moml.MoMLSimpleApplication@59e18a31
reloadAllAccessors: .arrayType9

===========================================================================================
----------------- testing Wed Jul 06 02:17:20 UTC 2022 /home/travis/build/icyphy/ptII/ptolemy/actor/lib/test/auto/cast.xml
----------------- Instantiating /home/travis/build/icyphy/ptII/ptolemy/actor/lib/test/auto/cast.xml
2 ms. Memory: 294912K Free: 219795K (75%)
----------------- Invoking toplevel() on ptolemy.moml.MoMLSimpleApplication@2e65b26f
----------------- Done invoking toplevel() on ptolemy.moml.MoMLSimpleApplication@2e65b26f
reloadAllAccessors: .cast

===========================================================================================
----------------- testing Wed Jul 06 02:17:20 UTC 2022 /home/travis/build/icyphy/ptII/ptolemy/actor/lib/test/auto/compositeMultiPort.xml
----------------- Instantiating /home/travis/build/icyphy/ptII/ptolemy/actor/lib/test/auto/compositeMultiPort.xml
4 ms. Memory: 294912K Free: 210565K (71%)
----------------- Invoking toplevel() on ptolemy.moml.MoMLSimpleApplication@f6becb1
----------------- Done invoking toplevel() on ptolemy.moml.MoMLSimpleApplication@f6becb1
reloadAllAccessors: .compositeMultiPort

===========================================================================================
----------------- testing Wed Jul 06 02:17:20 UTC 2022 /home/travis/build/icyphy/ptII/ptolemy/actor/lib/test/auto/expressionCastInference.xml
----------------- Instantiating /home/travis/build/icyphy/ptII/ptolemy/actor/lib/test/auto/expressionCastInference.xml
1 ms. Memory: 294912K Free: 205973K (70%)
----------------- Invoking toplevel() on ptolemy.moml.MoMLSimpleApplication@18b68b50
----------------- Done invoking toplevel() on ptolemy.moml.MoMLSimpleApplication@18b68b50
reloadAllAccessors: .expressionCastInference

===========================================================================================
----------------- testing Wed Jul 06 02:17:20 UTC 2022 /home/travis/build/icyphy/ptII/ptolemy/actor/lib/test/auto/expressionCastInference2.xml
----------------- Instantiating /home/travis/build/icyphy/ptII/ptolemy/actor/lib/test/auto/expressionCastInference2.xml
12 ms. Memory: 294912K Free: 201363K (68%)
----------------- Invoking toplevel() on ptolemy.moml.MoMLSimpleApplication@64dc37d
----------------- Done invoking toplevel() on ptolemy.moml.MoMLSimpleApplication@64dc37d
reloadAllAccessors: .expressionCastInference2

===========================================================================================
----------------- testing Wed Jul 06 02:17:20 UTC 2022 /home/travis/build/icyphy/ptII/ptolemy/actor/lib/test/auto/expressionInference.xml
----------------- Instantiating /home/travis/build/icyphy/ptII/ptolemy/actor/lib/test/auto/expressionInference.xml
1 ms. Memory: 294912K Free: 196757K (67%)
----------------- Invoking toplevel() on ptolemy.moml.MoMLSimpleApplication@79595e0a
----------------- Done invoking toplevel() on ptolemy.moml.MoMLSimpleApplication@79595e0a
reloadAllAccessors: .expressionInference

===========================================================================================
----------------- testing Wed Jul 06 02:17:20 UTC 2022 /home/travis/build/icyphy/ptII/ptolemy/actor/lib/test/auto/expression_bug.xml
----------------- Instantiating /home/travis/build/icyphy/ptII/ptolemy/actor/lib/test/auto/expression_bug.xml
2 ms. Memory: 294912K Free: 192147K (65%)
----------------- Invoking toplevel() on ptolemy.moml.MoMLSimpleApplication@7144fda0
----------------- Done invoking toplevel() on ptolemy.moml.MoMLSimpleApplication@7144fda0
reloadAllAccessors: .expression_bug

===========================================================================================
----------------- testing Wed Jul 06 02:17:20 UTC 2022 /home/travis/build/icyphy/ptII/ptolemy/actor/lib/test/auto/factorial.xml
----------------- Instantiating /home/travis/build/icyphy/ptII/ptolemy/actor/lib/test/auto/factorial.xml
32 ms. Memory: 294912K Free: 183445K (62%)
----------------- Invoking toplevel() on ptolemy.moml.MoMLSimpleApplication@72405083
----------------- Done invoking toplevel() on ptolemy.moml.MoMLSimpleApplication@72405083
reloadAllAccessors: .factorial

===========================================================================================
----------------- testing Wed Jul 06 02:17:20 UTC 2022 /home/travis/build/icyphy/ptII/ptolemy/actor/lib/test/auto/filterTest1.xml
----------------- Instantiating /home/travis/build/icyphy/ptII/ptolemy/actor/lib/test/auto/filterTest1.xml
8 ms. Memory: 294912K Free: 177797K (60%)
----------------- Invoking toplevel() on ptolemy.moml.MoMLSimpleApplication@698da014
----------------- Done invoking toplevel() on ptolemy.moml.MoMLSimpleApplication@698da014
reloadAllAccessors: .filterTest1

===========================================================================================
----------------- testing Wed Jul 06 02:17:20 UTC 2022 /home/travis/build/icyphy/ptII/ptolemy/actor/lib/test/auto/funcApplyInConst.xml
----------------- Instantiating /home/travis/build/icyphy/ptII/ptolemy/actor/lib/test/auto/funcApplyInConst.xml
1 ms. Memory: 294912K Free: 173715K (59%)
----------------- Invoking toplevel() on ptolemy.moml.MoMLSimpleApplication@622d1030
----------------- Done invoking toplevel() on ptolemy.moml.MoMLSimpleApplication@622d1030
reloadAllAccessors: .funcApplyInConst

===========================================================================================
----------------- testing Wed Jul 06 02:17:20 UTC 2022 /home/travis/build/icyphy/ptII/ptolemy/actor/lib/test/auto/funcApplyInExpr.xml
----------------- Instantiating /home/travis/build/icyphy/ptII/ptolemy/actor/lib/test/auto/funcApplyInExpr.xml
1 ms. Memory: 294912K Free: 170133K (58%)
----------------- Invoking toplevel() on ptolemy.moml.MoMLSimpleApplication@58df369f
----------------- Done invoking toplevel() on ptolemy.moml.MoMLSimpleApplication@58df369f
reloadAllAccessors: .funcApplyInExpr

===========================================================================================
----------------- testing Wed Jul 06 02:17:20 UTC 2022 /home/travis/build/icyphy/ptII/ptolemy/actor/lib/test/auto/function.xml
----------------- Instantiating /home/travis/build/icyphy/ptII/ptolemy/actor/lib/test/auto/function.xml
1 ms. Memory: 294912K Free: 165523K (56%)
----------------- Invoking toplevel() on ptolemy.moml.MoMLSimpleApplication@5e154e00
----------------- Done invoking toplevel() on ptolemy.moml.MoMLSimpleApplication@5e154e00
reloadAllAccessors: .function

===========================================================================================
----------------- testing Wed Jul 06 02:17:20 UTC 2022 /home/travis/build/icyphy/ptII/ptolemy/actor/lib/test/auto/function2.xml
----------------- Instantiating /home/travis/build/icyphy/ptII/ptolemy/actor/lib/test/auto/function2.xml
2 ms. Memory: 294912K Free: 160403K (54%)
----------------- Invoking toplevel() on ptolemy.moml.MoMLSimpleApplication@75bc672
----------------- Done invoking toplevel() on ptolemy.moml.MoMLSimpleApplication@75bc672
reloadAllAccessors: .function2

===========================================================================================
----------------- testing Wed Jul 06 02:17:20 UTC 2022 /home/travis/build/icyphy/ptII/ptolemy/actor/lib/test/auto/function3.xml
----------------- Instantiating /home/travis/build/icyphy/ptII/ptolemy/actor/lib/test/auto/function3.xml
2 ms. Memory: 294912K Free: 156821K (53%)
----------------- Invoking toplevel() on ptolemy.moml.MoMLSimpleApplication@62d44a99
----------------- Done invoking toplevel() on ptolemy.moml.MoMLSimpleApplication@62d44a99
reloadAllAccessors: .function3

===========================================================================================
----------------- testing Wed Jul 06 02:17:20 UTC 2022 /home/travis/build/icyphy/ptII/ptolemy/actor/lib/test/auto/functionClosureTest1.xml
----------------- Instantiating /home/travis/build/icyphy/ptII/ptolemy/actor/lib/test/auto/functionClosureTest1.xml
1 ms. Memory: 294912K Free: 150677K (51%)
----------------- Invoking toplevel() on ptolemy.moml.MoMLSimpleApplication@2bea15ce
----------------- Done invoking toplevel() on ptolemy.moml.MoMLSimpleApplication@2bea15ce
reloadAllAccessors: .functionClosureTest1

===========================================================================================
----------------- testing Wed Jul 06 02:17:20 UTC 2022 /home/travis/build/icyphy/ptII/ptolemy/actor/lib/test/auto/functionClosureTest2.xml
----------------- Instantiating /home/travis/build/icyphy/ptII/ptolemy/actor/lib/test/auto/functionClosureTest2.xml
2 ms. Memory: 294912K Free: 147091K (50%)
----------------- Invoking toplevel() on ptolemy.moml.MoMLSimpleApplication@60ed2b4
----------------- Done invoking toplevel() on ptolemy.moml.MoMLSimpleApplication@60ed2b4
reloadAllAccessors: .functionClosureTest2

===========================================================================================
----------------- testing Wed Jul 06 02:17:20 UTC 2022 /home/travis/build/icyphy/ptII/ptolemy/actor/lib/test/auto/functionClosureTest3.xml
----------------- Instantiating /home/travis/build/icyphy/ptII/ptolemy/actor/lib/test/auto/functionClosureTest3.xml
1 ms. Memory: 294912K Free: 140947K (48%)
----------------- Invoking toplevel() on ptolemy.moml.MoMLSimpleApplication@1728519c
----------------- Done invoking toplevel() on ptolemy.moml.MoMLSimpleApplication@1728519c
reloadAllAccessors: .functionClosureTest3

===========================================================================================
----------------- testing Wed Jul 06 02:17:20 UTC 2022 /home/travis/build/icyphy/ptII/ptolemy/actor/lib/test/auto/functionClosureTest4.xml
----------------- Instantiating /home/travis/build/icyphy/ptII/ptolemy/actor/lib/test/auto/functionClosureTest4.xml
3 ms. Memory: 294912K Free: 134803K (46%)
----------------- Invoking toplevel() on ptolemy.moml.MoMLSimpleApplication@561cdf2
----------------- Done invoking toplevel() on ptolemy.moml.MoMLSimpleApplication@561cdf2
reloadAllAccessors: .functionClosureTest4

===========================================================================================
----------------- testing Wed Jul 06 02:17:20 UTC 2022 /home/travis/build/icyphy/ptII/ptolemy/actor/lib/test/auto/functionClosureTest5.xml
----------------- Instantiating /home/travis/build/icyphy/ptII/ptolemy/actor/lib/test/auto/functionClosureTest5.xml
3 ms. Memory: 294912K Free: 129173K (44%)
----------------- Invoking toplevel() on ptolemy.moml.MoMLSimpleApplication@1ee3df74
----------------- Done invoking toplevel() on ptolemy.moml.MoMLSimpleApplication@1ee3df74
reloadAllAccessors: .functionClosureTest5

===========================================================================================
----------------- testing Wed Jul 06 02:17:20 UTC 2022 /home/travis/build/icyphy/ptII/ptolemy/actor/lib/test/auto/functionClosureTest6.xml
----------------- Instantiating /home/travis/build/icyphy/ptII/ptolemy/actor/lib/test/auto/functionClosureTest6.xml
2 ms. Memory: 294912K Free: 124557K (42%)
----------------- Invoking toplevel() on ptolemy.moml.MoMLSimpleApplication@5c2a491c
----------------- Done invoking toplevel() on ptolemy.moml.MoMLSimpleApplication@5c2a491c
reloadAllAccessors: .functionClosureTest6

===========================================================================================
----------------- testing Wed Jul 06 02:17:20 UTC 2022 /home/travis/build/icyphy/ptII/ptolemy/actor/lib/test/auto/functionsOnArcs.xml
----------------- Instantiating /home/travis/build/icyphy/ptII/ptolemy/actor/lib/test/auto/functionsOnArcs.xml
2 ms. Memory: 294912K Free: 119443K (41%)
----------------- Invoking toplevel() on ptolemy.moml.MoMLSimpleApplication@66b3898b
----------------- Done invoking toplevel() on ptolemy.moml.MoMLSimpleApplication@66b3898b
reloadAllAccessors: .functionsOnArcs

===========================================================================================
----------------- testing Wed Jul 06 02:17:20 UTC 2022 /home/travis/build/icyphy/ptII/ptolemy/actor/lib/test/auto/functionsOnArcsHOF.xml
----------------- Instantiating /home/travis/build/icyphy/ptII/ptolemy/actor/lib/test/auto/functionsOnArcsHOF.xml
7 ms. Memory: 294912K Free: 113299K (38%)
----------------- Invoking toplevel() on ptolemy.moml.MoMLSimpleApplication@28ae5290
----------------- Done invoking toplevel() on ptolemy.moml.MoMLSimpleApplication@28ae5290
reloadAllAccessors: .functionsOnArcsHOF

===========================================================================================
----------------- testing Wed Jul 06 02:17:20 UTC 2022 /home/travis/build/icyphy/ptII/ptolemy/actor/lib/test/auto/logic.xml
----------------- Instantiating /home/travis/build/icyphy/ptII/ptolemy/actor/lib/test/auto/logic.xml
10 ms. Memory: 294912K Free: 240368K (82%)
----------------- Invoking toplevel() on ptolemy.moml.MoMLSimpleApplication@33f59007
----------------- Done invoking toplevel() on ptolemy.moml.MoMLSimpleApplication@33f59007
reloadAllAccessors: .logic

===========================================================================================
----------------- testing Wed Jul 06 02:17:20 UTC 2022 /home/travis/build/icyphy/ptII/ptolemy/actor/lib/test/auto/matrixType.xml
----------------- Instantiating /home/travis/build/icyphy/ptII/ptolemy/actor/lib/test/auto/matrixType.xml
1 ms. Memory: 294912K Free: 235013K (80%)
----------------- Invoking toplevel() on ptolemy.moml.MoMLSimpleApplication@29b1befd
----------------- Done invoking toplevel() on ptolemy.moml.MoMLSimpleApplication@29b1befd
reloadAllAccessors: .matrixType

===========================================================================================
----------------- testing Wed Jul 06 02:17:20 UTC 2022 /home/travis/build/icyphy/ptII/ptolemy/actor/lib/test/auto/matrixType10.xml
----------------- Instantiating /home/travis/build/icyphy/ptII/ptolemy/actor/lib/test/auto/matrixType10.xml
2 ms. Memory: 294912K Free: 229893K (78%)
----------------- Invoking toplevel() on ptolemy.moml.MoMLSimpleApplication@51ff81ef
----------------- Done invoking toplevel() on ptolemy.moml.MoMLSimpleApplication@51ff81ef
reloadAllAccessors: .matrixType10

===========================================================================================
----------------- testing Wed Jul 06 02:17:20 UTC 2022 /home/travis/build/icyphy/ptII/ptolemy/actor/lib/test/auto/matrixType11.xml
----------------- Instantiating /home/travis/build/icyphy/ptII/ptolemy/actor/lib/test/auto/matrixType11.xml
2 ms. Memory: 294912K Free: 225287K (76%)
----------------- Invoking toplevel() on ptolemy.moml.MoMLSimpleApplication@34bbd7ee
----------------- Done invoking toplevel() on ptolemy.moml.MoMLSimpleApplication@34bbd7ee
reloadAllAccessors: .matrixType11

===========================================================================================
----------------- testing Wed Jul 06 02:17:20 UTC 2022 /home/travis/build/icyphy/ptII/ptolemy/actor/lib/test/auto/matrixType12.xml
----------------- Instantiating /home/travis/build/icyphy/ptII/ptolemy/actor/lib/test/auto/matrixType12.xml
1 ms. Memory: 294912K Free: 220167K (75%)
----------------- Invoking toplevel() on ptolemy.moml.MoMLSimpleApplication@10473eb3
----------------- Done invoking toplevel() on ptolemy.moml.MoMLSimpleApplication@10473eb3
reloadAllAccessors: .matrixType12

===========================================================================================
----------------- testing Wed Jul 06 02:17:20 UTC 2022 /home/travis/build/icyphy/ptII/ptolemy/actor/lib/test/auto/matrixType13.xml
----------------- Instantiating /home/travis/build/icyphy/ptII/ptolemy/actor/lib/test/auto/matrixType13.xml
1 ms. Memory: 294912K Free: 215557K (73%)
----------------- Invoking toplevel() on ptolemy.moml.MoMLSimpleApplication@3d471a69
----------------- Done invoking toplevel() on ptolemy.moml.MoMLSimpleApplication@3d471a69
reloadAllAccessors: .matrixType13

===========================================================================================
----------------- testing Wed Jul 06 02:17:20 UTC 2022 /home/travis/build/icyphy/ptII/ptolemy/actor/lib/test/auto/matrixType14.xml
----------------- Instantiating /home/travis/build/icyphy/ptII/ptolemy/actor/lib/test/auto/matrixType14.xml
1 ms. Memory: 294912K Free: 210951K (72%)
----------------- Invoking toplevel() on ptolemy.moml.MoMLSimpleApplication@ad4ee6c
----------------- Done invoking toplevel() on ptolemy.moml.MoMLSimpleApplication@ad4ee6c
reloadAllAccessors: .matrixType14

===========================================================================================
----------------- testing Wed Jul 06 02:17:20 UTC 2022 /home/travis/build/icyphy/ptII/ptolemy/actor/lib/test/auto/matrixType2.xml
----------------- Instantiating /home/travis/build/icyphy/ptII/ptolemy/actor/lib/test/auto/matrixType2.xml
2 ms. Memory: 294912K Free: 205317K (70%)
----------------- Invoking toplevel() on ptolemy.moml.MoMLSimpleApplication@4a713a5a
----------------- Done invoking toplevel() on ptolemy.moml.MoMLSimpleApplication@4a713a5a
reloadAllAccessors: .matrixType2

===========================================================================================
----------------- testing Wed Jul 06 02:17:20 UTC 2022 /home/travis/build/icyphy/ptII/ptolemy/actor/lib/test/auto/matrixType3.xml
----------------- Instantiating /home/travis/build/icyphy/ptII/ptolemy/actor/lib/test/auto/matrixType3.xml
3 ms. Memory: 294912K Free: 200711K (68%)
----------------- Invoking toplevel() on ptolemy.moml.MoMLSimpleApplication@2b758e04
----------------- Done invoking toplevel() on ptolemy.moml.MoMLSimpleApplication@2b758e04
reloadAllAccessors: .matrixType3

===========================================================================================
----------------- testing Wed Jul 06 02:17:20 UTC 2022 /home/travis/build/icyphy/ptII/ptolemy/actor/lib/test/auto/matrixType4.xml
----------------- Instantiating /home/travis/build/icyphy/ptII/ptolemy/actor/lib/test/auto/matrixType4.xml
2 ms. Memory: 294912K Free: 195591K (66%)
----------------- Invoking toplevel() on ptolemy.moml.MoMLSimpleApplication@26956213
----------------- Done invoking toplevel() on ptolemy.moml.MoMLSimpleApplication@26956213
reloadAllAccessors: .matrixType4

===========================================================================================
----------------- testing Wed Jul 06 02:17:20 UTC 2022 /home/travis/build/icyphy/ptII/ptolemy/actor/lib/test/auto/matrixType5.xml
----------------- Instantiating /home/travis/build/icyphy/ptII/ptolemy/actor/lib/test/auto/matrixType5.xml
1 ms. Memory: 294912K Free: 190981K (65%)
----------------- Invoking toplevel() on ptolemy.moml.MoMLSimpleApplication@6409a819
----------------- Done invoking toplevel() on ptolemy.moml.MoMLSimpleApplication@6409a819
reloadAllAccessors: .matrixType5

===========================================================================================
----------------- testing Wed Jul 06 02:17:20 UTC 2022 /home/travis/build/icyphy/ptII/ptolemy/actor/lib/test/auto/matrixType6.xml
----------------- Instantiating /home/travis/build/icyphy/ptII/ptolemy/actor/lib/test/auto/matrixType6.xml
1 ms. Memory: 294912K Free: 185861K (63%)
----------------- Invoking toplevel() on ptolemy.moml.MoMLSimpleApplication@2d5e316f
----------------- Done invoking toplevel() on ptolemy.moml.MoMLSimpleApplication@2d5e316f
reloadAllAccessors: .matrixType6

===========================================================================================
----------------- testing Wed Jul 06 02:17:20 UTC 2022 /home/travis/build/icyphy/ptII/ptolemy/actor/lib/test/auto/matrixType7.xml
----------------- Instantiating /home/travis/build/icyphy/ptII/ptolemy/actor/lib/test/auto/matrixType7.xml
2 ms. Memory: 294912K Free: 181255K (61%)
----------------- Invoking toplevel() on ptolemy.moml.MoMLSimpleApplication@6de91c63
----------------- Done invoking toplevel() on ptolemy.moml.MoMLSimpleApplication@6de91c63
reloadAllAccessors: .matrixType7

===========================================================================================
----------------- testing Wed Jul 06 02:17:20 UTC 2022 /home/travis/build/icyphy/ptII/ptolemy/actor/lib/test/auto/matrixType8.xml
----------------- Instantiating /home/travis/build/icyphy/ptII/ptolemy/actor/lib/test/auto/matrixType8.xml
1 ms. Memory: 294912K Free: 176135K (60%)
----------------- Invoking toplevel() on ptolemy.moml.MoMLSimpleApplication@1ef6a015
----------------- Done invoking toplevel() on ptolemy.moml.MoMLSimpleApplication@1ef6a015
reloadAllAccessors: .matrixType8

===========================================================================================
----------------- testing Wed Jul 06 02:17:20 UTC 2022 /home/travis/build/icyphy/ptII/ptolemy/actor/lib/test/auto/matrixType9.xml
----------------- Instantiating /home/travis/build/icyphy/ptII/ptolemy/actor/lib/test/auto/matrixType9.xml
1 ms. Memory: 294912K Free: 171525K (58%)
----------------- Invoking toplevel() on ptolemy.moml.MoMLSimpleApplication@5e0497ba
----------------- Done invoking toplevel() on ptolemy.moml.MoMLSimpleApplication@5e0497ba
reloadAllAccessors: .matrixType9

===========================================================================================
----------------- testing Wed Jul 06 02:17:20 UTC 2022 /home/travis/build/icyphy/ptII/ptolemy/actor/lib/test/auto/paraFunctest.xml
----------------- Instantiating /home/travis/build/icyphy/ptII/ptolemy/actor/lib/test/auto/paraFunctest.xml
2 ms. Memory: 294912K Free: 166919K (57%)
----------------- Invoking toplevel() on ptolemy.moml.MoMLSimpleApplication@258f6cd2
----------------- Done invoking toplevel() on ptolemy.moml.MoMLSimpleApplication@258f6cd2
reloadAllAccessors: .paraFunctest

===========================================================================================
----------------- testing Wed Jul 06 02:17:20 UTC 2022 /home/travis/build/icyphy/ptII/ptolemy/actor/lib/test/auto/paraFunctest2.xml
----------------- Instantiating /home/travis/build/icyphy/ptII/ptolemy/actor/lib/test/auto/paraFunctest2.xml
2 ms. Memory: 294912K Free: 162309K (55%)
----------------- Invoking toplevel() on ptolemy.moml.MoMLSimpleApplication@4c11fe0c
----------------- Done invoking toplevel() on ptolemy.moml.MoMLSimpleApplication@4c11fe0c
reloadAllAccessors: .paraFunctest2

===========================================================================================
----------------- testing Wed Jul 06 02:17:20 UTC 2022 /home/travis/build/icyphy/ptII/ptolemy/actor/lib/test/auto/parameterPassing.xml
----------------- Instantiating /home/travis/build/icyphy/ptII/ptolemy/actor/lib/test/auto/parameterPassing.xml
0 ms. Memory: 294912K Free: 157703K (53%)
----------------- Invoking toplevel() on ptolemy.moml.MoMLSimpleApplication@20ea4f65
----------------- Done invoking toplevel() on ptolemy.moml.MoMLSimpleApplication@20ea4f65
reloadAllAccessors: .parameterPassing

===========================================================================================
----------------- testing Wed Jul 06 02:17:20 UTC 2022 /home/travis/build/icyphy/ptII/ptolemy/actor/lib/test/auto/record.xml
----------------- Instantiating /home/travis/build/icyphy/ptII/ptolemy/actor/lib/test/auto/record.xml
2 ms. Memory: 294912K Free: 153093K (52%)
----------------- Invoking toplevel() on ptolemy.moml.MoMLSimpleApplication@20004f0a
----------------- Done invoking toplevel() on ptolemy.moml.MoMLSimpleApplication@20004f0a
reloadAllAccessors: .record

===========================================================================================
----------------- testing Wed Jul 06 02:17:20 UTC 2022 /home/travis/build/icyphy/ptII/ptolemy/actor/lib/test/auto/sizedarray1.xml
----------------- Instantiating /home/travis/build/icyphy/ptII/ptolemy/actor/lib/test/auto/sizedarray1.xml
2 ms. Memory: 294912K Free: 147463K (50%)
----------------- Invoking toplevel() on ptolemy.moml.MoMLSimpleApplication@f87e76c
----------------- Done invoking toplevel() on ptolemy.moml.MoMLSimpleApplication@f87e76c
reloadAllAccessors: .sizedarray1

===========================================================================================
----------------- testing Wed Jul 06 02:17:20 UTC 2022 /home/travis/build/icyphy/ptII/ptolemy/actor/lib/test/auto/sizedarray2.xml
----------------- Instantiating /home/travis/build/icyphy/ptII/ptolemy/actor/lib/test/auto/sizedarray2.xml
2 ms. Memory: 294912K Free: 141829K (48%)
----------------- Invoking toplevel() on ptolemy.moml.MoMLSimpleApplication@36f19dd4
----------------- Done invoking toplevel() on ptolemy.moml.MoMLSimpleApplication@36f19dd4
reloadAllAccessors: .sizedarray2

===========================================================================================
----------------- testing Wed Jul 06 02:17:20 UTC 2022 /home/travis/build/icyphy/ptII/ptolemy/actor/lib/test/auto/twoPublishers.xml
----------------- Instantiating /home/travis/build/icyphy/ptII/ptolemy/actor/lib/test/auto/twoPublishers.xml
6 ms. Memory: 294912K Free: 131079K (44%)
----------------- Invoking toplevel() on ptolemy.moml.MoMLSimpleApplication@17b772a2
----------------- Done invoking toplevel() on ptolemy.moml.MoMLSimpleApplication@17b772a2
reloadAllAccessors: .twoPublishers
AutoTests.java: About to close Vertx.
AutoTests.java: Vertx closed.
]]></system-out>
  <system-err><![CDATA[java.lang.RuntimeException: Execution failed
	at ptolemy.moml.MoMLSimpleApplication$UnloadThread.run(MoMLSimpleApplication.java:402)
Caused by: java.lang.RuntimeException: StringUtilities.exit() was called. Normally, we would exit here because Manager.exitAfterWrapup() was called.  However, because the ptolemy.ptII.exitAfterWrapup property is set, we throw this exception instead.
	at ptolemy.util.StringUtilities.exit(StringUtilities.java:365)
	at ptolemy.actor.Manager.wrapup(Manager.java:1549)
	at ptolemy.actor.Manager.execute(Manager.java:407)
	at ptolemy.actor.Manager.run(Manager.java:1263)
	at ptolemy.actor.Manager$PtolemyRunThread.run(Manager.java:1933)
Warning: '.top.test' is in training mode, set the trainingMode parameter to false before checking in
Warning: '.top.test' is in training mode, set the trainingMode parameter to false before checking in
Warning: '.top.test' is in training mode, set the trainingMode parameter to false before checking in
Warning: '.BooleanSwitch_RegressionTest_WrongTrainingValues.Test' is in training mode, set the trainingMode parameter to false before checking in
Warning: '.BooleanSwitch_RegressionTest_WrongTrainingValues.Test2' is in training mode, set the trainingMode parameter to false before checking in
Warning: '.BooleanSwitch_RegressionTest_WrongTrainingValues.Test2' The test produced 0 tokens.
Warning: '.top.testExceptionHandler' is in training mode, set the trainingMode parameter to false before checking in
java.lang.RuntimeException: Execution failed
	at ptolemy.moml.MoMLSimpleApplication$UnloadThread.run(MoMLSimpleApplication.java:402)
Caused by: ptolemy.kernel.util.IllegalActionException: PublisherPorts cannot be used at the top level, use a Publisher actor instead.
  in .PublisherPortToplevelSubscriber.PublisherPort
	at ptolemy.actor.PublisherPort.preinitialize(PublisherPort.java:403)
	at ptolemy.actor.CompositeActor.preinitialize(CompositeActor.java:1769)
	at ptolemy.actor.Manager.preinitializeAndResolveTypes(Manager.java:1040)
	at ptolemy.actor.Manager.initialize(Manager.java:710)
	at ptolemy.actor.Manager.execute(Manager.java:356)
	at ptolemy.actor.Manager.run(Manager.java:1263)
	at ptolemy.actor.Manager$PtolemyRunThread.run(Manager.java:1933)
java.lang.reflect.InvocationTargetException
	at java.base/jdk.internal.reflect.NativeConstructorAccessorImpl.newInstance0(Native Method)
	at java.base/jdk.internal.reflect.NativeConstructorAccessorImpl.newInstance(NativeConstructorAccessorImpl.java:62)
	at java.base/jdk.internal.reflect.DelegatingConstructorAccessorImpl.newInstance(DelegatingConstructorAccessorImpl.java:45)
	at java.base/java.lang.reflect.Constructor.newInstance(Constructor.java:490)
	at ptolemy.util.test.junit.AutoKnownFailedTests.RunModel(AutoKnownFailedTests.java:105)
	at java.base/jdk.internal.reflect.NativeMethodAccessorImpl.invoke0(Native Method)
	at java.base/jdk.internal.reflect.NativeMethodAccessorImpl.invoke(NativeMethodAccessorImpl.java:62)
	at java.base/jdk.internal.reflect.DelegatingMethodAccessorImpl.invoke(DelegatingMethodAccessorImpl.java:43)
	at java.base/java.lang.reflect.Method.invoke(Method.java:566)
	at org.junit.runners.model.FrameworkMethod$1.runReflectiveCall(FrameworkMethod.java:44)
	at org.junit.internal.runners.model.ReflectiveCallable.run(ReflectiveCallable.java:15)
	at org.junit.runners.model.FrameworkMethod.invokeExplosively(FrameworkMethod.java:41)
	at junitparams.internal.InvokeParameterisedMethod.evaluate(InvokeParameterisedMethod.java:102)
	at org.junit.internal.runners.statements.FailOnTimeout$1.run(FailOnTimeout.java:28)
Caused by: ptolemy.kernel.util.IllegalActionException: PublisherPorts cannot be used at the top level, use a Publisher actor instead.
  in .PublisherPortToplevelSubscriber.PublisherPort
	at ptolemy.actor.PublisherPort.preinitialize(PublisherPort.java:403)
	at ptolemy.actor.CompositeActor.preinitialize(CompositeActor.java:1769)
	at ptolemy.actor.Manager.preinitializeAndResolveTypes(Manager.java:1040)
	at ptolemy.actor.Manager.initialize(Manager.java:710)
	at ptolemy.actor.Manager.execute(Manager.java:356)
	at ptolemy.actor.Manager.run(Manager.java:1263)
	at ptolemy.actor.Manager$PtolemyRunThread.run(Manager.java:1933)
java.lang.RuntimeException: Execution failed
	at ptolemy.moml.MoMLSimpleApplication$UnloadThread.run(MoMLSimpleApplication.java:402)
Caused by: ptolemy.kernel.util.IllegalActionException: SubscriberPorts cannot be used at the top level, use a Subscriber actor instead.
  in .PublisherSubscriberPortToplevel.SubscriberPort
	at ptolemy.actor.SubscriberPort.preinitialize(SubscriberPort.java:328)
	at ptolemy.actor.CompositeActor.preinitialize(CompositeActor.java:1769)
	at ptolemy.actor.Manager.preinitializeAndResolveTypes(Manager.java:1040)
	at ptolemy.actor.Manager.initialize(Manager.java:710)
	at ptolemy.actor.Manager.execute(Manager.java:356)
	at ptolemy.actor.Manager.run(Manager.java:1263)
	at ptolemy.actor.Manager$PtolemyRunThread.run(Manager.java:1933)
java.lang.reflect.InvocationTargetException
	at java.base/jdk.internal.reflect.NativeConstructorAccessorImpl.newInstance0(Native Method)
	at java.base/jdk.internal.reflect.NativeConstructorAccessorImpl.newInstance(NativeConstructorAccessorImpl.java:62)
	at java.base/jdk.internal.reflect.DelegatingConstructorAccessorImpl.newInstance(DelegatingConstructorAccessorImpl.java:45)
	at java.base/java.lang.reflect.Constructor.newInstance(Constructor.java:490)
	at ptolemy.util.test.junit.AutoKnownFailedTests.RunModel(AutoKnownFailedTests.java:105)
	at java.base/jdk.internal.reflect.NativeMethodAccessorImpl.invoke0(Native Method)
	at java.base/jdk.internal.reflect.NativeMethodAccessorImpl.invoke(NativeMethodAccessorImpl.java:62)
	at java.base/jdk.internal.reflect.DelegatingMethodAccessorImpl.invoke(DelegatingMethodAccessorImpl.java:43)
	at java.base/java.lang.reflect.Method.invoke(Method.java:566)
	at org.junit.runners.model.FrameworkMethod$1.runReflectiveCall(FrameworkMethod.java:44)
	at org.junit.internal.runners.model.ReflectiveCallable.run(ReflectiveCallable.java:15)
	at org.junit.runners.model.FrameworkMethod.invokeExplosively(FrameworkMethod.java:41)
	at junitparams.internal.InvokeParameterisedMethod.evaluate(InvokeParameterisedMethod.java:102)
	at org.junit.internal.runners.statements.FailOnTimeout$1.run(FailOnTimeout.java:28)
Caused by: ptolemy.kernel.util.IllegalActionException: SubscriberPorts cannot be used at the top level, use a Subscriber actor instead.
  in .PublisherSubscriberPortToplevel.SubscriberPort
	at ptolemy.actor.SubscriberPort.preinitialize(SubscriberPort.java:328)
	at ptolemy.actor.CompositeActor.preinitialize(CompositeActor.java:1769)
	at ptolemy.actor.Manager.preinitializeAndResolveTypes(Manager.java:1040)
	at ptolemy.actor.Manager.initialize(Manager.java:710)
	at ptolemy.actor.Manager.execute(Manager.java:356)
	at ptolemy.actor.Manager.run(Manager.java:1263)
	at ptolemy.actor.Manager$PtolemyRunThread.run(Manager.java:1933)
java.lang.RuntimeException: Execution failed
	at ptolemy.moml.MoMLSimpleApplication$UnloadThread.run(MoMLSimpleApplication.java:402)
Caused by: ptolemy.kernel.util.IllegalActionException: SubscriptionAggregatorPorts cannot be used at the top level, use a SubscriptionAggregator actor instead.
  in .PublisherSubscriptionAggregatorPort.SubscriptionAggregatorPort
	at ptolemy.actor.SubscriptionAggregatorPort.preinitialize(SubscriptionAggregatorPort.java:353)
	at ptolemy.actor.CompositeActor.preinitialize(CompositeActor.java:1769)
	at ptolemy.actor.Manager.preinitializeAndResolveTypes(Manager.java:1040)
	at ptolemy.actor.Manager.initialize(Manager.java:710)
	at ptolemy.actor.Manager.execute(Manager.java:356)
	at ptolemy.actor.Manager.run(Manager.java:1263)
	at ptolemy.actor.Manager$PtolemyRunThread.run(Manager.java:1933)
java.lang.reflect.InvocationTargetException
	at java.base/jdk.internal.reflect.NativeConstructorAccessorImpl.newInstance0(Native Method)
	at java.base/jdk.internal.reflect.NativeConstructorAccessorImpl.newInstance(NativeConstructorAccessorImpl.java:62)
	at java.base/jdk.internal.reflect.DelegatingConstructorAccessorImpl.newInstance(DelegatingConstructorAccessorImpl.java:45)
	at java.base/java.lang.reflect.Constructor.newInstance(Constructor.java:490)
	at ptolemy.util.test.junit.AutoKnownFailedTests.RunModel(AutoKnownFailedTests.java:105)
	at java.base/jdk.internal.reflect.NativeMethodAccessorImpl.invoke0(Native Method)
	at java.base/jdk.internal.reflect.NativeMethodAccessorImpl.invoke(NativeMethodAccessorImpl.java:62)
	at java.base/jdk.internal.reflect.DelegatingMethodAccessorImpl.invoke(DelegatingMethodAccessorImpl.java:43)
	at java.base/java.lang.reflect.Method.invoke(Method.java:566)
	at org.junit.runners.model.FrameworkMethod$1.runReflectiveCall(FrameworkMethod.java:44)
	at org.junit.internal.runners.model.ReflectiveCallable.run(ReflectiveCallable.java:15)
	at org.junit.runners.model.FrameworkMethod.invokeExplosively(FrameworkMethod.java:41)
	at junitparams.internal.InvokeParameterisedMethod.evaluate(InvokeParameterisedMethod.java:102)
	at org.junit.internal.runners.statements.FailOnTimeout$1.run(FailOnTimeout.java:28)
Caused by: ptolemy.kernel.util.IllegalActionException: SubscriptionAggregatorPorts cannot be used at the top level, use a SubscriptionAggregator actor instead.
  in .PublisherSubscriptionAggregatorPort.SubscriptionAggregatorPort
	at ptolemy.actor.SubscriptionAggregatorPort.preinitialize(SubscriptionAggregatorPort.java:353)
	at ptolemy.actor.CompositeActor.preinitialize(CompositeActor.java:1769)
	at ptolemy.actor.Manager.preinitializeAndResolveTypes(Manager.java:1040)
	at ptolemy.actor.Manager.initialize(Manager.java:710)
	at ptolemy.actor.Manager.execute(Manager.java:356)
	at ptolemy.actor.Manager.run(Manager.java:1263)
	at ptolemy.actor.Manager$PtolemyRunThread.run(Manager.java:1933)
java.lang.RuntimeException: Execution failed
	at ptolemy.moml.MoMLSimpleApplication$UnloadThread.run(MoMLSimpleApplication.java:402)
Caused by: ptolemy.kernel.util.IllegalActionException: TypeTest actor has no training data.
  in .sizedarray3.TypeTest
	at ptolemy.actor.lib.TypeTest.initialize(TypeTest.java:250)
	at ptolemy.actor.Director.initialize(Director.java:938)
	at ptolemy.actor.Director.initialize(Director.java:907)
	at ptolemy.actor.sched.StaticSchedulingDirector.initialize(StaticSchedulingDirector.java:159)
	at ptolemy.domains.sdf.kernel.SDFDirector.initialize(SDFDirector.java:544)
	at ptolemy.actor.CompositeActor.initialize(CompositeActor.java:935)
	at ptolemy.actor.Manager.initialize(Manager.java:724)
	at ptolemy.actor.Manager.execute(Manager.java:356)
	at ptolemy.actor.Manager.run(Manager.java:1263)
	at ptolemy.actor.Manager$PtolemyRunThread.run(Manager.java:1933)
java.lang.reflect.InvocationTargetException
	at java.base/jdk.internal.reflect.NativeConstructorAccessorImpl.newInstance0(Native Method)
	at java.base/jdk.internal.reflect.NativeConstructorAccessorImpl.newInstance(NativeConstructorAccessorImpl.java:62)
	at java.base/jdk.internal.reflect.DelegatingConstructorAccessorImpl.newInstance(DelegatingConstructorAccessorImpl.java:45)
	at java.base/java.lang.reflect.Constructor.newInstance(Constructor.java:490)
	at ptolemy.util.test.junit.AutoKnownFailedTests.RunModel(AutoKnownFailedTests.java:105)
	at java.base/jdk.internal.reflect.NativeMethodAccessorImpl.invoke0(Native Method)
	at java.base/jdk.internal.reflect.NativeMethodAccessorImpl.invoke(NativeMethodAccessorImpl.java:62)
	at java.base/jdk.internal.reflect.DelegatingMethodAccessorImpl.invoke(DelegatingMethodAccessorImpl.java:43)
	at java.base/java.lang.reflect.Method.invoke(Method.java:566)
	at org.junit.runners.model.FrameworkMethod$1.runReflectiveCall(FrameworkMethod.java:44)
	at org.junit.internal.runners.model.ReflectiveCallable.run(ReflectiveCallable.java:15)
	at org.junit.runners.model.FrameworkMethod.invokeExplosively(FrameworkMethod.java:41)
	at junitparams.internal.InvokeParameterisedMethod.evaluate(InvokeParameterisedMethod.java:102)
	at org.junit.internal.runners.statements.FailOnTimeout$1.run(FailOnTimeout.java:28)
Caused by: ptolemy.kernel.util.IllegalActionException: TypeTest actor has no training data.
  in .sizedarray3.TypeTest
	at ptolemy.actor.lib.TypeTest.initialize(TypeTest.java:250)
	at ptolemy.actor.Director.initialize(Director.java:938)
	at ptolemy.actor.Director.initialize(Director.java:907)
	at ptolemy.actor.sched.StaticSchedulingDirector.initialize(StaticSchedulingDirector.java:159)
	at ptolemy.domains.sdf.kernel.SDFDirector.initialize(SDFDirector.java:544)
	at ptolemy.actor.CompositeActor.initialize(CompositeActor.java:935)
	at ptolemy.actor.Manager.initialize(Manager.java:724)
	at ptolemy.actor.Manager.execute(Manager.java:356)
	at ptolemy.actor.Manager.run(Manager.java:1263)
	at ptolemy.actor.Manager$PtolemyRunThread.run(Manager.java:1933)
]]></system-err>
</testsuite>
