<?xml version="1.0" encoding="UTF-8" ?>
<testsuite errors="0" failures="0" hostname="travis-job-c13496a2-60ee-435c-a994-f2c6dd761ca7" name="ptolemy.actor.lib.test.junit.JUnitTclTest" skipped="0" tests="517" time="60.798" timestamp="2018-12-05T02:54:42">
  <properties>
    <property name="npm.executable" value="npm" />
    <property name="file.encoding.pkg" value="sun.io" />
    <property name="env.TRAVIS_ROOT" value="/" />
    <property name="ptII.mk.exists" value="true" />
    <property name="env.TRAVIS_APP_HOST" value="build.travis-ci.org" />
    <property name="env.rvm_bin_path" value="/home/travis/.rvm/bin" />
    <property name="java.home" value="/usr/lib/jvm/java-8-oracle/jre" />
    <property name="env.TRAVIS_JOB_NUMBER" value="851.8" />
    <property name="env.TRAVIS_HOME" value="/home/travis" />
    <property name="env.DISPLAY" value=":99.0" />
    <property name="java.net.preferIPv4Stack" value="true" />
    <property name="env.TRAVIS_INIT" value="upstart" />
    <property name="env.SSH_TTY" value="/dev/pts/0" />
    <property name="env.RUN_TESTS" value="false" />
    <property name="timeout.short" value="1000000" />
    <property name="env.TRAVIS_JOB_NAME" value="" />
    <property name="env.TRAVIS_STACK_NODE_ATTRIBUTES" value="/.node-attributes.yml" />
    <property name="junit.formatter" value="xml" />
    <property name="java.endorsed.dirs" value="/usr/lib/jvm/java-8-oracle/jre/lib/endorsed" />
    <property name="env.TRAVIS_SUDO" value="true" />
    <property name="env.LOGNAME" value="travis" />
    <property name="env.PT_TRAVIS_TEST_CORE1_XML" value="true" />
    <property name="jsdoc.home" value="node_modules/@terraswarm/jsdoc" />
    <property name="debuglevel" value="source,lines,vars" />
    <property name="checkstyle.formatter" value="xml" />
    <property name="bin.vergil.makeable" value="true" />
    <property name="env._system_version" value="14.04" />
    <property name="sun.os.patch.level" value="unknown" />
    <property name="java.vendor.url" value="http://java.oracle.com/" />
    <property name="env.TRAVIS_BUILD_WEB_URL" value="https://travis-ci.org/icyphy/ptII/builds/463650234" />
    <property name="java.version" value="1.8.0_151" />
    <property name="env.TZ" value="UTC" />
    <property name="env.PT_NO_NET" value="true" />
    <property name="env.TRAVIS_PULL_REQUEST_SHA" value="" />
    <property name="env.TRAVIS_SECURE_ENV_VARS" value="true" />
    <property name="env._system_type" value="Linux" />
    <property name="java.vendor.url.bug" value="http://bugreport.sun.com/bugreport/" />
    <property name="env.SSH_CLIENT" value="10.10.16.63 46118 22" />
    <property name="npmjs-org-is-up" value="true" />
    <property name="env.GEM_HOME" value="/home/travis/.rvm/gems/ruby-2.4.1" />
    <property name="env.HAS_ANTARES_THREE_LITTLE_FRONZIES_BADGE" value="true" />
    <property name="env.PS4" value="+" />
    <property name="ant.project.invoked-targets" value="build,test.core1.xml" />
    <property name="env.TRAVIS_PULL_REQUEST_BRANCH" value="" />
    <property name="env.TRAVIS_REPO_SLUG" value="icyphy/ptII" />
    <property name="env.TRAVIS_APT_PROXY" value="http://build-cache.travisci.net" />
    <property name="node.in.path" value="true" />
    <property name="java.maxmemory" value="1400m" />
    <property name="env.RUBY_VERSION" value="ruby-2.4.1" />
    <property name="user.name" value="travis" />
    <property name="env.LANG" value="en_US.UTF-8" />
    <property name="sun.io.unicode.encoding" value="UnicodeLittle" />
    <property name="sun.jnu.encoding" value="UTF-8" />
    <property name="java.runtime.name" value="Java(TM) SE Runtime Environment" />
    <property name="usefile" value="false" />
    <property name="return.code" value="0" />
    <property name="junit.single.formatter" value="plain" />
    <property name="env.DYLD_LIBRARY_PATH" value="/home/travis/pthla/certi-tools/lib:" />
    <property name="env.DEBIAN_FRONTEND" value="noninteractive" />
    <property name="env.SSH_CONNECTION" value="10.10.16.63 46118 10.20.0.95 22" />
    <property name="env.MYSQL_UNIX_PORT" value="/var/run/mysqld/mysqld.sock" />
    <property name="env.TRAVIS_ALLOW_FAILURE" value="false" />
    <property name="env.LC_ALL" value="en_US.UTF-8" />
    <property name="env.TRAVIS_JOB_WEB_URL" value="https://travis-ci.org/icyphy/ptII/jobs/463650242" />
    <property name="java.specification.name" value="Java Platform API Specification" />
    <property name="node.works" value="true" />
    <property name="user.timezone" value="" />
    <property name="path.separator" value=":" />
    <property name="env.TRAVIS_ENABLE_INFRA_DETECTION" value="true" />
    <property name="env.PYTHON_CFLAGS" value="-g -fstack-protector --param=ssp-buffer-size=4 -Wformat -Werror=format-security" />
    <property name="timeout.long" value="4000000" />
    <property name="env.CERTI_HOME" value="/home/travis/pthla/certi-tools" />
    <property name="file.encoding" value="UTF-8" />
    <property name="ant.file.ptII" value="/home/travis/build/icyphy/ptII/build.xml" />
    <property name="javadoc.packagenames" value="com.*,diva.*,lbnl.*,org.hlacerti.*,org.json.*,org.ptolemy.*,org.terraswarm.*,ptolemy.*,ptserver.*" />
    <property name="env.TRAVIS_PULL_REQUEST_SLUG" value="" />
    <property name="ant.project.default-target" value="build" />
    <property name="env.GIT_ASKPASS" value="echo" />
    <property name="env.HOME" value="/home/travis" />
    <property name="sun.java.command" value="org.apache.tools.ant.taskdefs.optional.junit.JUnitTestRunner ptolemy.actor.lib.test.junit.JUnitTclTest skipNonTests=false filtertrace=true haltOnError=false haltOnFailure=false formatter=org.apache.tools.ant.taskdefs.optional.junit.OutErrSummaryJUnitResultFormatter showoutput=true outputtoformatters=true logfailedtests=true threadid=0 logtestlistenerevents=false formatter=org.apache.tools.ant.taskdefs.optional.junit.XMLJUnitResultFormatter,/home/travis/build/icyphy/ptII/reports/junit/TEST-ptolemy.actor.lib.test.junit.JUnitTclTest.xml crashfile=/home/travis/build/icyphy/ptII/junitvmwatcher967544609299955796.properties propsfile=/home/travis/build/icyphy/ptII/junit3608296819812124942.properties" />
    <property name="env.MANPATH" value="/home/travis/.nvm/versions/node/v7.10.1/share/man:/home/travis/.kiex/elixirs/elixir-1.4.5/man:/home/travis/.rvm/rubies/ruby-2.4.1/share/man:/usr/local/man:/usr/local/cmake-3.9.2/man:/usr/local/clang-5.0.0/share/man:/usr/local/share/man:/usr/share/man:/home/travis/.rvm/man" />
    <property name="env.COMPOSER_NO_INTERACTION" value="1" />
    <property name="env.JDK_SWITCHER_DEFAULT" value="oraclejdk8" />
    <property name="env.TRAVIS_TIMER_ID" value="1ae8b026" />
    <property name="ant.file" value="/home/travis/build/icyphy/ptII/build.xml" />
    <property name="env.TRAVIS_COMMIT_RANGE" value="7249f0c5052598d9a05e0d03390fb0da6be9e695...cfeddb3a3e3d7b0985f53f66c4e032637b909d04" />
    <property name="env._system_name" value="Ubuntu" />
    <property name="timeout" value="2400000" />
    <property name="ptII.classpath.optional.property" value="/home/travis/build/icyphy/ptII/lib/bsh-2.0b4.jar:/home/travis/build/icyphy/ptII/lib/ptCal.jar:/home/travis/build/icyphy/ptII/lib/java_cup.jar:/home/travis/build/icyphy/ptII/lib/saxon8.jar:/home/travis/build/icyphy/ptII/lib/saxon8-dom.jar:/home/travis/build/icyphy/ptII/lib/chic.jar:/home/travis/build/icyphy/ptII/lib/ptcolt.jar:/usr/lib/jvm/java-8-oracle/lib/tools.jar:/usr/lib/eclipse/plugins/org.eclipse.jdt.core_3.8.2.dist.jar:/usr/lib/eclipse/plugins/org.eclipse.core.runtime_3.8.0.dist.jar:/usr/lib/eclipse/plugins/org.eclipse.osgi_3.8.1.dist.jar:/usr/lib/eclipse/plugins/org.eclipse.core.resources_3.8.1.dist.jar:/usr/lib/eclipse/plugins/org.eclipse.equinox.common_3.6.100.dist.jar:/usr/lib/eclipse/plugins/org.eclipse.core.jobs_3.5.200.dist.jar:/usr/lib/eclipse/plugins/org.eclipse.core.contenttype_3.4.200.dist.jar:/usr/lib/eclipse/plugins/org.eclipse.equinox.preferences_3.5.0.dist.jar:/usr/lib/eclipse/plugins/org.eclipse.text_3.5.200.dist.jar:/usr/lib/eclipse/plugins/org.eclipse.ui.workbench_3.8.1.dist.jar:/usr/lib/eclipse/plugins/org.eclipse.jface_3.8.0.dist.jar:/usr/lib/eclipse/plugins/org.eclipse.swt_3.8.2.jar:/usr/lib/eclipse/plugins/org.eclipse.jface.text_3.8.1.dist.jar:/usr/lib/eclipse/plugins/org.eclipse.ui.workbench.texteditor_3.8.0.dist.jar:/usr/lib/eclipse/plugins/org.eclipse.ui.editors_3.8.0.dist.jar:/usr/lib/eclipse/plugins/org.eclipse.core.commands_3.6.1.dist.jar:/usr/lib/eclipse/plugins/org.eclipse.equinox.registry_3.5.200.dist.jar:/usr/lib/eclipse/plugins/org.eclipse.ui.console_3.5.100.dist.jar:/usr/lib/eclipse/plugins/org.eclipse.ui.forms_3.5.200.dist.jar:/usr/lib/eclipse/plugins/org.eclipse.ui.ide_3.8.1.dist.jar:/home/travis/build/icyphy/ptII/vendors/oracle/dbxml.jar:/home/travis/build/icyphy/ptII/vendors/oracle/db.jar:/home/travis/build/icyphy/ptII/vendors/misc/itext/iText.jar:/home/travis/build/icyphy/ptII/lib/g4ltl.jar:/home/travis/build/icyphy/ptII/lib/StructuralCoder.jar:/home/travis/build/icyphy/ptII/lib/org-openide-util.jar:/home/travis/build/icyphy/ptII/lib/org-openide-util-lookup.jar:/home/travis/build/icyphy/ptII/lib/org-netbeans-api-visual.jar:/home/travis/build/icyphy/ptII/vendors/jai-1_1_2_01/lib/jai_core.jar:/home/travis/build/icyphy/ptII/vendors/jai-1_1_2_01/lib/jai_codec.jar:/home/travis/build/icyphy/ptII/lib/jcerti.jar:/home/travis/build/icyphy/ptII/lib/smack.jar:/home/travis/build/icyphy/ptII/lib/smackx.jar:/home/travis/build/icyphy/ptII/lib/jetty-all-8.1.5-v20120716.jar:/home/travis/build/icyphy/ptII/lib/javax.servlet-api-3.0.1.jar:/home/travis/build/icyphy/ptII/lib/javax.mail.jar:/home/travis/build/icyphy/ptII/vendors/JMF-2.1.1e/lib/jmf.jar:/home/travis/build/icyphy/ptII/lib/jna-4.0.0-variadic.jar:/home/travis/build/icyphy/ptII/vendors/misc/joystick/Joystick.jar:/home/travis/build/icyphy/ptII/lib/ptjacl.jar:/home/travis/build/icyphy/ptII/lib/jsoup-1.8.2.jar:/home/travis/build/icyphy/ptII/lib/junit-4.8.2.jar:/home/travis/build/icyphy/ptII/lib/JUnitParams-0.4.0.jar:/home/travis/build/icyphy/ptII/ptolemy/actor/lib/excel/jxl.jar:/home/travis/build/icyphy/ptII/lib/jython.jar:/home/travis/build/icyphy/ptII/lib/kieler.jar:/home/travis/build/icyphy/ptII/vendors/opencv/share/OpenCV/java/opencv-341.jar:/home/travis/build/icyphy/ptII/lib/oscP5.jar:/home/travis/build/icyphy/ptII/lib/nrjavaserial-3.11.0.devel.jar:/home/travis/build/icyphy/ptII/vendors/j3d/lib/j3dcore.jar:/home/travis/build/icyphy/ptII/vendors/j3d/lib/j3dutils.jar:/home/travis/build/icyphy/ptII/vendors/j3d/lib/vecmath.jar:/home/travis/build/icyphy/ptII/ptolemy/distributed/jini/jar/jini-core.jar:/home/travis/build/icyphy/ptII/ptolemy/distributed/jini/jar/jini-ext.jar:/home/travis/build/icyphy/ptII/ptolemy/distributed/jini/jar/sun-util.jar:/home/travis/build/icyphy/ptII/lib/protobuf-java-2.4.1.jar:/home/travis/build/icyphy/ptII/lib/org.eclipse.paho.client.mqttv3.jar:/home/travis/build/icyphy/ptII/ptserver/lib/hessian-4.0.7.jar:/home/travis/build/icyphy/ptII/ptserver/lib/wmqtt.jar:/home/travis/build/icyphy/ptII/lib/mapss.jar:/home/travis/build/icyphy/ptII/ptolemy/actor/ptalon/antlr/antlr.jar:/home/travis/build/icyphy/ptII/lib/JRI.jar:/home/travis/build/icyphy/ptII/lib/commons-lang-2.6.jar:/home/travis/build/icyphy/ptII/lib/commons-logging-1.1.1.jar:/home/travis/build/icyphy/ptII/lib/sootclasses.jar:/home/travis/build/icyphy/ptII/ptolemy/actor/lib/database/mysql-connector-java-5.1.6-bin.jar:/home/travis/build/icyphy/ptII/vendors/misc/sphinx4/sphinx4-data-5prealpha.jar:/home/travis/build/icyphy/ptII/vendors/misc/sphinx4/sphinx4-core-5prealpha.jar:/home/travis/build/icyphy/ptII/lib/PDFRenderer.jar:/home/travis/build/icyphy/ptII/lib/svgSalamander.jar:/home/travis/build/icyphy/ptII/lib/rsyntaxtextarea-2.6.0-SNAPSHOT.jar:/home/travis/build/icyphy/ptII/lib/hazelcast-3.8.2.jar:/home/travis/build/icyphy/ptII/lib/jackson-annotations-2.9.0.jar:/home/travis/build/icyphy/ptII/lib/jackson-core-2.9.3.jar:/home/travis/build/icyphy/ptII/lib/jackson-databind-2.9.3.jar:/home/travis/build/icyphy/ptII/lib/netty-buffer-4.1.19.Final.jar:/home/travis/build/icyphy/ptII/lib/netty-codec-4.1.19.Final.jar:/home/travis/build/icyphy/ptII/lib/netty-codec-dns-4.1.19.Final.jar:/home/travis/build/icyphy/ptII/lib/netty-codec-http-4.1.19.Final.jar:/home/travis/build/icyphy/ptII/lib/netty-codec-http2-4.1.19.Final.jar:/home/travis/build/icyphy/ptII/lib/netty-common-4.1.19.Final.jar:/home/travis/build/icyphy/ptII/lib/netty-handler-4.1.19.Final.jar:/home/travis/build/icyphy/ptII/lib/netty-resolver-4.1.19.Final.jar:/home/travis/build/icyphy/ptII/lib/netty-resolver-dns-4.1.19.Final.jar:/home/travis/build/icyphy/ptII/lib/netty-transport-4.1.19.Final.jar:/home/travis/build/icyphy/ptII/lib/vertx-codegen-3.5.1.jar:/home/travis/build/icyphy/ptII/lib/vertx-core-3.5.2-SNAPSHOT.jar:/home/travis/build/icyphy/ptII/lib/vertx-hazelcast-3.5.1.jar:/home/travis/build/icyphy/ptII/lib/vertx-lang-js-3.5.1.jar:/home/travis/build/icyphy/ptII/lib/vertx-service-proxy-3.5.1.jar:/home/travis/build/icyphy/ptII/lib/vertx-web-3.5.1.jar:/home/travis/build/icyphy/ptII/lib/slf4j-api-1.7.13.jar:/home/travis/build/icyphy/ptII/lib/slf4j-simple-1.7.13.jar:/home/travis/build/icyphy/ptII/lib/webcam-capture-0.3.12.jar:/home/travis/build/icyphy/ptII/lib/bridj-0.7.0.jar:/home/travis/build/icyphy/ptII/lib/xbjlib-1.1.0.nrjavaserial.jar" />
    <property name="test.batch" value="**/junit/*.java" />
    <property name="env._" value="/usr/bin/timeout" />
    <property name="java.io.tmpdir" value="/tmp" />
    <property name="env.TRAVIS_INTERNAL_RUBY_REGEX" value="^ruby-(2\.[0-4]\.[0-9]|1\.9\.3)" />
    <property name="user.language" value="en" />
    <property name="env.HISTCONTROL" value="ignoredups:ignorespace" />
    <property name="env.GOROOT" value="/home/travis/.gimme/versions/go1.7.4.linux.amd64" />
    <property name="line.separator" value="&#xa;" />
    <property name="target" value="1.8" />
    <property name="env.TRAVIS_BUILD_DIR" value="/home/travis/build/icyphy/ptII" />
    <property name="env.ANT_OPTS" value="-Xmx2048m" />
    <property name="ant.file.type" value="file" />
    <property name="ptolemy.ptII.batchMode" value="true" />
    <property name="env.HISTSIZE" value="1000" />
    <property name="env.MERB_ENV" value="test" />
    <property name="java.vm.info" value="mixed mode" />
    <property name="source" value="1.8" />
    <property name="java.vm.specification.name" value="Java Virtual Machine Specification" />
    <property name="env.TRAVIS_TEST_RESULT" value="0" />
    <property name="jsdoc.command" value="node_modules/@terraswarm/jsdoc/jsdoc.js" />
    <property name="npm.works" value="true" />
    <property name="cobertura.dir" value="/home/travis/build/icyphy/ptII/vendors/cobertura-2.0.3" />
    <property name="env.rvm_path" value="/home/travis/.rvm" />
    <property name="env.GEM_PATH" value="/home/travis/.rvm/gems/ruby-2.4.1:/home/travis/.rvm/gems/ruby-2.4.1@global" />
    <property name="env.LC_CTYPE" value="en_US.UTF-8" />
    <property name="java.awt.printerjob" value="sun.print.PSPrinterJob" />
    <property name="env.TRAVIS_CMD" value="$PTII/bin/ptIITravisBuild.sh $SECONDS" />
    <property name="env.TRAVIS_STACK_NAME" value="garnet" />
    <property name="env.TRAVIS_TIMER_START_TIME" value="1543978125339779734" />
    <property name="ant.version" value="Apache Ant(TM) version 1.10.1 compiled on February 2 2017" />
    <property name="ptII.reports" value="/home/travis/build/icyphy/ptII/reports" />
    <property name="env.TRAVIS_STACK_TIMESTAMP" value="2017-12-05 19:33:09 UTC" />
    <property name="ant.file.type.ptII" value="file" />
    <property name="env.RBENV_SHELL" value="bash" />
    <property name="os.name" value="Linux" />
    <property name="java.specification.vendor" value="Oracle Corporation" />
    <property name="env.rvm_version" value="1.29.3 (latest)" />
    <property name="env.TRAVIS_INFRA" value="gce" />
    <property name="env.TERM" value="xterm" />
    <property name="java.vm.name" value="Java HotSpot(TM) 64-Bit Server VM" />
    <property name="env.TRAVIS_BUILD_NUMBER" value="851" />
    <property name="env.CI" value="true" />
    <property name="java.library.path" value="/home/travis/pthla/certi-tools/lib:/usr/lib/jni:/usr/local/share/OpenCV/java/:/usr/share/OpenCV/java::/usr/java/packages/lib/amd64:/usr/lib64:/lib64:/lib:/usr/lib" />
    <property name="env.rvm_prefix" value="/home/travis" />
    <property name="env.PATH" value="/home/travis/pthla/certi-tools/share/scripts:/home/travis/.rvm/gems/ruby-2.4.1/bin:/home/travis/.rvm/gems/ruby-2.4.1@global/bin:/home/travis/.rvm/rubies/ruby-2.4.1/bin:/home/travis/.rvm/bin:/home/travis/.nvm/versions/node/v7.10.1/bin:./node_modules/.bin:/home/travis/build/icyphy/ptII/bin:/home/travis/pthla/certi-tools/bin:/home/travis/bin:/home/travis/.local/bin:/opt/pyenv/shims:/home/travis/.phpenv/shims:/home/travis/perl5/perlbrew/bin:/home/travis/.kiex/elixirs/elixir-1.4.5/bin:/home/travis/.kiex/bin:/home/travis/gopath/bin:/home/travis/.gimme/versions/go1.7.4.linux.amd64/bin:/usr/local/phantomjs/bin:/usr/local/phantomjs:/usr/local/neo4j-3.2.7/bin:/usr/local/maven-3.5.2/bin:/usr/local/cmake-3.9.2/bin:/usr/local/clang-5.0.0/bin:/usr/local/sbin:/usr/local/bin:/usr/sbin:/usr/bin:/sbin:/bin:/home/travis/.phpenv/bin:/opt/pyenv/bin:/home/travis/.yarn/bin" />
    <property name="env.TRAVIS_OS_NAME" value="linux" />
    <property name="ant.java.version" value="1.8" />
    <property name="basedir" value="/home/travis/build/icyphy/ptII" />
    <property name="java.class.version" value="52.0" />
    <property name="env.SHLVL" value="3" />
    <property name="env.LD_LIBRARY_PATH" value="/home/travis/pthla/certi-tools/lib:/usr/lib/jni:/usr/local/share/OpenCV/java/:/usr/share/OpenCV/java:" />
    <property name="env.RACK_ENV" value="test" />
    <property name="ant.home" value="/home/travis/build/icyphy/ptII/ant" />
    <property name="env.PERLBREW_BASHRC_VERSION" value="0.80" />
    <property name="env.NVM_DIR" value="/home/travis/.nvm" />
    <property name="env.TRAVIS_BUILD_ID" value="463650234" />
    <property name="env.CERTI_FOM_PATH" value="/home/travis/pthla/certi-tools/share/federations" />
    <property name="env.PYENV_ROOT" value="/opt/pyenv" />
    <property name="env.TRAVIS_UID" value="2000" />
    <property name="env.rvm_pretty_print_flag" value="auto" />
    <property name="env.NVM_BIN" value="/home/travis/.nvm/versions/node/v7.10.1/bin" />
    <property name="env.TRAVIS_COMMIT" value="cfeddb3a3e3d7b0985f53f66c4e032637b909d04" />
    <property name="env._system_arch" value="x86_64" />
    <property name="node.executable" value="node" />
    <property name="sun.boot.library.path" value="/usr/lib/jvm/java-8-oracle/jre/lib/amd64" />
    <property name="sun.management.compiler" value="HotSpot 64-Bit Tiered Compilers" />
    <property name="env.GOPATH" value="/home/travis/gopath" />
    <property name="java.awt.graphicsenv" value="sun.awt.X11GraphicsEnvironment" />
    <property name="ptolemy.ptII.dir" value="/home/travis/build/icyphy/ptII" />
    <property name="env.USER" value="travis" />
    <property name="env.HISTFILESIZE" value="2000" />
    <property name="timeout.longest" value="19000000" />
    <property name="env.TRAVIS_STACK_FEATURES" value="basic cassandra chromium couchdb disabled-ipv6 docker docker-compose elasticsearch firefox go-toolchain google-chrome jdk memcached mongodb mysql neo4j nodejs_interpreter perl_interpreter perlbrew phantomjs postgresql python_interpreter rabbitmq redis riak ruby_interpreter sqlite xserver" />
    <property name="env.TRAVIS_PULL_REQUEST" value="false" />
    <property name="env.PYENV_SHELL" value="bash" />
    <property name="ant.project.name" value="ptII" />
    <property name="java.vm.specification.version" value="1.8" />
    <property name="env.ANSI_RESET" value="\033[0m" />
    <property name="env.TRAVIS_DIST" value="trusty" />
    <property name="env.CERTI_VERSION" value="4.0.0" />
    <property name="env.NLSPATH" value="/usr/dt/lib/nls/msg/%L/%N.cat" />
    <property name="awt.toolkit" value="sun.awt.X11.XToolkit" />
    <property name="env.CERTI_HOST" value="localhost" />
    <property name="env.MY_RUBY_HOME" value="/home/travis/.rvm/rubies/ruby-2.4.1" />
    <property name="sun.cpu.isalist" value="" />
    <property name="env.TRAVIS_TMPDIR" value="/tmp/tmp.E9Iqov5c6H" />
    <property name="java.ext.dirs" value="/usr/lib/jvm/java-8-oracle/jre/lib/ext:/usr/java/packages/lib/ext" />
    <property name="os.version" value="4.4.0-101-generic" />
    <property name="user.home" value="/home/travis" />
    <property name="env.MIX_ARCHIVES" value="/home/travis/.kiex/mix/elixir-1.4.5" />
    <property name="java.vm.vendor" value="Oracle Corporation" />
    <property name="env.TRAVIS_TAG" value="nightly" />
    <property name="env.ANSI_YELLOW" value="\033[33;1m" />
    <property name="env.TRAVIS_FILTERED" value="redirect_io" />
    <property name="env.ANSI_GREEN" value="\033[32;1m" />
    <property name="env.JAVA_HOME" value="/usr/lib/jvm/java-8-oracle" />
    <property name="env.PTII" value="/home/travis/build/icyphy/ptII" />
    <property name="javadoc.excludepackagenames" value="adm.cvs2svn.*,build.*,config.*,doc.coding.templates.*,jni.test.jni.meaningOfLife.*,jni.test.jni.testDeux.*,jni.test.jni.testTrois.*,org.terraswarm.accessor.accessors.web.node_modules.*,org.terraswarm.accessor.accessors.web.hosts.cordova.demo.*,org.terraswarm.accessor.accessors.web.hosts.cordova.plugins.*,org.terraswarm.accessor.accessors-svn.*,pt-modules.*,ptolemy.apps.agilent.*,ptolemy.apps.anytimecontrol.*,ptolemy.apps.apes.*,ptolemy.apps.charon.*,ptolemy.apps.crazyboard.*,ptolemy.apps.eclipse.*,ptolemy.apps.etherealSting.*,ptolemy.apps.fullscreen.*,ptolemy.apps.giotto.*,ptolemy.apps.ia.*,ptolemy.apps.interfaces.*,ptolemy.apps.jmf.*,ptolemy.apps.kurt.*,ptolemy.apps.kvm.*,ptolemy.apps.lego.*,ptolemy.apps.lejos.*,ptolemy.apps.midp.*,ptolemy.apps.mobileCoding.*,ptolemy.apps.pendulum.*,ptolemy.apps.rijndael.*,ptolemy.apps.robot.*,ptolemy.apps.security.*,ptolemy.apps.sobel.*,ptolemy.apps.soot.*,ptolemy.apps.throttle.*,ptolemy.apps.tini.*,ptolemy.apps.transmission.*,ptolemy.apps.vergil.*,ptolemy.apps.waba.*,ptolemy.apps.websensor.*,ptolemy.apps.webstart.*,ptolemy.apps.xsl.*,ptolemy.apps.zaurus.*,ptolemy.backtrack.eclipse.plugin.*,ptolemy.backtrack.test.*,ptolemy.codegen.c.actor.lib.oldJavaFiles.*,ptolemy.codegen.dsp.lib.*,ptolemy.codegen.kernel.newInterfaces.*,ptolemy.codegen.lib.*,ptolemy.copernicus.kernel.fragment.*,ptolemy.copernicus.shallow.cg.*,ptolemy.domains.giotto.demo.Hierarchy.Hierarchy.*,ptolemy.domains.giotto.demo.Multimode.Multimode.*,ptolemy.domains.giotto.demo.Simple.Simple.*,ptolemy.domains.gr.lib.experimental.*,ptolemy.domains.gro.*,ptolemy.domains.pdf.*,ptolemy.domains.ptinyos.demo.Surge.output.*,ptolemy.moml.test.NoPackageActor.java*,ptolemy.plot.adm.*,ptolemy.plot.servlet.*,reports.*,signed.*,src.*,target.*,vendors.*,ptolemy.cg.adapter.generic.program.procedural.c.mbed*,ptolemy.actor.lib.fmi.fmus.omc*,ptolemy.domains.openmodelica*,ptdb.kernel.bl.save.test.*,ptdb.kernel.bl.load.test.*,ptdb.kernel.bl.search.test.*,ptdb.kernel.bl.migration.test.*,ptdb.kernel.database.test.*,ptdb.test.*,ptdb.gui.test.*,org.ptolemy.scala.*,diva.util.java2d.svg.*,ptolemy.domains.ptinyos.*,ptolemy.actor.lib.fmi.fmipp.*,,org.terraswarm.accessor.accessors.web.node_modules.*,org.terraswarm.accessor.accessors-svn,ptolemy.apps.*,ptolemy.actor.ptalon.demo.ptinyos.SendAndReceiveCnt.output,ptolemy.actor.ptalon.demo.ptinyos.SenseToLeds.output,ptolemy.domains.ptinyos.demo.CntToLedsAndRfm.output,ptolemy.domains.ptinyos.demo.RfmToLeds.output,ptolemy.domains.ptinyos.demo.SendAndReceiveCnt.output,ptolemy.domains.ptinyos.demo.SenseToLeds.output,ptolemy.actor.lib.jjs.modules.udpSocket.*" />
    <property name="env.TRAVIS_COMMIT_MESSAGE" value="Merge branch &apos;master&apos; of https://github.com/icyphy/ptII" />
    <property name="keystore" value="ptKeystore" />
    <property name="env.XDG_SESSION_ID" value="2" />
    <property name="junit.output.dir" value="/home/travis/build/icyphy/ptII/reports/junit" />
    <property name="npm.return.code" value="0" />
    <property name="user.dir" value="/home/travis/build/icyphy/ptII/ptolemy/actor/lib/test" />
    <property name="env.TRAVIS_NODE_VERSION" value="7" />
    <property name="env.XFILESEARCHPATH" value="/usr/dt/app-defaults/%L/Dt" />
    <property name="env.TRAVIS_EVENT_TYPE" value="cron" />
    <property name="env.MAIL" value="/var/mail/travis" />
    <property name="env.PWD" value="/home/travis/build/icyphy/ptII" />
    <property name="env.PERLBREW_ROOT" value="/home/travis/perl5/perlbrew" />
    <property name="timeout.npm" value="45000" />
    <property name="env.TRAVIS_ARCH" value="amd64" />
    <property name="env.PAGER" value="cat" />
    <property name="sun.cpu.endian" value="little" />
    <property name="env.TRAVIS_BUILD_STAGE_NAME" value="Test" />
    <property name="env.PERLBREW_HOME" value="/home/travis/.perlbrew" />
    <property name="env.RAILS_ENV" value="test" />
    <property name="java.vm.version" value="25.151-b12" />
    <property name="java.class.path" value="/home/travis/.ptolemyII:/home/travis/.ptolemyII/*:/home/travis/build/icyphy/ptII:/home/travis/build/icyphy/ptII/lib/bsh-2.0b4.jar:/home/travis/build/icyphy/ptII/lib/ptCal.jar:/home/travis/build/icyphy/ptII/lib/java_cup.jar:/home/travis/build/icyphy/ptII/lib/saxon8.jar:/home/travis/build/icyphy/ptII/lib/saxon8-dom.jar:/home/travis/build/icyphy/ptII/lib/chic.jar:/home/travis/build/icyphy/ptII/lib/ptcolt.jar:/usr/lib/jvm/java-8-oracle/lib/tools.jar:/usr/lib/eclipse/plugins/org.eclipse.jdt.core_3.8.2.dist.jar:/usr/lib/eclipse/plugins/org.eclipse.core.runtime_3.8.0.dist.jar:/usr/lib/eclipse/plugins/org.eclipse.osgi_3.8.1.dist.jar:/usr/lib/eclipse/plugins/org.eclipse.core.resources_3.8.1.dist.jar:/usr/lib/eclipse/plugins/org.eclipse.equinox.common_3.6.100.dist.jar:/usr/lib/eclipse/plugins/org.eclipse.core.jobs_3.5.200.dist.jar:/usr/lib/eclipse/plugins/org.eclipse.core.contenttype_3.4.200.dist.jar:/usr/lib/eclipse/plugins/org.eclipse.equinox.preferences_3.5.0.dist.jar:/usr/lib/eclipse/plugins/org.eclipse.text_3.5.200.dist.jar:/usr/lib/eclipse/plugins/org.eclipse.ui.workbench_3.8.1.dist.jar:/usr/lib/eclipse/plugins/org.eclipse.jface_3.8.0.dist.jar:/usr/lib/eclipse/plugins/org.eclipse.swt_3.8.2.jar:/usr/lib/eclipse/plugins/org.eclipse.jface.text_3.8.1.dist.jar:/usr/lib/eclipse/plugins/org.eclipse.ui.workbench.texteditor_3.8.0.dist.jar:/usr/lib/eclipse/plugins/org.eclipse.ui.editors_3.8.0.dist.jar:/usr/lib/eclipse/plugins/org.eclipse.core.commands_3.6.1.dist.jar:/usr/lib/eclipse/plugins/org.eclipse.equinox.registry_3.5.200.dist.jar:/usr/lib/eclipse/plugins/org.eclipse.ui.console_3.5.100.dist.jar:/usr/lib/eclipse/plugins/org.eclipse.ui.forms_3.5.200.dist.jar:/usr/lib/eclipse/plugins/org.eclipse.ui.ide_3.8.1.dist.jar:/home/travis/build/icyphy/ptII/vendors/oracle/dbxml.jar:/home/travis/build/icyphy/ptII/vendors/oracle/db.jar:/home/travis/build/icyphy/ptII/vendors/misc/itext/iText.jar:/home/travis/build/icyphy/ptII/lib/g4ltl.jar:/home/travis/build/icyphy/ptII/lib/StructuralCoder.jar:/home/travis/build/icyphy/ptII/lib/org-openide-util.jar:/home/travis/build/icyphy/ptII/lib/org-openide-util-lookup.jar:/home/travis/build/icyphy/ptII/lib/org-netbeans-api-visual.jar:/home/travis/build/icyphy/ptII/vendors/jai-1_1_2_01/lib/jai_core.jar:/home/travis/build/icyphy/ptII/vendors/jai-1_1_2_01/lib/jai_codec.jar:/home/travis/build/icyphy/ptII/lib/jcerti.jar:/home/travis/build/icyphy/ptII/lib/smack.jar:/home/travis/build/icyphy/ptII/lib/smackx.jar:/home/travis/build/icyphy/ptII/lib/jetty-all-8.1.5-v20120716.jar:/home/travis/build/icyphy/ptII/lib/javax.servlet-api-3.0.1.jar:/home/travis/build/icyphy/ptII/lib/javax.mail.jar:/home/travis/build/icyphy/ptII/vendors/JMF-2.1.1e/lib/jmf.jar:/home/travis/build/icyphy/ptII/lib/jna-4.0.0-variadic.jar:/home/travis/build/icyphy/ptII/vendors/misc/joystick/Joystick.jar:/home/travis/build/icyphy/ptII/lib/ptjacl.jar:/home/travis/build/icyphy/ptII/lib/jsoup-1.8.2.jar:/home/travis/build/icyphy/ptII/lib/junit-4.8.2.jar:/home/travis/build/icyphy/ptII/lib/JUnitParams-0.4.0.jar:/home/travis/build/icyphy/ptII/ptolemy/actor/lib/excel/jxl.jar:/home/travis/build/icyphy/ptII/lib/jython.jar:/home/travis/build/icyphy/ptII/lib/kieler.jar:/home/travis/build/icyphy/ptII/vendors/opencv/share/OpenCV/java/opencv-341.jar:/home/travis/build/icyphy/ptII/lib/oscP5.jar:/home/travis/build/icyphy/ptII/lib/nrjavaserial-3.11.0.devel.jar:/home/travis/build/icyphy/ptII/vendors/j3d/lib/j3dcore.jar:/home/travis/build/icyphy/ptII/vendors/j3d/lib/j3dutils.jar:/home/travis/build/icyphy/ptII/vendors/j3d/lib/vecmath.jar:/home/travis/build/icyphy/ptII/ptolemy/distributed/jini/jar/jini-core.jar:/home/travis/build/icyphy/ptII/ptolemy/distributed/jini/jar/jini-ext.jar:/home/travis/build/icyphy/ptII/ptolemy/distributed/jini/jar/sun-util.jar:/home/travis/build/icyphy/ptII/lib/protobuf-java-2.4.1.jar:/home/travis/build/icyphy/ptII/lib/org.eclipse.paho.client.mqttv3.jar:/home/travis/build/icyphy/ptII/ptserver/lib/hessian-4.0.7.jar:/home/travis/build/icyphy/ptII/ptserver/lib/wmqtt.jar:/home/travis/build/icyphy/ptII/lib/mapss.jar:/home/travis/build/icyphy/ptII/ptolemy/actor/ptalon/antlr/antlr.jar:/home/travis/build/icyphy/ptII/lib/JRI.jar:/home/travis/build/icyphy/ptII/lib/commons-lang-2.6.jar:/home/travis/build/icyphy/ptII/lib/commons-logging-1.1.1.jar:/home/travis/build/icyphy/ptII/lib/sootclasses.jar:/home/travis/build/icyphy/ptII/ptolemy/actor/lib/database/mysql-connector-java-5.1.6-bin.jar:/home/travis/build/icyphy/ptII/vendors/misc/sphinx4/sphinx4-data-5prealpha.jar:/home/travis/build/icyphy/ptII/vendors/misc/sphinx4/sphinx4-core-5prealpha.jar:/home/travis/build/icyphy/ptII/lib/PDFRenderer.jar:/home/travis/build/icyphy/ptII/lib/svgSalamander.jar:/home/travis/build/icyphy/ptII/lib/rsyntaxtextarea-2.6.0-SNAPSHOT.jar:/home/travis/build/icyphy/ptII/lib/hazelcast-3.8.2.jar:/home/travis/build/icyphy/ptII/lib/jackson-annotations-2.9.0.jar:/home/travis/build/icyphy/ptII/lib/jackson-core-2.9.3.jar:/home/travis/build/icyphy/ptII/lib/jackson-databind-2.9.3.jar:/home/travis/build/icyphy/ptII/lib/netty-buffer-4.1.19.Final.jar:/home/travis/build/icyphy/ptII/lib/netty-codec-4.1.19.Final.jar:/home/travis/build/icyphy/ptII/lib/netty-codec-dns-4.1.19.Final.jar:/home/travis/build/icyphy/ptII/lib/netty-codec-http-4.1.19.Final.jar:/home/travis/build/icyphy/ptII/lib/netty-codec-http2-4.1.19.Final.jar:/home/travis/build/icyphy/ptII/lib/netty-common-4.1.19.Final.jar:/home/travis/build/icyphy/ptII/lib/netty-handler-4.1.19.Final.jar:/home/travis/build/icyphy/ptII/lib/netty-resolver-4.1.19.Final.jar:/home/travis/build/icyphy/ptII/lib/netty-resolver-dns-4.1.19.Final.jar:/home/travis/build/icyphy/ptII/lib/netty-transport-4.1.19.Final.jar:/home/travis/build/icyphy/ptII/lib/vertx-codegen-3.5.1.jar:/home/travis/build/icyphy/ptII/lib/vertx-core-3.5.2-SNAPSHOT.jar:/home/travis/build/icyphy/ptII/lib/vertx-hazelcast-3.5.1.jar:/home/travis/build/icyphy/ptII/lib/vertx-lang-js-3.5.1.jar:/home/travis/build/icyphy/ptII/lib/vertx-service-proxy-3.5.1.jar:/home/travis/build/icyphy/ptII/lib/vertx-web-3.5.1.jar:/home/travis/build/icyphy/ptII/lib/slf4j-api-1.7.13.jar:/home/travis/build/icyphy/ptII/lib/slf4j-simple-1.7.13.jar:/home/travis/build/icyphy/ptII/lib/webcam-capture-0.3.12.jar:/home/travis/build/icyphy/ptII/lib/bridj-0.7.0.jar:/home/travis/build/icyphy/ptII/lib/xbjlib-1.1.0.nrjavaserial.jar:/home/travis/build/icyphy/ptII/ptolemy/moml/test:/home/travis/build/icyphy/ptII/ant/lib/ant-launcher.jar:/home/travis/build/icyphy/ptII/ant/lib/ant.jar:/home/travis/build/icyphy/ptII/ant/lib/ant-junit.jar:/home/travis/build/icyphy/ptII/ant/lib/ant-junit4.jar" />
    <property name="ant.library.dir" value="/home/travis/build/icyphy/ptII/ant/lib" />
    <property name="os.arch" value="amd64" />
    <property name="env.TRAVIS_LANGUAGE" value="node_js" />
    <property name="env.CONTINUOUS_INTEGRATION" value="true" />
    <property name="env.TRAVIS_STACK_LANGUAGES" value="__garnet__ c c++ clojure cplusplus cpp default go groovy java node_js php pure_java python ruby scala" />
    <property name="test.name" value="ptolemy.actor.lib.test.junit.JUnitTclTest" />
    <property name="sun.java.launcher" value="SUN_STANDARD" />
    <property name="env.PYTHON_CONFIGURE_OPTS" value="--enable-unicode=ucs4 --with-wide-unicode --enable-shared --enable-ipv6 --enable-loadable-sqlite-extensions --with-computed-gotos" />
    <property name="ant.core.lib" value="/home/travis/build/icyphy/ptII/ant/lib/ant.jar" />
    <property name="java.vm.specification.vendor" value="Oracle Corporation" />
    <property name="env.BCVTB_HOME" value="/home/travis/build/icyphy/ptII/lbnl" />
    <property name="file.separator" value="/" />
    <property name="spotbugs.home" value="/home/travis/build/icyphy/ptII/vendors/spotbugs-3.1.1" />
    <property name="java.runtime.version" value="1.8.0_151-b12" />
    <property name="sun.boot.class.path" value="/usr/lib/jvm/java-8-oracle/jre/lib/resources.jar:/usr/lib/jvm/java-8-oracle/jre/lib/rt.jar:/usr/lib/jvm/java-8-oracle/jre/lib/sunrsasign.jar:/usr/lib/jvm/java-8-oracle/jre/lib/jsse.jar:/usr/lib/jvm/java-8-oracle/jre/lib/jce.jar:/usr/lib/jvm/java-8-oracle/jre/lib/charsets.jar:/usr/lib/jvm/java-8-oracle/jre/lib/jfr.jar:/usr/lib/jvm/java-8-oracle/jre/classes" />
    <property name="env.ANSI_CLEAR" value="\033[0K" />
    <property name="env.HAS_JOSH_K_SEAL_OF_APPROVAL" value="true" />
    <property name="env.XDG_RUNTIME_DIR" value="/run/user/2000" />
    <property name="env.TRAVIS_OSX_IMAGE" value="" />
    <property name="env.TRAVIS_BRANCH" value="master" />
    <property name="env.TRAVIS_JOB_ID" value="463650242" />
    <property name="user.country" value="US" />
    <property name="env.CERTI_HOME_TRAVIS" value="/home/travis/pthla/certi-tools" />
    <property name="env.SHELL" value="/bin/bash" />
    <property name="java.maxmemory.large" value="5000m" />
    <property name="model" value="" />
    <property name="env.CASHER_DIR" value="/home/travis/.casher" />
    <property name="env.NVM_CD_FLAGS" value="" />
    <property name="jshint.executable" value="/home/travis/node_modules/jshint/bin/jshint" />
    <property name="java.vendor" value="Oracle Corporation" />
    <property name="env.JRUBY_OPTS" value=" --client -J-XX:+TieredCompilation -J-XX:TieredStopAtLevel=1 -J-Xss2m -Xcompile.invokedynamic=false" />
    <property name="env.TRAVIS_PRE_CHEF_BOOTSTRAP_TIME" value="2017-12-05T19:32:55" />
    <property name="env.TRAVIS_STACK_JOB_BOARD_REGISTER" value="/.job-board-register.yml" />
    <property name="env.ELIXIR_VERSION" value="1.4.5" />
    <property name="env.ANSI_RED" value="\033[31;1m" />
    <property name="java.specification.version" value="1.8" />
    <property name="env.TRAVIS" value="true" />
    <property name="env.IRBRC" value="/home/travis/.rvm/rubies/ruby-2.4.1/.irbrc" />
    <property name="sun.arch.data.model" value="64" />
  </properties>
  <testcase classname="ptolemy.util.test.junit.TclTests" name="[0] /home/travis/build/icyphy/ptII/ptolemy/actor/lib/test/AbsoluteValue.tcl (RunTclFile)" time="0.446" />
  <testcase classname="ptolemy.util.test.junit.TclTests" name="[1] /home/travis/build/icyphy/ptII/ptolemy/actor/lib/test/AddSubtract.tcl (RunTclFile)" time="0.064" />
  <testcase classname="ptolemy.util.test.junit.TclTests" name="[2] /home/travis/build/icyphy/ptII/ptolemy/actor/lib/test/Average.tcl (RunTclFile)" time="0.053" />
  <testcase classname="ptolemy.util.test.junit.TclTests" name="[3] /home/travis/build/icyphy/ptII/ptolemy/actor/lib/test/Bernoulli.tcl (RunTclFile)" time="0.032" />
  <testcase classname="ptolemy.util.test.junit.TclTests" name="[4] /home/travis/build/icyphy/ptII/ptolemy/actor/lib/test/Clock.tcl (RunTclFile)" time="0.11" />
  <testcase classname="ptolemy.util.test.junit.TclTests" name="[5] /home/travis/build/icyphy/ptII/ptolemy/actor/lib/test/Commutator.tcl (RunTclFile)" time="0.126" />
  <testcase classname="ptolemy.util.test.junit.TclTests" name="[6] /home/travis/build/icyphy/ptII/ptolemy/actor/lib/test/Const.tcl (RunTclFile)" time="0.129" />
  <testcase classname="ptolemy.util.test.junit.TclTests" name="[7] /home/travis/build/icyphy/ptII/ptolemy/actor/lib/test/CurrentTime.tcl (RunTclFile)" time="0.038" />
  <testcase classname="ptolemy.util.test.junit.TclTests" name="[8] /home/travis/build/icyphy/ptII/ptolemy/actor/lib/test/DB.tcl (RunTclFile)" time="0.047" />
  <testcase classname="ptolemy.util.test.junit.TclTests" name="[9] /home/travis/build/icyphy/ptII/ptolemy/actor/lib/test/DiscreteRandomSource.tcl (RunTclFile)" time="0.056" />
  <testcase classname="ptolemy.util.test.junit.TclTests" name="[10] /home/travis/build/icyphy/ptII/ptolemy/actor/lib/test/Distributor.tcl (RunTclFile)" time="0.055" />
  <testcase classname="ptolemy.util.test.junit.TclTests" name="[11] /home/travis/build/icyphy/ptII/ptolemy/actor/lib/test/Exit.tcl (RunTclFile)" time="0.056" />
  <testcase classname="ptolemy.util.test.junit.TclTests" name="[12] /home/travis/build/icyphy/ptII/ptolemy/actor/lib/test/Expression.tcl (RunTclFile)" time="0.082" />
  <testcase classname="ptolemy.util.test.junit.TclTests" name="[13] /home/travis/build/icyphy/ptII/ptolemy/actor/lib/test/Gaussian.tcl (RunTclFile)" time="0.542" />
  <testcase classname="ptolemy.util.test.junit.TclTests" name="[14] /home/travis/build/icyphy/ptII/ptolemy/actor/lib/test/IIR.tcl (RunTclFile)" time="0.056" />
  <testcase classname="ptolemy.util.test.junit.TclTests" name="[15] /home/travis/build/icyphy/ptII/ptolemy/actor/lib/test/Interpolator.tcl (RunTclFile)" time="0.101" />
  <testcase classname="ptolemy.util.test.junit.TclTests" name="[16] /home/travis/build/icyphy/ptII/ptolemy/actor/lib/test/MathFunction.tcl (RunTclFile)" time="0.071" />
  <testcase classname="ptolemy.util.test.junit.TclTests" name="[17] /home/travis/build/icyphy/ptII/ptolemy/actor/lib/test/Maximum.tcl (RunTclFile)" time="0.027" />
  <testcase classname="ptolemy.util.test.junit.TclTests" name="[18] /home/travis/build/icyphy/ptII/ptolemy/actor/lib/test/Minimum.tcl (RunTclFile)" time="0.047" />
  <testcase classname="ptolemy.util.test.junit.TclTests" name="[19] /home/travis/build/icyphy/ptII/ptolemy/actor/lib/test/MultiplyDivide.tcl (RunTclFile)" time="0.037" />
  <testcase classname="ptolemy.util.test.junit.TclTests" name="[20] /home/travis/build/icyphy/ptII/ptolemy/actor/lib/test/OrderedMerge.tcl (RunTclFile)" time="0.105" />
  <testcase classname="ptolemy.util.test.junit.TclTests" name="[21] /home/travis/build/icyphy/ptII/ptolemy/actor/lib/test/Publisher.tcl (RunTclFile)" time="0.835" />
  <testcase classname="ptolemy.util.test.junit.TclTests" name="[22] /home/travis/build/icyphy/ptII/ptolemy/actor/lib/test/Pulse.tcl (RunTclFile)" time="0.038" />
  <testcase classname="ptolemy.util.test.junit.TclTests" name="[23] /home/travis/build/icyphy/ptII/ptolemy/actor/lib/test/Ramp.tcl (RunTclFile)" time="1.963" />
  <testcase classname="ptolemy.util.test.junit.TclTests" name="[24] /home/travis/build/icyphy/ptII/ptolemy/actor/lib/test/RampContinuous.tcl (RunTclFile)" time="0.019" />
  <testcase classname="ptolemy.util.test.junit.TclTests" name="[25] /home/travis/build/icyphy/ptII/ptolemy/actor/lib/test/RecordAssembler.tcl (RunTclFile)" time="0.018" />
  <testcase classname="ptolemy.util.test.junit.TclTests" name="[26] /home/travis/build/icyphy/ptII/ptolemy/actor/lib/test/RecordDisassembler.tcl (RunTclFile)" time="0.021" />
  <testcase classname="ptolemy.util.test.junit.TclTests" name="[27] /home/travis/build/icyphy/ptII/ptolemy/actor/lib/test/Scale.tcl (RunTclFile)" time="0.019" />
  <testcase classname="ptolemy.util.test.junit.TclTests" name="[28] /home/travis/build/icyphy/ptII/ptolemy/actor/lib/test/SequentialClock.tcl (RunTclFile)" time="0.03" />
  <testcase classname="ptolemy.util.test.junit.TclTests" name="[29] /home/travis/build/icyphy/ptII/ptolemy/actor/lib/test/SetVariable.tcl (RunTclFile)" time="0.025" />
  <testcase classname="ptolemy.util.test.junit.TclTests" name="[30] /home/travis/build/icyphy/ptII/ptolemy/actor/lib/test/Sinewave.tcl (RunTclFile)" time="0.032" />
  <testcase classname="ptolemy.util.test.junit.TclTests" name="[31] /home/travis/build/icyphy/ptII/ptolemy/actor/lib/test/SubscriptionAggregator.tcl (RunTclFile)" time="2.258" />
  <testcase classname="ptolemy.util.test.junit.TclTests" name="[32] /home/travis/build/icyphy/ptII/ptolemy/actor/lib/test/Test.tcl (RunTclFile)" time="0.08" />
  <testcase classname="ptolemy.util.test.junit.TclTests" name="[33] /home/travis/build/icyphy/ptII/ptolemy/actor/lib/test/TestExceptionHandler.tcl (RunTclFile)" time="0.014" />
  <testcase classname="ptolemy.util.test.junit.TclTests" name="[34] /home/travis/build/icyphy/ptII/ptolemy/actor/lib/test/UnionDisassembler.tcl (RunTclFile)" time="0.066" />
  <testcase classname="ptolemy.util.test.junit.TclTests" name="[35] /home/travis/build/icyphy/ptII/ptolemy/actor/lib/test/VariableClock.tcl (RunTclFile)" time="0.033" />
  <testcase classname="ptolemy.util.test.junit.AutoKnownFailedTests" name="[0] /home/travis/build/icyphy/ptII/ptolemy/actor/lib/test/auto/knownFailedTests/PublisherPortToplevelSubscriber.xml (RunModel)" time="0.018" />
  <testcase classname="ptolemy.util.test.junit.AutoKnownFailedTests" name="[1] /home/travis/build/icyphy/ptII/ptolemy/actor/lib/test/auto/knownFailedTests/PublisherSubscriberPortToplevel.xml (RunModel)" time="0.024" />
  <testcase classname="ptolemy.util.test.junit.AutoKnownFailedTests" name="[2] /home/travis/build/icyphy/ptII/ptolemy/actor/lib/test/auto/knownFailedTests/PublisherSubscriptionAggregatorPort.xml (RunModel)" time="0.04" />
  <testcase classname="ptolemy.util.test.junit.AutoKnownFailedTests" name="[3] /home/travis/build/icyphy/ptII/ptolemy/actor/lib/test/auto/knownFailedTests/sizedarray3.xml (RunModel)" time="0.03" />
  <testcase classname="ptolemy.util.test.junit.AutoNameArchTests" name="[0] ThereAreNoAutoArchTests (RunModel)" time="0.001" />
  <testcase classname="ptolemy.util.test.junit.AutoTests" name="[0] /home/travis/build/icyphy/ptII/ptolemy/actor/lib/test/auto/AbsoluteValue.xml (RunModel)" time="0.18" />
  <testcase classname="ptolemy.util.test.junit.AutoTests" name="[1] /home/travis/build/icyphy/ptII/ptolemy/actor/lib/test/auto/AbsoluteValue2.xml (RunModel)" time="0.075" />
  <testcase classname="ptolemy.util.test.junit.AutoTests" name="[2] /home/travis/build/icyphy/ptII/ptolemy/actor/lib/test/auto/Accumulator.xml (RunModel)" time="0.085" />
  <testcase classname="ptolemy.util.test.junit.AutoTests" name="[3] /home/travis/build/icyphy/ptII/ptolemy/actor/lib/test/auto/Accumulator2.xml (RunModel)" time="0.04" />
  <testcase classname="ptolemy.util.test.junit.AutoTests" name="[4] /home/travis/build/icyphy/ptII/ptolemy/actor/lib/test/auto/Accumulator3.xml (RunModel)" time="0.028" />
  <testcase classname="ptolemy.util.test.junit.AutoTests" name="[5] /home/travis/build/icyphy/ptII/ptolemy/actor/lib/test/auto/ArrayAppend.xml (RunModel)" time="0.035" />
  <testcase classname="ptolemy.util.test.junit.AutoTests" name="[6] /home/travis/build/icyphy/ptII/ptolemy/actor/lib/test/auto/ArrayAppend2.xml (RunModel)" time="0.601" />
  <testcase classname="ptolemy.util.test.junit.AutoTests" name="[7] /home/travis/build/icyphy/ptII/ptolemy/actor/lib/test/auto/ArrayAppend3.xml (RunModel)" time="0.039" />
  <testcase classname="ptolemy.util.test.junit.AutoTests" name="[8] /home/travis/build/icyphy/ptII/ptolemy/actor/lib/test/auto/ArrayAppend4.xml (RunModel)" time="0.04" />
  <testcase classname="ptolemy.util.test.junit.AutoTests" name="[9] /home/travis/build/icyphy/ptII/ptolemy/actor/lib/test/auto/ArrayAppend5.xml (RunModel)" time="0.031" />
  <testcase classname="ptolemy.util.test.junit.AutoTests" name="[10] /home/travis/build/icyphy/ptII/ptolemy/actor/lib/test/auto/ArrayAppend6.xml (RunModel)" time="0.028" />
  <testcase classname="ptolemy.util.test.junit.AutoTests" name="[11] /home/travis/build/icyphy/ptII/ptolemy/actor/lib/test/auto/ArrayAppendPerformanceTest.xml (RunModel)" time="0.062" />
  <testcase classname="ptolemy.util.test.junit.AutoTests" name="[12] /home/travis/build/icyphy/ptII/ptolemy/actor/lib/test/auto/ArrayAppendWithEmptyInput.xml (RunModel)" time="0.077" />
  <testcase classname="ptolemy.util.test.junit.AutoTests" name="[13] /home/travis/build/icyphy/ptII/ptolemy/actor/lib/test/auto/ArrayAverage.xml (RunModel)" time="0.065" />
  <testcase classname="ptolemy.util.test.junit.AutoTests" name="[14] /home/travis/build/icyphy/ptII/ptolemy/actor/lib/test/auto/ArrayContains.xml (RunModel)" time="0.023" />
  <testcase classname="ptolemy.util.test.junit.AutoTests" name="[15] /home/travis/build/icyphy/ptII/ptolemy/actor/lib/test/auto/ArrayElement.xml (RunModel)" time="0.023" />
  <testcase classname="ptolemy.util.test.junit.AutoTests" name="[16] /home/travis/build/icyphy/ptII/ptolemy/actor/lib/test/auto/ArrayElementAsMatrix.xml (RunModel)" time="0.081" />
  <testcase classname="ptolemy.util.test.junit.AutoTests" name="[17] /home/travis/build/icyphy/ptII/ptolemy/actor/lib/test/auto/ArrayElementI.xml (RunModel)" time="0.022" />
  <testcase classname="ptolemy.util.test.junit.AutoTests" name="[18] /home/travis/build/icyphy/ptII/ptolemy/actor/lib/test/auto/ArrayExtract.xml (RunModel)" time="0.046" />
  <testcase classname="ptolemy.util.test.junit.AutoTests" name="[19] /home/travis/build/icyphy/ptII/ptolemy/actor/lib/test/auto/ArrayExtract2.xml (RunModel)" time="0.024" />
  <testcase classname="ptolemy.util.test.junit.AutoTests" name="[20] /home/travis/build/icyphy/ptII/ptolemy/actor/lib/test/auto/ArrayLength.xml (RunModel)" time="0.024" />
  <testcase classname="ptolemy.util.test.junit.AutoTests" name="[21] /home/travis/build/icyphy/ptII/ptolemy/actor/lib/test/auto/ArrayLevelCrossing.xml (RunModel)" time="0.044" />
  <testcase classname="ptolemy.util.test.junit.AutoTests" name="[22] /home/travis/build/icyphy/ptII/ptolemy/actor/lib/test/auto/ArrayLevelCrossing2.xml (RunModel)" time="0.034" />
  <testcase classname="ptolemy.util.test.junit.AutoTests" name="[23] /home/travis/build/icyphy/ptII/ptolemy/actor/lib/test/auto/ArrayPeakSearch.xml (RunModel)" time="0.054" />
  <testcase classname="ptolemy.util.test.junit.AutoTests" name="[24] /home/travis/build/icyphy/ptII/ptolemy/actor/lib/test/auto/ArrayPeakSearch2.xml (RunModel)" time="0.041" />
  <testcase classname="ptolemy.util.test.junit.AutoTests" name="[25] /home/travis/build/icyphy/ptII/ptolemy/actor/lib/test/auto/ArrayPeakSearch3.xml (RunModel)" time="0.04" />
  <testcase classname="ptolemy.util.test.junit.AutoTests" name="[26] /home/travis/build/icyphy/ptII/ptolemy/actor/lib/test/auto/ArrayRemoveElement.xml (RunModel)" time="0.042" />
  <testcase classname="ptolemy.util.test.junit.AutoTests" name="[27] /home/travis/build/icyphy/ptII/ptolemy/actor/lib/test/auto/ArraySort.xml (RunModel)" time="0.057" />
  <testcase classname="ptolemy.util.test.junit.AutoTests" name="[28] /home/travis/build/icyphy/ptII/ptolemy/actor/lib/test/auto/ArraySum.xml (RunModel)" time="0.026" />
  <testcase classname="ptolemy.util.test.junit.AutoTests" name="[29] /home/travis/build/icyphy/ptII/ptolemy/actor/lib/test/auto/ArrayToElements.xml (RunModel)" time="0.028" />
  <testcase classname="ptolemy.util.test.junit.AutoTests" name="[30] /home/travis/build/icyphy/ptII/ptolemy/actor/lib/test/auto/ArrayToMatrix.xml (RunModel)" time="0.063" />
  <testcase classname="ptolemy.util.test.junit.AutoTests" name="[31] /home/travis/build/icyphy/ptII/ptolemy/actor/lib/test/auto/ArrayUpdate1.xml (RunModel)" time="0.021" />
  <testcase classname="ptolemy.util.test.junit.AutoTests" name="[32] /home/travis/build/icyphy/ptII/ptolemy/actor/lib/test/auto/ArrayUpdate2.xml (RunModel)" time="0.026" />
  <testcase classname="ptolemy.util.test.junit.AutoTests" name="[33] /home/travis/build/icyphy/ptII/ptolemy/actor/lib/test/auto/ArrayUpdate3.xml (RunModel)" time="0.019" />
  <testcase classname="ptolemy.util.test.junit.AutoTests" name="[34] /home/travis/build/icyphy/ptII/ptolemy/actor/lib/test/auto/Assert1.xml (RunModel)" time="0.029" />
  <testcase classname="ptolemy.util.test.junit.AutoTests" name="[35] /home/travis/build/icyphy/ptII/ptolemy/actor/lib/test/auto/Assert2.xml (RunModel)" time="0.022" />
  <testcase classname="ptolemy.util.test.junit.AutoTests" name="[36] /home/travis/build/icyphy/ptII/ptolemy/actor/lib/test/auto/BooleanMultiplexor.xml (RunModel)" time="0.084" />
  <testcase classname="ptolemy.util.test.junit.AutoTests" name="[37] /home/travis/build/icyphy/ptII/ptolemy/actor/lib/test/auto/BooleanMultiplexor2.xml (RunModel)" time="0.023" />
  <testcase classname="ptolemy.util.test.junit.AutoTests" name="[38] /home/travis/build/icyphy/ptII/ptolemy/actor/lib/test/auto/BooleanMultiplexor3.xml (RunModel)" time="0.031" />
  <testcase classname="ptolemy.util.test.junit.AutoTests" name="[39] /home/travis/build/icyphy/ptII/ptolemy/actor/lib/test/auto/BooleanSelect.xml (RunModel)" time="0.018" />
  <testcase classname="ptolemy.util.test.junit.AutoTests" name="[40] /home/travis/build/icyphy/ptII/ptolemy/actor/lib/test/auto/BooleanSelect2.xml (RunModel)" time="0.014" />
  <testcase classname="ptolemy.util.test.junit.AutoTests" name="[41] /home/travis/build/icyphy/ptII/ptolemy/actor/lib/test/auto/BooleanSwitch.xml (RunModel)" time="0.016" />
  <testcase classname="ptolemy.util.test.junit.AutoTests" name="[42] /home/travis/build/icyphy/ptII/ptolemy/actor/lib/test/auto/BooleanSwitch2.xml (RunModel)" time="0.012" />
  <testcase classname="ptolemy.util.test.junit.AutoTests" name="[43] /home/travis/build/icyphy/ptII/ptolemy/actor/lib/test/auto/BooleanSwitchCloningBugWithClassRelationGroup.xml (RunModel)" time="0.025" />
  <testcase classname="ptolemy.util.test.junit.AutoTests" name="[44] /home/travis/build/icyphy/ptII/ptolemy/actor/lib/test/auto/BusActors.xml (RunModel)" time="0.034" />
  <testcase classname="ptolemy.util.test.junit.AutoTests" name="[45] /home/travis/build/icyphy/ptII/ptolemy/actor/lib/test/auto/ClassWrapper.xml (RunModel)" time="0.015" />
  <testcase classname="ptolemy.util.test.junit.AutoTests" name="[46] /home/travis/build/icyphy/ptII/ptolemy/actor/lib/test/auto/Clock.xml (RunModel)" time="0.029" />
  <testcase classname="ptolemy.util.test.junit.AutoTests" name="[47] /home/travis/build/icyphy/ptII/ptolemy/actor/lib/test/auto/Clock10.xml (RunModel)" time="0.02" />
  <testcase classname="ptolemy.util.test.junit.AutoTests" name="[48] /home/travis/build/icyphy/ptII/ptolemy/actor/lib/test/auto/Clock11.xml (RunModel)" time="0.021" />
  <testcase classname="ptolemy.util.test.junit.AutoTests" name="[49] /home/travis/build/icyphy/ptII/ptolemy/actor/lib/test/auto/Clock12.xml (RunModel)" time="0.02" />
  <testcase classname="ptolemy.util.test.junit.AutoTests" name="[50] /home/travis/build/icyphy/ptII/ptolemy/actor/lib/test/auto/Clock13.xml (RunModel)" time="0.024" />
  <testcase classname="ptolemy.util.test.junit.AutoTests" name="[51] /home/travis/build/icyphy/ptII/ptolemy/actor/lib/test/auto/Clock14.xml (RunModel)" time="0.023" />
  <testcase classname="ptolemy.util.test.junit.AutoTests" name="[52] /home/travis/build/icyphy/ptII/ptolemy/actor/lib/test/auto/Clock15.xml (RunModel)" time="0.018" />
  <testcase classname="ptolemy.util.test.junit.AutoTests" name="[53] /home/travis/build/icyphy/ptII/ptolemy/actor/lib/test/auto/Clock16.xml (RunModel)" time="0.102" />
  <testcase classname="ptolemy.util.test.junit.AutoTests" name="[54] /home/travis/build/icyphy/ptII/ptolemy/actor/lib/test/auto/Clock17.xml (RunModel)" time="0.079" />
  <testcase classname="ptolemy.util.test.junit.AutoTests" name="[55] /home/travis/build/icyphy/ptII/ptolemy/actor/lib/test/auto/Clock18.xml (RunModel)" time="0.057" />
  <testcase classname="ptolemy.util.test.junit.AutoTests" name="[56] /home/travis/build/icyphy/ptII/ptolemy/actor/lib/test/auto/Clock19.xml (RunModel)" time="0.05" />
  <testcase classname="ptolemy.util.test.junit.AutoTests" name="[57] /home/travis/build/icyphy/ptII/ptolemy/actor/lib/test/auto/Clock2.xml (RunModel)" time="0.015" />
  <testcase classname="ptolemy.util.test.junit.AutoTests" name="[58] /home/travis/build/icyphy/ptII/ptolemy/actor/lib/test/auto/Clock20.xml (RunModel)" time="0.024" />
  <testcase classname="ptolemy.util.test.junit.AutoTests" name="[59] /home/travis/build/icyphy/ptII/ptolemy/actor/lib/test/auto/Clock21.xml (RunModel)" time="0.017" />
  <testcase classname="ptolemy.util.test.junit.AutoTests" name="[60] /home/travis/build/icyphy/ptII/ptolemy/actor/lib/test/auto/Clock22.xml (RunModel)" time="0.016" />
  <testcase classname="ptolemy.util.test.junit.AutoTests" name="[61] /home/travis/build/icyphy/ptII/ptolemy/actor/lib/test/auto/Clock23.xml (RunModel)" time="0.02" />
  <testcase classname="ptolemy.util.test.junit.AutoTests" name="[62] /home/travis/build/icyphy/ptII/ptolemy/actor/lib/test/auto/Clock24.xml (RunModel)" time="0.02" />
  <testcase classname="ptolemy.util.test.junit.AutoTests" name="[63] /home/travis/build/icyphy/ptII/ptolemy/actor/lib/test/auto/Clock4.xml (RunModel)" time="0.017" />
  <testcase classname="ptolemy.util.test.junit.AutoTests" name="[64] /home/travis/build/icyphy/ptII/ptolemy/actor/lib/test/auto/Clock5.xml (RunModel)" time="0.015" />
  <testcase classname="ptolemy.util.test.junit.AutoTests" name="[65] /home/travis/build/icyphy/ptII/ptolemy/actor/lib/test/auto/Clock6.xml (RunModel)" time="0.009" />
  <testcase classname="ptolemy.util.test.junit.AutoTests" name="[66] /home/travis/build/icyphy/ptII/ptolemy/actor/lib/test/auto/Clock7.xml (RunModel)" time="0.015" />
  <testcase classname="ptolemy.util.test.junit.AutoTests" name="[67] /home/travis/build/icyphy/ptII/ptolemy/actor/lib/test/auto/Clock8.xml (RunModel)" time="0.016" />
  <testcase classname="ptolemy.util.test.junit.AutoTests" name="[68] /home/travis/build/icyphy/ptII/ptolemy/actor/lib/test/auto/Clock9.xml (RunModel)" time="0.017" />
  <testcase classname="ptolemy.util.test.junit.AutoTests" name="[69] /home/travis/build/icyphy/ptII/ptolemy/actor/lib/test/auto/CommDistDiscard.xml (RunModel)" time="0.023" />
  <testcase classname="ptolemy.util.test.junit.AutoTests" name="[70] /home/travis/build/icyphy/ptII/ptolemy/actor/lib/test/auto/Commutator.xml (RunModel)" time="0.013" />
  <testcase classname="ptolemy.util.test.junit.AutoTests" name="[71] /home/travis/build/icyphy/ptII/ptolemy/actor/lib/test/auto/Commutator2.xml (RunModel)" time="0.013" />
  <testcase classname="ptolemy.util.test.junit.AutoTests" name="[72] /home/travis/build/icyphy/ptII/ptolemy/actor/lib/test/auto/Commutator3.xml (RunModel)" time="0.011" />
  <testcase classname="ptolemy.util.test.junit.AutoTests" name="[73] /home/travis/build/icyphy/ptII/ptolemy/actor/lib/test/auto/Compare.xml (RunModel)" time="0.021" />
  <testcase classname="ptolemy.util.test.junit.AutoTests" name="[74] /home/travis/build/icyphy/ptII/ptolemy/actor/lib/test/auto/CompareDE.xml (RunModel)" time="0.022" />
  <testcase classname="ptolemy.util.test.junit.AutoTests" name="[75] /home/travis/build/icyphy/ptII/ptolemy/actor/lib/test/auto/ComplexDivide.xml (RunModel)" time="0.012" />
  <testcase classname="ptolemy.util.test.junit.AutoTests" name="[76] /home/travis/build/icyphy/ptII/ptolemy/actor/lib/test/auto/ComputeHistogram.xml (RunModel)" time="0.075" />
  <testcase classname="ptolemy.util.test.junit.AutoTests" name="[77] /home/travis/build/icyphy/ptII/ptolemy/actor/lib/test/auto/ConfigurationSelect.xml (RunModel)" time="0.024" />
  <testcase classname="ptolemy.util.test.junit.AutoTests" name="[78] /home/travis/build/icyphy/ptII/ptolemy/actor/lib/test/auto/ConfigurationSelect2.xml (RunModel)" time="0.018" />
  <testcase classname="ptolemy.util.test.junit.AutoTests" name="[79] /home/travis/build/icyphy/ptII/ptolemy/actor/lib/test/auto/ConfigurationSwitch.xml (RunModel)" time="0.025" />
  <testcase classname="ptolemy.util.test.junit.AutoTests" name="[80] /home/travis/build/icyphy/ptII/ptolemy/actor/lib/test/auto/ConfigurationSwitch2.xml (RunModel)" time="0.022" />
  <testcase classname="ptolemy.util.test.junit.AutoTests" name="[81] /home/travis/build/icyphy/ptII/ptolemy/actor/lib/test/auto/ConfigurationSwitchCloningBugWithClassRelationGroup.xml (RunModel)" time="0.023" />
  <testcase classname="ptolemy.util.test.junit.AutoTests" name="[82] /home/travis/build/icyphy/ptII/ptolemy/actor/lib/test/auto/ConfigurationSwitchSelectSDF.xml (RunModel)" time="0.025" />
  <testcase classname="ptolemy.util.test.junit.AutoTests" name="[83] /home/travis/build/icyphy/ptII/ptolemy/actor/lib/test/auto/ConfigurationSwitchSelectSDF2.xml (RunModel)" time="0.015" />
  <testcase classname="ptolemy.util.test.junit.AutoTests" name="[84] /home/travis/build/icyphy/ptII/ptolemy/actor/lib/test/auto/Const.xml (RunModel)" time="0.009" />
  <testcase classname="ptolemy.util.test.junit.AutoTests" name="[85] /home/travis/build/icyphy/ptII/ptolemy/actor/lib/test/auto/Const2.xml (RunModel)" time="0.011" />
  <testcase classname="ptolemy.util.test.junit.AutoTests" name="[86] /home/travis/build/icyphy/ptII/ptolemy/actor/lib/test/auto/Const3.xml (RunModel)" time="0.01" />
  <testcase classname="ptolemy.util.test.junit.AutoTests" name="[87] /home/travis/build/icyphy/ptII/ptolemy/actor/lib/test/auto/ConstantPublisherPort1.xml (RunModel)" time="0.021" />
  <testcase classname="ptolemy.util.test.junit.AutoTests" name="[88] /home/travis/build/icyphy/ptII/ptolemy/actor/lib/test/auto/ConstantPublisherPort2.xml (RunModel)" time="0.025" />
  <testcase classname="ptolemy.util.test.junit.AutoTests" name="[89] /home/travis/build/icyphy/ptII/ptolemy/actor/lib/test/auto/ConstantPublisherPort3.xml (RunModel)" time="0.02" />
  <testcase classname="ptolemy.util.test.junit.AutoTests" name="[90] /home/travis/build/icyphy/ptII/ptolemy/actor/lib/test/auto/ConstantPublisherPort4.xml (RunModel)" time="0.019" />
  <testcase classname="ptolemy.util.test.junit.AutoTests" name="[91] /home/travis/build/icyphy/ptII/ptolemy/actor/lib/test/auto/ConstantPublisherPort5.xml (RunModel)" time="0.057" />
  <testcase classname="ptolemy.util.test.junit.AutoTests" name="[92] /home/travis/build/icyphy/ptII/ptolemy/actor/lib/test/auto/ConstantPublisherPort6.xml (RunModel)" time="0.033" />
  <testcase classname="ptolemy.util.test.junit.AutoTests" name="[93] /home/travis/build/icyphy/ptII/ptolemy/actor/lib/test/auto/ConstantPublisherPort7.xml (RunModel)" time="0.029" />
  <testcase classname="ptolemy.util.test.junit.AutoTests" name="[94] /home/travis/build/icyphy/ptII/ptolemy/actor/lib/test/auto/ConstraintMonitor1.xml (RunModel)" time="0.032" />
  <testcase classname="ptolemy.util.test.junit.AutoTests" name="[95] /home/travis/build/icyphy/ptII/ptolemy/actor/lib/test/auto/ConstraintMonitor2.xml (RunModel)" time="0.018" />
  <testcase classname="ptolemy.util.test.junit.AutoTests" name="[96] /home/travis/build/icyphy/ptII/ptolemy/actor/lib/test/auto/ConstraintMonitor3.xml (RunModel)" time="0.017" />
  <testcase classname="ptolemy.util.test.junit.AutoTests" name="[97] /home/travis/build/icyphy/ptII/ptolemy/actor/lib/test/auto/ConstraintMonitor4.xml (RunModel)" time="0.019" />
  <testcase classname="ptolemy.util.test.junit.AutoTests" name="[98] /home/travis/build/icyphy/ptII/ptolemy/actor/lib/test/auto/ConstraintMonitor5.xml (RunModel)" time="0.012" />
  <testcase classname="ptolemy.util.test.junit.AutoTests" name="[99] /home/travis/build/icyphy/ptII/ptolemy/actor/lib/test/auto/ConstraintMonitor6.xml (RunModel)" time="0.02" />
  <testcase classname="ptolemy.util.test.junit.AutoTests" name="[100] /home/travis/build/icyphy/ptII/ptolemy/actor/lib/test/auto/ConstraintMonitor7.xml (RunModel)" time="0.017" />
  <testcase classname="ptolemy.util.test.junit.AutoTests" name="[101] /home/travis/build/icyphy/ptII/ptolemy/actor/lib/test/auto/ConstraintMonitor8.xml (RunModel)" time="0.025" />
  <testcase classname="ptolemy.util.test.junit.AutoTests" name="[102] /home/travis/build/icyphy/ptII/ptolemy/actor/lib/test/auto/Counter.xml (RunModel)" time="0.013" />
  <testcase classname="ptolemy.util.test.junit.AutoTests" name="[103] /home/travis/build/icyphy/ptII/ptolemy/actor/lib/test/auto/CurrentTimeSDF.xml (RunModel)" time="0.01" />
  <testcase classname="ptolemy.util.test.junit.AutoTests" name="[104] /home/travis/build/icyphy/ptII/ptolemy/actor/lib/test/auto/DB.xml (RunModel)" time="0.015" />
  <testcase classname="ptolemy.util.test.junit.AutoTests" name="[105] /home/travis/build/icyphy/ptII/ptolemy/actor/lib/test/auto/DBDE.xml (RunModel)" time="0.015" />
  <testcase classname="ptolemy.util.test.junit.AutoTests" name="[106] /home/travis/build/icyphy/ptII/ptolemy/actor/lib/test/auto/DateConstructor.xml (RunModel)" time="0.055" />
  <testcase classname="ptolemy.util.test.junit.AutoTests" name="[107] /home/travis/build/icyphy/ptII/ptolemy/actor/lib/test/auto/DelayTime.xml (RunModel)" time="0.016" />
  <testcase classname="ptolemy.util.test.junit.AutoTests" name="[108] /home/travis/build/icyphy/ptII/ptolemy/actor/lib/test/auto/Dictionary1.xml (RunModel)" time="0.018" />
  <testcase classname="ptolemy.util.test.junit.AutoTests" name="[109] /home/travis/build/icyphy/ptII/ptolemy/actor/lib/test/auto/Dictionary2.xml (RunModel)" time="0.021" />
  <testcase classname="ptolemy.util.test.junit.AutoTests" name="[110] /home/travis/build/icyphy/ptII/ptolemy/actor/lib/test/auto/Dictionary3.xml (RunModel)" time="0.013" />
  <testcase classname="ptolemy.util.test.junit.AutoTests" name="[111] /home/travis/build/icyphy/ptII/ptolemy/actor/lib/test/auto/Dictionary4.xml (RunModel)" time="0.019" />
  <testcase classname="ptolemy.util.test.junit.AutoTests" name="[112] /home/travis/build/icyphy/ptII/ptolemy/actor/lib/test/auto/Differential.xml (RunModel)" time="0.016" />
  <testcase classname="ptolemy.util.test.junit.AutoTests" name="[113] /home/travis/build/icyphy/ptII/ptolemy/actor/lib/test/auto/Director.xml (RunModel)" time="0.012" />
  <testcase classname="ptolemy.util.test.junit.AutoTests" name="[114] /home/travis/build/icyphy/ptII/ptolemy/actor/lib/test/auto/DiscreteClock.xml (RunModel)" time="0.009" />
  <testcase classname="ptolemy.util.test.junit.AutoTests" name="[115] /home/travis/build/icyphy/ptII/ptolemy/actor/lib/test/auto/DiscreteClock10.xml (RunModel)" time="0.011" />
  <testcase classname="ptolemy.util.test.junit.AutoTests" name="[116] /home/travis/build/icyphy/ptII/ptolemy/actor/lib/test/auto/DiscreteClock11.xml (RunModel)" time="0.013" />
  <testcase classname="ptolemy.util.test.junit.AutoTests" name="[117] /home/travis/build/icyphy/ptII/ptolemy/actor/lib/test/auto/DiscreteClock12.xml (RunModel)" time="0.015" />
  <testcase classname="ptolemy.util.test.junit.AutoTests" name="[118] /home/travis/build/icyphy/ptII/ptolemy/actor/lib/test/auto/DiscreteClock13.xml (RunModel)" time="0.018" />
  <testcase classname="ptolemy.util.test.junit.AutoTests" name="[119] /home/travis/build/icyphy/ptII/ptolemy/actor/lib/test/auto/DiscreteClock14.xml (RunModel)" time="0.016" />
  <testcase classname="ptolemy.util.test.junit.AutoTests" name="[120] /home/travis/build/icyphy/ptII/ptolemy/actor/lib/test/auto/DiscreteClock15.xml (RunModel)" time="0.017" />
  <testcase classname="ptolemy.util.test.junit.AutoTests" name="[121] /home/travis/build/icyphy/ptII/ptolemy/actor/lib/test/auto/DiscreteClock16.xml (RunModel)" time="0.044" />
  <testcase classname="ptolemy.util.test.junit.AutoTests" name="[122] /home/travis/build/icyphy/ptII/ptolemy/actor/lib/test/auto/DiscreteClock17.xml (RunModel)" time="0.038" />
  <testcase classname="ptolemy.util.test.junit.AutoTests" name="[123] /home/travis/build/icyphy/ptII/ptolemy/actor/lib/test/auto/DiscreteClock18.xml (RunModel)" time="0.041" />
  <testcase classname="ptolemy.util.test.junit.AutoTests" name="[124] /home/travis/build/icyphy/ptII/ptolemy/actor/lib/test/auto/DiscreteClock19.xml (RunModel)" time="0.05" />
  <testcase classname="ptolemy.util.test.junit.AutoTests" name="[125] /home/travis/build/icyphy/ptII/ptolemy/actor/lib/test/auto/DiscreteClock2.xml (RunModel)" time="0.013" />
  <testcase classname="ptolemy.util.test.junit.AutoTests" name="[126] /home/travis/build/icyphy/ptII/ptolemy/actor/lib/test/auto/DiscreteClock20.xml (RunModel)" time="0.021" />
  <testcase classname="ptolemy.util.test.junit.AutoTests" name="[127] /home/travis/build/icyphy/ptII/ptolemy/actor/lib/test/auto/DiscreteClock21.xml (RunModel)" time="0.018" />
  <testcase classname="ptolemy.util.test.junit.AutoTests" name="[128] /home/travis/build/icyphy/ptII/ptolemy/actor/lib/test/auto/DiscreteClock22.xml (RunModel)" time="0.016" />
  <testcase classname="ptolemy.util.test.junit.AutoTests" name="[129] /home/travis/build/icyphy/ptII/ptolemy/actor/lib/test/auto/DiscreteClock23.xml (RunModel)" time="0.021" />
  <testcase classname="ptolemy.util.test.junit.AutoTests" name="[130] /home/travis/build/icyphy/ptII/ptolemy/actor/lib/test/auto/DiscreteClock24.xml (RunModel)" time="0.451" />
  <testcase classname="ptolemy.util.test.junit.AutoTests" name="[131] /home/travis/build/icyphy/ptII/ptolemy/actor/lib/test/auto/DiscreteClock4.xml (RunModel)" time="0.01" />
  <testcase classname="ptolemy.util.test.junit.AutoTests" name="[132] /home/travis/build/icyphy/ptII/ptolemy/actor/lib/test/auto/DiscreteClock5.xml (RunModel)" time="0.012" />
  <testcase classname="ptolemy.util.test.junit.AutoTests" name="[133] /home/travis/build/icyphy/ptII/ptolemy/actor/lib/test/auto/DiscreteClock6.xml (RunModel)" time="0.007" />
  <testcase classname="ptolemy.util.test.junit.AutoTests" name="[134] /home/travis/build/icyphy/ptII/ptolemy/actor/lib/test/auto/DiscreteClock7.xml (RunModel)" time="0.008" />
  <testcase classname="ptolemy.util.test.junit.AutoTests" name="[135] /home/travis/build/icyphy/ptII/ptolemy/actor/lib/test/auto/DiscreteClock8.xml (RunModel)" time="0.01" />
  <testcase classname="ptolemy.util.test.junit.AutoTests" name="[136] /home/travis/build/icyphy/ptII/ptolemy/actor/lib/test/auto/DiscreteClock9.xml (RunModel)" time="0.016" />
  <testcase classname="ptolemy.util.test.junit.AutoTests" name="[137] /home/travis/build/icyphy/ptII/ptolemy/actor/lib/test/auto/DisplayArray.xml (RunModel)" time="0.019" />
  <testcase classname="ptolemy.util.test.junit.AutoTests" name="[138] /home/travis/build/icyphy/ptII/ptolemy/actor/lib/test/auto/Distributor.xml (RunModel)" time="0.009" />
  <testcase classname="ptolemy.util.test.junit.AutoTests" name="[139] /home/travis/build/icyphy/ptII/ptolemy/actor/lib/test/auto/Distributor2.xml (RunModel)" time="0.011" />
  <testcase classname="ptolemy.util.test.junit.AutoTests" name="[140] /home/travis/build/icyphy/ptII/ptolemy/actor/lib/test/auto/DownSample.xml (RunModel)" time="0.015" />
  <testcase classname="ptolemy.util.test.junit.AutoTests" name="[141] /home/travis/build/icyphy/ptII/ptolemy/actor/lib/test/auto/ElectronicUnitBase1.xml (RunModel)" time="0.063" />
  <testcase classname="ptolemy.util.test.junit.AutoTests" name="[142] /home/travis/build/icyphy/ptII/ptolemy/actor/lib/test/auto/ElementsToArray.xml (RunModel)" time="0.01" />
  <testcase classname="ptolemy.util.test.junit.AutoTests" name="[143] /home/travis/build/icyphy/ptII/ptolemy/actor/lib/test/auto/Equals.xml (RunModel)" time="0.012" />
  <testcase classname="ptolemy.util.test.junit.AutoTests" name="[144] /home/travis/build/icyphy/ptII/ptolemy/actor/lib/test/auto/Exec.xml (RunModel)" time="0.021" />
  <testcase classname="ptolemy.util.test.junit.AutoTests" name="[145] /home/travis/build/icyphy/ptII/ptolemy/actor/lib/test/auto/ExecEnvironment.xml (RunModel)" time="0.038" />
  <testcase classname="ptolemy.util.test.junit.AutoTests" name="[146] /home/travis/build/icyphy/ptII/ptolemy/actor/lib/test/auto/ExecNonZeroReturnOutput.xml (RunModel)" time="0.146" />
  <testcase classname="ptolemy.util.test.junit.AutoTests" name="[147] /home/travis/build/icyphy/ptII/ptolemy/actor/lib/test/auto/ExecRunDemos.xml (RunModel)" time="9.364" />
  <testcase classname="ptolemy.util.test.junit.AutoTests" name="[148] /home/travis/build/icyphy/ptII/ptolemy/actor/lib/test/auto/ExecStop.xml (RunModel)" time="5.026" />
  <testcase classname="ptolemy.util.test.junit.AutoTests" name="[149] /home/travis/build/icyphy/ptII/ptolemy/actor/lib/test/auto/ExecutionTimeSDF.xml (RunModel)" time="6.026" />
  <testcase classname="ptolemy.util.test.junit.AutoTests" name="[150] /home/travis/build/icyphy/ptII/ptolemy/actor/lib/test/auto/Expression1.xml (RunModel)" time="0.008" />
  <testcase classname="ptolemy.util.test.junit.AutoTests" name="[151] /home/travis/build/icyphy/ptII/ptolemy/actor/lib/test/auto/Expression10.xml (RunModel)" time="0.014" />
  <testcase classname="ptolemy.util.test.junit.AutoTests" name="[152] /home/travis/build/icyphy/ptII/ptolemy/actor/lib/test/auto/Expression11.xml (RunModel)" time="0.012" />
  <testcase classname="ptolemy.util.test.junit.AutoTests" name="[153] /home/travis/build/icyphy/ptII/ptolemy/actor/lib/test/auto/Expression12.xml (RunModel)" time="0.014" />
  <testcase classname="ptolemy.util.test.junit.AutoTests" name="[154] /home/travis/build/icyphy/ptII/ptolemy/actor/lib/test/auto/Expression13.xml (RunModel)" time="0.013" />
  <testcase classname="ptolemy.util.test.junit.AutoTests" name="[155] /home/travis/build/icyphy/ptII/ptolemy/actor/lib/test/auto/Expression14.xml (RunModel)" time="0.016" />
  <testcase classname="ptolemy.util.test.junit.AutoTests" name="[156] /home/travis/build/icyphy/ptII/ptolemy/actor/lib/test/auto/Expression15.xml (RunModel)" time="0.013" />
  <testcase classname="ptolemy.util.test.junit.AutoTests" name="[157] /home/travis/build/icyphy/ptII/ptolemy/actor/lib/test/auto/Expression16.xml (RunModel)" time="0.013" />
  <testcase classname="ptolemy.util.test.junit.AutoTests" name="[158] /home/travis/build/icyphy/ptII/ptolemy/actor/lib/test/auto/Expression17.xml (RunModel)" time="0.012" />
  <testcase classname="ptolemy.util.test.junit.AutoTests" name="[159] /home/travis/build/icyphy/ptII/ptolemy/actor/lib/test/auto/Expression18.xml (RunModel)" time="0.014" />
  <testcase classname="ptolemy.util.test.junit.AutoTests" name="[160] /home/travis/build/icyphy/ptII/ptolemy/actor/lib/test/auto/Expression2.xml (RunModel)" time="0.014" />
  <testcase classname="ptolemy.util.test.junit.AutoTests" name="[161] /home/travis/build/icyphy/ptII/ptolemy/actor/lib/test/auto/Expression3.xml (RunModel)" time="0.013" />
  <testcase classname="ptolemy.util.test.junit.AutoTests" name="[162] /home/travis/build/icyphy/ptII/ptolemy/actor/lib/test/auto/Expression4.xml (RunModel)" time="0.019" />
  <testcase classname="ptolemy.util.test.junit.AutoTests" name="[163] /home/travis/build/icyphy/ptII/ptolemy/actor/lib/test/auto/Expression5.xml (RunModel)" time="0.014" />
  <testcase classname="ptolemy.util.test.junit.AutoTests" name="[164] /home/travis/build/icyphy/ptII/ptolemy/actor/lib/test/auto/Expression6.xml (RunModel)" time="0.011" />
  <testcase classname="ptolemy.util.test.junit.AutoTests" name="[165] /home/travis/build/icyphy/ptII/ptolemy/actor/lib/test/auto/Expression7.xml (RunModel)" time="0.016" />
  <testcase classname="ptolemy.util.test.junit.AutoTests" name="[166] /home/travis/build/icyphy/ptII/ptolemy/actor/lib/test/auto/Expression8.xml (RunModel)" time="0.017" />
  <testcase classname="ptolemy.util.test.junit.AutoTests" name="[167] /home/travis/build/icyphy/ptII/ptolemy/actor/lib/test/auto/Expression9.xml (RunModel)" time="0.01" />
  <testcase classname="ptolemy.util.test.junit.AutoTests" name="[168] /home/travis/build/icyphy/ptII/ptolemy/actor/lib/test/auto/ExpressionConcatenateArrayType.xml (RunModel)" time="0.025" />
  <testcase classname="ptolemy.util.test.junit.AutoTests" name="[169] /home/travis/build/icyphy/ptII/ptolemy/actor/lib/test/auto/ExpressionConcatenateArrayType2.xml (RunModel)" time="0.018" />
  <testcase classname="ptolemy.util.test.junit.AutoTests" name="[170] /home/travis/build/icyphy/ptII/ptolemy/actor/lib/test/auto/ExpressionFix.xml (RunModel)" time="0.028" />
  <testcase classname="ptolemy.util.test.junit.AutoTests" name="[171] /home/travis/build/icyphy/ptII/ptolemy/actor/lib/test/auto/ExpressionFix2.xml (RunModel)" time="0.011" />
  <testcase classname="ptolemy.util.test.junit.AutoTests" name="[172] /home/travis/build/icyphy/ptII/ptolemy/actor/lib/test/auto/ExpressionFix3.xml (RunModel)" time="0.012" />
  <testcase classname="ptolemy.util.test.junit.AutoTests" name="[173] /home/travis/build/icyphy/ptII/ptolemy/actor/lib/test/auto/FileWriter1.xml (RunModel)" time="0.011" />
  <testcase classname="ptolemy.util.test.junit.AutoTests" name="[174] /home/travis/build/icyphy/ptII/ptolemy/actor/lib/test/auto/FileWriter2.xml (RunModel)" time="0.012" />
  <testcase classname="ptolemy.util.test.junit.AutoTests" name="[175] /home/travis/build/icyphy/ptII/ptolemy/actor/lib/test/auto/FileWriter3.xml (RunModel)" time="0.021" />
  <testcase classname="ptolemy.util.test.junit.AutoTests" name="[176] /home/travis/build/icyphy/ptII/ptolemy/actor/lib/test/auto/Gaussian.xml (RunModel)" time="0.012" />
  <testcase classname="ptolemy.util.test.junit.AutoTests" name="[177] /home/travis/build/icyphy/ptII/ptolemy/actor/lib/test/auto/Gaussian1.xml (RunModel)" time="0.014" />
  <testcase classname="ptolemy.util.test.junit.AutoTests" name="[178] /home/travis/build/icyphy/ptII/ptolemy/actor/lib/test/auto/Gaussian2.xml (RunModel)" time="0.017" />
  <testcase classname="ptolemy.util.test.junit.AutoTests" name="[179] /home/travis/build/icyphy/ptII/ptolemy/actor/lib/test/auto/GradientAdaptiveLattice.xml (RunModel)" time="0.019" />
  <testcase classname="ptolemy.util.test.junit.AutoTests" name="[180] /home/travis/build/icyphy/ptII/ptolemy/actor/lib/test/auto/IIR.xml (RunModel)" time="0.013" />
  <testcase classname="ptolemy.util.test.junit.AutoTests" name="[181] /home/travis/build/icyphy/ptII/ptolemy/actor/lib/test/auto/InputOutputTransparentPorts.xml (RunModel)" time="0.021" />
  <testcase classname="ptolemy.util.test.junit.AutoTests" name="[182] /home/travis/build/icyphy/ptII/ptolemy/actor/lib/test/auto/Interpolator.xml (RunModel)" time="0.013" />
  <testcase classname="ptolemy.util.test.junit.AutoTests" name="[183] /home/travis/build/icyphy/ptII/ptolemy/actor/lib/test/auto/InterpolatorFiringLimitDE.xml (RunModel)" time="0.015" />
  <testcase classname="ptolemy.util.test.junit.AutoTests" name="[184] /home/travis/build/icyphy/ptII/ptolemy/actor/lib/test/auto/Lattice.xml (RunModel)" time="0.011" />
  <testcase classname="ptolemy.util.test.junit.AutoTests" name="[185] /home/travis/build/icyphy/ptII/ptolemy/actor/lib/test/auto/LazyAOCTestLazy.xml (RunModel)" time="0.024" />
  <testcase classname="ptolemy.util.test.junit.AutoTests" name="[186] /home/travis/build/icyphy/ptII/ptolemy/actor/lib/test/auto/LazyAOCTestNonLazy.xml (RunModel)" time="0.046" />
  <testcase classname="ptolemy.util.test.junit.AutoTests" name="[187] /home/travis/build/icyphy/ptII/ptolemy/actor/lib/test/auto/LazyInnerClass.xml (RunModel)" time="0.055" />
  <testcase classname="ptolemy.util.test.junit.AutoTests" name="[188] /home/travis/build/icyphy/ptII/ptolemy/actor/lib/test/auto/LazyPubSub.xml (RunModel)" time="0.064" />
  <testcase classname="ptolemy.util.test.junit.AutoTests" name="[189] /home/travis/build/icyphy/ptII/ptolemy/actor/lib/test/auto/LazyPubSub2.xml (RunModel)" time="0.054" />
  <testcase classname="ptolemy.util.test.junit.AutoTests" name="[190] /home/travis/build/icyphy/ptII/ptolemy/actor/lib/test/auto/LazyPubSub3.xml (RunModel)" time="0.034" />
  <testcase classname="ptolemy.util.test.junit.AutoTests" name="[191] /home/travis/build/icyphy/ptII/ptolemy/actor/lib/test/auto/LazySubClassModel.xml (RunModel)" time="0.029" />
  <testcase classname="ptolemy.util.test.junit.AutoTests" name="[192] /home/travis/build/icyphy/ptII/ptolemy/actor/lib/test/auto/LevelCrossTest1.xml (RunModel)" time="0.014" />
  <testcase classname="ptolemy.util.test.junit.AutoTests" name="[193] /home/travis/build/icyphy/ptII/ptolemy/actor/lib/test/auto/LevelCrossTest10.xml (RunModel)" time="0.021" />
  <testcase classname="ptolemy.util.test.junit.AutoTests" name="[194] /home/travis/build/icyphy/ptII/ptolemy/actor/lib/test/auto/LevelCrossTest11.xml (RunModel)" time="0.013" />
  <testcase classname="ptolemy.util.test.junit.AutoTests" name="[195] /home/travis/build/icyphy/ptII/ptolemy/actor/lib/test/auto/LevelCrossTest12.xml (RunModel)" time="0.021" />
  <testcase classname="ptolemy.util.test.junit.AutoTests" name="[196] /home/travis/build/icyphy/ptII/ptolemy/actor/lib/test/auto/LevelCrossTest13.xml (RunModel)" time="0.019" />
  <testcase classname="ptolemy.util.test.junit.AutoTests" name="[197] /home/travis/build/icyphy/ptII/ptolemy/actor/lib/test/auto/LevelCrossTest2.xml (RunModel)" time="0.011" />
  <testcase classname="ptolemy.util.test.junit.AutoTests" name="[198] /home/travis/build/icyphy/ptII/ptolemy/actor/lib/test/auto/LevelCrossTest3.xml (RunModel)" time="0.014" />
  <testcase classname="ptolemy.util.test.junit.AutoTests" name="[199] /home/travis/build/icyphy/ptII/ptolemy/actor/lib/test/auto/LevelCrossTest4.xml (RunModel)" time="0.012" />
  <testcase classname="ptolemy.util.test.junit.AutoTests" name="[200] /home/travis/build/icyphy/ptII/ptolemy/actor/lib/test/auto/LevelCrossTest5.xml (RunModel)" time="0.018" />
  <testcase classname="ptolemy.util.test.junit.AutoTests" name="[201] /home/travis/build/icyphy/ptII/ptolemy/actor/lib/test/auto/LevelCrossTest6.xml (RunModel)" time="0.014" />
  <testcase classname="ptolemy.util.test.junit.AutoTests" name="[202] /home/travis/build/icyphy/ptII/ptolemy/actor/lib/test/auto/LevelCrossTest7.xml (RunModel)" time="0.023" />
  <testcase classname="ptolemy.util.test.junit.AutoTests" name="[203] /home/travis/build/icyphy/ptII/ptolemy/actor/lib/test/auto/LevelCrossTest8.xml (RunModel)" time="0.015" />
  <testcase classname="ptolemy.util.test.junit.AutoTests" name="[204] /home/travis/build/icyphy/ptII/ptolemy/actor/lib/test/auto/LevelCrossTest9.xml (RunModel)" time="0.016" />
  <testcase classname="ptolemy.util.test.junit.AutoTests" name="[205] /home/travis/build/icyphy/ptII/ptolemy/actor/lib/test/auto/LevinsonDurbin.xml (RunModel)" time="0.01" />
  <testcase classname="ptolemy.util.test.junit.AutoTests" name="[206] /home/travis/build/icyphy/ptII/ptolemy/actor/lib/test/auto/LevinsonDurbin2.xml (RunModel)" time="0.009" />
  <testcase classname="ptolemy.util.test.junit.AutoTests" name="[207] /home/travis/build/icyphy/ptII/ptolemy/actor/lib/test/auto/LevinsonDurbin3.xml (RunModel)" time="0.009" />
  <testcase classname="ptolemy.util.test.junit.AutoTests" name="[208] /home/travis/build/icyphy/ptII/ptolemy/actor/lib/test/auto/Limiter.xml (RunModel)" time="0.032" />
  <testcase classname="ptolemy.util.test.junit.AutoTests" name="[209] /home/travis/build/icyphy/ptII/ptolemy/actor/lib/test/auto/LinearDifferenceEquationSystem.xml (RunModel)" time="0.021" />
  <testcase classname="ptolemy.util.test.junit.AutoTests" name="[210] /home/travis/build/icyphy/ptII/ptolemy/actor/lib/test/auto/LookupTable.xml (RunModel)" time="0.011" />
  <testcase classname="ptolemy.util.test.junit.AutoTests" name="[211] /home/travis/build/icyphy/ptII/ptolemy/actor/lib/test/auto/MathFunction.xml (RunModel)" time="0.019" />
  <testcase classname="ptolemy.util.test.junit.AutoTests" name="[212] /home/travis/build/icyphy/ptII/ptolemy/actor/lib/test/auto/MathFunction2.xml (RunModel)" time="0.01" />
  <testcase classname="ptolemy.util.test.junit.AutoTests" name="[213] /home/travis/build/icyphy/ptII/ptolemy/actor/lib/test/auto/MathFunction3.xml (RunModel)" time="0.026" />
  <testcase classname="ptolemy.util.test.junit.AutoTests" name="[214] /home/travis/build/icyphy/ptII/ptolemy/actor/lib/test/auto/MatrixCropBoolean.xml (RunModel)" time="0.02" />
  <testcase classname="ptolemy.util.test.junit.AutoTests" name="[215] /home/travis/build/icyphy/ptII/ptolemy/actor/lib/test/auto/MatrixCropComplex.xml (RunModel)" time="0.009" />
  <testcase classname="ptolemy.util.test.junit.AutoTests" name="[216] /home/travis/build/icyphy/ptII/ptolemy/actor/lib/test/auto/MatrixCropDouble.xml (RunModel)" time="0.009" />
  <testcase classname="ptolemy.util.test.junit.AutoTests" name="[217] /home/travis/build/icyphy/ptII/ptolemy/actor/lib/test/auto/MatrixCropFix.xml (RunModel)" time="0.012" />
  <testcase classname="ptolemy.util.test.junit.AutoTests" name="[218] /home/travis/build/icyphy/ptII/ptolemy/actor/lib/test/auto/MatrixCropInt.xml (RunModel)" time="0.011" />
  <testcase classname="ptolemy.util.test.junit.AutoTests" name="[219] /home/travis/build/icyphy/ptII/ptolemy/actor/lib/test/auto/MatrixCropLong.xml (RunModel)" time="0.009" />
  <testcase classname="ptolemy.util.test.junit.AutoTests" name="[220] /home/travis/build/icyphy/ptII/ptolemy/actor/lib/test/auto/MatrixToArray.xml (RunModel)" time="0.04" />
  <testcase classname="ptolemy.util.test.junit.AutoTests" name="[221] /home/travis/build/icyphy/ptII/ptolemy/actor/lib/test/auto/MaxIndex.xml (RunModel)" time="0.012" />
  <testcase classname="ptolemy.util.test.junit.AutoTests" name="[222] /home/travis/build/icyphy/ptII/ptolemy/actor/lib/test/auto/Maximum.xml (RunModel)" time="0.015" />
  <testcase classname="ptolemy.util.test.junit.AutoTests" name="[223] /home/travis/build/icyphy/ptII/ptolemy/actor/lib/test/auto/MaximumComplex.xml (RunModel)" time="0.013" />
  <testcase classname="ptolemy.util.test.junit.AutoTests" name="[224] /home/travis/build/icyphy/ptII/ptolemy/actor/lib/test/auto/MethodCallTest.xml (RunModel)" time="0.02" />
  <testcase classname="ptolemy.util.test.junit.AutoTests" name="[225] /home/travis/build/icyphy/ptII/ptolemy/actor/lib/test/auto/Minimum.xml (RunModel)" time="0.013" />
  <testcase classname="ptolemy.util.test.junit.AutoTests" name="[226] /home/travis/build/icyphy/ptII/ptolemy/actor/lib/test/auto/MinimumComplex.xml (RunModel)" time="0.018" />
  <testcase classname="ptolemy.util.test.junit.AutoTests" name="[227] /home/travis/build/icyphy/ptII/ptolemy/actor/lib/test/auto/MinimumMultiports.xml (RunModel)" time="0.018" />
  <testcase classname="ptolemy.util.test.junit.AutoTests" name="[228] /home/travis/build/icyphy/ptII/ptolemy/actor/lib/test/auto/ModifyDate.xml (RunModel)" time="0.036" />
  <testcase classname="ptolemy.util.test.junit.AutoTests" name="[229] /home/travis/build/icyphy/ptII/ptolemy/actor/lib/test/auto/ModifyDate2.xml (RunModel)" time="0.027" />
  <testcase classname="ptolemy.util.test.junit.AutoTests" name="[230] /home/travis/build/icyphy/ptII/ptolemy/actor/lib/test/auto/MovingAverage.xml (RunModel)" time="0.011" />
  <testcase classname="ptolemy.util.test.junit.AutoTests" name="[231] /home/travis/build/icyphy/ptII/ptolemy/actor/lib/test/auto/MovingMaximum.xml (RunModel)" time="0.009" />
  <testcase classname="ptolemy.util.test.junit.AutoTests" name="[232] /home/travis/build/icyphy/ptII/ptolemy/actor/lib/test/auto/MultipleLinksToSameRelation.xml (RunModel)" time="0.014" />
  <testcase classname="ptolemy.util.test.junit.AutoTests" name="[233] /home/travis/build/icyphy/ptII/ptolemy/actor/lib/test/auto/MultipleLinksToSameRelationDE.xml (RunModel)" time="0.008" />
  <testcase classname="ptolemy.util.test.junit.AutoTests" name="[234] /home/travis/build/icyphy/ptII/ptolemy/actor/lib/test/auto/Multiplexor.xml (RunModel)" time="0.012" />
  <testcase classname="ptolemy.util.test.junit.AutoTests" name="[235] /home/travis/build/icyphy/ptII/ptolemy/actor/lib/test/auto/Multiplexor1.xml (RunModel)" time="0.011" />
  <testcase classname="ptolemy.util.test.junit.AutoTests" name="[236] /home/travis/build/icyphy/ptII/ptolemy/actor/lib/test/auto/Multiplexor2.xml (RunModel)" time="0.013" />
  <testcase classname="ptolemy.util.test.junit.AutoTests" name="[237] /home/travis/build/icyphy/ptII/ptolemy/actor/lib/test/auto/Multiplexor3.xml (RunModel)" time="0.011" />
  <testcase classname="ptolemy.util.test.junit.AutoTests" name="[238] /home/travis/build/icyphy/ptII/ptolemy/actor/lib/test/auto/MultiplexorDE.xml (RunModel)" time="0.018" />
  <testcase classname="ptolemy.util.test.junit.AutoTests" name="[239] /home/travis/build/icyphy/ptII/ptolemy/actor/lib/test/auto/MultiportBroadcastTest.xml (RunModel)" time="0.105" />
  <testcase classname="ptolemy.util.test.junit.AutoTests" name="[240] /home/travis/build/icyphy/ptII/ptolemy/actor/lib/test/auto/MultiportOutHangDuringGetWidth.xml (RunModel)" time="0.029" />
  <testcase classname="ptolemy.util.test.junit.AutoTests" name="[241] /home/travis/build/icyphy/ptII/ptolemy/actor/lib/test/auto/NilToken.xml (RunModel)" time="0.011" />
  <testcase classname="ptolemy.util.test.junit.AutoTests" name="[242] /home/travis/build/icyphy/ptII/ptolemy/actor/lib/test/auto/NilTokenNonStrictTest.xml (RunModel)" time="0.011" />
  <testcase classname="ptolemy.util.test.junit.AutoTests" name="[243] /home/travis/build/icyphy/ptII/ptolemy/actor/lib/test/auto/NilTokenRecord.xml (RunModel)" time="0.019" />
  <testcase classname="ptolemy.util.test.junit.AutoTests" name="[244] /home/travis/build/icyphy/ptII/ptolemy/actor/lib/test/auto/NilTokenTypeTest.xml (RunModel)" time="0.025" />
  <testcase classname="ptolemy.util.test.junit.AutoTests" name="[245] /home/travis/build/icyphy/ptII/ptolemy/actor/lib/test/auto/ObjectToken1.xml (RunModel)" time="0.011" />
  <testcase classname="ptolemy.util.test.junit.AutoTests" name="[246] /home/travis/build/icyphy/ptII/ptolemy/actor/lib/test/auto/OrderedMerge.xml (RunModel)" time="0.011" />
  <testcase classname="ptolemy.util.test.junit.AutoTests" name="[247] /home/travis/build/icyphy/ptII/ptolemy/actor/lib/test/auto/OrderedRecordDisassembler.xml (RunModel)" time="0.016" />
  <testcase classname="ptolemy.util.test.junit.AutoTests" name="[248] /home/travis/build/icyphy/ptII/ptolemy/actor/lib/test/auto/OrderedRecordDisassembler2.xml (RunModel)" time="0.021" />
  <testcase classname="ptolemy.util.test.junit.AutoTests" name="[249] /home/travis/build/icyphy/ptII/ptolemy/actor/lib/test/auto/OrderedRecordUpdater.xml (RunModel)" time="0.01" />
  <testcase classname="ptolemy.util.test.junit.AutoTests" name="[250] /home/travis/build/icyphy/ptII/ptolemy/actor/lib/test/auto/OrderedRecordUpdater2.xml (RunModel)" time="0.009" />
  <testcase classname="ptolemy.util.test.junit.AutoTests" name="[251] /home/travis/build/icyphy/ptII/ptolemy/actor/lib/test/auto/PhaseUnwrap.xml (RunModel)" time="0.014" />
  <testcase classname="ptolemy.util.test.junit.AutoTests" name="[252] /home/travis/build/icyphy/ptII/ptolemy/actor/lib/test/auto/PoissonClock.xml (RunModel)" time="0.011" />
  <testcase classname="ptolemy.util.test.junit.AutoTests" name="[253] /home/travis/build/icyphy/ptII/ptolemy/actor/lib/test/auto/PoissonClock2.xml (RunModel)" time="0.017" />
  <testcase classname="ptolemy.util.test.junit.AutoTests" name="[254] /home/travis/build/icyphy/ptII/ptolemy/actor/lib/test/auto/PoissonClock3.xml (RunModel)" time="0.01" />
  <testcase classname="ptolemy.util.test.junit.AutoTests" name="[255] /home/travis/build/icyphy/ptII/ptolemy/actor/lib/test/auto/PubSubWithInitialTokens.xml (RunModel)" time="0.014" />
  <testcase classname="ptolemy.util.test.junit.AutoTests" name="[256] /home/travis/build/icyphy/ptII/ptolemy/actor/lib/test/auto/PubSubWithInitialTokens2.xml (RunModel)" time="0.013" />
  <testcase classname="ptolemy.util.test.junit.AutoTests" name="[257] /home/travis/build/icyphy/ptII/ptolemy/actor/lib/test/auto/PublisherClassNoParameter.xml (RunModel)" time="0.02" />
  <testcase classname="ptolemy.util.test.junit.AutoTests" name="[258] /home/travis/build/icyphy/ptII/ptolemy/actor/lib/test/auto/PublisherClassParameter.xml (RunModel)" time="0.023" />
  <testcase classname="ptolemy.util.test.junit.AutoTests" name="[259] /home/travis/build/icyphy/ptII/ptolemy/actor/lib/test/auto/PublisherNonStrictTest.xml (RunModel)" time="0.018" />
  <testcase classname="ptolemy.util.test.junit.AutoTests" name="[260] /home/travis/build/icyphy/ptII/ptolemy/actor/lib/test/auto/PublisherPort1.xml (RunModel)" time="0.012" />
  <testcase classname="ptolemy.util.test.junit.AutoTests" name="[261] /home/travis/build/icyphy/ptII/ptolemy/actor/lib/test/auto/PublisherPort2.xml (RunModel)" time="0.011" />
  <testcase classname="ptolemy.util.test.junit.AutoTests" name="[262] /home/travis/build/icyphy/ptII/ptolemy/actor/lib/test/auto/PublisherPort3.xml (RunModel)" time="0.014" />
  <testcase classname="ptolemy.util.test.junit.AutoTests" name="[263] /home/travis/build/icyphy/ptII/ptolemy/actor/lib/test/auto/PublisherPort4.xml (RunModel)" time="0.016" />
  <testcase classname="ptolemy.util.test.junit.AutoTests" name="[264] /home/travis/build/icyphy/ptII/ptolemy/actor/lib/test/auto/PublisherPort5.xml (RunModel)" time="0.017" />
  <testcase classname="ptolemy.util.test.junit.AutoTests" name="[265] /home/travis/build/icyphy/ptII/ptolemy/actor/lib/test/auto/PublisherPort5LookAlike.xml (RunModel)" time="0.024" />
  <testcase classname="ptolemy.util.test.junit.AutoTests" name="[266] /home/travis/build/icyphy/ptII/ptolemy/actor/lib/test/auto/PublisherPort6.xml (RunModel)" time="0.013" />
  <testcase classname="ptolemy.util.test.junit.AutoTests" name="[267] /home/travis/build/icyphy/ptII/ptolemy/actor/lib/test/auto/PublisherPort7.xml (RunModel)" time="0.022" />
  <testcase classname="ptolemy.util.test.junit.AutoTests" name="[268] /home/travis/build/icyphy/ptII/ptolemy/actor/lib/test/auto/PublisherPort8.xml (RunModel)" time="0.018" />
  <testcase classname="ptolemy.util.test.junit.AutoTests" name="[269] /home/travis/build/icyphy/ptII/ptolemy/actor/lib/test/auto/PublisherPortSubscriberChannelVariablesAOC2.xml (RunModel)" time="0.032" />
  <testcase classname="ptolemy.util.test.junit.AutoTests" name="[270] /home/travis/build/icyphy/ptII/ptolemy/actor/lib/test/auto/PublisherPortSubscriberOpaqueWidthInference.xml (RunModel)" time="0.016" />
  <testcase classname="ptolemy.util.test.junit.AutoTests" name="[271] /home/travis/build/icyphy/ptII/ptolemy/actor/lib/test/auto/PublisherPortSubscriberPortAdjacent.xml (RunModel)" time="0.018" />
  <testcase classname="ptolemy.util.test.junit.AutoTests" name="[272] /home/travis/build/icyphy/ptII/ptolemy/actor/lib/test/auto/PublisherPortSubscriberPortExpression.xml (RunModel)" time="0.017" />
  <testcase classname="ptolemy.util.test.junit.AutoTests" name="[273] /home/travis/build/icyphy/ptII/ptolemy/actor/lib/test/auto/PublisherPortSubscriberPortOpaqueD3Reverse.xml (RunModel)" time="0.022" />
  <testcase classname="ptolemy.util.test.junit.AutoTests" name="[274] /home/travis/build/icyphy/ptII/ptolemy/actor/lib/test/auto/PublisherPortSubscriberPortOpaqueWidthInference.xml (RunModel)" time="0.026" />
  <testcase classname="ptolemy.util.test.junit.AutoTests" name="[275] /home/travis/build/icyphy/ptII/ptolemy/actor/lib/test/auto/PublisherPortToplevelSubscriberPortAOC.xml (RunModel)" time="0.012" />
  <testcase classname="ptolemy.util.test.junit.AutoTests" name="[276] /home/travis/build/icyphy/ptII/ptolemy/actor/lib/test/auto/PublisherSubscriber.xml (RunModel)" time="0.027" />
  <testcase classname="ptolemy.util.test.junit.AutoTests" name="[277] /home/travis/build/icyphy/ptII/ptolemy/actor/lib/test/auto/PublisherSubscriber10.xml (RunModel)" time="0.023" />
  <testcase classname="ptolemy.util.test.junit.AutoTests" name="[278] /home/travis/build/icyphy/ptII/ptolemy/actor/lib/test/auto/PublisherSubscriber10InitialOutputs.xml (RunModel)" time="0.037" />
  <testcase classname="ptolemy.util.test.junit.AutoTests" name="[279] /home/travis/build/icyphy/ptII/ptolemy/actor/lib/test/auto/PublisherSubscriber11.xml (RunModel)" time="0.023" />
  <testcase classname="ptolemy.util.test.junit.AutoTests" name="[280] /home/travis/build/icyphy/ptII/ptolemy/actor/lib/test/auto/PublisherSubscriber12.xml (RunModel)" time="0.016" />
  <testcase classname="ptolemy.util.test.junit.AutoTests" name="[281] /home/travis/build/icyphy/ptII/ptolemy/actor/lib/test/auto/PublisherSubscriber13.xml (RunModel)" time="0.012" />
  <testcase classname="ptolemy.util.test.junit.AutoTests" name="[282] /home/travis/build/icyphy/ptII/ptolemy/actor/lib/test/auto/PublisherSubscriber14.xml (RunModel)" time="0.024" />
  <testcase classname="ptolemy.util.test.junit.AutoTests" name="[283] /home/travis/build/icyphy/ptII/ptolemy/actor/lib/test/auto/PublisherSubscriber2.xml (RunModel)" time="0.01" />
  <testcase classname="ptolemy.util.test.junit.AutoTests" name="[284] /home/travis/build/icyphy/ptII/ptolemy/actor/lib/test/auto/PublisherSubscriber3.xml (RunModel)" time="0.011" />
  <testcase classname="ptolemy.util.test.junit.AutoTests" name="[285] /home/travis/build/icyphy/ptII/ptolemy/actor/lib/test/auto/PublisherSubscriber4.xml (RunModel)" time="0.011" />
  <testcase classname="ptolemy.util.test.junit.AutoTests" name="[286] /home/travis/build/icyphy/ptII/ptolemy/actor/lib/test/auto/PublisherSubscriber5.xml (RunModel)" time="0.012" />
  <testcase classname="ptolemy.util.test.junit.AutoTests" name="[287] /home/travis/build/icyphy/ptII/ptolemy/actor/lib/test/auto/PublisherSubscriber6.xml (RunModel)" time="0.014" />
  <testcase classname="ptolemy.util.test.junit.AutoTests" name="[288] /home/travis/build/icyphy/ptII/ptolemy/actor/lib/test/auto/PublisherSubscriber7.xml (RunModel)" time="0.014" />
  <testcase classname="ptolemy.util.test.junit.AutoTests" name="[289] /home/travis/build/icyphy/ptII/ptolemy/actor/lib/test/auto/PublisherSubscriber8.xml (RunModel)" time="0.03" />
  <testcase classname="ptolemy.util.test.junit.AutoTests" name="[290] /home/travis/build/icyphy/ptII/ptolemy/actor/lib/test/auto/PublisherSubscriber9.xml (RunModel)" time="0.016" />
  <testcase classname="ptolemy.util.test.junit.AutoTests" name="[291] /home/travis/build/icyphy/ptII/ptolemy/actor/lib/test/auto/PublisherSubscriberAdjacent.xml (RunModel)" time="0.016" />
  <testcase classname="ptolemy.util.test.junit.AutoTests" name="[292] /home/travis/build/icyphy/ptII/ptolemy/actor/lib/test/auto/PublisherSubscriberChannelVariablesAOC2.xml (RunModel)" time="0.027" />
  <testcase classname="ptolemy.util.test.junit.AutoTests" name="[293] /home/travis/build/icyphy/ptII/ptolemy/actor/lib/test/auto/PublisherSubscriberD3.xml (RunModel)" time="0.014" />
  <testcase classname="ptolemy.util.test.junit.AutoTests" name="[294] /home/travis/build/icyphy/ptII/ptolemy/actor/lib/test/auto/PublisherSubscriberD3Reverse.xml (RunModel)" time="0.012" />
  <testcase classname="ptolemy.util.test.junit.AutoTests" name="[295] /home/travis/build/icyphy/ptII/ptolemy/actor/lib/test/auto/PublisherSubscriberExpression.xml (RunModel)" time="0.019" />
  <testcase classname="ptolemy.util.test.junit.AutoTests" name="[296] /home/travis/build/icyphy/ptII/ptolemy/actor/lib/test/auto/PublisherSubscriberOpaque.xml (RunModel)" time="0.015" />
  <testcase classname="ptolemy.util.test.junit.AutoTests" name="[297] /home/travis/build/icyphy/ptII/ptolemy/actor/lib/test/auto/PublisherSubscriberOpaqueD3.xml (RunModel)" time="0.022" />
  <testcase classname="ptolemy.util.test.junit.AutoTests" name="[298] /home/travis/build/icyphy/ptII/ptolemy/actor/lib/test/auto/PublisherSubscriberOpaqueD3Reverse.xml (RunModel)" time="0.019" />
  <testcase classname="ptolemy.util.test.junit.AutoTests" name="[299] /home/travis/build/icyphy/ptII/ptolemy/actor/lib/test/auto/PublisherSubscriberOpaqueWidthInference.xml (RunModel)" time="0.018" />
  <testcase classname="ptolemy.util.test.junit.AutoTests" name="[300] /home/travis/build/icyphy/ptII/ptolemy/actor/lib/test/auto/PublisherTestSubscriber.xml (RunModel)" time="0.017" />
  <testcase classname="ptolemy.util.test.junit.AutoTests" name="[301] /home/travis/build/icyphy/ptII/ptolemy/actor/lib/test/auto/PublisherToplevelSubscriberPortAOC.xml (RunModel)" time="0.013" />
  <testcase classname="ptolemy.util.test.junit.AutoTests" name="[302] /home/travis/build/icyphy/ptII/ptolemy/actor/lib/test/auto/PulseFiringLimitDE.xml (RunModel)" time="0.015" />
  <testcase classname="ptolemy.util.test.junit.AutoTests" name="[303] /home/travis/build/icyphy/ptII/ptolemy/actor/lib/test/auto/Ramp1.xml (RunModel)" time="0.009" />
  <testcase classname="ptolemy.util.test.junit.AutoTests" name="[304] /home/travis/build/icyphy/ptII/ptolemy/actor/lib/test/auto/RampFiringLimitDE.xml (RunModel)" time="0.011" />
  <testcase classname="ptolemy.util.test.junit.AutoTests" name="[305] /home/travis/build/icyphy/ptII/ptolemy/actor/lib/test/auto/RampFiringLimitSDF.xml (RunModel)" time="0.011" />
  <testcase classname="ptolemy.util.test.junit.AutoTests" name="[306] /home/travis/build/icyphy/ptII/ptolemy/actor/lib/test/auto/RandomInteger.xml (RunModel)" time="0.008" />
  <testcase classname="ptolemy.util.test.junit.AutoTests" name="[307] /home/travis/build/icyphy/ptII/ptolemy/actor/lib/test/auto/ReadFile1.xml (RunModel)" time="0.009" />
  <testcase classname="ptolemy.util.test.junit.AutoTests" name="[308] /home/travis/build/icyphy/ptII/ptolemy/actor/lib/test/auto/ReadFile2.xml (RunModel)" time="0.008" />
  <testcase classname="ptolemy.util.test.junit.AutoTests" name="[309] /home/travis/build/icyphy/ptII/ptolemy/actor/lib/test/auto/Reader.xml (RunModel)" time="0.019" />
  <testcase classname="ptolemy.util.test.junit.AutoTests" name="[310] /home/travis/build/icyphy/ptII/ptolemy/actor/lib/test/auto/RecordAssemblerDisplayNameTest.xml (RunModel)" time="3.087" />
  <testcase classname="ptolemy.util.test.junit.AutoTests" name="[311] /home/travis/build/icyphy/ptII/ptolemy/actor/lib/test/auto/RecordAssemblerTypeError.xml (RunModel)" time="0.048" />
  <testcase classname="ptolemy.util.test.junit.AutoTests" name="[312] /home/travis/build/icyphy/ptII/ptolemy/actor/lib/test/auto/RecordDisassember.xml (RunModel)" time="0.01" />
  <testcase classname="ptolemy.util.test.junit.AutoTests" name="[313] /home/travis/build/icyphy/ptII/ptolemy/actor/lib/test/auto/RecordDisassemberDisplayNameTest.xml (RunModel)" time="0.018" />
  <testcase classname="ptolemy.util.test.junit.AutoTests" name="[314] /home/travis/build/icyphy/ptII/ptolemy/actor/lib/test/auto/RecordDisassembler.xml (RunModel)" time="0.009" />
  <testcase classname="ptolemy.util.test.junit.AutoTests" name="[315] /home/travis/build/icyphy/ptII/ptolemy/actor/lib/test/auto/RecordDisassembler2.xml (RunModel)" time="0.01" />
  <testcase classname="ptolemy.util.test.junit.AutoTests" name="[316] /home/travis/build/icyphy/ptII/ptolemy/actor/lib/test/auto/RecordUpdater.xml (RunModel)" time="0.009" />
  <testcase classname="ptolemy.util.test.junit.AutoTests" name="[317] /home/travis/build/icyphy/ptII/ptolemy/actor/lib/test/auto/RecordUpdater2.xml (RunModel)" time="0.009" />
  <testcase classname="ptolemy.util.test.junit.AutoTests" name="[318] /home/travis/build/icyphy/ptII/ptolemy/actor/lib/test/auto/RecursiveLattice.xml (RunModel)" time="0.009" />
  <testcase classname="ptolemy.util.test.junit.AutoTests" name="[319] /home/travis/build/icyphy/ptII/ptolemy/actor/lib/test/auto/Router.xml (RunModel)" time="3.029" />
  <testcase classname="ptolemy.util.test.junit.AutoTests" name="[320] /home/travis/build/icyphy/ptII/ptolemy/actor/lib/test/auto/Router2.xml (RunModel)" time="3.021" />
  <testcase classname="ptolemy.util.test.junit.AutoTests" name="[321] /home/travis/build/icyphy/ptII/ptolemy/actor/lib/test/auto/RunningMaximum.xml (RunModel)" time="0.018" />
  <testcase classname="ptolemy.util.test.junit.AutoTests" name="[322] /home/travis/build/icyphy/ptII/ptolemy/actor/lib/test/auto/RunningMinimum.xml (RunModel)" time="0.011" />
  <testcase classname="ptolemy.util.test.junit.AutoTests" name="[323] /home/travis/build/icyphy/ptII/ptolemy/actor/lib/test/auto/Scale.xml (RunModel)" time="0.008" />
  <testcase classname="ptolemy.util.test.junit.AutoTests" name="[324] /home/travis/build/icyphy/ptII/ptolemy/actor/lib/test/auto/Scale2.xml (RunModel)" time="0.01" />
  <testcase classname="ptolemy.util.test.junit.AutoTests" name="[325] /home/travis/build/icyphy/ptII/ptolemy/actor/lib/test/auto/Scale3.xml (RunModel)" time="0.014" />
  <testcase classname="ptolemy.util.test.junit.AutoTests" name="[326] /home/travis/build/icyphy/ptII/ptolemy/actor/lib/test/auto/ScaleArray.xml (RunModel)" time="0.008" />
  <testcase classname="ptolemy.util.test.junit.AutoTests" name="[327] /home/travis/build/icyphy/ptII/ptolemy/actor/lib/test/auto/ScaleArray2.xml (RunModel)" time="0.009" />
  <testcase classname="ptolemy.util.test.junit.AutoTests" name="[328] /home/travis/build/icyphy/ptII/ptolemy/actor/lib/test/auto/ScaleMatrix.xml (RunModel)" time="0.142" />
  <testcase classname="ptolemy.util.test.junit.AutoTests" name="[329] /home/travis/build/icyphy/ptII/ptolemy/actor/lib/test/auto/Select.xml (RunModel)" time="0.017" />
  <testcase classname="ptolemy.util.test.junit.AutoTests" name="[330] /home/travis/build/icyphy/ptII/ptolemy/actor/lib/test/auto/Select2.xml (RunModel)" time="0.011" />
  <testcase classname="ptolemy.util.test.junit.AutoTests" name="[331] /home/travis/build/icyphy/ptII/ptolemy/actor/lib/test/auto/SequenceToArray2.xml (RunModel)" time="0.113" />
  <testcase classname="ptolemy.util.test.junit.AutoTests" name="[332] /home/travis/build/icyphy/ptII/ptolemy/actor/lib/test/auto/SequentialClock.xml (RunModel)" time="0.009" />
  <testcase classname="ptolemy.util.test.junit.AutoTests" name="[333] /home/travis/build/icyphy/ptII/ptolemy/actor/lib/test/auto/SetVariable.xml (RunModel)" time="0.012" />
  <testcase classname="ptolemy.util.test.junit.AutoTests" name="[334] /home/travis/build/icyphy/ptII/ptolemy/actor/lib/test/auto/SetVariable2.xml (RunModel)" time="0.011" />
  <testcase classname="ptolemy.util.test.junit.AutoTests" name="[335] /home/travis/build/icyphy/ptII/ptolemy/actor/lib/test/auto/SetVariable3.xml (RunModel)" time="0.016" />
  <testcase classname="ptolemy.util.test.junit.AutoTests" name="[336] /home/travis/build/icyphy/ptII/ptolemy/actor/lib/test/auto/SetVariable4.xml (RunModel)" time="0.027" />
  <testcase classname="ptolemy.util.test.junit.AutoTests" name="[337] /home/travis/build/icyphy/ptII/ptolemy/actor/lib/test/auto/SetVariable5.xml (RunModel)" time="0.027" />
  <testcase classname="ptolemy.util.test.junit.AutoTests" name="[338] /home/travis/build/icyphy/ptII/ptolemy/actor/lib/test/auto/Sinewave.xml (RunModel)" time="0.028" />
  <testcase classname="ptolemy.util.test.junit.AutoTests" name="[339] /home/travis/build/icyphy/ptII/ptolemy/actor/lib/test/auto/Sinewave2.xml (RunModel)" time="0.021" />
  <testcase classname="ptolemy.util.test.junit.AutoTests" name="[340] /home/travis/build/icyphy/ptII/ptolemy/actor/lib/test/auto/Sinewave3.xml (RunModel)" time="0.021" />
  <testcase classname="ptolemy.util.test.junit.AutoTests" name="[341] /home/travis/build/icyphy/ptII/ptolemy/actor/lib/test/auto/SingleEvent.xml (RunModel)" time="0.007" />
  <testcase classname="ptolemy.util.test.junit.AutoTests" name="[342] /home/travis/build/icyphy/ptII/ptolemy/actor/lib/test/auto/Sleep.xml (RunModel)" time="6.014" />
  <testcase classname="ptolemy.util.test.junit.AutoTests" name="[343] /home/travis/build/icyphy/ptII/ptolemy/actor/lib/test/auto/SleepMultipleFire.xml (RunModel)" time="1.023" />
  <testcase classname="ptolemy.util.test.junit.AutoTests" name="[344] /home/travis/build/icyphy/ptII/ptolemy/actor/lib/test/auto/StopDE.xml (RunModel)" time="0.013" />
  <testcase classname="ptolemy.util.test.junit.AutoTests" name="[345] /home/travis/build/icyphy/ptII/ptolemy/actor/lib/test/auto/StopSDF.xml (RunModel)" time="0.013" />
  <testcase classname="ptolemy.util.test.junit.AutoTests" name="[346] /home/travis/build/icyphy/ptII/ptolemy/actor/lib/test/auto/StringConstant.xml (RunModel)" time="0.01" />
  <testcase classname="ptolemy.util.test.junit.AutoTests" name="[347] /home/travis/build/icyphy/ptII/ptolemy/actor/lib/test/auto/SubscriberPortInitialValues1.xml (RunModel)" time="0.017" />
  <testcase classname="ptolemy.util.test.junit.AutoTests" name="[348] /home/travis/build/icyphy/ptII/ptolemy/actor/lib/test/auto/SubscriberPortInitialValues13.xml (RunModel)" time="0.025" />
  <testcase classname="ptolemy.util.test.junit.AutoTests" name="[349] /home/travis/build/icyphy/ptII/ptolemy/actor/lib/test/auto/SubscriberPortInitialValues14.xml (RunModel)" time="0.021" />
  <testcase classname="ptolemy.util.test.junit.AutoTests" name="[350] /home/travis/build/icyphy/ptII/ptolemy/actor/lib/test/auto/SubscriberPortInitialValues2.xml (RunModel)" time="0.013" />
  <testcase classname="ptolemy.util.test.junit.AutoTests" name="[351] /home/travis/build/icyphy/ptII/ptolemy/actor/lib/test/auto/SubscriberPortInitialValues3.xml (RunModel)" time="0.014" />
  <testcase classname="ptolemy.util.test.junit.AutoTests" name="[352] /home/travis/build/icyphy/ptII/ptolemy/actor/lib/test/auto/SubscriptionAggregator.xml (RunModel)" time="0.008" />
  <testcase classname="ptolemy.util.test.junit.AutoTests" name="[353] /home/travis/build/icyphy/ptII/ptolemy/actor/lib/test/auto/SubscriptionAggregator2.xml (RunModel)" time="0.008" />
  <testcase classname="ptolemy.util.test.junit.AutoTests" name="[354] /home/travis/build/icyphy/ptII/ptolemy/actor/lib/test/auto/SubscriptionAggregator3.xml (RunModel)" time="0.011" />
  <testcase classname="ptolemy.util.test.junit.AutoTests" name="[355] /home/travis/build/icyphy/ptII/ptolemy/actor/lib/test/auto/SubscriptionAggregatorMultiply.xml (RunModel)" time="0.011" />
  <testcase classname="ptolemy.util.test.junit.AutoTests" name="[356] /home/travis/build/icyphy/ptII/ptolemy/actor/lib/test/auto/SubscriptionAggregatorPortMultiply1.xml (RunModel)" time="0.011" />
  <testcase classname="ptolemy.util.test.junit.AutoTests" name="[357] /home/travis/build/icyphy/ptII/ptolemy/actor/lib/test/auto/Switch.xml (RunModel)" time="0.01" />
  <testcase classname="ptolemy.util.test.junit.AutoTests" name="[358] /home/travis/build/icyphy/ptII/ptolemy/actor/lib/test/auto/Switch2.xml (RunModel)" time="0.011" />
  <testcase classname="ptolemy.util.test.junit.AutoTests" name="[359] /home/travis/build/icyphy/ptII/ptolemy/actor/lib/test/auto/SwitchDE.xml (RunModel)" time="0.009" />
  <testcase classname="ptolemy.util.test.junit.AutoTests" name="[360] /home/travis/build/icyphy/ptII/ptolemy/actor/lib/test/auto/SynchronizerDE.xml (RunModel)" time="0.014" />
  <testcase classname="ptolemy.util.test.junit.AutoTests" name="[361] /home/travis/build/icyphy/ptII/ptolemy/actor/lib/test/auto/Test.xml (RunModel)" time="0.007" />
  <testcase classname="ptolemy.util.test.junit.AutoTests" name="[362] /home/travis/build/icyphy/ptII/ptolemy/actor/lib/test/auto/TestExceptionAttribute1.xml (RunModel)" time="0.004" />
  <testcase classname="ptolemy.util.test.junit.AutoTests" name="[363] /home/travis/build/icyphy/ptII/ptolemy/actor/lib/test/auto/TestExceptionAttribute2.xml (RunModel)" time="0.006" />
  <testcase classname="ptolemy.util.test.junit.AutoTests" name="[364] /home/travis/build/icyphy/ptII/ptolemy/actor/lib/test/auto/TestExceptionAttribute3.xml (RunModel)" time="0.006" />
  <testcase classname="ptolemy.util.test.junit.AutoTests" name="[365] /home/travis/build/icyphy/ptII/ptolemy/actor/lib/test/auto/TestExceptionAttribute4.xml (RunModel)" time="0.008" />
  <testcase classname="ptolemy.util.test.junit.AutoTests" name="[366] /home/travis/build/icyphy/ptII/ptolemy/actor/lib/test/auto/TestExceptionHandler1.xml (RunModel)" time="0.007" />
  <testcase classname="ptolemy.util.test.junit.AutoTests" name="[367] /home/travis/build/icyphy/ptII/ptolemy/actor/lib/test/auto/TestExceptionHandler2.xml (RunModel)" time="0.012" />
  <testcase classname="ptolemy.util.test.junit.AutoTests" name="[368] /home/travis/build/icyphy/ptII/ptolemy/actor/lib/test/auto/TestExceptionHandler3.xml (RunModel)" time="0.007" />
  <testcase classname="ptolemy.util.test.junit.AutoTests" name="[369] /home/travis/build/icyphy/ptII/ptolemy/actor/lib/test/auto/TestExceptionHandler4.xml (RunModel)" time="0.007" />
  <testcase classname="ptolemy.util.test.junit.AutoTests" name="[370] /home/travis/build/icyphy/ptII/ptolemy/actor/lib/test/auto/TestRequireCorrectOrder.xml (RunModel)" time="0.011" />
  <testcase classname="ptolemy.util.test.junit.AutoTests" name="[371] /home/travis/build/icyphy/ptII/ptolemy/actor/lib/test/auto/TestSimple.xml (RunModel)" time="0.007" />
  <testcase classname="ptolemy.util.test.junit.AutoTests" name="[372] /home/travis/build/icyphy/ptII/ptolemy/actor/lib/test/auto/ThrowModelError.xml (RunModel)" time="0.011" />
  <testcase classname="ptolemy.util.test.junit.AutoTests" name="[373] /home/travis/build/icyphy/ptII/ptolemy/actor/lib/test/auto/TimeDelayMicrosteps.xml (RunModel)" time="0.014" />
  <testcase classname="ptolemy.util.test.junit.AutoTests" name="[374] /home/travis/build/icyphy/ptII/ptolemy/actor/lib/test/auto/TimeDelayMicrosteps2.xml (RunModel)" time="0.016" />
  <testcase classname="ptolemy.util.test.junit.AutoTests" name="[375] /home/travis/build/icyphy/ptII/ptolemy/actor/lib/test/auto/TimeDelayMicrosteps3.xml (RunModel)" time="0.013" />
  <testcase classname="ptolemy.util.test.junit.AutoTests" name="[376] /home/travis/build/icyphy/ptII/ptolemy/actor/lib/test/auto/TimeDelayVariableMicrosteps.xml (RunModel)" time="0.013" />
  <testcase classname="ptolemy.util.test.junit.AutoTests" name="[377] /home/travis/build/icyphy/ptII/ptolemy/actor/lib/test/auto/TimeGap.xml (RunModel)" time="0.012" />
  <testcase classname="ptolemy.util.test.junit.AutoTests" name="[378] /home/travis/build/icyphy/ptII/ptolemy/actor/lib/test/auto/TimeGap2.xml (RunModel)" time="0.01" />
  <testcase classname="ptolemy.util.test.junit.AutoTests" name="[379] /home/travis/build/icyphy/ptII/ptolemy/actor/lib/test/auto/TimedSinewave.xml (RunModel)" time="0.043" />
  <testcase classname="ptolemy.util.test.junit.AutoTests" name="[380] /home/travis/build/icyphy/ptII/ptolemy/actor/lib/test/auto/TimedSinewavePhase.xml (RunModel)" time="0.024" />
  <testcase classname="ptolemy.util.test.junit.AutoTests" name="[381] /home/travis/build/icyphy/ptII/ptolemy/actor/lib/test/auto/Timer.xml (RunModel)" time="0.014" />
  <testcase classname="ptolemy.util.test.junit.AutoTests" name="[382] /home/travis/build/icyphy/ptII/ptolemy/actor/lib/test/auto/TriangularDistTestModel.xml (RunModel)" time="0.015" />
  <testcase classname="ptolemy.util.test.junit.AutoTests" name="[383] /home/travis/build/icyphy/ptII/ptolemy/actor/lib/test/auto/TrigFunction.xml (RunModel)" time="0.009" />
  <testcase classname="ptolemy.util.test.junit.AutoTests" name="[384] /home/travis/build/icyphy/ptII/ptolemy/actor/lib/test/auto/TrigFunctionDE.xml (RunModel)" time="0.012" />
  <testcase classname="ptolemy.util.test.junit.AutoTests" name="[385] /home/travis/build/icyphy/ptII/ptolemy/actor/lib/test/auto/TrigFunctionInverse.xml (RunModel)" time="0.01" />
  <testcase classname="ptolemy.util.test.junit.AutoTests" name="[386] /home/travis/build/icyphy/ptII/ptolemy/actor/lib/test/auto/TrigFunctionTan.xml (RunModel)" time="0.007" />
  <testcase classname="ptolemy.util.test.junit.AutoTests" name="[387] /home/travis/build/icyphy/ptII/ptolemy/actor/lib/test/auto/TriggeredClock.xml (RunModel)" time="0.006" />
  <testcase classname="ptolemy.util.test.junit.AutoTests" name="[388] /home/travis/build/icyphy/ptII/ptolemy/actor/lib/test/auto/URLDirectoryReader.xml (RunModel)" time="0.076" />
  <testcase classname="ptolemy.util.test.junit.AutoTests" name="[389] /home/travis/build/icyphy/ptII/ptolemy/actor/lib/test/auto/URLDirectoryReader3.xml (RunModel)" time="1.219" />
  <testcase classname="ptolemy.util.test.junit.AutoTests" name="[390] /home/travis/build/icyphy/ptII/ptolemy/actor/lib/test/auto/UnaryMathFunction.xml (RunModel)" time="0.056" />
  <testcase classname="ptolemy.util.test.junit.AutoTests" name="[391] /home/travis/build/icyphy/ptII/ptolemy/actor/lib/test/auto/Uniform.xml (RunModel)" time="0.041" />
  <testcase classname="ptolemy.util.test.junit.AutoTests" name="[392] /home/travis/build/icyphy/ptII/ptolemy/actor/lib/test/auto/UnionDisassemblerTest.xml (RunModel)" time="0.028" />
  <testcase classname="ptolemy.util.test.junit.AutoTests" name="[393] /home/travis/build/icyphy/ptII/ptolemy/actor/lib/test/auto/UtilityFunctions.xml (RunModel)" time="0.034" />
  <testcase classname="ptolemy.util.test.junit.AutoTests" name="[394] /home/travis/build/icyphy/ptII/ptolemy/actor/lib/test/auto/VariableSleep.xml (RunModel)" time="0.538" />
  <testcase classname="ptolemy.util.test.junit.AutoTests" name="[395] /home/travis/build/icyphy/ptII/ptolemy/actor/lib/test/auto/VectorAssemblerDisassemblerCT.xml (RunModel)" time="0.129" />
  <testcase classname="ptolemy.util.test.junit.AutoTests" name="[396] /home/travis/build/icyphy/ptII/ptolemy/actor/lib/test/auto/VectorAssemblerDisassemblerDE.xml (RunModel)" time="0.013" />
  <testcase classname="ptolemy.util.test.junit.AutoTests" name="[397] /home/travis/build/icyphy/ptII/ptolemy/actor/lib/test/auto/VectorAssemblerDisassemblerSDF.xml (RunModel)" time="0.013" />
  <testcase classname="ptolemy.util.test.junit.AutoTests" name="[398] /home/travis/build/icyphy/ptII/ptolemy/actor/lib/test/auto/WallClockTime.xml (RunModel)" time="1.016" />
  <testcase classname="ptolemy.util.test.junit.AutoTests" name="[399] /home/travis/build/icyphy/ptII/ptolemy/actor/lib/test/auto/WidthTestWithSubscriberPublisher.xml (RunModel)" time="0.049" />
  <testcase classname="ptolemy.util.test.junit.AutoTests" name="[400] /home/travis/build/icyphy/ptII/ptolemy/actor/lib/test/auto/WidthTestWithSubscriberPublisher2.xml (RunModel)" time="0.015" />
  <testcase classname="ptolemy.util.test.junit.AutoTests" name="[401] /home/travis/build/icyphy/ptII/ptolemy/actor/lib/test/auto/WidthTestWithSubscriberPublisher3.xml (RunModel)" time="0.009" />
  <testcase classname="ptolemy.util.test.junit.AutoTests" name="[402] /home/travis/build/icyphy/ptII/ptolemy/actor/lib/test/auto/Writer.xml (RunModel)" time="0.007" />
  <testcase classname="ptolemy.util.test.junit.AutoTests" name="[403] /home/travis/build/icyphy/ptII/ptolemy/actor/lib/test/auto/array.xml (RunModel)" time="0.008" />
  <testcase classname="ptolemy.util.test.junit.AutoTests" name="[404] /home/travis/build/icyphy/ptII/ptolemy/actor/lib/test/auto/array2.xml (RunModel)" time="0.008" />
  <testcase classname="ptolemy.util.test.junit.AutoTests" name="[405] /home/travis/build/icyphy/ptII/ptolemy/actor/lib/test/auto/arrayType.xml (RunModel)" time="0.009" />
  <testcase classname="ptolemy.util.test.junit.AutoTests" name="[406] /home/travis/build/icyphy/ptII/ptolemy/actor/lib/test/auto/arrayType10.xml (RunModel)" time="0.008" />
  <testcase classname="ptolemy.util.test.junit.AutoTests" name="[407] /home/travis/build/icyphy/ptII/ptolemy/actor/lib/test/auto/arrayType11.xml (RunModel)" time="0.007" />
  <testcase classname="ptolemy.util.test.junit.AutoTests" name="[408] /home/travis/build/icyphy/ptII/ptolemy/actor/lib/test/auto/arrayType12.xml (RunModel)" time="0.009" />
  <testcase classname="ptolemy.util.test.junit.AutoTests" name="[409] /home/travis/build/icyphy/ptII/ptolemy/actor/lib/test/auto/arrayType13.xml (RunModel)" time="0.009" />
  <testcase classname="ptolemy.util.test.junit.AutoTests" name="[410] /home/travis/build/icyphy/ptII/ptolemy/actor/lib/test/auto/arrayType14.xml (RunModel)" time="0.008" />
  <testcase classname="ptolemy.util.test.junit.AutoTests" name="[411] /home/travis/build/icyphy/ptII/ptolemy/actor/lib/test/auto/arrayType15.xml (RunModel)" time="0.009" />
  <testcase classname="ptolemy.util.test.junit.AutoTests" name="[412] /home/travis/build/icyphy/ptII/ptolemy/actor/lib/test/auto/arrayType16.xml (RunModel)" time="0.008" />
  <testcase classname="ptolemy.util.test.junit.AutoTests" name="[413] /home/travis/build/icyphy/ptII/ptolemy/actor/lib/test/auto/arrayType17.xml (RunModel)" time="0.008" />
  <testcase classname="ptolemy.util.test.junit.AutoTests" name="[414] /home/travis/build/icyphy/ptII/ptolemy/actor/lib/test/auto/arrayType18.xml (RunModel)" time="0.008" />
  <testcase classname="ptolemy.util.test.junit.AutoTests" name="[415] /home/travis/build/icyphy/ptII/ptolemy/actor/lib/test/auto/arrayType19.xml (RunModel)" time="0.008" />
  <testcase classname="ptolemy.util.test.junit.AutoTests" name="[416] /home/travis/build/icyphy/ptII/ptolemy/actor/lib/test/auto/arrayType2.xml (RunModel)" time="0.009" />
  <testcase classname="ptolemy.util.test.junit.AutoTests" name="[417] /home/travis/build/icyphy/ptII/ptolemy/actor/lib/test/auto/arrayType20.xml (RunModel)" time="0.008" />
  <testcase classname="ptolemy.util.test.junit.AutoTests" name="[418] /home/travis/build/icyphy/ptII/ptolemy/actor/lib/test/auto/arrayType21.xml (RunModel)" time="0.008" />
  <testcase classname="ptolemy.util.test.junit.AutoTests" name="[419] /home/travis/build/icyphy/ptII/ptolemy/actor/lib/test/auto/arrayType22.xml (RunModel)" time="0.008" />
  <testcase classname="ptolemy.util.test.junit.AutoTests" name="[420] /home/travis/build/icyphy/ptII/ptolemy/actor/lib/test/auto/arrayType23.xml (RunModel)" time="0.008" />
  <testcase classname="ptolemy.util.test.junit.AutoTests" name="[421] /home/travis/build/icyphy/ptII/ptolemy/actor/lib/test/auto/arrayType24.xml (RunModel)" time="0.01" />
  <testcase classname="ptolemy.util.test.junit.AutoTests" name="[422] /home/travis/build/icyphy/ptII/ptolemy/actor/lib/test/auto/arrayType25.xml (RunModel)" time="0.009" />
  <testcase classname="ptolemy.util.test.junit.AutoTests" name="[423] /home/travis/build/icyphy/ptII/ptolemy/actor/lib/test/auto/arrayType26.xml (RunModel)" time="0.009" />
  <testcase classname="ptolemy.util.test.junit.AutoTests" name="[424] /home/travis/build/icyphy/ptII/ptolemy/actor/lib/test/auto/arrayType27.xml (RunModel)" time="0.01" />
  <testcase classname="ptolemy.util.test.junit.AutoTests" name="[425] /home/travis/build/icyphy/ptII/ptolemy/actor/lib/test/auto/arrayType28.xml (RunModel)" time="0.009" />
  <testcase classname="ptolemy.util.test.junit.AutoTests" name="[426] /home/travis/build/icyphy/ptII/ptolemy/actor/lib/test/auto/arrayType3.xml (RunModel)" time="0.009" />
  <testcase classname="ptolemy.util.test.junit.AutoTests" name="[427] /home/travis/build/icyphy/ptII/ptolemy/actor/lib/test/auto/arrayType4.xml (RunModel)" time="0.009" />
  <testcase classname="ptolemy.util.test.junit.AutoTests" name="[428] /home/travis/build/icyphy/ptII/ptolemy/actor/lib/test/auto/arrayType5.xml (RunModel)" time="0.01" />
  <testcase classname="ptolemy.util.test.junit.AutoTests" name="[429] /home/travis/build/icyphy/ptII/ptolemy/actor/lib/test/auto/arrayType6.xml (RunModel)" time="0.025" />
  <testcase classname="ptolemy.util.test.junit.AutoTests" name="[430] /home/travis/build/icyphy/ptII/ptolemy/actor/lib/test/auto/arrayType7.xml (RunModel)" time="0.011" />
  <testcase classname="ptolemy.util.test.junit.AutoTests" name="[431] /home/travis/build/icyphy/ptII/ptolemy/actor/lib/test/auto/arrayType8.xml (RunModel)" time="0.009" />
  <testcase classname="ptolemy.util.test.junit.AutoTests" name="[432] /home/travis/build/icyphy/ptII/ptolemy/actor/lib/test/auto/arrayType9.xml (RunModel)" time="0.007" />
  <testcase classname="ptolemy.util.test.junit.AutoTests" name="[433] /home/travis/build/icyphy/ptII/ptolemy/actor/lib/test/auto/cast.xml (RunModel)" time="0.009" />
  <testcase classname="ptolemy.util.test.junit.AutoTests" name="[434] /home/travis/build/icyphy/ptII/ptolemy/actor/lib/test/auto/compositeMultiPort.xml (RunModel)" time="0.015" />
  <testcase classname="ptolemy.util.test.junit.AutoTests" name="[435] /home/travis/build/icyphy/ptII/ptolemy/actor/lib/test/auto/expressionCastInference.xml (RunModel)" time="0.007" />
  <testcase classname="ptolemy.util.test.junit.AutoTests" name="[436] /home/travis/build/icyphy/ptII/ptolemy/actor/lib/test/auto/expressionCastInference2.xml (RunModel)" time="0.007" />
  <testcase classname="ptolemy.util.test.junit.AutoTests" name="[437] /home/travis/build/icyphy/ptII/ptolemy/actor/lib/test/auto/expressionInference.xml (RunModel)" time="0.006" />
  <testcase classname="ptolemy.util.test.junit.AutoTests" name="[438] /home/travis/build/icyphy/ptII/ptolemy/actor/lib/test/auto/expression_bug.xml (RunModel)" time="0.007" />
  <testcase classname="ptolemy.util.test.junit.AutoTests" name="[439] /home/travis/build/icyphy/ptII/ptolemy/actor/lib/test/auto/factorial.xml (RunModel)" time="0.042" />
  <testcase classname="ptolemy.util.test.junit.AutoTests" name="[440] /home/travis/build/icyphy/ptII/ptolemy/actor/lib/test/auto/filterTest1.xml (RunModel)" time="0.012" />
  <testcase classname="ptolemy.util.test.junit.AutoTests" name="[441] /home/travis/build/icyphy/ptII/ptolemy/actor/lib/test/auto/funcApplyInConst.xml (RunModel)" time="0.005" />
  <testcase classname="ptolemy.util.test.junit.AutoTests" name="[442] /home/travis/build/icyphy/ptII/ptolemy/actor/lib/test/auto/funcApplyInExpr.xml (RunModel)" time="0.005" />
  <testcase classname="ptolemy.util.test.junit.AutoTests" name="[443] /home/travis/build/icyphy/ptII/ptolemy/actor/lib/test/auto/function.xml (RunModel)" time="0.007" />
  <testcase classname="ptolemy.util.test.junit.AutoTests" name="[444] /home/travis/build/icyphy/ptII/ptolemy/actor/lib/test/auto/function2.xml (RunModel)" time="0.008" />
  <testcase classname="ptolemy.util.test.junit.AutoTests" name="[445] /home/travis/build/icyphy/ptII/ptolemy/actor/lib/test/auto/function3.xml (RunModel)" time="0.007" />
  <testcase classname="ptolemy.util.test.junit.AutoTests" name="[446] /home/travis/build/icyphy/ptII/ptolemy/actor/lib/test/auto/functionClosureTest1.xml (RunModel)" time="0.009" />
  <testcase classname="ptolemy.util.test.junit.AutoTests" name="[447] /home/travis/build/icyphy/ptII/ptolemy/actor/lib/test/auto/functionClosureTest2.xml (RunModel)" time="0.005" />
  <testcase classname="ptolemy.util.test.junit.AutoTests" name="[448] /home/travis/build/icyphy/ptII/ptolemy/actor/lib/test/auto/functionClosureTest3.xml (RunModel)" time="0.008" />
  <testcase classname="ptolemy.util.test.junit.AutoTests" name="[449] /home/travis/build/icyphy/ptII/ptolemy/actor/lib/test/auto/functionClosureTest4.xml (RunModel)" time="0.012" />
  <testcase classname="ptolemy.util.test.junit.AutoTests" name="[450] /home/travis/build/icyphy/ptII/ptolemy/actor/lib/test/auto/functionClosureTest5.xml (RunModel)" time="0.011" />
  <testcase classname="ptolemy.util.test.junit.AutoTests" name="[451] /home/travis/build/icyphy/ptII/ptolemy/actor/lib/test/auto/functionClosureTest6.xml (RunModel)" time="0.008" />
  <testcase classname="ptolemy.util.test.junit.AutoTests" name="[452] /home/travis/build/icyphy/ptII/ptolemy/actor/lib/test/auto/functionsOnArcs.xml (RunModel)" time="0.01" />
  <testcase classname="ptolemy.util.test.junit.AutoTests" name="[453] /home/travis/build/icyphy/ptII/ptolemy/actor/lib/test/auto/functionsOnArcsHOF.xml (RunModel)" time="0.01" />
  <testcase classname="ptolemy.util.test.junit.AutoTests" name="[454] /home/travis/build/icyphy/ptII/ptolemy/actor/lib/test/auto/logic.xml (RunModel)" time="0.015" />
  <testcase classname="ptolemy.util.test.junit.AutoTests" name="[455] /home/travis/build/icyphy/ptII/ptolemy/actor/lib/test/auto/matrixType.xml (RunModel)" time="0.008" />
  <testcase classname="ptolemy.util.test.junit.AutoTests" name="[456] /home/travis/build/icyphy/ptII/ptolemy/actor/lib/test/auto/matrixType10.xml (RunModel)" time="0.007" />
  <testcase classname="ptolemy.util.test.junit.AutoTests" name="[457] /home/travis/build/icyphy/ptII/ptolemy/actor/lib/test/auto/matrixType11.xml (RunModel)" time="0.007" />
  <testcase classname="ptolemy.util.test.junit.AutoTests" name="[458] /home/travis/build/icyphy/ptII/ptolemy/actor/lib/test/auto/matrixType12.xml (RunModel)" time="0.008" />
  <testcase classname="ptolemy.util.test.junit.AutoTests" name="[459] /home/travis/build/icyphy/ptII/ptolemy/actor/lib/test/auto/matrixType13.xml (RunModel)" time="0.007" />
  <testcase classname="ptolemy.util.test.junit.AutoTests" name="[460] /home/travis/build/icyphy/ptII/ptolemy/actor/lib/test/auto/matrixType14.xml (RunModel)" time="0.008" />
  <testcase classname="ptolemy.util.test.junit.AutoTests" name="[461] /home/travis/build/icyphy/ptII/ptolemy/actor/lib/test/auto/matrixType2.xml (RunModel)" time="0.008" />
  <testcase classname="ptolemy.util.test.junit.AutoTests" name="[462] /home/travis/build/icyphy/ptII/ptolemy/actor/lib/test/auto/matrixType3.xml (RunModel)" time="0.007" />
  <testcase classname="ptolemy.util.test.junit.AutoTests" name="[463] /home/travis/build/icyphy/ptII/ptolemy/actor/lib/test/auto/matrixType4.xml (RunModel)" time="0.007" />
  <testcase classname="ptolemy.util.test.junit.AutoTests" name="[464] /home/travis/build/icyphy/ptII/ptolemy/actor/lib/test/auto/matrixType5.xml (RunModel)" time="0.007" />
  <testcase classname="ptolemy.util.test.junit.AutoTests" name="[465] /home/travis/build/icyphy/ptII/ptolemy/actor/lib/test/auto/matrixType6.xml (RunModel)" time="0.007" />
  <testcase classname="ptolemy.util.test.junit.AutoTests" name="[466] /home/travis/build/icyphy/ptII/ptolemy/actor/lib/test/auto/matrixType7.xml (RunModel)" time="0.008" />
  <testcase classname="ptolemy.util.test.junit.AutoTests" name="[467] /home/travis/build/icyphy/ptII/ptolemy/actor/lib/test/auto/matrixType8.xml (RunModel)" time="0.008" />
  <testcase classname="ptolemy.util.test.junit.AutoTests" name="[468] /home/travis/build/icyphy/ptII/ptolemy/actor/lib/test/auto/matrixType9.xml (RunModel)" time="0.007" />
  <testcase classname="ptolemy.util.test.junit.AutoTests" name="[469] /home/travis/build/icyphy/ptII/ptolemy/actor/lib/test/auto/paraFunctest.xml (RunModel)" time="0.006" />
  <testcase classname="ptolemy.util.test.junit.AutoTests" name="[470] /home/travis/build/icyphy/ptII/ptolemy/actor/lib/test/auto/paraFunctest2.xml (RunModel)" time="0.007" />
  <testcase classname="ptolemy.util.test.junit.AutoTests" name="[471] /home/travis/build/icyphy/ptII/ptolemy/actor/lib/test/auto/parameterPassing.xml (RunModel)" time="0.007" />
  <testcase classname="ptolemy.util.test.junit.AutoTests" name="[472] /home/travis/build/icyphy/ptII/ptolemy/actor/lib/test/auto/record.xml (RunModel)" time="0.008" />
  <testcase classname="ptolemy.util.test.junit.AutoTests" name="[473] /home/travis/build/icyphy/ptII/ptolemy/actor/lib/test/auto/sizedarray1.xml (RunModel)" time="0.008" />
  <testcase classname="ptolemy.util.test.junit.AutoTests" name="[474] /home/travis/build/icyphy/ptII/ptolemy/actor/lib/test/auto/sizedarray2.xml (RunModel)" time="0.009" />
  <testcase classname="ptolemy.util.test.junit.AutoTests" name="[475] /home/travis/build/icyphy/ptII/ptolemy/actor/lib/test/auto/twoPublishers.xml (RunModel)" time="0.017" />
  <system-out><![CDATA[/home/travis/build/icyphy/ptII/ptolemy/actor/lib/test/AbsoluteValue.tcl
testDefs.tcl: setting time out to 9000 seconds at Wed Dec 05 02:54:42 UTC 2018
70 ms. Memory: 116224K Free: 106725K (92%)
4 ms. Memory: 116224K Free: 105530K (91%)
4 ms. Memory: 116224K Free: 104334K (90%)
4 ms. Memory: 116224K Free: 103729K (89%)
/home/travis/build/icyphy/ptII/ptolemy/actor/lib/test/AddSubtract.tcl
8 ms. Memory: 116224K Free: 101944K (88%)
5 ms. Memory: 116224K Free: 100725K (87%)
5 ms. Memory: 116224K Free: 100135K (86%)
6 ms. Memory: 116224K Free: 99546K (86%)
6 ms. Memory: 116224K Free: 98916K (85%)
10 ms. Memory: 116224K Free: 97729K (84%)
/home/travis/build/icyphy/ptII/ptolemy/actor/lib/test/Average.tcl
14 ms. Memory: 116224K Free: 96510K (83%)
5 ms. Memory: 116224K Free: 94701K (81%)
/home/travis/build/icyphy/ptII/ptolemy/actor/lib/test/Bernoulli.tcl
8 ms. Memory: 116224K Free: 93498K (80%)
1 ms. Memory: 116224K Free: 92892K (80%)
/home/travis/build/icyphy/ptII/ptolemy/actor/lib/test/Clock.tcl
preinitializing
resolving types
initializing
executing number 1
wrapping up
idle
23 ms. Memory: 116224K Free: 90518K (78%)
Completed execution with 5 iterations
preinitializing
resolving types
initializing
executing number 1
wrapping up
idle
7 ms. Memory: 116224K Free: 89889K (77%)
Completed execution with 5 iterations
preinitializing
resolving types
initializing
executing number 1
wrapping up
idle
3 ms. Memory: 116224K Free: 89299K (77%)
Completed execution with 5 iterations
/home/travis/build/icyphy/ptII/ptolemy/actor/lib/test/Commutator.tcl
11 ms. Memory: 116224K Free: 86924K (75%)
5 ms. Memory: 116224K Free: 86318K (74%)
8 ms. Memory: 116224K Free: 81529K (70%)
/home/travis/build/icyphy/ptII/ptolemy/actor/lib/test/Const.tcl
11 ms. Memory: 146944K Free: 139988K (95%)
3 ms. Memory: 146944K Free: 138776K (94%)
2 ms. Memory: 146944K Free: 138776K (94%)
2 ms. Memory: 146944K Free: 137563K (94%)
2 ms. Memory: 146944K Free: 137563K (94%)
20 ms. Memory: 146944K Free: 135170K (92%)
6 ms. Memory: 146944K Free: 133974K (91%)
15 ms. Memory: 146944K Free: 133974K (91%)
/home/travis/build/icyphy/ptII/ptolemy/actor/lib/test/CurrentTime.tcl
preinitializing
resolving types
initializing
executing number 1
wrapping up
idle
15 ms. Memory: 146944K Free: 131565K (90%)
Completed execution with 11 iterations
/home/travis/build/icyphy/ptII/ptolemy/actor/lib/test/DB.tcl
8 ms. Memory: 146944K Free: 129139K (88%)
5 ms. Memory: 146944K Free: 127942K (87%)
2 ms. Memory: 146944K Free: 127942K (87%)
/home/travis/build/icyphy/ptII/ptolemy/actor/lib/test/DiscreteRandomSource.tcl
preinitializing
resolving types
initializing
executing number 1
wrapping up
idle
9 ms. Memory: 146944K Free: 125549K (85%)
Completed execution with 4 iterations
preinitializing
resolving types
initializing
executing number 1
wrapping up
idle
10 ms. Memory: 146944K Free: 125549K (85%)
Completed execution with 4 iterations
preinitializing
resolving types
initializing
executing number 1
wrapping up
idle
3 ms. Memory: 146944K Free: 125549K (85%)
Completed execution with 4 iterations
preinitializing
resolving types
initializing
executing number 1
wrapping up
idle
9 ms. Memory: 146944K Free: 124352K (85%)
Completed execution with 4 iterations
preinitializing
resolving types
initializing
executing number 1
wrapping up
idle
4 ms. Memory: 146944K Free: 124352K (85%)
Completed execution with 4 iterations
/home/travis/build/icyphy/ptII/ptolemy/actor/lib/test/Distributor.tcl
9 ms. Memory: 146944K Free: 123156K (84%)
4 ms. Memory: 146944K Free: 121959K (83%)
StreamChangeRequest.changeExecuted(): <deleteEntity name="rec2"/> succeeded
StreamChangeRequest.changeExecuted(): <deleteRelation name="r2"/> succeeded
StreamChangeRequest.changeExecuted(): Record firings per iteration succeeded
5 ms. Memory: 146944K Free: 119566K (81%)
/home/travis/build/icyphy/ptII/ptolemy/actor/lib/test/Exit.tcl
Exit.tcl: this will print a message about Manager.exitAfterWrapup, which can be ignored.
6 ms. Memory: 146944K Free: 116559K (79%)
/home/travis/build/icyphy/ptII/ptolemy/actor/lib/test/Expression.tcl
14 ms. Memory: 146944K Free: 112937K (77%)
10 ms. Memory: 146944K Free: 112937K (77%)
2 ms. Memory: 146944K Free: 111740K (76%)
preinitializing
resolving types
initializing
executing number 1
wrapping up
idle
6 ms. Memory: 146944K Free: 110544K (75%)
Completed execution with 6 iterations
3 ms. Memory: 146944K Free: 109347K (74%)
3 ms. Memory: 146944K Free: 108151K (74%)
5 ms. Memory: 146944K Free: 106954K (73%)
4 ms. Memory: 146944K Free: 105758K (72%)
4 ms. Memory: 146944K Free: 104561K (71%)
/home/travis/build/icyphy/ptII/ptolemy/actor/lib/test/Gaussian.tcl
5 ms. Memory: 146944K Free: 103365K (70%)
sleeping 1 seconds: ...........................................................................................................................................................................................................................................................................................................................................................................................................................................................................................................................................................................................................................................................................................................................................................................................................................................................................................................................................................................................................................................................................................................................................................................................................................................................................................................................................................................................................................................................................................................................................................................................................................................................................................................................................................................................................................................................................................................................................................................................................................................................................................................................................................................................................................................................................................................................................................................................................................................................................................................................................................................................................................................................................................................................................................................................................................................................................................................................................................................................................................................................................................................................................................................................................................................................................................................................................................................................................................................................................................................................................................................................................................................................................................................................................................................................................................................................................................................................................................................................................................................................................................................................................................................................................................................................................................................................................................................................................................................................................................................................................................................................................................................................................................................................................................................................................................................................................................................................................................................................................................................................................................................................................................................................................................................................................................................................................................................................................................................................................................................................................................................................................................................................................................................................................................................................................................................................................................................................................................................................................................................................................................................................................................................................................................................................................................................................................................................................................................................................................................................................................................................................................................................................................................................................................................................................................................................................................................................................................................................................................................................................................................................................................................................................................................................................................................................................................................................................................................................................................................................................................................................................................................................................................................................................................................................................................................................................................................................................................................................................................................................................................................................................................................................................................................................................................................................................................................................................................................................................................................................................................................................................................................................................................................................................................................................................................................................................................................................................................................................................................................................................................................................................................................................................................................................................................................................................................................................................................................................................................................................................................................................................................................................................................................................................................................................................................................................................................................................................................................................................................................................................................................................................................................................................................................................................................................................................................................................................................................................................................................................................................................................................................................................................................................................................................................................................................................................................................................................................................................................................................................................................................................................................................................................................................................................................................................................................................................................................................................................................................................................................................................................................................................................................................................................................................................................................................................................................................................................................................................................................................................................................................................................................................................................................................................................................................................................................................................................................................................................................................................................................................................................................................................................................................................................................................................................................................................................................................................................................................................................................................................................................................................................................................................................................................................................................................................................................................................................................................................................................................................................................................................................................................................................................................................................................................................................................................................................................................................................................................................................................................................................................................................................................................................................................................................................................................................................................................................................................................................................................................................................................................................................................................................................................................................................................................................................................................................................................................................................................................................................................................................................................................................................................................................................................................................................................................................................................................................................................................................................................................................................................................................................................................................................................................................................................................................................................................................................................................................................................................................................................................................................................................................................................................................................................................................................................................................................................................................................................................................................................................................................................................................................................................................................................................................................................................................................................................................................................................................................................................................................................................................................................................................................................................................................................................................................................................................................................................................................................................................................................................................................................................................................................................................................................................................................................................................................................................................................................................................................................................................................................................................................................................................................................................................................................................................................................................................................................................................................................................................................................................................................................................................................................................................................................................................................................................................................................................................................................................................................................................................................................................................................................................................................................................................................................................................................................................................................................................................................................................................................................................................................................................................................................................................................................................................................................................................................................................................................................................................................................................................................................................................................................................................................................................................................................................................................................................................................................................................................................................................................................................................................................................................................................................................................................................................................................................................................................................................................................................................................................................................................................................................................................................................................................................................................................................................................................................................................................................................................................................................................................................................................................................................................................................................................................................................................................................................................................................................................................................................................................................................................................................................................................................................................................................................................................................................................................................................................................................................................................................................................................................................................................................................................................................................................................................................................................................................................................................................................................................................................................................................................................................................................................................................................................................................................................................................................................................................................................................................................................................................................................................................................................................................................................................................................................................................................................................................................................................................................................................................................................................................................................................................................................................................................................................................................................................................................................................................................................................................................................................................................................................................................................................................................................................................................................................................................................................................................................................................................................................................................................................................................................................................................................................................................................................................................................................................................................................................................................................................................................................................................................................................................................................................................................................................................................................................................................................................................................................................................................................................................................................................................................................................................................................................................................................................................................................................................................................................................................................................................................................................................................................................................................................................................................................................................................................................................................................................................................................................................................................................................................................................................................................................................................................................................................................................................................................................................................................................................................................................................................................................................................................................................................................................................................................................................................................................................................................................................................................................................................................................................................................................................................................................................................................................................................................................................................................................................................................................................................................................................................................................................................................................................................................................................................................................................................................................................................................................................................................................................................................................................................................................................................................................................................................................................................................................................................................................................................................................................................................................................................................................................................................................................................................................................................................................................................................................................................................................................................................................................................................................................................................................................................................................................................................................................................................................................................................................................................................................................................................................................................................................................................................................................................................................................................................................................................................................................................................................................................................................................................................4 ms. Memory: 208384K Free: 160294K (77%)
4 ms. Memory: 208384K Free: 157903K (76%)
2 ms. Memory: 208384K Free: 157903K (76%)
8 ms. Memory: 208384K Free: 157383K (76%)
2 ms. Memory: 208384K Free: 157383K (76%)
/home/travis/build/icyphy/ptII/ptolemy/actor/lib/test/IIR.tcl
/home/travis/build/icyphy/ptII/ptolemy/actor/lib/test/Interpolator.tcl
5 ms. Memory: 208384K Free: 152600K (73%)
3 ms. Memory: 208384K Free: 152600K (73%)
6 ms. Memory: 208384K Free: 150209K (72%)
2 ms. Memory: 208384K Free: 150209K (72%)
7 ms. Memory: 208384K Free: 150209K (72%)
6 ms. Memory: 208384K Free: 150209K (72%)
3 ms. Memory: 208384K Free: 147818K (71%)
2 ms. Memory: 208384K Free: 147818K (71%)
5 ms. Memory: 208384K Free: 145428K (70%)
2 ms. Memory: 208384K Free: 145428K (70%)
/home/travis/build/icyphy/ptII/ptolemy/actor/lib/test/MathFunction.tcl
7 ms. Memory: 208384K Free: 143037K (69%)
2 ms. Memory: 208384K Free: 143037K (69%)
2 ms. Memory: 208384K Free: 140646K (67%)
2 ms. Memory: 208384K Free: 140646K (67%)
4 ms. Memory: 208384K Free: 138255K (66%)
5 ms. Memory: 208384K Free: 138255K (66%)
/home/travis/build/icyphy/ptII/ptolemy/actor/lib/test/Maximum.tcl
4 ms. Memory: 208384K Free: 135864K (65%)
2 ms. Memory: 208384K Free: 133473K (64%)
2 ms. Memory: 208384K Free: 133473K (64%)
3 ms. Memory: 208384K Free: 133473K (64%)
/home/travis/build/icyphy/ptII/ptolemy/actor/lib/test/Minimum.tcl
5 ms. Memory: 208384K Free: 131082K (63%)
2 ms. Memory: 208384K Free: 131082K (63%)
2 ms. Memory: 208384K Free: 131082K (63%)
3 ms. Memory: 208384K Free: 128691K (62%)
/home/travis/build/icyphy/ptII/ptolemy/actor/lib/test/MultiplyDivide.tcl
10 ms. Memory: 208384K Free: 126301K (61%)
3 ms. Memory: 208384K Free: 126301K (61%)
2 ms. Memory: 208384K Free: 126301K (61%)
4 ms. Memory: 208384K Free: 126301K (61%)
2 ms. Memory: 208384K Free: 123910K (59%)
/home/travis/build/icyphy/ptII/ptolemy/actor/lib/test/OrderedMerge.tcl
Connections changed on port: inputA
Connections changed on port: inputB
Connections changed on port: output
Connections changed on port: output
Connections changed on port: output
Connections changed on port: input
.top. Preinitializing ...
Invoking preinitialize():  .top.OrderedMerge
Called preinitialize()
Invoking preinitialize():  .top.Ramp
Called preinitialize()
Invoking preinitialize():  .top.Ramp2
Called preinitialize()
Invoking preinitialize():  .top.Test
Called preinitialize()
Connections changed on port: inputA
Connections changed on port: output
Connections changed on port: inputB
Connections changed on port: output
Connections changed on port: output
Connections changed on port: input
.top. Finished preinitialize().
Called initialize().
Invoking initialize():  .top.OrderedMerge
Initializing actor: .top.OrderedMerge
Adding a thread: .top.OrderedMerge
Invoking initialize():  .top.Ramp
Initializing actor: .top.Ramp
Adding a thread: .top.Ramp
Invoking initialize():  .top.Ramp2
Initializing actor: .top.Ramp2
Adding a thread: .top.Ramp2
Invoking initialize():  .top.Test
Initializing actor: .top.Test
Adding a thread: .top.Test
-- Starting thread.
Called initialize()
Called prefire()
Called fire()
-- Starting thread.
Called initialize()
Called prefire()
Called fire()
Called postfire()
Called prefire()
Called fire()
-- Starting thread.
Called initialize()
Called prefire()
Called fire()
Called postfire()
Called prefire()
Called fire()
Called fire().
Checking for deadlock:
There are 3 Blocked actors, 0 Stopped actors, and 4 active threads.
Waiting for actors to stop.
-- Starting thread.
Called initialize()
Called prefire()
Called fire()
Checking for deadlock:
There are 2 Blocked actors, 0 Stopped actors, and 4 active threads.
Waiting for actors to stop.
Called postfire()
Called prefire()
Called fire()
Checking for deadlock:
There are 3 Blocked actors, 0 Stopped actors, and 4 active threads.
Waiting for actors to stop.
Read input token from inputA with value 0.0
Next port to read input from is inputB
Called postfire()
Called prefire()
Called fire()
Checking for deadlock:
There are 2 Blocked actors, 0 Stopped actors, and 4 active threads.
Waiting for actors to stop.
Called postfire()
Called prefire()
Called fire()
Checking for deadlock:
There are 3 Blocked actors, 0 Stopped actors, and 4 active threads.
Waiting for actors to stop.
Read input token from inputB with value 0.0
Checking for deadlock:
There are 2 Blocked actors, 0 Stopped actors, and 4 active threads.
Waiting for actors to stop.
Sent output token with value 0.0
-- Read input: 0.0, which is expected to match: 0.0
Next port to read input from is inputA
Called postfire()
Called prefire()
Called prefire()
Called fire()
Called fire()
Checking for deadlock:
There are 1 Blocked actors, 0 Stopped actors, and 4 active threads.
Waiting for actors to stop.
Checking for deadlock:
There are 2 Blocked actors, 0 Stopped actors, and 4 active threads.
Waiting for actors to stop.
Called postfire()
Read input token from inputA with value 1.0
Called prefire()
Called fire()
Checking for deadlock:
There are 2 Blocked actors, 0 Stopped actors, and 4 active threads.
Waiting for actors to stop.
Sent output token with value 0.0
-- Read input: 0.0, which is expected to match: 0.0
Called prefire()
Called fire()
Next port to read input from is inputB
Called postfire()
Called prefire()
Checking for deadlock:
There are 3 Blocked actors, 0 Stopped actors, and 4 active threads.
Waiting for actors to stop.
Called fire()
Called postfire()
Called prefire()
Called fire()
Checking for deadlock:
There are 3 Blocked actors, 0 Stopped actors, and 4 active threads.
Waiting for actors to stop.
Read input token from inputB with value 1.5
Sent output token with value 1.0
-- Read input: 1.0, which is expected to match: 1.0
Checking for deadlock:
There are 2 Blocked actors, 0 Stopped actors, and 4 active threads.
Called prefire()
Waiting for actors to stop.
Called fire()
Checking for deadlock:
There are 3 Blocked actors, 0 Stopped actors, and 4 active threads.
Waiting for actors to stop.
Next port to read input from is inputA
Called postfire()
Called prefire()
Called fire()
Checking for deadlock:
There are 2 Blocked actors, 0 Stopped actors, and 4 active threads.
Waiting for actors to stop.
Called postfire()
Read input token from inputA with value 2.0
Called prefire()
Called fire()
Checking for deadlock:
There are 2 Blocked actors, 0 Stopped actors, and 4 active threads.
Waiting for actors to stop.
Sent output token with value 1.5
-- Read input: 1.5, which is expected to match: 1.5
Called prefire()
Called fire()
Checking for deadlock:
There are 3 Blocked actors, 0 Stopped actors, and 4 active threads.
Waiting for actors to stop.
Next port to read input from is inputB
Called postfire()
Called prefire()
Called fire()
Checking for deadlock:
There are 2 Blocked actors, 0 Stopped actors, and 4 active threads.
Waiting for actors to stop.
Called postfire()
Called prefire()
Called fire()
Checking for deadlock:
There are 3 Blocked actors, 0 Stopped actors, and 4 active threads.
Waiting for actors to stop.
Read input token from inputB with value 3.0
Checking for deadlock:
There are 2 Blocked actors, 0 Stopped actors, and 4 active threads.
Waiting for actors to stop.
Sent output token with value 2.0
-- Read input: 2.0, which is expected to match: 2.0
Next port to read input from is inputA
Called postfire()
Called prefire()
Called prefire()
Called fire()
Called fire()
Read input token from inputA with value 3.0
Called postfire()
Checking for deadlock:
There are 2 Blocked actors, 0 Stopped actors, and 4 active threads.
Waiting for actors to stop.
Called prefire()
Called fire()
Checking for deadlock:
There are 1 Blocked actors, 0 Stopped actors, and 4 active threads.
Waiting for actors to stop.
Sent output token with value 3.0
-- Read input: 3.0, which is expected to match: 3.0
Called prefire()
Called fire()
Next port to read input from is inputB
Called postfire()
Called prefire()
Called fire()
Called postfire()
Called prefire()
Called fire()
Checking for deadlock:
There are 3 Blocked actors, 0 Stopped actors, and 4 active threads.
Waiting for actors to stop.
Read input token from inputB with value 4.5
Checking for deadlock:
There are 2 Blocked actors, 0 Stopped actors, and 4 active threads.
Waiting for actors to stop.
Sent output token with value 3.0
-- Read input: 3.0, which is expected to match: 3.0
Next port to read input from is inputA
Called postfire()
Called prefire()
Called prefire()
Called fire()
Called fire()
Checking for deadlock:
There are 2 Blocked actors, 0 Stopped actors, and 4 active threads.
Waiting for actors to stop.
Read input token from inputA with value 4.0
Called postfire()
Called prefire()
Called fire()
Sent output token with value 4.0
Next port to read input from is inputA
Called postfire()
Checking for deadlock:
-- Read input: 4.0, which is expected to match: 4.0
Called prefire()
There are 2 Blocked actors, 0 Stopped actors, and 4 active threads.
Called prefire()
Waiting for actors to stop.
Called fire()
Past the end of training data. Read and discard all inputs.
Called fire()
Checking for deadlock:
There are 3 Blocked actors, 0 Stopped actors, and 4 active threads.
Waiting for actors to stop.
Checking for deadlock:
There are 2 Blocked actors, 0 Stopped actors, and 4 active threads.
Called postfire()
Waiting for actors to stop.
Called prefire()
Called fire()
Read input token from inputA with value 5.0
Checking for deadlock:
There are 2 Blocked actors, 0 Stopped actors, and 4 active threads.
Waiting for actors to stop.
Sent output token with value 4.5
Called prefire()
Called fire()
Past the end of training data. Read and discard all inputs.
Checking for deadlock:
There are 3 Blocked actors, 0 Stopped actors, and 4 active threads.
Waiting for actors to stop.
Next port to read input from is inputB
Called postfire()
Called prefire()
Called fire()
Checking for deadlock:
There are 2 Blocked actors, 0 Stopped actors, and 4 active threads.
Waiting for actors to stop.
Called postfire()
Called prefire()
Called fire()
Checking for deadlock:
There are 3 Blocked actors, 0 Stopped actors, and 4 active threads.
Waiting for actors to stop.
Read input token from inputB with value 6.0
Checking for deadlock:
There are 2 Blocked actors, 0 Stopped actors, and 4 active threads.
Waiting for actors to stop.
Sent output token with value 5.0
Called prefire()
Called fire()
Past the end of training data. Read and discard all inputs.
Next port to read input from is inputA
Checking for deadlock:
There are 3 Blocked actors, 0 Stopped actors, and 4 active threads.
Waiting for actors to stop.
Called postfire()
Called prefire()
Called fire()
Checking for deadlock:
There are 2 Blocked actors, 0 Stopped actors, and 4 active threads.
Waiting for actors to stop.
Read input token from inputA with value 6.0
Called postfire()
Called prefire()
Called fire()
Checking for deadlock:
There are 3 Blocked actors, 0 Stopped actors, and 4 active threads.
Waiting for actors to stop.
Checking for deadlock:
There are 2 Blocked actors, 0 Stopped actors, and 4 active threads.
Waiting for actors to stop.
Sent output token with value 6.0
Called prefire()
Called fire()
Past the end of training data. Read and discard all inputs.
Next port to read input from is inputB
Checking for deadlock:
There are 3 Blocked actors, 0 Stopped actors, and 4 active threads.
Waiting for actors to stop.
Called postfire()
Called prefire()
Called fire()
Called postfire()
Called prefire()
Called fire()
Checking for deadlock:
There are 3 Blocked actors, 0 Stopped actors, and 4 active threads.
Waiting for actors to stop.
Read input token from inputB with value 7.5
Checking for deadlock:
There are 2 Blocked actors, 0 Stopped actors, and 4 active threads.
Called prefire()
Sent output token with value 6.0
Called fire()
Past the end of training data. Read and discard all inputs.
Waiting for actors to stop.
Checking for deadlock:
There are 3 Blocked actors, 0 Stopped actors, and 4 active threads.
Waiting for actors to stop.
Next port to read input from is inputA
Called postfire()
Called prefire()
Called fire()
Checking for deadlock:
There are 2 Blocked actors, 0 Stopped actors, and 4 active threads.
Waiting for actors to stop.
Called postfire()
Read input token from inputA with value 7.0
Called prefire()
Called fire()
Sent output token with value 7.0
Called prefire()
Called fire()
Checking for deadlock:
Past the end of training data. Read and discard all inputs.
There are 2 Blocked actors, 0 Stopped actors, and 4 active threads.
Waiting for actors to stop.
Next port to read input from is inputA
Checking for deadlock:
There are 3 Blocked actors, 0 Stopped actors, and 4 active threads.
Waiting for actors to stop.
Called postfire()
Called prefire()
Called fire()
Checking for deadlock:
There are 2 Blocked actors, 0 Stopped actors, and 4 active threads.
Waiting for actors to stop.
Read input token from inputA with value 8.0
-- Thread wrapup() called.
Called wrapup()
Sent output token with value 7.5
Thread .top.Ramp is exiting.
-- Thread stopped.
Next port to read input from is inputB
Called postfire()
Called prefire()
Called fire()
Read input token from inputB with value 9.0
Called prefire()
Called fire()
Past the end of training data. Read and discard all inputs.
Checking for deadlock:
There are 1 Blocked actors, 0 Stopped actors, and 3 active threads.
Waiting for actors to stop.
Called postfire()
Called prefire()
Called fire()
Checking for deadlock:
There are 2 Blocked actors, 0 Stopped actors, and 3 active threads.
Waiting for actors to stop.
Called prefire()
Called fire()
Sent output token with value 8.0
Past the end of training data. Read and discard all inputs.
Checking for deadlock:
There are 2 Blocked actors, 0 Stopped actors, and 3 active threads.
Next port to read input from is inputA
Waiting for actors to stop.
Called postfire()
Called prefire()
Called fire()
Read input token from inputA with value 9.0
Checking for deadlock:
There are 1 Blocked actors, 0 Stopped actors, and 3 active threads.
Waiting for actors to stop.
Sent output token with value 9.0
Called prefire()
Called fire()
Past the end of training data. Read and discard all inputs.
Next port to read input from is inputB
Called postfire()
Checking for deadlock:
Called prefire()
There are 2 Blocked actors, 0 Stopped actors, and 3 active threads.
Called fire()
Waiting for actors to stop.
Checking for deadlock:
There are 1 Blocked actors, 0 Stopped actors, and 3 active threads.
Called postfire()
Called prefire()
Waiting for actors to stop.
Called fire()
Checking for deadlock:
There are 2 Blocked actors, 0 Stopped actors, and 3 active threads.
Waiting for actors to stop.
Read input token from inputB with value 10.5
Checking for deadlock:
There are 1 Blocked actors, 0 Stopped actors, and 3 active threads.
Sent output token with value 9.0
Waiting for actors to stop.
Called prefire()
Called fire()
Past the end of training data. Read and discard all inputs.
Next port to read input from is inputA
Called postfire()
Called prefire()
Checking for deadlock:
There are 2 Blocked actors, 0 Stopped actors, and 3 active threads.
Waiting for actors to stop.
Called fire()
Checking for deadlock:
There are 3 Blocked actors, 0 Stopped actors, and 3 active threads.
Actors have stopped.
Checking for deadlock:
There are 3 Blocked actors, 0 Stopped actors, and 3 active threads.
Deadlock detected.
Resolving Deadlock
Checking for deadlock:
There are 3 Blocked actors, 0 Stopped actors, and 3 active threads.
Artificial Deadlock - increasing queue capacity.
increasing the capacity of receiver ptolemy.actor.TypedIOPort {.top.OrderedMerge.inputB} to 2
Director: Called postfire().
Called postfire().
_stopRequested = false
_stopFireRequested = false
Returning from postfire(): true
-- Thread wrapup() called.
Called wrapup()
Called fire().
Checking for deadlock:
There are 2 Blocked actors, 0 Stopped actors, and 3 active threads.
Waiting for actors to stop.
Thread .top.Ramp2 is exiting.
-- Thread stopped.
Checking for deadlock:
There are 2 Blocked actors, 0 Stopped actors, and 2 active threads.
Actors have stopped.
Checking for deadlock:
There are 2 Blocked actors, 0 Stopped actors, and 2 active threads.
Deadlock detected.
Resolving Deadlock
Checking for deadlock:
There are 2 Blocked actors, 0 Stopped actors, and 2 active threads.
Deadlock detected: no processes blocked on write, but some are blocked on read.
Called postfire().
_stopRequested = false
_stopFireRequested = false
Returning from postfire(): false
Finished deactivating branches.
Called wrapup().
-- Thread wrapup() called.
Called wrapup()
-- Thread wrapup() called.
Thread .top.OrderedMerge is exiting.
Called wrapup()
-- Thread stopped.
Thread .top.Test is exiting.
-- Blocked Receiver call threw TerminateProcessException.
40 ms. Memory: 208384K Free: 116604K (56%)
-- Thread stopped.
-- Blocked Receiver call threw TerminateProcessException.
.top. Preinitializing ...
Invoking preinitialize():  .top.OrderedMerge
Called preinitialize()
Invoking preinitialize():  .top.Ramp
Called preinitialize()
Invoking preinitialize():  .top.Ramp2
Called preinitialize()
Invoking preinitialize():  .top.Test
Called preinitialize()
.top. Finished preinitialize().
Called initialize().
Invoking initialize():  .top.OrderedMerge
Initializing actor: .top.OrderedMerge
Adding a thread: .top.OrderedMerge
Invoking initialize():  .top.Ramp
Initializing actor: .top.Ramp
Adding a thread: .top.Ramp
Invoking initialize():  .top.Ramp2
Initializing actor: .top.Ramp2
Adding a thread: .top.Ramp2
Invoking initialize():  .top.Test
Initializing actor: .top.Test
Adding a thread: .top.Test
-- Starting thread.
Called initialize()
Called prefire()
Called fire()
-- Starting thread.
Called initialize()
Called prefire()
Called fire()
Called postfire()
Called prefire()
Called fire()
-- Starting thread.
Called initialize()
Called prefire()
Called fire()
Called postfire()
Called prefire()
Called fire()
Called fire().
Checking for deadlock:
There are 3 Blocked actors, 0 Stopped actors, and 4 active threads.
Waiting for actors to stop.
-- Starting thread.
Called initialize()
Called prefire()
Called fire()
Checking for deadlock:
There are 2 Blocked actors, 0 Stopped actors, and 4 active threads.
Waiting for actors to stop.
Called postfire()
Called prefire()
Called fire()
Checking for deadlock:
There are 3 Blocked actors, 0 Stopped actors, and 4 active threads.
Waiting for actors to stop.
Read input token from inputA with value 0.0
Next port to read input from is inputB
Called postfire()
Called prefire()
Called fire()
Checking for deadlock:
There are 2 Blocked actors, 0 Stopped actors, and 4 active threads.
Waiting for actors to stop.
Called postfire()
Called prefire()
Called fire()
Checking for deadlock:
There are 3 Blocked actors, 0 Stopped actors, and 4 active threads.
Waiting for actors to stop.
Read input token from inputB with value 0.0
Sent output token with value 0.0
Next port to read input from is inputA
Called postfire()
Called prefire()
Called fire()
Read input token from inputA with value 1.0
Checking for deadlock:
There are 2 Blocked actors, 0 Stopped actors, and 4 active threads.
Waiting for actors to stop.
-- Read input: 0.0, which is expected to match: 0.0
Called prefire()
Called fire()
Checking for deadlock:
There are 2 Blocked actors, 0 Stopped actors, and 4 active threads.
Waiting for actors to stop.
Called postfire()
Called prefire()
Called fire()
Checking for deadlock:
There are 3 Blocked actors, 0 Stopped actors, and 4 active threads.
Waiting for actors to stop.
-- Read input: 0.0, which is expected to match: 0.0
Called prefire()
Called fire()
Checking for deadlock:
There are 3 Blocked actors, 0 Stopped actors, and 4 active threads.
Waiting for actors to stop.
Sent output token with value 0.0
Next port to read input from is inputB
Called postfire()
Called prefire()
Called fire()
Checking for deadlock:
There are 2 Blocked actors, 0 Stopped actors, and 4 active threads.
Waiting for actors to stop.
Called postfire()
Called prefire()
Called fire()
Checking for deadlock:
There are 3 Blocked actors, 0 Stopped actors, and 4 active threads.
Waiting for actors to stop.
Read input token from inputB with value 1.5
Checking for deadlock:
There are 2 Blocked actors, 0 Stopped actors, and 4 active threads.
Waiting for actors to stop.
-- Read input: 1.0, which is expected to match: 1.0
Called prefire()
Called fire()
Checking for deadlock:
There are 3 Blocked actors, 0 Stopped actors, and 4 active threads.
Waiting for actors to stop.
Sent output token with value 1.0
Next port to read input from is inputA
Called postfire()
Called prefire()
Called fire()
Checking for deadlock:
There are 2 Blocked actors, 0 Stopped actors, and 4 active threads.
Waiting for actors to stop.
Called postfire()
Called prefire()
Called fire()
Checking for deadlock:
There are 3 Blocked actors, 0 Stopped actors, and 4 active threads.
Waiting for actors to stop.
Read input token from inputA with value 2.0
Checking for deadlock:
There are 2 Blocked actors, 0 Stopped actors, and 4 active threads.
Waiting for actors to stop.
-- Read input: 1.5, which is expected to match: 1.5
Called prefire()
Called fire()
Checking for deadlock:
There are 3 Blocked actors, 0 Stopped actors, and 4 active threads.
Waiting for actors to stop.
Sent output token with value 1.5
Next port to read input from is inputB
Called postfire()
Called prefire()
Called fire()
Checking for deadlock:
There are 2 Blocked actors, 0 Stopped actors, and 4 active threads.
Waiting for actors to stop.
Called postfire()
Called prefire()
Called fire()
Checking for deadlock:
There are 3 Blocked actors, 0 Stopped actors, and 4 active threads.
Waiting for actors to stop.
Read input token from inputB with value 3.0
Checking for deadlock:
There are 2 Blocked actors, 0 Stopped actors, and 4 active threads.
Waiting for actors to stop.
-- Read input: 2.0, which is expected to match: 2.0
Called prefire()
Called fire()
Checking for deadlock:
There are 3 Blocked actors, 0 Stopped actors, and 4 active threads.
Waiting for actors to stop.
Sent output token with value 2.0
Next port to read input from is inputA
Called postfire()
Called prefire()
Called fire()
Checking for deadlock:
There are 2 Blocked actors, 0 Stopped actors, and 4 active threads.
Waiting for actors to stop.
Called postfire()
Called prefire()
Called fire()
Checking for deadlock:
There are 3 Blocked actors, 0 Stopped actors, and 4 active threads.
Waiting for actors to stop.
Read input token from inputA with value 3.0
Checking for deadlock:
There are 2 Blocked actors, 0 Stopped actors, and 4 active threads.
Waiting for actors to stop.
-- Read input: 3.0, which is expected to match: 3.0
Called prefire()
Called fire()
Checking for deadlock:
There are 3 Blocked actors, 0 Stopped actors, and 4 active threads.
Waiting for actors to stop.
Sent output token with value 3.0
Next port to read input from is inputB
Called postfire()
Called prefire()
Called fire()
Checking for deadlock:
There are 2 Blocked actors, 0 Stopped actors, and 4 active threads.
Waiting for actors to stop.
Called postfire()
Called prefire()
Called fire()
Checking for deadlock:
There are 3 Blocked actors, 0 Stopped actors, and 4 active threads.
Waiting for actors to stop.
Read input token from inputB with value 4.5
Checking for deadlock:
There are 2 Blocked actors, 0 Stopped actors, and 4 active threads.
Waiting for actors to stop.
-- Read input: 3.0, which is expected to match: 3.0
Called prefire()
Called fire()
Checking for deadlock:
There are 3 Blocked actors, 0 Stopped actors, and 4 active threads.
Waiting for actors to stop.
Sent output token with value 3.0
Next port to read input from is inputA
Called postfire()
Called prefire()
Called fire()
Checking for deadlock:
There are 2 Blocked actors, 0 Stopped actors, and 4 active threads.
Waiting for actors to stop.
Called postfire()
Called prefire()
Called fire()
Checking for deadlock:
There are 3 Blocked actors, 0 Stopped actors, and 4 active threads.
Waiting for actors to stop.
Read input token from inputA with value 4.0
Checking for deadlock:
There are 2 Blocked actors, 0 Stopped actors, and 4 active threads.
Waiting for actors to stop.
-- Read input: 4.0, which is expected to match: 4.0
Called prefire()
Called fire()
Past the end of training data. Read and discard all inputs.
Checking for deadlock:
There are 3 Blocked actors, 0 Stopped actors, and 4 active threads.
Waiting for actors to stop.
Sent output token with value 4.0
Next port to read input from is inputA
Called postfire()
Called prefire()
Called fire()
Checking for deadlock:
There are 2 Blocked actors, 0 Stopped actors, and 4 active threads.
Waiting for actors to stop.
Called postfire()
Called prefire()
Called fire()
Checking for deadlock:
There are 3 Blocked actors, 0 Stopped actors, and 4 active threads.
Waiting for actors to stop.
Read input token from inputA with value 5.0
Checking for deadlock:
There are 2 Blocked actors, 0 Stopped actors, and 4 active threads.
Waiting for actors to stop.
Called prefire()
Called fire()
Past the end of training data. Read and discard all inputs.
Checking for deadlock:
There are 3 Blocked actors, 0 Stopped actors, and 4 active threads.
Waiting for actors to stop.
Sent output token with value 4.5
Next port to read input from is inputB
Called postfire()
Called prefire()
Called fire()
Checking for deadlock:
There are 2 Blocked actors, 0 Stopped actors, and 4 active threads.
Waiting for actors to stop.
Called postfire()
Called prefire()
Called fire()
Checking for deadlock:
There are 3 Blocked actors, 0 Stopped actors, and 4 active threads.
Waiting for actors to stop.
Read input token from inputB with value 6.0
Checking for deadlock:
There are 2 Blocked actors, 0 Stopped actors, and 4 active threads.
Waiting for actors to stop.
Called prefire()
Called fire()
Past the end of training data. Read and discard all inputs.
Checking for deadlock:
There are 3 Blocked actors, 0 Stopped actors, and 4 active threads.
Waiting for actors to stop.
Sent output token with value 5.0
Next port to read input from is inputA
Called postfire()
Called prefire()
Called fire()
Checking for deadlock:
There are 2 Blocked actors, 0 Stopped actors, and 4 active threads.
Waiting for actors to stop.
Called postfire()
Called prefire()
Called fire()
Checking for deadlock:
There are 3 Blocked actors, 0 Stopped actors, and 4 active threads.
Waiting for actors to stop.
Read input token from inputA with value 6.0
Checking for deadlock:
There are 2 Blocked actors, 0 Stopped actors, and 4 active threads.
Waiting for actors to stop.
Called prefire()
Called fire()
Past the end of training data. Read and discard all inputs.
Checking for deadlock:
There are 3 Blocked actors, 0 Stopped actors, and 4 active threads.
Waiting for actors to stop.
Sent output token with value 6.0
Next port to read input from is inputB
Called postfire()
Called prefire()
Called fire()
Checking for deadlock:
There are 2 Blocked actors, 0 Stopped actors, and 4 active threads.
Waiting for actors to stop.
Called postfire()
Called prefire()
Called fire()
Checking for deadlock:
There are 3 Blocked actors, 0 Stopped actors, and 4 active threads.
Waiting for actors to stop.
Read input token from inputB with value 7.5
Checking for deadlock:
There are 2 Blocked actors, 0 Stopped actors, and 4 active threads.
Waiting for actors to stop.
Called prefire()
Called fire()
Past the end of training data. Read and discard all inputs.
Checking for deadlock:
There are 3 Blocked actors, 0 Stopped actors, and 4 active threads.
Waiting for actors to stop.
Sent output token with value 6.0
Next port to read input from is inputA
Called postfire()
Called prefire()
Called fire()
Checking for deadlock:
There are 2 Blocked actors, 0 Stopped actors, and 4 active threads.
Waiting for actors to stop.
Called postfire()
Called prefire()
Called fire()
Checking for deadlock:
There are 3 Blocked actors, 0 Stopped actors, and 4 active threads.
Waiting for actors to stop.
Read input token from inputA with value 7.0
Checking for deadlock:
There are 2 Blocked actors, 0 Stopped actors, and 4 active threads.
Waiting for actors to stop.
Called prefire()
Called fire()
Past the end of training data. Read and discard all inputs.
Checking for deadlock:
There are 3 Blocked actors, 0 Stopped actors, and 4 active threads.
Waiting for actors to stop.
Sent output token with value 7.0
Next port to read input from is inputA
Called postfire()
Called prefire()
Called fire()
Checking for deadlock:
There are 2 Blocked actors, 0 Stopped actors, and 4 active threads.
Waiting for actors to stop.
-- Thread wrapup() called.
Called wrapup()
Thread .top.Ramp is exiting.
Checking for deadlock:
There are 2 Blocked actors, 0 Stopped actors, and 3 active threads.
Waiting for actors to stop.
-- Thread stopped.
Read input token from inputA with value 8.0
Checking for deadlock:
There are 1 Blocked actors, 0 Stopped actors, and 3 active threads.
Waiting for actors to stop.
Called prefire()
Called fire()
Past the end of training data. Read and discard all inputs.
Checking for deadlock:
There are 2 Blocked actors, 0 Stopped actors, and 3 active threads.
Waiting for actors to stop.
Sent output token with value 7.5
Next port to read input from is inputB
Called postfire()
Called prefire()
Called fire()
Checking for deadlock:
There are 1 Blocked actors, 0 Stopped actors, and 3 active threads.
Waiting for actors to stop.
Called postfire()
Called prefire()
Called fire()
Checking for deadlock:
There are 2 Blocked actors, 0 Stopped actors, and 3 active threads.
Waiting for actors to stop.
Read input token from inputB with value 9.0
Checking for deadlock:
There are 1 Blocked actors, 0 Stopped actors, and 3 active threads.
Waiting for actors to stop.
Called prefire()
Called fire()
Past the end of training data. Read and discard all inputs.
Checking for deadlock:
There are 2 Blocked actors, 0 Stopped actors, and 3 active threads.
Waiting for actors to stop.
Sent output token with value 8.0
Next port to read input from is inputA
Called postfire()
Called prefire()
Called fire()
Read input token from inputA with value 9.0
Checking for deadlock:
There are 1 Blocked actors, 0 Stopped actors, and 3 active threads.
Waiting for actors to stop.
Called prefire()
Called fire()
Past the end of training data. Read and discard all inputs.
Checking for deadlock:
There are 2 Blocked actors, 0 Stopped actors, and 3 active threads.
Waiting for actors to stop.
Sent output token with value 9.0
Next port to read input from is inputB
Called postfire()
Called prefire()
Called fire()
Checking for deadlock:
There are 1 Blocked actors, 0 Stopped actors, and 3 active threads.
Waiting for actors to stop.
Called postfire()
Called prefire()
Called fire()
Checking for deadlock:
There are 2 Blocked actors, 0 Stopped actors, and 3 active threads.
Waiting for actors to stop.
Read input token from inputB with value 10.5
Checking for deadlock:
There are 1 Blocked actors, 0 Stopped actors, and 3 active threads.
Waiting for actors to stop.
Called prefire()
Called fire()
Past the end of training data. Read and discard all inputs.
Checking for deadlock:
There are 2 Blocked actors, 0 Stopped actors, and 3 active threads.
Waiting for actors to stop.
Sent output token with value 9.0
Next port to read input from is inputA
Called postfire()
Called prefire()
Called fire()
Checking for deadlock:
There are 3 Blocked actors, 0 Stopped actors, and 3 active threads.
Actors have stopped.
Checking for deadlock:
There are 3 Blocked actors, 0 Stopped actors, and 3 active threads.
Deadlock detected.
Resolving Deadlock
Checking for deadlock:
There are 3 Blocked actors, 0 Stopped actors, and 3 active threads.
Artificial Deadlock - increasing queue capacity.
increasing the capacity of receiver ptolemy.actor.TypedIOPort {.top.OrderedMerge.inputB} to 2
Director: Called postfire().
Called postfire().
_stopRequested = false
_stopFireRequested = false
Returning from postfire(): true
Called fire().
Checking for deadlock:
There are 2 Blocked actors, 0 Stopped actors, and 3 active threads.
Waiting for actors to stop.
-- Thread wrapup() called.
Called wrapup()
Thread .top.Ramp2 is exiting.
-- Thread stopped.
Checking for deadlock:
There are 2 Blocked actors, 0 Stopped actors, and 2 active threads.
Actors have stopped.
Checking for deadlock:
There are 2 Blocked actors, 0 Stopped actors, and 2 active threads.
Deadlock detected.
Resolving Deadlock
Checking for deadlock:
There are 2 Blocked actors, 0 Stopped actors, and 2 active threads.
Deadlock detected: no processes blocked on write, but some are blocked on read.
Called postfire().
_stopRequested = false
_stopFireRequested = false
Returning from postfire(): false
Finished deactivating branches.
Called wrapup().
-- Thread wrapup() called.
Called wrapup()
Thread .top.Test is exiting.
-- Thread stopped.
-- Blocked Receiver call threw TerminateProcessException.
-- Thread wrapup() called.
Called wrapup()
Thread .top.OrderedMerge is exiting.
-- Thread stopped.
-- Blocked Receiver call threw TerminateProcessException.
27 ms. Memory: 208384K Free: 111688K (54%)
/home/travis/build/icyphy/ptII/ptolemy/actor/lib/test/Publisher.tcl
20 ms. Memory: 208384K Free: 104514K (50%)
8 ms. Memory: 208384K Free: 99732K (48%)
6 ms. Memory: 208384K Free: 94951K (46%)
7 ms. Memory: 208384K Free: 94951K (46%)
6 ms. Memory: 208384K Free: 94951K (46%)
9 ms. Memory: 208384K Free: 92560K (44%)
3 ms. Memory: 208384K Free: 92560K (44%)
7 ms. Memory: 208384K Free: 92560K (44%)
2 ms. Memory: 208384K Free: 82965K (40%)
3 ms. Memory: 208384K Free: 199394K (96%)
6 ms. Memory: 208384K Free: 199394K (96%)
1 ms. Memory: 208384K Free: 197036K (95%)
6 ms. Memory: 208384K Free: 187602K (90%)
14 ms. Memory: 208384K Free: 178169K (86%)
15 ms. Memory: 208384K Free: 166040K (80%)
/home/travis/build/icyphy/ptII/ptolemy/actor/lib/test/Pulse.tcl
4 ms. Memory: 208384K Free: 123590K (59%)
2 ms. Memory: 208384K Free: 123590K (59%)
2 ms. Memory: 208384K Free: 123590K (59%)
2 ms. Memory: 208384K Free: 121232K (58%)
1 ms. Memory: 208384K Free: 121232K (58%)
2 ms. Memory: 208384K Free: 121232K (58%)
2 ms. Memory: 208384K Free: 118873K (57%)
1 ms. Memory: 208384K Free: 118873K (57%)
1 ms. Memory: 208384K Free: 118873K (57%)
/home/travis/build/icyphy/ptII/ptolemy/actor/lib/test/Ramp.tcl
10 ms. Memory: 208384K Free: 116515K (56%)
2 ms. Memory: 208384K Free: 116515K (56%)
2 ms. Memory: 208384K Free: 114157K (55%)
2 ms. Memory: 208384K Free: 114157K (55%)
6 ms. Memory: 208384K Free: 114157K (55%)
8 ms. Memory: 208384K Free: 111782K (54%)
7 ms. Memory: 208384K Free: 111782K (54%)
5 actors
10000 microseconds per iteration to create
13 ms. Memory: 208384K Free: 109424K (53%)
9 ms. Memory: 208384K Free: 107058K (51%)
2 ms. Memory: 208384K Free: 107058K (51%)
2 ms. Memory: 208384K Free: 107058K (51%)
50 actors
44000 microseconds per iteration to create
45 ms. Memory: 208384K Free: 90518K (43%)
5 ms. Memory: 208384K Free: 90518K (43%)
14 ms. Memory: 208384K Free: 88159K (42%)
8 ms. Memory: 208384K Free: 88159K (42%)
500 actors
1379000 microseconds per iteration to create
216 ms. Memory: 331264K Free: 159652K (48%)
47 ms. Memory: 331264K Free: 154895K (47%)
45 ms. Memory: 331264K Free: 150139K (45%)
48 ms. Memory: 331264K Free: 140611K (42%)
/home/travis/build/icyphy/ptII/ptolemy/actor/lib/test/RampContinuous.tcl
6 ms. Memory: 331264K Free: 140611K (42%)
/home/travis/build/icyphy/ptII/ptolemy/actor/lib/test/RecordAssembler.tcl
5 ms. Memory: 331264K Free: 140611K (42%)
4 ms. Memory: 331264K Free: 140611K (42%)
/home/travis/build/icyphy/ptII/ptolemy/actor/lib/test/RecordDisassembler.tcl
5 ms. Memory: 331264K Free: 135855K (41%)
2 ms. Memory: 331264K Free: 135855K (41%)
4 ms. Memory: 331264K Free: 135855K (41%)
/home/travis/build/icyphy/ptII/ptolemy/actor/lib/test/Scale.tcl
3 ms. Memory: 331264K Free: 131082K (40%)
1 ms. Memory: 331264K Free: 131082K (40%)
2 ms. Memory: 331264K Free: 131082K (40%)
3 ms. Memory: 331264K Free: 131082K (40%)
3 ms. Memory: 331264K Free: 131082K (40%)
/home/travis/build/icyphy/ptII/ptolemy/actor/lib/test/SequentialClock.tcl
preinitializing
resolving types
initializing
executing number 1
wrapping up
idle
7 ms. Memory: 331264K Free: 126318K (38%)
Completed execution with 5 iterations
preinitializing
resolving types
initializing
executing number 1
wrapping up
idle
8 ms. Memory: 331264K Free: 126318K (38%)
Completed execution with 5 iterations
preinitializing
resolving types
initializing
executing number 1
wrapping up
idle
2 ms. Memory: 331264K Free: 126318K (38%)
Completed execution with 5 iterations
/home/travis/build/icyphy/ptII/ptolemy/actor/lib/test/SetVariable.tcl
4 ms. Memory: 331264K Free: 126318K (38%)
/home/travis/build/icyphy/ptII/ptolemy/actor/lib/test/Sinewave.tcl
/home/travis/build/icyphy/ptII/ptolemy/actor/lib/test/SubscriptionAggregator.tcl
9 ms. Memory: 331264K Free: 112001K (34%)
2 ms. Memory: 331264K Free: 112001K (34%)
1 ms. Memory: 331264K Free: 112001K (34%)
2 ms. Memory: 331264K Free: 112001K (34%)
2 ms. Memory: 331264K Free: 107245K (32%)
4 ms. Memory: 331264K Free: 102473K (31%)
...............................................................1096 ms. Memory: 577024K Free: 228849K (40%)
/home/travis/build/icyphy/ptII/ptolemy/actor/lib/test/Test.tcl
 The next command will produce a warning about training mode,
   which may be ignored.
4 ms. Memory: 577024K Free: 228849K (40%)
2 ms. Memory: 577024K Free: 228849K (40%)
2 ms. Memory: 577024K Free: 228849K (40%)
1 ms. Memory: 577024K Free: 228849K (40%)
1 ms. Memory: 577024K Free: 228849K (40%)
3 ms. Memory: 577024K Free: 219246K (38%)
3 ms. Memory: 577024K Free: 219246K (38%)
 The next command will produce a warning about training mode,
   which may be ignored.
4 ms. Memory: 577024K Free: 219246K (38%)
 The next command will produce a warning about training mode,
   which may be ignored.
2 ms. Memory: 577024K Free: 219246K (38%)
1 ms. Memory: 577024K Free: 219246K (38%)
1 ms. Memory: 577024K Free: 219246K (38%)
1 ms. Memory: 577024K Free: 219246K (38%)
2 ms. Memory: 577024K Free: 219246K (38%)
5 ms. Memory: 577024K Free: 209643K (36%)
/home/travis/build/icyphy/ptII/ptolemy/actor/lib/test/TestExceptionHandler.tcl
 The next command will produce a warning about training mode,
   which may be ignored.
1 ms. Memory: 577024K Free: 209643K (36%)
1 ms. Memory: 577024K Free: 209643K (36%)
2 ms. Memory: 577024K Free: 209643K (36%)
/home/travis/build/icyphy/ptII/ptolemy/actor/lib/test/UnionDisassembler.tcl
25 ms. Memory: 577024K Free: 200055K (35%)
/home/travis/build/icyphy/ptII/ptolemy/actor/lib/test/VariableClock.tcl
preinitializing
resolving types
initializing
executing number 1
wrapping up
idle
5 ms. Memory: 577024K Free: 200055K (35%)
Completed execution with 11 iterations
preinitializing
resolving types
initializing
executing number 1
wrapping up
idle
5 ms. Memory: 577024K Free: 200055K (35%)
Completed execution with 10 iterations
12/05/18 02:54:49
Failed: 0  Total Tests: 234  ((Passed: 234, Newly Passed: 0)  Known Failed: 0) /home/travis/build/icyphy/ptII/ptolemy/actor/lib/test
----------------- testing (KnownFailure) /home/travis/build/icyphy/ptII/ptolemy/actor/lib/test/auto/knownFailedTests/PublisherPortToplevelSubscriber.xml
1 ms. Memory: 577024K Free: 190348K (33%)
Known Failure: java.lang.reflect.InvocationTargetException
----------------- testing (KnownFailure) /home/travis/build/icyphy/ptII/ptolemy/actor/lib/test/auto/knownFailedTests/PublisherSubscriberPortToplevel.xml
1 ms. Memory: 577024K Free: 170933K (30%)
Known Failure: java.lang.reflect.InvocationTargetException
----------------- testing (KnownFailure) /home/travis/build/icyphy/ptII/ptolemy/actor/lib/test/auto/knownFailedTests/PublisherSubscriptionAggregatorPort.xml
2 ms. Memory: 577024K Free: 151517K (26%)
Known Failure: java.lang.reflect.InvocationTargetException
----------------- testing (KnownFailure) /home/travis/build/icyphy/ptII/ptolemy/actor/lib/test/auto/knownFailedTests/sizedarray3.xml
4 ms. Memory: 577024K Free: 132102K (23%)
Known Failure: java.lang.reflect.InvocationTargetException
No auto/linux-amd64/*.xml tests in /home/travis/build/icyphy/ptII/ptolemy/actor/lib/test
AutoTests.java: About to close Vertx.
AutoTests.java: Vertx closed.

===========================================================================================
----------------- testing Wed Dec 05 02:54:50 UTC 2018 /home/travis/build/icyphy/ptII/ptolemy/actor/lib/test/auto/AbsoluteValue.xml
----------------- Instantiating /home/travis/build/icyphy/ptII/ptolemy/actor/lib/test/auto/AbsoluteValue.xml
4 ms. Memory: 580096K Free: 518080K (89%)
----------------- Invoking toplevel() on ptolemy.moml.MoMLSimpleApplication@bd5f8
----------------- Done invoking toplevel() on ptolemy.moml.MoMLSimpleApplication@bd5f8
reloadAllAccessors: .AbsoluteValue

===========================================================================================
----------------- testing Wed Dec 05 02:54:50 UTC 2018 /home/travis/build/icyphy/ptII/ptolemy/actor/lib/test/auto/AbsoluteValue2.xml
----------------- Instantiating /home/travis/build/icyphy/ptII/ptolemy/actor/lib/test/auto/AbsoluteValue2.xml
21 ms. Memory: 580096K Free: 499506K (86%)
----------------- Invoking toplevel() on ptolemy.moml.MoMLSimpleApplication@386e5112
----------------- Done invoking toplevel() on ptolemy.moml.MoMLSimpleApplication@386e5112
reloadAllAccessors: .AbsoluteValue2

===========================================================================================
----------------- testing Wed Dec 05 02:54:50 UTC 2018 /home/travis/build/icyphy/ptII/ptolemy/actor/lib/test/auto/Accumulator.xml
----------------- Instantiating /home/travis/build/icyphy/ptII/ptolemy/actor/lib/test/auto/Accumulator.xml
15 ms. Memory: 580096K Free: 489783K (84%)
----------------- Invoking toplevel() on ptolemy.moml.MoMLSimpleApplication@7fa7f465
----------------- Done invoking toplevel() on ptolemy.moml.MoMLSimpleApplication@7fa7f465
reloadAllAccessors: .Accumulator

===========================================================================================
----------------- testing Wed Dec 05 02:54:50 UTC 2018 /home/travis/build/icyphy/ptII/ptolemy/actor/lib/test/auto/Accumulator2.xml
----------------- Instantiating /home/travis/build/icyphy/ptII/ptolemy/actor/lib/test/auto/Accumulator2.xml
12 ms. Memory: 580096K Free: 483311K (83%)
----------------- Invoking toplevel() on ptolemy.moml.MoMLSimpleApplication@5c48e157
----------------- Done invoking toplevel() on ptolemy.moml.MoMLSimpleApplication@5c48e157
reloadAllAccessors: .Accumulator2

===========================================================================================
----------------- testing Wed Dec 05 02:54:50 UTC 2018 /home/travis/build/icyphy/ptII/ptolemy/actor/lib/test/auto/Accumulator3.xml
----------------- Instantiating /home/travis/build/icyphy/ptII/ptolemy/actor/lib/test/auto/Accumulator3.xml
11 ms. Memory: 580096K Free: 476839K (82%)
----------------- Invoking toplevel() on ptolemy.moml.MoMLSimpleApplication@33575a3b
----------------- Done invoking toplevel() on ptolemy.moml.MoMLSimpleApplication@33575a3b
reloadAllAccessors: .Accumulator3

===========================================================================================
----------------- testing Wed Dec 05 02:54:50 UTC 2018 /home/travis/build/icyphy/ptII/ptolemy/actor/lib/test/auto/ArrayAppend.xml
----------------- Instantiating /home/travis/build/icyphy/ptII/ptolemy/actor/lib/test/auto/ArrayAppend.xml
10 ms. Memory: 580096K Free: 458266K (79%)
----------------- Invoking toplevel() on ptolemy.moml.MoMLSimpleApplication@4446bbd9
----------------- Done invoking toplevel() on ptolemy.moml.MoMLSimpleApplication@4446bbd9
reloadAllAccessors: .ArrayAppend

===========================================================================================
----------------- testing Wed Dec 05 02:54:50 UTC 2018 /home/travis/build/icyphy/ptII/ptolemy/actor/lib/test/auto/ArrayAppend2.xml
----------------- Instantiating /home/travis/build/icyphy/ptII/ptolemy/actor/lib/test/auto/ArrayAppend2.xml
565 ms. Memory: 580096K Free: 390067K (67%)
----------------- Invoking toplevel() on ptolemy.moml.MoMLSimpleApplication@2fa80639
----------------- Done invoking toplevel() on ptolemy.moml.MoMLSimpleApplication@2fa80639
reloadAllAccessors: .ArrayAppend2

===========================================================================================
----------------- testing Wed Dec 05 02:54:51 UTC 2018 /home/travis/build/icyphy/ptII/ptolemy/actor/lib/test/auto/ArrayAppend3.xml
----------------- Instantiating /home/travis/build/icyphy/ptII/ptolemy/actor/lib/test/auto/ArrayAppend3.xml
6 ms. Memory: 580096K Free: 383595K (66%)
----------------- Invoking toplevel() on ptolemy.moml.MoMLSimpleApplication@69149916
----------------- Done invoking toplevel() on ptolemy.moml.MoMLSimpleApplication@69149916
reloadAllAccessors: .ArrayAppend3

===========================================================================================
----------------- testing Wed Dec 05 02:54:51 UTC 2018 /home/travis/build/icyphy/ptII/ptolemy/actor/lib/test/auto/ArrayAppend4.xml
----------------- Instantiating /home/travis/build/icyphy/ptII/ptolemy/actor/lib/test/auto/ArrayAppend4.xml
13 ms. Memory: 580096K Free: 377123K (65%)
----------------- Invoking toplevel() on ptolemy.moml.MoMLSimpleApplication@38ca7fb6
----------------- Done invoking toplevel() on ptolemy.moml.MoMLSimpleApplication@38ca7fb6
reloadAllAccessors: .ArrayAppend4

===========================================================================================
----------------- testing Wed Dec 05 02:54:51 UTC 2018 /home/travis/build/icyphy/ptII/ptolemy/actor/lib/test/auto/ArrayAppend5.xml
----------------- Instantiating /home/travis/build/icyphy/ptII/ptolemy/actor/lib/test/auto/ArrayAppend5.xml
9 ms. Memory: 580096K Free: 361802K (62%)
----------------- Invoking toplevel() on ptolemy.moml.MoMLSimpleApplication@4e90ad36
----------------- Done invoking toplevel() on ptolemy.moml.MoMLSimpleApplication@4e90ad36
reloadAllAccessors: .ArrayAppend5

===========================================================================================
----------------- testing Wed Dec 05 02:54:51 UTC 2018 /home/travis/build/icyphy/ptII/ptolemy/actor/lib/test/auto/ArrayAppend6.xml
----------------- Instantiating /home/travis/build/icyphy/ptII/ptolemy/actor/lib/test/auto/ArrayAppend6.xml
4 ms. Memory: 580096K Free: 355330K (61%)
----------------- Invoking toplevel() on ptolemy.moml.MoMLSimpleApplication@2b6db1ff
----------------- Done invoking toplevel() on ptolemy.moml.MoMLSimpleApplication@2b6db1ff
reloadAllAccessors: .ArrayAppend6

===========================================================================================
----------------- testing Wed Dec 05 02:54:51 UTC 2018 /home/travis/build/icyphy/ptII/ptolemy/actor/lib/test/auto/ArrayAppendPerformanceTest.xml
----------------- Instantiating /home/travis/build/icyphy/ptII/ptolemy/actor/lib/test/auto/ArrayAppendPerformanceTest.xml
22 ms. Memory: 580096K Free: 342378K (59%)
----------------- Invoking toplevel() on ptolemy.moml.MoMLSimpleApplication@446cea02
----------------- Done invoking toplevel() on ptolemy.moml.MoMLSimpleApplication@446cea02
reloadAllAccessors: .ArrayAppendPerformanceTest

===========================================================================================
----------------- testing Wed Dec 05 02:54:51 UTC 2018 /home/travis/build/icyphy/ptII/ptolemy/actor/lib/test/auto/ArrayAppendWithEmptyInput.xml
----------------- Instantiating /home/travis/build/icyphy/ptII/ptolemy/actor/lib/test/auto/ArrayAppendWithEmptyInput.xml
19 ms. Memory: 580096K Free: 332655K (57%)
----------------- Invoking toplevel() on ptolemy.moml.MoMLSimpleApplication@5adf3e79
----------------- Done invoking toplevel() on ptolemy.moml.MoMLSimpleApplication@5adf3e79
reloadAllAccessors: .ArrayAppendWithEmptyInput

===========================================================================================
----------------- testing Wed Dec 05 02:54:51 UTC 2018 /home/travis/build/icyphy/ptII/ptolemy/actor/lib/test/auto/ArrayAverage.xml
----------------- Instantiating /home/travis/build/icyphy/ptII/ptolemy/actor/lib/test/auto/ArrayAverage.xml
6 ms. Memory: 580096K Free: 314082K (54%)
----------------- Invoking toplevel() on ptolemy.moml.MoMLSimpleApplication@5afcba54
----------------- Done invoking toplevel() on ptolemy.moml.MoMLSimpleApplication@5afcba54
reloadAllAccessors: .ArrayAverage

===========================================================================================
----------------- testing Wed Dec 05 02:54:51 UTC 2018 /home/travis/build/icyphy/ptII/ptolemy/actor/lib/test/auto/ArrayContains.xml
----------------- Instantiating /home/travis/build/icyphy/ptII/ptolemy/actor/lib/test/auto/ArrayContains.xml
3 ms. Memory: 580096K Free: 304358K (52%)
----------------- Invoking toplevel() on ptolemy.moml.MoMLSimpleApplication@345b72e2
----------------- Done invoking toplevel() on ptolemy.moml.MoMLSimpleApplication@345b72e2
reloadAllAccessors: .ArrayContains

===========================================================================================
----------------- testing Wed Dec 05 02:54:51 UTC 2018 /home/travis/build/icyphy/ptII/ptolemy/actor/lib/test/auto/ArrayElement.xml
----------------- Instantiating /home/travis/build/icyphy/ptII/ptolemy/actor/lib/test/auto/ArrayElement.xml
8 ms. Memory: 580096K Free: 297886K (51%)
----------------- Invoking toplevel() on ptolemy.moml.MoMLSimpleApplication@5ffe75bb
----------------- Done invoking toplevel() on ptolemy.moml.MoMLSimpleApplication@5ffe75bb
reloadAllAccessors: .ArrayElement

===========================================================================================
----------------- testing Wed Dec 05 02:54:51 UTC 2018 /home/travis/build/icyphy/ptII/ptolemy/actor/lib/test/auto/ArrayElementAsMatrix.xml
----------------- Instantiating /home/travis/build/icyphy/ptII/ptolemy/actor/lib/test/auto/ArrayElementAsMatrix.xml
18 ms. Memory: 580096K Free: 288163K (50%)
----------------- Invoking toplevel() on ptolemy.moml.MoMLSimpleApplication@45ad7ce6
----------------- Done invoking toplevel() on ptolemy.moml.MoMLSimpleApplication@45ad7ce6
reloadAllAccessors: .ArrayElementAsMatrix

===========================================================================================
----------------- testing Wed Dec 05 02:54:52 UTC 2018 /home/travis/build/icyphy/ptII/ptolemy/actor/lib/test/auto/ArrayElementI.xml
----------------- Instantiating /home/travis/build/icyphy/ptII/ptolemy/actor/lib/test/auto/ArrayElementI.xml
4 ms. Memory: 580096K Free: 272841K (47%)
----------------- Invoking toplevel() on ptolemy.moml.MoMLSimpleApplication@2119efe5
----------------- Done invoking toplevel() on ptolemy.moml.MoMLSimpleApplication@2119efe5
reloadAllAccessors: .ArrayElementI

===========================================================================================
----------------- testing Wed Dec 05 02:54:52 UTC 2018 /home/travis/build/icyphy/ptII/ptolemy/actor/lib/test/auto/ArrayExtract.xml
----------------- Instantiating /home/travis/build/icyphy/ptII/ptolemy/actor/lib/test/auto/ArrayExtract.xml
10 ms. Memory: 580096K Free: 263118K (45%)
----------------- Invoking toplevel() on ptolemy.moml.MoMLSimpleApplication@4a8a9657
----------------- Done invoking toplevel() on ptolemy.moml.MoMLSimpleApplication@4a8a9657
reloadAllAccessors: .ArrayExtract

===========================================================================================
----------------- testing Wed Dec 05 02:54:52 UTC 2018 /home/travis/build/icyphy/ptII/ptolemy/actor/lib/test/auto/ArrayExtract2.xml
----------------- Instantiating /home/travis/build/icyphy/ptII/ptolemy/actor/lib/test/auto/ArrayExtract2.xml
3 ms. Memory: 580096K Free: 256646K (44%)
----------------- Invoking toplevel() on ptolemy.moml.MoMLSimpleApplication@7a36aa93
----------------- Done invoking toplevel() on ptolemy.moml.MoMLSimpleApplication@7a36aa93
reloadAllAccessors: .ArrayExtract2

===========================================================================================
----------------- testing Wed Dec 05 02:54:52 UTC 2018 /home/travis/build/icyphy/ptII/ptolemy/actor/lib/test/auto/ArrayLength.xml
----------------- Instantiating /home/travis/build/icyphy/ptII/ptolemy/actor/lib/test/auto/ArrayLength.xml
3 ms. Memory: 580096K Free: 250174K (43%)
----------------- Invoking toplevel() on ptolemy.moml.MoMLSimpleApplication@29836fbd
----------------- Done invoking toplevel() on ptolemy.moml.MoMLSimpleApplication@29836fbd
reloadAllAccessors: .ArrayLength

===========================================================================================
----------------- testing Wed Dec 05 02:54:52 UTC 2018 /home/travis/build/icyphy/ptII/ptolemy/actor/lib/test/auto/ArrayLevelCrossing.xml
----------------- Instantiating /home/travis/build/icyphy/ptII/ptolemy/actor/lib/test/auto/ArrayLevelCrossing.xml
8 ms. Memory: 580096K Free: 231601K (40%)
----------------- Invoking toplevel() on ptolemy.moml.MoMLSimpleApplication@2db2a189
----------------- Done invoking toplevel() on ptolemy.moml.MoMLSimpleApplication@2db2a189
reloadAllAccessors: .ArrayLevelCrossing

===========================================================================================
----------------- testing Wed Dec 05 02:54:52 UTC 2018 /home/travis/build/icyphy/ptII/ptolemy/actor/lib/test/auto/ArrayLevelCrossing2.xml
----------------- Instantiating /home/travis/build/icyphy/ptII/ptolemy/actor/lib/test/auto/ArrayLevelCrossing2.xml
3 ms. Memory: 580096K Free: 221878K (38%)
----------------- Invoking toplevel() on ptolemy.moml.MoMLSimpleApplication@4de1f015
----------------- Done invoking toplevel() on ptolemy.moml.MoMLSimpleApplication@4de1f015
reloadAllAccessors: .ArrayLevelCrossing2

===========================================================================================
----------------- testing Wed Dec 05 02:54:52 UTC 2018 /home/travis/build/icyphy/ptII/ptolemy/actor/lib/test/auto/ArrayPeakSearch.xml
----------------- Instantiating /home/travis/build/icyphy/ptII/ptolemy/actor/lib/test/auto/ArrayPeakSearch.xml
10 ms. Memory: 580096K Free: 208918K (36%)
----------------- Invoking toplevel() on ptolemy.moml.MoMLSimpleApplication@6cd8961d
----------------- Done invoking toplevel() on ptolemy.moml.MoMLSimpleApplication@6cd8961d
reloadAllAccessors: .ArrayPeakSearch

===========================================================================================
----------------- testing Wed Dec 05 02:54:52 UTC 2018 /home/travis/build/icyphy/ptII/ptolemy/actor/lib/test/auto/ArrayPeakSearch2.xml
----------------- Instantiating /home/travis/build/icyphy/ptII/ptolemy/actor/lib/test/auto/ArrayPeakSearch2.xml
8 ms. Memory: 580096K Free: 195935K (34%)
----------------- Invoking toplevel() on ptolemy.moml.MoMLSimpleApplication@3809cf6b
----------------- Done invoking toplevel() on ptolemy.moml.MoMLSimpleApplication@3809cf6b
reloadAllAccessors: .ArrayPeakSearch2

===========================================================================================
----------------- testing Wed Dec 05 02:54:52 UTC 2018 /home/travis/build/icyphy/ptII/ptolemy/actor/lib/test/auto/ArrayPeakSearch3.xml
----------------- Instantiating /home/travis/build/icyphy/ptII/ptolemy/actor/lib/test/auto/ArrayPeakSearch3.xml
6 ms. Memory: 580096K Free: 174134K (30%)
----------------- Invoking toplevel() on ptolemy.moml.MoMLSimpleApplication@571c615f
----------------- Done invoking toplevel() on ptolemy.moml.MoMLSimpleApplication@571c615f
reloadAllAccessors: .ArrayPeakSearch3

===========================================================================================
----------------- testing Wed Dec 05 02:54:52 UTC 2018 /home/travis/build/icyphy/ptII/ptolemy/actor/lib/test/auto/ArrayRemoveElement.xml
----------------- Instantiating /home/travis/build/icyphy/ptII/ptolemy/actor/lib/test/auto/ArrayRemoveElement.xml
3 ms. Memory: 580096K Free: 164410K (28%)
----------------- Invoking toplevel() on ptolemy.moml.MoMLSimpleApplication@1e9e69c6
----------------- Done invoking toplevel() on ptolemy.moml.MoMLSimpleApplication@1e9e69c6
reloadAllAccessors: .ArrayRemoveElement

===========================================================================================
----------------- testing Wed Dec 05 02:54:52 UTC 2018 /home/travis/build/icyphy/ptII/ptolemy/actor/lib/test/auto/ArraySort.xml
----------------- Instantiating /home/travis/build/icyphy/ptII/ptolemy/actor/lib/test/auto/ArraySort.xml
4 ms. Memory: 580096K Free: 151467K (26%)
----------------- Invoking toplevel() on ptolemy.moml.MoMLSimpleApplication@717d2ced
----------------- Done invoking toplevel() on ptolemy.moml.MoMLSimpleApplication@717d2ced
reloadAllAccessors: .ArraySort

===========================================================================================
----------------- testing Wed Dec 05 02:54:52 UTC 2018 /home/travis/build/icyphy/ptII/ptolemy/actor/lib/test/auto/ArraySum.xml
----------------- Instantiating /home/travis/build/icyphy/ptII/ptolemy/actor/lib/test/auto/ArraySum.xml
2 ms. Memory: 580096K Free: 141743K (24%)
----------------- Invoking toplevel() on ptolemy.moml.MoMLSimpleApplication@1fa48d4f
----------------- Done invoking toplevel() on ptolemy.moml.MoMLSimpleApplication@1fa48d4f
reloadAllAccessors: .ArraySum

===========================================================================================
----------------- testing Wed Dec 05 02:54:52 UTC 2018 /home/travis/build/icyphy/ptII/ptolemy/actor/lib/test/auto/ArrayToElements.xml
----------------- Instantiating /home/travis/build/icyphy/ptII/ptolemy/actor/lib/test/auto/ArrayToElements.xml
5 ms. Memory: 580096K Free: 123170K (21%)
----------------- Invoking toplevel() on ptolemy.moml.MoMLSimpleApplication@1891ca64
----------------- Done invoking toplevel() on ptolemy.moml.MoMLSimpleApplication@1891ca64
reloadAllAccessors: .ArrayToElements

===========================================================================================
----------------- testing Wed Dec 05 02:54:52 UTC 2018 /home/travis/build/icyphy/ptII/ptolemy/actor/lib/test/auto/ArrayToMatrix.xml
----------------- Instantiating /home/travis/build/icyphy/ptII/ptolemy/actor/lib/test/auto/ArrayToMatrix.xml
12 ms. Memory: 580096K Free: 103731K (18%)
----------------- Invoking toplevel() on ptolemy.moml.MoMLSimpleApplication@7370def1
----------------- Done invoking toplevel() on ptolemy.moml.MoMLSimpleApplication@7370def1
reloadAllAccessors: .ArrayToMatrix

===========================================================================================
----------------- testing Wed Dec 05 02:54:52 UTC 2018 /home/travis/build/icyphy/ptII/ptolemy/actor/lib/test/auto/ArrayUpdate1.xml
----------------- Instantiating /home/travis/build/icyphy/ptII/ptolemy/actor/lib/test/auto/ArrayUpdate1.xml
4 ms. Memory: 580096K Free: 97259K (17%)
----------------- Invoking toplevel() on ptolemy.moml.MoMLSimpleApplication@7164bdde
----------------- Done invoking toplevel() on ptolemy.moml.MoMLSimpleApplication@7164bdde
reloadAllAccessors: .ArrayUpdate1

===========================================================================================
----------------- testing Wed Dec 05 02:54:52 UTC 2018 /home/travis/build/icyphy/ptII/ptolemy/actor/lib/test/auto/ArrayUpdate2.xml
----------------- Instantiating /home/travis/build/icyphy/ptII/ptolemy/actor/lib/test/auto/ArrayUpdate2.xml
11 ms. Memory: 580096K Free: 87551K (15%)
----------------- Invoking toplevel() on ptolemy.moml.MoMLSimpleApplication@27ae9611
----------------- Done invoking toplevel() on ptolemy.moml.MoMLSimpleApplication@27ae9611
reloadAllAccessors: .ArrayUpdate2

===========================================================================================
----------------- testing Wed Dec 05 02:54:52 UTC 2018 /home/travis/build/icyphy/ptII/ptolemy/actor/lib/test/auto/ArrayUpdate3.xml
----------------- Instantiating /home/travis/build/icyphy/ptII/ptolemy/actor/lib/test/auto/ArrayUpdate3.xml
3 ms. Memory: 580096K Free: 72230K (12%)
----------------- Invoking toplevel() on ptolemy.moml.MoMLSimpleApplication@119bcb01
----------------- Done invoking toplevel() on ptolemy.moml.MoMLSimpleApplication@119bcb01
reloadAllAccessors: .ArrayUpdate3

===========================================================================================
----------------- testing Wed Dec 05 02:54:52 UTC 2018 /home/travis/build/icyphy/ptII/ptolemy/actor/lib/test/auto/Assert1.xml
----------------- Instantiating /home/travis/build/icyphy/ptII/ptolemy/actor/lib/test/auto/Assert1.xml
4 ms. Memory: 580096K Free: 65758K (11%)
----------------- Invoking toplevel() on ptolemy.moml.MoMLSimpleApplication@2ce032b2
----------------- Done invoking toplevel() on ptolemy.moml.MoMLSimpleApplication@2ce032b2
reloadAllAccessors: .Assert1

===========================================================================================
----------------- testing Wed Dec 05 02:54:52 UTC 2018 /home/travis/build/icyphy/ptII/ptolemy/actor/lib/test/auto/Assert2.xml
----------------- Instantiating /home/travis/build/icyphy/ptII/ptolemy/actor/lib/test/auto/Assert2.xml
10 ms. Memory: 580096K Free: 59286K (10%)
----------------- Invoking toplevel() on ptolemy.moml.MoMLSimpleApplication@59f47864
----------------- Done invoking toplevel() on ptolemy.moml.MoMLSimpleApplication@59f47864
reloadAllAccessors: .Assert2

===========================================================================================
----------------- testing Wed Dec 05 02:54:52 UTC 2018 /home/travis/build/icyphy/ptII/ptolemy/actor/lib/test/auto/BooleanMultiplexor.xml
----------------- Instantiating /home/travis/build/icyphy/ptII/ptolemy/actor/lib/test/auto/BooleanMultiplexor.xml
54 ms. Memory: 877056K Free: 831665K (95%)
----------------- Invoking toplevel() on ptolemy.moml.MoMLSimpleApplication@31ecb6b
----------------- Done invoking toplevel() on ptolemy.moml.MoMLSimpleApplication@31ecb6b
reloadAllAccessors: .BooleanMultiplexor

===========================================================================================
----------------- testing Wed Dec 05 02:54:52 UTC 2018 /home/travis/build/icyphy/ptII/ptolemy/actor/lib/test/auto/BooleanMultiplexor2.xml
----------------- Instantiating /home/travis/build/icyphy/ptII/ptolemy/actor/lib/test/auto/BooleanMultiplexor2.xml
4 ms. Memory: 877056K Free: 808621K (92%)
----------------- Invoking toplevel() on ptolemy.moml.MoMLSimpleApplication@2723ab01
----------------- Done invoking toplevel() on ptolemy.moml.MoMLSimpleApplication@2723ab01
reloadAllAccessors: .BooleanMultiplexor2

===========================================================================================
----------------- testing Wed Dec 05 02:54:52 UTC 2018 /home/travis/build/icyphy/ptII/ptolemy/actor/lib/test/auto/BooleanMultiplexor3.xml
----------------- Instantiating /home/travis/build/icyphy/ptII/ptolemy/actor/lib/test/auto/BooleanMultiplexor3.xml
3 ms. Memory: 877056K Free: 798017K (91%)
----------------- Invoking toplevel() on ptolemy.moml.MoMLSimpleApplication@69f8d22
----------------- Done invoking toplevel() on ptolemy.moml.MoMLSimpleApplication@69f8d22
reloadAllAccessors: .BooleanMultiplexor3

===========================================================================================
----------------- testing Wed Dec 05 02:54:53 UTC 2018 /home/travis/build/icyphy/ptII/ptolemy/actor/lib/test/auto/BooleanSelect.xml
----------------- Instantiating /home/travis/build/icyphy/ptII/ptolemy/actor/lib/test/auto/BooleanSelect.xml
3 ms. Memory: 877056K Free: 787661K (90%)
----------------- Invoking toplevel() on ptolemy.moml.MoMLSimpleApplication@3b73e43a
----------------- Done invoking toplevel() on ptolemy.moml.MoMLSimpleApplication@3b73e43a
reloadAllAccessors: .BooleanSelect

===========================================================================================
----------------- testing Wed Dec 05 02:54:53 UTC 2018 /home/travis/build/icyphy/ptII/ptolemy/actor/lib/test/auto/BooleanSelect2.xml
----------------- Instantiating /home/travis/build/icyphy/ptII/ptolemy/actor/lib/test/auto/BooleanSelect2.xml
2 ms. Memory: 877056K Free: 777305K (89%)
----------------- Invoking toplevel() on ptolemy.moml.MoMLSimpleApplication@6fde3b64
----------------- Done invoking toplevel() on ptolemy.moml.MoMLSimpleApplication@6fde3b64
reloadAllAccessors: .BooleanSelect2

===========================================================================================
----------------- testing Wed Dec 05 02:54:53 UTC 2018 /home/travis/build/icyphy/ptII/ptolemy/actor/lib/test/auto/BooleanSwitch.xml
----------------- Instantiating /home/travis/build/icyphy/ptII/ptolemy/actor/lib/test/auto/BooleanSwitch.xml
2 ms. Memory: 877056K Free: 756902K (86%)
----------------- Invoking toplevel() on ptolemy.moml.MoMLSimpleApplication@3cbc1410
----------------- Done invoking toplevel() on ptolemy.moml.MoMLSimpleApplication@3cbc1410
reloadAllAccessors: .BooleanSwitch

===========================================================================================
----------------- testing Wed Dec 05 02:54:53 UTC 2018 /home/travis/build/icyphy/ptII/ptolemy/actor/lib/test/auto/BooleanSwitch2.xml
----------------- Instantiating /home/travis/build/icyphy/ptII/ptolemy/actor/lib/test/auto/BooleanSwitch2.xml
1 ms. Memory: 877056K Free: 746545K (85%)
----------------- Invoking toplevel() on ptolemy.moml.MoMLSimpleApplication@745fa7b4
----------------- Done invoking toplevel() on ptolemy.moml.MoMLSimpleApplication@745fa7b4
reloadAllAccessors: .BooleanSwitch2

===========================================================================================
----------------- testing Wed Dec 05 02:54:53 UTC 2018 /home/travis/build/icyphy/ptII/ptolemy/actor/lib/test/auto/BooleanSwitchCloningBugWithClassRelationGroup.xml
----------------- Instantiating /home/travis/build/icyphy/ptII/ptolemy/actor/lib/test/auto/BooleanSwitchCloningBugWithClassRelationGroup.xml
4 ms. Memory: 877056K Free: 736189K (84%)
----------------- Invoking toplevel() on ptolemy.moml.MoMLSimpleApplication@442f5945
----------------- Done invoking toplevel() on ptolemy.moml.MoMLSimpleApplication@442f5945
reloadAllAccessors: .BooleanSwitchCloningBugWithClassRelationGroup

===========================================================================================
----------------- testing Wed Dec 05 02:54:53 UTC 2018 /home/travis/build/icyphy/ptII/ptolemy/actor/lib/test/auto/BusActors.xml
----------------- Instantiating /home/travis/build/icyphy/ptII/ptolemy/actor/lib/test/auto/BusActors.xml
4 ms. Memory: 877056K Free: 720655K (82%)
----------------- Invoking toplevel() on ptolemy.moml.MoMLSimpleApplication@7531e6a
----------------- Done invoking toplevel() on ptolemy.moml.MoMLSimpleApplication@7531e6a
reloadAllAccessors: .BusActors

===========================================================================================
----------------- testing Wed Dec 05 02:54:53 UTC 2018 /home/travis/build/icyphy/ptII/ptolemy/actor/lib/test/auto/ClassWrapper.xml
----------------- Instantiating /home/travis/build/icyphy/ptII/ptolemy/actor/lib/test/auto/ClassWrapper.xml
5 ms. Memory: 877056K Free: 710299K (81%)
----------------- Invoking toplevel() on ptolemy.moml.MoMLSimpleApplication@346d8e5b
----------------- Done invoking toplevel() on ptolemy.moml.MoMLSimpleApplication@346d8e5b
reloadAllAccessors: .ClassWrapper

===========================================================================================
----------------- testing Wed Dec 05 02:54:53 UTC 2018 /home/travis/build/icyphy/ptII/ptolemy/actor/lib/test/auto/Clock.xml
----------------- Instantiating /home/travis/build/icyphy/ptII/ptolemy/actor/lib/test/auto/Clock.xml
3 ms. Memory: 877056K Free: 689896K (79%)
----------------- Invoking toplevel() on ptolemy.moml.MoMLSimpleApplication@afeb245
----------------- Done invoking toplevel() on ptolemy.moml.MoMLSimpleApplication@afeb245
reloadAllAccessors: .Clock

===========================================================================================
----------------- testing Wed Dec 05 02:54:53 UTC 2018 /home/travis/build/icyphy/ptII/ptolemy/actor/lib/test/auto/Clock10.xml
----------------- Instantiating /home/travis/build/icyphy/ptII/ptolemy/actor/lib/test/auto/Clock10.xml
4 ms. Memory: 877056K Free: 679540K (77%)
----------------- Invoking toplevel() on ptolemy.moml.MoMLSimpleApplication@797d7926
----------------- Done invoking toplevel() on ptolemy.moml.MoMLSimpleApplication@797d7926
reloadAllAccessors: .Clock10

===========================================================================================
----------------- testing Wed Dec 05 02:54:53 UTC 2018 /home/travis/build/icyphy/ptII/ptolemy/actor/lib/test/auto/Clock11.xml
----------------- Instantiating /home/travis/build/icyphy/ptII/ptolemy/actor/lib/test/auto/Clock11.xml
5 ms. Memory: 877056K Free: 669183K (76%)
----------------- Invoking toplevel() on ptolemy.moml.MoMLSimpleApplication@747852a4
----------------- Done invoking toplevel() on ptolemy.moml.MoMLSimpleApplication@747852a4
reloadAllAccessors: .Clock11

===========================================================================================
----------------- testing Wed Dec 05 02:54:53 UTC 2018 /home/travis/build/icyphy/ptII/ptolemy/actor/lib/test/auto/Clock12.xml
----------------- Instantiating /home/travis/build/icyphy/ptII/ptolemy/actor/lib/test/auto/Clock12.xml
7 ms. Memory: 877056K Free: 658827K (75%)
----------------- Invoking toplevel() on ptolemy.moml.MoMLSimpleApplication@10b48285
----------------- Done invoking toplevel() on ptolemy.moml.MoMLSimpleApplication@10b48285
reloadAllAccessors: .Clock12

===========================================================================================
----------------- testing Wed Dec 05 02:54:53 UTC 2018 /home/travis/build/icyphy/ptII/ptolemy/actor/lib/test/auto/Clock13.xml
----------------- Instantiating /home/travis/build/icyphy/ptII/ptolemy/actor/lib/test/auto/Clock13.xml
9 ms. Memory: 877056K Free: 638424K (73%)
----------------- Invoking toplevel() on ptolemy.moml.MoMLSimpleApplication@3fbdb9c5
----------------- Done invoking toplevel() on ptolemy.moml.MoMLSimpleApplication@3fbdb9c5
reloadAllAccessors: .Clock13

===========================================================================================
----------------- testing Wed Dec 05 02:54:53 UTC 2018 /home/travis/build/icyphy/ptII/ptolemy/actor/lib/test/auto/Clock14.xml
----------------- Instantiating /home/travis/build/icyphy/ptII/ptolemy/actor/lib/test/auto/Clock14.xml
9 ms. Memory: 877056K Free: 628068K (72%)
----------------- Invoking toplevel() on ptolemy.moml.MoMLSimpleApplication@352adadf
----------------- Done invoking toplevel() on ptolemy.moml.MoMLSimpleApplication@352adadf
reloadAllAccessors: .Clock14

===========================================================================================
----------------- testing Wed Dec 05 02:54:53 UTC 2018 /home/travis/build/icyphy/ptII/ptolemy/actor/lib/test/auto/Clock15.xml
----------------- Instantiating /home/travis/build/icyphy/ptII/ptolemy/actor/lib/test/auto/Clock15.xml
7 ms. Memory: 877056K Free: 617712K (70%)
----------------- Invoking toplevel() on ptolemy.moml.MoMLSimpleApplication@65929f2f
----------------- Done invoking toplevel() on ptolemy.moml.MoMLSimpleApplication@65929f2f
reloadAllAccessors: .Clock15

===========================================================================================
----------------- testing Wed Dec 05 02:54:53 UTC 2018 /home/travis/build/icyphy/ptII/ptolemy/actor/lib/test/auto/Clock16.xml
----------------- Instantiating /home/travis/build/icyphy/ptII/ptolemy/actor/lib/test/auto/Clock16.xml
34 ms. Memory: 877056K Free: 596984K (68%)
----------------- Invoking toplevel() on ptolemy.moml.MoMLSimpleApplication@3c7a3a25
----------------- Done invoking toplevel() on ptolemy.moml.MoMLSimpleApplication@3c7a3a25
reloadAllAccessors: .Clock16

===========================================================================================
----------------- testing Wed Dec 05 02:54:53 UTC 2018 /home/travis/build/icyphy/ptII/ptolemy/actor/lib/test/auto/Clock17.xml
----------------- Instantiating /home/travis/build/icyphy/ptII/ptolemy/actor/lib/test/auto/Clock17.xml
27 ms. Memory: 877056K Free: 581449K (66%)
----------------- Invoking toplevel() on ptolemy.moml.MoMLSimpleApplication@580e6f9b
----------------- Done invoking toplevel() on ptolemy.moml.MoMLSimpleApplication@580e6f9b
reloadAllAccessors: .Clock17

===========================================================================================
----------------- testing Wed Dec 05 02:54:53 UTC 2018 /home/travis/build/icyphy/ptII/ptolemy/actor/lib/test/auto/Clock18.xml
----------------- Instantiating /home/travis/build/icyphy/ptII/ptolemy/actor/lib/test/auto/Clock18.xml
21 ms. Memory: 877056K Free: 555852K (63%)
----------------- Invoking toplevel() on ptolemy.moml.MoMLSimpleApplication@50bef6fd
----------------- Done invoking toplevel() on ptolemy.moml.MoMLSimpleApplication@50bef6fd
reloadAllAccessors: .Clock18

===========================================================================================
----------------- testing Wed Dec 05 02:54:53 UTC 2018 /home/travis/build/icyphy/ptII/ptolemy/actor/lib/test/auto/Clock19.xml
----------------- Instantiating /home/travis/build/icyphy/ptII/ptolemy/actor/lib/test/auto/Clock19.xml
16 ms. Memory: 877056K Free: 540302K (62%)
----------------- Invoking toplevel() on ptolemy.moml.MoMLSimpleApplication@270926c1
----------------- Done invoking toplevel() on ptolemy.moml.MoMLSimpleApplication@270926c1
reloadAllAccessors: .Clock19

===========================================================================================
----------------- testing Wed Dec 05 02:54:53 UTC 2018 /home/travis/build/icyphy/ptII/ptolemy/actor/lib/test/auto/Clock2.xml
----------------- Instantiating /home/travis/build/icyphy/ptII/ptolemy/actor/lib/test/auto/Clock2.xml
7 ms. Memory: 877056K Free: 529946K (60%)
----------------- Invoking toplevel() on ptolemy.moml.MoMLSimpleApplication@9d55619
----------------- Done invoking toplevel() on ptolemy.moml.MoMLSimpleApplication@9d55619
reloadAllAccessors: .Clock2

===========================================================================================
----------------- testing Wed Dec 05 02:54:53 UTC 2018 /home/travis/build/icyphy/ptII/ptolemy/actor/lib/test/auto/Clock20.xml
----------------- Instantiating /home/travis/build/icyphy/ptII/ptolemy/actor/lib/test/auto/Clock20.xml
11 ms. Memory: 877056K Free: 519590K (59%)
----------------- Invoking toplevel() on ptolemy.moml.MoMLSimpleApplication@4f667761
----------------- Done invoking toplevel() on ptolemy.moml.MoMLSimpleApplication@4f667761
reloadAllAccessors: .Clock20

===========================================================================================
----------------- testing Wed Dec 05 02:54:53 UTC 2018 /home/travis/build/icyphy/ptII/ptolemy/actor/lib/test/auto/Clock21.xml
----------------- Instantiating /home/travis/build/icyphy/ptII/ptolemy/actor/lib/test/auto/Clock21.xml
7 ms. Memory: 877056K Free: 499187K (57%)
----------------- Invoking toplevel() on ptolemy.moml.MoMLSimpleApplication@1bc164ad
----------------- Done invoking toplevel() on ptolemy.moml.MoMLSimpleApplication@1bc164ad
reloadAllAccessors: .Clock21

===========================================================================================
----------------- testing Wed Dec 05 02:54:53 UTC 2018 /home/travis/build/icyphy/ptII/ptolemy/actor/lib/test/auto/Clock22.xml
----------------- Instantiating /home/travis/build/icyphy/ptII/ptolemy/actor/lib/test/auto/Clock22.xml
6 ms. Memory: 877056K Free: 488831K (56%)
----------------- Invoking toplevel() on ptolemy.moml.MoMLSimpleApplication@3a344eb9
----------------- Done invoking toplevel() on ptolemy.moml.MoMLSimpleApplication@3a344eb9
reloadAllAccessors: .Clock22

===========================================================================================
----------------- testing Wed Dec 05 02:54:53 UTC 2018 /home/travis/build/icyphy/ptII/ptolemy/actor/lib/test/auto/Clock23.xml
----------------- Instantiating /home/travis/build/icyphy/ptII/ptolemy/actor/lib/test/auto/Clock23.xml
8 ms. Memory: 877056K Free: 478475K (55%)
----------------- Invoking toplevel() on ptolemy.moml.MoMLSimpleApplication@76109d19
----------------- Done invoking toplevel() on ptolemy.moml.MoMLSimpleApplication@76109d19
reloadAllAccessors: .Clock23

===========================================================================================
----------------- testing Wed Dec 05 02:54:53 UTC 2018 /home/travis/build/icyphy/ptII/ptolemy/actor/lib/test/auto/Clock24.xml
----------------- Instantiating /home/travis/build/icyphy/ptII/ptolemy/actor/lib/test/auto/Clock24.xml
8 ms. Memory: 877056K Free: 468119K (53%)
----------------- Invoking toplevel() on ptolemy.moml.MoMLSimpleApplication@7bd1e4b4
----------------- Done invoking toplevel() on ptolemy.moml.MoMLSimpleApplication@7bd1e4b4
reloadAllAccessors: .Clock24

===========================================================================================
----------------- testing Wed Dec 05 02:54:53 UTC 2018 /home/travis/build/icyphy/ptII/ptolemy/actor/lib/test/auto/Clock4.xml
----------------- Instantiating /home/travis/build/icyphy/ptII/ptolemy/actor/lib/test/auto/Clock4.xml
6 ms. Memory: 877056K Free: 447715K (51%)
----------------- Invoking toplevel() on ptolemy.moml.MoMLSimpleApplication@520e2b71
----------------- Done invoking toplevel() on ptolemy.moml.MoMLSimpleApplication@520e2b71
reloadAllAccessors: .Clock4

===========================================================================================
----------------- testing Wed Dec 05 02:54:53 UTC 2018 /home/travis/build/icyphy/ptII/ptolemy/actor/lib/test/auto/Clock5.xml
----------------- Instantiating /home/travis/build/icyphy/ptII/ptolemy/actor/lib/test/auto/Clock5.xml
1 ms. Memory: 877056K Free: 437359K (50%)
----------------- Invoking toplevel() on ptolemy.moml.MoMLSimpleApplication@10dc3429
----------------- Done invoking toplevel() on ptolemy.moml.MoMLSimpleApplication@10dc3429
reloadAllAccessors: .Clock5

===========================================================================================
----------------- testing Wed Dec 05 02:54:53 UTC 2018 /home/travis/build/icyphy/ptII/ptolemy/actor/lib/test/auto/Clock6.xml
----------------- Instantiating /home/travis/build/icyphy/ptII/ptolemy/actor/lib/test/auto/Clock6.xml
2 ms. Memory: 877056K Free: 427003K (49%)
----------------- Invoking toplevel() on ptolemy.moml.MoMLSimpleApplication@5ff15a79
----------------- Done invoking toplevel() on ptolemy.moml.MoMLSimpleApplication@5ff15a79
reloadAllAccessors: .Clock6

===========================================================================================
----------------- testing Wed Dec 05 02:54:53 UTC 2018 /home/travis/build/icyphy/ptII/ptolemy/actor/lib/test/auto/Clock7.xml
----------------- Instantiating /home/travis/build/icyphy/ptII/ptolemy/actor/lib/test/auto/Clock7.xml
2 ms. Memory: 877056K Free: 416647K (48%)
----------------- Invoking toplevel() on ptolemy.moml.MoMLSimpleApplication@35604736
----------------- Done invoking toplevel() on ptolemy.moml.MoMLSimpleApplication@35604736
reloadAllAccessors: .Clock7

===========================================================================================
----------------- testing Wed Dec 05 02:54:53 UTC 2018 /home/travis/build/icyphy/ptII/ptolemy/actor/lib/test/auto/Clock8.xml
----------------- Instantiating /home/travis/build/icyphy/ptII/ptolemy/actor/lib/test/auto/Clock8.xml
6 ms. Memory: 877056K Free: 406291K (46%)
----------------- Invoking toplevel() on ptolemy.moml.MoMLSimpleApplication@4a53d0c2
----------------- Done invoking toplevel() on ptolemy.moml.MoMLSimpleApplication@4a53d0c2
reloadAllAccessors: .Clock8

===========================================================================================
----------------- testing Wed Dec 05 02:54:53 UTC 2018 /home/travis/build/icyphy/ptII/ptolemy/actor/lib/test/auto/Clock9.xml
----------------- Instantiating /home/travis/build/icyphy/ptII/ptolemy/actor/lib/test/auto/Clock9.xml
7 ms. Memory: 877056K Free: 385888K (44%)
----------------- Invoking toplevel() on ptolemy.moml.MoMLSimpleApplication@728c2344
----------------- Done invoking toplevel() on ptolemy.moml.MoMLSimpleApplication@728c2344
reloadAllAccessors: .Clock9

===========================================================================================
----------------- testing Wed Dec 05 02:54:53 UTC 2018 /home/travis/build/icyphy/ptII/ptolemy/actor/lib/test/auto/CommDistDiscard.xml
----------------- Instantiating /home/travis/build/icyphy/ptII/ptolemy/actor/lib/test/auto/CommDistDiscard.xml
5 ms. Memory: 877056K Free: 375532K (43%)
----------------- Invoking toplevel() on ptolemy.moml.MoMLSimpleApplication@a60fbc3
----------------- Done invoking toplevel() on ptolemy.moml.MoMLSimpleApplication@a60fbc3
reloadAllAccessors: .CommDistDiscard

===========================================================================================
----------------- testing Wed Dec 05 02:54:54 UTC 2018 /home/travis/build/icyphy/ptII/ptolemy/actor/lib/test/auto/Commutator.xml
----------------- Instantiating /home/travis/build/icyphy/ptII/ptolemy/actor/lib/test/auto/Commutator.xml
2 ms. Memory: 877056K Free: 365176K (42%)
----------------- Invoking toplevel() on ptolemy.moml.MoMLSimpleApplication@5ae4a5b4
----------------- Done invoking toplevel() on ptolemy.moml.MoMLSimpleApplication@5ae4a5b4
reloadAllAccessors: .Commutator

===========================================================================================
----------------- testing Wed Dec 05 02:54:54 UTC 2018 /home/travis/build/icyphy/ptII/ptolemy/actor/lib/test/auto/Commutator2.xml
----------------- Instantiating /home/travis/build/icyphy/ptII/ptolemy/actor/lib/test/auto/Commutator2.xml
2 ms. Memory: 877056K Free: 354819K (40%)
----------------- Invoking toplevel() on ptolemy.moml.MoMLSimpleApplication@4cb1ebce
----------------- Done invoking toplevel() on ptolemy.moml.MoMLSimpleApplication@4cb1ebce
reloadAllAccessors: .Commutator2

===========================================================================================
----------------- testing Wed Dec 05 02:54:54 UTC 2018 /home/travis/build/icyphy/ptII/ptolemy/actor/lib/test/auto/Commutator3.xml
----------------- Instantiating /home/travis/build/icyphy/ptII/ptolemy/actor/lib/test/auto/Commutator3.xml
1 ms. Memory: 877056K Free: 334416K (38%)
----------------- Invoking toplevel() on ptolemy.moml.MoMLSimpleApplication@77bf46cd
----------------- Done invoking toplevel() on ptolemy.moml.MoMLSimpleApplication@77bf46cd
reloadAllAccessors: .Commutator3

===========================================================================================
----------------- testing Wed Dec 05 02:54:54 UTC 2018 /home/travis/build/icyphy/ptII/ptolemy/actor/lib/test/auto/Compare.xml
----------------- Instantiating /home/travis/build/icyphy/ptII/ptolemy/actor/lib/test/auto/Compare.xml
2 ms. Memory: 877056K Free: 324060K (37%)
----------------- Invoking toplevel() on ptolemy.moml.MoMLSimpleApplication@5ed95722
----------------- Done invoking toplevel() on ptolemy.moml.MoMLSimpleApplication@5ed95722
reloadAllAccessors: .Compare

===========================================================================================
----------------- testing Wed Dec 05 02:54:54 UTC 2018 /home/travis/build/icyphy/ptII/ptolemy/actor/lib/test/auto/CompareDE.xml
----------------- Instantiating /home/travis/build/icyphy/ptII/ptolemy/actor/lib/test/auto/CompareDE.xml
5 ms. Memory: 877056K Free: 313704K (36%)
----------------- Invoking toplevel() on ptolemy.moml.MoMLSimpleApplication@1581a3b1
----------------- Done invoking toplevel() on ptolemy.moml.MoMLSimpleApplication@1581a3b1
reloadAllAccessors: .CompareDE

===========================================================================================
----------------- testing Wed Dec 05 02:54:54 UTC 2018 /home/travis/build/icyphy/ptII/ptolemy/actor/lib/test/auto/ComplexDivide.xml
----------------- Instantiating /home/travis/build/icyphy/ptII/ptolemy/actor/lib/test/auto/ComplexDivide.xml
3 ms. Memory: 877056K Free: 303348K (35%)
----------------- Invoking toplevel() on ptolemy.moml.MoMLSimpleApplication@403c7074
----------------- Done invoking toplevel() on ptolemy.moml.MoMLSimpleApplication@403c7074
reloadAllAccessors: .ComplexDivide

===========================================================================================
----------------- testing Wed Dec 05 02:54:54 UTC 2018 /home/travis/build/icyphy/ptII/ptolemy/actor/lib/test/auto/ComputeHistogram.xml
----------------- Instantiating /home/travis/build/icyphy/ptII/ptolemy/actor/lib/test/auto/ComputeHistogram.xml
39 ms. Memory: 877056K Free: 287814K (33%)
----------------- Invoking toplevel() on ptolemy.moml.MoMLSimpleApplication@797faf64
----------------- Done invoking toplevel() on ptolemy.moml.MoMLSimpleApplication@797faf64
reloadAllAccessors: .ComputeHistogram

===========================================================================================
----------------- testing Wed Dec 05 02:54:54 UTC 2018 /home/travis/build/icyphy/ptII/ptolemy/actor/lib/test/auto/ConfigurationSelect.xml
----------------- Instantiating /home/travis/build/icyphy/ptII/ptolemy/actor/lib/test/auto/ConfigurationSelect.xml
5 ms. Memory: 877056K Free: 267411K (30%)
----------------- Invoking toplevel() on ptolemy.moml.MoMLSimpleApplication@3db355e6
----------------- Done invoking toplevel() on ptolemy.moml.MoMLSimpleApplication@3db355e6
reloadAllAccessors: .ConfigurationSelect

===========================================================================================
----------------- testing Wed Dec 05 02:54:54 UTC 2018 /home/travis/build/icyphy/ptII/ptolemy/actor/lib/test/auto/ConfigurationSelect2.xml
----------------- Instantiating /home/travis/build/icyphy/ptII/ptolemy/actor/lib/test/auto/ConfigurationSelect2.xml
3 ms. Memory: 877056K Free: 257055K (29%)
----------------- Invoking toplevel() on ptolemy.moml.MoMLSimpleApplication@55a67b88
----------------- Done invoking toplevel() on ptolemy.moml.MoMLSimpleApplication@55a67b88
reloadAllAccessors: .ConfigurationSelect2

===========================================================================================
----------------- testing Wed Dec 05 02:54:54 UTC 2018 /home/travis/build/icyphy/ptII/ptolemy/actor/lib/test/auto/ConfigurationSwitch.xml
----------------- Instantiating /home/travis/build/icyphy/ptII/ptolemy/actor/lib/test/auto/ConfigurationSwitch.xml
3 ms. Memory: 877056K Free: 246698K (28%)
----------------- Invoking toplevel() on ptolemy.moml.MoMLSimpleApplication@2f9d7fd0
----------------- Done invoking toplevel() on ptolemy.moml.MoMLSimpleApplication@2f9d7fd0
reloadAllAccessors: .ConfigurationSwitch

===========================================================================================
----------------- testing Wed Dec 05 02:54:54 UTC 2018 /home/travis/build/icyphy/ptII/ptolemy/actor/lib/test/auto/ConfigurationSwitch2.xml
----------------- Instantiating /home/travis/build/icyphy/ptII/ptolemy/actor/lib/test/auto/ConfigurationSwitch2.xml
4 ms. Memory: 877056K Free: 236342K (27%)
----------------- Invoking toplevel() on ptolemy.moml.MoMLSimpleApplication@c8778a4
----------------- Done invoking toplevel() on ptolemy.moml.MoMLSimpleApplication@c8778a4
reloadAllAccessors: .ConfigurationSwitch2

===========================================================================================
----------------- testing Wed Dec 05 02:54:54 UTC 2018 /home/travis/build/icyphy/ptII/ptolemy/actor/lib/test/auto/ConfigurationSwitchCloningBugWithClassRelationGroup.xml
----------------- Instantiating /home/travis/build/icyphy/ptII/ptolemy/actor/lib/test/auto/ConfigurationSwitchCloningBugWithClassRelationGroup.xml
2 ms. Memory: 877056K Free: 215939K (25%)
----------------- Invoking toplevel() on ptolemy.moml.MoMLSimpleApplication@5f7c4e4e
----------------- Done invoking toplevel() on ptolemy.moml.MoMLSimpleApplication@5f7c4e4e
reloadAllAccessors: .ConfigurationSwitchCloningBugWithClassRelationGroup

===========================================================================================
----------------- testing Wed Dec 05 02:54:54 UTC 2018 /home/travis/build/icyphy/ptII/ptolemy/actor/lib/test/auto/ConfigurationSwitchSelectSDF.xml
----------------- Instantiating /home/travis/build/icyphy/ptII/ptolemy/actor/lib/test/auto/ConfigurationSwitchSelectSDF.xml
2 ms. Memory: 877056K Free: 205583K (23%)
----------------- Invoking toplevel() on ptolemy.moml.MoMLSimpleApplication@7f7be7df
----------------- Done invoking toplevel() on ptolemy.moml.MoMLSimpleApplication@7f7be7df
reloadAllAccessors: .ConfigurationSwitchSelectSDF

===========================================================================================
----------------- testing Wed Dec 05 02:54:54 UTC 2018 /home/travis/build/icyphy/ptII/ptolemy/actor/lib/test/auto/ConfigurationSwitchSelectSDF2.xml
----------------- Instantiating /home/travis/build/icyphy/ptII/ptolemy/actor/lib/test/auto/ConfigurationSwitchSelectSDF2.xml
2 ms. Memory: 877056K Free: 195227K (22%)
----------------- Invoking toplevel() on ptolemy.moml.MoMLSimpleApplication@71b48fba
----------------- Done invoking toplevel() on ptolemy.moml.MoMLSimpleApplication@71b48fba
reloadAllAccessors: .ConfigurationSwitchSelectSDF2

===========================================================================================
----------------- testing Wed Dec 05 02:54:54 UTC 2018 /home/travis/build/icyphy/ptII/ptolemy/actor/lib/test/auto/Const.xml
----------------- Instantiating /home/travis/build/icyphy/ptII/ptolemy/actor/lib/test/auto/Const.xml
1 ms. Memory: 877056K Free: 184871K (21%)
----------------- Invoking toplevel() on ptolemy.moml.MoMLSimpleApplication@ad6e47f
----------------- Done invoking toplevel() on ptolemy.moml.MoMLSimpleApplication@ad6e47f
reloadAllAccessors: .Const

===========================================================================================
----------------- testing Wed Dec 05 02:54:54 UTC 2018 /home/travis/build/icyphy/ptII/ptolemy/actor/lib/test/auto/Const2.xml
----------------- Instantiating /home/travis/build/icyphy/ptII/ptolemy/actor/lib/test/auto/Const2.xml
2 ms. Memory: 877056K Free: 174515K (20%)
----------------- Invoking toplevel() on ptolemy.moml.MoMLSimpleApplication@7b460ebb
----------------- Done invoking toplevel() on ptolemy.moml.MoMLSimpleApplication@7b460ebb
reloadAllAccessors: .Const2

===========================================================================================
----------------- testing Wed Dec 05 02:54:54 UTC 2018 /home/travis/build/icyphy/ptII/ptolemy/actor/lib/test/auto/Const3.xml
----------------- Instantiating /home/travis/build/icyphy/ptII/ptolemy/actor/lib/test/auto/Const3.xml
2 ms. Memory: 877056K Free: 154112K (18%)
----------------- Invoking toplevel() on ptolemy.moml.MoMLSimpleApplication@414b999c
----------------- Done invoking toplevel() on ptolemy.moml.MoMLSimpleApplication@414b999c
reloadAllAccessors: .Const3

===========================================================================================
----------------- testing Wed Dec 05 02:54:54 UTC 2018 /home/travis/build/icyphy/ptII/ptolemy/actor/lib/test/auto/ConstantPublisherPort1.xml
----------------- Instantiating /home/travis/build/icyphy/ptII/ptolemy/actor/lib/test/auto/ConstantPublisherPort1.xml
5 ms. Memory: 877056K Free: 138561K (16%)
----------------- Invoking toplevel() on ptolemy.moml.MoMLSimpleApplication@a2e772f
----------------- Done invoking toplevel() on ptolemy.moml.MoMLSimpleApplication@a2e772f
reloadAllAccessors: .ConstantPublisherPort1

===========================================================================================
----------------- testing Wed Dec 05 02:54:54 UTC 2018 /home/travis/build/icyphy/ptII/ptolemy/actor/lib/test/auto/ConstantPublisherPort2.xml
----------------- Instantiating /home/travis/build/icyphy/ptII/ptolemy/actor/lib/test/auto/ConstantPublisherPort2.xml
9 ms. Memory: 877056K Free: 123019K (14%)
----------------- Invoking toplevel() on ptolemy.moml.MoMLSimpleApplication@7990e830
----------------- Done invoking toplevel() on ptolemy.moml.MoMLSimpleApplication@7990e830
reloadAllAccessors: .ConstantPublisherPort2

===========================================================================================
----------------- testing Wed Dec 05 02:54:54 UTC 2018 /home/travis/build/icyphy/ptII/ptolemy/actor/lib/test/auto/ConstantPublisherPort3.xml
----------------- Instantiating /home/travis/build/icyphy/ptII/ptolemy/actor/lib/test/auto/ConstantPublisherPort3.xml
4 ms. Memory: 877056K Free: 107477K (12%)
----------------- Invoking toplevel() on ptolemy.moml.MoMLSimpleApplication@2413c4b1
----------------- Done invoking toplevel() on ptolemy.moml.MoMLSimpleApplication@2413c4b1
reloadAllAccessors: .ConstantPublisherPort3

===========================================================================================
----------------- testing Wed Dec 05 02:54:54 UTC 2018 /home/travis/build/icyphy/ptII/ptolemy/actor/lib/test/auto/ConstantPublisherPort4.xml
----------------- Instantiating /home/travis/build/icyphy/ptII/ptolemy/actor/lib/test/auto/ConstantPublisherPort4.xml
2 ms. Memory: 877056K Free: 87074K (10%)
----------------- Invoking toplevel() on ptolemy.moml.MoMLSimpleApplication@528910da
----------------- Done invoking toplevel() on ptolemy.moml.MoMLSimpleApplication@528910da
reloadAllAccessors: .ConstantPublisherPort4

===========================================================================================
----------------- testing Wed Dec 05 02:54:54 UTC 2018 /home/travis/build/icyphy/ptII/ptolemy/actor/lib/test/auto/ConstantPublisherPort5.xml
----------------- Instantiating /home/travis/build/icyphy/ptII/ptolemy/actor/lib/test/auto/ConstantPublisherPort5.xml
40 ms. Memory: 878080K Free: 826847K (94%)
----------------- Invoking toplevel() on ptolemy.moml.MoMLSimpleApplication@5b8e1c7d
----------------- Done invoking toplevel() on ptolemy.moml.MoMLSimpleApplication@5b8e1c7d
reloadAllAccessors: .ConstantPublisherPort5

===========================================================================================
----------------- testing Wed Dec 05 02:54:54 UTC 2018 /home/travis/build/icyphy/ptII/ptolemy/actor/lib/test/auto/ConstantPublisherPort6.xml
----------------- Instantiating /home/travis/build/icyphy/ptII/ptolemy/actor/lib/test/auto/ConstantPublisherPort6.xml
15 ms. Memory: 878080K Free: 793473K (90%)
----------------- Invoking toplevel() on ptolemy.moml.MoMLSimpleApplication@53eff9a5
----------------- Done invoking toplevel() on ptolemy.moml.MoMLSimpleApplication@53eff9a5
reloadAllAccessors: .ConstantPublisherPort6

===========================================================================================
----------------- testing Wed Dec 05 02:54:54 UTC 2018 /home/travis/build/icyphy/ptII/ptolemy/actor/lib/test/auto/ConstantPublisherPort7.xml
----------------- Instantiating /home/travis/build/icyphy/ptII/ptolemy/actor/lib/test/auto/ConstantPublisherPort7.xml
13 ms. Memory: 878080K Free: 770164K (88%)
----------------- Invoking toplevel() on ptolemy.moml.MoMLSimpleApplication@3fa904e8
----------------- Done invoking toplevel() on ptolemy.moml.MoMLSimpleApplication@3fa904e8
reloadAllAccessors: .ConstantPublisherPort7

===========================================================================================
----------------- testing Wed Dec 05 02:54:54 UTC 2018 /home/travis/build/icyphy/ptII/ptolemy/actor/lib/test/auto/ConstraintMonitor1.xml
----------------- Instantiating /home/travis/build/icyphy/ptII/ptolemy/actor/lib/test/auto/ConstraintMonitor1.xml
2 ms. Memory: 878080K Free: 762397K (87%)
----------------- Invoking toplevel() on ptolemy.moml.MoMLSimpleApplication@4bca5139
----------------- Done invoking toplevel() on ptolemy.moml.MoMLSimpleApplication@4bca5139
reloadAllAccessors: .ConstraintMonitor1

===========================================================================================
----------------- testing Wed Dec 05 02:54:54 UTC 2018 /home/travis/build/icyphy/ptII/ptolemy/actor/lib/test/auto/ConstraintMonitor2.xml
----------------- Instantiating /home/travis/build/icyphy/ptII/ptolemy/actor/lib/test/auto/ConstraintMonitor2.xml
1 ms. Memory: 878080K Free: 747197K (85%)
----------------- Invoking toplevel() on ptolemy.moml.MoMLSimpleApplication@785deb80
----------------- Done invoking toplevel() on ptolemy.moml.MoMLSimpleApplication@785deb80
reloadAllAccessors: .ConstraintMonitor2

===========================================================================================
----------------- testing Wed Dec 05 02:54:54 UTC 2018 /home/travis/build/icyphy/ptII/ptolemy/actor/lib/test/auto/ConstraintMonitor3.xml
----------------- Instantiating /home/travis/build/icyphy/ptII/ptolemy/actor/lib/test/auto/ConstraintMonitor3.xml
3 ms. Memory: 878080K Free: 739430K (84%)
----------------- Invoking toplevel() on ptolemy.moml.MoMLSimpleApplication@c4ce6a4
----------------- Done invoking toplevel() on ptolemy.moml.MoMLSimpleApplication@c4ce6a4
reloadAllAccessors: .ConstraintMonitor3

===========================================================================================
----------------- testing Wed Dec 05 02:54:54 UTC 2018 /home/travis/build/icyphy/ptII/ptolemy/actor/lib/test/auto/ConstraintMonitor4.xml
----------------- Instantiating /home/travis/build/icyphy/ptII/ptolemy/actor/lib/test/auto/ConstraintMonitor4.xml
3 ms. Memory: 878080K Free: 731663K (83%)
----------------- Invoking toplevel() on ptolemy.moml.MoMLSimpleApplication@6b8ce5e6
----------------- Done invoking toplevel() on ptolemy.moml.MoMLSimpleApplication@6b8ce5e6
reloadAllAccessors: .ConstraintMonitor4

===========================================================================================
----------------- testing Wed Dec 05 02:54:54 UTC 2018 /home/travis/build/icyphy/ptII/ptolemy/actor/lib/test/auto/ConstraintMonitor5.xml
----------------- Instantiating /home/travis/build/icyphy/ptII/ptolemy/actor/lib/test/auto/ConstraintMonitor5.xml
2 ms. Memory: 878080K Free: 716463K (82%)
----------------- Invoking toplevel() on ptolemy.moml.MoMLSimpleApplication@e506537
----------------- Done invoking toplevel() on ptolemy.moml.MoMLSimpleApplication@e506537
reloadAllAccessors: .ConstraintMonitor5

===========================================================================================
----------------- testing Wed Dec 05 02:54:54 UTC 2018 /home/travis/build/icyphy/ptII/ptolemy/actor/lib/test/auto/ConstraintMonitor6.xml
----------------- Instantiating /home/travis/build/icyphy/ptII/ptolemy/actor/lib/test/auto/ConstraintMonitor6.xml
2 ms. Memory: 878080K Free: 704812K (80%)
----------------- Invoking toplevel() on ptolemy.moml.MoMLSimpleApplication@2d172d77
----------------- Done invoking toplevel() on ptolemy.moml.MoMLSimpleApplication@2d172d77
reloadAllAccessors: .ConstraintMonitor6

===========================================================================================
----------------- testing Wed Dec 05 02:54:54 UTC 2018 /home/travis/build/icyphy/ptII/ptolemy/actor/lib/test/auto/ConstraintMonitor7.xml
----------------- Instantiating /home/travis/build/icyphy/ptII/ptolemy/actor/lib/test/auto/ConstraintMonitor7.xml
3 ms. Memory: 878080K Free: 693162K (79%)
----------------- Invoking toplevel() on ptolemy.moml.MoMLSimpleApplication@4defa00b
----------------- Done invoking toplevel() on ptolemy.moml.MoMLSimpleApplication@4defa00b
reloadAllAccessors: .ConstraintMonitor7

===========================================================================================
----------------- testing Wed Dec 05 02:54:54 UTC 2018 /home/travis/build/icyphy/ptII/ptolemy/actor/lib/test/auto/ConstraintMonitor8.xml
----------------- Instantiating /home/travis/build/icyphy/ptII/ptolemy/actor/lib/test/auto/ConstraintMonitor8.xml
8 ms. Memory: 878080K Free: 674062K (77%)
----------------- Invoking toplevel() on ptolemy.moml.MoMLSimpleApplication@493cb26
----------------- Done invoking toplevel() on ptolemy.moml.MoMLSimpleApplication@493cb26
reloadAllAccessors: .ConstraintMonitor8

===========================================================================================
----------------- testing Wed Dec 05 02:54:54 UTC 2018 /home/travis/build/icyphy/ptII/ptolemy/actor/lib/test/auto/Counter.xml
----------------- Instantiating /home/travis/build/icyphy/ptII/ptolemy/actor/lib/test/auto/Counter.xml
3 ms. Memory: 878080K Free: 666295K (76%)
----------------- Invoking toplevel() on ptolemy.moml.MoMLSimpleApplication@726e631c
----------------- Done invoking toplevel() on ptolemy.moml.MoMLSimpleApplication@726e631c
reloadAllAccessors: .Counter

===========================================================================================
----------------- testing Wed Dec 05 02:54:54 UTC 2018 /home/travis/build/icyphy/ptII/ptolemy/actor/lib/test/auto/CurrentTimeSDF.xml
----------------- Instantiating /home/travis/build/icyphy/ptII/ptolemy/actor/lib/test/auto/CurrentTimeSDF.xml
1 ms. Memory: 878080K Free: 658528K (75%)
----------------- Invoking toplevel() on ptolemy.moml.MoMLSimpleApplication@51048ee9
----------------- Done invoking toplevel() on ptolemy.moml.MoMLSimpleApplication@51048ee9
reloadAllAccessors: .CurrentTimeSDF

===========================================================================================
----------------- testing Wed Dec 05 02:54:54 UTC 2018 /home/travis/build/icyphy/ptII/ptolemy/actor/lib/test/auto/DB.xml
----------------- Instantiating /home/travis/build/icyphy/ptII/ptolemy/actor/lib/test/auto/DB.xml
2 ms. Memory: 878080K Free: 643328K (73%)
----------------- Invoking toplevel() on ptolemy.moml.MoMLSimpleApplication@1c283bd6
----------------- Done invoking toplevel() on ptolemy.moml.MoMLSimpleApplication@1c283bd6
reloadAllAccessors: .DB

===========================================================================================
----------------- testing Wed Dec 05 02:54:54 UTC 2018 /home/travis/build/icyphy/ptII/ptolemy/actor/lib/test/auto/DBDE.xml
----------------- Instantiating /home/travis/build/icyphy/ptII/ptolemy/actor/lib/test/auto/DBDE.xml
2 ms. Memory: 878080K Free: 631662K (72%)
----------------- Invoking toplevel() on ptolemy.moml.MoMLSimpleApplication@7dba3d89
----------------- Done invoking toplevel() on ptolemy.moml.MoMLSimpleApplication@7dba3d89
reloadAllAccessors: .DBDE

===========================================================================================
----------------- testing Wed Dec 05 02:54:55 UTC 2018 /home/travis/build/icyphy/ptII/ptolemy/actor/lib/test/auto/DateConstructor.xml
----------------- Instantiating /home/travis/build/icyphy/ptII/ptolemy/actor/lib/test/auto/DateConstructor.xml
13 ms. Memory: 878080K Free: 612204K (70%)
----------------- Invoking toplevel() on ptolemy.moml.MoMLSimpleApplication@212a959
----------------- Done invoking toplevel() on ptolemy.moml.MoMLSimpleApplication@212a959
reloadAllAccessors: .DateConstructor

===========================================================================================
----------------- testing Wed Dec 05 02:54:55 UTC 2018 /home/travis/build/icyphy/ptII/ptolemy/actor/lib/test/auto/DelayTime.xml
----------------- Instantiating /home/travis/build/icyphy/ptII/ptolemy/actor/lib/test/auto/DelayTime.xml
2 ms. Memory: 878080K Free: 604437K (69%)
----------------- Invoking toplevel() on ptolemy.moml.MoMLSimpleApplication@660558b6
----------------- Done invoking toplevel() on ptolemy.moml.MoMLSimpleApplication@660558b6
reloadAllAccessors: .DelayTime

===========================================================================================
----------------- testing Wed Dec 05 02:54:55 UTC 2018 /home/travis/build/icyphy/ptII/ptolemy/actor/lib/test/auto/Dictionary1.xml
----------------- Instantiating /home/travis/build/icyphy/ptII/ptolemy/actor/lib/test/auto/Dictionary1.xml
1 ms. Memory: 878080K Free: 589237K (67%)
----------------- Invoking toplevel() on ptolemy.moml.MoMLSimpleApplication@dbce68c
----------------- Done invoking toplevel() on ptolemy.moml.MoMLSimpleApplication@dbce68c
reloadAllAccessors: .Dictionary1

===========================================================================================
----------------- testing Wed Dec 05 02:54:55 UTC 2018 /home/travis/build/icyphy/ptII/ptolemy/actor/lib/test/auto/Dictionary2.xml
----------------- Instantiating /home/travis/build/icyphy/ptII/ptolemy/actor/lib/test/auto/Dictionary2.xml
4 ms. Memory: 878080K Free: 581470K (66%)
----------------- Invoking toplevel() on ptolemy.moml.MoMLSimpleApplication@17d554b9
----------------- Done invoking toplevel() on ptolemy.moml.MoMLSimpleApplication@17d554b9
reloadAllAccessors: .Dictionary2

===========================================================================================
----------------- testing Wed Dec 05 02:54:55 UTC 2018 /home/travis/build/icyphy/ptII/ptolemy/actor/lib/test/auto/Dictionary3.xml
----------------- Instantiating /home/travis/build/icyphy/ptII/ptolemy/actor/lib/test/auto/Dictionary3.xml
1 ms. Memory: 878080K Free: 573703K (65%)
----------------- Invoking toplevel() on ptolemy.moml.MoMLSimpleApplication@1e430f86
----------------- Done invoking toplevel() on ptolemy.moml.MoMLSimpleApplication@1e430f86
reloadAllAccessors: .Dictionary3

===========================================================================================
----------------- testing Wed Dec 05 02:54:55 UTC 2018 /home/travis/build/icyphy/ptII/ptolemy/actor/lib/test/auto/Dictionary4.xml
----------------- Instantiating /home/travis/build/icyphy/ptII/ptolemy/actor/lib/test/auto/Dictionary4.xml
2 ms. Memory: 878080K Free: 554604K (63%)
----------------- Invoking toplevel() on ptolemy.moml.MoMLSimpleApplication@10ec5640
----------------- Done invoking toplevel() on ptolemy.moml.MoMLSimpleApplication@10ec5640
reloadAllAccessors: .Dictionary4

===========================================================================================
----------------- testing Wed Dec 05 02:54:55 UTC 2018 /home/travis/build/icyphy/ptII/ptolemy/actor/lib/test/auto/Differential.xml
----------------- Instantiating /home/travis/build/icyphy/ptII/ptolemy/actor/lib/test/auto/Differential.xml
3 ms. Memory: 878080K Free: 546837K (62%)
----------------- Invoking toplevel() on ptolemy.moml.MoMLSimpleApplication@4f36ecd5
----------------- Done invoking toplevel() on ptolemy.moml.MoMLSimpleApplication@4f36ecd5
reloadAllAccessors: .Differential

===========================================================================================
----------------- testing Wed Dec 05 02:54:55 UTC 2018 /home/travis/build/icyphy/ptII/ptolemy/actor/lib/test/auto/Director.xml
----------------- Instantiating /home/travis/build/icyphy/ptII/ptolemy/actor/lib/test/auto/Director.xml
3 ms. Memory: 878080K Free: 539070K (61%)
----------------- Invoking toplevel() on ptolemy.moml.MoMLSimpleApplication@3eaa6f2
----------------- Done invoking toplevel() on ptolemy.moml.MoMLSimpleApplication@3eaa6f2
reloadAllAccessors: .Director

===========================================================================================
----------------- testing Wed Dec 05 02:54:55 UTC 2018 /home/travis/build/icyphy/ptII/ptolemy/actor/lib/test/auto/DiscreteClock.xml
----------------- Instantiating /home/travis/build/icyphy/ptII/ptolemy/actor/lib/test/auto/DiscreteClock.xml
1 ms. Memory: 878080K Free: 523870K (60%)
----------------- Invoking toplevel() on ptolemy.moml.MoMLSimpleApplication@212b2e1e
----------------- Done invoking toplevel() on ptolemy.moml.MoMLSimpleApplication@212b2e1e
reloadAllAccessors: .DiscreteClock

===========================================================================================
----------------- testing Wed Dec 05 02:54:55 UTC 2018 /home/travis/build/icyphy/ptII/ptolemy/actor/lib/test/auto/DiscreteClock10.xml
----------------- Instantiating /home/travis/build/icyphy/ptII/ptolemy/actor/lib/test/auto/DiscreteClock10.xml
2 ms. Memory: 878080K Free: 516103K (59%)
----------------- Invoking toplevel() on ptolemy.moml.MoMLSimpleApplication@15b42a12
----------------- Done invoking toplevel() on ptolemy.moml.MoMLSimpleApplication@15b42a12
reloadAllAccessors: .DiscreteClock10

===========================================================================================
----------------- testing Wed Dec 05 02:54:55 UTC 2018 /home/travis/build/icyphy/ptII/ptolemy/actor/lib/test/auto/DiscreteClock11.xml
----------------- Instantiating /home/travis/build/icyphy/ptII/ptolemy/actor/lib/test/auto/DiscreteClock11.xml
1 ms. Memory: 878080K Free: 508336K (58%)
----------------- Invoking toplevel() on ptolemy.moml.MoMLSimpleApplication@113ef000
----------------- Done invoking toplevel() on ptolemy.moml.MoMLSimpleApplication@113ef000
reloadAllAccessors: .DiscreteClock11

===========================================================================================
----------------- testing Wed Dec 05 02:54:55 UTC 2018 /home/travis/build/icyphy/ptII/ptolemy/actor/lib/test/auto/DiscreteClock12.xml
----------------- Instantiating /home/travis/build/icyphy/ptII/ptolemy/actor/lib/test/auto/DiscreteClock12.xml
3 ms. Memory: 878080K Free: 493136K (56%)
----------------- Invoking toplevel() on ptolemy.moml.MoMLSimpleApplication@49a994dc
----------------- Done invoking toplevel() on ptolemy.moml.MoMLSimpleApplication@49a994dc
reloadAllAccessors: .DiscreteClock12

===========================================================================================
----------------- testing Wed Dec 05 02:54:55 UTC 2018 /home/travis/build/icyphy/ptII/ptolemy/actor/lib/test/auto/DiscreteClock13.xml
----------------- Instantiating /home/travis/build/icyphy/ptII/ptolemy/actor/lib/test/auto/DiscreteClock13.xml
8 ms. Memory: 878080K Free: 485369K (55%)
----------------- Invoking toplevel() on ptolemy.moml.MoMLSimpleApplication@612c94fe
----------------- Done invoking toplevel() on ptolemy.moml.MoMLSimpleApplication@612c94fe
reloadAllAccessors: .DiscreteClock13

===========================================================================================
----------------- testing Wed Dec 05 02:54:55 UTC 2018 /home/travis/build/icyphy/ptII/ptolemy/actor/lib/test/auto/DiscreteClock14.xml
----------------- Instantiating /home/travis/build/icyphy/ptII/ptolemy/actor/lib/test/auto/DiscreteClock14.xml
7 ms. Memory: 878080K Free: 477602K (54%)
----------------- Invoking toplevel() on ptolemy.moml.MoMLSimpleApplication@5d09068f
----------------- Done invoking toplevel() on ptolemy.moml.MoMLSimpleApplication@5d09068f
reloadAllAccessors: .DiscreteClock14

===========================================================================================
----------------- testing Wed Dec 05 02:54:55 UTC 2018 /home/travis/build/icyphy/ptII/ptolemy/actor/lib/test/auto/DiscreteClock15.xml
----------------- Instantiating /home/travis/build/icyphy/ptII/ptolemy/actor/lib/test/auto/DiscreteClock15.xml
7 ms. Memory: 878080K Free: 462402K (53%)
----------------- Invoking toplevel() on ptolemy.moml.MoMLSimpleApplication@4194213a
----------------- Done invoking toplevel() on ptolemy.moml.MoMLSimpleApplication@4194213a
reloadAllAccessors: .DiscreteClock15

===========================================================================================
----------------- testing Wed Dec 05 02:54:55 UTC 2018 /home/travis/build/icyphy/ptII/ptolemy/actor/lib/test/auto/DiscreteClock16.xml
----------------- Instantiating /home/travis/build/icyphy/ptII/ptolemy/actor/lib/test/auto/DiscreteClock16.xml
18 ms. Memory: 878080K Free: 446576K (51%)
----------------- Invoking toplevel() on ptolemy.moml.MoMLSimpleApplication@5362b549
----------------- Done invoking toplevel() on ptolemy.moml.MoMLSimpleApplication@5362b549
reloadAllAccessors: .DiscreteClock16

===========================================================================================
----------------- testing Wed Dec 05 02:54:55 UTC 2018 /home/travis/build/icyphy/ptII/ptolemy/actor/lib/test/auto/DiscreteClock17.xml
----------------- Instantiating /home/travis/build/icyphy/ptII/ptolemy/actor/lib/test/auto/DiscreteClock17.xml
15 ms. Memory: 878080K Free: 431041K (49%)
----------------- Invoking toplevel() on ptolemy.moml.MoMLSimpleApplication@1a612bff
----------------- Done invoking toplevel() on ptolemy.moml.MoMLSimpleApplication@1a612bff
reloadAllAccessors: .DiscreteClock17

===========================================================================================
----------------- testing Wed Dec 05 02:54:55 UTC 2018 /home/travis/build/icyphy/ptII/ptolemy/actor/lib/test/auto/DiscreteClock18.xml
----------------- Instantiating /home/travis/build/icyphy/ptII/ptolemy/actor/lib/test/auto/DiscreteClock18.xml
17 ms. Memory: 878080K Free: 415491K (47%)
----------------- Invoking toplevel() on ptolemy.moml.MoMLSimpleApplication@9a64620
----------------- Done invoking toplevel() on ptolemy.moml.MoMLSimpleApplication@9a64620
reloadAllAccessors: .DiscreteClock18

===========================================================================================
----------------- testing Wed Dec 05 02:54:55 UTC 2018 /home/travis/build/icyphy/ptII/ptolemy/actor/lib/test/auto/DiscreteClock19.xml
----------------- Instantiating /home/travis/build/icyphy/ptII/ptolemy/actor/lib/test/auto/DiscreteClock19.xml
21 ms. Memory: 878080K Free: 392508K (45%)
----------------- Invoking toplevel() on ptolemy.moml.MoMLSimpleApplication@fc66f6d
----------------- Done invoking toplevel() on ptolemy.moml.MoMLSimpleApplication@fc66f6d
reloadAllAccessors: .DiscreteClock19

===========================================================================================
----------------- testing Wed Dec 05 02:54:55 UTC 2018 /home/travis/build/icyphy/ptII/ptolemy/actor/lib/test/auto/DiscreteClock2.xml
----------------- Instantiating /home/travis/build/icyphy/ptII/ptolemy/actor/lib/test/auto/DiscreteClock2.xml
6 ms. Memory: 878080K Free: 384741K (44%)
----------------- Invoking toplevel() on ptolemy.moml.MoMLSimpleApplication@4ea25664
----------------- Done invoking toplevel() on ptolemy.moml.MoMLSimpleApplication@4ea25664
reloadAllAccessors: .DiscreteClock2

===========================================================================================
----------------- testing Wed Dec 05 02:54:55 UTC 2018 /home/travis/build/icyphy/ptII/ptolemy/actor/lib/test/auto/DiscreteClock20.xml
----------------- Instantiating /home/travis/build/icyphy/ptII/ptolemy/actor/lib/test/auto/DiscreteClock20.xml
8 ms. Memory: 878080K Free: 376974K (43%)
----------------- Invoking toplevel() on ptolemy.moml.MoMLSimpleApplication@2886b9
----------------- Done invoking toplevel() on ptolemy.moml.MoMLSimpleApplication@2886b9
reloadAllAccessors: .DiscreteClock20

===========================================================================================
----------------- testing Wed Dec 05 02:54:55 UTC 2018 /home/travis/build/icyphy/ptII/ptolemy/actor/lib/test/auto/DiscreteClock21.xml
----------------- Instantiating /home/travis/build/icyphy/ptII/ptolemy/actor/lib/test/auto/DiscreteClock21.xml
7 ms. Memory: 878080K Free: 361774K (41%)
----------------- Invoking toplevel() on ptolemy.moml.MoMLSimpleApplication@34744944
----------------- Done invoking toplevel() on ptolemy.moml.MoMLSimpleApplication@34744944
reloadAllAccessors: .DiscreteClock21

===========================================================================================
----------------- testing Wed Dec 05 02:54:55 UTC 2018 /home/travis/build/icyphy/ptII/ptolemy/actor/lib/test/auto/DiscreteClock22.xml
----------------- Instantiating /home/travis/build/icyphy/ptII/ptolemy/actor/lib/test/auto/DiscreteClock22.xml
8 ms. Memory: 878080K Free: 354007K (40%)
----------------- Invoking toplevel() on ptolemy.moml.MoMLSimpleApplication@447f62e0
----------------- Done invoking toplevel() on ptolemy.moml.MoMLSimpleApplication@447f62e0
reloadAllAccessors: .DiscreteClock22

===========================================================================================
----------------- testing Wed Dec 05 02:54:55 UTC 2018 /home/travis/build/icyphy/ptII/ptolemy/actor/lib/test/auto/DiscreteClock23.xml
----------------- Instantiating /home/travis/build/icyphy/ptII/ptolemy/actor/lib/test/auto/DiscreteClock23.xml
10 ms. Memory: 878080K Free: 346240K (39%)
----------------- Invoking toplevel() on ptolemy.moml.MoMLSimpleApplication@cbec1f1
----------------- Done invoking toplevel() on ptolemy.moml.MoMLSimpleApplication@cbec1f1
reloadAllAccessors: .DiscreteClock23

===========================================================================================
----------------- testing Wed Dec 05 02:54:55 UTC 2018 /home/travis/build/icyphy/ptII/ptolemy/actor/lib/test/auto/DiscreteClock24.xml
----------------- Instantiating /home/travis/build/icyphy/ptII/ptolemy/actor/lib/test/auto/DiscreteClock24.xml
6 ms. Memory: 1362432K Free: 1298592K (95%)
----------------- Invoking toplevel() on ptolemy.moml.MoMLSimpleApplication@3600710
----------------- Done invoking toplevel() on ptolemy.moml.MoMLSimpleApplication@3600710
reloadAllAccessors: .DiscreteClock24

===========================================================================================
----------------- testing Wed Dec 05 02:54:56 UTC 2018 /home/travis/build/icyphy/ptII/ptolemy/actor/lib/test/auto/DiscreteClock4.xml
----------------- Instantiating /home/travis/build/icyphy/ptII/ptolemy/actor/lib/test/auto/DiscreteClock4.xml
1 ms. Memory: 1362432K Free: 1276822K (94%)
----------------- Invoking toplevel() on ptolemy.moml.MoMLSimpleApplication@66a3441a
----------------- Done invoking toplevel() on ptolemy.moml.MoMLSimpleApplication@66a3441a
reloadAllAccessors: .DiscreteClock4

===========================================================================================
----------------- testing Wed Dec 05 02:54:56 UTC 2018 /home/travis/build/icyphy/ptII/ptolemy/actor/lib/test/auto/DiscreteClock5.xml
----------------- Instantiating /home/travis/build/icyphy/ptII/ptolemy/actor/lib/test/auto/DiscreteClock5.xml
2 ms. Memory: 1362432K Free: 1264390K (93%)
----------------- Invoking toplevel() on ptolemy.moml.MoMLSimpleApplication@1dfbdda5
----------------- Done invoking toplevel() on ptolemy.moml.MoMLSimpleApplication@1dfbdda5
reloadAllAccessors: .DiscreteClock5

===========================================================================================
----------------- testing Wed Dec 05 02:54:56 UTC 2018 /home/travis/build/icyphy/ptII/ptolemy/actor/lib/test/auto/DiscreteClock6.xml
----------------- Instantiating /home/travis/build/icyphy/ptII/ptolemy/actor/lib/test/auto/DiscreteClock6.xml
1 ms. Memory: 1362432K Free: 1251959K (92%)
----------------- Invoking toplevel() on ptolemy.moml.MoMLSimpleApplication@64681d99
----------------- Done invoking toplevel() on ptolemy.moml.MoMLSimpleApplication@64681d99
reloadAllAccessors: .DiscreteClock6

===========================================================================================
----------------- testing Wed Dec 05 02:54:56 UTC 2018 /home/travis/build/icyphy/ptII/ptolemy/actor/lib/test/auto/DiscreteClock7.xml
----------------- Instantiating /home/travis/build/icyphy/ptII/ptolemy/actor/lib/test/auto/DiscreteClock7.xml
1 ms. Memory: 1362432K Free: 1230189K (90%)
----------------- Invoking toplevel() on ptolemy.moml.MoMLSimpleApplication@376d29dc
----------------- Done invoking toplevel() on ptolemy.moml.MoMLSimpleApplication@376d29dc
reloadAllAccessors: .DiscreteClock7

===========================================================================================
----------------- testing Wed Dec 05 02:54:56 UTC 2018 /home/travis/build/icyphy/ptII/ptolemy/actor/lib/test/auto/DiscreteClock8.xml
----------------- Instantiating /home/travis/build/icyphy/ptII/ptolemy/actor/lib/test/auto/DiscreteClock8.xml
1 ms. Memory: 1362432K Free: 1217757K (89%)
----------------- Invoking toplevel() on ptolemy.moml.MoMLSimpleApplication@65833a5b
----------------- Done invoking toplevel() on ptolemy.moml.MoMLSimpleApplication@65833a5b
reloadAllAccessors: .DiscreteClock8

===========================================================================================
----------------- testing Wed Dec 05 02:54:56 UTC 2018 /home/travis/build/icyphy/ptII/ptolemy/actor/lib/test/auto/DiscreteClock9.xml
----------------- Instantiating /home/travis/build/icyphy/ptII/ptolemy/actor/lib/test/auto/DiscreteClock9.xml
6 ms. Memory: 1362432K Free: 1205326K (88%)
----------------- Invoking toplevel() on ptolemy.moml.MoMLSimpleApplication@13fbda5d
----------------- Done invoking toplevel() on ptolemy.moml.MoMLSimpleApplication@13fbda5d
reloadAllAccessors: .DiscreteClock9

===========================================================================================
----------------- testing Wed Dec 05 02:54:56 UTC 2018 /home/travis/build/icyphy/ptII/ptolemy/actor/lib/test/auto/DisplayArray.xml
----------------- Instantiating /home/travis/build/icyphy/ptII/ptolemy/actor/lib/test/auto/DisplayArray.xml
1 ms. Memory: 1362432K Free: 1192894K (88%)
----------------- Invoking toplevel() on ptolemy.moml.MoMLSimpleApplication@173efdd2
----------------- Done invoking toplevel() on ptolemy.moml.MoMLSimpleApplication@173efdd2
reloadAllAccessors: .DisplayArray

===========================================================================================
----------------- testing Wed Dec 05 02:54:56 UTC 2018 /home/travis/build/icyphy/ptII/ptolemy/actor/lib/test/auto/Distributor.xml
----------------- Instantiating /home/travis/build/icyphy/ptII/ptolemy/actor/lib/test/auto/Distributor.xml
2 ms. Memory: 1362432K Free: 1171124K (86%)
----------------- Invoking toplevel() on ptolemy.moml.MoMLSimpleApplication@76f2cefd
----------------- Done invoking toplevel() on ptolemy.moml.MoMLSimpleApplication@76f2cefd
reloadAllAccessors: .Distributor

===========================================================================================
----------------- testing Wed Dec 05 02:54:56 UTC 2018 /home/travis/build/icyphy/ptII/ptolemy/actor/lib/test/auto/Distributor2.xml
----------------- Instantiating /home/travis/build/icyphy/ptII/ptolemy/actor/lib/test/auto/Distributor2.xml
1 ms. Memory: 1362432K Free: 1158693K (85%)
----------------- Invoking toplevel() on ptolemy.moml.MoMLSimpleApplication@12b20c5a
----------------- Done invoking toplevel() on ptolemy.moml.MoMLSimpleApplication@12b20c5a
reloadAllAccessors: .Distributor2

===========================================================================================
----------------- testing Wed Dec 05 02:54:56 UTC 2018 /home/travis/build/icyphy/ptII/ptolemy/actor/lib/test/auto/DownSample.xml
----------------- Instantiating /home/travis/build/icyphy/ptII/ptolemy/actor/lib/test/auto/DownSample.xml
2 ms. Memory: 1362432K Free: 1146261K (84%)
----------------- Invoking toplevel() on ptolemy.moml.MoMLSimpleApplication@9b3a367
----------------- Done invoking toplevel() on ptolemy.moml.MoMLSimpleApplication@9b3a367
reloadAllAccessors: .DownSample

===========================================================================================
----------------- testing Wed Dec 05 02:54:56 UTC 2018 /home/travis/build/icyphy/ptII/ptolemy/actor/lib/test/auto/ElectronicUnitBase1.xml
----------------- Instantiating /home/travis/build/icyphy/ptII/ptolemy/actor/lib/test/auto/ElectronicUnitBase1.xml
24 ms. Memory: 1362432K Free: 1121374K (82%)
----------------- Invoking toplevel() on ptolemy.moml.MoMLSimpleApplication@33e9c6a4
----------------- Done invoking toplevel() on ptolemy.moml.MoMLSimpleApplication@33e9c6a4
reloadAllAccessors: .ElectronicUnitBase1

===========================================================================================
----------------- testing Wed Dec 05 02:54:56 UTC 2018 /home/travis/build/icyphy/ptII/ptolemy/actor/lib/test/auto/ElementsToArray.xml
----------------- Instantiating /home/travis/build/icyphy/ptII/ptolemy/actor/lib/test/auto/ElementsToArray.xml
2 ms. Memory: 1362432K Free: 1099604K (81%)
----------------- Invoking toplevel() on ptolemy.moml.MoMLSimpleApplication@65a16f1d
----------------- Done invoking toplevel() on ptolemy.moml.MoMLSimpleApplication@65a16f1d
reloadAllAccessors: .ElementsToArray

===========================================================================================
----------------- testing Wed Dec 05 02:54:56 UTC 2018 /home/travis/build/icyphy/ptII/ptolemy/actor/lib/test/auto/Equals.xml
----------------- Instantiating /home/travis/build/icyphy/ptII/ptolemy/actor/lib/test/auto/Equals.xml
3 ms. Memory: 1362432K Free: 1087173K (80%)
----------------- Invoking toplevel() on ptolemy.moml.MoMLSimpleApplication@4c1b9efa
----------------- Done invoking toplevel() on ptolemy.moml.MoMLSimpleApplication@4c1b9efa
reloadAllAccessors: .Equals

===========================================================================================
----------------- testing Wed Dec 05 02:54:56 UTC 2018 /home/travis/build/icyphy/ptII/ptolemy/actor/lib/test/auto/Exec.xml
----------------- Instantiating /home/travis/build/icyphy/ptII/ptolemy/actor/lib/test/auto/Exec.xml
11 ms. Memory: 1362432K Free: 1062310K (78%)
----------------- Invoking toplevel() on ptolemy.moml.MoMLSimpleApplication@11305d87
----------------- Done invoking toplevel() on ptolemy.moml.MoMLSimpleApplication@11305d87
reloadAllAccessors: .Exec

===========================================================================================
----------------- testing Wed Dec 05 02:54:56 UTC 2018 /home/travis/build/icyphy/ptII/ptolemy/actor/lib/test/auto/ExecEnvironment.xml
----------------- Instantiating /home/travis/build/icyphy/ptII/ptolemy/actor/lib/test/auto/ExecEnvironment.xml
23 ms. Memory: 1362432K Free: 1043663K (77%)
----------------- Invoking toplevel() on ptolemy.moml.MoMLSimpleApplication@7974f6ad
----------------- Done invoking toplevel() on ptolemy.moml.MoMLSimpleApplication@7974f6ad
reloadAllAccessors: .ExecEnvironment

===========================================================================================
----------------- testing Wed Dec 05 02:54:56 UTC 2018 /home/travis/build/icyphy/ptII/ptolemy/actor/lib/test/auto/ExecNonZeroReturnOutput.xml
----------------- Instantiating /home/travis/build/icyphy/ptII/ptolemy/actor/lib/test/auto/ExecNonZeroReturnOutput.xml
125 ms. Memory: 1362432K Free: 941088K (69%)
----------------- Invoking toplevel() on ptolemy.moml.MoMLSimpleApplication@3ccd906e
----------------- Done invoking toplevel() on ptolemy.moml.MoMLSimpleApplication@3ccd906e
reloadAllAccessors: .ExecNonZeroReturnOutput

===========================================================================================
----------------- testing Wed Dec 05 02:54:56 UTC 2018 /home/travis/build/icyphy/ptII/ptolemy/actor/lib/test/auto/ExecRunDemos.xml
----------------- Instantiating /home/travis/build/icyphy/ptII/ptolemy/actor/lib/test/auto/ExecRunDemos.xml
Finished: 36 ms. Memory: 116224K Free: 100103K (86%)

Finished: 41 ms. Memory: 116224K Free: 96348K (83%)

Finished: 59 ms. Memory: 116224K Free: 96926K (83%)

Finished: 50 ms. Memory: 116224K Free: 98268K (85%)

Finished: 37 ms. Memory: 116224K Free: 99505K (86%)

9317 ms. Memory: 1362432K Free: 854037K (63%)
----------------- Invoking toplevel() on ptolemy.moml.MoMLSimpleApplication@69cfaf19
----------------- Done invoking toplevel() on ptolemy.moml.MoMLSimpleApplication@69cfaf19
reloadAllAccessors: .ExecRunDemos

===========================================================================================
----------------- testing Wed Dec 05 02:55:06 UTC 2018 /home/travis/build/icyphy/ptII/ptolemy/actor/lib/test/auto/ExecStop.xml
----------------- Instantiating /home/travis/build/icyphy/ptII/ptolemy/actor/lib/test/auto/ExecStop.xml
5013 ms. Memory: 1362432K Free: 655134K (48%)
----------------- Invoking toplevel() on ptolemy.moml.MoMLSimpleApplication@d7bc97a
----------------- Done invoking toplevel() on ptolemy.moml.MoMLSimpleApplication@d7bc97a
reloadAllAccessors: .ExecStop

===========================================================================================
----------------- testing Wed Dec 05 02:55:11 UTC 2018 /home/travis/build/icyphy/ptII/ptolemy/actor/lib/test/auto/ExecutionTimeSDF.xml
----------------- Instantiating /home/travis/build/icyphy/ptII/ptolemy/actor/lib/test/auto/ExecutionTimeSDF.xml
Fired ExecutionTime: -1997367296
Fired ExecutionTime: 974000000
Fired ExecutionTime: -1664167296
6004 ms. Memory: 1362432K Free: 636487K (47%)
----------------- Invoking toplevel() on ptolemy.moml.MoMLSimpleApplication@66f7e63e
----------------- Done invoking toplevel() on ptolemy.moml.MoMLSimpleApplication@66f7e63e
reloadAllAccessors: .ExecutionTimeSDF

===========================================================================================
----------------- testing Wed Dec 05 02:55:17 UTC 2018 /home/travis/build/icyphy/ptII/ptolemy/actor/lib/test/auto/Expression1.xml
----------------- Instantiating /home/travis/build/icyphy/ptII/ptolemy/actor/lib/test/auto/Expression1.xml
1 ms. Memory: 1362432K Free: 614717K (45%)
----------------- Invoking toplevel() on ptolemy.moml.MoMLSimpleApplication@81cb40a
----------------- Done invoking toplevel() on ptolemy.moml.MoMLSimpleApplication@81cb40a
reloadAllAccessors: .Expression1

===========================================================================================
----------------- testing Wed Dec 05 02:55:17 UTC 2018 /home/travis/build/icyphy/ptII/ptolemy/actor/lib/test/auto/Expression10.xml
----------------- Instantiating /home/travis/build/icyphy/ptII/ptolemy/actor/lib/test/auto/Expression10.xml
4 ms. Memory: 1362432K Free: 602285K (44%)
----------------- Invoking toplevel() on ptolemy.moml.MoMLSimpleApplication@59bc0083
----------------- Done invoking toplevel() on ptolemy.moml.MoMLSimpleApplication@59bc0083
reloadAllAccessors: .Expression10

===========================================================================================
----------------- testing Wed Dec 05 02:55:17 UTC 2018 /home/travis/build/icyphy/ptII/ptolemy/actor/lib/test/auto/Expression11.xml
----------------- Instantiating /home/travis/build/icyphy/ptII/ptolemy/actor/lib/test/auto/Expression11.xml
2 ms. Memory: 1362432K Free: 589854K (43%)
----------------- Invoking toplevel() on ptolemy.moml.MoMLSimpleApplication@67092ad4
----------------- Done invoking toplevel() on ptolemy.moml.MoMLSimpleApplication@67092ad4
reloadAllAccessors: .Expression11

===========================================================================================
----------------- testing Wed Dec 05 02:55:17 UTC 2018 /home/travis/build/icyphy/ptII/ptolemy/actor/lib/test/auto/Expression12.xml
----------------- Instantiating /home/travis/build/icyphy/ptII/ptolemy/actor/lib/test/auto/Expression12.xml
2 ms. Memory: 1362432K Free: 577422K (42%)
----------------- Invoking toplevel() on ptolemy.moml.MoMLSimpleApplication@63612abc
----------------- Done invoking toplevel() on ptolemy.moml.MoMLSimpleApplication@63612abc
reloadAllAccessors: .Expression12

===========================================================================================
----------------- testing Wed Dec 05 02:55:17 UTC 2018 /home/travis/build/icyphy/ptII/ptolemy/actor/lib/test/auto/Expression13.xml
----------------- Instantiating /home/travis/build/icyphy/ptII/ptolemy/actor/lib/test/auto/Expression13.xml
3 ms. Memory: 1362432K Free: 555652K (41%)
----------------- Invoking toplevel() on ptolemy.moml.MoMLSimpleApplication@4735ea4a
----------------- Done invoking toplevel() on ptolemy.moml.MoMLSimpleApplication@4735ea4a
reloadAllAccessors: .Expression13

===========================================================================================
----------------- testing Wed Dec 05 02:55:17 UTC 2018 /home/travis/build/icyphy/ptII/ptolemy/actor/lib/test/auto/Expression14.xml
----------------- Instantiating /home/travis/build/icyphy/ptII/ptolemy/actor/lib/test/auto/Expression14.xml
4 ms. Memory: 1362432K Free: 543221K (40%)
----------------- Invoking toplevel() on ptolemy.moml.MoMLSimpleApplication@4610ef81
----------------- Done invoking toplevel() on ptolemy.moml.MoMLSimpleApplication@4610ef81
reloadAllAccessors: .Expression14

===========================================================================================
----------------- testing Wed Dec 05 02:55:17 UTC 2018 /home/travis/build/icyphy/ptII/ptolemy/actor/lib/test/auto/Expression15.xml
----------------- Instantiating /home/travis/build/icyphy/ptII/ptolemy/actor/lib/test/auto/Expression15.xml
3 ms. Memory: 1362432K Free: 530789K (39%)
----------------- Invoking toplevel() on ptolemy.moml.MoMLSimpleApplication@77d24f3d
----------------- Done invoking toplevel() on ptolemy.moml.MoMLSimpleApplication@77d24f3d
reloadAllAccessors: .Expression15

===========================================================================================
----------------- testing Wed Dec 05 02:55:17 UTC 2018 /home/travis/build/icyphy/ptII/ptolemy/actor/lib/test/auto/Expression16.xml
----------------- Instantiating /home/travis/build/icyphy/ptII/ptolemy/actor/lib/test/auto/Expression16.xml
2 ms. Memory: 1362432K Free: 518358K (38%)
----------------- Invoking toplevel() on ptolemy.moml.MoMLSimpleApplication@3f5c9f3c
----------------- Done invoking toplevel() on ptolemy.moml.MoMLSimpleApplication@3f5c9f3c
reloadAllAccessors: .Expression16

===========================================================================================
----------------- testing Wed Dec 05 02:55:17 UTC 2018 /home/travis/build/icyphy/ptII/ptolemy/actor/lib/test/auto/Expression17.xml
----------------- Instantiating /home/travis/build/icyphy/ptII/ptolemy/actor/lib/test/auto/Expression17.xml
4 ms. Memory: 1362432K Free: 505926K (37%)
----------------- Invoking toplevel() on ptolemy.moml.MoMLSimpleApplication@4a299858
----------------- Done invoking toplevel() on ptolemy.moml.MoMLSimpleApplication@4a299858
reloadAllAccessors: .Expression17

===========================================================================================
----------------- testing Wed Dec 05 02:55:17 UTC 2018 /home/travis/build/icyphy/ptII/ptolemy/actor/lib/test/auto/Expression18.xml
----------------- Instantiating /home/travis/build/icyphy/ptII/ptolemy/actor/lib/test/auto/Expression18.xml
2 ms. Memory: 1362432K Free: 484156K (36%)
----------------- Invoking toplevel() on ptolemy.moml.MoMLSimpleApplication@1223920b
----------------- Done invoking toplevel() on ptolemy.moml.MoMLSimpleApplication@1223920b
reloadAllAccessors: .Expression18

===========================================================================================
----------------- testing Wed Dec 05 02:55:17 UTC 2018 /home/travis/build/icyphy/ptII/ptolemy/actor/lib/test/auto/Expression2.xml
----------------- Instantiating /home/travis/build/icyphy/ptII/ptolemy/actor/lib/test/auto/Expression2.xml
4 ms. Memory: 1362432K Free: 471725K (35%)
----------------- Invoking toplevel() on ptolemy.moml.MoMLSimpleApplication@6acbf2e7
----------------- Done invoking toplevel() on ptolemy.moml.MoMLSimpleApplication@6acbf2e7
reloadAllAccessors: .Expression2

===========================================================================================
----------------- testing Wed Dec 05 02:55:17 UTC 2018 /home/travis/build/icyphy/ptII/ptolemy/actor/lib/test/auto/Expression3.xml
----------------- Instantiating /home/travis/build/icyphy/ptII/ptolemy/actor/lib/test/auto/Expression3.xml
3 ms. Memory: 1362432K Free: 459293K (34%)
----------------- Invoking toplevel() on ptolemy.moml.MoMLSimpleApplication@225313da
----------------- Done invoking toplevel() on ptolemy.moml.MoMLSimpleApplication@225313da
reloadAllAccessors: .Expression3

===========================================================================================
----------------- testing Wed Dec 05 02:55:17 UTC 2018 /home/travis/build/icyphy/ptII/ptolemy/actor/lib/test/auto/Expression4.xml
----------------- Instantiating /home/travis/build/icyphy/ptII/ptolemy/actor/lib/test/auto/Expression4.xml
4 ms. Memory: 1362432K Free: 446862K (33%)
----------------- Invoking toplevel() on ptolemy.moml.MoMLSimpleApplication@13767261
----------------- Done invoking toplevel() on ptolemy.moml.MoMLSimpleApplication@13767261
reloadAllAccessors: .Expression4

===========================================================================================
----------------- testing Wed Dec 05 02:55:17 UTC 2018 /home/travis/build/icyphy/ptII/ptolemy/actor/lib/test/auto/Expression5.xml
----------------- Instantiating /home/travis/build/icyphy/ptII/ptolemy/actor/lib/test/auto/Expression5.xml
3 ms. Memory: 1362432K Free: 425092K (31%)
----------------- Invoking toplevel() on ptolemy.moml.MoMLSimpleApplication@318cbafe
----------------- Done invoking toplevel() on ptolemy.moml.MoMLSimpleApplication@318cbafe
reloadAllAccessors: .Expression5

===========================================================================================
----------------- testing Wed Dec 05 02:55:17 UTC 2018 /home/travis/build/icyphy/ptII/ptolemy/actor/lib/test/auto/Expression6.xml
----------------- Instantiating /home/travis/build/icyphy/ptII/ptolemy/actor/lib/test/auto/Expression6.xml
2 ms. Memory: 1362432K Free: 412660K (30%)
----------------- Invoking toplevel() on ptolemy.moml.MoMLSimpleApplication@368c5485
----------------- Done invoking toplevel() on ptolemy.moml.MoMLSimpleApplication@368c5485
reloadAllAccessors: .Expression6

===========================================================================================
----------------- testing Wed Dec 05 02:55:17 UTC 2018 /home/travis/build/icyphy/ptII/ptolemy/actor/lib/test/auto/Expression7.xml
----------------- Instantiating /home/travis/build/icyphy/ptII/ptolemy/actor/lib/test/auto/Expression7.xml
3 ms. Memory: 1362432K Free: 400229K (29%)
----------------- Invoking toplevel() on ptolemy.moml.MoMLSimpleApplication@78f012cc
----------------- Done invoking toplevel() on ptolemy.moml.MoMLSimpleApplication@78f012cc
reloadAllAccessors: .Expression7

===========================================================================================
----------------- testing Wed Dec 05 02:55:17 UTC 2018 /home/travis/build/icyphy/ptII/ptolemy/actor/lib/test/auto/Expression8.xml
----------------- Instantiating /home/travis/build/icyphy/ptII/ptolemy/actor/lib/test/auto/Expression8.xml
10 ms. Memory: 1362432K Free: 387797K (28%)
----------------- Invoking toplevel() on ptolemy.moml.MoMLSimpleApplication@13dbc995
----------------- Done invoking toplevel() on ptolemy.moml.MoMLSimpleApplication@13dbc995
reloadAllAccessors: .Expression8

===========================================================================================
----------------- testing Wed Dec 05 02:55:17 UTC 2018 /home/travis/build/icyphy/ptII/ptolemy/actor/lib/test/auto/Expression9.xml
----------------- Instantiating /home/travis/build/icyphy/ptII/ptolemy/actor/lib/test/auto/Expression9.xml
2 ms. Memory: 1362432K Free: 366027K (27%)
----------------- Invoking toplevel() on ptolemy.moml.MoMLSimpleApplication@36a3e8a
----------------- Done invoking toplevel() on ptolemy.moml.MoMLSimpleApplication@36a3e8a
reloadAllAccessors: .Expression9

===========================================================================================
----------------- testing Wed Dec 05 02:55:17 UTC 2018 /home/travis/build/icyphy/ptII/ptolemy/actor/lib/test/auto/ExpressionConcatenateArrayType.xml
----------------- Instantiating /home/travis/build/icyphy/ptII/ptolemy/actor/lib/test/auto/ExpressionConcatenateArrayType.xml
2 ms. Memory: 1362432K Free: 353596K (26%)
----------------- Invoking toplevel() on ptolemy.moml.MoMLSimpleApplication@23260c1
----------------- Done invoking toplevel() on ptolemy.moml.MoMLSimpleApplication@23260c1
reloadAllAccessors: .ExpressionConcatenateArrayType

===========================================================================================
----------------- testing Wed Dec 05 02:55:17 UTC 2018 /home/travis/build/icyphy/ptII/ptolemy/actor/lib/test/auto/ExpressionConcatenateArrayType2.xml
----------------- Instantiating /home/travis/build/icyphy/ptII/ptolemy/actor/lib/test/auto/ExpressionConcatenateArrayType2.xml
2 ms. Memory: 1362432K Free: 341164K (25%)
----------------- Invoking toplevel() on ptolemy.moml.MoMLSimpleApplication@5de7bb39
----------------- Done invoking toplevel() on ptolemy.moml.MoMLSimpleApplication@5de7bb39
reloadAllAccessors: .ExpressionConcatenateArrayType2

===========================================================================================
----------------- testing Wed Dec 05 02:55:17 UTC 2018 /home/travis/build/icyphy/ptII/ptolemy/actor/lib/test/auto/ExpressionFix.xml
----------------- Instantiating /home/travis/build/icyphy/ptII/ptolemy/actor/lib/test/auto/ExpressionFix.xml
9 ms. Memory: 1362432K Free: 328733K (24%)
----------------- Invoking toplevel() on ptolemy.moml.MoMLSimpleApplication@67fdbe68
----------------- Done invoking toplevel() on ptolemy.moml.MoMLSimpleApplication@67fdbe68
reloadAllAccessors: .ExpressionFix

===========================================================================================
----------------- testing Wed Dec 05 02:55:17 UTC 2018 /home/travis/build/icyphy/ptII/ptolemy/actor/lib/test/auto/ExpressionFix2.xml
----------------- Instantiating /home/travis/build/icyphy/ptII/ptolemy/actor/lib/test/auto/ExpressionFix2.xml
3 ms. Memory: 1362432K Free: 306963K (23%)
----------------- Invoking toplevel() on ptolemy.moml.MoMLSimpleApplication@21353e67
----------------- Done invoking toplevel() on ptolemy.moml.MoMLSimpleApplication@21353e67
reloadAllAccessors: .ExpressionFix2

===========================================================================================
----------------- testing Wed Dec 05 02:55:17 UTC 2018 /home/travis/build/icyphy/ptII/ptolemy/actor/lib/test/auto/ExpressionFix3.xml
----------------- Instantiating /home/travis/build/icyphy/ptII/ptolemy/actor/lib/test/auto/ExpressionFix3.xml
3 ms. Memory: 1362432K Free: 294531K (22%)
----------------- Invoking toplevel() on ptolemy.moml.MoMLSimpleApplication@3da55bc4
----------------- Done invoking toplevel() on ptolemy.moml.MoMLSimpleApplication@3da55bc4
reloadAllAccessors: .ExpressionFix3

===========================================================================================
----------------- testing Wed Dec 05 02:55:17 UTC 2018 /home/travis/build/icyphy/ptII/ptolemy/actor/lib/test/auto/FileWriter1.xml
----------------- Instantiating /home/travis/build/icyphy/ptII/ptolemy/actor/lib/test/auto/FileWriter1.xml
2 ms. Memory: 1362432K Free: 282100K (21%)
----------------- Invoking toplevel() on ptolemy.moml.MoMLSimpleApplication@198d3583
----------------- Done invoking toplevel() on ptolemy.moml.MoMLSimpleApplication@198d3583
reloadAllAccessors: .FileWriter1

===========================================================================================
----------------- testing Wed Dec 05 02:55:17 UTC 2018 /home/travis/build/icyphy/ptII/ptolemy/actor/lib/test/auto/FileWriter2.xml
----------------- Instantiating /home/travis/build/icyphy/ptII/ptolemy/actor/lib/test/auto/FileWriter2.xml
2 ms. Memory: 1362432K Free: 269668K (20%)
----------------- Invoking toplevel() on ptolemy.moml.MoMLSimpleApplication@3f847203
----------------- Done invoking toplevel() on ptolemy.moml.MoMLSimpleApplication@3f847203
reloadAllAccessors: .FileWriter2

===========================================================================================
----------------- testing Wed Dec 05 02:55:17 UTC 2018 /home/travis/build/icyphy/ptII/ptolemy/actor/lib/test/auto/FileWriter3.xml
----------------- Instantiating /home/travis/build/icyphy/ptII/ptolemy/actor/lib/test/auto/FileWriter3.xml
2 ms. Memory: 1362432K Free: 247898K (18%)
----------------- Invoking toplevel() on ptolemy.moml.MoMLSimpleApplication@166a0723
----------------- Done invoking toplevel() on ptolemy.moml.MoMLSimpleApplication@166a0723
reloadAllAccessors: .FileWriter3

===========================================================================================
----------------- testing Wed Dec 05 02:55:17 UTC 2018 /home/travis/build/icyphy/ptII/ptolemy/actor/lib/test/auto/Gaussian.xml
----------------- Instantiating /home/travis/build/icyphy/ptII/ptolemy/actor/lib/test/auto/Gaussian.xml
2 ms. Memory: 1362432K Free: 235467K (17%)
----------------- Invoking toplevel() on ptolemy.moml.MoMLSimpleApplication@7c31c1d3
----------------- Done invoking toplevel() on ptolemy.moml.MoMLSimpleApplication@7c31c1d3
reloadAllAccessors: .Gaussian

===========================================================================================
----------------- testing Wed Dec 05 02:55:17 UTC 2018 /home/travis/build/icyphy/ptII/ptolemy/actor/lib/test/auto/Gaussian1.xml
----------------- Instantiating /home/travis/build/icyphy/ptII/ptolemy/actor/lib/test/auto/Gaussian1.xml
2 ms. Memory: 1362432K Free: 223035K (16%)
----------------- Invoking toplevel() on ptolemy.moml.MoMLSimpleApplication@3a23fe83
----------------- Done invoking toplevel() on ptolemy.moml.MoMLSimpleApplication@3a23fe83
reloadAllAccessors: .Gaussian1

===========================================================================================
----------------- testing Wed Dec 05 02:55:17 UTC 2018 /home/travis/build/icyphy/ptII/ptolemy/actor/lib/test/auto/Gaussian2.xml
----------------- Instantiating /home/travis/build/icyphy/ptII/ptolemy/actor/lib/test/auto/Gaussian2.xml
2 ms. Memory: 1362432K Free: 210604K (15%)
----------------- Invoking toplevel() on ptolemy.moml.MoMLSimpleApplication@7c2d8bf5
----------------- Done invoking toplevel() on ptolemy.moml.MoMLSimpleApplication@7c2d8bf5
reloadAllAccessors: .Gaussian2

===========================================================================================
----------------- testing Wed Dec 05 02:55:17 UTC 2018 /home/travis/build/icyphy/ptII/ptolemy/actor/lib/test/auto/GradientAdaptiveLattice.xml
----------------- Instantiating /home/travis/build/icyphy/ptII/ptolemy/actor/lib/test/auto/GradientAdaptiveLattice.xml
3 ms. Memory: 1362432K Free: 188834K (14%)
----------------- Invoking toplevel() on ptolemy.moml.MoMLSimpleApplication@44ffb879
----------------- Done invoking toplevel() on ptolemy.moml.MoMLSimpleApplication@44ffb879
reloadAllAccessors: .GradientAdaptiveLattice

===========================================================================================
----------------- testing Wed Dec 05 02:55:17 UTC 2018 /home/travis/build/icyphy/ptII/ptolemy/actor/lib/test/auto/IIR.xml
----------------- Instantiating /home/travis/build/icyphy/ptII/ptolemy/actor/lib/test/auto/IIR.xml
2 ms. Memory: 1362432K Free: 176402K (13%)
----------------- Invoking toplevel() on ptolemy.moml.MoMLSimpleApplication@34395ab9
----------------- Done invoking toplevel() on ptolemy.moml.MoMLSimpleApplication@34395ab9
reloadAllAccessors: .IIR

===========================================================================================
----------------- testing Wed Dec 05 02:55:17 UTC 2018 /home/travis/build/icyphy/ptII/ptolemy/actor/lib/test/auto/InputOutputTransparentPorts.xml
----------------- Instantiating /home/travis/build/icyphy/ptII/ptolemy/actor/lib/test/auto/InputOutputTransparentPorts.xml
2 ms. Memory: 1362432K Free: 163971K (12%)
----------------- Invoking toplevel() on ptolemy.moml.MoMLSimpleApplication@6c403117
----------------- Done invoking toplevel() on ptolemy.moml.MoMLSimpleApplication@6c403117
reloadAllAccessors: .InputOutputTransparentPorts

===========================================================================================
----------------- testing Wed Dec 05 02:55:17 UTC 2018 /home/travis/build/icyphy/ptII/ptolemy/actor/lib/test/auto/Interpolator.xml
----------------- Instantiating /home/travis/build/icyphy/ptII/ptolemy/actor/lib/test/auto/Interpolator.xml
3 ms. Memory: 1362432K Free: 151539K (11%)
----------------- Invoking toplevel() on ptolemy.moml.MoMLSimpleApplication@77be41db
----------------- Done invoking toplevel() on ptolemy.moml.MoMLSimpleApplication@77be41db
reloadAllAccessors: .Interpolator

===========================================================================================
----------------- testing Wed Dec 05 02:55:17 UTC 2018 /home/travis/build/icyphy/ptII/ptolemy/actor/lib/test/auto/InterpolatorFiringLimitDE.xml
----------------- Instantiating /home/travis/build/icyphy/ptII/ptolemy/actor/lib/test/auto/InterpolatorFiringLimitDE.xml
3 ms. Memory: 1362432K Free: 129769K (10%)
----------------- Invoking toplevel() on ptolemy.moml.MoMLSimpleApplication@4b03b191
----------------- Done invoking toplevel() on ptolemy.moml.MoMLSimpleApplication@4b03b191
reloadAllAccessors: .InterpolatorFiringLimitDE

===========================================================================================
----------------- testing Wed Dec 05 02:55:17 UTC 2018 /home/travis/build/icyphy/ptII/ptolemy/actor/lib/test/auto/Lattice.xml
----------------- Instantiating /home/travis/build/icyphy/ptII/ptolemy/actor/lib/test/auto/Lattice.xml
1 ms. Memory: 1362432K Free: 117338K (9%)
----------------- Invoking toplevel() on ptolemy.moml.MoMLSimpleApplication@5624eb44
----------------- Done invoking toplevel() on ptolemy.moml.MoMLSimpleApplication@5624eb44
reloadAllAccessors: .Lattice

===========================================================================================
----------------- testing Wed Dec 05 02:55:17 UTC 2018 /home/travis/build/icyphy/ptII/ptolemy/actor/lib/test/auto/LazyAOCTestLazy.xml
----------------- Instantiating /home/travis/build/icyphy/ptII/ptolemy/actor/lib/test/auto/LazyAOCTestLazy.xml
8 ms. Memory: 1362432K Free: 104906K (8%)
----------------- Invoking toplevel() on ptolemy.moml.MoMLSimpleApplication@7657ef59
----------------- Done invoking toplevel() on ptolemy.moml.MoMLSimpleApplication@7657ef59
reloadAllAccessors: .LazyAOCTestLazy

===========================================================================================
----------------- testing Wed Dec 05 02:55:17 UTC 2018 /home/travis/build/icyphy/ptII/ptolemy/actor/lib/test/auto/LazyAOCTestNonLazy.xml
----------------- Instantiating /home/travis/build/icyphy/ptII/ptolemy/actor/lib/test/auto/LazyAOCTestNonLazy.xml
11 ms. Memory: 1362432K Free: 84394K (6%)
----------------- Invoking toplevel() on ptolemy.moml.MoMLSimpleApplication@2f7cda67
----------------- Done invoking toplevel() on ptolemy.moml.MoMLSimpleApplication@2f7cda67
reloadAllAccessors: .LazyAOCTestNonLazy

===========================================================================================
----------------- testing Wed Dec 05 02:55:17 UTC 2018 /home/travis/build/icyphy/ptII/ptolemy/actor/lib/test/auto/LazyInnerClass.xml
----------------- Instantiating /home/travis/build/icyphy/ptII/ptolemy/actor/lib/test/auto/LazyInnerClass.xml
24 ms. Memory: 1362432K Free: 1310319K (96%)
----------------- Invoking toplevel() on ptolemy.moml.MoMLSimpleApplication@12cb9ab6
----------------- Done invoking toplevel() on ptolemy.moml.MoMLSimpleApplication@12cb9ab6
reloadAllAccessors: .LazyInnerClass

===========================================================================================
----------------- testing Wed Dec 05 02:55:17 UTC 2018 /home/travis/build/icyphy/ptII/ptolemy/actor/lib/test/auto/LazyPubSub.xml
----------------- Instantiating /home/travis/build/icyphy/ptII/ptolemy/actor/lib/test/auto/LazyPubSub.xml
27 ms. Memory: 1362432K Free: 1290902K (95%)
----------------- Invoking toplevel() on ptolemy.moml.MoMLSimpleApplication@338b9d18
----------------- Done invoking toplevel() on ptolemy.moml.MoMLSimpleApplication@338b9d18
reloadAllAccessors: .LazyPubSub

===========================================================================================
----------------- testing Wed Dec 05 02:55:18 UTC 2018 /home/travis/build/icyphy/ptII/ptolemy/actor/lib/test/auto/LazyPubSub2.xml
----------------- Instantiating /home/travis/build/icyphy/ptII/ptolemy/actor/lib/test/auto/LazyPubSub2.xml
22 ms. Memory: 1362432K Free: 1278362K (94%)
----------------- Invoking toplevel() on ptolemy.moml.MoMLSimpleApplication@14e4a139
----------------- Done invoking toplevel() on ptolemy.moml.MoMLSimpleApplication@14e4a139
reloadAllAccessors: .LazyPubSub2

===========================================================================================
----------------- testing Wed Dec 05 02:55:18 UTC 2018 /home/travis/build/icyphy/ptII/ptolemy/actor/lib/test/auto/LazyPubSub3.xml
----------------- Instantiating /home/travis/build/icyphy/ptII/ptolemy/actor/lib/test/auto/LazyPubSub3.xml
16 ms. Memory: 1362432K Free: 1265930K (93%)
----------------- Invoking toplevel() on ptolemy.moml.MoMLSimpleApplication@1e7652ba
----------------- Done invoking toplevel() on ptolemy.moml.MoMLSimpleApplication@1e7652ba
reloadAllAccessors: .LazyPubSub3

===========================================================================================
----------------- testing Wed Dec 05 02:55:18 UTC 2018 /home/travis/build/icyphy/ptII/ptolemy/actor/lib/test/auto/LazySubClassModel.xml
----------------- Instantiating /home/travis/build/icyphy/ptII/ptolemy/actor/lib/test/auto/LazySubClassModel.xml
2 ms. Memory: 1362432K Free: 1240290K (91%)
----------------- Invoking toplevel() on ptolemy.moml.MoMLSimpleApplication@3a2451ea
----------------- Done invoking toplevel() on ptolemy.moml.MoMLSimpleApplication@3a2451ea
reloadAllAccessors: .LazySubClassModel

===========================================================================================
----------------- testing Wed Dec 05 02:55:18 UTC 2018 /home/travis/build/icyphy/ptII/ptolemy/actor/lib/test/auto/LevelCrossTest1.xml
----------------- Instantiating /home/travis/build/icyphy/ptII/ptolemy/actor/lib/test/auto/LevelCrossTest1.xml
1 ms. Memory: 1362432K Free: 1227858K (90%)
----------------- Invoking toplevel() on ptolemy.moml.MoMLSimpleApplication@387b39ea
----------------- Done invoking toplevel() on ptolemy.moml.MoMLSimpleApplication@387b39ea
reloadAllAccessors: .broken

===========================================================================================
----------------- testing Wed Dec 05 02:55:18 UTC 2018 /home/travis/build/icyphy/ptII/ptolemy/actor/lib/test/auto/LevelCrossTest10.xml
----------------- Instantiating /home/travis/build/icyphy/ptII/ptolemy/actor/lib/test/auto/LevelCrossTest10.xml
2 ms. Memory: 1362432K Free: 1215427K (89%)
----------------- Invoking toplevel() on ptolemy.moml.MoMLSimpleApplication@5907d81d
----------------- Done invoking toplevel() on ptolemy.moml.MoMLSimpleApplication@5907d81d
reloadAllAccessors: .LevelCrossTest10

===========================================================================================
----------------- testing Wed Dec 05 02:55:18 UTC 2018 /home/travis/build/icyphy/ptII/ptolemy/actor/lib/test/auto/LevelCrossTest11.xml
----------------- Instantiating /home/travis/build/icyphy/ptII/ptolemy/actor/lib/test/auto/LevelCrossTest11.xml
2 ms. Memory: 1362432K Free: 1196010K (88%)
----------------- Invoking toplevel() on ptolemy.moml.MoMLSimpleApplication@12e66f26
----------------- Done invoking toplevel() on ptolemy.moml.MoMLSimpleApplication@12e66f26
reloadAllAccessors: .LevelCrossTest11

===========================================================================================
----------------- testing Wed Dec 05 02:55:18 UTC 2018 /home/travis/build/icyphy/ptII/ptolemy/actor/lib/test/auto/LevelCrossTest12.xml
----------------- Instantiating /home/travis/build/icyphy/ptII/ptolemy/actor/lib/test/auto/LevelCrossTest12.xml
2 ms. Memory: 1362432K Free: 1183579K (87%)
----------------- Invoking toplevel() on ptolemy.moml.MoMLSimpleApplication@175b96bd
----------------- Done invoking toplevel() on ptolemy.moml.MoMLSimpleApplication@175b96bd
reloadAllAccessors: .LevelCrossTest12

===========================================================================================
----------------- testing Wed Dec 05 02:55:18 UTC 2018 /home/travis/build/icyphy/ptII/ptolemy/actor/lib/test/auto/LevelCrossTest13.xml
----------------- Instantiating /home/travis/build/icyphy/ptII/ptolemy/actor/lib/test/auto/LevelCrossTest13.xml
4 ms. Memory: 1362432K Free: 1171147K (86%)
----------------- Invoking toplevel() on ptolemy.moml.MoMLSimpleApplication@4c0e2d4d
----------------- Done invoking toplevel() on ptolemy.moml.MoMLSimpleApplication@4c0e2d4d
reloadAllAccessors: .LevelCrossTest13

===========================================================================================
----------------- testing Wed Dec 05 02:55:18 UTC 2018 /home/travis/build/icyphy/ptII/ptolemy/actor/lib/test/auto/LevelCrossTest2.xml
----------------- Instantiating /home/travis/build/icyphy/ptII/ptolemy/actor/lib/test/auto/LevelCrossTest2.xml
2 ms. Memory: 1362432K Free: 1151730K (85%)
----------------- Invoking toplevel() on ptolemy.moml.MoMLSimpleApplication@45b83a52
----------------- Done invoking toplevel() on ptolemy.moml.MoMLSimpleApplication@45b83a52
reloadAllAccessors: .broken

===========================================================================================
----------------- testing Wed Dec 05 02:55:18 UTC 2018 /home/travis/build/icyphy/ptII/ptolemy/actor/lib/test/auto/LevelCrossTest3.xml
----------------- Instantiating /home/travis/build/icyphy/ptII/ptolemy/actor/lib/test/auto/LevelCrossTest3.xml
1 ms. Memory: 1362432K Free: 1139299K (84%)
----------------- Invoking toplevel() on ptolemy.moml.MoMLSimpleApplication@736939be
----------------- Done invoking toplevel() on ptolemy.moml.MoMLSimpleApplication@736939be
reloadAllAccessors: .LevelCrossTest3

===========================================================================================
----------------- testing Wed Dec 05 02:55:18 UTC 2018 /home/travis/build/icyphy/ptII/ptolemy/actor/lib/test/auto/LevelCrossTest4.xml
----------------- Instantiating /home/travis/build/icyphy/ptII/ptolemy/actor/lib/test/auto/LevelCrossTest4.xml
2 ms. Memory: 1362432K Free: 1126868K (83%)
----------------- Invoking toplevel() on ptolemy.moml.MoMLSimpleApplication@5b285bae
----------------- Done invoking toplevel() on ptolemy.moml.MoMLSimpleApplication@5b285bae
reloadAllAccessors: .broken

===========================================================================================
----------------- testing Wed Dec 05 02:55:18 UTC 2018 /home/travis/build/icyphy/ptII/ptolemy/actor/lib/test/auto/LevelCrossTest5.xml
----------------- Instantiating /home/travis/build/icyphy/ptII/ptolemy/actor/lib/test/auto/LevelCrossTest5.xml
4 ms. Memory: 1362432K Free: 1107451K (81%)
----------------- Invoking toplevel() on ptolemy.moml.MoMLSimpleApplication@450833b7
----------------- Done invoking toplevel() on ptolemy.moml.MoMLSimpleApplication@450833b7
reloadAllAccessors: .LevelCrossTest5

===========================================================================================
----------------- testing Wed Dec 05 02:55:18 UTC 2018 /home/travis/build/icyphy/ptII/ptolemy/actor/lib/test/auto/LevelCrossTest6.xml
----------------- Instantiating /home/travis/build/icyphy/ptII/ptolemy/actor/lib/test/auto/LevelCrossTest6.xml
1 ms. Memory: 1362432K Free: 1095019K (80%)
----------------- Invoking toplevel() on ptolemy.moml.MoMLSimpleApplication@6782ec9a
----------------- Done invoking toplevel() on ptolemy.moml.MoMLSimpleApplication@6782ec9a
reloadAllAccessors: .LevelCrossTest6

===========================================================================================
----------------- testing Wed Dec 05 02:55:18 UTC 2018 /home/travis/build/icyphy/ptII/ptolemy/actor/lib/test/auto/LevelCrossTest7.xml
----------------- Instantiating /home/travis/build/icyphy/ptII/ptolemy/actor/lib/test/auto/LevelCrossTest7.xml
1 ms. Memory: 1362432K Free: 1082588K (79%)
----------------- Invoking toplevel() on ptolemy.moml.MoMLSimpleApplication@4d928b43
----------------- Done invoking toplevel() on ptolemy.moml.MoMLSimpleApplication@4d928b43
reloadAllAccessors: .LevelCrossTest7

===========================================================================================
----------------- testing Wed Dec 05 02:55:18 UTC 2018 /home/travis/build/icyphy/ptII/ptolemy/actor/lib/test/auto/LevelCrossTest8.xml
----------------- Instantiating /home/travis/build/icyphy/ptII/ptolemy/actor/lib/test/auto/LevelCrossTest8.xml
1 ms. Memory: 1362432K Free: 1063171K (78%)
----------------- Invoking toplevel() on ptolemy.moml.MoMLSimpleApplication@5f2d2f62
----------------- Done invoking toplevel() on ptolemy.moml.MoMLSimpleApplication@5f2d2f62
reloadAllAccessors: .LevelCrossTest8

===========================================================================================
----------------- testing Wed Dec 05 02:55:18 UTC 2018 /home/travis/build/icyphy/ptII/ptolemy/actor/lib/test/auto/LevelCrossTest9.xml
----------------- Instantiating /home/travis/build/icyphy/ptII/ptolemy/actor/lib/test/auto/LevelCrossTest9.xml
2 ms. Memory: 1362432K Free: 1050739K (77%)
----------------- Invoking toplevel() on ptolemy.moml.MoMLSimpleApplication@7f3ab6fe
----------------- Done invoking toplevel() on ptolemy.moml.MoMLSimpleApplication@7f3ab6fe
reloadAllAccessors: .LevelCrossTest9

===========================================================================================
----------------- testing Wed Dec 05 02:55:18 UTC 2018 /home/travis/build/icyphy/ptII/ptolemy/actor/lib/test/auto/LevinsonDurbin.xml
----------------- Instantiating /home/travis/build/icyphy/ptII/ptolemy/actor/lib/test/auto/LevinsonDurbin.xml
2 ms. Memory: 1362432K Free: 1038308K (76%)
----------------- Invoking toplevel() on ptolemy.moml.MoMLSimpleApplication@72cab562
----------------- Done invoking toplevel() on ptolemy.moml.MoMLSimpleApplication@72cab562
reloadAllAccessors: .LevinsonDurbin

===========================================================================================
----------------- testing Wed Dec 05 02:55:18 UTC 2018 /home/travis/build/icyphy/ptII/ptolemy/actor/lib/test/auto/LevinsonDurbin2.xml
----------------- Instantiating /home/travis/build/icyphy/ptII/ptolemy/actor/lib/test/auto/LevinsonDurbin2.xml
1 ms. Memory: 1362432K Free: 1018891K (75%)
----------------- Invoking toplevel() on ptolemy.moml.MoMLSimpleApplication@66e03779
----------------- Done invoking toplevel() on ptolemy.moml.MoMLSimpleApplication@66e03779
reloadAllAccessors: .LevinsonDurbin2

===========================================================================================
----------------- testing Wed Dec 05 02:55:18 UTC 2018 /home/travis/build/icyphy/ptII/ptolemy/actor/lib/test/auto/LevinsonDurbin3.xml
----------------- Instantiating /home/travis/build/icyphy/ptII/ptolemy/actor/lib/test/auto/LevinsonDurbin3.xml
2 ms. Memory: 1362432K Free: 1006459K (74%)
----------------- Invoking toplevel() on ptolemy.moml.MoMLSimpleApplication@76b1d6db
----------------- Done invoking toplevel() on ptolemy.moml.MoMLSimpleApplication@76b1d6db
reloadAllAccessors: .LevinsonDurbin3

===========================================================================================
----------------- testing Wed Dec 05 02:55:18 UTC 2018 /home/travis/build/icyphy/ptII/ptolemy/actor/lib/test/auto/Limiter.xml
----------------- Instantiating /home/travis/build/icyphy/ptII/ptolemy/actor/lib/test/auto/Limiter.xml
4 ms. Memory: 1362432K Free: 987796K (73%)
----------------- Invoking toplevel() on ptolemy.moml.MoMLSimpleApplication@3eeba4e
----------------- Done invoking toplevel() on ptolemy.moml.MoMLSimpleApplication@3eeba4e
reloadAllAccessors: .Limiter

===========================================================================================
----------------- testing Wed Dec 05 02:55:18 UTC 2018 /home/travis/build/icyphy/ptII/ptolemy/actor/lib/test/auto/LinearDifferenceEquationSystem.xml
----------------- Instantiating /home/travis/build/icyphy/ptII/ptolemy/actor/lib/test/auto/LinearDifferenceEquationSystem.xml
3 ms. Memory: 1362432K Free: 968379K (71%)
----------------- Invoking toplevel() on ptolemy.moml.MoMLSimpleApplication@57a9dc77
----------------- Done invoking toplevel() on ptolemy.moml.MoMLSimpleApplication@57a9dc77
reloadAllAccessors: .LinearDifferenceEquationSystem

===========================================================================================
----------------- testing Wed Dec 05 02:55:18 UTC 2018 /home/travis/build/icyphy/ptII/ptolemy/actor/lib/test/auto/LookupTable.xml
----------------- Instantiating /home/travis/build/icyphy/ptII/ptolemy/actor/lib/test/auto/LookupTable.xml
1 ms. Memory: 1362432K Free: 955948K (70%)
----------------- Invoking toplevel() on ptolemy.moml.MoMLSimpleApplication@44560818
----------------- Done invoking toplevel() on ptolemy.moml.MoMLSimpleApplication@44560818
reloadAllAccessors: .LookupTable

===========================================================================================
----------------- testing Wed Dec 05 02:55:18 UTC 2018 /home/travis/build/icyphy/ptII/ptolemy/actor/lib/test/auto/MathFunction.xml
----------------- Instantiating /home/travis/build/icyphy/ptII/ptolemy/actor/lib/test/auto/MathFunction.xml
2 ms. Memory: 1362432K Free: 943516K (69%)
----------------- Invoking toplevel() on ptolemy.moml.MoMLSimpleApplication@7196b3f4
----------------- Done invoking toplevel() on ptolemy.moml.MoMLSimpleApplication@7196b3f4
reloadAllAccessors: .MathFunction

===========================================================================================
----------------- testing Wed Dec 05 02:55:18 UTC 2018 /home/travis/build/icyphy/ptII/ptolemy/actor/lib/test/auto/MathFunction2.xml
----------------- Instantiating /home/travis/build/icyphy/ptII/ptolemy/actor/lib/test/auto/MathFunction2.xml
2 ms. Memory: 1362432K Free: 924099K (68%)
----------------- Invoking toplevel() on ptolemy.moml.MoMLSimpleApplication@4b35a693
----------------- Done invoking toplevel() on ptolemy.moml.MoMLSimpleApplication@4b35a693
reloadAllAccessors: .MathFunction2

===========================================================================================
----------------- testing Wed Dec 05 02:55:18 UTC 2018 /home/travis/build/icyphy/ptII/ptolemy/actor/lib/test/auto/MathFunction3.xml
----------------- Instantiating /home/travis/build/icyphy/ptII/ptolemy/actor/lib/test/auto/MathFunction3.xml
9 ms. Memory: 1362432K Free: 911668K (67%)
----------------- Invoking toplevel() on ptolemy.moml.MoMLSimpleApplication@3b0bfa54
----------------- Done invoking toplevel() on ptolemy.moml.MoMLSimpleApplication@3b0bfa54
reloadAllAccessors: .MathFunction3

===========================================================================================
----------------- testing Wed Dec 05 02:55:18 UTC 2018 /home/travis/build/icyphy/ptII/ptolemy/actor/lib/test/auto/MatrixCropBoolean.xml
----------------- Instantiating /home/travis/build/icyphy/ptII/ptolemy/actor/lib/test/auto/MatrixCropBoolean.xml
1 ms. Memory: 1362432K Free: 899237K (66%)
----------------- Invoking toplevel() on ptolemy.moml.MoMLSimpleApplication@60dae00f
----------------- Done invoking toplevel() on ptolemy.moml.MoMLSimpleApplication@60dae00f
reloadAllAccessors: .MatrixCropBoolean

===========================================================================================
----------------- testing Wed Dec 05 02:55:18 UTC 2018 /home/travis/build/icyphy/ptII/ptolemy/actor/lib/test/auto/MatrixCropComplex.xml
----------------- Instantiating /home/travis/build/icyphy/ptII/ptolemy/actor/lib/test/auto/MatrixCropComplex.xml
2 ms. Memory: 1362432K Free: 879820K (65%)
----------------- Invoking toplevel() on ptolemy.moml.MoMLSimpleApplication@7b761019
----------------- Done invoking toplevel() on ptolemy.moml.MoMLSimpleApplication@7b761019
reloadAllAccessors: .MatrixCropComplex

===========================================================================================
----------------- testing Wed Dec 05 02:55:18 UTC 2018 /home/travis/build/icyphy/ptII/ptolemy/actor/lib/test/auto/MatrixCropDouble.xml
----------------- Instantiating /home/travis/build/icyphy/ptII/ptolemy/actor/lib/test/auto/MatrixCropDouble.xml
1 ms. Memory: 1362432K Free: 867389K (64%)
----------------- Invoking toplevel() on ptolemy.moml.MoMLSimpleApplication@454964b8
----------------- Done invoking toplevel() on ptolemy.moml.MoMLSimpleApplication@454964b8
reloadAllAccessors: .MatrixCropDouble

===========================================================================================
----------------- testing Wed Dec 05 02:55:18 UTC 2018 /home/travis/build/icyphy/ptII/ptolemy/actor/lib/test/auto/MatrixCropFix.xml
----------------- Instantiating /home/travis/build/icyphy/ptII/ptolemy/actor/lib/test/auto/MatrixCropFix.xml
1 ms. Memory: 1362432K Free: 854957K (63%)
----------------- Invoking toplevel() on ptolemy.moml.MoMLSimpleApplication@412445b9
----------------- Done invoking toplevel() on ptolemy.moml.MoMLSimpleApplication@412445b9
reloadAllAccessors: .MatrixCropFix

===========================================================================================
----------------- testing Wed Dec 05 02:55:18 UTC 2018 /home/travis/build/icyphy/ptII/ptolemy/actor/lib/test/auto/MatrixCropInt.xml
----------------- Instantiating /home/travis/build/icyphy/ptII/ptolemy/actor/lib/test/auto/MatrixCropInt.xml
2 ms. Memory: 1362432K Free: 835540K (61%)
----------------- Invoking toplevel() on ptolemy.moml.MoMLSimpleApplication@36cf1455
----------------- Done invoking toplevel() on ptolemy.moml.MoMLSimpleApplication@36cf1455
reloadAllAccessors: .MatrixCropInt

===========================================================================================
----------------- testing Wed Dec 05 02:55:18 UTC 2018 /home/travis/build/icyphy/ptII/ptolemy/actor/lib/test/auto/MatrixCropLong.xml
----------------- Instantiating /home/travis/build/icyphy/ptII/ptolemy/actor/lib/test/auto/MatrixCropLong.xml
2 ms. Memory: 1362432K Free: 823109K (60%)
----------------- Invoking toplevel() on ptolemy.moml.MoMLSimpleApplication@2fc38d34
----------------- Done invoking toplevel() on ptolemy.moml.MoMLSimpleApplication@2fc38d34
reloadAllAccessors: .MatrixCropLong

===========================================================================================
----------------- testing Wed Dec 05 02:55:18 UTC 2018 /home/travis/build/icyphy/ptII/ptolemy/actor/lib/test/auto/MatrixToArray.xml
----------------- Instantiating /home/travis/build/icyphy/ptII/ptolemy/actor/lib/test/auto/MatrixToArray.xml
4 ms. Memory: 1362432K Free: 798230K (59%)
----------------- Invoking toplevel() on ptolemy.moml.MoMLSimpleApplication@2f5e740a
----------------- Done invoking toplevel() on ptolemy.moml.MoMLSimpleApplication@2f5e740a
reloadAllAccessors: .MatrixToArray

===========================================================================================
----------------- testing Wed Dec 05 02:55:18 UTC 2018 /home/travis/build/icyphy/ptII/ptolemy/actor/lib/test/auto/MaxIndex.xml
----------------- Instantiating /home/travis/build/icyphy/ptII/ptolemy/actor/lib/test/auto/MaxIndex.xml
2 ms. Memory: 1362432K Free: 778813K (57%)
----------------- Invoking toplevel() on ptolemy.moml.MoMLSimpleApplication@4ce2437c
----------------- Done invoking toplevel() on ptolemy.moml.MoMLSimpleApplication@4ce2437c
reloadAllAccessors: .MaxIndex

===========================================================================================
----------------- testing Wed Dec 05 02:55:18 UTC 2018 /home/travis/build/icyphy/ptII/ptolemy/actor/lib/test/auto/Maximum.xml
----------------- Instantiating /home/travis/build/icyphy/ptII/ptolemy/actor/lib/test/auto/Maximum.xml
3 ms. Memory: 1362432K Free: 766382K (56%)
----------------- Invoking toplevel() on ptolemy.moml.MoMLSimpleApplication@4d9edb35
----------------- Done invoking toplevel() on ptolemy.moml.MoMLSimpleApplication@4d9edb35
reloadAllAccessors: .Maximum

===========================================================================================
----------------- testing Wed Dec 05 02:55:18 UTC 2018 /home/travis/build/icyphy/ptII/ptolemy/actor/lib/test/auto/MaximumComplex.xml
----------------- Instantiating /home/travis/build/icyphy/ptII/ptolemy/actor/lib/test/auto/MaximumComplex.xml
3 ms. Memory: 1362432K Free: 753950K (55%)
----------------- Invoking toplevel() on ptolemy.moml.MoMLSimpleApplication@270d7f0b
----------------- Done invoking toplevel() on ptolemy.moml.MoMLSimpleApplication@270d7f0b
reloadAllAccessors: .MaximumComplex

===========================================================================================
----------------- testing Wed Dec 05 02:55:18 UTC 2018 /home/travis/build/icyphy/ptII/ptolemy/actor/lib/test/auto/MethodCallTest.xml
----------------- Instantiating /home/travis/build/icyphy/ptII/ptolemy/actor/lib/test/auto/MethodCallTest.xml
2 ms. Memory: 1362432K Free: 734534K (54%)
----------------- Invoking toplevel() on ptolemy.moml.MoMLSimpleApplication@50c0437b
----------------- Done invoking toplevel() on ptolemy.moml.MoMLSimpleApplication@50c0437b
reloadAllAccessors: .MethodCallTest

===========================================================================================
----------------- testing Wed Dec 05 02:55:18 UTC 2018 /home/travis/build/icyphy/ptII/ptolemy/actor/lib/test/auto/Minimum.xml
----------------- Instantiating /home/travis/build/icyphy/ptII/ptolemy/actor/lib/test/auto/Minimum.xml
2 ms. Memory: 1362432K Free: 722102K (53%)
----------------- Invoking toplevel() on ptolemy.moml.MoMLSimpleApplication@1faa1e83
----------------- Done invoking toplevel() on ptolemy.moml.MoMLSimpleApplication@1faa1e83
reloadAllAccessors: .Minimum

===========================================================================================
----------------- testing Wed Dec 05 02:55:18 UTC 2018 /home/travis/build/icyphy/ptII/ptolemy/actor/lib/test/auto/MinimumComplex.xml
----------------- Instantiating /home/travis/build/icyphy/ptII/ptolemy/actor/lib/test/auto/MinimumComplex.xml
3 ms. Memory: 1362432K Free: 709671K (52%)
----------------- Invoking toplevel() on ptolemy.moml.MoMLSimpleApplication@63380547
----------------- Done invoking toplevel() on ptolemy.moml.MoMLSimpleApplication@63380547
reloadAllAccessors: .MinimumComplex

===========================================================================================
----------------- testing Wed Dec 05 02:55:18 UTC 2018 /home/travis/build/icyphy/ptII/ptolemy/actor/lib/test/auto/MinimumMultiports.xml
----------------- Instantiating /home/travis/build/icyphy/ptII/ptolemy/actor/lib/test/auto/MinimumMultiports.xml
3 ms. Memory: 1362432K Free: 690254K (51%)
----------------- Invoking toplevel() on ptolemy.moml.MoMLSimpleApplication@69b45dd1
----------------- Done invoking toplevel() on ptolemy.moml.MoMLSimpleApplication@69b45dd1
reloadAllAccessors: .MinimumMultiports

===========================================================================================
----------------- testing Wed Dec 05 02:55:18 UTC 2018 /home/travis/build/icyphy/ptII/ptolemy/actor/lib/test/auto/ModifyDate.xml
----------------- Instantiating /home/travis/build/icyphy/ptII/ptolemy/actor/lib/test/auto/ModifyDate.xml
4 ms. Memory: 1362432K Free: 671591K (49%)
----------------- Invoking toplevel() on ptolemy.moml.MoMLSimpleApplication@6dbe5e50
----------------- Done invoking toplevel() on ptolemy.moml.MoMLSimpleApplication@6dbe5e50
reloadAllAccessors: .ModifyDate

===========================================================================================
----------------- testing Wed Dec 05 02:55:18 UTC 2018 /home/travis/build/icyphy/ptII/ptolemy/actor/lib/test/auto/ModifyDate2.xml
----------------- Instantiating /home/travis/build/icyphy/ptII/ptolemy/actor/lib/test/auto/ModifyDate2.xml
3 ms. Memory: 1362432K Free: 652944K (48%)
----------------- Invoking toplevel() on ptolemy.moml.MoMLSimpleApplication@279ec51f
----------------- Done invoking toplevel() on ptolemy.moml.MoMLSimpleApplication@279ec51f
reloadAllAccessors: .ModifyDate2

===========================================================================================
----------------- testing Wed Dec 05 02:55:18 UTC 2018 /home/travis/build/icyphy/ptII/ptolemy/actor/lib/test/auto/MovingAverage.xml
----------------- Instantiating /home/travis/build/icyphy/ptII/ptolemy/actor/lib/test/auto/MovingAverage.xml
2 ms. Memory: 1362432K Free: 633527K (46%)
----------------- Invoking toplevel() on ptolemy.moml.MoMLSimpleApplication@3d55a06a
----------------- Done invoking toplevel() on ptolemy.moml.MoMLSimpleApplication@3d55a06a
reloadAllAccessors: .MovingAverage

===========================================================================================
----------------- testing Wed Dec 05 02:55:19 UTC 2018 /home/travis/build/icyphy/ptII/ptolemy/actor/lib/test/auto/MovingMaximum.xml
----------------- Instantiating /home/travis/build/icyphy/ptII/ptolemy/actor/lib/test/auto/MovingMaximum.xml
1 ms. Memory: 1362432K Free: 621096K (46%)
----------------- Invoking toplevel() on ptolemy.moml.MoMLSimpleApplication@4f7e902
----------------- Done invoking toplevel() on ptolemy.moml.MoMLSimpleApplication@4f7e902
reloadAllAccessors: .MovingMaximum

===========================================================================================
----------------- testing Wed Dec 05 02:55:19 UTC 2018 /home/travis/build/icyphy/ptII/ptolemy/actor/lib/test/auto/MultipleLinksToSameRelation.xml
----------------- Instantiating /home/travis/build/icyphy/ptII/ptolemy/actor/lib/test/auto/MultipleLinksToSameRelation.xml
1 ms. Memory: 1362432K Free: 608664K (45%)
----------------- Invoking toplevel() on ptolemy.moml.MoMLSimpleApplication@54b368bf
----------------- Done invoking toplevel() on ptolemy.moml.MoMLSimpleApplication@54b368bf
reloadAllAccessors: .MultipleLinksToSameRelation

===========================================================================================
----------------- testing Wed Dec 05 02:55:19 UTC 2018 /home/travis/build/icyphy/ptII/ptolemy/actor/lib/test/auto/MultipleLinksToSameRelationDE.xml
----------------- Instantiating /home/travis/build/icyphy/ptII/ptolemy/actor/lib/test/auto/MultipleLinksToSameRelationDE.xml
2 ms. Memory: 1362432K Free: 589248K (43%)
----------------- Invoking toplevel() on ptolemy.moml.MoMLSimpleApplication@6a29c593
----------------- Done invoking toplevel() on ptolemy.moml.MoMLSimpleApplication@6a29c593
reloadAllAccessors: .MultipleLinksToSameRelationDE

===========================================================================================
----------------- testing Wed Dec 05 02:55:19 UTC 2018 /home/travis/build/icyphy/ptII/ptolemy/actor/lib/test/auto/Multiplexor.xml
----------------- Instantiating /home/travis/build/icyphy/ptII/ptolemy/actor/lib/test/auto/Multiplexor.xml
2 ms. Memory: 1362432K Free: 576816K (42%)
----------------- Invoking toplevel() on ptolemy.moml.MoMLSimpleApplication@662124a9
----------------- Done invoking toplevel() on ptolemy.moml.MoMLSimpleApplication@662124a9
reloadAllAccessors: .Multiplexor

===========================================================================================
----------------- testing Wed Dec 05 02:55:19 UTC 2018 /home/travis/build/icyphy/ptII/ptolemy/actor/lib/test/auto/Multiplexor1.xml
----------------- Instantiating /home/travis/build/icyphy/ptII/ptolemy/actor/lib/test/auto/Multiplexor1.xml
2 ms. Memory: 1362432K Free: 564385K (41%)
----------------- Invoking toplevel() on ptolemy.moml.MoMLSimpleApplication@74f9bc07
----------------- Done invoking toplevel() on ptolemy.moml.MoMLSimpleApplication@74f9bc07
reloadAllAccessors: .Multiplexor1

===========================================================================================
----------------- testing Wed Dec 05 02:55:19 UTC 2018 /home/travis/build/icyphy/ptII/ptolemy/actor/lib/test/auto/Multiplexor2.xml
----------------- Instantiating /home/travis/build/icyphy/ptII/ptolemy/actor/lib/test/auto/Multiplexor2.xml
2 ms. Memory: 1362432K Free: 544968K (40%)
----------------- Invoking toplevel() on ptolemy.moml.MoMLSimpleApplication@2cc0db9
----------------- Done invoking toplevel() on ptolemy.moml.MoMLSimpleApplication@2cc0db9
reloadAllAccessors: .Multiplexor2

===========================================================================================
----------------- testing Wed Dec 05 02:55:19 UTC 2018 /home/travis/build/icyphy/ptII/ptolemy/actor/lib/test/auto/Multiplexor3.xml
----------------- Instantiating /home/travis/build/icyphy/ptII/ptolemy/actor/lib/test/auto/Multiplexor3.xml
2 ms. Memory: 1362432K Free: 532537K (39%)
----------------- Invoking toplevel() on ptolemy.moml.MoMLSimpleApplication@3c2ce60e
----------------- Done invoking toplevel() on ptolemy.moml.MoMLSimpleApplication@3c2ce60e
reloadAllAccessors: .Multiplexor3

===========================================================================================
----------------- testing Wed Dec 05 02:55:19 UTC 2018 /home/travis/build/icyphy/ptII/ptolemy/actor/lib/test/auto/MultiplexorDE.xml
----------------- Instantiating /home/travis/build/icyphy/ptII/ptolemy/actor/lib/test/auto/MultiplexorDE.xml
2 ms. Memory: 1362432K Free: 513120K (38%)
----------------- Invoking toplevel() on ptolemy.moml.MoMLSimpleApplication@1e0d4608
----------------- Done invoking toplevel() on ptolemy.moml.MoMLSimpleApplication@1e0d4608
reloadAllAccessors: .MultiplexorDE

===========================================================================================
----------------- testing Wed Dec 05 02:55:19 UTC 2018 /home/travis/build/icyphy/ptII/ptolemy/actor/lib/test/auto/MultiportBroadcastTest.xml
----------------- Instantiating /home/travis/build/icyphy/ptII/ptolemy/actor/lib/test/auto/MultiportBroadcastTest.xml
95 ms. Memory: 1362432K Free: 500688K (37%)
----------------- Invoking toplevel() on ptolemy.moml.MoMLSimpleApplication@68460bb8
----------------- Done invoking toplevel() on ptolemy.moml.MoMLSimpleApplication@68460bb8
reloadAllAccessors: .MultiportBroadcastTest

===========================================================================================
----------------- testing Wed Dec 05 02:55:19 UTC 2018 /home/travis/build/icyphy/ptII/ptolemy/actor/lib/test/auto/MultiportOutHangDuringGetWidth.xml
----------------- Instantiating /home/travis/build/icyphy/ptII/ptolemy/actor/lib/test/auto/MultiportOutHangDuringGetWidth.xml
5 ms. Memory: 1362432K Free: 482041K (35%)
----------------- Invoking toplevel() on ptolemy.moml.MoMLSimpleApplication@f382891
----------------- Done invoking toplevel() on ptolemy.moml.MoMLSimpleApplication@f382891
reloadAllAccessors: .MultiportOutHangDuringGetWidth

===========================================================================================
----------------- testing Wed Dec 05 02:55:19 UTC 2018 /home/travis/build/icyphy/ptII/ptolemy/actor/lib/test/auto/NilToken.xml
----------------- Instantiating /home/travis/build/icyphy/ptII/ptolemy/actor/lib/test/auto/NilToken.xml
3 ms. Memory: 1362432K Free: 462625K (34%)
----------------- Invoking toplevel() on ptolemy.moml.MoMLSimpleApplication@5dea153b
----------------- Done invoking toplevel() on ptolemy.moml.MoMLSimpleApplication@5dea153b
reloadAllAccessors: .NilToken

===========================================================================================
----------------- testing Wed Dec 05 02:55:19 UTC 2018 /home/travis/build/icyphy/ptII/ptolemy/actor/lib/test/auto/NilTokenNonStrictTest.xml
----------------- Instantiating /home/travis/build/icyphy/ptII/ptolemy/actor/lib/test/auto/NilTokenNonStrictTest.xml
2 ms. Memory: 1362432K Free: 450193K (33%)
----------------- Invoking toplevel() on ptolemy.moml.MoMLSimpleApplication@2a680b3d
----------------- Done invoking toplevel() on ptolemy.moml.MoMLSimpleApplication@2a680b3d
reloadAllAccessors: .NilTokenNonStrictTest

===========================================================================================
----------------- testing Wed Dec 05 02:55:19 UTC 2018 /home/travis/build/icyphy/ptII/ptolemy/actor/lib/test/auto/NilTokenRecord.xml
----------------- Instantiating /home/travis/build/icyphy/ptII/ptolemy/actor/lib/test/auto/NilTokenRecord.xml
4 ms. Memory: 1362432K Free: 437762K (32%)
----------------- Invoking toplevel() on ptolemy.moml.MoMLSimpleApplication@5d9bc6f4
----------------- Done invoking toplevel() on ptolemy.moml.MoMLSimpleApplication@5d9bc6f4
reloadAllAccessors: .NilTokenRecord

===========================================================================================
----------------- testing Wed Dec 05 02:55:19 UTC 2018 /home/travis/build/icyphy/ptII/ptolemy/actor/lib/test/auto/NilTokenTypeTest.xml
----------------- Instantiating /home/travis/build/icyphy/ptII/ptolemy/actor/lib/test/auto/NilTokenTypeTest.xml
3 ms. Memory: 1362432K Free: 412113K (30%)
----------------- Invoking toplevel() on ptolemy.moml.MoMLSimpleApplication@1d7e159d
----------------- Done invoking toplevel() on ptolemy.moml.MoMLSimpleApplication@1d7e159d
reloadAllAccessors: .NilTokenTypeTest

===========================================================================================
----------------- testing Wed Dec 05 02:55:19 UTC 2018 /home/travis/build/icyphy/ptII/ptolemy/actor/lib/test/auto/ObjectToken1.xml
----------------- Instantiating /home/travis/build/icyphy/ptII/ptolemy/actor/lib/test/auto/ObjectToken1.xml
2 ms. Memory: 1362432K Free: 399682K (29%)
----------------- Invoking toplevel() on ptolemy.moml.MoMLSimpleApplication@5a4d811c
----------------- Done invoking toplevel() on ptolemy.moml.MoMLSimpleApplication@5a4d811c
reloadAllAccessors: .ObjectToken1

===========================================================================================
----------------- testing Wed Dec 05 02:55:19 UTC 2018 /home/travis/build/icyphy/ptII/ptolemy/actor/lib/test/auto/OrderedMerge.xml
----------------- Instantiating /home/travis/build/icyphy/ptII/ptolemy/actor/lib/test/auto/OrderedMerge.xml
5 ms. Memory: 1362432K Free: 362388K (27%)
----------------- Invoking toplevel() on ptolemy.moml.MoMLSimpleApplication@12913ff8
----------------- Done invoking toplevel() on ptolemy.moml.MoMLSimpleApplication@12913ff8
reloadAllAccessors: .OrderedMerge

===========================================================================================
----------------- testing Wed Dec 05 02:55:19 UTC 2018 /home/travis/build/icyphy/ptII/ptolemy/actor/lib/test/auto/OrderedRecordDisassembler.xml
----------------- Instantiating /home/travis/build/icyphy/ptII/ptolemy/actor/lib/test/auto/OrderedRecordDisassembler.xml
3 ms. Memory: 1362432K Free: 342971K (25%)
----------------- Invoking toplevel() on ptolemy.moml.MoMLSimpleApplication@13a04fd4
----------------- Done invoking toplevel() on ptolemy.moml.MoMLSimpleApplication@13a04fd4
reloadAllAccessors: .OrderedRecordDisassembler

===========================================================================================
----------------- testing Wed Dec 05 02:55:19 UTC 2018 /home/travis/build/icyphy/ptII/ptolemy/actor/lib/test/auto/OrderedRecordDisassembler2.xml
----------------- Instantiating /home/travis/build/icyphy/ptII/ptolemy/actor/lib/test/auto/OrderedRecordDisassembler2.xml
4 ms. Memory: 1362432K Free: 330539K (24%)
----------------- Invoking toplevel() on ptolemy.moml.MoMLSimpleApplication@c299992
----------------- Done invoking toplevel() on ptolemy.moml.MoMLSimpleApplication@c299992
reloadAllAccessors: .OrderedRecordDisassembler2

===========================================================================================
----------------- testing Wed Dec 05 02:55:19 UTC 2018 /home/travis/build/icyphy/ptII/ptolemy/actor/lib/test/auto/OrderedRecordUpdater.xml
----------------- Instantiating /home/travis/build/icyphy/ptII/ptolemy/actor/lib/test/auto/OrderedRecordUpdater.xml
1 ms. Memory: 1362432K Free: 318108K (23%)
----------------- Invoking toplevel() on ptolemy.moml.MoMLSimpleApplication@1df770
----------------- Done invoking toplevel() on ptolemy.moml.MoMLSimpleApplication@1df770
reloadAllAccessors: .RecordUpdater

===========================================================================================
----------------- testing Wed Dec 05 02:55:19 UTC 2018 /home/travis/build/icyphy/ptII/ptolemy/actor/lib/test/auto/OrderedRecordUpdater2.xml
----------------- Instantiating /home/travis/build/icyphy/ptII/ptolemy/actor/lib/test/auto/OrderedRecordUpdater2.xml
2 ms. Memory: 1362432K Free: 298691K (22%)
----------------- Invoking toplevel() on ptolemy.moml.MoMLSimpleApplication@3dbafb14
----------------- Done invoking toplevel() on ptolemy.moml.MoMLSimpleApplication@3dbafb14
reloadAllAccessors: .RecordUpdater2

===========================================================================================
----------------- testing Wed Dec 05 02:55:19 UTC 2018 /home/travis/build/icyphy/ptII/ptolemy/actor/lib/test/auto/PhaseUnwrap.xml
----------------- Instantiating /home/travis/build/icyphy/ptII/ptolemy/actor/lib/test/auto/PhaseUnwrap.xml
3 ms. Memory: 1362432K Free: 286260K (21%)
----------------- Invoking toplevel() on ptolemy.moml.MoMLSimpleApplication@cfd3b69
----------------- Done invoking toplevel() on ptolemy.moml.MoMLSimpleApplication@cfd3b69
reloadAllAccessors: .PhaseUnwrap

===========================================================================================
----------------- testing Wed Dec 05 02:55:19 UTC 2018 /home/travis/build/icyphy/ptII/ptolemy/actor/lib/test/auto/PoissonClock.xml
----------------- Instantiating /home/travis/build/icyphy/ptII/ptolemy/actor/lib/test/auto/PoissonClock.xml
1 ms. Memory: 1362432K Free: 273828K (20%)
----------------- Invoking toplevel() on ptolemy.moml.MoMLSimpleApplication@2e41c570
----------------- Done invoking toplevel() on ptolemy.moml.MoMLSimpleApplication@2e41c570
reloadAllAccessors: .PoissonClock

===========================================================================================
----------------- testing Wed Dec 05 02:55:19 UTC 2018 /home/travis/build/icyphy/ptII/ptolemy/actor/lib/test/auto/PoissonClock2.xml
----------------- Instantiating /home/travis/build/icyphy/ptII/ptolemy/actor/lib/test/auto/PoissonClock2.xml
1 ms. Memory: 1362432K Free: 254411K (19%)
----------------- Invoking toplevel() on ptolemy.moml.MoMLSimpleApplication@628f3aea
----------------- Done invoking toplevel() on ptolemy.moml.MoMLSimpleApplication@628f3aea
reloadAllAccessors: .PoissonClock2

===========================================================================================
----------------- testing Wed Dec 05 02:55:19 UTC 2018 /home/travis/build/icyphy/ptII/ptolemy/actor/lib/test/auto/PoissonClock3.xml
----------------- Instantiating /home/travis/build/icyphy/ptII/ptolemy/actor/lib/test/auto/PoissonClock3.xml
2 ms. Memory: 1362432K Free: 241980K (18%)
----------------- Invoking toplevel() on ptolemy.moml.MoMLSimpleApplication@671c5046
----------------- Done invoking toplevel() on ptolemy.moml.MoMLSimpleApplication@671c5046
reloadAllAccessors: .PoissonClock3

===========================================================================================
----------------- testing Wed Dec 05 02:55:19 UTC 2018 /home/travis/build/icyphy/ptII/ptolemy/actor/lib/test/auto/PubSubWithInitialTokens.xml
----------------- Instantiating /home/travis/build/icyphy/ptII/ptolemy/actor/lib/test/auto/PubSubWithInitialTokens.xml
2 ms. Memory: 1362432K Free: 229548K (17%)
----------------- Invoking toplevel() on ptolemy.moml.MoMLSimpleApplication@31499ab5
----------------- Done invoking toplevel() on ptolemy.moml.MoMLSimpleApplication@31499ab5
reloadAllAccessors: .PubSubWithInitialTokens

===========================================================================================
----------------- testing Wed Dec 05 02:55:19 UTC 2018 /home/travis/build/icyphy/ptII/ptolemy/actor/lib/test/auto/PubSubWithInitialTokens2.xml
----------------- Instantiating /home/travis/build/icyphy/ptII/ptolemy/actor/lib/test/auto/PubSubWithInitialTokens2.xml
2 ms. Memory: 1362432K Free: 210131K (15%)
----------------- Invoking toplevel() on ptolemy.moml.MoMLSimpleApplication@54ea1412
----------------- Done invoking toplevel() on ptolemy.moml.MoMLSimpleApplication@54ea1412
reloadAllAccessors: .PubSubWithInitialTokens2

===========================================================================================
----------------- testing Wed Dec 05 02:55:19 UTC 2018 /home/travis/build/icyphy/ptII/ptolemy/actor/lib/test/auto/PublisherClassNoParameter.xml
----------------- Instantiating /home/travis/build/icyphy/ptII/ptolemy/actor/lib/test/auto/PublisherClassNoParameter.xml
2 ms. Memory: 1362432K Free: 191468K (14%)
----------------- Invoking toplevel() on ptolemy.moml.MoMLSimpleApplication@6aa5ff4e
----------------- Done invoking toplevel() on ptolemy.moml.MoMLSimpleApplication@6aa5ff4e
reloadAllAccessors: .PublisherClassNoParameter

===========================================================================================
----------------- testing Wed Dec 05 02:55:19 UTC 2018 /home/travis/build/icyphy/ptII/ptolemy/actor/lib/test/auto/PublisherClassParameter.xml
----------------- Instantiating /home/travis/build/icyphy/ptII/ptolemy/actor/lib/test/auto/PublisherClassParameter.xml
3 ms. Memory: 1362432K Free: 172805K (13%)
----------------- Invoking toplevel() on ptolemy.moml.MoMLSimpleApplication@4437f744
----------------- Done invoking toplevel() on ptolemy.moml.MoMLSimpleApplication@4437f744
reloadAllAccessors: .PublisherClassParameter

===========================================================================================
----------------- testing Wed Dec 05 02:55:19 UTC 2018 /home/travis/build/icyphy/ptII/ptolemy/actor/lib/test/auto/PublisherNonStrictTest.xml
----------------- Instantiating /home/travis/build/icyphy/ptII/ptolemy/actor/lib/test/auto/PublisherNonStrictTest.xml
4 ms. Memory: 1362432K Free: 153388K (11%)
----------------- Invoking toplevel() on ptolemy.moml.MoMLSimpleApplication@6aa87303
----------------- Done invoking toplevel() on ptolemy.moml.MoMLSimpleApplication@6aa87303
reloadAllAccessors: .PublisherNonStrictTest

===========================================================================================
----------------- testing Wed Dec 05 02:55:19 UTC 2018 /home/travis/build/icyphy/ptII/ptolemy/actor/lib/test/auto/PublisherPort1.xml
----------------- Instantiating /home/travis/build/icyphy/ptII/ptolemy/actor/lib/test/auto/PublisherPort1.xml
2 ms. Memory: 1362432K Free: 140957K (10%)
----------------- Invoking toplevel() on ptolemy.moml.MoMLSimpleApplication@566f2812
----------------- Done invoking toplevel() on ptolemy.moml.MoMLSimpleApplication@566f2812
reloadAllAccessors: .PublisherPort1

===========================================================================================
----------------- testing Wed Dec 05 02:55:19 UTC 2018 /home/travis/build/icyphy/ptII/ptolemy/actor/lib/test/auto/PublisherPort2.xml
----------------- Instantiating /home/travis/build/icyphy/ptII/ptolemy/actor/lib/test/auto/PublisherPort2.xml
2 ms. Memory: 1362432K Free: 128526K (9%)
----------------- Invoking toplevel() on ptolemy.moml.MoMLSimpleApplication@24c7837f
----------------- Done invoking toplevel() on ptolemy.moml.MoMLSimpleApplication@24c7837f
reloadAllAccessors: .PublisherPort2

===========================================================================================
----------------- testing Wed Dec 05 02:55:19 UTC 2018 /home/travis/build/icyphy/ptII/ptolemy/actor/lib/test/auto/PublisherPort3.xml
----------------- Instantiating /home/travis/build/icyphy/ptII/ptolemy/actor/lib/test/auto/PublisherPort3.xml
2 ms. Memory: 1362432K Free: 109109K (8%)
----------------- Invoking toplevel() on ptolemy.moml.MoMLSimpleApplication@54c3d40c
----------------- Done invoking toplevel() on ptolemy.moml.MoMLSimpleApplication@54c3d40c
reloadAllAccessors: .PublisherPort3

===========================================================================================
----------------- testing Wed Dec 05 02:55:19 UTC 2018 /home/travis/build/icyphy/ptII/ptolemy/actor/lib/test/auto/PublisherPort4.xml
----------------- Instantiating /home/travis/build/icyphy/ptII/ptolemy/actor/lib/test/auto/PublisherPort4.xml
2 ms. Memory: 1362432K Free: 96678K (7%)
----------------- Invoking toplevel() on ptolemy.moml.MoMLSimpleApplication@e46282d
----------------- Done invoking toplevel() on ptolemy.moml.MoMLSimpleApplication@e46282d
reloadAllAccessors: .PublisherPort4

===========================================================================================
----------------- testing Wed Dec 05 02:55:19 UTC 2018 /home/travis/build/icyphy/ptII/ptolemy/actor/lib/test/auto/PublisherPort5.xml
----------------- Instantiating /home/travis/build/icyphy/ptII/ptolemy/actor/lib/test/auto/PublisherPort5.xml
3 ms. Memory: 1362432K Free: 84246K (6%)
----------------- Invoking toplevel() on ptolemy.moml.MoMLSimpleApplication@7a3e5800
----------------- Done invoking toplevel() on ptolemy.moml.MoMLSimpleApplication@7a3e5800
reloadAllAccessors: .PublisherPort5

===========================================================================================
----------------- testing Wed Dec 05 02:55:19 UTC 2018 /home/travis/build/icyphy/ptII/ptolemy/actor/lib/test/auto/PublisherPort5LookAlike.xml
----------------- Instantiating /home/travis/build/icyphy/ptII/ptolemy/actor/lib/test/auto/PublisherPort5LookAlike.xml
3 ms. Memory: 1572352K Free: 1517373K (97%)
----------------- Invoking toplevel() on ptolemy.moml.MoMLSimpleApplication@55a4e686
----------------- Done invoking toplevel() on ptolemy.moml.MoMLSimpleApplication@55a4e686
reloadAllAccessors: .PublisherPort5LookAlike

===========================================================================================
----------------- testing Wed Dec 05 02:55:19 UTC 2018 /home/travis/build/icyphy/ptII/ptolemy/actor/lib/test/auto/PublisherPort6.xml
----------------- Instantiating /home/travis/build/icyphy/ptII/ptolemy/actor/lib/test/auto/PublisherPort6.xml
1 ms. Memory: 1572352K Free: 1495761K (95%)
----------------- Invoking toplevel() on ptolemy.moml.MoMLSimpleApplication@65e202d7
----------------- Done invoking toplevel() on ptolemy.moml.MoMLSimpleApplication@65e202d7
reloadAllAccessors: .PublisherPort6

===========================================================================================
----------------- testing Wed Dec 05 02:55:19 UTC 2018 /home/travis/build/icyphy/ptII/ptolemy/actor/lib/test/auto/PublisherPort7.xml
----------------- Instantiating /home/travis/build/icyphy/ptII/ptolemy/actor/lib/test/auto/PublisherPort7.xml
3 ms. Memory: 1572352K Free: 1481036K (94%)
----------------- Invoking toplevel() on ptolemy.moml.MoMLSimpleApplication@519a425e
----------------- Done invoking toplevel() on ptolemy.moml.MoMLSimpleApplication@519a425e
reloadAllAccessors: .PublisherPort7

===========================================================================================
----------------- testing Wed Dec 05 02:55:19 UTC 2018 /home/travis/build/icyphy/ptII/ptolemy/actor/lib/test/auto/PublisherPort8.xml
----------------- Instantiating /home/travis/build/icyphy/ptII/ptolemy/actor/lib/test/auto/PublisherPort8.xml
4 ms. Memory: 1572352K Free: 1459424K (93%)
----------------- Invoking toplevel() on ptolemy.moml.MoMLSimpleApplication@55e65bbe
----------------- Done invoking toplevel() on ptolemy.moml.MoMLSimpleApplication@55e65bbe
reloadAllAccessors: .PublisherPort8

===========================================================================================
----------------- testing Wed Dec 05 02:55:19 UTC 2018 /home/travis/build/icyphy/ptII/ptolemy/actor/lib/test/auto/PublisherPortSubscriberChannelVariablesAOC2.xml
----------------- Instantiating /home/travis/build/icyphy/ptII/ptolemy/actor/lib/test/auto/PublisherPortSubscriberChannelVariablesAOC2.xml
3 ms. Memory: 1572352K Free: 1429950K (91%)
----------------- Invoking toplevel() on ptolemy.moml.MoMLSimpleApplication@724c5d82
----------------- Done invoking toplevel() on ptolemy.moml.MoMLSimpleApplication@724c5d82
reloadAllAccessors: .PublisherPortSubscriberChannelVariablesAOC2

===========================================================================================
----------------- testing Wed Dec 05 02:55:19 UTC 2018 /home/travis/build/icyphy/ptII/ptolemy/actor/lib/test/auto/PublisherPortSubscriberOpaqueWidthInference.xml
----------------- Instantiating /home/travis/build/icyphy/ptII/ptolemy/actor/lib/test/auto/PublisherPortSubscriberOpaqueWidthInference.xml
3 ms. Memory: 1572352K Free: 1415225K (90%)
----------------- Invoking toplevel() on ptolemy.moml.MoMLSimpleApplication@57fe9409
----------------- Done invoking toplevel() on ptolemy.moml.MoMLSimpleApplication@57fe9409
reloadAllAccessors: .PublisherPortSubscriberOpaqueWidthInference

===========================================================================================
----------------- testing Wed Dec 05 02:55:19 UTC 2018 /home/travis/build/icyphy/ptII/ptolemy/actor/lib/test/auto/PublisherPortSubscriberPortAdjacent.xml
----------------- Instantiating /home/travis/build/icyphy/ptII/ptolemy/actor/lib/test/auto/PublisherPortSubscriberPortAdjacent.xml
1 ms. Memory: 1572352K Free: 1393613K (89%)
----------------- Invoking toplevel() on ptolemy.moml.MoMLSimpleApplication@184f478e
----------------- Done invoking toplevel() on ptolemy.moml.MoMLSimpleApplication@184f478e
reloadAllAccessors: .PublisherPortSubscriberPortAdjacent

===========================================================================================
----------------- testing Wed Dec 05 02:55:19 UTC 2018 /home/travis/build/icyphy/ptII/ptolemy/actor/lib/test/auto/PublisherPortSubscriberPortExpression.xml
----------------- Instantiating /home/travis/build/icyphy/ptII/ptolemy/actor/lib/test/auto/PublisherPortSubscriberPortExpression.xml
3 ms. Memory: 1572352K Free: 1378888K (88%)
----------------- Invoking toplevel() on ptolemy.moml.MoMLSimpleApplication@5ed37269
----------------- Done invoking toplevel() on ptolemy.moml.MoMLSimpleApplication@5ed37269
reloadAllAccessors: .PublisherPortSubscriberPortExpression

===========================================================================================
----------------- testing Wed Dec 05 02:55:19 UTC 2018 /home/travis/build/icyphy/ptII/ptolemy/actor/lib/test/auto/PublisherPortSubscriberPortOpaqueD3Reverse.xml
----------------- Instantiating /home/travis/build/icyphy/ptII/ptolemy/actor/lib/test/auto/PublisherPortSubscriberPortOpaqueD3Reverse.xml
5 ms. Memory: 1572352K Free: 1364163K (87%)
----------------- Invoking toplevel() on ptolemy.moml.MoMLSimpleApplication@7c603603
----------------- Done invoking toplevel() on ptolemy.moml.MoMLSimpleApplication@7c603603
reloadAllAccessors: .PublisherPortSubscriberPortOpaqueD3Reverse

===========================================================================================
----------------- testing Wed Dec 05 02:55:19 UTC 2018 /home/travis/build/icyphy/ptII/ptolemy/actor/lib/test/auto/PublisherPortSubscriberPortOpaqueWidthInference.xml
----------------- Instantiating /home/travis/build/icyphy/ptII/ptolemy/actor/lib/test/auto/PublisherPortSubscriberPortOpaqueWidthInference.xml
3 ms. Memory: 1572352K Free: 1342550K (85%)
----------------- Invoking toplevel() on ptolemy.moml.MoMLSimpleApplication@4aeb33f4
----------------- Done invoking toplevel() on ptolemy.moml.MoMLSimpleApplication@4aeb33f4
reloadAllAccessors: .PublisherPortSubscriberPortOpaqueWidthInference

===========================================================================================
----------------- testing Wed Dec 05 02:55:20 UTC 2018 /home/travis/build/icyphy/ptII/ptolemy/actor/lib/test/auto/PublisherPortToplevelSubscriberPortAOC.xml
----------------- Instantiating /home/travis/build/icyphy/ptII/ptolemy/actor/lib/test/auto/PublisherPortToplevelSubscriberPortAOC.xml
.PublisherPortToplevelSubscriberPortAOC.TestExceptionAttribute: initialize() was not invoked, but wrapup() was.  This is unusual, but not always a problem.  For example, exporting JNLP will do this.
1 ms. Memory: 1572352K Free: 1327825K (84%)
----------------- Invoking toplevel() on ptolemy.moml.MoMLSimpleApplication@69e20669
----------------- Done invoking toplevel() on ptolemy.moml.MoMLSimpleApplication@69e20669
reloadAllAccessors: .PublisherPortToplevelSubscriberPortAOC

===========================================================================================
----------------- testing Wed Dec 05 02:55:20 UTC 2018 /home/travis/build/icyphy/ptII/ptolemy/actor/lib/test/auto/PublisherSubscriber.xml
----------------- Instantiating /home/travis/build/icyphy/ptII/ptolemy/actor/lib/test/auto/PublisherSubscriber.xml
2 ms. Memory: 1572352K Free: 1313100K (84%)
----------------- Invoking toplevel() on ptolemy.moml.MoMLSimpleApplication@16fcea75
----------------- Done invoking toplevel() on ptolemy.moml.MoMLSimpleApplication@16fcea75
reloadAllAccessors: .PublisherSubscriber

===========================================================================================
----------------- testing Wed Dec 05 02:55:20 UTC 2018 /home/travis/build/icyphy/ptII/ptolemy/actor/lib/test/auto/PublisherSubscriber10.xml
----------------- Instantiating /home/travis/build/icyphy/ptII/ptolemy/actor/lib/test/auto/PublisherSubscriber10.xml
6 ms. Memory: 1572352K Free: 1291488K (82%)
----------------- Invoking toplevel() on ptolemy.moml.MoMLSimpleApplication@7a9654c3
----------------- Done invoking toplevel() on ptolemy.moml.MoMLSimpleApplication@7a9654c3
reloadAllAccessors: .PublisherSubscriber10

===========================================================================================
----------------- testing Wed Dec 05 02:55:20 UTC 2018 /home/travis/build/icyphy/ptII/ptolemy/actor/lib/test/auto/PublisherSubscriber10InitialOutputs.xml
----------------- Instantiating /home/travis/build/icyphy/ptII/ptolemy/actor/lib/test/auto/PublisherSubscriber10InitialOutputs.xml
12 ms. Memory: 1572352K Free: 1276763K (81%)
----------------- Invoking toplevel() on ptolemy.moml.MoMLSimpleApplication@3db5e675
----------------- Done invoking toplevel() on ptolemy.moml.MoMLSimpleApplication@3db5e675
reloadAllAccessors: .PublisherSubscriber10InitialOutputs

===========================================================================================
----------------- testing Wed Dec 05 02:55:20 UTC 2018 /home/travis/build/icyphy/ptII/ptolemy/actor/lib/test/auto/PublisherSubscriber11.xml
----------------- Instantiating /home/travis/build/icyphy/ptII/ptolemy/actor/lib/test/auto/PublisherSubscriber11.xml
4 ms. Memory: 1572352K Free: 1262038K (80%)
----------------- Invoking toplevel() on ptolemy.moml.MoMLSimpleApplication@6305c40e
----------------- Done invoking toplevel() on ptolemy.moml.MoMLSimpleApplication@6305c40e
reloadAllAccessors: .PublisherSubscriber11

===========================================================================================
----------------- testing Wed Dec 05 02:55:20 UTC 2018 /home/travis/build/icyphy/ptII/ptolemy/actor/lib/test/auto/PublisherSubscriber12.xml
----------------- Instantiating /home/travis/build/icyphy/ptII/ptolemy/actor/lib/test/auto/PublisherSubscriber12.xml
5 ms. Memory: 1572352K Free: 1240426K (79%)
----------------- Invoking toplevel() on ptolemy.moml.MoMLSimpleApplication@20dfd56a
----------------- Done invoking toplevel() on ptolemy.moml.MoMLSimpleApplication@20dfd56a
reloadAllAccessors: .PublisherSubscriber12

===========================================================================================
----------------- testing Wed Dec 05 02:55:20 UTC 2018 /home/travis/build/icyphy/ptII/ptolemy/actor/lib/test/auto/PublisherSubscriber13.xml
----------------- Instantiating /home/travis/build/icyphy/ptII/ptolemy/actor/lib/test/auto/PublisherSubscriber13.xml
2 ms. Memory: 1572352K Free: 1225701K (78%)
----------------- Invoking toplevel() on ptolemy.moml.MoMLSimpleApplication@4ad97a54
----------------- Done invoking toplevel() on ptolemy.moml.MoMLSimpleApplication@4ad97a54
reloadAllAccessors: .PublisherSubscriber13

===========================================================================================
----------------- testing Wed Dec 05 02:55:20 UTC 2018 /home/travis/build/icyphy/ptII/ptolemy/actor/lib/test/auto/PublisherSubscriber14.xml
----------------- Instantiating /home/travis/build/icyphy/ptII/ptolemy/actor/lib/test/auto/PublisherSubscriber14.xml
2 ms. Memory: 1572352K Free: 1210976K (77%)
----------------- Invoking toplevel() on ptolemy.moml.MoMLSimpleApplication@62fe429d
----------------- Done invoking toplevel() on ptolemy.moml.MoMLSimpleApplication@62fe429d
reloadAllAccessors: .PublisherSubscriber14

===========================================================================================
----------------- testing Wed Dec 05 02:55:20 UTC 2018 /home/travis/build/icyphy/ptII/ptolemy/actor/lib/test/auto/PublisherSubscriber2.xml
----------------- Instantiating /home/travis/build/icyphy/ptII/ptolemy/actor/lib/test/auto/PublisherSubscriber2.xml
2 ms. Memory: 1572352K Free: 1189364K (76%)
----------------- Invoking toplevel() on ptolemy.moml.MoMLSimpleApplication@78ee1f01
----------------- Done invoking toplevel() on ptolemy.moml.MoMLSimpleApplication@78ee1f01
reloadAllAccessors: .PublisherSubscriber2

===========================================================================================
----------------- testing Wed Dec 05 02:55:20 UTC 2018 /home/travis/build/icyphy/ptII/ptolemy/actor/lib/test/auto/PublisherSubscriber3.xml
----------------- Instantiating /home/travis/build/icyphy/ptII/ptolemy/actor/lib/test/auto/PublisherSubscriber3.xml
2 ms. Memory: 1572352K Free: 1174639K (75%)
----------------- Invoking toplevel() on ptolemy.moml.MoMLSimpleApplication@30af8503
----------------- Done invoking toplevel() on ptolemy.moml.MoMLSimpleApplication@30af8503
reloadAllAccessors: .PublisherSubscriber3

===========================================================================================
----------------- testing Wed Dec 05 02:55:20 UTC 2018 /home/travis/build/icyphy/ptII/ptolemy/actor/lib/test/auto/PublisherSubscriber4.xml
----------------- Instantiating /home/travis/build/icyphy/ptII/ptolemy/actor/lib/test/auto/PublisherSubscriber4.xml
1 ms. Memory: 1572352K Free: 1153027K (73%)
----------------- Invoking toplevel() on ptolemy.moml.MoMLSimpleApplication@6c6206e0
----------------- Done invoking toplevel() on ptolemy.moml.MoMLSimpleApplication@6c6206e0
reloadAllAccessors: .PublisherSubscriber4

===========================================================================================
----------------- testing Wed Dec 05 02:55:20 UTC 2018 /home/travis/build/icyphy/ptII/ptolemy/actor/lib/test/auto/PublisherSubscriber5.xml
----------------- Instantiating /home/travis/build/icyphy/ptII/ptolemy/actor/lib/test/auto/PublisherSubscriber5.xml
2 ms. Memory: 1572352K Free: 1138302K (72%)
----------------- Invoking toplevel() on ptolemy.moml.MoMLSimpleApplication@17933c9
----------------- Done invoking toplevel() on ptolemy.moml.MoMLSimpleApplication@17933c9
reloadAllAccessors: .PublisherSubscriber5

===========================================================================================
----------------- testing Wed Dec 05 02:55:20 UTC 2018 /home/travis/build/icyphy/ptII/ptolemy/actor/lib/test/auto/PublisherSubscriber6.xml
----------------- Instantiating /home/travis/build/icyphy/ptII/ptolemy/actor/lib/test/auto/PublisherSubscriber6.xml
2 ms. Memory: 1572352K Free: 1123576K (71%)
----------------- Invoking toplevel() on ptolemy.moml.MoMLSimpleApplication@75369ea8
----------------- Done invoking toplevel() on ptolemy.moml.MoMLSimpleApplication@75369ea8
reloadAllAccessors: .PublisherSubscriber6

===========================================================================================
----------------- testing Wed Dec 05 02:55:20 UTC 2018 /home/travis/build/icyphy/ptII/ptolemy/actor/lib/test/auto/PublisherSubscriber7.xml
----------------- Instantiating /home/travis/build/icyphy/ptII/ptolemy/actor/lib/test/auto/PublisherSubscriber7.xml
2 ms. Memory: 1572352K Free: 1101965K (70%)
----------------- Invoking toplevel() on ptolemy.moml.MoMLSimpleApplication@e49e649
----------------- Done invoking toplevel() on ptolemy.moml.MoMLSimpleApplication@e49e649
reloadAllAccessors: .PublisherSubscriber7

===========================================================================================
----------------- testing Wed Dec 05 02:55:20 UTC 2018 /home/travis/build/icyphy/ptII/ptolemy/actor/lib/test/auto/PublisherSubscriber8.xml
----------------- Instantiating /home/travis/build/icyphy/ptII/ptolemy/actor/lib/test/auto/PublisherSubscriber8.xml
16 ms. Memory: 1572352K Free: 1013613K (64%)
----------------- Invoking toplevel() on ptolemy.moml.MoMLSimpleApplication@5458726f
----------------- Done invoking toplevel() on ptolemy.moml.MoMLSimpleApplication@5458726f
reloadAllAccessors: .PublisherSubscriber8

===========================================================================================
----------------- testing Wed Dec 05 02:55:20 UTC 2018 /home/travis/build/icyphy/ptII/ptolemy/actor/lib/test/auto/PublisherSubscriber9.xml
----------------- Instantiating /home/travis/build/icyphy/ptII/ptolemy/actor/lib/test/auto/PublisherSubscriber9.xml
2 ms. Memory: 1572352K Free: 998888K (64%)
----------------- Invoking toplevel() on ptolemy.moml.MoMLSimpleApplication@1300eae7
----------------- Done invoking toplevel() on ptolemy.moml.MoMLSimpleApplication@1300eae7
reloadAllAccessors: .PublisherSubscriber9

===========================================================================================
----------------- testing Wed Dec 05 02:55:20 UTC 2018 /home/travis/build/icyphy/ptII/ptolemy/actor/lib/test/auto/PublisherSubscriberAdjacent.xml
----------------- Instantiating /home/travis/build/icyphy/ptII/ptolemy/actor/lib/test/auto/PublisherSubscriberAdjacent.xml
2 ms. Memory: 1572352K Free: 977276K (62%)
----------------- Invoking toplevel() on ptolemy.moml.MoMLSimpleApplication@3111bace
----------------- Done invoking toplevel() on ptolemy.moml.MoMLSimpleApplication@3111bace
reloadAllAccessors: .PublisherSubscriberAdjacent

===========================================================================================
----------------- testing Wed Dec 05 02:55:20 UTC 2018 /home/travis/build/icyphy/ptII/ptolemy/actor/lib/test/auto/PublisherSubscriberChannelVariablesAOC2.xml
----------------- Instantiating /home/travis/build/icyphy/ptII/ptolemy/actor/lib/test/auto/PublisherSubscriberChannelVariablesAOC2.xml
3 ms. Memory: 1572352K Free: 955173K (61%)
----------------- Invoking toplevel() on ptolemy.moml.MoMLSimpleApplication@3f3d8e02
----------------- Done invoking toplevel() on ptolemy.moml.MoMLSimpleApplication@3f3d8e02
reloadAllAccessors: .PublisherSubscriberChannelVariablesAOC2

===========================================================================================
----------------- testing Wed Dec 05 02:55:20 UTC 2018 /home/travis/build/icyphy/ptII/ptolemy/actor/lib/test/auto/PublisherSubscriberD3.xml
----------------- Instantiating /home/travis/build/icyphy/ptII/ptolemy/actor/lib/test/auto/PublisherSubscriberD3.xml
2 ms. Memory: 1572352K Free: 940447K (60%)
----------------- Invoking toplevel() on ptolemy.moml.MoMLSimpleApplication@611b9f7e
----------------- Done invoking toplevel() on ptolemy.moml.MoMLSimpleApplication@611b9f7e
reloadAllAccessors: .PublisherSubscriberD3

===========================================================================================
----------------- testing Wed Dec 05 02:55:20 UTC 2018 /home/travis/build/icyphy/ptII/ptolemy/actor/lib/test/auto/PublisherSubscriberD3Reverse.xml
----------------- Instantiating /home/travis/build/icyphy/ptII/ptolemy/actor/lib/test/auto/PublisherSubscriberD3Reverse.xml
2 ms. Memory: 1572352K Free: 918835K (58%)
----------------- Invoking toplevel() on ptolemy.moml.MoMLSimpleApplication@338e09e
----------------- Done invoking toplevel() on ptolemy.moml.MoMLSimpleApplication@338e09e
reloadAllAccessors: .PublisherSubscriberD3Reverse

===========================================================================================
----------------- testing Wed Dec 05 02:55:20 UTC 2018 /home/travis/build/icyphy/ptII/ptolemy/actor/lib/test/auto/PublisherSubscriberExpression.xml
----------------- Instantiating /home/travis/build/icyphy/ptII/ptolemy/actor/lib/test/auto/PublisherSubscriberExpression.xml
3 ms. Memory: 1572352K Free: 904110K (58%)
----------------- Invoking toplevel() on ptolemy.moml.MoMLSimpleApplication@1cd34c99
----------------- Done invoking toplevel() on ptolemy.moml.MoMLSimpleApplication@1cd34c99
reloadAllAccessors: .PublisherSubscriberExpression

===========================================================================================
----------------- testing Wed Dec 05 02:55:20 UTC 2018 /home/travis/build/icyphy/ptII/ptolemy/actor/lib/test/auto/PublisherSubscriberOpaque.xml
----------------- Instantiating /home/travis/build/icyphy/ptII/ptolemy/actor/lib/test/auto/PublisherSubscriberOpaque.xml
4 ms. Memory: 1572352K Free: 889385K (57%)
----------------- Invoking toplevel() on ptolemy.moml.MoMLSimpleApplication@571d722
----------------- Done invoking toplevel() on ptolemy.moml.MoMLSimpleApplication@571d722
reloadAllAccessors: .PublisherSubscriberOpaque

===========================================================================================
----------------- testing Wed Dec 05 02:55:20 UTC 2018 /home/travis/build/icyphy/ptII/ptolemy/actor/lib/test/auto/PublisherSubscriberOpaqueD3.xml
----------------- Instantiating /home/travis/build/icyphy/ptII/ptolemy/actor/lib/test/auto/PublisherSubscriberOpaqueD3.xml
5 ms. Memory: 1572352K Free: 860394K (55%)
----------------- Invoking toplevel() on ptolemy.moml.MoMLSimpleApplication@5fe3ed88
----------------- Done invoking toplevel() on ptolemy.moml.MoMLSimpleApplication@5fe3ed88
reloadAllAccessors: .PublisherSubscriberOpaqueD3

===========================================================================================
----------------- testing Wed Dec 05 02:55:20 UTC 2018 /home/travis/build/icyphy/ptII/ptolemy/actor/lib/test/auto/PublisherSubscriberOpaqueD3Reverse.xml
----------------- Instantiating /home/travis/build/icyphy/ptII/ptolemy/actor/lib/test/auto/PublisherSubscriberOpaqueD3Reverse.xml
4 ms. Memory: 1572352K Free: 845669K (54%)
----------------- Invoking toplevel() on ptolemy.moml.MoMLSimpleApplication@5a291fa0
----------------- Done invoking toplevel() on ptolemy.moml.MoMLSimpleApplication@5a291fa0
reloadAllAccessors: .PublisherSubscriberOpaqueD3Reverse

===========================================================================================
----------------- testing Wed Dec 05 02:55:20 UTC 2018 /home/travis/build/icyphy/ptII/ptolemy/actor/lib/test/auto/PublisherSubscriberOpaqueWidthInference.xml
----------------- Instantiating /home/travis/build/icyphy/ptII/ptolemy/actor/lib/test/auto/PublisherSubscriberOpaqueWidthInference.xml
3 ms. Memory: 1572352K Free: 830944K (53%)
----------------- Invoking toplevel() on ptolemy.moml.MoMLSimpleApplication@16d517c9
----------------- Done invoking toplevel() on ptolemy.moml.MoMLSimpleApplication@16d517c9
reloadAllAccessors: .PublisherSubscriberOpaqueWidthInference

===========================================================================================
----------------- testing Wed Dec 05 02:55:20 UTC 2018 /home/travis/build/icyphy/ptII/ptolemy/actor/lib/test/auto/PublisherTestSubscriber.xml
----------------- Instantiating /home/travis/build/icyphy/ptII/ptolemy/actor/lib/test/auto/PublisherTestSubscriber.xml
3 ms. Memory: 1572352K Free: 809332K (51%)
----------------- Invoking toplevel() on ptolemy.moml.MoMLSimpleApplication@7ede12ff
----------------- Done invoking toplevel() on ptolemy.moml.MoMLSimpleApplication@7ede12ff
reloadAllAccessors: .PublisherTestSubscriber

===========================================================================================
----------------- testing Wed Dec 05 02:55:20 UTC 2018 /home/travis/build/icyphy/ptII/ptolemy/actor/lib/test/auto/PublisherToplevelSubscriberPortAOC.xml
----------------- Instantiating /home/travis/build/icyphy/ptII/ptolemy/actor/lib/test/auto/PublisherToplevelSubscriberPortAOC.xml
2 ms. Memory: 1572352K Free: 794607K (51%)
----------------- Invoking toplevel() on ptolemy.moml.MoMLSimpleApplication@7f24a5e5
----------------- Done invoking toplevel() on ptolemy.moml.MoMLSimpleApplication@7f24a5e5
reloadAllAccessors: .PublisherToplevelSubscriberPortAOC

===========================================================================================
----------------- testing Wed Dec 05 02:55:20 UTC 2018 /home/travis/build/icyphy/ptII/ptolemy/actor/lib/test/auto/PulseFiringLimitDE.xml
----------------- Instantiating /home/travis/build/icyphy/ptII/ptolemy/actor/lib/test/auto/PulseFiringLimitDE.xml
1 ms. Memory: 1572352K Free: 772995K (49%)
----------------- Invoking toplevel() on ptolemy.moml.MoMLSimpleApplication@7bb15b6e
----------------- Done invoking toplevel() on ptolemy.moml.MoMLSimpleApplication@7bb15b6e
reloadAllAccessors: .PulseFiringLimitDE

===========================================================================================
----------------- testing Wed Dec 05 02:55:20 UTC 2018 /home/travis/build/icyphy/ptII/ptolemy/actor/lib/test/auto/Ramp1.xml
----------------- Instantiating /home/travis/build/icyphy/ptII/ptolemy/actor/lib/test/auto/Ramp1.xml
1 ms. Memory: 1572352K Free: 758270K (48%)
----------------- Invoking toplevel() on ptolemy.moml.MoMLSimpleApplication@2f129455
----------------- Done invoking toplevel() on ptolemy.moml.MoMLSimpleApplication@2f129455
reloadAllAccessors: .Ramp1

===========================================================================================
----------------- testing Wed Dec 05 02:55:20 UTC 2018 /home/travis/build/icyphy/ptII/ptolemy/actor/lib/test/auto/RampFiringLimitDE.xml
----------------- Instantiating /home/travis/build/icyphy/ptII/ptolemy/actor/lib/test/auto/RampFiringLimitDE.xml
2 ms. Memory: 1572352K Free: 743545K (47%)
----------------- Invoking toplevel() on ptolemy.moml.MoMLSimpleApplication@13072ae1
----------------- Done invoking toplevel() on ptolemy.moml.MoMLSimpleApplication@13072ae1
reloadAllAccessors: .RampFiringLimitDE

===========================================================================================
----------------- testing Wed Dec 05 02:55:20 UTC 2018 /home/travis/build/icyphy/ptII/ptolemy/actor/lib/test/auto/RampFiringLimitSDF.xml
----------------- Instantiating /home/travis/build/icyphy/ptII/ptolemy/actor/lib/test/auto/RampFiringLimitSDF.xml
2 ms. Memory: 1572352K Free: 721932K (46%)
----------------- Invoking toplevel() on ptolemy.moml.MoMLSimpleApplication@16c61f1c
----------------- Done invoking toplevel() on ptolemy.moml.MoMLSimpleApplication@16c61f1c
reloadAllAccessors: .RampFiringLimitSDF

===========================================================================================
----------------- testing Wed Dec 05 02:55:20 UTC 2018 /home/travis/build/icyphy/ptII/ptolemy/actor/lib/test/auto/RandomInteger.xml
----------------- Instantiating /home/travis/build/icyphy/ptII/ptolemy/actor/lib/test/auto/RandomInteger.xml
1 ms. Memory: 1572352K Free: 707207K (45%)
----------------- Invoking toplevel() on ptolemy.moml.MoMLSimpleApplication@c04844f
----------------- Done invoking toplevel() on ptolemy.moml.MoMLSimpleApplication@c04844f
reloadAllAccessors: .RandomInteger

===========================================================================================
----------------- testing Wed Dec 05 02:55:20 UTC 2018 /home/travis/build/icyphy/ptII/ptolemy/actor/lib/test/auto/ReadFile1.xml
----------------- Instantiating /home/travis/build/icyphy/ptII/ptolemy/actor/lib/test/auto/ReadFile1.xml
1 ms. Memory: 1572352K Free: 692482K (44%)
----------------- Invoking toplevel() on ptolemy.moml.MoMLSimpleApplication@3bc7450e
----------------- Done invoking toplevel() on ptolemy.moml.MoMLSimpleApplication@3bc7450e
reloadAllAccessors: .ReadFile1

===========================================================================================
----------------- testing Wed Dec 05 02:55:20 UTC 2018 /home/travis/build/icyphy/ptII/ptolemy/actor/lib/test/auto/ReadFile2.xml
----------------- Instantiating /home/travis/build/icyphy/ptII/ptolemy/actor/lib/test/auto/ReadFile2.xml
1 ms. Memory: 1572352K Free: 670870K (43%)
----------------- Invoking toplevel() on ptolemy.moml.MoMLSimpleApplication@1d089f62
----------------- Done invoking toplevel() on ptolemy.moml.MoMLSimpleApplication@1d089f62
reloadAllAccessors: .ReadFile2

===========================================================================================
----------------- testing Wed Dec 05 02:55:20 UTC 2018 /home/travis/build/icyphy/ptII/ptolemy/actor/lib/test/auto/Reader.xml
----------------- Instantiating /home/travis/build/icyphy/ptII/ptolemy/actor/lib/test/auto/Reader.xml
actor.lib.Reader is obsolete, use actor.lib.io.ExpressionReader instead
6 ms. Memory: 1572352K Free: 656145K (42%)
----------------- Invoking toplevel() on ptolemy.moml.MoMLSimpleApplication@67f3eb2b
----------------- Done invoking toplevel() on ptolemy.moml.MoMLSimpleApplication@67f3eb2b
reloadAllAccessors: .Reader

===========================================================================================
----------------- testing Wed Dec 05 02:55:20 UTC 2018 /home/travis/build/icyphy/ptII/ptolemy/actor/lib/test/auto/RecordAssemblerDisplayNameTest.xml
----------------- Instantiating /home/travis/build/icyphy/ptII/ptolemy/actor/lib/test/auto/RecordAssemblerDisplayNameTest.xml
3077 ms. Memory: 1607680K Free: 899463K (56%)
----------------- Invoking toplevel() on ptolemy.moml.MoMLSimpleApplication@657a0430
----------------- Done invoking toplevel() on ptolemy.moml.MoMLSimpleApplication@657a0430
reloadAllAccessors: .RecordAssemblerDisplayNameTest

===========================================================================================
----------------- testing Wed Dec 05 02:55:23 UTC 2018 /home/travis/build/icyphy/ptII/ptolemy/actor/lib/test/auto/RecordAssemblerTypeError.xml
----------------- Instantiating /home/travis/build/icyphy/ptII/ptolemy/actor/lib/test/auto/RecordAssemblerTypeError.xml
14 ms. Memory: 1607680K Free: 868084K (54%)
----------------- Invoking toplevel() on ptolemy.moml.MoMLSimpleApplication@44c35385
----------------- Done invoking toplevel() on ptolemy.moml.MoMLSimpleApplication@44c35385
reloadAllAccessors: .RecordAssemblerTypeError

===========================================================================================
----------------- testing Wed Dec 05 02:55:23 UTC 2018 /home/travis/build/icyphy/ptII/ptolemy/actor/lib/test/auto/RecordDisassember.xml
----------------- Instantiating /home/travis/build/icyphy/ptII/ptolemy/actor/lib/test/auto/RecordDisassember.xml
3 ms. Memory: 1607680K Free: 853196K (53%)
----------------- Invoking toplevel() on ptolemy.moml.MoMLSimpleApplication@4e881266
----------------- Done invoking toplevel() on ptolemy.moml.MoMLSimpleApplication@4e881266
reloadAllAccessors: .RecordDisassember

===========================================================================================
----------------- testing Wed Dec 05 02:55:23 UTC 2018 /home/travis/build/icyphy/ptII/ptolemy/actor/lib/test/auto/RecordDisassemberDisplayNameTest.xml
----------------- Instantiating /home/travis/build/icyphy/ptII/ptolemy/actor/lib/test/auto/RecordDisassemberDisplayNameTest.xml
4 ms. Memory: 1607680K Free: 833038K (52%)
----------------- Invoking toplevel() on ptolemy.moml.MoMLSimpleApplication@323e561c
----------------- Done invoking toplevel() on ptolemy.moml.MoMLSimpleApplication@323e561c
reloadAllAccessors: .RecordDisassemberDisplayNameTest

===========================================================================================
----------------- testing Wed Dec 05 02:55:23 UTC 2018 /home/travis/build/icyphy/ptII/ptolemy/actor/lib/test/auto/RecordDisassembler.xml
----------------- Instantiating /home/travis/build/icyphy/ptII/ptolemy/actor/lib/test/auto/RecordDisassembler.xml
2 ms. Memory: 1607680K Free: 818149K (51%)
----------------- Invoking toplevel() on ptolemy.moml.MoMLSimpleApplication@47760c92
----------------- Done invoking toplevel() on ptolemy.moml.MoMLSimpleApplication@47760c92
reloadAllAccessors: .RecordDisassembler

===========================================================================================
----------------- testing Wed Dec 05 02:55:23 UTC 2018 /home/travis/build/icyphy/ptII/ptolemy/actor/lib/test/auto/RecordDisassembler2.xml
----------------- Instantiating /home/travis/build/icyphy/ptII/ptolemy/actor/lib/test/auto/RecordDisassembler2.xml
2 ms. Memory: 1607680K Free: 797992K (50%)
----------------- Invoking toplevel() on ptolemy.moml.MoMLSimpleApplication@a996bcb
----------------- Done invoking toplevel() on ptolemy.moml.MoMLSimpleApplication@a996bcb
reloadAllAccessors: .RecordDisassembler2

===========================================================================================
----------------- testing Wed Dec 05 02:55:23 UTC 2018 /home/travis/build/icyphy/ptII/ptolemy/actor/lib/test/auto/RecordUpdater.xml
----------------- Instantiating /home/travis/build/icyphy/ptII/ptolemy/actor/lib/test/auto/RecordUpdater.xml
2 ms. Memory: 1607680K Free: 783103K (49%)
----------------- Invoking toplevel() on ptolemy.moml.MoMLSimpleApplication@4f0ceb80
----------------- Done invoking toplevel() on ptolemy.moml.MoMLSimpleApplication@4f0ceb80
reloadAllAccessors: .RecordUpdater

===========================================================================================
----------------- testing Wed Dec 05 02:55:23 UTC 2018 /home/travis/build/icyphy/ptII/ptolemy/actor/lib/test/auto/RecordUpdater2.xml
----------------- Instantiating /home/travis/build/icyphy/ptII/ptolemy/actor/lib/test/auto/RecordUpdater2.xml
2 ms. Memory: 1607680K Free: 762946K (47%)
----------------- Invoking toplevel() on ptolemy.moml.MoMLSimpleApplication@579f6237
----------------- Done invoking toplevel() on ptolemy.moml.MoMLSimpleApplication@579f6237
reloadAllAccessors: .RecordUpdater2

===========================================================================================
----------------- testing Wed Dec 05 02:55:24 UTC 2018 /home/travis/build/icyphy/ptII/ptolemy/actor/lib/test/auto/RecursiveLattice.xml
----------------- Instantiating /home/travis/build/icyphy/ptII/ptolemy/actor/lib/test/auto/RecursiveLattice.xml
1 ms. Memory: 1607680K Free: 748057K (47%)
----------------- Invoking toplevel() on ptolemy.moml.MoMLSimpleApplication@2cebde16
----------------- Done invoking toplevel() on ptolemy.moml.MoMLSimpleApplication@2cebde16
reloadAllAccessors: .RecursiveLattice

===========================================================================================
----------------- testing Wed Dec 05 02:55:24 UTC 2018 /home/travis/build/icyphy/ptII/ptolemy/actor/lib/test/auto/Router.xml
----------------- Instantiating /home/travis/build/icyphy/ptII/ptolemy/actor/lib/test/auto/Router.xml
3004 ms. Memory: 1607680K Free: 727900K (45%)
----------------- Invoking toplevel() on ptolemy.moml.MoMLSimpleApplication@4796ff94
----------------- Done invoking toplevel() on ptolemy.moml.MoMLSimpleApplication@4796ff94
reloadAllAccessors: .Router

===========================================================================================
----------------- testing Wed Dec 05 02:55:27 UTC 2018 /home/travis/build/icyphy/ptII/ptolemy/actor/lib/test/auto/Router2.xml
----------------- Instantiating /home/travis/build/icyphy/ptII/ptolemy/actor/lib/test/auto/Router2.xml
3002 ms. Memory: 1607680K Free: 713011K (44%)
----------------- Invoking toplevel() on ptolemy.moml.MoMLSimpleApplication@196141a1
----------------- Done invoking toplevel() on ptolemy.moml.MoMLSimpleApplication@196141a1
reloadAllAccessors: .Router2

===========================================================================================
----------------- testing Wed Dec 05 02:55:30 UTC 2018 /home/travis/build/icyphy/ptII/ptolemy/actor/lib/test/auto/RunningMaximum.xml
----------------- Instantiating /home/travis/build/icyphy/ptII/ptolemy/actor/lib/test/auto/RunningMaximum.xml
2 ms. Memory: 1607680K Free: 692854K (43%)
----------------- Invoking toplevel() on ptolemy.moml.MoMLSimpleApplication@4325cdfd
----------------- Done invoking toplevel() on ptolemy.moml.MoMLSimpleApplication@4325cdfd
reloadAllAccessors: .RunningMaximum

===========================================================================================
----------------- testing Wed Dec 05 02:55:30 UTC 2018 /home/travis/build/icyphy/ptII/ptolemy/actor/lib/test/auto/RunningMinimum.xml
----------------- Instantiating /home/travis/build/icyphy/ptII/ptolemy/actor/lib/test/auto/RunningMinimum.xml
3 ms. Memory: 1607680K Free: 677966K (42%)
----------------- Invoking toplevel() on ptolemy.moml.MoMLSimpleApplication@47d8a142
----------------- Done invoking toplevel() on ptolemy.moml.MoMLSimpleApplication@47d8a142
reloadAllAccessors: .RunningMinimum

===========================================================================================
----------------- testing Wed Dec 05 02:55:30 UTC 2018 /home/travis/build/icyphy/ptII/ptolemy/actor/lib/test/auto/Scale.xml
----------------- Instantiating /home/travis/build/icyphy/ptII/ptolemy/actor/lib/test/auto/Scale.xml
1 ms. Memory: 1607680K Free: 663077K (41%)
----------------- Invoking toplevel() on ptolemy.moml.MoMLSimpleApplication@438615dd
----------------- Done invoking toplevel() on ptolemy.moml.MoMLSimpleApplication@438615dd
reloadAllAccessors: .Scale

===========================================================================================
----------------- testing Wed Dec 05 02:55:30 UTC 2018 /home/travis/build/icyphy/ptII/ptolemy/actor/lib/test/auto/Scale2.xml
----------------- Instantiating /home/travis/build/icyphy/ptII/ptolemy/actor/lib/test/auto/Scale2.xml
2 ms. Memory: 1607680K Free: 642920K (40%)
----------------- Invoking toplevel() on ptolemy.moml.MoMLSimpleApplication@4b395867
----------------- Done invoking toplevel() on ptolemy.moml.MoMLSimpleApplication@4b395867
reloadAllAccessors: .Scale2

===========================================================================================
----------------- testing Wed Dec 05 02:55:30 UTC 2018 /home/travis/build/icyphy/ptII/ptolemy/actor/lib/test/auto/Scale3.xml
----------------- Instantiating /home/travis/build/icyphy/ptII/ptolemy/actor/lib/test/auto/Scale3.xml
3 ms. Memory: 1607680K Free: 628031K (39%)
----------------- Invoking toplevel() on ptolemy.moml.MoMLSimpleApplication@1a6e561c
----------------- Done invoking toplevel() on ptolemy.moml.MoMLSimpleApplication@1a6e561c
reloadAllAccessors: .Scale3

===========================================================================================
----------------- testing Wed Dec 05 02:55:30 UTC 2018 /home/travis/build/icyphy/ptII/ptolemy/actor/lib/test/auto/ScaleArray.xml
----------------- Instantiating /home/travis/build/icyphy/ptII/ptolemy/actor/lib/test/auto/ScaleArray.xml
1 ms. Memory: 1607680K Free: 607874K (38%)
----------------- Invoking toplevel() on ptolemy.moml.MoMLSimpleApplication@68418990
----------------- Done invoking toplevel() on ptolemy.moml.MoMLSimpleApplication@68418990
reloadAllAccessors: .ScaleArray

===========================================================================================
----------------- testing Wed Dec 05 02:55:30 UTC 2018 /home/travis/build/icyphy/ptII/ptolemy/actor/lib/test/auto/ScaleArray2.xml
----------------- Instantiating /home/travis/build/icyphy/ptII/ptolemy/actor/lib/test/auto/ScaleArray2.xml
1 ms. Memory: 1607680K Free: 592985K (37%)
----------------- Invoking toplevel() on ptolemy.moml.MoMLSimpleApplication@440ade63
----------------- Done invoking toplevel() on ptolemy.moml.MoMLSimpleApplication@440ade63
reloadAllAccessors: .ScaleArray2

===========================================================================================
----------------- testing Wed Dec 05 02:55:30 UTC 2018 /home/travis/build/icyphy/ptII/ptolemy/actor/lib/test/auto/ScaleMatrix.xml
----------------- Instantiating /home/travis/build/icyphy/ptII/ptolemy/actor/lib/test/auto/ScaleMatrix.xml
133 ms. Memory: 1607680K Free: 565383K (35%)
----------------- Invoking toplevel() on ptolemy.moml.MoMLSimpleApplication@1d021947
----------------- Done invoking toplevel() on ptolemy.moml.MoMLSimpleApplication@1d021947
reloadAllAccessors: .ScaleMatrix

===========================================================================================
----------------- testing Wed Dec 05 02:55:30 UTC 2018 /home/travis/build/icyphy/ptII/ptolemy/actor/lib/test/auto/Select.xml
----------------- Instantiating /home/travis/build/icyphy/ptII/ptolemy/actor/lib/test/auto/Select.xml
2 ms. Memory: 1607680K Free: 550494K (34%)
----------------- Invoking toplevel() on ptolemy.moml.MoMLSimpleApplication@21cf115b
----------------- Done invoking toplevel() on ptolemy.moml.MoMLSimpleApplication@21cf115b
reloadAllAccessors: .Select

===========================================================================================
----------------- testing Wed Dec 05 02:55:30 UTC 2018 /home/travis/build/icyphy/ptII/ptolemy/actor/lib/test/auto/Select2.xml
----------------- Instantiating /home/travis/build/icyphy/ptII/ptolemy/actor/lib/test/auto/Select2.xml
1 ms. Memory: 1607680K Free: 530337K (33%)
----------------- Invoking toplevel() on ptolemy.moml.MoMLSimpleApplication@6e7e0a5a
----------------- Done invoking toplevel() on ptolemy.moml.MoMLSimpleApplication@6e7e0a5a
reloadAllAccessors: .Select2

===========================================================================================
----------------- testing Wed Dec 05 02:55:30 UTC 2018 /home/travis/build/icyphy/ptII/ptolemy/actor/lib/test/auto/SequenceToArray2.xml
----------------- Instantiating /home/travis/build/icyphy/ptII/ptolemy/actor/lib/test/auto/SequenceToArray2.xml
77 ms. Memory: 1607680K Free: 441003K (27%)
----------------- Invoking toplevel() on ptolemy.moml.MoMLSimpleApplication@56c22105
----------------- Done invoking toplevel() on ptolemy.moml.MoMLSimpleApplication@56c22105
reloadAllAccessors: .SequenceToArray2

===========================================================================================
----------------- testing Wed Dec 05 02:55:30 UTC 2018 /home/travis/build/icyphy/ptII/ptolemy/actor/lib/test/auto/SequentialClock.xml
----------------- Instantiating /home/travis/build/icyphy/ptII/ptolemy/actor/lib/test/auto/SequentialClock.xml
2 ms. Memory: 1607680K Free: 420846K (26%)
----------------- Invoking toplevel() on ptolemy.moml.MoMLSimpleApplication@6d333c39
----------------- Done invoking toplevel() on ptolemy.moml.MoMLSimpleApplication@6d333c39
reloadAllAccessors: .SequentialClock

===========================================================================================
----------------- testing Wed Dec 05 02:55:30 UTC 2018 /home/travis/build/icyphy/ptII/ptolemy/actor/lib/test/auto/SetVariable.xml
----------------- Instantiating /home/travis/build/icyphy/ptII/ptolemy/actor/lib/test/auto/SetVariable.xml
3 ms. Memory: 1607680K Free: 405957K (25%)
----------------- Invoking toplevel() on ptolemy.moml.MoMLSimpleApplication@ff99dd0
----------------- Done invoking toplevel() on ptolemy.moml.MoMLSimpleApplication@ff99dd0
reloadAllAccessors: .SetVariable

===========================================================================================
----------------- testing Wed Dec 05 02:55:30 UTC 2018 /home/travis/build/icyphy/ptII/ptolemy/actor/lib/test/auto/SetVariable2.xml
----------------- Instantiating /home/travis/build/icyphy/ptII/ptolemy/actor/lib/test/auto/SetVariable2.xml
3 ms. Memory: 1607680K Free: 385800K (24%)
----------------- Invoking toplevel() on ptolemy.moml.MoMLSimpleApplication@7733289d
----------------- Done invoking toplevel() on ptolemy.moml.MoMLSimpleApplication@7733289d
reloadAllAccessors: .SetVariable2

===========================================================================================
----------------- testing Wed Dec 05 02:55:30 UTC 2018 /home/travis/build/icyphy/ptII/ptolemy/actor/lib/test/auto/SetVariable3.xml
----------------- Instantiating /home/travis/build/icyphy/ptII/ptolemy/actor/lib/test/auto/SetVariable3.xml
5 ms. Memory: 1607680K Free: 370911K (23%)
----------------- Invoking toplevel() on ptolemy.moml.MoMLSimpleApplication@e32e965
----------------- Done invoking toplevel() on ptolemy.moml.MoMLSimpleApplication@e32e965
reloadAllAccessors: .SetVariable3

===========================================================================================
----------------- testing Wed Dec 05 02:55:30 UTC 2018 /home/travis/build/icyphy/ptII/ptolemy/actor/lib/test/auto/SetVariable4.xml
----------------- Instantiating /home/travis/build/icyphy/ptII/ptolemy/actor/lib/test/auto/SetVariable4.xml
16 ms. Memory: 1607680K Free: 303911K (19%)
----------------- Invoking toplevel() on ptolemy.moml.MoMLSimpleApplication@375e52eb
----------------- Done invoking toplevel() on ptolemy.moml.MoMLSimpleApplication@375e52eb
reloadAllAccessors: .SetVariable4

===========================================================================================
----------------- testing Wed Dec 05 02:55:30 UTC 2018 /home/travis/build/icyphy/ptII/ptolemy/actor/lib/test/auto/SetVariable5.xml
----------------- Instantiating /home/travis/build/icyphy/ptII/ptolemy/actor/lib/test/auto/SetVariable5.xml
8 ms. Memory: 1607680K Free: 283754K (18%)
----------------- Invoking toplevel() on ptolemy.moml.MoMLSimpleApplication@271014f6
----------------- Done invoking toplevel() on ptolemy.moml.MoMLSimpleApplication@271014f6
reloadAllAccessors: .SetVariable5

===========================================================================================
----------------- testing Wed Dec 05 02:55:30 UTC 2018 /home/travis/build/icyphy/ptII/ptolemy/actor/lib/test/auto/Sinewave.xml
----------------- Instantiating /home/travis/build/icyphy/ptII/ptolemy/actor/lib/test/auto/Sinewave.xml
6 ms. Memory: 1607680K Free: 261404K (16%)
----------------- Invoking toplevel() on ptolemy.moml.MoMLSimpleApplication@7679bfc3
----------------- Done invoking toplevel() on ptolemy.moml.MoMLSimpleApplication@7679bfc3
reloadAllAccessors: .Sinewave

===========================================================================================
----------------- testing Wed Dec 05 02:55:30 UTC 2018 /home/travis/build/icyphy/ptII/ptolemy/actor/lib/test/auto/Sinewave2.xml
----------------- Instantiating /home/travis/build/icyphy/ptII/ptolemy/actor/lib/test/auto/Sinewave2.xml
6 ms. Memory: 1607680K Free: 241248K (15%)
----------------- Invoking toplevel() on ptolemy.moml.MoMLSimpleApplication@6f3c6703
----------------- Done invoking toplevel() on ptolemy.moml.MoMLSimpleApplication@6f3c6703
reloadAllAccessors: .Sinewave2

===========================================================================================
----------------- testing Wed Dec 05 02:55:30 UTC 2018 /home/travis/build/icyphy/ptII/ptolemy/actor/lib/test/auto/Sinewave3.xml
----------------- Instantiating /home/travis/build/icyphy/ptII/ptolemy/actor/lib/test/auto/Sinewave3.xml
5 ms. Memory: 1607680K Free: 226359K (14%)
----------------- Invoking toplevel() on ptolemy.moml.MoMLSimpleApplication@55ac8882
----------------- Done invoking toplevel() on ptolemy.moml.MoMLSimpleApplication@55ac8882
reloadAllAccessors: .Sinewave3

===========================================================================================
----------------- testing Wed Dec 05 02:55:30 UTC 2018 /home/travis/build/icyphy/ptII/ptolemy/actor/lib/test/auto/SingleEvent.xml
----------------- Instantiating /home/travis/build/icyphy/ptII/ptolemy/actor/lib/test/auto/SingleEvent.xml
1 ms. Memory: 1607680K Free: 206202K (13%)
----------------- Invoking toplevel() on ptolemy.moml.MoMLSimpleApplication@6ab977e2
----------------- Done invoking toplevel() on ptolemy.moml.MoMLSimpleApplication@6ab977e2
reloadAllAccessors: .SingleEvent

===========================================================================================
----------------- testing Wed Dec 05 02:55:30 UTC 2018 /home/travis/build/icyphy/ptII/ptolemy/actor/lib/test/auto/Sleep.xml
----------------- Instantiating /home/travis/build/icyphy/ptII/ptolemy/actor/lib/test/auto/Sleep.xml
6002 ms. Memory: 1607680K Free: 191313K (12%)
----------------- Invoking toplevel() on ptolemy.moml.MoMLSimpleApplication@5feef05e
----------------- Done invoking toplevel() on ptolemy.moml.MoMLSimpleApplication@5feef05e
reloadAllAccessors: .Sleep

===========================================================================================
----------------- testing Wed Dec 05 02:55:36 UTC 2018 /home/travis/build/icyphy/ptII/ptolemy/actor/lib/test/auto/SleepMultipleFire.xml
----------------- Instantiating /home/travis/build/icyphy/ptII/ptolemy/actor/lib/test/auto/SleepMultipleFire.xml
1006 ms. Memory: 1607680K Free: 171156K (11%)
----------------- Invoking toplevel() on ptolemy.moml.MoMLSimpleApplication@bac1090
----------------- Done invoking toplevel() on ptolemy.moml.MoMLSimpleApplication@bac1090
reloadAllAccessors: .SleepMultipleFire

===========================================================================================
----------------- testing Wed Dec 05 02:55:37 UTC 2018 /home/travis/build/icyphy/ptII/ptolemy/actor/lib/test/auto/StopDE.xml
----------------- Instantiating /home/travis/build/icyphy/ptII/ptolemy/actor/lib/test/auto/StopDE.xml
2 ms. Memory: 1607680K Free: 156267K (10%)
----------------- Invoking toplevel() on ptolemy.moml.MoMLSimpleApplication@13f0c856
----------------- Done invoking toplevel() on ptolemy.moml.MoMLSimpleApplication@13f0c856
reloadAllAccessors: .StopDE

===========================================================================================
----------------- testing Wed Dec 05 02:55:37 UTC 2018 /home/travis/build/icyphy/ptII/ptolemy/actor/lib/test/auto/StopSDF.xml
----------------- Instantiating /home/travis/build/icyphy/ptII/ptolemy/actor/lib/test/auto/StopSDF.xml
2 ms. Memory: 1607680K Free: 136110K (8%)
----------------- Invoking toplevel() on ptolemy.moml.MoMLSimpleApplication@37908ce1
----------------- Done invoking toplevel() on ptolemy.moml.MoMLSimpleApplication@37908ce1
reloadAllAccessors: .StopSDF

===========================================================================================
----------------- testing Wed Dec 05 02:55:37 UTC 2018 /home/travis/build/icyphy/ptII/ptolemy/actor/lib/test/auto/StringConstant.xml
----------------- Instantiating /home/travis/build/icyphy/ptII/ptolemy/actor/lib/test/auto/StringConstant.xml
1 ms. Memory: 1607680K Free: 121221K (8%)
----------------- Invoking toplevel() on ptolemy.moml.MoMLSimpleApplication@623f2f9a
----------------- Done invoking toplevel() on ptolemy.moml.MoMLSimpleApplication@623f2f9a
reloadAllAccessors: .StringConstant

===========================================================================================
----------------- testing Wed Dec 05 02:55:37 UTC 2018 /home/travis/build/icyphy/ptII/ptolemy/actor/lib/test/auto/SubscriberPortInitialValues1.xml
----------------- Instantiating /home/travis/build/icyphy/ptII/ptolemy/actor/lib/test/auto/SubscriberPortInitialValues1.xml
5 ms. Memory: 1607680K Free: 101064K (6%)
----------------- Invoking toplevel() on ptolemy.moml.MoMLSimpleApplication@53132fd5
----------------- Done invoking toplevel() on ptolemy.moml.MoMLSimpleApplication@53132fd5
reloadAllAccessors: .SubscriberPortInitialValues1

===========================================================================================
----------------- testing Wed Dec 05 02:55:37 UTC 2018 /home/travis/build/icyphy/ptII/ptolemy/actor/lib/test/auto/SubscriberPortInitialValues13.xml
----------------- Instantiating /home/travis/build/icyphy/ptII/ptolemy/actor/lib/test/auto/SubscriberPortInitialValues13.xml
5 ms. Memory: 1607680K Free: 78714K (5%)
----------------- Invoking toplevel() on ptolemy.moml.MoMLSimpleApplication@84d806b
----------------- Done invoking toplevel() on ptolemy.moml.MoMLSimpleApplication@84d806b
reloadAllAccessors: .SubscriberPortInitialValues13

===========================================================================================
----------------- testing Wed Dec 05 02:55:37 UTC 2018 /home/travis/build/icyphy/ptII/ptolemy/actor/lib/test/auto/SubscriberPortInitialValues14.xml
----------------- Instantiating /home/travis/build/icyphy/ptII/ptolemy/actor/lib/test/auto/SubscriberPortInitialValues14.xml
4 ms. Memory: 1782784K Free: 1725335K (97%)
----------------- Invoking toplevel() on ptolemy.moml.MoMLSimpleApplication@389360aa
----------------- Done invoking toplevel() on ptolemy.moml.MoMLSimpleApplication@389360aa
reloadAllAccessors: .SubscriberPortInitialValues14

===========================================================================================
----------------- testing Wed Dec 05 02:55:37 UTC 2018 /home/travis/build/icyphy/ptII/ptolemy/actor/lib/test/auto/SubscriberPortInitialValues2.xml
----------------- Instantiating /home/travis/build/icyphy/ptII/ptolemy/actor/lib/test/auto/SubscriberPortInitialValues2.xml
2 ms. Memory: 1782784K Free: 1704093K (96%)
----------------- Invoking toplevel() on ptolemy.moml.MoMLSimpleApplication@1733067b
----------------- Done invoking toplevel() on ptolemy.moml.MoMLSimpleApplication@1733067b
reloadAllAccessors: .SubscriberPortInitialValues2

===========================================================================================
----------------- testing Wed Dec 05 02:55:37 UTC 2018 /home/travis/build/icyphy/ptII/ptolemy/actor/lib/test/auto/SubscriberPortInitialValues3.xml
----------------- Instantiating /home/travis/build/icyphy/ptII/ptolemy/actor/lib/test/auto/SubscriberPortInitialValues3.xml
2 ms. Memory: 1782784K Free: 1682852K (94%)
----------------- Invoking toplevel() on ptolemy.moml.MoMLSimpleApplication@546cb1c1
----------------- Done invoking toplevel() on ptolemy.moml.MoMLSimpleApplication@546cb1c1
reloadAllAccessors: .SubscriberPortInitialValues3

===========================================================================================
----------------- testing Wed Dec 05 02:55:37 UTC 2018 /home/travis/build/icyphy/ptII/ptolemy/actor/lib/test/auto/SubscriptionAggregator.xml
----------------- Instantiating /home/travis/build/icyphy/ptII/ptolemy/actor/lib/test/auto/SubscriptionAggregator.xml
2 ms. Memory: 1782784K Free: 1666192K (93%)
----------------- Invoking toplevel() on ptolemy.moml.MoMLSimpleApplication@3991f846
----------------- Done invoking toplevel() on ptolemy.moml.MoMLSimpleApplication@3991f846
reloadAllAccessors: .SubscriptionAggregator

===========================================================================================
----------------- testing Wed Dec 05 02:55:37 UTC 2018 /home/travis/build/icyphy/ptII/ptolemy/actor/lib/test/auto/SubscriptionAggregator2.xml
----------------- Instantiating /home/travis/build/icyphy/ptII/ptolemy/actor/lib/test/auto/SubscriptionAggregator2.xml
2 ms. Memory: 1782784K Free: 1644951K (92%)
----------------- Invoking toplevel() on ptolemy.moml.MoMLSimpleApplication@d49cea7
----------------- Done invoking toplevel() on ptolemy.moml.MoMLSimpleApplication@d49cea7
reloadAllAccessors: .SubscriptionAggregator2

===========================================================================================
----------------- testing Wed Dec 05 02:55:37 UTC 2018 /home/travis/build/icyphy/ptII/ptolemy/actor/lib/test/auto/SubscriptionAggregator3.xml
----------------- Instantiating /home/travis/build/icyphy/ptII/ptolemy/actor/lib/test/auto/SubscriptionAggregator3.xml
2 ms. Memory: 1782784K Free: 1628290K (91%)
----------------- Invoking toplevel() on ptolemy.moml.MoMLSimpleApplication@61fe1aaa
----------------- Done invoking toplevel() on ptolemy.moml.MoMLSimpleApplication@61fe1aaa
reloadAllAccessors: .SubscriptionAggregator3

===========================================================================================
----------------- testing Wed Dec 05 02:55:37 UTC 2018 /home/travis/build/icyphy/ptII/ptolemy/actor/lib/test/auto/SubscriptionAggregatorMultiply.xml
----------------- Instantiating /home/travis/build/icyphy/ptII/ptolemy/actor/lib/test/auto/SubscriptionAggregatorMultiply.xml
2 ms. Memory: 1782784K Free: 1607049K (90%)
----------------- Invoking toplevel() on ptolemy.moml.MoMLSimpleApplication@5ab56d87
----------------- Done invoking toplevel() on ptolemy.moml.MoMLSimpleApplication@5ab56d87
reloadAllAccessors: .SubscriptionAggregatorMultiply

===========================================================================================
----------------- testing Wed Dec 05 02:55:37 UTC 2018 /home/travis/build/icyphy/ptII/ptolemy/actor/lib/test/auto/SubscriptionAggregatorPortMultiply1.xml
----------------- Instantiating /home/travis/build/icyphy/ptII/ptolemy/actor/lib/test/auto/SubscriptionAggregatorPortMultiply1.xml
3 ms. Memory: 1782784K Free: 1590388K (89%)
----------------- Invoking toplevel() on ptolemy.moml.MoMLSimpleApplication@115a89f7
----------------- Done invoking toplevel() on ptolemy.moml.MoMLSimpleApplication@115a89f7
reloadAllAccessors: .SubscriptionAggregatorPortMultiply1

===========================================================================================
----------------- testing Wed Dec 05 02:55:37 UTC 2018 /home/travis/build/icyphy/ptII/ptolemy/actor/lib/test/auto/Switch.xml
----------------- Instantiating /home/travis/build/icyphy/ptII/ptolemy/actor/lib/test/auto/Switch.xml
3 ms. Memory: 1782784K Free: 1519125K (85%)
----------------- Invoking toplevel() on ptolemy.moml.MoMLSimpleApplication@48f57c02
----------------- Done invoking toplevel() on ptolemy.moml.MoMLSimpleApplication@48f57c02
reloadAllAccessors: .Switch

===========================================================================================
----------------- testing Wed Dec 05 02:55:38 UTC 2018 /home/travis/build/icyphy/ptII/ptolemy/actor/lib/test/auto/Switch2.xml
----------------- Instantiating /home/travis/build/icyphy/ptII/ptolemy/actor/lib/test/auto/Switch2.xml
0 ms. Memory: 1782784K Free: 1502465K (84%)
----------------- Invoking toplevel() on ptolemy.moml.MoMLSimpleApplication@55760cc
----------------- Done invoking toplevel() on ptolemy.moml.MoMLSimpleApplication@55760cc
reloadAllAccessors: .Switch2

===========================================================================================
----------------- testing Wed Dec 05 02:55:38 UTC 2018 /home/travis/build/icyphy/ptII/ptolemy/actor/lib/test/auto/SwitchDE.xml
----------------- Instantiating /home/travis/build/icyphy/ptII/ptolemy/actor/lib/test/auto/SwitchDE.xml
2 ms. Memory: 1782784K Free: 1481224K (83%)
----------------- Invoking toplevel() on ptolemy.moml.MoMLSimpleApplication@3c7a6792
----------------- Done invoking toplevel() on ptolemy.moml.MoMLSimpleApplication@3c7a6792
reloadAllAccessors: .SwitchDE

===========================================================================================
----------------- testing Wed Dec 05 02:55:38 UTC 2018 /home/travis/build/icyphy/ptII/ptolemy/actor/lib/test/auto/SynchronizerDE.xml
----------------- Instantiating /home/travis/build/icyphy/ptII/ptolemy/actor/lib/test/auto/SynchronizerDE.xml
3 ms. Memory: 1782784K Free: 1464563K (82%)
----------------- Invoking toplevel() on ptolemy.moml.MoMLSimpleApplication@25d1f331
----------------- Done invoking toplevel() on ptolemy.moml.MoMLSimpleApplication@25d1f331
reloadAllAccessors: .SynchronizerDE

===========================================================================================
----------------- testing Wed Dec 05 02:55:38 UTC 2018 /home/travis/build/icyphy/ptII/ptolemy/actor/lib/test/auto/Test.xml
----------------- Instantiating /home/travis/build/icyphy/ptII/ptolemy/actor/lib/test/auto/Test.xml
1 ms. Memory: 1782784K Free: 1443322K (81%)
----------------- Invoking toplevel() on ptolemy.moml.MoMLSimpleApplication@12d0c776
----------------- Done invoking toplevel() on ptolemy.moml.MoMLSimpleApplication@12d0c776
reloadAllAccessors: .Test

===========================================================================================
----------------- testing Wed Dec 05 02:55:38 UTC 2018 /home/travis/build/icyphy/ptII/ptolemy/actor/lib/test/auto/TestExceptionAttribute1.xml
----------------- Instantiating /home/travis/build/icyphy/ptII/ptolemy/actor/lib/test/auto/TestExceptionAttribute1.xml
1 ms. Memory: 1782784K Free: 1426661K (80%)
----------------- Invoking toplevel() on ptolemy.moml.MoMLSimpleApplication@484a489b
----------------- Done invoking toplevel() on ptolemy.moml.MoMLSimpleApplication@484a489b
reloadAllAccessors: .TestExceptionAttribute1

===========================================================================================
----------------- testing Wed Dec 05 02:55:38 UTC 2018 /home/travis/build/icyphy/ptII/ptolemy/actor/lib/test/auto/TestExceptionAttribute2.xml
----------------- Instantiating /home/travis/build/icyphy/ptII/ptolemy/actor/lib/test/auto/TestExceptionAttribute2.xml
1 ms. Memory: 1782784K Free: 1405420K (79%)
----------------- Invoking toplevel() on ptolemy.moml.MoMLSimpleApplication@68aebf86
----------------- Done invoking toplevel() on ptolemy.moml.MoMLSimpleApplication@68aebf86
reloadAllAccessors: .TestExceptionAttribute2

===========================================================================================
----------------- testing Wed Dec 05 02:55:38 UTC 2018 /home/travis/build/icyphy/ptII/ptolemy/actor/lib/test/auto/TestExceptionAttribute3.xml
----------------- Instantiating /home/travis/build/icyphy/ptII/ptolemy/actor/lib/test/auto/TestExceptionAttribute3.xml
.TestExceptionAttribute3.TestExceptionAttribute: initialize() was not invoked, but wrapup() was.  This is unusual, but not always a problem.  For example, exporting JNLP will do this.
1 ms. Memory: 1782784K Free: 1384179K (78%)
----------------- Invoking toplevel() on ptolemy.moml.MoMLSimpleApplication@20f51fb5
----------------- Done invoking toplevel() on ptolemy.moml.MoMLSimpleApplication@20f51fb5
reloadAllAccessors: .TestExceptionAttribute3

===========================================================================================
----------------- testing Wed Dec 05 02:55:38 UTC 2018 /home/travis/build/icyphy/ptII/ptolemy/actor/lib/test/auto/TestExceptionAttribute4.xml
----------------- Instantiating /home/travis/build/icyphy/ptII/ptolemy/actor/lib/test/auto/TestExceptionAttribute4.xml
.TestExceptionAttribute4.TestExceptionAttribute: initialize() was not invoked, but wrapup() was.  This is unusual, but not always a problem.  For example, exporting JNLP will do this.
.TestExceptionAttribute4.TestExceptionAttribute2: initialize() was not invoked, but wrapup() was.  This is unusual, but not always a problem.  For example, exporting JNLP will do this.
0 ms. Memory: 1782784K Free: 1367518K (77%)
----------------- Invoking toplevel() on ptolemy.moml.MoMLSimpleApplication@3e2e3bd0
----------------- Done invoking toplevel() on ptolemy.moml.MoMLSimpleApplication@3e2e3bd0
reloadAllAccessors: .TestExceptionAttribute4

===========================================================================================
----------------- testing Wed Dec 05 02:55:38 UTC 2018 /home/travis/build/icyphy/ptII/ptolemy/actor/lib/test/auto/TestExceptionHandler1.xml
----------------- Instantiating /home/travis/build/icyphy/ptII/ptolemy/actor/lib/test/auto/TestExceptionHandler1.xml
1 ms. Memory: 1782784K Free: 1346277K (76%)
----------------- Invoking toplevel() on ptolemy.moml.MoMLSimpleApplication@1bf9d700
----------------- Done invoking toplevel() on ptolemy.moml.MoMLSimpleApplication@1bf9d700
reloadAllAccessors: .TestExceptionHandler1

===========================================================================================
----------------- testing Wed Dec 05 02:55:38 UTC 2018 /home/travis/build/icyphy/ptII/ptolemy/actor/lib/test/auto/TestExceptionHandler2.xml
----------------- Instantiating /home/travis/build/icyphy/ptII/ptolemy/actor/lib/test/auto/TestExceptionHandler2.xml
1 ms. Memory: 1782784K Free: 1329616K (75%)
----------------- Invoking toplevel() on ptolemy.moml.MoMLSimpleApplication@4275a265
----------------- Done invoking toplevel() on ptolemy.moml.MoMLSimpleApplication@4275a265
reloadAllAccessors: .TestExceptionHandler2

===========================================================================================
----------------- testing Wed Dec 05 02:55:38 UTC 2018 /home/travis/build/icyphy/ptII/ptolemy/actor/lib/test/auto/TestExceptionHandler3.xml
----------------- Instantiating /home/travis/build/icyphy/ptII/ptolemy/actor/lib/test/auto/TestExceptionHandler3.xml
0 ms. Memory: 1782784K Free: 1308375K (73%)
----------------- Invoking toplevel() on ptolemy.moml.MoMLSimpleApplication@308e1375
----------------- Done invoking toplevel() on ptolemy.moml.MoMLSimpleApplication@308e1375
reloadAllAccessors: .TestExceptionHandler3

===========================================================================================
----------------- testing Wed Dec 05 02:55:38 UTC 2018 /home/travis/build/icyphy/ptII/ptolemy/actor/lib/test/auto/TestExceptionHandler4.xml
----------------- Instantiating /home/travis/build/icyphy/ptII/ptolemy/actor/lib/test/auto/TestExceptionHandler4.xml
0 ms. Memory: 1782784K Free: 1291715K (72%)
----------------- Invoking toplevel() on ptolemy.moml.MoMLSimpleApplication@44dbfaf3
----------------- Done invoking toplevel() on ptolemy.moml.MoMLSimpleApplication@44dbfaf3
reloadAllAccessors: .TestExceptionHandler4

===========================================================================================
----------------- testing Wed Dec 05 02:55:38 UTC 2018 /home/travis/build/icyphy/ptII/ptolemy/actor/lib/test/auto/TestRequireCorrectOrder.xml
----------------- Instantiating /home/travis/build/icyphy/ptII/ptolemy/actor/lib/test/auto/TestRequireCorrectOrder.xml
2 ms. Memory: 1782784K Free: 1270474K (71%)
----------------- Invoking toplevel() on ptolemy.moml.MoMLSimpleApplication@187ee119
----------------- Done invoking toplevel() on ptolemy.moml.MoMLSimpleApplication@187ee119
reloadAllAccessors: .TestRequireCorrectOrder

===========================================================================================
----------------- testing Wed Dec 05 02:55:38 UTC 2018 /home/travis/build/icyphy/ptII/ptolemy/actor/lib/test/auto/TestSimple.xml
----------------- Instantiating /home/travis/build/icyphy/ptII/ptolemy/actor/lib/test/auto/TestSimple.xml
2 ms. Memory: 1782784K Free: 1253813K (70%)
----------------- Invoking toplevel() on ptolemy.moml.MoMLSimpleApplication@7f8d5af1
----------------- Done invoking toplevel() on ptolemy.moml.MoMLSimpleApplication@7f8d5af1
reloadAllAccessors: .TestSimple

===========================================================================================
----------------- testing Wed Dec 05 02:55:38 UTC 2018 /home/travis/build/icyphy/ptII/ptolemy/actor/lib/test/auto/ThrowModelError.xml
----------------- Instantiating /home/travis/build/icyphy/ptII/ptolemy/actor/lib/test/auto/ThrowModelError.xml
2 ms. Memory: 1782784K Free: 1232572K (69%)
----------------- Invoking toplevel() on ptolemy.moml.MoMLSimpleApplication@29ceb9ed
----------------- Done invoking toplevel() on ptolemy.moml.MoMLSimpleApplication@29ceb9ed
reloadAllAccessors: .ThrowModelError

===========================================================================================
----------------- testing Wed Dec 05 02:55:38 UTC 2018 /home/travis/build/icyphy/ptII/ptolemy/actor/lib/test/auto/TimeDelayMicrosteps.xml
----------------- Instantiating /home/travis/build/icyphy/ptII/ptolemy/actor/lib/test/auto/TimeDelayMicrosteps.xml
3 ms. Memory: 1782784K Free: 1215911K (68%)
----------------- Invoking toplevel() on ptolemy.moml.MoMLSimpleApplication@3938fb62
----------------- Done invoking toplevel() on ptolemy.moml.MoMLSimpleApplication@3938fb62
reloadAllAccessors: .TimeDelayMicrosteps

===========================================================================================
----------------- testing Wed Dec 05 02:55:38 UTC 2018 /home/travis/build/icyphy/ptII/ptolemy/actor/lib/test/auto/TimeDelayMicrosteps2.xml
----------------- Instantiating /home/travis/build/icyphy/ptII/ptolemy/actor/lib/test/auto/TimeDelayMicrosteps2.xml
3 ms. Memory: 1782784K Free: 1194670K (67%)
----------------- Invoking toplevel() on ptolemy.moml.MoMLSimpleApplication@4d39465c
----------------- Done invoking toplevel() on ptolemy.moml.MoMLSimpleApplication@4d39465c
reloadAllAccessors: .TimeDelayMicrosteps2

===========================================================================================
----------------- testing Wed Dec 05 02:55:38 UTC 2018 /home/travis/build/icyphy/ptII/ptolemy/actor/lib/test/auto/TimeDelayMicrosteps3.xml
----------------- Instantiating /home/travis/build/icyphy/ptII/ptolemy/actor/lib/test/auto/TimeDelayMicrosteps3.xml
3 ms. Memory: 1782784K Free: 1173429K (66%)
----------------- Invoking toplevel() on ptolemy.moml.MoMLSimpleApplication@301c753e
----------------- Done invoking toplevel() on ptolemy.moml.MoMLSimpleApplication@301c753e
reloadAllAccessors: .TimeDelayMicrosteps3

===========================================================================================
----------------- testing Wed Dec 05 02:55:38 UTC 2018 /home/travis/build/icyphy/ptII/ptolemy/actor/lib/test/auto/TimeDelayVariableMicrosteps.xml
----------------- Instantiating /home/travis/build/icyphy/ptII/ptolemy/actor/lib/test/auto/TimeDelayVariableMicrosteps.xml
2 ms. Memory: 1782784K Free: 1156769K (65%)
----------------- Invoking toplevel() on ptolemy.moml.MoMLSimpleApplication@8df0739
----------------- Done invoking toplevel() on ptolemy.moml.MoMLSimpleApplication@8df0739
reloadAllAccessors: .TimeDelayVariableMicrosteps

===========================================================================================
----------------- testing Wed Dec 05 02:55:38 UTC 2018 /home/travis/build/icyphy/ptII/ptolemy/actor/lib/test/auto/TimeGap.xml
----------------- Instantiating /home/travis/build/icyphy/ptII/ptolemy/actor/lib/test/auto/TimeGap.xml
2 ms. Memory: 1782784K Free: 1135527K (64%)
----------------- Invoking toplevel() on ptolemy.moml.MoMLSimpleApplication@6e5c63c9
----------------- Done invoking toplevel() on ptolemy.moml.MoMLSimpleApplication@6e5c63c9
reloadAllAccessors: .TimeGap

===========================================================================================
----------------- testing Wed Dec 05 02:55:38 UTC 2018 /home/travis/build/icyphy/ptII/ptolemy/actor/lib/test/auto/TimeGap2.xml
----------------- Instantiating /home/travis/build/icyphy/ptII/ptolemy/actor/lib/test/auto/TimeGap2.xml
2 ms. Memory: 1782784K Free: 1118867K (63%)
----------------- Invoking toplevel() on ptolemy.moml.MoMLSimpleApplication@24df154e
----------------- Done invoking toplevel() on ptolemy.moml.MoMLSimpleApplication@24df154e
reloadAllAccessors: .TimeGap2

===========================================================================================
----------------- testing Wed Dec 05 02:55:38 UTC 2018 /home/travis/build/icyphy/ptII/ptolemy/actor/lib/test/auto/TimedSinewave.xml
----------------- Instantiating /home/travis/build/icyphy/ptII/ptolemy/actor/lib/test/auto/TimedSinewave.xml
14 ms. Memory: 1782784K Free: 1089279K (61%)
----------------- Invoking toplevel() on ptolemy.moml.MoMLSimpleApplication@1a1a8dbb
----------------- Done invoking toplevel() on ptolemy.moml.MoMLSimpleApplication@1a1a8dbb
reloadAllAccessors: .TimedSinewave

===========================================================================================
----------------- testing Wed Dec 05 02:55:38 UTC 2018 /home/travis/build/icyphy/ptII/ptolemy/actor/lib/test/auto/TimedSinewavePhase.xml
----------------- Instantiating /home/travis/build/icyphy/ptII/ptolemy/actor/lib/test/auto/TimedSinewavePhase.xml
9 ms. Memory: 1782784K Free: 1072619K (60%)
----------------- Invoking toplevel() on ptolemy.moml.MoMLSimpleApplication@5bb885b
----------------- Done invoking toplevel() on ptolemy.moml.MoMLSimpleApplication@5bb885b
reloadAllAccessors: .TimedSinewavePhase

===========================================================================================
----------------- testing Wed Dec 05 02:55:38 UTC 2018 /home/travis/build/icyphy/ptII/ptolemy/actor/lib/test/auto/Timer.xml
----------------- Instantiating /home/travis/build/icyphy/ptII/ptolemy/actor/lib/test/auto/Timer.xml
2 ms. Memory: 1782784K Free: 1051378K (59%)
----------------- Invoking toplevel() on ptolemy.moml.MoMLSimpleApplication@73bc2bd4
----------------- Done invoking toplevel() on ptolemy.moml.MoMLSimpleApplication@73bc2bd4
reloadAllAccessors: .Timer

===========================================================================================
----------------- testing Wed Dec 05 02:55:38 UTC 2018 /home/travis/build/icyphy/ptII/ptolemy/actor/lib/test/auto/TriangularDistTestModel.xml
----------------- Instantiating /home/travis/build/icyphy/ptII/ptolemy/actor/lib/test/auto/TriangularDistTestModel.xml
3 ms. Memory: 1782784K Free: 1034717K (58%)
----------------- Invoking toplevel() on ptolemy.moml.MoMLSimpleApplication@53fc8b70
----------------- Done invoking toplevel() on ptolemy.moml.MoMLSimpleApplication@53fc8b70
reloadAllAccessors: .TriangularDistTestModel

===========================================================================================
----------------- testing Wed Dec 05 02:55:38 UTC 2018 /home/travis/build/icyphy/ptII/ptolemy/actor/lib/test/auto/TrigFunction.xml
----------------- Instantiating /home/travis/build/icyphy/ptII/ptolemy/actor/lib/test/auto/TrigFunction.xml
2 ms. Memory: 1782784K Free: 1013476K (57%)
----------------- Invoking toplevel() on ptolemy.moml.MoMLSimpleApplication@d80b385
----------------- Done invoking toplevel() on ptolemy.moml.MoMLSimpleApplication@d80b385
reloadAllAccessors: .TrigFunction

===========================================================================================
----------------- testing Wed Dec 05 02:55:38 UTC 2018 /home/travis/build/icyphy/ptII/ptolemy/actor/lib/test/auto/TrigFunctionDE.xml
----------------- Instantiating /home/travis/build/icyphy/ptII/ptolemy/actor/lib/test/auto/TrigFunctionDE.xml
2 ms. Memory: 1782784K Free: 996815K (56%)
----------------- Invoking toplevel() on ptolemy.moml.MoMLSimpleApplication@391c6206
----------------- Done invoking toplevel() on ptolemy.moml.MoMLSimpleApplication@391c6206
reloadAllAccessors: .TrigFunctionDE

===========================================================================================
----------------- testing Wed Dec 05 02:55:38 UTC 2018 /home/travis/build/icyphy/ptII/ptolemy/actor/lib/test/auto/TrigFunctionInverse.xml
----------------- Instantiating /home/travis/build/icyphy/ptII/ptolemy/actor/lib/test/auto/TrigFunctionInverse.xml
2 ms. Memory: 1782784K Free: 975574K (55%)
----------------- Invoking toplevel() on ptolemy.moml.MoMLSimpleApplication@9ea12cf
----------------- Done invoking toplevel() on ptolemy.moml.MoMLSimpleApplication@9ea12cf
reloadAllAccessors: .TrigFunctionInverse

===========================================================================================
----------------- testing Wed Dec 05 02:55:38 UTC 2018 /home/travis/build/icyphy/ptII/ptolemy/actor/lib/test/auto/TrigFunctionTan.xml
----------------- Instantiating /home/travis/build/icyphy/ptII/ptolemy/actor/lib/test/auto/TrigFunctionTan.xml
1 ms. Memory: 1782784K Free: 954333K (54%)
----------------- Invoking toplevel() on ptolemy.moml.MoMLSimpleApplication@7d58396f
----------------- Done invoking toplevel() on ptolemy.moml.MoMLSimpleApplication@7d58396f
reloadAllAccessors: .TrigFunctionTan

===========================================================================================
----------------- testing Wed Dec 05 02:55:38 UTC 2018 /home/travis/build/icyphy/ptII/ptolemy/actor/lib/test/auto/TriggeredClock.xml
----------------- Instantiating /home/travis/build/icyphy/ptII/ptolemy/actor/lib/test/auto/TriggeredClock.xml
1 ms. Memory: 1782784K Free: 937672K (53%)
----------------- Invoking toplevel() on ptolemy.moml.MoMLSimpleApplication@669af44f
----------------- Done invoking toplevel() on ptolemy.moml.MoMLSimpleApplication@669af44f
reloadAllAccessors: .TriggeredClock

===========================================================================================
----------------- testing Wed Dec 05 02:55:38 UTC 2018 /home/travis/build/icyphy/ptII/ptolemy/actor/lib/test/auto/URLDirectoryReader.xml
----------------- Instantiating /home/travis/build/icyphy/ptII/ptolemy/actor/lib/test/auto/URLDirectoryReader.xml
32 ms. Memory: 1782784K Free: 916431K (51%)
----------------- Invoking toplevel() on ptolemy.moml.MoMLSimpleApplication@3a18f32b
----------------- Done invoking toplevel() on ptolemy.moml.MoMLSimpleApplication@3a18f32b
reloadAllAccessors: .URLDirectoryReader

===========================================================================================
----------------- testing Wed Dec 05 02:55:38 UTC 2018 /home/travis/build/icyphy/ptII/ptolemy/actor/lib/test/auto/URLDirectoryReader3.xml
----------------- Instantiating /home/travis/build/icyphy/ptII/ptolemy/actor/lib/test/auto/URLDirectoryReader3.xml
1009 ms. Memory: 1782784K Free: 858119K (48%)
----------------- Invoking toplevel() on ptolemy.moml.MoMLSimpleApplication@684a062b
----------------- Done invoking toplevel() on ptolemy.moml.MoMLSimpleApplication@684a062b
reloadAllAccessors: .URLDirectoryReader3

===========================================================================================
----------------- testing Wed Dec 05 02:55:39 UTC 2018 /home/travis/build/icyphy/ptII/ptolemy/actor/lib/test/auto/UnaryMathFunction.xml
----------------- Instantiating /home/travis/build/icyphy/ptII/ptolemy/actor/lib/test/auto/UnaryMathFunction.xml
10 ms. Memory: 1782784K Free: 836878K (47%)
----------------- Invoking toplevel() on ptolemy.moml.MoMLSimpleApplication@39732c10
----------------- Done invoking toplevel() on ptolemy.moml.MoMLSimpleApplication@39732c10
reloadAllAccessors: .UnaryMathFunction

===========================================================================================
----------------- testing Wed Dec 05 02:55:39 UTC 2018 /home/travis/build/icyphy/ptII/ptolemy/actor/lib/test/auto/Uniform.xml
----------------- Instantiating /home/travis/build/icyphy/ptII/ptolemy/actor/lib/test/auto/Uniform.xml
10 ms. Memory: 1782784K Free: 820218K (46%)
----------------- Invoking toplevel() on ptolemy.moml.MoMLSimpleApplication@30960277
----------------- Done invoking toplevel() on ptolemy.moml.MoMLSimpleApplication@30960277
reloadAllAccessors: .Uniform

===========================================================================================
----------------- testing Wed Dec 05 02:55:39 UTC 2018 /home/travis/build/icyphy/ptII/ptolemy/actor/lib/test/auto/UnionDisassemblerTest.xml
----------------- Instantiating /home/travis/build/icyphy/ptII/ptolemy/actor/lib/test/auto/UnionDisassemblerTest.xml
10 ms. Memory: 1782784K Free: 798976K (45%)
----------------- Invoking toplevel() on ptolemy.moml.MoMLSimpleApplication@187957a5
----------------- Done invoking toplevel() on ptolemy.moml.MoMLSimpleApplication@187957a5
reloadAllAccessors: .UnionDisassemblerTest

===========================================================================================
----------------- testing Wed Dec 05 02:55:39 UTC 2018 /home/travis/build/icyphy/ptII/ptolemy/actor/lib/test/auto/UtilityFunctions.xml
----------------- Instantiating /home/travis/build/icyphy/ptII/ptolemy/actor/lib/test/auto/UtilityFunctions.xml
4 ms. Memory: 1782784K Free: 782316K (44%)
----------------- Invoking toplevel() on ptolemy.moml.MoMLSimpleApplication@34cc18cd
----------------- Done invoking toplevel() on ptolemy.moml.MoMLSimpleApplication@34cc18cd
reloadAllAccessors: .UtilityFunctions

===========================================================================================
----------------- testing Wed Dec 05 02:55:39 UTC 2018 /home/travis/build/icyphy/ptII/ptolemy/actor/lib/test/auto/VariableSleep.xml
----------------- Instantiating /home/travis/build/icyphy/ptII/ptolemy/actor/lib/test/auto/VariableSleep.xml
512 ms. Memory: 1782784K Free: 761074K (43%)
----------------- Invoking toplevel() on ptolemy.moml.MoMLSimpleApplication@406594c4
----------------- Done invoking toplevel() on ptolemy.moml.MoMLSimpleApplication@406594c4
reloadAllAccessors: .VariableSleep

===========================================================================================
----------------- testing Wed Dec 05 02:55:40 UTC 2018 /home/travis/build/icyphy/ptII/ptolemy/actor/lib/test/auto/VectorAssemblerDisassemblerCT.xml
----------------- Instantiating /home/travis/build/icyphy/ptII/ptolemy/actor/lib/test/auto/VectorAssemblerDisassemblerCT.xml
65 ms. Memory: 1782784K Free: 727737K (41%)
----------------- Invoking toplevel() on ptolemy.moml.MoMLSimpleApplication@7ae91ba4
----------------- Done invoking toplevel() on ptolemy.moml.MoMLSimpleApplication@7ae91ba4
reloadAllAccessors: .VectorAssemblerDisassemblerCT

===========================================================================================
----------------- testing Wed Dec 05 02:55:40 UTC 2018 /home/travis/build/icyphy/ptII/ptolemy/actor/lib/test/auto/VectorAssemblerDisassemblerDE.xml
----------------- Instantiating /home/travis/build/icyphy/ptII/ptolemy/actor/lib/test/auto/VectorAssemblerDisassemblerDE.xml
2 ms. Memory: 1782784K Free: 706496K (40%)
----------------- Invoking toplevel() on ptolemy.moml.MoMLSimpleApplication@8908f41
----------------- Done invoking toplevel() on ptolemy.moml.MoMLSimpleApplication@8908f41
reloadAllAccessors: .VectorAssemblerDisassemblerDE

===========================================================================================
----------------- testing Wed Dec 05 02:55:40 UTC 2018 /home/travis/build/icyphy/ptII/ptolemy/actor/lib/test/auto/VectorAssemblerDisassemblerSDF.xml
----------------- Instantiating /home/travis/build/icyphy/ptII/ptolemy/actor/lib/test/auto/VectorAssemblerDisassemblerSDF.xml
2 ms. Memory: 1782784K Free: 685255K (38%)
----------------- Invoking toplevel() on ptolemy.moml.MoMLSimpleApplication@5512c97
----------------- Done invoking toplevel() on ptolemy.moml.MoMLSimpleApplication@5512c97
reloadAllAccessors: .VectorAssemblerDisassemblerSDF

===========================================================================================
----------------- testing Wed Dec 05 02:55:40 UTC 2018 /home/travis/build/icyphy/ptII/ptolemy/actor/lib/test/auto/WallClockTime.xml
----------------- Instantiating /home/travis/build/icyphy/ptII/ptolemy/actor/lib/test/auto/WallClockTime.xml
1005 ms. Memory: 1782784K Free: 668594K (38%)
----------------- Invoking toplevel() on ptolemy.moml.MoMLSimpleApplication@78a2c4c0
----------------- Done invoking toplevel() on ptolemy.moml.MoMLSimpleApplication@78a2c4c0
reloadAllAccessors: .WallClockTime

===========================================================================================
----------------- testing Wed Dec 05 02:55:41 UTC 2018 /home/travis/build/icyphy/ptII/ptolemy/actor/lib/test/auto/WidthTestWithSubscriberPublisher.xml
----------------- Instantiating /home/travis/build/icyphy/ptII/ptolemy/actor/lib/test/auto/WidthTestWithSubscriberPublisher.xml
14 ms. Memory: 1782784K Free: 639007K (36%)
----------------- Invoking toplevel() on ptolemy.moml.MoMLSimpleApplication@5c6d5c3e
----------------- Done invoking toplevel() on ptolemy.moml.MoMLSimpleApplication@5c6d5c3e
reloadAllAccessors: .WidthTestWithSubscriberPublisher

===========================================================================================
----------------- testing Wed Dec 05 02:55:41 UTC 2018 /home/travis/build/icyphy/ptII/ptolemy/actor/lib/test/auto/WidthTestWithSubscriberPublisher2.xml
----------------- Instantiating /home/travis/build/icyphy/ptII/ptolemy/actor/lib/test/auto/WidthTestWithSubscriberPublisher2.xml
2 ms. Memory: 1782784K Free: 622346K (35%)
----------------- Invoking toplevel() on ptolemy.moml.MoMLSimpleApplication@1c23ba31
----------------- Done invoking toplevel() on ptolemy.moml.MoMLSimpleApplication@1c23ba31
reloadAllAccessors: .WidthTestWithSubscriberPublisher2

===========================================================================================
----------------- testing Wed Dec 05 02:55:41 UTC 2018 /home/travis/build/icyphy/ptII/ptolemy/actor/lib/test/auto/WidthTestWithSubscriberPublisher3.xml
----------------- Instantiating /home/travis/build/icyphy/ptII/ptolemy/actor/lib/test/auto/WidthTestWithSubscriberPublisher3.xml
2 ms. Memory: 1782784K Free: 601105K (34%)
----------------- Invoking toplevel() on ptolemy.moml.MoMLSimpleApplication@45320d13
----------------- Done invoking toplevel() on ptolemy.moml.MoMLSimpleApplication@45320d13
reloadAllAccessors: .WidthTestWithSubscriberPublisher3

===========================================================================================
----------------- testing Wed Dec 05 02:55:41 UTC 2018 /home/travis/build/icyphy/ptII/ptolemy/actor/lib/test/auto/Writer.xml
----------------- Instantiating /home/travis/build/icyphy/ptII/ptolemy/actor/lib/test/auto/Writer.xml
0
1
2
3
4
2 ms. Memory: 1782784K Free: 584445K (33%)
----------------- Invoking toplevel() on ptolemy.moml.MoMLSimpleApplication@6afc93f0
----------------- Done invoking toplevel() on ptolemy.moml.MoMLSimpleApplication@6afc93f0
reloadAllAccessors: .Writer

===========================================================================================
----------------- testing Wed Dec 05 02:55:41 UTC 2018 /home/travis/build/icyphy/ptII/ptolemy/actor/lib/test/auto/array.xml
----------------- Instantiating /home/travis/build/icyphy/ptII/ptolemy/actor/lib/test/auto/array.xml
2 ms. Memory: 1782784K Free: 563203K (32%)
----------------- Invoking toplevel() on ptolemy.moml.MoMLSimpleApplication@2919dd3a
----------------- Done invoking toplevel() on ptolemy.moml.MoMLSimpleApplication@2919dd3a
reloadAllAccessors: .array

===========================================================================================
----------------- testing Wed Dec 05 02:55:41 UTC 2018 /home/travis/build/icyphy/ptII/ptolemy/actor/lib/test/auto/array2.xml
----------------- Instantiating /home/travis/build/icyphy/ptII/ptolemy/actor/lib/test/auto/array2.xml
2 ms. Memory: 1782784K Free: 546543K (31%)
----------------- Invoking toplevel() on ptolemy.moml.MoMLSimpleApplication@6abb2b54
----------------- Done invoking toplevel() on ptolemy.moml.MoMLSimpleApplication@6abb2b54
reloadAllAccessors: .array2

===========================================================================================
----------------- testing Wed Dec 05 02:55:41 UTC 2018 /home/travis/build/icyphy/ptII/ptolemy/actor/lib/test/auto/arrayType.xml
----------------- Instantiating /home/travis/build/icyphy/ptII/ptolemy/actor/lib/test/auto/arrayType.xml
2 ms. Memory: 1782784K Free: 525301K (29%)
----------------- Invoking toplevel() on ptolemy.moml.MoMLSimpleApplication@6c3c6bec
----------------- Done invoking toplevel() on ptolemy.moml.MoMLSimpleApplication@6c3c6bec
reloadAllAccessors: .arrayType

===========================================================================================
----------------- testing Wed Dec 05 02:55:41 UTC 2018 /home/travis/build/icyphy/ptII/ptolemy/actor/lib/test/auto/arrayType10.xml
----------------- Instantiating /home/travis/build/icyphy/ptII/ptolemy/actor/lib/test/auto/arrayType10.xml
1 ms. Memory: 1782784K Free: 504060K (28%)
----------------- Invoking toplevel() on ptolemy.moml.MoMLSimpleApplication@1f17153d
----------------- Done invoking toplevel() on ptolemy.moml.MoMLSimpleApplication@1f17153d
reloadAllAccessors: .arrayType10

===========================================================================================
----------------- testing Wed Dec 05 02:55:41 UTC 2018 /home/travis/build/icyphy/ptII/ptolemy/actor/lib/test/auto/arrayType11.xml
----------------- Instantiating /home/travis/build/icyphy/ptII/ptolemy/actor/lib/test/auto/arrayType11.xml
1 ms. Memory: 1782784K Free: 487399K (27%)
----------------- Invoking toplevel() on ptolemy.moml.MoMLSimpleApplication@1efa2ab3
----------------- Done invoking toplevel() on ptolemy.moml.MoMLSimpleApplication@1efa2ab3
reloadAllAccessors: .arrayType11

===========================================================================================
----------------- testing Wed Dec 05 02:55:41 UTC 2018 /home/travis/build/icyphy/ptII/ptolemy/actor/lib/test/auto/arrayType12.xml
----------------- Instantiating /home/travis/build/icyphy/ptII/ptolemy/actor/lib/test/auto/arrayType12.xml
1 ms. Memory: 1782784K Free: 466158K (26%)
----------------- Invoking toplevel() on ptolemy.moml.MoMLSimpleApplication@659bd782
----------------- Done invoking toplevel() on ptolemy.moml.MoMLSimpleApplication@659bd782
reloadAllAccessors: .arrayType12

===========================================================================================
----------------- testing Wed Dec 05 02:55:41 UTC 2018 /home/travis/build/icyphy/ptII/ptolemy/actor/lib/test/auto/arrayType13.xml
----------------- Instantiating /home/travis/build/icyphy/ptII/ptolemy/actor/lib/test/auto/arrayType13.xml
1 ms. Memory: 1782784K Free: 449498K (25%)
----------------- Invoking toplevel() on ptolemy.moml.MoMLSimpleApplication@2ade41aa
----------------- Done invoking toplevel() on ptolemy.moml.MoMLSimpleApplication@2ade41aa
reloadAllAccessors: .arrayType13

===========================================================================================
----------------- testing Wed Dec 05 02:55:41 UTC 2018 /home/travis/build/icyphy/ptII/ptolemy/actor/lib/test/auto/arrayType14.xml
----------------- Instantiating /home/travis/build/icyphy/ptII/ptolemy/actor/lib/test/auto/arrayType14.xml
1 ms. Memory: 1782784K Free: 428256K (24%)
----------------- Invoking toplevel() on ptolemy.moml.MoMLSimpleApplication@21ec219e
----------------- Done invoking toplevel() on ptolemy.moml.MoMLSimpleApplication@21ec219e
reloadAllAccessors: .arrayType14

===========================================================================================
----------------- testing Wed Dec 05 02:55:41 UTC 2018 /home/travis/build/icyphy/ptII/ptolemy/actor/lib/test/auto/arrayType15.xml
----------------- Instantiating /home/travis/build/icyphy/ptII/ptolemy/actor/lib/test/auto/arrayType15.xml
1 ms. Memory: 1782784K Free: 411596K (23%)
----------------- Invoking toplevel() on ptolemy.moml.MoMLSimpleApplication@445a3701
----------------- Done invoking toplevel() on ptolemy.moml.MoMLSimpleApplication@445a3701
reloadAllAccessors: .arrayType15

===========================================================================================
----------------- testing Wed Dec 05 02:55:41 UTC 2018 /home/travis/build/icyphy/ptII/ptolemy/actor/lib/test/auto/arrayType16.xml
----------------- Instantiating /home/travis/build/icyphy/ptII/ptolemy/actor/lib/test/auto/arrayType16.xml
2 ms. Memory: 1782784K Free: 390355K (22%)
----------------- Invoking toplevel() on ptolemy.moml.MoMLSimpleApplication@309130b9
----------------- Done invoking toplevel() on ptolemy.moml.MoMLSimpleApplication@309130b9
reloadAllAccessors: .arrayType16

===========================================================================================
----------------- testing Wed Dec 05 02:55:41 UTC 2018 /home/travis/build/icyphy/ptII/ptolemy/actor/lib/test/auto/arrayType17.xml
----------------- Instantiating /home/travis/build/icyphy/ptII/ptolemy/actor/lib/test/auto/arrayType17.xml
1 ms. Memory: 1782784K Free: 373694K (21%)
----------------- Invoking toplevel() on ptolemy.moml.MoMLSimpleApplication@308d13ea
----------------- Done invoking toplevel() on ptolemy.moml.MoMLSimpleApplication@308d13ea
reloadAllAccessors: .arrayType17

===========================================================================================
----------------- testing Wed Dec 05 02:55:41 UTC 2018 /home/travis/build/icyphy/ptII/ptolemy/actor/lib/test/auto/arrayType18.xml
----------------- Instantiating /home/travis/build/icyphy/ptII/ptolemy/actor/lib/test/auto/arrayType18.xml
1 ms. Memory: 1782784K Free: 352453K (20%)
----------------- Invoking toplevel() on ptolemy.moml.MoMLSimpleApplication@55c6b3b8
----------------- Done invoking toplevel() on ptolemy.moml.MoMLSimpleApplication@55c6b3b8
reloadAllAccessors: .arrayType18

===========================================================================================
----------------- testing Wed Dec 05 02:55:41 UTC 2018 /home/travis/build/icyphy/ptII/ptolemy/actor/lib/test/auto/arrayType19.xml
----------------- Instantiating /home/travis/build/icyphy/ptII/ptolemy/actor/lib/test/auto/arrayType19.xml
1 ms. Memory: 1782784K Free: 331212K (19%)
----------------- Invoking toplevel() on ptolemy.moml.MoMLSimpleApplication@1ea9ad7b
----------------- Done invoking toplevel() on ptolemy.moml.MoMLSimpleApplication@1ea9ad7b
reloadAllAccessors: .arrayType19

===========================================================================================
----------------- testing Wed Dec 05 02:55:41 UTC 2018 /home/travis/build/icyphy/ptII/ptolemy/actor/lib/test/auto/arrayType2.xml
----------------- Instantiating /home/travis/build/icyphy/ptII/ptolemy/actor/lib/test/auto/arrayType2.xml
1 ms. Memory: 1782784K Free: 314551K (18%)
----------------- Invoking toplevel() on ptolemy.moml.MoMLSimpleApplication@321f5fd2
----------------- Done invoking toplevel() on ptolemy.moml.MoMLSimpleApplication@321f5fd2
reloadAllAccessors: .arrayType2

===========================================================================================
----------------- testing Wed Dec 05 02:55:41 UTC 2018 /home/travis/build/icyphy/ptII/ptolemy/actor/lib/test/auto/arrayType20.xml
----------------- Instantiating /home/travis/build/icyphy/ptII/ptolemy/actor/lib/test/auto/arrayType20.xml
1 ms. Memory: 1782784K Free: 293309K (16%)
----------------- Invoking toplevel() on ptolemy.moml.MoMLSimpleApplication@5f64cad6
----------------- Done invoking toplevel() on ptolemy.moml.MoMLSimpleApplication@5f64cad6
reloadAllAccessors: .arrayType20

===========================================================================================
----------------- testing Wed Dec 05 02:55:42 UTC 2018 /home/travis/build/icyphy/ptII/ptolemy/actor/lib/test/auto/arrayType21.xml
----------------- Instantiating /home/travis/build/icyphy/ptII/ptolemy/actor/lib/test/auto/arrayType21.xml
2 ms. Memory: 1782784K Free: 276649K (16%)
----------------- Invoking toplevel() on ptolemy.moml.MoMLSimpleApplication@47eab6fa
----------------- Done invoking toplevel() on ptolemy.moml.MoMLSimpleApplication@47eab6fa
reloadAllAccessors: .arrayType21

===========================================================================================
----------------- testing Wed Dec 05 02:55:42 UTC 2018 /home/travis/build/icyphy/ptII/ptolemy/actor/lib/test/auto/arrayType22.xml
----------------- Instantiating /home/travis/build/icyphy/ptII/ptolemy/actor/lib/test/auto/arrayType22.xml
1 ms. Memory: 1782784K Free: 255408K (14%)
----------------- Invoking toplevel() on ptolemy.moml.MoMLSimpleApplication@1659de56
----------------- Done invoking toplevel() on ptolemy.moml.MoMLSimpleApplication@1659de56
reloadAllAccessors: .arrayType22

===========================================================================================
----------------- testing Wed Dec 05 02:55:42 UTC 2018 /home/travis/build/icyphy/ptII/ptolemy/actor/lib/test/auto/arrayType23.xml
----------------- Instantiating /home/travis/build/icyphy/ptII/ptolemy/actor/lib/test/auto/arrayType23.xml
1 ms. Memory: 1782784K Free: 238747K (13%)
----------------- Invoking toplevel() on ptolemy.moml.MoMLSimpleApplication@22e60cd3
----------------- Done invoking toplevel() on ptolemy.moml.MoMLSimpleApplication@22e60cd3
reloadAllAccessors: .arrayType23

===========================================================================================
----------------- testing Wed Dec 05 02:55:42 UTC 2018 /home/travis/build/icyphy/ptII/ptolemy/actor/lib/test/auto/arrayType24.xml
----------------- Instantiating /home/travis/build/icyphy/ptII/ptolemy/actor/lib/test/auto/arrayType24.xml
1 ms. Memory: 1782784K Free: 217506K (12%)
----------------- Invoking toplevel() on ptolemy.moml.MoMLSimpleApplication@17b05b3c
----------------- Done invoking toplevel() on ptolemy.moml.MoMLSimpleApplication@17b05b3c
reloadAllAccessors: .arrayType24

===========================================================================================
----------------- testing Wed Dec 05 02:55:42 UTC 2018 /home/travis/build/icyphy/ptII/ptolemy/actor/lib/test/auto/arrayType25.xml
----------------- Instantiating /home/travis/build/icyphy/ptII/ptolemy/actor/lib/test/auto/arrayType25.xml
2 ms. Memory: 1782784K Free: 200845K (11%)
----------------- Invoking toplevel() on ptolemy.moml.MoMLSimpleApplication@67c963f
----------------- Done invoking toplevel() on ptolemy.moml.MoMLSimpleApplication@67c963f
reloadAllAccessors: .arrayType25

===========================================================================================
----------------- testing Wed Dec 05 02:55:42 UTC 2018 /home/travis/build/icyphy/ptII/ptolemy/actor/lib/test/auto/arrayType26.xml
----------------- Instantiating /home/travis/build/icyphy/ptII/ptolemy/actor/lib/test/auto/arrayType26.xml
2 ms. Memory: 1782784K Free: 179604K (10%)
----------------- Invoking toplevel() on ptolemy.moml.MoMLSimpleApplication@58423dd7
----------------- Done invoking toplevel() on ptolemy.moml.MoMLSimpleApplication@58423dd7
reloadAllAccessors: .arrayType26

===========================================================================================
----------------- testing Wed Dec 05 02:55:42 UTC 2018 /home/travis/build/icyphy/ptII/ptolemy/actor/lib/test/auto/arrayType27.xml
----------------- Instantiating /home/travis/build/icyphy/ptII/ptolemy/actor/lib/test/auto/arrayType27.xml
3 ms. Memory: 1782784K Free: 158363K (9%)
----------------- Invoking toplevel() on ptolemy.moml.MoMLSimpleApplication@7f1e6723
----------------- Done invoking toplevel() on ptolemy.moml.MoMLSimpleApplication@7f1e6723
reloadAllAccessors: .arrayType27

===========================================================================================
----------------- testing Wed Dec 05 02:55:42 UTC 2018 /home/travis/build/icyphy/ptII/ptolemy/actor/lib/test/auto/arrayType28.xml
----------------- Instantiating /home/travis/build/icyphy/ptII/ptolemy/actor/lib/test/auto/arrayType28.xml
2 ms. Memory: 1782784K Free: 141703K (8%)
----------------- Invoking toplevel() on ptolemy.moml.MoMLSimpleApplication@4089529f
----------------- Done invoking toplevel() on ptolemy.moml.MoMLSimpleApplication@4089529f
reloadAllAccessors: .arrayType28

===========================================================================================
----------------- testing Wed Dec 05 02:55:42 UTC 2018 /home/travis/build/icyphy/ptII/ptolemy/actor/lib/test/auto/arrayType3.xml
----------------- Instantiating /home/travis/build/icyphy/ptII/ptolemy/actor/lib/test/auto/arrayType3.xml
2 ms. Memory: 1782784K Free: 120461K (7%)
----------------- Invoking toplevel() on ptolemy.moml.MoMLSimpleApplication@68eb2de8
----------------- Done invoking toplevel() on ptolemy.moml.MoMLSimpleApplication@68eb2de8
reloadAllAccessors: .arrayType3

===========================================================================================
----------------- testing Wed Dec 05 02:55:42 UTC 2018 /home/travis/build/icyphy/ptII/ptolemy/actor/lib/test/auto/arrayType4.xml
----------------- Instantiating /home/travis/build/icyphy/ptII/ptolemy/actor/lib/test/auto/arrayType4.xml
2 ms. Memory: 1782784K Free: 103801K (6%)
----------------- Invoking toplevel() on ptolemy.moml.MoMLSimpleApplication@4567479b
----------------- Done invoking toplevel() on ptolemy.moml.MoMLSimpleApplication@4567479b
reloadAllAccessors: .arrayType4

===========================================================================================
----------------- testing Wed Dec 05 02:55:42 UTC 2018 /home/travis/build/icyphy/ptII/ptolemy/actor/lib/test/auto/arrayType5.xml
----------------- Instantiating /home/travis/build/icyphy/ptII/ptolemy/actor/lib/test/auto/arrayType5.xml
2 ms. Memory: 1782784K Free: 82560K (5%)
----------------- Invoking toplevel() on ptolemy.moml.MoMLSimpleApplication@dbd44b7
----------------- Done invoking toplevel() on ptolemy.moml.MoMLSimpleApplication@dbd44b7
reloadAllAccessors: .arrayType5

===========================================================================================
----------------- testing Wed Dec 05 02:55:42 UTC 2018 /home/travis/build/icyphy/ptII/ptolemy/actor/lib/test/auto/arrayType6.xml
----------------- Instantiating /home/travis/build/icyphy/ptII/ptolemy/actor/lib/test/auto/arrayType6.xml
17 ms. Memory: 1783808K Free: 1719118K (96%)
----------------- Invoking toplevel() on ptolemy.moml.MoMLSimpleApplication@7c6113d1
----------------- Done invoking toplevel() on ptolemy.moml.MoMLSimpleApplication@7c6113d1
reloadAllAccessors: .arrayType6

===========================================================================================
----------------- testing Wed Dec 05 02:55:42 UTC 2018 /home/travis/build/icyphy/ptII/ptolemy/actor/lib/test/auto/arrayType7.xml
----------------- Instantiating /home/travis/build/icyphy/ptII/ptolemy/actor/lib/test/auto/arrayType7.xml
1 ms. Memory: 1783808K Free: 1693899K (95%)
----------------- Invoking toplevel() on ptolemy.moml.MoMLSimpleApplication@51c167d3
----------------- Done invoking toplevel() on ptolemy.moml.MoMLSimpleApplication@51c167d3
reloadAllAccessors: .arrayType7

===========================================================================================
----------------- testing Wed Dec 05 02:55:42 UTC 2018 /home/travis/build/icyphy/ptII/ptolemy/actor/lib/test/auto/arrayType8.xml
----------------- Instantiating /home/travis/build/icyphy/ptII/ptolemy/actor/lib/test/auto/arrayType8.xml
1 ms. Memory: 1783808K Free: 1672846K (94%)
----------------- Invoking toplevel() on ptolemy.moml.MoMLSimpleApplication@3e370f5e
----------------- Done invoking toplevel() on ptolemy.moml.MoMLSimpleApplication@3e370f5e
reloadAllAccessors: .arrayType8

===========================================================================================
----------------- testing Wed Dec 05 02:55:42 UTC 2018 /home/travis/build/icyphy/ptII/ptolemy/actor/lib/test/auto/arrayType9.xml
----------------- Instantiating /home/travis/build/icyphy/ptII/ptolemy/actor/lib/test/auto/arrayType9.xml
1 ms. Memory: 1783808K Free: 1656185K (93%)
----------------- Invoking toplevel() on ptolemy.moml.MoMLSimpleApplication@711a312
----------------- Done invoking toplevel() on ptolemy.moml.MoMLSimpleApplication@711a312
reloadAllAccessors: .arrayType9

===========================================================================================
----------------- testing Wed Dec 05 02:55:42 UTC 2018 /home/travis/build/icyphy/ptII/ptolemy/actor/lib/test/auto/cast.xml
----------------- Instantiating /home/travis/build/icyphy/ptII/ptolemy/actor/lib/test/auto/cast.xml
2 ms. Memory: 1783808K Free: 1635132K (92%)
----------------- Invoking toplevel() on ptolemy.moml.MoMLSimpleApplication@2ee37d92
----------------- Done invoking toplevel() on ptolemy.moml.MoMLSimpleApplication@2ee37d92
reloadAllAccessors: .cast

===========================================================================================
----------------- testing Wed Dec 05 02:55:42 UTC 2018 /home/travis/build/icyphy/ptII/ptolemy/actor/lib/test/auto/compositeMultiPort.xml
----------------- Instantiating /home/travis/build/icyphy/ptII/ptolemy/actor/lib/test/auto/compositeMultiPort.xml
3 ms. Memory: 1783808K Free: 1618471K (91%)
----------------- Invoking toplevel() on ptolemy.moml.MoMLSimpleApplication@66b13926
----------------- Done invoking toplevel() on ptolemy.moml.MoMLSimpleApplication@66b13926
reloadAllAccessors: .compositeMultiPort

===========================================================================================
----------------- testing Wed Dec 05 02:55:42 UTC 2018 /home/travis/build/icyphy/ptII/ptolemy/actor/lib/test/auto/expressionCastInference.xml
----------------- Instantiating /home/travis/build/icyphy/ptII/ptolemy/actor/lib/test/auto/expressionCastInference.xml
2 ms. Memory: 1783808K Free: 1597418K (90%)
----------------- Invoking toplevel() on ptolemy.moml.MoMLSimpleApplication@535693d8
----------------- Done invoking toplevel() on ptolemy.moml.MoMLSimpleApplication@535693d8
reloadAllAccessors: .expressionCastInference

===========================================================================================
----------------- testing Wed Dec 05 02:55:42 UTC 2018 /home/travis/build/icyphy/ptII/ptolemy/actor/lib/test/auto/expressionCastInference2.xml
----------------- Instantiating /home/travis/build/icyphy/ptII/ptolemy/actor/lib/test/auto/expressionCastInference2.xml
2 ms. Memory: 1783808K Free: 1576364K (88%)
----------------- Invoking toplevel() on ptolemy.moml.MoMLSimpleApplication@45b984b7
----------------- Done invoking toplevel() on ptolemy.moml.MoMLSimpleApplication@45b984b7
reloadAllAccessors: .expressionCastInference2

===========================================================================================
----------------- testing Wed Dec 05 02:55:42 UTC 2018 /home/travis/build/icyphy/ptII/ptolemy/actor/lib/test/auto/expressionInference.xml
----------------- Instantiating /home/travis/build/icyphy/ptII/ptolemy/actor/lib/test/auto/expressionInference.xml
1 ms. Memory: 1783808K Free: 1559704K (87%)
----------------- Invoking toplevel() on ptolemy.moml.MoMLSimpleApplication@2f49c83d
----------------- Done invoking toplevel() on ptolemy.moml.MoMLSimpleApplication@2f49c83d
reloadAllAccessors: .expressionInference

===========================================================================================
----------------- testing Wed Dec 05 02:55:42 UTC 2018 /home/travis/build/icyphy/ptII/ptolemy/actor/lib/test/auto/expression_bug.xml
----------------- Instantiating /home/travis/build/icyphy/ptII/ptolemy/actor/lib/test/auto/expression_bug.xml
1 ms. Memory: 1783808K Free: 1538650K (86%)
----------------- Invoking toplevel() on ptolemy.moml.MoMLSimpleApplication@2d4821d0
----------------- Done invoking toplevel() on ptolemy.moml.MoMLSimpleApplication@2d4821d0
reloadAllAccessors: .expression_bug

===========================================================================================
----------------- testing Wed Dec 05 02:55:42 UTC 2018 /home/travis/build/icyphy/ptII/ptolemy/actor/lib/test/auto/factorial.xml
----------------- Instantiating /home/travis/build/icyphy/ptII/ptolemy/actor/lib/test/auto/factorial.xml
29 ms. Memory: 1783808K Free: 1514951K (85%)
----------------- Invoking toplevel() on ptolemy.moml.MoMLSimpleApplication@6f290918
----------------- Done invoking toplevel() on ptolemy.moml.MoMLSimpleApplication@6f290918
reloadAllAccessors: .factorial

===========================================================================================
----------------- testing Wed Dec 05 02:55:42 UTC 2018 /home/travis/build/icyphy/ptII/ptolemy/actor/lib/test/auto/filterTest1.xml
----------------- Instantiating /home/travis/build/icyphy/ptII/ptolemy/actor/lib/test/auto/filterTest1.xml
3 ms. Memory: 1783808K Free: 1493897K (84%)
----------------- Invoking toplevel() on ptolemy.moml.MoMLSimpleApplication@1ab03e62
----------------- Done invoking toplevel() on ptolemy.moml.MoMLSimpleApplication@1ab03e62
reloadAllAccessors: .filterTest1

===========================================================================================
----------------- testing Wed Dec 05 02:55:42 UTC 2018 /home/travis/build/icyphy/ptII/ptolemy/actor/lib/test/auto/funcApplyInConst.xml
----------------- Instantiating /home/travis/build/icyphy/ptII/ptolemy/actor/lib/test/auto/funcApplyInConst.xml
1 ms. Memory: 1783808K Free: 1472844K (83%)
----------------- Invoking toplevel() on ptolemy.moml.MoMLSimpleApplication@414b4306
----------------- Done invoking toplevel() on ptolemy.moml.MoMLSimpleApplication@414b4306
reloadAllAccessors: .funcApplyInConst

===========================================================================================
----------------- testing Wed Dec 05 02:55:42 UTC 2018 /home/travis/build/icyphy/ptII/ptolemy/actor/lib/test/auto/funcApplyInExpr.xml
----------------- Instantiating /home/travis/build/icyphy/ptII/ptolemy/actor/lib/test/auto/funcApplyInExpr.xml
1 ms. Memory: 1783808K Free: 1456183K (82%)
----------------- Invoking toplevel() on ptolemy.moml.MoMLSimpleApplication@2e440571
----------------- Done invoking toplevel() on ptolemy.moml.MoMLSimpleApplication@2e440571
reloadAllAccessors: .funcApplyInExpr

===========================================================================================
----------------- testing Wed Dec 05 02:55:42 UTC 2018 /home/travis/build/icyphy/ptII/ptolemy/actor/lib/test/auto/function.xml
----------------- Instantiating /home/travis/build/icyphy/ptII/ptolemy/actor/lib/test/auto/function.xml
1 ms. Memory: 1783808K Free: 1435130K (80%)
----------------- Invoking toplevel() on ptolemy.moml.MoMLSimpleApplication@2783beb2
----------------- Done invoking toplevel() on ptolemy.moml.MoMLSimpleApplication@2783beb2
reloadAllAccessors: .function

===========================================================================================
----------------- testing Wed Dec 05 02:55:42 UTC 2018 /home/travis/build/icyphy/ptII/ptolemy/actor/lib/test/auto/function2.xml
----------------- Instantiating /home/travis/build/icyphy/ptII/ptolemy/actor/lib/test/auto/function2.xml
2 ms. Memory: 1783808K Free: 1418469K (80%)
----------------- Invoking toplevel() on ptolemy.moml.MoMLSimpleApplication@7d642425
----------------- Done invoking toplevel() on ptolemy.moml.MoMLSimpleApplication@7d642425
reloadAllAccessors: .function2

===========================================================================================
----------------- testing Wed Dec 05 02:55:42 UTC 2018 /home/travis/build/icyphy/ptII/ptolemy/actor/lib/test/auto/function3.xml
----------------- Instantiating /home/travis/build/icyphy/ptII/ptolemy/actor/lib/test/auto/function3.xml
1 ms. Memory: 1783808K Free: 1397416K (78%)
----------------- Invoking toplevel() on ptolemy.moml.MoMLSimpleApplication@6b4685f8
----------------- Done invoking toplevel() on ptolemy.moml.MoMLSimpleApplication@6b4685f8
reloadAllAccessors: .function3

===========================================================================================
----------------- testing Wed Dec 05 02:55:42 UTC 2018 /home/travis/build/icyphy/ptII/ptolemy/actor/lib/test/auto/functionClosureTest1.xml
----------------- Instantiating /home/travis/build/icyphy/ptII/ptolemy/actor/lib/test/auto/functionClosureTest1.xml
1 ms. Memory: 1783808K Free: 1380755K (77%)
----------------- Invoking toplevel() on ptolemy.moml.MoMLSimpleApplication@b68e5e2
----------------- Done invoking toplevel() on ptolemy.moml.MoMLSimpleApplication@b68e5e2
reloadAllAccessors: .functionClosureTest1

===========================================================================================
----------------- testing Wed Dec 05 02:55:42 UTC 2018 /home/travis/build/icyphy/ptII/ptolemy/actor/lib/test/auto/functionClosureTest2.xml
----------------- Instantiating /home/travis/build/icyphy/ptII/ptolemy/actor/lib/test/auto/functionClosureTest2.xml
1 ms. Memory: 1783808K Free: 1359702K (76%)
----------------- Invoking toplevel() on ptolemy.moml.MoMLSimpleApplication@54d7b045
----------------- Done invoking toplevel() on ptolemy.moml.MoMLSimpleApplication@54d7b045
reloadAllAccessors: .functionClosureTest2

===========================================================================================
----------------- testing Wed Dec 05 02:55:42 UTC 2018 /home/travis/build/icyphy/ptII/ptolemy/actor/lib/test/auto/functionClosureTest3.xml
----------------- Instantiating /home/travis/build/icyphy/ptII/ptolemy/actor/lib/test/auto/functionClosureTest3.xml
1 ms. Memory: 1783808K Free: 1338648K (75%)
----------------- Invoking toplevel() on ptolemy.moml.MoMLSimpleApplication@50e0b701
----------------- Done invoking toplevel() on ptolemy.moml.MoMLSimpleApplication@50e0b701
reloadAllAccessors: .functionClosureTest3

===========================================================================================
----------------- testing Wed Dec 05 02:55:42 UTC 2018 /home/travis/build/icyphy/ptII/ptolemy/actor/lib/test/auto/functionClosureTest4.xml
----------------- Instantiating /home/travis/build/icyphy/ptII/ptolemy/actor/lib/test/auto/functionClosureTest4.xml
2 ms. Memory: 1783808K Free: 1321988K (74%)
----------------- Invoking toplevel() on ptolemy.moml.MoMLSimpleApplication@5eb71abd
----------------- Done invoking toplevel() on ptolemy.moml.MoMLSimpleApplication@5eb71abd
reloadAllAccessors: .functionClosureTest4

===========================================================================================
----------------- testing Wed Dec 05 02:55:42 UTC 2018 /home/travis/build/icyphy/ptII/ptolemy/actor/lib/test/auto/functionClosureTest5.xml
----------------- Instantiating /home/travis/build/icyphy/ptII/ptolemy/actor/lib/test/auto/functionClosureTest5.xml
2 ms. Memory: 1783808K Free: 1300934K (73%)
----------------- Invoking toplevel() on ptolemy.moml.MoMLSimpleApplication@5702a467
----------------- Done invoking toplevel() on ptolemy.moml.MoMLSimpleApplication@5702a467
reloadAllAccessors: .functionClosureTest5

===========================================================================================
----------------- testing Wed Dec 05 02:55:42 UTC 2018 /home/travis/build/icyphy/ptII/ptolemy/actor/lib/test/auto/functionClosureTest6.xml
----------------- Instantiating /home/travis/build/icyphy/ptII/ptolemy/actor/lib/test/auto/functionClosureTest6.xml
2 ms. Memory: 1783808K Free: 1284274K (72%)
----------------- Invoking toplevel() on ptolemy.moml.MoMLSimpleApplication@1065fa1e
----------------- Done invoking toplevel() on ptolemy.moml.MoMLSimpleApplication@1065fa1e
reloadAllAccessors: .functionClosureTest6

===========================================================================================
----------------- testing Wed Dec 05 02:55:42 UTC 2018 /home/travis/build/icyphy/ptII/ptolemy/actor/lib/test/auto/functionsOnArcs.xml
----------------- Instantiating /home/travis/build/icyphy/ptII/ptolemy/actor/lib/test/auto/functionsOnArcs.xml
1 ms. Memory: 1783808K Free: 1263220K (71%)
----------------- Invoking toplevel() on ptolemy.moml.MoMLSimpleApplication@2324c24a
----------------- Done invoking toplevel() on ptolemy.moml.MoMLSimpleApplication@2324c24a
reloadAllAccessors: .functionsOnArcs

===========================================================================================
----------------- testing Wed Dec 05 02:55:42 UTC 2018 /home/travis/build/icyphy/ptII/ptolemy/actor/lib/test/auto/functionsOnArcsHOF.xml
----------------- Instantiating /home/travis/build/icyphy/ptII/ptolemy/actor/lib/test/auto/functionsOnArcsHOF.xml
2 ms. Memory: 1783808K Free: 1242167K (70%)
----------------- Invoking toplevel() on ptolemy.moml.MoMLSimpleApplication@530d659c
----------------- Done invoking toplevel() on ptolemy.moml.MoMLSimpleApplication@530d659c
reloadAllAccessors: .functionsOnArcsHOF

===========================================================================================
----------------- testing Wed Dec 05 02:55:42 UTC 2018 /home/travis/build/icyphy/ptII/ptolemy/actor/lib/test/auto/logic.xml
----------------- Instantiating /home/travis/build/icyphy/ptII/ptolemy/actor/lib/test/auto/logic.xml
2 ms. Memory: 1783808K Free: 1225506K (69%)
----------------- Invoking toplevel() on ptolemy.moml.MoMLSimpleApplication@9d9ed89
----------------- Done invoking toplevel() on ptolemy.moml.MoMLSimpleApplication@9d9ed89
reloadAllAccessors: .logic

===========================================================================================
----------------- testing Wed Dec 05 02:55:42 UTC 2018 /home/travis/build/icyphy/ptII/ptolemy/actor/lib/test/auto/matrixType.xml
----------------- Instantiating /home/travis/build/icyphy/ptII/ptolemy/actor/lib/test/auto/matrixType.xml
2 ms. Memory: 1783808K Free: 1204452K (68%)
----------------- Invoking toplevel() on ptolemy.moml.MoMLSimpleApplication@417656c7
----------------- Done invoking toplevel() on ptolemy.moml.MoMLSimpleApplication@417656c7
reloadAllAccessors: .matrixType

===========================================================================================
----------------- testing Wed Dec 05 02:55:42 UTC 2018 /home/travis/build/icyphy/ptII/ptolemy/actor/lib/test/auto/matrixType10.xml
----------------- Instantiating /home/travis/build/icyphy/ptII/ptolemy/actor/lib/test/auto/matrixType10.xml
1 ms. Memory: 1783808K Free: 1187792K (67%)
----------------- Invoking toplevel() on ptolemy.moml.MoMLSimpleApplication@73f9b70b
----------------- Done invoking toplevel() on ptolemy.moml.MoMLSimpleApplication@73f9b70b
reloadAllAccessors: .matrixType10

===========================================================================================
----------------- testing Wed Dec 05 02:55:42 UTC 2018 /home/travis/build/icyphy/ptII/ptolemy/actor/lib/test/auto/matrixType11.xml
----------------- Instantiating /home/travis/build/icyphy/ptII/ptolemy/actor/lib/test/auto/matrixType11.xml
1 ms. Memory: 1783808K Free: 1166738K (65%)
----------------- Invoking toplevel() on ptolemy.moml.MoMLSimpleApplication@6e5a3e71
----------------- Done invoking toplevel() on ptolemy.moml.MoMLSimpleApplication@6e5a3e71
reloadAllAccessors: .matrixType11

===========================================================================================
----------------- testing Wed Dec 05 02:55:42 UTC 2018 /home/travis/build/icyphy/ptII/ptolemy/actor/lib/test/auto/matrixType12.xml
----------------- Instantiating /home/travis/build/icyphy/ptII/ptolemy/actor/lib/test/auto/matrixType12.xml
1 ms. Memory: 1783808K Free: 1145685K (64%)
----------------- Invoking toplevel() on ptolemy.moml.MoMLSimpleApplication@5e565c95
----------------- Done invoking toplevel() on ptolemy.moml.MoMLSimpleApplication@5e565c95
reloadAllAccessors: .matrixType12

===========================================================================================
----------------- testing Wed Dec 05 02:55:42 UTC 2018 /home/travis/build/icyphy/ptII/ptolemy/actor/lib/test/auto/matrixType13.xml
----------------- Instantiating /home/travis/build/icyphy/ptII/ptolemy/actor/lib/test/auto/matrixType13.xml
1 ms. Memory: 1783808K Free: 1129024K (63%)
----------------- Invoking toplevel() on ptolemy.moml.MoMLSimpleApplication@18f45279
----------------- Done invoking toplevel() on ptolemy.moml.MoMLSimpleApplication@18f45279
reloadAllAccessors: .matrixType13

===========================================================================================
----------------- testing Wed Dec 05 02:55:42 UTC 2018 /home/travis/build/icyphy/ptII/ptolemy/actor/lib/test/auto/matrixType14.xml
----------------- Instantiating /home/travis/build/icyphy/ptII/ptolemy/actor/lib/test/auto/matrixType14.xml
1 ms. Memory: 1783808K Free: 1107971K (62%)
----------------- Invoking toplevel() on ptolemy.moml.MoMLSimpleApplication@63ef87e8
----------------- Done invoking toplevel() on ptolemy.moml.MoMLSimpleApplication@63ef87e8
reloadAllAccessors: .matrixType14

===========================================================================================
----------------- testing Wed Dec 05 02:55:42 UTC 2018 /home/travis/build/icyphy/ptII/ptolemy/actor/lib/test/auto/matrixType2.xml
----------------- Instantiating /home/travis/build/icyphy/ptII/ptolemy/actor/lib/test/auto/matrixType2.xml
1 ms. Memory: 1783808K Free: 1091310K (61%)
----------------- Invoking toplevel() on ptolemy.moml.MoMLSimpleApplication@f14bea7
----------------- Done invoking toplevel() on ptolemy.moml.MoMLSimpleApplication@f14bea7
reloadAllAccessors: .matrixType2

===========================================================================================
----------------- testing Wed Dec 05 02:55:42 UTC 2018 /home/travis/build/icyphy/ptII/ptolemy/actor/lib/test/auto/matrixType3.xml
----------------- Instantiating /home/travis/build/icyphy/ptII/ptolemy/actor/lib/test/auto/matrixType3.xml
1 ms. Memory: 1783808K Free: 1070257K (60%)
----------------- Invoking toplevel() on ptolemy.moml.MoMLSimpleApplication@7d59acfc
----------------- Done invoking toplevel() on ptolemy.moml.MoMLSimpleApplication@7d59acfc
reloadAllAccessors: .matrixType3

===========================================================================================
----------------- testing Wed Dec 05 02:55:42 UTC 2018 /home/travis/build/icyphy/ptII/ptolemy/actor/lib/test/auto/matrixType4.xml
----------------- Instantiating /home/travis/build/icyphy/ptII/ptolemy/actor/lib/test/auto/matrixType4.xml
2 ms. Memory: 1783808K Free: 1049204K (59%)
----------------- Invoking toplevel() on ptolemy.moml.MoMLSimpleApplication@5b7c7688
----------------- Done invoking toplevel() on ptolemy.moml.MoMLSimpleApplication@5b7c7688
reloadAllAccessors: .matrixType4

===========================================================================================
----------------- testing Wed Dec 05 02:55:42 UTC 2018 /home/travis/build/icyphy/ptII/ptolemy/actor/lib/test/auto/matrixType5.xml
----------------- Instantiating /home/travis/build/icyphy/ptII/ptolemy/actor/lib/test/auto/matrixType5.xml
1 ms. Memory: 1783808K Free: 1032543K (58%)
----------------- Invoking toplevel() on ptolemy.moml.MoMLSimpleApplication@7d1fa5d7
----------------- Done invoking toplevel() on ptolemy.moml.MoMLSimpleApplication@7d1fa5d7
reloadAllAccessors: .matrixType5

===========================================================================================
----------------- testing Wed Dec 05 02:55:42 UTC 2018 /home/travis/build/icyphy/ptII/ptolemy/actor/lib/test/auto/matrixType6.xml
----------------- Instantiating /home/travis/build/icyphy/ptII/ptolemy/actor/lib/test/auto/matrixType6.xml
1 ms. Memory: 1783808K Free: 1011490K (57%)
----------------- Invoking toplevel() on ptolemy.moml.MoMLSimpleApplication@7f41fa9d
----------------- Done invoking toplevel() on ptolemy.moml.MoMLSimpleApplication@7f41fa9d
reloadAllAccessors: .matrixType6

===========================================================================================
----------------- testing Wed Dec 05 02:55:42 UTC 2018 /home/travis/build/icyphy/ptII/ptolemy/actor/lib/test/auto/matrixType7.xml
----------------- Instantiating /home/travis/build/icyphy/ptII/ptolemy/actor/lib/test/auto/matrixType7.xml
1 ms. Memory: 1783808K Free: 994829K (56%)
----------------- Invoking toplevel() on ptolemy.moml.MoMLSimpleApplication@299f501d
----------------- Done invoking toplevel() on ptolemy.moml.MoMLSimpleApplication@299f501d
reloadAllAccessors: .matrixType7

===========================================================================================
----------------- testing Wed Dec 05 02:55:42 UTC 2018 /home/travis/build/icyphy/ptII/ptolemy/actor/lib/test/auto/matrixType8.xml
----------------- Instantiating /home/travis/build/icyphy/ptII/ptolemy/actor/lib/test/auto/matrixType8.xml
1 ms. Memory: 1783808K Free: 973776K (55%)
----------------- Invoking toplevel() on ptolemy.moml.MoMLSimpleApplication@71f0c618
----------------- Done invoking toplevel() on ptolemy.moml.MoMLSimpleApplication@71f0c618
reloadAllAccessors: .matrixType8

===========================================================================================
----------------- testing Wed Dec 05 02:55:42 UTC 2018 /home/travis/build/icyphy/ptII/ptolemy/actor/lib/test/auto/matrixType9.xml
----------------- Instantiating /home/travis/build/icyphy/ptII/ptolemy/actor/lib/test/auto/matrixType9.xml
1 ms. Memory: 1783808K Free: 957115K (54%)
----------------- Invoking toplevel() on ptolemy.moml.MoMLSimpleApplication@743ae91d
----------------- Done invoking toplevel() on ptolemy.moml.MoMLSimpleApplication@743ae91d
reloadAllAccessors: .matrixType9

===========================================================================================
----------------- testing Wed Dec 05 02:55:42 UTC 2018 /home/travis/build/icyphy/ptII/ptolemy/actor/lib/test/auto/paraFunctest.xml
----------------- Instantiating /home/travis/build/icyphy/ptII/ptolemy/actor/lib/test/auto/paraFunctest.xml
1 ms. Memory: 1783808K Free: 936062K (52%)
----------------- Invoking toplevel() on ptolemy.moml.MoMLSimpleApplication@11ef9090
----------------- Done invoking toplevel() on ptolemy.moml.MoMLSimpleApplication@11ef9090
reloadAllAccessors: .paraFunctest

===========================================================================================
----------------- testing Wed Dec 05 02:55:42 UTC 2018 /home/travis/build/icyphy/ptII/ptolemy/actor/lib/test/auto/paraFunctest2.xml
----------------- Instantiating /home/travis/build/icyphy/ptII/ptolemy/actor/lib/test/auto/paraFunctest2.xml
1 ms. Memory: 1783808K Free: 915008K (51%)
----------------- Invoking toplevel() on ptolemy.moml.MoMLSimpleApplication@26b371f1
----------------- Done invoking toplevel() on ptolemy.moml.MoMLSimpleApplication@26b371f1
reloadAllAccessors: .paraFunctest2

===========================================================================================
----------------- testing Wed Dec 05 02:55:42 UTC 2018 /home/travis/build/icyphy/ptII/ptolemy/actor/lib/test/auto/parameterPassing.xml
----------------- Instantiating /home/travis/build/icyphy/ptII/ptolemy/actor/lib/test/auto/parameterPassing.xml
1 ms. Memory: 1783808K Free: 898348K (50%)
----------------- Invoking toplevel() on ptolemy.moml.MoMLSimpleApplication@19cea446
----------------- Done invoking toplevel() on ptolemy.moml.MoMLSimpleApplication@19cea446
reloadAllAccessors: .parameterPassing

===========================================================================================
----------------- testing Wed Dec 05 02:55:42 UTC 2018 /home/travis/build/icyphy/ptII/ptolemy/actor/lib/test/auto/record.xml
----------------- Instantiating /home/travis/build/icyphy/ptII/ptolemy/actor/lib/test/auto/record.xml
2 ms. Memory: 1783808K Free: 877294K (49%)
----------------- Invoking toplevel() on ptolemy.moml.MoMLSimpleApplication@7d01522d
----------------- Done invoking toplevel() on ptolemy.moml.MoMLSimpleApplication@7d01522d
reloadAllAccessors: .record

===========================================================================================
----------------- testing Wed Dec 05 02:55:42 UTC 2018 /home/travis/build/icyphy/ptII/ptolemy/actor/lib/test/auto/sizedarray1.xml
----------------- Instantiating /home/travis/build/icyphy/ptII/ptolemy/actor/lib/test/auto/sizedarray1.xml
1 ms. Memory: 1783808K Free: 860634K (48%)
----------------- Invoking toplevel() on ptolemy.moml.MoMLSimpleApplication@5734ec44
----------------- Done invoking toplevel() on ptolemy.moml.MoMLSimpleApplication@5734ec44
reloadAllAccessors: .sizedarray1

===========================================================================================
----------------- testing Wed Dec 05 02:55:42 UTC 2018 /home/travis/build/icyphy/ptII/ptolemy/actor/lib/test/auto/sizedarray2.xml
----------------- Instantiating /home/travis/build/icyphy/ptII/ptolemy/actor/lib/test/auto/sizedarray2.xml
2 ms. Memory: 1783808K Free: 839580K (47%)
----------------- Invoking toplevel() on ptolemy.moml.MoMLSimpleApplication@11e3f954
----------------- Done invoking toplevel() on ptolemy.moml.MoMLSimpleApplication@11e3f954
reloadAllAccessors: .sizedarray2

===========================================================================================
----------------- testing Wed Dec 05 02:55:42 UTC 2018 /home/travis/build/icyphy/ptII/ptolemy/actor/lib/test/auto/twoPublishers.xml
----------------- Instantiating /home/travis/build/icyphy/ptII/ptolemy/actor/lib/test/auto/twoPublishers.xml
2 ms. Memory: 1783808K Free: 810197K (45%)
----------------- Invoking toplevel() on ptolemy.moml.MoMLSimpleApplication@6471fd84
----------------- Done invoking toplevel() on ptolemy.moml.MoMLSimpleApplication@6471fd84
reloadAllAccessors: .twoPublishers
AutoTests.java: About to close Vertx.
AutoTests.java: Vertx closed.
]]></system-out>
  <system-err><![CDATA[java.lang.RuntimeException: Execution failed
	at ptolemy.moml.MoMLSimpleApplication$UnloadThread.run(MoMLSimpleApplication.java:402)
Caused by: java.lang.RuntimeException: Normally, we would exit here because Manager.exitAfterWrapup() was called.  However, because the ptolemy.ptII.exitAfterWrapup property is set, we throw this exception instead.
	at ptolemy.util.StringUtilities.exit(StringUtilities.java:363)
	at ptolemy.actor.Manager.wrapup(Manager.java:1531)
	at ptolemy.actor.Manager.execute(Manager.java:407)
	at ptolemy.actor.Manager.run(Manager.java:1263)
	at ptolemy.actor.Manager$PtolemyRunThread.run(Manager.java:1915)
Warning: '.top.test' is in training mode, set the trainingMode parameter to false before checking in
Warning: '.top.test' is in training mode, set the trainingMode parameter to false before checking in
Warning: '.top.test' is in training mode, set the trainingMode parameter to false before checking in
Warning: '.BooleanSwitch_RegressionTest_WrongTrainingValues.Test' is in training mode, set the trainingMode parameter to false before checking in
Warning: '.BooleanSwitch_RegressionTest_WrongTrainingValues.Test2' is in training mode, set the trainingMode parameter to false before checking in
Warning: '.BooleanSwitch_RegressionTest_WrongTrainingValues.Test2' The test produced 0 tokens.
Warning: '.top.testExceptionHandler' is in training mode, set the trainingMode parameter to false before checking in
java.lang.RuntimeException: Execution failed
	at ptolemy.moml.MoMLSimpleApplication$UnloadThread.run(MoMLSimpleApplication.java:402)
Caused by: ptolemy.kernel.util.IllegalActionException: PublisherPorts cannot be used at the top level, use a Publisher actor instead.
  in .PublisherPortToplevelSubscriber.PublisherPort
	at ptolemy.actor.PublisherPort.preinitialize(PublisherPort.java:403)
	at ptolemy.actor.CompositeActor.preinitialize(CompositeActor.java:1769)
	at ptolemy.actor.Manager.preinitializeAndResolveTypes(Manager.java:1040)
	at ptolemy.actor.Manager.initialize(Manager.java:710)
	at ptolemy.actor.Manager.execute(Manager.java:356)
	at ptolemy.actor.Manager.run(Manager.java:1263)
	at ptolemy.actor.Manager$PtolemyRunThread.run(Manager.java:1915)
java.lang.reflect.InvocationTargetException
	at sun.reflect.NativeConstructorAccessorImpl.newInstance0(Native Method)
	at sun.reflect.NativeConstructorAccessorImpl.newInstance(NativeConstructorAccessorImpl.java:62)
	at sun.reflect.DelegatingConstructorAccessorImpl.newInstance(DelegatingConstructorAccessorImpl.java:45)
	at java.lang.reflect.Constructor.newInstance(Constructor.java:423)
	at ptolemy.util.test.junit.AutoKnownFailedTests.RunModel(AutoKnownFailedTests.java:105)
	at sun.reflect.NativeMethodAccessorImpl.invoke0(Native Method)
	at sun.reflect.NativeMethodAccessorImpl.invoke(NativeMethodAccessorImpl.java:62)
	at sun.reflect.DelegatingMethodAccessorImpl.invoke(DelegatingMethodAccessorImpl.java:43)
	at java.lang.reflect.Method.invoke(Method.java:498)
	at org.junit.runners.model.FrameworkMethod$1.runReflectiveCall(FrameworkMethod.java:44)
	at org.junit.internal.runners.model.ReflectiveCallable.run(ReflectiveCallable.java:15)
	at org.junit.runners.model.FrameworkMethod.invokeExplosively(FrameworkMethod.java:41)
	at junitparams.internal.InvokeParameterisedMethod.evaluate(InvokeParameterisedMethod.java:102)
	at org.junit.internal.runners.statements.FailOnTimeout$1.run(FailOnTimeout.java:28)
Caused by: ptolemy.kernel.util.IllegalActionException: PublisherPorts cannot be used at the top level, use a Publisher actor instead.
  in .PublisherPortToplevelSubscriber.PublisherPort
	at ptolemy.actor.PublisherPort.preinitialize(PublisherPort.java:403)
	at ptolemy.actor.CompositeActor.preinitialize(CompositeActor.java:1769)
	at ptolemy.actor.Manager.preinitializeAndResolveTypes(Manager.java:1040)
	at ptolemy.actor.Manager.initialize(Manager.java:710)
	at ptolemy.actor.Manager.execute(Manager.java:356)
	at ptolemy.actor.Manager.run(Manager.java:1263)
	at ptolemy.actor.Manager$PtolemyRunThread.run(Manager.java:1915)
java.lang.RuntimeException: Execution failed
	at ptolemy.moml.MoMLSimpleApplication$UnloadThread.run(MoMLSimpleApplication.java:402)
Caused by: ptolemy.kernel.util.IllegalActionException: SubscriberPorts cannot be used at the top level, use a Subscriber actor instead.
  in .PublisherSubscriberPortToplevel.SubscriberPort
	at ptolemy.actor.SubscriberPort.preinitialize(SubscriberPort.java:328)
	at ptolemy.actor.CompositeActor.preinitialize(CompositeActor.java:1769)
	at ptolemy.actor.Manager.preinitializeAndResolveTypes(Manager.java:1040)
	at ptolemy.actor.Manager.initialize(Manager.java:710)
	at ptolemy.actor.Manager.execute(Manager.java:356)
	at ptolemy.actor.Manager.run(Manager.java:1263)
	at ptolemy.actor.Manager$PtolemyRunThread.run(Manager.java:1915)
java.lang.reflect.InvocationTargetException
	at sun.reflect.NativeConstructorAccessorImpl.newInstance0(Native Method)
	at sun.reflect.NativeConstructorAccessorImpl.newInstance(NativeConstructorAccessorImpl.java:62)
	at sun.reflect.DelegatingConstructorAccessorImpl.newInstance(DelegatingConstructorAccessorImpl.java:45)
	at java.lang.reflect.Constructor.newInstance(Constructor.java:423)
	at ptolemy.util.test.junit.AutoKnownFailedTests.RunModel(AutoKnownFailedTests.java:105)
	at sun.reflect.NativeMethodAccessorImpl.invoke0(Native Method)
	at sun.reflect.NativeMethodAccessorImpl.invoke(NativeMethodAccessorImpl.java:62)
	at sun.reflect.DelegatingMethodAccessorImpl.invoke(DelegatingMethodAccessorImpl.java:43)
	at java.lang.reflect.Method.invoke(Method.java:498)
	at org.junit.runners.model.FrameworkMethod$1.runReflectiveCall(FrameworkMethod.java:44)
	at org.junit.internal.runners.model.ReflectiveCallable.run(ReflectiveCallable.java:15)
	at org.junit.runners.model.FrameworkMethod.invokeExplosively(FrameworkMethod.java:41)
	at junitparams.internal.InvokeParameterisedMethod.evaluate(InvokeParameterisedMethod.java:102)
	at org.junit.internal.runners.statements.FailOnTimeout$1.run(FailOnTimeout.java:28)
Caused by: ptolemy.kernel.util.IllegalActionException: SubscriberPorts cannot be used at the top level, use a Subscriber actor instead.
  in .PublisherSubscriberPortToplevel.SubscriberPort
	at ptolemy.actor.SubscriberPort.preinitialize(SubscriberPort.java:328)
	at ptolemy.actor.CompositeActor.preinitialize(CompositeActor.java:1769)
	at ptolemy.actor.Manager.preinitializeAndResolveTypes(Manager.java:1040)
	at ptolemy.actor.Manager.initialize(Manager.java:710)
	at ptolemy.actor.Manager.execute(Manager.java:356)
	at ptolemy.actor.Manager.run(Manager.java:1263)
	at ptolemy.actor.Manager$PtolemyRunThread.run(Manager.java:1915)
java.lang.RuntimeException: Execution failed
	at ptolemy.moml.MoMLSimpleApplication$UnloadThread.run(MoMLSimpleApplication.java:402)
Caused by: ptolemy.kernel.util.IllegalActionException: SubscriptionAggregatorPorts cannot be used at the top level, use a SubscriptionAggregator actor instead.
  in .PublisherSubscriptionAggregatorPort.SubscriptionAggregatorPort
	at ptolemy.actor.SubscriptionAggregatorPort.preinitialize(SubscriptionAggregatorPort.java:353)
	at ptolemy.actor.CompositeActor.preinitialize(CompositeActor.java:1769)
	at ptolemy.actor.Manager.preinitializeAndResolveTypes(Manager.java:1040)
	at ptolemy.actor.Manager.initialize(Manager.java:710)
	at ptolemy.actor.Manager.execute(Manager.java:356)
	at ptolemy.actor.Manager.run(Manager.java:1263)
	at ptolemy.actor.Manager$PtolemyRunThread.run(Manager.java:1915)
java.lang.reflect.InvocationTargetException
	at sun.reflect.NativeConstructorAccessorImpl.newInstance0(Native Method)
	at sun.reflect.NativeConstructorAccessorImpl.newInstance(NativeConstructorAccessorImpl.java:62)
	at sun.reflect.DelegatingConstructorAccessorImpl.newInstance(DelegatingConstructorAccessorImpl.java:45)
	at java.lang.reflect.Constructor.newInstance(Constructor.java:423)
	at ptolemy.util.test.junit.AutoKnownFailedTests.RunModel(AutoKnownFailedTests.java:105)
	at sun.reflect.NativeMethodAccessorImpl.invoke0(Native Method)
	at sun.reflect.NativeMethodAccessorImpl.invoke(NativeMethodAccessorImpl.java:62)
	at sun.reflect.DelegatingMethodAccessorImpl.invoke(DelegatingMethodAccessorImpl.java:43)
	at java.lang.reflect.Method.invoke(Method.java:498)
	at org.junit.runners.model.FrameworkMethod$1.runReflectiveCall(FrameworkMethod.java:44)
	at org.junit.internal.runners.model.ReflectiveCallable.run(ReflectiveCallable.java:15)
	at org.junit.runners.model.FrameworkMethod.invokeExplosively(FrameworkMethod.java:41)
	at junitparams.internal.InvokeParameterisedMethod.evaluate(InvokeParameterisedMethod.java:102)
	at org.junit.internal.runners.statements.FailOnTimeout$1.run(FailOnTimeout.java:28)
Caused by: ptolemy.kernel.util.IllegalActionException: SubscriptionAggregatorPorts cannot be used at the top level, use a SubscriptionAggregator actor instead.
  in .PublisherSubscriptionAggregatorPort.SubscriptionAggregatorPort
	at ptolemy.actor.SubscriptionAggregatorPort.preinitialize(SubscriptionAggregatorPort.java:353)
	at ptolemy.actor.CompositeActor.preinitialize(CompositeActor.java:1769)
	at ptolemy.actor.Manager.preinitializeAndResolveTypes(Manager.java:1040)
	at ptolemy.actor.Manager.initialize(Manager.java:710)
	at ptolemy.actor.Manager.execute(Manager.java:356)
	at ptolemy.actor.Manager.run(Manager.java:1263)
	at ptolemy.actor.Manager$PtolemyRunThread.run(Manager.java:1915)
java.lang.RuntimeException: Execution failed
	at ptolemy.moml.MoMLSimpleApplication$UnloadThread.run(MoMLSimpleApplication.java:402)
Caused by: ptolemy.kernel.util.IllegalActionException: TypeTest actor has no training data.
  in .sizedarray3.TypeTest
	at ptolemy.actor.lib.TypeTest.initialize(TypeTest.java:250)
	at ptolemy.actor.Director.initialize(Director.java:938)
	at ptolemy.actor.Director.initialize(Director.java:907)
	at ptolemy.actor.sched.StaticSchedulingDirector.initialize(StaticSchedulingDirector.java:159)
	at ptolemy.domains.sdf.kernel.SDFDirector.initialize(SDFDirector.java:544)
	at ptolemy.actor.CompositeActor.initialize(CompositeActor.java:935)
	at ptolemy.actor.Manager.initialize(Manager.java:724)
	at ptolemy.actor.Manager.execute(Manager.java:356)
	at ptolemy.actor.Manager.run(Manager.java:1263)
	at ptolemy.actor.Manager$PtolemyRunThread.run(Manager.java:1915)
java.lang.reflect.InvocationTargetException
	at sun.reflect.NativeConstructorAccessorImpl.newInstance0(Native Method)
	at sun.reflect.NativeConstructorAccessorImpl.newInstance(NativeConstructorAccessorImpl.java:62)
	at sun.reflect.DelegatingConstructorAccessorImpl.newInstance(DelegatingConstructorAccessorImpl.java:45)
	at java.lang.reflect.Constructor.newInstance(Constructor.java:423)
	at ptolemy.util.test.junit.AutoKnownFailedTests.RunModel(AutoKnownFailedTests.java:105)
	at sun.reflect.NativeMethodAccessorImpl.invoke0(Native Method)
	at sun.reflect.NativeMethodAccessorImpl.invoke(NativeMethodAccessorImpl.java:62)
	at sun.reflect.DelegatingMethodAccessorImpl.invoke(DelegatingMethodAccessorImpl.java:43)
	at java.lang.reflect.Method.invoke(Method.java:498)
	at org.junit.runners.model.FrameworkMethod$1.runReflectiveCall(FrameworkMethod.java:44)
	at org.junit.internal.runners.model.ReflectiveCallable.run(ReflectiveCallable.java:15)
	at org.junit.runners.model.FrameworkMethod.invokeExplosively(FrameworkMethod.java:41)
	at junitparams.internal.InvokeParameterisedMethod.evaluate(InvokeParameterisedMethod.java:102)
	at org.junit.internal.runners.statements.FailOnTimeout$1.run(FailOnTimeout.java:28)
Caused by: ptolemy.kernel.util.IllegalActionException: TypeTest actor has no training data.
  in .sizedarray3.TypeTest
	at ptolemy.actor.lib.TypeTest.initialize(TypeTest.java:250)
	at ptolemy.actor.Director.initialize(Director.java:938)
	at ptolemy.actor.Director.initialize(Director.java:907)
	at ptolemy.actor.sched.StaticSchedulingDirector.initialize(StaticSchedulingDirector.java:159)
	at ptolemy.domains.sdf.kernel.SDFDirector.initialize(SDFDirector.java:544)
	at ptolemy.actor.CompositeActor.initialize(CompositeActor.java:935)
	at ptolemy.actor.Manager.initialize(Manager.java:724)
	at ptolemy.actor.Manager.execute(Manager.java:356)
	at ptolemy.actor.Manager.run(Manager.java:1263)
	at ptolemy.actor.Manager$PtolemyRunThread.run(Manager.java:1915)
]]></system-err>
</testsuite>
