<?xml version="1.0" encoding="UTF-8" ?>
<testsuite errors="0" failures="0" hostname="travis-job-be3ba7b3-677f-4aac-8b17-14cbb26bcd0e" name="ptolemy.domains.de.test.junit.JUnitTclTest" skipped="0" tests="101" time="125.909" timestamp="2019-04-02T04:14:28">
  <properties>
    <property name="npm.executable" value="npm" />
    <property name="file.encoding.pkg" value="sun.io" />
    <property name="env.TRAVIS_ROOT" value="/" />
    <property name="ptII.mk.exists" value="true" />
    <property name="env.TRAVIS_APP_HOST" value="build.travis-ci.org" />
    <property name="env.rvm_bin_path" value="/home/travis/.rvm/bin" />
    <property name="java.home" value="/usr/lib/jvm/java-8-oracle/jre" />
    <property name="env.TRAVIS_JOB_NUMBER" value="1070.9" />
    <property name="env.TRAVIS_HOME" value="/home/travis" />
    <property name="env.DISPLAY" value=":99.0" />
    <property name="java.net.preferIPv4Stack" value="true" />
    <property name="env.TRAVIS_INIT" value="upstart" />
    <property name="env.SSH_TTY" value="/dev/pts/0" />
    <property name="env.RUN_TESTS" value="true" />
    <property name="timeout.short" value="1000000" />
    <property name="env.TRAVIS_JOB_NAME" value="" />
    <property name="env.TRAVIS_STACK_NODE_ATTRIBUTES" value="/.node-attributes.yml" />
    <property name="junit.formatter" value="xml" />
    <property name="java.endorsed.dirs" value="/usr/lib/jvm/java-8-oracle/jre/lib/endorsed" />
    <property name="env.TRAVIS_SUDO" value="true" />
    <property name="env.LOGNAME" value="travis" />
    <property name="jsdoc.home" value="node_modules/@terraswarm/jsdoc" />
    <property name="debuglevel" value="source,lines,vars" />
    <property name="checkstyle.formatter" value="xml" />
    <property name="bin.vergil.makeable" value="true" />
    <property name="env._system_version" value="14.04" />
    <property name="sun.os.patch.level" value="unknown" />
    <property name="java.vendor.url" value="http://java.oracle.com/" />
    <property name="env.TRAVIS_BUILD_WEB_URL" value="https://travis-ci.org/icyphy/ptII/builds/514482299" />
    <property name="java.version" value="1.8.0_151" />
    <property name="env.TZ" value="UTC" />
    <property name="env.PT_NO_NET" value="true" />
    <property name="env.TRAVIS_PULL_REQUEST_SHA" value="" />
    <property name="env.TRAVIS_SECURE_ENV_VARS" value="true" />
    <property name="env._system_type" value="Linux" />
    <property name="java.vendor.url.bug" value="http://bugreport.sun.com/bugreport/" />
    <property name="env.SSH_CLIENT" value="10.10.16.8 44790 22" />
    <property name="npmjs-org-is-up" value="true" />
    <property name="env.GEM_HOME" value="/home/travis/.rvm/gems/ruby-2.4.1" />
    <property name="env.HAS_ANTARES_THREE_LITTLE_FRONZIES_BADGE" value="true" />
    <property name="env.PS4" value="+" />
    <property name="ant.project.invoked-targets" value="build,test.core2.xml" />
    <property name="env.TRAVIS_PULL_REQUEST_BRANCH" value="" />
    <property name="env.TRAVIS_REPO_SLUG" value="icyphy/ptII" />
    <property name="env.TRAVIS_APT_PROXY" value="http://build-cache.travisci.net" />
    <property name="node.in.path" value="true" />
    <property name="java.maxmemory" value="1400m" />
    <property name="env.RUBY_VERSION" value="ruby-2.4.1" />
    <property name="user.name" value="travis" />
    <property name="env.LANG" value="en_US.UTF-8" />
    <property name="sun.io.unicode.encoding" value="UnicodeLittle" />
    <property name="sun.jnu.encoding" value="UTF-8" />
    <property name="java.runtime.name" value="Java(TM) SE Runtime Environment" />
    <property name="usefile" value="false" />
    <property name="return.code" value="0" />
    <property name="junit.single.formatter" value="plain" />
    <property name="env.DYLD_LIBRARY_PATH" value="/home/travis/pthla/certi-tools/lib:" />
    <property name="env.DEBIAN_FRONTEND" value="noninteractive" />
    <property name="env.SSH_CONNECTION" value="10.10.16.8 44790 10.20.0.163 22" />
    <property name="env.MYSQL_UNIX_PORT" value="/var/run/mysqld/mysqld.sock" />
    <property name="env.TRAVIS_ALLOW_FAILURE" value="false" />
    <property name="env.LC_ALL" value="en_US.UTF-8" />
    <property name="env.TRAVIS_JOB_WEB_URL" value="https://travis-ci.org/icyphy/ptII/jobs/514482308" />
    <property name="java.specification.name" value="Java Platform API Specification" />
    <property name="node.works" value="true" />
    <property name="user.timezone" value="" />
    <property name="path.separator" value=":" />
    <property name="env.TRAVIS_ENABLE_INFRA_DETECTION" value="true" />
    <property name="env.PYTHON_CFLAGS" value="-g -fstack-protector --param=ssp-buffer-size=4 -Wformat -Werror=format-security" />
    <property name="timeout.long" value="4000000" />
    <property name="env.CERTI_HOME" value="/home/travis/pthla/certi-tools" />
    <property name="file.encoding" value="UTF-8" />
    <property name="ant.file.ptII" value="/home/travis/build/icyphy/ptII/build.xml" />
    <property name="javadoc.packagenames" value="com.*,diva.*,lbnl.*,org.hlacerti.*,org.json.*,org.ptolemy.*,org.terraswarm.*,ptolemy.*,ptserver.*" />
    <property name="env.TRAVIS_PULL_REQUEST_SLUG" value="" />
    <property name="ant.project.default-target" value="build" />
    <property name="env.GIT_ASKPASS" value="echo" />
    <property name="env.HOME" value="/home/travis" />
    <property name="sun.java.command" value="org.apache.tools.ant.taskdefs.optional.junit.JUnitTestRunner ptolemy.domains.de.test.junit.JUnitTclTest skipNonTests=false filtertrace=true haltOnError=false haltOnFailure=false formatter=org.apache.tools.ant.taskdefs.optional.junit.OutErrSummaryJUnitResultFormatter showoutput=true outputtoformatters=true logfailedtests=true threadid=0 logtestlistenerevents=false formatter=org.apache.tools.ant.taskdefs.optional.junit.XMLJUnitResultFormatter,/home/travis/build/icyphy/ptII/reports/junit/TEST-ptolemy.domains.de.test.junit.JUnitTclTest.xml crashfile=/home/travis/build/icyphy/ptII/junitvmwatcher6513867862881510302.properties propsfile=/home/travis/build/icyphy/ptII/junit8124226450004314569.properties" />
    <property name="env.MANPATH" value="/home/travis/.nvm/versions/node/v7.10.1/share/man:/home/travis/.kiex/elixirs/elixir-1.4.5/man:/home/travis/.rvm/rubies/ruby-2.4.1/share/man:/usr/local/man:/usr/local/cmake-3.9.2/man:/usr/local/clang-5.0.0/share/man:/usr/local/share/man:/usr/share/man:/home/travis/.rvm/man" />
    <property name="env.COMPOSER_NO_INTERACTION" value="1" />
    <property name="env.JDK_SWITCHER_DEFAULT" value="oraclejdk8" />
    <property name="env.TRAVIS_TIMER_ID" value="17d231e0" />
    <property name="ant.file" value="/home/travis/build/icyphy/ptII/build.xml" />
    <property name="env.TRAVIS_COMMIT_RANGE" value="957937ed47d2203b072c1ffe922bf40d236472ed...779d1b852c9e60806072503222d54fd2abd3548d" />
    <property name="env._system_name" value="Ubuntu" />
    <property name="timeout" value="2400000" />
    <property name="ptII.classpath.optional.property" value="/home/travis/build/icyphy/ptII/lib/bsh-2.0b4.jar:/home/travis/build/icyphy/ptII/lib/ptCal.jar:/home/travis/build/icyphy/ptII/lib/java_cup.jar:/home/travis/build/icyphy/ptII/lib/saxon8.jar:/home/travis/build/icyphy/ptII/lib/saxon8-dom.jar:/home/travis/build/icyphy/ptII/lib/chic.jar:/home/travis/build/icyphy/ptII/lib/ptcolt.jar:/usr/lib/jvm/java-8-oracle/lib/tools.jar:/home/travis/build/icyphy/ptII/vendors/misc/itext/iText.jar:/home/travis/build/icyphy/ptII/lib/g4ltl.jar:/home/travis/build/icyphy/ptII/lib/StructuralCoder.jar:/home/travis/build/icyphy/ptII/vendors/jai-1_1_2_01/lib/jai_core.jar:/home/travis/build/icyphy/ptII/vendors/jai-1_1_2_01/lib/jai_codec.jar:/home/travis/build/icyphy/ptII/lib/jcerti.jar:/home/travis/build/icyphy/ptII/lib/javax.mail.jar:/home/travis/build/icyphy/ptII/vendors/JMF-2.1.1e/lib/jmf.jar:/home/travis/build/icyphy/ptII/lib/jna-4.0.0-variadic.jar:/home/travis/build/icyphy/ptII/vendors/misc/joystick/Joystick.jar:/home/travis/build/icyphy/ptII/lib/ptjacl.jar:/home/travis/build/icyphy/ptII/lib/jsoup-1.8.2.jar:/home/travis/build/icyphy/ptII/lib/junit-4.8.2.jar:/home/travis/build/icyphy/ptII/lib/JUnitParams-0.4.0.jar:/home/travis/build/icyphy/ptII/ptolemy/actor/lib/excel/jxl.jar:/home/travis/build/icyphy/ptII/lib/jython.jar:/home/travis/build/icyphy/ptII/lib/kieler.jar:/home/travis/build/icyphy/ptII/vendors/opencv/share/OpenCV/java/opencv-341.jar:/home/travis/build/icyphy/ptII/lib/oscP5.jar:/home/travis/build/icyphy/ptII/lib/nrjavaserial-3.11.0.devel.jar:/home/travis/build/icyphy/ptII/vendors/j3d/lib/j3dcore.jar:/home/travis/build/icyphy/ptII/vendors/j3d/lib/j3dutils.jar:/home/travis/build/icyphy/ptII/vendors/j3d/lib/vecmath.jar:/home/travis/build/icyphy/ptII/ptolemy/distributed/jini/jar/jini-core.jar:/home/travis/build/icyphy/ptII/ptolemy/distributed/jini/jar/jini-ext.jar:/home/travis/build/icyphy/ptII/ptolemy/distributed/jini/jar/sun-util.jar:/home/travis/build/icyphy/ptII/lib/protobuf-java-2.4.1.jar:/home/travis/build/icyphy/ptII/lib/org.eclipse.paho.client.mqttv3.jar:/home/travis/build/icyphy/ptII/lib/mapss.jar:/home/travis/build/icyphy/ptII/ptolemy/actor/ptalon/antlr/antlr.jar:/home/travis/build/icyphy/ptII/lib/JRI.jar:/home/travis/build/icyphy/ptII/lib/commons-lang-2.6.jar:/home/travis/build/icyphy/ptII/lib/commons-logging-1.1.1.jar:/home/travis/build/icyphy/ptII/lib/sootclasses.jar:/home/travis/build/icyphy/ptII/ptolemy/actor/lib/database/mysql-connector-java-5.1.6-bin.jar:/home/travis/build/icyphy/ptII/vendors/misc/sphinx4/sphinx4-data-5prealpha.jar:/home/travis/build/icyphy/ptII/vendors/misc/sphinx4/sphinx4-core-5prealpha.jar:/home/travis/build/icyphy/ptII/lib/PDFRenderer.jar:/home/travis/build/icyphy/ptII/lib/svgSalamander.jar:/home/travis/build/icyphy/ptII/lib/rsyntaxtextarea-2.6.0-SNAPSHOT.jar:/home/travis/build/icyphy/ptII/lib/hazelcast-3.8.2.jar:/home/travis/build/icyphy/ptII/lib/jackson-annotations-2.9.0.jar:/home/travis/build/icyphy/ptII/lib/jackson-core-2.9.3.jar:/home/travis/build/icyphy/ptII/lib/jackson-databind-2.9.3.jar:/home/travis/build/icyphy/ptII/lib/netty-buffer-4.1.19.Final.jar:/home/travis/build/icyphy/ptII/lib/netty-codec-4.1.19.Final.jar:/home/travis/build/icyphy/ptII/lib/netty-codec-dns-4.1.19.Final.jar:/home/travis/build/icyphy/ptII/lib/netty-codec-http-4.1.19.Final.jar:/home/travis/build/icyphy/ptII/lib/netty-codec-http2-4.1.19.Final.jar:/home/travis/build/icyphy/ptII/lib/netty-common-4.1.19.Final.jar:/home/travis/build/icyphy/ptII/lib/netty-handler-4.1.19.Final.jar:/home/travis/build/icyphy/ptII/lib/netty-resolver-4.1.19.Final.jar:/home/travis/build/icyphy/ptII/lib/netty-resolver-dns-4.1.19.Final.jar:/home/travis/build/icyphy/ptII/lib/netty-transport-4.1.19.Final.jar:/home/travis/build/icyphy/ptII/lib/vertx-codegen-3.5.1.jar:/home/travis/build/icyphy/ptII/lib/vertx-core-3.5.2-SNAPSHOT.jar:/home/travis/build/icyphy/ptII/lib/vertx-hazelcast-3.5.1.jar:/home/travis/build/icyphy/ptII/lib/vertx-lang-js-3.5.1.jar:/home/travis/build/icyphy/ptII/lib/vertx-service-proxy-3.5.1.jar:/home/travis/build/icyphy/ptII/lib/vertx-web-3.5.1.jar:/home/travis/build/icyphy/ptII/lib/slf4j-api-1.7.13.jar:/home/travis/build/icyphy/ptII/lib/slf4j-simple-1.7.13.jar:/home/travis/build/icyphy/ptII/lib/webcam-capture-0.3.12.jar:/home/travis/build/icyphy/ptII/lib/bridj-0.7.0.jar:/home/travis/build/icyphy/ptII/lib/xbjlib-1.1.0.nrjavaserial.jar" />
    <property name="test.batch" value="**/junit/*.java" />
    <property name="env._" value="/usr/bin/timeout" />
    <property name="java.io.tmpdir" value="/tmp" />
    <property name="env.TRAVIS_INTERNAL_RUBY_REGEX" value="^ruby-(2\.[0-4]\.[0-9]|1\.9\.3)" />
    <property name="user.language" value="en" />
    <property name="env.HISTCONTROL" value="ignoredups:ignorespace" />
    <property name="env.GOROOT" value="/home/travis/.gimme/versions/go1.7.4.linux.amd64" />
    <property name="line.separator" value="&#xa;" />
    <property name="target" value="1.8" />
    <property name="env.TRAVIS_BUILD_DIR" value="/home/travis/build/icyphy/ptII" />
    <property name="env.ANT_OPTS" value="-Xmx2048m" />
    <property name="ant.file.type" value="file" />
    <property name="ptolemy.ptII.batchMode" value="true" />
    <property name="env.HISTSIZE" value="1000" />
    <property name="env.MERB_ENV" value="test" />
    <property name="java.vm.info" value="mixed mode" />
    <property name="source" value="1.8" />
    <property name="java.vm.specification.name" value="Java Virtual Machine Specification" />
    <property name="env.TRAVIS_TEST_RESULT" value="0" />
    <property name="jsdoc.command" value="node_modules/@terraswarm/jsdoc/jsdoc.js" />
    <property name="npm.works" value="true" />
    <property name="cobertura.dir" value="/home/travis/build/icyphy/ptII/vendors/cobertura-2.0.3" />
    <property name="env.rvm_path" value="/home/travis/.rvm" />
    <property name="env.GEM_PATH" value="/home/travis/.rvm/gems/ruby-2.4.1:/home/travis/.rvm/gems/ruby-2.4.1@global" />
    <property name="env.LC_CTYPE" value="en_US.UTF-8" />
    <property name="java.awt.printerjob" value="sun.print.PSPrinterJob" />
    <property name="env.TRAVIS_CMD" value="$PTII/bin/ptIITravisBuild.sh $SECONDS" />
    <property name="env.TRAVIS_STACK_NAME" value="garnet" />
    <property name="env.TRAVIS_TIMER_START_TIME" value="1554177954303429034" />
    <property name="ant.version" value="Apache Ant(TM) version 1.10.1 compiled on February 2 2017" />
    <property name="ptII.reports" value="/home/travis/build/icyphy/ptII/reports" />
    <property name="env.TRAVIS_STACK_TIMESTAMP" value="2017-12-05 19:33:09 UTC" />
    <property name="ant.file.type.ptII" value="file" />
    <property name="env.RBENV_SHELL" value="bash" />
    <property name="os.name" value="Linux" />
    <property name="java.specification.vendor" value="Oracle Corporation" />
    <property name="env.rvm_version" value="1.29.3 (latest)" />
    <property name="env.TRAVIS_INFRA" value="gce" />
    <property name="env.TERM" value="xterm" />
    <property name="java.vm.name" value="Java HotSpot(TM) 64-Bit Server VM" />
    <property name="env.TRAVIS_BUILD_NUMBER" value="1070" />
    <property name="env.CI" value="true" />
    <property name="java.library.path" value="/home/travis/pthla/certi-tools/lib:/usr/lib/jni:/usr/local/share/OpenCV/java/:/usr/share/OpenCV/java::/usr/java/packages/lib/amd64:/usr/lib64:/lib64:/lib:/usr/lib" />
    <property name="env.rvm_prefix" value="/home/travis" />
    <property name="env.PATH" value="/home/travis/pthla/certi-tools/share/scripts:/home/travis/.rvm/gems/ruby-2.4.1/bin:/home/travis/.rvm/gems/ruby-2.4.1@global/bin:/home/travis/.rvm/rubies/ruby-2.4.1/bin:/home/travis/.rvm/bin:/home/travis/.nvm/versions/node/v7.10.1/bin:./node_modules/.bin:/home/travis/build/icyphy/ptII/bin:/home/travis/pthla/certi-tools/bin:/home/travis/bin:/home/travis/.local/bin:/opt/pyenv/shims:/home/travis/.phpenv/shims:/home/travis/perl5/perlbrew/bin:/home/travis/.kiex/elixirs/elixir-1.4.5/bin:/home/travis/.kiex/bin:/home/travis/gopath/bin:/home/travis/.gimme/versions/go1.7.4.linux.amd64/bin:/usr/local/phantomjs/bin:/usr/local/phantomjs:/usr/local/neo4j-3.2.7/bin:/usr/local/maven-3.5.2/bin:/usr/local/cmake-3.9.2/bin:/usr/local/clang-5.0.0/bin:/usr/local/sbin:/usr/local/bin:/usr/sbin:/usr/bin:/sbin:/bin:/home/travis/.phpenv/bin:/opt/pyenv/bin:/home/travis/.yarn/bin" />
    <property name="env.TRAVIS_OS_NAME" value="linux" />
    <property name="ant.java.version" value="1.8" />
    <property name="basedir" value="/home/travis/build/icyphy/ptII" />
    <property name="java.class.version" value="52.0" />
    <property name="env.SHLVL" value="3" />
    <property name="env.LD_LIBRARY_PATH" value="/home/travis/pthla/certi-tools/lib:/usr/lib/jni:/usr/local/share/OpenCV/java/:/usr/share/OpenCV/java:" />
    <property name="env.RACK_ENV" value="test" />
    <property name="ant.home" value="/home/travis/build/icyphy/ptII/ant" />
    <property name="env.PERLBREW_BASHRC_VERSION" value="0.80" />
    <property name="env.NVM_DIR" value="/home/travis/.nvm" />
    <property name="env.TRAVIS_BUILD_ID" value="514482299" />
    <property name="env.CERTI_FOM_PATH" value="/home/travis/pthla/certi-tools/share/federations" />
    <property name="env.PYENV_ROOT" value="/opt/pyenv" />
    <property name="env.TRAVIS_UID" value="2000" />
    <property name="env.rvm_pretty_print_flag" value="auto" />
    <property name="env.NVM_BIN" value="/home/travis/.nvm/versions/node/v7.10.1/bin" />
    <property name="env.TRAVIS_COMMIT" value="779d1b852c9e60806072503222d54fd2abd3548d" />
    <property name="env._system_arch" value="x86_64" />
    <property name="node.executable" value="node" />
    <property name="sun.boot.library.path" value="/usr/lib/jvm/java-8-oracle/jre/lib/amd64" />
    <property name="sun.management.compiler" value="HotSpot 64-Bit Tiered Compilers" />
    <property name="env.GOPATH" value="/home/travis/gopath" />
    <property name="java.awt.graphicsenv" value="sun.awt.X11GraphicsEnvironment" />
    <property name="ptolemy.ptII.dir" value="/home/travis/build/icyphy/ptII" />
    <property name="env.USER" value="travis" />
    <property name="env.HISTFILESIZE" value="2000" />
    <property name="timeout.longest" value="19000000" />
    <property name="env.TRAVIS_STACK_FEATURES" value="basic cassandra chromium couchdb disabled-ipv6 docker docker-compose elasticsearch firefox go-toolchain google-chrome jdk memcached mongodb mysql neo4j nodejs_interpreter perl_interpreter perlbrew phantomjs postgresql python_interpreter rabbitmq redis riak ruby_interpreter sqlite xserver" />
    <property name="env.TRAVIS_PULL_REQUEST" value="false" />
    <property name="env.PYENV_SHELL" value="bash" />
    <property name="ant.project.name" value="ptII" />
    <property name="java.vm.specification.version" value="1.8" />
    <property name="env.ANSI_RESET" value="\033[0m" />
    <property name="env.TRAVIS_DIST" value="trusty" />
    <property name="env.CERTI_VERSION" value="4.0.0" />
    <property name="env.NLSPATH" value="/usr/dt/lib/nls/msg/%L/%N.cat" />
    <property name="awt.toolkit" value="sun.awt.X11.XToolkit" />
    <property name="env.CERTI_HOST" value="localhost" />
    <property name="env.MY_RUBY_HOME" value="/home/travis/.rvm/rubies/ruby-2.4.1" />
    <property name="sun.cpu.isalist" value="" />
    <property name="env.TRAVIS_TMPDIR" value="/tmp/tmp.muKo5dS8Nz" />
    <property name="java.ext.dirs" value="/usr/lib/jvm/java-8-oracle/jre/lib/ext:/usr/java/packages/lib/ext" />
    <property name="os.version" value="4.4.0-101-generic" />
    <property name="user.home" value="/home/travis" />
    <property name="env.MIX_ARCHIVES" value="/home/travis/.kiex/mix/elixir-1.4.5" />
    <property name="java.vm.vendor" value="Oracle Corporation" />
    <property name="env.TRAVIS_TAG" value="nightly" />
    <property name="env.ANSI_YELLOW" value="\033[33;1m" />
    <property name="env.TRAVIS_FILTERED" value="redirect_io" />
    <property name="env.ANSI_GREEN" value="\033[32;1m" />
    <property name="env.JAVA_HOME" value="/usr/lib/jvm/java-8-oracle" />
    <property name="env.PTII" value="/home/travis/build/icyphy/ptII" />
    <property name="javadoc.excludepackagenames" value="adm.cvs2svn.*,build.*,config.*,doc.coding.templates.*,jni.test.jni.meaningOfLife.*,jni.test.jni.testDeux.*,jni.test.jni.testTrois.*,org.terraswarm.accessor.accessors.web.node_modules.*,org.terraswarm.accessor.accessors.web.hosts.cordova.demo.*,org.terraswarm.accessor.accessors.web.hosts.cordova.plugins.*,org.terraswarm.accessor.accessors-svn.*,pt-modules.*,ptolemy.apps.agilent.*,ptolemy.apps.anytimecontrol.*,ptolemy.apps.apes.*,ptolemy.apps.charon.*,ptolemy.apps.crazyboard.*,ptolemy.apps.eclipse.*,ptolemy.apps.etherealSting.*,ptolemy.apps.fullscreen.*,ptolemy.apps.giotto.*,ptolemy.apps.ia.*,ptolemy.apps.interfaces.*,ptolemy.apps.jmf.*,ptolemy.apps.kurt.*,ptolemy.apps.kvm.*,ptolemy.apps.lego.*,ptolemy.apps.lejos.*,ptolemy.apps.midp.*,ptolemy.apps.mobileCoding.*,ptolemy.apps.pendulum.*,ptolemy.apps.rijndael.*,ptolemy.apps.robot.*,ptolemy.apps.security.*,ptolemy.apps.sobel.*,ptolemy.apps.soot.*,ptolemy.apps.throttle.*,ptolemy.apps.tini.*,ptolemy.apps.transmission.*,ptolemy.apps.vergil.*,ptolemy.apps.waba.*,ptolemy.apps.websensor.*,ptolemy.apps.webstart.*,ptolemy.apps.xsl.*,ptolemy.apps.zaurus.*,ptolemy.codegen.c.actor.lib.oldJavaFiles.*,ptolemy.codegen.dsp.lib.*,ptolemy.codegen.kernel.newInterfaces.*,ptolemy.codegen.lib.*,ptolemy.copernicus.kernel.fragment.*,ptolemy.copernicus.shallow.cg.*,ptolemy.domains.giotto.demo.Hierarchy.Hierarchy.*,ptolemy.domains.giotto.demo.Multimode.Multimode.*,ptolemy.domains.giotto.demo.Simple.Simple.*,ptolemy.domains.gr.lib.experimental.*,ptolemy.domains.gro.*,ptolemy.domains.pdf.*,ptolemy.domains.ptinyos.demo.Surge.output.*,ptolemy.moml.test.NoPackageActor.java*,ptolemy.plot.adm.*,ptolemy.plot.servlet.*,reports.*,signed.*,src.*,target.*,vendors.*,ptolemy.apps.eclipse.awt.*,ptolemy.backtrack.*,ptolemy.backtrack.ast.*,ptolemy.cg.adapter.generic.program.procedural.c.mbed*,ptolemy.homer.*,org.ptolemy.scala.*,diva.util.java2d.svg.*,ptolemy.domains.ptinyos.*,ptolemy.actor.lib.fmi.fmipp.*,,org.terraswarm.accessor.accessors.web.node_modules.*,org.terraswarm.accessor.accessors-svn,ptolemy.apps.*,ptolemy.actor.ptalon.demo.ptinyos.SendAndReceiveCnt.output,ptolemy.actor.ptalon.demo.ptinyos.SenseToLeds.output,ptolemy.domains.ptinyos.demo.CntToLedsAndRfm.output,ptolemy.domains.ptinyos.demo.RfmToLeds.output,ptolemy.domains.ptinyos.demo.SendAndReceiveCnt.output,ptolemy.domains.ptinyos.demo.SenseToLeds.output,ptolemy.actor.lib.jjs.modules.udpSocket.*" />
    <property name="env.TRAVIS_COMMIT_MESSAGE" value="Adding comments in org/hlacerti/lib/HlaManager.java." />
    <property name="keystore" value="ptKeystore" />
    <property name="env.XDG_SESSION_ID" value="2" />
    <property name="junit.output.dir" value="/home/travis/build/icyphy/ptII/reports/junit" />
    <property name="npm.return.code" value="0" />
    <property name="user.dir" value="/home/travis/build/icyphy/ptII/ptolemy/domains/de/test" />
    <property name="env.TRAVIS_NODE_VERSION" value="7" />
    <property name="env.XFILESEARCHPATH" value="/usr/dt/app-defaults/%L/Dt" />
    <property name="env.TRAVIS_EVENT_TYPE" value="cron" />
    <property name="env.MAIL" value="/var/mail/travis" />
    <property name="env.PWD" value="/home/travis/build/icyphy/ptII" />
    <property name="env.PERLBREW_ROOT" value="/home/travis/perl5/perlbrew" />
    <property name="timeout.npm" value="45000" />
    <property name="env.PT_TRAVIS_TEST_CORE2_XML" value="true" />
    <property name="env.TRAVIS_ARCH" value="amd64" />
    <property name="env.PAGER" value="cat" />
    <property name="sun.cpu.endian" value="little" />
    <property name="env.TRAVIS_BUILD_STAGE_NAME" value="Test" />
    <property name="env.PERLBREW_HOME" value="/home/travis/.perlbrew" />
    <property name="env.RAILS_ENV" value="test" />
    <property name="java.vm.version" value="25.151-b12" />
    <property name="java.class.path" value="/home/travis/build/icyphy/ptII:/home/travis/build/icyphy/ptII/lib/bsh-2.0b4.jar:/home/travis/build/icyphy/ptII/lib/ptCal.jar:/home/travis/build/icyphy/ptII/lib/java_cup.jar:/home/travis/build/icyphy/ptII/lib/saxon8.jar:/home/travis/build/icyphy/ptII/lib/saxon8-dom.jar:/home/travis/build/icyphy/ptII/lib/chic.jar:/home/travis/build/icyphy/ptII/lib/ptcolt.jar:/usr/lib/jvm/java-8-oracle/lib/tools.jar:/home/travis/build/icyphy/ptII/vendors/misc/itext/iText.jar:/home/travis/build/icyphy/ptII/lib/g4ltl.jar:/home/travis/build/icyphy/ptII/lib/StructuralCoder.jar:/home/travis/build/icyphy/ptII/vendors/jai-1_1_2_01/lib/jai_core.jar:/home/travis/build/icyphy/ptII/vendors/jai-1_1_2_01/lib/jai_codec.jar:/home/travis/build/icyphy/ptII/lib/jcerti.jar:/home/travis/build/icyphy/ptII/lib/javax.mail.jar:/home/travis/build/icyphy/ptII/vendors/JMF-2.1.1e/lib/jmf.jar:/home/travis/build/icyphy/ptII/lib/jna-4.0.0-variadic.jar:/home/travis/build/icyphy/ptII/vendors/misc/joystick/Joystick.jar:/home/travis/build/icyphy/ptII/lib/ptjacl.jar:/home/travis/build/icyphy/ptII/lib/jsoup-1.8.2.jar:/home/travis/build/icyphy/ptII/lib/junit-4.8.2.jar:/home/travis/build/icyphy/ptII/lib/JUnitParams-0.4.0.jar:/home/travis/build/icyphy/ptII/ptolemy/actor/lib/excel/jxl.jar:/home/travis/build/icyphy/ptII/lib/jython.jar:/home/travis/build/icyphy/ptII/lib/kieler.jar:/home/travis/build/icyphy/ptII/vendors/opencv/share/OpenCV/java/opencv-341.jar:/home/travis/build/icyphy/ptII/lib/oscP5.jar:/home/travis/build/icyphy/ptII/lib/nrjavaserial-3.11.0.devel.jar:/home/travis/build/icyphy/ptII/vendors/j3d/lib/j3dcore.jar:/home/travis/build/icyphy/ptII/vendors/j3d/lib/j3dutils.jar:/home/travis/build/icyphy/ptII/vendors/j3d/lib/vecmath.jar:/home/travis/build/icyphy/ptII/ptolemy/distributed/jini/jar/jini-core.jar:/home/travis/build/icyphy/ptII/ptolemy/distributed/jini/jar/jini-ext.jar:/home/travis/build/icyphy/ptII/ptolemy/distributed/jini/jar/sun-util.jar:/home/travis/build/icyphy/ptII/lib/protobuf-java-2.4.1.jar:/home/travis/build/icyphy/ptII/lib/org.eclipse.paho.client.mqttv3.jar:/home/travis/build/icyphy/ptII/lib/mapss.jar:/home/travis/build/icyphy/ptII/ptolemy/actor/ptalon/antlr/antlr.jar:/home/travis/build/icyphy/ptII/lib/JRI.jar:/home/travis/build/icyphy/ptII/lib/commons-lang-2.6.jar:/home/travis/build/icyphy/ptII/lib/commons-logging-1.1.1.jar:/home/travis/build/icyphy/ptII/lib/sootclasses.jar:/home/travis/build/icyphy/ptII/ptolemy/actor/lib/database/mysql-connector-java-5.1.6-bin.jar:/home/travis/build/icyphy/ptII/vendors/misc/sphinx4/sphinx4-data-5prealpha.jar:/home/travis/build/icyphy/ptII/vendors/misc/sphinx4/sphinx4-core-5prealpha.jar:/home/travis/build/icyphy/ptII/lib/PDFRenderer.jar:/home/travis/build/icyphy/ptII/lib/svgSalamander.jar:/home/travis/build/icyphy/ptII/lib/rsyntaxtextarea-2.6.0-SNAPSHOT.jar:/home/travis/build/icyphy/ptII/lib/hazelcast-3.8.2.jar:/home/travis/build/icyphy/ptII/lib/jackson-annotations-2.9.0.jar:/home/travis/build/icyphy/ptII/lib/jackson-core-2.9.3.jar:/home/travis/build/icyphy/ptII/lib/jackson-databind-2.9.3.jar:/home/travis/build/icyphy/ptII/lib/netty-buffer-4.1.19.Final.jar:/home/travis/build/icyphy/ptII/lib/netty-codec-4.1.19.Final.jar:/home/travis/build/icyphy/ptII/lib/netty-codec-dns-4.1.19.Final.jar:/home/travis/build/icyphy/ptII/lib/netty-codec-http-4.1.19.Final.jar:/home/travis/build/icyphy/ptII/lib/netty-codec-http2-4.1.19.Final.jar:/home/travis/build/icyphy/ptII/lib/netty-common-4.1.19.Final.jar:/home/travis/build/icyphy/ptII/lib/netty-handler-4.1.19.Final.jar:/home/travis/build/icyphy/ptII/lib/netty-resolver-4.1.19.Final.jar:/home/travis/build/icyphy/ptII/lib/netty-resolver-dns-4.1.19.Final.jar:/home/travis/build/icyphy/ptII/lib/netty-transport-4.1.19.Final.jar:/home/travis/build/icyphy/ptII/lib/vertx-codegen-3.5.1.jar:/home/travis/build/icyphy/ptII/lib/vertx-core-3.5.2-SNAPSHOT.jar:/home/travis/build/icyphy/ptII/lib/vertx-hazelcast-3.5.1.jar:/home/travis/build/icyphy/ptII/lib/vertx-lang-js-3.5.1.jar:/home/travis/build/icyphy/ptII/lib/vertx-service-proxy-3.5.1.jar:/home/travis/build/icyphy/ptII/lib/vertx-web-3.5.1.jar:/home/travis/build/icyphy/ptII/lib/slf4j-api-1.7.13.jar:/home/travis/build/icyphy/ptII/lib/slf4j-simple-1.7.13.jar:/home/travis/build/icyphy/ptII/lib/webcam-capture-0.3.12.jar:/home/travis/build/icyphy/ptII/lib/bridj-0.7.0.jar:/home/travis/build/icyphy/ptII/lib/xbjlib-1.1.0.nrjavaserial.jar:/home/travis/build/icyphy/ptII/ptolemy/moml/test:/home/travis/build/icyphy/ptII/ant/lib/ant-launcher.jar:/home/travis/build/icyphy/ptII/ant/lib/ant.jar:/home/travis/build/icyphy/ptII/ant/lib/ant-junit.jar:/home/travis/build/icyphy/ptII/ant/lib/ant-junit4.jar" />
    <property name="ant.library.dir" value="/home/travis/build/icyphy/ptII/ant/lib" />
    <property name="os.arch" value="amd64" />
    <property name="env.TRAVIS_LANGUAGE" value="node_js" />
    <property name="env.CONTINUOUS_INTEGRATION" value="true" />
    <property name="env.TRAVIS_STACK_LANGUAGES" value="__garnet__ c c++ clojure cplusplus cpp default go groovy java node_js php pure_java python ruby scala" />
    <property name="test.name" value="ptolemy.actor.lib.test.junit.JUnitTclTest" />
    <property name="sun.java.launcher" value="SUN_STANDARD" />
    <property name="env.PYTHON_CONFIGURE_OPTS" value="--enable-unicode=ucs4 --with-wide-unicode --enable-shared --enable-ipv6 --enable-loadable-sqlite-extensions --with-computed-gotos" />
    <property name="ant.core.lib" value="/home/travis/build/icyphy/ptII/ant/lib/ant.jar" />
    <property name="java.vm.specification.vendor" value="Oracle Corporation" />
    <property name="env.BCVTB_HOME" value="/home/travis/build/icyphy/ptII/lbnl" />
    <property name="file.separator" value="/" />
    <property name="spotbugs.home" value="/home/travis/build/icyphy/ptII/vendors/spotbugs-3.1.1" />
    <property name="java.runtime.version" value="1.8.0_151-b12" />
    <property name="sun.boot.class.path" value="/usr/lib/jvm/java-8-oracle/jre/lib/resources.jar:/usr/lib/jvm/java-8-oracle/jre/lib/rt.jar:/usr/lib/jvm/java-8-oracle/jre/lib/sunrsasign.jar:/usr/lib/jvm/java-8-oracle/jre/lib/jsse.jar:/usr/lib/jvm/java-8-oracle/jre/lib/jce.jar:/usr/lib/jvm/java-8-oracle/jre/lib/charsets.jar:/usr/lib/jvm/java-8-oracle/jre/lib/jfr.jar:/usr/lib/jvm/java-8-oracle/jre/classes" />
    <property name="env.ANSI_CLEAR" value="\033[0K" />
    <property name="env.HAS_JOSH_K_SEAL_OF_APPROVAL" value="true" />
    <property name="env.XDG_RUNTIME_DIR" value="/run/user/2000" />
    <property name="env.TRAVIS_OSX_IMAGE" value="" />
    <property name="env.TRAVIS_BRANCH" value="master" />
    <property name="env.TRAVIS_JOB_ID" value="514482308" />
    <property name="user.country" value="US" />
    <property name="env.CERTI_HOME_TRAVIS" value="/home/travis/pthla/certi-tools" />
    <property name="env.SHELL" value="/bin/bash" />
    <property name="java.maxmemory.large" value="5000m" />
    <property name="model" value="" />
    <property name="env.CASHER_DIR" value="/home/travis/.casher" />
    <property name="env.NVM_CD_FLAGS" value="" />
    <property name="jshint.executable" value="/home/travis/node_modules/jshint/bin/jshint" />
    <property name="java.vendor" value="Oracle Corporation" />
    <property name="env.JRUBY_OPTS" value=" --client -J-XX:+TieredCompilation -J-XX:TieredStopAtLevel=1 -J-Xss2m -Xcompile.invokedynamic=false" />
    <property name="env.TRAVIS_PRE_CHEF_BOOTSTRAP_TIME" value="2017-12-05T19:32:55" />
    <property name="env.TRAVIS_STACK_JOB_BOARD_REGISTER" value="/.job-board-register.yml" />
    <property name="env.ELIXIR_VERSION" value="1.4.5" />
    <property name="env.ANSI_RED" value="\033[31;1m" />
    <property name="java.specification.version" value="1.8" />
    <property name="env.TRAVIS" value="true" />
    <property name="env.IRBRC" value="/home/travis/.rvm/rubies/ruby-2.4.1/.irbrc" />
    <property name="sun.arch.data.model" value="64" />
  </properties>
  <testcase classname="ptolemy.util.test.junit.TclTests" name="[0] /home/travis/build/icyphy/ptII/ptolemy/domains/de/test/DependencyLoop.tcl (RunTclFile)" time="0.68" />
  <testcase classname="ptolemy.util.test.junit.TclTests" name="[1] /home/travis/build/icyphy/ptII/ptolemy/domains/de/test/RunDETestsAsQSS.tcl (RunTclFile)" time="85.748" />
  <testcase classname="ptolemy.util.test.junit.AutoKnownFailedTests" name="[0] /home/travis/build/icyphy/ptII/ptolemy/domains/de/test/auto/knownFailedTests/DESDFClockTest.xml (RunModel)" time="2.035" />
  <testcase classname="ptolemy.util.test.junit.AutoKnownFailedTests" name="[1] /home/travis/build/icyphy/ptII/ptolemy/domains/de/test/auto/knownFailedTests/DirectFeedback.xml (RunModel)" time="0.013" />
  <testcase classname="ptolemy.util.test.junit.AutoKnownFailedTests" name="[2] /home/travis/build/icyphy/ptII/ptolemy/domains/de/test/auto/knownFailedTests/FSMSource.xml (RunModel)" time="0.023" />
  <testcase classname="ptolemy.util.test.junit.AutoKnownFailedTests" name="[3] /home/travis/build/icyphy/ptII/ptolemy/domains/de/test/auto/knownFailedTests/HierarchicalModel.xml (RunModel)" time="0.041" />
  <testcase classname="ptolemy.util.test.junit.AutoKnownFailedTests" name="[4] /home/travis/build/icyphy/ptII/ptolemy/domains/de/test/auto/knownFailedTests/dependencyLoop.xml (RunModel)" time="0.035" />
  <testcase classname="ptolemy.util.test.junit.AutoKnownFailedTests" name="[5] /home/travis/build/icyphy/ptII/ptolemy/domains/de/test/auto/knownFailedTests/dependencyLoop2.xml (RunModel)" time="0.033" />
  <testcase classname="ptolemy.util.test.junit.AutoNameArchTests" name="[0] ThereAreNoAutoArchTests (RunModel)" time="0.007" />
  <testcase classname="ptolemy.util.test.junit.AutoTests" name="[0] /home/travis/build/icyphy/ptII/ptolemy/domains/de/test/auto/ActorDepthCalculation_actorWithoutPorts.xml (RunModel)" time="0.025" />
  <testcase classname="ptolemy.util.test.junit.AutoTests" name="[1] /home/travis/build/icyphy/ptII/ptolemy/domains/de/test/auto/AssemblyLine.xml (RunModel)" time="0.02" />
  <testcase classname="ptolemy.util.test.junit.AutoTests" name="[2] /home/travis/build/icyphy/ptII/ptolemy/domains/de/test/auto/CQBug1.xml (RunModel)" time="0.012" />
  <testcase classname="ptolemy.util.test.junit.AutoTests" name="[3] /home/travis/build/icyphy/ptII/ptolemy/domains/de/test/auto/CancelFireAt.xml (RunModel)" time="0.007" />
  <testcase classname="ptolemy.util.test.junit.AutoTests" name="[4] /home/travis/build/icyphy/ptII/ptolemy/domains/de/test/auto/CausalityAndComposabilityAnalysis.xml (RunModel)" time="0.017" />
  <testcase classname="ptolemy.util.test.junit.AutoTests" name="[5] /home/travis/build/icyphy/ptII/ptolemy/domains/de/test/auto/CausalityInterface1.xml (RunModel)" time="0.014" />
  <testcase classname="ptolemy.util.test.junit.AutoTests" name="[6] /home/travis/build/icyphy/ptII/ptolemy/domains/de/test/auto/CausalityInterface15.xml (RunModel)" time="0.014" />
  <testcase classname="ptolemy.util.test.junit.AutoTests" name="[7] /home/travis/build/icyphy/ptII/ptolemy/domains/de/test/auto/CausalityInterface2.xml (RunModel)" time="0.016" />
  <testcase classname="ptolemy.util.test.junit.AutoTests" name="[8] /home/travis/build/icyphy/ptII/ptolemy/domains/de/test/auto/CausalityInterface3.xml (RunModel)" time="0.012" />
  <testcase classname="ptolemy.util.test.junit.AutoTests" name="[9] /home/travis/build/icyphy/ptII/ptolemy/domains/de/test/auto/ClockDrift.xml (RunModel)" time="0.049" />
  <testcase classname="ptolemy.util.test.junit.AutoTests" name="[10] /home/travis/build/icyphy/ptII/ptolemy/domains/de/test/auto/ClockDriftAndValueChange.xml (RunModel)" time="0.032" />
  <testcase classname="ptolemy.util.test.junit.AutoTests" name="[11] /home/travis/build/icyphy/ptII/ptolemy/domains/de/test/auto/ClockDriftChange.xml (RunModel)" time="0.032" />
  <testcase classname="ptolemy.util.test.junit.AutoTests" name="[12] /home/travis/build/icyphy/ptII/ptolemy/domains/de/test/auto/ComposableCausalityAnalysis.xml (RunModel)" time="0.022" />
  <testcase classname="ptolemy.util.test.junit.AutoTests" name="[13] /home/travis/build/icyphy/ptII/ptolemy/domains/de/test/auto/DEFixedPointLimitation.xml (RunModel)" time="0.01" />
  <testcase classname="ptolemy.util.test.junit.AutoTests" name="[14] /home/travis/build/icyphy/ptII/ptolemy/domains/de/test/auto/DEScheduleTest.xml (RunModel)" time="0.041" />
  <testcase classname="ptolemy.util.test.junit.AutoTests" name="[15] /home/travis/build/icyphy/ptII/ptolemy/domains/de/test/auto/DEinDEwithStartTimes.xml (RunModel)" time="0.022" />
  <testcase classname="ptolemy.util.test.junit.AutoTests" name="[16] /home/travis/build/icyphy/ptII/ptolemy/domains/de/test/auto/DEinDEwithStartTimes2.xml (RunModel)" time="0.021" />
  <testcase classname="ptolemy.util.test.junit.AutoTests" name="[17] /home/travis/build/icyphy/ptII/ptolemy/domains/de/test/auto/DateDemo.xml (RunModel)" time="0.033" />
  <testcase classname="ptolemy.util.test.junit.AutoTests" name="[18] /home/travis/build/icyphy/ptII/ptolemy/domains/de/test/auto/DateToEvent.xml (RunModel)" time="2.042" />
  <testcase classname="ptolemy.util.test.junit.AutoTests" name="[19] /home/travis/build/icyphy/ptII/ptolemy/domains/de/test/auto/DepthTest1.xml (RunModel)" time="0.008" />
  <testcase classname="ptolemy.util.test.junit.AutoTests" name="[20] /home/travis/build/icyphy/ptII/ptolemy/domains/de/test/auto/DepthTest2.xml (RunModel)" time="0.015" />
  <testcase classname="ptolemy.util.test.junit.AutoTests" name="[21] /home/travis/build/icyphy/ptII/ptolemy/domains/de/test/auto/DepthTest3.xml (RunModel)" time="0.007" />
  <testcase classname="ptolemy.util.test.junit.AutoTests" name="[22] /home/travis/build/icyphy/ptII/ptolemy/domains/de/test/auto/DepthTest4.xml (RunModel)" time="0.014" />
  <testcase classname="ptolemy.util.test.junit.AutoTests" name="[23] /home/travis/build/icyphy/ptII/ptolemy/domains/de/test/auto/DepthTest5.xml (RunModel)" time="0.013" />
  <testcase classname="ptolemy.util.test.junit.AutoTests" name="[24] /home/travis/build/icyphy/ptII/ptolemy/domains/de/test/auto/DepthTest6.xml (RunModel)" time="0.012" />
  <testcase classname="ptolemy.util.test.junit.AutoTests" name="[25] /home/travis/build/icyphy/ptII/ptolemy/domains/de/test/auto/DepthTest7.xml (RunModel)" time="0.012" />
  <testcase classname="ptolemy.util.test.junit.AutoTests" name="[26] /home/travis/build/icyphy/ptII/ptolemy/domains/de/test/auto/EventToDate.xml (RunModel)" time="3.032" />
  <testcase classname="ptolemy.util.test.junit.AutoTests" name="[27] /home/travis/build/icyphy/ptII/ptolemy/domains/de/test/auto/FSM1.xml (RunModel)" time="0.029" />
  <testcase classname="ptolemy.util.test.junit.AutoTests" name="[28] /home/travis/build/icyphy/ptII/ptolemy/domains/de/test/auto/FSM7.xml (RunModel)" time="0.048" />
  <testcase classname="ptolemy.util.test.junit.AutoTests" name="[29] /home/travis/build/icyphy/ptII/ptolemy/domains/de/test/auto/Inspection.xml (RunModel)" time="0.057" />
  <testcase classname="ptolemy.util.test.junit.AutoTests" name="[30] /home/travis/build/icyphy/ptII/ptolemy/domains/de/test/auto/Iteration.xml (RunModel)" time="0.023" />
  <testcase classname="ptolemy.util.test.junit.AutoTests" name="[31] /home/travis/build/icyphy/ptII/ptolemy/domains/de/test/auto/LineFault.xml (RunModel)" time="0.592" />
  <testcase classname="ptolemy.util.test.junit.AutoTests" name="[32] /home/travis/build/icyphy/ptII/ptolemy/domains/de/test/auto/MergeModel1Add.xml (RunModel)" time="0.046" />
  <testcase classname="ptolemy.util.test.junit.AutoTests" name="[33] /home/travis/build/icyphy/ptII/ptolemy/domains/de/test/auto/MergeModel2Add.xml (RunModel)" time="0.035" />
  <testcase classname="ptolemy.util.test.junit.AutoTests" name="[34] /home/travis/build/icyphy/ptII/ptolemy/domains/de/test/auto/MergeModel3Add.xml (RunModel)" time="0.04" />
  <testcase classname="ptolemy.util.test.junit.AutoTests" name="[35] /home/travis/build/icyphy/ptII/ptolemy/domains/de/test/auto/MergeWithoutDiscard.xml (RunModel)" time="0.011" />
  <testcase classname="ptolemy.util.test.junit.AutoTests" name="[36] /home/travis/build/icyphy/ptII/ptolemy/domains/de/test/auto/Modal1.xml (RunModel)" time="0.028" />
  <testcase classname="ptolemy.util.test.junit.AutoTests" name="[37] /home/travis/build/icyphy/ptII/ptolemy/domains/de/test/auto/Modal2.xml (RunModel)" time="0.024" />
  <testcase classname="ptolemy.util.test.junit.AutoTests" name="[38] /home/travis/build/icyphy/ptII/ptolemy/domains/de/test/auto/Modal3.xml (RunModel)" time="0.025" />
  <testcase classname="ptolemy.util.test.junit.AutoTests" name="[39] /home/travis/build/icyphy/ptII/ptolemy/domains/de/test/auto/Modal4.xml (RunModel)" time="0.028" />
  <testcase classname="ptolemy.util.test.junit.AutoTests" name="[40] /home/travis/build/icyphy/ptII/ptolemy/domains/de/test/auto/Modal5.xml (RunModel)" time="0.027" />
  <testcase classname="ptolemy.util.test.junit.AutoTests" name="[41] /home/travis/build/icyphy/ptII/ptolemy/domains/de/test/auto/Modal6.xml (RunModel)" time="0.028" />
  <testcase classname="ptolemy.util.test.junit.AutoTests" name="[42] /home/travis/build/icyphy/ptII/ptolemy/domains/de/test/auto/Modal7.xml (RunModel)" time="0.028" />
  <testcase classname="ptolemy.util.test.junit.AutoTests" name="[43] /home/travis/build/icyphy/ptII/ptolemy/domains/de/test/auto/ModalModel.xml (RunModel)" time="0.141" />
  <testcase classname="ptolemy.util.test.junit.AutoTests" name="[44] /home/travis/build/icyphy/ptII/ptolemy/domains/de/test/auto/ModalSource.xml (RunModel)" time="0.016" />
  <testcase classname="ptolemy.util.test.junit.AutoTests" name="[45] /home/travis/build/icyphy/ptII/ptolemy/domains/de/test/auto/NonInterruptibleTimerZeroDelay.xml (RunModel)" time="0.009" />
  <testcase classname="ptolemy.util.test.junit.AutoTests" name="[46] /home/travis/build/icyphy/ptII/ptolemy/domains/de/test/auto/OpenQueueingNetwork.xml (RunModel)" time="2.217" />
  <testcase classname="ptolemy.util.test.junit.AutoTests" name="[47] /home/travis/build/icyphy/ptII/ptolemy/domains/de/test/auto/OpenQueuingNetwork.xml (RunModel)" time="0.267" />
  <testcase classname="ptolemy.util.test.junit.AutoTests" name="[48] /home/travis/build/icyphy/ptII/ptolemy/domains/de/test/auto/PeriodicSampler.xml (RunModel)" time="0.009" />
  <testcase classname="ptolemy.util.test.junit.AutoTests" name="[49] /home/travis/build/icyphy/ptII/ptolemy/domains/de/test/auto/PersistentIO.xml (RunModel)" time="0.024" />
  <testcase classname="ptolemy.util.test.junit.AutoTests" name="[50] /home/travis/build/icyphy/ptII/ptolemy/domains/de/test/auto/PortParameterResetOnInitialize.xml (RunModel)" time="0.011" />
  <testcase classname="ptolemy.util.test.junit.AutoTests" name="[51] /home/travis/build/icyphy/ptII/ptolemy/domains/de/test/auto/PortParameterUpdates.xml (RunModel)" time="0.017" />
  <testcase classname="ptolemy.util.test.junit.AutoTests" name="[52] /home/travis/build/icyphy/ptII/ptolemy/domains/de/test/auto/QueueAndServer.xml (RunModel)" time="0.02" />
  <testcase classname="ptolemy.util.test.junit.AutoTests" name="[53] /home/travis/build/icyphy/ptII/ptolemy/domains/de/test/auto/Records.xml (RunModel)" time="0.021" />
  <testcase classname="ptolemy.util.test.junit.AutoTests" name="[54] /home/travis/build/icyphy/ptII/ptolemy/domains/de/test/auto/ResetTransitionWithStartTime1.xml (RunModel)" time="0.025" />
  <testcase classname="ptolemy.util.test.junit.AutoTests" name="[55] /home/travis/build/icyphy/ptII/ptolemy/domains/de/test/auto/ResetTransitionWithStartTime2.xml (RunModel)" time="0.017" />
  <testcase classname="ptolemy.util.test.junit.AutoTests" name="[56] /home/travis/build/icyphy/ptII/ptolemy/domains/de/test/auto/ResetTransitionWithStartTime3.xml (RunModel)" time="0.016" />
  <testcase classname="ptolemy.util.test.junit.AutoTests" name="[57] /home/travis/build/icyphy/ptII/ptolemy/domains/de/test/auto/ResetTransitionWithStartTime4.xml (RunModel)" time="0.018" />
  <testcase classname="ptolemy.util.test.junit.AutoTests" name="[58] /home/travis/build/icyphy/ptII/ptolemy/domains/de/test/auto/ResettableTimer1.xml (RunModel)" time="0.01" />
  <testcase classname="ptolemy.util.test.junit.AutoTests" name="[59] /home/travis/build/icyphy/ptII/ptolemy/domains/de/test/auto/ResettableTimer2.xml (RunModel)" time="0.01" />
  <testcase classname="ptolemy.util.test.junit.AutoTests" name="[60] /home/travis/build/icyphy/ptII/ptolemy/domains/de/test/auto/ResettableTimer3.xml (RunModel)" time="0.008" />
  <testcase classname="ptolemy.util.test.junit.AutoTests" name="[61] /home/travis/build/icyphy/ptII/ptolemy/domains/de/test/auto/ResettableTimer4.xml (RunModel)" time="0.011" />
  <testcase classname="ptolemy.util.test.junit.AutoTests" name="[62] /home/travis/build/icyphy/ptII/ptolemy/domains/de/test/auto/ResettableTimer5.xml (RunModel)" time="0.011" />
  <testcase classname="ptolemy.util.test.junit.AutoTests" name="[63] /home/travis/build/icyphy/ptII/ptolemy/domains/de/test/auto/ResettableTimer6.xml (RunModel)" time="0.02" />
  <testcase classname="ptolemy.util.test.junit.AutoTests" name="[64] /home/travis/build/icyphy/ptII/ptolemy/domains/de/test/auto/ServerZeroDelay.xml (RunModel)" time="0.012" />
  <testcase classname="ptolemy.util.test.junit.AutoTests" name="[65] /home/travis/build/icyphy/ptII/ptolemy/domains/de/test/auto/SmartSender.xml (RunModel)" time="3.01" />
  <testcase classname="ptolemy.util.test.junit.AutoTests" name="[66] /home/travis/build/icyphy/ptII/ptolemy/domains/de/test/auto/ThreadedComposite.xml (RunModel)" time="0.141" />
  <testcase classname="ptolemy.util.test.junit.AutoTests" name="[67] /home/travis/build/icyphy/ptII/ptolemy/domains/de/test/auto/Time.xml (RunModel)" time="0.407" />
  <testcase classname="ptolemy.util.test.junit.AutoTests" name="[68] /home/travis/build/icyphy/ptII/ptolemy/domains/de/test/auto/TimeDelayZeroDelay.xml (RunModel)" time="0.017" />
  <testcase classname="ptolemy.util.test.junit.AutoTests" name="[69] /home/travis/build/icyphy/ptII/ptolemy/domains/de/test/auto/TimerZeroDelay.xml (RunModel)" time="0.009" />
  <testcase classname="ptolemy.util.test.junit.AutoTests" name="[70] /home/travis/build/icyphy/ptII/ptolemy/domains/de/test/auto/TimingParadox.xml (RunModel)" time="0.344" />
  <testcase classname="ptolemy.util.test.junit.AutoTests" name="[71] /home/travis/build/icyphy/ptII/ptolemy/domains/de/test/auto/TransferInputs.xml (RunModel)" time="0.016" />
  <testcase classname="ptolemy.util.test.junit.AutoTests" name="[72] /home/travis/build/icyphy/ptII/ptolemy/domains/de/test/auto/TransferOutputs2.xml (RunModel)" time="0.014" />
  <testcase classname="ptolemy.util.test.junit.AutoTests" name="[73] /home/travis/build/icyphy/ptII/ptolemy/domains/de/test/auto/Trilateration.xml (RunModel)" time="11.259" />
  <testcase classname="ptolemy.util.test.junit.AutoTests" name="[74] /home/travis/build/icyphy/ptII/ptolemy/domains/de/test/auto/TwoSigmaDelta.xml (RunModel)" time="2.028" />
  <testcase classname="ptolemy.util.test.junit.AutoTests" name="[75] /home/travis/build/icyphy/ptII/ptolemy/domains/de/test/auto/VariableDelay.xml (RunModel)" time="0.01" />
  <testcase classname="ptolemy.util.test.junit.AutoTests" name="[76] /home/travis/build/icyphy/ptII/ptolemy/domains/de/test/auto/VariableDelay2.xml (RunModel)" time="0.008" />
  <testcase classname="ptolemy.util.test.junit.AutoTests" name="[77] /home/travis/build/icyphy/ptII/ptolemy/domains/de/test/auto/VariableDelayZeroDelay.xml (RunModel)" time="0.01" />
  <testcase classname="ptolemy.util.test.junit.AutoTests" name="[78] /home/travis/build/icyphy/ptII/ptolemy/domains/de/test/auto/VariableDelayZeroDelay2.xml (RunModel)" time="0.009" />
  <testcase classname="ptolemy.util.test.junit.AutoTests" name="[79] /home/travis/build/icyphy/ptII/ptolemy/domains/de/test/auto/deInCt.xml (RunModel)" time="0.018" />
  <testcase classname="ptolemy.util.test.junit.AutoTests" name="[80] /home/travis/build/icyphy/ptII/ptolemy/domains/de/test/auto/deInCt2.xml (RunModel)" time="0.016" />
  <testcase classname="ptolemy.util.test.junit.AutoTests" name="[81] /home/travis/build/icyphy/ptII/ptolemy/domains/de/test/auto/dynamicCausalityInterface1.xml (RunModel)" time="0.016" />
  <testcase classname="ptolemy.util.test.junit.AutoTests" name="[82] /home/travis/build/icyphy/ptII/ptolemy/domains/de/test/auto/fsm_de_test.xml (RunModel)" time="0.022" />
  <testcase classname="ptolemy.util.test.junit.AutoTests" name="[83] /home/travis/build/icyphy/ptII/ptolemy/domains/de/test/auto/functionDependencyReconstruction.xml (RunModel)" time="0.033" />
  <testcase classname="ptolemy.util.test.junit.AutoTests" name="[84] /home/travis/build/icyphy/ptII/ptolemy/domains/de/test/auto/multirate.xml (RunModel)" time="0.015" />
  <testcase classname="ptolemy.util.test.junit.AutoTests" name="[85] /home/travis/build/icyphy/ptII/ptolemy/domains/de/test/auto/multirate2.xml (RunModel)" time="0.013" />
  <testcase classname="ptolemy.util.test.junit.AutoTests" name="[86] /home/travis/build/icyphy/ptII/ptolemy/domains/de/test/auto/realtime.xml (RunModel)" time="10.009" />
  <testcase classname="ptolemy.util.test.junit.AutoTests" name="[87] /home/travis/build/icyphy/ptII/ptolemy/domains/de/test/auto/relationGroup.xml (RunModel)" time="0.008" />
  <testcase classname="ptolemy.util.test.junit.AutoTests" name="[88] /home/travis/build/icyphy/ptII/ptolemy/domains/de/test/auto/relationGroup2.xml (RunModel)" time="0.007" />
  <testcase classname="ptolemy.util.test.junit.AutoTests" name="[89] /home/travis/build/icyphy/ptII/ptolemy/domains/de/test/auto/sortWithOpaquePorts.xml (RunModel)" time="0.018" />
  <testcase classname="ptolemy.util.test.junit.AutoTests" name="[90] /home/travis/build/icyphy/ptII/ptolemy/domains/de/test/auto/transferInputsandOutputs.xml (RunModel)" time="0.02" />
  <testcase classname="ptolemy.util.test.junit.AutoTests" name="[91] /home/travis/build/icyphy/ptII/ptolemy/domains/de/test/auto/triggerType.xml (RunModel)" time="0.008" />
  <system-out><![CDATA[/home/travis/build/icyphy/ptII/ptolemy/domains/de/test/DependencyLoop.tcl
testDefs.tcl: setting time out to 9000 seconds at Tue Apr 02 04:14:28 UTC 2019
15 ms. Memory: 116224K Free: 97635K (84%)
23 ms. Memory: 146944K Free: 140752K (96%)
/home/travis/build/icyphy/ptII/ptolemy/domains/de/test/RunDETestsAsQSS.tcl
Run the DE tests using ptolemy.domains.qss.test.QSSDirectorTest, which extends QSSDirector and prints a message in the constructors.
------------------ testing $PTII/ptolemy/domains/de/test/auto/knownFailedTests/dependencyLoop.xml (Known Failure) 
10 ms. Memory: 146944K Free: 136508K (93%)


==== $PTIIhome/travis/build/icyphy/ptII/ptolemy/domains/de/test/../../../../: Auto Automatic test in file $PTII/ptolemy/domains/de/test/auto/knownFailedTests/dependencyLoop.xml
==== Contents of test case:

	    # FIXME: we should use $relativeFilename here, but it
	    # might have backslashes under Windows, which causes no end
	    # of trouble.
	    createAndExecute $file
	    list {}
	
.... Test generated KNOWN error:
    while executing
ptolemy.kernel.util.IllegalActionException: Found a zero delay loop containing .dependencyLoop.original
  in .dependencyLoop and .dependencyLoop.original
	at ptolemy.actor.util.CausalityInterfaceForComposites._computeOutputPortDepth(CausalityInterfaceForComposites.java:759)
	at ptolemy.actor.util.CausalityInterfaceForComposites._computeInputDepth(CausalityInterfaceForComposites.java:696)
	at ptolemy.actor.util.CausalityInterfaceForComposites._computeOutputPortDepth(CausalityInterfaceForComposites.java:765)
	at ptolemy.actor.util.CausalityInterfaceForComposites._computeInputDepth(CausalityInterfaceForComposites.java:696)
	at ptolemy.actor.util.CausalityInterfaceForComposites._computeOutputPortDepth(CausalityInterfaceForComposites.java:765)
	at ptolemy.actor.util.CausalityInterfaceForComposites._computeInputDepth(CausalityInterfaceForComposites.java:696)
	at ptolemy.actor.util.CausalityInterfaceForComposites._computeActorDepth(CausalityInterfaceForComposites.java:532)
	at ptolemy.actor.util.CausalityInterfaceForComposites.checkForCycles(CausalityInterfaceForComposites.java:96)
	at ptolemy.domains.de.kernel.DEDirector.preinitialize(DEDirector.java:1338)
	at ptolemy.actor.CompositeActor.preinitialize(CompositeActor.java:1828)
	at ptolemy.actor.Manager.preinitializeAndResolveTypes(Manager.java:1040)
	at ptolemy.actor.Manager.initialize(Manager.java:710)
	at ptolemy.actor.Manager.execute(Manager.java:356)
	at ptolemy.actor.Manager.run(Manager.java:1263)
	at ptolemy.actor.Manager$PtolemyRunThread.run(Manager.java:1915)

    while executing
ptolemy.kernel.util.IllegalActionException: Found a zero delay loop containing .dependencyLoop.original
  in .dependencyLoop and .dependencyLoop.original
    while executing
"java::new ptolemy.moml.MoMLSimpleApplication $file
"
    (procedure "createAndExecute" line 2)
    invoked from within
"createAndExecute $file"
    ("uplevel" body line 5)
    invoked from within
"uplevel $contents_of_test"
------------------ testing $PTII/ptolemy/domains/de/test/auto/knownFailedTests/DESDFClockTest.xml (Known Failure) 
2051 ms. Memory: 146944K Free: 121348K (83%)


==== $PTIIhome/travis/build/icyphy/ptII/ptolemy/domains/de/test/../../../../: Auto Automatic test in file $PTII/ptolemy/domains/de/test/auto/knownFailedTests/DESDFClockTest.xml
==== Contents of test case:

	    # FIXME: we should use $relativeFilename here, but it
	    # might have backslashes under Windows, which causes no end
	    # of trouble.
	    createAndExecute $file
	    list {}
	
.... Test generated KNOWN error:
    while executing
ptolemy.kernel.util.IllegalActionException: Actor is not ready to fire.  Perhaps UpSample.prefire() returned false? Try debugging the actor by selecting "Listen to Actor".  Also, for SDF check moml for tokenConsumptionRate on input.
  in .DESDFClockTest.Play Bell.Copy1:SDF Director and .DESDFClockTest.Play Bell.UpSample
	at ptolemy.actor.sched.StaticSchedulingDirector.fire(StaticSchedulingDirector.java:227)
	at ptolemy.domains.sdf.kernel.SDFDirector.fire(SDFDirector.java:500)
	at ptolemy.actor.CompositeActor.fire(CompositeActor.java:455)
	at ptolemy.domains.de.kernel.DEDirector._fire(DEDirector.java:1949)
	at ptolemy.domains.de.kernel.DEDirector.fire(DEDirector.java:502)
	at ptolemy.actor.CompositeActor.fire(CompositeActor.java:455)
	at ptolemy.actor.Manager.iterate(Manager.java:851)
	at ptolemy.actor.Manager.execute(Manager.java:369)
	at ptolemy.actor.Manager.run(Manager.java:1263)
	at ptolemy.actor.Manager$PtolemyRunThread.run(Manager.java:1915)

    while executing
ptolemy.kernel.util.IllegalActionException: Actor is not ready to fire.  Perhaps UpSample.prefire() returned false? Try debugging the actor by selecting "Listen to Actor".  Also, for SDF check moml for tokenConsumptionRate on input.
  in .DESDFClockTest.Play Bell.Copy1:SDF Director and .DESDFClockTest.Play Bell.UpSample
    while executing
"java::new ptolemy.moml.MoMLSimpleApplication $file
"
    (procedure "createAndExecute" line 2)
    invoked from within
"createAndExecute $file"
    ("uplevel" body line 5)
    invoked from within
"uplevel $contents_of_test"
------------------ testing $PTII/ptolemy/domains/de/test/auto/knownFailedTests/FSMSource.xml (Known Failure) 
38 ms. Memory: 146944K Free: 112525K (77%)
!!!! Auto was marked as failing, but now passes
------------------ testing $PTII/ptolemy/domains/de/test/auto/knownFailedTests/dependencyLoop2.xml (Known Failure) 
12 ms. Memory: 146944K Free: 110642K (75%)


==== $PTIIhome/travis/build/icyphy/ptII/ptolemy/domains/de/test/../../../../: Auto Automatic test in file $PTII/ptolemy/domains/de/test/auto/knownFailedTests/dependencyLoop2.xml
==== Contents of test case:

	    # FIXME: we should use $relativeFilename here, but it
	    # might have backslashes under Windows, which causes no end
	    # of trouble.
	    createAndExecute $file
	    list {}
	
.... Test generated KNOWN error:
    while executing
ptolemy.kernel.util.IllegalActionException: Found a zero delay loop containing .dependencyLoop2.original
  in .dependencyLoop2 and .dependencyLoop2.original
	at ptolemy.actor.util.CausalityInterfaceForComposites._computeOutputPortDepth(CausalityInterfaceForComposites.java:759)
	at ptolemy.actor.util.CausalityInterfaceForComposites._computeInputDepth(CausalityInterfaceForComposites.java:696)
	at ptolemy.actor.util.CausalityInterfaceForComposites._computeOutputPortDepth(CausalityInterfaceForComposites.java:765)
	at ptolemy.actor.util.CausalityInterfaceForComposites._computeInputDepth(CausalityInterfaceForComposites.java:696)
	at ptolemy.actor.util.CausalityInterfaceForComposites._computeOutputPortDepth(CausalityInterfaceForComposites.java:765)
	at ptolemy.actor.util.CausalityInterfaceForComposites._computeInputDepth(CausalityInterfaceForComposites.java:696)
	at ptolemy.actor.util.CausalityInterfaceForComposites._computeActorDepth(CausalityInterfaceForComposites.java:532)
	at ptolemy.actor.util.CausalityInterfaceForComposites.checkForCycles(CausalityInterfaceForComposites.java:96)
	at ptolemy.domains.de.kernel.DEDirector.preinitialize(DEDirector.java:1338)
	at ptolemy.actor.CompositeActor.preinitialize(CompositeActor.java:1828)
	at ptolemy.actor.Manager.preinitializeAndResolveTypes(Manager.java:1040)
	at ptolemy.actor.Manager.initialize(Manager.java:710)
	at ptolemy.actor.Manager.execute(Manager.java:356)
	at ptolemy.actor.Manager.run(Manager.java:1263)
	at ptolemy.actor.Manager$PtolemyRunThread.run(Manager.java:1915)

    while executing
ptolemy.kernel.util.IllegalActionException: Found a zero delay loop containing .dependencyLoop2.original
  in .dependencyLoop2 and .dependencyLoop2.original
    while executing
"java::new ptolemy.moml.MoMLSimpleApplication $file
"
    (procedure "createAndExecute" line 2)
    invoked from within
"createAndExecute $file"
    ("uplevel" body line 5)
    invoked from within
"uplevel $contents_of_test"
------------------ testing $PTII/ptolemy/domains/de/test/auto/knownFailedTests/HierarchicalModel.xml (Known Failure) 
5 ms. Memory: 146944K Free: 90565K (62%)


==== $PTIIhome/travis/build/icyphy/ptII/ptolemy/domains/de/test/../../../../: Auto Automatic test in file $PTII/ptolemy/domains/de/test/auto/knownFailedTests/HierarchicalModel.xml
==== Contents of test case:

	    # FIXME: we should use $relativeFilename here, but it
	    # might have backslashes under Windows, which causes no end
	    # of trouble.
	    createAndExecute $file
	    list {}
	
.... Test generated KNOWN error:
    while executing
ptolemy.kernel.util.IllegalActionException: Found a zero delay loop containing .HierarchicalModel.A
  in .HierarchicalModel and .HierarchicalModel.A
	at ptolemy.actor.util.CausalityInterfaceForComposites._computeOutputPortDepth(CausalityInterfaceForComposites.java:759)
	at ptolemy.actor.util.CausalityInterfaceForComposites._computeInputDepth(CausalityInterfaceForComposites.java:696)
	at ptolemy.actor.util.CausalityInterfaceForComposites._computeOutputPortDepth(CausalityInterfaceForComposites.java:765)
	at ptolemy.actor.util.CausalityInterfaceForComposites._computeInputDepth(CausalityInterfaceForComposites.java:696)
	at ptolemy.actor.util.CausalityInterfaceForComposites._computeOutputPortDepth(CausalityInterfaceForComposites.java:765)
	at ptolemy.actor.util.CausalityInterfaceForComposites._computeInputDepth(CausalityInterfaceForComposites.java:696)
	at ptolemy.actor.util.CausalityInterfaceForComposites._computeActorDepth(CausalityInterfaceForComposites.java:532)
	at ptolemy.actor.util.CausalityInterfaceForComposites.checkForCycles(CausalityInterfaceForComposites.java:96)
	at ptolemy.domains.de.kernel.DEDirector.preinitialize(DEDirector.java:1338)
	at ptolemy.actor.CompositeActor.preinitialize(CompositeActor.java:1828)
	at ptolemy.actor.Manager.preinitializeAndResolveTypes(Manager.java:1040)
	at ptolemy.actor.Manager.initialize(Manager.java:710)
	at ptolemy.actor.Manager.execute(Manager.java:356)
	at ptolemy.actor.Manager.run(Manager.java:1263)
	at ptolemy.actor.Manager$PtolemyRunThread.run(Manager.java:1915)

    while executing
ptolemy.kernel.util.IllegalActionException: Found a zero delay loop containing .HierarchicalModel.A
  in .HierarchicalModel and .HierarchicalModel.A
    while executing
"java::new ptolemy.moml.MoMLSimpleApplication $file
"
    (procedure "createAndExecute" line 2)
    invoked from within
"createAndExecute $file"
    ("uplevel" body line 5)
    invoked from within
"uplevel $contents_of_test"
------------------ testing $PTII/ptolemy/domains/de/test/auto/knownFailedTests/DirectFeedback.xml (Known Failure) 
4 ms. Memory: 146944K Free: 86456K (59%)


==== $PTIIhome/travis/build/icyphy/ptII/ptolemy/domains/de/test/../../../../: Auto Automatic test in file $PTII/ptolemy/domains/de/test/auto/knownFailedTests/DirectFeedback.xml
==== Contents of test case:

	    # FIXME: we should use $relativeFilename here, but it
	    # might have backslashes under Windows, which causes no end
	    # of trouble.
	    createAndExecute $file
	    list {}
	
.... Test generated KNOWN error:
    while executing
ptolemy.kernel.util.IllegalActionException: Test fails in iteration 1.
Value was: 1.0. Should have been: 2.0
  in .DirectFeedback.Test
	at ptolemy.actor.lib.Test.fire(Test.java:268)
	at ptolemy.domains.de.kernel.DEDirector._fire(DEDirector.java:1949)
	at ptolemy.domains.de.kernel.DEDirector.fire(DEDirector.java:502)
	at ptolemy.actor.CompositeActor.fire(CompositeActor.java:455)
	at ptolemy.actor.Manager.iterate(Manager.java:851)
	at ptolemy.actor.Manager.execute(Manager.java:369)
	at ptolemy.actor.Manager.run(Manager.java:1263)
	at ptolemy.actor.Manager$PtolemyRunThread.run(Manager.java:1915)

    while executing
ptolemy.kernel.util.IllegalActionException: Test fails in iteration 1.
Value was: 1.0. Should have been: 2.0
  in .DirectFeedback.Test
    while executing
"java::new ptolemy.moml.MoMLSimpleApplication $file
"
    (procedure "createAndExecute" line 2)
    invoked from within
"createAndExecute $file"
    ("uplevel" body line 5)
    invoked from within
"uplevel $contents_of_test"
------------------ testing $PTII/ptolemy/domains/de/test/auto/ActorDepthCalculation_actorWithoutPorts.xml
auto.tcl: Setting watchdog for 200 seconds at Tue Apr 02 04:14:31 UTC 2019
11 ms. Memory: 146944K Free: 138648K (94%)
ptolemy.util.test.WatchDog.cancel(): canceling Tue Apr 02 04:14:31 UTC 2019
auto.tcl: Setting watchdog for 200 seconds at Tue Apr 02 04:14:31 UTC 2019
4 ms. Memory: 146944K Free: 137627K (94%)
ptolemy.util.test.WatchDog.cancel(): canceling Tue Apr 02 04:14:31 UTC 2019
------------------ testing $PTII/ptolemy/domains/de/test/auto/AssemblyLine.xml
auto.tcl: Setting watchdog for 200 seconds at Tue Apr 02 04:14:32 UTC 2019
16 ms. Memory: 208384K Free: 183386K (88%)
ptolemy.util.test.WatchDog.cancel(): canceling Tue Apr 02 04:14:32 UTC 2019
auto.tcl: Setting watchdog for 200 seconds at Tue Apr 02 04:14:32 UTC 2019
6 ms. Memory: 208384K Free: 183386K (88%)
ptolemy.util.test.WatchDog.cancel(): canceling Tue Apr 02 04:14:32 UTC 2019
------------------ testing $PTII/ptolemy/domains/de/test/auto/CQBug1.xml
auto.tcl: Setting watchdog for 200 seconds at Tue Apr 02 04:14:32 UTC 2019
7 ms. Memory: 208384K Free: 197892K (95%)
ptolemy.util.test.WatchDog.cancel(): canceling Tue Apr 02 04:14:32 UTC 2019
auto.tcl: Setting watchdog for 200 seconds at Tue Apr 02 04:14:32 UTC 2019
2 ms. Memory: 208384K Free: 197892K (95%)
ptolemy.util.test.WatchDog.cancel(): canceling Tue Apr 02 04:14:32 UTC 2019
------------------ testing $PTII/ptolemy/domains/de/test/auto/CancelFireAt.xml
auto.tcl: Setting watchdog for 200 seconds at Tue Apr 02 04:14:32 UTC 2019
12 ms. Memory: 208384K Free: 201555K (97%)
ptolemy.util.test.WatchDog.cancel(): canceling Tue Apr 02 04:14:32 UTC 2019
auto.tcl: Setting watchdog for 200 seconds at Tue Apr 02 04:14:32 UTC 2019
2 ms. Memory: 208384K Free: 199513K (96%)
ptolemy.util.test.WatchDog.cancel(): canceling Tue Apr 02 04:14:32 UTC 2019
------------------ testing $PTII/ptolemy/domains/de/test/auto/CausalityAndComposabilityAnalysis.xml
auto.tcl: Setting watchdog for 200 seconds at Tue Apr 02 04:14:32 UTC 2019
12 ms. Memory: 208384K Free: 198591K (95%)
ptolemy.util.test.WatchDog.cancel(): canceling Tue Apr 02 04:14:32 UTC 2019
auto.tcl: Setting watchdog for 200 seconds at Tue Apr 02 04:14:32 UTC 2019
10 ms. Memory: 208384K Free: 196549K (94%)
ptolemy.util.test.WatchDog.cancel(): canceling Tue Apr 02 04:14:32 UTC 2019
------------------ testing $PTII/ptolemy/domains/de/test/auto/CausalityInterface1.xml
auto.tcl: Setting watchdog for 200 seconds at Tue Apr 02 04:14:32 UTC 2019
14 ms. Memory: 208384K Free: 196487K (94%)
ptolemy.util.test.WatchDog.cancel(): canceling Tue Apr 02 04:14:32 UTC 2019
auto.tcl: Setting watchdog for 200 seconds at Tue Apr 02 04:14:32 UTC 2019
2 ms. Memory: 208384K Free: 196487K (94%)
ptolemy.util.test.WatchDog.cancel(): canceling Tue Apr 02 04:14:32 UTC 2019
------------------ testing $PTII/ptolemy/domains/de/test/auto/CausalityInterface15.xml
auto.tcl: Setting watchdog for 200 seconds at Tue Apr 02 04:14:32 UTC 2019
10 ms. Memory: 208384K Free: 196445K (94%)
ptolemy.util.test.WatchDog.cancel(): canceling Tue Apr 02 04:14:32 UTC 2019
auto.tcl: Setting watchdog for 200 seconds at Tue Apr 02 04:14:32 UTC 2019
4 ms. Memory: 208384K Free: 196445K (94%)
ptolemy.util.test.WatchDog.cancel(): canceling Tue Apr 02 04:14:32 UTC 2019
------------------ testing $PTII/ptolemy/domains/de/test/auto/CausalityInterface2.xml
auto.tcl: Setting watchdog for 200 seconds at Tue Apr 02 04:14:32 UTC 2019
7 ms. Memory: 208384K Free: 196462K (94%)
ptolemy.util.test.WatchDog.cancel(): canceling Tue Apr 02 04:14:32 UTC 2019
auto.tcl: Setting watchdog for 200 seconds at Tue Apr 02 04:14:32 UTC 2019
3 ms. Memory: 208384K Free: 196462K (94%)
ptolemy.util.test.WatchDog.cancel(): canceling Tue Apr 02 04:14:32 UTC 2019
------------------ testing $PTII/ptolemy/domains/de/test/auto/CausalityInterface3.xml
auto.tcl: Setting watchdog for 200 seconds at Tue Apr 02 04:14:32 UTC 2019
2 ms. Memory: 208384K Free: 196475K (94%)
ptolemy.util.test.WatchDog.cancel(): canceling Tue Apr 02 04:14:32 UTC 2019
auto.tcl: Setting watchdog for 200 seconds at Tue Apr 02 04:14:32 UTC 2019
2 ms. Memory: 208384K Free: 196475K (94%)
ptolemy.util.test.WatchDog.cancel(): canceling Tue Apr 02 04:14:32 UTC 2019
------------------ testing $PTII/ptolemy/domains/de/test/auto/ClockDrift.xml
auto.tcl: Setting watchdog for 200 seconds at Tue Apr 02 04:14:32 UTC 2019
94 ms. Memory: 208384K Free: 187881K (90%)
ptolemy.util.test.WatchDog.cancel(): canceling Tue Apr 02 04:14:33 UTC 2019
auto.tcl: Setting watchdog for 200 seconds at Tue Apr 02 04:14:33 UTC 2019
61 ms. Memory: 208384K Free: 185839K (89%)
ptolemy.util.test.WatchDog.cancel(): canceling Tue Apr 02 04:14:33 UTC 2019
------------------ testing $PTII/ptolemy/domains/de/test/auto/ClockDriftAndValueChange.xml
auto.tcl: Setting watchdog for 200 seconds at Tue Apr 02 04:14:33 UTC 2019
45 ms. Memory: 208384K Free: 189759K (91%)
ptolemy.util.test.WatchDog.cancel(): canceling Tue Apr 02 04:14:33 UTC 2019
auto.tcl: Setting watchdog for 200 seconds at Tue Apr 02 04:14:33 UTC 2019
20 ms. Memory: 208384K Free: 185675K (89%)
ptolemy.util.test.WatchDog.cancel(): canceling Tue Apr 02 04:14:33 UTC 2019
------------------ testing $PTII/ptolemy/domains/de/test/auto/ClockDriftChange.xml
auto.tcl: Setting watchdog for 200 seconds at Tue Apr 02 04:14:33 UTC 2019
34 ms. Memory: 208384K Free: 190986K (92%)
ptolemy.util.test.WatchDog.cancel(): canceling Tue Apr 02 04:14:33 UTC 2019
auto.tcl: Setting watchdog for 200 seconds at Tue Apr 02 04:14:33 UTC 2019
22 ms. Memory: 208384K Free: 188944K (91%)
ptolemy.util.test.WatchDog.cancel(): canceling Tue Apr 02 04:14:33 UTC 2019
------------------ testing $PTII/ptolemy/domains/de/test/auto/ComposableCausalityAnalysis.xml
auto.tcl: Setting watchdog for 200 seconds at Tue Apr 02 04:14:33 UTC 2019
1 ms. Memory: 208384K Free: 196337K (94%)
ptolemy.util.test.WatchDog.cancel(): canceling Tue Apr 02 04:14:33 UTC 2019
auto.tcl: Setting watchdog for 200 seconds at Tue Apr 02 04:14:33 UTC 2019
2 ms. Memory: 208384K Free: 194295K (93%)
ptolemy.util.test.WatchDog.cancel(): canceling Tue Apr 02 04:14:33 UTC 2019
------------------ testing $PTII/ptolemy/domains/de/test/auto/DEFixedPointLimitation.xml
auto.tcl: Setting watchdog for 200 seconds at Tue Apr 02 04:14:33 UTC 2019
2 ms. Memory: 208384K Free: 198459K (95%)
ptolemy.util.test.WatchDog.cancel(): canceling Tue Apr 02 04:14:33 UTC 2019
auto.tcl: Setting watchdog for 200 seconds at Tue Apr 02 04:14:33 UTC 2019
1 ms. Memory: 208384K Free: 196417K (94%)
ptolemy.util.test.WatchDog.cancel(): canceling Tue Apr 02 04:14:33 UTC 2019
------------------ testing $PTII/ptolemy/domains/de/test/auto/DEScheduleTest.xml
auto.tcl: Setting watchdog for 200 seconds at Tue Apr 02 04:14:33 UTC 2019
15 ms. Memory: 208384K Free: 198495K (95%)
ptolemy.util.test.WatchDog.cancel(): canceling Tue Apr 02 04:14:33 UTC 2019
auto.tcl: Setting watchdog for 200 seconds at Tue Apr 02 04:14:33 UTC 2019
6 ms. Memory: 208384K Free: 196453K (94%)
ptolemy.util.test.WatchDog.cancel(): canceling Tue Apr 02 04:14:33 UTC 2019
------------------ testing $PTII/ptolemy/domains/de/test/auto/DEinDEwithStartTimes.xml
auto.tcl: Setting watchdog for 200 seconds at Tue Apr 02 04:14:33 UTC 2019
4 ms. Memory: 208384K Free: 196423K (94%)
ptolemy.util.test.WatchDog.cancel(): canceling Tue Apr 02 04:14:33 UTC 2019
auto.tcl: Setting watchdog for 200 seconds at Tue Apr 02 04:14:33 UTC 2019
3 ms. Memory: 208384K Free: 196423K (94%)
ptolemy.util.test.WatchDog.cancel(): canceling Tue Apr 02 04:14:33 UTC 2019
------------------ testing $PTII/ptolemy/domains/de/test/auto/DEinDEwithStartTimes2.xml
auto.tcl: Setting watchdog for 200 seconds at Tue Apr 02 04:14:33 UTC 2019
6 ms. Memory: 208384K Free: 196403K (94%)
ptolemy.util.test.WatchDog.cancel(): canceling Tue Apr 02 04:14:33 UTC 2019
auto.tcl: Setting watchdog for 200 seconds at Tue Apr 02 04:14:33 UTC 2019
4 ms. Memory: 208384K Free: 194360K (93%)
ptolemy.util.test.WatchDog.cancel(): canceling Tue Apr 02 04:14:33 UTC 2019
------------------ testing $PTII/ptolemy/domains/de/test/auto/DateDemo.xml
auto.tcl: Setting watchdog for 200 seconds at Tue Apr 02 04:14:33 UTC 2019
15 ms. Memory: 208384K Free: 189021K (91%)
ptolemy.util.test.WatchDog.cancel(): canceling Tue Apr 02 04:14:33 UTC 2019
auto.tcl: Setting watchdog for 200 seconds at Tue Apr 02 04:14:33 UTC 2019
9 ms. Memory: 208384K Free: 186979K (90%)
ptolemy.util.test.WatchDog.cancel(): canceling Tue Apr 02 04:14:33 UTC 2019
------------------ testing $PTII/ptolemy/domains/de/test/auto/DateToEvent.xml
auto.tcl: Setting watchdog for 200 seconds at Tue Apr 02 04:14:34 UTC 2019
2010 ms. Memory: 208384K Free: 183917K (88%)
ptolemy.util.test.WatchDog.cancel(): canceling Tue Apr 02 04:14:36 UTC 2019
auto.tcl: Setting watchdog for 200 seconds at Tue Apr 02 04:14:36 UTC 2019
2004 ms. Memory: 208384K Free: 181460K (87%)
ptolemy.util.test.WatchDog.cancel(): canceling Tue Apr 02 04:14:38 UTC 2019
------------------ testing $PTII/ptolemy/domains/de/test/auto/DepthTest1.xml
auto.tcl: Setting watchdog for 200 seconds at Tue Apr 02 04:14:38 UTC 2019
3 ms. Memory: 208384K Free: 197699K (95%)
ptolemy.util.test.WatchDog.cancel(): canceling Tue Apr 02 04:14:38 UTC 2019
auto.tcl: Setting watchdog for 200 seconds at Tue Apr 02 04:14:38 UTC 2019
1 ms. Memory: 208384K Free: 197699K (95%)
ptolemy.util.test.WatchDog.cancel(): canceling Tue Apr 02 04:14:38 UTC 2019
------------------ testing $PTII/ptolemy/domains/de/test/auto/DepthTest2.xml
auto.tcl: Setting watchdog for 200 seconds at Tue Apr 02 04:14:38 UTC 2019
3 ms. Memory: 208384K Free: 194565K (93%)
ptolemy.util.test.WatchDog.cancel(): canceling Tue Apr 02 04:14:38 UTC 2019
auto.tcl: Setting watchdog for 200 seconds at Tue Apr 02 04:14:38 UTC 2019
5 ms. Memory: 208384K Free: 194565K (93%)
ptolemy.util.test.WatchDog.cancel(): canceling Tue Apr 02 04:14:38 UTC 2019
------------------ testing $PTII/ptolemy/domains/de/test/auto/DepthTest3.xml
auto.tcl: Setting watchdog for 200 seconds at Tue Apr 02 04:14:38 UTC 2019
6 ms. Memory: 208384K Free: 198031K (95%)
ptolemy.util.test.WatchDog.cancel(): canceling Tue Apr 02 04:14:38 UTC 2019
auto.tcl: Setting watchdog for 200 seconds at Tue Apr 02 04:14:38 UTC 2019
2 ms. Memory: 208384K Free: 198031K (95%)
ptolemy.util.test.WatchDog.cancel(): canceling Tue Apr 02 04:14:38 UTC 2019
------------------ testing $PTII/ptolemy/domains/de/test/auto/DepthTest4.xml
auto.tcl: Setting watchdog for 200 seconds at Tue Apr 02 04:14:38 UTC 2019
7 ms. Memory: 208384K Free: 196077K (94%)
ptolemy.util.test.WatchDog.cancel(): canceling Tue Apr 02 04:14:38 UTC 2019
auto.tcl: Setting watchdog for 200 seconds at Tue Apr 02 04:14:38 UTC 2019
4 ms. Memory: 208384K Free: 196077K (94%)
ptolemy.util.test.WatchDog.cancel(): canceling Tue Apr 02 04:14:38 UTC 2019
------------------ testing $PTII/ptolemy/domains/de/test/auto/DepthTest5.xml
auto.tcl: Setting watchdog for 200 seconds at Tue Apr 02 04:14:38 UTC 2019
4 ms. Memory: 208384K Free: 196543K (94%)
ptolemy.util.test.WatchDog.cancel(): canceling Tue Apr 02 04:14:38 UTC 2019
auto.tcl: Setting watchdog for 200 seconds at Tue Apr 02 04:14:38 UTC 2019
2 ms. Memory: 208384K Free: 196543K (94%)
ptolemy.util.test.WatchDog.cancel(): canceling Tue Apr 02 04:14:38 UTC 2019
------------------ testing $PTII/ptolemy/domains/de/test/auto/DepthTest6.xml
auto.tcl: Setting watchdog for 200 seconds at Tue Apr 02 04:14:38 UTC 2019
5 ms. Memory: 208384K Free: 196518K (94%)
ptolemy.util.test.WatchDog.cancel(): canceling Tue Apr 02 04:14:38 UTC 2019
auto.tcl: Setting watchdog for 200 seconds at Tue Apr 02 04:14:38 UTC 2019
2 ms. Memory: 208384K Free: 196518K (94%)
ptolemy.util.test.WatchDog.cancel(): canceling Tue Apr 02 04:14:38 UTC 2019
------------------ testing $PTII/ptolemy/domains/de/test/auto/DepthTest7.xml
auto.tcl: Setting watchdog for 200 seconds at Tue Apr 02 04:14:38 UTC 2019
3 ms. Memory: 208384K Free: 194751K (93%)
ptolemy.util.test.WatchDog.cancel(): canceling Tue Apr 02 04:14:38 UTC 2019
auto.tcl: Setting watchdog for 200 seconds at Tue Apr 02 04:14:38 UTC 2019
2 ms. Memory: 208384K Free: 194751K (93%)
ptolemy.util.test.WatchDog.cancel(): canceling Tue Apr 02 04:14:38 UTC 2019
------------------ testing $PTII/ptolemy/domains/de/test/auto/EventToDate.xml
auto.tcl: Setting watchdog for 200 seconds at Tue Apr 02 04:14:38 UTC 2019
3008 ms. Memory: 208384K Free: 183327K (88%)
ptolemy.util.test.WatchDog.cancel(): canceling Tue Apr 02 04:14:41 UTC 2019
auto.tcl: Setting watchdog for 200 seconds at Tue Apr 02 04:14:41 UTC 2019
3005 ms. Memory: 208384K Free: 183327K (88%)
ptolemy.util.test.WatchDog.cancel(): canceling Tue Apr 02 04:14:44 UTC 2019
------------------ testing $PTII/ptolemy/domains/de/test/auto/FSM1.xml
auto.tcl: Setting watchdog for 200 seconds at Tue Apr 02 04:14:44 UTC 2019
26 ms. Memory: 208384K Free: 189148K (91%)
ptolemy.util.test.WatchDog.cancel(): canceling Tue Apr 02 04:14:44 UTC 2019
auto.tcl: Setting watchdog for 200 seconds at Tue Apr 02 04:14:44 UTC 2019
13 ms. Memory: 208384K Free: 185064K (89%)
ptolemy.util.test.WatchDog.cancel(): canceling Tue Apr 02 04:14:44 UTC 2019
------------------ testing $PTII/ptolemy/domains/de/test/auto/FSM7.xml
auto.tcl: Setting watchdog for 200 seconds at Tue Apr 02 04:14:44 UTC 2019
31 ms. Memory: 208384K Free: 189352K (91%)
ptolemy.util.test.WatchDog.cancel(): canceling Tue Apr 02 04:14:45 UTC 2019
auto.tcl: Setting watchdog for 200 seconds at Tue Apr 02 04:14:45 UTC 2019
23 ms. Memory: 208384K Free: 185267K (89%)
ptolemy.util.test.WatchDog.cancel(): canceling Tue Apr 02 04:14:45 UTC 2019
------------------ testing $PTII/ptolemy/domains/de/test/auto/Inspection.xml
auto.tcl: Setting watchdog for 200 seconds at Tue Apr 02 04:14:45 UTC 2019
37 ms. Memory: 208384K Free: 188522K (90%)
ptolemy.util.test.WatchDog.cancel(): canceling Tue Apr 02 04:14:45 UTC 2019
auto.tcl: Setting watchdog for 200 seconds at Tue Apr 02 04:14:45 UTC 2019
19 ms. Memory: 208384K Free: 186480K (89%)
ptolemy.util.test.WatchDog.cancel(): canceling Tue Apr 02 04:14:45 UTC 2019
------------------ testing $PTII/ptolemy/domains/de/test/auto/Iteration.xml
auto.tcl: Setting watchdog for 200 seconds at Tue Apr 02 04:14:45 UTC 2019
7 ms. Memory: 208384K Free: 196305K (94%)
ptolemy.util.test.WatchDog.cancel(): canceling Tue Apr 02 04:14:45 UTC 2019
auto.tcl: Setting watchdog for 200 seconds at Tue Apr 02 04:14:45 UTC 2019
7 ms. Memory: 208384K Free: 194263K (93%)
ptolemy.util.test.WatchDog.cancel(): canceling Tue Apr 02 04:14:45 UTC 2019
------------------ testing $PTII/ptolemy/domains/de/test/auto/LineFault.xml
auto.tcl: Setting watchdog for 200 seconds at Tue Apr 02 04:14:45 UTC 2019
811 ms. Memory: 208384K Free: 199515K (96%)
ptolemy.util.test.WatchDog.cancel(): canceling Tue Apr 02 04:14:46 UTC 2019
auto.tcl: Setting watchdog for 200 seconds at Tue Apr 02 04:14:46 UTC 2019
551 ms. Memory: 208384K Free: 142071K (68%)
ptolemy.util.test.WatchDog.cancel(): canceling Tue Apr 02 04:14:47 UTC 2019
------------------ testing $PTII/ptolemy/domains/de/test/auto/MergeModel1Add.xml
auto.tcl: Setting watchdog for 200 seconds at Tue Apr 02 04:14:47 UTC 2019
30 ms. Memory: 331264K Free: 300458K (91%)
ptolemy.util.test.WatchDog.cancel(): canceling Tue Apr 02 04:14:47 UTC 2019
auto.tcl: Setting watchdog for 200 seconds at Tue Apr 02 04:14:47 UTC 2019
9 ms. Memory: 331264K Free: 300458K (91%)
ptolemy.util.test.WatchDog.cancel(): canceling Tue Apr 02 04:14:47 UTC 2019
------------------ testing $PTII/ptolemy/domains/de/test/auto/MergeModel2Add.xml
auto.tcl: Setting watchdog for 200 seconds at Tue Apr 02 04:14:47 UTC 2019
10 ms. Memory: 331264K Free: 305397K (92%)
ptolemy.util.test.WatchDog.cancel(): canceling Tue Apr 02 04:14:47 UTC 2019
auto.tcl: Setting watchdog for 200 seconds at Tue Apr 02 04:14:47 UTC 2019
10 ms. Memory: 331264K Free: 301828K (91%)
ptolemy.util.test.WatchDog.cancel(): canceling Tue Apr 02 04:14:47 UTC 2019
------------------ testing $PTII/ptolemy/domains/de/test/auto/MergeModel3Add.xml
auto.tcl: Setting watchdog for 200 seconds at Tue Apr 02 04:14:47 UTC 2019
21 ms. Memory: 331264K Free: 305374K (92%)
ptolemy.util.test.WatchDog.cancel(): canceling Tue Apr 02 04:14:47 UTC 2019
auto.tcl: Setting watchdog for 200 seconds at Tue Apr 02 04:14:47 UTC 2019
7 ms. Memory: 331264K Free: 301805K (91%)
ptolemy.util.test.WatchDog.cancel(): canceling Tue Apr 02 04:14:47 UTC 2019
------------------ testing $PTII/ptolemy/domains/de/test/auto/MergeWithoutDiscard.xml
auto.tcl: Setting watchdog for 200 seconds at Tue Apr 02 04:14:47 UTC 2019
3 ms. Memory: 331264K Free: 315710K (95%)
ptolemy.util.test.WatchDog.cancel(): canceling Tue Apr 02 04:14:47 UTC 2019
auto.tcl: Setting watchdog for 200 seconds at Tue Apr 02 04:14:47 UTC 2019
1 ms. Memory: 331264K Free: 315710K (95%)
ptolemy.util.test.WatchDog.cancel(): canceling Tue Apr 02 04:14:47 UTC 2019
------------------ testing $PTII/ptolemy/domains/de/test/auto/Modal1.xml
auto.tcl: Setting watchdog for 200 seconds at Tue Apr 02 04:14:47 UTC 2019
18 ms. Memory: 331264K Free: 309981K (94%)
ptolemy.util.test.WatchDog.cancel(): canceling Tue Apr 02 04:14:47 UTC 2019
auto.tcl: Setting watchdog for 200 seconds at Tue Apr 02 04:14:47 UTC 2019
22 ms. Memory: 331264K Free: 306412K (92%)
ptolemy.util.test.WatchDog.cancel(): canceling Tue Apr 02 04:14:47 UTC 2019
------------------ testing $PTII/ptolemy/domains/de/test/auto/Modal2.xml
auto.tcl: Setting watchdog for 200 seconds at Tue Apr 02 04:14:47 UTC 2019
16 ms. Memory: 331264K Free: 309870K (94%)
ptolemy.util.test.WatchDog.cancel(): canceling Tue Apr 02 04:14:47 UTC 2019
auto.tcl: Setting watchdog for 200 seconds at Tue Apr 02 04:14:47 UTC 2019
20 ms. Memory: 331264K Free: 306300K (92%)
ptolemy.util.test.WatchDog.cancel(): canceling Tue Apr 02 04:14:47 UTC 2019
------------------ testing $PTII/ptolemy/domains/de/test/auto/Modal3.xml
auto.tcl: Setting watchdog for 200 seconds at Tue Apr 02 04:14:47 UTC 2019
12 ms. Memory: 331264K Free: 310527K (94%)
ptolemy.util.test.WatchDog.cancel(): canceling Tue Apr 02 04:14:48 UTC 2019
auto.tcl: Setting watchdog for 200 seconds at Tue Apr 02 04:14:48 UTC 2019
11 ms. Memory: 331264K Free: 306283K (92%)
ptolemy.util.test.WatchDog.cancel(): canceling Tue Apr 02 04:14:48 UTC 2019
------------------ testing $PTII/ptolemy/domains/de/test/auto/Modal4.xml
auto.tcl: Setting watchdog for 200 seconds at Tue Apr 02 04:14:48 UTC 2019
15 ms. Memory: 331264K Free: 309866K (94%)
ptolemy.util.test.WatchDog.cancel(): canceling Tue Apr 02 04:14:48 UTC 2019
auto.tcl: Setting watchdog for 200 seconds at Tue Apr 02 04:14:48 UTC 2019
17 ms. Memory: 331264K Free: 306297K (92%)
ptolemy.util.test.WatchDog.cancel(): canceling Tue Apr 02 04:14:48 UTC 2019
------------------ testing $PTII/ptolemy/domains/de/test/auto/Modal5.xml
auto.tcl: Setting watchdog for 200 seconds at Tue Apr 02 04:14:48 UTC 2019
15 ms. Memory: 331264K Free: 309853K (94%)
ptolemy.util.test.WatchDog.cancel(): canceling Tue Apr 02 04:14:48 UTC 2019
auto.tcl: Setting watchdog for 200 seconds at Tue Apr 02 04:14:48 UTC 2019
12 ms. Memory: 331264K Free: 306284K (92%)
ptolemy.util.test.WatchDog.cancel(): canceling Tue Apr 02 04:14:48 UTC 2019
------------------ testing $PTII/ptolemy/domains/de/test/auto/Modal6.xml
auto.tcl: Setting watchdog for 200 seconds at Tue Apr 02 04:14:48 UTC 2019
12 ms. Memory: 331264K Free: 309850K (94%)
ptolemy.util.test.WatchDog.cancel(): canceling Tue Apr 02 04:14:48 UTC 2019
auto.tcl: Setting watchdog for 200 seconds at Tue Apr 02 04:14:48 UTC 2019
12 ms. Memory: 331264K Free: 306281K (92%)
ptolemy.util.test.WatchDog.cancel(): canceling Tue Apr 02 04:14:48 UTC 2019
------------------ testing $PTII/ptolemy/domains/de/test/auto/Modal7.xml
auto.tcl: Setting watchdog for 200 seconds at Tue Apr 02 04:14:48 UTC 2019
20 ms. Memory: 331264K Free: 306282K (92%)
ptolemy.util.test.WatchDog.cancel(): canceling Tue Apr 02 04:14:48 UTC 2019
auto.tcl: Setting watchdog for 200 seconds at Tue Apr 02 04:14:48 UTC 2019
10 ms. Memory: 331264K Free: 302712K (91%)
ptolemy.util.test.WatchDog.cancel(): canceling Tue Apr 02 04:14:48 UTC 2019
------------------ testing $PTII/ptolemy/domains/de/test/auto/ModalModel.xml
auto.tcl: Setting watchdog for 200 seconds at Tue Apr 02 04:14:48 UTC 2019
187 ms. Memory: 331264K Free: 247501K (75%)
ptolemy.util.test.WatchDog.cancel(): canceling Tue Apr 02 04:14:48 UTC 2019
auto.tcl: Setting watchdog for 200 seconds at Tue Apr 02 04:14:48 UTC 2019
182 ms. Memory: 331264K Free: 190396K (57%)
ptolemy.util.test.WatchDog.cancel(): canceling Tue Apr 02 04:14:48 UTC 2019
------------------ testing $PTII/ptolemy/domains/de/test/auto/ModalSource.xml
auto.tcl: Setting watchdog for 200 seconds at Tue Apr 02 04:14:49 UTC 2019
6 ms. Memory: 331264K Free: 316570K (96%)
ptolemy.util.test.WatchDog.cancel(): canceling Tue Apr 02 04:14:49 UTC 2019
auto.tcl: Setting watchdog for 200 seconds at Tue Apr 02 04:14:49 UTC 2019
6 ms. Memory: 331264K Free: 313302K (95%)
ptolemy.util.test.WatchDog.cancel(): canceling Tue Apr 02 04:14:49 UTC 2019
------------------ testing $PTII/ptolemy/domains/de/test/auto/NonInterruptibleTimerZeroDelay.xml
auto.tcl: Setting watchdog for 200 seconds at Tue Apr 02 04:14:49 UTC 2019
4 ms. Memory: 331264K Free: 320491K (97%)
ptolemy.util.test.WatchDog.cancel(): canceling Tue Apr 02 04:14:49 UTC 2019
auto.tcl: Setting watchdog for 200 seconds at Tue Apr 02 04:14:49 UTC 2019
2 ms. Memory: 331264K Free: 317223K (96%)
ptolemy.util.test.WatchDog.cancel(): canceling Tue Apr 02 04:14:49 UTC 2019
------------------ testing $PTII/ptolemy/domains/de/test/auto/OpenQueueingNetwork.xml
auto.tcl: Setting watchdog for 200 seconds at Tue Apr 02 04:14:49 UTC 2019
2652 ms. Memory: 317952K Free: 169199K (53%)
ptolemy.util.test.WatchDog.cancel(): canceling Tue Apr 02 04:14:51 UTC 2019
auto.tcl: Setting watchdog for 200 seconds at Tue Apr 02 04:14:51 UTC 2019
1989 ms. Memory: 287232K Free: 261319K (91%)
ptolemy.util.test.WatchDog.cancel(): canceling Tue Apr 02 04:14:53 UTC 2019
------------------ testing $PTII/ptolemy/domains/de/test/auto/OpenQueuingNetwork.xml
auto.tcl: Setting watchdog for 200 seconds at Tue Apr 02 04:14:54 UTC 2019
219 ms. Memory: 287232K Free: 189925K (66%)
ptolemy.util.test.WatchDog.cancel(): canceling Tue Apr 02 04:14:54 UTC 2019
auto.tcl: Setting watchdog for 200 seconds at Tue Apr 02 04:14:54 UTC 2019
222 ms. Memory: 287232K Free: 129675K (45%)
ptolemy.util.test.WatchDog.cancel(): canceling Tue Apr 02 04:14:54 UTC 2019
------------------ testing $PTII/ptolemy/domains/de/test/auto/PeriodicSampler.xml
auto.tcl: Setting watchdog for 200 seconds at Tue Apr 02 04:14:54 UTC 2019
2 ms. Memory: 289792K Free: 276976K (96%)
ptolemy.util.test.WatchDog.cancel(): canceling Tue Apr 02 04:14:54 UTC 2019
auto.tcl: Setting watchdog for 200 seconds at Tue Apr 02 04:14:54 UTC 2019
2 ms. Memory: 289792K Free: 274081K (95%)
ptolemy.util.test.WatchDog.cancel(): canceling Tue Apr 02 04:14:54 UTC 2019
------------------ testing $PTII/ptolemy/domains/de/test/auto/PersistentIO.xml
auto.tcl: Setting watchdog for 200 seconds at Tue Apr 02 04:14:54 UTC 2019
13 ms. Memory: 287232K Free: 271447K (95%)
ptolemy.util.test.WatchDog.cancel(): canceling Tue Apr 02 04:14:54 UTC 2019
auto.tcl: Setting watchdog for 200 seconds at Tue Apr 02 04:14:54 UTC 2019
4 ms. Memory: 287232K Free: 268553K (93%)
ptolemy.util.test.WatchDog.cancel(): canceling Tue Apr 02 04:14:54 UTC 2019
------------------ testing $PTII/ptolemy/domains/de/test/auto/PortParameterResetOnInitialize.xml
auto.tcl: Setting watchdog for 200 seconds at Tue Apr 02 04:14:54 UTC 2019
2 ms. Memory: 289280K Free: 274186K (95%)
ptolemy.util.test.WatchDog.cancel(): canceling Tue Apr 02 04:14:54 UTC 2019
auto.tcl: Setting watchdog for 200 seconds at Tue Apr 02 04:14:54 UTC 2019
2 ms. Memory: 289280K Free: 274186K (95%)
ptolemy.util.test.WatchDog.cancel(): canceling Tue Apr 02 04:14:54 UTC 2019
------------------ testing $PTII/ptolemy/domains/de/test/auto/PortParameterUpdates.xml
auto.tcl: Setting watchdog for 200 seconds at Tue Apr 02 04:14:54 UTC 2019
8 ms. Memory: 287232K Free: 272116K (95%)
ptolemy.util.test.WatchDog.cancel(): canceling Tue Apr 02 04:14:54 UTC 2019
auto.tcl: Setting watchdog for 200 seconds at Tue Apr 02 04:14:54 UTC 2019
4 ms. Memory: 287232K Free: 269221K (94%)
ptolemy.util.test.WatchDog.cancel(): canceling Tue Apr 02 04:14:54 UTC 2019
------------------ testing $PTII/ptolemy/domains/de/test/auto/QueueAndServer.xml
auto.tcl: Setting watchdog for 200 seconds at Tue Apr 02 04:14:54 UTC 2019
13 ms. Memory: 289280K Free: 273292K (94%)
ptolemy.util.test.WatchDog.cancel(): canceling Tue Apr 02 04:14:54 UTC 2019
auto.tcl: Setting watchdog for 200 seconds at Tue Apr 02 04:14:54 UTC 2019
6 ms. Memory: 289280K Free: 273292K (94%)
ptolemy.util.test.WatchDog.cancel(): canceling Tue Apr 02 04:14:54 UTC 2019
------------------ testing $PTII/ptolemy/domains/de/test/auto/Records.xml
auto.tcl: Setting watchdog for 200 seconds at Tue Apr 02 04:14:55 UTC 2019
5 ms. Memory: 287232K Free: 274080K (95%)
ptolemy.util.test.WatchDog.cancel(): canceling Tue Apr 02 04:14:55 UTC 2019
auto.tcl: Setting watchdog for 200 seconds at Tue Apr 02 04:14:55 UTC 2019
2 ms. Memory: 287232K Free: 274080K (95%)
ptolemy.util.test.WatchDog.cancel(): canceling Tue Apr 02 04:14:55 UTC 2019
------------------ testing $PTII/ptolemy/domains/de/test/auto/ResetTransitionWithStartTime1.xml
auto.tcl: Setting watchdog for 200 seconds at Tue Apr 02 04:14:55 UTC 2019
17 ms. Memory: 288768K Free: 272778K (94%)
ptolemy.util.test.WatchDog.cancel(): canceling Tue Apr 02 04:14:55 UTC 2019
auto.tcl: Setting watchdog for 200 seconds at Tue Apr 02 04:14:55 UTC 2019
10 ms. Memory: 288768K Free: 272778K (94%)
ptolemy.util.test.WatchDog.cancel(): canceling Tue Apr 02 04:14:55 UTC 2019
------------------ testing $PTII/ptolemy/domains/de/test/auto/ResetTransitionWithStartTime2.xml
auto.tcl: Setting watchdog for 200 seconds at Tue Apr 02 04:14:55 UTC 2019
7 ms. Memory: 287232K Free: 271373K (94%)
ptolemy.util.test.WatchDog.cancel(): canceling Tue Apr 02 04:14:55 UTC 2019
auto.tcl: Setting watchdog for 200 seconds at Tue Apr 02 04:14:55 UTC 2019
7 ms. Memory: 287232K Free: 271373K (94%)
ptolemy.util.test.WatchDog.cancel(): canceling Tue Apr 02 04:14:55 UTC 2019
------------------ testing $PTII/ptolemy/domains/de/test/auto/ResetTransitionWithStartTime3.xml
auto.tcl: Setting watchdog for 200 seconds at Tue Apr 02 04:14:55 UTC 2019
7 ms. Memory: 288768K Free: 272753K (94%)
ptolemy.util.test.WatchDog.cancel(): canceling Tue Apr 02 04:14:55 UTC 2019
auto.tcl: Setting watchdog for 200 seconds at Tue Apr 02 04:14:55 UTC 2019
10 ms. Memory: 288768K Free: 272753K (94%)
ptolemy.util.test.WatchDog.cancel(): canceling Tue Apr 02 04:14:55 UTC 2019
------------------ testing $PTII/ptolemy/domains/de/test/auto/ResetTransitionWithStartTime4.xml
auto.tcl: Setting watchdog for 200 seconds at Tue Apr 02 04:14:55 UTC 2019
4 ms. Memory: 287232K Free: 271200K (94%)
ptolemy.util.test.WatchDog.cancel(): canceling Tue Apr 02 04:14:55 UTC 2019
auto.tcl: Setting watchdog for 200 seconds at Tue Apr 02 04:14:55 UTC 2019
3 ms. Memory: 287232K Free: 271200K (94%)
ptolemy.util.test.WatchDog.cancel(): canceling Tue Apr 02 04:14:55 UTC 2019
------------------ testing $PTII/ptolemy/domains/de/test/auto/ResettableTimer1.xml
auto.tcl: Setting watchdog for 200 seconds at Tue Apr 02 04:14:55 UTC 2019
6 ms. Memory: 288768K Free: 275626K (95%)
ptolemy.util.test.WatchDog.cancel(): canceling Tue Apr 02 04:14:55 UTC 2019
auto.tcl: Setting watchdog for 200 seconds at Tue Apr 02 04:14:55 UTC 2019
2 ms. Memory: 288768K Free: 275626K (95%)
ptolemy.util.test.WatchDog.cancel(): canceling Tue Apr 02 04:14:55 UTC 2019
------------------ testing $PTII/ptolemy/domains/de/test/auto/ResettableTimer2.xml
auto.tcl: Setting watchdog for 200 seconds at Tue Apr 02 04:14:55 UTC 2019
5 ms. Memory: 287232K Free: 274311K (96%)
ptolemy.util.test.WatchDog.cancel(): canceling Tue Apr 02 04:14:55 UTC 2019
auto.tcl: Setting watchdog for 200 seconds at Tue Apr 02 04:14:55 UTC 2019
2 ms. Memory: 287232K Free: 274311K (96%)
ptolemy.util.test.WatchDog.cancel(): canceling Tue Apr 02 04:14:55 UTC 2019
------------------ testing $PTII/ptolemy/domains/de/test/auto/ResettableTimer3.xml
auto.tcl: Setting watchdog for 200 seconds at Tue Apr 02 04:14:55 UTC 2019
1 ms. Memory: 288256K Free: 275187K (95%)
ptolemy.util.test.WatchDog.cancel(): canceling Tue Apr 02 04:14:55 UTC 2019
auto.tcl: Setting watchdog for 200 seconds at Tue Apr 02 04:14:55 UTC 2019
1 ms. Memory: 288256K Free: 275187K (95%)
ptolemy.util.test.WatchDog.cancel(): canceling Tue Apr 02 04:14:55 UTC 2019
------------------ testing $PTII/ptolemy/domains/de/test/auto/ResettableTimer4.xml
auto.tcl: Setting watchdog for 200 seconds at Tue Apr 02 04:14:55 UTC 2019
2 ms. Memory: 287232K Free: 274331K (96%)
ptolemy.util.test.WatchDog.cancel(): canceling Tue Apr 02 04:14:55 UTC 2019
auto.tcl: Setting watchdog for 200 seconds at Tue Apr 02 04:14:55 UTC 2019
1 ms. Memory: 287232K Free: 274331K (96%)
ptolemy.util.test.WatchDog.cancel(): canceling Tue Apr 02 04:14:55 UTC 2019
------------------ testing $PTII/ptolemy/domains/de/test/auto/ResettableTimer5.xml
auto.tcl: Setting watchdog for 200 seconds at Tue Apr 02 04:14:55 UTC 2019
1 ms. Memory: 288256K Free: 273295K (95%)
ptolemy.util.test.WatchDog.cancel(): canceling Tue Apr 02 04:14:55 UTC 2019
auto.tcl: Setting watchdog for 200 seconds at Tue Apr 02 04:14:55 UTC 2019
1 ms. Memory: 288256K Free: 273295K (95%)
ptolemy.util.test.WatchDog.cancel(): canceling Tue Apr 02 04:14:55 UTC 2019
------------------ testing $PTII/ptolemy/domains/de/test/auto/ResettableTimer6.xml
auto.tcl: Setting watchdog for 200 seconds at Tue Apr 02 04:14:55 UTC 2019
2 ms. Memory: 287232K Free: 272049K (95%)
ptolemy.util.test.WatchDog.cancel(): canceling Tue Apr 02 04:14:55 UTC 2019
auto.tcl: Setting watchdog for 200 seconds at Tue Apr 02 04:14:55 UTC 2019
1 ms. Memory: 287232K Free: 272049K (95%)
ptolemy.util.test.WatchDog.cancel(): canceling Tue Apr 02 04:14:55 UTC 2019
------------------ testing $PTII/ptolemy/domains/de/test/auto/ServerZeroDelay.xml
auto.tcl: Setting watchdog for 200 seconds at Tue Apr 02 04:14:55 UTC 2019
8 ms. Memory: 288256K Free: 275278K (95%)
ptolemy.util.test.WatchDog.cancel(): canceling Tue Apr 02 04:14:55 UTC 2019
auto.tcl: Setting watchdog for 200 seconds at Tue Apr 02 04:14:55 UTC 2019
3 ms. Memory: 288256K Free: 275278K (95%)
ptolemy.util.test.WatchDog.cancel(): canceling Tue Apr 02 04:14:55 UTC 2019
------------------ testing $PTII/ptolemy/domains/de/test/auto/SmartSender.xml
auto.tcl: Setting watchdog for 200 seconds at Tue Apr 02 04:14:55 UTC 2019
3002 ms. Memory: 287232K Free: 272191K (95%)
ptolemy.util.test.WatchDog.cancel(): canceling Tue Apr 02 04:14:58 UTC 2019
auto.tcl: Setting watchdog for 200 seconds at Tue Apr 02 04:14:58 UTC 2019
3001 ms. Memory: 287232K Free: 272191K (95%)
ptolemy.util.test.WatchDog.cancel(): canceling Tue Apr 02 04:15:01 UTC 2019
------------------ testing $PTII/ptolemy/domains/de/test/auto/ThreadedComposite.xml
auto.tcl: Setting watchdog for 200 seconds at Tue Apr 02 04:15:01 UTC 2019
220 ms. Memory: 288256K Free: 252071K (87%)
ptolemy.util.test.WatchDog.cancel(): canceling Tue Apr 02 04:15:02 UTC 2019
auto.tcl: Setting watchdog for 200 seconds at Tue Apr 02 04:15:02 UTC 2019
158 ms. Memory: 288256K Free: 236843K (82%)
ptolemy.util.test.WatchDog.cancel(): canceling Tue Apr 02 04:15:02 UTC 2019
------------------ testing $PTII/ptolemy/domains/de/test/auto/Time.xml
auto.tcl: Setting watchdog for 200 seconds at Tue Apr 02 04:15:02 UTC 2019
501 ms. Memory: 287232K Free: 222362K (77%)
ptolemy.util.test.WatchDog.cancel(): canceling Tue Apr 02 04:15:03 UTC 2019
auto.tcl: Setting watchdog for 200 seconds at Tue Apr 02 04:15:03 UTC 2019
438 ms. Memory: 287232K Free: 170547K (59%)
ptolemy.util.test.WatchDog.cancel(): canceling Tue Apr 02 04:15:03 UTC 2019
------------------ testing $PTII/ptolemy/domains/de/test/auto/TimeDelayZeroDelay.xml
auto.tcl: Setting watchdog for 200 seconds at Tue Apr 02 04:15:03 UTC 2019
2 ms. Memory: 287744K Free: 275196K (96%)
ptolemy.util.test.WatchDog.cancel(): canceling Tue Apr 02 04:15:03 UTC 2019
auto.tcl: Setting watchdog for 200 seconds at Tue Apr 02 04:15:03 UTC 2019
2 ms. Memory: 287744K Free: 275196K (96%)
ptolemy.util.test.WatchDog.cancel(): canceling Tue Apr 02 04:15:03 UTC 2019
------------------ testing $PTII/ptolemy/domains/de/test/auto/TimerZeroDelay.xml
auto.tcl: Setting watchdog for 200 seconds at Tue Apr 02 04:15:03 UTC 2019
4 ms. Memory: 287232K Free: 274814K (96%)
ptolemy.util.test.WatchDog.cancel(): canceling Tue Apr 02 04:15:03 UTC 2019
auto.tcl: Setting watchdog for 200 seconds at Tue Apr 02 04:15:03 UTC 2019
2 ms. Memory: 287232K Free: 274814K (96%)
ptolemy.util.test.WatchDog.cancel(): canceling Tue Apr 02 04:15:03 UTC 2019
------------------ testing $PTII/ptolemy/domains/de/test/auto/TimingParadox.xml
auto.tcl: Setting watchdog for 200 seconds at Tue Apr 02 04:15:03 UTC 2019
354 ms. Memory: 287744K Free: 211231K (73%)
ptolemy.util.test.WatchDog.cancel(): canceling Tue Apr 02 04:15:04 UTC 2019
auto.tcl: Setting watchdog for 200 seconds at Tue Apr 02 04:15:04 UTC 2019
347 ms. Memory: 287744K Free: 177699K (62%)
ptolemy.util.test.WatchDog.cancel(): canceling Tue Apr 02 04:15:04 UTC 2019
------------------ testing $PTII/ptolemy/domains/de/test/auto/TransferInputs.xml
auto.tcl: Setting watchdog for 200 seconds at Tue Apr 02 04:15:04 UTC 2019
2 ms. Memory: 287744K Free: 274248K (95%)
ptolemy.util.test.WatchDog.cancel(): canceling Tue Apr 02 04:15:04 UTC 2019
auto.tcl: Setting watchdog for 200 seconds at Tue Apr 02 04:15:04 UTC 2019
2 ms. Memory: 287744K Free: 274248K (95%)
ptolemy.util.test.WatchDog.cancel(): canceling Tue Apr 02 04:15:04 UTC 2019
------------------ testing $PTII/ptolemy/domains/de/test/auto/TransferOutputs2.xml
auto.tcl: Setting watchdog for 200 seconds at Tue Apr 02 04:15:04 UTC 2019
3 ms. Memory: 287232K Free: 270195K (94%)
ptolemy.util.test.WatchDog.cancel(): canceling Tue Apr 02 04:15:04 UTC 2019
auto.tcl: Setting watchdog for 200 seconds at Tue Apr 02 04:15:04 UTC 2019
3 ms. Memory: 287232K Free: 267580K (93%)
ptolemy.util.test.WatchDog.cancel(): canceling Tue Apr 02 04:15:04 UTC 2019
------------------ testing $PTII/ptolemy/domains/de/test/auto/Trilateration.xml
auto.tcl: Setting watchdog for 200 seconds at Tue Apr 02 04:15:04 UTC 2019
12641 ms. Memory: 793088K Free: 86626K (11%)
ptolemy.util.test.WatchDog.cancel(): canceling Tue Apr 02 04:15:18 UTC 2019
auto.tcl: Setting watchdog for 200 seconds at Tue Apr 02 04:15:18 UTC 2019
10309 ms. Memory: 639488K Free: 580989K (91%)
ptolemy.util.test.WatchDog.cancel(): canceling Tue Apr 02 04:15:28 UTC 2019
------------------ testing $PTII/ptolemy/domains/de/test/auto/TwoSigmaDelta.xml
auto.tcl: Setting watchdog for 200 seconds at Tue Apr 02 04:15:28 UTC 2019
2658 ms. Memory: 643072K Free: 327816K (51%)
ptolemy.util.test.WatchDog.cancel(): canceling Tue Apr 02 04:15:31 UTC 2019
auto.tcl: Setting watchdog for 200 seconds at Tue Apr 02 04:15:31 UTC 2019
2081 ms. Memory: 643072K Free: 96663K (15%)
ptolemy.util.test.WatchDog.cancel(): canceling Tue Apr 02 04:15:33 UTC 2019
------------------ testing $PTII/ptolemy/domains/de/test/auto/VariableDelay.xml
auto.tcl: Setting watchdog for 200 seconds at Tue Apr 02 04:15:33 UTC 2019
2 ms. Memory: 640000K Free: 614768K (96%)
ptolemy.util.test.WatchDog.cancel(): canceling Tue Apr 02 04:15:33 UTC 2019
auto.tcl: Setting watchdog for 200 seconds at Tue Apr 02 04:15:33 UTC 2019
2 ms. Memory: 640000K Free: 614768K (96%)
ptolemy.util.test.WatchDog.cancel(): canceling Tue Apr 02 04:15:33 UTC 2019
------------------ testing $PTII/ptolemy/domains/de/test/auto/VariableDelay2.xml
auto.tcl: Setting watchdog for 200 seconds at Tue Apr 02 04:15:33 UTC 2019
5 ms. Memory: 639488K Free: 619787K (97%)
ptolemy.util.test.WatchDog.cancel(): canceling Tue Apr 02 04:15:33 UTC 2019
auto.tcl: Setting watchdog for 200 seconds at Tue Apr 02 04:15:33 UTC 2019
2 ms. Memory: 639488K Free: 619787K (97%)
ptolemy.util.test.WatchDog.cancel(): canceling Tue Apr 02 04:15:33 UTC 2019
------------------ testing $PTII/ptolemy/domains/de/test/auto/VariableDelayZeroDelay.xml
auto.tcl: Setting watchdog for 200 seconds at Tue Apr 02 04:15:33 UTC 2019
2 ms. Memory: 639488K Free: 614204K (96%)
ptolemy.util.test.WatchDog.cancel(): canceling Tue Apr 02 04:15:33 UTC 2019
auto.tcl: Setting watchdog for 200 seconds at Tue Apr 02 04:15:33 UTC 2019
2 ms. Memory: 639488K Free: 614204K (96%)
ptolemy.util.test.WatchDog.cancel(): canceling Tue Apr 02 04:15:33 UTC 2019
------------------ testing $PTII/ptolemy/domains/de/test/auto/VariableDelayZeroDelay2.xml
auto.tcl: Setting watchdog for 200 seconds at Tue Apr 02 04:15:33 UTC 2019
3 ms. Memory: 642048K Free: 616762K (96%)
ptolemy.util.test.WatchDog.cancel(): canceling Tue Apr 02 04:15:33 UTC 2019
auto.tcl: Setting watchdog for 200 seconds at Tue Apr 02 04:15:33 UTC 2019
2 ms. Memory: 642048K Free: 616762K (96%)
ptolemy.util.test.WatchDog.cancel(): canceling Tue Apr 02 04:15:33 UTC 2019
------------------ testing $PTII/ptolemy/domains/de/test/auto/deInCt.xml
auto.tcl: Setting watchdog for 200 seconds at Tue Apr 02 04:15:33 UTC 2019
0
1
1
0
0
0
0
1
1
1
1
1
0
0
0
0
1
1
1
0
0
0
1
1
1
0
0
0
0
1
1
1
0
0
0
1
1
1
0
0
0
1
1
1
0
0
1
1
1
1
18 ms. Memory: 639488K Free: 614178K (96%)
ptolemy.util.test.WatchDog.cancel(): canceling Tue Apr 02 04:15:33 UTC 2019
auto.tcl: Setting watchdog for 200 seconds at Tue Apr 02 04:15:33 UTC 2019
0
1
1
1
1
1
1
1
0
0
0
0
0
0
1
1
1
1
1
4 ms. Memory: 639488K Free: 614178K (96%)
ptolemy.util.test.WatchDog.cancel(): canceling Tue Apr 02 04:15:33 UTC 2019
------------------ testing $PTII/ptolemy/domains/de/test/auto/deInCt2.xml
auto.tcl: Setting watchdog for 200 seconds at Tue Apr 02 04:15:33 UTC 2019
0
1
1
1
0
0
1
1
1
0
0
1
1
1
0
0
1
1
1
0
0
1
1
1
0
0
1
1
1
0
0
1
1
1
0
0
1
1
1
0
0
0
4 ms. Memory: 642048K Free: 616738K (96%)
ptolemy.util.test.WatchDog.cancel(): canceling Tue Apr 02 04:15:33 UTC 2019
auto.tcl: Setting watchdog for 200 seconds at Tue Apr 02 04:15:33 UTC 2019
0
1
1
1
0
0
1
1
1
0
0
1
1
1
0
0
1
1
1
0
0
1
1
1
0
0
1
1
1
0
0
1
1
1
0
0
1
1
1
0
0
0
5 ms. Memory: 642048K Free: 616738K (96%)
ptolemy.util.test.WatchDog.cancel(): canceling Tue Apr 02 04:15:33 UTC 2019
------------------ testing $PTII/ptolemy/domains/de/test/auto/dynamicCausalityInterface1.xml
auto.tcl: Setting watchdog for 200 seconds at Tue Apr 02 04:15:33 UTC 2019
3 ms. Memory: 639488K Free: 611387K (96%)
ptolemy.util.test.WatchDog.cancel(): canceling Tue Apr 02 04:15:34 UTC 2019
auto.tcl: Setting watchdog for 200 seconds at Tue Apr 02 04:15:34 UTC 2019
1 ms. Memory: 639488K Free: 611387K (96%)
ptolemy.util.test.WatchDog.cancel(): canceling Tue Apr 02 04:15:34 UTC 2019
------------------ testing $PTII/ptolemy/domains/de/test/auto/fsm_de_test.xml
auto.tcl: Setting watchdog for 200 seconds at Tue Apr 02 04:15:34 UTC 2019
6 ms. Memory: 641536K Free: 616137K (96%)
ptolemy.util.test.WatchDog.cancel(): canceling Tue Apr 02 04:15:34 UTC 2019
auto.tcl: Setting watchdog for 200 seconds at Tue Apr 02 04:15:34 UTC 2019
5 ms. Memory: 641536K Free: 607733K (95%)
ptolemy.util.test.WatchDog.cancel(): canceling Tue Apr 02 04:15:34 UTC 2019
------------------ testing $PTII/ptolemy/domains/de/test/auto/functionDependencyReconstruction.xml
auto.tcl: Setting watchdog for 200 seconds at Tue Apr 02 04:15:34 UTC 2019
2 ms. Memory: 639488K Free: 605676K (95%)
ptolemy.util.test.WatchDog.cancel(): canceling Tue Apr 02 04:15:34 UTC 2019
auto.tcl: Setting watchdog for 200 seconds at Tue Apr 02 04:15:34 UTC 2019
1 ms. Memory: 639488K Free: 605676K (95%)
ptolemy.util.test.WatchDog.cancel(): canceling Tue Apr 02 04:15:34 UTC 2019
------------------ testing $PTII/ptolemy/domains/de/test/auto/multirate.xml
auto.tcl: Setting watchdog for 200 seconds at Tue Apr 02 04:15:34 UTC 2019
5 ms. Memory: 641024K Free: 621051K (97%)
ptolemy.util.test.WatchDog.cancel(): canceling Tue Apr 02 04:15:34 UTC 2019
auto.tcl: Setting watchdog for 200 seconds at Tue Apr 02 04:15:34 UTC 2019
3 ms. Memory: 641024K Free: 621051K (97%)
ptolemy.util.test.WatchDog.cancel(): canceling Tue Apr 02 04:15:34 UTC 2019
------------------ testing $PTII/ptolemy/domains/de/test/auto/multirate2.xml
auto.tcl: Setting watchdog for 200 seconds at Tue Apr 02 04:15:34 UTC 2019
6 ms. Memory: 639488K Free: 619723K (97%)
ptolemy.util.test.WatchDog.cancel(): canceling Tue Apr 02 04:15:34 UTC 2019
auto.tcl: Setting watchdog for 200 seconds at Tue Apr 02 04:15:34 UTC 2019
3 ms. Memory: 639488K Free: 619723K (97%)
ptolemy.util.test.WatchDog.cancel(): canceling Tue Apr 02 04:15:34 UTC 2019
------------------ testing $PTII/ptolemy/domains/de/test/auto/realtime.xml
auto.tcl: Setting watchdog for 200 seconds at Tue Apr 02 04:15:34 UTC 2019
10005 ms. Memory: 641024K Free: 615656K (96%)
ptolemy.util.test.WatchDog.cancel(): canceling Tue Apr 02 04:15:44 UTC 2019
auto.tcl: Setting watchdog for 200 seconds at Tue Apr 02 04:15:44 UTC 2019
10002 ms. Memory: 641024K Free: 615656K (96%)
ptolemy.util.test.WatchDog.cancel(): canceling Tue Apr 02 04:15:54 UTC 2019
------------------ testing $PTII/ptolemy/domains/de/test/auto/relationGroup.xml
auto.tcl: Setting watchdog for 200 seconds at Tue Apr 02 04:15:54 UTC 2019
8 ms. Memory: 639488K Free: 619746K (97%)
ptolemy.util.test.WatchDog.cancel(): canceling Tue Apr 02 04:15:54 UTC 2019
auto.tcl: Setting watchdog for 200 seconds at Tue Apr 02 04:15:54 UTC 2019
1 ms. Memory: 639488K Free: 619746K (97%)
ptolemy.util.test.WatchDog.cancel(): canceling Tue Apr 02 04:15:54 UTC 2019
------------------ testing $PTII/ptolemy/domains/de/test/auto/relationGroup2.xml
auto.tcl: Setting watchdog for 200 seconds at Tue Apr 02 04:15:54 UTC 2019
1 ms. Memory: 641024K Free: 615728K (96%)
ptolemy.util.test.WatchDog.cancel(): canceling Tue Apr 02 04:15:54 UTC 2019
auto.tcl: Setting watchdog for 200 seconds at Tue Apr 02 04:15:54 UTC 2019
1 ms. Memory: 641024K Free: 615728K (96%)
ptolemy.util.test.WatchDog.cancel(): canceling Tue Apr 02 04:15:54 UTC 2019
------------------ testing $PTII/ptolemy/domains/de/test/auto/sortWithOpaquePorts.xml
auto.tcl: Setting watchdog for 200 seconds at Tue Apr 02 04:15:54 UTC 2019
1 ms. Memory: 639488K Free: 614193K (96%)
ptolemy.util.test.WatchDog.cancel(): canceling Tue Apr 02 04:15:54 UTC 2019
auto.tcl: Setting watchdog for 200 seconds at Tue Apr 02 04:15:54 UTC 2019
2 ms. Memory: 639488K Free: 614193K (96%)
ptolemy.util.test.WatchDog.cancel(): canceling Tue Apr 02 04:15:54 UTC 2019
------------------ testing $PTII/ptolemy/domains/de/test/auto/transferInputsandOutputs.xml
auto.tcl: Setting watchdog for 200 seconds at Tue Apr 02 04:15:54 UTC 2019
2 ms. Memory: 640512K Free: 615205K (96%)
ptolemy.util.test.WatchDog.cancel(): canceling Tue Apr 02 04:15:54 UTC 2019
auto.tcl: Setting watchdog for 200 seconds at Tue Apr 02 04:15:54 UTC 2019
3 ms. Memory: 640512K Free: 615205K (96%)
ptolemy.util.test.WatchDog.cancel(): canceling Tue Apr 02 04:15:54 UTC 2019
------------------ testing $PTII/ptolemy/domains/de/test/auto/triggerType.xml
auto.tcl: Setting watchdog for 200 seconds at Tue Apr 02 04:15:54 UTC 2019
1 ms. Memory: 639488K Free: 614130K (96%)
ptolemy.util.test.WatchDog.cancel(): canceling Tue Apr 02 04:15:54 UTC 2019
auto.tcl: Setting watchdog for 200 seconds at Tue Apr 02 04:15:54 UTC 2019
2 ms. Memory: 639488K Free: 614130K (96%)
ptolemy.util.test.WatchDog.cancel(): canceling Tue Apr 02 04:15:54 UTC 2019
04/02/19 04:15:54
Failed: 0  Total Tests: 192  ((Passed: 187, Newly Passed: 1)  Known Failed: 5) /home/travis/build/icyphy/ptII/ptolemy/domains/de/test
04/02/19 04:15:54
Failed: 0  Total Tests: 192  ((Passed: 187, Newly Passed: 1)  Known Failed: 5) /home/travis/build/icyphy/ptII/ptolemy/domains/de/test
----------------- testing (KnownFailure) /home/travis/build/icyphy/ptII/ptolemy/domains/de/test/auto/knownFailedTests/DESDFClockTest.xml
2012 ms. Memory: 640512K Free: 604025K (94%)
Known Failure: java.lang.reflect.InvocationTargetException
----------------- testing (KnownFailure) /home/travis/build/icyphy/ptII/ptolemy/domains/de/test/auto/knownFailedTests/DirectFeedback.xml
2 ms. Memory: 640512K Free: 559378K (87%)
Known Failure: java.lang.reflect.InvocationTargetException
----------------- testing (KnownFailure) /home/travis/build/icyphy/ptII/ptolemy/domains/de/test/auto/knownFailedTests/FSMSource.xml
7 ms. Memory: 640512K Free: 514732K (80%)
----------------- testing (KnownFailure) /home/travis/build/icyphy/ptII/ptolemy/domains/de/test/auto/knownFailedTests/HierarchicalModel.xml
3 ms. Memory: 640512K Free: 481239K (75%)
Known Failure: java.lang.reflect.InvocationTargetException
----------------- testing (KnownFailure) /home/travis/build/icyphy/ptII/ptolemy/domains/de/test/auto/knownFailedTests/dependencyLoop.xml
2 ms. Memory: 640512K Free: 425415K (66%)
Known Failure: java.lang.reflect.InvocationTargetException
----------------- testing (KnownFailure) /home/travis/build/icyphy/ptII/ptolemy/domains/de/test/auto/knownFailedTests/dependencyLoop2.xml
2 ms. Memory: 640512K Free: 369590K (58%)
Known Failure: java.lang.reflect.InvocationTargetException
No auto/linux-amd64/*.xml tests in /home/travis/build/icyphy/ptII/ptolemy/domains/de/test
AutoTests.java: About to close Vertx.
AutoTests.java: Vertx closed.

===========================================================================================
----------------- testing Tue Apr 02 04:15:57 UTC 2019 /home/travis/build/icyphy/ptII/ptolemy/domains/de/test/auto/ActorDepthCalculation_actorWithoutPorts.xml
----------------- Instantiating /home/travis/build/icyphy/ptII/ptolemy/domains/de/test/auto/ActorDepthCalculation_actorWithoutPorts.xml
2 ms. Memory: 640512K Free: 313782K (49%)
----------------- Invoking toplevel() on ptolemy.moml.MoMLSimpleApplication@7e4848cb
----------------- Done invoking toplevel() on ptolemy.moml.MoMLSimpleApplication@7e4848cb
reloadAllAccessors: .ActorDepthCalculation_actorWithoutPorts

===========================================================================================
----------------- testing Tue Apr 02 04:15:57 UTC 2019 /home/travis/build/icyphy/ptII/ptolemy/domains/de/test/auto/AssemblyLine.xml
----------------- Instantiating /home/travis/build/icyphy/ptII/ptolemy/domains/de/test/auto/AssemblyLine.xml
2 ms. Memory: 640512K Free: 291459K (46%)
----------------- Invoking toplevel() on ptolemy.moml.MoMLSimpleApplication@7e5b007
----------------- Done invoking toplevel() on ptolemy.moml.MoMLSimpleApplication@7e5b007
reloadAllAccessors: .AssemblyLine

===========================================================================================
----------------- testing Tue Apr 02 04:15:57 UTC 2019 /home/travis/build/icyphy/ptII/ptolemy/domains/de/test/auto/CQBug1.xml
----------------- Instantiating /home/travis/build/icyphy/ptII/ptolemy/domains/de/test/auto/CQBug1.xml
0 ms. Memory: 640512K Free: 269136K (42%)
----------------- Invoking toplevel() on ptolemy.moml.MoMLSimpleApplication@4db05b7e
----------------- Done invoking toplevel() on ptolemy.moml.MoMLSimpleApplication@4db05b7e
reloadAllAccessors: .CQBug1

===========================================================================================
----------------- testing Tue Apr 02 04:15:57 UTC 2019 /home/travis/build/icyphy/ptII/ptolemy/domains/de/test/auto/CancelFireAt.xml
----------------- Instantiating /home/travis/build/icyphy/ptII/ptolemy/domains/de/test/auto/CancelFireAt.xml
1 ms. Memory: 640512K Free: 246812K (39%)
----------------- Invoking toplevel() on ptolemy.moml.MoMLSimpleApplication@45d2bbb
----------------- Done invoking toplevel() on ptolemy.moml.MoMLSimpleApplication@45d2bbb
reloadAllAccessors: .CancelFireAt

===========================================================================================
----------------- testing Tue Apr 02 04:15:57 UTC 2019 /home/travis/build/icyphy/ptII/ptolemy/domains/de/test/auto/CausalityAndComposabilityAnalysis.xml
----------------- Instantiating /home/travis/build/icyphy/ptII/ptolemy/domains/de/test/auto/CausalityAndComposabilityAnalysis.xml
3 ms. Memory: 640512K Free: 224489K (35%)
----------------- Invoking toplevel() on ptolemy.moml.MoMLSimpleApplication@1f0d57e6
----------------- Done invoking toplevel() on ptolemy.moml.MoMLSimpleApplication@1f0d57e6
reloadAllAccessors: .CausalityAndComposabilityAnalysis

===========================================================================================
----------------- testing Tue Apr 02 04:15:57 UTC 2019 /home/travis/build/icyphy/ptII/ptolemy/domains/de/test/auto/CausalityInterface1.xml
----------------- Instantiating /home/travis/build/icyphy/ptII/ptolemy/domains/de/test/auto/CausalityInterface1.xml
5 ms. Memory: 640512K Free: 202166K (32%)
----------------- Invoking toplevel() on ptolemy.moml.MoMLSimpleApplication@70030984
----------------- Done invoking toplevel() on ptolemy.moml.MoMLSimpleApplication@70030984
reloadAllAccessors: .CausalityInterface1

===========================================================================================
----------------- testing Tue Apr 02 04:15:57 UTC 2019 /home/travis/build/icyphy/ptII/ptolemy/domains/de/test/auto/CausalityInterface15.xml
----------------- Instantiating /home/travis/build/icyphy/ptII/ptolemy/domains/de/test/auto/CausalityInterface15.xml
2 ms. Memory: 640512K Free: 179843K (28%)
----------------- Invoking toplevel() on ptolemy.moml.MoMLSimpleApplication@28090060
----------------- Done invoking toplevel() on ptolemy.moml.MoMLSimpleApplication@28090060
reloadAllAccessors: .CausalityInterface15

===========================================================================================
----------------- testing Tue Apr 02 04:15:57 UTC 2019 /home/travis/build/icyphy/ptII/ptolemy/domains/de/test/auto/CausalityInterface2.xml
----------------- Instantiating /home/travis/build/icyphy/ptII/ptolemy/domains/de/test/auto/CausalityInterface2.xml
1 ms. Memory: 640512K Free: 157519K (25%)
----------------- Invoking toplevel() on ptolemy.moml.MoMLSimpleApplication@55582a0e
----------------- Done invoking toplevel() on ptolemy.moml.MoMLSimpleApplication@55582a0e
reloadAllAccessors: .CausalityInterface2

===========================================================================================
----------------- testing Tue Apr 02 04:15:57 UTC 2019 /home/travis/build/icyphy/ptII/ptolemy/domains/de/test/auto/CausalityInterface3.xml
----------------- Instantiating /home/travis/build/icyphy/ptII/ptolemy/domains/de/test/auto/CausalityInterface3.xml
2 ms. Memory: 640512K Free: 135196K (21%)
----------------- Invoking toplevel() on ptolemy.moml.MoMLSimpleApplication@a2e85be
----------------- Done invoking toplevel() on ptolemy.moml.MoMLSimpleApplication@a2e85be
reloadAllAccessors: .CausalityInterface3

===========================================================================================
----------------- testing Tue Apr 02 04:15:57 UTC 2019 /home/travis/build/icyphy/ptII/ptolemy/domains/de/test/auto/ClockDrift.xml
----------------- Instantiating /home/travis/build/icyphy/ptII/ptolemy/domains/de/test/auto/ClockDrift.xml
19 ms. Memory: 640512K Free: 112873K (18%)
----------------- Invoking toplevel() on ptolemy.moml.MoMLSimpleApplication@4d78f9bf
----------------- Done invoking toplevel() on ptolemy.moml.MoMLSimpleApplication@4d78f9bf
reloadAllAccessors: .ClockDrift

===========================================================================================
----------------- testing Tue Apr 02 04:15:57 UTC 2019 /home/travis/build/icyphy/ptII/ptolemy/domains/de/test/auto/ClockDriftAndValueChange.xml
----------------- Instantiating /home/travis/build/icyphy/ptII/ptolemy/domains/de/test/auto/ClockDriftAndValueChange.xml
12 ms. Memory: 640512K Free: 90550K (14%)
----------------- Invoking toplevel() on ptolemy.moml.MoMLSimpleApplication@5cbf2c94
----------------- Done invoking toplevel() on ptolemy.moml.MoMLSimpleApplication@5cbf2c94
reloadAllAccessors: .ClockDriftAndValueChange

===========================================================================================
----------------- testing Tue Apr 02 04:15:57 UTC 2019 /home/travis/build/icyphy/ptII/ptolemy/domains/de/test/auto/ClockDriftChange.xml
----------------- Instantiating /home/travis/build/icyphy/ptII/ptolemy/domains/de/test/auto/ClockDriftChange.xml
10 ms. Memory: 640512K Free: 76676K (12%)
----------------- Invoking toplevel() on ptolemy.moml.MoMLSimpleApplication@59a16764
----------------- Done invoking toplevel() on ptolemy.moml.MoMLSimpleApplication@59a16764
reloadAllAccessors: .ClockDriftChange

===========================================================================================
----------------- testing Tue Apr 02 04:15:57 UTC 2019 /home/travis/build/icyphy/ptII/ptolemy/domains/de/test/auto/ComposableCausalityAnalysis.xml
----------------- Instantiating /home/travis/build/icyphy/ptII/ptolemy/domains/de/test/auto/ComposableCausalityAnalysis.xml
3 ms. Memory: 613376K Free: 586084K (96%)
----------------- Invoking toplevel() on ptolemy.moml.MoMLSimpleApplication@253ff924
----------------- Done invoking toplevel() on ptolemy.moml.MoMLSimpleApplication@253ff924
reloadAllAccessors: .ComposableCausalityAnalysis

===========================================================================================
----------------- testing Tue Apr 02 04:15:57 UTC 2019 /home/travis/build/icyphy/ptII/ptolemy/domains/de/test/auto/DEFixedPointLimitation.xml
----------------- Instantiating /home/travis/build/icyphy/ptII/ptolemy/domains/de/test/auto/DEFixedPointLimitation.xml
1 ms. Memory: 613376K Free: 559609K (91%)
----------------- Invoking toplevel() on ptolemy.moml.MoMLSimpleApplication@7563b30e
----------------- Done invoking toplevel() on ptolemy.moml.MoMLSimpleApplication@7563b30e
reloadAllAccessors: .DEFixedPointLimitation

===========================================================================================
----------------- testing Tue Apr 02 04:15:57 UTC 2019 /home/travis/build/icyphy/ptII/ptolemy/domains/de/test/auto/DEScheduleTest.xml
----------------- Instantiating /home/travis/build/icyphy/ptII/ptolemy/domains/de/test/auto/DEScheduleTest.xml
7 ms. Memory: 613376K Free: 538330K (88%)
----------------- Invoking toplevel() on ptolemy.moml.MoMLSimpleApplication@5a39ee85
----------------- Done invoking toplevel() on ptolemy.moml.MoMLSimpleApplication@5a39ee85
reloadAllAccessors: .DEScheduleTest

===========================================================================================
----------------- testing Tue Apr 02 04:15:57 UTC 2019 /home/travis/build/icyphy/ptII/ptolemy/domains/de/test/auto/DEinDEwithStartTimes.xml
----------------- Instantiating /home/travis/build/icyphy/ptII/ptolemy/domains/de/test/auto/DEinDEwithStartTimes.xml
2 ms. Memory: 613376K Free: 517051K (84%)
----------------- Invoking toplevel() on ptolemy.moml.MoMLSimpleApplication@1c0cdf3a
----------------- Done invoking toplevel() on ptolemy.moml.MoMLSimpleApplication@1c0cdf3a
reloadAllAccessors: .DEinDEwithStartTimes

===========================================================================================
----------------- testing Tue Apr 02 04:15:57 UTC 2019 /home/travis/build/icyphy/ptII/ptolemy/domains/de/test/auto/DEinDEwithStartTimes2.xml
----------------- Instantiating /home/travis/build/icyphy/ptII/ptolemy/domains/de/test/auto/DEinDEwithStartTimes2.xml
2 ms. Memory: 613376K Free: 495760K (81%)
----------------- Invoking toplevel() on ptolemy.moml.MoMLSimpleApplication@2b30107f
----------------- Done invoking toplevel() on ptolemy.moml.MoMLSimpleApplication@2b30107f
reloadAllAccessors: .DEinDEwithStartTimes2

===========================================================================================
----------------- testing Tue Apr 02 04:15:57 UTC 2019 /home/travis/build/icyphy/ptII/ptolemy/domains/de/test/auto/DateDemo.xml
----------------- Instantiating /home/travis/build/icyphy/ptII/ptolemy/domains/de/test/auto/DateDemo.xml
6 ms. Memory: 613376K Free: 474481K (77%)
----------------- Invoking toplevel() on ptolemy.moml.MoMLSimpleApplication@691d488b
----------------- Done invoking toplevel() on ptolemy.moml.MoMLSimpleApplication@691d488b
reloadAllAccessors: .DateDemo

===========================================================================================
----------------- testing Tue Apr 02 04:15:57 UTC 2019 /home/travis/build/icyphy/ptII/ptolemy/domains/de/test/auto/DateToEvent.xml
----------------- Instantiating /home/travis/build/icyphy/ptII/ptolemy/domains/de/test/auto/DateToEvent.xml
2004 ms. Memory: 613376K Free: 442547K (72%)
----------------- Invoking toplevel() on ptolemy.moml.MoMLSimpleApplication@4c2bd096
----------------- Done invoking toplevel() on ptolemy.moml.MoMLSimpleApplication@4c2bd096
reloadAllAccessors: .DateToEvent

===========================================================================================
----------------- testing Tue Apr 02 04:15:59 UTC 2019 /home/travis/build/icyphy/ptII/ptolemy/domains/de/test/auto/DepthTest1.xml
----------------- Instantiating /home/travis/build/icyphy/ptII/ptolemy/domains/de/test/auto/DepthTest1.xml
1 ms. Memory: 613376K Free: 421268K (69%)
----------------- Invoking toplevel() on ptolemy.moml.MoMLSimpleApplication@7a0e1f0b
----------------- Done invoking toplevel() on ptolemy.moml.MoMLSimpleApplication@7a0e1f0b
reloadAllAccessors: .DepthTest1

===========================================================================================
----------------- testing Tue Apr 02 04:15:59 UTC 2019 /home/travis/build/icyphy/ptII/ptolemy/domains/de/test/auto/DepthTest2.xml
----------------- Instantiating /home/travis/build/icyphy/ptII/ptolemy/domains/de/test/auto/DepthTest2.xml
2 ms. Memory: 613376K Free: 399989K (65%)
----------------- Invoking toplevel() on ptolemy.moml.MoMLSimpleApplication@6e79088b
----------------- Done invoking toplevel() on ptolemy.moml.MoMLSimpleApplication@6e79088b
reloadAllAccessors: .DepthTest2

===========================================================================================
----------------- testing Tue Apr 02 04:15:59 UTC 2019 /home/travis/build/icyphy/ptII/ptolemy/domains/de/test/auto/DepthTest3.xml
----------------- Instantiating /home/travis/build/icyphy/ptII/ptolemy/domains/de/test/auto/DepthTest3.xml
1 ms. Memory: 613376K Free: 378711K (62%)
----------------- Invoking toplevel() on ptolemy.moml.MoMLSimpleApplication@556dde36
----------------- Done invoking toplevel() on ptolemy.moml.MoMLSimpleApplication@556dde36
reloadAllAccessors: .DepthTest3

===========================================================================================
----------------- testing Tue Apr 02 04:15:59 UTC 2019 /home/travis/build/icyphy/ptII/ptolemy/domains/de/test/auto/DepthTest4.xml
----------------- Instantiating /home/travis/build/icyphy/ptII/ptolemy/domains/de/test/auto/DepthTest4.xml
1 ms. Memory: 613376K Free: 357432K (58%)
----------------- Invoking toplevel() on ptolemy.moml.MoMLSimpleApplication@50c8dbfd
----------------- Done invoking toplevel() on ptolemy.moml.MoMLSimpleApplication@50c8dbfd
reloadAllAccessors: .DepthTest4

===========================================================================================
----------------- testing Tue Apr 02 04:15:59 UTC 2019 /home/travis/build/icyphy/ptII/ptolemy/domains/de/test/auto/DepthTest5.xml
----------------- Instantiating /home/travis/build/icyphy/ptII/ptolemy/domains/de/test/auto/DepthTest5.xml
2 ms. Memory: 613376K Free: 336153K (55%)
----------------- Invoking toplevel() on ptolemy.moml.MoMLSimpleApplication@10b59edb
----------------- Done invoking toplevel() on ptolemy.moml.MoMLSimpleApplication@10b59edb
reloadAllAccessors: .DepthTest5

===========================================================================================
----------------- testing Tue Apr 02 04:15:59 UTC 2019 /home/travis/build/icyphy/ptII/ptolemy/domains/de/test/auto/DepthTest6.xml
----------------- Instantiating /home/travis/build/icyphy/ptII/ptolemy/domains/de/test/auto/DepthTest6.xml
2 ms. Memory: 613376K Free: 309677K (50%)
----------------- Invoking toplevel() on ptolemy.moml.MoMLSimpleApplication@1396f230
----------------- Done invoking toplevel() on ptolemy.moml.MoMLSimpleApplication@1396f230
reloadAllAccessors: .DepthTest6

===========================================================================================
----------------- testing Tue Apr 02 04:15:59 UTC 2019 /home/travis/build/icyphy/ptII/ptolemy/domains/de/test/auto/DepthTest7.xml
----------------- Instantiating /home/travis/build/icyphy/ptII/ptolemy/domains/de/test/auto/DepthTest7.xml
1 ms. Memory: 613376K Free: 288399K (47%)
----------------- Invoking toplevel() on ptolemy.moml.MoMLSimpleApplication@5a92af25
----------------- Done invoking toplevel() on ptolemy.moml.MoMLSimpleApplication@5a92af25
reloadAllAccessors: .DepthTest7

===========================================================================================
----------------- testing Tue Apr 02 04:15:59 UTC 2019 /home/travis/build/icyphy/ptII/ptolemy/domains/de/test/auto/EventToDate.xml
----------------- Instantiating /home/travis/build/icyphy/ptII/ptolemy/domains/de/test/auto/EventToDate.xml
3003 ms. Memory: 613376K Free: 256464K (42%)
----------------- Invoking toplevel() on ptolemy.moml.MoMLSimpleApplication@620b7e07
----------------- Done invoking toplevel() on ptolemy.moml.MoMLSimpleApplication@620b7e07
reloadAllAccessors: .EventToDate

===========================================================================================
----------------- testing Tue Apr 02 04:16:02 UTC 2019 /home/travis/build/icyphy/ptII/ptolemy/domains/de/test/auto/FSM1.xml
----------------- Instantiating /home/travis/build/icyphy/ptII/ptolemy/domains/de/test/auto/FSM1.xml
9 ms. Memory: 613376K Free: 235186K (38%)
----------------- Invoking toplevel() on ptolemy.moml.MoMLSimpleApplication@cc170e3
----------------- Done invoking toplevel() on ptolemy.moml.MoMLSimpleApplication@cc170e3
reloadAllAccessors: .FSM1

===========================================================================================
----------------- testing Tue Apr 02 04:16:02 UTC 2019 /home/travis/build/icyphy/ptII/ptolemy/domains/de/test/auto/FSM7.xml
----------------- Instantiating /home/travis/build/icyphy/ptII/ptolemy/domains/de/test/auto/FSM7.xml
16 ms. Memory: 613376K Free: 213907K (35%)
----------------- Invoking toplevel() on ptolemy.moml.MoMLSimpleApplication@5a7664ee
----------------- Done invoking toplevel() on ptolemy.moml.MoMLSimpleApplication@5a7664ee
reloadAllAccessors: .FSM7

===========================================================================================
----------------- testing Tue Apr 02 04:16:02 UTC 2019 /home/travis/build/icyphy/ptII/ptolemy/domains/de/test/auto/Inspection.xml
----------------- Instantiating /home/travis/build/icyphy/ptII/ptolemy/domains/de/test/auto/Inspection.xml
21 ms. Memory: 613376K Free: 181973K (30%)
----------------- Invoking toplevel() on ptolemy.moml.MoMLSimpleApplication@4cf23b2d
----------------- Done invoking toplevel() on ptolemy.moml.MoMLSimpleApplication@4cf23b2d
reloadAllAccessors: .Inspection

===========================================================================================
----------------- testing Tue Apr 02 04:16:02 UTC 2019 /home/travis/build/icyphy/ptII/ptolemy/domains/de/test/auto/Iteration.xml
----------------- Instantiating /home/travis/build/icyphy/ptII/ptolemy/domains/de/test/auto/Iteration.xml
9 ms. Memory: 613376K Free: 160694K (26%)
----------------- Invoking toplevel() on ptolemy.moml.MoMLSimpleApplication@5d109bf6
----------------- Done invoking toplevel() on ptolemy.moml.MoMLSimpleApplication@5d109bf6
reloadAllAccessors: .Iteration

===========================================================================================
----------------- testing Tue Apr 02 04:16:02 UTC 2019 /home/travis/build/icyphy/ptII/ptolemy/domains/de/test/auto/LineFault.xml
----------------- Instantiating /home/travis/build/icyphy/ptII/ptolemy/domains/de/test/auto/LineFault.xml
460 ms. Memory: 589312K Free: 549733K (93%)
----------------- Invoking toplevel() on ptolemy.moml.MoMLSimpleApplication@555c420d
----------------- Done invoking toplevel() on ptolemy.moml.MoMLSimpleApplication@555c420d
reloadAllAccessors: .LineFault

===========================================================================================
----------------- testing Tue Apr 02 04:16:03 UTC 2019 /home/travis/build/icyphy/ptII/ptolemy/domains/de/test/auto/MergeModel1Add.xml
----------------- Instantiating /home/travis/build/icyphy/ptII/ptolemy/domains/de/test/auto/MergeModel1Add.xml
11 ms. Memory: 589312K Free: 515499K (87%)
----------------- Invoking toplevel() on ptolemy.moml.MoMLSimpleApplication@74ba5ab1
----------------- Done invoking toplevel() on ptolemy.moml.MoMLSimpleApplication@74ba5ab1
reloadAllAccessors: .MergeModel1Add

===========================================================================================
----------------- testing Tue Apr 02 04:16:03 UTC 2019 /home/travis/build/icyphy/ptII/ptolemy/domains/de/test/auto/MergeModel2Add.xml
----------------- Instantiating /home/travis/build/icyphy/ptII/ptolemy/domains/de/test/auto/MergeModel2Add.xml
7 ms. Memory: 589312K Free: 490123K (83%)
----------------- Invoking toplevel() on ptolemy.moml.MoMLSimpleApplication@7449a0c0
----------------- Done invoking toplevel() on ptolemy.moml.MoMLSimpleApplication@7449a0c0
reloadAllAccessors: .MergeModel2Add

===========================================================================================
----------------- testing Tue Apr 02 04:16:03 UTC 2019 /home/travis/build/icyphy/ptII/ptolemy/domains/de/test/auto/MergeModel3Add.xml
----------------- Instantiating /home/travis/build/icyphy/ptII/ptolemy/domains/de/test/auto/MergeModel3Add.xml
6 ms. Memory: 589312K Free: 464762K (79%)
----------------- Invoking toplevel() on ptolemy.moml.MoMLSimpleApplication@3a5eec4
----------------- Done invoking toplevel() on ptolemy.moml.MoMLSimpleApplication@3a5eec4
reloadAllAccessors: .MergeModel3Add

===========================================================================================
----------------- testing Tue Apr 02 04:16:03 UTC 2019 /home/travis/build/icyphy/ptII/ptolemy/domains/de/test/auto/MergeWithoutDiscard.xml
----------------- Instantiating /home/travis/build/icyphy/ptII/ptolemy/domains/de/test/auto/MergeWithoutDiscard.xml
1 ms. Memory: 589312K Free: 454616K (77%)
----------------- Invoking toplevel() on ptolemy.moml.MoMLSimpleApplication@5c1d378f
----------------- Done invoking toplevel() on ptolemy.moml.MoMLSimpleApplication@5c1d378f
reloadAllAccessors: .MergeWithoutDiscard

===========================================================================================
----------------- testing Tue Apr 02 04:16:03 UTC 2019 /home/travis/build/icyphy/ptII/ptolemy/domains/de/test/auto/Modal1.xml
----------------- Instantiating /home/travis/build/icyphy/ptII/ptolemy/domains/de/test/auto/Modal1.xml
8 ms. Memory: 589312K Free: 439394K (75%)
----------------- Invoking toplevel() on ptolemy.moml.MoMLSimpleApplication@654a9075
----------------- Done invoking toplevel() on ptolemy.moml.MoMLSimpleApplication@654a9075
reloadAllAccessors: .Modal1

===========================================================================================
----------------- testing Tue Apr 02 04:16:03 UTC 2019 /home/travis/build/icyphy/ptII/ptolemy/domains/de/test/auto/Modal2.xml
----------------- Instantiating /home/travis/build/icyphy/ptII/ptolemy/domains/de/test/auto/Modal2.xml
6 ms. Memory: 589312K Free: 424171K (72%)
----------------- Invoking toplevel() on ptolemy.moml.MoMLSimpleApplication@2364eb7d
----------------- Done invoking toplevel() on ptolemy.moml.MoMLSimpleApplication@2364eb7d
reloadAllAccessors: .Modal2

===========================================================================================
----------------- testing Tue Apr 02 04:16:03 UTC 2019 /home/travis/build/icyphy/ptII/ptolemy/domains/de/test/auto/Modal3.xml
----------------- Instantiating /home/travis/build/icyphy/ptII/ptolemy/domains/de/test/auto/Modal3.xml
6 ms. Memory: 589312K Free: 405651K (69%)
----------------- Invoking toplevel() on ptolemy.moml.MoMLSimpleApplication@695d4327
----------------- Done invoking toplevel() on ptolemy.moml.MoMLSimpleApplication@695d4327
reloadAllAccessors: .Modal3

===========================================================================================
----------------- testing Tue Apr 02 04:16:03 UTC 2019 /home/travis/build/icyphy/ptII/ptolemy/domains/de/test/auto/Modal4.xml
----------------- Instantiating /home/travis/build/icyphy/ptII/ptolemy/domains/de/test/auto/Modal4.xml
9 ms. Memory: 589312K Free: 390436K (66%)
----------------- Invoking toplevel() on ptolemy.moml.MoMLSimpleApplication@7d60dc49
----------------- Done invoking toplevel() on ptolemy.moml.MoMLSimpleApplication@7d60dc49
reloadAllAccessors: .Modal4

===========================================================================================
----------------- testing Tue Apr 02 04:16:03 UTC 2019 /home/travis/build/icyphy/ptII/ptolemy/domains/de/test/auto/Modal5.xml
----------------- Instantiating /home/travis/build/icyphy/ptII/ptolemy/domains/de/test/auto/Modal5.xml
7 ms. Memory: 589312K Free: 375222K (64%)
----------------- Invoking toplevel() on ptolemy.moml.MoMLSimpleApplication@48fdf1c7
----------------- Done invoking toplevel() on ptolemy.moml.MoMLSimpleApplication@48fdf1c7
reloadAllAccessors: .Modal5

===========================================================================================
----------------- testing Tue Apr 02 04:16:03 UTC 2019 /home/travis/build/icyphy/ptII/ptolemy/domains/de/test/auto/Modal6.xml
----------------- Instantiating /home/travis/build/icyphy/ptII/ptolemy/domains/de/test/auto/Modal6.xml
9 ms. Memory: 589312K Free: 360008K (61%)
----------------- Invoking toplevel() on ptolemy.moml.MoMLSimpleApplication@466fb406
----------------- Done invoking toplevel() on ptolemy.moml.MoMLSimpleApplication@466fb406
reloadAllAccessors: .Modal6

===========================================================================================
----------------- testing Tue Apr 02 04:16:03 UTC 2019 /home/travis/build/icyphy/ptII/ptolemy/domains/de/test/auto/Modal7.xml
----------------- Instantiating /home/travis/build/icyphy/ptII/ptolemy/domains/de/test/auto/Modal7.xml
10 ms. Memory: 589312K Free: 339700K (58%)
----------------- Invoking toplevel() on ptolemy.moml.MoMLSimpleApplication@375b9ae7
----------------- Done invoking toplevel() on ptolemy.moml.MoMLSimpleApplication@375b9ae7
reloadAllAccessors: .Modal7

===========================================================================================
----------------- testing Tue Apr 02 04:16:03 UTC 2019 /home/travis/build/icyphy/ptII/ptolemy/domains/de/test/auto/ModalModel.xml
----------------- Instantiating /home/travis/build/icyphy/ptII/ptolemy/domains/de/test/auto/ModalModel.xml
102 ms. Memory: 589312K Free: 268593K (46%)
----------------- Invoking toplevel() on ptolemy.moml.MoMLSimpleApplication@18c3b92b
----------------- Done invoking toplevel() on ptolemy.moml.MoMLSimpleApplication@18c3b92b
reloadAllAccessors: .ModalModel

===========================================================================================
----------------- testing Tue Apr 02 04:16:03 UTC 2019 /home/travis/build/icyphy/ptII/ptolemy/domains/de/test/auto/ModalSource.xml
----------------- Instantiating /home/travis/build/icyphy/ptII/ptolemy/domains/de/test/auto/ModalSource.xml
4 ms. Memory: 589312K Free: 253370K (43%)
----------------- Invoking toplevel() on ptolemy.moml.MoMLSimpleApplication@382b282c
----------------- Done invoking toplevel() on ptolemy.moml.MoMLSimpleApplication@382b282c
reloadAllAccessors: .ModalSource

===========================================================================================
----------------- testing Tue Apr 02 04:16:03 UTC 2019 /home/travis/build/icyphy/ptII/ptolemy/domains/de/test/auto/NonInterruptibleTimerZeroDelay.xml
----------------- Instantiating /home/travis/build/icyphy/ptII/ptolemy/domains/de/test/auto/NonInterruptibleTimerZeroDelay.xml
2 ms. Memory: 589312K Free: 239934K (41%)
----------------- Invoking toplevel() on ptolemy.moml.MoMLSimpleApplication@77f49966
----------------- Done invoking toplevel() on ptolemy.moml.MoMLSimpleApplication@77f49966
reloadAllAccessors: .NonInterruptibleTimerZeroDelay

===========================================================================================
----------------- testing Tue Apr 02 04:16:03 UTC 2019 /home/travis/build/icyphy/ptII/ptolemy/domains/de/test/auto/OpenQueueingNetwork.xml
----------------- Instantiating /home/travis/build/icyphy/ptII/ptolemy/domains/de/test/auto/OpenQueueingNetwork.xml
2131 ms. Memory: 565760K Free: 122473K (22%)
----------------- Invoking toplevel() on ptolemy.moml.MoMLSimpleApplication@77120950
----------------- Done invoking toplevel() on ptolemy.moml.MoMLSimpleApplication@77120950
reloadAllAccessors: .OpenQueueingNetwork

===========================================================================================
----------------- testing Tue Apr 02 04:16:06 UTC 2019 /home/travis/build/icyphy/ptII/ptolemy/domains/de/test/auto/OpenQueuingNetwork.xml
----------------- Instantiating /home/travis/build/icyphy/ptII/ptolemy/domains/de/test/auto/OpenQueuingNetwork.xml
215 ms. Memory: 542720K Free: 489914K (90%)
----------------- Invoking toplevel() on ptolemy.moml.MoMLSimpleApplication@6095fa26
----------------- Done invoking toplevel() on ptolemy.moml.MoMLSimpleApplication@6095fa26
reloadAllAccessors: .OpenQueuingNetwork

===========================================================================================
----------------- testing Tue Apr 02 04:16:06 UTC 2019 /home/travis/build/icyphy/ptII/ptolemy/domains/de/test/auto/PeriodicSampler.xml
----------------- Instantiating /home/travis/build/icyphy/ptII/ptolemy/domains/de/test/auto/PeriodicSampler.xml
2 ms. Memory: 542720K Free: 480673K (89%)
----------------- Invoking toplevel() on ptolemy.moml.MoMLSimpleApplication@b97142f
----------------- Done invoking toplevel() on ptolemy.moml.MoMLSimpleApplication@b97142f
reloadAllAccessors: .PeriodicSampler

===========================================================================================
----------------- testing Tue Apr 02 04:16:06 UTC 2019 /home/travis/build/icyphy/ptII/ptolemy/domains/de/test/auto/PersistentIO.xml
----------------- Instantiating /home/travis/build/icyphy/ptII/ptolemy/domains/de/test/auto/PersistentIO.xml
4 ms. Memory: 542720K Free: 468369K (86%)
----------------- Invoking toplevel() on ptolemy.moml.MoMLSimpleApplication@cf4866f
----------------- Done invoking toplevel() on ptolemy.moml.MoMLSimpleApplication@cf4866f
reloadAllAccessors: .PersistentIO

===========================================================================================
----------------- testing Tue Apr 02 04:16:06 UTC 2019 /home/travis/build/icyphy/ptII/ptolemy/domains/de/test/auto/PortParameterResetOnInitialize.xml
----------------- Instantiating /home/travis/build/icyphy/ptII/ptolemy/domains/de/test/auto/PortParameterResetOnInitialize.xml
4 ms. Memory: 542720K Free: 460911K (85%)
----------------- Invoking toplevel() on ptolemy.moml.MoMLSimpleApplication@4ca2c45
----------------- Done invoking toplevel() on ptolemy.moml.MoMLSimpleApplication@4ca2c45
reloadAllAccessors: .PortParameterResetOnInitialize

===========================================================================================
----------------- testing Tue Apr 02 04:16:06 UTC 2019 /home/travis/build/icyphy/ptII/ptolemy/domains/de/test/auto/PortParameterUpdates.xml
----------------- Instantiating /home/travis/build/icyphy/ptII/ptolemy/domains/de/test/auto/PortParameterUpdates.xml
2 ms. Memory: 542720K Free: 451686K (83%)
----------------- Invoking toplevel() on ptolemy.moml.MoMLSimpleApplication@1a8b892d
----------------- Done invoking toplevel() on ptolemy.moml.MoMLSimpleApplication@1a8b892d
reloadAllAccessors: .PortParameterUpdates

===========================================================================================
----------------- testing Tue Apr 02 04:16:06 UTC 2019 /home/travis/build/icyphy/ptII/ptolemy/domains/de/test/auto/QueueAndServer.xml
----------------- Instantiating /home/travis/build/icyphy/ptII/ptolemy/domains/de/test/auto/QueueAndServer.xml
6 ms. Memory: 542720K Free: 442454K (82%)
----------------- Invoking toplevel() on ptolemy.moml.MoMLSimpleApplication@573894fd
----------------- Done invoking toplevel() on ptolemy.moml.MoMLSimpleApplication@573894fd
reloadAllAccessors: .QueueAndServer

===========================================================================================
----------------- testing Tue Apr 02 04:16:06 UTC 2019 /home/travis/build/icyphy/ptII/ptolemy/domains/de/test/auto/Records.xml
----------------- Instantiating /home/travis/build/icyphy/ptII/ptolemy/domains/de/test/auto/Records.xml
7 ms. Memory: 542720K Free: 431916K (80%)
----------------- Invoking toplevel() on ptolemy.moml.MoMLSimpleApplication@28a4c9d5
----------------- Done invoking toplevel() on ptolemy.moml.MoMLSimpleApplication@28a4c9d5
reloadAllAccessors: .Records

===========================================================================================
----------------- testing Tue Apr 02 04:16:06 UTC 2019 /home/travis/build/icyphy/ptII/ptolemy/domains/de/test/auto/ResetTransitionWithStartTime1.xml
----------------- Instantiating /home/travis/build/icyphy/ptII/ptolemy/domains/de/test/auto/ResetTransitionWithStartTime1.xml
5 ms. Memory: 542720K Free: 422692K (78%)
----------------- Invoking toplevel() on ptolemy.moml.MoMLSimpleApplication@5a8b9349
----------------- Done invoking toplevel() on ptolemy.moml.MoMLSimpleApplication@5a8b9349
reloadAllAccessors: .ResetTransitionWithStartTime1

===========================================================================================
----------------- testing Tue Apr 02 04:16:06 UTC 2019 /home/travis/build/icyphy/ptII/ptolemy/domains/de/test/auto/ResetTransitionWithStartTime2.xml
----------------- Instantiating /home/travis/build/icyphy/ptII/ptolemy/domains/de/test/auto/ResetTransitionWithStartTime2.xml
4 ms. Memory: 542720K Free: 412161K (76%)
----------------- Invoking toplevel() on ptolemy.moml.MoMLSimpleApplication@5dde6c38
----------------- Done invoking toplevel() on ptolemy.moml.MoMLSimpleApplication@5dde6c38
reloadAllAccessors: .ResetTransitionWithStartTime2

===========================================================================================
----------------- testing Tue Apr 02 04:16:06 UTC 2019 /home/travis/build/icyphy/ptII/ptolemy/domains/de/test/auto/ResetTransitionWithStartTime3.xml
----------------- Instantiating /home/travis/build/icyphy/ptII/ptolemy/domains/de/test/auto/ResetTransitionWithStartTime3.xml
4 ms. Memory: 542720K Free: 402945K (74%)
----------------- Invoking toplevel() on ptolemy.moml.MoMLSimpleApplication@695d40bc
----------------- Done invoking toplevel() on ptolemy.moml.MoMLSimpleApplication@695d40bc
reloadAllAccessors: .ResetTransitionWithStartTime3

===========================================================================================
----------------- testing Tue Apr 02 04:16:06 UTC 2019 /home/travis/build/icyphy/ptII/ptolemy/domains/de/test/auto/ResetTransitionWithStartTime4.xml
----------------- Instantiating /home/travis/build/icyphy/ptII/ptolemy/domains/de/test/auto/ResetTransitionWithStartTime4.xml
3 ms. Memory: 542720K Free: 393713K (73%)
----------------- Invoking toplevel() on ptolemy.moml.MoMLSimpleApplication@75451698
----------------- Done invoking toplevel() on ptolemy.moml.MoMLSimpleApplication@75451698
reloadAllAccessors: .ResetTransitionWithStartTime4

===========================================================================================
----------------- testing Tue Apr 02 04:16:06 UTC 2019 /home/travis/build/icyphy/ptII/ptolemy/domains/de/test/auto/ResettableTimer1.xml
----------------- Instantiating /home/travis/build/icyphy/ptII/ptolemy/domains/de/test/auto/ResettableTimer1.xml
2 ms. Memory: 542720K Free: 386254K (71%)
----------------- Invoking toplevel() on ptolemy.moml.MoMLSimpleApplication@6dbf7489
----------------- Done invoking toplevel() on ptolemy.moml.MoMLSimpleApplication@6dbf7489
reloadAllAccessors: .ResettableTimer1

===========================================================================================
----------------- testing Tue Apr 02 04:16:06 UTC 2019 /home/travis/build/icyphy/ptII/ptolemy/domains/de/test/auto/ResettableTimer2.xml
----------------- Instantiating /home/travis/build/icyphy/ptII/ptolemy/domains/de/test/auto/ResettableTimer2.xml
2 ms. Memory: 542720K Free: 380110K (70%)
----------------- Invoking toplevel() on ptolemy.moml.MoMLSimpleApplication@653d617c
----------------- Done invoking toplevel() on ptolemy.moml.MoMLSimpleApplication@653d617c
reloadAllAccessors: .ResettableTimer2

===========================================================================================
----------------- testing Tue Apr 02 04:16:06 UTC 2019 /home/travis/build/icyphy/ptII/ptolemy/domains/de/test/auto/ResettableTimer3.xml
----------------- Instantiating /home/travis/build/icyphy/ptII/ptolemy/domains/de/test/auto/ResettableTimer3.xml
1 ms. Memory: 542720K Free: 372651K (69%)
----------------- Invoking toplevel() on ptolemy.moml.MoMLSimpleApplication@1b3c5c58
----------------- Done invoking toplevel() on ptolemy.moml.MoMLSimpleApplication@1b3c5c58
reloadAllAccessors: .ResettableTimer3

===========================================================================================
----------------- testing Tue Apr 02 04:16:06 UTC 2019 /home/travis/build/icyphy/ptII/ptolemy/domains/de/test/auto/ResettableTimer4.xml
----------------- Instantiating /home/travis/build/icyphy/ptII/ptolemy/domains/de/test/auto/ResettableTimer4.xml
1 ms. Memory: 542720K Free: 363435K (67%)
----------------- Invoking toplevel() on ptolemy.moml.MoMLSimpleApplication@13989479
----------------- Done invoking toplevel() on ptolemy.moml.MoMLSimpleApplication@13989479
reloadAllAccessors: .ResettableTimer4

===========================================================================================
----------------- testing Tue Apr 02 04:16:06 UTC 2019 /home/travis/build/icyphy/ptII/ptolemy/domains/de/test/auto/ResettableTimer5.xml
----------------- Instantiating /home/travis/build/icyphy/ptII/ptolemy/domains/de/test/auto/ResettableTimer5.xml
1 ms. Memory: 542720K Free: 354203K (65%)
----------------- Invoking toplevel() on ptolemy.moml.MoMLSimpleApplication@253bf1fd
----------------- Done invoking toplevel() on ptolemy.moml.MoMLSimpleApplication@253bf1fd
reloadAllAccessors: .ResettableTimer5

===========================================================================================
----------------- testing Tue Apr 02 04:16:06 UTC 2019 /home/travis/build/icyphy/ptII/ptolemy/domains/de/test/auto/ResettableTimer6.xml
----------------- Instantiating /home/travis/build/icyphy/ptII/ptolemy/domains/de/test/auto/ResettableTimer6.xml
7 ms. Memory: 542720K Free: 343661K (63%)
----------------- Invoking toplevel() on ptolemy.moml.MoMLSimpleApplication@a0129a8
----------------- Done invoking toplevel() on ptolemy.moml.MoMLSimpleApplication@a0129a8
reloadAllAccessors: .ResettableTimer6

===========================================================================================
----------------- testing Tue Apr 02 04:16:06 UTC 2019 /home/travis/build/icyphy/ptII/ptolemy/domains/de/test/auto/ServerZeroDelay.xml
----------------- Instantiating /home/travis/build/icyphy/ptII/ptolemy/domains/de/test/auto/ServerZeroDelay.xml
2 ms. Memory: 542720K Free: 337517K (62%)
----------------- Invoking toplevel() on ptolemy.moml.MoMLSimpleApplication@49d60088
----------------- Done invoking toplevel() on ptolemy.moml.MoMLSimpleApplication@49d60088
reloadAllAccessors: .ServerZeroDelay

===========================================================================================
----------------- testing Tue Apr 02 04:16:06 UTC 2019 /home/travis/build/icyphy/ptII/ptolemy/domains/de/test/auto/SmartSender.xml
----------------- Instantiating /home/travis/build/icyphy/ptII/ptolemy/domains/de/test/auto/SmartSender.xml
3002 ms. Memory: 542720K Free: 326971K (60%)
----------------- Invoking toplevel() on ptolemy.moml.MoMLSimpleApplication@2d234a3f
----------------- Done invoking toplevel() on ptolemy.moml.MoMLSimpleApplication@2d234a3f
reloadAllAccessors: .SmartSender

===========================================================================================
----------------- testing Tue Apr 02 04:16:09 UTC 2019 /home/travis/build/icyphy/ptII/ptolemy/domains/de/test/auto/ThreadedComposite.xml
----------------- Instantiating /home/travis/build/icyphy/ptII/ptolemy/domains/de/test/auto/ThreadedComposite.xml
120 ms. Memory: 542720K Free: 299306K (55%)
----------------- Invoking toplevel() on ptolemy.moml.MoMLSimpleApplication@61c82e1e
----------------- Done invoking toplevel() on ptolemy.moml.MoMLSimpleApplication@61c82e1e
reloadAllAccessors: .ThreadedComposite

===========================================================================================
----------------- testing Tue Apr 02 04:16:09 UTC 2019 /home/travis/build/icyphy/ptII/ptolemy/domains/de/test/auto/Time.xml
----------------- Instantiating /home/travis/build/icyphy/ptII/ptolemy/domains/de/test/auto/Time.xml
396 ms. Memory: 542720K Free: 240929K (44%)
----------------- Invoking toplevel() on ptolemy.moml.MoMLSimpleApplication@375e712f
----------------- Done invoking toplevel() on ptolemy.moml.MoMLSimpleApplication@375e712f
reloadAllAccessors: .Time

===========================================================================================
----------------- testing Tue Apr 02 04:16:10 UTC 2019 /home/travis/build/icyphy/ptII/ptolemy/domains/de/test/auto/TimeDelayZeroDelay.xml
----------------- Instantiating /home/travis/build/icyphy/ptII/ptolemy/domains/de/test/auto/TimeDelayZeroDelay.xml
3 ms. Memory: 542720K Free: 233468K (43%)
----------------- Invoking toplevel() on ptolemy.moml.MoMLSimpleApplication@6bbe2ab1
----------------- Done invoking toplevel() on ptolemy.moml.MoMLSimpleApplication@6bbe2ab1
reloadAllAccessors: .TimeDelayZeroDelay

===========================================================================================
----------------- testing Tue Apr 02 04:16:10 UTC 2019 /home/travis/build/icyphy/ptII/ptolemy/domains/de/test/auto/TimerZeroDelay.xml
----------------- Instantiating /home/travis/build/icyphy/ptII/ptolemy/domains/de/test/auto/TimerZeroDelay.xml
1 ms. Memory: 542720K Free: 227324K (42%)
----------------- Invoking toplevel() on ptolemy.moml.MoMLSimpleApplication@d5c7734
----------------- Done invoking toplevel() on ptolemy.moml.MoMLSimpleApplication@d5c7734
reloadAllAccessors: .TimerZeroDelay

===========================================================================================
----------------- testing Tue Apr 02 04:16:10 UTC 2019 /home/travis/build/icyphy/ptII/ptolemy/domains/de/test/auto/TimingParadox.xml
----------------- Instantiating /home/travis/build/icyphy/ptII/ptolemy/domains/de/test/auto/TimingParadox.xml
285 ms. Memory: 542720K Free: 155265K (29%)
----------------- Invoking toplevel() on ptolemy.moml.MoMLSimpleApplication@195bd336
----------------- Done invoking toplevel() on ptolemy.moml.MoMLSimpleApplication@195bd336
reloadAllAccessors: .TimingParadox

===========================================================================================
----------------- testing Tue Apr 02 04:16:10 UTC 2019 /home/travis/build/icyphy/ptII/ptolemy/domains/de/test/auto/TransferInputs.xml
----------------- Instantiating /home/travis/build/icyphy/ptII/ptolemy/domains/de/test/auto/TransferInputs.xml
1 ms. Memory: 542720K Free: 146041K (27%)
----------------- Invoking toplevel() on ptolemy.moml.MoMLSimpleApplication@1c3b0b67
----------------- Done invoking toplevel() on ptolemy.moml.MoMLSimpleApplication@1c3b0b67
reloadAllAccessors: .TransferInputs

===========================================================================================
----------------- testing Tue Apr 02 04:16:10 UTC 2019 /home/travis/build/icyphy/ptII/ptolemy/domains/de/test/auto/TransferOutputs2.xml
----------------- Instantiating /home/travis/build/icyphy/ptII/ptolemy/domains/de/test/auto/TransferOutputs2.xml
3 ms. Memory: 542720K Free: 133720K (25%)
----------------- Invoking toplevel() on ptolemy.moml.MoMLSimpleApplication@77bb6488
----------------- Done invoking toplevel() on ptolemy.moml.MoMLSimpleApplication@77bb6488
reloadAllAccessors: .TransferOutputs2

===========================================================================================
----------------- testing Tue Apr 02 04:16:10 UTC 2019 /home/travis/build/icyphy/ptII/ptolemy/domains/de/test/auto/Trilateration.xml
----------------- Instantiating /home/travis/build/icyphy/ptII/ptolemy/domains/de/test/auto/Trilateration.xml
10613 ms. Memory: 560128K Free: 299874K (54%)
----------------- Invoking toplevel() on ptolemy.moml.MoMLSimpleApplication@757679ae
----------------- Done invoking toplevel() on ptolemy.moml.MoMLSimpleApplication@757679ae
reloadAllAccessors: .Trilateration

===========================================================================================
----------------- testing Tue Apr 02 04:16:21 UTC 2019 /home/travis/build/icyphy/ptII/ptolemy/domains/de/test/auto/TwoSigmaDelta.xml
----------------- Instantiating /home/travis/build/icyphy/ptII/ptolemy/domains/de/test/auto/TwoSigmaDelta.xml
1979 ms. Memory: 531968K Free: 439545K (83%)
----------------- Invoking toplevel() on ptolemy.moml.MoMLSimpleApplication@4c409089
----------------- Done invoking toplevel() on ptolemy.moml.MoMLSimpleApplication@4c409089
reloadAllAccessors: .TwoSigmaDelta

===========================================================================================
----------------- testing Tue Apr 02 04:16:23 UTC 2019 /home/travis/build/icyphy/ptII/ptolemy/domains/de/test/auto/VariableDelay.xml
----------------- Instantiating /home/travis/build/icyphy/ptII/ptolemy/domains/de/test/auto/VariableDelay.xml
2 ms. Memory: 531968K Free: 425260K (80%)
----------------- Invoking toplevel() on ptolemy.moml.MoMLSimpleApplication@5eb65c0d
----------------- Done invoking toplevel() on ptolemy.moml.MoMLSimpleApplication@5eb65c0d
reloadAllAccessors: .VariableDelay

===========================================================================================
----------------- testing Tue Apr 02 04:16:23 UTC 2019 /home/travis/build/icyphy/ptII/ptolemy/domains/de/test/auto/VariableDelay2.xml
----------------- Instantiating /home/travis/build/icyphy/ptII/ptolemy/domains/de/test/auto/VariableDelay2.xml
1 ms. Memory: 531968K Free: 415656K (78%)
----------------- Invoking toplevel() on ptolemy.moml.MoMLSimpleApplication@6ed56a3f
----------------- Done invoking toplevel() on ptolemy.moml.MoMLSimpleApplication@6ed56a3f
reloadAllAccessors: .VariableDelay2

===========================================================================================
----------------- testing Tue Apr 02 04:16:23 UTC 2019 /home/travis/build/icyphy/ptII/ptolemy/domains/de/test/auto/VariableDelayZeroDelay.xml
----------------- Instantiating /home/travis/build/icyphy/ptII/ptolemy/domains/de/test/auto/VariableDelayZeroDelay.xml
1 ms. Memory: 531968K Free: 406052K (76%)
----------------- Invoking toplevel() on ptolemy.moml.MoMLSimpleApplication@31122f45
----------------- Done invoking toplevel() on ptolemy.moml.MoMLSimpleApplication@31122f45
reloadAllAccessors: .VariableDelayZeroDelay

===========================================================================================
----------------- testing Tue Apr 02 04:16:23 UTC 2019 /home/travis/build/icyphy/ptII/ptolemy/domains/de/test/auto/VariableDelayZeroDelay2.xml
----------------- Instantiating /home/travis/build/icyphy/ptII/ptolemy/domains/de/test/auto/VariableDelayZeroDelay2.xml
2 ms. Memory: 531968K Free: 396448K (75%)
----------------- Invoking toplevel() on ptolemy.moml.MoMLSimpleApplication@458462cb
----------------- Done invoking toplevel() on ptolemy.moml.MoMLSimpleApplication@458462cb
reloadAllAccessors: .VariableDelayZeroDelay2

===========================================================================================
----------------- testing Tue Apr 02 04:16:23 UTC 2019 /home/travis/build/icyphy/ptII/ptolemy/domains/de/test/auto/deInCt.xml
----------------- Instantiating /home/travis/build/icyphy/ptII/ptolemy/domains/de/test/auto/deInCt.xml
0
1
1
1
0
0
0
1
1
1
0
0
0
1
1
1
0
0
0
1
1
1
1
0
0
0
1
1
1
0
0
0
0
1
1
1
1
0
0
0
0
0
8 ms. Memory: 531968K Free: 386844K (73%)
----------------- Invoking toplevel() on ptolemy.moml.MoMLSimpleApplication@592cdd76
----------------- Done invoking toplevel() on ptolemy.moml.MoMLSimpleApplication@592cdd76
reloadAllAccessors: .deInCt

===========================================================================================
----------------- testing Tue Apr 02 04:16:23 UTC 2019 /home/travis/build/icyphy/ptII/ptolemy/domains/de/test/auto/deInCt2.xml
----------------- Instantiating /home/travis/build/icyphy/ptII/ptolemy/domains/de/test/auto/deInCt2.xml
0
1
1
1
0
0
1
1
1
0
0
1
1
1
0
0
1
1
1
0
0
1
1
1
0
0
1
1
1
0
0
1
1
1
0
0
1
1
1
0
0
0
8 ms. Memory: 531968K Free: 377239K (71%)
----------------- Invoking toplevel() on ptolemy.moml.MoMLSimpleApplication@4a622e1b
----------------- Done invoking toplevel() on ptolemy.moml.MoMLSimpleApplication@4a622e1b
reloadAllAccessors: .deInCt2

===========================================================================================
----------------- testing Tue Apr 02 04:16:23 UTC 2019 /home/travis/build/icyphy/ptII/ptolemy/domains/de/test/auto/dynamicCausalityInterface1.xml
----------------- Instantiating /home/travis/build/icyphy/ptII/ptolemy/domains/de/test/auto/dynamicCausalityInterface1.xml
1 ms. Memory: 531968K Free: 363118K (68%)
----------------- Invoking toplevel() on ptolemy.moml.MoMLSimpleApplication@5ccf338a
----------------- Done invoking toplevel() on ptolemy.moml.MoMLSimpleApplication@5ccf338a
reloadAllAccessors: .dynamicCausalityInterface1

===========================================================================================
----------------- testing Tue Apr 02 04:16:24 UTC 2019 /home/travis/build/icyphy/ptII/ptolemy/domains/de/test/auto/fsm_de_test.xml
----------------- Instantiating /home/travis/build/icyphy/ptII/ptolemy/domains/de/test/auto/fsm_de_test.xml
5 ms. Memory: 531968K Free: 348996K (66%)
----------------- Invoking toplevel() on ptolemy.moml.MoMLSimpleApplication@32588f3d
----------------- Done invoking toplevel() on ptolemy.moml.MoMLSimpleApplication@32588f3d
reloadAllAccessors: .fsm_de_test

===========================================================================================
----------------- testing Tue Apr 02 04:16:24 UTC 2019 /home/travis/build/icyphy/ptII/ptolemy/domains/de/test/auto/functionDependencyReconstruction.xml
----------------- Instantiating /home/travis/build/icyphy/ptII/ptolemy/domains/de/test/auto/functionDependencyReconstruction.xml
2 ms. Memory: 531968K Free: 325866K (61%)
----------------- Invoking toplevel() on ptolemy.moml.MoMLSimpleApplication@78044180
----------------- Done invoking toplevel() on ptolemy.moml.MoMLSimpleApplication@78044180
reloadAllAccessors: .functionDependencyReconstruction

===========================================================================================
----------------- testing Tue Apr 02 04:16:24 UTC 2019 /home/travis/build/icyphy/ptII/ptolemy/domains/de/test/auto/multirate.xml
----------------- Instantiating /home/travis/build/icyphy/ptII/ptolemy/domains/de/test/auto/multirate.xml
3 ms. Memory: 531968K Free: 311754K (59%)
----------------- Invoking toplevel() on ptolemy.moml.MoMLSimpleApplication@312f893d
----------------- Done invoking toplevel() on ptolemy.moml.MoMLSimpleApplication@312f893d
reloadAllAccessors: .multirate

===========================================================================================
----------------- testing Tue Apr 02 04:16:24 UTC 2019 /home/travis/build/icyphy/ptII/ptolemy/domains/de/test/auto/multirate2.xml
----------------- Instantiating /home/travis/build/icyphy/ptII/ptolemy/domains/de/test/auto/multirate2.xml
3 ms. Memory: 531968K Free: 298236K (56%)
----------------- Invoking toplevel() on ptolemy.moml.MoMLSimpleApplication@5f6fb211
----------------- Done invoking toplevel() on ptolemy.moml.MoMLSimpleApplication@5f6fb211
reloadAllAccessors: .multirate2

===========================================================================================
----------------- testing Tue Apr 02 04:16:24 UTC 2019 /home/travis/build/icyphy/ptII/ptolemy/domains/de/test/auto/realtime.xml
----------------- Instantiating /home/travis/build/icyphy/ptII/ptolemy/domains/de/test/auto/realtime.xml
10002 ms. Memory: 531968K Free: 288632K (54%)
----------------- Invoking toplevel() on ptolemy.moml.MoMLSimpleApplication@4d3b54a
----------------- Done invoking toplevel() on ptolemy.moml.MoMLSimpleApplication@4d3b54a
reloadAllAccessors: .realtime

===========================================================================================
----------------- testing Tue Apr 02 04:16:34 UTC 2019 /home/travis/build/icyphy/ptII/ptolemy/domains/de/test/auto/relationGroup.xml
----------------- Instantiating /home/travis/build/icyphy/ptII/ptolemy/domains/de/test/auto/relationGroup.xml
3 ms. Memory: 531968K Free: 279028K (52%)
----------------- Invoking toplevel() on ptolemy.moml.MoMLSimpleApplication@21cc794f
----------------- Done invoking toplevel() on ptolemy.moml.MoMLSimpleApplication@21cc794f
reloadAllAccessors: .relationGroup

===========================================================================================
----------------- testing Tue Apr 02 04:16:34 UTC 2019 /home/travis/build/icyphy/ptII/ptolemy/domains/de/test/auto/relationGroup2.xml
----------------- Instantiating /home/travis/build/icyphy/ptII/ptolemy/domains/de/test/auto/relationGroup2.xml
1 ms. Memory: 531968K Free: 269424K (51%)
----------------- Invoking toplevel() on ptolemy.moml.MoMLSimpleApplication@6c53cd08
----------------- Done invoking toplevel() on ptolemy.moml.MoMLSimpleApplication@6c53cd08
reloadAllAccessors: .relationGroup2

===========================================================================================
----------------- testing Tue Apr 02 04:16:34 UTC 2019 /home/travis/build/icyphy/ptII/ptolemy/domains/de/test/auto/sortWithOpaquePorts.xml
----------------- Instantiating /home/travis/build/icyphy/ptII/ptolemy/domains/de/test/auto/sortWithOpaquePorts.xml
8 ms. Memory: 531968K Free: 259820K (49%)
----------------- Invoking toplevel() on ptolemy.moml.MoMLSimpleApplication@7f4c2cf7
----------------- Done invoking toplevel() on ptolemy.moml.MoMLSimpleApplication@7f4c2cf7
reloadAllAccessors: .sortWithOpaquePorts

===========================================================================================
----------------- testing Tue Apr 02 04:16:34 UTC 2019 /home/travis/build/icyphy/ptII/ptolemy/domains/de/test/auto/transferInputsandOutputs.xml
----------------- Instantiating /home/travis/build/icyphy/ptII/ptolemy/domains/de/test/auto/transferInputsandOutputs.xml
2 ms. Memory: 531968K Free: 245699K (46%)
----------------- Invoking toplevel() on ptolemy.moml.MoMLSimpleApplication@4b483507
----------------- Done invoking toplevel() on ptolemy.moml.MoMLSimpleApplication@4b483507
reloadAllAccessors: .transferInputsandOutputs

===========================================================================================
----------------- testing Tue Apr 02 04:16:34 UTC 2019 /home/travis/build/icyphy/ptII/ptolemy/domains/de/test/auto/triggerType.xml
----------------- Instantiating /home/travis/build/icyphy/ptII/ptolemy/domains/de/test/auto/triggerType.xml
1 ms. Memory: 531968K Free: 236095K (44%)
----------------- Invoking toplevel() on ptolemy.moml.MoMLSimpleApplication@86f516b
----------------- Done invoking toplevel() on ptolemy.moml.MoMLSimpleApplication@86f516b
reloadAllAccessors: .triggerType
AutoTests.java: About to close Vertx.
AutoTests.java: Vertx closed.
]]></system-out>
  <system-err><![CDATA[java.lang.RuntimeException: Execution failed
	at ptolemy.moml.MoMLSimpleApplication$UnloadThread.run(MoMLSimpleApplication.java:402)
Caused by: ptolemy.kernel.util.IllegalActionException: Found a zero delay loop containing .dependencyLoop.original
  in .dependencyLoop and .dependencyLoop.original
	at ptolemy.actor.util.CausalityInterfaceForComposites._computeOutputPortDepth(CausalityInterfaceForComposites.java:759)
	at ptolemy.actor.util.CausalityInterfaceForComposites._computeInputDepth(CausalityInterfaceForComposites.java:696)
	at ptolemy.actor.util.CausalityInterfaceForComposites._computeOutputPortDepth(CausalityInterfaceForComposites.java:765)
	at ptolemy.actor.util.CausalityInterfaceForComposites._computeInputDepth(CausalityInterfaceForComposites.java:696)
	at ptolemy.actor.util.CausalityInterfaceForComposites._computeOutputPortDepth(CausalityInterfaceForComposites.java:765)
	at ptolemy.actor.util.CausalityInterfaceForComposites._computeInputDepth(CausalityInterfaceForComposites.java:696)
	at ptolemy.actor.util.CausalityInterfaceForComposites._computeActorDepth(CausalityInterfaceForComposites.java:532)
	at ptolemy.actor.util.CausalityInterfaceForComposites.checkForCycles(CausalityInterfaceForComposites.java:96)
	at ptolemy.domains.de.kernel.DEDirector.preinitialize(DEDirector.java:1338)
	at ptolemy.actor.CompositeActor.preinitialize(CompositeActor.java:1828)
	at ptolemy.actor.Manager.preinitializeAndResolveTypes(Manager.java:1040)
	at ptolemy.actor.Manager.initialize(Manager.java:710)
	at ptolemy.actor.Manager.execute(Manager.java:356)
	at ptolemy.actor.Manager.run(Manager.java:1263)
	at ptolemy.actor.Manager$PtolemyRunThread.run(Manager.java:1915)
java.lang.RuntimeException: Execution failed
	at ptolemy.moml.MoMLSimpleApplication$UnloadThread.run(MoMLSimpleApplication.java:402)
Caused by: ptolemy.kernel.util.IllegalActionException: Found a zero delay loop containing .dependencyLoop2.original
  in .dependencyLoop2 and .dependencyLoop2.original
	at ptolemy.actor.util.CausalityInterfaceForComposites._computeOutputPortDepth(CausalityInterfaceForComposites.java:759)
	at ptolemy.actor.util.CausalityInterfaceForComposites._computeInputDepth(CausalityInterfaceForComposites.java:696)
	at ptolemy.actor.util.CausalityInterfaceForComposites._computeOutputPortDepth(CausalityInterfaceForComposites.java:765)
	at ptolemy.actor.util.CausalityInterfaceForComposites._computeInputDepth(CausalityInterfaceForComposites.java:696)
	at ptolemy.actor.util.CausalityInterfaceForComposites._computeOutputPortDepth(CausalityInterfaceForComposites.java:765)
	at ptolemy.actor.util.CausalityInterfaceForComposites._computeInputDepth(CausalityInterfaceForComposites.java:696)
	at ptolemy.actor.util.CausalityInterfaceForComposites._computeActorDepth(CausalityInterfaceForComposites.java:532)
	at ptolemy.actor.util.CausalityInterfaceForComposites.checkForCycles(CausalityInterfaceForComposites.java:96)
	at ptolemy.domains.de.kernel.DEDirector.preinitialize(DEDirector.java:1338)
	at ptolemy.actor.CompositeActor.preinitialize(CompositeActor.java:1828)
	at ptolemy.actor.Manager.preinitializeAndResolveTypes(Manager.java:1040)
	at ptolemy.actor.Manager.initialize(Manager.java:710)
	at ptolemy.actor.Manager.execute(Manager.java:356)
	at ptolemy.actor.Manager.run(Manager.java:1263)
	at ptolemy.actor.Manager$PtolemyRunThread.run(Manager.java:1915)
java.lang.RuntimeException: Execution failed
	at ptolemy.moml.MoMLSimpleApplication$UnloadThread.run(MoMLSimpleApplication.java:402)
Caused by: ptolemy.kernel.util.IllegalActionException: Found a zero delay loop containing .dependencyLoop.original
  in .dependencyLoop and .dependencyLoop.original
	at ptolemy.actor.util.CausalityInterfaceForComposites._computeOutputPortDepth(CausalityInterfaceForComposites.java:759)
	at ptolemy.actor.util.CausalityInterfaceForComposites._computeInputDepth(CausalityInterfaceForComposites.java:696)
	at ptolemy.actor.util.CausalityInterfaceForComposites._computeOutputPortDepth(CausalityInterfaceForComposites.java:765)
	at ptolemy.actor.util.CausalityInterfaceForComposites._computeInputDepth(CausalityInterfaceForComposites.java:696)
	at ptolemy.actor.util.CausalityInterfaceForComposites._computeOutputPortDepth(CausalityInterfaceForComposites.java:765)
	at ptolemy.actor.util.CausalityInterfaceForComposites._computeInputDepth(CausalityInterfaceForComposites.java:696)
	at ptolemy.actor.util.CausalityInterfaceForComposites._computeActorDepth(CausalityInterfaceForComposites.java:532)
	at ptolemy.actor.util.CausalityInterfaceForComposites.checkForCycles(CausalityInterfaceForComposites.java:96)
	at ptolemy.domains.de.kernel.DEDirector.preinitialize(DEDirector.java:1338)
	at ptolemy.actor.CompositeActor.preinitialize(CompositeActor.java:1828)
	at ptolemy.actor.Manager.preinitializeAndResolveTypes(Manager.java:1040)
	at ptolemy.actor.Manager.initialize(Manager.java:710)
	at ptolemy.actor.Manager.execute(Manager.java:356)
	at ptolemy.actor.Manager.run(Manager.java:1263)
	at ptolemy.actor.Manager$PtolemyRunThread.run(Manager.java:1915)
java.lang.RuntimeException: Execution failed
	at ptolemy.moml.MoMLSimpleApplication$UnloadThread.run(MoMLSimpleApplication.java:402)
Caused by: ptolemy.kernel.util.IllegalActionException: Actor is not ready to fire.  Perhaps UpSample.prefire() returned false? Try debugging the actor by selecting "Listen to Actor".  Also, for SDF check moml for tokenConsumptionRate on input.
  in .DESDFClockTest.Play Bell.Copy1:SDF Director and .DESDFClockTest.Play Bell.UpSample
	at ptolemy.actor.sched.StaticSchedulingDirector.fire(StaticSchedulingDirector.java:227)
	at ptolemy.domains.sdf.kernel.SDFDirector.fire(SDFDirector.java:500)
	at ptolemy.actor.CompositeActor.fire(CompositeActor.java:455)
	at ptolemy.domains.de.kernel.DEDirector._fire(DEDirector.java:1949)
	at ptolemy.domains.de.kernel.DEDirector.fire(DEDirector.java:502)
	at ptolemy.actor.CompositeActor.fire(CompositeActor.java:455)
	at ptolemy.actor.Manager.iterate(Manager.java:851)
	at ptolemy.actor.Manager.execute(Manager.java:369)
	at ptolemy.actor.Manager.run(Manager.java:1263)
	at ptolemy.actor.Manager$PtolemyRunThread.run(Manager.java:1915)
java.lang.RuntimeException: Execution failed
	at ptolemy.moml.MoMLSimpleApplication$UnloadThread.run(MoMLSimpleApplication.java:402)
Caused by: ptolemy.kernel.util.IllegalActionException: Found a zero delay loop containing .dependencyLoop2.original
  in .dependencyLoop2 and .dependencyLoop2.original
	at ptolemy.actor.util.CausalityInterfaceForComposites._computeOutputPortDepth(CausalityInterfaceForComposites.java:759)
	at ptolemy.actor.util.CausalityInterfaceForComposites._computeInputDepth(CausalityInterfaceForComposites.java:696)
	at ptolemy.actor.util.CausalityInterfaceForComposites._computeOutputPortDepth(CausalityInterfaceForComposites.java:765)
	at ptolemy.actor.util.CausalityInterfaceForComposites._computeInputDepth(CausalityInterfaceForComposites.java:696)
	at ptolemy.actor.util.CausalityInterfaceForComposites._computeOutputPortDepth(CausalityInterfaceForComposites.java:765)
	at ptolemy.actor.util.CausalityInterfaceForComposites._computeInputDepth(CausalityInterfaceForComposites.java:696)
	at ptolemy.actor.util.CausalityInterfaceForComposites._computeActorDepth(CausalityInterfaceForComposites.java:532)
	at ptolemy.actor.util.CausalityInterfaceForComposites.checkForCycles(CausalityInterfaceForComposites.java:96)
	at ptolemy.domains.de.kernel.DEDirector.preinitialize(DEDirector.java:1338)
	at ptolemy.actor.CompositeActor.preinitialize(CompositeActor.java:1828)
	at ptolemy.actor.Manager.preinitializeAndResolveTypes(Manager.java:1040)
	at ptolemy.actor.Manager.initialize(Manager.java:710)
	at ptolemy.actor.Manager.execute(Manager.java:356)
	at ptolemy.actor.Manager.run(Manager.java:1263)
	at ptolemy.actor.Manager$PtolemyRunThread.run(Manager.java:1915)
java.lang.RuntimeException: Execution failed
	at ptolemy.moml.MoMLSimpleApplication$UnloadThread.run(MoMLSimpleApplication.java:402)
Caused by: ptolemy.kernel.util.IllegalActionException: Found a zero delay loop containing .HierarchicalModel.A
  in .HierarchicalModel and .HierarchicalModel.A
	at ptolemy.actor.util.CausalityInterfaceForComposites._computeOutputPortDepth(CausalityInterfaceForComposites.java:759)
	at ptolemy.actor.util.CausalityInterfaceForComposites._computeInputDepth(CausalityInterfaceForComposites.java:696)
	at ptolemy.actor.util.CausalityInterfaceForComposites._computeOutputPortDepth(CausalityInterfaceForComposites.java:765)
	at ptolemy.actor.util.CausalityInterfaceForComposites._computeInputDepth(CausalityInterfaceForComposites.java:696)
	at ptolemy.actor.util.CausalityInterfaceForComposites._computeOutputPortDepth(CausalityInterfaceForComposites.java:765)
	at ptolemy.actor.util.CausalityInterfaceForComposites._computeInputDepth(CausalityInterfaceForComposites.java:696)
	at ptolemy.actor.util.CausalityInterfaceForComposites._computeActorDepth(CausalityInterfaceForComposites.java:532)
	at ptolemy.actor.util.CausalityInterfaceForComposites.checkForCycles(CausalityInterfaceForComposites.java:96)
	at ptolemy.domains.de.kernel.DEDirector.preinitialize(DEDirector.java:1338)
	at ptolemy.actor.CompositeActor.preinitialize(CompositeActor.java:1828)
	at ptolemy.actor.Manager.preinitializeAndResolveTypes(Manager.java:1040)
	at ptolemy.actor.Manager.initialize(Manager.java:710)
	at ptolemy.actor.Manager.execute(Manager.java:356)
	at ptolemy.actor.Manager.run(Manager.java:1263)
	at ptolemy.actor.Manager$PtolemyRunThread.run(Manager.java:1915)
java.lang.RuntimeException: Execution failed
	at ptolemy.moml.MoMLSimpleApplication$UnloadThread.run(MoMLSimpleApplication.java:402)
Caused by: ptolemy.kernel.util.IllegalActionException: Test fails in iteration 1.
Value was: 1.0. Should have been: 2.0
  in .DirectFeedback.Test
	at ptolemy.actor.lib.Test.fire(Test.java:268)
	at ptolemy.domains.de.kernel.DEDirector._fire(DEDirector.java:1949)
	at ptolemy.domains.de.kernel.DEDirector.fire(DEDirector.java:502)
	at ptolemy.actor.CompositeActor.fire(CompositeActor.java:455)
	at ptolemy.actor.Manager.iterate(Manager.java:851)
	at ptolemy.actor.Manager.execute(Manager.java:369)
	at ptolemy.actor.Manager.run(Manager.java:1263)
	at ptolemy.actor.Manager$PtolemyRunThread.run(Manager.java:1915)
java.lang.RuntimeException: Execution failed
	at ptolemy.moml.MoMLSimpleApplication$UnloadThread.run(MoMLSimpleApplication.java:402)
Caused by: ptolemy.kernel.util.IllegalActionException: Actor is not ready to fire.  Perhaps UpSample.prefire() returned false? Try debugging the actor by selecting "Listen to Actor".  Also, for SDF check moml for tokenConsumptionRate on input.
  in .DESDFClockTest.Play Bell.Copy1:SDF Director and .DESDFClockTest.Play Bell.UpSample
	at ptolemy.actor.sched.StaticSchedulingDirector.fire(StaticSchedulingDirector.java:227)
	at ptolemy.domains.sdf.kernel.SDFDirector.fire(SDFDirector.java:500)
	at ptolemy.actor.CompositeActor.fire(CompositeActor.java:455)
	at ptolemy.domains.de.kernel.DEDirector._fire(DEDirector.java:1949)
	at ptolemy.domains.de.kernel.DEDirector.fire(DEDirector.java:502)
	at ptolemy.actor.CompositeActor.fire(CompositeActor.java:455)
	at ptolemy.actor.Manager.iterate(Manager.java:851)
	at ptolemy.actor.Manager.execute(Manager.java:369)
	at ptolemy.actor.Manager.run(Manager.java:1263)
	at ptolemy.actor.Manager$PtolemyRunThread.run(Manager.java:1915)
java.lang.reflect.InvocationTargetException
	at sun.reflect.NativeConstructorAccessorImpl.newInstance0(Native Method)
	at sun.reflect.NativeConstructorAccessorImpl.newInstance(NativeConstructorAccessorImpl.java:62)
	at sun.reflect.DelegatingConstructorAccessorImpl.newInstance(DelegatingConstructorAccessorImpl.java:45)
	at java.lang.reflect.Constructor.newInstance(Constructor.java:423)
	at ptolemy.util.test.junit.AutoKnownFailedTests.RunModel(AutoKnownFailedTests.java:105)
	at sun.reflect.NativeMethodAccessorImpl.invoke0(Native Method)
	at sun.reflect.NativeMethodAccessorImpl.invoke(NativeMethodAccessorImpl.java:62)
	at sun.reflect.DelegatingMethodAccessorImpl.invoke(DelegatingMethodAccessorImpl.java:43)
	at java.lang.reflect.Method.invoke(Method.java:498)
	at org.junit.runners.model.FrameworkMethod$1.runReflectiveCall(FrameworkMethod.java:44)
	at org.junit.internal.runners.model.ReflectiveCallable.run(ReflectiveCallable.java:15)
	at org.junit.runners.model.FrameworkMethod.invokeExplosively(FrameworkMethod.java:41)
	at junitparams.internal.InvokeParameterisedMethod.evaluate(InvokeParameterisedMethod.java:102)
	at org.junit.internal.runners.statements.FailOnTimeout$1.run(FailOnTimeout.java:28)
Caused by: ptolemy.kernel.util.IllegalActionException: Actor is not ready to fire.  Perhaps UpSample.prefire() returned false? Try debugging the actor by selecting "Listen to Actor".  Also, for SDF check moml for tokenConsumptionRate on input.
  in .DESDFClockTest.Play Bell.Copy1:SDF Director and .DESDFClockTest.Play Bell.UpSample
	at ptolemy.actor.sched.StaticSchedulingDirector.fire(StaticSchedulingDirector.java:227)
	at ptolemy.domains.sdf.kernel.SDFDirector.fire(SDFDirector.java:500)
	at ptolemy.actor.CompositeActor.fire(CompositeActor.java:455)
	at ptolemy.domains.de.kernel.DEDirector._fire(DEDirector.java:1949)
	at ptolemy.domains.de.kernel.DEDirector.fire(DEDirector.java:502)
	at ptolemy.actor.CompositeActor.fire(CompositeActor.java:455)
	at ptolemy.actor.Manager.iterate(Manager.java:851)
	at ptolemy.actor.Manager.execute(Manager.java:369)
	at ptolemy.actor.Manager.run(Manager.java:1263)
	at ptolemy.actor.Manager$PtolemyRunThread.run(Manager.java:1915)
java.lang.RuntimeException: Execution failed
	at ptolemy.moml.MoMLSimpleApplication$UnloadThread.run(MoMLSimpleApplication.java:402)
Caused by: ptolemy.kernel.util.IllegalActionException: Test fails in iteration 1.
Value was: 1.0. Should have been: 2.0
  in .DirectFeedback.Test
	at ptolemy.actor.lib.Test.fire(Test.java:268)
	at ptolemy.domains.de.kernel.DEDirector._fire(DEDirector.java:1949)
	at ptolemy.domains.de.kernel.DEDirector.fire(DEDirector.java:502)
	at ptolemy.actor.CompositeActor.fire(CompositeActor.java:455)
	at ptolemy.actor.Manager.iterate(Manager.java:851)
	at ptolemy.actor.Manager.execute(Manager.java:369)
	at ptolemy.actor.Manager.run(Manager.java:1263)
	at ptolemy.actor.Manager$PtolemyRunThread.run(Manager.java:1915)
java.lang.reflect.InvocationTargetException
	at sun.reflect.NativeConstructorAccessorImpl.newInstance0(Native Method)
	at sun.reflect.NativeConstructorAccessorImpl.newInstance(NativeConstructorAccessorImpl.java:62)
	at sun.reflect.DelegatingConstructorAccessorImpl.newInstance(DelegatingConstructorAccessorImpl.java:45)
	at java.lang.reflect.Constructor.newInstance(Constructor.java:423)
	at ptolemy.util.test.junit.AutoKnownFailedTests.RunModel(AutoKnownFailedTests.java:105)
	at sun.reflect.NativeMethodAccessorImpl.invoke0(Native Method)
	at sun.reflect.NativeMethodAccessorImpl.invoke(NativeMethodAccessorImpl.java:62)
	at sun.reflect.DelegatingMethodAccessorImpl.invoke(DelegatingMethodAccessorImpl.java:43)
	at java.lang.reflect.Method.invoke(Method.java:498)
	at org.junit.runners.model.FrameworkMethod$1.runReflectiveCall(FrameworkMethod.java:44)
	at org.junit.internal.runners.model.ReflectiveCallable.run(ReflectiveCallable.java:15)
	at org.junit.runners.model.FrameworkMethod.invokeExplosively(FrameworkMethod.java:41)
	at junitparams.internal.InvokeParameterisedMethod.evaluate(InvokeParameterisedMethod.java:102)
	at org.junit.internal.runners.statements.FailOnTimeout$1.run(FailOnTimeout.java:28)
Caused by: ptolemy.kernel.util.IllegalActionException: Test fails in iteration 1.
Value was: 1.0. Should have been: 2.0
  in .DirectFeedback.Test
	at ptolemy.actor.lib.Test.fire(Test.java:268)
	at ptolemy.domains.de.kernel.DEDirector._fire(DEDirector.java:1949)
	at ptolemy.domains.de.kernel.DEDirector.fire(DEDirector.java:502)
	at ptolemy.actor.CompositeActor.fire(CompositeActor.java:455)
	at ptolemy.actor.Manager.iterate(Manager.java:851)
	at ptolemy.actor.Manager.execute(Manager.java:369)
	at ptolemy.actor.Manager.run(Manager.java:1263)
	at ptolemy.actor.Manager$PtolemyRunThread.run(Manager.java:1915)
java.lang.RuntimeException: Execution failed
	at ptolemy.moml.MoMLSimpleApplication$UnloadThread.run(MoMLSimpleApplication.java:402)
Caused by: ptolemy.kernel.util.IllegalActionException: Found a zero delay loop containing .HierarchicalModel.A
  in .HierarchicalModel and .HierarchicalModel.A
	at ptolemy.actor.util.CausalityInterfaceForComposites._computeOutputPortDepth(CausalityInterfaceForComposites.java:759)
	at ptolemy.actor.util.CausalityInterfaceForComposites._computeInputDepth(CausalityInterfaceForComposites.java:696)
	at ptolemy.actor.util.CausalityInterfaceForComposites._computeOutputPortDepth(CausalityInterfaceForComposites.java:765)
	at ptolemy.actor.util.CausalityInterfaceForComposites._computeInputDepth(CausalityInterfaceForComposites.java:696)
	at ptolemy.actor.util.CausalityInterfaceForComposites._computeOutputPortDepth(CausalityInterfaceForComposites.java:765)
	at ptolemy.actor.util.CausalityInterfaceForComposites._computeInputDepth(CausalityInterfaceForComposites.java:696)
	at ptolemy.actor.util.CausalityInterfaceForComposites._computeActorDepth(CausalityInterfaceForComposites.java:532)
	at ptolemy.actor.util.CausalityInterfaceForComposites.checkForCycles(CausalityInterfaceForComposites.java:96)
	at ptolemy.domains.de.kernel.DEDirector.preinitialize(DEDirector.java:1338)
	at ptolemy.actor.CompositeActor.preinitialize(CompositeActor.java:1828)
	at ptolemy.actor.Manager.preinitializeAndResolveTypes(Manager.java:1040)
	at ptolemy.actor.Manager.initialize(Manager.java:710)
	at ptolemy.actor.Manager.execute(Manager.java:356)
	at ptolemy.actor.Manager.run(Manager.java:1263)
	at ptolemy.actor.Manager$PtolemyRunThread.run(Manager.java:1915)
java.lang.reflect.InvocationTargetException
	at sun.reflect.NativeConstructorAccessorImpl.newInstance0(Native Method)
	at sun.reflect.NativeConstructorAccessorImpl.newInstance(NativeConstructorAccessorImpl.java:62)
	at sun.reflect.DelegatingConstructorAccessorImpl.newInstance(DelegatingConstructorAccessorImpl.java:45)
	at java.lang.reflect.Constructor.newInstance(Constructor.java:423)
	at ptolemy.util.test.junit.AutoKnownFailedTests.RunModel(AutoKnownFailedTests.java:105)
	at sun.reflect.NativeMethodAccessorImpl.invoke0(Native Method)
	at sun.reflect.NativeMethodAccessorImpl.invoke(NativeMethodAccessorImpl.java:62)
	at sun.reflect.DelegatingMethodAccessorImpl.invoke(DelegatingMethodAccessorImpl.java:43)
	at java.lang.reflect.Method.invoke(Method.java:498)
	at org.junit.runners.model.FrameworkMethod$1.runReflectiveCall(FrameworkMethod.java:44)
	at org.junit.internal.runners.model.ReflectiveCallable.run(ReflectiveCallable.java:15)
	at org.junit.runners.model.FrameworkMethod.invokeExplosively(FrameworkMethod.java:41)
	at junitparams.internal.InvokeParameterisedMethod.evaluate(InvokeParameterisedMethod.java:102)
	at org.junit.internal.runners.statements.FailOnTimeout$1.run(FailOnTimeout.java:28)
Caused by: ptolemy.kernel.util.IllegalActionException: Found a zero delay loop containing .HierarchicalModel.A
  in .HierarchicalModel and .HierarchicalModel.A
	at ptolemy.actor.util.CausalityInterfaceForComposites._computeOutputPortDepth(CausalityInterfaceForComposites.java:759)
	at ptolemy.actor.util.CausalityInterfaceForComposites._computeInputDepth(CausalityInterfaceForComposites.java:696)
	at ptolemy.actor.util.CausalityInterfaceForComposites._computeOutputPortDepth(CausalityInterfaceForComposites.java:765)
	at ptolemy.actor.util.CausalityInterfaceForComposites._computeInputDepth(CausalityInterfaceForComposites.java:696)
	at ptolemy.actor.util.CausalityInterfaceForComposites._computeOutputPortDepth(CausalityInterfaceForComposites.java:765)
	at ptolemy.actor.util.CausalityInterfaceForComposites._computeInputDepth(CausalityInterfaceForComposites.java:696)
	at ptolemy.actor.util.CausalityInterfaceForComposites._computeActorDepth(CausalityInterfaceForComposites.java:532)
	at ptolemy.actor.util.CausalityInterfaceForComposites.checkForCycles(CausalityInterfaceForComposites.java:96)
	at ptolemy.domains.de.kernel.DEDirector.preinitialize(DEDirector.java:1338)
	at ptolemy.actor.CompositeActor.preinitialize(CompositeActor.java:1828)
	at ptolemy.actor.Manager.preinitializeAndResolveTypes(Manager.java:1040)
	at ptolemy.actor.Manager.initialize(Manager.java:710)
	at ptolemy.actor.Manager.execute(Manager.java:356)
	at ptolemy.actor.Manager.run(Manager.java:1263)
	at ptolemy.actor.Manager$PtolemyRunThread.run(Manager.java:1915)
java.lang.RuntimeException: Execution failed
	at ptolemy.moml.MoMLSimpleApplication$UnloadThread.run(MoMLSimpleApplication.java:402)
Caused by: ptolemy.kernel.util.IllegalActionException: Found a zero delay loop containing .dependencyLoop.original
  in .dependencyLoop and .dependencyLoop.original
	at ptolemy.actor.util.CausalityInterfaceForComposites._computeOutputPortDepth(CausalityInterfaceForComposites.java:759)
	at ptolemy.actor.util.CausalityInterfaceForComposites._computeInputDepth(CausalityInterfaceForComposites.java:696)
	at ptolemy.actor.util.CausalityInterfaceForComposites._computeOutputPortDepth(CausalityInterfaceForComposites.java:765)
	at ptolemy.actor.util.CausalityInterfaceForComposites._computeInputDepth(CausalityInterfaceForComposites.java:696)
	at ptolemy.actor.util.CausalityInterfaceForComposites._computeOutputPortDepth(CausalityInterfaceForComposites.java:765)
	at ptolemy.actor.util.CausalityInterfaceForComposites._computeInputDepth(CausalityInterfaceForComposites.java:696)
	at ptolemy.actor.util.CausalityInterfaceForComposites._computeActorDepth(CausalityInterfaceForComposites.java:532)
	at ptolemy.actor.util.CausalityInterfaceForComposites.checkForCycles(CausalityInterfaceForComposites.java:96)
	at ptolemy.domains.de.kernel.DEDirector.preinitialize(DEDirector.java:1338)
	at ptolemy.actor.CompositeActor.preinitialize(CompositeActor.java:1828)
	at ptolemy.actor.Manager.preinitializeAndResolveTypes(Manager.java:1040)
	at ptolemy.actor.Manager.initialize(Manager.java:710)
	at ptolemy.actor.Manager.execute(Manager.java:356)
	at ptolemy.actor.Manager.run(Manager.java:1263)
	at ptolemy.actor.Manager$PtolemyRunThread.run(Manager.java:1915)
java.lang.reflect.InvocationTargetException
	at sun.reflect.NativeConstructorAccessorImpl.newInstance0(Native Method)
	at sun.reflect.NativeConstructorAccessorImpl.newInstance(NativeConstructorAccessorImpl.java:62)
	at sun.reflect.DelegatingConstructorAccessorImpl.newInstance(DelegatingConstructorAccessorImpl.java:45)
	at java.lang.reflect.Constructor.newInstance(Constructor.java:423)
	at ptolemy.util.test.junit.AutoKnownFailedTests.RunModel(AutoKnownFailedTests.java:105)
	at sun.reflect.NativeMethodAccessorImpl.invoke0(Native Method)
	at sun.reflect.NativeMethodAccessorImpl.invoke(NativeMethodAccessorImpl.java:62)
	at sun.reflect.DelegatingMethodAccessorImpl.invoke(DelegatingMethodAccessorImpl.java:43)
	at java.lang.reflect.Method.invoke(Method.java:498)
	at org.junit.runners.model.FrameworkMethod$1.runReflectiveCall(FrameworkMethod.java:44)
	at org.junit.internal.runners.model.ReflectiveCallable.run(ReflectiveCallable.java:15)
	at org.junit.runners.model.FrameworkMethod.invokeExplosively(FrameworkMethod.java:41)
	at junitparams.internal.InvokeParameterisedMethod.evaluate(InvokeParameterisedMethod.java:102)
	at org.junit.internal.runners.statements.FailOnTimeout$1.run(FailOnTimeout.java:28)
Caused by: ptolemy.kernel.util.IllegalActionException: Found a zero delay loop containing .dependencyLoop.original
  in .dependencyLoop and .dependencyLoop.original
	at ptolemy.actor.util.CausalityInterfaceForComposites._computeOutputPortDepth(CausalityInterfaceForComposites.java:759)
	at ptolemy.actor.util.CausalityInterfaceForComposites._computeInputDepth(CausalityInterfaceForComposites.java:696)
	at ptolemy.actor.util.CausalityInterfaceForComposites._computeOutputPortDepth(CausalityInterfaceForComposites.java:765)
	at ptolemy.actor.util.CausalityInterfaceForComposites._computeInputDepth(CausalityInterfaceForComposites.java:696)
	at ptolemy.actor.util.CausalityInterfaceForComposites._computeOutputPortDepth(CausalityInterfaceForComposites.java:765)
	at ptolemy.actor.util.CausalityInterfaceForComposites._computeInputDepth(CausalityInterfaceForComposites.java:696)
	at ptolemy.actor.util.CausalityInterfaceForComposites._computeActorDepth(CausalityInterfaceForComposites.java:532)
	at ptolemy.actor.util.CausalityInterfaceForComposites.checkForCycles(CausalityInterfaceForComposites.java:96)
	at ptolemy.domains.de.kernel.DEDirector.preinitialize(DEDirector.java:1338)
	at ptolemy.actor.CompositeActor.preinitialize(CompositeActor.java:1828)
	at ptolemy.actor.Manager.preinitializeAndResolveTypes(Manager.java:1040)
	at ptolemy.actor.Manager.initialize(Manager.java:710)
	at ptolemy.actor.Manager.execute(Manager.java:356)
	at ptolemy.actor.Manager.run(Manager.java:1263)
	at ptolemy.actor.Manager$PtolemyRunThread.run(Manager.java:1915)
java.lang.RuntimeException: Execution failed
	at ptolemy.moml.MoMLSimpleApplication$UnloadThread.run(MoMLSimpleApplication.java:402)
Caused by: ptolemy.kernel.util.IllegalActionException: Found a zero delay loop containing .dependencyLoop2.original
  in .dependencyLoop2 and .dependencyLoop2.original
	at ptolemy.actor.util.CausalityInterfaceForComposites._computeOutputPortDepth(CausalityInterfaceForComposites.java:759)
	at ptolemy.actor.util.CausalityInterfaceForComposites._computeInputDepth(CausalityInterfaceForComposites.java:696)
	at ptolemy.actor.util.CausalityInterfaceForComposites._computeOutputPortDepth(CausalityInterfaceForComposites.java:765)
	at ptolemy.actor.util.CausalityInterfaceForComposites._computeInputDepth(CausalityInterfaceForComposites.java:696)
	at ptolemy.actor.util.CausalityInterfaceForComposites._computeOutputPortDepth(CausalityInterfaceForComposites.java:765)
	at ptolemy.actor.util.CausalityInterfaceForComposites._computeInputDepth(CausalityInterfaceForComposites.java:696)
	at ptolemy.actor.util.CausalityInterfaceForComposites._computeActorDepth(CausalityInterfaceForComposites.java:532)
	at ptolemy.actor.util.CausalityInterfaceForComposites.checkForCycles(CausalityInterfaceForComposites.java:96)
	at ptolemy.domains.de.kernel.DEDirector.preinitialize(DEDirector.java:1338)
	at ptolemy.actor.CompositeActor.preinitialize(CompositeActor.java:1828)
	at ptolemy.actor.Manager.preinitializeAndResolveTypes(Manager.java:1040)
	at ptolemy.actor.Manager.initialize(Manager.java:710)
	at ptolemy.actor.Manager.execute(Manager.java:356)
	at ptolemy.actor.Manager.run(Manager.java:1263)
	at ptolemy.actor.Manager$PtolemyRunThread.run(Manager.java:1915)
java.lang.reflect.InvocationTargetException
	at sun.reflect.NativeConstructorAccessorImpl.newInstance0(Native Method)
	at sun.reflect.NativeConstructorAccessorImpl.newInstance(NativeConstructorAccessorImpl.java:62)
	at sun.reflect.DelegatingConstructorAccessorImpl.newInstance(DelegatingConstructorAccessorImpl.java:45)
	at java.lang.reflect.Constructor.newInstance(Constructor.java:423)
	at ptolemy.util.test.junit.AutoKnownFailedTests.RunModel(AutoKnownFailedTests.java:105)
	at sun.reflect.NativeMethodAccessorImpl.invoke0(Native Method)
	at sun.reflect.NativeMethodAccessorImpl.invoke(NativeMethodAccessorImpl.java:62)
	at sun.reflect.DelegatingMethodAccessorImpl.invoke(DelegatingMethodAccessorImpl.java:43)
	at java.lang.reflect.Method.invoke(Method.java:498)
	at org.junit.runners.model.FrameworkMethod$1.runReflectiveCall(FrameworkMethod.java:44)
	at org.junit.internal.runners.model.ReflectiveCallable.run(ReflectiveCallable.java:15)
	at org.junit.runners.model.FrameworkMethod.invokeExplosively(FrameworkMethod.java:41)
	at junitparams.internal.InvokeParameterisedMethod.evaluate(InvokeParameterisedMethod.java:102)
	at org.junit.internal.runners.statements.FailOnTimeout$1.run(FailOnTimeout.java:28)
Caused by: ptolemy.kernel.util.IllegalActionException: Found a zero delay loop containing .dependencyLoop2.original
  in .dependencyLoop2 and .dependencyLoop2.original
	at ptolemy.actor.util.CausalityInterfaceForComposites._computeOutputPortDepth(CausalityInterfaceForComposites.java:759)
	at ptolemy.actor.util.CausalityInterfaceForComposites._computeInputDepth(CausalityInterfaceForComposites.java:696)
	at ptolemy.actor.util.CausalityInterfaceForComposites._computeOutputPortDepth(CausalityInterfaceForComposites.java:765)
	at ptolemy.actor.util.CausalityInterfaceForComposites._computeInputDepth(CausalityInterfaceForComposites.java:696)
	at ptolemy.actor.util.CausalityInterfaceForComposites._computeOutputPortDepth(CausalityInterfaceForComposites.java:765)
	at ptolemy.actor.util.CausalityInterfaceForComposites._computeInputDepth(CausalityInterfaceForComposites.java:696)
	at ptolemy.actor.util.CausalityInterfaceForComposites._computeActorDepth(CausalityInterfaceForComposites.java:532)
	at ptolemy.actor.util.CausalityInterfaceForComposites.checkForCycles(CausalityInterfaceForComposites.java:96)
	at ptolemy.domains.de.kernel.DEDirector.preinitialize(DEDirector.java:1338)
	at ptolemy.actor.CompositeActor.preinitialize(CompositeActor.java:1828)
	at ptolemy.actor.Manager.preinitializeAndResolveTypes(Manager.java:1040)
	at ptolemy.actor.Manager.initialize(Manager.java:710)
	at ptolemy.actor.Manager.execute(Manager.java:356)
	at ptolemy.actor.Manager.run(Manager.java:1263)
	at ptolemy.actor.Manager$PtolemyRunThread.run(Manager.java:1915)
]]></system-err>
</testsuite>
