<?xml version="1.0" encoding="UTF-8" ?>
<testsuite errors="0" failures="0" hostname="travis-job-1b46b7fb-57c2-46c7-8a13-f6f174fb4656" name="ptolemy.domains.de.test.junit.JUnitTclTest" skipped="0" tests="101" time="132.118" timestamp="2019-07-21T05:05:03">
  <properties>
    <property name="npm.executable" value="npm" />
    <property name="env.TRAVIS_ROOT" value="/" />
    <property name="ptII.mk.exists" value="true" />
    <property name="env.TRAVIS_APP_HOST" value="build.travis-ci.org" />
    <property name="env.rvm_bin_path" value="/home/travis/.rvm/bin" />
    <property name="java.home" value="/usr/local/lib/jvm/openjdk11" />
    <property name="env.TRAVIS_JOB_NUMBER" value="1263.9" />
    <property name="env.TRAVIS_HOME" value="/home/travis" />
    <property name="env.DISPLAY" value=":99.0" />
    <property name="env.TRAVIS_INIT" value="systemd" />
    <property name="env.SSH_TTY" value="/dev/pts/0" />
    <property name="java.net.preferIPv4Stack" value="true" />
    <property name="env.RUN_TESTS" value="true" />
    <property name="timeout.short" value="1000000" />
    <property name="junit.formatter" value="xml" />
    <property name="env.TRAVIS_SUDO" value="true" />
    <property name="env.TRAVIS_JOB_NAME" value="" />
    <property name="env.TRAVIS_STACK_NODE_ATTRIBUTES" value="/.node-attributes.yml" />
    <property name="env.LOGNAME" value="travis" />
    <property name="jsdoc.home" value="node_modules/@terraswarm/jsdoc" />
    <property name="debuglevel" value="source,lines,vars" />
    <property name="checkstyle.formatter" value="xml" />
    <property name="env._system_version" value="16.04" />
    <property name="bin.vergil.makeable" value="true" />
    <property name="sun.os.patch.level" value="unknown" />
    <property name="java.vendor.url" value="http://java.oracle.com/" />
    <property name="env.TRAVIS_BUILD_WEB_URL" value="https://travis-ci.org/icyphy/ptII/builds/561585331" />
    <property name="java.version" value="11.0.2" />
    <property name="env.TZ" value="UTC" />
    <property name="env.TRAVIS_PULL_REQUEST_SHA" value="" />
    <property name="env.PT_NO_NET" value="true" />
    <property name="env.TRAVIS_SECURE_ENV_VARS" value="true" />
    <property name="env._system_type" value="Linux" />
    <property name="java.vendor.url.bug" value="http://bugreport.java.com/bugreport/" />
    <property name="npmjs-org-is-up" value="true" />
    <property name="env.LANGUAGE" value="en_US.UTF-8" />
    <property name="env.SSH_CLIENT" value="10.10.16.166 58264 22" />
    <property name="env.GEM_HOME" value="/home/travis/.rvm/gems/ruby-2.5.3" />
    <property name="env.HAS_ANTARES_THREE_LITTLE_FRONZIES_BADGE" value="true" />
    <property name="java.version.date" value="2019-01-15" />
    <property name="env.PS4" value="+" />
    <property name="ant.project.invoked-targets" value="build,test.core2.xml" />
    <property name="env.TRAVIS_PULL_REQUEST_BRANCH" value="" />
    <property name="env.TRAVIS_REPO_SLUG" value="icyphy/ptII" />
    <property name="env.XDG_DATA_DIRS" value="/usr/local/share:/usr/share:/var/lib/snapd/desktop" />
    <property name="jdk.debug" value="release" />
    <property name="env.TRAVIS_APT_PROXY" value="http://apt.cache.travis-ci.com" />
    <property name="node.in.path" value="true" />
    <property name="user.name" value="travis" />
    <property name="java.maxmemory" value="1400m" />
    <property name="env.RUBY_VERSION" value="ruby-2.5.3" />
    <property name="env.LANG" value="en_US.UTF-8" />
    <property name="sun.io.unicode.encoding" value="UnicodeLittle" />
    <property name="sun.jnu.encoding" value="UTF-8" />
    <property name="java.runtime.name" value="OpenJDK Runtime Environment" />
    <property name="usefile" value="false" />
    <property name="return.code" value="0" />
    <property name="junit.single.formatter" value="plain" />
    <property name="env.DYLD_LIBRARY_PATH" value="/home/travis/pthla/certi-tools/lib:" />
    <property name="env.DEBIAN_FRONTEND" value="noninteractive" />
    <property name="env.SSH_CONNECTION" value="10.10.16.166 58264 10.20.1.62 22" />
    <property name="env.MYSQL_UNIX_PORT" value="/var/run/mysqld/mysqld.sock" />
    <property name="env.LC_ALL" value="en_US.UTF-8" />
    <property name="env.TRAVIS_ALLOW_FAILURE" value="false" />
    <property name="env.TRAVIS_JOB_WEB_URL" value="https://travis-ci.org/icyphy/ptII/jobs/561585340" />
    <property name="java.specification.name" value="Java Platform API Specification" />
    <property name="node.works" value="true" />
    <property name="user.timezone" value="" />
    <property name="path.separator" value=":" />
    <property name="env.TRAVIS_ENABLE_INFRA_DETECTION" value="true" />
    <property name="env.PYTHON_CFLAGS" value="-g -fstack-protector --param=ssp-buffer-size=4 -Wformat -Werror=format-security" />
    <property name="timeout.long" value="4000000" />
    <property name="env.CERTI_HOME" value="/home/travis/pthla/certi-tools" />
    <property name="ant.file.ptII" value="/home/travis/build/icyphy/ptII/build.xml" />
    <property name="javadoc.packagenames" value="com.*,diva.*,lbnl.*,org.hlacerti.*,org.json.*,org.ptolemy.*,org.terraswarm.*,ptolemy.*,ptserver.*" />
    <property name="file.encoding" value="UTF-8" />
    <property name="env.TRAVIS_PULL_REQUEST_SLUG" value="" />
    <property name="ant.project.default-target" value="build" />
    <property name="env.GIT_ASKPASS" value="echo" />
    <property name="env.HOME" value="/home/travis" />
    <property name="sun.java.command" value="org.apache.tools.ant.taskdefs.optional.junit.JUnitTestRunner ptolemy.domains.de.test.junit.JUnitTclTest skipNonTests=false filtertrace=true haltOnError=false haltOnFailure=false formatter=org.apache.tools.ant.taskdefs.optional.junit.OutErrSummaryJUnitResultFormatter showoutput=true outputtoformatters=true logfailedtests=true threadid=0 logtestlistenerevents=false formatter=org.apache.tools.ant.taskdefs.optional.junit.XMLJUnitResultFormatter,/home/travis/build/icyphy/ptII/reports/junit/TEST-ptolemy.domains.de.test.junit.JUnitTclTest.xml crashfile=/home/travis/build/icyphy/ptII/junitvmwatcher13411182300621731019.properties propsfile=/home/travis/build/icyphy/ptII/junit5887594013183057738.properties" />
    <property name="env.COMPOSER_NO_INTERACTION" value="1" />
    <property name="env.MANPATH" value="/home/travis/.nvm/versions/node/v7.10.1/share/man:/home/travis/.rvm/rubies/ruby-2.5.3/share/man:/usr/local/cmake-3.12.4/man:/usr/local/clang-7.0.0/share/man:/usr/local/man:/usr/local/share/man:/usr/share/man:/home/travis/.rvm/man" />
    <property name="env.TRAVIS_TIMER_ID" value="22ca1c6c" />
    <property name="ant.file" value="/home/travis/build/icyphy/ptII/build.xml" />
    <property name="env.TRAVIS_COMMIT_RANGE" value="3e8fc68320ec6abfe10ee00146ba47d465fe175b...c79886f35f0269e3e2b325b3bbcbd28d7ee33b1c" />
    <property name="env._system_name" value="Ubuntu" />
    <property name="ptII.classpath.optional.property" value="/home/travis/build/icyphy/ptII/lib/bsh-2.0b4.jar:/home/travis/build/icyphy/ptII/lib/ptCal.jar:/home/travis/build/icyphy/ptII/lib/java_cup.jar:/home/travis/build/icyphy/ptII/lib/saxon8.jar:/home/travis/build/icyphy/ptII/lib/saxon8-dom.jar:/home/travis/build/icyphy/ptII/lib/chic.jar:/home/travis/build/icyphy/ptII/lib/ptcolt.jar:/home/travis/build/icyphy/ptII/vendors/misc/itext/iText.jar:/home/travis/build/icyphy/ptII/lib/g4ltl.jar:/home/travis/build/icyphy/ptII/lib/StructuralCoder.jar:/home/travis/build/icyphy/ptII/lib/jcerti.jar:/home/travis/build/icyphy/ptII/lib/javax.mail.jar:/home/travis/build/icyphy/ptII/vendors/JMF-2.1.1e/lib/jmf.jar:/home/travis/build/icyphy/ptII/lib/jna-4.0.0-variadic.jar:/home/travis/build/icyphy/ptII/vendors/misc/joystick/Joystick.jar:/home/travis/build/icyphy/ptII/lib/ptjacl.jar:/home/travis/build/icyphy/ptII/lib/jsoup-1.8.2.jar:/home/travis/build/icyphy/ptII/lib/junit-4.8.2.jar:/home/travis/build/icyphy/ptII/lib/JUnitParams-0.4.0.jar:/home/travis/build/icyphy/ptII/ptolemy/actor/lib/excel/jxl.jar:/home/travis/build/icyphy/ptII/lib/jython.jar:/home/travis/build/icyphy/ptII/lib/kieler.jar:/home/travis/build/icyphy/ptII/vendors/opencv/share/OpenCV/java/opencv-341.jar:/home/travis/build/icyphy/ptII/lib/oscP5.jar:/home/travis/build/icyphy/ptII/lib/nrjavaserial-3.11.0.devel.jar:/home/travis/build/icyphy/ptII/vendors/j3d/lib/Linux/j3dcore.jar:/home/travis/build/icyphy/ptII/vendors/j3d/lib/Linux/j3dutils.jar:/home/travis/build/icyphy/ptII/vendors/j3d/lib/Linux/vecmath.jar:/home/travis/build/icyphy/ptII/vendors/jogl/lib/Linux/gluegen-rt-natives-linux-amd64.jar:/home/travis/build/icyphy/ptII/vendors/jogl/lib/Linux/gluegen-rt.jar:/home/travis/build/icyphy/ptII/vendors/jogl/lib/Linux/jogl-all-natives-linux-amd64.jar:/home/travis/build/icyphy/ptII/vendors/jogl/lib/Linux/jogl-all.jar:/home/travis/build/icyphy/ptII/ptolemy/distributed/jini/jar/jini-core.jar:/home/travis/build/icyphy/ptII/ptolemy/distributed/jini/jar/jini-ext.jar:/home/travis/build/icyphy/ptII/ptolemy/distributed/jini/jar/sun-util.jar:/home/travis/build/icyphy/ptII/lib/protobuf-java-2.4.1.jar:/home/travis/build/icyphy/ptII/lib/org.eclipse.paho.client.mqttv3.jar:/home/travis/build/icyphy/ptII/lib/mapss.jar:/home/travis/build/icyphy/ptII/ptolemy/actor/ptalon/antlr/antlr.jar:/home/travis/build/icyphy/ptII/lib/JRI.jar:/home/travis/build/icyphy/ptII/lib/commons-lang-2.6.jar:/home/travis/build/icyphy/ptII/lib/commons-logging-1.1.1.jar:/home/travis/build/icyphy/ptII/lib/sootclasses.jar:/home/travis/build/icyphy/ptII/ptolemy/actor/lib/database/mysql-connector-java-5.1.6-bin.jar:/home/travis/build/icyphy/ptII/vendors/misc/sphinx4/sphinx4-data-5prealpha.jar:/home/travis/build/icyphy/ptII/vendors/misc/sphinx4/sphinx4-core-5prealpha.jar:/home/travis/build/icyphy/ptII/lib/PDFRenderer.jar:/home/travis/build/icyphy/ptII/lib/svgSalamander.jar:/home/travis/build/icyphy/ptII/lib/rsyntaxtextarea-2.6.0-SNAPSHOT.jar:/home/travis/build/icyphy/ptII/lib/hazelcast-3.8.2.jar:/home/travis/build/icyphy/ptII/lib/jackson-annotations-2.9.0.jar:/home/travis/build/icyphy/ptII/lib/jackson-core-2.9.3.jar:/home/travis/build/icyphy/ptII/lib/jackson-databind-2.9.3.jar:/home/travis/build/icyphy/ptII/lib/netty-buffer-4.1.19.Final.jar:/home/travis/build/icyphy/ptII/lib/netty-codec-4.1.19.Final.jar:/home/travis/build/icyphy/ptII/lib/netty-codec-dns-4.1.19.Final.jar:/home/travis/build/icyphy/ptII/lib/netty-codec-http-4.1.19.Final.jar:/home/travis/build/icyphy/ptII/lib/netty-codec-http2-4.1.19.Final.jar:/home/travis/build/icyphy/ptII/lib/netty-common-4.1.19.Final.jar:/home/travis/build/icyphy/ptII/lib/netty-handler-4.1.19.Final.jar:/home/travis/build/icyphy/ptII/lib/netty-resolver-4.1.19.Final.jar:/home/travis/build/icyphy/ptII/lib/netty-resolver-dns-4.1.19.Final.jar:/home/travis/build/icyphy/ptII/lib/netty-transport-4.1.19.Final.jar:/home/travis/build/icyphy/ptII/lib/vertx-codegen-3.5.1.jar:/home/travis/build/icyphy/ptII/lib/vertx-core-3.5.2-SNAPSHOT.jar:/home/travis/build/icyphy/ptII/lib/vertx-hazelcast-3.5.1.jar:/home/travis/build/icyphy/ptII/lib/vertx-lang-js-3.5.1.jar:/home/travis/build/icyphy/ptII/lib/vertx-service-proxy-3.5.1.jar:/home/travis/build/icyphy/ptII/lib/vertx-web-3.5.1.jar:/home/travis/build/icyphy/ptII/lib/slf4j-api-1.7.13.jar:/home/travis/build/icyphy/ptII/lib/slf4j-simple-1.7.13.jar:/home/travis/build/icyphy/ptII/lib/webcam-capture-0.3.12.jar:/home/travis/build/icyphy/ptII/lib/bridj-0.7.0.jar:/home/travis/build/icyphy/ptII/lib/xbjlib-1.1.0.nrjavaserial.jar" />
    <property name="timeout" value="2400000" />
    <property name="test.batch" value="**/junit/*.java" />
    <property name="env._" value="/usr/bin/timeout" />
    <property name="java.io.tmpdir" value="/tmp" />
    <property name="user.language" value="en" />
    <property name="env.TRAVIS_INTERNAL_RUBY_REGEX" value="^ruby-(2\.[0-4]\.[0-9]|1\.9\.3)" />
    <property name="env.HISTCONTROL" value="ignoredups:ignorespace" />
    <property name="env.GOROOT" value="/home/travis/.gimme/versions/go1.11.1.linux.amd64" />
    <property name="line.separator" value="&#xa;" />
    <property name="target" value="11" />
    <property name="env.TRAVIS_BUILD_DIR" value="/home/travis/build/icyphy/ptII" />
    <property name="env.ANT_OPTS" value="-Xmx2048m" />
    <property name="ant.file.type" value="file" />
    <property name="ptolemy.ptII.batchMode" value="true" />
    <property name="env.HISTSIZE" value="1000" />
    <property name="env.MERB_ENV" value="test" />
    <property name="java.vm.info" value="mixed mode" />
    <property name="source" value="11" />
    <property name="java.vm.specification.name" value="Java Virtual Machine Specification" />
    <property name="env.TRAVIS_TEST_RESULT" value="0" />
    <property name="jsdoc.command" value="node_modules/@terraswarm/jsdoc/jsdoc.js" />
    <property name="npm.works" value="true" />
    <property name="cobertura.dir" value="/home/travis/build/icyphy/ptII/vendors/cobertura-2.0.3" />
    <property name="jsdoc.command.exists" value="true" />
    <property name="env.rvm_path" value="/home/travis/.rvm" />
    <property name="env.GEM_PATH" value="/home/travis/.rvm/gems/ruby-2.5.3:/home/travis/.rvm/gems/ruby-2.5.3@global" />
    <property name="env.LC_CTYPE" value="en_US.UTF-8" />
    <property name="env.TRAVIS_CMD" value="$PTII/bin/ptIITravisBuild.sh $SECONDS" />
    <property name="java.awt.printerjob" value="sun.print.PSPrinterJob" />
    <property name="env.TRAVIS_STACK_NAME" value="sardonyx" />
    <property name="env.TRAVIS_TIMER_START_TIME" value="1563685280974029316" />
    <property name="ant.version" value="Apache Ant(TM) version 1.10.1 compiled on February 2 2017" />
    <property name="ptII.reports" value="/home/travis/build/icyphy/ptII/reports" />
    <property name="env.TRAVIS_STACK_TIMESTAMP" value="2019-03-25 16:16:56 UTC" />
    <property name="ant.file.type.ptII" value="file" />
    <property name="env.RBENV_SHELL" value="bash" />
    <property name="os.name" value="Linux" />
    <property name="java.specification.vendor" value="Oracle Corporation" />
    <property name="env.rvm_version" value="1.29.7 (latest)" />
    <property name="env.TRAVIS_INFRA" value="gce" />
    <property name="env.TERM" value="xterm" />
    <property name="java.vm.name" value="OpenJDK 64-Bit Server VM" />
    <property name="env.TRAVIS_BUILD_NUMBER" value="1263" />
    <property name="env.CI" value="true" />
    <property name="java.library.path" value="/home/travis/pthla/certi-tools/lib:/usr/lib/jni:/usr/local/share/OpenCV/java/:/usr/share/OpenCV/java::/usr/java/packages/lib:/usr/lib64:/lib64:/lib:/usr/lib" />
    <property name="jdk.module.path" value="/home/travis/build/icyphy/ptII/vendors/javafx/javafx-sdk-11.0.2/lib:" />
    <property name="env.rvm_prefix" value="/home/travis" />
    <property name="env.PATH" value="/home/travis/pthla/certi-tools/share/scripts:/home/travis/.rvm/gems/ruby-2.5.3/bin:/home/travis/.rvm/gems/ruby-2.5.3@global/bin:/home/travis/.rvm/rubies/ruby-2.5.3/bin:/home/travis/.rvm/bin:/home/travis/.nvm/versions/node/v7.10.1/bin:./node_modules/.bin:/home/travis/build/icyphy/ptII/bin:/home/travis/pthla/certi-tools/bin:/home/travis/bin:/home/travis/.local/bin:/usr/local/lib/jvm/openjdk11/bin:/opt/pyenv/shims:/home/travis/.phpenv/shims:/home/travis/perl5/perlbrew/bin:/home/travis/gopath/bin:/home/travis/.gimme/versions/go1.11.1.linux.amd64/bin:/usr/local/maven-3.6.0/bin:/usr/local/cmake-3.12.4/bin:/usr/local/clang-7.0.0/bin:/usr/local/sbin:/usr/local/bin:/usr/sbin:/usr/bin:/sbin:/bin:/snap/bin:/home/travis/.phpenv/bin:/opt/pyenv/bin:/home/travis/.yarn/bin" />
    <property name="env.TRAVIS_OS_NAME" value="linux" />
    <property name="ant.java.version" value="9" />
    <property name="basedir" value="/home/travis/build/icyphy/ptII" />
    <property name="java.class.version" value="55.0" />
    <property name="env.SHLVL" value="3" />
    <property name="env.LD_LIBRARY_PATH" value="/home/travis/pthla/certi-tools/lib:/usr/lib/jni:/usr/local/share/OpenCV/java/:/usr/share/OpenCV/java:" />
    <property name="env.RACK_ENV" value="test" />
    <property name="ant.home" value="/home/travis/build/icyphy/ptII/ant" />
    <property name="env.NVM_DIR" value="/home/travis/.nvm" />
    <property name="env.CERTI_FOM_PATH" value="/home/travis/pthla/certi-tools/share/federations" />
    <property name="env.TRAVIS_BUILD_ID" value="561585331" />
    <property name="env.PYENV_ROOT" value="/opt/pyenv" />
    <property name="env.TRAVIS_UID" value="2000" />
    <property name="prism.verbose" value="true" />
    <property name="env.NVM_BIN" value="/home/travis/.nvm/versions/node/v7.10.1/bin" />
    <property name="env.TRAVIS_COMMIT" value="c79886f35f0269e3e2b325b3bbcbd28d7ee33b1c" />
    <property name="env._system_arch" value="x86_64" />
    <property name="node.executable" value="node" />
    <property name="sun.boot.library.path" value="/usr/local/lib/jvm/openjdk11/lib" />
    <property name="sun.management.compiler" value="HotSpot 64-Bit Tiered Compilers" />
    <property name="java.awt.graphicsenv" value="sun.awt.X11GraphicsEnvironment" />
    <property name="env.GOPATH" value="/home/travis/gopath" />
    <property name="ptolemy.ptII.dir" value="/home/travis/build/icyphy/ptII" />
    <property name="env.USER" value="travis" />
    <property name="env.HISTFILESIZE" value="2000" />
    <property name="timeout.longest" value="19000000" />
    <property name="env.PERLBREW_SHELLRC_VERSION" value="0.86" />
    <property name="env.TRAVIS_STACK_FEATURES" value="basic couchdb disabled-ipv6 docker docker-compose elasticsearch firefox go-toolchain google-chrome jdk memcached mongodb mysql nodejs_interpreter perl_interpreter perlbrew phantomjs postgresql python_interpreter redis ruby_interpreter sqlite xserver" />
    <property name="env.TRAVIS_PULL_REQUEST" value="false" />
    <property name="env.PYENV_SHELL" value="bash" />
    <property name="ant.project.name" value="ptII" />
    <property name="env.ANSI_RESET" value="\033[0m" />
    <property name="java.vm.specification.version" value="11" />
    <property name="env.TRAVIS_DIST" value="xenial" />
    <property name="env.CERTI_VERSION" value="4.0.0" />
    <property name="env.CERTI_HOST" value="localhost" />
    <property name="awt.toolkit" value="sun.awt.X11.XToolkit" />
    <property name="env.MY_RUBY_HOME" value="/home/travis/.rvm/rubies/ruby-2.5.3" />
    <property name="sun.cpu.isalist" value="" />
    <property name="env.TRAVIS_TMPDIR" value="/tmp/tmp.FIRHkRTGxI" />
    <property name="java.vm.compressedOopsMode" value="Zero based" />
    <property name="os.version" value="4.15.0-1028-gcp" />
    <property name="user.home" value="/home/travis" />
    <property name="java.vm.vendor" value="Oracle Corporation" />
    <property name="env.TRAVIS_TAG" value="nightly" />
    <property name="env.ANSI_YELLOW" value="\033[33;1m" />
    <property name="env.TRAVIS_FILTERED" value="redirect_io" />
    <property name="env.ANSI_GREEN" value="\033[32;1m" />
    <property name="env.JAVA_HOME" value="/usr/local/lib/jvm/openjdk11" />
    <property name="javadoc.excludepackagenames" value="adm.cvs2svn.*,build.*,config.*,doc.coding.templates.*,jni.test.jni.meaningOfLife.*,jni.test.jni.testDeux.*,jni.test.jni.testTrois.*,org.terraswarm.accessor.accessors.web.node_modules.*,org.terraswarm.accessor.accessors.web.hosts.cordova.demo.*,org.terraswarm.accessor.accessors.web.hosts.cordova.plugins.*,org.terraswarm.accessor.accessors-svn.*,pt-modules.*,ptolemy.apps.agilent.*,ptolemy.apps.anytimecontrol.*,ptolemy.apps.apes.*,ptolemy.apps.charon.*,ptolemy.apps.crazyboard.*,ptolemy.apps.eclipse.*,ptolemy.apps.etherealSting.*,ptolemy.apps.fullscreen.*,ptolemy.apps.giotto.*,ptolemy.apps.ia.*,ptolemy.apps.interfaces.*,ptolemy.apps.jmf.*,ptolemy.apps.kurt.*,ptolemy.apps.kvm.*,ptolemy.apps.lego.*,ptolemy.apps.lejos.*,ptolemy.apps.midp.*,ptolemy.apps.mobileCoding.*,ptolemy.apps.pendulum.*,ptolemy.apps.rijndael.*,ptolemy.apps.robot.*,ptolemy.apps.security.*,ptolemy.apps.sobel.*,ptolemy.apps.soot.*,ptolemy.apps.throttle.*,ptolemy.apps.tini.*,ptolemy.apps.transmission.*,ptolemy.apps.vergil.*,ptolemy.apps.waba.*,ptolemy.apps.websensor.*,ptolemy.apps.webstart.*,ptolemy.apps.xsl.*,ptolemy.apps.zaurus.*,ptolemy.codegen.c.actor.lib.oldJavaFiles.*,ptolemy.codegen.dsp.lib.*,ptolemy.codegen.kernel.newInterfaces.*,ptolemy.codegen.lib.*,ptolemy.copernicus.kernel.fragment.*,ptolemy.copernicus.shallow.cg.*,ptolemy.domains.giotto.demo.Hierarchy.Hierarchy.*,ptolemy.domains.giotto.demo.Multimode.Multimode.*,ptolemy.domains.giotto.demo.Simple.Simple.*,ptolemy.domains.gr.lib.experimental.*,ptolemy.domains.gro.*,ptolemy.domains.pdf.*,ptolemy.domains.ptinyos.demo.Surge.output.*,ptolemy.moml.test.NoPackageActor.java*,ptolemy.plot.adm.*,ptolemy.plot.servlet.*,reports.*,signed.*,src.*,target.*,vendors.*,ptolemy.copernicus.applet.*,ptolemy.media.viewer.*,ptolemy.actor.corba.*,doc.doclets.*,ptolemy.apps.eclipse.awt.*,ptolemy.backtrack.*,ptolemy.backtrack.ast.*,ptolemy.cg.adapter.generic.program.procedural.c.mbed*,ptolemy.homer.*,ptolemy.actor.lib.jai.*,org.ptolemy.scala.*,diva.util.java2d.svg.*,ptolemy.domains.ptinyos.*,ptolemy.actor.lib.fmi.fmipp.*,,org.terraswarm.accessor.accessors.web.node_modules.*,org.terraswarm.accessor.accessors-svn,ptolemy.apps.*,ptolemy.actor.ptalon.demo.ptinyos.SendAndReceiveCnt.output,ptolemy.actor.ptalon.demo.ptinyos.SenseToLeds.output,ptolemy.domains.ptinyos.demo.CntToLedsAndRfm.output,ptolemy.domains.ptinyos.demo.RfmToLeds.output,ptolemy.domains.ptinyos.demo.SendAndReceiveCnt.output,ptolemy.domains.ptinyos.demo.SenseToLeds.output,ptolemy.actor.lib.jjs.modules.udpSocket.*" />
    <property name="env.PTII" value="/home/travis/build/icyphy/ptII" />
    <property name="env.XDG_SESSION_ID" value="2" />
    <property name="keystore" value="ptKeystore" />
    <property name="env.TRAVIS_COMMIT_MESSAGE" value="Run test.travis.timeout.fail.xml" />
    <property name="junit.output.dir" value="/home/travis/build/icyphy/ptII/reports/junit" />
    <property name="npm.return.code" value="0" />
    <property name="user.dir" value="/home/travis/build/icyphy/ptII/ptolemy/domains/de/test" />
    <property name="env.TRAVIS_NODE_VERSION" value="7" />
    <property name="env.TRAVIS_EVENT_TYPE" value="cron" />
    <property name="env.MAIL" value="/var/mail/travis" />
    <property name="env.PERLBREW_ROOT" value="/home/travis/perl5/perlbrew" />
    <property name="env.PWD" value="/home/travis/build/icyphy/ptII" />
    <property name="timeout.npm" value="45000" />
    <property name="env.PT_TRAVIS_TEST_CORE2_XML" value="true" />
    <property name="env.TRAVIS_ARCH" value="amd64" />
    <property name="sun.cpu.endian" value="little" />
    <property name="env.PAGER" value="cat" />
    <property name="env.TRAVIS_BUILD_STAGE_NAME" value="Test" />
    <property name="env.PERLBREW_HOME" value="/home/travis/.perlbrew" />
    <property name="java.vm.version" value="11.0.2+9" />
    <property name="env.RAILS_ENV" value="test" />
    <property name="java.class.path" value="/home/travis/build/icyphy/ptII:/home/travis/build/icyphy/ptII/lib/bsh-2.0b4.jar:/home/travis/build/icyphy/ptII/lib/ptCal.jar:/home/travis/build/icyphy/ptII/lib/java_cup.jar:/home/travis/build/icyphy/ptII/lib/saxon8.jar:/home/travis/build/icyphy/ptII/lib/saxon8-dom.jar:/home/travis/build/icyphy/ptII/lib/chic.jar:/home/travis/build/icyphy/ptII/lib/ptcolt.jar:/home/travis/build/icyphy/ptII/vendors/misc/itext/iText.jar:/home/travis/build/icyphy/ptII/lib/g4ltl.jar:/home/travis/build/icyphy/ptII/lib/StructuralCoder.jar:/home/travis/build/icyphy/ptII/lib/jcerti.jar:/home/travis/build/icyphy/ptII/lib/javax.mail.jar:/home/travis/build/icyphy/ptII/vendors/JMF-2.1.1e/lib/jmf.jar:/home/travis/build/icyphy/ptII/lib/jna-4.0.0-variadic.jar:/home/travis/build/icyphy/ptII/vendors/misc/joystick/Joystick.jar:/home/travis/build/icyphy/ptII/lib/ptjacl.jar:/home/travis/build/icyphy/ptII/lib/jsoup-1.8.2.jar:/home/travis/build/icyphy/ptII/lib/junit-4.8.2.jar:/home/travis/build/icyphy/ptII/lib/JUnitParams-0.4.0.jar:/home/travis/build/icyphy/ptII/ptolemy/actor/lib/excel/jxl.jar:/home/travis/build/icyphy/ptII/lib/jython.jar:/home/travis/build/icyphy/ptII/lib/kieler.jar:/home/travis/build/icyphy/ptII/vendors/opencv/share/OpenCV/java/opencv-341.jar:/home/travis/build/icyphy/ptII/lib/oscP5.jar:/home/travis/build/icyphy/ptII/lib/nrjavaserial-3.11.0.devel.jar:/home/travis/build/icyphy/ptII/vendors/j3d/lib/Linux/j3dcore.jar:/home/travis/build/icyphy/ptII/vendors/j3d/lib/Linux/j3dutils.jar:/home/travis/build/icyphy/ptII/vendors/j3d/lib/Linux/vecmath.jar:/home/travis/build/icyphy/ptII/vendors/jogl/lib/Linux/gluegen-rt-natives-linux-amd64.jar:/home/travis/build/icyphy/ptII/vendors/jogl/lib/Linux/gluegen-rt.jar:/home/travis/build/icyphy/ptII/vendors/jogl/lib/Linux/jogl-all-natives-linux-amd64.jar:/home/travis/build/icyphy/ptII/vendors/jogl/lib/Linux/jogl-all.jar:/home/travis/build/icyphy/ptII/ptolemy/distributed/jini/jar/jini-core.jar:/home/travis/build/icyphy/ptII/ptolemy/distributed/jini/jar/jini-ext.jar:/home/travis/build/icyphy/ptII/ptolemy/distributed/jini/jar/sun-util.jar:/home/travis/build/icyphy/ptII/lib/protobuf-java-2.4.1.jar:/home/travis/build/icyphy/ptII/lib/org.eclipse.paho.client.mqttv3.jar:/home/travis/build/icyphy/ptII/lib/mapss.jar:/home/travis/build/icyphy/ptII/ptolemy/actor/ptalon/antlr/antlr.jar:/home/travis/build/icyphy/ptII/lib/JRI.jar:/home/travis/build/icyphy/ptII/lib/commons-lang-2.6.jar:/home/travis/build/icyphy/ptII/lib/commons-logging-1.1.1.jar:/home/travis/build/icyphy/ptII/lib/sootclasses.jar:/home/travis/build/icyphy/ptII/ptolemy/actor/lib/database/mysql-connector-java-5.1.6-bin.jar:/home/travis/build/icyphy/ptII/vendors/misc/sphinx4/sphinx4-data-5prealpha.jar:/home/travis/build/icyphy/ptII/vendors/misc/sphinx4/sphinx4-core-5prealpha.jar:/home/travis/build/icyphy/ptII/lib/PDFRenderer.jar:/home/travis/build/icyphy/ptII/lib/svgSalamander.jar:/home/travis/build/icyphy/ptII/lib/rsyntaxtextarea-2.6.0-SNAPSHOT.jar:/home/travis/build/icyphy/ptII/lib/hazelcast-3.8.2.jar:/home/travis/build/icyphy/ptII/lib/jackson-annotations-2.9.0.jar:/home/travis/build/icyphy/ptII/lib/jackson-core-2.9.3.jar:/home/travis/build/icyphy/ptII/lib/jackson-databind-2.9.3.jar:/home/travis/build/icyphy/ptII/lib/netty-buffer-4.1.19.Final.jar:/home/travis/build/icyphy/ptII/lib/netty-codec-4.1.19.Final.jar:/home/travis/build/icyphy/ptII/lib/netty-codec-dns-4.1.19.Final.jar:/home/travis/build/icyphy/ptII/lib/netty-codec-http-4.1.19.Final.jar:/home/travis/build/icyphy/ptII/lib/netty-codec-http2-4.1.19.Final.jar:/home/travis/build/icyphy/ptII/lib/netty-common-4.1.19.Final.jar:/home/travis/build/icyphy/ptII/lib/netty-handler-4.1.19.Final.jar:/home/travis/build/icyphy/ptII/lib/netty-resolver-4.1.19.Final.jar:/home/travis/build/icyphy/ptII/lib/netty-resolver-dns-4.1.19.Final.jar:/home/travis/build/icyphy/ptII/lib/netty-transport-4.1.19.Final.jar:/home/travis/build/icyphy/ptII/lib/vertx-codegen-3.5.1.jar:/home/travis/build/icyphy/ptII/lib/vertx-core-3.5.2-SNAPSHOT.jar:/home/travis/build/icyphy/ptII/lib/vertx-hazelcast-3.5.1.jar:/home/travis/build/icyphy/ptII/lib/vertx-lang-js-3.5.1.jar:/home/travis/build/icyphy/ptII/lib/vertx-service-proxy-3.5.1.jar:/home/travis/build/icyphy/ptII/lib/vertx-web-3.5.1.jar:/home/travis/build/icyphy/ptII/lib/slf4j-api-1.7.13.jar:/home/travis/build/icyphy/ptII/lib/slf4j-simple-1.7.13.jar:/home/travis/build/icyphy/ptII/lib/webcam-capture-0.3.12.jar:/home/travis/build/icyphy/ptII/lib/bridj-0.7.0.jar:/home/travis/build/icyphy/ptII/lib/xbjlib-1.1.0.nrjavaserial.jar:/home/travis/build/icyphy/ptII/ptolemy/moml/test:/home/travis/build/icyphy/ptII/ant/lib/ant-launcher.jar:/home/travis/build/icyphy/ptII/ant/lib/ant.jar:/home/travis/build/icyphy/ptII/ant/lib/ant-junit.jar:/home/travis/build/icyphy/ptII/ant/lib/ant-junit4.jar" />
    <property name="ant.library.dir" value="/home/travis/build/icyphy/ptII/ant/lib" />
    <property name="os.arch" value="amd64" />
    <property name="env.CONTINUOUS_INTEGRATION" value="true" />
    <property name="env.TRAVIS_LANGUAGE" value="node_js" />
    <property name="env.TRAVIS_STACK_LANGUAGES" value="__sardonyx__ c c++ clojure cplusplus cpp default generic go groovy java node_js php pure_java python ruby scala" />
    <property name="test.name" value="ptolemy.actor.lib.test.junit.JUnitTclTest" />
    <property name="env.APT_KEY_DONT_WARN_ON_DANGEROUS_USAGE" value="1" />
    <property name="sun.java.launcher" value="SUN_STANDARD" />
    <property name="env.PYTHON_CONFIGURE_OPTS" value="--enable-unicode=ucs4 --with-wide-unicode --enable-shared --enable-ipv6 --enable-loadable-sqlite-extensions --with-computed-gotos" />
    <property name="ant.core.lib" value="/home/travis/build/icyphy/ptII/ant/lib/ant.jar" />
    <property name="java.vm.specification.vendor" value="Oracle Corporation" />
    <property name="env.BCVTB_HOME" value="/home/travis/build/icyphy/ptII/lbnl" />
    <property name="file.separator" value="/" />
    <property name="spotbugs.home" value="/home/travis/build/icyphy/ptII/vendors/spotbugs-3.1.1" />
    <property name="java.runtime.version" value="11.0.2+9" />
    <property name="env.ANSI_CLEAR" value="\033[0K" />
    <property name="javafx.verbose" value="true" />
    <property name="env.HAS_JOSH_K_SEAL_OF_APPROVAL" value="true" />
    <property name="env.XDG_RUNTIME_DIR" value="/run/user/2000" />
    <property name="env.TRAVIS_OSX_IMAGE" value="" />
    <property name="env.TRAVIS_JOB_ID" value="561585340" />
    <property name="env.TRAVIS_BRANCH" value="master" />
    <property name="user.country" value="US" />
    <property name="env.CERTI_HOME_TRAVIS" value="/home/travis/pthla/certi-tools" />
    <property name="env.SHELL" value="/bin/bash" />
    <property name="java.maxmemory.large" value="4000m" />
    <property name="model" value="" />
    <property name="env.CASHER_DIR" value="/home/travis/.casher" />
    <property name="env.NVM_CD_FLAGS" value="" />
    <property name="java.vendor.version" value="18.9" />
    <property name="jshint.executable" value="/home/travis/node_modules/jshint/bin/jshint" />
    <property name="env.JRUBY_OPTS" value=" --client -J-XX:+TieredCompilation -J-XX:TieredStopAtLevel=1 -J-Xss2m -Xcompile.invokedynamic=false" />
    <property name="java.vendor" value="Oracle Corporation" />
    <property name="env.TRAVIS_PRE_CHEF_BOOTSTRAP_TIME" value="2019-03-25T16:16:42" />
    <property name="env.TRAVIS_STACK_JOB_BOARD_REGISTER" value="/.job-board-register.yml" />
    <property name="env.ANSI_RED" value="\033[31;1m" />
    <property name="java.specification.version" value="11" />
    <property name="env.IRBRC" value="/home/travis/.rvm/rubies/ruby-2.5.3/.irbrc" />
    <property name="env.TRAVIS" value="true" />
    <property name="sun.arch.data.model" value="64" />
  </properties>
  <testcase classname="ptolemy.util.test.junit.TclTests" name="[0] /home/travis/build/icyphy/ptII/ptolemy/domains/de/test/DependencyLoop.tcl (RunTclFile)" time="1.072" />
  <testcase classname="ptolemy.util.test.junit.TclTests" name="[1] /home/travis/build/icyphy/ptII/ptolemy/domains/de/test/RunDETestsAsQSS.tcl (RunTclFile)" time="88.508" />
  <testcase classname="ptolemy.util.test.junit.AutoKnownFailedTests" name="[0] /home/travis/build/icyphy/ptII/ptolemy/domains/de/test/auto/knownFailedTests/DESDFClockTest.xml (RunModel)" time="2.035" />
  <testcase classname="ptolemy.util.test.junit.AutoKnownFailedTests" name="[1] /home/travis/build/icyphy/ptII/ptolemy/domains/de/test/auto/knownFailedTests/DirectFeedback.xml (RunModel)" time="0.018" />
  <testcase classname="ptolemy.util.test.junit.AutoKnownFailedTests" name="[2] /home/travis/build/icyphy/ptII/ptolemy/domains/de/test/auto/knownFailedTests/FSMSource.xml (RunModel)" time="0.031" />
  <testcase classname="ptolemy.util.test.junit.AutoKnownFailedTests" name="[3] /home/travis/build/icyphy/ptII/ptolemy/domains/de/test/auto/knownFailedTests/HierarchicalModel.xml (RunModel)" time="0.063" />
  <testcase classname="ptolemy.util.test.junit.AutoKnownFailedTests" name="[4] /home/travis/build/icyphy/ptII/ptolemy/domains/de/test/auto/knownFailedTests/dependencyLoop.xml (RunModel)" time="0.043" />
  <testcase classname="ptolemy.util.test.junit.AutoKnownFailedTests" name="[5] /home/travis/build/icyphy/ptII/ptolemy/domains/de/test/auto/knownFailedTests/dependencyLoop2.xml (RunModel)" time="0.049" />
  <testcase classname="ptolemy.util.test.junit.AutoNameArchTests" name="[0] ThereAreNoAutoArchTests (RunModel)" time="0.002" />
  <testcase classname="ptolemy.util.test.junit.AutoTests" name="[0] /home/travis/build/icyphy/ptII/ptolemy/domains/de/test/auto/ActorDepthCalculation_actorWithoutPorts.xml (RunModel)" time="0.02" />
  <testcase classname="ptolemy.util.test.junit.AutoTests" name="[1] /home/travis/build/icyphy/ptII/ptolemy/domains/de/test/auto/AssemblyLine.xml (RunModel)" time="0.03" />
  <testcase classname="ptolemy.util.test.junit.AutoTests" name="[2] /home/travis/build/icyphy/ptII/ptolemy/domains/de/test/auto/CQBug1.xml (RunModel)" time="0.011" />
  <testcase classname="ptolemy.util.test.junit.AutoTests" name="[3] /home/travis/build/icyphy/ptII/ptolemy/domains/de/test/auto/CancelFireAt.xml (RunModel)" time="0.024" />
  <testcase classname="ptolemy.util.test.junit.AutoTests" name="[4] /home/travis/build/icyphy/ptII/ptolemy/domains/de/test/auto/CausalityAndComposabilityAnalysis.xml (RunModel)" time="0.02" />
  <testcase classname="ptolemy.util.test.junit.AutoTests" name="[5] /home/travis/build/icyphy/ptII/ptolemy/domains/de/test/auto/CausalityInterface1.xml (RunModel)" time="0.018" />
  <testcase classname="ptolemy.util.test.junit.AutoTests" name="[6] /home/travis/build/icyphy/ptII/ptolemy/domains/de/test/auto/CausalityInterface15.xml (RunModel)" time="0.013" />
  <testcase classname="ptolemy.util.test.junit.AutoTests" name="[7] /home/travis/build/icyphy/ptII/ptolemy/domains/de/test/auto/CausalityInterface2.xml (RunModel)" time="0.011" />
  <testcase classname="ptolemy.util.test.junit.AutoTests" name="[8] /home/travis/build/icyphy/ptII/ptolemy/domains/de/test/auto/CausalityInterface3.xml (RunModel)" time="0.014" />
  <testcase classname="ptolemy.util.test.junit.AutoTests" name="[9] /home/travis/build/icyphy/ptII/ptolemy/domains/de/test/auto/ClockDrift.xml (RunModel)" time="0.038" />
  <testcase classname="ptolemy.util.test.junit.AutoTests" name="[10] /home/travis/build/icyphy/ptII/ptolemy/domains/de/test/auto/ClockDriftAndValueChange.xml (RunModel)" time="0.035" />
  <testcase classname="ptolemy.util.test.junit.AutoTests" name="[11] /home/travis/build/icyphy/ptII/ptolemy/domains/de/test/auto/ClockDriftChange.xml (RunModel)" time="0.034" />
  <testcase classname="ptolemy.util.test.junit.AutoTests" name="[12] /home/travis/build/icyphy/ptII/ptolemy/domains/de/test/auto/ComposableCausalityAnalysis.xml (RunModel)" time="0.018" />
  <testcase classname="ptolemy.util.test.junit.AutoTests" name="[13] /home/travis/build/icyphy/ptII/ptolemy/domains/de/test/auto/DEFixedPointLimitation.xml (RunModel)" time="0.009" />
  <testcase classname="ptolemy.util.test.junit.AutoTests" name="[14] /home/travis/build/icyphy/ptII/ptolemy/domains/de/test/auto/DEScheduleTest.xml (RunModel)" time="0.021" />
  <testcase classname="ptolemy.util.test.junit.AutoTests" name="[15] /home/travis/build/icyphy/ptII/ptolemy/domains/de/test/auto/DEinDEwithStartTimes.xml (RunModel)" time="0.016" />
  <testcase classname="ptolemy.util.test.junit.AutoTests" name="[16] /home/travis/build/icyphy/ptII/ptolemy/domains/de/test/auto/DEinDEwithStartTimes2.xml (RunModel)" time="0.018" />
  <testcase classname="ptolemy.util.test.junit.AutoTests" name="[17] /home/travis/build/icyphy/ptII/ptolemy/domains/de/test/auto/DateDemo.xml (RunModel)" time="0.031" />
  <testcase classname="ptolemy.util.test.junit.AutoTests" name="[18] /home/travis/build/icyphy/ptII/ptolemy/domains/de/test/auto/DateToEvent.xml (RunModel)" time="2.044" />
  <testcase classname="ptolemy.util.test.junit.AutoTests" name="[19] /home/travis/build/icyphy/ptII/ptolemy/domains/de/test/auto/DepthTest1.xml (RunModel)" time="0.017" />
  <testcase classname="ptolemy.util.test.junit.AutoTests" name="[20] /home/travis/build/icyphy/ptII/ptolemy/domains/de/test/auto/DepthTest2.xml (RunModel)" time="0.017" />
  <testcase classname="ptolemy.util.test.junit.AutoTests" name="[21] /home/travis/build/icyphy/ptII/ptolemy/domains/de/test/auto/DepthTest3.xml (RunModel)" time="0.01" />
  <testcase classname="ptolemy.util.test.junit.AutoTests" name="[22] /home/travis/build/icyphy/ptII/ptolemy/domains/de/test/auto/DepthTest4.xml (RunModel)" time="0.024" />
  <testcase classname="ptolemy.util.test.junit.AutoTests" name="[23] /home/travis/build/icyphy/ptII/ptolemy/domains/de/test/auto/DepthTest5.xml (RunModel)" time="0.014" />
  <testcase classname="ptolemy.util.test.junit.AutoTests" name="[24] /home/travis/build/icyphy/ptII/ptolemy/domains/de/test/auto/DepthTest6.xml (RunModel)" time="0.012" />
  <testcase classname="ptolemy.util.test.junit.AutoTests" name="[25] /home/travis/build/icyphy/ptII/ptolemy/domains/de/test/auto/DepthTest7.xml (RunModel)" time="0.012" />
  <testcase classname="ptolemy.util.test.junit.AutoTests" name="[26] /home/travis/build/icyphy/ptII/ptolemy/domains/de/test/auto/EventToDate.xml (RunModel)" time="3.043" />
  <testcase classname="ptolemy.util.test.junit.AutoTests" name="[27] /home/travis/build/icyphy/ptII/ptolemy/domains/de/test/auto/FSM1.xml (RunModel)" time="0.042" />
  <testcase classname="ptolemy.util.test.junit.AutoTests" name="[28] /home/travis/build/icyphy/ptII/ptolemy/domains/de/test/auto/FSM7.xml (RunModel)" time="0.042" />
  <testcase classname="ptolemy.util.test.junit.AutoTests" name="[29] /home/travis/build/icyphy/ptII/ptolemy/domains/de/test/auto/Inspection.xml (RunModel)" time="0.043" />
  <testcase classname="ptolemy.util.test.junit.AutoTests" name="[30] /home/travis/build/icyphy/ptII/ptolemy/domains/de/test/auto/Iteration.xml (RunModel)" time="0.027" />
  <testcase classname="ptolemy.util.test.junit.AutoTests" name="[31] /home/travis/build/icyphy/ptII/ptolemy/domains/de/test/auto/LineFault.xml (RunModel)" time="0.659" />
  <testcase classname="ptolemy.util.test.junit.AutoTests" name="[32] /home/travis/build/icyphy/ptII/ptolemy/domains/de/test/auto/MergeModel1Add.xml (RunModel)" time="0.058" />
  <testcase classname="ptolemy.util.test.junit.AutoTests" name="[33] /home/travis/build/icyphy/ptII/ptolemy/domains/de/test/auto/MergeModel2Add.xml (RunModel)" time="0.036" />
  <testcase classname="ptolemy.util.test.junit.AutoTests" name="[34] /home/travis/build/icyphy/ptII/ptolemy/domains/de/test/auto/MergeModel3Add.xml (RunModel)" time="0.053" />
  <testcase classname="ptolemy.util.test.junit.AutoTests" name="[35] /home/travis/build/icyphy/ptII/ptolemy/domains/de/test/auto/MergeWithoutDiscard.xml (RunModel)" time="0.019" />
  <testcase classname="ptolemy.util.test.junit.AutoTests" name="[36] /home/travis/build/icyphy/ptII/ptolemy/domains/de/test/auto/Modal1.xml (RunModel)" time="0.033" />
  <testcase classname="ptolemy.util.test.junit.AutoTests" name="[37] /home/travis/build/icyphy/ptII/ptolemy/domains/de/test/auto/Modal2.xml (RunModel)" time="0.03" />
  <testcase classname="ptolemy.util.test.junit.AutoTests" name="[38] /home/travis/build/icyphy/ptII/ptolemy/domains/de/test/auto/Modal3.xml (RunModel)" time="0.026" />
  <testcase classname="ptolemy.util.test.junit.AutoTests" name="[39] /home/travis/build/icyphy/ptII/ptolemy/domains/de/test/auto/Modal4.xml (RunModel)" time="0.039" />
  <testcase classname="ptolemy.util.test.junit.AutoTests" name="[40] /home/travis/build/icyphy/ptII/ptolemy/domains/de/test/auto/Modal5.xml (RunModel)" time="0.029" />
  <testcase classname="ptolemy.util.test.junit.AutoTests" name="[41] /home/travis/build/icyphy/ptII/ptolemy/domains/de/test/auto/Modal6.xml (RunModel)" time="0.04" />
  <testcase classname="ptolemy.util.test.junit.AutoTests" name="[42] /home/travis/build/icyphy/ptII/ptolemy/domains/de/test/auto/Modal7.xml (RunModel)" time="0.035" />
  <testcase classname="ptolemy.util.test.junit.AutoTests" name="[43] /home/travis/build/icyphy/ptII/ptolemy/domains/de/test/auto/ModalModel.xml (RunModel)" time="0.186" />
  <testcase classname="ptolemy.util.test.junit.AutoTests" name="[44] /home/travis/build/icyphy/ptII/ptolemy/domains/de/test/auto/ModalSource.xml (RunModel)" time="0.02" />
  <testcase classname="ptolemy.util.test.junit.AutoTests" name="[45] /home/travis/build/icyphy/ptII/ptolemy/domains/de/test/auto/NonInterruptibleTimerZeroDelay.xml (RunModel)" time="0.011" />
  <testcase classname="ptolemy.util.test.junit.AutoTests" name="[46] /home/travis/build/icyphy/ptII/ptolemy/domains/de/test/auto/OpenQueueingNetwork.xml (RunModel)" time="2.514" />
  <testcase classname="ptolemy.util.test.junit.AutoTests" name="[47] /home/travis/build/icyphy/ptII/ptolemy/domains/de/test/auto/OpenQueuingNetwork.xml (RunModel)" time="0.312" />
  <testcase classname="ptolemy.util.test.junit.AutoTests" name="[48] /home/travis/build/icyphy/ptII/ptolemy/domains/de/test/auto/PeriodicSampler.xml (RunModel)" time="0.01" />
  <testcase classname="ptolemy.util.test.junit.AutoTests" name="[49] /home/travis/build/icyphy/ptII/ptolemy/domains/de/test/auto/PersistentIO.xml (RunModel)" time="0.025" />
  <testcase classname="ptolemy.util.test.junit.AutoTests" name="[50] /home/travis/build/icyphy/ptII/ptolemy/domains/de/test/auto/PortParameterResetOnInitialize.xml (RunModel)" time="0.01" />
  <testcase classname="ptolemy.util.test.junit.AutoTests" name="[51] /home/travis/build/icyphy/ptII/ptolemy/domains/de/test/auto/PortParameterUpdates.xml (RunModel)" time="0.018" />
  <testcase classname="ptolemy.util.test.junit.AutoTests" name="[52] /home/travis/build/icyphy/ptII/ptolemy/domains/de/test/auto/QueueAndServer.xml (RunModel)" time="0.021" />
  <testcase classname="ptolemy.util.test.junit.AutoTests" name="[53] /home/travis/build/icyphy/ptII/ptolemy/domains/de/test/auto/Records.xml (RunModel)" time="0.014" />
  <testcase classname="ptolemy.util.test.junit.AutoTests" name="[54] /home/travis/build/icyphy/ptII/ptolemy/domains/de/test/auto/ResetTransitionWithStartTime1.xml (RunModel)" time="0.02" />
  <testcase classname="ptolemy.util.test.junit.AutoTests" name="[55] /home/travis/build/icyphy/ptII/ptolemy/domains/de/test/auto/ResetTransitionWithStartTime2.xml (RunModel)" time="0.021" />
  <testcase classname="ptolemy.util.test.junit.AutoTests" name="[56] /home/travis/build/icyphy/ptII/ptolemy/domains/de/test/auto/ResetTransitionWithStartTime3.xml (RunModel)" time="0.019" />
  <testcase classname="ptolemy.util.test.junit.AutoTests" name="[57] /home/travis/build/icyphy/ptII/ptolemy/domains/de/test/auto/ResetTransitionWithStartTime4.xml (RunModel)" time="0.04" />
  <testcase classname="ptolemy.util.test.junit.AutoTests" name="[58] /home/travis/build/icyphy/ptII/ptolemy/domains/de/test/auto/ResettableTimer1.xml (RunModel)" time="0.011" />
  <testcase classname="ptolemy.util.test.junit.AutoTests" name="[59] /home/travis/build/icyphy/ptII/ptolemy/domains/de/test/auto/ResettableTimer2.xml (RunModel)" time="0.01" />
  <testcase classname="ptolemy.util.test.junit.AutoTests" name="[60] /home/travis/build/icyphy/ptII/ptolemy/domains/de/test/auto/ResettableTimer3.xml (RunModel)" time="0.009" />
  <testcase classname="ptolemy.util.test.junit.AutoTests" name="[61] /home/travis/build/icyphy/ptII/ptolemy/domains/de/test/auto/ResettableTimer4.xml (RunModel)" time="0.009" />
  <testcase classname="ptolemy.util.test.junit.AutoTests" name="[62] /home/travis/build/icyphy/ptII/ptolemy/domains/de/test/auto/ResettableTimer5.xml (RunModel)" time="0.01" />
  <testcase classname="ptolemy.util.test.junit.AutoTests" name="[63] /home/travis/build/icyphy/ptII/ptolemy/domains/de/test/auto/ResettableTimer6.xml (RunModel)" time="0.01" />
  <testcase classname="ptolemy.util.test.junit.AutoTests" name="[64] /home/travis/build/icyphy/ptII/ptolemy/domains/de/test/auto/ServerZeroDelay.xml (RunModel)" time="0.01" />
  <testcase classname="ptolemy.util.test.junit.AutoTests" name="[65] /home/travis/build/icyphy/ptII/ptolemy/domains/de/test/auto/SmartSender.xml (RunModel)" time="3.009" />
  <testcase classname="ptolemy.util.test.junit.AutoTests" name="[66] /home/travis/build/icyphy/ptII/ptolemy/domains/de/test/auto/ThreadedComposite.xml (RunModel)" time="0.141" />
  <testcase classname="ptolemy.util.test.junit.AutoTests" name="[67] /home/travis/build/icyphy/ptII/ptolemy/domains/de/test/auto/Time.xml (RunModel)" time="0.466" />
  <testcase classname="ptolemy.util.test.junit.AutoTests" name="[68] /home/travis/build/icyphy/ptII/ptolemy/domains/de/test/auto/TimeDelayZeroDelay.xml (RunModel)" time="0.011" />
  <testcase classname="ptolemy.util.test.junit.AutoTests" name="[69] /home/travis/build/icyphy/ptII/ptolemy/domains/de/test/auto/TimerZeroDelay.xml (RunModel)" time="0.009" />
  <testcase classname="ptolemy.util.test.junit.AutoTests" name="[70] /home/travis/build/icyphy/ptII/ptolemy/domains/de/test/auto/TimingParadox.xml (RunModel)" time="0.363" />
  <testcase classname="ptolemy.util.test.junit.AutoTests" name="[71] /home/travis/build/icyphy/ptII/ptolemy/domains/de/test/auto/TransferInputs.xml (RunModel)" time="0.019" />
  <testcase classname="ptolemy.util.test.junit.AutoTests" name="[72] /home/travis/build/icyphy/ptII/ptolemy/domains/de/test/auto/TransferOutputs2.xml (RunModel)" time="0.018" />
  <testcase classname="ptolemy.util.test.junit.AutoTests" name="[73] /home/travis/build/icyphy/ptII/ptolemy/domains/de/test/auto/Trilateration.xml (RunModel)" time="13.151" />
  <testcase classname="ptolemy.util.test.junit.AutoTests" name="[74] /home/travis/build/icyphy/ptII/ptolemy/domains/de/test/auto/TwoSigmaDelta.xml (RunModel)" time="2.2" />
  <testcase classname="ptolemy.util.test.junit.AutoTests" name="[75] /home/travis/build/icyphy/ptII/ptolemy/domains/de/test/auto/VariableDelay.xml (RunModel)" time="0.01" />
  <testcase classname="ptolemy.util.test.junit.AutoTests" name="[76] /home/travis/build/icyphy/ptII/ptolemy/domains/de/test/auto/VariableDelay2.xml (RunModel)" time="0.015" />
  <testcase classname="ptolemy.util.test.junit.AutoTests" name="[77] /home/travis/build/icyphy/ptII/ptolemy/domains/de/test/auto/VariableDelayZeroDelay.xml (RunModel)" time="0.023" />
  <testcase classname="ptolemy.util.test.junit.AutoTests" name="[78] /home/travis/build/icyphy/ptII/ptolemy/domains/de/test/auto/VariableDelayZeroDelay2.xml (RunModel)" time="0.024" />
  <testcase classname="ptolemy.util.test.junit.AutoTests" name="[79] /home/travis/build/icyphy/ptII/ptolemy/domains/de/test/auto/deInCt.xml (RunModel)" time="0.033" />
  <testcase classname="ptolemy.util.test.junit.AutoTests" name="[80] /home/travis/build/icyphy/ptII/ptolemy/domains/de/test/auto/deInCt2.xml (RunModel)" time="0.029" />
  <testcase classname="ptolemy.util.test.junit.AutoTests" name="[81] /home/travis/build/icyphy/ptII/ptolemy/domains/de/test/auto/dynamicCausalityInterface1.xml (RunModel)" time="0.05" />
  <testcase classname="ptolemy.util.test.junit.AutoTests" name="[82] /home/travis/build/icyphy/ptII/ptolemy/domains/de/test/auto/fsm_de_test.xml (RunModel)" time="0.059" />
  <testcase classname="ptolemy.util.test.junit.AutoTests" name="[83] /home/travis/build/icyphy/ptII/ptolemy/domains/de/test/auto/functionDependencyReconstruction.xml (RunModel)" time="0.067" />
  <testcase classname="ptolemy.util.test.junit.AutoTests" name="[84] /home/travis/build/icyphy/ptII/ptolemy/domains/de/test/auto/multirate.xml (RunModel)" time="0.023" />
  <testcase classname="ptolemy.util.test.junit.AutoTests" name="[85] /home/travis/build/icyphy/ptII/ptolemy/domains/de/test/auto/multirate2.xml (RunModel)" time="0.018" />
  <testcase classname="ptolemy.util.test.junit.AutoTests" name="[86] /home/travis/build/icyphy/ptII/ptolemy/domains/de/test/auto/realtime.xml (RunModel)" time="10.01" />
  <testcase classname="ptolemy.util.test.junit.AutoTests" name="[87] /home/travis/build/icyphy/ptII/ptolemy/domains/de/test/auto/relationGroup.xml (RunModel)" time="0.01" />
  <testcase classname="ptolemy.util.test.junit.AutoTests" name="[88] /home/travis/build/icyphy/ptII/ptolemy/domains/de/test/auto/relationGroup2.xml (RunModel)" time="0.007" />
  <testcase classname="ptolemy.util.test.junit.AutoTests" name="[89] /home/travis/build/icyphy/ptII/ptolemy/domains/de/test/auto/sortWithOpaquePorts.xml (RunModel)" time="0.011" />
  <testcase classname="ptolemy.util.test.junit.AutoTests" name="[90] /home/travis/build/icyphy/ptII/ptolemy/domains/de/test/auto/transferInputsandOutputs.xml (RunModel)" time="0.017" />
  <testcase classname="ptolemy.util.test.junit.AutoTests" name="[91] /home/travis/build/icyphy/ptII/ptolemy/domains/de/test/auto/triggerType.xml (RunModel)" time="0.01" />
  <system-out><![CDATA[/home/travis/build/icyphy/ptII/ptolemy/domains/de/test/DependencyLoop.tcl
testDefs.tcl: setting time out to 9000 seconds at Sun Jul 21 05:05:03 UTC 2019
76 ms. Memory: 120832K Free: 72134K (60%)
24 ms. Memory: 120832K Free: 54711K (45%)
/home/travis/build/icyphy/ptII/ptolemy/domains/de/test/RunDETestsAsQSS.tcl
Run the DE tests using ptolemy.domains.qss.test.QSSDirectorTest, which extends QSSDirector and prints a message in the constructors.
------------------ testing $PTII/ptolemy/domains/de/test/auto/knownFailedTests/DirectFeedback.xml (Known Failure) 
51 ms. Memory: 120832K Free: 49096K (41%)


==== $PTIIhome/travis/build/icyphy/ptII/ptolemy/domains/de/test/../../../../: Auto Automatic test in file $PTII/ptolemy/domains/de/test/auto/knownFailedTests/DirectFeedback.xml
==== Contents of test case:

	    # FIXME: we should use $relativeFilename here, but it
	    # might have backslashes under Windows, which causes no end
	    # of trouble.
	    createAndExecute $file
	    list {}
	
.... Test generated KNOWN error:
    while executing
ptolemy.kernel.util.IllegalActionException: Test fails in iteration 1.
Value was: 1.0. Should have been: 2.0
  in .DirectFeedback.Test
	at ptolemy.actor.lib.Test.fire(Test.java:268)
	at ptolemy.domains.de.kernel.DEDirector._fire(DEDirector.java:1949)
	at ptolemy.domains.de.kernel.DEDirector.fire(DEDirector.java:502)
	at ptolemy.actor.CompositeActor.fire(CompositeActor.java:455)
	at ptolemy.actor.Manager.iterate(Manager.java:851)
	at ptolemy.actor.Manager.execute(Manager.java:369)
	at ptolemy.actor.Manager.run(Manager.java:1263)
	at ptolemy.actor.Manager$PtolemyRunThread.run(Manager.java:1933)

    while executing
ptolemy.kernel.util.IllegalActionException: Test fails in iteration 1.
Value was: 1.0. Should have been: 2.0
  in .DirectFeedback.Test
    while executing
"java::new ptolemy.moml.MoMLSimpleApplication $file
"
    (procedure "createAndExecute" line 2)
    invoked from within
"createAndExecute $file"
    ("uplevel" body line 5)
    invoked from within
"uplevel $contents_of_test"
------------------ testing $PTII/ptolemy/domains/de/test/auto/knownFailedTests/dependencyLoop.xml (Known Failure) 
19 ms. Memory: 120832K Free: 46024K (38%)


==== $PTIIhome/travis/build/icyphy/ptII/ptolemy/domains/de/test/../../../../: Auto Automatic test in file $PTII/ptolemy/domains/de/test/auto/knownFailedTests/dependencyLoop.xml
==== Contents of test case:

	    # FIXME: we should use $relativeFilename here, but it
	    # might have backslashes under Windows, which causes no end
	    # of trouble.
	    createAndExecute $file
	    list {}
	
.... Test generated KNOWN error:
    while executing
ptolemy.kernel.util.IllegalActionException: Found a zero delay loop containing .dependencyLoop.original
  in .dependencyLoop and .dependencyLoop.original
	at ptolemy.actor.util.CausalityInterfaceForComposites._computeOutputPortDepth(CausalityInterfaceForComposites.java:759)
	at ptolemy.actor.util.CausalityInterfaceForComposites._computeInputDepth(CausalityInterfaceForComposites.java:696)
	at ptolemy.actor.util.CausalityInterfaceForComposites._computeOutputPortDepth(CausalityInterfaceForComposites.java:765)
	at ptolemy.actor.util.CausalityInterfaceForComposites._computeInputDepth(CausalityInterfaceForComposites.java:696)
	at ptolemy.actor.util.CausalityInterfaceForComposites._computeOutputPortDepth(CausalityInterfaceForComposites.java:765)
	at ptolemy.actor.util.CausalityInterfaceForComposites._computeInputDepth(CausalityInterfaceForComposites.java:696)
	at ptolemy.actor.util.CausalityInterfaceForComposites._computeActorDepth(CausalityInterfaceForComposites.java:532)
	at ptolemy.actor.util.CausalityInterfaceForComposites.checkForCycles(CausalityInterfaceForComposites.java:96)
	at ptolemy.domains.de.kernel.DEDirector.preinitialize(DEDirector.java:1338)
	at ptolemy.actor.CompositeActor.preinitialize(CompositeActor.java:1828)
	at ptolemy.actor.Manager.preinitializeAndResolveTypes(Manager.java:1040)
	at ptolemy.actor.Manager.initialize(Manager.java:710)
	at ptolemy.actor.Manager.execute(Manager.java:356)
	at ptolemy.actor.Manager.run(Manager.java:1263)
	at ptolemy.actor.Manager$PtolemyRunThread.run(Manager.java:1933)

    while executing
ptolemy.kernel.util.IllegalActionException: Found a zero delay loop containing .dependencyLoop.original
  in .dependencyLoop and .dependencyLoop.original
    while executing
"java::new ptolemy.moml.MoMLSimpleApplication $file
"
    (procedure "createAndExecute" line 2)
    invoked from within
"createAndExecute $file"
    ("uplevel" body line 5)
    invoked from within
"uplevel $contents_of_test"
------------------ testing $PTII/ptolemy/domains/de/test/auto/knownFailedTests/FSMSource.xml (Known Failure) 
55 ms. Memory: 120832K Free: 100224K (83%)
!!!! Auto was marked as failing, but now passes
------------------ testing $PTII/ptolemy/domains/de/test/auto/knownFailedTests/HierarchicalModel.xml (Known Failure) 
6 ms. Memory: 120832K Free: 82816K (69%)


==== $PTIIhome/travis/build/icyphy/ptII/ptolemy/domains/de/test/../../../../: Auto Automatic test in file $PTII/ptolemy/domains/de/test/auto/knownFailedTests/HierarchicalModel.xml
==== Contents of test case:

	    # FIXME: we should use $relativeFilename here, but it
	    # might have backslashes under Windows, which causes no end
	    # of trouble.
	    createAndExecute $file
	    list {}
	
.... Test generated KNOWN error:
    while executing
ptolemy.kernel.util.IllegalActionException: Found a zero delay loop containing .HierarchicalModel.A
  in .HierarchicalModel and .HierarchicalModel.A
	at ptolemy.actor.util.CausalityInterfaceForComposites._computeOutputPortDepth(CausalityInterfaceForComposites.java:759)
	at ptolemy.actor.util.CausalityInterfaceForComposites._computeInputDepth(CausalityInterfaceForComposites.java:696)
	at ptolemy.actor.util.CausalityInterfaceForComposites._computeOutputPortDepth(CausalityInterfaceForComposites.java:765)
	at ptolemy.actor.util.CausalityInterfaceForComposites._computeInputDepth(CausalityInterfaceForComposites.java:696)
	at ptolemy.actor.util.CausalityInterfaceForComposites._computeOutputPortDepth(CausalityInterfaceForComposites.java:765)
	at ptolemy.actor.util.CausalityInterfaceForComposites._computeInputDepth(CausalityInterfaceForComposites.java:696)
	at ptolemy.actor.util.CausalityInterfaceForComposites._computeActorDepth(CausalityInterfaceForComposites.java:532)
	at ptolemy.actor.util.CausalityInterfaceForComposites.checkForCycles(CausalityInterfaceForComposites.java:96)
	at ptolemy.domains.de.kernel.DEDirector.preinitialize(DEDirector.java:1338)
	at ptolemy.actor.CompositeActor.preinitialize(CompositeActor.java:1828)
	at ptolemy.actor.Manager.preinitializeAndResolveTypes(Manager.java:1040)
	at ptolemy.actor.Manager.initialize(Manager.java:710)
	at ptolemy.actor.Manager.execute(Manager.java:356)
	at ptolemy.actor.Manager.run(Manager.java:1263)
	at ptolemy.actor.Manager$PtolemyRunThread.run(Manager.java:1933)

    while executing
ptolemy.kernel.util.IllegalActionException: Found a zero delay loop containing .HierarchicalModel.A
  in .HierarchicalModel and .HierarchicalModel.A
    while executing
"java::new ptolemy.moml.MoMLSimpleApplication $file
"
    (procedure "createAndExecute" line 2)
    invoked from within
"createAndExecute $file"
    ("uplevel" body line 5)
    invoked from within
"uplevel $contents_of_test"
------------------ testing $PTII/ptolemy/domains/de/test/auto/knownFailedTests/dependencyLoop2.xml (Known Failure) 
28 ms. Memory: 120832K Free: 107023K (89%)


==== $PTIIhome/travis/build/icyphy/ptII/ptolemy/domains/de/test/../../../../: Auto Automatic test in file $PTII/ptolemy/domains/de/test/auto/knownFailedTests/dependencyLoop2.xml
==== Contents of test case:

	    # FIXME: we should use $relativeFilename here, but it
	    # might have backslashes under Windows, which causes no end
	    # of trouble.
	    createAndExecute $file
	    list {}
	
.... Test generated KNOWN error:
    while executing
ptolemy.kernel.util.IllegalActionException: Found a zero delay loop containing .dependencyLoop2.original
  in .dependencyLoop2 and .dependencyLoop2.original
	at ptolemy.actor.util.CausalityInterfaceForComposites._computeOutputPortDepth(CausalityInterfaceForComposites.java:759)
	at ptolemy.actor.util.CausalityInterfaceForComposites._computeInputDepth(CausalityInterfaceForComposites.java:696)
	at ptolemy.actor.util.CausalityInterfaceForComposites._computeOutputPortDepth(CausalityInterfaceForComposites.java:765)
	at ptolemy.actor.util.CausalityInterfaceForComposites._computeInputDepth(CausalityInterfaceForComposites.java:696)
	at ptolemy.actor.util.CausalityInterfaceForComposites._computeOutputPortDepth(CausalityInterfaceForComposites.java:765)
	at ptolemy.actor.util.CausalityInterfaceForComposites._computeInputDepth(CausalityInterfaceForComposites.java:696)
	at ptolemy.actor.util.CausalityInterfaceForComposites._computeActorDepth(CausalityInterfaceForComposites.java:532)
	at ptolemy.actor.util.CausalityInterfaceForComposites.checkForCycles(CausalityInterfaceForComposites.java:96)
	at ptolemy.domains.de.kernel.DEDirector.preinitialize(DEDirector.java:1338)
	at ptolemy.actor.CompositeActor.preinitialize(CompositeActor.java:1828)
	at ptolemy.actor.Manager.preinitializeAndResolveTypes(Manager.java:1040)
	at ptolemy.actor.Manager.initialize(Manager.java:710)
	at ptolemy.actor.Manager.execute(Manager.java:356)
	at ptolemy.actor.Manager.run(Manager.java:1263)
	at ptolemy.actor.Manager$PtolemyRunThread.run(Manager.java:1933)

    while executing
ptolemy.kernel.util.IllegalActionException: Found a zero delay loop containing .dependencyLoop2.original
  in .dependencyLoop2 and .dependencyLoop2.original
    while executing
"java::new ptolemy.moml.MoMLSimpleApplication $file
"
    (procedure "createAndExecute" line 2)
    invoked from within
"createAndExecute $file"
    ("uplevel" body line 5)
    invoked from within
"uplevel $contents_of_test"
------------------ testing $PTII/ptolemy/domains/de/test/auto/knownFailedTests/DESDFClockTest.xml (Known Failure) 
2072 ms. Memory: 120832K Free: 93782K (78%)


==== $PTIIhome/travis/build/icyphy/ptII/ptolemy/domains/de/test/../../../../: Auto Automatic test in file $PTII/ptolemy/domains/de/test/auto/knownFailedTests/DESDFClockTest.xml
==== Contents of test case:

	    # FIXME: we should use $relativeFilename here, but it
	    # might have backslashes under Windows, which causes no end
	    # of trouble.
	    createAndExecute $file
	    list {}
	
.... Test generated KNOWN error:
    while executing
ptolemy.kernel.util.IllegalActionException: Actor is not ready to fire.  Perhaps UpSample.prefire() returned false? Try debugging the actor by selecting "Listen to Actor".  Also, for SDF check moml for tokenConsumptionRate on input.
  in .DESDFClockTest.Play Bell.Copy1:SDF Director and .DESDFClockTest.Play Bell.UpSample
	at ptolemy.actor.sched.StaticSchedulingDirector.fire(StaticSchedulingDirector.java:227)
	at ptolemy.domains.sdf.kernel.SDFDirector.fire(SDFDirector.java:500)
	at ptolemy.actor.CompositeActor.fire(CompositeActor.java:455)
	at ptolemy.domains.de.kernel.DEDirector._fire(DEDirector.java:1949)
	at ptolemy.domains.de.kernel.DEDirector.fire(DEDirector.java:502)
	at ptolemy.actor.CompositeActor.fire(CompositeActor.java:455)
	at ptolemy.actor.Manager.iterate(Manager.java:851)
	at ptolemy.actor.Manager.execute(Manager.java:369)
	at ptolemy.actor.Manager.run(Manager.java:1263)
	at ptolemy.actor.Manager$PtolemyRunThread.run(Manager.java:1933)

    while executing
ptolemy.kernel.util.IllegalActionException: Actor is not ready to fire.  Perhaps UpSample.prefire() returned false? Try debugging the actor by selecting "Listen to Actor".  Also, for SDF check moml for tokenConsumptionRate on input.
  in .DESDFClockTest.Play Bell.Copy1:SDF Director and .DESDFClockTest.Play Bell.UpSample
    while executing
"java::new ptolemy.moml.MoMLSimpleApplication $file
"
    (procedure "createAndExecute" line 2)
    invoked from within
"createAndExecute $file"
    ("uplevel" body line 5)
    invoked from within
"uplevel $contents_of_test"
------------------ testing $PTII/ptolemy/domains/de/test/auto/ActorDepthCalculation_actorWithoutPorts.xml
auto.tcl: Setting watchdog for 200 seconds at Sun Jul 21 05:05:07 UTC 2019
4 ms. Memory: 120832K Free: 86588K (72%)
ptolemy.util.test.WatchDog.cancel(): canceling Sun Jul 21 05:05:07 UTC 2019
auto.tcl: Setting watchdog for 200 seconds at Sun Jul 21 05:05:07 UTC 2019
8 ms. Memory: 120832K Free: 85450K (71%)
ptolemy.util.test.WatchDog.cancel(): canceling Sun Jul 21 05:05:07 UTC 2019
------------------ testing $PTII/ptolemy/domains/de/test/auto/AssemblyLine.xml
auto.tcl: Setting watchdog for 200 seconds at Sun Jul 21 05:05:07 UTC 2019
13 ms. Memory: 48128K Free: 26036K (54%)
ptolemy.util.test.WatchDog.cancel(): canceling Sun Jul 21 05:05:07 UTC 2019
auto.tcl: Setting watchdog for 200 seconds at Sun Jul 21 05:05:07 UTC 2019
7 ms. Memory: 48128K Free: 25330K (53%)
ptolemy.util.test.WatchDog.cancel(): canceling Sun Jul 21 05:05:07 UTC 2019
------------------ testing $PTII/ptolemy/domains/de/test/auto/CQBug1.xml
auto.tcl: Setting watchdog for 200 seconds at Sun Jul 21 05:05:07 UTC 2019
3 ms. Memory: 48128K Free: 31587K (66%)
ptolemy.util.test.WatchDog.cancel(): canceling Sun Jul 21 05:05:07 UTC 2019
auto.tcl: Setting watchdog for 200 seconds at Sun Jul 21 05:05:07 UTC 2019
2 ms. Memory: 48128K Free: 31050K (65%)
ptolemy.util.test.WatchDog.cancel(): canceling Sun Jul 21 05:05:07 UTC 2019
------------------ testing $PTII/ptolemy/domains/de/test/auto/CancelFireAt.xml
auto.tcl: Setting watchdog for 200 seconds at Sun Jul 21 05:05:07 UTC 2019
9 ms. Memory: 45056K Free: 29767K (66%)
ptolemy.util.test.WatchDog.cancel(): canceling Sun Jul 21 05:05:07 UTC 2019
auto.tcl: Setting watchdog for 200 seconds at Sun Jul 21 05:05:07 UTC 2019
2 ms. Memory: 45056K Free: 29352K (65%)
ptolemy.util.test.WatchDog.cancel(): canceling Sun Jul 21 05:05:07 UTC 2019
------------------ testing $PTII/ptolemy/domains/de/test/auto/CausalityAndComposabilityAnalysis.xml
auto.tcl: Setting watchdog for 200 seconds at Sun Jul 21 05:05:07 UTC 2019
7 ms. Memory: 45056K Free: 27470K (61%)
ptolemy.util.test.WatchDog.cancel(): canceling Sun Jul 21 05:05:07 UTC 2019
auto.tcl: Setting watchdog for 200 seconds at Sun Jul 21 05:05:07 UTC 2019
5 ms. Memory: 45056K Free: 27073K (60%)
ptolemy.util.test.WatchDog.cancel(): canceling Sun Jul 21 05:05:07 UTC 2019
------------------ testing $PTII/ptolemy/domains/de/test/auto/CausalityInterface1.xml
auto.tcl: Setting watchdog for 200 seconds at Sun Jul 21 05:05:07 UTC 2019
28 ms. Memory: 45056K Free: 26265K (58%)
ptolemy.util.test.WatchDog.cancel(): canceling Sun Jul 21 05:05:07 UTC 2019
auto.tcl: Setting watchdog for 200 seconds at Sun Jul 21 05:05:07 UTC 2019
4 ms. Memory: 45056K Free: 25397K (56%)
ptolemy.util.test.WatchDog.cancel(): canceling Sun Jul 21 05:05:08 UTC 2019
------------------ testing $PTII/ptolemy/domains/de/test/auto/CausalityInterface15.xml
auto.tcl: Setting watchdog for 200 seconds at Sun Jul 21 05:05:08 UTC 2019
13 ms. Memory: 45056K Free: 26292K (58%)
ptolemy.util.test.WatchDog.cancel(): canceling Sun Jul 21 05:05:08 UTC 2019
auto.tcl: Setting watchdog for 200 seconds at Sun Jul 21 05:05:08 UTC 2019
5 ms. Memory: 45056K Free: 25346K (56%)
ptolemy.util.test.WatchDog.cancel(): canceling Sun Jul 21 05:05:08 UTC 2019
------------------ testing $PTII/ptolemy/domains/de/test/auto/CausalityInterface2.xml
auto.tcl: Setting watchdog for 200 seconds at Sun Jul 21 05:05:08 UTC 2019
3 ms. Memory: 45056K Free: 27095K (60%)
ptolemy.util.test.WatchDog.cancel(): canceling Sun Jul 21 05:05:08 UTC 2019
auto.tcl: Setting watchdog for 200 seconds at Sun Jul 21 05:05:08 UTC 2019
3 ms. Memory: 45056K Free: 26352K (58%)
ptolemy.util.test.WatchDog.cancel(): canceling Sun Jul 21 05:05:08 UTC 2019
------------------ testing $PTII/ptolemy/domains/de/test/auto/CausalityInterface3.xml
auto.tcl: Setting watchdog for 200 seconds at Sun Jul 21 05:05:08 UTC 2019
6 ms. Memory: 45056K Free: 26557K (59%)
ptolemy.util.test.WatchDog.cancel(): canceling Sun Jul 21 05:05:08 UTC 2019
auto.tcl: Setting watchdog for 200 seconds at Sun Jul 21 05:05:08 UTC 2019
3 ms. Memory: 45056K Free: 25760K (57%)
ptolemy.util.test.WatchDog.cancel(): canceling Sun Jul 21 05:05:08 UTC 2019
------------------ testing $PTII/ptolemy/domains/de/test/auto/ClockDrift.xml
auto.tcl: Setting watchdog for 200 seconds at Sun Jul 21 05:05:08 UTC 2019
55 ms. Memory: 45056K Free: 19151K (43%)
ptolemy.util.test.WatchDog.cancel(): canceling Sun Jul 21 05:05:08 UTC 2019
auto.tcl: Setting watchdog for 200 seconds at Sun Jul 21 05:05:08 UTC 2019
65 ms. Memory: 45056K Free: 15736K (35%)
ptolemy.util.test.WatchDog.cancel(): canceling Sun Jul 21 05:05:08 UTC 2019
------------------ testing $PTII/ptolemy/domains/de/test/auto/ClockDriftAndValueChange.xml
auto.tcl: Setting watchdog for 200 seconds at Sun Jul 21 05:05:08 UTC 2019
51 ms. Memory: 45056K Free: 19221K (43%)
ptolemy.util.test.WatchDog.cancel(): canceling Sun Jul 21 05:05:08 UTC 2019
auto.tcl: Setting watchdog for 200 seconds at Sun Jul 21 05:05:08 UTC 2019
20 ms. Memory: 45056K Free: 16376K (36%)
ptolemy.util.test.WatchDog.cancel(): canceling Sun Jul 21 05:05:08 UTC 2019
------------------ testing $PTII/ptolemy/domains/de/test/auto/ClockDriftChange.xml
auto.tcl: Setting watchdog for 200 seconds at Sun Jul 21 05:05:08 UTC 2019
21 ms. Memory: 45056K Free: 21268K (47%)
ptolemy.util.test.WatchDog.cancel(): canceling Sun Jul 21 05:05:08 UTC 2019
auto.tcl: Setting watchdog for 200 seconds at Sun Jul 21 05:05:08 UTC 2019
27 ms. Memory: 45056K Free: 18709K (42%)
ptolemy.util.test.WatchDog.cancel(): canceling Sun Jul 21 05:05:08 UTC 2019
------------------ testing $PTII/ptolemy/domains/de/test/auto/ComposableCausalityAnalysis.xml
auto.tcl: Setting watchdog for 200 seconds at Sun Jul 21 05:05:08 UTC 2019
2 ms. Memory: 45056K Free: 25906K (57%)
ptolemy.util.test.WatchDog.cancel(): canceling Sun Jul 21 05:05:08 UTC 2019
auto.tcl: Setting watchdog for 200 seconds at Sun Jul 21 05:05:08 UTC 2019
5 ms. Memory: 45056K Free: 24828K (55%)
ptolemy.util.test.WatchDog.cancel(): canceling Sun Jul 21 05:05:08 UTC 2019
------------------ testing $PTII/ptolemy/domains/de/test/auto/DEFixedPointLimitation.xml
auto.tcl: Setting watchdog for 200 seconds at Sun Jul 21 05:05:08 UTC 2019
4 ms. Memory: 45056K Free: 27186K (60%)
ptolemy.util.test.WatchDog.cancel(): canceling Sun Jul 21 05:05:09 UTC 2019
auto.tcl: Setting watchdog for 200 seconds at Sun Jul 21 05:05:09 UTC 2019
1 ms. Memory: 45056K Free: 26337K (58%)
ptolemy.util.test.WatchDog.cancel(): canceling Sun Jul 21 05:05:09 UTC 2019
------------------ testing $PTII/ptolemy/domains/de/test/auto/DEScheduleTest.xml
auto.tcl: Setting watchdog for 200 seconds at Sun Jul 21 05:05:09 UTC 2019
14 ms. Memory: 45056K Free: 27543K (61%)
ptolemy.util.test.WatchDog.cancel(): canceling Sun Jul 21 05:05:09 UTC 2019
auto.tcl: Setting watchdog for 200 seconds at Sun Jul 21 05:05:09 UTC 2019
4 ms. Memory: 45056K Free: 26782K (59%)
ptolemy.util.test.WatchDog.cancel(): canceling Sun Jul 21 05:05:09 UTC 2019
------------------ testing $PTII/ptolemy/domains/de/test/auto/DEinDEwithStartTimes.xml
auto.tcl: Setting watchdog for 200 seconds at Sun Jul 21 05:05:09 UTC 2019
6 ms. Memory: 45056K Free: 25695K (57%)
ptolemy.util.test.WatchDog.cancel(): canceling Sun Jul 21 05:05:09 UTC 2019
auto.tcl: Setting watchdog for 200 seconds at Sun Jul 21 05:05:09 UTC 2019
3 ms. Memory: 45056K Free: 24671K (55%)
ptolemy.util.test.WatchDog.cancel(): canceling Sun Jul 21 05:05:09 UTC 2019
------------------ testing $PTII/ptolemy/domains/de/test/auto/DEinDEwithStartTimes2.xml
auto.tcl: Setting watchdog for 200 seconds at Sun Jul 21 05:05:09 UTC 2019
4 ms. Memory: 45056K Free: 24879K (55%)
ptolemy.util.test.WatchDog.cancel(): canceling Sun Jul 21 05:05:09 UTC 2019
auto.tcl: Setting watchdog for 200 seconds at Sun Jul 21 05:05:09 UTC 2019
7 ms. Memory: 45056K Free: 23625K (52%)
ptolemy.util.test.WatchDog.cancel(): canceling Sun Jul 21 05:05:09 UTC 2019
------------------ testing $PTII/ptolemy/domains/de/test/auto/DateDemo.xml
auto.tcl: Setting watchdog for 200 seconds at Sun Jul 21 05:05:09 UTC 2019
12 ms. Memory: 45056K Free: 19266K (43%)
ptolemy.util.test.WatchDog.cancel(): canceling Sun Jul 21 05:05:09 UTC 2019
auto.tcl: Setting watchdog for 200 seconds at Sun Jul 21 05:05:09 UTC 2019
7 ms. Memory: 45056K Free: 17678K (39%)
ptolemy.util.test.WatchDog.cancel(): canceling Sun Jul 21 05:05:09 UTC 2019
------------------ testing $PTII/ptolemy/domains/de/test/auto/DateToEvent.xml
auto.tcl: Setting watchdog for 200 seconds at Sun Jul 21 05:05:09 UTC 2019
2019 ms. Memory: 45056K Free: 14958K (33%)
ptolemy.util.test.WatchDog.cancel(): canceling Sun Jul 21 05:05:11 UTC 2019
auto.tcl: Setting watchdog for 200 seconds at Sun Jul 21 05:05:11 UTC 2019
2006 ms. Memory: 45056K Free: 14213K (32%)
ptolemy.util.test.WatchDog.cancel(): canceling Sun Jul 21 05:05:13 UTC 2019
------------------ testing $PTII/ptolemy/domains/de/test/auto/DepthTest1.xml
auto.tcl: Setting watchdog for 200 seconds at Sun Jul 21 05:05:13 UTC 2019
4 ms. Memory: 45056K Free: 28475K (63%)
ptolemy.util.test.WatchDog.cancel(): canceling Sun Jul 21 05:05:13 UTC 2019
auto.tcl: Setting watchdog for 200 seconds at Sun Jul 21 05:05:13 UTC 2019
3 ms. Memory: 45056K Free: 27967K (62%)
ptolemy.util.test.WatchDog.cancel(): canceling Sun Jul 21 05:05:13 UTC 2019
------------------ testing $PTII/ptolemy/domains/de/test/auto/DepthTest2.xml
auto.tcl: Setting watchdog for 200 seconds at Sun Jul 21 05:05:13 UTC 2019
3 ms. Memory: 45056K Free: 25210K (56%)
ptolemy.util.test.WatchDog.cancel(): canceling Sun Jul 21 05:05:13 UTC 2019
auto.tcl: Setting watchdog for 200 seconds at Sun Jul 21 05:05:13 UTC 2019
3 ms. Memory: 45056K Free: 24830K (55%)
ptolemy.util.test.WatchDog.cancel(): canceling Sun Jul 21 05:05:13 UTC 2019
------------------ testing $PTII/ptolemy/domains/de/test/auto/DepthTest3.xml
auto.tcl: Setting watchdog for 200 seconds at Sun Jul 21 05:05:13 UTC 2019
4 ms. Memory: 45056K Free: 28661K (64%)
ptolemy.util.test.WatchDog.cancel(): canceling Sun Jul 21 05:05:13 UTC 2019
auto.tcl: Setting watchdog for 200 seconds at Sun Jul 21 05:05:13 UTC 2019
2 ms. Memory: 45056K Free: 28279K (63%)
ptolemy.util.test.WatchDog.cancel(): canceling Sun Jul 21 05:05:13 UTC 2019
------------------ testing $PTII/ptolemy/domains/de/test/auto/DepthTest4.xml
auto.tcl: Setting watchdog for 200 seconds at Sun Jul 21 05:05:13 UTC 2019
8 ms. Memory: 45056K Free: 27019K (60%)
ptolemy.util.test.WatchDog.cancel(): canceling Sun Jul 21 05:05:13 UTC 2019
auto.tcl: Setting watchdog for 200 seconds at Sun Jul 21 05:05:13 UTC 2019
3 ms. Memory: 45056K Free: 26285K (58%)
ptolemy.util.test.WatchDog.cancel(): canceling Sun Jul 21 05:05:13 UTC 2019
------------------ testing $PTII/ptolemy/domains/de/test/auto/DepthTest5.xml
auto.tcl: Setting watchdog for 200 seconds at Sun Jul 21 05:05:13 UTC 2019
3 ms. Memory: 45056K Free: 26125K (58%)
ptolemy.util.test.WatchDog.cancel(): canceling Sun Jul 21 05:05:13 UTC 2019
auto.tcl: Setting watchdog for 200 seconds at Sun Jul 21 05:05:13 UTC 2019
3 ms. Memory: 45056K Free: 25745K (57%)
ptolemy.util.test.WatchDog.cancel(): canceling Sun Jul 21 05:05:13 UTC 2019
------------------ testing $PTII/ptolemy/domains/de/test/auto/DepthTest6.xml
auto.tcl: Setting watchdog for 200 seconds at Sun Jul 21 05:05:13 UTC 2019
3 ms. Memory: 45056K Free: 26159K (58%)
ptolemy.util.test.WatchDog.cancel(): canceling Sun Jul 21 05:05:14 UTC 2019
auto.tcl: Setting watchdog for 200 seconds at Sun Jul 21 05:05:14 UTC 2019
3 ms. Memory: 45056K Free: 25755K (57%)
ptolemy.util.test.WatchDog.cancel(): canceling Sun Jul 21 05:05:14 UTC 2019
------------------ testing $PTII/ptolemy/domains/de/test/auto/DepthTest7.xml
auto.tcl: Setting watchdog for 200 seconds at Sun Jul 21 05:05:14 UTC 2019
3 ms. Memory: 45056K Free: 26743K (59%)
ptolemy.util.test.WatchDog.cancel(): canceling Sun Jul 21 05:05:14 UTC 2019
auto.tcl: Setting watchdog for 200 seconds at Sun Jul 21 05:05:14 UTC 2019
2 ms. Memory: 45056K Free: 25830K (57%)
ptolemy.util.test.WatchDog.cancel(): canceling Sun Jul 21 05:05:14 UTC 2019
------------------ testing $PTII/ptolemy/domains/de/test/auto/EventToDate.xml
auto.tcl: Setting watchdog for 200 seconds at Sun Jul 21 05:05:14 UTC 2019
3005 ms. Memory: 45056K Free: 17604K (39%)
ptolemy.util.test.WatchDog.cancel(): canceling Sun Jul 21 05:05:17 UTC 2019
auto.tcl: Setting watchdog for 200 seconds at Sun Jul 21 05:05:17 UTC 2019
3004 ms. Memory: 45056K Free: 17045K (38%)
ptolemy.util.test.WatchDog.cancel(): canceling Sun Jul 21 05:05:20 UTC 2019
------------------ testing $PTII/ptolemy/domains/de/test/auto/FSM1.xml
auto.tcl: Setting watchdog for 200 seconds at Sun Jul 21 05:05:20 UTC 2019
32 ms. Memory: 45056K Free: 18949K (42%)
ptolemy.util.test.WatchDog.cancel(): canceling Sun Jul 21 05:05:20 UTC 2019
auto.tcl: Setting watchdog for 200 seconds at Sun Jul 21 05:05:20 UTC 2019
28 ms. Memory: 45056K Free: 15691K (35%)
ptolemy.util.test.WatchDog.cancel(): canceling Sun Jul 21 05:05:20 UTC 2019
------------------ testing $PTII/ptolemy/domains/de/test/auto/FSM7.xml
auto.tcl: Setting watchdog for 200 seconds at Sun Jul 21 05:05:20 UTC 2019
18 ms. Memory: 45056K Free: 18672K (41%)
ptolemy.util.test.WatchDog.cancel(): canceling Sun Jul 21 05:05:20 UTC 2019
auto.tcl: Setting watchdog for 200 seconds at Sun Jul 21 05:05:20 UTC 2019
15 ms. Memory: 45056K Free: 15555K (35%)
ptolemy.util.test.WatchDog.cancel(): canceling Sun Jul 21 05:05:20 UTC 2019
------------------ testing $PTII/ptolemy/domains/de/test/auto/Inspection.xml
auto.tcl: Setting watchdog for 200 seconds at Sun Jul 21 05:05:20 UTC 2019
22 ms. Memory: 45056K Free: 18676K (41%)
ptolemy.util.test.WatchDog.cancel(): canceling Sun Jul 21 05:05:20 UTC 2019
auto.tcl: Setting watchdog for 200 seconds at Sun Jul 21 05:05:20 UTC 2019
20 ms. Memory: 45056K Free: 16937K (38%)
ptolemy.util.test.WatchDog.cancel(): canceling Sun Jul 21 05:05:20 UTC 2019
------------------ testing $PTII/ptolemy/domains/de/test/auto/Iteration.xml
auto.tcl: Setting watchdog for 200 seconds at Sun Jul 21 05:05:20 UTC 2019
6 ms. Memory: 45056K Free: 24224K (54%)
ptolemy.util.test.WatchDog.cancel(): canceling Sun Jul 21 05:05:20 UTC 2019
auto.tcl: Setting watchdog for 200 seconds at Sun Jul 21 05:05:20 UTC 2019
5 ms. Memory: 45056K Free: 22794K (51%)
ptolemy.util.test.WatchDog.cancel(): canceling Sun Jul 21 05:05:20 UTC 2019
------------------ testing $PTII/ptolemy/domains/de/test/auto/LineFault.xml
auto.tcl: Setting watchdog for 200 seconds at Sun Jul 21 05:05:20 UTC 2019
581 ms. Memory: 45056K Free: 12393K (28%)
ptolemy.util.test.WatchDog.cancel(): canceling Sun Jul 21 05:05:21 UTC 2019
auto.tcl: Setting watchdog for 200 seconds at Sun Jul 21 05:05:21 UTC 2019
599 ms. Memory: 57344K Free: 31208K (54%)
ptolemy.util.test.WatchDog.cancel(): canceling Sun Jul 21 05:05:22 UTC 2019
------------------ testing $PTII/ptolemy/domains/de/test/auto/MergeModel1Add.xml
auto.tcl: Setting watchdog for 200 seconds at Sun Jul 21 05:05:22 UTC 2019
36 ms. Memory: 51200K Free: 16320K (32%)
ptolemy.util.test.WatchDog.cancel(): canceling Sun Jul 21 05:05:22 UTC 2019
auto.tcl: Setting watchdog for 200 seconds at Sun Jul 21 05:05:22 UTC 2019
9 ms. Memory: 51200K Free: 14736K (29%)
ptolemy.util.test.WatchDog.cancel(): canceling Sun Jul 21 05:05:22 UTC 2019
------------------ testing $PTII/ptolemy/domains/de/test/auto/MergeModel2Add.xml
auto.tcl: Setting watchdog for 200 seconds at Sun Jul 21 05:05:22 UTC 2019
13 ms. Memory: 48128K Free: 15110K (31%)
ptolemy.util.test.WatchDog.cancel(): canceling Sun Jul 21 05:05:22 UTC 2019
auto.tcl: Setting watchdog for 200 seconds at Sun Jul 21 05:05:22 UTC 2019
7 ms. Memory: 48128K Free: 13364K (28%)
ptolemy.util.test.WatchDog.cancel(): canceling Sun Jul 21 05:05:22 UTC 2019
------------------ testing $PTII/ptolemy/domains/de/test/auto/MergeModel3Add.xml
auto.tcl: Setting watchdog for 200 seconds at Sun Jul 21 05:05:22 UTC 2019
9 ms. Memory: 48128K Free: 15322K (32%)
ptolemy.util.test.WatchDog.cancel(): canceling Sun Jul 21 05:05:22 UTC 2019
auto.tcl: Setting watchdog for 200 seconds at Sun Jul 21 05:05:22 UTC 2019
10 ms. Memory: 48128K Free: 13765K (29%)
ptolemy.util.test.WatchDog.cancel(): canceling Sun Jul 21 05:05:22 UTC 2019
------------------ testing $PTII/ptolemy/domains/de/test/auto/MergeWithoutDiscard.xml
auto.tcl: Setting watchdog for 200 seconds at Sun Jul 21 05:05:22 UTC 2019
2 ms. Memory: 48128K Free: 29882K (62%)
ptolemy.util.test.WatchDog.cancel(): canceling Sun Jul 21 05:05:22 UTC 2019
auto.tcl: Setting watchdog for 200 seconds at Sun Jul 21 05:05:22 UTC 2019
1 ms. Memory: 48128K Free: 29447K (61%)
ptolemy.util.test.WatchDog.cancel(): canceling Sun Jul 21 05:05:22 UTC 2019
------------------ testing $PTII/ptolemy/domains/de/test/auto/Modal1.xml
auto.tcl: Setting watchdog for 200 seconds at Sun Jul 21 05:05:22 UTC 2019
20 ms. Memory: 48128K Free: 21798K (45%)
ptolemy.util.test.WatchDog.cancel(): canceling Sun Jul 21 05:05:22 UTC 2019
auto.tcl: Setting watchdog for 200 seconds at Sun Jul 21 05:05:22 UTC 2019
12 ms. Memory: 48128K Free: 18402K (38%)
ptolemy.util.test.WatchDog.cancel(): canceling Sun Jul 21 05:05:22 UTC 2019
------------------ testing $PTII/ptolemy/domains/de/test/auto/Modal2.xml
auto.tcl: Setting watchdog for 200 seconds at Sun Jul 21 05:05:22 UTC 2019
11 ms. Memory: 48128K Free: 21901K (46%)
ptolemy.util.test.WatchDog.cancel(): canceling Sun Jul 21 05:05:22 UTC 2019
auto.tcl: Setting watchdog for 200 seconds at Sun Jul 21 05:05:22 UTC 2019
12 ms. Memory: 48128K Free: 18654K (39%)
ptolemy.util.test.WatchDog.cancel(): canceling Sun Jul 21 05:05:22 UTC 2019
------------------ testing $PTII/ptolemy/domains/de/test/auto/Modal3.xml
auto.tcl: Setting watchdog for 200 seconds at Sun Jul 21 05:05:22 UTC 2019
10 ms. Memory: 48128K Free: 21627K (45%)
ptolemy.util.test.WatchDog.cancel(): canceling Sun Jul 21 05:05:22 UTC 2019
auto.tcl: Setting watchdog for 200 seconds at Sun Jul 21 05:05:22 UTC 2019
11 ms. Memory: 48128K Free: 18674K (39%)
ptolemy.util.test.WatchDog.cancel(): canceling Sun Jul 21 05:05:22 UTC 2019
------------------ testing $PTII/ptolemy/domains/de/test/auto/Modal4.xml
auto.tcl: Setting watchdog for 200 seconds at Sun Jul 21 05:05:22 UTC 2019
13 ms. Memory: 48128K Free: 20886K (43%)
ptolemy.util.test.WatchDog.cancel(): canceling Sun Jul 21 05:05:23 UTC 2019
auto.tcl: Setting watchdog for 200 seconds at Sun Jul 21 05:05:23 UTC 2019
15 ms. Memory: 48128K Free: 17018K (35%)
ptolemy.util.test.WatchDog.cancel(): canceling Sun Jul 21 05:05:23 UTC 2019
------------------ testing $PTII/ptolemy/domains/de/test/auto/Modal5.xml
auto.tcl: Setting watchdog for 200 seconds at Sun Jul 21 05:05:23 UTC 2019
20 ms. Memory: 48128K Free: 20843K (43%)
ptolemy.util.test.WatchDog.cancel(): canceling Sun Jul 21 05:05:23 UTC 2019
auto.tcl: Setting watchdog for 200 seconds at Sun Jul 21 05:05:23 UTC 2019
14 ms. Memory: 48128K Free: 17004K (35%)
ptolemy.util.test.WatchDog.cancel(): canceling Sun Jul 21 05:05:23 UTC 2019
------------------ testing $PTII/ptolemy/domains/de/test/auto/Modal6.xml
auto.tcl: Setting watchdog for 200 seconds at Sun Jul 21 05:05:23 UTC 2019
12 ms. Memory: 48128K Free: 21623K (45%)
ptolemy.util.test.WatchDog.cancel(): canceling Sun Jul 21 05:05:23 UTC 2019
auto.tcl: Setting watchdog for 200 seconds at Sun Jul 21 05:05:23 UTC 2019
14 ms. Memory: 48128K Free: 17682K (37%)
ptolemy.util.test.WatchDog.cancel(): canceling Sun Jul 21 05:05:23 UTC 2019
------------------ testing $PTII/ptolemy/domains/de/test/auto/Modal7.xml
auto.tcl: Setting watchdog for 200 seconds at Sun Jul 21 05:05:23 UTC 2019
10 ms. Memory: 48128K Free: 20625K (43%)
ptolemy.util.test.WatchDog.cancel(): canceling Sun Jul 21 05:05:23 UTC 2019
auto.tcl: Setting watchdog for 200 seconds at Sun Jul 21 05:05:23 UTC 2019
11 ms. Memory: 48128K Free: 17006K (35%)
ptolemy.util.test.WatchDog.cancel(): canceling Sun Jul 21 05:05:23 UTC 2019
------------------ testing $PTII/ptolemy/domains/de/test/auto/ModalModel.xml
auto.tcl: Setting watchdog for 200 seconds at Sun Jul 21 05:05:23 UTC 2019
225 ms. Memory: 58368K Free: 39299K (67%)
ptolemy.util.test.WatchDog.cancel(): canceling Sun Jul 21 05:05:23 UTC 2019
auto.tcl: Setting watchdog for 200 seconds at Sun Jul 21 05:05:23 UTC 2019
201 ms. Memory: 58368K Free: 33577K (58%)
ptolemy.util.test.WatchDog.cancel(): canceling Sun Jul 21 05:05:23 UTC 2019
------------------ testing $PTII/ptolemy/domains/de/test/auto/ModalSource.xml
auto.tcl: Setting watchdog for 200 seconds at Sun Jul 21 05:05:23 UTC 2019
9 ms. Memory: 51200K Free: 28748K (56%)
ptolemy.util.test.WatchDog.cancel(): canceling Sun Jul 21 05:05:23 UTC 2019
auto.tcl: Setting watchdog for 200 seconds at Sun Jul 21 05:05:23 UTC 2019
8 ms. Memory: 51200K Free: 26700K (52%)
ptolemy.util.test.WatchDog.cancel(): canceling Sun Jul 21 05:05:23 UTC 2019
------------------ testing $PTII/ptolemy/domains/de/test/auto/NonInterruptibleTimerZeroDelay.xml
auto.tcl: Setting watchdog for 200 seconds at Sun Jul 21 05:05:24 UTC 2019
3 ms. Memory: 51200K Free: 33691K (66%)
ptolemy.util.test.WatchDog.cancel(): canceling Sun Jul 21 05:05:24 UTC 2019
auto.tcl: Setting watchdog for 200 seconds at Sun Jul 21 05:05:24 UTC 2019
3 ms. Memory: 51200K Free: 33037K (65%)
ptolemy.util.test.WatchDog.cancel(): canceling Sun Jul 21 05:05:24 UTC 2019
------------------ testing $PTII/ptolemy/domains/de/test/auto/OpenQueueingNetwork.xml
auto.tcl: Setting watchdog for 200 seconds at Sun Jul 21 05:05:24 UTC 2019
2974 ms. Memory: 97280K Free: 29578K (30%)
ptolemy.util.test.WatchDog.cancel(): canceling Sun Jul 21 05:05:27 UTC 2019
auto.tcl: Setting watchdog for 200 seconds at Sun Jul 21 05:05:27 UTC 2019
2679 ms. Memory: 116736K Free: 92633K (79%)
ptolemy.util.test.WatchDog.cancel(): canceling Sun Jul 21 05:05:29 UTC 2019
------------------ testing $PTII/ptolemy/domains/de/test/auto/OpenQueuingNetwork.xml
auto.tcl: Setting watchdog for 200 seconds at Sun Jul 21 05:05:29 UTC 2019
265 ms. Memory: 55296K Free: 25368K (46%)
ptolemy.util.test.WatchDog.cancel(): canceling Sun Jul 21 05:05:30 UTC 2019
auto.tcl: Setting watchdog for 200 seconds at Sun Jul 21 05:05:30 UTC 2019
255 ms. Memory: 66560K Free: 50191K (75%)
ptolemy.util.test.WatchDog.cancel(): canceling Sun Jul 21 05:05:30 UTC 2019
------------------ testing $PTII/ptolemy/domains/de/test/auto/PeriodicSampler.xml
auto.tcl: Setting watchdog for 200 seconds at Sun Jul 21 05:05:30 UTC 2019
3 ms. Memory: 51200K Free: 32886K (64%)
ptolemy.util.test.WatchDog.cancel(): canceling Sun Jul 21 05:05:30 UTC 2019
auto.tcl: Setting watchdog for 200 seconds at Sun Jul 21 05:05:30 UTC 2019
2 ms. Memory: 51200K Free: 32366K (63%)
ptolemy.util.test.WatchDog.cancel(): canceling Sun Jul 21 05:05:30 UTC 2019
------------------ testing $PTII/ptolemy/domains/de/test/auto/PersistentIO.xml
auto.tcl: Setting watchdog for 200 seconds at Sun Jul 21 05:05:30 UTC 2019
12 ms. Memory: 51200K Free: 27810K (54%)
ptolemy.util.test.WatchDog.cancel(): canceling Sun Jul 21 05:05:30 UTC 2019
auto.tcl: Setting watchdog for 200 seconds at Sun Jul 21 05:05:30 UTC 2019
5 ms. Memory: 51200K Free: 26290K (51%)
ptolemy.util.test.WatchDog.cancel(): canceling Sun Jul 21 05:05:30 UTC 2019
------------------ testing $PTII/ptolemy/domains/de/test/auto/PortParameterResetOnInitialize.xml
auto.tcl: Setting watchdog for 200 seconds at Sun Jul 21 05:05:30 UTC 2019
8 ms. Memory: 51200K Free: 32794K (64%)
ptolemy.util.test.WatchDog.cancel(): canceling Sun Jul 21 05:05:30 UTC 2019
auto.tcl: Setting watchdog for 200 seconds at Sun Jul 21 05:05:30 UTC 2019
2 ms. Memory: 51200K Free: 32298K (63%)
ptolemy.util.test.WatchDog.cancel(): canceling Sun Jul 21 05:05:30 UTC 2019
------------------ testing $PTII/ptolemy/domains/de/test/auto/PortParameterUpdates.xml
auto.tcl: Setting watchdog for 200 seconds at Sun Jul 21 05:05:30 UTC 2019
5 ms. Memory: 51200K Free: 31093K (61%)
ptolemy.util.test.WatchDog.cancel(): canceling Sun Jul 21 05:05:30 UTC 2019
auto.tcl: Setting watchdog for 200 seconds at Sun Jul 21 05:05:30 UTC 2019
5 ms. Memory: 51200K Free: 29869K (58%)
ptolemy.util.test.WatchDog.cancel(): canceling Sun Jul 21 05:05:30 UTC 2019
------------------ testing $PTII/ptolemy/domains/de/test/auto/QueueAndServer.xml
auto.tcl: Setting watchdog for 200 seconds at Sun Jul 21 05:05:30 UTC 2019
6 ms. Memory: 51200K Free: 29749K (58%)
ptolemy.util.test.WatchDog.cancel(): canceling Sun Jul 21 05:05:30 UTC 2019
auto.tcl: Setting watchdog for 200 seconds at Sun Jul 21 05:05:30 UTC 2019
6 ms. Memory: 51200K Free: 28297K (55%)
ptolemy.util.test.WatchDog.cancel(): canceling Sun Jul 21 05:05:30 UTC 2019
------------------ testing $PTII/ptolemy/domains/de/test/auto/Records.xml
auto.tcl: Setting watchdog for 200 seconds at Sun Jul 21 05:05:30 UTC 2019
3 ms. Memory: 51200K Free: 32039K (63%)
ptolemy.util.test.WatchDog.cancel(): canceling Sun Jul 21 05:05:30 UTC 2019
auto.tcl: Setting watchdog for 200 seconds at Sun Jul 21 05:05:30 UTC 2019
2 ms. Memory: 51200K Free: 31524K (62%)
ptolemy.util.test.WatchDog.cancel(): canceling Sun Jul 21 05:05:30 UTC 2019
------------------ testing $PTII/ptolemy/domains/de/test/auto/ResetTransitionWithStartTime1.xml
auto.tcl: Setting watchdog for 200 seconds at Sun Jul 21 05:05:31 UTC 2019
12 ms. Memory: 48128K Free: 26222K (54%)
ptolemy.util.test.WatchDog.cancel(): canceling Sun Jul 21 05:05:31 UTC 2019
auto.tcl: Setting watchdog for 200 seconds at Sun Jul 21 05:05:31 UTC 2019
7 ms. Memory: 48128K Free: 24174K (50%)
ptolemy.util.test.WatchDog.cancel(): canceling Sun Jul 21 05:05:31 UTC 2019
------------------ testing $PTII/ptolemy/domains/de/test/auto/ResetTransitionWithStartTime2.xml
auto.tcl: Setting watchdog for 200 seconds at Sun Jul 21 05:05:31 UTC 2019
6 ms. Memory: 48128K Free: 26177K (54%)
ptolemy.util.test.WatchDog.cancel(): canceling Sun Jul 21 05:05:31 UTC 2019
auto.tcl: Setting watchdog for 200 seconds at Sun Jul 21 05:05:31 UTC 2019
6 ms. Memory: 48128K Free: 23655K (49%)
ptolemy.util.test.WatchDog.cancel(): canceling Sun Jul 21 05:05:31 UTC 2019
------------------ testing $PTII/ptolemy/domains/de/test/auto/ResetTransitionWithStartTime3.xml
auto.tcl: Setting watchdog for 200 seconds at Sun Jul 21 05:05:31 UTC 2019
6 ms. Memory: 48128K Free: 26176K (54%)
ptolemy.util.test.WatchDog.cancel(): canceling Sun Jul 21 05:05:31 UTC 2019
auto.tcl: Setting watchdog for 200 seconds at Sun Jul 21 05:05:31 UTC 2019
6 ms. Memory: 48128K Free: 23671K (49%)
ptolemy.util.test.WatchDog.cancel(): canceling Sun Jul 21 05:05:31 UTC 2019
------------------ testing $PTII/ptolemy/domains/de/test/auto/ResetTransitionWithStartTime4.xml
auto.tcl: Setting watchdog for 200 seconds at Sun Jul 21 05:05:31 UTC 2019
7 ms. Memory: 48128K Free: 26664K (55%)
ptolemy.util.test.WatchDog.cancel(): canceling Sun Jul 21 05:05:31 UTC 2019
auto.tcl: Setting watchdog for 200 seconds at Sun Jul 21 05:05:31 UTC 2019
2 ms. Memory: 48128K Free: 25233K (52%)
ptolemy.util.test.WatchDog.cancel(): canceling Sun Jul 21 05:05:31 UTC 2019
------------------ testing $PTII/ptolemy/domains/de/test/auto/ResettableTimer1.xml
auto.tcl: Setting watchdog for 200 seconds at Sun Jul 21 05:05:31 UTC 2019
2 ms. Memory: 48128K Free: 30656K (64%)
ptolemy.util.test.WatchDog.cancel(): canceling Sun Jul 21 05:05:31 UTC 2019
auto.tcl: Setting watchdog for 200 seconds at Sun Jul 21 05:05:31 UTC 2019
3 ms. Memory: 48128K Free: 29796K (62%)
ptolemy.util.test.WatchDog.cancel(): canceling Sun Jul 21 05:05:31 UTC 2019
------------------ testing $PTII/ptolemy/domains/de/test/auto/ResettableTimer2.xml
auto.tcl: Setting watchdog for 200 seconds at Sun Jul 21 05:05:31 UTC 2019
2 ms. Memory: 48128K Free: 30432K (63%)
ptolemy.util.test.WatchDog.cancel(): canceling Sun Jul 21 05:05:31 UTC 2019
auto.tcl: Setting watchdog for 200 seconds at Sun Jul 21 05:05:31 UTC 2019
2 ms. Memory: 48128K Free: 29341K (61%)
ptolemy.util.test.WatchDog.cancel(): canceling Sun Jul 21 05:05:31 UTC 2019
------------------ testing $PTII/ptolemy/domains/de/test/auto/ResettableTimer3.xml
auto.tcl: Setting watchdog for 200 seconds at Sun Jul 21 05:05:31 UTC 2019
1 ms. Memory: 48128K Free: 30334K (63%)
ptolemy.util.test.WatchDog.cancel(): canceling Sun Jul 21 05:05:31 UTC 2019
auto.tcl: Setting watchdog for 200 seconds at Sun Jul 21 05:05:31 UTC 2019
1 ms. Memory: 48128K Free: 30309K (63%)
ptolemy.util.test.WatchDog.cancel(): canceling Sun Jul 21 05:05:31 UTC 2019
------------------ testing $PTII/ptolemy/domains/de/test/auto/ResettableTimer4.xml
auto.tcl: Setting watchdog for 200 seconds at Sun Jul 21 05:05:31 UTC 2019
1 ms. Memory: 48128K Free: 30346K (63%)
ptolemy.util.test.WatchDog.cancel(): canceling Sun Jul 21 05:05:31 UTC 2019
auto.tcl: Setting watchdog for 200 seconds at Sun Jul 21 05:05:31 UTC 2019
1 ms. Memory: 48128K Free: 29848K (62%)
ptolemy.util.test.WatchDog.cancel(): canceling Sun Jul 21 05:05:31 UTC 2019
------------------ testing $PTII/ptolemy/domains/de/test/auto/ResettableTimer5.xml
auto.tcl: Setting watchdog for 200 seconds at Sun Jul 21 05:05:31 UTC 2019
1 ms. Memory: 48128K Free: 29792K (62%)
ptolemy.util.test.WatchDog.cancel(): canceling Sun Jul 21 05:05:31 UTC 2019
auto.tcl: Setting watchdog for 200 seconds at Sun Jul 21 05:05:31 UTC 2019
1 ms. Memory: 48128K Free: 29321K (61%)
ptolemy.util.test.WatchDog.cancel(): canceling Sun Jul 21 05:05:31 UTC 2019
------------------ testing $PTII/ptolemy/domains/de/test/auto/ResettableTimer6.xml
auto.tcl: Setting watchdog for 200 seconds at Sun Jul 21 05:05:31 UTC 2019
2 ms. Memory: 48128K Free: 29783K (62%)
ptolemy.util.test.WatchDog.cancel(): canceling Sun Jul 21 05:05:31 UTC 2019
auto.tcl: Setting watchdog for 200 seconds at Sun Jul 21 05:05:31 UTC 2019
2 ms. Memory: 48128K Free: 29287K (61%)
ptolemy.util.test.WatchDog.cancel(): canceling Sun Jul 21 05:05:31 UTC 2019
------------------ testing $PTII/ptolemy/domains/de/test/auto/ServerZeroDelay.xml
auto.tcl: Setting watchdog for 200 seconds at Sun Jul 21 05:05:31 UTC 2019
3 ms. Memory: 48128K Free: 30302K (63%)
ptolemy.util.test.WatchDog.cancel(): canceling Sun Jul 21 05:05:31 UTC 2019
auto.tcl: Setting watchdog for 200 seconds at Sun Jul 21 05:05:31 UTC 2019
1 ms. Memory: 48128K Free: 29345K (61%)
ptolemy.util.test.WatchDog.cancel(): canceling Sun Jul 21 05:05:31 UTC 2019
------------------ testing $PTII/ptolemy/domains/de/test/auto/SmartSender.xml
auto.tcl: Setting watchdog for 200 seconds at Sun Jul 21 05:05:31 UTC 2019
3002 ms. Memory: 48128K Free: 30322K (63%)
ptolemy.util.test.WatchDog.cancel(): canceling Sun Jul 21 05:05:34 UTC 2019
auto.tcl: Setting watchdog for 200 seconds at Sun Jul 21 05:05:34 UTC 2019
3002 ms. Memory: 48128K Free: 29818K (62%)
ptolemy.util.test.WatchDog.cancel(): canceling Sun Jul 21 05:05:37 UTC 2019
------------------ testing $PTII/ptolemy/domains/de/test/auto/ThreadedComposite.xml
auto.tcl: Setting watchdog for 200 seconds at Sun Jul 21 05:05:37 UTC 2019
200 ms. Memory: 48128K Free: 10855K (23%)
ptolemy.util.test.WatchDog.cancel(): canceling Sun Jul 21 05:05:38 UTC 2019
auto.tcl: Setting watchdog for 200 seconds at Sun Jul 21 05:05:38 UTC 2019
152 ms. Memory: 48128K Free: 24278K (50%)
ptolemy.util.test.WatchDog.cancel(): canceling Sun Jul 21 05:05:38 UTC 2019
------------------ testing $PTII/ptolemy/domains/de/test/auto/Time.xml
auto.tcl: Setting watchdog for 200 seconds at Sun Jul 21 05:05:38 UTC 2019
520 ms. Memory: 48128K Free: 30079K (62%)
ptolemy.util.test.WatchDog.cancel(): canceling Sun Jul 21 05:05:38 UTC 2019
auto.tcl: Setting watchdog for 200 seconds at Sun Jul 21 05:05:38 UTC 2019
446 ms. Memory: 48128K Free: 29095K (60%)
ptolemy.util.test.WatchDog.cancel(): canceling Sun Jul 21 05:05:39 UTC 2019
------------------ testing $PTII/ptolemy/domains/de/test/auto/TimeDelayZeroDelay.xml
auto.tcl: Setting watchdog for 200 seconds at Sun Jul 21 05:05:39 UTC 2019
3 ms. Memory: 48128K Free: 30731K (64%)
ptolemy.util.test.WatchDog.cancel(): canceling Sun Jul 21 05:05:39 UTC 2019
auto.tcl: Setting watchdog for 200 seconds at Sun Jul 21 05:05:39 UTC 2019
2 ms. Memory: 48128K Free: 29819K (62%)
ptolemy.util.test.WatchDog.cancel(): canceling Sun Jul 21 05:05:39 UTC 2019
------------------ testing $PTII/ptolemy/domains/de/test/auto/TimerZeroDelay.xml
auto.tcl: Setting watchdog for 200 seconds at Sun Jul 21 05:05:39 UTC 2019
3 ms. Memory: 48128K Free: 30750K (64%)
ptolemy.util.test.WatchDog.cancel(): canceling Sun Jul 21 05:05:39 UTC 2019
auto.tcl: Setting watchdog for 200 seconds at Sun Jul 21 05:05:39 UTC 2019
2 ms. Memory: 48128K Free: 30270K (63%)
ptolemy.util.test.WatchDog.cancel(): canceling Sun Jul 21 05:05:39 UTC 2019
------------------ testing $PTII/ptolemy/domains/de/test/auto/TimingParadox.xml
auto.tcl: Setting watchdog for 200 seconds at Sun Jul 21 05:05:39 UTC 2019
361 ms. Memory: 48128K Free: 13339K (28%)
ptolemy.util.test.WatchDog.cancel(): canceling Sun Jul 21 05:05:39 UTC 2019
auto.tcl: Setting watchdog for 200 seconds at Sun Jul 21 05:05:39 UTC 2019
357 ms. Memory: 58368K Free: 11636K (20%)
ptolemy.util.test.WatchDog.cancel(): canceling Sun Jul 21 05:05:40 UTC 2019
------------------ testing $PTII/ptolemy/domains/de/test/auto/TransferInputs.xml
auto.tcl: Setting watchdog for 200 seconds at Sun Jul 21 05:05:40 UTC 2019
2 ms. Memory: 55296K Free: 35890K (65%)
ptolemy.util.test.WatchDog.cancel(): canceling Sun Jul 21 05:05:40 UTC 2019
auto.tcl: Setting watchdog for 200 seconds at Sun Jul 21 05:05:40 UTC 2019
2 ms. Memory: 55296K Free: 34971K (63%)
ptolemy.util.test.WatchDog.cancel(): canceling Sun Jul 21 05:05:40 UTC 2019
------------------ testing $PTII/ptolemy/domains/de/test/auto/TransferOutputs2.xml
auto.tcl: Setting watchdog for 200 seconds at Sun Jul 21 05:05:40 UTC 2019
3 ms. Memory: 51200K Free: 29252K (57%)
ptolemy.util.test.WatchDog.cancel(): canceling Sun Jul 21 05:05:40 UTC 2019
auto.tcl: Setting watchdog for 200 seconds at Sun Jul 21 05:05:40 UTC 2019
3 ms. Memory: 51200K Free: 27846K (54%)
ptolemy.util.test.WatchDog.cancel(): canceling Sun Jul 21 05:05:40 UTC 2019
------------------ testing $PTII/ptolemy/domains/de/test/auto/Trilateration.xml
auto.tcl: Setting watchdog for 200 seconds at Sun Jul 21 05:05:40 UTC 2019
13569 ms. Memory: 528384K Free: 223247K (42%)
ptolemy.util.test.WatchDog.cancel(): canceling Sun Jul 21 05:05:55 UTC 2019
auto.tcl: Setting watchdog for 200 seconds at Sun Jul 21 05:05:55 UTC 2019
11117 ms. Memory: 528384K Free: 395144K (75%)
ptolemy.util.test.WatchDog.cancel(): canceling Sun Jul 21 05:06:06 UTC 2019
------------------ testing $PTII/ptolemy/domains/de/test/auto/TwoSigmaDelta.xml
auto.tcl: Setting watchdog for 200 seconds at Sun Jul 21 05:06:06 UTC 2019
2627 ms. Memory: 86016K Free: 59661K (69%)
ptolemy.util.test.WatchDog.cancel(): canceling Sun Jul 21 05:06:09 UTC 2019
auto.tcl: Setting watchdog for 200 seconds at Sun Jul 21 05:06:09 UTC 2019
2187 ms. Memory: 86016K Free: 48389K (56%)
ptolemy.util.test.WatchDog.cancel(): canceling Sun Jul 21 05:06:11 UTC 2019
------------------ testing $PTII/ptolemy/domains/de/test/auto/VariableDelay.xml
auto.tcl: Setting watchdog for 200 seconds at Sun Jul 21 05:06:11 UTC 2019
2 ms. Memory: 51200K Free: 32287K (63%)
ptolemy.util.test.WatchDog.cancel(): canceling Sun Jul 21 05:06:11 UTC 2019
auto.tcl: Setting watchdog for 200 seconds at Sun Jul 21 05:06:11 UTC 2019
2 ms. Memory: 51200K Free: 31293K (61%)
ptolemy.util.test.WatchDog.cancel(): canceling Sun Jul 21 05:06:11 UTC 2019
------------------ testing $PTII/ptolemy/domains/de/test/auto/VariableDelay2.xml
auto.tcl: Setting watchdog for 200 seconds at Sun Jul 21 05:06:11 UTC 2019
3 ms. Memory: 48128K Free: 29637K (62%)
ptolemy.util.test.WatchDog.cancel(): canceling Sun Jul 21 05:06:11 UTC 2019
auto.tcl: Setting watchdog for 200 seconds at Sun Jul 21 05:06:11 UTC 2019
1 ms. Memory: 48128K Free: 29133K (61%)
ptolemy.util.test.WatchDog.cancel(): canceling Sun Jul 21 05:06:11 UTC 2019
------------------ testing $PTII/ptolemy/domains/de/test/auto/VariableDelayZeroDelay.xml
auto.tcl: Setting watchdog for 200 seconds at Sun Jul 21 05:06:11 UTC 2019
2 ms. Memory: 48128K Free: 30156K (63%)
ptolemy.util.test.WatchDog.cancel(): canceling Sun Jul 21 05:06:11 UTC 2019
auto.tcl: Setting watchdog for 200 seconds at Sun Jul 21 05:06:11 UTC 2019
2 ms. Memory: 48128K Free: 29632K (62%)
ptolemy.util.test.WatchDog.cancel(): canceling Sun Jul 21 05:06:11 UTC 2019
------------------ testing $PTII/ptolemy/domains/de/test/auto/VariableDelayZeroDelay2.xml
auto.tcl: Setting watchdog for 200 seconds at Sun Jul 21 05:06:11 UTC 2019
2 ms. Memory: 48128K Free: 30244K (63%)
ptolemy.util.test.WatchDog.cancel(): canceling Sun Jul 21 05:06:11 UTC 2019
auto.tcl: Setting watchdog for 200 seconds at Sun Jul 21 05:06:11 UTC 2019
2 ms. Memory: 48128K Free: 29132K (61%)
ptolemy.util.test.WatchDog.cancel(): canceling Sun Jul 21 05:06:11 UTC 2019
------------------ testing $PTII/ptolemy/domains/de/test/auto/deInCt.xml
auto.tcl: Setting watchdog for 200 seconds at Sun Jul 21 05:06:11 UTC 2019
0
1
1
0
0
0
1
1
1
1
0
0
0
1
1
1
1
1
1
1
0
0
0
0
1
1
1
1
18 ms. Memory: 48128K Free: 29129K (61%)
ptolemy.util.test.WatchDog.cancel(): canceling Sun Jul 21 05:06:11 UTC 2019
auto.tcl: Setting watchdog for 200 seconds at Sun Jul 21 05:06:11 UTC 2019
0
1
1
1
1
0
0
0
1
1
1
1
0
0
0
0
1
1
1
0
0
1
1
1
0
0
0
0
1
1
1
0
0
0
1
1
1
0
0
0
1
1
1
1
11 ms. Memory: 48128K Free: 27605K (57%)
ptolemy.util.test.WatchDog.cancel(): canceling Sun Jul 21 05:06:11 UTC 2019
------------------ testing $PTII/ptolemy/domains/de/test/auto/deInCt2.xml
auto.tcl: Setting watchdog for 200 seconds at Sun Jul 21 05:06:11 UTC 2019
0
1
1
1
0
0
1
1
1
0
0
1
1
1
0
0
1
1
1
0
0
1
1
1
0
0
1
1
1
0
0
1
1
1
0
0
1
1
1
0
0
0
11 ms. Memory: 48128K Free: 29188K (61%)
ptolemy.util.test.WatchDog.cancel(): canceling Sun Jul 21 05:06:11 UTC 2019
auto.tcl: Setting watchdog for 200 seconds at Sun Jul 21 05:06:11 UTC 2019
0
1
1
1
0
0
1
1
1
0
0
1
1
1
0
0
1
1
1
0
0
1
1
1
0
0
1
1
1
0
0
1
1
1
0
0
1
1
1
0
0
0
8 ms. Memory: 48128K Free: 27591K (57%)
ptolemy.util.test.WatchDog.cancel(): canceling Sun Jul 21 05:06:11 UTC 2019
------------------ testing $PTII/ptolemy/domains/de/test/auto/dynamicCausalityInterface1.xml
auto.tcl: Setting watchdog for 200 seconds at Sun Jul 21 05:06:11 UTC 2019
2 ms. Memory: 48128K Free: 25029K (52%)
ptolemy.util.test.WatchDog.cancel(): canceling Sun Jul 21 05:06:11 UTC 2019
auto.tcl: Setting watchdog for 200 seconds at Sun Jul 21 05:06:11 UTC 2019
1 ms. Memory: 48128K Free: 24530K (51%)
ptolemy.util.test.WatchDog.cancel(): canceling Sun Jul 21 05:06:11 UTC 2019
------------------ testing $PTII/ptolemy/domains/de/test/auto/fsm_de_test.xml
auto.tcl: Setting watchdog for 200 seconds at Sun Jul 21 05:06:11 UTC 2019
12 ms. Memory: 48128K Free: 24928K (52%)
ptolemy.util.test.WatchDog.cancel(): canceling Sun Jul 21 05:06:12 UTC 2019
auto.tcl: Setting watchdog for 200 seconds at Sun Jul 21 05:06:12 UTC 2019
5 ms. Memory: 48128K Free: 22880K (48%)
ptolemy.util.test.WatchDog.cancel(): canceling Sun Jul 21 05:06:12 UTC 2019
------------------ testing $PTII/ptolemy/domains/de/test/auto/functionDependencyReconstruction.xml
auto.tcl: Setting watchdog for 200 seconds at Sun Jul 21 05:06:12 UTC 2019
3 ms. Memory: 48128K Free: 18774K (39%)
ptolemy.util.test.WatchDog.cancel(): canceling Sun Jul 21 05:06:12 UTC 2019
auto.tcl: Setting watchdog for 200 seconds at Sun Jul 21 05:06:12 UTC 2019
3 ms. Memory: 48128K Free: 16731K (35%)
ptolemy.util.test.WatchDog.cancel(): canceling Sun Jul 21 05:06:12 UTC 2019
------------------ testing $PTII/ptolemy/domains/de/test/auto/multirate.xml
auto.tcl: Setting watchdog for 200 seconds at Sun Jul 21 05:06:12 UTC 2019
5 ms. Memory: 48128K Free: 27581K (57%)
ptolemy.util.test.WatchDog.cancel(): canceling Sun Jul 21 05:06:12 UTC 2019
auto.tcl: Setting watchdog for 200 seconds at Sun Jul 21 05:06:12 UTC 2019
3 ms. Memory: 48128K Free: 25860K (54%)
ptolemy.util.test.WatchDog.cancel(): canceling Sun Jul 21 05:06:12 UTC 2019
------------------ testing $PTII/ptolemy/domains/de/test/auto/multirate2.xml
auto.tcl: Setting watchdog for 200 seconds at Sun Jul 21 05:06:12 UTC 2019
2 ms. Memory: 48128K Free: 27525K (57%)
ptolemy.util.test.WatchDog.cancel(): canceling Sun Jul 21 05:06:12 UTC 2019
auto.tcl: Setting watchdog for 200 seconds at Sun Jul 21 05:06:12 UTC 2019
3 ms. Memory: 48128K Free: 26017K (54%)
ptolemy.util.test.WatchDog.cancel(): canceling Sun Jul 21 05:06:12 UTC 2019
------------------ testing $PTII/ptolemy/domains/de/test/auto/realtime.xml
auto.tcl: Setting watchdog for 200 seconds at Sun Jul 21 05:06:12 UTC 2019
10001 ms. Memory: 48128K Free: 29817K (62%)
ptolemy.util.test.WatchDog.cancel(): canceling Sun Jul 21 05:06:22 UTC 2019
auto.tcl: Setting watchdog for 200 seconds at Sun Jul 21 05:06:22 UTC 2019
10002 ms. Memory: 48128K Free: 29075K (60%)
ptolemy.util.test.WatchDog.cancel(): canceling Sun Jul 21 05:06:32 UTC 2019
------------------ testing $PTII/ptolemy/domains/de/test/auto/relationGroup.xml
auto.tcl: Setting watchdog for 200 seconds at Sun Jul 21 05:06:32 UTC 2019
1 ms. Memory: 48128K Free: 30912K (64%)
ptolemy.util.test.WatchDog.cancel(): canceling Sun Jul 21 05:06:32 UTC 2019
auto.tcl: Setting watchdog for 200 seconds at Sun Jul 21 05:06:32 UTC 2019
1 ms. Memory: 48128K Free: 30390K (63%)
ptolemy.util.test.WatchDog.cancel(): canceling Sun Jul 21 05:06:32 UTC 2019
------------------ testing $PTII/ptolemy/domains/de/test/auto/relationGroup2.xml
auto.tcl: Setting watchdog for 200 seconds at Sun Jul 21 05:06:32 UTC 2019
2 ms. Memory: 48128K Free: 30692K (64%)
ptolemy.util.test.WatchDog.cancel(): canceling Sun Jul 21 05:06:32 UTC 2019
auto.tcl: Setting watchdog for 200 seconds at Sun Jul 21 05:06:32 UTC 2019
2 ms. Memory: 48128K Free: 30192K (63%)
ptolemy.util.test.WatchDog.cancel(): canceling Sun Jul 21 05:06:32 UTC 2019
------------------ testing $PTII/ptolemy/domains/de/test/auto/sortWithOpaquePorts.xml
auto.tcl: Setting watchdog for 200 seconds at Sun Jul 21 05:06:32 UTC 2019
2 ms. Memory: 48128K Free: 29655K (62%)
ptolemy.util.test.WatchDog.cancel(): canceling Sun Jul 21 05:06:32 UTC 2019
auto.tcl: Setting watchdog for 200 seconds at Sun Jul 21 05:06:32 UTC 2019
2 ms. Memory: 48128K Free: 28645K (60%)
ptolemy.util.test.WatchDog.cancel(): canceling Sun Jul 21 05:06:32 UTC 2019
------------------ testing $PTII/ptolemy/domains/de/test/auto/transferInputsandOutputs.xml
auto.tcl: Setting watchdog for 200 seconds at Sun Jul 21 05:06:32 UTC 2019
2 ms. Memory: 48128K Free: 27099K (56%)
ptolemy.util.test.WatchDog.cancel(): canceling Sun Jul 21 05:06:32 UTC 2019
auto.tcl: Setting watchdog for 200 seconds at Sun Jul 21 05:06:32 UTC 2019
2 ms. Memory: 48128K Free: 26119K (54%)
ptolemy.util.test.WatchDog.cancel(): canceling Sun Jul 21 05:06:32 UTC 2019
------------------ testing $PTII/ptolemy/domains/de/test/auto/triggerType.xml
auto.tcl: Setting watchdog for 200 seconds at Sun Jul 21 05:06:32 UTC 2019
2 ms. Memory: 48128K Free: 30124K (63%)
ptolemy.util.test.WatchDog.cancel(): canceling Sun Jul 21 05:06:32 UTC 2019
auto.tcl: Setting watchdog for 200 seconds at Sun Jul 21 05:06:32 UTC 2019
2 ms. Memory: 48128K Free: 29120K (61%)
ptolemy.util.test.WatchDog.cancel(): canceling Sun Jul 21 05:06:32 UTC 2019
07/21/19 05:06:32
Failed: 0  Total Tests: 192  ((Passed: 187, Newly Passed: 1)  Known Failed: 5) /home/travis/build/icyphy/ptII/ptolemy/domains/de/test
07/21/19 05:06:32
Failed: 0  Total Tests: 192  ((Passed: 187, Newly Passed: 1)  Known Failed: 5) /home/travis/build/icyphy/ptII/ptolemy/domains/de/test
----------------- testing (KnownFailure) /home/travis/build/icyphy/ptII/ptolemy/domains/de/test/auto/knownFailedTests/DESDFClockTest.xml
2012 ms. Memory: 48128K Free: 23008K (48%)
Known Failure: java.lang.reflect.InvocationTargetException
----------------- testing (KnownFailure) /home/travis/build/icyphy/ptII/ptolemy/domains/de/test/auto/knownFailedTests/DirectFeedback.xml
7 ms. Memory: 48128K Free: 19422K (40%)
Known Failure: java.lang.reflect.InvocationTargetException
----------------- testing (KnownFailure) /home/travis/build/icyphy/ptII/ptolemy/domains/de/test/auto/knownFailedTests/FSMSource.xml
11 ms. Memory: 48128K Free: 11744K (24%)
----------------- testing (KnownFailure) /home/travis/build/icyphy/ptII/ptolemy/domains/de/test/auto/knownFailedTests/HierarchicalModel.xml
7 ms. Memory: 48128K Free: 22962K (48%)
Known Failure: java.lang.reflect.InvocationTargetException
----------------- testing (KnownFailure) /home/travis/build/icyphy/ptII/ptolemy/domains/de/test/auto/knownFailedTests/dependencyLoop.xml
3 ms. Memory: 48128K Free: 7626K (16%)
Known Failure: java.lang.reflect.InvocationTargetException
----------------- testing (KnownFailure) /home/travis/build/icyphy/ptII/ptolemy/domains/de/test/auto/knownFailedTests/dependencyLoop2.xml
7 ms. Memory: 48128K Free: 19593K (41%)
Known Failure: java.lang.reflect.InvocationTargetException
No auto/linux-amd64/*.xml tests in /home/travis/build/icyphy/ptII/ptolemy/domains/de/test
AutoTests.java: About to close Vertx.
AutoTests.java: Vertx closed.

===========================================================================================
----------------- testing Sun Jul 21 05:06:35 UTC 2019 /home/travis/build/icyphy/ptII/ptolemy/domains/de/test/auto/ActorDepthCalculation_actorWithoutPorts.xml
----------------- Instantiating /home/travis/build/icyphy/ptII/ptolemy/domains/de/test/auto/ActorDepthCalculation_actorWithoutPorts.xml
2 ms. Memory: 48128K Free: 13111K (27%)
----------------- Invoking toplevel() on ptolemy.moml.MoMLSimpleApplication@1d17889f
----------------- Done invoking toplevel() on ptolemy.moml.MoMLSimpleApplication@1d17889f
reloadAllAccessors: .ActorDepthCalculation_actorWithoutPorts

===========================================================================================
----------------- testing Sun Jul 21 05:06:35 UTC 2019 /home/travis/build/icyphy/ptII/ptolemy/domains/de/test/auto/AssemblyLine.xml
----------------- Instantiating /home/travis/build/icyphy/ptII/ptolemy/domains/de/test/auto/AssemblyLine.xml
3 ms. Memory: 48128K Free: 32232K (67%)
----------------- Invoking toplevel() on ptolemy.moml.MoMLSimpleApplication@7ce93260
----------------- Done invoking toplevel() on ptolemy.moml.MoMLSimpleApplication@7ce93260
reloadAllAccessors: .AssemblyLine

===========================================================================================
----------------- testing Sun Jul 21 05:06:35 UTC 2019 /home/travis/build/icyphy/ptII/ptolemy/domains/de/test/auto/CQBug1.xml
----------------- Instantiating /home/travis/build/icyphy/ptII/ptolemy/domains/de/test/auto/CQBug1.xml
1 ms. Memory: 48128K Free: 29246K (61%)
----------------- Invoking toplevel() on ptolemy.moml.MoMLSimpleApplication@164df09d
----------------- Done invoking toplevel() on ptolemy.moml.MoMLSimpleApplication@164df09d
reloadAllAccessors: .CQBug1

===========================================================================================
----------------- testing Sun Jul 21 05:06:35 UTC 2019 /home/travis/build/icyphy/ptII/ptolemy/domains/de/test/auto/CancelFireAt.xml
----------------- Instantiating /home/travis/build/icyphy/ptII/ptolemy/domains/de/test/auto/CancelFireAt.xml
9 ms. Memory: 48128K Free: 26725K (56%)
----------------- Invoking toplevel() on ptolemy.moml.MoMLSimpleApplication@2b8402a2
----------------- Done invoking toplevel() on ptolemy.moml.MoMLSimpleApplication@2b8402a2
reloadAllAccessors: .CancelFireAt

===========================================================================================
----------------- testing Sun Jul 21 05:06:35 UTC 2019 /home/travis/build/icyphy/ptII/ptolemy/domains/de/test/auto/CausalityAndComposabilityAnalysis.xml
----------------- Instantiating /home/travis/build/icyphy/ptII/ptolemy/domains/de/test/auto/CausalityAndComposabilityAnalysis.xml
1 ms. Memory: 48128K Free: 22360K (46%)
----------------- Invoking toplevel() on ptolemy.moml.MoMLSimpleApplication@494e7fa0
----------------- Done invoking toplevel() on ptolemy.moml.MoMLSimpleApplication@494e7fa0
reloadAllAccessors: .CausalityAndComposabilityAnalysis

===========================================================================================
----------------- testing Sun Jul 21 05:06:35 UTC 2019 /home/travis/build/icyphy/ptII/ptolemy/domains/de/test/auto/CausalityInterface1.xml
----------------- Instantiating /home/travis/build/icyphy/ptII/ptolemy/domains/de/test/auto/CausalityInterface1.xml
4 ms. Memory: 48128K Free: 17509K (36%)
----------------- Invoking toplevel() on ptolemy.moml.MoMLSimpleApplication@e19c975
----------------- Done invoking toplevel() on ptolemy.moml.MoMLSimpleApplication@e19c975
reloadAllAccessors: .CausalityInterface1

===========================================================================================
----------------- testing Sun Jul 21 05:06:35 UTC 2019 /home/travis/build/icyphy/ptII/ptolemy/domains/de/test/auto/CausalityInterface15.xml
----------------- Instantiating /home/travis/build/icyphy/ptII/ptolemy/domains/de/test/auto/CausalityInterface15.xml
2 ms. Memory: 48128K Free: 12120K (25%)
----------------- Invoking toplevel() on ptolemy.moml.MoMLSimpleApplication@5575b98e
----------------- Done invoking toplevel() on ptolemy.moml.MoMLSimpleApplication@5575b98e
reloadAllAccessors: .CausalityInterface15

===========================================================================================
----------------- testing Sun Jul 21 05:06:35 UTC 2019 /home/travis/build/icyphy/ptII/ptolemy/domains/de/test/auto/CausalityInterface2.xml
----------------- Instantiating /home/travis/build/icyphy/ptII/ptolemy/domains/de/test/auto/CausalityInterface2.xml
1 ms. Memory: 48128K Free: 7444K (15%)
----------------- Invoking toplevel() on ptolemy.moml.MoMLSimpleApplication@3afbc17c
----------------- Done invoking toplevel() on ptolemy.moml.MoMLSimpleApplication@3afbc17c
reloadAllAccessors: .CausalityInterface2

===========================================================================================
----------------- testing Sun Jul 21 05:06:35 UTC 2019 /home/travis/build/icyphy/ptII/ptolemy/domains/de/test/auto/CausalityInterface3.xml
----------------- Instantiating /home/travis/build/icyphy/ptII/ptolemy/domains/de/test/auto/CausalityInterface3.xml
2 ms. Memory: 48128K Free: 29443K (61%)
----------------- Invoking toplevel() on ptolemy.moml.MoMLSimpleApplication@2609ab4b
----------------- Done invoking toplevel() on ptolemy.moml.MoMLSimpleApplication@2609ab4b
reloadAllAccessors: .CausalityInterface3

===========================================================================================
----------------- testing Sun Jul 21 05:06:35 UTC 2019 /home/travis/build/icyphy/ptII/ptolemy/domains/de/test/auto/ClockDrift.xml
----------------- Instantiating /home/travis/build/icyphy/ptII/ptolemy/domains/de/test/auto/ClockDrift.xml
16 ms. Memory: 48128K Free: 17217K (36%)
----------------- Invoking toplevel() on ptolemy.moml.MoMLSimpleApplication@4508305b
----------------- Done invoking toplevel() on ptolemy.moml.MoMLSimpleApplication@4508305b
reloadAllAccessors: .ClockDrift

===========================================================================================
----------------- testing Sun Jul 21 05:06:35 UTC 2019 /home/travis/build/icyphy/ptII/ptolemy/domains/de/test/auto/ClockDriftAndValueChange.xml
----------------- Instantiating /home/travis/build/icyphy/ptII/ptolemy/domains/de/test/auto/ClockDriftAndValueChange.xml
15 ms. Memory: 48128K Free: 31901K (66%)
----------------- Invoking toplevel() on ptolemy.moml.MoMLSimpleApplication@5d7ed30e
----------------- Done invoking toplevel() on ptolemy.moml.MoMLSimpleApplication@5d7ed30e
reloadAllAccessors: .ClockDriftAndValueChange

===========================================================================================
----------------- testing Sun Jul 21 05:06:35 UTC 2019 /home/travis/build/icyphy/ptII/ptolemy/domains/de/test/auto/ClockDriftChange.xml
----------------- Instantiating /home/travis/build/icyphy/ptII/ptolemy/domains/de/test/auto/ClockDriftChange.xml
10 ms. Memory: 48128K Free: 21833K (45%)
----------------- Invoking toplevel() on ptolemy.moml.MoMLSimpleApplication@4ec6eeaf
----------------- Done invoking toplevel() on ptolemy.moml.MoMLSimpleApplication@4ec6eeaf
reloadAllAccessors: .ClockDriftChange

===========================================================================================
----------------- testing Sun Jul 21 05:06:35 UTC 2019 /home/travis/build/icyphy/ptII/ptolemy/domains/de/test/auto/ComposableCausalityAnalysis.xml
----------------- Instantiating /home/travis/build/icyphy/ptII/ptolemy/domains/de/test/auto/ComposableCausalityAnalysis.xml
1 ms. Memory: 48128K Free: 15853K (33%)
----------------- Invoking toplevel() on ptolemy.moml.MoMLSimpleApplication@7c54565a
----------------- Done invoking toplevel() on ptolemy.moml.MoMLSimpleApplication@7c54565a
reloadAllAccessors: .ComposableCausalityAnalysis

===========================================================================================
----------------- testing Sun Jul 21 05:06:35 UTC 2019 /home/travis/build/icyphy/ptII/ptolemy/domains/de/test/auto/DEFixedPointLimitation.xml
----------------- Instantiating /home/travis/build/icyphy/ptII/ptolemy/domains/de/test/auto/DEFixedPointLimitation.xml
1 ms. Memory: 48128K Free: 11370K (24%)
----------------- Invoking toplevel() on ptolemy.moml.MoMLSimpleApplication@42c33c5d
----------------- Done invoking toplevel() on ptolemy.moml.MoMLSimpleApplication@42c33c5d
reloadAllAccessors: .DEFixedPointLimitation

===========================================================================================
----------------- testing Sun Jul 21 05:06:35 UTC 2019 /home/travis/build/icyphy/ptII/ptolemy/domains/de/test/auto/DEScheduleTest.xml
----------------- Instantiating /home/travis/build/icyphy/ptII/ptolemy/domains/de/test/auto/DEScheduleTest.xml
7 ms. Memory: 48128K Free: 33813K (70%)
----------------- Invoking toplevel() on ptolemy.moml.MoMLSimpleApplication@33f5caf1
----------------- Done invoking toplevel() on ptolemy.moml.MoMLSimpleApplication@33f5caf1
reloadAllAccessors: .DEScheduleTest

===========================================================================================
----------------- testing Sun Jul 21 05:06:35 UTC 2019 /home/travis/build/icyphy/ptII/ptolemy/domains/de/test/auto/DEinDEwithStartTimes.xml
----------------- Instantiating /home/travis/build/icyphy/ptII/ptolemy/domains/de/test/auto/DEinDEwithStartTimes.xml
2 ms. Memory: 48128K Free: 27834K (58%)
----------------- Invoking toplevel() on ptolemy.moml.MoMLSimpleApplication@456ccf42
----------------- Done invoking toplevel() on ptolemy.moml.MoMLSimpleApplication@456ccf42
reloadAllAccessors: .DEinDEwithStartTimes

===========================================================================================
----------------- testing Sun Jul 21 05:06:35 UTC 2019 /home/travis/build/icyphy/ptII/ptolemy/domains/de/test/auto/DEinDEwithStartTimes2.xml
----------------- Instantiating /home/travis/build/icyphy/ptII/ptolemy/domains/de/test/auto/DEinDEwithStartTimes2.xml
3 ms. Memory: 48128K Free: 21303K (44%)
----------------- Invoking toplevel() on ptolemy.moml.MoMLSimpleApplication@1fc12f69
----------------- Done invoking toplevel() on ptolemy.moml.MoMLSimpleApplication@1fc12f69
reloadAllAccessors: .DEinDEwithStartTimes2

===========================================================================================
----------------- testing Sun Jul 21 05:06:35 UTC 2019 /home/travis/build/icyphy/ptII/ptolemy/domains/de/test/auto/DateDemo.xml
----------------- Instantiating /home/travis/build/icyphy/ptII/ptolemy/domains/de/test/auto/DateDemo.xml
9 ms. Memory: 48128K Free: 10190K (21%)
----------------- Invoking toplevel() on ptolemy.moml.MoMLSimpleApplication@65c8fc02
----------------- Done invoking toplevel() on ptolemy.moml.MoMLSimpleApplication@65c8fc02
reloadAllAccessors: .DateDemo

===========================================================================================
----------------- testing Sun Jul 21 05:06:35 UTC 2019 /home/travis/build/icyphy/ptII/ptolemy/domains/de/test/auto/DateToEvent.xml
----------------- Instantiating /home/travis/build/icyphy/ptII/ptolemy/domains/de/test/auto/DateToEvent.xml
2004 ms. Memory: 48128K Free: 20908K (43%)
----------------- Invoking toplevel() on ptolemy.moml.MoMLSimpleApplication@4fbd346a
----------------- Done invoking toplevel() on ptolemy.moml.MoMLSimpleApplication@4fbd346a
reloadAllAccessors: .DateToEvent

===========================================================================================
----------------- testing Sun Jul 21 05:06:37 UTC 2019 /home/travis/build/icyphy/ptII/ptolemy/domains/de/test/auto/DepthTest1.xml
----------------- Instantiating /home/travis/build/icyphy/ptII/ptolemy/domains/de/test/auto/DepthTest1.xml
1 ms. Memory: 48128K Free: 18097K (38%)
----------------- Invoking toplevel() on ptolemy.moml.MoMLSimpleApplication@5753f387
----------------- Done invoking toplevel() on ptolemy.moml.MoMLSimpleApplication@5753f387
reloadAllAccessors: .DepthTest1

===========================================================================================
----------------- testing Sun Jul 21 05:06:37 UTC 2019 /home/travis/build/icyphy/ptII/ptolemy/domains/de/test/auto/DepthTest2.xml
----------------- Instantiating /home/travis/build/icyphy/ptII/ptolemy/domains/de/test/auto/DepthTest2.xml
2 ms. Memory: 48128K Free: 11678K (24%)
----------------- Invoking toplevel() on ptolemy.moml.MoMLSimpleApplication@63a25ceb
----------------- Done invoking toplevel() on ptolemy.moml.MoMLSimpleApplication@63a25ceb
reloadAllAccessors: .DepthTest2

===========================================================================================
----------------- testing Sun Jul 21 05:06:37 UTC 2019 /home/travis/build/icyphy/ptII/ptolemy/domains/de/test/auto/DepthTest3.xml
----------------- Instantiating /home/travis/build/icyphy/ptII/ptolemy/domains/de/test/auto/DepthTest3.xml
1 ms. Memory: 48128K Free: 8606K (18%)
----------------- Invoking toplevel() on ptolemy.moml.MoMLSimpleApplication@67e466f3
----------------- Done invoking toplevel() on ptolemy.moml.MoMLSimpleApplication@67e466f3
reloadAllAccessors: .DepthTest3

===========================================================================================
----------------- testing Sun Jul 21 05:06:37 UTC 2019 /home/travis/build/icyphy/ptII/ptolemy/domains/de/test/auto/DepthTest4.xml
----------------- Instantiating /home/travis/build/icyphy/ptII/ptolemy/domains/de/test/auto/DepthTest4.xml
1 ms. Memory: 48128K Free: 29820K (62%)
----------------- Invoking toplevel() on ptolemy.moml.MoMLSimpleApplication@3bdcf3d6
----------------- Done invoking toplevel() on ptolemy.moml.MoMLSimpleApplication@3bdcf3d6
reloadAllAccessors: .DepthTest4

===========================================================================================
----------------- testing Sun Jul 21 05:06:37 UTC 2019 /home/travis/build/icyphy/ptII/ptolemy/domains/de/test/auto/DepthTest5.xml
----------------- Instantiating /home/travis/build/icyphy/ptII/ptolemy/domains/de/test/auto/DepthTest5.xml
2 ms. Memory: 48128K Free: 24389K (51%)
----------------- Invoking toplevel() on ptolemy.moml.MoMLSimpleApplication@70c6958c
----------------- Done invoking toplevel() on ptolemy.moml.MoMLSimpleApplication@70c6958c
reloadAllAccessors: .DepthTest5

===========================================================================================
----------------- testing Sun Jul 21 05:06:37 UTC 2019 /home/travis/build/icyphy/ptII/ptolemy/domains/de/test/auto/DepthTest6.xml
----------------- Instantiating /home/travis/build/icyphy/ptII/ptolemy/domains/de/test/auto/DepthTest6.xml
2 ms. Memory: 48128K Free: 19099K (40%)
----------------- Invoking toplevel() on ptolemy.moml.MoMLSimpleApplication@2830911c
----------------- Done invoking toplevel() on ptolemy.moml.MoMLSimpleApplication@2830911c
reloadAllAccessors: .DepthTest6

===========================================================================================
----------------- testing Sun Jul 21 05:06:37 UTC 2019 /home/travis/build/icyphy/ptII/ptolemy/domains/de/test/auto/DepthTest7.xml
----------------- Instantiating /home/travis/build/icyphy/ptII/ptolemy/domains/de/test/auto/DepthTest7.xml
2 ms. Memory: 48128K Free: 14322K (30%)
----------------- Invoking toplevel() on ptolemy.moml.MoMLSimpleApplication@28fdceea
----------------- Done invoking toplevel() on ptolemy.moml.MoMLSimpleApplication@28fdceea
reloadAllAccessors: .DepthTest7

===========================================================================================
----------------- testing Sun Jul 21 05:06:37 UTC 2019 /home/travis/build/icyphy/ptII/ptolemy/domains/de/test/auto/EventToDate.xml
----------------- Instantiating /home/travis/build/icyphy/ptII/ptolemy/domains/de/test/auto/EventToDate.xml
3003 ms. Memory: 48128K Free: 26126K (54%)
----------------- Invoking toplevel() on ptolemy.moml.MoMLSimpleApplication@6ef0e975
----------------- Done invoking toplevel() on ptolemy.moml.MoMLSimpleApplication@6ef0e975
reloadAllAccessors: .EventToDate

===========================================================================================
----------------- testing Sun Jul 21 05:06:40 UTC 2019 /home/travis/build/icyphy/ptII/ptolemy/domains/de/test/auto/FSM1.xml
----------------- Instantiating /home/travis/build/icyphy/ptII/ptolemy/domains/de/test/auto/FSM1.xml
21 ms. Memory: 48128K Free: 14109K (29%)
----------------- Invoking toplevel() on ptolemy.moml.MoMLSimpleApplication@6fd68d36
----------------- Done invoking toplevel() on ptolemy.moml.MoMLSimpleApplication@6fd68d36
reloadAllAccessors: .FSM1

===========================================================================================
----------------- testing Sun Jul 21 05:06:40 UTC 2019 /home/travis/build/icyphy/ptII/ptolemy/domains/de/test/auto/FSM7.xml
----------------- Instantiating /home/travis/build/icyphy/ptII/ptolemy/domains/de/test/auto/FSM7.xml
13 ms. Memory: 48128K Free: 27645K (57%)
----------------- Invoking toplevel() on ptolemy.moml.MoMLSimpleApplication@7904d95
----------------- Done invoking toplevel() on ptolemy.moml.MoMLSimpleApplication@7904d95
reloadAllAccessors: .FSM7

===========================================================================================
----------------- testing Sun Jul 21 05:06:40 UTC 2019 /home/travis/build/icyphy/ptII/ptolemy/domains/de/test/auto/Inspection.xml
----------------- Instantiating /home/travis/build/icyphy/ptII/ptolemy/domains/de/test/auto/Inspection.xml
17 ms. Memory: 48128K Free: 15574K (32%)
----------------- Invoking toplevel() on ptolemy.moml.MoMLSimpleApplication@769e2b88
----------------- Done invoking toplevel() on ptolemy.moml.MoMLSimpleApplication@769e2b88
reloadAllAccessors: .Inspection

===========================================================================================
----------------- testing Sun Jul 21 05:06:40 UTC 2019 /home/travis/build/icyphy/ptII/ptolemy/domains/de/test/auto/Iteration.xml
----------------- Instantiating /home/travis/build/icyphy/ptII/ptolemy/domains/de/test/auto/Iteration.xml
13 ms. Memory: 48128K Free: 8553K (18%)
----------------- Invoking toplevel() on ptolemy.moml.MoMLSimpleApplication@1273c1c5
----------------- Done invoking toplevel() on ptolemy.moml.MoMLSimpleApplication@1273c1c5
reloadAllAccessors: .Iteration

===========================================================================================
----------------- testing Sun Jul 21 05:06:40 UTC 2019 /home/travis/build/icyphy/ptII/ptolemy/domains/de/test/auto/LineFault.xml
----------------- Instantiating /home/travis/build/icyphy/ptII/ptolemy/domains/de/test/auto/LineFault.xml
521 ms. Memory: 58368K Free: 27300K (47%)
----------------- Invoking toplevel() on ptolemy.moml.MoMLSimpleApplication@56af5061
----------------- Done invoking toplevel() on ptolemy.moml.MoMLSimpleApplication@56af5061
reloadAllAccessors: .LineFault

===========================================================================================
----------------- testing Sun Jul 21 05:06:41 UTC 2019 /home/travis/build/icyphy/ptII/ptolemy/domains/de/test/auto/MergeModel1Add.xml
----------------- Instantiating /home/travis/build/icyphy/ptII/ptolemy/domains/de/test/auto/MergeModel1Add.xml
6 ms. Memory: 58368K Free: 36465K (62%)
----------------- Invoking toplevel() on ptolemy.moml.MoMLSimpleApplication@4e5de15d
----------------- Done invoking toplevel() on ptolemy.moml.MoMLSimpleApplication@4e5de15d
reloadAllAccessors: .MergeModel1Add

===========================================================================================
----------------- testing Sun Jul 21 05:06:41 UTC 2019 /home/travis/build/icyphy/ptII/ptolemy/domains/de/test/auto/MergeModel2Add.xml
----------------- Instantiating /home/travis/build/icyphy/ptII/ptolemy/domains/de/test/auto/MergeModel2Add.xml
6 ms. Memory: 58368K Free: 18779K (32%)
----------------- Invoking toplevel() on ptolemy.moml.MoMLSimpleApplication@6a834e22
----------------- Done invoking toplevel() on ptolemy.moml.MoMLSimpleApplication@6a834e22
reloadAllAccessors: .MergeModel2Add

===========================================================================================
----------------- testing Sun Jul 21 05:06:41 UTC 2019 /home/travis/build/icyphy/ptII/ptolemy/domains/de/test/auto/MergeModel3Add.xml
----------------- Instantiating /home/travis/build/icyphy/ptII/ptolemy/domains/de/test/auto/MergeModel3Add.xml
6 ms. Memory: 58368K Free: 28795K (49%)
----------------- Invoking toplevel() on ptolemy.moml.MoMLSimpleApplication@4f578091
----------------- Done invoking toplevel() on ptolemy.moml.MoMLSimpleApplication@4f578091
reloadAllAccessors: .MergeModel3Add

===========================================================================================
----------------- testing Sun Jul 21 05:06:41 UTC 2019 /home/travis/build/icyphy/ptII/ptolemy/domains/de/test/auto/MergeWithoutDiscard.xml
----------------- Instantiating /home/travis/build/icyphy/ptII/ptolemy/domains/de/test/auto/MergeWithoutDiscard.xml
1 ms. Memory: 58368K Free: 24396K (42%)
----------------- Invoking toplevel() on ptolemy.moml.MoMLSimpleApplication@6c7d042b
----------------- Done invoking toplevel() on ptolemy.moml.MoMLSimpleApplication@6c7d042b
reloadAllAccessors: .MergeWithoutDiscard

===========================================================================================
----------------- testing Sun Jul 21 05:06:41 UTC 2019 /home/travis/build/icyphy/ptII/ptolemy/domains/de/test/auto/Modal1.xml
----------------- Instantiating /home/travis/build/icyphy/ptII/ptolemy/domains/de/test/auto/Modal1.xml
13 ms. Memory: 58368K Free: 41133K (70%)
----------------- Invoking toplevel() on ptolemy.moml.MoMLSimpleApplication@f5fd27e
----------------- Done invoking toplevel() on ptolemy.moml.MoMLSimpleApplication@f5fd27e
reloadAllAccessors: .Modal1

===========================================================================================
----------------- testing Sun Jul 21 05:06:41 UTC 2019 /home/travis/build/icyphy/ptII/ptolemy/domains/de/test/auto/Modal2.xml
----------------- Instantiating /home/travis/build/icyphy/ptII/ptolemy/domains/de/test/auto/Modal2.xml
8 ms. Memory: 58368K Free: 28943K (50%)
----------------- Invoking toplevel() on ptolemy.moml.MoMLSimpleApplication@39aabc6c
----------------- Done invoking toplevel() on ptolemy.moml.MoMLSimpleApplication@39aabc6c
reloadAllAccessors: .Modal2

===========================================================================================
----------------- testing Sun Jul 21 05:06:41 UTC 2019 /home/travis/build/icyphy/ptII/ptolemy/domains/de/test/auto/Modal3.xml
----------------- Instantiating /home/travis/build/icyphy/ptII/ptolemy/domains/de/test/auto/Modal3.xml
6 ms. Memory: 58368K Free: 16829K (29%)
----------------- Invoking toplevel() on ptolemy.moml.MoMLSimpleApplication@3ede96f0
----------------- Done invoking toplevel() on ptolemy.moml.MoMLSimpleApplication@3ede96f0
reloadAllAccessors: .Modal3

===========================================================================================
----------------- testing Sun Jul 21 05:06:41 UTC 2019 /home/travis/build/icyphy/ptII/ptolemy/domains/de/test/auto/Modal4.xml
----------------- Instantiating /home/travis/build/icyphy/ptII/ptolemy/domains/de/test/auto/Modal4.xml
10 ms. Memory: 58368K Free: 33690K (58%)
----------------- Invoking toplevel() on ptolemy.moml.MoMLSimpleApplication@ee7a00b
----------------- Done invoking toplevel() on ptolemy.moml.MoMLSimpleApplication@ee7a00b
reloadAllAccessors: .Modal4

===========================================================================================
----------------- testing Sun Jul 21 05:06:41 UTC 2019 /home/travis/build/icyphy/ptII/ptolemy/domains/de/test/auto/Modal5.xml
----------------- Instantiating /home/travis/build/icyphy/ptII/ptolemy/domains/de/test/auto/Modal5.xml
8 ms. Memory: 58368K Free: 20699K (35%)
----------------- Invoking toplevel() on ptolemy.moml.MoMLSimpleApplication@19d27fa
----------------- Done invoking toplevel() on ptolemy.moml.MoMLSimpleApplication@19d27fa
reloadAllAccessors: .Modal5

===========================================================================================
----------------- testing Sun Jul 21 05:06:41 UTC 2019 /home/travis/build/icyphy/ptII/ptolemy/domains/de/test/auto/Modal6.xml
----------------- Instantiating /home/travis/build/icyphy/ptII/ptolemy/domains/de/test/auto/Modal6.xml
23 ms. Memory: 70656K Free: 50517K (71%)
----------------- Invoking toplevel() on ptolemy.moml.MoMLSimpleApplication@1a314e38
----------------- Done invoking toplevel() on ptolemy.moml.MoMLSimpleApplication@1a314e38
reloadAllAccessors: .Modal6

===========================================================================================
----------------- testing Sun Jul 21 05:06:41 UTC 2019 /home/travis/build/icyphy/ptII/ptolemy/domains/de/test/auto/Modal7.xml
----------------- Instantiating /home/travis/build/icyphy/ptII/ptolemy/domains/de/test/auto/Modal7.xml
8 ms. Memory: 70656K Free: 36983K (52%)
----------------- Invoking toplevel() on ptolemy.moml.MoMLSimpleApplication@3e5261c8
----------------- Done invoking toplevel() on ptolemy.moml.MoMLSimpleApplication@3e5261c8
reloadAllAccessors: .Modal7

===========================================================================================
----------------- testing Sun Jul 21 05:06:41 UTC 2019 /home/travis/build/icyphy/ptII/ptolemy/domains/de/test/auto/ModalModel.xml
----------------- Instantiating /home/travis/build/icyphy/ptII/ptolemy/domains/de/test/auto/ModalModel.xml
144 ms. Memory: 70656K Free: 42602K (60%)
----------------- Invoking toplevel() on ptolemy.moml.MoMLSimpleApplication@462202fb
----------------- Done invoking toplevel() on ptolemy.moml.MoMLSimpleApplication@462202fb
reloadAllAccessors: .ModalModel

===========================================================================================
----------------- testing Sun Jul 21 05:06:42 UTC 2019 /home/travis/build/icyphy/ptII/ptolemy/domains/de/test/auto/ModalSource.xml
----------------- Instantiating /home/travis/build/icyphy/ptII/ptolemy/domains/de/test/auto/ModalSource.xml
8 ms. Memory: 70656K Free: 33730K (48%)
----------------- Invoking toplevel() on ptolemy.moml.MoMLSimpleApplication@3b98ebeb
----------------- Done invoking toplevel() on ptolemy.moml.MoMLSimpleApplication@3b98ebeb
reloadAllAccessors: .ModalSource

===========================================================================================
----------------- testing Sun Jul 21 05:06:42 UTC 2019 /home/travis/build/icyphy/ptII/ptolemy/domains/de/test/auto/NonInterruptibleTimerZeroDelay.xml
----------------- Instantiating /home/travis/build/icyphy/ptII/ptolemy/domains/de/test/auto/NonInterruptibleTimerZeroDelay.xml
2 ms. Memory: 70656K Free: 29650K (42%)
----------------- Invoking toplevel() on ptolemy.moml.MoMLSimpleApplication@2146c04
----------------- Done invoking toplevel() on ptolemy.moml.MoMLSimpleApplication@2146c04
reloadAllAccessors: .NonInterruptibleTimerZeroDelay

===========================================================================================
----------------- testing Sun Jul 21 05:06:42 UTC 2019 /home/travis/build/icyphy/ptII/ptolemy/domains/de/test/auto/OpenQueueingNetwork.xml
----------------- Instantiating /home/travis/build/icyphy/ptII/ptolemy/domains/de/test/auto/OpenQueueingNetwork.xml
2421 ms. Memory: 217088K Free: 143174K (66%)
----------------- Invoking toplevel() on ptolemy.moml.MoMLSimpleApplication@6a4d5421
----------------- Done invoking toplevel() on ptolemy.moml.MoMLSimpleApplication@6a4d5421
reloadAllAccessors: .OpenQueueingNetwork

===========================================================================================
----------------- testing Sun Jul 21 05:06:44 UTC 2019 /home/travis/build/icyphy/ptII/ptolemy/domains/de/test/auto/OpenQueuingNetwork.xml
----------------- Instantiating /home/travis/build/icyphy/ptII/ptolemy/domains/de/test/auto/OpenQueuingNetwork.xml
261 ms. Memory: 217088K Free: 196053K (90%)
----------------- Invoking toplevel() on ptolemy.moml.MoMLSimpleApplication@64f49624
----------------- Done invoking toplevel() on ptolemy.moml.MoMLSimpleApplication@64f49624
reloadAllAccessors: .OpenQueuingNetwork

===========================================================================================
----------------- testing Sun Jul 21 05:06:44 UTC 2019 /home/travis/build/icyphy/ptII/ptolemy/domains/de/test/auto/PeriodicSampler.xml
----------------- Instantiating /home/travis/build/icyphy/ptII/ptolemy/domains/de/test/auto/PeriodicSampler.xml
2 ms. Memory: 217088K Free: 191443K (88%)
----------------- Invoking toplevel() on ptolemy.moml.MoMLSimpleApplication@4485b23c
----------------- Done invoking toplevel() on ptolemy.moml.MoMLSimpleApplication@4485b23c
reloadAllAccessors: .PeriodicSampler

===========================================================================================
----------------- testing Sun Jul 21 05:06:44 UTC 2019 /home/travis/build/icyphy/ptII/ptolemy/domains/de/test/auto/PersistentIO.xml
----------------- Instantiating /home/travis/build/icyphy/ptII/ptolemy/domains/de/test/auto/PersistentIO.xml
9 ms. Memory: 217088K Free: 181717K (84%)
----------------- Invoking toplevel() on ptolemy.moml.MoMLSimpleApplication@2b2ec7be
----------------- Done invoking toplevel() on ptolemy.moml.MoMLSimpleApplication@2b2ec7be
reloadAllAccessors: .PersistentIO

===========================================================================================
----------------- testing Sun Jul 21 05:06:44 UTC 2019 /home/travis/build/icyphy/ptII/ptolemy/domains/de/test/auto/PortParameterResetOnInitialize.xml
----------------- Instantiating /home/travis/build/icyphy/ptII/ptolemy/domains/de/test/auto/PortParameterResetOnInitialize.xml
2 ms. Memory: 217088K Free: 177101K (82%)
----------------- Invoking toplevel() on ptolemy.moml.MoMLSimpleApplication@359b5bef
----------------- Done invoking toplevel() on ptolemy.moml.MoMLSimpleApplication@359b5bef
reloadAllAccessors: .PortParameterResetOnInitialize

===========================================================================================
----------------- testing Sun Jul 21 05:06:44 UTC 2019 /home/travis/build/icyphy/ptII/ptolemy/domains/de/test/auto/PortParameterUpdates.xml
----------------- Instantiating /home/travis/build/icyphy/ptII/ptolemy/domains/de/test/auto/PortParameterUpdates.xml
6 ms. Memory: 217088K Free: 170453K (79%)
----------------- Invoking toplevel() on ptolemy.moml.MoMLSimpleApplication@6d54a8bc
----------------- Done invoking toplevel() on ptolemy.moml.MoMLSimpleApplication@6d54a8bc
reloadAllAccessors: .PortParameterUpdates

===========================================================================================
----------------- testing Sun Jul 21 05:06:44 UTC 2019 /home/travis/build/icyphy/ptII/ptolemy/domains/de/test/auto/QueueAndServer.xml
----------------- Instantiating /home/travis/build/icyphy/ptII/ptolemy/domains/de/test/auto/QueueAndServer.xml
5 ms. Memory: 217088K Free: 162771K (75%)
----------------- Invoking toplevel() on ptolemy.moml.MoMLSimpleApplication@781554a3
----------------- Done invoking toplevel() on ptolemy.moml.MoMLSimpleApplication@781554a3
reloadAllAccessors: .QueueAndServer

===========================================================================================
----------------- testing Sun Jul 21 05:06:45 UTC 2019 /home/travis/build/icyphy/ptII/ptolemy/domains/de/test/auto/Records.xml
----------------- Instantiating /home/travis/build/icyphy/ptII/ptolemy/domains/de/test/auto/Records.xml
3 ms. Memory: 217088K Free: 157141K (72%)
----------------- Invoking toplevel() on ptolemy.moml.MoMLSimpleApplication@bf3f328
----------------- Done invoking toplevel() on ptolemy.moml.MoMLSimpleApplication@bf3f328
reloadAllAccessors: .Records

===========================================================================================
----------------- testing Sun Jul 21 05:06:45 UTC 2019 /home/travis/build/icyphy/ptII/ptolemy/domains/de/test/auto/ResetTransitionWithStartTime1.xml
----------------- Instantiating /home/travis/build/icyphy/ptII/ptolemy/domains/de/test/auto/ResetTransitionWithStartTime1.xml
5 ms. Memory: 217088K Free: 148949K (69%)
----------------- Invoking toplevel() on ptolemy.moml.MoMLSimpleApplication@5bf47f3c
----------------- Done invoking toplevel() on ptolemy.moml.MoMLSimpleApplication@5bf47f3c
reloadAllAccessors: .ResetTransitionWithStartTime1

===========================================================================================
----------------- testing Sun Jul 21 05:06:45 UTC 2019 /home/travis/build/icyphy/ptII/ptolemy/domains/de/test/auto/ResetTransitionWithStartTime2.xml
----------------- Instantiating /home/travis/build/icyphy/ptII/ptolemy/domains/de/test/auto/ResetTransitionWithStartTime2.xml
5 ms. Memory: 217088K Free: 140757K (65%)
----------------- Invoking toplevel() on ptolemy.moml.MoMLSimpleApplication@4db69b55
----------------- Done invoking toplevel() on ptolemy.moml.MoMLSimpleApplication@4db69b55
reloadAllAccessors: .ResetTransitionWithStartTime2

===========================================================================================
----------------- testing Sun Jul 21 05:06:45 UTC 2019 /home/travis/build/icyphy/ptII/ptolemy/domains/de/test/auto/ResetTransitionWithStartTime3.xml
----------------- Instantiating /home/travis/build/icyphy/ptII/ptolemy/domains/de/test/auto/ResetTransitionWithStartTime3.xml
4 ms. Memory: 217088K Free: 132565K (61%)
----------------- Invoking toplevel() on ptolemy.moml.MoMLSimpleApplication@64dba6e2
----------------- Done invoking toplevel() on ptolemy.moml.MoMLSimpleApplication@64dba6e2
reloadAllAccessors: .ResetTransitionWithStartTime3

===========================================================================================
----------------- testing Sun Jul 21 05:06:45 UTC 2019 /home/travis/build/icyphy/ptII/ptolemy/domains/de/test/auto/ResetTransitionWithStartTime4.xml
----------------- Instantiating /home/travis/build/icyphy/ptII/ptolemy/domains/de/test/auto/ResetTransitionWithStartTime4.xml
4 ms. Memory: 217088K Free: 124877K (58%)
----------------- Invoking toplevel() on ptolemy.moml.MoMLSimpleApplication@3da5ec5b
----------------- Done invoking toplevel() on ptolemy.moml.MoMLSimpleApplication@3da5ec5b
reloadAllAccessors: .ResetTransitionWithStartTime4

===========================================================================================
----------------- testing Sun Jul 21 05:06:45 UTC 2019 /home/travis/build/icyphy/ptII/ptolemy/domains/de/test/auto/ResettableTimer1.xml
----------------- Instantiating /home/travis/build/icyphy/ptII/ptolemy/domains/de/test/auto/ResettableTimer1.xml
2 ms. Memory: 217088K Free: 120787K (56%)
----------------- Invoking toplevel() on ptolemy.moml.MoMLSimpleApplication@48eaac85
----------------- Done invoking toplevel() on ptolemy.moml.MoMLSimpleApplication@48eaac85
reloadAllAccessors: .ResettableTimer1

===========================================================================================
----------------- testing Sun Jul 21 05:06:45 UTC 2019 /home/travis/build/icyphy/ptII/ptolemy/domains/de/test/auto/ResettableTimer2.xml
----------------- Instantiating /home/travis/build/icyphy/ptII/ptolemy/domains/de/test/auto/ResettableTimer2.xml
1 ms. Memory: 217088K Free: 116677K (54%)
----------------- Invoking toplevel() on ptolemy.moml.MoMLSimpleApplication@1c9ec39d
----------------- Done invoking toplevel() on ptolemy.moml.MoMLSimpleApplication@1c9ec39d
reloadAllAccessors: .ResettableTimer2

===========================================================================================
----------------- testing Sun Jul 21 05:06:45 UTC 2019 /home/travis/build/icyphy/ptII/ptolemy/domains/de/test/auto/ResettableTimer3.xml
----------------- Instantiating /home/travis/build/icyphy/ptII/ptolemy/domains/de/test/auto/ResettableTimer3.xml
1 ms. Memory: 217088K Free: 112595K (52%)
----------------- Invoking toplevel() on ptolemy.moml.MoMLSimpleApplication@19c2dba8
----------------- Done invoking toplevel() on ptolemy.moml.MoMLSimpleApplication@19c2dba8
reloadAllAccessors: .ResettableTimer3

===========================================================================================
----------------- testing Sun Jul 21 05:06:45 UTC 2019 /home/travis/build/icyphy/ptII/ptolemy/domains/de/test/auto/ResettableTimer4.xml
----------------- Instantiating /home/travis/build/icyphy/ptII/ptolemy/domains/de/test/auto/ResettableTimer4.xml
1 ms. Memory: 217088K Free: 108499K (50%)
----------------- Invoking toplevel() on ptolemy.moml.MoMLSimpleApplication@309941ca
----------------- Done invoking toplevel() on ptolemy.moml.MoMLSimpleApplication@309941ca
reloadAllAccessors: .ResettableTimer4

===========================================================================================
----------------- testing Sun Jul 21 05:06:45 UTC 2019 /home/travis/build/icyphy/ptII/ptolemy/domains/de/test/auto/ResettableTimer5.xml
----------------- Instantiating /home/travis/build/icyphy/ptII/ptolemy/domains/de/test/auto/ResettableTimer5.xml
2 ms. Memory: 217088K Free: 103893K (48%)
----------------- Invoking toplevel() on ptolemy.moml.MoMLSimpleApplication@13a69d74
----------------- Done invoking toplevel() on ptolemy.moml.MoMLSimpleApplication@13a69d74
reloadAllAccessors: .ResettableTimer5

===========================================================================================
----------------- testing Sun Jul 21 05:06:45 UTC 2019 /home/travis/build/icyphy/ptII/ptolemy/domains/de/test/auto/ResettableTimer6.xml
----------------- Instantiating /home/travis/build/icyphy/ptII/ptolemy/domains/de/test/auto/ResettableTimer6.xml
1 ms. Memory: 217088K Free: 99283K (46%)
----------------- Invoking toplevel() on ptolemy.moml.MoMLSimpleApplication@69a293c9
----------------- Done invoking toplevel() on ptolemy.moml.MoMLSimpleApplication@69a293c9
reloadAllAccessors: .ResettableTimer6

===========================================================================================
----------------- testing Sun Jul 21 05:06:45 UTC 2019 /home/travis/build/icyphy/ptII/ptolemy/domains/de/test/auto/ServerZeroDelay.xml
----------------- Instantiating /home/travis/build/icyphy/ptII/ptolemy/domains/de/test/auto/ServerZeroDelay.xml
2 ms. Memory: 217088K Free: 95173K (44%)
----------------- Invoking toplevel() on ptolemy.moml.MoMLSimpleApplication@459723fd
----------------- Done invoking toplevel() on ptolemy.moml.MoMLSimpleApplication@459723fd
reloadAllAccessors: .ServerZeroDelay

===========================================================================================
----------------- testing Sun Jul 21 05:06:45 UTC 2019 /home/travis/build/icyphy/ptII/ptolemy/domains/de/test/auto/SmartSender.xml
----------------- Instantiating /home/travis/build/icyphy/ptII/ptolemy/domains/de/test/auto/SmartSender.xml
3001 ms. Memory: 217088K Free: 91091K (42%)
----------------- Invoking toplevel() on ptolemy.moml.MoMLSimpleApplication@afae1b7
----------------- Done invoking toplevel() on ptolemy.moml.MoMLSimpleApplication@afae1b7
reloadAllAccessors: .SmartSender

===========================================================================================
----------------- testing Sun Jul 21 05:06:48 UTC 2019 /home/travis/build/icyphy/ptII/ptolemy/domains/de/test/auto/ThreadedComposite.xml
----------------- Instantiating /home/travis/build/icyphy/ptII/ptolemy/domains/de/test/auto/ThreadedComposite.xml
112 ms. Memory: 217088K Free: 199437K (92%)
----------------- Invoking toplevel() on ptolemy.moml.MoMLSimpleApplication@320719f9
----------------- Done invoking toplevel() on ptolemy.moml.MoMLSimpleApplication@320719f9
reloadAllAccessors: .ThreadedComposite

===========================================================================================
----------------- testing Sun Jul 21 05:06:48 UTC 2019 /home/travis/build/icyphy/ptII/ptolemy/domains/de/test/auto/Time.xml
----------------- Instantiating /home/travis/build/icyphy/ptII/ptolemy/domains/de/test/auto/Time.xml
454 ms. Memory: 217088K Free: 145564K (67%)
----------------- Invoking toplevel() on ptolemy.moml.MoMLSimpleApplication@6fafb4c0
----------------- Done invoking toplevel() on ptolemy.moml.MoMLSimpleApplication@6fafb4c0
reloadAllAccessors: .Time

===========================================================================================
----------------- testing Sun Jul 21 05:06:48 UTC 2019 /home/travis/build/icyphy/ptII/ptolemy/domains/de/test/auto/TimeDelayZeroDelay.xml
----------------- Instantiating /home/travis/build/icyphy/ptII/ptolemy/domains/de/test/auto/TimeDelayZeroDelay.xml
2 ms. Memory: 217088K Free: 141468K (65%)
----------------- Invoking toplevel() on ptolemy.moml.MoMLSimpleApplication@32b40d90
----------------- Done invoking toplevel() on ptolemy.moml.MoMLSimpleApplication@32b40d90
reloadAllAccessors: .TimeDelayZeroDelay

===========================================================================================
----------------- testing Sun Jul 21 05:06:48 UTC 2019 /home/travis/build/icyphy/ptII/ptolemy/domains/de/test/auto/TimerZeroDelay.xml
----------------- Instantiating /home/travis/build/icyphy/ptII/ptolemy/domains/de/test/auto/TimerZeroDelay.xml
2 ms. Memory: 217088K Free: 137342K (63%)
----------------- Invoking toplevel() on ptolemy.moml.MoMLSimpleApplication@4b11bf00
----------------- Done invoking toplevel() on ptolemy.moml.MoMLSimpleApplication@4b11bf00
reloadAllAccessors: .TimerZeroDelay

===========================================================================================
----------------- testing Sun Jul 21 05:06:48 UTC 2019 /home/travis/build/icyphy/ptII/ptolemy/domains/de/test/auto/TimingParadox.xml
----------------- Instantiating /home/travis/build/icyphy/ptII/ptolemy/domains/de/test/auto/TimingParadox.xml
302 ms. Memory: 217088K Free: 197610K (91%)
----------------- Invoking toplevel() on ptolemy.moml.MoMLSimpleApplication@46e3fda2
----------------- Done invoking toplevel() on ptolemy.moml.MoMLSimpleApplication@46e3fda2
reloadAllAccessors: .TimingParadox

===========================================================================================
----------------- testing Sun Jul 21 05:06:49 UTC 2019 /home/travis/build/icyphy/ptII/ptolemy/domains/de/test/auto/TransferInputs.xml
----------------- Instantiating /home/travis/build/icyphy/ptII/ptolemy/domains/de/test/auto/TransferInputs.xml
2 ms. Memory: 217088K Free: 192490K (89%)
----------------- Invoking toplevel() on ptolemy.moml.MoMLSimpleApplication@1a00798e
----------------- Done invoking toplevel() on ptolemy.moml.MoMLSimpleApplication@1a00798e
reloadAllAccessors: .TransferInputs

===========================================================================================
----------------- testing Sun Jul 21 05:06:49 UTC 2019 /home/travis/build/icyphy/ptII/ptolemy/domains/de/test/auto/TransferOutputs2.xml
----------------- Instantiating /home/travis/build/icyphy/ptII/ptolemy/domains/de/test/auto/TransferOutputs2.xml
3 ms. Memory: 217088K Free: 184808K (85%)
----------------- Invoking toplevel() on ptolemy.moml.MoMLSimpleApplication@a6406a6
----------------- Done invoking toplevel() on ptolemy.moml.MoMLSimpleApplication@a6406a6
reloadAllAccessors: .TransferOutputs2

===========================================================================================
----------------- testing Sun Jul 21 05:06:49 UTC 2019 /home/travis/build/icyphy/ptII/ptolemy/domains/de/test/auto/Trilateration.xml
----------------- Instantiating /home/travis/build/icyphy/ptII/ptolemy/domains/de/test/auto/Trilateration.xml
12425 ms. Memory: 477184K Free: 390881K (82%)
----------------- Invoking toplevel() on ptolemy.moml.MoMLSimpleApplication@211a4fd2
----------------- Done invoking toplevel() on ptolemy.moml.MoMLSimpleApplication@211a4fd2
reloadAllAccessors: .Trilateration

===========================================================================================
----------------- testing Sun Jul 21 05:07:02 UTC 2019 /home/travis/build/icyphy/ptII/ptolemy/domains/de/test/auto/TwoSigmaDelta.xml
----------------- Instantiating /home/travis/build/icyphy/ptII/ptolemy/domains/de/test/auto/TwoSigmaDelta.xml
2146 ms. Memory: 477184K Free: 186081K (39%)
----------------- Invoking toplevel() on ptolemy.moml.MoMLSimpleApplication@6733400a
----------------- Done invoking toplevel() on ptolemy.moml.MoMLSimpleApplication@6733400a
reloadAllAccessors: .TwoSigmaDelta

===========================================================================================
----------------- testing Sun Jul 21 05:07:04 UTC 2019 /home/travis/build/icyphy/ptII/ptolemy/domains/de/test/auto/VariableDelay.xml
----------------- Instantiating /home/travis/build/icyphy/ptII/ptolemy/domains/de/test/auto/VariableDelay.xml
1 ms. Memory: 477184K Free: 181441K (38%)
----------------- Invoking toplevel() on ptolemy.moml.MoMLSimpleApplication@2054ffc9
----------------- Done invoking toplevel() on ptolemy.moml.MoMLSimpleApplication@2054ffc9
reloadAllAccessors: .VariableDelay

===========================================================================================
----------------- testing Sun Jul 21 05:07:04 UTC 2019 /home/travis/build/icyphy/ptII/ptolemy/domains/de/test/auto/VariableDelay2.xml
----------------- Instantiating /home/travis/build/icyphy/ptII/ptolemy/domains/de/test/auto/VariableDelay2.xml
1 ms. Memory: 477184K Free: 176865K (37%)
----------------- Invoking toplevel() on ptolemy.moml.MoMLSimpleApplication@293a6246
----------------- Done invoking toplevel() on ptolemy.moml.MoMLSimpleApplication@293a6246
reloadAllAccessors: .VariableDelay2

===========================================================================================
----------------- testing Sun Jul 21 05:07:04 UTC 2019 /home/travis/build/icyphy/ptII/ptolemy/domains/de/test/auto/VariableDelayZeroDelay.xml
----------------- Instantiating /home/travis/build/icyphy/ptII/ptolemy/domains/de/test/auto/VariableDelayZeroDelay.xml
6 ms. Memory: 477184K Free: 172769K (36%)
----------------- Invoking toplevel() on ptolemy.moml.MoMLSimpleApplication@32322618
----------------- Done invoking toplevel() on ptolemy.moml.MoMLSimpleApplication@32322618
reloadAllAccessors: .VariableDelayZeroDelay

===========================================================================================
----------------- testing Sun Jul 21 05:07:04 UTC 2019 /home/travis/build/icyphy/ptII/ptolemy/domains/de/test/auto/VariableDelayZeroDelay2.xml
----------------- Instantiating /home/travis/build/icyphy/ptII/ptolemy/domains/de/test/auto/VariableDelayZeroDelay2.xml
2 ms. Memory: 477184K Free: 168673K (35%)
----------------- Invoking toplevel() on ptolemy.moml.MoMLSimpleApplication@424e1c1f
----------------- Done invoking toplevel() on ptolemy.moml.MoMLSimpleApplication@424e1c1f
reloadAllAccessors: .VariableDelayZeroDelay2

===========================================================================================
----------------- testing Sun Jul 21 05:07:04 UTC 2019 /home/travis/build/icyphy/ptII/ptolemy/domains/de/test/auto/deInCt.xml
----------------- Instantiating /home/travis/build/icyphy/ptII/ptolemy/domains/de/test/auto/deInCt.xml
0
1
1
1
1
0
0
0
0
0
0
0
1
1
1
1
1
1
1
1
4 ms. Memory: 477184K Free: 443610K (93%)
----------------- Invoking toplevel() on ptolemy.moml.MoMLSimpleApplication@739c647f
----------------- Done invoking toplevel() on ptolemy.moml.MoMLSimpleApplication@739c647f
reloadAllAccessors: .deInCt

===========================================================================================
----------------- testing Sun Jul 21 05:07:04 UTC 2019 /home/travis/build/icyphy/ptII/ptolemy/domains/de/test/auto/deInCt2.xml
----------------- Instantiating /home/travis/build/icyphy/ptII/ptolemy/domains/de/test/auto/deInCt2.xml
0
1
1
1
0
0
1
1
1
0
0
1
1
1
0
0
1
1
1
0
0
1
1
1
0
0
1
1
1
0
0
1
1
1
0
0
1
1
1
0
0
0
12 ms. Memory: 477184K Free: 438490K (92%)
----------------- Invoking toplevel() on ptolemy.moml.MoMLSimpleApplication@65954a81
----------------- Done invoking toplevel() on ptolemy.moml.MoMLSimpleApplication@65954a81
reloadAllAccessors: .deInCt2

===========================================================================================
----------------- testing Sun Jul 21 05:07:04 UTC 2019 /home/travis/build/icyphy/ptII/ptolemy/domains/de/test/auto/dynamicCausalityInterface1.xml
----------------- Instantiating /home/travis/build/icyphy/ptII/ptolemy/domains/de/test/auto/dynamicCausalityInterface1.xml
1 ms. Memory: 477184K Free: 429274K (90%)
----------------- Invoking toplevel() on ptolemy.moml.MoMLSimpleApplication@d76869e
----------------- Done invoking toplevel() on ptolemy.moml.MoMLSimpleApplication@d76869e
reloadAllAccessors: .dynamicCausalityInterface1

===========================================================================================
----------------- testing Sun Jul 21 05:07:04 UTC 2019 /home/travis/build/icyphy/ptII/ptolemy/domains/de/test/auto/fsm_de_test.xml
----------------- Instantiating /home/travis/build/icyphy/ptII/ptolemy/domains/de/test/auto/fsm_de_test.xml
5 ms. Memory: 477184K Free: 420058K (88%)
----------------- Invoking toplevel() on ptolemy.moml.MoMLSimpleApplication@583b0673
----------------- Done invoking toplevel() on ptolemy.moml.MoMLSimpleApplication@583b0673
reloadAllAccessors: .fsm_de_test

===========================================================================================
----------------- testing Sun Jul 21 05:07:04 UTC 2019 /home/travis/build/icyphy/ptII/ptolemy/domains/de/test/auto/functionDependencyReconstruction.xml
----------------- Instantiating /home/travis/build/icyphy/ptII/ptolemy/domains/de/test/auto/functionDependencyReconstruction.xml
2 ms. Memory: 477184K Free: 405208K (85%)
----------------- Invoking toplevel() on ptolemy.moml.MoMLSimpleApplication@60957a6
----------------- Done invoking toplevel() on ptolemy.moml.MoMLSimpleApplication@60957a6
reloadAllAccessors: .functionDependencyReconstruction

===========================================================================================
----------------- testing Sun Jul 21 05:07:04 UTC 2019 /home/travis/build/icyphy/ptII/ptolemy/domains/de/test/auto/multirate.xml
----------------- Instantiating /home/travis/build/icyphy/ptII/ptolemy/domains/de/test/auto/multirate.xml
3 ms. Memory: 477184K Free: 398554K (84%)
----------------- Invoking toplevel() on ptolemy.moml.MoMLSimpleApplication@10212975
----------------- Done invoking toplevel() on ptolemy.moml.MoMLSimpleApplication@10212975
reloadAllAccessors: .multirate

===========================================================================================
----------------- testing Sun Jul 21 05:07:04 UTC 2019 /home/travis/build/icyphy/ptII/ptolemy/domains/de/test/auto/multirate2.xml
----------------- Instantiating /home/travis/build/icyphy/ptII/ptolemy/domains/de/test/auto/multirate2.xml
2 ms. Memory: 477184K Free: 391882K (82%)
----------------- Invoking toplevel() on ptolemy.moml.MoMLSimpleApplication@2c3707da
----------------- Done invoking toplevel() on ptolemy.moml.MoMLSimpleApplication@2c3707da
reloadAllAccessors: .multirate2

===========================================================================================
----------------- testing Sun Jul 21 05:07:05 UTC 2019 /home/travis/build/icyphy/ptII/ptolemy/domains/de/test/auto/realtime.xml
----------------- Instantiating /home/travis/build/icyphy/ptII/ptolemy/domains/de/test/auto/realtime.xml
10002 ms. Memory: 477184K Free: 387290K (81%)
----------------- Invoking toplevel() on ptolemy.moml.MoMLSimpleApplication@6bb6959d
----------------- Done invoking toplevel() on ptolemy.moml.MoMLSimpleApplication@6bb6959d
reloadAllAccessors: .realtime

===========================================================================================
----------------- testing Sun Jul 21 05:07:15 UTC 2019 /home/travis/build/icyphy/ptII/ptolemy/domains/de/test/auto/relationGroup.xml
----------------- Instantiating /home/travis/build/icyphy/ptII/ptolemy/domains/de/test/auto/relationGroup.xml
2 ms. Memory: 477184K Free: 383704K (80%)
----------------- Invoking toplevel() on ptolemy.moml.MoMLSimpleApplication@60654e13
----------------- Done invoking toplevel() on ptolemy.moml.MoMLSimpleApplication@60654e13
reloadAllAccessors: .relationGroup

===========================================================================================
----------------- testing Sun Jul 21 05:07:15 UTC 2019 /home/travis/build/icyphy/ptII/ptolemy/domains/de/test/auto/relationGroup2.xml
----------------- Instantiating /home/travis/build/icyphy/ptII/ptolemy/domains/de/test/auto/relationGroup2.xml
1 ms. Memory: 477184K Free: 380122K (80%)
----------------- Invoking toplevel() on ptolemy.moml.MoMLSimpleApplication@647a81d3
----------------- Done invoking toplevel() on ptolemy.moml.MoMLSimpleApplication@647a81d3
reloadAllAccessors: .relationGroup2

===========================================================================================
----------------- testing Sun Jul 21 05:07:15 UTC 2019 /home/travis/build/icyphy/ptII/ptolemy/domains/de/test/auto/sortWithOpaquePorts.xml
----------------- Instantiating /home/travis/build/icyphy/ptII/ptolemy/domains/de/test/auto/sortWithOpaquePorts.xml
2 ms. Memory: 477184K Free: 375482K (79%)
----------------- Invoking toplevel() on ptolemy.moml.MoMLSimpleApplication@219db587
----------------- Done invoking toplevel() on ptolemy.moml.MoMLSimpleApplication@219db587
reloadAllAccessors: .sortWithOpaquePorts

===========================================================================================
----------------- testing Sun Jul 21 05:07:15 UTC 2019 /home/travis/build/icyphy/ptII/ptolemy/domains/de/test/auto/transferInputsandOutputs.xml
----------------- Instantiating /home/travis/build/icyphy/ptII/ptolemy/domains/de/test/auto/transferInputsandOutputs.xml
2 ms. Memory: 477184K Free: 368344K (77%)
----------------- Invoking toplevel() on ptolemy.moml.MoMLSimpleApplication@2be4922b
----------------- Done invoking toplevel() on ptolemy.moml.MoMLSimpleApplication@2be4922b
reloadAllAccessors: .transferInputsandOutputs

===========================================================================================
----------------- testing Sun Jul 21 05:07:15 UTC 2019 /home/travis/build/icyphy/ptII/ptolemy/domains/de/test/auto/triggerType.xml
----------------- Instantiating /home/travis/build/icyphy/ptII/ptolemy/domains/de/test/auto/triggerType.xml
1 ms. Memory: 477184K Free: 364218K (76%)
----------------- Invoking toplevel() on ptolemy.moml.MoMLSimpleApplication@7f32986d
----------------- Done invoking toplevel() on ptolemy.moml.MoMLSimpleApplication@7f32986d
reloadAllAccessors: .triggerType
AutoTests.java: About to close Vertx.
AutoTests.java: Vertx closed.
]]></system-out>
  <system-err><![CDATA[java.lang.RuntimeException: Execution failed
	at ptolemy.moml.MoMLSimpleApplication$UnloadThread.run(MoMLSimpleApplication.java:402)
Caused by: ptolemy.kernel.util.IllegalActionException: Found a zero delay loop containing .dependencyLoop.original
  in .dependencyLoop and .dependencyLoop.original
	at ptolemy.actor.util.CausalityInterfaceForComposites._computeOutputPortDepth(CausalityInterfaceForComposites.java:759)
	at ptolemy.actor.util.CausalityInterfaceForComposites._computeInputDepth(CausalityInterfaceForComposites.java:696)
	at ptolemy.actor.util.CausalityInterfaceForComposites._computeOutputPortDepth(CausalityInterfaceForComposites.java:765)
	at ptolemy.actor.util.CausalityInterfaceForComposites._computeInputDepth(CausalityInterfaceForComposites.java:696)
	at ptolemy.actor.util.CausalityInterfaceForComposites._computeOutputPortDepth(CausalityInterfaceForComposites.java:765)
	at ptolemy.actor.util.CausalityInterfaceForComposites._computeInputDepth(CausalityInterfaceForComposites.java:696)
	at ptolemy.actor.util.CausalityInterfaceForComposites._computeActorDepth(CausalityInterfaceForComposites.java:532)
	at ptolemy.actor.util.CausalityInterfaceForComposites.checkForCycles(CausalityInterfaceForComposites.java:96)
	at ptolemy.domains.de.kernel.DEDirector.preinitialize(DEDirector.java:1338)
	at ptolemy.actor.CompositeActor.preinitialize(CompositeActor.java:1828)
	at ptolemy.actor.Manager.preinitializeAndResolveTypes(Manager.java:1040)
	at ptolemy.actor.Manager.initialize(Manager.java:710)
	at ptolemy.actor.Manager.execute(Manager.java:356)
	at ptolemy.actor.Manager.run(Manager.java:1263)
	at ptolemy.actor.Manager$PtolemyRunThread.run(Manager.java:1933)
java.lang.RuntimeException: Execution failed
	at ptolemy.moml.MoMLSimpleApplication$UnloadThread.run(MoMLSimpleApplication.java:402)
Caused by: ptolemy.kernel.util.IllegalActionException: Found a zero delay loop containing .dependencyLoop2.original
  in .dependencyLoop2 and .dependencyLoop2.original
	at ptolemy.actor.util.CausalityInterfaceForComposites._computeOutputPortDepth(CausalityInterfaceForComposites.java:759)
	at ptolemy.actor.util.CausalityInterfaceForComposites._computeInputDepth(CausalityInterfaceForComposites.java:696)
	at ptolemy.actor.util.CausalityInterfaceForComposites._computeOutputPortDepth(CausalityInterfaceForComposites.java:765)
	at ptolemy.actor.util.CausalityInterfaceForComposites._computeInputDepth(CausalityInterfaceForComposites.java:696)
	at ptolemy.actor.util.CausalityInterfaceForComposites._computeOutputPortDepth(CausalityInterfaceForComposites.java:765)
	at ptolemy.actor.util.CausalityInterfaceForComposites._computeInputDepth(CausalityInterfaceForComposites.java:696)
	at ptolemy.actor.util.CausalityInterfaceForComposites._computeActorDepth(CausalityInterfaceForComposites.java:532)
	at ptolemy.actor.util.CausalityInterfaceForComposites.checkForCycles(CausalityInterfaceForComposites.java:96)
	at ptolemy.domains.de.kernel.DEDirector.preinitialize(DEDirector.java:1338)
	at ptolemy.actor.CompositeActor.preinitialize(CompositeActor.java:1828)
	at ptolemy.actor.Manager.preinitializeAndResolveTypes(Manager.java:1040)
	at ptolemy.actor.Manager.initialize(Manager.java:710)
	at ptolemy.actor.Manager.execute(Manager.java:356)
	at ptolemy.actor.Manager.run(Manager.java:1263)
	at ptolemy.actor.Manager$PtolemyRunThread.run(Manager.java:1933)
java.lang.RuntimeException: Execution failed
	at ptolemy.moml.MoMLSimpleApplication$UnloadThread.run(MoMLSimpleApplication.java:402)
Caused by: ptolemy.kernel.util.IllegalActionException: Test fails in iteration 1.
Value was: 1.0. Should have been: 2.0
  in .DirectFeedback.Test
	at ptolemy.actor.lib.Test.fire(Test.java:268)
	at ptolemy.domains.de.kernel.DEDirector._fire(DEDirector.java:1949)
	at ptolemy.domains.de.kernel.DEDirector.fire(DEDirector.java:502)
	at ptolemy.actor.CompositeActor.fire(CompositeActor.java:455)
	at ptolemy.actor.Manager.iterate(Manager.java:851)
	at ptolemy.actor.Manager.execute(Manager.java:369)
	at ptolemy.actor.Manager.run(Manager.java:1263)
	at ptolemy.actor.Manager$PtolemyRunThread.run(Manager.java:1933)
java.lang.RuntimeException: Execution failed
	at ptolemy.moml.MoMLSimpleApplication$UnloadThread.run(MoMLSimpleApplication.java:402)
Caused by: ptolemy.kernel.util.IllegalActionException: Found a zero delay loop containing .dependencyLoop.original
  in .dependencyLoop and .dependencyLoop.original
	at ptolemy.actor.util.CausalityInterfaceForComposites._computeOutputPortDepth(CausalityInterfaceForComposites.java:759)
	at ptolemy.actor.util.CausalityInterfaceForComposites._computeInputDepth(CausalityInterfaceForComposites.java:696)
	at ptolemy.actor.util.CausalityInterfaceForComposites._computeOutputPortDepth(CausalityInterfaceForComposites.java:765)
	at ptolemy.actor.util.CausalityInterfaceForComposites._computeInputDepth(CausalityInterfaceForComposites.java:696)
	at ptolemy.actor.util.CausalityInterfaceForComposites._computeOutputPortDepth(CausalityInterfaceForComposites.java:765)
	at ptolemy.actor.util.CausalityInterfaceForComposites._computeInputDepth(CausalityInterfaceForComposites.java:696)
	at ptolemy.actor.util.CausalityInterfaceForComposites._computeActorDepth(CausalityInterfaceForComposites.java:532)
	at ptolemy.actor.util.CausalityInterfaceForComposites.checkForCycles(CausalityInterfaceForComposites.java:96)
	at ptolemy.domains.de.kernel.DEDirector.preinitialize(DEDirector.java:1338)
	at ptolemy.actor.CompositeActor.preinitialize(CompositeActor.java:1828)
	at ptolemy.actor.Manager.preinitializeAndResolveTypes(Manager.java:1040)
	at ptolemy.actor.Manager.initialize(Manager.java:710)
	at ptolemy.actor.Manager.execute(Manager.java:356)
	at ptolemy.actor.Manager.run(Manager.java:1263)
	at ptolemy.actor.Manager$PtolemyRunThread.run(Manager.java:1933)
java.lang.RuntimeException: Execution failed
	at ptolemy.moml.MoMLSimpleApplication$UnloadThread.run(MoMLSimpleApplication.java:402)
Caused by: ptolemy.kernel.util.IllegalActionException: Found a zero delay loop containing .HierarchicalModel.A
  in .HierarchicalModel and .HierarchicalModel.A
	at ptolemy.actor.util.CausalityInterfaceForComposites._computeOutputPortDepth(CausalityInterfaceForComposites.java:759)
	at ptolemy.actor.util.CausalityInterfaceForComposites._computeInputDepth(CausalityInterfaceForComposites.java:696)
	at ptolemy.actor.util.CausalityInterfaceForComposites._computeOutputPortDepth(CausalityInterfaceForComposites.java:765)
	at ptolemy.actor.util.CausalityInterfaceForComposites._computeInputDepth(CausalityInterfaceForComposites.java:696)
	at ptolemy.actor.util.CausalityInterfaceForComposites._computeOutputPortDepth(CausalityInterfaceForComposites.java:765)
	at ptolemy.actor.util.CausalityInterfaceForComposites._computeInputDepth(CausalityInterfaceForComposites.java:696)
	at ptolemy.actor.util.CausalityInterfaceForComposites._computeActorDepth(CausalityInterfaceForComposites.java:532)
	at ptolemy.actor.util.CausalityInterfaceForComposites.checkForCycles(CausalityInterfaceForComposites.java:96)
	at ptolemy.domains.de.kernel.DEDirector.preinitialize(DEDirector.java:1338)
	at ptolemy.actor.CompositeActor.preinitialize(CompositeActor.java:1828)
	at ptolemy.actor.Manager.preinitializeAndResolveTypes(Manager.java:1040)
	at ptolemy.actor.Manager.initialize(Manager.java:710)
	at ptolemy.actor.Manager.execute(Manager.java:356)
	at ptolemy.actor.Manager.run(Manager.java:1263)
	at ptolemy.actor.Manager$PtolemyRunThread.run(Manager.java:1933)
java.lang.RuntimeException: Execution failed
	at ptolemy.moml.MoMLSimpleApplication$UnloadThread.run(MoMLSimpleApplication.java:402)
Caused by: ptolemy.kernel.util.IllegalActionException: Found a zero delay loop containing .dependencyLoop2.original
  in .dependencyLoop2 and .dependencyLoop2.original
	at ptolemy.actor.util.CausalityInterfaceForComposites._computeOutputPortDepth(CausalityInterfaceForComposites.java:759)
	at ptolemy.actor.util.CausalityInterfaceForComposites._computeInputDepth(CausalityInterfaceForComposites.java:696)
	at ptolemy.actor.util.CausalityInterfaceForComposites._computeOutputPortDepth(CausalityInterfaceForComposites.java:765)
	at ptolemy.actor.util.CausalityInterfaceForComposites._computeInputDepth(CausalityInterfaceForComposites.java:696)
	at ptolemy.actor.util.CausalityInterfaceForComposites._computeOutputPortDepth(CausalityInterfaceForComposites.java:765)
	at ptolemy.actor.util.CausalityInterfaceForComposites._computeInputDepth(CausalityInterfaceForComposites.java:696)
	at ptolemy.actor.util.CausalityInterfaceForComposites._computeActorDepth(CausalityInterfaceForComposites.java:532)
	at ptolemy.actor.util.CausalityInterfaceForComposites.checkForCycles(CausalityInterfaceForComposites.java:96)
	at ptolemy.domains.de.kernel.DEDirector.preinitialize(DEDirector.java:1338)
	at ptolemy.actor.CompositeActor.preinitialize(CompositeActor.java:1828)
	at ptolemy.actor.Manager.preinitializeAndResolveTypes(Manager.java:1040)
	at ptolemy.actor.Manager.initialize(Manager.java:710)
	at ptolemy.actor.Manager.execute(Manager.java:356)
	at ptolemy.actor.Manager.run(Manager.java:1263)
	at ptolemy.actor.Manager$PtolemyRunThread.run(Manager.java:1933)
java.lang.RuntimeException: Execution failed
	at ptolemy.moml.MoMLSimpleApplication$UnloadThread.run(MoMLSimpleApplication.java:402)
Caused by: ptolemy.kernel.util.IllegalActionException: Actor is not ready to fire.  Perhaps UpSample.prefire() returned false? Try debugging the actor by selecting "Listen to Actor".  Also, for SDF check moml for tokenConsumptionRate on input.
  in .DESDFClockTest.Play Bell.Copy1:SDF Director and .DESDFClockTest.Play Bell.UpSample
	at ptolemy.actor.sched.StaticSchedulingDirector.fire(StaticSchedulingDirector.java:227)
	at ptolemy.domains.sdf.kernel.SDFDirector.fire(SDFDirector.java:500)
	at ptolemy.actor.CompositeActor.fire(CompositeActor.java:455)
	at ptolemy.domains.de.kernel.DEDirector._fire(DEDirector.java:1949)
	at ptolemy.domains.de.kernel.DEDirector.fire(DEDirector.java:502)
	at ptolemy.actor.CompositeActor.fire(CompositeActor.java:455)
	at ptolemy.actor.Manager.iterate(Manager.java:851)
	at ptolemy.actor.Manager.execute(Manager.java:369)
	at ptolemy.actor.Manager.run(Manager.java:1263)
	at ptolemy.actor.Manager$PtolemyRunThread.run(Manager.java:1933)
java.lang.RuntimeException: Execution failed
	at ptolemy.moml.MoMLSimpleApplication$UnloadThread.run(MoMLSimpleApplication.java:402)
Caused by: ptolemy.kernel.util.IllegalActionException: Actor is not ready to fire.  Perhaps UpSample.prefire() returned false? Try debugging the actor by selecting "Listen to Actor".  Also, for SDF check moml for tokenConsumptionRate on input.
  in .DESDFClockTest.Play Bell.Copy1:SDF Director and .DESDFClockTest.Play Bell.UpSample
	at ptolemy.actor.sched.StaticSchedulingDirector.fire(StaticSchedulingDirector.java:227)
	at ptolemy.domains.sdf.kernel.SDFDirector.fire(SDFDirector.java:500)
	at ptolemy.actor.CompositeActor.fire(CompositeActor.java:455)
	at ptolemy.domains.de.kernel.DEDirector._fire(DEDirector.java:1949)
	at ptolemy.domains.de.kernel.DEDirector.fire(DEDirector.java:502)
	at ptolemy.actor.CompositeActor.fire(CompositeActor.java:455)
	at ptolemy.actor.Manager.iterate(Manager.java:851)
	at ptolemy.actor.Manager.execute(Manager.java:369)
	at ptolemy.actor.Manager.run(Manager.java:1263)
	at ptolemy.actor.Manager$PtolemyRunThread.run(Manager.java:1933)
java.lang.reflect.InvocationTargetException
	at java.base/jdk.internal.reflect.NativeConstructorAccessorImpl.newInstance0(Native Method)
	at java.base/jdk.internal.reflect.NativeConstructorAccessorImpl.newInstance(NativeConstructorAccessorImpl.java:62)
	at java.base/jdk.internal.reflect.DelegatingConstructorAccessorImpl.newInstance(DelegatingConstructorAccessorImpl.java:45)
	at java.base/java.lang.reflect.Constructor.newInstance(Constructor.java:490)
	at ptolemy.util.test.junit.AutoKnownFailedTests.RunModel(AutoKnownFailedTests.java:105)
	at java.base/jdk.internal.reflect.NativeMethodAccessorImpl.invoke0(Native Method)
	at java.base/jdk.internal.reflect.NativeMethodAccessorImpl.invoke(NativeMethodAccessorImpl.java:62)
	at java.base/jdk.internal.reflect.DelegatingMethodAccessorImpl.invoke(DelegatingMethodAccessorImpl.java:43)
	at java.base/java.lang.reflect.Method.invoke(Method.java:566)
	at org.junit.runners.model.FrameworkMethod$1.runReflectiveCall(FrameworkMethod.java:44)
	at org.junit.internal.runners.model.ReflectiveCallable.run(ReflectiveCallable.java:15)
	at org.junit.runners.model.FrameworkMethod.invokeExplosively(FrameworkMethod.java:41)
	at junitparams.internal.InvokeParameterisedMethod.evaluate(InvokeParameterisedMethod.java:102)
	at org.junit.internal.runners.statements.FailOnTimeout$1.run(FailOnTimeout.java:28)
Caused by: ptolemy.kernel.util.IllegalActionException: Actor is not ready to fire.  Perhaps UpSample.prefire() returned false? Try debugging the actor by selecting "Listen to Actor".  Also, for SDF check moml for tokenConsumptionRate on input.
  in .DESDFClockTest.Play Bell.Copy1:SDF Director and .DESDFClockTest.Play Bell.UpSample
	at ptolemy.actor.sched.StaticSchedulingDirector.fire(StaticSchedulingDirector.java:227)
	at ptolemy.domains.sdf.kernel.SDFDirector.fire(SDFDirector.java:500)
	at ptolemy.actor.CompositeActor.fire(CompositeActor.java:455)
	at ptolemy.domains.de.kernel.DEDirector._fire(DEDirector.java:1949)
	at ptolemy.domains.de.kernel.DEDirector.fire(DEDirector.java:502)
	at ptolemy.actor.CompositeActor.fire(CompositeActor.java:455)
	at ptolemy.actor.Manager.iterate(Manager.java:851)
	at ptolemy.actor.Manager.execute(Manager.java:369)
	at ptolemy.actor.Manager.run(Manager.java:1263)
	at ptolemy.actor.Manager$PtolemyRunThread.run(Manager.java:1933)
java.lang.RuntimeException: Execution failed
	at ptolemy.moml.MoMLSimpleApplication$UnloadThread.run(MoMLSimpleApplication.java:402)
Caused by: ptolemy.kernel.util.IllegalActionException: Test fails in iteration 1.
Value was: 1.0. Should have been: 2.0
  in .DirectFeedback.Test
	at ptolemy.actor.lib.Test.fire(Test.java:268)
	at ptolemy.domains.de.kernel.DEDirector._fire(DEDirector.java:1949)
	at ptolemy.domains.de.kernel.DEDirector.fire(DEDirector.java:502)
	at ptolemy.actor.CompositeActor.fire(CompositeActor.java:455)
	at ptolemy.actor.Manager.iterate(Manager.java:851)
	at ptolemy.actor.Manager.execute(Manager.java:369)
	at ptolemy.actor.Manager.run(Manager.java:1263)
	at ptolemy.actor.Manager$PtolemyRunThread.run(Manager.java:1933)
java.lang.reflect.InvocationTargetException
	at java.base/jdk.internal.reflect.NativeConstructorAccessorImpl.newInstance0(Native Method)
	at java.base/jdk.internal.reflect.NativeConstructorAccessorImpl.newInstance(NativeConstructorAccessorImpl.java:62)
	at java.base/jdk.internal.reflect.DelegatingConstructorAccessorImpl.newInstance(DelegatingConstructorAccessorImpl.java:45)
	at java.base/java.lang.reflect.Constructor.newInstance(Constructor.java:490)
	at ptolemy.util.test.junit.AutoKnownFailedTests.RunModel(AutoKnownFailedTests.java:105)
	at java.base/jdk.internal.reflect.NativeMethodAccessorImpl.invoke0(Native Method)
	at java.base/jdk.internal.reflect.NativeMethodAccessorImpl.invoke(NativeMethodAccessorImpl.java:62)
	at java.base/jdk.internal.reflect.DelegatingMethodAccessorImpl.invoke(DelegatingMethodAccessorImpl.java:43)
	at java.base/java.lang.reflect.Method.invoke(Method.java:566)
	at org.junit.runners.model.FrameworkMethod$1.runReflectiveCall(FrameworkMethod.java:44)
	at org.junit.internal.runners.model.ReflectiveCallable.run(ReflectiveCallable.java:15)
	at org.junit.runners.model.FrameworkMethod.invokeExplosively(FrameworkMethod.java:41)
	at junitparams.internal.InvokeParameterisedMethod.evaluate(InvokeParameterisedMethod.java:102)
	at org.junit.internal.runners.statements.FailOnTimeout$1.run(FailOnTimeout.java:28)
Caused by: ptolemy.kernel.util.IllegalActionException: Test fails in iteration 1.
Value was: 1.0. Should have been: 2.0
  in .DirectFeedback.Test
	at ptolemy.actor.lib.Test.fire(Test.java:268)
	at ptolemy.domains.de.kernel.DEDirector._fire(DEDirector.java:1949)
	at ptolemy.domains.de.kernel.DEDirector.fire(DEDirector.java:502)
	at ptolemy.actor.CompositeActor.fire(CompositeActor.java:455)
	at ptolemy.actor.Manager.iterate(Manager.java:851)
	at ptolemy.actor.Manager.execute(Manager.java:369)
	at ptolemy.actor.Manager.run(Manager.java:1263)
	at ptolemy.actor.Manager$PtolemyRunThread.run(Manager.java:1933)
java.lang.RuntimeException: Execution failed
	at ptolemy.moml.MoMLSimpleApplication$UnloadThread.run(MoMLSimpleApplication.java:402)
Caused by: ptolemy.kernel.util.IllegalActionException: Found a zero delay loop containing .HierarchicalModel.A
  in .HierarchicalModel and .HierarchicalModel.A
	at ptolemy.actor.util.CausalityInterfaceForComposites._computeOutputPortDepth(CausalityInterfaceForComposites.java:759)
	at ptolemy.actor.util.CausalityInterfaceForComposites._computeInputDepth(CausalityInterfaceForComposites.java:696)
	at ptolemy.actor.util.CausalityInterfaceForComposites._computeOutputPortDepth(CausalityInterfaceForComposites.java:765)
	at ptolemy.actor.util.CausalityInterfaceForComposites._computeInputDepth(CausalityInterfaceForComposites.java:696)
	at ptolemy.actor.util.CausalityInterfaceForComposites._computeOutputPortDepth(CausalityInterfaceForComposites.java:765)
	at ptolemy.actor.util.CausalityInterfaceForComposites._computeInputDepth(CausalityInterfaceForComposites.java:696)
	at ptolemy.actor.util.CausalityInterfaceForComposites._computeActorDepth(CausalityInterfaceForComposites.java:532)
	at ptolemy.actor.util.CausalityInterfaceForComposites.checkForCycles(CausalityInterfaceForComposites.java:96)
	at ptolemy.domains.de.kernel.DEDirector.preinitialize(DEDirector.java:1338)
	at ptolemy.actor.CompositeActor.preinitialize(CompositeActor.java:1828)
	at ptolemy.actor.Manager.preinitializeAndResolveTypes(Manager.java:1040)
	at ptolemy.actor.Manager.initialize(Manager.java:710)
	at ptolemy.actor.Manager.execute(Manager.java:356)
	at ptolemy.actor.Manager.run(Manager.java:1263)
	at ptolemy.actor.Manager$PtolemyRunThread.run(Manager.java:1933)
java.lang.reflect.InvocationTargetException
	at java.base/jdk.internal.reflect.NativeConstructorAccessorImpl.newInstance0(Native Method)
	at java.base/jdk.internal.reflect.NativeConstructorAccessorImpl.newInstance(NativeConstructorAccessorImpl.java:62)
	at java.base/jdk.internal.reflect.DelegatingConstructorAccessorImpl.newInstance(DelegatingConstructorAccessorImpl.java:45)
	at java.base/java.lang.reflect.Constructor.newInstance(Constructor.java:490)
	at ptolemy.util.test.junit.AutoKnownFailedTests.RunModel(AutoKnownFailedTests.java:105)
	at java.base/jdk.internal.reflect.NativeMethodAccessorImpl.invoke0(Native Method)
	at java.base/jdk.internal.reflect.NativeMethodAccessorImpl.invoke(NativeMethodAccessorImpl.java:62)
	at java.base/jdk.internal.reflect.DelegatingMethodAccessorImpl.invoke(DelegatingMethodAccessorImpl.java:43)
	at java.base/java.lang.reflect.Method.invoke(Method.java:566)
	at org.junit.runners.model.FrameworkMethod$1.runReflectiveCall(FrameworkMethod.java:44)
	at org.junit.internal.runners.model.ReflectiveCallable.run(ReflectiveCallable.java:15)
	at org.junit.runners.model.FrameworkMethod.invokeExplosively(FrameworkMethod.java:41)
	at junitparams.internal.InvokeParameterisedMethod.evaluate(InvokeParameterisedMethod.java:102)
	at org.junit.internal.runners.statements.FailOnTimeout$1.run(FailOnTimeout.java:28)
Caused by: ptolemy.kernel.util.IllegalActionException: Found a zero delay loop containing .HierarchicalModel.A
  in .HierarchicalModel and .HierarchicalModel.A
	at ptolemy.actor.util.CausalityInterfaceForComposites._computeOutputPortDepth(CausalityInterfaceForComposites.java:759)
	at ptolemy.actor.util.CausalityInterfaceForComposites._computeInputDepth(CausalityInterfaceForComposites.java:696)
	at ptolemy.actor.util.CausalityInterfaceForComposites._computeOutputPortDepth(CausalityInterfaceForComposites.java:765)
	at ptolemy.actor.util.CausalityInterfaceForComposites._computeInputDepth(CausalityInterfaceForComposites.java:696)
	at ptolemy.actor.util.CausalityInterfaceForComposites._computeOutputPortDepth(CausalityInterfaceForComposites.java:765)
	at ptolemy.actor.util.CausalityInterfaceForComposites._computeInputDepth(CausalityInterfaceForComposites.java:696)
	at ptolemy.actor.util.CausalityInterfaceForComposites._computeActorDepth(CausalityInterfaceForComposites.java:532)
	at ptolemy.actor.util.CausalityInterfaceForComposites.checkForCycles(CausalityInterfaceForComposites.java:96)
	at ptolemy.domains.de.kernel.DEDirector.preinitialize(DEDirector.java:1338)
	at ptolemy.actor.CompositeActor.preinitialize(CompositeActor.java:1828)
	at ptolemy.actor.Manager.preinitializeAndResolveTypes(Manager.java:1040)
	at ptolemy.actor.Manager.initialize(Manager.java:710)
	at ptolemy.actor.Manager.execute(Manager.java:356)
	at ptolemy.actor.Manager.run(Manager.java:1263)
	at ptolemy.actor.Manager$PtolemyRunThread.run(Manager.java:1933)
java.lang.RuntimeException: Execution failed
	at ptolemy.moml.MoMLSimpleApplication$UnloadThread.run(MoMLSimpleApplication.java:402)
Caused by: ptolemy.kernel.util.IllegalActionException: Found a zero delay loop containing .dependencyLoop.original
  in .dependencyLoop and .dependencyLoop.original
	at ptolemy.actor.util.CausalityInterfaceForComposites._computeOutputPortDepth(CausalityInterfaceForComposites.java:759)
	at ptolemy.actor.util.CausalityInterfaceForComposites._computeInputDepth(CausalityInterfaceForComposites.java:696)
	at ptolemy.actor.util.CausalityInterfaceForComposites._computeOutputPortDepth(CausalityInterfaceForComposites.java:765)
	at ptolemy.actor.util.CausalityInterfaceForComposites._computeInputDepth(CausalityInterfaceForComposites.java:696)
	at ptolemy.actor.util.CausalityInterfaceForComposites._computeOutputPortDepth(CausalityInterfaceForComposites.java:765)
	at ptolemy.actor.util.CausalityInterfaceForComposites._computeInputDepth(CausalityInterfaceForComposites.java:696)
	at ptolemy.actor.util.CausalityInterfaceForComposites._computeActorDepth(CausalityInterfaceForComposites.java:532)
	at ptolemy.actor.util.CausalityInterfaceForComposites.checkForCycles(CausalityInterfaceForComposites.java:96)
	at ptolemy.domains.de.kernel.DEDirector.preinitialize(DEDirector.java:1338)
	at ptolemy.actor.CompositeActor.preinitialize(CompositeActor.java:1828)
	at ptolemy.actor.Manager.preinitializeAndResolveTypes(Manager.java:1040)
	at ptolemy.actor.Manager.initialize(Manager.java:710)
	at ptolemy.actor.Manager.execute(Manager.java:356)
	at ptolemy.actor.Manager.run(Manager.java:1263)
	at ptolemy.actor.Manager$PtolemyRunThread.run(Manager.java:1933)
java.lang.reflect.InvocationTargetException
	at java.base/jdk.internal.reflect.NativeConstructorAccessorImpl.newInstance0(Native Method)
	at java.base/jdk.internal.reflect.NativeConstructorAccessorImpl.newInstance(NativeConstructorAccessorImpl.java:62)
	at java.base/jdk.internal.reflect.DelegatingConstructorAccessorImpl.newInstance(DelegatingConstructorAccessorImpl.java:45)
	at java.base/java.lang.reflect.Constructor.newInstance(Constructor.java:490)
	at ptolemy.util.test.junit.AutoKnownFailedTests.RunModel(AutoKnownFailedTests.java:105)
	at java.base/jdk.internal.reflect.NativeMethodAccessorImpl.invoke0(Native Method)
	at java.base/jdk.internal.reflect.NativeMethodAccessorImpl.invoke(NativeMethodAccessorImpl.java:62)
	at java.base/jdk.internal.reflect.DelegatingMethodAccessorImpl.invoke(DelegatingMethodAccessorImpl.java:43)
	at java.base/java.lang.reflect.Method.invoke(Method.java:566)
	at org.junit.runners.model.FrameworkMethod$1.runReflectiveCall(FrameworkMethod.java:44)
	at org.junit.internal.runners.model.ReflectiveCallable.run(ReflectiveCallable.java:15)
	at org.junit.runners.model.FrameworkMethod.invokeExplosively(FrameworkMethod.java:41)
	at junitparams.internal.InvokeParameterisedMethod.evaluate(InvokeParameterisedMethod.java:102)
	at org.junit.internal.runners.statements.FailOnTimeout$1.run(FailOnTimeout.java:28)
Caused by: ptolemy.kernel.util.IllegalActionException: Found a zero delay loop containing .dependencyLoop.original
  in .dependencyLoop and .dependencyLoop.original
	at ptolemy.actor.util.CausalityInterfaceForComposites._computeOutputPortDepth(CausalityInterfaceForComposites.java:759)
	at ptolemy.actor.util.CausalityInterfaceForComposites._computeInputDepth(CausalityInterfaceForComposites.java:696)
	at ptolemy.actor.util.CausalityInterfaceForComposites._computeOutputPortDepth(CausalityInterfaceForComposites.java:765)
	at ptolemy.actor.util.CausalityInterfaceForComposites._computeInputDepth(CausalityInterfaceForComposites.java:696)
	at ptolemy.actor.util.CausalityInterfaceForComposites._computeOutputPortDepth(CausalityInterfaceForComposites.java:765)
	at ptolemy.actor.util.CausalityInterfaceForComposites._computeInputDepth(CausalityInterfaceForComposites.java:696)
	at ptolemy.actor.util.CausalityInterfaceForComposites._computeActorDepth(CausalityInterfaceForComposites.java:532)
	at ptolemy.actor.util.CausalityInterfaceForComposites.checkForCycles(CausalityInterfaceForComposites.java:96)
	at ptolemy.domains.de.kernel.DEDirector.preinitialize(DEDirector.java:1338)
	at ptolemy.actor.CompositeActor.preinitialize(CompositeActor.java:1828)
	at ptolemy.actor.Manager.preinitializeAndResolveTypes(Manager.java:1040)
	at ptolemy.actor.Manager.initialize(Manager.java:710)
	at ptolemy.actor.Manager.execute(Manager.java:356)
	at ptolemy.actor.Manager.run(Manager.java:1263)
	at ptolemy.actor.Manager$PtolemyRunThread.run(Manager.java:1933)
java.lang.RuntimeException: Execution failed
	at ptolemy.moml.MoMLSimpleApplication$UnloadThread.run(MoMLSimpleApplication.java:402)
Caused by: ptolemy.kernel.util.IllegalActionException: Found a zero delay loop containing .dependencyLoop2.original
  in .dependencyLoop2 and .dependencyLoop2.original
	at ptolemy.actor.util.CausalityInterfaceForComposites._computeOutputPortDepth(CausalityInterfaceForComposites.java:759)
	at ptolemy.actor.util.CausalityInterfaceForComposites._computeInputDepth(CausalityInterfaceForComposites.java:696)
	at ptolemy.actor.util.CausalityInterfaceForComposites._computeOutputPortDepth(CausalityInterfaceForComposites.java:765)
	at ptolemy.actor.util.CausalityInterfaceForComposites._computeInputDepth(CausalityInterfaceForComposites.java:696)
	at ptolemy.actor.util.CausalityInterfaceForComposites._computeOutputPortDepth(CausalityInterfaceForComposites.java:765)
	at ptolemy.actor.util.CausalityInterfaceForComposites._computeInputDepth(CausalityInterfaceForComposites.java:696)
	at ptolemy.actor.util.CausalityInterfaceForComposites._computeActorDepth(CausalityInterfaceForComposites.java:532)
	at ptolemy.actor.util.CausalityInterfaceForComposites.checkForCycles(CausalityInterfaceForComposites.java:96)
	at ptolemy.domains.de.kernel.DEDirector.preinitialize(DEDirector.java:1338)
	at ptolemy.actor.CompositeActor.preinitialize(CompositeActor.java:1828)
	at ptolemy.actor.Manager.preinitializeAndResolveTypes(Manager.java:1040)
	at ptolemy.actor.Manager.initialize(Manager.java:710)
	at ptolemy.actor.Manager.execute(Manager.java:356)
	at ptolemy.actor.Manager.run(Manager.java:1263)
	at ptolemy.actor.Manager$PtolemyRunThread.run(Manager.java:1933)
java.lang.reflect.InvocationTargetException
	at java.base/jdk.internal.reflect.NativeConstructorAccessorImpl.newInstance0(Native Method)
	at java.base/jdk.internal.reflect.NativeConstructorAccessorImpl.newInstance(NativeConstructorAccessorImpl.java:62)
	at java.base/jdk.internal.reflect.DelegatingConstructorAccessorImpl.newInstance(DelegatingConstructorAccessorImpl.java:45)
	at java.base/java.lang.reflect.Constructor.newInstance(Constructor.java:490)
	at ptolemy.util.test.junit.AutoKnownFailedTests.RunModel(AutoKnownFailedTests.java:105)
	at java.base/jdk.internal.reflect.NativeMethodAccessorImpl.invoke0(Native Method)
	at java.base/jdk.internal.reflect.NativeMethodAccessorImpl.invoke(NativeMethodAccessorImpl.java:62)
	at java.base/jdk.internal.reflect.DelegatingMethodAccessorImpl.invoke(DelegatingMethodAccessorImpl.java:43)
	at java.base/java.lang.reflect.Method.invoke(Method.java:566)
	at org.junit.runners.model.FrameworkMethod$1.runReflectiveCall(FrameworkMethod.java:44)
	at org.junit.internal.runners.model.ReflectiveCallable.run(ReflectiveCallable.java:15)
	at org.junit.runners.model.FrameworkMethod.invokeExplosively(FrameworkMethod.java:41)
	at junitparams.internal.InvokeParameterisedMethod.evaluate(InvokeParameterisedMethod.java:102)
	at org.junit.internal.runners.statements.FailOnTimeout$1.run(FailOnTimeout.java:28)
Caused by: ptolemy.kernel.util.IllegalActionException: Found a zero delay loop containing .dependencyLoop2.original
  in .dependencyLoop2 and .dependencyLoop2.original
	at ptolemy.actor.util.CausalityInterfaceForComposites._computeOutputPortDepth(CausalityInterfaceForComposites.java:759)
	at ptolemy.actor.util.CausalityInterfaceForComposites._computeInputDepth(CausalityInterfaceForComposites.java:696)
	at ptolemy.actor.util.CausalityInterfaceForComposites._computeOutputPortDepth(CausalityInterfaceForComposites.java:765)
	at ptolemy.actor.util.CausalityInterfaceForComposites._computeInputDepth(CausalityInterfaceForComposites.java:696)
	at ptolemy.actor.util.CausalityInterfaceForComposites._computeOutputPortDepth(CausalityInterfaceForComposites.java:765)
	at ptolemy.actor.util.CausalityInterfaceForComposites._computeInputDepth(CausalityInterfaceForComposites.java:696)
	at ptolemy.actor.util.CausalityInterfaceForComposites._computeActorDepth(CausalityInterfaceForComposites.java:532)
	at ptolemy.actor.util.CausalityInterfaceForComposites.checkForCycles(CausalityInterfaceForComposites.java:96)
	at ptolemy.domains.de.kernel.DEDirector.preinitialize(DEDirector.java:1338)
	at ptolemy.actor.CompositeActor.preinitialize(CompositeActor.java:1828)
	at ptolemy.actor.Manager.preinitializeAndResolveTypes(Manager.java:1040)
	at ptolemy.actor.Manager.initialize(Manager.java:710)
	at ptolemy.actor.Manager.execute(Manager.java:356)
	at ptolemy.actor.Manager.run(Manager.java:1263)
	at ptolemy.actor.Manager$PtolemyRunThread.run(Manager.java:1933)
]]></system-err>
</testsuite>
