<?xml version="1.0" encoding="UTF-8" ?>
<testsuite errors="0" failures="0" hostname="travis-job-f081e4de-4315-49d7-8ab3-e72f0748af20" name="ptolemy.domains.de.test.junit.JUnitTclTest" skipped="0" tests="101" time="126.138" timestamp="2018-06-05T16:48:30">
  <properties>
    <property name="npm.executable" value="npm" />
    <property name="file.encoding.pkg" value="sun.io" />
    <property name="ptII.mk.exists" value="true" />
    <property name="env.rvm_bin_path" value="/home/travis/.rvm/bin" />
    <property name="java.home" value="/usr/lib/jvm/java-8-oracle/jre" />
    <property name="env.TRAVIS_JOB_NUMBER" value="522.8" />
    <property name="env.DISPLAY" value=":99.0" />
    <property name="java.net.preferIPv4Stack" value="true" />
    <property name="env.SSH_TTY" value="/dev/pts/0" />
    <property name="env.RUN_TESTS" value="true" />
    <property name="timeout.short" value="1000000" />
    <property name="env.TRAVIS_STACK_NODE_ATTRIBUTES" value="/.node-attributes.yml" />
    <property name="junit.formatter" value="xml" />
    <property name="java.endorsed.dirs" value="/usr/lib/jvm/java-8-oracle/jre/lib/endorsed" />
    <property name="env.TRAVIS_SUDO" value="true" />
    <property name="env.LOGNAME" value="travis" />
    <property name="jsdoc.home" value="node_modules/@terraswarm/jsdoc" />
    <property name="debuglevel" value="source,lines,vars" />
    <property name="checkstyle.formatter" value="xml" />
    <property name="bin.vergil.makeable" value="true" />
    <property name="env._system_version" value="14.04" />
    <property name="sun.os.patch.level" value="unknown" />
    <property name="java.vendor.url" value="http://java.oracle.com/" />
    <property name="java.version" value="1.8.0_151" />
    <property name="env.TZ" value="UTC" />
    <property name="env.PT_NO_NET" value="true" />
    <property name="env.TRAVIS_PULL_REQUEST_SHA" value="" />
    <property name="env.TRAVIS_SECURE_ENV_VARS" value="true" />
    <property name="env._system_type" value="Linux" />
    <property name="java.vendor.url.bug" value="http://bugreport.sun.com/bugreport/" />
    <property name="env.SSH_CLIENT" value="10.10.16.9 41730 22" />
    <property name="npmjs-org-is-up" value="true" />
    <property name="env.GEM_HOME" value="/home/travis/.rvm/gems/ruby-2.4.1" />
    <property name="env.HAS_ANTARES_THREE_LITTLE_FRONZIES_BADGE" value="true" />
    <property name="env.PS4" value="+" />
    <property name="ant.project.invoked-targets" value="build,test.core2.xml" />
    <property name="env.TRAVIS_PULL_REQUEST_BRANCH" value="" />
    <property name="env.TRAVIS_REPO_SLUG" value="icyphy/ptII" />
    <property name="node.in.path" value="true" />
    <property name="java.maxmemory" value="1400m" />
    <property name="env.RUBY_VERSION" value="ruby-2.4.1" />
    <property name="user.name" value="travis" />
    <property name="env.LANG" value="en_US.UTF-8" />
    <property name="sun.io.unicode.encoding" value="UnicodeLittle" />
    <property name="sun.jnu.encoding" value="UTF-8" />
    <property name="java.runtime.name" value="Java(TM) SE Runtime Environment" />
    <property name="usefile" value="false" />
    <property name="return.code" value="0" />
    <property name="junit.single.formatter" value="plain" />
    <property name="env.DYLD_LIBRARY_PATH" value="/home/travis/pthla/certi-tools/lib:" />
    <property name="env.DEBIAN_FRONTEND" value="noninteractive" />
    <property name="env.SSH_CONNECTION" value="10.10.16.9 41730 10.20.0.29 22" />
    <property name="env.MYSQL_UNIX_PORT" value="/var/run/mysqld/mysqld.sock" />
    <property name="env.TRAVIS_ALLOW_FAILURE" value="false" />
    <property name="env.LC_ALL" value="en_US.UTF-8" />
    <property name="java.specification.name" value="Java Platform API Specification" />
    <property name="node.works" value="true" />
    <property name="user.timezone" value="" />
    <property name="path.separator" value=":" />
    <property name="env.PYTHON_CFLAGS" value="-g -fstack-protector --param=ssp-buffer-size=4 -Wformat -Werror=format-security" />
    <property name="timeout.long" value="4000000" />
    <property name="env.CERTI_HOME" value="/home/travis/pthla/certi-tools" />
    <property name="file.encoding" value="UTF-8" />
    <property name="ant.file.ptII" value="/home/travis/build/icyphy/ptII/build.xml" />
    <property name="javadoc.packagenames" value="com.*,diva.*,lbnl.*,org.hlacerti.*,org.json.*,org.ptolemy.*,org.terraswarm.*,ptolemy.*,ptserver.*" />
    <property name="env.TRAVIS_PULL_REQUEST_SLUG" value="" />
    <property name="ant.project.default-target" value="build" />
    <property name="env.GIT_ASKPASS" value="echo" />
    <property name="env.HOME" value="/home/travis" />
    <property name="sun.java.command" value="org.apache.tools.ant.taskdefs.optional.junit.JUnitTestRunner ptolemy.domains.de.test.junit.JUnitTclTest skipNonTests=false filtertrace=true haltOnError=false haltOnFailure=false formatter=org.apache.tools.ant.taskdefs.optional.junit.OutErrSummaryJUnitResultFormatter showoutput=true outputtoformatters=true logfailedtests=true threadid=0 logtestlistenerevents=false formatter=org.apache.tools.ant.taskdefs.optional.junit.XMLJUnitResultFormatter,/home/travis/build/icyphy/ptII/reports/junit/TEST-ptolemy.domains.de.test.junit.JUnitTclTest.xml crashfile=/home/travis/build/icyphy/ptII/junitvmwatcher4771349813742372975.properties propsfile=/home/travis/build/icyphy/ptII/junit2067931436279599282.properties" />
    <property name="env.MANPATH" value="/home/travis/.nvm/versions/node/v7.10.1/share/man:/home/travis/.kiex/elixirs/elixir-1.4.5/man:/home/travis/.rvm/rubies/ruby-2.4.1/share/man:/usr/local/man:/usr/local/cmake-3.9.2/man:/usr/local/clang-5.0.0/share/man:/usr/local/share/man:/usr/share/man:/home/travis/.rvm/man" />
    <property name="env.COMPOSER_NO_INTERACTION" value="1" />
    <property name="env.JDK_SWITCHER_DEFAULT" value="oraclejdk8" />
    <property name="ant.file" value="/home/travis/build/icyphy/ptII/build.xml" />
    <property name="env.TRAVIS_COMMIT_RANGE" value="a855ed22d222...dccaa2fd0832" />
    <property name="env._system_name" value="Ubuntu" />
    <property name="timeout" value="2400000" />
    <property name="ptII.classpath.optional.property" value="/home/travis/build/icyphy/ptII/lib/bsh-2.0b4.jar:/home/travis/build/icyphy/ptII/lib/ptCal.jar:/home/travis/build/icyphy/ptII/lib/java_cup.jar:/home/travis/build/icyphy/ptII/lib/saxon8.jar:/home/travis/build/icyphy/ptII/lib/saxon8-dom.jar:/home/travis/build/icyphy/ptII/lib/chic.jar:/home/travis/build/icyphy/ptII/lib/ptcolt.jar:/usr/lib/jvm/java-8-oracle/lib/tools.jar:/usr/lib/eclipse/plugins/org.eclipse.jdt.core_3.8.2.dist.jar:/usr/lib/eclipse/plugins/org.eclipse.core.runtime_3.8.0.dist.jar:/usr/lib/eclipse/plugins/org.eclipse.osgi_3.8.1.dist.jar:/usr/lib/eclipse/plugins/org.eclipse.core.resources_3.8.1.dist.jar:/usr/lib/eclipse/plugins/org.eclipse.equinox.common_3.6.100.dist.jar:/usr/lib/eclipse/plugins/org.eclipse.core.jobs_3.5.200.dist.jar:/usr/lib/eclipse/plugins/org.eclipse.core.contenttype_3.4.200.dist.jar:/usr/lib/eclipse/plugins/org.eclipse.equinox.preferences_3.5.0.dist.jar:/usr/lib/eclipse/plugins/org.eclipse.text_3.5.200.dist.jar:/usr/lib/eclipse/plugins/org.eclipse.ui.workbench_3.8.1.dist.jar:/usr/lib/eclipse/plugins/org.eclipse.jface_3.8.0.dist.jar:/usr/lib/eclipse/plugins/org.eclipse.swt_3.8.2.jar:/usr/lib/eclipse/plugins/org.eclipse.jface.text_3.8.1.dist.jar:/usr/lib/eclipse/plugins/org.eclipse.ui.workbench.texteditor_3.8.0.dist.jar:/usr/lib/eclipse/plugins/org.eclipse.ui.editors_3.8.0.dist.jar:/usr/lib/eclipse/plugins/org.eclipse.core.commands_3.6.1.dist.jar:/usr/lib/eclipse/plugins/org.eclipse.equinox.registry_3.5.200.dist.jar:/usr/lib/eclipse/plugins/org.eclipse.ui.console_3.5.100.dist.jar:/usr/lib/eclipse/plugins/org.eclipse.ui.forms_3.5.200.dist.jar:/usr/lib/eclipse/plugins/org.eclipse.ui.ide_3.8.1.dist.jar:/home/travis/build/icyphy/ptII/vendors/oracle/dbxml.jar:/home/travis/build/icyphy/ptII/vendors/oracle/db.jar:/home/travis/build/icyphy/ptII/vendors/misc/itext/iText.jar:/home/travis/build/icyphy/ptII/lib/g4ltl.jar:/home/travis/build/icyphy/ptII/lib/StructuralCoder.jar:/home/travis/build/icyphy/ptII/lib/org-openide-util.jar:/home/travis/build/icyphy/ptII/lib/org-openide-util-lookup.jar:/home/travis/build/icyphy/ptII/lib/org-netbeans-api-visual.jar:/home/travis/build/icyphy/ptII/vendors/jai-1_1_2_01/lib/jai_core.jar:/home/travis/build/icyphy/ptII/vendors/jai-1_1_2_01/lib/jai_codec.jar:/home/travis/build/icyphy/ptII/lib/jcerti.jar:/home/travis/build/icyphy/ptII/lib/smack.jar:/home/travis/build/icyphy/ptII/lib/smackx.jar:/home/travis/build/icyphy/ptII/lib/jetty-all-8.1.5-v20120716.jar:/home/travis/build/icyphy/ptII/lib/javax.servlet-api-3.0.1.jar:/home/travis/build/icyphy/ptII/lib/javax.mail.jar:/home/travis/build/icyphy/ptII/vendors/JMF-2.1.1e/lib/jmf.jar:/home/travis/build/icyphy/ptII/lib/jna-4.0.0-variadic.jar:/home/travis/build/icyphy/ptII/vendors/misc/joystick/Joystick.jar:/home/travis/build/icyphy/ptII/lib/ptjacl.jar:/home/travis/build/icyphy/ptII/lib/jsoup-1.8.2.jar:/home/travis/build/icyphy/ptII/lib/junit-4.8.2.jar:/home/travis/build/icyphy/ptII/lib/JUnitParams-0.4.0.jar:/home/travis/build/icyphy/ptII/ptolemy/actor/lib/excel/jxl.jar:/home/travis/build/icyphy/ptII/lib/jython.jar:/home/travis/build/icyphy/ptII/lib/kieler.jar:/home/travis/build/icyphy/ptII/vendors/opencv/share/OpenCV/java/opencv-341.jar:/home/travis/build/icyphy/ptII/lib/oscP5.jar:/home/travis/build/icyphy/ptII/lib/nrjavaserial-3.11.0.devel.jar:/usr/share/java/j3dcore.jar:/usr/share/java/j3dutils.jar:/usr/share/java/vecmath.jar:/home/travis/build/icyphy/ptII/ptolemy/distributed/jini/jar/jini-core.jar:/home/travis/build/icyphy/ptII/ptolemy/distributed/jini/jar/jini-ext.jar:/home/travis/build/icyphy/ptII/ptolemy/distributed/jini/jar/sun-util.jar:/home/travis/build/icyphy/ptII/lib/protobuf-java-2.4.1.jar:/home/travis/build/icyphy/ptII/lib/org.eclipse.paho.client.mqttv3.jar:/home/travis/build/icyphy/ptII/ptserver/lib/hessian-4.0.7.jar:/home/travis/build/icyphy/ptII/ptserver/lib/wmqtt.jar:/home/travis/build/icyphy/ptII/lib/mapss.jar:/home/travis/build/icyphy/ptII/ptolemy/actor/ptalon/antlr/antlr.jar:/home/travis/build/icyphy/ptII/lib/JRI.jar:/home/travis/build/icyphy/ptII/lib/commons-lang-2.6.jar:/home/travis/build/icyphy/ptII/lib/commons-logging-1.1.1.jar:/home/travis/build/icyphy/ptII/lib/sootclasses.jar:/home/travis/build/icyphy/ptII/ptolemy/actor/lib/database/mysql-connector-java-5.1.6-bin.jar:/home/travis/build/icyphy/ptII/vendors/misc/sphinx4/sphinx4-data-5prealpha.jar:/home/travis/build/icyphy/ptII/vendors/misc/sphinx4/sphinx4-core-5prealpha.jar:/home/travis/build/icyphy/ptII/lib/PDFRenderer.jar:/home/travis/build/icyphy/ptII/lib/svgSalamander.jar:/home/travis/build/icyphy/ptII/lib/rsyntaxtextarea-2.6.0-SNAPSHOT.jar:/home/travis/build/icyphy/ptII/lib/hazelcast-3.8.2.jar:/home/travis/build/icyphy/ptII/lib/jackson-annotations-2.9.0.jar:/home/travis/build/icyphy/ptII/lib/jackson-core-2.9.3.jar:/home/travis/build/icyphy/ptII/lib/jackson-databind-2.9.3.jar:/home/travis/build/icyphy/ptII/lib/netty-buffer-4.1.19.Final.jar:/home/travis/build/icyphy/ptII/lib/netty-codec-4.1.19.Final.jar:/home/travis/build/icyphy/ptII/lib/netty-codec-dns-4.1.19.Final.jar:/home/travis/build/icyphy/ptII/lib/netty-codec-http-4.1.19.Final.jar:/home/travis/build/icyphy/ptII/lib/netty-codec-http2-4.1.19.Final.jar:/home/travis/build/icyphy/ptII/lib/netty-common-4.1.19.Final.jar:/home/travis/build/icyphy/ptII/lib/netty-handler-4.1.19.Final.jar:/home/travis/build/icyphy/ptII/lib/netty-resolver-4.1.19.Final.jar:/home/travis/build/icyphy/ptII/lib/netty-resolver-dns-4.1.19.Final.jar:/home/travis/build/icyphy/ptII/lib/netty-transport-4.1.19.Final.jar:/home/travis/build/icyphy/ptII/lib/vertx-codegen-3.5.1.jar:/home/travis/build/icyphy/ptII/lib/vertx-core-3.5.2-SNAPSHOT.jar:/home/travis/build/icyphy/ptII/lib/vertx-hazelcast-3.5.1.jar:/home/travis/build/icyphy/ptII/lib/vertx-lang-js-3.5.1.jar:/home/travis/build/icyphy/ptII/lib/vertx-service-proxy-3.5.1.jar:/home/travis/build/icyphy/ptII/lib/vertx-web-3.5.1.jar:/home/travis/build/icyphy/ptII/lib/slf4j-api-1.7.13.jar:/home/travis/build/icyphy/ptII/lib/slf4j-simple-1.7.13.jar:/home/travis/build/icyphy/ptII/lib/webcam-capture-0.3.12.jar:/home/travis/build/icyphy/ptII/lib/bridj-0.7.0.jar:/home/travis/build/icyphy/ptII/lib/xbjlib-1.1.0.nrjavaserial.jar" />
    <property name="test.batch" value="**/junit/*.java" />
    <property name="env._" value="/usr/bin/timeout" />
    <property name="java.io.tmpdir" value="/tmp" />
    <property name="user.language" value="en" />
    <property name="env.HISTCONTROL" value="ignoredups:ignorespace" />
    <property name="env.GOROOT" value="/home/travis/.gimme/versions/go1.7.4.linux.amd64" />
    <property name="line.separator" value="&#xa;" />
    <property name="target" value="1.8" />
    <property name="env.TRAVIS_BUILD_DIR" value="/home/travis/build/icyphy/ptII" />
    <property name="env.ANT_OPTS" value="-Xmx2048m" />
    <property name="ant.file.type" value="file" />
    <property name="ptolemy.ptII.batchMode" value="true" />
    <property name="env.HISTSIZE" value="1000" />
    <property name="env.MERB_ENV" value="test" />
    <property name="java.vm.info" value="mixed mode" />
    <property name="source" value="1.8" />
    <property name="java.vm.specification.name" value="Java Virtual Machine Specification" />
    <property name="env.TRAVIS_TEST_RESULT" value="0" />
    <property name="jsdoc.command" value="node_modules/@terraswarm/jsdoc/jsdoc.js" />
    <property name="npm.works" value="true" />
    <property name="cobertura.dir" value="/home/travis/build/icyphy/ptII/vendors/cobertura-2.0.3" />
    <property name="env.rvm_path" value="/home/travis/.rvm" />
    <property name="env.GEM_PATH" value="/home/travis/.rvm/gems/ruby-2.4.1:/home/travis/.rvm/gems/ruby-2.4.1@global" />
    <property name="env.LC_CTYPE" value="en_US.UTF-8" />
    <property name="java.awt.printerjob" value="sun.print.PSPrinterJob" />
    <property name="env.TRAVIS_STACK_NAME" value="garnet" />
    <property name="ant.version" value="Apache Ant(TM) version 1.10.1 compiled on February 2 2017" />
    <property name="ptII.reports" value="/home/travis/build/icyphy/ptII/reports" />
    <property name="env.TRAVIS_STACK_TIMESTAMP" value="2017-12-05 19:33:09 UTC" />
    <property name="ant.file.type.ptII" value="file" />
    <property name="env.RBENV_SHELL" value="bash" />
    <property name="os.name" value="Linux" />
    <property name="java.specification.vendor" value="Oracle Corporation" />
    <property name="env.rvm_version" value="1.29.3 (latest)" />
    <property name="env.TERM" value="xterm" />
    <property name="java.vm.name" value="Java HotSpot(TM) 64-Bit Server VM" />
    <property name="env.TRAVIS_BUILD_NUMBER" value="522" />
    <property name="env.CI" value="true" />
    <property name="java.library.path" value="/home/travis/pthla/certi-tools/lib:/usr/lib/jni:/usr/local/share/OpenCV/java/:/usr/share/OpenCV/java::/usr/java/packages/lib/amd64:/usr/lib64:/lib64:/lib:/usr/lib" />
    <property name="env.rvm_prefix" value="/home/travis" />
    <property name="env.PATH" value="/home/travis/pthla/certi-tools/share/scripts:/home/travis/.rvm/gems/ruby-2.4.1/bin:/home/travis/.rvm/gems/ruby-2.4.1@global/bin:/home/travis/.rvm/rubies/ruby-2.4.1/bin:/home/travis/.rvm/bin:/home/travis/.nvm/versions/node/v7.10.1/bin:./node_modules/.bin:/home/travis/build/icyphy/ptII/bin:/home/travis/pthla/certi-tools/bin:/home/travis/bin:/home/travis/.local/bin:/opt/pyenv/shims:/home/travis/.phpenv/shims:/home/travis/perl5/perlbrew/bin:/home/travis/.kiex/elixirs/elixir-1.4.5/bin:/home/travis/.kiex/bin:/home/travis/gopath/bin:/home/travis/.gimme/versions/go1.7.4.linux.amd64/bin:/usr/local/phantomjs/bin:/usr/local/phantomjs:/usr/local/neo4j-3.2.7/bin:/usr/local/maven-3.5.2/bin:/usr/local/cmake-3.9.2/bin:/usr/local/clang-5.0.0/bin:/usr/local/sbin:/usr/local/bin:/usr/sbin:/usr/bin:/sbin:/bin:/home/travis/.phpenv/bin:/opt/pyenv/bin:/home/travis/.yarn/bin" />
    <property name="env.TRAVIS_OS_NAME" value="linux" />
    <property name="ant.java.version" value="1.8" />
    <property name="basedir" value="/home/travis/build/icyphy/ptII" />
    <property name="java.class.version" value="52.0" />
    <property name="env.SHLVL" value="3" />
    <property name="env.LD_LIBRARY_PATH" value="/home/travis/pthla/certi-tools/lib:/usr/lib/jni:/usr/local/share/OpenCV/java/:/usr/share/OpenCV/java:" />
    <property name="env.RACK_ENV" value="test" />
    <property name="ant.home" value="/home/travis/build/icyphy/ptII/ant" />
    <property name="env.NVM_DIR" value="/home/travis/.nvm" />
    <property name="env.PERLBREW_BASHRC_VERSION" value="0.80" />
    <property name="env.CERTI_FOM_PATH" value="/home/travis/pthla/certi-tools/share/federations" />
    <property name="env.TRAVIS_BUILD_ID" value="388368681" />
    <property name="env.PYENV_ROOT" value="/opt/pyenv" />
    <property name="env.TRAVIS_UID" value="2000" />
    <property name="env.rvm_pretty_print_flag" value="auto" />
    <property name="env.NVM_BIN" value="/home/travis/.nvm/versions/node/v7.10.1/bin" />
    <property name="env.TRAVIS_COMMIT" value="dccaa2fd0832bdf6cc2894daf935fa8e71516d58" />
    <property name="env._system_arch" value="x86_64" />
    <property name="node.executable" value="node" />
    <property name="sun.boot.library.path" value="/usr/lib/jvm/java-8-oracle/jre/lib/amd64" />
    <property name="sun.management.compiler" value="HotSpot 64-Bit Tiered Compilers" />
    <property name="env.GOPATH" value="/home/travis/gopath" />
    <property name="java.awt.graphicsenv" value="sun.awt.X11GraphicsEnvironment" />
    <property name="ptolemy.ptII.dir" value="/home/travis/build/icyphy/ptII" />
    <property name="env.USER" value="travis" />
    <property name="env.HISTFILESIZE" value="2000" />
    <property name="timeout.longest" value="19000000" />
    <property name="env.TRAVIS_STACK_FEATURES" value="basic cassandra chromium couchdb disabled-ipv6 docker docker-compose elasticsearch firefox go-toolchain google-chrome jdk memcached mongodb mysql neo4j nodejs_interpreter perl_interpreter perlbrew phantomjs postgresql python_interpreter rabbitmq redis riak ruby_interpreter sqlite xserver" />
    <property name="env.TRAVIS_PULL_REQUEST" value="false" />
    <property name="env.PYENV_SHELL" value="bash" />
    <property name="ant.project.name" value="ptII" />
    <property name="java.vm.specification.version" value="1.8" />
    <property name="env.CERTI_VERSION" value="4.0.0" />
    <property name="env.NLSPATH" value="/usr/dt/lib/nls/msg/%L/%N.cat" />
    <property name="awt.toolkit" value="sun.awt.X11.XToolkit" />
    <property name="env.CERTI_HOST" value="localhost" />
    <property name="env.MY_RUBY_HOME" value="/home/travis/.rvm/rubies/ruby-2.4.1" />
    <property name="sun.cpu.isalist" value="" />
    <property name="java.ext.dirs" value="/usr/lib/jvm/java-8-oracle/jre/lib/ext:/usr/java/packages/lib/ext" />
    <property name="os.version" value="4.4.0-101-generic" />
    <property name="user.home" value="/home/travis" />
    <property name="env.MIX_ARCHIVES" value="/home/travis/.kiex/mix/elixir-1.4.5" />
    <property name="java.vm.vendor" value="Oracle Corporation" />
    <property name="env.TRAVIS_TAG" value="nightly" />
    <property name="env.TRAVIS_FILTERED" value="redirect_io" />
    <property name="javadoc.excludepackagenames" value="adm.cvs2svn.*,build.*,config.*,doc.coding.templates.*,jni.test.jni.meaningOfLife.*,jni.test.jni.testDeux.*,jni.test.jni.testTrois.*,org.terraswarm.accessor.accessors.web.node_modules.*,org.terraswarm.accessor.accessors.web.hosts.cordova.demo.*,org.terraswarm.accessor.accessors.web.hosts.cordova.plugins.*,org.terraswarm.accessor.accessors-svn.*,pt-modules.*,ptolemy.apps.agilent.*,ptolemy.apps.anytimecontrol.*,ptolemy.apps.apes.*,ptolemy.apps.charon.*,ptolemy.apps.crazyboard.*,ptolemy.apps.eclipse.*,ptolemy.apps.etherealSting.*,ptolemy.apps.fullscreen.*,ptolemy.apps.giotto.*,ptolemy.apps.ia.*,ptolemy.apps.interfaces.*,ptolemy.apps.jmf.*,ptolemy.apps.kurt.*,ptolemy.apps.kvm.*,ptolemy.apps.lego.*,ptolemy.apps.lejos.*,ptolemy.apps.midp.*,ptolemy.apps.mobileCoding.*,ptolemy.apps.pendulum.*,ptolemy.apps.rijndael.*,ptolemy.apps.robot.*,ptolemy.apps.security.*,ptolemy.apps.sobel.*,ptolemy.apps.soot.*,ptolemy.apps.throttle.*,ptolemy.apps.tini.*,ptolemy.apps.transmission.*,ptolemy.apps.vergil.*,ptolemy.apps.waba.*,ptolemy.apps.websensor.*,ptolemy.apps.webstart.*,ptolemy.apps.xsl.*,ptolemy.apps.zaurus.*,ptolemy.backtrack.eclipse.plugin.*,ptolemy.backtrack.test.*,ptolemy.codegen.c.actor.lib.oldJavaFiles.*,ptolemy.codegen.dsp.lib.*,ptolemy.codegen.kernel.newInterfaces.*,ptolemy.codegen.lib.*,ptolemy.copernicus.kernel.fragment.*,ptolemy.copernicus.shallow.cg.*,ptolemy.domains.giotto.demo.Hierarchy.Hierarchy.*,ptolemy.domains.giotto.demo.Multimode.Multimode.*,ptolemy.domains.giotto.demo.Simple.Simple.*,ptolemy.domains.gr.lib.experimental.*,ptolemy.domains.gro.*,ptolemy.domains.pdf.*,ptolemy.domains.ptinyos.demo.Surge.output.*,ptolemy.moml.test.NoPackageActor.java*,ptolemy.plot.adm.*,ptolemy.plot.servlet.*,reports.*,signed.*,src.*,target.*,vendors.*,ptolemy.cg.adapter.generic.program.procedural.c.mbed*,ptolemy.actor.lib.fmi.fmus.omc*,ptolemy.domains.openmodelica*,ptdb.kernel.bl.save.test.*,ptdb.kernel.bl.load.test.*,ptdb.kernel.bl.search.test.*,ptdb.kernel.bl.migration.test.*,ptdb.kernel.database.test.*,ptdb.test.*,ptdb.gui.test.*,org.ptolemy.scala.*,diva.util.java2d.svg.*,ptolemy.domains.ptinyos.*,ptolemy.actor.lib.fmi.fmipp.*,,org.terraswarm.accessor.accessors.web.node_modules.*,org.terraswarm.accessor.accessors-svn,ptolemy.actor.ptalon.demo.ptinyos.SendAndReceiveCnt.output,ptolemy.actor.ptalon.demo.ptinyos.SenseToLeds.output,ptolemy.domains.ptinyos.demo.CntToLedsAndRfm.output,ptolemy.domains.ptinyos.demo.RfmToLeds.output,ptolemy.domains.ptinyos.demo.SendAndReceiveCnt.output,ptolemy.domains.ptinyos.demo.SenseToLeds.output" />
    <property name="env.JAVA_HOME" value="/usr/lib/jvm/java-8-oracle" />
    <property name="env.PTII" value="/home/travis/build/icyphy/ptII" />
    <property name="env.TRAVIS_COMMIT_MESSAGE" value="Exclude ptolemy.domains.ptinyos from the tests because PtinyOS is not likely to be installed." />
    <property name="keystore" value="ptKeystore" />
    <property name="env.XDG_SESSION_ID" value="2" />
    <property name="junit.output.dir" value="/home/travis/build/icyphy/ptII/reports/junit" />
    <property name="npm.return.code" value="0" />
    <property name="user.dir" value="/home/travis/build/icyphy/ptII/ptolemy/domains/de/test" />
    <property name="env.TRAVIS_NODE_VERSION" value="7" />
    <property name="env.XFILESEARCHPATH" value="/usr/dt/app-defaults/%L/Dt" />
    <property name="env.TRAVIS_EVENT_TYPE" value="push" />
    <property name="env.MAIL" value="/var/mail/travis" />
    <property name="env.PWD" value="/home/travis/build/icyphy/ptII" />
    <property name="env.PERLBREW_ROOT" value="/home/travis/perl5/perlbrew" />
    <property name="timeout.npm" value="45000" />
    <property name="env.PT_TRAVIS_TEST_CORE2_XML" value="true" />
    <property name="env.PAGER" value="cat" />
    <property name="sun.cpu.endian" value="little" />
    <property name="env.TRAVIS_BUILD_STAGE_NAME" value="Test" />
    <property name="env.PERLBREW_HOME" value="/home/travis/.perlbrew" />
    <property name="env.RAILS_ENV" value="test" />
    <property name="java.vm.version" value="25.151-b12" />
    <property name="java.class.path" value="/home/travis/build/icyphy/ptII:/home/travis/build/icyphy/ptII/lib/bsh-2.0b4.jar:/home/travis/build/icyphy/ptII/lib/ptCal.jar:/home/travis/build/icyphy/ptII/lib/java_cup.jar:/home/travis/build/icyphy/ptII/lib/saxon8.jar:/home/travis/build/icyphy/ptII/lib/saxon8-dom.jar:/home/travis/build/icyphy/ptII/lib/chic.jar:/home/travis/build/icyphy/ptII/lib/ptcolt.jar:/usr/lib/jvm/java-8-oracle/lib/tools.jar:/usr/lib/eclipse/plugins/org.eclipse.jdt.core_3.8.2.dist.jar:/usr/lib/eclipse/plugins/org.eclipse.core.runtime_3.8.0.dist.jar:/usr/lib/eclipse/plugins/org.eclipse.osgi_3.8.1.dist.jar:/usr/lib/eclipse/plugins/org.eclipse.core.resources_3.8.1.dist.jar:/usr/lib/eclipse/plugins/org.eclipse.equinox.common_3.6.100.dist.jar:/usr/lib/eclipse/plugins/org.eclipse.core.jobs_3.5.200.dist.jar:/usr/lib/eclipse/plugins/org.eclipse.core.contenttype_3.4.200.dist.jar:/usr/lib/eclipse/plugins/org.eclipse.equinox.preferences_3.5.0.dist.jar:/usr/lib/eclipse/plugins/org.eclipse.text_3.5.200.dist.jar:/usr/lib/eclipse/plugins/org.eclipse.ui.workbench_3.8.1.dist.jar:/usr/lib/eclipse/plugins/org.eclipse.jface_3.8.0.dist.jar:/usr/lib/eclipse/plugins/org.eclipse.swt_3.8.2.jar:/usr/lib/eclipse/plugins/org.eclipse.jface.text_3.8.1.dist.jar:/usr/lib/eclipse/plugins/org.eclipse.ui.workbench.texteditor_3.8.0.dist.jar:/usr/lib/eclipse/plugins/org.eclipse.ui.editors_3.8.0.dist.jar:/usr/lib/eclipse/plugins/org.eclipse.core.commands_3.6.1.dist.jar:/usr/lib/eclipse/plugins/org.eclipse.equinox.registry_3.5.200.dist.jar:/usr/lib/eclipse/plugins/org.eclipse.ui.console_3.5.100.dist.jar:/usr/lib/eclipse/plugins/org.eclipse.ui.forms_3.5.200.dist.jar:/usr/lib/eclipse/plugins/org.eclipse.ui.ide_3.8.1.dist.jar:/home/travis/build/icyphy/ptII/vendors/oracle/dbxml.jar:/home/travis/build/icyphy/ptII/vendors/oracle/db.jar:/home/travis/build/icyphy/ptII/vendors/misc/itext/iText.jar:/home/travis/build/icyphy/ptII/lib/g4ltl.jar:/home/travis/build/icyphy/ptII/lib/StructuralCoder.jar:/home/travis/build/icyphy/ptII/lib/org-openide-util.jar:/home/travis/build/icyphy/ptII/lib/org-openide-util-lookup.jar:/home/travis/build/icyphy/ptII/lib/org-netbeans-api-visual.jar:/home/travis/build/icyphy/ptII/vendors/jai-1_1_2_01/lib/jai_core.jar:/home/travis/build/icyphy/ptII/vendors/jai-1_1_2_01/lib/jai_codec.jar:/home/travis/build/icyphy/ptII/lib/jcerti.jar:/home/travis/build/icyphy/ptII/lib/smack.jar:/home/travis/build/icyphy/ptII/lib/smackx.jar:/home/travis/build/icyphy/ptII/lib/jetty-all-8.1.5-v20120716.jar:/home/travis/build/icyphy/ptII/lib/javax.servlet-api-3.0.1.jar:/home/travis/build/icyphy/ptII/lib/javax.mail.jar:/home/travis/build/icyphy/ptII/vendors/JMF-2.1.1e/lib/jmf.jar:/home/travis/build/icyphy/ptII/lib/jna-4.0.0-variadic.jar:/home/travis/build/icyphy/ptII/vendors/misc/joystick/Joystick.jar:/home/travis/build/icyphy/ptII/lib/ptjacl.jar:/home/travis/build/icyphy/ptII/lib/jsoup-1.8.2.jar:/home/travis/build/icyphy/ptII/lib/junit-4.8.2.jar:/home/travis/build/icyphy/ptII/lib/JUnitParams-0.4.0.jar:/home/travis/build/icyphy/ptII/ptolemy/actor/lib/excel/jxl.jar:/home/travis/build/icyphy/ptII/lib/jython.jar:/home/travis/build/icyphy/ptII/lib/kieler.jar:/home/travis/build/icyphy/ptII/vendors/opencv/share/OpenCV/java/opencv-341.jar:/home/travis/build/icyphy/ptII/lib/oscP5.jar:/home/travis/build/icyphy/ptII/lib/nrjavaserial-3.11.0.devel.jar:/usr/share/java/j3dcore.jar:/usr/share/java/j3dutils.jar:/usr/share/java/vecmath.jar:/home/travis/build/icyphy/ptII/ptolemy/distributed/jini/jar/jini-core.jar:/home/travis/build/icyphy/ptII/ptolemy/distributed/jini/jar/jini-ext.jar:/home/travis/build/icyphy/ptII/ptolemy/distributed/jini/jar/sun-util.jar:/home/travis/build/icyphy/ptII/lib/protobuf-java-2.4.1.jar:/home/travis/build/icyphy/ptII/lib/org.eclipse.paho.client.mqttv3.jar:/home/travis/build/icyphy/ptII/ptserver/lib/hessian-4.0.7.jar:/home/travis/build/icyphy/ptII/ptserver/lib/wmqtt.jar:/home/travis/build/icyphy/ptII/lib/mapss.jar:/home/travis/build/icyphy/ptII/ptolemy/actor/ptalon/antlr/antlr.jar:/home/travis/build/icyphy/ptII/lib/JRI.jar:/home/travis/build/icyphy/ptII/lib/commons-lang-2.6.jar:/home/travis/build/icyphy/ptII/lib/commons-logging-1.1.1.jar:/home/travis/build/icyphy/ptII/lib/sootclasses.jar:/home/travis/build/icyphy/ptII/ptolemy/actor/lib/database/mysql-connector-java-5.1.6-bin.jar:/home/travis/build/icyphy/ptII/vendors/misc/sphinx4/sphinx4-data-5prealpha.jar:/home/travis/build/icyphy/ptII/vendors/misc/sphinx4/sphinx4-core-5prealpha.jar:/home/travis/build/icyphy/ptII/lib/PDFRenderer.jar:/home/travis/build/icyphy/ptII/lib/svgSalamander.jar:/home/travis/build/icyphy/ptII/lib/rsyntaxtextarea-2.6.0-SNAPSHOT.jar:/home/travis/build/icyphy/ptII/lib/hazelcast-3.8.2.jar:/home/travis/build/icyphy/ptII/lib/jackson-annotations-2.9.0.jar:/home/travis/build/icyphy/ptII/lib/jackson-core-2.9.3.jar:/home/travis/build/icyphy/ptII/lib/jackson-databind-2.9.3.jar:/home/travis/build/icyphy/ptII/lib/netty-buffer-4.1.19.Final.jar:/home/travis/build/icyphy/ptII/lib/netty-codec-4.1.19.Final.jar:/home/travis/build/icyphy/ptII/lib/netty-codec-dns-4.1.19.Final.jar:/home/travis/build/icyphy/ptII/lib/netty-codec-http-4.1.19.Final.jar:/home/travis/build/icyphy/ptII/lib/netty-codec-http2-4.1.19.Final.jar:/home/travis/build/icyphy/ptII/lib/netty-common-4.1.19.Final.jar:/home/travis/build/icyphy/ptII/lib/netty-handler-4.1.19.Final.jar:/home/travis/build/icyphy/ptII/lib/netty-resolver-4.1.19.Final.jar:/home/travis/build/icyphy/ptII/lib/netty-resolver-dns-4.1.19.Final.jar:/home/travis/build/icyphy/ptII/lib/netty-transport-4.1.19.Final.jar:/home/travis/build/icyphy/ptII/lib/vertx-codegen-3.5.1.jar:/home/travis/build/icyphy/ptII/lib/vertx-core-3.5.2-SNAPSHOT.jar:/home/travis/build/icyphy/ptII/lib/vertx-hazelcast-3.5.1.jar:/home/travis/build/icyphy/ptII/lib/vertx-lang-js-3.5.1.jar:/home/travis/build/icyphy/ptII/lib/vertx-service-proxy-3.5.1.jar:/home/travis/build/icyphy/ptII/lib/vertx-web-3.5.1.jar:/home/travis/build/icyphy/ptII/lib/slf4j-api-1.7.13.jar:/home/travis/build/icyphy/ptII/lib/slf4j-simple-1.7.13.jar:/home/travis/build/icyphy/ptII/lib/webcam-capture-0.3.12.jar:/home/travis/build/icyphy/ptII/lib/bridj-0.7.0.jar:/home/travis/build/icyphy/ptII/lib/xbjlib-1.1.0.nrjavaserial.jar:/home/travis/build/icyphy/ptII/ptolemy/moml/test:/home/travis/build/icyphy/ptII/ant/lib/ant-launcher.jar:/home/travis/build/icyphy/ptII/ant/lib/ant.jar:/home/travis/build/icyphy/ptII/ant/lib/ant-junit.jar:/home/travis/build/icyphy/ptII/ant/lib/ant-junit4.jar" />
    <property name="ant.library.dir" value="/home/travis/build/icyphy/ptII/ant/lib" />
    <property name="os.arch" value="amd64" />
    <property name="env.TRAVIS_LANGUAGE" value="node_js" />
    <property name="env.CONTINUOUS_INTEGRATION" value="true" />
    <property name="env.TRAVIS_STACK_LANGUAGES" value="__garnet__ c c++ clojure cplusplus cpp default go groovy java node_js php pure_java python ruby scala" />
    <property name="test.name" value="ptolemy.actor.lib.test.junit.JUnitTclTest" />
    <property name="sun.java.launcher" value="SUN_STANDARD" />
    <property name="env.PYTHON_CONFIGURE_OPTS" value="--enable-unicode=ucs4 --with-wide-unicode --enable-shared --enable-ipv6 --enable-loadable-sqlite-extensions --with-computed-gotos" />
    <property name="ant.core.lib" value="/home/travis/build/icyphy/ptII/ant/lib/ant.jar" />
    <property name="java.vm.specification.vendor" value="Oracle Corporation" />
    <property name="env.BCVTB_HOME" value="/home/travis/build/icyphy/ptII/lbnl" />
    <property name="file.separator" value="/" />
    <property name="java.runtime.version" value="1.8.0_151-b12" />
    <property name="spotbugs.home" value="/home/travis/build/icyphy/ptII/vendors/spotbugs-3.1.1" />
    <property name="sun.boot.class.path" value="/usr/lib/jvm/java-8-oracle/jre/lib/resources.jar:/usr/lib/jvm/java-8-oracle/jre/lib/rt.jar:/usr/lib/jvm/java-8-oracle/jre/lib/sunrsasign.jar:/usr/lib/jvm/java-8-oracle/jre/lib/jsse.jar:/usr/lib/jvm/java-8-oracle/jre/lib/jce.jar:/usr/lib/jvm/java-8-oracle/jre/lib/charsets.jar:/usr/lib/jvm/java-8-oracle/jre/lib/jfr.jar:/usr/lib/jvm/java-8-oracle/jre/classes" />
    <property name="env.HAS_JOSH_K_SEAL_OF_APPROVAL" value="true" />
    <property name="env.TRAVIS_OSX_IMAGE" value="" />
    <property name="env.XDG_RUNTIME_DIR" value="/run/user/2000" />
    <property name="env.TRAVIS_BRANCH" value="master" />
    <property name="env.TRAVIS_JOB_ID" value="388368689" />
    <property name="env.CERTI_HOME_TRAVIS" value="/home/travis/pthla/certi-tools" />
    <property name="user.country" value="US" />
    <property name="env.SHELL" value="/bin/bash" />
    <property name="java.maxmemory.large" value="5000m" />
    <property name="model" value="" />
    <property name="env.CASHER_DIR" value="/home/travis/.casher" />
    <property name="env.NVM_CD_FLAGS" value="" />
    <property name="jshint.executable" value="/home/travis/node_modules/jshint/bin/jshint" />
    <property name="java.vendor" value="Oracle Corporation" />
    <property name="env.JRUBY_OPTS" value=" --client -J-XX:+TieredCompilation -J-XX:TieredStopAtLevel=1 -J-Xss2m -Xcompile.invokedynamic=false" />
    <property name="env.TRAVIS_PRE_CHEF_BOOTSTRAP_TIME" value="2017-12-05T19:32:55" />
    <property name="env.TRAVIS_STACK_JOB_BOARD_REGISTER" value="/.job-board-register.yml" />
    <property name="env.ELIXIR_VERSION" value="1.4.5" />
    <property name="java.specification.version" value="1.8" />
    <property name="env.IRBRC" value="/home/travis/.rvm/rubies/ruby-2.4.1/.irbrc" />
    <property name="env.TRAVIS" value="true" />
    <property name="sun.arch.data.model" value="64" />
  </properties>
  <testcase classname="ptolemy.util.test.junit.TclTests" name="[0] /home/travis/build/icyphy/ptII/ptolemy/domains/de/test/DependencyLoop.tcl (RunTclFile)" time="0.711" />
  <testcase classname="ptolemy.util.test.junit.TclTests" name="[1] /home/travis/build/icyphy/ptII/ptolemy/domains/de/test/RunDETestsAsQSS.tcl (RunTclFile)" time="87.708" />
  <testcase classname="ptolemy.util.test.junit.AutoKnownFailedTests" name="[0] /home/travis/build/icyphy/ptII/ptolemy/domains/de/test/auto/knownFailedTests/DESDFClockTest.xml (RunModel)" time="2.036" />
  <testcase classname="ptolemy.util.test.junit.AutoKnownFailedTests" name="[1] /home/travis/build/icyphy/ptII/ptolemy/domains/de/test/auto/knownFailedTests/DirectFeedback.xml (RunModel)" time="0.009" />
  <testcase classname="ptolemy.util.test.junit.AutoKnownFailedTests" name="[2] /home/travis/build/icyphy/ptII/ptolemy/domains/de/test/auto/knownFailedTests/FSMSource.xml (RunModel)" time="0.022" />
  <testcase classname="ptolemy.util.test.junit.AutoKnownFailedTests" name="[3] /home/travis/build/icyphy/ptII/ptolemy/domains/de/test/auto/knownFailedTests/HierarchicalModel.xml (RunModel)" time="0.025" />
  <testcase classname="ptolemy.util.test.junit.AutoKnownFailedTests" name="[4] /home/travis/build/icyphy/ptII/ptolemy/domains/de/test/auto/knownFailedTests/dependencyLoop.xml (RunModel)" time="0.026" />
  <testcase classname="ptolemy.util.test.junit.AutoKnownFailedTests" name="[5] /home/travis/build/icyphy/ptII/ptolemy/domains/de/test/auto/knownFailedTests/dependencyLoop2.xml (RunModel)" time="0.032" />
  <testcase classname="ptolemy.util.test.junit.AutoNameArchTests" name="[0] ThereAreNoAutoArchTests (RunModel)" time="0.001" />
  <testcase classname="ptolemy.util.test.junit.AutoTests" name="[0] /home/travis/build/icyphy/ptII/ptolemy/domains/de/test/auto/ActorDepthCalculation_actorWithoutPorts.xml (RunModel)" time="0.016" />
  <testcase classname="ptolemy.util.test.junit.AutoTests" name="[1] /home/travis/build/icyphy/ptII/ptolemy/domains/de/test/auto/AssemblyLine.xml (RunModel)" time="0.011" />
  <testcase classname="ptolemy.util.test.junit.AutoTests" name="[2] /home/travis/build/icyphy/ptII/ptolemy/domains/de/test/auto/CQBug1.xml (RunModel)" time="0.007" />
  <testcase classname="ptolemy.util.test.junit.AutoTests" name="[3] /home/travis/build/icyphy/ptII/ptolemy/domains/de/test/auto/CancelFireAt.xml (RunModel)" time="0.01" />
  <testcase classname="ptolemy.util.test.junit.AutoTests" name="[4] /home/travis/build/icyphy/ptII/ptolemy/domains/de/test/auto/CausalityAndComposabilityAnalysis.xml (RunModel)" time="0.01" />
  <testcase classname="ptolemy.util.test.junit.AutoTests" name="[5] /home/travis/build/icyphy/ptII/ptolemy/domains/de/test/auto/CausalityInterface1.xml (RunModel)" time="0.013" />
  <testcase classname="ptolemy.util.test.junit.AutoTests" name="[6] /home/travis/build/icyphy/ptII/ptolemy/domains/de/test/auto/CausalityInterface15.xml (RunModel)" time="0.008" />
  <testcase classname="ptolemy.util.test.junit.AutoTests" name="[7] /home/travis/build/icyphy/ptII/ptolemy/domains/de/test/auto/CausalityInterface2.xml (RunModel)" time="0.008" />
  <testcase classname="ptolemy.util.test.junit.AutoTests" name="[8] /home/travis/build/icyphy/ptII/ptolemy/domains/de/test/auto/CausalityInterface3.xml (RunModel)" time="0.01" />
  <testcase classname="ptolemy.util.test.junit.AutoTests" name="[9] /home/travis/build/icyphy/ptII/ptolemy/domains/de/test/auto/ClockDrift.xml (RunModel)" time="0.034" />
  <testcase classname="ptolemy.util.test.junit.AutoTests" name="[10] /home/travis/build/icyphy/ptII/ptolemy/domains/de/test/auto/ClockDriftAndValueChange.xml (RunModel)" time="0.022" />
  <testcase classname="ptolemy.util.test.junit.AutoTests" name="[11] /home/travis/build/icyphy/ptII/ptolemy/domains/de/test/auto/ClockDriftChange.xml (RunModel)" time="0.019" />
  <testcase classname="ptolemy.util.test.junit.AutoTests" name="[12] /home/travis/build/icyphy/ptII/ptolemy/domains/de/test/auto/ComposableCausalityAnalysis.xml (RunModel)" time="0.016" />
  <testcase classname="ptolemy.util.test.junit.AutoTests" name="[13] /home/travis/build/icyphy/ptII/ptolemy/domains/de/test/auto/DEFixedPointLimitation.xml (RunModel)" time="0.007" />
  <testcase classname="ptolemy.util.test.junit.AutoTests" name="[14] /home/travis/build/icyphy/ptII/ptolemy/domains/de/test/auto/DEScheduleTest.xml (RunModel)" time="0.024" />
  <testcase classname="ptolemy.util.test.junit.AutoTests" name="[15] /home/travis/build/icyphy/ptII/ptolemy/domains/de/test/auto/DEinDEwithStartTimes.xml (RunModel)" time="0.016" />
  <testcase classname="ptolemy.util.test.junit.AutoTests" name="[16] /home/travis/build/icyphy/ptII/ptolemy/domains/de/test/auto/DEinDEwithStartTimes2.xml (RunModel)" time="0.011" />
  <testcase classname="ptolemy.util.test.junit.AutoTests" name="[17] /home/travis/build/icyphy/ptII/ptolemy/domains/de/test/auto/DateDemo.xml (RunModel)" time="0.017" />
  <testcase classname="ptolemy.util.test.junit.AutoTests" name="[18] /home/travis/build/icyphy/ptII/ptolemy/domains/de/test/auto/DateToEvent.xml (RunModel)" time="2.025" />
  <testcase classname="ptolemy.util.test.junit.AutoTests" name="[19] /home/travis/build/icyphy/ptII/ptolemy/domains/de/test/auto/DepthTest1.xml (RunModel)" time="0.005" />
  <testcase classname="ptolemy.util.test.junit.AutoTests" name="[20] /home/travis/build/icyphy/ptII/ptolemy/domains/de/test/auto/DepthTest2.xml (RunModel)" time="0.011" />
  <testcase classname="ptolemy.util.test.junit.AutoTests" name="[21] /home/travis/build/icyphy/ptII/ptolemy/domains/de/test/auto/DepthTest3.xml (RunModel)" time="0.004" />
  <testcase classname="ptolemy.util.test.junit.AutoTests" name="[22] /home/travis/build/icyphy/ptII/ptolemy/domains/de/test/auto/DepthTest4.xml (RunModel)" time="0.007" />
  <testcase classname="ptolemy.util.test.junit.AutoTests" name="[23] /home/travis/build/icyphy/ptII/ptolemy/domains/de/test/auto/DepthTest5.xml (RunModel)" time="0.008" />
  <testcase classname="ptolemy.util.test.junit.AutoTests" name="[24] /home/travis/build/icyphy/ptII/ptolemy/domains/de/test/auto/DepthTest6.xml (RunModel)" time="0.008" />
  <testcase classname="ptolemy.util.test.junit.AutoTests" name="[25] /home/travis/build/icyphy/ptII/ptolemy/domains/de/test/auto/DepthTest7.xml (RunModel)" time="0.006" />
  <testcase classname="ptolemy.util.test.junit.AutoTests" name="[26] /home/travis/build/icyphy/ptII/ptolemy/domains/de/test/auto/EventToDate.xml (RunModel)" time="3.021" />
  <testcase classname="ptolemy.util.test.junit.AutoTests" name="[27] /home/travis/build/icyphy/ptII/ptolemy/domains/de/test/auto/FSM1.xml (RunModel)" time="0.02" />
  <testcase classname="ptolemy.util.test.junit.AutoTests" name="[28] /home/travis/build/icyphy/ptII/ptolemy/domains/de/test/auto/FSM7.xml (RunModel)" time="0.019" />
  <testcase classname="ptolemy.util.test.junit.AutoTests" name="[29] /home/travis/build/icyphy/ptII/ptolemy/domains/de/test/auto/Inspection.xml (RunModel)" time="0.032" />
  <testcase classname="ptolemy.util.test.junit.AutoTests" name="[30] /home/travis/build/icyphy/ptII/ptolemy/domains/de/test/auto/Iteration.xml (RunModel)" time="0.015" />
  <testcase classname="ptolemy.util.test.junit.AutoTests" name="[31] /home/travis/build/icyphy/ptII/ptolemy/domains/de/test/auto/LineFault.xml (RunModel)" time="0.392" />
  <testcase classname="ptolemy.util.test.junit.AutoTests" name="[32] /home/travis/build/icyphy/ptII/ptolemy/domains/de/test/auto/MergeModel1Add.xml (RunModel)" time="0.025" />
  <testcase classname="ptolemy.util.test.junit.AutoTests" name="[33] /home/travis/build/icyphy/ptII/ptolemy/domains/de/test/auto/MergeModel2Add.xml (RunModel)" time="0.024" />
  <testcase classname="ptolemy.util.test.junit.AutoTests" name="[34] /home/travis/build/icyphy/ptII/ptolemy/domains/de/test/auto/MergeModel3Add.xml (RunModel)" time="0.028" />
  <testcase classname="ptolemy.util.test.junit.AutoTests" name="[35] /home/travis/build/icyphy/ptII/ptolemy/domains/de/test/auto/MergeWithoutDiscard.xml (RunModel)" time="0.007" />
  <testcase classname="ptolemy.util.test.junit.AutoTests" name="[36] /home/travis/build/icyphy/ptII/ptolemy/domains/de/test/auto/Modal1.xml (RunModel)" time="0.018" />
  <testcase classname="ptolemy.util.test.junit.AutoTests" name="[37] /home/travis/build/icyphy/ptII/ptolemy/domains/de/test/auto/Modal2.xml (RunModel)" time="0.019" />
  <testcase classname="ptolemy.util.test.junit.AutoTests" name="[38] /home/travis/build/icyphy/ptII/ptolemy/domains/de/test/auto/Modal3.xml (RunModel)" time="0.021" />
  <testcase classname="ptolemy.util.test.junit.AutoTests" name="[39] /home/travis/build/icyphy/ptII/ptolemy/domains/de/test/auto/Modal4.xml (RunModel)" time="0.019" />
  <testcase classname="ptolemy.util.test.junit.AutoTests" name="[40] /home/travis/build/icyphy/ptII/ptolemy/domains/de/test/auto/Modal5.xml (RunModel)" time="0.019" />
  <testcase classname="ptolemy.util.test.junit.AutoTests" name="[41] /home/travis/build/icyphy/ptII/ptolemy/domains/de/test/auto/Modal6.xml (RunModel)" time="0.018" />
  <testcase classname="ptolemy.util.test.junit.AutoTests" name="[42] /home/travis/build/icyphy/ptII/ptolemy/domains/de/test/auto/Modal7.xml (RunModel)" time="0.019" />
  <testcase classname="ptolemy.util.test.junit.AutoTests" name="[43] /home/travis/build/icyphy/ptII/ptolemy/domains/de/test/auto/ModalModel.xml (RunModel)" time="0.105" />
  <testcase classname="ptolemy.util.test.junit.AutoTests" name="[44] /home/travis/build/icyphy/ptII/ptolemy/domains/de/test/auto/ModalSource.xml (RunModel)" time="0.013" />
  <testcase classname="ptolemy.util.test.junit.AutoTests" name="[45] /home/travis/build/icyphy/ptII/ptolemy/domains/de/test/auto/NonInterruptibleTimerZeroDelay.xml (RunModel)" time="0.008" />
  <testcase classname="ptolemy.util.test.junit.AutoTests" name="[46] /home/travis/build/icyphy/ptII/ptolemy/domains/de/test/auto/OpenQueueingNetwork.xml (RunModel)" time="1.72" />
  <testcase classname="ptolemy.util.test.junit.AutoTests" name="[47] /home/travis/build/icyphy/ptII/ptolemy/domains/de/test/auto/OpenQueuingNetwork.xml (RunModel)" time="0.249" />
  <testcase classname="ptolemy.util.test.junit.AutoTests" name="[48] /home/travis/build/icyphy/ptII/ptolemy/domains/de/test/auto/PeriodicSampler.xml (RunModel)" time="0.012" />
  <testcase classname="ptolemy.util.test.junit.AutoTests" name="[49] /home/travis/build/icyphy/ptII/ptolemy/domains/de/test/auto/PersistentIO.xml (RunModel)" time="0.017" />
  <testcase classname="ptolemy.util.test.junit.AutoTests" name="[50] /home/travis/build/icyphy/ptII/ptolemy/domains/de/test/auto/PortParameterResetOnInitialize.xml (RunModel)" time="0.009" />
  <testcase classname="ptolemy.util.test.junit.AutoTests" name="[51] /home/travis/build/icyphy/ptII/ptolemy/domains/de/test/auto/PortParameterUpdates.xml (RunModel)" time="0.012" />
  <testcase classname="ptolemy.util.test.junit.AutoTests" name="[52] /home/travis/build/icyphy/ptII/ptolemy/domains/de/test/auto/QueueAndServer.xml (RunModel)" time="0.019" />
  <testcase classname="ptolemy.util.test.junit.AutoTests" name="[53] /home/travis/build/icyphy/ptII/ptolemy/domains/de/test/auto/Records.xml (RunModel)" time="0.018" />
  <testcase classname="ptolemy.util.test.junit.AutoTests" name="[54] /home/travis/build/icyphy/ptII/ptolemy/domains/de/test/auto/ResetTransitionWithStartTime1.xml (RunModel)" time="0.015" />
  <testcase classname="ptolemy.util.test.junit.AutoTests" name="[55] /home/travis/build/icyphy/ptII/ptolemy/domains/de/test/auto/ResetTransitionWithStartTime2.xml (RunModel)" time="0.017" />
  <testcase classname="ptolemy.util.test.junit.AutoTests" name="[56] /home/travis/build/icyphy/ptII/ptolemy/domains/de/test/auto/ResetTransitionWithStartTime3.xml (RunModel)" time="0.016" />
  <testcase classname="ptolemy.util.test.junit.AutoTests" name="[57] /home/travis/build/icyphy/ptII/ptolemy/domains/de/test/auto/ResetTransitionWithStartTime4.xml (RunModel)" time="0.021" />
  <testcase classname="ptolemy.util.test.junit.AutoTests" name="[58] /home/travis/build/icyphy/ptII/ptolemy/domains/de/test/auto/ResettableTimer1.xml (RunModel)" time="0.01" />
  <testcase classname="ptolemy.util.test.junit.AutoTests" name="[59] /home/travis/build/icyphy/ptII/ptolemy/domains/de/test/auto/ResettableTimer2.xml (RunModel)" time="0.009" />
  <testcase classname="ptolemy.util.test.junit.AutoTests" name="[60] /home/travis/build/icyphy/ptII/ptolemy/domains/de/test/auto/ResettableTimer3.xml (RunModel)" time="0.008" />
  <testcase classname="ptolemy.util.test.junit.AutoTests" name="[61] /home/travis/build/icyphy/ptII/ptolemy/domains/de/test/auto/ResettableTimer4.xml (RunModel)" time="0.008" />
  <testcase classname="ptolemy.util.test.junit.AutoTests" name="[62] /home/travis/build/icyphy/ptII/ptolemy/domains/de/test/auto/ResettableTimer5.xml (RunModel)" time="0.008" />
  <testcase classname="ptolemy.util.test.junit.AutoTests" name="[63] /home/travis/build/icyphy/ptII/ptolemy/domains/de/test/auto/ResettableTimer6.xml (RunModel)" time="0.016" />
  <testcase classname="ptolemy.util.test.junit.AutoTests" name="[64] /home/travis/build/icyphy/ptII/ptolemy/domains/de/test/auto/ServerZeroDelay.xml (RunModel)" time="0.011" />
  <testcase classname="ptolemy.util.test.junit.AutoTests" name="[65] /home/travis/build/icyphy/ptII/ptolemy/domains/de/test/auto/SmartSender.xml (RunModel)" time="3.008" />
  <testcase classname="ptolemy.util.test.junit.AutoTests" name="[66] /home/travis/build/icyphy/ptII/ptolemy/domains/de/test/auto/ThreadedComposite.xml (RunModel)" time="0.207" />
  <testcase classname="ptolemy.util.test.junit.AutoTests" name="[67] /home/travis/build/icyphy/ptII/ptolemy/domains/de/test/auto/Time.xml (RunModel)" time="0.382" />
  <testcase classname="ptolemy.util.test.junit.AutoTests" name="[68] /home/travis/build/icyphy/ptII/ptolemy/domains/de/test/auto/TimeDelayZeroDelay.xml (RunModel)" time="0.011" />
  <testcase classname="ptolemy.util.test.junit.AutoTests" name="[69] /home/travis/build/icyphy/ptII/ptolemy/domains/de/test/auto/TimerZeroDelay.xml (RunModel)" time="0.009" />
  <testcase classname="ptolemy.util.test.junit.AutoTests" name="[70] /home/travis/build/icyphy/ptII/ptolemy/domains/de/test/auto/TimingParadox.xml (RunModel)" time="0.316" />
  <testcase classname="ptolemy.util.test.junit.AutoTests" name="[71] /home/travis/build/icyphy/ptII/ptolemy/domains/de/test/auto/TransferInputs.xml (RunModel)" time="0.013" />
  <testcase classname="ptolemy.util.test.junit.AutoTests" name="[72] /home/travis/build/icyphy/ptII/ptolemy/domains/de/test/auto/TransferOutputs2.xml (RunModel)" time="0.014" />
  <testcase classname="ptolemy.util.test.junit.AutoTests" name="[73] /home/travis/build/icyphy/ptII/ptolemy/domains/de/test/auto/Trilateration.xml (RunModel)" time="10.948" />
  <testcase classname="ptolemy.util.test.junit.AutoTests" name="[74] /home/travis/build/icyphy/ptII/ptolemy/domains/de/test/auto/TwoSigmaDelta.xml (RunModel)" time="1.831" />
  <testcase classname="ptolemy.util.test.junit.AutoTests" name="[75] /home/travis/build/icyphy/ptII/ptolemy/domains/de/test/auto/VariableDelay.xml (RunModel)" time="0.014" />
  <testcase classname="ptolemy.util.test.junit.AutoTests" name="[76] /home/travis/build/icyphy/ptII/ptolemy/domains/de/test/auto/VariableDelay2.xml (RunModel)" time="0.007" />
  <testcase classname="ptolemy.util.test.junit.AutoTests" name="[77] /home/travis/build/icyphy/ptII/ptolemy/domains/de/test/auto/VariableDelayZeroDelay.xml (RunModel)" time="0.009" />
  <testcase classname="ptolemy.util.test.junit.AutoTests" name="[78] /home/travis/build/icyphy/ptII/ptolemy/domains/de/test/auto/VariableDelayZeroDelay2.xml (RunModel)" time="0.009" />
  <testcase classname="ptolemy.util.test.junit.AutoTests" name="[79] /home/travis/build/icyphy/ptII/ptolemy/domains/de/test/auto/deInCt.xml (RunModel)" time="0.013" />
  <testcase classname="ptolemy.util.test.junit.AutoTests" name="[80] /home/travis/build/icyphy/ptII/ptolemy/domains/de/test/auto/deInCt2.xml (RunModel)" time="0.011" />
  <testcase classname="ptolemy.util.test.junit.AutoTests" name="[81] /home/travis/build/icyphy/ptII/ptolemy/domains/de/test/auto/dynamicCausalityInterface1.xml (RunModel)" time="0.015" />
  <testcase classname="ptolemy.util.test.junit.AutoTests" name="[82] /home/travis/build/icyphy/ptII/ptolemy/domains/de/test/auto/fsm_de_test.xml (RunModel)" time="0.02" />
  <testcase classname="ptolemy.util.test.junit.AutoTests" name="[83] /home/travis/build/icyphy/ptII/ptolemy/domains/de/test/auto/functionDependencyReconstruction.xml (RunModel)" time="0.029" />
  <testcase classname="ptolemy.util.test.junit.AutoTests" name="[84] /home/travis/build/icyphy/ptII/ptolemy/domains/de/test/auto/multirate.xml (RunModel)" time="0.014" />
  <testcase classname="ptolemy.util.test.junit.AutoTests" name="[85] /home/travis/build/icyphy/ptII/ptolemy/domains/de/test/auto/multirate2.xml (RunModel)" time="0.013" />
  <testcase classname="ptolemy.util.test.junit.AutoTests" name="[86] /home/travis/build/icyphy/ptII/ptolemy/domains/de/test/auto/realtime.xml (RunModel)" time="10.01" />
  <testcase classname="ptolemy.util.test.junit.AutoTests" name="[87] /home/travis/build/icyphy/ptII/ptolemy/domains/de/test/auto/relationGroup.xml (RunModel)" time="0.011" />
  <testcase classname="ptolemy.util.test.junit.AutoTests" name="[88] /home/travis/build/icyphy/ptII/ptolemy/domains/de/test/auto/relationGroup2.xml (RunModel)" time="0.007" />
  <testcase classname="ptolemy.util.test.junit.AutoTests" name="[89] /home/travis/build/icyphy/ptII/ptolemy/domains/de/test/auto/sortWithOpaquePorts.xml (RunModel)" time="0.012" />
  <testcase classname="ptolemy.util.test.junit.AutoTests" name="[90] /home/travis/build/icyphy/ptII/ptolemy/domains/de/test/auto/transferInputsandOutputs.xml (RunModel)" time="0.022" />
  <testcase classname="ptolemy.util.test.junit.AutoTests" name="[91] /home/travis/build/icyphy/ptII/ptolemy/domains/de/test/auto/triggerType.xml (RunModel)" time="0.007" />
  <system-out><![CDATA[/home/travis/build/icyphy/ptII/ptolemy/domains/de/test/DependencyLoop.tcl
testDefs.tcl: setting time out to 9000 seconds at Tue Jun 05 16:48:30 UTC 2018
17 ms. Memory: 116224K Free: 95069K (82%)
13 ms. Memory: 146944K Free: 137828K (94%)
/home/travis/build/icyphy/ptII/ptolemy/domains/de/test/RunDETestsAsQSS.tcl
Run the DE tests using ptolemy.domains.qss.test.QSSDirectorTest, which extends QSSDirector and prints a message in the constructors.
------------------ testing $PTII/ptolemy/domains/de/test/auto/knownFailedTests/dependencyLoop.xml (Known Failure) 
11 ms. Memory: 146944K Free: 133555K (91%)


==== $PTIIhome/travis/build/icyphy/ptII/ptolemy/domains/de/test/../../../../: Auto Automatic test in file $PTII/ptolemy/domains/de/test/auto/knownFailedTests/dependencyLoop.xml
==== Contents of test case:

	    # FIXME: we should use $relativeFilename here, but it
	    # might have backslashes under Windows, which causes no end
	    # of trouble.
	    createAndExecute $file
	    list {}
	
.... Test generated KNOWN error:
    while executing
ptolemy.kernel.util.IllegalActionException: Found a zero delay loop containing .dependencyLoop.original
  in .dependencyLoop and .dependencyLoop.original
	at ptolemy.actor.util.CausalityInterfaceForComposites._computeOutputPortDepth(CausalityInterfaceForComposites.java:759)
	at ptolemy.actor.util.CausalityInterfaceForComposites._computeInputDepth(CausalityInterfaceForComposites.java:696)
	at ptolemy.actor.util.CausalityInterfaceForComposites._computeOutputPortDepth(CausalityInterfaceForComposites.java:765)
	at ptolemy.actor.util.CausalityInterfaceForComposites._computeInputDepth(CausalityInterfaceForComposites.java:696)
	at ptolemy.actor.util.CausalityInterfaceForComposites._computeOutputPortDepth(CausalityInterfaceForComposites.java:765)
	at ptolemy.actor.util.CausalityInterfaceForComposites._computeInputDepth(CausalityInterfaceForComposites.java:696)
	at ptolemy.actor.util.CausalityInterfaceForComposites._computeActorDepth(CausalityInterfaceForComposites.java:532)
	at ptolemy.actor.util.CausalityInterfaceForComposites.checkForCycles(CausalityInterfaceForComposites.java:96)
	at ptolemy.domains.de.kernel.DEDirector.preinitialize(DEDirector.java:1337)
	at ptolemy.actor.CompositeActor.preinitialize(CompositeActor.java:1828)
	at ptolemy.actor.Manager.preinitializeAndResolveTypes(Manager.java:1040)
	at ptolemy.actor.Manager.initialize(Manager.java:710)
	at ptolemy.actor.Manager.execute(Manager.java:356)
	at ptolemy.actor.Manager.run(Manager.java:1263)
	at ptolemy.actor.Manager$PtolemyRunThread.run(Manager.java:1915)

    while executing
ptolemy.kernel.util.IllegalActionException: Found a zero delay loop containing .dependencyLoop.original
  in .dependencyLoop and .dependencyLoop.original
    while executing
"java::new ptolemy.moml.MoMLSimpleApplication $file
"
    (procedure "createAndExecute" line 2)
    invoked from within
"createAndExecute $file"
    ("uplevel" body line 5)
    invoked from within
"uplevel $contents_of_test"
------------------ testing $PTII/ptolemy/domains/de/test/auto/knownFailedTests/DESDFClockTest.xml (Known Failure) 
2073 ms. Memory: 146944K Free: 117706K (80%)


==== $PTIIhome/travis/build/icyphy/ptII/ptolemy/domains/de/test/../../../../: Auto Automatic test in file $PTII/ptolemy/domains/de/test/auto/knownFailedTests/DESDFClockTest.xml
==== Contents of test case:

	    # FIXME: we should use $relativeFilename here, but it
	    # might have backslashes under Windows, which causes no end
	    # of trouble.
	    createAndExecute $file
	    list {}
	
.... Test generated KNOWN error:
    while executing
ptolemy.kernel.util.IllegalActionException: Actor is not ready to fire.  Perhaps UpSample.prefire() returned false? Try debugging the actor by selecting "Listen to Actor".  Also, for SDF check moml for tokenConsumptionRate on input.
  in .DESDFClockTest.Play Bell.Copy1:SDF Director and .DESDFClockTest.Play Bell.UpSample
	at ptolemy.actor.sched.StaticSchedulingDirector.fire(StaticSchedulingDirector.java:227)
	at ptolemy.domains.sdf.kernel.SDFDirector.fire(SDFDirector.java:500)
	at ptolemy.actor.CompositeActor.fire(CompositeActor.java:455)
	at ptolemy.domains.de.kernel.DEDirector._fire(DEDirector.java:1948)
	at ptolemy.domains.de.kernel.DEDirector.fire(DEDirector.java:502)
	at ptolemy.actor.CompositeActor.fire(CompositeActor.java:455)
	at ptolemy.actor.Manager.iterate(Manager.java:851)
	at ptolemy.actor.Manager.execute(Manager.java:369)
	at ptolemy.actor.Manager.run(Manager.java:1263)
	at ptolemy.actor.Manager$PtolemyRunThread.run(Manager.java:1915)

    while executing
ptolemy.kernel.util.IllegalActionException: Actor is not ready to fire.  Perhaps UpSample.prefire() returned false? Try debugging the actor by selecting "Listen to Actor".  Also, for SDF check moml for tokenConsumptionRate on input.
  in .DESDFClockTest.Play Bell.Copy1:SDF Director and .DESDFClockTest.Play Bell.UpSample
    while executing
"java::new ptolemy.moml.MoMLSimpleApplication $file
"
    (procedure "createAndExecute" line 2)
    invoked from within
"createAndExecute $file"
    ("uplevel" body line 5)
    invoked from within
"uplevel $contents_of_test"
------------------ testing $PTII/ptolemy/domains/de/test/auto/knownFailedTests/FSMSource.xml (Known Failure) 
19 ms. Memory: 146944K Free: 108714K (74%)
!!!! Auto was marked as failing, but now passes
------------------ testing $PTII/ptolemy/domains/de/test/auto/knownFailedTests/dependencyLoop2.xml (Known Failure) 
6 ms. Memory: 146944K Free: 106831K (73%)


==== $PTIIhome/travis/build/icyphy/ptII/ptolemy/domains/de/test/../../../../: Auto Automatic test in file $PTII/ptolemy/domains/de/test/auto/knownFailedTests/dependencyLoop2.xml
==== Contents of test case:

	    # FIXME: we should use $relativeFilename here, but it
	    # might have backslashes under Windows, which causes no end
	    # of trouble.
	    createAndExecute $file
	    list {}
	
.... Test generated KNOWN error:
    while executing
ptolemy.kernel.util.IllegalActionException: Found a zero delay loop containing .dependencyLoop2.original
  in .dependencyLoop2 and .dependencyLoop2.original
	at ptolemy.actor.util.CausalityInterfaceForComposites._computeOutputPortDepth(CausalityInterfaceForComposites.java:759)
	at ptolemy.actor.util.CausalityInterfaceForComposites._computeInputDepth(CausalityInterfaceForComposites.java:696)
	at ptolemy.actor.util.CausalityInterfaceForComposites._computeOutputPortDepth(CausalityInterfaceForComposites.java:765)
	at ptolemy.actor.util.CausalityInterfaceForComposites._computeInputDepth(CausalityInterfaceForComposites.java:696)
	at ptolemy.actor.util.CausalityInterfaceForComposites._computeOutputPortDepth(CausalityInterfaceForComposites.java:765)
	at ptolemy.actor.util.CausalityInterfaceForComposites._computeInputDepth(CausalityInterfaceForComposites.java:696)
	at ptolemy.actor.util.CausalityInterfaceForComposites._computeActorDepth(CausalityInterfaceForComposites.java:532)
	at ptolemy.actor.util.CausalityInterfaceForComposites.checkForCycles(CausalityInterfaceForComposites.java:96)
	at ptolemy.domains.de.kernel.DEDirector.preinitialize(DEDirector.java:1337)
	at ptolemy.actor.CompositeActor.preinitialize(CompositeActor.java:1828)
	at ptolemy.actor.Manager.preinitializeAndResolveTypes(Manager.java:1040)
	at ptolemy.actor.Manager.initialize(Manager.java:710)
	at ptolemy.actor.Manager.execute(Manager.java:356)
	at ptolemy.actor.Manager.run(Manager.java:1263)
	at ptolemy.actor.Manager$PtolemyRunThread.run(Manager.java:1915)

    while executing
ptolemy.kernel.util.IllegalActionException: Found a zero delay loop containing .dependencyLoop2.original
  in .dependencyLoop2 and .dependencyLoop2.original
    while executing
"java::new ptolemy.moml.MoMLSimpleApplication $file
"
    (procedure "createAndExecute" line 2)
    invoked from within
"createAndExecute $file"
    ("uplevel" body line 5)
    invoked from within
"uplevel $contents_of_test"
------------------ testing $PTII/ptolemy/domains/de/test/auto/knownFailedTests/HierarchicalModel.xml (Known Failure) 
6 ms. Memory: 146944K Free: 86231K (59%)


==== $PTIIhome/travis/build/icyphy/ptII/ptolemy/domains/de/test/../../../../: Auto Automatic test in file $PTII/ptolemy/domains/de/test/auto/knownFailedTests/HierarchicalModel.xml
==== Contents of test case:

	    # FIXME: we should use $relativeFilename here, but it
	    # might have backslashes under Windows, which causes no end
	    # of trouble.
	    createAndExecute $file
	    list {}
	
.... Test generated KNOWN error:
    while executing
ptolemy.kernel.util.IllegalActionException: Found a zero delay loop containing .HierarchicalModel.A
  in .HierarchicalModel and .HierarchicalModel.A
	at ptolemy.actor.util.CausalityInterfaceForComposites._computeOutputPortDepth(CausalityInterfaceForComposites.java:759)
	at ptolemy.actor.util.CausalityInterfaceForComposites._computeInputDepth(CausalityInterfaceForComposites.java:696)
	at ptolemy.actor.util.CausalityInterfaceForComposites._computeOutputPortDepth(CausalityInterfaceForComposites.java:765)
	at ptolemy.actor.util.CausalityInterfaceForComposites._computeInputDepth(CausalityInterfaceForComposites.java:696)
	at ptolemy.actor.util.CausalityInterfaceForComposites._computeOutputPortDepth(CausalityInterfaceForComposites.java:765)
	at ptolemy.actor.util.CausalityInterfaceForComposites._computeInputDepth(CausalityInterfaceForComposites.java:696)
	at ptolemy.actor.util.CausalityInterfaceForComposites._computeActorDepth(CausalityInterfaceForComposites.java:532)
	at ptolemy.actor.util.CausalityInterfaceForComposites.checkForCycles(CausalityInterfaceForComposites.java:96)
	at ptolemy.domains.de.kernel.DEDirector.preinitialize(DEDirector.java:1337)
	at ptolemy.actor.CompositeActor.preinitialize(CompositeActor.java:1828)
	at ptolemy.actor.Manager.preinitializeAndResolveTypes(Manager.java:1040)
	at ptolemy.actor.Manager.initialize(Manager.java:710)
	at ptolemy.actor.Manager.execute(Manager.java:356)
	at ptolemy.actor.Manager.run(Manager.java:1263)
	at ptolemy.actor.Manager$PtolemyRunThread.run(Manager.java:1915)

    while executing
ptolemy.kernel.util.IllegalActionException: Found a zero delay loop containing .HierarchicalModel.A
  in .HierarchicalModel and .HierarchicalModel.A
    while executing
"java::new ptolemy.moml.MoMLSimpleApplication $file
"
    (procedure "createAndExecute" line 2)
    invoked from within
"createAndExecute $file"
    ("uplevel" body line 5)
    invoked from within
"uplevel $contents_of_test"
------------------ testing $PTII/ptolemy/domains/de/test/auto/knownFailedTests/DirectFeedback.xml (Known Failure) 
29 ms. Memory: 146944K Free: 142567K (97%)


==== $PTIIhome/travis/build/icyphy/ptII/ptolemy/domains/de/test/../../../../: Auto Automatic test in file $PTII/ptolemy/domains/de/test/auto/knownFailedTests/DirectFeedback.xml
==== Contents of test case:

	    # FIXME: we should use $relativeFilename here, but it
	    # might have backslashes under Windows, which causes no end
	    # of trouble.
	    createAndExecute $file
	    list {}
	
.... Test generated KNOWN error:
    while executing
ptolemy.kernel.util.IllegalActionException: Test fails in iteration 1.
Value was: 1.0. Should have been: 2.0
  in .DirectFeedback.Test
	at ptolemy.actor.lib.Test.fire(Test.java:268)
	at ptolemy.domains.de.kernel.DEDirector._fire(DEDirector.java:1948)
	at ptolemy.domains.de.kernel.DEDirector.fire(DEDirector.java:502)
	at ptolemy.actor.CompositeActor.fire(CompositeActor.java:455)
	at ptolemy.actor.Manager.iterate(Manager.java:851)
	at ptolemy.actor.Manager.execute(Manager.java:369)
	at ptolemy.actor.Manager.run(Manager.java:1263)
	at ptolemy.actor.Manager$PtolemyRunThread.run(Manager.java:1915)

    while executing
ptolemy.kernel.util.IllegalActionException: Test fails in iteration 1.
Value was: 1.0. Should have been: 2.0
  in .DirectFeedback.Test
    while executing
"java::new ptolemy.moml.MoMLSimpleApplication $file
"
    (procedure "createAndExecute" line 2)
    invoked from within
"createAndExecute $file"
    ("uplevel" body line 5)
    invoked from within
"uplevel $contents_of_test"
------------------ testing $PTII/ptolemy/domains/de/test/auto/ActorDepthCalculation_actorWithoutPorts.xml
auto.tcl: Setting watchdog for 200 seconds at Tue Jun 05 16:48:33 UTC 2018
8 ms. Memory: 146944K Free: 133591K (91%)
ptolemy.util.test.WatchDog.cancel(): canceling Tue Jun 05 16:48:33 UTC 2018
auto.tcl: Setting watchdog for 200 seconds at Tue Jun 05 16:48:33 UTC 2018
4 ms. Memory: 146944K Free: 132551K (90%)
ptolemy.util.test.WatchDog.cancel(): canceling Tue Jun 05 16:48:33 UTC 2018
------------------ testing $PTII/ptolemy/domains/de/test/auto/AssemblyLine.xml
auto.tcl: Setting watchdog for 200 seconds at Tue Jun 05 16:48:34 UTC 2018
17 ms. Memory: 208384K Free: 182828K (88%)
ptolemy.util.test.WatchDog.cancel(): canceling Tue Jun 05 16:48:34 UTC 2018
auto.tcl: Setting watchdog for 200 seconds at Tue Jun 05 16:48:34 UTC 2018
7 ms. Memory: 208384K Free: 182828K (88%)
ptolemy.util.test.WatchDog.cancel(): canceling Tue Jun 05 16:48:34 UTC 2018
------------------ testing $PTII/ptolemy/domains/de/test/auto/CQBug1.xml
auto.tcl: Setting watchdog for 200 seconds at Tue Jun 05 16:48:34 UTC 2018
7 ms. Memory: 208384K Free: 197708K (95%)
ptolemy.util.test.WatchDog.cancel(): canceling Tue Jun 05 16:48:34 UTC 2018
auto.tcl: Setting watchdog for 200 seconds at Tue Jun 05 16:48:34 UTC 2018
2 ms. Memory: 208384K Free: 197708K (95%)
ptolemy.util.test.WatchDog.cancel(): canceling Tue Jun 05 16:48:34 UTC 2018
------------------ testing $PTII/ptolemy/domains/de/test/auto/CancelFireAt.xml
auto.tcl: Setting watchdog for 200 seconds at Tue Jun 05 16:48:34 UTC 2018
3 ms. Memory: 208384K Free: 201433K (97%)
ptolemy.util.test.WatchDog.cancel(): canceling Tue Jun 05 16:48:34 UTC 2018
auto.tcl: Setting watchdog for 200 seconds at Tue Jun 05 16:48:34 UTC 2018
5 ms. Memory: 208384K Free: 199328K (96%)
ptolemy.util.test.WatchDog.cancel(): canceling Tue Jun 05 16:48:34 UTC 2018
------------------ testing $PTII/ptolemy/domains/de/test/auto/CausalityAndComposabilityAnalysis.xml
auto.tcl: Setting watchdog for 200 seconds at Tue Jun 05 16:48:34 UTC 2018
24 ms. Memory: 208384K Free: 196467K (94%)
ptolemy.util.test.WatchDog.cancel(): canceling Tue Jun 05 16:48:34 UTC 2018
auto.tcl: Setting watchdog for 200 seconds at Tue Jun 05 16:48:34 UTC 2018
5 ms. Memory: 208384K Free: 196467K (94%)
ptolemy.util.test.WatchDog.cancel(): canceling Tue Jun 05 16:48:34 UTC 2018
------------------ testing $PTII/ptolemy/domains/de/test/auto/CausalityInterface1.xml
auto.tcl: Setting watchdog for 200 seconds at Tue Jun 05 16:48:34 UTC 2018
14 ms. Memory: 208384K Free: 196420K (94%)
ptolemy.util.test.WatchDog.cancel(): canceling Tue Jun 05 16:48:34 UTC 2018
auto.tcl: Setting watchdog for 200 seconds at Tue Jun 05 16:48:34 UTC 2018
4 ms. Memory: 208384K Free: 196420K (94%)
ptolemy.util.test.WatchDog.cancel(): canceling Tue Jun 05 16:48:34 UTC 2018
------------------ testing $PTII/ptolemy/domains/de/test/auto/CausalityInterface15.xml
auto.tcl: Setting watchdog for 200 seconds at Tue Jun 05 16:48:34 UTC 2018
5 ms. Memory: 208384K Free: 196394K (94%)
ptolemy.util.test.WatchDog.cancel(): canceling Tue Jun 05 16:48:34 UTC 2018
auto.tcl: Setting watchdog for 200 seconds at Tue Jun 05 16:48:34 UTC 2018
9 ms. Memory: 208384K Free: 196394K (94%)
ptolemy.util.test.WatchDog.cancel(): canceling Tue Jun 05 16:48:34 UTC 2018
------------------ testing $PTII/ptolemy/domains/de/test/auto/CausalityInterface2.xml
auto.tcl: Setting watchdog for 200 seconds at Tue Jun 05 16:48:35 UTC 2018
4 ms. Memory: 208384K Free: 196732K (94%)
ptolemy.util.test.WatchDog.cancel(): canceling Tue Jun 05 16:48:35 UTC 2018
auto.tcl: Setting watchdog for 200 seconds at Tue Jun 05 16:48:35 UTC 2018
3 ms. Memory: 208384K Free: 196732K (94%)
ptolemy.util.test.WatchDog.cancel(): canceling Tue Jun 05 16:48:35 UTC 2018
------------------ testing $PTII/ptolemy/domains/de/test/auto/CausalityInterface3.xml
auto.tcl: Setting watchdog for 200 seconds at Tue Jun 05 16:48:35 UTC 2018
8 ms. Memory: 208384K Free: 196745K (94%)
ptolemy.util.test.WatchDog.cancel(): canceling Tue Jun 05 16:48:35 UTC 2018
auto.tcl: Setting watchdog for 200 seconds at Tue Jun 05 16:48:35 UTC 2018
5 ms. Memory: 208384K Free: 196407K (94%)
ptolemy.util.test.WatchDog.cancel(): canceling Tue Jun 05 16:48:35 UTC 2018
------------------ testing $PTII/ptolemy/domains/de/test/auto/ClockDrift.xml
auto.tcl: Setting watchdog for 200 seconds at Tue Jun 05 16:48:35 UTC 2018
86 ms. Memory: 208384K Free: 187584K (90%)
ptolemy.util.test.WatchDog.cancel(): canceling Tue Jun 05 16:48:35 UTC 2018
auto.tcl: Setting watchdog for 200 seconds at Tue Jun 05 16:48:35 UTC 2018
45 ms. Memory: 208384K Free: 185479K (89%)
ptolemy.util.test.WatchDog.cancel(): canceling Tue Jun 05 16:48:35 UTC 2018
------------------ testing $PTII/ptolemy/domains/de/test/auto/ClockDriftAndValueChange.xml
auto.tcl: Setting watchdog for 200 seconds at Tue Jun 05 16:48:35 UTC 2018
35 ms. Memory: 208384K Free: 187388K (90%)
ptolemy.util.test.WatchDog.cancel(): canceling Tue Jun 05 16:48:35 UTC 2018
auto.tcl: Setting watchdog for 200 seconds at Tue Jun 05 16:48:35 UTC 2018
19 ms. Memory: 208384K Free: 185282K (89%)
ptolemy.util.test.WatchDog.cancel(): canceling Tue Jun 05 16:48:35 UTC 2018
------------------ testing $PTII/ptolemy/domains/de/test/auto/ClockDriftChange.xml
auto.tcl: Setting watchdog for 200 seconds at Tue Jun 05 16:48:35 UTC 2018
39 ms. Memory: 208384K Free: 190789K (92%)
ptolemy.util.test.WatchDog.cancel(): canceling Tue Jun 05 16:48:35 UTC 2018
auto.tcl: Setting watchdog for 200 seconds at Tue Jun 05 16:48:35 UTC 2018
16 ms. Memory: 208384K Free: 188683K (91%)
ptolemy.util.test.WatchDog.cancel(): canceling Tue Jun 05 16:48:35 UTC 2018
------------------ testing $PTII/ptolemy/domains/de/test/auto/ComposableCausalityAnalysis.xml
auto.tcl: Setting watchdog for 200 seconds at Tue Jun 05 16:48:35 UTC 2018
12 ms. Memory: 208384K Free: 196594K (94%)
ptolemy.util.test.WatchDog.cancel(): canceling Tue Jun 05 16:48:35 UTC 2018
auto.tcl: Setting watchdog for 200 seconds at Tue Jun 05 16:48:35 UTC 2018
3 ms. Memory: 208384K Free: 194135K (93%)
ptolemy.util.test.WatchDog.cancel(): canceling Tue Jun 05 16:48:35 UTC 2018
------------------ testing $PTII/ptolemy/domains/de/test/auto/DEFixedPointLimitation.xml
auto.tcl: Setting watchdog for 200 seconds at Tue Jun 05 16:48:35 UTC 2018
5 ms. Memory: 208384K Free: 196329K (94%)
ptolemy.util.test.WatchDog.cancel(): canceling Tue Jun 05 16:48:35 UTC 2018
auto.tcl: Setting watchdog for 200 seconds at Tue Jun 05 16:48:35 UTC 2018
1 ms. Memory: 208384K Free: 196329K (94%)
ptolemy.util.test.WatchDog.cancel(): canceling Tue Jun 05 16:48:35 UTC 2018
------------------ testing $PTII/ptolemy/domains/de/test/auto/DEScheduleTest.xml
auto.tcl: Setting watchdog for 200 seconds at Tue Jun 05 16:48:35 UTC 2018
5 ms. Memory: 208384K Free: 198470K (95%)
ptolemy.util.test.WatchDog.cancel(): canceling Tue Jun 05 16:48:36 UTC 2018
auto.tcl: Setting watchdog for 200 seconds at Tue Jun 05 16:48:36 UTC 2018
3 ms. Memory: 208384K Free: 196349K (94%)
ptolemy.util.test.WatchDog.cancel(): canceling Tue Jun 05 16:48:36 UTC 2018
------------------ testing $PTII/ptolemy/domains/de/test/auto/DEinDEwithStartTimes.xml
auto.tcl: Setting watchdog for 200 seconds at Tue Jun 05 16:48:36 UTC 2018
3 ms. Memory: 208384K Free: 196318K (94%)
ptolemy.util.test.WatchDog.cancel(): canceling Tue Jun 05 16:48:36 UTC 2018
auto.tcl: Setting watchdog for 200 seconds at Tue Jun 05 16:48:36 UTC 2018
3 ms. Memory: 208384K Free: 194213K (93%)
ptolemy.util.test.WatchDog.cancel(): canceling Tue Jun 05 16:48:36 UTC 2018
------------------ testing $PTII/ptolemy/domains/de/test/auto/DEinDEwithStartTimes2.xml
auto.tcl: Setting watchdog for 200 seconds at Tue Jun 05 16:48:36 UTC 2018
10 ms. Memory: 208384K Free: 196313K (94%)
ptolemy.util.test.WatchDog.cancel(): canceling Tue Jun 05 16:48:36 UTC 2018
auto.tcl: Setting watchdog for 200 seconds at Tue Jun 05 16:48:36 UTC 2018
4 ms. Memory: 208384K Free: 194192K (93%)
ptolemy.util.test.WatchDog.cancel(): canceling Tue Jun 05 16:48:36 UTC 2018
------------------ testing $PTII/ptolemy/domains/de/test/auto/DateDemo.xml
auto.tcl: Setting watchdog for 200 seconds at Tue Jun 05 16:48:36 UTC 2018
14 ms. Memory: 208384K Free: 188695K (91%)
ptolemy.util.test.WatchDog.cancel(): canceling Tue Jun 05 16:48:36 UTC 2018
auto.tcl: Setting watchdog for 200 seconds at Tue Jun 05 16:48:36 UTC 2018
7 ms. Memory: 208384K Free: 186574K (90%)
ptolemy.util.test.WatchDog.cancel(): canceling Tue Jun 05 16:48:36 UTC 2018
------------------ testing $PTII/ptolemy/domains/de/test/auto/DateToEvent.xml
auto.tcl: Setting watchdog for 200 seconds at Tue Jun 05 16:48:36 UTC 2018
2011 ms. Memory: 208384K Free: 183410K (88%)
ptolemy.util.test.WatchDog.cancel(): canceling Tue Jun 05 16:48:38 UTC 2018
auto.tcl: Setting watchdog for 200 seconds at Tue Jun 05 16:48:38 UTC 2018
2004 ms. Memory: 208384K Free: 180952K (87%)
ptolemy.util.test.WatchDog.cancel(): canceling Tue Jun 05 16:48:40 UTC 2018
------------------ testing $PTII/ptolemy/domains/de/test/auto/DepthTest1.xml
auto.tcl: Setting watchdog for 200 seconds at Tue Jun 05 16:48:40 UTC 2018
3 ms. Memory: 208384K Free: 198335K (95%)
ptolemy.util.test.WatchDog.cancel(): canceling Tue Jun 05 16:48:40 UTC 2018
auto.tcl: Setting watchdog for 200 seconds at Tue Jun 05 16:48:40 UTC 2018
5 ms. Memory: 208384K Free: 198335K (95%)
ptolemy.util.test.WatchDog.cancel(): canceling Tue Jun 05 16:48:40 UTC 2018
------------------ testing $PTII/ptolemy/domains/de/test/auto/DepthTest2.xml
auto.tcl: Setting watchdog for 200 seconds at Tue Jun 05 16:48:40 UTC 2018
7 ms. Memory: 208384K Free: 194519K (93%)
ptolemy.util.test.WatchDog.cancel(): canceling Tue Jun 05 16:48:40 UTC 2018
auto.tcl: Setting watchdog for 200 seconds at Tue Jun 05 16:48:40 UTC 2018
6 ms. Memory: 208384K Free: 194519K (93%)
ptolemy.util.test.WatchDog.cancel(): canceling Tue Jun 05 16:48:40 UTC 2018
------------------ testing $PTII/ptolemy/domains/de/test/auto/DepthTest3.xml
auto.tcl: Setting watchdog for 200 seconds at Tue Jun 05 16:48:40 UTC 2018
6 ms. Memory: 208384K Free: 198331K (95%)
ptolemy.util.test.WatchDog.cancel(): canceling Tue Jun 05 16:48:40 UTC 2018
auto.tcl: Setting watchdog for 200 seconds at Tue Jun 05 16:48:40 UTC 2018
2 ms. Memory: 208384K Free: 198331K (95%)
ptolemy.util.test.WatchDog.cancel(): canceling Tue Jun 05 16:48:40 UTC 2018
------------------ testing $PTII/ptolemy/domains/de/test/auto/DepthTest4.xml
auto.tcl: Setting watchdog for 200 seconds at Tue Jun 05 16:48:40 UTC 2018
4 ms. Memory: 208384K Free: 196329K (94%)
ptolemy.util.test.WatchDog.cancel(): canceling Tue Jun 05 16:48:40 UTC 2018
auto.tcl: Setting watchdog for 200 seconds at Tue Jun 05 16:48:40 UTC 2018
2 ms. Memory: 208384K Free: 196329K (94%)
ptolemy.util.test.WatchDog.cancel(): canceling Tue Jun 05 16:48:40 UTC 2018
------------------ testing $PTII/ptolemy/domains/de/test/auto/DepthTest5.xml
auto.tcl: Setting watchdog for 200 seconds at Tue Jun 05 16:48:40 UTC 2018
5 ms. Memory: 208384K Free: 196598K (94%)
ptolemy.util.test.WatchDog.cancel(): canceling Tue Jun 05 16:48:40 UTC 2018
auto.tcl: Setting watchdog for 200 seconds at Tue Jun 05 16:48:40 UTC 2018
3 ms. Memory: 208384K Free: 196598K (94%)
ptolemy.util.test.WatchDog.cancel(): canceling Tue Jun 05 16:48:40 UTC 2018
------------------ testing $PTII/ptolemy/domains/de/test/auto/DepthTest6.xml
auto.tcl: Setting watchdog for 200 seconds at Tue Jun 05 16:48:40 UTC 2018
8 ms. Memory: 208384K Free: 196583K (94%)
ptolemy.util.test.WatchDog.cancel(): canceling Tue Jun 05 16:48:40 UTC 2018
auto.tcl: Setting watchdog for 200 seconds at Tue Jun 05 16:48:40 UTC 2018
3 ms. Memory: 208384K Free: 196583K (94%)
ptolemy.util.test.WatchDog.cancel(): canceling Tue Jun 05 16:48:40 UTC 2018
------------------ testing $PTII/ptolemy/domains/de/test/auto/DepthTest7.xml
auto.tcl: Setting watchdog for 200 seconds at Tue Jun 05 16:48:40 UTC 2018
6 ms. Memory: 208384K Free: 194973K (94%)
ptolemy.util.test.WatchDog.cancel(): canceling Tue Jun 05 16:48:41 UTC 2018
auto.tcl: Setting watchdog for 200 seconds at Tue Jun 05 16:48:41 UTC 2018
2 ms. Memory: 208384K Free: 194973K (94%)
ptolemy.util.test.WatchDog.cancel(): canceling Tue Jun 05 16:48:41 UTC 2018
------------------ testing $PTII/ptolemy/domains/de/test/auto/EventToDate.xml
auto.tcl: Setting watchdog for 200 seconds at Tue Jun 05 16:48:41 UTC 2018
3005 ms. Memory: 208384K Free: 186019K (89%)
ptolemy.util.test.WatchDog.cancel(): canceling Tue Jun 05 16:48:44 UTC 2018
auto.tcl: Setting watchdog for 200 seconds at Tue Jun 05 16:48:44 UTC 2018
3004 ms. Memory: 208384K Free: 185681K (89%)
ptolemy.util.test.WatchDog.cancel(): canceling Tue Jun 05 16:48:47 UTC 2018
------------------ testing $PTII/ptolemy/domains/de/test/auto/FSM1.xml
auto.tcl: Setting watchdog for 200 seconds at Tue Jun 05 16:48:47 UTC 2018
21 ms. Memory: 208384K Free: 189243K (91%)
ptolemy.util.test.WatchDog.cancel(): canceling Tue Jun 05 16:48:47 UTC 2018
auto.tcl: Setting watchdog for 200 seconds at Tue Jun 05 16:48:47 UTC 2018
39 ms. Memory: 208384K Free: 185017K (89%)
ptolemy.util.test.WatchDog.cancel(): canceling Tue Jun 05 16:48:47 UTC 2018
------------------ testing $PTII/ptolemy/domains/de/test/auto/FSM7.xml
auto.tcl: Setting watchdog for 200 seconds at Tue Jun 05 16:48:47 UTC 2018
15 ms. Memory: 208384K Free: 187648K (90%)
ptolemy.util.test.WatchDog.cancel(): canceling Tue Jun 05 16:48:47 UTC 2018
auto.tcl: Setting watchdog for 200 seconds at Tue Jun 05 16:48:47 UTC 2018
21 ms. Memory: 208384K Free: 185543K (89%)
ptolemy.util.test.WatchDog.cancel(): canceling Tue Jun 05 16:48:47 UTC 2018
------------------ testing $PTII/ptolemy/domains/de/test/auto/Inspection.xml
auto.tcl: Setting watchdog for 200 seconds at Tue Jun 05 16:48:47 UTC 2018
27 ms. Memory: 208384K Free: 188896K (91%)
ptolemy.util.test.WatchDog.cancel(): canceling Tue Jun 05 16:48:47 UTC 2018
auto.tcl: Setting watchdog for 200 seconds at Tue Jun 05 16:48:47 UTC 2018
25 ms. Memory: 208384K Free: 186775K (90%)
ptolemy.util.test.WatchDog.cancel(): canceling Tue Jun 05 16:48:47 UTC 2018
------------------ testing $PTII/ptolemy/domains/de/test/auto/Iteration.xml
auto.tcl: Setting watchdog for 200 seconds at Tue Jun 05 16:48:47 UTC 2018
13 ms. Memory: 208384K Free: 193015K (93%)
ptolemy.util.test.WatchDog.cancel(): canceling Tue Jun 05 16:48:47 UTC 2018
auto.tcl: Setting watchdog for 200 seconds at Tue Jun 05 16:48:47 UTC 2018
6 ms. Memory: 208384K Free: 193015K (93%)
ptolemy.util.test.WatchDog.cancel(): canceling Tue Jun 05 16:48:47 UTC 2018
------------------ testing $PTII/ptolemy/domains/de/test/auto/LineFault.xml
auto.tcl: Setting watchdog for 200 seconds at Tue Jun 05 16:48:47 UTC 2018
696 ms. Memory: 208384K Free: 194984K (94%)
ptolemy.util.test.WatchDog.cancel(): canceling Tue Jun 05 16:48:48 UTC 2018
auto.tcl: Setting watchdog for 200 seconds at Tue Jun 05 16:48:48 UTC 2018
556 ms. Memory: 208384K Free: 137405K (66%)
ptolemy.util.test.WatchDog.cancel(): canceling Tue Jun 05 16:48:49 UTC 2018
------------------ testing $PTII/ptolemy/domains/de/test/auto/MergeModel1Add.xml
auto.tcl: Setting watchdog for 200 seconds at Tue Jun 05 16:48:49 UTC 2018
20 ms. Memory: 331264K Free: 302899K (91%)
ptolemy.util.test.WatchDog.cancel(): canceling Tue Jun 05 16:48:49 UTC 2018
auto.tcl: Setting watchdog for 200 seconds at Tue Jun 05 16:48:49 UTC 2018
8 ms. Memory: 331264K Free: 298961K (90%)
ptolemy.util.test.WatchDog.cancel(): canceling Tue Jun 05 16:48:49 UTC 2018
------------------ testing $PTII/ptolemy/domains/de/test/auto/MergeModel2Add.xml
auto.tcl: Setting watchdog for 200 seconds at Tue Jun 05 16:48:49 UTC 2018
12 ms. Memory: 331264K Free: 304213K (92%)
ptolemy.util.test.WatchDog.cancel(): canceling Tue Jun 05 16:48:49 UTC 2018
auto.tcl: Setting watchdog for 200 seconds at Tue Jun 05 16:48:49 UTC 2018
7 ms. Memory: 331264K Free: 300283K (91%)
ptolemy.util.test.WatchDog.cancel(): canceling Tue Jun 05 16:48:49 UTC 2018
------------------ testing $PTII/ptolemy/domains/de/test/auto/MergeModel3Add.xml
auto.tcl: Setting watchdog for 200 seconds at Tue Jun 05 16:48:49 UTC 2018
8 ms. Memory: 331264K Free: 304223K (92%)
ptolemy.util.test.WatchDog.cancel(): canceling Tue Jun 05 16:48:49 UTC 2018
auto.tcl: Setting watchdog for 200 seconds at Tue Jun 05 16:48:49 UTC 2018
7 ms. Memory: 331264K Free: 300277K (91%)
ptolemy.util.test.WatchDog.cancel(): canceling Tue Jun 05 16:48:49 UTC 2018
------------------ testing $PTII/ptolemy/domains/de/test/auto/MergeWithoutDiscard.xml
auto.tcl: Setting watchdog for 200 seconds at Tue Jun 05 16:48:49 UTC 2018
1 ms. Memory: 331264K Free: 316310K (95%)
ptolemy.util.test.WatchDog.cancel(): canceling Tue Jun 05 16:48:49 UTC 2018
auto.tcl: Setting watchdog for 200 seconds at Tue Jun 05 16:48:49 UTC 2018
2 ms. Memory: 331264K Free: 316310K (95%)
ptolemy.util.test.WatchDog.cancel(): canceling Tue Jun 05 16:48:49 UTC 2018
------------------ testing $PTII/ptolemy/domains/de/test/auto/Modal1.xml
auto.tcl: Setting watchdog for 200 seconds at Tue Jun 05 16:48:49 UTC 2018
12 ms. Memory: 331264K Free: 309935K (94%)
ptolemy.util.test.WatchDog.cancel(): canceling Tue Jun 05 16:48:49 UTC 2018
auto.tcl: Setting watchdog for 200 seconds at Tue Jun 05 16:48:49 UTC 2018
11 ms. Memory: 331264K Free: 306006K (92%)
ptolemy.util.test.WatchDog.cancel(): canceling Tue Jun 05 16:48:49 UTC 2018
------------------ testing $PTII/ptolemy/domains/de/test/auto/Modal2.xml
auto.tcl: Setting watchdog for 200 seconds at Tue Jun 05 16:48:49 UTC 2018
20 ms. Memory: 331264K Free: 310110K (94%)
ptolemy.util.test.WatchDog.cancel(): canceling Tue Jun 05 16:48:49 UTC 2018
auto.tcl: Setting watchdog for 200 seconds at Tue Jun 05 16:48:49 UTC 2018
17 ms. Memory: 331264K Free: 305895K (92%)
ptolemy.util.test.WatchDog.cancel(): canceling Tue Jun 05 16:48:49 UTC 2018
------------------ testing $PTII/ptolemy/domains/de/test/auto/Modal3.xml
auto.tcl: Setting watchdog for 200 seconds at Tue Jun 05 16:48:49 UTC 2018
10 ms. Memory: 331264K Free: 309808K (94%)
ptolemy.util.test.WatchDog.cancel(): canceling Tue Jun 05 16:48:50 UTC 2018
auto.tcl: Setting watchdog for 200 seconds at Tue Jun 05 16:48:50 UTC 2018
10 ms. Memory: 331264K Free: 305863K (92%)
ptolemy.util.test.WatchDog.cancel(): canceling Tue Jun 05 16:48:50 UTC 2018
------------------ testing $PTII/ptolemy/domains/de/test/auto/Modal4.xml
auto.tcl: Setting watchdog for 200 seconds at Tue Jun 05 16:48:50 UTC 2018
25 ms. Memory: 331264K Free: 309821K (94%)
ptolemy.util.test.WatchDog.cancel(): canceling Tue Jun 05 16:48:50 UTC 2018
auto.tcl: Setting watchdog for 200 seconds at Tue Jun 05 16:48:50 UTC 2018
12 ms. Memory: 331264K Free: 305876K (92%)
ptolemy.util.test.WatchDog.cancel(): canceling Tue Jun 05 16:48:50 UTC 2018
------------------ testing $PTII/ptolemy/domains/de/test/auto/Modal5.xml
auto.tcl: Setting watchdog for 200 seconds at Tue Jun 05 16:48:50 UTC 2018
19 ms. Memory: 331264K Free: 310093K (94%)
ptolemy.util.test.WatchDog.cancel(): canceling Tue Jun 05 16:48:50 UTC 2018
auto.tcl: Setting watchdog for 200 seconds at Tue Jun 05 16:48:50 UTC 2018
11 ms. Memory: 331264K Free: 306155K (92%)
ptolemy.util.test.WatchDog.cancel(): canceling Tue Jun 05 16:48:50 UTC 2018
------------------ testing $PTII/ptolemy/domains/de/test/auto/Modal6.xml
auto.tcl: Setting watchdog for 200 seconds at Tue Jun 05 16:48:50 UTC 2018
16 ms. Memory: 331264K Free: 309790K (94%)
ptolemy.util.test.WatchDog.cancel(): canceling Tue Jun 05 16:48:50 UTC 2018
auto.tcl: Setting watchdog for 200 seconds at Tue Jun 05 16:48:50 UTC 2018
11 ms. Memory: 331264K Free: 305844K (92%)
ptolemy.util.test.WatchDog.cancel(): canceling Tue Jun 05 16:48:50 UTC 2018
------------------ testing $PTII/ptolemy/domains/de/test/auto/Modal7.xml
auto.tcl: Setting watchdog for 200 seconds at Tue Jun 05 16:48:50 UTC 2018
17 ms. Memory: 331264K Free: 309798K (94%)
ptolemy.util.test.WatchDog.cancel(): canceling Tue Jun 05 16:48:50 UTC 2018
auto.tcl: Setting watchdog for 200 seconds at Tue Jun 05 16:48:50 UTC 2018
16 ms. Memory: 331264K Free: 305852K (92%)
ptolemy.util.test.WatchDog.cancel(): canceling Tue Jun 05 16:48:50 UTC 2018
------------------ testing $PTII/ptolemy/domains/de/test/auto/ModalModel.xml
auto.tcl: Setting watchdog for 200 seconds at Tue Jun 05 16:48:50 UTC 2018
157 ms. Memory: 331264K Free: 241147K (73%)
ptolemy.util.test.WatchDog.cancel(): canceling Tue Jun 05 16:48:50 UTC 2018
auto.tcl: Setting watchdog for 200 seconds at Tue Jun 05 16:48:50 UTC 2018
163 ms. Memory: 331264K Free: 185995K (56%)
ptolemy.util.test.WatchDog.cancel(): canceling Tue Jun 05 16:48:50 UTC 2018
------------------ testing $PTII/ptolemy/domains/de/test/auto/ModalSource.xml
auto.tcl: Setting watchdog for 200 seconds at Tue Jun 05 16:48:50 UTC 2018
6 ms. Memory: 331264K Free: 316634K (96%)
ptolemy.util.test.WatchDog.cancel(): canceling Tue Jun 05 16:48:50 UTC 2018
auto.tcl: Setting watchdog for 200 seconds at Tue Jun 05 16:48:50 UTC 2018
6 ms. Memory: 331264K Free: 313166K (95%)
ptolemy.util.test.WatchDog.cancel(): canceling Tue Jun 05 16:48:50 UTC 2018
------------------ testing $PTII/ptolemy/domains/de/test/auto/NonInterruptibleTimerZeroDelay.xml
auto.tcl: Setting watchdog for 200 seconds at Tue Jun 05 16:48:51 UTC 2018
4 ms. Memory: 331264K Free: 320956K (97%)
ptolemy.util.test.WatchDog.cancel(): canceling Tue Jun 05 16:48:51 UTC 2018
auto.tcl: Setting watchdog for 200 seconds at Tue Jun 05 16:48:51 UTC 2018
2 ms. Memory: 331264K Free: 317472K (96%)
ptolemy.util.test.WatchDog.cancel(): canceling Tue Jun 05 16:48:51 UTC 2018
------------------ testing $PTII/ptolemy/domains/de/test/auto/OpenQueueingNetwork.xml
auto.tcl: Setting watchdog for 200 seconds at Tue Jun 05 16:48:51 UTC 2018
2644 ms. Memory: 573952K Free: 414165K (72%)
ptolemy.util.test.WatchDog.cancel(): canceling Tue Jun 05 16:48:53 UTC 2018
auto.tcl: Setting watchdog for 200 seconds at Tue Jun 05 16:48:53 UTC 2018
2191 ms. Memory: 550912K Free: 318939K (58%)
ptolemy.util.test.WatchDog.cancel(): canceling Tue Jun 05 16:48:56 UTC 2018
------------------ testing $PTII/ptolemy/domains/de/test/auto/OpenQueuingNetwork.xml
auto.tcl: Setting watchdog for 200 seconds at Tue Jun 05 16:48:56 UTC 2018
225 ms. Memory: 549888K Free: 446025K (81%)
ptolemy.util.test.WatchDog.cancel(): canceling Tue Jun 05 16:48:56 UTC 2018
auto.tcl: Setting watchdog for 200 seconds at Tue Jun 05 16:48:56 UTC 2018
221 ms. Memory: 549888K Free: 386907K (70%)
ptolemy.util.test.WatchDog.cancel(): canceling Tue Jun 05 16:48:56 UTC 2018
------------------ testing $PTII/ptolemy/domains/de/test/auto/PeriodicSampler.xml
auto.tcl: Setting watchdog for 200 seconds at Tue Jun 05 16:48:56 UTC 2018
2 ms. Memory: 551936K Free: 532206K (96%)
ptolemy.util.test.WatchDog.cancel(): canceling Tue Jun 05 16:48:56 UTC 2018
auto.tcl: Setting watchdog for 200 seconds at Tue Jun 05 16:48:56 UTC 2018
2 ms. Memory: 551936K Free: 532206K (96%)
ptolemy.util.test.WatchDog.cancel(): canceling Tue Jun 05 16:48:56 UTC 2018
------------------ testing $PTII/ptolemy/domains/de/test/auto/PersistentIO.xml
auto.tcl: Setting watchdog for 200 seconds at Tue Jun 05 16:48:56 UTC 2018
10 ms. Memory: 549376K Free: 524872K (96%)
ptolemy.util.test.WatchDog.cancel(): canceling Tue Jun 05 16:48:56 UTC 2018
auto.tcl: Setting watchdog for 200 seconds at Tue Jun 05 16:48:56 UTC 2018
4 ms. Memory: 549376K Free: 524872K (96%)
ptolemy.util.test.WatchDog.cancel(): canceling Tue Jun 05 16:48:56 UTC 2018
------------------ testing $PTII/ptolemy/domains/de/test/auto/PortParameterResetOnInitialize.xml
auto.tcl: Setting watchdog for 200 seconds at Tue Jun 05 16:48:56 UTC 2018
6 ms. Memory: 551424K Free: 531926K (96%)
ptolemy.util.test.WatchDog.cancel(): canceling Tue Jun 05 16:48:56 UTC 2018
auto.tcl: Setting watchdog for 200 seconds at Tue Jun 05 16:48:56 UTC 2018
2 ms. Memory: 551424K Free: 531926K (96%)
ptolemy.util.test.WatchDog.cancel(): canceling Tue Jun 05 16:48:56 UTC 2018
------------------ testing $PTII/ptolemy/domains/de/test/auto/PortParameterUpdates.xml
auto.tcl: Setting watchdog for 200 seconds at Tue Jun 05 16:48:56 UTC 2018
5 ms. Memory: 549376K Free: 524851K (96%)
ptolemy.util.test.WatchDog.cancel(): canceling Tue Jun 05 16:48:56 UTC 2018
auto.tcl: Setting watchdog for 200 seconds at Tue Jun 05 16:48:56 UTC 2018
3 ms. Memory: 549376K Free: 524851K (96%)
ptolemy.util.test.WatchDog.cancel(): canceling Tue Jun 05 16:48:56 UTC 2018
------------------ testing $PTII/ptolemy/domains/de/test/auto/QueueAndServer.xml
auto.tcl: Setting watchdog for 200 seconds at Tue Jun 05 16:48:57 UTC 2018
10 ms. Memory: 551424K Free: 526632K (96%)
ptolemy.util.test.WatchDog.cancel(): canceling Tue Jun 05 16:48:57 UTC 2018
auto.tcl: Setting watchdog for 200 seconds at Tue Jun 05 16:48:57 UTC 2018
6 ms. Memory: 551424K Free: 526632K (96%)
ptolemy.util.test.WatchDog.cancel(): canceling Tue Jun 05 16:48:57 UTC 2018
------------------ testing $PTII/ptolemy/domains/de/test/auto/Records.xml
auto.tcl: Setting watchdog for 200 seconds at Tue Jun 05 16:48:57 UTC 2018
19 ms. Memory: 549376K Free: 534596K (97%)
ptolemy.util.test.WatchDog.cancel(): canceling Tue Jun 05 16:48:57 UTC 2018
auto.tcl: Setting watchdog for 200 seconds at Tue Jun 05 16:48:57 UTC 2018
2 ms. Memory: 549376K Free: 529222K (96%)
ptolemy.util.test.WatchDog.cancel(): canceling Tue Jun 05 16:48:57 UTC 2018
------------------ testing $PTII/ptolemy/domains/de/test/auto/ResetTransitionWithStartTime1.xml
auto.tcl: Setting watchdog for 200 seconds at Tue Jun 05 16:48:57 UTC 2018
7 ms. Memory: 551424K Free: 531295K (96%)
ptolemy.util.test.WatchDog.cancel(): canceling Tue Jun 05 16:48:57 UTC 2018
auto.tcl: Setting watchdog for 200 seconds at Tue Jun 05 16:48:57 UTC 2018
6 ms. Memory: 551424K Free: 531295K (96%)
ptolemy.util.test.WatchDog.cancel(): canceling Tue Jun 05 16:48:57 UTC 2018
------------------ testing $PTII/ptolemy/domains/de/test/auto/ResetTransitionWithStartTime2.xml
auto.tcl: Setting watchdog for 200 seconds at Tue Jun 05 16:48:57 UTC 2018
6 ms. Memory: 549376K Free: 529468K (96%)
ptolemy.util.test.WatchDog.cancel(): canceling Tue Jun 05 16:48:57 UTC 2018
auto.tcl: Setting watchdog for 200 seconds at Tue Jun 05 16:48:57 UTC 2018
6 ms. Memory: 549376K Free: 529468K (96%)
ptolemy.util.test.WatchDog.cancel(): canceling Tue Jun 05 16:48:57 UTC 2018
------------------ testing $PTII/ptolemy/domains/de/test/auto/ResetTransitionWithStartTime3.xml
auto.tcl: Setting watchdog for 200 seconds at Tue Jun 05 16:48:57 UTC 2018
4 ms. Memory: 550912K Free: 530987K (96%)
ptolemy.util.test.WatchDog.cancel(): canceling Tue Jun 05 16:48:57 UTC 2018
auto.tcl: Setting watchdog for 200 seconds at Tue Jun 05 16:48:57 UTC 2018
6 ms. Memory: 550912K Free: 530757K (96%)
ptolemy.util.test.WatchDog.cancel(): canceling Tue Jun 05 16:48:57 UTC 2018
------------------ testing $PTII/ptolemy/domains/de/test/auto/ResetTransitionWithStartTime4.xml
auto.tcl: Setting watchdog for 200 seconds at Tue Jun 05 16:48:57 UTC 2018
9 ms. Memory: 549376K Free: 529227K (96%)
ptolemy.util.test.WatchDog.cancel(): canceling Tue Jun 05 16:48:57 UTC 2018
auto.tcl: Setting watchdog for 200 seconds at Tue Jun 05 16:48:57 UTC 2018
4 ms. Memory: 549376K Free: 529227K (96%)
ptolemy.util.test.WatchDog.cancel(): canceling Tue Jun 05 16:48:57 UTC 2018
------------------ testing $PTII/ptolemy/domains/de/test/auto/ResettableTimer1.xml
auto.tcl: Setting watchdog for 200 seconds at Tue Jun 05 16:48:57 UTC 2018
4 ms. Memory: 550912K Free: 536141K (97%)
ptolemy.util.test.WatchDog.cancel(): canceling Tue Jun 05 16:48:57 UTC 2018
auto.tcl: Setting watchdog for 200 seconds at Tue Jun 05 16:48:57 UTC 2018
2 ms. Memory: 550912K Free: 536141K (97%)
ptolemy.util.test.WatchDog.cancel(): canceling Tue Jun 05 16:48:57 UTC 2018
------------------ testing $PTII/ptolemy/domains/de/test/auto/ResettableTimer2.xml
auto.tcl: Setting watchdog for 200 seconds at Tue Jun 05 16:48:57 UTC 2018
3 ms. Memory: 549376K Free: 534892K (97%)
ptolemy.util.test.WatchDog.cancel(): canceling Tue Jun 05 16:48:57 UTC 2018
auto.tcl: Setting watchdog for 200 seconds at Tue Jun 05 16:48:57 UTC 2018
2 ms. Memory: 549376K Free: 534892K (97%)
ptolemy.util.test.WatchDog.cancel(): canceling Tue Jun 05 16:48:57 UTC 2018
------------------ testing $PTII/ptolemy/domains/de/test/auto/ResettableTimer3.xml
auto.tcl: Setting watchdog for 200 seconds at Tue Jun 05 16:48:57 UTC 2018
1 ms. Memory: 550912K Free: 536198K (97%)
ptolemy.util.test.WatchDog.cancel(): canceling Tue Jun 05 16:48:57 UTC 2018
auto.tcl: Setting watchdog for 200 seconds at Tue Jun 05 16:48:57 UTC 2018
1 ms. Memory: 550912K Free: 536198K (97%)
ptolemy.util.test.WatchDog.cancel(): canceling Tue Jun 05 16:48:57 UTC 2018
------------------ testing $PTII/ptolemy/domains/de/test/auto/ResettableTimer4.xml
auto.tcl: Setting watchdog for 200 seconds at Tue Jun 05 16:48:57 UTC 2018
1 ms. Memory: 549376K Free: 534675K (97%)
ptolemy.util.test.WatchDog.cancel(): canceling Tue Jun 05 16:48:57 UTC 2018
auto.tcl: Setting watchdog for 200 seconds at Tue Jun 05 16:48:57 UTC 2018
1 ms. Memory: 549376K Free: 534675K (97%)
ptolemy.util.test.WatchDog.cancel(): canceling Tue Jun 05 16:48:57 UTC 2018
------------------ testing $PTII/ptolemy/domains/de/test/auto/ResettableTimer5.xml
auto.tcl: Setting watchdog for 200 seconds at Tue Jun 05 16:48:57 UTC 2018
2 ms. Memory: 550400K Free: 535927K (97%)
ptolemy.util.test.WatchDog.cancel(): canceling Tue Jun 05 16:48:57 UTC 2018
auto.tcl: Setting watchdog for 200 seconds at Tue Jun 05 16:48:57 UTC 2018
1 ms. Memory: 550400K Free: 535927K (97%)
ptolemy.util.test.WatchDog.cancel(): canceling Tue Jun 05 16:48:57 UTC 2018
------------------ testing $PTII/ptolemy/domains/de/test/auto/ResettableTimer6.xml
auto.tcl: Setting watchdog for 200 seconds at Tue Jun 05 16:48:57 UTC 2018
2 ms. Memory: 549376K Free: 534622K (97%)
ptolemy.util.test.WatchDog.cancel(): canceling Tue Jun 05 16:48:57 UTC 2018
auto.tcl: Setting watchdog for 200 seconds at Tue Jun 05 16:48:57 UTC 2018
1 ms. Memory: 549376K Free: 534622K (97%)
ptolemy.util.test.WatchDog.cancel(): canceling Tue Jun 05 16:48:57 UTC 2018
------------------ testing $PTII/ptolemy/domains/de/test/auto/ServerZeroDelay.xml
auto.tcl: Setting watchdog for 200 seconds at Tue Jun 05 16:48:57 UTC 2018
3 ms. Memory: 550400K Free: 535867K (97%)
ptolemy.util.test.WatchDog.cancel(): canceling Tue Jun 05 16:48:57 UTC 2018
auto.tcl: Setting watchdog for 200 seconds at Tue Jun 05 16:48:57 UTC 2018
2 ms. Memory: 550400K Free: 535867K (97%)
ptolemy.util.test.WatchDog.cancel(): canceling Tue Jun 05 16:48:57 UTC 2018
------------------ testing $PTII/ptolemy/domains/de/test/auto/SmartSender.xml
auto.tcl: Setting watchdog for 200 seconds at Tue Jun 05 16:48:57 UTC 2018
3004 ms. Memory: 549376K Free: 530159K (97%)
ptolemy.util.test.WatchDog.cancel(): canceling Tue Jun 05 16:49:00 UTC 2018
auto.tcl: Setting watchdog for 200 seconds at Tue Jun 05 16:49:00 UTC 2018
3001 ms. Memory: 549376K Free: 530159K (97%)
ptolemy.util.test.WatchDog.cancel(): canceling Tue Jun 05 16:49:03 UTC 2018
------------------ testing $PTII/ptolemy/domains/de/test/auto/ThreadedComposite.xml
auto.tcl: Setting watchdog for 200 seconds at Tue Jun 05 16:49:04 UTC 2018
185 ms. Memory: 550400K Free: 510827K (93%)
ptolemy.util.test.WatchDog.cancel(): canceling Tue Jun 05 16:49:04 UTC 2018
auto.tcl: Setting watchdog for 200 seconds at Tue Jun 05 16:49:04 UTC 2018
101 ms. Memory: 550400K Free: 496093K (90%)
ptolemy.util.test.WatchDog.cancel(): canceling Tue Jun 05 16:49:04 UTC 2018
------------------ testing $PTII/ptolemy/domains/de/test/auto/Time.xml
auto.tcl: Setting watchdog for 200 seconds at Tue Jun 05 16:49:04 UTC 2018
501 ms. Memory: 549376K Free: 482856K (88%)
ptolemy.util.test.WatchDog.cancel(): canceling Tue Jun 05 16:49:04 UTC 2018
auto.tcl: Setting watchdog for 200 seconds at Tue Jun 05 16:49:04 UTC 2018
486 ms. Memory: 549376K Free: 429113K (78%)
ptolemy.util.test.WatchDog.cancel(): canceling Tue Jun 05 16:49:05 UTC 2018
------------------ testing $PTII/ptolemy/domains/de/test/auto/TimeDelayZeroDelay.xml
auto.tcl: Setting watchdog for 200 seconds at Tue Jun 05 16:49:05 UTC 2018
2 ms. Memory: 550400K Free: 535554K (97%)
ptolemy.util.test.WatchDog.cancel(): canceling Tue Jun 05 16:49:05 UTC 2018
auto.tcl: Setting watchdog for 200 seconds at Tue Jun 05 16:49:05 UTC 2018
2 ms. Memory: 550400K Free: 535554K (97%)
ptolemy.util.test.WatchDog.cancel(): canceling Tue Jun 05 16:49:05 UTC 2018
------------------ testing $PTII/ptolemy/domains/de/test/auto/TimerZeroDelay.xml
auto.tcl: Setting watchdog for 200 seconds at Tue Jun 05 16:49:05 UTC 2018
4 ms. Memory: 549376K Free: 534803K (97%)
ptolemy.util.test.WatchDog.cancel(): canceling Tue Jun 05 16:49:05 UTC 2018
auto.tcl: Setting watchdog for 200 seconds at Tue Jun 05 16:49:05 UTC 2018
2 ms. Memory: 549376K Free: 534803K (97%)
ptolemy.util.test.WatchDog.cancel(): canceling Tue Jun 05 16:49:05 UTC 2018
------------------ testing $PTII/ptolemy/domains/de/test/auto/TimingParadox.xml
auto.tcl: Setting watchdog for 200 seconds at Tue Jun 05 16:49:05 UTC 2018
358 ms. Memory: 549888K Free: 470018K (85%)
ptolemy.util.test.WatchDog.cancel(): canceling Tue Jun 05 16:49:06 UTC 2018
auto.tcl: Setting watchdog for 200 seconds at Tue Jun 05 16:49:06 UTC 2018
338 ms. Memory: 549888K Free: 432398K (79%)
ptolemy.util.test.WatchDog.cancel(): canceling Tue Jun 05 16:49:06 UTC 2018
------------------ testing $PTII/ptolemy/domains/de/test/auto/TransferInputs.xml
auto.tcl: Setting watchdog for 200 seconds at Tue Jun 05 16:49:06 UTC 2018
2 ms. Memory: 549888K Free: 534220K (97%)
ptolemy.util.test.WatchDog.cancel(): canceling Tue Jun 05 16:49:06 UTC 2018
auto.tcl: Setting watchdog for 200 seconds at Tue Jun 05 16:49:06 UTC 2018
2 ms. Memory: 549888K Free: 534220K (97%)
ptolemy.util.test.WatchDog.cancel(): canceling Tue Jun 05 16:49:06 UTC 2018
------------------ testing $PTII/ptolemy/domains/de/test/auto/TransferOutputs2.xml
auto.tcl: Setting watchdog for 200 seconds at Tue Jun 05 16:49:06 UTC 2018
6 ms. Memory: 549376K Free: 524740K (96%)
ptolemy.util.test.WatchDog.cancel(): canceling Tue Jun 05 16:49:06 UTC 2018
auto.tcl: Setting watchdog for 200 seconds at Tue Jun 05 16:49:06 UTC 2018
3 ms. Memory: 549376K Free: 524740K (96%)
ptolemy.util.test.WatchDog.cancel(): canceling Tue Jun 05 16:49:06 UTC 2018
------------------ testing $PTII/ptolemy/domains/de/test/auto/Trilateration.xml
auto.tcl: Setting watchdog for 200 seconds at Tue Jun 05 16:49:06 UTC 2018
14153 ms. Memory: 766976K Free: 203990K (27%)
ptolemy.util.test.WatchDog.cancel(): canceling Tue Jun 05 16:49:21 UTC 2018
auto.tcl: Setting watchdog for 200 seconds at Tue Jun 05 16:49:21 UTC 2018
11310 ms. Memory: 623104K Free: 576448K (93%)
ptolemy.util.test.WatchDog.cancel(): canceling Tue Jun 05 16:49:33 UTC 2018
------------------ testing $PTII/ptolemy/domains/de/test/auto/TwoSigmaDelta.xml
auto.tcl: Setting watchdog for 200 seconds at Tue Jun 05 16:49:33 UTC 2018
2490 ms. Memory: 619520K Free: 315177K (51%)
ptolemy.util.test.WatchDog.cancel(): canceling Tue Jun 05 16:49:35 UTC 2018
auto.tcl: Setting watchdog for 200 seconds at Tue Jun 05 16:49:35 UTC 2018
1905 ms. Memory: 619520K Free: 89715K (14%)
ptolemy.util.test.WatchDog.cancel(): canceling Tue Jun 05 16:49:37 UTC 2018
------------------ testing $PTII/ptolemy/domains/de/test/auto/VariableDelay.xml
auto.tcl: Setting watchdog for 200 seconds at Tue Jun 05 16:49:37 UTC 2018
5 ms. Memory: 623104K Free: 599073K (96%)
ptolemy.util.test.WatchDog.cancel(): canceling Tue Jun 05 16:49:37 UTC 2018
auto.tcl: Setting watchdog for 200 seconds at Tue Jun 05 16:49:37 UTC 2018
2 ms. Memory: 623104K Free: 599073K (96%)
ptolemy.util.test.WatchDog.cancel(): canceling Tue Jun 05 16:49:37 UTC 2018
------------------ testing $PTII/ptolemy/domains/de/test/auto/VariableDelay2.xml
auto.tcl: Setting watchdog for 200 seconds at Tue Jun 05 16:49:37 UTC 2018
8 ms. Memory: 619520K Free: 601315K (97%)
ptolemy.util.test.WatchDog.cancel(): canceling Tue Jun 05 16:49:37 UTC 2018
auto.tcl: Setting watchdog for 200 seconds at Tue Jun 05 16:49:37 UTC 2018
2 ms. Memory: 619520K Free: 601315K (97%)
ptolemy.util.test.WatchDog.cancel(): canceling Tue Jun 05 16:49:37 UTC 2018
------------------ testing $PTII/ptolemy/domains/de/test/auto/VariableDelayZeroDelay.xml
auto.tcl: Setting watchdog for 200 seconds at Tue Jun 05 16:49:37 UTC 2018
2 ms. Memory: 622592K Free: 599005K (96%)
ptolemy.util.test.WatchDog.cancel(): canceling Tue Jun 05 16:49:37 UTC 2018
auto.tcl: Setting watchdog for 200 seconds at Tue Jun 05 16:49:37 UTC 2018
2 ms. Memory: 622592K Free: 598974K (96%)
ptolemy.util.test.WatchDog.cancel(): canceling Tue Jun 05 16:49:37 UTC 2018
------------------ testing $PTII/ptolemy/domains/de/test/auto/VariableDelayZeroDelay2.xml
auto.tcl: Setting watchdog for 200 seconds at Tue Jun 05 16:49:37 UTC 2018
2 ms. Memory: 619520K Free: 601312K (97%)
ptolemy.util.test.WatchDog.cancel(): canceling Tue Jun 05 16:49:37 UTC 2018
auto.tcl: Setting watchdog for 200 seconds at Tue Jun 05 16:49:37 UTC 2018
2 ms. Memory: 619520K Free: 601312K (97%)
ptolemy.util.test.WatchDog.cancel(): canceling Tue Jun 05 16:49:37 UTC 2018
------------------ testing $PTII/ptolemy/domains/de/test/auto/deInCt.xml
auto.tcl: Setting watchdog for 200 seconds at Tue Jun 05 16:49:38 UTC 2018
0
1
1
1
0
0
0
1
1
1
0
0
0
1
1
1
0
0
0
1
1
1
0
0
0
0
1
1
1
0
0
0
1
1
1
1
0
0
0
0
1
1
1
1
1
6 ms. Memory: 622080K Free: 598458K (96%)
ptolemy.util.test.WatchDog.cancel(): canceling Tue Jun 05 16:49:38 UTC 2018
auto.tcl: Setting watchdog for 200 seconds at Tue Jun 05 16:49:38 UTC 2018
0
1
1
1
0
0
1
1
1
1
0
0
0
1
1
1
0
0
0
1
1
1
1
1
0
0
0
1
1
0
0
0
1
1
1
1
1
1
1
7 ms. Memory: 622080K Free: 598458K (96%)
ptolemy.util.test.WatchDog.cancel(): canceling Tue Jun 05 16:49:38 UTC 2018
------------------ testing $PTII/ptolemy/domains/de/test/auto/deInCt2.xml
auto.tcl: Setting watchdog for 200 seconds at Tue Jun 05 16:49:38 UTC 2018
0
1
1
1
0
0
1
1
1
0
0
1
1
1
0
0
1
1
1
0
0
1
1
1
0
0
1
1
1
0
0
1
1
1
0
0
1
1
1
0
0
0
10 ms. Memory: 619520K Free: 601278K (97%)
ptolemy.util.test.WatchDog.cancel(): canceling Tue Jun 05 16:49:38 UTC 2018
auto.tcl: Setting watchdog for 200 seconds at Tue Jun 05 16:49:38 UTC 2018
0
1
1
1
0
0
1
1
1
0
0
1
1
1
0
0
1
1
1
0
0
1
1
1
0
0
1
1
1
0
0
1
1
1
0
0
1
1
1
0
0
0
5 ms. Memory: 619520K Free: 601278K (97%)
ptolemy.util.test.WatchDog.cancel(): canceling Tue Jun 05 16:49:38 UTC 2018
------------------ testing $PTII/ptolemy/domains/de/test/auto/dynamicCausalityInterface1.xml
auto.tcl: Setting watchdog for 200 seconds at Tue Jun 05 16:49:38 UTC 2018
2 ms. Memory: 621568K Free: 595166K (96%)
ptolemy.util.test.WatchDog.cancel(): canceling Tue Jun 05 16:49:38 UTC 2018
auto.tcl: Setting watchdog for 200 seconds at Tue Jun 05 16:49:38 UTC 2018
0 ms. Memory: 621568K Free: 595166K (96%)
ptolemy.util.test.WatchDog.cancel(): canceling Tue Jun 05 16:49:38 UTC 2018
------------------ testing $PTII/ptolemy/domains/de/test/auto/fsm_de_test.xml
auto.tcl: Setting watchdog for 200 seconds at Tue Jun 05 16:49:38 UTC 2018
11 ms. Memory: 619520K Free: 595818K (96%)
ptolemy.util.test.WatchDog.cancel(): canceling Tue Jun 05 16:49:38 UTC 2018
auto.tcl: Setting watchdog for 200 seconds at Tue Jun 05 16:49:38 UTC 2018
4 ms. Memory: 619520K Free: 587648K (95%)
ptolemy.util.test.WatchDog.cancel(): canceling Tue Jun 05 16:49:38 UTC 2018
------------------ testing $PTII/ptolemy/domains/de/test/auto/functionDependencyReconstruction.xml
auto.tcl: Setting watchdog for 200 seconds at Tue Jun 05 16:49:38 UTC 2018
3 ms. Memory: 621568K Free: 589687K (95%)
ptolemy.util.test.WatchDog.cancel(): canceling Tue Jun 05 16:49:38 UTC 2018
auto.tcl: Setting watchdog for 200 seconds at Tue Jun 05 16:49:38 UTC 2018
2 ms. Memory: 621568K Free: 581501K (94%)
ptolemy.util.test.WatchDog.cancel(): canceling Tue Jun 05 16:49:38 UTC 2018
------------------ testing $PTII/ptolemy/domains/de/test/auto/multirate.xml
auto.tcl: Setting watchdog for 200 seconds at Tue Jun 05 16:49:38 UTC 2018
3 ms. Memory: 619520K Free: 595685K (96%)
ptolemy.util.test.WatchDog.cancel(): canceling Tue Jun 05 16:49:38 UTC 2018
auto.tcl: Setting watchdog for 200 seconds at Tue Jun 05 16:49:38 UTC 2018
2 ms. Memory: 619520K Free: 595685K (96%)
ptolemy.util.test.WatchDog.cancel(): canceling Tue Jun 05 16:49:38 UTC 2018
------------------ testing $PTII/ptolemy/domains/de/test/auto/multirate2.xml
auto.tcl: Setting watchdog for 200 seconds at Tue Jun 05 16:49:38 UTC 2018
6 ms. Memory: 621056K Free: 597408K (96%)
ptolemy.util.test.WatchDog.cancel(): canceling Tue Jun 05 16:49:38 UTC 2018
auto.tcl: Setting watchdog for 200 seconds at Tue Jun 05 16:49:38 UTC 2018
3 ms. Memory: 621056K Free: 597408K (96%)
ptolemy.util.test.WatchDog.cancel(): canceling Tue Jun 05 16:49:38 UTC 2018
------------------ testing $PTII/ptolemy/domains/de/test/auto/realtime.xml
auto.tcl: Setting watchdog for 200 seconds at Tue Jun 05 16:49:38 UTC 2018
10002 ms. Memory: 619520K Free: 595840K (96%)
ptolemy.util.test.WatchDog.cancel(): canceling Tue Jun 05 16:49:48 UTC 2018
auto.tcl: Setting watchdog for 200 seconds at Tue Jun 05 16:49:48 UTC 2018
10002 ms. Memory: 619520K Free: 595840K (96%)
ptolemy.util.test.WatchDog.cancel(): canceling Tue Jun 05 16:49:58 UTC 2018
------------------ testing $PTII/ptolemy/domains/de/test/auto/relationGroup.xml
auto.tcl: Setting watchdog for 200 seconds at Tue Jun 05 16:49:58 UTC 2018
1 ms. Memory: 621056K Free: 597433K (96%)
ptolemy.util.test.WatchDog.cancel(): canceling Tue Jun 05 16:49:58 UTC 2018
auto.tcl: Setting watchdog for 200 seconds at Tue Jun 05 16:49:58 UTC 2018
1 ms. Memory: 621056K Free: 597433K (96%)
ptolemy.util.test.WatchDog.cancel(): canceling Tue Jun 05 16:49:58 UTC 2018
------------------ testing $PTII/ptolemy/domains/de/test/auto/relationGroup2.xml
auto.tcl: Setting watchdog for 200 seconds at Tue Jun 05 16:49:58 UTC 2018
1 ms. Memory: 619520K Free: 595923K (96%)
ptolemy.util.test.WatchDog.cancel(): canceling Tue Jun 05 16:49:58 UTC 2018
auto.tcl: Setting watchdog for 200 seconds at Tue Jun 05 16:49:58 UTC 2018
1 ms. Memory: 619520K Free: 595923K (96%)
ptolemy.util.test.WatchDog.cancel(): canceling Tue Jun 05 16:49:58 UTC 2018
------------------ testing $PTII/ptolemy/domains/de/test/auto/sortWithOpaquePorts.xml
auto.tcl: Setting watchdog for 200 seconds at Tue Jun 05 16:49:58 UTC 2018
1 ms. Memory: 620544K Free: 596947K (96%)
ptolemy.util.test.WatchDog.cancel(): canceling Tue Jun 05 16:49:58 UTC 2018
auto.tcl: Setting watchdog for 200 seconds at Tue Jun 05 16:49:58 UTC 2018
2 ms. Memory: 620544K Free: 596947K (96%)
ptolemy.util.test.WatchDog.cancel(): canceling Tue Jun 05 16:49:58 UTC 2018
------------------ testing $PTII/ptolemy/domains/de/test/auto/transferInputsandOutputs.xml
auto.tcl: Setting watchdog for 200 seconds at Tue Jun 05 16:49:58 UTC 2018
3 ms. Memory: 619520K Free: 595910K (96%)
ptolemy.util.test.WatchDog.cancel(): canceling Tue Jun 05 16:49:58 UTC 2018
auto.tcl: Setting watchdog for 200 seconds at Tue Jun 05 16:49:58 UTC 2018
1 ms. Memory: 619520K Free: 595910K (96%)
ptolemy.util.test.WatchDog.cancel(): canceling Tue Jun 05 16:49:58 UTC 2018
------------------ testing $PTII/ptolemy/domains/de/test/auto/triggerType.xml
auto.tcl: Setting watchdog for 200 seconds at Tue Jun 05 16:49:58 UTC 2018
1 ms. Memory: 620544K Free: 596885K (96%)
ptolemy.util.test.WatchDog.cancel(): canceling Tue Jun 05 16:49:58 UTC 2018
auto.tcl: Setting watchdog for 200 seconds at Tue Jun 05 16:49:58 UTC 2018
1 ms. Memory: 620544K Free: 596885K (96%)
ptolemy.util.test.WatchDog.cancel(): canceling Tue Jun 05 16:49:58 UTC 2018
06/05/18 04:49:58
Failed: 0  Total Tests: 192  ((Passed: 187, Newly Passed: 1)  Known Failed: 5) /home/travis/build/icyphy/ptII/ptolemy/domains/de/test
06/05/18 04:49:58
Failed: 0  Total Tests: 192  ((Passed: 187, Newly Passed: 1)  Known Failed: 5) /home/travis/build/icyphy/ptII/ptolemy/domains/de/test
----------------- testing (KnownFailure) /home/travis/build/icyphy/ptII/ptolemy/domains/de/test/auto/knownFailedTests/DESDFClockTest.xml
2012 ms. Memory: 619520K Free: 585122K (94%)
Known Failure: java.lang.reflect.InvocationTargetException
----------------- testing (KnownFailure) /home/travis/build/icyphy/ptII/ptolemy/domains/de/test/auto/knownFailedTests/DirectFeedback.xml
1 ms. Memory: 619520K Free: 542072K (87%)
Known Failure: java.lang.reflect.InvocationTargetException
----------------- testing (KnownFailure) /home/travis/build/icyphy/ptII/ptolemy/domains/de/test/auto/knownFailedTests/FSMSource.xml
11 ms. Memory: 619520K Free: 499023K (81%)
----------------- testing (KnownFailure) /home/travis/build/icyphy/ptII/ptolemy/domains/de/test/auto/knownFailedTests/HierarchicalModel.xml
2 ms. Memory: 619520K Free: 466720K (75%)
Known Failure: java.lang.reflect.InvocationTargetException
----------------- testing (KnownFailure) /home/travis/build/icyphy/ptII/ptolemy/domains/de/test/auto/knownFailedTests/dependencyLoop.xml
1 ms. Memory: 619520K Free: 412893K (67%)
Known Failure: java.lang.reflect.InvocationTargetException
----------------- testing (KnownFailure) /home/travis/build/icyphy/ptII/ptolemy/domains/de/test/auto/knownFailedTests/dependencyLoop2.xml
3 ms. Memory: 619520K Free: 359066K (58%)
Known Failure: java.lang.reflect.InvocationTargetException
No auto/linux-amd64/*.xml tests in /home/travis/build/icyphy/ptII/ptolemy/domains/de/test
AutoTests.java: About to close Vertx.
AutoTests.java: Vertx closed.

===========================================================================================
----------------- testing Tue Jun 05 16:50:01 UTC 2018 /home/travis/build/icyphy/ptII/ptolemy/domains/de/test/auto/ActorDepthCalculation_actorWithoutPorts.xml
----------------- Instantiating /home/travis/build/icyphy/ptII/ptolemy/domains/de/test/auto/ActorDepthCalculation_actorWithoutPorts.xml
1 ms. Memory: 619520K Free: 305254K (49%)
----------------- Invoking toplevel() on ptolemy.moml.MoMLSimpleApplication@23405691
----------------- Done invoking toplevel() on ptolemy.moml.MoMLSimpleApplication@23405691
reloadAllAccessors: .ActorDepthCalculation_actorWithoutPorts

===========================================================================================
----------------- testing Tue Jun 05 16:50:01 UTC 2018 /home/travis/build/icyphy/ptII/ptolemy/domains/de/test/auto/AssemblyLine.xml
----------------- Instantiating /home/travis/build/icyphy/ptII/ptolemy/domains/de/test/auto/AssemblyLine.xml
2 ms. Memory: 619520K Free: 283730K (46%)
----------------- Invoking toplevel() on ptolemy.moml.MoMLSimpleApplication@1226b3af
----------------- Done invoking toplevel() on ptolemy.moml.MoMLSimpleApplication@1226b3af
reloadAllAccessors: .AssemblyLine

===========================================================================================
----------------- testing Tue Jun 05 16:50:01 UTC 2018 /home/travis/build/icyphy/ptII/ptolemy/domains/de/test/auto/CQBug1.xml
----------------- Instantiating /home/travis/build/icyphy/ptII/ptolemy/domains/de/test/auto/CQBug1.xml
2 ms. Memory: 619520K Free: 262205K (42%)
----------------- Invoking toplevel() on ptolemy.moml.MoMLSimpleApplication@118ef47d
----------------- Done invoking toplevel() on ptolemy.moml.MoMLSimpleApplication@118ef47d
reloadAllAccessors: .CQBug1

===========================================================================================
----------------- testing Tue Jun 05 16:50:01 UTC 2018 /home/travis/build/icyphy/ptII/ptolemy/domains/de/test/auto/CancelFireAt.xml
----------------- Instantiating /home/travis/build/icyphy/ptII/ptolemy/domains/de/test/auto/CancelFireAt.xml
1 ms. Memory: 619520K Free: 240681K (39%)
----------------- Invoking toplevel() on ptolemy.moml.MoMLSimpleApplication@3156330c
----------------- Done invoking toplevel() on ptolemy.moml.MoMLSimpleApplication@3156330c
reloadAllAccessors: .CancelFireAt

===========================================================================================
----------------- testing Tue Jun 05 16:50:01 UTC 2018 /home/travis/build/icyphy/ptII/ptolemy/domains/de/test/auto/CausalityAndComposabilityAnalysis.xml
----------------- Instantiating /home/travis/build/icyphy/ptII/ptolemy/domains/de/test/auto/CausalityAndComposabilityAnalysis.xml
1 ms. Memory: 619520K Free: 219156K (35%)
----------------- Invoking toplevel() on ptolemy.moml.MoMLSimpleApplication@53aacc1a
----------------- Done invoking toplevel() on ptolemy.moml.MoMLSimpleApplication@53aacc1a
reloadAllAccessors: .CausalityAndComposabilityAnalysis

===========================================================================================
----------------- testing Tue Jun 05 16:50:01 UTC 2018 /home/travis/build/icyphy/ptII/ptolemy/domains/de/test/auto/CausalityInterface1.xml
----------------- Instantiating /home/travis/build/icyphy/ptII/ptolemy/domains/de/test/auto/CausalityInterface1.xml
2 ms. Memory: 619520K Free: 197631K (32%)
----------------- Invoking toplevel() on ptolemy.moml.MoMLSimpleApplication@7a327c2a
----------------- Done invoking toplevel() on ptolemy.moml.MoMLSimpleApplication@7a327c2a
reloadAllAccessors: .CausalityInterface1

===========================================================================================
----------------- testing Tue Jun 05 16:50:01 UTC 2018 /home/travis/build/icyphy/ptII/ptolemy/domains/de/test/auto/CausalityInterface15.xml
----------------- Instantiating /home/travis/build/icyphy/ptII/ptolemy/domains/de/test/auto/CausalityInterface15.xml
1 ms. Memory: 619520K Free: 176107K (28%)
----------------- Invoking toplevel() on ptolemy.moml.MoMLSimpleApplication@4cd37781
----------------- Done invoking toplevel() on ptolemy.moml.MoMLSimpleApplication@4cd37781
reloadAllAccessors: .CausalityInterface15

===========================================================================================
----------------- testing Tue Jun 05 16:50:01 UTC 2018 /home/travis/build/icyphy/ptII/ptolemy/domains/de/test/auto/CausalityInterface2.xml
----------------- Instantiating /home/travis/build/icyphy/ptII/ptolemy/domains/de/test/auto/CausalityInterface2.xml
1 ms. Memory: 619520K Free: 154582K (25%)
----------------- Invoking toplevel() on ptolemy.moml.MoMLSimpleApplication@67c34a2f
----------------- Done invoking toplevel() on ptolemy.moml.MoMLSimpleApplication@67c34a2f
reloadAllAccessors: .CausalityInterface2

===========================================================================================
----------------- testing Tue Jun 05 16:50:01 UTC 2018 /home/travis/build/icyphy/ptII/ptolemy/domains/de/test/auto/CausalityInterface3.xml
----------------- Instantiating /home/travis/build/icyphy/ptII/ptolemy/domains/de/test/auto/CausalityInterface3.xml
1 ms. Memory: 619520K Free: 133058K (21%)
----------------- Invoking toplevel() on ptolemy.moml.MoMLSimpleApplication@5cba16aa
----------------- Done invoking toplevel() on ptolemy.moml.MoMLSimpleApplication@5cba16aa
reloadAllAccessors: .CausalityInterface3

===========================================================================================
----------------- testing Tue Jun 05 16:50:01 UTC 2018 /home/travis/build/icyphy/ptII/ptolemy/domains/de/test/auto/ClockDrift.xml
----------------- Instantiating /home/travis/build/icyphy/ptII/ptolemy/domains/de/test/auto/ClockDrift.xml
15 ms. Memory: 619520K Free: 111533K (18%)
----------------- Invoking toplevel() on ptolemy.moml.MoMLSimpleApplication@400f980b
----------------- Done invoking toplevel() on ptolemy.moml.MoMLSimpleApplication@400f980b
reloadAllAccessors: .ClockDrift

===========================================================================================
----------------- testing Tue Jun 05 16:50:01 UTC 2018 /home/travis/build/icyphy/ptII/ptolemy/domains/de/test/auto/ClockDriftAndValueChange.xml
----------------- Instantiating /home/travis/build/icyphy/ptII/ptolemy/domains/de/test/auto/ClockDriftAndValueChange.xml
8 ms. Memory: 619520K Free: 90009K (15%)
----------------- Invoking toplevel() on ptolemy.moml.MoMLSimpleApplication@10a41982
----------------- Done invoking toplevel() on ptolemy.moml.MoMLSimpleApplication@10a41982
reloadAllAccessors: .ClockDriftAndValueChange

===========================================================================================
----------------- testing Tue Jun 05 16:50:01 UTC 2018 /home/travis/build/icyphy/ptII/ptolemy/domains/de/test/auto/ClockDriftChange.xml
----------------- Instantiating /home/travis/build/icyphy/ptII/ptolemy/domains/de/test/auto/ClockDriftChange.xml
7 ms. Memory: 619520K Free: 76735K (12%)
----------------- Invoking toplevel() on ptolemy.moml.MoMLSimpleApplication@6b70a68b
----------------- Done invoking toplevel() on ptolemy.moml.MoMLSimpleApplication@6b70a68b
reloadAllAccessors: .ClockDriftChange

===========================================================================================
----------------- testing Tue Jun 05 16:50:01 UTC 2018 /home/travis/build/icyphy/ptII/ptolemy/domains/de/test/auto/ComposableCausalityAnalysis.xml
----------------- Instantiating /home/travis/build/icyphy/ptII/ptolemy/domains/de/test/auto/ComposableCausalityAnalysis.xml
2 ms. Memory: 595456K Free: 569997K (96%)
----------------- Invoking toplevel() on ptolemy.moml.MoMLSimpleApplication@78cf7602
----------------- Done invoking toplevel() on ptolemy.moml.MoMLSimpleApplication@78cf7602
reloadAllAccessors: .ComposableCausalityAnalysis

===========================================================================================
----------------- testing Tue Jun 05 16:50:01 UTC 2018 /home/travis/build/icyphy/ptII/ptolemy/domains/de/test/auto/DEFixedPointLimitation.xml
----------------- Instantiating /home/travis/build/icyphy/ptII/ptolemy/domains/de/test/auto/DEFixedPointLimitation.xml
1 ms. Memory: 595456K Free: 544413K (91%)
----------------- Invoking toplevel() on ptolemy.moml.MoMLSimpleApplication@6ecacc7a
----------------- Done invoking toplevel() on ptolemy.moml.MoMLSimpleApplication@6ecacc7a
reloadAllAccessors: .DEFixedPointLimitation

===========================================================================================
----------------- testing Tue Jun 05 16:50:01 UTC 2018 /home/travis/build/icyphy/ptII/ptolemy/domains/de/test/auto/DEScheduleTest.xml
----------------- Instantiating /home/travis/build/icyphy/ptII/ptolemy/domains/de/test/auto/DEScheduleTest.xml
2 ms. Memory: 595456K Free: 523892K (88%)
----------------- Invoking toplevel() on ptolemy.moml.MoMLSimpleApplication@39c98167
----------------- Done invoking toplevel() on ptolemy.moml.MoMLSimpleApplication@39c98167
reloadAllAccessors: .DEScheduleTest

===========================================================================================
----------------- testing Tue Jun 05 16:50:01 UTC 2018 /home/travis/build/icyphy/ptII/ptolemy/domains/de/test/auto/DEinDEwithStartTimes.xml
----------------- Instantiating /home/travis/build/icyphy/ptII/ptolemy/domains/de/test/auto/DEinDEwithStartTimes.xml
1 ms. Memory: 595456K Free: 503371K (85%)
----------------- Invoking toplevel() on ptolemy.moml.MoMLSimpleApplication@6f0d2046
----------------- Done invoking toplevel() on ptolemy.moml.MoMLSimpleApplication@6f0d2046
reloadAllAccessors: .DEinDEwithStartTimes

===========================================================================================
----------------- testing Tue Jun 05 16:50:01 UTC 2018 /home/travis/build/icyphy/ptII/ptolemy/domains/de/test/auto/DEinDEwithStartTimes2.xml
----------------- Instantiating /home/travis/build/icyphy/ptII/ptolemy/domains/de/test/auto/DEinDEwithStartTimes2.xml
2 ms. Memory: 595456K Free: 482831K (81%)
----------------- Invoking toplevel() on ptolemy.moml.MoMLSimpleApplication@4f810578
----------------- Done invoking toplevel() on ptolemy.moml.MoMLSimpleApplication@4f810578
reloadAllAccessors: .DEinDEwithStartTimes2

===========================================================================================
----------------- testing Tue Jun 05 16:50:01 UTC 2018 /home/travis/build/icyphy/ptII/ptolemy/domains/de/test/auto/DateDemo.xml
----------------- Instantiating /home/travis/build/icyphy/ptII/ptolemy/domains/de/test/auto/DateDemo.xml
3 ms. Memory: 595456K Free: 452034K (76%)
----------------- Invoking toplevel() on ptolemy.moml.MoMLSimpleApplication@3bd1c51
----------------- Done invoking toplevel() on ptolemy.moml.MoMLSimpleApplication@3bd1c51
reloadAllAccessors: .DateDemo

===========================================================================================
----------------- testing Tue Jun 05 16:50:01 UTC 2018 /home/travis/build/icyphy/ptII/ptolemy/domains/de/test/auto/DateToEvent.xml
----------------- Instantiating /home/travis/build/icyphy/ptII/ptolemy/domains/de/test/auto/DateToEvent.xml
2003 ms. Memory: 595456K Free: 421252K (71%)
----------------- Invoking toplevel() on ptolemy.moml.MoMLSimpleApplication@65468f67
----------------- Done invoking toplevel() on ptolemy.moml.MoMLSimpleApplication@65468f67
reloadAllAccessors: .DateToEvent

===========================================================================================
----------------- testing Tue Jun 05 16:50:03 UTC 2018 /home/travis/build/icyphy/ptII/ptolemy/domains/de/test/auto/DepthTest1.xml
----------------- Instantiating /home/travis/build/icyphy/ptII/ptolemy/domains/de/test/auto/DepthTest1.xml
1 ms. Memory: 595456K Free: 400731K (67%)
----------------- Invoking toplevel() on ptolemy.moml.MoMLSimpleApplication@6ce564f8
----------------- Done invoking toplevel() on ptolemy.moml.MoMLSimpleApplication@6ce564f8
reloadAllAccessors: .DepthTest1

===========================================================================================
----------------- testing Tue Jun 05 16:50:03 UTC 2018 /home/travis/build/icyphy/ptII/ptolemy/domains/de/test/auto/DepthTest2.xml
----------------- Instantiating /home/travis/build/icyphy/ptII/ptolemy/domains/de/test/auto/DepthTest2.xml
1 ms. Memory: 595456K Free: 380210K (64%)
----------------- Invoking toplevel() on ptolemy.moml.MoMLSimpleApplication@28bf324b
----------------- Done invoking toplevel() on ptolemy.moml.MoMLSimpleApplication@28bf324b
reloadAllAccessors: .DepthTest2

===========================================================================================
----------------- testing Tue Jun 05 16:50:03 UTC 2018 /home/travis/build/icyphy/ptII/ptolemy/domains/de/test/auto/DepthTest3.xml
----------------- Instantiating /home/travis/build/icyphy/ptII/ptolemy/domains/de/test/auto/DepthTest3.xml
1 ms. Memory: 595456K Free: 359689K (60%)
----------------- Invoking toplevel() on ptolemy.moml.MoMLSimpleApplication@45caaf1d
----------------- Done invoking toplevel() on ptolemy.moml.MoMLSimpleApplication@45caaf1d
reloadAllAccessors: .DepthTest3

===========================================================================================
----------------- testing Tue Jun 05 16:50:03 UTC 2018 /home/travis/build/icyphy/ptII/ptolemy/domains/de/test/auto/DepthTest4.xml
----------------- Instantiating /home/travis/build/icyphy/ptII/ptolemy/domains/de/test/auto/DepthTest4.xml
1 ms. Memory: 595456K Free: 339168K (57%)
----------------- Invoking toplevel() on ptolemy.moml.MoMLSimpleApplication@622da39b
----------------- Done invoking toplevel() on ptolemy.moml.MoMLSimpleApplication@622da39b
reloadAllAccessors: .DepthTest4

===========================================================================================
----------------- testing Tue Jun 05 16:50:03 UTC 2018 /home/travis/build/icyphy/ptII/ptolemy/domains/de/test/auto/DepthTest5.xml
----------------- Instantiating /home/travis/build/icyphy/ptII/ptolemy/domains/de/test/auto/DepthTest5.xml
1 ms. Memory: 595456K Free: 313583K (53%)
----------------- Invoking toplevel() on ptolemy.moml.MoMLSimpleApplication@26314a92
----------------- Done invoking toplevel() on ptolemy.moml.MoMLSimpleApplication@26314a92
reloadAllAccessors: .DepthTest5

===========================================================================================
----------------- testing Tue Jun 05 16:50:03 UTC 2018 /home/travis/build/icyphy/ptII/ptolemy/domains/de/test/auto/DepthTest6.xml
----------------- Instantiating /home/travis/build/icyphy/ptII/ptolemy/domains/de/test/auto/DepthTest6.xml
1 ms. Memory: 595456K Free: 293062K (49%)
----------------- Invoking toplevel() on ptolemy.moml.MoMLSimpleApplication@56aeaf5
----------------- Done invoking toplevel() on ptolemy.moml.MoMLSimpleApplication@56aeaf5
reloadAllAccessors: .DepthTest6

===========================================================================================
----------------- testing Tue Jun 05 16:50:03 UTC 2018 /home/travis/build/icyphy/ptII/ptolemy/domains/de/test/auto/DepthTest7.xml
----------------- Instantiating /home/travis/build/icyphy/ptII/ptolemy/domains/de/test/auto/DepthTest7.xml
1 ms. Memory: 595456K Free: 272541K (46%)
----------------- Invoking toplevel() on ptolemy.moml.MoMLSimpleApplication@555740c5
----------------- Done invoking toplevel() on ptolemy.moml.MoMLSimpleApplication@555740c5
reloadAllAccessors: .DepthTest7

===========================================================================================
----------------- testing Tue Jun 05 16:50:03 UTC 2018 /home/travis/build/icyphy/ptII/ptolemy/domains/de/test/auto/EventToDate.xml
----------------- Instantiating /home/travis/build/icyphy/ptII/ptolemy/domains/de/test/auto/EventToDate.xml
3003 ms. Memory: 595456K Free: 241744K (41%)
----------------- Invoking toplevel() on ptolemy.moml.MoMLSimpleApplication@9ca1de2
----------------- Done invoking toplevel() on ptolemy.moml.MoMLSimpleApplication@9ca1de2
reloadAllAccessors: .EventToDate

===========================================================================================
----------------- testing Tue Jun 05 16:50:06 UTC 2018 /home/travis/build/icyphy/ptII/ptolemy/domains/de/test/auto/FSM1.xml
----------------- Instantiating /home/travis/build/icyphy/ptII/ptolemy/domains/de/test/auto/FSM1.xml
5 ms. Memory: 595456K Free: 221223K (37%)
----------------- Invoking toplevel() on ptolemy.moml.MoMLSimpleApplication@be3613b
----------------- Done invoking toplevel() on ptolemy.moml.MoMLSimpleApplication@be3613b
reloadAllAccessors: .FSM1

===========================================================================================
----------------- testing Tue Jun 05 16:50:06 UTC 2018 /home/travis/build/icyphy/ptII/ptolemy/domains/de/test/auto/FSM7.xml
----------------- Instantiating /home/travis/build/icyphy/ptII/ptolemy/domains/de/test/auto/FSM7.xml
5 ms. Memory: 595456K Free: 200702K (34%)
----------------- Invoking toplevel() on ptolemy.moml.MoMLSimpleApplication@659dc04c
----------------- Done invoking toplevel() on ptolemy.moml.MoMLSimpleApplication@659dc04c
reloadAllAccessors: .FSM7

===========================================================================================
----------------- testing Tue Jun 05 16:50:06 UTC 2018 /home/travis/build/icyphy/ptII/ptolemy/domains/de/test/auto/Inspection.xml
----------------- Instantiating /home/travis/build/icyphy/ptII/ptolemy/domains/de/test/auto/Inspection.xml
17 ms. Memory: 595456K Free: 169904K (29%)
----------------- Invoking toplevel() on ptolemy.moml.MoMLSimpleApplication@4da6107
----------------- Done invoking toplevel() on ptolemy.moml.MoMLSimpleApplication@4da6107
reloadAllAccessors: .Inspection

===========================================================================================
----------------- testing Tue Jun 05 16:50:06 UTC 2018 /home/travis/build/icyphy/ptII/ptolemy/domains/de/test/auto/Iteration.xml
----------------- Instantiating /home/travis/build/icyphy/ptII/ptolemy/domains/de/test/auto/Iteration.xml
3 ms. Memory: 595456K Free: 149383K (25%)
----------------- Invoking toplevel() on ptolemy.moml.MoMLSimpleApplication@1b3f4dbb
----------------- Done invoking toplevel() on ptolemy.moml.MoMLSimpleApplication@1b3f4dbb
reloadAllAccessors: .Iteration

===========================================================================================
----------------- testing Tue Jun 05 16:50:06 UTC 2018 /home/travis/build/icyphy/ptII/ptolemy/domains/de/test/auto/LineFault.xml
----------------- Instantiating /home/travis/build/icyphy/ptII/ptolemy/domains/de/test/auto/LineFault.xml
309 ms. Memory: 571392K Free: 510881K (89%)
----------------- Invoking toplevel() on ptolemy.moml.MoMLSimpleApplication@49e1b464
----------------- Done invoking toplevel() on ptolemy.moml.MoMLSimpleApplication@49e1b464
reloadAllAccessors: .LineFault

===========================================================================================
----------------- testing Tue Jun 05 16:50:07 UTC 2018 /home/travis/build/icyphy/ptII/ptolemy/domains/de/test/auto/MergeModel1Add.xml
----------------- Instantiating /home/travis/build/icyphy/ptII/ptolemy/domains/de/test/auto/MergeModel1Add.xml
3 ms. Memory: 571392K Free: 477705K (84%)
----------------- Invoking toplevel() on ptolemy.moml.MoMLSimpleApplication@5c66c59
----------------- Done invoking toplevel() on ptolemy.moml.MoMLSimpleApplication@5c66c59
reloadAllAccessors: .MergeModel1Add

===========================================================================================
----------------- testing Tue Jun 05 16:50:07 UTC 2018 /home/travis/build/icyphy/ptII/ptolemy/domains/de/test/auto/MergeModel2Add.xml
----------------- Instantiating /home/travis/build/icyphy/ptII/ptolemy/domains/de/test/auto/MergeModel2Add.xml
5 ms. Memory: 571392K Free: 453233K (79%)
----------------- Invoking toplevel() on ptolemy.moml.MoMLSimpleApplication@724ec1a1
----------------- Done invoking toplevel() on ptolemy.moml.MoMLSimpleApplication@724ec1a1
reloadAllAccessors: .MergeModel2Add

===========================================================================================
----------------- testing Tue Jun 05 16:50:07 UTC 2018 /home/travis/build/icyphy/ptII/ptolemy/domains/de/test/auto/MergeModel3Add.xml
----------------- Instantiating /home/travis/build/icyphy/ptII/ptolemy/domains/de/test/auto/MergeModel3Add.xml
4 ms. Memory: 571392K Free: 428753K (75%)
----------------- Invoking toplevel() on ptolemy.moml.MoMLSimpleApplication@2856c375
----------------- Done invoking toplevel() on ptolemy.moml.MoMLSimpleApplication@2856c375
reloadAllAccessors: .MergeModel3Add

===========================================================================================
----------------- testing Tue Jun 05 16:50:07 UTC 2018 /home/travis/build/icyphy/ptII/ptolemy/domains/de/test/auto/MergeWithoutDiscard.xml
----------------- Instantiating /home/travis/build/icyphy/ptII/ptolemy/domains/de/test/auto/MergeWithoutDiscard.xml
0 ms. Memory: 571392K Free: 418974K (73%)
----------------- Invoking toplevel() on ptolemy.moml.MoMLSimpleApplication@ce64f27
----------------- Done invoking toplevel() on ptolemy.moml.MoMLSimpleApplication@ce64f27
reloadAllAccessors: .MergeWithoutDiscard

===========================================================================================
----------------- testing Tue Jun 05 16:50:07 UTC 2018 /home/travis/build/icyphy/ptII/ptolemy/domains/de/test/auto/Modal1.xml
----------------- Instantiating /home/travis/build/icyphy/ptII/ptolemy/domains/de/test/auto/Modal1.xml
6 ms. Memory: 571392K Free: 399383K (70%)
----------------- Invoking toplevel() on ptolemy.moml.MoMLSimpleApplication@112cf1fe
----------------- Done invoking toplevel() on ptolemy.moml.MoMLSimpleApplication@112cf1fe
reloadAllAccessors: .Modal1

===========================================================================================
----------------- testing Tue Jun 05 16:50:07 UTC 2018 /home/travis/build/icyphy/ptII/ptolemy/domains/de/test/auto/Modal2.xml
----------------- Instantiating /home/travis/build/icyphy/ptII/ptolemy/domains/de/test/auto/Modal2.xml
4 ms. Memory: 571392K Free: 379793K (66%)
----------------- Invoking toplevel() on ptolemy.moml.MoMLSimpleApplication@60f407b3
----------------- Done invoking toplevel() on ptolemy.moml.MoMLSimpleApplication@60f407b3
reloadAllAccessors: .Modal2

===========================================================================================
----------------- testing Tue Jun 05 16:50:07 UTC 2018 /home/travis/build/icyphy/ptII/ptolemy/domains/de/test/auto/Modal3.xml
----------------- Instantiating /home/travis/build/icyphy/ptII/ptolemy/domains/de/test/auto/Modal3.xml
4 ms. Memory: 571392K Free: 356986K (62%)
----------------- Invoking toplevel() on ptolemy.moml.MoMLSimpleApplication@aa88755
----------------- Done invoking toplevel() on ptolemy.moml.MoMLSimpleApplication@aa88755
reloadAllAccessors: .Modal3

===========================================================================================
----------------- testing Tue Jun 05 16:50:07 UTC 2018 /home/travis/build/icyphy/ptII/ptolemy/domains/de/test/auto/Modal4.xml
----------------- Instantiating /home/travis/build/icyphy/ptII/ptolemy/domains/de/test/auto/Modal4.xml
6 ms. Memory: 571392K Free: 337396K (59%)
----------------- Invoking toplevel() on ptolemy.moml.MoMLSimpleApplication@254980fd
----------------- Done invoking toplevel() on ptolemy.moml.MoMLSimpleApplication@254980fd
reloadAllAccessors: .Modal4

===========================================================================================
----------------- testing Tue Jun 05 16:50:07 UTC 2018 /home/travis/build/icyphy/ptII/ptolemy/domains/de/test/auto/Modal5.xml
----------------- Instantiating /home/travis/build/icyphy/ptII/ptolemy/domains/de/test/auto/Modal5.xml
4 ms. Memory: 571392K Free: 317806K (56%)
----------------- Invoking toplevel() on ptolemy.moml.MoMLSimpleApplication@29195c35
----------------- Done invoking toplevel() on ptolemy.moml.MoMLSimpleApplication@29195c35
reloadAllAccessors: .Modal5

===========================================================================================
----------------- testing Tue Jun 05 16:50:07 UTC 2018 /home/travis/build/icyphy/ptII/ptolemy/domains/de/test/auto/Modal6.xml
----------------- Instantiating /home/travis/build/icyphy/ptII/ptolemy/domains/de/test/auto/Modal6.xml
6 ms. Memory: 571392K Free: 303121K (53%)
----------------- Invoking toplevel() on ptolemy.moml.MoMLSimpleApplication@5fb3c380
----------------- Done invoking toplevel() on ptolemy.moml.MoMLSimpleApplication@5fb3c380
reloadAllAccessors: .Modal6

===========================================================================================
----------------- testing Tue Jun 05 16:50:07 UTC 2018 /home/travis/build/icyphy/ptII/ptolemy/domains/de/test/auto/Modal7.xml
----------------- Instantiating /home/travis/build/icyphy/ptII/ptolemy/domains/de/test/auto/Modal7.xml
4 ms. Memory: 571392K Free: 283546K (50%)
----------------- Invoking toplevel() on ptolemy.moml.MoMLSimpleApplication@1bab101a
----------------- Done invoking toplevel() on ptolemy.moml.MoMLSimpleApplication@1bab101a
reloadAllAccessors: .Modal7

===========================================================================================
----------------- testing Tue Jun 05 16:50:07 UTC 2018 /home/travis/build/icyphy/ptII/ptolemy/domains/de/test/auto/ModalModel.xml
----------------- Instantiating /home/travis/build/icyphy/ptII/ptolemy/domains/de/test/auto/ModalModel.xml
79 ms. Memory: 571392K Free: 210113K (37%)
----------------- Invoking toplevel() on ptolemy.moml.MoMLSimpleApplication@6bfa1cf3
----------------- Done invoking toplevel() on ptolemy.moml.MoMLSimpleApplication@6bfa1cf3
reloadAllAccessors: .ModalModel

===========================================================================================
----------------- testing Tue Jun 05 16:50:07 UTC 2018 /home/travis/build/icyphy/ptII/ptolemy/domains/de/test/auto/ModalSource.xml
----------------- Instantiating /home/travis/build/icyphy/ptII/ptolemy/domains/de/test/auto/ModalSource.xml
3 ms. Memory: 571392K Free: 195428K (34%)
----------------- Invoking toplevel() on ptolemy.moml.MoMLSimpleApplication@6b7ecf1c
----------------- Done invoking toplevel() on ptolemy.moml.MoMLSimpleApplication@6b7ecf1c
reloadAllAccessors: .ModalSource

===========================================================================================
----------------- testing Tue Jun 05 16:50:07 UTC 2018 /home/travis/build/icyphy/ptII/ptolemy/domains/de/test/auto/NonInterruptibleTimerZeroDelay.xml
----------------- Instantiating /home/travis/build/icyphy/ptII/ptolemy/domains/de/test/auto/NonInterruptibleTimerZeroDelay.xml
1 ms. Memory: 571392K Free: 182433K (32%)
----------------- Invoking toplevel() on ptolemy.moml.MoMLSimpleApplication@650f8987
----------------- Done invoking toplevel() on ptolemy.moml.MoMLSimpleApplication@650f8987
reloadAllAccessors: .NonInterruptibleTimerZeroDelay

===========================================================================================
----------------- testing Tue Jun 05 16:50:07 UTC 2018 /home/travis/build/icyphy/ptII/ptolemy/domains/de/test/auto/OpenQueueingNetwork.xml
----------------- Instantiating /home/travis/build/icyphy/ptII/ptolemy/domains/de/test/auto/OpenQueueingNetwork.xml
1664 ms. Memory: 526336K Free: 478872K (91%)
----------------- Invoking toplevel() on ptolemy.moml.MoMLSimpleApplication@214d9ec1
----------------- Done invoking toplevel() on ptolemy.moml.MoMLSimpleApplication@214d9ec1
reloadAllAccessors: .OpenQueueingNetwork

===========================================================================================
----------------- testing Tue Jun 05 16:50:09 UTC 2018 /home/travis/build/icyphy/ptII/ptolemy/domains/de/test/auto/OpenQueuingNetwork.xml
----------------- Instantiating /home/travis/build/icyphy/ptII/ptolemy/domains/de/test/auto/OpenQueuingNetwork.xml
207 ms. Memory: 526336K Free: 380877K (72%)
----------------- Invoking toplevel() on ptolemy.moml.MoMLSimpleApplication@704b433e
----------------- Done invoking toplevel() on ptolemy.moml.MoMLSimpleApplication@704b433e
reloadAllAccessors: .OpenQueuingNetwork

===========================================================================================
----------------- testing Tue Jun 05 16:50:09 UTC 2018 /home/travis/build/icyphy/ptII/ptolemy/domains/de/test/auto/PeriodicSampler.xml
----------------- Instantiating /home/travis/build/icyphy/ptII/ptolemy/domains/de/test/auto/PeriodicSampler.xml
2 ms. Memory: 526336K Free: 371978K (71%)
----------------- Invoking toplevel() on ptolemy.moml.MoMLSimpleApplication@3cc7d260
----------------- Done invoking toplevel() on ptolemy.moml.MoMLSimpleApplication@3cc7d260
reloadAllAccessors: .PeriodicSampler

===========================================================================================
----------------- testing Tue Jun 05 16:50:09 UTC 2018 /home/travis/build/icyphy/ptII/ptolemy/domains/de/test/auto/PersistentIO.xml
----------------- Instantiating /home/travis/build/icyphy/ptII/ptolemy/domains/de/test/auto/PersistentIO.xml
4 ms. Memory: 526336K Free: 358630K (68%)
----------------- Invoking toplevel() on ptolemy.moml.MoMLSimpleApplication@44a4c892
----------------- Done invoking toplevel() on ptolemy.moml.MoMLSimpleApplication@44a4c892
reloadAllAccessors: .PersistentIO

===========================================================================================
----------------- testing Tue Jun 05 16:50:09 UTC 2018 /home/travis/build/icyphy/ptII/ptolemy/domains/de/test/auto/PortParameterResetOnInitialize.xml
----------------- Instantiating /home/travis/build/icyphy/ptII/ptolemy/domains/de/test/auto/PortParameterResetOnInitialize.xml
1 ms. Memory: 526336K Free: 347764K (66%)
----------------- Invoking toplevel() on ptolemy.moml.MoMLSimpleApplication@51f06f0d
----------------- Done invoking toplevel() on ptolemy.moml.MoMLSimpleApplication@51f06f0d
reloadAllAccessors: .PortParameterResetOnInitialize

===========================================================================================
----------------- testing Tue Jun 05 16:50:09 UTC 2018 /home/travis/build/icyphy/ptII/ptolemy/domains/de/test/auto/PortParameterUpdates.xml
----------------- Instantiating /home/travis/build/icyphy/ptII/ptolemy/domains/de/test/auto/PortParameterUpdates.xml
2 ms. Memory: 526336K Free: 334409K (64%)
----------------- Invoking toplevel() on ptolemy.moml.MoMLSimpleApplication@257b8d99
----------------- Done invoking toplevel() on ptolemy.moml.MoMLSimpleApplication@257b8d99
reloadAllAccessors: .PortParameterUpdates

===========================================================================================
----------------- testing Tue Jun 05 16:50:09 UTC 2018 /home/travis/build/icyphy/ptII/ptolemy/domains/de/test/auto/QueueAndServer.xml
----------------- Instantiating /home/travis/build/icyphy/ptII/ptolemy/domains/de/test/auto/QueueAndServer.xml
4 ms. Memory: 526336K Free: 321061K (61%)
----------------- Invoking toplevel() on ptolemy.moml.MoMLSimpleApplication@7648e232
----------------- Done invoking toplevel() on ptolemy.moml.MoMLSimpleApplication@7648e232
reloadAllAccessors: .QueueAndServer

===========================================================================================
----------------- testing Tue Jun 05 16:50:09 UTC 2018 /home/travis/build/icyphy/ptII/ptolemy/domains/de/test/auto/Records.xml
----------------- Instantiating /home/travis/build/icyphy/ptII/ptolemy/domains/de/test/auto/Records.xml
6 ms. Memory: 526336K Free: 307698K (58%)
----------------- Invoking toplevel() on ptolemy.moml.MoMLSimpleApplication@4b5e6a14
----------------- Done invoking toplevel() on ptolemy.moml.MoMLSimpleApplication@4b5e6a14
reloadAllAccessors: .Records

===========================================================================================
----------------- testing Tue Jun 05 16:50:09 UTC 2018 /home/travis/build/icyphy/ptII/ptolemy/domains/de/test/auto/ResetTransitionWithStartTime1.xml
----------------- Instantiating /home/travis/build/icyphy/ptII/ptolemy/domains/de/test/auto/ResetTransitionWithStartTime1.xml
4 ms. Memory: 526336K Free: 292366K (56%)
----------------- Invoking toplevel() on ptolemy.moml.MoMLSimpleApplication@6be7c948
----------------- Done invoking toplevel() on ptolemy.moml.MoMLSimpleApplication@6be7c948
reloadAllAccessors: .ResetTransitionWithStartTime1

===========================================================================================
----------------- testing Tue Jun 05 16:50:09 UTC 2018 /home/travis/build/icyphy/ptII/ptolemy/domains/de/test/auto/ResetTransitionWithStartTime2.xml
----------------- Instantiating /home/travis/build/icyphy/ptII/ptolemy/domains/de/test/auto/ResetTransitionWithStartTime2.xml
3 ms. Memory: 526336K Free: 279002K (53%)
----------------- Invoking toplevel() on ptolemy.moml.MoMLSimpleApplication@455c4738
----------------- Done invoking toplevel() on ptolemy.moml.MoMLSimpleApplication@455c4738
reloadAllAccessors: .ResetTransitionWithStartTime2

===========================================================================================
----------------- testing Tue Jun 05 16:50:09 UTC 2018 /home/travis/build/icyphy/ptII/ptolemy/domains/de/test/auto/ResetTransitionWithStartTime3.xml
----------------- Instantiating /home/travis/build/icyphy/ptII/ptolemy/domains/de/test/auto/ResetTransitionWithStartTime3.xml
3 ms. Memory: 526336K Free: 265654K (50%)
----------------- Invoking toplevel() on ptolemy.moml.MoMLSimpleApplication@46c97065
----------------- Done invoking toplevel() on ptolemy.moml.MoMLSimpleApplication@46c97065
reloadAllAccessors: .ResetTransitionWithStartTime3

===========================================================================================
----------------- testing Tue Jun 05 16:50:09 UTC 2018 /home/travis/build/icyphy/ptII/ptolemy/domains/de/test/auto/ResetTransitionWithStartTime4.xml
----------------- Instantiating /home/travis/build/icyphy/ptII/ptolemy/domains/de/test/auto/ResetTransitionWithStartTime4.xml
2 ms. Memory: 526336K Free: 252290K (48%)
----------------- Invoking toplevel() on ptolemy.moml.MoMLSimpleApplication@12519543
----------------- Done invoking toplevel() on ptolemy.moml.MoMLSimpleApplication@12519543
reloadAllAccessors: .ResetTransitionWithStartTime4

===========================================================================================
----------------- testing Tue Jun 05 16:50:09 UTC 2018 /home/travis/build/icyphy/ptII/ptolemy/domains/de/test/auto/ResettableTimer1.xml
----------------- Instantiating /home/travis/build/icyphy/ptII/ptolemy/domains/de/test/auto/ResettableTimer1.xml
2 ms. Memory: 526336K Free: 241424K (46%)
----------------- Invoking toplevel() on ptolemy.moml.MoMLSimpleApplication@1844f977
----------------- Done invoking toplevel() on ptolemy.moml.MoMLSimpleApplication@1844f977
reloadAllAccessors: .ResettableTimer1

===========================================================================================
----------------- testing Tue Jun 05 16:50:09 UTC 2018 /home/travis/build/icyphy/ptII/ptolemy/domains/de/test/auto/ResettableTimer2.xml
----------------- Instantiating /home/travis/build/icyphy/ptII/ptolemy/domains/de/test/auto/ResettableTimer2.xml
1 ms. Memory: 526336K Free: 232525K (44%)
----------------- Invoking toplevel() on ptolemy.moml.MoMLSimpleApplication@a89f034
----------------- Done invoking toplevel() on ptolemy.moml.MoMLSimpleApplication@a89f034
reloadAllAccessors: .ResettableTimer2

===========================================================================================
----------------- testing Tue Jun 05 16:50:09 UTC 2018 /home/travis/build/icyphy/ptII/ptolemy/domains/de/test/auto/ResettableTimer3.xml
----------------- Instantiating /home/travis/build/icyphy/ptII/ptolemy/domains/de/test/auto/ResettableTimer3.xml
2 ms. Memory: 526336K Free: 223627K (42%)
----------------- Invoking toplevel() on ptolemy.moml.MoMLSimpleApplication@731ce890
----------------- Done invoking toplevel() on ptolemy.moml.MoMLSimpleApplication@731ce890
reloadAllAccessors: .ResettableTimer3

===========================================================================================
----------------- testing Tue Jun 05 16:50:09 UTC 2018 /home/travis/build/icyphy/ptII/ptolemy/domains/de/test/auto/ResettableTimer4.xml
----------------- Instantiating /home/travis/build/icyphy/ptII/ptolemy/domains/de/test/auto/ResettableTimer4.xml
1 ms. Memory: 526336K Free: 214728K (41%)
----------------- Invoking toplevel() on ptolemy.moml.MoMLSimpleApplication@326753e0
----------------- Done invoking toplevel() on ptolemy.moml.MoMLSimpleApplication@326753e0
reloadAllAccessors: .ResettableTimer4

===========================================================================================
----------------- testing Tue Jun 05 16:50:09 UTC 2018 /home/travis/build/icyphy/ptII/ptolemy/domains/de/test/auto/ResettableTimer5.xml
----------------- Instantiating /home/travis/build/icyphy/ptII/ptolemy/domains/de/test/auto/ResettableTimer5.xml
1 ms. Memory: 526336K Free: 203862K (39%)
----------------- Invoking toplevel() on ptolemy.moml.MoMLSimpleApplication@d7092c7
----------------- Done invoking toplevel() on ptolemy.moml.MoMLSimpleApplication@d7092c7
reloadAllAccessors: .ResettableTimer5

===========================================================================================
----------------- testing Tue Jun 05 16:50:09 UTC 2018 /home/travis/build/icyphy/ptII/ptolemy/domains/de/test/auto/ResettableTimer6.xml
----------------- Instantiating /home/travis/build/icyphy/ptII/ptolemy/domains/de/test/auto/ResettableTimer6.xml
4 ms. Memory: 526336K Free: 194963K (37%)
----------------- Invoking toplevel() on ptolemy.moml.MoMLSimpleApplication@3dc68d26
----------------- Done invoking toplevel() on ptolemy.moml.MoMLSimpleApplication@3dc68d26
reloadAllAccessors: .ResettableTimer6

===========================================================================================
----------------- testing Tue Jun 05 16:50:09 UTC 2018 /home/travis/build/icyphy/ptII/ptolemy/domains/de/test/auto/ServerZeroDelay.xml
----------------- Instantiating /home/travis/build/icyphy/ptII/ptolemy/domains/de/test/auto/ServerZeroDelay.xml
2 ms. Memory: 526336K Free: 186065K (35%)
----------------- Invoking toplevel() on ptolemy.moml.MoMLSimpleApplication@7f77ca8d
----------------- Done invoking toplevel() on ptolemy.moml.MoMLSimpleApplication@7f77ca8d
reloadAllAccessors: .ServerZeroDelay

===========================================================================================
----------------- testing Tue Jun 05 16:50:09 UTC 2018 /home/travis/build/icyphy/ptII/ptolemy/domains/de/test/auto/SmartSender.xml
----------------- Instantiating /home/travis/build/icyphy/ptII/ptolemy/domains/de/test/auto/SmartSender.xml
3000 ms. Memory: 526336K Free: 177166K (34%)
----------------- Invoking toplevel() on ptolemy.moml.MoMLSimpleApplication@41d3f39b
----------------- Done invoking toplevel() on ptolemy.moml.MoMLSimpleApplication@41d3f39b
reloadAllAccessors: .SmartSender

===========================================================================================
----------------- testing Tue Jun 05 16:50:12 UTC 2018 /home/travis/build/icyphy/ptII/ptolemy/domains/de/test/auto/ThreadedComposite.xml
----------------- Instantiating /home/travis/build/icyphy/ptII/ptolemy/domains/de/test/auto/ThreadedComposite.xml
187 ms. Memory: 526336K Free: 135138K (26%)
----------------- Invoking toplevel() on ptolemy.moml.MoMLSimpleApplication@218956a4
----------------- Done invoking toplevel() on ptolemy.moml.MoMLSimpleApplication@218956a4
reloadAllAccessors: .ThreadedComposite

===========================================================================================
----------------- testing Tue Jun 05 16:50:12 UTC 2018 /home/travis/build/icyphy/ptII/ptolemy/domains/de/test/auto/Time.xml
----------------- Instantiating /home/travis/build/icyphy/ptII/ptolemy/domains/de/test/auto/Time.xml
370 ms. Memory: 526336K Free: 77297K (15%)
----------------- Invoking toplevel() on ptolemy.moml.MoMLSimpleApplication@705bc9fc
----------------- Done invoking toplevel() on ptolemy.moml.MoMLSimpleApplication@705bc9fc
reloadAllAccessors: .Time

===========================================================================================
----------------- testing Tue Jun 05 16:50:13 UTC 2018 /home/travis/build/icyphy/ptII/ptolemy/domains/de/test/auto/TimeDelayZeroDelay.xml
----------------- Instantiating /home/travis/build/icyphy/ptII/ptolemy/domains/de/test/auto/TimeDelayZeroDelay.xml
2 ms. Memory: 526336K Free: 68664K (13%)
----------------- Invoking toplevel() on ptolemy.moml.MoMLSimpleApplication@90327b3
----------------- Done invoking toplevel() on ptolemy.moml.MoMLSimpleApplication@90327b3
reloadAllAccessors: .TimeDelayZeroDelay

===========================================================================================
----------------- testing Tue Jun 05 16:50:13 UTC 2018 /home/travis/build/icyphy/ptII/ptolemy/domains/de/test/auto/TimerZeroDelay.xml
----------------- Instantiating /home/travis/build/icyphy/ptII/ptolemy/domains/de/test/auto/TimerZeroDelay.xml
1 ms. Memory: 509440K Free: 486676K (96%)
----------------- Invoking toplevel() on ptolemy.moml.MoMLSimpleApplication@744e62e4
----------------- Done invoking toplevel() on ptolemy.moml.MoMLSimpleApplication@744e62e4
reloadAllAccessors: .TimerZeroDelay

===========================================================================================
----------------- testing Tue Jun 05 16:50:13 UTC 2018 /home/travis/build/icyphy/ptII/ptolemy/domains/de/test/auto/TimingParadox.xml
----------------- Instantiating /home/travis/build/icyphy/ptII/ptolemy/domains/de/test/auto/TimingParadox.xml
260 ms. Memory: 509440K Free: 414439K (81%)
----------------- Invoking toplevel() on ptolemy.moml.MoMLSimpleApplication@41c994d9
----------------- Done invoking toplevel() on ptolemy.moml.MoMLSimpleApplication@41c994d9
reloadAllAccessors: .TimingParadox

===========================================================================================
----------------- testing Tue Jun 05 16:50:13 UTC 2018 /home/travis/build/icyphy/ptII/ptolemy/domains/de/test/auto/TransferInputs.xml
----------------- Instantiating /home/travis/build/icyphy/ptII/ptolemy/domains/de/test/auto/TransferInputs.xml
1 ms. Memory: 509440K Free: 405950K (80%)
----------------- Invoking toplevel() on ptolemy.moml.MoMLSimpleApplication@55548b57
----------------- Done invoking toplevel() on ptolemy.moml.MoMLSimpleApplication@55548b57
reloadAllAccessors: .TransferInputs

===========================================================================================
----------------- testing Tue Jun 05 16:50:13 UTC 2018 /home/travis/build/icyphy/ptII/ptolemy/domains/de/test/auto/TransferOutputs2.xml
----------------- Instantiating /home/travis/build/icyphy/ptII/ptolemy/domains/de/test/auto/TransferOutputs2.xml
2 ms. Memory: 509440K Free: 391901K (77%)
----------------- Invoking toplevel() on ptolemy.moml.MoMLSimpleApplication@66f9c741
----------------- Done invoking toplevel() on ptolemy.moml.MoMLSimpleApplication@66f9c741
reloadAllAccessors: .TransferOutputs2

===========================================================================================
----------------- testing Tue Jun 05 16:50:13 UTC 2018 /home/travis/build/icyphy/ptII/ptolemy/domains/de/test/auto/Trilateration.xml
----------------- Instantiating /home/travis/build/icyphy/ptII/ptolemy/domains/de/test/auto/Trilateration.xml
10261 ms. Memory: 379904K Free: 262897K (69%)
----------------- Invoking toplevel() on ptolemy.moml.MoMLSimpleApplication@177076e1
----------------- Done invoking toplevel() on ptolemy.moml.MoMLSimpleApplication@177076e1
reloadAllAccessors: .Trilateration

===========================================================================================
----------------- testing Tue Jun 05 16:50:24 UTC 2018 /home/travis/build/icyphy/ptII/ptolemy/domains/de/test/auto/TwoSigmaDelta.xml
----------------- Instantiating /home/travis/build/icyphy/ptII/ptolemy/domains/de/test/auto/TwoSigmaDelta.xml
1778 ms. Memory: 361984K Free: 246483K (68%)
----------------- Invoking toplevel() on ptolemy.moml.MoMLSimpleApplication@2bc36d7a
----------------- Done invoking toplevel() on ptolemy.moml.MoMLSimpleApplication@2bc36d7a
reloadAllAccessors: .TwoSigmaDelta

===========================================================================================
----------------- testing Tue Jun 05 16:50:26 UTC 2018 /home/travis/build/icyphy/ptII/ptolemy/domains/de/test/auto/VariableDelay.xml
----------------- Instantiating /home/travis/build/icyphy/ptII/ptolemy/domains/de/test/auto/VariableDelay.xml
1 ms. Memory: 361984K Free: 234372K (65%)
----------------- Invoking toplevel() on ptolemy.moml.MoMLSimpleApplication@7710845f
----------------- Done invoking toplevel() on ptolemy.moml.MoMLSimpleApplication@7710845f
reloadAllAccessors: .VariableDelay

===========================================================================================
----------------- testing Tue Jun 05 16:50:26 UTC 2018 /home/travis/build/icyphy/ptII/ptolemy/domains/de/test/auto/VariableDelay2.xml
----------------- Instantiating /home/travis/build/icyphy/ptII/ptolemy/domains/de/test/auto/VariableDelay2.xml
1 ms. Memory: 361984K Free: 225588K (62%)
----------------- Invoking toplevel() on ptolemy.moml.MoMLSimpleApplication@526337cb
----------------- Done invoking toplevel() on ptolemy.moml.MoMLSimpleApplication@526337cb
reloadAllAccessors: .VariableDelay2

===========================================================================================
----------------- testing Tue Jun 05 16:50:26 UTC 2018 /home/travis/build/icyphy/ptII/ptolemy/domains/de/test/auto/VariableDelayZeroDelay.xml
----------------- Instantiating /home/travis/build/icyphy/ptII/ptolemy/domains/de/test/auto/VariableDelayZeroDelay.xml
1 ms. Memory: 361984K Free: 216454K (60%)
----------------- Invoking toplevel() on ptolemy.moml.MoMLSimpleApplication@20585fa
----------------- Done invoking toplevel() on ptolemy.moml.MoMLSimpleApplication@20585fa
reloadAllAccessors: .VariableDelayZeroDelay

===========================================================================================
----------------- testing Tue Jun 05 16:50:26 UTC 2018 /home/travis/build/icyphy/ptII/ptolemy/domains/de/test/auto/VariableDelayZeroDelay2.xml
----------------- Instantiating /home/travis/build/icyphy/ptII/ptolemy/domains/de/test/auto/VariableDelayZeroDelay2.xml
2 ms. Memory: 361984K Free: 207670K (57%)
----------------- Invoking toplevel() on ptolemy.moml.MoMLSimpleApplication@6ff5d6a3
----------------- Done invoking toplevel() on ptolemy.moml.MoMLSimpleApplication@6ff5d6a3
reloadAllAccessors: .VariableDelayZeroDelay2

===========================================================================================
----------------- testing Tue Jun 05 16:50:26 UTC 2018 /home/travis/build/icyphy/ptII/ptolemy/domains/de/test/auto/deInCt.xml
----------------- Instantiating /home/travis/build/icyphy/ptII/ptolemy/domains/de/test/auto/deInCt.xml
0
1
1
1
1
1
0
0
0
1
1
1
1
0
0
0
1
1
1
0
0
0
0
0
1
1
1
0
0
0
0
1
1
1
1
3 ms. Memory: 361984K Free: 198520K (55%)
----------------- Invoking toplevel() on ptolemy.moml.MoMLSimpleApplication@7901994e
----------------- Done invoking toplevel() on ptolemy.moml.MoMLSimpleApplication@7901994e
reloadAllAccessors: .deInCt

===========================================================================================
----------------- testing Tue Jun 05 16:50:26 UTC 2018 /home/travis/build/icyphy/ptII/ptolemy/domains/de/test/auto/deInCt2.xml
----------------- Instantiating /home/travis/build/icyphy/ptII/ptolemy/domains/de/test/auto/deInCt2.xml
0
1
1
1
0
0
1
1
1
0
0
1
1
1
0
0
1
1
1
0
0
1
1
1
0
0
1
1
1
0
0
1
1
1
0
0
1
1
1
0
0
0
3 ms. Memory: 361984K Free: 189735K (52%)
----------------- Invoking toplevel() on ptolemy.moml.MoMLSimpleApplication@5d8545f0
----------------- Done invoking toplevel() on ptolemy.moml.MoMLSimpleApplication@5d8545f0
reloadAllAccessors: .deInCt2

===========================================================================================
----------------- testing Tue Jun 05 16:50:26 UTC 2018 /home/travis/build/icyphy/ptII/ptolemy/domains/de/test/auto/dynamicCausalityInterface1.xml
----------------- Instantiating /home/travis/build/icyphy/ptII/ptolemy/domains/de/test/auto/dynamicCausalityInterface1.xml
1 ms. Memory: 361984K Free: 174976K (48%)
----------------- Invoking toplevel() on ptolemy.moml.MoMLSimpleApplication@6f84b9fe
----------------- Done invoking toplevel() on ptolemy.moml.MoMLSimpleApplication@6f84b9fe
reloadAllAccessors: .dynamicCausalityInterface1

===========================================================================================
----------------- testing Tue Jun 05 16:50:26 UTC 2018 /home/travis/build/icyphy/ptII/ptolemy/domains/de/test/auto/fsm_de_test.xml
----------------- Instantiating /home/travis/build/icyphy/ptII/ptolemy/domains/de/test/auto/fsm_de_test.xml
5 ms. Memory: 361984K Free: 163397K (45%)
----------------- Invoking toplevel() on ptolemy.moml.MoMLSimpleApplication@58db0582
----------------- Done invoking toplevel() on ptolemy.moml.MoMLSimpleApplication@58db0582
reloadAllAccessors: .fsm_de_test

===========================================================================================
----------------- testing Tue Jun 05 16:50:26 UTC 2018 /home/travis/build/icyphy/ptII/ptolemy/domains/de/test/auto/functionDependencyReconstruction.xml
----------------- Instantiating /home/travis/build/icyphy/ptII/ptolemy/domains/de/test/auto/functionDependencyReconstruction.xml
2 ms. Memory: 361984K Free: 143012K (40%)
----------------- Invoking toplevel() on ptolemy.moml.MoMLSimpleApplication@64eb2f16
----------------- Done invoking toplevel() on ptolemy.moml.MoMLSimpleApplication@64eb2f16
reloadAllAccessors: .functionDependencyReconstruction

===========================================================================================
----------------- testing Tue Jun 05 16:50:26 UTC 2018 /home/travis/build/icyphy/ptII/ptolemy/domains/de/test/auto/multirate.xml
----------------- Instantiating /home/travis/build/icyphy/ptII/ptolemy/domains/de/test/auto/multirate.xml
2 ms. Memory: 361984K Free: 134228K (37%)
----------------- Invoking toplevel() on ptolemy.moml.MoMLSimpleApplication@1a210e5a
----------------- Done invoking toplevel() on ptolemy.moml.MoMLSimpleApplication@1a210e5a
reloadAllAccessors: .multirate

===========================================================================================
----------------- testing Tue Jun 05 16:50:26 UTC 2018 /home/travis/build/icyphy/ptII/ptolemy/domains/de/test/auto/multirate2.xml
----------------- Instantiating /home/travis/build/icyphy/ptII/ptolemy/domains/de/test/auto/multirate2.xml
2 ms. Memory: 361984K Free: 125077K (35%)
----------------- Invoking toplevel() on ptolemy.moml.MoMLSimpleApplication@5aed27b
----------------- Done invoking toplevel() on ptolemy.moml.MoMLSimpleApplication@5aed27b
reloadAllAccessors: .multirate2

===========================================================================================
----------------- testing Tue Jun 05 16:50:26 UTC 2018 /home/travis/build/icyphy/ptII/ptolemy/domains/de/test/auto/realtime.xml
----------------- Instantiating /home/travis/build/icyphy/ptII/ptolemy/domains/de/test/auto/realtime.xml
10001 ms. Memory: 361984K Free: 116293K (32%)
----------------- Invoking toplevel() on ptolemy.moml.MoMLSimpleApplication@36d8c3f2
----------------- Done invoking toplevel() on ptolemy.moml.MoMLSimpleApplication@36d8c3f2
reloadAllAccessors: .realtime

===========================================================================================
----------------- testing Tue Jun 05 16:50:36 UTC 2018 /home/travis/build/icyphy/ptII/ptolemy/domains/de/test/auto/relationGroup.xml
----------------- Instantiating /home/travis/build/icyphy/ptII/ptolemy/domains/de/test/auto/relationGroup.xml
2 ms. Memory: 361984K Free: 109960K (30%)
----------------- Invoking toplevel() on ptolemy.moml.MoMLSimpleApplication@43ddc704
----------------- Done invoking toplevel() on ptolemy.moml.MoMLSimpleApplication@43ddc704
reloadAllAccessors: .relationGroup

===========================================================================================
----------------- testing Tue Jun 05 16:50:36 UTC 2018 /home/travis/build/icyphy/ptII/ptolemy/domains/de/test/auto/relationGroup2.xml
----------------- Instantiating /home/travis/build/icyphy/ptII/ptolemy/domains/de/test/auto/relationGroup2.xml
2 ms. Memory: 361984K Free: 103992K (29%)
----------------- Invoking toplevel() on ptolemy.moml.MoMLSimpleApplication@5feccb4b
----------------- Done invoking toplevel() on ptolemy.moml.MoMLSimpleApplication@5feccb4b
reloadAllAccessors: .relationGroup2

===========================================================================================
----------------- testing Tue Jun 05 16:50:36 UTC 2018 /home/travis/build/icyphy/ptII/ptolemy/domains/de/test/auto/sortWithOpaquePorts.xml
----------------- Instantiating /home/travis/build/icyphy/ptII/ptolemy/domains/de/test/auto/sortWithOpaquePorts.xml
1 ms. Memory: 361984K Free: 94850K (26%)
----------------- Invoking toplevel() on ptolemy.moml.MoMLSimpleApplication@5df7b092
----------------- Done invoking toplevel() on ptolemy.moml.MoMLSimpleApplication@5df7b092
reloadAllAccessors: .sortWithOpaquePorts

===========================================================================================
----------------- testing Tue Jun 05 16:50:36 UTC 2018 /home/travis/build/icyphy/ptII/ptolemy/domains/de/test/auto/transferInputsandOutputs.xml
----------------- Instantiating /home/travis/build/icyphy/ptII/ptolemy/domains/de/test/auto/transferInputsandOutputs.xml
2 ms. Memory: 361984K Free: 86082K (24%)
----------------- Invoking toplevel() on ptolemy.moml.MoMLSimpleApplication@3b046fe7
----------------- Done invoking toplevel() on ptolemy.moml.MoMLSimpleApplication@3b046fe7
reloadAllAccessors: .transferInputsandOutputs

===========================================================================================
----------------- testing Tue Jun 05 16:50:36 UTC 2018 /home/travis/build/icyphy/ptII/ptolemy/domains/de/test/auto/triggerType.xml
----------------- Instantiating /home/travis/build/icyphy/ptII/ptolemy/domains/de/test/auto/triggerType.xml
1 ms. Memory: 361984K Free: 76940K (21%)
----------------- Invoking toplevel() on ptolemy.moml.MoMLSimpleApplication@1726a620
----------------- Done invoking toplevel() on ptolemy.moml.MoMLSimpleApplication@1726a620
reloadAllAccessors: .triggerType
AutoTests.java: About to close Vertx.
AutoTests.java: Vertx closed.
]]></system-out>
  <system-err><![CDATA[java.lang.RuntimeException: Execution failed
	at ptolemy.moml.MoMLSimpleApplication$UnloadThread.run(MoMLSimpleApplication.java:402)
Caused by: ptolemy.kernel.util.IllegalActionException: Found a zero delay loop containing .dependencyLoop.original
  in .dependencyLoop and .dependencyLoop.original
	at ptolemy.actor.util.CausalityInterfaceForComposites._computeOutputPortDepth(CausalityInterfaceForComposites.java:759)
	at ptolemy.actor.util.CausalityInterfaceForComposites._computeInputDepth(CausalityInterfaceForComposites.java:696)
	at ptolemy.actor.util.CausalityInterfaceForComposites._computeOutputPortDepth(CausalityInterfaceForComposites.java:765)
	at ptolemy.actor.util.CausalityInterfaceForComposites._computeInputDepth(CausalityInterfaceForComposites.java:696)
	at ptolemy.actor.util.CausalityInterfaceForComposites._computeOutputPortDepth(CausalityInterfaceForComposites.java:765)
	at ptolemy.actor.util.CausalityInterfaceForComposites._computeInputDepth(CausalityInterfaceForComposites.java:696)
	at ptolemy.actor.util.CausalityInterfaceForComposites._computeActorDepth(CausalityInterfaceForComposites.java:532)
	at ptolemy.actor.util.CausalityInterfaceForComposites.checkForCycles(CausalityInterfaceForComposites.java:96)
	at ptolemy.domains.de.kernel.DEDirector.preinitialize(DEDirector.java:1337)
	at ptolemy.actor.CompositeActor.preinitialize(CompositeActor.java:1828)
	at ptolemy.actor.Manager.preinitializeAndResolveTypes(Manager.java:1040)
	at ptolemy.actor.Manager.initialize(Manager.java:710)
	at ptolemy.actor.Manager.execute(Manager.java:356)
	at ptolemy.actor.Manager.run(Manager.java:1263)
	at ptolemy.actor.Manager$PtolemyRunThread.run(Manager.java:1915)
java.lang.RuntimeException: Execution failed
	at ptolemy.moml.MoMLSimpleApplication$UnloadThread.run(MoMLSimpleApplication.java:402)
Caused by: ptolemy.kernel.util.IllegalActionException: Found a zero delay loop containing .dependencyLoop2.original
  in .dependencyLoop2 and .dependencyLoop2.original
	at ptolemy.actor.util.CausalityInterfaceForComposites._computeOutputPortDepth(CausalityInterfaceForComposites.java:759)
	at ptolemy.actor.util.CausalityInterfaceForComposites._computeInputDepth(CausalityInterfaceForComposites.java:696)
	at ptolemy.actor.util.CausalityInterfaceForComposites._computeOutputPortDepth(CausalityInterfaceForComposites.java:765)
	at ptolemy.actor.util.CausalityInterfaceForComposites._computeInputDepth(CausalityInterfaceForComposites.java:696)
	at ptolemy.actor.util.CausalityInterfaceForComposites._computeOutputPortDepth(CausalityInterfaceForComposites.java:765)
	at ptolemy.actor.util.CausalityInterfaceForComposites._computeInputDepth(CausalityInterfaceForComposites.java:696)
	at ptolemy.actor.util.CausalityInterfaceForComposites._computeActorDepth(CausalityInterfaceForComposites.java:532)
	at ptolemy.actor.util.CausalityInterfaceForComposites.checkForCycles(CausalityInterfaceForComposites.java:96)
	at ptolemy.domains.de.kernel.DEDirector.preinitialize(DEDirector.java:1337)
	at ptolemy.actor.CompositeActor.preinitialize(CompositeActor.java:1828)
	at ptolemy.actor.Manager.preinitializeAndResolveTypes(Manager.java:1040)
	at ptolemy.actor.Manager.initialize(Manager.java:710)
	at ptolemy.actor.Manager.execute(Manager.java:356)
	at ptolemy.actor.Manager.run(Manager.java:1263)
	at ptolemy.actor.Manager$PtolemyRunThread.run(Manager.java:1915)
java.lang.RuntimeException: Execution failed
	at ptolemy.moml.MoMLSimpleApplication$UnloadThread.run(MoMLSimpleApplication.java:402)
Caused by: ptolemy.kernel.util.IllegalActionException: Found a zero delay loop containing .dependencyLoop.original
  in .dependencyLoop and .dependencyLoop.original
	at ptolemy.actor.util.CausalityInterfaceForComposites._computeOutputPortDepth(CausalityInterfaceForComposites.java:759)
	at ptolemy.actor.util.CausalityInterfaceForComposites._computeInputDepth(CausalityInterfaceForComposites.java:696)
	at ptolemy.actor.util.CausalityInterfaceForComposites._computeOutputPortDepth(CausalityInterfaceForComposites.java:765)
	at ptolemy.actor.util.CausalityInterfaceForComposites._computeInputDepth(CausalityInterfaceForComposites.java:696)
	at ptolemy.actor.util.CausalityInterfaceForComposites._computeOutputPortDepth(CausalityInterfaceForComposites.java:765)
	at ptolemy.actor.util.CausalityInterfaceForComposites._computeInputDepth(CausalityInterfaceForComposites.java:696)
	at ptolemy.actor.util.CausalityInterfaceForComposites._computeActorDepth(CausalityInterfaceForComposites.java:532)
	at ptolemy.actor.util.CausalityInterfaceForComposites.checkForCycles(CausalityInterfaceForComposites.java:96)
	at ptolemy.domains.de.kernel.DEDirector.preinitialize(DEDirector.java:1337)
	at ptolemy.actor.CompositeActor.preinitialize(CompositeActor.java:1828)
	at ptolemy.actor.Manager.preinitializeAndResolveTypes(Manager.java:1040)
	at ptolemy.actor.Manager.initialize(Manager.java:710)
	at ptolemy.actor.Manager.execute(Manager.java:356)
	at ptolemy.actor.Manager.run(Manager.java:1263)
	at ptolemy.actor.Manager$PtolemyRunThread.run(Manager.java:1915)
java.lang.RuntimeException: Execution failed
	at ptolemy.moml.MoMLSimpleApplication$UnloadThread.run(MoMLSimpleApplication.java:402)
Caused by: ptolemy.kernel.util.IllegalActionException: Actor is not ready to fire.  Perhaps UpSample.prefire() returned false? Try debugging the actor by selecting "Listen to Actor".  Also, for SDF check moml for tokenConsumptionRate on input.
  in .DESDFClockTest.Play Bell.Copy1:SDF Director and .DESDFClockTest.Play Bell.UpSample
	at ptolemy.actor.sched.StaticSchedulingDirector.fire(StaticSchedulingDirector.java:227)
	at ptolemy.domains.sdf.kernel.SDFDirector.fire(SDFDirector.java:500)
	at ptolemy.actor.CompositeActor.fire(CompositeActor.java:455)
	at ptolemy.domains.de.kernel.DEDirector._fire(DEDirector.java:1948)
	at ptolemy.domains.de.kernel.DEDirector.fire(DEDirector.java:502)
	at ptolemy.actor.CompositeActor.fire(CompositeActor.java:455)
	at ptolemy.actor.Manager.iterate(Manager.java:851)
	at ptolemy.actor.Manager.execute(Manager.java:369)
	at ptolemy.actor.Manager.run(Manager.java:1263)
	at ptolemy.actor.Manager$PtolemyRunThread.run(Manager.java:1915)
java.lang.RuntimeException: Execution failed
	at ptolemy.moml.MoMLSimpleApplication$UnloadThread.run(MoMLSimpleApplication.java:402)
Caused by: ptolemy.kernel.util.IllegalActionException: Found a zero delay loop containing .dependencyLoop2.original
  in .dependencyLoop2 and .dependencyLoop2.original
	at ptolemy.actor.util.CausalityInterfaceForComposites._computeOutputPortDepth(CausalityInterfaceForComposites.java:759)
	at ptolemy.actor.util.CausalityInterfaceForComposites._computeInputDepth(CausalityInterfaceForComposites.java:696)
	at ptolemy.actor.util.CausalityInterfaceForComposites._computeOutputPortDepth(CausalityInterfaceForComposites.java:765)
	at ptolemy.actor.util.CausalityInterfaceForComposites._computeInputDepth(CausalityInterfaceForComposites.java:696)
	at ptolemy.actor.util.CausalityInterfaceForComposites._computeOutputPortDepth(CausalityInterfaceForComposites.java:765)
	at ptolemy.actor.util.CausalityInterfaceForComposites._computeInputDepth(CausalityInterfaceForComposites.java:696)
	at ptolemy.actor.util.CausalityInterfaceForComposites._computeActorDepth(CausalityInterfaceForComposites.java:532)
	at ptolemy.actor.util.CausalityInterfaceForComposites.checkForCycles(CausalityInterfaceForComposites.java:96)
	at ptolemy.domains.de.kernel.DEDirector.preinitialize(DEDirector.java:1337)
	at ptolemy.actor.CompositeActor.preinitialize(CompositeActor.java:1828)
	at ptolemy.actor.Manager.preinitializeAndResolveTypes(Manager.java:1040)
	at ptolemy.actor.Manager.initialize(Manager.java:710)
	at ptolemy.actor.Manager.execute(Manager.java:356)
	at ptolemy.actor.Manager.run(Manager.java:1263)
	at ptolemy.actor.Manager$PtolemyRunThread.run(Manager.java:1915)
java.lang.RuntimeException: Execution failed
	at ptolemy.moml.MoMLSimpleApplication$UnloadThread.run(MoMLSimpleApplication.java:402)
Caused by: ptolemy.kernel.util.IllegalActionException: Found a zero delay loop containing .HierarchicalModel.A
  in .HierarchicalModel and .HierarchicalModel.A
	at ptolemy.actor.util.CausalityInterfaceForComposites._computeOutputPortDepth(CausalityInterfaceForComposites.java:759)
	at ptolemy.actor.util.CausalityInterfaceForComposites._computeInputDepth(CausalityInterfaceForComposites.java:696)
	at ptolemy.actor.util.CausalityInterfaceForComposites._computeOutputPortDepth(CausalityInterfaceForComposites.java:765)
	at ptolemy.actor.util.CausalityInterfaceForComposites._computeInputDepth(CausalityInterfaceForComposites.java:696)
	at ptolemy.actor.util.CausalityInterfaceForComposites._computeOutputPortDepth(CausalityInterfaceForComposites.java:765)
	at ptolemy.actor.util.CausalityInterfaceForComposites._computeInputDepth(CausalityInterfaceForComposites.java:696)
	at ptolemy.actor.util.CausalityInterfaceForComposites._computeActorDepth(CausalityInterfaceForComposites.java:532)
	at ptolemy.actor.util.CausalityInterfaceForComposites.checkForCycles(CausalityInterfaceForComposites.java:96)
	at ptolemy.domains.de.kernel.DEDirector.preinitialize(DEDirector.java:1337)
	at ptolemy.actor.CompositeActor.preinitialize(CompositeActor.java:1828)
	at ptolemy.actor.Manager.preinitializeAndResolveTypes(Manager.java:1040)
	at ptolemy.actor.Manager.initialize(Manager.java:710)
	at ptolemy.actor.Manager.execute(Manager.java:356)
	at ptolemy.actor.Manager.run(Manager.java:1263)
	at ptolemy.actor.Manager$PtolemyRunThread.run(Manager.java:1915)
java.lang.RuntimeException: Execution failed
	at ptolemy.moml.MoMLSimpleApplication$UnloadThread.run(MoMLSimpleApplication.java:402)
Caused by: ptolemy.kernel.util.IllegalActionException: Test fails in iteration 1.
Value was: 1.0. Should have been: 2.0
  in .DirectFeedback.Test
	at ptolemy.actor.lib.Test.fire(Test.java:268)
	at ptolemy.domains.de.kernel.DEDirector._fire(DEDirector.java:1948)
	at ptolemy.domains.de.kernel.DEDirector.fire(DEDirector.java:502)
	at ptolemy.actor.CompositeActor.fire(CompositeActor.java:455)
	at ptolemy.actor.Manager.iterate(Manager.java:851)
	at ptolemy.actor.Manager.execute(Manager.java:369)
	at ptolemy.actor.Manager.run(Manager.java:1263)
	at ptolemy.actor.Manager$PtolemyRunThread.run(Manager.java:1915)
java.lang.RuntimeException: Execution failed
	at ptolemy.moml.MoMLSimpleApplication$UnloadThread.run(MoMLSimpleApplication.java:402)
Caused by: ptolemy.kernel.util.IllegalActionException: Actor is not ready to fire.  Perhaps UpSample.prefire() returned false? Try debugging the actor by selecting "Listen to Actor".  Also, for SDF check moml for tokenConsumptionRate on input.
  in .DESDFClockTest.Play Bell.Copy1:SDF Director and .DESDFClockTest.Play Bell.UpSample
	at ptolemy.actor.sched.StaticSchedulingDirector.fire(StaticSchedulingDirector.java:227)
	at ptolemy.domains.sdf.kernel.SDFDirector.fire(SDFDirector.java:500)
	at ptolemy.actor.CompositeActor.fire(CompositeActor.java:455)
	at ptolemy.domains.de.kernel.DEDirector._fire(DEDirector.java:1948)
	at ptolemy.domains.de.kernel.DEDirector.fire(DEDirector.java:502)
	at ptolemy.actor.CompositeActor.fire(CompositeActor.java:455)
	at ptolemy.actor.Manager.iterate(Manager.java:851)
	at ptolemy.actor.Manager.execute(Manager.java:369)
	at ptolemy.actor.Manager.run(Manager.java:1263)
	at ptolemy.actor.Manager$PtolemyRunThread.run(Manager.java:1915)
java.lang.reflect.InvocationTargetException
	at sun.reflect.NativeConstructorAccessorImpl.newInstance0(Native Method)
	at sun.reflect.NativeConstructorAccessorImpl.newInstance(NativeConstructorAccessorImpl.java:62)
	at sun.reflect.DelegatingConstructorAccessorImpl.newInstance(DelegatingConstructorAccessorImpl.java:45)
	at java.lang.reflect.Constructor.newInstance(Constructor.java:423)
	at ptolemy.util.test.junit.AutoKnownFailedTests.RunModel(AutoKnownFailedTests.java:107)
	at sun.reflect.NativeMethodAccessorImpl.invoke0(Native Method)
	at sun.reflect.NativeMethodAccessorImpl.invoke(NativeMethodAccessorImpl.java:62)
	at sun.reflect.DelegatingMethodAccessorImpl.invoke(DelegatingMethodAccessorImpl.java:43)
	at java.lang.reflect.Method.invoke(Method.java:498)
	at org.junit.runners.model.FrameworkMethod$1.runReflectiveCall(FrameworkMethod.java:44)
	at org.junit.internal.runners.model.ReflectiveCallable.run(ReflectiveCallable.java:15)
	at org.junit.runners.model.FrameworkMethod.invokeExplosively(FrameworkMethod.java:41)
	at junitparams.internal.InvokeParameterisedMethod.evaluate(InvokeParameterisedMethod.java:102)
	at org.junit.internal.runners.statements.FailOnTimeout$1.run(FailOnTimeout.java:28)
Caused by: ptolemy.kernel.util.IllegalActionException: Actor is not ready to fire.  Perhaps UpSample.prefire() returned false? Try debugging the actor by selecting "Listen to Actor".  Also, for SDF check moml for tokenConsumptionRate on input.
  in .DESDFClockTest.Play Bell.Copy1:SDF Director and .DESDFClockTest.Play Bell.UpSample
	at ptolemy.actor.sched.StaticSchedulingDirector.fire(StaticSchedulingDirector.java:227)
	at ptolemy.domains.sdf.kernel.SDFDirector.fire(SDFDirector.java:500)
	at ptolemy.actor.CompositeActor.fire(CompositeActor.java:455)
	at ptolemy.domains.de.kernel.DEDirector._fire(DEDirector.java:1948)
	at ptolemy.domains.de.kernel.DEDirector.fire(DEDirector.java:502)
	at ptolemy.actor.CompositeActor.fire(CompositeActor.java:455)
	at ptolemy.actor.Manager.iterate(Manager.java:851)
	at ptolemy.actor.Manager.execute(Manager.java:369)
	at ptolemy.actor.Manager.run(Manager.java:1263)
	at ptolemy.actor.Manager$PtolemyRunThread.run(Manager.java:1915)
java.lang.RuntimeException: Execution failed
	at ptolemy.moml.MoMLSimpleApplication$UnloadThread.run(MoMLSimpleApplication.java:402)
Caused by: ptolemy.kernel.util.IllegalActionException: Test fails in iteration 1.
Value was: 1.0. Should have been: 2.0
  in .DirectFeedback.Test
	at ptolemy.actor.lib.Test.fire(Test.java:268)
	at ptolemy.domains.de.kernel.DEDirector._fire(DEDirector.java:1948)
	at ptolemy.domains.de.kernel.DEDirector.fire(DEDirector.java:502)
	at ptolemy.actor.CompositeActor.fire(CompositeActor.java:455)
	at ptolemy.actor.Manager.iterate(Manager.java:851)
	at ptolemy.actor.Manager.execute(Manager.java:369)
	at ptolemy.actor.Manager.run(Manager.java:1263)
	at ptolemy.actor.Manager$PtolemyRunThread.run(Manager.java:1915)
java.lang.reflect.InvocationTargetException
	at sun.reflect.NativeConstructorAccessorImpl.newInstance0(Native Method)
	at sun.reflect.NativeConstructorAccessorImpl.newInstance(NativeConstructorAccessorImpl.java:62)
	at sun.reflect.DelegatingConstructorAccessorImpl.newInstance(DelegatingConstructorAccessorImpl.java:45)
	at java.lang.reflect.Constructor.newInstance(Constructor.java:423)
	at ptolemy.util.test.junit.AutoKnownFailedTests.RunModel(AutoKnownFailedTests.java:107)
	at sun.reflect.NativeMethodAccessorImpl.invoke0(Native Method)
	at sun.reflect.NativeMethodAccessorImpl.invoke(NativeMethodAccessorImpl.java:62)
	at sun.reflect.DelegatingMethodAccessorImpl.invoke(DelegatingMethodAccessorImpl.java:43)
	at java.lang.reflect.Method.invoke(Method.java:498)
	at org.junit.runners.model.FrameworkMethod$1.runReflectiveCall(FrameworkMethod.java:44)
	at org.junit.internal.runners.model.ReflectiveCallable.run(ReflectiveCallable.java:15)
	at org.junit.runners.model.FrameworkMethod.invokeExplosively(FrameworkMethod.java:41)
	at junitparams.internal.InvokeParameterisedMethod.evaluate(InvokeParameterisedMethod.java:102)
	at org.junit.internal.runners.statements.FailOnTimeout$1.run(FailOnTimeout.java:28)
Caused by: ptolemy.kernel.util.IllegalActionException: Test fails in iteration 1.
Value was: 1.0. Should have been: 2.0
  in .DirectFeedback.Test
	at ptolemy.actor.lib.Test.fire(Test.java:268)
	at ptolemy.domains.de.kernel.DEDirector._fire(DEDirector.java:1948)
	at ptolemy.domains.de.kernel.DEDirector.fire(DEDirector.java:502)
	at ptolemy.actor.CompositeActor.fire(CompositeActor.java:455)
	at ptolemy.actor.Manager.iterate(Manager.java:851)
	at ptolemy.actor.Manager.execute(Manager.java:369)
	at ptolemy.actor.Manager.run(Manager.java:1263)
	at ptolemy.actor.Manager$PtolemyRunThread.run(Manager.java:1915)
java.lang.RuntimeException: Execution failed
	at ptolemy.moml.MoMLSimpleApplication$UnloadThread.run(MoMLSimpleApplication.java:402)
Caused by: ptolemy.kernel.util.IllegalActionException: Found a zero delay loop containing .HierarchicalModel.A
  in .HierarchicalModel and .HierarchicalModel.A
	at ptolemy.actor.util.CausalityInterfaceForComposites._computeOutputPortDepth(CausalityInterfaceForComposites.java:759)
	at ptolemy.actor.util.CausalityInterfaceForComposites._computeInputDepth(CausalityInterfaceForComposites.java:696)
	at ptolemy.actor.util.CausalityInterfaceForComposites._computeOutputPortDepth(CausalityInterfaceForComposites.java:765)
	at ptolemy.actor.util.CausalityInterfaceForComposites._computeInputDepth(CausalityInterfaceForComposites.java:696)
	at ptolemy.actor.util.CausalityInterfaceForComposites._computeOutputPortDepth(CausalityInterfaceForComposites.java:765)
	at ptolemy.actor.util.CausalityInterfaceForComposites._computeInputDepth(CausalityInterfaceForComposites.java:696)
	at ptolemy.actor.util.CausalityInterfaceForComposites._computeActorDepth(CausalityInterfaceForComposites.java:532)
	at ptolemy.actor.util.CausalityInterfaceForComposites.checkForCycles(CausalityInterfaceForComposites.java:96)
	at ptolemy.domains.de.kernel.DEDirector.preinitialize(DEDirector.java:1337)
	at ptolemy.actor.CompositeActor.preinitialize(CompositeActor.java:1828)
	at ptolemy.actor.Manager.preinitializeAndResolveTypes(Manager.java:1040)
	at ptolemy.actor.Manager.initialize(Manager.java:710)
	at ptolemy.actor.Manager.execute(Manager.java:356)
	at ptolemy.actor.Manager.run(Manager.java:1263)
	at ptolemy.actor.Manager$PtolemyRunThread.run(Manager.java:1915)
java.lang.reflect.InvocationTargetException
	at sun.reflect.NativeConstructorAccessorImpl.newInstance0(Native Method)
	at sun.reflect.NativeConstructorAccessorImpl.newInstance(NativeConstructorAccessorImpl.java:62)
	at sun.reflect.DelegatingConstructorAccessorImpl.newInstance(DelegatingConstructorAccessorImpl.java:45)
	at java.lang.reflect.Constructor.newInstance(Constructor.java:423)
	at ptolemy.util.test.junit.AutoKnownFailedTests.RunModel(AutoKnownFailedTests.java:107)
	at sun.reflect.NativeMethodAccessorImpl.invoke0(Native Method)
	at sun.reflect.NativeMethodAccessorImpl.invoke(NativeMethodAccessorImpl.java:62)
	at sun.reflect.DelegatingMethodAccessorImpl.invoke(DelegatingMethodAccessorImpl.java:43)
	at java.lang.reflect.Method.invoke(Method.java:498)
	at org.junit.runners.model.FrameworkMethod$1.runReflectiveCall(FrameworkMethod.java:44)
	at org.junit.internal.runners.model.ReflectiveCallable.run(ReflectiveCallable.java:15)
	at org.junit.runners.model.FrameworkMethod.invokeExplosively(FrameworkMethod.java:41)
	at junitparams.internal.InvokeParameterisedMethod.evaluate(InvokeParameterisedMethod.java:102)
	at org.junit.internal.runners.statements.FailOnTimeout$1.run(FailOnTimeout.java:28)
Caused by: ptolemy.kernel.util.IllegalActionException: Found a zero delay loop containing .HierarchicalModel.A
  in .HierarchicalModel and .HierarchicalModel.A
	at ptolemy.actor.util.CausalityInterfaceForComposites._computeOutputPortDepth(CausalityInterfaceForComposites.java:759)
	at ptolemy.actor.util.CausalityInterfaceForComposites._computeInputDepth(CausalityInterfaceForComposites.java:696)
	at ptolemy.actor.util.CausalityInterfaceForComposites._computeOutputPortDepth(CausalityInterfaceForComposites.java:765)
	at ptolemy.actor.util.CausalityInterfaceForComposites._computeInputDepth(CausalityInterfaceForComposites.java:696)
	at ptolemy.actor.util.CausalityInterfaceForComposites._computeOutputPortDepth(CausalityInterfaceForComposites.java:765)
	at ptolemy.actor.util.CausalityInterfaceForComposites._computeInputDepth(CausalityInterfaceForComposites.java:696)
	at ptolemy.actor.util.CausalityInterfaceForComposites._computeActorDepth(CausalityInterfaceForComposites.java:532)
	at ptolemy.actor.util.CausalityInterfaceForComposites.checkForCycles(CausalityInterfaceForComposites.java:96)
	at ptolemy.domains.de.kernel.DEDirector.preinitialize(DEDirector.java:1337)
	at ptolemy.actor.CompositeActor.preinitialize(CompositeActor.java:1828)
	at ptolemy.actor.Manager.preinitializeAndResolveTypes(Manager.java:1040)
	at ptolemy.actor.Manager.initialize(Manager.java:710)
	at ptolemy.actor.Manager.execute(Manager.java:356)
	at ptolemy.actor.Manager.run(Manager.java:1263)
	at ptolemy.actor.Manager$PtolemyRunThread.run(Manager.java:1915)
java.lang.RuntimeException: Execution failed
	at ptolemy.moml.MoMLSimpleApplication$UnloadThread.run(MoMLSimpleApplication.java:402)
Caused by: ptolemy.kernel.util.IllegalActionException: Found a zero delay loop containing .dependencyLoop.original
  in .dependencyLoop and .dependencyLoop.original
	at ptolemy.actor.util.CausalityInterfaceForComposites._computeOutputPortDepth(CausalityInterfaceForComposites.java:759)
	at ptolemy.actor.util.CausalityInterfaceForComposites._computeInputDepth(CausalityInterfaceForComposites.java:696)
	at ptolemy.actor.util.CausalityInterfaceForComposites._computeOutputPortDepth(CausalityInterfaceForComposites.java:765)
	at ptolemy.actor.util.CausalityInterfaceForComposites._computeInputDepth(CausalityInterfaceForComposites.java:696)
	at ptolemy.actor.util.CausalityInterfaceForComposites._computeOutputPortDepth(CausalityInterfaceForComposites.java:765)
	at ptolemy.actor.util.CausalityInterfaceForComposites._computeInputDepth(CausalityInterfaceForComposites.java:696)
	at ptolemy.actor.util.CausalityInterfaceForComposites._computeActorDepth(CausalityInterfaceForComposites.java:532)
	at ptolemy.actor.util.CausalityInterfaceForComposites.checkForCycles(CausalityInterfaceForComposites.java:96)
	at ptolemy.domains.de.kernel.DEDirector.preinitialize(DEDirector.java:1337)
	at ptolemy.actor.CompositeActor.preinitialize(CompositeActor.java:1828)
	at ptolemy.actor.Manager.preinitializeAndResolveTypes(Manager.java:1040)
	at ptolemy.actor.Manager.initialize(Manager.java:710)
	at ptolemy.actor.Manager.execute(Manager.java:356)
	at ptolemy.actor.Manager.run(Manager.java:1263)
	at ptolemy.actor.Manager$PtolemyRunThread.run(Manager.java:1915)
java.lang.reflect.InvocationTargetException
	at sun.reflect.NativeConstructorAccessorImpl.newInstance0(Native Method)
	at sun.reflect.NativeConstructorAccessorImpl.newInstance(NativeConstructorAccessorImpl.java:62)
	at sun.reflect.DelegatingConstructorAccessorImpl.newInstance(DelegatingConstructorAccessorImpl.java:45)
	at java.lang.reflect.Constructor.newInstance(Constructor.java:423)
	at ptolemy.util.test.junit.AutoKnownFailedTests.RunModel(AutoKnownFailedTests.java:107)
	at sun.reflect.NativeMethodAccessorImpl.invoke0(Native Method)
	at sun.reflect.NativeMethodAccessorImpl.invoke(NativeMethodAccessorImpl.java:62)
	at sun.reflect.DelegatingMethodAccessorImpl.invoke(DelegatingMethodAccessorImpl.java:43)
	at java.lang.reflect.Method.invoke(Method.java:498)
	at org.junit.runners.model.FrameworkMethod$1.runReflectiveCall(FrameworkMethod.java:44)
	at org.junit.internal.runners.model.ReflectiveCallable.run(ReflectiveCallable.java:15)
	at org.junit.runners.model.FrameworkMethod.invokeExplosively(FrameworkMethod.java:41)
	at junitparams.internal.InvokeParameterisedMethod.evaluate(InvokeParameterisedMethod.java:102)
	at org.junit.internal.runners.statements.FailOnTimeout$1.run(FailOnTimeout.java:28)
Caused by: ptolemy.kernel.util.IllegalActionException: Found a zero delay loop containing .dependencyLoop.original
  in .dependencyLoop and .dependencyLoop.original
	at ptolemy.actor.util.CausalityInterfaceForComposites._computeOutputPortDepth(CausalityInterfaceForComposites.java:759)
	at ptolemy.actor.util.CausalityInterfaceForComposites._computeInputDepth(CausalityInterfaceForComposites.java:696)
	at ptolemy.actor.util.CausalityInterfaceForComposites._computeOutputPortDepth(CausalityInterfaceForComposites.java:765)
	at ptolemy.actor.util.CausalityInterfaceForComposites._computeInputDepth(CausalityInterfaceForComposites.java:696)
	at ptolemy.actor.util.CausalityInterfaceForComposites._computeOutputPortDepth(CausalityInterfaceForComposites.java:765)
	at ptolemy.actor.util.CausalityInterfaceForComposites._computeInputDepth(CausalityInterfaceForComposites.java:696)
	at ptolemy.actor.util.CausalityInterfaceForComposites._computeActorDepth(CausalityInterfaceForComposites.java:532)
	at ptolemy.actor.util.CausalityInterfaceForComposites.checkForCycles(CausalityInterfaceForComposites.java:96)
	at ptolemy.domains.de.kernel.DEDirector.preinitialize(DEDirector.java:1337)
	at ptolemy.actor.CompositeActor.preinitialize(CompositeActor.java:1828)
	at ptolemy.actor.Manager.preinitializeAndResolveTypes(Manager.java:1040)
	at ptolemy.actor.Manager.initialize(Manager.java:710)
	at ptolemy.actor.Manager.execute(Manager.java:356)
	at ptolemy.actor.Manager.run(Manager.java:1263)
	at ptolemy.actor.Manager$PtolemyRunThread.run(Manager.java:1915)
java.lang.RuntimeException: Execution failed
	at ptolemy.moml.MoMLSimpleApplication$UnloadThread.run(MoMLSimpleApplication.java:402)
Caused by: ptolemy.kernel.util.IllegalActionException: Found a zero delay loop containing .dependencyLoop2.original
  in .dependencyLoop2 and .dependencyLoop2.original
	at ptolemy.actor.util.CausalityInterfaceForComposites._computeOutputPortDepth(CausalityInterfaceForComposites.java:759)
	at ptolemy.actor.util.CausalityInterfaceForComposites._computeInputDepth(CausalityInterfaceForComposites.java:696)
	at ptolemy.actor.util.CausalityInterfaceForComposites._computeOutputPortDepth(CausalityInterfaceForComposites.java:765)
	at ptolemy.actor.util.CausalityInterfaceForComposites._computeInputDepth(CausalityInterfaceForComposites.java:696)
	at ptolemy.actor.util.CausalityInterfaceForComposites._computeOutputPortDepth(CausalityInterfaceForComposites.java:765)
	at ptolemy.actor.util.CausalityInterfaceForComposites._computeInputDepth(CausalityInterfaceForComposites.java:696)
	at ptolemy.actor.util.CausalityInterfaceForComposites._computeActorDepth(CausalityInterfaceForComposites.java:532)
	at ptolemy.actor.util.CausalityInterfaceForComposites.checkForCycles(CausalityInterfaceForComposites.java:96)
	at ptolemy.domains.de.kernel.DEDirector.preinitialize(DEDirector.java:1337)
	at ptolemy.actor.CompositeActor.preinitialize(CompositeActor.java:1828)
	at ptolemy.actor.Manager.preinitializeAndResolveTypes(Manager.java:1040)
	at ptolemy.actor.Manager.initialize(Manager.java:710)
	at ptolemy.actor.Manager.execute(Manager.java:356)
	at ptolemy.actor.Manager.run(Manager.java:1263)
	at ptolemy.actor.Manager$PtolemyRunThread.run(Manager.java:1915)
java.lang.reflect.InvocationTargetException
	at sun.reflect.NativeConstructorAccessorImpl.newInstance0(Native Method)
	at sun.reflect.NativeConstructorAccessorImpl.newInstance(NativeConstructorAccessorImpl.java:62)
	at sun.reflect.DelegatingConstructorAccessorImpl.newInstance(DelegatingConstructorAccessorImpl.java:45)
	at java.lang.reflect.Constructor.newInstance(Constructor.java:423)
	at ptolemy.util.test.junit.AutoKnownFailedTests.RunModel(AutoKnownFailedTests.java:107)
	at sun.reflect.NativeMethodAccessorImpl.invoke0(Native Method)
	at sun.reflect.NativeMethodAccessorImpl.invoke(NativeMethodAccessorImpl.java:62)
	at sun.reflect.DelegatingMethodAccessorImpl.invoke(DelegatingMethodAccessorImpl.java:43)
	at java.lang.reflect.Method.invoke(Method.java:498)
	at org.junit.runners.model.FrameworkMethod$1.runReflectiveCall(FrameworkMethod.java:44)
	at org.junit.internal.runners.model.ReflectiveCallable.run(ReflectiveCallable.java:15)
	at org.junit.runners.model.FrameworkMethod.invokeExplosively(FrameworkMethod.java:41)
	at junitparams.internal.InvokeParameterisedMethod.evaluate(InvokeParameterisedMethod.java:102)
	at org.junit.internal.runners.statements.FailOnTimeout$1.run(FailOnTimeout.java:28)
Caused by: ptolemy.kernel.util.IllegalActionException: Found a zero delay loop containing .dependencyLoop2.original
  in .dependencyLoop2 and .dependencyLoop2.original
	at ptolemy.actor.util.CausalityInterfaceForComposites._computeOutputPortDepth(CausalityInterfaceForComposites.java:759)
	at ptolemy.actor.util.CausalityInterfaceForComposites._computeInputDepth(CausalityInterfaceForComposites.java:696)
	at ptolemy.actor.util.CausalityInterfaceForComposites._computeOutputPortDepth(CausalityInterfaceForComposites.java:765)
	at ptolemy.actor.util.CausalityInterfaceForComposites._computeInputDepth(CausalityInterfaceForComposites.java:696)
	at ptolemy.actor.util.CausalityInterfaceForComposites._computeOutputPortDepth(CausalityInterfaceForComposites.java:765)
	at ptolemy.actor.util.CausalityInterfaceForComposites._computeInputDepth(CausalityInterfaceForComposites.java:696)
	at ptolemy.actor.util.CausalityInterfaceForComposites._computeActorDepth(CausalityInterfaceForComposites.java:532)
	at ptolemy.actor.util.CausalityInterfaceForComposites.checkForCycles(CausalityInterfaceForComposites.java:96)
	at ptolemy.domains.de.kernel.DEDirector.preinitialize(DEDirector.java:1337)
	at ptolemy.actor.CompositeActor.preinitialize(CompositeActor.java:1828)
	at ptolemy.actor.Manager.preinitializeAndResolveTypes(Manager.java:1040)
	at ptolemy.actor.Manager.initialize(Manager.java:710)
	at ptolemy.actor.Manager.execute(Manager.java:356)
	at ptolemy.actor.Manager.run(Manager.java:1263)
	at ptolemy.actor.Manager$PtolemyRunThread.run(Manager.java:1915)
]]></system-err>
</testsuite>
