<?xml version="1.0" encoding="UTF-8" ?>
<testsuite errors="0" failures="0" hostname="travis-job-f4e6e57a-bd33-4d39-b3e3-cd3d3166bd83" name="ptolemy.actor.lib.test.junit.JUnitTclTest" skipped="0" tests="517" time="60.503" timestamp="2021-08-23T21:33:13">
  <properties>
    <property name="npm.executable" value="npm" />
    <property name="env.TRAVIS_ROOT" value="/" />
    <property name="ptII.mk.exists" value="true" />
    <property name="env.TRAVIS_APP_HOST" value="build.travis-ci.com" />
    <property name="env.rvm_bin_path" value="/home/travis/.rvm/bin" />
    <property name="java.home" value="/usr/local/lib/jvm/openjdk11" />
    <property name="env.TRAVIS_JOB_NUMBER" value="1835.8" />
    <property name="env.TRAVIS_HOME" value="/home/travis" />
    <property name="env.DISPLAY" value=":99.0" />
    <property name="env.TRAVIS_INIT" value="systemd" />
    <property name="env.SSH_TTY" value="/dev/pts/0" />
    <property name="java.net.preferIPv4Stack" value="true" />
    <property name="env.RUN_TESTS" value="true" />
    <property name="timeout.short" value="1000000" />
    <property name="junit.formatter" value="xml" />
    <property name="env.TRAVIS_SUDO" value="true" />
    <property name="env.TRAVIS_JOB_NAME" value="" />
    <property name="env.TRAVIS_STACK_NODE_ATTRIBUTES" value="/.node-attributes.yml" />
    <property name="env.LOGNAME" value="travis" />
    <property name="env.PT_TRAVIS_TEST_CORE1_XML" value="true" />
    <property name="jsdoc.home" value="node_modules/@terraswarm/jsdoc" />
    <property name="debuglevel" value="source,lines,vars" />
    <property name="checkstyle.formatter" value="xml" />
    <property name="bin.vergil.makeable" value="true" />
    <property name="sun.os.patch.level" value="unknown" />
    <property name="java.vendor.url" value="http://java.oracle.com/" />
    <property name="env.TRAVIS_BUILD_WEB_URL" value="https://app.travis-ci.com/icyphy/ptII/builds/236032589" />
    <property name="java.version" value="11.0.2" />
    <property name="env.TZ" value="UTC" />
    <property name="env.TRAVIS_PULL_REQUEST_SHA" value="7175903f512f8eebc88bd510cc39ad6e5faece21" />
    <property name="env.PT_NO_NET" value="true" />
    <property name="env.TRAVIS_SECURE_ENV_VARS" value="true" />
    <property name="java.vendor.url.bug" value="http://bugreport.java.com/bugreport/" />
    <property name="npmjs-org-is-up" value="true" />
    <property name="env.LANGUAGE" value="en_US.UTF-8" />
    <property name="env.SSH_CLIENT" value="10.16.1.17 38488 22" />
    <property name="env.GEM_HOME" value="/home/travis/.rvm/gems/ruby-2.5.3" />
    <property name="env.HAS_ANTARES_THREE_LITTLE_FRONZIES_BADGE" value="true" />
    <property name="java.version.date" value="2019-01-15" />
    <property name="env.PS4" value="+" />
    <property name="ant.project.invoked-targets" value="build,test.core1.xml" />
    <property name="env.TRAVIS_PULL_REQUEST_BRANCH" value="dependabot/maven/org.jsoup-jsoup-1.14.2" />
    <property name="env.TRAVIS_REPO_SLUG" value="icyphy/ptII" />
    <property name="env.XDG_DATA_DIRS" value="/usr/local/share:/usr/share:/var/lib/snapd/desktop" />
    <property name="jdk.debug" value="release" />
    <property name="env.TRAVIS_APT_PROXY" value="http://build-cache.travisci.net" />
    <property name="env.TRAVIS_CPU_ARCH" value="amd64" />
    <property name="node.in.path" value="true" />
    <property name="user.name" value="travis" />
    <property name="java.maxmemory" value="1400m" />
    <property name="env.RUBY_VERSION" value="ruby-2.5.3" />
    <property name="env.LANG" value="en_US.UTF-8" />
    <property name="sun.io.unicode.encoding" value="UnicodeLittle" />
    <property name="sun.jnu.encoding" value="UTF-8" />
    <property name="java.runtime.name" value="OpenJDK Runtime Environment" />
    <property name="usefile" value="false" />
    <property name="return.code" value="0" />
    <property name="junit.single.formatter" value="plain" />
    <property name="env.DYLD_LIBRARY_PATH" value="/home/travis/pthla/certi-tools/lib:" />
    <property name="env.DEBIAN_FRONTEND" value="noninteractive" />
    <property name="env.SSH_CONNECTION" value="10.16.1.17 38488 10.30.0.93 22" />
    <property name="env.MYSQL_UNIX_PORT" value="/var/run/mysqld/mysqld.sock" />
    <property name="env.LC_ALL" value="en_US.UTF-8" />
    <property name="env.TRAVIS_ALLOW_FAILURE" value="" />
    <property name="env.TRAVIS_JOB_WEB_URL" value="https://app.travis-ci.com/icyphy/ptII/jobs/533322399" />
    <property name="java.specification.name" value="Java Platform API Specification" />
    <property name="node.works" value="true" />
    <property name="user.timezone" value="" />
    <property name="path.separator" value=":" />
    <property name="env.TRAVIS_ENABLE_INFRA_DETECTION" value="true" />
    <property name="env.PYTHON_CFLAGS" value="-g -fstack-protector --param=ssp-buffer-size=4 -Wformat -Werror=format-security" />
    <property name="timeout.long" value="4000000" />
    <property name="env.CERTI_HOME" value="/home/travis/pthla/certi-tools" />
    <property name="ant.file.ptII" value="/home/travis/build/icyphy/ptII/build.xml" />
    <property name="javadoc.packagenames" value="com.*,diva.*,lbnl.*,org.hlacerti.*,org.json.*,org.ptolemy.*,org.terraswarm.*,ptolemy.*,ptserver.*" />
    <property name="file.encoding" value="UTF-8" />
    <property name="env.TRAVIS_PULL_REQUEST_SLUG" value="icyphy/ptII" />
    <property name="ant.project.default-target" value="build" />
    <property name="env.GIT_ASKPASS" value="echo" />
    <property name="env.HOME" value="/home/travis" />
    <property name="sun.java.command" value="org.apache.tools.ant.taskdefs.optional.junit.JUnitTestRunner ptolemy.actor.lib.test.junit.JUnitTclTest skipNonTests=false filtertrace=true haltOnError=false haltOnFailure=false formatter=org.apache.tools.ant.taskdefs.optional.junit.OutErrSummaryJUnitResultFormatter showoutput=true outputtoformatters=true logfailedtests=true threadid=0 logtestlistenerevents=false formatter=org.apache.tools.ant.taskdefs.optional.junit.XMLJUnitResultFormatter,/home/travis/build/icyphy/ptII/reports/junit/TEST-ptolemy.actor.lib.test.junit.JUnitTclTest.xml crashfile=/home/travis/build/icyphy/ptII/junitvmwatcher8001586763557861418.properties propsfile=/home/travis/build/icyphy/ptII/junit13359887750893458803.properties" />
    <property name="env.COMPOSER_NO_INTERACTION" value="1" />
    <property name="env.MANPATH" value="/home/travis/.nvm/versions/node/v7.10.1/share/man:/home/travis/.rvm/rubies/ruby-2.5.3/share/man:/usr/local/cmake-3.12.4/man:/usr/local/clang-7.0.0/share/man:/usr/local/man:/usr/local/share/man:/usr/share/man:/home/travis/.rvm/man" />
    <property name="env.TRAVIS_TIMER_ID" value="0132f6a2" />
    <property name="ant.file" value="/home/travis/build/icyphy/ptII/build.xml" />
    <property name="env.TRAVIS_COMMIT_RANGE" value="e5a2c78a87913b728bc277cc4799689be41bcf21...7175903f512f8eebc88bd510cc39ad6e5faece21" />
    <property name="ptII.classpath.optional.property" value="/home/travis/build/icyphy/ptII/lib/bsh-2.0b4.jar:/home/travis/build/icyphy/ptII/lib/ptCal.jar:/home/travis/build/icyphy/ptII/lib/java_cup.jar:/home/travis/build/icyphy/ptII/lib/saxon8.jar:/home/travis/build/icyphy/ptII/lib/saxon8-dom.jar:/home/travis/build/icyphy/ptII/lib/chic.jar:/home/travis/build/icyphy/ptII/lib/ptcolt.jar:/home/travis/build/icyphy/ptII/vendors/misc/itext/iText.jar:/home/travis/build/icyphy/ptII/lib/g4ltl.jar:/home/travis/build/icyphy/ptII/lib/StructuralCoder.jar:/home/travis/build/icyphy/ptII/lib/jcerti.jar:/home/travis/build/icyphy/ptII/lib/javax.mail.jar:/home/travis/build/icyphy/ptII/vendors/JMF-2.1.1e/lib/jmf.jar:/home/travis/build/icyphy/ptII/lib/jna-4.0.0-variadic.jar:/home/travis/build/icyphy/ptII/vendors/misc/joystick/Joystick.jar:/home/travis/build/icyphy/ptII/lib/ptjacl.jar:/home/travis/build/icyphy/ptII/lib/jsoup-1.8.2.jar:/home/travis/build/icyphy/ptII/lib/junit-4.8.2.jar:/home/travis/build/icyphy/ptII/lib/JUnitParams-0.4.0.jar:/home/travis/build/icyphy/ptII/ptolemy/actor/lib/excel/jxl.jar:/home/travis/build/icyphy/ptII/lib/jython.jar:/home/travis/build/icyphy/ptII/lib/kieler.jar:/home/travis/build/icyphy/ptII/vendors/opencv/share/OpenCV/java/opencv-341.jar:/home/travis/build/icyphy/ptII/lib/oscP5.jar:/home/travis/build/icyphy/ptII/lib/nrjavaserial-3.11.0.devel.jar:/home/travis/build/icyphy/ptII/vendors/j3d/lib/Linux/j3dcore.jar:/home/travis/build/icyphy/ptII/vendors/j3d/lib/Linux/j3dutils.jar:/home/travis/build/icyphy/ptII/vendors/j3d/lib/Linux/vecmath.jar:/home/travis/build/icyphy/ptII/vendors/jogl/lib/Linux/gluegen-rt-natives-linux-amd64.jar:/home/travis/build/icyphy/ptII/vendors/jogl/lib/Linux/gluegen-rt.jar:/home/travis/build/icyphy/ptII/vendors/jogl/lib/Linux/jogl-all-natives-linux-amd64.jar:/home/travis/build/icyphy/ptII/vendors/jogl/lib/Linux/jogl-all.jar:/home/travis/build/icyphy/ptII/ptolemy/distributed/jini/jar/jini-core.jar:/home/travis/build/icyphy/ptII/ptolemy/distributed/jini/jar/jini-ext.jar:/home/travis/build/icyphy/ptII/ptolemy/distributed/jini/jar/sun-util.jar:/home/travis/build/icyphy/ptII/lib/protobuf-java-2.4.1.jar:/home/travis/build/icyphy/ptII/lib/org.eclipse.paho.client.mqttv3.jar:/home/travis/build/icyphy/ptII/lib/mapss.jar:/home/travis/build/icyphy/ptII/ptolemy/actor/ptalon/antlr/antlr.jar:/home/travis/build/icyphy/ptII/lib/JRI.jar:/home/travis/build/icyphy/ptII/lib/commons-lang-2.6.jar:/home/travis/build/icyphy/ptII/lib/commons-logging-1.1.1.jar:/home/travis/build/icyphy/ptII/lib/sootclasses.jar:/home/travis/build/icyphy/ptII/ptolemy/actor/lib/database/mysql-connector-java-5.1.6-bin.jar:/home/travis/build/icyphy/ptII/vendors/misc/sphinx4/sphinx4-data-5prealpha.jar:/home/travis/build/icyphy/ptII/vendors/misc/sphinx4/sphinx4-core-5prealpha.jar:/home/travis/build/icyphy/ptII/lib/PDFRenderer.jar:/home/travis/build/icyphy/ptII/lib/svgSalamander.jar:/home/travis/build/icyphy/ptII/lib/rsyntaxtextarea-2.6.0-SNAPSHOT.jar:/home/travis/build/icyphy/ptII/lib/hazelcast-3.8.2.jar:/home/travis/build/icyphy/ptII/lib/jackson-annotations-2.9.0.jar:/home/travis/build/icyphy/ptII/lib/jackson-core-2.9.3.jar:/home/travis/build/icyphy/ptII/lib/jackson-databind-2.9.3.jar:/home/travis/build/icyphy/ptII/lib/netty-buffer-4.1.19.Final.jar:/home/travis/build/icyphy/ptII/lib/netty-codec-4.1.19.Final.jar:/home/travis/build/icyphy/ptII/lib/netty-codec-dns-4.1.19.Final.jar:/home/travis/build/icyphy/ptII/lib/netty-codec-http-4.1.19.Final.jar:/home/travis/build/icyphy/ptII/lib/netty-codec-http2-4.1.19.Final.jar:/home/travis/build/icyphy/ptII/lib/netty-common-4.1.19.Final.jar:/home/travis/build/icyphy/ptII/lib/netty-handler-4.1.19.Final.jar:/home/travis/build/icyphy/ptII/lib/netty-resolver-4.1.19.Final.jar:/home/travis/build/icyphy/ptII/lib/netty-resolver-dns-4.1.19.Final.jar:/home/travis/build/icyphy/ptII/lib/netty-transport-4.1.19.Final.jar:/home/travis/build/icyphy/ptII/lib/vertx-codegen-3.5.1.jar:/home/travis/build/icyphy/ptII/lib/vertx-core-3.5.2-SNAPSHOT.jar:/home/travis/build/icyphy/ptII/lib/vertx-hazelcast-3.5.1.jar:/home/travis/build/icyphy/ptII/lib/vertx-lang-js-3.5.1.jar:/home/travis/build/icyphy/ptII/lib/vertx-service-proxy-3.5.1.jar:/home/travis/build/icyphy/ptII/lib/vertx-web-3.5.1.jar:/home/travis/build/icyphy/ptII/lib/slf4j-api-1.7.13.jar:/home/travis/build/icyphy/ptII/lib/slf4j-simple-1.7.13.jar:/home/travis/build/icyphy/ptII/lib/webcam-capture-0.3.12.jar:/home/travis/build/icyphy/ptII/lib/bridj-0.7.0.jar:/home/travis/build/icyphy/ptII/lib/xbjlib-1.1.0.nrjavaserial.jar" />
    <property name="timeout" value="2400000" />
    <property name="test.batch" value="**/junit/*.java" />
    <property name="env._" value="/usr/bin/timeout" />
    <property name="java.io.tmpdir" value="/tmp" />
    <property name="user.language" value="en" />
    <property name="env.TRAVIS_INTERNAL_RUBY_REGEX" value="^ruby-(2\.[0-4]\.[0-9]|1\.9\.3)" />
    <property name="env.HISTCONTROL" value="ignoredups:ignorespace" />
    <property name="env.GOROOT" value="/home/travis/.gimme/versions/go1.11.1.linux.amd64" />
    <property name="line.separator" value="&#xa;" />
    <property name="target" value="11" />
    <property name="env.TRAVIS_BUILD_DIR" value="/home/travis/build/icyphy/ptII" />
    <property name="env.ANT_OPTS" value="-Xmx2048m" />
    <property name="ant.file.type" value="file" />
    <property name="ptolemy.ptII.batchMode" value="true" />
    <property name="env.HISTSIZE" value="1000" />
    <property name="env.MERB_ENV" value="test" />
    <property name="java.vm.info" value="mixed mode" />
    <property name="source" value="11" />
    <property name="java.vm.specification.name" value="Java Virtual Machine Specification" />
    <property name="env.TRAVIS_TEST_RESULT" value="0" />
    <property name="jsdoc.command" value="node_modules/@terraswarm/jsdoc/jsdoc.js" />
    <property name="npm.works" value="true" />
    <property name="cobertura.dir" value="/home/travis/build/icyphy/ptII/vendors/cobertura-2.0.3" />
    <property name="jsdoc.command.exists" value="true" />
    <property name="env.rvm_path" value="/home/travis/.rvm" />
    <property name="env.GEM_PATH" value="/home/travis/.rvm/gems/ruby-2.5.3:/home/travis/.rvm/gems/ruby-2.5.3@global" />
    <property name="env.LC_CTYPE" value="en_US.UTF-8" />
    <property name="env.TRAVIS_CMD" value="$PTII/bin/ptIITravisBuild.sh $SECONDS" />
    <property name="java.awt.printerjob" value="sun.print.PSPrinterJob" />
    <property name="env.TRAVIS_STACK_NAME" value="sardonyx" />
    <property name="env.TRAVIS_TIMER_START_TIME" value="1629753818535245042" />
    <property name="ant.version" value="Apache Ant(TM) version 1.10.1 compiled on February 2 2017" />
    <property name="ptII.reports" value="/home/travis/build/icyphy/ptII/reports" />
    <property name="env.TRAVIS_STACK_TIMESTAMP" value="2020-06-24 13:13:18 UTC" />
    <property name="ant.file.type.ptII" value="file" />
    <property name="env.RBENV_SHELL" value="bash" />
    <property name="os.name" value="Linux" />
    <property name="java.specification.vendor" value="Oracle Corporation" />
    <property name="env.rvm_version" value="1.29.10 (latest)" />
    <property name="env.TRAVIS_INFRA" value="unknown" />
    <property name="env.TERM" value="xterm" />
    <property name="java.vm.name" value="OpenJDK 64-Bit Server VM" />
    <property name="env.TRAVIS_BUILD_NUMBER" value="1835" />
    <property name="env.CI" value="true" />
    <property name="java.library.path" value="/home/travis/pthla/certi-tools/lib:/usr/lib/jni:/usr/local/share/OpenCV/java/:/usr/share/OpenCV/java::/usr/java/packages/lib:/usr/lib64:/lib64:/lib:/usr/lib" />
    <property name="jdk.module.path" value="/home/travis/build/icyphy/ptII/vendors/javafx/javafx-sdk-11.0.2/lib:" />
    <property name="env.rvm_prefix" value="/home/travis" />
    <property name="env.PATH" value="/home/travis/pthla/certi-tools/share/scripts:/home/travis/.rvm/gems/ruby-2.5.3/bin:/home/travis/.rvm/gems/ruby-2.5.3@global/bin:/home/travis/.rvm/rubies/ruby-2.5.3/bin:/home/travis/.rvm/bin:./node_modules/.bin:/home/travis/build/icyphy/ptII/bin:/home/travis/pthla/certi-tools/bin:/home/travis/bin:/home/travis/.local/bin:/usr/local/lib/jvm/openjdk11/bin:/opt/pyenv/shims:/home/travis/.phpenv/shims:/home/travis/perl5/perlbrew/bin:/home/travis/.nvm/versions/node/v7.10.1/bin:/home/travis/gopath/bin:/home/travis/.gimme/versions/go1.11.1.linux.amd64/bin:/usr/local/maven-3.6.3/bin:/usr/local/cmake-3.12.4/bin:/usr/local/clang-7.0.0/bin:/usr/local/sbin:/usr/local/bin:/usr/sbin:/usr/bin:/sbin:/bin:/snap/bin:/home/travis/.phpenv/bin:/opt/pyenv/bin:/home/travis/.yarn/bin" />
    <property name="env.TRAVIS_OS_NAME" value="linux" />
    <property name="ant.java.version" value="9" />
    <property name="basedir" value="/home/travis/build/icyphy/ptII" />
    <property name="java.class.version" value="55.0" />
    <property name="env.SHLVL" value="3" />
    <property name="env.LD_LIBRARY_PATH" value="/home/travis/pthla/certi-tools/lib:/usr/lib/jni:/usr/local/share/OpenCV/java/:/usr/share/OpenCV/java:" />
    <property name="env.RACK_ENV" value="test" />
    <property name="ant.home" value="/home/travis/build/icyphy/ptII/ant" />
    <property name="env.NVM_DIR" value="/home/travis/.nvm" />
    <property name="env.CERTI_FOM_PATH" value="/home/travis/pthla/certi-tools/share/federations" />
    <property name="env.TRAVIS_BUILD_ID" value="236032589" />
    <property name="env.PYENV_ROOT" value="/opt/pyenv" />
    <property name="env.TRAVIS_UID" value="2000" />
    <property name="prism.verbose" value="true" />
    <property name="env.NVM_BIN" value="/home/travis/.nvm/versions/node/v7.10.1/bin" />
    <property name="env.TRAVIS_COMMIT" value="eba3e1a023d8f71b69783e570b6e385189303090" />
    <property name="node.executable" value="node" />
    <property name="sun.boot.library.path" value="/usr/local/lib/jvm/openjdk11/lib" />
    <property name="sun.management.compiler" value="HotSpot 64-Bit Tiered Compilers" />
    <property name="java.awt.graphicsenv" value="sun.awt.X11GraphicsEnvironment" />
    <property name="env.GOPATH" value="/home/travis/gopath" />
    <property name="ptolemy.ptII.dir" value="/home/travis/build/icyphy/ptII" />
    <property name="env.USER" value="travis" />
    <property name="env.HISTFILESIZE" value="2000" />
    <property name="env.NVM_INC" value="/home/travis/.nvm/versions/node/v7.10.1/include/node" />
    <property name="timeout.longest" value="19000000" />
    <property name="env.PERLBREW_SHELLRC_VERSION" value="0.88" />
    <property name="env.TRAVIS_STACK_FEATURES" value="basic couchdb disabled-ipv6 docker docker-compose elasticsearch firefox go-toolchain google-chrome jdk memcached mongodb mysql nodejs_interpreter perl_interpreter perlbrew phantomjs postgresql python_interpreter redis ruby_interpreter sqlite xserver" />
    <property name="env.TRAVIS_PULL_REQUEST" value="339" />
    <property name="env.PYENV_SHELL" value="bash" />
    <property name="ant.project.name" value="ptII" />
    <property name="env.ANSI_RESET" value="\033[0m" />
    <property name="java.vm.specification.version" value="11" />
    <property name="env.TRAVIS_DIST" value="xenial" />
    <property name="env.CERTI_VERSION" value="4.0.0" />
    <property name="env.CERTI_HOST" value="localhost" />
    <property name="awt.toolkit" value="sun.awt.X11.XToolkit" />
    <property name="env.MY_RUBY_HOME" value="/home/travis/.rvm/rubies/ruby-2.5.3" />
    <property name="sun.cpu.isalist" value="" />
    <property name="env.TRAVIS_TMPDIR" value="/tmp/tmp.8WdaQVTuaK" />
    <property name="java.vm.compressedOopsMode" value="Zero based" />
    <property name="os.version" value="4.15.0-1077-gcp" />
    <property name="user.home" value="/home/travis" />
    <property name="java.vm.vendor" value="Oracle Corporation" />
    <property name="env.TRAVIS_TAG" value="nightly" />
    <property name="env.ANSI_YELLOW" value="\033[33;1m" />
    <property name="env.TRAVIS_FILTERED" value="redirect_io" />
    <property name="env.ANSI_GREEN" value="\033[32;1m" />
    <property name="env.JAVA_HOME" value="/usr/local/lib/jvm/openjdk11" />
    <property name="javadoc.excludepackagenames" value="adm.cvs2svn.*,build.*,config.*,doc.coding.templates.*,jni.test.jni.meaningOfLife.*,jni.test.jni.testDeux.*,jni.test.jni.testTrois.*,org.terraswarm.accessor.accessors.web.node_modules.*,org.terraswarm.accessor.accessors.web.hosts.cordova.demo.*,org.terraswarm.accessor.accessors.web.hosts.cordova.plugins.*,org.terraswarm.accessor.accessors-svn.*,pt-modules.*,ptolemy.apps.agilent.*,ptolemy.apps.anytimecontrol.*,ptolemy.apps.apes.*,ptolemy.apps.charon.*,ptolemy.apps.crazyboard.*,ptolemy.apps.eclipse.*,ptolemy.apps.etherealSting.*,ptolemy.apps.fullscreen.*,ptolemy.apps.giotto.*,ptolemy.apps.ia.*,ptolemy.apps.interfaces.*,ptolemy.apps.jmf.*,ptolemy.apps.kurt.*,ptolemy.apps.kvm.*,ptolemy.apps.lego.*,ptolemy.apps.lejos.*,ptolemy.apps.midp.*,ptolemy.apps.mobileCoding.*,ptolemy.apps.pendulum.*,ptolemy.apps.rijndael.*,ptolemy.apps.robot.*,ptolemy.apps.security.*,ptolemy.apps.sobel.*,ptolemy.apps.soot.*,ptolemy.apps.throttle.*,ptolemy.apps.tini.*,ptolemy.apps.transmission.*,ptolemy.apps.vergil.*,ptolemy.apps.waba.*,ptolemy.apps.websensor.*,ptolemy.apps.webstart.*,ptolemy.apps.xsl.*,ptolemy.apps.zaurus.*,ptolemy.codegen.c.actor.lib.oldJavaFiles.*,ptolemy.codegen.dsp.lib.*,ptolemy.codegen.kernel.newInterfaces.*,ptolemy.codegen.lib.*,ptolemy.copernicus.kernel.fragment.*,ptolemy.copernicus.shallow.cg.*,ptolemy.domains.giotto.demo.Hierarchy.Hierarchy.*,ptolemy.domains.giotto.demo.Multimode.Multimode.*,ptolemy.domains.giotto.demo.Simple.Simple.*,ptolemy.domains.gr.lib.experimental.*,ptolemy.domains.gro.*,ptolemy.domains.pdf.*,ptolemy.domains.ptinyos.demo.Surge.output.*,ptolemy.moml.test.NoPackageActor.java*,ptolemy.plot.adm.*,ptolemy.plot.servlet.*,reports.*,signed.*,src.*,target.*,vendors.*,ptolemy.copernicus.applet.*,ptolemy.media.viewer.*,ptolemy.actor.corba.*,doc.doclets.*,ptolemy.apps.eclipse.awt.*,ptolemy.backtrack.*,ptolemy.backtrack.ast.*,ptolemy.cg.adapter.generic.program.procedural.c.mbed*,ptolemy.homer.*,ptolemy.actor.lib.jai.*,org.ptolemy.scala.*,diva.util.java2d.svg.*,ptolemy.domains.ptinyos.*,ptolemy.actor.lib.fmi.fmipp.*,,org.terraswarm.accessor.accessors.web.node_modules.*,org.terraswarm.accessor.accessors-svn,ptolemy.apps.*,ptolemy.actor.ptalon.demo.ptinyos.SendAndReceiveCnt.output,ptolemy.actor.ptalon.demo.ptinyos.SenseToLeds.output,ptolemy.domains.ptinyos.demo.CntToLedsAndRfm.output,ptolemy.domains.ptinyos.demo.RfmToLeds.output,ptolemy.domains.ptinyos.demo.SendAndReceiveCnt.output,ptolemy.domains.ptinyos.demo.SenseToLeds.output,ptolemy.actor.lib.jjs.modules.udpSocket.*" />
    <property name="env.PTII" value="/home/travis/build/icyphy/ptII" />
    <property name="env.XDG_SESSION_ID" value="2" />
    <property name="keystore" value="ptKeystore" />
    <property name="env.TRAVIS_COMMIT_MESSAGE" value="Merge 7175903f512f8eebc88bd510cc39ad6e5faece21 into e5a2c78a87913b728bc277cc4799689be41bcf21" />
    <property name="junit.output.dir" value="/home/travis/build/icyphy/ptII/reports/junit" />
    <property name="npm.return.code" value="0" />
    <property name="user.dir" value="/home/travis/build/icyphy/ptII/ptolemy/actor/lib/test" />
    <property name="env.TRAVIS_NODE_VERSION" value="7" />
    <property name="env.TRAVIS_EVENT_TYPE" value="pull_request" />
    <property name="env.MAIL" value="/var/mail/travis" />
    <property name="env.PERLBREW_ROOT" value="/home/travis/perl5/perlbrew" />
    <property name="env.PWD" value="/home/travis/build/icyphy/ptII" />
    <property name="timeout.npm" value="45000" />
    <property name="env.TRAVIS_ARCH" value="amd64" />
    <property name="sun.cpu.endian" value="little" />
    <property name="env.PAGER" value="cat" />
    <property name="env.TRAVIS_BUILD_STAGE_NAME" value="test" />
    <property name="env.PERLBREW_HOME" value="/home/travis/.perlbrew" />
    <property name="java.vm.version" value="11.0.2+9" />
    <property name="env.RAILS_ENV" value="test" />
    <property name="java.class.path" value="/home/travis/.ptolemyII:/home/travis/.ptolemyII/*:/home/travis/build/icyphy/ptII:/home/travis/build/icyphy/ptII/lib/bsh-2.0b4.jar:/home/travis/build/icyphy/ptII/lib/ptCal.jar:/home/travis/build/icyphy/ptII/lib/java_cup.jar:/home/travis/build/icyphy/ptII/lib/saxon8.jar:/home/travis/build/icyphy/ptII/lib/saxon8-dom.jar:/home/travis/build/icyphy/ptII/lib/chic.jar:/home/travis/build/icyphy/ptII/lib/ptcolt.jar:/home/travis/build/icyphy/ptII/vendors/misc/itext/iText.jar:/home/travis/build/icyphy/ptII/lib/g4ltl.jar:/home/travis/build/icyphy/ptII/lib/StructuralCoder.jar:/home/travis/build/icyphy/ptII/lib/jcerti.jar:/home/travis/build/icyphy/ptII/lib/javax.mail.jar:/home/travis/build/icyphy/ptII/vendors/JMF-2.1.1e/lib/jmf.jar:/home/travis/build/icyphy/ptII/lib/jna-4.0.0-variadic.jar:/home/travis/build/icyphy/ptII/vendors/misc/joystick/Joystick.jar:/home/travis/build/icyphy/ptII/lib/ptjacl.jar:/home/travis/build/icyphy/ptII/lib/jsoup-1.8.2.jar:/home/travis/build/icyphy/ptII/lib/junit-4.8.2.jar:/home/travis/build/icyphy/ptII/lib/JUnitParams-0.4.0.jar:/home/travis/build/icyphy/ptII/ptolemy/actor/lib/excel/jxl.jar:/home/travis/build/icyphy/ptII/lib/jython.jar:/home/travis/build/icyphy/ptII/lib/kieler.jar:/home/travis/build/icyphy/ptII/vendors/opencv/share/OpenCV/java/opencv-341.jar:/home/travis/build/icyphy/ptII/lib/oscP5.jar:/home/travis/build/icyphy/ptII/lib/nrjavaserial-3.11.0.devel.jar:/home/travis/build/icyphy/ptII/vendors/j3d/lib/Linux/j3dcore.jar:/home/travis/build/icyphy/ptII/vendors/j3d/lib/Linux/j3dutils.jar:/home/travis/build/icyphy/ptII/vendors/j3d/lib/Linux/vecmath.jar:/home/travis/build/icyphy/ptII/vendors/jogl/lib/Linux/gluegen-rt-natives-linux-amd64.jar:/home/travis/build/icyphy/ptII/vendors/jogl/lib/Linux/gluegen-rt.jar:/home/travis/build/icyphy/ptII/vendors/jogl/lib/Linux/jogl-all-natives-linux-amd64.jar:/home/travis/build/icyphy/ptII/vendors/jogl/lib/Linux/jogl-all.jar:/home/travis/build/icyphy/ptII/ptolemy/distributed/jini/jar/jini-core.jar:/home/travis/build/icyphy/ptII/ptolemy/distributed/jini/jar/jini-ext.jar:/home/travis/build/icyphy/ptII/ptolemy/distributed/jini/jar/sun-util.jar:/home/travis/build/icyphy/ptII/lib/protobuf-java-2.4.1.jar:/home/travis/build/icyphy/ptII/lib/org.eclipse.paho.client.mqttv3.jar:/home/travis/build/icyphy/ptII/lib/mapss.jar:/home/travis/build/icyphy/ptII/ptolemy/actor/ptalon/antlr/antlr.jar:/home/travis/build/icyphy/ptII/lib/JRI.jar:/home/travis/build/icyphy/ptII/lib/commons-lang-2.6.jar:/home/travis/build/icyphy/ptII/lib/commons-logging-1.1.1.jar:/home/travis/build/icyphy/ptII/lib/sootclasses.jar:/home/travis/build/icyphy/ptII/ptolemy/actor/lib/database/mysql-connector-java-5.1.6-bin.jar:/home/travis/build/icyphy/ptII/vendors/misc/sphinx4/sphinx4-data-5prealpha.jar:/home/travis/build/icyphy/ptII/vendors/misc/sphinx4/sphinx4-core-5prealpha.jar:/home/travis/build/icyphy/ptII/lib/PDFRenderer.jar:/home/travis/build/icyphy/ptII/lib/svgSalamander.jar:/home/travis/build/icyphy/ptII/lib/rsyntaxtextarea-2.6.0-SNAPSHOT.jar:/home/travis/build/icyphy/ptII/lib/hazelcast-3.8.2.jar:/home/travis/build/icyphy/ptII/lib/jackson-annotations-2.9.0.jar:/home/travis/build/icyphy/ptII/lib/jackson-core-2.9.3.jar:/home/travis/build/icyphy/ptII/lib/jackson-databind-2.9.3.jar:/home/travis/build/icyphy/ptII/lib/netty-buffer-4.1.19.Final.jar:/home/travis/build/icyphy/ptII/lib/netty-codec-4.1.19.Final.jar:/home/travis/build/icyphy/ptII/lib/netty-codec-dns-4.1.19.Final.jar:/home/travis/build/icyphy/ptII/lib/netty-codec-http-4.1.19.Final.jar:/home/travis/build/icyphy/ptII/lib/netty-codec-http2-4.1.19.Final.jar:/home/travis/build/icyphy/ptII/lib/netty-common-4.1.19.Final.jar:/home/travis/build/icyphy/ptII/lib/netty-handler-4.1.19.Final.jar:/home/travis/build/icyphy/ptII/lib/netty-resolver-4.1.19.Final.jar:/home/travis/build/icyphy/ptII/lib/netty-resolver-dns-4.1.19.Final.jar:/home/travis/build/icyphy/ptII/lib/netty-transport-4.1.19.Final.jar:/home/travis/build/icyphy/ptII/lib/vertx-codegen-3.5.1.jar:/home/travis/build/icyphy/ptII/lib/vertx-core-3.5.2-SNAPSHOT.jar:/home/travis/build/icyphy/ptII/lib/vertx-hazelcast-3.5.1.jar:/home/travis/build/icyphy/ptII/lib/vertx-lang-js-3.5.1.jar:/home/travis/build/icyphy/ptII/lib/vertx-service-proxy-3.5.1.jar:/home/travis/build/icyphy/ptII/lib/vertx-web-3.5.1.jar:/home/travis/build/icyphy/ptII/lib/slf4j-api-1.7.13.jar:/home/travis/build/icyphy/ptII/lib/slf4j-simple-1.7.13.jar:/home/travis/build/icyphy/ptII/lib/webcam-capture-0.3.12.jar:/home/travis/build/icyphy/ptII/lib/bridj-0.7.0.jar:/home/travis/build/icyphy/ptII/lib/xbjlib-1.1.0.nrjavaserial.jar:/home/travis/build/icyphy/ptII/ptolemy/moml/test:/home/travis/build/icyphy/ptII/ant/lib/ant-launcher.jar:/home/travis/build/icyphy/ptII/ant/lib/ant.jar:/home/travis/build/icyphy/ptII/ant/lib/ant-junit.jar:/home/travis/build/icyphy/ptII/ant/lib/ant-junit4.jar" />
    <property name="ant.library.dir" value="/home/travis/build/icyphy/ptII/ant/lib" />
    <property name="os.arch" value="amd64" />
    <property name="env.CONTINUOUS_INTEGRATION" value="true" />
    <property name="env.TRAVIS_LANGUAGE" value="node_js" />
    <property name="env.TRAVIS_STACK_LANGUAGES" value="__sardonyx__ c c++ clojure cplusplus cpp default generic go groovy java node_js php pure_java python ruby scala" />
    <property name="test.name" value="ptolemy.actor.lib.test.junit.JUnitTclTest" />
    <property name="env.APT_KEY_DONT_WARN_ON_DANGEROUS_USAGE" value="1" />
    <property name="sun.java.launcher" value="SUN_STANDARD" />
    <property name="env.PYTHON_CONFIGURE_OPTS" value="--enable-unicode=ucs4 --with-wide-unicode --enable-shared --enable-ipv6 --enable-loadable-sqlite-extensions --with-computed-gotos" />
    <property name="ant.core.lib" value="/home/travis/build/icyphy/ptII/ant/lib/ant.jar" />
    <property name="java.vm.specification.vendor" value="Oracle Corporation" />
    <property name="env.BCVTB_HOME" value="/home/travis/build/icyphy/ptII/lbnl" />
    <property name="file.separator" value="/" />
    <property name="spotbugs.home" value="/home/travis/build/icyphy/ptII/vendors/spotbugs-3.1.1" />
    <property name="java.runtime.version" value="11.0.2+9" />
    <property name="env.ANSI_CLEAR" value="\033[0K" />
    <property name="javafx.verbose" value="true" />
    <property name="env.HAS_JOSH_K_SEAL_OF_APPROVAL" value="true" />
    <property name="env.XDG_RUNTIME_DIR" value="/run/user/2000" />
    <property name="env.TRAVIS_OSX_IMAGE" value="" />
    <property name="env.TRAVIS_JOB_ID" value="533322399" />
    <property name="env.TRAVIS_BRANCH" value="master" />
    <property name="user.country" value="US" />
    <property name="env.CERTI_HOME_TRAVIS" value="/home/travis/pthla/certi-tools" />
    <property name="env.SHELL" value="/bin/bash" />
    <property name="java.maxmemory.large" value="3200m" />
    <property name="model" value="" />
    <property name="env.CASHER_DIR" value="/home/travis/.casher" />
    <property name="env.NVM_CD_FLAGS" value="" />
    <property name="java.vendor.version" value="18.9" />
    <property name="jshint.executable" value="/home/travis/node_modules/jshint/bin/jshint" />
    <property name="env.JRUBY_OPTS" value=" --client -J-XX:+TieredCompilation -J-XX:TieredStopAtLevel=1 -J-Xss2m -Xcompile.invokedynamic=false" />
    <property name="java.vendor" value="Oracle Corporation" />
    <property name="env.TRAVIS_PRE_CHEF_BOOTSTRAP_TIME" value="2020-06-24T13:13:03" />
    <property name="env.TRAVIS_STACK_JOB_BOARD_REGISTER" value="/.job-board-register.yml" />
    <property name="env.ANSI_RED" value="\033[31;1m" />
    <property name="java.specification.version" value="11" />
    <property name="env.IRBRC" value="/home/travis/.rvm/rubies/ruby-2.5.3/.irbrc" />
    <property name="env.TRAVIS" value="true" />
    <property name="sun.arch.data.model" value="64" />
  </properties>
  <testcase classname="ptolemy.util.test.junit.TclTests" name="[0] /home/travis/build/icyphy/ptII/ptolemy/actor/lib/test/AbsoluteValue.tcl (RunTclFile)" time="0.535" />
  <testcase classname="ptolemy.util.test.junit.TclTests" name="[1] /home/travis/build/icyphy/ptII/ptolemy/actor/lib/test/AddSubtract.tcl (RunTclFile)" time="0.117" />
  <testcase classname="ptolemy.util.test.junit.TclTests" name="[2] /home/travis/build/icyphy/ptII/ptolemy/actor/lib/test/Average.tcl (RunTclFile)" time="0.064" />
  <testcase classname="ptolemy.util.test.junit.TclTests" name="[3] /home/travis/build/icyphy/ptII/ptolemy/actor/lib/test/Bernoulli.tcl (RunTclFile)" time="0.017" />
  <testcase classname="ptolemy.util.test.junit.TclTests" name="[4] /home/travis/build/icyphy/ptII/ptolemy/actor/lib/test/Clock.tcl (RunTclFile)" time="0.062" />
  <testcase classname="ptolemy.util.test.junit.TclTests" name="[5] /home/travis/build/icyphy/ptII/ptolemy/actor/lib/test/Commutator.tcl (RunTclFile)" time="0.171" />
  <testcase classname="ptolemy.util.test.junit.TclTests" name="[6] /home/travis/build/icyphy/ptII/ptolemy/actor/lib/test/Const.tcl (RunTclFile)" time="0.101" />
  <testcase classname="ptolemy.util.test.junit.TclTests" name="[7] /home/travis/build/icyphy/ptII/ptolemy/actor/lib/test/CurrentTime.tcl (RunTclFile)" time="0.036" />
  <testcase classname="ptolemy.util.test.junit.TclTests" name="[8] /home/travis/build/icyphy/ptII/ptolemy/actor/lib/test/DB.tcl (RunTclFile)" time="0.038" />
  <testcase classname="ptolemy.util.test.junit.TclTests" name="[9] /home/travis/build/icyphy/ptII/ptolemy/actor/lib/test/DiscreteRandomSource.tcl (RunTclFile)" time="0.047" />
  <testcase classname="ptolemy.util.test.junit.TclTests" name="[10] /home/travis/build/icyphy/ptII/ptolemy/actor/lib/test/Distributor.tcl (RunTclFile)" time="0.091" />
  <testcase classname="ptolemy.util.test.junit.TclTests" name="[11] /home/travis/build/icyphy/ptII/ptolemy/actor/lib/test/Exit.tcl (RunTclFile)" time="0.078" />
  <testcase classname="ptolemy.util.test.junit.TclTests" name="[12] /home/travis/build/icyphy/ptII/ptolemy/actor/lib/test/Expression.tcl (RunTclFile)" time="0.109" />
  <testcase classname="ptolemy.util.test.junit.TclTests" name="[13] /home/travis/build/icyphy/ptII/ptolemy/actor/lib/test/Gaussian.tcl (RunTclFile)" time="0.561" />
  <testcase classname="ptolemy.util.test.junit.TclTests" name="[14] /home/travis/build/icyphy/ptII/ptolemy/actor/lib/test/IIR.tcl (RunTclFile)" time="0.034" />
  <testcase classname="ptolemy.util.test.junit.TclTests" name="[15] /home/travis/build/icyphy/ptII/ptolemy/actor/lib/test/Interpolator.tcl (RunTclFile)" time="0.11" />
  <testcase classname="ptolemy.util.test.junit.TclTests" name="[16] /home/travis/build/icyphy/ptII/ptolemy/actor/lib/test/MathFunction.tcl (RunTclFile)" time="0.071" />
  <testcase classname="ptolemy.util.test.junit.TclTests" name="[17] /home/travis/build/icyphy/ptII/ptolemy/actor/lib/test/Maximum.tcl (RunTclFile)" time="0.038" />
  <testcase classname="ptolemy.util.test.junit.TclTests" name="[18] /home/travis/build/icyphy/ptII/ptolemy/actor/lib/test/Minimum.tcl (RunTclFile)" time="0.034" />
  <testcase classname="ptolemy.util.test.junit.TclTests" name="[19] /home/travis/build/icyphy/ptII/ptolemy/actor/lib/test/MultiplyDivide.tcl (RunTclFile)" time="0.038" />
  <testcase classname="ptolemy.util.test.junit.TclTests" name="[20] /home/travis/build/icyphy/ptII/ptolemy/actor/lib/test/OrderedMerge.tcl (RunTclFile)" time="0.125" />
  <testcase classname="ptolemy.util.test.junit.TclTests" name="[21] /home/travis/build/icyphy/ptII/ptolemy/actor/lib/test/Publisher.tcl (RunTclFile)" time="0.704" />
  <testcase classname="ptolemy.util.test.junit.TclTests" name="[22] /home/travis/build/icyphy/ptII/ptolemy/actor/lib/test/Pulse.tcl (RunTclFile)" time="0.044" />
  <testcase classname="ptolemy.util.test.junit.TclTests" name="[23] /home/travis/build/icyphy/ptII/ptolemy/actor/lib/test/Ramp.tcl (RunTclFile)" time="1.934" />
  <testcase classname="ptolemy.util.test.junit.TclTests" name="[24] /home/travis/build/icyphy/ptII/ptolemy/actor/lib/test/RampContinuous.tcl (RunTclFile)" time="0.015" />
  <testcase classname="ptolemy.util.test.junit.TclTests" name="[25] /home/travis/build/icyphy/ptII/ptolemy/actor/lib/test/RecordAssembler.tcl (RunTclFile)" time="0.012" />
  <testcase classname="ptolemy.util.test.junit.TclTests" name="[26] /home/travis/build/icyphy/ptII/ptolemy/actor/lib/test/RecordDisassembler.tcl (RunTclFile)" time="0.017" />
  <testcase classname="ptolemy.util.test.junit.TclTests" name="[27] /home/travis/build/icyphy/ptII/ptolemy/actor/lib/test/Scale.tcl (RunTclFile)" time="0.015" />
  <testcase classname="ptolemy.util.test.junit.TclTests" name="[28] /home/travis/build/icyphy/ptII/ptolemy/actor/lib/test/SequentialClock.tcl (RunTclFile)" time="0.011" />
  <testcase classname="ptolemy.util.test.junit.TclTests" name="[29] /home/travis/build/icyphy/ptII/ptolemy/actor/lib/test/SetVariable.tcl (RunTclFile)" time="0.009" />
  <testcase classname="ptolemy.util.test.junit.TclTests" name="[30] /home/travis/build/icyphy/ptII/ptolemy/actor/lib/test/Sinewave.tcl (RunTclFile)" time="0.026" />
  <testcase classname="ptolemy.util.test.junit.TclTests" name="[31] /home/travis/build/icyphy/ptII/ptolemy/actor/lib/test/SubscriptionAggregator.tcl (RunTclFile)" time="1.899" />
  <testcase classname="ptolemy.util.test.junit.TclTests" name="[32] /home/travis/build/icyphy/ptII/ptolemy/actor/lib/test/Test.tcl (RunTclFile)" time="0.107" />
  <testcase classname="ptolemy.util.test.junit.TclTests" name="[33] /home/travis/build/icyphy/ptII/ptolemy/actor/lib/test/TestExceptionHandler.tcl (RunTclFile)" time="0.01" />
  <testcase classname="ptolemy.util.test.junit.TclTests" name="[34] /home/travis/build/icyphy/ptII/ptolemy/actor/lib/test/UnionDisassembler.tcl (RunTclFile)" time="0.071" />
  <testcase classname="ptolemy.util.test.junit.TclTests" name="[35] /home/travis/build/icyphy/ptII/ptolemy/actor/lib/test/VariableClock.tcl (RunTclFile)" time="0.022" />
  <testcase classname="ptolemy.util.test.junit.AutoKnownFailedTests" name="[0] /home/travis/build/icyphy/ptII/ptolemy/actor/lib/test/auto/knownFailedTests/PublisherPortToplevelSubscriber.xml (RunModel)" time="0.022" />
  <testcase classname="ptolemy.util.test.junit.AutoKnownFailedTests" name="[1] /home/travis/build/icyphy/ptII/ptolemy/actor/lib/test/auto/knownFailedTests/PublisherSubscriberPortToplevel.xml (RunModel)" time="0.016" />
  <testcase classname="ptolemy.util.test.junit.AutoKnownFailedTests" name="[2] /home/travis/build/icyphy/ptII/ptolemy/actor/lib/test/auto/knownFailedTests/PublisherSubscriptionAggregatorPort.xml (RunModel)" time="0.076" />
  <testcase classname="ptolemy.util.test.junit.AutoKnownFailedTests" name="[3] /home/travis/build/icyphy/ptII/ptolemy/actor/lib/test/auto/knownFailedTests/sizedarray3.xml (RunModel)" time="0.028" />
  <testcase classname="ptolemy.util.test.junit.AutoNameArchTests" name="[0] ThereAreNoAutoArchTests (RunModel)" time="0.005" />
  <testcase classname="ptolemy.util.test.junit.AutoTests" name="[0] /home/travis/build/icyphy/ptII/ptolemy/actor/lib/test/auto/AbsoluteValue.xml (RunModel)" time="0.066" />
  <testcase classname="ptolemy.util.test.junit.AutoTests" name="[1] /home/travis/build/icyphy/ptII/ptolemy/actor/lib/test/auto/AbsoluteValue2.xml (RunModel)" time="0.052" />
  <testcase classname="ptolemy.util.test.junit.AutoTests" name="[2] /home/travis/build/icyphy/ptII/ptolemy/actor/lib/test/auto/Accumulator.xml (RunModel)" time="0.025" />
  <testcase classname="ptolemy.util.test.junit.AutoTests" name="[3] /home/travis/build/icyphy/ptII/ptolemy/actor/lib/test/auto/Accumulator2.xml (RunModel)" time="0.016" />
  <testcase classname="ptolemy.util.test.junit.AutoTests" name="[4] /home/travis/build/icyphy/ptII/ptolemy/actor/lib/test/auto/Accumulator3.xml (RunModel)" time="0.039" />
  <testcase classname="ptolemy.util.test.junit.AutoTests" name="[5] /home/travis/build/icyphy/ptII/ptolemy/actor/lib/test/auto/ArrayAppend.xml (RunModel)" time="0.039" />
  <testcase classname="ptolemy.util.test.junit.AutoTests" name="[6] /home/travis/build/icyphy/ptII/ptolemy/actor/lib/test/auto/ArrayAppend2.xml (RunModel)" time="0.345" />
  <testcase classname="ptolemy.util.test.junit.AutoTests" name="[7] /home/travis/build/icyphy/ptII/ptolemy/actor/lib/test/auto/ArrayAppend3.xml (RunModel)" time="0.036" />
  <testcase classname="ptolemy.util.test.junit.AutoTests" name="[8] /home/travis/build/icyphy/ptII/ptolemy/actor/lib/test/auto/ArrayAppend4.xml (RunModel)" time="0.086" />
  <testcase classname="ptolemy.util.test.junit.AutoTests" name="[9] /home/travis/build/icyphy/ptII/ptolemy/actor/lib/test/auto/ArrayAppend5.xml (RunModel)" time="0.022" />
  <testcase classname="ptolemy.util.test.junit.AutoTests" name="[10] /home/travis/build/icyphy/ptII/ptolemy/actor/lib/test/auto/ArrayAppend6.xml (RunModel)" time="0.017" />
  <testcase classname="ptolemy.util.test.junit.AutoTests" name="[11] /home/travis/build/icyphy/ptII/ptolemy/actor/lib/test/auto/ArrayAppendPerformanceTest.xml (RunModel)" time="0.065" />
  <testcase classname="ptolemy.util.test.junit.AutoTests" name="[12] /home/travis/build/icyphy/ptII/ptolemy/actor/lib/test/auto/ArrayAppendWithEmptyInput.xml (RunModel)" time="0.047" />
  <testcase classname="ptolemy.util.test.junit.AutoTests" name="[13] /home/travis/build/icyphy/ptII/ptolemy/actor/lib/test/auto/ArrayAverage.xml (RunModel)" time="0.029" />
  <testcase classname="ptolemy.util.test.junit.AutoTests" name="[14] /home/travis/build/icyphy/ptII/ptolemy/actor/lib/test/auto/ArrayContains.xml (RunModel)" time="0.019" />
  <testcase classname="ptolemy.util.test.junit.AutoTests" name="[15] /home/travis/build/icyphy/ptII/ptolemy/actor/lib/test/auto/ArrayElement.xml (RunModel)" time="0.023" />
  <testcase classname="ptolemy.util.test.junit.AutoTests" name="[16] /home/travis/build/icyphy/ptII/ptolemy/actor/lib/test/auto/ArrayElementAsMatrix.xml (RunModel)" time="0.052" />
  <testcase classname="ptolemy.util.test.junit.AutoTests" name="[17] /home/travis/build/icyphy/ptII/ptolemy/actor/lib/test/auto/ArrayElementI.xml (RunModel)" time="0.022" />
  <testcase classname="ptolemy.util.test.junit.AutoTests" name="[18] /home/travis/build/icyphy/ptII/ptolemy/actor/lib/test/auto/ArrayExtract.xml (RunModel)" time="0.027" />
  <testcase classname="ptolemy.util.test.junit.AutoTests" name="[19] /home/travis/build/icyphy/ptII/ptolemy/actor/lib/test/auto/ArrayExtract2.xml (RunModel)" time="0.019" />
  <testcase classname="ptolemy.util.test.junit.AutoTests" name="[20] /home/travis/build/icyphy/ptII/ptolemy/actor/lib/test/auto/ArrayLength.xml (RunModel)" time="0.016" />
  <testcase classname="ptolemy.util.test.junit.AutoTests" name="[21] /home/travis/build/icyphy/ptII/ptolemy/actor/lib/test/auto/ArrayLevelCrossing.xml (RunModel)" time="0.029" />
  <testcase classname="ptolemy.util.test.junit.AutoTests" name="[22] /home/travis/build/icyphy/ptII/ptolemy/actor/lib/test/auto/ArrayLevelCrossing2.xml (RunModel)" time="0.029" />
  <testcase classname="ptolemy.util.test.junit.AutoTests" name="[23] /home/travis/build/icyphy/ptII/ptolemy/actor/lib/test/auto/ArrayPeakSearch.xml (RunModel)" time="0.042" />
  <testcase classname="ptolemy.util.test.junit.AutoTests" name="[24] /home/travis/build/icyphy/ptII/ptolemy/actor/lib/test/auto/ArrayPeakSearch2.xml (RunModel)" time="0.037" />
  <testcase classname="ptolemy.util.test.junit.AutoTests" name="[25] /home/travis/build/icyphy/ptII/ptolemy/actor/lib/test/auto/ArrayPeakSearch3.xml (RunModel)" time="0.033" />
  <testcase classname="ptolemy.util.test.junit.AutoTests" name="[26] /home/travis/build/icyphy/ptII/ptolemy/actor/lib/test/auto/ArrayRemoveElement.xml (RunModel)" time="0.026" />
  <testcase classname="ptolemy.util.test.junit.AutoTests" name="[27] /home/travis/build/icyphy/ptII/ptolemy/actor/lib/test/auto/ArraySort.xml (RunModel)" time="0.032" />
  <testcase classname="ptolemy.util.test.junit.AutoTests" name="[28] /home/travis/build/icyphy/ptII/ptolemy/actor/lib/test/auto/ArraySum.xml (RunModel)" time="0.023" />
  <testcase classname="ptolemy.util.test.junit.AutoTests" name="[29] /home/travis/build/icyphy/ptII/ptolemy/actor/lib/test/auto/ArrayToElements.xml (RunModel)" time="0.021" />
  <testcase classname="ptolemy.util.test.junit.AutoTests" name="[30] /home/travis/build/icyphy/ptII/ptolemy/actor/lib/test/auto/ArrayToMatrix.xml (RunModel)" time="0.053" />
  <testcase classname="ptolemy.util.test.junit.AutoTests" name="[31] /home/travis/build/icyphy/ptII/ptolemy/actor/lib/test/auto/ArrayUpdate1.xml (RunModel)" time="0.014" />
  <testcase classname="ptolemy.util.test.junit.AutoTests" name="[32] /home/travis/build/icyphy/ptII/ptolemy/actor/lib/test/auto/ArrayUpdate2.xml (RunModel)" time="0.02" />
  <testcase classname="ptolemy.util.test.junit.AutoTests" name="[33] /home/travis/build/icyphy/ptII/ptolemy/actor/lib/test/auto/ArrayUpdate3.xml (RunModel)" time="0.026" />
  <testcase classname="ptolemy.util.test.junit.AutoTests" name="[34] /home/travis/build/icyphy/ptII/ptolemy/actor/lib/test/auto/Assert1.xml (RunModel)" time="0.019" />
  <testcase classname="ptolemy.util.test.junit.AutoTests" name="[35] /home/travis/build/icyphy/ptII/ptolemy/actor/lib/test/auto/Assert2.xml (RunModel)" time="0.011" />
  <testcase classname="ptolemy.util.test.junit.AutoTests" name="[36] /home/travis/build/icyphy/ptII/ptolemy/actor/lib/test/auto/BooleanMultiplexor.xml (RunModel)" time="0.015" />
  <testcase classname="ptolemy.util.test.junit.AutoTests" name="[37] /home/travis/build/icyphy/ptII/ptolemy/actor/lib/test/auto/BooleanMultiplexor2.xml (RunModel)" time="0.027" />
  <testcase classname="ptolemy.util.test.junit.AutoTests" name="[38] /home/travis/build/icyphy/ptII/ptolemy/actor/lib/test/auto/BooleanMultiplexor3.xml (RunModel)" time="0.02" />
  <testcase classname="ptolemy.util.test.junit.AutoTests" name="[39] /home/travis/build/icyphy/ptII/ptolemy/actor/lib/test/auto/BooleanSelect.xml (RunModel)" time="0.022" />
  <testcase classname="ptolemy.util.test.junit.AutoTests" name="[40] /home/travis/build/icyphy/ptII/ptolemy/actor/lib/test/auto/BooleanSelect2.xml (RunModel)" time="0.017" />
  <testcase classname="ptolemy.util.test.junit.AutoTests" name="[41] /home/travis/build/icyphy/ptII/ptolemy/actor/lib/test/auto/BooleanSwitch.xml (RunModel)" time="0.017" />
  <testcase classname="ptolemy.util.test.junit.AutoTests" name="[42] /home/travis/build/icyphy/ptII/ptolemy/actor/lib/test/auto/BooleanSwitch2.xml (RunModel)" time="0.012" />
  <testcase classname="ptolemy.util.test.junit.AutoTests" name="[43] /home/travis/build/icyphy/ptII/ptolemy/actor/lib/test/auto/BooleanSwitchCloningBugWithClassRelationGroup.xml (RunModel)" time="0.029" />
  <testcase classname="ptolemy.util.test.junit.AutoTests" name="[44] /home/travis/build/icyphy/ptII/ptolemy/actor/lib/test/auto/BusActors.xml (RunModel)" time="0.031" />
  <testcase classname="ptolemy.util.test.junit.AutoTests" name="[45] /home/travis/build/icyphy/ptII/ptolemy/actor/lib/test/auto/ClassWrapper.xml (RunModel)" time="0.021" />
  <testcase classname="ptolemy.util.test.junit.AutoTests" name="[46] /home/travis/build/icyphy/ptII/ptolemy/actor/lib/test/auto/Clock.xml (RunModel)" time="0.018" />
  <testcase classname="ptolemy.util.test.junit.AutoTests" name="[47] /home/travis/build/icyphy/ptII/ptolemy/actor/lib/test/auto/Clock10.xml (RunModel)" time="0.025" />
  <testcase classname="ptolemy.util.test.junit.AutoTests" name="[48] /home/travis/build/icyphy/ptII/ptolemy/actor/lib/test/auto/Clock11.xml (RunModel)" time="0.017" />
  <testcase classname="ptolemy.util.test.junit.AutoTests" name="[49] /home/travis/build/icyphy/ptII/ptolemy/actor/lib/test/auto/Clock12.xml (RunModel)" time="0.014" />
  <testcase classname="ptolemy.util.test.junit.AutoTests" name="[50] /home/travis/build/icyphy/ptII/ptolemy/actor/lib/test/auto/Clock13.xml (RunModel)" time="0.015" />
  <testcase classname="ptolemy.util.test.junit.AutoTests" name="[51] /home/travis/build/icyphy/ptII/ptolemy/actor/lib/test/auto/Clock14.xml (RunModel)" time="0.02" />
  <testcase classname="ptolemy.util.test.junit.AutoTests" name="[52] /home/travis/build/icyphy/ptII/ptolemy/actor/lib/test/auto/Clock15.xml (RunModel)" time="0.015" />
  <testcase classname="ptolemy.util.test.junit.AutoTests" name="[53] /home/travis/build/icyphy/ptII/ptolemy/actor/lib/test/auto/Clock16.xml (RunModel)" time="0.1" />
  <testcase classname="ptolemy.util.test.junit.AutoTests" name="[54] /home/travis/build/icyphy/ptII/ptolemy/actor/lib/test/auto/Clock17.xml (RunModel)" time="0.054" />
  <testcase classname="ptolemy.util.test.junit.AutoTests" name="[55] /home/travis/build/icyphy/ptII/ptolemy/actor/lib/test/auto/Clock18.xml (RunModel)" time="0.035" />
  <testcase classname="ptolemy.util.test.junit.AutoTests" name="[56] /home/travis/build/icyphy/ptII/ptolemy/actor/lib/test/auto/Clock19.xml (RunModel)" time="0.035" />
  <testcase classname="ptolemy.util.test.junit.AutoTests" name="[57] /home/travis/build/icyphy/ptII/ptolemy/actor/lib/test/auto/Clock2.xml (RunModel)" time="0.01" />
  <testcase classname="ptolemy.util.test.junit.AutoTests" name="[58] /home/travis/build/icyphy/ptII/ptolemy/actor/lib/test/auto/Clock20.xml (RunModel)" time="0.015" />
  <testcase classname="ptolemy.util.test.junit.AutoTests" name="[59] /home/travis/build/icyphy/ptII/ptolemy/actor/lib/test/auto/Clock21.xml (RunModel)" time="0.013" />
  <testcase classname="ptolemy.util.test.junit.AutoTests" name="[60] /home/travis/build/icyphy/ptII/ptolemy/actor/lib/test/auto/Clock22.xml (RunModel)" time="0.015" />
  <testcase classname="ptolemy.util.test.junit.AutoTests" name="[61] /home/travis/build/icyphy/ptII/ptolemy/actor/lib/test/auto/Clock23.xml (RunModel)" time="0.016" />
  <testcase classname="ptolemy.util.test.junit.AutoTests" name="[62] /home/travis/build/icyphy/ptII/ptolemy/actor/lib/test/auto/Clock24.xml (RunModel)" time="0.013" />
  <testcase classname="ptolemy.util.test.junit.AutoTests" name="[63] /home/travis/build/icyphy/ptII/ptolemy/actor/lib/test/auto/Clock4.xml (RunModel)" time="0.01" />
  <testcase classname="ptolemy.util.test.junit.AutoTests" name="[64] /home/travis/build/icyphy/ptII/ptolemy/actor/lib/test/auto/Clock5.xml (RunModel)" time="0.013" />
  <testcase classname="ptolemy.util.test.junit.AutoTests" name="[65] /home/travis/build/icyphy/ptII/ptolemy/actor/lib/test/auto/Clock6.xml (RunModel)" time="0.012" />
  <testcase classname="ptolemy.util.test.junit.AutoTests" name="[66] /home/travis/build/icyphy/ptII/ptolemy/actor/lib/test/auto/Clock7.xml (RunModel)" time="0.008" />
  <testcase classname="ptolemy.util.test.junit.AutoTests" name="[67] /home/travis/build/icyphy/ptII/ptolemy/actor/lib/test/auto/Clock8.xml (RunModel)" time="0.011" />
  <testcase classname="ptolemy.util.test.junit.AutoTests" name="[68] /home/travis/build/icyphy/ptII/ptolemy/actor/lib/test/auto/Clock9.xml (RunModel)" time="0.013" />
  <testcase classname="ptolemy.util.test.junit.AutoTests" name="[69] /home/travis/build/icyphy/ptII/ptolemy/actor/lib/test/auto/CommDistDiscard.xml (RunModel)" time="0.019" />
  <testcase classname="ptolemy.util.test.junit.AutoTests" name="[70] /home/travis/build/icyphy/ptII/ptolemy/actor/lib/test/auto/Commutator.xml (RunModel)" time="0.012" />
  <testcase classname="ptolemy.util.test.junit.AutoTests" name="[71] /home/travis/build/icyphy/ptII/ptolemy/actor/lib/test/auto/Commutator2.xml (RunModel)" time="0.007" />
  <testcase classname="ptolemy.util.test.junit.AutoTests" name="[72] /home/travis/build/icyphy/ptII/ptolemy/actor/lib/test/auto/Commutator3.xml (RunModel)" time="0.01" />
  <testcase classname="ptolemy.util.test.junit.AutoTests" name="[73] /home/travis/build/icyphy/ptII/ptolemy/actor/lib/test/auto/Compare.xml (RunModel)" time="0.015" />
  <testcase classname="ptolemy.util.test.junit.AutoTests" name="[74] /home/travis/build/icyphy/ptII/ptolemy/actor/lib/test/auto/CompareDE.xml (RunModel)" time="0.014" />
  <testcase classname="ptolemy.util.test.junit.AutoTests" name="[75] /home/travis/build/icyphy/ptII/ptolemy/actor/lib/test/auto/ComplexDivide.xml (RunModel)" time="0.007" />
  <testcase classname="ptolemy.util.test.junit.AutoTests" name="[76] /home/travis/build/icyphy/ptII/ptolemy/actor/lib/test/auto/ComputeHistogram.xml (RunModel)" time="0.059" />
  <testcase classname="ptolemy.util.test.junit.AutoTests" name="[77] /home/travis/build/icyphy/ptII/ptolemy/actor/lib/test/auto/ConfigurationSelect.xml (RunModel)" time="0.011" />
  <testcase classname="ptolemy.util.test.junit.AutoTests" name="[78] /home/travis/build/icyphy/ptII/ptolemy/actor/lib/test/auto/ConfigurationSelect2.xml (RunModel)" time="0.016" />
  <testcase classname="ptolemy.util.test.junit.AutoTests" name="[79] /home/travis/build/icyphy/ptII/ptolemy/actor/lib/test/auto/ConfigurationSwitch.xml (RunModel)" time="0.024" />
  <testcase classname="ptolemy.util.test.junit.AutoTests" name="[80] /home/travis/build/icyphy/ptII/ptolemy/actor/lib/test/auto/ConfigurationSwitch2.xml (RunModel)" time="0.018" />
  <testcase classname="ptolemy.util.test.junit.AutoTests" name="[81] /home/travis/build/icyphy/ptII/ptolemy/actor/lib/test/auto/ConfigurationSwitchCloningBugWithClassRelationGroup.xml (RunModel)" time="0.018" />
  <testcase classname="ptolemy.util.test.junit.AutoTests" name="[82] /home/travis/build/icyphy/ptII/ptolemy/actor/lib/test/auto/ConfigurationSwitchSelectSDF.xml (RunModel)" time="0.012" />
  <testcase classname="ptolemy.util.test.junit.AutoTests" name="[83] /home/travis/build/icyphy/ptII/ptolemy/actor/lib/test/auto/ConfigurationSwitchSelectSDF2.xml (RunModel)" time="0.015" />
  <testcase classname="ptolemy.util.test.junit.AutoTests" name="[84] /home/travis/build/icyphy/ptII/ptolemy/actor/lib/test/auto/Const.xml (RunModel)" time="0.006" />
  <testcase classname="ptolemy.util.test.junit.AutoTests" name="[85] /home/travis/build/icyphy/ptII/ptolemy/actor/lib/test/auto/Const2.xml (RunModel)" time="0.008" />
  <testcase classname="ptolemy.util.test.junit.AutoTests" name="[86] /home/travis/build/icyphy/ptII/ptolemy/actor/lib/test/auto/Const3.xml (RunModel)" time="0.005" />
  <testcase classname="ptolemy.util.test.junit.AutoTests" name="[87] /home/travis/build/icyphy/ptII/ptolemy/actor/lib/test/auto/ConstantPublisherPort1.xml (RunModel)" time="0.02" />
  <testcase classname="ptolemy.util.test.junit.AutoTests" name="[88] /home/travis/build/icyphy/ptII/ptolemy/actor/lib/test/auto/ConstantPublisherPort2.xml (RunModel)" time="0.018" />
  <testcase classname="ptolemy.util.test.junit.AutoTests" name="[89] /home/travis/build/icyphy/ptII/ptolemy/actor/lib/test/auto/ConstantPublisherPort3.xml (RunModel)" time="0.016" />
  <testcase classname="ptolemy.util.test.junit.AutoTests" name="[90] /home/travis/build/icyphy/ptII/ptolemy/actor/lib/test/auto/ConstantPublisherPort4.xml (RunModel)" time="0.013" />
  <testcase classname="ptolemy.util.test.junit.AutoTests" name="[91] /home/travis/build/icyphy/ptII/ptolemy/actor/lib/test/auto/ConstantPublisherPort5.xml (RunModel)" time="0.037" />
  <testcase classname="ptolemy.util.test.junit.AutoTests" name="[92] /home/travis/build/icyphy/ptII/ptolemy/actor/lib/test/auto/ConstantPublisherPort6.xml (RunModel)" time="0.024" />
  <testcase classname="ptolemy.util.test.junit.AutoTests" name="[93] /home/travis/build/icyphy/ptII/ptolemy/actor/lib/test/auto/ConstantPublisherPort7.xml (RunModel)" time="0.032" />
  <testcase classname="ptolemy.util.test.junit.AutoTests" name="[94] /home/travis/build/icyphy/ptII/ptolemy/actor/lib/test/auto/ConstraintMonitor1.xml (RunModel)" time="0.034" />
  <testcase classname="ptolemy.util.test.junit.AutoTests" name="[95] /home/travis/build/icyphy/ptII/ptolemy/actor/lib/test/auto/ConstraintMonitor2.xml (RunModel)" time="0.01" />
  <testcase classname="ptolemy.util.test.junit.AutoTests" name="[96] /home/travis/build/icyphy/ptII/ptolemy/actor/lib/test/auto/ConstraintMonitor3.xml (RunModel)" time="0.013" />
  <testcase classname="ptolemy.util.test.junit.AutoTests" name="[97] /home/travis/build/icyphy/ptII/ptolemy/actor/lib/test/auto/ConstraintMonitor4.xml (RunModel)" time="0.009" />
  <testcase classname="ptolemy.util.test.junit.AutoTests" name="[98] /home/travis/build/icyphy/ptII/ptolemy/actor/lib/test/auto/ConstraintMonitor5.xml (RunModel)" time="0.011" />
  <testcase classname="ptolemy.util.test.junit.AutoTests" name="[99] /home/travis/build/icyphy/ptII/ptolemy/actor/lib/test/auto/ConstraintMonitor6.xml (RunModel)" time="0.014" />
  <testcase classname="ptolemy.util.test.junit.AutoTests" name="[100] /home/travis/build/icyphy/ptII/ptolemy/actor/lib/test/auto/ConstraintMonitor7.xml (RunModel)" time="0.013" />
  <testcase classname="ptolemy.util.test.junit.AutoTests" name="[101] /home/travis/build/icyphy/ptII/ptolemy/actor/lib/test/auto/ConstraintMonitor8.xml (RunModel)" time="0.015" />
  <testcase classname="ptolemy.util.test.junit.AutoTests" name="[102] /home/travis/build/icyphy/ptII/ptolemy/actor/lib/test/auto/Counter.xml (RunModel)" time="0.013" />
  <testcase classname="ptolemy.util.test.junit.AutoTests" name="[103] /home/travis/build/icyphy/ptII/ptolemy/actor/lib/test/auto/CurrentTimeSDF.xml (RunModel)" time="0.008" />
  <testcase classname="ptolemy.util.test.junit.AutoTests" name="[104] /home/travis/build/icyphy/ptII/ptolemy/actor/lib/test/auto/DB.xml (RunModel)" time="0.012" />
  <testcase classname="ptolemy.util.test.junit.AutoTests" name="[105] /home/travis/build/icyphy/ptII/ptolemy/actor/lib/test/auto/DBDE.xml (RunModel)" time="0.011" />
  <testcase classname="ptolemy.util.test.junit.AutoTests" name="[106] /home/travis/build/icyphy/ptII/ptolemy/actor/lib/test/auto/DateConstructor.xml (RunModel)" time="0.063" />
  <testcase classname="ptolemy.util.test.junit.AutoTests" name="[107] /home/travis/build/icyphy/ptII/ptolemy/actor/lib/test/auto/DelayTime.xml (RunModel)" time="0.013" />
  <testcase classname="ptolemy.util.test.junit.AutoTests" name="[108] /home/travis/build/icyphy/ptII/ptolemy/actor/lib/test/auto/Dictionary1.xml (RunModel)" time="0.019" />
  <testcase classname="ptolemy.util.test.junit.AutoTests" name="[109] /home/travis/build/icyphy/ptII/ptolemy/actor/lib/test/auto/Dictionary2.xml (RunModel)" time="0.014" />
  <testcase classname="ptolemy.util.test.junit.AutoTests" name="[110] /home/travis/build/icyphy/ptII/ptolemy/actor/lib/test/auto/Dictionary3.xml (RunModel)" time="0.011" />
  <testcase classname="ptolemy.util.test.junit.AutoTests" name="[111] /home/travis/build/icyphy/ptII/ptolemy/actor/lib/test/auto/Dictionary4.xml (RunModel)" time="0.014" />
  <testcase classname="ptolemy.util.test.junit.AutoTests" name="[112] /home/travis/build/icyphy/ptII/ptolemy/actor/lib/test/auto/Differential.xml (RunModel)" time="0.011" />
  <testcase classname="ptolemy.util.test.junit.AutoTests" name="[113] /home/travis/build/icyphy/ptII/ptolemy/actor/lib/test/auto/Director.xml (RunModel)" time="0.007" />
  <testcase classname="ptolemy.util.test.junit.AutoTests" name="[114] /home/travis/build/icyphy/ptII/ptolemy/actor/lib/test/auto/DiscreteClock.xml (RunModel)" time="0.006" />
  <testcase classname="ptolemy.util.test.junit.AutoTests" name="[115] /home/travis/build/icyphy/ptII/ptolemy/actor/lib/test/auto/DiscreteClock10.xml (RunModel)" time="0.013" />
  <testcase classname="ptolemy.util.test.junit.AutoTests" name="[116] /home/travis/build/icyphy/ptII/ptolemy/actor/lib/test/auto/DiscreteClock11.xml (RunModel)" time="0.012" />
  <testcase classname="ptolemy.util.test.junit.AutoTests" name="[117] /home/travis/build/icyphy/ptII/ptolemy/actor/lib/test/auto/DiscreteClock12.xml (RunModel)" time="0.013" />
  <testcase classname="ptolemy.util.test.junit.AutoTests" name="[118] /home/travis/build/icyphy/ptII/ptolemy/actor/lib/test/auto/DiscreteClock13.xml (RunModel)" time="0.011" />
  <testcase classname="ptolemy.util.test.junit.AutoTests" name="[119] /home/travis/build/icyphy/ptII/ptolemy/actor/lib/test/auto/DiscreteClock14.xml (RunModel)" time="0.01" />
  <testcase classname="ptolemy.util.test.junit.AutoTests" name="[120] /home/travis/build/icyphy/ptII/ptolemy/actor/lib/test/auto/DiscreteClock15.xml (RunModel)" time="0.012" />
  <testcase classname="ptolemy.util.test.junit.AutoTests" name="[121] /home/travis/build/icyphy/ptII/ptolemy/actor/lib/test/auto/DiscreteClock16.xml (RunModel)" time="0.042" />
  <testcase classname="ptolemy.util.test.junit.AutoTests" name="[122] /home/travis/build/icyphy/ptII/ptolemy/actor/lib/test/auto/DiscreteClock17.xml (RunModel)" time="0.04" />
  <testcase classname="ptolemy.util.test.junit.AutoTests" name="[123] /home/travis/build/icyphy/ptII/ptolemy/actor/lib/test/auto/DiscreteClock18.xml (RunModel)" time="0.045" />
  <testcase classname="ptolemy.util.test.junit.AutoTests" name="[124] /home/travis/build/icyphy/ptII/ptolemy/actor/lib/test/auto/DiscreteClock19.xml (RunModel)" time="0.036" />
  <testcase classname="ptolemy.util.test.junit.AutoTests" name="[125] /home/travis/build/icyphy/ptII/ptolemy/actor/lib/test/auto/DiscreteClock2.xml (RunModel)" time="0.024" />
  <testcase classname="ptolemy.util.test.junit.AutoTests" name="[126] /home/travis/build/icyphy/ptII/ptolemy/actor/lib/test/auto/DiscreteClock20.xml (RunModel)" time="0.022" />
  <testcase classname="ptolemy.util.test.junit.AutoTests" name="[127] /home/travis/build/icyphy/ptII/ptolemy/actor/lib/test/auto/DiscreteClock21.xml (RunModel)" time="0.016" />
  <testcase classname="ptolemy.util.test.junit.AutoTests" name="[128] /home/travis/build/icyphy/ptII/ptolemy/actor/lib/test/auto/DiscreteClock22.xml (RunModel)" time="0.015" />
  <testcase classname="ptolemy.util.test.junit.AutoTests" name="[129] /home/travis/build/icyphy/ptII/ptolemy/actor/lib/test/auto/DiscreteClock23.xml (RunModel)" time="0.021" />
  <testcase classname="ptolemy.util.test.junit.AutoTests" name="[130] /home/travis/build/icyphy/ptII/ptolemy/actor/lib/test/auto/DiscreteClock24.xml (RunModel)" time="0.013" />
  <testcase classname="ptolemy.util.test.junit.AutoTests" name="[131] /home/travis/build/icyphy/ptII/ptolemy/actor/lib/test/auto/DiscreteClock4.xml (RunModel)" time="0.016" />
  <testcase classname="ptolemy.util.test.junit.AutoTests" name="[132] /home/travis/build/icyphy/ptII/ptolemy/actor/lib/test/auto/DiscreteClock5.xml (RunModel)" time="0.011" />
  <testcase classname="ptolemy.util.test.junit.AutoTests" name="[133] /home/travis/build/icyphy/ptII/ptolemy/actor/lib/test/auto/DiscreteClock6.xml (RunModel)" time="0.012" />
  <testcase classname="ptolemy.util.test.junit.AutoTests" name="[134] /home/travis/build/icyphy/ptII/ptolemy/actor/lib/test/auto/DiscreteClock7.xml (RunModel)" time="0.01" />
  <testcase classname="ptolemy.util.test.junit.AutoTests" name="[135] /home/travis/build/icyphy/ptII/ptolemy/actor/lib/test/auto/DiscreteClock8.xml (RunModel)" time="0.023" />
  <testcase classname="ptolemy.util.test.junit.AutoTests" name="[136] /home/travis/build/icyphy/ptII/ptolemy/actor/lib/test/auto/DiscreteClock9.xml (RunModel)" time="0.014" />
  <testcase classname="ptolemy.util.test.junit.AutoTests" name="[137] /home/travis/build/icyphy/ptII/ptolemy/actor/lib/test/auto/DisplayArray.xml (RunModel)" time="0.009" />
  <testcase classname="ptolemy.util.test.junit.AutoTests" name="[138] /home/travis/build/icyphy/ptII/ptolemy/actor/lib/test/auto/Distributor.xml (RunModel)" time="0.01" />
  <testcase classname="ptolemy.util.test.junit.AutoTests" name="[139] /home/travis/build/icyphy/ptII/ptolemy/actor/lib/test/auto/Distributor2.xml (RunModel)" time="0.012" />
  <testcase classname="ptolemy.util.test.junit.AutoTests" name="[140] /home/travis/build/icyphy/ptII/ptolemy/actor/lib/test/auto/DownSample.xml (RunModel)" time="0.009" />
  <testcase classname="ptolemy.util.test.junit.AutoTests" name="[141] /home/travis/build/icyphy/ptII/ptolemy/actor/lib/test/auto/ElectronicUnitBase1.xml (RunModel)" time="0.064" />
  <testcase classname="ptolemy.util.test.junit.AutoTests" name="[142] /home/travis/build/icyphy/ptII/ptolemy/actor/lib/test/auto/ElementsToArray.xml (RunModel)" time="0.012" />
  <testcase classname="ptolemy.util.test.junit.AutoTests" name="[143] /home/travis/build/icyphy/ptII/ptolemy/actor/lib/test/auto/Equals.xml (RunModel)" time="0.014" />
  <testcase classname="ptolemy.util.test.junit.AutoTests" name="[144] /home/travis/build/icyphy/ptII/ptolemy/actor/lib/test/auto/Exec.xml (RunModel)" time="0.027" />
  <testcase classname="ptolemy.util.test.junit.AutoTests" name="[145] /home/travis/build/icyphy/ptII/ptolemy/actor/lib/test/auto/ExecEnvironment.xml (RunModel)" time="0.032" />
  <testcase classname="ptolemy.util.test.junit.AutoTests" name="[146] /home/travis/build/icyphy/ptII/ptolemy/actor/lib/test/auto/ExecNonZeroReturnOutput.xml (RunModel)" time="0.181" />
  <testcase classname="ptolemy.util.test.junit.AutoTests" name="[147] /home/travis/build/icyphy/ptII/ptolemy/actor/lib/test/auto/ExecRunDemos.xml (RunModel)" time="10.499" />
  <testcase classname="ptolemy.util.test.junit.AutoTests" name="[148] /home/travis/build/icyphy/ptII/ptolemy/actor/lib/test/auto/ExecStop.xml (RunModel)" time="5.037" />
  <testcase classname="ptolemy.util.test.junit.AutoTests" name="[149] /home/travis/build/icyphy/ptII/ptolemy/actor/lib/test/auto/ExecutionTimeSDF.xml (RunModel)" time="6.048" />
  <testcase classname="ptolemy.util.test.junit.AutoTests" name="[150] /home/travis/build/icyphy/ptII/ptolemy/actor/lib/test/auto/Expression1.xml (RunModel)" time="0.026" />
  <testcase classname="ptolemy.util.test.junit.AutoTests" name="[151] /home/travis/build/icyphy/ptII/ptolemy/actor/lib/test/auto/Expression10.xml (RunModel)" time="0.013" />
  <testcase classname="ptolemy.util.test.junit.AutoTests" name="[152] /home/travis/build/icyphy/ptII/ptolemy/actor/lib/test/auto/Expression11.xml (RunModel)" time="0.011" />
  <testcase classname="ptolemy.util.test.junit.AutoTests" name="[153] /home/travis/build/icyphy/ptII/ptolemy/actor/lib/test/auto/Expression12.xml (RunModel)" time="0.011" />
  <testcase classname="ptolemy.util.test.junit.AutoTests" name="[154] /home/travis/build/icyphy/ptII/ptolemy/actor/lib/test/auto/Expression13.xml (RunModel)" time="0.01" />
  <testcase classname="ptolemy.util.test.junit.AutoTests" name="[155] /home/travis/build/icyphy/ptII/ptolemy/actor/lib/test/auto/Expression14.xml (RunModel)" time="0.015" />
  <testcase classname="ptolemy.util.test.junit.AutoTests" name="[156] /home/travis/build/icyphy/ptII/ptolemy/actor/lib/test/auto/Expression15.xml (RunModel)" time="0.008" />
  <testcase classname="ptolemy.util.test.junit.AutoTests" name="[157] /home/travis/build/icyphy/ptII/ptolemy/actor/lib/test/auto/Expression16.xml (RunModel)" time="0.012" />
  <testcase classname="ptolemy.util.test.junit.AutoTests" name="[158] /home/travis/build/icyphy/ptII/ptolemy/actor/lib/test/auto/Expression17.xml (RunModel)" time="0.011" />
  <testcase classname="ptolemy.util.test.junit.AutoTests" name="[159] /home/travis/build/icyphy/ptII/ptolemy/actor/lib/test/auto/Expression18.xml (RunModel)" time="0.014" />
  <testcase classname="ptolemy.util.test.junit.AutoTests" name="[160] /home/travis/build/icyphy/ptII/ptolemy/actor/lib/test/auto/Expression2.xml (RunModel)" time="0.016" />
  <testcase classname="ptolemy.util.test.junit.AutoTests" name="[161] /home/travis/build/icyphy/ptII/ptolemy/actor/lib/test/auto/Expression3.xml (RunModel)" time="0.014" />
  <testcase classname="ptolemy.util.test.junit.AutoTests" name="[162] /home/travis/build/icyphy/ptII/ptolemy/actor/lib/test/auto/Expression4.xml (RunModel)" time="0.02" />
  <testcase classname="ptolemy.util.test.junit.AutoTests" name="[163] /home/travis/build/icyphy/ptII/ptolemy/actor/lib/test/auto/Expression5.xml (RunModel)" time="0.014" />
  <testcase classname="ptolemy.util.test.junit.AutoTests" name="[164] /home/travis/build/icyphy/ptII/ptolemy/actor/lib/test/auto/Expression6.xml (RunModel)" time="0.01" />
  <testcase classname="ptolemy.util.test.junit.AutoTests" name="[165] /home/travis/build/icyphy/ptII/ptolemy/actor/lib/test/auto/Expression7.xml (RunModel)" time="0.02" />
  <testcase classname="ptolemy.util.test.junit.AutoTests" name="[166] /home/travis/build/icyphy/ptII/ptolemy/actor/lib/test/auto/Expression8.xml (RunModel)" time="0.017" />
  <testcase classname="ptolemy.util.test.junit.AutoTests" name="[167] /home/travis/build/icyphy/ptII/ptolemy/actor/lib/test/auto/Expression9.xml (RunModel)" time="0.008" />
  <testcase classname="ptolemy.util.test.junit.AutoTests" name="[168] /home/travis/build/icyphy/ptII/ptolemy/actor/lib/test/auto/ExpressionConcatenateArrayType.xml (RunModel)" time="0.025" />
  <testcase classname="ptolemy.util.test.junit.AutoTests" name="[169] /home/travis/build/icyphy/ptII/ptolemy/actor/lib/test/auto/ExpressionConcatenateArrayType2.xml (RunModel)" time="0.022" />
  <testcase classname="ptolemy.util.test.junit.AutoTests" name="[170] /home/travis/build/icyphy/ptII/ptolemy/actor/lib/test/auto/ExpressionFix.xml (RunModel)" time="0.042" />
  <testcase classname="ptolemy.util.test.junit.AutoTests" name="[171] /home/travis/build/icyphy/ptII/ptolemy/actor/lib/test/auto/ExpressionFix2.xml (RunModel)" time="0.011" />
  <testcase classname="ptolemy.util.test.junit.AutoTests" name="[172] /home/travis/build/icyphy/ptII/ptolemy/actor/lib/test/auto/ExpressionFix3.xml (RunModel)" time="0.012" />
  <testcase classname="ptolemy.util.test.junit.AutoTests" name="[173] /home/travis/build/icyphy/ptII/ptolemy/actor/lib/test/auto/FileWriter1.xml (RunModel)" time="0.01" />
  <testcase classname="ptolemy.util.test.junit.AutoTests" name="[174] /home/travis/build/icyphy/ptII/ptolemy/actor/lib/test/auto/FileWriter2.xml (RunModel)" time="0.012" />
  <testcase classname="ptolemy.util.test.junit.AutoTests" name="[175] /home/travis/build/icyphy/ptII/ptolemy/actor/lib/test/auto/FileWriter3.xml (RunModel)" time="0.01" />
  <testcase classname="ptolemy.util.test.junit.AutoTests" name="[176] /home/travis/build/icyphy/ptII/ptolemy/actor/lib/test/auto/Gaussian.xml (RunModel)" time="0.012" />
  <testcase classname="ptolemy.util.test.junit.AutoTests" name="[177] /home/travis/build/icyphy/ptII/ptolemy/actor/lib/test/auto/Gaussian1.xml (RunModel)" time="0.014" />
  <testcase classname="ptolemy.util.test.junit.AutoTests" name="[178] /home/travis/build/icyphy/ptII/ptolemy/actor/lib/test/auto/Gaussian2.xml (RunModel)" time="0.023" />
  <testcase classname="ptolemy.util.test.junit.AutoTests" name="[179] /home/travis/build/icyphy/ptII/ptolemy/actor/lib/test/auto/GradientAdaptiveLattice.xml (RunModel)" time="0.016" />
  <testcase classname="ptolemy.util.test.junit.AutoTests" name="[180] /home/travis/build/icyphy/ptII/ptolemy/actor/lib/test/auto/IIR.xml (RunModel)" time="0.01" />
  <testcase classname="ptolemy.util.test.junit.AutoTests" name="[181] /home/travis/build/icyphy/ptII/ptolemy/actor/lib/test/auto/InputOutputTransparentPorts.xml (RunModel)" time="0.025" />
  <testcase classname="ptolemy.util.test.junit.AutoTests" name="[182] /home/travis/build/icyphy/ptII/ptolemy/actor/lib/test/auto/Interpolator.xml (RunModel)" time="0.012" />
  <testcase classname="ptolemy.util.test.junit.AutoTests" name="[183] /home/travis/build/icyphy/ptII/ptolemy/actor/lib/test/auto/InterpolatorFiringLimitDE.xml (RunModel)" time="0.014" />
  <testcase classname="ptolemy.util.test.junit.AutoTests" name="[184] /home/travis/build/icyphy/ptII/ptolemy/actor/lib/test/auto/Lattice.xml (RunModel)" time="0.008" />
  <testcase classname="ptolemy.util.test.junit.AutoTests" name="[185] /home/travis/build/icyphy/ptII/ptolemy/actor/lib/test/auto/LazyAOCTestLazy.xml (RunModel)" time="0.027" />
  <testcase classname="ptolemy.util.test.junit.AutoTests" name="[186] /home/travis/build/icyphy/ptII/ptolemy/actor/lib/test/auto/LazyAOCTestNonLazy.xml (RunModel)" time="0.046" />
  <testcase classname="ptolemy.util.test.junit.AutoTests" name="[187] /home/travis/build/icyphy/ptII/ptolemy/actor/lib/test/auto/LazyInnerClass.xml (RunModel)" time="0.068" />
  <testcase classname="ptolemy.util.test.junit.AutoTests" name="[188] /home/travis/build/icyphy/ptII/ptolemy/actor/lib/test/auto/LazyPubSub.xml (RunModel)" time="0.061" />
  <testcase classname="ptolemy.util.test.junit.AutoTests" name="[189] /home/travis/build/icyphy/ptII/ptolemy/actor/lib/test/auto/LazyPubSub2.xml (RunModel)" time="0.031" />
  <testcase classname="ptolemy.util.test.junit.AutoTests" name="[190] /home/travis/build/icyphy/ptII/ptolemy/actor/lib/test/auto/LazyPubSub3.xml (RunModel)" time="0.024" />
  <testcase classname="ptolemy.util.test.junit.AutoTests" name="[191] /home/travis/build/icyphy/ptII/ptolemy/actor/lib/test/auto/LazySubClassModel.xml (RunModel)" time="0.025" />
  <testcase classname="ptolemy.util.test.junit.AutoTests" name="[192] /home/travis/build/icyphy/ptII/ptolemy/actor/lib/test/auto/LevelCrossTest1.xml (RunModel)" time="0.01" />
  <testcase classname="ptolemy.util.test.junit.AutoTests" name="[193] /home/travis/build/icyphy/ptII/ptolemy/actor/lib/test/auto/LevelCrossTest10.xml (RunModel)" time="0.015" />
  <testcase classname="ptolemy.util.test.junit.AutoTests" name="[194] /home/travis/build/icyphy/ptII/ptolemy/actor/lib/test/auto/LevelCrossTest11.xml (RunModel)" time="0.015" />
  <testcase classname="ptolemy.util.test.junit.AutoTests" name="[195] /home/travis/build/icyphy/ptII/ptolemy/actor/lib/test/auto/LevelCrossTest12.xml (RunModel)" time="0.025" />
  <testcase classname="ptolemy.util.test.junit.AutoTests" name="[196] /home/travis/build/icyphy/ptII/ptolemy/actor/lib/test/auto/LevelCrossTest13.xml (RunModel)" time="0.014" />
  <testcase classname="ptolemy.util.test.junit.AutoTests" name="[197] /home/travis/build/icyphy/ptII/ptolemy/actor/lib/test/auto/LevelCrossTest2.xml (RunModel)" time="0.011" />
  <testcase classname="ptolemy.util.test.junit.AutoTests" name="[198] /home/travis/build/icyphy/ptII/ptolemy/actor/lib/test/auto/LevelCrossTest3.xml (RunModel)" time="0.012" />
  <testcase classname="ptolemy.util.test.junit.AutoTests" name="[199] /home/travis/build/icyphy/ptII/ptolemy/actor/lib/test/auto/LevelCrossTest4.xml (RunModel)" time="0.01" />
  <testcase classname="ptolemy.util.test.junit.AutoTests" name="[200] /home/travis/build/icyphy/ptII/ptolemy/actor/lib/test/auto/LevelCrossTest5.xml (RunModel)" time="0.012" />
  <testcase classname="ptolemy.util.test.junit.AutoTests" name="[201] /home/travis/build/icyphy/ptII/ptolemy/actor/lib/test/auto/LevelCrossTest6.xml (RunModel)" time="0.013" />
  <testcase classname="ptolemy.util.test.junit.AutoTests" name="[202] /home/travis/build/icyphy/ptII/ptolemy/actor/lib/test/auto/LevelCrossTest7.xml (RunModel)" time="0.02" />
  <testcase classname="ptolemy.util.test.junit.AutoTests" name="[203] /home/travis/build/icyphy/ptII/ptolemy/actor/lib/test/auto/LevelCrossTest8.xml (RunModel)" time="0.014" />
  <testcase classname="ptolemy.util.test.junit.AutoTests" name="[204] /home/travis/build/icyphy/ptII/ptolemy/actor/lib/test/auto/LevelCrossTest9.xml (RunModel)" time="0.013" />
  <testcase classname="ptolemy.util.test.junit.AutoTests" name="[205] /home/travis/build/icyphy/ptII/ptolemy/actor/lib/test/auto/LevinsonDurbin.xml (RunModel)" time="0.018" />
  <testcase classname="ptolemy.util.test.junit.AutoTests" name="[206] /home/travis/build/icyphy/ptII/ptolemy/actor/lib/test/auto/LevinsonDurbin2.xml (RunModel)" time="0.012" />
  <testcase classname="ptolemy.util.test.junit.AutoTests" name="[207] /home/travis/build/icyphy/ptII/ptolemy/actor/lib/test/auto/LevinsonDurbin3.xml (RunModel)" time="0.011" />
  <testcase classname="ptolemy.util.test.junit.AutoTests" name="[208] /home/travis/build/icyphy/ptII/ptolemy/actor/lib/test/auto/Limiter.xml (RunModel)" time="0.034" />
  <testcase classname="ptolemy.util.test.junit.AutoTests" name="[209] /home/travis/build/icyphy/ptII/ptolemy/actor/lib/test/auto/LinearDifferenceEquationSystem.xml (RunModel)" time="0.019" />
  <testcase classname="ptolemy.util.test.junit.AutoTests" name="[210] /home/travis/build/icyphy/ptII/ptolemy/actor/lib/test/auto/LookupTable.xml (RunModel)" time="0.008" />
  <testcase classname="ptolemy.util.test.junit.AutoTests" name="[211] /home/travis/build/icyphy/ptII/ptolemy/actor/lib/test/auto/MathFunction.xml (RunModel)" time="0.019" />
  <testcase classname="ptolemy.util.test.junit.AutoTests" name="[212] /home/travis/build/icyphy/ptII/ptolemy/actor/lib/test/auto/MathFunction2.xml (RunModel)" time="0.022" />
  <testcase classname="ptolemy.util.test.junit.AutoTests" name="[213] /home/travis/build/icyphy/ptII/ptolemy/actor/lib/test/auto/MathFunction3.xml (RunModel)" time="0.026" />
  <testcase classname="ptolemy.util.test.junit.AutoTests" name="[214] /home/travis/build/icyphy/ptII/ptolemy/actor/lib/test/auto/MatrixCropBoolean.xml (RunModel)" time="0.012" />
  <testcase classname="ptolemy.util.test.junit.AutoTests" name="[215] /home/travis/build/icyphy/ptII/ptolemy/actor/lib/test/auto/MatrixCropComplex.xml (RunModel)" time="0.008" />
  <testcase classname="ptolemy.util.test.junit.AutoTests" name="[216] /home/travis/build/icyphy/ptII/ptolemy/actor/lib/test/auto/MatrixCropDouble.xml (RunModel)" time="0.008" />
  <testcase classname="ptolemy.util.test.junit.AutoTests" name="[217] /home/travis/build/icyphy/ptII/ptolemy/actor/lib/test/auto/MatrixCropFix.xml (RunModel)" time="0.009" />
  <testcase classname="ptolemy.util.test.junit.AutoTests" name="[218] /home/travis/build/icyphy/ptII/ptolemy/actor/lib/test/auto/MatrixCropInt.xml (RunModel)" time="0.008" />
  <testcase classname="ptolemy.util.test.junit.AutoTests" name="[219] /home/travis/build/icyphy/ptII/ptolemy/actor/lib/test/auto/MatrixCropLong.xml (RunModel)" time="0.008" />
  <testcase classname="ptolemy.util.test.junit.AutoTests" name="[220] /home/travis/build/icyphy/ptII/ptolemy/actor/lib/test/auto/MatrixToArray.xml (RunModel)" time="0.046" />
  <testcase classname="ptolemy.util.test.junit.AutoTests" name="[221] /home/travis/build/icyphy/ptII/ptolemy/actor/lib/test/auto/MaxIndex.xml (RunModel)" time="0.012" />
  <testcase classname="ptolemy.util.test.junit.AutoTests" name="[222] /home/travis/build/icyphy/ptII/ptolemy/actor/lib/test/auto/Maximum.xml (RunModel)" time="0.015" />
  <testcase classname="ptolemy.util.test.junit.AutoTests" name="[223] /home/travis/build/icyphy/ptII/ptolemy/actor/lib/test/auto/MaximumComplex.xml (RunModel)" time="0.017" />
  <testcase classname="ptolemy.util.test.junit.AutoTests" name="[224] /home/travis/build/icyphy/ptII/ptolemy/actor/lib/test/auto/MethodCallTest.xml (RunModel)" time="0.023" />
  <testcase classname="ptolemy.util.test.junit.AutoTests" name="[225] /home/travis/build/icyphy/ptII/ptolemy/actor/lib/test/auto/Minimum.xml (RunModel)" time="0.028" />
  <testcase classname="ptolemy.util.test.junit.AutoTests" name="[226] /home/travis/build/icyphy/ptII/ptolemy/actor/lib/test/auto/MinimumComplex.xml (RunModel)" time="0.02" />
  <testcase classname="ptolemy.util.test.junit.AutoTests" name="[227] /home/travis/build/icyphy/ptII/ptolemy/actor/lib/test/auto/MinimumMultiports.xml (RunModel)" time="0.016" />
  <testcase classname="ptolemy.util.test.junit.AutoTests" name="[228] /home/travis/build/icyphy/ptII/ptolemy/actor/lib/test/auto/ModifyDate.xml (RunModel)" time="0.035" />
  <testcase classname="ptolemy.util.test.junit.AutoTests" name="[229] /home/travis/build/icyphy/ptII/ptolemy/actor/lib/test/auto/ModifyDate2.xml (RunModel)" time="0.027" />
  <testcase classname="ptolemy.util.test.junit.AutoTests" name="[230] /home/travis/build/icyphy/ptII/ptolemy/actor/lib/test/auto/MovingAverage.xml (RunModel)" time="0.018" />
  <testcase classname="ptolemy.util.test.junit.AutoTests" name="[231] /home/travis/build/icyphy/ptII/ptolemy/actor/lib/test/auto/MovingMaximum.xml (RunModel)" time="0.01" />
  <testcase classname="ptolemy.util.test.junit.AutoTests" name="[232] /home/travis/build/icyphy/ptII/ptolemy/actor/lib/test/auto/MultipleLinksToSameRelation.xml (RunModel)" time="0.006" />
  <testcase classname="ptolemy.util.test.junit.AutoTests" name="[233] /home/travis/build/icyphy/ptII/ptolemy/actor/lib/test/auto/MultipleLinksToSameRelationDE.xml (RunModel)" time="0.006" />
  <testcase classname="ptolemy.util.test.junit.AutoTests" name="[234] /home/travis/build/icyphy/ptII/ptolemy/actor/lib/test/auto/Multiplexor.xml (RunModel)" time="0.01" />
  <testcase classname="ptolemy.util.test.junit.AutoTests" name="[235] /home/travis/build/icyphy/ptII/ptolemy/actor/lib/test/auto/Multiplexor1.xml (RunModel)" time="0.009" />
  <testcase classname="ptolemy.util.test.junit.AutoTests" name="[236] /home/travis/build/icyphy/ptII/ptolemy/actor/lib/test/auto/Multiplexor2.xml (RunModel)" time="0.011" />
  <testcase classname="ptolemy.util.test.junit.AutoTests" name="[237] /home/travis/build/icyphy/ptII/ptolemy/actor/lib/test/auto/Multiplexor3.xml (RunModel)" time="0.007" />
  <testcase classname="ptolemy.util.test.junit.AutoTests" name="[238] /home/travis/build/icyphy/ptII/ptolemy/actor/lib/test/auto/MultiplexorDE.xml (RunModel)" time="0.015" />
  <testcase classname="ptolemy.util.test.junit.AutoTests" name="[239] /home/travis/build/icyphy/ptII/ptolemy/actor/lib/test/auto/MultiportBroadcastTest.xml (RunModel)" time="0.08" />
  <testcase classname="ptolemy.util.test.junit.AutoTests" name="[240] /home/travis/build/icyphy/ptII/ptolemy/actor/lib/test/auto/MultiportOutHangDuringGetWidth.xml (RunModel)" time="0.035" />
  <testcase classname="ptolemy.util.test.junit.AutoTests" name="[241] /home/travis/build/icyphy/ptII/ptolemy/actor/lib/test/auto/NilToken.xml (RunModel)" time="0.006" />
  <testcase classname="ptolemy.util.test.junit.AutoTests" name="[242] /home/travis/build/icyphy/ptII/ptolemy/actor/lib/test/auto/NilTokenNonStrictTest.xml (RunModel)" time="0.008" />
  <testcase classname="ptolemy.util.test.junit.AutoTests" name="[243] /home/travis/build/icyphy/ptII/ptolemy/actor/lib/test/auto/NilTokenRecord.xml (RunModel)" time="0.019" />
  <testcase classname="ptolemy.util.test.junit.AutoTests" name="[244] /home/travis/build/icyphy/ptII/ptolemy/actor/lib/test/auto/NilTokenTypeTest.xml (RunModel)" time="0.031" />
  <testcase classname="ptolemy.util.test.junit.AutoTests" name="[245] /home/travis/build/icyphy/ptII/ptolemy/actor/lib/test/auto/ObjectToken1.xml (RunModel)" time="0.007" />
  <testcase classname="ptolemy.util.test.junit.AutoTests" name="[246] /home/travis/build/icyphy/ptII/ptolemy/actor/lib/test/auto/OrderedMerge.xml (RunModel)" time="0.018" />
  <testcase classname="ptolemy.util.test.junit.AutoTests" name="[247] /home/travis/build/icyphy/ptII/ptolemy/actor/lib/test/auto/OrderedRecordDisassembler.xml (RunModel)" time="0.019" />
  <testcase classname="ptolemy.util.test.junit.AutoTests" name="[248] /home/travis/build/icyphy/ptII/ptolemy/actor/lib/test/auto/OrderedRecordDisassembler2.xml (RunModel)" time="0.017" />
  <testcase classname="ptolemy.util.test.junit.AutoTests" name="[249] /home/travis/build/icyphy/ptII/ptolemy/actor/lib/test/auto/OrderedRecordUpdater.xml (RunModel)" time="0.01" />
  <testcase classname="ptolemy.util.test.junit.AutoTests" name="[250] /home/travis/build/icyphy/ptII/ptolemy/actor/lib/test/auto/OrderedRecordUpdater2.xml (RunModel)" time="0.016" />
  <testcase classname="ptolemy.util.test.junit.AutoTests" name="[251] /home/travis/build/icyphy/ptII/ptolemy/actor/lib/test/auto/PhaseUnwrap.xml (RunModel)" time="0.012" />
  <testcase classname="ptolemy.util.test.junit.AutoTests" name="[252] /home/travis/build/icyphy/ptII/ptolemy/actor/lib/test/auto/PoissonClock.xml (RunModel)" time="0.009" />
  <testcase classname="ptolemy.util.test.junit.AutoTests" name="[253] /home/travis/build/icyphy/ptII/ptolemy/actor/lib/test/auto/PoissonClock2.xml (RunModel)" time="0.007" />
  <testcase classname="ptolemy.util.test.junit.AutoTests" name="[254] /home/travis/build/icyphy/ptII/ptolemy/actor/lib/test/auto/PoissonClock3.xml (RunModel)" time="0.022" />
  <testcase classname="ptolemy.util.test.junit.AutoTests" name="[255] /home/travis/build/icyphy/ptII/ptolemy/actor/lib/test/auto/PubSubWithInitialTokens.xml (RunModel)" time="0.015" />
  <testcase classname="ptolemy.util.test.junit.AutoTests" name="[256] /home/travis/build/icyphy/ptII/ptolemy/actor/lib/test/auto/PubSubWithInitialTokens2.xml (RunModel)" time="0.011" />
  <testcase classname="ptolemy.util.test.junit.AutoTests" name="[257] /home/travis/build/icyphy/ptII/ptolemy/actor/lib/test/auto/PublisherClassNoParameter.xml (RunModel)" time="0.024" />
  <testcase classname="ptolemy.util.test.junit.AutoTests" name="[258] /home/travis/build/icyphy/ptII/ptolemy/actor/lib/test/auto/PublisherClassParameter.xml (RunModel)" time="0.024" />
  <testcase classname="ptolemy.util.test.junit.AutoTests" name="[259] /home/travis/build/icyphy/ptII/ptolemy/actor/lib/test/auto/PublisherNonStrictTest.xml (RunModel)" time="0.013" />
  <testcase classname="ptolemy.util.test.junit.AutoTests" name="[260] /home/travis/build/icyphy/ptII/ptolemy/actor/lib/test/auto/PublisherPort1.xml (RunModel)" time="0.018" />
  <testcase classname="ptolemy.util.test.junit.AutoTests" name="[261] /home/travis/build/icyphy/ptII/ptolemy/actor/lib/test/auto/PublisherPort2.xml (RunModel)" time="0.008" />
  <testcase classname="ptolemy.util.test.junit.AutoTests" name="[262] /home/travis/build/icyphy/ptII/ptolemy/actor/lib/test/auto/PublisherPort3.xml (RunModel)" time="0.01" />
  <testcase classname="ptolemy.util.test.junit.AutoTests" name="[263] /home/travis/build/icyphy/ptII/ptolemy/actor/lib/test/auto/PublisherPort4.xml (RunModel)" time="0.01" />
  <testcase classname="ptolemy.util.test.junit.AutoTests" name="[264] /home/travis/build/icyphy/ptII/ptolemy/actor/lib/test/auto/PublisherPort5.xml (RunModel)" time="0.011" />
  <testcase classname="ptolemy.util.test.junit.AutoTests" name="[265] /home/travis/build/icyphy/ptII/ptolemy/actor/lib/test/auto/PublisherPort5LookAlike.xml (RunModel)" time="0.025" />
  <testcase classname="ptolemy.util.test.junit.AutoTests" name="[266] /home/travis/build/icyphy/ptII/ptolemy/actor/lib/test/auto/PublisherPort6.xml (RunModel)" time="0.01" />
  <testcase classname="ptolemy.util.test.junit.AutoTests" name="[267] /home/travis/build/icyphy/ptII/ptolemy/actor/lib/test/auto/PublisherPort7.xml (RunModel)" time="0.013" />
  <testcase classname="ptolemy.util.test.junit.AutoTests" name="[268] /home/travis/build/icyphy/ptII/ptolemy/actor/lib/test/auto/PublisherPort8.xml (RunModel)" time="0.021" />
  <testcase classname="ptolemy.util.test.junit.AutoTests" name="[269] /home/travis/build/icyphy/ptII/ptolemy/actor/lib/test/auto/PublisherPortSubscriberChannelVariablesAOC2.xml (RunModel)" time="0.029" />
  <testcase classname="ptolemy.util.test.junit.AutoTests" name="[270] /home/travis/build/icyphy/ptII/ptolemy/actor/lib/test/auto/PublisherPortSubscriberOpaqueWidthInference.xml (RunModel)" time="0.013" />
  <testcase classname="ptolemy.util.test.junit.AutoTests" name="[271] /home/travis/build/icyphy/ptII/ptolemy/actor/lib/test/auto/PublisherPortSubscriberPortAdjacent.xml (RunModel)" time="0.016" />
  <testcase classname="ptolemy.util.test.junit.AutoTests" name="[272] /home/travis/build/icyphy/ptII/ptolemy/actor/lib/test/auto/PublisherPortSubscriberPortExpression.xml (RunModel)" time="0.013" />
  <testcase classname="ptolemy.util.test.junit.AutoTests" name="[273] /home/travis/build/icyphy/ptII/ptolemy/actor/lib/test/auto/PublisherPortSubscriberPortOpaqueD3Reverse.xml (RunModel)" time="0.015" />
  <testcase classname="ptolemy.util.test.junit.AutoTests" name="[274] /home/travis/build/icyphy/ptII/ptolemy/actor/lib/test/auto/PublisherPortSubscriberPortOpaqueWidthInference.xml (RunModel)" time="0.012" />
  <testcase classname="ptolemy.util.test.junit.AutoTests" name="[275] /home/travis/build/icyphy/ptII/ptolemy/actor/lib/test/auto/PublisherPortToplevelSubscriberPortAOC.xml (RunModel)" time="0.009" />
  <testcase classname="ptolemy.util.test.junit.AutoTests" name="[276] /home/travis/build/icyphy/ptII/ptolemy/actor/lib/test/auto/PublisherSubscriber.xml (RunModel)" time="0.011" />
  <testcase classname="ptolemy.util.test.junit.AutoTests" name="[277] /home/travis/build/icyphy/ptII/ptolemy/actor/lib/test/auto/PublisherSubscriber10.xml (RunModel)" time="0.02" />
  <testcase classname="ptolemy.util.test.junit.AutoTests" name="[278] /home/travis/build/icyphy/ptII/ptolemy/actor/lib/test/auto/PublisherSubscriber10InitialOutputs.xml (RunModel)" time="0.03" />
  <testcase classname="ptolemy.util.test.junit.AutoTests" name="[279] /home/travis/build/icyphy/ptII/ptolemy/actor/lib/test/auto/PublisherSubscriber11.xml (RunModel)" time="0.017" />
  <testcase classname="ptolemy.util.test.junit.AutoTests" name="[280] /home/travis/build/icyphy/ptII/ptolemy/actor/lib/test/auto/PublisherSubscriber12.xml (RunModel)" time="0.013" />
  <testcase classname="ptolemy.util.test.junit.AutoTests" name="[281] /home/travis/build/icyphy/ptII/ptolemy/actor/lib/test/auto/PublisherSubscriber13.xml (RunModel)" time="0.009" />
  <testcase classname="ptolemy.util.test.junit.AutoTests" name="[282] /home/travis/build/icyphy/ptII/ptolemy/actor/lib/test/auto/PublisherSubscriber14.xml (RunModel)" time="0.017" />
  <testcase classname="ptolemy.util.test.junit.AutoTests" name="[283] /home/travis/build/icyphy/ptII/ptolemy/actor/lib/test/auto/PublisherSubscriber2.xml (RunModel)" time="0.009" />
  <testcase classname="ptolemy.util.test.junit.AutoTests" name="[284] /home/travis/build/icyphy/ptII/ptolemy/actor/lib/test/auto/PublisherSubscriber3.xml (RunModel)" time="0.007" />
  <testcase classname="ptolemy.util.test.junit.AutoTests" name="[285] /home/travis/build/icyphy/ptII/ptolemy/actor/lib/test/auto/PublisherSubscriber4.xml (RunModel)" time="0.007" />
  <testcase classname="ptolemy.util.test.junit.AutoTests" name="[286] /home/travis/build/icyphy/ptII/ptolemy/actor/lib/test/auto/PublisherSubscriber5.xml (RunModel)" time="0.012" />
  <testcase classname="ptolemy.util.test.junit.AutoTests" name="[287] /home/travis/build/icyphy/ptII/ptolemy/actor/lib/test/auto/PublisherSubscriber6.xml (RunModel)" time="0.019" />
  <testcase classname="ptolemy.util.test.junit.AutoTests" name="[288] /home/travis/build/icyphy/ptII/ptolemy/actor/lib/test/auto/PublisherSubscriber7.xml (RunModel)" time="0.016" />
  <testcase classname="ptolemy.util.test.junit.AutoTests" name="[289] /home/travis/build/icyphy/ptII/ptolemy/actor/lib/test/auto/PublisherSubscriber8.xml (RunModel)" time="0.032" />
  <testcase classname="ptolemy.util.test.junit.AutoTests" name="[290] /home/travis/build/icyphy/ptII/ptolemy/actor/lib/test/auto/PublisherSubscriber9.xml (RunModel)" time="0.017" />
  <testcase classname="ptolemy.util.test.junit.AutoTests" name="[291] /home/travis/build/icyphy/ptII/ptolemy/actor/lib/test/auto/PublisherSubscriberAdjacent.xml (RunModel)" time="0.014" />
  <testcase classname="ptolemy.util.test.junit.AutoTests" name="[292] /home/travis/build/icyphy/ptII/ptolemy/actor/lib/test/auto/PublisherSubscriberChannelVariablesAOC2.xml (RunModel)" time="0.026" />
  <testcase classname="ptolemy.util.test.junit.AutoTests" name="[293] /home/travis/build/icyphy/ptII/ptolemy/actor/lib/test/auto/PublisherSubscriberD3.xml (RunModel)" time="0.011" />
  <testcase classname="ptolemy.util.test.junit.AutoTests" name="[294] /home/travis/build/icyphy/ptII/ptolemy/actor/lib/test/auto/PublisherSubscriberD3Reverse.xml (RunModel)" time="0.009" />
  <testcase classname="ptolemy.util.test.junit.AutoTests" name="[295] /home/travis/build/icyphy/ptII/ptolemy/actor/lib/test/auto/PublisherSubscriberExpression.xml (RunModel)" time="0.014" />
  <testcase classname="ptolemy.util.test.junit.AutoTests" name="[296] /home/travis/build/icyphy/ptII/ptolemy/actor/lib/test/auto/PublisherSubscriberOpaque.xml (RunModel)" time="0.013" />
  <testcase classname="ptolemy.util.test.junit.AutoTests" name="[297] /home/travis/build/icyphy/ptII/ptolemy/actor/lib/test/auto/PublisherSubscriberOpaqueD3.xml (RunModel)" time="0.026" />
  <testcase classname="ptolemy.util.test.junit.AutoTests" name="[298] /home/travis/build/icyphy/ptII/ptolemy/actor/lib/test/auto/PublisherSubscriberOpaqueD3Reverse.xml (RunModel)" time="0.018" />
  <testcase classname="ptolemy.util.test.junit.AutoTests" name="[299] /home/travis/build/icyphy/ptII/ptolemy/actor/lib/test/auto/PublisherSubscriberOpaqueWidthInference.xml (RunModel)" time="0.013" />
  <testcase classname="ptolemy.util.test.junit.AutoTests" name="[300] /home/travis/build/icyphy/ptII/ptolemy/actor/lib/test/auto/PublisherTestSubscriber.xml (RunModel)" time="0.013" />
  <testcase classname="ptolemy.util.test.junit.AutoTests" name="[301] /home/travis/build/icyphy/ptII/ptolemy/actor/lib/test/auto/PublisherToplevelSubscriberPortAOC.xml (RunModel)" time="0.009" />
  <testcase classname="ptolemy.util.test.junit.AutoTests" name="[302] /home/travis/build/icyphy/ptII/ptolemy/actor/lib/test/auto/PulseFiringLimitDE.xml (RunModel)" time="0.012" />
  <testcase classname="ptolemy.util.test.junit.AutoTests" name="[303] /home/travis/build/icyphy/ptII/ptolemy/actor/lib/test/auto/Ramp1.xml (RunModel)" time="0.006" />
  <testcase classname="ptolemy.util.test.junit.AutoTests" name="[304] /home/travis/build/icyphy/ptII/ptolemy/actor/lib/test/auto/RampFiringLimitDE.xml (RunModel)" time="0.009" />
  <testcase classname="ptolemy.util.test.junit.AutoTests" name="[305] /home/travis/build/icyphy/ptII/ptolemy/actor/lib/test/auto/RampFiringLimitSDF.xml (RunModel)" time="0.008" />
  <testcase classname="ptolemy.util.test.junit.AutoTests" name="[306] /home/travis/build/icyphy/ptII/ptolemy/actor/lib/test/auto/RandomInteger.xml (RunModel)" time="0.006" />
  <testcase classname="ptolemy.util.test.junit.AutoTests" name="[307] /home/travis/build/icyphy/ptII/ptolemy/actor/lib/test/auto/ReadFile1.xml (RunModel)" time="0.006" />
  <testcase classname="ptolemy.util.test.junit.AutoTests" name="[308] /home/travis/build/icyphy/ptII/ptolemy/actor/lib/test/auto/ReadFile2.xml (RunModel)" time="0.006" />
  <testcase classname="ptolemy.util.test.junit.AutoTests" name="[309] /home/travis/build/icyphy/ptII/ptolemy/actor/lib/test/auto/Reader.xml (RunModel)" time="0.009" />
  <testcase classname="ptolemy.util.test.junit.AutoTests" name="[310] /home/travis/build/icyphy/ptII/ptolemy/actor/lib/test/auto/RecordAssemblerDisplayNameTest.xml (RunModel)" time="3.471" />
  <testcase classname="ptolemy.util.test.junit.AutoTests" name="[311] /home/travis/build/icyphy/ptII/ptolemy/actor/lib/test/auto/RecordAssemblerTypeError.xml (RunModel)" time="0.043" />
  <testcase classname="ptolemy.util.test.junit.AutoTests" name="[312] /home/travis/build/icyphy/ptII/ptolemy/actor/lib/test/auto/RecordDisassember.xml (RunModel)" time="0.018" />
  <testcase classname="ptolemy.util.test.junit.AutoTests" name="[313] /home/travis/build/icyphy/ptII/ptolemy/actor/lib/test/auto/RecordDisassemberDisplayNameTest.xml (RunModel)" time="0.024" />
  <testcase classname="ptolemy.util.test.junit.AutoTests" name="[314] /home/travis/build/icyphy/ptII/ptolemy/actor/lib/test/auto/RecordDisassembler.xml (RunModel)" time="0.009" />
  <testcase classname="ptolemy.util.test.junit.AutoTests" name="[315] /home/travis/build/icyphy/ptII/ptolemy/actor/lib/test/auto/RecordDisassembler2.xml (RunModel)" time="0.011" />
  <testcase classname="ptolemy.util.test.junit.AutoTests" name="[316] /home/travis/build/icyphy/ptII/ptolemy/actor/lib/test/auto/RecordUpdater.xml (RunModel)" time="0.008" />
  <testcase classname="ptolemy.util.test.junit.AutoTests" name="[317] /home/travis/build/icyphy/ptII/ptolemy/actor/lib/test/auto/RecordUpdater2.xml (RunModel)" time="0.011" />
  <testcase classname="ptolemy.util.test.junit.AutoTests" name="[318] /home/travis/build/icyphy/ptII/ptolemy/actor/lib/test/auto/RecursiveLattice.xml (RunModel)" time="0.008" />
  <testcase classname="ptolemy.util.test.junit.AutoTests" name="[319] /home/travis/build/icyphy/ptII/ptolemy/actor/lib/test/auto/Router.xml (RunModel)" time="3.026" />
  <testcase classname="ptolemy.util.test.junit.AutoTests" name="[320] /home/travis/build/icyphy/ptII/ptolemy/actor/lib/test/auto/Router2.xml (RunModel)" time="3.033" />
  <testcase classname="ptolemy.util.test.junit.AutoTests" name="[321] /home/travis/build/icyphy/ptII/ptolemy/actor/lib/test/auto/RunningMaximum.xml (RunModel)" time="0.021" />
  <testcase classname="ptolemy.util.test.junit.AutoTests" name="[322] /home/travis/build/icyphy/ptII/ptolemy/actor/lib/test/auto/RunningMinimum.xml (RunModel)" time="0.021" />
  <testcase classname="ptolemy.util.test.junit.AutoTests" name="[323] /home/travis/build/icyphy/ptII/ptolemy/actor/lib/test/auto/Scale.xml (RunModel)" time="0.013" />
  <testcase classname="ptolemy.util.test.junit.AutoTests" name="[324] /home/travis/build/icyphy/ptII/ptolemy/actor/lib/test/auto/Scale2.xml (RunModel)" time="0.007" />
  <testcase classname="ptolemy.util.test.junit.AutoTests" name="[325] /home/travis/build/icyphy/ptII/ptolemy/actor/lib/test/auto/Scale3.xml (RunModel)" time="0.011" />
  <testcase classname="ptolemy.util.test.junit.AutoTests" name="[326] /home/travis/build/icyphy/ptII/ptolemy/actor/lib/test/auto/ScaleArray.xml (RunModel)" time="0.006" />
  <testcase classname="ptolemy.util.test.junit.AutoTests" name="[327] /home/travis/build/icyphy/ptII/ptolemy/actor/lib/test/auto/ScaleArray2.xml (RunModel)" time="0.006" />
  <testcase classname="ptolemy.util.test.junit.AutoTests" name="[328] /home/travis/build/icyphy/ptII/ptolemy/actor/lib/test/auto/ScaleMatrix.xml (RunModel)" time="0.144" />
  <testcase classname="ptolemy.util.test.junit.AutoTests" name="[329] /home/travis/build/icyphy/ptII/ptolemy/actor/lib/test/auto/Select.xml (RunModel)" time="0.015" />
  <testcase classname="ptolemy.util.test.junit.AutoTests" name="[330] /home/travis/build/icyphy/ptII/ptolemy/actor/lib/test/auto/Select2.xml (RunModel)" time="0.009" />
  <testcase classname="ptolemy.util.test.junit.AutoTests" name="[331] /home/travis/build/icyphy/ptII/ptolemy/actor/lib/test/auto/SequenceToArray2.xml (RunModel)" time="0.122" />
  <testcase classname="ptolemy.util.test.junit.AutoTests" name="[332] /home/travis/build/icyphy/ptII/ptolemy/actor/lib/test/auto/SequentialClock.xml (RunModel)" time="0.008" />
  <testcase classname="ptolemy.util.test.junit.AutoTests" name="[333] /home/travis/build/icyphy/ptII/ptolemy/actor/lib/test/auto/SetVariable.xml (RunModel)" time="0.012" />
  <testcase classname="ptolemy.util.test.junit.AutoTests" name="[334] /home/travis/build/icyphy/ptII/ptolemy/actor/lib/test/auto/SetVariable2.xml (RunModel)" time="0.009" />
  <testcase classname="ptolemy.util.test.junit.AutoTests" name="[335] /home/travis/build/icyphy/ptII/ptolemy/actor/lib/test/auto/SetVariable3.xml (RunModel)" time="0.014" />
  <testcase classname="ptolemy.util.test.junit.AutoTests" name="[336] /home/travis/build/icyphy/ptII/ptolemy/actor/lib/test/auto/SetVariable4.xml (RunModel)" time="0.023" />
  <testcase classname="ptolemy.util.test.junit.AutoTests" name="[337] /home/travis/build/icyphy/ptII/ptolemy/actor/lib/test/auto/SetVariable5.xml (RunModel)" time="0.033" />
  <testcase classname="ptolemy.util.test.junit.AutoTests" name="[338] /home/travis/build/icyphy/ptII/ptolemy/actor/lib/test/auto/Sinewave.xml (RunModel)" time="0.022" />
  <testcase classname="ptolemy.util.test.junit.AutoTests" name="[339] /home/travis/build/icyphy/ptII/ptolemy/actor/lib/test/auto/Sinewave2.xml (RunModel)" time="0.013" />
  <testcase classname="ptolemy.util.test.junit.AutoTests" name="[340] /home/travis/build/icyphy/ptII/ptolemy/actor/lib/test/auto/Sinewave3.xml (RunModel)" time="0.019" />
  <testcase classname="ptolemy.util.test.junit.AutoTests" name="[341] /home/travis/build/icyphy/ptII/ptolemy/actor/lib/test/auto/SingleEvent.xml (RunModel)" time="0.006" />
  <testcase classname="ptolemy.util.test.junit.AutoTests" name="[342] /home/travis/build/icyphy/ptII/ptolemy/actor/lib/test/auto/Sleep.xml (RunModel)" time="6.02" />
  <testcase classname="ptolemy.util.test.junit.AutoTests" name="[343] /home/travis/build/icyphy/ptII/ptolemy/actor/lib/test/auto/SleepMultipleFire.xml (RunModel)" time="1.021" />
  <testcase classname="ptolemy.util.test.junit.AutoTests" name="[344] /home/travis/build/icyphy/ptII/ptolemy/actor/lib/test/auto/StopDE.xml (RunModel)" time="0.02" />
  <testcase classname="ptolemy.util.test.junit.AutoTests" name="[345] /home/travis/build/icyphy/ptII/ptolemy/actor/lib/test/auto/StopSDF.xml (RunModel)" time="0.04" />
  <testcase classname="ptolemy.util.test.junit.AutoTests" name="[346] /home/travis/build/icyphy/ptII/ptolemy/actor/lib/test/auto/StringConstant.xml (RunModel)" time="0.034" />
  <testcase classname="ptolemy.util.test.junit.AutoTests" name="[347] /home/travis/build/icyphy/ptII/ptolemy/actor/lib/test/auto/SubscriberPortInitialValues1.xml (RunModel)" time="0.065" />
  <testcase classname="ptolemy.util.test.junit.AutoTests" name="[348] /home/travis/build/icyphy/ptII/ptolemy/actor/lib/test/auto/SubscriberPortInitialValues13.xml (RunModel)" time="0.059" />
  <testcase classname="ptolemy.util.test.junit.AutoTests" name="[349] /home/travis/build/icyphy/ptII/ptolemy/actor/lib/test/auto/SubscriberPortInitialValues14.xml (RunModel)" time="0.018" />
  <testcase classname="ptolemy.util.test.junit.AutoTests" name="[350] /home/travis/build/icyphy/ptII/ptolemy/actor/lib/test/auto/SubscriberPortInitialValues2.xml (RunModel)" time="0.017" />
  <testcase classname="ptolemy.util.test.junit.AutoTests" name="[351] /home/travis/build/icyphy/ptII/ptolemy/actor/lib/test/auto/SubscriberPortInitialValues3.xml (RunModel)" time="0.021" />
  <testcase classname="ptolemy.util.test.junit.AutoTests" name="[352] /home/travis/build/icyphy/ptII/ptolemy/actor/lib/test/auto/SubscriptionAggregator.xml (RunModel)" time="0.01" />
  <testcase classname="ptolemy.util.test.junit.AutoTests" name="[353] /home/travis/build/icyphy/ptII/ptolemy/actor/lib/test/auto/SubscriptionAggregator2.xml (RunModel)" time="0.01" />
  <testcase classname="ptolemy.util.test.junit.AutoTests" name="[354] /home/travis/build/icyphy/ptII/ptolemy/actor/lib/test/auto/SubscriptionAggregator3.xml (RunModel)" time="0.014" />
  <testcase classname="ptolemy.util.test.junit.AutoTests" name="[355] /home/travis/build/icyphy/ptII/ptolemy/actor/lib/test/auto/SubscriptionAggregatorMultiply.xml (RunModel)" time="0.019" />
  <testcase classname="ptolemy.util.test.junit.AutoTests" name="[356] /home/travis/build/icyphy/ptII/ptolemy/actor/lib/test/auto/SubscriptionAggregatorPortMultiply1.xml (RunModel)" time="0.014" />
  <testcase classname="ptolemy.util.test.junit.AutoTests" name="[357] /home/travis/build/icyphy/ptII/ptolemy/actor/lib/test/auto/Switch.xml (RunModel)" time="0.017" />
  <testcase classname="ptolemy.util.test.junit.AutoTests" name="[358] /home/travis/build/icyphy/ptII/ptolemy/actor/lib/test/auto/Switch2.xml (RunModel)" time="0.009" />
  <testcase classname="ptolemy.util.test.junit.AutoTests" name="[359] /home/travis/build/icyphy/ptII/ptolemy/actor/lib/test/auto/SwitchDE.xml (RunModel)" time="0.011" />
  <testcase classname="ptolemy.util.test.junit.AutoTests" name="[360] /home/travis/build/icyphy/ptII/ptolemy/actor/lib/test/auto/SynchronizerDE.xml (RunModel)" time="0.021" />
  <testcase classname="ptolemy.util.test.junit.AutoTests" name="[361] /home/travis/build/icyphy/ptII/ptolemy/actor/lib/test/auto/Test.xml (RunModel)" time="0.008" />
  <testcase classname="ptolemy.util.test.junit.AutoTests" name="[362] /home/travis/build/icyphy/ptII/ptolemy/actor/lib/test/auto/TestExceptionAttribute1.xml (RunModel)" time="0.006" />
  <testcase classname="ptolemy.util.test.junit.AutoTests" name="[363] /home/travis/build/icyphy/ptII/ptolemy/actor/lib/test/auto/TestExceptionAttribute2.xml (RunModel)" time="0.006" />
  <testcase classname="ptolemy.util.test.junit.AutoTests" name="[364] /home/travis/build/icyphy/ptII/ptolemy/actor/lib/test/auto/TestExceptionAttribute3.xml (RunModel)" time="0.009" />
  <testcase classname="ptolemy.util.test.junit.AutoTests" name="[365] /home/travis/build/icyphy/ptII/ptolemy/actor/lib/test/auto/TestExceptionAttribute4.xml (RunModel)" time="0.006" />
  <testcase classname="ptolemy.util.test.junit.AutoTests" name="[366] /home/travis/build/icyphy/ptII/ptolemy/actor/lib/test/auto/TestExceptionHandler1.xml (RunModel)" time="0.006" />
  <testcase classname="ptolemy.util.test.junit.AutoTests" name="[367] /home/travis/build/icyphy/ptII/ptolemy/actor/lib/test/auto/TestExceptionHandler2.xml (RunModel)" time="0.009" />
  <testcase classname="ptolemy.util.test.junit.AutoTests" name="[368] /home/travis/build/icyphy/ptII/ptolemy/actor/lib/test/auto/TestExceptionHandler3.xml (RunModel)" time="0.007" />
  <testcase classname="ptolemy.util.test.junit.AutoTests" name="[369] /home/travis/build/icyphy/ptII/ptolemy/actor/lib/test/auto/TestExceptionHandler4.xml (RunModel)" time="0.005" />
  <testcase classname="ptolemy.util.test.junit.AutoTests" name="[370] /home/travis/build/icyphy/ptII/ptolemy/actor/lib/test/auto/TestRequireCorrectOrder.xml (RunModel)" time="0.008" />
  <testcase classname="ptolemy.util.test.junit.AutoTests" name="[371] /home/travis/build/icyphy/ptII/ptolemy/actor/lib/test/auto/TestSimple.xml (RunModel)" time="0.005" />
  <testcase classname="ptolemy.util.test.junit.AutoTests" name="[372] /home/travis/build/icyphy/ptII/ptolemy/actor/lib/test/auto/ThrowModelError.xml (RunModel)" time="0.011" />
  <testcase classname="ptolemy.util.test.junit.AutoTests" name="[373] /home/travis/build/icyphy/ptII/ptolemy/actor/lib/test/auto/TimeDelayMicrosteps.xml (RunModel)" time="0.012" />
  <testcase classname="ptolemy.util.test.junit.AutoTests" name="[374] /home/travis/build/icyphy/ptII/ptolemy/actor/lib/test/auto/TimeDelayMicrosteps2.xml (RunModel)" time="0.014" />
  <testcase classname="ptolemy.util.test.junit.AutoTests" name="[375] /home/travis/build/icyphy/ptII/ptolemy/actor/lib/test/auto/TimeDelayMicrosteps3.xml (RunModel)" time="0.012" />
  <testcase classname="ptolemy.util.test.junit.AutoTests" name="[376] /home/travis/build/icyphy/ptII/ptolemy/actor/lib/test/auto/TimeDelayVariableMicrosteps.xml (RunModel)" time="0.011" />
  <testcase classname="ptolemy.util.test.junit.AutoTests" name="[377] /home/travis/build/icyphy/ptII/ptolemy/actor/lib/test/auto/TimeGap.xml (RunModel)" time="0.013" />
  <testcase classname="ptolemy.util.test.junit.AutoTests" name="[378] /home/travis/build/icyphy/ptII/ptolemy/actor/lib/test/auto/TimeGap2.xml (RunModel)" time="0.008" />
  <testcase classname="ptolemy.util.test.junit.AutoTests" name="[379] /home/travis/build/icyphy/ptII/ptolemy/actor/lib/test/auto/TimedSinewave.xml (RunModel)" time="0.043" />
  <testcase classname="ptolemy.util.test.junit.AutoTests" name="[380] /home/travis/build/icyphy/ptII/ptolemy/actor/lib/test/auto/TimedSinewavePhase.xml (RunModel)" time="0.05" />
  <testcase classname="ptolemy.util.test.junit.AutoTests" name="[381] /home/travis/build/icyphy/ptII/ptolemy/actor/lib/test/auto/Timer.xml (RunModel)" time="0.01" />
  <testcase classname="ptolemy.util.test.junit.AutoTests" name="[382] /home/travis/build/icyphy/ptII/ptolemy/actor/lib/test/auto/TriangularDistTestModel.xml (RunModel)" time="0.013" />
  <testcase classname="ptolemy.util.test.junit.AutoTests" name="[383] /home/travis/build/icyphy/ptII/ptolemy/actor/lib/test/auto/TrigFunction.xml (RunModel)" time="0.007" />
  <testcase classname="ptolemy.util.test.junit.AutoTests" name="[384] /home/travis/build/icyphy/ptII/ptolemy/actor/lib/test/auto/TrigFunctionDE.xml (RunModel)" time="0.009" />
  <testcase classname="ptolemy.util.test.junit.AutoTests" name="[385] /home/travis/build/icyphy/ptII/ptolemy/actor/lib/test/auto/TrigFunctionInverse.xml (RunModel)" time="0.008" />
  <testcase classname="ptolemy.util.test.junit.AutoTests" name="[386] /home/travis/build/icyphy/ptII/ptolemy/actor/lib/test/auto/TrigFunctionTan.xml (RunModel)" time="0.006" />
  <testcase classname="ptolemy.util.test.junit.AutoTests" name="[387] /home/travis/build/icyphy/ptII/ptolemy/actor/lib/test/auto/TriggeredClock.xml (RunModel)" time="0.017" />
  <testcase classname="ptolemy.util.test.junit.AutoTests" name="[388] /home/travis/build/icyphy/ptII/ptolemy/actor/lib/test/auto/URLDirectoryReader.xml (RunModel)" time="0.102" />
  <testcase classname="ptolemy.util.test.junit.AutoTests" name="[389] /home/travis/build/icyphy/ptII/ptolemy/actor/lib/test/auto/URLDirectoryReader3.xml (RunModel)" time="1.82" />
  <testcase classname="ptolemy.util.test.junit.AutoTests" name="[390] /home/travis/build/icyphy/ptII/ptolemy/actor/lib/test/auto/UnaryMathFunction.xml (RunModel)" time="0.028" />
  <testcase classname="ptolemy.util.test.junit.AutoTests" name="[391] /home/travis/build/icyphy/ptII/ptolemy/actor/lib/test/auto/Uniform.xml (RunModel)" time="0.009" />
  <testcase classname="ptolemy.util.test.junit.AutoTests" name="[392] /home/travis/build/icyphy/ptII/ptolemy/actor/lib/test/auto/UnionDisassemblerTest.xml (RunModel)" time="0.009" />
  <testcase classname="ptolemy.util.test.junit.AutoTests" name="[393] /home/travis/build/icyphy/ptII/ptolemy/actor/lib/test/auto/UtilityFunctions.xml (RunModel)" time="0.006" />
  <testcase classname="ptolemy.util.test.junit.AutoTests" name="[394] /home/travis/build/icyphy/ptII/ptolemy/actor/lib/test/auto/VariableSleep.xml (RunModel)" time="0.509" />
  <testcase classname="ptolemy.util.test.junit.AutoTests" name="[395] /home/travis/build/icyphy/ptII/ptolemy/actor/lib/test/auto/VectorAssemblerDisassemblerCT.xml (RunModel)" time="0.1" />
  <testcase classname="ptolemy.util.test.junit.AutoTests" name="[396] /home/travis/build/icyphy/ptII/ptolemy/actor/lib/test/auto/VectorAssemblerDisassemblerDE.xml (RunModel)" time="0.012" />
  <testcase classname="ptolemy.util.test.junit.AutoTests" name="[397] /home/travis/build/icyphy/ptII/ptolemy/actor/lib/test/auto/VectorAssemblerDisassemblerSDF.xml (RunModel)" time="0.01" />
  <testcase classname="ptolemy.util.test.junit.AutoTests" name="[398] /home/travis/build/icyphy/ptII/ptolemy/actor/lib/test/auto/WallClockTime.xml (RunModel)" time="1.012" />
  <testcase classname="ptolemy.util.test.junit.AutoTests" name="[399] /home/travis/build/icyphy/ptII/ptolemy/actor/lib/test/auto/WidthTestWithSubscriberPublisher.xml (RunModel)" time="0.037" />
  <testcase classname="ptolemy.util.test.junit.AutoTests" name="[400] /home/travis/build/icyphy/ptII/ptolemy/actor/lib/test/auto/WidthTestWithSubscriberPublisher2.xml (RunModel)" time="0.015" />
  <testcase classname="ptolemy.util.test.junit.AutoTests" name="[401] /home/travis/build/icyphy/ptII/ptolemy/actor/lib/test/auto/WidthTestWithSubscriberPublisher3.xml (RunModel)" time="0.01" />
  <testcase classname="ptolemy.util.test.junit.AutoTests" name="[402] /home/travis/build/icyphy/ptII/ptolemy/actor/lib/test/auto/Writer.xml (RunModel)" time="0.006" />
  <testcase classname="ptolemy.util.test.junit.AutoTests" name="[403] /home/travis/build/icyphy/ptII/ptolemy/actor/lib/test/auto/array.xml (RunModel)" time="0.024" />
  <testcase classname="ptolemy.util.test.junit.AutoTests" name="[404] /home/travis/build/icyphy/ptII/ptolemy/actor/lib/test/auto/array2.xml (RunModel)" time="0.012" />
  <testcase classname="ptolemy.util.test.junit.AutoTests" name="[405] /home/travis/build/icyphy/ptII/ptolemy/actor/lib/test/auto/arrayType.xml (RunModel)" time="0.014" />
  <testcase classname="ptolemy.util.test.junit.AutoTests" name="[406] /home/travis/build/icyphy/ptII/ptolemy/actor/lib/test/auto/arrayType10.xml (RunModel)" time="0.007" />
  <testcase classname="ptolemy.util.test.junit.AutoTests" name="[407] /home/travis/build/icyphy/ptII/ptolemy/actor/lib/test/auto/arrayType11.xml (RunModel)" time="0.008" />
  <testcase classname="ptolemy.util.test.junit.AutoTests" name="[408] /home/travis/build/icyphy/ptII/ptolemy/actor/lib/test/auto/arrayType12.xml (RunModel)" time="0.007" />
  <testcase classname="ptolemy.util.test.junit.AutoTests" name="[409] /home/travis/build/icyphy/ptII/ptolemy/actor/lib/test/auto/arrayType13.xml (RunModel)" time="0.007" />
  <testcase classname="ptolemy.util.test.junit.AutoTests" name="[410] /home/travis/build/icyphy/ptII/ptolemy/actor/lib/test/auto/arrayType14.xml (RunModel)" time="0.007" />
  <testcase classname="ptolemy.util.test.junit.AutoTests" name="[411] /home/travis/build/icyphy/ptII/ptolemy/actor/lib/test/auto/arrayType15.xml (RunModel)" time="0.008" />
  <testcase classname="ptolemy.util.test.junit.AutoTests" name="[412] /home/travis/build/icyphy/ptII/ptolemy/actor/lib/test/auto/arrayType16.xml (RunModel)" time="0.008" />
  <testcase classname="ptolemy.util.test.junit.AutoTests" name="[413] /home/travis/build/icyphy/ptII/ptolemy/actor/lib/test/auto/arrayType17.xml (RunModel)" time="0.008" />
  <testcase classname="ptolemy.util.test.junit.AutoTests" name="[414] /home/travis/build/icyphy/ptII/ptolemy/actor/lib/test/auto/arrayType18.xml (RunModel)" time="0.008" />
  <testcase classname="ptolemy.util.test.junit.AutoTests" name="[415] /home/travis/build/icyphy/ptII/ptolemy/actor/lib/test/auto/arrayType19.xml (RunModel)" time="0.006" />
  <testcase classname="ptolemy.util.test.junit.AutoTests" name="[416] /home/travis/build/icyphy/ptII/ptolemy/actor/lib/test/auto/arrayType2.xml (RunModel)" time="0.021" />
  <testcase classname="ptolemy.util.test.junit.AutoTests" name="[417] /home/travis/build/icyphy/ptII/ptolemy/actor/lib/test/auto/arrayType20.xml (RunModel)" time="0.007" />
  <testcase classname="ptolemy.util.test.junit.AutoTests" name="[418] /home/travis/build/icyphy/ptII/ptolemy/actor/lib/test/auto/arrayType21.xml (RunModel)" time="0.006" />
  <testcase classname="ptolemy.util.test.junit.AutoTests" name="[419] /home/travis/build/icyphy/ptII/ptolemy/actor/lib/test/auto/arrayType22.xml (RunModel)" time="0.046" />
  <testcase classname="ptolemy.util.test.junit.AutoTests" name="[420] /home/travis/build/icyphy/ptII/ptolemy/actor/lib/test/auto/arrayType23.xml (RunModel)" time="0.032" />
  <testcase classname="ptolemy.util.test.junit.AutoTests" name="[421] /home/travis/build/icyphy/ptII/ptolemy/actor/lib/test/auto/arrayType24.xml (RunModel)" time="0.032" />
  <testcase classname="ptolemy.util.test.junit.AutoTests" name="[422] /home/travis/build/icyphy/ptII/ptolemy/actor/lib/test/auto/arrayType25.xml (RunModel)" time="0.031" />
  <testcase classname="ptolemy.util.test.junit.AutoTests" name="[423] /home/travis/build/icyphy/ptII/ptolemy/actor/lib/test/auto/arrayType26.xml (RunModel)" time="0.044" />
  <testcase classname="ptolemy.util.test.junit.AutoTests" name="[424] /home/travis/build/icyphy/ptII/ptolemy/actor/lib/test/auto/arrayType27.xml (RunModel)" time="0.03" />
  <testcase classname="ptolemy.util.test.junit.AutoTests" name="[425] /home/travis/build/icyphy/ptII/ptolemy/actor/lib/test/auto/arrayType28.xml (RunModel)" time="0.028" />
  <testcase classname="ptolemy.util.test.junit.AutoTests" name="[426] /home/travis/build/icyphy/ptII/ptolemy/actor/lib/test/auto/arrayType3.xml (RunModel)" time="0.016" />
  <testcase classname="ptolemy.util.test.junit.AutoTests" name="[427] /home/travis/build/icyphy/ptII/ptolemy/actor/lib/test/auto/arrayType4.xml (RunModel)" time="0.016" />
  <testcase classname="ptolemy.util.test.junit.AutoTests" name="[428] /home/travis/build/icyphy/ptII/ptolemy/actor/lib/test/auto/arrayType5.xml (RunModel)" time="0.013" />
  <testcase classname="ptolemy.util.test.junit.AutoTests" name="[429] /home/travis/build/icyphy/ptII/ptolemy/actor/lib/test/auto/arrayType6.xml (RunModel)" time="0.007" />
  <testcase classname="ptolemy.util.test.junit.AutoTests" name="[430] /home/travis/build/icyphy/ptII/ptolemy/actor/lib/test/auto/arrayType7.xml (RunModel)" time="0.007" />
  <testcase classname="ptolemy.util.test.junit.AutoTests" name="[431] /home/travis/build/icyphy/ptII/ptolemy/actor/lib/test/auto/arrayType8.xml (RunModel)" time="0.007" />
  <testcase classname="ptolemy.util.test.junit.AutoTests" name="[432] /home/travis/build/icyphy/ptII/ptolemy/actor/lib/test/auto/arrayType9.xml (RunModel)" time="0.006" />
  <testcase classname="ptolemy.util.test.junit.AutoTests" name="[433] /home/travis/build/icyphy/ptII/ptolemy/actor/lib/test/auto/cast.xml (RunModel)" time="0.007" />
  <testcase classname="ptolemy.util.test.junit.AutoTests" name="[434] /home/travis/build/icyphy/ptII/ptolemy/actor/lib/test/auto/compositeMultiPort.xml (RunModel)" time="0.014" />
  <testcase classname="ptolemy.util.test.junit.AutoTests" name="[435] /home/travis/build/icyphy/ptII/ptolemy/actor/lib/test/auto/expressionCastInference.xml (RunModel)" time="0.006" />
  <testcase classname="ptolemy.util.test.junit.AutoTests" name="[436] /home/travis/build/icyphy/ptII/ptolemy/actor/lib/test/auto/expressionCastInference2.xml (RunModel)" time="0.006" />
  <testcase classname="ptolemy.util.test.junit.AutoTests" name="[437] /home/travis/build/icyphy/ptII/ptolemy/actor/lib/test/auto/expressionInference.xml (RunModel)" time="0.005" />
  <testcase classname="ptolemy.util.test.junit.AutoTests" name="[438] /home/travis/build/icyphy/ptII/ptolemy/actor/lib/test/auto/expression_bug.xml (RunModel)" time="0.006" />
  <testcase classname="ptolemy.util.test.junit.AutoTests" name="[439] /home/travis/build/icyphy/ptII/ptolemy/actor/lib/test/auto/factorial.xml (RunModel)" time="0.041" />
  <testcase classname="ptolemy.util.test.junit.AutoTests" name="[440] /home/travis/build/icyphy/ptII/ptolemy/actor/lib/test/auto/filterTest1.xml (RunModel)" time="0.016" />
  <testcase classname="ptolemy.util.test.junit.AutoTests" name="[441] /home/travis/build/icyphy/ptII/ptolemy/actor/lib/test/auto/funcApplyInConst.xml (RunModel)" time="0.005" />
  <testcase classname="ptolemy.util.test.junit.AutoTests" name="[442] /home/travis/build/icyphy/ptII/ptolemy/actor/lib/test/auto/funcApplyInExpr.xml (RunModel)" time="0.005" />
  <testcase classname="ptolemy.util.test.junit.AutoTests" name="[443] /home/travis/build/icyphy/ptII/ptolemy/actor/lib/test/auto/function.xml (RunModel)" time="0.009" />
  <testcase classname="ptolemy.util.test.junit.AutoTests" name="[444] /home/travis/build/icyphy/ptII/ptolemy/actor/lib/test/auto/function2.xml (RunModel)" time="0.01" />
  <testcase classname="ptolemy.util.test.junit.AutoTests" name="[445] /home/travis/build/icyphy/ptII/ptolemy/actor/lib/test/auto/function3.xml (RunModel)" time="0.006" />
  <testcase classname="ptolemy.util.test.junit.AutoTests" name="[446] /home/travis/build/icyphy/ptII/ptolemy/actor/lib/test/auto/functionClosureTest1.xml (RunModel)" time="0.008" />
  <testcase classname="ptolemy.util.test.junit.AutoTests" name="[447] /home/travis/build/icyphy/ptII/ptolemy/actor/lib/test/auto/functionClosureTest2.xml (RunModel)" time="0.005" />
  <testcase classname="ptolemy.util.test.junit.AutoTests" name="[448] /home/travis/build/icyphy/ptII/ptolemy/actor/lib/test/auto/functionClosureTest3.xml (RunModel)" time="0.007" />
  <testcase classname="ptolemy.util.test.junit.AutoTests" name="[449] /home/travis/build/icyphy/ptII/ptolemy/actor/lib/test/auto/functionClosureTest4.xml (RunModel)" time="0.011" />
  <testcase classname="ptolemy.util.test.junit.AutoTests" name="[450] /home/travis/build/icyphy/ptII/ptolemy/actor/lib/test/auto/functionClosureTest5.xml (RunModel)" time="0.01" />
  <testcase classname="ptolemy.util.test.junit.AutoTests" name="[451] /home/travis/build/icyphy/ptII/ptolemy/actor/lib/test/auto/functionClosureTest6.xml (RunModel)" time="0.006" />
  <testcase classname="ptolemy.util.test.junit.AutoTests" name="[452] /home/travis/build/icyphy/ptII/ptolemy/actor/lib/test/auto/functionsOnArcs.xml (RunModel)" time="0.01" />
  <testcase classname="ptolemy.util.test.junit.AutoTests" name="[453] /home/travis/build/icyphy/ptII/ptolemy/actor/lib/test/auto/functionsOnArcsHOF.xml (RunModel)" time="0.01" />
  <testcase classname="ptolemy.util.test.junit.AutoTests" name="[454] /home/travis/build/icyphy/ptII/ptolemy/actor/lib/test/auto/logic.xml (RunModel)" time="0.015" />
  <testcase classname="ptolemy.util.test.junit.AutoTests" name="[455] /home/travis/build/icyphy/ptII/ptolemy/actor/lib/test/auto/matrixType.xml (RunModel)" time="0.008" />
  <testcase classname="ptolemy.util.test.junit.AutoTests" name="[456] /home/travis/build/icyphy/ptII/ptolemy/actor/lib/test/auto/matrixType10.xml (RunModel)" time="0.009" />
  <testcase classname="ptolemy.util.test.junit.AutoTests" name="[457] /home/travis/build/icyphy/ptII/ptolemy/actor/lib/test/auto/matrixType11.xml (RunModel)" time="0.007" />
  <testcase classname="ptolemy.util.test.junit.AutoTests" name="[458] /home/travis/build/icyphy/ptII/ptolemy/actor/lib/test/auto/matrixType12.xml (RunModel)" time="0.009" />
  <testcase classname="ptolemy.util.test.junit.AutoTests" name="[459] /home/travis/build/icyphy/ptII/ptolemy/actor/lib/test/auto/matrixType13.xml (RunModel)" time="0.012" />
  <testcase classname="ptolemy.util.test.junit.AutoTests" name="[460] /home/travis/build/icyphy/ptII/ptolemy/actor/lib/test/auto/matrixType14.xml (RunModel)" time="0.012" />
  <testcase classname="ptolemy.util.test.junit.AutoTests" name="[461] /home/travis/build/icyphy/ptII/ptolemy/actor/lib/test/auto/matrixType2.xml (RunModel)" time="0.008" />
  <testcase classname="ptolemy.util.test.junit.AutoTests" name="[462] /home/travis/build/icyphy/ptII/ptolemy/actor/lib/test/auto/matrixType3.xml (RunModel)" time="0.008" />
  <testcase classname="ptolemy.util.test.junit.AutoTests" name="[463] /home/travis/build/icyphy/ptII/ptolemy/actor/lib/test/auto/matrixType4.xml (RunModel)" time="0.006" />
  <testcase classname="ptolemy.util.test.junit.AutoTests" name="[464] /home/travis/build/icyphy/ptII/ptolemy/actor/lib/test/auto/matrixType5.xml (RunModel)" time="0.006" />
  <testcase classname="ptolemy.util.test.junit.AutoTests" name="[465] /home/travis/build/icyphy/ptII/ptolemy/actor/lib/test/auto/matrixType6.xml (RunModel)" time="0.006" />
  <testcase classname="ptolemy.util.test.junit.AutoTests" name="[466] /home/travis/build/icyphy/ptII/ptolemy/actor/lib/test/auto/matrixType7.xml (RunModel)" time="0.007" />
  <testcase classname="ptolemy.util.test.junit.AutoTests" name="[467] /home/travis/build/icyphy/ptII/ptolemy/actor/lib/test/auto/matrixType8.xml (RunModel)" time="0.007" />
  <testcase classname="ptolemy.util.test.junit.AutoTests" name="[468] /home/travis/build/icyphy/ptII/ptolemy/actor/lib/test/auto/matrixType9.xml (RunModel)" time="0.006" />
  <testcase classname="ptolemy.util.test.junit.AutoTests" name="[469] /home/travis/build/icyphy/ptII/ptolemy/actor/lib/test/auto/paraFunctest.xml (RunModel)" time="0.006" />
  <testcase classname="ptolemy.util.test.junit.AutoTests" name="[470] /home/travis/build/icyphy/ptII/ptolemy/actor/lib/test/auto/paraFunctest2.xml (RunModel)" time="0.01" />
  <testcase classname="ptolemy.util.test.junit.AutoTests" name="[471] /home/travis/build/icyphy/ptII/ptolemy/actor/lib/test/auto/parameterPassing.xml (RunModel)" time="0.011" />
  <testcase classname="ptolemy.util.test.junit.AutoTests" name="[472] /home/travis/build/icyphy/ptII/ptolemy/actor/lib/test/auto/record.xml (RunModel)" time="0.008" />
  <testcase classname="ptolemy.util.test.junit.AutoTests" name="[473] /home/travis/build/icyphy/ptII/ptolemy/actor/lib/test/auto/sizedarray1.xml (RunModel)" time="0.008" />
  <testcase classname="ptolemy.util.test.junit.AutoTests" name="[474] /home/travis/build/icyphy/ptII/ptolemy/actor/lib/test/auto/sizedarray2.xml (RunModel)" time="0.008" />
  <testcase classname="ptolemy.util.test.junit.AutoTests" name="[475] /home/travis/build/icyphy/ptII/ptolemy/actor/lib/test/auto/twoPublishers.xml (RunModel)" time="0.02" />
  <system-out><![CDATA[/home/travis/build/icyphy/ptII/ptolemy/actor/lib/test/AbsoluteValue.tcl
testDefs.tcl: setting time out to 9000 seconds at Mon Aug 23 21:33:14 UTC 2021
84 ms. Memory: 129024K Free: 93124K (72%)
4 ms. Memory: 129024K Free: 91076K (71%)
4 ms. Memory: 129024K Free: 90562K (70%)
4 ms. Memory: 129024K Free: 89523K (69%)
/home/travis/build/icyphy/ptII/ptolemy/actor/lib/test/AddSubtract.tcl
9 ms. Memory: 129024K Free: 87490K (68%)
5 ms. Memory: 129024K Free: 86980K (67%)
5 ms. Memory: 129024K Free: 85956K (67%)
7 ms. Memory: 129024K Free: 85427K (66%)
53 ms. Memory: 129024K Free: 82370K (64%)
13 ms. Memory: 129024K Free: 81860K (63%)
/home/travis/build/icyphy/ptII/ptolemy/actor/lib/test/Average.tcl
18 ms. Memory: 129024K Free: 79812K (62%)
14 ms. Memory: 129024K Free: 78788K (61%)
/home/travis/build/icyphy/ptII/ptolemy/actor/lib/test/Bernoulli.tcl
4 ms. Memory: 129024K Free: 77235K (60%)
2 ms. Memory: 129024K Free: 76740K (59%)
/home/travis/build/icyphy/ptII/ptolemy/actor/lib/test/Clock.tcl
preinitializing
resolving types
initializing
executing number 1
wrapping up
idle
18 ms. Memory: 129024K Free: 74178K (57%)
Completed execution with 5 iterations
preinitializing
resolving types
initializing
executing number 1
wrapping up
idle
9 ms. Memory: 129024K Free: 73154K (57%)
Completed execution with 5 iterations
preinitializing
resolving types
initializing
executing number 1
wrapping up
idle
3 ms. Memory: 129024K Free: 72644K (56%)
Completed execution with 5 iterations
/home/travis/build/icyphy/ptII/ptolemy/actor/lib/test/Commutator.tcl
8 ms. Memory: 129024K Free: 70596K (55%)
6 ms. Memory: 129024K Free: 69572K (54%)
21 ms. Memory: 129024K Free: 63938K (50%)
/home/travis/build/icyphy/ptII/ptolemy/actor/lib/test/Const.tcl
4 ms. Memory: 129024K Free: 62404K (48%)
2 ms. Memory: 129024K Free: 61890K (48%)
3 ms. Memory: 129024K Free: 61380K (48%)
2 ms. Memory: 129024K Free: 60851K (47%)
2 ms. Memory: 129024K Free: 60356K (47%)
13 ms. Memory: 129024K Free: 58818K (46%)
4 ms. Memory: 129024K Free: 57779K (45%)
7 ms. Memory: 129024K Free: 56755K (44%)
/home/travis/build/icyphy/ptII/ptolemy/actor/lib/test/CurrentTime.tcl
preinitializing
resolving types
initializing
executing number 1
wrapping up
idle
6 ms. Memory: 129024K Free: 54715K (42%)
Completed execution with 11 iterations
/home/travis/build/icyphy/ptII/ptolemy/actor/lib/test/DB.tcl
8 ms. Memory: 129024K Free: 53188K (41%)
6 ms. Memory: 129024K Free: 52674K (41%)
2 ms. Memory: 129024K Free: 52164K (40%)
/home/travis/build/icyphy/ptII/ptolemy/actor/lib/test/DiscreteRandomSource.tcl
preinitializing
resolving types
initializing
executing number 1
wrapping up
idle
10 ms. Memory: 129024K Free: 50619K (39%)
Completed execution with 4 iterations
preinitializing
resolving types
initializing
executing number 1
wrapping up
idle
3 ms. Memory: 129024K Free: 50116K (39%)
Completed execution with 4 iterations
preinitializing
resolving types
initializing
executing number 1
wrapping up
idle
2 ms. Memory: 129024K Free: 49587K (38%)
Completed execution with 4 iterations
preinitializing
resolving types
initializing
executing number 1
wrapping up
idle
11 ms. Memory: 129024K Free: 49092K (38%)
Completed execution with 4 iterations
preinitializing
resolving types
initializing
executing number 1
wrapping up
idle
9 ms. Memory: 129024K Free: 48547K (38%)
Completed execution with 4 iterations
/home/travis/build/icyphy/ptII/ptolemy/actor/lib/test/Distributor.tcl
25 ms. Memory: 129024K Free: 113768K (88%)
21 ms. Memory: 129024K Free: 113069K (88%)
StreamChangeRequest.changeExecuted(): <deleteEntity name="rec2"/> succeeded
StreamChangeRequest.changeExecuted(): <deleteRelation name="r2"/> succeeded
StreamChangeRequest.changeExecuted(): Record firings per iteration succeeded
5 ms. Memory: 129024K Free: 110680K (86%)
/home/travis/build/icyphy/ptII/ptolemy/actor/lib/test/Exit.tcl
Exit.tcl: this will print a message about Manager.exitAfterWrapup, which can be ignored.
4 ms. Memory: 129024K Free: 107611K (83%)
/home/travis/build/icyphy/ptII/ptolemy/actor/lib/test/Expression.tcl
20 ms. Memory: 129024K Free: 104006K (81%)
14 ms. Memory: 129024K Free: 103534K (80%)
2 ms. Memory: 129024K Free: 102982K (80%)
preinitializing
resolving types
initializing
executing number 1
wrapping up
idle
5 ms. Memory: 129024K Free: 101448K (79%)
Completed execution with 6 iterations
5 ms. Memory: 129024K Free: 100454K (78%)
2 ms. Memory: 129024K Free: 99910K (77%)
5 ms. Memory: 129024K Free: 98392K (76%)
3 ms. Memory: 129024K Free: 97376K (75%)
6 ms. Memory: 129024K Free: 95800K (74%)
/home/travis/build/icyphy/ptII/ptolemy/actor/lib/test/Gaussian.tcl
9 ms. Memory: 129024K Free: 94256K (73%)
sleeping 1 seconds: ...............................................................................................................................................................................................................................................................................................................................................................................................................................................................................................................................................................................................................................................................................................................................................................................................................................................................................................................................................................................................................................................................................................................................................................................................................................................................................................................................................................................................................................................................................................................................................................................................................................................................................................................................................................................................................................................................................................................................................................................................................................................................................................................................................................................................................................................................................................................................................................................................................................................................................................................................................................................................................................................................................................................................................................................................................................................................................................................................................................................................................................................................................................................................................................................................................................................................................................................................................................................................................................................................................................................................................................................................................................................................................................................................................................................................................................................................................................................................................................................................................................................................................................................................................................................................................................................................................................................................................................................................................................................................................................................................................................................................................................................................................................................................................................................................................................................................................................................................................................................................................................................................................................................................................................................................................................................................................................................................................................................................................................................................................................................................................................................................................................................................................................................................................................................................................................................................................................................................................................................................................................................................................................................................................................................................................................................................................................................................................................................................................................................................................................................................................................................................................................................................................................................................................................................................................................................................................................................................................................................................................................................................................................................................................................................................................................................................................................................................................................................................................................................................................................................................................................................................................................................................................................................................................................................................................................................................................................................................................................................................................................................................................................................................................................................................................................................................................................................................................................................................................................................................................................................................................................................................................................................................................................................................................................................................................................................................................................................................................................................................................................................................................................................................................................................................................................................................................................................................................................................................................................................................................................................................................................................................................................................................................................................................................................................................................................................................................................................................................................................................................................................................................................................................................................................................................................................................................................................................................................................................................................................................................................................................................................................................................................................................................................................................................................................................................................................................................................................................................................................................................................................................................................................................................................................................................................................................................................................................................................................................................................................................................................................................................................................................................................................................................................................................................................................................................................................................................................................................................................................................................................................................................................................................................................................................................................................................................................................................................................................................................................................................................................................................................................................................................................................................................................................................................................................................................................................................................................................................................................................................................................................................................................................................................................................................................................................................................................................................................................................................................................................................................................................................................................................................................................................................................................................................................................................................................................................................................................................................................................................................................................................................................................................................................................................................................................................................................................................................................................................................................................................................................................................................................................................................................................................................................................................................................................................................................................................................................................................................................................................................................................................................................................................................................................................................................................................................................................................................................................................................................................................................................................................................................................................................................................................................................................................................................................................................................................................................................................................................................................................................................................................................................................................................................................................................................................................................................................................................................................................................................................................................................................................................................................................................................................................................................................................................................................................................................................................................................................................................................................................................................................................................................................................................................................................................................................................................................................................................................................................................................................................................................................................................................................................................................................................................................................................................................................................................................................................................................................................................................................................................................................................................................................................................................................................................................................................................................................................................................................................................................................................................................................................................................................................................................................................................................................................................................................................................................................................................................................................................................................................................................................................................................................................................................................................................................................................................................................................................................................................................................................................................................................................................................................................................................................................................................................................................................................................................................................................................................................................................................................................................................................................................................................................................................................................................................................................................................................................................................................................................................................................................................................................................................................................................................................................................................................................................................................................................................................................................................................................................................................................................................................................................................................................................................................................................................................................................................................................................................................................................................................................................................................................................................................................................................................................................................................................................................................................................................................................................................................................................................................................................................................................................................................................................................................................................................................................................................................................................................................................................................................................................................................................................................................................................................................................................................................................................................................................................................................................................................................................................................................................................................................................................................................................................................................................................................................................................................................................................................................................................................................................................................................................................................................................................................................................................................................................................................................................................................................................................................................................................................................................................................................................................................................................................................................................................................................................................................................................................................................................................................................................................................................................................................................................................................................................................................................................................................................................................................................................................................................................................................................................................................................................................................................................................................................................................................................................................................................................................................................................................................................................................................................................................................................................................................................................................................................................................................................................................................................................................................................................................................................................................................................................................................................................................................................................................................................................................................................................................................................................................................................................................................................................................................................................................................................................................................................................................................................................................................................................................................................................................................................................................................................................................................................................................................................................................................................................................................................................................................................................................................................................................................................................................................................................................................................................................................................................................................................................................................................................................................................................................................................................................................................................................................................................................................................................................................................................................................................................................................................................................................................................................................................................................................................................................................................................................................................................................................................................................................................................................................................................................................................................................................................................................................................................................................................................................................................................................................................................................................................................................................................................................................................................................................................................................................................................................................................................................................................................................................................................................................................................................................................................................................................................................................................................................................................................................................................................................................................................................................................................................................................................................................................................................................................................................................................................................................................................................................................................................................................................................................................................................................................................................................................................................................................................................................................................................................................................................................................................4 ms. Memory: 129024K Free: 79827K (62%)
4 ms. Memory: 129024K Free: 79329K (61%)
2 ms. Memory: 129024K Free: 78307K (61%)
2 ms. Memory: 129024K Free: 77779K (60%)
2 ms. Memory: 129024K Free: 77283K (60%)
/home/travis/build/icyphy/ptII/ptolemy/actor/lib/test/IIR.tcl
/home/travis/build/icyphy/ptII/ptolemy/actor/lib/test/Interpolator.tcl
4 ms. Memory: 129024K Free: 73511K (57%)
2 ms. Memory: 129024K Free: 72643K (56%)
5 ms. Memory: 129024K Free: 72163K (56%)
2 ms. Memory: 129024K Free: 71643K (56%)
2 ms. Memory: 129024K Free: 70611K (55%)
2 ms. Memory: 129024K Free: 70115K (54%)
2 ms. Memory: 129024K Free: 69091K (54%)
2 ms. Memory: 129024K Free: 68067K (53%)
2 ms. Memory: 129024K Free: 67553K (52%)
2 ms. Memory: 129024K Free: 66529K (52%)
/home/travis/build/icyphy/ptII/ptolemy/actor/lib/test/MathFunction.tcl
5 ms. Memory: 129024K Free: 64481K (50%)
2 ms. Memory: 129024K Free: 63451K (49%)
2 ms. Memory: 129024K Free: 62419K (48%)
7 ms. Memory: 129024K Free: 61379K (48%)
3 ms. Memory: 129024K Free: 59875K (46%)
8 ms. Memory: 129024K Free: 58323K (45%)
/home/travis/build/icyphy/ptII/ptolemy/actor/lib/test/Maximum.tcl
4 ms. Memory: 129024K Free: 56275K (44%)
7 ms. Memory: 129024K Free: 55779K (43%)
2 ms. Memory: 129024K Free: 55265K (43%)
3 ms. Memory: 129024K Free: 54227K (42%)
/home/travis/build/icyphy/ptII/ptolemy/actor/lib/test/Minimum.tcl
6 ms. Memory: 129024K Free: 52707K (41%)
3 ms. Memory: 129024K Free: 52187K (40%)
8 ms. Memory: 129024K Free: 113052K (88%)
2 ms. Memory: 129024K Free: 112548K (87%)
/home/travis/build/icyphy/ptII/ptolemy/actor/lib/test/MultiplyDivide.tcl
9 ms. Memory: 129024K Free: 110500K (86%)
3 ms. Memory: 129024K Free: 109986K (85%)
5 ms. Memory: 129024K Free: 108948K (84%)
3 ms. Memory: 129024K Free: 108452K (84%)
4 ms. Memory: 129024K Free: 107908K (84%)
/home/travis/build/icyphy/ptII/ptolemy/actor/lib/test/OrderedMerge.tcl
Connections changed on port: inputA
Connections changed on port: inputB
Connections changed on port: output
Connections changed on port: output
Connections changed on port: output
Connections changed on port: input
.top. Preinitializing ...
Invoking preinitialize():  .top.OrderedMerge
Called preinitialize()
Invoking preinitialize():  .top.Ramp
Called preinitialize()
Invoking preinitialize():  .top.Ramp2
Called preinitialize()
Invoking preinitialize():  .top.Test
Called preinitialize()
Connections changed on port: inputA
Connections changed on port: output
Connections changed on port: output
Connections changed on port: input
Connections changed on port: inputB
Connections changed on port: output
.top. Finished preinitialize().
Called initialize().
Invoking initialize():  .top.OrderedMerge
Initializing actor: .top.OrderedMerge
Adding a thread: .top.OrderedMerge
Invoking initialize():  .top.Ramp
Initializing actor: .top.Ramp
Adding a thread: .top.Ramp
Invoking initialize():  .top.Ramp2
Initializing actor: .top.Ramp2
Adding a thread: .top.Ramp2
Invoking initialize():  .top.Test
Initializing actor: .top.Test
Adding a thread: .top.Test
Called fire().
Checking for deadlock:
-- Starting thread.
Called initialize()
Called prefire()
Called fire()
-- Starting thread.
Called initialize()
-- Starting thread.
Called initialize()
Called prefire()
Called prefire()
There are 0 Blocked actors, 0 Stopped actors, and 4 active threads.
Waiting for actors to stop.
Checking for deadlock:
There are 1 Blocked actors, 0 Stopped actors, and 4 active threads.
Waiting for actors to stop.
Called fire()
Called fire()
Called postfire()
Called prefire()
Called fire()
Called postfire()
Called prefire()
Called fire()
Checking for deadlock:
There are 3 Blocked actors, 0 Stopped actors, and 4 active threads.
Waiting for actors to stop.
-- Starting thread.
Called initialize()
Called prefire()
Called fire()
Called postfire()
Called prefire()
Called fire()
Checking for deadlock:
There are 3 Blocked actors, 0 Stopped actors, and 4 active threads.
Waiting for actors to stop.
Read input token from inputA with value 0.0
Next port to read input from is inputB
Called postfire()
Called prefire()
Called fire()
Checking for deadlock:
There are 2 Blocked actors, 0 Stopped actors, and 4 active threads.
Waiting for actors to stop.
Called postfire()
Called prefire()
Called fire()
Checking for deadlock:
There are 3 Blocked actors, 0 Stopped actors, and 4 active threads.
Waiting for actors to stop.
Read input token from inputB with value 0.0
Checking for deadlock:
There are 2 Blocked actors, 0 Stopped actors, and 4 active threads.
Waiting for actors to stop.
-- Read input: 0.0, which is expected to match: 0.0
Called prefire()
Called fire()
Checking for deadlock:
There are 3 Blocked actors, 0 Stopped actors, and 4 active threads.
Waiting for actors to stop.
Sent output token with value 0.0
Next port to read input from is inputA
Called postfire()
Called prefire()
Called fire()
Checking for deadlock:
There are 2 Blocked actors, 0 Stopped actors, and 4 active threads.
Waiting for actors to stop.
Called postfire()
Called prefire()
Called fire()
Checking for deadlock:
There are 3 Blocked actors, 0 Stopped actors, and 4 active threads.
Waiting for actors to stop.
Read input token from inputA with value 1.0
Checking for deadlock:
There are 2 Blocked actors, 0 Stopped actors, and 4 active threads.
Waiting for actors to stop.
-- Read input: 0.0, which is expected to match: 0.0
Called prefire()
Called fire()
Checking for deadlock:
There are 3 Blocked actors, 0 Stopped actors, and 4 active threads.
Waiting for actors to stop.
Sent output token with value 0.0
Next port to read input from is inputB
Called postfire()
Called prefire()
Called fire()
Called postfire()
Called prefire()
Called fire()
Checking for deadlock:
There are 3 Blocked actors, 0 Stopped actors, and 4 active threads.
Waiting for actors to stop.
Read input token from inputB with value 1.5
-- Read input: 1.0, which is expected to match: 1.0
Called prefire()
Called fire()
Checking for deadlock:
There are 3 Blocked actors, 0 Stopped actors, and 4 active threads.
Waiting for actors to stop.
Sent output token with value 1.0
Next port to read input from is inputA
Called postfire()
Called prefire()
Called fire()
Checking for deadlock:
There are 2 Blocked actors, 0 Stopped actors, and 4 active threads.
Waiting for actors to stop.
Called postfire()
Called prefire()
Called fire()
Checking for deadlock:
There are 3 Blocked actors, 0 Stopped actors, and 4 active threads.
Waiting for actors to stop.
Read input token from inputA with value 2.0
Checking for deadlock:
There are 2 Blocked actors, 0 Stopped actors, and 4 active threads.
Waiting for actors to stop.
-- Read input: 1.5, which is expected to match: 1.5
Called prefire()
Called fire()
Checking for deadlock:
There are 3 Blocked actors, 0 Stopped actors, and 4 active threads.
Waiting for actors to stop.
Sent output token with value 1.5
Next port to read input from is inputB
Called postfire()
Called prefire()
Called fire()
Called postfire()
Called prefire()
Called fire()
Checking for deadlock:
There are 3 Blocked actors, 0 Stopped actors, and 4 active threads.
Waiting for actors to stop.
Read input token from inputB with value 3.0
-- Read input: 2.0, which is expected to match: 2.0
Called prefire()
Called fire()
Checking for deadlock:
There are 3 Blocked actors, 0 Stopped actors, and 4 active threads.
Waiting for actors to stop.
Sent output token with value 2.0
Next port to read input from is inputA
Called postfire()
Called prefire()
Called fire()
Checking for deadlock:
There are 2 Blocked actors, 0 Stopped actors, and 4 active threads.
Waiting for actors to stop.
Called postfire()
Called prefire()
Called fire()
Checking for deadlock:
There are 3 Blocked actors, 0 Stopped actors, and 4 active threads.
Waiting for actors to stop.
Read input token from inputA with value 3.0
Checking for deadlock:
There are 2 Blocked actors, 0 Stopped actors, and 4 active threads.
Waiting for actors to stop.
-- Read input: 3.0, which is expected to match: 3.0
Called prefire()
Called fire()
Checking for deadlock:
There are 3 Blocked actors, 0 Stopped actors, and 4 active threads.
Waiting for actors to stop.
Sent output token with value 3.0
Next port to read input from is inputB
Called postfire()
Called prefire()
Called fire()
Called postfire()
Called prefire()
Called fire()
Checking for deadlock:
There are 3 Blocked actors, 0 Stopped actors, and 4 active threads.
Waiting for actors to stop.
Read input token from inputB with value 4.5
-- Read input: 3.0, which is expected to match: 3.0
Called prefire()
Called fire()
Checking for deadlock:
There are 3 Blocked actors, 0 Stopped actors, and 4 active threads.
Waiting for actors to stop.
Sent output token with value 3.0
Next port to read input from is inputA
Called postfire()
Called prefire()
Called fire()
Checking for deadlock:
There are 2 Blocked actors, 0 Stopped actors, and 4 active threads.
Waiting for actors to stop.
Called postfire()
Called prefire()
Called fire()
Checking for deadlock:
There are 3 Blocked actors, 0 Stopped actors, and 4 active threads.
Waiting for actors to stop.
Read input token from inputA with value 4.0
Checking for deadlock:
There are 2 Blocked actors, 0 Stopped actors, and 4 active threads.
Waiting for actors to stop.
-- Read input: 4.0, which is expected to match: 4.0
Called prefire()
Called fire()
Past the end of training data. Read and discard all inputs.
Checking for deadlock:
There are 3 Blocked actors, 0 Stopped actors, and 4 active threads.
Waiting for actors to stop.
Sent output token with value 4.0
Next port to read input from is inputA
Called postfire()
Called prefire()
Called fire()
Checking for deadlock:
There are 2 Blocked actors, 0 Stopped actors, and 4 active threads.
Waiting for actors to stop.
Called postfire()
Called prefire()
Called fire()
Checking for deadlock:
There are 3 Blocked actors, 0 Stopped actors, and 4 active threads.
Waiting for actors to stop.
Read input token from inputA with value 5.0
Checking for deadlock:
There are 2 Blocked actors, 0 Stopped actors, and 4 active threads.
Waiting for actors to stop.
Called prefire()
Called fire()
Past the end of training data. Read and discard all inputs.
Checking for deadlock:
There are 3 Blocked actors, 0 Stopped actors, and 4 active threads.
Waiting for actors to stop.
Sent output token with value 4.5
Next port to read input from is inputB
Called postfire()
Called prefire()
Called fire()
Called postfire()
Called prefire()
Called fire()
Checking for deadlock:
There are 3 Blocked actors, 0 Stopped actors, and 4 active threads.
Waiting for actors to stop.
Read input token from inputB with value 6.0
Called prefire()
Called fire()
Past the end of training data. Read and discard all inputs.
Checking for deadlock:
There are 3 Blocked actors, 0 Stopped actors, and 4 active threads.
Waiting for actors to stop.
Sent output token with value 5.0
Next port to read input from is inputA
Called postfire()
Called prefire()
Called fire()
Checking for deadlock:
There are 2 Blocked actors, 0 Stopped actors, and 4 active threads.
Waiting for actors to stop.
Called postfire()
Called prefire()
Called fire()
Checking for deadlock:
There are 3 Blocked actors, 0 Stopped actors, and 4 active threads.
Waiting for actors to stop.
Read input token from inputA with value 6.0
Checking for deadlock:
There are 2 Blocked actors, 0 Stopped actors, and 4 active threads.
Waiting for actors to stop.
Called prefire()
Called fire()
Past the end of training data. Read and discard all inputs.
Checking for deadlock:
There are 3 Blocked actors, 0 Stopped actors, and 4 active threads.
Waiting for actors to stop.
Sent output token with value 6.0
Next port to read input from is inputB
Called postfire()
Called prefire()
Called fire()
Called postfire()
Called prefire()
Called fire()
Checking for deadlock:
There are 3 Blocked actors, 0 Stopped actors, and 4 active threads.
Waiting for actors to stop.
Read input token from inputB with value 7.5
Called prefire()
Called fire()
Past the end of training data. Read and discard all inputs.
Checking for deadlock:
There are 3 Blocked actors, 0 Stopped actors, and 4 active threads.
Waiting for actors to stop.
Sent output token with value 6.0
Next port to read input from is inputA
Called postfire()
Called prefire()
Called fire()
Checking for deadlock:
There are 2 Blocked actors, 0 Stopped actors, and 4 active threads.
Waiting for actors to stop.
Called postfire()
Called prefire()
Called fire()
Checking for deadlock:
There are 3 Blocked actors, 0 Stopped actors, and 4 active threads.
Waiting for actors to stop.
Read input token from inputA with value 7.0
Checking for deadlock:
There are 2 Blocked actors, 0 Stopped actors, and 4 active threads.
Waiting for actors to stop.
Called prefire()
Called fire()
Past the end of training data. Read and discard all inputs.
Checking for deadlock:
There are 3 Blocked actors, 0 Stopped actors, and 4 active threads.
Waiting for actors to stop.
Sent output token with value 7.0
Next port to read input from is inputA
Called postfire()
Called prefire()
Called fire()
Checking for deadlock:
There are 2 Blocked actors, 0 Stopped actors, and 4 active threads.
Waiting for actors to stop.
-- Thread wrapup() called.
Called wrapup()
Thread .top.Ramp is exiting.
-- Thread stopped.
Checking for deadlock:
There are 2 Blocked actors, 0 Stopped actors, and 3 active threads.
Waiting for actors to stop.
Read input token from inputA with value 8.0
Called prefire()
Called fire()
Past the end of training data. Read and discard all inputs.
Checking for deadlock:
There are 2 Blocked actors, 0 Stopped actors, and 3 active threads.
Waiting for actors to stop.
Sent output token with value 7.5
Next port to read input from is inputB
Called postfire()
Called prefire()
Called fire()
Checking for deadlock:
There are 1 Blocked actors, 0 Stopped actors, and 3 active threads.
Waiting for actors to stop.
Called postfire()
Called prefire()
Called fire()
Checking for deadlock:
There are 2 Blocked actors, 0 Stopped actors, and 3 active threads.
Waiting for actors to stop.
Read input token from inputB with value 9.0
Checking for deadlock:
There are 1 Blocked actors, 0 Stopped actors, and 3 active threads.
Waiting for actors to stop.
Called prefire()
Called fire()
Past the end of training data. Read and discard all inputs.
Checking for deadlock:
There are 2 Blocked actors, 0 Stopped actors, and 3 active threads.
Waiting for actors to stop.
Sent output token with value 8.0
Next port to read input from is inputA
Called postfire()
Called prefire()
Called fire()
Read input token from inputA with value 9.0
Called prefire()
Called fire()
Past the end of training data. Read and discard all inputs.
Checking for deadlock:
There are 2 Blocked actors, 0 Stopped actors, and 3 active threads.
Waiting for actors to stop.
Sent output token with value 9.0
Next port to read input from is inputB
Called postfire()
Called prefire()
Called fire()
Called postfire()
Called prefire()
Called fire()
Checking for deadlock:
There are 2 Blocked actors, 0 Stopped actors, and 3 active threads.
Waiting for actors to stop.
Read input token from inputB with value 10.5
Called prefire()
Called fire()
Past the end of training data. Read and discard all inputs.
Checking for deadlock:
There are 2 Blocked actors, 0 Stopped actors, and 3 active threads.
Waiting for actors to stop.
Sent output token with value 9.0
Next port to read input from is inputA
Called postfire()
Called prefire()
Called fire()
Checking for deadlock:
There are 3 Blocked actors, 0 Stopped actors, and 3 active threads.
Actors have stopped.
Checking for deadlock:
There are 3 Blocked actors, 0 Stopped actors, and 3 active threads.
Deadlock detected.
Resolving Deadlock
Checking for deadlock:
There are 3 Blocked actors, 0 Stopped actors, and 3 active threads.
Artificial Deadlock - increasing queue capacity.
increasing the capacity of receiver ptolemy.actor.TypedIOPort {.top.OrderedMerge.inputB} to 2
Director: Called postfire().
Called postfire().
_stopRequested = false
_stopFireRequested = false
Returning from postfire(): true
Called fire().
Checking for deadlock:
There are 2 Blocked actors, 0 Stopped actors, and 3 active threads.
Waiting for actors to stop.
-- Thread wrapup() called.
Called wrapup()
Thread .top.Ramp2 is exiting.
-- Thread stopped.
Checking for deadlock:
There are 2 Blocked actors, 0 Stopped actors, and 2 active threads.
Actors have stopped.
Checking for deadlock:
There are 2 Blocked actors, 0 Stopped actors, and 2 active threads.
Deadlock detected.
Resolving Deadlock
Checking for deadlock:
There are 2 Blocked actors, 0 Stopped actors, and 2 active threads.
Deadlock detected: no processes blocked on write, but some are blocked on read.
Called postfire().
_stopRequested = false
_stopFireRequested = false
Returning from postfire(): false
Finished deactivating branches.
Called wrapup().
-- Thread wrapup() called.
Called wrapup()
Thread .top.Test is exiting.
-- Thread stopped.
-- Blocked Receiver call threw TerminateProcessException.
-- Thread wrapup() called.
Called wrapup()
Thread .top.OrderedMerge is exiting.
-- Thread stopped.
-- Blocked Receiver call threw TerminateProcessException.
55 ms. Memory: 129024K Free: 102818K (80%)
.top. Preinitializing ...
Invoking preinitialize():  .top.OrderedMerge
Called preinitialize()
Invoking preinitialize():  .top.Ramp
Called preinitialize()
Invoking preinitialize():  .top.Ramp2
Called preinitialize()
Invoking preinitialize():  .top.Test
Called preinitialize()
.top. Finished preinitialize().
Called initialize().
Invoking initialize():  .top.OrderedMerge
Initializing actor: .top.OrderedMerge
Adding a thread: .top.OrderedMerge
Invoking initialize():  .top.Ramp
Initializing actor: .top.Ramp
Adding a thread: .top.Ramp
Invoking initialize():  .top.Ramp2
Initializing actor: .top.Ramp2
Adding a thread: .top.Ramp2
Invoking initialize():  .top.Test
Initializing actor: .top.Test
Adding a thread: .top.Test
-- Starting thread.
Called initialize()
Called prefire()
Called fire()
-- Starting thread.
Called initialize()
Called prefire()
Called fire()
Called postfire()
Called prefire()
Called fire()
-- Starting thread.
Called initialize()
Called prefire()
Called fire()
Called postfire()
Called prefire()
Called fire()
Called fire().
Checking for deadlock:
There are 3 Blocked actors, 0 Stopped actors, and 4 active threads.
Waiting for actors to stop.
-- Starting thread.
Called initialize()
Called prefire()
Called fire()
Checking for deadlock:
There are 2 Blocked actors, 0 Stopped actors, and 4 active threads.
Waiting for actors to stop.
Called postfire()
Called prefire()
Called fire()
Checking for deadlock:
There are 3 Blocked actors, 0 Stopped actors, and 4 active threads.
Waiting for actors to stop.
Read input token from inputA with value 0.0
Next port to read input from is inputB
Called postfire()
Called prefire()
Called fire()
Called postfire()
Called prefire()
Called fire()
Checking for deadlock:
There are 3 Blocked actors, 0 Stopped actors, and 4 active threads.
Waiting for actors to stop.
Read input token from inputB with value 0.0
Checking for deadlock:
There are 2 Blocked actors, 0 Stopped actors, and 4 active threads.
Waiting for actors to stop.
-- Read input: 0.0, which is expected to match: 0.0
Called prefire()
Called fire()
Checking for deadlock:
There are 3 Blocked actors, 0 Stopped actors, and 4 active threads.
Waiting for actors to stop.
Sent output token with value 0.0
Next port to read input from is inputA
Called postfire()
Called prefire()
Called fire()
Checking for deadlock:
There are 2 Blocked actors, 0 Stopped actors, and 4 active threads.
Waiting for actors to stop.
Called postfire()
Called prefire()
Called fire()
Checking for deadlock:
There are 3 Blocked actors, 0 Stopped actors, and 4 active threads.
Waiting for actors to stop.
Read input token from inputA with value 1.0
Checking for deadlock:
There are 2 Blocked actors, 0 Stopped actors, and 4 active threads.
Waiting for actors to stop.
-- Read input: 0.0, which is expected to match: 0.0
Called prefire()
Called fire()
Checking for deadlock:
There are 3 Blocked actors, 0 Stopped actors, and 4 active threads.
Waiting for actors to stop.
Sent output token with value 0.0
Next port to read input from is inputB
Called postfire()
Called prefire()
Called fire()
Called postfire()
Called prefire()
Called fire()
Checking for deadlock:
There are 3 Blocked actors, 0 Stopped actors, and 4 active threads.
Waiting for actors to stop.
Read input token from inputB with value 1.5
-- Read input: 1.0, which is expected to match: 1.0
Called prefire()
Called fire()
Checking for deadlock:
There are 3 Blocked actors, 0 Stopped actors, and 4 active threads.
Waiting for actors to stop.
Sent output token with value 1.0
Next port to read input from is inputA
Called postfire()
Called prefire()
Called fire()
Checking for deadlock:
There are 2 Blocked actors, 0 Stopped actors, and 4 active threads.
Waiting for actors to stop.
Called postfire()
Called prefire()
Called fire()
Checking for deadlock:
There are 3 Blocked actors, 0 Stopped actors, and 4 active threads.
Waiting for actors to stop.
Read input token from inputA with value 2.0
Checking for deadlock:
There are 2 Blocked actors, 0 Stopped actors, and 4 active threads.
Waiting for actors to stop.
-- Read input: 1.5, which is expected to match: 1.5
Called prefire()
Called fire()
Checking for deadlock:
There are 3 Blocked actors, 0 Stopped actors, and 4 active threads.
Waiting for actors to stop.
Sent output token with value 1.5
Next port to read input from is inputB
Called postfire()
Called prefire()
Called fire()
Checking for deadlock:
There are 2 Blocked actors, 0 Stopped actors, and 4 active threads.
Waiting for actors to stop.
Called postfire()
Called prefire()
Called fire()
Checking for deadlock:
There are 3 Blocked actors, 0 Stopped actors, and 4 active threads.
Waiting for actors to stop.
Read input token from inputB with value 3.0
Checking for deadlock:
There are 2 Blocked actors, 0 Stopped actors, and 4 active threads.
Waiting for actors to stop.
-- Read input: 2.0, which is expected to match: 2.0
Called prefire()
Called fire()
Checking for deadlock:
There are 3 Blocked actors, 0 Stopped actors, and 4 active threads.
Waiting for actors to stop.
Sent output token with value 2.0
Next port to read input from is inputA
Called postfire()
Called prefire()
Called fire()
Called postfire()
Called prefire()
Called fire()
Checking for deadlock:
There are 3 Blocked actors, 0 Stopped actors, and 4 active threads.
Waiting for actors to stop.
Read input token from inputA with value 3.0
-- Read input: 3.0, which is expected to match: 3.0
Called prefire()
Called fire()
Checking for deadlock:
There are 3 Blocked actors, 0 Stopped actors, and 4 active threads.
Waiting for actors to stop.
Sent output token with value 3.0
Next port to read input from is inputB
Called postfire()
Called prefire()
Called fire()
Checking for deadlock:
There are 2 Blocked actors, 0 Stopped actors, and 4 active threads.
Waiting for actors to stop.
Called postfire()
Called prefire()
Called fire()
Checking for deadlock:
There are 3 Blocked actors, 0 Stopped actors, and 4 active threads.
Waiting for actors to stop.
Read input token from inputB with value 4.5
Checking for deadlock:
There are 2 Blocked actors, 0 Stopped actors, and 4 active threads.
Waiting for actors to stop.
-- Read input: 3.0, which is expected to match: 3.0
Called prefire()
Called fire()
Checking for deadlock:
There are 3 Blocked actors, 0 Stopped actors, and 4 active threads.
Waiting for actors to stop.
Sent output token with value 3.0
Next port to read input from is inputA
Called postfire()
Called prefire()
Called fire()
Called postfire()
Called prefire()
Called fire()
Checking for deadlock:
There are 3 Blocked actors, 0 Stopped actors, and 4 active threads.
Waiting for actors to stop.
Read input token from inputA with value 4.0
-- Read input: 4.0, which is expected to match: 4.0
Called prefire()
Called fire()
Past the end of training data. Read and discard all inputs.
Checking for deadlock:
There are 3 Blocked actors, 0 Stopped actors, and 4 active threads.
Waiting for actors to stop.
Sent output token with value 4.0
Next port to read input from is inputA
Called postfire()
Called prefire()
Called fire()
Called postfire()
Called prefire()
Called fire()
Checking for deadlock:
There are 3 Blocked actors, 0 Stopped actors, and 4 active threads.
Waiting for actors to stop.
Read input token from inputA with value 5.0
Called prefire()
Called fire()
Past the end of training data. Read and discard all inputs.
Checking for deadlock:
There are 3 Blocked actors, 0 Stopped actors, and 4 active threads.
Waiting for actors to stop.
Sent output token with value 4.5
Next port to read input from is inputB
Called postfire()
Called prefire()
Called fire()
Checking for deadlock:
There are 2 Blocked actors, 0 Stopped actors, and 4 active threads.
Waiting for actors to stop.
Called postfire()
Called prefire()
Called fire()
Checking for deadlock:
There are 3 Blocked actors, 0 Stopped actors, and 4 active threads.
Waiting for actors to stop.
Read input token from inputB with value 6.0
Checking for deadlock:
There are 2 Blocked actors, 0 Stopped actors, and 4 active threads.
Waiting for actors to stop.
Called prefire()
Called fire()
Past the end of training data. Read and discard all inputs.
Checking for deadlock:
There are 3 Blocked actors, 0 Stopped actors, and 4 active threads.
Waiting for actors to stop.
Sent output token with value 5.0
Next port to read input from is inputA
Called postfire()
Called prefire()
Called fire()
Called postfire()
Called prefire()
Called fire()
Checking for deadlock:
There are 3 Blocked actors, 0 Stopped actors, and 4 active threads.
Waiting for actors to stop.
Read input token from inputA with value 6.0
Called prefire()
Called fire()
Past the end of training data. Read and discard all inputs.
Checking for deadlock:
There are 3 Blocked actors, 0 Stopped actors, and 4 active threads.
Waiting for actors to stop.
Sent output token with value 6.0
Next port to read input from is inputB
Called postfire()
Called prefire()
Called fire()
Checking for deadlock:
There are 2 Blocked actors, 0 Stopped actors, and 4 active threads.
Waiting for actors to stop.
Called postfire()
Called prefire()
Called fire()
Checking for deadlock:
There are 3 Blocked actors, 0 Stopped actors, and 4 active threads.
Waiting for actors to stop.
Read input token from inputB with value 7.5
Checking for deadlock:
There are 2 Blocked actors, 0 Stopped actors, and 4 active threads.
Waiting for actors to stop.
Called prefire()
Called fire()
Past the end of training data. Read and discard all inputs.
Checking for deadlock:
There are 3 Blocked actors, 0 Stopped actors, and 4 active threads.
Waiting for actors to stop.
Sent output token with value 6.0
Next port to read input from is inputA
Called postfire()
Called prefire()
Called fire()
Called postfire()
Called prefire()
Called fire()
Checking for deadlock:
There are 3 Blocked actors, 0 Stopped actors, and 4 active threads.
Waiting for actors to stop.
Read input token from inputA with value 7.0
Called prefire()
Called fire()
Past the end of training data. Read and discard all inputs.
Checking for deadlock:
There are 3 Blocked actors, 0 Stopped actors, and 4 active threads.
Waiting for actors to stop.
Sent output token with value 7.0
Next port to read input from is inputA
Called postfire()
Called prefire()
Called fire()
-- Thread wrapup() called.
Called wrapup()
Thread .top.Ramp is exiting.
-- Thread stopped.
Checking for deadlock:
There are 2 Blocked actors, 0 Stopped actors, and 3 active threads.
Waiting for actors to stop.
Read input token from inputA with value 8.0
Checking for deadlock:
There are 1 Blocked actors, 0 Stopped actors, and 3 active threads.
Waiting for actors to stop.
Called prefire()
Called fire()
Past the end of training data. Read and discard all inputs.
Checking for deadlock:
There are 2 Blocked actors, 0 Stopped actors, and 3 active threads.
Waiting for actors to stop.
Sent output token with value 7.5
Next port to read input from is inputB
Called postfire()
Called prefire()
Called fire()
Checking for deadlock:
There are 1 Blocked actors, 0 Stopped actors, and 3 active threads.
Waiting for actors to stop.
Called postfire()
Called prefire()
Called fire()
Checking for deadlock:
There are 2 Blocked actors, 0 Stopped actors, and 3 active threads.
Waiting for actors to stop.
Read input token from inputB with value 9.0
Checking for deadlock:
There are 1 Blocked actors, 0 Stopped actors, and 3 active threads.
Waiting for actors to stop.
Called prefire()
Called fire()
Past the end of training data. Read and discard all inputs.
Checking for deadlock:
There are 2 Blocked actors, 0 Stopped actors, and 3 active threads.
Waiting for actors to stop.
Sent output token with value 8.0
Next port to read input from is inputA
Called postfire()
Called prefire()
Called fire()
Read input token from inputA with value 9.0
Called prefire()
Called fire()
Past the end of training data. Read and discard all inputs.
Checking for deadlock:
There are 2 Blocked actors, 0 Stopped actors, and 3 active threads.
Waiting for actors to stop.
Sent output token with value 9.0
Next port to read input from is inputB
Called postfire()
Called prefire()
Called fire()
Called postfire()
Called prefire()
Called fire()
Checking for deadlock:
There are 2 Blocked actors, 0 Stopped actors, and 3 active threads.
Waiting for actors to stop.
Read input token from inputB with value 10.5
Called prefire()
Called fire()
Past the end of training data. Read and discard all inputs.
Checking for deadlock:
There are 2 Blocked actors, 0 Stopped actors, and 3 active threads.
Waiting for actors to stop.
Sent output token with value 9.0
Next port to read input from is inputA
Called postfire()
Called prefire()
Called fire()
Checking for deadlock:
There are 3 Blocked actors, 0 Stopped actors, and 3 active threads.
Actors have stopped.
Checking for deadlock:
There are 3 Blocked actors, 0 Stopped actors, and 3 active threads.
Deadlock detected.
Resolving Deadlock
Checking for deadlock:
There are 3 Blocked actors, 0 Stopped actors, and 3 active threads.
Artificial Deadlock - increasing queue capacity.
increasing the capacity of receiver ptolemy.actor.TypedIOPort {.top.OrderedMerge.inputB} to 2
Director: Called postfire().
Called postfire().
_stopRequested = false
_stopFireRequested = false
Returning from postfire(): true
Called fire().
Checking for deadlock:
There are 2 Blocked actors, 0 Stopped actors, and 3 active threads.
Waiting for actors to stop.
-- Thread wrapup() called.
Called wrapup()
Thread .top.Ramp2 is exiting.
-- Thread stopped.
Checking for deadlock:
There are 2 Blocked actors, 0 Stopped actors, and 2 active threads.
Actors have stopped.
Checking for deadlock:
There are 2 Blocked actors, 0 Stopped actors, and 2 active threads.
Deadlock detected.
Resolving Deadlock
Checking for deadlock:
There are 2 Blocked actors, 0 Stopped actors, and 2 active threads.
Deadlock detected: no processes blocked on write, but some are blocked on read.
Called postfire().
_stopRequested = false
_stopFireRequested = false
Returning from postfire(): false
Finished deactivating branches.
Called wrapup().
-- Thread wrapup() called.
Called wrapup()
-- Thread wrapup() called.
Called wrapup()
Thread .top.OrderedMerge is exiting.
-- Thread stopped.
-- Blocked Receiver call threw TerminateProcessException.
Thread .top.Test is exiting.
-- Thread stopped.
-- Blocked Receiver call threw TerminateProcessException.
50 ms. Memory: 129024K Free: 100260K (78%)
/home/travis/build/icyphy/ptII/ptolemy/actor/lib/test/Publisher.tcl
14 ms. Memory: 129024K Free: 94116K (73%)
3 ms. Memory: 129024K Free: 88996K (69%)
3 ms. Memory: 129024K Free: 84900K (66%)
3 ms. Memory: 129024K Free: 84386K (65%)
2 ms. Memory: 129024K Free: 83332K (65%)
3 ms. Memory: 129024K Free: 82324K (64%)
1 ms. Memory: 129024K Free: 81828K (63%)
3 ms. Memory: 129024K Free: 80804K (63%)
21 ms. Memory: 157696K Free: 140960K (89%)
3 ms. Memory: 157696K Free: 136847K (87%)
18 ms. Memory: 157696K Free: 136352K (86%)
4 ms. Memory: 157696K Free: 134304K (85%)
6 ms. Memory: 157696K Free: 126622K (80%)
6 ms. Memory: 157696K Free: 116896K (74%)
13 ms. Memory: 157696K Free: 106127K (67%)
/home/travis/build/icyphy/ptII/ptolemy/actor/lib/test/Pulse.tcl
2 ms. Memory: 157696K Free: 68239K (43%)
1 ms. Memory: 157696K Free: 67744K (43%)
1 ms. Memory: 157696K Free: 67230K (43%)
1 ms. Memory: 157696K Free: 66720K (42%)
1 ms. Memory: 157696K Free: 66206K (42%)
5 ms. Memory: 157696K Free: 65182K (41%)
2 ms. Memory: 157696K Free: 64151K (41%)
1 ms. Memory: 157696K Free: 63648K (40%)
1 ms. Memory: 157696K Free: 139186K (88%)
/home/travis/build/icyphy/ptII/ptolemy/actor/lib/test/Ramp.tcl
2 ms. Memory: 157696K Free: 137138K (87%)
1 ms. Memory: 157696K Free: 136624K (87%)
6 ms. Memory: 157696K Free: 135570K (86%)
2 ms. Memory: 157696K Free: 135090K (86%)
5 ms. Memory: 157696K Free: 134066K (85%)
11 ms. Memory: 157696K Free: 133538K (85%)
6 ms. Memory: 157696K Free: 132528K (84%)
5 actors
6000 microseconds per iteration to create
10 ms. Memory: 157696K Free: 129970K (82%)
1 ms. Memory: 157696K Free: 128946K (82%)
2 ms. Memory: 157696K Free: 128432K (81%)
2 ms. Memory: 157696K Free: 127922K (81%)
50 actors
26000 microseconds per iteration to create
23 ms. Memory: 157696K Free: 112562K (71%)
5 ms. Memory: 157696K Free: 111538K (71%)
4 ms. Memory: 157696K Free: 110514K (70%)
4 ms. Memory: 157696K Free: 109490K (69%)
500 actors
1467000 microseconds per iteration to create
226 ms. Memory: 157696K Free: 112203K (71%)
33 ms. Memory: 157696K Free: 107083K (68%)
43 ms. Memory: 157696K Free: 101963K (65%)
27 ms. Memory: 157696K Free: 96843K (61%)
/home/travis/build/icyphy/ptII/ptolemy/actor/lib/test/RampContinuous.tcl
6 ms. Memory: 157696K Free: 95819K (61%)
/home/travis/build/icyphy/ptII/ptolemy/actor/lib/test/RecordAssembler.tcl
4 ms. Memory: 157696K Free: 94251K (60%)
2 ms. Memory: 157696K Free: 93243K (59%)
/home/travis/build/icyphy/ptII/ptolemy/actor/lib/test/RecordDisassembler.tcl
5 ms. Memory: 157696K Free: 91195K (58%)
2 ms. Memory: 157696K Free: 90699K (58%)
3 ms. Memory: 157696K Free: 89161K (57%)
/home/travis/build/icyphy/ptII/ptolemy/actor/lib/test/Scale.tcl
3 ms. Memory: 157696K Free: 87627K (56%)
1 ms. Memory: 157696K Free: 87107K (55%)
2 ms. Memory: 157696K Free: 86075K (55%)
2 ms. Memory: 157696K Free: 85059K (54%)
3 ms. Memory: 157696K Free: 84555K (54%)
/home/travis/build/icyphy/ptII/ptolemy/actor/lib/test/SequentialClock.tcl
preinitializing
resolving types
initializing
executing number 1
wrapping up
idle
2 ms. Memory: 157696K Free: 83011K (53%)
Completed execution with 5 iterations
preinitializing
resolving types
initializing
executing number 1
wrapping up
idle
1 ms. Memory: 157696K Free: 82507K (52%)
Completed execution with 5 iterations
preinitializing
resolving types
initializing
executing number 1
wrapping up
idle
2 ms. Memory: 157696K Free: 81993K (52%)
Completed execution with 5 iterations
/home/travis/build/icyphy/ptII/ptolemy/actor/lib/test/SetVariable.tcl
4 ms. Memory: 157696K Free: 80459K (51%)
/home/travis/build/icyphy/ptII/ptolemy/actor/lib/test/Sinewave.tcl
/home/travis/build/icyphy/ptII/ptolemy/actor/lib/test/SubscriptionAggregator.tcl
4 ms. Memory: 157696K Free: 68681K (44%)
2 ms. Memory: 157696K Free: 68171K (43%)
1 ms. Memory: 157696K Free: 67643K (43%)
1 ms. Memory: 157696K Free: 67147K (43%)
2 ms. Memory: 157696K Free: 63547K (40%)
6 ms. Memory: 157696K Free: 61513K (39%)
...............................................................843 ms. Memory: 266240K Free: 133360K (50%)
/home/travis/build/icyphy/ptII/ptolemy/actor/lib/test/Test.tcl
 The next command will produce a warning about training mode,
   which may be ignored.
5 ms. Memory: 266240K Free: 131312K (49%)
3 ms. Memory: 266240K Free: 130783K (49%)
1 ms. Memory: 266240K Free: 130288K (49%)
1 ms. Memory: 266240K Free: 129264K (49%)
1 ms. Memory: 266240K Free: 128735K (48%)
10 ms. Memory: 266240K Free: 127711K (48%)
3 ms. Memory: 266240K Free: 126192K (47%)
 The next command will produce a warning about training mode,
   which may be ignored.
9 ms. Memory: 266240K Free: 124144K (47%)
 The next command will produce a warning about training mode,
   which may be ignored.
2 ms. Memory: 266240K Free: 122606K (46%)
1 ms. Memory: 266240K Free: 122606K (46%)
1 ms. Memory: 266240K Free: 122096K (46%)
3 ms. Memory: 266240K Free: 121567K (46%)
6 ms. Memory: 266240K Free: 120551K (45%)
5 ms. Memory: 266240K Free: 116462K (44%)
/home/travis/build/icyphy/ptII/ptolemy/actor/lib/test/TestExceptionHandler.tcl
 The next command will produce a warning about training mode,
   which may be ignored.
2 ms. Memory: 266240K Free: 115438K (43%)
1 ms. Memory: 266240K Free: 114928K (43%)
1 ms. Memory: 266240K Free: 114407K (43%)
/home/travis/build/icyphy/ptII/ptolemy/actor/lib/test/UnionDisassembler.tcl
25 ms. Memory: 266240K Free: 106736K (40%)
/home/travis/build/icyphy/ptII/ptolemy/actor/lib/test/VariableClock.tcl
preinitializing
resolving types
initializing
executing number 1
wrapping up
idle
7 ms. Memory: 266240K Free: 105191K (40%)
Completed execution with 11 iterations
preinitializing
resolving types
initializing
executing number 1
wrapping up
idle
3 ms. Memory: 266240K Free: 103664K (39%)
Completed execution with 10 iterations
08/23/21 09:33:21
Failed: 0  Total Tests: 233  ((Passed: 233, Newly Passed: 0)  Known Failed: 0) /home/travis/build/icyphy/ptII/ptolemy/actor/lib/test
----------------- testing (KnownFailure) /home/travis/build/icyphy/ptII/ptolemy/actor/lib/test/auto/knownFailedTests/PublisherPortToplevelSubscriber.xml
0 ms. Memory: 266240K Free: 100078K (38%)
Known Failure: java.lang.reflect.InvocationTargetException
----------------- testing (KnownFailure) /home/travis/build/icyphy/ptII/ptolemy/actor/lib/test/auto/knownFailedTests/PublisherSubscriberPortToplevel.xml
0 ms. Memory: 266240K Free: 95982K (36%)
Known Failure: java.lang.reflect.InvocationTargetException
----------------- testing (KnownFailure) /home/travis/build/icyphy/ptII/ptolemy/actor/lib/test/auto/knownFailedTests/PublisherSubscriptionAggregatorPort.xml
1 ms. Memory: 266240K Free: 217532K (82%)
Known Failure: java.lang.reflect.InvocationTargetException
----------------- testing (KnownFailure) /home/travis/build/icyphy/ptII/ptolemy/actor/lib/test/auto/knownFailedTests/sizedarray3.xml
3 ms. Memory: 266240K Free: 213232K (80%)
Known Failure: java.lang.reflect.InvocationTargetException
No auto/linux-amd64/*.xml tests in /home/travis/build/icyphy/ptII/ptolemy/actor/lib/test
AutoTests.java: About to close Vertx.
AutoTests.java: Vertx closed.

===========================================================================================
----------------- testing Mon Aug 23 21:33:21 UTC 2021 /home/travis/build/icyphy/ptII/ptolemy/actor/lib/test/auto/AbsoluteValue.xml
----------------- Instantiating /home/travis/build/icyphy/ptII/ptolemy/actor/lib/test/auto/AbsoluteValue.xml
3 ms. Memory: 266240K Free: 190704K (72%)
----------------- Invoking toplevel() on ptolemy.moml.MoMLSimpleApplication@77878f3a
----------------- Done invoking toplevel() on ptolemy.moml.MoMLSimpleApplication@77878f3a
reloadAllAccessors: .AbsoluteValue

===========================================================================================
----------------- testing Mon Aug 23 21:33:21 UTC 2021 /home/travis/build/icyphy/ptII/ptolemy/actor/lib/test/auto/AbsoluteValue2.xml
----------------- Instantiating /home/travis/build/icyphy/ptII/ptolemy/actor/lib/test/auto/AbsoluteValue2.xml
9 ms. Memory: 266240K Free: 184046K (69%)
----------------- Invoking toplevel() on ptolemy.moml.MoMLSimpleApplication@1745baea
----------------- Done invoking toplevel() on ptolemy.moml.MoMLSimpleApplication@1745baea
reloadAllAccessors: .AbsoluteValue2

===========================================================================================
----------------- testing Mon Aug 23 21:33:21 UTC 2021 /home/travis/build/icyphy/ptII/ptolemy/actor/lib/test/auto/Accumulator.xml
----------------- Instantiating /home/travis/build/icyphy/ptII/ptolemy/actor/lib/test/auto/Accumulator.xml
4 ms. Memory: 266240K Free: 177392K (67%)
----------------- Invoking toplevel() on ptolemy.moml.MoMLSimpleApplication@6df7dcb6
----------------- Done invoking toplevel() on ptolemy.moml.MoMLSimpleApplication@6df7dcb6
reloadAllAccessors: .Accumulator

===========================================================================================
----------------- testing Mon Aug 23 21:33:22 UTC 2021 /home/travis/build/icyphy/ptII/ptolemy/actor/lib/test/auto/Accumulator2.xml
----------------- Instantiating /home/travis/build/icyphy/ptII/ptolemy/actor/lib/test/auto/Accumulator2.xml
2 ms. Memory: 266240K Free: 172272K (65%)
----------------- Invoking toplevel() on ptolemy.moml.MoMLSimpleApplication@567339ae
----------------- Done invoking toplevel() on ptolemy.moml.MoMLSimpleApplication@567339ae
reloadAllAccessors: .Accumulator2

===========================================================================================
----------------- testing Mon Aug 23 21:33:22 UTC 2021 /home/travis/build/icyphy/ptII/ptolemy/actor/lib/test/auto/Accumulator3.xml
----------------- Instantiating /home/travis/build/icyphy/ptII/ptolemy/actor/lib/test/auto/Accumulator3.xml
2 ms. Memory: 266240K Free: 167662K (63%)
----------------- Invoking toplevel() on ptolemy.moml.MoMLSimpleApplication@32eba648
----------------- Done invoking toplevel() on ptolemy.moml.MoMLSimpleApplication@32eba648
reloadAllAccessors: .Accumulator3

===========================================================================================
----------------- testing Mon Aug 23 21:33:22 UTC 2021 /home/travis/build/icyphy/ptII/ptolemy/actor/lib/test/auto/ArrayAppend.xml
----------------- Instantiating /home/travis/build/icyphy/ptII/ptolemy/actor/lib/test/auto/ArrayAppend.xml
4 ms. Memory: 266240K Free: 162032K (61%)
----------------- Invoking toplevel() on ptolemy.moml.MoMLSimpleApplication@7048526c
----------------- Done invoking toplevel() on ptolemy.moml.MoMLSimpleApplication@7048526c
reloadAllAccessors: .ArrayAppend

===========================================================================================
----------------- testing Mon Aug 23 21:33:22 UTC 2021 /home/travis/build/icyphy/ptII/ptolemy/actor/lib/test/auto/ArrayAppend2.xml
----------------- Instantiating /home/travis/build/icyphy/ptII/ptolemy/actor/lib/test/auto/ArrayAppend2.xml
300 ms. Memory: 266240K Free: 87790K (33%)
----------------- Invoking toplevel() on ptolemy.moml.MoMLSimpleApplication@119e4cb8
----------------- Done invoking toplevel() on ptolemy.moml.MoMLSimpleApplication@119e4cb8
reloadAllAccessors: .ArrayAppend2

===========================================================================================
----------------- testing Mon Aug 23 21:33:22 UTC 2021 /home/travis/build/icyphy/ptII/ptolemy/actor/lib/test/auto/ArrayAppend3.xml
----------------- Instantiating /home/travis/build/icyphy/ptII/ptolemy/actor/lib/test/auto/ArrayAppend3.xml
4 ms. Memory: 266240K Free: 82670K (31%)
----------------- Invoking toplevel() on ptolemy.moml.MoMLSimpleApplication@36ae3275
----------------- Done invoking toplevel() on ptolemy.moml.MoMLSimpleApplication@36ae3275
reloadAllAccessors: .ArrayAppend3

===========================================================================================
----------------- testing Mon Aug 23 21:33:22 UTC 2021 /home/travis/build/icyphy/ptII/ptolemy/actor/lib/test/auto/ArrayAppend4.xml
----------------- Instantiating /home/travis/build/icyphy/ptII/ptolemy/actor/lib/test/auto/ArrayAppend4.xml
63 ms. Memory: 266240K Free: 217554K (82%)
----------------- Invoking toplevel() on ptolemy.moml.MoMLSimpleApplication@698e4892
----------------- Done invoking toplevel() on ptolemy.moml.MoMLSimpleApplication@698e4892
reloadAllAccessors: .ArrayAppend4

===========================================================================================
----------------- testing Mon Aug 23 21:33:22 UTC 2021 /home/travis/build/icyphy/ptII/ptolemy/actor/lib/test/auto/ArrayAppend5.xml
----------------- Instantiating /home/travis/build/icyphy/ptII/ptolemy/actor/lib/test/auto/ArrayAppend5.xml
1 ms. Memory: 266240K Free: 211684K (80%)
----------------- Invoking toplevel() on ptolemy.moml.MoMLSimpleApplication@151fff08
----------------- Done invoking toplevel() on ptolemy.moml.MoMLSimpleApplication@151fff08
reloadAllAccessors: .ArrayAppend5

===========================================================================================
----------------- testing Mon Aug 23 21:33:22 UTC 2021 /home/travis/build/icyphy/ptII/ptolemy/actor/lib/test/auto/ArrayAppend6.xml
----------------- Instantiating /home/travis/build/icyphy/ptII/ptolemy/actor/lib/test/auto/ArrayAppend6.xml
1 ms. Memory: 266240K Free: 207074K (78%)
----------------- Invoking toplevel() on ptolemy.moml.MoMLSimpleApplication@14260185
----------------- Done invoking toplevel() on ptolemy.moml.MoMLSimpleApplication@14260185
reloadAllAccessors: .ArrayAppend6

===========================================================================================
----------------- testing Mon Aug 23 21:33:22 UTC 2021 /home/travis/build/icyphy/ptII/ptolemy/actor/lib/test/auto/ArrayAppendPerformanceTest.xml
----------------- Instantiating /home/travis/build/icyphy/ptII/ptolemy/actor/lib/test/auto/ArrayAppendPerformanceTest.xml
39 ms. Memory: 266240K Free: 195804K (74%)
----------------- Invoking toplevel() on ptolemy.moml.MoMLSimpleApplication@608b15c2
----------------- Done invoking toplevel() on ptolemy.moml.MoMLSimpleApplication@608b15c2
reloadAllAccessors: .ArrayAppendPerformanceTest

===========================================================================================
----------------- testing Mon Aug 23 21:33:22 UTC 2021 /home/travis/build/icyphy/ptII/ptolemy/actor/lib/test/auto/ArrayAppendWithEmptyInput.xml
----------------- Instantiating /home/travis/build/icyphy/ptII/ptolemy/actor/lib/test/auto/ArrayAppendWithEmptyInput.xml
18 ms. Memory: 266240K Free: 188132K (71%)
----------------- Invoking toplevel() on ptolemy.moml.MoMLSimpleApplication@77233ec0
----------------- Done invoking toplevel() on ptolemy.moml.MoMLSimpleApplication@77233ec0
reloadAllAccessors: .ArrayAppendWithEmptyInput

===========================================================================================
----------------- testing Mon Aug 23 21:33:22 UTC 2021 /home/travis/build/icyphy/ptII/ptolemy/actor/lib/test/auto/ArrayAverage.xml
----------------- Instantiating /home/travis/build/icyphy/ptII/ptolemy/actor/lib/test/auto/ArrayAverage.xml
4 ms. Memory: 266240K Free: 179940K (68%)
----------------- Invoking toplevel() on ptolemy.moml.MoMLSimpleApplication@6d94b712
----------------- Done invoking toplevel() on ptolemy.moml.MoMLSimpleApplication@6d94b712
reloadAllAccessors: .ArrayAverage

===========================================================================================
----------------- testing Mon Aug 23 21:33:22 UTC 2021 /home/travis/build/icyphy/ptII/ptolemy/actor/lib/test/auto/ArrayContains.xml
----------------- Instantiating /home/travis/build/icyphy/ptII/ptolemy/actor/lib/test/auto/ArrayContains.xml
3 ms. Memory: 266240K Free: 174306K (65%)
----------------- Invoking toplevel() on ptolemy.moml.MoMLSimpleApplication@4f187412
----------------- Done invoking toplevel() on ptolemy.moml.MoMLSimpleApplication@4f187412
reloadAllAccessors: .ArrayContains

===========================================================================================
----------------- testing Mon Aug 23 21:33:22 UTC 2021 /home/travis/build/icyphy/ptII/ptolemy/actor/lib/test/auto/ArrayElement.xml
----------------- Instantiating /home/travis/build/icyphy/ptII/ptolemy/actor/lib/test/auto/ArrayElement.xml
8 ms. Memory: 266240K Free: 168148K (63%)
----------------- Invoking toplevel() on ptolemy.moml.MoMLSimpleApplication@6a84268c
----------------- Done invoking toplevel() on ptolemy.moml.MoMLSimpleApplication@6a84268c
reloadAllAccessors: .ArrayElement

===========================================================================================
----------------- testing Mon Aug 23 21:33:22 UTC 2021 /home/travis/build/icyphy/ptII/ptolemy/actor/lib/test/auto/ArrayElementAsMatrix.xml
----------------- Instantiating /home/travis/build/icyphy/ptII/ptolemy/actor/lib/test/auto/ArrayElementAsMatrix.xml
14 ms. Memory: 266240K Free: 158436K (60%)
----------------- Invoking toplevel() on ptolemy.moml.MoMLSimpleApplication@7392a95c
----------------- Done invoking toplevel() on ptolemy.moml.MoMLSimpleApplication@7392a95c
reloadAllAccessors: .ArrayElementAsMatrix

===========================================================================================
----------------- testing Mon Aug 23 21:33:22 UTC 2021 /home/travis/build/icyphy/ptII/ptolemy/actor/lib/test/auto/ArrayElementI.xml
----------------- Instantiating /home/travis/build/icyphy/ptII/ptolemy/actor/lib/test/auto/ArrayElementI.xml
4 ms. Memory: 266240K Free: 152796K (57%)
----------------- Invoking toplevel() on ptolemy.moml.MoMLSimpleApplication@56de423f
----------------- Done invoking toplevel() on ptolemy.moml.MoMLSimpleApplication@56de423f
reloadAllAccessors: .ArrayElementI

===========================================================================================
----------------- testing Mon Aug 23 21:33:22 UTC 2021 /home/travis/build/icyphy/ptII/ptolemy/actor/lib/test/auto/ArrayExtract.xml
----------------- Instantiating /home/travis/build/icyphy/ptII/ptolemy/actor/lib/test/auto/ArrayExtract.xml
4 ms. Memory: 266240K Free: 144610K (54%)
----------------- Invoking toplevel() on ptolemy.moml.MoMLSimpleApplication@6c1ee5ee
----------------- Done invoking toplevel() on ptolemy.moml.MoMLSimpleApplication@6c1ee5ee
reloadAllAccessors: .ArrayExtract

===========================================================================================
----------------- testing Mon Aug 23 21:33:22 UTC 2021 /home/travis/build/icyphy/ptII/ptolemy/actor/lib/test/auto/ArrayExtract2.xml
----------------- Instantiating /home/travis/build/icyphy/ptII/ptolemy/actor/lib/test/auto/ArrayExtract2.xml
6 ms. Memory: 266240K Free: 138980K (52%)
----------------- Invoking toplevel() on ptolemy.moml.MoMLSimpleApplication@6c4e21cb
----------------- Done invoking toplevel() on ptolemy.moml.MoMLSimpleApplication@6c4e21cb
reloadAllAccessors: .ArrayExtract2

===========================================================================================
----------------- testing Mon Aug 23 21:33:23 UTC 2021 /home/travis/build/icyphy/ptII/ptolemy/actor/lib/test/auto/ArrayLength.xml
----------------- Instantiating /home/travis/build/icyphy/ptII/ptolemy/actor/lib/test/auto/ArrayLength.xml
5 ms. Memory: 266240K Free: 135394K (51%)
----------------- Invoking toplevel() on ptolemy.moml.MoMLSimpleApplication@45b636fb
----------------- Done invoking toplevel() on ptolemy.moml.MoMLSimpleApplication@45b636fb
reloadAllAccessors: .ArrayLength

===========================================================================================
----------------- testing Mon Aug 23 21:33:23 UTC 2021 /home/travis/build/icyphy/ptII/ptolemy/actor/lib/test/auto/ArrayLevelCrossing.xml
----------------- Instantiating /home/travis/build/icyphy/ptII/ptolemy/actor/lib/test/auto/ArrayLevelCrossing.xml
2 ms. Memory: 266240K Free: 127202K (48%)
----------------- Invoking toplevel() on ptolemy.moml.MoMLSimpleApplication@5b7dd60f
----------------- Done invoking toplevel() on ptolemy.moml.MoMLSimpleApplication@5b7dd60f
reloadAllAccessors: .ArrayLevelCrossing

===========================================================================================
----------------- testing Mon Aug 23 21:33:23 UTC 2021 /home/travis/build/icyphy/ptII/ptolemy/actor/lib/test/auto/ArrayLevelCrossing2.xml
----------------- Instantiating /home/travis/build/icyphy/ptII/ptolemy/actor/lib/test/auto/ArrayLevelCrossing2.xml
3 ms. Memory: 266240K Free: 120020K (45%)
----------------- Invoking toplevel() on ptolemy.moml.MoMLSimpleApplication@4f593e50
----------------- Done invoking toplevel() on ptolemy.moml.MoMLSimpleApplication@4f593e50
reloadAllAccessors: .ArrayLevelCrossing2

===========================================================================================
----------------- testing Mon Aug 23 21:33:23 UTC 2021 /home/travis/build/icyphy/ptII/ptolemy/actor/lib/test/auto/ArrayPeakSearch.xml
----------------- Instantiating /home/travis/build/icyphy/ptII/ptolemy/actor/lib/test/auto/ArrayPeakSearch.xml
4 ms. Memory: 266240K Free: 111332K (42%)
----------------- Invoking toplevel() on ptolemy.moml.MoMLSimpleApplication@6207339
----------------- Done invoking toplevel() on ptolemy.moml.MoMLSimpleApplication@6207339
reloadAllAccessors: .ArrayPeakSearch

===========================================================================================
----------------- testing Mon Aug 23 21:33:23 UTC 2021 /home/travis/build/icyphy/ptII/ptolemy/actor/lib/test/auto/ArrayPeakSearch2.xml
----------------- Instantiating /home/travis/build/icyphy/ptII/ptolemy/actor/lib/test/auto/ArrayPeakSearch2.xml
5 ms. Memory: 266240K Free: 100548K (38%)
----------------- Invoking toplevel() on ptolemy.moml.MoMLSimpleApplication@367606eb
----------------- Done invoking toplevel() on ptolemy.moml.MoMLSimpleApplication@367606eb
reloadAllAccessors: .ArrayPeakSearch2

===========================================================================================
----------------- testing Mon Aug 23 21:33:23 UTC 2021 /home/travis/build/icyphy/ptII/ptolemy/actor/lib/test/auto/ArrayPeakSearch3.xml
----------------- Instantiating /home/travis/build/icyphy/ptII/ptolemy/actor/lib/test/auto/ArrayPeakSearch3.xml
3 ms. Memory: 266240K Free: 91876K (35%)
----------------- Invoking toplevel() on ptolemy.moml.MoMLSimpleApplication@fe56c85
----------------- Done invoking toplevel() on ptolemy.moml.MoMLSimpleApplication@fe56c85
reloadAllAccessors: .ArrayPeakSearch3

===========================================================================================
----------------- testing Mon Aug 23 21:33:23 UTC 2021 /home/travis/build/icyphy/ptII/ptolemy/actor/lib/test/auto/ArrayRemoveElement.xml
----------------- Instantiating /home/travis/build/icyphy/ptII/ptolemy/actor/lib/test/auto/ArrayRemoveElement.xml
2 ms. Memory: 266240K Free: 83684K (31%)
----------------- Invoking toplevel() on ptolemy.moml.MoMLSimpleApplication@14293b3
----------------- Done invoking toplevel() on ptolemy.moml.MoMLSimpleApplication@14293b3
reloadAllAccessors: .ArrayRemoveElement

===========================================================================================
----------------- testing Mon Aug 23 21:33:23 UTC 2021 /home/travis/build/icyphy/ptII/ptolemy/actor/lib/test/auto/ArraySort.xml
----------------- Instantiating /home/travis/build/icyphy/ptII/ptolemy/actor/lib/test/auto/ArraySort.xml
8 ms. Memory: 266240K Free: 74978K (28%)
----------------- Invoking toplevel() on ptolemy.moml.MoMLSimpleApplication@43b38eaf
----------------- Done invoking toplevel() on ptolemy.moml.MoMLSimpleApplication@43b38eaf
reloadAllAccessors: .ArraySort

===========================================================================================
----------------- testing Mon Aug 23 21:33:23 UTC 2021 /home/travis/build/icyphy/ptII/ptolemy/actor/lib/test/auto/ArraySum.xml
----------------- Instantiating /home/travis/build/icyphy/ptII/ptolemy/actor/lib/test/auto/ArraySum.xml
10 ms. Memory: 266240K Free: 216886K (81%)
----------------- Invoking toplevel() on ptolemy.moml.MoMLSimpleApplication@3a0f250e
----------------- Done invoking toplevel() on ptolemy.moml.MoMLSimpleApplication@3a0f250e
reloadAllAccessors: .ArraySum

===========================================================================================
----------------- testing Mon Aug 23 21:33:23 UTC 2021 /home/travis/build/icyphy/ptII/ptolemy/actor/lib/test/auto/ArrayToElements.xml
----------------- Instantiating /home/travis/build/icyphy/ptII/ptolemy/actor/lib/test/auto/ArrayToElements.xml
6 ms. Memory: 266240K Free: 210742K (79%)
----------------- Invoking toplevel() on ptolemy.moml.MoMLSimpleApplication@6531e60e
----------------- Done invoking toplevel() on ptolemy.moml.MoMLSimpleApplication@6531e60e
reloadAllAccessors: .ArrayToElements

===========================================================================================
----------------- testing Mon Aug 23 21:33:23 UTC 2021 /home/travis/build/icyphy/ptII/ptolemy/actor/lib/test/auto/ArrayToMatrix.xml
----------------- Instantiating /home/travis/build/icyphy/ptII/ptolemy/actor/lib/test/auto/ArrayToMatrix.xml
11 ms. Memory: 266240K Free: 196916K (74%)
----------------- Invoking toplevel() on ptolemy.moml.MoMLSimpleApplication@3fe56337
----------------- Done invoking toplevel() on ptolemy.moml.MoMLSimpleApplication@3fe56337
reloadAllAccessors: .ArrayToMatrix

===========================================================================================
----------------- testing Mon Aug 23 21:33:23 UTC 2021 /home/travis/build/icyphy/ptII/ptolemy/actor/lib/test/auto/ArrayUpdate1.xml
----------------- Instantiating /home/travis/build/icyphy/ptII/ptolemy/actor/lib/test/auto/ArrayUpdate1.xml
4 ms. Memory: 266240K Free: 191796K (72%)
----------------- Invoking toplevel() on ptolemy.moml.MoMLSimpleApplication@4d2fa6e5
----------------- Done invoking toplevel() on ptolemy.moml.MoMLSimpleApplication@4d2fa6e5
reloadAllAccessors: .ArrayUpdate1

===========================================================================================
----------------- testing Mon Aug 23 21:33:23 UTC 2021 /home/travis/build/icyphy/ptII/ptolemy/actor/lib/test/auto/ArrayUpdate2.xml
----------------- Instantiating /home/travis/build/icyphy/ptII/ptolemy/actor/lib/test/auto/ArrayUpdate2.xml
7 ms. Memory: 266240K Free: 185652K (70%)
----------------- Invoking toplevel() on ptolemy.moml.MoMLSimpleApplication@5109f67a
----------------- Done invoking toplevel() on ptolemy.moml.MoMLSimpleApplication@5109f67a
reloadAllAccessors: .ArrayUpdate2

===========================================================================================
----------------- testing Mon Aug 23 21:33:23 UTC 2021 /home/travis/build/icyphy/ptII/ptolemy/actor/lib/test/auto/ArrayUpdate3.xml
----------------- Instantiating /home/travis/build/icyphy/ptII/ptolemy/actor/lib/test/auto/ArrayUpdate3.xml
4 ms. Memory: 266240K Free: 180532K (68%)
----------------- Invoking toplevel() on ptolemy.moml.MoMLSimpleApplication@46efd47f
----------------- Done invoking toplevel() on ptolemy.moml.MoMLSimpleApplication@46efd47f
reloadAllAccessors: .ArrayUpdate3

===========================================================================================
----------------- testing Mon Aug 23 21:33:23 UTC 2021 /home/travis/build/icyphy/ptII/ptolemy/actor/lib/test/auto/Assert1.xml
----------------- Instantiating /home/travis/build/icyphy/ptII/ptolemy/actor/lib/test/auto/Assert1.xml
4 ms. Memory: 266240K Free: 176436K (66%)
----------------- Invoking toplevel() on ptolemy.moml.MoMLSimpleApplication@499ca173
----------------- Done invoking toplevel() on ptolemy.moml.MoMLSimpleApplication@499ca173
reloadAllAccessors: .Assert1

===========================================================================================
----------------- testing Mon Aug 23 21:33:23 UTC 2021 /home/travis/build/icyphy/ptII/ptolemy/actor/lib/test/auto/Assert2.xml
----------------- Instantiating /home/travis/build/icyphy/ptII/ptolemy/actor/lib/test/auto/Assert2.xml
2 ms. Memory: 266240K Free: 171828K (65%)
----------------- Invoking toplevel() on ptolemy.moml.MoMLSimpleApplication@6f01330d
----------------- Done invoking toplevel() on ptolemy.moml.MoMLSimpleApplication@6f01330d
reloadAllAccessors: .Assert2

===========================================================================================
----------------- testing Mon Aug 23 21:33:23 UTC 2021 /home/travis/build/icyphy/ptII/ptolemy/actor/lib/test/auto/BooleanMultiplexor.xml
----------------- Instantiating /home/travis/build/icyphy/ptII/ptolemy/actor/lib/test/auto/BooleanMultiplexor.xml
2 ms. Memory: 266240K Free: 166166K (62%)
----------------- Invoking toplevel() on ptolemy.moml.MoMLSimpleApplication@55865542
----------------- Done invoking toplevel() on ptolemy.moml.MoMLSimpleApplication@55865542
reloadAllAccessors: .BooleanMultiplexor

===========================================================================================
----------------- testing Mon Aug 23 21:33:23 UTC 2021 /home/travis/build/icyphy/ptII/ptolemy/actor/lib/test/auto/BooleanMultiplexor2.xml
----------------- Instantiating /home/travis/build/icyphy/ptII/ptolemy/actor/lib/test/auto/BooleanMultiplexor2.xml
12 ms. Memory: 266240K Free: 159542K (60%)
----------------- Invoking toplevel() on ptolemy.moml.MoMLSimpleApplication@9aa2b66
----------------- Done invoking toplevel() on ptolemy.moml.MoMLSimpleApplication@9aa2b66
reloadAllAccessors: .BooleanMultiplexor2

===========================================================================================
----------------- testing Mon Aug 23 21:33:23 UTC 2021 /home/travis/build/icyphy/ptII/ptolemy/actor/lib/test/auto/BooleanMultiplexor3.xml
----------------- Instantiating /home/travis/build/icyphy/ptII/ptolemy/actor/lib/test/auto/BooleanMultiplexor3.xml
4 ms. Memory: 266240K Free: 155956K (59%)
----------------- Invoking toplevel() on ptolemy.moml.MoMLSimpleApplication@726cd245
----------------- Done invoking toplevel() on ptolemy.moml.MoMLSimpleApplication@726cd245
reloadAllAccessors: .BooleanMultiplexor3

===========================================================================================
----------------- testing Mon Aug 23 21:33:23 UTC 2021 /home/travis/build/icyphy/ptII/ptolemy/actor/lib/test/auto/BooleanSelect.xml
----------------- Instantiating /home/travis/build/icyphy/ptII/ptolemy/actor/lib/test/auto/BooleanSelect.xml
8 ms. Memory: 266240K Free: 149798K (56%)
----------------- Invoking toplevel() on ptolemy.moml.MoMLSimpleApplication@1547b36e
----------------- Done invoking toplevel() on ptolemy.moml.MoMLSimpleApplication@1547b36e
reloadAllAccessors: .BooleanSelect

===========================================================================================
----------------- testing Mon Aug 23 21:33:23 UTC 2021 /home/travis/build/icyphy/ptII/ptolemy/actor/lib/test/auto/BooleanSelect2.xml
----------------- Instantiating /home/travis/build/icyphy/ptII/ptolemy/actor/lib/test/auto/BooleanSelect2.xml
1 ms. Memory: 266240K Free: 145716K (55%)
----------------- Invoking toplevel() on ptolemy.moml.MoMLSimpleApplication@42258f02
----------------- Done invoking toplevel() on ptolemy.moml.MoMLSimpleApplication@42258f02
reloadAllAccessors: .BooleanSelect2

===========================================================================================
----------------- testing Mon Aug 23 21:33:23 UTC 2021 /home/travis/build/icyphy/ptII/ptolemy/actor/lib/test/auto/BooleanSwitch.xml
----------------- Instantiating /home/travis/build/icyphy/ptII/ptolemy/actor/lib/test/auto/BooleanSwitch.xml
4 ms. Memory: 266240K Free: 139572K (52%)
----------------- Invoking toplevel() on ptolemy.moml.MoMLSimpleApplication@7abad1f
----------------- Done invoking toplevel() on ptolemy.moml.MoMLSimpleApplication@7abad1f
reloadAllAccessors: .BooleanSwitch

===========================================================================================
----------------- testing Mon Aug 23 21:33:23 UTC 2021 /home/travis/build/icyphy/ptII/ptolemy/actor/lib/test/auto/BooleanSwitch2.xml
----------------- Instantiating /home/travis/build/icyphy/ptII/ptolemy/actor/lib/test/auto/BooleanSwitch2.xml
1 ms. Memory: 266240K Free: 135476K (51%)
----------------- Invoking toplevel() on ptolemy.moml.MoMLSimpleApplication@786cdf4c
----------------- Done invoking toplevel() on ptolemy.moml.MoMLSimpleApplication@786cdf4c
reloadAllAccessors: .BooleanSwitch2

===========================================================================================
----------------- testing Mon Aug 23 21:33:23 UTC 2021 /home/travis/build/icyphy/ptII/ptolemy/actor/lib/test/auto/BooleanSwitchCloningBugWithClassRelationGroup.xml
----------------- Instantiating /home/travis/build/icyphy/ptII/ptolemy/actor/lib/test/auto/BooleanSwitchCloningBugWithClassRelationGroup.xml
5 ms. Memory: 266240K Free: 128822K (48%)
----------------- Invoking toplevel() on ptolemy.moml.MoMLSimpleApplication@ebd7a3f
----------------- Done invoking toplevel() on ptolemy.moml.MoMLSimpleApplication@ebd7a3f
reloadAllAccessors: .BooleanSwitchCloningBugWithClassRelationGroup

===========================================================================================
----------------- testing Mon Aug 23 21:33:23 UTC 2021 /home/travis/build/icyphy/ptII/ptolemy/actor/lib/test/auto/BusActors.xml
----------------- Instantiating /home/travis/build/icyphy/ptII/ptolemy/actor/lib/test/auto/BusActors.xml
4 ms. Memory: 266240K Free: 121140K (46%)
----------------- Invoking toplevel() on ptolemy.moml.MoMLSimpleApplication@cc8993d
----------------- Done invoking toplevel() on ptolemy.moml.MoMLSimpleApplication@cc8993d
reloadAllAccessors: .BusActors

===========================================================================================
----------------- testing Mon Aug 23 21:33:23 UTC 2021 /home/travis/build/icyphy/ptII/ptolemy/actor/lib/test/auto/ClassWrapper.xml
----------------- Instantiating /home/travis/build/icyphy/ptII/ptolemy/actor/lib/test/auto/ClassWrapper.xml
3 ms. Memory: 266240K Free: 116534K (44%)
----------------- Invoking toplevel() on ptolemy.moml.MoMLSimpleApplication@5e7343f
----------------- Done invoking toplevel() on ptolemy.moml.MoMLSimpleApplication@5e7343f
reloadAllAccessors: .ClassWrapper

===========================================================================================
----------------- testing Mon Aug 23 21:33:23 UTC 2021 /home/travis/build/icyphy/ptII/ptolemy/actor/lib/test/auto/Clock.xml
----------------- Instantiating /home/travis/build/icyphy/ptII/ptolemy/actor/lib/test/auto/Clock.xml
4 ms. Memory: 266240K Free: 112948K (42%)
----------------- Invoking toplevel() on ptolemy.moml.MoMLSimpleApplication@63d4d583
----------------- Done invoking toplevel() on ptolemy.moml.MoMLSimpleApplication@63d4d583
reloadAllAccessors: .Clock

===========================================================================================
----------------- testing Mon Aug 23 21:33:23 UTC 2021 /home/travis/build/icyphy/ptII/ptolemy/actor/lib/test/auto/Clock10.xml
----------------- Instantiating /home/travis/build/icyphy/ptII/ptolemy/actor/lib/test/auto/Clock10.xml
3 ms. Memory: 266240K Free: 106804K (40%)
----------------- Invoking toplevel() on ptolemy.moml.MoMLSimpleApplication@86488e2
----------------- Done invoking toplevel() on ptolemy.moml.MoMLSimpleApplication@86488e2
reloadAllAccessors: .Clock10

===========================================================================================
----------------- testing Mon Aug 23 21:33:23 UTC 2021 /home/travis/build/icyphy/ptII/ptolemy/actor/lib/test/auto/Clock11.xml
----------------- Instantiating /home/travis/build/icyphy/ptII/ptolemy/actor/lib/test/auto/Clock11.xml
5 ms. Memory: 266240K Free: 101174K (38%)
----------------- Invoking toplevel() on ptolemy.moml.MoMLSimpleApplication@48a22976
----------------- Done invoking toplevel() on ptolemy.moml.MoMLSimpleApplication@48a22976
reloadAllAccessors: .Clock11

===========================================================================================
----------------- testing Mon Aug 23 21:33:23 UTC 2021 /home/travis/build/icyphy/ptII/ptolemy/actor/lib/test/auto/Clock12.xml
----------------- Instantiating /home/travis/build/icyphy/ptII/ptolemy/actor/lib/test/auto/Clock12.xml
4 ms. Memory: 266240K Free: 95030K (36%)
----------------- Invoking toplevel() on ptolemy.moml.MoMLSimpleApplication@57dd632b
----------------- Done invoking toplevel() on ptolemy.moml.MoMLSimpleApplication@57dd632b
reloadAllAccessors: .Clock12

===========================================================================================
----------------- testing Mon Aug 23 21:33:23 UTC 2021 /home/travis/build/icyphy/ptII/ptolemy/actor/lib/test/auto/Clock13.xml
----------------- Instantiating /home/travis/build/icyphy/ptII/ptolemy/actor/lib/test/auto/Clock13.xml
3 ms. Memory: 266240K Free: 89390K (34%)
----------------- Invoking toplevel() on ptolemy.moml.MoMLSimpleApplication@36178798
----------------- Done invoking toplevel() on ptolemy.moml.MoMLSimpleApplication@36178798
reloadAllAccessors: .Clock13

===========================================================================================
----------------- testing Mon Aug 23 21:33:23 UTC 2021 /home/travis/build/icyphy/ptII/ptolemy/actor/lib/test/auto/Clock14.xml
----------------- Instantiating /home/travis/build/icyphy/ptII/ptolemy/actor/lib/test/auto/Clock14.xml
4 ms. Memory: 266240K Free: 83222K (31%)
----------------- Invoking toplevel() on ptolemy.moml.MoMLSimpleApplication@79b2456c
----------------- Done invoking toplevel() on ptolemy.moml.MoMLSimpleApplication@79b2456c
reloadAllAccessors: .Clock14

===========================================================================================
----------------- testing Mon Aug 23 21:33:23 UTC 2021 /home/travis/build/icyphy/ptII/ptolemy/actor/lib/test/auto/Clock15.xml
----------------- Instantiating /home/travis/build/icyphy/ptII/ptolemy/actor/lib/test/auto/Clock15.xml
3 ms. Memory: 266240K Free: 77102K (29%)
----------------- Invoking toplevel() on ptolemy.moml.MoMLSimpleApplication@22804f47
----------------- Done invoking toplevel() on ptolemy.moml.MoMLSimpleApplication@22804f47
reloadAllAccessors: .Clock15

===========================================================================================
----------------- testing Mon Aug 23 21:33:23 UTC 2021 /home/travis/build/icyphy/ptII/ptolemy/actor/lib/test/auto/Clock16.xml
----------------- Instantiating /home/travis/build/icyphy/ptII/ptolemy/actor/lib/test/auto/Clock16.xml
36 ms. Memory: 266240K Free: 62758K (24%)
----------------- Invoking toplevel() on ptolemy.moml.MoMLSimpleApplication@6860c6fd
----------------- Done invoking toplevel() on ptolemy.moml.MoMLSimpleApplication@6860c6fd
reloadAllAccessors: .Clock16

===========================================================================================
----------------- testing Mon Aug 23 21:33:24 UTC 2021 /home/travis/build/icyphy/ptII/ptolemy/actor/lib/test/auto/Clock17.xml
----------------- Instantiating /home/travis/build/icyphy/ptII/ptolemy/actor/lib/test/auto/Clock17.xml
25 ms. Memory: 266240K Free: 206685K (78%)
----------------- Invoking toplevel() on ptolemy.moml.MoMLSimpleApplication@49db3e27
----------------- Done invoking toplevel() on ptolemy.moml.MoMLSimpleApplication@49db3e27
reloadAllAccessors: .Clock17

===========================================================================================
----------------- testing Mon Aug 23 21:33:24 UTC 2021 /home/travis/build/icyphy/ptII/ptolemy/actor/lib/test/auto/Clock18.xml
----------------- Instantiating /home/travis/build/icyphy/ptII/ptolemy/actor/lib/test/auto/Clock18.xml
15 ms. Memory: 266240K Free: 192829K (72%)
----------------- Invoking toplevel() on ptolemy.moml.MoMLSimpleApplication@576351a1
----------------- Done invoking toplevel() on ptolemy.moml.MoMLSimpleApplication@576351a1
reloadAllAccessors: .Clock18

===========================================================================================
----------------- testing Mon Aug 23 21:33:24 UTC 2021 /home/travis/build/icyphy/ptII/ptolemy/actor/lib/test/auto/Clock19.xml
----------------- Instantiating /home/travis/build/icyphy/ptII/ptolemy/actor/lib/test/auto/Clock19.xml
14 ms. Memory: 266240K Free: 179547K (67%)
----------------- Invoking toplevel() on ptolemy.moml.MoMLSimpleApplication@67d2db27
----------------- Done invoking toplevel() on ptolemy.moml.MoMLSimpleApplication@67d2db27
reloadAllAccessors: .Clock19

===========================================================================================
----------------- testing Mon Aug 23 21:33:24 UTC 2021 /home/travis/build/icyphy/ptII/ptolemy/actor/lib/test/auto/Clock2.xml
----------------- Instantiating /home/travis/build/icyphy/ptII/ptolemy/actor/lib/test/auto/Clock2.xml
4 ms. Memory: 266240K Free: 174941K (66%)
----------------- Invoking toplevel() on ptolemy.moml.MoMLSimpleApplication@3d2f6847
----------------- Done invoking toplevel() on ptolemy.moml.MoMLSimpleApplication@3d2f6847
reloadAllAccessors: .Clock2

===========================================================================================
----------------- testing Mon Aug 23 21:33:24 UTC 2021 /home/travis/build/icyphy/ptII/ptolemy/actor/lib/test/auto/Clock20.xml
----------------- Instantiating /home/travis/build/icyphy/ptII/ptolemy/actor/lib/test/auto/Clock20.xml
6 ms. Memory: 266240K Free: 169307K (64%)
----------------- Invoking toplevel() on ptolemy.moml.MoMLSimpleApplication@59727967
----------------- Done invoking toplevel() on ptolemy.moml.MoMLSimpleApplication@59727967
reloadAllAccessors: .Clock20

===========================================================================================
----------------- testing Mon Aug 23 21:33:24 UTC 2021 /home/travis/build/icyphy/ptII/ptolemy/actor/lib/test/auto/Clock21.xml
----------------- Instantiating /home/travis/build/icyphy/ptII/ptolemy/actor/lib/test/auto/Clock21.xml
5 ms. Memory: 266240K Free: 164187K (62%)
----------------- Invoking toplevel() on ptolemy.moml.MoMLSimpleApplication@2637ca4c
----------------- Done invoking toplevel() on ptolemy.moml.MoMLSimpleApplication@2637ca4c
reloadAllAccessors: .Clock21

===========================================================================================
----------------- testing Mon Aug 23 21:33:24 UTC 2021 /home/travis/build/icyphy/ptII/ptolemy/actor/lib/test/auto/Clock22.xml
----------------- Instantiating /home/travis/build/icyphy/ptII/ptolemy/actor/lib/test/auto/Clock22.xml
7 ms. Memory: 266240K Free: 158557K (60%)
----------------- Invoking toplevel() on ptolemy.moml.MoMLSimpleApplication@6e274d7b
----------------- Done invoking toplevel() on ptolemy.moml.MoMLSimpleApplication@6e274d7b
reloadAllAccessors: .Clock22

===========================================================================================
----------------- testing Mon Aug 23 21:33:24 UTC 2021 /home/travis/build/icyphy/ptII/ptolemy/actor/lib/test/auto/Clock23.xml
----------------- Instantiating /home/travis/build/icyphy/ptII/ptolemy/actor/lib/test/auto/Clock23.xml
6 ms. Memory: 266240K Free: 152923K (57%)
----------------- Invoking toplevel() on ptolemy.moml.MoMLSimpleApplication@4a213b0
----------------- Done invoking toplevel() on ptolemy.moml.MoMLSimpleApplication@4a213b0
reloadAllAccessors: .Clock23

===========================================================================================
----------------- testing Mon Aug 23 21:33:24 UTC 2021 /home/travis/build/icyphy/ptII/ptolemy/actor/lib/test/auto/Clock24.xml
----------------- Instantiating /home/travis/build/icyphy/ptII/ptolemy/actor/lib/test/auto/Clock24.xml
4 ms. Memory: 266240K Free: 147803K (56%)
----------------- Invoking toplevel() on ptolemy.moml.MoMLSimpleApplication@2e78477d
----------------- Done invoking toplevel() on ptolemy.moml.MoMLSimpleApplication@2e78477d
reloadAllAccessors: .Clock24

===========================================================================================
----------------- testing Mon Aug 23 21:33:24 UTC 2021 /home/travis/build/icyphy/ptII/ptolemy/actor/lib/test/auto/Clock4.xml
----------------- Instantiating /home/travis/build/icyphy/ptII/ptolemy/actor/lib/test/auto/Clock4.xml
2 ms. Memory: 266240K Free: 142653K (54%)
----------------- Invoking toplevel() on ptolemy.moml.MoMLSimpleApplication@18907576
----------------- Done invoking toplevel() on ptolemy.moml.MoMLSimpleApplication@18907576
reloadAllAccessors: .Clock4

===========================================================================================
----------------- testing Mon Aug 23 21:33:24 UTC 2021 /home/travis/build/icyphy/ptII/ptolemy/actor/lib/test/auto/Clock5.xml
----------------- Instantiating /home/travis/build/icyphy/ptII/ptolemy/actor/lib/test/auto/Clock5.xml
6 ms. Memory: 266240K Free: 137563K (52%)
----------------- Invoking toplevel() on ptolemy.moml.MoMLSimpleApplication@38953b59
----------------- Done invoking toplevel() on ptolemy.moml.MoMLSimpleApplication@38953b59
reloadAllAccessors: .Clock5

===========================================================================================
----------------- testing Mon Aug 23 21:33:24 UTC 2021 /home/travis/build/icyphy/ptII/ptolemy/actor/lib/test/auto/Clock6.xml
----------------- Instantiating /home/travis/build/icyphy/ptII/ptolemy/actor/lib/test/auto/Clock6.xml
1 ms. Memory: 266240K Free: 132957K (50%)
----------------- Invoking toplevel() on ptolemy.moml.MoMLSimpleApplication@45ad8e2f
----------------- Done invoking toplevel() on ptolemy.moml.MoMLSimpleApplication@45ad8e2f
reloadAllAccessors: .Clock6

===========================================================================================
----------------- testing Mon Aug 23 21:33:24 UTC 2021 /home/travis/build/icyphy/ptII/ptolemy/actor/lib/test/auto/Clock7.xml
----------------- Instantiating /home/travis/build/icyphy/ptII/ptolemy/actor/lib/test/auto/Clock7.xml
2 ms. Memory: 266240K Free: 128347K (48%)
----------------- Invoking toplevel() on ptolemy.moml.MoMLSimpleApplication@221bc1db
----------------- Done invoking toplevel() on ptolemy.moml.MoMLSimpleApplication@221bc1db
reloadAllAccessors: .Clock7

===========================================================================================
----------------- testing Mon Aug 23 21:33:24 UTC 2021 /home/travis/build/icyphy/ptII/ptolemy/actor/lib/test/auto/Clock8.xml
----------------- Instantiating /home/travis/build/icyphy/ptII/ptolemy/actor/lib/test/auto/Clock8.xml
4 ms. Memory: 266240K Free: 122717K (46%)
----------------- Invoking toplevel() on ptolemy.moml.MoMLSimpleApplication@1402fecf
----------------- Done invoking toplevel() on ptolemy.moml.MoMLSimpleApplication@1402fecf
reloadAllAccessors: .Clock8

===========================================================================================
----------------- testing Mon Aug 23 21:33:24 UTC 2021 /home/travis/build/icyphy/ptII/ptolemy/actor/lib/test/auto/Clock9.xml
----------------- Instantiating /home/travis/build/icyphy/ptII/ptolemy/actor/lib/test/auto/Clock9.xml
5 ms. Memory: 266240K Free: 117053K (44%)
----------------- Invoking toplevel() on ptolemy.moml.MoMLSimpleApplication@7aad9982
----------------- Done invoking toplevel() on ptolemy.moml.MoMLSimpleApplication@7aad9982
reloadAllAccessors: .Clock9

===========================================================================================
----------------- testing Mon Aug 23 21:33:24 UTC 2021 /home/travis/build/icyphy/ptII/ptolemy/actor/lib/test/auto/CommDistDiscard.xml
----------------- Instantiating /home/travis/build/icyphy/ptII/ptolemy/actor/lib/test/auto/CommDistDiscard.xml
3 ms. Memory: 266240K Free: 111963K (42%)
----------------- Invoking toplevel() on ptolemy.moml.MoMLSimpleApplication@3c1353b6
----------------- Done invoking toplevel() on ptolemy.moml.MoMLSimpleApplication@3c1353b6
reloadAllAccessors: .CommDistDiscard

===========================================================================================
----------------- testing Mon Aug 23 21:33:24 UTC 2021 /home/travis/build/icyphy/ptII/ptolemy/actor/lib/test/auto/Commutator.xml
----------------- Instantiating /home/travis/build/icyphy/ptII/ptolemy/actor/lib/test/auto/Commutator.xml
1 ms. Memory: 266240K Free: 107357K (40%)
----------------- Invoking toplevel() on ptolemy.moml.MoMLSimpleApplication@145fff2f
----------------- Done invoking toplevel() on ptolemy.moml.MoMLSimpleApplication@145fff2f
reloadAllAccessors: .Commutator

===========================================================================================
----------------- testing Mon Aug 23 21:33:24 UTC 2021 /home/travis/build/icyphy/ptII/ptolemy/actor/lib/test/auto/Commutator2.xml
----------------- Instantiating /home/travis/build/icyphy/ptII/ptolemy/actor/lib/test/auto/Commutator2.xml
1 ms. Memory: 266240K Free: 102747K (39%)
----------------- Invoking toplevel() on ptolemy.moml.MoMLSimpleApplication@7121bb45
----------------- Done invoking toplevel() on ptolemy.moml.MoMLSimpleApplication@7121bb45
reloadAllAccessors: .Commutator2

===========================================================================================
----------------- testing Mon Aug 23 21:33:24 UTC 2021 /home/travis/build/icyphy/ptII/ptolemy/actor/lib/test/auto/Commutator3.xml
----------------- Instantiating /home/travis/build/icyphy/ptII/ptolemy/actor/lib/test/auto/Commutator3.xml
1 ms. Memory: 266240K Free: 98651K (37%)
----------------- Invoking toplevel() on ptolemy.moml.MoMLSimpleApplication@e507555
----------------- Done invoking toplevel() on ptolemy.moml.MoMLSimpleApplication@e507555
reloadAllAccessors: .Commutator3

===========================================================================================
----------------- testing Mon Aug 23 21:33:24 UTC 2021 /home/travis/build/icyphy/ptII/ptolemy/actor/lib/test/auto/Compare.xml
----------------- Instantiating /home/travis/build/icyphy/ptII/ptolemy/actor/lib/test/auto/Compare.xml
1 ms. Memory: 266240K Free: 91997K (35%)
----------------- Invoking toplevel() on ptolemy.moml.MoMLSimpleApplication@212fdc66
----------------- Done invoking toplevel() on ptolemy.moml.MoMLSimpleApplication@212fdc66
reloadAllAccessors: .Compare

===========================================================================================
----------------- testing Mon Aug 23 21:33:24 UTC 2021 /home/travis/build/icyphy/ptII/ptolemy/actor/lib/test/auto/CompareDE.xml
----------------- Instantiating /home/travis/build/icyphy/ptII/ptolemy/actor/lib/test/auto/CompareDE.xml
4 ms. Memory: 266240K Free: 85325K (32%)
----------------- Invoking toplevel() on ptolemy.moml.MoMLSimpleApplication@5fabaf5f
----------------- Done invoking toplevel() on ptolemy.moml.MoMLSimpleApplication@5fabaf5f
reloadAllAccessors: .CompareDE

===========================================================================================
----------------- testing Mon Aug 23 21:33:24 UTC 2021 /home/travis/build/icyphy/ptII/ptolemy/actor/lib/test/auto/ComplexDivide.xml
----------------- Instantiating /home/travis/build/icyphy/ptII/ptolemy/actor/lib/test/auto/ComplexDivide.xml
1 ms. Memory: 266240K Free: 81243K (31%)
----------------- Invoking toplevel() on ptolemy.moml.MoMLSimpleApplication@23f9aaff
----------------- Done invoking toplevel() on ptolemy.moml.MoMLSimpleApplication@23f9aaff
reloadAllAccessors: .ComplexDivide

===========================================================================================
----------------- testing Mon Aug 23 21:33:24 UTC 2021 /home/travis/build/icyphy/ptII/ptolemy/actor/lib/test/auto/ComputeHistogram.xml
----------------- Instantiating /home/travis/build/icyphy/ptII/ptolemy/actor/lib/test/auto/ComputeHistogram.xml
32 ms. Memory: 266240K Free: 68445K (26%)
----------------- Invoking toplevel() on ptolemy.moml.MoMLSimpleApplication@533ed1ae
----------------- Done invoking toplevel() on ptolemy.moml.MoMLSimpleApplication@533ed1ae
reloadAllAccessors: .ComputeHistogram

===========================================================================================
----------------- testing Mon Aug 23 21:33:24 UTC 2021 /home/travis/build/icyphy/ptII/ptolemy/actor/lib/test/auto/ConfigurationSelect.xml
----------------- Instantiating /home/travis/build/icyphy/ptII/ptolemy/actor/lib/test/auto/ConfigurationSelect.xml
2 ms. Memory: 266240K Free: 63325K (24%)
----------------- Invoking toplevel() on ptolemy.moml.MoMLSimpleApplication@2fa4c36f
----------------- Done invoking toplevel() on ptolemy.moml.MoMLSimpleApplication@2fa4c36f
reloadAllAccessors: .ConfigurationSelect

===========================================================================================
----------------- testing Mon Aug 23 21:33:24 UTC 2021 /home/travis/build/icyphy/ptII/ptolemy/actor/lib/test/auto/ConfigurationSelect2.xml
----------------- Instantiating /home/travis/build/icyphy/ptII/ptolemy/actor/lib/test/auto/ConfigurationSelect2.xml
2 ms. Memory: 266240K Free: 216361K (81%)
----------------- Invoking toplevel() on ptolemy.moml.MoMLSimpleApplication@681755f7
----------------- Done invoking toplevel() on ptolemy.moml.MoMLSimpleApplication@681755f7
reloadAllAccessors: .ConfigurationSelect2

===========================================================================================
----------------- testing Mon Aug 23 21:33:24 UTC 2021 /home/travis/build/icyphy/ptII/ptolemy/actor/lib/test/auto/ConfigurationSwitch.xml
----------------- Instantiating /home/travis/build/icyphy/ptII/ptolemy/actor/lib/test/auto/ConfigurationSwitch.xml
2 ms. Memory: 266240K Free: 210731K (79%)
----------------- Invoking toplevel() on ptolemy.moml.MoMLSimpleApplication@2e8a658b
----------------- Done invoking toplevel() on ptolemy.moml.MoMLSimpleApplication@2e8a658b
reloadAllAccessors: .ConfigurationSwitch

===========================================================================================
----------------- testing Mon Aug 23 21:33:24 UTC 2021 /home/travis/build/icyphy/ptII/ptolemy/actor/lib/test/auto/ConfigurationSwitch2.xml
----------------- Instantiating /home/travis/build/icyphy/ptII/ptolemy/actor/lib/test/auto/ConfigurationSwitch2.xml
3 ms. Memory: 266240K Free: 205097K (77%)
----------------- Invoking toplevel() on ptolemy.moml.MoMLSimpleApplication@2f35334f
----------------- Done invoking toplevel() on ptolemy.moml.MoMLSimpleApplication@2f35334f
reloadAllAccessors: .ConfigurationSwitch2

===========================================================================================
----------------- testing Mon Aug 23 21:33:24 UTC 2021 /home/travis/build/icyphy/ptII/ptolemy/actor/lib/test/auto/ConfigurationSwitchCloningBugWithClassRelationGroup.xml
----------------- Instantiating /home/travis/build/icyphy/ptII/ptolemy/actor/lib/test/auto/ConfigurationSwitchCloningBugWithClassRelationGroup.xml
1 ms. Memory: 266240K Free: 198953K (75%)
----------------- Invoking toplevel() on ptolemy.moml.MoMLSimpleApplication@3dcdb832
----------------- Done invoking toplevel() on ptolemy.moml.MoMLSimpleApplication@3dcdb832
reloadAllAccessors: .ConfigurationSwitchCloningBugWithClassRelationGroup

===========================================================================================
----------------- testing Mon Aug 23 21:33:24 UTC 2021 /home/travis/build/icyphy/ptII/ptolemy/actor/lib/test/auto/ConfigurationSwitchSelectSDF.xml
----------------- Instantiating /home/travis/build/icyphy/ptII/ptolemy/actor/lib/test/auto/ConfigurationSwitchSelectSDF.xml
2 ms. Memory: 266240K Free: 193323K (73%)
----------------- Invoking toplevel() on ptolemy.moml.MoMLSimpleApplication@2bfea79d
----------------- Done invoking toplevel() on ptolemy.moml.MoMLSimpleApplication@2bfea79d
reloadAllAccessors: .ConfigurationSwitchSelectSDF

===========================================================================================
----------------- testing Mon Aug 23 21:33:24 UTC 2021 /home/travis/build/icyphy/ptII/ptolemy/actor/lib/test/auto/ConfigurationSwitchSelectSDF2.xml
----------------- Instantiating /home/travis/build/icyphy/ptII/ptolemy/actor/lib/test/auto/ConfigurationSwitchSelectSDF2.xml
2 ms. Memory: 266240K Free: 187179K (70%)
----------------- Invoking toplevel() on ptolemy.moml.MoMLSimpleApplication@727abf12
----------------- Done invoking toplevel() on ptolemy.moml.MoMLSimpleApplication@727abf12
reloadAllAccessors: .ConfigurationSwitchSelectSDF2

===========================================================================================
----------------- testing Mon Aug 23 21:33:24 UTC 2021 /home/travis/build/icyphy/ptII/ptolemy/actor/lib/test/auto/Const.xml
----------------- Instantiating /home/travis/build/icyphy/ptII/ptolemy/actor/lib/test/auto/Const.xml
1 ms. Memory: 266240K Free: 184107K (69%)
----------------- Invoking toplevel() on ptolemy.moml.MoMLSimpleApplication@4e64005e
----------------- Done invoking toplevel() on ptolemy.moml.MoMLSimpleApplication@4e64005e
reloadAllAccessors: .Const

===========================================================================================
----------------- testing Mon Aug 23 21:33:24 UTC 2021 /home/travis/build/icyphy/ptII/ptolemy/actor/lib/test/auto/Const2.xml
----------------- Instantiating /home/travis/build/icyphy/ptII/ptolemy/actor/lib/test/auto/Const2.xml
2 ms. Memory: 266240K Free: 180011K (68%)
----------------- Invoking toplevel() on ptolemy.moml.MoMLSimpleApplication@2251f19d
----------------- Done invoking toplevel() on ptolemy.moml.MoMLSimpleApplication@2251f19d
reloadAllAccessors: .Const2

===========================================================================================
----------------- testing Mon Aug 23 21:33:24 UTC 2021 /home/travis/build/icyphy/ptII/ptolemy/actor/lib/test/auto/Const3.xml
----------------- Instantiating /home/travis/build/icyphy/ptII/ptolemy/actor/lib/test/auto/Const3.xml
1 ms. Memory: 266240K Free: 176939K (66%)
----------------- Invoking toplevel() on ptolemy.moml.MoMLSimpleApplication@7b51517d
----------------- Done invoking toplevel() on ptolemy.moml.MoMLSimpleApplication@7b51517d
reloadAllAccessors: .Const3

===========================================================================================
----------------- testing Mon Aug 23 21:33:24 UTC 2021 /home/travis/build/icyphy/ptII/ptolemy/actor/lib/test/auto/ConstantPublisherPort1.xml
----------------- Instantiating /home/travis/build/icyphy/ptII/ptolemy/actor/lib/test/auto/ConstantPublisherPort1.xml
8 ms. Memory: 266240K Free: 168233K (63%)
----------------- Invoking toplevel() on ptolemy.moml.MoMLSimpleApplication@d555958
----------------- Done invoking toplevel() on ptolemy.moml.MoMLSimpleApplication@d555958
reloadAllAccessors: .ConstantPublisherPort1

===========================================================================================
----------------- testing Mon Aug 23 21:33:24 UTC 2021 /home/travis/build/icyphy/ptII/ptolemy/actor/lib/test/auto/ConstantPublisherPort2.xml
----------------- Instantiating /home/travis/build/icyphy/ptII/ptolemy/actor/lib/test/auto/ConstantPublisherPort2.xml
9 ms. Memory: 266240K Free: 160555K (60%)
----------------- Invoking toplevel() on ptolemy.moml.MoMLSimpleApplication@174ee059
----------------- Done invoking toplevel() on ptolemy.moml.MoMLSimpleApplication@174ee059
reloadAllAccessors: .ConstantPublisherPort2

===========================================================================================
----------------- testing Mon Aug 23 21:33:24 UTC 2021 /home/travis/build/icyphy/ptII/ptolemy/actor/lib/test/auto/ConstantPublisherPort3.xml
----------------- Instantiating /home/travis/build/icyphy/ptII/ptolemy/actor/lib/test/auto/ConstantPublisherPort3.xml
5 ms. Memory: 266240K Free: 152873K (57%)
----------------- Invoking toplevel() on ptolemy.moml.MoMLSimpleApplication@30dc75a3
----------------- Done invoking toplevel() on ptolemy.moml.MoMLSimpleApplication@30dc75a3
reloadAllAccessors: .ConstantPublisherPort3

===========================================================================================
----------------- testing Mon Aug 23 21:33:24 UTC 2021 /home/travis/build/icyphy/ptII/ptolemy/actor/lib/test/auto/ConstantPublisherPort4.xml
----------------- Instantiating /home/travis/build/icyphy/ptII/ptolemy/actor/lib/test/auto/ConstantPublisherPort4.xml
2 ms. Memory: 266240K Free: 146219K (55%)
----------------- Invoking toplevel() on ptolemy.moml.MoMLSimpleApplication@44a2990b
----------------- Done invoking toplevel() on ptolemy.moml.MoMLSimpleApplication@44a2990b
reloadAllAccessors: .ConstantPublisherPort4

===========================================================================================
----------------- testing Mon Aug 23 21:33:24 UTC 2021 /home/travis/build/icyphy/ptII/ptolemy/actor/lib/test/auto/ConstantPublisherPort5.xml
----------------- Instantiating /home/travis/build/icyphy/ptII/ptolemy/actor/lib/test/auto/ConstantPublisherPort5.xml
25 ms. Memory: 266240K Free: 136489K (51%)
----------------- Invoking toplevel() on ptolemy.moml.MoMLSimpleApplication@4d8ec282
----------------- Done invoking toplevel() on ptolemy.moml.MoMLSimpleApplication@4d8ec282
reloadAllAccessors: .ConstantPublisherPort5

===========================================================================================
----------------- testing Mon Aug 23 21:33:24 UTC 2021 /home/travis/build/icyphy/ptII/ptolemy/actor/lib/test/auto/ConstantPublisherPort6.xml
----------------- Instantiating /home/travis/build/icyphy/ptII/ptolemy/actor/lib/test/auto/ConstantPublisherPort6.xml
13 ms. Memory: 266240K Free: 127787K (48%)
----------------- Invoking toplevel() on ptolemy.moml.MoMLSimpleApplication@3d56f1e9
----------------- Done invoking toplevel() on ptolemy.moml.MoMLSimpleApplication@3d56f1e9
reloadAllAccessors: .ConstantPublisherPort6

===========================================================================================
----------------- testing Mon Aug 23 21:33:24 UTC 2021 /home/travis/build/icyphy/ptII/ptolemy/actor/lib/test/auto/ConstantPublisherPort7.xml
----------------- Instantiating /home/travis/build/icyphy/ptII/ptolemy/actor/lib/test/auto/ConstantPublisherPort7.xml
18 ms. Memory: 266240K Free: 118057K (44%)
----------------- Invoking toplevel() on ptolemy.moml.MoMLSimpleApplication@1b4c9882
----------------- Done invoking toplevel() on ptolemy.moml.MoMLSimpleApplication@1b4c9882
reloadAllAccessors: .ConstantPublisherPort7

===========================================================================================
----------------- testing Mon Aug 23 21:33:24 UTC 2021 /home/travis/build/icyphy/ptII/ptolemy/actor/lib/test/auto/ConstraintMonitor1.xml
----------------- Instantiating /home/travis/build/icyphy/ptII/ptolemy/actor/lib/test/auto/ConstraintMonitor1.xml
6 ms. Memory: 266240K Free: 112937K (42%)
----------------- Invoking toplevel() on ptolemy.moml.MoMLSimpleApplication@9a3b9bc
----------------- Done invoking toplevel() on ptolemy.moml.MoMLSimpleApplication@9a3b9bc
reloadAllAccessors: .ConstraintMonitor1

===========================================================================================
----------------- testing Mon Aug 23 21:33:24 UTC 2021 /home/travis/build/icyphy/ptII/ptolemy/actor/lib/test/auto/ConstraintMonitor2.xml
----------------- Instantiating /home/travis/build/icyphy/ptII/ptolemy/actor/lib/test/auto/ConstraintMonitor2.xml
4 ms. Memory: 266240K Free: 108841K (41%)
----------------- Invoking toplevel() on ptolemy.moml.MoMLSimpleApplication@17e28685
----------------- Done invoking toplevel() on ptolemy.moml.MoMLSimpleApplication@17e28685
reloadAllAccessors: .ConstraintMonitor2

===========================================================================================
----------------- testing Mon Aug 23 21:33:24 UTC 2021 /home/travis/build/icyphy/ptII/ptolemy/actor/lib/test/auto/ConstraintMonitor3.xml
----------------- Instantiating /home/travis/build/icyphy/ptII/ptolemy/actor/lib/test/auto/ConstraintMonitor3.xml
2 ms. Memory: 266240K Free: 104235K (39%)
----------------- Invoking toplevel() on ptolemy.moml.MoMLSimpleApplication@6c5144f
----------------- Done invoking toplevel() on ptolemy.moml.MoMLSimpleApplication@6c5144f
reloadAllAccessors: .ConstraintMonitor3

===========================================================================================
----------------- testing Mon Aug 23 21:33:24 UTC 2021 /home/travis/build/icyphy/ptII/ptolemy/actor/lib/test/auto/ConstraintMonitor4.xml
----------------- Instantiating /home/travis/build/icyphy/ptII/ptolemy/actor/lib/test/auto/ConstraintMonitor4.xml
2 ms. Memory: 266240K Free: 99115K (37%)
----------------- Invoking toplevel() on ptolemy.moml.MoMLSimpleApplication@5e61319a
----------------- Done invoking toplevel() on ptolemy.moml.MoMLSimpleApplication@5e61319a
reloadAllAccessors: .ConstraintMonitor4

===========================================================================================
----------------- testing Mon Aug 23 21:33:24 UTC 2021 /home/travis/build/icyphy/ptII/ptolemy/actor/lib/test/auto/ConstraintMonitor5.xml
----------------- Instantiating /home/travis/build/icyphy/ptII/ptolemy/actor/lib/test/auto/ConstraintMonitor5.xml
3 ms. Memory: 266240K Free: 94505K (35%)
----------------- Invoking toplevel() on ptolemy.moml.MoMLSimpleApplication@44707255
----------------- Done invoking toplevel() on ptolemy.moml.MoMLSimpleApplication@44707255
reloadAllAccessors: .ConstraintMonitor5

===========================================================================================
----------------- testing Mon Aug 23 21:33:25 UTC 2021 /home/travis/build/icyphy/ptII/ptolemy/actor/lib/test/auto/ConstraintMonitor6.xml
----------------- Instantiating /home/travis/build/icyphy/ptII/ptolemy/actor/lib/test/auto/ConstraintMonitor6.xml
5 ms. Memory: 266240K Free: 88355K (33%)
----------------- Invoking toplevel() on ptolemy.moml.MoMLSimpleApplication@40902e6c
----------------- Done invoking toplevel() on ptolemy.moml.MoMLSimpleApplication@40902e6c
reloadAllAccessors: .ConstraintMonitor6

===========================================================================================
----------------- testing Mon Aug 23 21:33:25 UTC 2021 /home/travis/build/icyphy/ptII/ptolemy/actor/lib/test/auto/ConstraintMonitor7.xml
----------------- Instantiating /home/travis/build/icyphy/ptII/ptolemy/actor/lib/test/auto/ConstraintMonitor7.xml
2 ms. Memory: 266240K Free: 81707K (31%)
----------------- Invoking toplevel() on ptolemy.moml.MoMLSimpleApplication@37fae802
----------------- Done invoking toplevel() on ptolemy.moml.MoMLSimpleApplication@37fae802
reloadAllAccessors: .ConstraintMonitor7

===========================================================================================
----------------- testing Mon Aug 23 21:33:25 UTC 2021 /home/travis/build/icyphy/ptII/ptolemy/actor/lib/test/auto/ConstraintMonitor8.xml
----------------- Instantiating /home/travis/build/icyphy/ptII/ptolemy/actor/lib/test/auto/ConstraintMonitor8.xml
6 ms. Memory: 266240K Free: 74025K (28%)
----------------- Invoking toplevel() on ptolemy.moml.MoMLSimpleApplication@239fa96f
----------------- Done invoking toplevel() on ptolemy.moml.MoMLSimpleApplication@239fa96f
reloadAllAccessors: .ConstraintMonitor8

===========================================================================================
----------------- testing Mon Aug 23 21:33:25 UTC 2021 /home/travis/build/icyphy/ptII/ptolemy/actor/lib/test/auto/Counter.xml
----------------- Instantiating /home/travis/build/icyphy/ptII/ptolemy/actor/lib/test/auto/Counter.xml
2 ms. Memory: 266240K Free: 69419K (26%)
----------------- Invoking toplevel() on ptolemy.moml.MoMLSimpleApplication@14ef6c65
----------------- Done invoking toplevel() on ptolemy.moml.MoMLSimpleApplication@14ef6c65
reloadAllAccessors: .Counter

===========================================================================================
----------------- testing Mon Aug 23 21:33:25 UTC 2021 /home/travis/build/icyphy/ptII/ptolemy/actor/lib/test/auto/CurrentTimeSDF.xml
----------------- Instantiating /home/travis/build/icyphy/ptII/ptolemy/actor/lib/test/auto/CurrentTimeSDF.xml
2 ms. Memory: 266240K Free: 65323K (25%)
----------------- Invoking toplevel() on ptolemy.moml.MoMLSimpleApplication@50066233
----------------- Done invoking toplevel() on ptolemy.moml.MoMLSimpleApplication@50066233
reloadAllAccessors: .CurrentTimeSDF

===========================================================================================
----------------- testing Mon Aug 23 21:33:25 UTC 2021 /home/travis/build/icyphy/ptII/ptolemy/actor/lib/test/auto/DB.xml
----------------- Instantiating /home/travis/build/icyphy/ptII/ptolemy/actor/lib/test/auto/DB.xml
2 ms. Memory: 266240K Free: 60203K (23%)
----------------- Invoking toplevel() on ptolemy.moml.MoMLSimpleApplication@3359e601
----------------- Done invoking toplevel() on ptolemy.moml.MoMLSimpleApplication@3359e601
reloadAllAccessors: .DB

===========================================================================================
----------------- testing Mon Aug 23 21:33:25 UTC 2021 /home/travis/build/icyphy/ptII/ptolemy/actor/lib/test/auto/DBDE.xml
----------------- Instantiating /home/travis/build/icyphy/ptII/ptolemy/actor/lib/test/auto/DBDE.xml
2 ms. Memory: 266240K Free: 212164K (80%)
----------------- Invoking toplevel() on ptolemy.moml.MoMLSimpleApplication@49d20492
----------------- Done invoking toplevel() on ptolemy.moml.MoMLSimpleApplication@49d20492
reloadAllAccessors: .DBDE

===========================================================================================
----------------- testing Mon Aug 23 21:33:25 UTC 2021 /home/travis/build/icyphy/ptII/ptolemy/actor/lib/test/auto/DateConstructor.xml
----------------- Instantiating /home/travis/build/icyphy/ptII/ptolemy/actor/lib/test/auto/DateConstructor.xml
25 ms. Memory: 266240K Free: 194786K (73%)
----------------- Invoking toplevel() on ptolemy.moml.MoMLSimpleApplication@3a13c411
----------------- Done invoking toplevel() on ptolemy.moml.MoMLSimpleApplication@3a13c411
reloadAllAccessors: .DateConstructor

===========================================================================================
----------------- testing Mon Aug 23 21:33:25 UTC 2021 /home/travis/build/icyphy/ptII/ptolemy/actor/lib/test/auto/DelayTime.xml
----------------- Instantiating /home/travis/build/icyphy/ptII/ptolemy/actor/lib/test/auto/DelayTime.xml
6 ms. Memory: 266240K Free: 189666K (71%)
----------------- Invoking toplevel() on ptolemy.moml.MoMLSimpleApplication@1cb60084
----------------- Done invoking toplevel() on ptolemy.moml.MoMLSimpleApplication@1cb60084
reloadAllAccessors: .DelayTime

===========================================================================================
----------------- testing Mon Aug 23 21:33:25 UTC 2021 /home/travis/build/icyphy/ptII/ptolemy/actor/lib/test/auto/Dictionary1.xml
----------------- Instantiating /home/travis/build/icyphy/ptII/ptolemy/actor/lib/test/auto/Dictionary1.xml
6 ms. Memory: 266240K Free: 184546K (69%)
----------------- Invoking toplevel() on ptolemy.moml.MoMLSimpleApplication@6b526bc8
----------------- Done invoking toplevel() on ptolemy.moml.MoMLSimpleApplication@6b526bc8
reloadAllAccessors: .Dictionary1

===========================================================================================
----------------- testing Mon Aug 23 21:33:25 UTC 2021 /home/travis/build/icyphy/ptII/ptolemy/actor/lib/test/auto/Dictionary2.xml
----------------- Instantiating /home/travis/build/icyphy/ptII/ptolemy/actor/lib/test/auto/Dictionary2.xml
4 ms. Memory: 266240K Free: 178916K (67%)
----------------- Invoking toplevel() on ptolemy.moml.MoMLSimpleApplication@5856cb56
----------------- Done invoking toplevel() on ptolemy.moml.MoMLSimpleApplication@5856cb56
reloadAllAccessors: .Dictionary2

===========================================================================================
----------------- testing Mon Aug 23 21:33:25 UTC 2021 /home/travis/build/icyphy/ptII/ptolemy/actor/lib/test/auto/Dictionary3.xml
----------------- Instantiating /home/travis/build/icyphy/ptII/ptolemy/actor/lib/test/auto/Dictionary3.xml
1 ms. Memory: 266240K Free: 173282K (65%)
----------------- Invoking toplevel() on ptolemy.moml.MoMLSimpleApplication@67245c27
----------------- Done invoking toplevel() on ptolemy.moml.MoMLSimpleApplication@67245c27
reloadAllAccessors: .Dictionary3

===========================================================================================
----------------- testing Mon Aug 23 21:33:25 UTC 2021 /home/travis/build/icyphy/ptII/ptolemy/actor/lib/test/auto/Dictionary4.xml
----------------- Instantiating /home/travis/build/icyphy/ptII/ptolemy/actor/lib/test/auto/Dictionary4.xml
3 ms. Memory: 266240K Free: 166114K (62%)
----------------- Invoking toplevel() on ptolemy.moml.MoMLSimpleApplication@562c59f5
----------------- Done invoking toplevel() on ptolemy.moml.MoMLSimpleApplication@562c59f5
reloadAllAccessors: .Dictionary4

===========================================================================================
----------------- testing Mon Aug 23 21:33:25 UTC 2021 /home/travis/build/icyphy/ptII/ptolemy/actor/lib/test/auto/Differential.xml
----------------- Instantiating /home/travis/build/icyphy/ptII/ptolemy/actor/lib/test/auto/Differential.xml
2 ms. Memory: 266240K Free: 162018K (61%)
----------------- Invoking toplevel() on ptolemy.moml.MoMLSimpleApplication@69c0f995
----------------- Done invoking toplevel() on ptolemy.moml.MoMLSimpleApplication@69c0f995
reloadAllAccessors: .Differential

===========================================================================================
----------------- testing Mon Aug 23 21:33:25 UTC 2021 /home/travis/build/icyphy/ptII/ptolemy/actor/lib/test/auto/Director.xml
----------------- Instantiating /home/travis/build/icyphy/ptII/ptolemy/actor/lib/test/auto/Director.xml
1 ms. Memory: 266240K Free: 158436K (60%)
----------------- Invoking toplevel() on ptolemy.moml.MoMLSimpleApplication@22b58fc0
----------------- Done invoking toplevel() on ptolemy.moml.MoMLSimpleApplication@22b58fc0
reloadAllAccessors: .Director

===========================================================================================
----------------- testing Mon Aug 23 21:33:25 UTC 2021 /home/travis/build/icyphy/ptII/ptolemy/actor/lib/test/auto/DiscreteClock.xml
----------------- Instantiating /home/travis/build/icyphy/ptII/ptolemy/actor/lib/test/auto/DiscreteClock.xml
1 ms. Memory: 266240K Free: 154340K (58%)
----------------- Invoking toplevel() on ptolemy.moml.MoMLSimpleApplication@37a91122
----------------- Done invoking toplevel() on ptolemy.moml.MoMLSimpleApplication@37a91122
reloadAllAccessors: .DiscreteClock

===========================================================================================
----------------- testing Mon Aug 23 21:33:25 UTC 2021 /home/travis/build/icyphy/ptII/ptolemy/actor/lib/test/auto/DiscreteClock10.xml
----------------- Instantiating /home/travis/build/icyphy/ptII/ptolemy/actor/lib/test/auto/DiscreteClock10.xml
5 ms. Memory: 266240K Free: 148706K (56%)
----------------- Invoking toplevel() on ptolemy.moml.MoMLSimpleApplication@61cfbdf8
----------------- Done invoking toplevel() on ptolemy.moml.MoMLSimpleApplication@61cfbdf8
reloadAllAccessors: .DiscreteClock10

===========================================================================================
----------------- testing Mon Aug 23 21:33:25 UTC 2021 /home/travis/build/icyphy/ptII/ptolemy/actor/lib/test/auto/DiscreteClock11.xml
----------------- Instantiating /home/travis/build/icyphy/ptII/ptolemy/actor/lib/test/auto/DiscreteClock11.xml
2 ms. Memory: 266240K Free: 142562K (54%)
----------------- Invoking toplevel() on ptolemy.moml.MoMLSimpleApplication@1dbcafd3
----------------- Done invoking toplevel() on ptolemy.moml.MoMLSimpleApplication@1dbcafd3
reloadAllAccessors: .DiscreteClock11

===========================================================================================
----------------- testing Mon Aug 23 21:33:25 UTC 2021 /home/travis/build/icyphy/ptII/ptolemy/actor/lib/test/auto/DiscreteClock12.xml
----------------- Instantiating /home/travis/build/icyphy/ptII/ptolemy/actor/lib/test/auto/DiscreteClock12.xml
3 ms. Memory: 266240K Free: 136418K (51%)
----------------- Invoking toplevel() on ptolemy.moml.MoMLSimpleApplication@63e03b03
----------------- Done invoking toplevel() on ptolemy.moml.MoMLSimpleApplication@63e03b03
reloadAllAccessors: .DiscreteClock12

===========================================================================================
----------------- testing Mon Aug 23 21:33:25 UTC 2021 /home/travis/build/icyphy/ptII/ptolemy/actor/lib/test/auto/DiscreteClock13.xml
----------------- Instantiating /home/travis/build/icyphy/ptII/ptolemy/actor/lib/test/auto/DiscreteClock13.xml
3 ms. Memory: 266240K Free: 130268K (49%)
----------------- Invoking toplevel() on ptolemy.moml.MoMLSimpleApplication@2acc714e
----------------- Done invoking toplevel() on ptolemy.moml.MoMLSimpleApplication@2acc714e
reloadAllAccessors: .DiscreteClock13

===========================================================================================
----------------- testing Mon Aug 23 21:33:25 UTC 2021 /home/travis/build/icyphy/ptII/ptolemy/actor/lib/test/auto/DiscreteClock14.xml
----------------- Instantiating /home/travis/build/icyphy/ptII/ptolemy/actor/lib/test/auto/DiscreteClock14.xml
2 ms. Memory: 266240K Free: 124644K (47%)
----------------- Invoking toplevel() on ptolemy.moml.MoMLSimpleApplication@53bd64d7
----------------- Done invoking toplevel() on ptolemy.moml.MoMLSimpleApplication@53bd64d7
reloadAllAccessors: .DiscreteClock14

===========================================================================================
----------------- testing Mon Aug 23 21:33:25 UTC 2021 /home/travis/build/icyphy/ptII/ptolemy/actor/lib/test/auto/DiscreteClock15.xml
----------------- Instantiating /home/travis/build/icyphy/ptII/ptolemy/actor/lib/test/auto/DiscreteClock15.xml
2 ms. Memory: 266240K Free: 118500K (45%)
----------------- Invoking toplevel() on ptolemy.moml.MoMLSimpleApplication@49e11b1d
----------------- Done invoking toplevel() on ptolemy.moml.MoMLSimpleApplication@49e11b1d
reloadAllAccessors: .DiscreteClock15

===========================================================================================
----------------- testing Mon Aug 23 21:33:25 UTC 2021 /home/travis/build/icyphy/ptII/ptolemy/actor/lib/test/auto/DiscreteClock16.xml
----------------- Instantiating /home/travis/build/icyphy/ptII/ptolemy/actor/lib/test/auto/DiscreteClock16.xml
18 ms. Memory: 266240K Free: 104660K (39%)
----------------- Invoking toplevel() on ptolemy.moml.MoMLSimpleApplication@7d5c1388
----------------- Done invoking toplevel() on ptolemy.moml.MoMLSimpleApplication@7d5c1388
reloadAllAccessors: .DiscreteClock16

===========================================================================================
----------------- testing Mon Aug 23 21:33:25 UTC 2021 /home/travis/build/icyphy/ptII/ptolemy/actor/lib/test/auto/DiscreteClock17.xml
----------------- Instantiating /home/travis/build/icyphy/ptII/ptolemy/actor/lib/test/auto/DiscreteClock17.xml
20 ms. Memory: 266240K Free: 90324K (34%)
----------------- Invoking toplevel() on ptolemy.moml.MoMLSimpleApplication@7fc7e97c
----------------- Done invoking toplevel() on ptolemy.moml.MoMLSimpleApplication@7fc7e97c
reloadAllAccessors: .DiscreteClock17

===========================================================================================
----------------- testing Mon Aug 23 21:33:25 UTC 2021 /home/travis/build/icyphy/ptII/ptolemy/actor/lib/test/auto/DiscreteClock18.xml
----------------- Instantiating /home/travis/build/icyphy/ptII/ptolemy/actor/lib/test/auto/DiscreteClock18.xml
20 ms. Memory: 266240K Free: 76516K (29%)
----------------- Invoking toplevel() on ptolemy.moml.MoMLSimpleApplication@431c78c4
----------------- Done invoking toplevel() on ptolemy.moml.MoMLSimpleApplication@431c78c4
reloadAllAccessors: .DiscreteClock18

===========================================================================================
----------------- testing Mon Aug 23 21:33:25 UTC 2021 /home/travis/build/icyphy/ptII/ptolemy/actor/lib/test/auto/DiscreteClock19.xml
----------------- Instantiating /home/travis/build/icyphy/ptII/ptolemy/actor/lib/test/auto/DiscreteClock19.xml
12 ms. Memory: 266240K Free: 62690K (24%)
----------------- Invoking toplevel() on ptolemy.moml.MoMLSimpleApplication@2ff23ccb
----------------- Done invoking toplevel() on ptolemy.moml.MoMLSimpleApplication@2ff23ccb
reloadAllAccessors: .DiscreteClock19

===========================================================================================
----------------- testing Mon Aug 23 21:33:25 UTC 2021 /home/travis/build/icyphy/ptII/ptolemy/actor/lib/test/auto/DiscreteClock2.xml
----------------- Instantiating /home/travis/build/icyphy/ptII/ptolemy/actor/lib/test/auto/DiscreteClock2.xml
2 ms. Memory: 435200K Free: 384092K (88%)
----------------- Invoking toplevel() on ptolemy.moml.MoMLSimpleApplication@79a4689a
----------------- Done invoking toplevel() on ptolemy.moml.MoMLSimpleApplication@79a4689a
reloadAllAccessors: .DiscreteClock2

===========================================================================================
----------------- testing Mon Aug 23 21:33:25 UTC 2021 /home/travis/build/icyphy/ptII/ptolemy/actor/lib/test/auto/DiscreteClock20.xml
----------------- Instantiating /home/travis/build/icyphy/ptII/ptolemy/actor/lib/test/auto/DiscreteClock20.xml
11 ms. Memory: 435200K Free: 378456K (87%)
----------------- Invoking toplevel() on ptolemy.moml.MoMLSimpleApplication@2f63c5ea
----------------- Done invoking toplevel() on ptolemy.moml.MoMLSimpleApplication@2f63c5ea
reloadAllAccessors: .DiscreteClock20

===========================================================================================
----------------- testing Mon Aug 23 21:33:25 UTC 2021 /home/travis/build/icyphy/ptII/ptolemy/actor/lib/test/auto/DiscreteClock21.xml
----------------- Instantiating /home/travis/build/icyphy/ptII/ptolemy/actor/lib/test/auto/DiscreteClock21.xml
3 ms. Memory: 435200K Free: 372828K (86%)
----------------- Invoking toplevel() on ptolemy.moml.MoMLSimpleApplication@25007d76
----------------- Done invoking toplevel() on ptolemy.moml.MoMLSimpleApplication@25007d76
reloadAllAccessors: .DiscreteClock21

===========================================================================================
----------------- testing Mon Aug 23 21:33:25 UTC 2021 /home/travis/build/icyphy/ptII/ptolemy/actor/lib/test/auto/DiscreteClock22.xml
----------------- Instantiating /home/travis/build/icyphy/ptII/ptolemy/actor/lib/test/auto/DiscreteClock22.xml
2 ms. Memory: 435200K Free: 367194K (84%)
----------------- Invoking toplevel() on ptolemy.moml.MoMLSimpleApplication@66d3a281
----------------- Done invoking toplevel() on ptolemy.moml.MoMLSimpleApplication@66d3a281
reloadAllAccessors: .DiscreteClock22

===========================================================================================
----------------- testing Mon Aug 23 21:33:25 UTC 2021 /home/travis/build/icyphy/ptII/ptolemy/actor/lib/test/auto/DiscreteClock23.xml
----------------- Instantiating /home/travis/build/icyphy/ptII/ptolemy/actor/lib/test/auto/DiscreteClock23.xml
6 ms. Memory: 435200K Free: 361564K (83%)
----------------- Invoking toplevel() on ptolemy.moml.MoMLSimpleApplication@2577b53d
----------------- Done invoking toplevel() on ptolemy.moml.MoMLSimpleApplication@2577b53d
reloadAllAccessors: .DiscreteClock23

===========================================================================================
----------------- testing Mon Aug 23 21:33:25 UTC 2021 /home/travis/build/icyphy/ptII/ptolemy/actor/lib/test/auto/DiscreteClock24.xml
----------------- Instantiating /home/travis/build/icyphy/ptII/ptolemy/actor/lib/test/auto/DiscreteClock24.xml
2 ms. Memory: 435200K Free: 356444K (82%)
----------------- Invoking toplevel() on ptolemy.moml.MoMLSimpleApplication@4beaff1d
----------------- Done invoking toplevel() on ptolemy.moml.MoMLSimpleApplication@4beaff1d
reloadAllAccessors: .DiscreteClock24

===========================================================================================
----------------- testing Mon Aug 23 21:33:25 UTC 2021 /home/travis/build/icyphy/ptII/ptolemy/actor/lib/test/auto/DiscreteClock4.xml
----------------- Instantiating /home/travis/build/icyphy/ptII/ptolemy/actor/lib/test/auto/DiscreteClock4.xml
4 ms. Memory: 435200K Free: 350796K (81%)
----------------- Invoking toplevel() on ptolemy.moml.MoMLSimpleApplication@71b7a1a0
----------------- Done invoking toplevel() on ptolemy.moml.MoMLSimpleApplication@71b7a1a0
reloadAllAccessors: .DiscreteClock4

===========================================================================================
----------------- testing Mon Aug 23 21:33:25 UTC 2021 /home/travis/build/icyphy/ptII/ptolemy/actor/lib/test/auto/DiscreteClock5.xml
----------------- Instantiating /home/travis/build/icyphy/ptII/ptolemy/actor/lib/test/auto/DiscreteClock5.xml
1 ms. Memory: 435200K Free: 345180K (79%)
----------------- Invoking toplevel() on ptolemy.moml.MoMLSimpleApplication@1c457efc
----------------- Done invoking toplevel() on ptolemy.moml.MoMLSimpleApplication@1c457efc
reloadAllAccessors: .DiscreteClock5

===========================================================================================
----------------- testing Mon Aug 23 21:33:25 UTC 2021 /home/travis/build/icyphy/ptII/ptolemy/actor/lib/test/auto/DiscreteClock6.xml
----------------- Instantiating /home/travis/build/icyphy/ptII/ptolemy/actor/lib/test/auto/DiscreteClock6.xml
1 ms. Memory: 435200K Free: 340570K (78%)
----------------- Invoking toplevel() on ptolemy.moml.MoMLSimpleApplication@343af9df
----------------- Done invoking toplevel() on ptolemy.moml.MoMLSimpleApplication@343af9df
reloadAllAccessors: .DiscreteClock6

===========================================================================================
----------------- testing Mon Aug 23 21:33:25 UTC 2021 /home/travis/build/icyphy/ptII/ptolemy/actor/lib/test/auto/DiscreteClock7.xml
----------------- Instantiating /home/travis/build/icyphy/ptII/ptolemy/actor/lib/test/auto/DiscreteClock7.xml
2 ms. Memory: 435200K Free: 336474K (77%)
----------------- Invoking toplevel() on ptolemy.moml.MoMLSimpleApplication@45ca1eea
----------------- Done invoking toplevel() on ptolemy.moml.MoMLSimpleApplication@45ca1eea
reloadAllAccessors: .DiscreteClock7

===========================================================================================
----------------- testing Mon Aug 23 21:33:25 UTC 2021 /home/travis/build/icyphy/ptII/ptolemy/actor/lib/test/auto/DiscreteClock8.xml
----------------- Instantiating /home/travis/build/icyphy/ptII/ptolemy/actor/lib/test/auto/DiscreteClock8.xml
2 ms. Memory: 435200K Free: 330844K (76%)
----------------- Invoking toplevel() on ptolemy.moml.MoMLSimpleApplication@42bd4f52
----------------- Done invoking toplevel() on ptolemy.moml.MoMLSimpleApplication@42bd4f52
reloadAllAccessors: .DiscreteClock8

===========================================================================================
----------------- testing Mon Aug 23 21:33:25 UTC 2021 /home/travis/build/icyphy/ptII/ptolemy/actor/lib/test/auto/DiscreteClock9.xml
----------------- Instantiating /home/travis/build/icyphy/ptII/ptolemy/actor/lib/test/auto/DiscreteClock9.xml
4 ms. Memory: 435200K Free: 325204K (75%)
----------------- Invoking toplevel() on ptolemy.moml.MoMLSimpleApplication@4580344c
----------------- Done invoking toplevel() on ptolemy.moml.MoMLSimpleApplication@4580344c
reloadAllAccessors: .DiscreteClock9

===========================================================================================
----------------- testing Mon Aug 23 21:33:25 UTC 2021 /home/travis/build/icyphy/ptII/ptolemy/actor/lib/test/auto/DisplayArray.xml
----------------- Instantiating /home/travis/build/icyphy/ptII/ptolemy/actor/lib/test/auto/DisplayArray.xml
1 ms. Memory: 435200K Free: 321114K (74%)
----------------- Invoking toplevel() on ptolemy.moml.MoMLSimpleApplication@b095de8
----------------- Done invoking toplevel() on ptolemy.moml.MoMLSimpleApplication@b095de8
reloadAllAccessors: .DisplayArray

===========================================================================================
----------------- testing Mon Aug 23 21:33:25 UTC 2021 /home/travis/build/icyphy/ptII/ptolemy/actor/lib/test/auto/Distributor.xml
----------------- Instantiating /home/travis/build/icyphy/ptII/ptolemy/actor/lib/test/auto/Distributor.xml
1 ms. Memory: 435200K Free: 315994K (73%)
----------------- Invoking toplevel() on ptolemy.moml.MoMLSimpleApplication@13b675e2
----------------- Done invoking toplevel() on ptolemy.moml.MoMLSimpleApplication@13b675e2
reloadAllAccessors: .Distributor

===========================================================================================
----------------- testing Mon Aug 23 21:33:25 UTC 2021 /home/travis/build/icyphy/ptII/ptolemy/actor/lib/test/auto/Distributor2.xml
----------------- Instantiating /home/travis/build/icyphy/ptII/ptolemy/actor/lib/test/auto/Distributor2.xml
1 ms. Memory: 435200K Free: 311898K (72%)
----------------- Invoking toplevel() on ptolemy.moml.MoMLSimpleApplication@1236b34e
----------------- Done invoking toplevel() on ptolemy.moml.MoMLSimpleApplication@1236b34e
reloadAllAccessors: .Distributor2

===========================================================================================
----------------- testing Mon Aug 23 21:33:25 UTC 2021 /home/travis/build/icyphy/ptII/ptolemy/actor/lib/test/auto/DownSample.xml
----------------- Instantiating /home/travis/build/icyphy/ptII/ptolemy/actor/lib/test/auto/DownSample.xml
2 ms. Memory: 435200K Free: 307292K (71%)
----------------- Invoking toplevel() on ptolemy.moml.MoMLSimpleApplication@27e02475
----------------- Done invoking toplevel() on ptolemy.moml.MoMLSimpleApplication@27e02475
reloadAllAccessors: .DownSample

===========================================================================================
----------------- testing Mon Aug 23 21:33:25 UTC 2021 /home/travis/build/icyphy/ptII/ptolemy/actor/lib/test/auto/ElectronicUnitBase1.xml
----------------- Instantiating /home/travis/build/icyphy/ptII/ptolemy/actor/lib/test/auto/ElectronicUnitBase1.xml
18 ms. Memory: 435200K Free: 290908K (67%)
----------------- Invoking toplevel() on ptolemy.moml.MoMLSimpleApplication@76d4598b
----------------- Done invoking toplevel() on ptolemy.moml.MoMLSimpleApplication@76d4598b
reloadAllAccessors: .ElectronicUnitBase1

===========================================================================================
----------------- testing Mon Aug 23 21:33:26 UTC 2021 /home/travis/build/icyphy/ptII/ptolemy/actor/lib/test/auto/ElementsToArray.xml
----------------- Instantiating /home/travis/build/icyphy/ptII/ptolemy/actor/lib/test/auto/ElementsToArray.xml
3 ms. Memory: 435200K Free: 285788K (66%)
----------------- Invoking toplevel() on ptolemy.moml.MoMLSimpleApplication@3679f044
----------------- Done invoking toplevel() on ptolemy.moml.MoMLSimpleApplication@3679f044
reloadAllAccessors: .ElementsToArray

===========================================================================================
----------------- testing Mon Aug 23 21:33:26 UTC 2021 /home/travis/build/icyphy/ptII/ptolemy/actor/lib/test/auto/Equals.xml
----------------- Instantiating /home/travis/build/icyphy/ptII/ptolemy/actor/lib/test/auto/Equals.xml
3 ms. Memory: 435200K Free: 281178K (65%)
----------------- Invoking toplevel() on ptolemy.moml.MoMLSimpleApplication@485997
----------------- Done invoking toplevel() on ptolemy.moml.MoMLSimpleApplication@485997
reloadAllAccessors: .Equals

===========================================================================================
----------------- testing Mon Aug 23 21:33:26 UTC 2021 /home/travis/build/icyphy/ptII/ptolemy/actor/lib/test/auto/Exec.xml
----------------- Instantiating /home/travis/build/icyphy/ptII/ptolemy/actor/lib/test/auto/Exec.xml
16 ms. Memory: 435200K Free: 276044K (63%)
----------------- Invoking toplevel() on ptolemy.moml.MoMLSimpleApplication@134ce09e
----------------- Done invoking toplevel() on ptolemy.moml.MoMLSimpleApplication@134ce09e
reloadAllAccessors: .Exec

===========================================================================================
----------------- testing Mon Aug 23 21:33:26 UTC 2021 /home/travis/build/icyphy/ptII/ptolemy/actor/lib/test/auto/ExecEnvironment.xml
----------------- Instantiating /home/travis/build/icyphy/ptII/ptolemy/actor/lib/test/auto/ExecEnvironment.xml
18 ms. Memory: 435200K Free: 270924K (62%)
----------------- Invoking toplevel() on ptolemy.moml.MoMLSimpleApplication@7f24c97
----------------- Done invoking toplevel() on ptolemy.moml.MoMLSimpleApplication@7f24c97
reloadAllAccessors: .ExecEnvironment

===========================================================================================
----------------- testing Mon Aug 23 21:33:26 UTC 2021 /home/travis/build/icyphy/ptII/ptolemy/actor/lib/test/auto/ExecNonZeroReturnOutput.xml
----------------- Instantiating /home/travis/build/icyphy/ptII/ptolemy/actor/lib/test/auto/ExecNonZeroReturnOutput.xml
155 ms. Memory: 435200K Free: 259164K (60%)
----------------- Invoking toplevel() on ptolemy.moml.MoMLSimpleApplication@37201f72
----------------- Done invoking toplevel() on ptolemy.moml.MoMLSimpleApplication@37201f72
reloadAllAccessors: .ExecNonZeroReturnOutput

===========================================================================================
----------------- testing Mon Aug 23 21:33:26 UTC 2021 /home/travis/build/icyphy/ptII/ptolemy/actor/lib/test/auto/ExecRunDemos.xml
----------------- Instantiating /home/travis/build/icyphy/ptII/ptolemy/actor/lib/test/auto/ExecRunDemos.xml
Finished: 119 ms. Memory: 129024K Free: 112364K (87%)

Finished: 58 ms. Memory: 129024K Free: 109475K (85%)

Finished: 59 ms. Memory: 129024K Free: 109599K (85%)

Finished: 86 ms. Memory: 129024K Free: 111112K (86%)

Finished: 51 ms. Memory: 129024K Free: 111928K (87%)

10441 ms. Memory: 435200K Free: 237658K (55%)
----------------- Invoking toplevel() on ptolemy.moml.MoMLSimpleApplication@7f8d7887
----------------- Done invoking toplevel() on ptolemy.moml.MoMLSimpleApplication@7f8d7887
reloadAllAccessors: .ExecRunDemos

===========================================================================================
----------------- testing Mon Aug 23 21:33:36 UTC 2021 /home/travis/build/icyphy/ptII/ptolemy/actor/lib/test/auto/ExecStop.xml
----------------- Instantiating /home/travis/build/icyphy/ptII/ptolemy/actor/lib/test/auto/ExecStop.xml
5017 ms. Memory: 435200K Free: 333570K (77%)
----------------- Invoking toplevel() on ptolemy.moml.MoMLSimpleApplication@6992bc68
----------------- Done invoking toplevel() on ptolemy.moml.MoMLSimpleApplication@6992bc68
reloadAllAccessors: .ExecStop

===========================================================================================
----------------- testing Mon Aug 23 21:33:41 UTC 2021 /home/travis/build/icyphy/ptII/ptolemy/actor/lib/test/auto/ExecutionTimeSDF.xml
----------------- Instantiating /home/travis/build/icyphy/ptII/ptolemy/actor/lib/test/auto/ExecutionTimeSDF.xml
Fired ExecutionTime: -269367296
Fired ExecutionTime: 1364400000
Fired ExecutionTime: 1356800000
6007 ms. Memory: 435200K Free: 321050K (74%)
----------------- Invoking toplevel() on ptolemy.moml.MoMLSimpleApplication@3cdbc7f1
----------------- Done invoking toplevel() on ptolemy.moml.MoMLSimpleApplication@3cdbc7f1
reloadAllAccessors: .ExecutionTimeSDF

===========================================================================================
----------------- testing Mon Aug 23 21:33:47 UTC 2021 /home/travis/build/icyphy/ptII/ptolemy/actor/lib/test/auto/Expression1.xml
----------------- Instantiating /home/travis/build/icyphy/ptII/ptolemy/actor/lib/test/auto/Expression1.xml
2 ms. Memory: 435200K Free: 317482K (73%)
----------------- Invoking toplevel() on ptolemy.moml.MoMLSimpleApplication@1caf9294
----------------- Done invoking toplevel() on ptolemy.moml.MoMLSimpleApplication@1caf9294
reloadAllAccessors: .Expression1

===========================================================================================
----------------- testing Mon Aug 23 21:33:47 UTC 2021 /home/travis/build/icyphy/ptII/ptolemy/actor/lib/test/auto/Expression10.xml
----------------- Instantiating /home/travis/build/icyphy/ptII/ptolemy/actor/lib/test/auto/Expression10.xml
5 ms. Memory: 435200K Free: 311848K (72%)
----------------- Invoking toplevel() on ptolemy.moml.MoMLSimpleApplication@4073dea0
----------------- Done invoking toplevel() on ptolemy.moml.MoMLSimpleApplication@4073dea0
reloadAllAccessors: .Expression10

===========================================================================================
----------------- testing Mon Aug 23 21:33:47 UTC 2021 /home/travis/build/icyphy/ptII/ptolemy/actor/lib/test/auto/Expression11.xml
----------------- Instantiating /home/travis/build/icyphy/ptII/ptolemy/actor/lib/test/auto/Expression11.xml
2 ms. Memory: 435200K Free: 307242K (71%)
----------------- Invoking toplevel() on ptolemy.moml.MoMLSimpleApplication@7e14e461
----------------- Done invoking toplevel() on ptolemy.moml.MoMLSimpleApplication@7e14e461
reloadAllAccessors: .Expression11

===========================================================================================
----------------- testing Mon Aug 23 21:33:48 UTC 2021 /home/travis/build/icyphy/ptII/ptolemy/actor/lib/test/auto/Expression12.xml
----------------- Instantiating /home/travis/build/icyphy/ptII/ptolemy/actor/lib/test/auto/Expression12.xml
3 ms. Memory: 435200K Free: 302122K (69%)
----------------- Invoking toplevel() on ptolemy.moml.MoMLSimpleApplication@15fb1de9
----------------- Done invoking toplevel() on ptolemy.moml.MoMLSimpleApplication@15fb1de9
reloadAllAccessors: .Expression12

===========================================================================================
----------------- testing Mon Aug 23 21:33:48 UTC 2021 /home/travis/build/icyphy/ptII/ptolemy/actor/lib/test/auto/Expression13.xml
----------------- Instantiating /home/travis/build/icyphy/ptII/ptolemy/actor/lib/test/auto/Expression13.xml
3 ms. Memory: 435200K Free: 297002K (68%)
----------------- Invoking toplevel() on ptolemy.moml.MoMLSimpleApplication@14ddffa6
----------------- Done invoking toplevel() on ptolemy.moml.MoMLSimpleApplication@14ddffa6
reloadAllAccessors: .Expression13

===========================================================================================
----------------- testing Mon Aug 23 21:33:48 UTC 2021 /home/travis/build/icyphy/ptII/ptolemy/actor/lib/test/auto/Expression14.xml
----------------- Instantiating /home/travis/build/icyphy/ptII/ptolemy/actor/lib/test/auto/Expression14.xml
5 ms. Memory: 435200K Free: 290858K (67%)
----------------- Invoking toplevel() on ptolemy.moml.MoMLSimpleApplication@619a0f64
----------------- Done invoking toplevel() on ptolemy.moml.MoMLSimpleApplication@619a0f64
reloadAllAccessors: .Expression14

===========================================================================================
----------------- testing Mon Aug 23 21:33:48 UTC 2021 /home/travis/build/icyphy/ptII/ptolemy/actor/lib/test/auto/Expression15.xml
----------------- Instantiating /home/travis/build/icyphy/ptII/ptolemy/actor/lib/test/auto/Expression15.xml
2 ms. Memory: 435200K Free: 286762K (66%)
----------------- Invoking toplevel() on ptolemy.moml.MoMLSimpleApplication@646ecbe5
----------------- Done invoking toplevel() on ptolemy.moml.MoMLSimpleApplication@646ecbe5
reloadAllAccessors: .Expression15

===========================================================================================
----------------- testing Mon Aug 23 21:33:48 UTC 2021 /home/travis/build/icyphy/ptII/ptolemy/actor/lib/test/auto/Expression16.xml
----------------- Instantiating /home/travis/build/icyphy/ptII/ptolemy/actor/lib/test/auto/Expression16.xml
2 ms. Memory: 435200K Free: 282152K (65%)
----------------- Invoking toplevel() on ptolemy.moml.MoMLSimpleApplication@73c9cc47
----------------- Done invoking toplevel() on ptolemy.moml.MoMLSimpleApplication@73c9cc47
reloadAllAccessors: .Expression16

===========================================================================================
----------------- testing Mon Aug 23 21:33:48 UTC 2021 /home/travis/build/icyphy/ptII/ptolemy/actor/lib/test/auto/Expression17.xml
----------------- Instantiating /home/travis/build/icyphy/ptII/ptolemy/actor/lib/test/auto/Expression17.xml
3 ms. Memory: 435200K Free: 277032K (64%)
----------------- Invoking toplevel() on ptolemy.moml.MoMLSimpleApplication@4f1264e9
----------------- Done invoking toplevel() on ptolemy.moml.MoMLSimpleApplication@4f1264e9
reloadAllAccessors: .Expression17

===========================================================================================
----------------- testing Mon Aug 23 21:33:48 UTC 2021 /home/travis/build/icyphy/ptII/ptolemy/actor/lib/test/auto/Expression18.xml
----------------- Instantiating /home/travis/build/icyphy/ptII/ptolemy/actor/lib/test/auto/Expression18.xml
2 ms. Memory: 435200K Free: 271912K (62%)
----------------- Invoking toplevel() on ptolemy.moml.MoMLSimpleApplication@43f6304a
----------------- Done invoking toplevel() on ptolemy.moml.MoMLSimpleApplication@43f6304a
reloadAllAccessors: .Expression18

===========================================================================================
----------------- testing Mon Aug 23 21:33:48 UTC 2021 /home/travis/build/icyphy/ptII/ptolemy/actor/lib/test/auto/Expression2.xml
----------------- Instantiating /home/travis/build/icyphy/ptII/ptolemy/actor/lib/test/auto/Expression2.xml
3 ms. Memory: 435200K Free: 266792K (61%)
----------------- Invoking toplevel() on ptolemy.moml.MoMLSimpleApplication@7969ecc2
----------------- Done invoking toplevel() on ptolemy.moml.MoMLSimpleApplication@7969ecc2
reloadAllAccessors: .Expression2

===========================================================================================
----------------- testing Mon Aug 23 21:33:48 UTC 2021 /home/travis/build/icyphy/ptII/ptolemy/actor/lib/test/auto/Expression3.xml
----------------- Instantiating /home/travis/build/icyphy/ptII/ptolemy/actor/lib/test/auto/Expression3.xml
6 ms. Memory: 435200K Free: 262186K (60%)
----------------- Invoking toplevel() on ptolemy.moml.MoMLSimpleApplication@16dfe0ff
----------------- Done invoking toplevel() on ptolemy.moml.MoMLSimpleApplication@16dfe0ff
reloadAllAccessors: .Expression3

===========================================================================================
----------------- testing Mon Aug 23 21:33:48 UTC 2021 /home/travis/build/icyphy/ptII/ptolemy/actor/lib/test/auto/Expression4.xml
----------------- Instantiating /home/travis/build/icyphy/ptII/ptolemy/actor/lib/test/auto/Expression4.xml
5 ms. Memory: 435200K Free: 254504K (58%)
----------------- Invoking toplevel() on ptolemy.moml.MoMLSimpleApplication@67f23ec0
----------------- Done invoking toplevel() on ptolemy.moml.MoMLSimpleApplication@67f23ec0
reloadAllAccessors: .Expression4

===========================================================================================
----------------- testing Mon Aug 23 21:33:48 UTC 2021 /home/travis/build/icyphy/ptII/ptolemy/actor/lib/test/auto/Expression5.xml
----------------- Instantiating /home/travis/build/icyphy/ptII/ptolemy/actor/lib/test/auto/Expression5.xml
6 ms. Memory: 435200K Free: 249384K (57%)
----------------- Invoking toplevel() on ptolemy.moml.MoMLSimpleApplication@73294c57
----------------- Done invoking toplevel() on ptolemy.moml.MoMLSimpleApplication@73294c57
reloadAllAccessors: .Expression5

===========================================================================================
----------------- testing Mon Aug 23 21:33:48 UTC 2021 /home/travis/build/icyphy/ptII/ptolemy/actor/lib/test/auto/Expression6.xml
----------------- Instantiating /home/travis/build/icyphy/ptII/ptolemy/actor/lib/test/auto/Expression6.xml
2 ms. Memory: 435200K Free: 245288K (56%)
----------------- Invoking toplevel() on ptolemy.moml.MoMLSimpleApplication@19cdf9bd
----------------- Done invoking toplevel() on ptolemy.moml.MoMLSimpleApplication@19cdf9bd
reloadAllAccessors: .Expression6

===========================================================================================
----------------- testing Mon Aug 23 21:33:48 UTC 2021 /home/travis/build/icyphy/ptII/ptolemy/actor/lib/test/auto/Expression7.xml
----------------- Instantiating /home/travis/build/icyphy/ptII/ptolemy/actor/lib/test/auto/Expression7.xml
11 ms. Memory: 435200K Free: 240168K (55%)
----------------- Invoking toplevel() on ptolemy.moml.MoMLSimpleApplication@6cc3fda6
----------------- Done invoking toplevel() on ptolemy.moml.MoMLSimpleApplication@6cc3fda6
reloadAllAccessors: .Expression7

===========================================================================================
----------------- testing Mon Aug 23 21:33:48 UTC 2021 /home/travis/build/icyphy/ptII/ptolemy/actor/lib/test/auto/Expression8.xml
----------------- Instantiating /home/travis/build/icyphy/ptII/ptolemy/actor/lib/test/auto/Expression8.xml
9 ms. Memory: 435200K Free: 235048K (54%)
----------------- Invoking toplevel() on ptolemy.moml.MoMLSimpleApplication@59e3521e
----------------- Done invoking toplevel() on ptolemy.moml.MoMLSimpleApplication@59e3521e
reloadAllAccessors: .Expression8

===========================================================================================
----------------- testing Mon Aug 23 21:33:48 UTC 2021 /home/travis/build/icyphy/ptII/ptolemy/actor/lib/test/auto/Expression9.xml
----------------- Instantiating /home/travis/build/icyphy/ptII/ptolemy/actor/lib/test/auto/Expression9.xml
1 ms. Memory: 435200K Free: 230952K (53%)
----------------- Invoking toplevel() on ptolemy.moml.MoMLSimpleApplication@576fa90c
----------------- Done invoking toplevel() on ptolemy.moml.MoMLSimpleApplication@576fa90c
reloadAllAccessors: .Expression9

===========================================================================================
----------------- testing Mon Aug 23 21:33:48 UTC 2021 /home/travis/build/icyphy/ptII/ptolemy/actor/lib/test/auto/ExpressionConcatenateArrayType.xml
----------------- Instantiating /home/travis/build/icyphy/ptII/ptolemy/actor/lib/test/auto/ExpressionConcatenateArrayType.xml
2 ms. Memory: 435200K Free: 224298K (52%)
----------------- Invoking toplevel() on ptolemy.moml.MoMLSimpleApplication@47a581dc
----------------- Done invoking toplevel() on ptolemy.moml.MoMLSimpleApplication@47a581dc
reloadAllAccessors: .ExpressionConcatenateArrayType

===========================================================================================
----------------- testing Mon Aug 23 21:33:48 UTC 2021 /home/travis/build/icyphy/ptII/ptolemy/actor/lib/test/auto/ExpressionConcatenateArrayType2.xml
----------------- Instantiating /home/travis/build/icyphy/ptII/ptolemy/actor/lib/test/auto/ExpressionConcatenateArrayType2.xml
3 ms. Memory: 435200K Free: 218664K (50%)
----------------- Invoking toplevel() on ptolemy.moml.MoMLSimpleApplication@7b44bcb0
----------------- Done invoking toplevel() on ptolemy.moml.MoMLSimpleApplication@7b44bcb0
reloadAllAccessors: .ExpressionConcatenateArrayType2

===========================================================================================
----------------- testing Mon Aug 23 21:33:48 UTC 2021 /home/travis/build/icyphy/ptII/ptolemy/actor/lib/test/auto/ExpressionFix.xml
----------------- Instantiating /home/travis/build/icyphy/ptII/ptolemy/actor/lib/test/auto/ExpressionFix.xml
21 ms. Memory: 435200K Free: 212010K (49%)
----------------- Invoking toplevel() on ptolemy.moml.MoMLSimpleApplication@15ea0ace
----------------- Done invoking toplevel() on ptolemy.moml.MoMLSimpleApplication@15ea0ace
reloadAllAccessors: .ExpressionFix

===========================================================================================
----------------- testing Mon Aug 23 21:33:48 UTC 2021 /home/travis/build/icyphy/ptII/ptolemy/actor/lib/test/auto/ExpressionFix2.xml
----------------- Instantiating /home/travis/build/icyphy/ptII/ptolemy/actor/lib/test/auto/ExpressionFix2.xml
3 ms. Memory: 435200K Free: 207914K (48%)
----------------- Invoking toplevel() on ptolemy.moml.MoMLSimpleApplication@2fce0805
----------------- Done invoking toplevel() on ptolemy.moml.MoMLSimpleApplication@2fce0805
reloadAllAccessors: .ExpressionFix2

===========================================================================================
----------------- testing Mon Aug 23 21:33:48 UTC 2021 /home/travis/build/icyphy/ptII/ptolemy/actor/lib/test/auto/ExpressionFix3.xml
----------------- Instantiating /home/travis/build/icyphy/ptII/ptolemy/actor/lib/test/auto/ExpressionFix3.xml
2 ms. Memory: 435200K Free: 203304K (47%)
----------------- Invoking toplevel() on ptolemy.moml.MoMLSimpleApplication@2be1f2e7
----------------- Done invoking toplevel() on ptolemy.moml.MoMLSimpleApplication@2be1f2e7
reloadAllAccessors: .ExpressionFix3

===========================================================================================
----------------- testing Mon Aug 23 21:33:48 UTC 2021 /home/travis/build/icyphy/ptII/ptolemy/actor/lib/test/auto/FileWriter1.xml
----------------- Instantiating /home/travis/build/icyphy/ptII/ptolemy/actor/lib/test/auto/FileWriter1.xml
2 ms. Memory: 435200K Free: 199722K (46%)
----------------- Invoking toplevel() on ptolemy.moml.MoMLSimpleApplication@1dd11478
----------------- Done invoking toplevel() on ptolemy.moml.MoMLSimpleApplication@1dd11478
reloadAllAccessors: .FileWriter1

===========================================================================================
----------------- testing Mon Aug 23 21:33:48 UTC 2021 /home/travis/build/icyphy/ptII/ptolemy/actor/lib/test/auto/FileWriter2.xml
----------------- Instantiating /home/travis/build/icyphy/ptII/ptolemy/actor/lib/test/auto/FileWriter2.xml
2 ms. Memory: 435200K Free: 195098K (45%)
----------------- Invoking toplevel() on ptolemy.moml.MoMLSimpleApplication@355ac03f
----------------- Done invoking toplevel() on ptolemy.moml.MoMLSimpleApplication@355ac03f
reloadAllAccessors: .FileWriter2

===========================================================================================
----------------- testing Mon Aug 23 21:33:48 UTC 2021 /home/travis/build/icyphy/ptII/ptolemy/actor/lib/test/auto/FileWriter3.xml
----------------- Instantiating /home/travis/build/icyphy/ptII/ptolemy/actor/lib/test/auto/FileWriter3.xml
2 ms. Memory: 435200K Free: 191016K (44%)
----------------- Invoking toplevel() on ptolemy.moml.MoMLSimpleApplication@61892754
----------------- Done invoking toplevel() on ptolemy.moml.MoMLSimpleApplication@61892754
reloadAllAccessors: .FileWriter3

===========================================================================================
----------------- testing Mon Aug 23 21:33:48 UTC 2021 /home/travis/build/icyphy/ptII/ptolemy/actor/lib/test/auto/Gaussian.xml
----------------- Instantiating /home/travis/build/icyphy/ptII/ptolemy/actor/lib/test/auto/Gaussian.xml
2 ms. Memory: 435200K Free: 186410K (43%)
----------------- Invoking toplevel() on ptolemy.moml.MoMLSimpleApplication@11b3513a
----------------- Done invoking toplevel() on ptolemy.moml.MoMLSimpleApplication@11b3513a
reloadAllAccessors: .Gaussian

===========================================================================================
----------------- testing Mon Aug 23 21:33:48 UTC 2021 /home/travis/build/icyphy/ptII/ptolemy/actor/lib/test/auto/Gaussian1.xml
----------------- Instantiating /home/travis/build/icyphy/ptII/ptolemy/actor/lib/test/auto/Gaussian1.xml
1 ms. Memory: 435200K Free: 181290K (42%)
----------------- Invoking toplevel() on ptolemy.moml.MoMLSimpleApplication@71d7e441
----------------- Done invoking toplevel() on ptolemy.moml.MoMLSimpleApplication@71d7e441
reloadAllAccessors: .Gaussian1

===========================================================================================
----------------- testing Mon Aug 23 21:33:48 UTC 2021 /home/travis/build/icyphy/ptII/ptolemy/actor/lib/test/auto/Gaussian2.xml
----------------- Instantiating /home/travis/build/icyphy/ptII/ptolemy/actor/lib/test/auto/Gaussian2.xml
9 ms. Memory: 435200K Free: 176170K (40%)
----------------- Invoking toplevel() on ptolemy.moml.MoMLSimpleApplication@b7cf91f
----------------- Done invoking toplevel() on ptolemy.moml.MoMLSimpleApplication@b7cf91f
reloadAllAccessors: .Gaussian2

===========================================================================================
----------------- testing Mon Aug 23 21:33:48 UTC 2021 /home/travis/build/icyphy/ptII/ptolemy/actor/lib/test/auto/GradientAdaptiveLattice.xml
----------------- Instantiating /home/travis/build/icyphy/ptII/ptolemy/actor/lib/test/auto/GradientAdaptiveLattice.xml
3 ms. Memory: 435200K Free: 171050K (39%)
----------------- Invoking toplevel() on ptolemy.moml.MoMLSimpleApplication@4450b742
----------------- Done invoking toplevel() on ptolemy.moml.MoMLSimpleApplication@4450b742
reloadAllAccessors: .GradientAdaptiveLattice

===========================================================================================
----------------- testing Mon Aug 23 21:33:48 UTC 2021 /home/travis/build/icyphy/ptII/ptolemy/actor/lib/test/auto/IIR.xml
----------------- Instantiating /home/travis/build/icyphy/ptII/ptolemy/actor/lib/test/auto/IIR.xml
2 ms. Memory: 435200K Free: 166440K (38%)
----------------- Invoking toplevel() on ptolemy.moml.MoMLSimpleApplication@277644ee
----------------- Done invoking toplevel() on ptolemy.moml.MoMLSimpleApplication@277644ee
reloadAllAccessors: .IIR

===========================================================================================
----------------- testing Mon Aug 23 21:33:48 UTC 2021 /home/travis/build/icyphy/ptII/ptolemy/actor/lib/test/auto/InputOutputTransparentPorts.xml
----------------- Instantiating /home/travis/build/icyphy/ptII/ptolemy/actor/lib/test/auto/InputOutputTransparentPorts.xml
2 ms. Memory: 435200K Free: 159272K (37%)
----------------- Invoking toplevel() on ptolemy.moml.MoMLSimpleApplication@6ed488ba
----------------- Done invoking toplevel() on ptolemy.moml.MoMLSimpleApplication@6ed488ba
reloadAllAccessors: .InputOutputTransparentPorts

===========================================================================================
----------------- testing Mon Aug 23 21:33:48 UTC 2021 /home/travis/build/icyphy/ptII/ptolemy/actor/lib/test/auto/Interpolator.xml
----------------- Instantiating /home/travis/build/icyphy/ptII/ptolemy/actor/lib/test/auto/Interpolator.xml
4 ms. Memory: 435200K Free: 155162K (36%)
----------------- Invoking toplevel() on ptolemy.moml.MoMLSimpleApplication@1102ebb
----------------- Done invoking toplevel() on ptolemy.moml.MoMLSimpleApplication@1102ebb
reloadAllAccessors: .Interpolator

===========================================================================================
----------------- testing Mon Aug 23 21:33:48 UTC 2021 /home/travis/build/icyphy/ptII/ptolemy/actor/lib/test/auto/InterpolatorFiringLimitDE.xml
----------------- Instantiating /home/travis/build/icyphy/ptII/ptolemy/actor/lib/test/auto/InterpolatorFiringLimitDE.xml
2 ms. Memory: 435200K Free: 149546K (34%)
----------------- Invoking toplevel() on ptolemy.moml.MoMLSimpleApplication@3bf17007
----------------- Done invoking toplevel() on ptolemy.moml.MoMLSimpleApplication@3bf17007
reloadAllAccessors: .InterpolatorFiringLimitDE

===========================================================================================
----------------- testing Mon Aug 23 21:33:48 UTC 2021 /home/travis/build/icyphy/ptII/ptolemy/actor/lib/test/auto/Lattice.xml
----------------- Instantiating /home/travis/build/icyphy/ptII/ptolemy/actor/lib/test/auto/Lattice.xml
1 ms. Memory: 435200K Free: 145450K (33%)
----------------- Invoking toplevel() on ptolemy.moml.MoMLSimpleApplication@2e2f6516
----------------- Done invoking toplevel() on ptolemy.moml.MoMLSimpleApplication@2e2f6516
reloadAllAccessors: .Lattice

===========================================================================================
----------------- testing Mon Aug 23 21:33:48 UTC 2021 /home/travis/build/icyphy/ptII/ptolemy/actor/lib/test/auto/LazyAOCTestLazy.xml
----------------- Instantiating /home/travis/build/icyphy/ptII/ptolemy/actor/lib/test/auto/LazyAOCTestLazy.xml
15 ms. Memory: 435200K Free: 139306K (32%)
----------------- Invoking toplevel() on ptolemy.moml.MoMLSimpleApplication@6a340694
----------------- Done invoking toplevel() on ptolemy.moml.MoMLSimpleApplication@6a340694
reloadAllAccessors: .LazyAOCTestLazy

===========================================================================================
----------------- testing Mon Aug 23 21:33:48 UTC 2021 /home/travis/build/icyphy/ptII/ptolemy/actor/lib/test/auto/LazyAOCTestNonLazy.xml
----------------- Instantiating /home/travis/build/icyphy/ptII/ptolemy/actor/lib/test/auto/LazyAOCTestNonLazy.xml
2 ms. Memory: 435200K Free: 132648K (30%)
----------------- Invoking toplevel() on ptolemy.moml.MoMLSimpleApplication@2c5a08b
----------------- Done invoking toplevel() on ptolemy.moml.MoMLSimpleApplication@2c5a08b
reloadAllAccessors: .LazyAOCTestNonLazy

===========================================================================================
----------------- testing Mon Aug 23 21:33:48 UTC 2021 /home/travis/build/icyphy/ptII/ptolemy/actor/lib/test/auto/LazyInnerClass.xml
----------------- Instantiating /home/travis/build/icyphy/ptII/ptolemy/actor/lib/test/auto/LazyInnerClass.xml
33 ms. Memory: 435200K Free: 381900K (88%)
----------------- Invoking toplevel() on ptolemy.moml.MoMLSimpleApplication@18e109c
----------------- Done invoking toplevel() on ptolemy.moml.MoMLSimpleApplication@18e109c
reloadAllAccessors: .LazyInnerClass

===========================================================================================
----------------- testing Mon Aug 23 21:33:48 UTC 2021 /home/travis/build/icyphy/ptII/ptolemy/actor/lib/test/auto/LazyPubSub.xml
----------------- Instantiating /home/travis/build/icyphy/ptII/ptolemy/actor/lib/test/auto/LazyPubSub.xml
17 ms. Memory: 435200K Free: 371500K (85%)
----------------- Invoking toplevel() on ptolemy.moml.MoMLSimpleApplication@3af8d798
----------------- Done invoking toplevel() on ptolemy.moml.MoMLSimpleApplication@3af8d798
reloadAllAccessors: .LazyPubSub

===========================================================================================
----------------- testing Mon Aug 23 21:33:48 UTC 2021 /home/travis/build/icyphy/ptII/ptolemy/actor/lib/test/auto/LazyPubSub2.xml
----------------- Instantiating /home/travis/build/icyphy/ptII/ptolemy/actor/lib/test/auto/LazyPubSub2.xml
15 ms. Memory: 435200K Free: 361260K (83%)
----------------- Invoking toplevel() on ptolemy.moml.MoMLSimpleApplication@12131420
----------------- Done invoking toplevel() on ptolemy.moml.MoMLSimpleApplication@12131420
reloadAllAccessors: .LazyPubSub2

===========================================================================================
----------------- testing Mon Aug 23 21:33:48 UTC 2021 /home/travis/build/icyphy/ptII/ptolemy/actor/lib/test/auto/LazyPubSub3.xml
----------------- Instantiating /home/travis/build/icyphy/ptII/ptolemy/actor/lib/test/auto/LazyPubSub3.xml
12 ms. Memory: 435200K Free: 351020K (81%)
----------------- Invoking toplevel() on ptolemy.moml.MoMLSimpleApplication@b88c6f1
----------------- Done invoking toplevel() on ptolemy.moml.MoMLSimpleApplication@b88c6f1
reloadAllAccessors: .LazyPubSub3

===========================================================================================
----------------- testing Mon Aug 23 21:33:48 UTC 2021 /home/travis/build/icyphy/ptII/ptolemy/actor/lib/test/auto/LazySubClassModel.xml
----------------- Instantiating /home/travis/build/icyphy/ptII/ptolemy/actor/lib/test/auto/LazySubClassModel.xml
2 ms. Memory: 435200K Free: 341290K (78%)
----------------- Invoking toplevel() on ptolemy.moml.MoMLSimpleApplication@4d2e7c4e
----------------- Done invoking toplevel() on ptolemy.moml.MoMLSimpleApplication@4d2e7c4e
reloadAllAccessors: .LazySubClassModel

===========================================================================================
----------------- testing Mon Aug 23 21:33:48 UTC 2021 /home/travis/build/icyphy/ptII/ptolemy/actor/lib/test/auto/LevelCrossTest1.xml
----------------- Instantiating /home/travis/build/icyphy/ptII/ptolemy/actor/lib/test/auto/LevelCrossTest1.xml
1 ms. Memory: 435200K Free: 335660K (77%)
----------------- Invoking toplevel() on ptolemy.moml.MoMLSimpleApplication@746cc9c9
----------------- Done invoking toplevel() on ptolemy.moml.MoMLSimpleApplication@746cc9c9
reloadAllAccessors: .broken

===========================================================================================
----------------- testing Mon Aug 23 21:33:48 UTC 2021 /home/travis/build/icyphy/ptII/ptolemy/actor/lib/test/auto/LevelCrossTest10.xml
----------------- Instantiating /home/travis/build/icyphy/ptII/ptolemy/actor/lib/test/auto/LevelCrossTest10.xml
1 ms. Memory: 435200K Free: 329516K (76%)
----------------- Invoking toplevel() on ptolemy.moml.MoMLSimpleApplication@4ba601ba
----------------- Done invoking toplevel() on ptolemy.moml.MoMLSimpleApplication@4ba601ba
reloadAllAccessors: .LevelCrossTest10

===========================================================================================
----------------- testing Mon Aug 23 21:33:48 UTC 2021 /home/travis/build/icyphy/ptII/ptolemy/actor/lib/test/auto/LevelCrossTest11.xml
----------------- Instantiating /home/travis/build/icyphy/ptII/ptolemy/actor/lib/test/auto/LevelCrossTest11.xml
1 ms. Memory: 435200K Free: 322858K (74%)
----------------- Invoking toplevel() on ptolemy.moml.MoMLSimpleApplication@6073299f
----------------- Done invoking toplevel() on ptolemy.moml.MoMLSimpleApplication@6073299f
reloadAllAccessors: .LevelCrossTest11

===========================================================================================
----------------- testing Mon Aug 23 21:33:48 UTC 2021 /home/travis/build/icyphy/ptII/ptolemy/actor/lib/test/auto/LevelCrossTest12.xml
----------------- Instantiating /home/travis/build/icyphy/ptII/ptolemy/actor/lib/test/auto/LevelCrossTest12.xml
5 ms. Memory: 435200K Free: 315690K (73%)
----------------- Invoking toplevel() on ptolemy.moml.MoMLSimpleApplication@1c6fdd5f
----------------- Done invoking toplevel() on ptolemy.moml.MoMLSimpleApplication@1c6fdd5f
reloadAllAccessors: .LevelCrossTest12

===========================================================================================
----------------- testing Mon Aug 23 21:33:49 UTC 2021 /home/travis/build/icyphy/ptII/ptolemy/actor/lib/test/auto/LevelCrossTest13.xml
----------------- Instantiating /home/travis/build/icyphy/ptII/ptolemy/actor/lib/test/auto/LevelCrossTest13.xml
1 ms. Memory: 435200K Free: 308522K (71%)
----------------- Invoking toplevel() on ptolemy.moml.MoMLSimpleApplication@69f4bdd3
----------------- Done invoking toplevel() on ptolemy.moml.MoMLSimpleApplication@69f4bdd3
reloadAllAccessors: .LevelCrossTest13

===========================================================================================
----------------- testing Mon Aug 23 21:33:49 UTC 2021 /home/travis/build/icyphy/ptII/ptolemy/actor/lib/test/auto/LevelCrossTest2.xml
----------------- Instantiating /home/travis/build/icyphy/ptII/ptolemy/actor/lib/test/auto/LevelCrossTest2.xml
1 ms. Memory: 435200K Free: 302378K (69%)
----------------- Invoking toplevel() on ptolemy.moml.MoMLSimpleApplication@66079055
----------------- Done invoking toplevel() on ptolemy.moml.MoMLSimpleApplication@66079055
reloadAllAccessors: .broken

===========================================================================================
----------------- testing Mon Aug 23 21:33:49 UTC 2021 /home/travis/build/icyphy/ptII/ptolemy/actor/lib/test/auto/LevelCrossTest3.xml
----------------- Instantiating /home/travis/build/icyphy/ptII/ptolemy/actor/lib/test/auto/LevelCrossTest3.xml
1 ms. Memory: 435200K Free: 296234K (68%)
----------------- Invoking toplevel() on ptolemy.moml.MoMLSimpleApplication@1fe2a001
----------------- Done invoking toplevel() on ptolemy.moml.MoMLSimpleApplication@1fe2a001
reloadAllAccessors: .LevelCrossTest3

===========================================================================================
----------------- testing Mon Aug 23 21:33:49 UTC 2021 /home/travis/build/icyphy/ptII/ptolemy/actor/lib/test/auto/LevelCrossTest4.xml
----------------- Instantiating /home/travis/build/icyphy/ptII/ptolemy/actor/lib/test/auto/LevelCrossTest4.xml
1 ms. Memory: 435200K Free: 291114K (67%)
----------------- Invoking toplevel() on ptolemy.moml.MoMLSimpleApplication@152d40ae
----------------- Done invoking toplevel() on ptolemy.moml.MoMLSimpleApplication@152d40ae
reloadAllAccessors: .broken

===========================================================================================
----------------- testing Mon Aug 23 21:33:49 UTC 2021 /home/travis/build/icyphy/ptII/ptolemy/actor/lib/test/auto/LevelCrossTest5.xml
----------------- Instantiating /home/travis/build/icyphy/ptII/ptolemy/actor/lib/test/auto/LevelCrossTest5.xml
1 ms. Memory: 435200K Free: 283946K (65%)
----------------- Invoking toplevel() on ptolemy.moml.MoMLSimpleApplication@1108b0e4
----------------- Done invoking toplevel() on ptolemy.moml.MoMLSimpleApplication@1108b0e4
reloadAllAccessors: .LevelCrossTest5

===========================================================================================
----------------- testing Mon Aug 23 21:33:49 UTC 2021 /home/travis/build/icyphy/ptII/ptolemy/actor/lib/test/auto/LevelCrossTest6.xml
----------------- Instantiating /home/travis/build/icyphy/ptII/ptolemy/actor/lib/test/auto/LevelCrossTest6.xml
1 ms. Memory: 435200K Free: 277292K (64%)
----------------- Invoking toplevel() on ptolemy.moml.MoMLSimpleApplication@1090e745
----------------- Done invoking toplevel() on ptolemy.moml.MoMLSimpleApplication@1090e745
reloadAllAccessors: .LevelCrossTest6

===========================================================================================
----------------- testing Mon Aug 23 21:33:49 UTC 2021 /home/travis/build/icyphy/ptII/ptolemy/actor/lib/test/auto/LevelCrossTest7.xml
----------------- Instantiating /home/travis/build/icyphy/ptII/ptolemy/actor/lib/test/auto/LevelCrossTest7.xml
1 ms. Memory: 435200K Free: 268586K (62%)
----------------- Invoking toplevel() on ptolemy.moml.MoMLSimpleApplication@1f074b56
----------------- Done invoking toplevel() on ptolemy.moml.MoMLSimpleApplication@1f074b56
reloadAllAccessors: .LevelCrossTest7

===========================================================================================
----------------- testing Mon Aug 23 21:33:49 UTC 2021 /home/travis/build/icyphy/ptII/ptolemy/actor/lib/test/auto/LevelCrossTest8.xml
----------------- Instantiating /home/travis/build/icyphy/ptII/ptolemy/actor/lib/test/auto/LevelCrossTest8.xml
1 ms. Memory: 435200K Free: 261418K (60%)
----------------- Invoking toplevel() on ptolemy.moml.MoMLSimpleApplication@3ddab523
----------------- Done invoking toplevel() on ptolemy.moml.MoMLSimpleApplication@3ddab523
reloadAllAccessors: .LevelCrossTest8

===========================================================================================
----------------- testing Mon Aug 23 21:33:49 UTC 2021 /home/travis/build/icyphy/ptII/ptolemy/actor/lib/test/auto/LevelCrossTest9.xml
----------------- Instantiating /home/travis/build/icyphy/ptII/ptolemy/actor/lib/test/auto/LevelCrossTest9.xml
1 ms. Memory: 435200K Free: 254764K (59%)
----------------- Invoking toplevel() on ptolemy.moml.MoMLSimpleApplication@33c6f0f
----------------- Done invoking toplevel() on ptolemy.moml.MoMLSimpleApplication@33c6f0f
reloadAllAccessors: .LevelCrossTest9

===========================================================================================
----------------- testing Mon Aug 23 21:33:49 UTC 2021 /home/travis/build/icyphy/ptII/ptolemy/actor/lib/test/auto/LevinsonDurbin.xml
----------------- Instantiating /home/travis/build/icyphy/ptII/ptolemy/actor/lib/test/auto/LevinsonDurbin.xml
9 ms. Memory: 435200K Free: 250668K (58%)
----------------- Invoking toplevel() on ptolemy.moml.MoMLSimpleApplication@14907473
----------------- Done invoking toplevel() on ptolemy.moml.MoMLSimpleApplication@14907473
reloadAllAccessors: .LevinsonDurbin

===========================================================================================
----------------- testing Mon Aug 23 21:33:49 UTC 2021 /home/travis/build/icyphy/ptII/ptolemy/actor/lib/test/auto/LevinsonDurbin2.xml
----------------- Instantiating /home/travis/build/icyphy/ptII/ptolemy/actor/lib/test/auto/LevinsonDurbin2.xml
1 ms. Memory: 435200K Free: 246572K (57%)
----------------- Invoking toplevel() on ptolemy.moml.MoMLSimpleApplication@26877a19
----------------- Done invoking toplevel() on ptolemy.moml.MoMLSimpleApplication@26877a19
reloadAllAccessors: .LevinsonDurbin2

===========================================================================================
----------------- testing Mon Aug 23 21:33:49 UTC 2021 /home/travis/build/icyphy/ptII/ptolemy/actor/lib/test/auto/LevinsonDurbin3.xml
----------------- Instantiating /home/travis/build/icyphy/ptII/ptolemy/actor/lib/test/auto/LevinsonDurbin3.xml
3 ms. Memory: 435200K Free: 242986K (56%)
----------------- Invoking toplevel() on ptolemy.moml.MoMLSimpleApplication@5564c1d0
----------------- Done invoking toplevel() on ptolemy.moml.MoMLSimpleApplication@5564c1d0
reloadAllAccessors: .LevinsonDurbin3

===========================================================================================
----------------- testing Mon Aug 23 21:33:49 UTC 2021 /home/travis/build/icyphy/ptII/ptolemy/actor/lib/test/auto/Limiter.xml
----------------- Instantiating /home/travis/build/icyphy/ptII/ptolemy/actor/lib/test/auto/Limiter.xml
4 ms. Memory: 435200K Free: 233740K (54%)
----------------- Invoking toplevel() on ptolemy.moml.MoMLSimpleApplication@1a9cabc1
----------------- Done invoking toplevel() on ptolemy.moml.MoMLSimpleApplication@1a9cabc1
reloadAllAccessors: .Limiter

===========================================================================================
----------------- testing Mon Aug 23 21:33:49 UTC 2021 /home/travis/build/icyphy/ptII/ptolemy/actor/lib/test/auto/LinearDifferenceEquationSystem.xml
----------------- Instantiating /home/travis/build/icyphy/ptII/ptolemy/actor/lib/test/auto/LinearDifferenceEquationSystem.xml
4 ms. Memory: 435200K Free: 226602K (52%)
----------------- Invoking toplevel() on ptolemy.moml.MoMLSimpleApplication@1953a15c
----------------- Done invoking toplevel() on ptolemy.moml.MoMLSimpleApplication@1953a15c
reloadAllAccessors: .LinearDifferenceEquationSystem

===========================================================================================
----------------- testing Mon Aug 23 21:33:49 UTC 2021 /home/travis/build/icyphy/ptII/ptolemy/actor/lib/test/auto/LookupTable.xml
----------------- Instantiating /home/travis/build/icyphy/ptII/ptolemy/actor/lib/test/auto/LookupTable.xml
1 ms. Memory: 435200K Free: 221996K (51%)
----------------- Invoking toplevel() on ptolemy.moml.MoMLSimpleApplication@6574fc56
----------------- Done invoking toplevel() on ptolemy.moml.MoMLSimpleApplication@6574fc56
reloadAllAccessors: .LookupTable

===========================================================================================
----------------- testing Mon Aug 23 21:33:49 UTC 2021 /home/travis/build/icyphy/ptII/ptolemy/actor/lib/test/auto/MathFunction.xml
----------------- Instantiating /home/travis/build/icyphy/ptII/ptolemy/actor/lib/test/auto/MathFunction.xml
2 ms. Memory: 435200K Free: 213804K (49%)
----------------- Invoking toplevel() on ptolemy.moml.MoMLSimpleApplication@383bdd03
----------------- Done invoking toplevel() on ptolemy.moml.MoMLSimpleApplication@383bdd03
reloadAllAccessors: .MathFunction

===========================================================================================
----------------- testing Mon Aug 23 21:33:49 UTC 2021 /home/travis/build/icyphy/ptII/ptolemy/actor/lib/test/auto/MathFunction2.xml
----------------- Instantiating /home/travis/build/icyphy/ptII/ptolemy/actor/lib/test/auto/MathFunction2.xml
8 ms. Memory: 435200K Free: 209708K (48%)
----------------- Invoking toplevel() on ptolemy.moml.MoMLSimpleApplication@7e678574
----------------- Done invoking toplevel() on ptolemy.moml.MoMLSimpleApplication@7e678574
reloadAllAccessors: .MathFunction2

===========================================================================================
----------------- testing Mon Aug 23 21:33:49 UTC 2021 /home/travis/build/icyphy/ptII/ptolemy/actor/lib/test/auto/MathFunction3.xml
----------------- Instantiating /home/travis/build/icyphy/ptII/ptolemy/actor/lib/test/auto/MathFunction3.xml
3 ms. Memory: 435200K Free: 202540K (47%)
----------------- Invoking toplevel() on ptolemy.moml.MoMLSimpleApplication@6886c8bc
----------------- Done invoking toplevel() on ptolemy.moml.MoMLSimpleApplication@6886c8bc
reloadAllAccessors: .MathFunction3

===========================================================================================
----------------- testing Mon Aug 23 21:33:49 UTC 2021 /home/travis/build/icyphy/ptII/ptolemy/actor/lib/test/auto/MatrixCropBoolean.xml
----------------- Instantiating /home/travis/build/icyphy/ptII/ptolemy/actor/lib/test/auto/MatrixCropBoolean.xml
2 ms. Memory: 435200K Free: 197420K (45%)
----------------- Invoking toplevel() on ptolemy.moml.MoMLSimpleApplication@427923da
----------------- Done invoking toplevel() on ptolemy.moml.MoMLSimpleApplication@427923da
reloadAllAccessors: .MatrixCropBoolean

===========================================================================================
----------------- testing Mon Aug 23 21:33:49 UTC 2021 /home/travis/build/icyphy/ptII/ptolemy/actor/lib/test/auto/MatrixCropComplex.xml
----------------- Instantiating /home/travis/build/icyphy/ptII/ptolemy/actor/lib/test/auto/MatrixCropComplex.xml
2 ms. Memory: 435200K Free: 192804K (44%)
----------------- Invoking toplevel() on ptolemy.moml.MoMLSimpleApplication@4855b6f6
----------------- Done invoking toplevel() on ptolemy.moml.MoMLSimpleApplication@4855b6f6
reloadAllAccessors: .MatrixCropComplex

===========================================================================================
----------------- testing Mon Aug 23 21:33:49 UTC 2021 /home/travis/build/icyphy/ptII/ptolemy/actor/lib/test/auto/MatrixCropDouble.xml
----------------- Instantiating /home/travis/build/icyphy/ptII/ptolemy/actor/lib/test/auto/MatrixCropDouble.xml
2 ms. Memory: 435200K Free: 187660K (43%)
----------------- Invoking toplevel() on ptolemy.moml.MoMLSimpleApplication@4216b745
----------------- Done invoking toplevel() on ptolemy.moml.MoMLSimpleApplication@4216b745
reloadAllAccessors: .MatrixCropDouble

===========================================================================================
----------------- testing Mon Aug 23 21:33:49 UTC 2021 /home/travis/build/icyphy/ptII/ptolemy/actor/lib/test/auto/MatrixCropFix.xml
----------------- Instantiating /home/travis/build/icyphy/ptII/ptolemy/actor/lib/test/auto/MatrixCropFix.xml
1 ms. Memory: 435200K Free: 182556K (42%)
----------------- Invoking toplevel() on ptolemy.moml.MoMLSimpleApplication@79fc3737
----------------- Done invoking toplevel() on ptolemy.moml.MoMLSimpleApplication@79fc3737
reloadAllAccessors: .MatrixCropFix

===========================================================================================
----------------- testing Mon Aug 23 21:33:49 UTC 2021 /home/travis/build/icyphy/ptII/ptolemy/actor/lib/test/auto/MatrixCropInt.xml
----------------- Instantiating /home/travis/build/icyphy/ptII/ptolemy/actor/lib/test/auto/MatrixCropInt.xml
2 ms. Memory: 435200K Free: 177420K (41%)
----------------- Invoking toplevel() on ptolemy.moml.MoMLSimpleApplication@544683f8
----------------- Done invoking toplevel() on ptolemy.moml.MoMLSimpleApplication@544683f8
reloadAllAccessors: .MatrixCropInt

===========================================================================================
----------------- testing Mon Aug 23 21:33:49 UTC 2021 /home/travis/build/icyphy/ptII/ptolemy/actor/lib/test/auto/MatrixCropLong.xml
----------------- Instantiating /home/travis/build/icyphy/ptII/ptolemy/actor/lib/test/auto/MatrixCropLong.xml
1 ms. Memory: 435200K Free: 172316K (40%)
----------------- Invoking toplevel() on ptolemy.moml.MoMLSimpleApplication@400317e6
----------------- Done invoking toplevel() on ptolemy.moml.MoMLSimpleApplication@400317e6
reloadAllAccessors: .MatrixCropLong

===========================================================================================
----------------- testing Mon Aug 23 21:33:49 UTC 2021 /home/travis/build/icyphy/ptII/ptolemy/actor/lib/test/auto/MatrixToArray.xml
----------------- Instantiating /home/travis/build/icyphy/ptII/ptolemy/actor/lib/test/auto/MatrixToArray.xml
5 ms. Memory: 435200K Free: 156970K (36%)
----------------- Invoking toplevel() on ptolemy.moml.MoMLSimpleApplication@44d5c7f8
----------------- Done invoking toplevel() on ptolemy.moml.MoMLSimpleApplication@44d5c7f8
reloadAllAccessors: .MatrixToArray

===========================================================================================
----------------- testing Mon Aug 23 21:33:49 UTC 2021 /home/travis/build/icyphy/ptII/ptolemy/actor/lib/test/auto/MaxIndex.xml
----------------- Instantiating /home/travis/build/icyphy/ptII/ptolemy/actor/lib/test/auto/MaxIndex.xml
1 ms. Memory: 435200K Free: 151850K (35%)
----------------- Invoking toplevel() on ptolemy.moml.MoMLSimpleApplication@230d094
----------------- Done invoking toplevel() on ptolemy.moml.MoMLSimpleApplication@230d094
reloadAllAccessors: .MaxIndex

===========================================================================================
----------------- testing Mon Aug 23 21:33:49 UTC 2021 /home/travis/build/icyphy/ptII/ptolemy/actor/lib/test/auto/Maximum.xml
----------------- Instantiating /home/travis/build/icyphy/ptII/ptolemy/actor/lib/test/auto/Maximum.xml
2 ms. Memory: 435200K Free: 145196K (33%)
----------------- Invoking toplevel() on ptolemy.moml.MoMLSimpleApplication@5770fa54
----------------- Done invoking toplevel() on ptolemy.moml.MoMLSimpleApplication@5770fa54
reloadAllAccessors: .Maximum

===========================================================================================
----------------- testing Mon Aug 23 21:33:49 UTC 2021 /home/travis/build/icyphy/ptII/ptolemy/actor/lib/test/auto/MaximumComplex.xml
----------------- Instantiating /home/travis/build/icyphy/ptII/ptolemy/actor/lib/test/auto/MaximumComplex.xml
4 ms. Memory: 435200K Free: 139052K (32%)
----------------- Invoking toplevel() on ptolemy.moml.MoMLSimpleApplication@4a2ea9da
----------------- Done invoking toplevel() on ptolemy.moml.MoMLSimpleApplication@4a2ea9da
reloadAllAccessors: .MaximumComplex

===========================================================================================
----------------- testing Mon Aug 23 21:33:49 UTC 2021 /home/travis/build/icyphy/ptII/ptolemy/actor/lib/test/auto/MethodCallTest.xml
----------------- Instantiating /home/travis/build/icyphy/ptII/ptolemy/actor/lib/test/auto/MethodCallTest.xml
7 ms. Memory: 435200K Free: 132394K (30%)
----------------- Invoking toplevel() on ptolemy.moml.MoMLSimpleApplication@74f9381c
----------------- Done invoking toplevel() on ptolemy.moml.MoMLSimpleApplication@74f9381c
reloadAllAccessors: .MethodCallTest

===========================================================================================
----------------- testing Mon Aug 23 21:33:49 UTC 2021 /home/travis/build/icyphy/ptII/ptolemy/actor/lib/test/auto/Minimum.xml
----------------- Instantiating /home/travis/build/icyphy/ptII/ptolemy/actor/lib/test/auto/Minimum.xml
3 ms. Memory: 435200K Free: 383988K (88%)
----------------- Invoking toplevel() on ptolemy.moml.MoMLSimpleApplication@7408d664
----------------- Done invoking toplevel() on ptolemy.moml.MoMLSimpleApplication@7408d664
reloadAllAccessors: .Minimum

===========================================================================================
----------------- testing Mon Aug 23 21:33:49 UTC 2021 /home/travis/build/icyphy/ptII/ptolemy/actor/lib/test/auto/MinimumComplex.xml
----------------- Instantiating /home/travis/build/icyphy/ptII/ptolemy/actor/lib/test/auto/MinimumComplex.xml
2 ms. Memory: 435200K Free: 377844K (87%)
----------------- Invoking toplevel() on ptolemy.moml.MoMLSimpleApplication@36973843
----------------- Done invoking toplevel() on ptolemy.moml.MoMLSimpleApplication@36973843
reloadAllAccessors: .MinimumComplex

===========================================================================================
----------------- testing Mon Aug 23 21:33:49 UTC 2021 /home/travis/build/icyphy/ptII/ptolemy/actor/lib/test/auto/MinimumMultiports.xml
----------------- Instantiating /home/travis/build/icyphy/ptII/ptolemy/actor/lib/test/auto/MinimumMultiports.xml
2 ms. Memory: 435200K Free: 369142K (85%)
----------------- Invoking toplevel() on ptolemy.moml.MoMLSimpleApplication@48999c62
----------------- Done invoking toplevel() on ptolemy.moml.MoMLSimpleApplication@48999c62
reloadAllAccessors: .MinimumMultiports

===========================================================================================
----------------- testing Mon Aug 23 21:33:49 UTC 2021 /home/travis/build/icyphy/ptII/ptolemy/actor/lib/test/auto/ModifyDate.xml
----------------- Instantiating /home/travis/build/icyphy/ptII/ptolemy/actor/lib/test/auto/ModifyDate.xml
6 ms. Memory: 435200K Free: 356340K (82%)
----------------- Invoking toplevel() on ptolemy.moml.MoMLSimpleApplication@58040232
----------------- Done invoking toplevel() on ptolemy.moml.MoMLSimpleApplication@58040232
reloadAllAccessors: .ModifyDate

===========================================================================================
----------------- testing Mon Aug 23 21:33:49 UTC 2021 /home/travis/build/icyphy/ptII/ptolemy/actor/lib/test/auto/ModifyDate2.xml
----------------- Instantiating /home/travis/build/icyphy/ptII/ptolemy/actor/lib/test/auto/ModifyDate2.xml
6 ms. Memory: 435200K Free: 347638K (80%)
----------------- Invoking toplevel() on ptolemy.moml.MoMLSimpleApplication@557dd09d
----------------- Done invoking toplevel() on ptolemy.moml.MoMLSimpleApplication@557dd09d
reloadAllAccessors: .ModifyDate2

===========================================================================================
----------------- testing Mon Aug 23 21:33:49 UTC 2021 /home/travis/build/icyphy/ptII/ptolemy/actor/lib/test/auto/MovingAverage.xml
----------------- Instantiating /home/travis/build/icyphy/ptII/ptolemy/actor/lib/test/auto/MovingAverage.xml
1 ms. Memory: 435200K Free: 342518K (79%)
----------------- Invoking toplevel() on ptolemy.moml.MoMLSimpleApplication@7fdd6316
----------------- Done invoking toplevel() on ptolemy.moml.MoMLSimpleApplication@7fdd6316
reloadAllAccessors: .MovingAverage

===========================================================================================
----------------- testing Mon Aug 23 21:33:49 UTC 2021 /home/travis/build/icyphy/ptII/ptolemy/actor/lib/test/auto/MovingMaximum.xml
----------------- Instantiating /home/travis/build/icyphy/ptII/ptolemy/actor/lib/test/auto/MovingMaximum.xml
2 ms. Memory: 435200K Free: 337908K (78%)
----------------- Invoking toplevel() on ptolemy.moml.MoMLSimpleApplication@667979b9
----------------- Done invoking toplevel() on ptolemy.moml.MoMLSimpleApplication@667979b9
reloadAllAccessors: .MovingMaximum

===========================================================================================
----------------- testing Mon Aug 23 21:33:49 UTC 2021 /home/travis/build/icyphy/ptII/ptolemy/actor/lib/test/auto/MultipleLinksToSameRelation.xml
----------------- Instantiating /home/travis/build/icyphy/ptII/ptolemy/actor/lib/test/auto/MultipleLinksToSameRelation.xml
2 ms. Memory: 435200K Free: 333812K (77%)
----------------- Invoking toplevel() on ptolemy.moml.MoMLSimpleApplication@9e50c98
----------------- Done invoking toplevel() on ptolemy.moml.MoMLSimpleApplication@9e50c98
reloadAllAccessors: .MultipleLinksToSameRelation

===========================================================================================
----------------- testing Mon Aug 23 21:33:49 UTC 2021 /home/travis/build/icyphy/ptII/ptolemy/actor/lib/test/auto/MultipleLinksToSameRelationDE.xml
----------------- Instantiating /home/travis/build/icyphy/ptII/ptolemy/actor/lib/test/auto/MultipleLinksToSameRelationDE.xml
1 ms. Memory: 435200K Free: 329206K (76%)
----------------- Invoking toplevel() on ptolemy.moml.MoMLSimpleApplication@75ac9114
----------------- Done invoking toplevel() on ptolemy.moml.MoMLSimpleApplication@75ac9114
reloadAllAccessors: .MultipleLinksToSameRelationDE

===========================================================================================
----------------- testing Mon Aug 23 21:33:49 UTC 2021 /home/travis/build/icyphy/ptII/ptolemy/actor/lib/test/auto/Multiplexor.xml
----------------- Instantiating /home/travis/build/icyphy/ptII/ptolemy/actor/lib/test/auto/Multiplexor.xml
1 ms. Memory: 435200K Free: 323572K (74%)
----------------- Invoking toplevel() on ptolemy.moml.MoMLSimpleApplication@21ba0cd4
----------------- Done invoking toplevel() on ptolemy.moml.MoMLSimpleApplication@21ba0cd4
reloadAllAccessors: .Multiplexor

===========================================================================================
----------------- testing Mon Aug 23 21:33:49 UTC 2021 /home/travis/build/icyphy/ptII/ptolemy/actor/lib/test/auto/Multiplexor1.xml
----------------- Instantiating /home/travis/build/icyphy/ptII/ptolemy/actor/lib/test/auto/Multiplexor1.xml
2 ms. Memory: 435200K Free: 317942K (73%)
----------------- Invoking toplevel() on ptolemy.moml.MoMLSimpleApplication@5e4aed81
----------------- Done invoking toplevel() on ptolemy.moml.MoMLSimpleApplication@5e4aed81
reloadAllAccessors: .Multiplexor1

===========================================================================================
----------------- testing Mon Aug 23 21:33:49 UTC 2021 /home/travis/build/icyphy/ptII/ptolemy/actor/lib/test/auto/Multiplexor2.xml
----------------- Instantiating /home/travis/build/icyphy/ptII/ptolemy/actor/lib/test/auto/Multiplexor2.xml
2 ms. Memory: 435200K Free: 311284K (72%)
----------------- Invoking toplevel() on ptolemy.moml.MoMLSimpleApplication@617c2b4a
----------------- Done invoking toplevel() on ptolemy.moml.MoMLSimpleApplication@617c2b4a
reloadAllAccessors: .Multiplexor2

===========================================================================================
----------------- testing Mon Aug 23 21:33:49 UTC 2021 /home/travis/build/icyphy/ptII/ptolemy/actor/lib/test/auto/Multiplexor3.xml
----------------- Instantiating /home/travis/build/icyphy/ptII/ptolemy/actor/lib/test/auto/Multiplexor3.xml
1 ms. Memory: 435200K Free: 307188K (71%)
----------------- Invoking toplevel() on ptolemy.moml.MoMLSimpleApplication@64fbc4e1
----------------- Done invoking toplevel() on ptolemy.moml.MoMLSimpleApplication@64fbc4e1
reloadAllAccessors: .Multiplexor3

===========================================================================================
----------------- testing Mon Aug 23 21:33:49 UTC 2021 /home/travis/build/icyphy/ptII/ptolemy/actor/lib/test/auto/MultiplexorDE.xml
----------------- Instantiating /home/travis/build/icyphy/ptII/ptolemy/actor/lib/test/auto/MultiplexorDE.xml
1 ms. Memory: 435200K Free: 299510K (69%)
----------------- Invoking toplevel() on ptolemy.moml.MoMLSimpleApplication@7f8a370d
----------------- Done invoking toplevel() on ptolemy.moml.MoMLSimpleApplication@7f8a370d
reloadAllAccessors: .MultiplexorDE

===========================================================================================
----------------- testing Mon Aug 23 21:33:49 UTC 2021 /home/travis/build/icyphy/ptII/ptolemy/actor/lib/test/auto/MultiportBroadcastTest.xml
----------------- Instantiating /home/travis/build/icyphy/ptII/ptolemy/actor/lib/test/auto/MultiportBroadcastTest.xml
70 ms. Memory: 435200K Free: 293366K (67%)
----------------- Invoking toplevel() on ptolemy.moml.MoMLSimpleApplication@b683228
----------------- Done invoking toplevel() on ptolemy.moml.MoMLSimpleApplication@b683228
reloadAllAccessors: .MultiportBroadcastTest

===========================================================================================
----------------- testing Mon Aug 23 21:33:49 UTC 2021 /home/travis/build/icyphy/ptII/ptolemy/actor/lib/test/auto/MultiportOutHangDuringGetWidth.xml
----------------- Instantiating /home/travis/build/icyphy/ptII/ptolemy/actor/lib/test/auto/MultiportOutHangDuringGetWidth.xml
6 ms. Memory: 435200K Free: 281588K (65%)
----------------- Invoking toplevel() on ptolemy.moml.MoMLSimpleApplication@265804dd
----------------- Done invoking toplevel() on ptolemy.moml.MoMLSimpleApplication@265804dd
reloadAllAccessors: .MultiportOutHangDuringGetWidth

===========================================================================================
----------------- testing Mon Aug 23 21:33:49 UTC 2021 /home/travis/build/icyphy/ptII/ptolemy/actor/lib/test/auto/NilToken.xml
----------------- Instantiating /home/travis/build/icyphy/ptII/ptolemy/actor/lib/test/auto/NilToken.xml
1 ms. Memory: 435200K Free: 277492K (64%)
----------------- Invoking toplevel() on ptolemy.moml.MoMLSimpleApplication@6ed523e3
----------------- Done invoking toplevel() on ptolemy.moml.MoMLSimpleApplication@6ed523e3
reloadAllAccessors: .NilToken

===========================================================================================
----------------- testing Mon Aug 23 21:33:49 UTC 2021 /home/travis/build/icyphy/ptII/ptolemy/actor/lib/test/auto/NilTokenNonStrictTest.xml
----------------- Instantiating /home/travis/build/icyphy/ptII/ptolemy/actor/lib/test/auto/NilTokenNonStrictTest.xml
1 ms. Memory: 435200K Free: 272886K (63%)
----------------- Invoking toplevel() on ptolemy.moml.MoMLSimpleApplication@45ac3902
----------------- Done invoking toplevel() on ptolemy.moml.MoMLSimpleApplication@45ac3902
reloadAllAccessors: .NilTokenNonStrictTest

===========================================================================================
----------------- testing Mon Aug 23 21:33:49 UTC 2021 /home/travis/build/icyphy/ptII/ptolemy/actor/lib/test/auto/NilTokenRecord.xml
----------------- Instantiating /home/travis/build/icyphy/ptII/ptolemy/actor/lib/test/auto/NilTokenRecord.xml
4 ms. Memory: 435200K Free: 266228K (61%)
----------------- Invoking toplevel() on ptolemy.moml.MoMLSimpleApplication@21385f23
----------------- Done invoking toplevel() on ptolemy.moml.MoMLSimpleApplication@21385f23
reloadAllAccessors: .NilTokenRecord

===========================================================================================
----------------- testing Mon Aug 23 21:33:49 UTC 2021 /home/travis/build/icyphy/ptII/ptolemy/actor/lib/test/auto/NilTokenTypeTest.xml
----------------- Instantiating /home/travis/build/icyphy/ptII/ptolemy/actor/lib/test/auto/NilTokenTypeTest.xml
11 ms. Memory: 435200K Free: 256502K (59%)
----------------- Invoking toplevel() on ptolemy.moml.MoMLSimpleApplication@2b9f11b1
----------------- Done invoking toplevel() on ptolemy.moml.MoMLSimpleApplication@2b9f11b1
reloadAllAccessors: .NilTokenTypeTest

===========================================================================================
----------------- testing Mon Aug 23 21:33:50 UTC 2021 /home/travis/build/icyphy/ptII/ptolemy/actor/lib/test/auto/ObjectToken1.xml
----------------- Instantiating /home/travis/build/icyphy/ptII/ptolemy/actor/lib/test/auto/ObjectToken1.xml
2 ms. Memory: 435200K Free: 252916K (58%)
----------------- Invoking toplevel() on ptolemy.moml.MoMLSimpleApplication@42ef04fc
----------------- Done invoking toplevel() on ptolemy.moml.MoMLSimpleApplication@42ef04fc
reloadAllAccessors: .ObjectToken1

===========================================================================================
----------------- testing Mon Aug 23 21:33:50 UTC 2021 /home/travis/build/icyphy/ptII/ptolemy/actor/lib/test/auto/OrderedMerge.xml
----------------- Instantiating /home/travis/build/icyphy/ptII/ptolemy/actor/lib/test/auto/OrderedMerge.xml
9 ms. Memory: 435200K Free: 247286K (57%)
----------------- Invoking toplevel() on ptolemy.moml.MoMLSimpleApplication@28a4827b
----------------- Done invoking toplevel() on ptolemy.moml.MoMLSimpleApplication@28a4827b
reloadAllAccessors: .OrderedMerge

===========================================================================================
----------------- testing Mon Aug 23 21:33:50 UTC 2021 /home/travis/build/icyphy/ptII/ptolemy/actor/lib/test/auto/OrderedRecordDisassembler.xml
----------------- Instantiating /home/travis/build/icyphy/ptII/ptolemy/actor/lib/test/auto/OrderedRecordDisassembler.xml
3 ms. Memory: 435200K Free: 242166K (56%)
----------------- Invoking toplevel() on ptolemy.moml.MoMLSimpleApplication@49df8fe8
----------------- Done invoking toplevel() on ptolemy.moml.MoMLSimpleApplication@49df8fe8
reloadAllAccessors: .OrderedRecordDisassembler

===========================================================================================
----------------- testing Mon Aug 23 21:33:50 UTC 2021 /home/travis/build/icyphy/ptII/ptolemy/actor/lib/test/auto/OrderedRecordDisassembler2.xml
----------------- Instantiating /home/travis/build/icyphy/ptII/ptolemy/actor/lib/test/auto/OrderedRecordDisassembler2.xml
4 ms. Memory: 435200K Free: 234470K (54%)
----------------- Invoking toplevel() on ptolemy.moml.MoMLSimpleApplication@3a94964a
----------------- Done invoking toplevel() on ptolemy.moml.MoMLSimpleApplication@3a94964a
reloadAllAccessors: .OrderedRecordDisassembler2

===========================================================================================
----------------- testing Mon Aug 23 21:33:50 UTC 2021 /home/travis/build/icyphy/ptII/ptolemy/actor/lib/test/auto/OrderedRecordUpdater.xml
----------------- Instantiating /home/travis/build/icyphy/ptII/ptolemy/actor/lib/test/auto/OrderedRecordUpdater.xml
1 ms. Memory: 435200K Free: 229364K (53%)
----------------- Invoking toplevel() on ptolemy.moml.MoMLSimpleApplication@5e24f3d5
----------------- Done invoking toplevel() on ptolemy.moml.MoMLSimpleApplication@5e24f3d5
reloadAllAccessors: .RecordUpdater

===========================================================================================
----------------- testing Mon Aug 23 21:33:50 UTC 2021 /home/travis/build/icyphy/ptII/ptolemy/actor/lib/test/auto/OrderedRecordUpdater2.xml
----------------- Instantiating /home/travis/build/icyphy/ptII/ptolemy/actor/lib/test/auto/OrderedRecordUpdater2.xml
2 ms. Memory: 435200K Free: 224244K (52%)
----------------- Invoking toplevel() on ptolemy.moml.MoMLSimpleApplication@5281ea01
----------------- Done invoking toplevel() on ptolemy.moml.MoMLSimpleApplication@5281ea01
reloadAllAccessors: .RecordUpdater2

===========================================================================================
----------------- testing Mon Aug 23 21:33:50 UTC 2021 /home/travis/build/icyphy/ptII/ptolemy/actor/lib/test/auto/PhaseUnwrap.xml
----------------- Instantiating /home/travis/build/icyphy/ptII/ptolemy/actor/lib/test/auto/PhaseUnwrap.xml
2 ms. Memory: 435200K Free: 219638K (50%)
----------------- Invoking toplevel() on ptolemy.moml.MoMLSimpleApplication@449fe875
----------------- Done invoking toplevel() on ptolemy.moml.MoMLSimpleApplication@449fe875
reloadAllAccessors: .PhaseUnwrap

===========================================================================================
----------------- testing Mon Aug 23 21:33:50 UTC 2021 /home/travis/build/icyphy/ptII/ptolemy/actor/lib/test/auto/PoissonClock.xml
----------------- Instantiating /home/travis/build/icyphy/ptII/ptolemy/actor/lib/test/auto/PoissonClock.xml
1 ms. Memory: 435200K Free: 215542K (50%)
----------------- Invoking toplevel() on ptolemy.moml.MoMLSimpleApplication@5cf6efb2
----------------- Done invoking toplevel() on ptolemy.moml.MoMLSimpleApplication@5cf6efb2
reloadAllAccessors: .PoissonClock

===========================================================================================
----------------- testing Mon Aug 23 21:33:50 UTC 2021 /home/travis/build/icyphy/ptII/ptolemy/actor/lib/test/auto/PoissonClock2.xml
----------------- Instantiating /home/travis/build/icyphy/ptII/ptolemy/actor/lib/test/auto/PoissonClock2.xml
2 ms. Memory: 435200K Free: 210932K (48%)
----------------- Invoking toplevel() on ptolemy.moml.MoMLSimpleApplication@2e2d872
----------------- Done invoking toplevel() on ptolemy.moml.MoMLSimpleApplication@2e2d872
reloadAllAccessors: .PoissonClock2

===========================================================================================
----------------- testing Mon Aug 23 21:33:50 UTC 2021 /home/travis/build/icyphy/ptII/ptolemy/actor/lib/test/auto/PoissonClock3.xml
----------------- Instantiating /home/travis/build/icyphy/ptII/ptolemy/actor/lib/test/auto/PoissonClock3.xml
2 ms. Memory: 435200K Free: 206326K (47%)
----------------- Invoking toplevel() on ptolemy.moml.MoMLSimpleApplication@456418dd
----------------- Done invoking toplevel() on ptolemy.moml.MoMLSimpleApplication@456418dd
reloadAllAccessors: .PoissonClock3

===========================================================================================
----------------- testing Mon Aug 23 21:33:50 UTC 2021 /home/travis/build/icyphy/ptII/ptolemy/actor/lib/test/auto/PubSubWithInitialTokens.xml
----------------- Instantiating /home/travis/build/icyphy/ptII/ptolemy/actor/lib/test/auto/PubSubWithInitialTokens.xml
2 ms. Memory: 435200K Free: 200662K (46%)
----------------- Invoking toplevel() on ptolemy.moml.MoMLSimpleApplication@721b639e
----------------- Done invoking toplevel() on ptolemy.moml.MoMLSimpleApplication@721b639e
reloadAllAccessors: .PubSubWithInitialTokens

===========================================================================================
----------------- testing Mon Aug 23 21:33:50 UTC 2021 /home/travis/build/icyphy/ptII/ptolemy/actor/lib/test/auto/PubSubWithInitialTokens2.xml
----------------- Instantiating /home/travis/build/icyphy/ptII/ptolemy/actor/lib/test/auto/PubSubWithInitialTokens2.xml
1 ms. Memory: 435200K Free: 194038K (45%)
----------------- Invoking toplevel() on ptolemy.moml.MoMLSimpleApplication@3846283b
----------------- Done invoking toplevel() on ptolemy.moml.MoMLSimpleApplication@3846283b
reloadAllAccessors: .PubSubWithInitialTokens2

===========================================================================================
----------------- testing Mon Aug 23 21:33:50 UTC 2021 /home/travis/build/icyphy/ptII/ptolemy/actor/lib/test/auto/PublisherClassNoParameter.xml
----------------- Instantiating /home/travis/build/icyphy/ptII/ptolemy/actor/lib/test/auto/PublisherClassNoParameter.xml
2 ms. Memory: 435200K Free: 184308K (42%)
----------------- Invoking toplevel() on ptolemy.moml.MoMLSimpleApplication@62608d60
----------------- Done invoking toplevel() on ptolemy.moml.MoMLSimpleApplication@62608d60
reloadAllAccessors: .PublisherClassNoParameter

===========================================================================================
----------------- testing Mon Aug 23 21:33:50 UTC 2021 /home/travis/build/icyphy/ptII/ptolemy/actor/lib/test/auto/PublisherClassParameter.xml
----------------- Instantiating /home/travis/build/icyphy/ptII/ptolemy/actor/lib/test/auto/PublisherClassParameter.xml
2 ms. Memory: 435200K Free: 173558K (40%)
----------------- Invoking toplevel() on ptolemy.moml.MoMLSimpleApplication@401bc14
----------------- Done invoking toplevel() on ptolemy.moml.MoMLSimpleApplication@401bc14
reloadAllAccessors: .PublisherClassParameter

===========================================================================================
----------------- testing Mon Aug 23 21:33:50 UTC 2021 /home/travis/build/icyphy/ptII/ptolemy/actor/lib/test/auto/PublisherNonStrictTest.xml
----------------- Instantiating /home/travis/build/icyphy/ptII/ptolemy/actor/lib/test/auto/PublisherNonStrictTest.xml
3 ms. Memory: 435200K Free: 165870K (38%)
----------------- Invoking toplevel() on ptolemy.moml.MoMLSimpleApplication@55adf325
----------------- Done invoking toplevel() on ptolemy.moml.MoMLSimpleApplication@55adf325
reloadAllAccessors: .PublisherNonStrictTest

===========================================================================================
----------------- testing Mon Aug 23 21:33:50 UTC 2021 /home/travis/build/icyphy/ptII/ptolemy/actor/lib/test/auto/PublisherPort1.xml
----------------- Instantiating /home/travis/build/icyphy/ptII/ptolemy/actor/lib/test/auto/PublisherPort1.xml
12 ms. Memory: 435200K Free: 160246K (37%)
----------------- Invoking toplevel() on ptolemy.moml.MoMLSimpleApplication@74a38ecb
----------------- Done invoking toplevel() on ptolemy.moml.MoMLSimpleApplication@74a38ecb
reloadAllAccessors: .PublisherPort1

===========================================================================================
----------------- testing Mon Aug 23 21:33:50 UTC 2021 /home/travis/build/icyphy/ptII/ptolemy/actor/lib/test/auto/PublisherPort2.xml
----------------- Instantiating /home/travis/build/icyphy/ptII/ptolemy/actor/lib/test/auto/PublisherPort2.xml
1 ms. Memory: 435200K Free: 155126K (36%)
----------------- Invoking toplevel() on ptolemy.moml.MoMLSimpleApplication@66dab6ce
----------------- Done invoking toplevel() on ptolemy.moml.MoMLSimpleApplication@66dab6ce
reloadAllAccessors: .PublisherPort2

===========================================================================================
----------------- testing Mon Aug 23 21:33:50 UTC 2021 /home/travis/build/icyphy/ptII/ptolemy/actor/lib/test/auto/PublisherPort3.xml
----------------- Instantiating /home/travis/build/icyphy/ptII/ptolemy/actor/lib/test/auto/PublisherPort3.xml
3 ms. Memory: 435200K Free: 148438K (34%)
----------------- Invoking toplevel() on ptolemy.moml.MoMLSimpleApplication@7a70e9cf
----------------- Done invoking toplevel() on ptolemy.moml.MoMLSimpleApplication@7a70e9cf
reloadAllAccessors: .PublisherPort3

===========================================================================================
----------------- testing Mon Aug 23 21:33:50 UTC 2021 /home/travis/build/icyphy/ptII/ptolemy/actor/lib/test/auto/PublisherPort4.xml
----------------- Instantiating /home/travis/build/icyphy/ptII/ptolemy/actor/lib/test/auto/PublisherPort4.xml
2 ms. Memory: 435200K Free: 142838K (33%)
----------------- Invoking toplevel() on ptolemy.moml.MoMLSimpleApplication@4b9ec36d
----------------- Done invoking toplevel() on ptolemy.moml.MoMLSimpleApplication@4b9ec36d
reloadAllAccessors: .PublisherPort4

===========================================================================================
----------------- testing Mon Aug 23 21:33:50 UTC 2021 /home/travis/build/icyphy/ptII/ptolemy/actor/lib/test/auto/PublisherPort5.xml
----------------- Instantiating /home/travis/build/icyphy/ptII/ptolemy/actor/lib/test/auto/PublisherPort5.xml
3 ms. Memory: 435200K Free: 135156K (31%)
----------------- Invoking toplevel() on ptolemy.moml.MoMLSimpleApplication@79515019
----------------- Done invoking toplevel() on ptolemy.moml.MoMLSimpleApplication@79515019
reloadAllAccessors: .PublisherPort5

===========================================================================================
----------------- testing Mon Aug 23 21:33:50 UTC 2021 /home/travis/build/icyphy/ptII/ptolemy/actor/lib/test/auto/PublisherPort5LookAlike.xml
----------------- Instantiating /home/travis/build/icyphy/ptII/ptolemy/actor/lib/test/auto/PublisherPort5LookAlike.xml
15 ms. Memory: 435200K Free: 384661K (88%)
----------------- Invoking toplevel() on ptolemy.moml.MoMLSimpleApplication@1f103fa2
----------------- Done invoking toplevel() on ptolemy.moml.MoMLSimpleApplication@1f103fa2
reloadAllAccessors: .PublisherPort5LookAlike

===========================================================================================
----------------- testing Mon Aug 23 21:33:50 UTC 2021 /home/travis/build/icyphy/ptII/ptolemy/actor/lib/test/auto/PublisherPort6.xml
----------------- Instantiating /home/travis/build/icyphy/ptII/ptolemy/actor/lib/test/auto/PublisherPort6.xml
1 ms. Memory: 435200K Free: 377288K (87%)
----------------- Invoking toplevel() on ptolemy.moml.MoMLSimpleApplication@5e286712
----------------- Done invoking toplevel() on ptolemy.moml.MoMLSimpleApplication@5e286712
reloadAllAccessors: .PublisherPort6

===========================================================================================
----------------- testing Mon Aug 23 21:33:50 UTC 2021 /home/travis/build/icyphy/ptII/ptolemy/actor/lib/test/auto/PublisherPort7.xml
----------------- Instantiating /home/travis/build/icyphy/ptII/ptolemy/actor/lib/test/auto/PublisherPort7.xml
3 ms. Memory: 435200K Free: 369606K (85%)
----------------- Invoking toplevel() on ptolemy.moml.MoMLSimpleApplication@4f41bfc2
----------------- Done invoking toplevel() on ptolemy.moml.MoMLSimpleApplication@4f41bfc2
reloadAllAccessors: .PublisherPort7

===========================================================================================
----------------- testing Mon Aug 23 21:33:50 UTC 2021 /home/travis/build/icyphy/ptII/ptolemy/actor/lib/test/auto/PublisherPort8.xml
----------------- Instantiating /home/travis/build/icyphy/ptII/ptolemy/actor/lib/test/auto/PublisherPort8.xml
4 ms. Memory: 435200K Free: 360904K (83%)
----------------- Invoking toplevel() on ptolemy.moml.MoMLSimpleApplication@3c9f2070
----------------- Done invoking toplevel() on ptolemy.moml.MoMLSimpleApplication@3c9f2070
reloadAllAccessors: .PublisherPort8

===========================================================================================
----------------- testing Mon Aug 23 21:33:50 UTC 2021 /home/travis/build/icyphy/ptII/ptolemy/actor/lib/test/auto/PublisherPortSubscriberChannelVariablesAOC2.xml
----------------- Instantiating /home/travis/build/icyphy/ptII/ptolemy/actor/lib/test/auto/PublisherPortSubscriberChannelVariablesAOC2.xml
3 ms. Memory: 435200K Free: 343496K (79%)
----------------- Invoking toplevel() on ptolemy.moml.MoMLSimpleApplication@be854bd
----------------- Done invoking toplevel() on ptolemy.moml.MoMLSimpleApplication@be854bd
reloadAllAccessors: .PublisherPortSubscriberChannelVariablesAOC2

===========================================================================================
----------------- testing Mon Aug 23 21:33:50 UTC 2021 /home/travis/build/icyphy/ptII/ptolemy/actor/lib/test/auto/PublisherPortSubscriberOpaqueWidthInference.xml
----------------- Instantiating /home/travis/build/icyphy/ptII/ptolemy/actor/lib/test/auto/PublisherPortSubscriberOpaqueWidthInference.xml
3 ms. Memory: 435200K Free: 335808K (77%)
----------------- Invoking toplevel() on ptolemy.moml.MoMLSimpleApplication@4b682189
----------------- Done invoking toplevel() on ptolemy.moml.MoMLSimpleApplication@4b682189
reloadAllAccessors: .PublisherPortSubscriberOpaqueWidthInference

===========================================================================================
----------------- testing Mon Aug 23 21:33:50 UTC 2021 /home/travis/build/icyphy/ptII/ptolemy/actor/lib/test/auto/PublisherPortSubscriberPortAdjacent.xml
----------------- Instantiating /home/travis/build/icyphy/ptII/ptolemy/actor/lib/test/auto/PublisherPortSubscriberPortAdjacent.xml
1 ms. Memory: 435200K Free: 327622K (75%)
----------------- Invoking toplevel() on ptolemy.moml.MoMLSimpleApplication@46789989
----------------- Done invoking toplevel() on ptolemy.moml.MoMLSimpleApplication@46789989
reloadAllAccessors: .PublisherPortSubscriberPortAdjacent

===========================================================================================
----------------- testing Mon Aug 23 21:33:50 UTC 2021 /home/travis/build/icyphy/ptII/ptolemy/actor/lib/test/auto/PublisherPortSubscriberPortExpression.xml
----------------- Instantiating /home/travis/build/icyphy/ptII/ptolemy/actor/lib/test/auto/PublisherPortSubscriberPortExpression.xml
4 ms. Memory: 435200K Free: 319944K (74%)
----------------- Invoking toplevel() on ptolemy.moml.MoMLSimpleApplication@1f374f3e
----------------- Done invoking toplevel() on ptolemy.moml.MoMLSimpleApplication@1f374f3e
reloadAllAccessors: .PublisherPortSubscriberPortExpression

===========================================================================================
----------------- testing Mon Aug 23 21:33:50 UTC 2021 /home/travis/build/icyphy/ptII/ptolemy/actor/lib/test/auto/PublisherPortSubscriberPortOpaqueD3Reverse.xml
----------------- Instantiating /home/travis/build/icyphy/ptII/ptolemy/actor/lib/test/auto/PublisherPortSubscriberPortOpaqueD3Reverse.xml
6 ms. Memory: 435200K Free: 309704K (71%)
----------------- Invoking toplevel() on ptolemy.moml.MoMLSimpleApplication@67e47162
----------------- Done invoking toplevel() on ptolemy.moml.MoMLSimpleApplication@67e47162
reloadAllAccessors: .PublisherPortSubscriberPortOpaqueD3Reverse

===========================================================================================
----------------- testing Mon Aug 23 21:33:50 UTC 2021 /home/travis/build/icyphy/ptII/ptolemy/actor/lib/test/auto/PublisherPortSubscriberPortOpaqueWidthInference.xml
----------------- Instantiating /home/travis/build/icyphy/ptII/ptolemy/actor/lib/test/auto/PublisherPortSubscriberPortOpaqueWidthInference.xml
3 ms. Memory: 435200K Free: 302008K (69%)
----------------- Invoking toplevel() on ptolemy.moml.MoMLSimpleApplication@df2880a
----------------- Done invoking toplevel() on ptolemy.moml.MoMLSimpleApplication@df2880a
reloadAllAccessors: .PublisherPortSubscriberPortOpaqueWidthInference

===========================================================================================
----------------- testing Mon Aug 23 21:33:50 UTC 2021 /home/travis/build/icyphy/ptII/ptolemy/actor/lib/test/auto/PublisherPortToplevelSubscriberPortAOC.xml
----------------- Instantiating /home/travis/build/icyphy/ptII/ptolemy/actor/lib/test/auto/PublisherPortToplevelSubscriberPortAOC.xml
.PublisherPortToplevelSubscriberPortAOC.TestExceptionAttribute: initialize() was not invoked, but wrapup() was.  This is unusual, but not always a problem.  For example, exporting JNLP will do this.
1 ms. Memory: 435200K Free: 296392K (68%)
----------------- Invoking toplevel() on ptolemy.moml.MoMLSimpleApplication@46c0f0f0
----------------- Done invoking toplevel() on ptolemy.moml.MoMLSimpleApplication@46c0f0f0
reloadAllAccessors: .PublisherPortToplevelSubscriberPortAOC

===========================================================================================
----------------- testing Mon Aug 23 21:33:50 UTC 2021 /home/travis/build/icyphy/ptII/ptolemy/actor/lib/test/auto/PublisherSubscriber.xml
----------------- Instantiating /home/travis/build/icyphy/ptII/ptolemy/actor/lib/test/auto/PublisherSubscriber.xml
2 ms. Memory: 435200K Free: 289224K (66%)
----------------- Invoking toplevel() on ptolemy.moml.MoMLSimpleApplication@50830209
----------------- Done invoking toplevel() on ptolemy.moml.MoMLSimpleApplication@50830209
reloadAllAccessors: .PublisherSubscriber

===========================================================================================
----------------- testing Mon Aug 23 21:33:50 UTC 2021 /home/travis/build/icyphy/ptII/ptolemy/actor/lib/test/auto/PublisherSubscriber10.xml
----------------- Instantiating /home/travis/build/icyphy/ptII/ptolemy/actor/lib/test/auto/PublisherSubscriber10.xml
6 ms. Memory: 435200K Free: 279494K (64%)
----------------- Invoking toplevel() on ptolemy.moml.MoMLSimpleApplication@3b398702
----------------- Done invoking toplevel() on ptolemy.moml.MoMLSimpleApplication@3b398702
reloadAllAccessors: .PublisherSubscriber10

===========================================================================================
----------------- testing Mon Aug 23 21:33:50 UTC 2021 /home/travis/build/icyphy/ptII/ptolemy/actor/lib/test/auto/PublisherSubscriber10InitialOutputs.xml
----------------- Instantiating /home/travis/build/icyphy/ptII/ptolemy/actor/lib/test/auto/PublisherSubscriber10InitialOutputs.xml
15 ms. Memory: 435200K Free: 270278K (62%)
----------------- Invoking toplevel() on ptolemy.moml.MoMLSimpleApplication@33f8771d
----------------- Done invoking toplevel() on ptolemy.moml.MoMLSimpleApplication@33f8771d
reloadAllAccessors: .PublisherSubscriber10InitialOutputs

===========================================================================================
----------------- testing Mon Aug 23 21:33:50 UTC 2021 /home/travis/build/icyphy/ptII/ptolemy/actor/lib/test/auto/PublisherSubscriber11.xml
----------------- Instantiating /home/travis/build/icyphy/ptII/ptolemy/actor/lib/test/auto/PublisherSubscriber11.xml
3 ms. Memory: 435200K Free: 264104K (61%)
----------------- Invoking toplevel() on ptolemy.moml.MoMLSimpleApplication@45805a9
----------------- Done invoking toplevel() on ptolemy.moml.MoMLSimpleApplication@45805a9
reloadAllAccessors: .PublisherSubscriber11

===========================================================================================
----------------- testing Mon Aug 23 21:33:50 UTC 2021 /home/travis/build/icyphy/ptII/ptolemy/actor/lib/test/auto/PublisherSubscriber12.xml
----------------- Instantiating /home/travis/build/icyphy/ptII/ptolemy/actor/lib/test/auto/PublisherSubscriber12.xml
4 ms. Memory: 435200K Free: 256966K (59%)
----------------- Invoking toplevel() on ptolemy.moml.MoMLSimpleApplication@7a056b6c
----------------- Done invoking toplevel() on ptolemy.moml.MoMLSimpleApplication@7a056b6c
reloadAllAccessors: .PublisherSubscriber12

===========================================================================================
----------------- testing Mon Aug 23 21:33:50 UTC 2021 /home/travis/build/icyphy/ptII/ptolemy/actor/lib/test/auto/PublisherSubscriber13.xml
----------------- Instantiating /home/travis/build/icyphy/ptII/ptolemy/actor/lib/test/auto/PublisherSubscriber13.xml
2 ms. Memory: 435200K Free: 250808K (58%)
----------------- Invoking toplevel() on ptolemy.moml.MoMLSimpleApplication@59198512
----------------- Done invoking toplevel() on ptolemy.moml.MoMLSimpleApplication@59198512
reloadAllAccessors: .PublisherSubscriber13

===========================================================================================
----------------- testing Mon Aug 23 21:33:50 UTC 2021 /home/travis/build/icyphy/ptII/ptolemy/actor/lib/test/auto/PublisherSubscriber14.xml
----------------- Instantiating /home/travis/build/icyphy/ptII/ptolemy/actor/lib/test/auto/PublisherSubscriber14.xml
1 ms. Memory: 435200K Free: 241576K (56%)
----------------- Invoking toplevel() on ptolemy.moml.MoMLSimpleApplication@4da8ff88
----------------- Done invoking toplevel() on ptolemy.moml.MoMLSimpleApplication@4da8ff88
reloadAllAccessors: .PublisherSubscriber14

===========================================================================================
----------------- testing Mon Aug 23 21:33:50 UTC 2021 /home/travis/build/icyphy/ptII/ptolemy/actor/lib/test/auto/PublisherSubscriber2.xml
----------------- Instantiating /home/travis/build/icyphy/ptII/ptolemy/actor/lib/test/auto/PublisherSubscriber2.xml
3 ms. Memory: 435200K Free: 235976K (54%)
----------------- Invoking toplevel() on ptolemy.moml.MoMLSimpleApplication@7f8944a6
----------------- Done invoking toplevel() on ptolemy.moml.MoMLSimpleApplication@7f8944a6
reloadAllAccessors: .PublisherSubscriber2

===========================================================================================
----------------- testing Mon Aug 23 21:33:50 UTC 2021 /home/travis/build/icyphy/ptII/ptolemy/actor/lib/test/auto/PublisherSubscriber3.xml
----------------- Instantiating /home/travis/build/icyphy/ptII/ptolemy/actor/lib/test/auto/PublisherSubscriber3.xml
2 ms. Memory: 435200K Free: 230312K (53%)
----------------- Invoking toplevel() on ptolemy.moml.MoMLSimpleApplication@b0ef73a
----------------- Done invoking toplevel() on ptolemy.moml.MoMLSimpleApplication@b0ef73a
reloadAllAccessors: .PublisherSubscriber3

===========================================================================================
----------------- testing Mon Aug 23 21:33:50 UTC 2021 /home/travis/build/icyphy/ptII/ptolemy/actor/lib/test/auto/PublisherSubscriber4.xml
----------------- Instantiating /home/travis/build/icyphy/ptII/ptolemy/actor/lib/test/auto/PublisherSubscriber4.xml
1 ms. Memory: 435200K Free: 225192K (52%)
----------------- Invoking toplevel() on ptolemy.moml.MoMLSimpleApplication@474ecce4
----------------- Done invoking toplevel() on ptolemy.moml.MoMLSimpleApplication@474ecce4
reloadAllAccessors: .PublisherSubscriber4

===========================================================================================
----------------- testing Mon Aug 23 21:33:50 UTC 2021 /home/travis/build/icyphy/ptII/ptolemy/actor/lib/test/auto/PublisherSubscriber5.xml
----------------- Instantiating /home/travis/build/icyphy/ptII/ptolemy/actor/lib/test/auto/PublisherSubscriber5.xml
2 ms. Memory: 435200K Free: 218040K (50%)
----------------- Invoking toplevel() on ptolemy.moml.MoMLSimpleApplication@643a5745
----------------- Done invoking toplevel() on ptolemy.moml.MoMLSimpleApplication@643a5745
reloadAllAccessors: .PublisherSubscriber5

===========================================================================================
----------------- testing Mon Aug 23 21:33:50 UTC 2021 /home/travis/build/icyphy/ptII/ptolemy/actor/lib/test/auto/PublisherSubscriber6.xml
----------------- Instantiating /home/travis/build/icyphy/ptII/ptolemy/actor/lib/test/auto/PublisherSubscriber6.xml
3 ms. Memory: 435200K Free: 211400K (49%)
----------------- Invoking toplevel() on ptolemy.moml.MoMLSimpleApplication@20f541c1
----------------- Done invoking toplevel() on ptolemy.moml.MoMLSimpleApplication@20f541c1
reloadAllAccessors: .PublisherSubscriber6

===========================================================================================
----------------- testing Mon Aug 23 21:33:50 UTC 2021 /home/travis/build/icyphy/ptII/ptolemy/actor/lib/test/auto/PublisherSubscriber7.xml
----------------- Instantiating /home/travis/build/icyphy/ptII/ptolemy/actor/lib/test/auto/PublisherSubscriber7.xml
7 ms. Memory: 435200K Free: 204742K (47%)
----------------- Invoking toplevel() on ptolemy.moml.MoMLSimpleApplication@1bc02a80
----------------- Done invoking toplevel() on ptolemy.moml.MoMLSimpleApplication@1bc02a80
reloadAllAccessors: .PublisherSubscriber7

===========================================================================================
----------------- testing Mon Aug 23 21:33:50 UTC 2021 /home/travis/build/icyphy/ptII/ptolemy/actor/lib/test/auto/PublisherSubscriber8.xml
----------------- Instantiating /home/travis/build/icyphy/ptII/ptolemy/actor/lib/test/auto/PublisherSubscriber8.xml
19 ms. Memory: 435200K Free: 192454K (44%)
----------------- Invoking toplevel() on ptolemy.moml.MoMLSimpleApplication@1cd30574
----------------- Done invoking toplevel() on ptolemy.moml.MoMLSimpleApplication@1cd30574
reloadAllAccessors: .PublisherSubscriber8

===========================================================================================
----------------- testing Mon Aug 23 21:33:50 UTC 2021 /home/travis/build/icyphy/ptII/ptolemy/actor/lib/test/auto/PublisherSubscriber9.xml
----------------- Instantiating /home/travis/build/icyphy/ptII/ptolemy/actor/lib/test/auto/PublisherSubscriber9.xml
2 ms. Memory: 435200K Free: 185272K (43%)
----------------- Invoking toplevel() on ptolemy.moml.MoMLSimpleApplication@7088a39f
----------------- Done invoking toplevel() on ptolemy.moml.MoMLSimpleApplication@7088a39f
reloadAllAccessors: .PublisherSubscriber9

===========================================================================================
----------------- testing Mon Aug 23 21:33:50 UTC 2021 /home/travis/build/icyphy/ptII/ptolemy/actor/lib/test/auto/PublisherSubscriberAdjacent.xml
----------------- Instantiating /home/travis/build/icyphy/ptII/ptolemy/actor/lib/test/auto/PublisherSubscriberAdjacent.xml
1 ms. Memory: 435200K Free: 176584K (41%)
----------------- Invoking toplevel() on ptolemy.moml.MoMLSimpleApplication@64b56469
----------------- Done invoking toplevel() on ptolemy.moml.MoMLSimpleApplication@64b56469
reloadAllAccessors: .PublisherSubscriberAdjacent

===========================================================================================
----------------- testing Mon Aug 23 21:33:50 UTC 2021 /home/travis/build/icyphy/ptII/ptolemy/actor/lib/test/auto/PublisherSubscriberChannelVariablesAOC2.xml
----------------- Instantiating /home/travis/build/icyphy/ptII/ptolemy/actor/lib/test/auto/PublisherSubscriberChannelVariablesAOC2.xml
3 ms. Memory: 435200K Free: 161720K (37%)
----------------- Invoking toplevel() on ptolemy.moml.MoMLSimpleApplication@6ef7a5f3
----------------- Done invoking toplevel() on ptolemy.moml.MoMLSimpleApplication@6ef7a5f3
reloadAllAccessors: .PublisherSubscriberChannelVariablesAOC2

===========================================================================================
----------------- testing Mon Aug 23 21:33:50 UTC 2021 /home/travis/build/icyphy/ptII/ptolemy/actor/lib/test/auto/PublisherSubscriberD3.xml
----------------- Instantiating /home/travis/build/icyphy/ptII/ptolemy/actor/lib/test/auto/PublisherSubscriberD3.xml
2 ms. Memory: 435200K Free: 154566K (36%)
----------------- Invoking toplevel() on ptolemy.moml.MoMLSimpleApplication@1fdd78ad
----------------- Done invoking toplevel() on ptolemy.moml.MoMLSimpleApplication@1fdd78ad
reloadAllAccessors: .PublisherSubscriberD3

===========================================================================================
----------------- testing Mon Aug 23 21:33:50 UTC 2021 /home/travis/build/icyphy/ptII/ptolemy/actor/lib/test/auto/PublisherSubscriberD3Reverse.xml
----------------- Instantiating /home/travis/build/icyphy/ptII/ptolemy/actor/lib/test/auto/PublisherSubscriberD3Reverse.xml
1 ms. Memory: 435200K Free: 148422K (34%)
----------------- Invoking toplevel() on ptolemy.moml.MoMLSimpleApplication@263a6d2d
----------------- Done invoking toplevel() on ptolemy.moml.MoMLSimpleApplication@263a6d2d
reloadAllAccessors: .PublisherSubscriberD3Reverse

===========================================================================================
----------------- testing Mon Aug 23 21:33:50 UTC 2021 /home/travis/build/icyphy/ptII/ptolemy/actor/lib/test/auto/PublisherSubscriberExpression.xml
----------------- Instantiating /home/travis/build/icyphy/ptII/ptolemy/actor/lib/test/auto/PublisherSubscriberExpression.xml
3 ms. Memory: 435200K Free: 139720K (32%)
----------------- Invoking toplevel() on ptolemy.moml.MoMLSimpleApplication@5bded83b
----------------- Done invoking toplevel() on ptolemy.moml.MoMLSimpleApplication@5bded83b
reloadAllAccessors: .PublisherSubscriberExpression

===========================================================================================
----------------- testing Mon Aug 23 21:33:50 UTC 2021 /home/travis/build/icyphy/ptII/ptolemy/actor/lib/test/auto/PublisherSubscriberOpaque.xml
----------------- Instantiating /home/travis/build/icyphy/ptII/ptolemy/actor/lib/test/auto/PublisherSubscriberOpaque.xml
3 ms. Memory: 435200K Free: 131528K (30%)
----------------- Invoking toplevel() on ptolemy.moml.MoMLSimpleApplication@77b6d1bc
----------------- Done invoking toplevel() on ptolemy.moml.MoMLSimpleApplication@77b6d1bc
reloadAllAccessors: .PublisherSubscriberOpaque

===========================================================================================
----------------- testing Mon Aug 23 21:33:50 UTC 2021 /home/travis/build/icyphy/ptII/ptolemy/actor/lib/test/auto/PublisherSubscriberOpaqueD3.xml
----------------- Instantiating /home/travis/build/icyphy/ptII/ptolemy/actor/lib/test/auto/PublisherSubscriberOpaqueD3.xml
6 ms. Memory: 435200K Free: 377084K (87%)
----------------- Invoking toplevel() on ptolemy.moml.MoMLSimpleApplication@397a9df0
----------------- Done invoking toplevel() on ptolemy.moml.MoMLSimpleApplication@397a9df0
reloadAllAccessors: .PublisherSubscriberOpaqueD3

===========================================================================================
----------------- testing Mon Aug 23 21:33:51 UTC 2021 /home/travis/build/icyphy/ptII/ptolemy/actor/lib/test/auto/PublisherSubscriberOpaqueD3Reverse.xml
----------------- Instantiating /home/travis/build/icyphy/ptII/ptolemy/actor/lib/test/auto/PublisherSubscriberOpaqueD3Reverse.xml
7 ms. Memory: 435200K Free: 365820K (84%)
----------------- Invoking toplevel() on ptolemy.moml.MoMLSimpleApplication@42fac53d
----------------- Done invoking toplevel() on ptolemy.moml.MoMLSimpleApplication@42fac53d
reloadAllAccessors: .PublisherSubscriberOpaqueD3Reverse

===========================================================================================
----------------- testing Mon Aug 23 21:33:51 UTC 2021 /home/travis/build/icyphy/ptII/ptolemy/actor/lib/test/auto/PublisherSubscriberOpaqueWidthInference.xml
----------------- Instantiating /home/travis/build/icyphy/ptII/ptolemy/actor/lib/test/auto/PublisherSubscriberOpaqueWidthInference.xml
4 ms. Memory: 435200K Free: 357628K (82%)
----------------- Invoking toplevel() on ptolemy.moml.MoMLSimpleApplication@402493f9
----------------- Done invoking toplevel() on ptolemy.moml.MoMLSimpleApplication@402493f9
reloadAllAccessors: .PublisherSubscriberOpaqueWidthInference

===========================================================================================
----------------- testing Mon Aug 23 21:33:51 UTC 2021 /home/travis/build/icyphy/ptII/ptolemy/actor/lib/test/auto/PublisherTestSubscriber.xml
----------------- Instantiating /home/travis/build/icyphy/ptII/ptolemy/actor/lib/test/auto/PublisherTestSubscriber.xml
3 ms. Memory: 435200K Free: 349940K (80%)
----------------- Invoking toplevel() on ptolemy.moml.MoMLSimpleApplication@6b1fa1e0
----------------- Done invoking toplevel() on ptolemy.moml.MoMLSimpleApplication@6b1fa1e0
reloadAllAccessors: .PublisherTestSubscriber

===========================================================================================
----------------- testing Mon Aug 23 21:33:51 UTC 2021 /home/travis/build/icyphy/ptII/ptolemy/actor/lib/test/auto/PublisherToplevelSubscriberPortAOC.xml
----------------- Instantiating /home/travis/build/icyphy/ptII/ptolemy/actor/lib/test/auto/PublisherToplevelSubscriberPortAOC.xml
1 ms. Memory: 435200K Free: 343292K (79%)
----------------- Invoking toplevel() on ptolemy.moml.MoMLSimpleApplication@52c5a147
----------------- Done invoking toplevel() on ptolemy.moml.MoMLSimpleApplication@52c5a147
reloadAllAccessors: .PublisherToplevelSubscriberPortAOC

===========================================================================================
----------------- testing Mon Aug 23 21:33:51 UTC 2021 /home/travis/build/icyphy/ptII/ptolemy/actor/lib/test/auto/PulseFiringLimitDE.xml
----------------- Instantiating /home/travis/build/icyphy/ptII/ptolemy/actor/lib/test/auto/PulseFiringLimitDE.xml
2 ms. Memory: 435200K Free: 336634K (77%)
----------------- Invoking toplevel() on ptolemy.moml.MoMLSimpleApplication@4ae16682
----------------- Done invoking toplevel() on ptolemy.moml.MoMLSimpleApplication@4ae16682
reloadAllAccessors: .PulseFiringLimitDE

===========================================================================================
----------------- testing Mon Aug 23 21:33:51 UTC 2021 /home/travis/build/icyphy/ptII/ptolemy/actor/lib/test/auto/Ramp1.xml
----------------- Instantiating /home/travis/build/icyphy/ptII/ptolemy/actor/lib/test/auto/Ramp1.xml
1 ms. Memory: 435200K Free: 332532K (76%)
----------------- Invoking toplevel() on ptolemy.moml.MoMLSimpleApplication@307343c4
----------------- Done invoking toplevel() on ptolemy.moml.MoMLSimpleApplication@307343c4
reloadAllAccessors: .Ramp1

===========================================================================================
----------------- testing Mon Aug 23 21:33:51 UTC 2021 /home/travis/build/icyphy/ptII/ptolemy/actor/lib/test/auto/RampFiringLimitDE.xml
----------------- Instantiating /home/travis/build/icyphy/ptII/ptolemy/actor/lib/test/auto/RampFiringLimitDE.xml
2 ms. Memory: 435200K Free: 326380K (75%)
----------------- Invoking toplevel() on ptolemy.moml.MoMLSimpleApplication@621cc879
----------------- Done invoking toplevel() on ptolemy.moml.MoMLSimpleApplication@621cc879
reloadAllAccessors: .RampFiringLimitDE

===========================================================================================
----------------- testing Mon Aug 23 21:33:51 UTC 2021 /home/travis/build/icyphy/ptII/ptolemy/actor/lib/test/auto/RampFiringLimitSDF.xml
----------------- Instantiating /home/travis/build/icyphy/ptII/ptolemy/actor/lib/test/auto/RampFiringLimitSDF.xml
2 ms. Memory: 435200K Free: 320764K (74%)
----------------- Invoking toplevel() on ptolemy.moml.MoMLSimpleApplication@6fe1550c
----------------- Done invoking toplevel() on ptolemy.moml.MoMLSimpleApplication@6fe1550c
reloadAllAccessors: .RampFiringLimitSDF

===========================================================================================
----------------- testing Mon Aug 23 21:33:51 UTC 2021 /home/travis/build/icyphy/ptII/ptolemy/actor/lib/test/auto/RandomInteger.xml
----------------- Instantiating /home/travis/build/icyphy/ptII/ptolemy/actor/lib/test/auto/RandomInteger.xml
1 ms. Memory: 435200K Free: 316668K (73%)
----------------- Invoking toplevel() on ptolemy.moml.MoMLSimpleApplication@6940e437
----------------- Done invoking toplevel() on ptolemy.moml.MoMLSimpleApplication@6940e437
reloadAllAccessors: .RandomInteger

===========================================================================================
----------------- testing Mon Aug 23 21:33:51 UTC 2021 /home/travis/build/icyphy/ptII/ptolemy/actor/lib/test/auto/ReadFile1.xml
----------------- Instantiating /home/travis/build/icyphy/ptII/ptolemy/actor/lib/test/auto/ReadFile1.xml
1 ms. Memory: 435200K Free: 312052K (72%)
----------------- Invoking toplevel() on ptolemy.moml.MoMLSimpleApplication@42a098ba
----------------- Done invoking toplevel() on ptolemy.moml.MoMLSimpleApplication@42a098ba
reloadAllAccessors: .ReadFile1

===========================================================================================
----------------- testing Mon Aug 23 21:33:51 UTC 2021 /home/travis/build/icyphy/ptII/ptolemy/actor/lib/test/auto/ReadFile2.xml
----------------- Instantiating /home/travis/build/icyphy/ptII/ptolemy/actor/lib/test/auto/ReadFile2.xml
1 ms. Memory: 435200K Free: 307962K (71%)
----------------- Invoking toplevel() on ptolemy.moml.MoMLSimpleApplication@49b0686c
----------------- Done invoking toplevel() on ptolemy.moml.MoMLSimpleApplication@49b0686c
reloadAllAccessors: .ReadFile2

===========================================================================================
----------------- testing Mon Aug 23 21:33:51 UTC 2021 /home/travis/build/icyphy/ptII/ptolemy/actor/lib/test/auto/Reader.xml
----------------- Instantiating /home/travis/build/icyphy/ptII/ptolemy/actor/lib/test/auto/Reader.xml
actor.lib.Reader is obsolete, use actor.lib.io.ExpressionReader instead
3 ms. Memory: 435200K Free: 303866K (70%)
----------------- Invoking toplevel() on ptolemy.moml.MoMLSimpleApplication@42dac050
----------------- Done invoking toplevel() on ptolemy.moml.MoMLSimpleApplication@42dac050
reloadAllAccessors: .Reader

===========================================================================================
----------------- testing Mon Aug 23 21:33:51 UTC 2021 /home/travis/build/icyphy/ptII/ptolemy/actor/lib/test/auto/RecordAssemblerDisplayNameTest.xml
----------------- Instantiating /home/travis/build/icyphy/ptII/ptolemy/actor/lib/test/auto/RecordAssemblerDisplayNameTest.xml
3455 ms. Memory: 435200K Free: 128473K (30%)
----------------- Invoking toplevel() on ptolemy.moml.MoMLSimpleApplication@4021c8b0
----------------- Done invoking toplevel() on ptolemy.moml.MoMLSimpleApplication@4021c8b0
reloadAllAccessors: .RecordAssemblerDisplayNameTest

===========================================================================================
----------------- testing Mon Aug 23 21:33:54 UTC 2021 /home/travis/build/icyphy/ptII/ptolemy/actor/lib/test/auto/RecordAssemblerTypeError.xml
----------------- Instantiating /home/travis/build/icyphy/ptII/ptolemy/actor/lib/test/auto/RecordAssemblerTypeError.xml
16 ms. Memory: 435200K Free: 375699K (86%)
----------------- Invoking toplevel() on ptolemy.moml.MoMLSimpleApplication@14d25800
----------------- Done invoking toplevel() on ptolemy.moml.MoMLSimpleApplication@14d25800
reloadAllAccessors: .RecordAssemblerTypeError

===========================================================================================
----------------- testing Mon Aug 23 21:33:54 UTC 2021 /home/travis/build/icyphy/ptII/ptolemy/actor/lib/test/auto/RecordDisassember.xml
----------------- Instantiating /home/travis/build/icyphy/ptII/ptolemy/actor/lib/test/auto/RecordDisassember.xml
3 ms. Memory: 435200K Free: 371093K (85%)
----------------- Invoking toplevel() on ptolemy.moml.MoMLSimpleApplication@72e4b32f
----------------- Done invoking toplevel() on ptolemy.moml.MoMLSimpleApplication@72e4b32f
reloadAllAccessors: .RecordDisassember

===========================================================================================
----------------- testing Mon Aug 23 21:33:54 UTC 2021 /home/travis/build/icyphy/ptII/ptolemy/actor/lib/test/auto/RecordDisassemberDisplayNameTest.xml
----------------- Instantiating /home/travis/build/icyphy/ptII/ptolemy/actor/lib/test/auto/RecordDisassemberDisplayNameTest.xml
9 ms. Memory: 435200K Free: 362901K (83%)
----------------- Invoking toplevel() on ptolemy.moml.MoMLSimpleApplication@c7206b9
----------------- Done invoking toplevel() on ptolemy.moml.MoMLSimpleApplication@c7206b9
reloadAllAccessors: .RecordDisassemberDisplayNameTest

===========================================================================================
----------------- testing Mon Aug 23 21:33:54 UTC 2021 /home/travis/build/icyphy/ptII/ptolemy/actor/lib/test/auto/RecordDisassembler.xml
----------------- Instantiating /home/travis/build/icyphy/ptII/ptolemy/actor/lib/test/auto/RecordDisassembler.xml
2 ms. Memory: 435200K Free: 357781K (82%)
----------------- Invoking toplevel() on ptolemy.moml.MoMLSimpleApplication@78f80aae
----------------- Done invoking toplevel() on ptolemy.moml.MoMLSimpleApplication@78f80aae
reloadAllAccessors: .RecordDisassembler

===========================================================================================
----------------- testing Mon Aug 23 21:33:54 UTC 2021 /home/travis/build/icyphy/ptII/ptolemy/actor/lib/test/auto/RecordDisassembler2.xml
----------------- Instantiating /home/travis/build/icyphy/ptII/ptolemy/actor/lib/test/auto/RecordDisassembler2.xml
4 ms. Memory: 435200K Free: 352661K (81%)
----------------- Invoking toplevel() on ptolemy.moml.MoMLSimpleApplication@42045764
----------------- Done invoking toplevel() on ptolemy.moml.MoMLSimpleApplication@42045764
reloadAllAccessors: .RecordDisassembler2

===========================================================================================
----------------- testing Mon Aug 23 21:33:54 UTC 2021 /home/travis/build/icyphy/ptII/ptolemy/actor/lib/test/auto/RecordUpdater.xml
----------------- Instantiating /home/travis/build/icyphy/ptII/ptolemy/actor/lib/test/auto/RecordUpdater.xml
2 ms. Memory: 435200K Free: 347541K (80%)
----------------- Invoking toplevel() on ptolemy.moml.MoMLSimpleApplication@57e56b2a
----------------- Done invoking toplevel() on ptolemy.moml.MoMLSimpleApplication@57e56b2a
reloadAllAccessors: .RecordUpdater

===========================================================================================
----------------- testing Mon Aug 23 21:33:54 UTC 2021 /home/travis/build/icyphy/ptII/ptolemy/actor/lib/test/auto/RecordUpdater2.xml
----------------- Instantiating /home/travis/build/icyphy/ptII/ptolemy/actor/lib/test/auto/RecordUpdater2.xml
3 ms. Memory: 435200K Free: 342931K (79%)
----------------- Invoking toplevel() on ptolemy.moml.MoMLSimpleApplication@7f6e8033
----------------- Done invoking toplevel() on ptolemy.moml.MoMLSimpleApplication@7f6e8033
reloadAllAccessors: .RecordUpdater2

===========================================================================================
----------------- testing Mon Aug 23 21:33:54 UTC 2021 /home/travis/build/icyphy/ptII/ptolemy/actor/lib/test/auto/RecursiveLattice.xml
----------------- Instantiating /home/travis/build/icyphy/ptII/ptolemy/actor/lib/test/auto/RecursiveLattice.xml
1 ms. Memory: 435200K Free: 338835K (78%)
----------------- Invoking toplevel() on ptolemy.moml.MoMLSimpleApplication@5b2877c8
----------------- Done invoking toplevel() on ptolemy.moml.MoMLSimpleApplication@5b2877c8
reloadAllAccessors: .RecursiveLattice

===========================================================================================
----------------- testing Mon Aug 23 21:33:54 UTC 2021 /home/travis/build/icyphy/ptII/ptolemy/actor/lib/test/auto/Router.xml
----------------- Instantiating /home/travis/build/icyphy/ptII/ptolemy/actor/lib/test/auto/Router.xml
3004 ms. Memory: 435200K Free: 326547K (75%)
----------------- Invoking toplevel() on ptolemy.moml.MoMLSimpleApplication@44ad44f
----------------- Done invoking toplevel() on ptolemy.moml.MoMLSimpleApplication@44ad44f
reloadAllAccessors: .Router

===========================================================================================
----------------- testing Mon Aug 23 21:33:57 UTC 2021 /home/travis/build/icyphy/ptII/ptolemy/actor/lib/test/auto/Router2.xml
----------------- Instantiating /home/travis/build/icyphy/ptII/ptolemy/actor/lib/test/auto/Router2.xml
3003 ms. Memory: 435200K Free: 313749K (72%)
----------------- Invoking toplevel() on ptolemy.moml.MoMLSimpleApplication@6e499179
----------------- Done invoking toplevel() on ptolemy.moml.MoMLSimpleApplication@6e499179
reloadAllAccessors: .Router2

===========================================================================================
----------------- testing Mon Aug 23 21:34:00 UTC 2021 /home/travis/build/icyphy/ptII/ptolemy/actor/lib/test/auto/RunningMaximum.xml
----------------- Instantiating /home/travis/build/icyphy/ptII/ptolemy/actor/lib/test/auto/RunningMaximum.xml
5 ms. Memory: 435200K Free: 309139K (71%)
----------------- Invoking toplevel() on ptolemy.moml.MoMLSimpleApplication@6d0a8678
----------------- Done invoking toplevel() on ptolemy.moml.MoMLSimpleApplication@6d0a8678
reloadAllAccessors: .RunningMaximum

===========================================================================================
----------------- testing Mon Aug 23 21:34:00 UTC 2021 /home/travis/build/icyphy/ptII/ptolemy/actor/lib/test/auto/RunningMinimum.xml
----------------- Instantiating /home/travis/build/icyphy/ptII/ptolemy/actor/lib/test/auto/RunningMinimum.xml
9 ms. Memory: 435200K Free: 304533K (70%)
----------------- Invoking toplevel() on ptolemy.moml.MoMLSimpleApplication@6d596be1
----------------- Done invoking toplevel() on ptolemy.moml.MoMLSimpleApplication@6d596be1
reloadAllAccessors: .RunningMinimum

===========================================================================================
----------------- testing Mon Aug 23 21:34:00 UTC 2021 /home/travis/build/icyphy/ptII/ptolemy/actor/lib/test/auto/Scale.xml
----------------- Instantiating /home/travis/build/icyphy/ptII/ptolemy/actor/lib/test/auto/Scale.xml
1 ms. Memory: 435200K Free: 299923K (69%)
----------------- Invoking toplevel() on ptolemy.moml.MoMLSimpleApplication@52550043
----------------- Done invoking toplevel() on ptolemy.moml.MoMLSimpleApplication@52550043
reloadAllAccessors: .Scale

===========================================================================================
----------------- testing Mon Aug 23 21:34:00 UTC 2021 /home/travis/build/icyphy/ptII/ptolemy/actor/lib/test/auto/Scale2.xml
----------------- Instantiating /home/travis/build/icyphy/ptII/ptolemy/actor/lib/test/auto/Scale2.xml
2 ms. Memory: 435200K Free: 294803K (68%)
----------------- Invoking toplevel() on ptolemy.moml.MoMLSimpleApplication@429c2611
----------------- Done invoking toplevel() on ptolemy.moml.MoMLSimpleApplication@429c2611
reloadAllAccessors: .Scale2

===========================================================================================
----------------- testing Mon Aug 23 21:34:00 UTC 2021 /home/travis/build/icyphy/ptII/ptolemy/actor/lib/test/auto/Scale3.xml
----------------- Instantiating /home/travis/build/icyphy/ptII/ptolemy/actor/lib/test/auto/Scale3.xml
3 ms. Memory: 435200K Free: 288659K (66%)
----------------- Invoking toplevel() on ptolemy.moml.MoMLSimpleApplication@48962919
----------------- Done invoking toplevel() on ptolemy.moml.MoMLSimpleApplication@48962919
reloadAllAccessors: .Scale3

===========================================================================================
----------------- testing Mon Aug 23 21:34:00 UTC 2021 /home/travis/build/icyphy/ptII/ptolemy/actor/lib/test/auto/ScaleArray.xml
----------------- Instantiating /home/travis/build/icyphy/ptII/ptolemy/actor/lib/test/auto/ScaleArray.xml
2 ms. Memory: 435200K Free: 284053K (65%)
----------------- Invoking toplevel() on ptolemy.moml.MoMLSimpleApplication@3a48d5dc
----------------- Done invoking toplevel() on ptolemy.moml.MoMLSimpleApplication@3a48d5dc
reloadAllAccessors: .ScaleArray

===========================================================================================
----------------- testing Mon Aug 23 21:34:00 UTC 2021 /home/travis/build/icyphy/ptII/ptolemy/actor/lib/test/auto/ScaleArray2.xml
----------------- Instantiating /home/travis/build/icyphy/ptII/ptolemy/actor/lib/test/auto/ScaleArray2.xml
1 ms. Memory: 435200K Free: 279443K (64%)
----------------- Invoking toplevel() on ptolemy.moml.MoMLSimpleApplication@28c25447
----------------- Done invoking toplevel() on ptolemy.moml.MoMLSimpleApplication@28c25447
reloadAllAccessors: .ScaleArray2

===========================================================================================
----------------- testing Mon Aug 23 21:34:00 UTC 2021 /home/travis/build/icyphy/ptII/ptolemy/actor/lib/test/auto/ScaleMatrix.xml
----------------- Instantiating /home/travis/build/icyphy/ptII/ptolemy/actor/lib/test/auto/ScaleMatrix.xml
139 ms. Memory: 435200K Free: 267155K (61%)
----------------- Invoking toplevel() on ptolemy.moml.MoMLSimpleApplication@7f6549e5
----------------- Done invoking toplevel() on ptolemy.moml.MoMLSimpleApplication@7f6549e5
reloadAllAccessors: .ScaleMatrix

===========================================================================================
----------------- testing Mon Aug 23 21:34:01 UTC 2021 /home/travis/build/icyphy/ptII/ptolemy/actor/lib/test/auto/Select.xml
----------------- Instantiating /home/travis/build/icyphy/ptII/ptolemy/actor/lib/test/auto/Select.xml
2 ms. Memory: 435200K Free: 260501K (60%)
----------------- Invoking toplevel() on ptolemy.moml.MoMLSimpleApplication@440b9d30
----------------- Done invoking toplevel() on ptolemy.moml.MoMLSimpleApplication@440b9d30
reloadAllAccessors: .Select

===========================================================================================
----------------- testing Mon Aug 23 21:34:01 UTC 2021 /home/travis/build/icyphy/ptII/ptolemy/actor/lib/test/auto/Select2.xml
----------------- Instantiating /home/travis/build/icyphy/ptII/ptolemy/actor/lib/test/auto/Select2.xml
1 ms. Memory: 435200K Free: 255891K (59%)
----------------- Invoking toplevel() on ptolemy.moml.MoMLSimpleApplication@69906e87
----------------- Done invoking toplevel() on ptolemy.moml.MoMLSimpleApplication@69906e87
reloadAllAccessors: .Select2

===========================================================================================
----------------- testing Mon Aug 23 21:34:01 UTC 2021 /home/travis/build/icyphy/ptII/ptolemy/actor/lib/test/auto/SequenceToArray2.xml
----------------- Instantiating /home/travis/build/icyphy/ptII/ptolemy/actor/lib/test/auto/SequenceToArray2.xml
91 ms. Memory: 435200K Free: 232339K (53%)
----------------- Invoking toplevel() on ptolemy.moml.MoMLSimpleApplication@6838a9fc
----------------- Done invoking toplevel() on ptolemy.moml.MoMLSimpleApplication@6838a9fc
reloadAllAccessors: .SequenceToArray2

===========================================================================================
----------------- testing Mon Aug 23 21:34:01 UTC 2021 /home/travis/build/icyphy/ptII/ptolemy/actor/lib/test/auto/SequentialClock.xml
----------------- Instantiating /home/travis/build/icyphy/ptII/ptolemy/actor/lib/test/auto/SequentialClock.xml
2 ms. Memory: 435200K Free: 227733K (52%)
----------------- Invoking toplevel() on ptolemy.moml.MoMLSimpleApplication@4ce7de6c
----------------- Done invoking toplevel() on ptolemy.moml.MoMLSimpleApplication@4ce7de6c
reloadAllAccessors: .SequentialClock

===========================================================================================
----------------- testing Mon Aug 23 21:34:01 UTC 2021 /home/travis/build/icyphy/ptII/ptolemy/actor/lib/test/auto/SetVariable.xml
----------------- Instantiating /home/travis/build/icyphy/ptII/ptolemy/actor/lib/test/auto/SetVariable.xml
5 ms. Memory: 435200K Free: 222613K (51%)
----------------- Invoking toplevel() on ptolemy.moml.MoMLSimpleApplication@62f3793c
----------------- Done invoking toplevel() on ptolemy.moml.MoMLSimpleApplication@62f3793c
reloadAllAccessors: .SetVariable

===========================================================================================
----------------- testing Mon Aug 23 21:34:01 UTC 2021 /home/travis/build/icyphy/ptII/ptolemy/actor/lib/test/auto/SetVariable2.xml
----------------- Instantiating /home/travis/build/icyphy/ptII/ptolemy/actor/lib/test/auto/SetVariable2.xml
2 ms. Memory: 435200K Free: 216979K (50%)
----------------- Invoking toplevel() on ptolemy.moml.MoMLSimpleApplication@92186ad
----------------- Done invoking toplevel() on ptolemy.moml.MoMLSimpleApplication@92186ad
reloadAllAccessors: .SetVariable2

===========================================================================================
----------------- testing Mon Aug 23 21:34:01 UTC 2021 /home/travis/build/icyphy/ptII/ptolemy/actor/lib/test/auto/SetVariable3.xml
----------------- Instantiating /home/travis/build/icyphy/ptII/ptolemy/actor/lib/test/auto/SetVariable3.xml
7 ms. Memory: 435200K Free: 211859K (49%)
----------------- Invoking toplevel() on ptolemy.moml.MoMLSimpleApplication@350e8fa8
----------------- Done invoking toplevel() on ptolemy.moml.MoMLSimpleApplication@350e8fa8
reloadAllAccessors: .SetVariable3

===========================================================================================
----------------- testing Mon Aug 23 21:34:01 UTC 2021 /home/travis/build/icyphy/ptII/ptolemy/actor/lib/test/auto/SetVariable4.xml
----------------- Instantiating /home/travis/build/icyphy/ptII/ptolemy/actor/lib/test/auto/SetVariable4.xml
15 ms. Memory: 435200K Free: 202133K (46%)
----------------- Invoking toplevel() on ptolemy.moml.MoMLSimpleApplication@14c06327
----------------- Done invoking toplevel() on ptolemy.moml.MoMLSimpleApplication@14c06327
reloadAllAccessors: .SetVariable4

===========================================================================================
----------------- testing Mon Aug 23 21:34:01 UTC 2021 /home/travis/build/icyphy/ptII/ptolemy/actor/lib/test/auto/SetVariable5.xml
----------------- Instantiating /home/travis/build/icyphy/ptII/ptolemy/actor/lib/test/auto/SetVariable5.xml
16 ms. Memory: 435200K Free: 192917K (44%)
----------------- Invoking toplevel() on ptolemy.moml.MoMLSimpleApplication@72001e8c
----------------- Done invoking toplevel() on ptolemy.moml.MoMLSimpleApplication@72001e8c
reloadAllAccessors: .SetVariable5

===========================================================================================
----------------- testing Mon Aug 23 21:34:01 UTC 2021 /home/travis/build/icyphy/ptII/ptolemy/actor/lib/test/auto/Sinewave.xml
----------------- Instantiating /home/travis/build/icyphy/ptII/ptolemy/actor/lib/test/auto/Sinewave.xml
5 ms. Memory: 435200K Free: 181653K (42%)
----------------- Invoking toplevel() on ptolemy.moml.MoMLSimpleApplication@65df420d
----------------- Done invoking toplevel() on ptolemy.moml.MoMLSimpleApplication@65df420d
reloadAllAccessors: .Sinewave

===========================================================================================
----------------- testing Mon Aug 23 21:34:01 UTC 2021 /home/travis/build/icyphy/ptII/ptolemy/actor/lib/test/auto/Sinewave2.xml
----------------- Instantiating /home/travis/build/icyphy/ptII/ptolemy/actor/lib/test/auto/Sinewave2.xml
5 ms. Memory: 435200K Free: 173461K (40%)
----------------- Invoking toplevel() on ptolemy.moml.MoMLSimpleApplication@e5af6c2
----------------- Done invoking toplevel() on ptolemy.moml.MoMLSimpleApplication@e5af6c2
reloadAllAccessors: .Sinewave2

===========================================================================================
----------------- testing Mon Aug 23 21:34:01 UTC 2021 /home/travis/build/icyphy/ptII/ptolemy/actor/lib/test/auto/Sinewave3.xml
----------------- Instantiating /home/travis/build/icyphy/ptII/ptolemy/actor/lib/test/auto/Sinewave3.xml
9 ms. Memory: 435200K Free: 165269K (38%)
----------------- Invoking toplevel() on ptolemy.moml.MoMLSimpleApplication@50c7d952
----------------- Done invoking toplevel() on ptolemy.moml.MoMLSimpleApplication@50c7d952
reloadAllAccessors: .Sinewave3

===========================================================================================
----------------- testing Mon Aug 23 21:34:01 UTC 2021 /home/travis/build/icyphy/ptII/ptolemy/actor/lib/test/auto/SingleEvent.xml
----------------- Instantiating /home/travis/build/icyphy/ptII/ptolemy/actor/lib/test/auto/SingleEvent.xml
1 ms. Memory: 435200K Free: 161173K (37%)
----------------- Invoking toplevel() on ptolemy.moml.MoMLSimpleApplication@5d03e803
----------------- Done invoking toplevel() on ptolemy.moml.MoMLSimpleApplication@5d03e803
reloadAllAccessors: .SingleEvent

===========================================================================================
----------------- testing Mon Aug 23 21:34:01 UTC 2021 /home/travis/build/icyphy/ptII/ptolemy/actor/lib/test/auto/Sleep.xml
----------------- Instantiating /home/travis/build/icyphy/ptII/ptolemy/actor/lib/test/auto/Sleep.xml
6002 ms. Memory: 435200K Free: 155029K (36%)
----------------- Invoking toplevel() on ptolemy.moml.MoMLSimpleApplication@762e5828
----------------- Done invoking toplevel() on ptolemy.moml.MoMLSimpleApplication@762e5828
reloadAllAccessors: .Sleep

===========================================================================================
----------------- testing Mon Aug 23 21:34:07 UTC 2021 /home/travis/build/icyphy/ptII/ptolemy/actor/lib/test/auto/SleepMultipleFire.xml
----------------- Instantiating /home/travis/build/icyphy/ptII/ptolemy/actor/lib/test/auto/SleepMultipleFire.xml
1011 ms. Memory: 435200K Free: 149395K (34%)
----------------- Invoking toplevel() on ptolemy.moml.MoMLSimpleApplication@5175a536
----------------- Done invoking toplevel() on ptolemy.moml.MoMLSimpleApplication@5175a536
reloadAllAccessors: .SleepMultipleFire

===========================================================================================
----------------- testing Mon Aug 23 21:34:08 UTC 2021 /home/travis/build/icyphy/ptII/ptolemy/actor/lib/test/auto/StopDE.xml
----------------- Instantiating /home/travis/build/icyphy/ptII/ptolemy/actor/lib/test/auto/StopDE.xml
5 ms. Memory: 435200K Free: 143765K (33%)
----------------- Invoking toplevel() on ptolemy.moml.MoMLSimpleApplication@5603055c
----------------- Done invoking toplevel() on ptolemy.moml.MoMLSimpleApplication@5603055c
reloadAllAccessors: .StopDE

===========================================================================================
----------------- testing Mon Aug 23 21:34:08 UTC 2021 /home/travis/build/icyphy/ptII/ptolemy/actor/lib/test/auto/StopSDF.xml
----------------- Instantiating /home/travis/build/icyphy/ptII/ptolemy/actor/lib/test/auto/StopSDF.xml
4 ms. Memory: 435200K Free: 138645K (32%)
----------------- Invoking toplevel() on ptolemy.moml.MoMLSimpleApplication@6a91f135
----------------- Done invoking toplevel() on ptolemy.moml.MoMLSimpleApplication@6a91f135
reloadAllAccessors: .StopSDF

===========================================================================================
----------------- testing Mon Aug 23 21:34:08 UTC 2021 /home/travis/build/icyphy/ptII/ptolemy/actor/lib/test/auto/StringConstant.xml
----------------- Instantiating /home/travis/build/icyphy/ptII/ptolemy/actor/lib/test/auto/StringConstant.xml
2 ms. Memory: 435200K Free: 134035K (31%)
----------------- Invoking toplevel() on ptolemy.moml.MoMLSimpleApplication@6cb9cd89
----------------- Done invoking toplevel() on ptolemy.moml.MoMLSimpleApplication@6cb9cd89
reloadAllAccessors: .StringConstant

===========================================================================================
----------------- testing Mon Aug 23 21:34:08 UTC 2021 /home/travis/build/icyphy/ptII/ptolemy/actor/lib/test/auto/SubscriberPortInitialValues1.xml
----------------- Instantiating /home/travis/build/icyphy/ptII/ptolemy/actor/lib/test/auto/SubscriberPortInitialValues1.xml
6 ms. Memory: 435200K Free: 382251K (88%)
----------------- Invoking toplevel() on ptolemy.moml.MoMLSimpleApplication@4dba3b49
----------------- Done invoking toplevel() on ptolemy.moml.MoMLSimpleApplication@4dba3b49
reloadAllAccessors: .SubscriberPortInitialValues1

===========================================================================================
----------------- testing Mon Aug 23 21:34:08 UTC 2021 /home/travis/build/icyphy/ptII/ptolemy/actor/lib/test/auto/SubscriberPortInitialValues13.xml
----------------- Instantiating /home/travis/build/icyphy/ptII/ptolemy/actor/lib/test/auto/SubscriberPortInitialValues13.xml
11 ms. Memory: 435200K Free: 368429K (85%)
----------------- Invoking toplevel() on ptolemy.moml.MoMLSimpleApplication@526976cf
----------------- Done invoking toplevel() on ptolemy.moml.MoMLSimpleApplication@526976cf
reloadAllAccessors: .SubscriberPortInitialValues13

===========================================================================================
----------------- testing Mon Aug 23 21:34:08 UTC 2021 /home/travis/build/icyphy/ptII/ptolemy/actor/lib/test/auto/SubscriberPortInitialValues14.xml
----------------- Instantiating /home/travis/build/icyphy/ptII/ptolemy/actor/lib/test/auto/SubscriberPortInitialValues14.xml
4 ms. Memory: 435200K Free: 360747K (83%)
----------------- Invoking toplevel() on ptolemy.moml.MoMLSimpleApplication@1cf84140
----------------- Done invoking toplevel() on ptolemy.moml.MoMLSimpleApplication@1cf84140
reloadAllAccessors: .SubscriberPortInitialValues14

===========================================================================================
----------------- testing Mon Aug 23 21:34:08 UTC 2021 /home/travis/build/icyphy/ptII/ptolemy/actor/lib/test/auto/SubscriberPortInitialValues2.xml
----------------- Instantiating /home/travis/build/icyphy/ptII/ptolemy/actor/lib/test/auto/SubscriberPortInitialValues2.xml
4 ms. Memory: 435200K Free: 353069K (81%)
----------------- Invoking toplevel() on ptolemy.moml.MoMLSimpleApplication@501bad98
----------------- Done invoking toplevel() on ptolemy.moml.MoMLSimpleApplication@501bad98
reloadAllAccessors: .SubscriberPortInitialValues2

===========================================================================================
----------------- testing Mon Aug 23 21:34:08 UTC 2021 /home/travis/build/icyphy/ptII/ptolemy/actor/lib/test/auto/SubscriberPortInitialValues3.xml
----------------- Instantiating /home/travis/build/icyphy/ptII/ptolemy/actor/lib/test/auto/SubscriberPortInitialValues3.xml
4 ms. Memory: 435200K Free: 341805K (79%)
----------------- Invoking toplevel() on ptolemy.moml.MoMLSimpleApplication@d9f2337
----------------- Done invoking toplevel() on ptolemy.moml.MoMLSimpleApplication@d9f2337
reloadAllAccessors: .SubscriberPortInitialValues3

===========================================================================================
----------------- testing Mon Aug 23 21:34:08 UTC 2021 /home/travis/build/icyphy/ptII/ptolemy/actor/lib/test/auto/SubscriptionAggregator.xml
----------------- Instantiating /home/travis/build/icyphy/ptII/ptolemy/actor/lib/test/auto/SubscriptionAggregator.xml
3 ms. Memory: 435200K Free: 334637K (77%)
----------------- Invoking toplevel() on ptolemy.moml.MoMLSimpleApplication@1a75de28
----------------- Done invoking toplevel() on ptolemy.moml.MoMLSimpleApplication@1a75de28
reloadAllAccessors: .SubscriptionAggregator

===========================================================================================
----------------- testing Mon Aug 23 21:34:08 UTC 2021 /home/travis/build/icyphy/ptII/ptolemy/actor/lib/test/auto/SubscriptionAggregator2.xml
----------------- Instantiating /home/travis/build/icyphy/ptII/ptolemy/actor/lib/test/auto/SubscriptionAggregator2.xml
2 ms. Memory: 435200K Free: 326949K (75%)
----------------- Invoking toplevel() on ptolemy.moml.MoMLSimpleApplication@5be975a6
----------------- Done invoking toplevel() on ptolemy.moml.MoMLSimpleApplication@5be975a6
reloadAllAccessors: .SubscriptionAggregator2

===========================================================================================
----------------- testing Mon Aug 23 21:34:08 UTC 2021 /home/travis/build/icyphy/ptII/ptolemy/actor/lib/test/auto/SubscriptionAggregator3.xml
----------------- Instantiating /home/travis/build/icyphy/ptII/ptolemy/actor/lib/test/auto/SubscriptionAggregator3.xml
4 ms. Memory: 435200K Free: 318253K (73%)
----------------- Invoking toplevel() on ptolemy.moml.MoMLSimpleApplication@1718210c
----------------- Done invoking toplevel() on ptolemy.moml.MoMLSimpleApplication@1718210c
reloadAllAccessors: .SubscriptionAggregator3

===========================================================================================
----------------- testing Mon Aug 23 21:34:08 UTC 2021 /home/travis/build/icyphy/ptII/ptolemy/actor/lib/test/auto/SubscriptionAggregatorMultiply.xml
----------------- Instantiating /home/travis/build/icyphy/ptII/ptolemy/actor/lib/test/auto/SubscriptionAggregatorMultiply.xml
9 ms. Memory: 435200K Free: 309541K (71%)
----------------- Invoking toplevel() on ptolemy.moml.MoMLSimpleApplication@52f3998
----------------- Done invoking toplevel() on ptolemy.moml.MoMLSimpleApplication@52f3998
reloadAllAccessors: .SubscriptionAggregatorMultiply

===========================================================================================
----------------- testing Mon Aug 23 21:34:08 UTC 2021 /home/travis/build/icyphy/ptII/ptolemy/actor/lib/test/auto/SubscriptionAggregatorPortMultiply1.xml
----------------- Instantiating /home/travis/build/icyphy/ptII/ptolemy/actor/lib/test/auto/SubscriptionAggregatorPortMultiply1.xml
3 ms. Memory: 435200K Free: 301869K (69%)
----------------- Invoking toplevel() on ptolemy.moml.MoMLSimpleApplication@303b197a
----------------- Done invoking toplevel() on ptolemy.moml.MoMLSimpleApplication@303b197a
reloadAllAccessors: .SubscriptionAggregatorPortMultiply1

===========================================================================================
----------------- testing Mon Aug 23 21:34:08 UTC 2021 /home/travis/build/icyphy/ptII/ptolemy/actor/lib/test/auto/Switch.xml
----------------- Instantiating /home/travis/build/icyphy/ptII/ptolemy/actor/lib/test/auto/Switch.xml
9 ms. Memory: 435200K Free: 293163K (67%)
----------------- Invoking toplevel() on ptolemy.moml.MoMLSimpleApplication@2ebfa452
----------------- Done invoking toplevel() on ptolemy.moml.MoMLSimpleApplication@2ebfa452
reloadAllAccessors: .Switch

===========================================================================================
----------------- testing Mon Aug 23 21:34:08 UTC 2021 /home/travis/build/icyphy/ptII/ptolemy/actor/lib/test/auto/Switch2.xml
----------------- Instantiating /home/travis/build/icyphy/ptII/ptolemy/actor/lib/test/auto/Switch2.xml
1 ms. Memory: 435200K Free: 288557K (66%)
----------------- Invoking toplevel() on ptolemy.moml.MoMLSimpleApplication@765bbc2f
----------------- Done invoking toplevel() on ptolemy.moml.MoMLSimpleApplication@765bbc2f
reloadAllAccessors: .Switch2

===========================================================================================
----------------- testing Mon Aug 23 21:34:08 UTC 2021 /home/travis/build/icyphy/ptII/ptolemy/actor/lib/test/auto/SwitchDE.xml
----------------- Instantiating /home/travis/build/icyphy/ptII/ptolemy/actor/lib/test/auto/SwitchDE.xml
2 ms. Memory: 435200K Free: 282413K (65%)
----------------- Invoking toplevel() on ptolemy.moml.MoMLSimpleApplication@6713cb0e
----------------- Done invoking toplevel() on ptolemy.moml.MoMLSimpleApplication@6713cb0e
reloadAllAccessors: .SwitchDE

===========================================================================================
----------------- testing Mon Aug 23 21:34:08 UTC 2021 /home/travis/build/icyphy/ptII/ptolemy/actor/lib/test/auto/SynchronizerDE.xml
----------------- Instantiating /home/travis/build/icyphy/ptII/ptolemy/actor/lib/test/auto/SynchronizerDE.xml
8 ms. Memory: 435200K Free: 274221K (63%)
----------------- Invoking toplevel() on ptolemy.moml.MoMLSimpleApplication@14dd7a4f
----------------- Done invoking toplevel() on ptolemy.moml.MoMLSimpleApplication@14dd7a4f
reloadAllAccessors: .SynchronizerDE

===========================================================================================
----------------- testing Mon Aug 23 21:34:08 UTC 2021 /home/travis/build/icyphy/ptII/ptolemy/actor/lib/test/auto/Test.xml
----------------- Instantiating /home/travis/build/icyphy/ptII/ptolemy/actor/lib/test/auto/Test.xml
2 ms. Memory: 435200K Free: 269101K (62%)
----------------- Invoking toplevel() on ptolemy.moml.MoMLSimpleApplication@75e631d9
----------------- Done invoking toplevel() on ptolemy.moml.MoMLSimpleApplication@75e631d9
reloadAllAccessors: .Test

===========================================================================================
----------------- testing Mon Aug 23 21:34:08 UTC 2021 /home/travis/build/icyphy/ptII/ptolemy/actor/lib/test/auto/TestExceptionAttribute1.xml
----------------- Instantiating /home/travis/build/icyphy/ptII/ptolemy/actor/lib/test/auto/TestExceptionAttribute1.xml
1 ms. Memory: 435200K Free: 265005K (61%)
----------------- Invoking toplevel() on ptolemy.moml.MoMLSimpleApplication@245a66ab
----------------- Done invoking toplevel() on ptolemy.moml.MoMLSimpleApplication@245a66ab
reloadAllAccessors: .TestExceptionAttribute1

===========================================================================================
----------------- testing Mon Aug 23 21:34:08 UTC 2021 /home/travis/build/icyphy/ptII/ptolemy/actor/lib/test/auto/TestExceptionAttribute2.xml
----------------- Instantiating /home/travis/build/icyphy/ptII/ptolemy/actor/lib/test/auto/TestExceptionAttribute2.xml
1 ms. Memory: 435200K Free: 261419K (60%)
----------------- Invoking toplevel() on ptolemy.moml.MoMLSimpleApplication@20cea51e
----------------- Done invoking toplevel() on ptolemy.moml.MoMLSimpleApplication@20cea51e
reloadAllAccessors: .TestExceptionAttribute2

===========================================================================================
----------------- testing Mon Aug 23 21:34:09 UTC 2021 /home/travis/build/icyphy/ptII/ptolemy/actor/lib/test/auto/TestExceptionAttribute3.xml
----------------- Instantiating /home/travis/build/icyphy/ptII/ptolemy/actor/lib/test/auto/TestExceptionAttribute3.xml
.TestExceptionAttribute3.TestExceptionAttribute: initialize() was not invoked, but wrapup() was.  This is unusual, but not always a problem.  For example, exporting JNLP will do this.
0 ms. Memory: 435200K Free: 257837K (59%)
----------------- Invoking toplevel() on ptolemy.moml.MoMLSimpleApplication@2bf13e32
----------------- Done invoking toplevel() on ptolemy.moml.MoMLSimpleApplication@2bf13e32
reloadAllAccessors: .TestExceptionAttribute3

===========================================================================================
----------------- testing Mon Aug 23 21:34:09 UTC 2021 /home/travis/build/icyphy/ptII/ptolemy/actor/lib/test/auto/TestExceptionAttribute4.xml
----------------- Instantiating /home/travis/build/icyphy/ptII/ptolemy/actor/lib/test/auto/TestExceptionAttribute4.xml
.TestExceptionAttribute4.TestExceptionAttribute: initialize() was not invoked, but wrapup() was.  This is unusual, but not always a problem.  For example, exporting JNLP will do this.
.TestExceptionAttribute4.TestExceptionAttribute2: initialize() was not invoked, but wrapup() was.  This is unusual, but not always a problem.  For example, exporting JNLP will do this.
0 ms. Memory: 435200K Free: 252717K (58%)
----------------- Invoking toplevel() on ptolemy.moml.MoMLSimpleApplication@4ccad454
----------------- Done invoking toplevel() on ptolemy.moml.MoMLSimpleApplication@4ccad454
reloadAllAccessors: .TestExceptionAttribute4

===========================================================================================
----------------- testing Mon Aug 23 21:34:09 UTC 2021 /home/travis/build/icyphy/ptII/ptolemy/actor/lib/test/auto/TestExceptionHandler1.xml
----------------- Instantiating /home/travis/build/icyphy/ptII/ptolemy/actor/lib/test/auto/TestExceptionHandler1.xml
1 ms. Memory: 435200K Free: 248621K (57%)
----------------- Invoking toplevel() on ptolemy.moml.MoMLSimpleApplication@71188338
----------------- Done invoking toplevel() on ptolemy.moml.MoMLSimpleApplication@71188338
reloadAllAccessors: .TestExceptionHandler1

===========================================================================================
----------------- testing Mon Aug 23 21:34:09 UTC 2021 /home/travis/build/icyphy/ptII/ptolemy/actor/lib/test/auto/TestExceptionHandler2.xml
----------------- Instantiating /home/travis/build/icyphy/ptII/ptolemy/actor/lib/test/auto/TestExceptionHandler2.xml
1 ms. Memory: 435200K Free: 245035K (56%)
----------------- Invoking toplevel() on ptolemy.moml.MoMLSimpleApplication@183251df
----------------- Done invoking toplevel() on ptolemy.moml.MoMLSimpleApplication@183251df
reloadAllAccessors: .TestExceptionHandler2

===========================================================================================
----------------- testing Mon Aug 23 21:34:09 UTC 2021 /home/travis/build/icyphy/ptII/ptolemy/actor/lib/test/auto/TestExceptionHandler3.xml
----------------- Instantiating /home/travis/build/icyphy/ptII/ptolemy/actor/lib/test/auto/TestExceptionHandler3.xml
1 ms. Memory: 435200K Free: 241453K (55%)
----------------- Invoking toplevel() on ptolemy.moml.MoMLSimpleApplication@1181b48e
----------------- Done invoking toplevel() on ptolemy.moml.MoMLSimpleApplication@1181b48e
reloadAllAccessors: .TestExceptionHandler3

===========================================================================================
----------------- testing Mon Aug 23 21:34:09 UTC 2021 /home/travis/build/icyphy/ptII/ptolemy/actor/lib/test/auto/TestExceptionHandler4.xml
----------------- Instantiating /home/travis/build/icyphy/ptII/ptolemy/actor/lib/test/auto/TestExceptionHandler4.xml
1 ms. Memory: 435200K Free: 237357K (55%)
----------------- Invoking toplevel() on ptolemy.moml.MoMLSimpleApplication@449aad3b
----------------- Done invoking toplevel() on ptolemy.moml.MoMLSimpleApplication@449aad3b
reloadAllAccessors: .TestExceptionHandler4

===========================================================================================
----------------- testing Mon Aug 23 21:34:09 UTC 2021 /home/travis/build/icyphy/ptII/ptolemy/actor/lib/test/auto/TestRequireCorrectOrder.xml
----------------- Instantiating /home/travis/build/icyphy/ptII/ptolemy/actor/lib/test/auto/TestRequireCorrectOrder.xml
2 ms. Memory: 435200K Free: 231693K (53%)
----------------- Invoking toplevel() on ptolemy.moml.MoMLSimpleApplication@89706e5
----------------- Done invoking toplevel() on ptolemy.moml.MoMLSimpleApplication@89706e5
reloadAllAccessors: .TestRequireCorrectOrder

===========================================================================================
----------------- testing Mon Aug 23 21:34:09 UTC 2021 /home/travis/build/icyphy/ptII/ptolemy/actor/lib/test/auto/TestSimple.xml
----------------- Instantiating /home/travis/build/icyphy/ptII/ptolemy/actor/lib/test/auto/TestSimple.xml
2 ms. Memory: 435200K Free: 227627K (52%)
----------------- Invoking toplevel() on ptolemy.moml.MoMLSimpleApplication@5b6906b
----------------- Done invoking toplevel() on ptolemy.moml.MoMLSimpleApplication@5b6906b
reloadAllAccessors: .TestSimple

===========================================================================================
----------------- testing Mon Aug 23 21:34:09 UTC 2021 /home/travis/build/icyphy/ptII/ptolemy/actor/lib/test/auto/ThrowModelError.xml
----------------- Instantiating /home/travis/build/icyphy/ptII/ptolemy/actor/lib/test/auto/ThrowModelError.xml
1 ms. Memory: 435200K Free: 223021K (51%)
----------------- Invoking toplevel() on ptolemy.moml.MoMLSimpleApplication@618b250e
----------------- Done invoking toplevel() on ptolemy.moml.MoMLSimpleApplication@618b250e
reloadAllAccessors: .ThrowModelError

===========================================================================================
----------------- testing Mon Aug 23 21:34:09 UTC 2021 /home/travis/build/icyphy/ptII/ptolemy/actor/lib/test/auto/TimeDelayMicrosteps.xml
----------------- Instantiating /home/travis/build/icyphy/ptII/ptolemy/actor/lib/test/auto/TimeDelayMicrosteps.xml
3 ms. Memory: 435200K Free: 216349K (50%)
----------------- Invoking toplevel() on ptolemy.moml.MoMLSimpleApplication@1ba3ec59
----------------- Done invoking toplevel() on ptolemy.moml.MoMLSimpleApplication@1ba3ec59
reloadAllAccessors: .TimeDelayMicrosteps

===========================================================================================
----------------- testing Mon Aug 23 21:34:09 UTC 2021 /home/travis/build/icyphy/ptII/ptolemy/actor/lib/test/auto/TimeDelayMicrosteps2.xml
----------------- Instantiating /home/travis/build/icyphy/ptII/ptolemy/actor/lib/test/auto/TimeDelayMicrosteps2.xml
4 ms. Memory: 435200K Free: 208685K (48%)
----------------- Invoking toplevel() on ptolemy.moml.MoMLSimpleApplication@2433b166
----------------- Done invoking toplevel() on ptolemy.moml.MoMLSimpleApplication@2433b166
reloadAllAccessors: .TimeDelayMicrosteps2

===========================================================================================
----------------- testing Mon Aug 23 21:34:09 UTC 2021 /home/travis/build/icyphy/ptII/ptolemy/actor/lib/test/auto/TimeDelayMicrosteps3.xml
----------------- Instantiating /home/travis/build/icyphy/ptII/ptolemy/actor/lib/test/auto/TimeDelayMicrosteps3.xml
2 ms. Memory: 435200K Free: 202021K (46%)
----------------- Invoking toplevel() on ptolemy.moml.MoMLSimpleApplication@19bd6819
----------------- Done invoking toplevel() on ptolemy.moml.MoMLSimpleApplication@19bd6819
reloadAllAccessors: .TimeDelayMicrosteps3

===========================================================================================
----------------- testing Mon Aug 23 21:34:09 UTC 2021 /home/travis/build/icyphy/ptII/ptolemy/actor/lib/test/auto/TimeDelayVariableMicrosteps.xml
----------------- Instantiating /home/travis/build/icyphy/ptII/ptolemy/actor/lib/test/auto/TimeDelayVariableMicrosteps.xml
3 ms. Memory: 435200K Free: 195881K (45%)
----------------- Invoking toplevel() on ptolemy.moml.MoMLSimpleApplication@2a355b39
----------------- Done invoking toplevel() on ptolemy.moml.MoMLSimpleApplication@2a355b39
reloadAllAccessors: .TimeDelayVariableMicrosteps

===========================================================================================
----------------- testing Mon Aug 23 21:34:09 UTC 2021 /home/travis/build/icyphy/ptII/ptolemy/actor/lib/test/auto/TimeGap.xml
----------------- Instantiating /home/travis/build/icyphy/ptII/ptolemy/actor/lib/test/auto/TimeGap.xml
3 ms. Memory: 435200K Free: 189709K (44%)
----------------- Invoking toplevel() on ptolemy.moml.MoMLSimpleApplication@161d9747
----------------- Done invoking toplevel() on ptolemy.moml.MoMLSimpleApplication@161d9747
reloadAllAccessors: .TimeGap

===========================================================================================
----------------- testing Mon Aug 23 21:34:09 UTC 2021 /home/travis/build/icyphy/ptII/ptolemy/actor/lib/test/auto/TimeGap2.xml
----------------- Instantiating /home/travis/build/icyphy/ptII/ptolemy/actor/lib/test/auto/TimeGap2.xml
2 ms. Memory: 435200K Free: 184109K (42%)
----------------- Invoking toplevel() on ptolemy.moml.MoMLSimpleApplication@4f347c3e
----------------- Done invoking toplevel() on ptolemy.moml.MoMLSimpleApplication@4f347c3e
reloadAllAccessors: .TimeGap2

===========================================================================================
----------------- testing Mon Aug 23 21:34:09 UTC 2021 /home/travis/build/icyphy/ptII/ptolemy/actor/lib/test/auto/TimedSinewave.xml
----------------- Instantiating /home/travis/build/icyphy/ptII/ptolemy/actor/lib/test/auto/TimedSinewave.xml
19 ms. Memory: 435200K Free: 169773K (39%)
----------------- Invoking toplevel() on ptolemy.moml.MoMLSimpleApplication@70377cf1
----------------- Done invoking toplevel() on ptolemy.moml.MoMLSimpleApplication@70377cf1
reloadAllAccessors: .TimedSinewave

===========================================================================================
----------------- testing Mon Aug 23 21:34:09 UTC 2021 /home/travis/build/icyphy/ptII/ptolemy/actor/lib/test/auto/TimedSinewavePhase.xml
----------------- Instantiating /home/travis/build/icyphy/ptII/ptolemy/actor/lib/test/auto/TimedSinewavePhase.xml
8 ms. Memory: 435200K Free: 160043K (37%)
----------------- Invoking toplevel() on ptolemy.moml.MoMLSimpleApplication@36000612
----------------- Done invoking toplevel() on ptolemy.moml.MoMLSimpleApplication@36000612
reloadAllAccessors: .TimedSinewavePhase

===========================================================================================
----------------- testing Mon Aug 23 21:34:09 UTC 2021 /home/travis/build/icyphy/ptII/ptolemy/actor/lib/test/auto/Timer.xml
----------------- Instantiating /home/travis/build/icyphy/ptII/ptolemy/actor/lib/test/auto/Timer.xml
1 ms. Memory: 435200K Free: 153893K (35%)
----------------- Invoking toplevel() on ptolemy.moml.MoMLSimpleApplication@5950019
----------------- Done invoking toplevel() on ptolemy.moml.MoMLSimpleApplication@5950019
reloadAllAccessors: .Timer

===========================================================================================
----------------- testing Mon Aug 23 21:34:09 UTC 2021 /home/travis/build/icyphy/ptII/ptolemy/actor/lib/test/auto/TriangularDistTestModel.xml
----------------- Instantiating /home/travis/build/icyphy/ptII/ptolemy/actor/lib/test/auto/TriangularDistTestModel.xml
1 ms. Memory: 435200K Free: 148269K (34%)
----------------- Invoking toplevel() on ptolemy.moml.MoMLSimpleApplication@7fd589e5
----------------- Done invoking toplevel() on ptolemy.moml.MoMLSimpleApplication@7fd589e5
reloadAllAccessors: .TriangularDistTestModel

===========================================================================================
----------------- testing Mon Aug 23 21:34:09 UTC 2021 /home/travis/build/icyphy/ptII/ptolemy/actor/lib/test/auto/TrigFunction.xml
----------------- Instantiating /home/travis/build/icyphy/ptII/ptolemy/actor/lib/test/auto/TrigFunction.xml
2 ms. Memory: 435200K Free: 143659K (33%)
----------------- Invoking toplevel() on ptolemy.moml.MoMLSimpleApplication@1986c963
----------------- Done invoking toplevel() on ptolemy.moml.MoMLSimpleApplication@1986c963
reloadAllAccessors: .TrigFunction

===========================================================================================
----------------- testing Mon Aug 23 21:34:09 UTC 2021 /home/travis/build/icyphy/ptII/ptolemy/actor/lib/test/auto/TrigFunctionDE.xml
----------------- Instantiating /home/travis/build/icyphy/ptII/ptolemy/actor/lib/test/auto/TrigFunctionDE.xml
2 ms. Memory: 435200K Free: 137515K (32%)
----------------- Invoking toplevel() on ptolemy.moml.MoMLSimpleApplication@6483be92
----------------- Done invoking toplevel() on ptolemy.moml.MoMLSimpleApplication@6483be92
reloadAllAccessors: .TrigFunctionDE

===========================================================================================
----------------- testing Mon Aug 23 21:34:09 UTC 2021 /home/travis/build/icyphy/ptII/ptolemy/actor/lib/test/auto/TrigFunctionInverse.xml
----------------- Instantiating /home/travis/build/icyphy/ptII/ptolemy/actor/lib/test/auto/TrigFunctionInverse.xml
2 ms. Memory: 435200K Free: 132395K (30%)
----------------- Invoking toplevel() on ptolemy.moml.MoMLSimpleApplication@46dd7cc2
----------------- Done invoking toplevel() on ptolemy.moml.MoMLSimpleApplication@46dd7cc2
reloadAllAccessors: .TrigFunctionInverse

===========================================================================================
----------------- testing Mon Aug 23 21:34:09 UTC 2021 /home/travis/build/icyphy/ptII/ptolemy/actor/lib/test/auto/TrigFunctionTan.xml
----------------- Instantiating /home/travis/build/icyphy/ptII/ptolemy/actor/lib/test/auto/TrigFunctionTan.xml
1 ms. Memory: 435200K Free: 128299K (29%)
----------------- Invoking toplevel() on ptolemy.moml.MoMLSimpleApplication@28e477b6
----------------- Done invoking toplevel() on ptolemy.moml.MoMLSimpleApplication@28e477b6
reloadAllAccessors: .TrigFunctionTan

===========================================================================================
----------------- testing Mon Aug 23 21:34:09 UTC 2021 /home/travis/build/icyphy/ptII/ptolemy/actor/lib/test/auto/TriggeredClock.xml
----------------- Instantiating /home/travis/build/icyphy/ptII/ptolemy/actor/lib/test/auto/TriggeredClock.xml
2 ms. Memory: 435200K Free: 382509K (88%)
----------------- Invoking toplevel() on ptolemy.moml.MoMLSimpleApplication@6654c964
----------------- Done invoking toplevel() on ptolemy.moml.MoMLSimpleApplication@6654c964
reloadAllAccessors: .TriggeredClock

===========================================================================================
----------------- testing Mon Aug 23 21:34:09 UTC 2021 /home/travis/build/icyphy/ptII/ptolemy/actor/lib/test/auto/URLDirectoryReader.xml
----------------- Instantiating /home/travis/build/icyphy/ptII/ptolemy/actor/lib/test/auto/URLDirectoryReader.xml
28 ms. Memory: 435200K Free: 373105K (86%)
----------------- Invoking toplevel() on ptolemy.moml.MoMLSimpleApplication@4e38205
----------------- Done invoking toplevel() on ptolemy.moml.MoMLSimpleApplication@4e38205
reloadAllAccessors: .URLDirectoryReader

===========================================================================================
----------------- testing Mon Aug 23 21:34:09 UTC 2021 /home/travis/build/icyphy/ptII/ptolemy/actor/lib/test/auto/URLDirectoryReader3.xml
----------------- Instantiating /home/travis/build/icyphy/ptII/ptolemy/actor/lib/test/auto/URLDirectoryReader3.xml
1413 ms. Memory: 435200K Free: 376928K (87%)
----------------- Invoking toplevel() on ptolemy.moml.MoMLSimpleApplication@26bb35be
----------------- Done invoking toplevel() on ptolemy.moml.MoMLSimpleApplication@26bb35be
reloadAllAccessors: .URLDirectoryReader3

===========================================================================================
----------------- testing Mon Aug 23 21:34:11 UTC 2021 /home/travis/build/icyphy/ptII/ptolemy/actor/lib/test/auto/UnaryMathFunction.xml
----------------- Instantiating /home/travis/build/icyphy/ptII/ptolemy/actor/lib/test/auto/UnaryMathFunction.xml
2 ms. Memory: 435200K Free: 369113K (85%)
----------------- Invoking toplevel() on ptolemy.moml.MoMLSimpleApplication@28367711
----------------- Done invoking toplevel() on ptolemy.moml.MoMLSimpleApplication@28367711
reloadAllAccessors: .UnaryMathFunction

===========================================================================================
----------------- testing Mon Aug 23 21:34:11 UTC 2021 /home/travis/build/icyphy/ptII/ptolemy/actor/lib/test/auto/Uniform.xml
----------------- Instantiating /home/travis/build/icyphy/ptII/ptolemy/actor/lib/test/auto/Uniform.xml
1 ms. Memory: 435200K Free: 363993K (84%)
----------------- Invoking toplevel() on ptolemy.moml.MoMLSimpleApplication@5884e308
----------------- Done invoking toplevel() on ptolemy.moml.MoMLSimpleApplication@5884e308
reloadAllAccessors: .Uniform

===========================================================================================
----------------- testing Mon Aug 23 21:34:11 UTC 2021 /home/travis/build/icyphy/ptII/ptolemy/actor/lib/test/auto/UnionDisassemblerTest.xml
----------------- Instantiating /home/travis/build/icyphy/ptII/ptolemy/actor/lib/test/auto/UnionDisassemblerTest.xml
9 ms. Memory: 435200K Free: 359897K (83%)
----------------- Invoking toplevel() on ptolemy.moml.MoMLSimpleApplication@448a9408
----------------- Done invoking toplevel() on ptolemy.moml.MoMLSimpleApplication@448a9408
reloadAllAccessors: .UnionDisassemblerTest

===========================================================================================
----------------- testing Mon Aug 23 21:34:11 UTC 2021 /home/travis/build/icyphy/ptII/ptolemy/actor/lib/test/auto/UtilityFunctions.xml
----------------- Instantiating /home/travis/build/icyphy/ptII/ptolemy/actor/lib/test/auto/UtilityFunctions.xml
1 ms. Memory: 435200K Free: 356297K (82%)
----------------- Invoking toplevel() on ptolemy.moml.MoMLSimpleApplication@418c4b99
----------------- Done invoking toplevel() on ptolemy.moml.MoMLSimpleApplication@418c4b99
reloadAllAccessors: .UtilityFunctions

===========================================================================================
----------------- testing Mon Aug 23 21:34:11 UTC 2021 /home/travis/build/icyphy/ptII/ptolemy/actor/lib/test/auto/VariableSleep.xml
----------------- Instantiating /home/travis/build/icyphy/ptII/ptolemy/actor/lib/test/auto/VariableSleep.xml
502 ms. Memory: 435200K Free: 350681K (81%)
----------------- Invoking toplevel() on ptolemy.moml.MoMLSimpleApplication@2dfbd2ec
----------------- Done invoking toplevel() on ptolemy.moml.MoMLSimpleApplication@2dfbd2ec
reloadAllAccessors: .VariableSleep

===========================================================================================
----------------- testing Mon Aug 23 21:34:11 UTC 2021 /home/travis/build/icyphy/ptII/ptolemy/actor/lib/test/auto/VectorAssemblerDisassemblerCT.xml
----------------- Instantiating /home/travis/build/icyphy/ptII/ptolemy/actor/lib/test/auto/VectorAssemblerDisassemblerCT.xml
63 ms. Memory: 435200K Free: 330201K (76%)
----------------- Invoking toplevel() on ptolemy.moml.MoMLSimpleApplication@4f515bc4
----------------- Done invoking toplevel() on ptolemy.moml.MoMLSimpleApplication@4f515bc4
reloadAllAccessors: .VectorAssemblerDisassemblerCT

===========================================================================================
----------------- testing Mon Aug 23 21:34:12 UTC 2021 /home/travis/build/icyphy/ptII/ptolemy/actor/lib/test/auto/VectorAssemblerDisassemblerDE.xml
----------------- Instantiating /home/travis/build/icyphy/ptII/ptolemy/actor/lib/test/auto/VectorAssemblerDisassemblerDE.xml
2 ms. Memory: 435200K Free: 323033K (74%)
----------------- Invoking toplevel() on ptolemy.moml.MoMLSimpleApplication@18a1826
----------------- Done invoking toplevel() on ptolemy.moml.MoMLSimpleApplication@18a1826
reloadAllAccessors: .VectorAssemblerDisassemblerDE

===========================================================================================
----------------- testing Mon Aug 23 21:34:12 UTC 2021 /home/travis/build/icyphy/ptII/ptolemy/actor/lib/test/auto/VectorAssemblerDisassemblerSDF.xml
----------------- Instantiating /home/travis/build/icyphy/ptII/ptolemy/actor/lib/test/auto/VectorAssemblerDisassemblerSDF.xml
3 ms. Memory: 435200K Free: 315865K (73%)
----------------- Invoking toplevel() on ptolemy.moml.MoMLSimpleApplication@2bdff990
----------------- Done invoking toplevel() on ptolemy.moml.MoMLSimpleApplication@2bdff990
reloadAllAccessors: .VectorAssemblerDisassemblerSDF

===========================================================================================
----------------- testing Mon Aug 23 21:34:12 UTC 2021 /home/travis/build/icyphy/ptII/ptolemy/actor/lib/test/auto/WallClockTime.xml
----------------- Instantiating /home/travis/build/icyphy/ptII/ptolemy/actor/lib/test/auto/WallClockTime.xml
1004 ms. Memory: 435200K Free: 310745K (71%)
----------------- Invoking toplevel() on ptolemy.moml.MoMLSimpleApplication@158dcaf9
----------------- Done invoking toplevel() on ptolemy.moml.MoMLSimpleApplication@158dcaf9
reloadAllAccessors: .WallClockTime

===========================================================================================
----------------- testing Mon Aug 23 21:34:13 UTC 2021 /home/travis/build/icyphy/ptII/ptolemy/actor/lib/test/auto/WidthTestWithSubscriberPublisher.xml
----------------- Instantiating /home/travis/build/icyphy/ptII/ptolemy/actor/lib/test/auto/WidthTestWithSubscriberPublisher.xml
6 ms. Memory: 435200K Free: 293337K (67%)
----------------- Invoking toplevel() on ptolemy.moml.MoMLSimpleApplication@3cc6365e
----------------- Done invoking toplevel() on ptolemy.moml.MoMLSimpleApplication@3cc6365e
reloadAllAccessors: .WidthTestWithSubscriberPublisher

===========================================================================================
----------------- testing Mon Aug 23 21:34:13 UTC 2021 /home/travis/build/icyphy/ptII/ptolemy/actor/lib/test/auto/WidthTestWithSubscriberPublisher2.xml
----------------- Instantiating /home/travis/build/icyphy/ptII/ptolemy/actor/lib/test/auto/WidthTestWithSubscriberPublisher2.xml
2 ms. Memory: 435200K Free: 286679K (66%)
----------------- Invoking toplevel() on ptolemy.moml.MoMLSimpleApplication@5c14f9fb
----------------- Done invoking toplevel() on ptolemy.moml.MoMLSimpleApplication@5c14f9fb
reloadAllAccessors: .WidthTestWithSubscriberPublisher2

===========================================================================================
----------------- testing Mon Aug 23 21:34:13 UTC 2021 /home/travis/build/icyphy/ptII/ptolemy/actor/lib/test/auto/WidthTestWithSubscriberPublisher3.xml
----------------- Instantiating /home/travis/build/icyphy/ptII/ptolemy/actor/lib/test/auto/WidthTestWithSubscriberPublisher3.xml
2 ms. Memory: 435200K Free: 280535K (64%)
----------------- Invoking toplevel() on ptolemy.moml.MoMLSimpleApplication@3c526231
----------------- Done invoking toplevel() on ptolemy.moml.MoMLSimpleApplication@3c526231
reloadAllAccessors: .WidthTestWithSubscriberPublisher3

===========================================================================================
----------------- testing Mon Aug 23 21:34:13 UTC 2021 /home/travis/build/icyphy/ptII/ptolemy/actor/lib/test/auto/Writer.xml
----------------- Instantiating /home/travis/build/icyphy/ptII/ptolemy/actor/lib/test/auto/Writer.xml
0
1
2
3
4
1 ms. Memory: 435200K Free: 276409K (64%)
----------------- Invoking toplevel() on ptolemy.moml.MoMLSimpleApplication@5557cc45
----------------- Done invoking toplevel() on ptolemy.moml.MoMLSimpleApplication@5557cc45
reloadAllAccessors: .Writer

===========================================================================================
----------------- testing Mon Aug 23 21:34:13 UTC 2021 /home/travis/build/icyphy/ptII/ptolemy/actor/lib/test/auto/array.xml
----------------- Instantiating /home/travis/build/icyphy/ptII/ptolemy/actor/lib/test/auto/array.xml
2 ms. Memory: 435200K Free: 271833K (62%)
----------------- Invoking toplevel() on ptolemy.moml.MoMLSimpleApplication@2ef5ec5
----------------- Done invoking toplevel() on ptolemy.moml.MoMLSimpleApplication@2ef5ec5
reloadAllAccessors: .array

===========================================================================================
----------------- testing Mon Aug 23 21:34:13 UTC 2021 /home/travis/build/icyphy/ptII/ptolemy/actor/lib/test/auto/array2.xml
----------------- Instantiating /home/travis/build/icyphy/ptII/ptolemy/actor/lib/test/auto/array2.xml
6 ms. Memory: 435200K Free: 266713K (61%)
----------------- Invoking toplevel() on ptolemy.moml.MoMLSimpleApplication@1aff2426
----------------- Done invoking toplevel() on ptolemy.moml.MoMLSimpleApplication@1aff2426
reloadAllAccessors: .array2

===========================================================================================
----------------- testing Mon Aug 23 21:34:13 UTC 2021 /home/travis/build/icyphy/ptII/ptolemy/actor/lib/test/auto/arrayType.xml
----------------- Instantiating /home/travis/build/icyphy/ptII/ptolemy/actor/lib/test/auto/arrayType.xml
6 ms. Memory: 435200K Free: 261593K (60%)
----------------- Invoking toplevel() on ptolemy.moml.MoMLSimpleApplication@ad4ee6c
----------------- Done invoking toplevel() on ptolemy.moml.MoMLSimpleApplication@ad4ee6c
reloadAllAccessors: .arrayType

===========================================================================================
----------------- testing Mon Aug 23 21:34:13 UTC 2021 /home/travis/build/icyphy/ptII/ptolemy/actor/lib/test/auto/arrayType10.xml
----------------- Instantiating /home/travis/build/icyphy/ptII/ptolemy/actor/lib/test/auto/arrayType10.xml
2 ms. Memory: 435200K Free: 256983K (59%)
----------------- Invoking toplevel() on ptolemy.moml.MoMLSimpleApplication@79224ebc
----------------- Done invoking toplevel() on ptolemy.moml.MoMLSimpleApplication@79224ebc
reloadAllAccessors: .arrayType10

===========================================================================================
----------------- testing Mon Aug 23 21:34:13 UTC 2021 /home/travis/build/icyphy/ptII/ptolemy/actor/lib/test/auto/arrayType11.xml
----------------- Instantiating /home/travis/build/icyphy/ptII/ptolemy/actor/lib/test/auto/arrayType11.xml
3 ms. Memory: 435200K Free: 251863K (58%)
----------------- Invoking toplevel() on ptolemy.moml.MoMLSimpleApplication@2b758e04
----------------- Done invoking toplevel() on ptolemy.moml.MoMLSimpleApplication@2b758e04
reloadAllAccessors: .arrayType11

===========================================================================================
----------------- testing Mon Aug 23 21:34:13 UTC 2021 /home/travis/build/icyphy/ptII/ptolemy/actor/lib/test/auto/arrayType12.xml
----------------- Instantiating /home/travis/build/icyphy/ptII/ptolemy/actor/lib/test/auto/arrayType12.xml
2 ms. Memory: 435200K Free: 247257K (57%)
----------------- Invoking toplevel() on ptolemy.moml.MoMLSimpleApplication@7b986360
----------------- Done invoking toplevel() on ptolemy.moml.MoMLSimpleApplication@7b986360
reloadAllAccessors: .arrayType12

===========================================================================================
----------------- testing Mon Aug 23 21:34:13 UTC 2021 /home/travis/build/icyphy/ptII/ptolemy/actor/lib/test/auto/arrayType13.xml
----------------- Instantiating /home/travis/build/icyphy/ptII/ptolemy/actor/lib/test/auto/arrayType13.xml
2 ms. Memory: 435200K Free: 242137K (56%)
----------------- Invoking toplevel() on ptolemy.moml.MoMLSimpleApplication@2fb1e79f
----------------- Done invoking toplevel() on ptolemy.moml.MoMLSimpleApplication@2fb1e79f
reloadAllAccessors: .arrayType13

===========================================================================================
----------------- testing Mon Aug 23 21:34:13 UTC 2021 /home/travis/build/icyphy/ptII/ptolemy/actor/lib/test/auto/arrayType14.xml
----------------- Instantiating /home/travis/build/icyphy/ptII/ptolemy/actor/lib/test/auto/arrayType14.xml
1 ms. Memory: 435200K Free: 236503K (54%)
----------------- Invoking toplevel() on ptolemy.moml.MoMLSimpleApplication@5e6e14f2
----------------- Done invoking toplevel() on ptolemy.moml.MoMLSimpleApplication@5e6e14f2
reloadAllAccessors: .arrayType14

===========================================================================================
----------------- testing Mon Aug 23 21:34:13 UTC 2021 /home/travis/build/icyphy/ptII/ptolemy/actor/lib/test/auto/arrayType15.xml
----------------- Instantiating /home/travis/build/icyphy/ptII/ptolemy/actor/lib/test/auto/arrayType15.xml
2 ms. Memory: 435200K Free: 231383K (53%)
----------------- Invoking toplevel() on ptolemy.moml.MoMLSimpleApplication@198964ae
----------------- Done invoking toplevel() on ptolemy.moml.MoMLSimpleApplication@198964ae
reloadAllAccessors: .arrayType15

===========================================================================================
----------------- testing Mon Aug 23 21:34:13 UTC 2021 /home/travis/build/icyphy/ptII/ptolemy/actor/lib/test/auto/arrayType16.xml
----------------- Instantiating /home/travis/build/icyphy/ptII/ptolemy/actor/lib/test/auto/arrayType16.xml
1 ms. Memory: 435200K Free: 226263K (52%)
----------------- Invoking toplevel() on ptolemy.moml.MoMLSimpleApplication@58060266
----------------- Done invoking toplevel() on ptolemy.moml.MoMLSimpleApplication@58060266
reloadAllAccessors: .arrayType16

===========================================================================================
----------------- testing Mon Aug 23 21:34:13 UTC 2021 /home/travis/build/icyphy/ptII/ptolemy/actor/lib/test/auto/arrayType17.xml
----------------- Instantiating /home/travis/build/icyphy/ptII/ptolemy/actor/lib/test/auto/arrayType17.xml
1 ms. Memory: 435200K Free: 220633K (51%)
----------------- Invoking toplevel() on ptolemy.moml.MoMLSimpleApplication@77387d87
----------------- Done invoking toplevel() on ptolemy.moml.MoMLSimpleApplication@77387d87
reloadAllAccessors: .arrayType17

===========================================================================================
----------------- testing Mon Aug 23 21:34:13 UTC 2021 /home/travis/build/icyphy/ptII/ptolemy/actor/lib/test/auto/arrayType18.xml
----------------- Instantiating /home/travis/build/icyphy/ptII/ptolemy/actor/lib/test/auto/arrayType18.xml
1 ms. Memory: 435200K Free: 216023K (50%)
----------------- Invoking toplevel() on ptolemy.moml.MoMLSimpleApplication@36b2e705
----------------- Done invoking toplevel() on ptolemy.moml.MoMLSimpleApplication@36b2e705
reloadAllAccessors: .arrayType18

===========================================================================================
----------------- testing Mon Aug 23 21:34:13 UTC 2021 /home/travis/build/icyphy/ptII/ptolemy/actor/lib/test/auto/arrayType19.xml
----------------- Instantiating /home/travis/build/icyphy/ptII/ptolemy/actor/lib/test/auto/arrayType19.xml
1 ms. Memory: 435200K Free: 210903K (48%)
----------------- Invoking toplevel() on ptolemy.moml.MoMLSimpleApplication@6c4e5db
----------------- Done invoking toplevel() on ptolemy.moml.MoMLSimpleApplication@6c4e5db
reloadAllAccessors: .arrayType19

===========================================================================================
----------------- testing Mon Aug 23 21:34:13 UTC 2021 /home/travis/build/icyphy/ptII/ptolemy/actor/lib/test/auto/arrayType2.xml
----------------- Instantiating /home/travis/build/icyphy/ptII/ptolemy/actor/lib/test/auto/arrayType2.xml
2 ms. Memory: 435200K Free: 205769K (47%)
----------------- Invoking toplevel() on ptolemy.moml.MoMLSimpleApplication@48418c83
----------------- Done invoking toplevel() on ptolemy.moml.MoMLSimpleApplication@48418c83
reloadAllAccessors: .arrayType2

===========================================================================================
----------------- testing Mon Aug 23 21:34:13 UTC 2021 /home/travis/build/icyphy/ptII/ptolemy/actor/lib/test/auto/arrayType20.xml
----------------- Instantiating /home/travis/build/icyphy/ptII/ptolemy/actor/lib/test/auto/arrayType20.xml
2 ms. Memory: 435200K Free: 201177K (46%)
----------------- Invoking toplevel() on ptolemy.moml.MoMLSimpleApplication@4f6d0f40
----------------- Done invoking toplevel() on ptolemy.moml.MoMLSimpleApplication@4f6d0f40
reloadAllAccessors: .arrayType20

===========================================================================================
----------------- testing Mon Aug 23 21:34:13 UTC 2021 /home/travis/build/icyphy/ptII/ptolemy/actor/lib/test/auto/arrayType21.xml
----------------- Instantiating /home/travis/build/icyphy/ptII/ptolemy/actor/lib/test/auto/arrayType21.xml
1 ms. Memory: 435200K Free: 196057K (45%)
----------------- Invoking toplevel() on ptolemy.moml.MoMLSimpleApplication@3327c935
----------------- Done invoking toplevel() on ptolemy.moml.MoMLSimpleApplication@3327c935
reloadAllAccessors: .arrayType21

===========================================================================================
----------------- testing Mon Aug 23 21:34:13 UTC 2021 /home/travis/build/icyphy/ptII/ptolemy/actor/lib/test/auto/arrayType22.xml
----------------- Instantiating /home/travis/build/icyphy/ptII/ptolemy/actor/lib/test/auto/arrayType22.xml
2 ms. Memory: 435200K Free: 379846K (87%)
----------------- Invoking toplevel() on ptolemy.moml.MoMLSimpleApplication@6e4bba83
----------------- Done invoking toplevel() on ptolemy.moml.MoMLSimpleApplication@6e4bba83
reloadAllAccessors: .arrayType22

===========================================================================================
----------------- testing Mon Aug 23 21:34:13 UTC 2021 /home/travis/build/icyphy/ptII/ptolemy/actor/lib/test/auto/arrayType23.xml
----------------- Instantiating /home/travis/build/icyphy/ptII/ptolemy/actor/lib/test/auto/arrayType23.xml
1 ms. Memory: 435200K Free: 374541K (86%)
----------------- Invoking toplevel() on ptolemy.moml.MoMLSimpleApplication@26458e0d
----------------- Done invoking toplevel() on ptolemy.moml.MoMLSimpleApplication@26458e0d
reloadAllAccessors: .arrayType23

===========================================================================================
----------------- testing Mon Aug 23 21:34:13 UTC 2021 /home/travis/build/icyphy/ptII/ptolemy/actor/lib/test/auto/arrayType24.xml
----------------- Instantiating /home/travis/build/icyphy/ptII/ptolemy/actor/lib/test/auto/arrayType24.xml
2 ms. Memory: 435200K Free: 369931K (85%)
----------------- Invoking toplevel() on ptolemy.moml.MoMLSimpleApplication@62dcec1
----------------- Done invoking toplevel() on ptolemy.moml.MoMLSimpleApplication@62dcec1
reloadAllAccessors: .arrayType24

===========================================================================================
----------------- testing Mon Aug 23 21:34:13 UTC 2021 /home/travis/build/icyphy/ptII/ptolemy/actor/lib/test/auto/arrayType25.xml
----------------- Instantiating /home/travis/build/icyphy/ptII/ptolemy/actor/lib/test/auto/arrayType25.xml
2 ms. Memory: 435200K Free: 364811K (84%)
----------------- Invoking toplevel() on ptolemy.moml.MoMLSimpleApplication@2a6f43e0
----------------- Done invoking toplevel() on ptolemy.moml.MoMLSimpleApplication@2a6f43e0
reloadAllAccessors: .arrayType25

===========================================================================================
----------------- testing Mon Aug 23 21:34:13 UTC 2021 /home/travis/build/icyphy/ptII/ptolemy/actor/lib/test/auto/arrayType26.xml
----------------- Instantiating /home/travis/build/icyphy/ptII/ptolemy/actor/lib/test/auto/arrayType26.xml
1 ms. Memory: 435200K Free: 359181K (83%)
----------------- Invoking toplevel() on ptolemy.moml.MoMLSimpleApplication@c11593c
----------------- Done invoking toplevel() on ptolemy.moml.MoMLSimpleApplication@c11593c
reloadAllAccessors: .arrayType26

===========================================================================================
----------------- testing Mon Aug 23 21:34:13 UTC 2021 /home/travis/build/icyphy/ptII/ptolemy/actor/lib/test/auto/arrayType27.xml
----------------- Instantiating /home/travis/build/icyphy/ptII/ptolemy/actor/lib/test/auto/arrayType27.xml
2 ms. Memory: 435200K Free: 354061K (81%)
----------------- Invoking toplevel() on ptolemy.moml.MoMLSimpleApplication@689476a4
----------------- Done invoking toplevel() on ptolemy.moml.MoMLSimpleApplication@689476a4
reloadAllAccessors: .arrayType27

===========================================================================================
----------------- testing Mon Aug 23 21:34:13 UTC 2021 /home/travis/build/icyphy/ptII/ptolemy/actor/lib/test/auto/arrayType28.xml
----------------- Instantiating /home/travis/build/icyphy/ptII/ptolemy/actor/lib/test/auto/arrayType28.xml
2 ms. Memory: 435200K Free: 348427K (80%)
----------------- Invoking toplevel() on ptolemy.moml.MoMLSimpleApplication@3afbe02
----------------- Done invoking toplevel() on ptolemy.moml.MoMLSimpleApplication@3afbe02
reloadAllAccessors: .arrayType28

===========================================================================================
----------------- testing Mon Aug 23 21:34:13 UTC 2021 /home/travis/build/icyphy/ptII/ptolemy/actor/lib/test/auto/arrayType3.xml
----------------- Instantiating /home/travis/build/icyphy/ptII/ptolemy/actor/lib/test/auto/arrayType3.xml
1 ms. Memory: 435200K Free: 343292K (79%)
----------------- Invoking toplevel() on ptolemy.moml.MoMLSimpleApplication@65dff212
----------------- Done invoking toplevel() on ptolemy.moml.MoMLSimpleApplication@65dff212
reloadAllAccessors: .arrayType3

===========================================================================================
----------------- testing Mon Aug 23 21:34:13 UTC 2021 /home/travis/build/icyphy/ptII/ptolemy/actor/lib/test/auto/arrayType4.xml
----------------- Instantiating /home/travis/build/icyphy/ptII/ptolemy/actor/lib/test/auto/arrayType4.xml
2 ms. Memory: 435200K Free: 338172K (78%)
----------------- Invoking toplevel() on ptolemy.moml.MoMLSimpleApplication@23e4c230
----------------- Done invoking toplevel() on ptolemy.moml.MoMLSimpleApplication@23e4c230
reloadAllAccessors: .arrayType4

===========================================================================================
----------------- testing Mon Aug 23 21:34:13 UTC 2021 /home/travis/build/icyphy/ptII/ptolemy/actor/lib/test/auto/arrayType5.xml
----------------- Instantiating /home/travis/build/icyphy/ptII/ptolemy/actor/lib/test/auto/arrayType5.xml
5 ms. Memory: 435200K Free: 332557K (76%)
----------------- Invoking toplevel() on ptolemy.moml.MoMLSimpleApplication@1e36f632
----------------- Done invoking toplevel() on ptolemy.moml.MoMLSimpleApplication@1e36f632
reloadAllAccessors: .arrayType5

===========================================================================================
----------------- testing Mon Aug 23 21:34:13 UTC 2021 /home/travis/build/icyphy/ptII/ptolemy/actor/lib/test/auto/arrayType6.xml
----------------- Instantiating /home/travis/build/icyphy/ptII/ptolemy/actor/lib/test/auto/arrayType6.xml
1 ms. Memory: 435200K Free: 327947K (75%)
----------------- Invoking toplevel() on ptolemy.moml.MoMLSimpleApplication@58bc986c
----------------- Done invoking toplevel() on ptolemy.moml.MoMLSimpleApplication@58bc986c
reloadAllAccessors: .arrayType6

===========================================================================================
----------------- testing Mon Aug 23 21:34:13 UTC 2021 /home/travis/build/icyphy/ptII/ptolemy/actor/lib/test/auto/arrayType7.xml
----------------- Instantiating /home/travis/build/icyphy/ptII/ptolemy/actor/lib/test/auto/arrayType7.xml
2 ms. Memory: 435200K Free: 322827K (74%)
----------------- Invoking toplevel() on ptolemy.moml.MoMLSimpleApplication@1e515065
----------------- Done invoking toplevel() on ptolemy.moml.MoMLSimpleApplication@1e515065
reloadAllAccessors: .arrayType7

===========================================================================================
----------------- testing Mon Aug 23 21:34:13 UTC 2021 /home/travis/build/icyphy/ptII/ptolemy/actor/lib/test/auto/arrayType8.xml
----------------- Instantiating /home/travis/build/icyphy/ptII/ptolemy/actor/lib/test/auto/arrayType8.xml
1 ms. Memory: 435200K Free: 318221K (73%)
----------------- Invoking toplevel() on ptolemy.moml.MoMLSimpleApplication@119ab80a
----------------- Done invoking toplevel() on ptolemy.moml.MoMLSimpleApplication@119ab80a
reloadAllAccessors: .arrayType8

===========================================================================================
----------------- testing Mon Aug 23 21:34:13 UTC 2021 /home/travis/build/icyphy/ptII/ptolemy/actor/lib/test/auto/arrayType9.xml
----------------- Instantiating /home/travis/build/icyphy/ptII/ptolemy/actor/lib/test/auto/arrayType9.xml
2 ms. Memory: 435200K Free: 313611K (72%)
----------------- Invoking toplevel() on ptolemy.moml.MoMLSimpleApplication@1ddc1360
----------------- Done invoking toplevel() on ptolemy.moml.MoMLSimpleApplication@1ddc1360
reloadAllAccessors: .arrayType9

===========================================================================================
----------------- testing Mon Aug 23 21:34:13 UTC 2021 /home/travis/build/icyphy/ptII/ptolemy/actor/lib/test/auto/cast.xml
----------------- Instantiating /home/travis/build/icyphy/ptII/ptolemy/actor/lib/test/auto/cast.xml
2 ms. Memory: 435200K Free: 308491K (71%)
----------------- Invoking toplevel() on ptolemy.moml.MoMLSimpleApplication@72bd9b1c
----------------- Done invoking toplevel() on ptolemy.moml.MoMLSimpleApplication@72bd9b1c
reloadAllAccessors: .cast

===========================================================================================
----------------- testing Mon Aug 23 21:34:13 UTC 2021 /home/travis/build/icyphy/ptII/ptolemy/actor/lib/test/auto/compositeMultiPort.xml
----------------- Instantiating /home/travis/build/icyphy/ptII/ptolemy/actor/lib/test/auto/compositeMultiPort.xml
3 ms. Memory: 435200K Free: 299789K (69%)
----------------- Invoking toplevel() on ptolemy.moml.MoMLSimpleApplication@6017df2
----------------- Done invoking toplevel() on ptolemy.moml.MoMLSimpleApplication@6017df2
reloadAllAccessors: .compositeMultiPort

===========================================================================================
----------------- testing Mon Aug 23 21:34:13 UTC 2021 /home/travis/build/icyphy/ptII/ptolemy/actor/lib/test/auto/expressionCastInference.xml
----------------- Instantiating /home/travis/build/icyphy/ptII/ptolemy/actor/lib/test/auto/expressionCastInference.xml
1 ms. Memory: 435200K Free: 294669K (68%)
----------------- Invoking toplevel() on ptolemy.moml.MoMLSimpleApplication@6fe7a877
----------------- Done invoking toplevel() on ptolemy.moml.MoMLSimpleApplication@6fe7a877
reloadAllAccessors: .expressionCastInference

===========================================================================================
----------------- testing Mon Aug 23 21:34:13 UTC 2021 /home/travis/build/icyphy/ptII/ptolemy/actor/lib/test/auto/expressionCastInference2.xml
----------------- Instantiating /home/travis/build/icyphy/ptII/ptolemy/actor/lib/test/auto/expressionCastInference2.xml
2 ms. Memory: 435200K Free: 290059K (67%)
----------------- Invoking toplevel() on ptolemy.moml.MoMLSimpleApplication@7667a5b4
----------------- Done invoking toplevel() on ptolemy.moml.MoMLSimpleApplication@7667a5b4
reloadAllAccessors: .expressionCastInference2

===========================================================================================
----------------- testing Mon Aug 23 21:34:13 UTC 2021 /home/travis/build/icyphy/ptII/ptolemy/actor/lib/test/auto/expressionInference.xml
----------------- Instantiating /home/travis/build/icyphy/ptII/ptolemy/actor/lib/test/auto/expressionInference.xml
1 ms. Memory: 435200K Free: 285453K (66%)
----------------- Invoking toplevel() on ptolemy.moml.MoMLSimpleApplication@ab34d07
----------------- Done invoking toplevel() on ptolemy.moml.MoMLSimpleApplication@ab34d07
reloadAllAccessors: .expressionInference

===========================================================================================
----------------- testing Mon Aug 23 21:34:13 UTC 2021 /home/travis/build/icyphy/ptII/ptolemy/actor/lib/test/auto/expression_bug.xml
----------------- Instantiating /home/travis/build/icyphy/ptII/ptolemy/actor/lib/test/auto/expression_bug.xml
1 ms. Memory: 435200K Free: 281357K (65%)
----------------- Invoking toplevel() on ptolemy.moml.MoMLSimpleApplication@5757e577
----------------- Done invoking toplevel() on ptolemy.moml.MoMLSimpleApplication@5757e577
reloadAllAccessors: .expression_bug

===========================================================================================
----------------- testing Mon Aug 23 21:34:13 UTC 2021 /home/travis/build/icyphy/ptII/ptolemy/actor/lib/test/auto/factorial.xml
----------------- Instantiating /home/travis/build/icyphy/ptII/ptolemy/actor/lib/test/auto/factorial.xml
25 ms. Memory: 435200K Free: 272651K (63%)
----------------- Invoking toplevel() on ptolemy.moml.MoMLSimpleApplication@112a02e4
----------------- Done invoking toplevel() on ptolemy.moml.MoMLSimpleApplication@112a02e4
reloadAllAccessors: .factorial

===========================================================================================
----------------- testing Mon Aug 23 21:34:13 UTC 2021 /home/travis/build/icyphy/ptII/ptolemy/actor/lib/test/auto/filterTest1.xml
----------------- Instantiating /home/travis/build/icyphy/ptII/ptolemy/actor/lib/test/auto/filterTest1.xml
9 ms. Memory: 435200K Free: 267021K (61%)
----------------- Invoking toplevel() on ptolemy.moml.MoMLSimpleApplication@6fb5c78
----------------- Done invoking toplevel() on ptolemy.moml.MoMLSimpleApplication@6fb5c78
reloadAllAccessors: .filterTest1

===========================================================================================
----------------- testing Mon Aug 23 21:34:13 UTC 2021 /home/travis/build/icyphy/ptII/ptolemy/actor/lib/test/auto/funcApplyInConst.xml
----------------- Instantiating /home/travis/build/icyphy/ptII/ptolemy/actor/lib/test/auto/funcApplyInConst.xml
1 ms. Memory: 435200K Free: 263435K (61%)
----------------- Invoking toplevel() on ptolemy.moml.MoMLSimpleApplication@23531fc8
----------------- Done invoking toplevel() on ptolemy.moml.MoMLSimpleApplication@23531fc8
reloadAllAccessors: .funcApplyInConst

===========================================================================================
----------------- testing Mon Aug 23 21:34:13 UTC 2021 /home/travis/build/icyphy/ptII/ptolemy/actor/lib/test/auto/funcApplyInExpr.xml
----------------- Instantiating /home/travis/build/icyphy/ptII/ptolemy/actor/lib/test/auto/funcApplyInExpr.xml
1 ms. Memory: 435200K Free: 259339K (60%)
----------------- Invoking toplevel() on ptolemy.moml.MoMLSimpleApplication@70eea0cf
----------------- Done invoking toplevel() on ptolemy.moml.MoMLSimpleApplication@70eea0cf
reloadAllAccessors: .funcApplyInExpr

===========================================================================================
----------------- testing Mon Aug 23 21:34:13 UTC 2021 /home/travis/build/icyphy/ptII/ptolemy/actor/lib/test/auto/function.xml
----------------- Instantiating /home/travis/build/icyphy/ptII/ptolemy/actor/lib/test/auto/function.xml
1 ms. Memory: 435200K Free: 254733K (59%)
----------------- Invoking toplevel() on ptolemy.moml.MoMLSimpleApplication@107983cf
----------------- Done invoking toplevel() on ptolemy.moml.MoMLSimpleApplication@107983cf
reloadAllAccessors: .function

===========================================================================================
----------------- testing Mon Aug 23 21:34:13 UTC 2021 /home/travis/build/icyphy/ptII/ptolemy/actor/lib/test/auto/function2.xml
----------------- Instantiating /home/travis/build/icyphy/ptII/ptolemy/actor/lib/test/auto/function2.xml
3 ms. Memory: 435200K Free: 249613K (57%)
----------------- Invoking toplevel() on ptolemy.moml.MoMLSimpleApplication@4eada9f1
----------------- Done invoking toplevel() on ptolemy.moml.MoMLSimpleApplication@4eada9f1
reloadAllAccessors: .function2

===========================================================================================
----------------- testing Mon Aug 23 21:34:13 UTC 2021 /home/travis/build/icyphy/ptII/ptolemy/actor/lib/test/auto/function3.xml
----------------- Instantiating /home/travis/build/icyphy/ptII/ptolemy/actor/lib/test/auto/function3.xml
2 ms. Memory: 435200K Free: 246027K (57%)
----------------- Invoking toplevel() on ptolemy.moml.MoMLSimpleApplication@8450045
----------------- Done invoking toplevel() on ptolemy.moml.MoMLSimpleApplication@8450045
reloadAllAccessors: .function3

===========================================================================================
----------------- testing Mon Aug 23 21:34:13 UTC 2021 /home/travis/build/icyphy/ptII/ptolemy/actor/lib/test/auto/functionClosureTest1.xml
----------------- Instantiating /home/travis/build/icyphy/ptII/ptolemy/actor/lib/test/auto/functionClosureTest1.xml
2 ms. Memory: 435200K Free: 239876K (55%)
----------------- Invoking toplevel() on ptolemy.moml.MoMLSimpleApplication@a906724
----------------- Done invoking toplevel() on ptolemy.moml.MoMLSimpleApplication@a906724
reloadAllAccessors: .functionClosureTest1

===========================================================================================
----------------- testing Mon Aug 23 21:34:13 UTC 2021 /home/travis/build/icyphy/ptII/ptolemy/actor/lib/test/auto/functionClosureTest2.xml
----------------- Instantiating /home/travis/build/icyphy/ptII/ptolemy/actor/lib/test/auto/functionClosureTest2.xml
1 ms. Memory: 435200K Free: 236301K (54%)
----------------- Invoking toplevel() on ptolemy.moml.MoMLSimpleApplication@6d88b1c3
----------------- Done invoking toplevel() on ptolemy.moml.MoMLSimpleApplication@6d88b1c3
reloadAllAccessors: .functionClosureTest2

===========================================================================================
----------------- testing Mon Aug 23 21:34:13 UTC 2021 /home/travis/build/icyphy/ptII/ptolemy/actor/lib/test/auto/functionClosureTest3.xml
----------------- Instantiating /home/travis/build/icyphy/ptII/ptolemy/actor/lib/test/auto/functionClosureTest3.xml
1 ms. Memory: 435200K Free: 230652K (53%)
----------------- Invoking toplevel() on ptolemy.moml.MoMLSimpleApplication@17054949
----------------- Done invoking toplevel() on ptolemy.moml.MoMLSimpleApplication@17054949
reloadAllAccessors: .functionClosureTest3

===========================================================================================
----------------- testing Mon Aug 23 21:34:13 UTC 2021 /home/travis/build/icyphy/ptII/ptolemy/actor/lib/test/auto/functionClosureTest4.xml
----------------- Instantiating /home/travis/build/icyphy/ptII/ptolemy/actor/lib/test/auto/functionClosureTest4.xml
3 ms. Memory: 435200K Free: 224523K (52%)
----------------- Invoking toplevel() on ptolemy.moml.MoMLSimpleApplication@ce15264
----------------- Done invoking toplevel() on ptolemy.moml.MoMLSimpleApplication@ce15264
reloadAllAccessors: .functionClosureTest4

===========================================================================================
----------------- testing Mon Aug 23 21:34:13 UTC 2021 /home/travis/build/icyphy/ptII/ptolemy/actor/lib/test/auto/functionClosureTest5.xml
----------------- Instantiating /home/travis/build/icyphy/ptII/ptolemy/actor/lib/test/auto/functionClosureTest5.xml
3 ms. Memory: 435200K Free: 218893K (50%)
----------------- Invoking toplevel() on ptolemy.moml.MoMLSimpleApplication@38531bd
----------------- Done invoking toplevel() on ptolemy.moml.MoMLSimpleApplication@38531bd
reloadAllAccessors: .functionClosureTest5

===========================================================================================
----------------- testing Mon Aug 23 21:34:13 UTC 2021 /home/travis/build/icyphy/ptII/ptolemy/actor/lib/test/auto/functionClosureTest6.xml
----------------- Instantiating /home/travis/build/icyphy/ptII/ptolemy/actor/lib/test/auto/functionClosureTest6.xml
1 ms. Memory: 435200K Free: 214276K (49%)
----------------- Invoking toplevel() on ptolemy.moml.MoMLSimpleApplication@26fbc1ca
----------------- Done invoking toplevel() on ptolemy.moml.MoMLSimpleApplication@26fbc1ca
reloadAllAccessors: .functionClosureTest6

===========================================================================================
----------------- testing Mon Aug 23 21:34:13 UTC 2021 /home/travis/build/icyphy/ptII/ptolemy/actor/lib/test/auto/functionsOnArcs.xml
----------------- Instantiating /home/travis/build/icyphy/ptII/ptolemy/actor/lib/test/auto/functionsOnArcs.xml
3 ms. Memory: 435200K Free: 208653K (48%)
----------------- Invoking toplevel() on ptolemy.moml.MoMLSimpleApplication@42879ea3
----------------- Done invoking toplevel() on ptolemy.moml.MoMLSimpleApplication@42879ea3
reloadAllAccessors: .functionsOnArcs

===========================================================================================
----------------- testing Mon Aug 23 21:34:13 UTC 2021 /home/travis/build/icyphy/ptII/ptolemy/actor/lib/test/auto/functionsOnArcsHOF.xml
----------------- Instantiating /home/travis/build/icyphy/ptII/ptolemy/actor/lib/test/auto/functionsOnArcsHOF.xml
3 ms. Memory: 435200K Free: 203019K (47%)
----------------- Invoking toplevel() on ptolemy.moml.MoMLSimpleApplication@750eaef0
----------------- Done invoking toplevel() on ptolemy.moml.MoMLSimpleApplication@750eaef0
reloadAllAccessors: .functionsOnArcsHOF

===========================================================================================
----------------- testing Mon Aug 23 21:34:14 UTC 2021 /home/travis/build/icyphy/ptII/ptolemy/actor/lib/test/auto/logic.xml
----------------- Instantiating /home/travis/build/icyphy/ptII/ptolemy/actor/lib/test/auto/logic.xml
2 ms. Memory: 435200K Free: 195341K (45%)
----------------- Invoking toplevel() on ptolemy.moml.MoMLSimpleApplication@5e8fb2e0
----------------- Done invoking toplevel() on ptolemy.moml.MoMLSimpleApplication@5e8fb2e0
reloadAllAccessors: .logic

===========================================================================================
----------------- testing Mon Aug 23 21:34:14 UTC 2021 /home/travis/build/icyphy/ptII/ptolemy/actor/lib/test/auto/matrixType.xml
----------------- Instantiating /home/travis/build/icyphy/ptII/ptolemy/actor/lib/test/auto/matrixType.xml
1 ms. Memory: 435200K Free: 190731K (44%)
----------------- Invoking toplevel() on ptolemy.moml.MoMLSimpleApplication@64f011a3
----------------- Done invoking toplevel() on ptolemy.moml.MoMLSimpleApplication@64f011a3
reloadAllAccessors: .matrixType

===========================================================================================
----------------- testing Mon Aug 23 21:34:14 UTC 2021 /home/travis/build/icyphy/ptII/ptolemy/actor/lib/test/auto/matrixType10.xml
----------------- Instantiating /home/travis/build/icyphy/ptII/ptolemy/actor/lib/test/auto/matrixType10.xml
2 ms. Memory: 435200K Free: 185611K (43%)
----------------- Invoking toplevel() on ptolemy.moml.MoMLSimpleApplication@2ad053c4
----------------- Done invoking toplevel() on ptolemy.moml.MoMLSimpleApplication@2ad053c4
reloadAllAccessors: .matrixType10

===========================================================================================
----------------- testing Mon Aug 23 21:34:14 UTC 2021 /home/travis/build/icyphy/ptII/ptolemy/actor/lib/test/auto/matrixType11.xml
----------------- Instantiating /home/travis/build/icyphy/ptII/ptolemy/actor/lib/test/auto/matrixType11.xml
2 ms. Memory: 435200K Free: 181005K (42%)
----------------- Invoking toplevel() on ptolemy.moml.MoMLSimpleApplication@648576e9
----------------- Done invoking toplevel() on ptolemy.moml.MoMLSimpleApplication@648576e9
reloadAllAccessors: .matrixType11

===========================================================================================
----------------- testing Mon Aug 23 21:34:14 UTC 2021 /home/travis/build/icyphy/ptII/ptolemy/actor/lib/test/auto/matrixType12.xml
----------------- Instantiating /home/travis/build/icyphy/ptII/ptolemy/actor/lib/test/auto/matrixType12.xml
1 ms. Memory: 435200K Free: 175885K (40%)
----------------- Invoking toplevel() on ptolemy.moml.MoMLSimpleApplication@5e1043b9
----------------- Done invoking toplevel() on ptolemy.moml.MoMLSimpleApplication@5e1043b9
reloadAllAccessors: .matrixType12

===========================================================================================
----------------- testing Mon Aug 23 21:34:14 UTC 2021 /home/travis/build/icyphy/ptII/ptolemy/actor/lib/test/auto/matrixType13.xml
----------------- Instantiating /home/travis/build/icyphy/ptII/ptolemy/actor/lib/test/auto/matrixType13.xml
1 ms. Memory: 435200K Free: 377235K (87%)
----------------- Invoking toplevel() on ptolemy.moml.MoMLSimpleApplication@25d0ccb4
----------------- Done invoking toplevel() on ptolemy.moml.MoMLSimpleApplication@25d0ccb4
reloadAllAccessors: .matrixType13

===========================================================================================
----------------- testing Mon Aug 23 21:34:14 UTC 2021 /home/travis/build/icyphy/ptII/ptolemy/actor/lib/test/auto/matrixType14.xml
----------------- Instantiating /home/travis/build/icyphy/ptII/ptolemy/actor/lib/test/auto/matrixType14.xml
2 ms. Memory: 435200K Free: 372115K (86%)
----------------- Invoking toplevel() on ptolemy.moml.MoMLSimpleApplication@79df7efc
----------------- Done invoking toplevel() on ptolemy.moml.MoMLSimpleApplication@79df7efc
reloadAllAccessors: .matrixType14

===========================================================================================
----------------- testing Mon Aug 23 21:34:14 UTC 2021 /home/travis/build/icyphy/ptII/ptolemy/actor/lib/test/auto/matrixType2.xml
----------------- Instantiating /home/travis/build/icyphy/ptII/ptolemy/actor/lib/test/auto/matrixType2.xml
2 ms. Memory: 435200K Free: 366981K (84%)
----------------- Invoking toplevel() on ptolemy.moml.MoMLSimpleApplication@173322a1
----------------- Done invoking toplevel() on ptolemy.moml.MoMLSimpleApplication@173322a1
reloadAllAccessors: .matrixType2

===========================================================================================
----------------- testing Mon Aug 23 21:34:14 UTC 2021 /home/travis/build/icyphy/ptII/ptolemy/actor/lib/test/auto/matrixType3.xml
----------------- Instantiating /home/travis/build/icyphy/ptII/ptolemy/actor/lib/test/auto/matrixType3.xml
1 ms. Memory: 435200K Free: 361875K (83%)
----------------- Invoking toplevel() on ptolemy.moml.MoMLSimpleApplication@4db3cbc1
----------------- Done invoking toplevel() on ptolemy.moml.MoMLSimpleApplication@4db3cbc1
reloadAllAccessors: .matrixType3

===========================================================================================
----------------- testing Mon Aug 23 21:34:14 UTC 2021 /home/travis/build/icyphy/ptII/ptolemy/actor/lib/test/auto/matrixType4.xml
----------------- Instantiating /home/travis/build/icyphy/ptII/ptolemy/actor/lib/test/auto/matrixType4.xml
1 ms. Memory: 435200K Free: 357269K (82%)
----------------- Invoking toplevel() on ptolemy.moml.MoMLSimpleApplication@3d7b0b88
----------------- Done invoking toplevel() on ptolemy.moml.MoMLSimpleApplication@3d7b0b88
reloadAllAccessors: .matrixType4

===========================================================================================
----------------- testing Mon Aug 23 21:34:14 UTC 2021 /home/travis/build/icyphy/ptII/ptolemy/actor/lib/test/auto/matrixType5.xml
----------------- Instantiating /home/travis/build/icyphy/ptII/ptolemy/actor/lib/test/auto/matrixType5.xml
1 ms. Memory: 435200K Free: 352149K (81%)
----------------- Invoking toplevel() on ptolemy.moml.MoMLSimpleApplication@78828953
----------------- Done invoking toplevel() on ptolemy.moml.MoMLSimpleApplication@78828953
reloadAllAccessors: .matrixType5

===========================================================================================
----------------- testing Mon Aug 23 21:34:14 UTC 2021 /home/travis/build/icyphy/ptII/ptolemy/actor/lib/test/auto/matrixType6.xml
----------------- Instantiating /home/travis/build/icyphy/ptII/ptolemy/actor/lib/test/auto/matrixType6.xml
1 ms. Memory: 435200K Free: 347539K (80%)
----------------- Invoking toplevel() on ptolemy.moml.MoMLSimpleApplication@3bae6b6
----------------- Done invoking toplevel() on ptolemy.moml.MoMLSimpleApplication@3bae6b6
reloadAllAccessors: .matrixType6

===========================================================================================
----------------- testing Mon Aug 23 21:34:14 UTC 2021 /home/travis/build/icyphy/ptII/ptolemy/actor/lib/test/auto/matrixType7.xml
----------------- Instantiating /home/travis/build/icyphy/ptII/ptolemy/actor/lib/test/auto/matrixType7.xml
1 ms. Memory: 435200K Free: 342419K (79%)
----------------- Invoking toplevel() on ptolemy.moml.MoMLSimpleApplication@6c37a36f
----------------- Done invoking toplevel() on ptolemy.moml.MoMLSimpleApplication@6c37a36f
reloadAllAccessors: .matrixType7

===========================================================================================
----------------- testing Mon Aug 23 21:34:14 UTC 2021 /home/travis/build/icyphy/ptII/ptolemy/actor/lib/test/auto/matrixType8.xml
----------------- Instantiating /home/travis/build/icyphy/ptII/ptolemy/actor/lib/test/auto/matrixType8.xml
1 ms. Memory: 435200K Free: 337813K (78%)
----------------- Invoking toplevel() on ptolemy.moml.MoMLSimpleApplication@2b029ba8
----------------- Done invoking toplevel() on ptolemy.moml.MoMLSimpleApplication@2b029ba8
reloadAllAccessors: .matrixType8

===========================================================================================
----------------- testing Mon Aug 23 21:34:14 UTC 2021 /home/travis/build/icyphy/ptII/ptolemy/actor/lib/test/auto/matrixType9.xml
----------------- Instantiating /home/travis/build/icyphy/ptII/ptolemy/actor/lib/test/auto/matrixType9.xml
1 ms. Memory: 435200K Free: 332693K (76%)
----------------- Invoking toplevel() on ptolemy.moml.MoMLSimpleApplication@4139bc58
----------------- Done invoking toplevel() on ptolemy.moml.MoMLSimpleApplication@4139bc58
reloadAllAccessors: .matrixType9

===========================================================================================
----------------- testing Mon Aug 23 21:34:14 UTC 2021 /home/travis/build/icyphy/ptII/ptolemy/actor/lib/test/auto/paraFunctest.xml
----------------- Instantiating /home/travis/build/icyphy/ptII/ptolemy/actor/lib/test/auto/paraFunctest.xml
2 ms. Memory: 435200K Free: 328597K (76%)
----------------- Invoking toplevel() on ptolemy.moml.MoMLSimpleApplication@2e8e1ab5
----------------- Done invoking toplevel() on ptolemy.moml.MoMLSimpleApplication@2e8e1ab5
reloadAllAccessors: .paraFunctest

===========================================================================================
----------------- testing Mon Aug 23 21:34:14 UTC 2021 /home/travis/build/icyphy/ptII/ptolemy/actor/lib/test/auto/paraFunctest2.xml
----------------- Instantiating /home/travis/build/icyphy/ptII/ptolemy/actor/lib/test/auto/paraFunctest2.xml
2 ms. Memory: 435200K Free: 323987K (74%)
----------------- Invoking toplevel() on ptolemy.moml.MoMLSimpleApplication@2707ee3b
----------------- Done invoking toplevel() on ptolemy.moml.MoMLSimpleApplication@2707ee3b
reloadAllAccessors: .paraFunctest2

===========================================================================================
----------------- testing Mon Aug 23 21:34:14 UTC 2021 /home/travis/build/icyphy/ptII/ptolemy/actor/lib/test/auto/parameterPassing.xml
----------------- Instantiating /home/travis/build/icyphy/ptII/ptolemy/actor/lib/test/auto/parameterPassing.xml
1 ms. Memory: 435200K Free: 319891K (74%)
----------------- Invoking toplevel() on ptolemy.moml.MoMLSimpleApplication@e873e14
----------------- Done invoking toplevel() on ptolemy.moml.MoMLSimpleApplication@e873e14
reloadAllAccessors: .parameterPassing

===========================================================================================
----------------- testing Mon Aug 23 21:34:14 UTC 2021 /home/travis/build/icyphy/ptII/ptolemy/actor/lib/test/auto/record.xml
----------------- Instantiating /home/travis/build/icyphy/ptII/ptolemy/actor/lib/test/auto/record.xml
2 ms. Memory: 435200K Free: 314771K (72%)
----------------- Invoking toplevel() on ptolemy.moml.MoMLSimpleApplication@61fc803e
----------------- Done invoking toplevel() on ptolemy.moml.MoMLSimpleApplication@61fc803e
reloadAllAccessors: .record

===========================================================================================
----------------- testing Mon Aug 23 21:34:14 UTC 2021 /home/travis/build/icyphy/ptII/ptolemy/actor/lib/test/auto/sizedarray1.xml
----------------- Instantiating /home/travis/build/icyphy/ptII/ptolemy/actor/lib/test/auto/sizedarray1.xml
2 ms. Memory: 435200K Free: 309651K (71%)
----------------- Invoking toplevel() on ptolemy.moml.MoMLSimpleApplication@3e04b284
----------------- Done invoking toplevel() on ptolemy.moml.MoMLSimpleApplication@3e04b284
reloadAllAccessors: .sizedarray1

===========================================================================================
----------------- testing Mon Aug 23 21:34:14 UTC 2021 /home/travis/build/icyphy/ptII/ptolemy/actor/lib/test/auto/sizedarray2.xml
----------------- Instantiating /home/travis/build/icyphy/ptII/ptolemy/actor/lib/test/auto/sizedarray2.xml
2 ms. Memory: 435200K Free: 304021K (70%)
----------------- Invoking toplevel() on ptolemy.moml.MoMLSimpleApplication@570b12ed
----------------- Done invoking toplevel() on ptolemy.moml.MoMLSimpleApplication@570b12ed
reloadAllAccessors: .sizedarray2

===========================================================================================
----------------- testing Mon Aug 23 21:34:14 UTC 2021 /home/travis/build/icyphy/ptII/ptolemy/actor/lib/test/auto/twoPublishers.xml
----------------- Instantiating /home/travis/build/icyphy/ptII/ptolemy/actor/lib/test/auto/twoPublishers.xml
5 ms. Memory: 435200K Free: 293781K (68%)
----------------- Invoking toplevel() on ptolemy.moml.MoMLSimpleApplication@5c571862
----------------- Done invoking toplevel() on ptolemy.moml.MoMLSimpleApplication@5c571862
reloadAllAccessors: .twoPublishers
AutoTests.java: About to close Vertx.
AutoTests.java: Vertx closed.
]]></system-out>
  <system-err><![CDATA[java.lang.RuntimeException: Execution failed
	at ptolemy.moml.MoMLSimpleApplication$UnloadThread.run(MoMLSimpleApplication.java:402)
Caused by: java.lang.RuntimeException: StringUtilities.exit() was called. Normally, we would exit here because Manager.exitAfterWrapup() was called.  However, because the ptolemy.ptII.exitAfterWrapup property is set, we throw this exception instead.
	at ptolemy.util.StringUtilities.exit(StringUtilities.java:365)
	at ptolemy.actor.Manager.wrapup(Manager.java:1549)
	at ptolemy.actor.Manager.execute(Manager.java:407)
	at ptolemy.actor.Manager.run(Manager.java:1263)
	at ptolemy.actor.Manager$PtolemyRunThread.run(Manager.java:1933)
Warning: '.top.test' is in training mode, set the trainingMode parameter to false before checking in
Warning: '.top.test' is in training mode, set the trainingMode parameter to false before checking in
Warning: '.top.test' is in training mode, set the trainingMode parameter to false before checking in
Warning: '.BooleanSwitch_RegressionTest_WrongTrainingValues.Test' is in training mode, set the trainingMode parameter to false before checking in
Warning: '.BooleanSwitch_RegressionTest_WrongTrainingValues.Test2' is in training mode, set the trainingMode parameter to false before checking in
Warning: '.BooleanSwitch_RegressionTest_WrongTrainingValues.Test2' The test produced 0 tokens.
Warning: '.top.testExceptionHandler' is in training mode, set the trainingMode parameter to false before checking in
java.lang.RuntimeException: Execution failed
	at ptolemy.moml.MoMLSimpleApplication$UnloadThread.run(MoMLSimpleApplication.java:402)
Caused by: ptolemy.kernel.util.IllegalActionException: PublisherPorts cannot be used at the top level, use a Publisher actor instead.
  in .PublisherPortToplevelSubscriber.PublisherPort
	at ptolemy.actor.PublisherPort.preinitialize(PublisherPort.java:403)
	at ptolemy.actor.CompositeActor.preinitialize(CompositeActor.java:1769)
	at ptolemy.actor.Manager.preinitializeAndResolveTypes(Manager.java:1040)
	at ptolemy.actor.Manager.initialize(Manager.java:710)
	at ptolemy.actor.Manager.execute(Manager.java:356)
	at ptolemy.actor.Manager.run(Manager.java:1263)
	at ptolemy.actor.Manager$PtolemyRunThread.run(Manager.java:1933)
java.lang.reflect.InvocationTargetException
	at java.base/jdk.internal.reflect.NativeConstructorAccessorImpl.newInstance0(Native Method)
	at java.base/jdk.internal.reflect.NativeConstructorAccessorImpl.newInstance(NativeConstructorAccessorImpl.java:62)
	at java.base/jdk.internal.reflect.DelegatingConstructorAccessorImpl.newInstance(DelegatingConstructorAccessorImpl.java:45)
	at java.base/java.lang.reflect.Constructor.newInstance(Constructor.java:490)
	at ptolemy.util.test.junit.AutoKnownFailedTests.RunModel(AutoKnownFailedTests.java:105)
	at java.base/jdk.internal.reflect.NativeMethodAccessorImpl.invoke0(Native Method)
	at java.base/jdk.internal.reflect.NativeMethodAccessorImpl.invoke(NativeMethodAccessorImpl.java:62)
	at java.base/jdk.internal.reflect.DelegatingMethodAccessorImpl.invoke(DelegatingMethodAccessorImpl.java:43)
	at java.base/java.lang.reflect.Method.invoke(Method.java:566)
	at org.junit.runners.model.FrameworkMethod$1.runReflectiveCall(FrameworkMethod.java:44)
	at org.junit.internal.runners.model.ReflectiveCallable.run(ReflectiveCallable.java:15)
	at org.junit.runners.model.FrameworkMethod.invokeExplosively(FrameworkMethod.java:41)
	at junitparams.internal.InvokeParameterisedMethod.evaluate(InvokeParameterisedMethod.java:102)
	at org.junit.internal.runners.statements.FailOnTimeout$1.run(FailOnTimeout.java:28)
Caused by: ptolemy.kernel.util.IllegalActionException: PublisherPorts cannot be used at the top level, use a Publisher actor instead.
  in .PublisherPortToplevelSubscriber.PublisherPort
	at ptolemy.actor.PublisherPort.preinitialize(PublisherPort.java:403)
	at ptolemy.actor.CompositeActor.preinitialize(CompositeActor.java:1769)
	at ptolemy.actor.Manager.preinitializeAndResolveTypes(Manager.java:1040)
	at ptolemy.actor.Manager.initialize(Manager.java:710)
	at ptolemy.actor.Manager.execute(Manager.java:356)
	at ptolemy.actor.Manager.run(Manager.java:1263)
	at ptolemy.actor.Manager$PtolemyRunThread.run(Manager.java:1933)
java.lang.RuntimeException: Execution failed
	at ptolemy.moml.MoMLSimpleApplication$UnloadThread.run(MoMLSimpleApplication.java:402)
Caused by: ptolemy.kernel.util.IllegalActionException: SubscriberPorts cannot be used at the top level, use a Subscriber actor instead.
  in .PublisherSubscriberPortToplevel.SubscriberPort
	at ptolemy.actor.SubscriberPort.preinitialize(SubscriberPort.java:328)
	at ptolemy.actor.CompositeActor.preinitialize(CompositeActor.java:1769)
	at ptolemy.actor.Manager.preinitializeAndResolveTypes(Manager.java:1040)
	at ptolemy.actor.Manager.initialize(Manager.java:710)
	at ptolemy.actor.Manager.execute(Manager.java:356)
	at ptolemy.actor.Manager.run(Manager.java:1263)
	at ptolemy.actor.Manager$PtolemyRunThread.run(Manager.java:1933)
java.lang.reflect.InvocationTargetException
	at java.base/jdk.internal.reflect.NativeConstructorAccessorImpl.newInstance0(Native Method)
	at java.base/jdk.internal.reflect.NativeConstructorAccessorImpl.newInstance(NativeConstructorAccessorImpl.java:62)
	at java.base/jdk.internal.reflect.DelegatingConstructorAccessorImpl.newInstance(DelegatingConstructorAccessorImpl.java:45)
	at java.base/java.lang.reflect.Constructor.newInstance(Constructor.java:490)
	at ptolemy.util.test.junit.AutoKnownFailedTests.RunModel(AutoKnownFailedTests.java:105)
	at java.base/jdk.internal.reflect.NativeMethodAccessorImpl.invoke0(Native Method)
	at java.base/jdk.internal.reflect.NativeMethodAccessorImpl.invoke(NativeMethodAccessorImpl.java:62)
	at java.base/jdk.internal.reflect.DelegatingMethodAccessorImpl.invoke(DelegatingMethodAccessorImpl.java:43)
	at java.base/java.lang.reflect.Method.invoke(Method.java:566)
	at org.junit.runners.model.FrameworkMethod$1.runReflectiveCall(FrameworkMethod.java:44)
	at org.junit.internal.runners.model.ReflectiveCallable.run(ReflectiveCallable.java:15)
	at org.junit.runners.model.FrameworkMethod.invokeExplosively(FrameworkMethod.java:41)
	at junitparams.internal.InvokeParameterisedMethod.evaluate(InvokeParameterisedMethod.java:102)
	at org.junit.internal.runners.statements.FailOnTimeout$1.run(FailOnTimeout.java:28)
Caused by: ptolemy.kernel.util.IllegalActionException: SubscriberPorts cannot be used at the top level, use a Subscriber actor instead.
  in .PublisherSubscriberPortToplevel.SubscriberPort
	at ptolemy.actor.SubscriberPort.preinitialize(SubscriberPort.java:328)
	at ptolemy.actor.CompositeActor.preinitialize(CompositeActor.java:1769)
	at ptolemy.actor.Manager.preinitializeAndResolveTypes(Manager.java:1040)
	at ptolemy.actor.Manager.initialize(Manager.java:710)
	at ptolemy.actor.Manager.execute(Manager.java:356)
	at ptolemy.actor.Manager.run(Manager.java:1263)
	at ptolemy.actor.Manager$PtolemyRunThread.run(Manager.java:1933)
java.lang.RuntimeException: Execution failed
	at ptolemy.moml.MoMLSimpleApplication$UnloadThread.run(MoMLSimpleApplication.java:402)
Caused by: ptolemy.kernel.util.IllegalActionException: SubscriptionAggregatorPorts cannot be used at the top level, use a SubscriptionAggregator actor instead.
  in .PublisherSubscriptionAggregatorPort.SubscriptionAggregatorPort
	at ptolemy.actor.SubscriptionAggregatorPort.preinitialize(SubscriptionAggregatorPort.java:353)
	at ptolemy.actor.CompositeActor.preinitialize(CompositeActor.java:1769)
	at ptolemy.actor.Manager.preinitializeAndResolveTypes(Manager.java:1040)
	at ptolemy.actor.Manager.initialize(Manager.java:710)
	at ptolemy.actor.Manager.execute(Manager.java:356)
	at ptolemy.actor.Manager.run(Manager.java:1263)
	at ptolemy.actor.Manager$PtolemyRunThread.run(Manager.java:1933)
java.lang.reflect.InvocationTargetException
	at java.base/jdk.internal.reflect.NativeConstructorAccessorImpl.newInstance0(Native Method)
	at java.base/jdk.internal.reflect.NativeConstructorAccessorImpl.newInstance(NativeConstructorAccessorImpl.java:62)
	at java.base/jdk.internal.reflect.DelegatingConstructorAccessorImpl.newInstance(DelegatingConstructorAccessorImpl.java:45)
	at java.base/java.lang.reflect.Constructor.newInstance(Constructor.java:490)
	at ptolemy.util.test.junit.AutoKnownFailedTests.RunModel(AutoKnownFailedTests.java:105)
	at java.base/jdk.internal.reflect.NativeMethodAccessorImpl.invoke0(Native Method)
	at java.base/jdk.internal.reflect.NativeMethodAccessorImpl.invoke(NativeMethodAccessorImpl.java:62)
	at java.base/jdk.internal.reflect.DelegatingMethodAccessorImpl.invoke(DelegatingMethodAccessorImpl.java:43)
	at java.base/java.lang.reflect.Method.invoke(Method.java:566)
	at org.junit.runners.model.FrameworkMethod$1.runReflectiveCall(FrameworkMethod.java:44)
	at org.junit.internal.runners.model.ReflectiveCallable.run(ReflectiveCallable.java:15)
	at org.junit.runners.model.FrameworkMethod.invokeExplosively(FrameworkMethod.java:41)
	at junitparams.internal.InvokeParameterisedMethod.evaluate(InvokeParameterisedMethod.java:102)
	at org.junit.internal.runners.statements.FailOnTimeout$1.run(FailOnTimeout.java:28)
Caused by: ptolemy.kernel.util.IllegalActionException: SubscriptionAggregatorPorts cannot be used at the top level, use a SubscriptionAggregator actor instead.
  in .PublisherSubscriptionAggregatorPort.SubscriptionAggregatorPort
	at ptolemy.actor.SubscriptionAggregatorPort.preinitialize(SubscriptionAggregatorPort.java:353)
	at ptolemy.actor.CompositeActor.preinitialize(CompositeActor.java:1769)
	at ptolemy.actor.Manager.preinitializeAndResolveTypes(Manager.java:1040)
	at ptolemy.actor.Manager.initialize(Manager.java:710)
	at ptolemy.actor.Manager.execute(Manager.java:356)
	at ptolemy.actor.Manager.run(Manager.java:1263)
	at ptolemy.actor.Manager$PtolemyRunThread.run(Manager.java:1933)
java.lang.RuntimeException: Execution failed
	at ptolemy.moml.MoMLSimpleApplication$UnloadThread.run(MoMLSimpleApplication.java:402)
Caused by: ptolemy.kernel.util.IllegalActionException: TypeTest actor has no training data.
  in .sizedarray3.TypeTest
	at ptolemy.actor.lib.TypeTest.initialize(TypeTest.java:250)
	at ptolemy.actor.Director.initialize(Director.java:938)
	at ptolemy.actor.Director.initialize(Director.java:907)
	at ptolemy.actor.sched.StaticSchedulingDirector.initialize(StaticSchedulingDirector.java:159)
	at ptolemy.domains.sdf.kernel.SDFDirector.initialize(SDFDirector.java:544)
	at ptolemy.actor.CompositeActor.initialize(CompositeActor.java:935)
	at ptolemy.actor.Manager.initialize(Manager.java:724)
	at ptolemy.actor.Manager.execute(Manager.java:356)
	at ptolemy.actor.Manager.run(Manager.java:1263)
	at ptolemy.actor.Manager$PtolemyRunThread.run(Manager.java:1933)
java.lang.reflect.InvocationTargetException
	at java.base/jdk.internal.reflect.NativeConstructorAccessorImpl.newInstance0(Native Method)
	at java.base/jdk.internal.reflect.NativeConstructorAccessorImpl.newInstance(NativeConstructorAccessorImpl.java:62)
	at java.base/jdk.internal.reflect.DelegatingConstructorAccessorImpl.newInstance(DelegatingConstructorAccessorImpl.java:45)
	at java.base/java.lang.reflect.Constructor.newInstance(Constructor.java:490)
	at ptolemy.util.test.junit.AutoKnownFailedTests.RunModel(AutoKnownFailedTests.java:105)
	at java.base/jdk.internal.reflect.NativeMethodAccessorImpl.invoke0(Native Method)
	at java.base/jdk.internal.reflect.NativeMethodAccessorImpl.invoke(NativeMethodAccessorImpl.java:62)
	at java.base/jdk.internal.reflect.DelegatingMethodAccessorImpl.invoke(DelegatingMethodAccessorImpl.java:43)
	at java.base/java.lang.reflect.Method.invoke(Method.java:566)
	at org.junit.runners.model.FrameworkMethod$1.runReflectiveCall(FrameworkMethod.java:44)
	at org.junit.internal.runners.model.ReflectiveCallable.run(ReflectiveCallable.java:15)
	at org.junit.runners.model.FrameworkMethod.invokeExplosively(FrameworkMethod.java:41)
	at junitparams.internal.InvokeParameterisedMethod.evaluate(InvokeParameterisedMethod.java:102)
	at org.junit.internal.runners.statements.FailOnTimeout$1.run(FailOnTimeout.java:28)
Caused by: ptolemy.kernel.util.IllegalActionException: TypeTest actor has no training data.
  in .sizedarray3.TypeTest
	at ptolemy.actor.lib.TypeTest.initialize(TypeTest.java:250)
	at ptolemy.actor.Director.initialize(Director.java:938)
	at ptolemy.actor.Director.initialize(Director.java:907)
	at ptolemy.actor.sched.StaticSchedulingDirector.initialize(StaticSchedulingDirector.java:159)
	at ptolemy.domains.sdf.kernel.SDFDirector.initialize(SDFDirector.java:544)
	at ptolemy.actor.CompositeActor.initialize(CompositeActor.java:935)
	at ptolemy.actor.Manager.initialize(Manager.java:724)
	at ptolemy.actor.Manager.execute(Manager.java:356)
	at ptolemy.actor.Manager.run(Manager.java:1263)
	at ptolemy.actor.Manager$PtolemyRunThread.run(Manager.java:1933)
]]></system-err>
</testsuite>
