<?xml version="1.0" encoding="UTF-8" ?>
<testsuite errors="0" failures="0" hostname="travis-job-3d233740-799c-4979-952d-10e131c0895f" name="ptolemy.domains.de.test.junit.JUnitTclTest" skipped="0" tests="101" time="126.554" timestamp="2019-05-08T04:13:42">
  <properties>
    <property name="npm.executable" value="npm" />
    <property name="file.encoding.pkg" value="sun.io" />
    <property name="env.TRAVIS_ROOT" value="/" />
    <property name="ptII.mk.exists" value="true" />
    <property name="env.TRAVIS_APP_HOST" value="build.travis-ci.org" />
    <property name="env.rvm_bin_path" value="/home/travis/.rvm/bin" />
    <property name="java.home" value="/usr/lib/jvm/java-8-oracle/jre" />
    <property name="env.TRAVIS_JOB_NUMBER" value="1124.9" />
    <property name="env.TRAVIS_HOME" value="/home/travis" />
    <property name="env.DISPLAY" value=":99.0" />
    <property name="java.net.preferIPv4Stack" value="true" />
    <property name="env.TRAVIS_INIT" value="upstart" />
    <property name="env.SSH_TTY" value="/dev/pts/0" />
    <property name="env.RUN_TESTS" value="true" />
    <property name="timeout.short" value="1000000" />
    <property name="env.TRAVIS_JOB_NAME" value="" />
    <property name="env.TRAVIS_STACK_NODE_ATTRIBUTES" value="/.node-attributes.yml" />
    <property name="junit.formatter" value="xml" />
    <property name="java.endorsed.dirs" value="/usr/lib/jvm/java-8-oracle/jre/lib/endorsed" />
    <property name="env.TRAVIS_SUDO" value="true" />
    <property name="env.LOGNAME" value="travis" />
    <property name="jsdoc.home" value="node_modules/@terraswarm/jsdoc" />
    <property name="debuglevel" value="source,lines,vars" />
    <property name="checkstyle.formatter" value="xml" />
    <property name="bin.vergil.makeable" value="true" />
    <property name="env._system_version" value="14.04" />
    <property name="sun.os.patch.level" value="unknown" />
    <property name="java.vendor.url" value="http://java.oracle.com/" />
    <property name="env.TRAVIS_BUILD_WEB_URL" value="https://travis-ci.org/icyphy/ptII/builds/529602080" />
    <property name="java.version" value="1.8.0_151" />
    <property name="env.TZ" value="UTC" />
    <property name="env.PT_NO_NET" value="true" />
    <property name="env.TRAVIS_PULL_REQUEST_SHA" value="" />
    <property name="env.TRAVIS_SECURE_ENV_VARS" value="true" />
    <property name="env._system_type" value="Linux" />
    <property name="java.vendor.url.bug" value="http://bugreport.sun.com/bugreport/" />
    <property name="env.SSH_CLIENT" value="10.10.19.230 42980 22" />
    <property name="npmjs-org-is-up" value="true" />
    <property name="env.GEM_HOME" value="/home/travis/.rvm/gems/ruby-2.4.1" />
    <property name="env.HAS_ANTARES_THREE_LITTLE_FRONZIES_BADGE" value="true" />
    <property name="env.PS4" value="+" />
    <property name="ant.project.invoked-targets" value="build,test.core2.xml" />
    <property name="env.TRAVIS_PULL_REQUEST_BRANCH" value="" />
    <property name="env.TRAVIS_REPO_SLUG" value="icyphy/ptII" />
    <property name="env.TRAVIS_APT_PROXY" value="http://build-cache.travisci.net" />
    <property name="node.in.path" value="true" />
    <property name="java.maxmemory" value="1400m" />
    <property name="env.RUBY_VERSION" value="ruby-2.4.1" />
    <property name="user.name" value="travis" />
    <property name="env.LANG" value="en_US.UTF-8" />
    <property name="sun.io.unicode.encoding" value="UnicodeLittle" />
    <property name="sun.jnu.encoding" value="UTF-8" />
    <property name="java.runtime.name" value="Java(TM) SE Runtime Environment" />
    <property name="usefile" value="false" />
    <property name="return.code" value="0" />
    <property name="junit.single.formatter" value="plain" />
    <property name="env.DYLD_LIBRARY_PATH" value="/home/travis/pthla/certi-tools/lib:" />
    <property name="env.DEBIAN_FRONTEND" value="noninteractive" />
    <property name="env.SSH_CONNECTION" value="10.10.19.230 42980 10.20.0.187 22" />
    <property name="env.MYSQL_UNIX_PORT" value="/var/run/mysqld/mysqld.sock" />
    <property name="env.TRAVIS_ALLOW_FAILURE" value="false" />
    <property name="env.LC_ALL" value="en_US.UTF-8" />
    <property name="env.TRAVIS_JOB_WEB_URL" value="https://travis-ci.org/icyphy/ptII/jobs/529602089" />
    <property name="java.specification.name" value="Java Platform API Specification" />
    <property name="node.works" value="true" />
    <property name="user.timezone" value="" />
    <property name="path.separator" value=":" />
    <property name="env.TRAVIS_ENABLE_INFRA_DETECTION" value="true" />
    <property name="env.PYTHON_CFLAGS" value="-g -fstack-protector --param=ssp-buffer-size=4 -Wformat -Werror=format-security" />
    <property name="timeout.long" value="4000000" />
    <property name="env.CERTI_HOME" value="/home/travis/pthla/certi-tools" />
    <property name="file.encoding" value="UTF-8" />
    <property name="ant.file.ptII" value="/home/travis/build/icyphy/ptII/build.xml" />
    <property name="javadoc.packagenames" value="com.*,diva.*,lbnl.*,org.hlacerti.*,org.json.*,org.ptolemy.*,org.terraswarm.*,ptolemy.*,ptserver.*" />
    <property name="env.TRAVIS_PULL_REQUEST_SLUG" value="" />
    <property name="ant.project.default-target" value="build" />
    <property name="env.GIT_ASKPASS" value="echo" />
    <property name="env.HOME" value="/home/travis" />
    <property name="sun.java.command" value="org.apache.tools.ant.taskdefs.optional.junit.JUnitTestRunner ptolemy.domains.de.test.junit.JUnitTclTest skipNonTests=false filtertrace=true haltOnError=false haltOnFailure=false formatter=org.apache.tools.ant.taskdefs.optional.junit.OutErrSummaryJUnitResultFormatter showoutput=true outputtoformatters=true logfailedtests=true threadid=0 logtestlistenerevents=false formatter=org.apache.tools.ant.taskdefs.optional.junit.XMLJUnitResultFormatter,/home/travis/build/icyphy/ptII/reports/junit/TEST-ptolemy.domains.de.test.junit.JUnitTclTest.xml crashfile=/home/travis/build/icyphy/ptII/junitvmwatcher8247332014748287253.properties propsfile=/home/travis/build/icyphy/ptII/junit2993127010732087727.properties" />
    <property name="env.MANPATH" value="/home/travis/.nvm/versions/node/v7.10.1/share/man:/home/travis/.kiex/elixirs/elixir-1.4.5/man:/home/travis/.rvm/rubies/ruby-2.4.1/share/man:/usr/local/man:/usr/local/cmake-3.9.2/man:/usr/local/clang-5.0.0/share/man:/usr/local/share/man:/usr/share/man:/home/travis/.rvm/man" />
    <property name="env.COMPOSER_NO_INTERACTION" value="1" />
    <property name="env.JDK_SWITCHER_DEFAULT" value="oraclejdk8" />
    <property name="env.TRAVIS_TIMER_ID" value="25da3278" />
    <property name="ant.file" value="/home/travis/build/icyphy/ptII/build.xml" />
    <property name="env.TRAVIS_COMMIT_RANGE" value="1588380d5a0cb681557566111709d60c983d08cd...25358e19e906f8e9155807d44808777cd5710b63" />
    <property name="env._system_name" value="Ubuntu" />
    <property name="timeout" value="2400000" />
    <property name="ptII.classpath.optional.property" value="/home/travis/build/icyphy/ptII/lib/bsh-2.0b4.jar:/home/travis/build/icyphy/ptII/lib/ptCal.jar:/home/travis/build/icyphy/ptII/lib/java_cup.jar:/home/travis/build/icyphy/ptII/lib/saxon8.jar:/home/travis/build/icyphy/ptII/lib/saxon8-dom.jar:/home/travis/build/icyphy/ptII/lib/chic.jar:/home/travis/build/icyphy/ptII/lib/ptcolt.jar:/usr/lib/jvm/java-8-oracle/lib/tools.jar:/home/travis/build/icyphy/ptII/vendors/misc/itext/iText.jar:/home/travis/build/icyphy/ptII/lib/g4ltl.jar:/home/travis/build/icyphy/ptII/lib/StructuralCoder.jar:/home/travis/build/icyphy/ptII/vendors/jai-1_1_2_01/lib/jai_core.jar:/home/travis/build/icyphy/ptII/vendors/jai-1_1_2_01/lib/jai_codec.jar:/home/travis/build/icyphy/ptII/lib/jcerti.jar:/home/travis/build/icyphy/ptII/lib/javax.mail.jar:/home/travis/build/icyphy/ptII/vendors/JMF-2.1.1e/lib/jmf.jar:/home/travis/build/icyphy/ptII/lib/jna-4.0.0-variadic.jar:/home/travis/build/icyphy/ptII/vendors/misc/joystick/Joystick.jar:/home/travis/build/icyphy/ptII/lib/ptjacl.jar:/home/travis/build/icyphy/ptII/lib/jsoup-1.8.2.jar:/home/travis/build/icyphy/ptII/lib/junit-4.8.2.jar:/home/travis/build/icyphy/ptII/lib/JUnitParams-0.4.0.jar:/home/travis/build/icyphy/ptII/ptolemy/actor/lib/excel/jxl.jar:/home/travis/build/icyphy/ptII/lib/jython.jar:/home/travis/build/icyphy/ptII/lib/kieler.jar:/home/travis/build/icyphy/ptII/vendors/opencv/share/OpenCV/java/opencv-341.jar:/home/travis/build/icyphy/ptII/lib/oscP5.jar:/home/travis/build/icyphy/ptII/lib/nrjavaserial-3.11.0.devel.jar:/home/travis/build/icyphy/ptII/vendors/j3d/lib/j3dcore.jar:/home/travis/build/icyphy/ptII/vendors/j3d/lib/j3dutils.jar:/home/travis/build/icyphy/ptII/vendors/j3d/lib/vecmath.jar:/home/travis/build/icyphy/ptII/ptolemy/distributed/jini/jar/jini-core.jar:/home/travis/build/icyphy/ptII/ptolemy/distributed/jini/jar/jini-ext.jar:/home/travis/build/icyphy/ptII/ptolemy/distributed/jini/jar/sun-util.jar:/home/travis/build/icyphy/ptII/lib/protobuf-java-2.4.1.jar:/home/travis/build/icyphy/ptII/lib/org.eclipse.paho.client.mqttv3.jar:/home/travis/build/icyphy/ptII/lib/mapss.jar:/home/travis/build/icyphy/ptII/ptolemy/actor/ptalon/antlr/antlr.jar:/home/travis/build/icyphy/ptII/lib/JRI.jar:/home/travis/build/icyphy/ptII/lib/commons-lang-2.6.jar:/home/travis/build/icyphy/ptII/lib/commons-logging-1.1.1.jar:/home/travis/build/icyphy/ptII/lib/sootclasses.jar:/home/travis/build/icyphy/ptII/ptolemy/actor/lib/database/mysql-connector-java-5.1.6-bin.jar:/home/travis/build/icyphy/ptII/vendors/misc/sphinx4/sphinx4-data-5prealpha.jar:/home/travis/build/icyphy/ptII/vendors/misc/sphinx4/sphinx4-core-5prealpha.jar:/home/travis/build/icyphy/ptII/lib/PDFRenderer.jar:/home/travis/build/icyphy/ptII/lib/svgSalamander.jar:/home/travis/build/icyphy/ptII/lib/rsyntaxtextarea-2.6.0-SNAPSHOT.jar:/home/travis/build/icyphy/ptII/lib/hazelcast-3.8.2.jar:/home/travis/build/icyphy/ptII/lib/jackson-annotations-2.9.0.jar:/home/travis/build/icyphy/ptII/lib/jackson-core-2.9.3.jar:/home/travis/build/icyphy/ptII/lib/jackson-databind-2.9.3.jar:/home/travis/build/icyphy/ptII/lib/netty-buffer-4.1.19.Final.jar:/home/travis/build/icyphy/ptII/lib/netty-codec-4.1.19.Final.jar:/home/travis/build/icyphy/ptII/lib/netty-codec-dns-4.1.19.Final.jar:/home/travis/build/icyphy/ptII/lib/netty-codec-http-4.1.19.Final.jar:/home/travis/build/icyphy/ptII/lib/netty-codec-http2-4.1.19.Final.jar:/home/travis/build/icyphy/ptII/lib/netty-common-4.1.19.Final.jar:/home/travis/build/icyphy/ptII/lib/netty-handler-4.1.19.Final.jar:/home/travis/build/icyphy/ptII/lib/netty-resolver-4.1.19.Final.jar:/home/travis/build/icyphy/ptII/lib/netty-resolver-dns-4.1.19.Final.jar:/home/travis/build/icyphy/ptII/lib/netty-transport-4.1.19.Final.jar:/home/travis/build/icyphy/ptII/lib/vertx-codegen-3.5.1.jar:/home/travis/build/icyphy/ptII/lib/vertx-core-3.5.2-SNAPSHOT.jar:/home/travis/build/icyphy/ptII/lib/vertx-hazelcast-3.5.1.jar:/home/travis/build/icyphy/ptII/lib/vertx-lang-js-3.5.1.jar:/home/travis/build/icyphy/ptII/lib/vertx-service-proxy-3.5.1.jar:/home/travis/build/icyphy/ptII/lib/vertx-web-3.5.1.jar:/home/travis/build/icyphy/ptII/lib/slf4j-api-1.7.13.jar:/home/travis/build/icyphy/ptII/lib/slf4j-simple-1.7.13.jar:/home/travis/build/icyphy/ptII/lib/webcam-capture-0.3.12.jar:/home/travis/build/icyphy/ptII/lib/bridj-0.7.0.jar:/home/travis/build/icyphy/ptII/lib/xbjlib-1.1.0.nrjavaserial.jar" />
    <property name="test.batch" value="**/junit/*.java" />
    <property name="env._" value="/usr/bin/timeout" />
    <property name="java.io.tmpdir" value="/tmp" />
    <property name="env.TRAVIS_INTERNAL_RUBY_REGEX" value="^ruby-(2\.[0-4]\.[0-9]|1\.9\.3)" />
    <property name="user.language" value="en" />
    <property name="env.HISTCONTROL" value="ignoredups:ignorespace" />
    <property name="env.GOROOT" value="/home/travis/.gimme/versions/go1.7.4.linux.amd64" />
    <property name="line.separator" value="&#xa;" />
    <property name="target" value="1.8" />
    <property name="env.TRAVIS_BUILD_DIR" value="/home/travis/build/icyphy/ptII" />
    <property name="env.ANT_OPTS" value="-Xmx2048m" />
    <property name="ant.file.type" value="file" />
    <property name="ptolemy.ptII.batchMode" value="true" />
    <property name="env.HISTSIZE" value="1000" />
    <property name="env.MERB_ENV" value="test" />
    <property name="java.vm.info" value="mixed mode" />
    <property name="source" value="1.8" />
    <property name="java.vm.specification.name" value="Java Virtual Machine Specification" />
    <property name="env.TRAVIS_TEST_RESULT" value="0" />
    <property name="jsdoc.command" value="node_modules/@terraswarm/jsdoc/jsdoc.js" />
    <property name="npm.works" value="true" />
    <property name="cobertura.dir" value="/home/travis/build/icyphy/ptII/vendors/cobertura-2.0.3" />
    <property name="env.rvm_path" value="/home/travis/.rvm" />
    <property name="env.GEM_PATH" value="/home/travis/.rvm/gems/ruby-2.4.1:/home/travis/.rvm/gems/ruby-2.4.1@global" />
    <property name="env.LC_CTYPE" value="en_US.UTF-8" />
    <property name="java.awt.printerjob" value="sun.print.PSPrinterJob" />
    <property name="env.TRAVIS_CMD" value="$PTII/bin/ptIITravisBuild.sh $SECONDS" />
    <property name="env.TRAVIS_STACK_NAME" value="garnet" />
    <property name="env.TRAVIS_TIMER_START_TIME" value="1557288328839795747" />
    <property name="ant.version" value="Apache Ant(TM) version 1.10.1 compiled on February 2 2017" />
    <property name="ptII.reports" value="/home/travis/build/icyphy/ptII/reports" />
    <property name="env.TRAVIS_STACK_TIMESTAMP" value="2017-12-05 19:33:09 UTC" />
    <property name="ant.file.type.ptII" value="file" />
    <property name="env.RBENV_SHELL" value="bash" />
    <property name="os.name" value="Linux" />
    <property name="java.specification.vendor" value="Oracle Corporation" />
    <property name="env.rvm_version" value="1.29.3 (latest)" />
    <property name="env.TRAVIS_INFRA" value="gce" />
    <property name="env.TERM" value="xterm" />
    <property name="java.vm.name" value="Java HotSpot(TM) 64-Bit Server VM" />
    <property name="env.TRAVIS_BUILD_NUMBER" value="1124" />
    <property name="env.CI" value="true" />
    <property name="java.library.path" value="/home/travis/pthla/certi-tools/lib:/usr/lib/jni:/usr/local/share/OpenCV/java/:/usr/share/OpenCV/java::/usr/java/packages/lib/amd64:/usr/lib64:/lib64:/lib:/usr/lib" />
    <property name="env.rvm_prefix" value="/home/travis" />
    <property name="env.PATH" value="/home/travis/pthla/certi-tools/share/scripts:/home/travis/.rvm/gems/ruby-2.4.1/bin:/home/travis/.rvm/gems/ruby-2.4.1@global/bin:/home/travis/.rvm/rubies/ruby-2.4.1/bin:/home/travis/.rvm/bin:/home/travis/.nvm/versions/node/v7.10.1/bin:./node_modules/.bin:/home/travis/build/icyphy/ptII/bin:/home/travis/pthla/certi-tools/bin:/home/travis/bin:/home/travis/.local/bin:/opt/pyenv/shims:/home/travis/.phpenv/shims:/home/travis/perl5/perlbrew/bin:/home/travis/.kiex/elixirs/elixir-1.4.5/bin:/home/travis/.kiex/bin:/home/travis/gopath/bin:/home/travis/.gimme/versions/go1.7.4.linux.amd64/bin:/usr/local/phantomjs/bin:/usr/local/phantomjs:/usr/local/neo4j-3.2.7/bin:/usr/local/maven-3.5.2/bin:/usr/local/cmake-3.9.2/bin:/usr/local/clang-5.0.0/bin:/usr/local/sbin:/usr/local/bin:/usr/sbin:/usr/bin:/sbin:/bin:/home/travis/.phpenv/bin:/opt/pyenv/bin:/home/travis/.yarn/bin" />
    <property name="env.TRAVIS_OS_NAME" value="linux" />
    <property name="ant.java.version" value="1.8" />
    <property name="basedir" value="/home/travis/build/icyphy/ptII" />
    <property name="java.class.version" value="52.0" />
    <property name="env.SHLVL" value="3" />
    <property name="env.LD_LIBRARY_PATH" value="/home/travis/pthla/certi-tools/lib:/usr/lib/jni:/usr/local/share/OpenCV/java/:/usr/share/OpenCV/java:" />
    <property name="env.RACK_ENV" value="test" />
    <property name="ant.home" value="/home/travis/build/icyphy/ptII/ant" />
    <property name="env.PERLBREW_BASHRC_VERSION" value="0.80" />
    <property name="env.NVM_DIR" value="/home/travis/.nvm" />
    <property name="env.TRAVIS_BUILD_ID" value="529602080" />
    <property name="env.CERTI_FOM_PATH" value="/home/travis/pthla/certi-tools/share/federations" />
    <property name="env.PYENV_ROOT" value="/opt/pyenv" />
    <property name="env.TRAVIS_UID" value="2000" />
    <property name="env.rvm_pretty_print_flag" value="auto" />
    <property name="env.NVM_BIN" value="/home/travis/.nvm/versions/node/v7.10.1/bin" />
    <property name="env.TRAVIS_COMMIT" value="25358e19e906f8e9155807d44808777cd5710b63" />
    <property name="env._system_arch" value="x86_64" />
    <property name="node.executable" value="node" />
    <property name="sun.boot.library.path" value="/usr/lib/jvm/java-8-oracle/jre/lib/amd64" />
    <property name="sun.management.compiler" value="HotSpot 64-Bit Tiered Compilers" />
    <property name="env.GOPATH" value="/home/travis/gopath" />
    <property name="java.awt.graphicsenv" value="sun.awt.X11GraphicsEnvironment" />
    <property name="ptolemy.ptII.dir" value="/home/travis/build/icyphy/ptII" />
    <property name="env.USER" value="travis" />
    <property name="env.HISTFILESIZE" value="2000" />
    <property name="timeout.longest" value="19000000" />
    <property name="env.TRAVIS_STACK_FEATURES" value="basic cassandra chromium couchdb disabled-ipv6 docker docker-compose elasticsearch firefox go-toolchain google-chrome jdk memcached mongodb mysql neo4j nodejs_interpreter perl_interpreter perlbrew phantomjs postgresql python_interpreter rabbitmq redis riak ruby_interpreter sqlite xserver" />
    <property name="env.TRAVIS_PULL_REQUEST" value="false" />
    <property name="env.PYENV_SHELL" value="bash" />
    <property name="ant.project.name" value="ptII" />
    <property name="java.vm.specification.version" value="1.8" />
    <property name="env.ANSI_RESET" value="\033[0m" />
    <property name="env.TRAVIS_DIST" value="trusty" />
    <property name="env.CERTI_VERSION" value="4.0.0" />
    <property name="env.NLSPATH" value="/usr/dt/lib/nls/msg/%L/%N.cat" />
    <property name="awt.toolkit" value="sun.awt.X11.XToolkit" />
    <property name="env.CERTI_HOST" value="localhost" />
    <property name="env.MY_RUBY_HOME" value="/home/travis/.rvm/rubies/ruby-2.4.1" />
    <property name="sun.cpu.isalist" value="" />
    <property name="env.TRAVIS_TMPDIR" value="/tmp/tmp.mun7LukZ1Z" />
    <property name="java.ext.dirs" value="/usr/lib/jvm/java-8-oracle/jre/lib/ext:/usr/java/packages/lib/ext" />
    <property name="os.version" value="4.4.0-101-generic" />
    <property name="user.home" value="/home/travis" />
    <property name="env.MIX_ARCHIVES" value="/home/travis/.kiex/mix/elixir-1.4.5" />
    <property name="java.vm.vendor" value="Oracle Corporation" />
    <property name="env.TRAVIS_TAG" value="nightly" />
    <property name="env.ANSI_YELLOW" value="\033[33;1m" />
    <property name="env.TRAVIS_FILTERED" value="redirect_io" />
    <property name="env.ANSI_GREEN" value="\033[32;1m" />
    <property name="env.JAVA_HOME" value="/usr/lib/jvm/java-8-oracle" />
    <property name="env.PTII" value="/home/travis/build/icyphy/ptII" />
    <property name="javadoc.excludepackagenames" value="adm.cvs2svn.*,build.*,config.*,doc.coding.templates.*,jni.test.jni.meaningOfLife.*,jni.test.jni.testDeux.*,jni.test.jni.testTrois.*,org.terraswarm.accessor.accessors.web.node_modules.*,org.terraswarm.accessor.accessors.web.hosts.cordova.demo.*,org.terraswarm.accessor.accessors.web.hosts.cordova.plugins.*,org.terraswarm.accessor.accessors-svn.*,pt-modules.*,ptolemy.apps.agilent.*,ptolemy.apps.anytimecontrol.*,ptolemy.apps.apes.*,ptolemy.apps.charon.*,ptolemy.apps.crazyboard.*,ptolemy.apps.eclipse.*,ptolemy.apps.etherealSting.*,ptolemy.apps.fullscreen.*,ptolemy.apps.giotto.*,ptolemy.apps.ia.*,ptolemy.apps.interfaces.*,ptolemy.apps.jmf.*,ptolemy.apps.kurt.*,ptolemy.apps.kvm.*,ptolemy.apps.lego.*,ptolemy.apps.lejos.*,ptolemy.apps.midp.*,ptolemy.apps.mobileCoding.*,ptolemy.apps.pendulum.*,ptolemy.apps.rijndael.*,ptolemy.apps.robot.*,ptolemy.apps.security.*,ptolemy.apps.sobel.*,ptolemy.apps.soot.*,ptolemy.apps.throttle.*,ptolemy.apps.tini.*,ptolemy.apps.transmission.*,ptolemy.apps.vergil.*,ptolemy.apps.waba.*,ptolemy.apps.websensor.*,ptolemy.apps.webstart.*,ptolemy.apps.xsl.*,ptolemy.apps.zaurus.*,ptolemy.codegen.c.actor.lib.oldJavaFiles.*,ptolemy.codegen.dsp.lib.*,ptolemy.codegen.kernel.newInterfaces.*,ptolemy.codegen.lib.*,ptolemy.copernicus.kernel.fragment.*,ptolemy.copernicus.shallow.cg.*,ptolemy.domains.giotto.demo.Hierarchy.Hierarchy.*,ptolemy.domains.giotto.demo.Multimode.Multimode.*,ptolemy.domains.giotto.demo.Simple.Simple.*,ptolemy.domains.gr.lib.experimental.*,ptolemy.domains.gro.*,ptolemy.domains.pdf.*,ptolemy.domains.ptinyos.demo.Surge.output.*,ptolemy.moml.test.NoPackageActor.java*,ptolemy.plot.adm.*,ptolemy.plot.servlet.*,reports.*,signed.*,src.*,target.*,vendors.*,ptolemy.apps.eclipse.awt.*,ptolemy.backtrack.*,ptolemy.backtrack.ast.*,ptolemy.cg.adapter.generic.program.procedural.c.mbed*,ptolemy.homer.*,org.ptolemy.scala.*,diva.util.java2d.svg.*,ptolemy.domains.ptinyos.*,ptolemy.actor.lib.fmi.fmipp.*,,org.terraswarm.accessor.accessors.web.node_modules.*,org.terraswarm.accessor.accessors-svn,ptolemy.apps.*,ptolemy.actor.ptalon.demo.ptinyos.SendAndReceiveCnt.output,ptolemy.actor.ptalon.demo.ptinyos.SenseToLeds.output,ptolemy.domains.ptinyos.demo.CntToLedsAndRfm.output,ptolemy.domains.ptinyos.demo.RfmToLeds.output,ptolemy.domains.ptinyos.demo.SendAndReceiveCnt.output,ptolemy.domains.ptinyos.demo.SenseToLeds.output,ptolemy.actor.lib.jjs.modules.udpSocket.*" />
    <property name="env.TRAVIS_COMMIT_MESSAGE" value="Used undocumented tick(min, max) function" />
    <property name="keystore" value="ptKeystore" />
    <property name="env.XDG_SESSION_ID" value="2" />
    <property name="junit.output.dir" value="/home/travis/build/icyphy/ptII/reports/junit" />
    <property name="npm.return.code" value="0" />
    <property name="user.dir" value="/home/travis/build/icyphy/ptII/ptolemy/domains/de/test" />
    <property name="env.TRAVIS_NODE_VERSION" value="7" />
    <property name="env.XFILESEARCHPATH" value="/usr/dt/app-defaults/%L/Dt" />
    <property name="env.TRAVIS_EVENT_TYPE" value="cron" />
    <property name="env.MAIL" value="/var/mail/travis" />
    <property name="env.PWD" value="/home/travis/build/icyphy/ptII" />
    <property name="env.PERLBREW_ROOT" value="/home/travis/perl5/perlbrew" />
    <property name="timeout.npm" value="45000" />
    <property name="env.PT_TRAVIS_TEST_CORE2_XML" value="true" />
    <property name="env.TRAVIS_ARCH" value="amd64" />
    <property name="env.PAGER" value="cat" />
    <property name="sun.cpu.endian" value="little" />
    <property name="env.TRAVIS_BUILD_STAGE_NAME" value="Test" />
    <property name="env.PERLBREW_HOME" value="/home/travis/.perlbrew" />
    <property name="env.RAILS_ENV" value="test" />
    <property name="java.vm.version" value="25.151-b12" />
    <property name="java.class.path" value="/home/travis/build/icyphy/ptII:/home/travis/build/icyphy/ptII/lib/bsh-2.0b4.jar:/home/travis/build/icyphy/ptII/lib/ptCal.jar:/home/travis/build/icyphy/ptII/lib/java_cup.jar:/home/travis/build/icyphy/ptII/lib/saxon8.jar:/home/travis/build/icyphy/ptII/lib/saxon8-dom.jar:/home/travis/build/icyphy/ptII/lib/chic.jar:/home/travis/build/icyphy/ptII/lib/ptcolt.jar:/usr/lib/jvm/java-8-oracle/lib/tools.jar:/home/travis/build/icyphy/ptII/vendors/misc/itext/iText.jar:/home/travis/build/icyphy/ptII/lib/g4ltl.jar:/home/travis/build/icyphy/ptII/lib/StructuralCoder.jar:/home/travis/build/icyphy/ptII/vendors/jai-1_1_2_01/lib/jai_core.jar:/home/travis/build/icyphy/ptII/vendors/jai-1_1_2_01/lib/jai_codec.jar:/home/travis/build/icyphy/ptII/lib/jcerti.jar:/home/travis/build/icyphy/ptII/lib/javax.mail.jar:/home/travis/build/icyphy/ptII/vendors/JMF-2.1.1e/lib/jmf.jar:/home/travis/build/icyphy/ptII/lib/jna-4.0.0-variadic.jar:/home/travis/build/icyphy/ptII/vendors/misc/joystick/Joystick.jar:/home/travis/build/icyphy/ptII/lib/ptjacl.jar:/home/travis/build/icyphy/ptII/lib/jsoup-1.8.2.jar:/home/travis/build/icyphy/ptII/lib/junit-4.8.2.jar:/home/travis/build/icyphy/ptII/lib/JUnitParams-0.4.0.jar:/home/travis/build/icyphy/ptII/ptolemy/actor/lib/excel/jxl.jar:/home/travis/build/icyphy/ptII/lib/jython.jar:/home/travis/build/icyphy/ptII/lib/kieler.jar:/home/travis/build/icyphy/ptII/vendors/opencv/share/OpenCV/java/opencv-341.jar:/home/travis/build/icyphy/ptII/lib/oscP5.jar:/home/travis/build/icyphy/ptII/lib/nrjavaserial-3.11.0.devel.jar:/home/travis/build/icyphy/ptII/vendors/j3d/lib/j3dcore.jar:/home/travis/build/icyphy/ptII/vendors/j3d/lib/j3dutils.jar:/home/travis/build/icyphy/ptII/vendors/j3d/lib/vecmath.jar:/home/travis/build/icyphy/ptII/ptolemy/distributed/jini/jar/jini-core.jar:/home/travis/build/icyphy/ptII/ptolemy/distributed/jini/jar/jini-ext.jar:/home/travis/build/icyphy/ptII/ptolemy/distributed/jini/jar/sun-util.jar:/home/travis/build/icyphy/ptII/lib/protobuf-java-2.4.1.jar:/home/travis/build/icyphy/ptII/lib/org.eclipse.paho.client.mqttv3.jar:/home/travis/build/icyphy/ptII/lib/mapss.jar:/home/travis/build/icyphy/ptII/ptolemy/actor/ptalon/antlr/antlr.jar:/home/travis/build/icyphy/ptII/lib/JRI.jar:/home/travis/build/icyphy/ptII/lib/commons-lang-2.6.jar:/home/travis/build/icyphy/ptII/lib/commons-logging-1.1.1.jar:/home/travis/build/icyphy/ptII/lib/sootclasses.jar:/home/travis/build/icyphy/ptII/ptolemy/actor/lib/database/mysql-connector-java-5.1.6-bin.jar:/home/travis/build/icyphy/ptII/vendors/misc/sphinx4/sphinx4-data-5prealpha.jar:/home/travis/build/icyphy/ptII/vendors/misc/sphinx4/sphinx4-core-5prealpha.jar:/home/travis/build/icyphy/ptII/lib/PDFRenderer.jar:/home/travis/build/icyphy/ptII/lib/svgSalamander.jar:/home/travis/build/icyphy/ptII/lib/rsyntaxtextarea-2.6.0-SNAPSHOT.jar:/home/travis/build/icyphy/ptII/lib/hazelcast-3.8.2.jar:/home/travis/build/icyphy/ptII/lib/jackson-annotations-2.9.0.jar:/home/travis/build/icyphy/ptII/lib/jackson-core-2.9.3.jar:/home/travis/build/icyphy/ptII/lib/jackson-databind-2.9.3.jar:/home/travis/build/icyphy/ptII/lib/netty-buffer-4.1.19.Final.jar:/home/travis/build/icyphy/ptII/lib/netty-codec-4.1.19.Final.jar:/home/travis/build/icyphy/ptII/lib/netty-codec-dns-4.1.19.Final.jar:/home/travis/build/icyphy/ptII/lib/netty-codec-http-4.1.19.Final.jar:/home/travis/build/icyphy/ptII/lib/netty-codec-http2-4.1.19.Final.jar:/home/travis/build/icyphy/ptII/lib/netty-common-4.1.19.Final.jar:/home/travis/build/icyphy/ptII/lib/netty-handler-4.1.19.Final.jar:/home/travis/build/icyphy/ptII/lib/netty-resolver-4.1.19.Final.jar:/home/travis/build/icyphy/ptII/lib/netty-resolver-dns-4.1.19.Final.jar:/home/travis/build/icyphy/ptII/lib/netty-transport-4.1.19.Final.jar:/home/travis/build/icyphy/ptII/lib/vertx-codegen-3.5.1.jar:/home/travis/build/icyphy/ptII/lib/vertx-core-3.5.2-SNAPSHOT.jar:/home/travis/build/icyphy/ptII/lib/vertx-hazelcast-3.5.1.jar:/home/travis/build/icyphy/ptII/lib/vertx-lang-js-3.5.1.jar:/home/travis/build/icyphy/ptII/lib/vertx-service-proxy-3.5.1.jar:/home/travis/build/icyphy/ptII/lib/vertx-web-3.5.1.jar:/home/travis/build/icyphy/ptII/lib/slf4j-api-1.7.13.jar:/home/travis/build/icyphy/ptII/lib/slf4j-simple-1.7.13.jar:/home/travis/build/icyphy/ptII/lib/webcam-capture-0.3.12.jar:/home/travis/build/icyphy/ptII/lib/bridj-0.7.0.jar:/home/travis/build/icyphy/ptII/lib/xbjlib-1.1.0.nrjavaserial.jar:/home/travis/build/icyphy/ptII/ptolemy/moml/test:/home/travis/build/icyphy/ptII/ant/lib/ant-launcher.jar:/home/travis/build/icyphy/ptII/ant/lib/ant.jar:/home/travis/build/icyphy/ptII/ant/lib/ant-junit.jar:/home/travis/build/icyphy/ptII/ant/lib/ant-junit4.jar" />
    <property name="ant.library.dir" value="/home/travis/build/icyphy/ptII/ant/lib" />
    <property name="os.arch" value="amd64" />
    <property name="env.TRAVIS_LANGUAGE" value="node_js" />
    <property name="env.CONTINUOUS_INTEGRATION" value="true" />
    <property name="env.TRAVIS_STACK_LANGUAGES" value="__garnet__ c c++ clojure cplusplus cpp default go groovy java node_js php pure_java python ruby scala" />
    <property name="test.name" value="ptolemy.actor.lib.test.junit.JUnitTclTest" />
    <property name="sun.java.launcher" value="SUN_STANDARD" />
    <property name="env.PYTHON_CONFIGURE_OPTS" value="--enable-unicode=ucs4 --with-wide-unicode --enable-shared --enable-ipv6 --enable-loadable-sqlite-extensions --with-computed-gotos" />
    <property name="ant.core.lib" value="/home/travis/build/icyphy/ptII/ant/lib/ant.jar" />
    <property name="java.vm.specification.vendor" value="Oracle Corporation" />
    <property name="env.BCVTB_HOME" value="/home/travis/build/icyphy/ptII/lbnl" />
    <property name="file.separator" value="/" />
    <property name="spotbugs.home" value="/home/travis/build/icyphy/ptII/vendors/spotbugs-3.1.1" />
    <property name="java.runtime.version" value="1.8.0_151-b12" />
    <property name="sun.boot.class.path" value="/usr/lib/jvm/java-8-oracle/jre/lib/resources.jar:/usr/lib/jvm/java-8-oracle/jre/lib/rt.jar:/usr/lib/jvm/java-8-oracle/jre/lib/sunrsasign.jar:/usr/lib/jvm/java-8-oracle/jre/lib/jsse.jar:/usr/lib/jvm/java-8-oracle/jre/lib/jce.jar:/usr/lib/jvm/java-8-oracle/jre/lib/charsets.jar:/usr/lib/jvm/java-8-oracle/jre/lib/jfr.jar:/usr/lib/jvm/java-8-oracle/jre/classes" />
    <property name="env.ANSI_CLEAR" value="\033[0K" />
    <property name="env.HAS_JOSH_K_SEAL_OF_APPROVAL" value="true" />
    <property name="env.XDG_RUNTIME_DIR" value="/run/user/2000" />
    <property name="env.TRAVIS_OSX_IMAGE" value="" />
    <property name="env.TRAVIS_BRANCH" value="master" />
    <property name="env.TRAVIS_JOB_ID" value="529602089" />
    <property name="user.country" value="US" />
    <property name="env.CERTI_HOME_TRAVIS" value="/home/travis/pthla/certi-tools" />
    <property name="env.SHELL" value="/bin/bash" />
    <property name="java.maxmemory.large" value="5000m" />
    <property name="model" value="" />
    <property name="env.CASHER_DIR" value="/home/travis/.casher" />
    <property name="env.NVM_CD_FLAGS" value="" />
    <property name="jshint.executable" value="/home/travis/node_modules/jshint/bin/jshint" />
    <property name="java.vendor" value="Oracle Corporation" />
    <property name="env.JRUBY_OPTS" value=" --client -J-XX:+TieredCompilation -J-XX:TieredStopAtLevel=1 -J-Xss2m -Xcompile.invokedynamic=false" />
    <property name="env.TRAVIS_PRE_CHEF_BOOTSTRAP_TIME" value="2017-12-05T19:32:55" />
    <property name="env.TRAVIS_STACK_JOB_BOARD_REGISTER" value="/.job-board-register.yml" />
    <property name="env.ELIXIR_VERSION" value="1.4.5" />
    <property name="env.ANSI_RED" value="\033[31;1m" />
    <property name="java.specification.version" value="1.8" />
    <property name="env.TRAVIS" value="true" />
    <property name="env.IRBRC" value="/home/travis/.rvm/rubies/ruby-2.4.1/.irbrc" />
    <property name="sun.arch.data.model" value="64" />
  </properties>
  <testcase classname="ptolemy.util.test.junit.TclTests" name="[0] /home/travis/build/icyphy/ptII/ptolemy/domains/de/test/DependencyLoop.tcl (RunTclFile)" time="0.727" />
  <testcase classname="ptolemy.util.test.junit.TclTests" name="[1] /home/travis/build/icyphy/ptII/ptolemy/domains/de/test/RunDETestsAsQSS.tcl (RunTclFile)" time="86.123" />
  <testcase classname="ptolemy.util.test.junit.AutoKnownFailedTests" name="[0] /home/travis/build/icyphy/ptII/ptolemy/domains/de/test/auto/knownFailedTests/DESDFClockTest.xml (RunModel)" time="2.035" />
  <testcase classname="ptolemy.util.test.junit.AutoKnownFailedTests" name="[1] /home/travis/build/icyphy/ptII/ptolemy/domains/de/test/auto/knownFailedTests/DirectFeedback.xml (RunModel)" time="0.021" />
  <testcase classname="ptolemy.util.test.junit.AutoKnownFailedTests" name="[2] /home/travis/build/icyphy/ptII/ptolemy/domains/de/test/auto/knownFailedTests/FSMSource.xml (RunModel)" time="0.032" />
  <testcase classname="ptolemy.util.test.junit.AutoKnownFailedTests" name="[3] /home/travis/build/icyphy/ptII/ptolemy/domains/de/test/auto/knownFailedTests/HierarchicalModel.xml (RunModel)" time="0.041" />
  <testcase classname="ptolemy.util.test.junit.AutoKnownFailedTests" name="[4] /home/travis/build/icyphy/ptII/ptolemy/domains/de/test/auto/knownFailedTests/dependencyLoop.xml (RunModel)" time="0.033" />
  <testcase classname="ptolemy.util.test.junit.AutoKnownFailedTests" name="[5] /home/travis/build/icyphy/ptII/ptolemy/domains/de/test/auto/knownFailedTests/dependencyLoop2.xml (RunModel)" time="0.045" />
  <testcase classname="ptolemy.util.test.junit.AutoNameArchTests" name="[0] ThereAreNoAutoArchTests (RunModel)" time="0.0" />
  <testcase classname="ptolemy.util.test.junit.AutoTests" name="[0] /home/travis/build/icyphy/ptII/ptolemy/domains/de/test/auto/ActorDepthCalculation_actorWithoutPorts.xml (RunModel)" time="0.012" />
  <testcase classname="ptolemy.util.test.junit.AutoTests" name="[1] /home/travis/build/icyphy/ptII/ptolemy/domains/de/test/auto/AssemblyLine.xml (RunModel)" time="0.016" />
  <testcase classname="ptolemy.util.test.junit.AutoTests" name="[2] /home/travis/build/icyphy/ptII/ptolemy/domains/de/test/auto/CQBug1.xml (RunModel)" time="0.007" />
  <testcase classname="ptolemy.util.test.junit.AutoTests" name="[3] /home/travis/build/icyphy/ptII/ptolemy/domains/de/test/auto/CancelFireAt.xml (RunModel)" time="0.01" />
  <testcase classname="ptolemy.util.test.junit.AutoTests" name="[4] /home/travis/build/icyphy/ptII/ptolemy/domains/de/test/auto/CausalityAndComposabilityAnalysis.xml (RunModel)" time="0.016" />
  <testcase classname="ptolemy.util.test.junit.AutoTests" name="[5] /home/travis/build/icyphy/ptII/ptolemy/domains/de/test/auto/CausalityInterface1.xml (RunModel)" time="0.018" />
  <testcase classname="ptolemy.util.test.junit.AutoTests" name="[6] /home/travis/build/icyphy/ptII/ptolemy/domains/de/test/auto/CausalityInterface15.xml (RunModel)" time="0.018" />
  <testcase classname="ptolemy.util.test.junit.AutoTests" name="[7] /home/travis/build/icyphy/ptII/ptolemy/domains/de/test/auto/CausalityInterface2.xml (RunModel)" time="0.01" />
  <testcase classname="ptolemy.util.test.junit.AutoTests" name="[8] /home/travis/build/icyphy/ptII/ptolemy/domains/de/test/auto/CausalityInterface3.xml (RunModel)" time="0.01" />
  <testcase classname="ptolemy.util.test.junit.AutoTests" name="[9] /home/travis/build/icyphy/ptII/ptolemy/domains/de/test/auto/ClockDrift.xml (RunModel)" time="0.033" />
  <testcase classname="ptolemy.util.test.junit.AutoTests" name="[10] /home/travis/build/icyphy/ptII/ptolemy/domains/de/test/auto/ClockDriftAndValueChange.xml (RunModel)" time="0.03" />
  <testcase classname="ptolemy.util.test.junit.AutoTests" name="[11] /home/travis/build/icyphy/ptII/ptolemy/domains/de/test/auto/ClockDriftChange.xml (RunModel)" time="0.026" />
  <testcase classname="ptolemy.util.test.junit.AutoTests" name="[12] /home/travis/build/icyphy/ptII/ptolemy/domains/de/test/auto/ComposableCausalityAnalysis.xml (RunModel)" time="0.017" />
  <testcase classname="ptolemy.util.test.junit.AutoTests" name="[13] /home/travis/build/icyphy/ptII/ptolemy/domains/de/test/auto/DEFixedPointLimitation.xml (RunModel)" time="0.009" />
  <testcase classname="ptolemy.util.test.junit.AutoTests" name="[14] /home/travis/build/icyphy/ptII/ptolemy/domains/de/test/auto/DEScheduleTest.xml (RunModel)" time="0.011" />
  <testcase classname="ptolemy.util.test.junit.AutoTests" name="[15] /home/travis/build/icyphy/ptII/ptolemy/domains/de/test/auto/DEinDEwithStartTimes.xml (RunModel)" time="0.013" />
  <testcase classname="ptolemy.util.test.junit.AutoTests" name="[16] /home/travis/build/icyphy/ptII/ptolemy/domains/de/test/auto/DEinDEwithStartTimes2.xml (RunModel)" time="0.013" />
  <testcase classname="ptolemy.util.test.junit.AutoTests" name="[17] /home/travis/build/icyphy/ptII/ptolemy/domains/de/test/auto/DateDemo.xml (RunModel)" time="0.028" />
  <testcase classname="ptolemy.util.test.junit.AutoTests" name="[18] /home/travis/build/icyphy/ptII/ptolemy/domains/de/test/auto/DateToEvent.xml (RunModel)" time="2.038" />
  <testcase classname="ptolemy.util.test.junit.AutoTests" name="[19] /home/travis/build/icyphy/ptII/ptolemy/domains/de/test/auto/DepthTest1.xml (RunModel)" time="0.013" />
  <testcase classname="ptolemy.util.test.junit.AutoTests" name="[20] /home/travis/build/icyphy/ptII/ptolemy/domains/de/test/auto/DepthTest2.xml (RunModel)" time="0.017" />
  <testcase classname="ptolemy.util.test.junit.AutoTests" name="[21] /home/travis/build/icyphy/ptII/ptolemy/domains/de/test/auto/DepthTest3.xml (RunModel)" time="0.011" />
  <testcase classname="ptolemy.util.test.junit.AutoTests" name="[22] /home/travis/build/icyphy/ptII/ptolemy/domains/de/test/auto/DepthTest4.xml (RunModel)" time="0.012" />
  <testcase classname="ptolemy.util.test.junit.AutoTests" name="[23] /home/travis/build/icyphy/ptII/ptolemy/domains/de/test/auto/DepthTest5.xml (RunModel)" time="0.013" />
  <testcase classname="ptolemy.util.test.junit.AutoTests" name="[24] /home/travis/build/icyphy/ptII/ptolemy/domains/de/test/auto/DepthTest6.xml (RunModel)" time="0.011" />
  <testcase classname="ptolemy.util.test.junit.AutoTests" name="[25] /home/travis/build/icyphy/ptII/ptolemy/domains/de/test/auto/DepthTest7.xml (RunModel)" time="0.011" />
  <testcase classname="ptolemy.util.test.junit.AutoTests" name="[26] /home/travis/build/icyphy/ptII/ptolemy/domains/de/test/auto/EventToDate.xml (RunModel)" time="3.032" />
  <testcase classname="ptolemy.util.test.junit.AutoTests" name="[27] /home/travis/build/icyphy/ptII/ptolemy/domains/de/test/auto/FSM1.xml (RunModel)" time="0.045" />
  <testcase classname="ptolemy.util.test.junit.AutoTests" name="[28] /home/travis/build/icyphy/ptII/ptolemy/domains/de/test/auto/FSM7.xml (RunModel)" time="0.041" />
  <testcase classname="ptolemy.util.test.junit.AutoTests" name="[29] /home/travis/build/icyphy/ptII/ptolemy/domains/de/test/auto/Inspection.xml (RunModel)" time="0.038" />
  <testcase classname="ptolemy.util.test.junit.AutoTests" name="[30] /home/travis/build/icyphy/ptII/ptolemy/domains/de/test/auto/Iteration.xml (RunModel)" time="0.018" />
  <testcase classname="ptolemy.util.test.junit.AutoTests" name="[31] /home/travis/build/icyphy/ptII/ptolemy/domains/de/test/auto/LineFault.xml (RunModel)" time="0.521" />
  <testcase classname="ptolemy.util.test.junit.AutoTests" name="[32] /home/travis/build/icyphy/ptII/ptolemy/domains/de/test/auto/MergeModel1Add.xml (RunModel)" time="0.039" />
  <testcase classname="ptolemy.util.test.junit.AutoTests" name="[33] /home/travis/build/icyphy/ptII/ptolemy/domains/de/test/auto/MergeModel2Add.xml (RunModel)" time="0.033" />
  <testcase classname="ptolemy.util.test.junit.AutoTests" name="[34] /home/travis/build/icyphy/ptII/ptolemy/domains/de/test/auto/MergeModel3Add.xml (RunModel)" time="0.035" />
  <testcase classname="ptolemy.util.test.junit.AutoTests" name="[35] /home/travis/build/icyphy/ptII/ptolemy/domains/de/test/auto/MergeWithoutDiscard.xml (RunModel)" time="0.011" />
  <testcase classname="ptolemy.util.test.junit.AutoTests" name="[36] /home/travis/build/icyphy/ptII/ptolemy/domains/de/test/auto/Modal1.xml (RunModel)" time="0.023" />
  <testcase classname="ptolemy.util.test.junit.AutoTests" name="[37] /home/travis/build/icyphy/ptII/ptolemy/domains/de/test/auto/Modal2.xml (RunModel)" time="0.025" />
  <testcase classname="ptolemy.util.test.junit.AutoTests" name="[38] /home/travis/build/icyphy/ptII/ptolemy/domains/de/test/auto/Modal3.xml (RunModel)" time="0.024" />
  <testcase classname="ptolemy.util.test.junit.AutoTests" name="[39] /home/travis/build/icyphy/ptII/ptolemy/domains/de/test/auto/Modal4.xml (RunModel)" time="0.027" />
  <testcase classname="ptolemy.util.test.junit.AutoTests" name="[40] /home/travis/build/icyphy/ptII/ptolemy/domains/de/test/auto/Modal5.xml (RunModel)" time="0.027" />
  <testcase classname="ptolemy.util.test.junit.AutoTests" name="[41] /home/travis/build/icyphy/ptII/ptolemy/domains/de/test/auto/Modal6.xml (RunModel)" time="0.025" />
  <testcase classname="ptolemy.util.test.junit.AutoTests" name="[42] /home/travis/build/icyphy/ptII/ptolemy/domains/de/test/auto/Modal7.xml (RunModel)" time="0.026" />
  <testcase classname="ptolemy.util.test.junit.AutoTests" name="[43] /home/travis/build/icyphy/ptII/ptolemy/domains/de/test/auto/ModalModel.xml (RunModel)" time="0.149" />
  <testcase classname="ptolemy.util.test.junit.AutoTests" name="[44] /home/travis/build/icyphy/ptII/ptolemy/domains/de/test/auto/ModalSource.xml (RunModel)" time="0.019" />
  <testcase classname="ptolemy.util.test.junit.AutoTests" name="[45] /home/travis/build/icyphy/ptII/ptolemy/domains/de/test/auto/NonInterruptibleTimerZeroDelay.xml (RunModel)" time="0.008" />
  <testcase classname="ptolemy.util.test.junit.AutoTests" name="[46] /home/travis/build/icyphy/ptII/ptolemy/domains/de/test/auto/OpenQueueingNetwork.xml (RunModel)" time="2.231" />
  <testcase classname="ptolemy.util.test.junit.AutoTests" name="[47] /home/travis/build/icyphy/ptII/ptolemy/domains/de/test/auto/OpenQueuingNetwork.xml (RunModel)" time="0.251" />
  <testcase classname="ptolemy.util.test.junit.AutoTests" name="[48] /home/travis/build/icyphy/ptII/ptolemy/domains/de/test/auto/PeriodicSampler.xml (RunModel)" time="0.008" />
  <testcase classname="ptolemy.util.test.junit.AutoTests" name="[49] /home/travis/build/icyphy/ptII/ptolemy/domains/de/test/auto/PersistentIO.xml (RunModel)" time="0.018" />
  <testcase classname="ptolemy.util.test.junit.AutoTests" name="[50] /home/travis/build/icyphy/ptII/ptolemy/domains/de/test/auto/PortParameterResetOnInitialize.xml (RunModel)" time="0.009" />
  <testcase classname="ptolemy.util.test.junit.AutoTests" name="[51] /home/travis/build/icyphy/ptII/ptolemy/domains/de/test/auto/PortParameterUpdates.xml (RunModel)" time="0.013" />
  <testcase classname="ptolemy.util.test.junit.AutoTests" name="[52] /home/travis/build/icyphy/ptII/ptolemy/domains/de/test/auto/QueueAndServer.xml (RunModel)" time="0.024" />
  <testcase classname="ptolemy.util.test.junit.AutoTests" name="[53] /home/travis/build/icyphy/ptII/ptolemy/domains/de/test/auto/Records.xml (RunModel)" time="0.015" />
  <testcase classname="ptolemy.util.test.junit.AutoTests" name="[54] /home/travis/build/icyphy/ptII/ptolemy/domains/de/test/auto/ResetTransitionWithStartTime1.xml (RunModel)" time="0.017" />
  <testcase classname="ptolemy.util.test.junit.AutoTests" name="[55] /home/travis/build/icyphy/ptII/ptolemy/domains/de/test/auto/ResetTransitionWithStartTime2.xml (RunModel)" time="0.021" />
  <testcase classname="ptolemy.util.test.junit.AutoTests" name="[56] /home/travis/build/icyphy/ptII/ptolemy/domains/de/test/auto/ResetTransitionWithStartTime3.xml (RunModel)" time="0.019" />
  <testcase classname="ptolemy.util.test.junit.AutoTests" name="[57] /home/travis/build/icyphy/ptII/ptolemy/domains/de/test/auto/ResetTransitionWithStartTime4.xml (RunModel)" time="0.018" />
  <testcase classname="ptolemy.util.test.junit.AutoTests" name="[58] /home/travis/build/icyphy/ptII/ptolemy/domains/de/test/auto/ResettableTimer1.xml (RunModel)" time="0.01" />
  <testcase classname="ptolemy.util.test.junit.AutoTests" name="[59] /home/travis/build/icyphy/ptII/ptolemy/domains/de/test/auto/ResettableTimer2.xml (RunModel)" time="0.011" />
  <testcase classname="ptolemy.util.test.junit.AutoTests" name="[60] /home/travis/build/icyphy/ptII/ptolemy/domains/de/test/auto/ResettableTimer3.xml (RunModel)" time="0.01" />
  <testcase classname="ptolemy.util.test.junit.AutoTests" name="[61] /home/travis/build/icyphy/ptII/ptolemy/domains/de/test/auto/ResettableTimer4.xml (RunModel)" time="0.015" />
  <testcase classname="ptolemy.util.test.junit.AutoTests" name="[62] /home/travis/build/icyphy/ptII/ptolemy/domains/de/test/auto/ResettableTimer5.xml (RunModel)" time="0.009" />
  <testcase classname="ptolemy.util.test.junit.AutoTests" name="[63] /home/travis/build/icyphy/ptII/ptolemy/domains/de/test/auto/ResettableTimer6.xml (RunModel)" time="0.017" />
  <testcase classname="ptolemy.util.test.junit.AutoTests" name="[64] /home/travis/build/icyphy/ptII/ptolemy/domains/de/test/auto/ServerZeroDelay.xml (RunModel)" time="0.01" />
  <testcase classname="ptolemy.util.test.junit.AutoTests" name="[65] /home/travis/build/icyphy/ptII/ptolemy/domains/de/test/auto/SmartSender.xml (RunModel)" time="3.007" />
  <testcase classname="ptolemy.util.test.junit.AutoTests" name="[66] /home/travis/build/icyphy/ptII/ptolemy/domains/de/test/auto/ThreadedComposite.xml (RunModel)" time="0.12" />
  <testcase classname="ptolemy.util.test.junit.AutoTests" name="[67] /home/travis/build/icyphy/ptII/ptolemy/domains/de/test/auto/Time.xml (RunModel)" time="0.438" />
  <testcase classname="ptolemy.util.test.junit.AutoTests" name="[68] /home/travis/build/icyphy/ptII/ptolemy/domains/de/test/auto/TimeDelayZeroDelay.xml (RunModel)" time="0.01" />
  <testcase classname="ptolemy.util.test.junit.AutoTests" name="[69] /home/travis/build/icyphy/ptII/ptolemy/domains/de/test/auto/TimerZeroDelay.xml (RunModel)" time="0.008" />
  <testcase classname="ptolemy.util.test.junit.AutoTests" name="[70] /home/travis/build/icyphy/ptII/ptolemy/domains/de/test/auto/TimingParadox.xml (RunModel)" time="0.368" />
  <testcase classname="ptolemy.util.test.junit.AutoTests" name="[71] /home/travis/build/icyphy/ptII/ptolemy/domains/de/test/auto/TransferInputs.xml (RunModel)" time="0.008" />
  <testcase classname="ptolemy.util.test.junit.AutoTests" name="[72] /home/travis/build/icyphy/ptII/ptolemy/domains/de/test/auto/TransferOutputs2.xml (RunModel)" time="0.015" />
  <testcase classname="ptolemy.util.test.junit.AutoTests" name="[73] /home/travis/build/icyphy/ptII/ptolemy/domains/de/test/auto/Trilateration.xml (RunModel)" time="11.694" />
  <testcase classname="ptolemy.util.test.junit.AutoTests" name="[74] /home/travis/build/icyphy/ptII/ptolemy/domains/de/test/auto/TwoSigmaDelta.xml (RunModel)" time="1.971" />
  <testcase classname="ptolemy.util.test.junit.AutoTests" name="[75] /home/travis/build/icyphy/ptII/ptolemy/domains/de/test/auto/VariableDelay.xml (RunModel)" time="0.016" />
  <testcase classname="ptolemy.util.test.junit.AutoTests" name="[76] /home/travis/build/icyphy/ptII/ptolemy/domains/de/test/auto/VariableDelay2.xml (RunModel)" time="0.008" />
  <testcase classname="ptolemy.util.test.junit.AutoTests" name="[77] /home/travis/build/icyphy/ptII/ptolemy/domains/de/test/auto/VariableDelayZeroDelay.xml (RunModel)" time="0.009" />
  <testcase classname="ptolemy.util.test.junit.AutoTests" name="[78] /home/travis/build/icyphy/ptII/ptolemy/domains/de/test/auto/VariableDelayZeroDelay2.xml (RunModel)" time="0.008" />
  <testcase classname="ptolemy.util.test.junit.AutoTests" name="[79] /home/travis/build/icyphy/ptII/ptolemy/domains/de/test/auto/deInCt.xml (RunModel)" time="0.017" />
  <testcase classname="ptolemy.util.test.junit.AutoTests" name="[80] /home/travis/build/icyphy/ptII/ptolemy/domains/de/test/auto/deInCt2.xml (RunModel)" time="0.016" />
  <testcase classname="ptolemy.util.test.junit.AutoTests" name="[81] /home/travis/build/icyphy/ptII/ptolemy/domains/de/test/auto/dynamicCausalityInterface1.xml (RunModel)" time="0.018" />
  <testcase classname="ptolemy.util.test.junit.AutoTests" name="[82] /home/travis/build/icyphy/ptII/ptolemy/domains/de/test/auto/fsm_de_test.xml (RunModel)" time="0.021" />
  <testcase classname="ptolemy.util.test.junit.AutoTests" name="[83] /home/travis/build/icyphy/ptII/ptolemy/domains/de/test/auto/functionDependencyReconstruction.xml (RunModel)" time="0.028" />
  <testcase classname="ptolemy.util.test.junit.AutoTests" name="[84] /home/travis/build/icyphy/ptII/ptolemy/domains/de/test/auto/multirate.xml (RunModel)" time="0.015" />
  <testcase classname="ptolemy.util.test.junit.AutoTests" name="[85] /home/travis/build/icyphy/ptII/ptolemy/domains/de/test/auto/multirate2.xml (RunModel)" time="0.014" />
  <testcase classname="ptolemy.util.test.junit.AutoTests" name="[86] /home/travis/build/icyphy/ptII/ptolemy/domains/de/test/auto/realtime.xml (RunModel)" time="10.013" />
  <testcase classname="ptolemy.util.test.junit.AutoTests" name="[87] /home/travis/build/icyphy/ptII/ptolemy/domains/de/test/auto/relationGroup.xml (RunModel)" time="0.013" />
  <testcase classname="ptolemy.util.test.junit.AutoTests" name="[88] /home/travis/build/icyphy/ptII/ptolemy/domains/de/test/auto/relationGroup2.xml (RunModel)" time="0.011" />
  <testcase classname="ptolemy.util.test.junit.AutoTests" name="[89] /home/travis/build/icyphy/ptII/ptolemy/domains/de/test/auto/sortWithOpaquePorts.xml (RunModel)" time="0.01" />
  <testcase classname="ptolemy.util.test.junit.AutoTests" name="[90] /home/travis/build/icyphy/ptII/ptolemy/domains/de/test/auto/transferInputsandOutputs.xml (RunModel)" time="0.016" />
  <testcase classname="ptolemy.util.test.junit.AutoTests" name="[91] /home/travis/build/icyphy/ptII/ptolemy/domains/de/test/auto/triggerType.xml (RunModel)" time="0.008" />
  <system-out><![CDATA[/home/travis/build/icyphy/ptII/ptolemy/domains/de/test/DependencyLoop.tcl
testDefs.tcl: setting time out to 9000 seconds at Wed May 08 04:13:42 UTC 2019
17 ms. Memory: 116224K Free: 97440K (84%)
24 ms. Memory: 146944K Free: 141238K (96%)
/home/travis/build/icyphy/ptII/ptolemy/domains/de/test/RunDETestsAsQSS.tcl
Run the DE tests using ptolemy.domains.qss.test.QSSDirectorTest, which extends QSSDirector and prints a message in the constructors.
------------------ testing $PTII/ptolemy/domains/de/test/auto/knownFailedTests/dependencyLoop.xml (Known Failure) 
16 ms. Memory: 146944K Free: 136987K (93%)


==== $PTIIhome/travis/build/icyphy/ptII/ptolemy/domains/de/test/../../../../: Auto Automatic test in file $PTII/ptolemy/domains/de/test/auto/knownFailedTests/dependencyLoop.xml
==== Contents of test case:

	    # FIXME: we should use $relativeFilename here, but it
	    # might have backslashes under Windows, which causes no end
	    # of trouble.
	    createAndExecute $file
	    list {}
	
.... Test generated KNOWN error:
    while executing
ptolemy.kernel.util.IllegalActionException: Found a zero delay loop containing .dependencyLoop.original
  in .dependencyLoop and .dependencyLoop.original
	at ptolemy.actor.util.CausalityInterfaceForComposites._computeOutputPortDepth(CausalityInterfaceForComposites.java:759)
	at ptolemy.actor.util.CausalityInterfaceForComposites._computeInputDepth(CausalityInterfaceForComposites.java:696)
	at ptolemy.actor.util.CausalityInterfaceForComposites._computeOutputPortDepth(CausalityInterfaceForComposites.java:765)
	at ptolemy.actor.util.CausalityInterfaceForComposites._computeInputDepth(CausalityInterfaceForComposites.java:696)
	at ptolemy.actor.util.CausalityInterfaceForComposites._computeOutputPortDepth(CausalityInterfaceForComposites.java:765)
	at ptolemy.actor.util.CausalityInterfaceForComposites._computeInputDepth(CausalityInterfaceForComposites.java:696)
	at ptolemy.actor.util.CausalityInterfaceForComposites._computeActorDepth(CausalityInterfaceForComposites.java:532)
	at ptolemy.actor.util.CausalityInterfaceForComposites.checkForCycles(CausalityInterfaceForComposites.java:96)
	at ptolemy.domains.de.kernel.DEDirector.preinitialize(DEDirector.java:1338)
	at ptolemy.actor.CompositeActor.preinitialize(CompositeActor.java:1828)
	at ptolemy.actor.Manager.preinitializeAndResolveTypes(Manager.java:1040)
	at ptolemy.actor.Manager.initialize(Manager.java:710)
	at ptolemy.actor.Manager.execute(Manager.java:356)
	at ptolemy.actor.Manager.run(Manager.java:1263)
	at ptolemy.actor.Manager$PtolemyRunThread.run(Manager.java:1915)

    while executing
ptolemy.kernel.util.IllegalActionException: Found a zero delay loop containing .dependencyLoop.original
  in .dependencyLoop and .dependencyLoop.original
    while executing
"java::new ptolemy.moml.MoMLSimpleApplication $file
"
    (procedure "createAndExecute" line 2)
    invoked from within
"createAndExecute $file"
    ("uplevel" body line 5)
    invoked from within
"uplevel $contents_of_test"
------------------ testing $PTII/ptolemy/domains/de/test/auto/knownFailedTests/DESDFClockTest.xml (Known Failure) 
2058 ms. Memory: 146944K Free: 121362K (83%)


==== $PTIIhome/travis/build/icyphy/ptII/ptolemy/domains/de/test/../../../../: Auto Automatic test in file $PTII/ptolemy/domains/de/test/auto/knownFailedTests/DESDFClockTest.xml
==== Contents of test case:

	    # FIXME: we should use $relativeFilename here, but it
	    # might have backslashes under Windows, which causes no end
	    # of trouble.
	    createAndExecute $file
	    list {}
	
.... Test generated KNOWN error:
    while executing
ptolemy.kernel.util.IllegalActionException: Actor is not ready to fire.  Perhaps UpSample.prefire() returned false? Try debugging the actor by selecting "Listen to Actor".  Also, for SDF check moml for tokenConsumptionRate on input.
  in .DESDFClockTest.Play Bell.Copy1:SDF Director and .DESDFClockTest.Play Bell.UpSample
	at ptolemy.actor.sched.StaticSchedulingDirector.fire(StaticSchedulingDirector.java:227)
	at ptolemy.domains.sdf.kernel.SDFDirector.fire(SDFDirector.java:500)
	at ptolemy.actor.CompositeActor.fire(CompositeActor.java:455)
	at ptolemy.domains.de.kernel.DEDirector._fire(DEDirector.java:1949)
	at ptolemy.domains.de.kernel.DEDirector.fire(DEDirector.java:502)
	at ptolemy.actor.CompositeActor.fire(CompositeActor.java:455)
	at ptolemy.actor.Manager.iterate(Manager.java:851)
	at ptolemy.actor.Manager.execute(Manager.java:369)
	at ptolemy.actor.Manager.run(Manager.java:1263)
	at ptolemy.actor.Manager$PtolemyRunThread.run(Manager.java:1915)

    while executing
ptolemy.kernel.util.IllegalActionException: Actor is not ready to fire.  Perhaps UpSample.prefire() returned false? Try debugging the actor by selecting "Listen to Actor".  Also, for SDF check moml for tokenConsumptionRate on input.
  in .DESDFClockTest.Play Bell.Copy1:SDF Director and .DESDFClockTest.Play Bell.UpSample
    while executing
"java::new ptolemy.moml.MoMLSimpleApplication $file
"
    (procedure "createAndExecute" line 2)
    invoked from within
"createAndExecute $file"
    ("uplevel" body line 5)
    invoked from within
"uplevel $contents_of_test"
------------------ testing $PTII/ptolemy/domains/de/test/auto/knownFailedTests/FSMSource.xml (Known Failure) 
34 ms. Memory: 146944K Free: 112518K (77%)
!!!! Auto was marked as failing, but now passes
------------------ testing $PTII/ptolemy/domains/de/test/auto/knownFailedTests/dependencyLoop2.xml (Known Failure) 
6 ms. Memory: 146944K Free: 110643K (75%)


==== $PTIIhome/travis/build/icyphy/ptII/ptolemy/domains/de/test/../../../../: Auto Automatic test in file $PTII/ptolemy/domains/de/test/auto/knownFailedTests/dependencyLoop2.xml
==== Contents of test case:

	    # FIXME: we should use $relativeFilename here, but it
	    # might have backslashes under Windows, which causes no end
	    # of trouble.
	    createAndExecute $file
	    list {}
	
.... Test generated KNOWN error:
    while executing
ptolemy.kernel.util.IllegalActionException: Found a zero delay loop containing .dependencyLoop2.original
  in .dependencyLoop2 and .dependencyLoop2.original
	at ptolemy.actor.util.CausalityInterfaceForComposites._computeOutputPortDepth(CausalityInterfaceForComposites.java:759)
	at ptolemy.actor.util.CausalityInterfaceForComposites._computeInputDepth(CausalityInterfaceForComposites.java:696)
	at ptolemy.actor.util.CausalityInterfaceForComposites._computeOutputPortDepth(CausalityInterfaceForComposites.java:765)
	at ptolemy.actor.util.CausalityInterfaceForComposites._computeInputDepth(CausalityInterfaceForComposites.java:696)
	at ptolemy.actor.util.CausalityInterfaceForComposites._computeOutputPortDepth(CausalityInterfaceForComposites.java:765)
	at ptolemy.actor.util.CausalityInterfaceForComposites._computeInputDepth(CausalityInterfaceForComposites.java:696)
	at ptolemy.actor.util.CausalityInterfaceForComposites._computeActorDepth(CausalityInterfaceForComposites.java:532)
	at ptolemy.actor.util.CausalityInterfaceForComposites.checkForCycles(CausalityInterfaceForComposites.java:96)
	at ptolemy.domains.de.kernel.DEDirector.preinitialize(DEDirector.java:1338)
	at ptolemy.actor.CompositeActor.preinitialize(CompositeActor.java:1828)
	at ptolemy.actor.Manager.preinitializeAndResolveTypes(Manager.java:1040)
	at ptolemy.actor.Manager.initialize(Manager.java:710)
	at ptolemy.actor.Manager.execute(Manager.java:356)
	at ptolemy.actor.Manager.run(Manager.java:1263)
	at ptolemy.actor.Manager$PtolemyRunThread.run(Manager.java:1915)

    while executing
ptolemy.kernel.util.IllegalActionException: Found a zero delay loop containing .dependencyLoop2.original
  in .dependencyLoop2 and .dependencyLoop2.original
    while executing
"java::new ptolemy.moml.MoMLSimpleApplication $file
"
    (procedure "createAndExecute" line 2)
    invoked from within
"createAndExecute $file"
    ("uplevel" body line 5)
    invoked from within
"uplevel $contents_of_test"
------------------ testing $PTII/ptolemy/domains/de/test/auto/knownFailedTests/HierarchicalModel.xml (Known Failure) 
5 ms. Memory: 146944K Free: 90462K (62%)


==== $PTIIhome/travis/build/icyphy/ptII/ptolemy/domains/de/test/../../../../: Auto Automatic test in file $PTII/ptolemy/domains/de/test/auto/knownFailedTests/HierarchicalModel.xml
==== Contents of test case:

	    # FIXME: we should use $relativeFilename here, but it
	    # might have backslashes under Windows, which causes no end
	    # of trouble.
	    createAndExecute $file
	    list {}
	
.... Test generated KNOWN error:
    while executing
ptolemy.kernel.util.IllegalActionException: Found a zero delay loop containing .HierarchicalModel.A
  in .HierarchicalModel and .HierarchicalModel.A
	at ptolemy.actor.util.CausalityInterfaceForComposites._computeOutputPortDepth(CausalityInterfaceForComposites.java:759)
	at ptolemy.actor.util.CausalityInterfaceForComposites._computeInputDepth(CausalityInterfaceForComposites.java:696)
	at ptolemy.actor.util.CausalityInterfaceForComposites._computeOutputPortDepth(CausalityInterfaceForComposites.java:765)
	at ptolemy.actor.util.CausalityInterfaceForComposites._computeInputDepth(CausalityInterfaceForComposites.java:696)
	at ptolemy.actor.util.CausalityInterfaceForComposites._computeOutputPortDepth(CausalityInterfaceForComposites.java:765)
	at ptolemy.actor.util.CausalityInterfaceForComposites._computeInputDepth(CausalityInterfaceForComposites.java:696)
	at ptolemy.actor.util.CausalityInterfaceForComposites._computeActorDepth(CausalityInterfaceForComposites.java:532)
	at ptolemy.actor.util.CausalityInterfaceForComposites.checkForCycles(CausalityInterfaceForComposites.java:96)
	at ptolemy.domains.de.kernel.DEDirector.preinitialize(DEDirector.java:1338)
	at ptolemy.actor.CompositeActor.preinitialize(CompositeActor.java:1828)
	at ptolemy.actor.Manager.preinitializeAndResolveTypes(Manager.java:1040)
	at ptolemy.actor.Manager.initialize(Manager.java:710)
	at ptolemy.actor.Manager.execute(Manager.java:356)
	at ptolemy.actor.Manager.run(Manager.java:1263)
	at ptolemy.actor.Manager$PtolemyRunThread.run(Manager.java:1915)

    while executing
ptolemy.kernel.util.IllegalActionException: Found a zero delay loop containing .HierarchicalModel.A
  in .HierarchicalModel and .HierarchicalModel.A
    while executing
"java::new ptolemy.moml.MoMLSimpleApplication $file
"
    (procedure "createAndExecute" line 2)
    invoked from within
"createAndExecute $file"
    ("uplevel" body line 5)
    invoked from within
"uplevel $contents_of_test"
------------------ testing $PTII/ptolemy/domains/de/test/auto/knownFailedTests/DirectFeedback.xml (Known Failure) 
5 ms. Memory: 146944K Free: 86326K (59%)


==== $PTIIhome/travis/build/icyphy/ptII/ptolemy/domains/de/test/../../../../: Auto Automatic test in file $PTII/ptolemy/domains/de/test/auto/knownFailedTests/DirectFeedback.xml
==== Contents of test case:

	    # FIXME: we should use $relativeFilename here, but it
	    # might have backslashes under Windows, which causes no end
	    # of trouble.
	    createAndExecute $file
	    list {}
	
.... Test generated KNOWN error:
    while executing
ptolemy.kernel.util.IllegalActionException: Test fails in iteration 1.
Value was: 1.0. Should have been: 2.0
  in .DirectFeedback.Test
	at ptolemy.actor.lib.Test.fire(Test.java:268)
	at ptolemy.domains.de.kernel.DEDirector._fire(DEDirector.java:1949)
	at ptolemy.domains.de.kernel.DEDirector.fire(DEDirector.java:502)
	at ptolemy.actor.CompositeActor.fire(CompositeActor.java:455)
	at ptolemy.actor.Manager.iterate(Manager.java:851)
	at ptolemy.actor.Manager.execute(Manager.java:369)
	at ptolemy.actor.Manager.run(Manager.java:1263)
	at ptolemy.actor.Manager$PtolemyRunThread.run(Manager.java:1915)

    while executing
ptolemy.kernel.util.IllegalActionException: Test fails in iteration 1.
Value was: 1.0. Should have been: 2.0
  in .DirectFeedback.Test
    while executing
"java::new ptolemy.moml.MoMLSimpleApplication $file
"
    (procedure "createAndExecute" line 2)
    invoked from within
"createAndExecute $file"
    ("uplevel" body line 5)
    invoked from within
"uplevel $contents_of_test"
------------------ testing $PTII/ptolemy/domains/de/test/auto/ActorDepthCalculation_actorWithoutPorts.xml
auto.tcl: Setting watchdog for 200 seconds at Wed May 08 04:13:46 UTC 2019
9 ms. Memory: 146944K Free: 139694K (95%)
ptolemy.util.test.WatchDog.cancel(): canceling Wed May 08 04:13:46 UTC 2019
auto.tcl: Setting watchdog for 200 seconds at Wed May 08 04:13:46 UTC 2019
4 ms. Memory: 146944K Free: 137644K (94%)
ptolemy.util.test.WatchDog.cancel(): canceling Wed May 08 04:13:46 UTC 2019
------------------ testing $PTII/ptolemy/domains/de/test/auto/AssemblyLine.xml
auto.tcl: Setting watchdog for 200 seconds at Wed May 08 04:13:46 UTC 2019
17 ms. Memory: 208384K Free: 186229K (89%)
ptolemy.util.test.WatchDog.cancel(): canceling Wed May 08 04:13:46 UTC 2019
auto.tcl: Setting watchdog for 200 seconds at Wed May 08 04:13:46 UTC 2019
11 ms. Memory: 208384K Free: 186229K (89%)
ptolemy.util.test.WatchDog.cancel(): canceling Wed May 08 04:13:46 UTC 2019
------------------ testing $PTII/ptolemy/domains/de/test/auto/CQBug1.xml
auto.tcl: Setting watchdog for 200 seconds at Wed May 08 04:13:46 UTC 2019
19 ms. Memory: 208384K Free: 197884K (95%)
ptolemy.util.test.WatchDog.cancel(): canceling Wed May 08 04:13:46 UTC 2019
auto.tcl: Setting watchdog for 200 seconds at Wed May 08 04:13:46 UTC 2019
2 ms. Memory: 208384K Free: 197884K (95%)
ptolemy.util.test.WatchDog.cancel(): canceling Wed May 08 04:13:46 UTC 2019
------------------ testing $PTII/ptolemy/domains/de/test/auto/CancelFireAt.xml
auto.tcl: Setting watchdog for 200 seconds at Wed May 08 04:13:47 UTC 2019
3 ms. Memory: 208384K Free: 201555K (97%)
ptolemy.util.test.WatchDog.cancel(): canceling Wed May 08 04:13:47 UTC 2019
auto.tcl: Setting watchdog for 200 seconds at Wed May 08 04:13:47 UTC 2019
6 ms. Memory: 208384K Free: 199505K (96%)
ptolemy.util.test.WatchDog.cancel(): canceling Wed May 08 04:13:47 UTC 2019
------------------ testing $PTII/ptolemy/domains/de/test/auto/CausalityAndComposabilityAnalysis.xml
auto.tcl: Setting watchdog for 200 seconds at Wed May 08 04:13:47 UTC 2019
12 ms. Memory: 208384K Free: 198583K (95%)
ptolemy.util.test.WatchDog.cancel(): canceling Wed May 08 04:13:47 UTC 2019
auto.tcl: Setting watchdog for 200 seconds at Wed May 08 04:13:47 UTC 2019
5 ms. Memory: 208384K Free: 196534K (94%)
ptolemy.util.test.WatchDog.cancel(): canceling Wed May 08 04:13:47 UTC 2019
------------------ testing $PTII/ptolemy/domains/de/test/auto/CausalityInterface1.xml
auto.tcl: Setting watchdog for 200 seconds at Wed May 08 04:13:47 UTC 2019
20 ms. Memory: 208384K Free: 196471K (94%)
ptolemy.util.test.WatchDog.cancel(): canceling Wed May 08 04:13:47 UTC 2019
auto.tcl: Setting watchdog for 200 seconds at Wed May 08 04:13:47 UTC 2019
4 ms. Memory: 208384K Free: 196471K (94%)
ptolemy.util.test.WatchDog.cancel(): canceling Wed May 08 04:13:47 UTC 2019
------------------ testing $PTII/ptolemy/domains/de/test/auto/CausalityInterface15.xml
auto.tcl: Setting watchdog for 200 seconds at Wed May 08 04:13:47 UTC 2019
9 ms. Memory: 208384K Free: 196430K (94%)
ptolemy.util.test.WatchDog.cancel(): canceling Wed May 08 04:13:47 UTC 2019
auto.tcl: Setting watchdog for 200 seconds at Wed May 08 04:13:47 UTC 2019
4 ms. Memory: 208384K Free: 196430K (94%)
ptolemy.util.test.WatchDog.cancel(): canceling Wed May 08 04:13:47 UTC 2019
------------------ testing $PTII/ptolemy/domains/de/test/auto/CausalityInterface2.xml
auto.tcl: Setting watchdog for 200 seconds at Wed May 08 04:13:47 UTC 2019
6 ms. Memory: 208384K Free: 196446K (94%)
ptolemy.util.test.WatchDog.cancel(): canceling Wed May 08 04:13:47 UTC 2019
auto.tcl: Setting watchdog for 200 seconds at Wed May 08 04:13:47 UTC 2019
3 ms. Memory: 208384K Free: 196446K (94%)
ptolemy.util.test.WatchDog.cancel(): canceling Wed May 08 04:13:47 UTC 2019
------------------ testing $PTII/ptolemy/domains/de/test/auto/CausalityInterface3.xml
auto.tcl: Setting watchdog for 200 seconds at Wed May 08 04:13:47 UTC 2019
10 ms. Memory: 208384K Free: 196459K (94%)
ptolemy.util.test.WatchDog.cancel(): canceling Wed May 08 04:13:47 UTC 2019
auto.tcl: Setting watchdog for 200 seconds at Wed May 08 04:13:47 UTC 2019
8 ms. Memory: 208384K Free: 196459K (94%)
ptolemy.util.test.WatchDog.cancel(): canceling Wed May 08 04:13:47 UTC 2019
------------------ testing $PTII/ptolemy/domains/de/test/auto/ClockDrift.xml
auto.tcl: Setting watchdog for 200 seconds at Wed May 08 04:13:47 UTC 2019
71 ms. Memory: 208384K Free: 187841K (90%)
ptolemy.util.test.WatchDog.cancel(): canceling Wed May 08 04:13:47 UTC 2019
auto.tcl: Setting watchdog for 200 seconds at Wed May 08 04:13:47 UTC 2019
67 ms. Memory: 208384K Free: 185791K (89%)
ptolemy.util.test.WatchDog.cancel(): canceling Wed May 08 04:13:47 UTC 2019
------------------ testing $PTII/ptolemy/domains/de/test/auto/ClockDriftAndValueChange.xml
auto.tcl: Setting watchdog for 200 seconds at Wed May 08 04:13:47 UTC 2019
54 ms. Memory: 208384K Free: 189721K (91%)
ptolemy.util.test.WatchDog.cancel(): canceling Wed May 08 04:13:47 UTC 2019
auto.tcl: Setting watchdog for 200 seconds at Wed May 08 04:13:47 UTC 2019
33 ms. Memory: 208384K Free: 185621K (89%)
ptolemy.util.test.WatchDog.cancel(): canceling Wed May 08 04:13:48 UTC 2019
------------------ testing $PTII/ptolemy/domains/de/test/auto/ClockDriftChange.xml
auto.tcl: Setting watchdog for 200 seconds at Wed May 08 04:13:48 UTC 2019
19 ms. Memory: 208384K Free: 190948K (92%)
ptolemy.util.test.WatchDog.cancel(): canceling Wed May 08 04:13:48 UTC 2019
auto.tcl: Setting watchdog for 200 seconds at Wed May 08 04:13:48 UTC 2019
24 ms. Memory: 208384K Free: 188899K (91%)
ptolemy.util.test.WatchDog.cancel(): canceling Wed May 08 04:13:48 UTC 2019
------------------ testing $PTII/ptolemy/domains/de/test/auto/ComposableCausalityAnalysis.xml
auto.tcl: Setting watchdog for 200 seconds at Wed May 08 04:13:48 UTC 2019
2 ms. Memory: 208384K Free: 196314K (94%)
ptolemy.util.test.WatchDog.cancel(): canceling Wed May 08 04:13:48 UTC 2019
auto.tcl: Setting watchdog for 200 seconds at Wed May 08 04:13:48 UTC 2019
2 ms. Memory: 208384K Free: 194265K (93%)
ptolemy.util.test.WatchDog.cancel(): canceling Wed May 08 04:13:48 UTC 2019
------------------ testing $PTII/ptolemy/domains/de/test/auto/DEFixedPointLimitation.xml
auto.tcl: Setting watchdog for 200 seconds at Wed May 08 04:13:48 UTC 2019
3 ms. Memory: 208384K Free: 198445K (95%)
ptolemy.util.test.WatchDog.cancel(): canceling Wed May 08 04:13:48 UTC 2019
auto.tcl: Setting watchdog for 200 seconds at Wed May 08 04:13:48 UTC 2019
2 ms. Memory: 208384K Free: 196395K (94%)
ptolemy.util.test.WatchDog.cancel(): canceling Wed May 08 04:13:48 UTC 2019
------------------ testing $PTII/ptolemy/domains/de/test/auto/DEScheduleTest.xml
auto.tcl: Setting watchdog for 200 seconds at Wed May 08 04:13:48 UTC 2019
7 ms. Memory: 208384K Free: 198480K (95%)
ptolemy.util.test.WatchDog.cancel(): canceling Wed May 08 04:13:48 UTC 2019
auto.tcl: Setting watchdog for 200 seconds at Wed May 08 04:13:48 UTC 2019
8 ms. Memory: 208384K Free: 196430K (94%)
ptolemy.util.test.WatchDog.cancel(): canceling Wed May 08 04:13:48 UTC 2019
------------------ testing $PTII/ptolemy/domains/de/test/auto/DEinDEwithStartTimes.xml
auto.tcl: Setting watchdog for 200 seconds at Wed May 08 04:13:48 UTC 2019
6 ms. Memory: 208384K Free: 196400K (94%)
ptolemy.util.test.WatchDog.cancel(): canceling Wed May 08 04:13:48 UTC 2019
auto.tcl: Setting watchdog for 200 seconds at Wed May 08 04:13:48 UTC 2019
6 ms. Memory: 208384K Free: 196400K (94%)
ptolemy.util.test.WatchDog.cancel(): canceling Wed May 08 04:13:48 UTC 2019
------------------ testing $PTII/ptolemy/domains/de/test/auto/DEinDEwithStartTimes2.xml
auto.tcl: Setting watchdog for 200 seconds at Wed May 08 04:13:48 UTC 2019
7 ms. Memory: 208384K Free: 196898K (94%)
ptolemy.util.test.WatchDog.cancel(): canceling Wed May 08 04:13:48 UTC 2019
auto.tcl: Setting watchdog for 200 seconds at Wed May 08 04:13:48 UTC 2019
4 ms. Memory: 208384K Free: 194849K (94%)
ptolemy.util.test.WatchDog.cancel(): canceling Wed May 08 04:13:48 UTC 2019
------------------ testing $PTII/ptolemy/domains/de/test/auto/DateDemo.xml
auto.tcl: Setting watchdog for 200 seconds at Wed May 08 04:13:48 UTC 2019
7 ms. Memory: 208384K Free: 188970K (91%)
ptolemy.util.test.WatchDog.cancel(): canceling Wed May 08 04:13:48 UTC 2019
auto.tcl: Setting watchdog for 200 seconds at Wed May 08 04:13:48 UTC 2019
6 ms. Memory: 208384K Free: 186921K (90%)
ptolemy.util.test.WatchDog.cancel(): canceling Wed May 08 04:13:48 UTC 2019
------------------ testing $PTII/ptolemy/domains/de/test/auto/DateToEvent.xml
auto.tcl: Setting watchdog for 200 seconds at Wed May 08 04:13:48 UTC 2019
2010 ms. Memory: 208384K Free: 183818K (88%)
ptolemy.util.test.WatchDog.cancel(): canceling Wed May 08 04:13:50 UTC 2019
auto.tcl: Setting watchdog for 200 seconds at Wed May 08 04:13:50 UTC 2019
2006 ms. Memory: 208384K Free: 183818K (88%)
ptolemy.util.test.WatchDog.cancel(): canceling Wed May 08 04:13:52 UTC 2019
------------------ testing $PTII/ptolemy/domains/de/test/auto/DepthTest1.xml
auto.tcl: Setting watchdog for 200 seconds at Wed May 08 04:13:52 UTC 2019
3 ms. Memory: 208384K Free: 198528K (95%)
ptolemy.util.test.WatchDog.cancel(): canceling Wed May 08 04:13:52 UTC 2019
auto.tcl: Setting watchdog for 200 seconds at Wed May 08 04:13:52 UTC 2019
2 ms. Memory: 208384K Free: 198528K (95%)
ptolemy.util.test.WatchDog.cancel(): canceling Wed May 08 04:13:52 UTC 2019
------------------ testing $PTII/ptolemy/domains/de/test/auto/DepthTest2.xml
auto.tcl: Setting watchdog for 200 seconds at Wed May 08 04:13:52 UTC 2019
7 ms. Memory: 208384K Free: 194343K (93%)
ptolemy.util.test.WatchDog.cancel(): canceling Wed May 08 04:13:52 UTC 2019
auto.tcl: Setting watchdog for 200 seconds at Wed May 08 04:13:52 UTC 2019
2 ms. Memory: 208384K Free: 194343K (93%)
ptolemy.util.test.WatchDog.cancel(): canceling Wed May 08 04:13:52 UTC 2019
------------------ testing $PTII/ptolemy/domains/de/test/auto/DepthTest3.xml
auto.tcl: Setting watchdog for 200 seconds at Wed May 08 04:13:53 UTC 2019
7 ms. Memory: 208384K Free: 198864K (95%)
ptolemy.util.test.WatchDog.cancel(): canceling Wed May 08 04:13:53 UTC 2019
auto.tcl: Setting watchdog for 200 seconds at Wed May 08 04:13:53 UTC 2019
2 ms. Memory: 208384K Free: 198864K (95%)
ptolemy.util.test.WatchDog.cancel(): canceling Wed May 08 04:13:53 UTC 2019
------------------ testing $PTII/ptolemy/domains/de/test/auto/DepthTest4.xml
auto.tcl: Setting watchdog for 200 seconds at Wed May 08 04:13:53 UTC 2019
5 ms. Memory: 208384K Free: 195154K (94%)
ptolemy.util.test.WatchDog.cancel(): canceling Wed May 08 04:13:53 UTC 2019
auto.tcl: Setting watchdog for 200 seconds at Wed May 08 04:13:53 UTC 2019
2 ms. Memory: 208384K Free: 195154K (94%)
ptolemy.util.test.WatchDog.cancel(): canceling Wed May 08 04:13:53 UTC 2019
------------------ testing $PTII/ptolemy/domains/de/test/auto/DepthTest5.xml
auto.tcl: Setting watchdog for 200 seconds at Wed May 08 04:13:53 UTC 2019
6 ms. Memory: 208384K Free: 196329K (94%)
ptolemy.util.test.WatchDog.cancel(): canceling Wed May 08 04:13:53 UTC 2019
auto.tcl: Setting watchdog for 200 seconds at Wed May 08 04:13:53 UTC 2019
3 ms. Memory: 208384K Free: 196329K (94%)
ptolemy.util.test.WatchDog.cancel(): canceling Wed May 08 04:13:53 UTC 2019
------------------ testing $PTII/ptolemy/domains/de/test/auto/DepthTest6.xml
auto.tcl: Setting watchdog for 200 seconds at Wed May 08 04:13:53 UTC 2019
8 ms. Memory: 208384K Free: 196304K (94%)
ptolemy.util.test.WatchDog.cancel(): canceling Wed May 08 04:13:53 UTC 2019
auto.tcl: Setting watchdog for 200 seconds at Wed May 08 04:13:53 UTC 2019
2 ms. Memory: 208384K Free: 196304K (94%)
ptolemy.util.test.WatchDog.cancel(): canceling Wed May 08 04:13:53 UTC 2019
------------------ testing $PTII/ptolemy/domains/de/test/auto/DepthTest7.xml
auto.tcl: Setting watchdog for 200 seconds at Wed May 08 04:13:53 UTC 2019
3 ms. Memory: 208384K Free: 196286K (94%)
ptolemy.util.test.WatchDog.cancel(): canceling Wed May 08 04:13:53 UTC 2019
auto.tcl: Setting watchdog for 200 seconds at Wed May 08 04:13:53 UTC 2019
2 ms. Memory: 208384K Free: 196286K (94%)
ptolemy.util.test.WatchDog.cancel(): canceling Wed May 08 04:13:53 UTC 2019
------------------ testing $PTII/ptolemy/domains/de/test/auto/EventToDate.xml
auto.tcl: Setting watchdog for 200 seconds at Wed May 08 04:13:53 UTC 2019
3006 ms. Memory: 208384K Free: 185636K (89%)
ptolemy.util.test.WatchDog.cancel(): canceling Wed May 08 04:13:56 UTC 2019
auto.tcl: Setting watchdog for 200 seconds at Wed May 08 04:13:56 UTC 2019
3005 ms. Memory: 208384K Free: 183586K (88%)
ptolemy.util.test.WatchDog.cancel(): canceling Wed May 08 04:13:59 UTC 2019
------------------ testing $PTII/ptolemy/domains/de/test/auto/FSM1.xml
auto.tcl: Setting watchdog for 200 seconds at Wed May 08 04:13:59 UTC 2019
36 ms. Memory: 208384K Free: 189422K (91%)
ptolemy.util.test.WatchDog.cancel(): canceling Wed May 08 04:13:59 UTC 2019
auto.tcl: Setting watchdog for 200 seconds at Wed May 08 04:13:59 UTC 2019
23 ms. Memory: 208384K Free: 185291K (89%)
ptolemy.util.test.WatchDog.cancel(): canceling Wed May 08 04:13:59 UTC 2019
------------------ testing $PTII/ptolemy/domains/de/test/auto/FSM7.xml
auto.tcl: Setting watchdog for 200 seconds at Wed May 08 04:13:59 UTC 2019
15 ms. Memory: 208384K Free: 190113K (91%)
ptolemy.util.test.WatchDog.cancel(): canceling Wed May 08 04:13:59 UTC 2019
auto.tcl: Setting watchdog for 200 seconds at Wed May 08 04:13:59 UTC 2019
13 ms. Memory: 208384K Free: 185997K (89%)
ptolemy.util.test.WatchDog.cancel(): canceling Wed May 08 04:13:59 UTC 2019
------------------ testing $PTII/ptolemy/domains/de/test/auto/Inspection.xml
auto.tcl: Setting watchdog for 200 seconds at Wed May 08 04:13:59 UTC 2019
42 ms. Memory: 208384K Free: 189287K (91%)
ptolemy.util.test.WatchDog.cancel(): canceling Wed May 08 04:13:59 UTC 2019
auto.tcl: Setting watchdog for 200 seconds at Wed May 08 04:13:59 UTC 2019
26 ms. Memory: 208384K Free: 187238K (90%)
ptolemy.util.test.WatchDog.cancel(): canceling Wed May 08 04:13:59 UTC 2019
------------------ testing $PTII/ptolemy/domains/de/test/auto/Iteration.xml
auto.tcl: Setting watchdog for 200 seconds at Wed May 08 04:13:59 UTC 2019
10 ms. Memory: 208384K Free: 196094K (94%)
ptolemy.util.test.WatchDog.cancel(): canceling Wed May 08 04:13:59 UTC 2019
auto.tcl: Setting watchdog for 200 seconds at Wed May 08 04:13:59 UTC 2019
7 ms. Memory: 208384K Free: 194044K (93%)
ptolemy.util.test.WatchDog.cancel(): canceling Wed May 08 04:14:00 UTC 2019
------------------ testing $PTII/ptolemy/domains/de/test/auto/LineFault.xml
auto.tcl: Setting watchdog for 200 seconds at Wed May 08 04:14:00 UTC 2019
764 ms. Memory: 208384K Free: 199888K (96%)
ptolemy.util.test.WatchDog.cancel(): canceling Wed May 08 04:14:01 UTC 2019
auto.tcl: Setting watchdog for 200 seconds at Wed May 08 04:14:01 UTC 2019
569 ms. Memory: 208384K Free: 142168K (68%)
ptolemy.util.test.WatchDog.cancel(): canceling Wed May 08 04:14:01 UTC 2019
------------------ testing $PTII/ptolemy/domains/de/test/auto/MergeModel1Add.xml
auto.tcl: Setting watchdog for 200 seconds at Wed May 08 04:14:01 UTC 2019
15 ms. Memory: 331264K Free: 300676K (91%)
ptolemy.util.test.WatchDog.cancel(): canceling Wed May 08 04:14:01 UTC 2019
auto.tcl: Setting watchdog for 200 seconds at Wed May 08 04:14:01 UTC 2019
9 ms. Memory: 331264K Free: 300676K (91%)
ptolemy.util.test.WatchDog.cancel(): canceling Wed May 08 04:14:01 UTC 2019
------------------ testing $PTII/ptolemy/domains/de/test/auto/MergeModel2Add.xml
auto.tcl: Setting watchdog for 200 seconds at Wed May 08 04:14:01 UTC 2019
9 ms. Memory: 331264K Free: 305638K (92%)
ptolemy.util.test.WatchDog.cancel(): canceling Wed May 08 04:14:01 UTC 2019
auto.tcl: Setting watchdog for 200 seconds at Wed May 08 04:14:01 UTC 2019
7 ms. Memory: 331264K Free: 302054K (91%)
ptolemy.util.test.WatchDog.cancel(): canceling Wed May 08 04:14:01 UTC 2019
------------------ testing $PTII/ptolemy/domains/de/test/auto/MergeModel3Add.xml
auto.tcl: Setting watchdog for 200 seconds at Wed May 08 04:14:01 UTC 2019
9 ms. Memory: 331264K Free: 305625K (92%)
ptolemy.util.test.WatchDog.cancel(): canceling Wed May 08 04:14:02 UTC 2019
auto.tcl: Setting watchdog for 200 seconds at Wed May 08 04:14:02 UTC 2019
8 ms. Memory: 331264K Free: 302024K (91%)
ptolemy.util.test.WatchDog.cancel(): canceling Wed May 08 04:14:02 UTC 2019
------------------ testing $PTII/ptolemy/domains/de/test/auto/MergeWithoutDiscard.xml
auto.tcl: Setting watchdog for 200 seconds at Wed May 08 04:14:02 UTC 2019
2 ms. Memory: 331264K Free: 317067K (96%)
ptolemy.util.test.WatchDog.cancel(): canceling Wed May 08 04:14:02 UTC 2019
auto.tcl: Setting watchdog for 200 seconds at Wed May 08 04:14:02 UTC 2019
1 ms. Memory: 331264K Free: 317067K (96%)
ptolemy.util.test.WatchDog.cancel(): canceling Wed May 08 04:14:02 UTC 2019
------------------ testing $PTII/ptolemy/domains/de/test/auto/Modal1.xml
auto.tcl: Setting watchdog for 200 seconds at Wed May 08 04:14:02 UTC 2019
25 ms. Memory: 331264K Free: 310632K (94%)
ptolemy.util.test.WatchDog.cancel(): canceling Wed May 08 04:14:02 UTC 2019
auto.tcl: Setting watchdog for 200 seconds at Wed May 08 04:14:02 UTC 2019
20 ms. Memory: 331264K Free: 307031K (93%)
ptolemy.util.test.WatchDog.cancel(): canceling Wed May 08 04:14:02 UTC 2019
------------------ testing $PTII/ptolemy/domains/de/test/auto/Modal2.xml
auto.tcl: Setting watchdog for 200 seconds at Wed May 08 04:14:02 UTC 2019
20 ms. Memory: 331264K Free: 310505K (94%)
ptolemy.util.test.WatchDog.cancel(): canceling Wed May 08 04:14:02 UTC 2019
auto.tcl: Setting watchdog for 200 seconds at Wed May 08 04:14:02 UTC 2019
15 ms. Memory: 331264K Free: 306904K (93%)
ptolemy.util.test.WatchDog.cancel(): canceling Wed May 08 04:14:02 UTC 2019
------------------ testing $PTII/ptolemy/domains/de/test/auto/Modal3.xml
auto.tcl: Setting watchdog for 200 seconds at Wed May 08 04:14:02 UTC 2019
14 ms. Memory: 331264K Free: 311178K (94%)
ptolemy.util.test.WatchDog.cancel(): canceling Wed May 08 04:14:02 UTC 2019
auto.tcl: Setting watchdog for 200 seconds at Wed May 08 04:14:02 UTC 2019
15 ms. Memory: 331264K Free: 306903K (93%)
ptolemy.util.test.WatchDog.cancel(): canceling Wed May 08 04:14:02 UTC 2019
------------------ testing $PTII/ptolemy/domains/de/test/auto/Modal4.xml
auto.tcl: Setting watchdog for 200 seconds at Wed May 08 04:14:02 UTC 2019
25 ms. Memory: 331264K Free: 310524K (94%)
ptolemy.util.test.WatchDog.cancel(): canceling Wed May 08 04:14:02 UTC 2019
auto.tcl: Setting watchdog for 200 seconds at Wed May 08 04:14:02 UTC 2019
16 ms. Memory: 331264K Free: 306924K (93%)
ptolemy.util.test.WatchDog.cancel(): canceling Wed May 08 04:14:02 UTC 2019
------------------ testing $PTII/ptolemy/domains/de/test/auto/Modal5.xml
auto.tcl: Setting watchdog for 200 seconds at Wed May 08 04:14:02 UTC 2019
21 ms. Memory: 331264K Free: 310503K (94%)
ptolemy.util.test.WatchDog.cancel(): canceling Wed May 08 04:14:02 UTC 2019
auto.tcl: Setting watchdog for 200 seconds at Wed May 08 04:14:02 UTC 2019
14 ms. Memory: 331264K Free: 306911K (93%)
ptolemy.util.test.WatchDog.cancel(): canceling Wed May 08 04:14:02 UTC 2019
------------------ testing $PTII/ptolemy/domains/de/test/auto/Modal6.xml
auto.tcl: Setting watchdog for 200 seconds at Wed May 08 04:14:02 UTC 2019
16 ms. Memory: 331264K Free: 310525K (94%)
ptolemy.util.test.WatchDog.cancel(): canceling Wed May 08 04:14:02 UTC 2019
auto.tcl: Setting watchdog for 200 seconds at Wed May 08 04:14:02 UTC 2019
16 ms. Memory: 331264K Free: 306924K (93%)
ptolemy.util.test.WatchDog.cancel(): canceling Wed May 08 04:14:02 UTC 2019
------------------ testing $PTII/ptolemy/domains/de/test/auto/Modal7.xml
auto.tcl: Setting watchdog for 200 seconds at Wed May 08 04:14:02 UTC 2019
10 ms. Memory: 331264K Free: 306909K (93%)
ptolemy.util.test.WatchDog.cancel(): canceling Wed May 08 04:14:02 UTC 2019
auto.tcl: Setting watchdog for 200 seconds at Wed May 08 04:14:02 UTC 2019
11 ms. Memory: 331264K Free: 303308K (92%)
ptolemy.util.test.WatchDog.cancel(): canceling Wed May 08 04:14:02 UTC 2019
------------------ testing $PTII/ptolemy/domains/de/test/auto/ModalModel.xml
auto.tcl: Setting watchdog for 200 seconds at Wed May 08 04:14:03 UTC 2019
219 ms. Memory: 331264K Free: 250387K (76%)
ptolemy.util.test.WatchDog.cancel(): canceling Wed May 08 04:14:03 UTC 2019
auto.tcl: Setting watchdog for 200 seconds at Wed May 08 04:14:03 UTC 2019
185 ms. Memory: 331264K Free: 188024K (57%)
ptolemy.util.test.WatchDog.cancel(): canceling Wed May 08 04:14:03 UTC 2019
------------------ testing $PTII/ptolemy/domains/de/test/auto/ModalSource.xml
auto.tcl: Setting watchdog for 200 seconds at Wed May 08 04:14:03 UTC 2019
6 ms. Memory: 331264K Free: 316855K (96%)
ptolemy.util.test.WatchDog.cancel(): canceling Wed May 08 04:14:03 UTC 2019
auto.tcl: Setting watchdog for 200 seconds at Wed May 08 04:14:03 UTC 2019
6 ms. Memory: 331264K Free: 313575K (95%)
ptolemy.util.test.WatchDog.cancel(): canceling Wed May 08 04:14:03 UTC 2019
------------------ testing $PTII/ptolemy/domains/de/test/auto/NonInterruptibleTimerZeroDelay.xml
auto.tcl: Setting watchdog for 200 seconds at Wed May 08 04:14:03 UTC 2019
3 ms. Memory: 331264K Free: 321225K (97%)
ptolemy.util.test.WatchDog.cancel(): canceling Wed May 08 04:14:03 UTC 2019
auto.tcl: Setting watchdog for 200 seconds at Wed May 08 04:14:03 UTC 2019
2 ms. Memory: 331264K Free: 317946K (96%)
ptolemy.util.test.WatchDog.cancel(): canceling Wed May 08 04:14:03 UTC 2019
------------------ testing $PTII/ptolemy/domains/de/test/auto/OpenQueueingNetwork.xml
auto.tcl: Setting watchdog for 200 seconds at Wed May 08 04:14:03 UTC 2019
2786 ms. Memory: 573952K Free: 406141K (71%)
ptolemy.util.test.WatchDog.cancel(): canceling Wed May 08 04:14:06 UTC 2019
auto.tcl: Setting watchdog for 200 seconds at Wed May 08 04:14:06 UTC 2019
2391 ms. Memory: 550912K Free: 307284K (56%)
ptolemy.util.test.WatchDog.cancel(): canceling Wed May 08 04:14:09 UTC 2019
------------------ testing $PTII/ptolemy/domains/de/test/auto/OpenQueuingNetwork.xml
auto.tcl: Setting watchdog for 200 seconds at Wed May 08 04:14:09 UTC 2019
222 ms. Memory: 549888K Free: 445571K (81%)
ptolemy.util.test.WatchDog.cancel(): canceling Wed May 08 04:14:09 UTC 2019
auto.tcl: Setting watchdog for 200 seconds at Wed May 08 04:14:09 UTC 2019
218 ms. Memory: 549888K Free: 386532K (70%)
ptolemy.util.test.WatchDog.cancel(): canceling Wed May 08 04:14:09 UTC 2019
------------------ testing $PTII/ptolemy/domains/de/test/auto/PeriodicSampler.xml
auto.tcl: Setting watchdog for 200 seconds at Wed May 08 04:14:09 UTC 2019
2 ms. Memory: 551936K Free: 531086K (96%)
ptolemy.util.test.WatchDog.cancel(): canceling Wed May 08 04:14:09 UTC 2019
auto.tcl: Setting watchdog for 200 seconds at Wed May 08 04:14:09 UTC 2019
2 ms. Memory: 551936K Free: 531086K (96%)
ptolemy.util.test.WatchDog.cancel(): canceling Wed May 08 04:14:09 UTC 2019
------------------ testing $PTII/ptolemy/domains/de/test/auto/PersistentIO.xml
auto.tcl: Setting watchdog for 200 seconds at Wed May 08 04:14:09 UTC 2019
5 ms. Memory: 549376K Free: 522566K (95%)
ptolemy.util.test.WatchDog.cancel(): canceling Wed May 08 04:14:09 UTC 2019
auto.tcl: Setting watchdog for 200 seconds at Wed May 08 04:14:09 UTC 2019
4 ms. Memory: 549376K Free: 522566K (95%)
ptolemy.util.test.WatchDog.cancel(): canceling Wed May 08 04:14:09 UTC 2019
------------------ testing $PTII/ptolemy/domains/de/test/auto/PortParameterResetOnInitialize.xml
auto.tcl: Setting watchdog for 200 seconds at Wed May 08 04:14:09 UTC 2019
2 ms. Memory: 551424K Free: 531035K (96%)
ptolemy.util.test.WatchDog.cancel(): canceling Wed May 08 04:14:09 UTC 2019
auto.tcl: Setting watchdog for 200 seconds at Wed May 08 04:14:09 UTC 2019
1 ms. Memory: 551424K Free: 531035K (96%)
ptolemy.util.test.WatchDog.cancel(): canceling Wed May 08 04:14:09 UTC 2019
------------------ testing $PTII/ptolemy/domains/de/test/auto/PortParameterUpdates.xml
auto.tcl: Setting watchdog for 200 seconds at Wed May 08 04:14:09 UTC 2019
7 ms. Memory: 549376K Free: 529121K (96%)
ptolemy.util.test.WatchDog.cancel(): canceling Wed May 08 04:14:09 UTC 2019
auto.tcl: Setting watchdog for 200 seconds at Wed May 08 04:14:09 UTC 2019
3 ms. Memory: 549376K Free: 529121K (96%)
ptolemy.util.test.WatchDog.cancel(): canceling Wed May 08 04:14:09 UTC 2019
------------------ testing $PTII/ptolemy/domains/de/test/auto/QueueAndServer.xml
auto.tcl: Setting watchdog for 200 seconds at Wed May 08 04:14:09 UTC 2019
5 ms. Memory: 551424K Free: 530589K (96%)
ptolemy.util.test.WatchDog.cancel(): canceling Wed May 08 04:14:09 UTC 2019
auto.tcl: Setting watchdog for 200 seconds at Wed May 08 04:14:09 UTC 2019
6 ms. Memory: 551424K Free: 524013K (95%)
ptolemy.util.test.WatchDog.cancel(): canceling Wed May 08 04:14:09 UTC 2019
------------------ testing $PTII/ptolemy/domains/de/test/auto/Records.xml
auto.tcl: Setting watchdog for 200 seconds at Wed May 08 04:14:09 UTC 2019
5 ms. Memory: 549376K Free: 533164K (97%)
ptolemy.util.test.WatchDog.cancel(): canceling Wed May 08 04:14:09 UTC 2019
auto.tcl: Setting watchdog for 200 seconds at Wed May 08 04:14:09 UTC 2019
2 ms. Memory: 549376K Free: 533164K (97%)
ptolemy.util.test.WatchDog.cancel(): canceling Wed May 08 04:14:09 UTC 2019
------------------ testing $PTII/ptolemy/domains/de/test/auto/ResetTransitionWithStartTime1.xml
auto.tcl: Setting watchdog for 200 seconds at Wed May 08 04:14:10 UTC 2019
11 ms. Memory: 551424K Free: 535780K (97%)
ptolemy.util.test.WatchDog.cancel(): canceling Wed May 08 04:14:10 UTC 2019
auto.tcl: Setting watchdog for 200 seconds at Wed May 08 04:14:10 UTC 2019
8 ms. Memory: 551424K Free: 528669K (96%)
ptolemy.util.test.WatchDog.cancel(): canceling Wed May 08 04:14:10 UTC 2019
------------------ testing $PTII/ptolemy/domains/de/test/auto/ResetTransitionWithStartTime2.xml
auto.tcl: Setting watchdog for 200 seconds at Wed May 08 04:14:10 UTC 2019
5 ms. Memory: 549376K Free: 533723K (97%)
ptolemy.util.test.WatchDog.cancel(): canceling Wed May 08 04:14:10 UTC 2019
auto.tcl: Setting watchdog for 200 seconds at Wed May 08 04:14:10 UTC 2019
7 ms. Memory: 549376K Free: 527163K (96%)
ptolemy.util.test.WatchDog.cancel(): canceling Wed May 08 04:14:10 UTC 2019
------------------ testing $PTII/ptolemy/domains/de/test/auto/ResetTransitionWithStartTime3.xml
auto.tcl: Setting watchdog for 200 seconds at Wed May 08 04:14:10 UTC 2019
6 ms. Memory: 550912K Free: 534715K (97%)
ptolemy.util.test.WatchDog.cancel(): canceling Wed May 08 04:14:10 UTC 2019
auto.tcl: Setting watchdog for 200 seconds at Wed May 08 04:14:10 UTC 2019
5 ms. Memory: 550912K Free: 528155K (96%)
ptolemy.util.test.WatchDog.cancel(): canceling Wed May 08 04:14:10 UTC 2019
------------------ testing $PTII/ptolemy/domains/de/test/auto/ResetTransitionWithStartTime4.xml
auto.tcl: Setting watchdog for 200 seconds at Wed May 08 04:14:10 UTC 2019
5 ms. Memory: 549376K Free: 533178K (97%)
ptolemy.util.test.WatchDog.cancel(): canceling Wed May 08 04:14:10 UTC 2019
auto.tcl: Setting watchdog for 200 seconds at Wed May 08 04:14:10 UTC 2019
3 ms. Memory: 549376K Free: 526602K (96%)
ptolemy.util.test.WatchDog.cancel(): canceling Wed May 08 04:14:10 UTC 2019
------------------ testing $PTII/ptolemy/domains/de/test/auto/ResettableTimer1.xml
auto.tcl: Setting watchdog for 200 seconds at Wed May 08 04:14:10 UTC 2019
3 ms. Memory: 550912K Free: 534709K (97%)
ptolemy.util.test.WatchDog.cancel(): canceling Wed May 08 04:14:10 UTC 2019
auto.tcl: Setting watchdog for 200 seconds at Wed May 08 04:14:10 UTC 2019
2 ms. Memory: 550912K Free: 534709K (97%)
ptolemy.util.test.WatchDog.cancel(): canceling Wed May 08 04:14:10 UTC 2019
------------------ testing $PTII/ptolemy/domains/de/test/auto/ResettableTimer2.xml
auto.tcl: Setting watchdog for 200 seconds at Wed May 08 04:14:10 UTC 2019
3 ms. Memory: 549376K Free: 533775K (97%)
ptolemy.util.test.WatchDog.cancel(): canceling Wed May 08 04:14:10 UTC 2019
auto.tcl: Setting watchdog for 200 seconds at Wed May 08 04:14:10 UTC 2019
2 ms. Memory: 549376K Free: 533775K (97%)
ptolemy.util.test.WatchDog.cancel(): canceling Wed May 08 04:14:10 UTC 2019
------------------ testing $PTII/ptolemy/domains/de/test/auto/ResettableTimer3.xml
auto.tcl: Setting watchdog for 200 seconds at Wed May 08 04:14:10 UTC 2019
1 ms. Memory: 550912K Free: 534767K (97%)
ptolemy.util.test.WatchDog.cancel(): canceling Wed May 08 04:14:10 UTC 2019
auto.tcl: Setting watchdog for 200 seconds at Wed May 08 04:14:10 UTC 2019
2 ms. Memory: 550912K Free: 534767K (97%)
ptolemy.util.test.WatchDog.cancel(): canceling Wed May 08 04:14:10 UTC 2019
------------------ testing $PTII/ptolemy/domains/de/test/auto/ResettableTimer4.xml
auto.tcl: Setting watchdog for 200 seconds at Wed May 08 04:14:10 UTC 2019
1 ms. Memory: 549376K Free: 533787K (97%)
ptolemy.util.test.WatchDog.cancel(): canceling Wed May 08 04:14:10 UTC 2019
auto.tcl: Setting watchdog for 200 seconds at Wed May 08 04:14:10 UTC 2019
1 ms. Memory: 549376K Free: 533787K (97%)
ptolemy.util.test.WatchDog.cancel(): canceling Wed May 08 04:14:10 UTC 2019
------------------ testing $PTII/ptolemy/domains/de/test/auto/ResettableTimer5.xml
auto.tcl: Setting watchdog for 200 seconds at Wed May 08 04:14:10 UTC 2019
1 ms. Memory: 550400K Free: 530129K (96%)
ptolemy.util.test.WatchDog.cancel(): canceling Wed May 08 04:14:10 UTC 2019
auto.tcl: Setting watchdog for 200 seconds at Wed May 08 04:14:10 UTC 2019
2 ms. Memory: 550400K Free: 530129K (96%)
ptolemy.util.test.WatchDog.cancel(): canceling Wed May 08 04:14:10 UTC 2019
------------------ testing $PTII/ptolemy/domains/de/test/auto/ResettableTimer6.xml
auto.tcl: Setting watchdog for 200 seconds at Wed May 08 04:14:10 UTC 2019
4 ms. Memory: 549376K Free: 528511K (96%)
ptolemy.util.test.WatchDog.cancel(): canceling Wed May 08 04:14:10 UTC 2019
auto.tcl: Setting watchdog for 200 seconds at Wed May 08 04:14:10 UTC 2019
2 ms. Memory: 549376K Free: 528511K (96%)
ptolemy.util.test.WatchDog.cancel(): canceling Wed May 08 04:14:10 UTC 2019
------------------ testing $PTII/ptolemy/domains/de/test/auto/ServerZeroDelay.xml
auto.tcl: Setting watchdog for 200 seconds at Wed May 08 04:14:10 UTC 2019
2 ms. Memory: 550400K Free: 534748K (97%)
ptolemy.util.test.WatchDog.cancel(): canceling Wed May 08 04:14:10 UTC 2019
auto.tcl: Setting watchdog for 200 seconds at Wed May 08 04:14:10 UTC 2019
2 ms. Memory: 550400K Free: 534748K (97%)
ptolemy.util.test.WatchDog.cancel(): canceling Wed May 08 04:14:10 UTC 2019
------------------ testing $PTII/ptolemy/domains/de/test/auto/SmartSender.xml
auto.tcl: Setting watchdog for 200 seconds at Wed May 08 04:14:10 UTC 2019
3001 ms. Memory: 549376K Free: 529040K (96%)
ptolemy.util.test.WatchDog.cancel(): canceling Wed May 08 04:14:13 UTC 2019
auto.tcl: Setting watchdog for 200 seconds at Wed May 08 04:14:13 UTC 2019
3001 ms. Memory: 549376K Free: 529040K (96%)
ptolemy.util.test.WatchDog.cancel(): canceling Wed May 08 04:14:16 UTC 2019
------------------ testing $PTII/ptolemy/domains/de/test/auto/ThreadedComposite.xml
auto.tcl: Setting watchdog for 200 seconds at Wed May 08 04:14:16 UTC 2019
152 ms. Memory: 550400K Free: 513615K (93%)
ptolemy.util.test.WatchDog.cancel(): canceling Wed May 08 04:14:17 UTC 2019
auto.tcl: Setting watchdog for 200 seconds at Wed May 08 04:14:17 UTC 2019
106 ms. Memory: 550400K Free: 497695K (90%)
ptolemy.util.test.WatchDog.cancel(): canceling Wed May 08 04:14:17 UTC 2019
------------------ testing $PTII/ptolemy/domains/de/test/auto/Time.xml
auto.tcl: Setting watchdog for 200 seconds at Wed May 08 04:14:17 UTC 2019
465 ms. Memory: 549376K Free: 481425K (88%)
ptolemy.util.test.WatchDog.cancel(): canceling Wed May 08 04:14:17 UTC 2019
auto.tcl: Setting watchdog for 200 seconds at Wed May 08 04:14:17 UTC 2019
433 ms. Memory: 549376K Free: 422386K (77%)
ptolemy.util.test.WatchDog.cancel(): canceling Wed May 08 04:14:18 UTC 2019
------------------ testing $PTII/ptolemy/domains/de/test/auto/TimeDelayZeroDelay.xml
auto.tcl: Setting watchdog for 200 seconds at Wed May 08 04:14:18 UTC 2019
2 ms. Memory: 550400K Free: 534123K (97%)
ptolemy.util.test.WatchDog.cancel(): canceling Wed May 08 04:14:18 UTC 2019
auto.tcl: Setting watchdog for 200 seconds at Wed May 08 04:14:18 UTC 2019
2 ms. Memory: 550400K Free: 534123K (97%)
ptolemy.util.test.WatchDog.cancel(): canceling Wed May 08 04:14:18 UTC 2019
------------------ testing $PTII/ptolemy/domains/de/test/auto/TimerZeroDelay.xml
auto.tcl: Setting watchdog for 200 seconds at Wed May 08 04:14:18 UTC 2019
2 ms. Memory: 549376K Free: 533686K (97%)
ptolemy.util.test.WatchDog.cancel(): canceling Wed May 08 04:14:18 UTC 2019
auto.tcl: Setting watchdog for 200 seconds at Wed May 08 04:14:18 UTC 2019
2 ms. Memory: 549376K Free: 533686K (97%)
ptolemy.util.test.WatchDog.cancel(): canceling Wed May 08 04:14:18 UTC 2019
------------------ testing $PTII/ptolemy/domains/de/test/auto/TimingParadox.xml
auto.tcl: Setting watchdog for 200 seconds at Wed May 08 04:14:18 UTC 2019
329 ms. Memory: 549888K Free: 463362K (84%)
ptolemy.util.test.WatchDog.cancel(): canceling Wed May 08 04:14:18 UTC 2019
auto.tcl: Setting watchdog for 200 seconds at Wed May 08 04:14:18 UTC 2019
332 ms. Memory: 549888K Free: 430562K (78%)
ptolemy.util.test.WatchDog.cancel(): canceling Wed May 08 04:14:19 UTC 2019
------------------ testing $PTII/ptolemy/domains/de/test/auto/TransferInputs.xml
auto.tcl: Setting watchdog for 200 seconds at Wed May 08 04:14:19 UTC 2019
2 ms. Memory: 549888K Free: 533159K (97%)
ptolemy.util.test.WatchDog.cancel(): canceling Wed May 08 04:14:19 UTC 2019
auto.tcl: Setting watchdog for 200 seconds at Wed May 08 04:14:19 UTC 2019
1 ms. Memory: 549888K Free: 533159K (97%)
ptolemy.util.test.WatchDog.cancel(): canceling Wed May 08 04:14:19 UTC 2019
------------------ testing $PTII/ptolemy/domains/de/test/auto/TransferOutputs2.xml
auto.tcl: Setting watchdog for 200 seconds at Wed May 08 04:14:19 UTC 2019
3 ms. Memory: 549376K Free: 522493K (95%)
ptolemy.util.test.WatchDog.cancel(): canceling Wed May 08 04:14:19 UTC 2019
auto.tcl: Setting watchdog for 200 seconds at Wed May 08 04:14:19 UTC 2019
4 ms. Memory: 549376K Free: 522493K (95%)
ptolemy.util.test.WatchDog.cancel(): canceling Wed May 08 04:14:19 UTC 2019
------------------ testing $PTII/ptolemy/domains/de/test/auto/Trilateration.xml
auto.tcl: Setting watchdog for 200 seconds at Wed May 08 04:14:19 UTC 2019
13347 ms. Memory: 453632K Free: 96037K (21%)
ptolemy.util.test.WatchDog.cancel(): canceling Wed May 08 04:14:33 UTC 2019
auto.tcl: Setting watchdog for 200 seconds at Wed May 08 04:14:33 UTC 2019
10033 ms. Memory: 331264K Free: 202044K (61%)
ptolemy.util.test.WatchDog.cancel(): canceling Wed May 08 04:14:43 UTC 2019
------------------ testing $PTII/ptolemy/domains/de/test/auto/TwoSigmaDelta.xml
auto.tcl: Setting watchdog for 200 seconds at Wed May 08 04:14:43 UTC 2019
2756 ms. Memory: 320000K Free: 262502K (82%)
ptolemy.util.test.WatchDog.cancel(): canceling Wed May 08 04:14:46 UTC 2019
auto.tcl: Setting watchdog for 200 seconds at Wed May 08 04:14:46 UTC 2019
1951 ms. Memory: 307712K Free: 257880K (84%)
ptolemy.util.test.WatchDog.cancel(): canceling Wed May 08 04:14:48 UTC 2019
------------------ testing $PTII/ptolemy/domains/de/test/auto/VariableDelay.xml
auto.tcl: Setting watchdog for 200 seconds at Wed May 08 04:14:48 UTC 2019
3 ms. Memory: 309760K Free: 293711K (95%)
ptolemy.util.test.WatchDog.cancel(): canceling Wed May 08 04:14:48 UTC 2019
auto.tcl: Setting watchdog for 200 seconds at Wed May 08 04:14:48 UTC 2019
1 ms. Memory: 309760K Free: 293711K (95%)
ptolemy.util.test.WatchDog.cancel(): canceling Wed May 08 04:14:48 UTC 2019
------------------ testing $PTII/ptolemy/domains/de/test/auto/VariableDelay2.xml
auto.tcl: Setting watchdog for 200 seconds at Wed May 08 04:14:48 UTC 2019
7 ms. Memory: 307712K Free: 294352K (96%)
ptolemy.util.test.WatchDog.cancel(): canceling Wed May 08 04:14:48 UTC 2019
auto.tcl: Setting watchdog for 200 seconds at Wed May 08 04:14:48 UTC 2019
1 ms. Memory: 307712K Free: 294352K (96%)
ptolemy.util.test.WatchDog.cancel(): canceling Wed May 08 04:14:48 UTC 2019
------------------ testing $PTII/ptolemy/domains/de/test/auto/VariableDelayZeroDelay.xml
auto.tcl: Setting watchdog for 200 seconds at Wed May 08 04:14:48 UTC 2019
2 ms. Memory: 309248K Free: 296920K (96%)
ptolemy.util.test.WatchDog.cancel(): canceling Wed May 08 04:14:48 UTC 2019
auto.tcl: Setting watchdog for 200 seconds at Wed May 08 04:14:48 UTC 2019
2 ms. Memory: 309248K Free: 293623K (95%)
ptolemy.util.test.WatchDog.cancel(): canceling Wed May 08 04:14:48 UTC 2019
------------------ testing $PTII/ptolemy/domains/de/test/auto/VariableDelayZeroDelay2.xml
auto.tcl: Setting watchdog for 200 seconds at Wed May 08 04:14:48 UTC 2019
2 ms. Memory: 307712K Free: 295382K (96%)
ptolemy.util.test.WatchDog.cancel(): canceling Wed May 08 04:14:48 UTC 2019
auto.tcl: Setting watchdog for 200 seconds at Wed May 08 04:14:48 UTC 2019
2 ms. Memory: 307712K Free: 292101K (95%)
ptolemy.util.test.WatchDog.cancel(): canceling Wed May 08 04:14:48 UTC 2019
------------------ testing $PTII/ptolemy/domains/de/test/auto/deInCt.xml
auto.tcl: Setting watchdog for 200 seconds at Wed May 08 04:14:48 UTC 2019
0
1
1
1
0
0
0
0
0
1
1
1
1
0
0
0
0
0
0
1
1
1
1
1
0
0
0
0
9 ms. Memory: 309248K Free: 293619K (95%)
ptolemy.util.test.WatchDog.cancel(): canceling Wed May 08 04:14:48 UTC 2019
auto.tcl: Setting watchdog for 200 seconds at Wed May 08 04:14:48 UTC 2019
0
1
1
1
1
0
0
0
1
1
1
1
0
0
0
1
1
1
1
1
0
0
0
1
1
1
0
0
0
0
1
1
1
1
1
8 ms. Memory: 309248K Free: 293619K (95%)
ptolemy.util.test.WatchDog.cancel(): canceling Wed May 08 04:14:48 UTC 2019
------------------ testing $PTII/ptolemy/domains/de/test/auto/deInCt2.xml
auto.tcl: Setting watchdog for 200 seconds at Wed May 08 04:14:48 UTC 2019
0
1
1
1
0
0
1
1
1
0
0
1
1
1
0
0
1
1
1
0
0
1
1
1
0
0
1
1
1
0
0
1
1
1
0
0
1
1
1
0
0
0
14 ms. Memory: 307712K Free: 292062K (95%)
ptolemy.util.test.WatchDog.cancel(): canceling Wed May 08 04:14:48 UTC 2019
auto.tcl: Setting watchdog for 200 seconds at Wed May 08 04:14:48 UTC 2019
0
1
1
1
0
0
1
1
1
0
0
1
1
1
0
0
1
1
1
0
0
1
1
1
0
0
1
1
1
0
0
1
1
1
0
0
1
1
1
0
0
0
5 ms. Memory: 307712K Free: 292062K (95%)
ptolemy.util.test.WatchDog.cancel(): canceling Wed May 08 04:14:48 UTC 2019
------------------ testing $PTII/ptolemy/domains/de/test/auto/dynamicCausalityInterface1.xml
auto.tcl: Setting watchdog for 200 seconds at Wed May 08 04:14:48 UTC 2019
1 ms. Memory: 308736K Free: 289819K (94%)
ptolemy.util.test.WatchDog.cancel(): canceling Wed May 08 04:14:48 UTC 2019
auto.tcl: Setting watchdog for 200 seconds at Wed May 08 04:14:49 UTC 2019
1 ms. Memory: 308736K Free: 289819K (94%)
ptolemy.util.test.WatchDog.cancel(): canceling Wed May 08 04:14:49 UTC 2019
------------------ testing $PTII/ptolemy/domains/de/test/auto/fsm_de_test.xml
auto.tcl: Setting watchdog for 200 seconds at Wed May 08 04:14:49 UTC 2019
9 ms. Memory: 307712K Free: 288689K (94%)
ptolemy.util.test.WatchDog.cancel(): canceling Wed May 08 04:14:49 UTC 2019
auto.tcl: Setting watchdog for 200 seconds at Wed May 08 04:14:49 UTC 2019
4 ms. Memory: 307712K Free: 288689K (94%)
ptolemy.util.test.WatchDog.cancel(): canceling Wed May 08 04:14:49 UTC 2019
------------------ testing $PTII/ptolemy/domains/de/test/auto/functionDependencyReconstruction.xml
auto.tcl: Setting watchdog for 200 seconds at Wed May 08 04:14:49 UTC 2019
2 ms. Memory: 308736K Free: 283118K (92%)
ptolemy.util.test.WatchDog.cancel(): canceling Wed May 08 04:14:49 UTC 2019
auto.tcl: Setting watchdog for 200 seconds at Wed May 08 04:14:49 UTC 2019
2 ms. Memory: 308736K Free: 283118K (92%)
ptolemy.util.test.WatchDog.cancel(): canceling Wed May 08 04:14:49 UTC 2019
------------------ testing $PTII/ptolemy/domains/de/test/auto/multirate.xml
auto.tcl: Setting watchdog for 200 seconds at Wed May 08 04:14:49 UTC 2019
3 ms. Memory: 307712K Free: 291816K (95%)
ptolemy.util.test.WatchDog.cancel(): canceling Wed May 08 04:14:49 UTC 2019
auto.tcl: Setting watchdog for 200 seconds at Wed May 08 04:14:49 UTC 2019
2 ms. Memory: 307712K Free: 288519K (94%)
ptolemy.util.test.WatchDog.cancel(): canceling Wed May 08 04:14:49 UTC 2019
------------------ testing $PTII/ptolemy/domains/de/test/auto/multirate2.xml
auto.tcl: Setting watchdog for 200 seconds at Wed May 08 04:14:49 UTC 2019
3 ms. Memory: 308736K Free: 295327K (96%)
ptolemy.util.test.WatchDog.cancel(): canceling Wed May 08 04:14:49 UTC 2019
auto.tcl: Setting watchdog for 200 seconds at Wed May 08 04:14:49 UTC 2019
3 ms. Memory: 308736K Free: 292046K (95%)
ptolemy.util.test.WatchDog.cancel(): canceling Wed May 08 04:14:49 UTC 2019
------------------ testing $PTII/ptolemy/domains/de/test/auto/realtime.xml
auto.tcl: Setting watchdog for 200 seconds at Wed May 08 04:14:49 UTC 2019
10001 ms. Memory: 307712K Free: 292010K (95%)
ptolemy.util.test.WatchDog.cancel(): canceling Wed May 08 04:14:59 UTC 2019
auto.tcl: Setting watchdog for 200 seconds at Wed May 08 04:14:59 UTC 2019
10002 ms. Memory: 307712K Free: 292010K (95%)
ptolemy.util.test.WatchDog.cancel(): canceling Wed May 08 04:15:09 UTC 2019
------------------ testing $PTII/ptolemy/domains/de/test/auto/relationGroup.xml
auto.tcl: Setting watchdog for 200 seconds at Wed May 08 04:15:09 UTC 2019
5 ms. Memory: 308224K Free: 298119K (97%)
ptolemy.util.test.WatchDog.cancel(): canceling Wed May 08 04:15:09 UTC 2019
auto.tcl: Setting watchdog for 200 seconds at Wed May 08 04:15:09 UTC 2019
1 ms. Memory: 308224K Free: 298119K (97%)
ptolemy.util.test.WatchDog.cancel(): canceling Wed May 08 04:15:09 UTC 2019
------------------ testing $PTII/ptolemy/domains/de/test/auto/relationGroup2.xml
auto.tcl: Setting watchdog for 200 seconds at Wed May 08 04:15:09 UTC 2019
1 ms. Memory: 307712K Free: 295371K (96%)
ptolemy.util.test.WatchDog.cancel(): canceling Wed May 08 04:15:09 UTC 2019
auto.tcl: Setting watchdog for 200 seconds at Wed May 08 04:15:09 UTC 2019
1 ms. Memory: 307712K Free: 295371K (96%)
ptolemy.util.test.WatchDog.cancel(): canceling Wed May 08 04:15:09 UTC 2019
------------------ testing $PTII/ptolemy/domains/de/test/auto/sortWithOpaquePorts.xml
auto.tcl: Setting watchdog for 200 seconds at Wed May 08 04:15:09 UTC 2019
1 ms. Memory: 308224K Free: 292601K (95%)
ptolemy.util.test.WatchDog.cancel(): canceling Wed May 08 04:15:09 UTC 2019
auto.tcl: Setting watchdog for 200 seconds at Wed May 08 04:15:09 UTC 2019
2 ms. Memory: 308224K Free: 292601K (95%)
ptolemy.util.test.WatchDog.cancel(): canceling Wed May 08 04:15:09 UTC 2019
------------------ testing $PTII/ptolemy/domains/de/test/auto/transferInputsandOutputs.xml
auto.tcl: Setting watchdog for 200 seconds at Wed May 08 04:15:09 UTC 2019
3 ms. Memory: 307712K Free: 292062K (95%)
ptolemy.util.test.WatchDog.cancel(): canceling Wed May 08 04:15:09 UTC 2019
auto.tcl: Setting watchdog for 200 seconds at Wed May 08 04:15:09 UTC 2019
2 ms. Memory: 307712K Free: 288765K (94%)
ptolemy.util.test.WatchDog.cancel(): canceling Wed May 08 04:15:09 UTC 2019
------------------ testing $PTII/ptolemy/domains/de/test/auto/triggerType.xml
auto.tcl: Setting watchdog for 200 seconds at Wed May 08 04:15:09 UTC 2019
2 ms. Memory: 308224K Free: 295821K (96%)
ptolemy.util.test.WatchDog.cancel(): canceling Wed May 08 04:15:09 UTC 2019
auto.tcl: Setting watchdog for 200 seconds at Wed May 08 04:15:09 UTC 2019
1 ms. Memory: 308224K Free: 292532K (95%)
ptolemy.util.test.WatchDog.cancel(): canceling Wed May 08 04:15:09 UTC 2019
05/08/19 04:15:09
Failed: 0  Total Tests: 192  ((Passed: 187, Newly Passed: 1)  Known Failed: 5) /home/travis/build/icyphy/ptII/ptolemy/domains/de/test
05/08/19 04:15:09
Failed: 0  Total Tests: 192  ((Passed: 187, Newly Passed: 1)  Known Failed: 5) /home/travis/build/icyphy/ptII/ptolemy/domains/de/test
----------------- testing (KnownFailure) /home/travis/build/icyphy/ptII/ptolemy/domains/de/test/auto/knownFailedTests/DESDFClockTest.xml
2011 ms. Memory: 307712K Free: 286274K (93%)
Known Failure: java.lang.reflect.InvocationTargetException
----------------- testing (KnownFailure) /home/travis/build/icyphy/ptII/ptolemy/domains/de/test/auto/knownFailedTests/DirectFeedback.xml
1 ms. Memory: 307712K Free: 268169K (87%)
Known Failure: java.lang.reflect.InvocationTargetException
----------------- testing (KnownFailure) /home/travis/build/icyphy/ptII/ptolemy/domains/de/test/auto/knownFailedTests/FSMSource.xml
9 ms. Memory: 307712K Free: 245531K (80%)
----------------- testing (KnownFailure) /home/travis/build/icyphy/ptII/ptolemy/domains/de/test/auto/knownFailedTests/HierarchicalModel.xml
2 ms. Memory: 307712K Free: 222884K (72%)
Known Failure: java.lang.reflect.InvocationTargetException
----------------- testing (KnownFailure) /home/travis/build/icyphy/ptII/ptolemy/domains/de/test/auto/knownFailedTests/dependencyLoop.xml
2 ms. Memory: 307712K Free: 191177K (62%)
Known Failure: java.lang.reflect.InvocationTargetException
----------------- testing (KnownFailure) /home/travis/build/icyphy/ptII/ptolemy/domains/de/test/auto/knownFailedTests/dependencyLoop2.xml
6 ms. Memory: 307712K Free: 159478K (52%)
Known Failure: java.lang.reflect.InvocationTargetException
No auto/linux-amd64/*.xml tests in /home/travis/build/icyphy/ptII/ptolemy/domains/de/test
AutoTests.java: About to close Vertx.
AutoTests.java: Vertx closed.

===========================================================================================
----------------- testing Wed May 08 04:15:11 UTC 2019 /home/travis/build/icyphy/ptII/ptolemy/domains/de/test/auto/ActorDepthCalculation_actorWithoutPorts.xml
----------------- Instantiating /home/travis/build/icyphy/ptII/ptolemy/domains/de/test/auto/ActorDepthCalculation_actorWithoutPorts.xml
2 ms. Memory: 307712K Free: 136847K (44%)
----------------- Invoking toplevel() on ptolemy.moml.MoMLSimpleApplication@fbb3ea4
----------------- Done invoking toplevel() on ptolemy.moml.MoMLSimpleApplication@fbb3ea4
reloadAllAccessors: .ActorDepthCalculation_actorWithoutPorts

===========================================================================================
----------------- testing Wed May 08 04:15:11 UTC 2019 /home/travis/build/icyphy/ptII/ptolemy/domains/de/test/auto/AssemblyLine.xml
----------------- Instantiating /home/travis/build/icyphy/ptII/ptolemy/domains/de/test/auto/AssemblyLine.xml
2 ms. Memory: 307712K Free: 123269K (40%)
----------------- Invoking toplevel() on ptolemy.moml.MoMLSimpleApplication@3e5483d7
----------------- Done invoking toplevel() on ptolemy.moml.MoMLSimpleApplication@3e5483d7
reloadAllAccessors: .AssemblyLine

===========================================================================================
----------------- testing Wed May 08 04:15:11 UTC 2019 /home/travis/build/icyphy/ptII/ptolemy/domains/de/test/auto/CQBug1.xml
----------------- Instantiating /home/travis/build/icyphy/ptII/ptolemy/domains/de/test/auto/CQBug1.xml
1 ms. Memory: 307712K Free: 114217K (37%)
----------------- Invoking toplevel() on ptolemy.moml.MoMLSimpleApplication@3f395c57
----------------- Done invoking toplevel() on ptolemy.moml.MoMLSimpleApplication@3f395c57
reloadAllAccessors: .CQBug1

===========================================================================================
----------------- testing Wed May 08 04:15:11 UTC 2019 /home/travis/build/icyphy/ptII/ptolemy/domains/de/test/auto/CancelFireAt.xml
----------------- Instantiating /home/travis/build/icyphy/ptII/ptolemy/domains/de/test/auto/CancelFireAt.xml
2 ms. Memory: 307712K Free: 105165K (34%)
----------------- Invoking toplevel() on ptolemy.moml.MoMLSimpleApplication@1fd8d774
----------------- Done invoking toplevel() on ptolemy.moml.MoMLSimpleApplication@1fd8d774
reloadAllAccessors: .CancelFireAt

===========================================================================================
----------------- testing Wed May 08 04:15:11 UTC 2019 /home/travis/build/icyphy/ptII/ptolemy/domains/de/test/auto/CausalityAndComposabilityAnalysis.xml
----------------- Instantiating /home/travis/build/icyphy/ptII/ptolemy/domains/de/test/auto/CausalityAndComposabilityAnalysis.xml
1 ms. Memory: 307712K Free: 96112K (31%)
----------------- Invoking toplevel() on ptolemy.moml.MoMLSimpleApplication@188beded
----------------- Done invoking toplevel() on ptolemy.moml.MoMLSimpleApplication@188beded
reloadAllAccessors: .CausalityAndComposabilityAnalysis

===========================================================================================
----------------- testing Wed May 08 04:15:11 UTC 2019 /home/travis/build/icyphy/ptII/ptolemy/domains/de/test/auto/CausalityInterface1.xml
----------------- Instantiating /home/travis/build/icyphy/ptII/ptolemy/domains/de/test/auto/CausalityInterface1.xml
5 ms. Memory: 307712K Free: 83779K (27%)
----------------- Invoking toplevel() on ptolemy.moml.MoMLSimpleApplication@668c885
----------------- Done invoking toplevel() on ptolemy.moml.MoMLSimpleApplication@668c885
reloadAllAccessors: .CausalityInterface1

===========================================================================================
----------------- testing Wed May 08 04:15:11 UTC 2019 /home/travis/build/icyphy/ptII/ptolemy/domains/de/test/auto/CausalityInterface15.xml
----------------- Instantiating /home/travis/build/icyphy/ptII/ptolemy/domains/de/test/auto/CausalityInterface15.xml
6 ms. Memory: 298496K Free: 289300K (97%)
----------------- Invoking toplevel() on ptolemy.moml.MoMLSimpleApplication@4a04409b
----------------- Done invoking toplevel() on ptolemy.moml.MoMLSimpleApplication@4a04409b
reloadAllAccessors: .CausalityInterface15

===========================================================================================
----------------- testing Wed May 08 04:15:12 UTC 2019 /home/travis/build/icyphy/ptII/ptolemy/domains/de/test/auto/CausalityInterface2.xml
----------------- Instantiating /home/travis/build/icyphy/ptII/ptolemy/domains/de/test/auto/CausalityInterface2.xml
2 ms. Memory: 298496K Free: 278523K (93%)
----------------- Invoking toplevel() on ptolemy.moml.MoMLSimpleApplication@6881d21a
----------------- Done invoking toplevel() on ptolemy.moml.MoMLSimpleApplication@6881d21a
reloadAllAccessors: .CausalityInterface2

===========================================================================================
----------------- testing Wed May 08 04:15:12 UTC 2019 /home/travis/build/icyphy/ptII/ptolemy/domains/de/test/auto/CausalityInterface3.xml
----------------- Instantiating /home/travis/build/icyphy/ptII/ptolemy/domains/de/test/auto/CausalityInterface3.xml
2 ms. Memory: 298496K Free: 272026K (91%)
----------------- Invoking toplevel() on ptolemy.moml.MoMLSimpleApplication@18ff84e8
----------------- Done invoking toplevel() on ptolemy.moml.MoMLSimpleApplication@18ff84e8
reloadAllAccessors: .CausalityInterface3

===========================================================================================
----------------- testing Wed May 08 04:15:12 UTC 2019 /home/travis/build/icyphy/ptII/ptolemy/domains/de/test/auto/ClockDrift.xml
----------------- Instantiating /home/travis/build/icyphy/ptII/ptolemy/domains/de/test/auto/ClockDrift.xml
11 ms. Memory: 298496K Free: 256821K (86%)
----------------- Invoking toplevel() on ptolemy.moml.MoMLSimpleApplication@2e9e609a
----------------- Done invoking toplevel() on ptolemy.moml.MoMLSimpleApplication@2e9e609a
reloadAllAccessors: .ClockDrift

===========================================================================================
----------------- testing Wed May 08 04:15:12 UTC 2019 /home/travis/build/icyphy/ptII/ptolemy/domains/de/test/auto/ClockDriftAndValueChange.xml
----------------- Instantiating /home/travis/build/icyphy/ptII/ptolemy/domains/de/test/auto/ClockDriftAndValueChange.xml
11 ms. Memory: 298496K Free: 241612K (81%)
----------------- Invoking toplevel() on ptolemy.moml.MoMLSimpleApplication@36adcef7
----------------- Done invoking toplevel() on ptolemy.moml.MoMLSimpleApplication@36adcef7
reloadAllAccessors: .ClockDriftAndValueChange

===========================================================================================
----------------- testing Wed May 08 04:15:12 UTC 2019 /home/travis/build/icyphy/ptII/ptolemy/domains/de/test/auto/ClockDriftChange.xml
----------------- Instantiating /home/travis/build/icyphy/ptII/ptolemy/domains/de/test/auto/ClockDriftChange.xml
9 ms. Memory: 298496K Free: 226538K (76%)
----------------- Invoking toplevel() on ptolemy.moml.MoMLSimpleApplication@24f53ecf
----------------- Done invoking toplevel() on ptolemy.moml.MoMLSimpleApplication@24f53ecf
reloadAllAccessors: .ClockDriftChange

===========================================================================================
----------------- testing Wed May 08 04:15:12 UTC 2019 /home/travis/build/icyphy/ptII/ptolemy/domains/de/test/auto/ComposableCausalityAnalysis.xml
----------------- Instantiating /home/travis/build/icyphy/ptII/ptolemy/domains/de/test/auto/ComposableCausalityAnalysis.xml
1 ms. Memory: 298496K Free: 217843K (73%)
----------------- Invoking toplevel() on ptolemy.moml.MoMLSimpleApplication@e0a708e
----------------- Done invoking toplevel() on ptolemy.moml.MoMLSimpleApplication@e0a708e
reloadAllAccessors: .ComposableCausalityAnalysis

===========================================================================================
----------------- testing Wed May 08 04:15:12 UTC 2019 /home/travis/build/icyphy/ptII/ptolemy/domains/de/test/auto/DEFixedPointLimitation.xml
----------------- Instantiating /home/travis/build/icyphy/ptII/ptolemy/domains/de/test/auto/DEFixedPointLimitation.xml
1 ms. Memory: 298496K Free: 211338K (71%)
----------------- Invoking toplevel() on ptolemy.moml.MoMLSimpleApplication@3582754d
----------------- Done invoking toplevel() on ptolemy.moml.MoMLSimpleApplication@3582754d
reloadAllAccessors: .DEFixedPointLimitation

===========================================================================================
----------------- testing Wed May 08 04:15:12 UTC 2019 /home/travis/build/icyphy/ptII/ptolemy/domains/de/test/auto/DEScheduleTest.xml
----------------- Instantiating /home/travis/build/icyphy/ptII/ptolemy/domains/de/test/auto/DEScheduleTest.xml
2 ms. Memory: 298496K Free: 204825K (69%)
----------------- Invoking toplevel() on ptolemy.moml.MoMLSimpleApplication@3cafefdf
----------------- Done invoking toplevel() on ptolemy.moml.MoMLSimpleApplication@3cafefdf
reloadAllAccessors: .DEScheduleTest

===========================================================================================
----------------- testing Wed May 08 04:15:12 UTC 2019 /home/travis/build/icyphy/ptII/ptolemy/domains/de/test/auto/DEinDEwithStartTimes.xml
----------------- Instantiating /home/travis/build/icyphy/ptII/ptolemy/domains/de/test/auto/DEinDEwithStartTimes.xml
2 ms. Memory: 298496K Free: 196129K (66%)
----------------- Invoking toplevel() on ptolemy.moml.MoMLSimpleApplication@2ad7dcba
----------------- Done invoking toplevel() on ptolemy.moml.MoMLSimpleApplication@2ad7dcba
reloadAllAccessors: .DEinDEwithStartTimes

===========================================================================================
----------------- testing Wed May 08 04:15:12 UTC 2019 /home/travis/build/icyphy/ptII/ptolemy/domains/de/test/auto/DEinDEwithStartTimes2.xml
----------------- Instantiating /home/travis/build/icyphy/ptII/ptolemy/domains/de/test/auto/DEinDEwithStartTimes2.xml
2 ms. Memory: 298496K Free: 185371K (62%)
----------------- Invoking toplevel() on ptolemy.moml.MoMLSimpleApplication@527c8783
----------------- Done invoking toplevel() on ptolemy.moml.MoMLSimpleApplication@527c8783
reloadAllAccessors: .DEinDEwithStartTimes2

===========================================================================================
----------------- testing Wed May 08 04:15:12 UTC 2019 /home/travis/build/icyphy/ptII/ptolemy/domains/de/test/auto/DateDemo.xml
----------------- Instantiating /home/travis/build/icyphy/ptII/ptolemy/domains/de/test/auto/DateDemo.xml
4 ms. Memory: 298496K Free: 172361K (58%)
----------------- Invoking toplevel() on ptolemy.moml.MoMLSimpleApplication@4cee7e32
----------------- Done invoking toplevel() on ptolemy.moml.MoMLSimpleApplication@4cee7e32
reloadAllAccessors: .DateDemo

===========================================================================================
----------------- testing Wed May 08 04:15:12 UTC 2019 /home/travis/build/icyphy/ptII/ptolemy/domains/de/test/auto/DateToEvent.xml
----------------- Instantiating /home/travis/build/icyphy/ptII/ptolemy/domains/de/test/auto/DateToEvent.xml
2004 ms. Memory: 298496K Free: 152828K (51%)
----------------- Invoking toplevel() on ptolemy.moml.MoMLSimpleApplication@2e576b8a
----------------- Done invoking toplevel() on ptolemy.moml.MoMLSimpleApplication@2e576b8a
reloadAllAccessors: .DateToEvent

===========================================================================================
----------------- testing Wed May 08 04:15:14 UTC 2019 /home/travis/build/icyphy/ptII/ptolemy/domains/de/test/auto/DepthTest1.xml
----------------- Instantiating /home/travis/build/icyphy/ptII/ptolemy/domains/de/test/auto/DepthTest1.xml
1 ms. Memory: 298496K Free: 148496K (50%)
----------------- Invoking toplevel() on ptolemy.moml.MoMLSimpleApplication@5807d8ec
----------------- Done invoking toplevel() on ptolemy.moml.MoMLSimpleApplication@5807d8ec
reloadAllAccessors: .DepthTest1

===========================================================================================
----------------- testing Wed May 08 04:15:14 UTC 2019 /home/travis/build/icyphy/ptII/ptolemy/domains/de/test/auto/DepthTest2.xml
----------------- Instantiating /home/travis/build/icyphy/ptII/ptolemy/domains/de/test/auto/DepthTest2.xml
2 ms. Memory: 298496K Free: 137754K (46%)
----------------- Invoking toplevel() on ptolemy.moml.MoMLSimpleApplication@b0042f0
----------------- Done invoking toplevel() on ptolemy.moml.MoMLSimpleApplication@b0042f0
reloadAllAccessors: .DepthTest2

===========================================================================================
----------------- testing Wed May 08 04:15:14 UTC 2019 /home/travis/build/icyphy/ptII/ptolemy/domains/de/test/auto/DepthTest3.xml
----------------- Instantiating /home/travis/build/icyphy/ptII/ptolemy/domains/de/test/auto/DepthTest3.xml
3 ms. Memory: 298496K Free: 131241K (44%)
----------------- Invoking toplevel() on ptolemy.moml.MoMLSimpleApplication@2d4ae50e
----------------- Done invoking toplevel() on ptolemy.moml.MoMLSimpleApplication@2d4ae50e
reloadAllAccessors: .DepthTest3

===========================================================================================
----------------- testing Wed May 08 04:15:14 UTC 2019 /home/travis/build/icyphy/ptII/ptolemy/domains/de/test/auto/DepthTest4.xml
----------------- Instantiating /home/travis/build/icyphy/ptII/ptolemy/domains/de/test/auto/DepthTest4.xml
1 ms. Memory: 298496K Free: 124728K (42%)
----------------- Invoking toplevel() on ptolemy.moml.MoMLSimpleApplication@36c2eac4
----------------- Done invoking toplevel() on ptolemy.moml.MoMLSimpleApplication@36c2eac4
reloadAllAccessors: .DepthTest4

===========================================================================================
----------------- testing Wed May 08 04:15:14 UTC 2019 /home/travis/build/icyphy/ptII/ptolemy/domains/de/test/auto/DepthTest5.xml
----------------- Instantiating /home/travis/build/icyphy/ptII/ptolemy/domains/de/test/auto/DepthTest5.xml
1 ms. Memory: 298496K Free: 116032K (39%)
----------------- Invoking toplevel() on ptolemy.moml.MoMLSimpleApplication@13f04995
----------------- Done invoking toplevel() on ptolemy.moml.MoMLSimpleApplication@13f04995
reloadAllAccessors: .DepthTest5

===========================================================================================
----------------- testing Wed May 08 04:15:14 UTC 2019 /home/travis/build/icyphy/ptII/ptolemy/domains/de/test/auto/DepthTest6.xml
----------------- Instantiating /home/travis/build/icyphy/ptII/ptolemy/domains/de/test/auto/DepthTest6.xml
2 ms. Memory: 298496K Free: 105290K (35%)
----------------- Invoking toplevel() on ptolemy.moml.MoMLSimpleApplication@7f66495e
----------------- Done invoking toplevel() on ptolemy.moml.MoMLSimpleApplication@7f66495e
reloadAllAccessors: .DepthTest6

===========================================================================================
----------------- testing Wed May 08 04:15:14 UTC 2019 /home/travis/build/icyphy/ptII/ptolemy/domains/de/test/auto/DepthTest7.xml
----------------- Instantiating /home/travis/build/icyphy/ptII/ptolemy/domains/de/test/auto/DepthTest7.xml
1 ms. Memory: 298496K Free: 98776K (33%)
----------------- Invoking toplevel() on ptolemy.moml.MoMLSimpleApplication@368c4956
----------------- Done invoking toplevel() on ptolemy.moml.MoMLSimpleApplication@368c4956
reloadAllAccessors: .DepthTest7

===========================================================================================
----------------- testing Wed May 08 04:15:14 UTC 2019 /home/travis/build/icyphy/ptII/ptolemy/domains/de/test/auto/EventToDate.xml
----------------- Instantiating /home/travis/build/icyphy/ptII/ptolemy/domains/de/test/auto/EventToDate.xml
3004 ms. Memory: 298496K Free: 81402K (27%)
----------------- Invoking toplevel() on ptolemy.moml.MoMLSimpleApplication@413ec4b1
----------------- Done invoking toplevel() on ptolemy.moml.MoMLSimpleApplication@413ec4b1
reloadAllAccessors: .EventToDate

===========================================================================================
----------------- testing Wed May 08 04:15:17 UTC 2019 /home/travis/build/icyphy/ptII/ptolemy/domains/de/test/auto/FSM1.xml
----------------- Instantiating /home/travis/build/icyphy/ptII/ptolemy/domains/de/test/auto/FSM1.xml
17 ms. Memory: 289280K Free: 274302K (95%)
----------------- Invoking toplevel() on ptolemy.moml.MoMLSimpleApplication@5a0b0332
----------------- Done invoking toplevel() on ptolemy.moml.MoMLSimpleApplication@5a0b0332
reloadAllAccessors: .FSM1

===========================================================================================
----------------- testing Wed May 08 04:15:17 UTC 2019 /home/travis/build/icyphy/ptII/ptolemy/domains/de/test/auto/FSM7.xml
----------------- Instantiating /home/travis/build/icyphy/ptII/ptolemy/domains/de/test/auto/FSM7.xml
14 ms. Memory: 289280K Free: 258394K (89%)
----------------- Invoking toplevel() on ptolemy.moml.MoMLSimpleApplication@16426797
----------------- Done invoking toplevel() on ptolemy.moml.MoMLSimpleApplication@16426797
reloadAllAccessors: .FSM7

===========================================================================================
----------------- testing Wed May 08 04:15:17 UTC 2019 /home/travis/build/icyphy/ptII/ptolemy/domains/de/test/auto/Inspection.xml
----------------- Instantiating /home/travis/build/icyphy/ptII/ptolemy/domains/de/test/auto/Inspection.xml
14 ms. Memory: 289280K Free: 243855K (84%)
----------------- Invoking toplevel() on ptolemy.moml.MoMLSimpleApplication@6aabfa00
----------------- Done invoking toplevel() on ptolemy.moml.MoMLSimpleApplication@6aabfa00
reloadAllAccessors: .Inspection

===========================================================================================
----------------- testing Wed May 08 04:15:17 UTC 2019 /home/travis/build/icyphy/ptII/ptolemy/domains/de/test/auto/Iteration.xml
----------------- Instantiating /home/travis/build/icyphy/ptII/ptolemy/domains/de/test/auto/Iteration.xml
5 ms. Memory: 289280K Free: 234201K (81%)
----------------- Invoking toplevel() on ptolemy.moml.MoMLSimpleApplication@5bc85f0e
----------------- Done invoking toplevel() on ptolemy.moml.MoMLSimpleApplication@5bc85f0e
reloadAllAccessors: .Iteration

===========================================================================================
----------------- testing Wed May 08 04:15:17 UTC 2019 /home/travis/build/icyphy/ptII/ptolemy/domains/de/test/auto/LineFault.xml
----------------- Instantiating /home/travis/build/icyphy/ptII/ptolemy/domains/de/test/auto/LineFault.xml
405 ms. Memory: 289280K Free: 117844K (41%)
----------------- Invoking toplevel() on ptolemy.moml.MoMLSimpleApplication@1599dc17
----------------- Done invoking toplevel() on ptolemy.moml.MoMLSimpleApplication@1599dc17
reloadAllAccessors: .LineFault

===========================================================================================
----------------- testing Wed May 08 04:15:18 UTC 2019 /home/travis/build/icyphy/ptII/ptolemy/domains/de/test/auto/MergeModel1Add.xml
----------------- Instantiating /home/travis/build/icyphy/ptII/ptolemy/domains/de/test/auto/MergeModel1Add.xml
5 ms. Memory: 289280K Free: 97044K (34%)
----------------- Invoking toplevel() on ptolemy.moml.MoMLSimpleApplication@198c5119
----------------- Done invoking toplevel() on ptolemy.moml.MoMLSimpleApplication@198c5119
reloadAllAccessors: .MergeModel1Add

===========================================================================================
----------------- testing Wed May 08 04:15:18 UTC 2019 /home/travis/build/icyphy/ptII/ptolemy/domains/de/test/auto/MergeModel2Add.xml
----------------- Instantiating /home/travis/build/icyphy/ptII/ptolemy/domains/de/test/auto/MergeModel2Add.xml
5 ms. Memory: 289280K Free: 77005K (27%)
----------------- Invoking toplevel() on ptolemy.moml.MoMLSimpleApplication@5065afd4
----------------- Done invoking toplevel() on ptolemy.moml.MoMLSimpleApplication@5065afd4
reloadAllAccessors: .MergeModel2Add

===========================================================================================
----------------- testing Wed May 08 04:15:18 UTC 2019 /home/travis/build/icyphy/ptII/ptolemy/domains/de/test/auto/MergeModel3Add.xml
----------------- Instantiating /home/travis/build/icyphy/ptII/ptolemy/domains/de/test/auto/MergeModel3Add.xml
5 ms. Memory: 280064K Free: 256404K (92%)
----------------- Invoking toplevel() on ptolemy.moml.MoMLSimpleApplication@1bed6fc3
----------------- Done invoking toplevel() on ptolemy.moml.MoMLSimpleApplication@1bed6fc3
reloadAllAccessors: .MergeModel3Add

===========================================================================================
----------------- testing Wed May 08 04:15:18 UTC 2019 /home/travis/build/icyphy/ptII/ptolemy/domains/de/test/auto/MergeWithoutDiscard.xml
----------------- Instantiating /home/travis/build/icyphy/ptII/ptolemy/domains/de/test/auto/MergeWithoutDiscard.xml
1 ms. Memory: 280064K Free: 249563K (89%)
----------------- Invoking toplevel() on ptolemy.moml.MoMLSimpleApplication@ba25fc5
----------------- Done invoking toplevel() on ptolemy.moml.MoMLSimpleApplication@ba25fc5
reloadAllAccessors: .MergeWithoutDiscard

===========================================================================================
----------------- testing Wed May 08 04:15:18 UTC 2019 /home/travis/build/icyphy/ptII/ptolemy/domains/de/test/auto/Modal1.xml
----------------- Instantiating /home/travis/build/icyphy/ptII/ptolemy/domains/de/test/auto/Modal1.xml
6 ms. Memory: 280064K Free: 234736K (84%)
----------------- Invoking toplevel() on ptolemy.moml.MoMLSimpleApplication@7989b3ca
----------------- Done invoking toplevel() on ptolemy.moml.MoMLSimpleApplication@7989b3ca
reloadAllAccessors: .Modal1

===========================================================================================
----------------- testing Wed May 08 04:15:18 UTC 2019 /home/travis/build/icyphy/ptII/ptolemy/domains/de/test/auto/Modal2.xml
----------------- Instantiating /home/travis/build/icyphy/ptII/ptolemy/domains/de/test/auto/Modal2.xml
5 ms. Memory: 280064K Free: 220774K (79%)
----------------- Invoking toplevel() on ptolemy.moml.MoMLSimpleApplication@73554cc9
----------------- Done invoking toplevel() on ptolemy.moml.MoMLSimpleApplication@73554cc9
reloadAllAccessors: .Modal2

===========================================================================================
----------------- testing Wed May 08 04:15:18 UTC 2019 /home/travis/build/icyphy/ptII/ptolemy/domains/de/test/auto/Modal3.xml
----------------- Instantiating /home/travis/build/icyphy/ptII/ptolemy/domains/de/test/auto/Modal3.xml
7 ms. Memory: 280064K Free: 205963K (74%)
----------------- Invoking toplevel() on ptolemy.moml.MoMLSimpleApplication@6c8e2131
----------------- Done invoking toplevel() on ptolemy.moml.MoMLSimpleApplication@6c8e2131
reloadAllAccessors: .Modal3

===========================================================================================
----------------- testing Wed May 08 04:15:18 UTC 2019 /home/travis/build/icyphy/ptII/ptolemy/domains/de/test/auto/Modal4.xml
----------------- Instantiating /home/travis/build/icyphy/ptII/ptolemy/domains/de/test/auto/Modal4.xml
9 ms. Memory: 280064K Free: 192009K (69%)
----------------- Invoking toplevel() on ptolemy.moml.MoMLSimpleApplication@421c7b2b
----------------- Done invoking toplevel() on ptolemy.moml.MoMLSimpleApplication@421c7b2b
reloadAllAccessors: .Modal4

===========================================================================================
----------------- testing Wed May 08 04:15:18 UTC 2019 /home/travis/build/icyphy/ptII/ptolemy/domains/de/test/auto/Modal5.xml
----------------- Instantiating /home/travis/build/icyphy/ptII/ptolemy/domains/de/test/auto/Modal5.xml
7 ms. Memory: 280064K Free: 177198K (63%)
----------------- Invoking toplevel() on ptolemy.moml.MoMLSimpleApplication@23eb2169
----------------- Done invoking toplevel() on ptolemy.moml.MoMLSimpleApplication@23eb2169
reloadAllAccessors: .Modal5

===========================================================================================
----------------- testing Wed May 08 04:15:18 UTC 2019 /home/travis/build/icyphy/ptII/ptolemy/domains/de/test/auto/Modal6.xml
----------------- Instantiating /home/travis/build/icyphy/ptII/ptolemy/domains/de/test/auto/Modal6.xml
7 ms. Memory: 280064K Free: 163236K (58%)
----------------- Invoking toplevel() on ptolemy.moml.MoMLSimpleApplication@63f25b3f
----------------- Done invoking toplevel() on ptolemy.moml.MoMLSimpleApplication@63f25b3f
reloadAllAccessors: .Modal6

===========================================================================================
----------------- testing Wed May 08 04:15:18 UTC 2019 /home/travis/build/icyphy/ptII/ptolemy/domains/de/test/auto/Modal7.xml
----------------- Instantiating /home/travis/build/icyphy/ptII/ptolemy/domains/de/test/auto/Modal7.xml
6 ms. Memory: 280064K Free: 146414K (52%)
----------------- Invoking toplevel() on ptolemy.moml.MoMLSimpleApplication@4104774b
----------------- Done invoking toplevel() on ptolemy.moml.MoMLSimpleApplication@4104774b
reloadAllAccessors: .Modal7

===========================================================================================
----------------- testing Wed May 08 04:15:18 UTC 2019 /home/travis/build/icyphy/ptII/ptolemy/domains/de/test/auto/ModalModel.xml
----------------- Instantiating /home/travis/build/icyphy/ptII/ptolemy/domains/de/test/auto/ModalModel.xml
110 ms. Memory: 272384K Free: 264271K (97%)
----------------- Invoking toplevel() on ptolemy.moml.MoMLSimpleApplication@bab7934
----------------- Done invoking toplevel() on ptolemy.moml.MoMLSimpleApplication@bab7934
reloadAllAccessors: .ModalModel

===========================================================================================
----------------- testing Wed May 08 04:15:18 UTC 2019 /home/travis/build/icyphy/ptII/ptolemy/domains/de/test/auto/ModalSource.xml
----------------- Instantiating /home/travis/build/icyphy/ptII/ptolemy/domains/de/test/auto/ModalSource.xml
4 ms. Memory: 272384K Free: 253638K (93%)
----------------- Invoking toplevel() on ptolemy.moml.MoMLSimpleApplication@622b10f9
----------------- Done invoking toplevel() on ptolemy.moml.MoMLSimpleApplication@622b10f9
reloadAllAccessors: .ModalSource

===========================================================================================
----------------- testing Wed May 08 04:15:18 UTC 2019 /home/travis/build/icyphy/ptII/ptolemy/domains/de/test/auto/NonInterruptibleTimerZeroDelay.xml
----------------- Instantiating /home/travis/build/icyphy/ptII/ptolemy/domains/de/test/auto/NonInterruptibleTimerZeroDelay.xml
2 ms. Memory: 272384K Free: 247971K (91%)
----------------- Invoking toplevel() on ptolemy.moml.MoMLSimpleApplication@29e5fad4
----------------- Done invoking toplevel() on ptolemy.moml.MoMLSimpleApplication@29e5fad4
reloadAllAccessors: .NonInterruptibleTimerZeroDelay

===========================================================================================
----------------- testing Wed May 08 04:15:18 UTC 2019 /home/travis/build/icyphy/ptII/ptolemy/domains/de/test/auto/OpenQueueingNetwork.xml
----------------- Instantiating /home/travis/build/icyphy/ptII/ptolemy/domains/de/test/auto/OpenQueueingNetwork.xml
2148 ms. Memory: 250368K Free: 148463K (59%)
----------------- Invoking toplevel() on ptolemy.moml.MoMLSimpleApplication@7d687c65
----------------- Done invoking toplevel() on ptolemy.moml.MoMLSimpleApplication@7d687c65
reloadAllAccessors: .OpenQueueingNetwork

===========================================================================================
----------------- testing Wed May 08 04:15:20 UTC 2019 /home/travis/build/icyphy/ptII/ptolemy/domains/de/test/auto/OpenQueuingNetwork.xml
----------------- Instantiating /home/travis/build/icyphy/ptII/ptolemy/domains/de/test/auto/OpenQueuingNetwork.xml
209 ms. Memory: 242688K Free: 219776K (91%)
----------------- Invoking toplevel() on ptolemy.moml.MoMLSimpleApplication@6a6434ae
----------------- Done invoking toplevel() on ptolemy.moml.MoMLSimpleApplication@6a6434ae
reloadAllAccessors: .OpenQueuingNetwork

===========================================================================================
----------------- testing Wed May 08 04:15:21 UTC 2019 /home/travis/build/icyphy/ptII/ptolemy/domains/de/test/auto/PeriodicSampler.xml
----------------- Instantiating /home/travis/build/icyphy/ptII/ptolemy/domains/de/test/auto/PeriodicSampler.xml
2 ms. Memory: 242688K Free: 213258K (88%)
----------------- Invoking toplevel() on ptolemy.moml.MoMLSimpleApplication@367cd9d7
----------------- Done invoking toplevel() on ptolemy.moml.MoMLSimpleApplication@367cd9d7
reloadAllAccessors: .PeriodicSampler

===========================================================================================
----------------- testing Wed May 08 04:15:21 UTC 2019 /home/travis/build/icyphy/ptII/ptolemy/domains/de/test/auto/PersistentIO.xml
----------------- Instantiating /home/travis/build/icyphy/ptII/ptolemy/domains/de/test/auto/PersistentIO.xml
4 ms. Memory: 242688K Free: 203141K (84%)
----------------- Invoking toplevel() on ptolemy.moml.MoMLSimpleApplication@7c1b2300
----------------- Done invoking toplevel() on ptolemy.moml.MoMLSimpleApplication@7c1b2300
reloadAllAccessors: .PersistentIO

===========================================================================================
----------------- testing Wed May 08 04:15:21 UTC 2019 /home/travis/build/icyphy/ptII/ptolemy/domains/de/test/auto/PortParameterResetOnInitialize.xml
----------------- Instantiating /home/travis/build/icyphy/ptII/ptolemy/domains/de/test/auto/PortParameterResetOnInitialize.xml
2 ms. Memory: 242688K Free: 197668K (81%)
----------------- Invoking toplevel() on ptolemy.moml.MoMLSimpleApplication@1d50a224
----------------- Done invoking toplevel() on ptolemy.moml.MoMLSimpleApplication@1d50a224
reloadAllAccessors: .PortParameterResetOnInitialize

===========================================================================================
----------------- testing Wed May 08 04:15:21 UTC 2019 /home/travis/build/icyphy/ptII/ptolemy/domains/de/test/auto/PortParameterUpdates.xml
----------------- Instantiating /home/travis/build/icyphy/ptII/ptolemy/domains/de/test/auto/PortParameterUpdates.xml
3 ms. Memory: 242688K Free: 190798K (79%)
----------------- Invoking toplevel() on ptolemy.moml.MoMLSimpleApplication@7d554646
----------------- Done invoking toplevel() on ptolemy.moml.MoMLSimpleApplication@7d554646
reloadAllAccessors: .PortParameterUpdates

===========================================================================================
----------------- testing Wed May 08 04:15:21 UTC 2019 /home/travis/build/icyphy/ptII/ptolemy/domains/de/test/auto/QueueAndServer.xml
----------------- Instantiating /home/travis/build/icyphy/ptII/ptolemy/domains/de/test/auto/QueueAndServer.xml
5 ms. Memory: 242688K Free: 182309K (75%)
----------------- Invoking toplevel() on ptolemy.moml.MoMLSimpleApplication@41bb078a
----------------- Done invoking toplevel() on ptolemy.moml.MoMLSimpleApplication@41bb078a
reloadAllAccessors: .QueueAndServer

===========================================================================================
----------------- testing Wed May 08 04:15:21 UTC 2019 /home/travis/build/icyphy/ptII/ptolemy/domains/de/test/auto/Records.xml
----------------- Instantiating /home/travis/build/icyphy/ptII/ptolemy/domains/de/test/auto/Records.xml
3 ms. Memory: 242688K Free: 175229K (72%)
----------------- Invoking toplevel() on ptolemy.moml.MoMLSimpleApplication@7492b2d8
----------------- Done invoking toplevel() on ptolemy.moml.MoMLSimpleApplication@7492b2d8
reloadAllAccessors: .Records

===========================================================================================
----------------- testing Wed May 08 04:15:21 UTC 2019 /home/travis/build/icyphy/ptII/ptolemy/domains/de/test/auto/ResetTransitionWithStartTime1.xml
----------------- Instantiating /home/travis/build/icyphy/ptII/ptolemy/domains/de/test/auto/ResetTransitionWithStartTime1.xml
4 ms. Memory: 242688K Free: 165128K (68%)
----------------- Invoking toplevel() on ptolemy.moml.MoMLSimpleApplication@3ea4a676
----------------- Done invoking toplevel() on ptolemy.moml.MoMLSimpleApplication@3ea4a676
reloadAllAccessors: .ResetTransitionWithStartTime1

===========================================================================================
----------------- testing Wed May 08 04:15:21 UTC 2019 /home/travis/build/icyphy/ptII/ptolemy/domains/de/test/auto/ResetTransitionWithStartTime2.xml
----------------- Instantiating /home/travis/build/icyphy/ptII/ptolemy/domains/de/test/auto/ResetTransitionWithStartTime2.xml
6 ms. Memory: 242688K Free: 154815K (64%)
----------------- Invoking toplevel() on ptolemy.moml.MoMLSimpleApplication@2f9d15ea
----------------- Done invoking toplevel() on ptolemy.moml.MoMLSimpleApplication@2f9d15ea
reloadAllAccessors: .ResetTransitionWithStartTime2

===========================================================================================
----------------- testing Wed May 08 04:15:21 UTC 2019 /home/travis/build/icyphy/ptII/ptolemy/domains/de/test/auto/ResetTransitionWithStartTime3.xml
----------------- Instantiating /home/travis/build/icyphy/ptII/ptolemy/domains/de/test/auto/ResetTransitionWithStartTime3.xml
4 ms. Memory: 242688K Free: 144699K (60%)
----------------- Invoking toplevel() on ptolemy.moml.MoMLSimpleApplication@6ca7509a
----------------- Done invoking toplevel() on ptolemy.moml.MoMLSimpleApplication@6ca7509a
reloadAllAccessors: .ResetTransitionWithStartTime3

===========================================================================================
----------------- testing Wed May 08 04:15:21 UTC 2019 /home/travis/build/icyphy/ptII/ptolemy/domains/de/test/auto/ResetTransitionWithStartTime4.xml
----------------- Instantiating /home/travis/build/icyphy/ptII/ptolemy/domains/de/test/auto/ResetTransitionWithStartTime4.xml
3 ms. Memory: 242688K Free: 136003K (56%)
----------------- Invoking toplevel() on ptolemy.moml.MoMLSimpleApplication@740ed52b
----------------- Done invoking toplevel() on ptolemy.moml.MoMLSimpleApplication@740ed52b
reloadAllAccessors: .ResetTransitionWithStartTime4

===========================================================================================
----------------- testing Wed May 08 04:15:21 UTC 2019 /home/travis/build/icyphy/ptII/ptolemy/domains/de/test/auto/ResettableTimer1.xml
----------------- Instantiating /home/travis/build/icyphy/ptII/ptolemy/domains/de/test/auto/ResettableTimer1.xml
1 ms. Memory: 242688K Free: 130741K (54%)
----------------- Invoking toplevel() on ptolemy.moml.MoMLSimpleApplication@435760ca
----------------- Done invoking toplevel() on ptolemy.moml.MoMLSimpleApplication@435760ca
reloadAllAccessors: .ResettableTimer1

===========================================================================================
----------------- testing Wed May 08 04:15:21 UTC 2019 /home/travis/build/icyphy/ptII/ptolemy/domains/de/test/auto/ResettableTimer2.xml
----------------- Instantiating /home/travis/build/icyphy/ptII/ptolemy/domains/de/test/auto/ResettableTimer2.xml
3 ms. Memory: 242688K Free: 125276K (52%)
----------------- Invoking toplevel() on ptolemy.moml.MoMLSimpleApplication@5a4570b1
----------------- Done invoking toplevel() on ptolemy.moml.MoMLSimpleApplication@5a4570b1
reloadAllAccessors: .ResettableTimer2

===========================================================================================
----------------- testing Wed May 08 04:15:21 UTC 2019 /home/travis/build/icyphy/ptII/ptolemy/domains/de/test/auto/ResettableTimer3.xml
----------------- Instantiating /home/travis/build/icyphy/ptII/ptolemy/domains/de/test/auto/ResettableTimer3.xml
1 ms. Memory: 242688K Free: 120014K (49%)
----------------- Invoking toplevel() on ptolemy.moml.MoMLSimpleApplication@2273b71
----------------- Done invoking toplevel() on ptolemy.moml.MoMLSimpleApplication@2273b71
reloadAllAccessors: .ResettableTimer3

===========================================================================================
----------------- testing Wed May 08 04:15:21 UTC 2019 /home/travis/build/icyphy/ptII/ptolemy/domains/de/test/auto/ResettableTimer4.xml
----------------- Instantiating /home/travis/build/icyphy/ptII/ptolemy/domains/de/test/auto/ResettableTimer4.xml
2 ms. Memory: 242688K Free: 114753K (47%)
----------------- Invoking toplevel() on ptolemy.moml.MoMLSimpleApplication@52783560
----------------- Done invoking toplevel() on ptolemy.moml.MoMLSimpleApplication@52783560
reloadAllAccessors: .ResettableTimer4

===========================================================================================
----------------- testing Wed May 08 04:15:21 UTC 2019 /home/travis/build/icyphy/ptII/ptolemy/domains/de/test/auto/ResettableTimer5.xml
----------------- Instantiating /home/travis/build/icyphy/ptII/ptolemy/domains/de/test/auto/ResettableTimer5.xml
1 ms. Memory: 242688K Free: 107656K (44%)
----------------- Invoking toplevel() on ptolemy.moml.MoMLSimpleApplication@7f935b5c
----------------- Done invoking toplevel() on ptolemy.moml.MoMLSimpleApplication@7f935b5c
reloadAllAccessors: .ResettableTimer5

===========================================================================================
----------------- testing Wed May 08 04:15:21 UTC 2019 /home/travis/build/icyphy/ptII/ptolemy/domains/de/test/auto/ResettableTimer6.xml
----------------- Instantiating /home/travis/build/icyphy/ptII/ptolemy/domains/de/test/auto/ResettableTimer6.xml
8 ms. Memory: 242688K Free: 100803K (42%)
----------------- Invoking toplevel() on ptolemy.moml.MoMLSimpleApplication@3203a9d
----------------- Done invoking toplevel() on ptolemy.moml.MoMLSimpleApplication@3203a9d
reloadAllAccessors: .ResettableTimer6

===========================================================================================
----------------- testing Wed May 08 04:15:21 UTC 2019 /home/travis/build/icyphy/ptII/ptolemy/domains/de/test/auto/ServerZeroDelay.xml
----------------- Instantiating /home/travis/build/icyphy/ptII/ptolemy/domains/de/test/auto/ServerZeroDelay.xml
2 ms. Memory: 242688K Free: 95330K (39%)
----------------- Invoking toplevel() on ptolemy.moml.MoMLSimpleApplication@6b693e8d
----------------- Done invoking toplevel() on ptolemy.moml.MoMLSimpleApplication@6b693e8d
reloadAllAccessors: .ServerZeroDelay

===========================================================================================
----------------- testing Wed May 08 04:15:21 UTC 2019 /home/travis/build/icyphy/ptII/ptolemy/domains/de/test/auto/SmartSender.xml
----------------- Instantiating /home/travis/build/icyphy/ptII/ptolemy/domains/de/test/auto/SmartSender.xml
3001 ms. Memory: 242688K Free: 90068K (37%)
----------------- Invoking toplevel() on ptolemy.moml.MoMLSimpleApplication@6f565e8a
----------------- Done invoking toplevel() on ptolemy.moml.MoMLSimpleApplication@6f565e8a
reloadAllAccessors: .SmartSender

===========================================================================================
----------------- testing Wed May 08 04:15:24 UTC 2019 /home/travis/build/icyphy/ptII/ptolemy/domains/de/test/auto/ThreadedComposite.xml
----------------- Instantiating /home/travis/build/icyphy/ptII/ptolemy/domains/de/test/auto/ThreadedComposite.xml
97 ms. Memory: 235520K Free: 219499K (93%)
----------------- Invoking toplevel() on ptolemy.moml.MoMLSimpleApplication@7f6d86de
----------------- Done invoking toplevel() on ptolemy.moml.MoMLSimpleApplication@7f6d86de
reloadAllAccessors: .ThreadedComposite

===========================================================================================
----------------- testing Wed May 08 04:15:24 UTC 2019 /home/travis/build/icyphy/ptII/ptolemy/domains/de/test/auto/Time.xml
----------------- Instantiating /home/travis/build/icyphy/ptII/ptolemy/domains/de/test/auto/Time.xml
429 ms. Memory: 235520K Free: 162529K (69%)
----------------- Invoking toplevel() on ptolemy.moml.MoMLSimpleApplication@6746bf9e
----------------- Done invoking toplevel() on ptolemy.moml.MoMLSimpleApplication@6746bf9e
reloadAllAccessors: .Time

===========================================================================================
----------------- testing Wed May 08 04:15:24 UTC 2019 /home/travis/build/icyphy/ptII/ptolemy/domains/de/test/auto/TimeDelayZeroDelay.xml
----------------- Instantiating /home/travis/build/icyphy/ptII/ptolemy/domains/de/test/auto/TimeDelayZeroDelay.xml
1 ms. Memory: 235520K Free: 157809K (67%)
----------------- Invoking toplevel() on ptolemy.moml.MoMLSimpleApplication@686e9
----------------- Done invoking toplevel() on ptolemy.moml.MoMLSimpleApplication@686e9
reloadAllAccessors: .TimeDelayZeroDelay

===========================================================================================
----------------- testing Wed May 08 04:15:24 UTC 2019 /home/travis/build/icyphy/ptII/ptolemy/domains/de/test/auto/TimerZeroDelay.xml
----------------- Instantiating /home/travis/build/icyphy/ptII/ptolemy/domains/de/test/auto/TimerZeroDelay.xml
1 ms. Memory: 235520K Free: 153288K (65%)
----------------- Invoking toplevel() on ptolemy.moml.MoMLSimpleApplication@1c35de3b
----------------- Done invoking toplevel() on ptolemy.moml.MoMLSimpleApplication@1c35de3b
reloadAllAccessors: .TimerZeroDelay

===========================================================================================
----------------- testing Wed May 08 04:15:24 UTC 2019 /home/travis/build/icyphy/ptII/ptolemy/domains/de/test/auto/TimingParadox.xml
----------------- Instantiating /home/travis/build/icyphy/ptII/ptolemy/domains/de/test/auto/TimingParadox.xml
315 ms. Memory: 235520K Free: 84643K (36%)
----------------- Invoking toplevel() on ptolemy.moml.MoMLSimpleApplication@19eb0a5a
----------------- Done invoking toplevel() on ptolemy.moml.MoMLSimpleApplication@19eb0a5a
reloadAllAccessors: .TimingParadox

===========================================================================================
----------------- testing Wed May 08 04:15:25 UTC 2019 /home/travis/build/icyphy/ptII/ptolemy/domains/de/test/auto/TransferInputs.xml
----------------- Instantiating /home/travis/build/icyphy/ptII/ptolemy/domains/de/test/auto/TransferInputs.xml
2 ms. Memory: 235520K Free: 78879K (33%)
----------------- Invoking toplevel() on ptolemy.moml.MoMLSimpleApplication@3c117871
----------------- Done invoking toplevel() on ptolemy.moml.MoMLSimpleApplication@3c117871
reloadAllAccessors: .TransferInputs

===========================================================================================
----------------- testing Wed May 08 04:15:25 UTC 2019 /home/travis/build/icyphy/ptII/ptolemy/domains/de/test/auto/TransferOutputs2.xml
----------------- Instantiating /home/travis/build/icyphy/ptII/ptolemy/domains/de/test/auto/TransferOutputs2.xml
5 ms. Memory: 229376K Free: 217556K (95%)
----------------- Invoking toplevel() on ptolemy.moml.MoMLSimpleApplication@69e298fb
----------------- Done invoking toplevel() on ptolemy.moml.MoMLSimpleApplication@69e298fb
reloadAllAccessors: .TransferOutputs2

===========================================================================================
----------------- testing Wed May 08 04:15:25 UTC 2019 /home/travis/build/icyphy/ptII/ptolemy/domains/de/test/auto/Trilateration.xml
----------------- Instantiating /home/travis/build/icyphy/ptII/ptolemy/domains/de/test/auto/Trilateration.xml
11025 ms. Memory: 596992K Free: 494553K (83%)
----------------- Invoking toplevel() on ptolemy.moml.MoMLSimpleApplication@378275e2
----------------- Done invoking toplevel() on ptolemy.moml.MoMLSimpleApplication@378275e2
reloadAllAccessors: .Trilateration

===========================================================================================
----------------- testing Wed May 08 04:15:37 UTC 2019 /home/travis/build/icyphy/ptII/ptolemy/domains/de/test/auto/TwoSigmaDelta.xml
----------------- Instantiating /home/travis/build/icyphy/ptII/ptolemy/domains/de/test/auto/TwoSigmaDelta.xml
1912 ms. Memory: 596992K Free: 199594K (33%)
----------------- Invoking toplevel() on ptolemy.moml.MoMLSimpleApplication@502b7c82
----------------- Done invoking toplevel() on ptolemy.moml.MoMLSimpleApplication@502b7c82
reloadAllAccessors: .TwoSigmaDelta

===========================================================================================
----------------- testing Wed May 08 04:15:38 UTC 2019 /home/travis/build/icyphy/ptII/ptolemy/domains/de/test/auto/VariableDelay.xml
----------------- Instantiating /home/travis/build/icyphy/ptII/ptolemy/domains/de/test/auto/VariableDelay.xml
2 ms. Memory: 596992K Free: 178290K (30%)
----------------- Invoking toplevel() on ptolemy.moml.MoMLSimpleApplication@53dd67b0
----------------- Done invoking toplevel() on ptolemy.moml.MoMLSimpleApplication@53dd67b0
reloadAllAccessors: .VariableDelay

===========================================================================================
----------------- testing Wed May 08 04:15:39 UTC 2019 /home/travis/build/icyphy/ptII/ptolemy/domains/de/test/auto/VariableDelay2.xml
----------------- Instantiating /home/travis/build/icyphy/ptII/ptolemy/domains/de/test/auto/VariableDelay2.xml
1 ms. Memory: 596992K Free: 157327K (26%)
----------------- Invoking toplevel() on ptolemy.moml.MoMLSimpleApplication@5cb99c73
----------------- Done invoking toplevel() on ptolemy.moml.MoMLSimpleApplication@5cb99c73
reloadAllAccessors: .VariableDelay2

===========================================================================================
----------------- testing Wed May 08 04:15:39 UTC 2019 /home/travis/build/icyphy/ptII/ptolemy/domains/de/test/auto/VariableDelayZeroDelay.xml
----------------- Instantiating /home/travis/build/icyphy/ptII/ptolemy/domains/de/test/auto/VariableDelayZeroDelay.xml
2 ms. Memory: 596992K Free: 136023K (23%)
----------------- Invoking toplevel() on ptolemy.moml.MoMLSimpleApplication@64d1e654
----------------- Done invoking toplevel() on ptolemy.moml.MoMLSimpleApplication@64d1e654
reloadAllAccessors: .VariableDelayZeroDelay

===========================================================================================
----------------- testing Wed May 08 04:15:39 UTC 2019 /home/travis/build/icyphy/ptII/ptolemy/domains/de/test/auto/VariableDelayZeroDelay2.xml
----------------- Instantiating /home/travis/build/icyphy/ptII/ptolemy/domains/de/test/auto/VariableDelayZeroDelay2.xml
2 ms. Memory: 596992K Free: 115059K (19%)
----------------- Invoking toplevel() on ptolemy.moml.MoMLSimpleApplication@6e4a3012
----------------- Done invoking toplevel() on ptolemy.moml.MoMLSimpleApplication@6e4a3012
reloadAllAccessors: .VariableDelayZeroDelay2

===========================================================================================
----------------- testing Wed May 08 04:15:39 UTC 2019 /home/travis/build/icyphy/ptII/ptolemy/domains/de/test/auto/deInCt.xml
----------------- Instantiating /home/travis/build/icyphy/ptII/ptolemy/domains/de/test/auto/deInCt.xml
0
1
1
1
1
1
1
1
0
0
1
1
1
0
0
0
1
1
1
0
0
0
0
1
1
1
0
0
0
0
1
1
1
0
0
0
0
0
9 ms. Memory: 596992K Free: 93755K (16%)
----------------- Invoking toplevel() on ptolemy.moml.MoMLSimpleApplication@687cf62d
----------------- Done invoking toplevel() on ptolemy.moml.MoMLSimpleApplication@687cf62d
reloadAllAccessors: .deInCt

===========================================================================================
----------------- testing Wed May 08 04:15:39 UTC 2019 /home/travis/build/icyphy/ptII/ptolemy/domains/de/test/auto/deInCt2.xml
----------------- Instantiating /home/travis/build/icyphy/ptII/ptolemy/domains/de/test/auto/deInCt2.xml
0
1
1
1
0
0
1
1
1
0
0
1
1
1
0
0
1
1
1
0
0
1
1
1
0
0
1
1
1
0
0
1
1
1
0
0
1
1
1
0
0
0
8 ms. Memory: 596992K Free: 72452K (12%)
----------------- Invoking toplevel() on ptolemy.moml.MoMLSimpleApplication@2d5390ad
----------------- Done invoking toplevel() on ptolemy.moml.MoMLSimpleApplication@2d5390ad
reloadAllAccessors: .deInCt2

===========================================================================================
----------------- testing Wed May 08 04:15:39 UTC 2019 /home/travis/build/icyphy/ptII/ptolemy/domains/de/test/auto/dynamicCausalityInterface1.xml
----------------- Instantiating /home/travis/build/icyphy/ptII/ptolemy/domains/de/test/auto/dynamicCausalityInterface1.xml
0 ms. Memory: 596992K Free: 58552K (10%)
----------------- Invoking toplevel() on ptolemy.moml.MoMLSimpleApplication@28b44562
----------------- Done invoking toplevel() on ptolemy.moml.MoMLSimpleApplication@28b44562
reloadAllAccessors: .dynamicCausalityInterface1

===========================================================================================
----------------- testing Wed May 08 04:15:39 UTC 2019 /home/travis/build/icyphy/ptII/ptolemy/domains/de/test/auto/fsm_de_test.xml
----------------- Instantiating /home/travis/build/icyphy/ptII/ptolemy/domains/de/test/auto/fsm_de_test.xml
4 ms. Memory: 577536K Free: 534287K (93%)
----------------- Invoking toplevel() on ptolemy.moml.MoMLSimpleApplication@35ee9d54
----------------- Done invoking toplevel() on ptolemy.moml.MoMLSimpleApplication@35ee9d54
reloadAllAccessors: .fsm_de_test

===========================================================================================
----------------- testing Wed May 08 04:15:39 UTC 2019 /home/travis/build/icyphy/ptII/ptolemy/domains/de/test/auto/functionDependencyReconstruction.xml
----------------- Instantiating /home/travis/build/icyphy/ptII/ptolemy/domains/de/test/auto/functionDependencyReconstruction.xml
1 ms. Memory: 577536K Free: 504059K (87%)
----------------- Invoking toplevel() on ptolemy.moml.MoMLSimpleApplication@2065a495
----------------- Done invoking toplevel() on ptolemy.moml.MoMLSimpleApplication@2065a495
reloadAllAccessors: .functionDependencyReconstruction

===========================================================================================
----------------- testing Wed May 08 04:15:39 UTC 2019 /home/travis/build/icyphy/ptII/ptolemy/domains/de/test/auto/multirate.xml
----------------- Instantiating /home/travis/build/icyphy/ptII/ptolemy/domains/de/test/auto/multirate.xml
2 ms. Memory: 577536K Free: 483917K (84%)
----------------- Invoking toplevel() on ptolemy.moml.MoMLSimpleApplication@16b21844
----------------- Done invoking toplevel() on ptolemy.moml.MoMLSimpleApplication@16b21844
reloadAllAccessors: .multirate

===========================================================================================
----------------- testing Wed May 08 04:15:39 UTC 2019 /home/travis/build/icyphy/ptII/ptolemy/domains/de/test/auto/multirate2.xml
----------------- Instantiating /home/travis/build/icyphy/ptII/ptolemy/domains/de/test/auto/multirate2.xml
3 ms. Memory: 577536K Free: 463776K (80%)
----------------- Invoking toplevel() on ptolemy.moml.MoMLSimpleApplication@478d4890
----------------- Done invoking toplevel() on ptolemy.moml.MoMLSimpleApplication@478d4890
reloadAllAccessors: .multirate2

===========================================================================================
----------------- testing Wed May 08 04:15:39 UTC 2019 /home/travis/build/icyphy/ptII/ptolemy/domains/de/test/auto/realtime.xml
----------------- Instantiating /home/travis/build/icyphy/ptII/ptolemy/domains/de/test/auto/realtime.xml
10002 ms. Memory: 577536K Free: 443394K (77%)
----------------- Invoking toplevel() on ptolemy.moml.MoMLSimpleApplication@75a5fbed
----------------- Done invoking toplevel() on ptolemy.moml.MoMLSimpleApplication@75a5fbed
reloadAllAccessors: .realtime

===========================================================================================
----------------- testing Wed May 08 04:15:49 UTC 2019 /home/travis/build/icyphy/ptII/ptolemy/domains/de/test/auto/relationGroup.xml
----------------- Instantiating /home/travis/build/icyphy/ptII/ptolemy/domains/de/test/auto/relationGroup.xml
2 ms. Memory: 577536K Free: 423252K (73%)
----------------- Invoking toplevel() on ptolemy.moml.MoMLSimpleApplication@203eb55c
----------------- Done invoking toplevel() on ptolemy.moml.MoMLSimpleApplication@203eb55c
reloadAllAccessors: .relationGroup

===========================================================================================
----------------- testing Wed May 08 04:15:49 UTC 2019 /home/travis/build/icyphy/ptII/ptolemy/domains/de/test/auto/relationGroup2.xml
----------------- Instantiating /home/travis/build/icyphy/ptII/ptolemy/domains/de/test/auto/relationGroup2.xml
1 ms. Memory: 577536K Free: 403111K (70%)
----------------- Invoking toplevel() on ptolemy.moml.MoMLSimpleApplication@307b3807
----------------- Done invoking toplevel() on ptolemy.moml.MoMLSimpleApplication@307b3807
reloadAllAccessors: .relationGroup2

===========================================================================================
----------------- testing Wed May 08 04:15:49 UTC 2019 /home/travis/build/icyphy/ptII/ptolemy/domains/de/test/auto/sortWithOpaquePorts.xml
----------------- Instantiating /home/travis/build/icyphy/ptII/ptolemy/domains/de/test/auto/sortWithOpaquePorts.xml
2 ms. Memory: 577536K Free: 382728K (66%)
----------------- Invoking toplevel() on ptolemy.moml.MoMLSimpleApplication@40da3686
----------------- Done invoking toplevel() on ptolemy.moml.MoMLSimpleApplication@40da3686
reloadAllAccessors: .sortWithOpaquePorts

===========================================================================================
----------------- testing Wed May 08 04:15:49 UTC 2019 /home/travis/build/icyphy/ptII/ptolemy/domains/de/test/auto/transferInputsandOutputs.xml
----------------- Instantiating /home/travis/build/icyphy/ptII/ptolemy/domains/de/test/auto/transferInputsandOutputs.xml
2 ms. Memory: 577536K Free: 362587K (63%)
----------------- Invoking toplevel() on ptolemy.moml.MoMLSimpleApplication@5f48b2c0
----------------- Done invoking toplevel() on ptolemy.moml.MoMLSimpleApplication@5f48b2c0
reloadAllAccessors: .transferInputsandOutputs

===========================================================================================
----------------- testing Wed May 08 04:15:49 UTC 2019 /home/travis/build/icyphy/ptII/ptolemy/domains/de/test/auto/triggerType.xml
----------------- Instantiating /home/travis/build/icyphy/ptII/ptolemy/domains/de/test/auto/triggerType.xml
2 ms. Memory: 577536K Free: 342445K (59%)
----------------- Invoking toplevel() on ptolemy.moml.MoMLSimpleApplication@37d400a0
----------------- Done invoking toplevel() on ptolemy.moml.MoMLSimpleApplication@37d400a0
reloadAllAccessors: .triggerType
AutoTests.java: About to close Vertx.
AutoTests.java: Vertx closed.
]]></system-out>
  <system-err><![CDATA[java.lang.RuntimeException: Execution failed
	at ptolemy.moml.MoMLSimpleApplication$UnloadThread.run(MoMLSimpleApplication.java:402)
Caused by: ptolemy.kernel.util.IllegalActionException: Found a zero delay loop containing .dependencyLoop.original
  in .dependencyLoop and .dependencyLoop.original
	at ptolemy.actor.util.CausalityInterfaceForComposites._computeOutputPortDepth(CausalityInterfaceForComposites.java:759)
	at ptolemy.actor.util.CausalityInterfaceForComposites._computeInputDepth(CausalityInterfaceForComposites.java:696)
	at ptolemy.actor.util.CausalityInterfaceForComposites._computeOutputPortDepth(CausalityInterfaceForComposites.java:765)
	at ptolemy.actor.util.CausalityInterfaceForComposites._computeInputDepth(CausalityInterfaceForComposites.java:696)
	at ptolemy.actor.util.CausalityInterfaceForComposites._computeOutputPortDepth(CausalityInterfaceForComposites.java:765)
	at ptolemy.actor.util.CausalityInterfaceForComposites._computeInputDepth(CausalityInterfaceForComposites.java:696)
	at ptolemy.actor.util.CausalityInterfaceForComposites._computeActorDepth(CausalityInterfaceForComposites.java:532)
	at ptolemy.actor.util.CausalityInterfaceForComposites.checkForCycles(CausalityInterfaceForComposites.java:96)
	at ptolemy.domains.de.kernel.DEDirector.preinitialize(DEDirector.java:1338)
	at ptolemy.actor.CompositeActor.preinitialize(CompositeActor.java:1828)
	at ptolemy.actor.Manager.preinitializeAndResolveTypes(Manager.java:1040)
	at ptolemy.actor.Manager.initialize(Manager.java:710)
	at ptolemy.actor.Manager.execute(Manager.java:356)
	at ptolemy.actor.Manager.run(Manager.java:1263)
	at ptolemy.actor.Manager$PtolemyRunThread.run(Manager.java:1915)
java.lang.RuntimeException: Execution failed
	at ptolemy.moml.MoMLSimpleApplication$UnloadThread.run(MoMLSimpleApplication.java:402)
Caused by: ptolemy.kernel.util.IllegalActionException: Found a zero delay loop containing .dependencyLoop2.original
  in .dependencyLoop2 and .dependencyLoop2.original
	at ptolemy.actor.util.CausalityInterfaceForComposites._computeOutputPortDepth(CausalityInterfaceForComposites.java:759)
	at ptolemy.actor.util.CausalityInterfaceForComposites._computeInputDepth(CausalityInterfaceForComposites.java:696)
	at ptolemy.actor.util.CausalityInterfaceForComposites._computeOutputPortDepth(CausalityInterfaceForComposites.java:765)
	at ptolemy.actor.util.CausalityInterfaceForComposites._computeInputDepth(CausalityInterfaceForComposites.java:696)
	at ptolemy.actor.util.CausalityInterfaceForComposites._computeOutputPortDepth(CausalityInterfaceForComposites.java:765)
	at ptolemy.actor.util.CausalityInterfaceForComposites._computeInputDepth(CausalityInterfaceForComposites.java:696)
	at ptolemy.actor.util.CausalityInterfaceForComposites._computeActorDepth(CausalityInterfaceForComposites.java:532)
	at ptolemy.actor.util.CausalityInterfaceForComposites.checkForCycles(CausalityInterfaceForComposites.java:96)
	at ptolemy.domains.de.kernel.DEDirector.preinitialize(DEDirector.java:1338)
	at ptolemy.actor.CompositeActor.preinitialize(CompositeActor.java:1828)
	at ptolemy.actor.Manager.preinitializeAndResolveTypes(Manager.java:1040)
	at ptolemy.actor.Manager.initialize(Manager.java:710)
	at ptolemy.actor.Manager.execute(Manager.java:356)
	at ptolemy.actor.Manager.run(Manager.java:1263)
	at ptolemy.actor.Manager$PtolemyRunThread.run(Manager.java:1915)
java.lang.RuntimeException: Execution failed
	at ptolemy.moml.MoMLSimpleApplication$UnloadThread.run(MoMLSimpleApplication.java:402)
Caused by: ptolemy.kernel.util.IllegalActionException: Found a zero delay loop containing .dependencyLoop.original
  in .dependencyLoop and .dependencyLoop.original
	at ptolemy.actor.util.CausalityInterfaceForComposites._computeOutputPortDepth(CausalityInterfaceForComposites.java:759)
	at ptolemy.actor.util.CausalityInterfaceForComposites._computeInputDepth(CausalityInterfaceForComposites.java:696)
	at ptolemy.actor.util.CausalityInterfaceForComposites._computeOutputPortDepth(CausalityInterfaceForComposites.java:765)
	at ptolemy.actor.util.CausalityInterfaceForComposites._computeInputDepth(CausalityInterfaceForComposites.java:696)
	at ptolemy.actor.util.CausalityInterfaceForComposites._computeOutputPortDepth(CausalityInterfaceForComposites.java:765)
	at ptolemy.actor.util.CausalityInterfaceForComposites._computeInputDepth(CausalityInterfaceForComposites.java:696)
	at ptolemy.actor.util.CausalityInterfaceForComposites._computeActorDepth(CausalityInterfaceForComposites.java:532)
	at ptolemy.actor.util.CausalityInterfaceForComposites.checkForCycles(CausalityInterfaceForComposites.java:96)
	at ptolemy.domains.de.kernel.DEDirector.preinitialize(DEDirector.java:1338)
	at ptolemy.actor.CompositeActor.preinitialize(CompositeActor.java:1828)
	at ptolemy.actor.Manager.preinitializeAndResolveTypes(Manager.java:1040)
	at ptolemy.actor.Manager.initialize(Manager.java:710)
	at ptolemy.actor.Manager.execute(Manager.java:356)
	at ptolemy.actor.Manager.run(Manager.java:1263)
	at ptolemy.actor.Manager$PtolemyRunThread.run(Manager.java:1915)
java.lang.RuntimeException: Execution failed
	at ptolemy.moml.MoMLSimpleApplication$UnloadThread.run(MoMLSimpleApplication.java:402)
Caused by: ptolemy.kernel.util.IllegalActionException: Actor is not ready to fire.  Perhaps UpSample.prefire() returned false? Try debugging the actor by selecting "Listen to Actor".  Also, for SDF check moml for tokenConsumptionRate on input.
  in .DESDFClockTest.Play Bell.Copy1:SDF Director and .DESDFClockTest.Play Bell.UpSample
	at ptolemy.actor.sched.StaticSchedulingDirector.fire(StaticSchedulingDirector.java:227)
	at ptolemy.domains.sdf.kernel.SDFDirector.fire(SDFDirector.java:500)
	at ptolemy.actor.CompositeActor.fire(CompositeActor.java:455)
	at ptolemy.domains.de.kernel.DEDirector._fire(DEDirector.java:1949)
	at ptolemy.domains.de.kernel.DEDirector.fire(DEDirector.java:502)
	at ptolemy.actor.CompositeActor.fire(CompositeActor.java:455)
	at ptolemy.actor.Manager.iterate(Manager.java:851)
	at ptolemy.actor.Manager.execute(Manager.java:369)
	at ptolemy.actor.Manager.run(Manager.java:1263)
	at ptolemy.actor.Manager$PtolemyRunThread.run(Manager.java:1915)
java.lang.RuntimeException: Execution failed
	at ptolemy.moml.MoMLSimpleApplication$UnloadThread.run(MoMLSimpleApplication.java:402)
Caused by: ptolemy.kernel.util.IllegalActionException: Found a zero delay loop containing .dependencyLoop2.original
  in .dependencyLoop2 and .dependencyLoop2.original
	at ptolemy.actor.util.CausalityInterfaceForComposites._computeOutputPortDepth(CausalityInterfaceForComposites.java:759)
	at ptolemy.actor.util.CausalityInterfaceForComposites._computeInputDepth(CausalityInterfaceForComposites.java:696)
	at ptolemy.actor.util.CausalityInterfaceForComposites._computeOutputPortDepth(CausalityInterfaceForComposites.java:765)
	at ptolemy.actor.util.CausalityInterfaceForComposites._computeInputDepth(CausalityInterfaceForComposites.java:696)
	at ptolemy.actor.util.CausalityInterfaceForComposites._computeOutputPortDepth(CausalityInterfaceForComposites.java:765)
	at ptolemy.actor.util.CausalityInterfaceForComposites._computeInputDepth(CausalityInterfaceForComposites.java:696)
	at ptolemy.actor.util.CausalityInterfaceForComposites._computeActorDepth(CausalityInterfaceForComposites.java:532)
	at ptolemy.actor.util.CausalityInterfaceForComposites.checkForCycles(CausalityInterfaceForComposites.java:96)
	at ptolemy.domains.de.kernel.DEDirector.preinitialize(DEDirector.java:1338)
	at ptolemy.actor.CompositeActor.preinitialize(CompositeActor.java:1828)
	at ptolemy.actor.Manager.preinitializeAndResolveTypes(Manager.java:1040)
	at ptolemy.actor.Manager.initialize(Manager.java:710)
	at ptolemy.actor.Manager.execute(Manager.java:356)
	at ptolemy.actor.Manager.run(Manager.java:1263)
	at ptolemy.actor.Manager$PtolemyRunThread.run(Manager.java:1915)
java.lang.RuntimeException: Execution failed
	at ptolemy.moml.MoMLSimpleApplication$UnloadThread.run(MoMLSimpleApplication.java:402)
Caused by: ptolemy.kernel.util.IllegalActionException: Found a zero delay loop containing .HierarchicalModel.A
  in .HierarchicalModel and .HierarchicalModel.A
	at ptolemy.actor.util.CausalityInterfaceForComposites._computeOutputPortDepth(CausalityInterfaceForComposites.java:759)
	at ptolemy.actor.util.CausalityInterfaceForComposites._computeInputDepth(CausalityInterfaceForComposites.java:696)
	at ptolemy.actor.util.CausalityInterfaceForComposites._computeOutputPortDepth(CausalityInterfaceForComposites.java:765)
	at ptolemy.actor.util.CausalityInterfaceForComposites._computeInputDepth(CausalityInterfaceForComposites.java:696)
	at ptolemy.actor.util.CausalityInterfaceForComposites._computeOutputPortDepth(CausalityInterfaceForComposites.java:765)
	at ptolemy.actor.util.CausalityInterfaceForComposites._computeInputDepth(CausalityInterfaceForComposites.java:696)
	at ptolemy.actor.util.CausalityInterfaceForComposites._computeActorDepth(CausalityInterfaceForComposites.java:532)
	at ptolemy.actor.util.CausalityInterfaceForComposites.checkForCycles(CausalityInterfaceForComposites.java:96)
	at ptolemy.domains.de.kernel.DEDirector.preinitialize(DEDirector.java:1338)
	at ptolemy.actor.CompositeActor.preinitialize(CompositeActor.java:1828)
	at ptolemy.actor.Manager.preinitializeAndResolveTypes(Manager.java:1040)
	at ptolemy.actor.Manager.initialize(Manager.java:710)
	at ptolemy.actor.Manager.execute(Manager.java:356)
	at ptolemy.actor.Manager.run(Manager.java:1263)
	at ptolemy.actor.Manager$PtolemyRunThread.run(Manager.java:1915)
java.lang.RuntimeException: Execution failed
	at ptolemy.moml.MoMLSimpleApplication$UnloadThread.run(MoMLSimpleApplication.java:402)
Caused by: ptolemy.kernel.util.IllegalActionException: Test fails in iteration 1.
Value was: 1.0. Should have been: 2.0
  in .DirectFeedback.Test
	at ptolemy.actor.lib.Test.fire(Test.java:268)
	at ptolemy.domains.de.kernel.DEDirector._fire(DEDirector.java:1949)
	at ptolemy.domains.de.kernel.DEDirector.fire(DEDirector.java:502)
	at ptolemy.actor.CompositeActor.fire(CompositeActor.java:455)
	at ptolemy.actor.Manager.iterate(Manager.java:851)
	at ptolemy.actor.Manager.execute(Manager.java:369)
	at ptolemy.actor.Manager.run(Manager.java:1263)
	at ptolemy.actor.Manager$PtolemyRunThread.run(Manager.java:1915)
java.lang.RuntimeException: Execution failed
	at ptolemy.moml.MoMLSimpleApplication$UnloadThread.run(MoMLSimpleApplication.java:402)
Caused by: ptolemy.kernel.util.IllegalActionException: Actor is not ready to fire.  Perhaps UpSample.prefire() returned false? Try debugging the actor by selecting "Listen to Actor".  Also, for SDF check moml for tokenConsumptionRate on input.
  in .DESDFClockTest.Play Bell.Copy1:SDF Director and .DESDFClockTest.Play Bell.UpSample
	at ptolemy.actor.sched.StaticSchedulingDirector.fire(StaticSchedulingDirector.java:227)
	at ptolemy.domains.sdf.kernel.SDFDirector.fire(SDFDirector.java:500)
	at ptolemy.actor.CompositeActor.fire(CompositeActor.java:455)
	at ptolemy.domains.de.kernel.DEDirector._fire(DEDirector.java:1949)
	at ptolemy.domains.de.kernel.DEDirector.fire(DEDirector.java:502)
	at ptolemy.actor.CompositeActor.fire(CompositeActor.java:455)
	at ptolemy.actor.Manager.iterate(Manager.java:851)
	at ptolemy.actor.Manager.execute(Manager.java:369)
	at ptolemy.actor.Manager.run(Manager.java:1263)
	at ptolemy.actor.Manager$PtolemyRunThread.run(Manager.java:1915)
java.lang.reflect.InvocationTargetException
	at sun.reflect.NativeConstructorAccessorImpl.newInstance0(Native Method)
	at sun.reflect.NativeConstructorAccessorImpl.newInstance(NativeConstructorAccessorImpl.java:62)
	at sun.reflect.DelegatingConstructorAccessorImpl.newInstance(DelegatingConstructorAccessorImpl.java:45)
	at java.lang.reflect.Constructor.newInstance(Constructor.java:423)
	at ptolemy.util.test.junit.AutoKnownFailedTests.RunModel(AutoKnownFailedTests.java:105)
	at sun.reflect.NativeMethodAccessorImpl.invoke0(Native Method)
	at sun.reflect.NativeMethodAccessorImpl.invoke(NativeMethodAccessorImpl.java:62)
	at sun.reflect.DelegatingMethodAccessorImpl.invoke(DelegatingMethodAccessorImpl.java:43)
	at java.lang.reflect.Method.invoke(Method.java:498)
	at org.junit.runners.model.FrameworkMethod$1.runReflectiveCall(FrameworkMethod.java:44)
	at org.junit.internal.runners.model.ReflectiveCallable.run(ReflectiveCallable.java:15)
	at org.junit.runners.model.FrameworkMethod.invokeExplosively(FrameworkMethod.java:41)
	at junitparams.internal.InvokeParameterisedMethod.evaluate(InvokeParameterisedMethod.java:102)
	at org.junit.internal.runners.statements.FailOnTimeout$1.run(FailOnTimeout.java:28)
Caused by: ptolemy.kernel.util.IllegalActionException: Actor is not ready to fire.  Perhaps UpSample.prefire() returned false? Try debugging the actor by selecting "Listen to Actor".  Also, for SDF check moml for tokenConsumptionRate on input.
  in .DESDFClockTest.Play Bell.Copy1:SDF Director and .DESDFClockTest.Play Bell.UpSample
	at ptolemy.actor.sched.StaticSchedulingDirector.fire(StaticSchedulingDirector.java:227)
	at ptolemy.domains.sdf.kernel.SDFDirector.fire(SDFDirector.java:500)
	at ptolemy.actor.CompositeActor.fire(CompositeActor.java:455)
	at ptolemy.domains.de.kernel.DEDirector._fire(DEDirector.java:1949)
	at ptolemy.domains.de.kernel.DEDirector.fire(DEDirector.java:502)
	at ptolemy.actor.CompositeActor.fire(CompositeActor.java:455)
	at ptolemy.actor.Manager.iterate(Manager.java:851)
	at ptolemy.actor.Manager.execute(Manager.java:369)
	at ptolemy.actor.Manager.run(Manager.java:1263)
	at ptolemy.actor.Manager$PtolemyRunThread.run(Manager.java:1915)
java.lang.RuntimeException: Execution failed
	at ptolemy.moml.MoMLSimpleApplication$UnloadThread.run(MoMLSimpleApplication.java:402)
Caused by: ptolemy.kernel.util.IllegalActionException: Test fails in iteration 1.
Value was: 1.0. Should have been: 2.0
  in .DirectFeedback.Test
	at ptolemy.actor.lib.Test.fire(Test.java:268)
	at ptolemy.domains.de.kernel.DEDirector._fire(DEDirector.java:1949)
	at ptolemy.domains.de.kernel.DEDirector.fire(DEDirector.java:502)
	at ptolemy.actor.CompositeActor.fire(CompositeActor.java:455)
	at ptolemy.actor.Manager.iterate(Manager.java:851)
	at ptolemy.actor.Manager.execute(Manager.java:369)
	at ptolemy.actor.Manager.run(Manager.java:1263)
	at ptolemy.actor.Manager$PtolemyRunThread.run(Manager.java:1915)
java.lang.reflect.InvocationTargetException
	at sun.reflect.NativeConstructorAccessorImpl.newInstance0(Native Method)
	at sun.reflect.NativeConstructorAccessorImpl.newInstance(NativeConstructorAccessorImpl.java:62)
	at sun.reflect.DelegatingConstructorAccessorImpl.newInstance(DelegatingConstructorAccessorImpl.java:45)
	at java.lang.reflect.Constructor.newInstance(Constructor.java:423)
	at ptolemy.util.test.junit.AutoKnownFailedTests.RunModel(AutoKnownFailedTests.java:105)
	at sun.reflect.NativeMethodAccessorImpl.invoke0(Native Method)
	at sun.reflect.NativeMethodAccessorImpl.invoke(NativeMethodAccessorImpl.java:62)
	at sun.reflect.DelegatingMethodAccessorImpl.invoke(DelegatingMethodAccessorImpl.java:43)
	at java.lang.reflect.Method.invoke(Method.java:498)
	at org.junit.runners.model.FrameworkMethod$1.runReflectiveCall(FrameworkMethod.java:44)
	at org.junit.internal.runners.model.ReflectiveCallable.run(ReflectiveCallable.java:15)
	at org.junit.runners.model.FrameworkMethod.invokeExplosively(FrameworkMethod.java:41)
	at junitparams.internal.InvokeParameterisedMethod.evaluate(InvokeParameterisedMethod.java:102)
	at org.junit.internal.runners.statements.FailOnTimeout$1.run(FailOnTimeout.java:28)
Caused by: ptolemy.kernel.util.IllegalActionException: Test fails in iteration 1.
Value was: 1.0. Should have been: 2.0
  in .DirectFeedback.Test
	at ptolemy.actor.lib.Test.fire(Test.java:268)
	at ptolemy.domains.de.kernel.DEDirector._fire(DEDirector.java:1949)
	at ptolemy.domains.de.kernel.DEDirector.fire(DEDirector.java:502)
	at ptolemy.actor.CompositeActor.fire(CompositeActor.java:455)
	at ptolemy.actor.Manager.iterate(Manager.java:851)
	at ptolemy.actor.Manager.execute(Manager.java:369)
	at ptolemy.actor.Manager.run(Manager.java:1263)
	at ptolemy.actor.Manager$PtolemyRunThread.run(Manager.java:1915)
java.lang.RuntimeException: Execution failed
	at ptolemy.moml.MoMLSimpleApplication$UnloadThread.run(MoMLSimpleApplication.java:402)
Caused by: ptolemy.kernel.util.IllegalActionException: Found a zero delay loop containing .HierarchicalModel.A
  in .HierarchicalModel and .HierarchicalModel.A
	at ptolemy.actor.util.CausalityInterfaceForComposites._computeOutputPortDepth(CausalityInterfaceForComposites.java:759)
	at ptolemy.actor.util.CausalityInterfaceForComposites._computeInputDepth(CausalityInterfaceForComposites.java:696)
	at ptolemy.actor.util.CausalityInterfaceForComposites._computeOutputPortDepth(CausalityInterfaceForComposites.java:765)
	at ptolemy.actor.util.CausalityInterfaceForComposites._computeInputDepth(CausalityInterfaceForComposites.java:696)
	at ptolemy.actor.util.CausalityInterfaceForComposites._computeOutputPortDepth(CausalityInterfaceForComposites.java:765)
	at ptolemy.actor.util.CausalityInterfaceForComposites._computeInputDepth(CausalityInterfaceForComposites.java:696)
	at ptolemy.actor.util.CausalityInterfaceForComposites._computeActorDepth(CausalityInterfaceForComposites.java:532)
	at ptolemy.actor.util.CausalityInterfaceForComposites.checkForCycles(CausalityInterfaceForComposites.java:96)
	at ptolemy.domains.de.kernel.DEDirector.preinitialize(DEDirector.java:1338)
	at ptolemy.actor.CompositeActor.preinitialize(CompositeActor.java:1828)
	at ptolemy.actor.Manager.preinitializeAndResolveTypes(Manager.java:1040)
	at ptolemy.actor.Manager.initialize(Manager.java:710)
	at ptolemy.actor.Manager.execute(Manager.java:356)
	at ptolemy.actor.Manager.run(Manager.java:1263)
	at ptolemy.actor.Manager$PtolemyRunThread.run(Manager.java:1915)
java.lang.reflect.InvocationTargetException
	at sun.reflect.NativeConstructorAccessorImpl.newInstance0(Native Method)
	at sun.reflect.NativeConstructorAccessorImpl.newInstance(NativeConstructorAccessorImpl.java:62)
	at sun.reflect.DelegatingConstructorAccessorImpl.newInstance(DelegatingConstructorAccessorImpl.java:45)
	at java.lang.reflect.Constructor.newInstance(Constructor.java:423)
	at ptolemy.util.test.junit.AutoKnownFailedTests.RunModel(AutoKnownFailedTests.java:105)
	at sun.reflect.NativeMethodAccessorImpl.invoke0(Native Method)
	at sun.reflect.NativeMethodAccessorImpl.invoke(NativeMethodAccessorImpl.java:62)
	at sun.reflect.DelegatingMethodAccessorImpl.invoke(DelegatingMethodAccessorImpl.java:43)
	at java.lang.reflect.Method.invoke(Method.java:498)
	at org.junit.runners.model.FrameworkMethod$1.runReflectiveCall(FrameworkMethod.java:44)
	at org.junit.internal.runners.model.ReflectiveCallable.run(ReflectiveCallable.java:15)
	at org.junit.runners.model.FrameworkMethod.invokeExplosively(FrameworkMethod.java:41)
	at junitparams.internal.InvokeParameterisedMethod.evaluate(InvokeParameterisedMethod.java:102)
	at org.junit.internal.runners.statements.FailOnTimeout$1.run(FailOnTimeout.java:28)
Caused by: ptolemy.kernel.util.IllegalActionException: Found a zero delay loop containing .HierarchicalModel.A
  in .HierarchicalModel and .HierarchicalModel.A
	at ptolemy.actor.util.CausalityInterfaceForComposites._computeOutputPortDepth(CausalityInterfaceForComposites.java:759)
	at ptolemy.actor.util.CausalityInterfaceForComposites._computeInputDepth(CausalityInterfaceForComposites.java:696)
	at ptolemy.actor.util.CausalityInterfaceForComposites._computeOutputPortDepth(CausalityInterfaceForComposites.java:765)
	at ptolemy.actor.util.CausalityInterfaceForComposites._computeInputDepth(CausalityInterfaceForComposites.java:696)
	at ptolemy.actor.util.CausalityInterfaceForComposites._computeOutputPortDepth(CausalityInterfaceForComposites.java:765)
	at ptolemy.actor.util.CausalityInterfaceForComposites._computeInputDepth(CausalityInterfaceForComposites.java:696)
	at ptolemy.actor.util.CausalityInterfaceForComposites._computeActorDepth(CausalityInterfaceForComposites.java:532)
	at ptolemy.actor.util.CausalityInterfaceForComposites.checkForCycles(CausalityInterfaceForComposites.java:96)
	at ptolemy.domains.de.kernel.DEDirector.preinitialize(DEDirector.java:1338)
	at ptolemy.actor.CompositeActor.preinitialize(CompositeActor.java:1828)
	at ptolemy.actor.Manager.preinitializeAndResolveTypes(Manager.java:1040)
	at ptolemy.actor.Manager.initialize(Manager.java:710)
	at ptolemy.actor.Manager.execute(Manager.java:356)
	at ptolemy.actor.Manager.run(Manager.java:1263)
	at ptolemy.actor.Manager$PtolemyRunThread.run(Manager.java:1915)
java.lang.RuntimeException: Execution failed
	at ptolemy.moml.MoMLSimpleApplication$UnloadThread.run(MoMLSimpleApplication.java:402)
Caused by: ptolemy.kernel.util.IllegalActionException: Found a zero delay loop containing .dependencyLoop.original
  in .dependencyLoop and .dependencyLoop.original
	at ptolemy.actor.util.CausalityInterfaceForComposites._computeOutputPortDepth(CausalityInterfaceForComposites.java:759)
	at ptolemy.actor.util.CausalityInterfaceForComposites._computeInputDepth(CausalityInterfaceForComposites.java:696)
	at ptolemy.actor.util.CausalityInterfaceForComposites._computeOutputPortDepth(CausalityInterfaceForComposites.java:765)
	at ptolemy.actor.util.CausalityInterfaceForComposites._computeInputDepth(CausalityInterfaceForComposites.java:696)
	at ptolemy.actor.util.CausalityInterfaceForComposites._computeOutputPortDepth(CausalityInterfaceForComposites.java:765)
	at ptolemy.actor.util.CausalityInterfaceForComposites._computeInputDepth(CausalityInterfaceForComposites.java:696)
	at ptolemy.actor.util.CausalityInterfaceForComposites._computeActorDepth(CausalityInterfaceForComposites.java:532)
	at ptolemy.actor.util.CausalityInterfaceForComposites.checkForCycles(CausalityInterfaceForComposites.java:96)
	at ptolemy.domains.de.kernel.DEDirector.preinitialize(DEDirector.java:1338)
	at ptolemy.actor.CompositeActor.preinitialize(CompositeActor.java:1828)
	at ptolemy.actor.Manager.preinitializeAndResolveTypes(Manager.java:1040)
	at ptolemy.actor.Manager.initialize(Manager.java:710)
	at ptolemy.actor.Manager.execute(Manager.java:356)
	at ptolemy.actor.Manager.run(Manager.java:1263)
	at ptolemy.actor.Manager$PtolemyRunThread.run(Manager.java:1915)
java.lang.reflect.InvocationTargetException
	at sun.reflect.NativeConstructorAccessorImpl.newInstance0(Native Method)
	at sun.reflect.NativeConstructorAccessorImpl.newInstance(NativeConstructorAccessorImpl.java:62)
	at sun.reflect.DelegatingConstructorAccessorImpl.newInstance(DelegatingConstructorAccessorImpl.java:45)
	at java.lang.reflect.Constructor.newInstance(Constructor.java:423)
	at ptolemy.util.test.junit.AutoKnownFailedTests.RunModel(AutoKnownFailedTests.java:105)
	at sun.reflect.NativeMethodAccessorImpl.invoke0(Native Method)
	at sun.reflect.NativeMethodAccessorImpl.invoke(NativeMethodAccessorImpl.java:62)
	at sun.reflect.DelegatingMethodAccessorImpl.invoke(DelegatingMethodAccessorImpl.java:43)
	at java.lang.reflect.Method.invoke(Method.java:498)
	at org.junit.runners.model.FrameworkMethod$1.runReflectiveCall(FrameworkMethod.java:44)
	at org.junit.internal.runners.model.ReflectiveCallable.run(ReflectiveCallable.java:15)
	at org.junit.runners.model.FrameworkMethod.invokeExplosively(FrameworkMethod.java:41)
	at junitparams.internal.InvokeParameterisedMethod.evaluate(InvokeParameterisedMethod.java:102)
	at org.junit.internal.runners.statements.FailOnTimeout$1.run(FailOnTimeout.java:28)
Caused by: ptolemy.kernel.util.IllegalActionException: Found a zero delay loop containing .dependencyLoop.original
  in .dependencyLoop and .dependencyLoop.original
	at ptolemy.actor.util.CausalityInterfaceForComposites._computeOutputPortDepth(CausalityInterfaceForComposites.java:759)
	at ptolemy.actor.util.CausalityInterfaceForComposites._computeInputDepth(CausalityInterfaceForComposites.java:696)
	at ptolemy.actor.util.CausalityInterfaceForComposites._computeOutputPortDepth(CausalityInterfaceForComposites.java:765)
	at ptolemy.actor.util.CausalityInterfaceForComposites._computeInputDepth(CausalityInterfaceForComposites.java:696)
	at ptolemy.actor.util.CausalityInterfaceForComposites._computeOutputPortDepth(CausalityInterfaceForComposites.java:765)
	at ptolemy.actor.util.CausalityInterfaceForComposites._computeInputDepth(CausalityInterfaceForComposites.java:696)
	at ptolemy.actor.util.CausalityInterfaceForComposites._computeActorDepth(CausalityInterfaceForComposites.java:532)
	at ptolemy.actor.util.CausalityInterfaceForComposites.checkForCycles(CausalityInterfaceForComposites.java:96)
	at ptolemy.domains.de.kernel.DEDirector.preinitialize(DEDirector.java:1338)
	at ptolemy.actor.CompositeActor.preinitialize(CompositeActor.java:1828)
	at ptolemy.actor.Manager.preinitializeAndResolveTypes(Manager.java:1040)
	at ptolemy.actor.Manager.initialize(Manager.java:710)
	at ptolemy.actor.Manager.execute(Manager.java:356)
	at ptolemy.actor.Manager.run(Manager.java:1263)
	at ptolemy.actor.Manager$PtolemyRunThread.run(Manager.java:1915)
java.lang.RuntimeException: Execution failed
	at ptolemy.moml.MoMLSimpleApplication$UnloadThread.run(MoMLSimpleApplication.java:402)
Caused by: ptolemy.kernel.util.IllegalActionException: Found a zero delay loop containing .dependencyLoop2.original
  in .dependencyLoop2 and .dependencyLoop2.original
	at ptolemy.actor.util.CausalityInterfaceForComposites._computeOutputPortDepth(CausalityInterfaceForComposites.java:759)
	at ptolemy.actor.util.CausalityInterfaceForComposites._computeInputDepth(CausalityInterfaceForComposites.java:696)
	at ptolemy.actor.util.CausalityInterfaceForComposites._computeOutputPortDepth(CausalityInterfaceForComposites.java:765)
	at ptolemy.actor.util.CausalityInterfaceForComposites._computeInputDepth(CausalityInterfaceForComposites.java:696)
	at ptolemy.actor.util.CausalityInterfaceForComposites._computeOutputPortDepth(CausalityInterfaceForComposites.java:765)
	at ptolemy.actor.util.CausalityInterfaceForComposites._computeInputDepth(CausalityInterfaceForComposites.java:696)
	at ptolemy.actor.util.CausalityInterfaceForComposites._computeActorDepth(CausalityInterfaceForComposites.java:532)
	at ptolemy.actor.util.CausalityInterfaceForComposites.checkForCycles(CausalityInterfaceForComposites.java:96)
	at ptolemy.domains.de.kernel.DEDirector.preinitialize(DEDirector.java:1338)
	at ptolemy.actor.CompositeActor.preinitialize(CompositeActor.java:1828)
	at ptolemy.actor.Manager.preinitializeAndResolveTypes(Manager.java:1040)
	at ptolemy.actor.Manager.initialize(Manager.java:710)
	at ptolemy.actor.Manager.execute(Manager.java:356)
	at ptolemy.actor.Manager.run(Manager.java:1263)
	at ptolemy.actor.Manager$PtolemyRunThread.run(Manager.java:1915)
java.lang.reflect.InvocationTargetException
	at sun.reflect.NativeConstructorAccessorImpl.newInstance0(Native Method)
	at sun.reflect.NativeConstructorAccessorImpl.newInstance(NativeConstructorAccessorImpl.java:62)
	at sun.reflect.DelegatingConstructorAccessorImpl.newInstance(DelegatingConstructorAccessorImpl.java:45)
	at java.lang.reflect.Constructor.newInstance(Constructor.java:423)
	at ptolemy.util.test.junit.AutoKnownFailedTests.RunModel(AutoKnownFailedTests.java:105)
	at sun.reflect.NativeMethodAccessorImpl.invoke0(Native Method)
	at sun.reflect.NativeMethodAccessorImpl.invoke(NativeMethodAccessorImpl.java:62)
	at sun.reflect.DelegatingMethodAccessorImpl.invoke(DelegatingMethodAccessorImpl.java:43)
	at java.lang.reflect.Method.invoke(Method.java:498)
	at org.junit.runners.model.FrameworkMethod$1.runReflectiveCall(FrameworkMethod.java:44)
	at org.junit.internal.runners.model.ReflectiveCallable.run(ReflectiveCallable.java:15)
	at org.junit.runners.model.FrameworkMethod.invokeExplosively(FrameworkMethod.java:41)
	at junitparams.internal.InvokeParameterisedMethod.evaluate(InvokeParameterisedMethod.java:102)
	at org.junit.internal.runners.statements.FailOnTimeout$1.run(FailOnTimeout.java:28)
Caused by: ptolemy.kernel.util.IllegalActionException: Found a zero delay loop containing .dependencyLoop2.original
  in .dependencyLoop2 and .dependencyLoop2.original
	at ptolemy.actor.util.CausalityInterfaceForComposites._computeOutputPortDepth(CausalityInterfaceForComposites.java:759)
	at ptolemy.actor.util.CausalityInterfaceForComposites._computeInputDepth(CausalityInterfaceForComposites.java:696)
	at ptolemy.actor.util.CausalityInterfaceForComposites._computeOutputPortDepth(CausalityInterfaceForComposites.java:765)
	at ptolemy.actor.util.CausalityInterfaceForComposites._computeInputDepth(CausalityInterfaceForComposites.java:696)
	at ptolemy.actor.util.CausalityInterfaceForComposites._computeOutputPortDepth(CausalityInterfaceForComposites.java:765)
	at ptolemy.actor.util.CausalityInterfaceForComposites._computeInputDepth(CausalityInterfaceForComposites.java:696)
	at ptolemy.actor.util.CausalityInterfaceForComposites._computeActorDepth(CausalityInterfaceForComposites.java:532)
	at ptolemy.actor.util.CausalityInterfaceForComposites.checkForCycles(CausalityInterfaceForComposites.java:96)
	at ptolemy.domains.de.kernel.DEDirector.preinitialize(DEDirector.java:1338)
	at ptolemy.actor.CompositeActor.preinitialize(CompositeActor.java:1828)
	at ptolemy.actor.Manager.preinitializeAndResolveTypes(Manager.java:1040)
	at ptolemy.actor.Manager.initialize(Manager.java:710)
	at ptolemy.actor.Manager.execute(Manager.java:356)
	at ptolemy.actor.Manager.run(Manager.java:1263)
	at ptolemy.actor.Manager$PtolemyRunThread.run(Manager.java:1915)
]]></system-err>
</testsuite>
