<?xml version="1.0" encoding="UTF-8" ?>
<testsuite errors="0" failures="0" hostname="travis-job-65636803-aec3-40a0-8e8a-c89ec8662f5a" name="ptolemy.domains.de.test.junit.JUnitTclTest" skipped="0" tests="101" time="128.666" timestamp="2019-05-10T04:17:16">
  <properties>
    <property name="npm.executable" value="npm" />
    <property name="file.encoding.pkg" value="sun.io" />
    <property name="env.TRAVIS_ROOT" value="/" />
    <property name="ptII.mk.exists" value="true" />
    <property name="env.TRAVIS_APP_HOST" value="build.travis-ci.org" />
    <property name="env.rvm_bin_path" value="/home/travis/.rvm/bin" />
    <property name="java.home" value="/usr/lib/jvm/java-8-oracle/jre" />
    <property name="env.TRAVIS_JOB_NUMBER" value="1126.9" />
    <property name="env.TRAVIS_HOME" value="/home/travis" />
    <property name="env.DISPLAY" value=":99.0" />
    <property name="java.net.preferIPv4Stack" value="true" />
    <property name="env.TRAVIS_INIT" value="upstart" />
    <property name="env.SSH_TTY" value="/dev/pts/0" />
    <property name="env.RUN_TESTS" value="true" />
    <property name="timeout.short" value="1000000" />
    <property name="env.TRAVIS_JOB_NAME" value="" />
    <property name="env.TRAVIS_STACK_NODE_ATTRIBUTES" value="/.node-attributes.yml" />
    <property name="junit.formatter" value="xml" />
    <property name="java.endorsed.dirs" value="/usr/lib/jvm/java-8-oracle/jre/lib/endorsed" />
    <property name="env.TRAVIS_SUDO" value="true" />
    <property name="env.LOGNAME" value="travis" />
    <property name="jsdoc.home" value="node_modules/@terraswarm/jsdoc" />
    <property name="debuglevel" value="source,lines,vars" />
    <property name="checkstyle.formatter" value="xml" />
    <property name="bin.vergil.makeable" value="true" />
    <property name="env._system_version" value="14.04" />
    <property name="sun.os.patch.level" value="unknown" />
    <property name="java.vendor.url" value="http://java.oracle.com/" />
    <property name="env.TRAVIS_BUILD_WEB_URL" value="https://travis-ci.org/icyphy/ptII/builds/530577249" />
    <property name="java.version" value="1.8.0_151" />
    <property name="env.TZ" value="UTC" />
    <property name="env.PT_NO_NET" value="true" />
    <property name="env.TRAVIS_PULL_REQUEST_SHA" value="" />
    <property name="env.TRAVIS_SECURE_ENV_VARS" value="true" />
    <property name="env._system_type" value="Linux" />
    <property name="java.vendor.url.bug" value="http://bugreport.sun.com/bugreport/" />
    <property name="env.SSH_CLIENT" value="10.10.4.82 41102 22" />
    <property name="npmjs-org-is-up" value="true" />
    <property name="env.GEM_HOME" value="/home/travis/.rvm/gems/ruby-2.4.1" />
    <property name="env.HAS_ANTARES_THREE_LITTLE_FRONZIES_BADGE" value="true" />
    <property name="env.PS4" value="+" />
    <property name="ant.project.invoked-targets" value="build,test.core2.xml" />
    <property name="env.TRAVIS_PULL_REQUEST_BRANCH" value="" />
    <property name="env.TRAVIS_REPO_SLUG" value="icyphy/ptII" />
    <property name="env.TRAVIS_APT_PROXY" value="http://build-cache.travisci.net" />
    <property name="node.in.path" value="true" />
    <property name="java.maxmemory" value="1400m" />
    <property name="env.RUBY_VERSION" value="ruby-2.4.1" />
    <property name="user.name" value="travis" />
    <property name="env.LANG" value="en_US.UTF-8" />
    <property name="sun.io.unicode.encoding" value="UnicodeLittle" />
    <property name="sun.jnu.encoding" value="UTF-8" />
    <property name="java.runtime.name" value="Java(TM) SE Runtime Environment" />
    <property name="usefile" value="false" />
    <property name="return.code" value="0" />
    <property name="junit.single.formatter" value="plain" />
    <property name="env.DYLD_LIBRARY_PATH" value="/home/travis/pthla/certi-tools/lib:" />
    <property name="env.DEBIAN_FRONTEND" value="noninteractive" />
    <property name="env.SSH_CONNECTION" value="10.10.4.82 41102 10.20.0.130 22" />
    <property name="env.MYSQL_UNIX_PORT" value="/var/run/mysqld/mysqld.sock" />
    <property name="env.TRAVIS_ALLOW_FAILURE" value="false" />
    <property name="env.LC_ALL" value="en_US.UTF-8" />
    <property name="env.TRAVIS_JOB_WEB_URL" value="https://travis-ci.org/icyphy/ptII/jobs/530577261" />
    <property name="java.specification.name" value="Java Platform API Specification" />
    <property name="node.works" value="true" />
    <property name="user.timezone" value="" />
    <property name="path.separator" value=":" />
    <property name="env.TRAVIS_ENABLE_INFRA_DETECTION" value="true" />
    <property name="env.PYTHON_CFLAGS" value="-g -fstack-protector --param=ssp-buffer-size=4 -Wformat -Werror=format-security" />
    <property name="timeout.long" value="4000000" />
    <property name="env.CERTI_HOME" value="/home/travis/pthla/certi-tools" />
    <property name="file.encoding" value="UTF-8" />
    <property name="ant.file.ptII" value="/home/travis/build/icyphy/ptII/build.xml" />
    <property name="javadoc.packagenames" value="com.*,diva.*,lbnl.*,org.hlacerti.*,org.json.*,org.ptolemy.*,org.terraswarm.*,ptolemy.*,ptserver.*" />
    <property name="env.TRAVIS_PULL_REQUEST_SLUG" value="" />
    <property name="ant.project.default-target" value="build" />
    <property name="env.GIT_ASKPASS" value="echo" />
    <property name="env.HOME" value="/home/travis" />
    <property name="sun.java.command" value="org.apache.tools.ant.taskdefs.optional.junit.JUnitTestRunner ptolemy.domains.de.test.junit.JUnitTclTest skipNonTests=false filtertrace=true haltOnError=false haltOnFailure=false formatter=org.apache.tools.ant.taskdefs.optional.junit.OutErrSummaryJUnitResultFormatter showoutput=true outputtoformatters=true logfailedtests=true threadid=0 logtestlistenerevents=false formatter=org.apache.tools.ant.taskdefs.optional.junit.XMLJUnitResultFormatter,/home/travis/build/icyphy/ptII/reports/junit/TEST-ptolemy.domains.de.test.junit.JUnitTclTest.xml crashfile=/home/travis/build/icyphy/ptII/junitvmwatcher5007295593423474186.properties propsfile=/home/travis/build/icyphy/ptII/junit892141568062324568.properties" />
    <property name="env.MANPATH" value="/home/travis/.nvm/versions/node/v7.10.1/share/man:/home/travis/.kiex/elixirs/elixir-1.4.5/man:/home/travis/.rvm/rubies/ruby-2.4.1/share/man:/usr/local/man:/usr/local/cmake-3.9.2/man:/usr/local/clang-5.0.0/share/man:/usr/local/share/man:/usr/share/man:/home/travis/.rvm/man" />
    <property name="env.COMPOSER_NO_INTERACTION" value="1" />
    <property name="env.JDK_SWITCHER_DEFAULT" value="oraclejdk8" />
    <property name="env.TRAVIS_TIMER_ID" value="12ee5608" />
    <property name="ant.file" value="/home/travis/build/icyphy/ptII/build.xml" />
    <property name="env.TRAVIS_COMMIT_RANGE" value="1588380d5a0cb681557566111709d60c983d08cd...25358e19e906f8e9155807d44808777cd5710b63" />
    <property name="env._system_name" value="Ubuntu" />
    <property name="timeout" value="2400000" />
    <property name="ptII.classpath.optional.property" value="/home/travis/build/icyphy/ptII/lib/bsh-2.0b4.jar:/home/travis/build/icyphy/ptII/lib/ptCal.jar:/home/travis/build/icyphy/ptII/lib/java_cup.jar:/home/travis/build/icyphy/ptII/lib/saxon8.jar:/home/travis/build/icyphy/ptII/lib/saxon8-dom.jar:/home/travis/build/icyphy/ptII/lib/chic.jar:/home/travis/build/icyphy/ptII/lib/ptcolt.jar:/usr/lib/jvm/java-8-oracle/lib/tools.jar:/home/travis/build/icyphy/ptII/vendors/misc/itext/iText.jar:/home/travis/build/icyphy/ptII/lib/g4ltl.jar:/home/travis/build/icyphy/ptII/lib/StructuralCoder.jar:/home/travis/build/icyphy/ptII/vendors/jai-1_1_2_01/lib/jai_core.jar:/home/travis/build/icyphy/ptII/vendors/jai-1_1_2_01/lib/jai_codec.jar:/home/travis/build/icyphy/ptII/lib/jcerti.jar:/home/travis/build/icyphy/ptII/lib/javax.mail.jar:/home/travis/build/icyphy/ptII/vendors/JMF-2.1.1e/lib/jmf.jar:/home/travis/build/icyphy/ptII/lib/jna-4.0.0-variadic.jar:/home/travis/build/icyphy/ptII/vendors/misc/joystick/Joystick.jar:/home/travis/build/icyphy/ptII/lib/ptjacl.jar:/home/travis/build/icyphy/ptII/lib/jsoup-1.8.2.jar:/home/travis/build/icyphy/ptII/lib/junit-4.8.2.jar:/home/travis/build/icyphy/ptII/lib/JUnitParams-0.4.0.jar:/home/travis/build/icyphy/ptII/ptolemy/actor/lib/excel/jxl.jar:/home/travis/build/icyphy/ptII/lib/jython.jar:/home/travis/build/icyphy/ptII/lib/kieler.jar:/home/travis/build/icyphy/ptII/vendors/opencv/share/OpenCV/java/opencv-341.jar:/home/travis/build/icyphy/ptII/lib/oscP5.jar:/home/travis/build/icyphy/ptII/lib/nrjavaserial-3.11.0.devel.jar:/home/travis/build/icyphy/ptII/vendors/j3d/lib/j3dcore.jar:/home/travis/build/icyphy/ptII/vendors/j3d/lib/j3dutils.jar:/home/travis/build/icyphy/ptII/vendors/j3d/lib/vecmath.jar:/home/travis/build/icyphy/ptII/ptolemy/distributed/jini/jar/jini-core.jar:/home/travis/build/icyphy/ptII/ptolemy/distributed/jini/jar/jini-ext.jar:/home/travis/build/icyphy/ptII/ptolemy/distributed/jini/jar/sun-util.jar:/home/travis/build/icyphy/ptII/lib/protobuf-java-2.4.1.jar:/home/travis/build/icyphy/ptII/lib/org.eclipse.paho.client.mqttv3.jar:/home/travis/build/icyphy/ptII/lib/mapss.jar:/home/travis/build/icyphy/ptII/ptolemy/actor/ptalon/antlr/antlr.jar:/home/travis/build/icyphy/ptII/lib/JRI.jar:/home/travis/build/icyphy/ptII/lib/commons-lang-2.6.jar:/home/travis/build/icyphy/ptII/lib/commons-logging-1.1.1.jar:/home/travis/build/icyphy/ptII/lib/sootclasses.jar:/home/travis/build/icyphy/ptII/ptolemy/actor/lib/database/mysql-connector-java-5.1.6-bin.jar:/home/travis/build/icyphy/ptII/vendors/misc/sphinx4/sphinx4-data-5prealpha.jar:/home/travis/build/icyphy/ptII/vendors/misc/sphinx4/sphinx4-core-5prealpha.jar:/home/travis/build/icyphy/ptII/lib/PDFRenderer.jar:/home/travis/build/icyphy/ptII/lib/svgSalamander.jar:/home/travis/build/icyphy/ptII/lib/rsyntaxtextarea-2.6.0-SNAPSHOT.jar:/home/travis/build/icyphy/ptII/lib/hazelcast-3.8.2.jar:/home/travis/build/icyphy/ptII/lib/jackson-annotations-2.9.0.jar:/home/travis/build/icyphy/ptII/lib/jackson-core-2.9.3.jar:/home/travis/build/icyphy/ptII/lib/jackson-databind-2.9.3.jar:/home/travis/build/icyphy/ptII/lib/netty-buffer-4.1.19.Final.jar:/home/travis/build/icyphy/ptII/lib/netty-codec-4.1.19.Final.jar:/home/travis/build/icyphy/ptII/lib/netty-codec-dns-4.1.19.Final.jar:/home/travis/build/icyphy/ptII/lib/netty-codec-http-4.1.19.Final.jar:/home/travis/build/icyphy/ptII/lib/netty-codec-http2-4.1.19.Final.jar:/home/travis/build/icyphy/ptII/lib/netty-common-4.1.19.Final.jar:/home/travis/build/icyphy/ptII/lib/netty-handler-4.1.19.Final.jar:/home/travis/build/icyphy/ptII/lib/netty-resolver-4.1.19.Final.jar:/home/travis/build/icyphy/ptII/lib/netty-resolver-dns-4.1.19.Final.jar:/home/travis/build/icyphy/ptII/lib/netty-transport-4.1.19.Final.jar:/home/travis/build/icyphy/ptII/lib/vertx-codegen-3.5.1.jar:/home/travis/build/icyphy/ptII/lib/vertx-core-3.5.2-SNAPSHOT.jar:/home/travis/build/icyphy/ptII/lib/vertx-hazelcast-3.5.1.jar:/home/travis/build/icyphy/ptII/lib/vertx-lang-js-3.5.1.jar:/home/travis/build/icyphy/ptII/lib/vertx-service-proxy-3.5.1.jar:/home/travis/build/icyphy/ptII/lib/vertx-web-3.5.1.jar:/home/travis/build/icyphy/ptII/lib/slf4j-api-1.7.13.jar:/home/travis/build/icyphy/ptII/lib/slf4j-simple-1.7.13.jar:/home/travis/build/icyphy/ptII/lib/webcam-capture-0.3.12.jar:/home/travis/build/icyphy/ptII/lib/bridj-0.7.0.jar:/home/travis/build/icyphy/ptII/lib/xbjlib-1.1.0.nrjavaserial.jar" />
    <property name="test.batch" value="**/junit/*.java" />
    <property name="env._" value="/usr/bin/timeout" />
    <property name="java.io.tmpdir" value="/tmp" />
    <property name="env.TRAVIS_INTERNAL_RUBY_REGEX" value="^ruby-(2\.[0-4]\.[0-9]|1\.9\.3)" />
    <property name="user.language" value="en" />
    <property name="env.HISTCONTROL" value="ignoredups:ignorespace" />
    <property name="env.GOROOT" value="/home/travis/.gimme/versions/go1.7.4.linux.amd64" />
    <property name="line.separator" value="&#xa;" />
    <property name="target" value="1.8" />
    <property name="env.TRAVIS_BUILD_DIR" value="/home/travis/build/icyphy/ptII" />
    <property name="env.ANT_OPTS" value="-Xmx2048m" />
    <property name="ant.file.type" value="file" />
    <property name="ptolemy.ptII.batchMode" value="true" />
    <property name="env.HISTSIZE" value="1000" />
    <property name="env.MERB_ENV" value="test" />
    <property name="java.vm.info" value="mixed mode" />
    <property name="source" value="1.8" />
    <property name="java.vm.specification.name" value="Java Virtual Machine Specification" />
    <property name="env.TRAVIS_TEST_RESULT" value="0" />
    <property name="jsdoc.command" value="node_modules/@terraswarm/jsdoc/jsdoc.js" />
    <property name="npm.works" value="true" />
    <property name="cobertura.dir" value="/home/travis/build/icyphy/ptII/vendors/cobertura-2.0.3" />
    <property name="env.rvm_path" value="/home/travis/.rvm" />
    <property name="env.GEM_PATH" value="/home/travis/.rvm/gems/ruby-2.4.1:/home/travis/.rvm/gems/ruby-2.4.1@global" />
    <property name="env.LC_CTYPE" value="en_US.UTF-8" />
    <property name="java.awt.printerjob" value="sun.print.PSPrinterJob" />
    <property name="env.TRAVIS_CMD" value="$PTII/bin/ptIITravisBuild.sh $SECONDS" />
    <property name="env.TRAVIS_STACK_NAME" value="garnet" />
    <property name="env.TRAVIS_TIMER_START_TIME" value="1557461324230228554" />
    <property name="ant.version" value="Apache Ant(TM) version 1.10.1 compiled on February 2 2017" />
    <property name="ptII.reports" value="/home/travis/build/icyphy/ptII/reports" />
    <property name="env.TRAVIS_STACK_TIMESTAMP" value="2017-12-05 19:33:09 UTC" />
    <property name="ant.file.type.ptII" value="file" />
    <property name="env.RBENV_SHELL" value="bash" />
    <property name="os.name" value="Linux" />
    <property name="java.specification.vendor" value="Oracle Corporation" />
    <property name="env.rvm_version" value="1.29.3 (latest)" />
    <property name="env.TRAVIS_INFRA" value="gce" />
    <property name="env.TERM" value="xterm" />
    <property name="java.vm.name" value="Java HotSpot(TM) 64-Bit Server VM" />
    <property name="env.TRAVIS_BUILD_NUMBER" value="1126" />
    <property name="env.CI" value="true" />
    <property name="java.library.path" value="/home/travis/pthla/certi-tools/lib:/usr/lib/jni:/usr/local/share/OpenCV/java/:/usr/share/OpenCV/java::/usr/java/packages/lib/amd64:/usr/lib64:/lib64:/lib:/usr/lib" />
    <property name="env.rvm_prefix" value="/home/travis" />
    <property name="env.PATH" value="/home/travis/pthla/certi-tools/share/scripts:/home/travis/.rvm/gems/ruby-2.4.1/bin:/home/travis/.rvm/gems/ruby-2.4.1@global/bin:/home/travis/.rvm/rubies/ruby-2.4.1/bin:/home/travis/.rvm/bin:/home/travis/.nvm/versions/node/v7.10.1/bin:./node_modules/.bin:/home/travis/build/icyphy/ptII/bin:/home/travis/pthla/certi-tools/bin:/home/travis/bin:/home/travis/.local/bin:/opt/pyenv/shims:/home/travis/.phpenv/shims:/home/travis/perl5/perlbrew/bin:/home/travis/.kiex/elixirs/elixir-1.4.5/bin:/home/travis/.kiex/bin:/home/travis/gopath/bin:/home/travis/.gimme/versions/go1.7.4.linux.amd64/bin:/usr/local/phantomjs/bin:/usr/local/phantomjs:/usr/local/neo4j-3.2.7/bin:/usr/local/maven-3.5.2/bin:/usr/local/cmake-3.9.2/bin:/usr/local/clang-5.0.0/bin:/usr/local/sbin:/usr/local/bin:/usr/sbin:/usr/bin:/sbin:/bin:/home/travis/.phpenv/bin:/opt/pyenv/bin:/home/travis/.yarn/bin" />
    <property name="env.TRAVIS_OS_NAME" value="linux" />
    <property name="ant.java.version" value="1.8" />
    <property name="basedir" value="/home/travis/build/icyphy/ptII" />
    <property name="java.class.version" value="52.0" />
    <property name="env.SHLVL" value="3" />
    <property name="env.LD_LIBRARY_PATH" value="/home/travis/pthla/certi-tools/lib:/usr/lib/jni:/usr/local/share/OpenCV/java/:/usr/share/OpenCV/java:" />
    <property name="env.RACK_ENV" value="test" />
    <property name="ant.home" value="/home/travis/build/icyphy/ptII/ant" />
    <property name="env.PERLBREW_BASHRC_VERSION" value="0.80" />
    <property name="env.NVM_DIR" value="/home/travis/.nvm" />
    <property name="env.TRAVIS_BUILD_ID" value="530577249" />
    <property name="env.CERTI_FOM_PATH" value="/home/travis/pthla/certi-tools/share/federations" />
    <property name="env.PYENV_ROOT" value="/opt/pyenv" />
    <property name="env.TRAVIS_UID" value="2000" />
    <property name="env.rvm_pretty_print_flag" value="auto" />
    <property name="env.NVM_BIN" value="/home/travis/.nvm/versions/node/v7.10.1/bin" />
    <property name="env.TRAVIS_COMMIT" value="25358e19e906f8e9155807d44808777cd5710b63" />
    <property name="env._system_arch" value="x86_64" />
    <property name="node.executable" value="node" />
    <property name="sun.boot.library.path" value="/usr/lib/jvm/java-8-oracle/jre/lib/amd64" />
    <property name="sun.management.compiler" value="HotSpot 64-Bit Tiered Compilers" />
    <property name="env.GOPATH" value="/home/travis/gopath" />
    <property name="java.awt.graphicsenv" value="sun.awt.X11GraphicsEnvironment" />
    <property name="ptolemy.ptII.dir" value="/home/travis/build/icyphy/ptII" />
    <property name="env.USER" value="travis" />
    <property name="env.HISTFILESIZE" value="2000" />
    <property name="timeout.longest" value="19000000" />
    <property name="env.TRAVIS_STACK_FEATURES" value="basic cassandra chromium couchdb disabled-ipv6 docker docker-compose elasticsearch firefox go-toolchain google-chrome jdk memcached mongodb mysql neo4j nodejs_interpreter perl_interpreter perlbrew phantomjs postgresql python_interpreter rabbitmq redis riak ruby_interpreter sqlite xserver" />
    <property name="env.TRAVIS_PULL_REQUEST" value="false" />
    <property name="env.PYENV_SHELL" value="bash" />
    <property name="ant.project.name" value="ptII" />
    <property name="java.vm.specification.version" value="1.8" />
    <property name="env.ANSI_RESET" value="\033[0m" />
    <property name="env.TRAVIS_DIST" value="trusty" />
    <property name="env.CERTI_VERSION" value="4.0.0" />
    <property name="env.NLSPATH" value="/usr/dt/lib/nls/msg/%L/%N.cat" />
    <property name="awt.toolkit" value="sun.awt.X11.XToolkit" />
    <property name="env.CERTI_HOST" value="localhost" />
    <property name="env.MY_RUBY_HOME" value="/home/travis/.rvm/rubies/ruby-2.4.1" />
    <property name="sun.cpu.isalist" value="" />
    <property name="env.TRAVIS_TMPDIR" value="/tmp/tmp.bOdbbjmSnw" />
    <property name="java.ext.dirs" value="/usr/lib/jvm/java-8-oracle/jre/lib/ext:/usr/java/packages/lib/ext" />
    <property name="os.version" value="4.4.0-101-generic" />
    <property name="user.home" value="/home/travis" />
    <property name="env.MIX_ARCHIVES" value="/home/travis/.kiex/mix/elixir-1.4.5" />
    <property name="java.vm.vendor" value="Oracle Corporation" />
    <property name="env.TRAVIS_TAG" value="nightly" />
    <property name="env.ANSI_YELLOW" value="\033[33;1m" />
    <property name="env.TRAVIS_FILTERED" value="redirect_io" />
    <property name="env.ANSI_GREEN" value="\033[32;1m" />
    <property name="env.JAVA_HOME" value="/usr/lib/jvm/java-8-oracle" />
    <property name="env.PTII" value="/home/travis/build/icyphy/ptII" />
    <property name="javadoc.excludepackagenames" value="adm.cvs2svn.*,build.*,config.*,doc.coding.templates.*,jni.test.jni.meaningOfLife.*,jni.test.jni.testDeux.*,jni.test.jni.testTrois.*,org.terraswarm.accessor.accessors.web.node_modules.*,org.terraswarm.accessor.accessors.web.hosts.cordova.demo.*,org.terraswarm.accessor.accessors.web.hosts.cordova.plugins.*,org.terraswarm.accessor.accessors-svn.*,pt-modules.*,ptolemy.apps.agilent.*,ptolemy.apps.anytimecontrol.*,ptolemy.apps.apes.*,ptolemy.apps.charon.*,ptolemy.apps.crazyboard.*,ptolemy.apps.eclipse.*,ptolemy.apps.etherealSting.*,ptolemy.apps.fullscreen.*,ptolemy.apps.giotto.*,ptolemy.apps.ia.*,ptolemy.apps.interfaces.*,ptolemy.apps.jmf.*,ptolemy.apps.kurt.*,ptolemy.apps.kvm.*,ptolemy.apps.lego.*,ptolemy.apps.lejos.*,ptolemy.apps.midp.*,ptolemy.apps.mobileCoding.*,ptolemy.apps.pendulum.*,ptolemy.apps.rijndael.*,ptolemy.apps.robot.*,ptolemy.apps.security.*,ptolemy.apps.sobel.*,ptolemy.apps.soot.*,ptolemy.apps.throttle.*,ptolemy.apps.tini.*,ptolemy.apps.transmission.*,ptolemy.apps.vergil.*,ptolemy.apps.waba.*,ptolemy.apps.websensor.*,ptolemy.apps.webstart.*,ptolemy.apps.xsl.*,ptolemy.apps.zaurus.*,ptolemy.codegen.c.actor.lib.oldJavaFiles.*,ptolemy.codegen.dsp.lib.*,ptolemy.codegen.kernel.newInterfaces.*,ptolemy.codegen.lib.*,ptolemy.copernicus.kernel.fragment.*,ptolemy.copernicus.shallow.cg.*,ptolemy.domains.giotto.demo.Hierarchy.Hierarchy.*,ptolemy.domains.giotto.demo.Multimode.Multimode.*,ptolemy.domains.giotto.demo.Simple.Simple.*,ptolemy.domains.gr.lib.experimental.*,ptolemy.domains.gro.*,ptolemy.domains.pdf.*,ptolemy.domains.ptinyos.demo.Surge.output.*,ptolemy.moml.test.NoPackageActor.java*,ptolemy.plot.adm.*,ptolemy.plot.servlet.*,reports.*,signed.*,src.*,target.*,vendors.*,ptolemy.apps.eclipse.awt.*,ptolemy.backtrack.*,ptolemy.backtrack.ast.*,ptolemy.cg.adapter.generic.program.procedural.c.mbed*,ptolemy.homer.*,org.ptolemy.scala.*,diva.util.java2d.svg.*,ptolemy.domains.ptinyos.*,ptolemy.actor.lib.fmi.fmipp.*,,org.terraswarm.accessor.accessors.web.node_modules.*,org.terraswarm.accessor.accessors-svn,ptolemy.apps.*,ptolemy.actor.ptalon.demo.ptinyos.SendAndReceiveCnt.output,ptolemy.actor.ptalon.demo.ptinyos.SenseToLeds.output,ptolemy.domains.ptinyos.demo.CntToLedsAndRfm.output,ptolemy.domains.ptinyos.demo.RfmToLeds.output,ptolemy.domains.ptinyos.demo.SendAndReceiveCnt.output,ptolemy.domains.ptinyos.demo.SenseToLeds.output,ptolemy.actor.lib.jjs.modules.udpSocket.*" />
    <property name="env.TRAVIS_COMMIT_MESSAGE" value="Used undocumented tick(min, max) function" />
    <property name="keystore" value="ptKeystore" />
    <property name="env.XDG_SESSION_ID" value="2" />
    <property name="junit.output.dir" value="/home/travis/build/icyphy/ptII/reports/junit" />
    <property name="npm.return.code" value="0" />
    <property name="user.dir" value="/home/travis/build/icyphy/ptII/ptolemy/domains/de/test" />
    <property name="env.TRAVIS_NODE_VERSION" value="7" />
    <property name="env.XFILESEARCHPATH" value="/usr/dt/app-defaults/%L/Dt" />
    <property name="env.TRAVIS_EVENT_TYPE" value="cron" />
    <property name="env.MAIL" value="/var/mail/travis" />
    <property name="env.PWD" value="/home/travis/build/icyphy/ptII" />
    <property name="env.PERLBREW_ROOT" value="/home/travis/perl5/perlbrew" />
    <property name="timeout.npm" value="45000" />
    <property name="env.PT_TRAVIS_TEST_CORE2_XML" value="true" />
    <property name="env.TRAVIS_ARCH" value="amd64" />
    <property name="env.PAGER" value="cat" />
    <property name="sun.cpu.endian" value="little" />
    <property name="env.TRAVIS_BUILD_STAGE_NAME" value="Test" />
    <property name="env.PERLBREW_HOME" value="/home/travis/.perlbrew" />
    <property name="env.RAILS_ENV" value="test" />
    <property name="java.vm.version" value="25.151-b12" />
    <property name="java.class.path" value="/home/travis/build/icyphy/ptII:/home/travis/build/icyphy/ptII/lib/bsh-2.0b4.jar:/home/travis/build/icyphy/ptII/lib/ptCal.jar:/home/travis/build/icyphy/ptII/lib/java_cup.jar:/home/travis/build/icyphy/ptII/lib/saxon8.jar:/home/travis/build/icyphy/ptII/lib/saxon8-dom.jar:/home/travis/build/icyphy/ptII/lib/chic.jar:/home/travis/build/icyphy/ptII/lib/ptcolt.jar:/usr/lib/jvm/java-8-oracle/lib/tools.jar:/home/travis/build/icyphy/ptII/vendors/misc/itext/iText.jar:/home/travis/build/icyphy/ptII/lib/g4ltl.jar:/home/travis/build/icyphy/ptII/lib/StructuralCoder.jar:/home/travis/build/icyphy/ptII/vendors/jai-1_1_2_01/lib/jai_core.jar:/home/travis/build/icyphy/ptII/vendors/jai-1_1_2_01/lib/jai_codec.jar:/home/travis/build/icyphy/ptII/lib/jcerti.jar:/home/travis/build/icyphy/ptII/lib/javax.mail.jar:/home/travis/build/icyphy/ptII/vendors/JMF-2.1.1e/lib/jmf.jar:/home/travis/build/icyphy/ptII/lib/jna-4.0.0-variadic.jar:/home/travis/build/icyphy/ptII/vendors/misc/joystick/Joystick.jar:/home/travis/build/icyphy/ptII/lib/ptjacl.jar:/home/travis/build/icyphy/ptII/lib/jsoup-1.8.2.jar:/home/travis/build/icyphy/ptII/lib/junit-4.8.2.jar:/home/travis/build/icyphy/ptII/lib/JUnitParams-0.4.0.jar:/home/travis/build/icyphy/ptII/ptolemy/actor/lib/excel/jxl.jar:/home/travis/build/icyphy/ptII/lib/jython.jar:/home/travis/build/icyphy/ptII/lib/kieler.jar:/home/travis/build/icyphy/ptII/vendors/opencv/share/OpenCV/java/opencv-341.jar:/home/travis/build/icyphy/ptII/lib/oscP5.jar:/home/travis/build/icyphy/ptII/lib/nrjavaserial-3.11.0.devel.jar:/home/travis/build/icyphy/ptII/vendors/j3d/lib/j3dcore.jar:/home/travis/build/icyphy/ptII/vendors/j3d/lib/j3dutils.jar:/home/travis/build/icyphy/ptII/vendors/j3d/lib/vecmath.jar:/home/travis/build/icyphy/ptII/ptolemy/distributed/jini/jar/jini-core.jar:/home/travis/build/icyphy/ptII/ptolemy/distributed/jini/jar/jini-ext.jar:/home/travis/build/icyphy/ptII/ptolemy/distributed/jini/jar/sun-util.jar:/home/travis/build/icyphy/ptII/lib/protobuf-java-2.4.1.jar:/home/travis/build/icyphy/ptII/lib/org.eclipse.paho.client.mqttv3.jar:/home/travis/build/icyphy/ptII/lib/mapss.jar:/home/travis/build/icyphy/ptII/ptolemy/actor/ptalon/antlr/antlr.jar:/home/travis/build/icyphy/ptII/lib/JRI.jar:/home/travis/build/icyphy/ptII/lib/commons-lang-2.6.jar:/home/travis/build/icyphy/ptII/lib/commons-logging-1.1.1.jar:/home/travis/build/icyphy/ptII/lib/sootclasses.jar:/home/travis/build/icyphy/ptII/ptolemy/actor/lib/database/mysql-connector-java-5.1.6-bin.jar:/home/travis/build/icyphy/ptII/vendors/misc/sphinx4/sphinx4-data-5prealpha.jar:/home/travis/build/icyphy/ptII/vendors/misc/sphinx4/sphinx4-core-5prealpha.jar:/home/travis/build/icyphy/ptII/lib/PDFRenderer.jar:/home/travis/build/icyphy/ptII/lib/svgSalamander.jar:/home/travis/build/icyphy/ptII/lib/rsyntaxtextarea-2.6.0-SNAPSHOT.jar:/home/travis/build/icyphy/ptII/lib/hazelcast-3.8.2.jar:/home/travis/build/icyphy/ptII/lib/jackson-annotations-2.9.0.jar:/home/travis/build/icyphy/ptII/lib/jackson-core-2.9.3.jar:/home/travis/build/icyphy/ptII/lib/jackson-databind-2.9.3.jar:/home/travis/build/icyphy/ptII/lib/netty-buffer-4.1.19.Final.jar:/home/travis/build/icyphy/ptII/lib/netty-codec-4.1.19.Final.jar:/home/travis/build/icyphy/ptII/lib/netty-codec-dns-4.1.19.Final.jar:/home/travis/build/icyphy/ptII/lib/netty-codec-http-4.1.19.Final.jar:/home/travis/build/icyphy/ptII/lib/netty-codec-http2-4.1.19.Final.jar:/home/travis/build/icyphy/ptII/lib/netty-common-4.1.19.Final.jar:/home/travis/build/icyphy/ptII/lib/netty-handler-4.1.19.Final.jar:/home/travis/build/icyphy/ptII/lib/netty-resolver-4.1.19.Final.jar:/home/travis/build/icyphy/ptII/lib/netty-resolver-dns-4.1.19.Final.jar:/home/travis/build/icyphy/ptII/lib/netty-transport-4.1.19.Final.jar:/home/travis/build/icyphy/ptII/lib/vertx-codegen-3.5.1.jar:/home/travis/build/icyphy/ptII/lib/vertx-core-3.5.2-SNAPSHOT.jar:/home/travis/build/icyphy/ptII/lib/vertx-hazelcast-3.5.1.jar:/home/travis/build/icyphy/ptII/lib/vertx-lang-js-3.5.1.jar:/home/travis/build/icyphy/ptII/lib/vertx-service-proxy-3.5.1.jar:/home/travis/build/icyphy/ptII/lib/vertx-web-3.5.1.jar:/home/travis/build/icyphy/ptII/lib/slf4j-api-1.7.13.jar:/home/travis/build/icyphy/ptII/lib/slf4j-simple-1.7.13.jar:/home/travis/build/icyphy/ptII/lib/webcam-capture-0.3.12.jar:/home/travis/build/icyphy/ptII/lib/bridj-0.7.0.jar:/home/travis/build/icyphy/ptII/lib/xbjlib-1.1.0.nrjavaserial.jar:/home/travis/build/icyphy/ptII/ptolemy/moml/test:/home/travis/build/icyphy/ptII/ant/lib/ant-launcher.jar:/home/travis/build/icyphy/ptII/ant/lib/ant.jar:/home/travis/build/icyphy/ptII/ant/lib/ant-junit.jar:/home/travis/build/icyphy/ptII/ant/lib/ant-junit4.jar" />
    <property name="ant.library.dir" value="/home/travis/build/icyphy/ptII/ant/lib" />
    <property name="os.arch" value="amd64" />
    <property name="env.TRAVIS_LANGUAGE" value="node_js" />
    <property name="env.CONTINUOUS_INTEGRATION" value="true" />
    <property name="env.TRAVIS_STACK_LANGUAGES" value="__garnet__ c c++ clojure cplusplus cpp default go groovy java node_js php pure_java python ruby scala" />
    <property name="test.name" value="ptolemy.actor.lib.test.junit.JUnitTclTest" />
    <property name="sun.java.launcher" value="SUN_STANDARD" />
    <property name="env.PYTHON_CONFIGURE_OPTS" value="--enable-unicode=ucs4 --with-wide-unicode --enable-shared --enable-ipv6 --enable-loadable-sqlite-extensions --with-computed-gotos" />
    <property name="ant.core.lib" value="/home/travis/build/icyphy/ptII/ant/lib/ant.jar" />
    <property name="java.vm.specification.vendor" value="Oracle Corporation" />
    <property name="env.BCVTB_HOME" value="/home/travis/build/icyphy/ptII/lbnl" />
    <property name="file.separator" value="/" />
    <property name="spotbugs.home" value="/home/travis/build/icyphy/ptII/vendors/spotbugs-3.1.1" />
    <property name="java.runtime.version" value="1.8.0_151-b12" />
    <property name="sun.boot.class.path" value="/usr/lib/jvm/java-8-oracle/jre/lib/resources.jar:/usr/lib/jvm/java-8-oracle/jre/lib/rt.jar:/usr/lib/jvm/java-8-oracle/jre/lib/sunrsasign.jar:/usr/lib/jvm/java-8-oracle/jre/lib/jsse.jar:/usr/lib/jvm/java-8-oracle/jre/lib/jce.jar:/usr/lib/jvm/java-8-oracle/jre/lib/charsets.jar:/usr/lib/jvm/java-8-oracle/jre/lib/jfr.jar:/usr/lib/jvm/java-8-oracle/jre/classes" />
    <property name="env.ANSI_CLEAR" value="\033[0K" />
    <property name="env.HAS_JOSH_K_SEAL_OF_APPROVAL" value="true" />
    <property name="env.XDG_RUNTIME_DIR" value="/run/user/2000" />
    <property name="env.TRAVIS_OSX_IMAGE" value="" />
    <property name="env.TRAVIS_BRANCH" value="master" />
    <property name="env.TRAVIS_JOB_ID" value="530577261" />
    <property name="user.country" value="US" />
    <property name="env.CERTI_HOME_TRAVIS" value="/home/travis/pthla/certi-tools" />
    <property name="env.SHELL" value="/bin/bash" />
    <property name="java.maxmemory.large" value="5000m" />
    <property name="model" value="" />
    <property name="env.CASHER_DIR" value="/home/travis/.casher" />
    <property name="env.NVM_CD_FLAGS" value="" />
    <property name="jshint.executable" value="/home/travis/node_modules/jshint/bin/jshint" />
    <property name="java.vendor" value="Oracle Corporation" />
    <property name="env.JRUBY_OPTS" value=" --client -J-XX:+TieredCompilation -J-XX:TieredStopAtLevel=1 -J-Xss2m -Xcompile.invokedynamic=false" />
    <property name="env.TRAVIS_PRE_CHEF_BOOTSTRAP_TIME" value="2017-12-05T19:32:55" />
    <property name="env.TRAVIS_STACK_JOB_BOARD_REGISTER" value="/.job-board-register.yml" />
    <property name="env.ELIXIR_VERSION" value="1.4.5" />
    <property name="env.ANSI_RED" value="\033[31;1m" />
    <property name="java.specification.version" value="1.8" />
    <property name="env.TRAVIS" value="true" />
    <property name="env.IRBRC" value="/home/travis/.rvm/rubies/ruby-2.4.1/.irbrc" />
    <property name="sun.arch.data.model" value="64" />
  </properties>
  <testcase classname="ptolemy.util.test.junit.TclTests" name="[0] /home/travis/build/icyphy/ptII/ptolemy/domains/de/test/DependencyLoop.tcl (RunTclFile)" time="0.782" />
  <testcase classname="ptolemy.util.test.junit.TclTests" name="[1] /home/travis/build/icyphy/ptII/ptolemy/domains/de/test/RunDETestsAsQSS.tcl (RunTclFile)" time="88.506" />
  <testcase classname="ptolemy.util.test.junit.AutoKnownFailedTests" name="[0] /home/travis/build/icyphy/ptII/ptolemy/domains/de/test/auto/knownFailedTests/DESDFClockTest.xml (RunModel)" time="2.036" />
  <testcase classname="ptolemy.util.test.junit.AutoKnownFailedTests" name="[1] /home/travis/build/icyphy/ptII/ptolemy/domains/de/test/auto/knownFailedTests/DirectFeedback.xml (RunModel)" time="0.012" />
  <testcase classname="ptolemy.util.test.junit.AutoKnownFailedTests" name="[2] /home/travis/build/icyphy/ptII/ptolemy/domains/de/test/auto/knownFailedTests/FSMSource.xml (RunModel)" time="0.025" />
  <testcase classname="ptolemy.util.test.junit.AutoKnownFailedTests" name="[3] /home/travis/build/icyphy/ptII/ptolemy/domains/de/test/auto/knownFailedTests/HierarchicalModel.xml (RunModel)" time="0.043" />
  <testcase classname="ptolemy.util.test.junit.AutoKnownFailedTests" name="[4] /home/travis/build/icyphy/ptII/ptolemy/domains/de/test/auto/knownFailedTests/dependencyLoop.xml (RunModel)" time="0.04" />
  <testcase classname="ptolemy.util.test.junit.AutoKnownFailedTests" name="[5] /home/travis/build/icyphy/ptII/ptolemy/domains/de/test/auto/knownFailedTests/dependencyLoop2.xml (RunModel)" time="0.036" />
  <testcase classname="ptolemy.util.test.junit.AutoNameArchTests" name="[0] ThereAreNoAutoArchTests (RunModel)" time="0.0" />
  <testcase classname="ptolemy.util.test.junit.AutoTests" name="[0] /home/travis/build/icyphy/ptII/ptolemy/domains/de/test/auto/ActorDepthCalculation_actorWithoutPorts.xml (RunModel)" time="0.02" />
  <testcase classname="ptolemy.util.test.junit.AutoTests" name="[1] /home/travis/build/icyphy/ptII/ptolemy/domains/de/test/auto/AssemblyLine.xml (RunModel)" time="0.023" />
  <testcase classname="ptolemy.util.test.junit.AutoTests" name="[2] /home/travis/build/icyphy/ptII/ptolemy/domains/de/test/auto/CQBug1.xml (RunModel)" time="0.013" />
  <testcase classname="ptolemy.util.test.junit.AutoTests" name="[3] /home/travis/build/icyphy/ptII/ptolemy/domains/de/test/auto/CancelFireAt.xml (RunModel)" time="0.007" />
  <testcase classname="ptolemy.util.test.junit.AutoTests" name="[4] /home/travis/build/icyphy/ptII/ptolemy/domains/de/test/auto/CausalityAndComposabilityAnalysis.xml (RunModel)" time="0.011" />
  <testcase classname="ptolemy.util.test.junit.AutoTests" name="[5] /home/travis/build/icyphy/ptII/ptolemy/domains/de/test/auto/CausalityInterface1.xml (RunModel)" time="0.012" />
  <testcase classname="ptolemy.util.test.junit.AutoTests" name="[6] /home/travis/build/icyphy/ptII/ptolemy/domains/de/test/auto/CausalityInterface15.xml (RunModel)" time="0.013" />
  <testcase classname="ptolemy.util.test.junit.AutoTests" name="[7] /home/travis/build/icyphy/ptII/ptolemy/domains/de/test/auto/CausalityInterface2.xml (RunModel)" time="0.01" />
  <testcase classname="ptolemy.util.test.junit.AutoTests" name="[8] /home/travis/build/icyphy/ptII/ptolemy/domains/de/test/auto/CausalityInterface3.xml (RunModel)" time="0.011" />
  <testcase classname="ptolemy.util.test.junit.AutoTests" name="[9] /home/travis/build/icyphy/ptII/ptolemy/domains/de/test/auto/ClockDrift.xml (RunModel)" time="0.036" />
  <testcase classname="ptolemy.util.test.junit.AutoTests" name="[10] /home/travis/build/icyphy/ptII/ptolemy/domains/de/test/auto/ClockDriftAndValueChange.xml (RunModel)" time="0.029" />
  <testcase classname="ptolemy.util.test.junit.AutoTests" name="[11] /home/travis/build/icyphy/ptII/ptolemy/domains/de/test/auto/ClockDriftChange.xml (RunModel)" time="0.019" />
  <testcase classname="ptolemy.util.test.junit.AutoTests" name="[12] /home/travis/build/icyphy/ptII/ptolemy/domains/de/test/auto/ComposableCausalityAnalysis.xml (RunModel)" time="0.012" />
  <testcase classname="ptolemy.util.test.junit.AutoTests" name="[13] /home/travis/build/icyphy/ptII/ptolemy/domains/de/test/auto/DEFixedPointLimitation.xml (RunModel)" time="0.006" />
  <testcase classname="ptolemy.util.test.junit.AutoTests" name="[14] /home/travis/build/icyphy/ptII/ptolemy/domains/de/test/auto/DEScheduleTest.xml (RunModel)" time="0.007" />
  <testcase classname="ptolemy.util.test.junit.AutoTests" name="[15] /home/travis/build/icyphy/ptII/ptolemy/domains/de/test/auto/DEinDEwithStartTimes.xml (RunModel)" time="0.008" />
  <testcase classname="ptolemy.util.test.junit.AutoTests" name="[16] /home/travis/build/icyphy/ptII/ptolemy/domains/de/test/auto/DEinDEwithStartTimes2.xml (RunModel)" time="0.009" />
  <testcase classname="ptolemy.util.test.junit.AutoTests" name="[17] /home/travis/build/icyphy/ptII/ptolemy/domains/de/test/auto/DateDemo.xml (RunModel)" time="0.019" />
  <testcase classname="ptolemy.util.test.junit.AutoTests" name="[18] /home/travis/build/icyphy/ptII/ptolemy/domains/de/test/auto/DateToEvent.xml (RunModel)" time="2.039" />
  <testcase classname="ptolemy.util.test.junit.AutoTests" name="[19] /home/travis/build/icyphy/ptII/ptolemy/domains/de/test/auto/DepthTest1.xml (RunModel)" time="0.024" />
  <testcase classname="ptolemy.util.test.junit.AutoTests" name="[20] /home/travis/build/icyphy/ptII/ptolemy/domains/de/test/auto/DepthTest2.xml (RunModel)" time="0.017" />
  <testcase classname="ptolemy.util.test.junit.AutoTests" name="[21] /home/travis/build/icyphy/ptII/ptolemy/domains/de/test/auto/DepthTest3.xml (RunModel)" time="0.008" />
  <testcase classname="ptolemy.util.test.junit.AutoTests" name="[22] /home/travis/build/icyphy/ptII/ptolemy/domains/de/test/auto/DepthTest4.xml (RunModel)" time="0.013" />
  <testcase classname="ptolemy.util.test.junit.AutoTests" name="[23] /home/travis/build/icyphy/ptII/ptolemy/domains/de/test/auto/DepthTest5.xml (RunModel)" time="0.016" />
  <testcase classname="ptolemy.util.test.junit.AutoTests" name="[24] /home/travis/build/icyphy/ptII/ptolemy/domains/de/test/auto/DepthTest6.xml (RunModel)" time="0.015" />
  <testcase classname="ptolemy.util.test.junit.AutoTests" name="[25] /home/travis/build/icyphy/ptII/ptolemy/domains/de/test/auto/DepthTest7.xml (RunModel)" time="0.021" />
  <testcase classname="ptolemy.util.test.junit.AutoTests" name="[26] /home/travis/build/icyphy/ptII/ptolemy/domains/de/test/auto/EventToDate.xml (RunModel)" time="3.04" />
  <testcase classname="ptolemy.util.test.junit.AutoTests" name="[27] /home/travis/build/icyphy/ptII/ptolemy/domains/de/test/auto/FSM1.xml (RunModel)" time="0.029" />
  <testcase classname="ptolemy.util.test.junit.AutoTests" name="[28] /home/travis/build/icyphy/ptII/ptolemy/domains/de/test/auto/FSM7.xml (RunModel)" time="0.028" />
  <testcase classname="ptolemy.util.test.junit.AutoTests" name="[29] /home/travis/build/icyphy/ptII/ptolemy/domains/de/test/auto/Inspection.xml (RunModel)" time="0.071" />
  <testcase classname="ptolemy.util.test.junit.AutoTests" name="[30] /home/travis/build/icyphy/ptII/ptolemy/domains/de/test/auto/Iteration.xml (RunModel)" time="0.018" />
  <testcase classname="ptolemy.util.test.junit.AutoTests" name="[31] /home/travis/build/icyphy/ptII/ptolemy/domains/de/test/auto/LineFault.xml (RunModel)" time="0.544" />
  <testcase classname="ptolemy.util.test.junit.AutoTests" name="[32] /home/travis/build/icyphy/ptII/ptolemy/domains/de/test/auto/MergeModel1Add.xml (RunModel)" time="0.045" />
  <testcase classname="ptolemy.util.test.junit.AutoTests" name="[33] /home/travis/build/icyphy/ptII/ptolemy/domains/de/test/auto/MergeModel2Add.xml (RunModel)" time="0.034" />
  <testcase classname="ptolemy.util.test.junit.AutoTests" name="[34] /home/travis/build/icyphy/ptII/ptolemy/domains/de/test/auto/MergeModel3Add.xml (RunModel)" time="0.041" />
  <testcase classname="ptolemy.util.test.junit.AutoTests" name="[35] /home/travis/build/icyphy/ptII/ptolemy/domains/de/test/auto/MergeWithoutDiscard.xml (RunModel)" time="0.01" />
  <testcase classname="ptolemy.util.test.junit.AutoTests" name="[36] /home/travis/build/icyphy/ptII/ptolemy/domains/de/test/auto/Modal1.xml (RunModel)" time="0.034" />
  <testcase classname="ptolemy.util.test.junit.AutoTests" name="[37] /home/travis/build/icyphy/ptII/ptolemy/domains/de/test/auto/Modal2.xml (RunModel)" time="0.033" />
  <testcase classname="ptolemy.util.test.junit.AutoTests" name="[38] /home/travis/build/icyphy/ptII/ptolemy/domains/de/test/auto/Modal3.xml (RunModel)" time="0.026" />
  <testcase classname="ptolemy.util.test.junit.AutoTests" name="[39] /home/travis/build/icyphy/ptII/ptolemy/domains/de/test/auto/Modal4.xml (RunModel)" time="0.03" />
  <testcase classname="ptolemy.util.test.junit.AutoTests" name="[40] /home/travis/build/icyphy/ptII/ptolemy/domains/de/test/auto/Modal5.xml (RunModel)" time="0.028" />
  <testcase classname="ptolemy.util.test.junit.AutoTests" name="[41] /home/travis/build/icyphy/ptII/ptolemy/domains/de/test/auto/Modal6.xml (RunModel)" time="0.024" />
  <testcase classname="ptolemy.util.test.junit.AutoTests" name="[42] /home/travis/build/icyphy/ptII/ptolemy/domains/de/test/auto/Modal7.xml (RunModel)" time="0.027" />
  <testcase classname="ptolemy.util.test.junit.AutoTests" name="[43] /home/travis/build/icyphy/ptII/ptolemy/domains/de/test/auto/ModalModel.xml (RunModel)" time="0.162" />
  <testcase classname="ptolemy.util.test.junit.AutoTests" name="[44] /home/travis/build/icyphy/ptII/ptolemy/domains/de/test/auto/ModalSource.xml (RunModel)" time="0.022" />
  <testcase classname="ptolemy.util.test.junit.AutoTests" name="[45] /home/travis/build/icyphy/ptII/ptolemy/domains/de/test/auto/NonInterruptibleTimerZeroDelay.xml (RunModel)" time="0.009" />
  <testcase classname="ptolemy.util.test.junit.AutoTests" name="[46] /home/travis/build/icyphy/ptII/ptolemy/domains/de/test/auto/OpenQueueingNetwork.xml (RunModel)" time="2.224" />
  <testcase classname="ptolemy.util.test.junit.AutoTests" name="[47] /home/travis/build/icyphy/ptII/ptolemy/domains/de/test/auto/OpenQueuingNetwork.xml (RunModel)" time="0.277" />
  <testcase classname="ptolemy.util.test.junit.AutoTests" name="[48] /home/travis/build/icyphy/ptII/ptolemy/domains/de/test/auto/PeriodicSampler.xml (RunModel)" time="0.008" />
  <testcase classname="ptolemy.util.test.junit.AutoTests" name="[49] /home/travis/build/icyphy/ptII/ptolemy/domains/de/test/auto/PersistentIO.xml (RunModel)" time="0.021" />
  <testcase classname="ptolemy.util.test.junit.AutoTests" name="[50] /home/travis/build/icyphy/ptII/ptolemy/domains/de/test/auto/PortParameterResetOnInitialize.xml (RunModel)" time="0.01" />
  <testcase classname="ptolemy.util.test.junit.AutoTests" name="[51] /home/travis/build/icyphy/ptII/ptolemy/domains/de/test/auto/PortParameterUpdates.xml (RunModel)" time="0.014" />
  <testcase classname="ptolemy.util.test.junit.AutoTests" name="[52] /home/travis/build/icyphy/ptII/ptolemy/domains/de/test/auto/QueueAndServer.xml (RunModel)" time="0.02" />
  <testcase classname="ptolemy.util.test.junit.AutoTests" name="[53] /home/travis/build/icyphy/ptII/ptolemy/domains/de/test/auto/Records.xml (RunModel)" time="0.021" />
  <testcase classname="ptolemy.util.test.junit.AutoTests" name="[54] /home/travis/build/icyphy/ptII/ptolemy/domains/de/test/auto/ResetTransitionWithStartTime1.xml (RunModel)" time="0.017" />
  <testcase classname="ptolemy.util.test.junit.AutoTests" name="[55] /home/travis/build/icyphy/ptII/ptolemy/domains/de/test/auto/ResetTransitionWithStartTime2.xml (RunModel)" time="0.018" />
  <testcase classname="ptolemy.util.test.junit.AutoTests" name="[56] /home/travis/build/icyphy/ptII/ptolemy/domains/de/test/auto/ResetTransitionWithStartTime3.xml (RunModel)" time="0.023" />
  <testcase classname="ptolemy.util.test.junit.AutoTests" name="[57] /home/travis/build/icyphy/ptII/ptolemy/domains/de/test/auto/ResetTransitionWithStartTime4.xml (RunModel)" time="0.02" />
  <testcase classname="ptolemy.util.test.junit.AutoTests" name="[58] /home/travis/build/icyphy/ptII/ptolemy/domains/de/test/auto/ResettableTimer1.xml (RunModel)" time="0.009" />
  <testcase classname="ptolemy.util.test.junit.AutoTests" name="[59] /home/travis/build/icyphy/ptII/ptolemy/domains/de/test/auto/ResettableTimer2.xml (RunModel)" time="0.013" />
  <testcase classname="ptolemy.util.test.junit.AutoTests" name="[60] /home/travis/build/icyphy/ptII/ptolemy/domains/de/test/auto/ResettableTimer3.xml (RunModel)" time="0.008" />
  <testcase classname="ptolemy.util.test.junit.AutoTests" name="[61] /home/travis/build/icyphy/ptII/ptolemy/domains/de/test/auto/ResettableTimer4.xml (RunModel)" time="0.01" />
  <testcase classname="ptolemy.util.test.junit.AutoTests" name="[62] /home/travis/build/icyphy/ptII/ptolemy/domains/de/test/auto/ResettableTimer5.xml (RunModel)" time="0.011" />
  <testcase classname="ptolemy.util.test.junit.AutoTests" name="[63] /home/travis/build/icyphy/ptII/ptolemy/domains/de/test/auto/ResettableTimer6.xml (RunModel)" time="0.018" />
  <testcase classname="ptolemy.util.test.junit.AutoTests" name="[64] /home/travis/build/icyphy/ptII/ptolemy/domains/de/test/auto/ServerZeroDelay.xml (RunModel)" time="0.009" />
  <testcase classname="ptolemy.util.test.junit.AutoTests" name="[65] /home/travis/build/icyphy/ptII/ptolemy/domains/de/test/auto/SmartSender.xml (RunModel)" time="3.009" />
  <testcase classname="ptolemy.util.test.junit.AutoTests" name="[66] /home/travis/build/icyphy/ptII/ptolemy/domains/de/test/auto/ThreadedComposite.xml (RunModel)" time="0.173" />
  <testcase classname="ptolemy.util.test.junit.AutoTests" name="[67] /home/travis/build/icyphy/ptII/ptolemy/domains/de/test/auto/Time.xml (RunModel)" time="0.41" />
  <testcase classname="ptolemy.util.test.junit.AutoTests" name="[68] /home/travis/build/icyphy/ptII/ptolemy/domains/de/test/auto/TimeDelayZeroDelay.xml (RunModel)" time="0.012" />
  <testcase classname="ptolemy.util.test.junit.AutoTests" name="[69] /home/travis/build/icyphy/ptII/ptolemy/domains/de/test/auto/TimerZeroDelay.xml (RunModel)" time="0.01" />
  <testcase classname="ptolemy.util.test.junit.AutoTests" name="[70] /home/travis/build/icyphy/ptII/ptolemy/domains/de/test/auto/TimingParadox.xml (RunModel)" time="0.342" />
  <testcase classname="ptolemy.util.test.junit.AutoTests" name="[71] /home/travis/build/icyphy/ptII/ptolemy/domains/de/test/auto/TransferInputs.xml (RunModel)" time="0.016" />
  <testcase classname="ptolemy.util.test.junit.AutoTests" name="[72] /home/travis/build/icyphy/ptII/ptolemy/domains/de/test/auto/TransferOutputs2.xml (RunModel)" time="0.017" />
  <testcase classname="ptolemy.util.test.junit.AutoTests" name="[73] /home/travis/build/icyphy/ptII/ptolemy/domains/de/test/auto/Trilateration.xml (RunModel)" time="11.239" />
  <testcase classname="ptolemy.util.test.junit.AutoTests" name="[74] /home/travis/build/icyphy/ptII/ptolemy/domains/de/test/auto/TwoSigmaDelta.xml (RunModel)" time="1.995" />
  <testcase classname="ptolemy.util.test.junit.AutoTests" name="[75] /home/travis/build/icyphy/ptII/ptolemy/domains/de/test/auto/VariableDelay.xml (RunModel)" time="0.012" />
  <testcase classname="ptolemy.util.test.junit.AutoTests" name="[76] /home/travis/build/icyphy/ptII/ptolemy/domains/de/test/auto/VariableDelay2.xml (RunModel)" time="0.008" />
  <testcase classname="ptolemy.util.test.junit.AutoTests" name="[77] /home/travis/build/icyphy/ptII/ptolemy/domains/de/test/auto/VariableDelayZeroDelay.xml (RunModel)" time="0.01" />
  <testcase classname="ptolemy.util.test.junit.AutoTests" name="[78] /home/travis/build/icyphy/ptII/ptolemy/domains/de/test/auto/VariableDelayZeroDelay2.xml (RunModel)" time="0.009" />
  <testcase classname="ptolemy.util.test.junit.AutoTests" name="[79] /home/travis/build/icyphy/ptII/ptolemy/domains/de/test/auto/deInCt.xml (RunModel)" time="0.011" />
  <testcase classname="ptolemy.util.test.junit.AutoTests" name="[80] /home/travis/build/icyphy/ptII/ptolemy/domains/de/test/auto/deInCt2.xml (RunModel)" time="0.013" />
  <testcase classname="ptolemy.util.test.junit.AutoTests" name="[81] /home/travis/build/icyphy/ptII/ptolemy/domains/de/test/auto/dynamicCausalityInterface1.xml (RunModel)" time="0.017" />
  <testcase classname="ptolemy.util.test.junit.AutoTests" name="[82] /home/travis/build/icyphy/ptII/ptolemy/domains/de/test/auto/fsm_de_test.xml (RunModel)" time="0.02" />
  <testcase classname="ptolemy.util.test.junit.AutoTests" name="[83] /home/travis/build/icyphy/ptII/ptolemy/domains/de/test/auto/functionDependencyReconstruction.xml (RunModel)" time="0.031" />
  <testcase classname="ptolemy.util.test.junit.AutoTests" name="[84] /home/travis/build/icyphy/ptII/ptolemy/domains/de/test/auto/multirate.xml (RunModel)" time="0.014" />
  <testcase classname="ptolemy.util.test.junit.AutoTests" name="[85] /home/travis/build/icyphy/ptII/ptolemy/domains/de/test/auto/multirate2.xml (RunModel)" time="0.014" />
  <testcase classname="ptolemy.util.test.junit.AutoTests" name="[86] /home/travis/build/icyphy/ptII/ptolemy/domains/de/test/auto/realtime.xml (RunModel)" time="10.01" />
  <testcase classname="ptolemy.util.test.junit.AutoTests" name="[87] /home/travis/build/icyphy/ptII/ptolemy/domains/de/test/auto/relationGroup.xml (RunModel)" time="0.008" />
  <testcase classname="ptolemy.util.test.junit.AutoTests" name="[88] /home/travis/build/icyphy/ptII/ptolemy/domains/de/test/auto/relationGroup2.xml (RunModel)" time="0.01" />
  <testcase classname="ptolemy.util.test.junit.AutoTests" name="[89] /home/travis/build/icyphy/ptII/ptolemy/domains/de/test/auto/sortWithOpaquePorts.xml (RunModel)" time="0.012" />
  <testcase classname="ptolemy.util.test.junit.AutoTests" name="[90] /home/travis/build/icyphy/ptII/ptolemy/domains/de/test/auto/transferInputsandOutputs.xml (RunModel)" time="0.046" />
  <testcase classname="ptolemy.util.test.junit.AutoTests" name="[91] /home/travis/build/icyphy/ptII/ptolemy/domains/de/test/auto/triggerType.xml (RunModel)" time="0.03" />
  <system-out><![CDATA[/home/travis/build/icyphy/ptII/ptolemy/domains/de/test/DependencyLoop.tcl
testDefs.tcl: setting time out to 9000 seconds at Fri May 10 04:17:16 UTC 2019
16 ms. Memory: 116224K Free: 97421K (84%)
23 ms. Memory: 146944K Free: 142416K (97%)
/home/travis/build/icyphy/ptII/ptolemy/domains/de/test/RunDETestsAsQSS.tcl
Run the DE tests using ptolemy.domains.qss.test.QSSDirectorTest, which extends QSSDirector and prints a message in the constructors.
------------------ testing $PTII/ptolemy/domains/de/test/auto/knownFailedTests/dependencyLoop.xml (Known Failure) 
7 ms. Memory: 146944K Free: 136937K (93%)


==== $PTIIhome/travis/build/icyphy/ptII/ptolemy/domains/de/test/../../../../: Auto Automatic test in file $PTII/ptolemy/domains/de/test/auto/knownFailedTests/dependencyLoop.xml
==== Contents of test case:

	    # FIXME: we should use $relativeFilename here, but it
	    # might have backslashes under Windows, which causes no end
	    # of trouble.
	    createAndExecute $file
	    list {}
	
.... Test generated KNOWN error:
    while executing
ptolemy.kernel.util.IllegalActionException: Found a zero delay loop containing .dependencyLoop.original
  in .dependencyLoop and .dependencyLoop.original
	at ptolemy.actor.util.CausalityInterfaceForComposites._computeOutputPortDepth(CausalityInterfaceForComposites.java:759)
	at ptolemy.actor.util.CausalityInterfaceForComposites._computeInputDepth(CausalityInterfaceForComposites.java:696)
	at ptolemy.actor.util.CausalityInterfaceForComposites._computeOutputPortDepth(CausalityInterfaceForComposites.java:765)
	at ptolemy.actor.util.CausalityInterfaceForComposites._computeInputDepth(CausalityInterfaceForComposites.java:696)
	at ptolemy.actor.util.CausalityInterfaceForComposites._computeOutputPortDepth(CausalityInterfaceForComposites.java:765)
	at ptolemy.actor.util.CausalityInterfaceForComposites._computeInputDepth(CausalityInterfaceForComposites.java:696)
	at ptolemy.actor.util.CausalityInterfaceForComposites._computeActorDepth(CausalityInterfaceForComposites.java:532)
	at ptolemy.actor.util.CausalityInterfaceForComposites.checkForCycles(CausalityInterfaceForComposites.java:96)
	at ptolemy.domains.de.kernel.DEDirector.preinitialize(DEDirector.java:1338)
	at ptolemy.actor.CompositeActor.preinitialize(CompositeActor.java:1828)
	at ptolemy.actor.Manager.preinitializeAndResolveTypes(Manager.java:1040)
	at ptolemy.actor.Manager.initialize(Manager.java:710)
	at ptolemy.actor.Manager.execute(Manager.java:356)
	at ptolemy.actor.Manager.run(Manager.java:1263)
	at ptolemy.actor.Manager$PtolemyRunThread.run(Manager.java:1915)

    while executing
ptolemy.kernel.util.IllegalActionException: Found a zero delay loop containing .dependencyLoop.original
  in .dependencyLoop and .dependencyLoop.original
    while executing
"java::new ptolemy.moml.MoMLSimpleApplication $file
"
    (procedure "createAndExecute" line 2)
    invoked from within
"createAndExecute $file"
    ("uplevel" body line 5)
    invoked from within
"uplevel $contents_of_test"
------------------ testing $PTII/ptolemy/domains/de/test/auto/knownFailedTests/DESDFClockTest.xml (Known Failure) 
2067 ms. Memory: 146944K Free: 121328K (83%)


==== $PTIIhome/travis/build/icyphy/ptII/ptolemy/domains/de/test/../../../../: Auto Automatic test in file $PTII/ptolemy/domains/de/test/auto/knownFailedTests/DESDFClockTest.xml
==== Contents of test case:

	    # FIXME: we should use $relativeFilename here, but it
	    # might have backslashes under Windows, which causes no end
	    # of trouble.
	    createAndExecute $file
	    list {}
	
.... Test generated KNOWN error:
    while executing
ptolemy.kernel.util.IllegalActionException: Actor is not ready to fire.  Perhaps UpSample.prefire() returned false? Try debugging the actor by selecting "Listen to Actor".  Also, for SDF check moml for tokenConsumptionRate on input.
  in .DESDFClockTest.Play Bell.Copy1:SDF Director and .DESDFClockTest.Play Bell.UpSample
	at ptolemy.actor.sched.StaticSchedulingDirector.fire(StaticSchedulingDirector.java:227)
	at ptolemy.domains.sdf.kernel.SDFDirector.fire(SDFDirector.java:500)
	at ptolemy.actor.CompositeActor.fire(CompositeActor.java:455)
	at ptolemy.domains.de.kernel.DEDirector._fire(DEDirector.java:1949)
	at ptolemy.domains.de.kernel.DEDirector.fire(DEDirector.java:502)
	at ptolemy.actor.CompositeActor.fire(CompositeActor.java:455)
	at ptolemy.actor.Manager.iterate(Manager.java:851)
	at ptolemy.actor.Manager.execute(Manager.java:369)
	at ptolemy.actor.Manager.run(Manager.java:1263)
	at ptolemy.actor.Manager$PtolemyRunThread.run(Manager.java:1915)

    while executing
ptolemy.kernel.util.IllegalActionException: Actor is not ready to fire.  Perhaps UpSample.prefire() returned false? Try debugging the actor by selecting "Listen to Actor".  Also, for SDF check moml for tokenConsumptionRate on input.
  in .DESDFClockTest.Play Bell.Copy1:SDF Director and .DESDFClockTest.Play Bell.UpSample
    while executing
"java::new ptolemy.moml.MoMLSimpleApplication $file
"
    (procedure "createAndExecute" line 2)
    invoked from within
"createAndExecute $file"
    ("uplevel" body line 5)
    invoked from within
"uplevel $contents_of_test"
------------------ testing $PTII/ptolemy/domains/de/test/auto/knownFailedTests/FSMSource.xml (Known Failure) 
38 ms. Memory: 146944K Free: 112411K (76%)
!!!! Auto was marked as failing, but now passes
------------------ testing $PTII/ptolemy/domains/de/test/auto/knownFailedTests/dependencyLoop2.xml (Known Failure) 
6 ms. Memory: 146944K Free: 110528K (75%)


==== $PTIIhome/travis/build/icyphy/ptII/ptolemy/domains/de/test/../../../../: Auto Automatic test in file $PTII/ptolemy/domains/de/test/auto/knownFailedTests/dependencyLoop2.xml
==== Contents of test case:

	    # FIXME: we should use $relativeFilename here, but it
	    # might have backslashes under Windows, which causes no end
	    # of trouble.
	    createAndExecute $file
	    list {}
	
.... Test generated KNOWN error:
    while executing
ptolemy.kernel.util.IllegalActionException: Found a zero delay loop containing .dependencyLoop2.original
  in .dependencyLoop2 and .dependencyLoop2.original
	at ptolemy.actor.util.CausalityInterfaceForComposites._computeOutputPortDepth(CausalityInterfaceForComposites.java:759)
	at ptolemy.actor.util.CausalityInterfaceForComposites._computeInputDepth(CausalityInterfaceForComposites.java:696)
	at ptolemy.actor.util.CausalityInterfaceForComposites._computeOutputPortDepth(CausalityInterfaceForComposites.java:765)
	at ptolemy.actor.util.CausalityInterfaceForComposites._computeInputDepth(CausalityInterfaceForComposites.java:696)
	at ptolemy.actor.util.CausalityInterfaceForComposites._computeOutputPortDepth(CausalityInterfaceForComposites.java:765)
	at ptolemy.actor.util.CausalityInterfaceForComposites._computeInputDepth(CausalityInterfaceForComposites.java:696)
	at ptolemy.actor.util.CausalityInterfaceForComposites._computeActorDepth(CausalityInterfaceForComposites.java:532)
	at ptolemy.actor.util.CausalityInterfaceForComposites.checkForCycles(CausalityInterfaceForComposites.java:96)
	at ptolemy.domains.de.kernel.DEDirector.preinitialize(DEDirector.java:1338)
	at ptolemy.actor.CompositeActor.preinitialize(CompositeActor.java:1828)
	at ptolemy.actor.Manager.preinitializeAndResolveTypes(Manager.java:1040)
	at ptolemy.actor.Manager.initialize(Manager.java:710)
	at ptolemy.actor.Manager.execute(Manager.java:356)
	at ptolemy.actor.Manager.run(Manager.java:1263)
	at ptolemy.actor.Manager$PtolemyRunThread.run(Manager.java:1915)

    while executing
ptolemy.kernel.util.IllegalActionException: Found a zero delay loop containing .dependencyLoop2.original
  in .dependencyLoop2 and .dependencyLoop2.original
    while executing
"java::new ptolemy.moml.MoMLSimpleApplication $file
"
    (procedure "createAndExecute" line 2)
    invoked from within
"createAndExecute $file"
    ("uplevel" body line 5)
    invoked from within
"uplevel $contents_of_test"
------------------ testing $PTII/ptolemy/domains/de/test/auto/knownFailedTests/HierarchicalModel.xml (Known Failure) 
5 ms. Memory: 146944K Free: 90337K (61%)


==== $PTIIhome/travis/build/icyphy/ptII/ptolemy/domains/de/test/../../../../: Auto Automatic test in file $PTII/ptolemy/domains/de/test/auto/knownFailedTests/HierarchicalModel.xml
==== Contents of test case:

	    # FIXME: we should use $relativeFilename here, but it
	    # might have backslashes under Windows, which causes no end
	    # of trouble.
	    createAndExecute $file
	    list {}
	
.... Test generated KNOWN error:
    while executing
ptolemy.kernel.util.IllegalActionException: Found a zero delay loop containing .HierarchicalModel.A
  in .HierarchicalModel and .HierarchicalModel.A
	at ptolemy.actor.util.CausalityInterfaceForComposites._computeOutputPortDepth(CausalityInterfaceForComposites.java:759)
	at ptolemy.actor.util.CausalityInterfaceForComposites._computeInputDepth(CausalityInterfaceForComposites.java:696)
	at ptolemy.actor.util.CausalityInterfaceForComposites._computeOutputPortDepth(CausalityInterfaceForComposites.java:765)
	at ptolemy.actor.util.CausalityInterfaceForComposites._computeInputDepth(CausalityInterfaceForComposites.java:696)
	at ptolemy.actor.util.CausalityInterfaceForComposites._computeOutputPortDepth(CausalityInterfaceForComposites.java:765)
	at ptolemy.actor.util.CausalityInterfaceForComposites._computeInputDepth(CausalityInterfaceForComposites.java:696)
	at ptolemy.actor.util.CausalityInterfaceForComposites._computeActorDepth(CausalityInterfaceForComposites.java:532)
	at ptolemy.actor.util.CausalityInterfaceForComposites.checkForCycles(CausalityInterfaceForComposites.java:96)
	at ptolemy.domains.de.kernel.DEDirector.preinitialize(DEDirector.java:1338)
	at ptolemy.actor.CompositeActor.preinitialize(CompositeActor.java:1828)
	at ptolemy.actor.Manager.preinitializeAndResolveTypes(Manager.java:1040)
	at ptolemy.actor.Manager.initialize(Manager.java:710)
	at ptolemy.actor.Manager.execute(Manager.java:356)
	at ptolemy.actor.Manager.run(Manager.java:1263)
	at ptolemy.actor.Manager$PtolemyRunThread.run(Manager.java:1915)

    while executing
ptolemy.kernel.util.IllegalActionException: Found a zero delay loop containing .HierarchicalModel.A
  in .HierarchicalModel and .HierarchicalModel.A
    while executing
"java::new ptolemy.moml.MoMLSimpleApplication $file
"
    (procedure "createAndExecute" line 2)
    invoked from within
"createAndExecute $file"
    ("uplevel" body line 5)
    invoked from within
"uplevel $contents_of_test"
------------------ testing $PTII/ptolemy/domains/de/test/auto/knownFailedTests/DirectFeedback.xml (Known Failure) 
4 ms. Memory: 146944K Free: 86217K (59%)


==== $PTIIhome/travis/build/icyphy/ptII/ptolemy/domains/de/test/../../../../: Auto Automatic test in file $PTII/ptolemy/domains/de/test/auto/knownFailedTests/DirectFeedback.xml
==== Contents of test case:

	    # FIXME: we should use $relativeFilename here, but it
	    # might have backslashes under Windows, which causes no end
	    # of trouble.
	    createAndExecute $file
	    list {}
	
.... Test generated KNOWN error:
    while executing
ptolemy.kernel.util.IllegalActionException: Test fails in iteration 1.
Value was: 1.0. Should have been: 2.0
  in .DirectFeedback.Test
	at ptolemy.actor.lib.Test.fire(Test.java:268)
	at ptolemy.domains.de.kernel.DEDirector._fire(DEDirector.java:1949)
	at ptolemy.domains.de.kernel.DEDirector.fire(DEDirector.java:502)
	at ptolemy.actor.CompositeActor.fire(CompositeActor.java:455)
	at ptolemy.actor.Manager.iterate(Manager.java:851)
	at ptolemy.actor.Manager.execute(Manager.java:369)
	at ptolemy.actor.Manager.run(Manager.java:1263)
	at ptolemy.actor.Manager$PtolemyRunThread.run(Manager.java:1915)

    while executing
ptolemy.kernel.util.IllegalActionException: Test fails in iteration 1.
Value was: 1.0. Should have been: 2.0
  in .DirectFeedback.Test
    while executing
"java::new ptolemy.moml.MoMLSimpleApplication $file
"
    (procedure "createAndExecute" line 2)
    invoked from within
"createAndExecute $file"
    ("uplevel" body line 5)
    invoked from within
"uplevel $contents_of_test"
------------------ testing $PTII/ptolemy/domains/de/test/auto/ActorDepthCalculation_actorWithoutPorts.xml
auto.tcl: Setting watchdog for 200 seconds at Fri May 10 04:17:19 UTC 2019
4 ms. Memory: 146944K Free: 138639K (94%)
ptolemy.util.test.WatchDog.cancel(): canceling Fri May 10 04:17:19 UTC 2019
auto.tcl: Setting watchdog for 200 seconds at Fri May 10 04:17:19 UTC 2019
4 ms. Memory: 146944K Free: 137607K (94%)
ptolemy.util.test.WatchDog.cancel(): canceling Fri May 10 04:17:19 UTC 2019
------------------ testing $PTII/ptolemy/domains/de/test/auto/AssemblyLine.xml
auto.tcl: Setting watchdog for 200 seconds at Fri May 10 04:17:20 UTC 2019
13 ms. Memory: 208384K Free: 183308K (88%)
ptolemy.util.test.WatchDog.cancel(): canceling Fri May 10 04:17:20 UTC 2019
auto.tcl: Setting watchdog for 200 seconds at Fri May 10 04:17:20 UTC 2019
11 ms. Memory: 208384K Free: 183308K (88%)
ptolemy.util.test.WatchDog.cancel(): canceling Fri May 10 04:17:20 UTC 2019
------------------ testing $PTII/ptolemy/domains/de/test/auto/CQBug1.xml
auto.tcl: Setting watchdog for 200 seconds at Fri May 10 04:17:20 UTC 2019
11 ms. Memory: 208384K Free: 197861K (95%)
ptolemy.util.test.WatchDog.cancel(): canceling Fri May 10 04:17:20 UTC 2019
auto.tcl: Setting watchdog for 200 seconds at Fri May 10 04:17:20 UTC 2019
2 ms. Memory: 208384K Free: 197861K (95%)
ptolemy.util.test.WatchDog.cancel(): canceling Fri May 10 04:17:20 UTC 2019
------------------ testing $PTII/ptolemy/domains/de/test/auto/CancelFireAt.xml
auto.tcl: Setting watchdog for 200 seconds at Fri May 10 04:17:20 UTC 2019
8 ms. Memory: 208384K Free: 201026K (96%)
ptolemy.util.test.WatchDog.cancel(): canceling Fri May 10 04:17:20 UTC 2019
auto.tcl: Setting watchdog for 200 seconds at Fri May 10 04:17:20 UTC 2019
2 ms. Memory: 208384K Free: 198962K (95%)
ptolemy.util.test.WatchDog.cancel(): canceling Fri May 10 04:17:20 UTC 2019
------------------ testing $PTII/ptolemy/domains/de/test/auto/CausalityAndComposabilityAnalysis.xml
auto.tcl: Setting watchdog for 200 seconds at Fri May 10 04:17:20 UTC 2019
14 ms. Memory: 208384K Free: 198558K (95%)
ptolemy.util.test.WatchDog.cancel(): canceling Fri May 10 04:17:20 UTC 2019
auto.tcl: Setting watchdog for 200 seconds at Fri May 10 04:17:20 UTC 2019
4 ms. Memory: 208384K Free: 196494K (94%)
ptolemy.util.test.WatchDog.cancel(): canceling Fri May 10 04:17:20 UTC 2019
------------------ testing $PTII/ptolemy/domains/de/test/auto/CausalityInterface1.xml
auto.tcl: Setting watchdog for 200 seconds at Fri May 10 04:17:20 UTC 2019
9 ms. Memory: 208384K Free: 198496K (95%)
ptolemy.util.test.WatchDog.cancel(): canceling Fri May 10 04:17:20 UTC 2019
auto.tcl: Setting watchdog for 200 seconds at Fri May 10 04:17:20 UTC 2019
8 ms. Memory: 208384K Free: 196431K (94%)
ptolemy.util.test.WatchDog.cancel(): canceling Fri May 10 04:17:20 UTC 2019
------------------ testing $PTII/ptolemy/domains/de/test/auto/CausalityInterface15.xml
auto.tcl: Setting watchdog for 200 seconds at Fri May 10 04:17:20 UTC 2019
9 ms. Memory: 208384K Free: 196421K (94%)
ptolemy.util.test.WatchDog.cancel(): canceling Fri May 10 04:17:21 UTC 2019
auto.tcl: Setting watchdog for 200 seconds at Fri May 10 04:17:21 UTC 2019
4 ms. Memory: 208384K Free: 196421K (94%)
ptolemy.util.test.WatchDog.cancel(): canceling Fri May 10 04:17:21 UTC 2019
------------------ testing $PTII/ptolemy/domains/de/test/auto/CausalityInterface2.xml
auto.tcl: Setting watchdog for 200 seconds at Fri May 10 04:17:21 UTC 2019
10 ms. Memory: 208384K Free: 196406K (94%)
ptolemy.util.test.WatchDog.cancel(): canceling Fri May 10 04:17:21 UTC 2019
auto.tcl: Setting watchdog for 200 seconds at Fri May 10 04:17:21 UTC 2019
3 ms. Memory: 208384K Free: 196406K (94%)
ptolemy.util.test.WatchDog.cancel(): canceling Fri May 10 04:17:21 UTC 2019
------------------ testing $PTII/ptolemy/domains/de/test/auto/CausalityInterface3.xml
auto.tcl: Setting watchdog for 200 seconds at Fri May 10 04:17:21 UTC 2019
7 ms. Memory: 208384K Free: 196418K (94%)
ptolemy.util.test.WatchDog.cancel(): canceling Fri May 10 04:17:21 UTC 2019
auto.tcl: Setting watchdog for 200 seconds at Fri May 10 04:17:21 UTC 2019
3 ms. Memory: 208384K Free: 196418K (94%)
ptolemy.util.test.WatchDog.cancel(): canceling Fri May 10 04:17:21 UTC 2019
------------------ testing $PTII/ptolemy/domains/de/test/auto/ClockDrift.xml
auto.tcl: Setting watchdog for 200 seconds at Fri May 10 04:17:21 UTC 2019
94 ms. Memory: 208384K Free: 187757K (90%)
ptolemy.util.test.WatchDog.cancel(): canceling Fri May 10 04:17:21 UTC 2019
auto.tcl: Setting watchdog for 200 seconds at Fri May 10 04:17:21 UTC 2019
60 ms. Memory: 208384K Free: 185693K (89%)
ptolemy.util.test.WatchDog.cancel(): canceling Fri May 10 04:17:21 UTC 2019
------------------ testing $PTII/ptolemy/domains/de/test/auto/ClockDriftAndValueChange.xml
auto.tcl: Setting watchdog for 200 seconds at Fri May 10 04:17:21 UTC 2019
45 ms. Memory: 208384K Free: 189655K (91%)
ptolemy.util.test.WatchDog.cancel(): canceling Fri May 10 04:17:21 UTC 2019
auto.tcl: Setting watchdog for 200 seconds at Fri May 10 04:17:21 UTC 2019
27 ms. Memory: 208384K Free: 185526K (89%)
ptolemy.util.test.WatchDog.cancel(): canceling Fri May 10 04:17:21 UTC 2019
------------------ testing $PTII/ptolemy/domains/de/test/auto/ClockDriftChange.xml
auto.tcl: Setting watchdog for 200 seconds at Fri May 10 04:17:21 UTC 2019
31 ms. Memory: 208384K Free: 190877K (92%)
ptolemy.util.test.WatchDog.cancel(): canceling Fri May 10 04:17:21 UTC 2019
auto.tcl: Setting watchdog for 200 seconds at Fri May 10 04:17:21 UTC 2019
26 ms. Memory: 208384K Free: 188812K (91%)
ptolemy.util.test.WatchDog.cancel(): canceling Fri May 10 04:17:21 UTC 2019
------------------ testing $PTII/ptolemy/domains/de/test/auto/ComposableCausalityAnalysis.xml
auto.tcl: Setting watchdog for 200 seconds at Fri May 10 04:17:21 UTC 2019
3 ms. Memory: 208384K Free: 196272K (94%)
ptolemy.util.test.WatchDog.cancel(): canceling Fri May 10 04:17:21 UTC 2019
auto.tcl: Setting watchdog for 200 seconds at Fri May 10 04:17:21 UTC 2019
2 ms. Memory: 208384K Free: 196272K (94%)
ptolemy.util.test.WatchDog.cancel(): canceling Fri May 10 04:17:21 UTC 2019
------------------ testing $PTII/ptolemy/domains/de/test/auto/DEFixedPointLimitation.xml
auto.tcl: Setting watchdog for 200 seconds at Fri May 10 04:17:21 UTC 2019
5 ms. Memory: 208384K Free: 198417K (95%)
ptolemy.util.test.WatchDog.cancel(): canceling Fri May 10 04:17:22 UTC 2019
auto.tcl: Setting watchdog for 200 seconds at Fri May 10 04:17:22 UTC 2019
5 ms. Memory: 208384K Free: 196353K (94%)
ptolemy.util.test.WatchDog.cancel(): canceling Fri May 10 04:17:22 UTC 2019
------------------ testing $PTII/ptolemy/domains/de/test/auto/DEScheduleTest.xml
auto.tcl: Setting watchdog for 200 seconds at Fri May 10 04:17:22 UTC 2019
5 ms. Memory: 208384K Free: 198453K (95%)
ptolemy.util.test.WatchDog.cancel(): canceling Fri May 10 04:17:22 UTC 2019
auto.tcl: Setting watchdog for 200 seconds at Fri May 10 04:17:22 UTC 2019
6 ms. Memory: 208384K Free: 196389K (94%)
ptolemy.util.test.WatchDog.cancel(): canceling Fri May 10 04:17:22 UTC 2019
------------------ testing $PTII/ptolemy/domains/de/test/auto/DEinDEwithStartTimes.xml
auto.tcl: Setting watchdog for 200 seconds at Fri May 10 04:17:22 UTC 2019
4 ms. Memory: 208384K Free: 196358K (94%)
ptolemy.util.test.WatchDog.cancel(): canceling Fri May 10 04:17:22 UTC 2019
auto.tcl: Setting watchdog for 200 seconds at Fri May 10 04:17:22 UTC 2019
3 ms. Memory: 208384K Free: 196358K (94%)
ptolemy.util.test.WatchDog.cancel(): canceling Fri May 10 04:17:22 UTC 2019
------------------ testing $PTII/ptolemy/domains/de/test/auto/DEinDEwithStartTimes2.xml
auto.tcl: Setting watchdog for 200 seconds at Fri May 10 04:17:22 UTC 2019
4 ms. Memory: 208384K Free: 196855K (94%)
ptolemy.util.test.WatchDog.cancel(): canceling Fri May 10 04:17:22 UTC 2019
auto.tcl: Setting watchdog for 200 seconds at Fri May 10 04:17:22 UTC 2019
4 ms. Memory: 208384K Free: 194272K (93%)
ptolemy.util.test.WatchDog.cancel(): canceling Fri May 10 04:17:22 UTC 2019
------------------ testing $PTII/ptolemy/domains/de/test/auto/DateDemo.xml
auto.tcl: Setting watchdog for 200 seconds at Fri May 10 04:17:22 UTC 2019
16 ms. Memory: 208384K Free: 188873K (91%)
ptolemy.util.test.WatchDog.cancel(): canceling Fri May 10 04:17:22 UTC 2019
auto.tcl: Setting watchdog for 200 seconds at Fri May 10 04:17:22 UTC 2019
10 ms. Memory: 208384K Free: 186809K (90%)
ptolemy.util.test.WatchDog.cancel(): canceling Fri May 10 04:17:22 UTC 2019
------------------ testing $PTII/ptolemy/domains/de/test/auto/DateToEvent.xml
auto.tcl: Setting watchdog for 200 seconds at Fri May 10 04:17:22 UTC 2019
2019 ms. Memory: 208384K Free: 183719K (88%)
ptolemy.util.test.WatchDog.cancel(): canceling Fri May 10 04:17:24 UTC 2019
auto.tcl: Setting watchdog for 200 seconds at Fri May 10 04:17:24 UTC 2019
2004 ms. Memory: 208384K Free: 183719K (88%)
ptolemy.util.test.WatchDog.cancel(): canceling Fri May 10 04:17:26 UTC 2019
------------------ testing $PTII/ptolemy/domains/de/test/auto/DepthTest1.xml
auto.tcl: Setting watchdog for 200 seconds at Fri May 10 04:17:26 UTC 2019
2 ms. Memory: 208384K Free: 197981K (95%)
ptolemy.util.test.WatchDog.cancel(): canceling Fri May 10 04:17:26 UTC 2019
auto.tcl: Setting watchdog for 200 seconds at Fri May 10 04:17:26 UTC 2019
2 ms. Memory: 208384K Free: 197981K (95%)
ptolemy.util.test.WatchDog.cancel(): canceling Fri May 10 04:17:26 UTC 2019
------------------ testing $PTII/ptolemy/domains/de/test/auto/DepthTest2.xml
auto.tcl: Setting watchdog for 200 seconds at Fri May 10 04:17:26 UTC 2019
11 ms. Memory: 208384K Free: 194284K (93%)
ptolemy.util.test.WatchDog.cancel(): canceling Fri May 10 04:17:26 UTC 2019
auto.tcl: Setting watchdog for 200 seconds at Fri May 10 04:17:26 UTC 2019
3 ms. Memory: 208384K Free: 194284K (93%)
ptolemy.util.test.WatchDog.cancel(): canceling Fri May 10 04:17:26 UTC 2019
------------------ testing $PTII/ptolemy/domains/de/test/auto/DepthTest3.xml
auto.tcl: Setting watchdog for 200 seconds at Fri May 10 04:17:26 UTC 2019
12 ms. Memory: 208384K Free: 198314K (95%)
ptolemy.util.test.WatchDog.cancel(): canceling Fri May 10 04:17:26 UTC 2019
auto.tcl: Setting watchdog for 200 seconds at Fri May 10 04:17:26 UTC 2019
2 ms. Memory: 208384K Free: 198314K (95%)
ptolemy.util.test.WatchDog.cancel(): canceling Fri May 10 04:17:26 UTC 2019
------------------ testing $PTII/ptolemy/domains/de/test/auto/DepthTest4.xml
auto.tcl: Setting watchdog for 200 seconds at Fri May 10 04:17:26 UTC 2019
7 ms. Memory: 208384K Free: 196337K (94%)
ptolemy.util.test.WatchDog.cancel(): canceling Fri May 10 04:17:26 UTC 2019
auto.tcl: Setting watchdog for 200 seconds at Fri May 10 04:17:26 UTC 2019
3 ms. Memory: 208384K Free: 196337K (94%)
ptolemy.util.test.WatchDog.cancel(): canceling Fri May 10 04:17:26 UTC 2019
------------------ testing $PTII/ptolemy/domains/de/test/auto/DepthTest5.xml
auto.tcl: Setting watchdog for 200 seconds at Fri May 10 04:17:26 UTC 2019
3 ms. Memory: 208384K Free: 196803K (94%)
ptolemy.util.test.WatchDog.cancel(): canceling Fri May 10 04:17:26 UTC 2019
auto.tcl: Setting watchdog for 200 seconds at Fri May 10 04:17:26 UTC 2019
3 ms. Memory: 208384K Free: 196803K (94%)
ptolemy.util.test.WatchDog.cancel(): canceling Fri May 10 04:17:26 UTC 2019
------------------ testing $PTII/ptolemy/domains/de/test/auto/DepthTest6.xml
auto.tcl: Setting watchdog for 200 seconds at Fri May 10 04:17:26 UTC 2019
8 ms. Memory: 208384K Free: 196780K (94%)
ptolemy.util.test.WatchDog.cancel(): canceling Fri May 10 04:17:26 UTC 2019
auto.tcl: Setting watchdog for 200 seconds at Fri May 10 04:17:26 UTC 2019
2 ms. Memory: 208384K Free: 196780K (94%)
ptolemy.util.test.WatchDog.cancel(): canceling Fri May 10 04:17:26 UTC 2019
------------------ testing $PTII/ptolemy/domains/de/test/auto/DepthTest7.xml
auto.tcl: Setting watchdog for 200 seconds at Fri May 10 04:17:27 UTC 2019
4 ms. Memory: 208384K Free: 195013K (94%)
ptolemy.util.test.WatchDog.cancel(): canceling Fri May 10 04:17:27 UTC 2019
auto.tcl: Setting watchdog for 200 seconds at Fri May 10 04:17:27 UTC 2019
2 ms. Memory: 208384K Free: 195013K (94%)
ptolemy.util.test.WatchDog.cancel(): canceling Fri May 10 04:17:27 UTC 2019
------------------ testing $PTII/ptolemy/domains/de/test/auto/EventToDate.xml
auto.tcl: Setting watchdog for 200 seconds at Fri May 10 04:17:27 UTC 2019
3010 ms. Memory: 208384K Free: 187991K (90%)
ptolemy.util.test.WatchDog.cancel(): canceling Fri May 10 04:17:30 UTC 2019
auto.tcl: Setting watchdog for 200 seconds at Fri May 10 04:17:30 UTC 2019
3004 ms. Memory: 208384K Free: 185926K (89%)
ptolemy.util.test.WatchDog.cancel(): canceling Fri May 10 04:17:33 UTC 2019
------------------ testing $PTII/ptolemy/domains/de/test/auto/FSM1.xml
auto.tcl: Setting watchdog for 200 seconds at Fri May 10 04:17:33 UTC 2019
25 ms. Memory: 208384K Free: 189366K (91%)
ptolemy.util.test.WatchDog.cancel(): canceling Fri May 10 04:17:33 UTC 2019
auto.tcl: Setting watchdog for 200 seconds at Fri May 10 04:17:33 UTC 2019
16 ms. Memory: 208384K Free: 185237K (89%)
ptolemy.util.test.WatchDog.cancel(): canceling Fri May 10 04:17:33 UTC 2019
------------------ testing $PTII/ptolemy/domains/de/test/auto/FSM7.xml
auto.tcl: Setting watchdog for 200 seconds at Fri May 10 04:17:33 UTC 2019
22 ms. Memory: 208384K Free: 189570K (91%)
ptolemy.util.test.WatchDog.cancel(): canceling Fri May 10 04:17:33 UTC 2019
auto.tcl: Setting watchdog for 200 seconds at Fri May 10 04:17:33 UTC 2019
14 ms. Memory: 208384K Free: 185441K (89%)
ptolemy.util.test.WatchDog.cancel(): canceling Fri May 10 04:17:33 UTC 2019
------------------ testing $PTII/ptolemy/domains/de/test/auto/Inspection.xml
auto.tcl: Setting watchdog for 200 seconds at Fri May 10 04:17:33 UTC 2019
26 ms. Memory: 208384K Free: 188718K (91%)
ptolemy.util.test.WatchDog.cancel(): canceling Fri May 10 04:17:33 UTC 2019
auto.tcl: Setting watchdog for 200 seconds at Fri May 10 04:17:33 UTC 2019
19 ms. Memory: 208384K Free: 186654K (90%)
ptolemy.util.test.WatchDog.cancel(): canceling Fri May 10 04:17:33 UTC 2019
------------------ testing $PTII/ptolemy/domains/de/test/auto/Iteration.xml
auto.tcl: Setting watchdog for 200 seconds at Fri May 10 04:17:33 UTC 2019
8 ms. Memory: 208384K Free: 196567K (94%)
ptolemy.util.test.WatchDog.cancel(): canceling Fri May 10 04:17:33 UTC 2019
auto.tcl: Setting watchdog for 200 seconds at Fri May 10 04:17:33 UTC 2019
5 ms. Memory: 208384K Free: 194503K (93%)
ptolemy.util.test.WatchDog.cancel(): canceling Fri May 10 04:17:33 UTC 2019
------------------ testing $PTII/ptolemy/domains/de/test/auto/LineFault.xml
auto.tcl: Setting watchdog for 200 seconds at Fri May 10 04:17:33 UTC 2019
734 ms. Memory: 208384K Free: 199854K (96%)
ptolemy.util.test.WatchDog.cancel(): canceling Fri May 10 04:17:34 UTC 2019
auto.tcl: Setting watchdog for 200 seconds at Fri May 10 04:17:34 UTC 2019
620 ms. Memory: 208384K Free: 143610K (69%)
ptolemy.util.test.WatchDog.cancel(): canceling Fri May 10 04:17:35 UTC 2019
------------------ testing $PTII/ptolemy/domains/de/test/auto/MergeModel1Add.xml
auto.tcl: Setting watchdog for 200 seconds at Fri May 10 04:17:35 UTC 2019
35 ms. Memory: 331264K Free: 300590K (91%)
ptolemy.util.test.WatchDog.cancel(): canceling Fri May 10 04:17:35 UTC 2019
auto.tcl: Setting watchdog for 200 seconds at Fri May 10 04:17:35 UTC 2019
15 ms. Memory: 331264K Free: 300590K (91%)
ptolemy.util.test.WatchDog.cancel(): canceling Fri May 10 04:17:35 UTC 2019
------------------ testing $PTII/ptolemy/domains/de/test/auto/MergeModel2Add.xml
auto.tcl: Setting watchdog for 200 seconds at Fri May 10 04:17:35 UTC 2019
11 ms. Memory: 331264K Free: 305536K (92%)
ptolemy.util.test.WatchDog.cancel(): canceling Fri May 10 04:17:35 UTC 2019
auto.tcl: Setting watchdog for 200 seconds at Fri May 10 04:17:35 UTC 2019
8 ms. Memory: 331264K Free: 301929K (91%)
ptolemy.util.test.WatchDog.cancel(): canceling Fri May 10 04:17:35 UTC 2019
------------------ testing $PTII/ptolemy/domains/de/test/auto/MergeModel3Add.xml
auto.tcl: Setting watchdog for 200 seconds at Fri May 10 04:17:35 UTC 2019
11 ms. Memory: 331264K Free: 305545K (92%)
ptolemy.util.test.WatchDog.cancel(): canceling Fri May 10 04:17:35 UTC 2019
auto.tcl: Setting watchdog for 200 seconds at Fri May 10 04:17:35 UTC 2019
7 ms. Memory: 331264K Free: 301938K (91%)
ptolemy.util.test.WatchDog.cancel(): canceling Fri May 10 04:17:35 UTC 2019
------------------ testing $PTII/ptolemy/domains/de/test/auto/MergeWithoutDiscard.xml
auto.tcl: Setting watchdog for 200 seconds at Fri May 10 04:17:35 UTC 2019
6 ms. Memory: 331264K Free: 317038K (96%)
ptolemy.util.test.WatchDog.cancel(): canceling Fri May 10 04:17:35 UTC 2019
auto.tcl: Setting watchdog for 200 seconds at Fri May 10 04:17:35 UTC 2019
1 ms. Memory: 331264K Free: 317038K (96%)
ptolemy.util.test.WatchDog.cancel(): canceling Fri May 10 04:17:35 UTC 2019
------------------ testing $PTII/ptolemy/domains/de/test/auto/Modal1.xml
auto.tcl: Setting watchdog for 200 seconds at Fri May 10 04:17:35 UTC 2019
13 ms. Memory: 331264K Free: 310581K (94%)
ptolemy.util.test.WatchDog.cancel(): canceling Fri May 10 04:17:35 UTC 2019
auto.tcl: Setting watchdog for 200 seconds at Fri May 10 04:17:35 UTC 2019
11 ms. Memory: 331264K Free: 306974K (93%)
ptolemy.util.test.WatchDog.cancel(): canceling Fri May 10 04:17:35 UTC 2019
------------------ testing $PTII/ptolemy/domains/de/test/auto/Modal2.xml
auto.tcl: Setting watchdog for 200 seconds at Fri May 10 04:17:35 UTC 2019
19 ms. Memory: 331264K Free: 310455K (94%)
ptolemy.util.test.WatchDog.cancel(): canceling Fri May 10 04:17:36 UTC 2019
auto.tcl: Setting watchdog for 200 seconds at Fri May 10 04:17:36 UTC 2019
20 ms. Memory: 331264K Free: 306848K (93%)
ptolemy.util.test.WatchDog.cancel(): canceling Fri May 10 04:17:36 UTC 2019
------------------ testing $PTII/ptolemy/domains/de/test/auto/Modal3.xml
auto.tcl: Setting watchdog for 200 seconds at Fri May 10 04:17:36 UTC 2019
15 ms. Memory: 331264K Free: 310453K (94%)
ptolemy.util.test.WatchDog.cancel(): canceling Fri May 10 04:17:36 UTC 2019
auto.tcl: Setting watchdog for 200 seconds at Fri May 10 04:17:36 UTC 2019
12 ms. Memory: 331264K Free: 306846K (93%)
ptolemy.util.test.WatchDog.cancel(): canceling Fri May 10 04:17:36 UTC 2019
------------------ testing $PTII/ptolemy/domains/de/test/auto/Modal4.xml
auto.tcl: Setting watchdog for 200 seconds at Fri May 10 04:17:36 UTC 2019
12 ms. Memory: 331264K Free: 311141K (94%)
ptolemy.util.test.WatchDog.cancel(): canceling Fri May 10 04:17:36 UTC 2019
auto.tcl: Setting watchdog for 200 seconds at Fri May 10 04:17:36 UTC 2019
13 ms. Memory: 331264K Free: 306859K (93%)
ptolemy.util.test.WatchDog.cancel(): canceling Fri May 10 04:17:36 UTC 2019
------------------ testing $PTII/ptolemy/domains/de/test/auto/Modal5.xml
auto.tcl: Setting watchdog for 200 seconds at Fri May 10 04:17:36 UTC 2019
16 ms. Memory: 331264K Free: 310470K (94%)
ptolemy.util.test.WatchDog.cancel(): canceling Fri May 10 04:17:36 UTC 2019
auto.tcl: Setting watchdog for 200 seconds at Fri May 10 04:17:36 UTC 2019
13 ms. Memory: 331264K Free: 306863K (93%)
ptolemy.util.test.WatchDog.cancel(): canceling Fri May 10 04:17:36 UTC 2019
------------------ testing $PTII/ptolemy/domains/de/test/auto/Modal6.xml
auto.tcl: Setting watchdog for 200 seconds at Fri May 10 04:17:36 UTC 2019
13 ms. Memory: 331264K Free: 310467K (94%)
ptolemy.util.test.WatchDog.cancel(): canceling Fri May 10 04:17:36 UTC 2019
auto.tcl: Setting watchdog for 200 seconds at Fri May 10 04:17:36 UTC 2019
14 ms. Memory: 331264K Free: 306860K (93%)
ptolemy.util.test.WatchDog.cancel(): canceling Fri May 10 04:17:36 UTC 2019
------------------ testing $PTII/ptolemy/domains/de/test/auto/Modal7.xml
auto.tcl: Setting watchdog for 200 seconds at Fri May 10 04:17:36 UTC 2019
20 ms. Memory: 331264K Free: 301944K (91%)
ptolemy.util.test.WatchDog.cancel(): canceling Fri May 10 04:17:36 UTC 2019
auto.tcl: Setting watchdog for 200 seconds at Fri May 10 04:17:36 UTC 2019
14 ms. Memory: 331264K Free: 298338K (90%)
ptolemy.util.test.WatchDog.cancel(): canceling Fri May 10 04:17:36 UTC 2019
------------------ testing $PTII/ptolemy/domains/de/test/auto/ModalModel.xml
auto.tcl: Setting watchdog for 200 seconds at Fri May 10 04:17:36 UTC 2019
183 ms. Memory: 331264K Free: 248004K (75%)
ptolemy.util.test.WatchDog.cancel(): canceling Fri May 10 04:17:36 UTC 2019
auto.tcl: Setting watchdog for 200 seconds at Fri May 10 04:17:36 UTC 2019
184 ms. Memory: 331264K Free: 190206K (57%)
ptolemy.util.test.WatchDog.cancel(): canceling Fri May 10 04:17:37 UTC 2019
------------------ testing $PTII/ptolemy/domains/de/test/auto/ModalSource.xml
auto.tcl: Setting watchdog for 200 seconds at Fri May 10 04:17:37 UTC 2019
11 ms. Memory: 331264K Free: 316800K (96%)
ptolemy.util.test.WatchDog.cancel(): canceling Fri May 10 04:17:37 UTC 2019
auto.tcl: Setting watchdog for 200 seconds at Fri May 10 04:17:37 UTC 2019
6 ms. Memory: 331264K Free: 313494K (95%)
ptolemy.util.test.WatchDog.cancel(): canceling Fri May 10 04:17:37 UTC 2019
------------------ testing $PTII/ptolemy/domains/de/test/auto/NonInterruptibleTimerZeroDelay.xml
auto.tcl: Setting watchdog for 200 seconds at Fri May 10 04:17:37 UTC 2019
3 ms. Memory: 331264K Free: 321189K (97%)
ptolemy.util.test.WatchDog.cancel(): canceling Fri May 10 04:17:37 UTC 2019
auto.tcl: Setting watchdog for 200 seconds at Fri May 10 04:17:37 UTC 2019
2 ms. Memory: 331264K Free: 317883K (96%)
ptolemy.util.test.WatchDog.cancel(): canceling Fri May 10 04:17:37 UTC 2019
------------------ testing $PTII/ptolemy/domains/de/test/auto/OpenQueueingNetwork.xml
auto.tcl: Setting watchdog for 200 seconds at Fri May 10 04:17:37 UTC 2019
2637 ms. Memory: 329216K Free: 160745K (49%)
ptolemy.util.test.WatchDog.cancel(): canceling Fri May 10 04:17:40 UTC 2019
auto.tcl: Setting watchdog for 200 seconds at Fri May 10 04:17:40 UTC 2019
2469 ms. Memory: 296960K Free: 251362K (85%)
ptolemy.util.test.WatchDog.cancel(): canceling Fri May 10 04:17:42 UTC 2019
------------------ testing $PTII/ptolemy/domains/de/test/auto/OpenQueuingNetwork.xml
auto.tcl: Setting watchdog for 200 seconds at Fri May 10 04:17:42 UTC 2019
234 ms. Memory: 296960K Free: 196444K (66%)
ptolemy.util.test.WatchDog.cancel(): canceling Fri May 10 04:17:42 UTC 2019
auto.tcl: Setting watchdog for 200 seconds at Fri May 10 04:17:42 UTC 2019
250 ms. Memory: 296960K Free: 134037K (45%)
ptolemy.util.test.WatchDog.cancel(): canceling Fri May 10 04:17:43 UTC 2019
------------------ testing $PTII/ptolemy/domains/de/test/auto/PeriodicSampler.xml
auto.tcl: Setting watchdog for 200 seconds at Fri May 10 04:17:43 UTC 2019
4 ms. Memory: 299520K Free: 287134K (96%)
ptolemy.util.test.WatchDog.cancel(): canceling Fri May 10 04:17:43 UTC 2019
auto.tcl: Setting watchdog for 200 seconds at Fri May 10 04:17:43 UTC 2019
2 ms. Memory: 299520K Free: 284130K (95%)
ptolemy.util.test.WatchDog.cancel(): canceling Fri May 10 04:17:43 UTC 2019
------------------ testing $PTII/ptolemy/domains/de/test/auto/PersistentIO.xml
auto.tcl: Setting watchdog for 200 seconds at Fri May 10 04:17:43 UTC 2019
14 ms. Memory: 296960K Free: 281499K (95%)
ptolemy.util.test.WatchDog.cancel(): canceling Fri May 10 04:17:43 UTC 2019
auto.tcl: Setting watchdog for 200 seconds at Fri May 10 04:17:43 UTC 2019
4 ms. Memory: 296960K Free: 278504K (94%)
ptolemy.util.test.WatchDog.cancel(): canceling Fri May 10 04:17:43 UTC 2019
------------------ testing $PTII/ptolemy/domains/de/test/auto/PortParameterResetOnInitialize.xml
auto.tcl: Setting watchdog for 200 seconds at Fri May 10 04:17:43 UTC 2019
3 ms. Memory: 299008K Free: 284079K (95%)
ptolemy.util.test.WatchDog.cancel(): canceling Fri May 10 04:17:43 UTC 2019
auto.tcl: Setting watchdog for 200 seconds at Fri May 10 04:17:43 UTC 2019
2 ms. Memory: 299008K Free: 284079K (95%)
ptolemy.util.test.WatchDog.cancel(): canceling Fri May 10 04:17:43 UTC 2019
------------------ testing $PTII/ptolemy/domains/de/test/auto/PortParameterUpdates.xml
auto.tcl: Setting watchdog for 200 seconds at Fri May 10 04:17:43 UTC 2019
3 ms. Memory: 296960K Free: 284335K (96%)
ptolemy.util.test.WatchDog.cancel(): canceling Fri May 10 04:17:43 UTC 2019
auto.tcl: Setting watchdog for 200 seconds at Fri May 10 04:17:43 UTC 2019
4 ms. Memory: 296960K Free: 281347K (95%)
ptolemy.util.test.WatchDog.cancel(): canceling Fri May 10 04:17:43 UTC 2019
------------------ testing $PTII/ptolemy/domains/de/test/auto/QueueAndServer.xml
auto.tcl: Setting watchdog for 200 seconds at Fri May 10 04:17:43 UTC 2019
20 ms. Memory: 299008K Free: 283335K (95%)
ptolemy.util.test.WatchDog.cancel(): canceling Fri May 10 04:17:43 UTC 2019
auto.tcl: Setting watchdog for 200 seconds at Fri May 10 04:17:43 UTC 2019
6 ms. Memory: 299008K Free: 283335K (95%)
ptolemy.util.test.WatchDog.cancel(): canceling Fri May 10 04:17:43 UTC 2019
------------------ testing $PTII/ptolemy/domains/de/test/auto/Records.xml
auto.tcl: Setting watchdog for 200 seconds at Fri May 10 04:17:43 UTC 2019
6 ms. Memory: 296960K Free: 284232K (96%)
ptolemy.util.test.WatchDog.cancel(): canceling Fri May 10 04:17:43 UTC 2019
auto.tcl: Setting watchdog for 200 seconds at Fri May 10 04:17:43 UTC 2019
2 ms. Memory: 296960K Free: 284232K (96%)
ptolemy.util.test.WatchDog.cancel(): canceling Fri May 10 04:17:43 UTC 2019
------------------ testing $PTII/ptolemy/domains/de/test/auto/ResetTransitionWithStartTime1.xml
auto.tcl: Setting watchdog for 200 seconds at Fri May 10 04:17:43 UTC 2019
6 ms. Memory: 298496K Free: 282797K (95%)
ptolemy.util.test.WatchDog.cancel(): canceling Fri May 10 04:17:43 UTC 2019
auto.tcl: Setting watchdog for 200 seconds at Fri May 10 04:17:43 UTC 2019
5 ms. Memory: 298496K Free: 282797K (95%)
ptolemy.util.test.WatchDog.cancel(): canceling Fri May 10 04:17:43 UTC 2019
------------------ testing $PTII/ptolemy/domains/de/test/auto/ResetTransitionWithStartTime2.xml
auto.tcl: Setting watchdog for 200 seconds at Fri May 10 04:17:43 UTC 2019
5 ms. Memory: 296960K Free: 281407K (95%)
ptolemy.util.test.WatchDog.cancel(): canceling Fri May 10 04:17:43 UTC 2019
auto.tcl: Setting watchdog for 200 seconds at Fri May 10 04:17:43 UTC 2019
6 ms. Memory: 296960K Free: 281407K (95%)
ptolemy.util.test.WatchDog.cancel(): canceling Fri May 10 04:17:43 UTC 2019
------------------ testing $PTII/ptolemy/domains/de/test/auto/ResetTransitionWithStartTime3.xml
auto.tcl: Setting watchdog for 200 seconds at Fri May 10 04:17:43 UTC 2019
8 ms. Memory: 298496K Free: 282779K (95%)
ptolemy.util.test.WatchDog.cancel(): canceling Fri May 10 04:17:43 UTC 2019
auto.tcl: Setting watchdog for 200 seconds at Fri May 10 04:17:43 UTC 2019
5 ms. Memory: 298496K Free: 282779K (95%)
ptolemy.util.test.WatchDog.cancel(): canceling Fri May 10 04:17:43 UTC 2019
------------------ testing $PTII/ptolemy/domains/de/test/auto/ResetTransitionWithStartTime4.xml
auto.tcl: Setting watchdog for 200 seconds at Fri May 10 04:17:43 UTC 2019
4 ms. Memory: 296960K Free: 281242K (95%)
ptolemy.util.test.WatchDog.cancel(): canceling Fri May 10 04:17:43 UTC 2019
auto.tcl: Setting watchdog for 200 seconds at Fri May 10 04:17:43 UTC 2019
4 ms. Memory: 296960K Free: 281242K (95%)
ptolemy.util.test.WatchDog.cancel(): canceling Fri May 10 04:17:43 UTC 2019
------------------ testing $PTII/ptolemy/domains/de/test/auto/ResettableTimer1.xml
auto.tcl: Setting watchdog for 200 seconds at Fri May 10 04:17:43 UTC 2019
2 ms. Memory: 298496K Free: 285769K (96%)
ptolemy.util.test.WatchDog.cancel(): canceling Fri May 10 04:17:43 UTC 2019
auto.tcl: Setting watchdog for 200 seconds at Fri May 10 04:17:43 UTC 2019
2 ms. Memory: 298496K Free: 285769K (96%)
ptolemy.util.test.WatchDog.cancel(): canceling Fri May 10 04:17:43 UTC 2019
------------------ testing $PTII/ptolemy/domains/de/test/auto/ResettableTimer2.xml
auto.tcl: Setting watchdog for 200 seconds at Fri May 10 04:17:44 UTC 2019
2 ms. Memory: 296960K Free: 284470K (96%)
ptolemy.util.test.WatchDog.cancel(): canceling Fri May 10 04:17:44 UTC 2019
auto.tcl: Setting watchdog for 200 seconds at Fri May 10 04:17:44 UTC 2019
2 ms. Memory: 296960K Free: 284470K (96%)
ptolemy.util.test.WatchDog.cancel(): canceling Fri May 10 04:17:44 UTC 2019
------------------ testing $PTII/ptolemy/domains/de/test/auto/ResettableTimer3.xml
auto.tcl: Setting watchdog for 200 seconds at Fri May 10 04:17:44 UTC 2019
1 ms. Memory: 297984K Free: 285314K (96%)
ptolemy.util.test.WatchDog.cancel(): canceling Fri May 10 04:17:44 UTC 2019
auto.tcl: Setting watchdog for 200 seconds at Fri May 10 04:17:44 UTC 2019
1 ms. Memory: 297984K Free: 285314K (96%)
ptolemy.util.test.WatchDog.cancel(): canceling Fri May 10 04:17:44 UTC 2019
------------------ testing $PTII/ptolemy/domains/de/test/auto/ResettableTimer4.xml
auto.tcl: Setting watchdog for 200 seconds at Fri May 10 04:17:44 UTC 2019
2 ms. Memory: 296960K Free: 284466K (96%)
ptolemy.util.test.WatchDog.cancel(): canceling Fri May 10 04:17:44 UTC 2019
auto.tcl: Setting watchdog for 200 seconds at Fri May 10 04:17:44 UTC 2019
1 ms. Memory: 296960K Free: 284466K (96%)
ptolemy.util.test.WatchDog.cancel(): canceling Fri May 10 04:17:44 UTC 2019
------------------ testing $PTII/ptolemy/domains/de/test/auto/ResettableTimer5.xml
auto.tcl: Setting watchdog for 200 seconds at Fri May 10 04:17:44 UTC 2019
1 ms. Memory: 297984K Free: 283170K (95%)
ptolemy.util.test.WatchDog.cancel(): canceling Fri May 10 04:17:44 UTC 2019
auto.tcl: Setting watchdog for 200 seconds at Fri May 10 04:17:44 UTC 2019
2 ms. Memory: 297984K Free: 283170K (95%)
ptolemy.util.test.WatchDog.cancel(): canceling Fri May 10 04:17:44 UTC 2019
------------------ testing $PTII/ptolemy/domains/de/test/auto/ResettableTimer6.xml
auto.tcl: Setting watchdog for 200 seconds at Fri May 10 04:17:44 UTC 2019
4 ms. Memory: 296960K Free: 284259K (96%)
ptolemy.util.test.WatchDog.cancel(): canceling Fri May 10 04:17:44 UTC 2019
auto.tcl: Setting watchdog for 200 seconds at Fri May 10 04:17:44 UTC 2019
2 ms. Memory: 296960K Free: 284259K (96%)
ptolemy.util.test.WatchDog.cancel(): canceling Fri May 10 04:17:44 UTC 2019
------------------ testing $PTII/ptolemy/domains/de/test/auto/ServerZeroDelay.xml
auto.tcl: Setting watchdog for 200 seconds at Fri May 10 04:17:44 UTC 2019
4 ms. Memory: 297984K Free: 285429K (96%)
ptolemy.util.test.WatchDog.cancel(): canceling Fri May 10 04:17:44 UTC 2019
auto.tcl: Setting watchdog for 200 seconds at Fri May 10 04:17:44 UTC 2019
2 ms. Memory: 297984K Free: 285429K (96%)
ptolemy.util.test.WatchDog.cancel(): canceling Fri May 10 04:17:44 UTC 2019
------------------ testing $PTII/ptolemy/domains/de/test/auto/SmartSender.xml
auto.tcl: Setting watchdog for 200 seconds at Fri May 10 04:17:44 UTC 2019
3002 ms. Memory: 296960K Free: 284399K (96%)
ptolemy.util.test.WatchDog.cancel(): canceling Fri May 10 04:17:47 UTC 2019
auto.tcl: Setting watchdog for 200 seconds at Fri May 10 04:17:47 UTC 2019
3001 ms. Memory: 296960K Free: 284399K (96%)
ptolemy.util.test.WatchDog.cancel(): canceling Fri May 10 04:17:50 UTC 2019
------------------ testing $PTII/ptolemy/domains/de/test/auto/ThreadedComposite.xml
auto.tcl: Setting watchdog for 200 seconds at Fri May 10 04:17:50 UTC 2019
200 ms. Memory: 297984K Free: 264210K (89%)
ptolemy.util.test.WatchDog.cancel(): canceling Fri May 10 04:17:50 UTC 2019
auto.tcl: Setting watchdog for 200 seconds at Fri May 10 04:17:50 UTC 2019
106 ms. Memory: 297984K Free: 249596K (84%)
ptolemy.util.test.WatchDog.cancel(): canceling Fri May 10 04:17:50 UTC 2019
------------------ testing $PTII/ptolemy/domains/de/test/auto/Time.xml
auto.tcl: Setting watchdog for 200 seconds at Fri May 10 04:17:50 UTC 2019
519 ms. Memory: 296960K Free: 227918K (77%)
ptolemy.util.test.WatchDog.cancel(): canceling Fri May 10 04:17:51 UTC 2019
auto.tcl: Setting watchdog for 200 seconds at Fri May 10 04:17:51 UTC 2019
512 ms. Memory: 296960K Free: 171147K (58%)
ptolemy.util.test.WatchDog.cancel(): canceling Fri May 10 04:17:51 UTC 2019
------------------ testing $PTII/ptolemy/domains/de/test/auto/TimeDelayZeroDelay.xml
auto.tcl: Setting watchdog for 200 seconds at Fri May 10 04:17:51 UTC 2019
2 ms. Memory: 297472K Free: 285346K (96%)
ptolemy.util.test.WatchDog.cancel(): canceling Fri May 10 04:17:51 UTC 2019
auto.tcl: Setting watchdog for 200 seconds at Fri May 10 04:17:51 UTC 2019
2 ms. Memory: 297472K Free: 285346K (96%)
ptolemy.util.test.WatchDog.cancel(): canceling Fri May 10 04:17:51 UTC 2019
------------------ testing $PTII/ptolemy/domains/de/test/auto/TimerZeroDelay.xml
auto.tcl: Setting watchdog for 200 seconds at Fri May 10 04:17:52 UTC 2019
2 ms. Memory: 296960K Free: 284968K (96%)
ptolemy.util.test.WatchDog.cancel(): canceling Fri May 10 04:17:52 UTC 2019
auto.tcl: Setting watchdog for 200 seconds at Fri May 10 04:17:52 UTC 2019
2 ms. Memory: 296960K Free: 284968K (96%)
ptolemy.util.test.WatchDog.cancel(): canceling Fri May 10 04:17:52 UTC 2019
------------------ testing $PTII/ptolemy/domains/de/test/auto/TimingParadox.xml
auto.tcl: Setting watchdog for 200 seconds at Fri May 10 04:17:52 UTC 2019
336 ms. Memory: 297472K Free: 219096K (74%)
ptolemy.util.test.WatchDog.cancel(): canceling Fri May 10 04:17:52 UTC 2019
auto.tcl: Setting watchdog for 200 seconds at Fri May 10 04:17:52 UTC 2019
322 ms. Memory: 297472K Free: 181483K (61%)
ptolemy.util.test.WatchDog.cancel(): canceling Fri May 10 04:17:52 UTC 2019
------------------ testing $PTII/ptolemy/domains/de/test/auto/TransferInputs.xml
auto.tcl: Setting watchdog for 200 seconds at Fri May 10 04:17:52 UTC 2019
2 ms. Memory: 297472K Free: 284439K (96%)
ptolemy.util.test.WatchDog.cancel(): canceling Fri May 10 04:17:52 UTC 2019
auto.tcl: Setting watchdog for 200 seconds at Fri May 10 04:17:52 UTC 2019
2 ms. Memory: 297472K Free: 284439K (96%)
ptolemy.util.test.WatchDog.cancel(): canceling Fri May 10 04:17:52 UTC 2019
------------------ testing $PTII/ptolemy/domains/de/test/auto/TransferOutputs2.xml
auto.tcl: Setting watchdog for 200 seconds at Fri May 10 04:17:52 UTC 2019
3 ms. Memory: 296960K Free: 280172K (94%)
ptolemy.util.test.WatchDog.cancel(): canceling Fri May 10 04:17:53 UTC 2019
auto.tcl: Setting watchdog for 200 seconds at Fri May 10 04:17:53 UTC 2019
3 ms. Memory: 296960K Free: 277481K (93%)
ptolemy.util.test.WatchDog.cancel(): canceling Fri May 10 04:17:53 UTC 2019
------------------ testing $PTII/ptolemy/domains/de/test/auto/Trilateration.xml
auto.tcl: Setting watchdog for 200 seconds at Fri May 10 04:17:53 UTC 2019
14353 ms. Memory: 562688K Free: 244084K (43%)
ptolemy.util.test.WatchDog.cancel(): canceling Fri May 10 04:18:08 UTC 2019
auto.tcl: Setting watchdog for 200 seconds at Fri May 10 04:18:08 UTC 2019
11044 ms. Memory: 444416K Free: 96907K (22%)
ptolemy.util.test.WatchDog.cancel(): canceling Fri May 10 04:18:19 UTC 2019
------------------ testing $PTII/ptolemy/domains/de/test/auto/TwoSigmaDelta.xml
auto.tcl: Setting watchdog for 200 seconds at Fri May 10 04:18:19 UTC 2019
2828 ms. Memory: 441344K Free: 127081K (29%)
ptolemy.util.test.WatchDog.cancel(): canceling Fri May 10 04:18:22 UTC 2019
auto.tcl: Setting watchdog for 200 seconds at Fri May 10 04:18:22 UTC 2019
2084 ms. Memory: 427520K Free: 236896K (55%)
ptolemy.util.test.WatchDog.cancel(): canceling Fri May 10 04:18:24 UTC 2019
------------------ testing $PTII/ptolemy/domains/de/test/auto/VariableDelay.xml
auto.tcl: Setting watchdog for 200 seconds at Fri May 10 04:18:24 UTC 2019
3 ms. Memory: 424960K Free: 407689K (96%)
ptolemy.util.test.WatchDog.cancel(): canceling Fri May 10 04:18:24 UTC 2019
auto.tcl: Setting watchdog for 200 seconds at Fri May 10 04:18:24 UTC 2019
2 ms. Memory: 424960K Free: 407689K (96%)
ptolemy.util.test.WatchDog.cancel(): canceling Fri May 10 04:18:24 UTC 2019
------------------ testing $PTII/ptolemy/domains/de/test/auto/VariableDelay2.xml
auto.tcl: Setting watchdog for 200 seconds at Fri May 10 04:18:24 UTC 2019
9 ms. Memory: 427008K Free: 413582K (97%)
ptolemy.util.test.WatchDog.cancel(): canceling Fri May 10 04:18:24 UTC 2019
auto.tcl: Setting watchdog for 200 seconds at Fri May 10 04:18:24 UTC 2019
2 ms. Memory: 427008K Free: 413582K (97%)
ptolemy.util.test.WatchDog.cancel(): canceling Fri May 10 04:18:24 UTC 2019
------------------ testing $PTII/ptolemy/domains/de/test/auto/VariableDelayZeroDelay.xml
auto.tcl: Setting watchdog for 200 seconds at Fri May 10 04:18:24 UTC 2019
2 ms. Memory: 424960K Free: 408098K (96%)
ptolemy.util.test.WatchDog.cancel(): canceling Fri May 10 04:18:24 UTC 2019
auto.tcl: Setting watchdog for 200 seconds at Fri May 10 04:18:24 UTC 2019
2 ms. Memory: 424960K Free: 408098K (96%)
ptolemy.util.test.WatchDog.cancel(): canceling Fri May 10 04:18:24 UTC 2019
------------------ testing $PTII/ptolemy/domains/de/test/auto/VariableDelayZeroDelay2.xml
auto.tcl: Setting watchdog for 200 seconds at Fri May 10 04:18:24 UTC 2019
10 ms. Memory: 427008K Free: 410144K (96%)
ptolemy.util.test.WatchDog.cancel(): canceling Fri May 10 04:18:24 UTC 2019
auto.tcl: Setting watchdog for 200 seconds at Fri May 10 04:18:24 UTC 2019
2 ms. Memory: 427008K Free: 410144K (96%)
ptolemy.util.test.WatchDog.cancel(): canceling Fri May 10 04:18:24 UTC 2019
------------------ testing $PTII/ptolemy/domains/de/test/auto/deInCt.xml
auto.tcl: Setting watchdog for 200 seconds at Fri May 10 04:18:25 UTC 2019
0
1
1
1
0
0
0
1
1
1
0
0
0
1
1
1
1
0
0
0
0
1
1
1
0
0
0
0
1
1
0
0
0
1
1
0
0
0
0
1
1
1
1
12 ms. Memory: 424960K Free: 408087K (96%)
ptolemy.util.test.WatchDog.cancel(): canceling Fri May 10 04:18:25 UTC 2019
auto.tcl: Setting watchdog for 200 seconds at Fri May 10 04:18:25 UTC 2019
0
1
1
1
0
0
0
1
1
1
0
0
0
1
1
0
0
0
0
1
1
1
1
1
0
0
0
1
1
1
0
0
0
1
1
1
0
0
0
1
1
1
0
0
0
0
1
1
0
0
0
0
18 ms. Memory: 424960K Free: 408087K (96%)
ptolemy.util.test.WatchDog.cancel(): canceling Fri May 10 04:18:25 UTC 2019
------------------ testing $PTII/ptolemy/domains/de/test/auto/deInCt2.xml
auto.tcl: Setting watchdog for 200 seconds at Fri May 10 04:18:25 UTC 2019
0
1
1
1
0
0
1
1
1
0
0
1
1
1
0
0
1
1
1
0
0
1
1
1
0
0
1
1
1
0
0
1
1
1
0
0
1
1
1
0
0
0
6 ms. Memory: 426496K Free: 409623K (96%)
ptolemy.util.test.WatchDog.cancel(): canceling Fri May 10 04:18:25 UTC 2019
auto.tcl: Setting watchdog for 200 seconds at Fri May 10 04:18:25 UTC 2019
0
1
1
1
0
0
1
1
1
0
0
1
1
1
0
0
1
1
1
0
0
1
1
1
0
0
1
1
1
0
0
1
1
1
0
0
1
1
1
0
0
0
8 ms. Memory: 426496K Free: 409623K (96%)
ptolemy.util.test.WatchDog.cancel(): canceling Fri May 10 04:18:25 UTC 2019
------------------ testing $PTII/ptolemy/domains/de/test/auto/dynamicCausalityInterface1.xml
auto.tcl: Setting watchdog for 200 seconds at Fri May 10 04:18:25 UTC 2019
1 ms. Memory: 424960K Free: 406050K (96%)
ptolemy.util.test.WatchDog.cancel(): canceling Fri May 10 04:18:25 UTC 2019
auto.tcl: Setting watchdog for 200 seconds at Fri May 10 04:18:25 UTC 2019
1 ms. Memory: 424960K Free: 406050K (96%)
ptolemy.util.test.WatchDog.cancel(): canceling Fri May 10 04:18:25 UTC 2019
------------------ testing $PTII/ptolemy/domains/de/test/auto/fsm_de_test.xml
auto.tcl: Setting watchdog for 200 seconds at Fri May 10 04:18:25 UTC 2019
7 ms. Memory: 426496K Free: 404038K (95%)
ptolemy.util.test.WatchDog.cancel(): canceling Fri May 10 04:18:25 UTC 2019
auto.tcl: Setting watchdog for 200 seconds at Fri May 10 04:18:25 UTC 2019
5 ms. Memory: 426496K Free: 404038K (95%)
ptolemy.util.test.WatchDog.cancel(): canceling Fri May 10 04:18:25 UTC 2019
------------------ testing $PTII/ptolemy/domains/de/test/auto/functionDependencyReconstruction.xml
auto.tcl: Setting watchdog for 200 seconds at Fri May 10 04:18:25 UTC 2019
3 ms. Memory: 424960K Free: 397012K (93%)
ptolemy.util.test.WatchDog.cancel(): canceling Fri May 10 04:18:25 UTC 2019
auto.tcl: Setting watchdog for 200 seconds at Fri May 10 04:18:25 UTC 2019
3 ms. Memory: 424960K Free: 397012K (93%)
ptolemy.util.test.WatchDog.cancel(): canceling Fri May 10 04:18:25 UTC 2019
------------------ testing $PTII/ptolemy/domains/de/test/auto/multirate.xml
auto.tcl: Setting watchdog for 200 seconds at Fri May 10 04:18:25 UTC 2019
3 ms. Memory: 425984K Free: 403384K (95%)
ptolemy.util.test.WatchDog.cancel(): canceling Fri May 10 04:18:25 UTC 2019
auto.tcl: Setting watchdog for 200 seconds at Fri May 10 04:18:25 UTC 2019
3 ms. Memory: 425984K Free: 403384K (95%)
ptolemy.util.test.WatchDog.cancel(): canceling Fri May 10 04:18:25 UTC 2019
------------------ testing $PTII/ptolemy/domains/de/test/auto/multirate2.xml
auto.tcl: Setting watchdog for 200 seconds at Fri May 10 04:18:25 UTC 2019
2 ms. Memory: 424960K Free: 408037K (96%)
ptolemy.util.test.WatchDog.cancel(): canceling Fri May 10 04:18:25 UTC 2019
auto.tcl: Setting watchdog for 200 seconds at Fri May 10 04:18:25 UTC 2019
2 ms. Memory: 424960K Free: 402548K (95%)
ptolemy.util.test.WatchDog.cancel(): canceling Fri May 10 04:18:25 UTC 2019
------------------ testing $PTII/ptolemy/domains/de/test/auto/realtime.xml
auto.tcl: Setting watchdog for 200 seconds at Fri May 10 04:18:25 UTC 2019
10001 ms. Memory: 425984K Free: 409054K (96%)
ptolemy.util.test.WatchDog.cancel(): canceling Fri May 10 04:18:35 UTC 2019
auto.tcl: Setting watchdog for 200 seconds at Fri May 10 04:18:35 UTC 2019
10001 ms. Memory: 425984K Free: 409054K (96%)
ptolemy.util.test.WatchDog.cancel(): canceling Fri May 10 04:18:45 UTC 2019
------------------ testing $PTII/ptolemy/domains/de/test/auto/relationGroup.xml
auto.tcl: Setting watchdog for 200 seconds at Fri May 10 04:18:45 UTC 2019
2 ms. Memory: 424960K Free: 408061K (96%)
ptolemy.util.test.WatchDog.cancel(): canceling Fri May 10 04:18:45 UTC 2019
auto.tcl: Setting watchdog for 200 seconds at Fri May 10 04:18:45 UTC 2019
2 ms. Memory: 424960K Free: 408061K (96%)
ptolemy.util.test.WatchDog.cancel(): canceling Fri May 10 04:18:45 UTC 2019
------------------ testing $PTII/ptolemy/domains/de/test/auto/relationGroup2.xml
auto.tcl: Setting watchdog for 200 seconds at Fri May 10 04:18:45 UTC 2019
2 ms. Memory: 425984K Free: 409111K (96%)
ptolemy.util.test.WatchDog.cancel(): canceling Fri May 10 04:18:45 UTC 2019
auto.tcl: Setting watchdog for 200 seconds at Fri May 10 04:18:45 UTC 2019
1 ms. Memory: 425984K Free: 409111K (96%)
ptolemy.util.test.WatchDog.cancel(): canceling Fri May 10 04:18:45 UTC 2019
------------------ testing $PTII/ptolemy/domains/de/test/auto/sortWithOpaquePorts.xml
auto.tcl: Setting watchdog for 200 seconds at Fri May 10 04:18:45 UTC 2019
1 ms. Memory: 424960K Free: 408089K (96%)
ptolemy.util.test.WatchDog.cancel(): canceling Fri May 10 04:18:45 UTC 2019
auto.tcl: Setting watchdog for 200 seconds at Fri May 10 04:18:45 UTC 2019
2 ms. Memory: 424960K Free: 408089K (96%)
ptolemy.util.test.WatchDog.cancel(): canceling Fri May 10 04:18:45 UTC 2019
------------------ testing $PTII/ptolemy/domains/de/test/auto/transferInputsandOutputs.xml
auto.tcl: Setting watchdog for 200 seconds at Fri May 10 04:18:45 UTC 2019
2 ms. Memory: 425472K Free: 403097K (95%)
ptolemy.util.test.WatchDog.cancel(): canceling Fri May 10 04:18:45 UTC 2019
auto.tcl: Setting watchdog for 200 seconds at Fri May 10 04:18:45 UTC 2019
2 ms. Memory: 425472K Free: 403097K (95%)
ptolemy.util.test.WatchDog.cancel(): canceling Fri May 10 04:18:45 UTC 2019
------------------ testing $PTII/ptolemy/domains/de/test/auto/triggerType.xml
auto.tcl: Setting watchdog for 200 seconds at Fri May 10 04:18:45 UTC 2019
2 ms. Memory: 424960K Free: 408024K (96%)
ptolemy.util.test.WatchDog.cancel(): canceling Fri May 10 04:18:45 UTC 2019
auto.tcl: Setting watchdog for 200 seconds at Fri May 10 04:18:45 UTC 2019
1 ms. Memory: 424960K Free: 408024K (96%)
ptolemy.util.test.WatchDog.cancel(): canceling Fri May 10 04:18:45 UTC 2019
05/10/19 04:18:45
Failed: 0  Total Tests: 192  ((Passed: 187, Newly Passed: 1)  Known Failed: 5) /home/travis/build/icyphy/ptII/ptolemy/domains/de/test
05/10/19 04:18:45
Failed: 0  Total Tests: 192  ((Passed: 187, Newly Passed: 1)  Known Failed: 5) /home/travis/build/icyphy/ptII/ptolemy/domains/de/test
----------------- testing (KnownFailure) /home/travis/build/icyphy/ptII/ptolemy/domains/de/test/auto/knownFailedTests/DESDFClockTest.xml
2009 ms. Memory: 425472K Free: 394826K (93%)
Known Failure: java.lang.reflect.InvocationTargetException
----------------- testing (KnownFailure) /home/travis/build/icyphy/ptII/ptolemy/domains/de/test/auto/knownFailedTests/DirectFeedback.xml
1 ms. Memory: 425472K Free: 367341K (86%)
Known Failure: java.lang.reflect.InvocationTargetException
----------------- testing (KnownFailure) /home/travis/build/icyphy/ptII/ptolemy/domains/de/test/auto/knownFailedTests/FSMSource.xml
12 ms. Memory: 425472K Free: 339857K (80%)
----------------- testing (KnownFailure) /home/travis/build/icyphy/ptII/ptolemy/domains/de/test/auto/knownFailedTests/HierarchicalModel.xml
2 ms. Memory: 425472K Free: 312357K (73%)
Known Failure: java.lang.reflect.InvocationTargetException
----------------- testing (KnownFailure) /home/travis/build/icyphy/ptII/ptolemy/domains/de/test/auto/knownFailedTests/dependencyLoop.xml
2 ms. Memory: 425472K Free: 271122K (64%)
Known Failure: java.lang.reflect.InvocationTargetException
----------------- testing (KnownFailure) /home/travis/build/icyphy/ptII/ptolemy/domains/de/test/auto/knownFailedTests/dependencyLoop2.xml
3 ms. Memory: 425472K Free: 229871K (54%)
Known Failure: java.lang.reflect.InvocationTargetException
No auto/linux-amd64/*.xml tests in /home/travis/build/icyphy/ptII/ptolemy/domains/de/test
AutoTests.java: About to close Vertx.
AutoTests.java: Vertx closed.

===========================================================================================
----------------- testing Fri May 10 04:18:48 UTC 2019 /home/travis/build/icyphy/ptII/ptolemy/domains/de/test/auto/ActorDepthCalculation_actorWithoutPorts.xml
----------------- Instantiating /home/travis/build/icyphy/ptII/ptolemy/domains/de/test/auto/ActorDepthCalculation_actorWithoutPorts.xml
2 ms. Memory: 425472K Free: 195516K (46%)
----------------- Invoking toplevel() on ptolemy.moml.MoMLSimpleApplication@4053ceae
----------------- Done invoking toplevel() on ptolemy.moml.MoMLSimpleApplication@4053ceae
reloadAllAccessors: .ActorDepthCalculation_actorWithoutPorts

===========================================================================================
----------------- testing Fri May 10 04:18:48 UTC 2019 /home/travis/build/icyphy/ptII/ptolemy/domains/de/test/auto/AssemblyLine.xml
----------------- Instantiating /home/travis/build/icyphy/ptII/ptolemy/domains/de/test/auto/AssemblyLine.xml
2 ms. Memory: 425472K Free: 181774K (43%)
----------------- Invoking toplevel() on ptolemy.moml.MoMLSimpleApplication@74881388
----------------- Done invoking toplevel() on ptolemy.moml.MoMLSimpleApplication@74881388
reloadAllAccessors: .AssemblyLine

===========================================================================================
----------------- testing Fri May 10 04:18:48 UTC 2019 /home/travis/build/icyphy/ptII/ptolemy/domains/de/test/auto/CQBug1.xml
----------------- Instantiating /home/travis/build/icyphy/ptII/ptolemy/domains/de/test/auto/CQBug1.xml
2 ms. Memory: 425472K Free: 168031K (39%)
----------------- Invoking toplevel() on ptolemy.moml.MoMLSimpleApplication@6f53d277
----------------- Done invoking toplevel() on ptolemy.moml.MoMLSimpleApplication@6f53d277
reloadAllAccessors: .CQBug1

===========================================================================================
----------------- testing Fri May 10 04:18:48 UTC 2019 /home/travis/build/icyphy/ptII/ptolemy/domains/de/test/auto/CancelFireAt.xml
----------------- Instantiating /home/travis/build/icyphy/ptII/ptolemy/domains/de/test/auto/CancelFireAt.xml
1 ms. Memory: 425472K Free: 154289K (36%)
----------------- Invoking toplevel() on ptolemy.moml.MoMLSimpleApplication@6f50a452
----------------- Done invoking toplevel() on ptolemy.moml.MoMLSimpleApplication@6f50a452
reloadAllAccessors: .CancelFireAt

===========================================================================================
----------------- testing Fri May 10 04:18:48 UTC 2019 /home/travis/build/icyphy/ptII/ptolemy/domains/de/test/auto/CausalityAndComposabilityAnalysis.xml
----------------- Instantiating /home/travis/build/icyphy/ptII/ptolemy/domains/de/test/auto/CausalityAndComposabilityAnalysis.xml
1 ms. Memory: 425472K Free: 140547K (33%)
----------------- Invoking toplevel() on ptolemy.moml.MoMLSimpleApplication@3f3583e3
----------------- Done invoking toplevel() on ptolemy.moml.MoMLSimpleApplication@3f3583e3
reloadAllAccessors: .CausalityAndComposabilityAnalysis

===========================================================================================
----------------- testing Fri May 10 04:18:48 UTC 2019 /home/travis/build/icyphy/ptII/ptolemy/domains/de/test/auto/CausalityInterface1.xml
----------------- Instantiating /home/travis/build/icyphy/ptII/ptolemy/domains/de/test/auto/CausalityInterface1.xml
3 ms. Memory: 425472K Free: 126805K (30%)
----------------- Invoking toplevel() on ptolemy.moml.MoMLSimpleApplication@3398e7ce
----------------- Done invoking toplevel() on ptolemy.moml.MoMLSimpleApplication@3398e7ce
reloadAllAccessors: .CausalityInterface1

===========================================================================================
----------------- testing Fri May 10 04:18:48 UTC 2019 /home/travis/build/icyphy/ptII/ptolemy/domains/de/test/auto/CausalityInterface15.xml
----------------- Instantiating /home/travis/build/icyphy/ptII/ptolemy/domains/de/test/auto/CausalityInterface15.xml
1 ms. Memory: 425472K Free: 113063K (27%)
----------------- Invoking toplevel() on ptolemy.moml.MoMLSimpleApplication@3d90af99
----------------- Done invoking toplevel() on ptolemy.moml.MoMLSimpleApplication@3d90af99
reloadAllAccessors: .CausalityInterface15

===========================================================================================
----------------- testing Fri May 10 04:18:48 UTC 2019 /home/travis/build/icyphy/ptII/ptolemy/domains/de/test/auto/CausalityInterface2.xml
----------------- Instantiating /home/travis/build/icyphy/ptII/ptolemy/domains/de/test/auto/CausalityInterface2.xml
2 ms. Memory: 425472K Free: 99321K (23%)
----------------- Invoking toplevel() on ptolemy.moml.MoMLSimpleApplication@75750cec
----------------- Done invoking toplevel() on ptolemy.moml.MoMLSimpleApplication@75750cec
reloadAllAccessors: .CausalityInterface2

===========================================================================================
----------------- testing Fri May 10 04:18:48 UTC 2019 /home/travis/build/icyphy/ptII/ptolemy/domains/de/test/auto/CausalityInterface3.xml
----------------- Instantiating /home/travis/build/icyphy/ptII/ptolemy/domains/de/test/auto/CausalityInterface3.xml
1 ms. Memory: 425472K Free: 85579K (20%)
----------------- Invoking toplevel() on ptolemy.moml.MoMLSimpleApplication@40527e63
----------------- Done invoking toplevel() on ptolemy.moml.MoMLSimpleApplication@40527e63
reloadAllAccessors: .CausalityInterface3

===========================================================================================
----------------- testing Fri May 10 04:18:48 UTC 2019 /home/travis/build/icyphy/ptII/ptolemy/domains/de/test/auto/ClockDrift.xml
----------------- Instantiating /home/travis/build/icyphy/ptII/ptolemy/domains/de/test/auto/ClockDrift.xml
11 ms. Memory: 410112K Free: 398322K (97%)
----------------- Invoking toplevel() on ptolemy.moml.MoMLSimpleApplication@38dad1bb
----------------- Done invoking toplevel() on ptolemy.moml.MoMLSimpleApplication@38dad1bb
reloadAllAccessors: .ClockDrift

===========================================================================================
----------------- testing Fri May 10 04:18:48 UTC 2019 /home/travis/build/icyphy/ptII/ptolemy/domains/de/test/auto/ClockDriftAndValueChange.xml
----------------- Instantiating /home/travis/build/icyphy/ptII/ptolemy/domains/de/test/auto/ClockDriftAndValueChange.xml
11 ms. Memory: 410112K Free: 381788K (93%)
----------------- Invoking toplevel() on ptolemy.moml.MoMLSimpleApplication@69b22f5e
----------------- Done invoking toplevel() on ptolemy.moml.MoMLSimpleApplication@69b22f5e
reloadAllAccessors: .ClockDriftAndValueChange

===========================================================================================
----------------- testing Fri May 10 04:18:48 UTC 2019 /home/travis/build/icyphy/ptII/ptolemy/domains/de/test/auto/ClockDriftChange.xml
----------------- Instantiating /home/travis/build/icyphy/ptII/ptolemy/domains/de/test/auto/ClockDriftChange.xml
7 ms. Memory: 410112K Free: 368628K (90%)
----------------- Invoking toplevel() on ptolemy.moml.MoMLSimpleApplication@42521ef6
----------------- Done invoking toplevel() on ptolemy.moml.MoMLSimpleApplication@42521ef6
reloadAllAccessors: .ClockDriftChange

===========================================================================================
----------------- testing Fri May 10 04:18:48 UTC 2019 /home/travis/build/icyphy/ptII/ptolemy/domains/de/test/auto/ComposableCausalityAnalysis.xml
----------------- Instantiating /home/travis/build/icyphy/ptII/ptolemy/domains/de/test/auto/ComposableCausalityAnalysis.xml
1 ms. Memory: 410112K Free: 358766K (87%)
----------------- Invoking toplevel() on ptolemy.moml.MoMLSimpleApplication@26314a92
----------------- Done invoking toplevel() on ptolemy.moml.MoMLSimpleApplication@26314a92
reloadAllAccessors: .ComposableCausalityAnalysis

===========================================================================================
----------------- testing Fri May 10 04:18:48 UTC 2019 /home/travis/build/icyphy/ptII/ptolemy/domains/de/test/auto/DEFixedPointLimitation.xml
----------------- Instantiating /home/travis/build/icyphy/ptII/ptolemy/domains/de/test/auto/DEFixedPointLimitation.xml
1 ms. Memory: 410112K Free: 348912K (85%)
----------------- Invoking toplevel() on ptolemy.moml.MoMLSimpleApplication@62840124
----------------- Done invoking toplevel() on ptolemy.moml.MoMLSimpleApplication@62840124
reloadAllAccessors: .DEFixedPointLimitation

===========================================================================================
----------------- testing Fri May 10 04:18:48 UTC 2019 /home/travis/build/icyphy/ptII/ptolemy/domains/de/test/auto/DEScheduleTest.xml
----------------- Instantiating /home/travis/build/icyphy/ptII/ptolemy/domains/de/test/auto/DEScheduleTest.xml
1 ms. Memory: 410112K Free: 339051K (83%)
----------------- Invoking toplevel() on ptolemy.moml.MoMLSimpleApplication@7557b67d
----------------- Done invoking toplevel() on ptolemy.moml.MoMLSimpleApplication@7557b67d
reloadAllAccessors: .DEScheduleTest

===========================================================================================
----------------- testing Fri May 10 04:18:48 UTC 2019 /home/travis/build/icyphy/ptII/ptolemy/domains/de/test/auto/DEinDEwithStartTimes.xml
----------------- Instantiating /home/travis/build/icyphy/ptII/ptolemy/domains/de/test/auto/DEinDEwithStartTimes.xml
1 ms. Memory: 410112K Free: 329189K (80%)
----------------- Invoking toplevel() on ptolemy.moml.MoMLSimpleApplication@61affe40
----------------- Done invoking toplevel() on ptolemy.moml.MoMLSimpleApplication@61affe40
reloadAllAccessors: .DEinDEwithStartTimes

===========================================================================================
----------------- testing Fri May 10 04:18:48 UTC 2019 /home/travis/build/icyphy/ptII/ptolemy/domains/de/test/auto/DEinDEwithStartTimes2.xml
----------------- Instantiating /home/travis/build/icyphy/ptII/ptolemy/domains/de/test/auto/DEinDEwithStartTimes2.xml
2 ms. Memory: 410112K Free: 319332K (78%)
----------------- Invoking toplevel() on ptolemy.moml.MoMLSimpleApplication@5cd14b16
----------------- Done invoking toplevel() on ptolemy.moml.MoMLSimpleApplication@5cd14b16
reloadAllAccessors: .DEinDEwithStartTimes2

===========================================================================================
----------------- testing Fri May 10 04:18:48 UTC 2019 /home/travis/build/icyphy/ptII/ptolemy/domains/de/test/auto/DateDemo.xml
----------------- Instantiating /home/travis/build/icyphy/ptII/ptolemy/domains/de/test/auto/DateDemo.xml
4 ms. Memory: 410112K Free: 299500K (73%)
----------------- Invoking toplevel() on ptolemy.moml.MoMLSimpleApplication@332073fd
----------------- Done invoking toplevel() on ptolemy.moml.MoMLSimpleApplication@332073fd
reloadAllAccessors: .DateDemo

===========================================================================================
----------------- testing Fri May 10 04:18:48 UTC 2019 /home/travis/build/icyphy/ptII/ptolemy/domains/de/test/auto/DateToEvent.xml
----------------- Instantiating /home/travis/build/icyphy/ptII/ptolemy/domains/de/test/auto/DateToEvent.xml
2004 ms. Memory: 410112K Free: 279792K (68%)
----------------- Invoking toplevel() on ptolemy.moml.MoMLSimpleApplication@1dae7e54
----------------- Done invoking toplevel() on ptolemy.moml.MoMLSimpleApplication@1dae7e54
reloadAllAccessors: .DateToEvent

===========================================================================================
----------------- testing Fri May 10 04:18:50 UTC 2019 /home/travis/build/icyphy/ptII/ptolemy/domains/de/test/auto/DepthTest1.xml
----------------- Instantiating /home/travis/build/icyphy/ptII/ptolemy/domains/de/test/auto/DepthTest1.xml
2 ms. Memory: 410112K Free: 273228K (67%)
----------------- Invoking toplevel() on ptolemy.moml.MoMLSimpleApplication@19efeab4
----------------- Done invoking toplevel() on ptolemy.moml.MoMLSimpleApplication@19efeab4
reloadAllAccessors: .DepthTest1

===========================================================================================
----------------- testing Fri May 10 04:18:50 UTC 2019 /home/travis/build/icyphy/ptII/ptolemy/domains/de/test/auto/DepthTest2.xml
----------------- Instantiating /home/travis/build/icyphy/ptII/ptolemy/domains/de/test/auto/DepthTest2.xml
3 ms. Memory: 410112K Free: 263382K (64%)
----------------- Invoking toplevel() on ptolemy.moml.MoMLSimpleApplication@2e7596c0
----------------- Done invoking toplevel() on ptolemy.moml.MoMLSimpleApplication@2e7596c0
reloadAllAccessors: .DepthTest2

===========================================================================================
----------------- testing Fri May 10 04:18:50 UTC 2019 /home/travis/build/icyphy/ptII/ptolemy/domains/de/test/auto/DepthTest3.xml
----------------- Instantiating /home/travis/build/icyphy/ptII/ptolemy/domains/de/test/auto/DepthTest3.xml
1 ms. Memory: 410112K Free: 256818K (63%)
----------------- Invoking toplevel() on ptolemy.moml.MoMLSimpleApplication@4d3476a7
----------------- Done invoking toplevel() on ptolemy.moml.MoMLSimpleApplication@4d3476a7
reloadAllAccessors: .DepthTest3

===========================================================================================
----------------- testing Fri May 10 04:18:50 UTC 2019 /home/travis/build/icyphy/ptII/ptolemy/domains/de/test/auto/DepthTest4.xml
----------------- Instantiating /home/travis/build/icyphy/ptII/ptolemy/domains/de/test/auto/DepthTest4.xml
3 ms. Memory: 410112K Free: 246956K (60%)
----------------- Invoking toplevel() on ptolemy.moml.MoMLSimpleApplication@24a51e90
----------------- Done invoking toplevel() on ptolemy.moml.MoMLSimpleApplication@24a51e90
reloadAllAccessors: .DepthTest4

===========================================================================================
----------------- testing Fri May 10 04:18:50 UTC 2019 /home/travis/build/icyphy/ptII/ptolemy/domains/de/test/auto/DepthTest5.xml
----------------- Instantiating /home/travis/build/icyphy/ptII/ptolemy/domains/de/test/auto/DepthTest5.xml
2 ms. Memory: 410112K Free: 237094K (58%)
----------------- Invoking toplevel() on ptolemy.moml.MoMLSimpleApplication@1117924e
----------------- Done invoking toplevel() on ptolemy.moml.MoMLSimpleApplication@1117924e
reloadAllAccessors: .DepthTest5

===========================================================================================
----------------- testing Fri May 10 04:18:50 UTC 2019 /home/travis/build/icyphy/ptII/ptolemy/domains/de/test/auto/DepthTest6.xml
----------------- Instantiating /home/travis/build/icyphy/ptII/ptolemy/domains/de/test/auto/DepthTest6.xml
4 ms. Memory: 410112K Free: 223850K (55%)
----------------- Invoking toplevel() on ptolemy.moml.MoMLSimpleApplication@50414b92
----------------- Done invoking toplevel() on ptolemy.moml.MoMLSimpleApplication@50414b92
reloadAllAccessors: .DepthTest6

===========================================================================================
----------------- testing Fri May 10 04:18:50 UTC 2019 /home/travis/build/icyphy/ptII/ptolemy/domains/de/test/auto/DepthTest7.xml
----------------- Instantiating /home/travis/build/icyphy/ptII/ptolemy/domains/de/test/auto/DepthTest7.xml
1 ms. Memory: 410112K Free: 213989K (52%)
----------------- Invoking toplevel() on ptolemy.moml.MoMLSimpleApplication@3bfe3049
----------------- Done invoking toplevel() on ptolemy.moml.MoMLSimpleApplication@3bfe3049
reloadAllAccessors: .DepthTest7

===========================================================================================
----------------- testing Fri May 10 04:18:50 UTC 2019 /home/travis/build/icyphy/ptII/ptolemy/domains/de/test/auto/EventToDate.xml
----------------- Instantiating /home/travis/build/icyphy/ptII/ptolemy/domains/de/test/auto/EventToDate.xml
3011 ms. Memory: 410112K Free: 194289K (47%)
----------------- Invoking toplevel() on ptolemy.moml.MoMLSimpleApplication@2ff73be9
----------------- Done invoking toplevel() on ptolemy.moml.MoMLSimpleApplication@2ff73be9
reloadAllAccessors: .EventToDate

===========================================================================================
----------------- testing Fri May 10 04:18:53 UTC 2019 /home/travis/build/icyphy/ptII/ptolemy/domains/de/test/auto/FSM1.xml
----------------- Instantiating /home/travis/build/icyphy/ptII/ptolemy/domains/de/test/auto/FSM1.xml
9 ms. Memory: 410112K Free: 181153K (44%)
----------------- Invoking toplevel() on ptolemy.moml.MoMLSimpleApplication@49cf60d
----------------- Done invoking toplevel() on ptolemy.moml.MoMLSimpleApplication@49cf60d
reloadAllAccessors: .FSM1

===========================================================================================
----------------- testing Fri May 10 04:18:53 UTC 2019 /home/travis/build/icyphy/ptII/ptolemy/domains/de/test/auto/FSM7.xml
----------------- Instantiating /home/travis/build/icyphy/ptII/ptolemy/domains/de/test/auto/FSM7.xml
9 ms. Memory: 410112K Free: 168025K (41%)
----------------- Invoking toplevel() on ptolemy.moml.MoMLSimpleApplication@5fb3c380
----------------- Done invoking toplevel() on ptolemy.moml.MoMLSimpleApplication@5fb3c380
reloadAllAccessors: .FSM7

===========================================================================================
----------------- testing Fri May 10 04:18:53 UTC 2019 /home/travis/build/icyphy/ptII/ptolemy/domains/de/test/auto/Inspection.xml
----------------- Instantiating /home/travis/build/icyphy/ptII/ptolemy/domains/de/test/auto/Inspection.xml
17 ms. Memory: 410112K Free: 151584K (37%)
----------------- Invoking toplevel() on ptolemy.moml.MoMLSimpleApplication@14e9621f
----------------- Done invoking toplevel() on ptolemy.moml.MoMLSimpleApplication@14e9621f
reloadAllAccessors: .Inspection

===========================================================================================
----------------- testing Fri May 10 04:18:53 UTC 2019 /home/travis/build/icyphy/ptII/ptolemy/domains/de/test/auto/Iteration.xml
----------------- Instantiating /home/travis/build/icyphy/ptII/ptolemy/domains/de/test/auto/Iteration.xml
4 ms. Memory: 410112K Free: 141722K (35%)
----------------- Invoking toplevel() on ptolemy.moml.MoMLSimpleApplication@6daa425e
----------------- Done invoking toplevel() on ptolemy.moml.MoMLSimpleApplication@6daa425e
reloadAllAccessors: .Iteration

===========================================================================================
----------------- testing Fri May 10 04:18:53 UTC 2019 /home/travis/build/icyphy/ptII/ptolemy/domains/de/test/auto/LineFault.xml
----------------- Instantiating /home/travis/build/icyphy/ptII/ptolemy/domains/de/test/auto/LineFault.xml
423 ms. Memory: 395264K Free: 332902K (84%)
----------------- Invoking toplevel() on ptolemy.moml.MoMLSimpleApplication@4969ff7b
----------------- Done invoking toplevel() on ptolemy.moml.MoMLSimpleApplication@4969ff7b
reloadAllAccessors: .LineFault

===========================================================================================
----------------- testing Fri May 10 04:18:54 UTC 2019 /home/travis/build/icyphy/ptII/ptolemy/domains/de/test/auto/MergeModel1Add.xml
----------------- Instantiating /home/travis/build/icyphy/ptII/ptolemy/domains/de/test/auto/MergeModel1Add.xml
6 ms. Memory: 395264K Free: 308699K (78%)
----------------- Invoking toplevel() on ptolemy.moml.MoMLSimpleApplication@31fd6a77
----------------- Done invoking toplevel() on ptolemy.moml.MoMLSimpleApplication@31fd6a77
reloadAllAccessors: .MergeModel1Add

===========================================================================================
----------------- testing Fri May 10 04:18:54 UTC 2019 /home/travis/build/icyphy/ptII/ptolemy/domains/de/test/auto/MergeModel2Add.xml
----------------- Instantiating /home/travis/build/icyphy/ptII/ptolemy/domains/de/test/auto/MergeModel2Add.xml
5 ms. Memory: 395264K Free: 286700K (73%)
----------------- Invoking toplevel() on ptolemy.moml.MoMLSimpleApplication@567b3abb
----------------- Done invoking toplevel() on ptolemy.moml.MoMLSimpleApplication@567b3abb
reloadAllAccessors: .MergeModel2Add

===========================================================================================
----------------- testing Fri May 10 04:18:54 UTC 2019 /home/travis/build/icyphy/ptII/ptolemy/domains/de/test/auto/MergeModel3Add.xml
----------------- Instantiating /home/travis/build/icyphy/ptII/ptolemy/domains/de/test/auto/MergeModel3Add.xml
8 ms. Memory: 395264K Free: 264710K (67%)
----------------- Invoking toplevel() on ptolemy.moml.MoMLSimpleApplication@2c9f1670
----------------- Done invoking toplevel() on ptolemy.moml.MoMLSimpleApplication@2c9f1670
reloadAllAccessors: .MergeModel3Add

===========================================================================================
----------------- testing Fri May 10 04:18:54 UTC 2019 /home/travis/build/icyphy/ptII/ptolemy/domains/de/test/auto/MergeWithoutDiscard.xml
----------------- Instantiating /home/travis/build/icyphy/ptII/ptolemy/domains/de/test/auto/MergeWithoutDiscard.xml
1 ms. Memory: 395264K Free: 255294K (65%)
----------------- Invoking toplevel() on ptolemy.moml.MoMLSimpleApplication@65e9949c
----------------- Done invoking toplevel() on ptolemy.moml.MoMLSimpleApplication@65e9949c
reloadAllAccessors: .MergeWithoutDiscard

===========================================================================================
----------------- testing Fri May 10 04:18:54 UTC 2019 /home/travis/build/icyphy/ptII/ptolemy/domains/de/test/auto/Modal1.xml
----------------- Instantiating /home/travis/build/icyphy/ptII/ptolemy/domains/de/test/auto/Modal1.xml
7 ms. Memory: 395264K Free: 240537K (61%)
----------------- Invoking toplevel() on ptolemy.moml.MoMLSimpleApplication@31038c75
----------------- Done invoking toplevel() on ptolemy.moml.MoMLSimpleApplication@31038c75
reloadAllAccessors: .Modal1

===========================================================================================
----------------- testing Fri May 10 04:18:54 UTC 2019 /home/travis/build/icyphy/ptII/ptolemy/domains/de/test/auto/Modal2.xml
----------------- Instantiating /home/travis/build/icyphy/ptII/ptolemy/domains/de/test/auto/Modal2.xml
12 ms. Memory: 395264K Free: 227995K (58%)
----------------- Invoking toplevel() on ptolemy.moml.MoMLSimpleApplication@610b68df
----------------- Done invoking toplevel() on ptolemy.moml.MoMLSimpleApplication@610b68df
reloadAllAccessors: .Modal2

===========================================================================================
----------------- testing Fri May 10 04:18:54 UTC 2019 /home/travis/build/icyphy/ptII/ptolemy/domains/de/test/auto/Modal3.xml
----------------- Instantiating /home/travis/build/icyphy/ptII/ptolemy/domains/de/test/auto/Modal3.xml
6 ms. Memory: 395264K Free: 212311K (54%)
----------------- Invoking toplevel() on ptolemy.moml.MoMLSimpleApplication@26146862
----------------- Done invoking toplevel() on ptolemy.moml.MoMLSimpleApplication@26146862
reloadAllAccessors: .Modal3

===========================================================================================
----------------- testing Fri May 10 04:18:54 UTC 2019 /home/travis/build/icyphy/ptII/ptolemy/domains/de/test/auto/Modal4.xml
----------------- Instantiating /home/travis/build/icyphy/ptII/ptolemy/domains/de/test/auto/Modal4.xml
9 ms. Memory: 395264K Free: 193470K (49%)
----------------- Invoking toplevel() on ptolemy.moml.MoMLSimpleApplication@2c518c76
----------------- Done invoking toplevel() on ptolemy.moml.MoMLSimpleApplication@2c518c76
reloadAllAccessors: .Modal4

===========================================================================================
----------------- testing Fri May 10 04:18:54 UTC 2019 /home/travis/build/icyphy/ptII/ptolemy/domains/de/test/auto/Modal5.xml
----------------- Instantiating /home/travis/build/icyphy/ptII/ptolemy/domains/de/test/auto/Modal5.xml
11 ms. Memory: 395264K Free: 174630K (44%)
----------------- Invoking toplevel() on ptolemy.moml.MoMLSimpleApplication@1ea9cb46
----------------- Done invoking toplevel() on ptolemy.moml.MoMLSimpleApplication@1ea9cb46
reloadAllAccessors: .Modal5

===========================================================================================
----------------- testing Fri May 10 04:18:54 UTC 2019 /home/travis/build/icyphy/ptII/ptolemy/domains/de/test/auto/Modal6.xml
----------------- Instantiating /home/travis/build/icyphy/ptII/ptolemy/domains/de/test/auto/Modal6.xml
8 ms. Memory: 395264K Free: 156733K (40%)
----------------- Invoking toplevel() on ptolemy.moml.MoMLSimpleApplication@26244b3f
----------------- Done invoking toplevel() on ptolemy.moml.MoMLSimpleApplication@26244b3f
reloadAllAccessors: .Modal6

===========================================================================================
----------------- testing Fri May 10 04:18:54 UTC 2019 /home/travis/build/icyphy/ptII/ptolemy/domains/de/test/auto/Modal7.xml
----------------- Instantiating /home/travis/build/icyphy/ptII/ptolemy/domains/de/test/auto/Modal7.xml
7 ms. Memory: 395264K Free: 137901K (35%)
----------------- Invoking toplevel() on ptolemy.moml.MoMLSimpleApplication@441df1b
----------------- Done invoking toplevel() on ptolemy.moml.MoMLSimpleApplication@441df1b
reloadAllAccessors: .Modal7

===========================================================================================
----------------- testing Fri May 10 04:18:54 UTC 2019 /home/travis/build/icyphy/ptII/ptolemy/domains/de/test/auto/ModalModel.xml
----------------- Instantiating /home/travis/build/icyphy/ptII/ptolemy/domains/de/test/auto/ModalModel.xml
118 ms. Memory: 380928K Free: 362202K (95%)
----------------- Invoking toplevel() on ptolemy.moml.MoMLSimpleApplication@5f08653b
----------------- Done invoking toplevel() on ptolemy.moml.MoMLSimpleApplication@5f08653b
reloadAllAccessors: .ModalModel

===========================================================================================
----------------- testing Fri May 10 04:18:54 UTC 2019 /home/travis/build/icyphy/ptII/ptolemy/domains/de/test/auto/ModalSource.xml
----------------- Instantiating /home/travis/build/icyphy/ptII/ptolemy/domains/de/test/auto/ModalSource.xml
4 ms. Memory: 380928K Free: 349133K (92%)
----------------- Invoking toplevel() on ptolemy.moml.MoMLSimpleApplication@3954712b
----------------- Done invoking toplevel() on ptolemy.moml.MoMLSimpleApplication@3954712b
reloadAllAccessors: .ModalSource

===========================================================================================
----------------- testing Fri May 10 04:18:54 UTC 2019 /home/travis/build/icyphy/ptII/ptolemy/domains/de/test/auto/NonInterruptibleTimerZeroDelay.xml
----------------- Instantiating /home/travis/build/icyphy/ptII/ptolemy/domains/de/test/auto/NonInterruptibleTimerZeroDelay.xml
2 ms. Memory: 380928K Free: 343127K (90%)
----------------- Invoking toplevel() on ptolemy.moml.MoMLSimpleApplication@53eadf9a
----------------- Done invoking toplevel() on ptolemy.moml.MoMLSimpleApplication@53eadf9a
reloadAllAccessors: .NonInterruptibleTimerZeroDelay

===========================================================================================
----------------- testing Fri May 10 04:18:54 UTC 2019 /home/travis/build/icyphy/ptII/ptolemy/domains/de/test/auto/OpenQueueingNetwork.xml
----------------- Instantiating /home/travis/build/icyphy/ptII/ptolemy/domains/de/test/auto/OpenQueueingNetwork.xml
2136 ms. Memory: 354816K Free: 271872K (77%)
----------------- Invoking toplevel() on ptolemy.moml.MoMLSimpleApplication@1d3aec7a
----------------- Done invoking toplevel() on ptolemy.moml.MoMLSimpleApplication@1d3aec7a
reloadAllAccessors: .OpenQueueingNetwork

===========================================================================================
----------------- testing Fri May 10 04:18:57 UTC 2019 /home/travis/build/icyphy/ptII/ptolemy/domains/de/test/auto/OpenQueuingNetwork.xml
----------------- Instantiating /home/travis/build/icyphy/ptII/ptolemy/domains/de/test/auto/OpenQueuingNetwork.xml
224 ms. Memory: 354816K Free: 179467K (51%)
----------------- Invoking toplevel() on ptolemy.moml.MoMLSimpleApplication@7f9fb1f9
----------------- Done invoking toplevel() on ptolemy.moml.MoMLSimpleApplication@7f9fb1f9
reloadAllAccessors: .OpenQueuingNetwork

===========================================================================================
----------------- testing Fri May 10 04:18:57 UTC 2019 /home/travis/build/icyphy/ptII/ptolemy/domains/de/test/auto/PeriodicSampler.xml
----------------- Instantiating /home/travis/build/icyphy/ptII/ptolemy/domains/de/test/auto/PeriodicSampler.xml
1 ms. Memory: 354816K Free: 173147K (49%)
----------------- Invoking toplevel() on ptolemy.moml.MoMLSimpleApplication@3b90dc4d
----------------- Done invoking toplevel() on ptolemy.moml.MoMLSimpleApplication@3b90dc4d
reloadAllAccessors: .PeriodicSampler

===========================================================================================
----------------- testing Fri May 10 04:18:57 UTC 2019 /home/travis/build/icyphy/ptII/ptolemy/domains/de/test/auto/PersistentIO.xml
----------------- Instantiating /home/travis/build/icyphy/ptII/ptolemy/domains/de/test/auto/PersistentIO.xml
6 ms. Memory: 354816K Free: 162194K (46%)
----------------- Invoking toplevel() on ptolemy.moml.MoMLSimpleApplication@479656b1
----------------- Done invoking toplevel() on ptolemy.moml.MoMLSimpleApplication@479656b1
reloadAllAccessors: .PersistentIO

===========================================================================================
----------------- testing Fri May 10 04:18:57 UTC 2019 /home/travis/build/icyphy/ptII/ptolemy/domains/de/test/auto/PortParameterResetOnInitialize.xml
----------------- Instantiating /home/travis/build/icyphy/ptII/ptolemy/domains/de/test/auto/PortParameterResetOnInitialize.xml
2 ms. Memory: 354816K Free: 153140K (43%)
----------------- Invoking toplevel() on ptolemy.moml.MoMLSimpleApplication@1e7c9f45
----------------- Done invoking toplevel() on ptolemy.moml.MoMLSimpleApplication@1e7c9f45
reloadAllAccessors: .PortParameterResetOnInitialize

===========================================================================================
----------------- testing Fri May 10 04:18:57 UTC 2019 /home/travis/build/icyphy/ptII/ptolemy/domains/de/test/auto/PortParameterUpdates.xml
----------------- Instantiating /home/travis/build/icyphy/ptII/ptolemy/domains/de/test/auto/PortParameterUpdates.xml
4 ms. Memory: 354816K Free: 144930K (41%)
----------------- Invoking toplevel() on ptolemy.moml.MoMLSimpleApplication@363b3ac5
----------------- Done invoking toplevel() on ptolemy.moml.MoMLSimpleApplication@363b3ac5
reloadAllAccessors: .PortParameterUpdates

===========================================================================================
----------------- testing Fri May 10 04:18:57 UTC 2019 /home/travis/build/icyphy/ptII/ptolemy/domains/de/test/auto/QueueAndServer.xml
----------------- Instantiating /home/travis/build/icyphy/ptII/ptolemy/domains/de/test/auto/QueueAndServer.xml
5 ms. Memory: 354816K Free: 133110K (38%)
----------------- Invoking toplevel() on ptolemy.moml.MoMLSimpleApplication@7aec2d9c
----------------- Done invoking toplevel() on ptolemy.moml.MoMLSimpleApplication@7aec2d9c
reloadAllAccessors: .QueueAndServer

===========================================================================================
----------------- testing Fri May 10 04:18:57 UTC 2019 /home/travis/build/icyphy/ptII/ptolemy/domains/de/test/auto/Records.xml
----------------- Instantiating /home/travis/build/icyphy/ptII/ptolemy/domains/de/test/auto/Records.xml
8 ms. Memory: 354816K Free: 124040K (35%)
----------------- Invoking toplevel() on ptolemy.moml.MoMLSimpleApplication@1b1206ce
----------------- Done invoking toplevel() on ptolemy.moml.MoMLSimpleApplication@1b1206ce
reloadAllAccessors: .Records

===========================================================================================
----------------- testing Fri May 10 04:18:57 UTC 2019 /home/travis/build/icyphy/ptII/ptolemy/domains/de/test/auto/ResetTransitionWithStartTime1.xml
----------------- Instantiating /home/travis/build/icyphy/ptII/ptolemy/domains/de/test/auto/ResetTransitionWithStartTime1.xml
4 ms. Memory: 354816K Free: 113087K (32%)
----------------- Invoking toplevel() on ptolemy.moml.MoMLSimpleApplication@77291d82
----------------- Done invoking toplevel() on ptolemy.moml.MoMLSimpleApplication@77291d82
reloadAllAccessors: .ResetTransitionWithStartTime1

===========================================================================================
----------------- testing Fri May 10 04:18:57 UTC 2019 /home/travis/build/icyphy/ptII/ptolemy/domains/de/test/auto/ResetTransitionWithStartTime2.xml
----------------- Instantiating /home/travis/build/icyphy/ptII/ptolemy/domains/de/test/auto/ResetTransitionWithStartTime2.xml
3 ms. Memory: 354816K Free: 101299K (29%)
----------------- Invoking toplevel() on ptolemy.moml.MoMLSimpleApplication@37e3d21a
----------------- Done invoking toplevel() on ptolemy.moml.MoMLSimpleApplication@37e3d21a
reloadAllAccessors: .ResetTransitionWithStartTime2

===========================================================================================
----------------- testing Fri May 10 04:18:57 UTC 2019 /home/travis/build/icyphy/ptII/ptolemy/domains/de/test/auto/ResetTransitionWithStartTime3.xml
----------------- Instantiating /home/travis/build/icyphy/ptII/ptolemy/domains/de/test/auto/ResetTransitionWithStartTime3.xml
4 ms. Memory: 354816K Free: 90362K (25%)
----------------- Invoking toplevel() on ptolemy.moml.MoMLSimpleApplication@6ca7509a
----------------- Done invoking toplevel() on ptolemy.moml.MoMLSimpleApplication@6ca7509a
reloadAllAccessors: .ResetTransitionWithStartTime3

===========================================================================================
----------------- testing Fri May 10 04:18:57 UTC 2019 /home/travis/build/icyphy/ptII/ptolemy/domains/de/test/auto/ResetTransitionWithStartTime4.xml
----------------- Instantiating /home/travis/build/icyphy/ptII/ptolemy/domains/de/test/auto/ResetTransitionWithStartTime4.xml
3 ms. Memory: 354816K Free: 78542K (22%)
----------------- Invoking toplevel() on ptolemy.moml.MoMLSimpleApplication@740ed52b
----------------- Done invoking toplevel() on ptolemy.moml.MoMLSimpleApplication@740ed52b
reloadAllAccessors: .ResetTransitionWithStartTime4

===========================================================================================
----------------- testing Fri May 10 04:18:57 UTC 2019 /home/travis/build/icyphy/ptII/ptolemy/domains/de/test/auto/ResettableTimer1.xml
----------------- Instantiating /home/travis/build/icyphy/ptII/ptolemy/domains/de/test/auto/ResettableTimer1.xml
2 ms. Memory: 354816K Free: 69480K (20%)
----------------- Invoking toplevel() on ptolemy.moml.MoMLSimpleApplication@435760ca
----------------- Done invoking toplevel() on ptolemy.moml.MoMLSimpleApplication@435760ca
reloadAllAccessors: .ResettableTimer1

===========================================================================================
----------------- testing Fri May 10 04:18:57 UTC 2019 /home/travis/build/icyphy/ptII/ptolemy/domains/de/test/auto/ResettableTimer2.xml
----------------- Instantiating /home/travis/build/icyphy/ptII/ptolemy/domains/de/test/auto/ResettableTimer2.xml
1 ms. Memory: 345600K Free: 327243K (95%)
----------------- Invoking toplevel() on ptolemy.moml.MoMLSimpleApplication@5a4570b1
----------------- Done invoking toplevel() on ptolemy.moml.MoMLSimpleApplication@5a4570b1
reloadAllAccessors: .ResettableTimer2

===========================================================================================
----------------- testing Fri May 10 04:18:57 UTC 2019 /home/travis/build/icyphy/ptII/ptolemy/domains/de/test/auto/ResettableTimer3.xml
----------------- Instantiating /home/travis/build/icyphy/ptII/ptolemy/domains/de/test/auto/ResettableTimer3.xml
1 ms. Memory: 345600K Free: 318825K (92%)
----------------- Invoking toplevel() on ptolemy.moml.MoMLSimpleApplication@6f09a20
----------------- Done invoking toplevel() on ptolemy.moml.MoMLSimpleApplication@6f09a20
reloadAllAccessors: .ResettableTimer3

===========================================================================================
----------------- testing Fri May 10 04:18:57 UTC 2019 /home/travis/build/icyphy/ptII/ptolemy/domains/de/test/auto/ResettableTimer4.xml
----------------- Instantiating /home/travis/build/icyphy/ptII/ptolemy/domains/de/test/auto/ResettableTimer4.xml
1 ms. Memory: 345600K Free: 310404K (90%)
----------------- Invoking toplevel() on ptolemy.moml.MoMLSimpleApplication@52783560
----------------- Done invoking toplevel() on ptolemy.moml.MoMLSimpleApplication@52783560
reloadAllAccessors: .ResettableTimer4

===========================================================================================
----------------- testing Fri May 10 04:18:57 UTC 2019 /home/travis/build/icyphy/ptII/ptolemy/domains/de/test/auto/ResettableTimer5.xml
----------------- Instantiating /home/travis/build/icyphy/ptII/ptolemy/domains/de/test/auto/ResettableTimer5.xml
2 ms. Memory: 345600K Free: 301986K (87%)
----------------- Invoking toplevel() on ptolemy.moml.MoMLSimpleApplication@7f935b5c
----------------- Done invoking toplevel() on ptolemy.moml.MoMLSimpleApplication@7f935b5c
reloadAllAccessors: .ResettableTimer5

===========================================================================================
----------------- testing Fri May 10 04:18:57 UTC 2019 /home/travis/build/icyphy/ptII/ptolemy/domains/de/test/auto/ResettableTimer6.xml
----------------- Instantiating /home/travis/build/icyphy/ptII/ptolemy/domains/de/test/auto/ResettableTimer6.xml
4 ms. Memory: 345600K Free: 293568K (85%)
----------------- Invoking toplevel() on ptolemy.moml.MoMLSimpleApplication@3203a9d
----------------- Done invoking toplevel() on ptolemy.moml.MoMLSimpleApplication@3203a9d
reloadAllAccessors: .ResettableTimer6

===========================================================================================
----------------- testing Fri May 10 04:18:57 UTC 2019 /home/travis/build/icyphy/ptII/ptolemy/domains/de/test/auto/ServerZeroDelay.xml
----------------- Instantiating /home/travis/build/icyphy/ptII/ptolemy/domains/de/test/auto/ServerZeroDelay.xml
2 ms. Memory: 345600K Free: 285150K (83%)
----------------- Invoking toplevel() on ptolemy.moml.MoMLSimpleApplication@121a2ad1
----------------- Done invoking toplevel() on ptolemy.moml.MoMLSimpleApplication@121a2ad1
reloadAllAccessors: .ServerZeroDelay

===========================================================================================
----------------- testing Fri May 10 04:18:57 UTC 2019 /home/travis/build/icyphy/ptII/ptolemy/domains/de/test/auto/SmartSender.xml
----------------- Instantiating /home/travis/build/icyphy/ptII/ptolemy/domains/de/test/auto/SmartSender.xml
3001 ms. Memory: 345600K Free: 276739K (80%)
----------------- Invoking toplevel() on ptolemy.moml.MoMLSimpleApplication@13ab42d2
----------------- Done invoking toplevel() on ptolemy.moml.MoMLSimpleApplication@13ab42d2
reloadAllAccessors: .SmartSender

===========================================================================================
----------------- testing Fri May 10 04:19:00 UTC 2019 /home/travis/build/icyphy/ptII/ptolemy/domains/de/test/auto/ThreadedComposite.xml
----------------- Instantiating /home/travis/build/icyphy/ptII/ptolemy/domains/de/test/auto/ThreadedComposite.xml
135 ms. Memory: 345600K Free: 244825K (71%)
----------------- Invoking toplevel() on ptolemy.moml.MoMLSimpleApplication@3f48fdb6
----------------- Done invoking toplevel() on ptolemy.moml.MoMLSimpleApplication@3f48fdb6
reloadAllAccessors: .ThreadedComposite

===========================================================================================
----------------- testing Fri May 10 04:19:00 UTC 2019 /home/travis/build/icyphy/ptII/ptolemy/domains/de/test/auto/Time.xml
----------------- Instantiating /home/travis/build/icyphy/ptII/ptolemy/domains/de/test/auto/Time.xml
402 ms. Memory: 345600K Free: 189420K (55%)
----------------- Invoking toplevel() on ptolemy.moml.MoMLSimpleApplication@31e8a757
----------------- Done invoking toplevel() on ptolemy.moml.MoMLSimpleApplication@31e8a757
reloadAllAccessors: .Time

===========================================================================================
----------------- testing Fri May 10 04:19:01 UTC 2019 /home/travis/build/icyphy/ptII/ptolemy/domains/de/test/auto/TimeDelayZeroDelay.xml
----------------- Instantiating /home/travis/build/icyphy/ptII/ptolemy/domains/de/test/auto/TimeDelayZeroDelay.xml
3 ms. Memory: 345600K Free: 181017K (52%)
----------------- Invoking toplevel() on ptolemy.moml.MoMLSimpleApplication@a6f4565
----------------- Done invoking toplevel() on ptolemy.moml.MoMLSimpleApplication@a6f4565
reloadAllAccessors: .TimeDelayZeroDelay

===========================================================================================
----------------- testing Fri May 10 04:19:01 UTC 2019 /home/travis/build/icyphy/ptII/ptolemy/domains/de/test/auto/TimerZeroDelay.xml
----------------- Instantiating /home/travis/build/icyphy/ptII/ptolemy/domains/de/test/auto/TimerZeroDelay.xml
2 ms. Memory: 345600K Free: 172599K (50%)
----------------- Invoking toplevel() on ptolemy.moml.MoMLSimpleApplication@1eb3888a
----------------- Done invoking toplevel() on ptolemy.moml.MoMLSimpleApplication@1eb3888a
reloadAllAccessors: .TimerZeroDelay

===========================================================================================
----------------- testing Fri May 10 04:19:01 UTC 2019 /home/travis/build/icyphy/ptII/ptolemy/domains/de/test/auto/TimingParadox.xml
----------------- Instantiating /home/travis/build/icyphy/ptII/ptolemy/domains/de/test/auto/TimingParadox.xml
275 ms. Memory: 345600K Free: 101470K (29%)
----------------- Invoking toplevel() on ptolemy.moml.MoMLSimpleApplication@704a49cb
----------------- Done invoking toplevel() on ptolemy.moml.MoMLSimpleApplication@704a49cb
reloadAllAccessors: .TimingParadox

===========================================================================================
----------------- testing Fri May 10 04:19:01 UTC 2019 /home/travis/build/icyphy/ptII/ptolemy/domains/de/test/auto/TransferInputs.xml
----------------- Instantiating /home/travis/build/icyphy/ptII/ptolemy/domains/de/test/auto/TransferInputs.xml
1 ms. Memory: 345600K Free: 93052K (27%)
----------------- Invoking toplevel() on ptolemy.moml.MoMLSimpleApplication@e11bd
----------------- Done invoking toplevel() on ptolemy.moml.MoMLSimpleApplication@e11bd
reloadAllAccessors: .TransferInputs

===========================================================================================
----------------- testing Fri May 10 04:19:01 UTC 2019 /home/travis/build/icyphy/ptII/ptolemy/domains/de/test/auto/TransferOutputs2.xml
----------------- Instantiating /home/travis/build/icyphy/ptII/ptolemy/domains/de/test/auto/TransferOutputs2.xml
3 ms. Memory: 345600K Free: 82022K (24%)
----------------- Invoking toplevel() on ptolemy.moml.MoMLSimpleApplication@220508cf
----------------- Done invoking toplevel() on ptolemy.moml.MoMLSimpleApplication@220508cf
reloadAllAccessors: .TransferOutputs2

===========================================================================================
----------------- testing Fri May 10 04:19:01 UTC 2019 /home/travis/build/icyphy/ptII/ptolemy/domains/de/test/auto/Trilateration.xml
----------------- Instantiating /home/travis/build/icyphy/ptII/ptolemy/domains/de/test/auto/Trilateration.xml
10528 ms. Memory: 562176K Free: 223824K (40%)
----------------- Invoking toplevel() on ptolemy.moml.MoMLSimpleApplication@75d7336f
----------------- Done invoking toplevel() on ptolemy.moml.MoMLSimpleApplication@75d7336f
reloadAllAccessors: .Trilateration

===========================================================================================
----------------- testing Fri May 10 04:19:12 UTC 2019 /home/travis/build/icyphy/ptII/ptolemy/domains/de/test/auto/TwoSigmaDelta.xml
----------------- Instantiating /home/travis/build/icyphy/ptII/ptolemy/domains/de/test/auto/TwoSigmaDelta.xml
1932 ms. Memory: 546304K Free: 401040K (73%)
----------------- Invoking toplevel() on ptolemy.moml.MoMLSimpleApplication@ace1ffd
----------------- Done invoking toplevel() on ptolemy.moml.MoMLSimpleApplication@ace1ffd
reloadAllAccessors: .TwoSigmaDelta

===========================================================================================
----------------- testing Fri May 10 04:19:14 UTC 2019 /home/travis/build/icyphy/ptII/ptolemy/domains/de/test/auto/VariableDelay.xml
----------------- Instantiating /home/travis/build/icyphy/ptII/ptolemy/domains/de/test/auto/VariableDelay.xml
2 ms. Memory: 546304K Free: 386239K (71%)
----------------- Invoking toplevel() on ptolemy.moml.MoMLSimpleApplication@11948cb9
----------------- Done invoking toplevel() on ptolemy.moml.MoMLSimpleApplication@11948cb9
reloadAllAccessors: .VariableDelay

===========================================================================================
----------------- testing Fri May 10 04:19:14 UTC 2019 /home/travis/build/icyphy/ptII/ptolemy/domains/de/test/auto/VariableDelay2.xml
----------------- Instantiating /home/travis/build/icyphy/ptII/ptolemy/domains/de/test/auto/VariableDelay2.xml
2 ms. Memory: 546304K Free: 376592K (69%)
----------------- Invoking toplevel() on ptolemy.moml.MoMLSimpleApplication@247ae3d3
----------------- Done invoking toplevel() on ptolemy.moml.MoMLSimpleApplication@247ae3d3
reloadAllAccessors: .VariableDelay2

===========================================================================================
----------------- testing Fri May 10 04:19:14 UTC 2019 /home/travis/build/icyphy/ptII/ptolemy/domains/de/test/auto/VariableDelayZeroDelay.xml
----------------- Instantiating /home/travis/build/icyphy/ptII/ptolemy/domains/de/test/auto/VariableDelayZeroDelay.xml
2 ms. Memory: 546304K Free: 366946K (67%)
----------------- Invoking toplevel() on ptolemy.moml.MoMLSimpleApplication@61e15d82
----------------- Done invoking toplevel() on ptolemy.moml.MoMLSimpleApplication@61e15d82
reloadAllAccessors: .VariableDelayZeroDelay

===========================================================================================
----------------- testing Fri May 10 04:19:14 UTC 2019 /home/travis/build/icyphy/ptII/ptolemy/domains/de/test/auto/VariableDelayZeroDelay2.xml
----------------- Instantiating /home/travis/build/icyphy/ptII/ptolemy/domains/de/test/auto/VariableDelayZeroDelay2.xml
2 ms. Memory: 546304K Free: 357299K (65%)
----------------- Invoking toplevel() on ptolemy.moml.MoMLSimpleApplication@41fb2c40
----------------- Done invoking toplevel() on ptolemy.moml.MoMLSimpleApplication@41fb2c40
reloadAllAccessors: .VariableDelayZeroDelay2

===========================================================================================
----------------- testing Fri May 10 04:19:14 UTC 2019 /home/travis/build/icyphy/ptII/ptolemy/domains/de/test/auto/deInCt.xml
----------------- Instantiating /home/travis/build/icyphy/ptII/ptolemy/domains/de/test/auto/deInCt.xml
0
1
1
1
1
0
0
0
1
1
1
1
0
0
0
1
1
1
1
1
1
0
0
0
0
1
1
1
1
3 ms. Memory: 546304K Free: 347653K (64%)
----------------- Invoking toplevel() on ptolemy.moml.MoMLSimpleApplication@5fe81ce
----------------- Done invoking toplevel() on ptolemy.moml.MoMLSimpleApplication@5fe81ce
reloadAllAccessors: .deInCt

===========================================================================================
----------------- testing Fri May 10 04:19:14 UTC 2019 /home/travis/build/icyphy/ptII/ptolemy/domains/de/test/auto/deInCt2.xml
----------------- Instantiating /home/travis/build/icyphy/ptII/ptolemy/domains/de/test/auto/deInCt2.xml
0
1
1
1
0
0
1
1
1
0
0
1
1
1
0
0
1
1
1
0
0
1
1
1
0
0
1
1
1
0
0
1
1
1
0
0
1
1
1
0
0
0
4 ms. Memory: 546304K Free: 338006K (62%)
----------------- Invoking toplevel() on ptolemy.moml.MoMLSimpleApplication@c8f4371
----------------- Done invoking toplevel() on ptolemy.moml.MoMLSimpleApplication@c8f4371
reloadAllAccessors: .deInCt2

===========================================================================================
----------------- testing Fri May 10 04:19:14 UTC 2019 /home/travis/build/icyphy/ptII/ptolemy/domains/de/test/auto/dynamicCausalityInterface1.xml
----------------- Instantiating /home/travis/build/icyphy/ptII/ptolemy/domains/de/test/auto/dynamicCausalityInterface1.xml
1 ms. Memory: 546304K Free: 323768K (59%)
----------------- Invoking toplevel() on ptolemy.moml.MoMLSimpleApplication@4df0ba3d
----------------- Done invoking toplevel() on ptolemy.moml.MoMLSimpleApplication@4df0ba3d
reloadAllAccessors: .dynamicCausalityInterface1

===========================================================================================
----------------- testing Fri May 10 04:19:14 UTC 2019 /home/travis/build/icyphy/ptII/ptolemy/domains/de/test/auto/fsm_de_test.xml
----------------- Instantiating /home/travis/build/icyphy/ptII/ptolemy/domains/de/test/auto/fsm_de_test.xml
5 ms. Memory: 546304K Free: 309531K (57%)
----------------- Invoking toplevel() on ptolemy.moml.MoMLSimpleApplication@565f355e
----------------- Done invoking toplevel() on ptolemy.moml.MoMLSimpleApplication@565f355e
reloadAllAccessors: .fsm_de_test

===========================================================================================
----------------- testing Fri May 10 04:19:14 UTC 2019 /home/travis/build/icyphy/ptII/ptolemy/domains/de/test/auto/functionDependencyReconstruction.xml
----------------- Instantiating /home/travis/build/icyphy/ptII/ptolemy/domains/de/test/auto/functionDependencyReconstruction.xml
2 ms. Memory: 546304K Free: 285640K (52%)
----------------- Invoking toplevel() on ptolemy.moml.MoMLSimpleApplication@28809e5d
----------------- Done invoking toplevel() on ptolemy.moml.MoMLSimpleApplication@28809e5d
reloadAllAccessors: .functionDependencyReconstruction

===========================================================================================
----------------- testing Fri May 10 04:19:14 UTC 2019 /home/travis/build/icyphy/ptII/ptolemy/domains/de/test/auto/multirate.xml
----------------- Instantiating /home/travis/build/icyphy/ptII/ptolemy/domains/de/test/auto/multirate.xml
3 ms. Memory: 546304K Free: 271411K (50%)
----------------- Invoking toplevel() on ptolemy.moml.MoMLSimpleApplication@392cfe74
----------------- Done invoking toplevel() on ptolemy.moml.MoMLSimpleApplication@392cfe74
reloadAllAccessors: .multirate

===========================================================================================
----------------- testing Fri May 10 04:19:15 UTC 2019 /home/travis/build/icyphy/ptII/ptolemy/domains/de/test/auto/multirate2.xml
----------------- Instantiating /home/travis/build/icyphy/ptII/ptolemy/domains/de/test/auto/multirate2.xml
3 ms. Memory: 546304K Free: 257166K (47%)
----------------- Invoking toplevel() on ptolemy.moml.MoMLSimpleApplication@7e363202
----------------- Done invoking toplevel() on ptolemy.moml.MoMLSimpleApplication@7e363202
reloadAllAccessors: .multirate2

===========================================================================================
----------------- testing Fri May 10 04:19:15 UTC 2019 /home/travis/build/icyphy/ptII/ptolemy/domains/de/test/auto/realtime.xml
----------------- Instantiating /home/travis/build/icyphy/ptII/ptolemy/domains/de/test/auto/realtime.xml
10001 ms. Memory: 546304K Free: 247520K (45%)
----------------- Invoking toplevel() on ptolemy.moml.MoMLSimpleApplication@75a5fbed
----------------- Done invoking toplevel() on ptolemy.moml.MoMLSimpleApplication@75a5fbed
reloadAllAccessors: .realtime

===========================================================================================
----------------- testing Fri May 10 04:19:25 UTC 2019 /home/travis/build/icyphy/ptII/ptolemy/domains/de/test/auto/relationGroup.xml
----------------- Instantiating /home/travis/build/icyphy/ptII/ptolemy/domains/de/test/auto/relationGroup.xml
2 ms. Memory: 546304K Free: 237873K (44%)
----------------- Invoking toplevel() on ptolemy.moml.MoMLSimpleApplication@203eb55c
----------------- Done invoking toplevel() on ptolemy.moml.MoMLSimpleApplication@203eb55c
reloadAllAccessors: .relationGroup

===========================================================================================
----------------- testing Fri May 10 04:19:25 UTC 2019 /home/travis/build/icyphy/ptII/ptolemy/domains/de/test/auto/relationGroup2.xml
----------------- Instantiating /home/travis/build/icyphy/ptII/ptolemy/domains/de/test/auto/relationGroup2.xml
1 ms. Memory: 546304K Free: 228227K (42%)
----------------- Invoking toplevel() on ptolemy.moml.MoMLSimpleApplication@137ba6b8
----------------- Done invoking toplevel() on ptolemy.moml.MoMLSimpleApplication@137ba6b8
reloadAllAccessors: .relationGroup2

===========================================================================================
----------------- testing Fri May 10 04:19:25 UTC 2019 /home/travis/build/icyphy/ptII/ptolemy/domains/de/test/auto/sortWithOpaquePorts.xml
----------------- Instantiating /home/travis/build/icyphy/ptII/ptolemy/domains/de/test/auto/sortWithOpaquePorts.xml
2 ms. Memory: 546304K Free: 218099K (40%)
----------------- Invoking toplevel() on ptolemy.moml.MoMLSimpleApplication@64a273a4
----------------- Done invoking toplevel() on ptolemy.moml.MoMLSimpleApplication@64a273a4
reloadAllAccessors: .sortWithOpaquePorts

===========================================================================================
----------------- testing Fri May 10 04:19:25 UTC 2019 /home/travis/build/icyphy/ptII/ptolemy/domains/de/test/auto/transferInputsandOutputs.xml
----------------- Instantiating /home/travis/build/icyphy/ptII/ptolemy/domains/de/test/auto/transferInputsandOutputs.xml
10 ms. Memory: 546304K Free: 203870K (37%)
----------------- Invoking toplevel() on ptolemy.moml.MoMLSimpleApplication@39e30671
----------------- Done invoking toplevel() on ptolemy.moml.MoMLSimpleApplication@39e30671
reloadAllAccessors: .transferInputsandOutputs

===========================================================================================
----------------- testing Fri May 10 04:19:25 UTC 2019 /home/travis/build/icyphy/ptII/ptolemy/domains/de/test/auto/triggerType.xml
----------------- Instantiating /home/travis/build/icyphy/ptII/ptolemy/domains/de/test/auto/triggerType.xml
6 ms. Memory: 546304K Free: 194224K (36%)
----------------- Invoking toplevel() on ptolemy.moml.MoMLSimpleApplication@4030b4fb
----------------- Done invoking toplevel() on ptolemy.moml.MoMLSimpleApplication@4030b4fb
reloadAllAccessors: .triggerType
AutoTests.java: About to close Vertx.
AutoTests.java: Vertx closed.
]]></system-out>
  <system-err><![CDATA[java.lang.RuntimeException: Execution failed
	at ptolemy.moml.MoMLSimpleApplication$UnloadThread.run(MoMLSimpleApplication.java:402)
Caused by: ptolemy.kernel.util.IllegalActionException: Found a zero delay loop containing .dependencyLoop.original
  in .dependencyLoop and .dependencyLoop.original
	at ptolemy.actor.util.CausalityInterfaceForComposites._computeOutputPortDepth(CausalityInterfaceForComposites.java:759)
	at ptolemy.actor.util.CausalityInterfaceForComposites._computeInputDepth(CausalityInterfaceForComposites.java:696)
	at ptolemy.actor.util.CausalityInterfaceForComposites._computeOutputPortDepth(CausalityInterfaceForComposites.java:765)
	at ptolemy.actor.util.CausalityInterfaceForComposites._computeInputDepth(CausalityInterfaceForComposites.java:696)
	at ptolemy.actor.util.CausalityInterfaceForComposites._computeOutputPortDepth(CausalityInterfaceForComposites.java:765)
	at ptolemy.actor.util.CausalityInterfaceForComposites._computeInputDepth(CausalityInterfaceForComposites.java:696)
	at ptolemy.actor.util.CausalityInterfaceForComposites._computeActorDepth(CausalityInterfaceForComposites.java:532)
	at ptolemy.actor.util.CausalityInterfaceForComposites.checkForCycles(CausalityInterfaceForComposites.java:96)
	at ptolemy.domains.de.kernel.DEDirector.preinitialize(DEDirector.java:1338)
	at ptolemy.actor.CompositeActor.preinitialize(CompositeActor.java:1828)
	at ptolemy.actor.Manager.preinitializeAndResolveTypes(Manager.java:1040)
	at ptolemy.actor.Manager.initialize(Manager.java:710)
	at ptolemy.actor.Manager.execute(Manager.java:356)
	at ptolemy.actor.Manager.run(Manager.java:1263)
	at ptolemy.actor.Manager$PtolemyRunThread.run(Manager.java:1915)
java.lang.RuntimeException: Execution failed
	at ptolemy.moml.MoMLSimpleApplication$UnloadThread.run(MoMLSimpleApplication.java:402)
Caused by: ptolemy.kernel.util.IllegalActionException: Found a zero delay loop containing .dependencyLoop2.original
  in .dependencyLoop2 and .dependencyLoop2.original
	at ptolemy.actor.util.CausalityInterfaceForComposites._computeOutputPortDepth(CausalityInterfaceForComposites.java:759)
	at ptolemy.actor.util.CausalityInterfaceForComposites._computeInputDepth(CausalityInterfaceForComposites.java:696)
	at ptolemy.actor.util.CausalityInterfaceForComposites._computeOutputPortDepth(CausalityInterfaceForComposites.java:765)
	at ptolemy.actor.util.CausalityInterfaceForComposites._computeInputDepth(CausalityInterfaceForComposites.java:696)
	at ptolemy.actor.util.CausalityInterfaceForComposites._computeOutputPortDepth(CausalityInterfaceForComposites.java:765)
	at ptolemy.actor.util.CausalityInterfaceForComposites._computeInputDepth(CausalityInterfaceForComposites.java:696)
	at ptolemy.actor.util.CausalityInterfaceForComposites._computeActorDepth(CausalityInterfaceForComposites.java:532)
	at ptolemy.actor.util.CausalityInterfaceForComposites.checkForCycles(CausalityInterfaceForComposites.java:96)
	at ptolemy.domains.de.kernel.DEDirector.preinitialize(DEDirector.java:1338)
	at ptolemy.actor.CompositeActor.preinitialize(CompositeActor.java:1828)
	at ptolemy.actor.Manager.preinitializeAndResolveTypes(Manager.java:1040)
	at ptolemy.actor.Manager.initialize(Manager.java:710)
	at ptolemy.actor.Manager.execute(Manager.java:356)
	at ptolemy.actor.Manager.run(Manager.java:1263)
	at ptolemy.actor.Manager$PtolemyRunThread.run(Manager.java:1915)
java.lang.RuntimeException: Execution failed
	at ptolemy.moml.MoMLSimpleApplication$UnloadThread.run(MoMLSimpleApplication.java:402)
Caused by: ptolemy.kernel.util.IllegalActionException: Found a zero delay loop containing .dependencyLoop.original
  in .dependencyLoop and .dependencyLoop.original
	at ptolemy.actor.util.CausalityInterfaceForComposites._computeOutputPortDepth(CausalityInterfaceForComposites.java:759)
	at ptolemy.actor.util.CausalityInterfaceForComposites._computeInputDepth(CausalityInterfaceForComposites.java:696)
	at ptolemy.actor.util.CausalityInterfaceForComposites._computeOutputPortDepth(CausalityInterfaceForComposites.java:765)
	at ptolemy.actor.util.CausalityInterfaceForComposites._computeInputDepth(CausalityInterfaceForComposites.java:696)
	at ptolemy.actor.util.CausalityInterfaceForComposites._computeOutputPortDepth(CausalityInterfaceForComposites.java:765)
	at ptolemy.actor.util.CausalityInterfaceForComposites._computeInputDepth(CausalityInterfaceForComposites.java:696)
	at ptolemy.actor.util.CausalityInterfaceForComposites._computeActorDepth(CausalityInterfaceForComposites.java:532)
	at ptolemy.actor.util.CausalityInterfaceForComposites.checkForCycles(CausalityInterfaceForComposites.java:96)
	at ptolemy.domains.de.kernel.DEDirector.preinitialize(DEDirector.java:1338)
	at ptolemy.actor.CompositeActor.preinitialize(CompositeActor.java:1828)
	at ptolemy.actor.Manager.preinitializeAndResolveTypes(Manager.java:1040)
	at ptolemy.actor.Manager.initialize(Manager.java:710)
	at ptolemy.actor.Manager.execute(Manager.java:356)
	at ptolemy.actor.Manager.run(Manager.java:1263)
	at ptolemy.actor.Manager$PtolemyRunThread.run(Manager.java:1915)
java.lang.RuntimeException: Execution failed
	at ptolemy.moml.MoMLSimpleApplication$UnloadThread.run(MoMLSimpleApplication.java:402)
Caused by: ptolemy.kernel.util.IllegalActionException: Actor is not ready to fire.  Perhaps UpSample.prefire() returned false? Try debugging the actor by selecting "Listen to Actor".  Also, for SDF check moml for tokenConsumptionRate on input.
  in .DESDFClockTest.Play Bell.Copy1:SDF Director and .DESDFClockTest.Play Bell.UpSample
	at ptolemy.actor.sched.StaticSchedulingDirector.fire(StaticSchedulingDirector.java:227)
	at ptolemy.domains.sdf.kernel.SDFDirector.fire(SDFDirector.java:500)
	at ptolemy.actor.CompositeActor.fire(CompositeActor.java:455)
	at ptolemy.domains.de.kernel.DEDirector._fire(DEDirector.java:1949)
	at ptolemy.domains.de.kernel.DEDirector.fire(DEDirector.java:502)
	at ptolemy.actor.CompositeActor.fire(CompositeActor.java:455)
	at ptolemy.actor.Manager.iterate(Manager.java:851)
	at ptolemy.actor.Manager.execute(Manager.java:369)
	at ptolemy.actor.Manager.run(Manager.java:1263)
	at ptolemy.actor.Manager$PtolemyRunThread.run(Manager.java:1915)
java.lang.RuntimeException: Execution failed
	at ptolemy.moml.MoMLSimpleApplication$UnloadThread.run(MoMLSimpleApplication.java:402)
Caused by: ptolemy.kernel.util.IllegalActionException: Found a zero delay loop containing .dependencyLoop2.original
  in .dependencyLoop2 and .dependencyLoop2.original
	at ptolemy.actor.util.CausalityInterfaceForComposites._computeOutputPortDepth(CausalityInterfaceForComposites.java:759)
	at ptolemy.actor.util.CausalityInterfaceForComposites._computeInputDepth(CausalityInterfaceForComposites.java:696)
	at ptolemy.actor.util.CausalityInterfaceForComposites._computeOutputPortDepth(CausalityInterfaceForComposites.java:765)
	at ptolemy.actor.util.CausalityInterfaceForComposites._computeInputDepth(CausalityInterfaceForComposites.java:696)
	at ptolemy.actor.util.CausalityInterfaceForComposites._computeOutputPortDepth(CausalityInterfaceForComposites.java:765)
	at ptolemy.actor.util.CausalityInterfaceForComposites._computeInputDepth(CausalityInterfaceForComposites.java:696)
	at ptolemy.actor.util.CausalityInterfaceForComposites._computeActorDepth(CausalityInterfaceForComposites.java:532)
	at ptolemy.actor.util.CausalityInterfaceForComposites.checkForCycles(CausalityInterfaceForComposites.java:96)
	at ptolemy.domains.de.kernel.DEDirector.preinitialize(DEDirector.java:1338)
	at ptolemy.actor.CompositeActor.preinitialize(CompositeActor.java:1828)
	at ptolemy.actor.Manager.preinitializeAndResolveTypes(Manager.java:1040)
	at ptolemy.actor.Manager.initialize(Manager.java:710)
	at ptolemy.actor.Manager.execute(Manager.java:356)
	at ptolemy.actor.Manager.run(Manager.java:1263)
	at ptolemy.actor.Manager$PtolemyRunThread.run(Manager.java:1915)
java.lang.RuntimeException: Execution failed
	at ptolemy.moml.MoMLSimpleApplication$UnloadThread.run(MoMLSimpleApplication.java:402)
Caused by: ptolemy.kernel.util.IllegalActionException: Found a zero delay loop containing .HierarchicalModel.A
  in .HierarchicalModel and .HierarchicalModel.A
	at ptolemy.actor.util.CausalityInterfaceForComposites._computeOutputPortDepth(CausalityInterfaceForComposites.java:759)
	at ptolemy.actor.util.CausalityInterfaceForComposites._computeInputDepth(CausalityInterfaceForComposites.java:696)
	at ptolemy.actor.util.CausalityInterfaceForComposites._computeOutputPortDepth(CausalityInterfaceForComposites.java:765)
	at ptolemy.actor.util.CausalityInterfaceForComposites._computeInputDepth(CausalityInterfaceForComposites.java:696)
	at ptolemy.actor.util.CausalityInterfaceForComposites._computeOutputPortDepth(CausalityInterfaceForComposites.java:765)
	at ptolemy.actor.util.CausalityInterfaceForComposites._computeInputDepth(CausalityInterfaceForComposites.java:696)
	at ptolemy.actor.util.CausalityInterfaceForComposites._computeActorDepth(CausalityInterfaceForComposites.java:532)
	at ptolemy.actor.util.CausalityInterfaceForComposites.checkForCycles(CausalityInterfaceForComposites.java:96)
	at ptolemy.domains.de.kernel.DEDirector.preinitialize(DEDirector.java:1338)
	at ptolemy.actor.CompositeActor.preinitialize(CompositeActor.java:1828)
	at ptolemy.actor.Manager.preinitializeAndResolveTypes(Manager.java:1040)
	at ptolemy.actor.Manager.initialize(Manager.java:710)
	at ptolemy.actor.Manager.execute(Manager.java:356)
	at ptolemy.actor.Manager.run(Manager.java:1263)
	at ptolemy.actor.Manager$PtolemyRunThread.run(Manager.java:1915)
java.lang.RuntimeException: Execution failed
	at ptolemy.moml.MoMLSimpleApplication$UnloadThread.run(MoMLSimpleApplication.java:402)
Caused by: ptolemy.kernel.util.IllegalActionException: Test fails in iteration 1.
Value was: 1.0. Should have been: 2.0
  in .DirectFeedback.Test
	at ptolemy.actor.lib.Test.fire(Test.java:268)
	at ptolemy.domains.de.kernel.DEDirector._fire(DEDirector.java:1949)
	at ptolemy.domains.de.kernel.DEDirector.fire(DEDirector.java:502)
	at ptolemy.actor.CompositeActor.fire(CompositeActor.java:455)
	at ptolemy.actor.Manager.iterate(Manager.java:851)
	at ptolemy.actor.Manager.execute(Manager.java:369)
	at ptolemy.actor.Manager.run(Manager.java:1263)
	at ptolemy.actor.Manager$PtolemyRunThread.run(Manager.java:1915)
java.lang.RuntimeException: Execution failed
	at ptolemy.moml.MoMLSimpleApplication$UnloadThread.run(MoMLSimpleApplication.java:402)
Caused by: ptolemy.kernel.util.IllegalActionException: Actor is not ready to fire.  Perhaps UpSample.prefire() returned false? Try debugging the actor by selecting "Listen to Actor".  Also, for SDF check moml for tokenConsumptionRate on input.
  in .DESDFClockTest.Play Bell.Copy1:SDF Director and .DESDFClockTest.Play Bell.UpSample
	at ptolemy.actor.sched.StaticSchedulingDirector.fire(StaticSchedulingDirector.java:227)
	at ptolemy.domains.sdf.kernel.SDFDirector.fire(SDFDirector.java:500)
	at ptolemy.actor.CompositeActor.fire(CompositeActor.java:455)
	at ptolemy.domains.de.kernel.DEDirector._fire(DEDirector.java:1949)
	at ptolemy.domains.de.kernel.DEDirector.fire(DEDirector.java:502)
	at ptolemy.actor.CompositeActor.fire(CompositeActor.java:455)
	at ptolemy.actor.Manager.iterate(Manager.java:851)
	at ptolemy.actor.Manager.execute(Manager.java:369)
	at ptolemy.actor.Manager.run(Manager.java:1263)
	at ptolemy.actor.Manager$PtolemyRunThread.run(Manager.java:1915)
java.lang.reflect.InvocationTargetException
	at sun.reflect.NativeConstructorAccessorImpl.newInstance0(Native Method)
	at sun.reflect.NativeConstructorAccessorImpl.newInstance(NativeConstructorAccessorImpl.java:62)
	at sun.reflect.DelegatingConstructorAccessorImpl.newInstance(DelegatingConstructorAccessorImpl.java:45)
	at java.lang.reflect.Constructor.newInstance(Constructor.java:423)
	at ptolemy.util.test.junit.AutoKnownFailedTests.RunModel(AutoKnownFailedTests.java:105)
	at sun.reflect.NativeMethodAccessorImpl.invoke0(Native Method)
	at sun.reflect.NativeMethodAccessorImpl.invoke(NativeMethodAccessorImpl.java:62)
	at sun.reflect.DelegatingMethodAccessorImpl.invoke(DelegatingMethodAccessorImpl.java:43)
	at java.lang.reflect.Method.invoke(Method.java:498)
	at org.junit.runners.model.FrameworkMethod$1.runReflectiveCall(FrameworkMethod.java:44)
	at org.junit.internal.runners.model.ReflectiveCallable.run(ReflectiveCallable.java:15)
	at org.junit.runners.model.FrameworkMethod.invokeExplosively(FrameworkMethod.java:41)
	at junitparams.internal.InvokeParameterisedMethod.evaluate(InvokeParameterisedMethod.java:102)
	at org.junit.internal.runners.statements.FailOnTimeout$1.run(FailOnTimeout.java:28)
Caused by: ptolemy.kernel.util.IllegalActionException: Actor is not ready to fire.  Perhaps UpSample.prefire() returned false? Try debugging the actor by selecting "Listen to Actor".  Also, for SDF check moml for tokenConsumptionRate on input.
  in .DESDFClockTest.Play Bell.Copy1:SDF Director and .DESDFClockTest.Play Bell.UpSample
	at ptolemy.actor.sched.StaticSchedulingDirector.fire(StaticSchedulingDirector.java:227)
	at ptolemy.domains.sdf.kernel.SDFDirector.fire(SDFDirector.java:500)
	at ptolemy.actor.CompositeActor.fire(CompositeActor.java:455)
	at ptolemy.domains.de.kernel.DEDirector._fire(DEDirector.java:1949)
	at ptolemy.domains.de.kernel.DEDirector.fire(DEDirector.java:502)
	at ptolemy.actor.CompositeActor.fire(CompositeActor.java:455)
	at ptolemy.actor.Manager.iterate(Manager.java:851)
	at ptolemy.actor.Manager.execute(Manager.java:369)
	at ptolemy.actor.Manager.run(Manager.java:1263)
	at ptolemy.actor.Manager$PtolemyRunThread.run(Manager.java:1915)
java.lang.RuntimeException: Execution failed
	at ptolemy.moml.MoMLSimpleApplication$UnloadThread.run(MoMLSimpleApplication.java:402)
Caused by: ptolemy.kernel.util.IllegalActionException: Test fails in iteration 1.
Value was: 1.0. Should have been: 2.0
  in .DirectFeedback.Test
	at ptolemy.actor.lib.Test.fire(Test.java:268)
	at ptolemy.domains.de.kernel.DEDirector._fire(DEDirector.java:1949)
	at ptolemy.domains.de.kernel.DEDirector.fire(DEDirector.java:502)
	at ptolemy.actor.CompositeActor.fire(CompositeActor.java:455)
	at ptolemy.actor.Manager.iterate(Manager.java:851)
	at ptolemy.actor.Manager.execute(Manager.java:369)
	at ptolemy.actor.Manager.run(Manager.java:1263)
	at ptolemy.actor.Manager$PtolemyRunThread.run(Manager.java:1915)
java.lang.reflect.InvocationTargetException
	at sun.reflect.NativeConstructorAccessorImpl.newInstance0(Native Method)
	at sun.reflect.NativeConstructorAccessorImpl.newInstance(NativeConstructorAccessorImpl.java:62)
	at sun.reflect.DelegatingConstructorAccessorImpl.newInstance(DelegatingConstructorAccessorImpl.java:45)
	at java.lang.reflect.Constructor.newInstance(Constructor.java:423)
	at ptolemy.util.test.junit.AutoKnownFailedTests.RunModel(AutoKnownFailedTests.java:105)
	at sun.reflect.NativeMethodAccessorImpl.invoke0(Native Method)
	at sun.reflect.NativeMethodAccessorImpl.invoke(NativeMethodAccessorImpl.java:62)
	at sun.reflect.DelegatingMethodAccessorImpl.invoke(DelegatingMethodAccessorImpl.java:43)
	at java.lang.reflect.Method.invoke(Method.java:498)
	at org.junit.runners.model.FrameworkMethod$1.runReflectiveCall(FrameworkMethod.java:44)
	at org.junit.internal.runners.model.ReflectiveCallable.run(ReflectiveCallable.java:15)
	at org.junit.runners.model.FrameworkMethod.invokeExplosively(FrameworkMethod.java:41)
	at junitparams.internal.InvokeParameterisedMethod.evaluate(InvokeParameterisedMethod.java:102)
	at org.junit.internal.runners.statements.FailOnTimeout$1.run(FailOnTimeout.java:28)
Caused by: ptolemy.kernel.util.IllegalActionException: Test fails in iteration 1.
Value was: 1.0. Should have been: 2.0
  in .DirectFeedback.Test
	at ptolemy.actor.lib.Test.fire(Test.java:268)
	at ptolemy.domains.de.kernel.DEDirector._fire(DEDirector.java:1949)
	at ptolemy.domains.de.kernel.DEDirector.fire(DEDirector.java:502)
	at ptolemy.actor.CompositeActor.fire(CompositeActor.java:455)
	at ptolemy.actor.Manager.iterate(Manager.java:851)
	at ptolemy.actor.Manager.execute(Manager.java:369)
	at ptolemy.actor.Manager.run(Manager.java:1263)
	at ptolemy.actor.Manager$PtolemyRunThread.run(Manager.java:1915)
java.lang.RuntimeException: Execution failed
	at ptolemy.moml.MoMLSimpleApplication$UnloadThread.run(MoMLSimpleApplication.java:402)
Caused by: ptolemy.kernel.util.IllegalActionException: Found a zero delay loop containing .HierarchicalModel.A
  in .HierarchicalModel and .HierarchicalModel.A
	at ptolemy.actor.util.CausalityInterfaceForComposites._computeOutputPortDepth(CausalityInterfaceForComposites.java:759)
	at ptolemy.actor.util.CausalityInterfaceForComposites._computeInputDepth(CausalityInterfaceForComposites.java:696)
	at ptolemy.actor.util.CausalityInterfaceForComposites._computeOutputPortDepth(CausalityInterfaceForComposites.java:765)
	at ptolemy.actor.util.CausalityInterfaceForComposites._computeInputDepth(CausalityInterfaceForComposites.java:696)
	at ptolemy.actor.util.CausalityInterfaceForComposites._computeOutputPortDepth(CausalityInterfaceForComposites.java:765)
	at ptolemy.actor.util.CausalityInterfaceForComposites._computeInputDepth(CausalityInterfaceForComposites.java:696)
	at ptolemy.actor.util.CausalityInterfaceForComposites._computeActorDepth(CausalityInterfaceForComposites.java:532)
	at ptolemy.actor.util.CausalityInterfaceForComposites.checkForCycles(CausalityInterfaceForComposites.java:96)
	at ptolemy.domains.de.kernel.DEDirector.preinitialize(DEDirector.java:1338)
	at ptolemy.actor.CompositeActor.preinitialize(CompositeActor.java:1828)
	at ptolemy.actor.Manager.preinitializeAndResolveTypes(Manager.java:1040)
	at ptolemy.actor.Manager.initialize(Manager.java:710)
	at ptolemy.actor.Manager.execute(Manager.java:356)
	at ptolemy.actor.Manager.run(Manager.java:1263)
	at ptolemy.actor.Manager$PtolemyRunThread.run(Manager.java:1915)
java.lang.reflect.InvocationTargetException
	at sun.reflect.NativeConstructorAccessorImpl.newInstance0(Native Method)
	at sun.reflect.NativeConstructorAccessorImpl.newInstance(NativeConstructorAccessorImpl.java:62)
	at sun.reflect.DelegatingConstructorAccessorImpl.newInstance(DelegatingConstructorAccessorImpl.java:45)
	at java.lang.reflect.Constructor.newInstance(Constructor.java:423)
	at ptolemy.util.test.junit.AutoKnownFailedTests.RunModel(AutoKnownFailedTests.java:105)
	at sun.reflect.NativeMethodAccessorImpl.invoke0(Native Method)
	at sun.reflect.NativeMethodAccessorImpl.invoke(NativeMethodAccessorImpl.java:62)
	at sun.reflect.DelegatingMethodAccessorImpl.invoke(DelegatingMethodAccessorImpl.java:43)
	at java.lang.reflect.Method.invoke(Method.java:498)
	at org.junit.runners.model.FrameworkMethod$1.runReflectiveCall(FrameworkMethod.java:44)
	at org.junit.internal.runners.model.ReflectiveCallable.run(ReflectiveCallable.java:15)
	at org.junit.runners.model.FrameworkMethod.invokeExplosively(FrameworkMethod.java:41)
	at junitparams.internal.InvokeParameterisedMethod.evaluate(InvokeParameterisedMethod.java:102)
	at org.junit.internal.runners.statements.FailOnTimeout$1.run(FailOnTimeout.java:28)
Caused by: ptolemy.kernel.util.IllegalActionException: Found a zero delay loop containing .HierarchicalModel.A
  in .HierarchicalModel and .HierarchicalModel.A
	at ptolemy.actor.util.CausalityInterfaceForComposites._computeOutputPortDepth(CausalityInterfaceForComposites.java:759)
	at ptolemy.actor.util.CausalityInterfaceForComposites._computeInputDepth(CausalityInterfaceForComposites.java:696)
	at ptolemy.actor.util.CausalityInterfaceForComposites._computeOutputPortDepth(CausalityInterfaceForComposites.java:765)
	at ptolemy.actor.util.CausalityInterfaceForComposites._computeInputDepth(CausalityInterfaceForComposites.java:696)
	at ptolemy.actor.util.CausalityInterfaceForComposites._computeOutputPortDepth(CausalityInterfaceForComposites.java:765)
	at ptolemy.actor.util.CausalityInterfaceForComposites._computeInputDepth(CausalityInterfaceForComposites.java:696)
	at ptolemy.actor.util.CausalityInterfaceForComposites._computeActorDepth(CausalityInterfaceForComposites.java:532)
	at ptolemy.actor.util.CausalityInterfaceForComposites.checkForCycles(CausalityInterfaceForComposites.java:96)
	at ptolemy.domains.de.kernel.DEDirector.preinitialize(DEDirector.java:1338)
	at ptolemy.actor.CompositeActor.preinitialize(CompositeActor.java:1828)
	at ptolemy.actor.Manager.preinitializeAndResolveTypes(Manager.java:1040)
	at ptolemy.actor.Manager.initialize(Manager.java:710)
	at ptolemy.actor.Manager.execute(Manager.java:356)
	at ptolemy.actor.Manager.run(Manager.java:1263)
	at ptolemy.actor.Manager$PtolemyRunThread.run(Manager.java:1915)
java.lang.RuntimeException: Execution failed
	at ptolemy.moml.MoMLSimpleApplication$UnloadThread.run(MoMLSimpleApplication.java:402)
Caused by: ptolemy.kernel.util.IllegalActionException: Found a zero delay loop containing .dependencyLoop.original
  in .dependencyLoop and .dependencyLoop.original
	at ptolemy.actor.util.CausalityInterfaceForComposites._computeOutputPortDepth(CausalityInterfaceForComposites.java:759)
	at ptolemy.actor.util.CausalityInterfaceForComposites._computeInputDepth(CausalityInterfaceForComposites.java:696)
	at ptolemy.actor.util.CausalityInterfaceForComposites._computeOutputPortDepth(CausalityInterfaceForComposites.java:765)
	at ptolemy.actor.util.CausalityInterfaceForComposites._computeInputDepth(CausalityInterfaceForComposites.java:696)
	at ptolemy.actor.util.CausalityInterfaceForComposites._computeOutputPortDepth(CausalityInterfaceForComposites.java:765)
	at ptolemy.actor.util.CausalityInterfaceForComposites._computeInputDepth(CausalityInterfaceForComposites.java:696)
	at ptolemy.actor.util.CausalityInterfaceForComposites._computeActorDepth(CausalityInterfaceForComposites.java:532)
	at ptolemy.actor.util.CausalityInterfaceForComposites.checkForCycles(CausalityInterfaceForComposites.java:96)
	at ptolemy.domains.de.kernel.DEDirector.preinitialize(DEDirector.java:1338)
	at ptolemy.actor.CompositeActor.preinitialize(CompositeActor.java:1828)
	at ptolemy.actor.Manager.preinitializeAndResolveTypes(Manager.java:1040)
	at ptolemy.actor.Manager.initialize(Manager.java:710)
	at ptolemy.actor.Manager.execute(Manager.java:356)
	at ptolemy.actor.Manager.run(Manager.java:1263)
	at ptolemy.actor.Manager$PtolemyRunThread.run(Manager.java:1915)
java.lang.reflect.InvocationTargetException
	at sun.reflect.NativeConstructorAccessorImpl.newInstance0(Native Method)
	at sun.reflect.NativeConstructorAccessorImpl.newInstance(NativeConstructorAccessorImpl.java:62)
	at sun.reflect.DelegatingConstructorAccessorImpl.newInstance(DelegatingConstructorAccessorImpl.java:45)
	at java.lang.reflect.Constructor.newInstance(Constructor.java:423)
	at ptolemy.util.test.junit.AutoKnownFailedTests.RunModel(AutoKnownFailedTests.java:105)
	at sun.reflect.NativeMethodAccessorImpl.invoke0(Native Method)
	at sun.reflect.NativeMethodAccessorImpl.invoke(NativeMethodAccessorImpl.java:62)
	at sun.reflect.DelegatingMethodAccessorImpl.invoke(DelegatingMethodAccessorImpl.java:43)
	at java.lang.reflect.Method.invoke(Method.java:498)
	at org.junit.runners.model.FrameworkMethod$1.runReflectiveCall(FrameworkMethod.java:44)
	at org.junit.internal.runners.model.ReflectiveCallable.run(ReflectiveCallable.java:15)
	at org.junit.runners.model.FrameworkMethod.invokeExplosively(FrameworkMethod.java:41)
	at junitparams.internal.InvokeParameterisedMethod.evaluate(InvokeParameterisedMethod.java:102)
	at org.junit.internal.runners.statements.FailOnTimeout$1.run(FailOnTimeout.java:28)
Caused by: ptolemy.kernel.util.IllegalActionException: Found a zero delay loop containing .dependencyLoop.original
  in .dependencyLoop and .dependencyLoop.original
	at ptolemy.actor.util.CausalityInterfaceForComposites._computeOutputPortDepth(CausalityInterfaceForComposites.java:759)
	at ptolemy.actor.util.CausalityInterfaceForComposites._computeInputDepth(CausalityInterfaceForComposites.java:696)
	at ptolemy.actor.util.CausalityInterfaceForComposites._computeOutputPortDepth(CausalityInterfaceForComposites.java:765)
	at ptolemy.actor.util.CausalityInterfaceForComposites._computeInputDepth(CausalityInterfaceForComposites.java:696)
	at ptolemy.actor.util.CausalityInterfaceForComposites._computeOutputPortDepth(CausalityInterfaceForComposites.java:765)
	at ptolemy.actor.util.CausalityInterfaceForComposites._computeInputDepth(CausalityInterfaceForComposites.java:696)
	at ptolemy.actor.util.CausalityInterfaceForComposites._computeActorDepth(CausalityInterfaceForComposites.java:532)
	at ptolemy.actor.util.CausalityInterfaceForComposites.checkForCycles(CausalityInterfaceForComposites.java:96)
	at ptolemy.domains.de.kernel.DEDirector.preinitialize(DEDirector.java:1338)
	at ptolemy.actor.CompositeActor.preinitialize(CompositeActor.java:1828)
	at ptolemy.actor.Manager.preinitializeAndResolveTypes(Manager.java:1040)
	at ptolemy.actor.Manager.initialize(Manager.java:710)
	at ptolemy.actor.Manager.execute(Manager.java:356)
	at ptolemy.actor.Manager.run(Manager.java:1263)
	at ptolemy.actor.Manager$PtolemyRunThread.run(Manager.java:1915)
java.lang.RuntimeException: Execution failed
	at ptolemy.moml.MoMLSimpleApplication$UnloadThread.run(MoMLSimpleApplication.java:402)
Caused by: ptolemy.kernel.util.IllegalActionException: Found a zero delay loop containing .dependencyLoop2.original
  in .dependencyLoop2 and .dependencyLoop2.original
	at ptolemy.actor.util.CausalityInterfaceForComposites._computeOutputPortDepth(CausalityInterfaceForComposites.java:759)
	at ptolemy.actor.util.CausalityInterfaceForComposites._computeInputDepth(CausalityInterfaceForComposites.java:696)
	at ptolemy.actor.util.CausalityInterfaceForComposites._computeOutputPortDepth(CausalityInterfaceForComposites.java:765)
	at ptolemy.actor.util.CausalityInterfaceForComposites._computeInputDepth(CausalityInterfaceForComposites.java:696)
	at ptolemy.actor.util.CausalityInterfaceForComposites._computeOutputPortDepth(CausalityInterfaceForComposites.java:765)
	at ptolemy.actor.util.CausalityInterfaceForComposites._computeInputDepth(CausalityInterfaceForComposites.java:696)
	at ptolemy.actor.util.CausalityInterfaceForComposites._computeActorDepth(CausalityInterfaceForComposites.java:532)
	at ptolemy.actor.util.CausalityInterfaceForComposites.checkForCycles(CausalityInterfaceForComposites.java:96)
	at ptolemy.domains.de.kernel.DEDirector.preinitialize(DEDirector.java:1338)
	at ptolemy.actor.CompositeActor.preinitialize(CompositeActor.java:1828)
	at ptolemy.actor.Manager.preinitializeAndResolveTypes(Manager.java:1040)
	at ptolemy.actor.Manager.initialize(Manager.java:710)
	at ptolemy.actor.Manager.execute(Manager.java:356)
	at ptolemy.actor.Manager.run(Manager.java:1263)
	at ptolemy.actor.Manager$PtolemyRunThread.run(Manager.java:1915)
java.lang.reflect.InvocationTargetException
	at sun.reflect.NativeConstructorAccessorImpl.newInstance0(Native Method)
	at sun.reflect.NativeConstructorAccessorImpl.newInstance(NativeConstructorAccessorImpl.java:62)
	at sun.reflect.DelegatingConstructorAccessorImpl.newInstance(DelegatingConstructorAccessorImpl.java:45)
	at java.lang.reflect.Constructor.newInstance(Constructor.java:423)
	at ptolemy.util.test.junit.AutoKnownFailedTests.RunModel(AutoKnownFailedTests.java:105)
	at sun.reflect.NativeMethodAccessorImpl.invoke0(Native Method)
	at sun.reflect.NativeMethodAccessorImpl.invoke(NativeMethodAccessorImpl.java:62)
	at sun.reflect.DelegatingMethodAccessorImpl.invoke(DelegatingMethodAccessorImpl.java:43)
	at java.lang.reflect.Method.invoke(Method.java:498)
	at org.junit.runners.model.FrameworkMethod$1.runReflectiveCall(FrameworkMethod.java:44)
	at org.junit.internal.runners.model.ReflectiveCallable.run(ReflectiveCallable.java:15)
	at org.junit.runners.model.FrameworkMethod.invokeExplosively(FrameworkMethod.java:41)
	at junitparams.internal.InvokeParameterisedMethod.evaluate(InvokeParameterisedMethod.java:102)
	at org.junit.internal.runners.statements.FailOnTimeout$1.run(FailOnTimeout.java:28)
Caused by: ptolemy.kernel.util.IllegalActionException: Found a zero delay loop containing .dependencyLoop2.original
  in .dependencyLoop2 and .dependencyLoop2.original
	at ptolemy.actor.util.CausalityInterfaceForComposites._computeOutputPortDepth(CausalityInterfaceForComposites.java:759)
	at ptolemy.actor.util.CausalityInterfaceForComposites._computeInputDepth(CausalityInterfaceForComposites.java:696)
	at ptolemy.actor.util.CausalityInterfaceForComposites._computeOutputPortDepth(CausalityInterfaceForComposites.java:765)
	at ptolemy.actor.util.CausalityInterfaceForComposites._computeInputDepth(CausalityInterfaceForComposites.java:696)
	at ptolemy.actor.util.CausalityInterfaceForComposites._computeOutputPortDepth(CausalityInterfaceForComposites.java:765)
	at ptolemy.actor.util.CausalityInterfaceForComposites._computeInputDepth(CausalityInterfaceForComposites.java:696)
	at ptolemy.actor.util.CausalityInterfaceForComposites._computeActorDepth(CausalityInterfaceForComposites.java:532)
	at ptolemy.actor.util.CausalityInterfaceForComposites.checkForCycles(CausalityInterfaceForComposites.java:96)
	at ptolemy.domains.de.kernel.DEDirector.preinitialize(DEDirector.java:1338)
	at ptolemy.actor.CompositeActor.preinitialize(CompositeActor.java:1828)
	at ptolemy.actor.Manager.preinitializeAndResolveTypes(Manager.java:1040)
	at ptolemy.actor.Manager.initialize(Manager.java:710)
	at ptolemy.actor.Manager.execute(Manager.java:356)
	at ptolemy.actor.Manager.run(Manager.java:1263)
	at ptolemy.actor.Manager$PtolemyRunThread.run(Manager.java:1915)
]]></system-err>
</testsuite>
