<?xml version="1.0" encoding="UTF-8" ?>
<testsuite errors="0" failures="0" hostname="travis-job-85341410-a703-4065-ae3b-ea3d52c96726" name="ptolemy.domains.de.test.junit.JUnitTclTest" skipped="0" tests="101" time="120.702" timestamp="2020-04-21T14:01:46">
  <properties>
    <property name="npm.executable" value="npm" />
    <property name="env.TRAVIS_ROOT" value="/" />
    <property name="ptII.mk.exists" value="true" />
    <property name="env.TRAVIS_APP_HOST" value="build.travis-ci.org" />
    <property name="env.rvm_bin_path" value="/home/travis/.rvm/bin" />
    <property name="java.home" value="/usr/local/lib/jvm/openjdk11" />
    <property name="env.TRAVIS_JOB_NUMBER" value="1608.9" />
    <property name="env.TRAVIS_HOME" value="/home/travis" />
    <property name="env.DISPLAY" value=":99.0" />
    <property name="env.TRAVIS_INIT" value="systemd" />
    <property name="env.SSH_TTY" value="/dev/pts/0" />
    <property name="java.net.preferIPv4Stack" value="true" />
    <property name="env.RUN_TESTS" value="true" />
    <property name="timeout.short" value="1000000" />
    <property name="junit.formatter" value="xml" />
    <property name="env.TRAVIS_SUDO" value="true" />
    <property name="env.TRAVIS_JOB_NAME" value="" />
    <property name="env.TRAVIS_STACK_NODE_ATTRIBUTES" value="/.node-attributes.yml" />
    <property name="env.LOGNAME" value="travis" />
    <property name="jsdoc.home" value="node_modules/@terraswarm/jsdoc" />
    <property name="debuglevel" value="source,lines,vars" />
    <property name="checkstyle.formatter" value="xml" />
    <property name="env._system_version" value="16.04" />
    <property name="bin.vergil.makeable" value="true" />
    <property name="sun.os.patch.level" value="unknown" />
    <property name="java.vendor.url" value="http://java.oracle.com/" />
    <property name="env.TRAVIS_BUILD_WEB_URL" value="https://travis-ci.org/icyphy/ptII/builds/677706886" />
    <property name="java.version" value="11.0.2" />
    <property name="env.TZ" value="UTC" />
    <property name="env.TRAVIS_PULL_REQUEST_SHA" value="" />
    <property name="env.PT_NO_NET" value="true" />
    <property name="env.TRAVIS_SECURE_ENV_VARS" value="true" />
    <property name="env._system_type" value="Linux" />
    <property name="java.vendor.url.bug" value="http://bugreport.java.com/bugreport/" />
    <property name="npmjs-org-is-up" value="true" />
    <property name="env.LANGUAGE" value="en_US.UTF-8" />
    <property name="env.SSH_CLIENT" value="10.52.0.21 54642 22" />
    <property name="env.GEM_HOME" value="/home/travis/.rvm/gems/ruby-2.5.3" />
    <property name="env.HAS_ANTARES_THREE_LITTLE_FRONZIES_BADGE" value="true" />
    <property name="java.version.date" value="2019-01-15" />
    <property name="env.PS4" value="+" />
    <property name="ant.project.invoked-targets" value="build,test.core2.xml" />
    <property name="env.TRAVIS_PULL_REQUEST_BRANCH" value="" />
    <property name="env.TRAVIS_REPO_SLUG" value="icyphy/ptII" />
    <property name="env.XDG_DATA_DIRS" value="/usr/local/share:/usr/share:/var/lib/snapd/desktop" />
    <property name="jdk.debug" value="release" />
    <property name="env.TRAVIS_APT_PROXY" value="http://build-cache.travisci.net" />
    <property name="env.TRAVIS_CPU_ARCH" value="amd64" />
    <property name="node.in.path" value="true" />
    <property name="user.name" value="travis" />
    <property name="java.maxmemory" value="1400m" />
    <property name="env.RUBY_VERSION" value="ruby-2.5.3" />
    <property name="env.LANG" value="en_US.UTF-8" />
    <property name="sun.io.unicode.encoding" value="UnicodeLittle" />
    <property name="sun.jnu.encoding" value="UTF-8" />
    <property name="java.runtime.name" value="OpenJDK Runtime Environment" />
    <property name="usefile" value="false" />
    <property name="return.code" value="0" />
    <property name="junit.single.formatter" value="plain" />
    <property name="env.DYLD_LIBRARY_PATH" value="/home/travis/pthla/certi-tools/lib:" />
    <property name="env.DEBIAN_FRONTEND" value="noninteractive" />
    <property name="env.SSH_CONNECTION" value="10.52.0.21 54642 10.20.0.213 22" />
    <property name="env.MYSQL_UNIX_PORT" value="/var/run/mysqld/mysqld.sock" />
    <property name="env.LC_ALL" value="en_US.UTF-8" />
    <property name="env.TRAVIS_ALLOW_FAILURE" value="" />
    <property name="env.TRAVIS_JOB_WEB_URL" value="https://travis-ci.org/icyphy/ptII/jobs/677706897" />
    <property name="java.specification.name" value="Java Platform API Specification" />
    <property name="node.works" value="true" />
    <property name="user.timezone" value="" />
    <property name="path.separator" value=":" />
    <property name="env.TRAVIS_ENABLE_INFRA_DETECTION" value="true" />
    <property name="env.PYTHON_CFLAGS" value="-g -fstack-protector --param=ssp-buffer-size=4 -Wformat -Werror=format-security" />
    <property name="timeout.long" value="4000000" />
    <property name="env.CERTI_HOME" value="/home/travis/pthla/certi-tools" />
    <property name="ant.file.ptII" value="/home/travis/build/icyphy/ptII/build.xml" />
    <property name="javadoc.packagenames" value="com.*,diva.*,lbnl.*,org.hlacerti.*,org.json.*,org.ptolemy.*,org.terraswarm.*,ptolemy.*,ptserver.*" />
    <property name="file.encoding" value="UTF-8" />
    <property name="env.TRAVIS_PULL_REQUEST_SLUG" value="" />
    <property name="ant.project.default-target" value="build" />
    <property name="env.GIT_ASKPASS" value="echo" />
    <property name="env.HOME" value="/home/travis" />
    <property name="sun.java.command" value="org.apache.tools.ant.taskdefs.optional.junit.JUnitTestRunner ptolemy.domains.de.test.junit.JUnitTclTest skipNonTests=false filtertrace=true haltOnError=false haltOnFailure=false formatter=org.apache.tools.ant.taskdefs.optional.junit.OutErrSummaryJUnitResultFormatter showoutput=true outputtoformatters=true logfailedtests=true threadid=0 logtestlistenerevents=false formatter=org.apache.tools.ant.taskdefs.optional.junit.XMLJUnitResultFormatter,/home/travis/build/icyphy/ptII/reports/junit/TEST-ptolemy.domains.de.test.junit.JUnitTclTest.xml crashfile=/home/travis/build/icyphy/ptII/junitvmwatcher13734668555691464854.properties propsfile=/home/travis/build/icyphy/ptII/junit2050148919920168682.properties" />
    <property name="env.COMPOSER_NO_INTERACTION" value="1" />
    <property name="env.MANPATH" value="/home/travis/.nvm/versions/node/v7.10.1/share/man:/home/travis/.rvm/rubies/ruby-2.5.3/share/man:/usr/local/cmake-3.12.4/man:/usr/local/clang-7.0.0/share/man:/usr/local/man:/usr/local/share/man:/usr/share/man:/home/travis/.rvm/man" />
    <property name="env.TRAVIS_TIMER_ID" value="0051e73a" />
    <property name="ant.file" value="/home/travis/build/icyphy/ptII/build.xml" />
    <property name="env.TRAVIS_COMMIT_RANGE" value="3e950cfe0f3c004454147d0a7dfedd7f8d8e77cc...52bfcaaec950ad6b43d11ffdb9cd3f924b0c1f76" />
    <property name="env._system_name" value="Ubuntu" />
    <property name="ptII.classpath.optional.property" value="/home/travis/build/icyphy/ptII/lib/bsh-2.0b4.jar:/home/travis/build/icyphy/ptII/lib/ptCal.jar:/home/travis/build/icyphy/ptII/lib/java_cup.jar:/home/travis/build/icyphy/ptII/lib/saxon8.jar:/home/travis/build/icyphy/ptII/lib/saxon8-dom.jar:/home/travis/build/icyphy/ptII/lib/chic.jar:/home/travis/build/icyphy/ptII/lib/ptcolt.jar:/home/travis/build/icyphy/ptII/vendors/misc/itext/iText.jar:/home/travis/build/icyphy/ptII/lib/g4ltl.jar:/home/travis/build/icyphy/ptII/lib/StructuralCoder.jar:/home/travis/build/icyphy/ptII/lib/jcerti.jar:/home/travis/build/icyphy/ptII/lib/javax.mail.jar:/home/travis/build/icyphy/ptII/vendors/JMF-2.1.1e/lib/jmf.jar:/home/travis/build/icyphy/ptII/lib/jna-4.0.0-variadic.jar:/home/travis/build/icyphy/ptII/vendors/misc/joystick/Joystick.jar:/home/travis/build/icyphy/ptII/lib/ptjacl.jar:/home/travis/build/icyphy/ptII/lib/jsoup-1.8.2.jar:/home/travis/build/icyphy/ptII/lib/junit-4.8.2.jar:/home/travis/build/icyphy/ptII/lib/JUnitParams-0.4.0.jar:/home/travis/build/icyphy/ptII/ptolemy/actor/lib/excel/jxl.jar:/home/travis/build/icyphy/ptII/lib/jython.jar:/home/travis/build/icyphy/ptII/lib/kieler.jar:/home/travis/build/icyphy/ptII/vendors/opencv/share/OpenCV/java/opencv-341.jar:/home/travis/build/icyphy/ptII/lib/oscP5.jar:/home/travis/build/icyphy/ptII/lib/nrjavaserial-3.11.0.devel.jar:/home/travis/build/icyphy/ptII/vendors/j3d/lib/Linux/j3dcore.jar:/home/travis/build/icyphy/ptII/vendors/j3d/lib/Linux/j3dutils.jar:/home/travis/build/icyphy/ptII/vendors/j3d/lib/Linux/vecmath.jar:/home/travis/build/icyphy/ptII/vendors/jogl/lib/Linux/gluegen-rt-natives-linux-amd64.jar:/home/travis/build/icyphy/ptII/vendors/jogl/lib/Linux/gluegen-rt.jar:/home/travis/build/icyphy/ptII/vendors/jogl/lib/Linux/jogl-all-natives-linux-amd64.jar:/home/travis/build/icyphy/ptII/vendors/jogl/lib/Linux/jogl-all.jar:/home/travis/build/icyphy/ptII/ptolemy/distributed/jini/jar/jini-core.jar:/home/travis/build/icyphy/ptII/ptolemy/distributed/jini/jar/jini-ext.jar:/home/travis/build/icyphy/ptII/ptolemy/distributed/jini/jar/sun-util.jar:/home/travis/build/icyphy/ptII/lib/protobuf-java-2.4.1.jar:/home/travis/build/icyphy/ptII/lib/org.eclipse.paho.client.mqttv3.jar:/home/travis/build/icyphy/ptII/lib/mapss.jar:/home/travis/build/icyphy/ptII/ptolemy/actor/ptalon/antlr/antlr.jar:/home/travis/build/icyphy/ptII/lib/JRI.jar:/home/travis/build/icyphy/ptII/lib/commons-lang-2.6.jar:/home/travis/build/icyphy/ptII/lib/commons-logging-1.1.1.jar:/home/travis/build/icyphy/ptII/lib/sootclasses.jar:/home/travis/build/icyphy/ptII/ptolemy/actor/lib/database/mysql-connector-java-5.1.6-bin.jar:/home/travis/build/icyphy/ptII/vendors/misc/sphinx4/sphinx4-data-5prealpha.jar:/home/travis/build/icyphy/ptII/vendors/misc/sphinx4/sphinx4-core-5prealpha.jar:/home/travis/build/icyphy/ptII/lib/PDFRenderer.jar:/home/travis/build/icyphy/ptII/lib/svgSalamander.jar:/home/travis/build/icyphy/ptII/lib/rsyntaxtextarea-2.6.0-SNAPSHOT.jar:/home/travis/build/icyphy/ptII/lib/hazelcast-3.8.2.jar:/home/travis/build/icyphy/ptII/lib/jackson-annotations-2.9.0.jar:/home/travis/build/icyphy/ptII/lib/jackson-core-2.9.3.jar:/home/travis/build/icyphy/ptII/lib/jackson-databind-2.9.3.jar:/home/travis/build/icyphy/ptII/lib/netty-buffer-4.1.19.Final.jar:/home/travis/build/icyphy/ptII/lib/netty-codec-4.1.19.Final.jar:/home/travis/build/icyphy/ptII/lib/netty-codec-dns-4.1.19.Final.jar:/home/travis/build/icyphy/ptII/lib/netty-codec-http-4.1.19.Final.jar:/home/travis/build/icyphy/ptII/lib/netty-codec-http2-4.1.19.Final.jar:/home/travis/build/icyphy/ptII/lib/netty-common-4.1.19.Final.jar:/home/travis/build/icyphy/ptII/lib/netty-handler-4.1.19.Final.jar:/home/travis/build/icyphy/ptII/lib/netty-resolver-4.1.19.Final.jar:/home/travis/build/icyphy/ptII/lib/netty-resolver-dns-4.1.19.Final.jar:/home/travis/build/icyphy/ptII/lib/netty-transport-4.1.19.Final.jar:/home/travis/build/icyphy/ptII/lib/vertx-codegen-3.5.1.jar:/home/travis/build/icyphy/ptII/lib/vertx-core-3.5.2-SNAPSHOT.jar:/home/travis/build/icyphy/ptII/lib/vertx-hazelcast-3.5.1.jar:/home/travis/build/icyphy/ptII/lib/vertx-lang-js-3.5.1.jar:/home/travis/build/icyphy/ptII/lib/vertx-service-proxy-3.5.1.jar:/home/travis/build/icyphy/ptII/lib/vertx-web-3.5.1.jar:/home/travis/build/icyphy/ptII/lib/slf4j-api-1.7.13.jar:/home/travis/build/icyphy/ptII/lib/slf4j-simple-1.7.13.jar:/home/travis/build/icyphy/ptII/lib/webcam-capture-0.3.12.jar:/home/travis/build/icyphy/ptII/lib/bridj-0.7.0.jar:/home/travis/build/icyphy/ptII/lib/xbjlib-1.1.0.nrjavaserial.jar" />
    <property name="timeout" value="2400000" />
    <property name="test.batch" value="**/junit/*.java" />
    <property name="env._" value="/usr/bin/timeout" />
    <property name="java.io.tmpdir" value="/tmp" />
    <property name="user.language" value="en" />
    <property name="env.TRAVIS_INTERNAL_RUBY_REGEX" value="^ruby-(2\.[0-4]\.[0-9]|1\.9\.3)" />
    <property name="env.HISTCONTROL" value="ignoredups:ignorespace" />
    <property name="env.GOROOT" value="/home/travis/.gimme/versions/go1.11.1.linux.amd64" />
    <property name="line.separator" value="&#xa;" />
    <property name="target" value="11" />
    <property name="env.TRAVIS_BUILD_DIR" value="/home/travis/build/icyphy/ptII" />
    <property name="env.ANT_OPTS" value="-Xmx2048m" />
    <property name="ant.file.type" value="file" />
    <property name="ptolemy.ptII.batchMode" value="true" />
    <property name="env.HISTSIZE" value="1000" />
    <property name="env.MERB_ENV" value="test" />
    <property name="java.vm.info" value="mixed mode" />
    <property name="source" value="11" />
    <property name="java.vm.specification.name" value="Java Virtual Machine Specification" />
    <property name="env.TRAVIS_TEST_RESULT" value="0" />
    <property name="jsdoc.command" value="node_modules/@terraswarm/jsdoc/jsdoc.js" />
    <property name="npm.works" value="true" />
    <property name="cobertura.dir" value="/home/travis/build/icyphy/ptII/vendors/cobertura-2.0.3" />
    <property name="jsdoc.command.exists" value="true" />
    <property name="env.rvm_path" value="/home/travis/.rvm" />
    <property name="env.GEM_PATH" value="/home/travis/.rvm/gems/ruby-2.5.3:/home/travis/.rvm/gems/ruby-2.5.3@global" />
    <property name="env.LC_CTYPE" value="en_US.UTF-8" />
    <property name="env.TRAVIS_CMD" value="$PTII/bin/ptIITravisBuild.sh $SECONDS" />
    <property name="java.awt.printerjob" value="sun.print.PSPrinterJob" />
    <property name="env.TRAVIS_STACK_NAME" value="sardonyx" />
    <property name="env.TRAVIS_TIMER_START_TIME" value="1587477515651863487" />
    <property name="ant.version" value="Apache Ant(TM) version 1.10.1 compiled on February 2 2017" />
    <property name="ptII.reports" value="/home/travis/build/icyphy/ptII/reports" />
    <property name="env.TRAVIS_STACK_TIMESTAMP" value="2019-03-25 16:16:56 UTC" />
    <property name="ant.file.type.ptII" value="file" />
    <property name="env.RBENV_SHELL" value="bash" />
    <property name="os.name" value="Linux" />
    <property name="java.specification.vendor" value="Oracle Corporation" />
    <property name="env.rvm_version" value="1.29.7 (latest)" />
    <property name="env.TRAVIS_INFRA" value="unknown" />
    <property name="env.TERM" value="xterm" />
    <property name="java.vm.name" value="OpenJDK 64-Bit Server VM" />
    <property name="env.TRAVIS_BUILD_NUMBER" value="1608" />
    <property name="env.CI" value="true" />
    <property name="java.library.path" value="/home/travis/pthla/certi-tools/lib:/usr/lib/jni:/usr/local/share/OpenCV/java/:/usr/share/OpenCV/java::/usr/java/packages/lib:/usr/lib64:/lib64:/lib:/usr/lib" />
    <property name="jdk.module.path" value="/home/travis/build/icyphy/ptII/vendors/javafx/javafx-sdk-11.0.2/lib:" />
    <property name="env.rvm_prefix" value="/home/travis" />
    <property name="env.PATH" value="/home/travis/pthla/certi-tools/share/scripts:/home/travis/.rvm/gems/ruby-2.5.3/bin:/home/travis/.rvm/gems/ruby-2.5.3@global/bin:/home/travis/.rvm/rubies/ruby-2.5.3/bin:/home/travis/.rvm/bin:/home/travis/.nvm/versions/node/v7.10.1/bin:./node_modules/.bin:/home/travis/build/icyphy/ptII/bin:/home/travis/pthla/certi-tools/bin:/home/travis/bin:/home/travis/.local/bin:/usr/local/lib/jvm/openjdk11/bin:/opt/pyenv/shims:/home/travis/.phpenv/shims:/home/travis/perl5/perlbrew/bin:/home/travis/gopath/bin:/home/travis/.gimme/versions/go1.11.1.linux.amd64/bin:/usr/local/maven-3.6.0/bin:/usr/local/cmake-3.12.4/bin:/usr/local/clang-7.0.0/bin:/usr/local/sbin:/usr/local/bin:/usr/sbin:/usr/bin:/sbin:/bin:/snap/bin:/home/travis/.phpenv/bin:/opt/pyenv/bin:/home/travis/.yarn/bin" />
    <property name="env.TRAVIS_OS_NAME" value="linux" />
    <property name="ant.java.version" value="9" />
    <property name="basedir" value="/home/travis/build/icyphy/ptII" />
    <property name="java.class.version" value="55.0" />
    <property name="env.SHLVL" value="3" />
    <property name="env.LD_LIBRARY_PATH" value="/home/travis/pthla/certi-tools/lib:/usr/lib/jni:/usr/local/share/OpenCV/java/:/usr/share/OpenCV/java:" />
    <property name="env.RACK_ENV" value="test" />
    <property name="ant.home" value="/home/travis/build/icyphy/ptII/ant" />
    <property name="env.NVM_DIR" value="/home/travis/.nvm" />
    <property name="env.CERTI_FOM_PATH" value="/home/travis/pthla/certi-tools/share/federations" />
    <property name="env.TRAVIS_BUILD_ID" value="677706886" />
    <property name="env.PYENV_ROOT" value="/opt/pyenv" />
    <property name="env.TRAVIS_UID" value="2000" />
    <property name="prism.verbose" value="true" />
    <property name="env.NVM_BIN" value="/home/travis/.nvm/versions/node/v7.10.1/bin" />
    <property name="env.TRAVIS_COMMIT" value="52bfcaaec950ad6b43d11ffdb9cd3f924b0c1f76" />
    <property name="env._system_arch" value="x86_64" />
    <property name="node.executable" value="node" />
    <property name="sun.boot.library.path" value="/usr/local/lib/jvm/openjdk11/lib" />
    <property name="sun.management.compiler" value="HotSpot 64-Bit Tiered Compilers" />
    <property name="java.awt.graphicsenv" value="sun.awt.X11GraphicsEnvironment" />
    <property name="env.GOPATH" value="/home/travis/gopath" />
    <property name="ptolemy.ptII.dir" value="/home/travis/build/icyphy/ptII" />
    <property name="env.USER" value="travis" />
    <property name="env.HISTFILESIZE" value="2000" />
    <property name="env.NVM_INC" value="/home/travis/.nvm/versions/node/v7.10.1/include/node" />
    <property name="timeout.longest" value="19000000" />
    <property name="env.PERLBREW_SHELLRC_VERSION" value="0.86" />
    <property name="env.TRAVIS_STACK_FEATURES" value="basic couchdb disabled-ipv6 docker docker-compose elasticsearch firefox go-toolchain google-chrome jdk memcached mongodb mysql nodejs_interpreter perl_interpreter perlbrew phantomjs postgresql python_interpreter redis ruby_interpreter sqlite xserver" />
    <property name="env.TRAVIS_PULL_REQUEST" value="false" />
    <property name="env.PYENV_SHELL" value="bash" />
    <property name="ant.project.name" value="ptII" />
    <property name="env.ANSI_RESET" value="\033[0m" />
    <property name="java.vm.specification.version" value="11" />
    <property name="env.TRAVIS_DIST" value="xenial" />
    <property name="env.CERTI_VERSION" value="4.0.0" />
    <property name="env.CERTI_HOST" value="localhost" />
    <property name="awt.toolkit" value="sun.awt.X11.XToolkit" />
    <property name="env.MY_RUBY_HOME" value="/home/travis/.rvm/rubies/ruby-2.5.3" />
    <property name="sun.cpu.isalist" value="" />
    <property name="env.TRAVIS_TMPDIR" value="/tmp/tmp.ZwmtO6tGFT" />
    <property name="java.vm.compressedOopsMode" value="Zero based" />
    <property name="os.version" value="4.15.0-1028-gcp" />
    <property name="user.home" value="/home/travis" />
    <property name="java.vm.vendor" value="Oracle Corporation" />
    <property name="env.TRAVIS_TAG" value="nightly" />
    <property name="env.ANSI_YELLOW" value="\033[33;1m" />
    <property name="env.TRAVIS_FILTERED" value="redirect_io" />
    <property name="env.ANSI_GREEN" value="\033[32;1m" />
    <property name="env.JAVA_HOME" value="/usr/local/lib/jvm/openjdk11" />
    <property name="javadoc.excludepackagenames" value="adm.cvs2svn.*,build.*,config.*,doc.coding.templates.*,jni.test.jni.meaningOfLife.*,jni.test.jni.testDeux.*,jni.test.jni.testTrois.*,org.terraswarm.accessor.accessors.web.node_modules.*,org.terraswarm.accessor.accessors.web.hosts.cordova.demo.*,org.terraswarm.accessor.accessors.web.hosts.cordova.plugins.*,org.terraswarm.accessor.accessors-svn.*,pt-modules.*,ptolemy.apps.agilent.*,ptolemy.apps.anytimecontrol.*,ptolemy.apps.apes.*,ptolemy.apps.charon.*,ptolemy.apps.crazyboard.*,ptolemy.apps.eclipse.*,ptolemy.apps.etherealSting.*,ptolemy.apps.fullscreen.*,ptolemy.apps.giotto.*,ptolemy.apps.ia.*,ptolemy.apps.interfaces.*,ptolemy.apps.jmf.*,ptolemy.apps.kurt.*,ptolemy.apps.kvm.*,ptolemy.apps.lego.*,ptolemy.apps.lejos.*,ptolemy.apps.midp.*,ptolemy.apps.mobileCoding.*,ptolemy.apps.pendulum.*,ptolemy.apps.rijndael.*,ptolemy.apps.robot.*,ptolemy.apps.security.*,ptolemy.apps.sobel.*,ptolemy.apps.soot.*,ptolemy.apps.throttle.*,ptolemy.apps.tini.*,ptolemy.apps.transmission.*,ptolemy.apps.vergil.*,ptolemy.apps.waba.*,ptolemy.apps.websensor.*,ptolemy.apps.webstart.*,ptolemy.apps.xsl.*,ptolemy.apps.zaurus.*,ptolemy.codegen.c.actor.lib.oldJavaFiles.*,ptolemy.codegen.dsp.lib.*,ptolemy.codegen.kernel.newInterfaces.*,ptolemy.codegen.lib.*,ptolemy.copernicus.kernel.fragment.*,ptolemy.copernicus.shallow.cg.*,ptolemy.domains.giotto.demo.Hierarchy.Hierarchy.*,ptolemy.domains.giotto.demo.Multimode.Multimode.*,ptolemy.domains.giotto.demo.Simple.Simple.*,ptolemy.domains.gr.lib.experimental.*,ptolemy.domains.gro.*,ptolemy.domains.pdf.*,ptolemy.domains.ptinyos.demo.Surge.output.*,ptolemy.moml.test.NoPackageActor.java*,ptolemy.plot.adm.*,ptolemy.plot.servlet.*,reports.*,signed.*,src.*,target.*,vendors.*,ptolemy.copernicus.applet.*,ptolemy.media.viewer.*,ptolemy.actor.corba.*,doc.doclets.*,ptolemy.apps.eclipse.awt.*,ptolemy.backtrack.*,ptolemy.backtrack.ast.*,ptolemy.cg.adapter.generic.program.procedural.c.mbed*,ptolemy.homer.*,ptolemy.actor.lib.jai.*,org.ptolemy.scala.*,diva.util.java2d.svg.*,ptolemy.domains.ptinyos.*,ptolemy.actor.lib.fmi.fmipp.*,,org.terraswarm.accessor.accessors.web.node_modules.*,org.terraswarm.accessor.accessors-svn,ptolemy.apps.*,ptolemy.actor.ptalon.demo.ptinyos.SendAndReceiveCnt.output,ptolemy.actor.ptalon.demo.ptinyos.SenseToLeds.output,ptolemy.domains.ptinyos.demo.CntToLedsAndRfm.output,ptolemy.domains.ptinyos.demo.RfmToLeds.output,ptolemy.domains.ptinyos.demo.SendAndReceiveCnt.output,ptolemy.domains.ptinyos.demo.SenseToLeds.output,ptolemy.actor.lib.jjs.modules.udpSocket.*" />
    <property name="env.PTII" value="/home/travis/build/icyphy/ptII" />
    <property name="env.XDG_SESSION_ID" value="2" />
    <property name="keystore" value="ptKeystore" />
    <property name="env.TRAVIS_COMMIT_MESSAGE" value="Updating models using array data type." />
    <property name="junit.output.dir" value="/home/travis/build/icyphy/ptII/reports/junit" />
    <property name="npm.return.code" value="0" />
    <property name="user.dir" value="/home/travis/build/icyphy/ptII/ptolemy/domains/de/test" />
    <property name="env.TRAVIS_NODE_VERSION" value="7" />
    <property name="env.TRAVIS_EVENT_TYPE" value="cron" />
    <property name="env.MAIL" value="/var/mail/travis" />
    <property name="env.PERLBREW_ROOT" value="/home/travis/perl5/perlbrew" />
    <property name="env.PWD" value="/home/travis/build/icyphy/ptII" />
    <property name="timeout.npm" value="45000" />
    <property name="env.PT_TRAVIS_TEST_CORE2_XML" value="true" />
    <property name="env.TRAVIS_ARCH" value="amd64" />
    <property name="sun.cpu.endian" value="little" />
    <property name="env.PAGER" value="cat" />
    <property name="env.TRAVIS_BUILD_STAGE_NAME" value="test" />
    <property name="env.PERLBREW_HOME" value="/home/travis/.perlbrew" />
    <property name="java.vm.version" value="11.0.2+9" />
    <property name="env.RAILS_ENV" value="test" />
    <property name="java.class.path" value="/home/travis/build/icyphy/ptII:/home/travis/build/icyphy/ptII/lib/bsh-2.0b4.jar:/home/travis/build/icyphy/ptII/lib/ptCal.jar:/home/travis/build/icyphy/ptII/lib/java_cup.jar:/home/travis/build/icyphy/ptII/lib/saxon8.jar:/home/travis/build/icyphy/ptII/lib/saxon8-dom.jar:/home/travis/build/icyphy/ptII/lib/chic.jar:/home/travis/build/icyphy/ptII/lib/ptcolt.jar:/home/travis/build/icyphy/ptII/vendors/misc/itext/iText.jar:/home/travis/build/icyphy/ptII/lib/g4ltl.jar:/home/travis/build/icyphy/ptII/lib/StructuralCoder.jar:/home/travis/build/icyphy/ptII/lib/jcerti.jar:/home/travis/build/icyphy/ptII/lib/javax.mail.jar:/home/travis/build/icyphy/ptII/vendors/JMF-2.1.1e/lib/jmf.jar:/home/travis/build/icyphy/ptII/lib/jna-4.0.0-variadic.jar:/home/travis/build/icyphy/ptII/vendors/misc/joystick/Joystick.jar:/home/travis/build/icyphy/ptII/lib/ptjacl.jar:/home/travis/build/icyphy/ptII/lib/jsoup-1.8.2.jar:/home/travis/build/icyphy/ptII/lib/junit-4.8.2.jar:/home/travis/build/icyphy/ptII/lib/JUnitParams-0.4.0.jar:/home/travis/build/icyphy/ptII/ptolemy/actor/lib/excel/jxl.jar:/home/travis/build/icyphy/ptII/lib/jython.jar:/home/travis/build/icyphy/ptII/lib/kieler.jar:/home/travis/build/icyphy/ptII/vendors/opencv/share/OpenCV/java/opencv-341.jar:/home/travis/build/icyphy/ptII/lib/oscP5.jar:/home/travis/build/icyphy/ptII/lib/nrjavaserial-3.11.0.devel.jar:/home/travis/build/icyphy/ptII/vendors/j3d/lib/Linux/j3dcore.jar:/home/travis/build/icyphy/ptII/vendors/j3d/lib/Linux/j3dutils.jar:/home/travis/build/icyphy/ptII/vendors/j3d/lib/Linux/vecmath.jar:/home/travis/build/icyphy/ptII/vendors/jogl/lib/Linux/gluegen-rt-natives-linux-amd64.jar:/home/travis/build/icyphy/ptII/vendors/jogl/lib/Linux/gluegen-rt.jar:/home/travis/build/icyphy/ptII/vendors/jogl/lib/Linux/jogl-all-natives-linux-amd64.jar:/home/travis/build/icyphy/ptII/vendors/jogl/lib/Linux/jogl-all.jar:/home/travis/build/icyphy/ptII/ptolemy/distributed/jini/jar/jini-core.jar:/home/travis/build/icyphy/ptII/ptolemy/distributed/jini/jar/jini-ext.jar:/home/travis/build/icyphy/ptII/ptolemy/distributed/jini/jar/sun-util.jar:/home/travis/build/icyphy/ptII/lib/protobuf-java-2.4.1.jar:/home/travis/build/icyphy/ptII/lib/org.eclipse.paho.client.mqttv3.jar:/home/travis/build/icyphy/ptII/lib/mapss.jar:/home/travis/build/icyphy/ptII/ptolemy/actor/ptalon/antlr/antlr.jar:/home/travis/build/icyphy/ptII/lib/JRI.jar:/home/travis/build/icyphy/ptII/lib/commons-lang-2.6.jar:/home/travis/build/icyphy/ptII/lib/commons-logging-1.1.1.jar:/home/travis/build/icyphy/ptII/lib/sootclasses.jar:/home/travis/build/icyphy/ptII/ptolemy/actor/lib/database/mysql-connector-java-5.1.6-bin.jar:/home/travis/build/icyphy/ptII/vendors/misc/sphinx4/sphinx4-data-5prealpha.jar:/home/travis/build/icyphy/ptII/vendors/misc/sphinx4/sphinx4-core-5prealpha.jar:/home/travis/build/icyphy/ptII/lib/PDFRenderer.jar:/home/travis/build/icyphy/ptII/lib/svgSalamander.jar:/home/travis/build/icyphy/ptII/lib/rsyntaxtextarea-2.6.0-SNAPSHOT.jar:/home/travis/build/icyphy/ptII/lib/hazelcast-3.8.2.jar:/home/travis/build/icyphy/ptII/lib/jackson-annotations-2.9.0.jar:/home/travis/build/icyphy/ptII/lib/jackson-core-2.9.3.jar:/home/travis/build/icyphy/ptII/lib/jackson-databind-2.9.3.jar:/home/travis/build/icyphy/ptII/lib/netty-buffer-4.1.19.Final.jar:/home/travis/build/icyphy/ptII/lib/netty-codec-4.1.19.Final.jar:/home/travis/build/icyphy/ptII/lib/netty-codec-dns-4.1.19.Final.jar:/home/travis/build/icyphy/ptII/lib/netty-codec-http-4.1.19.Final.jar:/home/travis/build/icyphy/ptII/lib/netty-codec-http2-4.1.19.Final.jar:/home/travis/build/icyphy/ptII/lib/netty-common-4.1.19.Final.jar:/home/travis/build/icyphy/ptII/lib/netty-handler-4.1.19.Final.jar:/home/travis/build/icyphy/ptII/lib/netty-resolver-4.1.19.Final.jar:/home/travis/build/icyphy/ptII/lib/netty-resolver-dns-4.1.19.Final.jar:/home/travis/build/icyphy/ptII/lib/netty-transport-4.1.19.Final.jar:/home/travis/build/icyphy/ptII/lib/vertx-codegen-3.5.1.jar:/home/travis/build/icyphy/ptII/lib/vertx-core-3.5.2-SNAPSHOT.jar:/home/travis/build/icyphy/ptII/lib/vertx-hazelcast-3.5.1.jar:/home/travis/build/icyphy/ptII/lib/vertx-lang-js-3.5.1.jar:/home/travis/build/icyphy/ptII/lib/vertx-service-proxy-3.5.1.jar:/home/travis/build/icyphy/ptII/lib/vertx-web-3.5.1.jar:/home/travis/build/icyphy/ptII/lib/slf4j-api-1.7.13.jar:/home/travis/build/icyphy/ptII/lib/slf4j-simple-1.7.13.jar:/home/travis/build/icyphy/ptII/lib/webcam-capture-0.3.12.jar:/home/travis/build/icyphy/ptII/lib/bridj-0.7.0.jar:/home/travis/build/icyphy/ptII/lib/xbjlib-1.1.0.nrjavaserial.jar:/home/travis/build/icyphy/ptII/ptolemy/moml/test:/home/travis/build/icyphy/ptII/ant/lib/ant-launcher.jar:/home/travis/build/icyphy/ptII/ant/lib/ant.jar:/home/travis/build/icyphy/ptII/ant/lib/ant-junit.jar:/home/travis/build/icyphy/ptII/ant/lib/ant-junit4.jar" />
    <property name="ant.library.dir" value="/home/travis/build/icyphy/ptII/ant/lib" />
    <property name="os.arch" value="amd64" />
    <property name="env.CONTINUOUS_INTEGRATION" value="true" />
    <property name="env.TRAVIS_LANGUAGE" value="node_js" />
    <property name="env.TRAVIS_STACK_LANGUAGES" value="__sardonyx__ c c++ clojure cplusplus cpp default generic go groovy java node_js php pure_java python ruby scala" />
    <property name="test.name" value="ptolemy.actor.lib.test.junit.JUnitTclTest" />
    <property name="env.APT_KEY_DONT_WARN_ON_DANGEROUS_USAGE" value="1" />
    <property name="sun.java.launcher" value="SUN_STANDARD" />
    <property name="env.PYTHON_CONFIGURE_OPTS" value="--enable-unicode=ucs4 --with-wide-unicode --enable-shared --enable-ipv6 --enable-loadable-sqlite-extensions --with-computed-gotos" />
    <property name="ant.core.lib" value="/home/travis/build/icyphy/ptII/ant/lib/ant.jar" />
    <property name="java.vm.specification.vendor" value="Oracle Corporation" />
    <property name="env.BCVTB_HOME" value="/home/travis/build/icyphy/ptII/lbnl" />
    <property name="file.separator" value="/" />
    <property name="spotbugs.home" value="/home/travis/build/icyphy/ptII/vendors/spotbugs-3.1.1" />
    <property name="java.runtime.version" value="11.0.2+9" />
    <property name="env.ANSI_CLEAR" value="\033[0K" />
    <property name="javafx.verbose" value="true" />
    <property name="env.HAS_JOSH_K_SEAL_OF_APPROVAL" value="true" />
    <property name="env.XDG_RUNTIME_DIR" value="/run/user/2000" />
    <property name="env.TRAVIS_OSX_IMAGE" value="" />
    <property name="env.TRAVIS_JOB_ID" value="677706897" />
    <property name="env.TRAVIS_BRANCH" value="master" />
    <property name="user.country" value="US" />
    <property name="env.CERTI_HOME_TRAVIS" value="/home/travis/pthla/certi-tools" />
    <property name="env.SHELL" value="/bin/bash" />
    <property name="java.maxmemory.large" value="3200m" />
    <property name="model" value="" />
    <property name="env.CASHER_DIR" value="/home/travis/.casher" />
    <property name="env.NVM_CD_FLAGS" value="" />
    <property name="java.vendor.version" value="18.9" />
    <property name="jshint.executable" value="/home/travis/node_modules/jshint/bin/jshint" />
    <property name="env.JRUBY_OPTS" value=" --client -J-XX:+TieredCompilation -J-XX:TieredStopAtLevel=1 -J-Xss2m -Xcompile.invokedynamic=false" />
    <property name="java.vendor" value="Oracle Corporation" />
    <property name="env.TRAVIS_PRE_CHEF_BOOTSTRAP_TIME" value="2019-03-25T16:16:42" />
    <property name="env.TRAVIS_STACK_JOB_BOARD_REGISTER" value="/.job-board-register.yml" />
    <property name="env.ANSI_RED" value="\033[31;1m" />
    <property name="java.specification.version" value="11" />
    <property name="env.IRBRC" value="/home/travis/.rvm/rubies/ruby-2.5.3/.irbrc" />
    <property name="env.TRAVIS" value="true" />
    <property name="sun.arch.data.model" value="64" />
  </properties>
  <testcase classname="ptolemy.util.test.junit.TclTests" name="[0] /home/travis/build/icyphy/ptII/ptolemy/domains/de/test/DependencyLoop.tcl (RunTclFile)" time="0.97" />
  <testcase classname="ptolemy.util.test.junit.TclTests" name="[1] /home/travis/build/icyphy/ptII/ptolemy/domains/de/test/RunDETestsAsQSS.tcl (RunTclFile)" time="80.872" />
  <testcase classname="ptolemy.util.test.junit.AutoKnownFailedTests" name="[0] /home/travis/build/icyphy/ptII/ptolemy/domains/de/test/auto/knownFailedTests/DESDFClockTest.xml (RunModel)" time="2.043" />
  <testcase classname="ptolemy.util.test.junit.AutoKnownFailedTests" name="[1] /home/travis/build/icyphy/ptII/ptolemy/domains/de/test/auto/knownFailedTests/DirectFeedback.xml (RunModel)" time="0.014" />
  <testcase classname="ptolemy.util.test.junit.AutoKnownFailedTests" name="[2] /home/travis/build/icyphy/ptII/ptolemy/domains/de/test/auto/knownFailedTests/FSMSource.xml (RunModel)" time="0.03" />
  <testcase classname="ptolemy.util.test.junit.AutoKnownFailedTests" name="[3] /home/travis/build/icyphy/ptII/ptolemy/domains/de/test/auto/knownFailedTests/HierarchicalModel.xml (RunModel)" time="0.046" />
  <testcase classname="ptolemy.util.test.junit.AutoKnownFailedTests" name="[4] /home/travis/build/icyphy/ptII/ptolemy/domains/de/test/auto/knownFailedTests/dependencyLoop.xml (RunModel)" time="0.042" />
  <testcase classname="ptolemy.util.test.junit.AutoKnownFailedTests" name="[5] /home/travis/build/icyphy/ptII/ptolemy/domains/de/test/auto/knownFailedTests/dependencyLoop2.xml (RunModel)" time="0.034" />
  <testcase classname="ptolemy.util.test.junit.AutoNameArchTests" name="[0] ThereAreNoAutoArchTests (RunModel)" time="0.004" />
  <testcase classname="ptolemy.util.test.junit.AutoTests" name="[0] /home/travis/build/icyphy/ptII/ptolemy/domains/de/test/auto/ActorDepthCalculation_actorWithoutPorts.xml (RunModel)" time="0.016" />
  <testcase classname="ptolemy.util.test.junit.AutoTests" name="[1] /home/travis/build/icyphy/ptII/ptolemy/domains/de/test/auto/AssemblyLine.xml (RunModel)" time="0.024" />
  <testcase classname="ptolemy.util.test.junit.AutoTests" name="[2] /home/travis/build/icyphy/ptII/ptolemy/domains/de/test/auto/CQBug1.xml (RunModel)" time="0.01" />
  <testcase classname="ptolemy.util.test.junit.AutoTests" name="[3] /home/travis/build/icyphy/ptII/ptolemy/domains/de/test/auto/CancelFireAt.xml (RunModel)" time="0.023" />
  <testcase classname="ptolemy.util.test.junit.AutoTests" name="[4] /home/travis/build/icyphy/ptII/ptolemy/domains/de/test/auto/CausalityAndComposabilityAnalysis.xml (RunModel)" time="0.019" />
  <testcase classname="ptolemy.util.test.junit.AutoTests" name="[5] /home/travis/build/icyphy/ptII/ptolemy/domains/de/test/auto/CausalityInterface1.xml (RunModel)" time="0.014" />
  <testcase classname="ptolemy.util.test.junit.AutoTests" name="[6] /home/travis/build/icyphy/ptII/ptolemy/domains/de/test/auto/CausalityInterface15.xml (RunModel)" time="0.015" />
  <testcase classname="ptolemy.util.test.junit.AutoTests" name="[7] /home/travis/build/icyphy/ptII/ptolemy/domains/de/test/auto/CausalityInterface2.xml (RunModel)" time="0.013" />
  <testcase classname="ptolemy.util.test.junit.AutoTests" name="[8] /home/travis/build/icyphy/ptII/ptolemy/domains/de/test/auto/CausalityInterface3.xml (RunModel)" time="0.011" />
  <testcase classname="ptolemy.util.test.junit.AutoTests" name="[9] /home/travis/build/icyphy/ptII/ptolemy/domains/de/test/auto/ClockDrift.xml (RunModel)" time="0.038" />
  <testcase classname="ptolemy.util.test.junit.AutoTests" name="[10] /home/travis/build/icyphy/ptII/ptolemy/domains/de/test/auto/ClockDriftAndValueChange.xml (RunModel)" time="0.03" />
  <testcase classname="ptolemy.util.test.junit.AutoTests" name="[11] /home/travis/build/icyphy/ptII/ptolemy/domains/de/test/auto/ClockDriftChange.xml (RunModel)" time="0.035" />
  <testcase classname="ptolemy.util.test.junit.AutoTests" name="[12] /home/travis/build/icyphy/ptII/ptolemy/domains/de/test/auto/ComposableCausalityAnalysis.xml (RunModel)" time="0.015" />
  <testcase classname="ptolemy.util.test.junit.AutoTests" name="[13] /home/travis/build/icyphy/ptII/ptolemy/domains/de/test/auto/DEFixedPointLimitation.xml (RunModel)" time="0.009" />
  <testcase classname="ptolemy.util.test.junit.AutoTests" name="[14] /home/travis/build/icyphy/ptII/ptolemy/domains/de/test/auto/DEScheduleTest.xml (RunModel)" time="0.015" />
  <testcase classname="ptolemy.util.test.junit.AutoTests" name="[15] /home/travis/build/icyphy/ptII/ptolemy/domains/de/test/auto/DEinDEwithStartTimes.xml (RunModel)" time="0.014" />
  <testcase classname="ptolemy.util.test.junit.AutoTests" name="[16] /home/travis/build/icyphy/ptII/ptolemy/domains/de/test/auto/DEinDEwithStartTimes2.xml (RunModel)" time="0.021" />
  <testcase classname="ptolemy.util.test.junit.AutoTests" name="[17] /home/travis/build/icyphy/ptII/ptolemy/domains/de/test/auto/DateDemo.xml (RunModel)" time="0.043" />
  <testcase classname="ptolemy.util.test.junit.AutoTests" name="[18] /home/travis/build/icyphy/ptII/ptolemy/domains/de/test/auto/DateToEvent.xml (RunModel)" time="2.042" />
  <testcase classname="ptolemy.util.test.junit.AutoTests" name="[19] /home/travis/build/icyphy/ptII/ptolemy/domains/de/test/auto/DepthTest1.xml (RunModel)" time="0.025" />
  <testcase classname="ptolemy.util.test.junit.AutoTests" name="[20] /home/travis/build/icyphy/ptII/ptolemy/domains/de/test/auto/DepthTest2.xml (RunModel)" time="0.02" />
  <testcase classname="ptolemy.util.test.junit.AutoTests" name="[21] /home/travis/build/icyphy/ptII/ptolemy/domains/de/test/auto/DepthTest3.xml (RunModel)" time="0.009" />
  <testcase classname="ptolemy.util.test.junit.AutoTests" name="[22] /home/travis/build/icyphy/ptII/ptolemy/domains/de/test/auto/DepthTest4.xml (RunModel)" time="0.016" />
  <testcase classname="ptolemy.util.test.junit.AutoTests" name="[23] /home/travis/build/icyphy/ptII/ptolemy/domains/de/test/auto/DepthTest5.xml (RunModel)" time="0.011" />
  <testcase classname="ptolemy.util.test.junit.AutoTests" name="[24] /home/travis/build/icyphy/ptII/ptolemy/domains/de/test/auto/DepthTest6.xml (RunModel)" time="0.015" />
  <testcase classname="ptolemy.util.test.junit.AutoTests" name="[25] /home/travis/build/icyphy/ptII/ptolemy/domains/de/test/auto/DepthTest7.xml (RunModel)" time="0.01" />
  <testcase classname="ptolemy.util.test.junit.AutoTests" name="[26] /home/travis/build/icyphy/ptII/ptolemy/domains/de/test/auto/EventToDate.xml (RunModel)" time="3.029" />
  <testcase classname="ptolemy.util.test.junit.AutoTests" name="[27] /home/travis/build/icyphy/ptII/ptolemy/domains/de/test/auto/FSM1.xml (RunModel)" time="0.03" />
  <testcase classname="ptolemy.util.test.junit.AutoTests" name="[28] /home/travis/build/icyphy/ptII/ptolemy/domains/de/test/auto/FSM7.xml (RunModel)" time="0.035" />
  <testcase classname="ptolemy.util.test.junit.AutoTests" name="[29] /home/travis/build/icyphy/ptII/ptolemy/domains/de/test/auto/Inspection.xml (RunModel)" time="0.039" />
  <testcase classname="ptolemy.util.test.junit.AutoTests" name="[30] /home/travis/build/icyphy/ptII/ptolemy/domains/de/test/auto/Iteration.xml (RunModel)" time="0.02" />
  <testcase classname="ptolemy.util.test.junit.AutoTests" name="[31] /home/travis/build/icyphy/ptII/ptolemy/domains/de/test/auto/LineFault.xml (RunModel)" time="0.545" />
  <testcase classname="ptolemy.util.test.junit.AutoTests" name="[32] /home/travis/build/icyphy/ptII/ptolemy/domains/de/test/auto/MergeModel1Add.xml (RunModel)" time="0.048" />
  <testcase classname="ptolemy.util.test.junit.AutoTests" name="[33] /home/travis/build/icyphy/ptII/ptolemy/domains/de/test/auto/MergeModel2Add.xml (RunModel)" time="0.035" />
  <testcase classname="ptolemy.util.test.junit.AutoTests" name="[34] /home/travis/build/icyphy/ptII/ptolemy/domains/de/test/auto/MergeModel3Add.xml (RunModel)" time="0.045" />
  <testcase classname="ptolemy.util.test.junit.AutoTests" name="[35] /home/travis/build/icyphy/ptII/ptolemy/domains/de/test/auto/MergeWithoutDiscard.xml (RunModel)" time="0.012" />
  <testcase classname="ptolemy.util.test.junit.AutoTests" name="[36] /home/travis/build/icyphy/ptII/ptolemy/domains/de/test/auto/Modal1.xml (RunModel)" time="0.029" />
  <testcase classname="ptolemy.util.test.junit.AutoTests" name="[37] /home/travis/build/icyphy/ptII/ptolemy/domains/de/test/auto/Modal2.xml (RunModel)" time="0.026" />
  <testcase classname="ptolemy.util.test.junit.AutoTests" name="[38] /home/travis/build/icyphy/ptII/ptolemy/domains/de/test/auto/Modal3.xml (RunModel)" time="0.027" />
  <testcase classname="ptolemy.util.test.junit.AutoTests" name="[39] /home/travis/build/icyphy/ptII/ptolemy/domains/de/test/auto/Modal4.xml (RunModel)" time="0.027" />
  <testcase classname="ptolemy.util.test.junit.AutoTests" name="[40] /home/travis/build/icyphy/ptII/ptolemy/domains/de/test/auto/Modal5.xml (RunModel)" time="0.026" />
  <testcase classname="ptolemy.util.test.junit.AutoTests" name="[41] /home/travis/build/icyphy/ptII/ptolemy/domains/de/test/auto/Modal6.xml (RunModel)" time="0.024" />
  <testcase classname="ptolemy.util.test.junit.AutoTests" name="[42] /home/travis/build/icyphy/ptII/ptolemy/domains/de/test/auto/Modal7.xml (RunModel)" time="0.037" />
  <testcase classname="ptolemy.util.test.junit.AutoTests" name="[43] /home/travis/build/icyphy/ptII/ptolemy/domains/de/test/auto/ModalModel.xml (RunModel)" time="0.171" />
  <testcase classname="ptolemy.util.test.junit.AutoTests" name="[44] /home/travis/build/icyphy/ptII/ptolemy/domains/de/test/auto/ModalSource.xml (RunModel)" time="0.018" />
  <testcase classname="ptolemy.util.test.junit.AutoTests" name="[45] /home/travis/build/icyphy/ptII/ptolemy/domains/de/test/auto/NonInterruptibleTimerZeroDelay.xml (RunModel)" time="0.008" />
  <testcase classname="ptolemy.util.test.junit.AutoTests" name="[46] /home/travis/build/icyphy/ptII/ptolemy/domains/de/test/auto/OpenQueueingNetwork.xml (RunModel)" time="2.298" />
  <testcase classname="ptolemy.util.test.junit.AutoTests" name="[47] /home/travis/build/icyphy/ptII/ptolemy/domains/de/test/auto/OpenQueuingNetwork.xml (RunModel)" time="0.287" />
  <testcase classname="ptolemy.util.test.junit.AutoTests" name="[48] /home/travis/build/icyphy/ptII/ptolemy/domains/de/test/auto/PeriodicSampler.xml (RunModel)" time="0.014" />
  <testcase classname="ptolemy.util.test.junit.AutoTests" name="[49] /home/travis/build/icyphy/ptII/ptolemy/domains/de/test/auto/PersistentIO.xml (RunModel)" time="0.022" />
  <testcase classname="ptolemy.util.test.junit.AutoTests" name="[50] /home/travis/build/icyphy/ptII/ptolemy/domains/de/test/auto/PortParameterResetOnInitialize.xml (RunModel)" time="0.008" />
  <testcase classname="ptolemy.util.test.junit.AutoTests" name="[51] /home/travis/build/icyphy/ptII/ptolemy/domains/de/test/auto/PortParameterUpdates.xml (RunModel)" time="0.014" />
  <testcase classname="ptolemy.util.test.junit.AutoTests" name="[52] /home/travis/build/icyphy/ptII/ptolemy/domains/de/test/auto/QueueAndServer.xml (RunModel)" time="0.018" />
  <testcase classname="ptolemy.util.test.junit.AutoTests" name="[53] /home/travis/build/icyphy/ptII/ptolemy/domains/de/test/auto/Records.xml (RunModel)" time="0.013" />
  <testcase classname="ptolemy.util.test.junit.AutoTests" name="[54] /home/travis/build/icyphy/ptII/ptolemy/domains/de/test/auto/ResetTransitionWithStartTime1.xml (RunModel)" time="0.014" />
  <testcase classname="ptolemy.util.test.junit.AutoTests" name="[55] /home/travis/build/icyphy/ptII/ptolemy/domains/de/test/auto/ResetTransitionWithStartTime2.xml (RunModel)" time="0.016" />
  <testcase classname="ptolemy.util.test.junit.AutoTests" name="[56] /home/travis/build/icyphy/ptII/ptolemy/domains/de/test/auto/ResetTransitionWithStartTime3.xml (RunModel)" time="0.016" />
  <testcase classname="ptolemy.util.test.junit.AutoTests" name="[57] /home/travis/build/icyphy/ptII/ptolemy/domains/de/test/auto/ResetTransitionWithStartTime4.xml (RunModel)" time="0.018" />
  <testcase classname="ptolemy.util.test.junit.AutoTests" name="[58] /home/travis/build/icyphy/ptII/ptolemy/domains/de/test/auto/ResettableTimer1.xml (RunModel)" time="0.008" />
  <testcase classname="ptolemy.util.test.junit.AutoTests" name="[59] /home/travis/build/icyphy/ptII/ptolemy/domains/de/test/auto/ResettableTimer2.xml (RunModel)" time="0.007" />
  <testcase classname="ptolemy.util.test.junit.AutoTests" name="[60] /home/travis/build/icyphy/ptII/ptolemy/domains/de/test/auto/ResettableTimer3.xml (RunModel)" time="0.007" />
  <testcase classname="ptolemy.util.test.junit.AutoTests" name="[61] /home/travis/build/icyphy/ptII/ptolemy/domains/de/test/auto/ResettableTimer4.xml (RunModel)" time="0.007" />
  <testcase classname="ptolemy.util.test.junit.AutoTests" name="[62] /home/travis/build/icyphy/ptII/ptolemy/domains/de/test/auto/ResettableTimer5.xml (RunModel)" time="0.008" />
  <testcase classname="ptolemy.util.test.junit.AutoTests" name="[63] /home/travis/build/icyphy/ptII/ptolemy/domains/de/test/auto/ResettableTimer6.xml (RunModel)" time="0.014" />
  <testcase classname="ptolemy.util.test.junit.AutoTests" name="[64] /home/travis/build/icyphy/ptII/ptolemy/domains/de/test/auto/ServerZeroDelay.xml (RunModel)" time="0.009" />
  <testcase classname="ptolemy.util.test.junit.AutoTests" name="[65] /home/travis/build/icyphy/ptII/ptolemy/domains/de/test/auto/SmartSender.xml (RunModel)" time="3.007" />
  <testcase classname="ptolemy.util.test.junit.AutoTests" name="[66] /home/travis/build/icyphy/ptII/ptolemy/domains/de/test/auto/ThreadedComposite.xml (RunModel)" time="0.118" />
  <testcase classname="ptolemy.util.test.junit.AutoTests" name="[67] /home/travis/build/icyphy/ptII/ptolemy/domains/de/test/auto/Time.xml (RunModel)" time="0.353" />
  <testcase classname="ptolemy.util.test.junit.AutoTests" name="[68] /home/travis/build/icyphy/ptII/ptolemy/domains/de/test/auto/TimeDelayZeroDelay.xml (RunModel)" time="0.01" />
  <testcase classname="ptolemy.util.test.junit.AutoTests" name="[69] /home/travis/build/icyphy/ptII/ptolemy/domains/de/test/auto/TimerZeroDelay.xml (RunModel)" time="0.01" />
  <testcase classname="ptolemy.util.test.junit.AutoTests" name="[70] /home/travis/build/icyphy/ptII/ptolemy/domains/de/test/auto/TimingParadox.xml (RunModel)" time="0.315" />
  <testcase classname="ptolemy.util.test.junit.AutoTests" name="[71] /home/travis/build/icyphy/ptII/ptolemy/domains/de/test/auto/TransferInputs.xml (RunModel)" time="0.013" />
  <testcase classname="ptolemy.util.test.junit.AutoTests" name="[72] /home/travis/build/icyphy/ptII/ptolemy/domains/de/test/auto/TransferOutputs2.xml (RunModel)" time="0.015" />
  <testcase classname="ptolemy.util.test.junit.AutoTests" name="[73] /home/travis/build/icyphy/ptII/ptolemy/domains/de/test/auto/Trilateration.xml (RunModel)" time="10.945" />
  <testcase classname="ptolemy.util.test.junit.AutoTests" name="[74] /home/travis/build/icyphy/ptII/ptolemy/domains/de/test/auto/TwoSigmaDelta.xml (RunModel)" time="1.766" />
  <testcase classname="ptolemy.util.test.junit.AutoTests" name="[75] /home/travis/build/icyphy/ptII/ptolemy/domains/de/test/auto/VariableDelay.xml (RunModel)" time="0.016" />
  <testcase classname="ptolemy.util.test.junit.AutoTests" name="[76] /home/travis/build/icyphy/ptII/ptolemy/domains/de/test/auto/VariableDelay2.xml (RunModel)" time="0.01" />
  <testcase classname="ptolemy.util.test.junit.AutoTests" name="[77] /home/travis/build/icyphy/ptII/ptolemy/domains/de/test/auto/VariableDelayZeroDelay.xml (RunModel)" time="0.014" />
  <testcase classname="ptolemy.util.test.junit.AutoTests" name="[78] /home/travis/build/icyphy/ptII/ptolemy/domains/de/test/auto/VariableDelayZeroDelay2.xml (RunModel)" time="0.014" />
  <testcase classname="ptolemy.util.test.junit.AutoTests" name="[79] /home/travis/build/icyphy/ptII/ptolemy/domains/de/test/auto/deInCt.xml (RunModel)" time="0.014" />
  <testcase classname="ptolemy.util.test.junit.AutoTests" name="[80] /home/travis/build/icyphy/ptII/ptolemy/domains/de/test/auto/deInCt2.xml (RunModel)" time="0.012" />
  <testcase classname="ptolemy.util.test.junit.AutoTests" name="[81] /home/travis/build/icyphy/ptII/ptolemy/domains/de/test/auto/dynamicCausalityInterface1.xml (RunModel)" time="0.018" />
  <testcase classname="ptolemy.util.test.junit.AutoTests" name="[82] /home/travis/build/icyphy/ptII/ptolemy/domains/de/test/auto/fsm_de_test.xml (RunModel)" time="0.024" />
  <testcase classname="ptolemy.util.test.junit.AutoTests" name="[83] /home/travis/build/icyphy/ptII/ptolemy/domains/de/test/auto/functionDependencyReconstruction.xml (RunModel)" time="0.025" />
  <testcase classname="ptolemy.util.test.junit.AutoTests" name="[84] /home/travis/build/icyphy/ptII/ptolemy/domains/de/test/auto/multirate.xml (RunModel)" time="0.013" />
  <testcase classname="ptolemy.util.test.junit.AutoTests" name="[85] /home/travis/build/icyphy/ptII/ptolemy/domains/de/test/auto/multirate2.xml (RunModel)" time="0.019" />
  <testcase classname="ptolemy.util.test.junit.AutoTests" name="[86] /home/travis/build/icyphy/ptII/ptolemy/domains/de/test/auto/realtime.xml (RunModel)" time="10.009" />
  <testcase classname="ptolemy.util.test.junit.AutoTests" name="[87] /home/travis/build/icyphy/ptII/ptolemy/domains/de/test/auto/relationGroup.xml (RunModel)" time="0.01" />
  <testcase classname="ptolemy.util.test.junit.AutoTests" name="[88] /home/travis/build/icyphy/ptII/ptolemy/domains/de/test/auto/relationGroup2.xml (RunModel)" time="0.006" />
  <testcase classname="ptolemy.util.test.junit.AutoTests" name="[89] /home/travis/build/icyphy/ptII/ptolemy/domains/de/test/auto/sortWithOpaquePorts.xml (RunModel)" time="0.012" />
  <testcase classname="ptolemy.util.test.junit.AutoTests" name="[90] /home/travis/build/icyphy/ptII/ptolemy/domains/de/test/auto/transferInputsandOutputs.xml (RunModel)" time="0.016" />
  <testcase classname="ptolemy.util.test.junit.AutoTests" name="[91] /home/travis/build/icyphy/ptII/ptolemy/domains/de/test/auto/triggerType.xml (RunModel)" time="0.012" />
  <system-out><![CDATA[/home/travis/build/icyphy/ptII/ptolemy/domains/de/test/DependencyLoop.tcl
testDefs.tcl: setting time out to 9000 seconds at Tue Apr 21 14:01:46 UTC 2020
51 ms. Memory: 129024K Free: 78792K (61%)
19 ms. Memory: 129024K Free: 61384K (48%)
/home/travis/build/icyphy/ptII/ptolemy/domains/de/test/RunDETestsAsQSS.tcl
Run the DE tests using ptolemy.domains.qss.test.QSSDirectorTest, which extends QSSDirector and prints a message in the constructors.
------------------ testing $PTII/ptolemy/domains/de/test/auto/knownFailedTests/DirectFeedback.xml (Known Failure) 
41 ms. Memory: 129024K Free: 56264K (44%)


==== $PTIIhome/travis/build/icyphy/ptII/ptolemy/domains/de/test/../../../../: Auto Automatic test in file $PTII/ptolemy/domains/de/test/auto/knownFailedTests/DirectFeedback.xml
==== Contents of test case:

	    # FIXME: we should use $relativeFilename here, but it
	    # might have backslashes under Windows, which causes no end
	    # of trouble.
	    createAndExecute $file
	    list {}
	
.... Test generated KNOWN error:
    while executing
ptolemy.kernel.util.IllegalActionException: Test fails in iteration 1.
Value was: 1.0. Should have been: 2.0
  in .DirectFeedback.Test
	at ptolemy.actor.lib.Test.fire(Test.java:268)
	at ptolemy.domains.de.kernel.DEDirector._fire(DEDirector.java:1949)
	at ptolemy.domains.de.kernel.DEDirector.fire(DEDirector.java:502)
	at ptolemy.actor.CompositeActor.fire(CompositeActor.java:455)
	at ptolemy.actor.Manager.iterate(Manager.java:851)
	at ptolemy.actor.Manager.execute(Manager.java:369)
	at ptolemy.actor.Manager.run(Manager.java:1263)
	at ptolemy.actor.Manager$PtolemyRunThread.run(Manager.java:1933)

    while executing
ptolemy.kernel.util.IllegalActionException: Test fails in iteration 1.
Value was: 1.0. Should have been: 2.0
  in .DirectFeedback.Test
    while executing
"java::new ptolemy.moml.MoMLSimpleApplication $file
"
    (procedure "createAndExecute" line 2)
    invoked from within
"createAndExecute $file"
    ("uplevel" body line 5)
    invoked from within
"uplevel $contents_of_test"
------------------ testing $PTII/ptolemy/domains/de/test/auto/knownFailedTests/dependencyLoop.xml (Known Failure) 
29 ms. Memory: 129024K Free: 53192K (41%)


==== $PTIIhome/travis/build/icyphy/ptII/ptolemy/domains/de/test/../../../../: Auto Automatic test in file $PTII/ptolemy/domains/de/test/auto/knownFailedTests/dependencyLoop.xml
==== Contents of test case:

	    # FIXME: we should use $relativeFilename here, but it
	    # might have backslashes under Windows, which causes no end
	    # of trouble.
	    createAndExecute $file
	    list {}
	
.... Test generated KNOWN error:
    while executing
ptolemy.kernel.util.IllegalActionException: Found a zero delay loop containing .dependencyLoop.original
  in .dependencyLoop and .dependencyLoop.original
	at ptolemy.actor.util.CausalityInterfaceForComposites._computeOutputPortDepth(CausalityInterfaceForComposites.java:759)
	at ptolemy.actor.util.CausalityInterfaceForComposites._computeInputDepth(CausalityInterfaceForComposites.java:696)
	at ptolemy.actor.util.CausalityInterfaceForComposites._computeOutputPortDepth(CausalityInterfaceForComposites.java:765)
	at ptolemy.actor.util.CausalityInterfaceForComposites._computeInputDepth(CausalityInterfaceForComposites.java:696)
	at ptolemy.actor.util.CausalityInterfaceForComposites._computeOutputPortDepth(CausalityInterfaceForComposites.java:765)
	at ptolemy.actor.util.CausalityInterfaceForComposites._computeInputDepth(CausalityInterfaceForComposites.java:696)
	at ptolemy.actor.util.CausalityInterfaceForComposites._computeActorDepth(CausalityInterfaceForComposites.java:532)
	at ptolemy.actor.util.CausalityInterfaceForComposites.checkForCycles(CausalityInterfaceForComposites.java:96)
	at ptolemy.domains.de.kernel.DEDirector.preinitialize(DEDirector.java:1338)
	at ptolemy.actor.CompositeActor.preinitialize(CompositeActor.java:1828)
	at ptolemy.actor.Manager.preinitializeAndResolveTypes(Manager.java:1040)
	at ptolemy.actor.Manager.initialize(Manager.java:710)
	at ptolemy.actor.Manager.execute(Manager.java:356)
	at ptolemy.actor.Manager.run(Manager.java:1263)
	at ptolemy.actor.Manager$PtolemyRunThread.run(Manager.java:1933)

    while executing
ptolemy.kernel.util.IllegalActionException: Found a zero delay loop containing .dependencyLoop.original
  in .dependencyLoop and .dependencyLoop.original
    while executing
"java::new ptolemy.moml.MoMLSimpleApplication $file
"
    (procedure "createAndExecute" line 2)
    invoked from within
"createAndExecute $file"
    ("uplevel" body line 5)
    invoked from within
"uplevel $contents_of_test"
------------------ testing $PTII/ptolemy/domains/de/test/auto/knownFailedTests/FSMSource.xml (Known Failure) 
82 ms. Memory: 129024K Free: 111729K (87%)
!!!! Auto was marked as failing, but now passes
------------------ testing $PTII/ptolemy/domains/de/test/auto/knownFailedTests/HierarchicalModel.xml (Known Failure) 
6 ms. Memory: 129024K Free: 94329K (73%)


==== $PTIIhome/travis/build/icyphy/ptII/ptolemy/domains/de/test/../../../../: Auto Automatic test in file $PTII/ptolemy/domains/de/test/auto/knownFailedTests/HierarchicalModel.xml
==== Contents of test case:

	    # FIXME: we should use $relativeFilename here, but it
	    # might have backslashes under Windows, which causes no end
	    # of trouble.
	    createAndExecute $file
	    list {}
	
.... Test generated KNOWN error:
    while executing
ptolemy.kernel.util.IllegalActionException: Found a zero delay loop containing .HierarchicalModel.A
  in .HierarchicalModel and .HierarchicalModel.A
	at ptolemy.actor.util.CausalityInterfaceForComposites._computeOutputPortDepth(CausalityInterfaceForComposites.java:759)
	at ptolemy.actor.util.CausalityInterfaceForComposites._computeInputDepth(CausalityInterfaceForComposites.java:696)
	at ptolemy.actor.util.CausalityInterfaceForComposites._computeOutputPortDepth(CausalityInterfaceForComposites.java:765)
	at ptolemy.actor.util.CausalityInterfaceForComposites._computeInputDepth(CausalityInterfaceForComposites.java:696)
	at ptolemy.actor.util.CausalityInterfaceForComposites._computeOutputPortDepth(CausalityInterfaceForComposites.java:765)
	at ptolemy.actor.util.CausalityInterfaceForComposites._computeInputDepth(CausalityInterfaceForComposites.java:696)
	at ptolemy.actor.util.CausalityInterfaceForComposites._computeActorDepth(CausalityInterfaceForComposites.java:532)
	at ptolemy.actor.util.CausalityInterfaceForComposites.checkForCycles(CausalityInterfaceForComposites.java:96)
	at ptolemy.domains.de.kernel.DEDirector.preinitialize(DEDirector.java:1338)
	at ptolemy.actor.CompositeActor.preinitialize(CompositeActor.java:1828)
	at ptolemy.actor.Manager.preinitializeAndResolveTypes(Manager.java:1040)
	at ptolemy.actor.Manager.initialize(Manager.java:710)
	at ptolemy.actor.Manager.execute(Manager.java:356)
	at ptolemy.actor.Manager.run(Manager.java:1263)
	at ptolemy.actor.Manager$PtolemyRunThread.run(Manager.java:1933)

    while executing
ptolemy.kernel.util.IllegalActionException: Found a zero delay loop containing .HierarchicalModel.A
  in .HierarchicalModel and .HierarchicalModel.A
    while executing
"java::new ptolemy.moml.MoMLSimpleApplication $file
"
    (procedure "createAndExecute" line 2)
    invoked from within
"createAndExecute $file"
    ("uplevel" body line 5)
    invoked from within
"uplevel $contents_of_test"
------------------ testing $PTII/ptolemy/domains/de/test/auto/knownFailedTests/dependencyLoop2.xml (Known Failure) 
5 ms. Memory: 129024K Free: 77999K (60%)


==== $PTIIhome/travis/build/icyphy/ptII/ptolemy/domains/de/test/../../../../: Auto Automatic test in file $PTII/ptolemy/domains/de/test/auto/knownFailedTests/dependencyLoop2.xml
==== Contents of test case:

	    # FIXME: we should use $relativeFilename here, but it
	    # might have backslashes under Windows, which causes no end
	    # of trouble.
	    createAndExecute $file
	    list {}
	
.... Test generated KNOWN error:
    while executing
ptolemy.kernel.util.IllegalActionException: Found a zero delay loop containing .dependencyLoop2.original
  in .dependencyLoop2 and .dependencyLoop2.original
	at ptolemy.actor.util.CausalityInterfaceForComposites._computeOutputPortDepth(CausalityInterfaceForComposites.java:759)
	at ptolemy.actor.util.CausalityInterfaceForComposites._computeInputDepth(CausalityInterfaceForComposites.java:696)
	at ptolemy.actor.util.CausalityInterfaceForComposites._computeOutputPortDepth(CausalityInterfaceForComposites.java:765)
	at ptolemy.actor.util.CausalityInterfaceForComposites._computeInputDepth(CausalityInterfaceForComposites.java:696)
	at ptolemy.actor.util.CausalityInterfaceForComposites._computeOutputPortDepth(CausalityInterfaceForComposites.java:765)
	at ptolemy.actor.util.CausalityInterfaceForComposites._computeInputDepth(CausalityInterfaceForComposites.java:696)
	at ptolemy.actor.util.CausalityInterfaceForComposites._computeActorDepth(CausalityInterfaceForComposites.java:532)
	at ptolemy.actor.util.CausalityInterfaceForComposites.checkForCycles(CausalityInterfaceForComposites.java:96)
	at ptolemy.domains.de.kernel.DEDirector.preinitialize(DEDirector.java:1338)
	at ptolemy.actor.CompositeActor.preinitialize(CompositeActor.java:1828)
	at ptolemy.actor.Manager.preinitializeAndResolveTypes(Manager.java:1040)
	at ptolemy.actor.Manager.initialize(Manager.java:710)
	at ptolemy.actor.Manager.execute(Manager.java:356)
	at ptolemy.actor.Manager.run(Manager.java:1263)
	at ptolemy.actor.Manager$PtolemyRunThread.run(Manager.java:1933)

    while executing
ptolemy.kernel.util.IllegalActionException: Found a zero delay loop containing .dependencyLoop2.original
  in .dependencyLoop2 and .dependencyLoop2.original
    while executing
"java::new ptolemy.moml.MoMLSimpleApplication $file
"
    (procedure "createAndExecute" line 2)
    invoked from within
"createAndExecute $file"
    ("uplevel" body line 5)
    invoked from within
"uplevel $contents_of_test"
------------------ testing $PTII/ptolemy/domains/de/test/auto/knownFailedTests/DESDFClockTest.xml (Known Failure) 
2055 ms. Memory: 129024K Free: 109444K (85%)


==== $PTIIhome/travis/build/icyphy/ptII/ptolemy/domains/de/test/../../../../: Auto Automatic test in file $PTII/ptolemy/domains/de/test/auto/knownFailedTests/DESDFClockTest.xml
==== Contents of test case:

	    # FIXME: we should use $relativeFilename here, but it
	    # might have backslashes under Windows, which causes no end
	    # of trouble.
	    createAndExecute $file
	    list {}
	
.... Test generated KNOWN error:
    while executing
ptolemy.kernel.util.IllegalActionException: Actor is not ready to fire.  Perhaps UpSample.prefire() returned false? Try debugging the actor by selecting "Listen to Actor".  Also, for SDF check moml for tokenConsumptionRate on input.
  in .DESDFClockTest.Play Bell.Copy1:SDF Director and .DESDFClockTest.Play Bell.UpSample
	at ptolemy.actor.sched.StaticSchedulingDirector.fire(StaticSchedulingDirector.java:227)
	at ptolemy.domains.sdf.kernel.SDFDirector.fire(SDFDirector.java:500)
	at ptolemy.actor.CompositeActor.fire(CompositeActor.java:455)
	at ptolemy.domains.de.kernel.DEDirector._fire(DEDirector.java:1949)
	at ptolemy.domains.de.kernel.DEDirector.fire(DEDirector.java:502)
	at ptolemy.actor.CompositeActor.fire(CompositeActor.java:455)
	at ptolemy.actor.Manager.iterate(Manager.java:851)
	at ptolemy.actor.Manager.execute(Manager.java:369)
	at ptolemy.actor.Manager.run(Manager.java:1263)
	at ptolemy.actor.Manager$PtolemyRunThread.run(Manager.java:1933)

    while executing
ptolemy.kernel.util.IllegalActionException: Actor is not ready to fire.  Perhaps UpSample.prefire() returned false? Try debugging the actor by selecting "Listen to Actor".  Also, for SDF check moml for tokenConsumptionRate on input.
  in .DESDFClockTest.Play Bell.Copy1:SDF Director and .DESDFClockTest.Play Bell.UpSample
    while executing
"java::new ptolemy.moml.MoMLSimpleApplication $file
"
    (procedure "createAndExecute" line 2)
    invoked from within
"createAndExecute $file"
    ("uplevel" body line 5)
    invoked from within
"uplevel $contents_of_test"
------------------ testing $PTII/ptolemy/domains/de/test/auto/ActorDepthCalculation_actorWithoutPorts.xml
auto.tcl: Setting watchdog for 200 seconds at Tue Apr 21 14:01:50 UTC 2020
9 ms. Memory: 129024K Free: 101766K (79%)
ptolemy.util.test.WatchDog.cancel(): canceling Tue Apr 21 14:01:50 UTC 2020
auto.tcl: Setting watchdog for 200 seconds at Tue Apr 21 14:01:50 UTC 2020
4 ms. Memory: 129024K Free: 100222K (78%)
ptolemy.util.test.WatchDog.cancel(): canceling Tue Apr 21 14:01:50 UTC 2020
------------------ testing $PTII/ptolemy/domains/de/test/auto/AssemblyLine.xml
auto.tcl: Setting watchdog for 200 seconds at Tue Apr 21 14:01:51 UTC 2020
17 ms. Memory: 55296K Free: 32233K (58%)
ptolemy.util.test.WatchDog.cancel(): canceling Tue Apr 21 14:01:51 UTC 2020
auto.tcl: Setting watchdog for 200 seconds at Tue Apr 21 14:01:51 UTC 2020
8 ms. Memory: 55296K Free: 31046K (56%)
ptolemy.util.test.WatchDog.cancel(): canceling Tue Apr 21 14:01:51 UTC 2020
------------------ testing $PTII/ptolemy/domains/de/test/auto/CQBug1.xml
auto.tcl: Setting watchdog for 200 seconds at Tue Apr 21 14:01:51 UTC 2020
2 ms. Memory: 51200K Free: 33820K (66%)
ptolemy.util.test.WatchDog.cancel(): canceling Tue Apr 21 14:01:51 UTC 2020
auto.tcl: Setting watchdog for 200 seconds at Tue Apr 21 14:01:51 UTC 2020
2 ms. Memory: 51200K Free: 33334K (65%)
ptolemy.util.test.WatchDog.cancel(): canceling Tue Apr 21 14:01:51 UTC 2020
------------------ testing $PTII/ptolemy/domains/de/test/auto/CancelFireAt.xml
auto.tcl: Setting watchdog for 200 seconds at Tue Apr 21 14:01:51 UTC 2020
5 ms. Memory: 51200K Free: 34584K (68%)
ptolemy.util.test.WatchDog.cancel(): canceling Tue Apr 21 14:01:51 UTC 2020
auto.tcl: Setting watchdog for 200 seconds at Tue Apr 21 14:01:51 UTC 2020
2 ms. Memory: 51200K Free: 34116K (67%)
ptolemy.util.test.WatchDog.cancel(): canceling Tue Apr 21 14:01:51 UTC 2020
------------------ testing $PTII/ptolemy/domains/de/test/auto/CausalityAndComposabilityAnalysis.xml
auto.tcl: Setting watchdog for 200 seconds at Tue Apr 21 14:01:51 UTC 2020
10 ms. Memory: 51200K Free: 32351K (63%)
ptolemy.util.test.WatchDog.cancel(): canceling Tue Apr 21 14:01:51 UTC 2020
auto.tcl: Setting watchdog for 200 seconds at Tue Apr 21 14:01:51 UTC 2020
7 ms. Memory: 51200K Free: 31955K (62%)
ptolemy.util.test.WatchDog.cancel(): canceling Tue Apr 21 14:01:51 UTC 2020
------------------ testing $PTII/ptolemy/domains/de/test/auto/CausalityInterface1.xml
auto.tcl: Setting watchdog for 200 seconds at Tue Apr 21 14:01:51 UTC 2020
21 ms. Memory: 51200K Free: 31360K (61%)
ptolemy.util.test.WatchDog.cancel(): canceling Tue Apr 21 14:01:51 UTC 2020
auto.tcl: Setting watchdog for 200 seconds at Tue Apr 21 14:01:51 UTC 2020
6 ms. Memory: 51200K Free: 30372K (59%)
ptolemy.util.test.WatchDog.cancel(): canceling Tue Apr 21 14:01:51 UTC 2020
------------------ testing $PTII/ptolemy/domains/de/test/auto/CausalityInterface15.xml
auto.tcl: Setting watchdog for 200 seconds at Tue Apr 21 14:01:51 UTC 2020
9 ms. Memory: 51200K Free: 31541K (62%)
ptolemy.util.test.WatchDog.cancel(): canceling Tue Apr 21 14:01:51 UTC 2020
auto.tcl: Setting watchdog for 200 seconds at Tue Apr 21 14:01:51 UTC 2020
6 ms. Memory: 51200K Free: 30349K (59%)
ptolemy.util.test.WatchDog.cancel(): canceling Tue Apr 21 14:01:51 UTC 2020
------------------ testing $PTII/ptolemy/domains/de/test/auto/CausalityInterface2.xml
auto.tcl: Setting watchdog for 200 seconds at Tue Apr 21 14:01:51 UTC 2020
3 ms. Memory: 51200K Free: 32007K (63%)
ptolemy.util.test.WatchDog.cancel(): canceling Tue Apr 21 14:01:51 UTC 2020
auto.tcl: Setting watchdog for 200 seconds at Tue Apr 21 14:01:51 UTC 2020
3 ms. Memory: 51200K Free: 31344K (61%)
ptolemy.util.test.WatchDog.cancel(): canceling Tue Apr 21 14:01:51 UTC 2020
------------------ testing $PTII/ptolemy/domains/de/test/auto/CausalityInterface3.xml
auto.tcl: Setting watchdog for 200 seconds at Tue Apr 21 14:01:51 UTC 2020
6 ms. Memory: 51200K Free: 31534K (62%)
ptolemy.util.test.WatchDog.cancel(): canceling Tue Apr 21 14:01:51 UTC 2020
auto.tcl: Setting watchdog for 200 seconds at Tue Apr 21 14:01:51 UTC 2020
3 ms. Memory: 51200K Free: 31048K (61%)
ptolemy.util.test.WatchDog.cancel(): canceling Tue Apr 21 14:01:51 UTC 2020
------------------ testing $PTII/ptolemy/domains/de/test/auto/ClockDrift.xml
auto.tcl: Setting watchdog for 200 seconds at Tue Apr 21 14:01:51 UTC 2020
75 ms. Memory: 51200K Free: 23859K (47%)
ptolemy.util.test.WatchDog.cancel(): canceling Tue Apr 21 14:01:51 UTC 2020
auto.tcl: Setting watchdog for 200 seconds at Tue Apr 21 14:01:51 UTC 2020
57 ms. Memory: 51200K Free: 20646K (40%)
ptolemy.util.test.WatchDog.cancel(): canceling Tue Apr 21 14:01:52 UTC 2020
------------------ testing $PTII/ptolemy/domains/de/test/auto/ClockDriftAndValueChange.xml
auto.tcl: Setting watchdog for 200 seconds at Tue Apr 21 14:01:52 UTC 2020
37 ms. Memory: 51200K Free: 23972K (47%)
ptolemy.util.test.WatchDog.cancel(): canceling Tue Apr 21 14:01:52 UTC 2020
auto.tcl: Setting watchdog for 200 seconds at Tue Apr 21 14:01:52 UTC 2020
28 ms. Memory: 51200K Free: 20986K (41%)
ptolemy.util.test.WatchDog.cancel(): canceling Tue Apr 21 14:01:52 UTC 2020
------------------ testing $PTII/ptolemy/domains/de/test/auto/ClockDriftChange.xml
auto.tcl: Setting watchdog for 200 seconds at Tue Apr 21 14:01:52 UTC 2020
21 ms. Memory: 51200K Free: 26015K (51%)
ptolemy.util.test.WatchDog.cancel(): canceling Tue Apr 21 14:01:52 UTC 2020
auto.tcl: Setting watchdog for 200 seconds at Tue Apr 21 14:01:52 UTC 2020
23 ms. Memory: 51200K Free: 23478K (46%)
ptolemy.util.test.WatchDog.cancel(): canceling Tue Apr 21 14:01:52 UTC 2020
------------------ testing $PTII/ptolemy/domains/de/test/auto/ComposableCausalityAnalysis.xml
auto.tcl: Setting watchdog for 200 seconds at Tue Apr 21 14:01:52 UTC 2020
1 ms. Memory: 51200K Free: 30822K (60%)
ptolemy.util.test.WatchDog.cancel(): canceling Tue Apr 21 14:01:52 UTC 2020
auto.tcl: Setting watchdog for 200 seconds at Tue Apr 21 14:01:52 UTC 2020
2 ms. Memory: 51200K Free: 29777K (58%)
ptolemy.util.test.WatchDog.cancel(): canceling Tue Apr 21 14:01:52 UTC 2020
------------------ testing $PTII/ptolemy/domains/de/test/auto/DEFixedPointLimitation.xml
auto.tcl: Setting watchdog for 200 seconds at Tue Apr 21 14:01:52 UTC 2020
4 ms. Memory: 51200K Free: 32245K (63%)
ptolemy.util.test.WatchDog.cancel(): canceling Tue Apr 21 14:01:52 UTC 2020
auto.tcl: Setting watchdog for 200 seconds at Tue Apr 21 14:01:52 UTC 2020
1 ms. Memory: 51200K Free: 31364K (61%)
ptolemy.util.test.WatchDog.cancel(): canceling Tue Apr 21 14:01:52 UTC 2020
------------------ testing $PTII/ptolemy/domains/de/test/auto/DEScheduleTest.xml
auto.tcl: Setting watchdog for 200 seconds at Tue Apr 21 14:01:52 UTC 2020
4 ms. Memory: 51200K Free: 32578K (64%)
ptolemy.util.test.WatchDog.cancel(): canceling Tue Apr 21 14:01:52 UTC 2020
auto.tcl: Setting watchdog for 200 seconds at Tue Apr 21 14:01:52 UTC 2020
2 ms. Memory: 51200K Free: 31822K (62%)
ptolemy.util.test.WatchDog.cancel(): canceling Tue Apr 21 14:01:52 UTC 2020
------------------ testing $PTII/ptolemy/domains/de/test/auto/DEinDEwithStartTimes.xml
auto.tcl: Setting watchdog for 200 seconds at Tue Apr 21 14:01:52 UTC 2020
4 ms. Memory: 51200K Free: 30749K (60%)
ptolemy.util.test.WatchDog.cancel(): canceling Tue Apr 21 14:01:52 UTC 2020
auto.tcl: Setting watchdog for 200 seconds at Tue Apr 21 14:01:52 UTC 2020
4 ms. Memory: 51200K Free: 29725K (58%)
ptolemy.util.test.WatchDog.cancel(): canceling Tue Apr 21 14:01:52 UTC 2020
------------------ testing $PTII/ptolemy/domains/de/test/auto/DEinDEwithStartTimes2.xml
auto.tcl: Setting watchdog for 200 seconds at Tue Apr 21 14:01:52 UTC 2020
4 ms. Memory: 51200K Free: 29858K (58%)
ptolemy.util.test.WatchDog.cancel(): canceling Tue Apr 21 14:01:52 UTC 2020
auto.tcl: Setting watchdog for 200 seconds at Tue Apr 21 14:01:52 UTC 2020
2 ms. Memory: 51200K Free: 28681K (56%)
ptolemy.util.test.WatchDog.cancel(): canceling Tue Apr 21 14:01:52 UTC 2020
------------------ testing $PTII/ptolemy/domains/de/test/auto/DateDemo.xml
auto.tcl: Setting watchdog for 200 seconds at Tue Apr 21 14:01:52 UTC 2020
11 ms. Memory: 51200K Free: 24026K (47%)
ptolemy.util.test.WatchDog.cancel(): canceling Tue Apr 21 14:01:52 UTC 2020
auto.tcl: Setting watchdog for 200 seconds at Tue Apr 21 14:01:52 UTC 2020
7 ms. Memory: 51200K Free: 22628K (44%)
ptolemy.util.test.WatchDog.cancel(): canceling Tue Apr 21 14:01:52 UTC 2020
------------------ testing $PTII/ptolemy/domains/de/test/auto/DateToEvent.xml
auto.tcl: Setting watchdog for 200 seconds at Tue Apr 21 14:01:52 UTC 2020
2018 ms. Memory: 51200K Free: 20245K (40%)
ptolemy.util.test.WatchDog.cancel(): canceling Tue Apr 21 14:01:54 UTC 2020
auto.tcl: Setting watchdog for 200 seconds at Tue Apr 21 14:01:54 UTC 2020
2004 ms. Memory: 51200K Free: 19400K (38%)
ptolemy.util.test.WatchDog.cancel(): canceling Tue Apr 21 14:01:56 UTC 2020
------------------ testing $PTII/ptolemy/domains/de/test/auto/DepthTest1.xml
auto.tcl: Setting watchdog for 200 seconds at Tue Apr 21 14:01:56 UTC 2020
2 ms. Memory: 51200K Free: 33835K (66%)
ptolemy.util.test.WatchDog.cancel(): canceling Tue Apr 21 14:01:56 UTC 2020
auto.tcl: Setting watchdog for 200 seconds at Tue Apr 21 14:01:56 UTC 2020
2 ms. Memory: 51200K Free: 32925K (64%)
ptolemy.util.test.WatchDog.cancel(): canceling Tue Apr 21 14:01:56 UTC 2020
------------------ testing $PTII/ptolemy/domains/de/test/auto/DepthTest2.xml
auto.tcl: Setting watchdog for 200 seconds at Tue Apr 21 14:01:57 UTC 2020
3 ms. Memory: 51200K Free: 30166K (59%)
ptolemy.util.test.WatchDog.cancel(): canceling Tue Apr 21 14:01:57 UTC 2020
auto.tcl: Setting watchdog for 200 seconds at Tue Apr 21 14:01:57 UTC 2020
3 ms. Memory: 51200K Free: 29720K (58%)
ptolemy.util.test.WatchDog.cancel(): canceling Tue Apr 21 14:01:57 UTC 2020
------------------ testing $PTII/ptolemy/domains/de/test/auto/DepthTest3.xml
auto.tcl: Setting watchdog for 200 seconds at Tue Apr 21 14:01:57 UTC 2020
2 ms. Memory: 51200K Free: 33734K (66%)
ptolemy.util.test.WatchDog.cancel(): canceling Tue Apr 21 14:01:57 UTC 2020
auto.tcl: Setting watchdog for 200 seconds at Tue Apr 21 14:01:57 UTC 2020
2 ms. Memory: 51200K Free: 33234K (65%)
ptolemy.util.test.WatchDog.cancel(): canceling Tue Apr 21 14:01:57 UTC 2020
------------------ testing $PTII/ptolemy/domains/de/test/auto/DepthTest4.xml
auto.tcl: Setting watchdog for 200 seconds at Tue Apr 21 14:01:57 UTC 2020
3 ms. Memory: 51200K Free: 31964K (62%)
ptolemy.util.test.WatchDog.cancel(): canceling Tue Apr 21 14:01:57 UTC 2020
auto.tcl: Setting watchdog for 200 seconds at Tue Apr 21 14:01:57 UTC 2020
3 ms. Memory: 51200K Free: 30876K (60%)
ptolemy.util.test.WatchDog.cancel(): canceling Tue Apr 21 14:01:57 UTC 2020
------------------ testing $PTII/ptolemy/domains/de/test/auto/DepthTest5.xml
auto.tcl: Setting watchdog for 200 seconds at Tue Apr 21 14:01:57 UTC 2020
4 ms. Memory: 51200K Free: 31439K (61%)
ptolemy.util.test.WatchDog.cancel(): canceling Tue Apr 21 14:01:57 UTC 2020
auto.tcl: Setting watchdog for 200 seconds at Tue Apr 21 14:01:57 UTC 2020
2 ms. Memory: 51200K Free: 30683K (60%)
ptolemy.util.test.WatchDog.cancel(): canceling Tue Apr 21 14:01:57 UTC 2020
------------------ testing $PTII/ptolemy/domains/de/test/auto/DepthTest6.xml
auto.tcl: Setting watchdog for 200 seconds at Tue Apr 21 14:01:57 UTC 2020
4 ms. Memory: 51200K Free: 31120K (61%)
ptolemy.util.test.WatchDog.cancel(): canceling Tue Apr 21 14:01:57 UTC 2020
auto.tcl: Setting watchdog for 200 seconds at Tue Apr 21 14:01:57 UTC 2020
6 ms. Memory: 51200K Free: 30665K (60%)
ptolemy.util.test.WatchDog.cancel(): canceling Tue Apr 21 14:01:57 UTC 2020
------------------ testing $PTII/ptolemy/domains/de/test/auto/DepthTest7.xml
auto.tcl: Setting watchdog for 200 seconds at Tue Apr 21 14:01:57 UTC 2020
3 ms. Memory: 51200K Free: 31889K (62%)
ptolemy.util.test.WatchDog.cancel(): canceling Tue Apr 21 14:01:57 UTC 2020
auto.tcl: Setting watchdog for 200 seconds at Tue Apr 21 14:01:57 UTC 2020
2 ms. Memory: 51200K Free: 31219K (61%)
ptolemy.util.test.WatchDog.cancel(): canceling Tue Apr 21 14:01:57 UTC 2020
------------------ testing $PTII/ptolemy/domains/de/test/auto/EventToDate.xml
auto.tcl: Setting watchdog for 200 seconds at Tue Apr 21 14:01:57 UTC 2020
3005 ms. Memory: 51200K Free: 22671K (44%)
ptolemy.util.test.WatchDog.cancel(): canceling Tue Apr 21 14:02:00 UTC 2020
auto.tcl: Setting watchdog for 200 seconds at Tue Apr 21 14:02:00 UTC 2020
3003 ms. Memory: 51200K Free: 22045K (43%)
ptolemy.util.test.WatchDog.cancel(): canceling Tue Apr 21 14:02:03 UTC 2020
------------------ testing $PTII/ptolemy/domains/de/test/auto/FSM1.xml
auto.tcl: Setting watchdog for 200 seconds at Tue Apr 21 14:02:03 UTC 2020
48 ms. Memory: 51200K Free: 23657K (46%)
ptolemy.util.test.WatchDog.cancel(): canceling Tue Apr 21 14:02:03 UTC 2020
auto.tcl: Setting watchdog for 200 seconds at Tue Apr 21 14:02:03 UTC 2020
22 ms. Memory: 51200K Free: 20716K (40%)
ptolemy.util.test.WatchDog.cancel(): canceling Tue Apr 21 14:02:03 UTC 2020
------------------ testing $PTII/ptolemy/domains/de/test/auto/FSM7.xml
auto.tcl: Setting watchdog for 200 seconds at Tue Apr 21 14:02:03 UTC 2020
16 ms. Memory: 51200K Free: 23838K (47%)
ptolemy.util.test.WatchDog.cancel(): canceling Tue Apr 21 14:02:03 UTC 2020
auto.tcl: Setting watchdog for 200 seconds at Tue Apr 21 14:02:03 UTC 2020
22 ms. Memory: 51200K Free: 20446K (40%)
ptolemy.util.test.WatchDog.cancel(): canceling Tue Apr 21 14:02:03 UTC 2020
------------------ testing $PTII/ptolemy/domains/de/test/auto/Inspection.xml
auto.tcl: Setting watchdog for 200 seconds at Tue Apr 21 14:02:03 UTC 2020
21 ms. Memory: 51200K Free: 23613K (46%)
ptolemy.util.test.WatchDog.cancel(): canceling Tue Apr 21 14:02:03 UTC 2020
auto.tcl: Setting watchdog for 200 seconds at Tue Apr 21 14:02:03 UTC 2020
26 ms. Memory: 51200K Free: 21936K (43%)
ptolemy.util.test.WatchDog.cancel(): canceling Tue Apr 21 14:02:03 UTC 2020
------------------ testing $PTII/ptolemy/domains/de/test/auto/Iteration.xml
auto.tcl: Setting watchdog for 200 seconds at Tue Apr 21 14:02:03 UTC 2020
7 ms. Memory: 51200K Free: 29181K (57%)
ptolemy.util.test.WatchDog.cancel(): canceling Tue Apr 21 14:02:03 UTC 2020
auto.tcl: Setting watchdog for 200 seconds at Tue Apr 21 14:02:03 UTC 2020
7 ms. Memory: 51200K Free: 27993K (55%)
ptolemy.util.test.WatchDog.cancel(): canceling Tue Apr 21 14:02:03 UTC 2020
------------------ testing $PTII/ptolemy/domains/de/test/auto/LineFault.xml
auto.tcl: Setting watchdog for 200 seconds at Tue Apr 21 14:02:04 UTC 2020
558 ms. Memory: 51200K Free: 17470K (34%)
ptolemy.util.test.WatchDog.cancel(): canceling Tue Apr 21 14:02:04 UTC 2020
auto.tcl: Setting watchdog for 200 seconds at Tue Apr 21 14:02:04 UTC 2020
515 ms. Memory: 65536K Free: 48680K (74%)
ptolemy.util.test.WatchDog.cancel(): canceling Tue Apr 21 14:02:05 UTC 2020
------------------ testing $PTII/ptolemy/domains/de/test/auto/MergeModel1Add.xml
auto.tcl: Setting watchdog for 200 seconds at Tue Apr 21 14:02:05 UTC 2020
21 ms. Memory: 55296K Free: 19520K (35%)
ptolemy.util.test.WatchDog.cancel(): canceling Tue Apr 21 14:02:05 UTC 2020
auto.tcl: Setting watchdog for 200 seconds at Tue Apr 21 14:02:05 UTC 2020
9 ms. Memory: 55296K Free: 17893K (32%)
ptolemy.util.test.WatchDog.cancel(): canceling Tue Apr 21 14:02:05 UTC 2020
------------------ testing $PTII/ptolemy/domains/de/test/auto/MergeModel2Add.xml
auto.tcl: Setting watchdog for 200 seconds at Tue Apr 21 14:02:05 UTC 2020
7 ms. Memory: 55296K Free: 21542K (39%)
ptolemy.util.test.WatchDog.cancel(): canceling Tue Apr 21 14:02:05 UTC 2020
auto.tcl: Setting watchdog for 200 seconds at Tue Apr 21 14:02:05 UTC 2020
6 ms. Memory: 55296K Free: 19604K (35%)
ptolemy.util.test.WatchDog.cancel(): canceling Tue Apr 21 14:02:05 UTC 2020
------------------ testing $PTII/ptolemy/domains/de/test/auto/MergeModel3Add.xml
auto.tcl: Setting watchdog for 200 seconds at Tue Apr 21 14:02:05 UTC 2020
7 ms. Memory: 55296K Free: 21581K (39%)
ptolemy.util.test.WatchDog.cancel(): canceling Tue Apr 21 14:02:05 UTC 2020
auto.tcl: Setting watchdog for 200 seconds at Tue Apr 21 14:02:05 UTC 2020
6 ms. Memory: 55296K Free: 20167K (36%)
ptolemy.util.test.WatchDog.cancel(): canceling Tue Apr 21 14:02:05 UTC 2020
------------------ testing $PTII/ptolemy/domains/de/test/auto/MergeWithoutDiscard.xml
auto.tcl: Setting watchdog for 200 seconds at Tue Apr 21 14:02:05 UTC 2020
2 ms. Memory: 51200K Free: 32354K (63%)
ptolemy.util.test.WatchDog.cancel(): canceling Tue Apr 21 14:02:05 UTC 2020
auto.tcl: Setting watchdog for 200 seconds at Tue Apr 21 14:02:05 UTC 2020
1 ms. Memory: 51200K Free: 31462K (61%)
ptolemy.util.test.WatchDog.cancel(): canceling Tue Apr 21 14:02:05 UTC 2020
------------------ testing $PTII/ptolemy/domains/de/test/auto/Modal1.xml
auto.tcl: Setting watchdog for 200 seconds at Tue Apr 21 14:02:05 UTC 2020
12 ms. Memory: 51200K Free: 23957K (47%)
ptolemy.util.test.WatchDog.cancel(): canceling Tue Apr 21 14:02:05 UTC 2020
auto.tcl: Setting watchdog for 200 seconds at Tue Apr 21 14:02:05 UTC 2020
12 ms. Memory: 51200K Free: 20493K (40%)
ptolemy.util.test.WatchDog.cancel(): canceling Tue Apr 21 14:02:05 UTC 2020
------------------ testing $PTII/ptolemy/domains/de/test/auto/Modal2.xml
auto.tcl: Setting watchdog for 200 seconds at Tue Apr 21 14:02:05 UTC 2020
11 ms. Memory: 51200K Free: 24091K (47%)
ptolemy.util.test.WatchDog.cancel(): canceling Tue Apr 21 14:02:05 UTC 2020
auto.tcl: Setting watchdog for 200 seconds at Tue Apr 21 14:02:05 UTC 2020
11 ms. Memory: 51200K Free: 20851K (41%)
ptolemy.util.test.WatchDog.cancel(): canceling Tue Apr 21 14:02:05 UTC 2020
------------------ testing $PTII/ptolemy/domains/de/test/auto/Modal3.xml
auto.tcl: Setting watchdog for 200 seconds at Tue Apr 21 14:02:05 UTC 2020
13 ms. Memory: 51200K Free: 23854K (47%)
ptolemy.util.test.WatchDog.cancel(): canceling Tue Apr 21 14:02:05 UTC 2020
auto.tcl: Setting watchdog for 200 seconds at Tue Apr 21 14:02:05 UTC 2020
12 ms. Memory: 51200K Free: 20880K (41%)
ptolemy.util.test.WatchDog.cancel(): canceling Tue Apr 21 14:02:05 UTC 2020
------------------ testing $PTII/ptolemy/domains/de/test/auto/Modal4.xml
auto.tcl: Setting watchdog for 200 seconds at Tue Apr 21 14:02:06 UTC 2020
28 ms. Memory: 51200K Free: 23032K (45%)
ptolemy.util.test.WatchDog.cancel(): canceling Tue Apr 21 14:02:06 UTC 2020
auto.tcl: Setting watchdog for 200 seconds at Tue Apr 21 14:02:06 UTC 2020
16 ms. Memory: 51200K Free: 19224K (38%)
ptolemy.util.test.WatchDog.cancel(): canceling Tue Apr 21 14:02:06 UTC 2020
------------------ testing $PTII/ptolemy/domains/de/test/auto/Modal5.xml
auto.tcl: Setting watchdog for 200 seconds at Tue Apr 21 14:02:06 UTC 2020
12 ms. Memory: 51200K Free: 23034K (45%)
ptolemy.util.test.WatchDog.cancel(): canceling Tue Apr 21 14:02:06 UTC 2020
auto.tcl: Setting watchdog for 200 seconds at Tue Apr 21 14:02:06 UTC 2020
13 ms. Memory: 51200K Free: 19210K (38%)
ptolemy.util.test.WatchDog.cancel(): canceling Tue Apr 21 14:02:06 UTC 2020
------------------ testing $PTII/ptolemy/domains/de/test/auto/Modal6.xml
auto.tcl: Setting watchdog for 200 seconds at Tue Apr 21 14:02:06 UTC 2020
11 ms. Memory: 51200K Free: 23800K (46%)
ptolemy.util.test.WatchDog.cancel(): canceling Tue Apr 21 14:02:06 UTC 2020
auto.tcl: Setting watchdog for 200 seconds at Tue Apr 21 14:02:06 UTC 2020
13 ms. Memory: 51200K Free: 20232K (40%)
ptolemy.util.test.WatchDog.cancel(): canceling Tue Apr 21 14:02:06 UTC 2020
------------------ testing $PTII/ptolemy/domains/de/test/auto/Modal7.xml
auto.tcl: Setting watchdog for 200 seconds at Tue Apr 21 14:02:06 UTC 2020
13 ms. Memory: 51200K Free: 22777K (44%)
ptolemy.util.test.WatchDog.cancel(): canceling Tue Apr 21 14:02:06 UTC 2020
auto.tcl: Setting watchdog for 200 seconds at Tue Apr 21 14:02:06 UTC 2020
10 ms. Memory: 51200K Free: 19209K (38%)
ptolemy.util.test.WatchDog.cancel(): canceling Tue Apr 21 14:02:06 UTC 2020
------------------ testing $PTII/ptolemy/domains/de/test/auto/ModalModel.xml
auto.tcl: Setting watchdog for 200 seconds at Tue Apr 21 14:02:06 UTC 2020
166 ms. Memory: 51200K Free: 17192K (34%)
ptolemy.util.test.WatchDog.cancel(): canceling Tue Apr 21 14:02:06 UTC 2020
auto.tcl: Setting watchdog for 200 seconds at Tue Apr 21 14:02:06 UTC 2020
196 ms. Memory: 70656K Free: 30160K (43%)
ptolemy.util.test.WatchDog.cancel(): canceling Tue Apr 21 14:02:06 UTC 2020
------------------ testing $PTII/ptolemy/domains/de/test/auto/ModalSource.xml
auto.tcl: Setting watchdog for 200 seconds at Tue Apr 21 14:02:06 UTC 2020
6 ms. Memory: 51200K Free: 27883K (54%)
ptolemy.util.test.WatchDog.cancel(): canceling Tue Apr 21 14:02:06 UTC 2020
auto.tcl: Setting watchdog for 200 seconds at Tue Apr 21 14:02:06 UTC 2020
6 ms. Memory: 51200K Free: 25835K (50%)
ptolemy.util.test.WatchDog.cancel(): canceling Tue Apr 21 14:02:06 UTC 2020
------------------ testing $PTII/ptolemy/domains/de/test/auto/NonInterruptibleTimerZeroDelay.xml
auto.tcl: Setting watchdog for 200 seconds at Tue Apr 21 14:02:06 UTC 2020
3 ms. Memory: 51200K Free: 32820K (64%)
ptolemy.util.test.WatchDog.cancel(): canceling Tue Apr 21 14:02:06 UTC 2020
auto.tcl: Setting watchdog for 200 seconds at Tue Apr 21 14:02:06 UTC 2020
2 ms. Memory: 51200K Free: 32169K (63%)
ptolemy.util.test.WatchDog.cancel(): canceling Tue Apr 21 14:02:06 UTC 2020
------------------ testing $PTII/ptolemy/domains/de/test/auto/OpenQueueingNetwork.xml
auto.tcl: Setting watchdog for 200 seconds at Tue Apr 21 14:02:06 UTC 2020
2651 ms. Memory: 136192K Free: 107149K (79%)
ptolemy.util.test.WatchDog.cancel(): canceling Tue Apr 21 14:02:09 UTC 2020
auto.tcl: Setting watchdog for 200 seconds at Tue Apr 21 14:02:09 UTC 2020
2249 ms. Memory: 163840K Free: 70777K (43%)
ptolemy.util.test.WatchDog.cancel(): canceling Tue Apr 21 14:02:12 UTC 2020
------------------ testing $PTII/ptolemy/domains/de/test/auto/OpenQueuingNetwork.xml
auto.tcl: Setting watchdog for 200 seconds at Tue Apr 21 14:02:12 UTC 2020
210 ms. Memory: 58368K Free: 32022K (55%)
ptolemy.util.test.WatchDog.cancel(): canceling Tue Apr 21 14:02:12 UTC 2020
auto.tcl: Setting watchdog for 200 seconds at Tue Apr 21 14:02:12 UTC 2020
206 ms. Memory: 58368K Free: 13446K (23%)
ptolemy.util.test.WatchDog.cancel(): canceling Tue Apr 21 14:02:12 UTC 2020
------------------ testing $PTII/ptolemy/domains/de/test/auto/PeriodicSampler.xml
auto.tcl: Setting watchdog for 200 seconds at Tue Apr 21 14:02:12 UTC 2020
3 ms. Memory: 51200K Free: 32017K (63%)
ptolemy.util.test.WatchDog.cancel(): canceling Tue Apr 21 14:02:12 UTC 2020
auto.tcl: Setting watchdog for 200 seconds at Tue Apr 21 14:02:12 UTC 2020
2 ms. Memory: 51200K Free: 31497K (62%)
ptolemy.util.test.WatchDog.cancel(): canceling Tue Apr 21 14:02:12 UTC 2020
------------------ testing $PTII/ptolemy/domains/de/test/auto/PersistentIO.xml
auto.tcl: Setting watchdog for 200 seconds at Tue Apr 21 14:02:12 UTC 2020
7 ms. Memory: 51200K Free: 26942K (53%)
ptolemy.util.test.WatchDog.cancel(): canceling Tue Apr 21 14:02:12 UTC 2020
auto.tcl: Setting watchdog for 200 seconds at Tue Apr 21 14:02:12 UTC 2020
7 ms. Memory: 51200K Free: 25422K (50%)
ptolemy.util.test.WatchDog.cancel(): canceling Tue Apr 21 14:02:12 UTC 2020
------------------ testing $PTII/ptolemy/domains/de/test/auto/PortParameterResetOnInitialize.xml
auto.tcl: Setting watchdog for 200 seconds at Tue Apr 21 14:02:12 UTC 2020
8 ms. Memory: 51200K Free: 31923K (62%)
ptolemy.util.test.WatchDog.cancel(): canceling Tue Apr 21 14:02:12 UTC 2020
auto.tcl: Setting watchdog for 200 seconds at Tue Apr 21 14:02:12 UTC 2020
2 ms. Memory: 51200K Free: 31430K (61%)
ptolemy.util.test.WatchDog.cancel(): canceling Tue Apr 21 14:02:12 UTC 2020
------------------ testing $PTII/ptolemy/domains/de/test/auto/PortParameterUpdates.xml
auto.tcl: Setting watchdog for 200 seconds at Tue Apr 21 14:02:12 UTC 2020
6 ms. Memory: 51200K Free: 30224K (59%)
ptolemy.util.test.WatchDog.cancel(): canceling Tue Apr 21 14:02:12 UTC 2020
auto.tcl: Setting watchdog for 200 seconds at Tue Apr 21 14:02:12 UTC 2020
2 ms. Memory: 51200K Free: 28999K (57%)
ptolemy.util.test.WatchDog.cancel(): canceling Tue Apr 21 14:02:12 UTC 2020
------------------ testing $PTII/ptolemy/domains/de/test/auto/QueueAndServer.xml
auto.tcl: Setting watchdog for 200 seconds at Tue Apr 21 14:02:12 UTC 2020
13 ms. Memory: 51200K Free: 29179K (57%)
ptolemy.util.test.WatchDog.cancel(): canceling Tue Apr 21 14:02:12 UTC 2020
auto.tcl: Setting watchdog for 200 seconds at Tue Apr 21 14:02:12 UTC 2020
6 ms. Memory: 51200K Free: 27430K (54%)
ptolemy.util.test.WatchDog.cancel(): canceling Tue Apr 21 14:02:12 UTC 2020
------------------ testing $PTII/ptolemy/domains/de/test/auto/Records.xml
auto.tcl: Setting watchdog for 200 seconds at Tue Apr 21 14:02:12 UTC 2020
5 ms. Memory: 51200K Free: 31170K (61%)
ptolemy.util.test.WatchDog.cancel(): canceling Tue Apr 21 14:02:13 UTC 2020
auto.tcl: Setting watchdog for 200 seconds at Tue Apr 21 14:02:13 UTC 2020
2 ms. Memory: 51200K Free: 30658K (60%)
ptolemy.util.test.WatchDog.cancel(): canceling Tue Apr 21 14:02:13 UTC 2020
------------------ testing $PTII/ptolemy/domains/de/test/auto/ResetTransitionWithStartTime1.xml
auto.tcl: Setting watchdog for 200 seconds at Tue Apr 21 14:02:13 UTC 2020
12 ms. Memory: 51200K Free: 28463K (56%)
ptolemy.util.test.WatchDog.cancel(): canceling Tue Apr 21 14:02:13 UTC 2020
auto.tcl: Setting watchdog for 200 seconds at Tue Apr 21 14:02:13 UTC 2020
5 ms. Memory: 51200K Free: 26379K (52%)
ptolemy.util.test.WatchDog.cancel(): canceling Tue Apr 21 14:02:13 UTC 2020
------------------ testing $PTII/ptolemy/domains/de/test/auto/ResetTransitionWithStartTime2.xml
auto.tcl: Setting watchdog for 200 seconds at Tue Apr 21 14:02:13 UTC 2020
8 ms. Memory: 51200K Free: 28382K (55%)
ptolemy.util.test.WatchDog.cancel(): canceling Tue Apr 21 14:02:13 UTC 2020
auto.tcl: Setting watchdog for 200 seconds at Tue Apr 21 14:02:13 UTC 2020
5 ms. Memory: 51200K Free: 25820K (50%)
ptolemy.util.test.WatchDog.cancel(): canceling Tue Apr 21 14:02:13 UTC 2020
------------------ testing $PTII/ptolemy/domains/de/test/auto/ResetTransitionWithStartTime3.xml
auto.tcl: Setting watchdog for 200 seconds at Tue Apr 21 14:02:13 UTC 2020
5 ms. Memory: 51200K Free: 28381K (55%)
ptolemy.util.test.WatchDog.cancel(): canceling Tue Apr 21 14:02:13 UTC 2020
auto.tcl: Setting watchdog for 200 seconds at Tue Apr 21 14:02:13 UTC 2020
4 ms. Memory: 51200K Free: 26333K (51%)
ptolemy.util.test.WatchDog.cancel(): canceling Tue Apr 21 14:02:13 UTC 2020
------------------ testing $PTII/ptolemy/domains/de/test/auto/ResetTransitionWithStartTime4.xml
auto.tcl: Setting watchdog for 200 seconds at Tue Apr 21 14:02:13 UTC 2020
7 ms. Memory: 51200K Free: 28805K (56%)
ptolemy.util.test.WatchDog.cancel(): canceling Tue Apr 21 14:02:13 UTC 2020
auto.tcl: Setting watchdog for 200 seconds at Tue Apr 21 14:02:13 UTC 2020
3 ms. Memory: 51200K Free: 27356K (53%)
ptolemy.util.test.WatchDog.cancel(): canceling Tue Apr 21 14:02:13 UTC 2020
------------------ testing $PTII/ptolemy/domains/de/test/auto/ResettableTimer1.xml
auto.tcl: Setting watchdog for 200 seconds at Tue Apr 21 14:02:13 UTC 2020
3 ms. Memory: 51200K Free: 32557K (64%)
ptolemy.util.test.WatchDog.cancel(): canceling Tue Apr 21 14:02:13 UTC 2020
auto.tcl: Setting watchdog for 200 seconds at Tue Apr 21 14:02:13 UTC 2020
1 ms. Memory: 51200K Free: 31930K (62%)
ptolemy.util.test.WatchDog.cancel(): canceling Tue Apr 21 14:02:13 UTC 2020
------------------ testing $PTII/ptolemy/domains/de/test/auto/ResettableTimer2.xml
auto.tcl: Setting watchdog for 200 seconds at Tue Apr 21 14:02:13 UTC 2020
2 ms. Memory: 51200K Free: 32613K (64%)
ptolemy.util.test.WatchDog.cancel(): canceling Tue Apr 21 14:02:13 UTC 2020
auto.tcl: Setting watchdog for 200 seconds at Tue Apr 21 14:02:13 UTC 2020
2 ms. Memory: 51200K Free: 32000K (63%)
ptolemy.util.test.WatchDog.cancel(): canceling Tue Apr 21 14:02:13 UTC 2020
------------------ testing $PTII/ptolemy/domains/de/test/auto/ResettableTimer3.xml
auto.tcl: Setting watchdog for 200 seconds at Tue Apr 21 14:02:13 UTC 2020
1 ms. Memory: 51200K Free: 32513K (64%)
ptolemy.util.test.WatchDog.cancel(): canceling Tue Apr 21 14:02:13 UTC 2020
auto.tcl: Setting watchdog for 200 seconds at Tue Apr 21 14:02:13 UTC 2020
1 ms. Memory: 51200K Free: 32513K (64%)
ptolemy.util.test.WatchDog.cancel(): canceling Tue Apr 21 14:02:13 UTC 2020
------------------ testing $PTII/ptolemy/domains/de/test/auto/ResettableTimer4.xml
auto.tcl: Setting watchdog for 200 seconds at Tue Apr 21 14:02:13 UTC 2020
1 ms. Memory: 51200K Free: 32527K (64%)
ptolemy.util.test.WatchDog.cancel(): canceling Tue Apr 21 14:02:13 UTC 2020
auto.tcl: Setting watchdog for 200 seconds at Tue Apr 21 14:02:13 UTC 2020
1 ms. Memory: 51200K Free: 32013K (63%)
ptolemy.util.test.WatchDog.cancel(): canceling Tue Apr 21 14:02:13 UTC 2020
------------------ testing $PTII/ptolemy/domains/de/test/auto/ResettableTimer5.xml
auto.tcl: Setting watchdog for 200 seconds at Tue Apr 21 14:02:13 UTC 2020
2 ms. Memory: 51200K Free: 32011K (63%)
ptolemy.util.test.WatchDog.cancel(): canceling Tue Apr 21 14:02:13 UTC 2020
auto.tcl: Setting watchdog for 200 seconds at Tue Apr 21 14:02:13 UTC 2020
2 ms. Memory: 51200K Free: 31501K (62%)
ptolemy.util.test.WatchDog.cancel(): canceling Tue Apr 21 14:02:13 UTC 2020
------------------ testing $PTII/ptolemy/domains/de/test/auto/ResettableTimer6.xml
auto.tcl: Setting watchdog for 200 seconds at Tue Apr 21 14:02:13 UTC 2020
2 ms. Memory: 51200K Free: 32001K (63%)
ptolemy.util.test.WatchDog.cancel(): canceling Tue Apr 21 14:02:13 UTC 2020
auto.tcl: Setting watchdog for 200 seconds at Tue Apr 21 14:02:13 UTC 2020
1 ms. Memory: 51200K Free: 31491K (62%)
ptolemy.util.test.WatchDog.cancel(): canceling Tue Apr 21 14:02:13 UTC 2020
------------------ testing $PTII/ptolemy/domains/de/test/auto/ServerZeroDelay.xml
auto.tcl: Setting watchdog for 200 seconds at Tue Apr 21 14:02:13 UTC 2020
3 ms. Memory: 51200K Free: 32590K (64%)
ptolemy.util.test.WatchDog.cancel(): canceling Tue Apr 21 14:02:13 UTC 2020
auto.tcl: Setting watchdog for 200 seconds at Tue Apr 21 14:02:13 UTC 2020
2 ms. Memory: 51200K Free: 31483K (61%)
ptolemy.util.test.WatchDog.cancel(): canceling Tue Apr 21 14:02:13 UTC 2020
------------------ testing $PTII/ptolemy/domains/de/test/auto/SmartSender.xml
auto.tcl: Setting watchdog for 200 seconds at Tue Apr 21 14:02:13 UTC 2020
3001 ms. Memory: 51200K Free: 31987K (62%)
ptolemy.util.test.WatchDog.cancel(): canceling Tue Apr 21 14:02:16 UTC 2020
auto.tcl: Setting watchdog for 200 seconds at Tue Apr 21 14:02:16 UTC 2020
3002 ms. Memory: 51200K Free: 31477K (61%)
ptolemy.util.test.WatchDog.cancel(): canceling Tue Apr 21 14:02:19 UTC 2020
------------------ testing $PTII/ptolemy/domains/de/test/auto/ThreadedComposite.xml
auto.tcl: Setting watchdog for 200 seconds at Tue Apr 21 14:02:19 UTC 2020
239 ms. Memory: 51200K Free: 13059K (26%)
ptolemy.util.test.WatchDog.cancel(): canceling Tue Apr 21 14:02:20 UTC 2020
auto.tcl: Setting watchdog for 200 seconds at Tue Apr 21 14:02:20 UTC 2020
134 ms. Memory: 51200K Free: 28980K (57%)
ptolemy.util.test.WatchDog.cancel(): canceling Tue Apr 21 14:02:20 UTC 2020
------------------ testing $PTII/ptolemy/domains/de/test/auto/Time.xml
auto.tcl: Setting watchdog for 200 seconds at Tue Apr 21 14:02:20 UTC 2020
439 ms. Memory: 51200K Free: 10174K (20%)
ptolemy.util.test.WatchDog.cancel(): canceling Tue Apr 21 14:02:20 UTC 2020
auto.tcl: Setting watchdog for 200 seconds at Tue Apr 21 14:02:20 UTC 2020
420 ms. Memory: 51200K Free: 16040K (31%)
ptolemy.util.test.WatchDog.cancel(): canceling Tue Apr 21 14:02:21 UTC 2020
------------------ testing $PTII/ptolemy/domains/de/test/auto/TimeDelayZeroDelay.xml
auto.tcl: Setting watchdog for 200 seconds at Tue Apr 21 14:02:21 UTC 2020
2 ms. Memory: 51200K Free: 32431K (63%)
ptolemy.util.test.WatchDog.cancel(): canceling Tue Apr 21 14:02:21 UTC 2020
auto.tcl: Setting watchdog for 200 seconds at Tue Apr 21 14:02:21 UTC 2020
1 ms. Memory: 51200K Free: 31563K (62%)
ptolemy.util.test.WatchDog.cancel(): canceling Tue Apr 21 14:02:21 UTC 2020
------------------ testing $PTII/ptolemy/domains/de/test/auto/TimerZeroDelay.xml
auto.tcl: Setting watchdog for 200 seconds at Tue Apr 21 14:02:21 UTC 2020
3 ms. Memory: 51200K Free: 32864K (64%)
ptolemy.util.test.WatchDog.cancel(): canceling Tue Apr 21 14:02:21 UTC 2020
auto.tcl: Setting watchdog for 200 seconds at Tue Apr 21 14:02:21 UTC 2020
1 ms. Memory: 51200K Free: 32043K (63%)
ptolemy.util.test.WatchDog.cancel(): canceling Tue Apr 21 14:02:21 UTC 2020
------------------ testing $PTII/ptolemy/domains/de/test/auto/TimingParadox.xml
auto.tcl: Setting watchdog for 200 seconds at Tue Apr 21 14:02:21 UTC 2020
312 ms. Memory: 61440K Free: 31806K (52%)
ptolemy.util.test.WatchDog.cancel(): canceling Tue Apr 21 14:02:21 UTC 2020
auto.tcl: Setting watchdog for 200 seconds at Tue Apr 21 14:02:21 UTC 2020
309 ms. Memory: 61440K Free: 30325K (49%)
ptolemy.util.test.WatchDog.cancel(): canceling Tue Apr 21 14:02:22 UTC 2020
------------------ testing $PTII/ptolemy/domains/de/test/auto/TransferInputs.xml
auto.tcl: Setting watchdog for 200 seconds at Tue Apr 21 14:02:22 UTC 2020
1 ms. Memory: 55296K Free: 35038K (63%)
ptolemy.util.test.WatchDog.cancel(): canceling Tue Apr 21 14:02:22 UTC 2020
auto.tcl: Setting watchdog for 200 seconds at Tue Apr 21 14:02:22 UTC 2020
2 ms. Memory: 55296K Free: 34177K (62%)
ptolemy.util.test.WatchDog.cancel(): canceling Tue Apr 21 14:02:22 UTC 2020
------------------ testing $PTII/ptolemy/domains/de/test/auto/TransferOutputs2.xml
auto.tcl: Setting watchdog for 200 seconds at Tue Apr 21 14:02:22 UTC 2020
2 ms. Memory: 51200K Free: 28384K (55%)
ptolemy.util.test.WatchDog.cancel(): canceling Tue Apr 21 14:02:22 UTC 2020
auto.tcl: Setting watchdog for 200 seconds at Tue Apr 21 14:02:22 UTC 2020
3 ms. Memory: 51200K Free: 26990K (53%)
ptolemy.util.test.WatchDog.cancel(): canceling Tue Apr 21 14:02:22 UTC 2020
------------------ testing $PTII/ptolemy/domains/de/test/auto/Trilateration.xml
auto.tcl: Setting watchdog for 200 seconds at Tue Apr 21 14:02:22 UTC 2020
11609 ms. Memory: 414720K Free: 344177K (83%)
ptolemy.util.test.WatchDog.cancel(): canceling Tue Apr 21 14:02:35 UTC 2020
auto.tcl: Setting watchdog for 200 seconds at Tue Apr 21 14:02:35 UTC 2020
8466 ms. Memory: 414720K Free: 160198K (39%)
ptolemy.util.test.WatchDog.cancel(): canceling Tue Apr 21 14:02:43 UTC 2020
------------------ testing $PTII/ptolemy/domains/de/test/auto/TwoSigmaDelta.xml
auto.tcl: Setting watchdog for 200 seconds at Tue Apr 21 14:02:43 UTC 2020
2172 ms. Memory: 92160K Free: 39859K (43%)
ptolemy.util.test.WatchDog.cancel(): canceling Tue Apr 21 14:02:45 UTC 2020
auto.tcl: Setting watchdog for 200 seconds at Tue Apr 21 14:02:45 UTC 2020
1759 ms. Memory: 92160K Free: 40915K (44%)
ptolemy.util.test.WatchDog.cancel(): canceling Tue Apr 21 14:02:47 UTC 2020
------------------ testing $PTII/ptolemy/domains/de/test/auto/VariableDelay.xml
auto.tcl: Setting watchdog for 200 seconds at Tue Apr 21 14:02:47 UTC 2020
5 ms. Memory: 55296K Free: 35513K (64%)
ptolemy.util.test.WatchDog.cancel(): canceling Tue Apr 21 14:02:47 UTC 2020
auto.tcl: Setting watchdog for 200 seconds at Tue Apr 21 14:02:47 UTC 2020
2 ms. Memory: 55296K Free: 34519K (62%)
ptolemy.util.test.WatchDog.cancel(): canceling Tue Apr 21 14:02:47 UTC 2020
------------------ testing $PTII/ptolemy/domains/de/test/auto/VariableDelay2.xml
auto.tcl: Setting watchdog for 200 seconds at Tue Apr 21 14:02:47 UTC 2020
2 ms. Memory: 51200K Free: 32047K (63%)
ptolemy.util.test.WatchDog.cancel(): canceling Tue Apr 21 14:02:47 UTC 2020
auto.tcl: Setting watchdog for 200 seconds at Tue Apr 21 14:02:47 UTC 2020
2 ms. Memory: 51200K Free: 31519K (62%)
ptolemy.util.test.WatchDog.cancel(): canceling Tue Apr 21 14:02:47 UTC 2020
------------------ testing $PTII/ptolemy/domains/de/test/auto/VariableDelayZeroDelay.xml
auto.tcl: Setting watchdog for 200 seconds at Tue Apr 21 14:02:47 UTC 2020
2 ms. Memory: 51200K Free: 32359K (63%)
ptolemy.util.test.WatchDog.cancel(): canceling Tue Apr 21 14:02:47 UTC 2020
auto.tcl: Setting watchdog for 200 seconds at Tue Apr 21 14:02:47 UTC 2020
2 ms. Memory: 51200K Free: 31815K (62%)
ptolemy.util.test.WatchDog.cancel(): canceling Tue Apr 21 14:02:47 UTC 2020
------------------ testing $PTII/ptolemy/domains/de/test/auto/VariableDelayZeroDelay2.xml
auto.tcl: Setting watchdog for 200 seconds at Tue Apr 21 14:02:47 UTC 2020
4 ms. Memory: 51200K Free: 32358K (63%)
ptolemy.util.test.WatchDog.cancel(): canceling Tue Apr 21 14:02:47 UTC 2020
auto.tcl: Setting watchdog for 200 seconds at Tue Apr 21 14:02:47 UTC 2020
2 ms. Memory: 51200K Free: 31334K (61%)
ptolemy.util.test.WatchDog.cancel(): canceling Tue Apr 21 14:02:47 UTC 2020
------------------ testing $PTII/ptolemy/domains/de/test/auto/deInCt.xml
auto.tcl: Setting watchdog for 200 seconds at Tue Apr 21 14:02:47 UTC 2020
0
1
1
1
0
0
0
1
1
1
0
0
0
1
1
1
0
0
0
1
1
1
1
1
0
0
0
1
1
1
1
1
1
10 ms. Memory: 51200K Free: 31331K (61%)
ptolemy.util.test.WatchDog.cancel(): canceling Tue Apr 21 14:02:47 UTC 2020
auto.tcl: Setting watchdog for 200 seconds at Tue Apr 21 14:02:47 UTC 2020
0
1
1
1
0
0
0
1
1
1
0
0
0
0
1
1
1
0
0
0
1
1
1
0
0
0
1
1
1
0
0
0
1
1
1
1
0
0
0
0
1
1
1
1
1
5 ms. Memory: 51200K Free: 29793K (58%)
ptolemy.util.test.WatchDog.cancel(): canceling Tue Apr 21 14:02:47 UTC 2020
------------------ testing $PTII/ptolemy/domains/de/test/auto/deInCt2.xml
auto.tcl: Setting watchdog for 200 seconds at Tue Apr 21 14:02:47 UTC 2020
0
1
1
1
0
0
1
1
1
0
0
1
1
1
0
0
1
1
1
0
0
1
1
1
0
0
1
1
1
0
0
1
1
1
0
0
1
1
1
0
0
0
7 ms. Memory: 51200K Free: 31332K (61%)
ptolemy.util.test.WatchDog.cancel(): canceling Tue Apr 21 14:02:47 UTC 2020
auto.tcl: Setting watchdog for 200 seconds at Tue Apr 21 14:02:47 UTC 2020
0
1
1
1
0
0
1
1
1
0
0
1
1
1
0
0
1
1
1
0
0
1
1
1
0
0
1
1
1
0
0
1
1
1
0
0
1
1
1
0
0
0
7 ms. Memory: 51200K Free: 29780K (58%)
ptolemy.util.test.WatchDog.cancel(): canceling Tue Apr 21 14:02:47 UTC 2020
------------------ testing $PTII/ptolemy/domains/de/test/auto/dynamicCausalityInterface1.xml
auto.tcl: Setting watchdog for 200 seconds at Tue Apr 21 14:02:48 UTC 2020
1 ms. Memory: 51200K Free: 27230K (53%)
ptolemy.util.test.WatchDog.cancel(): canceling Tue Apr 21 14:02:48 UTC 2020
auto.tcl: Setting watchdog for 200 seconds at Tue Apr 21 14:02:48 UTC 2020
1 ms. Memory: 51200K Free: 26716K (52%)
ptolemy.util.test.WatchDog.cancel(): canceling Tue Apr 21 14:02:48 UTC 2020
------------------ testing $PTII/ptolemy/domains/de/test/auto/fsm_de_test.xml
auto.tcl: Setting watchdog for 200 seconds at Tue Apr 21 14:02:48 UTC 2020
7 ms. Memory: 51200K Free: 27129K (53%)
ptolemy.util.test.WatchDog.cancel(): canceling Tue Apr 21 14:02:48 UTC 2020
auto.tcl: Setting watchdog for 200 seconds at Tue Apr 21 14:02:48 UTC 2020
4 ms. Memory: 51200K Free: 25081K (49%)
ptolemy.util.test.WatchDog.cancel(): canceling Tue Apr 21 14:02:48 UTC 2020
------------------ testing $PTII/ptolemy/domains/de/test/auto/functionDependencyReconstruction.xml
auto.tcl: Setting watchdog for 200 seconds at Tue Apr 21 14:02:48 UTC 2020
3 ms. Memory: 51200K Free: 20974K (41%)
ptolemy.util.test.WatchDog.cancel(): canceling Tue Apr 21 14:02:48 UTC 2020
auto.tcl: Setting watchdog for 200 seconds at Tue Apr 21 14:02:48 UTC 2020
3 ms. Memory: 51200K Free: 18926K (37%)
ptolemy.util.test.WatchDog.cancel(): canceling Tue Apr 21 14:02:48 UTC 2020
------------------ testing $PTII/ptolemy/domains/de/test/auto/multirate.xml
auto.tcl: Setting watchdog for 200 seconds at Tue Apr 21 14:02:48 UTC 2020
3 ms. Memory: 51200K Free: 29543K (58%)
ptolemy.util.test.WatchDog.cancel(): canceling Tue Apr 21 14:02:48 UTC 2020
auto.tcl: Setting watchdog for 200 seconds at Tue Apr 21 14:02:48 UTC 2020
4 ms. Memory: 51200K Free: 28023K (55%)
ptolemy.util.test.WatchDog.cancel(): canceling Tue Apr 21 14:02:48 UTC 2020
------------------ testing $PTII/ptolemy/domains/de/test/auto/multirate2.xml
auto.tcl: Setting watchdog for 200 seconds at Tue Apr 21 14:02:48 UTC 2020
2 ms. Memory: 51200K Free: 29725K (58%)
ptolemy.util.test.WatchDog.cancel(): canceling Tue Apr 21 14:02:48 UTC 2020
auto.tcl: Setting watchdog for 200 seconds at Tue Apr 21 14:02:48 UTC 2020
2 ms. Memory: 51200K Free: 28205K (55%)
ptolemy.util.test.WatchDog.cancel(): canceling Tue Apr 21 14:02:48 UTC 2020
------------------ testing $PTII/ptolemy/domains/de/test/auto/realtime.xml
auto.tcl: Setting watchdog for 200 seconds at Tue Apr 21 14:02:48 UTC 2020
10001 ms. Memory: 51200K Free: 31979K (62%)
ptolemy.util.test.WatchDog.cancel(): canceling Tue Apr 21 14:02:58 UTC 2020
auto.tcl: Setting watchdog for 200 seconds at Tue Apr 21 14:02:58 UTC 2020
10003 ms. Memory: 51200K Free: 31274K (61%)
ptolemy.util.test.WatchDog.cancel(): canceling Tue Apr 21 14:03:08 UTC 2020
------------------ testing $PTII/ptolemy/domains/de/test/auto/relationGroup.xml
auto.tcl: Setting watchdog for 200 seconds at Tue Apr 21 14:03:08 UTC 2020
2 ms. Memory: 51200K Free: 33049K (65%)
ptolemy.util.test.WatchDog.cancel(): canceling Tue Apr 21 14:03:08 UTC 2020
auto.tcl: Setting watchdog for 200 seconds at Tue Apr 21 14:03:08 UTC 2020
1 ms. Memory: 51200K Free: 32537K (64%)
ptolemy.util.test.WatchDog.cancel(): canceling Tue Apr 21 14:03:08 UTC 2020
------------------ testing $PTII/ptolemy/domains/de/test/auto/relationGroup2.xml
auto.tcl: Setting watchdog for 200 seconds at Tue Apr 21 14:03:08 UTC 2020
1 ms. Memory: 51200K Free: 32891K (64%)
ptolemy.util.test.WatchDog.cancel(): canceling Tue Apr 21 14:03:08 UTC 2020
auto.tcl: Setting watchdog for 200 seconds at Tue Apr 21 14:03:08 UTC 2020
2 ms. Memory: 51200K Free: 32381K (63%)
ptolemy.util.test.WatchDog.cancel(): canceling Tue Apr 21 14:03:08 UTC 2020
------------------ testing $PTII/ptolemy/domains/de/test/auto/sortWithOpaquePorts.xml
auto.tcl: Setting watchdog for 200 seconds at Tue Apr 21 14:03:08 UTC 2020
1 ms. Memory: 51200K Free: 31855K (62%)
ptolemy.util.test.WatchDog.cancel(): canceling Tue Apr 21 14:03:08 UTC 2020
auto.tcl: Setting watchdog for 200 seconds at Tue Apr 21 14:03:08 UTC 2020
1 ms. Memory: 51200K Free: 30833K (60%)
ptolemy.util.test.WatchDog.cancel(): canceling Tue Apr 21 14:03:08 UTC 2020
------------------ testing $PTII/ptolemy/domains/de/test/auto/transferInputsandOutputs.xml
auto.tcl: Setting watchdog for 200 seconds at Tue Apr 21 14:03:08 UTC 2020
3 ms. Memory: 51200K Free: 29298K (57%)
ptolemy.util.test.WatchDog.cancel(): canceling Tue Apr 21 14:03:08 UTC 2020
auto.tcl: Setting watchdog for 200 seconds at Tue Apr 21 14:03:08 UTC 2020
2 ms. Memory: 51200K Free: 28275K (55%)
ptolemy.util.test.WatchDog.cancel(): canceling Tue Apr 21 14:03:08 UTC 2020
------------------ testing $PTII/ptolemy/domains/de/test/auto/triggerType.xml
auto.tcl: Setting watchdog for 200 seconds at Tue Apr 21 14:03:08 UTC 2020
1 ms. Memory: 51200K Free: 32322K (63%)
ptolemy.util.test.WatchDog.cancel(): canceling Tue Apr 21 14:03:08 UTC 2020
auto.tcl: Setting watchdog for 200 seconds at Tue Apr 21 14:03:08 UTC 2020
2 ms. Memory: 51200K Free: 31298K (61%)
ptolemy.util.test.WatchDog.cancel(): canceling Tue Apr 21 14:03:08 UTC 2020
04/21/20 02:03:08
Failed: 0  Total Tests: 192  ((Passed: 187, Newly Passed: 1)  Known Failed: 5) /home/travis/build/icyphy/ptII/ptolemy/domains/de/test
04/21/20 02:03:08
Failed: 0  Total Tests: 192  ((Passed: 187, Newly Passed: 1)  Known Failed: 5) /home/travis/build/icyphy/ptII/ptolemy/domains/de/test
----------------- testing (KnownFailure) /home/travis/build/icyphy/ptII/ptolemy/domains/de/test/auto/knownFailedTests/DESDFClockTest.xml
2013 ms. Memory: 51200K Free: 25207K (49%)
Known Failure: java.lang.reflect.InvocationTargetException
----------------- testing (KnownFailure) /home/travis/build/icyphy/ptII/ptolemy/domains/de/test/auto/knownFailedTests/DirectFeedback.xml
1 ms. Memory: 51200K Free: 21621K (42%)
Known Failure: java.lang.reflect.InvocationTargetException
----------------- testing (KnownFailure) /home/travis/build/icyphy/ptII/ptolemy/domains/de/test/auto/knownFailedTests/FSMSource.xml
10 ms. Memory: 51200K Free: 13415K (26%)
----------------- testing (KnownFailure) /home/travis/build/icyphy/ptII/ptolemy/domains/de/test/auto/knownFailedTests/HierarchicalModel.xml
3 ms. Memory: 51200K Free: 26418K (52%)
Known Failure: java.lang.reflect.InvocationTargetException
----------------- testing (KnownFailure) /home/travis/build/icyphy/ptII/ptolemy/domains/de/test/auto/knownFailedTests/dependencyLoop.xml
3 ms. Memory: 51200K Free: 11074K (22%)
Known Failure: java.lang.reflect.InvocationTargetException
----------------- testing (KnownFailure) /home/travis/build/icyphy/ptII/ptolemy/domains/de/test/auto/knownFailedTests/dependencyLoop2.xml
3 ms. Memory: 51200K Free: 24825K (48%)
Known Failure: java.lang.reflect.InvocationTargetException
No auto/linux-amd64/*.xml tests in /home/travis/build/icyphy/ptII/ptolemy/domains/de/test
AutoTests.java: About to close Vertx.
AutoTests.java: Vertx closed.

===========================================================================================
----------------- testing Tue Apr 21 14:03:10 UTC 2020 /home/travis/build/icyphy/ptII/ptolemy/domains/de/test/auto/ActorDepthCalculation_actorWithoutPorts.xml
----------------- Instantiating /home/travis/build/icyphy/ptII/ptolemy/domains/de/test/auto/ActorDepthCalculation_actorWithoutPorts.xml
1 ms. Memory: 51200K Free: 17929K (35%)
----------------- Invoking toplevel() on ptolemy.moml.MoMLSimpleApplication@332eed20
----------------- Done invoking toplevel() on ptolemy.moml.MoMLSimpleApplication@332eed20
reloadAllAccessors: .ActorDepthCalculation_actorWithoutPorts

===========================================================================================
----------------- testing Tue Apr 21 14:03:10 UTC 2020 /home/travis/build/icyphy/ptII/ptolemy/domains/de/test/auto/AssemblyLine.xml
----------------- Instantiating /home/travis/build/icyphy/ptII/ptolemy/domains/de/test/auto/AssemblyLine.xml
3 ms. Memory: 51200K Free: 10794K (21%)
----------------- Invoking toplevel() on ptolemy.moml.MoMLSimpleApplication@2f3014c4
----------------- Done invoking toplevel() on ptolemy.moml.MoMLSimpleApplication@2f3014c4
reloadAllAccessors: .AssemblyLine

===========================================================================================
----------------- testing Tue Apr 21 14:03:11 UTC 2020 /home/travis/build/icyphy/ptII/ptolemy/domains/de/test/auto/CQBug1.xml
----------------- Instantiating /home/travis/build/icyphy/ptII/ptolemy/domains/de/test/auto/CQBug1.xml
0 ms. Memory: 51200K Free: 7752K (15%)
----------------- Invoking toplevel() on ptolemy.moml.MoMLSimpleApplication@5b2079d
----------------- Done invoking toplevel() on ptolemy.moml.MoMLSimpleApplication@5b2079d
reloadAllAccessors: .CQBug1

===========================================================================================
----------------- testing Tue Apr 21 14:03:11 UTC 2020 /home/travis/build/icyphy/ptII/ptolemy/domains/de/test/auto/CancelFireAt.xml
----------------- Instantiating /home/travis/build/icyphy/ptII/ptolemy/domains/de/test/auto/CancelFireAt.xml
9 ms. Memory: 51200K Free: 34285K (67%)
----------------- Invoking toplevel() on ptolemy.moml.MoMLSimpleApplication@47208e3a
----------------- Done invoking toplevel() on ptolemy.moml.MoMLSimpleApplication@47208e3a
reloadAllAccessors: .CancelFireAt

===========================================================================================
----------------- testing Tue Apr 21 14:03:11 UTC 2020 /home/travis/build/icyphy/ptII/ptolemy/domains/de/test/auto/CausalityAndComposabilityAnalysis.xml
----------------- Instantiating /home/travis/build/icyphy/ptII/ptolemy/domains/de/test/auto/CausalityAndComposabilityAnalysis.xml
2 ms. Memory: 51200K Free: 30142K (59%)
----------------- Invoking toplevel() on ptolemy.moml.MoMLSimpleApplication@1b59bdbc
----------------- Done invoking toplevel() on ptolemy.moml.MoMLSimpleApplication@1b59bdbc
reloadAllAccessors: .CausalityAndComposabilityAnalysis

===========================================================================================
----------------- testing Tue Apr 21 14:03:11 UTC 2020 /home/travis/build/icyphy/ptII/ptolemy/domains/de/test/auto/CausalityInterface1.xml
----------------- Instantiating /home/travis/build/icyphy/ptII/ptolemy/domains/de/test/auto/CausalityInterface1.xml
5 ms. Memory: 51200K Free: 25014K (49%)
----------------- Invoking toplevel() on ptolemy.moml.MoMLSimpleApplication@51448c0e
----------------- Done invoking toplevel() on ptolemy.moml.MoMLSimpleApplication@51448c0e
reloadAllAccessors: .CausalityInterface1

===========================================================================================
----------------- testing Tue Apr 21 14:03:11 UTC 2020 /home/travis/build/icyphy/ptII/ptolemy/domains/de/test/auto/CausalityInterface15.xml
----------------- Instantiating /home/travis/build/icyphy/ptII/ptolemy/domains/de/test/auto/CausalityInterface15.xml
2 ms. Memory: 51200K Free: 19492K (38%)
----------------- Invoking toplevel() on ptolemy.moml.MoMLSimpleApplication@34a30088
----------------- Done invoking toplevel() on ptolemy.moml.MoMLSimpleApplication@34a30088
reloadAllAccessors: .CausalityInterface15

===========================================================================================
----------------- testing Tue Apr 21 14:03:11 UTC 2020 /home/travis/build/icyphy/ptII/ptolemy/domains/de/test/auto/CausalityInterface2.xml
----------------- Instantiating /home/travis/build/icyphy/ptII/ptolemy/domains/de/test/auto/CausalityInterface2.xml
1 ms. Memory: 51200K Free: 14814K (29%)
----------------- Invoking toplevel() on ptolemy.moml.MoMLSimpleApplication@673f3087
----------------- Done invoking toplevel() on ptolemy.moml.MoMLSimpleApplication@673f3087
reloadAllAccessors: .CausalityInterface2

===========================================================================================
----------------- testing Tue Apr 21 14:03:11 UTC 2020 /home/travis/build/icyphy/ptII/ptolemy/domains/de/test/auto/CausalityInterface3.xml
----------------- Instantiating /home/travis/build/icyphy/ptII/ptolemy/domains/de/test/auto/CausalityInterface3.xml
2 ms. Memory: 51200K Free: 9732K (19%)
----------------- Invoking toplevel() on ptolemy.moml.MoMLSimpleApplication@4455a9d0
----------------- Done invoking toplevel() on ptolemy.moml.MoMLSimpleApplication@4455a9d0
reloadAllAccessors: .CausalityInterface3

===========================================================================================
----------------- testing Tue Apr 21 14:03:11 UTC 2020 /home/travis/build/icyphy/ptII/ptolemy/domains/de/test/auto/ClockDrift.xml
----------------- Instantiating /home/travis/build/icyphy/ptII/ptolemy/domains/de/test/auto/ClockDrift.xml
17 ms. Memory: 51200K Free: 26227K (51%)
----------------- Invoking toplevel() on ptolemy.moml.MoMLSimpleApplication@5e7241db
----------------- Done invoking toplevel() on ptolemy.moml.MoMLSimpleApplication@5e7241db
reloadAllAccessors: .ClockDrift

===========================================================================================
----------------- testing Tue Apr 21 14:03:11 UTC 2020 /home/travis/build/icyphy/ptII/ptolemy/domains/de/test/auto/ClockDriftAndValueChange.xml
----------------- Instantiating /home/travis/build/icyphy/ptII/ptolemy/domains/de/test/auto/ClockDriftAndValueChange.xml
9 ms. Memory: 51200K Free: 14551K (28%)
----------------- Invoking toplevel() on ptolemy.moml.MoMLSimpleApplication@5b343c87
----------------- Done invoking toplevel() on ptolemy.moml.MoMLSimpleApplication@5b343c87
reloadAllAccessors: .ClockDriftAndValueChange

===========================================================================================
----------------- testing Tue Apr 21 14:03:11 UTC 2020 /home/travis/build/icyphy/ptII/ptolemy/domains/de/test/auto/ClockDriftChange.xml
----------------- Instantiating /home/travis/build/icyphy/ptII/ptolemy/domains/de/test/auto/ClockDriftChange.xml
8 ms. Memory: 51200K Free: 33255K (65%)
----------------- Invoking toplevel() on ptolemy.moml.MoMLSimpleApplication@144da6f1
----------------- Done invoking toplevel() on ptolemy.moml.MoMLSimpleApplication@144da6f1
reloadAllAccessors: .ClockDriftChange

===========================================================================================
----------------- testing Tue Apr 21 14:03:11 UTC 2020 /home/travis/build/icyphy/ptII/ptolemy/domains/de/test/auto/ComposableCausalityAnalysis.xml
----------------- Instantiating /home/travis/build/icyphy/ptII/ptolemy/domains/de/test/auto/ComposableCausalityAnalysis.xml
1 ms. Memory: 51200K Free: 27442K (54%)
----------------- Invoking toplevel() on ptolemy.moml.MoMLSimpleApplication@7df41cb0
----------------- Done invoking toplevel() on ptolemy.moml.MoMLSimpleApplication@7df41cb0
reloadAllAccessors: .ComposableCausalityAnalysis

===========================================================================================
----------------- testing Tue Apr 21 14:03:11 UTC 2020 /home/travis/build/icyphy/ptII/ptolemy/domains/de/test/auto/DEFixedPointLimitation.xml
----------------- Instantiating /home/travis/build/icyphy/ptII/ptolemy/domains/de/test/auto/DEFixedPointLimitation.xml
0 ms. Memory: 51200K Free: 22943K (45%)
----------------- Invoking toplevel() on ptolemy.moml.MoMLSimpleApplication@c12f82e
----------------- Done invoking toplevel() on ptolemy.moml.MoMLSimpleApplication@c12f82e
reloadAllAccessors: .DEFixedPointLimitation

===========================================================================================
----------------- testing Tue Apr 21 14:03:11 UTC 2020 /home/travis/build/icyphy/ptII/ptolemy/domains/de/test/auto/DEScheduleTest.xml
----------------- Instantiating /home/travis/build/icyphy/ptII/ptolemy/domains/de/test/auto/DEScheduleTest.xml
1 ms. Memory: 51200K Free: 18815K (37%)
----------------- Invoking toplevel() on ptolemy.moml.MoMLSimpleApplication@5c679d4e
----------------- Done invoking toplevel() on ptolemy.moml.MoMLSimpleApplication@5c679d4e
reloadAllAccessors: .DEScheduleTest

===========================================================================================
----------------- testing Tue Apr 21 14:03:11 UTC 2020 /home/travis/build/icyphy/ptII/ptolemy/domains/de/test/auto/DEinDEwithStartTimes.xml
----------------- Instantiating /home/travis/build/icyphy/ptII/ptolemy/domains/de/test/auto/DEinDEwithStartTimes.xml
2 ms. Memory: 51200K Free: 13114K (26%)
----------------- Invoking toplevel() on ptolemy.moml.MoMLSimpleApplication@32f64ccf
----------------- Done invoking toplevel() on ptolemy.moml.MoMLSimpleApplication@32f64ccf
reloadAllAccessors: .DEinDEwithStartTimes

===========================================================================================
----------------- testing Tue Apr 21 14:03:11 UTC 2020 /home/travis/build/icyphy/ptII/ptolemy/domains/de/test/auto/DEinDEwithStartTimes2.xml
----------------- Instantiating /home/travis/build/icyphy/ptII/ptolemy/domains/de/test/auto/DEinDEwithStartTimes2.xml
2 ms. Memory: 51200K Free: 34053K (67%)
----------------- Invoking toplevel() on ptolemy.moml.MoMLSimpleApplication@35ecfe1e
----------------- Done invoking toplevel() on ptolemy.moml.MoMLSimpleApplication@35ecfe1e
reloadAllAccessors: .DEinDEwithStartTimes2

===========================================================================================
----------------- testing Tue Apr 21 14:03:11 UTC 2020 /home/travis/build/icyphy/ptII/ptolemy/domains/de/test/auto/DateDemo.xml
----------------- Instantiating /home/travis/build/icyphy/ptII/ptolemy/domains/de/test/auto/DateDemo.xml
15 ms. Memory: 51200K Free: 22981K (45%)
----------------- Invoking toplevel() on ptolemy.moml.MoMLSimpleApplication@107b8808
----------------- Done invoking toplevel() on ptolemy.moml.MoMLSimpleApplication@107b8808
reloadAllAccessors: .DateDemo

===========================================================================================
----------------- testing Tue Apr 21 14:03:11 UTC 2020 /home/travis/build/icyphy/ptII/ptolemy/domains/de/test/auto/DateToEvent.xml
----------------- Instantiating /home/travis/build/icyphy/ptII/ptolemy/domains/de/test/auto/DateToEvent.xml
2009 ms. Memory: 51200K Free: 34819K (68%)
----------------- Invoking toplevel() on ptolemy.moml.MoMLSimpleApplication@a97727c
----------------- Done invoking toplevel() on ptolemy.moml.MoMLSimpleApplication@a97727c
reloadAllAccessors: .DateToEvent

===========================================================================================
----------------- testing Tue Apr 21 14:03:13 UTC 2020 /home/travis/build/icyphy/ptII/ptolemy/domains/de/test/auto/DepthTest1.xml
----------------- Instantiating /home/travis/build/icyphy/ptII/ptolemy/domains/de/test/auto/DepthTest1.xml
1 ms. Memory: 51200K Free: 31821K (62%)
----------------- Invoking toplevel() on ptolemy.moml.MoMLSimpleApplication@eb75a8d
----------------- Done invoking toplevel() on ptolemy.moml.MoMLSimpleApplication@eb75a8d
reloadAllAccessors: .DepthTest1

===========================================================================================
----------------- testing Tue Apr 21 14:03:13 UTC 2020 /home/travis/build/icyphy/ptII/ptolemy/domains/de/test/auto/DepthTest2.xml
----------------- Instantiating /home/travis/build/icyphy/ptII/ptolemy/domains/de/test/auto/DepthTest2.xml
1 ms. Memory: 51200K Free: 25503K (50%)
----------------- Invoking toplevel() on ptolemy.moml.MoMLSimpleApplication@587831ab
----------------- Done invoking toplevel() on ptolemy.moml.MoMLSimpleApplication@587831ab
reloadAllAccessors: .DepthTest2

===========================================================================================
----------------- testing Tue Apr 21 14:03:13 UTC 2020 /home/travis/build/icyphy/ptII/ptolemy/domains/de/test/auto/DepthTest3.xml
----------------- Instantiating /home/travis/build/icyphy/ptII/ptolemy/domains/de/test/auto/DepthTest3.xml
2 ms. Memory: 51200K Free: 22445K (44%)
----------------- Invoking toplevel() on ptolemy.moml.MoMLSimpleApplication@79d1a0bb
----------------- Done invoking toplevel() on ptolemy.moml.MoMLSimpleApplication@79d1a0bb
reloadAllAccessors: .DepthTest3

===========================================================================================
----------------- testing Tue Apr 21 14:03:13 UTC 2020 /home/travis/build/icyphy/ptII/ptolemy/domains/de/test/auto/DepthTest4.xml
----------------- Instantiating /home/travis/build/icyphy/ptII/ptolemy/domains/de/test/auto/DepthTest4.xml
1 ms. Memory: 51200K Free: 17702K (35%)
----------------- Invoking toplevel() on ptolemy.moml.MoMLSimpleApplication@4ee45567
----------------- Done invoking toplevel() on ptolemy.moml.MoMLSimpleApplication@4ee45567
reloadAllAccessors: .DepthTest4

===========================================================================================
----------------- testing Tue Apr 21 14:03:13 UTC 2020 /home/travis/build/icyphy/ptII/ptolemy/domains/de/test/auto/DepthTest5.xml
----------------- Instantiating /home/travis/build/icyphy/ptII/ptolemy/domains/de/test/auto/DepthTest5.xml
2 ms. Memory: 51200K Free: 12582K (25%)
----------------- Invoking toplevel() on ptolemy.moml.MoMLSimpleApplication@1a48ff19
----------------- Done invoking toplevel() on ptolemy.moml.MoMLSimpleApplication@1a48ff19
reloadAllAccessors: .DepthTest5

===========================================================================================
----------------- testing Tue Apr 21 14:03:13 UTC 2020 /home/travis/build/icyphy/ptII/ptolemy/domains/de/test/auto/DepthTest6.xml
----------------- Instantiating /home/travis/build/icyphy/ptII/ptolemy/domains/de/test/auto/DepthTest6.xml
2 ms. Memory: 51200K Free: 34894K (68%)
----------------- Invoking toplevel() on ptolemy.moml.MoMLSimpleApplication@15b59f45
----------------- Done invoking toplevel() on ptolemy.moml.MoMLSimpleApplication@15b59f45
reloadAllAccessors: .DepthTest6

===========================================================================================
----------------- testing Tue Apr 21 14:03:13 UTC 2020 /home/travis/build/icyphy/ptII/ptolemy/domains/de/test/auto/DepthTest7.xml
----------------- Instantiating /home/travis/build/icyphy/ptII/ptolemy/domains/de/test/auto/DepthTest7.xml
1 ms. Memory: 51200K Free: 30099K (59%)
----------------- Invoking toplevel() on ptolemy.moml.MoMLSimpleApplication@180f59c4
----------------- Done invoking toplevel() on ptolemy.moml.MoMLSimpleApplication@180f59c4
reloadAllAccessors: .DepthTest7

===========================================================================================
----------------- testing Tue Apr 21 14:03:13 UTC 2020 /home/travis/build/icyphy/ptII/ptolemy/domains/de/test/auto/EventToDate.xml
----------------- Instantiating /home/travis/build/icyphy/ptII/ptolemy/domains/de/test/auto/EventToDate.xml
3003 ms. Memory: 51200K Free: 16635K (32%)
----------------- Invoking toplevel() on ptolemy.moml.MoMLSimpleApplication@1dc461a5
----------------- Done invoking toplevel() on ptolemy.moml.MoMLSimpleApplication@1dc461a5
reloadAllAccessors: .EventToDate

===========================================================================================
----------------- testing Tue Apr 21 14:03:16 UTC 2020 /home/travis/build/icyphy/ptII/ptolemy/domains/de/test/auto/FSM1.xml
----------------- Instantiating /home/travis/build/icyphy/ptII/ptolemy/domains/de/test/auto/FSM1.xml
9 ms. Memory: 51200K Free: 32191K (63%)
----------------- Invoking toplevel() on ptolemy.moml.MoMLSimpleApplication@7171dbd2
----------------- Done invoking toplevel() on ptolemy.moml.MoMLSimpleApplication@7171dbd2
reloadAllAccessors: .FSM1

===========================================================================================
----------------- testing Tue Apr 21 14:03:16 UTC 2020 /home/travis/build/icyphy/ptII/ptolemy/domains/de/test/auto/FSM7.xml
----------------- Instantiating /home/travis/build/icyphy/ptII/ptolemy/domains/de/test/auto/FSM7.xml
12 ms. Memory: 51200K Free: 19570K (38%)
----------------- Invoking toplevel() on ptolemy.moml.MoMLSimpleApplication@9391885
----------------- Done invoking toplevel() on ptolemy.moml.MoMLSimpleApplication@9391885
reloadAllAccessors: .FSM7

===========================================================================================
----------------- testing Tue Apr 21 14:03:16 UTC 2020 /home/travis/build/icyphy/ptII/ptolemy/domains/de/test/auto/Inspection.xml
----------------- Instantiating /home/travis/build/icyphy/ptII/ptolemy/domains/de/test/auto/Inspection.xml
16 ms. Memory: 51200K Free: 34835K (68%)
----------------- Invoking toplevel() on ptolemy.moml.MoMLSimpleApplication@5e464ebe
----------------- Done invoking toplevel() on ptolemy.moml.MoMLSimpleApplication@5e464ebe
reloadAllAccessors: .Inspection

===========================================================================================
----------------- testing Tue Apr 21 14:03:16 UTC 2020 /home/travis/build/icyphy/ptII/ptolemy/domains/de/test/auto/Iteration.xml
----------------- Instantiating /home/travis/build/icyphy/ptII/ptolemy/domains/de/test/auto/Iteration.xml
10 ms. Memory: 51200K Free: 27714K (54%)
----------------- Invoking toplevel() on ptolemy.moml.MoMLSimpleApplication@59fc8719
----------------- Done invoking toplevel() on ptolemy.moml.MoMLSimpleApplication@59fc8719
reloadAllAccessors: .Iteration

===========================================================================================
----------------- testing Tue Apr 21 14:03:16 UTC 2020 /home/travis/build/icyphy/ptII/ptolemy/domains/de/test/auto/LineFault.xml
----------------- Instantiating /home/travis/build/icyphy/ptII/ptolemy/domains/de/test/auto/LineFault.xml
427 ms. Memory: 51200K Free: 20984K (41%)
----------------- Invoking toplevel() on ptolemy.moml.MoMLSimpleApplication@38e1392a
----------------- Done invoking toplevel() on ptolemy.moml.MoMLSimpleApplication@38e1392a
reloadAllAccessors: .LineFault

===========================================================================================
----------------- testing Tue Apr 21 14:03:17 UTC 2020 /home/travis/build/icyphy/ptII/ptolemy/domains/de/test/auto/MergeModel1Add.xml
----------------- Instantiating /home/travis/build/icyphy/ptII/ptolemy/domains/de/test/auto/MergeModel1Add.xml
5 ms. Memory: 51200K Free: 28162K (55%)
----------------- Invoking toplevel() on ptolemy.moml.MoMLSimpleApplication@57be2bce
----------------- Done invoking toplevel() on ptolemy.moml.MoMLSimpleApplication@57be2bce
reloadAllAccessors: .MergeModel1Add

===========================================================================================
----------------- testing Tue Apr 21 14:03:17 UTC 2020 /home/travis/build/icyphy/ptII/ptolemy/domains/de/test/auto/MergeModel2Add.xml
----------------- Instantiating /home/travis/build/icyphy/ptII/ptolemy/domains/de/test/auto/MergeModel2Add.xml
6 ms. Memory: 51200K Free: 10496K (21%)
----------------- Invoking toplevel() on ptolemy.moml.MoMLSimpleApplication@2dd03b70
----------------- Done invoking toplevel() on ptolemy.moml.MoMLSimpleApplication@2dd03b70
reloadAllAccessors: .MergeModel2Add

===========================================================================================
----------------- testing Tue Apr 21 14:03:17 UTC 2020 /home/travis/build/icyphy/ptII/ptolemy/domains/de/test/auto/MergeModel3Add.xml
----------------- Instantiating /home/travis/build/icyphy/ptII/ptolemy/domains/de/test/auto/MergeModel3Add.xml
5 ms. Memory: 51200K Free: 19117K (37%)
----------------- Invoking toplevel() on ptolemy.moml.MoMLSimpleApplication@3a27286f
----------------- Done invoking toplevel() on ptolemy.moml.MoMLSimpleApplication@3a27286f
reloadAllAccessors: .MergeModel3Add

===========================================================================================
----------------- testing Tue Apr 21 14:03:17 UTC 2020 /home/travis/build/icyphy/ptII/ptolemy/domains/de/test/auto/MergeWithoutDiscard.xml
----------------- Instantiating /home/travis/build/icyphy/ptII/ptolemy/domains/de/test/auto/MergeWithoutDiscard.xml
1 ms. Memory: 51200K Free: 14764K (29%)
----------------- Invoking toplevel() on ptolemy.moml.MoMLSimpleApplication@2c164d7e
----------------- Done invoking toplevel() on ptolemy.moml.MoMLSimpleApplication@2c164d7e
reloadAllAccessors: .MergeWithoutDiscard

===========================================================================================
----------------- testing Tue Apr 21 14:03:17 UTC 2020 /home/travis/build/icyphy/ptII/ptolemy/domains/de/test/auto/Modal1.xml
----------------- Instantiating /home/travis/build/icyphy/ptII/ptolemy/domains/de/test/auto/Modal1.xml
10 ms. Memory: 51200K Free: 28229K (55%)
----------------- Invoking toplevel() on ptolemy.moml.MoMLSimpleApplication@60d53d3b
----------------- Done invoking toplevel() on ptolemy.moml.MoMLSimpleApplication@60d53d3b
reloadAllAccessors: .Modal1

===========================================================================================
----------------- testing Tue Apr 21 14:03:17 UTC 2020 /home/travis/build/icyphy/ptII/ptolemy/domains/de/test/auto/Modal2.xml
----------------- Instantiating /home/travis/build/icyphy/ptII/ptolemy/domains/de/test/auto/Modal2.xml
11 ms. Memory: 51200K Free: 16403K (32%)
----------------- Invoking toplevel() on ptolemy.moml.MoMLSimpleApplication@1b41eecb
----------------- Done invoking toplevel() on ptolemy.moml.MoMLSimpleApplication@1b41eecb
reloadAllAccessors: .Modal2

===========================================================================================
----------------- testing Tue Apr 21 14:03:17 UTC 2020 /home/travis/build/icyphy/ptII/ptolemy/domains/de/test/auto/Modal3.xml
----------------- Instantiating /home/travis/build/icyphy/ptII/ptolemy/domains/de/test/auto/Modal3.xml
7 ms. Memory: 51200K Free: 29742K (58%)
----------------- Invoking toplevel() on ptolemy.moml.MoMLSimpleApplication@75d2a5de
----------------- Done invoking toplevel() on ptolemy.moml.MoMLSimpleApplication@75d2a5de
reloadAllAccessors: .Modal3

===========================================================================================
----------------- testing Tue Apr 21 14:03:17 UTC 2020 /home/travis/build/icyphy/ptII/ptolemy/domains/de/test/auto/Modal4.xml
----------------- Instantiating /home/travis/build/icyphy/ptII/ptolemy/domains/de/test/auto/Modal4.xml
9 ms. Memory: 51200K Free: 17000K (33%)
----------------- Invoking toplevel() on ptolemy.moml.MoMLSimpleApplication@12c437aa
----------------- Done invoking toplevel() on ptolemy.moml.MoMLSimpleApplication@12c437aa
reloadAllAccessors: .Modal4

===========================================================================================
----------------- testing Tue Apr 21 14:03:17 UTC 2020 /home/travis/build/icyphy/ptII/ptolemy/domains/de/test/auto/Modal5.xml
----------------- Instantiating /home/travis/build/icyphy/ptII/ptolemy/domains/de/test/auto/Modal5.xml
9 ms. Memory: 51200K Free: 29261K (57%)
----------------- Invoking toplevel() on ptolemy.moml.MoMLSimpleApplication@c0e746f
----------------- Done invoking toplevel() on ptolemy.moml.MoMLSimpleApplication@c0e746f
reloadAllAccessors: .Modal5

===========================================================================================
----------------- testing Tue Apr 21 14:03:17 UTC 2020 /home/travis/build/icyphy/ptII/ptolemy/domains/de/test/auto/Modal6.xml
----------------- Instantiating /home/travis/build/icyphy/ptII/ptolemy/domains/de/test/auto/Modal6.xml
9 ms. Memory: 51200K Free: 16973K (33%)
----------------- Invoking toplevel() on ptolemy.moml.MoMLSimpleApplication@36519ff6
----------------- Done invoking toplevel() on ptolemy.moml.MoMLSimpleApplication@36519ff6
reloadAllAccessors: .Modal6

===========================================================================================
----------------- testing Tue Apr 21 14:03:17 UTC 2020 /home/travis/build/icyphy/ptII/ptolemy/domains/de/test/auto/Modal7.xml
----------------- Instantiating /home/travis/build/icyphy/ptII/ptolemy/domains/de/test/auto/Modal7.xml
9 ms. Memory: 51200K Free: 29242K (57%)
----------------- Invoking toplevel() on ptolemy.moml.MoMLSimpleApplication@387b4714
----------------- Done invoking toplevel() on ptolemy.moml.MoMLSimpleApplication@387b4714
reloadAllAccessors: .Modal7

===========================================================================================
----------------- testing Tue Apr 21 14:03:17 UTC 2020 /home/travis/build/icyphy/ptII/ptolemy/domains/de/test/auto/ModalModel.xml
----------------- Instantiating /home/travis/build/icyphy/ptII/ptolemy/domains/de/test/auto/ModalModel.xml
137 ms. Memory: 61440K Free: 28579K (47%)
----------------- Invoking toplevel() on ptolemy.moml.MoMLSimpleApplication@455db44d
----------------- Done invoking toplevel() on ptolemy.moml.MoMLSimpleApplication@455db44d
reloadAllAccessors: .ModalModel

===========================================================================================
----------------- testing Tue Apr 21 14:03:17 UTC 2020 /home/travis/build/icyphy/ptII/ptolemy/domains/de/test/auto/ModalSource.xml
----------------- Instantiating /home/travis/build/icyphy/ptII/ptolemy/domains/de/test/auto/ModalSource.xml
4 ms. Memory: 61440K Free: 20044K (33%)
----------------- Invoking toplevel() on ptolemy.moml.MoMLSimpleApplication@2aa7f61d
----------------- Done invoking toplevel() on ptolemy.moml.MoMLSimpleApplication@2aa7f61d
reloadAllAccessors: .ModalSource

===========================================================================================
----------------- testing Tue Apr 21 14:03:17 UTC 2020 /home/travis/build/icyphy/ptII/ptolemy/domains/de/test/auto/NonInterruptibleTimerZeroDelay.xml
----------------- Instantiating /home/travis/build/icyphy/ptII/ptolemy/domains/de/test/auto/NonInterruptibleTimerZeroDelay.xml
1 ms. Memory: 61440K Free: 15996K (26%)
----------------- Invoking toplevel() on ptolemy.moml.MoMLSimpleApplication@5a59a98d
----------------- Done invoking toplevel() on ptolemy.moml.MoMLSimpleApplication@5a59a98d
reloadAllAccessors: .NonInterruptibleTimerZeroDelay

===========================================================================================
----------------- testing Tue Apr 21 14:03:17 UTC 2020 /home/travis/build/icyphy/ptII/ptolemy/domains/de/test/auto/OpenQueueingNetwork.xml
----------------- Instantiating /home/travis/build/icyphy/ptII/ptolemy/domains/de/test/auto/OpenQueueingNetwork.xml
2211 ms. Memory: 138240K Free: 93266K (67%)
----------------- Invoking toplevel() on ptolemy.moml.MoMLSimpleApplication@54b79923
----------------- Done invoking toplevel() on ptolemy.moml.MoMLSimpleApplication@54b79923
reloadAllAccessors: .OpenQueueingNetwork

===========================================================================================
----------------- testing Tue Apr 21 14:03:20 UTC 2020 /home/travis/build/icyphy/ptII/ptolemy/domains/de/test/auto/OpenQueuingNetwork.xml
----------------- Instantiating /home/travis/build/icyphy/ptII/ptolemy/domains/de/test/auto/OpenQueuingNetwork.xml
237 ms. Memory: 174080K Free: 128975K (74%)
----------------- Invoking toplevel() on ptolemy.moml.MoMLSimpleApplication@59b87331
----------------- Done invoking toplevel() on ptolemy.moml.MoMLSimpleApplication@59b87331
reloadAllAccessors: .OpenQueuingNetwork

===========================================================================================
----------------- testing Tue Apr 21 14:03:20 UTC 2020 /home/travis/build/icyphy/ptII/ptolemy/domains/de/test/auto/PeriodicSampler.xml
----------------- Instantiating /home/travis/build/icyphy/ptII/ptolemy/domains/de/test/auto/PeriodicSampler.xml
1 ms. Memory: 174080K Free: 124369K (71%)
----------------- Invoking toplevel() on ptolemy.moml.MoMLSimpleApplication@58fbb553
----------------- Done invoking toplevel() on ptolemy.moml.MoMLSimpleApplication@58fbb553
reloadAllAccessors: .PeriodicSampler

===========================================================================================
----------------- testing Tue Apr 21 14:03:20 UTC 2020 /home/travis/build/icyphy/ptII/ptolemy/domains/de/test/auto/PersistentIO.xml
----------------- Instantiating /home/travis/build/icyphy/ptII/ptolemy/domains/de/test/auto/PersistentIO.xml
8 ms. Memory: 174080K Free: 114609K (66%)
----------------- Invoking toplevel() on ptolemy.moml.MoMLSimpleApplication@2c010f55
----------------- Done invoking toplevel() on ptolemy.moml.MoMLSimpleApplication@2c010f55
reloadAllAccessors: .PersistentIO

===========================================================================================
----------------- testing Tue Apr 21 14:03:20 UTC 2020 /home/travis/build/icyphy/ptII/ptolemy/domains/de/test/auto/PortParameterResetOnInitialize.xml
----------------- Instantiating /home/travis/build/icyphy/ptII/ptolemy/domains/de/test/auto/PortParameterResetOnInitialize.xml
2 ms. Memory: 174080K Free: 110033K (63%)
----------------- Invoking toplevel() on ptolemy.moml.MoMLSimpleApplication@757ba373
----------------- Done invoking toplevel() on ptolemy.moml.MoMLSimpleApplication@757ba373
reloadAllAccessors: .PortParameterResetOnInitialize

===========================================================================================
----------------- testing Tue Apr 21 14:03:20 UTC 2020 /home/travis/build/icyphy/ptII/ptolemy/domains/de/test/auto/PortParameterUpdates.xml
----------------- Instantiating /home/travis/build/icyphy/ptII/ptolemy/domains/de/test/auto/PortParameterUpdates.xml
5 ms. Memory: 174080K Free: 103361K (59%)
----------------- Invoking toplevel() on ptolemy.moml.MoMLSimpleApplication@401b29d3
----------------- Done invoking toplevel() on ptolemy.moml.MoMLSimpleApplication@401b29d3
reloadAllAccessors: .PortParameterUpdates

===========================================================================================
----------------- testing Tue Apr 21 14:03:20 UTC 2020 /home/travis/build/icyphy/ptII/ptolemy/domains/de/test/auto/QueueAndServer.xml
----------------- Instantiating /home/travis/build/icyphy/ptII/ptolemy/domains/de/test/auto/QueueAndServer.xml
4 ms. Memory: 174080K Free: 95697K (55%)
----------------- Invoking toplevel() on ptolemy.moml.MoMLSimpleApplication@97e62e7
----------------- Done invoking toplevel() on ptolemy.moml.MoMLSimpleApplication@97e62e7
reloadAllAccessors: .QueueAndServer

===========================================================================================
----------------- testing Tue Apr 21 14:03:20 UTC 2020 /home/travis/build/icyphy/ptII/ptolemy/domains/de/test/auto/Records.xml
----------------- Instantiating /home/travis/build/icyphy/ptII/ptolemy/domains/de/test/auto/Records.xml
2 ms. Memory: 174080K Free: 90063K (52%)
----------------- Invoking toplevel() on ptolemy.moml.MoMLSimpleApplication@39f8b8e9
----------------- Done invoking toplevel() on ptolemy.moml.MoMLSimpleApplication@39f8b8e9
reloadAllAccessors: .Records

===========================================================================================
----------------- testing Tue Apr 21 14:03:20 UTC 2020 /home/travis/build/icyphy/ptII/ptolemy/domains/de/test/auto/ResetTransitionWithStartTime1.xml
----------------- Instantiating /home/travis/build/icyphy/ptII/ptolemy/domains/de/test/auto/ResetTransitionWithStartTime1.xml
4 ms. Memory: 174080K Free: 81841K (47%)
----------------- Invoking toplevel() on ptolemy.moml.MoMLSimpleApplication@28a2dd03
----------------- Done invoking toplevel() on ptolemy.moml.MoMLSimpleApplication@28a2dd03
reloadAllAccessors: .ResetTransitionWithStartTime1

===========================================================================================
----------------- testing Tue Apr 21 14:03:20 UTC 2020 /home/travis/build/icyphy/ptII/ptolemy/domains/de/test/auto/ResetTransitionWithStartTime2.xml
----------------- Instantiating /home/travis/build/icyphy/ptII/ptolemy/domains/de/test/auto/ResetTransitionWithStartTime2.xml
4 ms. Memory: 174080K Free: 73665K (42%)
----------------- Invoking toplevel() on ptolemy.moml.MoMLSimpleApplication@1a3183b1
----------------- Done invoking toplevel() on ptolemy.moml.MoMLSimpleApplication@1a3183b1
reloadAllAccessors: .ResetTransitionWithStartTime2

===========================================================================================
----------------- testing Tue Apr 21 14:03:20 UTC 2020 /home/travis/build/icyphy/ptII/ptolemy/domains/de/test/auto/ResetTransitionWithStartTime3.xml
----------------- Instantiating /home/travis/build/icyphy/ptII/ptolemy/domains/de/test/auto/ResetTransitionWithStartTime3.xml
3 ms. Memory: 174080K Free: 65457K (38%)
----------------- Invoking toplevel() on ptolemy.moml.MoMLSimpleApplication@3dc83231
----------------- Done invoking toplevel() on ptolemy.moml.MoMLSimpleApplication@3dc83231
reloadAllAccessors: .ResetTransitionWithStartTime3

===========================================================================================
----------------- testing Tue Apr 21 14:03:20 UTC 2020 /home/travis/build/icyphy/ptII/ptolemy/domains/de/test/auto/ResetTransitionWithStartTime4.xml
----------------- Instantiating /home/travis/build/icyphy/ptII/ptolemy/domains/de/test/auto/ResetTransitionWithStartTime4.xml
4 ms. Memory: 174080K Free: 153403K (88%)
----------------- Invoking toplevel() on ptolemy.moml.MoMLSimpleApplication@15249b08
----------------- Done invoking toplevel() on ptolemy.moml.MoMLSimpleApplication@15249b08
reloadAllAccessors: .ResetTransitionWithStartTime4

===========================================================================================
----------------- testing Tue Apr 21 14:03:20 UTC 2020 /home/travis/build/icyphy/ptII/ptolemy/domains/de/test/auto/ResettableTimer1.xml
----------------- Instantiating /home/travis/build/icyphy/ptII/ptolemy/domains/de/test/auto/ResettableTimer1.xml
1 ms. Memory: 174080K Free: 149307K (86%)
----------------- Invoking toplevel() on ptolemy.moml.MoMLSimpleApplication@1fff6201
----------------- Done invoking toplevel() on ptolemy.moml.MoMLSimpleApplication@1fff6201
reloadAllAccessors: .ResettableTimer1

===========================================================================================
----------------- testing Tue Apr 21 14:03:20 UTC 2020 /home/travis/build/icyphy/ptII/ptolemy/domains/de/test/auto/ResettableTimer2.xml
----------------- Instantiating /home/travis/build/icyphy/ptII/ptolemy/domains/de/test/auto/ResettableTimer2.xml
1 ms. Memory: 174080K Free: 145211K (83%)
----------------- Invoking toplevel() on ptolemy.moml.MoMLSimpleApplication@16d20fa2
----------------- Done invoking toplevel() on ptolemy.moml.MoMLSimpleApplication@16d20fa2
reloadAllAccessors: .ResettableTimer2

===========================================================================================
----------------- testing Tue Apr 21 14:03:20 UTC 2020 /home/travis/build/icyphy/ptII/ptolemy/domains/de/test/auto/ResettableTimer3.xml
----------------- Instantiating /home/travis/build/icyphy/ptII/ptolemy/domains/de/test/auto/ResettableTimer3.xml
1 ms. Memory: 174080K Free: 141115K (81%)
----------------- Invoking toplevel() on ptolemy.moml.MoMLSimpleApplication@48298e1f
----------------- Done invoking toplevel() on ptolemy.moml.MoMLSimpleApplication@48298e1f
reloadAllAccessors: .ResettableTimer3

===========================================================================================
----------------- testing Tue Apr 21 14:03:20 UTC 2020 /home/travis/build/icyphy/ptII/ptolemy/domains/de/test/auto/ResettableTimer4.xml
----------------- Instantiating /home/travis/build/icyphy/ptII/ptolemy/domains/de/test/auto/ResettableTimer4.xml
1 ms. Memory: 174080K Free: 137019K (79%)
----------------- Invoking toplevel() on ptolemy.moml.MoMLSimpleApplication@20a32c05
----------------- Done invoking toplevel() on ptolemy.moml.MoMLSimpleApplication@20a32c05
reloadAllAccessors: .ResettableTimer4

===========================================================================================
----------------- testing Tue Apr 21 14:03:20 UTC 2020 /home/travis/build/icyphy/ptII/ptolemy/domains/de/test/auto/ResettableTimer5.xml
----------------- Instantiating /home/travis/build/icyphy/ptII/ptolemy/domains/de/test/auto/ResettableTimer5.xml
1 ms. Memory: 174080K Free: 132923K (76%)
----------------- Invoking toplevel() on ptolemy.moml.MoMLSimpleApplication@1c3020c0
----------------- Done invoking toplevel() on ptolemy.moml.MoMLSimpleApplication@1c3020c0
reloadAllAccessors: .ResettableTimer5

===========================================================================================
----------------- testing Tue Apr 21 14:03:20 UTC 2020 /home/travis/build/icyphy/ptII/ptolemy/domains/de/test/auto/ResettableTimer6.xml
----------------- Instantiating /home/travis/build/icyphy/ptII/ptolemy/domains/de/test/auto/ResettableTimer6.xml
7 ms. Memory: 174080K Free: 128311K (74%)
----------------- Invoking toplevel() on ptolemy.moml.MoMLSimpleApplication@6ffe568f
----------------- Done invoking toplevel() on ptolemy.moml.MoMLSimpleApplication@6ffe568f
reloadAllAccessors: .ResettableTimer6

===========================================================================================
----------------- testing Tue Apr 21 14:03:20 UTC 2020 /home/travis/build/icyphy/ptII/ptolemy/domains/de/test/auto/ServerZeroDelay.xml
----------------- Instantiating /home/travis/build/icyphy/ptII/ptolemy/domains/de/test/auto/ServerZeroDelay.xml
1 ms. Memory: 174080K Free: 124203K (71%)
----------------- Invoking toplevel() on ptolemy.moml.MoMLSimpleApplication@75ae9f4d
----------------- Done invoking toplevel() on ptolemy.moml.MoMLSimpleApplication@75ae9f4d
reloadAllAccessors: .ServerZeroDelay

===========================================================================================
----------------- testing Tue Apr 21 14:03:20 UTC 2020 /home/travis/build/icyphy/ptII/ptolemy/domains/de/test/auto/SmartSender.xml
----------------- Instantiating /home/travis/build/icyphy/ptII/ptolemy/domains/de/test/auto/SmartSender.xml
3002 ms. Memory: 174080K Free: 120121K (69%)
----------------- Invoking toplevel() on ptolemy.moml.MoMLSimpleApplication@13e3362a
----------------- Done invoking toplevel() on ptolemy.moml.MoMLSimpleApplication@13e3362a
reloadAllAccessors: .SmartSender

===========================================================================================
----------------- testing Tue Apr 21 14:03:23 UTC 2020 /home/travis/build/icyphy/ptII/ptolemy/domains/de/test/auto/ThreadedComposite.xml
----------------- Instantiating /home/travis/build/icyphy/ptII/ptolemy/domains/de/test/auto/ThreadedComposite.xml
90 ms. Memory: 174080K Free: 99641K (57%)
----------------- Invoking toplevel() on ptolemy.moml.MoMLSimpleApplication@2e9b245a
----------------- Done invoking toplevel() on ptolemy.moml.MoMLSimpleApplication@2e9b245a
reloadAllAccessors: .ThreadedComposite

===========================================================================================
----------------- testing Tue Apr 21 14:03:23 UTC 2020 /home/travis/build/icyphy/ptII/ptolemy/domains/de/test/auto/Time.xml
----------------- Instantiating /home/travis/build/icyphy/ptII/ptolemy/domains/de/test/auto/Time.xml
342 ms. Memory: 174080K Free: 145825K (84%)
----------------- Invoking toplevel() on ptolemy.moml.MoMLSimpleApplication@5b01250e
----------------- Done invoking toplevel() on ptolemy.moml.MoMLSimpleApplication@5b01250e
reloadAllAccessors: .Time

===========================================================================================
----------------- testing Tue Apr 21 14:03:24 UTC 2020 /home/travis/build/icyphy/ptII/ptolemy/domains/de/test/auto/TimeDelayZeroDelay.xml
----------------- Instantiating /home/travis/build/icyphy/ptII/ptolemy/domains/de/test/auto/TimeDelayZeroDelay.xml
1 ms. Memory: 174080K Free: 141219K (81%)
----------------- Invoking toplevel() on ptolemy.moml.MoMLSimpleApplication@4025f85c
----------------- Done invoking toplevel() on ptolemy.moml.MoMLSimpleApplication@4025f85c
reloadAllAccessors: .TimeDelayZeroDelay

===========================================================================================
----------------- testing Tue Apr 21 14:03:24 UTC 2020 /home/travis/build/icyphy/ptII/ptolemy/domains/de/test/auto/TimerZeroDelay.xml
----------------- Instantiating /home/travis/build/icyphy/ptII/ptolemy/domains/de/test/auto/TimerZeroDelay.xml
3 ms. Memory: 174080K Free: 137123K (79%)
----------------- Invoking toplevel() on ptolemy.moml.MoMLSimpleApplication@72151f9a
----------------- Done invoking toplevel() on ptolemy.moml.MoMLSimpleApplication@72151f9a
reloadAllAccessors: .TimerZeroDelay

===========================================================================================
----------------- testing Tue Apr 21 14:03:24 UTC 2020 /home/travis/build/icyphy/ptII/ptolemy/domains/de/test/auto/TimingParadox.xml
----------------- Instantiating /home/travis/build/icyphy/ptII/ptolemy/domains/de/test/auto/TimingParadox.xml
258 ms. Memory: 174080K Free: 70563K (41%)
----------------- Invoking toplevel() on ptolemy.moml.MoMLSimpleApplication@4775d12c
----------------- Done invoking toplevel() on ptolemy.moml.MoMLSimpleApplication@4775d12c
reloadAllAccessors: .TimingParadox

===========================================================================================
----------------- testing Tue Apr 21 14:03:24 UTC 2020 /home/travis/build/icyphy/ptII/ptolemy/domains/de/test/auto/TransferInputs.xml
----------------- Instantiating /home/travis/build/icyphy/ptII/ptolemy/domains/de/test/auto/TransferInputs.xml
1 ms. Memory: 174080K Free: 65939K (38%)
----------------- Invoking toplevel() on ptolemy.moml.MoMLSimpleApplication@37aa08ba
----------------- Done invoking toplevel() on ptolemy.moml.MoMLSimpleApplication@37aa08ba
reloadAllAccessors: .TransferInputs

===========================================================================================
----------------- testing Tue Apr 21 14:03:24 UTC 2020 /home/travis/build/icyphy/ptII/ptolemy/domains/de/test/auto/TransferOutputs2.xml
----------------- Instantiating /home/travis/build/icyphy/ptII/ptolemy/domains/de/test/auto/TransferOutputs2.xml
2 ms. Memory: 174080K Free: 57761K (33%)
----------------- Invoking toplevel() on ptolemy.moml.MoMLSimpleApplication@e93b15f
----------------- Done invoking toplevel() on ptolemy.moml.MoMLSimpleApplication@e93b15f
reloadAllAccessors: .TransferOutputs2

===========================================================================================
----------------- testing Tue Apr 21 14:03:24 UTC 2020 /home/travis/build/icyphy/ptII/ptolemy/domains/de/test/auto/Trilateration.xml
----------------- Instantiating /home/travis/build/icyphy/ptII/ptolemy/domains/de/test/auto/Trilateration.xml
10328 ms. Memory: 415744K Free: 280203K (67%)
----------------- Invoking toplevel() on ptolemy.moml.MoMLSimpleApplication@2c163e40
----------------- Done invoking toplevel() on ptolemy.moml.MoMLSimpleApplication@2c163e40
reloadAllAccessors: .Trilateration

===========================================================================================
----------------- testing Tue Apr 21 14:03:35 UTC 2020 /home/travis/build/icyphy/ptII/ptolemy/domains/de/test/auto/TwoSigmaDelta.xml
----------------- Instantiating /home/travis/build/icyphy/ptII/ptolemy/domains/de/test/auto/TwoSigmaDelta.xml
1718 ms. Memory: 415744K Free: 322024K (77%)
----------------- Invoking toplevel() on ptolemy.moml.MoMLSimpleApplication@25beb171
----------------- Done invoking toplevel() on ptolemy.moml.MoMLSimpleApplication@25beb171
reloadAllAccessors: .TwoSigmaDelta

===========================================================================================
----------------- testing Tue Apr 21 14:03:37 UTC 2020 /home/travis/build/icyphy/ptII/ptolemy/domains/de/test/auto/VariableDelay.xml
----------------- Instantiating /home/travis/build/icyphy/ptII/ptolemy/domains/de/test/auto/VariableDelay.xml
1 ms. Memory: 415744K Free: 316904K (76%)
----------------- Invoking toplevel() on ptolemy.moml.MoMLSimpleApplication@2d9a1a6a
----------------- Done invoking toplevel() on ptolemy.moml.MoMLSimpleApplication@2d9a1a6a
reloadAllAccessors: .VariableDelay

===========================================================================================
----------------- testing Tue Apr 21 14:03:37 UTC 2020 /home/travis/build/icyphy/ptII/ptolemy/domains/de/test/auto/VariableDelay2.xml
----------------- Instantiating /home/travis/build/icyphy/ptII/ptolemy/domains/de/test/auto/VariableDelay2.xml
1 ms. Memory: 415744K Free: 312280K (75%)
----------------- Invoking toplevel() on ptolemy.moml.MoMLSimpleApplication@412d2e5d
----------------- Done invoking toplevel() on ptolemy.moml.MoMLSimpleApplication@412d2e5d
reloadAllAccessors: .VariableDelay2

===========================================================================================
----------------- testing Tue Apr 21 14:03:37 UTC 2020 /home/travis/build/icyphy/ptII/ptolemy/domains/de/test/auto/VariableDelayZeroDelay.xml
----------------- Instantiating /home/travis/build/icyphy/ptII/ptolemy/domains/de/test/auto/VariableDelayZeroDelay.xml
5 ms. Memory: 415744K Free: 308198K (74%)
----------------- Invoking toplevel() on ptolemy.moml.MoMLSimpleApplication@54f53875
----------------- Done invoking toplevel() on ptolemy.moml.MoMLSimpleApplication@54f53875
reloadAllAccessors: .VariableDelayZeroDelay

===========================================================================================
----------------- testing Tue Apr 21 14:03:37 UTC 2020 /home/travis/build/icyphy/ptII/ptolemy/domains/de/test/auto/VariableDelayZeroDelay2.xml
----------------- Instantiating /home/travis/build/icyphy/ptII/ptolemy/domains/de/test/auto/VariableDelayZeroDelay2.xml
1 ms. Memory: 415744K Free: 303592K (73%)
----------------- Invoking toplevel() on ptolemy.moml.MoMLSimpleApplication@76e62fdd
----------------- Done invoking toplevel() on ptolemy.moml.MoMLSimpleApplication@76e62fdd
reloadAllAccessors: .VariableDelayZeroDelay2

===========================================================================================
----------------- testing Tue Apr 21 14:03:37 UTC 2020 /home/travis/build/icyphy/ptII/ptolemy/domains/de/test/auto/deInCt.xml
----------------- Instantiating /home/travis/build/icyphy/ptII/ptolemy/domains/de/test/auto/deInCt.xml
0
1
1
1
0
0
0
0
1
1
1
1
1
1
0
0
0
1
1
1
1
0
0
0
1
1
1
1
0
0
0
0
6 ms. Memory: 415744K Free: 298472K (72%)
----------------- Invoking toplevel() on ptolemy.moml.MoMLSimpleApplication@4b70948d
----------------- Done invoking toplevel() on ptolemy.moml.MoMLSimpleApplication@4b70948d
reloadAllAccessors: .deInCt

===========================================================================================
----------------- testing Tue Apr 21 14:03:37 UTC 2020 /home/travis/build/icyphy/ptII/ptolemy/domains/de/test/auto/deInCt2.xml
----------------- Instantiating /home/travis/build/icyphy/ptII/ptolemy/domains/de/test/auto/deInCt2.xml
0
1
1
1
0
0
1
1
1
0
0
1
1
1
0
0
1
1
1
0
0
1
1
1
0
0
1
1
1
0
0
1
1
1
0
0
1
1
1
0
0
0
5 ms. Memory: 415744K Free: 293352K (71%)
----------------- Invoking toplevel() on ptolemy.moml.MoMLSimpleApplication@33496720
----------------- Done invoking toplevel() on ptolemy.moml.MoMLSimpleApplication@33496720
reloadAllAccessors: .deInCt2

===========================================================================================
----------------- testing Tue Apr 21 14:03:37 UTC 2020 /home/travis/build/icyphy/ptII/ptolemy/domains/de/test/auto/dynamicCausalityInterface1.xml
----------------- Instantiating /home/travis/build/icyphy/ptII/ptolemy/domains/de/test/auto/dynamicCausalityInterface1.xml
1 ms. Memory: 415744K Free: 284136K (68%)
----------------- Invoking toplevel() on ptolemy.moml.MoMLSimpleApplication@3e5530ec
----------------- Done invoking toplevel() on ptolemy.moml.MoMLSimpleApplication@3e5530ec
reloadAllAccessors: .dynamicCausalityInterface1

===========================================================================================
----------------- testing Tue Apr 21 14:03:37 UTC 2020 /home/travis/build/icyphy/ptII/ptolemy/domains/de/test/auto/fsm_de_test.xml
----------------- Instantiating /home/travis/build/icyphy/ptII/ptolemy/domains/de/test/auto/fsm_de_test.xml
5 ms. Memory: 415744K Free: 274920K (66%)
----------------- Invoking toplevel() on ptolemy.moml.MoMLSimpleApplication@68e472d1
----------------- Done invoking toplevel() on ptolemy.moml.MoMLSimpleApplication@68e472d1
reloadAllAccessors: .fsm_de_test

===========================================================================================
----------------- testing Tue Apr 21 14:03:37 UTC 2020 /home/travis/build/icyphy/ptII/ptolemy/domains/de/test/auto/functionDependencyReconstruction.xml
----------------- Instantiating /home/travis/build/icyphy/ptII/ptolemy/domains/de/test/auto/functionDependencyReconstruction.xml
2 ms. Memory: 415744K Free: 260070K (63%)
----------------- Invoking toplevel() on ptolemy.moml.MoMLSimpleApplication@310c0997
----------------- Done invoking toplevel() on ptolemy.moml.MoMLSimpleApplication@310c0997
reloadAllAccessors: .functionDependencyReconstruction

===========================================================================================
----------------- testing Tue Apr 21 14:03:37 UTC 2020 /home/travis/build/icyphy/ptII/ptolemy/domains/de/test/auto/multirate.xml
----------------- Instantiating /home/travis/build/icyphy/ptII/ptolemy/domains/de/test/auto/multirate.xml
3 ms. Memory: 415744K Free: 253416K (61%)
----------------- Invoking toplevel() on ptolemy.moml.MoMLSimpleApplication@7b13d078
----------------- Done invoking toplevel() on ptolemy.moml.MoMLSimpleApplication@7b13d078
reloadAllAccessors: .multirate

===========================================================================================
----------------- testing Tue Apr 21 14:03:37 UTC 2020 /home/travis/build/icyphy/ptII/ptolemy/domains/de/test/auto/multirate2.xml
----------------- Instantiating /home/travis/build/icyphy/ptII/ptolemy/domains/de/test/auto/multirate2.xml
3 ms. Memory: 415744K Free: 246744K (59%)
----------------- Invoking toplevel() on ptolemy.moml.MoMLSimpleApplication@34970dfb
----------------- Done invoking toplevel() on ptolemy.moml.MoMLSimpleApplication@34970dfb
reloadAllAccessors: .multirate2

===========================================================================================
----------------- testing Tue Apr 21 14:03:37 UTC 2020 /home/travis/build/icyphy/ptII/ptolemy/domains/de/test/auto/realtime.xml
----------------- Instantiating /home/travis/build/icyphy/ptII/ptolemy/domains/de/test/auto/realtime.xml
10001 ms. Memory: 415744K Free: 241638K (58%)
----------------- Invoking toplevel() on ptolemy.moml.MoMLSimpleApplication@2c26b205
----------------- Done invoking toplevel() on ptolemy.moml.MoMLSimpleApplication@2c26b205
reloadAllAccessors: .realtime

===========================================================================================
----------------- testing Tue Apr 21 14:03:47 UTC 2020 /home/travis/build/icyphy/ptII/ptolemy/domains/de/test/auto/relationGroup.xml
----------------- Instantiating /home/travis/build/icyphy/ptII/ptolemy/domains/de/test/auto/relationGroup.xml
1 ms. Memory: 415744K Free: 238056K (57%)
----------------- Invoking toplevel() on ptolemy.moml.MoMLSimpleApplication@3e3ff29e
----------------- Done invoking toplevel() on ptolemy.moml.MoMLSimpleApplication@3e3ff29e
reloadAllAccessors: .relationGroup

===========================================================================================
----------------- testing Tue Apr 21 14:03:47 UTC 2020 /home/travis/build/icyphy/ptII/ptolemy/domains/de/test/auto/relationGroup2.xml
----------------- Instantiating /home/travis/build/icyphy/ptII/ptolemy/domains/de/test/auto/relationGroup2.xml
1 ms. Memory: 415744K Free: 234470K (56%)
----------------- Invoking toplevel() on ptolemy.moml.MoMLSimpleApplication@7f596b06
----------------- Done invoking toplevel() on ptolemy.moml.MoMLSimpleApplication@7f596b06
reloadAllAccessors: .relationGroup2

===========================================================================================
----------------- testing Tue Apr 21 14:03:47 UTC 2020 /home/travis/build/icyphy/ptII/ptolemy/domains/de/test/auto/sortWithOpaquePorts.xml
----------------- Instantiating /home/travis/build/icyphy/ptII/ptolemy/domains/de/test/auto/sortWithOpaquePorts.xml
2 ms. Memory: 415744K Free: 229864K (55%)
----------------- Invoking toplevel() on ptolemy.moml.MoMLSimpleApplication@3b6f2123
----------------- Done invoking toplevel() on ptolemy.moml.MoMLSimpleApplication@3b6f2123
reloadAllAccessors: .sortWithOpaquePorts

===========================================================================================
----------------- testing Tue Apr 21 14:03:47 UTC 2020 /home/travis/build/icyphy/ptII/ptolemy/domains/de/test/auto/transferInputsandOutputs.xml
----------------- Instantiating /home/travis/build/icyphy/ptII/ptolemy/domains/de/test/auto/transferInputsandOutputs.xml
2 ms. Memory: 415744K Free: 222696K (54%)
----------------- Invoking toplevel() on ptolemy.moml.MoMLSimpleApplication@5922e0d4
----------------- Done invoking toplevel() on ptolemy.moml.MoMLSimpleApplication@5922e0d4
reloadAllAccessors: .transferInputsandOutputs

===========================================================================================
----------------- testing Tue Apr 21 14:03:47 UTC 2020 /home/travis/build/icyphy/ptII/ptolemy/domains/de/test/auto/triggerType.xml
----------------- Instantiating /home/travis/build/icyphy/ptII/ptolemy/domains/de/test/auto/triggerType.xml
2 ms. Memory: 415744K Free: 218600K (53%)
----------------- Invoking toplevel() on ptolemy.moml.MoMLSimpleApplication@2a3f2818
----------------- Done invoking toplevel() on ptolemy.moml.MoMLSimpleApplication@2a3f2818
reloadAllAccessors: .triggerType
AutoTests.java: About to close Vertx.
AutoTests.java: Vertx closed.
]]></system-out>
  <system-err><![CDATA[java.lang.RuntimeException: Execution failed
	at ptolemy.moml.MoMLSimpleApplication$UnloadThread.run(MoMLSimpleApplication.java:402)
Caused by: ptolemy.kernel.util.IllegalActionException: Found a zero delay loop containing .dependencyLoop.original
  in .dependencyLoop and .dependencyLoop.original
	at ptolemy.actor.util.CausalityInterfaceForComposites._computeOutputPortDepth(CausalityInterfaceForComposites.java:759)
	at ptolemy.actor.util.CausalityInterfaceForComposites._computeInputDepth(CausalityInterfaceForComposites.java:696)
	at ptolemy.actor.util.CausalityInterfaceForComposites._computeOutputPortDepth(CausalityInterfaceForComposites.java:765)
	at ptolemy.actor.util.CausalityInterfaceForComposites._computeInputDepth(CausalityInterfaceForComposites.java:696)
	at ptolemy.actor.util.CausalityInterfaceForComposites._computeOutputPortDepth(CausalityInterfaceForComposites.java:765)
	at ptolemy.actor.util.CausalityInterfaceForComposites._computeInputDepth(CausalityInterfaceForComposites.java:696)
	at ptolemy.actor.util.CausalityInterfaceForComposites._computeActorDepth(CausalityInterfaceForComposites.java:532)
	at ptolemy.actor.util.CausalityInterfaceForComposites.checkForCycles(CausalityInterfaceForComposites.java:96)
	at ptolemy.domains.de.kernel.DEDirector.preinitialize(DEDirector.java:1338)
	at ptolemy.actor.CompositeActor.preinitialize(CompositeActor.java:1828)
	at ptolemy.actor.Manager.preinitializeAndResolveTypes(Manager.java:1040)
	at ptolemy.actor.Manager.initialize(Manager.java:710)
	at ptolemy.actor.Manager.execute(Manager.java:356)
	at ptolemy.actor.Manager.run(Manager.java:1263)
	at ptolemy.actor.Manager$PtolemyRunThread.run(Manager.java:1933)
java.lang.RuntimeException: Execution failed
	at ptolemy.moml.MoMLSimpleApplication$UnloadThread.run(MoMLSimpleApplication.java:402)
Caused by: ptolemy.kernel.util.IllegalActionException: Found a zero delay loop containing .dependencyLoop2.original
  in .dependencyLoop2 and .dependencyLoop2.original
	at ptolemy.actor.util.CausalityInterfaceForComposites._computeOutputPortDepth(CausalityInterfaceForComposites.java:759)
	at ptolemy.actor.util.CausalityInterfaceForComposites._computeInputDepth(CausalityInterfaceForComposites.java:696)
	at ptolemy.actor.util.CausalityInterfaceForComposites._computeOutputPortDepth(CausalityInterfaceForComposites.java:765)
	at ptolemy.actor.util.CausalityInterfaceForComposites._computeInputDepth(CausalityInterfaceForComposites.java:696)
	at ptolemy.actor.util.CausalityInterfaceForComposites._computeOutputPortDepth(CausalityInterfaceForComposites.java:765)
	at ptolemy.actor.util.CausalityInterfaceForComposites._computeInputDepth(CausalityInterfaceForComposites.java:696)
	at ptolemy.actor.util.CausalityInterfaceForComposites._computeActorDepth(CausalityInterfaceForComposites.java:532)
	at ptolemy.actor.util.CausalityInterfaceForComposites.checkForCycles(CausalityInterfaceForComposites.java:96)
	at ptolemy.domains.de.kernel.DEDirector.preinitialize(DEDirector.java:1338)
	at ptolemy.actor.CompositeActor.preinitialize(CompositeActor.java:1828)
	at ptolemy.actor.Manager.preinitializeAndResolveTypes(Manager.java:1040)
	at ptolemy.actor.Manager.initialize(Manager.java:710)
	at ptolemy.actor.Manager.execute(Manager.java:356)
	at ptolemy.actor.Manager.run(Manager.java:1263)
	at ptolemy.actor.Manager$PtolemyRunThread.run(Manager.java:1933)
java.lang.RuntimeException: Execution failed
	at ptolemy.moml.MoMLSimpleApplication$UnloadThread.run(MoMLSimpleApplication.java:402)
Caused by: ptolemy.kernel.util.IllegalActionException: Test fails in iteration 1.
Value was: 1.0. Should have been: 2.0
  in .DirectFeedback.Test
	at ptolemy.actor.lib.Test.fire(Test.java:268)
	at ptolemy.domains.de.kernel.DEDirector._fire(DEDirector.java:1949)
	at ptolemy.domains.de.kernel.DEDirector.fire(DEDirector.java:502)
	at ptolemy.actor.CompositeActor.fire(CompositeActor.java:455)
	at ptolemy.actor.Manager.iterate(Manager.java:851)
	at ptolemy.actor.Manager.execute(Manager.java:369)
	at ptolemy.actor.Manager.run(Manager.java:1263)
	at ptolemy.actor.Manager$PtolemyRunThread.run(Manager.java:1933)
java.lang.RuntimeException: Execution failed
	at ptolemy.moml.MoMLSimpleApplication$UnloadThread.run(MoMLSimpleApplication.java:402)
Caused by: ptolemy.kernel.util.IllegalActionException: Found a zero delay loop containing .dependencyLoop.original
  in .dependencyLoop and .dependencyLoop.original
	at ptolemy.actor.util.CausalityInterfaceForComposites._computeOutputPortDepth(CausalityInterfaceForComposites.java:759)
	at ptolemy.actor.util.CausalityInterfaceForComposites._computeInputDepth(CausalityInterfaceForComposites.java:696)
	at ptolemy.actor.util.CausalityInterfaceForComposites._computeOutputPortDepth(CausalityInterfaceForComposites.java:765)
	at ptolemy.actor.util.CausalityInterfaceForComposites._computeInputDepth(CausalityInterfaceForComposites.java:696)
	at ptolemy.actor.util.CausalityInterfaceForComposites._computeOutputPortDepth(CausalityInterfaceForComposites.java:765)
	at ptolemy.actor.util.CausalityInterfaceForComposites._computeInputDepth(CausalityInterfaceForComposites.java:696)
	at ptolemy.actor.util.CausalityInterfaceForComposites._computeActorDepth(CausalityInterfaceForComposites.java:532)
	at ptolemy.actor.util.CausalityInterfaceForComposites.checkForCycles(CausalityInterfaceForComposites.java:96)
	at ptolemy.domains.de.kernel.DEDirector.preinitialize(DEDirector.java:1338)
	at ptolemy.actor.CompositeActor.preinitialize(CompositeActor.java:1828)
	at ptolemy.actor.Manager.preinitializeAndResolveTypes(Manager.java:1040)
	at ptolemy.actor.Manager.initialize(Manager.java:710)
	at ptolemy.actor.Manager.execute(Manager.java:356)
	at ptolemy.actor.Manager.run(Manager.java:1263)
	at ptolemy.actor.Manager$PtolemyRunThread.run(Manager.java:1933)
java.lang.RuntimeException: Execution failed
	at ptolemy.moml.MoMLSimpleApplication$UnloadThread.run(MoMLSimpleApplication.java:402)
Caused by: ptolemy.kernel.util.IllegalActionException: Found a zero delay loop containing .HierarchicalModel.A
  in .HierarchicalModel and .HierarchicalModel.A
	at ptolemy.actor.util.CausalityInterfaceForComposites._computeOutputPortDepth(CausalityInterfaceForComposites.java:759)
	at ptolemy.actor.util.CausalityInterfaceForComposites._computeInputDepth(CausalityInterfaceForComposites.java:696)
	at ptolemy.actor.util.CausalityInterfaceForComposites._computeOutputPortDepth(CausalityInterfaceForComposites.java:765)
	at ptolemy.actor.util.CausalityInterfaceForComposites._computeInputDepth(CausalityInterfaceForComposites.java:696)
	at ptolemy.actor.util.CausalityInterfaceForComposites._computeOutputPortDepth(CausalityInterfaceForComposites.java:765)
	at ptolemy.actor.util.CausalityInterfaceForComposites._computeInputDepth(CausalityInterfaceForComposites.java:696)
	at ptolemy.actor.util.CausalityInterfaceForComposites._computeActorDepth(CausalityInterfaceForComposites.java:532)
	at ptolemy.actor.util.CausalityInterfaceForComposites.checkForCycles(CausalityInterfaceForComposites.java:96)
	at ptolemy.domains.de.kernel.DEDirector.preinitialize(DEDirector.java:1338)
	at ptolemy.actor.CompositeActor.preinitialize(CompositeActor.java:1828)
	at ptolemy.actor.Manager.preinitializeAndResolveTypes(Manager.java:1040)
	at ptolemy.actor.Manager.initialize(Manager.java:710)
	at ptolemy.actor.Manager.execute(Manager.java:356)
	at ptolemy.actor.Manager.run(Manager.java:1263)
	at ptolemy.actor.Manager$PtolemyRunThread.run(Manager.java:1933)
java.lang.RuntimeException: Execution failed
	at ptolemy.moml.MoMLSimpleApplication$UnloadThread.run(MoMLSimpleApplication.java:402)
Caused by: ptolemy.kernel.util.IllegalActionException: Found a zero delay loop containing .dependencyLoop2.original
  in .dependencyLoop2 and .dependencyLoop2.original
	at ptolemy.actor.util.CausalityInterfaceForComposites._computeOutputPortDepth(CausalityInterfaceForComposites.java:759)
	at ptolemy.actor.util.CausalityInterfaceForComposites._computeInputDepth(CausalityInterfaceForComposites.java:696)
	at ptolemy.actor.util.CausalityInterfaceForComposites._computeOutputPortDepth(CausalityInterfaceForComposites.java:765)
	at ptolemy.actor.util.CausalityInterfaceForComposites._computeInputDepth(CausalityInterfaceForComposites.java:696)
	at ptolemy.actor.util.CausalityInterfaceForComposites._computeOutputPortDepth(CausalityInterfaceForComposites.java:765)
	at ptolemy.actor.util.CausalityInterfaceForComposites._computeInputDepth(CausalityInterfaceForComposites.java:696)
	at ptolemy.actor.util.CausalityInterfaceForComposites._computeActorDepth(CausalityInterfaceForComposites.java:532)
	at ptolemy.actor.util.CausalityInterfaceForComposites.checkForCycles(CausalityInterfaceForComposites.java:96)
	at ptolemy.domains.de.kernel.DEDirector.preinitialize(DEDirector.java:1338)
	at ptolemy.actor.CompositeActor.preinitialize(CompositeActor.java:1828)
	at ptolemy.actor.Manager.preinitializeAndResolveTypes(Manager.java:1040)
	at ptolemy.actor.Manager.initialize(Manager.java:710)
	at ptolemy.actor.Manager.execute(Manager.java:356)
	at ptolemy.actor.Manager.run(Manager.java:1263)
	at ptolemy.actor.Manager$PtolemyRunThread.run(Manager.java:1933)
java.lang.RuntimeException: Execution failed
	at ptolemy.moml.MoMLSimpleApplication$UnloadThread.run(MoMLSimpleApplication.java:402)
Caused by: ptolemy.kernel.util.IllegalActionException: Actor is not ready to fire.  Perhaps UpSample.prefire() returned false? Try debugging the actor by selecting "Listen to Actor".  Also, for SDF check moml for tokenConsumptionRate on input.
  in .DESDFClockTest.Play Bell.Copy1:SDF Director and .DESDFClockTest.Play Bell.UpSample
	at ptolemy.actor.sched.StaticSchedulingDirector.fire(StaticSchedulingDirector.java:227)
	at ptolemy.domains.sdf.kernel.SDFDirector.fire(SDFDirector.java:500)
	at ptolemy.actor.CompositeActor.fire(CompositeActor.java:455)
	at ptolemy.domains.de.kernel.DEDirector._fire(DEDirector.java:1949)
	at ptolemy.domains.de.kernel.DEDirector.fire(DEDirector.java:502)
	at ptolemy.actor.CompositeActor.fire(CompositeActor.java:455)
	at ptolemy.actor.Manager.iterate(Manager.java:851)
	at ptolemy.actor.Manager.execute(Manager.java:369)
	at ptolemy.actor.Manager.run(Manager.java:1263)
	at ptolemy.actor.Manager$PtolemyRunThread.run(Manager.java:1933)
java.lang.RuntimeException: Execution failed
	at ptolemy.moml.MoMLSimpleApplication$UnloadThread.run(MoMLSimpleApplication.java:402)
Caused by: ptolemy.kernel.util.IllegalActionException: Actor is not ready to fire.  Perhaps UpSample.prefire() returned false? Try debugging the actor by selecting "Listen to Actor".  Also, for SDF check moml for tokenConsumptionRate on input.
  in .DESDFClockTest.Play Bell.Copy1:SDF Director and .DESDFClockTest.Play Bell.UpSample
	at ptolemy.actor.sched.StaticSchedulingDirector.fire(StaticSchedulingDirector.java:227)
	at ptolemy.domains.sdf.kernel.SDFDirector.fire(SDFDirector.java:500)
	at ptolemy.actor.CompositeActor.fire(CompositeActor.java:455)
	at ptolemy.domains.de.kernel.DEDirector._fire(DEDirector.java:1949)
	at ptolemy.domains.de.kernel.DEDirector.fire(DEDirector.java:502)
	at ptolemy.actor.CompositeActor.fire(CompositeActor.java:455)
	at ptolemy.actor.Manager.iterate(Manager.java:851)
	at ptolemy.actor.Manager.execute(Manager.java:369)
	at ptolemy.actor.Manager.run(Manager.java:1263)
	at ptolemy.actor.Manager$PtolemyRunThread.run(Manager.java:1933)
java.lang.reflect.InvocationTargetException
	at java.base/jdk.internal.reflect.NativeConstructorAccessorImpl.newInstance0(Native Method)
	at java.base/jdk.internal.reflect.NativeConstructorAccessorImpl.newInstance(NativeConstructorAccessorImpl.java:62)
	at java.base/jdk.internal.reflect.DelegatingConstructorAccessorImpl.newInstance(DelegatingConstructorAccessorImpl.java:45)
	at java.base/java.lang.reflect.Constructor.newInstance(Constructor.java:490)
	at ptolemy.util.test.junit.AutoKnownFailedTests.RunModel(AutoKnownFailedTests.java:105)
	at java.base/jdk.internal.reflect.NativeMethodAccessorImpl.invoke0(Native Method)
	at java.base/jdk.internal.reflect.NativeMethodAccessorImpl.invoke(NativeMethodAccessorImpl.java:62)
	at java.base/jdk.internal.reflect.DelegatingMethodAccessorImpl.invoke(DelegatingMethodAccessorImpl.java:43)
	at java.base/java.lang.reflect.Method.invoke(Method.java:566)
	at org.junit.runners.model.FrameworkMethod$1.runReflectiveCall(FrameworkMethod.java:44)
	at org.junit.internal.runners.model.ReflectiveCallable.run(ReflectiveCallable.java:15)
	at org.junit.runners.model.FrameworkMethod.invokeExplosively(FrameworkMethod.java:41)
	at junitparams.internal.InvokeParameterisedMethod.evaluate(InvokeParameterisedMethod.java:102)
	at org.junit.internal.runners.statements.FailOnTimeout$1.run(FailOnTimeout.java:28)
Caused by: ptolemy.kernel.util.IllegalActionException: Actor is not ready to fire.  Perhaps UpSample.prefire() returned false? Try debugging the actor by selecting "Listen to Actor".  Also, for SDF check moml for tokenConsumptionRate on input.
  in .DESDFClockTest.Play Bell.Copy1:SDF Director and .DESDFClockTest.Play Bell.UpSample
	at ptolemy.actor.sched.StaticSchedulingDirector.fire(StaticSchedulingDirector.java:227)
	at ptolemy.domains.sdf.kernel.SDFDirector.fire(SDFDirector.java:500)
	at ptolemy.actor.CompositeActor.fire(CompositeActor.java:455)
	at ptolemy.domains.de.kernel.DEDirector._fire(DEDirector.java:1949)
	at ptolemy.domains.de.kernel.DEDirector.fire(DEDirector.java:502)
	at ptolemy.actor.CompositeActor.fire(CompositeActor.java:455)
	at ptolemy.actor.Manager.iterate(Manager.java:851)
	at ptolemy.actor.Manager.execute(Manager.java:369)
	at ptolemy.actor.Manager.run(Manager.java:1263)
	at ptolemy.actor.Manager$PtolemyRunThread.run(Manager.java:1933)
java.lang.RuntimeException: Execution failed
	at ptolemy.moml.MoMLSimpleApplication$UnloadThread.run(MoMLSimpleApplication.java:402)
Caused by: ptolemy.kernel.util.IllegalActionException: Test fails in iteration 1.
Value was: 1.0. Should have been: 2.0
  in .DirectFeedback.Test
	at ptolemy.actor.lib.Test.fire(Test.java:268)
	at ptolemy.domains.de.kernel.DEDirector._fire(DEDirector.java:1949)
	at ptolemy.domains.de.kernel.DEDirector.fire(DEDirector.java:502)
	at ptolemy.actor.CompositeActor.fire(CompositeActor.java:455)
	at ptolemy.actor.Manager.iterate(Manager.java:851)
	at ptolemy.actor.Manager.execute(Manager.java:369)
	at ptolemy.actor.Manager.run(Manager.java:1263)
	at ptolemy.actor.Manager$PtolemyRunThread.run(Manager.java:1933)
java.lang.reflect.InvocationTargetException
	at java.base/jdk.internal.reflect.NativeConstructorAccessorImpl.newInstance0(Native Method)
	at java.base/jdk.internal.reflect.NativeConstructorAccessorImpl.newInstance(NativeConstructorAccessorImpl.java:62)
	at java.base/jdk.internal.reflect.DelegatingConstructorAccessorImpl.newInstance(DelegatingConstructorAccessorImpl.java:45)
	at java.base/java.lang.reflect.Constructor.newInstance(Constructor.java:490)
	at ptolemy.util.test.junit.AutoKnownFailedTests.RunModel(AutoKnownFailedTests.java:105)
	at java.base/jdk.internal.reflect.NativeMethodAccessorImpl.invoke0(Native Method)
	at java.base/jdk.internal.reflect.NativeMethodAccessorImpl.invoke(NativeMethodAccessorImpl.java:62)
	at java.base/jdk.internal.reflect.DelegatingMethodAccessorImpl.invoke(DelegatingMethodAccessorImpl.java:43)
	at java.base/java.lang.reflect.Method.invoke(Method.java:566)
	at org.junit.runners.model.FrameworkMethod$1.runReflectiveCall(FrameworkMethod.java:44)
	at org.junit.internal.runners.model.ReflectiveCallable.run(ReflectiveCallable.java:15)
	at org.junit.runners.model.FrameworkMethod.invokeExplosively(FrameworkMethod.java:41)
	at junitparams.internal.InvokeParameterisedMethod.evaluate(InvokeParameterisedMethod.java:102)
	at org.junit.internal.runners.statements.FailOnTimeout$1.run(FailOnTimeout.java:28)
Caused by: ptolemy.kernel.util.IllegalActionException: Test fails in iteration 1.
Value was: 1.0. Should have been: 2.0
  in .DirectFeedback.Test
	at ptolemy.actor.lib.Test.fire(Test.java:268)
	at ptolemy.domains.de.kernel.DEDirector._fire(DEDirector.java:1949)
	at ptolemy.domains.de.kernel.DEDirector.fire(DEDirector.java:502)
	at ptolemy.actor.CompositeActor.fire(CompositeActor.java:455)
	at ptolemy.actor.Manager.iterate(Manager.java:851)
	at ptolemy.actor.Manager.execute(Manager.java:369)
	at ptolemy.actor.Manager.run(Manager.java:1263)
	at ptolemy.actor.Manager$PtolemyRunThread.run(Manager.java:1933)
java.lang.RuntimeException: Execution failed
	at ptolemy.moml.MoMLSimpleApplication$UnloadThread.run(MoMLSimpleApplication.java:402)
Caused by: ptolemy.kernel.util.IllegalActionException: Found a zero delay loop containing .HierarchicalModel.A
  in .HierarchicalModel and .HierarchicalModel.A
	at ptolemy.actor.util.CausalityInterfaceForComposites._computeOutputPortDepth(CausalityInterfaceForComposites.java:759)
	at ptolemy.actor.util.CausalityInterfaceForComposites._computeInputDepth(CausalityInterfaceForComposites.java:696)
	at ptolemy.actor.util.CausalityInterfaceForComposites._computeOutputPortDepth(CausalityInterfaceForComposites.java:765)
	at ptolemy.actor.util.CausalityInterfaceForComposites._computeInputDepth(CausalityInterfaceForComposites.java:696)
	at ptolemy.actor.util.CausalityInterfaceForComposites._computeOutputPortDepth(CausalityInterfaceForComposites.java:765)
	at ptolemy.actor.util.CausalityInterfaceForComposites._computeInputDepth(CausalityInterfaceForComposites.java:696)
	at ptolemy.actor.util.CausalityInterfaceForComposites._computeActorDepth(CausalityInterfaceForComposites.java:532)
	at ptolemy.actor.util.CausalityInterfaceForComposites.checkForCycles(CausalityInterfaceForComposites.java:96)
	at ptolemy.domains.de.kernel.DEDirector.preinitialize(DEDirector.java:1338)
	at ptolemy.actor.CompositeActor.preinitialize(CompositeActor.java:1828)
	at ptolemy.actor.Manager.preinitializeAndResolveTypes(Manager.java:1040)
	at ptolemy.actor.Manager.initialize(Manager.java:710)
	at ptolemy.actor.Manager.execute(Manager.java:356)
	at ptolemy.actor.Manager.run(Manager.java:1263)
	at ptolemy.actor.Manager$PtolemyRunThread.run(Manager.java:1933)
java.lang.reflect.InvocationTargetException
	at java.base/jdk.internal.reflect.NativeConstructorAccessorImpl.newInstance0(Native Method)
	at java.base/jdk.internal.reflect.NativeConstructorAccessorImpl.newInstance(NativeConstructorAccessorImpl.java:62)
	at java.base/jdk.internal.reflect.DelegatingConstructorAccessorImpl.newInstance(DelegatingConstructorAccessorImpl.java:45)
	at java.base/java.lang.reflect.Constructor.newInstance(Constructor.java:490)
	at ptolemy.util.test.junit.AutoKnownFailedTests.RunModel(AutoKnownFailedTests.java:105)
	at java.base/jdk.internal.reflect.NativeMethodAccessorImpl.invoke0(Native Method)
	at java.base/jdk.internal.reflect.NativeMethodAccessorImpl.invoke(NativeMethodAccessorImpl.java:62)
	at java.base/jdk.internal.reflect.DelegatingMethodAccessorImpl.invoke(DelegatingMethodAccessorImpl.java:43)
	at java.base/java.lang.reflect.Method.invoke(Method.java:566)
	at org.junit.runners.model.FrameworkMethod$1.runReflectiveCall(FrameworkMethod.java:44)
	at org.junit.internal.runners.model.ReflectiveCallable.run(ReflectiveCallable.java:15)
	at org.junit.runners.model.FrameworkMethod.invokeExplosively(FrameworkMethod.java:41)
	at junitparams.internal.InvokeParameterisedMethod.evaluate(InvokeParameterisedMethod.java:102)
	at org.junit.internal.runners.statements.FailOnTimeout$1.run(FailOnTimeout.java:28)
Caused by: ptolemy.kernel.util.IllegalActionException: Found a zero delay loop containing .HierarchicalModel.A
  in .HierarchicalModel and .HierarchicalModel.A
	at ptolemy.actor.util.CausalityInterfaceForComposites._computeOutputPortDepth(CausalityInterfaceForComposites.java:759)
	at ptolemy.actor.util.CausalityInterfaceForComposites._computeInputDepth(CausalityInterfaceForComposites.java:696)
	at ptolemy.actor.util.CausalityInterfaceForComposites._computeOutputPortDepth(CausalityInterfaceForComposites.java:765)
	at ptolemy.actor.util.CausalityInterfaceForComposites._computeInputDepth(CausalityInterfaceForComposites.java:696)
	at ptolemy.actor.util.CausalityInterfaceForComposites._computeOutputPortDepth(CausalityInterfaceForComposites.java:765)
	at ptolemy.actor.util.CausalityInterfaceForComposites._computeInputDepth(CausalityInterfaceForComposites.java:696)
	at ptolemy.actor.util.CausalityInterfaceForComposites._computeActorDepth(CausalityInterfaceForComposites.java:532)
	at ptolemy.actor.util.CausalityInterfaceForComposites.checkForCycles(CausalityInterfaceForComposites.java:96)
	at ptolemy.domains.de.kernel.DEDirector.preinitialize(DEDirector.java:1338)
	at ptolemy.actor.CompositeActor.preinitialize(CompositeActor.java:1828)
	at ptolemy.actor.Manager.preinitializeAndResolveTypes(Manager.java:1040)
	at ptolemy.actor.Manager.initialize(Manager.java:710)
	at ptolemy.actor.Manager.execute(Manager.java:356)
	at ptolemy.actor.Manager.run(Manager.java:1263)
	at ptolemy.actor.Manager$PtolemyRunThread.run(Manager.java:1933)
java.lang.RuntimeException: Execution failed
	at ptolemy.moml.MoMLSimpleApplication$UnloadThread.run(MoMLSimpleApplication.java:402)
Caused by: ptolemy.kernel.util.IllegalActionException: Found a zero delay loop containing .dependencyLoop.original
  in .dependencyLoop and .dependencyLoop.original
	at ptolemy.actor.util.CausalityInterfaceForComposites._computeOutputPortDepth(CausalityInterfaceForComposites.java:759)
	at ptolemy.actor.util.CausalityInterfaceForComposites._computeInputDepth(CausalityInterfaceForComposites.java:696)
	at ptolemy.actor.util.CausalityInterfaceForComposites._computeOutputPortDepth(CausalityInterfaceForComposites.java:765)
	at ptolemy.actor.util.CausalityInterfaceForComposites._computeInputDepth(CausalityInterfaceForComposites.java:696)
	at ptolemy.actor.util.CausalityInterfaceForComposites._computeOutputPortDepth(CausalityInterfaceForComposites.java:765)
	at ptolemy.actor.util.CausalityInterfaceForComposites._computeInputDepth(CausalityInterfaceForComposites.java:696)
	at ptolemy.actor.util.CausalityInterfaceForComposites._computeActorDepth(CausalityInterfaceForComposites.java:532)
	at ptolemy.actor.util.CausalityInterfaceForComposites.checkForCycles(CausalityInterfaceForComposites.java:96)
	at ptolemy.domains.de.kernel.DEDirector.preinitialize(DEDirector.java:1338)
	at ptolemy.actor.CompositeActor.preinitialize(CompositeActor.java:1828)
	at ptolemy.actor.Manager.preinitializeAndResolveTypes(Manager.java:1040)
	at ptolemy.actor.Manager.initialize(Manager.java:710)
	at ptolemy.actor.Manager.execute(Manager.java:356)
	at ptolemy.actor.Manager.run(Manager.java:1263)
	at ptolemy.actor.Manager$PtolemyRunThread.run(Manager.java:1933)
java.lang.reflect.InvocationTargetException
	at java.base/jdk.internal.reflect.NativeConstructorAccessorImpl.newInstance0(Native Method)
	at java.base/jdk.internal.reflect.NativeConstructorAccessorImpl.newInstance(NativeConstructorAccessorImpl.java:62)
	at java.base/jdk.internal.reflect.DelegatingConstructorAccessorImpl.newInstance(DelegatingConstructorAccessorImpl.java:45)
	at java.base/java.lang.reflect.Constructor.newInstance(Constructor.java:490)
	at ptolemy.util.test.junit.AutoKnownFailedTests.RunModel(AutoKnownFailedTests.java:105)
	at java.base/jdk.internal.reflect.NativeMethodAccessorImpl.invoke0(Native Method)
	at java.base/jdk.internal.reflect.NativeMethodAccessorImpl.invoke(NativeMethodAccessorImpl.java:62)
	at java.base/jdk.internal.reflect.DelegatingMethodAccessorImpl.invoke(DelegatingMethodAccessorImpl.java:43)
	at java.base/java.lang.reflect.Method.invoke(Method.java:566)
	at org.junit.runners.model.FrameworkMethod$1.runReflectiveCall(FrameworkMethod.java:44)
	at org.junit.internal.runners.model.ReflectiveCallable.run(ReflectiveCallable.java:15)
	at org.junit.runners.model.FrameworkMethod.invokeExplosively(FrameworkMethod.java:41)
	at junitparams.internal.InvokeParameterisedMethod.evaluate(InvokeParameterisedMethod.java:102)
	at org.junit.internal.runners.statements.FailOnTimeout$1.run(FailOnTimeout.java:28)
Caused by: ptolemy.kernel.util.IllegalActionException: Found a zero delay loop containing .dependencyLoop.original
  in .dependencyLoop and .dependencyLoop.original
	at ptolemy.actor.util.CausalityInterfaceForComposites._computeOutputPortDepth(CausalityInterfaceForComposites.java:759)
	at ptolemy.actor.util.CausalityInterfaceForComposites._computeInputDepth(CausalityInterfaceForComposites.java:696)
	at ptolemy.actor.util.CausalityInterfaceForComposites._computeOutputPortDepth(CausalityInterfaceForComposites.java:765)
	at ptolemy.actor.util.CausalityInterfaceForComposites._computeInputDepth(CausalityInterfaceForComposites.java:696)
	at ptolemy.actor.util.CausalityInterfaceForComposites._computeOutputPortDepth(CausalityInterfaceForComposites.java:765)
	at ptolemy.actor.util.CausalityInterfaceForComposites._computeInputDepth(CausalityInterfaceForComposites.java:696)
	at ptolemy.actor.util.CausalityInterfaceForComposites._computeActorDepth(CausalityInterfaceForComposites.java:532)
	at ptolemy.actor.util.CausalityInterfaceForComposites.checkForCycles(CausalityInterfaceForComposites.java:96)
	at ptolemy.domains.de.kernel.DEDirector.preinitialize(DEDirector.java:1338)
	at ptolemy.actor.CompositeActor.preinitialize(CompositeActor.java:1828)
	at ptolemy.actor.Manager.preinitializeAndResolveTypes(Manager.java:1040)
	at ptolemy.actor.Manager.initialize(Manager.java:710)
	at ptolemy.actor.Manager.execute(Manager.java:356)
	at ptolemy.actor.Manager.run(Manager.java:1263)
	at ptolemy.actor.Manager$PtolemyRunThread.run(Manager.java:1933)
java.lang.RuntimeException: Execution failed
	at ptolemy.moml.MoMLSimpleApplication$UnloadThread.run(MoMLSimpleApplication.java:402)
Caused by: ptolemy.kernel.util.IllegalActionException: Found a zero delay loop containing .dependencyLoop2.original
  in .dependencyLoop2 and .dependencyLoop2.original
	at ptolemy.actor.util.CausalityInterfaceForComposites._computeOutputPortDepth(CausalityInterfaceForComposites.java:759)
	at ptolemy.actor.util.CausalityInterfaceForComposites._computeInputDepth(CausalityInterfaceForComposites.java:696)
	at ptolemy.actor.util.CausalityInterfaceForComposites._computeOutputPortDepth(CausalityInterfaceForComposites.java:765)
	at ptolemy.actor.util.CausalityInterfaceForComposites._computeInputDepth(CausalityInterfaceForComposites.java:696)
	at ptolemy.actor.util.CausalityInterfaceForComposites._computeOutputPortDepth(CausalityInterfaceForComposites.java:765)
	at ptolemy.actor.util.CausalityInterfaceForComposites._computeInputDepth(CausalityInterfaceForComposites.java:696)
	at ptolemy.actor.util.CausalityInterfaceForComposites._computeActorDepth(CausalityInterfaceForComposites.java:532)
	at ptolemy.actor.util.CausalityInterfaceForComposites.checkForCycles(CausalityInterfaceForComposites.java:96)
	at ptolemy.domains.de.kernel.DEDirector.preinitialize(DEDirector.java:1338)
	at ptolemy.actor.CompositeActor.preinitialize(CompositeActor.java:1828)
	at ptolemy.actor.Manager.preinitializeAndResolveTypes(Manager.java:1040)
	at ptolemy.actor.Manager.initialize(Manager.java:710)
	at ptolemy.actor.Manager.execute(Manager.java:356)
	at ptolemy.actor.Manager.run(Manager.java:1263)
	at ptolemy.actor.Manager$PtolemyRunThread.run(Manager.java:1933)
java.lang.reflect.InvocationTargetException
	at java.base/jdk.internal.reflect.NativeConstructorAccessorImpl.newInstance0(Native Method)
	at java.base/jdk.internal.reflect.NativeConstructorAccessorImpl.newInstance(NativeConstructorAccessorImpl.java:62)
	at java.base/jdk.internal.reflect.DelegatingConstructorAccessorImpl.newInstance(DelegatingConstructorAccessorImpl.java:45)
	at java.base/java.lang.reflect.Constructor.newInstance(Constructor.java:490)
	at ptolemy.util.test.junit.AutoKnownFailedTests.RunModel(AutoKnownFailedTests.java:105)
	at java.base/jdk.internal.reflect.NativeMethodAccessorImpl.invoke0(Native Method)
	at java.base/jdk.internal.reflect.NativeMethodAccessorImpl.invoke(NativeMethodAccessorImpl.java:62)
	at java.base/jdk.internal.reflect.DelegatingMethodAccessorImpl.invoke(DelegatingMethodAccessorImpl.java:43)
	at java.base/java.lang.reflect.Method.invoke(Method.java:566)
	at org.junit.runners.model.FrameworkMethod$1.runReflectiveCall(FrameworkMethod.java:44)
	at org.junit.internal.runners.model.ReflectiveCallable.run(ReflectiveCallable.java:15)
	at org.junit.runners.model.FrameworkMethod.invokeExplosively(FrameworkMethod.java:41)
	at junitparams.internal.InvokeParameterisedMethod.evaluate(InvokeParameterisedMethod.java:102)
	at org.junit.internal.runners.statements.FailOnTimeout$1.run(FailOnTimeout.java:28)
Caused by: ptolemy.kernel.util.IllegalActionException: Found a zero delay loop containing .dependencyLoop2.original
  in .dependencyLoop2 and .dependencyLoop2.original
	at ptolemy.actor.util.CausalityInterfaceForComposites._computeOutputPortDepth(CausalityInterfaceForComposites.java:759)
	at ptolemy.actor.util.CausalityInterfaceForComposites._computeInputDepth(CausalityInterfaceForComposites.java:696)
	at ptolemy.actor.util.CausalityInterfaceForComposites._computeOutputPortDepth(CausalityInterfaceForComposites.java:765)
	at ptolemy.actor.util.CausalityInterfaceForComposites._computeInputDepth(CausalityInterfaceForComposites.java:696)
	at ptolemy.actor.util.CausalityInterfaceForComposites._computeOutputPortDepth(CausalityInterfaceForComposites.java:765)
	at ptolemy.actor.util.CausalityInterfaceForComposites._computeInputDepth(CausalityInterfaceForComposites.java:696)
	at ptolemy.actor.util.CausalityInterfaceForComposites._computeActorDepth(CausalityInterfaceForComposites.java:532)
	at ptolemy.actor.util.CausalityInterfaceForComposites.checkForCycles(CausalityInterfaceForComposites.java:96)
	at ptolemy.domains.de.kernel.DEDirector.preinitialize(DEDirector.java:1338)
	at ptolemy.actor.CompositeActor.preinitialize(CompositeActor.java:1828)
	at ptolemy.actor.Manager.preinitializeAndResolveTypes(Manager.java:1040)
	at ptolemy.actor.Manager.initialize(Manager.java:710)
	at ptolemy.actor.Manager.execute(Manager.java:356)
	at ptolemy.actor.Manager.run(Manager.java:1263)
	at ptolemy.actor.Manager$PtolemyRunThread.run(Manager.java:1933)
]]></system-err>
</testsuite>
