<?xml version="1.0" encoding="UTF-8" ?>
<testsuite errors="0" failures="0" hostname="travis-job-f7263930-50b8-41c0-9429-33c5f33aac48" name="ptolemy.actor.lib.test.junit.JUnitTclTest" skipped="0" tests="517" time="60.263" timestamp="2019-04-30T23:53:01">
  <properties>
    <property name="npm.executable" value="npm" />
    <property name="file.encoding.pkg" value="sun.io" />
    <property name="env.TRAVIS_ROOT" value="/" />
    <property name="ptII.mk.exists" value="true" />
    <property name="env.TRAVIS_APP_HOST" value="build.travis-ci.org" />
    <property name="env.rvm_bin_path" value="/home/travis/.rvm/bin" />
    <property name="java.home" value="/usr/lib/jvm/java-8-oracle/jre" />
    <property name="env.TRAVIS_JOB_NUMBER" value="1113.8" />
    <property name="env.TRAVIS_HOME" value="/home/travis" />
    <property name="env.DISPLAY" value=":99.0" />
    <property name="java.net.preferIPv4Stack" value="true" />
    <property name="env.TRAVIS_INIT" value="upstart" />
    <property name="env.SSH_TTY" value="/dev/pts/0" />
    <property name="env.RUN_TESTS" value="true" />
    <property name="timeout.short" value="1000000" />
    <property name="env.TRAVIS_JOB_NAME" value="" />
    <property name="env.TRAVIS_STACK_NODE_ATTRIBUTES" value="/.node-attributes.yml" />
    <property name="junit.formatter" value="xml" />
    <property name="java.endorsed.dirs" value="/usr/lib/jvm/java-8-oracle/jre/lib/endorsed" />
    <property name="env.TRAVIS_SUDO" value="true" />
    <property name="env.LOGNAME" value="travis" />
    <property name="env.PT_TRAVIS_TEST_CORE1_XML" value="true" />
    <property name="jsdoc.home" value="node_modules/@terraswarm/jsdoc" />
    <property name="debuglevel" value="source,lines,vars" />
    <property name="checkstyle.formatter" value="xml" />
    <property name="bin.vergil.makeable" value="true" />
    <property name="env._system_version" value="14.04" />
    <property name="sun.os.patch.level" value="unknown" />
    <property name="java.vendor.url" value="http://java.oracle.com/" />
    <property name="env.TRAVIS_BUILD_WEB_URL" value="https://travis-ci.org/icyphy/ptII/builds/526673698" />
    <property name="java.version" value="1.8.0_151" />
    <property name="env.TZ" value="UTC" />
    <property name="env.PT_NO_NET" value="true" />
    <property name="env.TRAVIS_PULL_REQUEST_SHA" value="" />
    <property name="env.TRAVIS_SECURE_ENV_VARS" value="true" />
    <property name="env._system_type" value="Linux" />
    <property name="java.vendor.url.bug" value="http://bugreport.sun.com/bugreport/" />
    <property name="env.SSH_CLIENT" value="10.10.4.50 52494 22" />
    <property name="npmjs-org-is-up" value="true" />
    <property name="env.GEM_HOME" value="/home/travis/.rvm/gems/ruby-2.4.1" />
    <property name="env.HAS_ANTARES_THREE_LITTLE_FRONZIES_BADGE" value="true" />
    <property name="env.PS4" value="+" />
    <property name="ant.project.invoked-targets" value="build,test.core1.xml" />
    <property name="env.TRAVIS_PULL_REQUEST_BRANCH" value="" />
    <property name="env.TRAVIS_REPO_SLUG" value="icyphy/ptII" />
    <property name="env.TRAVIS_APT_PROXY" value="http://build-cache.travisci.net" />
    <property name="node.in.path" value="true" />
    <property name="java.maxmemory" value="1400m" />
    <property name="env.RUBY_VERSION" value="ruby-2.4.1" />
    <property name="user.name" value="travis" />
    <property name="env.LANG" value="en_US.UTF-8" />
    <property name="sun.io.unicode.encoding" value="UnicodeLittle" />
    <property name="sun.jnu.encoding" value="UTF-8" />
    <property name="java.runtime.name" value="Java(TM) SE Runtime Environment" />
    <property name="usefile" value="false" />
    <property name="return.code" value="0" />
    <property name="junit.single.formatter" value="plain" />
    <property name="env.DYLD_LIBRARY_PATH" value="/home/travis/pthla/certi-tools/lib:" />
    <property name="env.DEBIAN_FRONTEND" value="noninteractive" />
    <property name="env.SSH_CONNECTION" value="10.10.4.50 52494 10.20.0.65 22" />
    <property name="env.MYSQL_UNIX_PORT" value="/var/run/mysqld/mysqld.sock" />
    <property name="env.TRAVIS_ALLOW_FAILURE" value="false" />
    <property name="env.LC_ALL" value="en_US.UTF-8" />
    <property name="env.TRAVIS_JOB_WEB_URL" value="https://travis-ci.org/icyphy/ptII/jobs/526673706" />
    <property name="java.specification.name" value="Java Platform API Specification" />
    <property name="node.works" value="true" />
    <property name="user.timezone" value="" />
    <property name="path.separator" value=":" />
    <property name="env.TRAVIS_ENABLE_INFRA_DETECTION" value="true" />
    <property name="env.PYTHON_CFLAGS" value="-g -fstack-protector --param=ssp-buffer-size=4 -Wformat -Werror=format-security" />
    <property name="timeout.long" value="4000000" />
    <property name="env.CERTI_HOME" value="/home/travis/pthla/certi-tools" />
    <property name="file.encoding" value="UTF-8" />
    <property name="ant.file.ptII" value="/home/travis/build/icyphy/ptII/build.xml" />
    <property name="javadoc.packagenames" value="com.*,diva.*,lbnl.*,org.hlacerti.*,org.json.*,org.ptolemy.*,org.terraswarm.*,ptolemy.*,ptserver.*" />
    <property name="env.TRAVIS_PULL_REQUEST_SLUG" value="" />
    <property name="ant.project.default-target" value="build" />
    <property name="env.GIT_ASKPASS" value="echo" />
    <property name="env.HOME" value="/home/travis" />
    <property name="sun.java.command" value="org.apache.tools.ant.taskdefs.optional.junit.JUnitTestRunner ptolemy.actor.lib.test.junit.JUnitTclTest skipNonTests=false filtertrace=true haltOnError=false haltOnFailure=false formatter=org.apache.tools.ant.taskdefs.optional.junit.OutErrSummaryJUnitResultFormatter showoutput=true outputtoformatters=true logfailedtests=true threadid=0 logtestlistenerevents=false formatter=org.apache.tools.ant.taskdefs.optional.junit.XMLJUnitResultFormatter,/home/travis/build/icyphy/ptII/reports/junit/TEST-ptolemy.actor.lib.test.junit.JUnitTclTest.xml crashfile=/home/travis/build/icyphy/ptII/junitvmwatcher5353832647833384497.properties propsfile=/home/travis/build/icyphy/ptII/junit1151823208544552769.properties" />
    <property name="env.MANPATH" value="/home/travis/.nvm/versions/node/v7.10.1/share/man:/home/travis/.kiex/elixirs/elixir-1.4.5/man:/home/travis/.rvm/rubies/ruby-2.4.1/share/man:/usr/local/man:/usr/local/cmake-3.9.2/man:/usr/local/clang-5.0.0/share/man:/usr/local/share/man:/usr/share/man:/home/travis/.rvm/man" />
    <property name="env.COMPOSER_NO_INTERACTION" value="1" />
    <property name="env.JDK_SWITCHER_DEFAULT" value="oraclejdk8" />
    <property name="env.TRAVIS_TIMER_ID" value="1767f77a" />
    <property name="ant.file" value="/home/travis/build/icyphy/ptII/build.xml" />
    <property name="env.TRAVIS_COMMIT_RANGE" value="3f6146babdcb...777fcfefa266" />
    <property name="env._system_name" value="Ubuntu" />
    <property name="timeout" value="2400000" />
    <property name="ptII.classpath.optional.property" value="/home/travis/build/icyphy/ptII/lib/bsh-2.0b4.jar:/home/travis/build/icyphy/ptII/lib/ptCal.jar:/home/travis/build/icyphy/ptII/lib/java_cup.jar:/home/travis/build/icyphy/ptII/lib/saxon8.jar:/home/travis/build/icyphy/ptII/lib/saxon8-dom.jar:/home/travis/build/icyphy/ptII/lib/chic.jar:/home/travis/build/icyphy/ptII/lib/ptcolt.jar:/usr/lib/jvm/java-8-oracle/lib/tools.jar:/home/travis/build/icyphy/ptII/vendors/misc/itext/iText.jar:/home/travis/build/icyphy/ptII/lib/g4ltl.jar:/home/travis/build/icyphy/ptII/lib/StructuralCoder.jar:/home/travis/build/icyphy/ptII/vendors/jai-1_1_2_01/lib/jai_core.jar:/home/travis/build/icyphy/ptII/vendors/jai-1_1_2_01/lib/jai_codec.jar:/home/travis/build/icyphy/ptII/lib/jcerti.jar:/home/travis/build/icyphy/ptII/lib/javax.mail.jar:/home/travis/build/icyphy/ptII/vendors/JMF-2.1.1e/lib/jmf.jar:/home/travis/build/icyphy/ptII/lib/jna-4.0.0-variadic.jar:/home/travis/build/icyphy/ptII/vendors/misc/joystick/Joystick.jar:/home/travis/build/icyphy/ptII/lib/ptjacl.jar:/home/travis/build/icyphy/ptII/lib/jsoup-1.8.2.jar:/home/travis/build/icyphy/ptII/lib/junit-4.8.2.jar:/home/travis/build/icyphy/ptII/lib/JUnitParams-0.4.0.jar:/home/travis/build/icyphy/ptII/ptolemy/actor/lib/excel/jxl.jar:/home/travis/build/icyphy/ptII/lib/jython.jar:/home/travis/build/icyphy/ptII/lib/kieler.jar:/home/travis/build/icyphy/ptII/vendors/opencv/share/OpenCV/java/opencv-341.jar:/home/travis/build/icyphy/ptII/lib/oscP5.jar:/home/travis/build/icyphy/ptII/lib/nrjavaserial-3.11.0.devel.jar:/home/travis/build/icyphy/ptII/vendors/j3d/lib/j3dcore.jar:/home/travis/build/icyphy/ptII/vendors/j3d/lib/j3dutils.jar:/home/travis/build/icyphy/ptII/vendors/j3d/lib/vecmath.jar:/home/travis/build/icyphy/ptII/ptolemy/distributed/jini/jar/jini-core.jar:/home/travis/build/icyphy/ptII/ptolemy/distributed/jini/jar/jini-ext.jar:/home/travis/build/icyphy/ptII/ptolemy/distributed/jini/jar/sun-util.jar:/home/travis/build/icyphy/ptII/lib/protobuf-java-2.4.1.jar:/home/travis/build/icyphy/ptII/lib/org.eclipse.paho.client.mqttv3.jar:/home/travis/build/icyphy/ptII/lib/mapss.jar:/home/travis/build/icyphy/ptII/ptolemy/actor/ptalon/antlr/antlr.jar:/home/travis/build/icyphy/ptII/lib/JRI.jar:/home/travis/build/icyphy/ptII/lib/commons-lang-2.6.jar:/home/travis/build/icyphy/ptII/lib/commons-logging-1.1.1.jar:/home/travis/build/icyphy/ptII/lib/sootclasses.jar:/home/travis/build/icyphy/ptII/ptolemy/actor/lib/database/mysql-connector-java-5.1.6-bin.jar:/home/travis/build/icyphy/ptII/vendors/misc/sphinx4/sphinx4-data-5prealpha.jar:/home/travis/build/icyphy/ptII/vendors/misc/sphinx4/sphinx4-core-5prealpha.jar:/home/travis/build/icyphy/ptII/lib/PDFRenderer.jar:/home/travis/build/icyphy/ptII/lib/svgSalamander.jar:/home/travis/build/icyphy/ptII/lib/rsyntaxtextarea-2.6.0-SNAPSHOT.jar:/home/travis/build/icyphy/ptII/lib/hazelcast-3.8.2.jar:/home/travis/build/icyphy/ptII/lib/jackson-annotations-2.9.0.jar:/home/travis/build/icyphy/ptII/lib/jackson-core-2.9.3.jar:/home/travis/build/icyphy/ptII/lib/jackson-databind-2.9.3.jar:/home/travis/build/icyphy/ptII/lib/netty-buffer-4.1.19.Final.jar:/home/travis/build/icyphy/ptII/lib/netty-codec-4.1.19.Final.jar:/home/travis/build/icyphy/ptII/lib/netty-codec-dns-4.1.19.Final.jar:/home/travis/build/icyphy/ptII/lib/netty-codec-http-4.1.19.Final.jar:/home/travis/build/icyphy/ptII/lib/netty-codec-http2-4.1.19.Final.jar:/home/travis/build/icyphy/ptII/lib/netty-common-4.1.19.Final.jar:/home/travis/build/icyphy/ptII/lib/netty-handler-4.1.19.Final.jar:/home/travis/build/icyphy/ptII/lib/netty-resolver-4.1.19.Final.jar:/home/travis/build/icyphy/ptII/lib/netty-resolver-dns-4.1.19.Final.jar:/home/travis/build/icyphy/ptII/lib/netty-transport-4.1.19.Final.jar:/home/travis/build/icyphy/ptII/lib/vertx-codegen-3.5.1.jar:/home/travis/build/icyphy/ptII/lib/vertx-core-3.5.2-SNAPSHOT.jar:/home/travis/build/icyphy/ptII/lib/vertx-hazelcast-3.5.1.jar:/home/travis/build/icyphy/ptII/lib/vertx-lang-js-3.5.1.jar:/home/travis/build/icyphy/ptII/lib/vertx-service-proxy-3.5.1.jar:/home/travis/build/icyphy/ptII/lib/vertx-web-3.5.1.jar:/home/travis/build/icyphy/ptII/lib/slf4j-api-1.7.13.jar:/home/travis/build/icyphy/ptII/lib/slf4j-simple-1.7.13.jar:/home/travis/build/icyphy/ptII/lib/webcam-capture-0.3.12.jar:/home/travis/build/icyphy/ptII/lib/bridj-0.7.0.jar:/home/travis/build/icyphy/ptII/lib/xbjlib-1.1.0.nrjavaserial.jar" />
    <property name="test.batch" value="**/junit/*.java" />
    <property name="env._" value="/usr/bin/timeout" />
    <property name="java.io.tmpdir" value="/tmp" />
    <property name="env.TRAVIS_INTERNAL_RUBY_REGEX" value="^ruby-(2\.[0-4]\.[0-9]|1\.9\.3)" />
    <property name="user.language" value="en" />
    <property name="env.HISTCONTROL" value="ignoredups:ignorespace" />
    <property name="env.GOROOT" value="/home/travis/.gimme/versions/go1.7.4.linux.amd64" />
    <property name="line.separator" value="&#xa;" />
    <property name="target" value="1.8" />
    <property name="env.TRAVIS_BUILD_DIR" value="/home/travis/build/icyphy/ptII" />
    <property name="env.ANT_OPTS" value="-Xmx2048m" />
    <property name="ant.file.type" value="file" />
    <property name="ptolemy.ptII.batchMode" value="true" />
    <property name="env.HISTSIZE" value="1000" />
    <property name="env.MERB_ENV" value="test" />
    <property name="java.vm.info" value="mixed mode" />
    <property name="source" value="1.8" />
    <property name="java.vm.specification.name" value="Java Virtual Machine Specification" />
    <property name="env.TRAVIS_TEST_RESULT" value="0" />
    <property name="jsdoc.command" value="node_modules/@terraswarm/jsdoc/jsdoc.js" />
    <property name="npm.works" value="true" />
    <property name="cobertura.dir" value="/home/travis/build/icyphy/ptII/vendors/cobertura-2.0.3" />
    <property name="env.rvm_path" value="/home/travis/.rvm" />
    <property name="env.GEM_PATH" value="/home/travis/.rvm/gems/ruby-2.4.1:/home/travis/.rvm/gems/ruby-2.4.1@global" />
    <property name="env.LC_CTYPE" value="en_US.UTF-8" />
    <property name="java.awt.printerjob" value="sun.print.PSPrinterJob" />
    <property name="env.TRAVIS_CMD" value="$PTII/bin/ptIITravisBuild.sh $SECONDS" />
    <property name="env.TRAVIS_STACK_NAME" value="garnet" />
    <property name="env.TRAVIS_TIMER_START_TIME" value="1556668014262014351" />
    <property name="ant.version" value="Apache Ant(TM) version 1.10.1 compiled on February 2 2017" />
    <property name="ptII.reports" value="/home/travis/build/icyphy/ptII/reports" />
    <property name="env.TRAVIS_STACK_TIMESTAMP" value="2017-12-05 19:33:09 UTC" />
    <property name="ant.file.type.ptII" value="file" />
    <property name="env.RBENV_SHELL" value="bash" />
    <property name="os.name" value="Linux" />
    <property name="java.specification.vendor" value="Oracle Corporation" />
    <property name="env.rvm_version" value="1.29.3 (latest)" />
    <property name="env.TRAVIS_INFRA" value="gce" />
    <property name="env.TERM" value="xterm" />
    <property name="java.vm.name" value="Java HotSpot(TM) 64-Bit Server VM" />
    <property name="env.TRAVIS_BUILD_NUMBER" value="1113" />
    <property name="env.CI" value="true" />
    <property name="java.library.path" value="/home/travis/pthla/certi-tools/lib:/usr/lib/jni:/usr/local/share/OpenCV/java/:/usr/share/OpenCV/java::/usr/java/packages/lib/amd64:/usr/lib64:/lib64:/lib:/usr/lib" />
    <property name="env.rvm_prefix" value="/home/travis" />
    <property name="env.PATH" value="/home/travis/pthla/certi-tools/share/scripts:/home/travis/.rvm/gems/ruby-2.4.1/bin:/home/travis/.rvm/gems/ruby-2.4.1@global/bin:/home/travis/.rvm/rubies/ruby-2.4.1/bin:/home/travis/.rvm/bin:/home/travis/.nvm/versions/node/v7.10.1/bin:./node_modules/.bin:/home/travis/build/icyphy/ptII/bin:/home/travis/pthla/certi-tools/bin:/home/travis/bin:/home/travis/.local/bin:/opt/pyenv/shims:/home/travis/.phpenv/shims:/home/travis/perl5/perlbrew/bin:/home/travis/.kiex/elixirs/elixir-1.4.5/bin:/home/travis/.kiex/bin:/home/travis/gopath/bin:/home/travis/.gimme/versions/go1.7.4.linux.amd64/bin:/usr/local/phantomjs/bin:/usr/local/phantomjs:/usr/local/neo4j-3.2.7/bin:/usr/local/maven-3.5.2/bin:/usr/local/cmake-3.9.2/bin:/usr/local/clang-5.0.0/bin:/usr/local/sbin:/usr/local/bin:/usr/sbin:/usr/bin:/sbin:/bin:/home/travis/.phpenv/bin:/opt/pyenv/bin:/home/travis/.yarn/bin" />
    <property name="env.TRAVIS_OS_NAME" value="linux" />
    <property name="ant.java.version" value="1.8" />
    <property name="basedir" value="/home/travis/build/icyphy/ptII" />
    <property name="java.class.version" value="52.0" />
    <property name="env.SHLVL" value="3" />
    <property name="env.LD_LIBRARY_PATH" value="/home/travis/pthla/certi-tools/lib:/usr/lib/jni:/usr/local/share/OpenCV/java/:/usr/share/OpenCV/java:" />
    <property name="env.RACK_ENV" value="test" />
    <property name="ant.home" value="/home/travis/build/icyphy/ptII/ant" />
    <property name="env.PERLBREW_BASHRC_VERSION" value="0.80" />
    <property name="env.NVM_DIR" value="/home/travis/.nvm" />
    <property name="env.TRAVIS_BUILD_ID" value="526673698" />
    <property name="env.CERTI_FOM_PATH" value="/home/travis/pthla/certi-tools/share/federations" />
    <property name="env.PYENV_ROOT" value="/opt/pyenv" />
    <property name="env.TRAVIS_UID" value="2000" />
    <property name="env.rvm_pretty_print_flag" value="auto" />
    <property name="env.NVM_BIN" value="/home/travis/.nvm/versions/node/v7.10.1/bin" />
    <property name="env.TRAVIS_COMMIT" value="777fcfefa266871934936e100763859d2479d891" />
    <property name="env._system_arch" value="x86_64" />
    <property name="node.executable" value="node" />
    <property name="sun.boot.library.path" value="/usr/lib/jvm/java-8-oracle/jre/lib/amd64" />
    <property name="sun.management.compiler" value="HotSpot 64-Bit Tiered Compilers" />
    <property name="env.GOPATH" value="/home/travis/gopath" />
    <property name="java.awt.graphicsenv" value="sun.awt.X11GraphicsEnvironment" />
    <property name="ptolemy.ptII.dir" value="/home/travis/build/icyphy/ptII" />
    <property name="env.USER" value="travis" />
    <property name="env.HISTFILESIZE" value="2000" />
    <property name="timeout.longest" value="19000000" />
    <property name="env.TRAVIS_STACK_FEATURES" value="basic cassandra chromium couchdb disabled-ipv6 docker docker-compose elasticsearch firefox go-toolchain google-chrome jdk memcached mongodb mysql neo4j nodejs_interpreter perl_interpreter perlbrew phantomjs postgresql python_interpreter rabbitmq redis riak ruby_interpreter sqlite xserver" />
    <property name="env.TRAVIS_PULL_REQUEST" value="false" />
    <property name="env.PYENV_SHELL" value="bash" />
    <property name="ant.project.name" value="ptII" />
    <property name="java.vm.specification.version" value="1.8" />
    <property name="env.ANSI_RESET" value="\033[0m" />
    <property name="env.TRAVIS_DIST" value="trusty" />
    <property name="env.CERTI_VERSION" value="4.0.0" />
    <property name="env.NLSPATH" value="/usr/dt/lib/nls/msg/%L/%N.cat" />
    <property name="awt.toolkit" value="sun.awt.X11.XToolkit" />
    <property name="env.CERTI_HOST" value="localhost" />
    <property name="env.MY_RUBY_HOME" value="/home/travis/.rvm/rubies/ruby-2.4.1" />
    <property name="sun.cpu.isalist" value="" />
    <property name="env.TRAVIS_TMPDIR" value="/tmp/tmp.QiaEgX2V8C" />
    <property name="java.ext.dirs" value="/usr/lib/jvm/java-8-oracle/jre/lib/ext:/usr/java/packages/lib/ext" />
    <property name="os.version" value="4.4.0-101-generic" />
    <property name="user.home" value="/home/travis" />
    <property name="env.MIX_ARCHIVES" value="/home/travis/.kiex/mix/elixir-1.4.5" />
    <property name="java.vm.vendor" value="Oracle Corporation" />
    <property name="env.TRAVIS_TAG" value="nightly" />
    <property name="env.ANSI_YELLOW" value="\033[33;1m" />
    <property name="env.TRAVIS_FILTERED" value="redirect_io" />
    <property name="env.ANSI_GREEN" value="\033[32;1m" />
    <property name="env.JAVA_HOME" value="/usr/lib/jvm/java-8-oracle" />
    <property name="env.PTII" value="/home/travis/build/icyphy/ptII" />
    <property name="javadoc.excludepackagenames" value="adm.cvs2svn.*,build.*,config.*,doc.coding.templates.*,jni.test.jni.meaningOfLife.*,jni.test.jni.testDeux.*,jni.test.jni.testTrois.*,org.terraswarm.accessor.accessors.web.node_modules.*,org.terraswarm.accessor.accessors.web.hosts.cordova.demo.*,org.terraswarm.accessor.accessors.web.hosts.cordova.plugins.*,org.terraswarm.accessor.accessors-svn.*,pt-modules.*,ptolemy.apps.agilent.*,ptolemy.apps.anytimecontrol.*,ptolemy.apps.apes.*,ptolemy.apps.charon.*,ptolemy.apps.crazyboard.*,ptolemy.apps.eclipse.*,ptolemy.apps.etherealSting.*,ptolemy.apps.fullscreen.*,ptolemy.apps.giotto.*,ptolemy.apps.ia.*,ptolemy.apps.interfaces.*,ptolemy.apps.jmf.*,ptolemy.apps.kurt.*,ptolemy.apps.kvm.*,ptolemy.apps.lego.*,ptolemy.apps.lejos.*,ptolemy.apps.midp.*,ptolemy.apps.mobileCoding.*,ptolemy.apps.pendulum.*,ptolemy.apps.rijndael.*,ptolemy.apps.robot.*,ptolemy.apps.security.*,ptolemy.apps.sobel.*,ptolemy.apps.soot.*,ptolemy.apps.throttle.*,ptolemy.apps.tini.*,ptolemy.apps.transmission.*,ptolemy.apps.vergil.*,ptolemy.apps.waba.*,ptolemy.apps.websensor.*,ptolemy.apps.webstart.*,ptolemy.apps.xsl.*,ptolemy.apps.zaurus.*,ptolemy.codegen.c.actor.lib.oldJavaFiles.*,ptolemy.codegen.dsp.lib.*,ptolemy.codegen.kernel.newInterfaces.*,ptolemy.codegen.lib.*,ptolemy.copernicus.kernel.fragment.*,ptolemy.copernicus.shallow.cg.*,ptolemy.domains.giotto.demo.Hierarchy.Hierarchy.*,ptolemy.domains.giotto.demo.Multimode.Multimode.*,ptolemy.domains.giotto.demo.Simple.Simple.*,ptolemy.domains.gr.lib.experimental.*,ptolemy.domains.gro.*,ptolemy.domains.pdf.*,ptolemy.domains.ptinyos.demo.Surge.output.*,ptolemy.moml.test.NoPackageActor.java*,ptolemy.plot.adm.*,ptolemy.plot.servlet.*,reports.*,signed.*,src.*,target.*,vendors.*,ptolemy.apps.eclipse.awt.*,ptolemy.backtrack.*,ptolemy.backtrack.ast.*,ptolemy.cg.adapter.generic.program.procedural.c.mbed*,ptolemy.homer.*,org.ptolemy.scala.*,diva.util.java2d.svg.*,ptolemy.domains.ptinyos.*,ptolemy.actor.lib.fmi.fmipp.*,,org.terraswarm.accessor.accessors.web.node_modules.*,org.terraswarm.accessor.accessors-svn,ptolemy.apps.*,ptolemy.actor.ptalon.demo.ptinyos.SendAndReceiveCnt.output,ptolemy.actor.ptalon.demo.ptinyos.SenseToLeds.output,ptolemy.domains.ptinyos.demo.CntToLedsAndRfm.output,ptolemy.domains.ptinyos.demo.RfmToLeds.output,ptolemy.domains.ptinyos.demo.SendAndReceiveCnt.output,ptolemy.domains.ptinyos.demo.SenseToLeds.output,ptolemy.actor.lib.jjs.modules.udpSocket.*" />
    <property name="env.TRAVIS_COMMIT_MESSAGE" value="Fixed labels on plots" />
    <property name="keystore" value="ptKeystore" />
    <property name="env.XDG_SESSION_ID" value="2" />
    <property name="junit.output.dir" value="/home/travis/build/icyphy/ptII/reports/junit" />
    <property name="npm.return.code" value="0" />
    <property name="user.dir" value="/home/travis/build/icyphy/ptII/ptolemy/actor/lib/test" />
    <property name="env.TRAVIS_NODE_VERSION" value="7" />
    <property name="env.XFILESEARCHPATH" value="/usr/dt/app-defaults/%L/Dt" />
    <property name="env.TRAVIS_EVENT_TYPE" value="push" />
    <property name="env.MAIL" value="/var/mail/travis" />
    <property name="env.PWD" value="/home/travis/build/icyphy/ptII" />
    <property name="env.PERLBREW_ROOT" value="/home/travis/perl5/perlbrew" />
    <property name="timeout.npm" value="45000" />
    <property name="env.TRAVIS_ARCH" value="amd64" />
    <property name="env.PAGER" value="cat" />
    <property name="sun.cpu.endian" value="little" />
    <property name="env.TRAVIS_BUILD_STAGE_NAME" value="Test" />
    <property name="env.PERLBREW_HOME" value="/home/travis/.perlbrew" />
    <property name="env.RAILS_ENV" value="test" />
    <property name="java.vm.version" value="25.151-b12" />
    <property name="java.class.path" value="/home/travis/.ptolemyII:/home/travis/.ptolemyII/*:/home/travis/build/icyphy/ptII:/home/travis/build/icyphy/ptII/lib/bsh-2.0b4.jar:/home/travis/build/icyphy/ptII/lib/ptCal.jar:/home/travis/build/icyphy/ptII/lib/java_cup.jar:/home/travis/build/icyphy/ptII/lib/saxon8.jar:/home/travis/build/icyphy/ptII/lib/saxon8-dom.jar:/home/travis/build/icyphy/ptII/lib/chic.jar:/home/travis/build/icyphy/ptII/lib/ptcolt.jar:/usr/lib/jvm/java-8-oracle/lib/tools.jar:/home/travis/build/icyphy/ptII/vendors/misc/itext/iText.jar:/home/travis/build/icyphy/ptII/lib/g4ltl.jar:/home/travis/build/icyphy/ptII/lib/StructuralCoder.jar:/home/travis/build/icyphy/ptII/vendors/jai-1_1_2_01/lib/jai_core.jar:/home/travis/build/icyphy/ptII/vendors/jai-1_1_2_01/lib/jai_codec.jar:/home/travis/build/icyphy/ptII/lib/jcerti.jar:/home/travis/build/icyphy/ptII/lib/javax.mail.jar:/home/travis/build/icyphy/ptII/vendors/JMF-2.1.1e/lib/jmf.jar:/home/travis/build/icyphy/ptII/lib/jna-4.0.0-variadic.jar:/home/travis/build/icyphy/ptII/vendors/misc/joystick/Joystick.jar:/home/travis/build/icyphy/ptII/lib/ptjacl.jar:/home/travis/build/icyphy/ptII/lib/jsoup-1.8.2.jar:/home/travis/build/icyphy/ptII/lib/junit-4.8.2.jar:/home/travis/build/icyphy/ptII/lib/JUnitParams-0.4.0.jar:/home/travis/build/icyphy/ptII/ptolemy/actor/lib/excel/jxl.jar:/home/travis/build/icyphy/ptII/lib/jython.jar:/home/travis/build/icyphy/ptII/lib/kieler.jar:/home/travis/build/icyphy/ptII/vendors/opencv/share/OpenCV/java/opencv-341.jar:/home/travis/build/icyphy/ptII/lib/oscP5.jar:/home/travis/build/icyphy/ptII/lib/nrjavaserial-3.11.0.devel.jar:/home/travis/build/icyphy/ptII/vendors/j3d/lib/j3dcore.jar:/home/travis/build/icyphy/ptII/vendors/j3d/lib/j3dutils.jar:/home/travis/build/icyphy/ptII/vendors/j3d/lib/vecmath.jar:/home/travis/build/icyphy/ptII/ptolemy/distributed/jini/jar/jini-core.jar:/home/travis/build/icyphy/ptII/ptolemy/distributed/jini/jar/jini-ext.jar:/home/travis/build/icyphy/ptII/ptolemy/distributed/jini/jar/sun-util.jar:/home/travis/build/icyphy/ptII/lib/protobuf-java-2.4.1.jar:/home/travis/build/icyphy/ptII/lib/org.eclipse.paho.client.mqttv3.jar:/home/travis/build/icyphy/ptII/lib/mapss.jar:/home/travis/build/icyphy/ptII/ptolemy/actor/ptalon/antlr/antlr.jar:/home/travis/build/icyphy/ptII/lib/JRI.jar:/home/travis/build/icyphy/ptII/lib/commons-lang-2.6.jar:/home/travis/build/icyphy/ptII/lib/commons-logging-1.1.1.jar:/home/travis/build/icyphy/ptII/lib/sootclasses.jar:/home/travis/build/icyphy/ptII/ptolemy/actor/lib/database/mysql-connector-java-5.1.6-bin.jar:/home/travis/build/icyphy/ptII/vendors/misc/sphinx4/sphinx4-data-5prealpha.jar:/home/travis/build/icyphy/ptII/vendors/misc/sphinx4/sphinx4-core-5prealpha.jar:/home/travis/build/icyphy/ptII/lib/PDFRenderer.jar:/home/travis/build/icyphy/ptII/lib/svgSalamander.jar:/home/travis/build/icyphy/ptII/lib/rsyntaxtextarea-2.6.0-SNAPSHOT.jar:/home/travis/build/icyphy/ptII/lib/hazelcast-3.8.2.jar:/home/travis/build/icyphy/ptII/lib/jackson-annotations-2.9.0.jar:/home/travis/build/icyphy/ptII/lib/jackson-core-2.9.3.jar:/home/travis/build/icyphy/ptII/lib/jackson-databind-2.9.3.jar:/home/travis/build/icyphy/ptII/lib/netty-buffer-4.1.19.Final.jar:/home/travis/build/icyphy/ptII/lib/netty-codec-4.1.19.Final.jar:/home/travis/build/icyphy/ptII/lib/netty-codec-dns-4.1.19.Final.jar:/home/travis/build/icyphy/ptII/lib/netty-codec-http-4.1.19.Final.jar:/home/travis/build/icyphy/ptII/lib/netty-codec-http2-4.1.19.Final.jar:/home/travis/build/icyphy/ptII/lib/netty-common-4.1.19.Final.jar:/home/travis/build/icyphy/ptII/lib/netty-handler-4.1.19.Final.jar:/home/travis/build/icyphy/ptII/lib/netty-resolver-4.1.19.Final.jar:/home/travis/build/icyphy/ptII/lib/netty-resolver-dns-4.1.19.Final.jar:/home/travis/build/icyphy/ptII/lib/netty-transport-4.1.19.Final.jar:/home/travis/build/icyphy/ptII/lib/vertx-codegen-3.5.1.jar:/home/travis/build/icyphy/ptII/lib/vertx-core-3.5.2-SNAPSHOT.jar:/home/travis/build/icyphy/ptII/lib/vertx-hazelcast-3.5.1.jar:/home/travis/build/icyphy/ptII/lib/vertx-lang-js-3.5.1.jar:/home/travis/build/icyphy/ptII/lib/vertx-service-proxy-3.5.1.jar:/home/travis/build/icyphy/ptII/lib/vertx-web-3.5.1.jar:/home/travis/build/icyphy/ptII/lib/slf4j-api-1.7.13.jar:/home/travis/build/icyphy/ptII/lib/slf4j-simple-1.7.13.jar:/home/travis/build/icyphy/ptII/lib/webcam-capture-0.3.12.jar:/home/travis/build/icyphy/ptII/lib/bridj-0.7.0.jar:/home/travis/build/icyphy/ptII/lib/xbjlib-1.1.0.nrjavaserial.jar:/home/travis/build/icyphy/ptII/ptolemy/moml/test:/home/travis/build/icyphy/ptII/ant/lib/ant-launcher.jar:/home/travis/build/icyphy/ptII/ant/lib/ant.jar:/home/travis/build/icyphy/ptII/ant/lib/ant-junit.jar:/home/travis/build/icyphy/ptII/ant/lib/ant-junit4.jar" />
    <property name="ant.library.dir" value="/home/travis/build/icyphy/ptII/ant/lib" />
    <property name="os.arch" value="amd64" />
    <property name="env.TRAVIS_LANGUAGE" value="node_js" />
    <property name="env.CONTINUOUS_INTEGRATION" value="true" />
    <property name="env.TRAVIS_STACK_LANGUAGES" value="__garnet__ c c++ clojure cplusplus cpp default go groovy java node_js php pure_java python ruby scala" />
    <property name="test.name" value="ptolemy.actor.lib.test.junit.JUnitTclTest" />
    <property name="sun.java.launcher" value="SUN_STANDARD" />
    <property name="env.PYTHON_CONFIGURE_OPTS" value="--enable-unicode=ucs4 --with-wide-unicode --enable-shared --enable-ipv6 --enable-loadable-sqlite-extensions --with-computed-gotos" />
    <property name="ant.core.lib" value="/home/travis/build/icyphy/ptII/ant/lib/ant.jar" />
    <property name="java.vm.specification.vendor" value="Oracle Corporation" />
    <property name="env.BCVTB_HOME" value="/home/travis/build/icyphy/ptII/lbnl" />
    <property name="file.separator" value="/" />
    <property name="spotbugs.home" value="/home/travis/build/icyphy/ptII/vendors/spotbugs-3.1.1" />
    <property name="java.runtime.version" value="1.8.0_151-b12" />
    <property name="sun.boot.class.path" value="/usr/lib/jvm/java-8-oracle/jre/lib/resources.jar:/usr/lib/jvm/java-8-oracle/jre/lib/rt.jar:/usr/lib/jvm/java-8-oracle/jre/lib/sunrsasign.jar:/usr/lib/jvm/java-8-oracle/jre/lib/jsse.jar:/usr/lib/jvm/java-8-oracle/jre/lib/jce.jar:/usr/lib/jvm/java-8-oracle/jre/lib/charsets.jar:/usr/lib/jvm/java-8-oracle/jre/lib/jfr.jar:/usr/lib/jvm/java-8-oracle/jre/classes" />
    <property name="env.ANSI_CLEAR" value="\033[0K" />
    <property name="env.HAS_JOSH_K_SEAL_OF_APPROVAL" value="true" />
    <property name="env.XDG_RUNTIME_DIR" value="/run/user/2000" />
    <property name="env.TRAVIS_OSX_IMAGE" value="" />
    <property name="env.TRAVIS_BRANCH" value="master" />
    <property name="env.TRAVIS_JOB_ID" value="526673706" />
    <property name="user.country" value="US" />
    <property name="env.CERTI_HOME_TRAVIS" value="/home/travis/pthla/certi-tools" />
    <property name="env.SHELL" value="/bin/bash" />
    <property name="java.maxmemory.large" value="5000m" />
    <property name="model" value="" />
    <property name="env.CASHER_DIR" value="/home/travis/.casher" />
    <property name="env.NVM_CD_FLAGS" value="" />
    <property name="jshint.executable" value="/home/travis/node_modules/jshint/bin/jshint" />
    <property name="java.vendor" value="Oracle Corporation" />
    <property name="env.JRUBY_OPTS" value=" --client -J-XX:+TieredCompilation -J-XX:TieredStopAtLevel=1 -J-Xss2m -Xcompile.invokedynamic=false" />
    <property name="env.TRAVIS_PRE_CHEF_BOOTSTRAP_TIME" value="2017-12-05T19:32:55" />
    <property name="env.TRAVIS_STACK_JOB_BOARD_REGISTER" value="/.job-board-register.yml" />
    <property name="env.ELIXIR_VERSION" value="1.4.5" />
    <property name="env.ANSI_RED" value="\033[31;1m" />
    <property name="java.specification.version" value="1.8" />
    <property name="env.TRAVIS" value="true" />
    <property name="env.IRBRC" value="/home/travis/.rvm/rubies/ruby-2.4.1/.irbrc" />
    <property name="sun.arch.data.model" value="64" />
  </properties>
  <testcase classname="ptolemy.util.test.junit.TclTests" name="[0] /home/travis/build/icyphy/ptII/ptolemy/actor/lib/test/AbsoluteValue.tcl (RunTclFile)" time="0.469" />
  <testcase classname="ptolemy.util.test.junit.TclTests" name="[1] /home/travis/build/icyphy/ptII/ptolemy/actor/lib/test/AddSubtract.tcl (RunTclFile)" time="0.059" />
  <testcase classname="ptolemy.util.test.junit.TclTests" name="[2] /home/travis/build/icyphy/ptII/ptolemy/actor/lib/test/Average.tcl (RunTclFile)" time="0.04" />
  <testcase classname="ptolemy.util.test.junit.TclTests" name="[3] /home/travis/build/icyphy/ptII/ptolemy/actor/lib/test/Bernoulli.tcl (RunTclFile)" time="0.04" />
  <testcase classname="ptolemy.util.test.junit.TclTests" name="[4] /home/travis/build/icyphy/ptII/ptolemy/actor/lib/test/Clock.tcl (RunTclFile)" time="0.063" />
  <testcase classname="ptolemy.util.test.junit.TclTests" name="[5] /home/travis/build/icyphy/ptII/ptolemy/actor/lib/test/Commutator.tcl (RunTclFile)" time="0.118" />
  <testcase classname="ptolemy.util.test.junit.TclTests" name="[6] /home/travis/build/icyphy/ptII/ptolemy/actor/lib/test/Const.tcl (RunTclFile)" time="0.115" />
  <testcase classname="ptolemy.util.test.junit.TclTests" name="[7] /home/travis/build/icyphy/ptII/ptolemy/actor/lib/test/CurrentTime.tcl (RunTclFile)" time="0.041" />
  <testcase classname="ptolemy.util.test.junit.TclTests" name="[8] /home/travis/build/icyphy/ptII/ptolemy/actor/lib/test/DB.tcl (RunTclFile)" time="0.02" />
  <testcase classname="ptolemy.util.test.junit.TclTests" name="[9] /home/travis/build/icyphy/ptII/ptolemy/actor/lib/test/DiscreteRandomSource.tcl (RunTclFile)" time="0.047" />
  <testcase classname="ptolemy.util.test.junit.TclTests" name="[10] /home/travis/build/icyphy/ptII/ptolemy/actor/lib/test/Distributor.tcl (RunTclFile)" time="0.055" />
  <testcase classname="ptolemy.util.test.junit.TclTests" name="[11] /home/travis/build/icyphy/ptII/ptolemy/actor/lib/test/Exit.tcl (RunTclFile)" time="0.044" />
  <testcase classname="ptolemy.util.test.junit.TclTests" name="[12] /home/travis/build/icyphy/ptII/ptolemy/actor/lib/test/Expression.tcl (RunTclFile)" time="0.123" />
  <testcase classname="ptolemy.util.test.junit.TclTests" name="[13] /home/travis/build/icyphy/ptII/ptolemy/actor/lib/test/Gaussian.tcl (RunTclFile)" time="0.553" />
  <testcase classname="ptolemy.util.test.junit.TclTests" name="[14] /home/travis/build/icyphy/ptII/ptolemy/actor/lib/test/IIR.tcl (RunTclFile)" time="0.024" />
  <testcase classname="ptolemy.util.test.junit.TclTests" name="[15] /home/travis/build/icyphy/ptII/ptolemy/actor/lib/test/Interpolator.tcl (RunTclFile)" time="0.054" />
  <testcase classname="ptolemy.util.test.junit.TclTests" name="[16] /home/travis/build/icyphy/ptII/ptolemy/actor/lib/test/MathFunction.tcl (RunTclFile)" time="0.059" />
  <testcase classname="ptolemy.util.test.junit.TclTests" name="[17] /home/travis/build/icyphy/ptII/ptolemy/actor/lib/test/Maximum.tcl (RunTclFile)" time="0.028" />
  <testcase classname="ptolemy.util.test.junit.TclTests" name="[18] /home/travis/build/icyphy/ptII/ptolemy/actor/lib/test/Minimum.tcl (RunTclFile)" time="0.022" />
  <testcase classname="ptolemy.util.test.junit.TclTests" name="[19] /home/travis/build/icyphy/ptII/ptolemy/actor/lib/test/MultiplyDivide.tcl (RunTclFile)" time="0.026" />
  <testcase classname="ptolemy.util.test.junit.TclTests" name="[20] /home/travis/build/icyphy/ptII/ptolemy/actor/lib/test/OrderedMerge.tcl (RunTclFile)" time="0.099" />
  <testcase classname="ptolemy.util.test.junit.TclTests" name="[21] /home/travis/build/icyphy/ptII/ptolemy/actor/lib/test/Publisher.tcl (RunTclFile)" time="0.652" />
  <testcase classname="ptolemy.util.test.junit.TclTests" name="[22] /home/travis/build/icyphy/ptII/ptolemy/actor/lib/test/Pulse.tcl (RunTclFile)" time="0.029" />
  <testcase classname="ptolemy.util.test.junit.TclTests" name="[23] /home/travis/build/icyphy/ptII/ptolemy/actor/lib/test/Ramp.tcl (RunTclFile)" time="2.012" />
  <testcase classname="ptolemy.util.test.junit.TclTests" name="[24] /home/travis/build/icyphy/ptII/ptolemy/actor/lib/test/RampContinuous.tcl (RunTclFile)" time="0.023" />
  <testcase classname="ptolemy.util.test.junit.TclTests" name="[25] /home/travis/build/icyphy/ptII/ptolemy/actor/lib/test/RecordAssembler.tcl (RunTclFile)" time="0.022" />
  <testcase classname="ptolemy.util.test.junit.TclTests" name="[26] /home/travis/build/icyphy/ptII/ptolemy/actor/lib/test/RecordDisassembler.tcl (RunTclFile)" time="0.026" />
  <testcase classname="ptolemy.util.test.junit.TclTests" name="[27] /home/travis/build/icyphy/ptII/ptolemy/actor/lib/test/Scale.tcl (RunTclFile)" time="0.018" />
  <testcase classname="ptolemy.util.test.junit.TclTests" name="[28] /home/travis/build/icyphy/ptII/ptolemy/actor/lib/test/SequentialClock.tcl (RunTclFile)" time="0.012" />
  <testcase classname="ptolemy.util.test.junit.TclTests" name="[29] /home/travis/build/icyphy/ptII/ptolemy/actor/lib/test/SetVariable.tcl (RunTclFile)" time="0.014" />
  <testcase classname="ptolemy.util.test.junit.TclTests" name="[30] /home/travis/build/icyphy/ptII/ptolemy/actor/lib/test/Sinewave.tcl (RunTclFile)" time="0.028" />
  <testcase classname="ptolemy.util.test.junit.TclTests" name="[31] /home/travis/build/icyphy/ptII/ptolemy/actor/lib/test/SubscriptionAggregator.tcl (RunTclFile)" time="1.907" />
  <testcase classname="ptolemy.util.test.junit.TclTests" name="[32] /home/travis/build/icyphy/ptII/ptolemy/actor/lib/test/Test.tcl (RunTclFile)" time="0.105" />
  <testcase classname="ptolemy.util.test.junit.TclTests" name="[33] /home/travis/build/icyphy/ptII/ptolemy/actor/lib/test/TestExceptionHandler.tcl (RunTclFile)" time="0.011" />
  <testcase classname="ptolemy.util.test.junit.TclTests" name="[34] /home/travis/build/icyphy/ptII/ptolemy/actor/lib/test/UnionDisassembler.tcl (RunTclFile)" time="0.081" />
  <testcase classname="ptolemy.util.test.junit.TclTests" name="[35] /home/travis/build/icyphy/ptII/ptolemy/actor/lib/test/VariableClock.tcl (RunTclFile)" time="0.038" />
  <testcase classname="ptolemy.util.test.junit.AutoKnownFailedTests" name="[0] /home/travis/build/icyphy/ptII/ptolemy/actor/lib/test/auto/knownFailedTests/PublisherPortToplevelSubscriber.xml (RunModel)" time="0.027" />
  <testcase classname="ptolemy.util.test.junit.AutoKnownFailedTests" name="[1] /home/travis/build/icyphy/ptII/ptolemy/actor/lib/test/auto/knownFailedTests/PublisherSubscriberPortToplevel.xml (RunModel)" time="0.025" />
  <testcase classname="ptolemy.util.test.junit.AutoKnownFailedTests" name="[2] /home/travis/build/icyphy/ptII/ptolemy/actor/lib/test/auto/knownFailedTests/PublisherSubscriptionAggregatorPort.xml (RunModel)" time="0.017" />
  <testcase classname="ptolemy.util.test.junit.AutoKnownFailedTests" name="[3] /home/travis/build/icyphy/ptII/ptolemy/actor/lib/test/auto/knownFailedTests/sizedarray3.xml (RunModel)" time="0.028" />
  <testcase classname="ptolemy.util.test.junit.AutoNameArchTests" name="[0] ThereAreNoAutoArchTests (RunModel)" time="0.007" />
  <testcase classname="ptolemy.util.test.junit.AutoTests" name="[0] /home/travis/build/icyphy/ptII/ptolemy/actor/lib/test/auto/AbsoluteValue.xml (RunModel)" time="0.139" />
  <testcase classname="ptolemy.util.test.junit.AutoTests" name="[1] /home/travis/build/icyphy/ptII/ptolemy/actor/lib/test/auto/AbsoluteValue2.xml (RunModel)" time="0.076" />
  <testcase classname="ptolemy.util.test.junit.AutoTests" name="[2] /home/travis/build/icyphy/ptII/ptolemy/actor/lib/test/auto/Accumulator.xml (RunModel)" time="0.079" />
  <testcase classname="ptolemy.util.test.junit.AutoTests" name="[3] /home/travis/build/icyphy/ptII/ptolemy/actor/lib/test/auto/Accumulator2.xml (RunModel)" time="0.054" />
  <testcase classname="ptolemy.util.test.junit.AutoTests" name="[4] /home/travis/build/icyphy/ptII/ptolemy/actor/lib/test/auto/Accumulator3.xml (RunModel)" time="0.042" />
  <testcase classname="ptolemy.util.test.junit.AutoTests" name="[5] /home/travis/build/icyphy/ptII/ptolemy/actor/lib/test/auto/ArrayAppend.xml (RunModel)" time="0.031" />
  <testcase classname="ptolemy.util.test.junit.AutoTests" name="[6] /home/travis/build/icyphy/ptII/ptolemy/actor/lib/test/auto/ArrayAppend2.xml (RunModel)" time="0.746" />
  <testcase classname="ptolemy.util.test.junit.AutoTests" name="[7] /home/travis/build/icyphy/ptII/ptolemy/actor/lib/test/auto/ArrayAppend3.xml (RunModel)" time="0.032" />
  <testcase classname="ptolemy.util.test.junit.AutoTests" name="[8] /home/travis/build/icyphy/ptII/ptolemy/actor/lib/test/auto/ArrayAppend4.xml (RunModel)" time="0.031" />
  <testcase classname="ptolemy.util.test.junit.AutoTests" name="[9] /home/travis/build/icyphy/ptII/ptolemy/actor/lib/test/auto/ArrayAppend5.xml (RunModel)" time="0.03" />
  <testcase classname="ptolemy.util.test.junit.AutoTests" name="[10] /home/travis/build/icyphy/ptII/ptolemy/actor/lib/test/auto/ArrayAppend6.xml (RunModel)" time="0.027" />
  <testcase classname="ptolemy.util.test.junit.AutoTests" name="[11] /home/travis/build/icyphy/ptII/ptolemy/actor/lib/test/auto/ArrayAppendPerformanceTest.xml (RunModel)" time="0.051" />
  <testcase classname="ptolemy.util.test.junit.AutoTests" name="[12] /home/travis/build/icyphy/ptII/ptolemy/actor/lib/test/auto/ArrayAppendWithEmptyInput.xml (RunModel)" time="0.041" />
  <testcase classname="ptolemy.util.test.junit.AutoTests" name="[13] /home/travis/build/icyphy/ptII/ptolemy/actor/lib/test/auto/ArrayAverage.xml (RunModel)" time="0.073" />
  <testcase classname="ptolemy.util.test.junit.AutoTests" name="[14] /home/travis/build/icyphy/ptII/ptolemy/actor/lib/test/auto/ArrayContains.xml (RunModel)" time="0.02" />
  <testcase classname="ptolemy.util.test.junit.AutoTests" name="[15] /home/travis/build/icyphy/ptII/ptolemy/actor/lib/test/auto/ArrayElement.xml (RunModel)" time="0.024" />
  <testcase classname="ptolemy.util.test.junit.AutoTests" name="[16] /home/travis/build/icyphy/ptII/ptolemy/actor/lib/test/auto/ArrayElementAsMatrix.xml (RunModel)" time="0.04" />
  <testcase classname="ptolemy.util.test.junit.AutoTests" name="[17] /home/travis/build/icyphy/ptII/ptolemy/actor/lib/test/auto/ArrayElementI.xml (RunModel)" time="0.016" />
  <testcase classname="ptolemy.util.test.junit.AutoTests" name="[18] /home/travis/build/icyphy/ptII/ptolemy/actor/lib/test/auto/ArrayExtract.xml (RunModel)" time="0.026" />
  <testcase classname="ptolemy.util.test.junit.AutoTests" name="[19] /home/travis/build/icyphy/ptII/ptolemy/actor/lib/test/auto/ArrayExtract2.xml (RunModel)" time="0.02" />
  <testcase classname="ptolemy.util.test.junit.AutoTests" name="[20] /home/travis/build/icyphy/ptII/ptolemy/actor/lib/test/auto/ArrayLength.xml (RunModel)" time="0.017" />
  <testcase classname="ptolemy.util.test.junit.AutoTests" name="[21] /home/travis/build/icyphy/ptII/ptolemy/actor/lib/test/auto/ArrayLevelCrossing.xml (RunModel)" time="0.032" />
  <testcase classname="ptolemy.util.test.junit.AutoTests" name="[22] /home/travis/build/icyphy/ptII/ptolemy/actor/lib/test/auto/ArrayLevelCrossing2.xml (RunModel)" time="0.029" />
  <testcase classname="ptolemy.util.test.junit.AutoTests" name="[23] /home/travis/build/icyphy/ptII/ptolemy/actor/lib/test/auto/ArrayPeakSearch.xml (RunModel)" time="0.051" />
  <testcase classname="ptolemy.util.test.junit.AutoTests" name="[24] /home/travis/build/icyphy/ptII/ptolemy/actor/lib/test/auto/ArrayPeakSearch2.xml (RunModel)" time="0.037" />
  <testcase classname="ptolemy.util.test.junit.AutoTests" name="[25] /home/travis/build/icyphy/ptII/ptolemy/actor/lib/test/auto/ArrayPeakSearch3.xml (RunModel)" time="0.036" />
  <testcase classname="ptolemy.util.test.junit.AutoTests" name="[26] /home/travis/build/icyphy/ptII/ptolemy/actor/lib/test/auto/ArrayRemoveElement.xml (RunModel)" time="0.034" />
  <testcase classname="ptolemy.util.test.junit.AutoTests" name="[27] /home/travis/build/icyphy/ptII/ptolemy/actor/lib/test/auto/ArraySort.xml (RunModel)" time="0.044" />
  <testcase classname="ptolemy.util.test.junit.AutoTests" name="[28] /home/travis/build/icyphy/ptII/ptolemy/actor/lib/test/auto/ArraySum.xml (RunModel)" time="0.026" />
  <testcase classname="ptolemy.util.test.junit.AutoTests" name="[29] /home/travis/build/icyphy/ptII/ptolemy/actor/lib/test/auto/ArrayToElements.xml (RunModel)" time="0.027" />
  <testcase classname="ptolemy.util.test.junit.AutoTests" name="[30] /home/travis/build/icyphy/ptII/ptolemy/actor/lib/test/auto/ArrayToMatrix.xml (RunModel)" time="0.06" />
  <testcase classname="ptolemy.util.test.junit.AutoTests" name="[31] /home/travis/build/icyphy/ptII/ptolemy/actor/lib/test/auto/ArrayUpdate1.xml (RunModel)" time="0.02" />
  <testcase classname="ptolemy.util.test.junit.AutoTests" name="[32] /home/travis/build/icyphy/ptII/ptolemy/actor/lib/test/auto/ArrayUpdate2.xml (RunModel)" time="0.017" />
  <testcase classname="ptolemy.util.test.junit.AutoTests" name="[33] /home/travis/build/icyphy/ptII/ptolemy/actor/lib/test/auto/ArrayUpdate3.xml (RunModel)" time="0.016" />
  <testcase classname="ptolemy.util.test.junit.AutoTests" name="[34] /home/travis/build/icyphy/ptII/ptolemy/actor/lib/test/auto/Assert1.xml (RunModel)" time="0.021" />
  <testcase classname="ptolemy.util.test.junit.AutoTests" name="[35] /home/travis/build/icyphy/ptII/ptolemy/actor/lib/test/auto/Assert2.xml (RunModel)" time="0.065" />
  <testcase classname="ptolemy.util.test.junit.AutoTests" name="[36] /home/travis/build/icyphy/ptII/ptolemy/actor/lib/test/auto/BooleanMultiplexor.xml (RunModel)" time="0.027" />
  <testcase classname="ptolemy.util.test.junit.AutoTests" name="[37] /home/travis/build/icyphy/ptII/ptolemy/actor/lib/test/auto/BooleanMultiplexor2.xml (RunModel)" time="0.029" />
  <testcase classname="ptolemy.util.test.junit.AutoTests" name="[38] /home/travis/build/icyphy/ptII/ptolemy/actor/lib/test/auto/BooleanMultiplexor3.xml (RunModel)" time="0.023" />
  <testcase classname="ptolemy.util.test.junit.AutoTests" name="[39] /home/travis/build/icyphy/ptII/ptolemy/actor/lib/test/auto/BooleanSelect.xml (RunModel)" time="0.026" />
  <testcase classname="ptolemy.util.test.junit.AutoTests" name="[40] /home/travis/build/icyphy/ptII/ptolemy/actor/lib/test/auto/BooleanSelect2.xml (RunModel)" time="0.016" />
  <testcase classname="ptolemy.util.test.junit.AutoTests" name="[41] /home/travis/build/icyphy/ptII/ptolemy/actor/lib/test/auto/BooleanSwitch.xml (RunModel)" time="0.021" />
  <testcase classname="ptolemy.util.test.junit.AutoTests" name="[42] /home/travis/build/icyphy/ptII/ptolemy/actor/lib/test/auto/BooleanSwitch2.xml (RunModel)" time="0.013" />
  <testcase classname="ptolemy.util.test.junit.AutoTests" name="[43] /home/travis/build/icyphy/ptII/ptolemy/actor/lib/test/auto/BooleanSwitchCloningBugWithClassRelationGroup.xml (RunModel)" time="0.024" />
  <testcase classname="ptolemy.util.test.junit.AutoTests" name="[44] /home/travis/build/icyphy/ptII/ptolemy/actor/lib/test/auto/BusActors.xml (RunModel)" time="0.026" />
  <testcase classname="ptolemy.util.test.junit.AutoTests" name="[45] /home/travis/build/icyphy/ptII/ptolemy/actor/lib/test/auto/ClassWrapper.xml (RunModel)" time="0.012" />
  <testcase classname="ptolemy.util.test.junit.AutoTests" name="[46] /home/travis/build/icyphy/ptII/ptolemy/actor/lib/test/auto/Clock.xml (RunModel)" time="0.009" />
  <testcase classname="ptolemy.util.test.junit.AutoTests" name="[47] /home/travis/build/icyphy/ptII/ptolemy/actor/lib/test/auto/Clock10.xml (RunModel)" time="0.015" />
  <testcase classname="ptolemy.util.test.junit.AutoTests" name="[48] /home/travis/build/icyphy/ptII/ptolemy/actor/lib/test/auto/Clock11.xml (RunModel)" time="0.013" />
  <testcase classname="ptolemy.util.test.junit.AutoTests" name="[49] /home/travis/build/icyphy/ptII/ptolemy/actor/lib/test/auto/Clock12.xml (RunModel)" time="0.013" />
  <testcase classname="ptolemy.util.test.junit.AutoTests" name="[50] /home/travis/build/icyphy/ptII/ptolemy/actor/lib/test/auto/Clock13.xml (RunModel)" time="0.014" />
  <testcase classname="ptolemy.util.test.junit.AutoTests" name="[51] /home/travis/build/icyphy/ptII/ptolemy/actor/lib/test/auto/Clock14.xml (RunModel)" time="0.016" />
  <testcase classname="ptolemy.util.test.junit.AutoTests" name="[52] /home/travis/build/icyphy/ptII/ptolemy/actor/lib/test/auto/Clock15.xml (RunModel)" time="0.014" />
  <testcase classname="ptolemy.util.test.junit.AutoTests" name="[53] /home/travis/build/icyphy/ptII/ptolemy/actor/lib/test/auto/Clock16.xml (RunModel)" time="0.07" />
  <testcase classname="ptolemy.util.test.junit.AutoTests" name="[54] /home/travis/build/icyphy/ptII/ptolemy/actor/lib/test/auto/Clock17.xml (RunModel)" time="0.038" />
  <testcase classname="ptolemy.util.test.junit.AutoTests" name="[55] /home/travis/build/icyphy/ptII/ptolemy/actor/lib/test/auto/Clock18.xml (RunModel)" time="0.063" />
  <testcase classname="ptolemy.util.test.junit.AutoTests" name="[56] /home/travis/build/icyphy/ptII/ptolemy/actor/lib/test/auto/Clock19.xml (RunModel)" time="0.041" />
  <testcase classname="ptolemy.util.test.junit.AutoTests" name="[57] /home/travis/build/icyphy/ptII/ptolemy/actor/lib/test/auto/Clock2.xml (RunModel)" time="0.016" />
  <testcase classname="ptolemy.util.test.junit.AutoTests" name="[58] /home/travis/build/icyphy/ptII/ptolemy/actor/lib/test/auto/Clock20.xml (RunModel)" time="0.022" />
  <testcase classname="ptolemy.util.test.junit.AutoTests" name="[59] /home/travis/build/icyphy/ptII/ptolemy/actor/lib/test/auto/Clock21.xml (RunModel)" time="0.017" />
  <testcase classname="ptolemy.util.test.junit.AutoTests" name="[60] /home/travis/build/icyphy/ptII/ptolemy/actor/lib/test/auto/Clock22.xml (RunModel)" time="0.016" />
  <testcase classname="ptolemy.util.test.junit.AutoTests" name="[61] /home/travis/build/icyphy/ptII/ptolemy/actor/lib/test/auto/Clock23.xml (RunModel)" time="0.02" />
  <testcase classname="ptolemy.util.test.junit.AutoTests" name="[62] /home/travis/build/icyphy/ptII/ptolemy/actor/lib/test/auto/Clock24.xml (RunModel)" time="0.02" />
  <testcase classname="ptolemy.util.test.junit.AutoTests" name="[63] /home/travis/build/icyphy/ptII/ptolemy/actor/lib/test/auto/Clock4.xml (RunModel)" time="0.016" />
  <testcase classname="ptolemy.util.test.junit.AutoTests" name="[64] /home/travis/build/icyphy/ptII/ptolemy/actor/lib/test/auto/Clock5.xml (RunModel)" time="0.012" />
  <testcase classname="ptolemy.util.test.junit.AutoTests" name="[65] /home/travis/build/icyphy/ptII/ptolemy/actor/lib/test/auto/Clock6.xml (RunModel)" time="0.012" />
  <testcase classname="ptolemy.util.test.junit.AutoTests" name="[66] /home/travis/build/icyphy/ptII/ptolemy/actor/lib/test/auto/Clock7.xml (RunModel)" time="0.009" />
  <testcase classname="ptolemy.util.test.junit.AutoTests" name="[67] /home/travis/build/icyphy/ptII/ptolemy/actor/lib/test/auto/Clock8.xml (RunModel)" time="0.023" />
  <testcase classname="ptolemy.util.test.junit.AutoTests" name="[68] /home/travis/build/icyphy/ptII/ptolemy/actor/lib/test/auto/Clock9.xml (RunModel)" time="0.017" />
  <testcase classname="ptolemy.util.test.junit.AutoTests" name="[69] /home/travis/build/icyphy/ptII/ptolemy/actor/lib/test/auto/CommDistDiscard.xml (RunModel)" time="0.022" />
  <testcase classname="ptolemy.util.test.junit.AutoTests" name="[70] /home/travis/build/icyphy/ptII/ptolemy/actor/lib/test/auto/Commutator.xml (RunModel)" time="0.016" />
  <testcase classname="ptolemy.util.test.junit.AutoTests" name="[71] /home/travis/build/icyphy/ptII/ptolemy/actor/lib/test/auto/Commutator2.xml (RunModel)" time="0.013" />
  <testcase classname="ptolemy.util.test.junit.AutoTests" name="[72] /home/travis/build/icyphy/ptII/ptolemy/actor/lib/test/auto/Commutator3.xml (RunModel)" time="0.011" />
  <testcase classname="ptolemy.util.test.junit.AutoTests" name="[73] /home/travis/build/icyphy/ptII/ptolemy/actor/lib/test/auto/Compare.xml (RunModel)" time="0.024" />
  <testcase classname="ptolemy.util.test.junit.AutoTests" name="[74] /home/travis/build/icyphy/ptII/ptolemy/actor/lib/test/auto/CompareDE.xml (RunModel)" time="0.021" />
  <testcase classname="ptolemy.util.test.junit.AutoTests" name="[75] /home/travis/build/icyphy/ptII/ptolemy/actor/lib/test/auto/ComplexDivide.xml (RunModel)" time="0.014" />
  <testcase classname="ptolemy.util.test.junit.AutoTests" name="[76] /home/travis/build/icyphy/ptII/ptolemy/actor/lib/test/auto/ComputeHistogram.xml (RunModel)" time="0.083" />
  <testcase classname="ptolemy.util.test.junit.AutoTests" name="[77] /home/travis/build/icyphy/ptII/ptolemy/actor/lib/test/auto/ConfigurationSelect.xml (RunModel)" time="0.024" />
  <testcase classname="ptolemy.util.test.junit.AutoTests" name="[78] /home/travis/build/icyphy/ptII/ptolemy/actor/lib/test/auto/ConfigurationSelect2.xml (RunModel)" time="0.015" />
  <testcase classname="ptolemy.util.test.junit.AutoTests" name="[79] /home/travis/build/icyphy/ptII/ptolemy/actor/lib/test/auto/ConfigurationSwitch.xml (RunModel)" time="0.025" />
  <testcase classname="ptolemy.util.test.junit.AutoTests" name="[80] /home/travis/build/icyphy/ptII/ptolemy/actor/lib/test/auto/ConfigurationSwitch2.xml (RunModel)" time="0.019" />
  <testcase classname="ptolemy.util.test.junit.AutoTests" name="[81] /home/travis/build/icyphy/ptII/ptolemy/actor/lib/test/auto/ConfigurationSwitchCloningBugWithClassRelationGroup.xml (RunModel)" time="0.027" />
  <testcase classname="ptolemy.util.test.junit.AutoTests" name="[82] /home/travis/build/icyphy/ptII/ptolemy/actor/lib/test/auto/ConfigurationSwitchSelectSDF.xml (RunModel)" time="0.018" />
  <testcase classname="ptolemy.util.test.junit.AutoTests" name="[83] /home/travis/build/icyphy/ptII/ptolemy/actor/lib/test/auto/ConfigurationSwitchSelectSDF2.xml (RunModel)" time="0.017" />
  <testcase classname="ptolemy.util.test.junit.AutoTests" name="[84] /home/travis/build/icyphy/ptII/ptolemy/actor/lib/test/auto/Const.xml (RunModel)" time="0.009" />
  <testcase classname="ptolemy.util.test.junit.AutoTests" name="[85] /home/travis/build/icyphy/ptII/ptolemy/actor/lib/test/auto/Const2.xml (RunModel)" time="0.013" />
  <testcase classname="ptolemy.util.test.junit.AutoTests" name="[86] /home/travis/build/icyphy/ptII/ptolemy/actor/lib/test/auto/Const3.xml (RunModel)" time="0.007" />
  <testcase classname="ptolemy.util.test.junit.AutoTests" name="[87] /home/travis/build/icyphy/ptII/ptolemy/actor/lib/test/auto/ConstantPublisherPort1.xml (RunModel)" time="0.028" />
  <testcase classname="ptolemy.util.test.junit.AutoTests" name="[88] /home/travis/build/icyphy/ptII/ptolemy/actor/lib/test/auto/ConstantPublisherPort2.xml (RunModel)" time="0.027" />
  <testcase classname="ptolemy.util.test.junit.AutoTests" name="[89] /home/travis/build/icyphy/ptII/ptolemy/actor/lib/test/auto/ConstantPublisherPort3.xml (RunModel)" time="0.021" />
  <testcase classname="ptolemy.util.test.junit.AutoTests" name="[90] /home/travis/build/icyphy/ptII/ptolemy/actor/lib/test/auto/ConstantPublisherPort4.xml (RunModel)" time="0.019" />
  <testcase classname="ptolemy.util.test.junit.AutoTests" name="[91] /home/travis/build/icyphy/ptII/ptolemy/actor/lib/test/auto/ConstantPublisherPort5.xml (RunModel)" time="0.06" />
  <testcase classname="ptolemy.util.test.junit.AutoTests" name="[92] /home/travis/build/icyphy/ptII/ptolemy/actor/lib/test/auto/ConstantPublisherPort6.xml (RunModel)" time="0.027" />
  <testcase classname="ptolemy.util.test.junit.AutoTests" name="[93] /home/travis/build/icyphy/ptII/ptolemy/actor/lib/test/auto/ConstantPublisherPort7.xml (RunModel)" time="0.03" />
  <testcase classname="ptolemy.util.test.junit.AutoTests" name="[94] /home/travis/build/icyphy/ptII/ptolemy/actor/lib/test/auto/ConstraintMonitor1.xml (RunModel)" time="0.031" />
  <testcase classname="ptolemy.util.test.junit.AutoTests" name="[95] /home/travis/build/icyphy/ptII/ptolemy/actor/lib/test/auto/ConstraintMonitor2.xml (RunModel)" time="0.014" />
  <testcase classname="ptolemy.util.test.junit.AutoTests" name="[96] /home/travis/build/icyphy/ptII/ptolemy/actor/lib/test/auto/ConstraintMonitor3.xml (RunModel)" time="0.01" />
  <testcase classname="ptolemy.util.test.junit.AutoTests" name="[97] /home/travis/build/icyphy/ptII/ptolemy/actor/lib/test/auto/ConstraintMonitor4.xml (RunModel)" time="0.016" />
  <testcase classname="ptolemy.util.test.junit.AutoTests" name="[98] /home/travis/build/icyphy/ptII/ptolemy/actor/lib/test/auto/ConstraintMonitor5.xml (RunModel)" time="0.012" />
  <testcase classname="ptolemy.util.test.junit.AutoTests" name="[99] /home/travis/build/icyphy/ptII/ptolemy/actor/lib/test/auto/ConstraintMonitor6.xml (RunModel)" time="0.016" />
  <testcase classname="ptolemy.util.test.junit.AutoTests" name="[100] /home/travis/build/icyphy/ptII/ptolemy/actor/lib/test/auto/ConstraintMonitor7.xml (RunModel)" time="0.019" />
  <testcase classname="ptolemy.util.test.junit.AutoTests" name="[101] /home/travis/build/icyphy/ptII/ptolemy/actor/lib/test/auto/ConstraintMonitor8.xml (RunModel)" time="0.026" />
  <testcase classname="ptolemy.util.test.junit.AutoTests" name="[102] /home/travis/build/icyphy/ptII/ptolemy/actor/lib/test/auto/Counter.xml (RunModel)" time="0.016" />
  <testcase classname="ptolemy.util.test.junit.AutoTests" name="[103] /home/travis/build/icyphy/ptII/ptolemy/actor/lib/test/auto/CurrentTimeSDF.xml (RunModel)" time="0.009" />
  <testcase classname="ptolemy.util.test.junit.AutoTests" name="[104] /home/travis/build/icyphy/ptII/ptolemy/actor/lib/test/auto/DB.xml (RunModel)" time="0.013" />
  <testcase classname="ptolemy.util.test.junit.AutoTests" name="[105] /home/travis/build/icyphy/ptII/ptolemy/actor/lib/test/auto/DBDE.xml (RunModel)" time="0.016" />
  <testcase classname="ptolemy.util.test.junit.AutoTests" name="[106] /home/travis/build/icyphy/ptII/ptolemy/actor/lib/test/auto/DateConstructor.xml (RunModel)" time="0.066" />
  <testcase classname="ptolemy.util.test.junit.AutoTests" name="[107] /home/travis/build/icyphy/ptII/ptolemy/actor/lib/test/auto/DelayTime.xml (RunModel)" time="0.017" />
  <testcase classname="ptolemy.util.test.junit.AutoTests" name="[108] /home/travis/build/icyphy/ptII/ptolemy/actor/lib/test/auto/Dictionary1.xml (RunModel)" time="0.017" />
  <testcase classname="ptolemy.util.test.junit.AutoTests" name="[109] /home/travis/build/icyphy/ptII/ptolemy/actor/lib/test/auto/Dictionary2.xml (RunModel)" time="0.017" />
  <testcase classname="ptolemy.util.test.junit.AutoTests" name="[110] /home/travis/build/icyphy/ptII/ptolemy/actor/lib/test/auto/Dictionary3.xml (RunModel)" time="0.019" />
  <testcase classname="ptolemy.util.test.junit.AutoTests" name="[111] /home/travis/build/icyphy/ptII/ptolemy/actor/lib/test/auto/Dictionary4.xml (RunModel)" time="0.017" />
  <testcase classname="ptolemy.util.test.junit.AutoTests" name="[112] /home/travis/build/icyphy/ptII/ptolemy/actor/lib/test/auto/Differential.xml (RunModel)" time="0.013" />
  <testcase classname="ptolemy.util.test.junit.AutoTests" name="[113] /home/travis/build/icyphy/ptII/ptolemy/actor/lib/test/auto/Director.xml (RunModel)" time="0.009" />
  <testcase classname="ptolemy.util.test.junit.AutoTests" name="[114] /home/travis/build/icyphy/ptII/ptolemy/actor/lib/test/auto/DiscreteClock.xml (RunModel)" time="0.008" />
  <testcase classname="ptolemy.util.test.junit.AutoTests" name="[115] /home/travis/build/icyphy/ptII/ptolemy/actor/lib/test/auto/DiscreteClock10.xml (RunModel)" time="0.015" />
  <testcase classname="ptolemy.util.test.junit.AutoTests" name="[116] /home/travis/build/icyphy/ptII/ptolemy/actor/lib/test/auto/DiscreteClock11.xml (RunModel)" time="0.011" />
  <testcase classname="ptolemy.util.test.junit.AutoTests" name="[117] /home/travis/build/icyphy/ptII/ptolemy/actor/lib/test/auto/DiscreteClock12.xml (RunModel)" time="0.013" />
  <testcase classname="ptolemy.util.test.junit.AutoTests" name="[118] /home/travis/build/icyphy/ptII/ptolemy/actor/lib/test/auto/DiscreteClock13.xml (RunModel)" time="0.015" />
  <testcase classname="ptolemy.util.test.junit.AutoTests" name="[119] /home/travis/build/icyphy/ptII/ptolemy/actor/lib/test/auto/DiscreteClock14.xml (RunModel)" time="0.011" />
  <testcase classname="ptolemy.util.test.junit.AutoTests" name="[120] /home/travis/build/icyphy/ptII/ptolemy/actor/lib/test/auto/DiscreteClock15.xml (RunModel)" time="0.015" />
  <testcase classname="ptolemy.util.test.junit.AutoTests" name="[121] /home/travis/build/icyphy/ptII/ptolemy/actor/lib/test/auto/DiscreteClock16.xml (RunModel)" time="0.036" />
  <testcase classname="ptolemy.util.test.junit.AutoTests" name="[122] /home/travis/build/icyphy/ptII/ptolemy/actor/lib/test/auto/DiscreteClock17.xml (RunModel)" time="0.044" />
  <testcase classname="ptolemy.util.test.junit.AutoTests" name="[123] /home/travis/build/icyphy/ptII/ptolemy/actor/lib/test/auto/DiscreteClock18.xml (RunModel)" time="0.477" />
  <testcase classname="ptolemy.util.test.junit.AutoTests" name="[124] /home/travis/build/icyphy/ptII/ptolemy/actor/lib/test/auto/DiscreteClock19.xml (RunModel)" time="0.049" />
  <testcase classname="ptolemy.util.test.junit.AutoTests" name="[125] /home/travis/build/icyphy/ptII/ptolemy/actor/lib/test/auto/DiscreteClock2.xml (RunModel)" time="0.008" />
  <testcase classname="ptolemy.util.test.junit.AutoTests" name="[126] /home/travis/build/icyphy/ptII/ptolemy/actor/lib/test/auto/DiscreteClock20.xml (RunModel)" time="0.014" />
  <testcase classname="ptolemy.util.test.junit.AutoTests" name="[127] /home/travis/build/icyphy/ptII/ptolemy/actor/lib/test/auto/DiscreteClock21.xml (RunModel)" time="0.021" />
  <testcase classname="ptolemy.util.test.junit.AutoTests" name="[128] /home/travis/build/icyphy/ptII/ptolemy/actor/lib/test/auto/DiscreteClock22.xml (RunModel)" time="0.013" />
  <testcase classname="ptolemy.util.test.junit.AutoTests" name="[129] /home/travis/build/icyphy/ptII/ptolemy/actor/lib/test/auto/DiscreteClock23.xml (RunModel)" time="0.014" />
  <testcase classname="ptolemy.util.test.junit.AutoTests" name="[130] /home/travis/build/icyphy/ptII/ptolemy/actor/lib/test/auto/DiscreteClock24.xml (RunModel)" time="0.014" />
  <testcase classname="ptolemy.util.test.junit.AutoTests" name="[131] /home/travis/build/icyphy/ptII/ptolemy/actor/lib/test/auto/DiscreteClock4.xml (RunModel)" time="0.01" />
  <testcase classname="ptolemy.util.test.junit.AutoTests" name="[132] /home/travis/build/icyphy/ptII/ptolemy/actor/lib/test/auto/DiscreteClock5.xml (RunModel)" time="0.01" />
  <testcase classname="ptolemy.util.test.junit.AutoTests" name="[133] /home/travis/build/icyphy/ptII/ptolemy/actor/lib/test/auto/DiscreteClock6.xml (RunModel)" time="0.008" />
  <testcase classname="ptolemy.util.test.junit.AutoTests" name="[134] /home/travis/build/icyphy/ptII/ptolemy/actor/lib/test/auto/DiscreteClock7.xml (RunModel)" time="0.008" />
  <testcase classname="ptolemy.util.test.junit.AutoTests" name="[135] /home/travis/build/icyphy/ptII/ptolemy/actor/lib/test/auto/DiscreteClock8.xml (RunModel)" time="0.016" />
  <testcase classname="ptolemy.util.test.junit.AutoTests" name="[136] /home/travis/build/icyphy/ptII/ptolemy/actor/lib/test/auto/DiscreteClock9.xml (RunModel)" time="0.015" />
  <testcase classname="ptolemy.util.test.junit.AutoTests" name="[137] /home/travis/build/icyphy/ptII/ptolemy/actor/lib/test/auto/DisplayArray.xml (RunModel)" time="0.009" />
  <testcase classname="ptolemy.util.test.junit.AutoTests" name="[138] /home/travis/build/icyphy/ptII/ptolemy/actor/lib/test/auto/Distributor.xml (RunModel)" time="0.01" />
  <testcase classname="ptolemy.util.test.junit.AutoTests" name="[139] /home/travis/build/icyphy/ptII/ptolemy/actor/lib/test/auto/Distributor2.xml (RunModel)" time="0.009" />
  <testcase classname="ptolemy.util.test.junit.AutoTests" name="[140] /home/travis/build/icyphy/ptII/ptolemy/actor/lib/test/auto/DownSample.xml (RunModel)" time="0.009" />
  <testcase classname="ptolemy.util.test.junit.AutoTests" name="[141] /home/travis/build/icyphy/ptII/ptolemy/actor/lib/test/auto/ElectronicUnitBase1.xml (RunModel)" time="0.062" />
  <testcase classname="ptolemy.util.test.junit.AutoTests" name="[142] /home/travis/build/icyphy/ptII/ptolemy/actor/lib/test/auto/ElementsToArray.xml (RunModel)" time="0.01" />
  <testcase classname="ptolemy.util.test.junit.AutoTests" name="[143] /home/travis/build/icyphy/ptII/ptolemy/actor/lib/test/auto/Equals.xml (RunModel)" time="0.016" />
  <testcase classname="ptolemy.util.test.junit.AutoTests" name="[144] /home/travis/build/icyphy/ptII/ptolemy/actor/lib/test/auto/Exec.xml (RunModel)" time="0.022" />
  <testcase classname="ptolemy.util.test.junit.AutoTests" name="[145] /home/travis/build/icyphy/ptII/ptolemy/actor/lib/test/auto/ExecEnvironment.xml (RunModel)" time="0.034" />
  <testcase classname="ptolemy.util.test.junit.AutoTests" name="[146] /home/travis/build/icyphy/ptII/ptolemy/actor/lib/test/auto/ExecNonZeroReturnOutput.xml (RunModel)" time="0.137" />
  <testcase classname="ptolemy.util.test.junit.AutoTests" name="[147] /home/travis/build/icyphy/ptII/ptolemy/actor/lib/test/auto/ExecRunDemos.xml (RunModel)" time="9.249" />
  <testcase classname="ptolemy.util.test.junit.AutoTests" name="[148] /home/travis/build/icyphy/ptII/ptolemy/actor/lib/test/auto/ExecStop.xml (RunModel)" time="5.031" />
  <testcase classname="ptolemy.util.test.junit.AutoTests" name="[149] /home/travis/build/icyphy/ptII/ptolemy/actor/lib/test/auto/ExecutionTimeSDF.xml (RunModel)" time="6.037" />
  <testcase classname="ptolemy.util.test.junit.AutoTests" name="[150] /home/travis/build/icyphy/ptII/ptolemy/actor/lib/test/auto/Expression1.xml (RunModel)" time="0.009" />
  <testcase classname="ptolemy.util.test.junit.AutoTests" name="[151] /home/travis/build/icyphy/ptII/ptolemy/actor/lib/test/auto/Expression10.xml (RunModel)" time="0.017" />
  <testcase classname="ptolemy.util.test.junit.AutoTests" name="[152] /home/travis/build/icyphy/ptII/ptolemy/actor/lib/test/auto/Expression11.xml (RunModel)" time="0.012" />
  <testcase classname="ptolemy.util.test.junit.AutoTests" name="[153] /home/travis/build/icyphy/ptII/ptolemy/actor/lib/test/auto/Expression12.xml (RunModel)" time="0.014" />
  <testcase classname="ptolemy.util.test.junit.AutoTests" name="[154] /home/travis/build/icyphy/ptII/ptolemy/actor/lib/test/auto/Expression13.xml (RunModel)" time="0.012" />
  <testcase classname="ptolemy.util.test.junit.AutoTests" name="[155] /home/travis/build/icyphy/ptII/ptolemy/actor/lib/test/auto/Expression14.xml (RunModel)" time="0.018" />
  <testcase classname="ptolemy.util.test.junit.AutoTests" name="[156] /home/travis/build/icyphy/ptII/ptolemy/actor/lib/test/auto/Expression15.xml (RunModel)" time="0.009" />
  <testcase classname="ptolemy.util.test.junit.AutoTests" name="[157] /home/travis/build/icyphy/ptII/ptolemy/actor/lib/test/auto/Expression16.xml (RunModel)" time="0.013" />
  <testcase classname="ptolemy.util.test.junit.AutoTests" name="[158] /home/travis/build/icyphy/ptII/ptolemy/actor/lib/test/auto/Expression17.xml (RunModel)" time="0.012" />
  <testcase classname="ptolemy.util.test.junit.AutoTests" name="[159] /home/travis/build/icyphy/ptII/ptolemy/actor/lib/test/auto/Expression18.xml (RunModel)" time="0.014" />
  <testcase classname="ptolemy.util.test.junit.AutoTests" name="[160] /home/travis/build/icyphy/ptII/ptolemy/actor/lib/test/auto/Expression2.xml (RunModel)" time="0.013" />
  <testcase classname="ptolemy.util.test.junit.AutoTests" name="[161] /home/travis/build/icyphy/ptII/ptolemy/actor/lib/test/auto/Expression3.xml (RunModel)" time="0.014" />
  <testcase classname="ptolemy.util.test.junit.AutoTests" name="[162] /home/travis/build/icyphy/ptII/ptolemy/actor/lib/test/auto/Expression4.xml (RunModel)" time="0.021" />
  <testcase classname="ptolemy.util.test.junit.AutoTests" name="[163] /home/travis/build/icyphy/ptII/ptolemy/actor/lib/test/auto/Expression5.xml (RunModel)" time="0.015" />
  <testcase classname="ptolemy.util.test.junit.AutoTests" name="[164] /home/travis/build/icyphy/ptII/ptolemy/actor/lib/test/auto/Expression6.xml (RunModel)" time="0.012" />
  <testcase classname="ptolemy.util.test.junit.AutoTests" name="[165] /home/travis/build/icyphy/ptII/ptolemy/actor/lib/test/auto/Expression7.xml (RunModel)" time="0.014" />
  <testcase classname="ptolemy.util.test.junit.AutoTests" name="[166] /home/travis/build/icyphy/ptII/ptolemy/actor/lib/test/auto/Expression8.xml (RunModel)" time="0.012" />
  <testcase classname="ptolemy.util.test.junit.AutoTests" name="[167] /home/travis/build/icyphy/ptII/ptolemy/actor/lib/test/auto/Expression9.xml (RunModel)" time="0.011" />
  <testcase classname="ptolemy.util.test.junit.AutoTests" name="[168] /home/travis/build/icyphy/ptII/ptolemy/actor/lib/test/auto/ExpressionConcatenateArrayType.xml (RunModel)" time="0.026" />
  <testcase classname="ptolemy.util.test.junit.AutoTests" name="[169] /home/travis/build/icyphy/ptII/ptolemy/actor/lib/test/auto/ExpressionConcatenateArrayType2.xml (RunModel)" time="0.018" />
  <testcase classname="ptolemy.util.test.junit.AutoTests" name="[170] /home/travis/build/icyphy/ptII/ptolemy/actor/lib/test/auto/ExpressionFix.xml (RunModel)" time="0.034" />
  <testcase classname="ptolemy.util.test.junit.AutoTests" name="[171] /home/travis/build/icyphy/ptII/ptolemy/actor/lib/test/auto/ExpressionFix2.xml (RunModel)" time="0.016" />
  <testcase classname="ptolemy.util.test.junit.AutoTests" name="[172] /home/travis/build/icyphy/ptII/ptolemy/actor/lib/test/auto/ExpressionFix3.xml (RunModel)" time="0.017" />
  <testcase classname="ptolemy.util.test.junit.AutoTests" name="[173] /home/travis/build/icyphy/ptII/ptolemy/actor/lib/test/auto/FileWriter1.xml (RunModel)" time="0.012" />
  <testcase classname="ptolemy.util.test.junit.AutoTests" name="[174] /home/travis/build/icyphy/ptII/ptolemy/actor/lib/test/auto/FileWriter2.xml (RunModel)" time="0.016" />
  <testcase classname="ptolemy.util.test.junit.AutoTests" name="[175] /home/travis/build/icyphy/ptII/ptolemy/actor/lib/test/auto/FileWriter3.xml (RunModel)" time="0.016" />
  <testcase classname="ptolemy.util.test.junit.AutoTests" name="[176] /home/travis/build/icyphy/ptII/ptolemy/actor/lib/test/auto/Gaussian.xml (RunModel)" time="0.013" />
  <testcase classname="ptolemy.util.test.junit.AutoTests" name="[177] /home/travis/build/icyphy/ptII/ptolemy/actor/lib/test/auto/Gaussian1.xml (RunModel)" time="0.015" />
  <testcase classname="ptolemy.util.test.junit.AutoTests" name="[178] /home/travis/build/icyphy/ptII/ptolemy/actor/lib/test/auto/Gaussian2.xml (RunModel)" time="0.016" />
  <testcase classname="ptolemy.util.test.junit.AutoTests" name="[179] /home/travis/build/icyphy/ptII/ptolemy/actor/lib/test/auto/GradientAdaptiveLattice.xml (RunModel)" time="0.017" />
  <testcase classname="ptolemy.util.test.junit.AutoTests" name="[180] /home/travis/build/icyphy/ptII/ptolemy/actor/lib/test/auto/IIR.xml (RunModel)" time="0.014" />
  <testcase classname="ptolemy.util.test.junit.AutoTests" name="[181] /home/travis/build/icyphy/ptII/ptolemy/actor/lib/test/auto/InputOutputTransparentPorts.xml (RunModel)" time="0.019" />
  <testcase classname="ptolemy.util.test.junit.AutoTests" name="[182] /home/travis/build/icyphy/ptII/ptolemy/actor/lib/test/auto/Interpolator.xml (RunModel)" time="0.011" />
  <testcase classname="ptolemy.util.test.junit.AutoTests" name="[183] /home/travis/build/icyphy/ptII/ptolemy/actor/lib/test/auto/InterpolatorFiringLimitDE.xml (RunModel)" time="0.013" />
  <testcase classname="ptolemy.util.test.junit.AutoTests" name="[184] /home/travis/build/icyphy/ptII/ptolemy/actor/lib/test/auto/Lattice.xml (RunModel)" time="0.007" />
  <testcase classname="ptolemy.util.test.junit.AutoTests" name="[185] /home/travis/build/icyphy/ptII/ptolemy/actor/lib/test/auto/LazyAOCTestLazy.xml (RunModel)" time="0.049" />
  <testcase classname="ptolemy.util.test.junit.AutoTests" name="[186] /home/travis/build/icyphy/ptII/ptolemy/actor/lib/test/auto/LazyAOCTestNonLazy.xml (RunModel)" time="0.05" />
  <testcase classname="ptolemy.util.test.junit.AutoTests" name="[187] /home/travis/build/icyphy/ptII/ptolemy/actor/lib/test/auto/LazyInnerClass.xml (RunModel)" time="0.054" />
  <testcase classname="ptolemy.util.test.junit.AutoTests" name="[188] /home/travis/build/icyphy/ptII/ptolemy/actor/lib/test/auto/LazyPubSub.xml (RunModel)" time="0.036" />
  <testcase classname="ptolemy.util.test.junit.AutoTests" name="[189] /home/travis/build/icyphy/ptII/ptolemy/actor/lib/test/auto/LazyPubSub2.xml (RunModel)" time="0.027" />
  <testcase classname="ptolemy.util.test.junit.AutoTests" name="[190] /home/travis/build/icyphy/ptII/ptolemy/actor/lib/test/auto/LazyPubSub3.xml (RunModel)" time="0.023" />
  <testcase classname="ptolemy.util.test.junit.AutoTests" name="[191] /home/travis/build/icyphy/ptII/ptolemy/actor/lib/test/auto/LazySubClassModel.xml (RunModel)" time="0.025" />
  <testcase classname="ptolemy.util.test.junit.AutoTests" name="[192] /home/travis/build/icyphy/ptII/ptolemy/actor/lib/test/auto/LevelCrossTest1.xml (RunModel)" time="0.015" />
  <testcase classname="ptolemy.util.test.junit.AutoTests" name="[193] /home/travis/build/icyphy/ptII/ptolemy/actor/lib/test/auto/LevelCrossTest10.xml (RunModel)" time="0.015" />
  <testcase classname="ptolemy.util.test.junit.AutoTests" name="[194] /home/travis/build/icyphy/ptII/ptolemy/actor/lib/test/auto/LevelCrossTest11.xml (RunModel)" time="0.012" />
  <testcase classname="ptolemy.util.test.junit.AutoTests" name="[195] /home/travis/build/icyphy/ptII/ptolemy/actor/lib/test/auto/LevelCrossTest12.xml (RunModel)" time="0.012" />
  <testcase classname="ptolemy.util.test.junit.AutoTests" name="[196] /home/travis/build/icyphy/ptII/ptolemy/actor/lib/test/auto/LevelCrossTest13.xml (RunModel)" time="0.014" />
  <testcase classname="ptolemy.util.test.junit.AutoTests" name="[197] /home/travis/build/icyphy/ptII/ptolemy/actor/lib/test/auto/LevelCrossTest2.xml (RunModel)" time="0.009" />
  <testcase classname="ptolemy.util.test.junit.AutoTests" name="[198] /home/travis/build/icyphy/ptII/ptolemy/actor/lib/test/auto/LevelCrossTest3.xml (RunModel)" time="0.011" />
  <testcase classname="ptolemy.util.test.junit.AutoTests" name="[199] /home/travis/build/icyphy/ptII/ptolemy/actor/lib/test/auto/LevelCrossTest4.xml (RunModel)" time="0.01" />
  <testcase classname="ptolemy.util.test.junit.AutoTests" name="[200] /home/travis/build/icyphy/ptII/ptolemy/actor/lib/test/auto/LevelCrossTest5.xml (RunModel)" time="0.012" />
  <testcase classname="ptolemy.util.test.junit.AutoTests" name="[201] /home/travis/build/icyphy/ptII/ptolemy/actor/lib/test/auto/LevelCrossTest6.xml (RunModel)" time="0.013" />
  <testcase classname="ptolemy.util.test.junit.AutoTests" name="[202] /home/travis/build/icyphy/ptII/ptolemy/actor/lib/test/auto/LevelCrossTest7.xml (RunModel)" time="0.014" />
  <testcase classname="ptolemy.util.test.junit.AutoTests" name="[203] /home/travis/build/icyphy/ptII/ptolemy/actor/lib/test/auto/LevelCrossTest8.xml (RunModel)" time="0.011" />
  <testcase classname="ptolemy.util.test.junit.AutoTests" name="[204] /home/travis/build/icyphy/ptII/ptolemy/actor/lib/test/auto/LevelCrossTest9.xml (RunModel)" time="0.012" />
  <testcase classname="ptolemy.util.test.junit.AutoTests" name="[205] /home/travis/build/icyphy/ptII/ptolemy/actor/lib/test/auto/LevinsonDurbin.xml (RunModel)" time="0.009" />
  <testcase classname="ptolemy.util.test.junit.AutoTests" name="[206] /home/travis/build/icyphy/ptII/ptolemy/actor/lib/test/auto/LevinsonDurbin2.xml (RunModel)" time="0.008" />
  <testcase classname="ptolemy.util.test.junit.AutoTests" name="[207] /home/travis/build/icyphy/ptII/ptolemy/actor/lib/test/auto/LevinsonDurbin3.xml (RunModel)" time="0.007" />
  <testcase classname="ptolemy.util.test.junit.AutoTests" name="[208] /home/travis/build/icyphy/ptII/ptolemy/actor/lib/test/auto/Limiter.xml (RunModel)" time="0.022" />
  <testcase classname="ptolemy.util.test.junit.AutoTests" name="[209] /home/travis/build/icyphy/ptII/ptolemy/actor/lib/test/auto/LinearDifferenceEquationSystem.xml (RunModel)" time="0.019" />
  <testcase classname="ptolemy.util.test.junit.AutoTests" name="[210] /home/travis/build/icyphy/ptII/ptolemy/actor/lib/test/auto/LookupTable.xml (RunModel)" time="0.009" />
  <testcase classname="ptolemy.util.test.junit.AutoTests" name="[211] /home/travis/build/icyphy/ptII/ptolemy/actor/lib/test/auto/MathFunction.xml (RunModel)" time="0.019" />
  <testcase classname="ptolemy.util.test.junit.AutoTests" name="[212] /home/travis/build/icyphy/ptII/ptolemy/actor/lib/test/auto/MathFunction2.xml (RunModel)" time="0.009" />
  <testcase classname="ptolemy.util.test.junit.AutoTests" name="[213] /home/travis/build/icyphy/ptII/ptolemy/actor/lib/test/auto/MathFunction3.xml (RunModel)" time="0.017" />
  <testcase classname="ptolemy.util.test.junit.AutoTests" name="[214] /home/travis/build/icyphy/ptII/ptolemy/actor/lib/test/auto/MatrixCropBoolean.xml (RunModel)" time="0.01" />
  <testcase classname="ptolemy.util.test.junit.AutoTests" name="[215] /home/travis/build/icyphy/ptII/ptolemy/actor/lib/test/auto/MatrixCropComplex.xml (RunModel)" time="0.009" />
  <testcase classname="ptolemy.util.test.junit.AutoTests" name="[216] /home/travis/build/icyphy/ptII/ptolemy/actor/lib/test/auto/MatrixCropDouble.xml (RunModel)" time="0.009" />
  <testcase classname="ptolemy.util.test.junit.AutoTests" name="[217] /home/travis/build/icyphy/ptII/ptolemy/actor/lib/test/auto/MatrixCropFix.xml (RunModel)" time="0.01" />
  <testcase classname="ptolemy.util.test.junit.AutoTests" name="[218] /home/travis/build/icyphy/ptII/ptolemy/actor/lib/test/auto/MatrixCropInt.xml (RunModel)" time="0.009" />
  <testcase classname="ptolemy.util.test.junit.AutoTests" name="[219] /home/travis/build/icyphy/ptII/ptolemy/actor/lib/test/auto/MatrixCropLong.xml (RunModel)" time="0.013" />
  <testcase classname="ptolemy.util.test.junit.AutoTests" name="[220] /home/travis/build/icyphy/ptII/ptolemy/actor/lib/test/auto/MatrixToArray.xml (RunModel)" time="0.039" />
  <testcase classname="ptolemy.util.test.junit.AutoTests" name="[221] /home/travis/build/icyphy/ptII/ptolemy/actor/lib/test/auto/MaxIndex.xml (RunModel)" time="0.011" />
  <testcase classname="ptolemy.util.test.junit.AutoTests" name="[222] /home/travis/build/icyphy/ptII/ptolemy/actor/lib/test/auto/Maximum.xml (RunModel)" time="0.013" />
  <testcase classname="ptolemy.util.test.junit.AutoTests" name="[223] /home/travis/build/icyphy/ptII/ptolemy/actor/lib/test/auto/MaximumComplex.xml (RunModel)" time="0.019" />
  <testcase classname="ptolemy.util.test.junit.AutoTests" name="[224] /home/travis/build/icyphy/ptII/ptolemy/actor/lib/test/auto/MethodCallTest.xml (RunModel)" time="0.023" />
  <testcase classname="ptolemy.util.test.junit.AutoTests" name="[225] /home/travis/build/icyphy/ptII/ptolemy/actor/lib/test/auto/Minimum.xml (RunModel)" time="0.013" />
  <testcase classname="ptolemy.util.test.junit.AutoTests" name="[226] /home/travis/build/icyphy/ptII/ptolemy/actor/lib/test/auto/MinimumComplex.xml (RunModel)" time="0.015" />
  <testcase classname="ptolemy.util.test.junit.AutoTests" name="[227] /home/travis/build/icyphy/ptII/ptolemy/actor/lib/test/auto/MinimumMultiports.xml (RunModel)" time="0.021" />
  <testcase classname="ptolemy.util.test.junit.AutoTests" name="[228] /home/travis/build/icyphy/ptII/ptolemy/actor/lib/test/auto/ModifyDate.xml (RunModel)" time="0.037" />
  <testcase classname="ptolemy.util.test.junit.AutoTests" name="[229] /home/travis/build/icyphy/ptII/ptolemy/actor/lib/test/auto/ModifyDate2.xml (RunModel)" time="0.026" />
  <testcase classname="ptolemy.util.test.junit.AutoTests" name="[230] /home/travis/build/icyphy/ptII/ptolemy/actor/lib/test/auto/MovingAverage.xml (RunModel)" time="0.013" />
  <testcase classname="ptolemy.util.test.junit.AutoTests" name="[231] /home/travis/build/icyphy/ptII/ptolemy/actor/lib/test/auto/MovingMaximum.xml (RunModel)" time="0.011" />
  <testcase classname="ptolemy.util.test.junit.AutoTests" name="[232] /home/travis/build/icyphy/ptII/ptolemy/actor/lib/test/auto/MultipleLinksToSameRelation.xml (RunModel)" time="0.008" />
  <testcase classname="ptolemy.util.test.junit.AutoTests" name="[233] /home/travis/build/icyphy/ptII/ptolemy/actor/lib/test/auto/MultipleLinksToSameRelationDE.xml (RunModel)" time="0.01" />
  <testcase classname="ptolemy.util.test.junit.AutoTests" name="[234] /home/travis/build/icyphy/ptII/ptolemy/actor/lib/test/auto/Multiplexor.xml (RunModel)" time="0.016" />
  <testcase classname="ptolemy.util.test.junit.AutoTests" name="[235] /home/travis/build/icyphy/ptII/ptolemy/actor/lib/test/auto/Multiplexor1.xml (RunModel)" time="0.012" />
  <testcase classname="ptolemy.util.test.junit.AutoTests" name="[236] /home/travis/build/icyphy/ptII/ptolemy/actor/lib/test/auto/Multiplexor2.xml (RunModel)" time="0.014" />
  <testcase classname="ptolemy.util.test.junit.AutoTests" name="[237] /home/travis/build/icyphy/ptII/ptolemy/actor/lib/test/auto/Multiplexor3.xml (RunModel)" time="0.01" />
  <testcase classname="ptolemy.util.test.junit.AutoTests" name="[238] /home/travis/build/icyphy/ptII/ptolemy/actor/lib/test/auto/MultiplexorDE.xml (RunModel)" time="0.018" />
  <testcase classname="ptolemy.util.test.junit.AutoTests" name="[239] /home/travis/build/icyphy/ptII/ptolemy/actor/lib/test/auto/MultiportBroadcastTest.xml (RunModel)" time="0.097" />
  <testcase classname="ptolemy.util.test.junit.AutoTests" name="[240] /home/travis/build/icyphy/ptII/ptolemy/actor/lib/test/auto/MultiportOutHangDuringGetWidth.xml (RunModel)" time="0.037" />
  <testcase classname="ptolemy.util.test.junit.AutoTests" name="[241] /home/travis/build/icyphy/ptII/ptolemy/actor/lib/test/auto/NilToken.xml (RunModel)" time="0.016" />
  <testcase classname="ptolemy.util.test.junit.AutoTests" name="[242] /home/travis/build/icyphy/ptII/ptolemy/actor/lib/test/auto/NilTokenNonStrictTest.xml (RunModel)" time="0.017" />
  <testcase classname="ptolemy.util.test.junit.AutoTests" name="[243] /home/travis/build/icyphy/ptII/ptolemy/actor/lib/test/auto/NilTokenRecord.xml (RunModel)" time="0.023" />
  <testcase classname="ptolemy.util.test.junit.AutoTests" name="[244] /home/travis/build/icyphy/ptII/ptolemy/actor/lib/test/auto/NilTokenTypeTest.xml (RunModel)" time="0.033" />
  <testcase classname="ptolemy.util.test.junit.AutoTests" name="[245] /home/travis/build/icyphy/ptII/ptolemy/actor/lib/test/auto/ObjectToken1.xml (RunModel)" time="0.01" />
  <testcase classname="ptolemy.util.test.junit.AutoTests" name="[246] /home/travis/build/icyphy/ptII/ptolemy/actor/lib/test/auto/OrderedMerge.xml (RunModel)" time="0.018" />
  <testcase classname="ptolemy.util.test.junit.AutoTests" name="[247] /home/travis/build/icyphy/ptII/ptolemy/actor/lib/test/auto/OrderedRecordDisassembler.xml (RunModel)" time="0.024" />
  <testcase classname="ptolemy.util.test.junit.AutoTests" name="[248] /home/travis/build/icyphy/ptII/ptolemy/actor/lib/test/auto/OrderedRecordDisassembler2.xml (RunModel)" time="0.021" />
  <testcase classname="ptolemy.util.test.junit.AutoTests" name="[249] /home/travis/build/icyphy/ptII/ptolemy/actor/lib/test/auto/OrderedRecordUpdater.xml (RunModel)" time="0.014" />
  <testcase classname="ptolemy.util.test.junit.AutoTests" name="[250] /home/travis/build/icyphy/ptII/ptolemy/actor/lib/test/auto/OrderedRecordUpdater2.xml (RunModel)" time="0.023" />
  <testcase classname="ptolemy.util.test.junit.AutoTests" name="[251] /home/travis/build/icyphy/ptII/ptolemy/actor/lib/test/auto/PhaseUnwrap.xml (RunModel)" time="0.014" />
  <testcase classname="ptolemy.util.test.junit.AutoTests" name="[252] /home/travis/build/icyphy/ptII/ptolemy/actor/lib/test/auto/PoissonClock.xml (RunModel)" time="0.013" />
  <testcase classname="ptolemy.util.test.junit.AutoTests" name="[253] /home/travis/build/icyphy/ptII/ptolemy/actor/lib/test/auto/PoissonClock2.xml (RunModel)" time="0.009" />
  <testcase classname="ptolemy.util.test.junit.AutoTests" name="[254] /home/travis/build/icyphy/ptII/ptolemy/actor/lib/test/auto/PoissonClock3.xml (RunModel)" time="0.008" />
  <testcase classname="ptolemy.util.test.junit.AutoTests" name="[255] /home/travis/build/icyphy/ptII/ptolemy/actor/lib/test/auto/PubSubWithInitialTokens.xml (RunModel)" time="0.013" />
  <testcase classname="ptolemy.util.test.junit.AutoTests" name="[256] /home/travis/build/icyphy/ptII/ptolemy/actor/lib/test/auto/PubSubWithInitialTokens2.xml (RunModel)" time="0.013" />
  <testcase classname="ptolemy.util.test.junit.AutoTests" name="[257] /home/travis/build/icyphy/ptII/ptolemy/actor/lib/test/auto/PublisherClassNoParameter.xml (RunModel)" time="0.021" />
  <testcase classname="ptolemy.util.test.junit.AutoTests" name="[258] /home/travis/build/icyphy/ptII/ptolemy/actor/lib/test/auto/PublisherClassParameter.xml (RunModel)" time="0.023" />
  <testcase classname="ptolemy.util.test.junit.AutoTests" name="[259] /home/travis/build/icyphy/ptII/ptolemy/actor/lib/test/auto/PublisherNonStrictTest.xml (RunModel)" time="0.031" />
  <testcase classname="ptolemy.util.test.junit.AutoTests" name="[260] /home/travis/build/icyphy/ptII/ptolemy/actor/lib/test/auto/PublisherPort1.xml (RunModel)" time="0.012" />
  <testcase classname="ptolemy.util.test.junit.AutoTests" name="[261] /home/travis/build/icyphy/ptII/ptolemy/actor/lib/test/auto/PublisherPort2.xml (RunModel)" time="0.008" />
  <testcase classname="ptolemy.util.test.junit.AutoTests" name="[262] /home/travis/build/icyphy/ptII/ptolemy/actor/lib/test/auto/PublisherPort3.xml (RunModel)" time="0.011" />
  <testcase classname="ptolemy.util.test.junit.AutoTests" name="[263] /home/travis/build/icyphy/ptII/ptolemy/actor/lib/test/auto/PublisherPort4.xml (RunModel)" time="0.017" />
  <testcase classname="ptolemy.util.test.junit.AutoTests" name="[264] /home/travis/build/icyphy/ptII/ptolemy/actor/lib/test/auto/PublisherPort5.xml (RunModel)" time="0.014" />
  <testcase classname="ptolemy.util.test.junit.AutoTests" name="[265] /home/travis/build/icyphy/ptII/ptolemy/actor/lib/test/auto/PublisherPort5LookAlike.xml (RunModel)" time="0.014" />
  <testcase classname="ptolemy.util.test.junit.AutoTests" name="[266] /home/travis/build/icyphy/ptII/ptolemy/actor/lib/test/auto/PublisherPort6.xml (RunModel)" time="0.014" />
  <testcase classname="ptolemy.util.test.junit.AutoTests" name="[267] /home/travis/build/icyphy/ptII/ptolemy/actor/lib/test/auto/PublisherPort7.xml (RunModel)" time="0.015" />
  <testcase classname="ptolemy.util.test.junit.AutoTests" name="[268] /home/travis/build/icyphy/ptII/ptolemy/actor/lib/test/auto/PublisherPort8.xml (RunModel)" time="0.016" />
  <testcase classname="ptolemy.util.test.junit.AutoTests" name="[269] /home/travis/build/icyphy/ptII/ptolemy/actor/lib/test/auto/PublisherPortSubscriberChannelVariablesAOC2.xml (RunModel)" time="0.032" />
  <testcase classname="ptolemy.util.test.junit.AutoTests" name="[270] /home/travis/build/icyphy/ptII/ptolemy/actor/lib/test/auto/PublisherPortSubscriberOpaqueWidthInference.xml (RunModel)" time="0.015" />
  <testcase classname="ptolemy.util.test.junit.AutoTests" name="[271] /home/travis/build/icyphy/ptII/ptolemy/actor/lib/test/auto/PublisherPortSubscriberPortAdjacent.xml (RunModel)" time="0.016" />
  <testcase classname="ptolemy.util.test.junit.AutoTests" name="[272] /home/travis/build/icyphy/ptII/ptolemy/actor/lib/test/auto/PublisherPortSubscriberPortExpression.xml (RunModel)" time="0.018" />
  <testcase classname="ptolemy.util.test.junit.AutoTests" name="[273] /home/travis/build/icyphy/ptII/ptolemy/actor/lib/test/auto/PublisherPortSubscriberPortOpaqueD3Reverse.xml (RunModel)" time="0.019" />
  <testcase classname="ptolemy.util.test.junit.AutoTests" name="[274] /home/travis/build/icyphy/ptII/ptolemy/actor/lib/test/auto/PublisherPortSubscriberPortOpaqueWidthInference.xml (RunModel)" time="0.016" />
  <testcase classname="ptolemy.util.test.junit.AutoTests" name="[275] /home/travis/build/icyphy/ptII/ptolemy/actor/lib/test/auto/PublisherPortToplevelSubscriberPortAOC.xml (RunModel)" time="0.011" />
  <testcase classname="ptolemy.util.test.junit.AutoTests" name="[276] /home/travis/build/icyphy/ptII/ptolemy/actor/lib/test/auto/PublisherSubscriber.xml (RunModel)" time="0.013" />
  <testcase classname="ptolemy.util.test.junit.AutoTests" name="[277] /home/travis/build/icyphy/ptII/ptolemy/actor/lib/test/auto/PublisherSubscriber10.xml (RunModel)" time="0.022" />
  <testcase classname="ptolemy.util.test.junit.AutoTests" name="[278] /home/travis/build/icyphy/ptII/ptolemy/actor/lib/test/auto/PublisherSubscriber10InitialOutputs.xml (RunModel)" time="0.031" />
  <testcase classname="ptolemy.util.test.junit.AutoTests" name="[279] /home/travis/build/icyphy/ptII/ptolemy/actor/lib/test/auto/PublisherSubscriber11.xml (RunModel)" time="0.017" />
  <testcase classname="ptolemy.util.test.junit.AutoTests" name="[280] /home/travis/build/icyphy/ptII/ptolemy/actor/lib/test/auto/PublisherSubscriber12.xml (RunModel)" time="0.017" />
  <testcase classname="ptolemy.util.test.junit.AutoTests" name="[281] /home/travis/build/icyphy/ptII/ptolemy/actor/lib/test/auto/PublisherSubscriber13.xml (RunModel)" time="0.01" />
  <testcase classname="ptolemy.util.test.junit.AutoTests" name="[282] /home/travis/build/icyphy/ptII/ptolemy/actor/lib/test/auto/PublisherSubscriber14.xml (RunModel)" time="0.032" />
  <testcase classname="ptolemy.util.test.junit.AutoTests" name="[283] /home/travis/build/icyphy/ptII/ptolemy/actor/lib/test/auto/PublisherSubscriber2.xml (RunModel)" time="0.011" />
  <testcase classname="ptolemy.util.test.junit.AutoTests" name="[284] /home/travis/build/icyphy/ptII/ptolemy/actor/lib/test/auto/PublisherSubscriber3.xml (RunModel)" time="0.02" />
  <testcase classname="ptolemy.util.test.junit.AutoTests" name="[285] /home/travis/build/icyphy/ptII/ptolemy/actor/lib/test/auto/PublisherSubscriber4.xml (RunModel)" time="0.01" />
  <testcase classname="ptolemy.util.test.junit.AutoTests" name="[286] /home/travis/build/icyphy/ptII/ptolemy/actor/lib/test/auto/PublisherSubscriber5.xml (RunModel)" time="0.013" />
  <testcase classname="ptolemy.util.test.junit.AutoTests" name="[287] /home/travis/build/icyphy/ptII/ptolemy/actor/lib/test/auto/PublisherSubscriber6.xml (RunModel)" time="0.015" />
  <testcase classname="ptolemy.util.test.junit.AutoTests" name="[288] /home/travis/build/icyphy/ptII/ptolemy/actor/lib/test/auto/PublisherSubscriber7.xml (RunModel)" time="0.018" />
  <testcase classname="ptolemy.util.test.junit.AutoTests" name="[289] /home/travis/build/icyphy/ptII/ptolemy/actor/lib/test/auto/PublisherSubscriber8.xml (RunModel)" time="0.031" />
  <testcase classname="ptolemy.util.test.junit.AutoTests" name="[290] /home/travis/build/icyphy/ptII/ptolemy/actor/lib/test/auto/PublisherSubscriber9.xml (RunModel)" time="0.017" />
  <testcase classname="ptolemy.util.test.junit.AutoTests" name="[291] /home/travis/build/icyphy/ptII/ptolemy/actor/lib/test/auto/PublisherSubscriberAdjacent.xml (RunModel)" time="0.018" />
  <testcase classname="ptolemy.util.test.junit.AutoTests" name="[292] /home/travis/build/icyphy/ptII/ptolemy/actor/lib/test/auto/PublisherSubscriberChannelVariablesAOC2.xml (RunModel)" time="0.032" />
  <testcase classname="ptolemy.util.test.junit.AutoTests" name="[293] /home/travis/build/icyphy/ptII/ptolemy/actor/lib/test/auto/PublisherSubscriberD3.xml (RunModel)" time="0.018" />
  <testcase classname="ptolemy.util.test.junit.AutoTests" name="[294] /home/travis/build/icyphy/ptII/ptolemy/actor/lib/test/auto/PublisherSubscriberD3Reverse.xml (RunModel)" time="0.012" />
  <testcase classname="ptolemy.util.test.junit.AutoTests" name="[295] /home/travis/build/icyphy/ptII/ptolemy/actor/lib/test/auto/PublisherSubscriberExpression.xml (RunModel)" time="0.026" />
  <testcase classname="ptolemy.util.test.junit.AutoTests" name="[296] /home/travis/build/icyphy/ptII/ptolemy/actor/lib/test/auto/PublisherSubscriberOpaque.xml (RunModel)" time="0.017" />
  <testcase classname="ptolemy.util.test.junit.AutoTests" name="[297] /home/travis/build/icyphy/ptII/ptolemy/actor/lib/test/auto/PublisherSubscriberOpaqueD3.xml (RunModel)" time="0.024" />
  <testcase classname="ptolemy.util.test.junit.AutoTests" name="[298] /home/travis/build/icyphy/ptII/ptolemy/actor/lib/test/auto/PublisherSubscriberOpaqueD3Reverse.xml (RunModel)" time="0.021" />
  <testcase classname="ptolemy.util.test.junit.AutoTests" name="[299] /home/travis/build/icyphy/ptII/ptolemy/actor/lib/test/auto/PublisherSubscriberOpaqueWidthInference.xml (RunModel)" time="0.016" />
  <testcase classname="ptolemy.util.test.junit.AutoTests" name="[300] /home/travis/build/icyphy/ptII/ptolemy/actor/lib/test/auto/PublisherTestSubscriber.xml (RunModel)" time="0.018" />
  <testcase classname="ptolemy.util.test.junit.AutoTests" name="[301] /home/travis/build/icyphy/ptII/ptolemy/actor/lib/test/auto/PublisherToplevelSubscriberPortAOC.xml (RunModel)" time="0.01" />
  <testcase classname="ptolemy.util.test.junit.AutoTests" name="[302] /home/travis/build/icyphy/ptII/ptolemy/actor/lib/test/auto/PulseFiringLimitDE.xml (RunModel)" time="0.013" />
  <testcase classname="ptolemy.util.test.junit.AutoTests" name="[303] /home/travis/build/icyphy/ptII/ptolemy/actor/lib/test/auto/Ramp1.xml (RunModel)" time="0.008" />
  <testcase classname="ptolemy.util.test.junit.AutoTests" name="[304] /home/travis/build/icyphy/ptII/ptolemy/actor/lib/test/auto/RampFiringLimitDE.xml (RunModel)" time="0.011" />
  <testcase classname="ptolemy.util.test.junit.AutoTests" name="[305] /home/travis/build/icyphy/ptII/ptolemy/actor/lib/test/auto/RampFiringLimitSDF.xml (RunModel)" time="0.009" />
  <testcase classname="ptolemy.util.test.junit.AutoTests" name="[306] /home/travis/build/icyphy/ptII/ptolemy/actor/lib/test/auto/RandomInteger.xml (RunModel)" time="0.008" />
  <testcase classname="ptolemy.util.test.junit.AutoTests" name="[307] /home/travis/build/icyphy/ptII/ptolemy/actor/lib/test/auto/ReadFile1.xml (RunModel)" time="0.01" />
  <testcase classname="ptolemy.util.test.junit.AutoTests" name="[308] /home/travis/build/icyphy/ptII/ptolemy/actor/lib/test/auto/ReadFile2.xml (RunModel)" time="0.008" />
  <testcase classname="ptolemy.util.test.junit.AutoTests" name="[309] /home/travis/build/icyphy/ptII/ptolemy/actor/lib/test/auto/Reader.xml (RunModel)" time="0.021" />
  <testcase classname="ptolemy.util.test.junit.AutoTests" name="[310] /home/travis/build/icyphy/ptII/ptolemy/actor/lib/test/auto/RecordAssemblerDisplayNameTest.xml (RunModel)" time="3.064" />
  <testcase classname="ptolemy.util.test.junit.AutoTests" name="[311] /home/travis/build/icyphy/ptII/ptolemy/actor/lib/test/auto/RecordAssemblerTypeError.xml (RunModel)" time="0.031" />
  <testcase classname="ptolemy.util.test.junit.AutoTests" name="[312] /home/travis/build/icyphy/ptII/ptolemy/actor/lib/test/auto/RecordDisassember.xml (RunModel)" time="0.01" />
  <testcase classname="ptolemy.util.test.junit.AutoTests" name="[313] /home/travis/build/icyphy/ptII/ptolemy/actor/lib/test/auto/RecordDisassemberDisplayNameTest.xml (RunModel)" time="0.019" />
  <testcase classname="ptolemy.util.test.junit.AutoTests" name="[314] /home/travis/build/icyphy/ptII/ptolemy/actor/lib/test/auto/RecordDisassembler.xml (RunModel)" time="0.01" />
  <testcase classname="ptolemy.util.test.junit.AutoTests" name="[315] /home/travis/build/icyphy/ptII/ptolemy/actor/lib/test/auto/RecordDisassembler2.xml (RunModel)" time="0.01" />
  <testcase classname="ptolemy.util.test.junit.AutoTests" name="[316] /home/travis/build/icyphy/ptII/ptolemy/actor/lib/test/auto/RecordUpdater.xml (RunModel)" time="0.009" />
  <testcase classname="ptolemy.util.test.junit.AutoTests" name="[317] /home/travis/build/icyphy/ptII/ptolemy/actor/lib/test/auto/RecordUpdater2.xml (RunModel)" time="0.01" />
  <testcase classname="ptolemy.util.test.junit.AutoTests" name="[318] /home/travis/build/icyphy/ptII/ptolemy/actor/lib/test/auto/RecursiveLattice.xml (RunModel)" time="0.01" />
  <testcase classname="ptolemy.util.test.junit.AutoTests" name="[319] /home/travis/build/icyphy/ptII/ptolemy/actor/lib/test/auto/Router.xml (RunModel)" time="3.026" />
  <testcase classname="ptolemy.util.test.junit.AutoTests" name="[320] /home/travis/build/icyphy/ptII/ptolemy/actor/lib/test/auto/Router2.xml (RunModel)" time="3.036" />
  <testcase classname="ptolemy.util.test.junit.AutoTests" name="[321] /home/travis/build/icyphy/ptII/ptolemy/actor/lib/test/auto/RunningMaximum.xml (RunModel)" time="0.018" />
  <testcase classname="ptolemy.util.test.junit.AutoTests" name="[322] /home/travis/build/icyphy/ptII/ptolemy/actor/lib/test/auto/RunningMinimum.xml (RunModel)" time="0.016" />
  <testcase classname="ptolemy.util.test.junit.AutoTests" name="[323] /home/travis/build/icyphy/ptII/ptolemy/actor/lib/test/auto/Scale.xml (RunModel)" time="0.008" />
  <testcase classname="ptolemy.util.test.junit.AutoTests" name="[324] /home/travis/build/icyphy/ptII/ptolemy/actor/lib/test/auto/Scale2.xml (RunModel)" time="0.014" />
  <testcase classname="ptolemy.util.test.junit.AutoTests" name="[325] /home/travis/build/icyphy/ptII/ptolemy/actor/lib/test/auto/Scale3.xml (RunModel)" time="0.015" />
  <testcase classname="ptolemy.util.test.junit.AutoTests" name="[326] /home/travis/build/icyphy/ptII/ptolemy/actor/lib/test/auto/ScaleArray.xml (RunModel)" time="0.011" />
  <testcase classname="ptolemy.util.test.junit.AutoTests" name="[327] /home/travis/build/icyphy/ptII/ptolemy/actor/lib/test/auto/ScaleArray2.xml (RunModel)" time="0.01" />
  <testcase classname="ptolemy.util.test.junit.AutoTests" name="[328] /home/travis/build/icyphy/ptII/ptolemy/actor/lib/test/auto/ScaleMatrix.xml (RunModel)" time="0.134" />
  <testcase classname="ptolemy.util.test.junit.AutoTests" name="[329] /home/travis/build/icyphy/ptII/ptolemy/actor/lib/test/auto/Select.xml (RunModel)" time="0.015" />
  <testcase classname="ptolemy.util.test.junit.AutoTests" name="[330] /home/travis/build/icyphy/ptII/ptolemy/actor/lib/test/auto/Select2.xml (RunModel)" time="0.009" />
  <testcase classname="ptolemy.util.test.junit.AutoTests" name="[331] /home/travis/build/icyphy/ptII/ptolemy/actor/lib/test/auto/SequenceToArray2.xml (RunModel)" time="0.112" />
  <testcase classname="ptolemy.util.test.junit.AutoTests" name="[332] /home/travis/build/icyphy/ptII/ptolemy/actor/lib/test/auto/SequentialClock.xml (RunModel)" time="0.011" />
  <testcase classname="ptolemy.util.test.junit.AutoTests" name="[333] /home/travis/build/icyphy/ptII/ptolemy/actor/lib/test/auto/SetVariable.xml (RunModel)" time="0.013" />
  <testcase classname="ptolemy.util.test.junit.AutoTests" name="[334] /home/travis/build/icyphy/ptII/ptolemy/actor/lib/test/auto/SetVariable2.xml (RunModel)" time="0.011" />
  <testcase classname="ptolemy.util.test.junit.AutoTests" name="[335] /home/travis/build/icyphy/ptII/ptolemy/actor/lib/test/auto/SetVariable3.xml (RunModel)" time="0.02" />
  <testcase classname="ptolemy.util.test.junit.AutoTests" name="[336] /home/travis/build/icyphy/ptII/ptolemy/actor/lib/test/auto/SetVariable4.xml (RunModel)" time="0.029" />
  <testcase classname="ptolemy.util.test.junit.AutoTests" name="[337] /home/travis/build/icyphy/ptII/ptolemy/actor/lib/test/auto/SetVariable5.xml (RunModel)" time="0.039" />
  <testcase classname="ptolemy.util.test.junit.AutoTests" name="[338] /home/travis/build/icyphy/ptII/ptolemy/actor/lib/test/auto/Sinewave.xml (RunModel)" time="0.034" />
  <testcase classname="ptolemy.util.test.junit.AutoTests" name="[339] /home/travis/build/icyphy/ptII/ptolemy/actor/lib/test/auto/Sinewave2.xml (RunModel)" time="0.029" />
  <testcase classname="ptolemy.util.test.junit.AutoTests" name="[340] /home/travis/build/icyphy/ptII/ptolemy/actor/lib/test/auto/Sinewave3.xml (RunModel)" time="0.02" />
  <testcase classname="ptolemy.util.test.junit.AutoTests" name="[341] /home/travis/build/icyphy/ptII/ptolemy/actor/lib/test/auto/SingleEvent.xml (RunModel)" time="0.007" />
  <testcase classname="ptolemy.util.test.junit.AutoTests" name="[342] /home/travis/build/icyphy/ptII/ptolemy/actor/lib/test/auto/Sleep.xml (RunModel)" time="6.014" />
  <testcase classname="ptolemy.util.test.junit.AutoTests" name="[343] /home/travis/build/icyphy/ptII/ptolemy/actor/lib/test/auto/SleepMultipleFire.xml (RunModel)" time="1.022" />
  <testcase classname="ptolemy.util.test.junit.AutoTests" name="[344] /home/travis/build/icyphy/ptII/ptolemy/actor/lib/test/auto/StopDE.xml (RunModel)" time="0.029" />
  <testcase classname="ptolemy.util.test.junit.AutoTests" name="[345] /home/travis/build/icyphy/ptII/ptolemy/actor/lib/test/auto/StopSDF.xml (RunModel)" time="0.013" />
  <testcase classname="ptolemy.util.test.junit.AutoTests" name="[346] /home/travis/build/icyphy/ptII/ptolemy/actor/lib/test/auto/StringConstant.xml (RunModel)" time="0.012" />
  <testcase classname="ptolemy.util.test.junit.AutoTests" name="[347] /home/travis/build/icyphy/ptII/ptolemy/actor/lib/test/auto/SubscriberPortInitialValues1.xml (RunModel)" time="0.019" />
  <testcase classname="ptolemy.util.test.junit.AutoTests" name="[348] /home/travis/build/icyphy/ptII/ptolemy/actor/lib/test/auto/SubscriberPortInitialValues13.xml (RunModel)" time="0.028" />
  <testcase classname="ptolemy.util.test.junit.AutoTests" name="[349] /home/travis/build/icyphy/ptII/ptolemy/actor/lib/test/auto/SubscriberPortInitialValues14.xml (RunModel)" time="0.02" />
  <testcase classname="ptolemy.util.test.junit.AutoTests" name="[350] /home/travis/build/icyphy/ptII/ptolemy/actor/lib/test/auto/SubscriberPortInitialValues2.xml (RunModel)" time="0.015" />
  <testcase classname="ptolemy.util.test.junit.AutoTests" name="[351] /home/travis/build/icyphy/ptII/ptolemy/actor/lib/test/auto/SubscriberPortInitialValues3.xml (RunModel)" time="0.021" />
  <testcase classname="ptolemy.util.test.junit.AutoTests" name="[352] /home/travis/build/icyphy/ptII/ptolemy/actor/lib/test/auto/SubscriptionAggregator.xml (RunModel)" time="0.012" />
  <testcase classname="ptolemy.util.test.junit.AutoTests" name="[353] /home/travis/build/icyphy/ptII/ptolemy/actor/lib/test/auto/SubscriptionAggregator2.xml (RunModel)" time="0.012" />
  <testcase classname="ptolemy.util.test.junit.AutoTests" name="[354] /home/travis/build/icyphy/ptII/ptolemy/actor/lib/test/auto/SubscriptionAggregator3.xml (RunModel)" time="0.016" />
  <testcase classname="ptolemy.util.test.junit.AutoTests" name="[355] /home/travis/build/icyphy/ptII/ptolemy/actor/lib/test/auto/SubscriptionAggregatorMultiply.xml (RunModel)" time="0.017" />
  <testcase classname="ptolemy.util.test.junit.AutoTests" name="[356] /home/travis/build/icyphy/ptII/ptolemy/actor/lib/test/auto/SubscriptionAggregatorPortMultiply1.xml (RunModel)" time="0.012" />
  <testcase classname="ptolemy.util.test.junit.AutoTests" name="[357] /home/travis/build/icyphy/ptII/ptolemy/actor/lib/test/auto/Switch.xml (RunModel)" time="0.017" />
  <testcase classname="ptolemy.util.test.junit.AutoTests" name="[358] /home/travis/build/icyphy/ptII/ptolemy/actor/lib/test/auto/Switch2.xml (RunModel)" time="0.013" />
  <testcase classname="ptolemy.util.test.junit.AutoTests" name="[359] /home/travis/build/icyphy/ptII/ptolemy/actor/lib/test/auto/SwitchDE.xml (RunModel)" time="0.023" />
  <testcase classname="ptolemy.util.test.junit.AutoTests" name="[360] /home/travis/build/icyphy/ptII/ptolemy/actor/lib/test/auto/SynchronizerDE.xml (RunModel)" time="0.024" />
  <testcase classname="ptolemy.util.test.junit.AutoTests" name="[361] /home/travis/build/icyphy/ptII/ptolemy/actor/lib/test/auto/Test.xml (RunModel)" time="0.018" />
  <testcase classname="ptolemy.util.test.junit.AutoTests" name="[362] /home/travis/build/icyphy/ptII/ptolemy/actor/lib/test/auto/TestExceptionAttribute1.xml (RunModel)" time="0.008" />
  <testcase classname="ptolemy.util.test.junit.AutoTests" name="[363] /home/travis/build/icyphy/ptII/ptolemy/actor/lib/test/auto/TestExceptionAttribute2.xml (RunModel)" time="0.007" />
  <testcase classname="ptolemy.util.test.junit.AutoTests" name="[364] /home/travis/build/icyphy/ptII/ptolemy/actor/lib/test/auto/TestExceptionAttribute3.xml (RunModel)" time="0.006" />
  <testcase classname="ptolemy.util.test.junit.AutoTests" name="[365] /home/travis/build/icyphy/ptII/ptolemy/actor/lib/test/auto/TestExceptionAttribute4.xml (RunModel)" time="0.006" />
  <testcase classname="ptolemy.util.test.junit.AutoTests" name="[366] /home/travis/build/icyphy/ptII/ptolemy/actor/lib/test/auto/TestExceptionHandler1.xml (RunModel)" time="0.006" />
  <testcase classname="ptolemy.util.test.junit.AutoTests" name="[367] /home/travis/build/icyphy/ptII/ptolemy/actor/lib/test/auto/TestExceptionHandler2.xml (RunModel)" time="0.008" />
  <testcase classname="ptolemy.util.test.junit.AutoTests" name="[368] /home/travis/build/icyphy/ptII/ptolemy/actor/lib/test/auto/TestExceptionHandler3.xml (RunModel)" time="0.006" />
  <testcase classname="ptolemy.util.test.junit.AutoTests" name="[369] /home/travis/build/icyphy/ptII/ptolemy/actor/lib/test/auto/TestExceptionHandler4.xml (RunModel)" time="0.006" />
  <testcase classname="ptolemy.util.test.junit.AutoTests" name="[370] /home/travis/build/icyphy/ptII/ptolemy/actor/lib/test/auto/TestRequireCorrectOrder.xml (RunModel)" time="0.009" />
  <testcase classname="ptolemy.util.test.junit.AutoTests" name="[371] /home/travis/build/icyphy/ptII/ptolemy/actor/lib/test/auto/TestSimple.xml (RunModel)" time="0.007" />
  <testcase classname="ptolemy.util.test.junit.AutoTests" name="[372] /home/travis/build/icyphy/ptII/ptolemy/actor/lib/test/auto/ThrowModelError.xml (RunModel)" time="0.01" />
  <testcase classname="ptolemy.util.test.junit.AutoTests" name="[373] /home/travis/build/icyphy/ptII/ptolemy/actor/lib/test/auto/TimeDelayMicrosteps.xml (RunModel)" time="0.013" />
  <testcase classname="ptolemy.util.test.junit.AutoTests" name="[374] /home/travis/build/icyphy/ptII/ptolemy/actor/lib/test/auto/TimeDelayMicrosteps2.xml (RunModel)" time="0.015" />
  <testcase classname="ptolemy.util.test.junit.AutoTests" name="[375] /home/travis/build/icyphy/ptII/ptolemy/actor/lib/test/auto/TimeDelayMicrosteps3.xml (RunModel)" time="0.012" />
  <testcase classname="ptolemy.util.test.junit.AutoTests" name="[376] /home/travis/build/icyphy/ptII/ptolemy/actor/lib/test/auto/TimeDelayVariableMicrosteps.xml (RunModel)" time="0.012" />
  <testcase classname="ptolemy.util.test.junit.AutoTests" name="[377] /home/travis/build/icyphy/ptII/ptolemy/actor/lib/test/auto/TimeGap.xml (RunModel)" time="0.012" />
  <testcase classname="ptolemy.util.test.junit.AutoTests" name="[378] /home/travis/build/icyphy/ptII/ptolemy/actor/lib/test/auto/TimeGap2.xml (RunModel)" time="0.02" />
  <testcase classname="ptolemy.util.test.junit.AutoTests" name="[379] /home/travis/build/icyphy/ptII/ptolemy/actor/lib/test/auto/TimedSinewave.xml (RunModel)" time="0.04" />
  <testcase classname="ptolemy.util.test.junit.AutoTests" name="[380] /home/travis/build/icyphy/ptII/ptolemy/actor/lib/test/auto/TimedSinewavePhase.xml (RunModel)" time="0.023" />
  <testcase classname="ptolemy.util.test.junit.AutoTests" name="[381] /home/travis/build/icyphy/ptII/ptolemy/actor/lib/test/auto/Timer.xml (RunModel)" time="0.013" />
  <testcase classname="ptolemy.util.test.junit.AutoTests" name="[382] /home/travis/build/icyphy/ptII/ptolemy/actor/lib/test/auto/TriangularDistTestModel.xml (RunModel)" time="0.015" />
  <testcase classname="ptolemy.util.test.junit.AutoTests" name="[383] /home/travis/build/icyphy/ptII/ptolemy/actor/lib/test/auto/TrigFunction.xml (RunModel)" time="0.009" />
  <testcase classname="ptolemy.util.test.junit.AutoTests" name="[384] /home/travis/build/icyphy/ptII/ptolemy/actor/lib/test/auto/TrigFunctionDE.xml (RunModel)" time="0.012" />
  <testcase classname="ptolemy.util.test.junit.AutoTests" name="[385] /home/travis/build/icyphy/ptII/ptolemy/actor/lib/test/auto/TrigFunctionInverse.xml (RunModel)" time="0.01" />
  <testcase classname="ptolemy.util.test.junit.AutoTests" name="[386] /home/travis/build/icyphy/ptII/ptolemy/actor/lib/test/auto/TrigFunctionTan.xml (RunModel)" time="0.008" />
  <testcase classname="ptolemy.util.test.junit.AutoTests" name="[387] /home/travis/build/icyphy/ptII/ptolemy/actor/lib/test/auto/TriggeredClock.xml (RunModel)" time="0.009" />
  <testcase classname="ptolemy.util.test.junit.AutoTests" name="[388] /home/travis/build/icyphy/ptII/ptolemy/actor/lib/test/auto/URLDirectoryReader.xml (RunModel)" time="0.074" />
  <testcase classname="ptolemy.util.test.junit.AutoTests" name="[389] /home/travis/build/icyphy/ptII/ptolemy/actor/lib/test/auto/URLDirectoryReader3.xml (RunModel)" time="1.56" />
  <testcase classname="ptolemy.util.test.junit.AutoTests" name="[390] /home/travis/build/icyphy/ptII/ptolemy/actor/lib/test/auto/UnaryMathFunction.xml (RunModel)" time="0.022" />
  <testcase classname="ptolemy.util.test.junit.AutoTests" name="[391] /home/travis/build/icyphy/ptII/ptolemy/actor/lib/test/auto/Uniform.xml (RunModel)" time="0.013" />
  <testcase classname="ptolemy.util.test.junit.AutoTests" name="[392] /home/travis/build/icyphy/ptII/ptolemy/actor/lib/test/auto/UnionDisassemblerTest.xml (RunModel)" time="0.006" />
  <testcase classname="ptolemy.util.test.junit.AutoTests" name="[393] /home/travis/build/icyphy/ptII/ptolemy/actor/lib/test/auto/UtilityFunctions.xml (RunModel)" time="0.007" />
  <testcase classname="ptolemy.util.test.junit.AutoTests" name="[394] /home/travis/build/icyphy/ptII/ptolemy/actor/lib/test/auto/VariableSleep.xml (RunModel)" time="0.538" />
  <testcase classname="ptolemy.util.test.junit.AutoTests" name="[395] /home/travis/build/icyphy/ptII/ptolemy/actor/lib/test/auto/VectorAssemblerDisassemblerCT.xml (RunModel)" time="0.12" />
  <testcase classname="ptolemy.util.test.junit.AutoTests" name="[396] /home/travis/build/icyphy/ptII/ptolemy/actor/lib/test/auto/VectorAssemblerDisassemblerDE.xml (RunModel)" time="0.014" />
  <testcase classname="ptolemy.util.test.junit.AutoTests" name="[397] /home/travis/build/icyphy/ptII/ptolemy/actor/lib/test/auto/VectorAssemblerDisassemblerSDF.xml (RunModel)" time="0.013" />
  <testcase classname="ptolemy.util.test.junit.AutoTests" name="[398] /home/travis/build/icyphy/ptII/ptolemy/actor/lib/test/auto/WallClockTime.xml (RunModel)" time="1.014" />
  <testcase classname="ptolemy.util.test.junit.AutoTests" name="[399] /home/travis/build/icyphy/ptII/ptolemy/actor/lib/test/auto/WidthTestWithSubscriberPublisher.xml (RunModel)" time="0.044" />
  <testcase classname="ptolemy.util.test.junit.AutoTests" name="[400] /home/travis/build/icyphy/ptII/ptolemy/actor/lib/test/auto/WidthTestWithSubscriberPublisher2.xml (RunModel)" time="0.031" />
  <testcase classname="ptolemy.util.test.junit.AutoTests" name="[401] /home/travis/build/icyphy/ptII/ptolemy/actor/lib/test/auto/WidthTestWithSubscriberPublisher3.xml (RunModel)" time="0.028" />
  <testcase classname="ptolemy.util.test.junit.AutoTests" name="[402] /home/travis/build/icyphy/ptII/ptolemy/actor/lib/test/auto/Writer.xml (RunModel)" time="0.009" />
  <testcase classname="ptolemy.util.test.junit.AutoTests" name="[403] /home/travis/build/icyphy/ptII/ptolemy/actor/lib/test/auto/array.xml (RunModel)" time="0.015" />
  <testcase classname="ptolemy.util.test.junit.AutoTests" name="[404] /home/travis/build/icyphy/ptII/ptolemy/actor/lib/test/auto/array2.xml (RunModel)" time="0.011" />
  <testcase classname="ptolemy.util.test.junit.AutoTests" name="[405] /home/travis/build/icyphy/ptII/ptolemy/actor/lib/test/auto/arrayType.xml (RunModel)" time="0.022" />
  <testcase classname="ptolemy.util.test.junit.AutoTests" name="[406] /home/travis/build/icyphy/ptII/ptolemy/actor/lib/test/auto/arrayType10.xml (RunModel)" time="0.01" />
  <testcase classname="ptolemy.util.test.junit.AutoTests" name="[407] /home/travis/build/icyphy/ptII/ptolemy/actor/lib/test/auto/arrayType11.xml (RunModel)" time="0.009" />
  <testcase classname="ptolemy.util.test.junit.AutoTests" name="[408] /home/travis/build/icyphy/ptII/ptolemy/actor/lib/test/auto/arrayType12.xml (RunModel)" time="0.01" />
  <testcase classname="ptolemy.util.test.junit.AutoTests" name="[409] /home/travis/build/icyphy/ptII/ptolemy/actor/lib/test/auto/arrayType13.xml (RunModel)" time="0.01" />
  <testcase classname="ptolemy.util.test.junit.AutoTests" name="[410] /home/travis/build/icyphy/ptII/ptolemy/actor/lib/test/auto/arrayType14.xml (RunModel)" time="0.013" />
  <testcase classname="ptolemy.util.test.junit.AutoTests" name="[411] /home/travis/build/icyphy/ptII/ptolemy/actor/lib/test/auto/arrayType15.xml (RunModel)" time="0.01" />
  <testcase classname="ptolemy.util.test.junit.AutoTests" name="[412] /home/travis/build/icyphy/ptII/ptolemy/actor/lib/test/auto/arrayType16.xml (RunModel)" time="0.013" />
  <testcase classname="ptolemy.util.test.junit.AutoTests" name="[413] /home/travis/build/icyphy/ptII/ptolemy/actor/lib/test/auto/arrayType17.xml (RunModel)" time="0.011" />
  <testcase classname="ptolemy.util.test.junit.AutoTests" name="[414] /home/travis/build/icyphy/ptII/ptolemy/actor/lib/test/auto/arrayType18.xml (RunModel)" time="0.01" />
  <testcase classname="ptolemy.util.test.junit.AutoTests" name="[415] /home/travis/build/icyphy/ptII/ptolemy/actor/lib/test/auto/arrayType19.xml (RunModel)" time="0.019" />
  <testcase classname="ptolemy.util.test.junit.AutoTests" name="[416] /home/travis/build/icyphy/ptII/ptolemy/actor/lib/test/auto/arrayType2.xml (RunModel)" time="0.016" />
  <testcase classname="ptolemy.util.test.junit.AutoTests" name="[417] /home/travis/build/icyphy/ptII/ptolemy/actor/lib/test/auto/arrayType20.xml (RunModel)" time="0.013" />
  <testcase classname="ptolemy.util.test.junit.AutoTests" name="[418] /home/travis/build/icyphy/ptII/ptolemy/actor/lib/test/auto/arrayType21.xml (RunModel)" time="0.012" />
  <testcase classname="ptolemy.util.test.junit.AutoTests" name="[419] /home/travis/build/icyphy/ptII/ptolemy/actor/lib/test/auto/arrayType22.xml (RunModel)" time="0.01" />
  <testcase classname="ptolemy.util.test.junit.AutoTests" name="[420] /home/travis/build/icyphy/ptII/ptolemy/actor/lib/test/auto/arrayType23.xml (RunModel)" time="0.01" />
  <testcase classname="ptolemy.util.test.junit.AutoTests" name="[421] /home/travis/build/icyphy/ptII/ptolemy/actor/lib/test/auto/arrayType24.xml (RunModel)" time="0.014" />
  <testcase classname="ptolemy.util.test.junit.AutoTests" name="[422] /home/travis/build/icyphy/ptII/ptolemy/actor/lib/test/auto/arrayType25.xml (RunModel)" time="0.012" />
  <testcase classname="ptolemy.util.test.junit.AutoTests" name="[423] /home/travis/build/icyphy/ptII/ptolemy/actor/lib/test/auto/arrayType26.xml (RunModel)" time="0.01" />
  <testcase classname="ptolemy.util.test.junit.AutoTests" name="[424] /home/travis/build/icyphy/ptII/ptolemy/actor/lib/test/auto/arrayType27.xml (RunModel)" time="0.034" />
  <testcase classname="ptolemy.util.test.junit.AutoTests" name="[425] /home/travis/build/icyphy/ptII/ptolemy/actor/lib/test/auto/arrayType28.xml (RunModel)" time="0.015" />
  <testcase classname="ptolemy.util.test.junit.AutoTests" name="[426] /home/travis/build/icyphy/ptII/ptolemy/actor/lib/test/auto/arrayType3.xml (RunModel)" time="0.013" />
  <testcase classname="ptolemy.util.test.junit.AutoTests" name="[427] /home/travis/build/icyphy/ptII/ptolemy/actor/lib/test/auto/arrayType4.xml (RunModel)" time="0.011" />
  <testcase classname="ptolemy.util.test.junit.AutoTests" name="[428] /home/travis/build/icyphy/ptII/ptolemy/actor/lib/test/auto/arrayType5.xml (RunModel)" time="0.011" />
  <testcase classname="ptolemy.util.test.junit.AutoTests" name="[429] /home/travis/build/icyphy/ptII/ptolemy/actor/lib/test/auto/arrayType6.xml (RunModel)" time="0.013" />
  <testcase classname="ptolemy.util.test.junit.AutoTests" name="[430] /home/travis/build/icyphy/ptII/ptolemy/actor/lib/test/auto/arrayType7.xml (RunModel)" time="0.009" />
  <testcase classname="ptolemy.util.test.junit.AutoTests" name="[431] /home/travis/build/icyphy/ptII/ptolemy/actor/lib/test/auto/arrayType8.xml (RunModel)" time="0.011" />
  <testcase classname="ptolemy.util.test.junit.AutoTests" name="[432] /home/travis/build/icyphy/ptII/ptolemy/actor/lib/test/auto/arrayType9.xml (RunModel)" time="0.025" />
  <testcase classname="ptolemy.util.test.junit.AutoTests" name="[433] /home/travis/build/icyphy/ptII/ptolemy/actor/lib/test/auto/cast.xml (RunModel)" time="0.011" />
  <testcase classname="ptolemy.util.test.junit.AutoTests" name="[434] /home/travis/build/icyphy/ptII/ptolemy/actor/lib/test/auto/compositeMultiPort.xml (RunModel)" time="0.021" />
  <testcase classname="ptolemy.util.test.junit.AutoTests" name="[435] /home/travis/build/icyphy/ptII/ptolemy/actor/lib/test/auto/expressionCastInference.xml (RunModel)" time="0.01" />
  <testcase classname="ptolemy.util.test.junit.AutoTests" name="[436] /home/travis/build/icyphy/ptII/ptolemy/actor/lib/test/auto/expressionCastInference2.xml (RunModel)" time="0.008" />
  <testcase classname="ptolemy.util.test.junit.AutoTests" name="[437] /home/travis/build/icyphy/ptII/ptolemy/actor/lib/test/auto/expressionInference.xml (RunModel)" time="0.008" />
  <testcase classname="ptolemy.util.test.junit.AutoTests" name="[438] /home/travis/build/icyphy/ptII/ptolemy/actor/lib/test/auto/expression_bug.xml (RunModel)" time="0.008" />
  <testcase classname="ptolemy.util.test.junit.AutoTests" name="[439] /home/travis/build/icyphy/ptII/ptolemy/actor/lib/test/auto/factorial.xml (RunModel)" time="0.054" />
  <testcase classname="ptolemy.util.test.junit.AutoTests" name="[440] /home/travis/build/icyphy/ptII/ptolemy/actor/lib/test/auto/filterTest1.xml (RunModel)" time="0.013" />
  <testcase classname="ptolemy.util.test.junit.AutoTests" name="[441] /home/travis/build/icyphy/ptII/ptolemy/actor/lib/test/auto/funcApplyInConst.xml (RunModel)" time="0.006" />
  <testcase classname="ptolemy.util.test.junit.AutoTests" name="[442] /home/travis/build/icyphy/ptII/ptolemy/actor/lib/test/auto/funcApplyInExpr.xml (RunModel)" time="0.006" />
  <testcase classname="ptolemy.util.test.junit.AutoTests" name="[443] /home/travis/build/icyphy/ptII/ptolemy/actor/lib/test/auto/function.xml (RunModel)" time="0.009" />
  <testcase classname="ptolemy.util.test.junit.AutoTests" name="[444] /home/travis/build/icyphy/ptII/ptolemy/actor/lib/test/auto/function2.xml (RunModel)" time="0.009" />
  <testcase classname="ptolemy.util.test.junit.AutoTests" name="[445] /home/travis/build/icyphy/ptII/ptolemy/actor/lib/test/auto/function3.xml (RunModel)" time="0.007" />
  <testcase classname="ptolemy.util.test.junit.AutoTests" name="[446] /home/travis/build/icyphy/ptII/ptolemy/actor/lib/test/auto/functionClosureTest1.xml (RunModel)" time="0.011" />
  <testcase classname="ptolemy.util.test.junit.AutoTests" name="[447] /home/travis/build/icyphy/ptII/ptolemy/actor/lib/test/auto/functionClosureTest2.xml (RunModel)" time="0.007" />
  <testcase classname="ptolemy.util.test.junit.AutoTests" name="[448] /home/travis/build/icyphy/ptII/ptolemy/actor/lib/test/auto/functionClosureTest3.xml (RunModel)" time="0.01" />
  <testcase classname="ptolemy.util.test.junit.AutoTests" name="[449] /home/travis/build/icyphy/ptII/ptolemy/actor/lib/test/auto/functionClosureTest4.xml (RunModel)" time="0.012" />
  <testcase classname="ptolemy.util.test.junit.AutoTests" name="[450] /home/travis/build/icyphy/ptII/ptolemy/actor/lib/test/auto/functionClosureTest5.xml (RunModel)" time="0.011" />
  <testcase classname="ptolemy.util.test.junit.AutoTests" name="[451] /home/travis/build/icyphy/ptII/ptolemy/actor/lib/test/auto/functionClosureTest6.xml (RunModel)" time="0.009" />
  <testcase classname="ptolemy.util.test.junit.AutoTests" name="[452] /home/travis/build/icyphy/ptII/ptolemy/actor/lib/test/auto/functionsOnArcs.xml (RunModel)" time="0.011" />
  <testcase classname="ptolemy.util.test.junit.AutoTests" name="[453] /home/travis/build/icyphy/ptII/ptolemy/actor/lib/test/auto/functionsOnArcsHOF.xml (RunModel)" time="0.012" />
  <testcase classname="ptolemy.util.test.junit.AutoTests" name="[454] /home/travis/build/icyphy/ptII/ptolemy/actor/lib/test/auto/logic.xml (RunModel)" time="0.017" />
  <testcase classname="ptolemy.util.test.junit.AutoTests" name="[455] /home/travis/build/icyphy/ptII/ptolemy/actor/lib/test/auto/matrixType.xml (RunModel)" time="0.009" />
  <testcase classname="ptolemy.util.test.junit.AutoTests" name="[456] /home/travis/build/icyphy/ptII/ptolemy/actor/lib/test/auto/matrixType10.xml (RunModel)" time="0.009" />
  <testcase classname="ptolemy.util.test.junit.AutoTests" name="[457] /home/travis/build/icyphy/ptII/ptolemy/actor/lib/test/auto/matrixType11.xml (RunModel)" time="0.009" />
  <testcase classname="ptolemy.util.test.junit.AutoTests" name="[458] /home/travis/build/icyphy/ptII/ptolemy/actor/lib/test/auto/matrixType12.xml (RunModel)" time="0.009" />
  <testcase classname="ptolemy.util.test.junit.AutoTests" name="[459] /home/travis/build/icyphy/ptII/ptolemy/actor/lib/test/auto/matrixType13.xml (RunModel)" time="0.008" />
  <testcase classname="ptolemy.util.test.junit.AutoTests" name="[460] /home/travis/build/icyphy/ptII/ptolemy/actor/lib/test/auto/matrixType14.xml (RunModel)" time="0.01" />
  <testcase classname="ptolemy.util.test.junit.AutoTests" name="[461] /home/travis/build/icyphy/ptII/ptolemy/actor/lib/test/auto/matrixType2.xml (RunModel)" time="0.01" />
  <testcase classname="ptolemy.util.test.junit.AutoTests" name="[462] /home/travis/build/icyphy/ptII/ptolemy/actor/lib/test/auto/matrixType3.xml (RunModel)" time="0.008" />
  <testcase classname="ptolemy.util.test.junit.AutoTests" name="[463] /home/travis/build/icyphy/ptII/ptolemy/actor/lib/test/auto/matrixType4.xml (RunModel)" time="0.01" />
  <testcase classname="ptolemy.util.test.junit.AutoTests" name="[464] /home/travis/build/icyphy/ptII/ptolemy/actor/lib/test/auto/matrixType5.xml (RunModel)" time="0.008" />
  <testcase classname="ptolemy.util.test.junit.AutoTests" name="[465] /home/travis/build/icyphy/ptII/ptolemy/actor/lib/test/auto/matrixType6.xml (RunModel)" time="0.009" />
  <testcase classname="ptolemy.util.test.junit.AutoTests" name="[466] /home/travis/build/icyphy/ptII/ptolemy/actor/lib/test/auto/matrixType7.xml (RunModel)" time="0.009" />
  <testcase classname="ptolemy.util.test.junit.AutoTests" name="[467] /home/travis/build/icyphy/ptII/ptolemy/actor/lib/test/auto/matrixType8.xml (RunModel)" time="0.01" />
  <testcase classname="ptolemy.util.test.junit.AutoTests" name="[468] /home/travis/build/icyphy/ptII/ptolemy/actor/lib/test/auto/matrixType9.xml (RunModel)" time="0.009" />
  <testcase classname="ptolemy.util.test.junit.AutoTests" name="[469] /home/travis/build/icyphy/ptII/ptolemy/actor/lib/test/auto/paraFunctest.xml (RunModel)" time="0.008" />
  <testcase classname="ptolemy.util.test.junit.AutoTests" name="[470] /home/travis/build/icyphy/ptII/ptolemy/actor/lib/test/auto/paraFunctest2.xml (RunModel)" time="0.008" />
  <testcase classname="ptolemy.util.test.junit.AutoTests" name="[471] /home/travis/build/icyphy/ptII/ptolemy/actor/lib/test/auto/parameterPassing.xml (RunModel)" time="0.008" />
  <testcase classname="ptolemy.util.test.junit.AutoTests" name="[472] /home/travis/build/icyphy/ptII/ptolemy/actor/lib/test/auto/record.xml (RunModel)" time="0.012" />
  <testcase classname="ptolemy.util.test.junit.AutoTests" name="[473] /home/travis/build/icyphy/ptII/ptolemy/actor/lib/test/auto/sizedarray1.xml (RunModel)" time="0.01" />
  <testcase classname="ptolemy.util.test.junit.AutoTests" name="[474] /home/travis/build/icyphy/ptII/ptolemy/actor/lib/test/auto/sizedarray2.xml (RunModel)" time="0.01" />
  <testcase classname="ptolemy.util.test.junit.AutoTests" name="[475] /home/travis/build/icyphy/ptII/ptolemy/actor/lib/test/auto/twoPublishers.xml (RunModel)" time="0.019" />
  <system-out><![CDATA[/home/travis/build/icyphy/ptII/ptolemy/actor/lib/test/AbsoluteValue.tcl
testDefs.tcl: setting time out to 9000 seconds at Tue Apr 30 23:53:01 UTC 2019
85 ms. Memory: 116224K Free: 109652K (94%)
4 ms. Memory: 116224K Free: 108461K (93%)
5 ms. Memory: 116224K Free: 107850K (93%)
4 ms. Memory: 116224K Free: 106619K (92%)
/home/travis/build/icyphy/ptII/ptolemy/actor/lib/test/AddSubtract.tcl
8 ms. Memory: 116224K Free: 104793K (90%)
5 ms. Memory: 116224K Free: 104182K (90%)
5 ms. Memory: 116224K Free: 102959K (89%)
6 ms. Memory: 116224K Free: 102364K (88%)
5 ms. Memory: 116224K Free: 101752K (88%)
4 ms. Memory: 116224K Free: 101133K (87%)
/home/travis/build/icyphy/ptII/ptolemy/actor/lib/test/Average.tcl
7 ms. Memory: 116224K Free: 99307K (85%)
6 ms. Memory: 116224K Free: 98076K (84%)
/home/travis/build/icyphy/ptII/ptolemy/actor/lib/test/Bernoulli.tcl
5 ms. Memory: 116224K Free: 96272K (83%)
10 ms. Memory: 116224K Free: 95669K (82%)
/home/travis/build/icyphy/ptII/ptolemy/actor/lib/test/Clock.tcl
preinitializing
resolving types
initializing
executing number 1
wrapping up
idle
11 ms. Memory: 116224K Free: 93851K (81%)
Completed execution with 5 iterations
preinitializing
resolving types
initializing
executing number 1
wrapping up
idle
4 ms. Memory: 116224K Free: 92652K (80%)
Completed execution with 5 iterations
preinitializing
resolving types
initializing
executing number 1
wrapping up
idle
3 ms. Memory: 116224K Free: 92049K (79%)
Completed execution with 5 iterations
/home/travis/build/icyphy/ptII/ptolemy/actor/lib/test/Commutator.tcl
14 ms. Memory: 116224K Free: 90206K (78%)
15 ms. Memory: 116224K Free: 89007K (77%)
8 ms. Memory: 116224K Free: 84799K (73%)
/home/travis/build/icyphy/ptII/ptolemy/actor/lib/test/Const.tcl
3 ms. Memory: 116224K Free: 83005K (71%)
3 ms. Memory: 116224K Free: 82402K (71%)
4 ms. Memory: 116224K Free: 81798K (70%)
2 ms. Memory: 116224K Free: 81187K (70%)
22 ms. Memory: 146944K Free: 140041K (95%)
16 ms. Memory: 146944K Free: 138824K (94%)
4 ms. Memory: 146944K Free: 137608K (94%)
3 ms. Memory: 146944K Free: 136392K (93%)
/home/travis/build/icyphy/ptII/ptolemy/actor/lib/test/CurrentTime.tcl
preinitializing
resolving types
initializing
executing number 1
wrapping up
idle
15 ms. Memory: 146944K Free: 135192K (92%)
Completed execution with 11 iterations
/home/travis/build/icyphy/ptII/ptolemy/actor/lib/test/DB.tcl
4 ms. Memory: 146944K Free: 132776K (90%)
2 ms. Memory: 146944K Free: 132776K (90%)
2 ms. Memory: 146944K Free: 131576K (90%)
/home/travis/build/icyphy/ptII/ptolemy/actor/lib/test/DiscreteRandomSource.tcl
preinitializing
resolving types
initializing
executing number 1
wrapping up
idle
10 ms. Memory: 146944K Free: 130376K (89%)
Completed execution with 4 iterations
preinitializing
resolving types
initializing
executing number 1
wrapping up
idle
2 ms. Memory: 146944K Free: 130376K (89%)
Completed execution with 4 iterations
preinitializing
resolving types
initializing
executing number 1
wrapping up
idle
2 ms. Memory: 146944K Free: 129160K (88%)
Completed execution with 4 iterations
preinitializing
resolving types
initializing
executing number 1
wrapping up
idle
3 ms. Memory: 146944K Free: 129160K (88%)
Completed execution with 4 iterations
preinitializing
resolving types
initializing
executing number 1
wrapping up
idle
12 ms. Memory: 146944K Free: 129160K (88%)
Completed execution with 4 iterations
/home/travis/build/icyphy/ptII/ptolemy/actor/lib/test/Distributor.tcl
5 ms. Memory: 146944K Free: 126760K (86%)
5 ms. Memory: 146944K Free: 126760K (86%)
StreamChangeRequest.changeExecuted(): <deleteEntity name="rec2"/> succeeded
StreamChangeRequest.changeExecuted(): <deleteRelation name="r2"/> succeeded
StreamChangeRequest.changeExecuted(): Record firings per iteration succeeded
8 ms. Memory: 146944K Free: 124359K (85%)
/home/travis/build/icyphy/ptII/ptolemy/actor/lib/test/Exit.tcl
Exit.tcl: this will print a message about Manager.exitAfterWrapup, which can be ignored.
3 ms. Memory: 146944K Free: 120144K (82%)
/home/travis/build/icyphy/ptII/ptolemy/actor/lib/test/Expression.tcl
5 ms. Memory: 146944K Free: 117699K (80%)
14 ms. Memory: 146944K Free: 116483K (79%)
3 ms. Memory: 146944K Free: 116483K (79%)
preinitializing
resolving types
initializing
executing number 1
wrapping up
idle
14 ms. Memory: 146944K Free: 115274K (78%)
Completed execution with 6 iterations
4 ms. Memory: 146944K Free: 114074K (78%)
2 ms. Memory: 146944K Free: 112858K (77%)
11 ms. Memory: 146944K Free: 111658K (76%)
3 ms. Memory: 146944K Free: 110442K (75%)
8 ms. Memory: 146944K Free: 109226K (74%)
/home/travis/build/icyphy/ptII/ptolemy/actor/lib/test/Gaussian.tcl
12 ms. Memory: 146944K Free: 106797K (73%)
sleeping 1 seconds: .......................................................................................................................................................................................................................................................................................................................................................................................................................................................................................................................................................................................................................................................................................................................................................................................................................................................................................................................................................................................................................................................................................................................................................................................................................................................................................................................................................................................................................................................................................................................................................................................................................................................................................................................................................................................................................................................................................................................................................................................................................................................................................................................................................................................................................................................................................................................................................................................................................................................................................................................................................................................................................................................................................................................................................................................................................................................................................................................................................................................................................................................................................................................................................................................................................................................................................................................................................................................................................................................................................................................................................................................................................................................................................................................................................................................................................................................................................................................................................................................................................................................................................................................................................................................................................................................................................................................................................................................................................................................................................................................................................................................................................................................................................................................................................................................................................................................................................................................................................................................................................................................................................................................................................................................................................................................................................................................................................................................................................................................................................................................................................................................................................................................................................................................................................................................................................................................................................................................................................................................................................................................................................................................................................................................................................................................................................................................................................................................................................................................................................................................................................................................................................................................................................................................................................................................................................................................................................................................................................................................................................................................................................................................................................................................................................................................................................................................................................................................................................................................................................................................................................................................................................................................................................................................................................................................................................................................................................................................................................................................................................................................................................................................................................................................................................................................................................................................................................................................................................................................................................................................................................................................................................................................................................................................................................................................................................................................................................................................................................................................................................................................................................................................................................................................................................................................................................................................................................................................................................................................................................................................................................................................................................................................................................................................................................................................................................................................................................................................................................................................................................................................................................................................................................................................................................................................................................................................................................................................................................................................................................................................................................................................................................................................................................................................................................................................................................................................................................................................................................................................................................................................................................................................................................................................................................................................................................................................................................................................................................................................................................................................................................................................................................................................................................................................................................................................................................................................................................................................................................................................................................................................................................................................................................................................................................................................................................................................................................................................................................................................................................................................................................................................................................................................................................................................................................................................................................................................................................................................................................................................................................................................................................................................................................................................................................................................................................................................................................................................................................................................................................................................................................................................................................................................................................................................................................................................................................................................................................................................................................................................................................................................................................................................................................................................................................................................................................................................................................................................................................................................................................................................................................................................................................................................................................................................................................................................................................................................................................................................................................................................................................................................................................................................................................................................................................................................................................................................................................................................................................................................................................................................................................................................................................................................................................................................................................................................................................................................................................................................................................................................................................................................................................................................................................................................................................................................................................................................................................................................................................................................................................................................................................................................................................................................................................................................................................................................................................................................................................................................................................................................................................................................................................................................................................................................................................................................................................................................................................................................................................................................................................................................................................................................................................................................................................................................................................................................................................................................................................................................................................................................................................................................................................................................................................................................................................................................................................................................................................................................................................................................................................................................................................................................................................................................................................................................................................................................................................................................................................................................................................................................................................................................................................................................................................................................................................................................................................................................................................................................................................................................................................................................................................................................................................................................................................................................................................................................................................................................................................................................................................................................................................................................................................................................................................................................................................................................................................................................................................................................................................................................................................................................................................................................................................................................................................................................................................................................................................................................................................................................................................................................................................................................................................................................................................................................................................................................................................................................................................................................................................................................................................................................................................................................................................................................................................................................................................................................................................................................................................................................................................................................................................................................................................................................................................................................................................................................................................................................................................................................................................................................................................................................................................................................................................................................................................................................................................................................................................................................................................................................................................................................................................................................................................................................................................................................................................................................................................................................................................................................................................................................................................................................................................................................................................................................................................................................................................................................................................................................................................................................................................................................................................................................................................................................................................................................................................................................................................................................................................................................................................................................................................................................................................................................................................................................................................................................................................................................................................................................................................................................................................................................................................................................................................................................................................................................................................................................................................................................................................................................................................................................................................................................................................................................................................................................................................................................................................................................................................................................................................................................................................................................................................................................................................................................................................................................................................................................................................................................................................................................................................................................................................................................................................................................................................................................................................................................................................................................................................................................................................................................................................................................................................................................................................................................................................................................................................................................................................................................................................................................................................................................................................................................................................................................................................................................................................................................................................................................................................................................................................................................................................................................................................................................................................................................................................................................................................................................................................................................................................................................................................................................................................................................................................................................................................................................................................................................................................................................................................................................................................................................................................................................................................................................................................................................................................................................................................................................................................................................................................................................................................................................................................................................................................................................................................................................................................................................................................................................................................................................................................................................................................................................................................................................................................................................................................................................................................................2 ms. Memory: 208384K Free: 164594K (79%)
2 ms. Memory: 208384K Free: 164594K (79%)
2 ms. Memory: 208384K Free: 164594K (79%)
2 ms. Memory: 208384K Free: 162186K (78%)
1 ms. Memory: 208384K Free: 162186K (78%)
/home/travis/build/icyphy/ptII/ptolemy/actor/lib/test/IIR.tcl
/home/travis/build/icyphy/ptII/ptolemy/actor/lib/test/Interpolator.tcl
3 ms. Memory: 208384K Free: 157380K (76%)
1 ms. Memory: 208384K Free: 157380K (76%)
1 ms. Memory: 208384K Free: 157380K (76%)
1 ms. Memory: 208384K Free: 157380K (76%)
3 ms. Memory: 208384K Free: 154980K (74%)
2 ms. Memory: 208384K Free: 154980K (74%)
3 ms. Memory: 208384K Free: 154980K (74%)
3 ms. Memory: 208384K Free: 152589K (73%)
2 ms. Memory: 208384K Free: 152589K (73%)
3 ms. Memory: 208384K Free: 150198K (72%)
/home/travis/build/icyphy/ptII/ptolemy/actor/lib/test/MathFunction.tcl
11 ms. Memory: 208384K Free: 150198K (72%)
3 ms. Memory: 208384K Free: 147806K (71%)
2 ms. Memory: 208384K Free: 147806K (71%)
2 ms. Memory: 208384K Free: 145415K (70%)
3 ms. Memory: 208384K Free: 145415K (70%)
5 ms. Memory: 208384K Free: 143024K (69%)
/home/travis/build/icyphy/ptII/ptolemy/actor/lib/test/Maximum.tcl
4 ms. Memory: 208384K Free: 140632K (67%)
2 ms. Memory: 208384K Free: 140632K (67%)
2 ms. Memory: 208384K Free: 140632K (67%)
3 ms. Memory: 208384K Free: 138241K (66%)
/home/travis/build/icyphy/ptII/ptolemy/actor/lib/test/Minimum.tcl
4 ms. Memory: 208384K Free: 138241K (66%)
2 ms. Memory: 208384K Free: 135850K (65%)
2 ms. Memory: 208384K Free: 135850K (65%)
2 ms. Memory: 208384K Free: 135850K (65%)
/home/travis/build/icyphy/ptII/ptolemy/actor/lib/test/MultiplyDivide.tcl
4 ms. Memory: 208384K Free: 133458K (64%)
3 ms. Memory: 208384K Free: 133458K (64%)
3 ms. Memory: 208384K Free: 131067K (63%)
3 ms. Memory: 208384K Free: 131067K (63%)
2 ms. Memory: 208384K Free: 131067K (63%)
/home/travis/build/icyphy/ptII/ptolemy/actor/lib/test/OrderedMerge.tcl
Connections changed on port: inputA
Connections changed on port: inputB
Connections changed on port: output
Connections changed on port: output
Connections changed on port: output
Connections changed on port: input
.top. Preinitializing ...
Invoking preinitialize():  .top.OrderedMerge
Called preinitialize()
Invoking preinitialize():  .top.Ramp
Called preinitialize()
Invoking preinitialize():  .top.Ramp2
Called preinitialize()
Invoking preinitialize():  .top.Test
Called preinitialize()
Connections changed on port: inputA
Connections changed on port: output
Connections changed on port: inputB
Connections changed on port: output
Connections changed on port: output
Connections changed on port: input
.top. Finished preinitialize().
Called initialize().
Invoking initialize():  .top.OrderedMerge
Initializing actor: .top.OrderedMerge
Adding a thread: .top.OrderedMerge
Invoking initialize():  .top.Ramp
Initializing actor: .top.Ramp
Adding a thread: .top.Ramp
Invoking initialize():  .top.Ramp2
Initializing actor: .top.Ramp2
Adding a thread: .top.Ramp2
Invoking initialize():  .top.Test
Initializing actor: .top.Test
Adding a thread: .top.Test
-- Starting thread.
Called initialize()
Called prefire()
Called fire()
-- Starting thread.
Called initialize()
Called prefire()
Called fire()
Called postfire()
Called prefire()
Called fire()
-- Starting thread.
Called initialize()
Called prefire()
Called fire()
Called postfire()
Called prefire()
Called fire()
Called fire().
Checking for deadlock:
There are 3 Blocked actors, 0 Stopped actors, and 4 active threads.
Waiting for actors to stop.
-- Starting thread.
Called initialize()
Called prefire()
Called fire()
Checking for deadlock:
There are 2 Blocked actors, 0 Stopped actors, and 4 active threads.
Waiting for actors to stop.
Called postfire()
Called prefire()
Called fire()
Checking for deadlock:
There are 3 Blocked actors, 0 Stopped actors, and 4 active threads.
Waiting for actors to stop.
Read input token from inputA with value 0.0
Next port to read input from is inputB
Called postfire()
Called prefire()
Called fire()
Checking for deadlock:
There are 2 Blocked actors, 0 Stopped actors, and 4 active threads.
Waiting for actors to stop.
Called postfire()
Called prefire()
Called fire()
Checking for deadlock:
There are 3 Blocked actors, 0 Stopped actors, and 4 active threads.
Waiting for actors to stop.
Read input token from inputB with value 0.0
Checking for deadlock:
There are 2 Blocked actors, 0 Stopped actors, and 4 active threads.
Waiting for actors to stop.
-- Read input: 0.0, which is expected to match: 0.0
Called prefire()
Called fire()
Checking for deadlock:
There are 3 Blocked actors, 0 Stopped actors, and 4 active threads.
Waiting for actors to stop.
Sent output token with value 0.0
Next port to read input from is inputA
Called postfire()
Called prefire()
Called fire()
Checking for deadlock:
There are 2 Blocked actors, 0 Stopped actors, and 4 active threads.
Waiting for actors to stop.
Called postfire()
Called prefire()
Called fire()
Checking for deadlock:
There are 3 Blocked actors, 0 Stopped actors, and 4 active threads.
Waiting for actors to stop.
Read input token from inputA with value 1.0
Checking for deadlock:
There are 2 Blocked actors, 0 Stopped actors, and 4 active threads.
Waiting for actors to stop.
-- Read input: 0.0, which is expected to match: 0.0
Called prefire()
Called fire()
Checking for deadlock:
There are 3 Blocked actors, 0 Stopped actors, and 4 active threads.
Waiting for actors to stop.
Sent output token with value 0.0
Next port to read input from is inputB
Called postfire()
Called prefire()
Called fire()
Checking for deadlock:
There are 2 Blocked actors, 0 Stopped actors, and 4 active threads.
Waiting for actors to stop.
Called postfire()
Called prefire()
Called fire()
Checking for deadlock:
There are 3 Blocked actors, 0 Stopped actors, and 4 active threads.
Waiting for actors to stop.
Read input token from inputB with value 1.5
Checking for deadlock:
There are 2 Blocked actors, 0 Stopped actors, and 4 active threads.
Waiting for actors to stop.
-- Read input: 1.0, which is expected to match: 1.0
Called prefire()
Called fire()
Checking for deadlock:
There are 3 Blocked actors, 0 Stopped actors, and 4 active threads.
Waiting for actors to stop.
Sent output token with value 1.0
Next port to read input from is inputA
Called postfire()
Called prefire()
Called fire()
Checking for deadlock:
There are 2 Blocked actors, 0 Stopped actors, and 4 active threads.
Waiting for actors to stop.
Called postfire()
Called prefire()
Called fire()
Checking for deadlock:
There are 3 Blocked actors, 0 Stopped actors, and 4 active threads.
Waiting for actors to stop.
Read input token from inputA with value 2.0
Checking for deadlock:
There are 2 Blocked actors, 0 Stopped actors, and 4 active threads.
Waiting for actors to stop.
-- Read input: 1.5, which is expected to match: 1.5
Called prefire()
Called fire()
Checking for deadlock:
There are 3 Blocked actors, 0 Stopped actors, and 4 active threads.
Waiting for actors to stop.
Sent output token with value 1.5
Next port to read input from is inputB
Called postfire()
Called prefire()
Called fire()
Checking for deadlock:
There are 2 Blocked actors, 0 Stopped actors, and 4 active threads.
Waiting for actors to stop.
Called postfire()
Called prefire()
Called fire()
Checking for deadlock:
There are 3 Blocked actors, 0 Stopped actors, and 4 active threads.
Waiting for actors to stop.
Read input token from inputB with value 3.0
Checking for deadlock:
There are 2 Blocked actors, 0 Stopped actors, and 4 active threads.
Waiting for actors to stop.
-- Read input: 2.0, which is expected to match: 2.0
Called prefire()
Called fire()
Checking for deadlock:
There are 3 Blocked actors, 0 Stopped actors, and 4 active threads.
Waiting for actors to stop.
Sent output token with value 2.0
Next port to read input from is inputA
Called postfire()
Called prefire()
Called fire()
Checking for deadlock:
There are 2 Blocked actors, 0 Stopped actors, and 4 active threads.
Waiting for actors to stop.
Called postfire()
Called prefire()
Called fire()
Checking for deadlock:
There are 3 Blocked actors, 0 Stopped actors, and 4 active threads.
Waiting for actors to stop.
Read input token from inputA with value 3.0
Checking for deadlock:
There are 2 Blocked actors, 0 Stopped actors, and 4 active threads.
Waiting for actors to stop.
-- Read input: 3.0, which is expected to match: 3.0
Called prefire()
Called fire()
Checking for deadlock:
There are 3 Blocked actors, 0 Stopped actors, and 4 active threads.
Waiting for actors to stop.
Sent output token with value 3.0
Next port to read input from is inputB
Called postfire()
Called prefire()
Called fire()
Checking for deadlock:
There are 2 Blocked actors, 0 Stopped actors, and 4 active threads.
Waiting for actors to stop.
Called postfire()
Called prefire()
Called fire()
Checking for deadlock:
There are 3 Blocked actors, 0 Stopped actors, and 4 active threads.
Waiting for actors to stop.
Read input token from inputB with value 4.5
Checking for deadlock:
There are 2 Blocked actors, 0 Stopped actors, and 4 active threads.
Waiting for actors to stop.
-- Read input: 3.0, which is expected to match: 3.0
Called prefire()
Called fire()
Checking for deadlock:
There are 3 Blocked actors, 0 Stopped actors, and 4 active threads.
Waiting for actors to stop.
Sent output token with value 3.0
Next port to read input from is inputA
Called postfire()
Called prefire()
Called fire()
Checking for deadlock:
There are 2 Blocked actors, 0 Stopped actors, and 4 active threads.
Waiting for actors to stop.
Called postfire()
Called prefire()
Called fire()
Checking for deadlock:
There are 3 Blocked actors, 0 Stopped actors, and 4 active threads.
Waiting for actors to stop.
Read input token from inputA with value 4.0
Checking for deadlock:
There are 2 Blocked actors, 0 Stopped actors, and 4 active threads.
Waiting for actors to stop.
-- Read input: 4.0, which is expected to match: 4.0
Called prefire()
Called fire()
Past the end of training data. Read and discard all inputs.
Checking for deadlock:
There are 3 Blocked actors, 0 Stopped actors, and 4 active threads.
Waiting for actors to stop.
Sent output token with value 4.0
Next port to read input from is inputA
Called postfire()
Called prefire()
Called fire()
Checking for deadlock:
There are 2 Blocked actors, 0 Stopped actors, and 4 active threads.
Waiting for actors to stop.
Called postfire()
Called prefire()
Called fire()
Checking for deadlock:
There are 3 Blocked actors, 0 Stopped actors, and 4 active threads.
Waiting for actors to stop.
Read input token from inputA with value 5.0
Checking for deadlock:
There are 2 Blocked actors, 0 Stopped actors, and 4 active threads.
Waiting for actors to stop.
Called prefire()
Called fire()
Past the end of training data. Read and discard all inputs.
Checking for deadlock:
There are 3 Blocked actors, 0 Stopped actors, and 4 active threads.
Waiting for actors to stop.
Sent output token with value 4.5
Next port to read input from is inputB
Called postfire()
Called prefire()
Called fire()
Checking for deadlock:
There are 2 Blocked actors, 0 Stopped actors, and 4 active threads.
Waiting for actors to stop.
Called postfire()
Called prefire()
Called fire()
Checking for deadlock:
There are 3 Blocked actors, 0 Stopped actors, and 4 active threads.
Waiting for actors to stop.
Read input token from inputB with value 6.0
Checking for deadlock:
There are 2 Blocked actors, 0 Stopped actors, and 4 active threads.
Waiting for actors to stop.
Called prefire()
Called fire()
Past the end of training data. Read and discard all inputs.
Checking for deadlock:
There are 3 Blocked actors, 0 Stopped actors, and 4 active threads.
Waiting for actors to stop.
Sent output token with value 5.0
Next port to read input from is inputA
Called postfire()
Called prefire()
Called fire()
Checking for deadlock:
There are 2 Blocked actors, 0 Stopped actors, and 4 active threads.
Waiting for actors to stop.
Called postfire()
Called prefire()
Called fire()
Checking for deadlock:
There are 3 Blocked actors, 0 Stopped actors, and 4 active threads.
Waiting for actors to stop.
Read input token from inputA with value 6.0
Checking for deadlock:
There are 2 Blocked actors, 0 Stopped actors, and 4 active threads.
Waiting for actors to stop.
Called prefire()
Called fire()
Past the end of training data. Read and discard all inputs.
Checking for deadlock:
There are 3 Blocked actors, 0 Stopped actors, and 4 active threads.
Waiting for actors to stop.
Sent output token with value 6.0
Next port to read input from is inputB
Called postfire()
Called prefire()
Called fire()
Checking for deadlock:
There are 2 Blocked actors, 0 Stopped actors, and 4 active threads.
Waiting for actors to stop.
Called postfire()
Called prefire()
Called fire()
Checking for deadlock:
There are 3 Blocked actors, 0 Stopped actors, and 4 active threads.
Waiting for actors to stop.
Read input token from inputB with value 7.5
Checking for deadlock:
There are 2 Blocked actors, 0 Stopped actors, and 4 active threads.
Waiting for actors to stop.
Called prefire()
Called fire()
Past the end of training data. Read and discard all inputs.
Checking for deadlock:
There are 3 Blocked actors, 0 Stopped actors, and 4 active threads.
Waiting for actors to stop.
Sent output token with value 6.0
Next port to read input from is inputA
Called postfire()
Called prefire()
Called fire()
Checking for deadlock:
There are 2 Blocked actors, 0 Stopped actors, and 4 active threads.
Waiting for actors to stop.
Called postfire()
Called prefire()
Called fire()
Checking for deadlock:
There are 3 Blocked actors, 0 Stopped actors, and 4 active threads.
Waiting for actors to stop.
Read input token from inputA with value 7.0
Checking for deadlock:
There are 2 Blocked actors, 0 Stopped actors, and 4 active threads.
Waiting for actors to stop.
Called prefire()
Called fire()
Past the end of training data. Read and discard all inputs.
Checking for deadlock:
There are 3 Blocked actors, 0 Stopped actors, and 4 active threads.
Waiting for actors to stop.
Sent output token with value 7.0
Next port to read input from is inputA
Called postfire()
Called prefire()
Called fire()
Checking for deadlock:
There are 2 Blocked actors, 0 Stopped actors, and 4 active threads.
Waiting for actors to stop.
-- Thread wrapup() called.
Called wrapup()
Thread .top.Ramp is exiting.
-- Thread stopped.
Checking for deadlock:
There are 2 Blocked actors, 0 Stopped actors, and 3 active threads.
Waiting for actors to stop.
Read input token from inputA with value 8.0
Checking for deadlock:
There are 1 Blocked actors, 0 Stopped actors, and 3 active threads.
Waiting for actors to stop.
Called prefire()
Called fire()
Past the end of training data. Read and discard all inputs.
Checking for deadlock:
There are 2 Blocked actors, 0 Stopped actors, and 3 active threads.
Waiting for actors to stop.
Sent output token with value 7.5
Next port to read input from is inputB
Called postfire()
Called prefire()
Called fire()
Checking for deadlock:
There are 1 Blocked actors, 0 Stopped actors, and 3 active threads.
Waiting for actors to stop.
Called postfire()
Called prefire()
Called fire()
Checking for deadlock:
There are 2 Blocked actors, 0 Stopped actors, and 3 active threads.
Waiting for actors to stop.
Read input token from inputB with value 9.0
Checking for deadlock:
There are 1 Blocked actors, 0 Stopped actors, and 3 active threads.
Waiting for actors to stop.
Called prefire()
Called fire()
Past the end of training data. Read and discard all inputs.
Checking for deadlock:
There are 2 Blocked actors, 0 Stopped actors, and 3 active threads.
Waiting for actors to stop.
Sent output token with value 8.0
Next port to read input from is inputA
Called postfire()
Called prefire()
Called fire()
Read input token from inputA with value 9.0
Checking for deadlock:
There are 1 Blocked actors, 0 Stopped actors, and 3 active threads.
Waiting for actors to stop.
Called prefire()
Called fire()
Past the end of training data. Read and discard all inputs.
Checking for deadlock:
There are 2 Blocked actors, 0 Stopped actors, and 3 active threads.
Waiting for actors to stop.
Sent output token with value 9.0
Next port to read input from is inputB
Called postfire()
Called prefire()
Called fire()
Checking for deadlock:
There are 1 Blocked actors, 0 Stopped actors, and 3 active threads.
Waiting for actors to stop.
Called postfire()
Called prefire()
Called fire()
Checking for deadlock:
There are 2 Blocked actors, 0 Stopped actors, and 3 active threads.
Waiting for actors to stop.
Read input token from inputB with value 10.5
Checking for deadlock:
There are 1 Blocked actors, 0 Stopped actors, and 3 active threads.
Waiting for actors to stop.
Called prefire()
Called fire()
Past the end of training data. Read and discard all inputs.
Checking for deadlock:
There are 2 Blocked actors, 0 Stopped actors, and 3 active threads.
Waiting for actors to stop.
Sent output token with value 9.0
Next port to read input from is inputA
Called postfire()
Called prefire()
Called fire()
Checking for deadlock:
There are 3 Blocked actors, 0 Stopped actors, and 3 active threads.
Actors have stopped.
Checking for deadlock:
There are 3 Blocked actors, 0 Stopped actors, and 3 active threads.
Deadlock detected.
Resolving Deadlock
Checking for deadlock:
There are 3 Blocked actors, 0 Stopped actors, and 3 active threads.
Artificial Deadlock - increasing queue capacity.
increasing the capacity of receiver ptolemy.actor.TypedIOPort {.top.OrderedMerge.inputB} to 2
Director: Called postfire().
Called postfire().
_stopRequested = false
_stopFireRequested = false
Returning from postfire(): true
Called fire().
Checking for deadlock:
There are 2 Blocked actors, 0 Stopped actors, and 3 active threads.
Waiting for actors to stop.
-- Thread wrapup() called.
Called wrapup()
Thread .top.Ramp2 is exiting.
-- Thread stopped.
Checking for deadlock:
There are 2 Blocked actors, 0 Stopped actors, and 2 active threads.
Actors have stopped.
Checking for deadlock:
There are 2 Blocked actors, 0 Stopped actors, and 2 active threads.
Deadlock detected.
Resolving Deadlock
Checking for deadlock:
There are 2 Blocked actors, 0 Stopped actors, and 2 active threads.
Deadlock detected: no processes blocked on write, but some are blocked on read.
Called postfire().
_stopRequested = false
_stopFireRequested = false
Returning from postfire(): false
Finished deactivating branches.
Called wrapup().
-- Thread wrapup() called.
Called wrapup()
Thread .top.Test is exiting.
-- Thread stopped.
-- Blocked Receiver call threw TerminateProcessException.
-- Thread wrapup() called.
Called wrapup()
Thread .top.OrderedMerge is exiting.
26 ms. Memory: 208384K Free: 123760K (59%)
.top. Preinitializing ...
Invoking preinitialize():  .top.OrderedMerge
Called preinitialize()
Invoking preinitialize():  .top.Ramp
Called preinitialize()
Invoking preinitialize():  .top.Ramp2
Called preinitialize()
Invoking preinitialize():  .top.Test
Called preinitialize()
.top. Finished preinitialize().
Called initialize().
Invoking initialize():  .top.OrderedMerge
Initializing actor: .top.OrderedMerge
Adding a thread: .top.OrderedMerge
Invoking initialize():  .top.Ramp
Initializing actor: .top.Ramp
Adding a thread: .top.Ramp
Invoking initialize():  .top.Ramp2
Initializing actor: .top.Ramp2
Adding a thread: .top.Ramp2
Invoking initialize():  .top.Test
Initializing actor: .top.Test
Adding a thread: .top.Test
-- Thread stopped.
-- Blocked Receiver call threw TerminateProcessException.
-- Starting thread.
Called initialize()
Called prefire()
Called fire()
-- Starting thread.
Called initialize()
Called prefire()
Called fire()
Called postfire()
Called prefire()
Called fire()
-- Starting thread.
Called initialize()
Called prefire()
Called fire()
Called postfire()
Called prefire()
Called fire()
Called fire().
Checking for deadlock:
There are 3 Blocked actors, 0 Stopped actors, and 4 active threads.
Waiting for actors to stop.
-- Starting thread.
Called initialize()
Called prefire()
Called fire()
Checking for deadlock:
There are 2 Blocked actors, 0 Stopped actors, and 4 active threads.
Waiting for actors to stop.
Called postfire()
Called prefire()
Called fire()
Checking for deadlock:
There are 3 Blocked actors, 0 Stopped actors, and 4 active threads.
Waiting for actors to stop.
Read input token from inputA with value 0.0
Next port to read input from is inputB
Called postfire()
Called prefire()
Called fire()
Called postfire()
Called prefire()
Called fire()
Checking for deadlock:
There are 3 Blocked actors, 0 Stopped actors, and 4 active threads.
Waiting for actors to stop.
Read input token from inputB with value 0.0
Sent output token with value 0.0
-- Read input: 0.0, which is expected to match: 0.0
Checking for deadlock:
There are 2 Blocked actors, 0 Stopped actors, and 4 active threads.
Waiting for actors to stop.
Called prefire()
Called fire()
Checking for deadlock:
There are 3 Blocked actors, 0 Stopped actors, and 4 active threads.
Waiting for actors to stop.
Next port to read input from is inputA
Called postfire()
Called prefire()
Called fire()
Checking for deadlock:
There are 2 Blocked actors, 0 Stopped actors, and 4 active threads.
Called postfire()
Waiting for actors to stop.
Called prefire()
Called fire()
Checking for deadlock:
There are 3 Blocked actors, 0 Stopped actors, and 4 active threads.
Waiting for actors to stop.
Read input token from inputA with value 1.0
Checking for deadlock:
There are 2 Blocked actors, 0 Stopped actors, and 4 active threads.
Waiting for actors to stop.
Sent output token with value 0.0
-- Read input: 0.0, which is expected to match: 0.0
Called prefire()
Next port to read input from is inputB
Called fire()
Called postfire()
Called prefire()
Called fire()
Called postfire()
Called prefire()
Called fire()
Checking for deadlock:
There are 3 Blocked actors, 0 Stopped actors, and 4 active threads.
Waiting for actors to stop.
Read input token from inputB with value 1.5
Sent output token with value 1.0
Next port to read input from is inputA
Called postfire()
-- Read input: 1.0, which is expected to match: 1.0
Called prefire()
Called fire()
Checking for deadlock:
There are 3 Blocked actors, 0 Stopped actors, and 4 active threads.
Waiting for actors to stop.
Called prefire()
Called fire()
Checking for deadlock:
There are 2 Blocked actors, 0 Stopped actors, and 4 active threads.
Waiting for actors to stop.
Called postfire()
Read input token from inputA with value 2.0
Called prefire()
Called fire()
Sent output token with value 1.5
Next port to read input from is inputB
-- Read input: 1.5, which is expected to match: 1.5
Called prefire()
Called fire()
Checking for deadlock:
There are 3 Blocked actors, 0 Stopped actors, and 4 active threads.
Waiting for actors to stop.
Called postfire()
Called prefire()
Called fire()
Checking for deadlock:
There are 2 Blocked actors, 0 Stopped actors, and 4 active threads.
Waiting for actors to stop.
Read input token from inputB with value 3.0
Called postfire()
Called prefire()
Called fire()
Sent output token with value 2.0
-- Read input: 2.0, which is expected to match: 2.0
Next port to read input from is inputA
Called postfire()
Called prefire()
Called fire()
Read input token from inputA with value 3.0
Called prefire()
Sent output token with value 3.0
Called fire()
Next port to read input from is inputB
Called postfire()
Called prefire()
Called fire()
Read input token from inputB with value 4.5
-- Read input: 3.0, which is expected to match: 3.0
Called prefire()
Sent output token with value 3.0
Called fire()
Next port to read input from is inputA
Called postfire()
Called prefire()
Called fire()
-- Read input: 3.0, which is expected to match: 3.0
Called prefire()
Called fire()
Checking for deadlock:
There are 2 Blocked actors, 0 Stopped actors, and 4 active threads.
Waiting for actors to stop.
Called postfire()
Called prefire()
Called fire()
Called postfire()
Called prefire()
Called fire()
Checking for deadlock:
There are 2 Blocked actors, 0 Stopped actors, and 4 active threads.
Waiting for actors to stop.
Called postfire()
Called prefire()
Called fire()
Checking for deadlock:
There are 3 Blocked actors, 0 Stopped actors, and 4 active threads.
Waiting for actors to stop.
Read input token from inputA with value 4.0
Checking for deadlock:
There are 2 Blocked actors, 0 Stopped actors, and 4 active threads.
Waiting for actors to stop.
Sent output token with value 4.0
-- Read input: 4.0, which is expected to match: 4.0
Next port to read input from is inputA
Called postfire()
Called prefire()
Called fire()
Called prefire()
Called fire()
Past the end of training data. Read and discard all inputs.
Read input token from inputA with value 5.0
Called postfire()
Called prefire()
Called fire()
Sent output token with value 4.5
Checking for deadlock:
There are 2 Blocked actors, 0 Stopped actors, and 4 active threads.
Waiting for actors to stop.
Next port to read input from is inputB
Called postfire()
Called prefire()
Called fire()
Called prefire()
Called fire()
Past the end of training data. Read and discard all inputs.
Read input token from inputB with value 6.0
Called postfire()
Called prefire()
Called fire()
Sent output token with value 5.0
Checking for deadlock:
There are 2 Blocked actors, 0 Stopped actors, and 4 active threads.
Waiting for actors to stop.
Next port to read input from is inputA
Called postfire()
Called prefire()
Called fire()
Called prefire()
Called fire()
Past the end of training data. Read and discard all inputs.
Called postfire()
Called prefire()
Read input token from inputA with value 6.0
Called fire()
Checking for deadlock:
There are 2 Blocked actors, 0 Stopped actors, and 4 active threads.
Sent output token with value 6.0
Waiting for actors to stop.
Next port to read input from is inputB
Called prefire()
Called fire()
Past the end of training data. Read and discard all inputs.
Checking for deadlock:
There are 3 Blocked actors, 0 Stopped actors, and 4 active threads.
Waiting for actors to stop.
Called postfire()
Called prefire()
Called fire()
Checking for deadlock:
There are 2 Blocked actors, 0 Stopped actors, and 4 active threads.
Waiting for actors to stop.
Called postfire()
Read input token from inputB with value 7.5
Called prefire()
Called fire()
Checking for deadlock:
There are 2 Blocked actors, 0 Stopped actors, and 4 active threads.
Sent output token with value 6.0
Waiting for actors to stop.
Called prefire()
Called fire()
Next port to read input from is inputA
Past the end of training data. Read and discard all inputs.
Called postfire()
Called prefire()
Called fire()
Checking for deadlock:
There are 2 Blocked actors, 0 Stopped actors, and 4 active threads.
Waiting for actors to stop.
Read input token from inputA with value 7.0
Called postfire()
Called prefire()
Called fire()
Sent output token with value 7.0
Next port to read input from is inputA
Called postfire()
Called prefire()
Called fire()
Called prefire()
Called fire()
Past the end of training data. Read and discard all inputs.
Read input token from inputA with value 8.0
Checking for deadlock:
There are 2 Blocked actors, 0 Stopped actors, and 4 active threads.
Waiting for actors to stop.
Sent output token with value 7.5
-- Thread wrapup() called.
Called wrapup()
Next port to read input from is inputB
Thread .top.Ramp is exiting.
Called postfire()
-- Thread stopped.
Called prefire()
Called fire()
Read input token from inputB with value 9.0
Checking for deadlock:
There are 1 Blocked actors, 0 Stopped actors, and 3 active threads.
Waiting for actors to stop.
Called prefire()
Called fire()
Past the end of training data. Read and discard all inputs.
Called postfire()
Called prefire()
Called fire()
Checking for deadlock:
There are 2 Blocked actors, 0 Stopped actors, and 3 active threads.
Waiting for actors to stop.
Called prefire()
Called fire()
Sent output token with value 8.0
Checking for deadlock:
There are 1 Blocked actors, 0 Stopped actors, and 3 active threads.
Waiting for actors to stop.
Next port to read input from is inputA
Past the end of training data. Read and discard all inputs.
Checking for deadlock:
There are 2 Blocked actors, 0 Stopped actors, and 3 active threads.
Waiting for actors to stop.
Called postfire()
Called prefire()
Called fire()
Read input token from inputA with value 9.0
Checking for deadlock:
There are 1 Blocked actors, 0 Stopped actors, and 3 active threads.
Waiting for actors to stop.
Sent output token with value 9.0
Called prefire()
Called fire()
Past the end of training data. Read and discard all inputs.
Next port to read input from is inputB
Called postfire()
Called prefire()
Checking for deadlock:
Called fire()
There are 2 Blocked actors, 0 Stopped actors, and 3 active threads.
Waiting for actors to stop.
Checking for deadlock:
There are 1 Blocked actors, 0 Stopped actors, and 3 active threads.
Waiting for actors to stop.
Read input token from inputB with value 10.5
Called postfire()
Called prefire()
Called fire()
Sent output token with value 9.0
Called prefire()
Called fire()
Past the end of training data. Read and discard all inputs.
Next port to read input from is inputA
Called postfire()
Called prefire()
Called fire()
Checking for deadlock:
There are 2 Blocked actors, 0 Stopped actors, and 3 active threads.
Waiting for actors to stop.
Checking for deadlock:
There are 3 Blocked actors, 0 Stopped actors, and 3 active threads.
Actors have stopped.
Checking for deadlock:
There are 3 Blocked actors, 0 Stopped actors, and 3 active threads.
Deadlock detected.
Resolving Deadlock
Checking for deadlock:
There are 3 Blocked actors, 0 Stopped actors, and 3 active threads.
Artificial Deadlock - increasing queue capacity.
increasing the capacity of receiver ptolemy.actor.TypedIOPort {.top.OrderedMerge.inputB} to 2
Director: Called postfire().
Called postfire().
_stopRequested = false
_stopFireRequested = false
Returning from postfire(): true
Called fire().
Checking for deadlock:
There are 2 Blocked actors, 0 Stopped actors, and 3 active threads.
Waiting for actors to stop.
-- Thread wrapup() called.
Called wrapup()
Thread .top.Ramp2 is exiting.
-- Thread stopped.
Checking for deadlock:
There are 2 Blocked actors, 0 Stopped actors, and 2 active threads.
Actors have stopped.
Checking for deadlock:
There are 2 Blocked actors, 0 Stopped actors, and 2 active threads.
Deadlock detected.
Resolving Deadlock
Checking for deadlock:
There are 2 Blocked actors, 0 Stopped actors, and 2 active threads.
Deadlock detected: no processes blocked on write, but some are blocked on read.
Called postfire().
_stopRequested = false
_stopFireRequested = false
Returning from postfire(): false
Finished deactivating branches.
Called wrapup().
-- Thread wrapup() called.
Called wrapup()
-- Thread wrapup() called.
Called wrapup()
Thread .top.OrderedMerge is exiting.
-- Thread stopped.
-- Blocked Receiver call threw TerminateProcessException.
Thread .top.Test is exiting.
-- Thread stopped.
-- Blocked Receiver call threw TerminateProcessException.
51 ms. Memory: 208384K Free: 118845K (57%)
/home/travis/build/icyphy/ptII/ptolemy/actor/lib/test/Publisher.tcl
11 ms. Memory: 208384K Free: 111671K (54%)
7 ms. Memory: 208384K Free: 106888K (51%)
2 ms. Memory: 208384K Free: 102106K (49%)
4 ms. Memory: 208384K Free: 102106K (49%)
2 ms. Memory: 208384K Free: 99715K (48%)
3 ms. Memory: 208384K Free: 99715K (48%)
2 ms. Memory: 208384K Free: 99715K (48%)
3 ms. Memory: 208384K Free: 97323K (47%)
2 ms. Memory: 208384K Free: 90149K (43%)
3 ms. Memory: 208384K Free: 85364K (41%)
2 ms. Memory: 208384K Free: 82972K (40%)
1 ms. Memory: 208384K Free: 82972K (40%)
6 ms. Memory: 208384K Free: 194382K (93%)
14 ms. Memory: 208384K Free: 184948K (89%)
14 ms. Memory: 208384K Free: 173157K (83%)
/home/travis/build/icyphy/ptII/ptolemy/actor/lib/test/Pulse.tcl
2 ms. Memory: 208384K Free: 133065K (64%)
1 ms. Memory: 208384K Free: 133065K (64%)
1 ms. Memory: 208384K Free: 130707K (63%)
2 ms. Memory: 208384K Free: 130707K (63%)
1 ms. Memory: 208384K Free: 130707K (63%)
1 ms. Memory: 208384K Free: 130707K (63%)
2 ms. Memory: 208384K Free: 128348K (62%)
1 ms. Memory: 208384K Free: 128348K (62%)
1 ms. Memory: 208384K Free: 128348K (62%)
/home/travis/build/icyphy/ptII/ptolemy/actor/lib/test/Ramp.tcl
2 ms. Memory: 208384K Free: 125990K (60%)
2 ms. Memory: 208384K Free: 123632K (59%)
1 ms. Memory: 208384K Free: 123632K (59%)
2 ms. Memory: 208384K Free: 123632K (59%)
11 ms. Memory: 208384K Free: 121273K (58%)
4 ms. Memory: 208384K Free: 121273K (58%)
10 ms. Memory: 208384K Free: 121273K (58%)
5 actors
14000 microseconds per iteration to create
14 ms. Memory: 208384K Free: 118915K (57%)
2 ms. Memory: 208384K Free: 116557K (56%)
2 ms. Memory: 208384K Free: 116557K (56%)
2 ms. Memory: 208384K Free: 116557K (56%)
50 actors
44000 microseconds per iteration to create
46 ms. Memory: 208384K Free: 100049K (48%)
22 ms. Memory: 208384K Free: 100049K (48%)
12 ms. Memory: 208384K Free: 97690K (47%)
5 ms. Memory: 208384K Free: 97690K (47%)
500 actors
1319000 microseconds per iteration to create
295 ms. Memory: 331264K Free: 169126K (51%)
64 ms. Memory: 331264K Free: 164370K (50%)
58 ms. Memory: 331264K Free: 159613K (48%)
45 ms. Memory: 331264K Free: 154857K (47%)
/home/travis/build/icyphy/ptII/ptolemy/actor/lib/test/RampContinuous.tcl
10 ms. Memory: 331264K Free: 150101K (45%)
/home/travis/build/icyphy/ptII/ptolemy/actor/lib/test/RecordAssembler.tcl
7 ms. Memory: 331264K Free: 150101K (45%)
5 ms. Memory: 331264K Free: 150101K (45%)
/home/travis/build/icyphy/ptII/ptolemy/actor/lib/test/RecordDisassembler.tcl
6 ms. Memory: 331264K Free: 145329K (44%)
6 ms. Memory: 331264K Free: 145329K (44%)
2 ms. Memory: 331264K Free: 145329K (44%)
/home/travis/build/icyphy/ptII/ptolemy/actor/lib/test/Scale.tcl
3 ms. Memory: 331264K Free: 145329K (44%)
2 ms. Memory: 331264K Free: 140565K (42%)
1 ms. Memory: 331264K Free: 140565K (42%)
2 ms. Memory: 331264K Free: 140565K (42%)
2 ms. Memory: 331264K Free: 140565K (42%)
/home/travis/build/icyphy/ptII/ptolemy/actor/lib/test/SequentialClock.tcl
preinitializing
resolving types
initializing
executing number 1
wrapping up
idle
3 ms. Memory: 331264K Free: 140565K (42%)
Completed execution with 5 iterations
preinitializing
resolving types
initializing
executing number 1
wrapping up
idle
2 ms. Memory: 331264K Free: 140565K (42%)
Completed execution with 5 iterations
preinitializing
resolving types
initializing
executing number 1
wrapping up
idle
2 ms. Memory: 331264K Free: 135808K (41%)
Completed execution with 5 iterations
/home/travis/build/icyphy/ptII/ptolemy/actor/lib/test/SetVariable.tcl
4 ms. Memory: 331264K Free: 135808K (41%)
/home/travis/build/icyphy/ptII/ptolemy/actor/lib/test/Sinewave.tcl
/home/travis/build/icyphy/ptII/ptolemy/actor/lib/test/SubscriptionAggregator.tcl
4 ms. Memory: 331264K Free: 121523K (37%)
3 ms. Memory: 331264K Free: 121523K (37%)
1 ms. Memory: 331264K Free: 121523K (37%)
1 ms. Memory: 331264K Free: 121523K (37%)
1 ms. Memory: 331264K Free: 116751K (35%)
3 ms. Memory: 331264K Free: 116751K (35%)
...............................................................750 ms. Memory: 577536K Free: 315678K (55%)
/home/travis/build/icyphy/ptII/ptolemy/actor/lib/test/Test.tcl
 The next command will produce a warning about training mode,
   which may be ignored.
3 ms. Memory: 577536K Free: 315678K (55%)
1 ms. Memory: 577536K Free: 315678K (55%)
1 ms. Memory: 577536K Free: 315678K (55%)
1 ms. Memory: 577536K Free: 315678K (55%)
3 ms. Memory: 577536K Free: 315678K (55%)
2 ms. Memory: 577536K Free: 315678K (55%)
3 ms. Memory: 577536K Free: 306065K (53%)
 The next command will produce a warning about training mode,
   which may be ignored.
6 ms. Memory: 577536K Free: 306065K (53%)
 The next command will produce a warning about training mode,
   which may be ignored.
3 ms. Memory: 577536K Free: 306065K (53%)
2 ms. Memory: 577536K Free: 306065K (53%)
1 ms. Memory: 577536K Free: 306065K (53%)
3 ms. Memory: 577536K Free: 306065K (53%)
4 ms. Memory: 577536K Free: 306065K (53%)
5 ms. Memory: 577536K Free: 296452K (51%)
/home/travis/build/icyphy/ptII/ptolemy/actor/lib/test/TestExceptionHandler.tcl
 The next command will produce a warning about training mode,
   which may be ignored.
2 ms. Memory: 577536K Free: 296452K (51%)
1 ms. Memory: 577536K Free: 296452K (51%)
1 ms. Memory: 577536K Free: 296452K (51%)
/home/travis/build/icyphy/ptII/ptolemy/actor/lib/test/UnionDisassembler.tcl
25 ms. Memory: 577536K Free: 286839K (50%)
/home/travis/build/icyphy/ptII/ptolemy/actor/lib/test/VariableClock.tcl
preinitializing
resolving types
initializing
executing number 1
wrapping up
idle
7 ms. Memory: 577536K Free: 286839K (50%)
Completed execution with 11 iterations
preinitializing
resolving types
initializing
executing number 1
wrapping up
idle
2 ms. Memory: 577536K Free: 286839K (50%)
Completed execution with 10 iterations
04/30/19 11:53:08
Failed: 0  Total Tests: 234  ((Passed: 234, Newly Passed: 0)  Known Failed: 0) /home/travis/build/icyphy/ptII/ptolemy/actor/lib/test
----------------- testing (KnownFailure) /home/travis/build/icyphy/ptII/ptolemy/actor/lib/test/auto/knownFailedTests/PublisherPortToplevelSubscriber.xml
2 ms. Memory: 577536K Free: 277121K (48%)
Known Failure: java.lang.reflect.InvocationTargetException
----------------- testing (KnownFailure) /home/travis/build/icyphy/ptII/ptolemy/actor/lib/test/auto/knownFailedTests/PublisherSubscriberPortToplevel.xml
1 ms. Memory: 577536K Free: 257685K (45%)
Known Failure: java.lang.reflect.InvocationTargetException
----------------- testing (KnownFailure) /home/travis/build/icyphy/ptII/ptolemy/actor/lib/test/auto/knownFailedTests/PublisherSubscriptionAggregatorPort.xml
2 ms. Memory: 577536K Free: 238250K (41%)
Known Failure: java.lang.reflect.InvocationTargetException
----------------- testing (KnownFailure) /home/travis/build/icyphy/ptII/ptolemy/actor/lib/test/auto/knownFailedTests/sizedarray3.xml
5 ms. Memory: 577536K Free: 218814K (38%)
Known Failure: java.lang.reflect.InvocationTargetException
No auto/linux-amd64/*.xml tests in /home/travis/build/icyphy/ptII/ptolemy/actor/lib/test
AutoTests.java: About to close Vertx.
AutoTests.java: Vertx closed.

===========================================================================================
----------------- testing Tue Apr 30 23:53:08 UTC 2019 /home/travis/build/icyphy/ptII/ptolemy/actor/lib/test/auto/AbsoluteValue.xml
----------------- Instantiating /home/travis/build/icyphy/ptII/ptolemy/actor/lib/test/auto/AbsoluteValue.xml
17 ms. Memory: 577536K Free: 141312K (24%)
----------------- Invoking toplevel() on ptolemy.moml.MoMLSimpleApplication@6bdd72d1
----------------- Done invoking toplevel() on ptolemy.moml.MoMLSimpleApplication@6bdd72d1
reloadAllAccessors: .AbsoluteValue

===========================================================================================
----------------- testing Tue Apr 30 23:53:08 UTC 2019 /home/travis/build/icyphy/ptII/ptolemy/actor/lib/test/auto/AbsoluteValue2.xml
----------------- Instantiating /home/travis/build/icyphy/ptII/ptolemy/actor/lib/test/auto/AbsoluteValue2.xml
10 ms. Memory: 577536K Free: 117122K (20%)
----------------- Invoking toplevel() on ptolemy.moml.MoMLSimpleApplication@7a3b0749
----------------- Done invoking toplevel() on ptolemy.moml.MoMLSimpleApplication@7a3b0749
reloadAllAccessors: .AbsoluteValue2

===========================================================================================
----------------- testing Tue Apr 30 23:53:09 UTC 2019 /home/travis/build/icyphy/ptII/ptolemy/actor/lib/test/auto/Accumulator.xml
----------------- Instantiating /home/travis/build/icyphy/ptII/ptolemy/actor/lib/test/auto/Accumulator.xml
16 ms. Memory: 577536K Free: 107405K (19%)
----------------- Invoking toplevel() on ptolemy.moml.MoMLSimpleApplication@1e5a3007
----------------- Done invoking toplevel() on ptolemy.moml.MoMLSimpleApplication@1e5a3007
reloadAllAccessors: .Accumulator

===========================================================================================
----------------- testing Tue Apr 30 23:53:09 UTC 2019 /home/travis/build/icyphy/ptII/ptolemy/actor/lib/test/auto/Accumulator2.xml
----------------- Instantiating /home/travis/build/icyphy/ptII/ptolemy/actor/lib/test/auto/Accumulator2.xml
6 ms. Memory: 577536K Free: 97687K (17%)
----------------- Invoking toplevel() on ptolemy.moml.MoMLSimpleApplication@2a2f5b01
----------------- Done invoking toplevel() on ptolemy.moml.MoMLSimpleApplication@2a2f5b01
reloadAllAccessors: .Accumulator2

===========================================================================================
----------------- testing Tue Apr 30 23:53:09 UTC 2019 /home/travis/build/icyphy/ptII/ptolemy/actor/lib/test/auto/Accumulator3.xml
----------------- Instantiating /home/travis/build/icyphy/ptII/ptolemy/actor/lib/test/auto/Accumulator3.xml
5 ms. Memory: 577536K Free: 87969K (15%)
----------------- Invoking toplevel() on ptolemy.moml.MoMLSimpleApplication@74e613b4
----------------- Done invoking toplevel() on ptolemy.moml.MoMLSimpleApplication@74e613b4
reloadAllAccessors: .Accumulator3

===========================================================================================
----------------- testing Tue Apr 30 23:53:09 UTC 2019 /home/travis/build/icyphy/ptII/ptolemy/actor/lib/test/auto/ArrayAppend.xml
----------------- Instantiating /home/travis/build/icyphy/ptII/ptolemy/actor/lib/test/auto/ArrayAppend.xml
4 ms. Memory: 577536K Free: 78251K (14%)
----------------- Invoking toplevel() on ptolemy.moml.MoMLSimpleApplication@4133f4bb
----------------- Done invoking toplevel() on ptolemy.moml.MoMLSimpleApplication@4133f4bb
reloadAllAccessors: .ArrayAppend

===========================================================================================
----------------- testing Tue Apr 30 23:53:09 UTC 2019 /home/travis/build/icyphy/ptII/ptolemy/actor/lib/test/auto/ArrayAppend2.xml
----------------- Instantiating /home/travis/build/icyphy/ptII/ptolemy/actor/lib/test/auto/ArrayAppend2.xml
643 ms. Memory: 580096K Free: 452658K (78%)
----------------- Invoking toplevel() on ptolemy.moml.MoMLSimpleApplication@6cd03bd9
----------------- Done invoking toplevel() on ptolemy.moml.MoMLSimpleApplication@6cd03bd9
reloadAllAccessors: .ArrayAppend2

===========================================================================================
----------------- testing Tue Apr 30 23:53:09 UTC 2019 /home/travis/build/icyphy/ptII/ptolemy/actor/lib/test/auto/ArrayAppend3.xml
----------------- Instantiating /home/travis/build/icyphy/ptII/ptolemy/actor/lib/test/auto/ArrayAppend3.xml
6 ms. Memory: 580096K Free: 434619K (75%)
----------------- Invoking toplevel() on ptolemy.moml.MoMLSimpleApplication@76fd714
----------------- Done invoking toplevel() on ptolemy.moml.MoMLSimpleApplication@76fd714
reloadAllAccessors: .ArrayAppend3

===========================================================================================
----------------- testing Tue Apr 30 23:53:10 UTC 2019 /home/travis/build/icyphy/ptII/ptolemy/actor/lib/test/auto/ArrayAppend4.xml
----------------- Instantiating /home/travis/build/icyphy/ptII/ptolemy/actor/lib/test/auto/ArrayAppend4.xml
7 ms. Memory: 580096K Free: 424901K (73%)
----------------- Invoking toplevel() on ptolemy.moml.MoMLSimpleApplication@4f716f84
----------------- Done invoking toplevel() on ptolemy.moml.MoMLSimpleApplication@4f716f84
reloadAllAccessors: .ArrayAppend4

===========================================================================================
----------------- testing Tue Apr 30 23:53:10 UTC 2019 /home/travis/build/icyphy/ptII/ptolemy/actor/lib/test/auto/ArrayAppend5.xml
----------------- Instantiating /home/travis/build/icyphy/ptII/ptolemy/actor/lib/test/auto/ArrayAppend5.xml
1 ms. Memory: 580096K Free: 415183K (72%)
----------------- Invoking toplevel() on ptolemy.moml.MoMLSimpleApplication@51bc2c9b
----------------- Done invoking toplevel() on ptolemy.moml.MoMLSimpleApplication@51bc2c9b
reloadAllAccessors: .ArrayAppend5

===========================================================================================
----------------- testing Tue Apr 30 23:53:10 UTC 2019 /home/travis/build/icyphy/ptII/ptolemy/actor/lib/test/auto/ArrayAppend6.xml
----------------- Instantiating /home/travis/build/icyphy/ptII/ptolemy/actor/lib/test/auto/ArrayAppend6.xml
5 ms. Memory: 580096K Free: 397144K (68%)
----------------- Invoking toplevel() on ptolemy.moml.MoMLSimpleApplication@efcf3fc
----------------- Done invoking toplevel() on ptolemy.moml.MoMLSimpleApplication@efcf3fc
reloadAllAccessors: .ArrayAppend6

===========================================================================================
----------------- testing Tue Apr 30 23:53:10 UTC 2019 /home/travis/build/icyphy/ptII/ptolemy/actor/lib/test/auto/ArrayAppendPerformanceTest.xml
----------------- Instantiating /home/travis/build/icyphy/ptII/ptolemy/actor/lib/test/auto/ArrayAppendPerformanceTest.xml
17 ms. Memory: 580096K Free: 382560K (66%)
----------------- Invoking toplevel() on ptolemy.moml.MoMLSimpleApplication@69dfbc4d
----------------- Done invoking toplevel() on ptolemy.moml.MoMLSimpleApplication@69dfbc4d
reloadAllAccessors: .ArrayAppendPerformanceTest

===========================================================================================
----------------- testing Tue Apr 30 23:53:10 UTC 2019 /home/travis/build/icyphy/ptII/ptolemy/actor/lib/test/auto/ArrayAppendWithEmptyInput.xml
----------------- Instantiating /home/travis/build/icyphy/ptII/ptolemy/actor/lib/test/auto/ArrayAppendWithEmptyInput.xml
8 ms. Memory: 580096K Free: 367983K (63%)
----------------- Invoking toplevel() on ptolemy.moml.MoMLSimpleApplication@41b8d0f5
----------------- Done invoking toplevel() on ptolemy.moml.MoMLSimpleApplication@41b8d0f5
reloadAllAccessors: .ArrayAppendWithEmptyInput

===========================================================================================
----------------- testing Tue Apr 30 23:53:10 UTC 2019 /home/travis/build/icyphy/ptII/ptolemy/actor/lib/test/auto/ArrayAverage.xml
----------------- Instantiating /home/travis/build/icyphy/ptII/ptolemy/actor/lib/test/auto/ArrayAverage.xml
8 ms. Memory: 580096K Free: 353406K (61%)
----------------- Invoking toplevel() on ptolemy.moml.MoMLSimpleApplication@2b0d9305
----------------- Done invoking toplevel() on ptolemy.moml.MoMLSimpleApplication@2b0d9305
reloadAllAccessors: .ArrayAverage

===========================================================================================
----------------- testing Tue Apr 30 23:53:10 UTC 2019 /home/travis/build/icyphy/ptII/ptolemy/actor/lib/test/auto/ArrayContains.xml
----------------- Instantiating /home/travis/build/icyphy/ptII/ptolemy/actor/lib/test/auto/ArrayContains.xml
3 ms. Memory: 580096K Free: 335367K (58%)
----------------- Invoking toplevel() on ptolemy.moml.MoMLSimpleApplication@4171ea7c
----------------- Done invoking toplevel() on ptolemy.moml.MoMLSimpleApplication@4171ea7c
reloadAllAccessors: .ArrayContains

===========================================================================================
----------------- testing Tue Apr 30 23:53:10 UTC 2019 /home/travis/build/icyphy/ptII/ptolemy/actor/lib/test/auto/ArrayElement.xml
----------------- Instantiating /home/travis/build/icyphy/ptII/ptolemy/actor/lib/test/auto/ArrayElement.xml
4 ms. Memory: 580096K Free: 325649K (56%)
----------------- Invoking toplevel() on ptolemy.moml.MoMLSimpleApplication@65351c21
----------------- Done invoking toplevel() on ptolemy.moml.MoMLSimpleApplication@65351c21
reloadAllAccessors: .ArrayElement

===========================================================================================
----------------- testing Tue Apr 30 23:53:10 UTC 2019 /home/travis/build/icyphy/ptII/ptolemy/actor/lib/test/auto/ArrayElementAsMatrix.xml
----------------- Instantiating /home/travis/build/icyphy/ptII/ptolemy/actor/lib/test/auto/ArrayElementAsMatrix.xml
10 ms. Memory: 580096K Free: 311064K (54%)
----------------- Invoking toplevel() on ptolemy.moml.MoMLSimpleApplication@7388654a
----------------- Done invoking toplevel() on ptolemy.moml.MoMLSimpleApplication@7388654a
reloadAllAccessors: .ArrayElementAsMatrix

===========================================================================================
----------------- testing Tue Apr 30 23:53:10 UTC 2019 /home/travis/build/icyphy/ptII/ptolemy/actor/lib/test/auto/ArrayElementI.xml
----------------- Instantiating /home/travis/build/icyphy/ptII/ptolemy/actor/lib/test/auto/ArrayElementI.xml
2 ms. Memory: 580096K Free: 301347K (52%)
----------------- Invoking toplevel() on ptolemy.moml.MoMLSimpleApplication@7a5c9499
----------------- Done invoking toplevel() on ptolemy.moml.MoMLSimpleApplication@7a5c9499
reloadAllAccessors: .ArrayElementI

===========================================================================================
----------------- testing Tue Apr 30 23:53:10 UTC 2019 /home/travis/build/icyphy/ptII/ptolemy/actor/lib/test/auto/ArrayExtract.xml
----------------- Instantiating /home/travis/build/icyphy/ptII/ptolemy/actor/lib/test/auto/ArrayExtract.xml
4 ms. Memory: 580096K Free: 283308K (49%)
----------------- Invoking toplevel() on ptolemy.moml.MoMLSimpleApplication@4350bb72
----------------- Done invoking toplevel() on ptolemy.moml.MoMLSimpleApplication@4350bb72
reloadAllAccessors: .ArrayExtract

===========================================================================================
----------------- testing Tue Apr 30 23:53:10 UTC 2019 /home/travis/build/icyphy/ptII/ptolemy/actor/lib/test/auto/ArrayExtract2.xml
----------------- Instantiating /home/travis/build/icyphy/ptII/ptolemy/actor/lib/test/auto/ArrayExtract2.xml
2 ms. Memory: 580096K Free: 273590K (47%)
----------------- Invoking toplevel() on ptolemy.moml.MoMLSimpleApplication@31fff43a
----------------- Done invoking toplevel() on ptolemy.moml.MoMLSimpleApplication@31fff43a
reloadAllAccessors: .ArrayExtract2

===========================================================================================
----------------- testing Tue Apr 30 23:53:10 UTC 2019 /home/travis/build/icyphy/ptII/ptolemy/actor/lib/test/auto/ArrayLength.xml
----------------- Instantiating /home/travis/build/icyphy/ptII/ptolemy/actor/lib/test/auto/ArrayLength.xml
2 ms. Memory: 580096K Free: 263872K (45%)
----------------- Invoking toplevel() on ptolemy.moml.MoMLSimpleApplication@2788648c
----------------- Done invoking toplevel() on ptolemy.moml.MoMLSimpleApplication@2788648c
reloadAllAccessors: .ArrayLength

===========================================================================================
----------------- testing Tue Apr 30 23:53:10 UTC 2019 /home/travis/build/icyphy/ptII/ptolemy/actor/lib/test/auto/ArrayLevelCrossing.xml
----------------- Instantiating /home/travis/build/icyphy/ptII/ptolemy/actor/lib/test/auto/ArrayLevelCrossing.xml
6 ms. Memory: 580096K Free: 249279K (43%)
----------------- Invoking toplevel() on ptolemy.moml.MoMLSimpleApplication@34de2282
----------------- Done invoking toplevel() on ptolemy.moml.MoMLSimpleApplication@34de2282
reloadAllAccessors: .ArrayLevelCrossing

===========================================================================================
----------------- testing Tue Apr 30 23:53:10 UTC 2019 /home/travis/build/icyphy/ptII/ptolemy/actor/lib/test/auto/ArrayLevelCrossing2.xml
----------------- Instantiating /home/travis/build/icyphy/ptII/ptolemy/actor/lib/test/auto/ArrayLevelCrossing2.xml
3 ms. Memory: 580096K Free: 231240K (40%)
----------------- Invoking toplevel() on ptolemy.moml.MoMLSimpleApplication@2850329e
----------------- Done invoking toplevel() on ptolemy.moml.MoMLSimpleApplication@2850329e
reloadAllAccessors: .ArrayLevelCrossing2

===========================================================================================
----------------- testing Tue Apr 30 23:53:10 UTC 2019 /home/travis/build/icyphy/ptII/ptolemy/actor/lib/test/auto/ArrayPeakSearch.xml
----------------- Instantiating /home/travis/build/icyphy/ptII/ptolemy/actor/lib/test/auto/ArrayPeakSearch.xml
6 ms. Memory: 580096K Free: 216647K (37%)
----------------- Invoking toplevel() on ptolemy.moml.MoMLSimpleApplication@2c3148ae
----------------- Done invoking toplevel() on ptolemy.moml.MoMLSimpleApplication@2c3148ae
reloadAllAccessors: .ArrayPeakSearch

===========================================================================================
----------------- testing Tue Apr 30 23:53:10 UTC 2019 /home/travis/build/icyphy/ptII/ptolemy/actor/lib/test/auto/ArrayPeakSearch2.xml
----------------- Instantiating /home/travis/build/icyphy/ptII/ptolemy/actor/lib/test/auto/ArrayPeakSearch2.xml
6 ms. Memory: 580096K Free: 202071K (35%)
----------------- Invoking toplevel() on ptolemy.moml.MoMLSimpleApplication@2418dc6f
----------------- Done invoking toplevel() on ptolemy.moml.MoMLSimpleApplication@2418dc6f
reloadAllAccessors: .ArrayPeakSearch2

===========================================================================================
----------------- testing Tue Apr 30 23:53:10 UTC 2019 /home/travis/build/icyphy/ptII/ptolemy/actor/lib/test/auto/ArrayPeakSearch3.xml
----------------- Instantiating /home/travis/build/icyphy/ptII/ptolemy/actor/lib/test/auto/ArrayPeakSearch3.xml
6 ms. Memory: 580096K Free: 179165K (31%)
----------------- Invoking toplevel() on ptolemy.moml.MoMLSimpleApplication@66c351c
----------------- Done invoking toplevel() on ptolemy.moml.MoMLSimpleApplication@66c351c
reloadAllAccessors: .ArrayPeakSearch3

===========================================================================================
----------------- testing Tue Apr 30 23:53:10 UTC 2019 /home/travis/build/icyphy/ptII/ptolemy/actor/lib/test/auto/ArrayRemoveElement.xml
----------------- Instantiating /home/travis/build/icyphy/ptII/ptolemy/actor/lib/test/auto/ArrayRemoveElement.xml
4 ms. Memory: 580096K Free: 164580K (28%)
----------------- Invoking toplevel() on ptolemy.moml.MoMLSimpleApplication@4c543c81
----------------- Done invoking toplevel() on ptolemy.moml.MoMLSimpleApplication@4c543c81
reloadAllAccessors: .ArrayRemoveElement

===========================================================================================
----------------- testing Tue Apr 30 23:53:10 UTC 2019 /home/travis/build/icyphy/ptII/ptolemy/actor/lib/test/auto/ArraySort.xml
----------------- Instantiating /home/travis/build/icyphy/ptII/ptolemy/actor/lib/test/auto/ArraySort.xml
5 ms. Memory: 580096K Free: 150003K (26%)
----------------- Invoking toplevel() on ptolemy.moml.MoMLSimpleApplication@3338c5ed
----------------- Done invoking toplevel() on ptolemy.moml.MoMLSimpleApplication@3338c5ed
reloadAllAccessors: .ArraySort

===========================================================================================
----------------- testing Tue Apr 30 23:53:10 UTC 2019 /home/travis/build/icyphy/ptII/ptolemy/actor/lib/test/auto/ArraySum.xml
----------------- Instantiating /home/travis/build/icyphy/ptII/ptolemy/actor/lib/test/auto/ArraySum.xml
3 ms. Memory: 580096K Free: 140286K (24%)
----------------- Invoking toplevel() on ptolemy.moml.MoMLSimpleApplication@687e5a90
----------------- Done invoking toplevel() on ptolemy.moml.MoMLSimpleApplication@687e5a90
reloadAllAccessors: .ArraySum

===========================================================================================
----------------- testing Tue Apr 30 23:53:10 UTC 2019 /home/travis/build/icyphy/ptII/ptolemy/actor/lib/test/auto/ArrayToElements.xml
----------------- Instantiating /home/travis/build/icyphy/ptII/ptolemy/actor/lib/test/auto/ArrayToElements.xml
9 ms. Memory: 580096K Free: 122247K (21%)
----------------- Invoking toplevel() on ptolemy.moml.MoMLSimpleApplication@49f6bd05
----------------- Done invoking toplevel() on ptolemy.moml.MoMLSimpleApplication@49f6bd05
reloadAllAccessors: .ArrayToElements

===========================================================================================
----------------- testing Tue Apr 30 23:53:10 UTC 2019 /home/travis/build/icyphy/ptII/ptolemy/actor/lib/test/auto/ArrayToMatrix.xml
----------------- Instantiating /home/travis/build/icyphy/ptII/ptolemy/actor/lib/test/auto/ArrayToMatrix.xml
10 ms. Memory: 580096K Free: 102779K (18%)
----------------- Invoking toplevel() on ptolemy.moml.MoMLSimpleApplication@531516f8
----------------- Done invoking toplevel() on ptolemy.moml.MoMLSimpleApplication@531516f8
reloadAllAccessors: .ArrayToMatrix

===========================================================================================
----------------- testing Tue Apr 30 23:53:10 UTC 2019 /home/travis/build/icyphy/ptII/ptolemy/actor/lib/test/auto/ArrayUpdate1.xml
----------------- Instantiating /home/travis/build/icyphy/ptII/ptolemy/actor/lib/test/auto/ArrayUpdate1.xml
2 ms. Memory: 580096K Free: 93061K (16%)
----------------- Invoking toplevel() on ptolemy.moml.MoMLSimpleApplication@5325a7f8
----------------- Done invoking toplevel() on ptolemy.moml.MoMLSimpleApplication@5325a7f8
reloadAllAccessors: .ArrayUpdate1

===========================================================================================
----------------- testing Tue Apr 30 23:53:11 UTC 2019 /home/travis/build/icyphy/ptII/ptolemy/actor/lib/test/auto/ArrayUpdate2.xml
----------------- Instantiating /home/travis/build/icyphy/ptII/ptolemy/actor/lib/test/auto/ArrayUpdate2.xml
3 ms. Memory: 580096K Free: 83343K (14%)
----------------- Invoking toplevel() on ptolemy.moml.MoMLSimpleApplication@5dad4131
----------------- Done invoking toplevel() on ptolemy.moml.MoMLSimpleApplication@5dad4131
reloadAllAccessors: .ArrayUpdate2

===========================================================================================
----------------- testing Tue Apr 30 23:53:11 UTC 2019 /home/travis/build/icyphy/ptII/ptolemy/actor/lib/test/auto/ArrayUpdate3.xml
----------------- Instantiating /home/travis/build/icyphy/ptII/ptolemy/actor/lib/test/auto/ArrayUpdate3.xml
2 ms. Memory: 580096K Free: 65304K (11%)
----------------- Invoking toplevel() on ptolemy.moml.MoMLSimpleApplication@61a33d85
----------------- Done invoking toplevel() on ptolemy.moml.MoMLSimpleApplication@61a33d85
reloadAllAccessors: .ArrayUpdate3

===========================================================================================
----------------- testing Tue Apr 30 23:53:11 UTC 2019 /home/travis/build/icyphy/ptII/ptolemy/actor/lib/test/auto/Assert1.xml
----------------- Instantiating /home/travis/build/icyphy/ptII/ptolemy/actor/lib/test/auto/Assert1.xml
3 ms. Memory: 580096K Free: 55587K (10%)
----------------- Invoking toplevel() on ptolemy.moml.MoMLSimpleApplication@71fecf6e
----------------- Done invoking toplevel() on ptolemy.moml.MoMLSimpleApplication@71fecf6e
reloadAllAccessors: .Assert1

===========================================================================================
----------------- testing Tue Apr 30 23:53:11 UTC 2019 /home/travis/build/icyphy/ptII/ptolemy/actor/lib/test/auto/Assert2.xml
----------------- Instantiating /home/travis/build/icyphy/ptII/ptolemy/actor/lib/test/auto/Assert2.xml
7 ms. Memory: 879104K Free: 829351K (94%)
----------------- Invoking toplevel() on ptolemy.moml.MoMLSimpleApplication@2ed9f47d
----------------- Done invoking toplevel() on ptolemy.moml.MoMLSimpleApplication@2ed9f47d
reloadAllAccessors: .Assert2

===========================================================================================
----------------- testing Tue Apr 30 23:53:11 UTC 2019 /home/travis/build/icyphy/ptII/ptolemy/actor/lib/test/auto/BooleanMultiplexor.xml
----------------- Instantiating /home/travis/build/icyphy/ptII/ptolemy/actor/lib/test/auto/BooleanMultiplexor.xml
5 ms. Memory: 879104K Free: 809648K (92%)
----------------- Invoking toplevel() on ptolemy.moml.MoMLSimpleApplication@29ac635a
----------------- Done invoking toplevel() on ptolemy.moml.MoMLSimpleApplication@29ac635a
reloadAllAccessors: .BooleanMultiplexor

===========================================================================================
----------------- testing Tue Apr 30 23:53:11 UTC 2019 /home/travis/build/icyphy/ptII/ptolemy/actor/lib/test/auto/BooleanMultiplexor2.xml
----------------- Instantiating /home/travis/build/icyphy/ptII/ptolemy/actor/lib/test/auto/BooleanMultiplexor2.xml
9 ms. Memory: 879104K Free: 799030K (91%)
----------------- Invoking toplevel() on ptolemy.moml.MoMLSimpleApplication@2f963e12
----------------- Done invoking toplevel() on ptolemy.moml.MoMLSimpleApplication@2f963e12
reloadAllAccessors: .BooleanMultiplexor2

===========================================================================================
----------------- testing Tue Apr 30 23:53:11 UTC 2019 /home/travis/build/icyphy/ptII/ptolemy/actor/lib/test/auto/BooleanMultiplexor3.xml
----------------- Instantiating /home/travis/build/icyphy/ptII/ptolemy/actor/lib/test/auto/BooleanMultiplexor3.xml
9 ms. Memory: 879104K Free: 788661K (90%)
----------------- Invoking toplevel() on ptolemy.moml.MoMLSimpleApplication@6c5eb6de
----------------- Done invoking toplevel() on ptolemy.moml.MoMLSimpleApplication@6c5eb6de
reloadAllAccessors: .BooleanMultiplexor3

===========================================================================================
----------------- testing Tue Apr 30 23:53:11 UTC 2019 /home/travis/build/icyphy/ptII/ptolemy/actor/lib/test/auto/BooleanSelect.xml
----------------- Instantiating /home/travis/build/icyphy/ptII/ptolemy/actor/lib/test/auto/BooleanSelect.xml
7 ms. Memory: 879104K Free: 778291K (89%)
----------------- Invoking toplevel() on ptolemy.moml.MoMLSimpleApplication@5b9d11c5
----------------- Done invoking toplevel() on ptolemy.moml.MoMLSimpleApplication@5b9d11c5
reloadAllAccessors: .BooleanSelect

===========================================================================================
----------------- testing Tue Apr 30 23:53:11 UTC 2019 /home/travis/build/icyphy/ptII/ptolemy/actor/lib/test/auto/BooleanSelect2.xml
----------------- Instantiating /home/travis/build/icyphy/ptII/ptolemy/actor/lib/test/auto/BooleanSelect2.xml
1 ms. Memory: 879104K Free: 758588K (86%)
----------------- Invoking toplevel() on ptolemy.moml.MoMLSimpleApplication@2d8749d6
----------------- Done invoking toplevel() on ptolemy.moml.MoMLSimpleApplication@2d8749d6
reloadAllAccessors: .BooleanSelect2

===========================================================================================
----------------- testing Tue Apr 30 23:53:11 UTC 2019 /home/travis/build/icyphy/ptII/ptolemy/actor/lib/test/auto/BooleanSwitch.xml
----------------- Instantiating /home/travis/build/icyphy/ptII/ptolemy/actor/lib/test/auto/BooleanSwitch.xml
4 ms. Memory: 879104K Free: 748218K (85%)
----------------- Invoking toplevel() on ptolemy.moml.MoMLSimpleApplication@44ae0db9
----------------- Done invoking toplevel() on ptolemy.moml.MoMLSimpleApplication@44ae0db9
reloadAllAccessors: .BooleanSwitch

===========================================================================================
----------------- testing Tue Apr 30 23:53:11 UTC 2019 /home/travis/build/icyphy/ptII/ptolemy/actor/lib/test/auto/BooleanSwitch2.xml
----------------- Instantiating /home/travis/build/icyphy/ptII/ptolemy/actor/lib/test/auto/BooleanSwitch2.xml
2 ms. Memory: 879104K Free: 737849K (84%)
----------------- Invoking toplevel() on ptolemy.moml.MoMLSimpleApplication@642cf6f
----------------- Done invoking toplevel() on ptolemy.moml.MoMLSimpleApplication@642cf6f
reloadAllAccessors: .BooleanSwitch2

===========================================================================================
----------------- testing Tue Apr 30 23:53:11 UTC 2019 /home/travis/build/icyphy/ptII/ptolemy/actor/lib/test/auto/BooleanSwitchCloningBugWithClassRelationGroup.xml
----------------- Instantiating /home/travis/build/icyphy/ptII/ptolemy/actor/lib/test/auto/BooleanSwitchCloningBugWithClassRelationGroup.xml
2 ms. Memory: 879104K Free: 727479K (83%)
----------------- Invoking toplevel() on ptolemy.moml.MoMLSimpleApplication@24352ef
----------------- Done invoking toplevel() on ptolemy.moml.MoMLSimpleApplication@24352ef
reloadAllAccessors: .BooleanSwitchCloningBugWithClassRelationGroup

===========================================================================================
----------------- testing Tue Apr 30 23:53:11 UTC 2019 /home/travis/build/icyphy/ptII/ptolemy/actor/lib/test/auto/BusActors.xml
----------------- Instantiating /home/travis/build/icyphy/ptII/ptolemy/actor/lib/test/auto/BusActors.xml
3 ms. Memory: 879104K Free: 702575K (80%)
----------------- Invoking toplevel() on ptolemy.moml.MoMLSimpleApplication@2d2e8199
----------------- Done invoking toplevel() on ptolemy.moml.MoMLSimpleApplication@2d2e8199
reloadAllAccessors: .BusActors

===========================================================================================
----------------- testing Tue Apr 30 23:53:11 UTC 2019 /home/travis/build/icyphy/ptII/ptolemy/actor/lib/test/auto/ClassWrapper.xml
----------------- Instantiating /home/travis/build/icyphy/ptII/ptolemy/actor/lib/test/auto/ClassWrapper.xml
2 ms. Memory: 879104K Free: 692205K (79%)
----------------- Invoking toplevel() on ptolemy.moml.MoMLSimpleApplication@b5df86e
----------------- Done invoking toplevel() on ptolemy.moml.MoMLSimpleApplication@b5df86e
reloadAllAccessors: .ClassWrapper

===========================================================================================
----------------- testing Tue Apr 30 23:53:11 UTC 2019 /home/travis/build/icyphy/ptII/ptolemy/actor/lib/test/auto/Clock.xml
----------------- Instantiating /home/travis/build/icyphy/ptII/ptolemy/actor/lib/test/auto/Clock.xml
2 ms. Memory: 879104K Free: 681835K (78%)
----------------- Invoking toplevel() on ptolemy.moml.MoMLSimpleApplication@7e4ab5dd
----------------- Done invoking toplevel() on ptolemy.moml.MoMLSimpleApplication@7e4ab5dd
reloadAllAccessors: .Clock

===========================================================================================
----------------- testing Tue Apr 30 23:53:11 UTC 2019 /home/travis/build/icyphy/ptII/ptolemy/actor/lib/test/auto/Clock10.xml
----------------- Instantiating /home/travis/build/icyphy/ptII/ptolemy/actor/lib/test/auto/Clock10.xml
3 ms. Memory: 879104K Free: 671466K (76%)
----------------- Invoking toplevel() on ptolemy.moml.MoMLSimpleApplication@62022235
----------------- Done invoking toplevel() on ptolemy.moml.MoMLSimpleApplication@62022235
reloadAllAccessors: .Clock10

===========================================================================================
----------------- testing Tue Apr 30 23:53:11 UTC 2019 /home/travis/build/icyphy/ptII/ptolemy/actor/lib/test/auto/Clock11.xml
----------------- Instantiating /home/travis/build/icyphy/ptII/ptolemy/actor/lib/test/auto/Clock11.xml
2 ms. Memory: 879104K Free: 651763K (74%)
----------------- Invoking toplevel() on ptolemy.moml.MoMLSimpleApplication@320f67cf
----------------- Done invoking toplevel() on ptolemy.moml.MoMLSimpleApplication@320f67cf
reloadAllAccessors: .Clock11

===========================================================================================
----------------- testing Tue Apr 30 23:53:11 UTC 2019 /home/travis/build/icyphy/ptII/ptolemy/actor/lib/test/auto/Clock12.xml
----------------- Instantiating /home/travis/build/icyphy/ptII/ptolemy/actor/lib/test/auto/Clock12.xml
3 ms. Memory: 879104K Free: 641393K (73%)
----------------- Invoking toplevel() on ptolemy.moml.MoMLSimpleApplication@1a6f801a
----------------- Done invoking toplevel() on ptolemy.moml.MoMLSimpleApplication@1a6f801a
reloadAllAccessors: .Clock12

===========================================================================================
----------------- testing Tue Apr 30 23:53:11 UTC 2019 /home/travis/build/icyphy/ptII/ptolemy/actor/lib/test/auto/Clock13.xml
----------------- Instantiating /home/travis/build/icyphy/ptII/ptolemy/actor/lib/test/auto/Clock13.xml
4 ms. Memory: 879104K Free: 631023K (72%)
----------------- Invoking toplevel() on ptolemy.moml.MoMLSimpleApplication@3a3016ac
----------------- Done invoking toplevel() on ptolemy.moml.MoMLSimpleApplication@3a3016ac
reloadAllAccessors: .Clock13

===========================================================================================
----------------- testing Tue Apr 30 23:53:11 UTC 2019 /home/travis/build/icyphy/ptII/ptolemy/actor/lib/test/auto/Clock14.xml
----------------- Instantiating /home/travis/build/icyphy/ptII/ptolemy/actor/lib/test/auto/Clock14.xml
6 ms. Memory: 879104K Free: 620654K (71%)
----------------- Invoking toplevel() on ptolemy.moml.MoMLSimpleApplication@43c23171
----------------- Done invoking toplevel() on ptolemy.moml.MoMLSimpleApplication@43c23171
reloadAllAccessors: .Clock14

===========================================================================================
----------------- testing Tue Apr 30 23:53:11 UTC 2019 /home/travis/build/icyphy/ptII/ptolemy/actor/lib/test/auto/Clock15.xml
----------------- Instantiating /home/travis/build/icyphy/ptII/ptolemy/actor/lib/test/auto/Clock15.xml
6 ms. Memory: 879104K Free: 600950K (68%)
----------------- Invoking toplevel() on ptolemy.moml.MoMLSimpleApplication@66ec8c7f
----------------- Done invoking toplevel() on ptolemy.moml.MoMLSimpleApplication@66ec8c7f
reloadAllAccessors: .Clock15

===========================================================================================
----------------- testing Tue Apr 30 23:53:11 UTC 2019 /home/travis/build/icyphy/ptII/ptolemy/actor/lib/test/auto/Clock16.xml
----------------- Instantiating /home/travis/build/icyphy/ptII/ptolemy/actor/lib/test/auto/Clock16.xml
18 ms. Memory: 879104K Free: 585380K (67%)
----------------- Invoking toplevel() on ptolemy.moml.MoMLSimpleApplication@2c939ce1
----------------- Done invoking toplevel() on ptolemy.moml.MoMLSimpleApplication@2c939ce1
reloadAllAccessors: .Clock16

===========================================================================================
----------------- testing Tue Apr 30 23:53:11 UTC 2019 /home/travis/build/icyphy/ptII/ptolemy/actor/lib/test/auto/Clock17.xml
----------------- Instantiating /home/travis/build/icyphy/ptII/ptolemy/actor/lib/test/auto/Clock17.xml
15 ms. Memory: 879104K Free: 569817K (65%)
----------------- Invoking toplevel() on ptolemy.moml.MoMLSimpleApplication@55f415be
----------------- Done invoking toplevel() on ptolemy.moml.MoMLSimpleApplication@55f415be
reloadAllAccessors: .Clock17

===========================================================================================
----------------- testing Tue Apr 30 23:53:11 UTC 2019 /home/travis/build/icyphy/ptII/ptolemy/actor/lib/test/auto/Clock18.xml
----------------- Instantiating /home/travis/build/icyphy/ptII/ptolemy/actor/lib/test/auto/Clock18.xml
26 ms. Memory: 879104K Free: 554247K (63%)
----------------- Invoking toplevel() on ptolemy.moml.MoMLSimpleApplication@364cadb9
----------------- Done invoking toplevel() on ptolemy.moml.MoMLSimpleApplication@364cadb9
reloadAllAccessors: .Clock18

===========================================================================================
----------------- testing Tue Apr 30 23:53:11 UTC 2019 /home/travis/build/icyphy/ptII/ptolemy/actor/lib/test/auto/Clock19.xml
----------------- Instantiating /home/travis/build/icyphy/ptII/ptolemy/actor/lib/test/auto/Clock19.xml
17 ms. Memory: 879104K Free: 529343K (60%)
----------------- Invoking toplevel() on ptolemy.moml.MoMLSimpleApplication@5dce5b90
----------------- Done invoking toplevel() on ptolemy.moml.MoMLSimpleApplication@5dce5b90
reloadAllAccessors: .Clock19

===========================================================================================
----------------- testing Tue Apr 30 23:53:11 UTC 2019 /home/travis/build/icyphy/ptII/ptolemy/actor/lib/test/auto/Clock2.xml
----------------- Instantiating /home/travis/build/icyphy/ptII/ptolemy/actor/lib/test/auto/Clock2.xml
9 ms. Memory: 879104K Free: 518973K (59%)
----------------- Invoking toplevel() on ptolemy.moml.MoMLSimpleApplication@79c90c59
----------------- Done invoking toplevel() on ptolemy.moml.MoMLSimpleApplication@79c90c59
reloadAllAccessors: .Clock2

===========================================================================================
----------------- testing Tue Apr 30 23:53:11 UTC 2019 /home/travis/build/icyphy/ptII/ptolemy/actor/lib/test/auto/Clock20.xml
----------------- Instantiating /home/travis/build/icyphy/ptII/ptolemy/actor/lib/test/auto/Clock20.xml
12 ms. Memory: 879104K Free: 508603K (58%)
----------------- Invoking toplevel() on ptolemy.moml.MoMLSimpleApplication@21b492a5
----------------- Done invoking toplevel() on ptolemy.moml.MoMLSimpleApplication@21b492a5
reloadAllAccessors: .Clock20

===========================================================================================
----------------- testing Tue Apr 30 23:53:11 UTC 2019 /home/travis/build/icyphy/ptII/ptolemy/actor/lib/test/auto/Clock21.xml
----------------- Instantiating /home/travis/build/icyphy/ptII/ptolemy/actor/lib/test/auto/Clock21.xml
8 ms. Memory: 879104K Free: 498234K (57%)
----------------- Invoking toplevel() on ptolemy.moml.MoMLSimpleApplication@7bd1e4b4
----------------- Done invoking toplevel() on ptolemy.moml.MoMLSimpleApplication@7bd1e4b4
reloadAllAccessors: .Clock21

===========================================================================================
----------------- testing Tue Apr 30 23:53:11 UTC 2019 /home/travis/build/icyphy/ptII/ptolemy/actor/lib/test/auto/Clock22.xml
----------------- Instantiating /home/travis/build/icyphy/ptII/ptolemy/actor/lib/test/auto/Clock22.xml
6 ms. Memory: 879104K Free: 487864K (55%)
----------------- Invoking toplevel() on ptolemy.moml.MoMLSimpleApplication@5a914c62
----------------- Done invoking toplevel() on ptolemy.moml.MoMLSimpleApplication@5a914c62
reloadAllAccessors: .Clock22

===========================================================================================
----------------- testing Tue Apr 30 23:53:11 UTC 2019 /home/travis/build/icyphy/ptII/ptolemy/actor/lib/test/auto/Clock23.xml
----------------- Instantiating /home/travis/build/icyphy/ptII/ptolemy/actor/lib/test/auto/Clock23.xml
8 ms. Memory: 879104K Free: 468161K (53%)
----------------- Invoking toplevel() on ptolemy.moml.MoMLSimpleApplication@534d1ca6
----------------- Done invoking toplevel() on ptolemy.moml.MoMLSimpleApplication@534d1ca6
reloadAllAccessors: .Clock23

===========================================================================================
----------------- testing Tue Apr 30 23:53:11 UTC 2019 /home/travis/build/icyphy/ptII/ptolemy/actor/lib/test/auto/Clock24.xml
----------------- Instantiating /home/travis/build/icyphy/ptII/ptolemy/actor/lib/test/auto/Clock24.xml
8 ms. Memory: 879104K Free: 457791K (52%)
----------------- Invoking toplevel() on ptolemy.moml.MoMLSimpleApplication@105a3f9
----------------- Done invoking toplevel() on ptolemy.moml.MoMLSimpleApplication@105a3f9
reloadAllAccessors: .Clock24

===========================================================================================
----------------- testing Tue Apr 30 23:53:11 UTC 2019 /home/travis/build/icyphy/ptII/ptolemy/actor/lib/test/auto/Clock4.xml
----------------- Instantiating /home/travis/build/icyphy/ptII/ptolemy/actor/lib/test/auto/Clock4.xml
7 ms. Memory: 879104K Free: 447422K (51%)
----------------- Invoking toplevel() on ptolemy.moml.MoMLSimpleApplication@40c6db4f
----------------- Done invoking toplevel() on ptolemy.moml.MoMLSimpleApplication@40c6db4f
reloadAllAccessors: .Clock4

===========================================================================================
----------------- testing Tue Apr 30 23:53:11 UTC 2019 /home/travis/build/icyphy/ptII/ptolemy/actor/lib/test/auto/Clock5.xml
----------------- Instantiating /home/travis/build/icyphy/ptII/ptolemy/actor/lib/test/auto/Clock5.xml
2 ms. Memory: 879104K Free: 437052K (50%)
----------------- Invoking toplevel() on ptolemy.moml.MoMLSimpleApplication@5d9ee4ac
----------------- Done invoking toplevel() on ptolemy.moml.MoMLSimpleApplication@5d9ee4ac
reloadAllAccessors: .Clock5

===========================================================================================
----------------- testing Tue Apr 30 23:53:12 UTC 2019 /home/travis/build/icyphy/ptII/ptolemy/actor/lib/test/auto/Clock6.xml
----------------- Instantiating /home/travis/build/icyphy/ptII/ptolemy/actor/lib/test/auto/Clock6.xml
2 ms. Memory: 879104K Free: 417349K (47%)
----------------- Invoking toplevel() on ptolemy.moml.MoMLSimpleApplication@3679c208
----------------- Done invoking toplevel() on ptolemy.moml.MoMLSimpleApplication@3679c208
reloadAllAccessors: .Clock6

===========================================================================================
----------------- testing Tue Apr 30 23:53:12 UTC 2019 /home/travis/build/icyphy/ptII/ptolemy/actor/lib/test/auto/Clock7.xml
----------------- Instantiating /home/travis/build/icyphy/ptII/ptolemy/actor/lib/test/auto/Clock7.xml
3 ms. Memory: 879104K Free: 406979K (46%)
----------------- Invoking toplevel() on ptolemy.moml.MoMLSimpleApplication@7bae0f6e
----------------- Done invoking toplevel() on ptolemy.moml.MoMLSimpleApplication@7bae0f6e
reloadAllAccessors: .Clock7

===========================================================================================
----------------- testing Tue Apr 30 23:53:12 UTC 2019 /home/travis/build/icyphy/ptII/ptolemy/actor/lib/test/auto/Clock8.xml
----------------- Instantiating /home/travis/build/icyphy/ptII/ptolemy/actor/lib/test/auto/Clock8.xml
13 ms. Memory: 879104K Free: 396610K (45%)
----------------- Invoking toplevel() on ptolemy.moml.MoMLSimpleApplication@7d7cdc13
----------------- Done invoking toplevel() on ptolemy.moml.MoMLSimpleApplication@7d7cdc13
reloadAllAccessors: .Clock8

===========================================================================================
----------------- testing Tue Apr 30 23:53:12 UTC 2019 /home/travis/build/icyphy/ptII/ptolemy/actor/lib/test/auto/Clock9.xml
----------------- Instantiating /home/travis/build/icyphy/ptII/ptolemy/actor/lib/test/auto/Clock9.xml
7 ms. Memory: 879104K Free: 386240K (44%)
----------------- Invoking toplevel() on ptolemy.moml.MoMLSimpleApplication@5f3f8fdb
----------------- Done invoking toplevel() on ptolemy.moml.MoMLSimpleApplication@5f3f8fdb
reloadAllAccessors: .Clock9

===========================================================================================
----------------- testing Tue Apr 30 23:53:12 UTC 2019 /home/travis/build/icyphy/ptII/ptolemy/actor/lib/test/auto/CommDistDiscard.xml
----------------- Instantiating /home/travis/build/icyphy/ptII/ptolemy/actor/lib/test/auto/CommDistDiscard.xml
4 ms. Memory: 879104K Free: 366537K (42%)
----------------- Invoking toplevel() on ptolemy.moml.MoMLSimpleApplication@5d4ef9ee
----------------- Done invoking toplevel() on ptolemy.moml.MoMLSimpleApplication@5d4ef9ee
reloadAllAccessors: .CommDistDiscard

===========================================================================================
----------------- testing Tue Apr 30 23:53:12 UTC 2019 /home/travis/build/icyphy/ptII/ptolemy/actor/lib/test/auto/Commutator.xml
----------------- Instantiating /home/travis/build/icyphy/ptII/ptolemy/actor/lib/test/auto/Commutator.xml
4 ms. Memory: 879104K Free: 356167K (41%)
----------------- Invoking toplevel() on ptolemy.moml.MoMLSimpleApplication@77bf46cd
----------------- Done invoking toplevel() on ptolemy.moml.MoMLSimpleApplication@77bf46cd
reloadAllAccessors: .Commutator

===========================================================================================
----------------- testing Tue Apr 30 23:53:12 UTC 2019 /home/travis/build/icyphy/ptII/ptolemy/actor/lib/test/auto/Commutator2.xml
----------------- Instantiating /home/travis/build/icyphy/ptII/ptolemy/actor/lib/test/auto/Commutator2.xml
3 ms. Memory: 879104K Free: 338020K (38%)
----------------- Invoking toplevel() on ptolemy.moml.MoMLSimpleApplication@24bb3d4b
----------------- Done invoking toplevel() on ptolemy.moml.MoMLSimpleApplication@24bb3d4b
reloadAllAccessors: .Commutator2

===========================================================================================
----------------- testing Tue Apr 30 23:53:12 UTC 2019 /home/travis/build/icyphy/ptII/ptolemy/actor/lib/test/auto/Commutator3.xml
----------------- Instantiating /home/travis/build/icyphy/ptII/ptolemy/actor/lib/test/auto/Commutator3.xml
2 ms. Memory: 879104K Free: 327650K (37%)
----------------- Invoking toplevel() on ptolemy.moml.MoMLSimpleApplication@5277ee0c
----------------- Done invoking toplevel() on ptolemy.moml.MoMLSimpleApplication@5277ee0c
reloadAllAccessors: .Commutator3

===========================================================================================
----------------- testing Tue Apr 30 23:53:12 UTC 2019 /home/travis/build/icyphy/ptII/ptolemy/actor/lib/test/auto/Compare.xml
----------------- Instantiating /home/travis/build/icyphy/ptII/ptolemy/actor/lib/test/auto/Compare.xml
3 ms. Memory: 879104K Free: 307947K (35%)
----------------- Invoking toplevel() on ptolemy.moml.MoMLSimpleApplication@2edd8f2a
----------------- Done invoking toplevel() on ptolemy.moml.MoMLSimpleApplication@2edd8f2a
reloadAllAccessors: .Compare

===========================================================================================
----------------- testing Tue Apr 30 23:53:12 UTC 2019 /home/travis/build/icyphy/ptII/ptolemy/actor/lib/test/auto/CompareDE.xml
----------------- Instantiating /home/travis/build/icyphy/ptII/ptolemy/actor/lib/test/auto/CompareDE.xml
4 ms. Memory: 879104K Free: 297578K (34%)
----------------- Invoking toplevel() on ptolemy.moml.MoMLSimpleApplication@2b319760
----------------- Done invoking toplevel() on ptolemy.moml.MoMLSimpleApplication@2b319760
reloadAllAccessors: .CompareDE

===========================================================================================
----------------- testing Tue Apr 30 23:53:12 UTC 2019 /home/travis/build/icyphy/ptII/ptolemy/actor/lib/test/auto/ComplexDivide.xml
----------------- Instantiating /home/travis/build/icyphy/ptII/ptolemy/actor/lib/test/auto/ComplexDivide.xml
2 ms. Memory: 879104K Free: 287208K (33%)
----------------- Invoking toplevel() on ptolemy.moml.MoMLSimpleApplication@3644a001
----------------- Done invoking toplevel() on ptolemy.moml.MoMLSimpleApplication@3644a001
reloadAllAccessors: .ComplexDivide

===========================================================================================
----------------- testing Tue Apr 30 23:53:12 UTC 2019 /home/travis/build/icyphy/ptII/ptolemy/actor/lib/test/auto/ComputeHistogram.xml
----------------- Instantiating /home/travis/build/icyphy/ptII/ptolemy/actor/lib/test/auto/ComputeHistogram.xml
42 ms. Memory: 879104K Free: 271653K (31%)
----------------- Invoking toplevel() on ptolemy.moml.MoMLSimpleApplication@75429c3
----------------- Done invoking toplevel() on ptolemy.moml.MoMLSimpleApplication@75429c3
reloadAllAccessors: .ComputeHistogram

===========================================================================================
----------------- testing Tue Apr 30 23:53:12 UTC 2019 /home/travis/build/icyphy/ptII/ptolemy/actor/lib/test/auto/ConfigurationSelect.xml
----------------- Instantiating /home/travis/build/icyphy/ptII/ptolemy/actor/lib/test/auto/ConfigurationSelect.xml
7 ms. Memory: 879104K Free: 251950K (29%)
----------------- Invoking toplevel() on ptolemy.moml.MoMLSimpleApplication@7f25722c
----------------- Done invoking toplevel() on ptolemy.moml.MoMLSimpleApplication@7f25722c
reloadAllAccessors: .ConfigurationSelect

===========================================================================================
----------------- testing Tue Apr 30 23:53:12 UTC 2019 /home/travis/build/icyphy/ptII/ptolemy/actor/lib/test/auto/ConfigurationSelect2.xml
----------------- Instantiating /home/travis/build/icyphy/ptII/ptolemy/actor/lib/test/auto/ConfigurationSelect2.xml
3 ms. Memory: 879104K Free: 241581K (27%)
----------------- Invoking toplevel() on ptolemy.moml.MoMLSimpleApplication@276f6b3e
----------------- Done invoking toplevel() on ptolemy.moml.MoMLSimpleApplication@276f6b3e
reloadAllAccessors: .ConfigurationSelect2

===========================================================================================
----------------- testing Tue Apr 30 23:53:12 UTC 2019 /home/travis/build/icyphy/ptII/ptolemy/actor/lib/test/auto/ConfigurationSwitch.xml
----------------- Instantiating /home/travis/build/icyphy/ptII/ptolemy/actor/lib/test/auto/ConfigurationSwitch.xml
4 ms. Memory: 879104K Free: 231211K (26%)
----------------- Invoking toplevel() on ptolemy.moml.MoMLSimpleApplication@14a2ce7d
----------------- Done invoking toplevel() on ptolemy.moml.MoMLSimpleApplication@14a2ce7d
reloadAllAccessors: .ConfigurationSwitch

===========================================================================================
----------------- testing Tue Apr 30 23:53:12 UTC 2019 /home/travis/build/icyphy/ptII/ptolemy/actor/lib/test/auto/ConfigurationSwitch2.xml
----------------- Instantiating /home/travis/build/icyphy/ptII/ptolemy/actor/lib/test/auto/ConfigurationSwitch2.xml
5 ms. Memory: 879104K Free: 220841K (25%)
----------------- Invoking toplevel() on ptolemy.moml.MoMLSimpleApplication@1cfc5587
----------------- Done invoking toplevel() on ptolemy.moml.MoMLSimpleApplication@1cfc5587
reloadAllAccessors: .ConfigurationSwitch2

===========================================================================================
----------------- testing Tue Apr 30 23:53:12 UTC 2019 /home/travis/build/icyphy/ptII/ptolemy/actor/lib/test/auto/ConfigurationSwitchCloningBugWithClassRelationGroup.xml
----------------- Instantiating /home/travis/build/icyphy/ptII/ptolemy/actor/lib/test/auto/ConfigurationSwitchCloningBugWithClassRelationGroup.xml
3 ms. Memory: 879104K Free: 195937K (22%)
----------------- Invoking toplevel() on ptolemy.moml.MoMLSimpleApplication@9d02db2
----------------- Done invoking toplevel() on ptolemy.moml.MoMLSimpleApplication@9d02db2
reloadAllAccessors: .ConfigurationSwitchCloningBugWithClassRelationGroup

===========================================================================================
----------------- testing Tue Apr 30 23:53:12 UTC 2019 /home/travis/build/icyphy/ptII/ptolemy/actor/lib/test/auto/ConfigurationSwitchSelectSDF.xml
----------------- Instantiating /home/travis/build/icyphy/ptII/ptolemy/actor/lib/test/auto/ConfigurationSwitchSelectSDF.xml
3 ms. Memory: 879104K Free: 185568K (21%)
----------------- Invoking toplevel() on ptolemy.moml.MoMLSimpleApplication@3810bdf3
----------------- Done invoking toplevel() on ptolemy.moml.MoMLSimpleApplication@3810bdf3
reloadAllAccessors: .ConfigurationSwitchSelectSDF

===========================================================================================
----------------- testing Tue Apr 30 23:53:12 UTC 2019 /home/travis/build/icyphy/ptII/ptolemy/actor/lib/test/auto/ConfigurationSwitchSelectSDF2.xml
----------------- Instantiating /home/travis/build/icyphy/ptII/ptolemy/actor/lib/test/auto/ConfigurationSwitchSelectSDF2.xml
3 ms. Memory: 879104K Free: 175198K (20%)
----------------- Invoking toplevel() on ptolemy.moml.MoMLSimpleApplication@9c036b2
----------------- Done invoking toplevel() on ptolemy.moml.MoMLSimpleApplication@9c036b2
reloadAllAccessors: .ConfigurationSwitchSelectSDF2

===========================================================================================
----------------- testing Tue Apr 30 23:53:12 UTC 2019 /home/travis/build/icyphy/ptII/ptolemy/actor/lib/test/auto/Const.xml
----------------- Instantiating /home/travis/build/icyphy/ptII/ptolemy/actor/lib/test/auto/Const.xml
3 ms. Memory: 879104K Free: 164828K (19%)
----------------- Invoking toplevel() on ptolemy.moml.MoMLSimpleApplication@1c2cb0d
----------------- Done invoking toplevel() on ptolemy.moml.MoMLSimpleApplication@1c2cb0d
reloadAllAccessors: .Const

===========================================================================================
----------------- testing Tue Apr 30 23:53:12 UTC 2019 /home/travis/build/icyphy/ptII/ptolemy/actor/lib/test/auto/Const2.xml
----------------- Instantiating /home/travis/build/icyphy/ptII/ptolemy/actor/lib/test/auto/Const2.xml
2 ms. Memory: 879104K Free: 145125K (17%)
----------------- Invoking toplevel() on ptolemy.moml.MoMLSimpleApplication@1918d0f3
----------------- Done invoking toplevel() on ptolemy.moml.MoMLSimpleApplication@1918d0f3
reloadAllAccessors: .Const2

===========================================================================================
----------------- testing Tue Apr 30 23:53:12 UTC 2019 /home/travis/build/icyphy/ptII/ptolemy/actor/lib/test/auto/Const3.xml
----------------- Instantiating /home/travis/build/icyphy/ptII/ptolemy/actor/lib/test/auto/Const3.xml
3 ms. Memory: 879104K Free: 134755K (15%)
----------------- Invoking toplevel() on ptolemy.moml.MoMLSimpleApplication@156a9ddf
----------------- Done invoking toplevel() on ptolemy.moml.MoMLSimpleApplication@156a9ddf
reloadAllAccessors: .Const3

===========================================================================================
----------------- testing Tue Apr 30 23:53:12 UTC 2019 /home/travis/build/icyphy/ptII/ptolemy/actor/lib/test/auto/ConstantPublisherPort1.xml
----------------- Instantiating /home/travis/build/icyphy/ptII/ptolemy/actor/lib/test/auto/ConstantPublisherPort1.xml
7 ms. Memory: 879104K Free: 119185K (14%)
----------------- Invoking toplevel() on ptolemy.moml.MoMLSimpleApplication@37ec13ee
----------------- Done invoking toplevel() on ptolemy.moml.MoMLSimpleApplication@37ec13ee
reloadAllAccessors: .ConstantPublisherPort1

===========================================================================================
----------------- testing Tue Apr 30 23:53:12 UTC 2019 /home/travis/build/icyphy/ptII/ptolemy/actor/lib/test/auto/ConstantPublisherPort2.xml
----------------- Instantiating /home/travis/build/icyphy/ptII/ptolemy/actor/lib/test/auto/ConstantPublisherPort2.xml
10 ms. Memory: 879104K Free: 108815K (12%)
----------------- Invoking toplevel() on ptolemy.moml.MoMLSimpleApplication@5960c1d2
----------------- Done invoking toplevel() on ptolemy.moml.MoMLSimpleApplication@5960c1d2
reloadAllAccessors: .ConstantPublisherPort2

===========================================================================================
----------------- testing Tue Apr 30 23:53:12 UTC 2019 /home/travis/build/icyphy/ptII/ptolemy/actor/lib/test/auto/ConstantPublisherPort3.xml
----------------- Instantiating /home/travis/build/icyphy/ptII/ptolemy/actor/lib/test/auto/ConstantPublisherPort3.xml
3 ms. Memory: 879104K Free: 89112K (10%)
----------------- Invoking toplevel() on ptolemy.moml.MoMLSimpleApplication@7e15d449
----------------- Done invoking toplevel() on ptolemy.moml.MoMLSimpleApplication@7e15d449
reloadAllAccessors: .ConstantPublisherPort3

===========================================================================================
----------------- testing Tue Apr 30 23:53:12 UTC 2019 /home/travis/build/icyphy/ptII/ptolemy/actor/lib/test/auto/ConstantPublisherPort4.xml
----------------- Instantiating /home/travis/build/icyphy/ptII/ptolemy/actor/lib/test/auto/ConstantPublisherPort4.xml
3 ms. Memory: 879104K Free: 78742K (9%)
----------------- Invoking toplevel() on ptolemy.moml.MoMLSimpleApplication@221d405a
----------------- Done invoking toplevel() on ptolemy.moml.MoMLSimpleApplication@221d405a
reloadAllAccessors: .ConstantPublisherPort4

===========================================================================================
----------------- testing Tue Apr 30 23:53:12 UTC 2019 /home/travis/build/icyphy/ptII/ptolemy/actor/lib/test/auto/ConstantPublisherPort5.xml
----------------- Instantiating /home/travis/build/icyphy/ptII/ptolemy/actor/lib/test/auto/ConstantPublisherPort5.xml
42 ms. Memory: 879616K Free: 828046K (94%)
----------------- Invoking toplevel() on ptolemy.moml.MoMLSimpleApplication@3ed92c21
----------------- Done invoking toplevel() on ptolemy.moml.MoMLSimpleApplication@3ed92c21
reloadAllAccessors: .ConstantPublisherPort5

===========================================================================================
----------------- testing Tue Apr 30 23:53:12 UTC 2019 /home/travis/build/icyphy/ptII/ptolemy/actor/lib/test/auto/ConstantPublisherPort6.xml
----------------- Instantiating /home/travis/build/icyphy/ptII/ptolemy/actor/lib/test/auto/ConstantPublisherPort6.xml
12 ms. Memory: 879616K Free: 795099K (90%)
----------------- Invoking toplevel() on ptolemy.moml.MoMLSimpleApplication@7697f3e
----------------- Done invoking toplevel() on ptolemy.moml.MoMLSimpleApplication@7697f3e
reloadAllAccessors: .ConstantPublisherPort6

===========================================================================================
----------------- testing Tue Apr 30 23:53:12 UTC 2019 /home/travis/build/icyphy/ptII/ptolemy/actor/lib/test/auto/ConstantPublisherPort7.xml
----------------- Instantiating /home/travis/build/icyphy/ptII/ptolemy/actor/lib/test/auto/ConstantPublisherPort7.xml
17 ms. Memory: 879616K Free: 771751K (88%)
----------------- Invoking toplevel() on ptolemy.moml.MoMLSimpleApplication@c940080
----------------- Done invoking toplevel() on ptolemy.moml.MoMLSimpleApplication@c940080
reloadAllAccessors: .ConstantPublisherPort7

===========================================================================================
----------------- testing Tue Apr 30 23:53:12 UTC 2019 /home/travis/build/icyphy/ptII/ptolemy/actor/lib/test/auto/ConstraintMonitor1.xml
----------------- Instantiating /home/travis/build/icyphy/ptII/ptolemy/actor/lib/test/auto/ConstraintMonitor1.xml
2 ms. Memory: 879616K Free: 763973K (87%)
----------------- Invoking toplevel() on ptolemy.moml.MoMLSimpleApplication@276e7982
----------------- Done invoking toplevel() on ptolemy.moml.MoMLSimpleApplication@276e7982
reloadAllAccessors: .ConstraintMonitor1

===========================================================================================
----------------- testing Tue Apr 30 23:53:12 UTC 2019 /home/travis/build/icyphy/ptII/ptolemy/actor/lib/test/auto/ConstraintMonitor2.xml
----------------- Instantiating /home/travis/build/icyphy/ptII/ptolemy/actor/lib/test/auto/ConstraintMonitor2.xml
6 ms. Memory: 879616K Free: 749241K (85%)
----------------- Invoking toplevel() on ptolemy.moml.MoMLSimpleApplication@46fee6ff
----------------- Done invoking toplevel() on ptolemy.moml.MoMLSimpleApplication@46fee6ff
reloadAllAccessors: .ConstraintMonitor2

===========================================================================================
----------------- testing Tue Apr 30 23:53:12 UTC 2019 /home/travis/build/icyphy/ptII/ptolemy/actor/lib/test/auto/ConstraintMonitor3.xml
----------------- Instantiating /home/travis/build/icyphy/ptII/ptolemy/actor/lib/test/auto/ConstraintMonitor3.xml
1 ms. Memory: 879616K Free: 741464K (84%)
----------------- Invoking toplevel() on ptolemy.moml.MoMLSimpleApplication@7a17fea5
----------------- Done invoking toplevel() on ptolemy.moml.MoMLSimpleApplication@7a17fea5
reloadAllAccessors: .ConstraintMonitor3

===========================================================================================
----------------- testing Tue Apr 30 23:53:12 UTC 2019 /home/travis/build/icyphy/ptII/ptolemy/actor/lib/test/auto/ConstraintMonitor4.xml
----------------- Instantiating /home/travis/build/icyphy/ptII/ptolemy/actor/lib/test/auto/ConstraintMonitor4.xml
6 ms. Memory: 879616K Free: 733687K (83%)
----------------- Invoking toplevel() on ptolemy.moml.MoMLSimpleApplication@1c5f2db5
----------------- Done invoking toplevel() on ptolemy.moml.MoMLSimpleApplication@1c5f2db5
reloadAllAccessors: .ConstraintMonitor4

===========================================================================================
----------------- testing Tue Apr 30 23:53:12 UTC 2019 /home/travis/build/icyphy/ptII/ptolemy/actor/lib/test/auto/ConstraintMonitor5.xml
----------------- Instantiating /home/travis/build/icyphy/ptII/ptolemy/actor/lib/test/auto/ConstraintMonitor5.xml
2 ms. Memory: 879616K Free: 718955K (82%)
----------------- Invoking toplevel() on ptolemy.moml.MoMLSimpleApplication@60c28460
----------------- Done invoking toplevel() on ptolemy.moml.MoMLSimpleApplication@60c28460
reloadAllAccessors: .ConstraintMonitor5

===========================================================================================
----------------- testing Tue Apr 30 23:53:12 UTC 2019 /home/travis/build/icyphy/ptII/ptolemy/actor/lib/test/auto/ConstraintMonitor6.xml
----------------- Instantiating /home/travis/build/icyphy/ptII/ptolemy/actor/lib/test/auto/ConstraintMonitor6.xml
7 ms. Memory: 879616K Free: 711177K (81%)
----------------- Invoking toplevel() on ptolemy.moml.MoMLSimpleApplication@5ca8d066
----------------- Done invoking toplevel() on ptolemy.moml.MoMLSimpleApplication@5ca8d066
reloadAllAccessors: .ConstraintMonitor6

===========================================================================================
----------------- testing Tue Apr 30 23:53:13 UTC 2019 /home/travis/build/icyphy/ptII/ptolemy/actor/lib/test/auto/ConstraintMonitor7.xml
----------------- Instantiating /home/travis/build/icyphy/ptII/ptolemy/actor/lib/test/auto/ConstraintMonitor7.xml
8 ms. Memory: 879616K Free: 699495K (80%)
----------------- Invoking toplevel() on ptolemy.moml.MoMLSimpleApplication@3d3190e0
----------------- Done invoking toplevel() on ptolemy.moml.MoMLSimpleApplication@3d3190e0
reloadAllAccessors: .ConstraintMonitor7

===========================================================================================
----------------- testing Tue Apr 30 23:53:13 UTC 2019 /home/travis/build/icyphy/ptII/ptolemy/actor/lib/test/auto/ConstraintMonitor8.xml
----------------- Instantiating /home/travis/build/icyphy/ptII/ptolemy/actor/lib/test/auto/ConstraintMonitor8.xml
8 ms. Memory: 879616K Free: 680858K (77%)
----------------- Invoking toplevel() on ptolemy.moml.MoMLSimpleApplication@3b43135f
----------------- Done invoking toplevel() on ptolemy.moml.MoMLSimpleApplication@3b43135f
reloadAllAccessors: .ConstraintMonitor8

===========================================================================================
----------------- testing Tue Apr 30 23:53:13 UTC 2019 /home/travis/build/icyphy/ptII/ptolemy/actor/lib/test/auto/Counter.xml
----------------- Instantiating /home/travis/build/icyphy/ptII/ptolemy/actor/lib/test/auto/Counter.xml
3 ms. Memory: 879616K Free: 673081K (77%)
----------------- Invoking toplevel() on ptolemy.moml.MoMLSimpleApplication@cb8363a
----------------- Done invoking toplevel() on ptolemy.moml.MoMLSimpleApplication@cb8363a
reloadAllAccessors: .Counter

===========================================================================================
----------------- testing Tue Apr 30 23:53:13 UTC 2019 /home/travis/build/icyphy/ptII/ptolemy/actor/lib/test/auto/CurrentTimeSDF.xml
----------------- Instantiating /home/travis/build/icyphy/ptII/ptolemy/actor/lib/test/auto/CurrentTimeSDF.xml
2 ms. Memory: 879616K Free: 665304K (76%)
----------------- Invoking toplevel() on ptolemy.moml.MoMLSimpleApplication@45356463
----------------- Done invoking toplevel() on ptolemy.moml.MoMLSimpleApplication@45356463
reloadAllAccessors: .CurrentTimeSDF

===========================================================================================
----------------- testing Tue Apr 30 23:53:13 UTC 2019 /home/travis/build/icyphy/ptII/ptolemy/actor/lib/test/auto/DB.xml
----------------- Instantiating /home/travis/build/icyphy/ptII/ptolemy/actor/lib/test/auto/DB.xml
2 ms. Memory: 879616K Free: 650572K (74%)
----------------- Invoking toplevel() on ptolemy.moml.MoMLSimpleApplication@6b38259f
----------------- Done invoking toplevel() on ptolemy.moml.MoMLSimpleApplication@6b38259f
reloadAllAccessors: .DB

===========================================================================================
----------------- testing Tue Apr 30 23:53:13 UTC 2019 /home/travis/build/icyphy/ptII/ptolemy/actor/lib/test/auto/DBDE.xml
----------------- Instantiating /home/travis/build/icyphy/ptII/ptolemy/actor/lib/test/auto/DBDE.xml
4 ms. Memory: 879616K Free: 642795K (73%)
----------------- Invoking toplevel() on ptolemy.moml.MoMLSimpleApplication@2bb4f23c
----------------- Done invoking toplevel() on ptolemy.moml.MoMLSimpleApplication@2bb4f23c
reloadAllAccessors: .DBDE

===========================================================================================
----------------- testing Tue Apr 30 23:53:13 UTC 2019 /home/travis/build/icyphy/ptII/ptolemy/actor/lib/test/auto/DateConstructor.xml
----------------- Instantiating /home/travis/build/icyphy/ptII/ptolemy/actor/lib/test/auto/DateConstructor.xml
18 ms. Memory: 879616K Free: 623311K (71%)
----------------- Invoking toplevel() on ptolemy.moml.MoMLSimpleApplication@7c0f3476
----------------- Done invoking toplevel() on ptolemy.moml.MoMLSimpleApplication@7c0f3476
reloadAllAccessors: .DateConstructor

===========================================================================================
----------------- testing Tue Apr 30 23:53:13 UTC 2019 /home/travis/build/icyphy/ptII/ptolemy/actor/lib/test/auto/DelayTime.xml
----------------- Instantiating /home/travis/build/icyphy/ptII/ptolemy/actor/lib/test/auto/DelayTime.xml
3 ms. Memory: 879616K Free: 608579K (69%)
----------------- Invoking toplevel() on ptolemy.moml.MoMLSimpleApplication@6c5bf8e6
----------------- Done invoking toplevel() on ptolemy.moml.MoMLSimpleApplication@6c5bf8e6
reloadAllAccessors: .DelayTime

===========================================================================================
----------------- testing Tue Apr 30 23:53:13 UTC 2019 /home/travis/build/icyphy/ptII/ptolemy/actor/lib/test/auto/Dictionary1.xml
----------------- Instantiating /home/travis/build/icyphy/ptII/ptolemy/actor/lib/test/auto/Dictionary1.xml
1 ms. Memory: 879616K Free: 600802K (68%)
----------------- Invoking toplevel() on ptolemy.moml.MoMLSimpleApplication@6d2454f1
----------------- Done invoking toplevel() on ptolemy.moml.MoMLSimpleApplication@6d2454f1
reloadAllAccessors: .Dictionary1

===========================================================================================
----------------- testing Tue Apr 30 23:53:13 UTC 2019 /home/travis/build/icyphy/ptII/ptolemy/actor/lib/test/auto/Dictionary2.xml
----------------- Instantiating /home/travis/build/icyphy/ptII/ptolemy/actor/lib/test/auto/Dictionary2.xml
4 ms. Memory: 879616K Free: 593025K (67%)
----------------- Invoking toplevel() on ptolemy.moml.MoMLSimpleApplication@4fb478
----------------- Done invoking toplevel() on ptolemy.moml.MoMLSimpleApplication@4fb478
reloadAllAccessors: .Dictionary2

===========================================================================================
----------------- testing Tue Apr 30 23:53:13 UTC 2019 /home/travis/build/icyphy/ptII/ptolemy/actor/lib/test/auto/Dictionary3.xml
----------------- Instantiating /home/travis/build/icyphy/ptII/ptolemy/actor/lib/test/auto/Dictionary3.xml
1 ms. Memory: 879616K Free: 578293K (66%)
----------------- Invoking toplevel() on ptolemy.moml.MoMLSimpleApplication@46e7d405
----------------- Done invoking toplevel() on ptolemy.moml.MoMLSimpleApplication@46e7d405
reloadAllAccessors: .Dictionary3

===========================================================================================
----------------- testing Tue Apr 30 23:53:13 UTC 2019 /home/travis/build/icyphy/ptII/ptolemy/actor/lib/test/auto/Dictionary4.xml
----------------- Instantiating /home/travis/build/icyphy/ptII/ptolemy/actor/lib/test/auto/Dictionary4.xml
3 ms. Memory: 879616K Free: 566611K (64%)
----------------- Invoking toplevel() on ptolemy.moml.MoMLSimpleApplication@5d368fc
----------------- Done invoking toplevel() on ptolemy.moml.MoMLSimpleApplication@5d368fc
reloadAllAccessors: .Dictionary4

===========================================================================================
----------------- testing Tue Apr 30 23:53:13 UTC 2019 /home/travis/build/icyphy/ptII/ptolemy/actor/lib/test/auto/Differential.xml
----------------- Instantiating /home/travis/build/icyphy/ptII/ptolemy/actor/lib/test/auto/Differential.xml
3 ms. Memory: 879616K Free: 558833K (64%)
----------------- Invoking toplevel() on ptolemy.moml.MoMLSimpleApplication@429d27dc
----------------- Done invoking toplevel() on ptolemy.moml.MoMLSimpleApplication@429d27dc
reloadAllAccessors: .Differential

===========================================================================================
----------------- testing Tue Apr 30 23:53:13 UTC 2019 /home/travis/build/icyphy/ptII/ptolemy/actor/lib/test/auto/Director.xml
----------------- Instantiating /home/travis/build/icyphy/ptII/ptolemy/actor/lib/test/auto/Director.xml
1 ms. Memory: 879616K Free: 544101K (62%)
----------------- Invoking toplevel() on ptolemy.moml.MoMLSimpleApplication@6d66c31f
----------------- Done invoking toplevel() on ptolemy.moml.MoMLSimpleApplication@6d66c31f
reloadAllAccessors: .Director

===========================================================================================
----------------- testing Tue Apr 30 23:53:13 UTC 2019 /home/travis/build/icyphy/ptII/ptolemy/actor/lib/test/auto/DiscreteClock.xml
----------------- Instantiating /home/travis/build/icyphy/ptII/ptolemy/actor/lib/test/auto/DiscreteClock.xml
2 ms. Memory: 879616K Free: 536324K (61%)
----------------- Invoking toplevel() on ptolemy.moml.MoMLSimpleApplication@ed28271
----------------- Done invoking toplevel() on ptolemy.moml.MoMLSimpleApplication@ed28271
reloadAllAccessors: .DiscreteClock

===========================================================================================
----------------- testing Tue Apr 30 23:53:13 UTC 2019 /home/travis/build/icyphy/ptII/ptolemy/actor/lib/test/auto/DiscreteClock10.xml
----------------- Instantiating /home/travis/build/icyphy/ptII/ptolemy/actor/lib/test/auto/DiscreteClock10.xml
4 ms. Memory: 879616K Free: 528547K (60%)
----------------- Invoking toplevel() on ptolemy.moml.MoMLSimpleApplication@6c76aa8b
----------------- Done invoking toplevel() on ptolemy.moml.MoMLSimpleApplication@6c76aa8b
reloadAllAccessors: .DiscreteClock10

===========================================================================================
----------------- testing Tue Apr 30 23:53:13 UTC 2019 /home/travis/build/icyphy/ptII/ptolemy/actor/lib/test/auto/DiscreteClock11.xml
----------------- Instantiating /home/travis/build/icyphy/ptII/ptolemy/actor/lib/test/auto/DiscreteClock11.xml
2 ms. Memory: 879616K Free: 513815K (58%)
----------------- Invoking toplevel() on ptolemy.moml.MoMLSimpleApplication@3a7b4a4d
----------------- Done invoking toplevel() on ptolemy.moml.MoMLSimpleApplication@3a7b4a4d
reloadAllAccessors: .DiscreteClock11

===========================================================================================
----------------- testing Tue Apr 30 23:53:13 UTC 2019 /home/travis/build/icyphy/ptII/ptolemy/actor/lib/test/auto/DiscreteClock12.xml
----------------- Instantiating /home/travis/build/icyphy/ptII/ptolemy/actor/lib/test/auto/DiscreteClock12.xml
3 ms. Memory: 879616K Free: 506037K (58%)
----------------- Invoking toplevel() on ptolemy.moml.MoMLSimpleApplication@139e12a3
----------------- Done invoking toplevel() on ptolemy.moml.MoMLSimpleApplication@139e12a3
reloadAllAccessors: .DiscreteClock12

===========================================================================================
----------------- testing Tue Apr 30 23:53:13 UTC 2019 /home/travis/build/icyphy/ptII/ptolemy/actor/lib/test/auto/DiscreteClock13.xml
----------------- Instantiating /home/travis/build/icyphy/ptII/ptolemy/actor/lib/test/auto/DiscreteClock13.xml
2 ms. Memory: 879616K Free: 498260K (57%)
----------------- Invoking toplevel() on ptolemy.moml.MoMLSimpleApplication@47937642
----------------- Done invoking toplevel() on ptolemy.moml.MoMLSimpleApplication@47937642
reloadAllAccessors: .DiscreteClock13

===========================================================================================
----------------- testing Tue Apr 30 23:53:13 UTC 2019 /home/travis/build/icyphy/ptII/ptolemy/actor/lib/test/auto/DiscreteClock14.xml
----------------- Instantiating /home/travis/build/icyphy/ptII/ptolemy/actor/lib/test/auto/DiscreteClock14.xml
2 ms. Memory: 879616K Free: 483528K (55%)
----------------- Invoking toplevel() on ptolemy.moml.MoMLSimpleApplication@10fd08d6
----------------- Done invoking toplevel() on ptolemy.moml.MoMLSimpleApplication@10fd08d6
reloadAllAccessors: .DiscreteClock14

===========================================================================================
----------------- testing Tue Apr 30 23:53:13 UTC 2019 /home/travis/build/icyphy/ptII/ptolemy/actor/lib/test/auto/DiscreteClock15.xml
----------------- Instantiating /home/travis/build/icyphy/ptII/ptolemy/actor/lib/test/auto/DiscreteClock15.xml
1 ms. Memory: 879616K Free: 475751K (54%)
----------------- Invoking toplevel() on ptolemy.moml.MoMLSimpleApplication@7df1849a
----------------- Done invoking toplevel() on ptolemy.moml.MoMLSimpleApplication@7df1849a
reloadAllAccessors: .DiscreteClock15

===========================================================================================
----------------- testing Tue Apr 30 23:53:13 UTC 2019 /home/travis/build/icyphy/ptII/ptolemy/actor/lib/test/auto/DiscreteClock16.xml
----------------- Instantiating /home/travis/build/icyphy/ptII/ptolemy/actor/lib/test/auto/DiscreteClock16.xml
10 ms. Memory: 879616K Free: 460172K (52%)
----------------- Invoking toplevel() on ptolemy.moml.MoMLSimpleApplication@2186ec9c
----------------- Done invoking toplevel() on ptolemy.moml.MoMLSimpleApplication@2186ec9c
reloadAllAccessors: .DiscreteClock16

===========================================================================================
----------------- testing Tue Apr 30 23:53:13 UTC 2019 /home/travis/build/icyphy/ptII/ptolemy/actor/lib/test/auto/DiscreteClock17.xml
----------------- Instantiating /home/travis/build/icyphy/ptII/ptolemy/actor/lib/test/auto/DiscreteClock17.xml
20 ms. Memory: 879616K Free: 437631K (50%)
----------------- Invoking toplevel() on ptolemy.moml.MoMLSimpleApplication@63d7081
----------------- Done invoking toplevel() on ptolemy.moml.MoMLSimpleApplication@63d7081
reloadAllAccessors: .DiscreteClock17

===========================================================================================
----------------- testing Tue Apr 30 23:53:13 UTC 2019 /home/travis/build/icyphy/ptII/ptolemy/actor/lib/test/auto/DiscreteClock18.xml
----------------- Instantiating /home/travis/build/icyphy/ptII/ptolemy/actor/lib/test/auto/DiscreteClock18.xml
453 ms. Memory: 1364480K Free: 1310011K (96%)
----------------- Invoking toplevel() on ptolemy.moml.MoMLSimpleApplication@5b9ddd93
----------------- Done invoking toplevel() on ptolemy.moml.MoMLSimpleApplication@5b9ddd93
reloadAllAccessors: .DiscreteClock18

===========================================================================================
----------------- testing Tue Apr 30 23:53:14 UTC 2019 /home/travis/build/icyphy/ptII/ptolemy/actor/lib/test/auto/DiscreteClock19.xml
----------------- Instantiating /home/travis/build/icyphy/ptII/ptolemy/actor/lib/test/auto/DiscreteClock19.xml
21 ms. Memory: 1364480K Free: 1279186K (94%)
----------------- Invoking toplevel() on ptolemy.moml.MoMLSimpleApplication@59c66b86
----------------- Done invoking toplevel() on ptolemy.moml.MoMLSimpleApplication@59c66b86
reloadAllAccessors: .DiscreteClock19

===========================================================================================
----------------- testing Tue Apr 30 23:53:14 UTC 2019 /home/travis/build/icyphy/ptII/ptolemy/actor/lib/test/auto/DiscreteClock2.xml
----------------- Instantiating /home/travis/build/icyphy/ptII/ptolemy/actor/lib/test/auto/DiscreteClock2.xml
1 ms. Memory: 1364480K Free: 1266740K (93%)
----------------- Invoking toplevel() on ptolemy.moml.MoMLSimpleApplication@633b6757
----------------- Done invoking toplevel() on ptolemy.moml.MoMLSimpleApplication@633b6757
reloadAllAccessors: .DiscreteClock2

===========================================================================================
----------------- testing Tue Apr 30 23:53:14 UTC 2019 /home/travis/build/icyphy/ptII/ptolemy/actor/lib/test/auto/DiscreteClock20.xml
----------------- Instantiating /home/travis/build/icyphy/ptII/ptolemy/actor/lib/test/auto/DiscreteClock20.xml
2 ms. Memory: 1364480K Free: 1254293K (92%)
----------------- Invoking toplevel() on ptolemy.moml.MoMLSimpleApplication@cbec1f1
----------------- Done invoking toplevel() on ptolemy.moml.MoMLSimpleApplication@cbec1f1
reloadAllAccessors: .DiscreteClock20

===========================================================================================
----------------- testing Tue Apr 30 23:53:14 UTC 2019 /home/travis/build/icyphy/ptII/ptolemy/actor/lib/test/auto/DiscreteClock21.xml
----------------- Instantiating /home/travis/build/icyphy/ptII/ptolemy/actor/lib/test/auto/DiscreteClock21.xml
2 ms. Memory: 1364480K Free: 1233052K (90%)
----------------- Invoking toplevel() on ptolemy.moml.MoMLSimpleApplication@3600710
----------------- Done invoking toplevel() on ptolemy.moml.MoMLSimpleApplication@3600710
reloadAllAccessors: .DiscreteClock21

===========================================================================================
----------------- testing Tue Apr 30 23:53:14 UTC 2019 /home/travis/build/icyphy/ptII/ptolemy/actor/lib/test/auto/DiscreteClock22.xml
----------------- Instantiating /home/travis/build/icyphy/ptII/ptolemy/actor/lib/test/auto/DiscreteClock22.xml
2 ms. Memory: 1364480K Free: 1220605K (89%)
----------------- Invoking toplevel() on ptolemy.moml.MoMLSimpleApplication@fa623d
----------------- Done invoking toplevel() on ptolemy.moml.MoMLSimpleApplication@fa623d
reloadAllAccessors: .DiscreteClock22

===========================================================================================
----------------- testing Tue Apr 30 23:53:14 UTC 2019 /home/travis/build/icyphy/ptII/ptolemy/actor/lib/test/auto/DiscreteClock23.xml
----------------- Instantiating /home/travis/build/icyphy/ptII/ptolemy/actor/lib/test/auto/DiscreteClock23.xml
6 ms. Memory: 1364480K Free: 1208158K (89%)
----------------- Invoking toplevel() on ptolemy.moml.MoMLSimpleApplication@ad7034f
----------------- Done invoking toplevel() on ptolemy.moml.MoMLSimpleApplication@ad7034f
reloadAllAccessors: .DiscreteClock23

===========================================================================================
----------------- testing Tue Apr 30 23:53:14 UTC 2019 /home/travis/build/icyphy/ptII/ptolemy/actor/lib/test/auto/DiscreteClock24.xml
----------------- Instantiating /home/travis/build/icyphy/ptII/ptolemy/actor/lib/test/auto/DiscreteClock24.xml
6 ms. Memory: 1364480K Free: 1195711K (88%)
----------------- Invoking toplevel() on ptolemy.moml.MoMLSimpleApplication@71603db3
----------------- Done invoking toplevel() on ptolemy.moml.MoMLSimpleApplication@71603db3
reloadAllAccessors: .DiscreteClock24

===========================================================================================
----------------- testing Tue Apr 30 23:53:14 UTC 2019 /home/travis/build/icyphy/ptII/ptolemy/actor/lib/test/auto/DiscreteClock4.xml
----------------- Instantiating /home/travis/build/icyphy/ptII/ptolemy/actor/lib/test/auto/DiscreteClock4.xml
2 ms. Memory: 1364480K Free: 1174470K (86%)
----------------- Invoking toplevel() on ptolemy.moml.MoMLSimpleApplication@4a0ea1ac
----------------- Done invoking toplevel() on ptolemy.moml.MoMLSimpleApplication@4a0ea1ac
reloadAllAccessors: .DiscreteClock4

===========================================================================================
----------------- testing Tue Apr 30 23:53:14 UTC 2019 /home/travis/build/icyphy/ptII/ptolemy/actor/lib/test/auto/DiscreteClock5.xml
----------------- Instantiating /home/travis/build/icyphy/ptII/ptolemy/actor/lib/test/auto/DiscreteClock5.xml
1 ms. Memory: 1364480K Free: 1162023K (85%)
----------------- Invoking toplevel() on ptolemy.moml.MoMLSimpleApplication@787b621
----------------- Done invoking toplevel() on ptolemy.moml.MoMLSimpleApplication@787b621
reloadAllAccessors: .DiscreteClock5

===========================================================================================
----------------- testing Tue Apr 30 23:53:14 UTC 2019 /home/travis/build/icyphy/ptII/ptolemy/actor/lib/test/auto/DiscreteClock6.xml
----------------- Instantiating /home/travis/build/icyphy/ptII/ptolemy/actor/lib/test/auto/DiscreteClock6.xml
1 ms. Memory: 1364480K Free: 1149577K (84%)
----------------- Invoking toplevel() on ptolemy.moml.MoMLSimpleApplication@516e3197
----------------- Done invoking toplevel() on ptolemy.moml.MoMLSimpleApplication@516e3197
reloadAllAccessors: .DiscreteClock6

===========================================================================================
----------------- testing Tue Apr 30 23:53:14 UTC 2019 /home/travis/build/icyphy/ptII/ptolemy/actor/lib/test/auto/DiscreteClock7.xml
----------------- Instantiating /home/travis/build/icyphy/ptII/ptolemy/actor/lib/test/auto/DiscreteClock7.xml
2 ms. Memory: 1364480K Free: 1137130K (83%)
----------------- Invoking toplevel() on ptolemy.moml.MoMLSimpleApplication@35befe1a
----------------- Done invoking toplevel() on ptolemy.moml.MoMLSimpleApplication@35befe1a
reloadAllAccessors: .DiscreteClock7

===========================================================================================
----------------- testing Tue Apr 30 23:53:14 UTC 2019 /home/travis/build/icyphy/ptII/ptolemy/actor/lib/test/auto/DiscreteClock8.xml
----------------- Instantiating /home/travis/build/icyphy/ptII/ptolemy/actor/lib/test/auto/DiscreteClock8.xml
7 ms. Memory: 1364480K Free: 1115888K (82%)
----------------- Invoking toplevel() on ptolemy.moml.MoMLSimpleApplication@7549ede5
----------------- Done invoking toplevel() on ptolemy.moml.MoMLSimpleApplication@7549ede5
reloadAllAccessors: .DiscreteClock8

===========================================================================================
----------------- testing Tue Apr 30 23:53:14 UTC 2019 /home/travis/build/icyphy/ptII/ptolemy/actor/lib/test/auto/DiscreteClock9.xml
----------------- Instantiating /home/travis/build/icyphy/ptII/ptolemy/actor/lib/test/auto/DiscreteClock9.xml
3 ms. Memory: 1364480K Free: 1103442K (81%)
----------------- Invoking toplevel() on ptolemy.moml.MoMLSimpleApplication@58292725
----------------- Done invoking toplevel() on ptolemy.moml.MoMLSimpleApplication@58292725
reloadAllAccessors: .DiscreteClock9

===========================================================================================
----------------- testing Tue Apr 30 23:53:14 UTC 2019 /home/travis/build/icyphy/ptII/ptolemy/actor/lib/test/auto/DisplayArray.xml
----------------- Instantiating /home/travis/build/icyphy/ptII/ptolemy/actor/lib/test/auto/DisplayArray.xml
1 ms. Memory: 1364480K Free: 1090995K (80%)
----------------- Invoking toplevel() on ptolemy.moml.MoMLSimpleApplication@4e072d34
----------------- Done invoking toplevel() on ptolemy.moml.MoMLSimpleApplication@4e072d34
reloadAllAccessors: .DisplayArray

===========================================================================================
----------------- testing Tue Apr 30 23:53:14 UTC 2019 /home/travis/build/icyphy/ptII/ptolemy/actor/lib/test/auto/Distributor.xml
----------------- Instantiating /home/travis/build/icyphy/ptII/ptolemy/actor/lib/test/auto/Distributor.xml
1 ms. Memory: 1364480K Free: 1069754K (78%)
----------------- Invoking toplevel() on ptolemy.moml.MoMLSimpleApplication@40910fa
----------------- Done invoking toplevel() on ptolemy.moml.MoMLSimpleApplication@40910fa
reloadAllAccessors: .Distributor

===========================================================================================
----------------- testing Tue Apr 30 23:53:14 UTC 2019 /home/travis/build/icyphy/ptII/ptolemy/actor/lib/test/auto/Distributor2.xml
----------------- Instantiating /home/travis/build/icyphy/ptII/ptolemy/actor/lib/test/auto/Distributor2.xml
1 ms. Memory: 1364480K Free: 1057307K (77%)
----------------- Invoking toplevel() on ptolemy.moml.MoMLSimpleApplication@6450abc2
----------------- Done invoking toplevel() on ptolemy.moml.MoMLSimpleApplication@6450abc2
reloadAllAccessors: .Distributor2

===========================================================================================
----------------- testing Tue Apr 30 23:53:14 UTC 2019 /home/travis/build/icyphy/ptII/ptolemy/actor/lib/test/auto/DownSample.xml
----------------- Instantiating /home/travis/build/icyphy/ptII/ptolemy/actor/lib/test/auto/DownSample.xml
1 ms. Memory: 1364480K Free: 1044860K (77%)
----------------- Invoking toplevel() on ptolemy.moml.MoMLSimpleApplication@15a369cf
----------------- Done invoking toplevel() on ptolemy.moml.MoMLSimpleApplication@15a369cf
reloadAllAccessors: .DownSample

===========================================================================================
----------------- testing Tue Apr 30 23:53:14 UTC 2019 /home/travis/build/icyphy/ptII/ptolemy/actor/lib/test/auto/ElectronicUnitBase1.xml
----------------- Instantiating /home/travis/build/icyphy/ptII/ptolemy/actor/lib/test/auto/ElectronicUnitBase1.xml
20 ms. Memory: 1364480K Free: 1019959K (75%)
----------------- Invoking toplevel() on ptolemy.moml.MoMLSimpleApplication@7953235a
----------------- Done invoking toplevel() on ptolemy.moml.MoMLSimpleApplication@7953235a
reloadAllAccessors: .ElectronicUnitBase1

===========================================================================================
----------------- testing Tue Apr 30 23:53:14 UTC 2019 /home/travis/build/icyphy/ptII/ptolemy/actor/lib/test/auto/ElementsToArray.xml
----------------- Instantiating /home/travis/build/icyphy/ptII/ptolemy/actor/lib/test/auto/ElementsToArray.xml
2 ms. Memory: 1364480K Free: 998718K (73%)
----------------- Invoking toplevel() on ptolemy.moml.MoMLSimpleApplication@4c76b412
----------------- Done invoking toplevel() on ptolemy.moml.MoMLSimpleApplication@4c76b412
reloadAllAccessors: .ElementsToArray

===========================================================================================
----------------- testing Tue Apr 30 23:53:14 UTC 2019 /home/travis/build/icyphy/ptII/ptolemy/actor/lib/test/auto/Equals.xml
----------------- Instantiating /home/travis/build/icyphy/ptII/ptolemy/actor/lib/test/auto/Equals.xml
3 ms. Memory: 1364480K Free: 986271K (72%)
----------------- Invoking toplevel() on ptolemy.moml.MoMLSimpleApplication@37040467
----------------- Done invoking toplevel() on ptolemy.moml.MoMLSimpleApplication@37040467
reloadAllAccessors: .Equals

===========================================================================================
----------------- testing Tue Apr 30 23:53:14 UTC 2019 /home/travis/build/icyphy/ptII/ptolemy/actor/lib/test/auto/Exec.xml
----------------- Instantiating /home/travis/build/icyphy/ptII/ptolemy/actor/lib/test/auto/Exec.xml
12 ms. Memory: 1364480K Free: 955154K (70%)
----------------- Invoking toplevel() on ptolemy.moml.MoMLSimpleApplication@74da54f
----------------- Done invoking toplevel() on ptolemy.moml.MoMLSimpleApplication@74da54f
reloadAllAccessors: .Exec

===========================================================================================
----------------- testing Tue Apr 30 23:53:14 UTC 2019 /home/travis/build/icyphy/ptII/ptolemy/actor/lib/test/auto/ExecEnvironment.xml
----------------- Instantiating /home/travis/build/icyphy/ptII/ptolemy/actor/lib/test/auto/ExecEnvironment.xml
22 ms. Memory: 1364480K Free: 942707K (69%)
----------------- Invoking toplevel() on ptolemy.moml.MoMLSimpleApplication@13c732a
----------------- Done invoking toplevel() on ptolemy.moml.MoMLSimpleApplication@13c732a
reloadAllAccessors: .ExecEnvironment

===========================================================================================
----------------- testing Tue Apr 30 23:53:14 UTC 2019 /home/travis/build/icyphy/ptII/ptolemy/actor/lib/test/auto/ExecNonZeroReturnOutput.xml
----------------- Instantiating /home/travis/build/icyphy/ptII/ptolemy/actor/lib/test/auto/ExecNonZeroReturnOutput.xml
118 ms. Memory: 1364480K Free: 840561K (62%)
----------------- Invoking toplevel() on ptolemy.moml.MoMLSimpleApplication@11a0e2c5
----------------- Done invoking toplevel() on ptolemy.moml.MoMLSimpleApplication@11a0e2c5
reloadAllAccessors: .ExecNonZeroReturnOutput

===========================================================================================
----------------- testing Tue Apr 30 23:53:14 UTC 2019 /home/travis/build/icyphy/ptII/ptolemy/actor/lib/test/auto/ExecRunDemos.xml
----------------- Instantiating /home/travis/build/icyphy/ptII/ptolemy/actor/lib/test/auto/ExecRunDemos.xml
Finished: 81 ms. Memory: 116224K Free: 100559K (87%)

Finished: 32 ms. Memory: 116224K Free: 97676K (84%)

Finished: 57 ms. Memory: 116224K Free: 98219K (85%)

Finished: 38 ms. Memory: 116224K Free: 99544K (86%)

Finished: 37 ms. Memory: 116224K Free: 100658K (87%)

9217 ms. Memory: 1364480K Free: 753398K (55%)
----------------- Invoking toplevel() on ptolemy.moml.MoMLSimpleApplication@23dba940
----------------- Done invoking toplevel() on ptolemy.moml.MoMLSimpleApplication@23dba940
reloadAllAccessors: .ExecRunDemos

===========================================================================================
----------------- testing Tue Apr 30 23:53:23 UTC 2019 /home/travis/build/icyphy/ptII/ptolemy/actor/lib/test/auto/ExecStop.xml
----------------- Instantiating /home/travis/build/icyphy/ptII/ptolemy/actor/lib/test/auto/ExecStop.xml
5016 ms. Memory: 1364480K Free: 554249K (41%)
----------------- Invoking toplevel() on ptolemy.moml.MoMLSimpleApplication@d7bc97a
----------------- Done invoking toplevel() on ptolemy.moml.MoMLSimpleApplication@d7bc97a
reloadAllAccessors: .ExecStop

===========================================================================================
----------------- testing Tue Apr 30 23:53:28 UTC 2019 /home/travis/build/icyphy/ptII/ptolemy/actor/lib/test/auto/ExecutionTimeSDF.xml
----------------- Instantiating /home/travis/build/icyphy/ptII/ptolemy/actor/lib/test/auto/ExecutionTimeSDF.xml
Fired ExecutionTime: -1877767296
Fired ExecutionTime: 995200000
Fired ExecutionTime: -1676567296
6011 ms. Memory: 1364480K Free: 535563K (39%)
----------------- Invoking toplevel() on ptolemy.moml.MoMLSimpleApplication@2794a22a
----------------- Done invoking toplevel() on ptolemy.moml.MoMLSimpleApplication@2794a22a
reloadAllAccessors: .ExecutionTimeSDF

===========================================================================================
----------------- testing Tue Apr 30 23:53:35 UTC 2019 /home/travis/build/icyphy/ptII/ptolemy/actor/lib/test/auto/Expression1.xml
----------------- Instantiating /home/travis/build/icyphy/ptII/ptolemy/actor/lib/test/auto/Expression1.xml
1 ms. Memory: 1364480K Free: 514322K (38%)
----------------- Invoking toplevel() on ptolemy.moml.MoMLSimpleApplication@504d8de7
----------------- Done invoking toplevel() on ptolemy.moml.MoMLSimpleApplication@504d8de7
reloadAllAccessors: .Expression1

===========================================================================================
----------------- testing Tue Apr 30 23:53:35 UTC 2019 /home/travis/build/icyphy/ptII/ptolemy/actor/lib/test/auto/Expression10.xml
----------------- Instantiating /home/travis/build/icyphy/ptII/ptolemy/actor/lib/test/auto/Expression10.xml
6 ms. Memory: 1364480K Free: 501875K (37%)
----------------- Invoking toplevel() on ptolemy.moml.MoMLSimpleApplication@613ad5c9
----------------- Done invoking toplevel() on ptolemy.moml.MoMLSimpleApplication@613ad5c9
reloadAllAccessors: .Expression10

===========================================================================================
----------------- testing Tue Apr 30 23:53:35 UTC 2019 /home/travis/build/icyphy/ptII/ptolemy/actor/lib/test/auto/Expression11.xml
----------------- Instantiating /home/travis/build/icyphy/ptII/ptolemy/actor/lib/test/auto/Expression11.xml
3 ms. Memory: 1364480K Free: 489428K (36%)
----------------- Invoking toplevel() on ptolemy.moml.MoMLSimpleApplication@6a258b16
----------------- Done invoking toplevel() on ptolemy.moml.MoMLSimpleApplication@6a258b16
reloadAllAccessors: .Expression11

===========================================================================================
----------------- testing Tue Apr 30 23:53:35 UTC 2019 /home/travis/build/icyphy/ptII/ptolemy/actor/lib/test/auto/Expression12.xml
----------------- Instantiating /home/travis/build/icyphy/ptII/ptolemy/actor/lib/test/auto/Expression12.xml
2 ms. Memory: 1364480K Free: 476982K (35%)
----------------- Invoking toplevel() on ptolemy.moml.MoMLSimpleApplication@1bf7b013
----------------- Done invoking toplevel() on ptolemy.moml.MoMLSimpleApplication@1bf7b013
reloadAllAccessors: .Expression12

===========================================================================================
----------------- testing Tue Apr 30 23:53:35 UTC 2019 /home/travis/build/icyphy/ptII/ptolemy/actor/lib/test/auto/Expression13.xml
----------------- Instantiating /home/travis/build/icyphy/ptII/ptolemy/actor/lib/test/auto/Expression13.xml
4 ms. Memory: 1364480K Free: 455740K (33%)
----------------- Invoking toplevel() on ptolemy.moml.MoMLSimpleApplication@11d4530e
----------------- Done invoking toplevel() on ptolemy.moml.MoMLSimpleApplication@11d4530e
reloadAllAccessors: .Expression13

===========================================================================================
----------------- testing Tue Apr 30 23:53:35 UTC 2019 /home/travis/build/icyphy/ptII/ptolemy/actor/lib/test/auto/Expression14.xml
----------------- Instantiating /home/travis/build/icyphy/ptII/ptolemy/actor/lib/test/auto/Expression14.xml
5 ms. Memory: 1364480K Free: 443294K (32%)
----------------- Invoking toplevel() on ptolemy.moml.MoMLSimpleApplication@46750acc
----------------- Done invoking toplevel() on ptolemy.moml.MoMLSimpleApplication@46750acc
reloadAllAccessors: .Expression14

===========================================================================================
----------------- testing Tue Apr 30 23:53:35 UTC 2019 /home/travis/build/icyphy/ptII/ptolemy/actor/lib/test/auto/Expression15.xml
----------------- Instantiating /home/travis/build/icyphy/ptII/ptolemy/actor/lib/test/auto/Expression15.xml
2 ms. Memory: 1364480K Free: 430847K (32%)
----------------- Invoking toplevel() on ptolemy.moml.MoMLSimpleApplication@2c426b23
----------------- Done invoking toplevel() on ptolemy.moml.MoMLSimpleApplication@2c426b23
reloadAllAccessors: .Expression15

===========================================================================================
----------------- testing Tue Apr 30 23:53:35 UTC 2019 /home/travis/build/icyphy/ptII/ptolemy/actor/lib/test/auto/Expression16.xml
----------------- Instantiating /home/travis/build/icyphy/ptII/ptolemy/actor/lib/test/auto/Expression16.xml
3 ms. Memory: 1364480K Free: 409606K (30%)
----------------- Invoking toplevel() on ptolemy.moml.MoMLSimpleApplication@9f04f7a
----------------- Done invoking toplevel() on ptolemy.moml.MoMLSimpleApplication@9f04f7a
reloadAllAccessors: .Expression16

===========================================================================================
----------------- testing Tue Apr 30 23:53:35 UTC 2019 /home/travis/build/icyphy/ptII/ptolemy/actor/lib/test/auto/Expression17.xml
----------------- Instantiating /home/travis/build/icyphy/ptII/ptolemy/actor/lib/test/auto/Expression17.xml
2 ms. Memory: 1364480K Free: 397159K (29%)
----------------- Invoking toplevel() on ptolemy.moml.MoMLSimpleApplication@61a933e0
----------------- Done invoking toplevel() on ptolemy.moml.MoMLSimpleApplication@61a933e0
reloadAllAccessors: .Expression17

===========================================================================================
----------------- testing Tue Apr 30 23:53:35 UTC 2019 /home/travis/build/icyphy/ptII/ptolemy/actor/lib/test/auto/Expression18.xml
----------------- Instantiating /home/travis/build/icyphy/ptII/ptolemy/actor/lib/test/auto/Expression18.xml
2 ms. Memory: 1364480K Free: 384712K (28%)
----------------- Invoking toplevel() on ptolemy.moml.MoMLSimpleApplication@160ab9a2
----------------- Done invoking toplevel() on ptolemy.moml.MoMLSimpleApplication@160ab9a2
reloadAllAccessors: .Expression18

===========================================================================================
----------------- testing Tue Apr 30 23:53:35 UTC 2019 /home/travis/build/icyphy/ptII/ptolemy/actor/lib/test/auto/Expression2.xml
----------------- Instantiating /home/travis/build/icyphy/ptII/ptolemy/actor/lib/test/auto/Expression2.xml
3 ms. Memory: 1364480K Free: 372265K (27%)
----------------- Invoking toplevel() on ptolemy.moml.MoMLSimpleApplication@1a46033d
----------------- Done invoking toplevel() on ptolemy.moml.MoMLSimpleApplication@1a46033d
reloadAllAccessors: .Expression2

===========================================================================================
----------------- testing Tue Apr 30 23:53:35 UTC 2019 /home/travis/build/icyphy/ptII/ptolemy/actor/lib/test/auto/Expression3.xml
----------------- Instantiating /home/travis/build/icyphy/ptII/ptolemy/actor/lib/test/auto/Expression3.xml
4 ms. Memory: 1364480K Free: 351024K (26%)
----------------- Invoking toplevel() on ptolemy.moml.MoMLSimpleApplication@7865d5eb
----------------- Done invoking toplevel() on ptolemy.moml.MoMLSimpleApplication@7865d5eb
reloadAllAccessors: .Expression3

===========================================================================================
----------------- testing Tue Apr 30 23:53:35 UTC 2019 /home/travis/build/icyphy/ptII/ptolemy/actor/lib/test/auto/Expression4.xml
----------------- Instantiating /home/travis/build/icyphy/ptII/ptolemy/actor/lib/test/auto/Expression4.xml
4 ms. Memory: 1364480K Free: 338578K (25%)
----------------- Invoking toplevel() on ptolemy.moml.MoMLSimpleApplication@4d5b7ac3
----------------- Done invoking toplevel() on ptolemy.moml.MoMLSimpleApplication@4d5b7ac3
reloadAllAccessors: .Expression4

===========================================================================================
----------------- testing Tue Apr 30 23:53:35 UTC 2019 /home/travis/build/icyphy/ptII/ptolemy/actor/lib/test/auto/Expression5.xml
----------------- Instantiating /home/travis/build/icyphy/ptII/ptolemy/actor/lib/test/auto/Expression5.xml
3 ms. Memory: 1364480K Free: 326131K (24%)
----------------- Invoking toplevel() on ptolemy.moml.MoMLSimpleApplication@627086ab
----------------- Done invoking toplevel() on ptolemy.moml.MoMLSimpleApplication@627086ab
reloadAllAccessors: .Expression5

===========================================================================================
----------------- testing Tue Apr 30 23:53:35 UTC 2019 /home/travis/build/icyphy/ptII/ptolemy/actor/lib/test/auto/Expression6.xml
----------------- Instantiating /home/travis/build/icyphy/ptII/ptolemy/actor/lib/test/auto/Expression6.xml
3 ms. Memory: 1364480K Free: 313684K (23%)
----------------- Invoking toplevel() on ptolemy.moml.MoMLSimpleApplication@3407cd61
----------------- Done invoking toplevel() on ptolemy.moml.MoMLSimpleApplication@3407cd61
reloadAllAccessors: .Expression6

===========================================================================================
----------------- testing Tue Apr 30 23:53:35 UTC 2019 /home/travis/build/icyphy/ptII/ptolemy/actor/lib/test/auto/Expression7.xml
----------------- Instantiating /home/travis/build/icyphy/ptII/ptolemy/actor/lib/test/auto/Expression7.xml
3 ms. Memory: 1364480K Free: 292443K (21%)
----------------- Invoking toplevel() on ptolemy.moml.MoMLSimpleApplication@4a424e90
----------------- Done invoking toplevel() on ptolemy.moml.MoMLSimpleApplication@4a424e90
reloadAllAccessors: .Expression7

===========================================================================================
----------------- testing Tue Apr 30 23:53:35 UTC 2019 /home/travis/build/icyphy/ptII/ptolemy/actor/lib/test/auto/Expression8.xml
----------------- Instantiating /home/travis/build/icyphy/ptII/ptolemy/actor/lib/test/auto/Expression8.xml
4 ms. Memory: 1364480K Free: 279996K (21%)
----------------- Invoking toplevel() on ptolemy.moml.MoMLSimpleApplication@365cc153
----------------- Done invoking toplevel() on ptolemy.moml.MoMLSimpleApplication@365cc153
reloadAllAccessors: .Expression8

===========================================================================================
----------------- testing Tue Apr 30 23:53:35 UTC 2019 /home/travis/build/icyphy/ptII/ptolemy/actor/lib/test/auto/Expression9.xml
----------------- Instantiating /home/travis/build/icyphy/ptII/ptolemy/actor/lib/test/auto/Expression9.xml
1 ms. Memory: 1364480K Free: 267549K (20%)
----------------- Invoking toplevel() on ptolemy.moml.MoMLSimpleApplication@a2d28c9
----------------- Done invoking toplevel() on ptolemy.moml.MoMLSimpleApplication@a2d28c9
reloadAllAccessors: .Expression9

===========================================================================================
----------------- testing Tue Apr 30 23:53:35 UTC 2019 /home/travis/build/icyphy/ptII/ptolemy/actor/lib/test/auto/ExpressionConcatenateArrayType.xml
----------------- Instantiating /home/travis/build/icyphy/ptII/ptolemy/actor/lib/test/auto/ExpressionConcatenateArrayType.xml
2 ms. Memory: 1364480K Free: 255103K (19%)
----------------- Invoking toplevel() on ptolemy.moml.MoMLSimpleApplication@22d6aefd
----------------- Done invoking toplevel() on ptolemy.moml.MoMLSimpleApplication@22d6aefd
reloadAllAccessors: .ExpressionConcatenateArrayType

===========================================================================================
----------------- testing Tue Apr 30 23:53:35 UTC 2019 /home/travis/build/icyphy/ptII/ptolemy/actor/lib/test/auto/ExpressionConcatenateArrayType2.xml
----------------- Instantiating /home/travis/build/icyphy/ptII/ptolemy/actor/lib/test/auto/ExpressionConcatenateArrayType2.xml
3 ms. Memory: 1364480K Free: 233861K (17%)
----------------- Invoking toplevel() on ptolemy.moml.MoMLSimpleApplication@19b9fd91
----------------- Done invoking toplevel() on ptolemy.moml.MoMLSimpleApplication@19b9fd91
reloadAllAccessors: .ExpressionConcatenateArrayType2

===========================================================================================
----------------- testing Tue Apr 30 23:53:35 UTC 2019 /home/travis/build/icyphy/ptII/ptolemy/actor/lib/test/auto/ExpressionFix.xml
----------------- Instantiating /home/travis/build/icyphy/ptII/ptolemy/actor/lib/test/auto/ExpressionFix.xml
14 ms. Memory: 1364480K Free: 221415K (16%)
----------------- Invoking toplevel() on ptolemy.moml.MoMLSimpleApplication@69ebe94e
----------------- Done invoking toplevel() on ptolemy.moml.MoMLSimpleApplication@69ebe94e
reloadAllAccessors: .ExpressionFix

===========================================================================================
----------------- testing Tue Apr 30 23:53:35 UTC 2019 /home/travis/build/icyphy/ptII/ptolemy/actor/lib/test/auto/ExpressionFix2.xml
----------------- Instantiating /home/travis/build/icyphy/ptII/ptolemy/actor/lib/test/auto/ExpressionFix2.xml
5 ms. Memory: 1364480K Free: 208968K (15%)
----------------- Invoking toplevel() on ptolemy.moml.MoMLSimpleApplication@20541c55
----------------- Done invoking toplevel() on ptolemy.moml.MoMLSimpleApplication@20541c55
reloadAllAccessors: .ExpressionFix2

===========================================================================================
----------------- testing Tue Apr 30 23:53:35 UTC 2019 /home/travis/build/icyphy/ptII/ptolemy/actor/lib/test/auto/ExpressionFix3.xml
----------------- Instantiating /home/travis/build/icyphy/ptII/ptolemy/actor/lib/test/auto/ExpressionFix3.xml
4 ms. Memory: 1364480K Free: 196521K (14%)
----------------- Invoking toplevel() on ptolemy.moml.MoMLSimpleApplication@195a5208
----------------- Done invoking toplevel() on ptolemy.moml.MoMLSimpleApplication@195a5208
reloadAllAccessors: .ExpressionFix3

===========================================================================================
----------------- testing Tue Apr 30 23:53:35 UTC 2019 /home/travis/build/icyphy/ptII/ptolemy/actor/lib/test/auto/FileWriter1.xml
----------------- Instantiating /home/travis/build/icyphy/ptII/ptolemy/actor/lib/test/auto/FileWriter1.xml
2 ms. Memory: 1364480K Free: 175280K (13%)
----------------- Invoking toplevel() on ptolemy.moml.MoMLSimpleApplication@12d38c10
----------------- Done invoking toplevel() on ptolemy.moml.MoMLSimpleApplication@12d38c10
reloadAllAccessors: .FileWriter1

===========================================================================================
----------------- testing Tue Apr 30 23:53:35 UTC 2019 /home/travis/build/icyphy/ptII/ptolemy/actor/lib/test/auto/FileWriter2.xml
----------------- Instantiating /home/travis/build/icyphy/ptII/ptolemy/actor/lib/test/auto/FileWriter2.xml
5 ms. Memory: 1364480K Free: 162833K (12%)
----------------- Invoking toplevel() on ptolemy.moml.MoMLSimpleApplication@1d88590d
----------------- Done invoking toplevel() on ptolemy.moml.MoMLSimpleApplication@1d88590d
reloadAllAccessors: .FileWriter2

===========================================================================================
----------------- testing Tue Apr 30 23:53:35 UTC 2019 /home/travis/build/icyphy/ptII/ptolemy/actor/lib/test/auto/FileWriter3.xml
----------------- Instantiating /home/travis/build/icyphy/ptII/ptolemy/actor/lib/test/auto/FileWriter3.xml
7 ms. Memory: 1364480K Free: 150386K (11%)
----------------- Invoking toplevel() on ptolemy.moml.MoMLSimpleApplication@78f62b30
----------------- Done invoking toplevel() on ptolemy.moml.MoMLSimpleApplication@78f62b30
reloadAllAccessors: .FileWriter3

===========================================================================================
----------------- testing Tue Apr 30 23:53:35 UTC 2019 /home/travis/build/icyphy/ptII/ptolemy/actor/lib/test/auto/Gaussian.xml
----------------- Instantiating /home/travis/build/icyphy/ptII/ptolemy/actor/lib/test/auto/Gaussian.xml
3 ms. Memory: 1364480K Free: 137940K (10%)
----------------- Invoking toplevel() on ptolemy.moml.MoMLSimpleApplication@cb3ee7b
----------------- Done invoking toplevel() on ptolemy.moml.MoMLSimpleApplication@cb3ee7b
reloadAllAccessors: .Gaussian

===========================================================================================
----------------- testing Tue Apr 30 23:53:35 UTC 2019 /home/travis/build/icyphy/ptII/ptolemy/actor/lib/test/auto/Gaussian1.xml
----------------- Instantiating /home/travis/build/icyphy/ptII/ptolemy/actor/lib/test/auto/Gaussian1.xml
2 ms. Memory: 1364480K Free: 116699K (9%)
----------------- Invoking toplevel() on ptolemy.moml.MoMLSimpleApplication@5bdf7065
----------------- Done invoking toplevel() on ptolemy.moml.MoMLSimpleApplication@5bdf7065
reloadAllAccessors: .Gaussian1

===========================================================================================
----------------- testing Tue Apr 30 23:53:35 UTC 2019 /home/travis/build/icyphy/ptII/ptolemy/actor/lib/test/auto/Gaussian2.xml
----------------- Instantiating /home/travis/build/icyphy/ptII/ptolemy/actor/lib/test/auto/Gaussian2.xml
1 ms. Memory: 1364480K Free: 104252K (8%)
----------------- Invoking toplevel() on ptolemy.moml.MoMLSimpleApplication@474bd7bd
----------------- Done invoking toplevel() on ptolemy.moml.MoMLSimpleApplication@474bd7bd
reloadAllAccessors: .Gaussian2

===========================================================================================
----------------- testing Tue Apr 30 23:53:35 UTC 2019 /home/travis/build/icyphy/ptII/ptolemy/actor/lib/test/auto/GradientAdaptiveLattice.xml
----------------- Instantiating /home/travis/build/icyphy/ptII/ptolemy/actor/lib/test/auto/GradientAdaptiveLattice.xml
2 ms. Memory: 1364480K Free: 91805K (7%)
----------------- Invoking toplevel() on ptolemy.moml.MoMLSimpleApplication@2402e71c
----------------- Done invoking toplevel() on ptolemy.moml.MoMLSimpleApplication@2402e71c
reloadAllAccessors: .GradientAdaptiveLattice

===========================================================================================
----------------- testing Tue Apr 30 23:53:35 UTC 2019 /home/travis/build/icyphy/ptII/ptolemy/actor/lib/test/auto/IIR.xml
----------------- Instantiating /home/travis/build/icyphy/ptII/ptolemy/actor/lib/test/auto/IIR.xml
2 ms. Memory: 1364480K Free: 81066K (6%)
----------------- Invoking toplevel() on ptolemy.moml.MoMLSimpleApplication@472a6233
----------------- Done invoking toplevel() on ptolemy.moml.MoMLSimpleApplication@472a6233
reloadAllAccessors: .IIR

===========================================================================================
----------------- testing Tue Apr 30 23:53:35 UTC 2019 /home/travis/build/icyphy/ptII/ptolemy/actor/lib/test/auto/InputOutputTransparentPorts.xml
----------------- Instantiating /home/travis/build/icyphy/ptII/ptolemy/actor/lib/test/auto/InputOutputTransparentPorts.xml
2 ms. Memory: 1364480K Free: 1305639K (96%)
----------------- Invoking toplevel() on ptolemy.moml.MoMLSimpleApplication@2dab6ff3
----------------- Done invoking toplevel() on ptolemy.moml.MoMLSimpleApplication@2dab6ff3
reloadAllAccessors: .InputOutputTransparentPorts

===========================================================================================
----------------- testing Tue Apr 30 23:53:35 UTC 2019 /home/travis/build/icyphy/ptII/ptolemy/actor/lib/test/auto/Interpolator.xml
----------------- Instantiating /home/travis/build/icyphy/ptII/ptolemy/actor/lib/test/auto/Interpolator.xml
3 ms. Memory: 1364480K Free: 1293193K (95%)
----------------- Invoking toplevel() on ptolemy.moml.MoMLSimpleApplication@3918f5ae
----------------- Done invoking toplevel() on ptolemy.moml.MoMLSimpleApplication@3918f5ae
reloadAllAccessors: .Interpolator

===========================================================================================
----------------- testing Tue Apr 30 23:53:35 UTC 2019 /home/travis/build/icyphy/ptII/ptolemy/actor/lib/test/auto/InterpolatorFiringLimitDE.xml
----------------- Instantiating /home/travis/build/icyphy/ptII/ptolemy/actor/lib/test/auto/InterpolatorFiringLimitDE.xml
2 ms. Memory: 1364480K Free: 1280746K (94%)
----------------- Invoking toplevel() on ptolemy.moml.MoMLSimpleApplication@1edec489
----------------- Done invoking toplevel() on ptolemy.moml.MoMLSimpleApplication@1edec489
reloadAllAccessors: .InterpolatorFiringLimitDE

===========================================================================================
----------------- testing Tue Apr 30 23:53:35 UTC 2019 /home/travis/build/icyphy/ptII/ptolemy/actor/lib/test/auto/Lattice.xml
----------------- Instantiating /home/travis/build/icyphy/ptII/ptolemy/actor/lib/test/auto/Lattice.xml
1 ms. Memory: 1364480K Free: 1261659K (92%)
----------------- Invoking toplevel() on ptolemy.moml.MoMLSimpleApplication@36183929
----------------- Done invoking toplevel() on ptolemy.moml.MoMLSimpleApplication@36183929
reloadAllAccessors: .Lattice

===========================================================================================
----------------- testing Tue Apr 30 23:53:35 UTC 2019 /home/travis/build/icyphy/ptII/ptolemy/actor/lib/test/auto/LazyAOCTestLazy.xml
----------------- Instantiating /home/travis/build/icyphy/ptII/ptolemy/actor/lib/test/auto/LazyAOCTestLazy.xml
15 ms. Memory: 1364480K Free: 1249212K (92%)
----------------- Invoking toplevel() on ptolemy.moml.MoMLSimpleApplication@75986151
----------------- Done invoking toplevel() on ptolemy.moml.MoMLSimpleApplication@75986151
reloadAllAccessors: .LazyAOCTestLazy

===========================================================================================
----------------- testing Tue Apr 30 23:53:35 UTC 2019 /home/travis/build/icyphy/ptII/ptolemy/actor/lib/test/auto/LazyAOCTestNonLazy.xml
----------------- Instantiating /home/travis/build/icyphy/ptII/ptolemy/actor/lib/test/auto/LazyAOCTestNonLazy.xml
10 ms. Memory: 1364480K Free: 1236766K (91%)
----------------- Invoking toplevel() on ptolemy.moml.MoMLSimpleApplication@2e15bc42
----------------- Done invoking toplevel() on ptolemy.moml.MoMLSimpleApplication@2e15bc42
reloadAllAccessors: .LazyAOCTestNonLazy

===========================================================================================
----------------- testing Tue Apr 30 23:53:35 UTC 2019 /home/travis/build/icyphy/ptII/ptolemy/actor/lib/test/auto/LazyInnerClass.xml
----------------- Instantiating /home/travis/build/icyphy/ptII/ptolemy/actor/lib/test/auto/LazyInnerClass.xml
20 ms. Memory: 1364480K Free: 1217679K (89%)
----------------- Invoking toplevel() on ptolemy.moml.MoMLSimpleApplication@72efaecb
----------------- Done invoking toplevel() on ptolemy.moml.MoMLSimpleApplication@72efaecb
reloadAllAccessors: .LazyInnerClass

===========================================================================================
----------------- testing Tue Apr 30 23:53:35 UTC 2019 /home/travis/build/icyphy/ptII/ptolemy/actor/lib/test/auto/LazyPubSub.xml
----------------- Instantiating /home/travis/build/icyphy/ptII/ptolemy/actor/lib/test/auto/LazyPubSub.xml
15 ms. Memory: 1364480K Free: 1205123K (88%)
----------------- Invoking toplevel() on ptolemy.moml.MoMLSimpleApplication@669de94e
----------------- Done invoking toplevel() on ptolemy.moml.MoMLSimpleApplication@669de94e
reloadAllAccessors: .LazyPubSub

===========================================================================================
----------------- testing Tue Apr 30 23:53:35 UTC 2019 /home/travis/build/icyphy/ptII/ptolemy/actor/lib/test/auto/LazyPubSub2.xml
----------------- Instantiating /home/travis/build/icyphy/ptII/ptolemy/actor/lib/test/auto/LazyPubSub2.xml
11 ms. Memory: 1364480K Free: 1186037K (87%)
----------------- Invoking toplevel() on ptolemy.moml.MoMLSimpleApplication@1b9ca01a
----------------- Done invoking toplevel() on ptolemy.moml.MoMLSimpleApplication@1b9ca01a
reloadAllAccessors: .LazyPubSub2

===========================================================================================
----------------- testing Tue Apr 30 23:53:35 UTC 2019 /home/travis/build/icyphy/ptII/ptolemy/actor/lib/test/auto/LazyPubSub3.xml
----------------- Instantiating /home/travis/build/icyphy/ptII/ptolemy/actor/lib/test/auto/LazyPubSub3.xml
10 ms. Memory: 1364480K Free: 1173590K (86%)
----------------- Invoking toplevel() on ptolemy.moml.MoMLSimpleApplication@56b4699d
----------------- Done invoking toplevel() on ptolemy.moml.MoMLSimpleApplication@56b4699d
reloadAllAccessors: .LazyPubSub3

===========================================================================================
----------------- testing Tue Apr 30 23:53:36 UTC 2019 /home/travis/build/icyphy/ptII/ptolemy/actor/lib/test/auto/LazySubClassModel.xml
----------------- Instantiating /home/travis/build/icyphy/ptII/ptolemy/actor/lib/test/auto/LazySubClassModel.xml
2 ms. Memory: 1364480K Free: 1154904K (85%)
----------------- Invoking toplevel() on ptolemy.moml.MoMLSimpleApplication@32c6322a
----------------- Done invoking toplevel() on ptolemy.moml.MoMLSimpleApplication@32c6322a
reloadAllAccessors: .LazySubClassModel

===========================================================================================
----------------- testing Tue Apr 30 23:53:36 UTC 2019 /home/travis/build/icyphy/ptII/ptolemy/actor/lib/test/auto/LevelCrossTest1.xml
----------------- Instantiating /home/travis/build/icyphy/ptII/ptolemy/actor/lib/test/auto/LevelCrossTest1.xml
1 ms. Memory: 1364480K Free: 1135817K (83%)
----------------- Invoking toplevel() on ptolemy.moml.MoMLSimpleApplication@5745665c
----------------- Done invoking toplevel() on ptolemy.moml.MoMLSimpleApplication@5745665c
reloadAllAccessors: .broken

===========================================================================================
----------------- testing Tue Apr 30 23:53:36 UTC 2019 /home/travis/build/icyphy/ptII/ptolemy/actor/lib/test/auto/LevelCrossTest10.xml
----------------- Instantiating /home/travis/build/icyphy/ptII/ptolemy/actor/lib/test/auto/LevelCrossTest10.xml
1 ms. Memory: 1364480K Free: 1123371K (82%)
----------------- Invoking toplevel() on ptolemy.moml.MoMLSimpleApplication@6b0c075a
----------------- Done invoking toplevel() on ptolemy.moml.MoMLSimpleApplication@6b0c075a
reloadAllAccessors: .LevelCrossTest10

===========================================================================================
----------------- testing Tue Apr 30 23:53:36 UTC 2019 /home/travis/build/icyphy/ptII/ptolemy/actor/lib/test/auto/LevelCrossTest11.xml
----------------- Instantiating /home/travis/build/icyphy/ptII/ptolemy/actor/lib/test/auto/LevelCrossTest11.xml
1 ms. Memory: 1364480K Free: 1110924K (81%)
----------------- Invoking toplevel() on ptolemy.moml.MoMLSimpleApplication@458797f2
----------------- Done invoking toplevel() on ptolemy.moml.MoMLSimpleApplication@458797f2
reloadAllAccessors: .LevelCrossTest11

===========================================================================================
----------------- testing Tue Apr 30 23:53:36 UTC 2019 /home/travis/build/icyphy/ptII/ptolemy/actor/lib/test/auto/LevelCrossTest12.xml
----------------- Instantiating /home/travis/build/icyphy/ptII/ptolemy/actor/lib/test/auto/LevelCrossTest12.xml
1 ms. Memory: 1364480K Free: 1091837K (80%)
----------------- Invoking toplevel() on ptolemy.moml.MoMLSimpleApplication@49ef5dd7
----------------- Done invoking toplevel() on ptolemy.moml.MoMLSimpleApplication@49ef5dd7
reloadAllAccessors: .LevelCrossTest12

===========================================================================================
----------------- testing Tue Apr 30 23:53:36 UTC 2019 /home/travis/build/icyphy/ptII/ptolemy/actor/lib/test/auto/LevelCrossTest13.xml
----------------- Instantiating /home/travis/build/icyphy/ptII/ptolemy/actor/lib/test/auto/LevelCrossTest13.xml
1 ms. Memory: 1364480K Free: 1079391K (79%)
----------------- Invoking toplevel() on ptolemy.moml.MoMLSimpleApplication@2d25586f
----------------- Done invoking toplevel() on ptolemy.moml.MoMLSimpleApplication@2d25586f
reloadAllAccessors: .LevelCrossTest13

===========================================================================================
----------------- testing Tue Apr 30 23:53:36 UTC 2019 /home/travis/build/icyphy/ptII/ptolemy/actor/lib/test/auto/LevelCrossTest2.xml
----------------- Instantiating /home/travis/build/icyphy/ptII/ptolemy/actor/lib/test/auto/LevelCrossTest2.xml
1 ms. Memory: 1364480K Free: 1066944K (78%)
----------------- Invoking toplevel() on ptolemy.moml.MoMLSimpleApplication@197de2be
----------------- Done invoking toplevel() on ptolemy.moml.MoMLSimpleApplication@197de2be
reloadAllAccessors: .broken

===========================================================================================
----------------- testing Tue Apr 30 23:53:36 UTC 2019 /home/travis/build/icyphy/ptII/ptolemy/actor/lib/test/auto/LevelCrossTest3.xml
----------------- Instantiating /home/travis/build/icyphy/ptII/ptolemy/actor/lib/test/auto/LevelCrossTest3.xml
1 ms. Memory: 1364480K Free: 1047857K (77%)
----------------- Invoking toplevel() on ptolemy.moml.MoMLSimpleApplication@13ae6a12
----------------- Done invoking toplevel() on ptolemy.moml.MoMLSimpleApplication@13ae6a12
reloadAllAccessors: .LevelCrossTest3

===========================================================================================
----------------- testing Tue Apr 30 23:53:36 UTC 2019 /home/travis/build/icyphy/ptII/ptolemy/actor/lib/test/auto/LevelCrossTest4.xml
----------------- Instantiating /home/travis/build/icyphy/ptII/ptolemy/actor/lib/test/auto/LevelCrossTest4.xml
1 ms. Memory: 1364480K Free: 1035411K (76%)
----------------- Invoking toplevel() on ptolemy.moml.MoMLSimpleApplication@5b74dcbf
----------------- Done invoking toplevel() on ptolemy.moml.MoMLSimpleApplication@5b74dcbf
reloadAllAccessors: .broken

===========================================================================================
----------------- testing Tue Apr 30 23:53:36 UTC 2019 /home/travis/build/icyphy/ptII/ptolemy/actor/lib/test/auto/LevelCrossTest5.xml
----------------- Instantiating /home/travis/build/icyphy/ptII/ptolemy/actor/lib/test/auto/LevelCrossTest5.xml
1 ms. Memory: 1364480K Free: 1022964K (75%)
----------------- Invoking toplevel() on ptolemy.moml.MoMLSimpleApplication@75a5878f
----------------- Done invoking toplevel() on ptolemy.moml.MoMLSimpleApplication@75a5878f
reloadAllAccessors: .LevelCrossTest5

===========================================================================================
----------------- testing Tue Apr 30 23:53:36 UTC 2019 /home/travis/build/icyphy/ptII/ptolemy/actor/lib/test/auto/LevelCrossTest6.xml
----------------- Instantiating /home/travis/build/icyphy/ptII/ptolemy/actor/lib/test/auto/LevelCrossTest6.xml
1 ms. Memory: 1364480K Free: 1003877K (74%)
----------------- Invoking toplevel() on ptolemy.moml.MoMLSimpleApplication@613cdc9f
----------------- Done invoking toplevel() on ptolemy.moml.MoMLSimpleApplication@613cdc9f
reloadAllAccessors: .LevelCrossTest6

===========================================================================================
----------------- testing Tue Apr 30 23:53:36 UTC 2019 /home/travis/build/icyphy/ptII/ptolemy/actor/lib/test/auto/LevelCrossTest7.xml
----------------- Instantiating /home/travis/build/icyphy/ptII/ptolemy/actor/lib/test/auto/LevelCrossTest7.xml
1 ms. Memory: 1364480K Free: 991430K (73%)
----------------- Invoking toplevel() on ptolemy.moml.MoMLSimpleApplication@cac8656
----------------- Done invoking toplevel() on ptolemy.moml.MoMLSimpleApplication@cac8656
reloadAllAccessors: .LevelCrossTest7

===========================================================================================
----------------- testing Tue Apr 30 23:53:36 UTC 2019 /home/travis/build/icyphy/ptII/ptolemy/actor/lib/test/auto/LevelCrossTest8.xml
----------------- Instantiating /home/travis/build/icyphy/ptII/ptolemy/actor/lib/test/auto/LevelCrossTest8.xml
1 ms. Memory: 1364480K Free: 978984K (72%)
----------------- Invoking toplevel() on ptolemy.moml.MoMLSimpleApplication@2526d68f
----------------- Done invoking toplevel() on ptolemy.moml.MoMLSimpleApplication@2526d68f
reloadAllAccessors: .LevelCrossTest8

===========================================================================================
----------------- testing Tue Apr 30 23:53:36 UTC 2019 /home/travis/build/icyphy/ptII/ptolemy/actor/lib/test/auto/LevelCrossTest9.xml
----------------- Instantiating /home/travis/build/icyphy/ptII/ptolemy/actor/lib/test/auto/LevelCrossTest9.xml
1 ms. Memory: 1364480K Free: 959897K (70%)
----------------- Invoking toplevel() on ptolemy.moml.MoMLSimpleApplication@7dbb249f
----------------- Done invoking toplevel() on ptolemy.moml.MoMLSimpleApplication@7dbb249f
reloadAllAccessors: .LevelCrossTest9

===========================================================================================
----------------- testing Tue Apr 30 23:53:36 UTC 2019 /home/travis/build/icyphy/ptII/ptolemy/actor/lib/test/auto/LevinsonDurbin.xml
----------------- Instantiating /home/travis/build/icyphy/ptII/ptolemy/actor/lib/test/auto/LevinsonDurbin.xml
1 ms. Memory: 1364480K Free: 947450K (69%)
----------------- Invoking toplevel() on ptolemy.moml.MoMLSimpleApplication@940d92b
----------------- Done invoking toplevel() on ptolemy.moml.MoMLSimpleApplication@940d92b
reloadAllAccessors: .LevinsonDurbin

===========================================================================================
----------------- testing Tue Apr 30 23:53:36 UTC 2019 /home/travis/build/icyphy/ptII/ptolemy/actor/lib/test/auto/LevinsonDurbin2.xml
----------------- Instantiating /home/travis/build/icyphy/ptII/ptolemy/actor/lib/test/auto/LevinsonDurbin2.xml
1 ms. Memory: 1364480K Free: 935003K (69%)
----------------- Invoking toplevel() on ptolemy.moml.MoMLSimpleApplication@26526e15
----------------- Done invoking toplevel() on ptolemy.moml.MoMLSimpleApplication@26526e15
reloadAllAccessors: .LevinsonDurbin2

===========================================================================================
----------------- testing Tue Apr 30 23:53:36 UTC 2019 /home/travis/build/icyphy/ptII/ptolemy/actor/lib/test/auto/LevinsonDurbin3.xml
----------------- Instantiating /home/travis/build/icyphy/ptII/ptolemy/actor/lib/test/auto/LevinsonDurbin3.xml
2 ms. Memory: 1364480K Free: 915917K (67%)
----------------- Invoking toplevel() on ptolemy.moml.MoMLSimpleApplication@7f667f70
----------------- Done invoking toplevel() on ptolemy.moml.MoMLSimpleApplication@7f667f70
reloadAllAccessors: .LevinsonDurbin3

===========================================================================================
----------------- testing Tue Apr 30 23:53:36 UTC 2019 /home/travis/build/icyphy/ptII/ptolemy/actor/lib/test/auto/Limiter.xml
----------------- Instantiating /home/travis/build/icyphy/ptII/ptolemy/actor/lib/test/auto/Limiter.xml
4 ms. Memory: 1364480K Free: 903470K (66%)
----------------- Invoking toplevel() on ptolemy.moml.MoMLSimpleApplication@555407f1
----------------- Done invoking toplevel() on ptolemy.moml.MoMLSimpleApplication@555407f1
reloadAllAccessors: .Limiter

===========================================================================================
----------------- testing Tue Apr 30 23:53:36 UTC 2019 /home/travis/build/icyphy/ptII/ptolemy/actor/lib/test/auto/LinearDifferenceEquationSystem.xml
----------------- Instantiating /home/travis/build/icyphy/ptII/ptolemy/actor/lib/test/auto/LinearDifferenceEquationSystem.xml
2 ms. Memory: 1364480K Free: 891024K (65%)
----------------- Invoking toplevel() on ptolemy.moml.MoMLSimpleApplication@2e70f5c5
----------------- Done invoking toplevel() on ptolemy.moml.MoMLSimpleApplication@2e70f5c5
reloadAllAccessors: .LinearDifferenceEquationSystem

===========================================================================================
----------------- testing Tue Apr 30 23:53:36 UTC 2019 /home/travis/build/icyphy/ptII/ptolemy/actor/lib/test/auto/LookupTable.xml
----------------- Instantiating /home/travis/build/icyphy/ptII/ptolemy/actor/lib/test/auto/LookupTable.xml
1 ms. Memory: 1364480K Free: 871937K (64%)
----------------- Invoking toplevel() on ptolemy.moml.MoMLSimpleApplication@a48e9fc
----------------- Done invoking toplevel() on ptolemy.moml.MoMLSimpleApplication@a48e9fc
reloadAllAccessors: .LookupTable

===========================================================================================
----------------- testing Tue Apr 30 23:53:36 UTC 2019 /home/travis/build/icyphy/ptII/ptolemy/actor/lib/test/auto/MathFunction.xml
----------------- Instantiating /home/travis/build/icyphy/ptII/ptolemy/actor/lib/test/auto/MathFunction.xml
2 ms. Memory: 1364480K Free: 859490K (63%)
----------------- Invoking toplevel() on ptolemy.moml.MoMLSimpleApplication@72dad30b
----------------- Done invoking toplevel() on ptolemy.moml.MoMLSimpleApplication@72dad30b
reloadAllAccessors: .MathFunction

===========================================================================================
----------------- testing Tue Apr 30 23:53:36 UTC 2019 /home/travis/build/icyphy/ptII/ptolemy/actor/lib/test/auto/MathFunction2.xml
----------------- Instantiating /home/travis/build/icyphy/ptII/ptolemy/actor/lib/test/auto/MathFunction2.xml
1 ms. Memory: 1364480K Free: 840404K (62%)
----------------- Invoking toplevel() on ptolemy.moml.MoMLSimpleApplication@4a3428bf
----------------- Done invoking toplevel() on ptolemy.moml.MoMLSimpleApplication@4a3428bf
reloadAllAccessors: .MathFunction2

===========================================================================================
----------------- testing Tue Apr 30 23:53:36 UTC 2019 /home/travis/build/icyphy/ptII/ptolemy/actor/lib/test/auto/MathFunction3.xml
----------------- Instantiating /home/travis/build/icyphy/ptII/ptolemy/actor/lib/test/auto/MathFunction3.xml
2 ms. Memory: 1364480K Free: 827957K (61%)
----------------- Invoking toplevel() on ptolemy.moml.MoMLSimpleApplication@1e53d3fb
----------------- Done invoking toplevel() on ptolemy.moml.MoMLSimpleApplication@1e53d3fb
reloadAllAccessors: .MathFunction3

===========================================================================================
----------------- testing Tue Apr 30 23:53:36 UTC 2019 /home/travis/build/icyphy/ptII/ptolemy/actor/lib/test/auto/MatrixCropBoolean.xml
----------------- Instantiating /home/travis/build/icyphy/ptII/ptolemy/actor/lib/test/auto/MatrixCropBoolean.xml
2 ms. Memory: 1364480K Free: 815510K (60%)
----------------- Invoking toplevel() on ptolemy.moml.MoMLSimpleApplication@a9988d9
----------------- Done invoking toplevel() on ptolemy.moml.MoMLSimpleApplication@a9988d9
reloadAllAccessors: .MatrixCropBoolean

===========================================================================================
----------------- testing Tue Apr 30 23:53:36 UTC 2019 /home/travis/build/icyphy/ptII/ptolemy/actor/lib/test/auto/MatrixCropComplex.xml
----------------- Instantiating /home/travis/build/icyphy/ptII/ptolemy/actor/lib/test/auto/MatrixCropComplex.xml
2 ms. Memory: 1364480K Free: 796424K (58%)
----------------- Invoking toplevel() on ptolemy.moml.MoMLSimpleApplication@f475c13
----------------- Done invoking toplevel() on ptolemy.moml.MoMLSimpleApplication@f475c13
reloadAllAccessors: .MatrixCropComplex

===========================================================================================
----------------- testing Tue Apr 30 23:53:36 UTC 2019 /home/travis/build/icyphy/ptII/ptolemy/actor/lib/test/auto/MatrixCropDouble.xml
----------------- Instantiating /home/travis/build/icyphy/ptII/ptolemy/actor/lib/test/auto/MatrixCropDouble.xml
2 ms. Memory: 1364480K Free: 783977K (57%)
----------------- Invoking toplevel() on ptolemy.moml.MoMLSimpleApplication@66807809
----------------- Done invoking toplevel() on ptolemy.moml.MoMLSimpleApplication@66807809
reloadAllAccessors: .MatrixCropDouble

===========================================================================================
----------------- testing Tue Apr 30 23:53:36 UTC 2019 /home/travis/build/icyphy/ptII/ptolemy/actor/lib/test/auto/MatrixCropFix.xml
----------------- Instantiating /home/travis/build/icyphy/ptII/ptolemy/actor/lib/test/auto/MatrixCropFix.xml
2 ms. Memory: 1364480K Free: 771530K (57%)
----------------- Invoking toplevel() on ptolemy.moml.MoMLSimpleApplication@da0d74b
----------------- Done invoking toplevel() on ptolemy.moml.MoMLSimpleApplication@da0d74b
reloadAllAccessors: .MatrixCropFix

===========================================================================================
----------------- testing Tue Apr 30 23:53:36 UTC 2019 /home/travis/build/icyphy/ptII/ptolemy/actor/lib/test/auto/MatrixCropInt.xml
----------------- Instantiating /home/travis/build/icyphy/ptII/ptolemy/actor/lib/test/auto/MatrixCropInt.xml
2 ms. Memory: 1364480K Free: 752444K (55%)
----------------- Invoking toplevel() on ptolemy.moml.MoMLSimpleApplication@70573f69
----------------- Done invoking toplevel() on ptolemy.moml.MoMLSimpleApplication@70573f69
reloadAllAccessors: .MatrixCropInt

===========================================================================================
----------------- testing Tue Apr 30 23:53:36 UTC 2019 /home/travis/build/icyphy/ptII/ptolemy/actor/lib/test/auto/MatrixCropLong.xml
----------------- Instantiating /home/travis/build/icyphy/ptII/ptolemy/actor/lib/test/auto/MatrixCropLong.xml
2 ms. Memory: 1364480K Free: 739997K (54%)
----------------- Invoking toplevel() on ptolemy.moml.MoMLSimpleApplication@896505f
----------------- Done invoking toplevel() on ptolemy.moml.MoMLSimpleApplication@896505f
reloadAllAccessors: .MatrixCropLong

===========================================================================================
----------------- testing Tue Apr 30 23:53:36 UTC 2019 /home/travis/build/icyphy/ptII/ptolemy/actor/lib/test/auto/MatrixToArray.xml
----------------- Instantiating /home/travis/build/icyphy/ptII/ptolemy/actor/lib/test/auto/MatrixToArray.xml
5 ms. Memory: 1364480K Free: 715087K (52%)
----------------- Invoking toplevel() on ptolemy.moml.MoMLSimpleApplication@5a5b761d
----------------- Done invoking toplevel() on ptolemy.moml.MoMLSimpleApplication@5a5b761d
reloadAllAccessors: .MatrixToArray

===========================================================================================
----------------- testing Tue Apr 30 23:53:36 UTC 2019 /home/travis/build/icyphy/ptII/ptolemy/actor/lib/test/auto/MaxIndex.xml
----------------- Instantiating /home/travis/build/icyphy/ptII/ptolemy/actor/lib/test/auto/MaxIndex.xml
2 ms. Memory: 1364480K Free: 696001K (51%)
----------------- Invoking toplevel() on ptolemy.moml.MoMLSimpleApplication@3a40a728
----------------- Done invoking toplevel() on ptolemy.moml.MoMLSimpleApplication@3a40a728
reloadAllAccessors: .MaxIndex

===========================================================================================
----------------- testing Tue Apr 30 23:53:36 UTC 2019 /home/travis/build/icyphy/ptII/ptolemy/actor/lib/test/auto/Maximum.xml
----------------- Instantiating /home/travis/build/icyphy/ptII/ptolemy/actor/lib/test/auto/Maximum.xml
2 ms. Memory: 1364480K Free: 683554K (50%)
----------------- Invoking toplevel() on ptolemy.moml.MoMLSimpleApplication@3ec2ce1
----------------- Done invoking toplevel() on ptolemy.moml.MoMLSimpleApplication@3ec2ce1
reloadAllAccessors: .Maximum

===========================================================================================
----------------- testing Tue Apr 30 23:53:36 UTC 2019 /home/travis/build/icyphy/ptII/ptolemy/actor/lib/test/auto/MaximumComplex.xml
----------------- Instantiating /home/travis/build/icyphy/ptII/ptolemy/actor/lib/test/auto/MaximumComplex.xml
5 ms. Memory: 1364480K Free: 671108K (49%)
----------------- Invoking toplevel() on ptolemy.moml.MoMLSimpleApplication@7c60f3c6
----------------- Done invoking toplevel() on ptolemy.moml.MoMLSimpleApplication@7c60f3c6
reloadAllAccessors: .MaximumComplex

===========================================================================================
----------------- testing Tue Apr 30 23:53:36 UTC 2019 /home/travis/build/icyphy/ptII/ptolemy/actor/lib/test/auto/MethodCallTest.xml
----------------- Instantiating /home/travis/build/icyphy/ptII/ptolemy/actor/lib/test/auto/MethodCallTest.xml
2 ms. Memory: 1364480K Free: 652021K (48%)
----------------- Invoking toplevel() on ptolemy.moml.MoMLSimpleApplication@213de0b2
----------------- Done invoking toplevel() on ptolemy.moml.MoMLSimpleApplication@213de0b2
reloadAllAccessors: .MethodCallTest

===========================================================================================
----------------- testing Tue Apr 30 23:53:36 UTC 2019 /home/travis/build/icyphy/ptII/ptolemy/actor/lib/test/auto/Minimum.xml
----------------- Instantiating /home/travis/build/icyphy/ptII/ptolemy/actor/lib/test/auto/Minimum.xml
2 ms. Memory: 1364480K Free: 639574K (47%)
----------------- Invoking toplevel() on ptolemy.moml.MoMLSimpleApplication@ab077c
----------------- Done invoking toplevel() on ptolemy.moml.MoMLSimpleApplication@ab077c
reloadAllAccessors: .Minimum

===========================================================================================
----------------- testing Tue Apr 30 23:53:36 UTC 2019 /home/travis/build/icyphy/ptII/ptolemy/actor/lib/test/auto/MinimumComplex.xml
----------------- Instantiating /home/travis/build/icyphy/ptII/ptolemy/actor/lib/test/auto/MinimumComplex.xml
2 ms. Memory: 1364480K Free: 627128K (46%)
----------------- Invoking toplevel() on ptolemy.moml.MoMLSimpleApplication@7c6bd2ea
----------------- Done invoking toplevel() on ptolemy.moml.MoMLSimpleApplication@7c6bd2ea
reloadAllAccessors: .MinimumComplex

===========================================================================================
----------------- testing Tue Apr 30 23:53:36 UTC 2019 /home/travis/build/icyphy/ptII/ptolemy/actor/lib/test/auto/MinimumMultiports.xml
----------------- Instantiating /home/travis/build/icyphy/ptII/ptolemy/actor/lib/test/auto/MinimumMultiports.xml
4 ms. Memory: 1364480K Free: 608041K (45%)
----------------- Invoking toplevel() on ptolemy.moml.MoMLSimpleApplication@567951b5
----------------- Done invoking toplevel() on ptolemy.moml.MoMLSimpleApplication@567951b5
reloadAllAccessors: .MinimumMultiports

===========================================================================================
----------------- testing Tue Apr 30 23:53:36 UTC 2019 /home/travis/build/icyphy/ptII/ptolemy/actor/lib/test/auto/ModifyDate.xml
----------------- Instantiating /home/travis/build/icyphy/ptII/ptolemy/actor/lib/test/auto/ModifyDate.xml
4 ms. Memory: 1364480K Free: 589371K (43%)
----------------- Invoking toplevel() on ptolemy.moml.MoMLSimpleApplication@e966f75
----------------- Done invoking toplevel() on ptolemy.moml.MoMLSimpleApplication@e966f75
reloadAllAccessors: .ModifyDate

===========================================================================================
----------------- testing Tue Apr 30 23:53:36 UTC 2019 /home/travis/build/icyphy/ptII/ptolemy/actor/lib/test/auto/ModifyDate2.xml
----------------- Instantiating /home/travis/build/icyphy/ptII/ptolemy/actor/lib/test/auto/ModifyDate2.xml
2 ms. Memory: 1364480K Free: 564061K (41%)
----------------- Invoking toplevel() on ptolemy.moml.MoMLSimpleApplication@2164c99c
----------------- Done invoking toplevel() on ptolemy.moml.MoMLSimpleApplication@2164c99c
reloadAllAccessors: .ModifyDate2

===========================================================================================
----------------- testing Tue Apr 30 23:53:36 UTC 2019 /home/travis/build/icyphy/ptII/ptolemy/actor/lib/test/auto/MovingAverage.xml
----------------- Instantiating /home/travis/build/icyphy/ptII/ptolemy/actor/lib/test/auto/MovingAverage.xml
2 ms. Memory: 1364480K Free: 551614K (40%)
----------------- Invoking toplevel() on ptolemy.moml.MoMLSimpleApplication@52679e82
----------------- Done invoking toplevel() on ptolemy.moml.MoMLSimpleApplication@52679e82
reloadAllAccessors: .MovingAverage

===========================================================================================
----------------- testing Tue Apr 30 23:53:36 UTC 2019 /home/travis/build/icyphy/ptII/ptolemy/actor/lib/test/auto/MovingMaximum.xml
----------------- Instantiating /home/travis/build/icyphy/ptII/ptolemy/actor/lib/test/auto/MovingMaximum.xml
2 ms. Memory: 1364480K Free: 539168K (40%)
----------------- Invoking toplevel() on ptolemy.moml.MoMLSimpleApplication@31d65b75
----------------- Done invoking toplevel() on ptolemy.moml.MoMLSimpleApplication@31d65b75
reloadAllAccessors: .MovingMaximum

===========================================================================================
----------------- testing Tue Apr 30 23:53:36 UTC 2019 /home/travis/build/icyphy/ptII/ptolemy/actor/lib/test/auto/MultipleLinksToSameRelation.xml
----------------- Instantiating /home/travis/build/icyphy/ptII/ptolemy/actor/lib/test/auto/MultipleLinksToSameRelation.xml
2 ms. Memory: 1364480K Free: 520081K (38%)
----------------- Invoking toplevel() on ptolemy.moml.MoMLSimpleApplication@765866ef
----------------- Done invoking toplevel() on ptolemy.moml.MoMLSimpleApplication@765866ef
reloadAllAccessors: .MultipleLinksToSameRelation

===========================================================================================
----------------- testing Tue Apr 30 23:53:36 UTC 2019 /home/travis/build/icyphy/ptII/ptolemy/actor/lib/test/auto/MultipleLinksToSameRelationDE.xml
----------------- Instantiating /home/travis/build/icyphy/ptII/ptolemy/actor/lib/test/auto/MultipleLinksToSameRelationDE.xml
2 ms. Memory: 1364480K Free: 507635K (37%)
----------------- Invoking toplevel() on ptolemy.moml.MoMLSimpleApplication@56515a7a
----------------- Done invoking toplevel() on ptolemy.moml.MoMLSimpleApplication@56515a7a
reloadAllAccessors: .MultipleLinksToSameRelationDE

===========================================================================================
----------------- testing Tue Apr 30 23:53:36 UTC 2019 /home/travis/build/icyphy/ptII/ptolemy/actor/lib/test/auto/Multiplexor.xml
----------------- Instantiating /home/travis/build/icyphy/ptII/ptolemy/actor/lib/test/auto/Multiplexor.xml
3 ms. Memory: 1364480K Free: 495188K (36%)
----------------- Invoking toplevel() on ptolemy.moml.MoMLSimpleApplication@2af2b41a
----------------- Done invoking toplevel() on ptolemy.moml.MoMLSimpleApplication@2af2b41a
reloadAllAccessors: .Multiplexor

===========================================================================================
----------------- testing Tue Apr 30 23:53:36 UTC 2019 /home/travis/build/icyphy/ptII/ptolemy/actor/lib/test/auto/Multiplexor1.xml
----------------- Instantiating /home/travis/build/icyphy/ptII/ptolemy/actor/lib/test/auto/Multiplexor1.xml
2 ms. Memory: 1364480K Free: 476101K (35%)
----------------- Invoking toplevel() on ptolemy.moml.MoMLSimpleApplication@3229c205
----------------- Done invoking toplevel() on ptolemy.moml.MoMLSimpleApplication@3229c205
reloadAllAccessors: .Multiplexor1

===========================================================================================
----------------- testing Tue Apr 30 23:53:36 UTC 2019 /home/travis/build/icyphy/ptII/ptolemy/actor/lib/test/auto/Multiplexor2.xml
----------------- Instantiating /home/travis/build/icyphy/ptII/ptolemy/actor/lib/test/auto/Multiplexor2.xml
2 ms. Memory: 1364480K Free: 463655K (34%)
----------------- Invoking toplevel() on ptolemy.moml.MoMLSimpleApplication@3edc5120
----------------- Done invoking toplevel() on ptolemy.moml.MoMLSimpleApplication@3edc5120
reloadAllAccessors: .Multiplexor2

===========================================================================================
----------------- testing Tue Apr 30 23:53:36 UTC 2019 /home/travis/build/icyphy/ptII/ptolemy/actor/lib/test/auto/Multiplexor3.xml
----------------- Instantiating /home/travis/build/icyphy/ptII/ptolemy/actor/lib/test/auto/Multiplexor3.xml
2 ms. Memory: 1364480K Free: 451208K (33%)
----------------- Invoking toplevel() on ptolemy.moml.MoMLSimpleApplication@10a0435d
----------------- Done invoking toplevel() on ptolemy.moml.MoMLSimpleApplication@10a0435d
reloadAllAccessors: .Multiplexor3

===========================================================================================
----------------- testing Tue Apr 30 23:53:36 UTC 2019 /home/travis/build/icyphy/ptII/ptolemy/actor/lib/test/auto/MultiplexorDE.xml
----------------- Instantiating /home/travis/build/icyphy/ptII/ptolemy/actor/lib/test/auto/MultiplexorDE.xml
2 ms. Memory: 1364480K Free: 432121K (32%)
----------------- Invoking toplevel() on ptolemy.moml.MoMLSimpleApplication@29ff05a4
----------------- Done invoking toplevel() on ptolemy.moml.MoMLSimpleApplication@29ff05a4
reloadAllAccessors: .MultiplexorDE

===========================================================================================
----------------- testing Tue Apr 30 23:53:36 UTC 2019 /home/travis/build/icyphy/ptII/ptolemy/actor/lib/test/auto/MultiportBroadcastTest.xml
----------------- Instantiating /home/travis/build/icyphy/ptII/ptolemy/actor/lib/test/auto/MultiportBroadcastTest.xml
87 ms. Memory: 1364480K Free: 419675K (31%)
----------------- Invoking toplevel() on ptolemy.moml.MoMLSimpleApplication@11a77998
----------------- Done invoking toplevel() on ptolemy.moml.MoMLSimpleApplication@11a77998
reloadAllAccessors: .MultiportBroadcastTest

===========================================================================================
----------------- testing Tue Apr 30 23:53:37 UTC 2019 /home/travis/build/icyphy/ptII/ptolemy/actor/lib/test/auto/MultiportOutHangDuringGetWidth.xml
----------------- Instantiating /home/travis/build/icyphy/ptII/ptolemy/actor/lib/test/auto/MultiportOutHangDuringGetWidth.xml
5 ms. Memory: 1364480K Free: 401005K (29%)
----------------- Invoking toplevel() on ptolemy.moml.MoMLSimpleApplication@bbd7074
----------------- Done invoking toplevel() on ptolemy.moml.MoMLSimpleApplication@bbd7074
reloadAllAccessors: .MultiportOutHangDuringGetWidth

===========================================================================================
----------------- testing Tue Apr 30 23:53:37 UTC 2019 /home/travis/build/icyphy/ptII/ptolemy/actor/lib/test/auto/NilToken.xml
----------------- Instantiating /home/travis/build/icyphy/ptII/ptolemy/actor/lib/test/auto/NilToken.xml
2 ms. Memory: 1364480K Free: 381918K (28%)
----------------- Invoking toplevel() on ptolemy.moml.MoMLSimpleApplication@3f328d4a
----------------- Done invoking toplevel() on ptolemy.moml.MoMLSimpleApplication@3f328d4a
reloadAllAccessors: .NilToken

===========================================================================================
----------------- testing Tue Apr 30 23:53:37 UTC 2019 /home/travis/build/icyphy/ptII/ptolemy/actor/lib/test/auto/NilTokenNonStrictTest.xml
----------------- Instantiating /home/travis/build/icyphy/ptII/ptolemy/actor/lib/test/auto/NilTokenNonStrictTest.xml
4 ms. Memory: 1364480K Free: 369471K (27%)
----------------- Invoking toplevel() on ptolemy.moml.MoMLSimpleApplication@4be6c24c
----------------- Done invoking toplevel() on ptolemy.moml.MoMLSimpleApplication@4be6c24c
reloadAllAccessors: .NilTokenNonStrictTest

===========================================================================================
----------------- testing Tue Apr 30 23:53:37 UTC 2019 /home/travis/build/icyphy/ptII/ptolemy/actor/lib/test/auto/NilTokenRecord.xml
----------------- Instantiating /home/travis/build/icyphy/ptII/ptolemy/actor/lib/test/auto/NilTokenRecord.xml
5 ms. Memory: 1364480K Free: 350385K (26%)
----------------- Invoking toplevel() on ptolemy.moml.MoMLSimpleApplication@3f0265fc
----------------- Done invoking toplevel() on ptolemy.moml.MoMLSimpleApplication@3f0265fc
reloadAllAccessors: .NilTokenRecord

===========================================================================================
----------------- testing Tue Apr 30 23:53:37 UTC 2019 /home/travis/build/icyphy/ptII/ptolemy/actor/lib/test/auto/NilTokenTypeTest.xml
----------------- Instantiating /home/travis/build/icyphy/ptII/ptolemy/actor/lib/test/auto/NilTokenTypeTest.xml
11 ms. Memory: 1364480K Free: 331707K (24%)
----------------- Invoking toplevel() on ptolemy.moml.MoMLSimpleApplication@1d1a733c
----------------- Done invoking toplevel() on ptolemy.moml.MoMLSimpleApplication@1d1a733c
reloadAllAccessors: .NilTokenTypeTest

===========================================================================================
----------------- testing Tue Apr 30 23:53:37 UTC 2019 /home/travis/build/icyphy/ptII/ptolemy/actor/lib/test/auto/ObjectToken1.xml
----------------- Instantiating /home/travis/build/icyphy/ptII/ptolemy/actor/lib/test/auto/ObjectToken1.xml
1 ms. Memory: 1364480K Free: 319260K (23%)
----------------- Invoking toplevel() on ptolemy.moml.MoMLSimpleApplication@2a16ede1
----------------- Done invoking toplevel() on ptolemy.moml.MoMLSimpleApplication@2a16ede1
reloadAllAccessors: .ObjectToken1

===========================================================================================
----------------- testing Tue Apr 30 23:53:37 UTC 2019 /home/travis/build/icyphy/ptII/ptolemy/actor/lib/test/auto/OrderedMerge.xml
----------------- Instantiating /home/travis/build/icyphy/ptII/ptolemy/actor/lib/test/auto/OrderedMerge.xml
8 ms. Memory: 1364480K Free: 275280K (20%)
----------------- Invoking toplevel() on ptolemy.moml.MoMLSimpleApplication@64190738
----------------- Done invoking toplevel() on ptolemy.moml.MoMLSimpleApplication@64190738
reloadAllAccessors: .OrderedMerge

===========================================================================================
----------------- testing Tue Apr 30 23:53:37 UTC 2019 /home/travis/build/icyphy/ptII/ptolemy/actor/lib/test/auto/OrderedRecordDisassembler.xml
----------------- Instantiating /home/travis/build/icyphy/ptII/ptolemy/actor/lib/test/auto/OrderedRecordDisassembler.xml
4 ms. Memory: 1364480K Free: 262833K (19%)
----------------- Invoking toplevel() on ptolemy.moml.MoMLSimpleApplication@24d7c9a5
----------------- Done invoking toplevel() on ptolemy.moml.MoMLSimpleApplication@24d7c9a5
reloadAllAccessors: .OrderedRecordDisassembler

===========================================================================================
----------------- testing Tue Apr 30 23:53:37 UTC 2019 /home/travis/build/icyphy/ptII/ptolemy/actor/lib/test/auto/OrderedRecordDisassembler2.xml
----------------- Instantiating /home/travis/build/icyphy/ptII/ptolemy/actor/lib/test/auto/OrderedRecordDisassembler2.xml
4 ms. Memory: 1364480K Free: 250387K (18%)
----------------- Invoking toplevel() on ptolemy.moml.MoMLSimpleApplication@79d22a77
----------------- Done invoking toplevel() on ptolemy.moml.MoMLSimpleApplication@79d22a77
reloadAllAccessors: .OrderedRecordDisassembler2

===========================================================================================
----------------- testing Tue Apr 30 23:53:37 UTC 2019 /home/travis/build/icyphy/ptII/ptolemy/actor/lib/test/auto/OrderedRecordUpdater.xml
----------------- Instantiating /home/travis/build/icyphy/ptII/ptolemy/actor/lib/test/auto/OrderedRecordUpdater.xml
6 ms. Memory: 1364480K Free: 231300K (17%)
----------------- Invoking toplevel() on ptolemy.moml.MoMLSimpleApplication@6a2b8493
----------------- Done invoking toplevel() on ptolemy.moml.MoMLSimpleApplication@6a2b8493
reloadAllAccessors: .RecordUpdater

===========================================================================================
----------------- testing Tue Apr 30 23:53:37 UTC 2019 /home/travis/build/icyphy/ptII/ptolemy/actor/lib/test/auto/OrderedRecordUpdater2.xml
----------------- Instantiating /home/travis/build/icyphy/ptII/ptolemy/actor/lib/test/auto/OrderedRecordUpdater2.xml
3 ms. Memory: 1364480K Free: 218853K (16%)
----------------- Invoking toplevel() on ptolemy.moml.MoMLSimpleApplication@49d138e3
----------------- Done invoking toplevel() on ptolemy.moml.MoMLSimpleApplication@49d138e3
reloadAllAccessors: .RecordUpdater2

===========================================================================================
----------------- testing Tue Apr 30 23:53:37 UTC 2019 /home/travis/build/icyphy/ptII/ptolemy/actor/lib/test/auto/PhaseUnwrap.xml
----------------- Instantiating /home/travis/build/icyphy/ptII/ptolemy/actor/lib/test/auto/PhaseUnwrap.xml
1 ms. Memory: 1364480K Free: 206406K (15%)
----------------- Invoking toplevel() on ptolemy.moml.MoMLSimpleApplication@1b427570
----------------- Done invoking toplevel() on ptolemy.moml.MoMLSimpleApplication@1b427570
reloadAllAccessors: .PhaseUnwrap

===========================================================================================
----------------- testing Tue Apr 30 23:53:37 UTC 2019 /home/travis/build/icyphy/ptII/ptolemy/actor/lib/test/auto/PoissonClock.xml
----------------- Instantiating /home/travis/build/icyphy/ptII/ptolemy/actor/lib/test/auto/PoissonClock.xml
3 ms. Memory: 1364480K Free: 187320K (14%)
----------------- Invoking toplevel() on ptolemy.moml.MoMLSimpleApplication@6967619
----------------- Done invoking toplevel() on ptolemy.moml.MoMLSimpleApplication@6967619
reloadAllAccessors: .PoissonClock

===========================================================================================
----------------- testing Tue Apr 30 23:53:37 UTC 2019 /home/travis/build/icyphy/ptII/ptolemy/actor/lib/test/auto/PoissonClock2.xml
----------------- Instantiating /home/travis/build/icyphy/ptII/ptolemy/actor/lib/test/auto/PoissonClock2.xml
1 ms. Memory: 1364480K Free: 174873K (13%)
----------------- Invoking toplevel() on ptolemy.moml.MoMLSimpleApplication@66346c46
----------------- Done invoking toplevel() on ptolemy.moml.MoMLSimpleApplication@66346c46
reloadAllAccessors: .PoissonClock2

===========================================================================================
----------------- testing Tue Apr 30 23:53:37 UTC 2019 /home/travis/build/icyphy/ptII/ptolemy/actor/lib/test/auto/PoissonClock3.xml
----------------- Instantiating /home/travis/build/icyphy/ptII/ptolemy/actor/lib/test/auto/PoissonClock3.xml
1 ms. Memory: 1364480K Free: 162426K (12%)
----------------- Invoking toplevel() on ptolemy.moml.MoMLSimpleApplication@6cda58ac
----------------- Done invoking toplevel() on ptolemy.moml.MoMLSimpleApplication@6cda58ac
reloadAllAccessors: .PoissonClock3

===========================================================================================
----------------- testing Tue Apr 30 23:53:37 UTC 2019 /home/travis/build/icyphy/ptII/ptolemy/actor/lib/test/auto/PubSubWithInitialTokens.xml
----------------- Instantiating /home/travis/build/icyphy/ptII/ptolemy/actor/lib/test/auto/PubSubWithInitialTokens.xml
2 ms. Memory: 1364480K Free: 143340K (11%)
----------------- Invoking toplevel() on ptolemy.moml.MoMLSimpleApplication@34ecf49b
----------------- Done invoking toplevel() on ptolemy.moml.MoMLSimpleApplication@34ecf49b
reloadAllAccessors: .PubSubWithInitialTokens

===========================================================================================
----------------- testing Tue Apr 30 23:53:37 UTC 2019 /home/travis/build/icyphy/ptII/ptolemy/actor/lib/test/auto/PubSubWithInitialTokens2.xml
----------------- Instantiating /home/travis/build/icyphy/ptII/ptolemy/actor/lib/test/auto/PubSubWithInitialTokens2.xml
2 ms. Memory: 1364480K Free: 130893K (10%)
----------------- Invoking toplevel() on ptolemy.moml.MoMLSimpleApplication@6cfeb393
----------------- Done invoking toplevel() on ptolemy.moml.MoMLSimpleApplication@6cfeb393
reloadAllAccessors: .PubSubWithInitialTokens2

===========================================================================================
----------------- testing Tue Apr 30 23:53:37 UTC 2019 /home/travis/build/icyphy/ptII/ptolemy/actor/lib/test/auto/PublisherClassNoParameter.xml
----------------- Instantiating /home/travis/build/icyphy/ptII/ptolemy/actor/lib/test/auto/PublisherClassNoParameter.xml
3 ms. Memory: 1364480K Free: 105583K (8%)
----------------- Invoking toplevel() on ptolemy.moml.MoMLSimpleApplication@4618049a
----------------- Done invoking toplevel() on ptolemy.moml.MoMLSimpleApplication@4618049a
reloadAllAccessors: .PublisherClassNoParameter

===========================================================================================
----------------- testing Tue Apr 30 23:53:37 UTC 2019 /home/travis/build/icyphy/ptII/ptolemy/actor/lib/test/auto/PublisherClassParameter.xml
----------------- Instantiating /home/travis/build/icyphy/ptII/ptolemy/actor/lib/test/auto/PublisherClassParameter.xml
3 ms. Memory: 1364480K Free: 86897K (6%)
----------------- Invoking toplevel() on ptolemy.moml.MoMLSimpleApplication@27505c53
----------------- Done invoking toplevel() on ptolemy.moml.MoMLSimpleApplication@27505c53
reloadAllAccessors: .PublisherClassParameter

===========================================================================================
----------------- testing Tue Apr 30 23:53:37 UTC 2019 /home/travis/build/icyphy/ptII/ptolemy/actor/lib/test/auto/PublisherNonStrictTest.xml
----------------- Instantiating /home/travis/build/icyphy/ptII/ptolemy/actor/lib/test/auto/PublisherNonStrictTest.xml
13 ms. Memory: 1570816K Free: 1526636K (97%)
----------------- Invoking toplevel() on ptolemy.moml.MoMLSimpleApplication@455d656a
----------------- Done invoking toplevel() on ptolemy.moml.MoMLSimpleApplication@455d656a
reloadAllAccessors: .PublisherNonStrictTest

===========================================================================================
----------------- testing Tue Apr 30 23:53:37 UTC 2019 /home/travis/build/icyphy/ptII/ptolemy/actor/lib/test/auto/PublisherPort1.xml
----------------- Instantiating /home/travis/build/icyphy/ptII/ptolemy/actor/lib/test/auto/PublisherPort1.xml
2 ms. Memory: 1570816K Free: 1501682K (96%)
----------------- Invoking toplevel() on ptolemy.moml.MoMLSimpleApplication@5bb6e910
----------------- Done invoking toplevel() on ptolemy.moml.MoMLSimpleApplication@5bb6e910
reloadAllAccessors: .PublisherPort1

===========================================================================================
----------------- testing Tue Apr 30 23:53:37 UTC 2019 /home/travis/build/icyphy/ptII/ptolemy/actor/lib/test/auto/PublisherPort2.xml
----------------- Instantiating /home/travis/build/icyphy/ptII/ptolemy/actor/lib/test/auto/PublisherPort2.xml
1 ms. Memory: 1570816K Free: 1486983K (95%)
----------------- Invoking toplevel() on ptolemy.moml.MoMLSimpleApplication@530c4a15
----------------- Done invoking toplevel() on ptolemy.moml.MoMLSimpleApplication@530c4a15
reloadAllAccessors: .PublisherPort2

===========================================================================================
----------------- testing Tue Apr 30 23:53:37 UTC 2019 /home/travis/build/icyphy/ptII/ptolemy/actor/lib/test/auto/PublisherPort3.xml
----------------- Instantiating /home/travis/build/icyphy/ptII/ptolemy/actor/lib/test/auto/PublisherPort3.xml
3 ms. Memory: 1570816K Free: 1465704K (93%)
----------------- Invoking toplevel() on ptolemy.moml.MoMLSimpleApplication@24b0a22c
----------------- Done invoking toplevel() on ptolemy.moml.MoMLSimpleApplication@24b0a22c
reloadAllAccessors: .PublisherPort3

===========================================================================================
----------------- testing Tue Apr 30 23:53:37 UTC 2019 /home/travis/build/icyphy/ptII/ptolemy/actor/lib/test/auto/PublisherPort4.xml
----------------- Instantiating /home/travis/build/icyphy/ptII/ptolemy/actor/lib/test/auto/PublisherPort4.xml
2 ms. Memory: 1570816K Free: 1451005K (92%)
----------------- Invoking toplevel() on ptolemy.moml.MoMLSimpleApplication@72c53d7e
----------------- Done invoking toplevel() on ptolemy.moml.MoMLSimpleApplication@72c53d7e
reloadAllAccessors: .PublisherPort4

===========================================================================================
----------------- testing Tue Apr 30 23:53:37 UTC 2019 /home/travis/build/icyphy/ptII/ptolemy/actor/lib/test/auto/PublisherPort5.xml
----------------- Instantiating /home/travis/build/icyphy/ptII/ptolemy/actor/lib/test/auto/PublisherPort5.xml
2 ms. Memory: 1570816K Free: 1436305K (91%)
----------------- Invoking toplevel() on ptolemy.moml.MoMLSimpleApplication@5e3fa395
----------------- Done invoking toplevel() on ptolemy.moml.MoMLSimpleApplication@5e3fa395
reloadAllAccessors: .PublisherPort5

===========================================================================================
----------------- testing Tue Apr 30 23:53:37 UTC 2019 /home/travis/build/icyphy/ptII/ptolemy/actor/lib/test/auto/PublisherPort5LookAlike.xml
----------------- Instantiating /home/travis/build/icyphy/ptII/ptolemy/actor/lib/test/auto/PublisherPort5LookAlike.xml
3 ms. Memory: 1570816K Free: 1414942K (90%)
----------------- Invoking toplevel() on ptolemy.moml.MoMLSimpleApplication@727dc441
----------------- Done invoking toplevel() on ptolemy.moml.MoMLSimpleApplication@727dc441
reloadAllAccessors: .PublisherPort5LookAlike

===========================================================================================
----------------- testing Tue Apr 30 23:53:37 UTC 2019 /home/travis/build/icyphy/ptII/ptolemy/actor/lib/test/auto/PublisherPort6.xml
----------------- Instantiating /home/travis/build/icyphy/ptII/ptolemy/actor/lib/test/auto/PublisherPort6.xml
2 ms. Memory: 1570816K Free: 1400243K (89%)
----------------- Invoking toplevel() on ptolemy.moml.MoMLSimpleApplication@448f404e
----------------- Done invoking toplevel() on ptolemy.moml.MoMLSimpleApplication@448f404e
reloadAllAccessors: .PublisherPort6

===========================================================================================
----------------- testing Tue Apr 30 23:53:37 UTC 2019 /home/travis/build/icyphy/ptII/ptolemy/actor/lib/test/auto/PublisherPort7.xml
----------------- Instantiating /home/travis/build/icyphy/ptII/ptolemy/actor/lib/test/auto/PublisherPort7.xml
3 ms. Memory: 1570816K Free: 1385543K (88%)
----------------- Invoking toplevel() on ptolemy.moml.MoMLSimpleApplication@719171d8
----------------- Done invoking toplevel() on ptolemy.moml.MoMLSimpleApplication@719171d8
reloadAllAccessors: .PublisherPort7

===========================================================================================
----------------- testing Tue Apr 30 23:53:37 UTC 2019 /home/travis/build/icyphy/ptII/ptolemy/actor/lib/test/auto/PublisherPort8.xml
----------------- Instantiating /home/travis/build/icyphy/ptII/ptolemy/actor/lib/test/auto/PublisherPort8.xml
4 ms. Memory: 1570816K Free: 1364265K (87%)
----------------- Invoking toplevel() on ptolemy.moml.MoMLSimpleApplication@1124eaa8
----------------- Done invoking toplevel() on ptolemy.moml.MoMLSimpleApplication@1124eaa8
reloadAllAccessors: .PublisherPort8

===========================================================================================
----------------- testing Tue Apr 30 23:53:37 UTC 2019 /home/travis/build/icyphy/ptII/ptolemy/actor/lib/test/auto/PublisherPortSubscriberChannelVariablesAOC2.xml
----------------- Instantiating /home/travis/build/icyphy/ptII/ptolemy/actor/lib/test/auto/PublisherPortSubscriberChannelVariablesAOC2.xml
3 ms. Memory: 1570816K Free: 1342200K (85%)
----------------- Invoking toplevel() on ptolemy.moml.MoMLSimpleApplication@104941a0
----------------- Done invoking toplevel() on ptolemy.moml.MoMLSimpleApplication@104941a0
reloadAllAccessors: .PublisherPortSubscriberChannelVariablesAOC2

===========================================================================================
----------------- testing Tue Apr 30 23:53:37 UTC 2019 /home/travis/build/icyphy/ptII/ptolemy/actor/lib/test/auto/PublisherPortSubscriberOpaqueWidthInference.xml
----------------- Instantiating /home/travis/build/icyphy/ptII/ptolemy/actor/lib/test/auto/PublisherPortSubscriberOpaqueWidthInference.xml
3 ms. Memory: 1570816K Free: 1320921K (84%)
----------------- Invoking toplevel() on ptolemy.moml.MoMLSimpleApplication@73a7d60b
----------------- Done invoking toplevel() on ptolemy.moml.MoMLSimpleApplication@73a7d60b
reloadAllAccessors: .PublisherPortSubscriberOpaqueWidthInference

===========================================================================================
----------------- testing Tue Apr 30 23:53:37 UTC 2019 /home/travis/build/icyphy/ptII/ptolemy/actor/lib/test/auto/PublisherPortSubscriberPortAdjacent.xml
----------------- Instantiating /home/travis/build/icyphy/ptII/ptolemy/actor/lib/test/auto/PublisherPortSubscriberPortAdjacent.xml
2 ms. Memory: 1570816K Free: 1306222K (83%)
----------------- Invoking toplevel() on ptolemy.moml.MoMLSimpleApplication@5a5e25c6
----------------- Done invoking toplevel() on ptolemy.moml.MoMLSimpleApplication@5a5e25c6
reloadAllAccessors: .PublisherPortSubscriberPortAdjacent

===========================================================================================
----------------- testing Tue Apr 30 23:53:37 UTC 2019 /home/travis/build/icyphy/ptII/ptolemy/actor/lib/test/auto/PublisherPortSubscriberPortExpression.xml
----------------- Instantiating /home/travis/build/icyphy/ptII/ptolemy/actor/lib/test/auto/PublisherPortSubscriberPortExpression.xml
4 ms. Memory: 1570816K Free: 1291522K (82%)
----------------- Invoking toplevel() on ptolemy.moml.MoMLSimpleApplication@76e03a63
----------------- Done invoking toplevel() on ptolemy.moml.MoMLSimpleApplication@76e03a63
reloadAllAccessors: .PublisherPortSubscriberPortExpression

===========================================================================================
----------------- testing Tue Apr 30 23:53:37 UTC 2019 /home/travis/build/icyphy/ptII/ptolemy/actor/lib/test/auto/PublisherPortSubscriberPortOpaqueD3Reverse.xml
----------------- Instantiating /home/travis/build/icyphy/ptII/ptolemy/actor/lib/test/auto/PublisherPortSubscriberPortOpaqueD3Reverse.xml
5 ms. Memory: 1570816K Free: 1270243K (81%)
----------------- Invoking toplevel() on ptolemy.moml.MoMLSimpleApplication@60c13e53
----------------- Done invoking toplevel() on ptolemy.moml.MoMLSimpleApplication@60c13e53
reloadAllAccessors: .PublisherPortSubscriberPortOpaqueD3Reverse

===========================================================================================
----------------- testing Tue Apr 30 23:53:37 UTC 2019 /home/travis/build/icyphy/ptII/ptolemy/actor/lib/test/auto/PublisherPortSubscriberPortOpaqueWidthInference.xml
----------------- Instantiating /home/travis/build/icyphy/ptII/ptolemy/actor/lib/test/auto/PublisherPortSubscriberPortOpaqueWidthInference.xml
3 ms. Memory: 1570816K Free: 1255544K (80%)
----------------- Invoking toplevel() on ptolemy.moml.MoMLSimpleApplication@792dbc71
----------------- Done invoking toplevel() on ptolemy.moml.MoMLSimpleApplication@792dbc71
reloadAllAccessors: .PublisherPortSubscriberPortOpaqueWidthInference

===========================================================================================
----------------- testing Tue Apr 30 23:53:37 UTC 2019 /home/travis/build/icyphy/ptII/ptolemy/actor/lib/test/auto/PublisherPortToplevelSubscriberPortAOC.xml
----------------- Instantiating /home/travis/build/icyphy/ptII/ptolemy/actor/lib/test/auto/PublisherPortToplevelSubscriberPortAOC.xml
.PublisherPortToplevelSubscriberPortAOC.TestExceptionAttribute: initialize() was not invoked, but wrapup() was.  This is unusual, but not always a problem.  For example, exporting JNLP will do this.
0 ms. Memory: 1570816K Free: 1240844K (79%)
----------------- Invoking toplevel() on ptolemy.moml.MoMLSimpleApplication@e451b5f
----------------- Done invoking toplevel() on ptolemy.moml.MoMLSimpleApplication@e451b5f
reloadAllAccessors: .PublisherPortToplevelSubscriberPortAOC

===========================================================================================
----------------- testing Tue Apr 30 23:53:37 UTC 2019 /home/travis/build/icyphy/ptII/ptolemy/actor/lib/test/auto/PublisherSubscriber.xml
----------------- Instantiating /home/travis/build/icyphy/ptII/ptolemy/actor/lib/test/auto/PublisherSubscriber.xml
2 ms. Memory: 1570816K Free: 1219566K (78%)
----------------- Invoking toplevel() on ptolemy.moml.MoMLSimpleApplication@537b12f1
----------------- Done invoking toplevel() on ptolemy.moml.MoMLSimpleApplication@537b12f1
reloadAllAccessors: .PublisherSubscriber

===========================================================================================
----------------- testing Tue Apr 30 23:53:37 UTC 2019 /home/travis/build/icyphy/ptII/ptolemy/actor/lib/test/auto/PublisherSubscriber10.xml
----------------- Instantiating /home/travis/build/icyphy/ptII/ptolemy/actor/lib/test/auto/PublisherSubscriber10.xml
5 ms. Memory: 1570816K Free: 1204866K (77%)
----------------- Invoking toplevel() on ptolemy.moml.MoMLSimpleApplication@2fd36584
----------------- Done invoking toplevel() on ptolemy.moml.MoMLSimpleApplication@2fd36584
reloadAllAccessors: .PublisherSubscriber10

===========================================================================================
----------------- testing Tue Apr 30 23:53:37 UTC 2019 /home/travis/build/icyphy/ptII/ptolemy/actor/lib/test/auto/PublisherSubscriber10InitialOutputs.xml
----------------- Instantiating /home/travis/build/icyphy/ptII/ptolemy/actor/lib/test/auto/PublisherSubscriber10InitialOutputs.xml
15 ms. Memory: 1570816K Free: 1190167K (76%)
----------------- Invoking toplevel() on ptolemy.moml.MoMLSimpleApplication@51442d3f
----------------- Done invoking toplevel() on ptolemy.moml.MoMLSimpleApplication@51442d3f
reloadAllAccessors: .PublisherSubscriber10InitialOutputs

===========================================================================================
----------------- testing Tue Apr 30 23:53:37 UTC 2019 /home/travis/build/icyphy/ptII/ptolemy/actor/lib/test/auto/PublisherSubscriber11.xml
----------------- Instantiating /home/travis/build/icyphy/ptII/ptolemy/actor/lib/test/auto/PublisherSubscriber11.xml
2 ms. Memory: 1570816K Free: 1168888K (74%)
----------------- Invoking toplevel() on ptolemy.moml.MoMLSimpleApplication@5d9a8b58
----------------- Done invoking toplevel() on ptolemy.moml.MoMLSimpleApplication@5d9a8b58
reloadAllAccessors: .PublisherSubscriber11

===========================================================================================
----------------- testing Tue Apr 30 23:53:37 UTC 2019 /home/travis/build/icyphy/ptII/ptolemy/actor/lib/test/auto/PublisherSubscriber12.xml
----------------- Instantiating /home/travis/build/icyphy/ptII/ptolemy/actor/lib/test/auto/PublisherSubscriber12.xml
5 ms. Memory: 1570816K Free: 1154189K (73%)
----------------- Invoking toplevel() on ptolemy.moml.MoMLSimpleApplication@1d490c1e
----------------- Done invoking toplevel() on ptolemy.moml.MoMLSimpleApplication@1d490c1e
reloadAllAccessors: .PublisherSubscriber12

===========================================================================================
----------------- testing Tue Apr 30 23:53:37 UTC 2019 /home/travis/build/icyphy/ptII/ptolemy/actor/lib/test/auto/PublisherSubscriber13.xml
----------------- Instantiating /home/travis/build/icyphy/ptII/ptolemy/actor/lib/test/auto/PublisherSubscriber13.xml
2 ms. Memory: 1570816K Free: 1132910K (72%)
----------------- Invoking toplevel() on ptolemy.moml.MoMLSimpleApplication@7557b101
----------------- Done invoking toplevel() on ptolemy.moml.MoMLSimpleApplication@7557b101
reloadAllAccessors: .PublisherSubscriber13

===========================================================================================
----------------- testing Tue Apr 30 23:53:38 UTC 2019 /home/travis/build/icyphy/ptII/ptolemy/actor/lib/test/auto/PublisherSubscriber14.xml
----------------- Instantiating /home/travis/build/icyphy/ptII/ptolemy/actor/lib/test/auto/PublisherSubscriber14.xml
2 ms. Memory: 1570816K Free: 1118210K (71%)
----------------- Invoking toplevel() on ptolemy.moml.MoMLSimpleApplication@5294c14e
----------------- Done invoking toplevel() on ptolemy.moml.MoMLSimpleApplication@5294c14e
reloadAllAccessors: .PublisherSubscriber14

===========================================================================================
----------------- testing Tue Apr 30 23:53:38 UTC 2019 /home/travis/build/icyphy/ptII/ptolemy/actor/lib/test/auto/PublisherSubscriber2.xml
----------------- Instantiating /home/travis/build/icyphy/ptII/ptolemy/actor/lib/test/auto/PublisherSubscriber2.xml
4 ms. Memory: 1570816K Free: 1103511K (70%)
----------------- Invoking toplevel() on ptolemy.moml.MoMLSimpleApplication@745e136f
----------------- Done invoking toplevel() on ptolemy.moml.MoMLSimpleApplication@745e136f
reloadAllAccessors: .PublisherSubscriber2

===========================================================================================
----------------- testing Tue Apr 30 23:53:38 UTC 2019 /home/travis/build/icyphy/ptII/ptolemy/actor/lib/test/auto/PublisherSubscriber3.xml
----------------- Instantiating /home/travis/build/icyphy/ptII/ptolemy/actor/lib/test/auto/PublisherSubscriber3.xml
2 ms. Memory: 1570816K Free: 1082232K (69%)
----------------- Invoking toplevel() on ptolemy.moml.MoMLSimpleApplication@166b9e83
----------------- Done invoking toplevel() on ptolemy.moml.MoMLSimpleApplication@166b9e83
reloadAllAccessors: .PublisherSubscriber3

===========================================================================================
----------------- testing Tue Apr 30 23:53:38 UTC 2019 /home/travis/build/icyphy/ptII/ptolemy/actor/lib/test/auto/PublisherSubscriber4.xml
----------------- Instantiating /home/travis/build/icyphy/ptII/ptolemy/actor/lib/test/auto/PublisherSubscriber4.xml
2 ms. Memory: 1570816K Free: 1067533K (68%)
----------------- Invoking toplevel() on ptolemy.moml.MoMLSimpleApplication@6c6206e0
----------------- Done invoking toplevel() on ptolemy.moml.MoMLSimpleApplication@6c6206e0
reloadAllAccessors: .PublisherSubscriber4

===========================================================================================
----------------- testing Tue Apr 30 23:53:38 UTC 2019 /home/travis/build/icyphy/ptII/ptolemy/actor/lib/test/auto/PublisherSubscriber5.xml
----------------- Instantiating /home/travis/build/icyphy/ptII/ptolemy/actor/lib/test/auto/PublisherSubscriber5.xml
2 ms. Memory: 1570816K Free: 1052833K (67%)
----------------- Invoking toplevel() on ptolemy.moml.MoMLSimpleApplication@5104d086
----------------- Done invoking toplevel() on ptolemy.moml.MoMLSimpleApplication@5104d086
reloadAllAccessors: .PublisherSubscriber5

===========================================================================================
----------------- testing Tue Apr 30 23:53:38 UTC 2019 /home/travis/build/icyphy/ptII/ptolemy/actor/lib/test/auto/PublisherSubscriber6.xml
----------------- Instantiating /home/travis/build/icyphy/ptII/ptolemy/actor/lib/test/auto/PublisherSubscriber6.xml
4 ms. Memory: 1570816K Free: 1031555K (66%)
----------------- Invoking toplevel() on ptolemy.moml.MoMLSimpleApplication@5dec6e93
----------------- Done invoking toplevel() on ptolemy.moml.MoMLSimpleApplication@5dec6e93
reloadAllAccessors: .PublisherSubscriber6

===========================================================================================
----------------- testing Tue Apr 30 23:53:38 UTC 2019 /home/travis/build/icyphy/ptII/ptolemy/actor/lib/test/auto/PublisherSubscriber7.xml
----------------- Instantiating /home/travis/build/icyphy/ptII/ptolemy/actor/lib/test/auto/PublisherSubscriber7.xml
6 ms. Memory: 1570816K Free: 1016855K (65%)
----------------- Invoking toplevel() on ptolemy.moml.MoMLSimpleApplication@1296a3cc
----------------- Done invoking toplevel() on ptolemy.moml.MoMLSimpleApplication@1296a3cc
reloadAllAccessors: .PublisherSubscriber7

===========================================================================================
----------------- testing Tue Apr 30 23:53:38 UTC 2019 /home/travis/build/icyphy/ptII/ptolemy/actor/lib/test/auto/PublisherSubscriber8.xml
----------------- Instantiating /home/travis/build/icyphy/ptII/ptolemy/actor/lib/test/auto/PublisherSubscriber8.xml
17 ms. Memory: 1570816K Free: 922079K (59%)
----------------- Invoking toplevel() on ptolemy.moml.MoMLSimpleApplication@241c930f
----------------- Done invoking toplevel() on ptolemy.moml.MoMLSimpleApplication@241c930f
reloadAllAccessors: .PublisherSubscriber8

===========================================================================================
----------------- testing Tue Apr 30 23:53:38 UTC 2019 /home/travis/build/icyphy/ptII/ptolemy/actor/lib/test/auto/PublisherSubscriber9.xml
----------------- Instantiating /home/travis/build/icyphy/ptII/ptolemy/actor/lib/test/auto/PublisherSubscriber9.xml
2 ms. Memory: 1570816K Free: 907379K (58%)
----------------- Invoking toplevel() on ptolemy.moml.MoMLSimpleApplication@a7a21f6
----------------- Done invoking toplevel() on ptolemy.moml.MoMLSimpleApplication@a7a21f6
reloadAllAccessors: .PublisherSubscriber9

===========================================================================================
----------------- testing Tue Apr 30 23:53:38 UTC 2019 /home/travis/build/icyphy/ptII/ptolemy/actor/lib/test/auto/PublisherSubscriberAdjacent.xml
----------------- Instantiating /home/travis/build/icyphy/ptII/ptolemy/actor/lib/test/auto/PublisherSubscriberAdjacent.xml
2 ms. Memory: 1570816K Free: 892680K (57%)
----------------- Invoking toplevel() on ptolemy.moml.MoMLSimpleApplication@54bbb22b
----------------- Done invoking toplevel() on ptolemy.moml.MoMLSimpleApplication@54bbb22b
reloadAllAccessors: .PublisherSubscriberAdjacent

===========================================================================================
----------------- testing Tue Apr 30 23:53:38 UTC 2019 /home/travis/build/icyphy/ptII/ptolemy/actor/lib/test/auto/PublisherSubscriberChannelVariablesAOC2.xml
----------------- Instantiating /home/travis/build/icyphy/ptII/ptolemy/actor/lib/test/auto/PublisherSubscriberChannelVariablesAOC2.xml
3 ms. Memory: 1570816K Free: 864035K (55%)
----------------- Invoking toplevel() on ptolemy.moml.MoMLSimpleApplication@630a8617
----------------- Done invoking toplevel() on ptolemy.moml.MoMLSimpleApplication@630a8617
reloadAllAccessors: .PublisherSubscriberChannelVariablesAOC2

===========================================================================================
----------------- testing Tue Apr 30 23:53:38 UTC 2019 /home/travis/build/icyphy/ptII/ptolemy/actor/lib/test/auto/PublisherSubscriberD3.xml
----------------- Instantiating /home/travis/build/icyphy/ptII/ptolemy/actor/lib/test/auto/PublisherSubscriberD3.xml
5 ms. Memory: 1570816K Free: 849336K (54%)
----------------- Invoking toplevel() on ptolemy.moml.MoMLSimpleApplication@62eaf86e
----------------- Done invoking toplevel() on ptolemy.moml.MoMLSimpleApplication@62eaf86e
reloadAllAccessors: .PublisherSubscriberD3

===========================================================================================
----------------- testing Tue Apr 30 23:53:38 UTC 2019 /home/travis/build/icyphy/ptII/ptolemy/actor/lib/test/auto/PublisherSubscriberD3Reverse.xml
----------------- Instantiating /home/travis/build/icyphy/ptII/ptolemy/actor/lib/test/auto/PublisherSubscriberD3Reverse.xml
2 ms. Memory: 1570816K Free: 834636K (53%)
----------------- Invoking toplevel() on ptolemy.moml.MoMLSimpleApplication@dc39557
----------------- Done invoking toplevel() on ptolemy.moml.MoMLSimpleApplication@dc39557
reloadAllAccessors: .PublisherSubscriberD3Reverse

===========================================================================================
----------------- testing Tue Apr 30 23:53:38 UTC 2019 /home/travis/build/icyphy/ptII/ptolemy/actor/lib/test/auto/PublisherSubscriberExpression.xml
----------------- Instantiating /home/travis/build/icyphy/ptII/ptolemy/actor/lib/test/auto/PublisherSubscriberExpression.xml
3 ms. Memory: 1570816K Free: 813357K (52%)
----------------- Invoking toplevel() on ptolemy.moml.MoMLSimpleApplication@7519b756
----------------- Done invoking toplevel() on ptolemy.moml.MoMLSimpleApplication@7519b756
reloadAllAccessors: .PublisherSubscriberExpression

===========================================================================================
----------------- testing Tue Apr 30 23:53:38 UTC 2019 /home/travis/build/icyphy/ptII/ptolemy/actor/lib/test/auto/PublisherSubscriberOpaque.xml
----------------- Instantiating /home/travis/build/icyphy/ptII/ptolemy/actor/lib/test/auto/PublisherSubscriberOpaque.xml
4 ms. Memory: 1570816K Free: 798658K (51%)
----------------- Invoking toplevel() on ptolemy.moml.MoMLSimpleApplication@5add5bff
----------------- Done invoking toplevel() on ptolemy.moml.MoMLSimpleApplication@5add5bff
reloadAllAccessors: .PublisherSubscriberOpaque

===========================================================================================
----------------- testing Tue Apr 30 23:53:38 UTC 2019 /home/travis/build/icyphy/ptII/ptolemy/actor/lib/test/auto/PublisherSubscriberOpaqueD3.xml
----------------- Instantiating /home/travis/build/icyphy/ptII/ptolemy/actor/lib/test/auto/PublisherSubscriberOpaqueD3.xml
5 ms. Memory: 1570816K Free: 776593K (49%)
----------------- Invoking toplevel() on ptolemy.moml.MoMLSimpleApplication@62af96e
----------------- Done invoking toplevel() on ptolemy.moml.MoMLSimpleApplication@62af96e
reloadAllAccessors: .PublisherSubscriberOpaqueD3

===========================================================================================
----------------- testing Tue Apr 30 23:53:38 UTC 2019 /home/travis/build/icyphy/ptII/ptolemy/actor/lib/test/auto/PublisherSubscriberOpaqueD3Reverse.xml
----------------- Instantiating /home/travis/build/icyphy/ptII/ptolemy/actor/lib/test/auto/PublisherSubscriberOpaqueD3Reverse.xml
7 ms. Memory: 1570816K Free: 755314K (48%)
----------------- Invoking toplevel() on ptolemy.moml.MoMLSimpleApplication@62ac1a21
----------------- Done invoking toplevel() on ptolemy.moml.MoMLSimpleApplication@62ac1a21
reloadAllAccessors: .PublisherSubscriberOpaqueD3Reverse

===========================================================================================
----------------- testing Tue Apr 30 23:53:38 UTC 2019 /home/travis/build/icyphy/ptII/ptolemy/actor/lib/test/auto/PublisherSubscriberOpaqueWidthInference.xml
----------------- Instantiating /home/travis/build/icyphy/ptII/ptolemy/actor/lib/test/auto/PublisherSubscriberOpaqueWidthInference.xml
3 ms. Memory: 1570816K Free: 740614K (47%)
----------------- Invoking toplevel() on ptolemy.moml.MoMLSimpleApplication@7aa93f5
----------------- Done invoking toplevel() on ptolemy.moml.MoMLSimpleApplication@7aa93f5
reloadAllAccessors: .PublisherSubscriberOpaqueWidthInference

===========================================================================================
----------------- testing Tue Apr 30 23:53:38 UTC 2019 /home/travis/build/icyphy/ptII/ptolemy/actor/lib/test/auto/PublisherTestSubscriber.xml
----------------- Instantiating /home/travis/build/icyphy/ptII/ptolemy/actor/lib/test/auto/PublisherTestSubscriber.xml
3 ms. Memory: 1570816K Free: 719335K (46%)
----------------- Invoking toplevel() on ptolemy.moml.MoMLSimpleApplication@6b2db791
----------------- Done invoking toplevel() on ptolemy.moml.MoMLSimpleApplication@6b2db791
reloadAllAccessors: .PublisherTestSubscriber

===========================================================================================
----------------- testing Tue Apr 30 23:53:38 UTC 2019 /home/travis/build/icyphy/ptII/ptolemy/actor/lib/test/auto/PublisherToplevelSubscriberPortAOC.xml
----------------- Instantiating /home/travis/build/icyphy/ptII/ptolemy/actor/lib/test/auto/PublisherToplevelSubscriberPortAOC.xml
2 ms. Memory: 1570816K Free: 704636K (45%)
----------------- Invoking toplevel() on ptolemy.moml.MoMLSimpleApplication@35c93893
----------------- Done invoking toplevel() on ptolemy.moml.MoMLSimpleApplication@35c93893
reloadAllAccessors: .PublisherToplevelSubscriberPortAOC

===========================================================================================
----------------- testing Tue Apr 30 23:53:38 UTC 2019 /home/travis/build/icyphy/ptII/ptolemy/actor/lib/test/auto/PulseFiringLimitDE.xml
----------------- Instantiating /home/travis/build/icyphy/ptII/ptolemy/actor/lib/test/auto/PulseFiringLimitDE.xml
2 ms. Memory: 1570816K Free: 689936K (44%)
----------------- Invoking toplevel() on ptolemy.moml.MoMLSimpleApplication@29d5d9ae
----------------- Done invoking toplevel() on ptolemy.moml.MoMLSimpleApplication@29d5d9ae
reloadAllAccessors: .PulseFiringLimitDE

===========================================================================================
----------------- testing Tue Apr 30 23:53:38 UTC 2019 /home/travis/build/icyphy/ptII/ptolemy/actor/lib/test/auto/Ramp1.xml
----------------- Instantiating /home/travis/build/icyphy/ptII/ptolemy/actor/lib/test/auto/Ramp1.xml
1 ms. Memory: 1570816K Free: 668658K (43%)
----------------- Invoking toplevel() on ptolemy.moml.MoMLSimpleApplication@7ddca2ea
----------------- Done invoking toplevel() on ptolemy.moml.MoMLSimpleApplication@7ddca2ea
reloadAllAccessors: .Ramp1

===========================================================================================
----------------- testing Tue Apr 30 23:53:38 UTC 2019 /home/travis/build/icyphy/ptII/ptolemy/actor/lib/test/auto/RampFiringLimitDE.xml
----------------- Instantiating /home/travis/build/icyphy/ptII/ptolemy/actor/lib/test/auto/RampFiringLimitDE.xml
2 ms. Memory: 1570816K Free: 653958K (42%)
----------------- Invoking toplevel() on ptolemy.moml.MoMLSimpleApplication@464a2621
----------------- Done invoking toplevel() on ptolemy.moml.MoMLSimpleApplication@464a2621
reloadAllAccessors: .RampFiringLimitDE

===========================================================================================
----------------- testing Tue Apr 30 23:53:38 UTC 2019 /home/travis/build/icyphy/ptII/ptolemy/actor/lib/test/auto/RampFiringLimitSDF.xml
----------------- Instantiating /home/travis/build/icyphy/ptII/ptolemy/actor/lib/test/auto/RampFiringLimitSDF.xml
2 ms. Memory: 1570816K Free: 639259K (41%)
----------------- Invoking toplevel() on ptolemy.moml.MoMLSimpleApplication@1fc538e6
----------------- Done invoking toplevel() on ptolemy.moml.MoMLSimpleApplication@1fc538e6
reloadAllAccessors: .RampFiringLimitSDF

===========================================================================================
----------------- testing Tue Apr 30 23:53:38 UTC 2019 /home/travis/build/icyphy/ptII/ptolemy/actor/lib/test/auto/RandomInteger.xml
----------------- Instantiating /home/travis/build/icyphy/ptII/ptolemy/actor/lib/test/auto/RandomInteger.xml
1 ms. Memory: 1570816K Free: 617980K (39%)
----------------- Invoking toplevel() on ptolemy.moml.MoMLSimpleApplication@355d6825
----------------- Done invoking toplevel() on ptolemy.moml.MoMLSimpleApplication@355d6825
reloadAllAccessors: .RandomInteger

===========================================================================================
----------------- testing Tue Apr 30 23:53:38 UTC 2019 /home/travis/build/icyphy/ptII/ptolemy/actor/lib/test/auto/ReadFile1.xml
----------------- Instantiating /home/travis/build/icyphy/ptII/ptolemy/actor/lib/test/auto/ReadFile1.xml
2 ms. Memory: 1570816K Free: 603280K (38%)
----------------- Invoking toplevel() on ptolemy.moml.MoMLSimpleApplication@6ee09d33
----------------- Done invoking toplevel() on ptolemy.moml.MoMLSimpleApplication@6ee09d33
reloadAllAccessors: .ReadFile1

===========================================================================================
----------------- testing Tue Apr 30 23:53:38 UTC 2019 /home/travis/build/icyphy/ptII/ptolemy/actor/lib/test/auto/ReadFile2.xml
----------------- Instantiating /home/travis/build/icyphy/ptII/ptolemy/actor/lib/test/auto/ReadFile2.xml
1 ms. Memory: 1570816K Free: 582002K (37%)
----------------- Invoking toplevel() on ptolemy.moml.MoMLSimpleApplication@4f0ae326
----------------- Done invoking toplevel() on ptolemy.moml.MoMLSimpleApplication@4f0ae326
reloadAllAccessors: .ReadFile2

===========================================================================================
----------------- testing Tue Apr 30 23:53:38 UTC 2019 /home/travis/build/icyphy/ptII/ptolemy/actor/lib/test/auto/Reader.xml
----------------- Instantiating /home/travis/build/icyphy/ptII/ptolemy/actor/lib/test/auto/Reader.xml
actor.lib.Reader is obsolete, use actor.lib.io.ExpressionReader instead
11 ms. Memory: 1570816K Free: 567302K (36%)
----------------- Invoking toplevel() on ptolemy.moml.MoMLSimpleApplication@2107bae9
----------------- Done invoking toplevel() on ptolemy.moml.MoMLSimpleApplication@2107bae9
reloadAllAccessors: .Reader

===========================================================================================
----------------- testing Tue Apr 30 23:53:38 UTC 2019 /home/travis/build/icyphy/ptII/ptolemy/actor/lib/test/auto/RecordAssemblerDisplayNameTest.xml
----------------- Instantiating /home/travis/build/icyphy/ptII/ptolemy/actor/lib/test/auto/RecordAssemblerDisplayNameTest.xml
3050 ms. Memory: 1603072K Free: 809820K (51%)
----------------- Invoking toplevel() on ptolemy.moml.MoMLSimpleApplication@61a4b2b4
----------------- Done invoking toplevel() on ptolemy.moml.MoMLSimpleApplication@61a4b2b4
reloadAllAccessors: .RecordAssemblerDisplayNameTest

===========================================================================================
----------------- testing Tue Apr 30 23:53:41 UTC 2019 /home/travis/build/icyphy/ptII/ptolemy/actor/lib/test/auto/RecordAssemblerTypeError.xml
----------------- Instantiating /home/travis/build/icyphy/ptII/ptolemy/actor/lib/test/auto/RecordAssemblerTypeError.xml
5 ms. Memory: 1603072K Free: 778594K (49%)
----------------- Invoking toplevel() on ptolemy.moml.MoMLSimpleApplication@5cfee039
----------------- Done invoking toplevel() on ptolemy.moml.MoMLSimpleApplication@5cfee039
reloadAllAccessors: .RecordAssemblerTypeError

===========================================================================================
----------------- testing Tue Apr 30 23:53:41 UTC 2019 /home/travis/build/icyphy/ptII/ptolemy/actor/lib/test/auto/RecordDisassember.xml
----------------- Instantiating /home/travis/build/icyphy/ptII/ptolemy/actor/lib/test/auto/RecordDisassember.xml
3 ms. Memory: 1603072K Free: 763756K (48%)
----------------- Invoking toplevel() on ptolemy.moml.MoMLSimpleApplication@20158b34
----------------- Done invoking toplevel() on ptolemy.moml.MoMLSimpleApplication@20158b34
reloadAllAccessors: .RecordDisassember

===========================================================================================
----------------- testing Tue Apr 30 23:53:41 UTC 2019 /home/travis/build/icyphy/ptII/ptolemy/actor/lib/test/auto/RecordDisassemberDisplayNameTest.xml
----------------- Instantiating /home/travis/build/icyphy/ptII/ptolemy/actor/lib/test/auto/RecordDisassemberDisplayNameTest.xml
4 ms. Memory: 1603072K Free: 743730K (46%)
----------------- Invoking toplevel() on ptolemy.moml.MoMLSimpleApplication@583faf96
----------------- Done invoking toplevel() on ptolemy.moml.MoMLSimpleApplication@583faf96
reloadAllAccessors: .RecordDisassemberDisplayNameTest

===========================================================================================
----------------- testing Tue Apr 30 23:53:41 UTC 2019 /home/travis/build/icyphy/ptII/ptolemy/actor/lib/test/auto/RecordDisassembler.xml
----------------- Instantiating /home/travis/build/icyphy/ptII/ptolemy/actor/lib/test/auto/RecordDisassembler.xml
3 ms. Memory: 1603072K Free: 728892K (45%)
----------------- Invoking toplevel() on ptolemy.moml.MoMLSimpleApplication@35ce47e0
----------------- Done invoking toplevel() on ptolemy.moml.MoMLSimpleApplication@35ce47e0
reloadAllAccessors: .RecordDisassembler

===========================================================================================
----------------- testing Tue Apr 30 23:53:41 UTC 2019 /home/travis/build/icyphy/ptII/ptolemy/actor/lib/test/auto/RecordDisassembler2.xml
----------------- Instantiating /home/travis/build/icyphy/ptII/ptolemy/actor/lib/test/auto/RecordDisassembler2.xml
2 ms. Memory: 1603072K Free: 708866K (44%)
----------------- Invoking toplevel() on ptolemy.moml.MoMLSimpleApplication@15120fa
----------------- Done invoking toplevel() on ptolemy.moml.MoMLSimpleApplication@15120fa
reloadAllAccessors: .RecordDisassembler2

===========================================================================================
----------------- testing Tue Apr 30 23:53:41 UTC 2019 /home/travis/build/icyphy/ptII/ptolemy/actor/lib/test/auto/RecordUpdater.xml
----------------- Instantiating /home/travis/build/icyphy/ptII/ptolemy/actor/lib/test/auto/RecordUpdater.xml
2 ms. Memory: 1603072K Free: 694028K (43%)
----------------- Invoking toplevel() on ptolemy.moml.MoMLSimpleApplication@26378171
----------------- Done invoking toplevel() on ptolemy.moml.MoMLSimpleApplication@26378171
reloadAllAccessors: .RecordUpdater

===========================================================================================
----------------- testing Tue Apr 30 23:53:41 UTC 2019 /home/travis/build/icyphy/ptII/ptolemy/actor/lib/test/auto/RecordUpdater2.xml
----------------- Instantiating /home/travis/build/icyphy/ptII/ptolemy/actor/lib/test/auto/RecordUpdater2.xml
2 ms. Memory: 1603072K Free: 674002K (42%)
----------------- Invoking toplevel() on ptolemy.moml.MoMLSimpleApplication@12dc7963
----------------- Done invoking toplevel() on ptolemy.moml.MoMLSimpleApplication@12dc7963
reloadAllAccessors: .RecordUpdater2

===========================================================================================
----------------- testing Tue Apr 30 23:53:41 UTC 2019 /home/travis/build/icyphy/ptII/ptolemy/actor/lib/test/auto/RecursiveLattice.xml
----------------- Instantiating /home/travis/build/icyphy/ptII/ptolemy/actor/lib/test/auto/RecursiveLattice.xml
1 ms. Memory: 1603072K Free: 659164K (41%)
----------------- Invoking toplevel() on ptolemy.moml.MoMLSimpleApplication@69529bf0
----------------- Done invoking toplevel() on ptolemy.moml.MoMLSimpleApplication@69529bf0
reloadAllAccessors: .RecursiveLattice

===========================================================================================
----------------- testing Tue Apr 30 23:53:41 UTC 2019 /home/travis/build/icyphy/ptII/ptolemy/actor/lib/test/auto/Router.xml
----------------- Instantiating /home/travis/build/icyphy/ptII/ptolemy/actor/lib/test/auto/Router.xml
3004 ms. Memory: 1603072K Free: 639138K (40%)
----------------- Invoking toplevel() on ptolemy.moml.MoMLSimpleApplication@410a4dff
----------------- Done invoking toplevel() on ptolemy.moml.MoMLSimpleApplication@410a4dff
reloadAllAccessors: .Router

===========================================================================================
----------------- testing Tue Apr 30 23:53:44 UTC 2019 /home/travis/build/icyphy/ptII/ptolemy/actor/lib/test/auto/Router2.xml
----------------- Instantiating /home/travis/build/icyphy/ptII/ptolemy/actor/lib/test/auto/Router2.xml
3008 ms. Memory: 1603072K Free: 624300K (39%)
----------------- Invoking toplevel() on ptolemy.moml.MoMLSimpleApplication@53577770
----------------- Done invoking toplevel() on ptolemy.moml.MoMLSimpleApplication@53577770
reloadAllAccessors: .Router2

===========================================================================================
----------------- testing Tue Apr 30 23:53:47 UTC 2019 /home/travis/build/icyphy/ptII/ptolemy/actor/lib/test/auto/RunningMaximum.xml
----------------- Instantiating /home/travis/build/icyphy/ptII/ptolemy/actor/lib/test/auto/RunningMaximum.xml
2 ms. Memory: 1603072K Free: 604274K (38%)
----------------- Invoking toplevel() on ptolemy.moml.MoMLSimpleApplication@7d9743ef
----------------- Done invoking toplevel() on ptolemy.moml.MoMLSimpleApplication@7d9743ef
reloadAllAccessors: .RunningMaximum

===========================================================================================
----------------- testing Tue Apr 30 23:53:47 UTC 2019 /home/travis/build/icyphy/ptII/ptolemy/actor/lib/test/auto/RunningMinimum.xml
----------------- Instantiating /home/travis/build/icyphy/ptII/ptolemy/actor/lib/test/auto/RunningMinimum.xml
2 ms. Memory: 1603072K Free: 589436K (37%)
----------------- Invoking toplevel() on ptolemy.moml.MoMLSimpleApplication@70a7c338
----------------- Done invoking toplevel() on ptolemy.moml.MoMLSimpleApplication@70a7c338
reloadAllAccessors: .RunningMinimum

===========================================================================================
----------------- testing Tue Apr 30 23:53:47 UTC 2019 /home/travis/build/icyphy/ptII/ptolemy/actor/lib/test/auto/Scale.xml
----------------- Instantiating /home/travis/build/icyphy/ptII/ptolemy/actor/lib/test/auto/Scale.xml
2 ms. Memory: 1603072K Free: 569410K (36%)
----------------- Invoking toplevel() on ptolemy.moml.MoMLSimpleApplication@b4d7356
----------------- Done invoking toplevel() on ptolemy.moml.MoMLSimpleApplication@b4d7356
reloadAllAccessors: .Scale

===========================================================================================
----------------- testing Tue Apr 30 23:53:47 UTC 2019 /home/travis/build/icyphy/ptII/ptolemy/actor/lib/test/auto/Scale2.xml
----------------- Instantiating /home/travis/build/icyphy/ptII/ptolemy/actor/lib/test/auto/Scale2.xml
6 ms. Memory: 1603072K Free: 554572K (35%)
----------------- Invoking toplevel() on ptolemy.moml.MoMLSimpleApplication@366e2c77
----------------- Done invoking toplevel() on ptolemy.moml.MoMLSimpleApplication@366e2c77
reloadAllAccessors: .Scale2

===========================================================================================
----------------- testing Tue Apr 30 23:53:48 UTC 2019 /home/travis/build/icyphy/ptII/ptolemy/actor/lib/test/auto/Scale3.xml
----------------- Instantiating /home/travis/build/icyphy/ptII/ptolemy/actor/lib/test/auto/Scale3.xml
4 ms. Memory: 1603072K Free: 539734K (34%)
----------------- Invoking toplevel() on ptolemy.moml.MoMLSimpleApplication@4db88703
----------------- Done invoking toplevel() on ptolemy.moml.MoMLSimpleApplication@4db88703
reloadAllAccessors: .Scale3

===========================================================================================
----------------- testing Tue Apr 30 23:53:48 UTC 2019 /home/travis/build/icyphy/ptII/ptolemy/actor/lib/test/auto/ScaleArray.xml
----------------- Instantiating /home/travis/build/icyphy/ptII/ptolemy/actor/lib/test/auto/ScaleArray.xml
4 ms. Memory: 1603072K Free: 519708K (32%)
----------------- Invoking toplevel() on ptolemy.moml.MoMLSimpleApplication@17567845
----------------- Done invoking toplevel() on ptolemy.moml.MoMLSimpleApplication@17567845
reloadAllAccessors: .ScaleArray

===========================================================================================
----------------- testing Tue Apr 30 23:53:48 UTC 2019 /home/travis/build/icyphy/ptII/ptolemy/actor/lib/test/auto/ScaleArray2.xml
----------------- Instantiating /home/travis/build/icyphy/ptII/ptolemy/actor/lib/test/auto/ScaleArray2.xml
1 ms. Memory: 1603072K Free: 504870K (31%)
----------------- Invoking toplevel() on ptolemy.moml.MoMLSimpleApplication@79cbcb14
----------------- Done invoking toplevel() on ptolemy.moml.MoMLSimpleApplication@79cbcb14
reloadAllAccessors: .ScaleArray2

===========================================================================================
----------------- testing Tue Apr 30 23:53:48 UTC 2019 /home/travis/build/icyphy/ptII/ptolemy/actor/lib/test/auto/ScaleMatrix.xml
----------------- Instantiating /home/travis/build/icyphy/ptII/ptolemy/actor/lib/test/auto/ScaleMatrix.xml
126 ms. Memory: 1603072K Free: 477425K (30%)
----------------- Invoking toplevel() on ptolemy.moml.MoMLSimpleApplication@6ad431af
----------------- Done invoking toplevel() on ptolemy.moml.MoMLSimpleApplication@6ad431af
reloadAllAccessors: .ScaleMatrix

===========================================================================================
----------------- testing Tue Apr 30 23:53:48 UTC 2019 /home/travis/build/icyphy/ptII/ptolemy/actor/lib/test/auto/Select.xml
----------------- Instantiating /home/travis/build/icyphy/ptII/ptolemy/actor/lib/test/auto/Select.xml
2 ms. Memory: 1603072K Free: 462587K (29%)
----------------- Invoking toplevel() on ptolemy.moml.MoMLSimpleApplication@21fa6e26
----------------- Done invoking toplevel() on ptolemy.moml.MoMLSimpleApplication@21fa6e26
reloadAllAccessors: .Select

===========================================================================================
----------------- testing Tue Apr 30 23:53:48 UTC 2019 /home/travis/build/icyphy/ptII/ptolemy/actor/lib/test/auto/Select2.xml
----------------- Instantiating /home/travis/build/icyphy/ptII/ptolemy/actor/lib/test/auto/Select2.xml
1 ms. Memory: 1603072K Free: 442561K (28%)
----------------- Invoking toplevel() on ptolemy.moml.MoMLSimpleApplication@4669dca5
----------------- Done invoking toplevel() on ptolemy.moml.MoMLSimpleApplication@4669dca5
reloadAllAccessors: .Select2

===========================================================================================
----------------- testing Tue Apr 30 23:53:48 UTC 2019 /home/travis/build/icyphy/ptII/ptolemy/actor/lib/test/auto/SequenceToArray2.xml
----------------- Instantiating /home/travis/build/icyphy/ptII/ptolemy/actor/lib/test/auto/SequenceToArray2.xml
72 ms. Memory: 1603072K Free: 353526K (22%)
----------------- Invoking toplevel() on ptolemy.moml.MoMLSimpleApplication@431d81
----------------- Done invoking toplevel() on ptolemy.moml.MoMLSimpleApplication@431d81
reloadAllAccessors: .SequenceToArray2

===========================================================================================
----------------- testing Tue Apr 30 23:53:48 UTC 2019 /home/travis/build/icyphy/ptII/ptolemy/actor/lib/test/auto/SequentialClock.xml
----------------- Instantiating /home/travis/build/icyphy/ptII/ptolemy/actor/lib/test/auto/SequentialClock.xml
1 ms. Memory: 1603072K Free: 333500K (21%)
----------------- Invoking toplevel() on ptolemy.moml.MoMLSimpleApplication@2990ed35
----------------- Done invoking toplevel() on ptolemy.moml.MoMLSimpleApplication@2990ed35
reloadAllAccessors: .SequentialClock

===========================================================================================
----------------- testing Tue Apr 30 23:53:48 UTC 2019 /home/travis/build/icyphy/ptII/ptolemy/actor/lib/test/auto/SetVariable.xml
----------------- Instantiating /home/travis/build/icyphy/ptII/ptolemy/actor/lib/test/auto/SetVariable.xml
4 ms. Memory: 1603072K Free: 318662K (20%)
----------------- Invoking toplevel() on ptolemy.moml.MoMLSimpleApplication@2ecd50f
----------------- Done invoking toplevel() on ptolemy.moml.MoMLSimpleApplication@2ecd50f
reloadAllAccessors: .SetVariable

===========================================================================================
----------------- testing Tue Apr 30 23:53:48 UTC 2019 /home/travis/build/icyphy/ptII/ptolemy/actor/lib/test/auto/SetVariable2.xml
----------------- Instantiating /home/travis/build/icyphy/ptII/ptolemy/actor/lib/test/auto/SetVariable2.xml
4 ms. Memory: 1603072K Free: 298636K (19%)
----------------- Invoking toplevel() on ptolemy.moml.MoMLSimpleApplication@5ecf0c6f
----------------- Done invoking toplevel() on ptolemy.moml.MoMLSimpleApplication@5ecf0c6f
reloadAllAccessors: .SetVariable2

===========================================================================================
----------------- testing Tue Apr 30 23:53:48 UTC 2019 /home/travis/build/icyphy/ptII/ptolemy/actor/lib/test/auto/SetVariable3.xml
----------------- Instantiating /home/travis/build/icyphy/ptII/ptolemy/actor/lib/test/auto/SetVariable3.xml
10 ms. Memory: 1603072K Free: 283798K (18%)
----------------- Invoking toplevel() on ptolemy.moml.MoMLSimpleApplication@556bba3
----------------- Done invoking toplevel() on ptolemy.moml.MoMLSimpleApplication@556bba3
reloadAllAccessors: .SetVariable3

===========================================================================================
----------------- testing Tue Apr 30 23:53:48 UTC 2019 /home/travis/build/icyphy/ptII/ptolemy/actor/lib/test/auto/SetVariable4.xml
----------------- Instantiating /home/travis/build/icyphy/ptII/ptolemy/actor/lib/test/auto/SetVariable4.xml
15 ms. Memory: 1603072K Free: 211839K (13%)
----------------- Invoking toplevel() on ptolemy.moml.MoMLSimpleApplication@4a00362a
----------------- Done invoking toplevel() on ptolemy.moml.MoMLSimpleApplication@4a00362a
reloadAllAccessors: .SetVariable4

===========================================================================================
----------------- testing Tue Apr 30 23:53:48 UTC 2019 /home/travis/build/icyphy/ptII/ptolemy/actor/lib/test/auto/SetVariable5.xml
----------------- Instantiating /home/travis/build/icyphy/ptII/ptolemy/actor/lib/test/auto/SetVariable5.xml
17 ms. Memory: 1603072K Free: 197002K (12%)
----------------- Invoking toplevel() on ptolemy.moml.MoMLSimpleApplication@1500499
----------------- Done invoking toplevel() on ptolemy.moml.MoMLSimpleApplication@1500499
reloadAllAccessors: .SetVariable5

===========================================================================================
----------------- testing Tue Apr 30 23:53:48 UTC 2019 /home/travis/build/icyphy/ptII/ptolemy/actor/lib/test/auto/Sinewave.xml
----------------- Instantiating /home/travis/build/icyphy/ptII/ptolemy/actor/lib/test/auto/Sinewave.xml
9 ms. Memory: 1603072K Free: 169541K (11%)
----------------- Invoking toplevel() on ptolemy.moml.MoMLSimpleApplication@5921df59
----------------- Done invoking toplevel() on ptolemy.moml.MoMLSimpleApplication@5921df59
reloadAllAccessors: .Sinewave

===========================================================================================
----------------- testing Tue Apr 30 23:53:48 UTC 2019 /home/travis/build/icyphy/ptII/ptolemy/actor/lib/test/auto/Sinewave2.xml
----------------- Instantiating /home/travis/build/icyphy/ptII/ptolemy/actor/lib/test/auto/Sinewave2.xml
8 ms. Memory: 1603072K Free: 154703K (10%)
----------------- Invoking toplevel() on ptolemy.moml.MoMLSimpleApplication@7974a505
----------------- Done invoking toplevel() on ptolemy.moml.MoMLSimpleApplication@7974a505
reloadAllAccessors: .Sinewave2

===========================================================================================
----------------- testing Tue Apr 30 23:53:48 UTC 2019 /home/travis/build/icyphy/ptII/ptolemy/actor/lib/test/auto/Sinewave3.xml
----------------- Instantiating /home/travis/build/icyphy/ptII/ptolemy/actor/lib/test/auto/Sinewave3.xml
8 ms. Memory: 1603072K Free: 134677K (8%)
----------------- Invoking toplevel() on ptolemy.moml.MoMLSimpleApplication@e66ded3
----------------- Done invoking toplevel() on ptolemy.moml.MoMLSimpleApplication@e66ded3
reloadAllAccessors: .Sinewave3

===========================================================================================
----------------- testing Tue Apr 30 23:53:48 UTC 2019 /home/travis/build/icyphy/ptII/ptolemy/actor/lib/test/auto/SingleEvent.xml
----------------- Instantiating /home/travis/build/icyphy/ptII/ptolemy/actor/lib/test/auto/SingleEvent.xml
1 ms. Memory: 1603072K Free: 119839K (7%)
----------------- Invoking toplevel() on ptolemy.moml.MoMLSimpleApplication@162ace37
----------------- Done invoking toplevel() on ptolemy.moml.MoMLSimpleApplication@162ace37
reloadAllAccessors: .SingleEvent

===========================================================================================
----------------- testing Tue Apr 30 23:53:48 UTC 2019 /home/travis/build/icyphy/ptII/ptolemy/actor/lib/test/auto/Sleep.xml
----------------- Instantiating /home/travis/build/icyphy/ptII/ptolemy/actor/lib/test/auto/Sleep.xml
6004 ms. Memory: 1603072K Free: 105001K (7%)
----------------- Invoking toplevel() on ptolemy.moml.MoMLSimpleApplication@4eee8fcb
----------------- Done invoking toplevel() on ptolemy.moml.MoMLSimpleApplication@4eee8fcb
reloadAllAccessors: .Sleep

===========================================================================================
----------------- testing Tue Apr 30 23:53:54 UTC 2019 /home/travis/build/icyphy/ptII/ptolemy/actor/lib/test/auto/SleepMultipleFire.xml
----------------- Instantiating /home/travis/build/icyphy/ptII/ptolemy/actor/lib/test/auto/SleepMultipleFire.xml
1006 ms. Memory: 1603072K Free: 84975K (5%)
----------------- Invoking toplevel() on ptolemy.moml.MoMLSimpleApplication@1e38ab8c
----------------- Done invoking toplevel() on ptolemy.moml.MoMLSimpleApplication@1e38ab8c
reloadAllAccessors: .SleepMultipleFire

===========================================================================================
----------------- testing Tue Apr 30 23:53:55 UTC 2019 /home/travis/build/icyphy/ptII/ptolemy/actor/lib/test/auto/StopDE.xml
----------------- Instantiating /home/travis/build/icyphy/ptII/ptolemy/actor/lib/test/auto/StopDE.xml
11 ms. Memory: 1783296K Free: 1738243K (97%)
----------------- Invoking toplevel() on ptolemy.moml.MoMLSimpleApplication@631eb7b3
----------------- Done invoking toplevel() on ptolemy.moml.MoMLSimpleApplication@631eb7b3
reloadAllAccessors: .StopDE

===========================================================================================
----------------- testing Tue Apr 30 23:53:55 UTC 2019 /home/travis/build/icyphy/ptII/ptolemy/actor/lib/test/auto/StopSDF.xml
----------------- Instantiating /home/travis/build/icyphy/ptII/ptolemy/actor/lib/test/auto/StopSDF.xml
2 ms. Memory: 1783296K Free: 1712977K (96%)
----------------- Invoking toplevel() on ptolemy.moml.MoMLSimpleApplication@34743e15
----------------- Done invoking toplevel() on ptolemy.moml.MoMLSimpleApplication@34743e15
reloadAllAccessors: .StopSDF

===========================================================================================
----------------- testing Tue Apr 30 23:53:55 UTC 2019 /home/travis/build/icyphy/ptII/ptolemy/actor/lib/test/auto/StringConstant.xml
----------------- Instantiating /home/travis/build/icyphy/ptII/ptolemy/actor/lib/test/auto/StringConstant.xml
4 ms. Memory: 1783296K Free: 1691876K (95%)
----------------- Invoking toplevel() on ptolemy.moml.MoMLSimpleApplication@6a657185
----------------- Done invoking toplevel() on ptolemy.moml.MoMLSimpleApplication@6a657185
reloadAllAccessors: .StringConstant

===========================================================================================
----------------- testing Tue Apr 30 23:53:55 UTC 2019 /home/travis/build/icyphy/ptII/ptolemy/actor/lib/test/auto/SubscriberPortInitialValues1.xml
----------------- Instantiating /home/travis/build/icyphy/ptII/ptolemy/actor/lib/test/auto/SubscriberPortInitialValues1.xml
6 ms. Memory: 1783296K Free: 1675215K (94%)
----------------- Invoking toplevel() on ptolemy.moml.MoMLSimpleApplication@712d678e
----------------- Done invoking toplevel() on ptolemy.moml.MoMLSimpleApplication@712d678e
reloadAllAccessors: .SubscriberPortInitialValues1

===========================================================================================
----------------- testing Tue Apr 30 23:53:55 UTC 2019 /home/travis/build/icyphy/ptII/ptolemy/actor/lib/test/auto/SubscriberPortInitialValues13.xml
----------------- Instantiating /home/travis/build/icyphy/ptII/ptolemy/actor/lib/test/auto/SubscriberPortInitialValues13.xml
7 ms. Memory: 1783296K Free: 1645776K (92%)
----------------- Invoking toplevel() on ptolemy.moml.MoMLSimpleApplication@63649f14
----------------- Done invoking toplevel() on ptolemy.moml.MoMLSimpleApplication@63649f14
reloadAllAccessors: .SubscriberPortInitialValues13

===========================================================================================
----------------- testing Tue Apr 30 23:53:55 UTC 2019 /home/travis/build/icyphy/ptII/ptolemy/actor/lib/test/auto/SubscriberPortInitialValues14.xml
----------------- Instantiating /home/travis/build/icyphy/ptII/ptolemy/actor/lib/test/auto/SubscriberPortInitialValues14.xml
8 ms. Memory: 1783296K Free: 1629115K (91%)
----------------- Invoking toplevel() on ptolemy.moml.MoMLSimpleApplication@64b3d4ab
----------------- Done invoking toplevel() on ptolemy.moml.MoMLSimpleApplication@64b3d4ab
reloadAllAccessors: .SubscriberPortInitialValues14

===========================================================================================
----------------- testing Tue Apr 30 23:53:55 UTC 2019 /home/travis/build/icyphy/ptII/ptolemy/actor/lib/test/auto/SubscriberPortInitialValues2.xml
----------------- Instantiating /home/travis/build/icyphy/ptII/ptolemy/actor/lib/test/auto/SubscriberPortInitialValues2.xml
4 ms. Memory: 1783296K Free: 1608014K (90%)
----------------- Invoking toplevel() on ptolemy.moml.MoMLSimpleApplication@2327996e
----------------- Done invoking toplevel() on ptolemy.moml.MoMLSimpleApplication@2327996e
reloadAllAccessors: .SubscriberPortInitialValues2

===========================================================================================
----------------- testing Tue Apr 30 23:53:55 UTC 2019 /home/travis/build/icyphy/ptII/ptolemy/actor/lib/test/auto/SubscriberPortInitialValues3.xml
----------------- Instantiating /home/travis/build/icyphy/ptII/ptolemy/actor/lib/test/auto/SubscriberPortInitialValues3.xml
4 ms. Memory: 1783296K Free: 1591354K (89%)
----------------- Invoking toplevel() on ptolemy.moml.MoMLSimpleApplication@211b4c0
----------------- Done invoking toplevel() on ptolemy.moml.MoMLSimpleApplication@211b4c0
reloadAllAccessors: .SubscriberPortInitialValues3

===========================================================================================
----------------- testing Tue Apr 30 23:53:55 UTC 2019 /home/travis/build/icyphy/ptII/ptolemy/actor/lib/test/auto/SubscriptionAggregator.xml
----------------- Instantiating /home/travis/build/icyphy/ptII/ptolemy/actor/lib/test/auto/SubscriptionAggregator.xml
3 ms. Memory: 1783296K Free: 1570253K (88%)
----------------- Invoking toplevel() on ptolemy.moml.MoMLSimpleApplication@290e5228
----------------- Done invoking toplevel() on ptolemy.moml.MoMLSimpleApplication@290e5228
reloadAllAccessors: .SubscriptionAggregator

===========================================================================================
----------------- testing Tue Apr 30 23:53:55 UTC 2019 /home/travis/build/icyphy/ptII/ptolemy/actor/lib/test/auto/SubscriptionAggregator2.xml
----------------- Instantiating /home/travis/build/icyphy/ptII/ptolemy/actor/lib/test/auto/SubscriptionAggregator2.xml
2 ms. Memory: 1783296K Free: 1553592K (87%)
----------------- Invoking toplevel() on ptolemy.moml.MoMLSimpleApplication@5ef6115
----------------- Done invoking toplevel() on ptolemy.moml.MoMLSimpleApplication@5ef6115
reloadAllAccessors: .SubscriptionAggregator2

===========================================================================================
----------------- testing Tue Apr 30 23:53:55 UTC 2019 /home/travis/build/icyphy/ptII/ptolemy/actor/lib/test/auto/SubscriptionAggregator3.xml
----------------- Instantiating /home/travis/build/icyphy/ptII/ptolemy/actor/lib/test/auto/SubscriptionAggregator3.xml
3 ms. Memory: 1783296K Free: 1532491K (86%)
----------------- Invoking toplevel() on ptolemy.moml.MoMLSimpleApplication@3a5a1060
----------------- Done invoking toplevel() on ptolemy.moml.MoMLSimpleApplication@3a5a1060
reloadAllAccessors: .SubscriptionAggregator3

===========================================================================================
----------------- testing Tue Apr 30 23:53:55 UTC 2019 /home/travis/build/icyphy/ptII/ptolemy/actor/lib/test/auto/SubscriptionAggregatorMultiply.xml
----------------- Instantiating /home/travis/build/icyphy/ptII/ptolemy/actor/lib/test/auto/SubscriptionAggregatorMultiply.xml
5 ms. Memory: 1783296K Free: 1511390K (85%)
----------------- Invoking toplevel() on ptolemy.moml.MoMLSimpleApplication@3f286bc
----------------- Done invoking toplevel() on ptolemy.moml.MoMLSimpleApplication@3f286bc
reloadAllAccessors: .SubscriptionAggregatorMultiply

===========================================================================================
----------------- testing Tue Apr 30 23:53:55 UTC 2019 /home/travis/build/icyphy/ptII/ptolemy/actor/lib/test/auto/SubscriptionAggregatorPortMultiply1.xml
----------------- Instantiating /home/travis/build/icyphy/ptII/ptolemy/actor/lib/test/auto/SubscriptionAggregatorPortMultiply1.xml
3 ms. Memory: 1783296K Free: 1494730K (84%)
----------------- Invoking toplevel() on ptolemy.moml.MoMLSimpleApplication@7ea9440f
----------------- Done invoking toplevel() on ptolemy.moml.MoMLSimpleApplication@7ea9440f
reloadAllAccessors: .SubscriptionAggregatorPortMultiply1

===========================================================================================
----------------- testing Tue Apr 30 23:53:55 UTC 2019 /home/travis/build/icyphy/ptII/ptolemy/actor/lib/test/auto/Switch.xml
----------------- Instantiating /home/travis/build/icyphy/ptII/ptolemy/actor/lib/test/auto/Switch.xml
7 ms. Memory: 1783296K Free: 1423607K (80%)
----------------- Invoking toplevel() on ptolemy.moml.MoMLSimpleApplication@4364934c
----------------- Done invoking toplevel() on ptolemy.moml.MoMLSimpleApplication@4364934c
reloadAllAccessors: .Switch

===========================================================================================
----------------- testing Tue Apr 30 23:53:55 UTC 2019 /home/travis/build/icyphy/ptII/ptolemy/actor/lib/test/auto/Switch2.xml
----------------- Instantiating /home/travis/build/icyphy/ptII/ptolemy/actor/lib/test/auto/Switch2.xml
1 ms. Memory: 1783296K Free: 1406947K (79%)
----------------- Invoking toplevel() on ptolemy.moml.MoMLSimpleApplication@48f11aa2
----------------- Done invoking toplevel() on ptolemy.moml.MoMLSimpleApplication@48f11aa2
reloadAllAccessors: .Switch2

===========================================================================================
----------------- testing Tue Apr 30 23:53:55 UTC 2019 /home/travis/build/icyphy/ptII/ptolemy/actor/lib/test/auto/SwitchDE.xml
----------------- Instantiating /home/travis/build/icyphy/ptII/ptolemy/actor/lib/test/auto/SwitchDE.xml
8 ms. Memory: 1783296K Free: 1385845K (78%)
----------------- Invoking toplevel() on ptolemy.moml.MoMLSimpleApplication@55a1aac
----------------- Done invoking toplevel() on ptolemy.moml.MoMLSimpleApplication@55a1aac
reloadAllAccessors: .SwitchDE

===========================================================================================
----------------- testing Tue Apr 30 23:53:56 UTC 2019 /home/travis/build/icyphy/ptII/ptolemy/actor/lib/test/auto/SynchronizerDE.xml
----------------- Instantiating /home/travis/build/icyphy/ptII/ptolemy/actor/lib/test/auto/SynchronizerDE.xml
7 ms. Memory: 1783296K Free: 1369185K (77%)
----------------- Invoking toplevel() on ptolemy.moml.MoMLSimpleApplication@76453a95
----------------- Done invoking toplevel() on ptolemy.moml.MoMLSimpleApplication@76453a95
reloadAllAccessors: .SynchronizerDE

===========================================================================================
----------------- testing Tue Apr 30 23:53:56 UTC 2019 /home/travis/build/icyphy/ptII/ptolemy/actor/lib/test/auto/Test.xml
----------------- Instantiating /home/travis/build/icyphy/ptII/ptolemy/actor/lib/test/auto/Test.xml
8 ms. Memory: 1783296K Free: 1348084K (76%)
----------------- Invoking toplevel() on ptolemy.moml.MoMLSimpleApplication@a11ecb6
----------------- Done invoking toplevel() on ptolemy.moml.MoMLSimpleApplication@a11ecb6
reloadAllAccessors: .Test

===========================================================================================
----------------- testing Tue Apr 30 23:53:56 UTC 2019 /home/travis/build/icyphy/ptII/ptolemy/actor/lib/test/auto/TestExceptionAttribute1.xml
----------------- Instantiating /home/travis/build/icyphy/ptII/ptolemy/actor/lib/test/auto/TestExceptionAttribute1.xml
1 ms. Memory: 1783296K Free: 1331424K (75%)
----------------- Invoking toplevel() on ptolemy.moml.MoMLSimpleApplication@36020f2
----------------- Done invoking toplevel() on ptolemy.moml.MoMLSimpleApplication@36020f2
reloadAllAccessors: .TestExceptionAttribute1

===========================================================================================
----------------- testing Tue Apr 30 23:53:56 UTC 2019 /home/travis/build/icyphy/ptII/ptolemy/actor/lib/test/auto/TestExceptionAttribute2.xml
----------------- Instantiating /home/travis/build/icyphy/ptII/ptolemy/actor/lib/test/auto/TestExceptionAttribute2.xml
1 ms. Memory: 1783296K Free: 1310323K (73%)
----------------- Invoking toplevel() on ptolemy.moml.MoMLSimpleApplication@26839aa8
----------------- Done invoking toplevel() on ptolemy.moml.MoMLSimpleApplication@26839aa8
reloadAllAccessors: .TestExceptionAttribute2

===========================================================================================
----------------- testing Tue Apr 30 23:53:56 UTC 2019 /home/travis/build/icyphy/ptII/ptolemy/actor/lib/test/auto/TestExceptionAttribute3.xml
----------------- Instantiating /home/travis/build/icyphy/ptII/ptolemy/actor/lib/test/auto/TestExceptionAttribute3.xml
.TestExceptionAttribute3.TestExceptionAttribute: initialize() was not invoked, but wrapup() was.  This is unusual, but not always a problem.  For example, exporting JNLP will do this.
1 ms. Memory: 1783296K Free: 1289222K (72%)
----------------- Invoking toplevel() on ptolemy.moml.MoMLSimpleApplication@2b4e458e
----------------- Done invoking toplevel() on ptolemy.moml.MoMLSimpleApplication@2b4e458e
reloadAllAccessors: .TestExceptionAttribute3

===========================================================================================
----------------- testing Tue Apr 30 23:53:56 UTC 2019 /home/travis/build/icyphy/ptII/ptolemy/actor/lib/test/auto/TestExceptionAttribute4.xml
----------------- Instantiating /home/travis/build/icyphy/ptII/ptolemy/actor/lib/test/auto/TestExceptionAttribute4.xml
.TestExceptionAttribute4.TestExceptionAttribute: initialize() was not invoked, but wrapup() was.  This is unusual, but not always a problem.  For example, exporting JNLP will do this.
.TestExceptionAttribute4.TestExceptionAttribute2: initialize() was not invoked, but wrapup() was.  This is unusual, but not always a problem.  For example, exporting JNLP will do this.
1 ms. Memory: 1783296K Free: 1272561K (71%)
----------------- Invoking toplevel() on ptolemy.moml.MoMLSimpleApplication@72ede315
----------------- Done invoking toplevel() on ptolemy.moml.MoMLSimpleApplication@72ede315
reloadAllAccessors: .TestExceptionAttribute4

===========================================================================================
----------------- testing Tue Apr 30 23:53:56 UTC 2019 /home/travis/build/icyphy/ptII/ptolemy/actor/lib/test/auto/TestExceptionHandler1.xml
----------------- Instantiating /home/travis/build/icyphy/ptII/ptolemy/actor/lib/test/auto/TestExceptionHandler1.xml
1 ms. Memory: 1783296K Free: 1251460K (70%)
----------------- Invoking toplevel() on ptolemy.moml.MoMLSimpleApplication@5bb80076
----------------- Done invoking toplevel() on ptolemy.moml.MoMLSimpleApplication@5bb80076
reloadAllAccessors: .TestExceptionHandler1

===========================================================================================
----------------- testing Tue Apr 30 23:53:56 UTC 2019 /home/travis/build/icyphy/ptII/ptolemy/actor/lib/test/auto/TestExceptionHandler2.xml
----------------- Instantiating /home/travis/build/icyphy/ptII/ptolemy/actor/lib/test/auto/TestExceptionHandler2.xml
0 ms. Memory: 1783296K Free: 1234800K (69%)
----------------- Invoking toplevel() on ptolemy.moml.MoMLSimpleApplication@70b68981
----------------- Done invoking toplevel() on ptolemy.moml.MoMLSimpleApplication@70b68981
reloadAllAccessors: .TestExceptionHandler2

===========================================================================================
----------------- testing Tue Apr 30 23:53:56 UTC 2019 /home/travis/build/icyphy/ptII/ptolemy/actor/lib/test/auto/TestExceptionHandler3.xml
----------------- Instantiating /home/travis/build/icyphy/ptII/ptolemy/actor/lib/test/auto/TestExceptionHandler3.xml
0 ms. Memory: 1783296K Free: 1213698K (68%)
----------------- Invoking toplevel() on ptolemy.moml.MoMLSimpleApplication@7c72750
----------------- Done invoking toplevel() on ptolemy.moml.MoMLSimpleApplication@7c72750
reloadAllAccessors: .TestExceptionHandler3

===========================================================================================
----------------- testing Tue Apr 30 23:53:56 UTC 2019 /home/travis/build/icyphy/ptII/ptolemy/actor/lib/test/auto/TestExceptionHandler4.xml
----------------- Instantiating /home/travis/build/icyphy/ptII/ptolemy/actor/lib/test/auto/TestExceptionHandler4.xml
1 ms. Memory: 1783296K Free: 1197038K (67%)
----------------- Invoking toplevel() on ptolemy.moml.MoMLSimpleApplication@7cba55be
----------------- Done invoking toplevel() on ptolemy.moml.MoMLSimpleApplication@7cba55be
reloadAllAccessors: .TestExceptionHandler4

===========================================================================================
----------------- testing Tue Apr 30 23:53:56 UTC 2019 /home/travis/build/icyphy/ptII/ptolemy/actor/lib/test/auto/TestRequireCorrectOrder.xml
----------------- Instantiating /home/travis/build/icyphy/ptII/ptolemy/actor/lib/test/auto/TestRequireCorrectOrder.xml
2 ms. Memory: 1783296K Free: 1175937K (66%)
----------------- Invoking toplevel() on ptolemy.moml.MoMLSimpleApplication@b4ecbd5
----------------- Done invoking toplevel() on ptolemy.moml.MoMLSimpleApplication@b4ecbd5
reloadAllAccessors: .TestRequireCorrectOrder

===========================================================================================
----------------- testing Tue Apr 30 23:53:56 UTC 2019 /home/travis/build/icyphy/ptII/ptolemy/actor/lib/test/auto/TestSimple.xml
----------------- Instantiating /home/travis/build/icyphy/ptII/ptolemy/actor/lib/test/auto/TestSimple.xml
2 ms. Memory: 1783296K Free: 1154836K (65%)
----------------- Invoking toplevel() on ptolemy.moml.MoMLSimpleApplication@7f08699e
----------------- Done invoking toplevel() on ptolemy.moml.MoMLSimpleApplication@7f08699e
reloadAllAccessors: .TestSimple

===========================================================================================
----------------- testing Tue Apr 30 23:53:56 UTC 2019 /home/travis/build/icyphy/ptII/ptolemy/actor/lib/test/auto/ThrowModelError.xml
----------------- Instantiating /home/travis/build/icyphy/ptII/ptolemy/actor/lib/test/auto/ThrowModelError.xml
1 ms. Memory: 1783296K Free: 1138175K (64%)
----------------- Invoking toplevel() on ptolemy.moml.MoMLSimpleApplication@4ca89dc5
----------------- Done invoking toplevel() on ptolemy.moml.MoMLSimpleApplication@4ca89dc5
reloadAllAccessors: .ThrowModelError

===========================================================================================
----------------- testing Tue Apr 30 23:53:56 UTC 2019 /home/travis/build/icyphy/ptII/ptolemy/actor/lib/test/auto/TimeDelayMicrosteps.xml
----------------- Instantiating /home/travis/build/icyphy/ptII/ptolemy/actor/lib/test/auto/TimeDelayMicrosteps.xml
3 ms. Memory: 1783296K Free: 1117075K (63%)
----------------- Invoking toplevel() on ptolemy.moml.MoMLSimpleApplication@22460994
----------------- Done invoking toplevel() on ptolemy.moml.MoMLSimpleApplication@22460994
reloadAllAccessors: .TimeDelayMicrosteps

===========================================================================================
----------------- testing Tue Apr 30 23:53:56 UTC 2019 /home/travis/build/icyphy/ptII/ptolemy/actor/lib/test/auto/TimeDelayMicrosteps2.xml
----------------- Instantiating /home/travis/build/icyphy/ptII/ptolemy/actor/lib/test/auto/TimeDelayMicrosteps2.xml
3 ms. Memory: 1783296K Free: 1100414K (62%)
----------------- Invoking toplevel() on ptolemy.moml.MoMLSimpleApplication@6c4ddab5
----------------- Done invoking toplevel() on ptolemy.moml.MoMLSimpleApplication@6c4ddab5
reloadAllAccessors: .TimeDelayMicrosteps2

===========================================================================================
----------------- testing Tue Apr 30 23:53:56 UTC 2019 /home/travis/build/icyphy/ptII/ptolemy/actor/lib/test/auto/TimeDelayMicrosteps3.xml
----------------- Instantiating /home/travis/build/icyphy/ptII/ptolemy/actor/lib/test/auto/TimeDelayMicrosteps3.xml
2 ms. Memory: 1783296K Free: 1079313K (61%)
----------------- Invoking toplevel() on ptolemy.moml.MoMLSimpleApplication@28f909c1
----------------- Done invoking toplevel() on ptolemy.moml.MoMLSimpleApplication@28f909c1
reloadAllAccessors: .TimeDelayMicrosteps3

===========================================================================================
----------------- testing Tue Apr 30 23:53:56 UTC 2019 /home/travis/build/icyphy/ptII/ptolemy/actor/lib/test/auto/TimeDelayVariableMicrosteps.xml
----------------- Instantiating /home/travis/build/icyphy/ptII/ptolemy/actor/lib/test/auto/TimeDelayVariableMicrosteps.xml
2 ms. Memory: 1783296K Free: 1062653K (60%)
----------------- Invoking toplevel() on ptolemy.moml.MoMLSimpleApplication@311e51c2
----------------- Done invoking toplevel() on ptolemy.moml.MoMLSimpleApplication@311e51c2
reloadAllAccessors: .TimeDelayVariableMicrosteps

===========================================================================================
----------------- testing Tue Apr 30 23:53:56 UTC 2019 /home/travis/build/icyphy/ptII/ptolemy/actor/lib/test/auto/TimeGap.xml
----------------- Instantiating /home/travis/build/icyphy/ptII/ptolemy/actor/lib/test/auto/TimeGap.xml
2 ms. Memory: 1783296K Free: 1041551K (58%)
----------------- Invoking toplevel() on ptolemy.moml.MoMLSimpleApplication@6ba31488
----------------- Done invoking toplevel() on ptolemy.moml.MoMLSimpleApplication@6ba31488
reloadAllAccessors: .TimeGap

===========================================================================================
----------------- testing Tue Apr 30 23:53:56 UTC 2019 /home/travis/build/icyphy/ptII/ptolemy/actor/lib/test/auto/TimeGap2.xml
----------------- Instantiating /home/travis/build/icyphy/ptII/ptolemy/actor/lib/test/auto/TimeGap2.xml
2 ms. Memory: 1783296K Free: 1024891K (57%)
----------------- Invoking toplevel() on ptolemy.moml.MoMLSimpleApplication@5c600362
----------------- Done invoking toplevel() on ptolemy.moml.MoMLSimpleApplication@5c600362
reloadAllAccessors: .TimeGap2

===========================================================================================
----------------- testing Tue Apr 30 23:53:56 UTC 2019 /home/travis/build/icyphy/ptII/ptolemy/actor/lib/test/auto/TimedSinewave.xml
----------------- Instantiating /home/travis/build/icyphy/ptII/ptolemy/actor/lib/test/auto/TimedSinewave.xml
13 ms. Memory: 1783296K Free: 995443K (56%)
----------------- Invoking toplevel() on ptolemy.moml.MoMLSimpleApplication@d181d61
----------------- Done invoking toplevel() on ptolemy.moml.MoMLSimpleApplication@d181d61
reloadAllAccessors: .TimedSinewave

===========================================================================================
----------------- testing Tue Apr 30 23:53:56 UTC 2019 /home/travis/build/icyphy/ptII/ptolemy/actor/lib/test/auto/TimedSinewavePhase.xml
----------------- Instantiating /home/travis/build/icyphy/ptII/ptolemy/actor/lib/test/auto/TimedSinewavePhase.xml
8 ms. Memory: 1783296K Free: 974342K (55%)
----------------- Invoking toplevel() on ptolemy.moml.MoMLSimpleApplication@7b522194
----------------- Done invoking toplevel() on ptolemy.moml.MoMLSimpleApplication@7b522194
reloadAllAccessors: .TimedSinewavePhase

===========================================================================================
----------------- testing Tue Apr 30 23:53:56 UTC 2019 /home/travis/build/icyphy/ptII/ptolemy/actor/lib/test/auto/Timer.xml
----------------- Instantiating /home/travis/build/icyphy/ptII/ptolemy/actor/lib/test/auto/Timer.xml
1 ms. Memory: 1783296K Free: 957682K (54%)
----------------- Invoking toplevel() on ptolemy.moml.MoMLSimpleApplication@29ef47a9
----------------- Done invoking toplevel() on ptolemy.moml.MoMLSimpleApplication@29ef47a9
reloadAllAccessors: .Timer

===========================================================================================
----------------- testing Tue Apr 30 23:53:56 UTC 2019 /home/travis/build/icyphy/ptII/ptolemy/actor/lib/test/auto/TriangularDistTestModel.xml
----------------- Instantiating /home/travis/build/icyphy/ptII/ptolemy/actor/lib/test/auto/TriangularDistTestModel.xml
2 ms. Memory: 1783296K Free: 936581K (53%)
----------------- Invoking toplevel() on ptolemy.moml.MoMLSimpleApplication@5dc2852
----------------- Done invoking toplevel() on ptolemy.moml.MoMLSimpleApplication@5dc2852
reloadAllAccessors: .TriangularDistTestModel

===========================================================================================
----------------- testing Tue Apr 30 23:53:56 UTC 2019 /home/travis/build/icyphy/ptII/ptolemy/actor/lib/test/auto/TrigFunction.xml
----------------- Instantiating /home/travis/build/icyphy/ptII/ptolemy/actor/lib/test/auto/TrigFunction.xml
2 ms. Memory: 1783296K Free: 919920K (52%)
----------------- Invoking toplevel() on ptolemy.moml.MoMLSimpleApplication@7568bc9a
----------------- Done invoking toplevel() on ptolemy.moml.MoMLSimpleApplication@7568bc9a
reloadAllAccessors: .TrigFunction

===========================================================================================
----------------- testing Tue Apr 30 23:53:56 UTC 2019 /home/travis/build/icyphy/ptII/ptolemy/actor/lib/test/auto/TrigFunctionDE.xml
----------------- Instantiating /home/travis/build/icyphy/ptII/ptolemy/actor/lib/test/auto/TrigFunctionDE.xml
2 ms. Memory: 1783296K Free: 898819K (50%)
----------------- Invoking toplevel() on ptolemy.moml.MoMLSimpleApplication@492c61de
----------------- Done invoking toplevel() on ptolemy.moml.MoMLSimpleApplication@492c61de
reloadAllAccessors: .TrigFunctionDE

===========================================================================================
----------------- testing Tue Apr 30 23:53:56 UTC 2019 /home/travis/build/icyphy/ptII/ptolemy/actor/lib/test/auto/TrigFunctionInverse.xml
----------------- Instantiating /home/travis/build/icyphy/ptII/ptolemy/actor/lib/test/auto/TrigFunctionInverse.xml
2 ms. Memory: 1783296K Free: 882159K (49%)
----------------- Invoking toplevel() on ptolemy.moml.MoMLSimpleApplication@7b5f9baa
----------------- Done invoking toplevel() on ptolemy.moml.MoMLSimpleApplication@7b5f9baa
reloadAllAccessors: .TrigFunctionInverse

===========================================================================================
----------------- testing Tue Apr 30 23:53:56 UTC 2019 /home/travis/build/icyphy/ptII/ptolemy/actor/lib/test/auto/TrigFunctionTan.xml
----------------- Instantiating /home/travis/build/icyphy/ptII/ptolemy/actor/lib/test/auto/TrigFunctionTan.xml
2 ms. Memory: 1783296K Free: 861058K (48%)
----------------- Invoking toplevel() on ptolemy.moml.MoMLSimpleApplication@756d67cd
----------------- Done invoking toplevel() on ptolemy.moml.MoMLSimpleApplication@756d67cd
reloadAllAccessors: .TrigFunctionTan

===========================================================================================
----------------- testing Tue Apr 30 23:53:56 UTC 2019 /home/travis/build/icyphy/ptII/ptolemy/actor/lib/test/auto/TriggeredClock.xml
----------------- Instantiating /home/travis/build/icyphy/ptII/ptolemy/actor/lib/test/auto/TriggeredClock.xml
2 ms. Memory: 1783296K Free: 839957K (47%)
----------------- Invoking toplevel() on ptolemy.moml.MoMLSimpleApplication@2df63c58
----------------- Done invoking toplevel() on ptolemy.moml.MoMLSimpleApplication@2df63c58
reloadAllAccessors: .TriggeredClock

===========================================================================================
----------------- testing Tue Apr 30 23:53:56 UTC 2019 /home/travis/build/icyphy/ptII/ptolemy/actor/lib/test/auto/URLDirectoryReader.xml
----------------- Instantiating /home/travis/build/icyphy/ptII/ptolemy/actor/lib/test/auto/URLDirectoryReader.xml
31 ms. Memory: 1783296K Free: 823296K (46%)
----------------- Invoking toplevel() on ptolemy.moml.MoMLSimpleApplication@38c2644a
----------------- Done invoking toplevel() on ptolemy.moml.MoMLSimpleApplication@38c2644a
reloadAllAccessors: .URLDirectoryReader

===========================================================================================
----------------- testing Tue Apr 30 23:53:56 UTC 2019 /home/travis/build/icyphy/ptII/ptolemy/actor/lib/test/auto/URLDirectoryReader3.xml
----------------- Instantiating /home/travis/build/icyphy/ptII/ptolemy/actor/lib/test/auto/URLDirectoryReader3.xml
1283 ms. Memory: 1783296K Free: 760544K (43%)
----------------- Invoking toplevel() on ptolemy.moml.MoMLSimpleApplication@1e5f93d5
----------------- Done invoking toplevel() on ptolemy.moml.MoMLSimpleApplication@1e5f93d5
reloadAllAccessors: .URLDirectoryReader3

===========================================================================================
----------------- testing Tue Apr 30 23:53:58 UTC 2019 /home/travis/build/icyphy/ptII/ptolemy/actor/lib/test/auto/UnaryMathFunction.xml
----------------- Instantiating /home/travis/build/icyphy/ptII/ptolemy/actor/lib/test/auto/UnaryMathFunction.xml
2 ms. Memory: 1783296K Free: 743883K (42%)
----------------- Invoking toplevel() on ptolemy.moml.MoMLSimpleApplication@68c50750
----------------- Done invoking toplevel() on ptolemy.moml.MoMLSimpleApplication@68c50750
reloadAllAccessors: .UnaryMathFunction

===========================================================================================
----------------- testing Tue Apr 30 23:53:58 UTC 2019 /home/travis/build/icyphy/ptII/ptolemy/actor/lib/test/auto/Uniform.xml
----------------- Instantiating /home/travis/build/icyphy/ptII/ptolemy/actor/lib/test/auto/Uniform.xml
2 ms. Memory: 1783296K Free: 722782K (41%)
----------------- Invoking toplevel() on ptolemy.moml.MoMLSimpleApplication@10b21706
----------------- Done invoking toplevel() on ptolemy.moml.MoMLSimpleApplication@10b21706
reloadAllAccessors: .Uniform

===========================================================================================
----------------- testing Tue Apr 30 23:53:58 UTC 2019 /home/travis/build/icyphy/ptII/ptolemy/actor/lib/test/auto/UnionDisassemblerTest.xml
----------------- Instantiating /home/travis/build/icyphy/ptII/ptolemy/actor/lib/test/auto/UnionDisassemblerTest.xml
6 ms. Memory: 1783296K Free: 706122K (40%)
----------------- Invoking toplevel() on ptolemy.moml.MoMLSimpleApplication@636c5e00
----------------- Done invoking toplevel() on ptolemy.moml.MoMLSimpleApplication@636c5e00
reloadAllAccessors: .UnionDisassemblerTest

===========================================================================================
----------------- testing Tue Apr 30 23:53:58 UTC 2019 /home/travis/build/icyphy/ptII/ptolemy/actor/lib/test/auto/UtilityFunctions.xml
----------------- Instantiating /home/travis/build/icyphy/ptII/ptolemy/actor/lib/test/auto/UtilityFunctions.xml
1 ms. Memory: 1783296K Free: 685021K (38%)
----------------- Invoking toplevel() on ptolemy.moml.MoMLSimpleApplication@7f5db7ed
----------------- Done invoking toplevel() on ptolemy.moml.MoMLSimpleApplication@7f5db7ed
reloadAllAccessors: .UtilityFunctions

===========================================================================================
----------------- testing Tue Apr 30 23:53:58 UTC 2019 /home/travis/build/icyphy/ptII/ptolemy/actor/lib/test/auto/VariableSleep.xml
----------------- Instantiating /home/travis/build/icyphy/ptII/ptolemy/actor/lib/test/auto/VariableSleep.xml
511 ms. Memory: 1783296K Free: 668360K (37%)
----------------- Invoking toplevel() on ptolemy.moml.MoMLSimpleApplication@2eeea848
----------------- Done invoking toplevel() on ptolemy.moml.MoMLSimpleApplication@2eeea848
reloadAllAccessors: .VariableSleep

===========================================================================================
----------------- testing Tue Apr 30 23:53:58 UTC 2019 /home/travis/build/icyphy/ptII/ptolemy/actor/lib/test/auto/VectorAssemblerDisassemblerCT.xml
----------------- Instantiating /home/travis/build/icyphy/ptII/ptolemy/actor/lib/test/auto/VectorAssemblerDisassemblerCT.xml
71 ms. Memory: 1783296K Free: 630599K (35%)
----------------- Invoking toplevel() on ptolemy.moml.MoMLSimpleApplication@4164f469
----------------- Done invoking toplevel() on ptolemy.moml.MoMLSimpleApplication@4164f469
reloadAllAccessors: .VectorAssemblerDisassemblerCT

===========================================================================================
----------------- testing Tue Apr 30 23:53:58 UTC 2019 /home/travis/build/icyphy/ptII/ptolemy/actor/lib/test/auto/VectorAssemblerDisassemblerDE.xml
----------------- Instantiating /home/travis/build/icyphy/ptII/ptolemy/actor/lib/test/auto/VectorAssemblerDisassemblerDE.xml
2 ms. Memory: 1783296K Free: 609498K (34%)
----------------- Invoking toplevel() on ptolemy.moml.MoMLSimpleApplication@3d246e5d
----------------- Done invoking toplevel() on ptolemy.moml.MoMLSimpleApplication@3d246e5d
reloadAllAccessors: .VectorAssemblerDisassemblerDE

===========================================================================================
----------------- testing Tue Apr 30 23:53:58 UTC 2019 /home/travis/build/icyphy/ptII/ptolemy/actor/lib/test/auto/VectorAssemblerDisassemblerSDF.xml
----------------- Instantiating /home/travis/build/icyphy/ptII/ptolemy/actor/lib/test/auto/VectorAssemblerDisassemblerSDF.xml
2 ms. Memory: 1783296K Free: 592837K (33%)
----------------- Invoking toplevel() on ptolemy.moml.MoMLSimpleApplication@4f518d93
----------------- Done invoking toplevel() on ptolemy.moml.MoMLSimpleApplication@4f518d93
reloadAllAccessors: .VectorAssemblerDisassemblerSDF

===========================================================================================
----------------- testing Tue Apr 30 23:53:58 UTC 2019 /home/travis/build/icyphy/ptII/ptolemy/actor/lib/test/auto/WallClockTime.xml
----------------- Instantiating /home/travis/build/icyphy/ptII/ptolemy/actor/lib/test/auto/WallClockTime.xml
1005 ms. Memory: 1783296K Free: 571736K (32%)
----------------- Invoking toplevel() on ptolemy.moml.MoMLSimpleApplication@55af1176
----------------- Done invoking toplevel() on ptolemy.moml.MoMLSimpleApplication@55af1176
reloadAllAccessors: .WallClockTime

===========================================================================================
----------------- testing Tue Apr 30 23:53:59 UTC 2019 /home/travis/build/icyphy/ptII/ptolemy/actor/lib/test/auto/WidthTestWithSubscriberPublisher.xml
----------------- Instantiating /home/travis/build/icyphy/ptII/ptolemy/actor/lib/test/auto/WidthTestWithSubscriberPublisher.xml
7 ms. Memory: 1783296K Free: 546729K (31%)
----------------- Invoking toplevel() on ptolemy.moml.MoMLSimpleApplication@7d4dcb4b
----------------- Done invoking toplevel() on ptolemy.moml.MoMLSimpleApplication@7d4dcb4b
reloadAllAccessors: .WidthTestWithSubscriberPublisher

===========================================================================================
----------------- testing Tue Apr 30 23:54:00 UTC 2019 /home/travis/build/icyphy/ptII/ptolemy/actor/lib/test/auto/WidthTestWithSubscriberPublisher2.xml
----------------- Instantiating /home/travis/build/icyphy/ptII/ptolemy/actor/lib/test/auto/WidthTestWithSubscriberPublisher2.xml
3 ms. Memory: 1783296K Free: 525628K (29%)
----------------- Invoking toplevel() on ptolemy.moml.MoMLSimpleApplication@26310002
----------------- Done invoking toplevel() on ptolemy.moml.MoMLSimpleApplication@26310002
reloadAllAccessors: .WidthTestWithSubscriberPublisher2

===========================================================================================
----------------- testing Tue Apr 30 23:54:00 UTC 2019 /home/travis/build/icyphy/ptII/ptolemy/actor/lib/test/auto/WidthTestWithSubscriberPublisher3.xml
----------------- Instantiating /home/travis/build/icyphy/ptII/ptolemy/actor/lib/test/auto/WidthTestWithSubscriberPublisher3.xml
1 ms. Memory: 1783296K Free: 508968K (29%)
----------------- Invoking toplevel() on ptolemy.moml.MoMLSimpleApplication@451f30a5
----------------- Done invoking toplevel() on ptolemy.moml.MoMLSimpleApplication@451f30a5
reloadAllAccessors: .WidthTestWithSubscriberPublisher3

===========================================================================================
----------------- testing Tue Apr 30 23:54:00 UTC 2019 /home/travis/build/icyphy/ptII/ptolemy/actor/lib/test/auto/Writer.xml
----------------- Instantiating /home/travis/build/icyphy/ptII/ptolemy/actor/lib/test/auto/Writer.xml
0
1
2
3
4
2 ms. Memory: 1783296K Free: 487867K (27%)
----------------- Invoking toplevel() on ptolemy.moml.MoMLSimpleApplication@128f1a96
----------------- Done invoking toplevel() on ptolemy.moml.MoMLSimpleApplication@128f1a96
reloadAllAccessors: .Writer

===========================================================================================
----------------- testing Tue Apr 30 23:54:00 UTC 2019 /home/travis/build/icyphy/ptII/ptolemy/actor/lib/test/auto/array.xml
----------------- Instantiating /home/travis/build/icyphy/ptII/ptolemy/actor/lib/test/auto/array.xml
2 ms. Memory: 1783296K Free: 466766K (26%)
----------------- Invoking toplevel() on ptolemy.moml.MoMLSimpleApplication@22cac3af
----------------- Done invoking toplevel() on ptolemy.moml.MoMLSimpleApplication@22cac3af
reloadAllAccessors: .array

===========================================================================================
----------------- testing Tue Apr 30 23:54:00 UTC 2019 /home/travis/build/icyphy/ptII/ptolemy/actor/lib/test/auto/array2.xml
----------------- Instantiating /home/travis/build/icyphy/ptII/ptolemy/actor/lib/test/auto/array2.xml
2 ms. Memory: 1783296K Free: 450105K (25%)
----------------- Invoking toplevel() on ptolemy.moml.MoMLSimpleApplication@321813f2
----------------- Done invoking toplevel() on ptolemy.moml.MoMLSimpleApplication@321813f2
reloadAllAccessors: .array2

===========================================================================================
----------------- testing Tue Apr 30 23:54:00 UTC 2019 /home/travis/build/icyphy/ptII/ptolemy/actor/lib/test/auto/arrayType.xml
----------------- Instantiating /home/travis/build/icyphy/ptII/ptolemy/actor/lib/test/auto/arrayType.xml
6 ms. Memory: 1783296K Free: 429005K (24%)
----------------- Invoking toplevel() on ptolemy.moml.MoMLSimpleApplication@53bd46ae
----------------- Done invoking toplevel() on ptolemy.moml.MoMLSimpleApplication@53bd46ae
reloadAllAccessors: .arrayType

===========================================================================================
----------------- testing Tue Apr 30 23:54:00 UTC 2019 /home/travis/build/icyphy/ptII/ptolemy/actor/lib/test/auto/arrayType10.xml
----------------- Instantiating /home/travis/build/icyphy/ptII/ptolemy/actor/lib/test/auto/arrayType10.xml
1 ms. Memory: 1783296K Free: 412344K (23%)
----------------- Invoking toplevel() on ptolemy.moml.MoMLSimpleApplication@d29f91b
----------------- Done invoking toplevel() on ptolemy.moml.MoMLSimpleApplication@d29f91b
reloadAllAccessors: .arrayType10

===========================================================================================
----------------- testing Tue Apr 30 23:54:00 UTC 2019 /home/travis/build/icyphy/ptII/ptolemy/actor/lib/test/auto/arrayType11.xml
----------------- Instantiating /home/travis/build/icyphy/ptII/ptolemy/actor/lib/test/auto/arrayType11.xml
1 ms. Memory: 1783296K Free: 391243K (22%)
----------------- Invoking toplevel() on ptolemy.moml.MoMLSimpleApplication@1a6a83fd
----------------- Done invoking toplevel() on ptolemy.moml.MoMLSimpleApplication@1a6a83fd
reloadAllAccessors: .arrayType11

===========================================================================================
----------------- testing Tue Apr 30 23:54:00 UTC 2019 /home/travis/build/icyphy/ptII/ptolemy/actor/lib/test/auto/arrayType12.xml
----------------- Instantiating /home/travis/build/icyphy/ptII/ptolemy/actor/lib/test/auto/arrayType12.xml
1 ms. Memory: 1783296K Free: 374583K (21%)
----------------- Invoking toplevel() on ptolemy.moml.MoMLSimpleApplication@6982bab9
----------------- Done invoking toplevel() on ptolemy.moml.MoMLSimpleApplication@6982bab9
reloadAllAccessors: .arrayType12

===========================================================================================
----------------- testing Tue Apr 30 23:54:00 UTC 2019 /home/travis/build/icyphy/ptII/ptolemy/actor/lib/test/auto/arrayType13.xml
----------------- Instantiating /home/travis/build/icyphy/ptII/ptolemy/actor/lib/test/auto/arrayType13.xml
1 ms. Memory: 1783296K Free: 353481K (20%)
----------------- Invoking toplevel() on ptolemy.moml.MoMLSimpleApplication@b3d1c94
----------------- Done invoking toplevel() on ptolemy.moml.MoMLSimpleApplication@b3d1c94
reloadAllAccessors: .arrayType13

===========================================================================================
----------------- testing Tue Apr 30 23:54:00 UTC 2019 /home/travis/build/icyphy/ptII/ptolemy/actor/lib/test/auto/arrayType14.xml
----------------- Instantiating /home/travis/build/icyphy/ptII/ptolemy/actor/lib/test/auto/arrayType14.xml
4 ms. Memory: 1783296K Free: 332380K (19%)
----------------- Invoking toplevel() on ptolemy.moml.MoMLSimpleApplication@37f7912a
----------------- Done invoking toplevel() on ptolemy.moml.MoMLSimpleApplication@37f7912a
reloadAllAccessors: .arrayType14

===========================================================================================
----------------- testing Tue Apr 30 23:54:00 UTC 2019 /home/travis/build/icyphy/ptII/ptolemy/actor/lib/test/auto/arrayType15.xml
----------------- Instantiating /home/travis/build/icyphy/ptII/ptolemy/actor/lib/test/auto/arrayType15.xml
2 ms. Memory: 1783296K Free: 315720K (18%)
----------------- Invoking toplevel() on ptolemy.moml.MoMLSimpleApplication@792ee066
----------------- Done invoking toplevel() on ptolemy.moml.MoMLSimpleApplication@792ee066
reloadAllAccessors: .arrayType15

===========================================================================================
----------------- testing Tue Apr 30 23:54:00 UTC 2019 /home/travis/build/icyphy/ptII/ptolemy/actor/lib/test/auto/arrayType16.xml
----------------- Instantiating /home/travis/build/icyphy/ptII/ptolemy/actor/lib/test/auto/arrayType16.xml
1 ms. Memory: 1783296K Free: 294619K (17%)
----------------- Invoking toplevel() on ptolemy.moml.MoMLSimpleApplication@d70fdcc
----------------- Done invoking toplevel() on ptolemy.moml.MoMLSimpleApplication@d70fdcc
reloadAllAccessors: .arrayType16

===========================================================================================
----------------- testing Tue Apr 30 23:54:00 UTC 2019 /home/travis/build/icyphy/ptII/ptolemy/actor/lib/test/auto/arrayType17.xml
----------------- Instantiating /home/travis/build/icyphy/ptII/ptolemy/actor/lib/test/auto/arrayType17.xml
2 ms. Memory: 1783296K Free: 277958K (16%)
----------------- Invoking toplevel() on ptolemy.moml.MoMLSimpleApplication@1d3d83a5
----------------- Done invoking toplevel() on ptolemy.moml.MoMLSimpleApplication@1d3d83a5
reloadAllAccessors: .arrayType17

===========================================================================================
----------------- testing Tue Apr 30 23:54:00 UTC 2019 /home/travis/build/icyphy/ptII/ptolemy/actor/lib/test/auto/arrayType18.xml
----------------- Instantiating /home/travis/build/icyphy/ptII/ptolemy/actor/lib/test/auto/arrayType18.xml
2 ms. Memory: 1783296K Free: 256857K (14%)
----------------- Invoking toplevel() on ptolemy.moml.MoMLSimpleApplication@52b8501f
----------------- Done invoking toplevel() on ptolemy.moml.MoMLSimpleApplication@52b8501f
reloadAllAccessors: .arrayType18

===========================================================================================
----------------- testing Tue Apr 30 23:54:00 UTC 2019 /home/travis/build/icyphy/ptII/ptolemy/actor/lib/test/auto/arrayType19.xml
----------------- Instantiating /home/travis/build/icyphy/ptII/ptolemy/actor/lib/test/auto/arrayType19.xml
7 ms. Memory: 1783296K Free: 240197K (13%)
----------------- Invoking toplevel() on ptolemy.moml.MoMLSimpleApplication@41193a9f
----------------- Done invoking toplevel() on ptolemy.moml.MoMLSimpleApplication@41193a9f
reloadAllAccessors: .arrayType19

===========================================================================================
----------------- testing Tue Apr 30 23:54:00 UTC 2019 /home/travis/build/icyphy/ptII/ptolemy/actor/lib/test/auto/arrayType2.xml
----------------- Instantiating /home/travis/build/icyphy/ptII/ptolemy/actor/lib/test/auto/arrayType2.xml
2 ms. Memory: 1783296K Free: 219096K (12%)
----------------- Invoking toplevel() on ptolemy.moml.MoMLSimpleApplication@4f17b73c
----------------- Done invoking toplevel() on ptolemy.moml.MoMLSimpleApplication@4f17b73c
reloadAllAccessors: .arrayType2

===========================================================================================
----------------- testing Tue Apr 30 23:54:00 UTC 2019 /home/travis/build/icyphy/ptII/ptolemy/actor/lib/test/auto/arrayType20.xml
----------------- Instantiating /home/travis/build/icyphy/ptII/ptolemy/actor/lib/test/auto/arrayType20.xml
3 ms. Memory: 1783296K Free: 197995K (11%)
----------------- Invoking toplevel() on ptolemy.moml.MoMLSimpleApplication@3575a5d3
----------------- Done invoking toplevel() on ptolemy.moml.MoMLSimpleApplication@3575a5d3
reloadAllAccessors: .arrayType20

===========================================================================================
----------------- testing Tue Apr 30 23:54:00 UTC 2019 /home/travis/build/icyphy/ptII/ptolemy/actor/lib/test/auto/arrayType21.xml
----------------- Instantiating /home/travis/build/icyphy/ptII/ptolemy/actor/lib/test/auto/arrayType21.xml
2 ms. Memory: 1783296K Free: 181334K (10%)
----------------- Invoking toplevel() on ptolemy.moml.MoMLSimpleApplication@519dc603
----------------- Done invoking toplevel() on ptolemy.moml.MoMLSimpleApplication@519dc603
reloadAllAccessors: .arrayType21

===========================================================================================
----------------- testing Tue Apr 30 23:54:00 UTC 2019 /home/travis/build/icyphy/ptII/ptolemy/actor/lib/test/auto/arrayType22.xml
----------------- Instantiating /home/travis/build/icyphy/ptII/ptolemy/actor/lib/test/auto/arrayType22.xml
2 ms. Memory: 1783296K Free: 160233K (9%)
----------------- Invoking toplevel() on ptolemy.moml.MoMLSimpleApplication@3115365
----------------- Done invoking toplevel() on ptolemy.moml.MoMLSimpleApplication@3115365
reloadAllAccessors: .arrayType22

===========================================================================================
----------------- testing Tue Apr 30 23:54:00 UTC 2019 /home/travis/build/icyphy/ptII/ptolemy/actor/lib/test/auto/arrayType23.xml
----------------- Instantiating /home/travis/build/icyphy/ptII/ptolemy/actor/lib/test/auto/arrayType23.xml
2 ms. Memory: 1783296K Free: 143573K (8%)
----------------- Invoking toplevel() on ptolemy.moml.MoMLSimpleApplication@31f09844
----------------- Done invoking toplevel() on ptolemy.moml.MoMLSimpleApplication@31f09844
reloadAllAccessors: .arrayType23

===========================================================================================
----------------- testing Tue Apr 30 23:54:00 UTC 2019 /home/travis/build/icyphy/ptII/ptolemy/actor/lib/test/auto/arrayType24.xml
----------------- Instantiating /home/travis/build/icyphy/ptII/ptolemy/actor/lib/test/auto/arrayType24.xml
2 ms. Memory: 1783296K Free: 122471K (7%)
----------------- Invoking toplevel() on ptolemy.moml.MoMLSimpleApplication@38b67061
----------------- Done invoking toplevel() on ptolemy.moml.MoMLSimpleApplication@38b67061
reloadAllAccessors: .arrayType24

===========================================================================================
----------------- testing Tue Apr 30 23:54:00 UTC 2019 /home/travis/build/icyphy/ptII/ptolemy/actor/lib/test/auto/arrayType25.xml
----------------- Instantiating /home/travis/build/icyphy/ptII/ptolemy/actor/lib/test/auto/arrayType25.xml
3 ms. Memory: 1783296K Free: 105811K (6%)
----------------- Invoking toplevel() on ptolemy.moml.MoMLSimpleApplication@27b4186a
----------------- Done invoking toplevel() on ptolemy.moml.MoMLSimpleApplication@27b4186a
reloadAllAccessors: .arrayType25

===========================================================================================
----------------- testing Tue Apr 30 23:54:00 UTC 2019 /home/travis/build/icyphy/ptII/ptolemy/actor/lib/test/auto/arrayType26.xml
----------------- Instantiating /home/travis/build/icyphy/ptII/ptolemy/actor/lib/test/auto/arrayType26.xml
2 ms. Memory: 1783296K Free: 84710K (5%)
----------------- Invoking toplevel() on ptolemy.moml.MoMLSimpleApplication@5d13fe41
----------------- Done invoking toplevel() on ptolemy.moml.MoMLSimpleApplication@5d13fe41
reloadAllAccessors: .arrayType26

===========================================================================================
----------------- testing Tue Apr 30 23:54:00 UTC 2019 /home/travis/build/icyphy/ptII/ptolemy/actor/lib/test/auto/arrayType27.xml
----------------- Instantiating /home/travis/build/icyphy/ptII/ptolemy/actor/lib/test/auto/arrayType27.xml
24 ms. Memory: 1784320K Free: 1734748K (97%)
----------------- Invoking toplevel() on ptolemy.moml.MoMLSimpleApplication@37f911b1
----------------- Done invoking toplevel() on ptolemy.moml.MoMLSimpleApplication@37f911b1
reloadAllAccessors: .arrayType27

===========================================================================================
----------------- testing Tue Apr 30 23:54:00 UTC 2019 /home/travis/build/icyphy/ptII/ptolemy/actor/lib/test/auto/arrayType28.xml
----------------- Instantiating /home/travis/build/icyphy/ptII/ptolemy/actor/lib/test/auto/arrayType28.xml
2 ms. Memory: 1784320K Free: 1698775K (95%)
----------------- Invoking toplevel() on ptolemy.moml.MoMLSimpleApplication@3b9733b0
----------------- Done invoking toplevel() on ptolemy.moml.MoMLSimpleApplication@3b9733b0
reloadAllAccessors: .arrayType28

===========================================================================================
----------------- testing Tue Apr 30 23:54:00 UTC 2019 /home/travis/build/icyphy/ptII/ptolemy/actor/lib/test/auto/arrayType3.xml
----------------- Instantiating /home/travis/build/icyphy/ptII/ptolemy/actor/lib/test/auto/arrayType3.xml
4 ms. Memory: 1784320K Free: 1677796K (94%)
----------------- Invoking toplevel() on ptolemy.moml.MoMLSimpleApplication@66561f32
----------------- Done invoking toplevel() on ptolemy.moml.MoMLSimpleApplication@66561f32
reloadAllAccessors: .arrayType3

===========================================================================================
----------------- testing Tue Apr 30 23:54:00 UTC 2019 /home/travis/build/icyphy/ptII/ptolemy/actor/lib/test/auto/arrayType4.xml
----------------- Instantiating /home/travis/build/icyphy/ptII/ptolemy/actor/lib/test/auto/arrayType4.xml
2 ms. Memory: 1784320K Free: 1661136K (93%)
----------------- Invoking toplevel() on ptolemy.moml.MoMLSimpleApplication@4f7ab8a8
----------------- Done invoking toplevel() on ptolemy.moml.MoMLSimpleApplication@4f7ab8a8
reloadAllAccessors: .arrayType4

===========================================================================================
----------------- testing Tue Apr 30 23:54:00 UTC 2019 /home/travis/build/icyphy/ptII/ptolemy/actor/lib/test/auto/arrayType5.xml
----------------- Instantiating /home/travis/build/icyphy/ptII/ptolemy/actor/lib/test/auto/arrayType5.xml
2 ms. Memory: 1784320K Free: 1640157K (92%)
----------------- Invoking toplevel() on ptolemy.moml.MoMLSimpleApplication@bf40a58
----------------- Done invoking toplevel() on ptolemy.moml.MoMLSimpleApplication@bf40a58
reloadAllAccessors: .arrayType5

===========================================================================================
----------------- testing Tue Apr 30 23:54:00 UTC 2019 /home/travis/build/icyphy/ptII/ptolemy/actor/lib/test/auto/arrayType6.xml
----------------- Instantiating /home/travis/build/icyphy/ptII/ptolemy/actor/lib/test/auto/arrayType6.xml
2 ms. Memory: 1784320K Free: 1623497K (91%)
----------------- Invoking toplevel() on ptolemy.moml.MoMLSimpleApplication@3db93ff1
----------------- Done invoking toplevel() on ptolemy.moml.MoMLSimpleApplication@3db93ff1
reloadAllAccessors: .arrayType6

===========================================================================================
----------------- testing Tue Apr 30 23:54:00 UTC 2019 /home/travis/build/icyphy/ptII/ptolemy/actor/lib/test/auto/arrayType7.xml
----------------- Instantiating /home/travis/build/icyphy/ptII/ptolemy/actor/lib/test/auto/arrayType7.xml
2 ms. Memory: 1784320K Free: 1602518K (90%)
----------------- Invoking toplevel() on ptolemy.moml.MoMLSimpleApplication@75f7deb7
----------------- Done invoking toplevel() on ptolemy.moml.MoMLSimpleApplication@75f7deb7
reloadAllAccessors: .arrayType7

===========================================================================================
----------------- testing Tue Apr 30 23:54:00 UTC 2019 /home/travis/build/icyphy/ptII/ptolemy/actor/lib/test/auto/arrayType8.xml
----------------- Instantiating /home/travis/build/icyphy/ptII/ptolemy/actor/lib/test/auto/arrayType8.xml
1 ms. Memory: 1784320K Free: 1581540K (89%)
----------------- Invoking toplevel() on ptolemy.moml.MoMLSimpleApplication@a88066f
----------------- Done invoking toplevel() on ptolemy.moml.MoMLSimpleApplication@a88066f
reloadAllAccessors: .arrayType8

===========================================================================================
----------------- testing Tue Apr 30 23:54:00 UTC 2019 /home/travis/build/icyphy/ptII/ptolemy/actor/lib/test/auto/arrayType9.xml
----------------- Instantiating /home/travis/build/icyphy/ptII/ptolemy/actor/lib/test/auto/arrayType9.xml
1 ms. Memory: 1784320K Free: 1564879K (88%)
----------------- Invoking toplevel() on ptolemy.moml.MoMLSimpleApplication@1ec39924
----------------- Done invoking toplevel() on ptolemy.moml.MoMLSimpleApplication@1ec39924
reloadAllAccessors: .arrayType9

===========================================================================================
----------------- testing Tue Apr 30 23:54:00 UTC 2019 /home/travis/build/icyphy/ptII/ptolemy/actor/lib/test/auto/cast.xml
----------------- Instantiating /home/travis/build/icyphy/ptII/ptolemy/actor/lib/test/auto/cast.xml
3 ms. Memory: 1784320K Free: 1543900K (87%)
----------------- Invoking toplevel() on ptolemy.moml.MoMLSimpleApplication@10315a4e
----------------- Done invoking toplevel() on ptolemy.moml.MoMLSimpleApplication@10315a4e
reloadAllAccessors: .cast

===========================================================================================
----------------- testing Tue Apr 30 23:54:00 UTC 2019 /home/travis/build/icyphy/ptII/ptolemy/actor/lib/test/auto/compositeMultiPort.xml
----------------- Instantiating /home/travis/build/icyphy/ptII/ptolemy/actor/lib/test/auto/compositeMultiPort.xml
5 ms. Memory: 1784320K Free: 1527240K (86%)
----------------- Invoking toplevel() on ptolemy.moml.MoMLSimpleApplication@57804650
----------------- Done invoking toplevel() on ptolemy.moml.MoMLSimpleApplication@57804650
reloadAllAccessors: .compositeMultiPort

===========================================================================================
----------------- testing Tue Apr 30 23:54:00 UTC 2019 /home/travis/build/icyphy/ptII/ptolemy/actor/lib/test/auto/expressionCastInference.xml
----------------- Instantiating /home/travis/build/icyphy/ptII/ptolemy/actor/lib/test/auto/expressionCastInference.xml
3 ms. Memory: 1784320K Free: 1506262K (84%)
----------------- Invoking toplevel() on ptolemy.moml.MoMLSimpleApplication@409b5f82
----------------- Done invoking toplevel() on ptolemy.moml.MoMLSimpleApplication@409b5f82
reloadAllAccessors: .expressionCastInference

===========================================================================================
----------------- testing Tue Apr 30 23:54:00 UTC 2019 /home/travis/build/icyphy/ptII/ptolemy/actor/lib/test/auto/expressionCastInference2.xml
----------------- Instantiating /home/travis/build/icyphy/ptII/ptolemy/actor/lib/test/auto/expressionCastInference2.xml
2 ms. Memory: 1784320K Free: 1485283K (83%)
----------------- Invoking toplevel() on ptolemy.moml.MoMLSimpleApplication@b9b4cc6
----------------- Done invoking toplevel() on ptolemy.moml.MoMLSimpleApplication@b9b4cc6
reloadAllAccessors: .expressionCastInference2

===========================================================================================
----------------- testing Tue Apr 30 23:54:00 UTC 2019 /home/travis/build/icyphy/ptII/ptolemy/actor/lib/test/auto/expressionInference.xml
----------------- Instantiating /home/travis/build/icyphy/ptII/ptolemy/actor/lib/test/auto/expressionInference.xml
2 ms. Memory: 1784320K Free: 1468623K (82%)
----------------- Invoking toplevel() on ptolemy.moml.MoMLSimpleApplication@7b0ca92c
----------------- Done invoking toplevel() on ptolemy.moml.MoMLSimpleApplication@7b0ca92c
reloadAllAccessors: .expressionInference

===========================================================================================
----------------- testing Tue Apr 30 23:54:00 UTC 2019 /home/travis/build/icyphy/ptII/ptolemy/actor/lib/test/auto/expression_bug.xml
----------------- Instantiating /home/travis/build/icyphy/ptII/ptolemy/actor/lib/test/auto/expression_bug.xml
1 ms. Memory: 1784320K Free: 1447644K (81%)
----------------- Invoking toplevel() on ptolemy.moml.MoMLSimpleApplication@961ddeb
----------------- Done invoking toplevel() on ptolemy.moml.MoMLSimpleApplication@961ddeb
reloadAllAccessors: .expression_bug

===========================================================================================
----------------- testing Tue Apr 30 23:54:00 UTC 2019 /home/travis/build/icyphy/ptII/ptolemy/actor/lib/test/auto/factorial.xml
----------------- Instantiating /home/travis/build/icyphy/ptII/ptolemy/actor/lib/test/auto/factorial.xml
39 ms. Memory: 1784320K Free: 1430957K (80%)
----------------- Invoking toplevel() on ptolemy.moml.MoMLSimpleApplication@1c8ee9ea
----------------- Done invoking toplevel() on ptolemy.moml.MoMLSimpleApplication@1c8ee9ea
reloadAllAccessors: .factorial

===========================================================================================
----------------- testing Tue Apr 30 23:54:00 UTC 2019 /home/travis/build/icyphy/ptII/ptolemy/actor/lib/test/auto/filterTest1.xml
----------------- Instantiating /home/travis/build/icyphy/ptII/ptolemy/actor/lib/test/auto/filterTest1.xml
3 ms. Memory: 1784320K Free: 1409979K (79%)
----------------- Invoking toplevel() on ptolemy.moml.MoMLSimpleApplication@6cee1ec3
----------------- Done invoking toplevel() on ptolemy.moml.MoMLSimpleApplication@6cee1ec3
reloadAllAccessors: .filterTest1

===========================================================================================
----------------- testing Tue Apr 30 23:54:00 UTC 2019 /home/travis/build/icyphy/ptII/ptolemy/actor/lib/test/auto/funcApplyInConst.xml
----------------- Instantiating /home/travis/build/icyphy/ptII/ptolemy/actor/lib/test/auto/funcApplyInConst.xml
1 ms. Memory: 1784320K Free: 1389000K (78%)
----------------- Invoking toplevel() on ptolemy.moml.MoMLSimpleApplication@11676c1
----------------- Done invoking toplevel() on ptolemy.moml.MoMLSimpleApplication@11676c1
reloadAllAccessors: .funcApplyInConst

===========================================================================================
----------------- testing Tue Apr 30 23:54:00 UTC 2019 /home/travis/build/icyphy/ptII/ptolemy/actor/lib/test/auto/funcApplyInExpr.xml
----------------- Instantiating /home/travis/build/icyphy/ptII/ptolemy/actor/lib/test/auto/funcApplyInExpr.xml
1 ms. Memory: 1784320K Free: 1372340K (77%)
----------------- Invoking toplevel() on ptolemy.moml.MoMLSimpleApplication@288032f8
----------------- Done invoking toplevel() on ptolemy.moml.MoMLSimpleApplication@288032f8
reloadAllAccessors: .funcApplyInExpr

===========================================================================================
----------------- testing Tue Apr 30 23:54:00 UTC 2019 /home/travis/build/icyphy/ptII/ptolemy/actor/lib/test/auto/function.xml
----------------- Instantiating /home/travis/build/icyphy/ptII/ptolemy/actor/lib/test/auto/function.xml
1 ms. Memory: 1784320K Free: 1351361K (76%)
----------------- Invoking toplevel() on ptolemy.moml.MoMLSimpleApplication@4ae9843b
----------------- Done invoking toplevel() on ptolemy.moml.MoMLSimpleApplication@4ae9843b
reloadAllAccessors: .function

===========================================================================================
----------------- testing Tue Apr 30 23:54:00 UTC 2019 /home/travis/build/icyphy/ptII/ptolemy/actor/lib/test/auto/function2.xml
----------------- Instantiating /home/travis/build/icyphy/ptII/ptolemy/actor/lib/test/auto/function2.xml
2 ms. Memory: 1784320K Free: 1334700K (75%)
----------------- Invoking toplevel() on ptolemy.moml.MoMLSimpleApplication@6db03cef
----------------- Done invoking toplevel() on ptolemy.moml.MoMLSimpleApplication@6db03cef
reloadAllAccessors: .function2

===========================================================================================
----------------- testing Tue Apr 30 23:54:00 UTC 2019 /home/travis/build/icyphy/ptII/ptolemy/actor/lib/test/auto/function3.xml
----------------- Instantiating /home/travis/build/icyphy/ptII/ptolemy/actor/lib/test/auto/function3.xml
1 ms. Memory: 1784320K Free: 1313722K (74%)
----------------- Invoking toplevel() on ptolemy.moml.MoMLSimpleApplication@40e09728
----------------- Done invoking toplevel() on ptolemy.moml.MoMLSimpleApplication@40e09728
reloadAllAccessors: .function3

===========================================================================================
----------------- testing Tue Apr 30 23:54:00 UTC 2019 /home/travis/build/icyphy/ptII/ptolemy/actor/lib/test/auto/functionClosureTest1.xml
----------------- Instantiating /home/travis/build/icyphy/ptII/ptolemy/actor/lib/test/auto/functionClosureTest1.xml
1 ms. Memory: 1784320K Free: 1292743K (72%)
----------------- Invoking toplevel() on ptolemy.moml.MoMLSimpleApplication@7832873
----------------- Done invoking toplevel() on ptolemy.moml.MoMLSimpleApplication@7832873
reloadAllAccessors: .functionClosureTest1

===========================================================================================
----------------- testing Tue Apr 30 23:54:00 UTC 2019 /home/travis/build/icyphy/ptII/ptolemy/actor/lib/test/auto/functionClosureTest2.xml
----------------- Instantiating /home/travis/build/icyphy/ptII/ptolemy/actor/lib/test/auto/functionClosureTest2.xml
1 ms. Memory: 1784320K Free: 1276083K (72%)
----------------- Invoking toplevel() on ptolemy.moml.MoMLSimpleApplication@1b7f479f
----------------- Done invoking toplevel() on ptolemy.moml.MoMLSimpleApplication@1b7f479f
reloadAllAccessors: .functionClosureTest2

===========================================================================================
----------------- testing Tue Apr 30 23:54:00 UTC 2019 /home/travis/build/icyphy/ptII/ptolemy/actor/lib/test/auto/functionClosureTest3.xml
----------------- Instantiating /home/travis/build/icyphy/ptII/ptolemy/actor/lib/test/auto/functionClosureTest3.xml
1 ms. Memory: 1784320K Free: 1255104K (70%)
----------------- Invoking toplevel() on ptolemy.moml.MoMLSimpleApplication@2e03f644
----------------- Done invoking toplevel() on ptolemy.moml.MoMLSimpleApplication@2e03f644
reloadAllAccessors: .functionClosureTest3

===========================================================================================
----------------- testing Tue Apr 30 23:54:00 UTC 2019 /home/travis/build/icyphy/ptII/ptolemy/actor/lib/test/auto/functionClosureTest4.xml
----------------- Instantiating /home/travis/build/icyphy/ptII/ptolemy/actor/lib/test/auto/functionClosureTest4.xml
2 ms. Memory: 1784320K Free: 1238444K (69%)
----------------- Invoking toplevel() on ptolemy.moml.MoMLSimpleApplication@2fbcf116
----------------- Done invoking toplevel() on ptolemy.moml.MoMLSimpleApplication@2fbcf116
reloadAllAccessors: .functionClosureTest4

===========================================================================================
----------------- testing Tue Apr 30 23:54:00 UTC 2019 /home/travis/build/icyphy/ptII/ptolemy/actor/lib/test/auto/functionClosureTest5.xml
----------------- Instantiating /home/travis/build/icyphy/ptII/ptolemy/actor/lib/test/auto/functionClosureTest5.xml
4 ms. Memory: 1784320K Free: 1217465K (68%)
----------------- Invoking toplevel() on ptolemy.moml.MoMLSimpleApplication@12fdeb75
----------------- Done invoking toplevel() on ptolemy.moml.MoMLSimpleApplication@12fdeb75
reloadAllAccessors: .functionClosureTest5

===========================================================================================
----------------- testing Tue Apr 30 23:54:00 UTC 2019 /home/travis/build/icyphy/ptII/ptolemy/actor/lib/test/auto/functionClosureTest6.xml
----------------- Instantiating /home/travis/build/icyphy/ptII/ptolemy/actor/lib/test/auto/functionClosureTest6.xml
1 ms. Memory: 1784320K Free: 1196487K (67%)
----------------- Invoking toplevel() on ptolemy.moml.MoMLSimpleApplication@63793338
----------------- Done invoking toplevel() on ptolemy.moml.MoMLSimpleApplication@63793338
reloadAllAccessors: .functionClosureTest6

===========================================================================================
----------------- testing Tue Apr 30 23:54:00 UTC 2019 /home/travis/build/icyphy/ptII/ptolemy/actor/lib/test/auto/functionsOnArcs.xml
----------------- Instantiating /home/travis/build/icyphy/ptII/ptolemy/actor/lib/test/auto/functionsOnArcs.xml
1 ms. Memory: 1784320K Free: 1179826K (66%)
----------------- Invoking toplevel() on ptolemy.moml.MoMLSimpleApplication@2e508c29
----------------- Done invoking toplevel() on ptolemy.moml.MoMLSimpleApplication@2e508c29
reloadAllAccessors: .functionsOnArcs

===========================================================================================
----------------- testing Tue Apr 30 23:54:00 UTC 2019 /home/travis/build/icyphy/ptII/ptolemy/actor/lib/test/auto/functionsOnArcsHOF.xml
----------------- Instantiating /home/travis/build/icyphy/ptII/ptolemy/actor/lib/test/auto/functionsOnArcsHOF.xml
2 ms. Memory: 1784320K Free: 1158848K (65%)
----------------- Invoking toplevel() on ptolemy.moml.MoMLSimpleApplication@2a488ba2
----------------- Done invoking toplevel() on ptolemy.moml.MoMLSimpleApplication@2a488ba2
reloadAllAccessors: .functionsOnArcsHOF

===========================================================================================
----------------- testing Tue Apr 30 23:54:01 UTC 2019 /home/travis/build/icyphy/ptII/ptolemy/actor/lib/test/auto/logic.xml
----------------- Instantiating /home/travis/build/icyphy/ptII/ptolemy/actor/lib/test/auto/logic.xml
1 ms. Memory: 1784320K Free: 1142187K (64%)
----------------- Invoking toplevel() on ptolemy.moml.MoMLSimpleApplication@63d8a149
----------------- Done invoking toplevel() on ptolemy.moml.MoMLSimpleApplication@63d8a149
reloadAllAccessors: .logic

===========================================================================================
----------------- testing Tue Apr 30 23:54:01 UTC 2019 /home/travis/build/icyphy/ptII/ptolemy/actor/lib/test/auto/matrixType.xml
----------------- Instantiating /home/travis/build/icyphy/ptII/ptolemy/actor/lib/test/auto/matrixType.xml
1 ms. Memory: 1784320K Free: 1121209K (63%)
----------------- Invoking toplevel() on ptolemy.moml.MoMLSimpleApplication@b98e8a1
----------------- Done invoking toplevel() on ptolemy.moml.MoMLSimpleApplication@b98e8a1
reloadAllAccessors: .matrixType

===========================================================================================
----------------- testing Tue Apr 30 23:54:01 UTC 2019 /home/travis/build/icyphy/ptII/ptolemy/actor/lib/test/auto/matrixType10.xml
----------------- Instantiating /home/travis/build/icyphy/ptII/ptolemy/actor/lib/test/auto/matrixType10.xml
2 ms. Memory: 1784320K Free: 1100230K (62%)
----------------- Invoking toplevel() on ptolemy.moml.MoMLSimpleApplication@564fb20a
----------------- Done invoking toplevel() on ptolemy.moml.MoMLSimpleApplication@564fb20a
reloadAllAccessors: .matrixType10

===========================================================================================
----------------- testing Tue Apr 30 23:54:01 UTC 2019 /home/travis/build/icyphy/ptII/ptolemy/actor/lib/test/auto/matrixType11.xml
----------------- Instantiating /home/travis/build/icyphy/ptII/ptolemy/actor/lib/test/auto/matrixType11.xml
1 ms. Memory: 1784320K Free: 1083570K (61%)
----------------- Invoking toplevel() on ptolemy.moml.MoMLSimpleApplication@5815f1da
----------------- Done invoking toplevel() on ptolemy.moml.MoMLSimpleApplication@5815f1da
reloadAllAccessors: .matrixType11

===========================================================================================
----------------- testing Tue Apr 30 23:54:01 UTC 2019 /home/travis/build/icyphy/ptII/ptolemy/actor/lib/test/auto/matrixType12.xml
----------------- Instantiating /home/travis/build/icyphy/ptII/ptolemy/actor/lib/test/auto/matrixType12.xml
2 ms. Memory: 1784320K Free: 1062591K (60%)
----------------- Invoking toplevel() on ptolemy.moml.MoMLSimpleApplication@14082795
----------------- Done invoking toplevel() on ptolemy.moml.MoMLSimpleApplication@14082795
reloadAllAccessors: .matrixType12

===========================================================================================
----------------- testing Tue Apr 30 23:54:01 UTC 2019 /home/travis/build/icyphy/ptII/ptolemy/actor/lib/test/auto/matrixType13.xml
----------------- Instantiating /home/travis/build/icyphy/ptII/ptolemy/actor/lib/test/auto/matrixType13.xml
1 ms. Memory: 1784320K Free: 1045931K (59%)
----------------- Invoking toplevel() on ptolemy.moml.MoMLSimpleApplication@4dae93c0
----------------- Done invoking toplevel() on ptolemy.moml.MoMLSimpleApplication@4dae93c0
reloadAllAccessors: .matrixType13

===========================================================================================
----------------- testing Tue Apr 30 23:54:01 UTC 2019 /home/travis/build/icyphy/ptII/ptolemy/actor/lib/test/auto/matrixType14.xml
----------------- Instantiating /home/travis/build/icyphy/ptII/ptolemy/actor/lib/test/auto/matrixType14.xml
2 ms. Memory: 1784320K Free: 1024952K (57%)
----------------- Invoking toplevel() on ptolemy.moml.MoMLSimpleApplication@278208ae
----------------- Done invoking toplevel() on ptolemy.moml.MoMLSimpleApplication@278208ae
reloadAllAccessors: .matrixType14

===========================================================================================
----------------- testing Tue Apr 30 23:54:01 UTC 2019 /home/travis/build/icyphy/ptII/ptolemy/actor/lib/test/auto/matrixType2.xml
----------------- Instantiating /home/travis/build/icyphy/ptII/ptolemy/actor/lib/test/auto/matrixType2.xml
1 ms. Memory: 1784320K Free: 1003974K (56%)
----------------- Invoking toplevel() on ptolemy.moml.MoMLSimpleApplication@378a8636
----------------- Done invoking toplevel() on ptolemy.moml.MoMLSimpleApplication@378a8636
reloadAllAccessors: .matrixType2

===========================================================================================
----------------- testing Tue Apr 30 23:54:01 UTC 2019 /home/travis/build/icyphy/ptII/ptolemy/actor/lib/test/auto/matrixType3.xml
----------------- Instantiating /home/travis/build/icyphy/ptII/ptolemy/actor/lib/test/auto/matrixType3.xml
1 ms. Memory: 1784320K Free: 987313K (55%)
----------------- Invoking toplevel() on ptolemy.moml.MoMLSimpleApplication@d4fe59f
----------------- Done invoking toplevel() on ptolemy.moml.MoMLSimpleApplication@d4fe59f
reloadAllAccessors: .matrixType3

===========================================================================================
----------------- testing Tue Apr 30 23:54:01 UTC 2019 /home/travis/build/icyphy/ptII/ptolemy/actor/lib/test/auto/matrixType4.xml
----------------- Instantiating /home/travis/build/icyphy/ptII/ptolemy/actor/lib/test/auto/matrixType4.xml
1 ms. Memory: 1784320K Free: 966335K (54%)
----------------- Invoking toplevel() on ptolemy.moml.MoMLSimpleApplication@1b6c7a94
----------------- Done invoking toplevel() on ptolemy.moml.MoMLSimpleApplication@1b6c7a94
reloadAllAccessors: .matrixType4

===========================================================================================
----------------- testing Tue Apr 30 23:54:01 UTC 2019 /home/travis/build/icyphy/ptII/ptolemy/actor/lib/test/auto/matrixType5.xml
----------------- Instantiating /home/travis/build/icyphy/ptII/ptolemy/actor/lib/test/auto/matrixType5.xml
1 ms. Memory: 1784320K Free: 949674K (53%)
----------------- Invoking toplevel() on ptolemy.moml.MoMLSimpleApplication@570a451e
----------------- Done invoking toplevel() on ptolemy.moml.MoMLSimpleApplication@570a451e
reloadAllAccessors: .matrixType5

===========================================================================================
----------------- testing Tue Apr 30 23:54:01 UTC 2019 /home/travis/build/icyphy/ptII/ptolemy/actor/lib/test/auto/matrixType6.xml
----------------- Instantiating /home/travis/build/icyphy/ptII/ptolemy/actor/lib/test/auto/matrixType6.xml
1 ms. Memory: 1784320K Free: 928696K (52%)
----------------- Invoking toplevel() on ptolemy.moml.MoMLSimpleApplication@30906951
----------------- Done invoking toplevel() on ptolemy.moml.MoMLSimpleApplication@30906951
reloadAllAccessors: .matrixType6

===========================================================================================
----------------- testing Tue Apr 30 23:54:01 UTC 2019 /home/travis/build/icyphy/ptII/ptolemy/actor/lib/test/auto/matrixType7.xml
----------------- Instantiating /home/travis/build/icyphy/ptII/ptolemy/actor/lib/test/auto/matrixType7.xml
1 ms. Memory: 1784320K Free: 907717K (51%)
----------------- Invoking toplevel() on ptolemy.moml.MoMLSimpleApplication@45170173
----------------- Done invoking toplevel() on ptolemy.moml.MoMLSimpleApplication@45170173
reloadAllAccessors: .matrixType7

===========================================================================================
----------------- testing Tue Apr 30 23:54:01 UTC 2019 /home/travis/build/icyphy/ptII/ptolemy/actor/lib/test/auto/matrixType8.xml
----------------- Instantiating /home/travis/build/icyphy/ptII/ptolemy/actor/lib/test/auto/matrixType8.xml
1 ms. Memory: 1784320K Free: 891057K (50%)
----------------- Invoking toplevel() on ptolemy.moml.MoMLSimpleApplication@ace6bfe
----------------- Done invoking toplevel() on ptolemy.moml.MoMLSimpleApplication@ace6bfe
reloadAllAccessors: .matrixType8

===========================================================================================
----------------- testing Tue Apr 30 23:54:01 UTC 2019 /home/travis/build/icyphy/ptII/ptolemy/actor/lib/test/auto/matrixType9.xml
----------------- Instantiating /home/travis/build/icyphy/ptII/ptolemy/actor/lib/test/auto/matrixType9.xml
2 ms. Memory: 1784320K Free: 870078K (49%)
----------------- Invoking toplevel() on ptolemy.moml.MoMLSimpleApplication@446f73d1
----------------- Done invoking toplevel() on ptolemy.moml.MoMLSimpleApplication@446f73d1
reloadAllAccessors: .matrixType9

===========================================================================================
----------------- testing Tue Apr 30 23:54:01 UTC 2019 /home/travis/build/icyphy/ptII/ptolemy/actor/lib/test/auto/paraFunctest.xml
----------------- Instantiating /home/travis/build/icyphy/ptII/ptolemy/actor/lib/test/auto/paraFunctest.xml
2 ms. Memory: 1784320K Free: 853418K (48%)
----------------- Invoking toplevel() on ptolemy.moml.MoMLSimpleApplication@d173b5f
----------------- Done invoking toplevel() on ptolemy.moml.MoMLSimpleApplication@d173b5f
reloadAllAccessors: .paraFunctest

===========================================================================================
----------------- testing Tue Apr 30 23:54:01 UTC 2019 /home/travis/build/icyphy/ptII/ptolemy/actor/lib/test/auto/paraFunctest2.xml
----------------- Instantiating /home/travis/build/icyphy/ptII/ptolemy/actor/lib/test/auto/paraFunctest2.xml
1 ms. Memory: 1784320K Free: 832439K (47%)
----------------- Invoking toplevel() on ptolemy.moml.MoMLSimpleApplication@688f0e9a
----------------- Done invoking toplevel() on ptolemy.moml.MoMLSimpleApplication@688f0e9a
reloadAllAccessors: .paraFunctest2

===========================================================================================
----------------- testing Tue Apr 30 23:54:01 UTC 2019 /home/travis/build/icyphy/ptII/ptolemy/actor/lib/test/auto/parameterPassing.xml
----------------- Instantiating /home/travis/build/icyphy/ptII/ptolemy/actor/lib/test/auto/parameterPassing.xml
1 ms. Memory: 1784320K Free: 811460K (45%)
----------------- Invoking toplevel() on ptolemy.moml.MoMLSimpleApplication@148cd3a1
----------------- Done invoking toplevel() on ptolemy.moml.MoMLSimpleApplication@148cd3a1
reloadAllAccessors: .parameterPassing

===========================================================================================
----------------- testing Tue Apr 30 23:54:01 UTC 2019 /home/travis/build/icyphy/ptII/ptolemy/actor/lib/test/auto/record.xml
----------------- Instantiating /home/travis/build/icyphy/ptII/ptolemy/actor/lib/test/auto/record.xml
2 ms. Memory: 1784320K Free: 794800K (45%)
----------------- Invoking toplevel() on ptolemy.moml.MoMLSimpleApplication@4bfc535f
----------------- Done invoking toplevel() on ptolemy.moml.MoMLSimpleApplication@4bfc535f
reloadAllAccessors: .record

===========================================================================================
----------------- testing Tue Apr 30 23:54:01 UTC 2019 /home/travis/build/icyphy/ptII/ptolemy/actor/lib/test/auto/sizedarray1.xml
----------------- Instantiating /home/travis/build/icyphy/ptII/ptolemy/actor/lib/test/auto/sizedarray1.xml
2 ms. Memory: 1784320K Free: 773822K (43%)
----------------- Invoking toplevel() on ptolemy.moml.MoMLSimpleApplication@79857532
----------------- Done invoking toplevel() on ptolemy.moml.MoMLSimpleApplication@79857532
reloadAllAccessors: .sizedarray1

===========================================================================================
----------------- testing Tue Apr 30 23:54:01 UTC 2019 /home/travis/build/icyphy/ptII/ptolemy/actor/lib/test/auto/sizedarray2.xml
----------------- Instantiating /home/travis/build/icyphy/ptII/ptolemy/actor/lib/test/auto/sizedarray2.xml
2 ms. Memory: 1784320K Free: 757161K (42%)
----------------- Invoking toplevel() on ptolemy.moml.MoMLSimpleApplication@6be44c30
----------------- Done invoking toplevel() on ptolemy.moml.MoMLSimpleApplication@6be44c30
reloadAllAccessors: .sizedarray2

===========================================================================================
----------------- testing Tue Apr 30 23:54:01 UTC 2019 /home/travis/build/icyphy/ptII/ptolemy/actor/lib/test/auto/twoPublishers.xml
----------------- Instantiating /home/travis/build/icyphy/ptII/ptolemy/actor/lib/test/auto/twoPublishers.xml
2 ms. Memory: 1784320K Free: 736183K (41%)
----------------- Invoking toplevel() on ptolemy.moml.MoMLSimpleApplication@747a7446
----------------- Done invoking toplevel() on ptolemy.moml.MoMLSimpleApplication@747a7446
reloadAllAccessors: .twoPublishers
AutoTests.java: About to close Vertx.
AutoTests.java: Vertx closed.
]]></system-out>
  <system-err><![CDATA[java.lang.RuntimeException: Execution failed
	at ptolemy.moml.MoMLSimpleApplication$UnloadThread.run(MoMLSimpleApplication.java:402)
Caused by: java.lang.RuntimeException: StringUtilities.exit() was called. Normally, we would exit here because Manager.exitAfterWrapup() was called.  However, because the ptolemy.ptII.exitAfterWrapup property is set, we throw this exception instead.
	at ptolemy.util.StringUtilities.exit(StringUtilities.java:363)
	at ptolemy.actor.Manager.wrapup(Manager.java:1531)
	at ptolemy.actor.Manager.execute(Manager.java:407)
	at ptolemy.actor.Manager.run(Manager.java:1263)
	at ptolemy.actor.Manager$PtolemyRunThread.run(Manager.java:1915)
Warning: '.top.test' is in training mode, set the trainingMode parameter to false before checking in
Warning: '.top.test' is in training mode, set the trainingMode parameter to false before checking in
Warning: '.top.test' is in training mode, set the trainingMode parameter to false before checking in
Warning: '.BooleanSwitch_RegressionTest_WrongTrainingValues.Test' is in training mode, set the trainingMode parameter to false before checking in
Warning: '.BooleanSwitch_RegressionTest_WrongTrainingValues.Test2' is in training mode, set the trainingMode parameter to false before checking in
Warning: '.BooleanSwitch_RegressionTest_WrongTrainingValues.Test2' The test produced 0 tokens.
Warning: '.top.testExceptionHandler' is in training mode, set the trainingMode parameter to false before checking in
java.lang.RuntimeException: Execution failed
	at ptolemy.moml.MoMLSimpleApplication$UnloadThread.run(MoMLSimpleApplication.java:402)
Caused by: ptolemy.kernel.util.IllegalActionException: PublisherPorts cannot be used at the top level, use a Publisher actor instead.
  in .PublisherPortToplevelSubscriber.PublisherPort
	at ptolemy.actor.PublisherPort.preinitialize(PublisherPort.java:403)
	at ptolemy.actor.CompositeActor.preinitialize(CompositeActor.java:1769)
	at ptolemy.actor.Manager.preinitializeAndResolveTypes(Manager.java:1040)
	at ptolemy.actor.Manager.initialize(Manager.java:710)
	at ptolemy.actor.Manager.execute(Manager.java:356)
	at ptolemy.actor.Manager.run(Manager.java:1263)
	at ptolemy.actor.Manager$PtolemyRunThread.run(Manager.java:1915)
java.lang.reflect.InvocationTargetException
	at sun.reflect.NativeConstructorAccessorImpl.newInstance0(Native Method)
	at sun.reflect.NativeConstructorAccessorImpl.newInstance(NativeConstructorAccessorImpl.java:62)
	at sun.reflect.DelegatingConstructorAccessorImpl.newInstance(DelegatingConstructorAccessorImpl.java:45)
	at java.lang.reflect.Constructor.newInstance(Constructor.java:423)
	at ptolemy.util.test.junit.AutoKnownFailedTests.RunModel(AutoKnownFailedTests.java:105)
	at sun.reflect.NativeMethodAccessorImpl.invoke0(Native Method)
	at sun.reflect.NativeMethodAccessorImpl.invoke(NativeMethodAccessorImpl.java:62)
	at sun.reflect.DelegatingMethodAccessorImpl.invoke(DelegatingMethodAccessorImpl.java:43)
	at java.lang.reflect.Method.invoke(Method.java:498)
	at org.junit.runners.model.FrameworkMethod$1.runReflectiveCall(FrameworkMethod.java:44)
	at org.junit.internal.runners.model.ReflectiveCallable.run(ReflectiveCallable.java:15)
	at org.junit.runners.model.FrameworkMethod.invokeExplosively(FrameworkMethod.java:41)
	at junitparams.internal.InvokeParameterisedMethod.evaluate(InvokeParameterisedMethod.java:102)
	at org.junit.internal.runners.statements.FailOnTimeout$1.run(FailOnTimeout.java:28)
Caused by: ptolemy.kernel.util.IllegalActionException: PublisherPorts cannot be used at the top level, use a Publisher actor instead.
  in .PublisherPortToplevelSubscriber.PublisherPort
	at ptolemy.actor.PublisherPort.preinitialize(PublisherPort.java:403)
	at ptolemy.actor.CompositeActor.preinitialize(CompositeActor.java:1769)
	at ptolemy.actor.Manager.preinitializeAndResolveTypes(Manager.java:1040)
	at ptolemy.actor.Manager.initialize(Manager.java:710)
	at ptolemy.actor.Manager.execute(Manager.java:356)
	at ptolemy.actor.Manager.run(Manager.java:1263)
	at ptolemy.actor.Manager$PtolemyRunThread.run(Manager.java:1915)
java.lang.RuntimeException: Execution failed
	at ptolemy.moml.MoMLSimpleApplication$UnloadThread.run(MoMLSimpleApplication.java:402)
Caused by: ptolemy.kernel.util.IllegalActionException: SubscriberPorts cannot be used at the top level, use a Subscriber actor instead.
  in .PublisherSubscriberPortToplevel.SubscriberPort
	at ptolemy.actor.SubscriberPort.preinitialize(SubscriberPort.java:328)
	at ptolemy.actor.CompositeActor.preinitialize(CompositeActor.java:1769)
	at ptolemy.actor.Manager.preinitializeAndResolveTypes(Manager.java:1040)
	at ptolemy.actor.Manager.initialize(Manager.java:710)
	at ptolemy.actor.Manager.execute(Manager.java:356)
	at ptolemy.actor.Manager.run(Manager.java:1263)
	at ptolemy.actor.Manager$PtolemyRunThread.run(Manager.java:1915)
java.lang.reflect.InvocationTargetException
	at sun.reflect.NativeConstructorAccessorImpl.newInstance0(Native Method)
	at sun.reflect.NativeConstructorAccessorImpl.newInstance(NativeConstructorAccessorImpl.java:62)
	at sun.reflect.DelegatingConstructorAccessorImpl.newInstance(DelegatingConstructorAccessorImpl.java:45)
	at java.lang.reflect.Constructor.newInstance(Constructor.java:423)
	at ptolemy.util.test.junit.AutoKnownFailedTests.RunModel(AutoKnownFailedTests.java:105)
	at sun.reflect.NativeMethodAccessorImpl.invoke0(Native Method)
	at sun.reflect.NativeMethodAccessorImpl.invoke(NativeMethodAccessorImpl.java:62)
	at sun.reflect.DelegatingMethodAccessorImpl.invoke(DelegatingMethodAccessorImpl.java:43)
	at java.lang.reflect.Method.invoke(Method.java:498)
	at org.junit.runners.model.FrameworkMethod$1.runReflectiveCall(FrameworkMethod.java:44)
	at org.junit.internal.runners.model.ReflectiveCallable.run(ReflectiveCallable.java:15)
	at org.junit.runners.model.FrameworkMethod.invokeExplosively(FrameworkMethod.java:41)
	at junitparams.internal.InvokeParameterisedMethod.evaluate(InvokeParameterisedMethod.java:102)
	at org.junit.internal.runners.statements.FailOnTimeout$1.run(FailOnTimeout.java:28)
Caused by: ptolemy.kernel.util.IllegalActionException: SubscriberPorts cannot be used at the top level, use a Subscriber actor instead.
  in .PublisherSubscriberPortToplevel.SubscriberPort
	at ptolemy.actor.SubscriberPort.preinitialize(SubscriberPort.java:328)
	at ptolemy.actor.CompositeActor.preinitialize(CompositeActor.java:1769)
	at ptolemy.actor.Manager.preinitializeAndResolveTypes(Manager.java:1040)
	at ptolemy.actor.Manager.initialize(Manager.java:710)
	at ptolemy.actor.Manager.execute(Manager.java:356)
	at ptolemy.actor.Manager.run(Manager.java:1263)
	at ptolemy.actor.Manager$PtolemyRunThread.run(Manager.java:1915)
java.lang.RuntimeException: Execution failed
	at ptolemy.moml.MoMLSimpleApplication$UnloadThread.run(MoMLSimpleApplication.java:402)
Caused by: ptolemy.kernel.util.IllegalActionException: SubscriptionAggregatorPorts cannot be used at the top level, use a SubscriptionAggregator actor instead.
  in .PublisherSubscriptionAggregatorPort.SubscriptionAggregatorPort
	at ptolemy.actor.SubscriptionAggregatorPort.preinitialize(SubscriptionAggregatorPort.java:353)
	at ptolemy.actor.CompositeActor.preinitialize(CompositeActor.java:1769)
	at ptolemy.actor.Manager.preinitializeAndResolveTypes(Manager.java:1040)
	at ptolemy.actor.Manager.initialize(Manager.java:710)
	at ptolemy.actor.Manager.execute(Manager.java:356)
	at ptolemy.actor.Manager.run(Manager.java:1263)
	at ptolemy.actor.Manager$PtolemyRunThread.run(Manager.java:1915)
java.lang.reflect.InvocationTargetException
	at sun.reflect.NativeConstructorAccessorImpl.newInstance0(Native Method)
	at sun.reflect.NativeConstructorAccessorImpl.newInstance(NativeConstructorAccessorImpl.java:62)
	at sun.reflect.DelegatingConstructorAccessorImpl.newInstance(DelegatingConstructorAccessorImpl.java:45)
	at java.lang.reflect.Constructor.newInstance(Constructor.java:423)
	at ptolemy.util.test.junit.AutoKnownFailedTests.RunModel(AutoKnownFailedTests.java:105)
	at sun.reflect.NativeMethodAccessorImpl.invoke0(Native Method)
	at sun.reflect.NativeMethodAccessorImpl.invoke(NativeMethodAccessorImpl.java:62)
	at sun.reflect.DelegatingMethodAccessorImpl.invoke(DelegatingMethodAccessorImpl.java:43)
	at java.lang.reflect.Method.invoke(Method.java:498)
	at org.junit.runners.model.FrameworkMethod$1.runReflectiveCall(FrameworkMethod.java:44)
	at org.junit.internal.runners.model.ReflectiveCallable.run(ReflectiveCallable.java:15)
	at org.junit.runners.model.FrameworkMethod.invokeExplosively(FrameworkMethod.java:41)
	at junitparams.internal.InvokeParameterisedMethod.evaluate(InvokeParameterisedMethod.java:102)
	at org.junit.internal.runners.statements.FailOnTimeout$1.run(FailOnTimeout.java:28)
Caused by: ptolemy.kernel.util.IllegalActionException: SubscriptionAggregatorPorts cannot be used at the top level, use a SubscriptionAggregator actor instead.
  in .PublisherSubscriptionAggregatorPort.SubscriptionAggregatorPort
	at ptolemy.actor.SubscriptionAggregatorPort.preinitialize(SubscriptionAggregatorPort.java:353)
	at ptolemy.actor.CompositeActor.preinitialize(CompositeActor.java:1769)
	at ptolemy.actor.Manager.preinitializeAndResolveTypes(Manager.java:1040)
	at ptolemy.actor.Manager.initialize(Manager.java:710)
	at ptolemy.actor.Manager.execute(Manager.java:356)
	at ptolemy.actor.Manager.run(Manager.java:1263)
	at ptolemy.actor.Manager$PtolemyRunThread.run(Manager.java:1915)
java.lang.RuntimeException: Execution failed
	at ptolemy.moml.MoMLSimpleApplication$UnloadThread.run(MoMLSimpleApplication.java:402)
Caused by: ptolemy.kernel.util.IllegalActionException: TypeTest actor has no training data.
  in .sizedarray3.TypeTest
	at ptolemy.actor.lib.TypeTest.initialize(TypeTest.java:250)
	at ptolemy.actor.Director.initialize(Director.java:938)
	at ptolemy.actor.Director.initialize(Director.java:907)
	at ptolemy.actor.sched.StaticSchedulingDirector.initialize(StaticSchedulingDirector.java:159)
	at ptolemy.domains.sdf.kernel.SDFDirector.initialize(SDFDirector.java:544)
	at ptolemy.actor.CompositeActor.initialize(CompositeActor.java:935)
	at ptolemy.actor.Manager.initialize(Manager.java:724)
	at ptolemy.actor.Manager.execute(Manager.java:356)
	at ptolemy.actor.Manager.run(Manager.java:1263)
	at ptolemy.actor.Manager$PtolemyRunThread.run(Manager.java:1915)
java.lang.reflect.InvocationTargetException
	at sun.reflect.NativeConstructorAccessorImpl.newInstance0(Native Method)
	at sun.reflect.NativeConstructorAccessorImpl.newInstance(NativeConstructorAccessorImpl.java:62)
	at sun.reflect.DelegatingConstructorAccessorImpl.newInstance(DelegatingConstructorAccessorImpl.java:45)
	at java.lang.reflect.Constructor.newInstance(Constructor.java:423)
	at ptolemy.util.test.junit.AutoKnownFailedTests.RunModel(AutoKnownFailedTests.java:105)
	at sun.reflect.NativeMethodAccessorImpl.invoke0(Native Method)
	at sun.reflect.NativeMethodAccessorImpl.invoke(NativeMethodAccessorImpl.java:62)
	at sun.reflect.DelegatingMethodAccessorImpl.invoke(DelegatingMethodAccessorImpl.java:43)
	at java.lang.reflect.Method.invoke(Method.java:498)
	at org.junit.runners.model.FrameworkMethod$1.runReflectiveCall(FrameworkMethod.java:44)
	at org.junit.internal.runners.model.ReflectiveCallable.run(ReflectiveCallable.java:15)
	at org.junit.runners.model.FrameworkMethod.invokeExplosively(FrameworkMethod.java:41)
	at junitparams.internal.InvokeParameterisedMethod.evaluate(InvokeParameterisedMethod.java:102)
	at org.junit.internal.runners.statements.FailOnTimeout$1.run(FailOnTimeout.java:28)
Caused by: ptolemy.kernel.util.IllegalActionException: TypeTest actor has no training data.
  in .sizedarray3.TypeTest
	at ptolemy.actor.lib.TypeTest.initialize(TypeTest.java:250)
	at ptolemy.actor.Director.initialize(Director.java:938)
	at ptolemy.actor.Director.initialize(Director.java:907)
	at ptolemy.actor.sched.StaticSchedulingDirector.initialize(StaticSchedulingDirector.java:159)
	at ptolemy.domains.sdf.kernel.SDFDirector.initialize(SDFDirector.java:544)
	at ptolemy.actor.CompositeActor.initialize(CompositeActor.java:935)
	at ptolemy.actor.Manager.initialize(Manager.java:724)
	at ptolemy.actor.Manager.execute(Manager.java:356)
	at ptolemy.actor.Manager.run(Manager.java:1263)
	at ptolemy.actor.Manager$PtolemyRunThread.run(Manager.java:1915)
]]></system-err>
</testsuite>
