<?xml version="1.0" encoding="UTF-8" ?>
<testsuite errors="0" failures="0" hostname="travis-job-d987de2b-f714-4de7-a406-1b61e5600c85" name="ptolemy.actor.lib.test.junit.JUnitTclTest" skipped="0" tests="517" time="61.86" timestamp="2020-09-02T15:41:17">
  <properties>
    <property name="npm.executable" value="npm" />
    <property name="env.TRAVIS_ROOT" value="/" />
    <property name="ptII.mk.exists" value="true" />
    <property name="env.TRAVIS_APP_HOST" value="build.travis-ci.org" />
    <property name="env.rvm_bin_path" value="/home/travis/.rvm/bin" />
    <property name="java.home" value="/usr/local/lib/jvm/openjdk11" />
    <property name="env.TRAVIS_JOB_NUMBER" value="1752.8" />
    <property name="env.TRAVIS_HOME" value="/home/travis" />
    <property name="env.DISPLAY" value=":99.0" />
    <property name="env.TRAVIS_INIT" value="systemd" />
    <property name="env.SSH_TTY" value="/dev/pts/0" />
    <property name="java.net.preferIPv4Stack" value="true" />
    <property name="env.RUN_TESTS" value="true" />
    <property name="timeout.short" value="1000000" />
    <property name="junit.formatter" value="xml" />
    <property name="env.TRAVIS_SUDO" value="true" />
    <property name="env.TRAVIS_JOB_NAME" value="" />
    <property name="env.TRAVIS_STACK_NODE_ATTRIBUTES" value="/.node-attributes.yml" />
    <property name="env.LOGNAME" value="travis" />
    <property name="env.PT_TRAVIS_TEST_CORE1_XML" value="true" />
    <property name="jsdoc.home" value="node_modules/@terraswarm/jsdoc" />
    <property name="debuglevel" value="source,lines,vars" />
    <property name="checkstyle.formatter" value="xml" />
    <property name="bin.vergil.makeable" value="true" />
    <property name="sun.os.patch.level" value="unknown" />
    <property name="java.vendor.url" value="http://java.oracle.com/" />
    <property name="env.TRAVIS_BUILD_WEB_URL" value="https://travis-ci.org/icyphy/ptII/builds/723480225" />
    <property name="java.version" value="11.0.2" />
    <property name="env.TZ" value="UTC" />
    <property name="env.TRAVIS_PULL_REQUEST_SHA" value="" />
    <property name="env.PT_NO_NET" value="true" />
    <property name="env.TRAVIS_SECURE_ENV_VARS" value="true" />
    <property name="java.vendor.url.bug" value="http://bugreport.java.com/bugreport/" />
    <property name="npmjs-org-is-up" value="true" />
    <property name="env.LANGUAGE" value="en_US.UTF-8" />
    <property name="env.SSH_CLIENT" value="10.16.1.118 54210 22" />
    <property name="env.GEM_HOME" value="/home/travis/.rvm/gems/ruby-2.5.3" />
    <property name="env.HAS_ANTARES_THREE_LITTLE_FRONZIES_BADGE" value="true" />
    <property name="java.version.date" value="2019-01-15" />
    <property name="env.PS4" value="+" />
    <property name="ant.project.invoked-targets" value="build,test.core1.xml" />
    <property name="env.TRAVIS_PULL_REQUEST_BRANCH" value="" />
    <property name="env.TRAVIS_REPO_SLUG" value="icyphy/ptII" />
    <property name="env.XDG_DATA_DIRS" value="/usr/local/share:/usr/share:/var/lib/snapd/desktop" />
    <property name="jdk.debug" value="release" />
    <property name="env.TRAVIS_APT_PROXY" value="http://build-cache.travisci.net" />
    <property name="env.TRAVIS_CPU_ARCH" value="amd64" />
    <property name="node.in.path" value="true" />
    <property name="user.name" value="travis" />
    <property name="java.maxmemory" value="1400m" />
    <property name="env.RUBY_VERSION" value="ruby-2.5.3" />
    <property name="env.LANG" value="en_US.UTF-8" />
    <property name="sun.io.unicode.encoding" value="UnicodeLittle" />
    <property name="sun.jnu.encoding" value="UTF-8" />
    <property name="java.runtime.name" value="OpenJDK Runtime Environment" />
    <property name="usefile" value="false" />
    <property name="return.code" value="0" />
    <property name="junit.single.formatter" value="plain" />
    <property name="env.DYLD_LIBRARY_PATH" value="/home/travis/pthla/certi-tools/lib:" />
    <property name="env.DEBIAN_FRONTEND" value="noninteractive" />
    <property name="env.SSH_CONNECTION" value="10.16.1.118 54210 10.20.0.18 22" />
    <property name="env.MYSQL_UNIX_PORT" value="/var/run/mysqld/mysqld.sock" />
    <property name="env.LC_ALL" value="en_US.UTF-8" />
    <property name="env.TRAVIS_ALLOW_FAILURE" value="" />
    <property name="env.TRAVIS_JOB_WEB_URL" value="https://travis-ci.org/icyphy/ptII/jobs/723480237" />
    <property name="java.specification.name" value="Java Platform API Specification" />
    <property name="node.works" value="true" />
    <property name="user.timezone" value="" />
    <property name="path.separator" value=":" />
    <property name="env.TRAVIS_ENABLE_INFRA_DETECTION" value="true" />
    <property name="env.PYTHON_CFLAGS" value="-g -fstack-protector --param=ssp-buffer-size=4 -Wformat -Werror=format-security" />
    <property name="timeout.long" value="4000000" />
    <property name="env.CERTI_HOME" value="/home/travis/pthla/certi-tools" />
    <property name="ant.file.ptII" value="/home/travis/build/icyphy/ptII/build.xml" />
    <property name="javadoc.packagenames" value="com.*,diva.*,lbnl.*,org.hlacerti.*,org.json.*,org.ptolemy.*,org.terraswarm.*,ptolemy.*,ptserver.*" />
    <property name="file.encoding" value="UTF-8" />
    <property name="env.TRAVIS_PULL_REQUEST_SLUG" value="" />
    <property name="ant.project.default-target" value="build" />
    <property name="env.GIT_ASKPASS" value="echo" />
    <property name="env.HOME" value="/home/travis" />
    <property name="sun.java.command" value="org.apache.tools.ant.taskdefs.optional.junit.JUnitTestRunner ptolemy.actor.lib.test.junit.JUnitTclTest skipNonTests=false filtertrace=true haltOnError=false haltOnFailure=false formatter=org.apache.tools.ant.taskdefs.optional.junit.OutErrSummaryJUnitResultFormatter showoutput=true outputtoformatters=true logfailedtests=true threadid=0 logtestlistenerevents=false formatter=org.apache.tools.ant.taskdefs.optional.junit.XMLJUnitResultFormatter,/home/travis/build/icyphy/ptII/reports/junit/TEST-ptolemy.actor.lib.test.junit.JUnitTclTest.xml crashfile=/home/travis/build/icyphy/ptII/junitvmwatcher18106232504505699295.properties propsfile=/home/travis/build/icyphy/ptII/junit6784813860442719555.properties" />
    <property name="env.COMPOSER_NO_INTERACTION" value="1" />
    <property name="env.MANPATH" value="/home/travis/.nvm/versions/node/v7.10.1/share/man:/home/travis/.rvm/rubies/ruby-2.5.3/share/man:/usr/local/cmake-3.12.4/man:/usr/local/clang-7.0.0/share/man:/usr/local/man:/usr/local/share/man:/usr/share/man:/home/travis/.rvm/man" />
    <property name="env.TRAVIS_TIMER_ID" value="0a47951e" />
    <property name="ant.file" value="/home/travis/build/icyphy/ptII/build.xml" />
    <property name="env.TRAVIS_COMMIT_RANGE" value="3bb573e462e9b4151952318d01b7e361e9f419ad...74248200255084cca0f8d02e5ad09f36c0965423" />
    <property name="ptII.classpath.optional.property" value="/home/travis/build/icyphy/ptII/lib/bsh-2.0b4.jar:/home/travis/build/icyphy/ptII/lib/ptCal.jar:/home/travis/build/icyphy/ptII/lib/java_cup.jar:/home/travis/build/icyphy/ptII/lib/saxon8.jar:/home/travis/build/icyphy/ptII/lib/saxon8-dom.jar:/home/travis/build/icyphy/ptII/lib/chic.jar:/home/travis/build/icyphy/ptII/lib/ptcolt.jar:/home/travis/build/icyphy/ptII/vendors/misc/itext/iText.jar:/home/travis/build/icyphy/ptII/lib/g4ltl.jar:/home/travis/build/icyphy/ptII/lib/StructuralCoder.jar:/home/travis/build/icyphy/ptII/lib/jcerti.jar:/home/travis/build/icyphy/ptII/lib/javax.mail.jar:/home/travis/build/icyphy/ptII/vendors/JMF-2.1.1e/lib/jmf.jar:/home/travis/build/icyphy/ptII/lib/jna-4.0.0-variadic.jar:/home/travis/build/icyphy/ptII/vendors/misc/joystick/Joystick.jar:/home/travis/build/icyphy/ptII/lib/ptjacl.jar:/home/travis/build/icyphy/ptII/lib/jsoup-1.8.2.jar:/home/travis/build/icyphy/ptII/lib/junit-4.8.2.jar:/home/travis/build/icyphy/ptII/lib/JUnitParams-0.4.0.jar:/home/travis/build/icyphy/ptII/ptolemy/actor/lib/excel/jxl.jar:/home/travis/build/icyphy/ptII/lib/jython.jar:/home/travis/build/icyphy/ptII/lib/kieler.jar:/home/travis/build/icyphy/ptII/vendors/opencv/share/OpenCV/java/opencv-341.jar:/home/travis/build/icyphy/ptII/lib/oscP5.jar:/home/travis/build/icyphy/ptII/lib/nrjavaserial-3.11.0.devel.jar:/home/travis/build/icyphy/ptII/vendors/j3d/lib/Linux/j3dcore.jar:/home/travis/build/icyphy/ptII/vendors/j3d/lib/Linux/j3dutils.jar:/home/travis/build/icyphy/ptII/vendors/j3d/lib/Linux/vecmath.jar:/home/travis/build/icyphy/ptII/vendors/jogl/lib/Linux/gluegen-rt-natives-linux-amd64.jar:/home/travis/build/icyphy/ptII/vendors/jogl/lib/Linux/gluegen-rt.jar:/home/travis/build/icyphy/ptII/vendors/jogl/lib/Linux/jogl-all-natives-linux-amd64.jar:/home/travis/build/icyphy/ptII/vendors/jogl/lib/Linux/jogl-all.jar:/home/travis/build/icyphy/ptII/ptolemy/distributed/jini/jar/jini-core.jar:/home/travis/build/icyphy/ptII/ptolemy/distributed/jini/jar/jini-ext.jar:/home/travis/build/icyphy/ptII/ptolemy/distributed/jini/jar/sun-util.jar:/home/travis/build/icyphy/ptII/lib/protobuf-java-2.4.1.jar:/home/travis/build/icyphy/ptII/lib/org.eclipse.paho.client.mqttv3.jar:/home/travis/build/icyphy/ptII/lib/mapss.jar:/home/travis/build/icyphy/ptII/ptolemy/actor/ptalon/antlr/antlr.jar:/home/travis/build/icyphy/ptII/lib/JRI.jar:/home/travis/build/icyphy/ptII/lib/commons-lang-2.6.jar:/home/travis/build/icyphy/ptII/lib/commons-logging-1.1.1.jar:/home/travis/build/icyphy/ptII/lib/sootclasses.jar:/home/travis/build/icyphy/ptII/ptolemy/actor/lib/database/mysql-connector-java-5.1.6-bin.jar:/home/travis/build/icyphy/ptII/vendors/misc/sphinx4/sphinx4-data-5prealpha.jar:/home/travis/build/icyphy/ptII/vendors/misc/sphinx4/sphinx4-core-5prealpha.jar:/home/travis/build/icyphy/ptII/lib/PDFRenderer.jar:/home/travis/build/icyphy/ptII/lib/svgSalamander.jar:/home/travis/build/icyphy/ptII/lib/rsyntaxtextarea-2.6.0-SNAPSHOT.jar:/home/travis/build/icyphy/ptII/lib/hazelcast-3.8.2.jar:/home/travis/build/icyphy/ptII/lib/jackson-annotations-2.9.0.jar:/home/travis/build/icyphy/ptII/lib/jackson-core-2.9.3.jar:/home/travis/build/icyphy/ptII/lib/jackson-databind-2.9.3.jar:/home/travis/build/icyphy/ptII/lib/netty-buffer-4.1.19.Final.jar:/home/travis/build/icyphy/ptII/lib/netty-codec-4.1.19.Final.jar:/home/travis/build/icyphy/ptII/lib/netty-codec-dns-4.1.19.Final.jar:/home/travis/build/icyphy/ptII/lib/netty-codec-http-4.1.19.Final.jar:/home/travis/build/icyphy/ptII/lib/netty-codec-http2-4.1.19.Final.jar:/home/travis/build/icyphy/ptII/lib/netty-common-4.1.19.Final.jar:/home/travis/build/icyphy/ptII/lib/netty-handler-4.1.19.Final.jar:/home/travis/build/icyphy/ptII/lib/netty-resolver-4.1.19.Final.jar:/home/travis/build/icyphy/ptII/lib/netty-resolver-dns-4.1.19.Final.jar:/home/travis/build/icyphy/ptII/lib/netty-transport-4.1.19.Final.jar:/home/travis/build/icyphy/ptII/lib/vertx-codegen-3.5.1.jar:/home/travis/build/icyphy/ptII/lib/vertx-core-3.5.2-SNAPSHOT.jar:/home/travis/build/icyphy/ptII/lib/vertx-hazelcast-3.5.1.jar:/home/travis/build/icyphy/ptII/lib/vertx-lang-js-3.5.1.jar:/home/travis/build/icyphy/ptII/lib/vertx-service-proxy-3.5.1.jar:/home/travis/build/icyphy/ptII/lib/vertx-web-3.5.1.jar:/home/travis/build/icyphy/ptII/lib/slf4j-api-1.7.13.jar:/home/travis/build/icyphy/ptII/lib/slf4j-simple-1.7.13.jar:/home/travis/build/icyphy/ptII/lib/webcam-capture-0.3.12.jar:/home/travis/build/icyphy/ptII/lib/bridj-0.7.0.jar:/home/travis/build/icyphy/ptII/lib/xbjlib-1.1.0.nrjavaserial.jar" />
    <property name="timeout" value="2400000" />
    <property name="test.batch" value="**/junit/*.java" />
    <property name="env._" value="/usr/bin/timeout" />
    <property name="java.io.tmpdir" value="/tmp" />
    <property name="user.language" value="en" />
    <property name="env.TRAVIS_INTERNAL_RUBY_REGEX" value="^ruby-(2\.[0-4]\.[0-9]|1\.9\.3)" />
    <property name="env.HISTCONTROL" value="ignoredups:ignorespace" />
    <property name="env.GOROOT" value="/home/travis/.gimme/versions/go1.11.1.linux.amd64" />
    <property name="line.separator" value="&#xa;" />
    <property name="target" value="11" />
    <property name="env.TRAVIS_BUILD_DIR" value="/home/travis/build/icyphy/ptII" />
    <property name="env.ANT_OPTS" value="-Xmx2048m" />
    <property name="ant.file.type" value="file" />
    <property name="ptolemy.ptII.batchMode" value="true" />
    <property name="env.HISTSIZE" value="1000" />
    <property name="env.MERB_ENV" value="test" />
    <property name="java.vm.info" value="mixed mode" />
    <property name="source" value="11" />
    <property name="java.vm.specification.name" value="Java Virtual Machine Specification" />
    <property name="env.TRAVIS_TEST_RESULT" value="0" />
    <property name="jsdoc.command" value="node_modules/@terraswarm/jsdoc/jsdoc.js" />
    <property name="npm.works" value="true" />
    <property name="cobertura.dir" value="/home/travis/build/icyphy/ptII/vendors/cobertura-2.0.3" />
    <property name="jsdoc.command.exists" value="true" />
    <property name="env.rvm_path" value="/home/travis/.rvm" />
    <property name="env.GEM_PATH" value="/home/travis/.rvm/gems/ruby-2.5.3:/home/travis/.rvm/gems/ruby-2.5.3@global" />
    <property name="env.LC_CTYPE" value="en_US.UTF-8" />
    <property name="env.TRAVIS_CMD" value="$PTII/bin/ptIITravisBuild.sh $SECONDS" />
    <property name="java.awt.printerjob" value="sun.print.PSPrinterJob" />
    <property name="env.TRAVIS_STACK_NAME" value="sardonyx" />
    <property name="env.TRAVIS_TIMER_START_TIME" value="1599060654392376982" />
    <property name="ant.version" value="Apache Ant(TM) version 1.10.1 compiled on February 2 2017" />
    <property name="ptII.reports" value="/home/travis/build/icyphy/ptII/reports" />
    <property name="env.TRAVIS_STACK_TIMESTAMP" value="2020-06-24 13:13:18 UTC" />
    <property name="ant.file.type.ptII" value="file" />
    <property name="env.RBENV_SHELL" value="bash" />
    <property name="os.name" value="Linux" />
    <property name="java.specification.vendor" value="Oracle Corporation" />
    <property name="env.rvm_version" value="1.29.10 (latest)" />
    <property name="env.TRAVIS_INFRA" value="unknown" />
    <property name="env.TERM" value="xterm" />
    <property name="java.vm.name" value="OpenJDK 64-Bit Server VM" />
    <property name="env.TRAVIS_BUILD_NUMBER" value="1752" />
    <property name="env.CI" value="true" />
    <property name="java.library.path" value="/home/travis/pthla/certi-tools/lib:/usr/lib/jni:/usr/local/share/OpenCV/java/:/usr/share/OpenCV/java::/usr/java/packages/lib:/usr/lib64:/lib64:/lib:/usr/lib" />
    <property name="jdk.module.path" value="/home/travis/build/icyphy/ptII/vendors/javafx/javafx-sdk-11.0.2/lib:" />
    <property name="env.rvm_prefix" value="/home/travis" />
    <property name="env.PATH" value="/home/travis/pthla/certi-tools/share/scripts:/home/travis/.rvm/gems/ruby-2.5.3/bin:/home/travis/.rvm/gems/ruby-2.5.3@global/bin:/home/travis/.rvm/rubies/ruby-2.5.3/bin:/home/travis/.rvm/bin:/home/travis/.nvm/versions/node/v7.10.1/bin:./node_modules/.bin:/home/travis/build/icyphy/ptII/bin:/home/travis/pthla/certi-tools/bin:/home/travis/bin:/home/travis/.local/bin:/usr/local/lib/jvm/openjdk11/bin:/opt/pyenv/shims:/home/travis/.phpenv/shims:/home/travis/perl5/perlbrew/bin:/home/travis/gopath/bin:/home/travis/.gimme/versions/go1.11.1.linux.amd64/bin:/usr/local/maven-3.6.3/bin:/usr/local/cmake-3.12.4/bin:/usr/local/clang-7.0.0/bin:/usr/local/sbin:/usr/local/bin:/usr/sbin:/usr/bin:/sbin:/bin:/snap/bin:/home/travis/.phpenv/bin:/opt/pyenv/bin:/home/travis/.yarn/bin" />
    <property name="env.TRAVIS_OS_NAME" value="linux" />
    <property name="ant.java.version" value="9" />
    <property name="basedir" value="/home/travis/build/icyphy/ptII" />
    <property name="java.class.version" value="55.0" />
    <property name="env.SHLVL" value="3" />
    <property name="env.LD_LIBRARY_PATH" value="/home/travis/pthla/certi-tools/lib:/usr/lib/jni:/usr/local/share/OpenCV/java/:/usr/share/OpenCV/java:" />
    <property name="env.RACK_ENV" value="test" />
    <property name="ant.home" value="/home/travis/build/icyphy/ptII/ant" />
    <property name="env.NVM_DIR" value="/home/travis/.nvm" />
    <property name="env.CERTI_FOM_PATH" value="/home/travis/pthla/certi-tools/share/federations" />
    <property name="env.TRAVIS_BUILD_ID" value="723480225" />
    <property name="env.PYENV_ROOT" value="/opt/pyenv" />
    <property name="env.TRAVIS_UID" value="2000" />
    <property name="prism.verbose" value="true" />
    <property name="env.NVM_BIN" value="/home/travis/.nvm/versions/node/v7.10.1/bin" />
    <property name="env.TRAVIS_COMMIT" value="74248200255084cca0f8d02e5ad09f36c0965423" />
    <property name="node.executable" value="node" />
    <property name="sun.boot.library.path" value="/usr/local/lib/jvm/openjdk11/lib" />
    <property name="sun.management.compiler" value="HotSpot 64-Bit Tiered Compilers" />
    <property name="java.awt.graphicsenv" value="sun.awt.X11GraphicsEnvironment" />
    <property name="env.GOPATH" value="/home/travis/gopath" />
    <property name="ptolemy.ptII.dir" value="/home/travis/build/icyphy/ptII" />
    <property name="env.USER" value="travis" />
    <property name="env.HISTFILESIZE" value="2000" />
    <property name="env.NVM_INC" value="/home/travis/.nvm/versions/node/v7.10.1/include/node" />
    <property name="timeout.longest" value="19000000" />
    <property name="env.PERLBREW_SHELLRC_VERSION" value="0.88" />
    <property name="env.TRAVIS_STACK_FEATURES" value="basic couchdb disabled-ipv6 docker docker-compose elasticsearch firefox go-toolchain google-chrome jdk memcached mongodb mysql nodejs_interpreter perl_interpreter perlbrew phantomjs postgresql python_interpreter redis ruby_interpreter sqlite xserver" />
    <property name="env.TRAVIS_PULL_REQUEST" value="false" />
    <property name="env.PYENV_SHELL" value="bash" />
    <property name="ant.project.name" value="ptII" />
    <property name="env.ANSI_RESET" value="\033[0m" />
    <property name="java.vm.specification.version" value="11" />
    <property name="env.TRAVIS_DIST" value="xenial" />
    <property name="env.CERTI_VERSION" value="4.0.0" />
    <property name="env.CERTI_HOST" value="localhost" />
    <property name="awt.toolkit" value="sun.awt.X11.XToolkit" />
    <property name="env.MY_RUBY_HOME" value="/home/travis/.rvm/rubies/ruby-2.5.3" />
    <property name="sun.cpu.isalist" value="" />
    <property name="env.TRAVIS_TMPDIR" value="/tmp/tmp.GsIibV3Y6D" />
    <property name="java.vm.compressedOopsMode" value="Zero based" />
    <property name="os.version" value="4.15.0-1077-gcp" />
    <property name="user.home" value="/home/travis" />
    <property name="java.vm.vendor" value="Oracle Corporation" />
    <property name="env.TRAVIS_TAG" value="nightly" />
    <property name="env.ANSI_YELLOW" value="\033[33;1m" />
    <property name="env.TRAVIS_FILTERED" value="redirect_io" />
    <property name="env.ANSI_GREEN" value="\033[32;1m" />
    <property name="env.JAVA_HOME" value="/usr/local/lib/jvm/openjdk11" />
    <property name="javadoc.excludepackagenames" value="adm.cvs2svn.*,build.*,config.*,doc.coding.templates.*,jni.test.jni.meaningOfLife.*,jni.test.jni.testDeux.*,jni.test.jni.testTrois.*,org.terraswarm.accessor.accessors.web.node_modules.*,org.terraswarm.accessor.accessors.web.hosts.cordova.demo.*,org.terraswarm.accessor.accessors.web.hosts.cordova.plugins.*,org.terraswarm.accessor.accessors-svn.*,pt-modules.*,ptolemy.apps.agilent.*,ptolemy.apps.anytimecontrol.*,ptolemy.apps.apes.*,ptolemy.apps.charon.*,ptolemy.apps.crazyboard.*,ptolemy.apps.eclipse.*,ptolemy.apps.etherealSting.*,ptolemy.apps.fullscreen.*,ptolemy.apps.giotto.*,ptolemy.apps.ia.*,ptolemy.apps.interfaces.*,ptolemy.apps.jmf.*,ptolemy.apps.kurt.*,ptolemy.apps.kvm.*,ptolemy.apps.lego.*,ptolemy.apps.lejos.*,ptolemy.apps.midp.*,ptolemy.apps.mobileCoding.*,ptolemy.apps.pendulum.*,ptolemy.apps.rijndael.*,ptolemy.apps.robot.*,ptolemy.apps.security.*,ptolemy.apps.sobel.*,ptolemy.apps.soot.*,ptolemy.apps.throttle.*,ptolemy.apps.tini.*,ptolemy.apps.transmission.*,ptolemy.apps.vergil.*,ptolemy.apps.waba.*,ptolemy.apps.websensor.*,ptolemy.apps.webstart.*,ptolemy.apps.xsl.*,ptolemy.apps.zaurus.*,ptolemy.codegen.c.actor.lib.oldJavaFiles.*,ptolemy.codegen.dsp.lib.*,ptolemy.codegen.kernel.newInterfaces.*,ptolemy.codegen.lib.*,ptolemy.copernicus.kernel.fragment.*,ptolemy.copernicus.shallow.cg.*,ptolemy.domains.giotto.demo.Hierarchy.Hierarchy.*,ptolemy.domains.giotto.demo.Multimode.Multimode.*,ptolemy.domains.giotto.demo.Simple.Simple.*,ptolemy.domains.gr.lib.experimental.*,ptolemy.domains.gro.*,ptolemy.domains.pdf.*,ptolemy.domains.ptinyos.demo.Surge.output.*,ptolemy.moml.test.NoPackageActor.java*,ptolemy.plot.adm.*,ptolemy.plot.servlet.*,reports.*,signed.*,src.*,target.*,vendors.*,ptolemy.copernicus.applet.*,ptolemy.media.viewer.*,ptolemy.actor.corba.*,doc.doclets.*,ptolemy.apps.eclipse.awt.*,ptolemy.backtrack.*,ptolemy.backtrack.ast.*,ptolemy.cg.adapter.generic.program.procedural.c.mbed*,ptolemy.homer.*,ptolemy.actor.lib.jai.*,org.ptolemy.scala.*,diva.util.java2d.svg.*,ptolemy.domains.ptinyos.*,ptolemy.actor.lib.fmi.fmipp.*,,org.terraswarm.accessor.accessors.web.node_modules.*,org.terraswarm.accessor.accessors-svn,ptolemy.apps.*,ptolemy.actor.ptalon.demo.ptinyos.SendAndReceiveCnt.output,ptolemy.actor.ptalon.demo.ptinyos.SenseToLeds.output,ptolemy.domains.ptinyos.demo.CntToLedsAndRfm.output,ptolemy.domains.ptinyos.demo.RfmToLeds.output,ptolemy.domains.ptinyos.demo.SendAndReceiveCnt.output,ptolemy.domains.ptinyos.demo.SenseToLeds.output,ptolemy.actor.lib.jjs.modules.udpSocket.*" />
    <property name="env.PTII" value="/home/travis/build/icyphy/ptII" />
    <property name="env.XDG_SESSION_ID" value="2" />
    <property name="keystore" value="ptKeystore" />
    <property name="env.TRAVIS_COMMIT_MESSAGE" value="Exclude org/hlacerti/newModels1516e/VariableArrayPTIIJavaFed" />
    <property name="junit.output.dir" value="/home/travis/build/icyphy/ptII/reports/junit" />
    <property name="npm.return.code" value="0" />
    <property name="user.dir" value="/home/travis/build/icyphy/ptII/ptolemy/actor/lib/test" />
    <property name="env.TRAVIS_NODE_VERSION" value="7" />
    <property name="env.TRAVIS_EVENT_TYPE" value="cron" />
    <property name="env.MAIL" value="/var/mail/travis" />
    <property name="env.PERLBREW_ROOT" value="/home/travis/perl5/perlbrew" />
    <property name="env.PWD" value="/home/travis/build/icyphy/ptII" />
    <property name="timeout.npm" value="45000" />
    <property name="env.TRAVIS_ARCH" value="amd64" />
    <property name="sun.cpu.endian" value="little" />
    <property name="env.PAGER" value="cat" />
    <property name="env.TRAVIS_BUILD_STAGE_NAME" value="test" />
    <property name="env.PERLBREW_HOME" value="/home/travis/.perlbrew" />
    <property name="java.vm.version" value="11.0.2+9" />
    <property name="env.RAILS_ENV" value="test" />
    <property name="java.class.path" value="/home/travis/.ptolemyII:/home/travis/.ptolemyII/*:/home/travis/build/icyphy/ptII:/home/travis/build/icyphy/ptII/lib/bsh-2.0b4.jar:/home/travis/build/icyphy/ptII/lib/ptCal.jar:/home/travis/build/icyphy/ptII/lib/java_cup.jar:/home/travis/build/icyphy/ptII/lib/saxon8.jar:/home/travis/build/icyphy/ptII/lib/saxon8-dom.jar:/home/travis/build/icyphy/ptII/lib/chic.jar:/home/travis/build/icyphy/ptII/lib/ptcolt.jar:/home/travis/build/icyphy/ptII/vendors/misc/itext/iText.jar:/home/travis/build/icyphy/ptII/lib/g4ltl.jar:/home/travis/build/icyphy/ptII/lib/StructuralCoder.jar:/home/travis/build/icyphy/ptII/lib/jcerti.jar:/home/travis/build/icyphy/ptII/lib/javax.mail.jar:/home/travis/build/icyphy/ptII/vendors/JMF-2.1.1e/lib/jmf.jar:/home/travis/build/icyphy/ptII/lib/jna-4.0.0-variadic.jar:/home/travis/build/icyphy/ptII/vendors/misc/joystick/Joystick.jar:/home/travis/build/icyphy/ptII/lib/ptjacl.jar:/home/travis/build/icyphy/ptII/lib/jsoup-1.8.2.jar:/home/travis/build/icyphy/ptII/lib/junit-4.8.2.jar:/home/travis/build/icyphy/ptII/lib/JUnitParams-0.4.0.jar:/home/travis/build/icyphy/ptII/ptolemy/actor/lib/excel/jxl.jar:/home/travis/build/icyphy/ptII/lib/jython.jar:/home/travis/build/icyphy/ptII/lib/kieler.jar:/home/travis/build/icyphy/ptII/vendors/opencv/share/OpenCV/java/opencv-341.jar:/home/travis/build/icyphy/ptII/lib/oscP5.jar:/home/travis/build/icyphy/ptII/lib/nrjavaserial-3.11.0.devel.jar:/home/travis/build/icyphy/ptII/vendors/j3d/lib/Linux/j3dcore.jar:/home/travis/build/icyphy/ptII/vendors/j3d/lib/Linux/j3dutils.jar:/home/travis/build/icyphy/ptII/vendors/j3d/lib/Linux/vecmath.jar:/home/travis/build/icyphy/ptII/vendors/jogl/lib/Linux/gluegen-rt-natives-linux-amd64.jar:/home/travis/build/icyphy/ptII/vendors/jogl/lib/Linux/gluegen-rt.jar:/home/travis/build/icyphy/ptII/vendors/jogl/lib/Linux/jogl-all-natives-linux-amd64.jar:/home/travis/build/icyphy/ptII/vendors/jogl/lib/Linux/jogl-all.jar:/home/travis/build/icyphy/ptII/ptolemy/distributed/jini/jar/jini-core.jar:/home/travis/build/icyphy/ptII/ptolemy/distributed/jini/jar/jini-ext.jar:/home/travis/build/icyphy/ptII/ptolemy/distributed/jini/jar/sun-util.jar:/home/travis/build/icyphy/ptII/lib/protobuf-java-2.4.1.jar:/home/travis/build/icyphy/ptII/lib/org.eclipse.paho.client.mqttv3.jar:/home/travis/build/icyphy/ptII/lib/mapss.jar:/home/travis/build/icyphy/ptII/ptolemy/actor/ptalon/antlr/antlr.jar:/home/travis/build/icyphy/ptII/lib/JRI.jar:/home/travis/build/icyphy/ptII/lib/commons-lang-2.6.jar:/home/travis/build/icyphy/ptII/lib/commons-logging-1.1.1.jar:/home/travis/build/icyphy/ptII/lib/sootclasses.jar:/home/travis/build/icyphy/ptII/ptolemy/actor/lib/database/mysql-connector-java-5.1.6-bin.jar:/home/travis/build/icyphy/ptII/vendors/misc/sphinx4/sphinx4-data-5prealpha.jar:/home/travis/build/icyphy/ptII/vendors/misc/sphinx4/sphinx4-core-5prealpha.jar:/home/travis/build/icyphy/ptII/lib/PDFRenderer.jar:/home/travis/build/icyphy/ptII/lib/svgSalamander.jar:/home/travis/build/icyphy/ptII/lib/rsyntaxtextarea-2.6.0-SNAPSHOT.jar:/home/travis/build/icyphy/ptII/lib/hazelcast-3.8.2.jar:/home/travis/build/icyphy/ptII/lib/jackson-annotations-2.9.0.jar:/home/travis/build/icyphy/ptII/lib/jackson-core-2.9.3.jar:/home/travis/build/icyphy/ptII/lib/jackson-databind-2.9.3.jar:/home/travis/build/icyphy/ptII/lib/netty-buffer-4.1.19.Final.jar:/home/travis/build/icyphy/ptII/lib/netty-codec-4.1.19.Final.jar:/home/travis/build/icyphy/ptII/lib/netty-codec-dns-4.1.19.Final.jar:/home/travis/build/icyphy/ptII/lib/netty-codec-http-4.1.19.Final.jar:/home/travis/build/icyphy/ptII/lib/netty-codec-http2-4.1.19.Final.jar:/home/travis/build/icyphy/ptII/lib/netty-common-4.1.19.Final.jar:/home/travis/build/icyphy/ptII/lib/netty-handler-4.1.19.Final.jar:/home/travis/build/icyphy/ptII/lib/netty-resolver-4.1.19.Final.jar:/home/travis/build/icyphy/ptII/lib/netty-resolver-dns-4.1.19.Final.jar:/home/travis/build/icyphy/ptII/lib/netty-transport-4.1.19.Final.jar:/home/travis/build/icyphy/ptII/lib/vertx-codegen-3.5.1.jar:/home/travis/build/icyphy/ptII/lib/vertx-core-3.5.2-SNAPSHOT.jar:/home/travis/build/icyphy/ptII/lib/vertx-hazelcast-3.5.1.jar:/home/travis/build/icyphy/ptII/lib/vertx-lang-js-3.5.1.jar:/home/travis/build/icyphy/ptII/lib/vertx-service-proxy-3.5.1.jar:/home/travis/build/icyphy/ptII/lib/vertx-web-3.5.1.jar:/home/travis/build/icyphy/ptII/lib/slf4j-api-1.7.13.jar:/home/travis/build/icyphy/ptII/lib/slf4j-simple-1.7.13.jar:/home/travis/build/icyphy/ptII/lib/webcam-capture-0.3.12.jar:/home/travis/build/icyphy/ptII/lib/bridj-0.7.0.jar:/home/travis/build/icyphy/ptII/lib/xbjlib-1.1.0.nrjavaserial.jar:/home/travis/build/icyphy/ptII/ptolemy/moml/test:/home/travis/build/icyphy/ptII/ant/lib/ant-launcher.jar:/home/travis/build/icyphy/ptII/ant/lib/ant.jar:/home/travis/build/icyphy/ptII/ant/lib/ant-junit.jar:/home/travis/build/icyphy/ptII/ant/lib/ant-junit4.jar" />
    <property name="ant.library.dir" value="/home/travis/build/icyphy/ptII/ant/lib" />
    <property name="os.arch" value="amd64" />
    <property name="env.CONTINUOUS_INTEGRATION" value="true" />
    <property name="env.TRAVIS_LANGUAGE" value="node_js" />
    <property name="env.TRAVIS_STACK_LANGUAGES" value="__sardonyx__ c c++ clojure cplusplus cpp default generic go groovy java node_js php pure_java python ruby scala" />
    <property name="test.name" value="ptolemy.actor.lib.test.junit.JUnitTclTest" />
    <property name="env.APT_KEY_DONT_WARN_ON_DANGEROUS_USAGE" value="1" />
    <property name="sun.java.launcher" value="SUN_STANDARD" />
    <property name="env.PYTHON_CONFIGURE_OPTS" value="--enable-unicode=ucs4 --with-wide-unicode --enable-shared --enable-ipv6 --enable-loadable-sqlite-extensions --with-computed-gotos" />
    <property name="ant.core.lib" value="/home/travis/build/icyphy/ptII/ant/lib/ant.jar" />
    <property name="java.vm.specification.vendor" value="Oracle Corporation" />
    <property name="env.BCVTB_HOME" value="/home/travis/build/icyphy/ptII/lbnl" />
    <property name="file.separator" value="/" />
    <property name="spotbugs.home" value="/home/travis/build/icyphy/ptII/vendors/spotbugs-3.1.1" />
    <property name="java.runtime.version" value="11.0.2+9" />
    <property name="env.ANSI_CLEAR" value="\033[0K" />
    <property name="javafx.verbose" value="true" />
    <property name="env.HAS_JOSH_K_SEAL_OF_APPROVAL" value="true" />
    <property name="env.XDG_RUNTIME_DIR" value="/run/user/2000" />
    <property name="env.TRAVIS_OSX_IMAGE" value="" />
    <property name="env.TRAVIS_JOB_ID" value="723480237" />
    <property name="env.TRAVIS_BRANCH" value="master" />
    <property name="user.country" value="US" />
    <property name="env.CERTI_HOME_TRAVIS" value="/home/travis/pthla/certi-tools" />
    <property name="env.SHELL" value="/bin/bash" />
    <property name="java.maxmemory.large" value="3200m" />
    <property name="model" value="" />
    <property name="env.CASHER_DIR" value="/home/travis/.casher" />
    <property name="env.NVM_CD_FLAGS" value="" />
    <property name="java.vendor.version" value="18.9" />
    <property name="jshint.executable" value="/home/travis/node_modules/jshint/bin/jshint" />
    <property name="env.JRUBY_OPTS" value=" --client -J-XX:+TieredCompilation -J-XX:TieredStopAtLevel=1 -J-Xss2m -Xcompile.invokedynamic=false" />
    <property name="java.vendor" value="Oracle Corporation" />
    <property name="env.TRAVIS_PRE_CHEF_BOOTSTRAP_TIME" value="2020-06-24T13:13:03" />
    <property name="env.TRAVIS_STACK_JOB_BOARD_REGISTER" value="/.job-board-register.yml" />
    <property name="env.ANSI_RED" value="\033[31;1m" />
    <property name="java.specification.version" value="11" />
    <property name="env.IRBRC" value="/home/travis/.rvm/rubies/ruby-2.5.3/.irbrc" />
    <property name="env.TRAVIS" value="true" />
    <property name="sun.arch.data.model" value="64" />
  </properties>
  <testcase classname="ptolemy.util.test.junit.TclTests" name="[0] /home/travis/build/icyphy/ptII/ptolemy/actor/lib/test/AbsoluteValue.tcl (RunTclFile)" time="0.524" />
  <testcase classname="ptolemy.util.test.junit.TclTests" name="[1] /home/travis/build/icyphy/ptII/ptolemy/actor/lib/test/AddSubtract.tcl (RunTclFile)" time="0.204" />
  <testcase classname="ptolemy.util.test.junit.TclTests" name="[2] /home/travis/build/icyphy/ptII/ptolemy/actor/lib/test/Average.tcl (RunTclFile)" time="0.032" />
  <testcase classname="ptolemy.util.test.junit.TclTests" name="[3] /home/travis/build/icyphy/ptII/ptolemy/actor/lib/test/Bernoulli.tcl (RunTclFile)" time="0.021" />
  <testcase classname="ptolemy.util.test.junit.TclTests" name="[4] /home/travis/build/icyphy/ptII/ptolemy/actor/lib/test/Clock.tcl (RunTclFile)" time="0.082" />
  <testcase classname="ptolemy.util.test.junit.TclTests" name="[5] /home/travis/build/icyphy/ptII/ptolemy/actor/lib/test/Commutator.tcl (RunTclFile)" time="0.173" />
  <testcase classname="ptolemy.util.test.junit.TclTests" name="[6] /home/travis/build/icyphy/ptII/ptolemy/actor/lib/test/Const.tcl (RunTclFile)" time="0.132" />
  <testcase classname="ptolemy.util.test.junit.TclTests" name="[7] /home/travis/build/icyphy/ptII/ptolemy/actor/lib/test/CurrentTime.tcl (RunTclFile)" time="0.02" />
  <testcase classname="ptolemy.util.test.junit.TclTests" name="[8] /home/travis/build/icyphy/ptII/ptolemy/actor/lib/test/DB.tcl (RunTclFile)" time="0.021" />
  <testcase classname="ptolemy.util.test.junit.TclTests" name="[9] /home/travis/build/icyphy/ptII/ptolemy/actor/lib/test/DiscreteRandomSource.tcl (RunTclFile)" time="0.043" />
  <testcase classname="ptolemy.util.test.junit.TclTests" name="[10] /home/travis/build/icyphy/ptII/ptolemy/actor/lib/test/Distributor.tcl (RunTclFile)" time="0.094" />
  <testcase classname="ptolemy.util.test.junit.TclTests" name="[11] /home/travis/build/icyphy/ptII/ptolemy/actor/lib/test/Exit.tcl (RunTclFile)" time="0.081" />
  <testcase classname="ptolemy.util.test.junit.TclTests" name="[12] /home/travis/build/icyphy/ptII/ptolemy/actor/lib/test/Expression.tcl (RunTclFile)" time="0.124" />
  <testcase classname="ptolemy.util.test.junit.TclTests" name="[13] /home/travis/build/icyphy/ptII/ptolemy/actor/lib/test/Gaussian.tcl (RunTclFile)" time="0.585" />
  <testcase classname="ptolemy.util.test.junit.TclTests" name="[14] /home/travis/build/icyphy/ptII/ptolemy/actor/lib/test/IIR.tcl (RunTclFile)" time="0.021" />
  <testcase classname="ptolemy.util.test.junit.TclTests" name="[15] /home/travis/build/icyphy/ptII/ptolemy/actor/lib/test/Interpolator.tcl (RunTclFile)" time="0.107" />
  <testcase classname="ptolemy.util.test.junit.TclTests" name="[16] /home/travis/build/icyphy/ptII/ptolemy/actor/lib/test/MathFunction.tcl (RunTclFile)" time="0.089" />
  <testcase classname="ptolemy.util.test.junit.TclTests" name="[17] /home/travis/build/icyphy/ptII/ptolemy/actor/lib/test/Maximum.tcl (RunTclFile)" time="0.046" />
  <testcase classname="ptolemy.util.test.junit.TclTests" name="[18] /home/travis/build/icyphy/ptII/ptolemy/actor/lib/test/Minimum.tcl (RunTclFile)" time="0.03" />
  <testcase classname="ptolemy.util.test.junit.TclTests" name="[19] /home/travis/build/icyphy/ptII/ptolemy/actor/lib/test/MultiplyDivide.tcl (RunTclFile)" time="0.046" />
  <testcase classname="ptolemy.util.test.junit.TclTests" name="[20] /home/travis/build/icyphy/ptII/ptolemy/actor/lib/test/OrderedMerge.tcl (RunTclFile)" time="0.144" />
  <testcase classname="ptolemy.util.test.junit.TclTests" name="[21] /home/travis/build/icyphy/ptII/ptolemy/actor/lib/test/Publisher.tcl (RunTclFile)" time="0.802" />
  <testcase classname="ptolemy.util.test.junit.TclTests" name="[22] /home/travis/build/icyphy/ptII/ptolemy/actor/lib/test/Pulse.tcl (RunTclFile)" time="0.051" />
  <testcase classname="ptolemy.util.test.junit.TclTests" name="[23] /home/travis/build/icyphy/ptII/ptolemy/actor/lib/test/Ramp.tcl (RunTclFile)" time="2.008" />
  <testcase classname="ptolemy.util.test.junit.TclTests" name="[24] /home/travis/build/icyphy/ptII/ptolemy/actor/lib/test/RampContinuous.tcl (RunTclFile)" time="0.017" />
  <testcase classname="ptolemy.util.test.junit.TclTests" name="[25] /home/travis/build/icyphy/ptII/ptolemy/actor/lib/test/RecordAssembler.tcl (RunTclFile)" time="0.016" />
  <testcase classname="ptolemy.util.test.junit.TclTests" name="[26] /home/travis/build/icyphy/ptII/ptolemy/actor/lib/test/RecordDisassembler.tcl (RunTclFile)" time="0.019" />
  <testcase classname="ptolemy.util.test.junit.TclTests" name="[27] /home/travis/build/icyphy/ptII/ptolemy/actor/lib/test/Scale.tcl (RunTclFile)" time="0.017" />
  <testcase classname="ptolemy.util.test.junit.TclTests" name="[28] /home/travis/build/icyphy/ptII/ptolemy/actor/lib/test/SequentialClock.tcl (RunTclFile)" time="0.011" />
  <testcase classname="ptolemy.util.test.junit.TclTests" name="[29] /home/travis/build/icyphy/ptII/ptolemy/actor/lib/test/SetVariable.tcl (RunTclFile)" time="0.009" />
  <testcase classname="ptolemy.util.test.junit.TclTests" name="[30] /home/travis/build/icyphy/ptII/ptolemy/actor/lib/test/Sinewave.tcl (RunTclFile)" time="0.05" />
  <testcase classname="ptolemy.util.test.junit.TclTests" name="[31] /home/travis/build/icyphy/ptII/ptolemy/actor/lib/test/SubscriptionAggregator.tcl (RunTclFile)" time="2.113" />
  <testcase classname="ptolemy.util.test.junit.TclTests" name="[32] /home/travis/build/icyphy/ptII/ptolemy/actor/lib/test/Test.tcl (RunTclFile)" time="0.106" />
  <testcase classname="ptolemy.util.test.junit.TclTests" name="[33] /home/travis/build/icyphy/ptII/ptolemy/actor/lib/test/TestExceptionHandler.tcl (RunTclFile)" time="0.011" />
  <testcase classname="ptolemy.util.test.junit.TclTests" name="[34] /home/travis/build/icyphy/ptII/ptolemy/actor/lib/test/UnionDisassembler.tcl (RunTclFile)" time="0.097" />
  <testcase classname="ptolemy.util.test.junit.TclTests" name="[35] /home/travis/build/icyphy/ptII/ptolemy/actor/lib/test/VariableClock.tcl (RunTclFile)" time="0.023" />
  <testcase classname="ptolemy.util.test.junit.AutoKnownFailedTests" name="[0] /home/travis/build/icyphy/ptII/ptolemy/actor/lib/test/auto/knownFailedTests/PublisherPortToplevelSubscriber.xml (RunModel)" time="0.031" />
  <testcase classname="ptolemy.util.test.junit.AutoKnownFailedTests" name="[1] /home/travis/build/icyphy/ptII/ptolemy/actor/lib/test/auto/knownFailedTests/PublisherSubscriberPortToplevel.xml (RunModel)" time="0.021" />
  <testcase classname="ptolemy.util.test.junit.AutoKnownFailedTests" name="[2] /home/travis/build/icyphy/ptII/ptolemy/actor/lib/test/auto/knownFailedTests/PublisherSubscriptionAggregatorPort.xml (RunModel)" time="0.022" />
  <testcase classname="ptolemy.util.test.junit.AutoKnownFailedTests" name="[3] /home/travis/build/icyphy/ptII/ptolemy/actor/lib/test/auto/knownFailedTests/sizedarray3.xml (RunModel)" time="0.027" />
  <testcase classname="ptolemy.util.test.junit.AutoNameArchTests" name="[0] ThereAreNoAutoArchTests (RunModel)" time="0.008" />
  <testcase classname="ptolemy.util.test.junit.AutoTests" name="[0] /home/travis/build/icyphy/ptII/ptolemy/actor/lib/test/auto/AbsoluteValue.xml (RunModel)" time="0.106" />
  <testcase classname="ptolemy.util.test.junit.AutoTests" name="[1] /home/travis/build/icyphy/ptII/ptolemy/actor/lib/test/auto/AbsoluteValue2.xml (RunModel)" time="0.053" />
  <testcase classname="ptolemy.util.test.junit.AutoTests" name="[2] /home/travis/build/icyphy/ptII/ptolemy/actor/lib/test/auto/Accumulator.xml (RunModel)" time="0.062" />
  <testcase classname="ptolemy.util.test.junit.AutoTests" name="[3] /home/travis/build/icyphy/ptII/ptolemy/actor/lib/test/auto/Accumulator2.xml (RunModel)" time="0.055" />
  <testcase classname="ptolemy.util.test.junit.AutoTests" name="[4] /home/travis/build/icyphy/ptII/ptolemy/actor/lib/test/auto/Accumulator3.xml (RunModel)" time="0.041" />
  <testcase classname="ptolemy.util.test.junit.AutoTests" name="[5] /home/travis/build/icyphy/ptII/ptolemy/actor/lib/test/auto/ArrayAppend.xml (RunModel)" time="0.043" />
  <testcase classname="ptolemy.util.test.junit.AutoTests" name="[6] /home/travis/build/icyphy/ptII/ptolemy/actor/lib/test/auto/ArrayAppend2.xml (RunModel)" time="0.46" />
  <testcase classname="ptolemy.util.test.junit.AutoTests" name="[7] /home/travis/build/icyphy/ptII/ptolemy/actor/lib/test/auto/ArrayAppend3.xml (RunModel)" time="0.039" />
  <testcase classname="ptolemy.util.test.junit.AutoTests" name="[8] /home/travis/build/icyphy/ptII/ptolemy/actor/lib/test/auto/ArrayAppend4.xml (RunModel)" time="0.03" />
  <testcase classname="ptolemy.util.test.junit.AutoTests" name="[9] /home/travis/build/icyphy/ptII/ptolemy/actor/lib/test/auto/ArrayAppend5.xml (RunModel)" time="0.014" />
  <testcase classname="ptolemy.util.test.junit.AutoTests" name="[10] /home/travis/build/icyphy/ptII/ptolemy/actor/lib/test/auto/ArrayAppend6.xml (RunModel)" time="0.028" />
  <testcase classname="ptolemy.util.test.junit.AutoTests" name="[11] /home/travis/build/icyphy/ptII/ptolemy/actor/lib/test/auto/ArrayAppendPerformanceTest.xml (RunModel)" time="0.067" />
  <testcase classname="ptolemy.util.test.junit.AutoTests" name="[12] /home/travis/build/icyphy/ptII/ptolemy/actor/lib/test/auto/ArrayAppendWithEmptyInput.xml (RunModel)" time="0.055" />
  <testcase classname="ptolemy.util.test.junit.AutoTests" name="[13] /home/travis/build/icyphy/ptII/ptolemy/actor/lib/test/auto/ArrayAverage.xml (RunModel)" time="0.053" />
  <testcase classname="ptolemy.util.test.junit.AutoTests" name="[14] /home/travis/build/icyphy/ptII/ptolemy/actor/lib/test/auto/ArrayContains.xml (RunModel)" time="0.032" />
  <testcase classname="ptolemy.util.test.junit.AutoTests" name="[15] /home/travis/build/icyphy/ptII/ptolemy/actor/lib/test/auto/ArrayElement.xml (RunModel)" time="0.036" />
  <testcase classname="ptolemy.util.test.junit.AutoTests" name="[16] /home/travis/build/icyphy/ptII/ptolemy/actor/lib/test/auto/ArrayElementAsMatrix.xml (RunModel)" time="0.053" />
  <testcase classname="ptolemy.util.test.junit.AutoTests" name="[17] /home/travis/build/icyphy/ptII/ptolemy/actor/lib/test/auto/ArrayElementI.xml (RunModel)" time="0.017" />
  <testcase classname="ptolemy.util.test.junit.AutoTests" name="[18] /home/travis/build/icyphy/ptII/ptolemy/actor/lib/test/auto/ArrayExtract.xml (RunModel)" time="0.046" />
  <testcase classname="ptolemy.util.test.junit.AutoTests" name="[19] /home/travis/build/icyphy/ptII/ptolemy/actor/lib/test/auto/ArrayExtract2.xml (RunModel)" time="0.018" />
  <testcase classname="ptolemy.util.test.junit.AutoTests" name="[20] /home/travis/build/icyphy/ptII/ptolemy/actor/lib/test/auto/ArrayLength.xml (RunModel)" time="0.022" />
  <testcase classname="ptolemy.util.test.junit.AutoTests" name="[21] /home/travis/build/icyphy/ptII/ptolemy/actor/lib/test/auto/ArrayLevelCrossing.xml (RunModel)" time="0.028" />
  <testcase classname="ptolemy.util.test.junit.AutoTests" name="[22] /home/travis/build/icyphy/ptII/ptolemy/actor/lib/test/auto/ArrayLevelCrossing2.xml (RunModel)" time="0.024" />
  <testcase classname="ptolemy.util.test.junit.AutoTests" name="[23] /home/travis/build/icyphy/ptII/ptolemy/actor/lib/test/auto/ArrayPeakSearch.xml (RunModel)" time="0.029" />
  <testcase classname="ptolemy.util.test.junit.AutoTests" name="[24] /home/travis/build/icyphy/ptII/ptolemy/actor/lib/test/auto/ArrayPeakSearch2.xml (RunModel)" time="0.037" />
  <testcase classname="ptolemy.util.test.junit.AutoTests" name="[25] /home/travis/build/icyphy/ptII/ptolemy/actor/lib/test/auto/ArrayPeakSearch3.xml (RunModel)" time="0.033" />
  <testcase classname="ptolemy.util.test.junit.AutoTests" name="[26] /home/travis/build/icyphy/ptII/ptolemy/actor/lib/test/auto/ArrayRemoveElement.xml (RunModel)" time="0.031" />
  <testcase classname="ptolemy.util.test.junit.AutoTests" name="[27] /home/travis/build/icyphy/ptII/ptolemy/actor/lib/test/auto/ArraySort.xml (RunModel)" time="0.036" />
  <testcase classname="ptolemy.util.test.junit.AutoTests" name="[28] /home/travis/build/icyphy/ptII/ptolemy/actor/lib/test/auto/ArraySum.xml (RunModel)" time="0.022" />
  <testcase classname="ptolemy.util.test.junit.AutoTests" name="[29] /home/travis/build/icyphy/ptII/ptolemy/actor/lib/test/auto/ArrayToElements.xml (RunModel)" time="0.02" />
  <testcase classname="ptolemy.util.test.junit.AutoTests" name="[30] /home/travis/build/icyphy/ptII/ptolemy/actor/lib/test/auto/ArrayToMatrix.xml (RunModel)" time="0.043" />
  <testcase classname="ptolemy.util.test.junit.AutoTests" name="[31] /home/travis/build/icyphy/ptII/ptolemy/actor/lib/test/auto/ArrayUpdate1.xml (RunModel)" time="0.02" />
  <testcase classname="ptolemy.util.test.junit.AutoTests" name="[32] /home/travis/build/icyphy/ptII/ptolemy/actor/lib/test/auto/ArrayUpdate2.xml (RunModel)" time="0.018" />
  <testcase classname="ptolemy.util.test.junit.AutoTests" name="[33] /home/travis/build/icyphy/ptII/ptolemy/actor/lib/test/auto/ArrayUpdate3.xml (RunModel)" time="0.021" />
  <testcase classname="ptolemy.util.test.junit.AutoTests" name="[34] /home/travis/build/icyphy/ptII/ptolemy/actor/lib/test/auto/Assert1.xml (RunModel)" time="0.015" />
  <testcase classname="ptolemy.util.test.junit.AutoTests" name="[35] /home/travis/build/icyphy/ptII/ptolemy/actor/lib/test/auto/Assert2.xml (RunModel)" time="0.011" />
  <testcase classname="ptolemy.util.test.junit.AutoTests" name="[36] /home/travis/build/icyphy/ptII/ptolemy/actor/lib/test/auto/BooleanMultiplexor.xml (RunModel)" time="0.019" />
  <testcase classname="ptolemy.util.test.junit.AutoTests" name="[37] /home/travis/build/icyphy/ptII/ptolemy/actor/lib/test/auto/BooleanMultiplexor2.xml (RunModel)" time="0.029" />
  <testcase classname="ptolemy.util.test.junit.AutoTests" name="[38] /home/travis/build/icyphy/ptII/ptolemy/actor/lib/test/auto/BooleanMultiplexor3.xml (RunModel)" time="0.016" />
  <testcase classname="ptolemy.util.test.junit.AutoTests" name="[39] /home/travis/build/icyphy/ptII/ptolemy/actor/lib/test/auto/BooleanSelect.xml (RunModel)" time="0.033" />
  <testcase classname="ptolemy.util.test.junit.AutoTests" name="[40] /home/travis/build/icyphy/ptII/ptolemy/actor/lib/test/auto/BooleanSelect2.xml (RunModel)" time="0.016" />
  <testcase classname="ptolemy.util.test.junit.AutoTests" name="[41] /home/travis/build/icyphy/ptII/ptolemy/actor/lib/test/auto/BooleanSwitch.xml (RunModel)" time="0.017" />
  <testcase classname="ptolemy.util.test.junit.AutoTests" name="[42] /home/travis/build/icyphy/ptII/ptolemy/actor/lib/test/auto/BooleanSwitch2.xml (RunModel)" time="0.015" />
  <testcase classname="ptolemy.util.test.junit.AutoTests" name="[43] /home/travis/build/icyphy/ptII/ptolemy/actor/lib/test/auto/BooleanSwitchCloningBugWithClassRelationGroup.xml (RunModel)" time="0.029" />
  <testcase classname="ptolemy.util.test.junit.AutoTests" name="[44] /home/travis/build/icyphy/ptII/ptolemy/actor/lib/test/auto/BusActors.xml (RunModel)" time="0.049" />
  <testcase classname="ptolemy.util.test.junit.AutoTests" name="[45] /home/travis/build/icyphy/ptII/ptolemy/actor/lib/test/auto/ClassWrapper.xml (RunModel)" time="0.02" />
  <testcase classname="ptolemy.util.test.junit.AutoTests" name="[46] /home/travis/build/icyphy/ptII/ptolemy/actor/lib/test/auto/Clock.xml (RunModel)" time="0.012" />
  <testcase classname="ptolemy.util.test.junit.AutoTests" name="[47] /home/travis/build/icyphy/ptII/ptolemy/actor/lib/test/auto/Clock10.xml (RunModel)" time="0.019" />
  <testcase classname="ptolemy.util.test.junit.AutoTests" name="[48] /home/travis/build/icyphy/ptII/ptolemy/actor/lib/test/auto/Clock11.xml (RunModel)" time="0.017" />
  <testcase classname="ptolemy.util.test.junit.AutoTests" name="[49] /home/travis/build/icyphy/ptII/ptolemy/actor/lib/test/auto/Clock12.xml (RunModel)" time="0.018" />
  <testcase classname="ptolemy.util.test.junit.AutoTests" name="[50] /home/travis/build/icyphy/ptII/ptolemy/actor/lib/test/auto/Clock13.xml (RunModel)" time="0.017" />
  <testcase classname="ptolemy.util.test.junit.AutoTests" name="[51] /home/travis/build/icyphy/ptII/ptolemy/actor/lib/test/auto/Clock14.xml (RunModel)" time="0.018" />
  <testcase classname="ptolemy.util.test.junit.AutoTests" name="[52] /home/travis/build/icyphy/ptII/ptolemy/actor/lib/test/auto/Clock15.xml (RunModel)" time="0.013" />
  <testcase classname="ptolemy.util.test.junit.AutoTests" name="[53] /home/travis/build/icyphy/ptII/ptolemy/actor/lib/test/auto/Clock16.xml (RunModel)" time="0.093" />
  <testcase classname="ptolemy.util.test.junit.AutoTests" name="[54] /home/travis/build/icyphy/ptII/ptolemy/actor/lib/test/auto/Clock17.xml (RunModel)" time="0.078" />
  <testcase classname="ptolemy.util.test.junit.AutoTests" name="[55] /home/travis/build/icyphy/ptII/ptolemy/actor/lib/test/auto/Clock18.xml (RunModel)" time="0.05" />
  <testcase classname="ptolemy.util.test.junit.AutoTests" name="[56] /home/travis/build/icyphy/ptII/ptolemy/actor/lib/test/auto/Clock19.xml (RunModel)" time="0.046" />
  <testcase classname="ptolemy.util.test.junit.AutoTests" name="[57] /home/travis/build/icyphy/ptII/ptolemy/actor/lib/test/auto/Clock2.xml (RunModel)" time="0.014" />
  <testcase classname="ptolemy.util.test.junit.AutoTests" name="[58] /home/travis/build/icyphy/ptII/ptolemy/actor/lib/test/auto/Clock20.xml (RunModel)" time="0.023" />
  <testcase classname="ptolemy.util.test.junit.AutoTests" name="[59] /home/travis/build/icyphy/ptII/ptolemy/actor/lib/test/auto/Clock21.xml (RunModel)" time="0.02" />
  <testcase classname="ptolemy.util.test.junit.AutoTests" name="[60] /home/travis/build/icyphy/ptII/ptolemy/actor/lib/test/auto/Clock22.xml (RunModel)" time="0.014" />
  <testcase classname="ptolemy.util.test.junit.AutoTests" name="[61] /home/travis/build/icyphy/ptII/ptolemy/actor/lib/test/auto/Clock23.xml (RunModel)" time="0.019" />
  <testcase classname="ptolemy.util.test.junit.AutoTests" name="[62] /home/travis/build/icyphy/ptII/ptolemy/actor/lib/test/auto/Clock24.xml (RunModel)" time="0.017" />
  <testcase classname="ptolemy.util.test.junit.AutoTests" name="[63] /home/travis/build/icyphy/ptII/ptolemy/actor/lib/test/auto/Clock4.xml (RunModel)" time="0.012" />
  <testcase classname="ptolemy.util.test.junit.AutoTests" name="[64] /home/travis/build/icyphy/ptII/ptolemy/actor/lib/test/auto/Clock5.xml (RunModel)" time="0.017" />
  <testcase classname="ptolemy.util.test.junit.AutoTests" name="[65] /home/travis/build/icyphy/ptII/ptolemy/actor/lib/test/auto/Clock6.xml (RunModel)" time="0.009" />
  <testcase classname="ptolemy.util.test.junit.AutoTests" name="[66] /home/travis/build/icyphy/ptII/ptolemy/actor/lib/test/auto/Clock7.xml (RunModel)" time="0.009" />
  <testcase classname="ptolemy.util.test.junit.AutoTests" name="[67] /home/travis/build/icyphy/ptII/ptolemy/actor/lib/test/auto/Clock8.xml (RunModel)" time="0.013" />
  <testcase classname="ptolemy.util.test.junit.AutoTests" name="[68] /home/travis/build/icyphy/ptII/ptolemy/actor/lib/test/auto/Clock9.xml (RunModel)" time="0.014" />
  <testcase classname="ptolemy.util.test.junit.AutoTests" name="[69] /home/travis/build/icyphy/ptII/ptolemy/actor/lib/test/auto/CommDistDiscard.xml (RunModel)" time="0.022" />
  <testcase classname="ptolemy.util.test.junit.AutoTests" name="[70] /home/travis/build/icyphy/ptII/ptolemy/actor/lib/test/auto/Commutator.xml (RunModel)" time="0.013" />
  <testcase classname="ptolemy.util.test.junit.AutoTests" name="[71] /home/travis/build/icyphy/ptII/ptolemy/actor/lib/test/auto/Commutator2.xml (RunModel)" time="0.01" />
  <testcase classname="ptolemy.util.test.junit.AutoTests" name="[72] /home/travis/build/icyphy/ptII/ptolemy/actor/lib/test/auto/Commutator3.xml (RunModel)" time="0.012" />
  <testcase classname="ptolemy.util.test.junit.AutoTests" name="[73] /home/travis/build/icyphy/ptII/ptolemy/actor/lib/test/auto/Compare.xml (RunModel)" time="0.019" />
  <testcase classname="ptolemy.util.test.junit.AutoTests" name="[74] /home/travis/build/icyphy/ptII/ptolemy/actor/lib/test/auto/CompareDE.xml (RunModel)" time="0.017" />
  <testcase classname="ptolemy.util.test.junit.AutoTests" name="[75] /home/travis/build/icyphy/ptII/ptolemy/actor/lib/test/auto/ComplexDivide.xml (RunModel)" time="0.007" />
  <testcase classname="ptolemy.util.test.junit.AutoTests" name="[76] /home/travis/build/icyphy/ptII/ptolemy/actor/lib/test/auto/ComputeHistogram.xml (RunModel)" time="0.061" />
  <testcase classname="ptolemy.util.test.junit.AutoTests" name="[77] /home/travis/build/icyphy/ptII/ptolemy/actor/lib/test/auto/ConfigurationSelect.xml (RunModel)" time="0.019" />
  <testcase classname="ptolemy.util.test.junit.AutoTests" name="[78] /home/travis/build/icyphy/ptII/ptolemy/actor/lib/test/auto/ConfigurationSelect2.xml (RunModel)" time="0.014" />
  <testcase classname="ptolemy.util.test.junit.AutoTests" name="[79] /home/travis/build/icyphy/ptII/ptolemy/actor/lib/test/auto/ConfigurationSwitch.xml (RunModel)" time="0.026" />
  <testcase classname="ptolemy.util.test.junit.AutoTests" name="[80] /home/travis/build/icyphy/ptII/ptolemy/actor/lib/test/auto/ConfigurationSwitch2.xml (RunModel)" time="0.022" />
  <testcase classname="ptolemy.util.test.junit.AutoTests" name="[81] /home/travis/build/icyphy/ptII/ptolemy/actor/lib/test/auto/ConfigurationSwitchCloningBugWithClassRelationGroup.xml (RunModel)" time="0.026" />
  <testcase classname="ptolemy.util.test.junit.AutoTests" name="[82] /home/travis/build/icyphy/ptII/ptolemy/actor/lib/test/auto/ConfigurationSwitchSelectSDF.xml (RunModel)" time="0.019" />
  <testcase classname="ptolemy.util.test.junit.AutoTests" name="[83] /home/travis/build/icyphy/ptII/ptolemy/actor/lib/test/auto/ConfigurationSwitchSelectSDF2.xml (RunModel)" time="0.013" />
  <testcase classname="ptolemy.util.test.junit.AutoTests" name="[84] /home/travis/build/icyphy/ptII/ptolemy/actor/lib/test/auto/Const.xml (RunModel)" time="0.007" />
  <testcase classname="ptolemy.util.test.junit.AutoTests" name="[85] /home/travis/build/icyphy/ptII/ptolemy/actor/lib/test/auto/Const2.xml (RunModel)" time="0.011" />
  <testcase classname="ptolemy.util.test.junit.AutoTests" name="[86] /home/travis/build/icyphy/ptII/ptolemy/actor/lib/test/auto/Const3.xml (RunModel)" time="0.013" />
  <testcase classname="ptolemy.util.test.junit.AutoTests" name="[87] /home/travis/build/icyphy/ptII/ptolemy/actor/lib/test/auto/ConstantPublisherPort1.xml (RunModel)" time="0.019" />
  <testcase classname="ptolemy.util.test.junit.AutoTests" name="[88] /home/travis/build/icyphy/ptII/ptolemy/actor/lib/test/auto/ConstantPublisherPort2.xml (RunModel)" time="0.025" />
  <testcase classname="ptolemy.util.test.junit.AutoTests" name="[89] /home/travis/build/icyphy/ptII/ptolemy/actor/lib/test/auto/ConstantPublisherPort3.xml (RunModel)" time="0.025" />
  <testcase classname="ptolemy.util.test.junit.AutoTests" name="[90] /home/travis/build/icyphy/ptII/ptolemy/actor/lib/test/auto/ConstantPublisherPort4.xml (RunModel)" time="0.027" />
  <testcase classname="ptolemy.util.test.junit.AutoTests" name="[91] /home/travis/build/icyphy/ptII/ptolemy/actor/lib/test/auto/ConstantPublisherPort5.xml (RunModel)" time="0.042" />
  <testcase classname="ptolemy.util.test.junit.AutoTests" name="[92] /home/travis/build/icyphy/ptII/ptolemy/actor/lib/test/auto/ConstantPublisherPort6.xml (RunModel)" time="0.027" />
  <testcase classname="ptolemy.util.test.junit.AutoTests" name="[93] /home/travis/build/icyphy/ptII/ptolemy/actor/lib/test/auto/ConstantPublisherPort7.xml (RunModel)" time="0.036" />
  <testcase classname="ptolemy.util.test.junit.AutoTests" name="[94] /home/travis/build/icyphy/ptII/ptolemy/actor/lib/test/auto/ConstraintMonitor1.xml (RunModel)" time="0.04" />
  <testcase classname="ptolemy.util.test.junit.AutoTests" name="[95] /home/travis/build/icyphy/ptII/ptolemy/actor/lib/test/auto/ConstraintMonitor2.xml (RunModel)" time="0.014" />
  <testcase classname="ptolemy.util.test.junit.AutoTests" name="[96] /home/travis/build/icyphy/ptII/ptolemy/actor/lib/test/auto/ConstraintMonitor3.xml (RunModel)" time="0.013" />
  <testcase classname="ptolemy.util.test.junit.AutoTests" name="[97] /home/travis/build/icyphy/ptII/ptolemy/actor/lib/test/auto/ConstraintMonitor4.xml (RunModel)" time="0.013" />
  <testcase classname="ptolemy.util.test.junit.AutoTests" name="[98] /home/travis/build/icyphy/ptII/ptolemy/actor/lib/test/auto/ConstraintMonitor5.xml (RunModel)" time="0.012" />
  <testcase classname="ptolemy.util.test.junit.AutoTests" name="[99] /home/travis/build/icyphy/ptII/ptolemy/actor/lib/test/auto/ConstraintMonitor6.xml (RunModel)" time="0.017" />
  <testcase classname="ptolemy.util.test.junit.AutoTests" name="[100] /home/travis/build/icyphy/ptII/ptolemy/actor/lib/test/auto/ConstraintMonitor7.xml (RunModel)" time="0.021" />
  <testcase classname="ptolemy.util.test.junit.AutoTests" name="[101] /home/travis/build/icyphy/ptII/ptolemy/actor/lib/test/auto/ConstraintMonitor8.xml (RunModel)" time="0.017" />
  <testcase classname="ptolemy.util.test.junit.AutoTests" name="[102] /home/travis/build/icyphy/ptII/ptolemy/actor/lib/test/auto/Counter.xml (RunModel)" time="0.015" />
  <testcase classname="ptolemy.util.test.junit.AutoTests" name="[103] /home/travis/build/icyphy/ptII/ptolemy/actor/lib/test/auto/CurrentTimeSDF.xml (RunModel)" time="0.009" />
  <testcase classname="ptolemy.util.test.junit.AutoTests" name="[104] /home/travis/build/icyphy/ptII/ptolemy/actor/lib/test/auto/DB.xml (RunModel)" time="0.02" />
  <testcase classname="ptolemy.util.test.junit.AutoTests" name="[105] /home/travis/build/icyphy/ptII/ptolemy/actor/lib/test/auto/DBDE.xml (RunModel)" time="0.015" />
  <testcase classname="ptolemy.util.test.junit.AutoTests" name="[106] /home/travis/build/icyphy/ptII/ptolemy/actor/lib/test/auto/DateConstructor.xml (RunModel)" time="0.073" />
  <testcase classname="ptolemy.util.test.junit.AutoTests" name="[107] /home/travis/build/icyphy/ptII/ptolemy/actor/lib/test/auto/DelayTime.xml (RunModel)" time="0.018" />
  <testcase classname="ptolemy.util.test.junit.AutoTests" name="[108] /home/travis/build/icyphy/ptII/ptolemy/actor/lib/test/auto/Dictionary1.xml (RunModel)" time="0.016" />
  <testcase classname="ptolemy.util.test.junit.AutoTests" name="[109] /home/travis/build/icyphy/ptII/ptolemy/actor/lib/test/auto/Dictionary2.xml (RunModel)" time="0.015" />
  <testcase classname="ptolemy.util.test.junit.AutoTests" name="[110] /home/travis/build/icyphy/ptII/ptolemy/actor/lib/test/auto/Dictionary3.xml (RunModel)" time="0.012" />
  <testcase classname="ptolemy.util.test.junit.AutoTests" name="[111] /home/travis/build/icyphy/ptII/ptolemy/actor/lib/test/auto/Dictionary4.xml (RunModel)" time="0.019" />
  <testcase classname="ptolemy.util.test.junit.AutoTests" name="[112] /home/travis/build/icyphy/ptII/ptolemy/actor/lib/test/auto/Differential.xml (RunModel)" time="0.012" />
  <testcase classname="ptolemy.util.test.junit.AutoTests" name="[113] /home/travis/build/icyphy/ptII/ptolemy/actor/lib/test/auto/Director.xml (RunModel)" time="0.008" />
  <testcase classname="ptolemy.util.test.junit.AutoTests" name="[114] /home/travis/build/icyphy/ptII/ptolemy/actor/lib/test/auto/DiscreteClock.xml (RunModel)" time="0.007" />
  <testcase classname="ptolemy.util.test.junit.AutoTests" name="[115] /home/travis/build/icyphy/ptII/ptolemy/actor/lib/test/auto/DiscreteClock10.xml (RunModel)" time="0.014" />
  <testcase classname="ptolemy.util.test.junit.AutoTests" name="[116] /home/travis/build/icyphy/ptII/ptolemy/actor/lib/test/auto/DiscreteClock11.xml (RunModel)" time="0.014" />
  <testcase classname="ptolemy.util.test.junit.AutoTests" name="[117] /home/travis/build/icyphy/ptII/ptolemy/actor/lib/test/auto/DiscreteClock12.xml (RunModel)" time="0.014" />
  <testcase classname="ptolemy.util.test.junit.AutoTests" name="[118] /home/travis/build/icyphy/ptII/ptolemy/actor/lib/test/auto/DiscreteClock13.xml (RunModel)" time="0.015" />
  <testcase classname="ptolemy.util.test.junit.AutoTests" name="[119] /home/travis/build/icyphy/ptII/ptolemy/actor/lib/test/auto/DiscreteClock14.xml (RunModel)" time="0.013" />
  <testcase classname="ptolemy.util.test.junit.AutoTests" name="[120] /home/travis/build/icyphy/ptII/ptolemy/actor/lib/test/auto/DiscreteClock15.xml (RunModel)" time="0.015" />
  <testcase classname="ptolemy.util.test.junit.AutoTests" name="[121] /home/travis/build/icyphy/ptII/ptolemy/actor/lib/test/auto/DiscreteClock16.xml (RunModel)" time="0.045" />
  <testcase classname="ptolemy.util.test.junit.AutoTests" name="[122] /home/travis/build/icyphy/ptII/ptolemy/actor/lib/test/auto/DiscreteClock17.xml (RunModel)" time="0.04" />
  <testcase classname="ptolemy.util.test.junit.AutoTests" name="[123] /home/travis/build/icyphy/ptII/ptolemy/actor/lib/test/auto/DiscreteClock18.xml (RunModel)" time="0.049" />
  <testcase classname="ptolemy.util.test.junit.AutoTests" name="[124] /home/travis/build/icyphy/ptII/ptolemy/actor/lib/test/auto/DiscreteClock19.xml (RunModel)" time="0.045" />
  <testcase classname="ptolemy.util.test.junit.AutoTests" name="[125] /home/travis/build/icyphy/ptII/ptolemy/actor/lib/test/auto/DiscreteClock2.xml (RunModel)" time="0.009" />
  <testcase classname="ptolemy.util.test.junit.AutoTests" name="[126] /home/travis/build/icyphy/ptII/ptolemy/actor/lib/test/auto/DiscreteClock20.xml (RunModel)" time="0.023" />
  <testcase classname="ptolemy.util.test.junit.AutoTests" name="[127] /home/travis/build/icyphy/ptII/ptolemy/actor/lib/test/auto/DiscreteClock21.xml (RunModel)" time="0.014" />
  <testcase classname="ptolemy.util.test.junit.AutoTests" name="[128] /home/travis/build/icyphy/ptII/ptolemy/actor/lib/test/auto/DiscreteClock22.xml (RunModel)" time="0.014" />
  <testcase classname="ptolemy.util.test.junit.AutoTests" name="[129] /home/travis/build/icyphy/ptII/ptolemy/actor/lib/test/auto/DiscreteClock23.xml (RunModel)" time="0.016" />
  <testcase classname="ptolemy.util.test.junit.AutoTests" name="[130] /home/travis/build/icyphy/ptII/ptolemy/actor/lib/test/auto/DiscreteClock24.xml (RunModel)" time="0.014" />
  <testcase classname="ptolemy.util.test.junit.AutoTests" name="[131] /home/travis/build/icyphy/ptII/ptolemy/actor/lib/test/auto/DiscreteClock4.xml (RunModel)" time="0.016" />
  <testcase classname="ptolemy.util.test.junit.AutoTests" name="[132] /home/travis/build/icyphy/ptII/ptolemy/actor/lib/test/auto/DiscreteClock5.xml (RunModel)" time="0.01" />
  <testcase classname="ptolemy.util.test.junit.AutoTests" name="[133] /home/travis/build/icyphy/ptII/ptolemy/actor/lib/test/auto/DiscreteClock6.xml (RunModel)" time="0.011" />
  <testcase classname="ptolemy.util.test.junit.AutoTests" name="[134] /home/travis/build/icyphy/ptII/ptolemy/actor/lib/test/auto/DiscreteClock7.xml (RunModel)" time="0.01" />
  <testcase classname="ptolemy.util.test.junit.AutoTests" name="[135] /home/travis/build/icyphy/ptII/ptolemy/actor/lib/test/auto/DiscreteClock8.xml (RunModel)" time="0.025" />
  <testcase classname="ptolemy.util.test.junit.AutoTests" name="[136] /home/travis/build/icyphy/ptII/ptolemy/actor/lib/test/auto/DiscreteClock9.xml (RunModel)" time="0.016" />
  <testcase classname="ptolemy.util.test.junit.AutoTests" name="[137] /home/travis/build/icyphy/ptII/ptolemy/actor/lib/test/auto/DisplayArray.xml (RunModel)" time="0.01" />
  <testcase classname="ptolemy.util.test.junit.AutoTests" name="[138] /home/travis/build/icyphy/ptII/ptolemy/actor/lib/test/auto/Distributor.xml (RunModel)" time="0.008" />
  <testcase classname="ptolemy.util.test.junit.AutoTests" name="[139] /home/travis/build/icyphy/ptII/ptolemy/actor/lib/test/auto/Distributor2.xml (RunModel)" time="0.01" />
  <testcase classname="ptolemy.util.test.junit.AutoTests" name="[140] /home/travis/build/icyphy/ptII/ptolemy/actor/lib/test/auto/DownSample.xml (RunModel)" time="0.01" />
  <testcase classname="ptolemy.util.test.junit.AutoTests" name="[141] /home/travis/build/icyphy/ptII/ptolemy/actor/lib/test/auto/ElectronicUnitBase1.xml (RunModel)" time="0.055" />
  <testcase classname="ptolemy.util.test.junit.AutoTests" name="[142] /home/travis/build/icyphy/ptII/ptolemy/actor/lib/test/auto/ElementsToArray.xml (RunModel)" time="0.009" />
  <testcase classname="ptolemy.util.test.junit.AutoTests" name="[143] /home/travis/build/icyphy/ptII/ptolemy/actor/lib/test/auto/Equals.xml (RunModel)" time="0.012" />
  <testcase classname="ptolemy.util.test.junit.AutoTests" name="[144] /home/travis/build/icyphy/ptII/ptolemy/actor/lib/test/auto/Exec.xml (RunModel)" time="0.034" />
  <testcase classname="ptolemy.util.test.junit.AutoTests" name="[145] /home/travis/build/icyphy/ptII/ptolemy/actor/lib/test/auto/ExecEnvironment.xml (RunModel)" time="0.036" />
  <testcase classname="ptolemy.util.test.junit.AutoTests" name="[146] /home/travis/build/icyphy/ptII/ptolemy/actor/lib/test/auto/ExecNonZeroReturnOutput.xml (RunModel)" time="0.188" />
  <testcase classname="ptolemy.util.test.junit.AutoTests" name="[147] /home/travis/build/icyphy/ptII/ptolemy/actor/lib/test/auto/ExecRunDemos.xml (RunModel)" time="10.985" />
  <testcase classname="ptolemy.util.test.junit.AutoTests" name="[148] /home/travis/build/icyphy/ptII/ptolemy/actor/lib/test/auto/ExecStop.xml (RunModel)" time="5.04" />
  <testcase classname="ptolemy.util.test.junit.AutoTests" name="[149] /home/travis/build/icyphy/ptII/ptolemy/actor/lib/test/auto/ExecutionTimeSDF.xml (RunModel)" time="6.031" />
  <testcase classname="ptolemy.util.test.junit.AutoTests" name="[150] /home/travis/build/icyphy/ptII/ptolemy/actor/lib/test/auto/Expression1.xml (RunModel)" time="0.012" />
  <testcase classname="ptolemy.util.test.junit.AutoTests" name="[151] /home/travis/build/icyphy/ptII/ptolemy/actor/lib/test/auto/Expression10.xml (RunModel)" time="0.018" />
  <testcase classname="ptolemy.util.test.junit.AutoTests" name="[152] /home/travis/build/icyphy/ptII/ptolemy/actor/lib/test/auto/Expression11.xml (RunModel)" time="0.01" />
  <testcase classname="ptolemy.util.test.junit.AutoTests" name="[153] /home/travis/build/icyphy/ptII/ptolemy/actor/lib/test/auto/Expression12.xml (RunModel)" time="0.013" />
  <testcase classname="ptolemy.util.test.junit.AutoTests" name="[154] /home/travis/build/icyphy/ptII/ptolemy/actor/lib/test/auto/Expression13.xml (RunModel)" time="0.01" />
  <testcase classname="ptolemy.util.test.junit.AutoTests" name="[155] /home/travis/build/icyphy/ptII/ptolemy/actor/lib/test/auto/Expression14.xml (RunModel)" time="0.014" />
  <testcase classname="ptolemy.util.test.junit.AutoTests" name="[156] /home/travis/build/icyphy/ptII/ptolemy/actor/lib/test/auto/Expression15.xml (RunModel)" time="0.007" />
  <testcase classname="ptolemy.util.test.junit.AutoTests" name="[157] /home/travis/build/icyphy/ptII/ptolemy/actor/lib/test/auto/Expression16.xml (RunModel)" time="0.011" />
  <testcase classname="ptolemy.util.test.junit.AutoTests" name="[158] /home/travis/build/icyphy/ptII/ptolemy/actor/lib/test/auto/Expression17.xml (RunModel)" time="0.011" />
  <testcase classname="ptolemy.util.test.junit.AutoTests" name="[159] /home/travis/build/icyphy/ptII/ptolemy/actor/lib/test/auto/Expression18.xml (RunModel)" time="0.013" />
  <testcase classname="ptolemy.util.test.junit.AutoTests" name="[160] /home/travis/build/icyphy/ptII/ptolemy/actor/lib/test/auto/Expression2.xml (RunModel)" time="0.022" />
  <testcase classname="ptolemy.util.test.junit.AutoTests" name="[161] /home/travis/build/icyphy/ptII/ptolemy/actor/lib/test/auto/Expression3.xml (RunModel)" time="0.013" />
  <testcase classname="ptolemy.util.test.junit.AutoTests" name="[162] /home/travis/build/icyphy/ptII/ptolemy/actor/lib/test/auto/Expression4.xml (RunModel)" time="0.018" />
  <testcase classname="ptolemy.util.test.junit.AutoTests" name="[163] /home/travis/build/icyphy/ptII/ptolemy/actor/lib/test/auto/Expression5.xml (RunModel)" time="0.011" />
  <testcase classname="ptolemy.util.test.junit.AutoTests" name="[164] /home/travis/build/icyphy/ptII/ptolemy/actor/lib/test/auto/Expression6.xml (RunModel)" time="0.009" />
  <testcase classname="ptolemy.util.test.junit.AutoTests" name="[165] /home/travis/build/icyphy/ptII/ptolemy/actor/lib/test/auto/Expression7.xml (RunModel)" time="0.01" />
  <testcase classname="ptolemy.util.test.junit.AutoTests" name="[166] /home/travis/build/icyphy/ptII/ptolemy/actor/lib/test/auto/Expression8.xml (RunModel)" time="0.014" />
  <testcase classname="ptolemy.util.test.junit.AutoTests" name="[167] /home/travis/build/icyphy/ptII/ptolemy/actor/lib/test/auto/Expression9.xml (RunModel)" time="0.008" />
  <testcase classname="ptolemy.util.test.junit.AutoTests" name="[168] /home/travis/build/icyphy/ptII/ptolemy/actor/lib/test/auto/ExpressionConcatenateArrayType.xml (RunModel)" time="0.038" />
  <testcase classname="ptolemy.util.test.junit.AutoTests" name="[169] /home/travis/build/icyphy/ptII/ptolemy/actor/lib/test/auto/ExpressionConcatenateArrayType2.xml (RunModel)" time="0.022" />
  <testcase classname="ptolemy.util.test.junit.AutoTests" name="[170] /home/travis/build/icyphy/ptII/ptolemy/actor/lib/test/auto/ExpressionFix.xml (RunModel)" time="0.048" />
  <testcase classname="ptolemy.util.test.junit.AutoTests" name="[171] /home/travis/build/icyphy/ptII/ptolemy/actor/lib/test/auto/ExpressionFix2.xml (RunModel)" time="0.012" />
  <testcase classname="ptolemy.util.test.junit.AutoTests" name="[172] /home/travis/build/icyphy/ptII/ptolemy/actor/lib/test/auto/ExpressionFix3.xml (RunModel)" time="0.011" />
  <testcase classname="ptolemy.util.test.junit.AutoTests" name="[173] /home/travis/build/icyphy/ptII/ptolemy/actor/lib/test/auto/FileWriter1.xml (RunModel)" time="0.013" />
  <testcase classname="ptolemy.util.test.junit.AutoTests" name="[174] /home/travis/build/icyphy/ptII/ptolemy/actor/lib/test/auto/FileWriter2.xml (RunModel)" time="0.01" />
  <testcase classname="ptolemy.util.test.junit.AutoTests" name="[175] /home/travis/build/icyphy/ptII/ptolemy/actor/lib/test/auto/FileWriter3.xml (RunModel)" time="0.013" />
  <testcase classname="ptolemy.util.test.junit.AutoTests" name="[176] /home/travis/build/icyphy/ptII/ptolemy/actor/lib/test/auto/Gaussian.xml (RunModel)" time="0.012" />
  <testcase classname="ptolemy.util.test.junit.AutoTests" name="[177] /home/travis/build/icyphy/ptII/ptolemy/actor/lib/test/auto/Gaussian1.xml (RunModel)" time="0.012" />
  <testcase classname="ptolemy.util.test.junit.AutoTests" name="[178] /home/travis/build/icyphy/ptII/ptolemy/actor/lib/test/auto/Gaussian2.xml (RunModel)" time="0.013" />
  <testcase classname="ptolemy.util.test.junit.AutoTests" name="[179] /home/travis/build/icyphy/ptII/ptolemy/actor/lib/test/auto/GradientAdaptiveLattice.xml (RunModel)" time="0.014" />
  <testcase classname="ptolemy.util.test.junit.AutoTests" name="[180] /home/travis/build/icyphy/ptII/ptolemy/actor/lib/test/auto/IIR.xml (RunModel)" time="0.009" />
  <testcase classname="ptolemy.util.test.junit.AutoTests" name="[181] /home/travis/build/icyphy/ptII/ptolemy/actor/lib/test/auto/InputOutputTransparentPorts.xml (RunModel)" time="0.016" />
  <testcase classname="ptolemy.util.test.junit.AutoTests" name="[182] /home/travis/build/icyphy/ptII/ptolemy/actor/lib/test/auto/Interpolator.xml (RunModel)" time="0.012" />
  <testcase classname="ptolemy.util.test.junit.AutoTests" name="[183] /home/travis/build/icyphy/ptII/ptolemy/actor/lib/test/auto/InterpolatorFiringLimitDE.xml (RunModel)" time="0.012" />
  <testcase classname="ptolemy.util.test.junit.AutoTests" name="[184] /home/travis/build/icyphy/ptII/ptolemy/actor/lib/test/auto/Lattice.xml (RunModel)" time="0.008" />
  <testcase classname="ptolemy.util.test.junit.AutoTests" name="[185] /home/travis/build/icyphy/ptII/ptolemy/actor/lib/test/auto/LazyAOCTestLazy.xml (RunModel)" time="0.028" />
  <testcase classname="ptolemy.util.test.junit.AutoTests" name="[186] /home/travis/build/icyphy/ptII/ptolemy/actor/lib/test/auto/LazyAOCTestNonLazy.xml (RunModel)" time="0.05" />
  <testcase classname="ptolemy.util.test.junit.AutoTests" name="[187] /home/travis/build/icyphy/ptII/ptolemy/actor/lib/test/auto/LazyInnerClass.xml (RunModel)" time="0.03" />
  <testcase classname="ptolemy.util.test.junit.AutoTests" name="[188] /home/travis/build/icyphy/ptII/ptolemy/actor/lib/test/auto/LazyPubSub.xml (RunModel)" time="0.048" />
  <testcase classname="ptolemy.util.test.junit.AutoTests" name="[189] /home/travis/build/icyphy/ptII/ptolemy/actor/lib/test/auto/LazyPubSub2.xml (RunModel)" time="0.064" />
  <testcase classname="ptolemy.util.test.junit.AutoTests" name="[190] /home/travis/build/icyphy/ptII/ptolemy/actor/lib/test/auto/LazyPubSub3.xml (RunModel)" time="0.029" />
  <testcase classname="ptolemy.util.test.junit.AutoTests" name="[191] /home/travis/build/icyphy/ptII/ptolemy/actor/lib/test/auto/LazySubClassModel.xml (RunModel)" time="0.018" />
  <testcase classname="ptolemy.util.test.junit.AutoTests" name="[192] /home/travis/build/icyphy/ptII/ptolemy/actor/lib/test/auto/LevelCrossTest1.xml (RunModel)" time="0.009" />
  <testcase classname="ptolemy.util.test.junit.AutoTests" name="[193] /home/travis/build/icyphy/ptII/ptolemy/actor/lib/test/auto/LevelCrossTest10.xml (RunModel)" time="0.014" />
  <testcase classname="ptolemy.util.test.junit.AutoTests" name="[194] /home/travis/build/icyphy/ptII/ptolemy/actor/lib/test/auto/LevelCrossTest11.xml (RunModel)" time="0.016" />
  <testcase classname="ptolemy.util.test.junit.AutoTests" name="[195] /home/travis/build/icyphy/ptII/ptolemy/actor/lib/test/auto/LevelCrossTest12.xml (RunModel)" time="0.014" />
  <testcase classname="ptolemy.util.test.junit.AutoTests" name="[196] /home/travis/build/icyphy/ptII/ptolemy/actor/lib/test/auto/LevelCrossTest13.xml (RunModel)" time="0.015" />
  <testcase classname="ptolemy.util.test.junit.AutoTests" name="[197] /home/travis/build/icyphy/ptII/ptolemy/actor/lib/test/auto/LevelCrossTest2.xml (RunModel)" time="0.009" />
  <testcase classname="ptolemy.util.test.junit.AutoTests" name="[198] /home/travis/build/icyphy/ptII/ptolemy/actor/lib/test/auto/LevelCrossTest3.xml (RunModel)" time="0.011" />
  <testcase classname="ptolemy.util.test.junit.AutoTests" name="[199] /home/travis/build/icyphy/ptII/ptolemy/actor/lib/test/auto/LevelCrossTest4.xml (RunModel)" time="0.01" />
  <testcase classname="ptolemy.util.test.junit.AutoTests" name="[200] /home/travis/build/icyphy/ptII/ptolemy/actor/lib/test/auto/LevelCrossTest5.xml (RunModel)" time="0.012" />
  <testcase classname="ptolemy.util.test.junit.AutoTests" name="[201] /home/travis/build/icyphy/ptII/ptolemy/actor/lib/test/auto/LevelCrossTest6.xml (RunModel)" time="0.015" />
  <testcase classname="ptolemy.util.test.junit.AutoTests" name="[202] /home/travis/build/icyphy/ptII/ptolemy/actor/lib/test/auto/LevelCrossTest7.xml (RunModel)" time="0.017" />
  <testcase classname="ptolemy.util.test.junit.AutoTests" name="[203] /home/travis/build/icyphy/ptII/ptolemy/actor/lib/test/auto/LevelCrossTest8.xml (RunModel)" time="0.014" />
  <testcase classname="ptolemy.util.test.junit.AutoTests" name="[204] /home/travis/build/icyphy/ptII/ptolemy/actor/lib/test/auto/LevelCrossTest9.xml (RunModel)" time="0.013" />
  <testcase classname="ptolemy.util.test.junit.AutoTests" name="[205] /home/travis/build/icyphy/ptII/ptolemy/actor/lib/test/auto/LevinsonDurbin.xml (RunModel)" time="0.018" />
  <testcase classname="ptolemy.util.test.junit.AutoTests" name="[206] /home/travis/build/icyphy/ptII/ptolemy/actor/lib/test/auto/LevinsonDurbin2.xml (RunModel)" time="0.01" />
  <testcase classname="ptolemy.util.test.junit.AutoTests" name="[207] /home/travis/build/icyphy/ptII/ptolemy/actor/lib/test/auto/LevinsonDurbin3.xml (RunModel)" time="0.011" />
  <testcase classname="ptolemy.util.test.junit.AutoTests" name="[208] /home/travis/build/icyphy/ptII/ptolemy/actor/lib/test/auto/Limiter.xml (RunModel)" time="0.036" />
  <testcase classname="ptolemy.util.test.junit.AutoTests" name="[209] /home/travis/build/icyphy/ptII/ptolemy/actor/lib/test/auto/LinearDifferenceEquationSystem.xml (RunModel)" time="0.02" />
  <testcase classname="ptolemy.util.test.junit.AutoTests" name="[210] /home/travis/build/icyphy/ptII/ptolemy/actor/lib/test/auto/LookupTable.xml (RunModel)" time="0.009" />
  <testcase classname="ptolemy.util.test.junit.AutoTests" name="[211] /home/travis/build/icyphy/ptII/ptolemy/actor/lib/test/auto/MathFunction.xml (RunModel)" time="0.019" />
  <testcase classname="ptolemy.util.test.junit.AutoTests" name="[212] /home/travis/build/icyphy/ptII/ptolemy/actor/lib/test/auto/MathFunction2.xml (RunModel)" time="0.017" />
  <testcase classname="ptolemy.util.test.junit.AutoTests" name="[213] /home/travis/build/icyphy/ptII/ptolemy/actor/lib/test/auto/MathFunction3.xml (RunModel)" time="0.022" />
  <testcase classname="ptolemy.util.test.junit.AutoTests" name="[214] /home/travis/build/icyphy/ptII/ptolemy/actor/lib/test/auto/MatrixCropBoolean.xml (RunModel)" time="0.01" />
  <testcase classname="ptolemy.util.test.junit.AutoTests" name="[215] /home/travis/build/icyphy/ptII/ptolemy/actor/lib/test/auto/MatrixCropComplex.xml (RunModel)" time="0.027" />
  <testcase classname="ptolemy.util.test.junit.AutoTests" name="[216] /home/travis/build/icyphy/ptII/ptolemy/actor/lib/test/auto/MatrixCropDouble.xml (RunModel)" time="0.009" />
  <testcase classname="ptolemy.util.test.junit.AutoTests" name="[217] /home/travis/build/icyphy/ptII/ptolemy/actor/lib/test/auto/MatrixCropFix.xml (RunModel)" time="0.012" />
  <testcase classname="ptolemy.util.test.junit.AutoTests" name="[218] /home/travis/build/icyphy/ptII/ptolemy/actor/lib/test/auto/MatrixCropInt.xml (RunModel)" time="0.009" />
  <testcase classname="ptolemy.util.test.junit.AutoTests" name="[219] /home/travis/build/icyphy/ptII/ptolemy/actor/lib/test/auto/MatrixCropLong.xml (RunModel)" time="0.008" />
  <testcase classname="ptolemy.util.test.junit.AutoTests" name="[220] /home/travis/build/icyphy/ptII/ptolemy/actor/lib/test/auto/MatrixToArray.xml (RunModel)" time="0.045" />
  <testcase classname="ptolemy.util.test.junit.AutoTests" name="[221] /home/travis/build/icyphy/ptII/ptolemy/actor/lib/test/auto/MaxIndex.xml (RunModel)" time="0.013" />
  <testcase classname="ptolemy.util.test.junit.AutoTests" name="[222] /home/travis/build/icyphy/ptII/ptolemy/actor/lib/test/auto/Maximum.xml (RunModel)" time="0.012" />
  <testcase classname="ptolemy.util.test.junit.AutoTests" name="[223] /home/travis/build/icyphy/ptII/ptolemy/actor/lib/test/auto/MaximumComplex.xml (RunModel)" time="0.015" />
  <testcase classname="ptolemy.util.test.junit.AutoTests" name="[224] /home/travis/build/icyphy/ptII/ptolemy/actor/lib/test/auto/MethodCallTest.xml (RunModel)" time="0.025" />
  <testcase classname="ptolemy.util.test.junit.AutoTests" name="[225] /home/travis/build/icyphy/ptII/ptolemy/actor/lib/test/auto/Minimum.xml (RunModel)" time="0.014" />
  <testcase classname="ptolemy.util.test.junit.AutoTests" name="[226] /home/travis/build/icyphy/ptII/ptolemy/actor/lib/test/auto/MinimumComplex.xml (RunModel)" time="0.026" />
  <testcase classname="ptolemy.util.test.junit.AutoTests" name="[227] /home/travis/build/icyphy/ptII/ptolemy/actor/lib/test/auto/MinimumMultiports.xml (RunModel)" time="0.017" />
  <testcase classname="ptolemy.util.test.junit.AutoTests" name="[228] /home/travis/build/icyphy/ptII/ptolemy/actor/lib/test/auto/ModifyDate.xml (RunModel)" time="0.039" />
  <testcase classname="ptolemy.util.test.junit.AutoTests" name="[229] /home/travis/build/icyphy/ptII/ptolemy/actor/lib/test/auto/ModifyDate2.xml (RunModel)" time="0.029" />
  <testcase classname="ptolemy.util.test.junit.AutoTests" name="[230] /home/travis/build/icyphy/ptII/ptolemy/actor/lib/test/auto/MovingAverage.xml (RunModel)" time="0.009" />
  <testcase classname="ptolemy.util.test.junit.AutoTests" name="[231] /home/travis/build/icyphy/ptII/ptolemy/actor/lib/test/auto/MovingMaximum.xml (RunModel)" time="0.01" />
  <testcase classname="ptolemy.util.test.junit.AutoTests" name="[232] /home/travis/build/icyphy/ptII/ptolemy/actor/lib/test/auto/MultipleLinksToSameRelation.xml (RunModel)" time="0.007" />
  <testcase classname="ptolemy.util.test.junit.AutoTests" name="[233] /home/travis/build/icyphy/ptII/ptolemy/actor/lib/test/auto/MultipleLinksToSameRelationDE.xml (RunModel)" time="0.01" />
  <testcase classname="ptolemy.util.test.junit.AutoTests" name="[234] /home/travis/build/icyphy/ptII/ptolemy/actor/lib/test/auto/Multiplexor.xml (RunModel)" time="0.01" />
  <testcase classname="ptolemy.util.test.junit.AutoTests" name="[235] /home/travis/build/icyphy/ptII/ptolemy/actor/lib/test/auto/Multiplexor1.xml (RunModel)" time="0.01" />
  <testcase classname="ptolemy.util.test.junit.AutoTests" name="[236] /home/travis/build/icyphy/ptII/ptolemy/actor/lib/test/auto/Multiplexor2.xml (RunModel)" time="0.017" />
  <testcase classname="ptolemy.util.test.junit.AutoTests" name="[237] /home/travis/build/icyphy/ptII/ptolemy/actor/lib/test/auto/Multiplexor3.xml (RunModel)" time="0.008" />
  <testcase classname="ptolemy.util.test.junit.AutoTests" name="[238] /home/travis/build/icyphy/ptII/ptolemy/actor/lib/test/auto/MultiplexorDE.xml (RunModel)" time="0.016" />
  <testcase classname="ptolemy.util.test.junit.AutoTests" name="[239] /home/travis/build/icyphy/ptII/ptolemy/actor/lib/test/auto/MultiportBroadcastTest.xml (RunModel)" time="0.096" />
  <testcase classname="ptolemy.util.test.junit.AutoTests" name="[240] /home/travis/build/icyphy/ptII/ptolemy/actor/lib/test/auto/MultiportOutHangDuringGetWidth.xml (RunModel)" time="0.038" />
  <testcase classname="ptolemy.util.test.junit.AutoTests" name="[241] /home/travis/build/icyphy/ptII/ptolemy/actor/lib/test/auto/NilToken.xml (RunModel)" time="0.01" />
  <testcase classname="ptolemy.util.test.junit.AutoTests" name="[242] /home/travis/build/icyphy/ptII/ptolemy/actor/lib/test/auto/NilTokenNonStrictTest.xml (RunModel)" time="0.01" />
  <testcase classname="ptolemy.util.test.junit.AutoTests" name="[243] /home/travis/build/icyphy/ptII/ptolemy/actor/lib/test/auto/NilTokenRecord.xml (RunModel)" time="0.03" />
  <testcase classname="ptolemy.util.test.junit.AutoTests" name="[244] /home/travis/build/icyphy/ptII/ptolemy/actor/lib/test/auto/NilTokenTypeTest.xml (RunModel)" time="0.03" />
  <testcase classname="ptolemy.util.test.junit.AutoTests" name="[245] /home/travis/build/icyphy/ptII/ptolemy/actor/lib/test/auto/ObjectToken1.xml (RunModel)" time="0.011" />
  <testcase classname="ptolemy.util.test.junit.AutoTests" name="[246] /home/travis/build/icyphy/ptII/ptolemy/actor/lib/test/auto/OrderedMerge.xml (RunModel)" time="0.018" />
  <testcase classname="ptolemy.util.test.junit.AutoTests" name="[247] /home/travis/build/icyphy/ptII/ptolemy/actor/lib/test/auto/OrderedRecordDisassembler.xml (RunModel)" time="0.018" />
  <testcase classname="ptolemy.util.test.junit.AutoTests" name="[248] /home/travis/build/icyphy/ptII/ptolemy/actor/lib/test/auto/OrderedRecordDisassembler2.xml (RunModel)" time="0.021" />
  <testcase classname="ptolemy.util.test.junit.AutoTests" name="[249] /home/travis/build/icyphy/ptII/ptolemy/actor/lib/test/auto/OrderedRecordUpdater.xml (RunModel)" time="0.01" />
  <testcase classname="ptolemy.util.test.junit.AutoTests" name="[250] /home/travis/build/icyphy/ptII/ptolemy/actor/lib/test/auto/OrderedRecordUpdater2.xml (RunModel)" time="0.017" />
  <testcase classname="ptolemy.util.test.junit.AutoTests" name="[251] /home/travis/build/icyphy/ptII/ptolemy/actor/lib/test/auto/PhaseUnwrap.xml (RunModel)" time="0.012" />
  <testcase classname="ptolemy.util.test.junit.AutoTests" name="[252] /home/travis/build/icyphy/ptII/ptolemy/actor/lib/test/auto/PoissonClock.xml (RunModel)" time="0.009" />
  <testcase classname="ptolemy.util.test.junit.AutoTests" name="[253] /home/travis/build/icyphy/ptII/ptolemy/actor/lib/test/auto/PoissonClock2.xml (RunModel)" time="0.007" />
  <testcase classname="ptolemy.util.test.junit.AutoTests" name="[254] /home/travis/build/icyphy/ptII/ptolemy/actor/lib/test/auto/PoissonClock3.xml (RunModel)" time="0.023" />
  <testcase classname="ptolemy.util.test.junit.AutoTests" name="[255] /home/travis/build/icyphy/ptII/ptolemy/actor/lib/test/auto/PubSubWithInitialTokens.xml (RunModel)" time="0.016" />
  <testcase classname="ptolemy.util.test.junit.AutoTests" name="[256] /home/travis/build/icyphy/ptII/ptolemy/actor/lib/test/auto/PubSubWithInitialTokens2.xml (RunModel)" time="0.01" />
  <testcase classname="ptolemy.util.test.junit.AutoTests" name="[257] /home/travis/build/icyphy/ptII/ptolemy/actor/lib/test/auto/PublisherClassNoParameter.xml (RunModel)" time="0.024" />
  <testcase classname="ptolemy.util.test.junit.AutoTests" name="[258] /home/travis/build/icyphy/ptII/ptolemy/actor/lib/test/auto/PublisherClassParameter.xml (RunModel)" time="0.019" />
  <testcase classname="ptolemy.util.test.junit.AutoTests" name="[259] /home/travis/build/icyphy/ptII/ptolemy/actor/lib/test/auto/PublisherNonStrictTest.xml (RunModel)" time="0.014" />
  <testcase classname="ptolemy.util.test.junit.AutoTests" name="[260] /home/travis/build/icyphy/ptII/ptolemy/actor/lib/test/auto/PublisherPort1.xml (RunModel)" time="0.01" />
  <testcase classname="ptolemy.util.test.junit.AutoTests" name="[261] /home/travis/build/icyphy/ptII/ptolemy/actor/lib/test/auto/PublisherPort2.xml (RunModel)" time="0.017" />
  <testcase classname="ptolemy.util.test.junit.AutoTests" name="[262] /home/travis/build/icyphy/ptII/ptolemy/actor/lib/test/auto/PublisherPort3.xml (RunModel)" time="0.01" />
  <testcase classname="ptolemy.util.test.junit.AutoTests" name="[263] /home/travis/build/icyphy/ptII/ptolemy/actor/lib/test/auto/PublisherPort4.xml (RunModel)" time="0.011" />
  <testcase classname="ptolemy.util.test.junit.AutoTests" name="[264] /home/travis/build/icyphy/ptII/ptolemy/actor/lib/test/auto/PublisherPort5.xml (RunModel)" time="0.014" />
  <testcase classname="ptolemy.util.test.junit.AutoTests" name="[265] /home/travis/build/icyphy/ptII/ptolemy/actor/lib/test/auto/PublisherPort5LookAlike.xml (RunModel)" time="0.016" />
  <testcase classname="ptolemy.util.test.junit.AutoTests" name="[266] /home/travis/build/icyphy/ptII/ptolemy/actor/lib/test/auto/PublisherPort6.xml (RunModel)" time="0.011" />
  <testcase classname="ptolemy.util.test.junit.AutoTests" name="[267] /home/travis/build/icyphy/ptII/ptolemy/actor/lib/test/auto/PublisherPort7.xml (RunModel)" time="0.014" />
  <testcase classname="ptolemy.util.test.junit.AutoTests" name="[268] /home/travis/build/icyphy/ptII/ptolemy/actor/lib/test/auto/PublisherPort8.xml (RunModel)" time="0.014" />
  <testcase classname="ptolemy.util.test.junit.AutoTests" name="[269] /home/travis/build/icyphy/ptII/ptolemy/actor/lib/test/auto/PublisherPortSubscriberChannelVariablesAOC2.xml (RunModel)" time="0.029" />
  <testcase classname="ptolemy.util.test.junit.AutoTests" name="[270] /home/travis/build/icyphy/ptII/ptolemy/actor/lib/test/auto/PublisherPortSubscriberOpaqueWidthInference.xml (RunModel)" time="0.014" />
  <testcase classname="ptolemy.util.test.junit.AutoTests" name="[271] /home/travis/build/icyphy/ptII/ptolemy/actor/lib/test/auto/PublisherPortSubscriberPortAdjacent.xml (RunModel)" time="0.017" />
  <testcase classname="ptolemy.util.test.junit.AutoTests" name="[272] /home/travis/build/icyphy/ptII/ptolemy/actor/lib/test/auto/PublisherPortSubscriberPortExpression.xml (RunModel)" time="0.015" />
  <testcase classname="ptolemy.util.test.junit.AutoTests" name="[273] /home/travis/build/icyphy/ptII/ptolemy/actor/lib/test/auto/PublisherPortSubscriberPortOpaqueD3Reverse.xml (RunModel)" time="0.032" />
  <testcase classname="ptolemy.util.test.junit.AutoTests" name="[274] /home/travis/build/icyphy/ptII/ptolemy/actor/lib/test/auto/PublisherPortSubscriberPortOpaqueWidthInference.xml (RunModel)" time="0.014" />
  <testcase classname="ptolemy.util.test.junit.AutoTests" name="[275] /home/travis/build/icyphy/ptII/ptolemy/actor/lib/test/auto/PublisherPortToplevelSubscriberPortAOC.xml (RunModel)" time="0.01" />
  <testcase classname="ptolemy.util.test.junit.AutoTests" name="[276] /home/travis/build/icyphy/ptII/ptolemy/actor/lib/test/auto/PublisherSubscriber.xml (RunModel)" time="0.012" />
  <testcase classname="ptolemy.util.test.junit.AutoTests" name="[277] /home/travis/build/icyphy/ptII/ptolemy/actor/lib/test/auto/PublisherSubscriber10.xml (RunModel)" time="0.019" />
  <testcase classname="ptolemy.util.test.junit.AutoTests" name="[278] /home/travis/build/icyphy/ptII/ptolemy/actor/lib/test/auto/PublisherSubscriber10InitialOutputs.xml (RunModel)" time="0.035" />
  <testcase classname="ptolemy.util.test.junit.AutoTests" name="[279] /home/travis/build/icyphy/ptII/ptolemy/actor/lib/test/auto/PublisherSubscriber11.xml (RunModel)" time="0.014" />
  <testcase classname="ptolemy.util.test.junit.AutoTests" name="[280] /home/travis/build/icyphy/ptII/ptolemy/actor/lib/test/auto/PublisherSubscriber12.xml (RunModel)" time="0.018" />
  <testcase classname="ptolemy.util.test.junit.AutoTests" name="[281] /home/travis/build/icyphy/ptII/ptolemy/actor/lib/test/auto/PublisherSubscriber13.xml (RunModel)" time="0.009" />
  <testcase classname="ptolemy.util.test.junit.AutoTests" name="[282] /home/travis/build/icyphy/ptII/ptolemy/actor/lib/test/auto/PublisherSubscriber14.xml (RunModel)" time="0.018" />
  <testcase classname="ptolemy.util.test.junit.AutoTests" name="[283] /home/travis/build/icyphy/ptII/ptolemy/actor/lib/test/auto/PublisherSubscriber2.xml (RunModel)" time="0.01" />
  <testcase classname="ptolemy.util.test.junit.AutoTests" name="[284] /home/travis/build/icyphy/ptII/ptolemy/actor/lib/test/auto/PublisherSubscriber3.xml (RunModel)" time="0.009" />
  <testcase classname="ptolemy.util.test.junit.AutoTests" name="[285] /home/travis/build/icyphy/ptII/ptolemy/actor/lib/test/auto/PublisherSubscriber4.xml (RunModel)" time="0.009" />
  <testcase classname="ptolemy.util.test.junit.AutoTests" name="[286] /home/travis/build/icyphy/ptII/ptolemy/actor/lib/test/auto/PublisherSubscriber5.xml (RunModel)" time="0.013" />
  <testcase classname="ptolemy.util.test.junit.AutoTests" name="[287] /home/travis/build/icyphy/ptII/ptolemy/actor/lib/test/auto/PublisherSubscriber6.xml (RunModel)" time="0.014" />
  <testcase classname="ptolemy.util.test.junit.AutoTests" name="[288] /home/travis/build/icyphy/ptII/ptolemy/actor/lib/test/auto/PublisherSubscriber7.xml (RunModel)" time="0.017" />
  <testcase classname="ptolemy.util.test.junit.AutoTests" name="[289] /home/travis/build/icyphy/ptII/ptolemy/actor/lib/test/auto/PublisherSubscriber8.xml (RunModel)" time="0.032" />
  <testcase classname="ptolemy.util.test.junit.AutoTests" name="[290] /home/travis/build/icyphy/ptII/ptolemy/actor/lib/test/auto/PublisherSubscriber9.xml (RunModel)" time="0.033" />
  <testcase classname="ptolemy.util.test.junit.AutoTests" name="[291] /home/travis/build/icyphy/ptII/ptolemy/actor/lib/test/auto/PublisherSubscriberAdjacent.xml (RunModel)" time="0.014" />
  <testcase classname="ptolemy.util.test.junit.AutoTests" name="[292] /home/travis/build/icyphy/ptII/ptolemy/actor/lib/test/auto/PublisherSubscriberChannelVariablesAOC2.xml (RunModel)" time="0.025" />
  <testcase classname="ptolemy.util.test.junit.AutoTests" name="[293] /home/travis/build/icyphy/ptII/ptolemy/actor/lib/test/auto/PublisherSubscriberD3.xml (RunModel)" time="0.012" />
  <testcase classname="ptolemy.util.test.junit.AutoTests" name="[294] /home/travis/build/icyphy/ptII/ptolemy/actor/lib/test/auto/PublisherSubscriberD3Reverse.xml (RunModel)" time="0.009" />
  <testcase classname="ptolemy.util.test.junit.AutoTests" name="[295] /home/travis/build/icyphy/ptII/ptolemy/actor/lib/test/auto/PublisherSubscriberExpression.xml (RunModel)" time="0.015" />
  <testcase classname="ptolemy.util.test.junit.AutoTests" name="[296] /home/travis/build/icyphy/ptII/ptolemy/actor/lib/test/auto/PublisherSubscriberOpaque.xml (RunModel)" time="0.014" />
  <testcase classname="ptolemy.util.test.junit.AutoTests" name="[297] /home/travis/build/icyphy/ptII/ptolemy/actor/lib/test/auto/PublisherSubscriberOpaqueD3.xml (RunModel)" time="0.02" />
  <testcase classname="ptolemy.util.test.junit.AutoTests" name="[298] /home/travis/build/icyphy/ptII/ptolemy/actor/lib/test/auto/PublisherSubscriberOpaqueD3Reverse.xml (RunModel)" time="0.02" />
  <testcase classname="ptolemy.util.test.junit.AutoTests" name="[299] /home/travis/build/icyphy/ptII/ptolemy/actor/lib/test/auto/PublisherSubscriberOpaqueWidthInference.xml (RunModel)" time="0.015" />
  <testcase classname="ptolemy.util.test.junit.AutoTests" name="[300] /home/travis/build/icyphy/ptII/ptolemy/actor/lib/test/auto/PublisherTestSubscriber.xml (RunModel)" time="0.013" />
  <testcase classname="ptolemy.util.test.junit.AutoTests" name="[301] /home/travis/build/icyphy/ptII/ptolemy/actor/lib/test/auto/PublisherToplevelSubscriberPortAOC.xml (RunModel)" time="0.01" />
  <testcase classname="ptolemy.util.test.junit.AutoTests" name="[302] /home/travis/build/icyphy/ptII/ptolemy/actor/lib/test/auto/PulseFiringLimitDE.xml (RunModel)" time="0.011" />
  <testcase classname="ptolemy.util.test.junit.AutoTests" name="[303] /home/travis/build/icyphy/ptII/ptolemy/actor/lib/test/auto/Ramp1.xml (RunModel)" time="0.006" />
  <testcase classname="ptolemy.util.test.junit.AutoTests" name="[304] /home/travis/build/icyphy/ptII/ptolemy/actor/lib/test/auto/RampFiringLimitDE.xml (RunModel)" time="0.009" />
  <testcase classname="ptolemy.util.test.junit.AutoTests" name="[305] /home/travis/build/icyphy/ptII/ptolemy/actor/lib/test/auto/RampFiringLimitSDF.xml (RunModel)" time="0.008" />
  <testcase classname="ptolemy.util.test.junit.AutoTests" name="[306] /home/travis/build/icyphy/ptII/ptolemy/actor/lib/test/auto/RandomInteger.xml (RunModel)" time="0.008" />
  <testcase classname="ptolemy.util.test.junit.AutoTests" name="[307] /home/travis/build/icyphy/ptII/ptolemy/actor/lib/test/auto/ReadFile1.xml (RunModel)" time="0.006" />
  <testcase classname="ptolemy.util.test.junit.AutoTests" name="[308] /home/travis/build/icyphy/ptII/ptolemy/actor/lib/test/auto/ReadFile2.xml (RunModel)" time="0.008" />
  <testcase classname="ptolemy.util.test.junit.AutoTests" name="[309] /home/travis/build/icyphy/ptII/ptolemy/actor/lib/test/auto/Reader.xml (RunModel)" time="0.011" />
  <testcase classname="ptolemy.util.test.junit.AutoTests" name="[310] /home/travis/build/icyphy/ptII/ptolemy/actor/lib/test/auto/RecordAssemblerDisplayNameTest.xml (RunModel)" time="3.322" />
  <testcase classname="ptolemy.util.test.junit.AutoTests" name="[311] /home/travis/build/icyphy/ptII/ptolemy/actor/lib/test/auto/RecordAssemblerTypeError.xml (RunModel)" time="0.041" />
  <testcase classname="ptolemy.util.test.junit.AutoTests" name="[312] /home/travis/build/icyphy/ptII/ptolemy/actor/lib/test/auto/RecordDisassember.xml (RunModel)" time="0.013" />
  <testcase classname="ptolemy.util.test.junit.AutoTests" name="[313] /home/travis/build/icyphy/ptII/ptolemy/actor/lib/test/auto/RecordDisassemberDisplayNameTest.xml (RunModel)" time="0.017" />
  <testcase classname="ptolemy.util.test.junit.AutoTests" name="[314] /home/travis/build/icyphy/ptII/ptolemy/actor/lib/test/auto/RecordDisassembler.xml (RunModel)" time="0.01" />
  <testcase classname="ptolemy.util.test.junit.AutoTests" name="[315] /home/travis/build/icyphy/ptII/ptolemy/actor/lib/test/auto/RecordDisassembler2.xml (RunModel)" time="0.008" />
  <testcase classname="ptolemy.util.test.junit.AutoTests" name="[316] /home/travis/build/icyphy/ptII/ptolemy/actor/lib/test/auto/RecordUpdater.xml (RunModel)" time="0.008" />
  <testcase classname="ptolemy.util.test.junit.AutoTests" name="[317] /home/travis/build/icyphy/ptII/ptolemy/actor/lib/test/auto/RecordUpdater2.xml (RunModel)" time="0.008" />
  <testcase classname="ptolemy.util.test.junit.AutoTests" name="[318] /home/travis/build/icyphy/ptII/ptolemy/actor/lib/test/auto/RecursiveLattice.xml (RunModel)" time="0.007" />
  <testcase classname="ptolemy.util.test.junit.AutoTests" name="[319] /home/travis/build/icyphy/ptII/ptolemy/actor/lib/test/auto/Router.xml (RunModel)" time="3.025" />
  <testcase classname="ptolemy.util.test.junit.AutoTests" name="[320] /home/travis/build/icyphy/ptII/ptolemy/actor/lib/test/auto/Router2.xml (RunModel)" time="3.027" />
  <testcase classname="ptolemy.util.test.junit.AutoTests" name="[321] /home/travis/build/icyphy/ptII/ptolemy/actor/lib/test/auto/RunningMaximum.xml (RunModel)" time="0.015" />
  <testcase classname="ptolemy.util.test.junit.AutoTests" name="[322] /home/travis/build/icyphy/ptII/ptolemy/actor/lib/test/auto/RunningMinimum.xml (RunModel)" time="0.018" />
  <testcase classname="ptolemy.util.test.junit.AutoTests" name="[323] /home/travis/build/icyphy/ptII/ptolemy/actor/lib/test/auto/Scale.xml (RunModel)" time="0.01" />
  <testcase classname="ptolemy.util.test.junit.AutoTests" name="[324] /home/travis/build/icyphy/ptII/ptolemy/actor/lib/test/auto/Scale2.xml (RunModel)" time="0.009" />
  <testcase classname="ptolemy.util.test.junit.AutoTests" name="[325] /home/travis/build/icyphy/ptII/ptolemy/actor/lib/test/auto/Scale3.xml (RunModel)" time="0.018" />
  <testcase classname="ptolemy.util.test.junit.AutoTests" name="[326] /home/travis/build/icyphy/ptII/ptolemy/actor/lib/test/auto/ScaleArray.xml (RunModel)" time="0.008" />
  <testcase classname="ptolemy.util.test.junit.AutoTests" name="[327] /home/travis/build/icyphy/ptII/ptolemy/actor/lib/test/auto/ScaleArray2.xml (RunModel)" time="0.008" />
  <testcase classname="ptolemy.util.test.junit.AutoTests" name="[328] /home/travis/build/icyphy/ptII/ptolemy/actor/lib/test/auto/ScaleMatrix.xml (RunModel)" time="0.155" />
  <testcase classname="ptolemy.util.test.junit.AutoTests" name="[329] /home/travis/build/icyphy/ptII/ptolemy/actor/lib/test/auto/Select.xml (RunModel)" time="0.015" />
  <testcase classname="ptolemy.util.test.junit.AutoTests" name="[330] /home/travis/build/icyphy/ptII/ptolemy/actor/lib/test/auto/Select2.xml (RunModel)" time="0.008" />
  <testcase classname="ptolemy.util.test.junit.AutoTests" name="[331] /home/travis/build/icyphy/ptII/ptolemy/actor/lib/test/auto/SequenceToArray2.xml (RunModel)" time="0.132" />
  <testcase classname="ptolemy.util.test.junit.AutoTests" name="[332] /home/travis/build/icyphy/ptII/ptolemy/actor/lib/test/auto/SequentialClock.xml (RunModel)" time="0.01" />
  <testcase classname="ptolemy.util.test.junit.AutoTests" name="[333] /home/travis/build/icyphy/ptII/ptolemy/actor/lib/test/auto/SetVariable.xml (RunModel)" time="0.01" />
  <testcase classname="ptolemy.util.test.junit.AutoTests" name="[334] /home/travis/build/icyphy/ptII/ptolemy/actor/lib/test/auto/SetVariable2.xml (RunModel)" time="0.007" />
  <testcase classname="ptolemy.util.test.junit.AutoTests" name="[335] /home/travis/build/icyphy/ptII/ptolemy/actor/lib/test/auto/SetVariable3.xml (RunModel)" time="0.018" />
  <testcase classname="ptolemy.util.test.junit.AutoTests" name="[336] /home/travis/build/icyphy/ptII/ptolemy/actor/lib/test/auto/SetVariable4.xml (RunModel)" time="0.021" />
  <testcase classname="ptolemy.util.test.junit.AutoTests" name="[337] /home/travis/build/icyphy/ptII/ptolemy/actor/lib/test/auto/SetVariable5.xml (RunModel)" time="0.034" />
  <testcase classname="ptolemy.util.test.junit.AutoTests" name="[338] /home/travis/build/icyphy/ptII/ptolemy/actor/lib/test/auto/Sinewave.xml (RunModel)" time="0.042" />
  <testcase classname="ptolemy.util.test.junit.AutoTests" name="[339] /home/travis/build/icyphy/ptII/ptolemy/actor/lib/test/auto/Sinewave2.xml (RunModel)" time="0.014" />
  <testcase classname="ptolemy.util.test.junit.AutoTests" name="[340] /home/travis/build/icyphy/ptII/ptolemy/actor/lib/test/auto/Sinewave3.xml (RunModel)" time="0.021" />
  <testcase classname="ptolemy.util.test.junit.AutoTests" name="[341] /home/travis/build/icyphy/ptII/ptolemy/actor/lib/test/auto/SingleEvent.xml (RunModel)" time="0.007" />
  <testcase classname="ptolemy.util.test.junit.AutoTests" name="[342] /home/travis/build/icyphy/ptII/ptolemy/actor/lib/test/auto/Sleep.xml (RunModel)" time="6.015" />
  <testcase classname="ptolemy.util.test.junit.AutoTests" name="[343] /home/travis/build/icyphy/ptII/ptolemy/actor/lib/test/auto/SleepMultipleFire.xml (RunModel)" time="1.017" />
  <testcase classname="ptolemy.util.test.junit.AutoTests" name="[344] /home/travis/build/icyphy/ptII/ptolemy/actor/lib/test/auto/StopDE.xml (RunModel)" time="0.019" />
  <testcase classname="ptolemy.util.test.junit.AutoTests" name="[345] /home/travis/build/icyphy/ptII/ptolemy/actor/lib/test/auto/StopSDF.xml (RunModel)" time="0.014" />
  <testcase classname="ptolemy.util.test.junit.AutoTests" name="[346] /home/travis/build/icyphy/ptII/ptolemy/actor/lib/test/auto/StringConstant.xml (RunModel)" time="0.016" />
  <testcase classname="ptolemy.util.test.junit.AutoTests" name="[347] /home/travis/build/icyphy/ptII/ptolemy/actor/lib/test/auto/SubscriberPortInitialValues1.xml (RunModel)" time="0.023" />
  <testcase classname="ptolemy.util.test.junit.AutoTests" name="[348] /home/travis/build/icyphy/ptII/ptolemy/actor/lib/test/auto/SubscriberPortInitialValues13.xml (RunModel)" time="0.031" />
  <testcase classname="ptolemy.util.test.junit.AutoTests" name="[349] /home/travis/build/icyphy/ptII/ptolemy/actor/lib/test/auto/SubscriberPortInitialValues14.xml (RunModel)" time="0.017" />
  <testcase classname="ptolemy.util.test.junit.AutoTests" name="[350] /home/travis/build/icyphy/ptII/ptolemy/actor/lib/test/auto/SubscriberPortInitialValues2.xml (RunModel)" time="0.014" />
  <testcase classname="ptolemy.util.test.junit.AutoTests" name="[351] /home/travis/build/icyphy/ptII/ptolemy/actor/lib/test/auto/SubscriberPortInitialValues3.xml (RunModel)" time="0.019" />
  <testcase classname="ptolemy.util.test.junit.AutoTests" name="[352] /home/travis/build/icyphy/ptII/ptolemy/actor/lib/test/auto/SubscriptionAggregator.xml (RunModel)" time="0.011" />
  <testcase classname="ptolemy.util.test.junit.AutoTests" name="[353] /home/travis/build/icyphy/ptII/ptolemy/actor/lib/test/auto/SubscriptionAggregator2.xml (RunModel)" time="0.011" />
  <testcase classname="ptolemy.util.test.junit.AutoTests" name="[354] /home/travis/build/icyphy/ptII/ptolemy/actor/lib/test/auto/SubscriptionAggregator3.xml (RunModel)" time="0.017" />
  <testcase classname="ptolemy.util.test.junit.AutoTests" name="[355] /home/travis/build/icyphy/ptII/ptolemy/actor/lib/test/auto/SubscriptionAggregatorMultiply.xml (RunModel)" time="0.024" />
  <testcase classname="ptolemy.util.test.junit.AutoTests" name="[356] /home/travis/build/icyphy/ptII/ptolemy/actor/lib/test/auto/SubscriptionAggregatorPortMultiply1.xml (RunModel)" time="0.011" />
  <testcase classname="ptolemy.util.test.junit.AutoTests" name="[357] /home/travis/build/icyphy/ptII/ptolemy/actor/lib/test/auto/Switch.xml (RunModel)" time="0.018" />
  <testcase classname="ptolemy.util.test.junit.AutoTests" name="[358] /home/travis/build/icyphy/ptII/ptolemy/actor/lib/test/auto/Switch2.xml (RunModel)" time="0.012" />
  <testcase classname="ptolemy.util.test.junit.AutoTests" name="[359] /home/travis/build/icyphy/ptII/ptolemy/actor/lib/test/auto/SwitchDE.xml (RunModel)" time="0.012" />
  <testcase classname="ptolemy.util.test.junit.AutoTests" name="[360] /home/travis/build/icyphy/ptII/ptolemy/actor/lib/test/auto/SynchronizerDE.xml (RunModel)" time="0.018" />
  <testcase classname="ptolemy.util.test.junit.AutoTests" name="[361] /home/travis/build/icyphy/ptII/ptolemy/actor/lib/test/auto/Test.xml (RunModel)" time="0.015" />
  <testcase classname="ptolemy.util.test.junit.AutoTests" name="[362] /home/travis/build/icyphy/ptII/ptolemy/actor/lib/test/auto/TestExceptionAttribute1.xml (RunModel)" time="0.006" />
  <testcase classname="ptolemy.util.test.junit.AutoTests" name="[363] /home/travis/build/icyphy/ptII/ptolemy/actor/lib/test/auto/TestExceptionAttribute2.xml (RunModel)" time="0.007" />
  <testcase classname="ptolemy.util.test.junit.AutoTests" name="[364] /home/travis/build/icyphy/ptII/ptolemy/actor/lib/test/auto/TestExceptionAttribute3.xml (RunModel)" time="0.011" />
  <testcase classname="ptolemy.util.test.junit.AutoTests" name="[365] /home/travis/build/icyphy/ptII/ptolemy/actor/lib/test/auto/TestExceptionAttribute4.xml (RunModel)" time="0.006" />
  <testcase classname="ptolemy.util.test.junit.AutoTests" name="[366] /home/travis/build/icyphy/ptII/ptolemy/actor/lib/test/auto/TestExceptionHandler1.xml (RunModel)" time="0.007" />
  <testcase classname="ptolemy.util.test.junit.AutoTests" name="[367] /home/travis/build/icyphy/ptII/ptolemy/actor/lib/test/auto/TestExceptionHandler2.xml (RunModel)" time="0.011" />
  <testcase classname="ptolemy.util.test.junit.AutoTests" name="[368] /home/travis/build/icyphy/ptII/ptolemy/actor/lib/test/auto/TestExceptionHandler3.xml (RunModel)" time="0.005" />
  <testcase classname="ptolemy.util.test.junit.AutoTests" name="[369] /home/travis/build/icyphy/ptII/ptolemy/actor/lib/test/auto/TestExceptionHandler4.xml (RunModel)" time="0.005" />
  <testcase classname="ptolemy.util.test.junit.AutoTests" name="[370] /home/travis/build/icyphy/ptII/ptolemy/actor/lib/test/auto/TestRequireCorrectOrder.xml (RunModel)" time="0.007" />
  <testcase classname="ptolemy.util.test.junit.AutoTests" name="[371] /home/travis/build/icyphy/ptII/ptolemy/actor/lib/test/auto/TestSimple.xml (RunModel)" time="0.009" />
  <testcase classname="ptolemy.util.test.junit.AutoTests" name="[372] /home/travis/build/icyphy/ptII/ptolemy/actor/lib/test/auto/ThrowModelError.xml (RunModel)" time="0.01" />
  <testcase classname="ptolemy.util.test.junit.AutoTests" name="[373] /home/travis/build/icyphy/ptII/ptolemy/actor/lib/test/auto/TimeDelayMicrosteps.xml (RunModel)" time="0.011" />
  <testcase classname="ptolemy.util.test.junit.AutoTests" name="[374] /home/travis/build/icyphy/ptII/ptolemy/actor/lib/test/auto/TimeDelayMicrosteps2.xml (RunModel)" time="0.019" />
  <testcase classname="ptolemy.util.test.junit.AutoTests" name="[375] /home/travis/build/icyphy/ptII/ptolemy/actor/lib/test/auto/TimeDelayMicrosteps3.xml (RunModel)" time="0.01" />
  <testcase classname="ptolemy.util.test.junit.AutoTests" name="[376] /home/travis/build/icyphy/ptII/ptolemy/actor/lib/test/auto/TimeDelayVariableMicrosteps.xml (RunModel)" time="0.011" />
  <testcase classname="ptolemy.util.test.junit.AutoTests" name="[377] /home/travis/build/icyphy/ptII/ptolemy/actor/lib/test/auto/TimeGap.xml (RunModel)" time="0.015" />
  <testcase classname="ptolemy.util.test.junit.AutoTests" name="[378] /home/travis/build/icyphy/ptII/ptolemy/actor/lib/test/auto/TimeGap2.xml (RunModel)" time="0.01" />
  <testcase classname="ptolemy.util.test.junit.AutoTests" name="[379] /home/travis/build/icyphy/ptII/ptolemy/actor/lib/test/auto/TimedSinewave.xml (RunModel)" time="0.057" />
  <testcase classname="ptolemy.util.test.junit.AutoTests" name="[380] /home/travis/build/icyphy/ptII/ptolemy/actor/lib/test/auto/TimedSinewavePhase.xml (RunModel)" time="0.033" />
  <testcase classname="ptolemy.util.test.junit.AutoTests" name="[381] /home/travis/build/icyphy/ptII/ptolemy/actor/lib/test/auto/Timer.xml (RunModel)" time="0.014" />
  <testcase classname="ptolemy.util.test.junit.AutoTests" name="[382] /home/travis/build/icyphy/ptII/ptolemy/actor/lib/test/auto/TriangularDistTestModel.xml (RunModel)" time="0.015" />
  <testcase classname="ptolemy.util.test.junit.AutoTests" name="[383] /home/travis/build/icyphy/ptII/ptolemy/actor/lib/test/auto/TrigFunction.xml (RunModel)" time="0.007" />
  <testcase classname="ptolemy.util.test.junit.AutoTests" name="[384] /home/travis/build/icyphy/ptII/ptolemy/actor/lib/test/auto/TrigFunctionDE.xml (RunModel)" time="0.009" />
  <testcase classname="ptolemy.util.test.junit.AutoTests" name="[385] /home/travis/build/icyphy/ptII/ptolemy/actor/lib/test/auto/TrigFunctionInverse.xml (RunModel)" time="0.008" />
  <testcase classname="ptolemy.util.test.junit.AutoTests" name="[386] /home/travis/build/icyphy/ptII/ptolemy/actor/lib/test/auto/TrigFunctionTan.xml (RunModel)" time="0.006" />
  <testcase classname="ptolemy.util.test.junit.AutoTests" name="[387] /home/travis/build/icyphy/ptII/ptolemy/actor/lib/test/auto/TriggeredClock.xml (RunModel)" time="0.007" />
  <testcase classname="ptolemy.util.test.junit.AutoTests" name="[388] /home/travis/build/icyphy/ptII/ptolemy/actor/lib/test/auto/URLDirectoryReader.xml (RunModel)" time="0.113" />
  <testcase classname="ptolemy.util.test.junit.AutoTests" name="[389] /home/travis/build/icyphy/ptII/ptolemy/actor/lib/test/auto/URLDirectoryReader3.xml (RunModel)" time="1.689" />
  <testcase classname="ptolemy.util.test.junit.AutoTests" name="[390] /home/travis/build/icyphy/ptII/ptolemy/actor/lib/test/auto/UnaryMathFunction.xml (RunModel)" time="0.031" />
  <testcase classname="ptolemy.util.test.junit.AutoTests" name="[391] /home/travis/build/icyphy/ptII/ptolemy/actor/lib/test/auto/Uniform.xml (RunModel)" time="0.013" />
  <testcase classname="ptolemy.util.test.junit.AutoTests" name="[392] /home/travis/build/icyphy/ptII/ptolemy/actor/lib/test/auto/UnionDisassemblerTest.xml (RunModel)" time="0.016" />
  <testcase classname="ptolemy.util.test.junit.AutoTests" name="[393] /home/travis/build/icyphy/ptII/ptolemy/actor/lib/test/auto/UtilityFunctions.xml (RunModel)" time="0.007" />
  <testcase classname="ptolemy.util.test.junit.AutoTests" name="[394] /home/travis/build/icyphy/ptII/ptolemy/actor/lib/test/auto/VariableSleep.xml (RunModel)" time="0.51" />
  <testcase classname="ptolemy.util.test.junit.AutoTests" name="[395] /home/travis/build/icyphy/ptII/ptolemy/actor/lib/test/auto/VectorAssemblerDisassemblerCT.xml (RunModel)" time="0.122" />
  <testcase classname="ptolemy.util.test.junit.AutoTests" name="[396] /home/travis/build/icyphy/ptII/ptolemy/actor/lib/test/auto/VectorAssemblerDisassemblerDE.xml (RunModel)" time="0.014" />
  <testcase classname="ptolemy.util.test.junit.AutoTests" name="[397] /home/travis/build/icyphy/ptII/ptolemy/actor/lib/test/auto/VectorAssemblerDisassemblerSDF.xml (RunModel)" time="0.012" />
  <testcase classname="ptolemy.util.test.junit.AutoTests" name="[398] /home/travis/build/icyphy/ptII/ptolemy/actor/lib/test/auto/WallClockTime.xml (RunModel)" time="1.012" />
  <testcase classname="ptolemy.util.test.junit.AutoTests" name="[399] /home/travis/build/icyphy/ptII/ptolemy/actor/lib/test/auto/WidthTestWithSubscriberPublisher.xml (RunModel)" time="0.04" />
  <testcase classname="ptolemy.util.test.junit.AutoTests" name="[400] /home/travis/build/icyphy/ptII/ptolemy/actor/lib/test/auto/WidthTestWithSubscriberPublisher2.xml (RunModel)" time="0.017" />
  <testcase classname="ptolemy.util.test.junit.AutoTests" name="[401] /home/travis/build/icyphy/ptII/ptolemy/actor/lib/test/auto/WidthTestWithSubscriberPublisher3.xml (RunModel)" time="0.01" />
  <testcase classname="ptolemy.util.test.junit.AutoTests" name="[402] /home/travis/build/icyphy/ptII/ptolemy/actor/lib/test/auto/Writer.xml (RunModel)" time="0.007" />
  <testcase classname="ptolemy.util.test.junit.AutoTests" name="[403] /home/travis/build/icyphy/ptII/ptolemy/actor/lib/test/auto/array.xml (RunModel)" time="0.027" />
  <testcase classname="ptolemy.util.test.junit.AutoTests" name="[404] /home/travis/build/icyphy/ptII/ptolemy/actor/lib/test/auto/array2.xml (RunModel)" time="0.015" />
  <testcase classname="ptolemy.util.test.junit.AutoTests" name="[405] /home/travis/build/icyphy/ptII/ptolemy/actor/lib/test/auto/arrayType.xml (RunModel)" time="0.026" />
  <testcase classname="ptolemy.util.test.junit.AutoTests" name="[406] /home/travis/build/icyphy/ptII/ptolemy/actor/lib/test/auto/arrayType10.xml (RunModel)" time="0.008" />
  <testcase classname="ptolemy.util.test.junit.AutoTests" name="[407] /home/travis/build/icyphy/ptII/ptolemy/actor/lib/test/auto/arrayType11.xml (RunModel)" time="0.008" />
  <testcase classname="ptolemy.util.test.junit.AutoTests" name="[408] /home/travis/build/icyphy/ptII/ptolemy/actor/lib/test/auto/arrayType12.xml (RunModel)" time="0.009" />
  <testcase classname="ptolemy.util.test.junit.AutoTests" name="[409] /home/travis/build/icyphy/ptII/ptolemy/actor/lib/test/auto/arrayType13.xml (RunModel)" time="0.008" />
  <testcase classname="ptolemy.util.test.junit.AutoTests" name="[410] /home/travis/build/icyphy/ptII/ptolemy/actor/lib/test/auto/arrayType14.xml (RunModel)" time="0.007" />
  <testcase classname="ptolemy.util.test.junit.AutoTests" name="[411] /home/travis/build/icyphy/ptII/ptolemy/actor/lib/test/auto/arrayType15.xml (RunModel)" time="0.009" />
  <testcase classname="ptolemy.util.test.junit.AutoTests" name="[412] /home/travis/build/icyphy/ptII/ptolemy/actor/lib/test/auto/arrayType16.xml (RunModel)" time="0.008" />
  <testcase classname="ptolemy.util.test.junit.AutoTests" name="[413] /home/travis/build/icyphy/ptII/ptolemy/actor/lib/test/auto/arrayType17.xml (RunModel)" time="0.008" />
  <testcase classname="ptolemy.util.test.junit.AutoTests" name="[414] /home/travis/build/icyphy/ptII/ptolemy/actor/lib/test/auto/arrayType18.xml (RunModel)" time="0.034" />
  <testcase classname="ptolemy.util.test.junit.AutoTests" name="[415] /home/travis/build/icyphy/ptII/ptolemy/actor/lib/test/auto/arrayType19.xml (RunModel)" time="0.028" />
  <testcase classname="ptolemy.util.test.junit.AutoTests" name="[416] /home/travis/build/icyphy/ptII/ptolemy/actor/lib/test/auto/arrayType2.xml (RunModel)" time="0.028" />
  <testcase classname="ptolemy.util.test.junit.AutoTests" name="[417] /home/travis/build/icyphy/ptII/ptolemy/actor/lib/test/auto/arrayType20.xml (RunModel)" time="0.028" />
  <testcase classname="ptolemy.util.test.junit.AutoTests" name="[418] /home/travis/build/icyphy/ptII/ptolemy/actor/lib/test/auto/arrayType21.xml (RunModel)" time="0.05" />
  <testcase classname="ptolemy.util.test.junit.AutoTests" name="[419] /home/travis/build/icyphy/ptII/ptolemy/actor/lib/test/auto/arrayType22.xml (RunModel)" time="0.03" />
  <testcase classname="ptolemy.util.test.junit.AutoTests" name="[420] /home/travis/build/icyphy/ptII/ptolemy/actor/lib/test/auto/arrayType23.xml (RunModel)" time="0.032" />
  <testcase classname="ptolemy.util.test.junit.AutoTests" name="[421] /home/travis/build/icyphy/ptII/ptolemy/actor/lib/test/auto/arrayType24.xml (RunModel)" time="0.027" />
  <testcase classname="ptolemy.util.test.junit.AutoTests" name="[422] /home/travis/build/icyphy/ptII/ptolemy/actor/lib/test/auto/arrayType25.xml (RunModel)" time="0.008" />
  <testcase classname="ptolemy.util.test.junit.AutoTests" name="[423] /home/travis/build/icyphy/ptII/ptolemy/actor/lib/test/auto/arrayType26.xml (RunModel)" time="0.007" />
  <testcase classname="ptolemy.util.test.junit.AutoTests" name="[424] /home/travis/build/icyphy/ptII/ptolemy/actor/lib/test/auto/arrayType27.xml (RunModel)" time="0.007" />
  <testcase classname="ptolemy.util.test.junit.AutoTests" name="[425] /home/travis/build/icyphy/ptII/ptolemy/actor/lib/test/auto/arrayType28.xml (RunModel)" time="0.017" />
  <testcase classname="ptolemy.util.test.junit.AutoTests" name="[426] /home/travis/build/icyphy/ptII/ptolemy/actor/lib/test/auto/arrayType3.xml (RunModel)" time="0.012" />
  <testcase classname="ptolemy.util.test.junit.AutoTests" name="[427] /home/travis/build/icyphy/ptII/ptolemy/actor/lib/test/auto/arrayType4.xml (RunModel)" time="0.007" />
  <testcase classname="ptolemy.util.test.junit.AutoTests" name="[428] /home/travis/build/icyphy/ptII/ptolemy/actor/lib/test/auto/arrayType5.xml (RunModel)" time="0.008" />
  <testcase classname="ptolemy.util.test.junit.AutoTests" name="[429] /home/travis/build/icyphy/ptII/ptolemy/actor/lib/test/auto/arrayType6.xml (RunModel)" time="0.007" />
  <testcase classname="ptolemy.util.test.junit.AutoTests" name="[430] /home/travis/build/icyphy/ptII/ptolemy/actor/lib/test/auto/arrayType7.xml (RunModel)" time="0.018" />
  <testcase classname="ptolemy.util.test.junit.AutoTests" name="[431] /home/travis/build/icyphy/ptII/ptolemy/actor/lib/test/auto/arrayType8.xml (RunModel)" time="0.008" />
  <testcase classname="ptolemy.util.test.junit.AutoTests" name="[432] /home/travis/build/icyphy/ptII/ptolemy/actor/lib/test/auto/arrayType9.xml (RunModel)" time="0.007" />
  <testcase classname="ptolemy.util.test.junit.AutoTests" name="[433] /home/travis/build/icyphy/ptII/ptolemy/actor/lib/test/auto/cast.xml (RunModel)" time="0.008" />
  <testcase classname="ptolemy.util.test.junit.AutoTests" name="[434] /home/travis/build/icyphy/ptII/ptolemy/actor/lib/test/auto/compositeMultiPort.xml (RunModel)" time="0.016" />
  <testcase classname="ptolemy.util.test.junit.AutoTests" name="[435] /home/travis/build/icyphy/ptII/ptolemy/actor/lib/test/auto/expressionCastInference.xml (RunModel)" time="0.007" />
  <testcase classname="ptolemy.util.test.junit.AutoTests" name="[436] /home/travis/build/icyphy/ptII/ptolemy/actor/lib/test/auto/expressionCastInference2.xml (RunModel)" time="0.007" />
  <testcase classname="ptolemy.util.test.junit.AutoTests" name="[437] /home/travis/build/icyphy/ptII/ptolemy/actor/lib/test/auto/expressionInference.xml (RunModel)" time="0.006" />
  <testcase classname="ptolemy.util.test.junit.AutoTests" name="[438] /home/travis/build/icyphy/ptII/ptolemy/actor/lib/test/auto/expression_bug.xml (RunModel)" time="0.006" />
  <testcase classname="ptolemy.util.test.junit.AutoTests" name="[439] /home/travis/build/icyphy/ptII/ptolemy/actor/lib/test/auto/factorial.xml (RunModel)" time="0.044" />
  <testcase classname="ptolemy.util.test.junit.AutoTests" name="[440] /home/travis/build/icyphy/ptII/ptolemy/actor/lib/test/auto/filterTest1.xml (RunModel)" time="0.013" />
  <testcase classname="ptolemy.util.test.junit.AutoTests" name="[441] /home/travis/build/icyphy/ptII/ptolemy/actor/lib/test/auto/funcApplyInConst.xml (RunModel)" time="0.006" />
  <testcase classname="ptolemy.util.test.junit.AutoTests" name="[442] /home/travis/build/icyphy/ptII/ptolemy/actor/lib/test/auto/funcApplyInExpr.xml (RunModel)" time="0.005" />
  <testcase classname="ptolemy.util.test.junit.AutoTests" name="[443] /home/travis/build/icyphy/ptII/ptolemy/actor/lib/test/auto/function.xml (RunModel)" time="0.009" />
  <testcase classname="ptolemy.util.test.junit.AutoTests" name="[444] /home/travis/build/icyphy/ptII/ptolemy/actor/lib/test/auto/function2.xml (RunModel)" time="0.008" />
  <testcase classname="ptolemy.util.test.junit.AutoTests" name="[445] /home/travis/build/icyphy/ptII/ptolemy/actor/lib/test/auto/function3.xml (RunModel)" time="0.005" />
  <testcase classname="ptolemy.util.test.junit.AutoTests" name="[446] /home/travis/build/icyphy/ptII/ptolemy/actor/lib/test/auto/functionClosureTest1.xml (RunModel)" time="0.016" />
  <testcase classname="ptolemy.util.test.junit.AutoTests" name="[447] /home/travis/build/icyphy/ptII/ptolemy/actor/lib/test/auto/functionClosureTest2.xml (RunModel)" time="0.007" />
  <testcase classname="ptolemy.util.test.junit.AutoTests" name="[448] /home/travis/build/icyphy/ptII/ptolemy/actor/lib/test/auto/functionClosureTest3.xml (RunModel)" time="0.009" />
  <testcase classname="ptolemy.util.test.junit.AutoTests" name="[449] /home/travis/build/icyphy/ptII/ptolemy/actor/lib/test/auto/functionClosureTest4.xml (RunModel)" time="0.014" />
  <testcase classname="ptolemy.util.test.junit.AutoTests" name="[450] /home/travis/build/icyphy/ptII/ptolemy/actor/lib/test/auto/functionClosureTest5.xml (RunModel)" time="0.01" />
  <testcase classname="ptolemy.util.test.junit.AutoTests" name="[451] /home/travis/build/icyphy/ptII/ptolemy/actor/lib/test/auto/functionClosureTest6.xml (RunModel)" time="0.007" />
  <testcase classname="ptolemy.util.test.junit.AutoTests" name="[452] /home/travis/build/icyphy/ptII/ptolemy/actor/lib/test/auto/functionsOnArcs.xml (RunModel)" time="0.008" />
  <testcase classname="ptolemy.util.test.junit.AutoTests" name="[453] /home/travis/build/icyphy/ptII/ptolemy/actor/lib/test/auto/functionsOnArcsHOF.xml (RunModel)" time="0.011" />
  <testcase classname="ptolemy.util.test.junit.AutoTests" name="[454] /home/travis/build/icyphy/ptII/ptolemy/actor/lib/test/auto/logic.xml (RunModel)" time="0.017" />
  <testcase classname="ptolemy.util.test.junit.AutoTests" name="[455] /home/travis/build/icyphy/ptII/ptolemy/actor/lib/test/auto/matrixType.xml (RunModel)" time="0.007" />
  <testcase classname="ptolemy.util.test.junit.AutoTests" name="[456] /home/travis/build/icyphy/ptII/ptolemy/actor/lib/test/auto/matrixType10.xml (RunModel)" time="0.008" />
  <testcase classname="ptolemy.util.test.junit.AutoTests" name="[457] /home/travis/build/icyphy/ptII/ptolemy/actor/lib/test/auto/matrixType11.xml (RunModel)" time="0.007" />
  <testcase classname="ptolemy.util.test.junit.AutoTests" name="[458] /home/travis/build/icyphy/ptII/ptolemy/actor/lib/test/auto/matrixType12.xml (RunModel)" time="0.009" />
  <testcase classname="ptolemy.util.test.junit.AutoTests" name="[459] /home/travis/build/icyphy/ptII/ptolemy/actor/lib/test/auto/matrixType13.xml (RunModel)" time="0.008" />
  <testcase classname="ptolemy.util.test.junit.AutoTests" name="[460] /home/travis/build/icyphy/ptII/ptolemy/actor/lib/test/auto/matrixType14.xml (RunModel)" time="0.009" />
  <testcase classname="ptolemy.util.test.junit.AutoTests" name="[461] /home/travis/build/icyphy/ptII/ptolemy/actor/lib/test/auto/matrixType2.xml (RunModel)" time="0.008" />
  <testcase classname="ptolemy.util.test.junit.AutoTests" name="[462] /home/travis/build/icyphy/ptII/ptolemy/actor/lib/test/auto/matrixType3.xml (RunModel)" time="0.009" />
  <testcase classname="ptolemy.util.test.junit.AutoTests" name="[463] /home/travis/build/icyphy/ptII/ptolemy/actor/lib/test/auto/matrixType4.xml (RunModel)" time="0.007" />
  <testcase classname="ptolemy.util.test.junit.AutoTests" name="[464] /home/travis/build/icyphy/ptII/ptolemy/actor/lib/test/auto/matrixType5.xml (RunModel)" time="0.007" />
  <testcase classname="ptolemy.util.test.junit.AutoTests" name="[465] /home/travis/build/icyphy/ptII/ptolemy/actor/lib/test/auto/matrixType6.xml (RunModel)" time="0.007" />
  <testcase classname="ptolemy.util.test.junit.AutoTests" name="[466] /home/travis/build/icyphy/ptII/ptolemy/actor/lib/test/auto/matrixType7.xml (RunModel)" time="0.012" />
  <testcase classname="ptolemy.util.test.junit.AutoTests" name="[467] /home/travis/build/icyphy/ptII/ptolemy/actor/lib/test/auto/matrixType8.xml (RunModel)" time="0.007" />
  <testcase classname="ptolemy.util.test.junit.AutoTests" name="[468] /home/travis/build/icyphy/ptII/ptolemy/actor/lib/test/auto/matrixType9.xml (RunModel)" time="0.007" />
  <testcase classname="ptolemy.util.test.junit.AutoTests" name="[469] /home/travis/build/icyphy/ptII/ptolemy/actor/lib/test/auto/paraFunctest.xml (RunModel)" time="0.009" />
  <testcase classname="ptolemy.util.test.junit.AutoTests" name="[470] /home/travis/build/icyphy/ptII/ptolemy/actor/lib/test/auto/paraFunctest2.xml (RunModel)" time="0.01" />
  <testcase classname="ptolemy.util.test.junit.AutoTests" name="[471] /home/travis/build/icyphy/ptII/ptolemy/actor/lib/test/auto/parameterPassing.xml (RunModel)" time="0.007" />
  <testcase classname="ptolemy.util.test.junit.AutoTests" name="[472] /home/travis/build/icyphy/ptII/ptolemy/actor/lib/test/auto/record.xml (RunModel)" time="0.009" />
  <testcase classname="ptolemy.util.test.junit.AutoTests" name="[473] /home/travis/build/icyphy/ptII/ptolemy/actor/lib/test/auto/sizedarray1.xml (RunModel)" time="0.009" />
  <testcase classname="ptolemy.util.test.junit.AutoTests" name="[474] /home/travis/build/icyphy/ptII/ptolemy/actor/lib/test/auto/sizedarray2.xml (RunModel)" time="0.008" />
  <testcase classname="ptolemy.util.test.junit.AutoTests" name="[475] /home/travis/build/icyphy/ptII/ptolemy/actor/lib/test/auto/twoPublishers.xml (RunModel)" time="0.018" />
  <system-out><![CDATA[/home/travis/build/icyphy/ptII/ptolemy/actor/lib/test/AbsoluteValue.tcl
testDefs.tcl: setting time out to 9000 seconds at Wed Sep 02 15:41:17 UTC 2020
89 ms. Memory: 129024K Free: 93127K (72%)
4 ms. Memory: 129024K Free: 91079K (71%)
5 ms. Memory: 129024K Free: 90055K (70%)
5 ms. Memory: 129024K Free: 89527K (69%)
/home/travis/build/icyphy/ptII/ptolemy/actor/lib/test/AddSubtract.tcl
12 ms. Memory: 129024K Free: 87493K (68%)
12 ms. Memory: 129024K Free: 86983K (67%)
12 ms. Memory: 129024K Free: 85959K (67%)
22 ms. Memory: 129024K Free: 85439K (66%)
89 ms. Memory: 129024K Free: 82373K (64%)
6 ms. Memory: 129024K Free: 81349K (63%)
/home/travis/build/icyphy/ptII/ptolemy/actor/lib/test/Average.tcl
7 ms. Memory: 129024K Free: 79815K (62%)
6 ms. Memory: 129024K Free: 78791K (61%)
/home/travis/build/icyphy/ptII/ptolemy/actor/lib/test/Bernoulli.tcl
5 ms. Memory: 129024K Free: 77239K (60%)
2 ms. Memory: 129024K Free: 76743K (59%)
/home/travis/build/icyphy/ptII/ptolemy/actor/lib/test/Clock.tcl
preinitializing
resolving types
initializing
executing number 1
wrapping up
idle
35 ms. Memory: 129024K Free: 74181K (57%)
Completed execution with 5 iterations
preinitializing
resolving types
initializing
executing number 1
wrapping up
idle
4 ms. Memory: 129024K Free: 73127K (57%)
Completed execution with 5 iterations
preinitializing
resolving types
initializing
executing number 1
wrapping up
idle
8 ms. Memory: 129024K Free: 72647K (56%)
Completed execution with 5 iterations
/home/travis/build/icyphy/ptII/ptolemy/actor/lib/test/Commutator.tcl
6 ms. Memory: 129024K Free: 70599K (55%)
8 ms. Memory: 129024K Free: 69575K (54%)
13 ms. Memory: 129024K Free: 63911K (50%)
/home/travis/build/icyphy/ptII/ptolemy/actor/lib/test/Const.tcl
14 ms. Memory: 129024K Free: 62407K (48%)
8 ms. Memory: 129024K Free: 61879K (48%)
9 ms. Memory: 129024K Free: 61383K (48%)
2 ms. Memory: 129024K Free: 60863K (47%)
2 ms. Memory: 129024K Free: 60359K (47%)
16 ms. Memory: 129024K Free: 58821K (46%)
4 ms. Memory: 129024K Free: 57287K (44%)
3 ms. Memory: 129024K Free: 56767K (44%)
/home/travis/build/icyphy/ptII/ptolemy/actor/lib/test/CurrentTime.tcl
preinitializing
resolving types
initializing
executing number 1
wrapping up
idle
7 ms. Memory: 129024K Free: 54711K (42%)
Completed execution with 11 iterations
/home/travis/build/icyphy/ptII/ptolemy/actor/lib/test/DB.tcl
4 ms. Memory: 129024K Free: 53191K (41%)
2 ms. Memory: 129024K Free: 52676K (41%)
2 ms. Memory: 129024K Free: 52167K (40%)
/home/travis/build/icyphy/ptII/ptolemy/actor/lib/test/DiscreteRandomSource.tcl
preinitializing
resolving types
initializing
executing number 1
wrapping up
idle
9 ms. Memory: 129024K Free: 50615K (39%)
Completed execution with 4 iterations
preinitializing
resolving types
initializing
executing number 1
wrapping up
idle
8 ms. Memory: 129024K Free: 50119K (39%)
Completed execution with 4 iterations
preinitializing
resolving types
initializing
executing number 1
wrapping up
idle
4 ms. Memory: 129024K Free: 49605K (38%)
Completed execution with 4 iterations
preinitializing
resolving types
initializing
executing number 1
wrapping up
idle
3 ms. Memory: 129024K Free: 49095K (38%)
Completed execution with 4 iterations
preinitializing
resolving types
initializing
executing number 1
wrapping up
idle
4 ms. Memory: 129024K Free: 48581K (38%)
Completed execution with 4 iterations
/home/travis/build/icyphy/ptII/ptolemy/actor/lib/test/Distributor.tcl
33 ms. Memory: 129024K Free: 113620K (88%)
7 ms. Memory: 129024K Free: 113072K (88%)
StreamChangeRequest.changeExecuted(): <deleteEntity name="rec2"/> succeeded
StreamChangeRequest.changeExecuted(): <deleteRelation name="r2"/> succeeded
StreamChangeRequest.changeExecuted(): Record firings per iteration succeeded
14 ms. Memory: 129024K Free: 110460K (86%)
/home/travis/build/icyphy/ptII/ptolemy/actor/lib/test/Exit.tcl
Exit.tcl: this will print a message about Manager.exitAfterWrapup, which can be ignored.
11 ms. Memory: 129024K Free: 107007K (83%)
/home/travis/build/icyphy/ptII/ptolemy/actor/lib/test/Expression.tcl
18 ms. Memory: 129024K Free: 103870K (81%)
9 ms. Memory: 129024K Free: 103259K (80%)
3 ms. Memory: 129024K Free: 102348K (79%)
preinitializing
resolving types
initializing
executing number 1
wrapping up
idle
9 ms. Memory: 129024K Free: 100776K (78%)
Completed execution with 6 iterations
10 ms. Memory: 129024K Free: 99760K (77%)
2 ms. Memory: 129024K Free: 99300K (77%)
4 ms. Memory: 129024K Free: 98252K (76%)
7 ms. Memory: 129024K Free: 96688K (75%)
7 ms. Memory: 129024K Free: 95678K (74%)
/home/travis/build/icyphy/ptII/ptolemy/actor/lib/test/Gaussian.tcl
9 ms. Memory: 129024K Free: 94076K (73%)
sleeping 1 seconds: .......................................................................................................................................................................................................................................................................................................................................................................................................................................................................................................................................................................................................................................................................................................................................................................................................................................................................................................................................................................................................................................................................................................................................................................................................................................................................................................................................................................................................................................................................................................................................................................................................................................................................................................................................................................................................................................................................................................................................................................................................................................................................................................................................................................................................................................................................................................................................................................................................................................................................................................................................................................................................................................................................................................................................................................................................................................................................................................................................................................................................................................................................................................................................................................................................................................................................................................................................................................................................................................................................................................................................................................................................................................................................................................................................................................................................................................................................................................................................................................................................................................................................................................................................................................................................................................................................................................................................................................................................................................................................................................................................................................................................................................................................................................................................................................................................................................................................................................................................................................................................................................................................................................................................................................................................................................................................................................................................................................................................................................................................................................................................................................................................................................................................................................................................................................................................................................................................................................................................................................................................................................................................................................................................................................................................................................................................................................................................................................................................................................................................................................................................................................................................................................................................................................................................................................................................................................................................................................................................................................................................................................................................................................................................................................................................................................................................................................................................................................................................................................................................................................................................................................................................................................................................................................................................................................................................................................................................................................................................................................................................................................................................................................................................................................................................................................................................................................................................................................................................................................................................................................................................................................................................................................................................................................................................................................................................................................................................................................................................................................................................................................................................................................................................................................................................................................................................................................................................................................................................................................................................................................................................................................................................................................................................................................................................................................................................................................................................................................................................................................................................................................................................................................................................................................................................................................................................................................................................................................................................................................................................................................................................................................................................................................................................................................................................................................................................................................................................................................................................................................................................................................................................................................................................................................................................................................................................................................................................................................................................................................................................................................................................................................................................................................................................................................................................................................................................................................................................................................................................................................................................................................................................................................................................................................................................................................................................................................................................................................................................................................................................................................................................................................................................................................................................................................................................................................................................................................................................................................................................................................................................................................................................................................................................................................................................................................................................................................................................................................................................................................................................................................................................................................................................................................................................................................................................................................................................................................................................................................................................................................................................................................................................................................................................................................................................................................................................................................................................................................................................................................................................................................................................................................................................................................................................................................................................................................................................................................................................................................................................................................................................................................................................................................................................................................................................................................................................................................................................................................................................................................................................................................................................................................................................................................................................................................................................................................................................................................................................................................................................................................................................................................................................................................................................................................................................................................................................................................................................................................................................................................................................................................................................................................................................................................................................................................................................................................................................................................................................................................................................................................................................................................................................................................................................................................................................................................................................................................................................................................................................................................................................................................................................................................................................................................................................................................................................................................................................................................................................................................................................................................................................................................................................................................................................................................................................................................................................................................................................................................................................................................................................................................................................................................................................................................................................................................................................................................................................................................................................................................................................................................................................................................................................................................................................................................................................................................................................................................................................................................................................................................................................................................................................................................................................................................................................................................................................................................................................................................................................................................................................................................................................................................................................................................................................................................................................................................................................................................................................................................................................................................................................................................................................................................................................................................................................................................................................................................................................................................................................................................................................................................................................................................................................................................................................................................................................................................................................................................................................................................................................................................................................................................................................................................................................................................................................................................................................................................................................................................................................................................................................................................................................................................................................................................................................................................................................................................................................................................................................................................................................................................................................................................................................................................................................................................................................................................................................................................................................................................................................................................................................................................................................................................................................................................................................................................................................................................................................................................................................................................................................................................................................................................................................................................................................................................................................................................................................................................................................................................................................................................................................................................................................................................................................................................................................................................................................................................................................................................................................................................................................................................................................................................................................................................................................................................................................................................................................................................................................................................................................................................................................................................................................................................................................................................................................................................................................................................................................................................................................................................................................................................................................................................................................................................................................................................................................................................................................................................................................................................................................................................................................................................................................................................................................................................................................................................................................................................................................................................................................................................................................................................................................................................................................................................................................................................................................................................................................................................................................................................................................................................................................................................................................................................................................................................................................................................................................................................................................................................................................................................................................................................................................................................................................................................................................................................................................................................................................................................................................................................................................................................................................................................................................................................................................................................................................................................................................................................................................................................................................................................................................................................................................................................................................................................................................................................................................................................................................................................................................................................................................................................................................................................................................................................................................................................................................................................................................................................................................................................................................................................................................................................................................................................................................................................................................................................................................................................................................................................................................................................................................................................................................................................................................................................................................................................................................................................................................................................................................................................................................................................................................................................................................................................................................................................................2 ms. Memory: 129024K Free: 73689K (57%)
4 ms. Memory: 129024K Free: 72651K (56%)
2 ms. Memory: 129024K Free: 72155K (56%)
1 ms. Memory: 129024K Free: 71627K (56%)
1 ms. Memory: 129024K Free: 71131K (55%)
/home/travis/build/icyphy/ptII/ptolemy/actor/lib/test/IIR.tcl
/home/travis/build/icyphy/ptII/ptolemy/actor/lib/test/Interpolator.tcl
7 ms. Memory: 129024K Free: 67035K (52%)
3 ms. Memory: 129024K Free: 66507K (52%)
4 ms. Memory: 129024K Free: 66011K (51%)
2 ms. Memory: 129024K Free: 65483K (51%)
2 ms. Memory: 129024K Free: 64459K (50%)
2 ms. Memory: 129024K Free: 63963K (50%)
3 ms. Memory: 129024K Free: 62939K (49%)
2 ms. Memory: 129024K Free: 61915K (48%)
3 ms. Memory: 129024K Free: 60891K (47%)
6 ms. Memory: 129024K Free: 60371K (47%)
/home/travis/build/icyphy/ptII/ptolemy/actor/lib/test/MathFunction.tcl
11 ms. Memory: 129024K Free: 57926K (45%)
3 ms. Memory: 129024K Free: 56795K (44%)
2 ms. Memory: 129024K Free: 112865K (87%)
6 ms. Memory: 129024K Free: 111841K (87%)
8 ms. Memory: 129024K Free: 110289K (85%)
7 ms. Memory: 129024K Free: 108769K (84%)
/home/travis/build/icyphy/ptII/ptolemy/actor/lib/test/Maximum.tcl
9 ms. Memory: 129024K Free: 106721K (83%)
4 ms. Memory: 129024K Free: 106177K (82%)
6 ms. Memory: 129024K Free: 105183K (82%)
3 ms. Memory: 129024K Free: 104673K (81%)
/home/travis/build/icyphy/ptII/ptolemy/actor/lib/test/Minimum.tcl
7 ms. Memory: 129024K Free: 103121K (80%)
5 ms. Memory: 129024K Free: 102625K (80%)
2 ms. Memory: 129024K Free: 101601K (79%)
2 ms. Memory: 129024K Free: 101073K (78%)
/home/travis/build/icyphy/ptII/ptolemy/actor/lib/test/MultiplyDivide.tcl
10 ms. Memory: 129024K Free: 99033K (77%)
7 ms. Memory: 129024K Free: 98529K (76%)
8 ms. Memory: 129024K Free: 97505K (76%)
3 ms. Memory: 129024K Free: 96977K (75%)
6 ms. Memory: 129024K Free: 96481K (75%)
/home/travis/build/icyphy/ptII/ptolemy/actor/lib/test/OrderedMerge.tcl
Connections changed on port: inputA
Connections changed on port: inputB
Connections changed on port: output
Connections changed on port: output
Connections changed on port: output
Connections changed on port: input
.top. Preinitializing ...
Invoking preinitialize():  .top.OrderedMerge
Called preinitialize()
Invoking preinitialize():  .top.Ramp
Called preinitialize()
Invoking preinitialize():  .top.Ramp2
Called preinitialize()
Invoking preinitialize():  .top.Test
Called preinitialize()
Connections changed on port: inputA
Connections changed on port: output
Connections changed on port: output
Connections changed on port: input
Connections changed on port: inputB
Connections changed on port: output
.top. Finished preinitialize().
Called initialize().
Invoking initialize():  .top.OrderedMerge
Initializing actor: .top.OrderedMerge
Adding a thread: .top.OrderedMerge
Invoking initialize():  .top.Ramp
Initializing actor: .top.Ramp
Adding a thread: .top.Ramp
Invoking initialize():  .top.Ramp2
Initializing actor: .top.Ramp2
Adding a thread: .top.Ramp2
Invoking initialize():  .top.Test
Initializing actor: .top.Test
Adding a thread: .top.Test
Called fire().
Checking for deadlock:
-- Starting thread.
-- Starting thread.
Called initialize()
Called initialize()
Called prefire()
Called fire()
-- Starting thread.
Called initialize()
Called prefire()
Called fire()
Called prefire()
Called fire()
-- Starting thread.
Called initialize()
Called prefire()
Called fire()
There are 0 Blocked actors, 0 Stopped actors, and 4 active threads.
Waiting for actors to stop.
Called postfire()
Called prefire()
Called fire()
Called postfire()
Called prefire()
Called fire()
Called postfire()
Called prefire()
Called fire()
Checking for deadlock:
There are 3 Blocked actors, 0 Stopped actors, and 4 active threads.
Waiting for actors to stop.
Read input token from inputA with value 0.0
Next port to read input from is inputB
Called postfire()
Called prefire()
Called fire()
Called postfire()
Called prefire()
Called fire()
Read input token from inputB with value 0.0
Sent output token with value 0.0
Next port to read input from is inputA
Called postfire()
Called prefire()
Called fire()
Read input token from inputA with value 1.0
Checking for deadlock:
There are 2 Blocked actors, 0 Stopped actors, and 4 active threads.
Waiting for actors to stop.
Called postfire()
Called prefire()
Called fire()
Checking for deadlock:
There are 2 Blocked actors, 0 Stopped actors, and 4 active threads.
Waiting for actors to stop.
Sent output token with value 0.0
Next port to read input from is inputB
Called postfire()
Called prefire()
Called fire()
Checking for deadlock:
There are 1 Blocked actors, 0 Stopped actors, and 4 active threads.
Waiting for actors to stop.
Called postfire()
Called prefire()
Called fire()
Checking for deadlock:
There are 2 Blocked actors, 0 Stopped actors, and 4 active threads.
Waiting for actors to stop.
-- Read input: 0.0, which is expected to match: 0.0
Read input token from inputB with value 1.5
Called prefire()
Called fire()
Checking for deadlock:
There are 3 Blocked actors, 0 Stopped actors, and 4 active threads.
Waiting for actors to stop.
-- Read input: 0.0, which is expected to match: 0.0
Called prefire()
Called fire()
Checking for deadlock:
Sent output token with value 1.0
Next port to read input from is inputA
Called postfire()
Called prefire()
Called fire()
There are 2 Blocked actors, 0 Stopped actors, and 4 active threads.
Waiting for actors to stop.
-- Read input: 1.0, which is expected to match: 1.0
Called prefire()
Called fire()
Checking for deadlock:
There are 2 Blocked actors, 0 Stopped actors, and 4 active threads.
Waiting for actors to stop.
Read input token from inputA with value 2.0
Called postfire()
Called prefire()
Called fire()
Checking for deadlock:
There are 2 Blocked actors, 0 Stopped actors, and 4 active threads.
Waiting for actors to stop.
-- Read input: 1.5, which is expected to match: 1.5
Called prefire()
Called fire()
Checking for deadlock:
There are 3 Blocked actors, 0 Stopped actors, and 4 active threads.
Waiting for actors to stop.
Sent output token with value 1.5
Next port to read input from is inputB
Called postfire()
Called prefire()
Called fire()
Read input token from inputB with value 3.0
Called postfire()
Called prefire()
Called fire()
Sent output token with value 2.0
Next port to read input from is inputA
Called postfire()
Called prefire()
Called fire()
Checking for deadlock:
There are 1 Blocked actors, 0 Stopped actors, and 4 active threads.
Waiting for actors to stop.
Read input token from inputA with value 3.0
Called postfire()
Called prefire()
Called fire()
-- Read input: 2.0, which is expected to match: 2.0
Called prefire()
Called fire()
Sent output token with value 3.0
Next port to read input from is inputB
Called postfire()
Called prefire()
Called fire()
Read input token from inputB with value 4.5
Checking for deadlock:
There are 2 Blocked actors, 0 Stopped actors, and 4 active threads.
Waiting for actors to stop.
-- Read input: 3.0, which is expected to match: 3.0
Called prefire()
Called postfire()
Checking for deadlock:
Called fire()
Called prefire()
Called fire()
There are 1 Blocked actors, 0 Stopped actors, and 4 active threads.
Waiting for actors to stop.
-- Read input: 3.0, which is expected to match: 3.0
Called prefire()
Called fire()
Checking for deadlock:
There are 3 Blocked actors, 0 Stopped actors, and 4 active threads.
Waiting for actors to stop.
Sent output token with value 3.0
Next port to read input from is inputA
Called postfire()
Called prefire()
Called fire()
Read input token from inputA with value 4.0
Called postfire()
Called prefire()
Called fire()
Checking for deadlock:
There are 2 Blocked actors, 0 Stopped actors, and 4 active threads.
Waiting for actors to stop.
Checking for deadlock:
There are 2 Blocked actors, 0 Stopped actors, and 4 active threads.
Waiting for actors to stop.
-- Read input: 4.0, which is expected to match: 4.0
Called prefire()
Called fire()
Past the end of training data. Read and discard all inputs.
Sent output token with value 4.0
Next port to read input from is inputA
Called postfire()
Called prefire()
Called fire()
Read input token from inputA with value 5.0
Sent output token with value 4.5
Next port to read input from is inputB
Called postfire()
Called prefire()
Called fire()
Read input token from inputB with value 6.0
Checking for deadlock:
There are 1 Blocked actors, 0 Stopped actors, and 4 active threads.
Waiting for actors to stop.
Called postfire()
Called postfire()
Called prefire()
Called fire()
Called prefire()
Called fire()
Past the end of training data. Read and discard all inputs.
Called prefire()
Called fire()
Checking for deadlock:
There are 3 Blocked actors, 0 Stopped actors, and 4 active threads.
Waiting for actors to stop.
Checking for deadlock:
There are 2 Blocked actors, 0 Stopped actors, and 4 active threads.
Waiting for actors to stop.
Called prefire()
Called fire()
Past the end of training data. Read and discard all inputs.
Checking for deadlock:
There are 3 Blocked actors, 0 Stopped actors, and 4 active threads.
Waiting for actors to stop.
Sent output token with value 5.0
Next port to read input from is inputA
Called postfire()
Called prefire()
Called fire()
Called postfire()
Called prefire()
Called fire()
Checking for deadlock:
There are 3 Blocked actors, 0 Stopped actors, and 4 active threads.
Waiting for actors to stop.
Read input token from inputA with value 6.0
Called prefire()
Called fire()
Past the end of training data. Read and discard all inputs.
Checking for deadlock:
There are 3 Blocked actors, 0 Stopped actors, and 4 active threads.
Waiting for actors to stop.
Sent output token with value 6.0
Next port to read input from is inputB
Called postfire()
Called prefire()
Called fire()
Checking for deadlock:
There are 2 Blocked actors, 0 Stopped actors, and 4 active threads.
Called postfire()
Waiting for actors to stop.
Called prefire()
Called fire()
Read input token from inputB with value 7.5
Checking for deadlock:
There are 3 Blocked actors, 0 Stopped actors, and 4 active threads.
Waiting for actors to stop.
Checking for deadlock:
There are 2 Blocked actors, 0 Stopped actors, and 4 active threads.
Waiting for actors to stop.
Called prefire()
Called fire()
Past the end of training data. Read and discard all inputs.
Checking for deadlock:
There are 3 Blocked actors, 0 Stopped actors, and 4 active threads.
Waiting for actors to stop.
Sent output token with value 6.0
Next port to read input from is inputA
Called postfire()
Called prefire()
Called fire()
Checking for deadlock:
There are 2 Blocked actors, 0 Stopped actors, and 4 active threads.
Waiting for actors to stop.
Called postfire()
Called prefire()
Called fire()
Checking for deadlock:
There are 3 Blocked actors, 0 Stopped actors, and 4 active threads.
Waiting for actors to stop.
Read input token from inputA with value 7.0
Checking for deadlock:
There are 2 Blocked actors, 0 Stopped actors, and 4 active threads.
Waiting for actors to stop.
Called prefire()
Called fire()
Past the end of training data. Read and discard all inputs.
Checking for deadlock:
There are 3 Blocked actors, 0 Stopped actors, and 4 active threads.
Waiting for actors to stop.
Sent output token with value 7.0
Next port to read input from is inputA
Called postfire()
Called prefire()
Called fire()
Checking for deadlock:
There are 2 Blocked actors, 0 Stopped actors, and 4 active threads.
Waiting for actors to stop.
-- Thread wrapup() called.
Called wrapup()
Thread .top.Ramp is exiting.
-- Thread stopped.
Checking for deadlock:
There are 2 Blocked actors, 0 Stopped actors, and 3 active threads.
Waiting for actors to stop.
Read input token from inputA with value 8.0
Called prefire()
Called fire()
Past the end of training data. Read and discard all inputs.
Checking for deadlock:
There are 2 Blocked actors, 0 Stopped actors, and 3 active threads.
Waiting for actors to stop.
Sent output token with value 7.5
Next port to read input from is inputB
Called postfire()
Called prefire()
Called fire()
Checking for deadlock:
There are 1 Blocked actors, 0 Stopped actors, and 3 active threads.
Waiting for actors to stop.
Read input token from inputB with value 9.0
Called postfire()
Called prefire()
Called fire()
Checking for deadlock:
Called prefire()
Called fire()
Past the end of training data. Read and discard all inputs.
There are 0 Blocked actors, 0 Stopped actors, and 3 active threads.
Waiting for actors to stop.
Checking for deadlock:
There are 1 Blocked actors, 0 Stopped actors, and 3 active threads.
Waiting for actors to stop.
Checking for deadlock:
There are 2 Blocked actors, 0 Stopped actors, and 3 active threads.
Waiting for actors to stop.
Sent output token with value 8.0
Next port to read input from is inputA
Called postfire()
Called prefire()
Called fire()
Read input token from inputA with value 9.0
Checking for deadlock:
There are 1 Blocked actors, 0 Stopped actors, and 3 active threads.
Waiting for actors to stop.
Called prefire()
Called fire()
Past the end of training data. Read and discard all inputs.
Checking for deadlock:
There are 2 Blocked actors, 0 Stopped actors, and 3 active threads.
Waiting for actors to stop.
Sent output token with value 9.0
Next port to read input from is inputB
Called postfire()
Called prefire()
Called fire()
Checking for deadlock:
There are 1 Blocked actors, 0 Stopped actors, and 3 active threads.
Waiting for actors to stop.
Called postfire()
Read input token from inputB with value 10.5
Called prefire()
Called fire()
Called prefire()
Called fire()
Past the end of training data. Read and discard all inputs.
Checking for deadlock:
There are 2 Blocked actors, 0 Stopped actors, and 3 active threads.
Waiting for actors to stop.
Sent output token with value 9.0
Next port to read input from is inputA
Called postfire()
Called prefire()
Called fire()
Checking for deadlock:
There are 3 Blocked actors, 0 Stopped actors, and 3 active threads.
Actors have stopped.
Checking for deadlock:
There are 3 Blocked actors, 0 Stopped actors, and 3 active threads.
Deadlock detected.
Resolving Deadlock
Checking for deadlock:
There are 3 Blocked actors, 0 Stopped actors, and 3 active threads.
Artificial Deadlock - increasing queue capacity.
increasing the capacity of receiver ptolemy.actor.TypedIOPort {.top.OrderedMerge.inputB} to 2
Director: Called postfire().
Called postfire().
_stopRequested = false
_stopFireRequested = false
Returning from postfire(): true
Called fire().
Checking for deadlock:
There are 2 Blocked actors, 0 Stopped actors, and 3 active threads.
Waiting for actors to stop.
-- Thread wrapup() called.
Called wrapup()
Thread .top.Ramp2 is exiting.
-- Thread stopped.
Checking for deadlock:
There are 2 Blocked actors, 0 Stopped actors, and 2 active threads.
Actors have stopped.
Checking for deadlock:
There are 2 Blocked actors, 0 Stopped actors, and 2 active threads.
Deadlock detected.
Resolving Deadlock
Checking for deadlock:
There are 2 Blocked actors, 0 Stopped actors, and 2 active threads.
Deadlock detected: no processes blocked on write, but some are blocked on read.
Called postfire().
_stopRequested = false
_stopFireRequested = false
Returning from postfire(): false
Finished deactivating branches.
Called wrapup().
-- Thread wrapup() called.
Called wrapup()
Thread .top.OrderedMerge is exiting.
-- Thread stopped.
-- Blocked Receiver call threw TerminateProcessException.
-- Thread wrapup() called.
Called wrapup()
Thread .top.Test is exiting.
-- Thread stopped.
-- Blocked Receiver call threw TerminateProcessException.
84 ms. Memory: 129024K Free: 91361K (71%)
.top. Preinitializing ...
Invoking preinitialize():  .top.OrderedMerge
Called preinitialize()
Invoking preinitialize():  .top.Ramp
Called preinitialize()
Invoking preinitialize():  .top.Ramp2
Called preinitialize()
Invoking preinitialize():  .top.Test
Called preinitialize()
.top. Finished preinitialize().
Called initialize().
Invoking initialize():  .top.OrderedMerge
Initializing actor: .top.OrderedMerge
Adding a thread: .top.OrderedMerge
Invoking initialize():  .top.Ramp
Initializing actor: .top.Ramp
Adding a thread: .top.Ramp
Invoking initialize():  .top.Ramp2
Initializing actor: .top.Ramp2
Adding a thread: .top.Ramp2
Invoking initialize():  .top.Test
Initializing actor: .top.Test
Adding a thread: .top.Test
-- Starting thread.
Called initialize()
Called prefire()
Called fire()
-- Starting thread.
Called initialize()
Called prefire()
Called fire()
Called postfire()
Called prefire()
Called fire()
-- Starting thread.
Called initialize()
Called prefire()
Called fire()
Called postfire()
Called prefire()
Called fire()
Called fire().
Checking for deadlock:
There are 3 Blocked actors, 0 Stopped actors, and 4 active threads.
Waiting for actors to stop.
-- Starting thread.
Called initialize()
Called prefire()
Called fire()
Checking for deadlock:
There are 2 Blocked actors, 0 Stopped actors, and 4 active threads.
Waiting for actors to stop.
Called postfire()
Called prefire()
Called fire()
Checking for deadlock:
There are 3 Blocked actors, 0 Stopped actors, and 4 active threads.
Waiting for actors to stop.
Read input token from inputA with value 0.0
Next port to read input from is inputB
Called postfire()
Called prefire()
Called fire()
Called postfire()
Called prefire()
Called fire()
Checking for deadlock:
There are 3 Blocked actors, 0 Stopped actors, and 4 active threads.
Waiting for actors to stop.
Read input token from inputB with value 0.0
Checking for deadlock:
There are 2 Blocked actors, 0 Stopped actors, and 4 active threads.
Waiting for actors to stop.
-- Read input: 0.0, which is expected to match: 0.0
Called prefire()
Called fire()
Checking for deadlock:
There are 3 Blocked actors, 0 Stopped actors, and 4 active threads.
Waiting for actors to stop.
Sent output token with value 0.0
Next port to read input from is inputA
Called postfire()
Called prefire()
Called fire()
Checking for deadlock:
There are 2 Blocked actors, 0 Stopped actors, and 4 active threads.
Waiting for actors to stop.
Called postfire()
Called prefire()
Called fire()
Checking for deadlock:
There are 3 Blocked actors, 0 Stopped actors, and 4 active threads.
Waiting for actors to stop.
Read input token from inputA with value 1.0
Checking for deadlock:
There are 2 Blocked actors, 0 Stopped actors, and 4 active threads.
Waiting for actors to stop.
-- Read input: 0.0, which is expected to match: 0.0
Called prefire()
Called fire()
Checking for deadlock:
There are 3 Blocked actors, 0 Stopped actors, and 4 active threads.
Waiting for actors to stop.
Sent output token with value 0.0
Next port to read input from is inputB
Called postfire()
Called prefire()
Called fire()
Called postfire()
Called prefire()
Called fire()
Checking for deadlock:
There are 3 Blocked actors, 0 Stopped actors, and 4 active threads.
Waiting for actors to stop.
Read input token from inputB with value 1.5
-- Read input: 1.0, which is expected to match: 1.0
Called prefire()
Called fire()
Checking for deadlock:
There are 3 Blocked actors, 0 Stopped actors, and 4 active threads.
Waiting for actors to stop.
Sent output token with value 1.0
Next port to read input from is inputA
Called postfire()
Called prefire()
Called fire()
Checking for deadlock:
There are 2 Blocked actors, 0 Stopped actors, and 4 active threads.
Waiting for actors to stop.
Called postfire()
Called prefire()
Called fire()
Checking for deadlock:
There are 3 Blocked actors, 0 Stopped actors, and 4 active threads.
Waiting for actors to stop.
Read input token from inputA with value 2.0
Checking for deadlock:
There are 2 Blocked actors, 0 Stopped actors, and 4 active threads.
Waiting for actors to stop.
-- Read input: 1.5, which is expected to match: 1.5
Called prefire()
Called fire()
Checking for deadlock:
There are 3 Blocked actors, 0 Stopped actors, and 4 active threads.
Waiting for actors to stop.
Sent output token with value 1.5
Next port to read input from is inputB
Called postfire()
Called prefire()
Called fire()
Checking for deadlock:
There are 2 Blocked actors, 0 Stopped actors, and 4 active threads.
Waiting for actors to stop.
Called postfire()
Called prefire()
Called fire()
Checking for deadlock:
There are 3 Blocked actors, 0 Stopped actors, and 4 active threads.
Waiting for actors to stop.
Read input token from inputB with value 3.0
Checking for deadlock:
There are 2 Blocked actors, 0 Stopped actors, and 4 active threads.
Waiting for actors to stop.
-- Read input: 2.0, which is expected to match: 2.0
Called prefire()
Called fire()
Checking for deadlock:
There are 3 Blocked actors, 0 Stopped actors, and 4 active threads.
Waiting for actors to stop.
Sent output token with value 2.0
Next port to read input from is inputA
Called postfire()
Called prefire()
Called fire()
Checking for deadlock:
There are 2 Blocked actors, 0 Stopped actors, and 4 active threads.
Waiting for actors to stop.
Called postfire()
Called prefire()
Called fire()
Checking for deadlock:
There are 3 Blocked actors, 0 Stopped actors, and 4 active threads.
Waiting for actors to stop.
Read input token from inputA with value 3.0
Checking for deadlock:
There are 2 Blocked actors, 0 Stopped actors, and 4 active threads.
Waiting for actors to stop.
-- Read input: 3.0, which is expected to match: 3.0
Called prefire()
Called fire()
Checking for deadlock:
There are 3 Blocked actors, 0 Stopped actors, and 4 active threads.
Waiting for actors to stop.
Sent output token with value 3.0
Next port to read input from is inputB
Called postfire()
Called prefire()
Called fire()
Called postfire()
Called prefire()
Called fire()
Checking for deadlock:
There are 3 Blocked actors, 0 Stopped actors, and 4 active threads.
Waiting for actors to stop.
Read input token from inputB with value 4.5
-- Read input: 3.0, which is expected to match: 3.0
Called prefire()
Called fire()
Checking for deadlock:
There are 3 Blocked actors, 0 Stopped actors, and 4 active threads.
Waiting for actors to stop.
Sent output token with value 3.0
Next port to read input from is inputA
Called postfire()
Called prefire()
Called fire()
Checking for deadlock:
There are 2 Blocked actors, 0 Stopped actors, and 4 active threads.
Waiting for actors to stop.
Called postfire()
Called prefire()
Called fire()
Checking for deadlock:
There are 3 Blocked actors, 0 Stopped actors, and 4 active threads.
Waiting for actors to stop.
Read input token from inputA with value 4.0
Checking for deadlock:
There are 2 Blocked actors, 0 Stopped actors, and 4 active threads.
Waiting for actors to stop.
-- Read input: 4.0, which is expected to match: 4.0
Called prefire()
Called fire()
Past the end of training data. Read and discard all inputs.
Checking for deadlock:
There are 3 Blocked actors, 0 Stopped actors, and 4 active threads.
Waiting for actors to stop.
Sent output token with value 4.0
Next port to read input from is inputA
Called postfire()
Called prefire()
Called fire()
Checking for deadlock:
There are 2 Blocked actors, 0 Stopped actors, and 4 active threads.
Waiting for actors to stop.
Called postfire()
Called prefire()
Called fire()
Checking for deadlock:
There are 3 Blocked actors, 0 Stopped actors, and 4 active threads.
Waiting for actors to stop.
Read input token from inputA with value 5.0
Checking for deadlock:
There are 2 Blocked actors, 0 Stopped actors, and 4 active threads.
Waiting for actors to stop.
Called prefire()
Called fire()
Past the end of training data. Read and discard all inputs.
Checking for deadlock:
There are 3 Blocked actors, 0 Stopped actors, and 4 active threads.
Waiting for actors to stop.
Sent output token with value 4.5
Next port to read input from is inputB
Called postfire()
Called prefire()
Called fire()
Called postfire()
Called prefire()
Called fire()
Checking for deadlock:
There are 3 Blocked actors, 0 Stopped actors, and 4 active threads.
Waiting for actors to stop.
Read input token from inputB with value 6.0
Called prefire()
Called fire()
Past the end of training data. Read and discard all inputs.
Checking for deadlock:
There are 3 Blocked actors, 0 Stopped actors, and 4 active threads.
Waiting for actors to stop.
Sent output token with value 5.0
Next port to read input from is inputA
Called postfire()
Called prefire()
Called fire()
Checking for deadlock:
There are 2 Blocked actors, 0 Stopped actors, and 4 active threads.
Waiting for actors to stop.
Called postfire()
Called prefire()
Called fire()
Checking for deadlock:
There are 3 Blocked actors, 0 Stopped actors, and 4 active threads.
Waiting for actors to stop.
Read input token from inputA with value 6.0
Checking for deadlock:
There are 2 Blocked actors, 0 Stopped actors, and 4 active threads.
Waiting for actors to stop.
Called prefire()
Called fire()
Past the end of training data. Read and discard all inputs.
Checking for deadlock:
There are 3 Blocked actors, 0 Stopped actors, and 4 active threads.
Waiting for actors to stop.
Sent output token with value 6.0
Next port to read input from is inputB
Called postfire()
Called prefire()
Called fire()
Checking for deadlock:
There are 2 Blocked actors, 0 Stopped actors, and 4 active threads.
Waiting for actors to stop.
Called postfire()
Called prefire()
Called fire()
Checking for deadlock:
There are 3 Blocked actors, 0 Stopped actors, and 4 active threads.
Waiting for actors to stop.
Read input token from inputB with value 7.5
Checking for deadlock:
There are 2 Blocked actors, 0 Stopped actors, and 4 active threads.
Waiting for actors to stop.
Called prefire()
Called fire()
Past the end of training data. Read and discard all inputs.
Checking for deadlock:
There are 3 Blocked actors, 0 Stopped actors, and 4 active threads.
Waiting for actors to stop.
Sent output token with value 6.0
Next port to read input from is inputA
Called postfire()
Called prefire()
Called fire()
Checking for deadlock:
There are 2 Blocked actors, 0 Stopped actors, and 4 active threads.
Waiting for actors to stop.
Called postfire()
Called prefire()
Called fire()
Checking for deadlock:
There are 3 Blocked actors, 0 Stopped actors, and 4 active threads.
Waiting for actors to stop.
Read input token from inputA with value 7.0
Checking for deadlock:
There are 2 Blocked actors, 0 Stopped actors, and 4 active threads.
Waiting for actors to stop.
Called prefire()
Called fire()
Past the end of training data. Read and discard all inputs.
Checking for deadlock:
There are 3 Blocked actors, 0 Stopped actors, and 4 active threads.
Waiting for actors to stop.
Sent output token with value 7.0
Next port to read input from is inputA
Called postfire()
Called prefire()
Called fire()
Checking for deadlock:
There are 2 Blocked actors, 0 Stopped actors, and 4 active threads.
Waiting for actors to stop.
-- Thread wrapup() called.
Called wrapup()
Thread .top.Ramp is exiting.
Checking for deadlock:
There are 2 Blocked actors, 0 Stopped actors, and 3 active threads.
Waiting for actors to stop.
-- Thread stopped.
Read input token from inputA with value 8.0
Called prefire()
Called fire()
Past the end of training data. Read and discard all inputs.
Checking for deadlock:
There are 2 Blocked actors, 0 Stopped actors, and 3 active threads.
Waiting for actors to stop.
Sent output token with value 7.5
Next port to read input from is inputB
Called postfire()
Called prefire()
Called fire()
Checking for deadlock:
There are 1 Blocked actors, 0 Stopped actors, and 3 active threads.
Waiting for actors to stop.
Called postfire()
Called prefire()
Called fire()
Checking for deadlock:
There are 2 Blocked actors, 0 Stopped actors, and 3 active threads.
Waiting for actors to stop.
Read input token from inputB with value 9.0
Checking for deadlock:
There are 1 Blocked actors, 0 Stopped actors, and 3 active threads.
Waiting for actors to stop.
Called prefire()
Called fire()
Past the end of training data. Read and discard all inputs.
Checking for deadlock:
There are 2 Blocked actors, 0 Stopped actors, and 3 active threads.
Waiting for actors to stop.
Sent output token with value 8.0
Next port to read input from is inputA
Called postfire()
Called prefire()
Called fire()
Read input token from inputA with value 9.0
Called prefire()
Called fire()
Past the end of training data. Read and discard all inputs.
Checking for deadlock:
There are 2 Blocked actors, 0 Stopped actors, and 3 active threads.
Waiting for actors to stop.
Sent output token with value 9.0
Next port to read input from is inputB
Called postfire()
Called prefire()
Called fire()
Called postfire()
Called prefire()
Called fire()
Checking for deadlock:
There are 2 Blocked actors, 0 Stopped actors, and 3 active threads.
Waiting for actors to stop.
Read input token from inputB with value 10.5
Called prefire()
Called fire()
Past the end of training data. Read and discard all inputs.
Checking for deadlock:
There are 2 Blocked actors, 0 Stopped actors, and 3 active threads.
Waiting for actors to stop.
Sent output token with value 9.0
Next port to read input from is inputA
Called postfire()
Called prefire()
Called fire()
Checking for deadlock:
There are 3 Blocked actors, 0 Stopped actors, and 3 active threads.
Actors have stopped.
Checking for deadlock:
There are 3 Blocked actors, 0 Stopped actors, and 3 active threads.
Deadlock detected.
Resolving Deadlock
Checking for deadlock:
There are 3 Blocked actors, 0 Stopped actors, and 3 active threads.
Artificial Deadlock - increasing queue capacity.
increasing the capacity of receiver ptolemy.actor.TypedIOPort {.top.OrderedMerge.inputB} to 2
Director: Called postfire().
Called postfire().
_stopRequested = false
_stopFireRequested = false
Returning from postfire(): true
Called fire().
Checking for deadlock:
There are 2 Blocked actors, 0 Stopped actors, and 3 active threads.
Waiting for actors to stop.
-- Thread wrapup() called.
Called wrapup()
Thread .top.Ramp2 is exiting.
-- Thread stopped.
Checking for deadlock:
There are 2 Blocked actors, 0 Stopped actors, and 2 active threads.
Actors have stopped.
Checking for deadlock:
There are 2 Blocked actors, 0 Stopped actors, and 2 active threads.
Deadlock detected.
Resolving Deadlock
Checking for deadlock:
There are 2 Blocked actors, 0 Stopped actors, and 2 active threads.
Deadlock detected: no processes blocked on write, but some are blocked on read.
Called postfire().
_stopRequested = false
_stopFireRequested = false
Returning from postfire(): false
Finished deactivating branches.
Called wrapup().
-- Thread wrapup() called.
Called wrapup()
-- Thread wrapup() called.
Called wrapup()
Thread .top.Test is exiting.
-- Thread stopped.
-- Blocked Receiver call threw TerminateProcessException.
Thread .top.OrderedMerge is exiting.
-- Thread stopped.
-- Blocked Receiver call threw TerminateProcessException.
36 ms. Memory: 129024K Free: 88799K (69%)
/home/travis/build/icyphy/ptII/ptolemy/actor/lib/test/Publisher.tcl
9 ms. Memory: 129024K Free: 82655K (64%)
4 ms. Memory: 129024K Free: 77529K (60%)
11 ms. Memory: 129024K Free: 73425K (57%)
3 ms. Memory: 129024K Free: 72929K (57%)
10 ms. Memory: 129024K Free: 71905K (56%)
12 ms. Memory: 129024K Free: 70881K (55%)
2 ms. Memory: 129024K Free: 70353K (55%)
3 ms. Memory: 129024K Free: 69343K (54%)
21 ms. Memory: 129024K Free: 59617K (46%)
5 ms. Memory: 129024K Free: 108745K (84%)
1 ms. Memory: 129024K Free: 108200K (84%)
4 ms. Memory: 129024K Free: 105673K (82%)
6 ms. Memory: 129024K Free: 98505K (76%)
5 ms. Memory: 129024K Free: 88775K (69%)
14 ms. Memory: 129024K Free: 77511K (60%)
/home/travis/build/icyphy/ptII/ptolemy/actor/lib/test/Pulse.tcl
2 ms. Memory: 129024K Free: 101616K (79%)
1 ms. Memory: 129024K Free: 101088K (78%)
1 ms. Memory: 129024K Free: 100592K (78%)
1 ms. Memory: 129024K Free: 100048K (78%)
1 ms. Memory: 129024K Free: 99568K (77%)
9 ms. Memory: 129024K Free: 98030K (76%)
7 ms. Memory: 129024K Free: 97518K (76%)
3 ms. Memory: 129024K Free: 96496K (75%)
1 ms. Memory: 129024K Free: 95982K (74%)
/home/travis/build/icyphy/ptII/ptolemy/actor/lib/test/Ramp.tcl
8 ms. Memory: 129024K Free: 93920K (73%)
4 ms. Memory: 129024K Free: 93424K (72%)
2 ms. Memory: 129024K Free: 92400K (72%)
2 ms. Memory: 129024K Free: 91886K (71%)
6 ms. Memory: 129024K Free: 90862K (70%)
7 ms. Memory: 129024K Free: 89824K (70%)
7 ms. Memory: 129024K Free: 88814K (69%)
5 actors
5000 microseconds per iteration to create
10 ms. Memory: 129024K Free: 86256K (67%)
2 ms. Memory: 129024K Free: 85728K (66%)
3 ms. Memory: 129024K Free: 85232K (66%)
7 ms. Memory: 129024K Free: 84704K (66%)
50 actors
43000 microseconds per iteration to create
45 ms. Memory: 129024K Free: 68848K (53%)
7 ms. Memory: 129024K Free: 67824K (53%)
8 ms. Memory: 129024K Free: 66800K (52%)
9 ms. Memory: 129024K Free: 65776K (51%)
500 actors
1457000 microseconds per iteration to create
213 ms. Memory: 155648K Free: 67432K (43%)
38 ms. Memory: 155648K Free: 62312K (40%)
59 ms. Memory: 155648K Free: 130433K (84%)
33 ms. Memory: 155648K Free: 124803K (80%)
/home/travis/build/icyphy/ptII/ptolemy/actor/lib/test/RampContinuous.tcl
7 ms. Memory: 155648K Free: 123265K (79%)
/home/travis/build/icyphy/ptII/ptolemy/actor/lib/test/RecordAssembler.tcl
5 ms. Memory: 155648K Free: 121731K (78%)
3 ms. Memory: 155648K Free: 121203K (78%)
/home/travis/build/icyphy/ptII/ptolemy/actor/lib/test/RecordDisassembler.tcl
6 ms. Memory: 155648K Free: 119139K (77%)
3 ms. Memory: 155648K Free: 118659K (76%)
3 ms. Memory: 155648K Free: 117115K (75%)
/home/travis/build/icyphy/ptII/ptolemy/actor/lib/test/Scale.tcl
3 ms. Memory: 155648K Free: 115587K (74%)
1 ms. Memory: 155648K Free: 114563K (74%)
1 ms. Memory: 155648K Free: 114035K (73%)
2 ms. Memory: 155648K Free: 113025K (73%)
3 ms. Memory: 155648K Free: 112001K (72%)
/home/travis/build/icyphy/ptII/ptolemy/actor/lib/test/SequentialClock.tcl
preinitializing
resolving types
initializing
executing number 1
wrapping up
idle
2 ms. Memory: 155648K Free: 110977K (71%)
Completed execution with 5 iterations
preinitializing
resolving types
initializing
executing number 1
wrapping up
idle
1 ms. Memory: 155648K Free: 110467K (71%)
Completed execution with 5 iterations
preinitializing
resolving types
initializing
executing number 1
wrapping up
idle
2 ms. Memory: 155648K Free: 109939K (71%)
Completed execution with 5 iterations
/home/travis/build/icyphy/ptII/ptolemy/actor/lib/test/SetVariable.tcl
3 ms. Memory: 155648K Free: 107891K (69%)
/home/travis/build/icyphy/ptII/ptolemy/actor/lib/test/Sinewave.tcl
/home/travis/build/icyphy/ptII/ptolemy/actor/lib/test/SubscriptionAggregator.tcl
14 ms. Memory: 155648K Free: 96641K (62%)
3 ms. Memory: 155648K Free: 96131K (62%)
1 ms. Memory: 155648K Free: 95617K (61%)
1 ms. Memory: 155648K Free: 95107K (61%)
2 ms. Memory: 155648K Free: 91507K (59%)
10 ms. Memory: 155648K Free: 89473K (57%)
...............................................................891 ms. Memory: 199680K Free: 81402K (41%)
/home/travis/build/icyphy/ptII/ptolemy/actor/lib/test/Test.tcl
 The next command will produce a warning about training mode,
   which may be ignored.
4 ms. Memory: 199680K Free: 79351K (40%)
12 ms. Memory: 199680K Free: 78319K (39%)
1 ms. Memory: 199680K Free: 77824K (39%)
1 ms. Memory: 199680K Free: 77295K (39%)
1 ms. Memory: 199680K Free: 76286K (38%)
11 ms. Memory: 199680K Free: 75231K (38%)
3 ms. Memory: 199680K Free: 74223K (37%)
 The next command will produce a warning about training mode,
   which may be ignored.
3 ms. Memory: 199680K Free: 71680K (36%)
 The next command will produce a warning about training mode,
   which may be ignored.
2 ms. Memory: 199680K Free: 70656K (35%)
1 ms. Memory: 199680K Free: 70127K (35%)
1 ms. Memory: 199680K Free: 69632K (35%)
1 ms. Memory: 199680K Free: 69118K (35%)
6 ms. Memory: 199680K Free: 68094K (34%)
3 ms. Memory: 199680K Free: 63983K (32%)
/home/travis/build/icyphy/ptII/ptolemy/actor/lib/test/TestExceptionHandler.tcl
 The next command will produce a warning about training mode,
   which may be ignored.
2 ms. Memory: 199680K Free: 62959K (32%)
1 ms. Memory: 199680K Free: 62464K (31%)
0 ms. Memory: 199680K Free: 61950K (31%)
/home/travis/build/icyphy/ptII/ptolemy/actor/lib/test/UnionDisassembler.tcl
66 ms. Memory: 280576K Free: 234225K (83%)
/home/travis/build/icyphy/ptII/ptolemy/actor/lib/test/VariableClock.tcl
preinitializing
resolving types
initializing
executing number 1
wrapping up
idle
4 ms. Memory: 280576K Free: 232180K (83%)
Completed execution with 11 iterations
preinitializing
resolving types
initializing
executing number 1
wrapping up
idle
4 ms. Memory: 280576K Free: 230660K (82%)
Completed execution with 10 iterations
09/02/20 03:41:25
Failed: 0  Total Tests: 233  ((Passed: 233, Newly Passed: 0)  Known Failed: 0) /home/travis/build/icyphy/ptII/ptolemy/actor/lib/test
----------------- testing (KnownFailure) /home/travis/build/icyphy/ptII/ptolemy/actor/lib/test/auto/knownFailedTests/PublisherPortToplevelSubscriber.xml
1 ms. Memory: 280576K Free: 227588K (81%)
Known Failure: java.lang.reflect.InvocationTargetException
----------------- testing (KnownFailure) /home/travis/build/icyphy/ptII/ptolemy/actor/lib/test/auto/knownFailedTests/PublisherSubscriberPortToplevel.xml
1 ms. Memory: 280576K Free: 223492K (80%)
Known Failure: java.lang.reflect.InvocationTargetException
----------------- testing (KnownFailure) /home/travis/build/icyphy/ptII/ptolemy/actor/lib/test/auto/knownFailedTests/PublisherSubscriptionAggregatorPort.xml
1 ms. Memory: 280576K Free: 218882K (78%)
Known Failure: java.lang.reflect.InvocationTargetException
----------------- testing (KnownFailure) /home/travis/build/icyphy/ptII/ptolemy/actor/lib/test/auto/knownFailedTests/sizedarray3.xml
4 ms. Memory: 280576K Free: 214786K (77%)
Known Failure: java.lang.reflect.InvocationTargetException
No auto/linux-amd64/*.xml tests in /home/travis/build/icyphy/ptII/ptolemy/actor/lib/test
AutoTests.java: About to close Vertx.
AutoTests.java: Vertx closed.

===========================================================================================
----------------- testing Wed Sep 02 15:41:26 UTC 2020 /home/travis/build/icyphy/ptII/ptolemy/actor/lib/test/auto/AbsoluteValue.xml
----------------- Instantiating /home/travis/build/icyphy/ptII/ptolemy/actor/lib/test/auto/AbsoluteValue.xml
10 ms. Memory: 280576K Free: 191748K (68%)
----------------- Invoking toplevel() on ptolemy.moml.MoMLSimpleApplication@53f6e0a
----------------- Done invoking toplevel() on ptolemy.moml.MoMLSimpleApplication@53f6e0a
reloadAllAccessors: .AbsoluteValue

===========================================================================================
----------------- testing Wed Sep 02 15:41:26 UTC 2020 /home/travis/build/icyphy/ptII/ptolemy/actor/lib/test/auto/AbsoluteValue2.xml
----------------- Instantiating /home/travis/build/icyphy/ptII/ptolemy/actor/lib/test/auto/AbsoluteValue2.xml
5 ms. Memory: 280576K Free: 185090K (66%)
----------------- Invoking toplevel() on ptolemy.moml.MoMLSimpleApplication@ebb691c
----------------- Done invoking toplevel() on ptolemy.moml.MoMLSimpleApplication@ebb691c
reloadAllAccessors: .AbsoluteValue2

===========================================================================================
----------------- testing Wed Sep 02 15:41:26 UTC 2020 /home/travis/build/icyphy/ptII/ptolemy/actor/lib/test/auto/Accumulator.xml
----------------- Instantiating /home/travis/build/icyphy/ptII/ptolemy/actor/lib/test/auto/Accumulator.xml
7 ms. Memory: 280576K Free: 178436K (64%)
----------------- Invoking toplevel() on ptolemy.moml.MoMLSimpleApplication@65439f0b
----------------- Done invoking toplevel() on ptolemy.moml.MoMLSimpleApplication@65439f0b
reloadAllAccessors: .Accumulator

===========================================================================================
----------------- testing Wed Sep 02 15:41:26 UTC 2020 /home/travis/build/icyphy/ptII/ptolemy/actor/lib/test/auto/Accumulator2.xml
----------------- Instantiating /home/travis/build/icyphy/ptII/ptolemy/actor/lib/test/auto/Accumulator2.xml
14 ms. Memory: 280576K Free: 173316K (62%)
----------------- Invoking toplevel() on ptolemy.moml.MoMLSimpleApplication@4175dec0
----------------- Done invoking toplevel() on ptolemy.moml.MoMLSimpleApplication@4175dec0
reloadAllAccessors: .Accumulator2

===========================================================================================
----------------- testing Wed Sep 02 15:41:26 UTC 2020 /home/travis/build/icyphy/ptII/ptolemy/actor/lib/test/auto/Accumulator3.xml
----------------- Instantiating /home/travis/build/icyphy/ptII/ptolemy/actor/lib/test/auto/Accumulator3.xml
2 ms. Memory: 280576K Free: 168706K (60%)
----------------- Invoking toplevel() on ptolemy.moml.MoMLSimpleApplication@7a4daa36
----------------- Done invoking toplevel() on ptolemy.moml.MoMLSimpleApplication@7a4daa36
reloadAllAccessors: .Accumulator3

===========================================================================================
----------------- testing Wed Sep 02 15:41:26 UTC 2020 /home/travis/build/icyphy/ptII/ptolemy/actor/lib/test/auto/ArrayAppend.xml
----------------- Instantiating /home/travis/build/icyphy/ptII/ptolemy/actor/lib/test/auto/ArrayAppend.xml
13 ms. Memory: 280576K Free: 163076K (58%)
----------------- Invoking toplevel() on ptolemy.moml.MoMLSimpleApplication@3a06e76b
----------------- Done invoking toplevel() on ptolemy.moml.MoMLSimpleApplication@3a06e76b
reloadAllAccessors: .ArrayAppend

===========================================================================================
----------------- testing Wed Sep 02 15:41:26 UTC 2020 /home/travis/build/icyphy/ptII/ptolemy/actor/lib/test/auto/ArrayAppend2.xml
----------------- Instantiating /home/travis/build/icyphy/ptII/ptolemy/actor/lib/test/auto/ArrayAppend2.xml
438 ms. Memory: 280576K Free: 216692K (77%)
----------------- Invoking toplevel() on ptolemy.moml.MoMLSimpleApplication@676590ef
----------------- Done invoking toplevel() on ptolemy.moml.MoMLSimpleApplication@676590ef
reloadAllAccessors: .ArrayAppend2

===========================================================================================
----------------- testing Wed Sep 02 15:41:27 UTC 2020 /home/travis/build/icyphy/ptII/ptolemy/actor/lib/test/auto/ArrayAppend3.xml
----------------- Instantiating /home/travis/build/icyphy/ptII/ptolemy/actor/lib/test/auto/ArrayAppend3.xml
4 ms. Memory: 280576K Free: 210548K (75%)
----------------- Invoking toplevel() on ptolemy.moml.MoMLSimpleApplication@11b0ca9f
----------------- Done invoking toplevel() on ptolemy.moml.MoMLSimpleApplication@11b0ca9f
reloadAllAccessors: .ArrayAppend3

===========================================================================================
----------------- testing Wed Sep 02 15:41:27 UTC 2020 /home/travis/build/icyphy/ptII/ptolemy/actor/lib/test/auto/ArrayAppend4.xml
----------------- Instantiating /home/travis/build/icyphy/ptII/ptolemy/actor/lib/test/auto/ArrayAppend4.xml
2 ms. Memory: 280576K Free: 205428K (73%)
----------------- Invoking toplevel() on ptolemy.moml.MoMLSimpleApplication@50fadc9d
----------------- Done invoking toplevel() on ptolemy.moml.MoMLSimpleApplication@50fadc9d
reloadAllAccessors: .ArrayAppend4

===========================================================================================
----------------- testing Wed Sep 02 15:41:27 UTC 2020 /home/travis/build/icyphy/ptII/ptolemy/actor/lib/test/auto/ArrayAppend5.xml
----------------- Instantiating /home/travis/build/icyphy/ptII/ptolemy/actor/lib/test/auto/ArrayAppend5.xml
2 ms. Memory: 280576K Free: 200308K (71%)
----------------- Invoking toplevel() on ptolemy.moml.MoMLSimpleApplication@4322b3dc
----------------- Done invoking toplevel() on ptolemy.moml.MoMLSimpleApplication@4322b3dc
reloadAllAccessors: .ArrayAppend5

===========================================================================================
----------------- testing Wed Sep 02 15:41:27 UTC 2020 /home/travis/build/icyphy/ptII/ptolemy/actor/lib/test/auto/ArrayAppend6.xml
----------------- Instantiating /home/travis/build/icyphy/ptII/ptolemy/actor/lib/test/auto/ArrayAppend6.xml
5 ms. Memory: 280576K Free: 194678K (69%)
----------------- Invoking toplevel() on ptolemy.moml.MoMLSimpleApplication@383dbc6b
----------------- Done invoking toplevel() on ptolemy.moml.MoMLSimpleApplication@383dbc6b
reloadAllAccessors: .ArrayAppend6

===========================================================================================
----------------- testing Wed Sep 02 15:41:27 UTC 2020 /home/travis/build/icyphy/ptII/ptolemy/actor/lib/test/auto/ArrayAppendPerformanceTest.xml
----------------- Instantiating /home/travis/build/icyphy/ptII/ptolemy/actor/lib/test/auto/ArrayAppendPerformanceTest.xml
42 ms. Memory: 280576K Free: 183414K (65%)
----------------- Invoking toplevel() on ptolemy.moml.MoMLSimpleApplication@71a8cc
----------------- Done invoking toplevel() on ptolemy.moml.MoMLSimpleApplication@71a8cc
reloadAllAccessors: .ArrayAppendPerformanceTest

===========================================================================================
----------------- testing Wed Sep 02 15:41:27 UTC 2020 /home/travis/build/icyphy/ptII/ptolemy/actor/lib/test/auto/ArrayAppendWithEmptyInput.xml
----------------- Instantiating /home/travis/build/icyphy/ptII/ptolemy/actor/lib/test/auto/ArrayAppendWithEmptyInput.xml
15 ms. Memory: 280576K Free: 175222K (62%)
----------------- Invoking toplevel() on ptolemy.moml.MoMLSimpleApplication@de41323
----------------- Done invoking toplevel() on ptolemy.moml.MoMLSimpleApplication@de41323
reloadAllAccessors: .ArrayAppendWithEmptyInput

===========================================================================================
----------------- testing Wed Sep 02 15:41:27 UTC 2020 /home/travis/build/icyphy/ptII/ptolemy/actor/lib/test/auto/ArrayAverage.xml
----------------- Instantiating /home/travis/build/icyphy/ptII/ptolemy/actor/lib/test/auto/ArrayAverage.xml
14 ms. Memory: 280576K Free: 168054K (60%)
----------------- Invoking toplevel() on ptolemy.moml.MoMLSimpleApplication@61648b5f
----------------- Done invoking toplevel() on ptolemy.moml.MoMLSimpleApplication@61648b5f
reloadAllAccessors: .ArrayAverage

===========================================================================================
----------------- testing Wed Sep 02 15:41:27 UTC 2020 /home/travis/build/icyphy/ptII/ptolemy/actor/lib/test/auto/ArrayContains.xml
----------------- Instantiating /home/travis/build/icyphy/ptII/ptolemy/actor/lib/test/auto/ArrayContains.xml
8 ms. Memory: 280576K Free: 161910K (58%)
----------------- Invoking toplevel() on ptolemy.moml.MoMLSimpleApplication@129de86e
----------------- Done invoking toplevel() on ptolemy.moml.MoMLSimpleApplication@129de86e
reloadAllAccessors: .ArrayContains

===========================================================================================
----------------- testing Wed Sep 02 15:41:27 UTC 2020 /home/travis/build/icyphy/ptII/ptolemy/actor/lib/test/auto/ArrayElement.xml
----------------- Instantiating /home/travis/build/icyphy/ptII/ptolemy/actor/lib/test/auto/ArrayElement.xml
14 ms. Memory: 280576K Free: 156276K (56%)
----------------- Invoking toplevel() on ptolemy.moml.MoMLSimpleApplication@59b7bbf5
----------------- Done invoking toplevel() on ptolemy.moml.MoMLSimpleApplication@59b7bbf5
reloadAllAccessors: .ArrayElement

===========================================================================================
----------------- testing Wed Sep 02 15:41:27 UTC 2020 /home/travis/build/icyphy/ptII/ptolemy/actor/lib/test/auto/ArrayElementAsMatrix.xml
----------------- Instantiating /home/travis/build/icyphy/ptII/ptolemy/actor/lib/test/auto/ArrayElementAsMatrix.xml
15 ms. Memory: 280576K Free: 146550K (52%)
----------------- Invoking toplevel() on ptolemy.moml.MoMLSimpleApplication@45dbec3c
----------------- Done invoking toplevel() on ptolemy.moml.MoMLSimpleApplication@45dbec3c
reloadAllAccessors: .ArrayElementAsMatrix

===========================================================================================
----------------- testing Wed Sep 02 15:41:27 UTC 2020 /home/travis/build/icyphy/ptII/ptolemy/actor/lib/test/auto/ArrayElementI.xml
----------------- Instantiating /home/travis/build/icyphy/ptII/ptolemy/actor/lib/test/auto/ArrayElementI.xml
3 ms. Memory: 280576K Free: 140916K (50%)
----------------- Invoking toplevel() on ptolemy.moml.MoMLSimpleApplication@7fd75706
----------------- Done invoking toplevel() on ptolemy.moml.MoMLSimpleApplication@7fd75706
reloadAllAccessors: .ArrayElementI

===========================================================================================
----------------- testing Wed Sep 02 15:41:27 UTC 2020 /home/travis/build/icyphy/ptII/ptolemy/actor/lib/test/auto/ArrayExtract.xml
----------------- Instantiating /home/travis/build/icyphy/ptII/ptolemy/actor/lib/test/auto/ArrayExtract.xml
12 ms. Memory: 280576K Free: 133238K (47%)
----------------- Invoking toplevel() on ptolemy.moml.MoMLSimpleApplication@68e68a41
----------------- Done invoking toplevel() on ptolemy.moml.MoMLSimpleApplication@68e68a41
reloadAllAccessors: .ArrayExtract

===========================================================================================
----------------- testing Wed Sep 02 15:41:27 UTC 2020 /home/travis/build/icyphy/ptII/ptolemy/actor/lib/test/auto/ArrayExtract2.xml
----------------- Instantiating /home/travis/build/icyphy/ptII/ptolemy/actor/lib/test/auto/ArrayExtract2.xml
2 ms. Memory: 280576K Free: 127589K (45%)
----------------- Invoking toplevel() on ptolemy.moml.MoMLSimpleApplication@4bdc4342
----------------- Done invoking toplevel() on ptolemy.moml.MoMLSimpleApplication@4bdc4342
reloadAllAccessors: .ArrayExtract2

===========================================================================================
----------------- testing Wed Sep 02 15:41:27 UTC 2020 /home/travis/build/icyphy/ptII/ptolemy/actor/lib/test/auto/ArrayLength.xml
----------------- Instantiating /home/travis/build/icyphy/ptII/ptolemy/actor/lib/test/auto/ArrayLength.xml
4 ms. Memory: 280576K Free: 124022K (44%)
----------------- Invoking toplevel() on ptolemy.moml.MoMLSimpleApplication@32d26c0f
----------------- Done invoking toplevel() on ptolemy.moml.MoMLSimpleApplication@32d26c0f
reloadAllAccessors: .ArrayLength

===========================================================================================
----------------- testing Wed Sep 02 15:41:27 UTC 2020 /home/travis/build/icyphy/ptII/ptolemy/actor/lib/test/auto/ArrayLevelCrossing.xml
----------------- Instantiating /home/travis/build/icyphy/ptII/ptolemy/actor/lib/test/auto/ArrayLevelCrossing.xml
4 ms. Memory: 280576K Free: 115316K (41%)
----------------- Invoking toplevel() on ptolemy.moml.MoMLSimpleApplication@136c6111
----------------- Done invoking toplevel() on ptolemy.moml.MoMLSimpleApplication@136c6111
reloadAllAccessors: .ArrayLevelCrossing

===========================================================================================
----------------- testing Wed Sep 02 15:41:27 UTC 2020 /home/travis/build/icyphy/ptII/ptolemy/actor/lib/test/auto/ArrayLevelCrossing2.xml
----------------- Instantiating /home/travis/build/icyphy/ptII/ptolemy/actor/lib/test/auto/ArrayLevelCrossing2.xml
3 ms. Memory: 280576K Free: 108133K (39%)
----------------- Invoking toplevel() on ptolemy.moml.MoMLSimpleApplication@19a6f49
----------------- Done invoking toplevel() on ptolemy.moml.MoMLSimpleApplication@19a6f49
reloadAllAccessors: .ArrayLevelCrossing2

===========================================================================================
----------------- testing Wed Sep 02 15:41:27 UTC 2020 /home/travis/build/icyphy/ptII/ptolemy/actor/lib/test/auto/ArrayPeakSearch.xml
----------------- Instantiating /home/travis/build/icyphy/ptII/ptolemy/actor/lib/test/auto/ArrayPeakSearch.xml
4 ms. Memory: 280576K Free: 98932K (35%)
----------------- Invoking toplevel() on ptolemy.moml.MoMLSimpleApplication@1b53357d
----------------- Done invoking toplevel() on ptolemy.moml.MoMLSimpleApplication@1b53357d
reloadAllAccessors: .ArrayPeakSearch

===========================================================================================
----------------- testing Wed Sep 02 15:41:27 UTC 2020 /home/travis/build/icyphy/ptII/ptolemy/actor/lib/test/auto/ArrayPeakSearch2.xml
----------------- Instantiating /home/travis/build/icyphy/ptII/ptolemy/actor/lib/test/auto/ArrayPeakSearch2.xml
4 ms. Memory: 280576K Free: 88685K (32%)
----------------- Invoking toplevel() on ptolemy.moml.MoMLSimpleApplication@4807b0ff
----------------- Done invoking toplevel() on ptolemy.moml.MoMLSimpleApplication@4807b0ff
reloadAllAccessors: .ArrayPeakSearch2

===========================================================================================
----------------- testing Wed Sep 02 15:41:27 UTC 2020 /home/travis/build/icyphy/ptII/ptolemy/actor/lib/test/auto/ArrayPeakSearch3.xml
----------------- Instantiating /home/travis/build/icyphy/ptII/ptolemy/actor/lib/test/auto/ArrayPeakSearch3.xml
8 ms. Memory: 280576K Free: 231028K (82%)
----------------- Invoking toplevel() on ptolemy.moml.MoMLSimpleApplication@584cfe2e
----------------- Done invoking toplevel() on ptolemy.moml.MoMLSimpleApplication@584cfe2e
reloadAllAccessors: .ArrayPeakSearch3

===========================================================================================
----------------- testing Wed Sep 02 15:41:27 UTC 2020 /home/travis/build/icyphy/ptII/ptolemy/actor/lib/test/auto/ArrayRemoveElement.xml
----------------- Instantiating /home/travis/build/icyphy/ptII/ptolemy/actor/lib/test/auto/ArrayRemoveElement.xml
3 ms. Memory: 280576K Free: 222326K (79%)
----------------- Invoking toplevel() on ptolemy.moml.MoMLSimpleApplication@4c444e5
----------------- Done invoking toplevel() on ptolemy.moml.MoMLSimpleApplication@4c444e5
reloadAllAccessors: .ArrayRemoveElement

===========================================================================================
----------------- testing Wed Sep 02 15:41:27 UTC 2020 /home/travis/build/icyphy/ptII/ptolemy/actor/lib/test/auto/ArraySort.xml
----------------- Instantiating /home/travis/build/icyphy/ptII/ptolemy/actor/lib/test/auto/ArraySort.xml
9 ms. Memory: 280576K Free: 213620K (76%)
----------------- Invoking toplevel() on ptolemy.moml.MoMLSimpleApplication@5bf0d461
----------------- Done invoking toplevel() on ptolemy.moml.MoMLSimpleApplication@5bf0d461
reloadAllAccessors: .ArraySort

===========================================================================================
----------------- testing Wed Sep 02 15:41:27 UTC 2020 /home/travis/build/icyphy/ptII/ptolemy/actor/lib/test/auto/ArraySum.xml
----------------- Instantiating /home/travis/build/icyphy/ptII/ptolemy/actor/lib/test/auto/ArraySum.xml
10 ms. Memory: 280576K Free: 207990K (74%)
----------------- Invoking toplevel() on ptolemy.moml.MoMLSimpleApplication@4c391a86
----------------- Done invoking toplevel() on ptolemy.moml.MoMLSimpleApplication@4c391a86
reloadAllAccessors: .ArraySum

===========================================================================================
----------------- testing Wed Sep 02 15:41:27 UTC 2020 /home/travis/build/icyphy/ptII/ptolemy/actor/lib/test/auto/ArrayToElements.xml
----------------- Instantiating /home/travis/build/icyphy/ptII/ptolemy/actor/lib/test/auto/ArrayToElements.xml
6 ms. Memory: 280576K Free: 202870K (72%)
----------------- Invoking toplevel() on ptolemy.moml.MoMLSimpleApplication@675786d1
----------------- Done invoking toplevel() on ptolemy.moml.MoMLSimpleApplication@675786d1
reloadAllAccessors: .ArrayToElements

===========================================================================================
----------------- testing Wed Sep 02 15:41:28 UTC 2020 /home/travis/build/icyphy/ptII/ptolemy/actor/lib/test/auto/ArrayToMatrix.xml
----------------- Instantiating /home/travis/build/icyphy/ptII/ptolemy/actor/lib/test/auto/ArrayToMatrix.xml
8 ms. Memory: 280576K Free: 188020K (67%)
----------------- Invoking toplevel() on ptolemy.moml.MoMLSimpleApplication@6a57d6e8
----------------- Done invoking toplevel() on ptolemy.moml.MoMLSimpleApplication@6a57d6e8
reloadAllAccessors: .ArrayToMatrix

===========================================================================================
----------------- testing Wed Sep 02 15:41:28 UTC 2020 /home/travis/build/icyphy/ptII/ptolemy/actor/lib/test/auto/ArrayUpdate1.xml
----------------- Instantiating /home/travis/build/icyphy/ptII/ptolemy/actor/lib/test/auto/ArrayUpdate1.xml
3 ms. Memory: 280576K Free: 183414K (65%)
----------------- Invoking toplevel() on ptolemy.moml.MoMLSimpleApplication@5c4d505a
----------------- Done invoking toplevel() on ptolemy.moml.MoMLSimpleApplication@5c4d505a
reloadAllAccessors: .ArrayUpdate1

===========================================================================================
----------------- testing Wed Sep 02 15:41:28 UTC 2020 /home/travis/build/icyphy/ptII/ptolemy/actor/lib/test/auto/ArrayUpdate2.xml
----------------- Instantiating /home/travis/build/icyphy/ptII/ptolemy/actor/lib/test/auto/ArrayUpdate2.xml
7 ms. Memory: 280576K Free: 176756K (63%)
----------------- Invoking toplevel() on ptolemy.moml.MoMLSimpleApplication@3897596a
----------------- Done invoking toplevel() on ptolemy.moml.MoMLSimpleApplication@3897596a
reloadAllAccessors: .ArrayUpdate2

===========================================================================================
----------------- testing Wed Sep 02 15:41:28 UTC 2020 /home/travis/build/icyphy/ptII/ptolemy/actor/lib/test/auto/ArrayUpdate3.xml
----------------- Instantiating /home/travis/build/icyphy/ptII/ptolemy/actor/lib/test/auto/ArrayUpdate3.xml
2 ms. Memory: 280576K Free: 172150K (61%)
----------------- Invoking toplevel() on ptolemy.moml.MoMLSimpleApplication@58b6939e
----------------- Done invoking toplevel() on ptolemy.moml.MoMLSimpleApplication@58b6939e
reloadAllAccessors: .ArrayUpdate3

===========================================================================================
----------------- testing Wed Sep 02 15:41:28 UTC 2020 /home/travis/build/icyphy/ptII/ptolemy/actor/lib/test/auto/Assert1.xml
----------------- Instantiating /home/travis/build/icyphy/ptII/ptolemy/actor/lib/test/auto/Assert1.xml
2 ms. Memory: 280576K Free: 167540K (60%)
----------------- Invoking toplevel() on ptolemy.moml.MoMLSimpleApplication@ee0cde0
----------------- Done invoking toplevel() on ptolemy.moml.MoMLSimpleApplication@ee0cde0
reloadAllAccessors: .Assert1

===========================================================================================
----------------- testing Wed Sep 02 15:41:28 UTC 2020 /home/travis/build/icyphy/ptII/ptolemy/actor/lib/test/auto/Assert2.xml
----------------- Instantiating /home/travis/build/icyphy/ptII/ptolemy/actor/lib/test/auto/Assert2.xml
2 ms. Memory: 280576K Free: 162934K (58%)
----------------- Invoking toplevel() on ptolemy.moml.MoMLSimpleApplication@5a5f88e7
----------------- Done invoking toplevel() on ptolemy.moml.MoMLSimpleApplication@5a5f88e7
reloadAllAccessors: .Assert2

===========================================================================================
----------------- testing Wed Sep 02 15:41:28 UTC 2020 /home/travis/build/icyphy/ptII/ptolemy/actor/lib/test/auto/BooleanMultiplexor.xml
----------------- Instantiating /home/travis/build/icyphy/ptII/ptolemy/actor/lib/test/auto/BooleanMultiplexor.xml
2 ms. Memory: 280576K Free: 157269K (56%)
----------------- Invoking toplevel() on ptolemy.moml.MoMLSimpleApplication@52266e13
----------------- Done invoking toplevel() on ptolemy.moml.MoMLSimpleApplication@52266e13
reloadAllAccessors: .BooleanMultiplexor

===========================================================================================
----------------- testing Wed Sep 02 15:41:28 UTC 2020 /home/travis/build/icyphy/ptII/ptolemy/actor/lib/test/auto/BooleanMultiplexor2.xml
----------------- Instantiating /home/travis/build/icyphy/ptII/ptolemy/actor/lib/test/auto/BooleanMultiplexor2.xml
13 ms. Memory: 280576K Free: 151156K (54%)
----------------- Invoking toplevel() on ptolemy.moml.MoMLSimpleApplication@30078320
----------------- Done invoking toplevel() on ptolemy.moml.MoMLSimpleApplication@30078320
reloadAllAccessors: .BooleanMultiplexor2

===========================================================================================
----------------- testing Wed Sep 02 15:41:28 UTC 2020 /home/travis/build/icyphy/ptII/ptolemy/actor/lib/test/auto/BooleanMultiplexor3.xml
----------------- Instantiating /home/travis/build/icyphy/ptII/ptolemy/actor/lib/test/auto/BooleanMultiplexor3.xml
2 ms. Memory: 280576K Free: 147060K (52%)
----------------- Invoking toplevel() on ptolemy.moml.MoMLSimpleApplication@658b1b94
----------------- Done invoking toplevel() on ptolemy.moml.MoMLSimpleApplication@658b1b94
reloadAllAccessors: .BooleanMultiplexor3

===========================================================================================
----------------- testing Wed Sep 02 15:41:28 UTC 2020 /home/travis/build/icyphy/ptII/ptolemy/actor/lib/test/auto/BooleanSelect.xml
----------------- Instantiating /home/travis/build/icyphy/ptII/ptolemy/actor/lib/test/auto/BooleanSelect.xml
14 ms. Memory: 280576K Free: 141430K (50%)
----------------- Invoking toplevel() on ptolemy.moml.MoMLSimpleApplication@34eab15c
----------------- Done invoking toplevel() on ptolemy.moml.MoMLSimpleApplication@34eab15c
reloadAllAccessors: .BooleanSelect

===========================================================================================
----------------- testing Wed Sep 02 15:41:28 UTC 2020 /home/travis/build/icyphy/ptII/ptolemy/actor/lib/test/auto/BooleanSelect2.xml
----------------- Instantiating /home/travis/build/icyphy/ptII/ptolemy/actor/lib/test/auto/BooleanSelect2.xml
2 ms. Memory: 280576K Free: 136820K (49%)
----------------- Invoking toplevel() on ptolemy.moml.MoMLSimpleApplication@1d39fc60
----------------- Done invoking toplevel() on ptolemy.moml.MoMLSimpleApplication@1d39fc60
reloadAllAccessors: .BooleanSelect2

===========================================================================================
----------------- testing Wed Sep 02 15:41:28 UTC 2020 /home/travis/build/icyphy/ptII/ptolemy/actor/lib/test/auto/BooleanSwitch.xml
----------------- Instantiating /home/travis/build/icyphy/ptII/ptolemy/actor/lib/test/auto/BooleanSwitch.xml
4 ms. Memory: 280576K Free: 131190K (47%)
----------------- Invoking toplevel() on ptolemy.moml.MoMLSimpleApplication@29d53673
----------------- Done invoking toplevel() on ptolemy.moml.MoMLSimpleApplication@29d53673
reloadAllAccessors: .BooleanSwitch

===========================================================================================
----------------- testing Wed Sep 02 15:41:28 UTC 2020 /home/travis/build/icyphy/ptII/ptolemy/actor/lib/test/auto/BooleanSwitch2.xml
----------------- Instantiating /home/travis/build/icyphy/ptII/ptolemy/actor/lib/test/auto/BooleanSwitch2.xml
1 ms. Memory: 280576K Free: 126580K (45%)
----------------- Invoking toplevel() on ptolemy.moml.MoMLSimpleApplication@a0d45af
----------------- Done invoking toplevel() on ptolemy.moml.MoMLSimpleApplication@a0d45af
reloadAllAccessors: .BooleanSwitch2

===========================================================================================
----------------- testing Wed Sep 02 15:41:28 UTC 2020 /home/travis/build/icyphy/ptII/ptolemy/actor/lib/test/auto/BooleanSwitchCloningBugWithClassRelationGroup.xml
----------------- Instantiating /home/travis/build/icyphy/ptII/ptolemy/actor/lib/test/auto/BooleanSwitchCloningBugWithClassRelationGroup.xml
5 ms. Memory: 280576K Free: 120436K (43%)
----------------- Invoking toplevel() on ptolemy.moml.MoMLSimpleApplication@46d44528
----------------- Done invoking toplevel() on ptolemy.moml.MoMLSimpleApplication@46d44528
reloadAllAccessors: .BooleanSwitchCloningBugWithClassRelationGroup

===========================================================================================
----------------- testing Wed Sep 02 15:41:28 UTC 2020 /home/travis/build/icyphy/ptII/ptolemy/actor/lib/test/auto/BusActors.xml
----------------- Instantiating /home/travis/build/icyphy/ptII/ptolemy/actor/lib/test/auto/BusActors.xml
7 ms. Memory: 280576K Free: 112244K (40%)
----------------- Invoking toplevel() on ptolemy.moml.MoMLSimpleApplication@22d7cf52
----------------- Done invoking toplevel() on ptolemy.moml.MoMLSimpleApplication@22d7cf52
reloadAllAccessors: .BusActors

===========================================================================================
----------------- testing Wed Sep 02 15:41:28 UTC 2020 /home/travis/build/icyphy/ptII/ptolemy/actor/lib/test/auto/ClassWrapper.xml
----------------- Instantiating /home/travis/build/icyphy/ptII/ptolemy/actor/lib/test/auto/ClassWrapper.xml
3 ms. Memory: 280576K Free: 108148K (39%)
----------------- Invoking toplevel() on ptolemy.moml.MoMLSimpleApplication@688f869b
----------------- Done invoking toplevel() on ptolemy.moml.MoMLSimpleApplication@688f869b
reloadAllAccessors: .ClassWrapper

===========================================================================================
----------------- testing Wed Sep 02 15:41:28 UTC 2020 /home/travis/build/icyphy/ptII/ptolemy/actor/lib/test/auto/Clock.xml
----------------- Instantiating /home/travis/build/icyphy/ptII/ptolemy/actor/lib/test/auto/Clock.xml
5 ms. Memory: 280576K Free: 104052K (37%)
----------------- Invoking toplevel() on ptolemy.moml.MoMLSimpleApplication@55831af0
----------------- Done invoking toplevel() on ptolemy.moml.MoMLSimpleApplication@55831af0
reloadAllAccessors: .Clock

===========================================================================================
----------------- testing Wed Sep 02 15:41:28 UTC 2020 /home/travis/build/icyphy/ptII/ptolemy/actor/lib/test/auto/Clock10.xml
----------------- Instantiating /home/travis/build/icyphy/ptII/ptolemy/actor/lib/test/auto/Clock10.xml
3 ms. Memory: 280576K Free: 98422K (35%)
----------------- Invoking toplevel() on ptolemy.moml.MoMLSimpleApplication@36bab6dd
----------------- Done invoking toplevel() on ptolemy.moml.MoMLSimpleApplication@36bab6dd
reloadAllAccessors: .Clock10

===========================================================================================
----------------- testing Wed Sep 02 15:41:28 UTC 2020 /home/travis/build/icyphy/ptII/ptolemy/actor/lib/test/auto/Clock11.xml
----------------- Instantiating /home/travis/build/icyphy/ptII/ptolemy/actor/lib/test/auto/Clock11.xml
6 ms. Memory: 280576K Free: 92278K (33%)
----------------- Invoking toplevel() on ptolemy.moml.MoMLSimpleApplication@39ffa978
----------------- Done invoking toplevel() on ptolemy.moml.MoMLSimpleApplication@39ffa978
reloadAllAccessors: .Clock11

===========================================================================================
----------------- testing Wed Sep 02 15:41:28 UTC 2020 /home/travis/build/icyphy/ptII/ptolemy/actor/lib/test/auto/Clock12.xml
----------------- Instantiating /home/travis/build/icyphy/ptII/ptolemy/actor/lib/test/auto/Clock12.xml
4 ms. Memory: 280576K Free: 86644K (31%)
----------------- Invoking toplevel() on ptolemy.moml.MoMLSimpleApplication@89855d5
----------------- Done invoking toplevel() on ptolemy.moml.MoMLSimpleApplication@89855d5
reloadAllAccessors: .Clock12

===========================================================================================
----------------- testing Wed Sep 02 15:41:28 UTC 2020 /home/travis/build/icyphy/ptII/ptolemy/actor/lib/test/auto/Clock13.xml
----------------- Instantiating /home/travis/build/icyphy/ptII/ptolemy/actor/lib/test/auto/Clock13.xml
6 ms. Memory: 280576K Free: 80469K (29%)
----------------- Invoking toplevel() on ptolemy.moml.MoMLSimpleApplication@cb5d5b3
----------------- Done invoking toplevel() on ptolemy.moml.MoMLSimpleApplication@cb5d5b3
reloadAllAccessors: .Clock13

===========================================================================================
----------------- testing Wed Sep 02 15:41:28 UTC 2020 /home/travis/build/icyphy/ptII/ptolemy/actor/lib/test/auto/Clock14.xml
----------------- Instantiating /home/travis/build/icyphy/ptII/ptolemy/actor/lib/test/auto/Clock14.xml
6 ms. Memory: 280576K Free: 74325K (26%)
----------------- Invoking toplevel() on ptolemy.moml.MoMLSimpleApplication@37ab93c9
----------------- Done invoking toplevel() on ptolemy.moml.MoMLSimpleApplication@37ab93c9
reloadAllAccessors: .Clock14

===========================================================================================
----------------- testing Wed Sep 02 15:41:28 UTC 2020 /home/travis/build/icyphy/ptII/ptolemy/actor/lib/test/auto/Clock15.xml
----------------- Instantiating /home/travis/build/icyphy/ptII/ptolemy/actor/lib/test/auto/Clock15.xml
4 ms. Memory: 280576K Free: 68726K (24%)
----------------- Invoking toplevel() on ptolemy.moml.MoMLSimpleApplication@1d77d04e
----------------- Done invoking toplevel() on ptolemy.moml.MoMLSimpleApplication@1d77d04e
reloadAllAccessors: .Clock15

===========================================================================================
----------------- testing Wed Sep 02 15:41:28 UTC 2020 /home/travis/build/icyphy/ptII/ptolemy/actor/lib/test/auto/Clock16.xml
----------------- Instantiating /home/travis/build/icyphy/ptII/ptolemy/actor/lib/test/auto/Clock16.xml
36 ms. Memory: 280576K Free: 218024K (78%)
----------------- Invoking toplevel() on ptolemy.moml.MoMLSimpleApplication@7285fdf8
----------------- Done invoking toplevel() on ptolemy.moml.MoMLSimpleApplication@7285fdf8
reloadAllAccessors: .Clock16

===========================================================================================
----------------- testing Wed Sep 02 15:41:28 UTC 2020 /home/travis/build/icyphy/ptII/ptolemy/actor/lib/test/auto/Clock17.xml
----------------- Instantiating /home/travis/build/icyphy/ptII/ptolemy/actor/lib/test/auto/Clock17.xml
29 ms. Memory: 280576K Free: 204208K (73%)
----------------- Invoking toplevel() on ptolemy.moml.MoMLSimpleApplication@3a3bc424
----------------- Done invoking toplevel() on ptolemy.moml.MoMLSimpleApplication@3a3bc424
reloadAllAccessors: .Clock17

===========================================================================================
----------------- testing Wed Sep 02 15:41:28 UTC 2020 /home/travis/build/icyphy/ptII/ptolemy/actor/lib/test/auto/Clock18.xml
----------------- Instantiating /home/travis/build/icyphy/ptII/ptolemy/actor/lib/test/auto/Clock18.xml
11 ms. Memory: 280576K Free: 190352K (68%)
----------------- Invoking toplevel() on ptolemy.moml.MoMLSimpleApplication@1428a033
----------------- Done invoking toplevel() on ptolemy.moml.MoMLSimpleApplication@1428a033
reloadAllAccessors: .Clock18

===========================================================================================
----------------- testing Wed Sep 02 15:41:28 UTC 2020 /home/travis/build/icyphy/ptII/ptolemy/actor/lib/test/auto/Clock19.xml
----------------- Instantiating /home/travis/build/icyphy/ptII/ptolemy/actor/lib/test/auto/Clock19.xml
17 ms. Memory: 280576K Free: 177584K (63%)
----------------- Invoking toplevel() on ptolemy.moml.MoMLSimpleApplication@423c9ca1
----------------- Done invoking toplevel() on ptolemy.moml.MoMLSimpleApplication@423c9ca1
reloadAllAccessors: .Clock19

===========================================================================================
----------------- testing Wed Sep 02 15:41:28 UTC 2020 /home/travis/build/icyphy/ptII/ptolemy/actor/lib/test/auto/Clock2.xml
----------------- Instantiating /home/travis/build/icyphy/ptII/ptolemy/actor/lib/test/auto/Clock2.xml
7 ms. Memory: 280576K Free: 172960K (62%)
----------------- Invoking toplevel() on ptolemy.moml.MoMLSimpleApplication@70af3d24
----------------- Done invoking toplevel() on ptolemy.moml.MoMLSimpleApplication@70af3d24
reloadAllAccessors: .Clock2

===========================================================================================
----------------- testing Wed Sep 02 15:41:28 UTC 2020 /home/travis/build/icyphy/ptII/ptolemy/actor/lib/test/auto/Clock20.xml
----------------- Instantiating /home/travis/build/icyphy/ptII/ptolemy/actor/lib/test/auto/Clock20.xml
9 ms. Memory: 280576K Free: 167344K (60%)
----------------- Invoking toplevel() on ptolemy.moml.MoMLSimpleApplication@39bba1d0
----------------- Done invoking toplevel() on ptolemy.moml.MoMLSimpleApplication@39bba1d0
reloadAllAccessors: .Clock20

===========================================================================================
----------------- testing Wed Sep 02 15:41:28 UTC 2020 /home/travis/build/icyphy/ptII/ptolemy/actor/lib/test/auto/Clock21.xml
----------------- Instantiating /home/travis/build/icyphy/ptII/ptolemy/actor/lib/test/auto/Clock21.xml
7 ms. Memory: 280576K Free: 162224K (58%)
----------------- Invoking toplevel() on ptolemy.moml.MoMLSimpleApplication@4641bc62
----------------- Done invoking toplevel() on ptolemy.moml.MoMLSimpleApplication@4641bc62
reloadAllAccessors: .Clock21

===========================================================================================
----------------- testing Wed Sep 02 15:41:28 UTC 2020 /home/travis/build/icyphy/ptII/ptolemy/actor/lib/test/auto/Clock22.xml
----------------- Instantiating /home/travis/build/icyphy/ptII/ptolemy/actor/lib/test/auto/Clock22.xml
5 ms. Memory: 280576K Free: 156590K (56%)
----------------- Invoking toplevel() on ptolemy.moml.MoMLSimpleApplication@6d3e26b5
----------------- Done invoking toplevel() on ptolemy.moml.MoMLSimpleApplication@6d3e26b5
reloadAllAccessors: .Clock22

===========================================================================================
----------------- testing Wed Sep 02 15:41:28 UTC 2020 /home/travis/build/icyphy/ptII/ptolemy/actor/lib/test/auto/Clock23.xml
----------------- Instantiating /home/travis/build/icyphy/ptII/ptolemy/actor/lib/test/auto/Clock23.xml
6 ms. Memory: 280576K Free: 151470K (54%)
----------------- Invoking toplevel() on ptolemy.moml.MoMLSimpleApplication@73f4bb59
----------------- Done invoking toplevel() on ptolemy.moml.MoMLSimpleApplication@73f4bb59
reloadAllAccessors: .Clock23

===========================================================================================
----------------- testing Wed Sep 02 15:41:29 UTC 2020 /home/travis/build/icyphy/ptII/ptolemy/actor/lib/test/auto/Clock24.xml
----------------- Instantiating /home/travis/build/icyphy/ptII/ptolemy/actor/lib/test/auto/Clock24.xml
6 ms. Memory: 280576K Free: 145840K (52%)
----------------- Invoking toplevel() on ptolemy.moml.MoMLSimpleApplication@35e9d71b
----------------- Done invoking toplevel() on ptolemy.moml.MoMLSimpleApplication@35e9d71b
reloadAllAccessors: .Clock24

===========================================================================================
----------------- testing Wed Sep 02 15:41:29 UTC 2020 /home/travis/build/icyphy/ptII/ptolemy/actor/lib/test/auto/Clock4.xml
----------------- Instantiating /home/travis/build/icyphy/ptII/ptolemy/actor/lib/test/auto/Clock4.xml
1 ms. Memory: 280576K Free: 141224K (50%)
----------------- Invoking toplevel() on ptolemy.moml.MoMLSimpleApplication@18bc3d9c
----------------- Done invoking toplevel() on ptolemy.moml.MoMLSimpleApplication@18bc3d9c
reloadAllAccessors: .Clock4

===========================================================================================
----------------- testing Wed Sep 02 15:41:29 UTC 2020 /home/travis/build/icyphy/ptII/ptolemy/actor/lib/test/auto/Clock5.xml
----------------- Instantiating /home/travis/build/icyphy/ptII/ptolemy/actor/lib/test/auto/Clock5.xml
3 ms. Memory: 280576K Free: 135600K (48%)
----------------- Invoking toplevel() on ptolemy.moml.MoMLSimpleApplication@3d62f951
----------------- Done invoking toplevel() on ptolemy.moml.MoMLSimpleApplication@3d62f951
reloadAllAccessors: .Clock5

===========================================================================================
----------------- testing Wed Sep 02 15:41:29 UTC 2020 /home/travis/build/icyphy/ptII/ptolemy/actor/lib/test/auto/Clock6.xml
----------------- Instantiating /home/travis/build/icyphy/ptII/ptolemy/actor/lib/test/auto/Clock6.xml
4 ms. Memory: 280576K Free: 130990K (47%)
----------------- Invoking toplevel() on ptolemy.moml.MoMLSimpleApplication@723eb660
----------------- Done invoking toplevel() on ptolemy.moml.MoMLSimpleApplication@723eb660
reloadAllAccessors: .Clock6

===========================================================================================
----------------- testing Wed Sep 02 15:41:29 UTC 2020 /home/travis/build/icyphy/ptII/ptolemy/actor/lib/test/auto/Clock7.xml
----------------- Instantiating /home/travis/build/icyphy/ptII/ptolemy/actor/lib/test/auto/Clock7.xml
2 ms. Memory: 280576K Free: 126894K (45%)
----------------- Invoking toplevel() on ptolemy.moml.MoMLSimpleApplication@627b115
----------------- Done invoking toplevel() on ptolemy.moml.MoMLSimpleApplication@627b115
reloadAllAccessors: .Clock7

===========================================================================================
----------------- testing Wed Sep 02 15:41:29 UTC 2020 /home/travis/build/icyphy/ptII/ptolemy/actor/lib/test/auto/Clock8.xml
----------------- Instantiating /home/travis/build/icyphy/ptII/ptolemy/actor/lib/test/auto/Clock8.xml
5 ms. Memory: 280576K Free: 121264K (43%)
----------------- Invoking toplevel() on ptolemy.moml.MoMLSimpleApplication@4b10687f
----------------- Done invoking toplevel() on ptolemy.moml.MoMLSimpleApplication@4b10687f
reloadAllAccessors: .Clock8

===========================================================================================
----------------- testing Wed Sep 02 15:41:29 UTC 2020 /home/travis/build/icyphy/ptII/ptolemy/actor/lib/test/auto/Clock9.xml
----------------- Instantiating /home/travis/build/icyphy/ptII/ptolemy/actor/lib/test/auto/Clock9.xml
4 ms. Memory: 280576K Free: 116144K (41%)
----------------- Invoking toplevel() on ptolemy.moml.MoMLSimpleApplication@e1f8fc9
----------------- Done invoking toplevel() on ptolemy.moml.MoMLSimpleApplication@e1f8fc9
reloadAllAccessors: .Clock9

===========================================================================================
----------------- testing Wed Sep 02 15:41:29 UTC 2020 /home/travis/build/icyphy/ptII/ptolemy/actor/lib/test/auto/CommDistDiscard.xml
----------------- Instantiating /home/travis/build/icyphy/ptII/ptolemy/actor/lib/test/auto/CommDistDiscard.xml
4 ms. Memory: 280576K Free: 110510K (39%)
----------------- Invoking toplevel() on ptolemy.moml.MoMLSimpleApplication@37ae7d7d
----------------- Done invoking toplevel() on ptolemy.moml.MoMLSimpleApplication@37ae7d7d
reloadAllAccessors: .CommDistDiscard

===========================================================================================
----------------- testing Wed Sep 02 15:41:29 UTC 2020 /home/travis/build/icyphy/ptII/ptolemy/actor/lib/test/auto/Commutator.xml
----------------- Instantiating /home/travis/build/icyphy/ptII/ptolemy/actor/lib/test/auto/Commutator.xml
2 ms. Memory: 280576K Free: 105904K (38%)
----------------- Invoking toplevel() on ptolemy.moml.MoMLSimpleApplication@5f9e8916
----------------- Done invoking toplevel() on ptolemy.moml.MoMLSimpleApplication@5f9e8916
reloadAllAccessors: .Commutator

===========================================================================================
----------------- testing Wed Sep 02 15:41:29 UTC 2020 /home/travis/build/icyphy/ptII/ptolemy/actor/lib/test/auto/Commutator2.xml
----------------- Instantiating /home/travis/build/icyphy/ptII/ptolemy/actor/lib/test/auto/Commutator2.xml
1 ms. Memory: 280576K Free: 101808K (36%)
----------------- Invoking toplevel() on ptolemy.moml.MoMLSimpleApplication@46912969
----------------- Done invoking toplevel() on ptolemy.moml.MoMLSimpleApplication@46912969
reloadAllAccessors: .Commutator2

===========================================================================================
----------------- testing Wed Sep 02 15:41:29 UTC 2020 /home/travis/build/icyphy/ptII/ptolemy/actor/lib/test/auto/Commutator3.xml
----------------- Instantiating /home/travis/build/icyphy/ptII/ptolemy/actor/lib/test/auto/Commutator3.xml
2 ms. Memory: 280576K Free: 97198K (35%)
----------------- Invoking toplevel() on ptolemy.moml.MoMLSimpleApplication@64fb71d4
----------------- Done invoking toplevel() on ptolemy.moml.MoMLSimpleApplication@64fb71d4
reloadAllAccessors: .Commutator3

===========================================================================================
----------------- testing Wed Sep 02 15:41:29 UTC 2020 /home/travis/build/icyphy/ptII/ptolemy/actor/lib/test/auto/Compare.xml
----------------- Instantiating /home/travis/build/icyphy/ptII/ptolemy/actor/lib/test/auto/Compare.xml
2 ms. Memory: 280576K Free: 91054K (32%)
----------------- Invoking toplevel() on ptolemy.moml.MoMLSimpleApplication@2b3e87e7
----------------- Done invoking toplevel() on ptolemy.moml.MoMLSimpleApplication@2b3e87e7
reloadAllAccessors: .Compare

===========================================================================================
----------------- testing Wed Sep 02 15:41:29 UTC 2020 /home/travis/build/icyphy/ptII/ptolemy/actor/lib/test/auto/CompareDE.xml
----------------- Instantiating /home/travis/build/icyphy/ptII/ptolemy/actor/lib/test/auto/CompareDE.xml
3 ms. Memory: 280576K Free: 83872K (30%)
----------------- Invoking toplevel() on ptolemy.moml.MoMLSimpleApplication@2d6cb90c
----------------- Done invoking toplevel() on ptolemy.moml.MoMLSimpleApplication@2d6cb90c
reloadAllAccessors: .CompareDE

===========================================================================================
----------------- testing Wed Sep 02 15:41:29 UTC 2020 /home/travis/build/icyphy/ptII/ptolemy/actor/lib/test/auto/ComplexDivide.xml
----------------- Instantiating /home/travis/build/icyphy/ptII/ptolemy/actor/lib/test/auto/ComplexDivide.xml
1 ms. Memory: 280576K Free: 79790K (28%)
----------------- Invoking toplevel() on ptolemy.moml.MoMLSimpleApplication@3b7de566
----------------- Done invoking toplevel() on ptolemy.moml.MoMLSimpleApplication@3b7de566
reloadAllAccessors: .ComplexDivide

===========================================================================================
----------------- testing Wed Sep 02 15:41:29 UTC 2020 /home/travis/build/icyphy/ptII/ptolemy/actor/lib/test/auto/ComputeHistogram.xml
----------------- Instantiating /home/travis/build/icyphy/ptII/ptolemy/actor/lib/test/auto/ComputeHistogram.xml
31 ms. Memory: 280576K Free: 67502K (24%)
----------------- Invoking toplevel() on ptolemy.moml.MoMLSimpleApplication@7d7834af
----------------- Done invoking toplevel() on ptolemy.moml.MoMLSimpleApplication@7d7834af
reloadAllAccessors: .ComputeHistogram

===========================================================================================
----------------- testing Wed Sep 02 15:41:29 UTC 2020 /home/travis/build/icyphy/ptII/ptolemy/actor/lib/test/auto/ConfigurationSelect.xml
----------------- Instantiating /home/travis/build/icyphy/ptII/ptolemy/actor/lib/test/auto/ConfigurationSelect.xml
8 ms. Memory: 280576K Free: 227269K (81%)
----------------- Invoking toplevel() on ptolemy.moml.MoMLSimpleApplication@3460ccb6
----------------- Done invoking toplevel() on ptolemy.moml.MoMLSimpleApplication@3460ccb6
reloadAllAccessors: .ConfigurationSelect

===========================================================================================
----------------- testing Wed Sep 02 15:41:29 UTC 2020 /home/travis/build/icyphy/ptII/ptolemy/actor/lib/test/auto/ConfigurationSelect2.xml
----------------- Instantiating /home/travis/build/icyphy/ptII/ptolemy/actor/lib/test/auto/ConfigurationSelect2.xml
2 ms. Memory: 280576K Free: 223173K (80%)
----------------- Invoking toplevel() on ptolemy.moml.MoMLSimpleApplication@5f87e260
----------------- Done invoking toplevel() on ptolemy.moml.MoMLSimpleApplication@5f87e260
reloadAllAccessors: .ConfigurationSelect2

===========================================================================================
----------------- testing Wed Sep 02 15:41:29 UTC 2020 /home/travis/build/icyphy/ptII/ptolemy/actor/lib/test/auto/ConfigurationSwitch.xml
----------------- Instantiating /home/travis/build/icyphy/ptII/ptolemy/actor/lib/test/auto/ConfigurationSwitch.xml
2 ms. Memory: 280576K Free: 217539K (78%)
----------------- Invoking toplevel() on ptolemy.moml.MoMLSimpleApplication@6d1006d7
----------------- Done invoking toplevel() on ptolemy.moml.MoMLSimpleApplication@6d1006d7
reloadAllAccessors: .ConfigurationSwitch

===========================================================================================
----------------- testing Wed Sep 02 15:41:29 UTC 2020 /home/travis/build/icyphy/ptII/ptolemy/actor/lib/test/auto/ConfigurationSwitch2.xml
----------------- Instantiating /home/travis/build/icyphy/ptII/ptolemy/actor/lib/test/auto/ConfigurationSwitch2.xml
2 ms. Memory: 280576K Free: 211909K (76%)
----------------- Invoking toplevel() on ptolemy.moml.MoMLSimpleApplication@5c2cfab3
----------------- Done invoking toplevel() on ptolemy.moml.MoMLSimpleApplication@5c2cfab3
reloadAllAccessors: .ConfigurationSwitch2

===========================================================================================
----------------- testing Wed Sep 02 15:41:29 UTC 2020 /home/travis/build/icyphy/ptII/ptolemy/actor/lib/test/auto/ConfigurationSwitchCloningBugWithClassRelationGroup.xml
----------------- Instantiating /home/travis/build/icyphy/ptII/ptolemy/actor/lib/test/auto/ConfigurationSwitchCloningBugWithClassRelationGroup.xml
1 ms. Memory: 280576K Free: 205765K (73%)
----------------- Invoking toplevel() on ptolemy.moml.MoMLSimpleApplication@38125d88
----------------- Done invoking toplevel() on ptolemy.moml.MoMLSimpleApplication@38125d88
reloadAllAccessors: .ConfigurationSwitchCloningBugWithClassRelationGroup

===========================================================================================
----------------- testing Wed Sep 02 15:41:29 UTC 2020 /home/travis/build/icyphy/ptII/ptolemy/actor/lib/test/auto/ConfigurationSwitchSelectSDF.xml
----------------- Instantiating /home/travis/build/icyphy/ptII/ptolemy/actor/lib/test/auto/ConfigurationSwitchSelectSDF.xml
3 ms. Memory: 280576K Free: 200131K (71%)
----------------- Invoking toplevel() on ptolemy.moml.MoMLSimpleApplication@4a58f452
----------------- Done invoking toplevel() on ptolemy.moml.MoMLSimpleApplication@4a58f452
reloadAllAccessors: .ConfigurationSwitchSelectSDF

===========================================================================================
----------------- testing Wed Sep 02 15:41:29 UTC 2020 /home/travis/build/icyphy/ptII/ptolemy/actor/lib/test/auto/ConfigurationSwitchSelectSDF2.xml
----------------- Instantiating /home/travis/build/icyphy/ptII/ptolemy/actor/lib/test/auto/ConfigurationSwitchSelectSDF2.xml
3 ms. Memory: 280576K Free: 193987K (69%)
----------------- Invoking toplevel() on ptolemy.moml.MoMLSimpleApplication@39a832d9
----------------- Done invoking toplevel() on ptolemy.moml.MoMLSimpleApplication@39a832d9
reloadAllAccessors: .ConfigurationSwitchSelectSDF2

===========================================================================================
----------------- testing Wed Sep 02 15:41:29 UTC 2020 /home/travis/build/icyphy/ptII/ptolemy/actor/lib/test/auto/Const.xml
----------------- Instantiating /home/travis/build/icyphy/ptII/ptolemy/actor/lib/test/auto/Const.xml
1 ms. Memory: 280576K Free: 190915K (68%)
----------------- Invoking toplevel() on ptolemy.moml.MoMLSimpleApplication@33d64672
----------------- Done invoking toplevel() on ptolemy.moml.MoMLSimpleApplication@33d64672
reloadAllAccessors: .Const

===========================================================================================
----------------- testing Wed Sep 02 15:41:29 UTC 2020 /home/travis/build/icyphy/ptII/ptolemy/actor/lib/test/auto/Const2.xml
----------------- Instantiating /home/travis/build/icyphy/ptII/ptolemy/actor/lib/test/auto/Const2.xml
1 ms. Memory: 280576K Free: 186819K (67%)
----------------- Invoking toplevel() on ptolemy.moml.MoMLSimpleApplication@791308cd
----------------- Done invoking toplevel() on ptolemy.moml.MoMLSimpleApplication@791308cd
reloadAllAccessors: .Const2

===========================================================================================
----------------- testing Wed Sep 02 15:41:29 UTC 2020 /home/travis/build/icyphy/ptII/ptolemy/actor/lib/test/auto/Const3.xml
----------------- Instantiating /home/travis/build/icyphy/ptII/ptolemy/actor/lib/test/auto/Const3.xml
6 ms. Memory: 280576K Free: 183747K (65%)
----------------- Invoking toplevel() on ptolemy.moml.MoMLSimpleApplication@7849e11e
----------------- Done invoking toplevel() on ptolemy.moml.MoMLSimpleApplication@7849e11e
reloadAllAccessors: .Const3

===========================================================================================
----------------- testing Wed Sep 02 15:41:29 UTC 2020 /home/travis/build/icyphy/ptII/ptolemy/actor/lib/test/auto/ConstantPublisherPort1.xml
----------------- Instantiating /home/travis/build/icyphy/ptII/ptolemy/actor/lib/test/auto/ConstantPublisherPort1.xml
5 ms. Memory: 280576K Free: 175555K (63%)
----------------- Invoking toplevel() on ptolemy.moml.MoMLSimpleApplication@6f82b98e
----------------- Done invoking toplevel() on ptolemy.moml.MoMLSimpleApplication@6f82b98e
reloadAllAccessors: .ConstantPublisherPort1

===========================================================================================
----------------- testing Wed Sep 02 15:41:29 UTC 2020 /home/travis/build/icyphy/ptII/ptolemy/actor/lib/test/auto/ConstantPublisherPort2.xml
----------------- Instantiating /home/travis/build/icyphy/ptII/ptolemy/actor/lib/test/auto/ConstantPublisherPort2.xml
12 ms. Memory: 280576K Free: 167877K (60%)
----------------- Invoking toplevel() on ptolemy.moml.MoMLSimpleApplication@30f88fc7
----------------- Done invoking toplevel() on ptolemy.moml.MoMLSimpleApplication@30f88fc7
reloadAllAccessors: .ConstantPublisherPort2

===========================================================================================
----------------- testing Wed Sep 02 15:41:29 UTC 2020 /home/travis/build/icyphy/ptII/ptolemy/actor/lib/test/auto/ConstantPublisherPort3.xml
----------------- Instantiating /home/travis/build/icyphy/ptII/ptolemy/actor/lib/test/auto/ConstantPublisherPort3.xml
5 ms. Memory: 280576K Free: 159685K (57%)
----------------- Invoking toplevel() on ptolemy.moml.MoMLSimpleApplication@76801476
----------------- Done invoking toplevel() on ptolemy.moml.MoMLSimpleApplication@76801476
reloadAllAccessors: .ConstantPublisherPort3

===========================================================================================
----------------- testing Wed Sep 02 15:41:29 UTC 2020 /home/travis/build/icyphy/ptII/ptolemy/actor/lib/test/auto/ConstantPublisherPort4.xml
----------------- Instantiating /home/travis/build/icyphy/ptII/ptolemy/actor/lib/test/auto/ConstantPublisherPort4.xml
2 ms. Memory: 280576K Free: 153027K (55%)
----------------- Invoking toplevel() on ptolemy.moml.MoMLSimpleApplication@7c9e034c
----------------- Done invoking toplevel() on ptolemy.moml.MoMLSimpleApplication@7c9e034c
reloadAllAccessors: .ConstantPublisherPort4

===========================================================================================
----------------- testing Wed Sep 02 15:41:29 UTC 2020 /home/travis/build/icyphy/ptII/ptolemy/actor/lib/test/auto/ConstantPublisherPort5.xml
----------------- Instantiating /home/travis/build/icyphy/ptII/ptolemy/actor/lib/test/auto/ConstantPublisherPort5.xml
25 ms. Memory: 280576K Free: 143301K (51%)
----------------- Invoking toplevel() on ptolemy.moml.MoMLSimpleApplication@68b37982
----------------- Done invoking toplevel() on ptolemy.moml.MoMLSimpleApplication@68b37982
reloadAllAccessors: .ConstantPublisherPort5

===========================================================================================
----------------- testing Wed Sep 02 15:41:29 UTC 2020 /home/travis/build/icyphy/ptII/ptolemy/actor/lib/test/auto/ConstantPublisherPort6.xml
----------------- Instantiating /home/travis/build/icyphy/ptII/ptolemy/actor/lib/test/auto/ConstantPublisherPort6.xml
14 ms. Memory: 280576K Free: 134595K (48%)
----------------- Invoking toplevel() on ptolemy.moml.MoMLSimpleApplication@106667eb
----------------- Done invoking toplevel() on ptolemy.moml.MoMLSimpleApplication@106667eb
reloadAllAccessors: .ConstantPublisherPort6

===========================================================================================
----------------- testing Wed Sep 02 15:41:29 UTC 2020 /home/travis/build/icyphy/ptII/ptolemy/actor/lib/test/auto/ConstantPublisherPort7.xml
----------------- Instantiating /home/travis/build/icyphy/ptII/ptolemy/actor/lib/test/auto/ConstantPublisherPort7.xml
18 ms. Memory: 280576K Free: 124869K (45%)
----------------- Invoking toplevel() on ptolemy.moml.MoMLSimpleApplication@7b200dcd
----------------- Done invoking toplevel() on ptolemy.moml.MoMLSimpleApplication@7b200dcd
reloadAllAccessors: .ConstantPublisherPort7

===========================================================================================
----------------- testing Wed Sep 02 15:41:29 UTC 2020 /home/travis/build/icyphy/ptII/ptolemy/actor/lib/test/auto/ConstraintMonitor1.xml
----------------- Instantiating /home/travis/build/icyphy/ptII/ptolemy/actor/lib/test/auto/ConstraintMonitor1.xml
6 ms. Memory: 280576K Free: 119749K (43%)
----------------- Invoking toplevel() on ptolemy.moml.MoMLSimpleApplication@15102135
----------------- Done invoking toplevel() on ptolemy.moml.MoMLSimpleApplication@15102135
reloadAllAccessors: .ConstraintMonitor1

===========================================================================================
----------------- testing Wed Sep 02 15:41:29 UTC 2020 /home/travis/build/icyphy/ptII/ptolemy/actor/lib/test/auto/ConstraintMonitor2.xml
----------------- Instantiating /home/travis/build/icyphy/ptII/ptolemy/actor/lib/test/auto/ConstraintMonitor2.xml
4 ms. Memory: 280576K Free: 115653K (41%)
----------------- Invoking toplevel() on ptolemy.moml.MoMLSimpleApplication@588b65bf
----------------- Done invoking toplevel() on ptolemy.moml.MoMLSimpleApplication@588b65bf
reloadAllAccessors: .ConstraintMonitor2

===========================================================================================
----------------- testing Wed Sep 02 15:41:29 UTC 2020 /home/travis/build/icyphy/ptII/ptolemy/actor/lib/test/auto/ConstraintMonitor3.xml
----------------- Instantiating /home/travis/build/icyphy/ptII/ptolemy/actor/lib/test/auto/ConstraintMonitor3.xml
4 ms. Memory: 280576K Free: 111043K (40%)
----------------- Invoking toplevel() on ptolemy.moml.MoMLSimpleApplication@66947580
----------------- Done invoking toplevel() on ptolemy.moml.MoMLSimpleApplication@66947580
reloadAllAccessors: .ConstraintMonitor3

===========================================================================================
----------------- testing Wed Sep 02 15:41:29 UTC 2020 /home/travis/build/icyphy/ptII/ptolemy/actor/lib/test/auto/ConstraintMonitor4.xml
----------------- Instantiating /home/travis/build/icyphy/ptII/ptolemy/actor/lib/test/auto/ConstraintMonitor4.xml
4 ms. Memory: 280576K Free: 105923K (38%)
----------------- Invoking toplevel() on ptolemy.moml.MoMLSimpleApplication@56297990
----------------- Done invoking toplevel() on ptolemy.moml.MoMLSimpleApplication@56297990
reloadAllAccessors: .ConstraintMonitor4

===========================================================================================
----------------- testing Wed Sep 02 15:41:29 UTC 2020 /home/travis/build/icyphy/ptII/ptolemy/actor/lib/test/auto/ConstraintMonitor5.xml
----------------- Instantiating /home/travis/build/icyphy/ptII/ptolemy/actor/lib/test/auto/ConstraintMonitor5.xml
4 ms. Memory: 280576K Free: 100803K (36%)
----------------- Invoking toplevel() on ptolemy.moml.MoMLSimpleApplication@3be61d1e
----------------- Done invoking toplevel() on ptolemy.moml.MoMLSimpleApplication@3be61d1e
reloadAllAccessors: .ConstraintMonitor5

===========================================================================================
----------------- testing Wed Sep 02 15:41:29 UTC 2020 /home/travis/build/icyphy/ptII/ptolemy/actor/lib/test/auto/ConstraintMonitor6.xml
----------------- Instantiating /home/travis/build/icyphy/ptII/ptolemy/actor/lib/test/auto/ConstraintMonitor6.xml
5 ms. Memory: 280576K Free: 94645K (34%)
----------------- Invoking toplevel() on ptolemy.moml.MoMLSimpleApplication@7ed198fd
----------------- Done invoking toplevel() on ptolemy.moml.MoMLSimpleApplication@7ed198fd
reloadAllAccessors: .ConstraintMonitor6

===========================================================================================
----------------- testing Wed Sep 02 15:41:29 UTC 2020 /home/travis/build/icyphy/ptII/ptolemy/actor/lib/test/auto/ConstraintMonitor7.xml
----------------- Instantiating /home/travis/build/icyphy/ptII/ptolemy/actor/lib/test/auto/ConstraintMonitor7.xml
6 ms. Memory: 280576K Free: 88005K (31%)
----------------- Invoking toplevel() on ptolemy.moml.MoMLSimpleApplication@199100a4
----------------- Done invoking toplevel() on ptolemy.moml.MoMLSimpleApplication@199100a4
reloadAllAccessors: .ConstraintMonitor7

===========================================================================================
----------------- testing Wed Sep 02 15:41:29 UTC 2020 /home/travis/build/icyphy/ptII/ptolemy/actor/lib/test/auto/ConstraintMonitor8.xml
----------------- Instantiating /home/travis/build/icyphy/ptII/ptolemy/actor/lib/test/auto/ConstraintMonitor8.xml
4 ms. Memory: 280576K Free: 80317K (29%)
----------------- Invoking toplevel() on ptolemy.moml.MoMLSimpleApplication@57f8321c
----------------- Done invoking toplevel() on ptolemy.moml.MoMLSimpleApplication@57f8321c
reloadAllAccessors: .ConstraintMonitor8

===========================================================================================
----------------- testing Wed Sep 02 15:41:30 UTC 2020 /home/travis/build/icyphy/ptII/ptolemy/actor/lib/test/auto/Counter.xml
----------------- Instantiating /home/travis/build/icyphy/ptII/ptolemy/actor/lib/test/auto/Counter.xml
2 ms. Memory: 280576K Free: 75203K (27%)
----------------- Invoking toplevel() on ptolemy.moml.MoMLSimpleApplication@5417fc62
----------------- Done invoking toplevel() on ptolemy.moml.MoMLSimpleApplication@5417fc62
reloadAllAccessors: .Counter

===========================================================================================
----------------- testing Wed Sep 02 15:41:30 UTC 2020 /home/travis/build/icyphy/ptII/ptolemy/actor/lib/test/auto/CurrentTimeSDF.xml
----------------- Instantiating /home/travis/build/icyphy/ptII/ptolemy/actor/lib/test/auto/CurrentTimeSDF.xml
1 ms. Memory: 280576K Free: 71107K (25%)
----------------- Invoking toplevel() on ptolemy.moml.MoMLSimpleApplication@7525430d
----------------- Done invoking toplevel() on ptolemy.moml.MoMLSimpleApplication@7525430d
reloadAllAccessors: .CurrentTimeSDF

===========================================================================================
----------------- testing Wed Sep 02 15:41:30 UTC 2020 /home/travis/build/icyphy/ptII/ptolemy/actor/lib/test/auto/DB.xml
----------------- Instantiating /home/travis/build/icyphy/ptII/ptolemy/actor/lib/test/auto/DB.xml
3 ms. Memory: 280576K Free: 230649K (82%)
----------------- Invoking toplevel() on ptolemy.moml.MoMLSimpleApplication@616eb288
----------------- Done invoking toplevel() on ptolemy.moml.MoMLSimpleApplication@616eb288
reloadAllAccessors: .DB

===========================================================================================
----------------- testing Wed Sep 02 15:41:30 UTC 2020 /home/travis/build/icyphy/ptII/ptolemy/actor/lib/test/auto/DBDE.xml
----------------- Instantiating /home/travis/build/icyphy/ptII/ptolemy/actor/lib/test/auto/DBDE.xml
2 ms. Memory: 280576K Free: 224505K (80%)
----------------- Invoking toplevel() on ptolemy.moml.MoMLSimpleApplication@1c07c780
----------------- Done invoking toplevel() on ptolemy.moml.MoMLSimpleApplication@1c07c780
reloadAllAccessors: .DBDE

===========================================================================================
----------------- testing Wed Sep 02 15:41:30 UTC 2020 /home/travis/build/icyphy/ptII/ptolemy/actor/lib/test/auto/DateConstructor.xml
----------------- Instantiating /home/travis/build/icyphy/ptII/ptolemy/actor/lib/test/auto/DateConstructor.xml
28 ms. Memory: 280576K Free: 207111K (74%)
----------------- Invoking toplevel() on ptolemy.moml.MoMLSimpleApplication@3d95949e
----------------- Done invoking toplevel() on ptolemy.moml.MoMLSimpleApplication@3d95949e
reloadAllAccessors: .DateConstructor

===========================================================================================
----------------- testing Wed Sep 02 15:41:30 UTC 2020 /home/travis/build/icyphy/ptII/ptolemy/actor/lib/test/auto/DelayTime.xml
----------------- Instantiating /home/travis/build/icyphy/ptII/ptolemy/actor/lib/test/auto/DelayTime.xml
8 ms. Memory: 280576K Free: 201991K (72%)
----------------- Invoking toplevel() on ptolemy.moml.MoMLSimpleApplication@7ea2c18a
----------------- Done invoking toplevel() on ptolemy.moml.MoMLSimpleApplication@7ea2c18a
reloadAllAccessors: .DelayTime

===========================================================================================
----------------- testing Wed Sep 02 15:41:30 UTC 2020 /home/travis/build/icyphy/ptII/ptolemy/actor/lib/test/auto/Dictionary1.xml
----------------- Instantiating /home/travis/build/icyphy/ptII/ptolemy/actor/lib/test/auto/Dictionary1.xml
1 ms. Memory: 280576K Free: 196871K (70%)
----------------- Invoking toplevel() on ptolemy.moml.MoMLSimpleApplication@855e92f
----------------- Done invoking toplevel() on ptolemy.moml.MoMLSimpleApplication@855e92f
reloadAllAccessors: .Dictionary1

===========================================================================================
----------------- testing Wed Sep 02 15:41:30 UTC 2020 /home/travis/build/icyphy/ptII/ptolemy/actor/lib/test/auto/Dictionary2.xml
----------------- Instantiating /home/travis/build/icyphy/ptII/ptolemy/actor/lib/test/auto/Dictionary2.xml
4 ms. Memory: 280576K Free: 191241K (68%)
----------------- Invoking toplevel() on ptolemy.moml.MoMLSimpleApplication@d6b3ae6
----------------- Done invoking toplevel() on ptolemy.moml.MoMLSimpleApplication@d6b3ae6
reloadAllAccessors: .Dictionary2

===========================================================================================
----------------- testing Wed Sep 02 15:41:30 UTC 2020 /home/travis/build/icyphy/ptII/ptolemy/actor/lib/test/auto/Dictionary3.xml
----------------- Instantiating /home/travis/build/icyphy/ptII/ptolemy/actor/lib/test/auto/Dictionary3.xml
2 ms. Memory: 280576K Free: 185607K (66%)
----------------- Invoking toplevel() on ptolemy.moml.MoMLSimpleApplication@333d8226
----------------- Done invoking toplevel() on ptolemy.moml.MoMLSimpleApplication@333d8226
reloadAllAccessors: .Dictionary3

===========================================================================================
----------------- testing Wed Sep 02 15:41:30 UTC 2020 /home/travis/build/icyphy/ptII/ptolemy/actor/lib/test/auto/Dictionary4.xml
----------------- Instantiating /home/travis/build/icyphy/ptII/ptolemy/actor/lib/test/auto/Dictionary4.xml
3 ms. Memory: 280576K Free: 178953K (64%)
----------------- Invoking toplevel() on ptolemy.moml.MoMLSimpleApplication@6e09e76e
----------------- Done invoking toplevel() on ptolemy.moml.MoMLSimpleApplication@6e09e76e
reloadAllAccessors: .Dictionary4

===========================================================================================
----------------- testing Wed Sep 02 15:41:30 UTC 2020 /home/travis/build/icyphy/ptII/ptolemy/actor/lib/test/auto/Differential.xml
----------------- Instantiating /home/travis/build/icyphy/ptII/ptolemy/actor/lib/test/auto/Differential.xml
3 ms. Memory: 280576K Free: 174343K (62%)
----------------- Invoking toplevel() on ptolemy.moml.MoMLSimpleApplication@5a7d6b9
----------------- Done invoking toplevel() on ptolemy.moml.MoMLSimpleApplication@5a7d6b9
reloadAllAccessors: .Differential

===========================================================================================
----------------- testing Wed Sep 02 15:41:30 UTC 2020 /home/travis/build/icyphy/ptII/ptolemy/actor/lib/test/auto/Director.xml
----------------- Instantiating /home/travis/build/icyphy/ptII/ptolemy/actor/lib/test/auto/Director.xml
2 ms. Memory: 280576K Free: 170761K (61%)
----------------- Invoking toplevel() on ptolemy.moml.MoMLSimpleApplication@3f4b7d82
----------------- Done invoking toplevel() on ptolemy.moml.MoMLSimpleApplication@3f4b7d82
reloadAllAccessors: .Director

===========================================================================================
----------------- testing Wed Sep 02 15:41:30 UTC 2020 /home/travis/build/icyphy/ptII/ptolemy/actor/lib/test/auto/DiscreteClock.xml
----------------- Instantiating /home/travis/build/icyphy/ptII/ptolemy/actor/lib/test/auto/DiscreteClock.xml
1 ms. Memory: 280576K Free: 166665K (59%)
----------------- Invoking toplevel() on ptolemy.moml.MoMLSimpleApplication@7d37c1b3
----------------- Done invoking toplevel() on ptolemy.moml.MoMLSimpleApplication@7d37c1b3
reloadAllAccessors: .DiscreteClock

===========================================================================================
----------------- testing Wed Sep 02 15:41:30 UTC 2020 /home/travis/build/icyphy/ptII/ptolemy/actor/lib/test/auto/DiscreteClock10.xml
----------------- Instantiating /home/travis/build/icyphy/ptII/ptolemy/actor/lib/test/auto/DiscreteClock10.xml
5 ms. Memory: 280576K Free: 161031K (57%)
----------------- Invoking toplevel() on ptolemy.moml.MoMLSimpleApplication@3fc21b1
----------------- Done invoking toplevel() on ptolemy.moml.MoMLSimpleApplication@3fc21b1
reloadAllAccessors: .DiscreteClock10

===========================================================================================
----------------- testing Wed Sep 02 15:41:30 UTC 2020 /home/travis/build/icyphy/ptII/ptolemy/actor/lib/test/auto/DiscreteClock11.xml
----------------- Instantiating /home/travis/build/icyphy/ptII/ptolemy/actor/lib/test/auto/DiscreteClock11.xml
2 ms. Memory: 280576K Free: 154887K (55%)
----------------- Invoking toplevel() on ptolemy.moml.MoMLSimpleApplication@b970e97
----------------- Done invoking toplevel() on ptolemy.moml.MoMLSimpleApplication@b970e97
reloadAllAccessors: .DiscreteClock11

===========================================================================================
----------------- testing Wed Sep 02 15:41:30 UTC 2020 /home/travis/build/icyphy/ptII/ptolemy/actor/lib/test/auto/DiscreteClock12.xml
----------------- Instantiating /home/travis/build/icyphy/ptII/ptolemy/actor/lib/test/auto/DiscreteClock12.xml
3 ms. Memory: 280576K Free: 148743K (53%)
----------------- Invoking toplevel() on ptolemy.moml.MoMLSimpleApplication@355fa287
----------------- Done invoking toplevel() on ptolemy.moml.MoMLSimpleApplication@355fa287
reloadAllAccessors: .DiscreteClock12

===========================================================================================
----------------- testing Wed Sep 02 15:41:30 UTC 2020 /home/travis/build/icyphy/ptII/ptolemy/actor/lib/test/auto/DiscreteClock13.xml
----------------- Instantiating /home/travis/build/icyphy/ptII/ptolemy/actor/lib/test/auto/DiscreteClock13.xml
5 ms. Memory: 280576K Free: 142568K (51%)
----------------- Invoking toplevel() on ptolemy.moml.MoMLSimpleApplication@9481d8
----------------- Done invoking toplevel() on ptolemy.moml.MoMLSimpleApplication@9481d8
reloadAllAccessors: .DiscreteClock13

===========================================================================================
----------------- testing Wed Sep 02 15:41:30 UTC 2020 /home/travis/build/icyphy/ptII/ptolemy/actor/lib/test/auto/DiscreteClock14.xml
----------------- Instantiating /home/travis/build/icyphy/ptII/ptolemy/actor/lib/test/auto/DiscreteClock14.xml
5 ms. Memory: 280576K Free: 136969K (49%)
----------------- Invoking toplevel() on ptolemy.moml.MoMLSimpleApplication@1673fb0f
----------------- Done invoking toplevel() on ptolemy.moml.MoMLSimpleApplication@1673fb0f
reloadAllAccessors: .DiscreteClock14

===========================================================================================
----------------- testing Wed Sep 02 15:41:30 UTC 2020 /home/travis/build/icyphy/ptII/ptolemy/actor/lib/test/auto/DiscreteClock15.xml
----------------- Instantiating /home/travis/build/icyphy/ptII/ptolemy/actor/lib/test/auto/DiscreteClock15.xml
5 ms. Memory: 280576K Free: 130825K (47%)
----------------- Invoking toplevel() on ptolemy.moml.MoMLSimpleApplication@3d7a3c27
----------------- Done invoking toplevel() on ptolemy.moml.MoMLSimpleApplication@3d7a3c27
reloadAllAccessors: .DiscreteClock15

===========================================================================================
----------------- testing Wed Sep 02 15:41:30 UTC 2020 /home/travis/build/icyphy/ptII/ptolemy/actor/lib/test/auto/DiscreteClock16.xml
----------------- Instantiating /home/travis/build/icyphy/ptII/ptolemy/actor/lib/test/auto/DiscreteClock16.xml
18 ms. Memory: 280576K Free: 116985K (42%)
----------------- Invoking toplevel() on ptolemy.moml.MoMLSimpleApplication@6e6fd23b
----------------- Done invoking toplevel() on ptolemy.moml.MoMLSimpleApplication@6e6fd23b
reloadAllAccessors: .DiscreteClock16

===========================================================================================
----------------- testing Wed Sep 02 15:41:30 UTC 2020 /home/travis/build/icyphy/ptII/ptolemy/actor/lib/test/auto/DiscreteClock17.xml
----------------- Instantiating /home/travis/build/icyphy/ptII/ptolemy/actor/lib/test/auto/DiscreteClock17.xml
17 ms. Memory: 280576K Free: 102657K (37%)
----------------- Invoking toplevel() on ptolemy.moml.MoMLSimpleApplication@33560414
----------------- Done invoking toplevel() on ptolemy.moml.MoMLSimpleApplication@33560414
reloadAllAccessors: .DiscreteClock17

===========================================================================================
----------------- testing Wed Sep 02 15:41:30 UTC 2020 /home/travis/build/icyphy/ptII/ptolemy/actor/lib/test/auto/DiscreteClock18.xml
----------------- Instantiating /home/travis/build/icyphy/ptII/ptolemy/actor/lib/test/auto/DiscreteClock18.xml
27 ms. Memory: 280576K Free: 89337K (32%)
----------------- Invoking toplevel() on ptolemy.moml.MoMLSimpleApplication@9384fe3
----------------- Done invoking toplevel() on ptolemy.moml.MoMLSimpleApplication@9384fe3
reloadAllAccessors: .DiscreteClock18

===========================================================================================
----------------- testing Wed Sep 02 15:41:30 UTC 2020 /home/travis/build/icyphy/ptII/ptolemy/actor/lib/test/auto/DiscreteClock19.xml
----------------- Instantiating /home/travis/build/icyphy/ptII/ptolemy/actor/lib/test/auto/DiscreteClock19.xml
18 ms. Memory: 280576K Free: 75529K (27%)
----------------- Invoking toplevel() on ptolemy.moml.MoMLSimpleApplication@619655d8
----------------- Done invoking toplevel() on ptolemy.moml.MoMLSimpleApplication@619655d8
reloadAllAccessors: .DiscreteClock19

===========================================================================================
----------------- testing Wed Sep 02 15:41:30 UTC 2020 /home/travis/build/icyphy/ptII/ptolemy/actor/lib/test/auto/DiscreteClock2.xml
----------------- Instantiating /home/travis/build/icyphy/ptII/ptolemy/actor/lib/test/auto/DiscreteClock2.xml
2 ms. Memory: 280576K Free: 70409K (25%)
----------------- Invoking toplevel() on ptolemy.moml.MoMLSimpleApplication@66cf0ab6
----------------- Done invoking toplevel() on ptolemy.moml.MoMLSimpleApplication@66cf0ab6
reloadAllAccessors: .DiscreteClock2

===========================================================================================
----------------- testing Wed Sep 02 15:41:30 UTC 2020 /home/travis/build/icyphy/ptII/ptolemy/actor/lib/test/auto/DiscreteClock20.xml
----------------- Instantiating /home/travis/build/icyphy/ptII/ptolemy/actor/lib/test/auto/DiscreteClock20.xml
7 ms. Memory: 280576K Free: 229360K (82%)
----------------- Invoking toplevel() on ptolemy.moml.MoMLSimpleApplication@4588ff53
----------------- Done invoking toplevel() on ptolemy.moml.MoMLSimpleApplication@4588ff53
reloadAllAccessors: .DiscreteClock20

===========================================================================================
----------------- testing Wed Sep 02 15:41:30 UTC 2020 /home/travis/build/icyphy/ptII/ptolemy/actor/lib/test/auto/DiscreteClock21.xml
----------------- Instantiating /home/travis/build/icyphy/ptII/ptolemy/actor/lib/test/auto/DiscreteClock21.xml
5 ms. Memory: 280576K Free: 223760K (80%)
----------------- Invoking toplevel() on ptolemy.moml.MoMLSimpleApplication@58292cc0
----------------- Done invoking toplevel() on ptolemy.moml.MoMLSimpleApplication@58292cc0
reloadAllAccessors: .DiscreteClock21

===========================================================================================
----------------- testing Wed Sep 02 15:41:30 UTC 2020 /home/travis/build/icyphy/ptII/ptolemy/actor/lib/test/auto/DiscreteClock22.xml
----------------- Instantiating /home/travis/build/icyphy/ptII/ptolemy/actor/lib/test/auto/DiscreteClock22.xml
4 ms. Memory: 280576K Free: 218126K (78%)
----------------- Invoking toplevel() on ptolemy.moml.MoMLSimpleApplication@fe27e81
----------------- Done invoking toplevel() on ptolemy.moml.MoMLSimpleApplication@fe27e81
reloadAllAccessors: .DiscreteClock22

===========================================================================================
----------------- testing Wed Sep 02 15:41:30 UTC 2020 /home/travis/build/icyphy/ptII/ptolemy/actor/lib/test/auto/DiscreteClock23.xml
----------------- Instantiating /home/travis/build/icyphy/ptII/ptolemy/actor/lib/test/auto/DiscreteClock23.xml
5 ms. Memory: 280576K Free: 212496K (76%)
----------------- Invoking toplevel() on ptolemy.moml.MoMLSimpleApplication@6d3c73c1
----------------- Done invoking toplevel() on ptolemy.moml.MoMLSimpleApplication@6d3c73c1
reloadAllAccessors: .DiscreteClock23

===========================================================================================
----------------- testing Wed Sep 02 15:41:30 UTC 2020 /home/travis/build/icyphy/ptII/ptolemy/actor/lib/test/auto/DiscreteClock24.xml
----------------- Instantiating /home/travis/build/icyphy/ptII/ptolemy/actor/lib/test/auto/DiscreteClock24.xml
4 ms. Memory: 280576K Free: 206862K (74%)
----------------- Invoking toplevel() on ptolemy.moml.MoMLSimpleApplication@36e066f8
----------------- Done invoking toplevel() on ptolemy.moml.MoMLSimpleApplication@36e066f8
reloadAllAccessors: .DiscreteClock24

===========================================================================================
----------------- testing Wed Sep 02 15:41:30 UTC 2020 /home/travis/build/icyphy/ptII/ptolemy/actor/lib/test/auto/DiscreteClock4.xml
----------------- Instantiating /home/travis/build/icyphy/ptII/ptolemy/actor/lib/test/auto/DiscreteClock4.xml
6 ms. Memory: 280576K Free: 201728K (72%)
----------------- Invoking toplevel() on ptolemy.moml.MoMLSimpleApplication@25db7e10
----------------- Done invoking toplevel() on ptolemy.moml.MoMLSimpleApplication@25db7e10
reloadAllAccessors: .DiscreteClock4

===========================================================================================
----------------- testing Wed Sep 02 15:41:30 UTC 2020 /home/travis/build/icyphy/ptII/ptolemy/actor/lib/test/auto/DiscreteClock5.xml
----------------- Instantiating /home/travis/build/icyphy/ptII/ptolemy/actor/lib/test/auto/DiscreteClock5.xml
2 ms. Memory: 280576K Free: 196112K (70%)
----------------- Invoking toplevel() on ptolemy.moml.MoMLSimpleApplication@1ca30928
----------------- Done invoking toplevel() on ptolemy.moml.MoMLSimpleApplication@1ca30928
reloadAllAccessors: .DiscreteClock5

===========================================================================================
----------------- testing Wed Sep 02 15:41:30 UTC 2020 /home/travis/build/icyphy/ptII/ptolemy/actor/lib/test/auto/DiscreteClock6.xml
----------------- Instantiating /home/travis/build/icyphy/ptII/ptolemy/actor/lib/test/auto/DiscreteClock6.xml
1 ms. Memory: 280576K Free: 192016K (68%)
----------------- Invoking toplevel() on ptolemy.moml.MoMLSimpleApplication@6e24e8e5
----------------- Done invoking toplevel() on ptolemy.moml.MoMLSimpleApplication@6e24e8e5
reloadAllAccessors: .DiscreteClock6

===========================================================================================
----------------- testing Wed Sep 02 15:41:30 UTC 2020 /home/travis/build/icyphy/ptII/ptolemy/actor/lib/test/auto/DiscreteClock7.xml
----------------- Instantiating /home/travis/build/icyphy/ptII/ptolemy/actor/lib/test/auto/DiscreteClock7.xml
1 ms. Memory: 280576K Free: 187406K (67%)
----------------- Invoking toplevel() on ptolemy.moml.MoMLSimpleApplication@549bff7
----------------- Done invoking toplevel() on ptolemy.moml.MoMLSimpleApplication@549bff7
reloadAllAccessors: .DiscreteClock7

===========================================================================================
----------------- testing Wed Sep 02 15:41:30 UTC 2020 /home/travis/build/icyphy/ptII/ptolemy/actor/lib/test/auto/DiscreteClock8.xml
----------------- Instantiating /home/travis/build/icyphy/ptII/ptolemy/actor/lib/test/auto/DiscreteClock8.xml
5 ms. Memory: 280576K Free: 182272K (65%)
----------------- Invoking toplevel() on ptolemy.moml.MoMLSimpleApplication@4adf5b29
----------------- Done invoking toplevel() on ptolemy.moml.MoMLSimpleApplication@4adf5b29
reloadAllAccessors: .DiscreteClock8

===========================================================================================
----------------- testing Wed Sep 02 15:41:30 UTC 2020 /home/travis/build/icyphy/ptII/ptolemy/actor/lib/test/auto/DiscreteClock9.xml
----------------- Instantiating /home/travis/build/icyphy/ptII/ptolemy/actor/lib/test/auto/DiscreteClock9.xml
5 ms. Memory: 280576K Free: 176656K (63%)
----------------- Invoking toplevel() on ptolemy.moml.MoMLSimpleApplication@17be60fe
----------------- Done invoking toplevel() on ptolemy.moml.MoMLSimpleApplication@17be60fe
reloadAllAccessors: .DiscreteClock9

===========================================================================================
----------------- testing Wed Sep 02 15:41:30 UTC 2020 /home/travis/build/icyphy/ptII/ptolemy/actor/lib/test/auto/DisplayArray.xml
----------------- Instantiating /home/travis/build/icyphy/ptII/ptolemy/actor/lib/test/auto/DisplayArray.xml
1 ms. Memory: 280576K Free: 173070K (62%)
----------------- Invoking toplevel() on ptolemy.moml.MoMLSimpleApplication@177d08b0
----------------- Done invoking toplevel() on ptolemy.moml.MoMLSimpleApplication@177d08b0
reloadAllAccessors: .DisplayArray

===========================================================================================
----------------- testing Wed Sep 02 15:41:30 UTC 2020 /home/travis/build/icyphy/ptII/ptolemy/actor/lib/test/auto/Distributor.xml
----------------- Instantiating /home/travis/build/icyphy/ptII/ptolemy/actor/lib/test/auto/Distributor.xml
2 ms. Memory: 280576K Free: 167950K (60%)
----------------- Invoking toplevel() on ptolemy.moml.MoMLSimpleApplication@6a2d9ea0
----------------- Done invoking toplevel() on ptolemy.moml.MoMLSimpleApplication@6a2d9ea0
reloadAllAccessors: .Distributor

===========================================================================================
----------------- testing Wed Sep 02 15:41:30 UTC 2020 /home/travis/build/icyphy/ptII/ptolemy/actor/lib/test/auto/Distributor2.xml
----------------- Instantiating /home/travis/build/icyphy/ptII/ptolemy/actor/lib/test/auto/Distributor2.xml
2 ms. Memory: 280576K Free: 162830K (58%)
----------------- Invoking toplevel() on ptolemy.moml.MoMLSimpleApplication@3546cda
----------------- Done invoking toplevel() on ptolemy.moml.MoMLSimpleApplication@3546cda
reloadAllAccessors: .Distributor2

===========================================================================================
----------------- testing Wed Sep 02 15:41:30 UTC 2020 /home/travis/build/icyphy/ptII/ptolemy/actor/lib/test/auto/DownSample.xml
----------------- Instantiating /home/travis/build/icyphy/ptII/ptolemy/actor/lib/test/auto/DownSample.xml
1 ms. Memory: 280576K Free: 158734K (57%)
----------------- Invoking toplevel() on ptolemy.moml.MoMLSimpleApplication@1a336a82
----------------- Done invoking toplevel() on ptolemy.moml.MoMLSimpleApplication@1a336a82
reloadAllAccessors: .DownSample

===========================================================================================
----------------- testing Wed Sep 02 15:41:30 UTC 2020 /home/travis/build/icyphy/ptII/ptolemy/actor/lib/test/auto/ElectronicUnitBase1.xml
----------------- Instantiating /home/travis/build/icyphy/ptII/ptolemy/actor/lib/test/auto/ElectronicUnitBase1.xml
14 ms. Memory: 280576K Free: 142350K (51%)
----------------- Invoking toplevel() on ptolemy.moml.MoMLSimpleApplication@dee8c95
----------------- Done invoking toplevel() on ptolemy.moml.MoMLSimpleApplication@dee8c95
reloadAllAccessors: .ElectronicUnitBase1

===========================================================================================
----------------- testing Wed Sep 02 15:41:31 UTC 2020 /home/travis/build/icyphy/ptII/ptolemy/actor/lib/test/auto/ElementsToArray.xml
----------------- Instantiating /home/travis/build/icyphy/ptII/ptolemy/actor/lib/test/auto/ElementsToArray.xml
1 ms. Memory: 280576K Free: 137230K (49%)
----------------- Invoking toplevel() on ptolemy.moml.MoMLSimpleApplication@13e8b050
----------------- Done invoking toplevel() on ptolemy.moml.MoMLSimpleApplication@13e8b050
reloadAllAccessors: .ElementsToArray

===========================================================================================
----------------- testing Wed Sep 02 15:41:31 UTC 2020 /home/travis/build/icyphy/ptII/ptolemy/actor/lib/test/auto/Equals.xml
----------------- Instantiating /home/travis/build/icyphy/ptII/ptolemy/actor/lib/test/auto/Equals.xml
1 ms. Memory: 280576K Free: 132624K (47%)
----------------- Invoking toplevel() on ptolemy.moml.MoMLSimpleApplication@5cb52857
----------------- Done invoking toplevel() on ptolemy.moml.MoMLSimpleApplication@5cb52857
reloadAllAccessors: .Equals

===========================================================================================
----------------- testing Wed Sep 02 15:41:31 UTC 2020 /home/travis/build/icyphy/ptII/ptolemy/actor/lib/test/auto/Exec.xml
----------------- Instantiating /home/travis/build/icyphy/ptII/ptolemy/actor/lib/test/auto/Exec.xml
19 ms. Memory: 280576K Free: 126480K (45%)
----------------- Invoking toplevel() on ptolemy.moml.MoMLSimpleApplication@54c9147a
----------------- Done invoking toplevel() on ptolemy.moml.MoMLSimpleApplication@54c9147a
reloadAllAccessors: .Exec

===========================================================================================
----------------- testing Wed Sep 02 15:41:31 UTC 2020 /home/travis/build/icyphy/ptII/ptolemy/actor/lib/test/auto/ExecEnvironment.xml
----------------- Instantiating /home/travis/build/icyphy/ptII/ptolemy/actor/lib/test/auto/ExecEnvironment.xml
25 ms. Memory: 280576K Free: 121856K (43%)
----------------- Invoking toplevel() on ptolemy.moml.MoMLSimpleApplication@ca4edf5
----------------- Done invoking toplevel() on ptolemy.moml.MoMLSimpleApplication@ca4edf5
reloadAllAccessors: .ExecEnvironment

===========================================================================================
----------------- testing Wed Sep 02 15:41:31 UTC 2020 /home/travis/build/icyphy/ptII/ptolemy/actor/lib/test/auto/ExecNonZeroReturnOutput.xml
----------------- Instantiating /home/travis/build/icyphy/ptII/ptolemy/actor/lib/test/auto/ExecNonZeroReturnOutput.xml
168 ms. Memory: 280576K Free: 110606K (39%)
----------------- Invoking toplevel() on ptolemy.moml.MoMLSimpleApplication@7bac14ba
----------------- Done invoking toplevel() on ptolemy.moml.MoMLSimpleApplication@7bac14ba
reloadAllAccessors: .ExecNonZeroReturnOutput

===========================================================================================
----------------- testing Wed Sep 02 15:41:31 UTC 2020 /home/travis/build/icyphy/ptII/ptolemy/actor/lib/test/auto/ExecRunDemos.xml
----------------- Instantiating /home/travis/build/icyphy/ptII/ptolemy/actor/lib/test/auto/ExecRunDemos.xml
Finished: 124 ms. Memory: 129024K Free: 112466K (87%)

Finished: 82 ms. Memory: 129024K Free: 109459K (85%)

Finished: 89 ms. Memory: 129024K Free: 109549K (85%)

Finished: 84 ms. Memory: 129024K Free: 111103K (86%)

Finished: 62 ms. Memory: 129024K Free: 111828K (87%)

10943 ms. Memory: 280576K Free: 89614K (32%)
----------------- Invoking toplevel() on ptolemy.moml.MoMLSimpleApplication@226b495
----------------- Done invoking toplevel() on ptolemy.moml.MoMLSimpleApplication@226b495
reloadAllAccessors: .ExecRunDemos

===========================================================================================
----------------- testing Wed Sep 02 15:41:42 UTC 2020 /home/travis/build/icyphy/ptII/ptolemy/actor/lib/test/auto/ExecStop.xml
----------------- Instantiating /home/travis/build/icyphy/ptII/ptolemy/actor/lib/test/auto/ExecStop.xml
5026 ms. Memory: 280576K Free: 131010K (47%)
----------------- Invoking toplevel() on ptolemy.moml.MoMLSimpleApplication@675b4528
----------------- Done invoking toplevel() on ptolemy.moml.MoMLSimpleApplication@675b4528
reloadAllAccessors: .ExecStop

===========================================================================================
----------------- testing Wed Sep 02 15:41:47 UTC 2020 /home/travis/build/icyphy/ptII/ptolemy/actor/lib/test/auto/ExecutionTimeSDF.xml
----------------- Instantiating /home/travis/build/icyphy/ptII/ptolemy/actor/lib/test/auto/ExecutionTimeSDF.xml
Fired ExecutionTime: -810567296
Fired ExecutionTime: 1336000000
Fired ExecutionTime: 1356400000
6008 ms. Memory: 280576K Free: 117956K (42%)
----------------- Invoking toplevel() on ptolemy.moml.MoMLSimpleApplication@32577a7c
----------------- Done invoking toplevel() on ptolemy.moml.MoMLSimpleApplication@32577a7c
reloadAllAccessors: .ExecutionTimeSDF

===========================================================================================
----------------- testing Wed Sep 02 15:41:53 UTC 2020 /home/travis/build/icyphy/ptII/ptolemy/actor/lib/test/auto/Expression1.xml
----------------- Instantiating /home/travis/build/icyphy/ptII/ptolemy/actor/lib/test/auto/Expression1.xml
1 ms. Memory: 280576K Free: 114448K (41%)
----------------- Invoking toplevel() on ptolemy.moml.MoMLSimpleApplication@fa3fd79
----------------- Done invoking toplevel() on ptolemy.moml.MoMLSimpleApplication@fa3fd79
reloadAllAccessors: .Expression1

===========================================================================================
----------------- testing Wed Sep 02 15:41:53 UTC 2020 /home/travis/build/icyphy/ptII/ptolemy/actor/lib/test/auto/Expression10.xml
----------------- Instantiating /home/travis/build/icyphy/ptII/ptolemy/actor/lib/test/auto/Expression10.xml
8 ms. Memory: 280576K Free: 109350K (39%)
----------------- Invoking toplevel() on ptolemy.moml.MoMLSimpleApplication@549bcd56
----------------- Done invoking toplevel() on ptolemy.moml.MoMLSimpleApplication@549bcd56
reloadAllAccessors: .Expression10

===========================================================================================
----------------- testing Wed Sep 02 15:41:53 UTC 2020 /home/travis/build/icyphy/ptII/ptolemy/actor/lib/test/auto/Expression11.xml
----------------- Instantiating /home/travis/build/icyphy/ptII/ptolemy/actor/lib/test/auto/Expression11.xml
2 ms. Memory: 280576K Free: 104644K (37%)
----------------- Invoking toplevel() on ptolemy.moml.MoMLSimpleApplication@23b1d22b
----------------- Done invoking toplevel() on ptolemy.moml.MoMLSimpleApplication@23b1d22b
reloadAllAccessors: .Expression11

===========================================================================================
----------------- testing Wed Sep 02 15:41:53 UTC 2020 /home/travis/build/icyphy/ptII/ptolemy/actor/lib/test/auto/Expression12.xml
----------------- Instantiating /home/travis/build/icyphy/ptII/ptolemy/actor/lib/test/auto/Expression12.xml
4 ms. Memory: 280576K Free: 99636K (36%)
----------------- Invoking toplevel() on ptolemy.moml.MoMLSimpleApplication@1ef76675
----------------- Done invoking toplevel() on ptolemy.moml.MoMLSimpleApplication@1ef76675
reloadAllAccessors: .Expression12

===========================================================================================
----------------- testing Wed Sep 02 15:41:53 UTC 2020 /home/travis/build/icyphy/ptII/ptolemy/actor/lib/test/auto/Expression13.xml
----------------- Instantiating /home/travis/build/icyphy/ptII/ptolemy/actor/lib/test/auto/Expression13.xml
2 ms. Memory: 280576K Free: 94404K (34%)
----------------- Invoking toplevel() on ptolemy.moml.MoMLSimpleApplication@3d01fc93
----------------- Done invoking toplevel() on ptolemy.moml.MoMLSimpleApplication@3d01fc93
reloadAllAccessors: .Expression13

===========================================================================================
----------------- testing Wed Sep 02 15:41:53 UTC 2020 /home/travis/build/icyphy/ptII/ptolemy/actor/lib/test/auto/Expression14.xml
----------------- Instantiating /home/travis/build/icyphy/ptII/ptolemy/actor/lib/test/auto/Expression14.xml
3 ms. Memory: 280576K Free: 88870K (32%)
----------------- Invoking toplevel() on ptolemy.moml.MoMLSimpleApplication@2d86cddf
----------------- Done invoking toplevel() on ptolemy.moml.MoMLSimpleApplication@2d86cddf
reloadAllAccessors: .Expression14

===========================================================================================
----------------- testing Wed Sep 02 15:41:53 UTC 2020 /home/travis/build/icyphy/ptII/ptolemy/actor/lib/test/auto/Expression15.xml
----------------- Instantiating /home/travis/build/icyphy/ptII/ptolemy/actor/lib/test/auto/Expression15.xml
2 ms. Memory: 280576K Free: 84752K (30%)
----------------- Invoking toplevel() on ptolemy.moml.MoMLSimpleApplication@718828ba
----------------- Done invoking toplevel() on ptolemy.moml.MoMLSimpleApplication@718828ba
reloadAllAccessors: .Expression15

===========================================================================================
----------------- testing Wed Sep 02 15:41:53 UTC 2020 /home/travis/build/icyphy/ptII/ptolemy/actor/lib/test/auto/Expression16.xml
----------------- Instantiating /home/travis/build/icyphy/ptII/ptolemy/actor/lib/test/auto/Expression16.xml
2 ms. Memory: 280576K Free: 80244K (29%)
----------------- Invoking toplevel() on ptolemy.moml.MoMLSimpleApplication@621b2b85
----------------- Done invoking toplevel() on ptolemy.moml.MoMLSimpleApplication@621b2b85
reloadAllAccessors: .Expression16

===========================================================================================
----------------- testing Wed Sep 02 15:41:53 UTC 2020 /home/travis/build/icyphy/ptII/ptolemy/actor/lib/test/auto/Expression17.xml
----------------- Instantiating /home/travis/build/icyphy/ptII/ptolemy/actor/lib/test/auto/Expression17.xml
4 ms. Memory: 280576K Free: 75132K (27%)
----------------- Invoking toplevel() on ptolemy.moml.MoMLSimpleApplication@a076aea
----------------- Done invoking toplevel() on ptolemy.moml.MoMLSimpleApplication@a076aea
reloadAllAccessors: .Expression17

===========================================================================================
----------------- testing Wed Sep 02 15:41:53 UTC 2020 /home/travis/build/icyphy/ptII/ptolemy/actor/lib/test/auto/Expression18.xml
----------------- Instantiating /home/travis/build/icyphy/ptII/ptolemy/actor/lib/test/auto/Expression18.xml
3 ms. Memory: 280576K Free: 70408K (25%)
----------------- Invoking toplevel() on ptolemy.moml.MoMLSimpleApplication@3ab74594
----------------- Done invoking toplevel() on ptolemy.moml.MoMLSimpleApplication@3ab74594
reloadAllAccessors: .Expression18

===========================================================================================
----------------- testing Wed Sep 02 15:41:53 UTC 2020 /home/travis/build/icyphy/ptII/ptolemy/actor/lib/test/auto/Expression2.xml
----------------- Instantiating /home/travis/build/icyphy/ptII/ptolemy/actor/lib/test/auto/Expression2.xml
11 ms. Memory: 280576K Free: 230976K (82%)
----------------- Invoking toplevel() on ptolemy.moml.MoMLSimpleApplication@79335b80
----------------- Done invoking toplevel() on ptolemy.moml.MoMLSimpleApplication@79335b80
reloadAllAccessors: .Expression2

===========================================================================================
----------------- testing Wed Sep 02 15:41:53 UTC 2020 /home/travis/build/icyphy/ptII/ptolemy/actor/lib/test/auto/Expression3.xml
----------------- Instantiating /home/travis/build/icyphy/ptII/ptolemy/actor/lib/test/auto/Expression3.xml
6 ms. Memory: 280576K Free: 225728K (80%)
----------------- Invoking toplevel() on ptolemy.moml.MoMLSimpleApplication@2cb403bf
----------------- Done invoking toplevel() on ptolemy.moml.MoMLSimpleApplication@2cb403bf
reloadAllAccessors: .Expression3

===========================================================================================
----------------- testing Wed Sep 02 15:41:53 UTC 2020 /home/travis/build/icyphy/ptII/ptolemy/actor/lib/test/auto/Expression4.xml
----------------- Instantiating /home/travis/build/icyphy/ptII/ptolemy/actor/lib/test/auto/Expression4.xml
6 ms. Memory: 280576K Free: 218069K (78%)
----------------- Invoking toplevel() on ptolemy.moml.MoMLSimpleApplication@2a2e0b83
----------------- Done invoking toplevel() on ptolemy.moml.MoMLSimpleApplication@2a2e0b83
reloadAllAccessors: .Expression4

===========================================================================================
----------------- testing Wed Sep 02 15:41:53 UTC 2020 /home/travis/build/icyphy/ptII/ptolemy/actor/lib/test/auto/Expression5.xml
----------------- Instantiating /home/travis/build/icyphy/ptII/ptolemy/actor/lib/test/auto/Expression5.xml
3 ms. Memory: 280576K Free: 213496K (76%)
----------------- Invoking toplevel() on ptolemy.moml.MoMLSimpleApplication@2dc430ef
----------------- Done invoking toplevel() on ptolemy.moml.MoMLSimpleApplication@2dc430ef
reloadAllAccessors: .Expression5

===========================================================================================
----------------- testing Wed Sep 02 15:41:53 UTC 2020 /home/travis/build/icyphy/ptII/ptolemy/actor/lib/test/auto/Expression6.xml
----------------- Instantiating /home/travis/build/icyphy/ptII/ptolemy/actor/lib/test/auto/Expression6.xml
2 ms. Memory: 280576K Free: 208861K (74%)
----------------- Invoking toplevel() on ptolemy.moml.MoMLSimpleApplication@ec179d7
----------------- Done invoking toplevel() on ptolemy.moml.MoMLSimpleApplication@ec179d7
reloadAllAccessors: .Expression6

===========================================================================================
----------------- testing Wed Sep 02 15:41:53 UTC 2020 /home/travis/build/icyphy/ptII/ptolemy/actor/lib/test/auto/Expression7.xml
----------------- Instantiating /home/travis/build/icyphy/ptII/ptolemy/actor/lib/test/auto/Expression7.xml
2 ms. Memory: 280576K Free: 204294K (73%)
----------------- Invoking toplevel() on ptolemy.moml.MoMLSimpleApplication@24c4005
----------------- Done invoking toplevel() on ptolemy.moml.MoMLSimpleApplication@24c4005
reloadAllAccessors: .Expression7

===========================================================================================
----------------- testing Wed Sep 02 15:41:53 UTC 2020 /home/travis/build/icyphy/ptII/ptolemy/actor/lib/test/auto/Expression8.xml
----------------- Instantiating /home/travis/build/icyphy/ptII/ptolemy/actor/lib/test/auto/Expression8.xml
8 ms. Memory: 280576K Free: 199174K (71%)
----------------- Invoking toplevel() on ptolemy.moml.MoMLSimpleApplication@7d4b3b33
----------------- Done invoking toplevel() on ptolemy.moml.MoMLSimpleApplication@7d4b3b33
reloadAllAccessors: .Expression8

===========================================================================================
----------------- testing Wed Sep 02 15:41:53 UTC 2020 /home/travis/build/icyphy/ptII/ptolemy/actor/lib/test/auto/Expression9.xml
----------------- Instantiating /home/travis/build/icyphy/ptII/ptolemy/actor/lib/test/auto/Expression9.xml
1 ms. Memory: 280576K Free: 195527K (70%)
----------------- Invoking toplevel() on ptolemy.moml.MoMLSimpleApplication@5081614b
----------------- Done invoking toplevel() on ptolemy.moml.MoMLSimpleApplication@5081614b
reloadAllAccessors: .Expression9

===========================================================================================
----------------- testing Wed Sep 02 15:41:53 UTC 2020 /home/travis/build/icyphy/ptII/ptolemy/actor/lib/test/auto/ExpressionConcatenateArrayType.xml
----------------- Instantiating /home/travis/build/icyphy/ptII/ptolemy/actor/lib/test/auto/ExpressionConcatenateArrayType.xml
4 ms. Memory: 280576K Free: 188912K (67%)
----------------- Invoking toplevel() on ptolemy.moml.MoMLSimpleApplication@728d92ae
----------------- Done invoking toplevel() on ptolemy.moml.MoMLSimpleApplication@728d92ae
reloadAllAccessors: .ExpressionConcatenateArrayType

===========================================================================================
----------------- testing Wed Sep 02 15:41:53 UTC 2020 /home/travis/build/icyphy/ptII/ptolemy/actor/lib/test/auto/ExpressionConcatenateArrayType2.xml
----------------- Instantiating /home/travis/build/icyphy/ptII/ptolemy/actor/lib/test/auto/ExpressionConcatenateArrayType2.xml
3 ms. Memory: 280576K Free: 183247K (65%)
----------------- Invoking toplevel() on ptolemy.moml.MoMLSimpleApplication@2f3ccee
----------------- Done invoking toplevel() on ptolemy.moml.MoMLSimpleApplication@2f3ccee
reloadAllAccessors: .ExpressionConcatenateArrayType2

===========================================================================================
----------------- testing Wed Sep 02 15:41:53 UTC 2020 /home/travis/build/icyphy/ptII/ptolemy/actor/lib/test/auto/ExpressionFix.xml
----------------- Instantiating /home/travis/build/icyphy/ptII/ptolemy/actor/lib/test/auto/ExpressionFix.xml
23 ms. Memory: 280576K Free: 177117K (63%)
----------------- Invoking toplevel() on ptolemy.moml.MoMLSimpleApplication@51229b0a
----------------- Done invoking toplevel() on ptolemy.moml.MoMLSimpleApplication@51229b0a
reloadAllAccessors: .ExpressionFix

===========================================================================================
----------------- testing Wed Sep 02 15:41:53 UTC 2020 /home/travis/build/icyphy/ptII/ptolemy/actor/lib/test/auto/ExpressionFix2.xml
----------------- Instantiating /home/travis/build/icyphy/ptII/ptolemy/actor/lib/test/auto/ExpressionFix2.xml
4 ms. Memory: 280576K Free: 172999K (62%)
----------------- Invoking toplevel() on ptolemy.moml.MoMLSimpleApplication@62228a22
----------------- Done invoking toplevel() on ptolemy.moml.MoMLSimpleApplication@62228a22
reloadAllAccessors: .ExpressionFix2

===========================================================================================
----------------- testing Wed Sep 02 15:41:53 UTC 2020 /home/travis/build/icyphy/ptII/ptolemy/actor/lib/test/auto/ExpressionFix3.xml
----------------- Instantiating /home/travis/build/icyphy/ptII/ptolemy/actor/lib/test/auto/ExpressionFix3.xml
3 ms. Memory: 280576K Free: 169398K (60%)
----------------- Invoking toplevel() on ptolemy.moml.MoMLSimpleApplication@4e32da2d
----------------- Done invoking toplevel() on ptolemy.moml.MoMLSimpleApplication@4e32da2d
reloadAllAccessors: .ExpressionFix3

===========================================================================================
----------------- testing Wed Sep 02 15:41:53 UTC 2020 /home/travis/build/icyphy/ptII/ptolemy/actor/lib/test/auto/FileWriter1.xml
----------------- Instantiating /home/travis/build/icyphy/ptII/ptolemy/actor/lib/test/auto/FileWriter1.xml
5 ms. Memory: 280576K Free: 165352K (59%)
----------------- Invoking toplevel() on ptolemy.moml.MoMLSimpleApplication@40159d98
----------------- Done invoking toplevel() on ptolemy.moml.MoMLSimpleApplication@40159d98
reloadAllAccessors: .FileWriter1

===========================================================================================
----------------- testing Wed Sep 02 15:41:53 UTC 2020 /home/travis/build/icyphy/ptII/ptolemy/actor/lib/test/auto/FileWriter2.xml
----------------- Instantiating /home/travis/build/icyphy/ptII/ptolemy/actor/lib/test/auto/FileWriter2.xml
2 ms. Memory: 280576K Free: 160733K (57%)
----------------- Invoking toplevel() on ptolemy.moml.MoMLSimpleApplication@67bb7124
----------------- Done invoking toplevel() on ptolemy.moml.MoMLSimpleApplication@67bb7124
reloadAllAccessors: .FileWriter2

===========================================================================================
----------------- testing Wed Sep 02 15:41:53 UTC 2020 /home/travis/build/icyphy/ptII/ptolemy/actor/lib/test/auto/FileWriter3.xml
----------------- Instantiating /home/travis/build/icyphy/ptII/ptolemy/actor/lib/test/auto/FileWriter3.xml
4 ms. Memory: 280576K Free: 157110K (56%)
----------------- Invoking toplevel() on ptolemy.moml.MoMLSimpleApplication@14f0306a
----------------- Done invoking toplevel() on ptolemy.moml.MoMLSimpleApplication@14f0306a
reloadAllAccessors: .FileWriter3

===========================================================================================
----------------- testing Wed Sep 02 15:41:53 UTC 2020 /home/travis/build/icyphy/ptII/ptolemy/actor/lib/test/auto/Gaussian.xml
----------------- Instantiating /home/travis/build/icyphy/ptII/ptolemy/actor/lib/test/auto/Gaussian.xml
1 ms. Memory: 280576K Free: 152527K (54%)
----------------- Invoking toplevel() on ptolemy.moml.MoMLSimpleApplication@15b51694
----------------- Done invoking toplevel() on ptolemy.moml.MoMLSimpleApplication@15b51694
reloadAllAccessors: .Gaussian

===========================================================================================
----------------- testing Wed Sep 02 15:41:53 UTC 2020 /home/travis/build/icyphy/ptII/ptolemy/actor/lib/test/auto/Gaussian1.xml
----------------- Instantiating /home/travis/build/icyphy/ptII/ptolemy/actor/lib/test/auto/Gaussian1.xml
2 ms. Memory: 280576K Free: 147421K (53%)
----------------- Invoking toplevel() on ptolemy.moml.MoMLSimpleApplication@3ac22fc5
----------------- Done invoking toplevel() on ptolemy.moml.MoMLSimpleApplication@3ac22fc5
reloadAllAccessors: .Gaussian1

===========================================================================================
----------------- testing Wed Sep 02 15:41:53 UTC 2020 /home/travis/build/icyphy/ptII/ptolemy/actor/lib/test/auto/Gaussian2.xml
----------------- Instantiating /home/travis/build/icyphy/ptII/ptolemy/actor/lib/test/auto/Gaussian2.xml
2 ms. Memory: 280576K Free: 141830K (51%)
----------------- Invoking toplevel() on ptolemy.moml.MoMLSimpleApplication@4ddc543a
----------------- Done invoking toplevel() on ptolemy.moml.MoMLSimpleApplication@4ddc543a
reloadAllAccessors: .Gaussian2

===========================================================================================
----------------- testing Wed Sep 02 15:41:53 UTC 2020 /home/travis/build/icyphy/ptII/ptolemy/actor/lib/test/auto/GradientAdaptiveLattice.xml
----------------- Instantiating /home/travis/build/icyphy/ptII/ptolemy/actor/lib/test/auto/GradientAdaptiveLattice.xml
2 ms. Memory: 280576K Free: 136672K (49%)
----------------- Invoking toplevel() on ptolemy.moml.MoMLSimpleApplication@fdafaa0
----------------- Done invoking toplevel() on ptolemy.moml.MoMLSimpleApplication@fdafaa0
reloadAllAccessors: .GradientAdaptiveLattice

===========================================================================================
----------------- testing Wed Sep 02 15:41:53 UTC 2020 /home/travis/build/icyphy/ptII/ptolemy/actor/lib/test/auto/IIR.xml
----------------- Instantiating /home/travis/build/icyphy/ptII/ptolemy/actor/lib/test/auto/IIR.xml
1 ms. Memory: 280576K Free: 132592K (47%)
----------------- Invoking toplevel() on ptolemy.moml.MoMLSimpleApplication@1d942006
----------------- Done invoking toplevel() on ptolemy.moml.MoMLSimpleApplication@1d942006
reloadAllAccessors: .IIR

===========================================================================================
----------------- testing Wed Sep 02 15:41:53 UTC 2020 /home/travis/build/icyphy/ptII/ptolemy/actor/lib/test/auto/InputOutputTransparentPorts.xml
----------------- Instantiating /home/travis/build/icyphy/ptII/ptolemy/actor/lib/test/auto/InputOutputTransparentPorts.xml
1 ms. Memory: 280576K Free: 125366K (45%)
----------------- Invoking toplevel() on ptolemy.moml.MoMLSimpleApplication@10f11060
----------------- Done invoking toplevel() on ptolemy.moml.MoMLSimpleApplication@10f11060
reloadAllAccessors: .InputOutputTransparentPorts

===========================================================================================
----------------- testing Wed Sep 02 15:41:53 UTC 2020 /home/travis/build/icyphy/ptII/ptolemy/actor/lib/test/auto/Interpolator.xml
----------------- Instantiating /home/travis/build/icyphy/ptII/ptolemy/actor/lib/test/auto/Interpolator.xml
3 ms. Memory: 280576K Free: 121320K (43%)
----------------- Invoking toplevel() on ptolemy.moml.MoMLSimpleApplication@1f3154d
----------------- Done invoking toplevel() on ptolemy.moml.MoMLSimpleApplication@1f3154d
reloadAllAccessors: .Interpolator

===========================================================================================
----------------- testing Wed Sep 02 15:41:53 UTC 2020 /home/travis/build/icyphy/ptII/ptolemy/actor/lib/test/auto/InterpolatorFiringLimitDE.xml
----------------- Instantiating /home/travis/build/icyphy/ptII/ptolemy/actor/lib/test/auto/InterpolatorFiringLimitDE.xml
2 ms. Memory: 280576K Free: 114653K (41%)
----------------- Invoking toplevel() on ptolemy.moml.MoMLSimpleApplication@2c89ee62
----------------- Done invoking toplevel() on ptolemy.moml.MoMLSimpleApplication@2c89ee62
reloadAllAccessors: .InterpolatorFiringLimitDE

===========================================================================================
----------------- testing Wed Sep 02 15:41:53 UTC 2020 /home/travis/build/icyphy/ptII/ptolemy/actor/lib/test/auto/Lattice.xml
----------------- Instantiating /home/travis/build/icyphy/ptII/ptolemy/actor/lib/test/auto/Lattice.xml
1 ms. Memory: 280576K Free: 110535K (39%)
----------------- Invoking toplevel() on ptolemy.moml.MoMLSimpleApplication@8c4f1be
----------------- Done invoking toplevel() on ptolemy.moml.MoMLSimpleApplication@8c4f1be
reloadAllAccessors: .Lattice

===========================================================================================
----------------- testing Wed Sep 02 15:41:54 UTC 2020 /home/travis/build/icyphy/ptII/ptolemy/actor/lib/test/auto/LazyAOCTestLazy.xml
----------------- Instantiating /home/travis/build/icyphy/ptII/ptolemy/actor/lib/test/auto/LazyAOCTestLazy.xml
17 ms. Memory: 280576K Free: 104886K (37%)
----------------- Invoking toplevel() on ptolemy.moml.MoMLSimpleApplication@6ff9b4a9
----------------- Done invoking toplevel() on ptolemy.moml.MoMLSimpleApplication@6ff9b4a9
reloadAllAccessors: .LazyAOCTestLazy

===========================================================================================
----------------- testing Wed Sep 02 15:41:54 UTC 2020 /home/travis/build/icyphy/ptII/ptolemy/actor/lib/test/auto/LazyAOCTestNonLazy.xml
----------------- Instantiating /home/travis/build/icyphy/ptII/ptolemy/actor/lib/test/auto/LazyAOCTestNonLazy.xml
2 ms. Memory: 280576K Free: 98269K (35%)
----------------- Invoking toplevel() on ptolemy.moml.MoMLSimpleApplication@538e621d
----------------- Done invoking toplevel() on ptolemy.moml.MoMLSimpleApplication@538e621d
reloadAllAccessors: .LazyAOCTestNonLazy

===========================================================================================
----------------- testing Wed Sep 02 15:41:54 UTC 2020 /home/travis/build/icyphy/ptII/ptolemy/actor/lib/test/auto/LazyInnerClass.xml
----------------- Instantiating /home/travis/build/icyphy/ptII/ptolemy/actor/lib/test/auto/LazyInnerClass.xml
15 ms. Memory: 280576K Free: 89039K (32%)
----------------- Invoking toplevel() on ptolemy.moml.MoMLSimpleApplication@251ac501
----------------- Done invoking toplevel() on ptolemy.moml.MoMLSimpleApplication@251ac501
reloadAllAccessors: .LazyInnerClass

===========================================================================================
----------------- testing Wed Sep 02 15:41:54 UTC 2020 /home/travis/build/icyphy/ptII/ptolemy/actor/lib/test/auto/LazyPubSub.xml
----------------- Instantiating /home/travis/build/icyphy/ptII/ptolemy/actor/lib/test/auto/LazyPubSub.xml
14 ms. Memory: 280576K Free: 79366K (28%)
----------------- Invoking toplevel() on ptolemy.moml.MoMLSimpleApplication@1914e15f
----------------- Done invoking toplevel() on ptolemy.moml.MoMLSimpleApplication@1914e15f
reloadAllAccessors: .LazyPubSub

===========================================================================================
----------------- testing Wed Sep 02 15:41:54 UTC 2020 /home/travis/build/icyphy/ptII/ptolemy/actor/lib/test/auto/LazyPubSub2.xml
----------------- Instantiating /home/travis/build/icyphy/ptII/ptolemy/actor/lib/test/auto/LazyPubSub2.xml
25 ms. Memory: 280576K Free: 68573K (24%)
----------------- Invoking toplevel() on ptolemy.moml.MoMLSimpleApplication@44210ac6
----------------- Done invoking toplevel() on ptolemy.moml.MoMLSimpleApplication@44210ac6
reloadAllAccessors: .LazyPubSub2

===========================================================================================
----------------- testing Wed Sep 02 15:41:54 UTC 2020 /home/travis/build/icyphy/ptII/ptolemy/actor/lib/test/auto/LazyPubSub3.xml
----------------- Instantiating /home/travis/build/icyphy/ptII/ptolemy/actor/lib/test/auto/LazyPubSub3.xml
12 ms. Memory: 280576K Free: 223350K (80%)
----------------- Invoking toplevel() on ptolemy.moml.MoMLSimpleApplication@74d4d656
----------------- Done invoking toplevel() on ptolemy.moml.MoMLSimpleApplication@74d4d656
reloadAllAccessors: .LazyPubSub3

===========================================================================================
----------------- testing Wed Sep 02 15:41:54 UTC 2020 /home/travis/build/icyphy/ptII/ptolemy/actor/lib/test/auto/LazySubClassModel.xml
----------------- Instantiating /home/travis/build/icyphy/ptII/ptolemy/actor/lib/test/auto/LazySubClassModel.xml
2 ms. Memory: 280576K Free: 213620K (76%)
----------------- Invoking toplevel() on ptolemy.moml.MoMLSimpleApplication@2842842d
----------------- Done invoking toplevel() on ptolemy.moml.MoMLSimpleApplication@2842842d
reloadAllAccessors: .LazySubClassModel

===========================================================================================
----------------- testing Wed Sep 02 15:41:54 UTC 2020 /home/travis/build/icyphy/ptII/ptolemy/actor/lib/test/auto/LevelCrossTest1.xml
----------------- Instantiating /home/travis/build/icyphy/ptII/ptolemy/actor/lib/test/auto/LevelCrossTest1.xml
1 ms. Memory: 280576K Free: 207990K (74%)
----------------- Invoking toplevel() on ptolemy.moml.MoMLSimpleApplication@2c01761d
----------------- Done invoking toplevel() on ptolemy.moml.MoMLSimpleApplication@2c01761d
reloadAllAccessors: .broken

===========================================================================================
----------------- testing Wed Sep 02 15:41:54 UTC 2020 /home/travis/build/icyphy/ptII/ptolemy/actor/lib/test/auto/LevelCrossTest10.xml
----------------- Instantiating /home/travis/build/icyphy/ptII/ptolemy/actor/lib/test/auto/LevelCrossTest10.xml
1 ms. Memory: 280576K Free: 200308K (71%)
----------------- Invoking toplevel() on ptolemy.moml.MoMLSimpleApplication@1185c87b
----------------- Done invoking toplevel() on ptolemy.moml.MoMLSimpleApplication@1185c87b
reloadAllAccessors: .LevelCrossTest10

===========================================================================================
----------------- testing Wed Sep 02 15:41:54 UTC 2020 /home/travis/build/icyphy/ptII/ptolemy/actor/lib/test/auto/LevelCrossTest11.xml
----------------- Instantiating /home/travis/build/icyphy/ptII/ptolemy/actor/lib/test/auto/LevelCrossTest11.xml
1 ms. Memory: 280576K Free: 193654K (69%)
----------------- Invoking toplevel() on ptolemy.moml.MoMLSimpleApplication@5c0c234
----------------- Done invoking toplevel() on ptolemy.moml.MoMLSimpleApplication@5c0c234
reloadAllAccessors: .LevelCrossTest11

===========================================================================================
----------------- testing Wed Sep 02 15:41:54 UTC 2020 /home/travis/build/icyphy/ptII/ptolemy/actor/lib/test/auto/LevelCrossTest12.xml
----------------- Instantiating /home/travis/build/icyphy/ptII/ptolemy/actor/lib/test/auto/LevelCrossTest12.xml
1 ms. Memory: 280576K Free: 186486K (66%)
----------------- Invoking toplevel() on ptolemy.moml.MoMLSimpleApplication@85895d9
----------------- Done invoking toplevel() on ptolemy.moml.MoMLSimpleApplication@85895d9
reloadAllAccessors: .LevelCrossTest12

===========================================================================================
----------------- testing Wed Sep 02 15:41:54 UTC 2020 /home/travis/build/icyphy/ptII/ptolemy/actor/lib/test/auto/LevelCrossTest13.xml
----------------- Instantiating /home/travis/build/icyphy/ptII/ptolemy/actor/lib/test/auto/LevelCrossTest13.xml
2 ms. Memory: 280576K Free: 179318K (64%)
----------------- Invoking toplevel() on ptolemy.moml.MoMLSimpleApplication@48212440
----------------- Done invoking toplevel() on ptolemy.moml.MoMLSimpleApplication@48212440
reloadAllAccessors: .LevelCrossTest13

===========================================================================================
----------------- testing Wed Sep 02 15:41:54 UTC 2020 /home/travis/build/icyphy/ptII/ptolemy/actor/lib/test/auto/LevelCrossTest2.xml
----------------- Instantiating /home/travis/build/icyphy/ptII/ptolemy/actor/lib/test/auto/LevelCrossTest2.xml
1 ms. Memory: 280576K Free: 173684K (62%)
----------------- Invoking toplevel() on ptolemy.moml.MoMLSimpleApplication@6068c022
----------------- Done invoking toplevel() on ptolemy.moml.MoMLSimpleApplication@6068c022
reloadAllAccessors: .broken

===========================================================================================
----------------- testing Wed Sep 02 15:41:54 UTC 2020 /home/travis/build/icyphy/ptII/ptolemy/actor/lib/test/auto/LevelCrossTest3.xml
----------------- Instantiating /home/travis/build/icyphy/ptII/ptolemy/actor/lib/test/auto/LevelCrossTest3.xml
1 ms. Memory: 280576K Free: 168054K (60%)
----------------- Invoking toplevel() on ptolemy.moml.MoMLSimpleApplication@6cdb1bfd
----------------- Done invoking toplevel() on ptolemy.moml.MoMLSimpleApplication@6cdb1bfd
reloadAllAccessors: .LevelCrossTest3

===========================================================================================
----------------- testing Wed Sep 02 15:41:54 UTC 2020 /home/travis/build/icyphy/ptII/ptolemy/actor/lib/test/auto/LevelCrossTest4.xml
----------------- Instantiating /home/travis/build/icyphy/ptII/ptolemy/actor/lib/test/auto/LevelCrossTest4.xml
1 ms. Memory: 280576K Free: 162420K (58%)
----------------- Invoking toplevel() on ptolemy.moml.MoMLSimpleApplication@2b00039e
----------------- Done invoking toplevel() on ptolemy.moml.MoMLSimpleApplication@2b00039e
reloadAllAccessors: .broken

===========================================================================================
----------------- testing Wed Sep 02 15:41:54 UTC 2020 /home/travis/build/icyphy/ptII/ptolemy/actor/lib/test/auto/LevelCrossTest5.xml
----------------- Instantiating /home/travis/build/icyphy/ptII/ptolemy/actor/lib/test/auto/LevelCrossTest5.xml
2 ms. Memory: 280576K Free: 155766K (56%)
----------------- Invoking toplevel() on ptolemy.moml.MoMLSimpleApplication@17b80d9e
----------------- Done invoking toplevel() on ptolemy.moml.MoMLSimpleApplication@17b80d9e
reloadAllAccessors: .LevelCrossTest5

===========================================================================================
----------------- testing Wed Sep 02 15:41:54 UTC 2020 /home/travis/build/icyphy/ptII/ptolemy/actor/lib/test/auto/LevelCrossTest6.xml
----------------- Instantiating /home/travis/build/icyphy/ptII/ptolemy/actor/lib/test/auto/LevelCrossTest6.xml
4 ms. Memory: 280576K Free: 149108K (53%)
----------------- Invoking toplevel() on ptolemy.moml.MoMLSimpleApplication@5162e7d4
----------------- Done invoking toplevel() on ptolemy.moml.MoMLSimpleApplication@5162e7d4
reloadAllAccessors: .LevelCrossTest6

===========================================================================================
----------------- testing Wed Sep 02 15:41:54 UTC 2020 /home/travis/build/icyphy/ptII/ptolemy/actor/lib/test/auto/LevelCrossTest7.xml
----------------- Instantiating /home/travis/build/icyphy/ptII/ptolemy/actor/lib/test/auto/LevelCrossTest7.xml
2 ms. Memory: 280576K Free: 141430K (50%)
----------------- Invoking toplevel() on ptolemy.moml.MoMLSimpleApplication@3fcf4a7e
----------------- Done invoking toplevel() on ptolemy.moml.MoMLSimpleApplication@3fcf4a7e
reloadAllAccessors: .LevelCrossTest7

===========================================================================================
----------------- testing Wed Sep 02 15:41:54 UTC 2020 /home/travis/build/icyphy/ptII/ptolemy/actor/lib/test/auto/LevelCrossTest8.xml
----------------- Instantiating /home/travis/build/icyphy/ptII/ptolemy/actor/lib/test/auto/LevelCrossTest8.xml
2 ms. Memory: 280576K Free: 133748K (48%)
----------------- Invoking toplevel() on ptolemy.moml.MoMLSimpleApplication@540cb63a
----------------- Done invoking toplevel() on ptolemy.moml.MoMLSimpleApplication@540cb63a
reloadAllAccessors: .LevelCrossTest8

===========================================================================================
----------------- testing Wed Sep 02 15:41:54 UTC 2020 /home/travis/build/icyphy/ptII/ptolemy/actor/lib/test/auto/LevelCrossTest9.xml
----------------- Instantiating /home/travis/build/icyphy/ptII/ptolemy/actor/lib/test/auto/LevelCrossTest9.xml
2 ms. Memory: 280576K Free: 126070K (45%)
----------------- Invoking toplevel() on ptolemy.moml.MoMLSimpleApplication@da2db4b
----------------- Done invoking toplevel() on ptolemy.moml.MoMLSimpleApplication@da2db4b
reloadAllAccessors: .LevelCrossTest9

===========================================================================================
----------------- testing Wed Sep 02 15:41:54 UTC 2020 /home/travis/build/icyphy/ptII/ptolemy/actor/lib/test/auto/LevinsonDurbin.xml
----------------- Instantiating /home/travis/build/icyphy/ptII/ptolemy/actor/lib/test/auto/LevinsonDurbin.xml
9 ms. Memory: 280576K Free: 122484K (44%)
----------------- Invoking toplevel() on ptolemy.moml.MoMLSimpleApplication@6af57daa
----------------- Done invoking toplevel() on ptolemy.moml.MoMLSimpleApplication@6af57daa
reloadAllAccessors: .LevinsonDurbin

===========================================================================================
----------------- testing Wed Sep 02 15:41:54 UTC 2020 /home/travis/build/icyphy/ptII/ptolemy/actor/lib/test/auto/LevinsonDurbin2.xml
----------------- Instantiating /home/travis/build/icyphy/ptII/ptolemy/actor/lib/test/auto/LevinsonDurbin2.xml
1 ms. Memory: 280576K Free: 118388K (42%)
----------------- Invoking toplevel() on ptolemy.moml.MoMLSimpleApplication@12e5941d
----------------- Done invoking toplevel() on ptolemy.moml.MoMLSimpleApplication@12e5941d
reloadAllAccessors: .LevinsonDurbin2

===========================================================================================
----------------- testing Wed Sep 02 15:41:54 UTC 2020 /home/travis/build/icyphy/ptII/ptolemy/actor/lib/test/auto/LevinsonDurbin3.xml
----------------- Instantiating /home/travis/build/icyphy/ptII/ptolemy/actor/lib/test/auto/LevinsonDurbin3.xml
3 ms. Memory: 280576K Free: 114292K (41%)
----------------- Invoking toplevel() on ptolemy.moml.MoMLSimpleApplication@13ec2863
----------------- Done invoking toplevel() on ptolemy.moml.MoMLSimpleApplication@13ec2863
reloadAllAccessors: .LevinsonDurbin3

===========================================================================================
----------------- testing Wed Sep 02 15:41:54 UTC 2020 /home/travis/build/icyphy/ptII/ptolemy/actor/lib/test/auto/Limiter.xml
----------------- Instantiating /home/travis/build/icyphy/ptII/ptolemy/actor/lib/test/auto/Limiter.xml
4 ms. Memory: 280576K Free: 105069K (37%)
----------------- Invoking toplevel() on ptolemy.moml.MoMLSimpleApplication@5305986
----------------- Done invoking toplevel() on ptolemy.moml.MoMLSimpleApplication@5305986
reloadAllAccessors: .Limiter

===========================================================================================
----------------- testing Wed Sep 02 15:41:54 UTC 2020 /home/travis/build/icyphy/ptII/ptolemy/actor/lib/test/auto/LinearDifferenceEquationSystem.xml
----------------- Instantiating /home/travis/build/icyphy/ptII/ptolemy/actor/lib/test/auto/LinearDifferenceEquationSystem.xml
4 ms. Memory: 280576K Free: 97908K (35%)
----------------- Invoking toplevel() on ptolemy.moml.MoMLSimpleApplication@36bed54e
----------------- Done invoking toplevel() on ptolemy.moml.MoMLSimpleApplication@36bed54e
reloadAllAccessors: .LinearDifferenceEquationSystem

===========================================================================================
----------------- testing Wed Sep 02 15:41:54 UTC 2020 /home/travis/build/icyphy/ptII/ptolemy/actor/lib/test/auto/LookupTable.xml
----------------- Instantiating /home/travis/build/icyphy/ptII/ptolemy/actor/lib/test/auto/LookupTable.xml
1 ms. Memory: 280576K Free: 93812K (33%)
----------------- Invoking toplevel() on ptolemy.moml.MoMLSimpleApplication@26c7a1a5
----------------- Done invoking toplevel() on ptolemy.moml.MoMLSimpleApplication@26c7a1a5
reloadAllAccessors: .LookupTable

===========================================================================================
----------------- testing Wed Sep 02 15:41:54 UTC 2020 /home/travis/build/icyphy/ptII/ptolemy/actor/lib/test/auto/MathFunction.xml
----------------- Instantiating /home/travis/build/icyphy/ptII/ptolemy/actor/lib/test/auto/MathFunction.xml
2 ms. Memory: 280576K Free: 85620K (31%)
----------------- Invoking toplevel() on ptolemy.moml.MoMLSimpleApplication@263f0b80
----------------- Done invoking toplevel() on ptolemy.moml.MoMLSimpleApplication@263f0b80
reloadAllAccessors: .MathFunction

===========================================================================================
----------------- testing Wed Sep 02 15:41:54 UTC 2020 /home/travis/build/icyphy/ptII/ptolemy/actor/lib/test/auto/MathFunction2.xml
----------------- Instantiating /home/travis/build/icyphy/ptII/ptolemy/actor/lib/test/auto/MathFunction2.xml
9 ms. Memory: 280576K Free: 81524K (29%)
----------------- Invoking toplevel() on ptolemy.moml.MoMLSimpleApplication@26f6deff
----------------- Done invoking toplevel() on ptolemy.moml.MoMLSimpleApplication@26f6deff
reloadAllAccessors: .MathFunction2

===========================================================================================
----------------- testing Wed Sep 02 15:41:54 UTC 2020 /home/travis/build/icyphy/ptII/ptolemy/actor/lib/test/auto/MathFunction3.xml
----------------- Instantiating /home/travis/build/icyphy/ptII/ptolemy/actor/lib/test/auto/MathFunction3.xml
3 ms. Memory: 280576K Free: 74356K (27%)
----------------- Invoking toplevel() on ptolemy.moml.MoMLSimpleApplication@307f54f7
----------------- Done invoking toplevel() on ptolemy.moml.MoMLSimpleApplication@307f54f7
reloadAllAccessors: .MathFunction3

===========================================================================================
----------------- testing Wed Sep 02 15:41:54 UTC 2020 /home/travis/build/icyphy/ptII/ptolemy/actor/lib/test/auto/MatrixCropBoolean.xml
----------------- Instantiating /home/travis/build/icyphy/ptII/ptolemy/actor/lib/test/auto/MatrixCropBoolean.xml
3 ms. Memory: 280576K Free: 69750K (25%)
----------------- Invoking toplevel() on ptolemy.moml.MoMLSimpleApplication@82606ac
----------------- Done invoking toplevel() on ptolemy.moml.MoMLSimpleApplication@82606ac
reloadAllAccessors: .MatrixCropBoolean

===========================================================================================
----------------- testing Wed Sep 02 15:41:54 UTC 2020 /home/travis/build/icyphy/ptII/ptolemy/actor/lib/test/auto/MatrixCropComplex.xml
----------------- Instantiating /home/travis/build/icyphy/ptII/ptolemy/actor/lib/test/auto/MatrixCropComplex.xml
2 ms. Memory: 280576K Free: 229989K (82%)
----------------- Invoking toplevel() on ptolemy.moml.MoMLSimpleApplication@12a9ded0
----------------- Done invoking toplevel() on ptolemy.moml.MoMLSimpleApplication@12a9ded0
reloadAllAccessors: .MatrixCropComplex

===========================================================================================
----------------- testing Wed Sep 02 15:41:54 UTC 2020 /home/travis/build/icyphy/ptII/ptolemy/actor/lib/test/auto/MatrixCropDouble.xml
----------------- Instantiating /home/travis/build/icyphy/ptII/ptolemy/actor/lib/test/auto/MatrixCropDouble.xml
2 ms. Memory: 280576K Free: 225398K (80%)
----------------- Invoking toplevel() on ptolemy.moml.MoMLSimpleApplication@2e1db2a3
----------------- Done invoking toplevel() on ptolemy.moml.MoMLSimpleApplication@2e1db2a3
reloadAllAccessors: .MatrixCropDouble

===========================================================================================
----------------- testing Wed Sep 02 15:41:54 UTC 2020 /home/travis/build/icyphy/ptII/ptolemy/actor/lib/test/auto/MatrixCropFix.xml
----------------- Instantiating /home/travis/build/icyphy/ptII/ptolemy/actor/lib/test/auto/MatrixCropFix.xml
1 ms. Memory: 280576K Free: 220278K (79%)
----------------- Invoking toplevel() on ptolemy.moml.MoMLSimpleApplication@622ad8ff
----------------- Done invoking toplevel() on ptolemy.moml.MoMLSimpleApplication@622ad8ff
reloadAllAccessors: .MatrixCropFix

===========================================================================================
----------------- testing Wed Sep 02 15:41:54 UTC 2020 /home/travis/build/icyphy/ptII/ptolemy/actor/lib/test/auto/MatrixCropInt.xml
----------------- Instantiating /home/travis/build/icyphy/ptII/ptolemy/actor/lib/test/auto/MatrixCropInt.xml
1 ms. Memory: 280576K Free: 215158K (77%)
----------------- Invoking toplevel() on ptolemy.moml.MoMLSimpleApplication@7c2163fa
----------------- Done invoking toplevel() on ptolemy.moml.MoMLSimpleApplication@7c2163fa
reloadAllAccessors: .MatrixCropInt

===========================================================================================
----------------- testing Wed Sep 02 15:41:54 UTC 2020 /home/travis/build/icyphy/ptII/ptolemy/actor/lib/test/auto/MatrixCropLong.xml
----------------- Instantiating /home/travis/build/icyphy/ptII/ptolemy/actor/lib/test/auto/MatrixCropLong.xml
2 ms. Memory: 280576K Free: 210038K (75%)
----------------- Invoking toplevel() on ptolemy.moml.MoMLSimpleApplication@8d69c66
----------------- Done invoking toplevel() on ptolemy.moml.MoMLSimpleApplication@8d69c66
reloadAllAccessors: .MatrixCropLong

===========================================================================================
----------------- testing Wed Sep 02 15:41:54 UTC 2020 /home/travis/build/icyphy/ptII/ptolemy/actor/lib/test/auto/MatrixToArray.xml
----------------- Instantiating /home/travis/build/icyphy/ptII/ptolemy/actor/lib/test/auto/MatrixToArray.xml
5 ms. Memory: 280576K Free: 195188K (70%)
----------------- Invoking toplevel() on ptolemy.moml.MoMLSimpleApplication@18e97fb8
----------------- Done invoking toplevel() on ptolemy.moml.MoMLSimpleApplication@18e97fb8
reloadAllAccessors: .MatrixToArray

===========================================================================================
----------------- testing Wed Sep 02 15:41:54 UTC 2020 /home/travis/build/icyphy/ptII/ptolemy/actor/lib/test/auto/MaxIndex.xml
----------------- Instantiating /home/travis/build/icyphy/ptII/ptolemy/actor/lib/test/auto/MaxIndex.xml
2 ms. Memory: 280576K Free: 190068K (68%)
----------------- Invoking toplevel() on ptolemy.moml.MoMLSimpleApplication@2cd8e6fa
----------------- Done invoking toplevel() on ptolemy.moml.MoMLSimpleApplication@2cd8e6fa
reloadAllAccessors: .MaxIndex

===========================================================================================
----------------- testing Wed Sep 02 15:41:54 UTC 2020 /home/travis/build/icyphy/ptII/ptolemy/actor/lib/test/auto/Maximum.xml
----------------- Instantiating /home/travis/build/icyphy/ptII/ptolemy/actor/lib/test/auto/Maximum.xml
3 ms. Memory: 280576K Free: 183414K (65%)
----------------- Invoking toplevel() on ptolemy.moml.MoMLSimpleApplication@7fce524b
----------------- Done invoking toplevel() on ptolemy.moml.MoMLSimpleApplication@7fce524b
reloadAllAccessors: .Maximum

===========================================================================================
----------------- testing Wed Sep 02 15:41:54 UTC 2020 /home/travis/build/icyphy/ptII/ptolemy/actor/lib/test/auto/MaximumComplex.xml
----------------- Instantiating /home/travis/build/icyphy/ptII/ptolemy/actor/lib/test/auto/MaximumComplex.xml
4 ms. Memory: 280576K Free: 177270K (63%)
----------------- Invoking toplevel() on ptolemy.moml.MoMLSimpleApplication@f45ca0f
----------------- Done invoking toplevel() on ptolemy.moml.MoMLSimpleApplication@f45ca0f
reloadAllAccessors: .MaximumComplex

===========================================================================================
----------------- testing Wed Sep 02 15:41:54 UTC 2020 /home/travis/build/icyphy/ptII/ptolemy/actor/lib/test/auto/MethodCallTest.xml
----------------- Instantiating /home/travis/build/icyphy/ptII/ptolemy/actor/lib/test/auto/MethodCallTest.xml
2 ms. Memory: 280576K Free: 170612K (61%)
----------------- Invoking toplevel() on ptolemy.moml.MoMLSimpleApplication@46247f2e
----------------- Done invoking toplevel() on ptolemy.moml.MoMLSimpleApplication@46247f2e
reloadAllAccessors: .MethodCallTest

===========================================================================================
----------------- testing Wed Sep 02 15:41:54 UTC 2020 /home/travis/build/icyphy/ptII/ptolemy/actor/lib/test/auto/Minimum.xml
----------------- Instantiating /home/travis/build/icyphy/ptII/ptolemy/actor/lib/test/auto/Minimum.xml
2 ms. Memory: 280576K Free: 164453K (59%)
----------------- Invoking toplevel() on ptolemy.moml.MoMLSimpleApplication@10db80d5
----------------- Done invoking toplevel() on ptolemy.moml.MoMLSimpleApplication@10db80d5
reloadAllAccessors: .Minimum

===========================================================================================
----------------- testing Wed Sep 02 15:41:54 UTC 2020 /home/travis/build/icyphy/ptII/ptolemy/actor/lib/test/auto/MinimumComplex.xml
----------------- Instantiating /home/travis/build/icyphy/ptII/ptolemy/actor/lib/test/auto/MinimumComplex.xml
3 ms. Memory: 280576K Free: 158309K (56%)
----------------- Invoking toplevel() on ptolemy.moml.MoMLSimpleApplication@22a64086
----------------- Done invoking toplevel() on ptolemy.moml.MoMLSimpleApplication@22a64086
reloadAllAccessors: .MinimumComplex

===========================================================================================
----------------- testing Wed Sep 02 15:41:54 UTC 2020 /home/travis/build/icyphy/ptII/ptolemy/actor/lib/test/auto/MinimumMultiports.xml
----------------- Instantiating /home/travis/build/icyphy/ptII/ptolemy/actor/lib/test/auto/MinimumMultiports.xml
4 ms. Memory: 280576K Free: 149622K (53%)
----------------- Invoking toplevel() on ptolemy.moml.MoMLSimpleApplication@78c702e4
----------------- Done invoking toplevel() on ptolemy.moml.MoMLSimpleApplication@78c702e4
reloadAllAccessors: .MinimumMultiports

===========================================================================================
----------------- testing Wed Sep 02 15:41:55 UTC 2020 /home/travis/build/icyphy/ptII/ptolemy/actor/lib/test/auto/ModifyDate.xml
----------------- Instantiating /home/travis/build/icyphy/ptII/ptolemy/actor/lib/test/auto/ModifyDate.xml
8 ms. Memory: 280576K Free: 136820K (49%)
----------------- Invoking toplevel() on ptolemy.moml.MoMLSimpleApplication@6d20d227
----------------- Done invoking toplevel() on ptolemy.moml.MoMLSimpleApplication@6d20d227
reloadAllAccessors: .ModifyDate

===========================================================================================
----------------- testing Wed Sep 02 15:41:55 UTC 2020 /home/travis/build/icyphy/ptII/ptolemy/actor/lib/test/auto/ModifyDate2.xml
----------------- Instantiating /home/travis/build/icyphy/ptII/ptolemy/actor/lib/test/auto/ModifyDate2.xml
3 ms. Memory: 280576K Free: 128118K (46%)
----------------- Invoking toplevel() on ptolemy.moml.MoMLSimpleApplication@19f9baad
----------------- Done invoking toplevel() on ptolemy.moml.MoMLSimpleApplication@19f9baad
reloadAllAccessors: .ModifyDate2

===========================================================================================
----------------- testing Wed Sep 02 15:41:55 UTC 2020 /home/travis/build/icyphy/ptII/ptolemy/actor/lib/test/auto/MovingAverage.xml
----------------- Instantiating /home/travis/build/icyphy/ptII/ptolemy/actor/lib/test/auto/MovingAverage.xml
2 ms. Memory: 280576K Free: 122998K (44%)
----------------- Invoking toplevel() on ptolemy.moml.MoMLSimpleApplication@2bf72517
----------------- Done invoking toplevel() on ptolemy.moml.MoMLSimpleApplication@2bf72517
reloadAllAccessors: .MovingAverage

===========================================================================================
----------------- testing Wed Sep 02 15:41:55 UTC 2020 /home/travis/build/icyphy/ptII/ptolemy/actor/lib/test/auto/MovingMaximum.xml
----------------- Instantiating /home/travis/build/icyphy/ptII/ptolemy/actor/lib/test/auto/MovingMaximum.xml
2 ms. Memory: 280576K Free: 118902K (42%)
----------------- Invoking toplevel() on ptolemy.moml.MoMLSimpleApplication@2c54f
----------------- Done invoking toplevel() on ptolemy.moml.MoMLSimpleApplication@2c54f
reloadAllAccessors: .MovingMaximum

===========================================================================================
----------------- testing Wed Sep 02 15:41:55 UTC 2020 /home/travis/build/icyphy/ptII/ptolemy/actor/lib/test/auto/MultipleLinksToSameRelation.xml
----------------- Instantiating /home/travis/build/icyphy/ptII/ptolemy/actor/lib/test/auto/MultipleLinksToSameRelation.xml
2 ms. Memory: 280576K Free: 114806K (41%)
----------------- Invoking toplevel() on ptolemy.moml.MoMLSimpleApplication@68759c8f
----------------- Done invoking toplevel() on ptolemy.moml.MoMLSimpleApplication@68759c8f
reloadAllAccessors: .MultipleLinksToSameRelation

===========================================================================================
----------------- testing Wed Sep 02 15:41:55 UTC 2020 /home/travis/build/icyphy/ptII/ptolemy/actor/lib/test/auto/MultipleLinksToSameRelationDE.xml
----------------- Instantiating /home/travis/build/icyphy/ptII/ptolemy/actor/lib/test/auto/MultipleLinksToSameRelationDE.xml
3 ms. Memory: 280576K Free: 110181K (39%)
----------------- Invoking toplevel() on ptolemy.moml.MoMLSimpleApplication@548acaa2
----------------- Done invoking toplevel() on ptolemy.moml.MoMLSimpleApplication@548acaa2
reloadAllAccessors: .MultipleLinksToSameRelationDE

===========================================================================================
----------------- testing Wed Sep 02 15:41:55 UTC 2020 /home/travis/build/icyphy/ptII/ptolemy/actor/lib/test/auto/Multiplexor.xml
----------------- Instantiating /home/travis/build/icyphy/ptII/ptolemy/actor/lib/test/auto/Multiplexor.xml
1 ms. Memory: 280576K Free: 104566K (37%)
----------------- Invoking toplevel() on ptolemy.moml.MoMLSimpleApplication@3dc3e588
----------------- Done invoking toplevel() on ptolemy.moml.MoMLSimpleApplication@3dc3e588
reloadAllAccessors: .Multiplexor

===========================================================================================
----------------- testing Wed Sep 02 15:41:55 UTC 2020 /home/travis/build/icyphy/ptII/ptolemy/actor/lib/test/auto/Multiplexor1.xml
----------------- Instantiating /home/travis/build/icyphy/ptII/ptolemy/actor/lib/test/auto/Multiplexor1.xml
2 ms. Memory: 280576K Free: 98901K (35%)
----------------- Invoking toplevel() on ptolemy.moml.MoMLSimpleApplication@45bfa62f
----------------- Done invoking toplevel() on ptolemy.moml.MoMLSimpleApplication@45bfa62f
reloadAllAccessors: .Multiplexor1

===========================================================================================
----------------- testing Wed Sep 02 15:41:55 UTC 2020 /home/travis/build/icyphy/ptII/ptolemy/actor/lib/test/auto/Multiplexor2.xml
----------------- Instantiating /home/travis/build/icyphy/ptII/ptolemy/actor/lib/test/auto/Multiplexor2.xml
5 ms. Memory: 280576K Free: 92278K (33%)
----------------- Invoking toplevel() on ptolemy.moml.MoMLSimpleApplication@dd588a1
----------------- Done invoking toplevel() on ptolemy.moml.MoMLSimpleApplication@dd588a1
reloadAllAccessors: .Multiplexor2

===========================================================================================
----------------- testing Wed Sep 02 15:41:55 UTC 2020 /home/travis/build/icyphy/ptII/ptolemy/actor/lib/test/auto/Multiplexor3.xml
----------------- Instantiating /home/travis/build/icyphy/ptII/ptolemy/actor/lib/test/auto/Multiplexor3.xml
1 ms. Memory: 280576K Free: 88182K (31%)
----------------- Invoking toplevel() on ptolemy.moml.MoMLSimpleApplication@5d46facf
----------------- Done invoking toplevel() on ptolemy.moml.MoMLSimpleApplication@5d46facf
reloadAllAccessors: .Multiplexor3

===========================================================================================
----------------- testing Wed Sep 02 15:41:55 UTC 2020 /home/travis/build/icyphy/ptII/ptolemy/actor/lib/test/auto/MultiplexorDE.xml
----------------- Instantiating /home/travis/build/icyphy/ptII/ptolemy/actor/lib/test/auto/MultiplexorDE.xml
3 ms. Memory: 280576K Free: 81014K (29%)
----------------- Invoking toplevel() on ptolemy.moml.MoMLSimpleApplication@6dfd048d
----------------- Done invoking toplevel() on ptolemy.moml.MoMLSimpleApplication@6dfd048d
reloadAllAccessors: .MultiplexorDE

===========================================================================================
----------------- testing Wed Sep 02 15:41:55 UTC 2020 /home/travis/build/icyphy/ptII/ptolemy/actor/lib/test/auto/MultiportBroadcastTest.xml
----------------- Instantiating /home/travis/build/icyphy/ptII/ptolemy/actor/lib/test/auto/MultiportBroadcastTest.xml
88 ms. Memory: 280576K Free: 74870K (27%)
----------------- Invoking toplevel() on ptolemy.moml.MoMLSimpleApplication@37a446c2
----------------- Done invoking toplevel() on ptolemy.moml.MoMLSimpleApplication@37a446c2
reloadAllAccessors: .MultiportBroadcastTest

===========================================================================================
----------------- testing Wed Sep 02 15:41:55 UTC 2020 /home/travis/build/icyphy/ptII/ptolemy/actor/lib/test/auto/MultiportOutHangDuringGetWidth.xml
----------------- Instantiating /home/travis/build/icyphy/ptII/ptolemy/actor/lib/test/auto/MultiportOutHangDuringGetWidth.xml
5 ms. Memory: 280576K Free: 227677K (81%)
----------------- Invoking toplevel() on ptolemy.moml.MoMLSimpleApplication@6a969cc1
----------------- Done invoking toplevel() on ptolemy.moml.MoMLSimpleApplication@6a969cc1
reloadAllAccessors: .MultiportOutHangDuringGetWidth

===========================================================================================
----------------- testing Wed Sep 02 15:41:55 UTC 2020 /home/travis/build/icyphy/ptII/ptolemy/actor/lib/test/auto/NilToken.xml
----------------- Instantiating /home/travis/build/icyphy/ptII/ptolemy/actor/lib/test/auto/NilToken.xml
1 ms. Memory: 280576K Free: 223085K (80%)
----------------- Invoking toplevel() on ptolemy.moml.MoMLSimpleApplication@1995f74e
----------------- Done invoking toplevel() on ptolemy.moml.MoMLSimpleApplication@1995f74e
reloadAllAccessors: .NilToken

===========================================================================================
----------------- testing Wed Sep 02 15:41:55 UTC 2020 /home/travis/build/icyphy/ptII/ptolemy/actor/lib/test/auto/NilTokenNonStrictTest.xml
----------------- Instantiating /home/travis/build/icyphy/ptII/ptolemy/actor/lib/test/auto/NilTokenNonStrictTest.xml
2 ms. Memory: 280576K Free: 218475K (78%)
----------------- Invoking toplevel() on ptolemy.moml.MoMLSimpleApplication@2fd7006f
----------------- Done invoking toplevel() on ptolemy.moml.MoMLSimpleApplication@2fd7006f
reloadAllAccessors: .NilTokenNonStrictTest

===========================================================================================
----------------- testing Wed Sep 02 15:41:55 UTC 2020 /home/travis/build/icyphy/ptII/ptolemy/actor/lib/test/auto/NilTokenRecord.xml
----------------- Instantiating /home/travis/build/icyphy/ptII/ptolemy/actor/lib/test/auto/NilTokenRecord.xml
11 ms. Memory: 280576K Free: 211307K (75%)
----------------- Invoking toplevel() on ptolemy.moml.MoMLSimpleApplication@42a16152
----------------- Done invoking toplevel() on ptolemy.moml.MoMLSimpleApplication@42a16152
reloadAllAccessors: .NilTokenRecord

===========================================================================================
----------------- testing Wed Sep 02 15:41:55 UTC 2020 /home/travis/build/icyphy/ptII/ptolemy/actor/lib/test/auto/NilTokenTypeTest.xml
----------------- Instantiating /home/travis/build/icyphy/ptII/ptolemy/actor/lib/test/auto/NilTokenTypeTest.xml
6 ms. Memory: 280576K Free: 201581K (72%)
----------------- Invoking toplevel() on ptolemy.moml.MoMLSimpleApplication@3c973cb2
----------------- Done invoking toplevel() on ptolemy.moml.MoMLSimpleApplication@3c973cb2
reloadAllAccessors: .NilTokenTypeTest

===========================================================================================
----------------- testing Wed Sep 02 15:41:55 UTC 2020 /home/travis/build/icyphy/ptII/ptolemy/actor/lib/test/auto/ObjectToken1.xml
----------------- Instantiating /home/travis/build/icyphy/ptII/ptolemy/actor/lib/test/auto/ObjectToken1.xml
2 ms. Memory: 280576K Free: 197995K (71%)
----------------- Invoking toplevel() on ptolemy.moml.MoMLSimpleApplication@6ebc5116
----------------- Done invoking toplevel() on ptolemy.moml.MoMLSimpleApplication@6ebc5116
reloadAllAccessors: .ObjectToken1

===========================================================================================
----------------- testing Wed Sep 02 15:41:55 UTC 2020 /home/travis/build/icyphy/ptII/ptolemy/actor/lib/test/auto/OrderedMerge.xml
----------------- Instantiating /home/travis/build/icyphy/ptII/ptolemy/actor/lib/test/auto/OrderedMerge.xml
9 ms. Memory: 280576K Free: 192365K (69%)
----------------- Invoking toplevel() on ptolemy.moml.MoMLSimpleApplication@a93591
----------------- Done invoking toplevel() on ptolemy.moml.MoMLSimpleApplication@a93591
reloadAllAccessors: .OrderedMerge

===========================================================================================
----------------- testing Wed Sep 02 15:41:55 UTC 2020 /home/travis/build/icyphy/ptII/ptolemy/actor/lib/test/auto/OrderedRecordDisassembler.xml
----------------- Instantiating /home/travis/build/icyphy/ptII/ptolemy/actor/lib/test/auto/OrderedRecordDisassembler.xml
3 ms. Memory: 280576K Free: 187245K (67%)
----------------- Invoking toplevel() on ptolemy.moml.MoMLSimpleApplication@5eca3bba
----------------- Done invoking toplevel() on ptolemy.moml.MoMLSimpleApplication@5eca3bba
reloadAllAccessors: .OrderedRecordDisassembler

===========================================================================================
----------------- testing Wed Sep 02 15:41:55 UTC 2020 /home/travis/build/icyphy/ptII/ptolemy/actor/lib/test/auto/OrderedRecordDisassembler2.xml
----------------- Instantiating /home/travis/build/icyphy/ptII/ptolemy/actor/lib/test/auto/OrderedRecordDisassembler2.xml
5 ms. Memory: 280576K Free: 179533K (64%)
----------------- Invoking toplevel() on ptolemy.moml.MoMLSimpleApplication@663dd767
----------------- Done invoking toplevel() on ptolemy.moml.MoMLSimpleApplication@663dd767
reloadAllAccessors: .OrderedRecordDisassembler2

===========================================================================================
----------------- testing Wed Sep 02 15:41:55 UTC 2020 /home/travis/build/icyphy/ptII/ptolemy/actor/lib/test/auto/OrderedRecordUpdater.xml
----------------- Instantiating /home/travis/build/icyphy/ptII/ptolemy/actor/lib/test/auto/OrderedRecordUpdater.xml
1 ms. Memory: 280576K Free: 174957K (62%)
----------------- Invoking toplevel() on ptolemy.moml.MoMLSimpleApplication@34346d43
----------------- Done invoking toplevel() on ptolemy.moml.MoMLSimpleApplication@34346d43
reloadAllAccessors: .RecordUpdater

===========================================================================================
----------------- testing Wed Sep 02 15:41:55 UTC 2020 /home/travis/build/icyphy/ptII/ptolemy/actor/lib/test/auto/OrderedRecordUpdater2.xml
----------------- Instantiating /home/travis/build/icyphy/ptII/ptolemy/actor/lib/test/auto/OrderedRecordUpdater2.xml
3 ms. Memory: 280576K Free: 169837K (61%)
----------------- Invoking toplevel() on ptolemy.moml.MoMLSimpleApplication@1ad83e45
----------------- Done invoking toplevel() on ptolemy.moml.MoMLSimpleApplication@1ad83e45
reloadAllAccessors: .RecordUpdater2

===========================================================================================
----------------- testing Wed Sep 02 15:41:55 UTC 2020 /home/travis/build/icyphy/ptII/ptolemy/actor/lib/test/auto/PhaseUnwrap.xml
----------------- Instantiating /home/travis/build/icyphy/ptII/ptolemy/actor/lib/test/auto/PhaseUnwrap.xml
2 ms. Memory: 280576K Free: 165227K (59%)
----------------- Invoking toplevel() on ptolemy.moml.MoMLSimpleApplication@3958aa5b
----------------- Done invoking toplevel() on ptolemy.moml.MoMLSimpleApplication@3958aa5b
reloadAllAccessors: .PhaseUnwrap

===========================================================================================
----------------- testing Wed Sep 02 15:41:55 UTC 2020 /home/travis/build/icyphy/ptII/ptolemy/actor/lib/test/auto/PoissonClock.xml
----------------- Instantiating /home/travis/build/icyphy/ptII/ptolemy/actor/lib/test/auto/PoissonClock.xml
1 ms. Memory: 280576K Free: 161131K (57%)
----------------- Invoking toplevel() on ptolemy.moml.MoMLSimpleApplication@67e31ed8
----------------- Done invoking toplevel() on ptolemy.moml.MoMLSimpleApplication@67e31ed8
reloadAllAccessors: .PoissonClock

===========================================================================================
----------------- testing Wed Sep 02 15:41:55 UTC 2020 /home/travis/build/icyphy/ptII/ptolemy/actor/lib/test/auto/PoissonClock2.xml
----------------- Instantiating /home/travis/build/icyphy/ptII/ptolemy/actor/lib/test/auto/PoissonClock2.xml
1 ms. Memory: 280576K Free: 156525K (56%)
----------------- Invoking toplevel() on ptolemy.moml.MoMLSimpleApplication@4e9e65c9
----------------- Done invoking toplevel() on ptolemy.moml.MoMLSimpleApplication@4e9e65c9
reloadAllAccessors: .PoissonClock2

===========================================================================================
----------------- testing Wed Sep 02 15:41:55 UTC 2020 /home/travis/build/icyphy/ptII/ptolemy/actor/lib/test/auto/PoissonClock3.xml
----------------- Instantiating /home/travis/build/icyphy/ptII/ptolemy/actor/lib/test/auto/PoissonClock3.xml
2 ms. Memory: 280576K Free: 152429K (54%)
----------------- Invoking toplevel() on ptolemy.moml.MoMLSimpleApplication@62237d83
----------------- Done invoking toplevel() on ptolemy.moml.MoMLSimpleApplication@62237d83
reloadAllAccessors: .PoissonClock3

===========================================================================================
----------------- testing Wed Sep 02 15:41:55 UTC 2020 /home/travis/build/icyphy/ptII/ptolemy/actor/lib/test/auto/PubSubWithInitialTokens.xml
----------------- Instantiating /home/travis/build/icyphy/ptII/ptolemy/actor/lib/test/auto/PubSubWithInitialTokens.xml
2 ms. Memory: 280576K Free: 146765K (52%)
----------------- Invoking toplevel() on ptolemy.moml.MoMLSimpleApplication@62cf01cf
----------------- Done invoking toplevel() on ptolemy.moml.MoMLSimpleApplication@62cf01cf
reloadAllAccessors: .PubSubWithInitialTokens

===========================================================================================
----------------- testing Wed Sep 02 15:41:55 UTC 2020 /home/travis/build/icyphy/ptII/ptolemy/actor/lib/test/auto/PubSubWithInitialTokens2.xml
----------------- Instantiating /home/travis/build/icyphy/ptII/ptolemy/actor/lib/test/auto/PubSubWithInitialTokens2.xml
1 ms. Memory: 280576K Free: 140637K (50%)
----------------- Invoking toplevel() on ptolemy.moml.MoMLSimpleApplication@4840ef4c
----------------- Done invoking toplevel() on ptolemy.moml.MoMLSimpleApplication@4840ef4c
reloadAllAccessors: .PubSubWithInitialTokens2

===========================================================================================
----------------- testing Wed Sep 02 15:41:55 UTC 2020 /home/travis/build/icyphy/ptII/ptolemy/actor/lib/test/auto/PublisherClassNoParameter.xml
----------------- Instantiating /home/travis/build/icyphy/ptII/ptolemy/actor/lib/test/auto/PublisherClassNoParameter.xml
3 ms. Memory: 280576K Free: 130925K (47%)
----------------- Invoking toplevel() on ptolemy.moml.MoMLSimpleApplication@214fbc0a
----------------- Done invoking toplevel() on ptolemy.moml.MoMLSimpleApplication@214fbc0a
reloadAllAccessors: .PublisherClassNoParameter

===========================================================================================
----------------- testing Wed Sep 02 15:41:55 UTC 2020 /home/travis/build/icyphy/ptII/ptolemy/actor/lib/test/auto/PublisherClassParameter.xml
----------------- Instantiating /home/travis/build/icyphy/ptII/ptolemy/actor/lib/test/auto/PublisherClassParameter.xml
2 ms. Memory: 280576K Free: 120685K (43%)
----------------- Invoking toplevel() on ptolemy.moml.MoMLSimpleApplication@4bb4cbbe
----------------- Done invoking toplevel() on ptolemy.moml.MoMLSimpleApplication@4bb4cbbe
reloadAllAccessors: .PublisherClassParameter

===========================================================================================
----------------- testing Wed Sep 02 15:41:55 UTC 2020 /home/travis/build/icyphy/ptII/ptolemy/actor/lib/test/auto/PublisherNonStrictTest.xml
----------------- Instantiating /home/travis/build/icyphy/ptII/ptolemy/actor/lib/test/auto/PublisherNonStrictTest.xml
2 ms. Memory: 280576K Free: 112997K (40%)
----------------- Invoking toplevel() on ptolemy.moml.MoMLSimpleApplication@3889bf95
----------------- Done invoking toplevel() on ptolemy.moml.MoMLSimpleApplication@3889bf95
reloadAllAccessors: .PublisherNonStrictTest

===========================================================================================
----------------- testing Wed Sep 02 15:41:55 UTC 2020 /home/travis/build/icyphy/ptII/ptolemy/actor/lib/test/auto/PublisherPort1.xml
----------------- Instantiating /home/travis/build/icyphy/ptII/ptolemy/actor/lib/test/auto/PublisherPort1.xml
2 ms. Memory: 280576K Free: 107373K (38%)
----------------- Invoking toplevel() on ptolemy.moml.MoMLSimpleApplication@4cff06b5
----------------- Done invoking toplevel() on ptolemy.moml.MoMLSimpleApplication@4cff06b5
reloadAllAccessors: .PublisherPort1

===========================================================================================
----------------- testing Wed Sep 02 15:41:55 UTC 2020 /home/travis/build/icyphy/ptII/ptolemy/actor/lib/test/auto/PublisherPort2.xml
----------------- Instantiating /home/travis/build/icyphy/ptII/ptolemy/actor/lib/test/auto/PublisherPort2.xml
11 ms. Memory: 280576K Free: 102253K (36%)
----------------- Invoking toplevel() on ptolemy.moml.MoMLSimpleApplication@3cd5a635
----------------- Done invoking toplevel() on ptolemy.moml.MoMLSimpleApplication@3cd5a635
reloadAllAccessors: .PublisherPort2

===========================================================================================
----------------- testing Wed Sep 02 15:41:55 UTC 2020 /home/travis/build/icyphy/ptII/ptolemy/actor/lib/test/auto/PublisherPort3.xml
----------------- Instantiating /home/travis/build/icyphy/ptII/ptolemy/actor/lib/test/auto/PublisherPort3.xml
3 ms. Memory: 280576K Free: 95565K (34%)
----------------- Invoking toplevel() on ptolemy.moml.MoMLSimpleApplication@412c7a24
----------------- Done invoking toplevel() on ptolemy.moml.MoMLSimpleApplication@412c7a24
reloadAllAccessors: .PublisherPort3

===========================================================================================
----------------- testing Wed Sep 02 15:41:55 UTC 2020 /home/travis/build/icyphy/ptII/ptolemy/actor/lib/test/auto/PublisherPort4.xml
----------------- Instantiating /home/travis/build/icyphy/ptII/ptolemy/actor/lib/test/auto/PublisherPort4.xml
2 ms. Memory: 280576K Free: 89965K (32%)
----------------- Invoking toplevel() on ptolemy.moml.MoMLSimpleApplication@630f0533
----------------- Done invoking toplevel() on ptolemy.moml.MoMLSimpleApplication@630f0533
reloadAllAccessors: .PublisherPort4

===========================================================================================
----------------- testing Wed Sep 02 15:41:55 UTC 2020 /home/travis/build/icyphy/ptII/ptolemy/actor/lib/test/auto/PublisherPort5.xml
----------------- Instantiating /home/travis/build/icyphy/ptII/ptolemy/actor/lib/test/auto/PublisherPort5.xml
5 ms. Memory: 280576K Free: 82283K (29%)
----------------- Invoking toplevel() on ptolemy.moml.MoMLSimpleApplication@5fb63990
----------------- Done invoking toplevel() on ptolemy.moml.MoMLSimpleApplication@5fb63990
reloadAllAccessors: .PublisherPort5

===========================================================================================
----------------- testing Wed Sep 02 15:41:55 UTC 2020 /home/travis/build/icyphy/ptII/ptolemy/actor/lib/test/auto/PublisherPort5LookAlike.xml
----------------- Instantiating /home/travis/build/icyphy/ptII/ptolemy/actor/lib/test/auto/PublisherPort5LookAlike.xml
7 ms. Memory: 280576K Free: 74605K (27%)
----------------- Invoking toplevel() on ptolemy.moml.MoMLSimpleApplication@12bbab0b
----------------- Done invoking toplevel() on ptolemy.moml.MoMLSimpleApplication@12bbab0b
reloadAllAccessors: .PublisherPort5LookAlike

===========================================================================================
----------------- testing Wed Sep 02 15:41:55 UTC 2020 /home/travis/build/icyphy/ptII/ptolemy/actor/lib/test/auto/PublisherPort6.xml
----------------- Instantiating /home/travis/build/icyphy/ptII/ptolemy/actor/lib/test/auto/PublisherPort6.xml
2 ms. Memory: 280576K Free: 68461K (24%)
----------------- Invoking toplevel() on ptolemy.moml.MoMLSimpleApplication@1cdc783a
----------------- Done invoking toplevel() on ptolemy.moml.MoMLSimpleApplication@1cdc783a
reloadAllAccessors: .PublisherPort6

===========================================================================================
----------------- testing Wed Sep 02 15:41:55 UTC 2020 /home/travis/build/icyphy/ptII/ptolemy/actor/lib/test/auto/PublisherPort7.xml
----------------- Instantiating /home/travis/build/icyphy/ptII/ptolemy/actor/lib/test/auto/PublisherPort7.xml
3 ms. Memory: 280576K Free: 224597K (80%)
----------------- Invoking toplevel() on ptolemy.moml.MoMLSimpleApplication@3e6d3806
----------------- Done invoking toplevel() on ptolemy.moml.MoMLSimpleApplication@3e6d3806
reloadAllAccessors: .PublisherPort7

===========================================================================================
----------------- testing Wed Sep 02 15:41:55 UTC 2020 /home/travis/build/icyphy/ptII/ptolemy/actor/lib/test/auto/PublisherPort8.xml
----------------- Instantiating /home/travis/build/icyphy/ptII/ptolemy/actor/lib/test/auto/PublisherPort8.xml
4 ms. Memory: 280576K Free: 215895K (77%)
----------------- Invoking toplevel() on ptolemy.moml.MoMLSimpleApplication@6fe4cf53
----------------- Done invoking toplevel() on ptolemy.moml.MoMLSimpleApplication@6fe4cf53
reloadAllAccessors: .PublisherPort8

===========================================================================================
----------------- testing Wed Sep 02 15:41:55 UTC 2020 /home/travis/build/icyphy/ptII/ptolemy/actor/lib/test/auto/PublisherPortSubscriberChannelVariablesAOC2.xml
----------------- Instantiating /home/travis/build/icyphy/ptII/ptolemy/actor/lib/test/auto/PublisherPortSubscriberChannelVariablesAOC2.xml
3 ms. Memory: 280576K Free: 198487K (71%)
----------------- Invoking toplevel() on ptolemy.moml.MoMLSimpleApplication@238a0a86
----------------- Done invoking toplevel() on ptolemy.moml.MoMLSimpleApplication@238a0a86
reloadAllAccessors: .PublisherPortSubscriberChannelVariablesAOC2

===========================================================================================
----------------- testing Wed Sep 02 15:41:55 UTC 2020 /home/travis/build/icyphy/ptII/ptolemy/actor/lib/test/auto/PublisherPortSubscriberOpaqueWidthInference.xml
----------------- Instantiating /home/travis/build/icyphy/ptII/ptolemy/actor/lib/test/auto/PublisherPortSubscriberOpaqueWidthInference.xml
3 ms. Memory: 280576K Free: 190295K (68%)
----------------- Invoking toplevel() on ptolemy.moml.MoMLSimpleApplication@76f7a585
----------------- Done invoking toplevel() on ptolemy.moml.MoMLSimpleApplication@76f7a585
reloadAllAccessors: .PublisherPortSubscriberOpaqueWidthInference

===========================================================================================
----------------- testing Wed Sep 02 15:41:55 UTC 2020 /home/travis/build/icyphy/ptII/ptolemy/actor/lib/test/auto/PublisherPortSubscriberPortAdjacent.xml
----------------- Instantiating /home/travis/build/icyphy/ptII/ptolemy/actor/lib/test/auto/PublisherPortSubscriberPortAdjacent.xml
2 ms. Memory: 280576K Free: 182103K (65%)
----------------- Invoking toplevel() on ptolemy.moml.MoMLSimpleApplication@3c2da747
----------------- Done invoking toplevel() on ptolemy.moml.MoMLSimpleApplication@3c2da747
reloadAllAccessors: .PublisherPortSubscriberPortAdjacent

===========================================================================================
----------------- testing Wed Sep 02 15:41:55 UTC 2020 /home/travis/build/icyphy/ptII/ptolemy/actor/lib/test/auto/PublisherPortSubscriberPortExpression.xml
----------------- Instantiating /home/travis/build/icyphy/ptII/ptolemy/actor/lib/test/auto/PublisherPortSubscriberPortExpression.xml
3 ms. Memory: 280576K Free: 174415K (62%)
----------------- Invoking toplevel() on ptolemy.moml.MoMLSimpleApplication@18dec77f
----------------- Done invoking toplevel() on ptolemy.moml.MoMLSimpleApplication@18dec77f
reloadAllAccessors: .PublisherPortSubscriberPortExpression

===========================================================================================
----------------- testing Wed Sep 02 15:41:55 UTC 2020 /home/travis/build/icyphy/ptII/ptolemy/actor/lib/test/auto/PublisherPortSubscriberPortOpaqueD3Reverse.xml
----------------- Instantiating /home/travis/build/icyphy/ptII/ptolemy/actor/lib/test/auto/PublisherPortSubscriberPortOpaqueD3Reverse.xml
7 ms. Memory: 280576K Free: 164181K (59%)
----------------- Invoking toplevel() on ptolemy.moml.MoMLSimpleApplication@60bed1af
----------------- Done invoking toplevel() on ptolemy.moml.MoMLSimpleApplication@60bed1af
reloadAllAccessors: .PublisherPortSubscriberPortOpaqueD3Reverse

===========================================================================================
----------------- testing Wed Sep 02 15:41:56 UTC 2020 /home/travis/build/icyphy/ptII/ptolemy/actor/lib/test/auto/PublisherPortSubscriberPortOpaqueWidthInference.xml
----------------- Instantiating /home/travis/build/icyphy/ptII/ptolemy/actor/lib/test/auto/PublisherPortSubscriberPortOpaqueWidthInference.xml
3 ms. Memory: 280576K Free: 156503K (56%)
----------------- Invoking toplevel() on ptolemy.moml.MoMLSimpleApplication@1004d2a0
----------------- Done invoking toplevel() on ptolemy.moml.MoMLSimpleApplication@1004d2a0
reloadAllAccessors: .PublisherPortSubscriberPortOpaqueWidthInference

===========================================================================================
----------------- testing Wed Sep 02 15:41:56 UTC 2020 /home/travis/build/icyphy/ptII/ptolemy/actor/lib/test/auto/PublisherPortToplevelSubscriberPortAOC.xml
----------------- Instantiating /home/travis/build/icyphy/ptII/ptolemy/actor/lib/test/auto/PublisherPortToplevelSubscriberPortAOC.xml
.PublisherPortToplevelSubscriberPortAOC.TestExceptionAttribute: initialize() was not invoked, but wrapup() was.  This is unusual, but not always a problem.  For example, exporting JNLP will do this.
1 ms. Memory: 280576K Free: 150359K (54%)
----------------- Invoking toplevel() on ptolemy.moml.MoMLSimpleApplication@580cac63
----------------- Done invoking toplevel() on ptolemy.moml.MoMLSimpleApplication@580cac63
reloadAllAccessors: .PublisherPortToplevelSubscriberPortAOC

===========================================================================================
----------------- testing Wed Sep 02 15:41:56 UTC 2020 /home/travis/build/icyphy/ptII/ptolemy/actor/lib/test/auto/PublisherSubscriber.xml
----------------- Instantiating /home/travis/build/icyphy/ptII/ptolemy/actor/lib/test/auto/PublisherSubscriber.xml
2 ms. Memory: 280576K Free: 143191K (51%)
----------------- Invoking toplevel() on ptolemy.moml.MoMLSimpleApplication@32ac18a6
----------------- Done invoking toplevel() on ptolemy.moml.MoMLSimpleApplication@32ac18a6
reloadAllAccessors: .PublisherSubscriber

===========================================================================================
----------------- testing Wed Sep 02 15:41:56 UTC 2020 /home/travis/build/icyphy/ptII/ptolemy/actor/lib/test/auto/PublisherSubscriber10.xml
----------------- Instantiating /home/travis/build/icyphy/ptII/ptolemy/actor/lib/test/auto/PublisherSubscriber10.xml
6 ms. Memory: 280576K Free: 133975K (48%)
----------------- Invoking toplevel() on ptolemy.moml.MoMLSimpleApplication@1d1d490a
----------------- Done invoking toplevel() on ptolemy.moml.MoMLSimpleApplication@1d1d490a
reloadAllAccessors: .PublisherSubscriber10

===========================================================================================
----------------- testing Wed Sep 02 15:41:56 UTC 2020 /home/travis/build/icyphy/ptII/ptolemy/actor/lib/test/auto/PublisherSubscriber10InitialOutputs.xml
----------------- Instantiating /home/travis/build/icyphy/ptII/ptolemy/actor/lib/test/auto/PublisherSubscriber10InitialOutputs.xml
15 ms. Memory: 280576K Free: 124759K (44%)
----------------- Invoking toplevel() on ptolemy.moml.MoMLSimpleApplication@ecbc048
----------------- Done invoking toplevel() on ptolemy.moml.MoMLSimpleApplication@ecbc048
reloadAllAccessors: .PublisherSubscriber10InitialOutputs

===========================================================================================
----------------- testing Wed Sep 02 15:41:56 UTC 2020 /home/travis/build/icyphy/ptII/ptolemy/actor/lib/test/auto/PublisherSubscriber11.xml
----------------- Instantiating /home/travis/build/icyphy/ptII/ptolemy/actor/lib/test/auto/PublisherSubscriber11.xml
3 ms. Memory: 280576K Free: 118615K (42%)
----------------- Invoking toplevel() on ptolemy.moml.MoMLSimpleApplication@1c8ebd80
----------------- Done invoking toplevel() on ptolemy.moml.MoMLSimpleApplication@1c8ebd80
reloadAllAccessors: .PublisherSubscriber11

===========================================================================================
----------------- testing Wed Sep 02 15:41:56 UTC 2020 /home/travis/build/icyphy/ptII/ptolemy/actor/lib/test/auto/PublisherSubscriber12.xml
----------------- Instantiating /home/travis/build/icyphy/ptII/ptolemy/actor/lib/test/auto/PublisherSubscriber12.xml
5 ms. Memory: 280576K Free: 111447K (40%)
----------------- Invoking toplevel() on ptolemy.moml.MoMLSimpleApplication@3417b372
----------------- Done invoking toplevel() on ptolemy.moml.MoMLSimpleApplication@3417b372
reloadAllAccessors: .PublisherSubscriber12

===========================================================================================
----------------- testing Wed Sep 02 15:41:56 UTC 2020 /home/travis/build/icyphy/ptII/ptolemy/actor/lib/test/auto/PublisherSubscriber13.xml
----------------- Instantiating /home/travis/build/icyphy/ptII/ptolemy/actor/lib/test/auto/PublisherSubscriber13.xml
2 ms. Memory: 280576K Free: 105783K (38%)
----------------- Invoking toplevel() on ptolemy.moml.MoMLSimpleApplication@7994cde3
----------------- Done invoking toplevel() on ptolemy.moml.MoMLSimpleApplication@7994cde3
reloadAllAccessors: .PublisherSubscriber13

===========================================================================================
----------------- testing Wed Sep 02 15:41:56 UTC 2020 /home/travis/build/icyphy/ptII/ptolemy/actor/lib/test/auto/PublisherSubscriber14.xml
----------------- Instantiating /home/travis/build/icyphy/ptII/ptolemy/actor/lib/test/auto/PublisherSubscriber14.xml
1 ms. Memory: 280576K Free: 97111K (35%)
----------------- Invoking toplevel() on ptolemy.moml.MoMLSimpleApplication@26047fcf
----------------- Done invoking toplevel() on ptolemy.moml.MoMLSimpleApplication@26047fcf
reloadAllAccessors: .PublisherSubscriber14

===========================================================================================
----------------- testing Wed Sep 02 15:41:56 UTC 2020 /home/travis/build/icyphy/ptII/ptolemy/actor/lib/test/auto/PublisherSubscriber2.xml
----------------- Instantiating /home/travis/build/icyphy/ptII/ptolemy/actor/lib/test/auto/PublisherSubscriber2.xml
2 ms. Memory: 280576K Free: 91477K (33%)
----------------- Invoking toplevel() on ptolemy.moml.MoMLSimpleApplication@36adf23d
----------------- Done invoking toplevel() on ptolemy.moml.MoMLSimpleApplication@36adf23d
reloadAllAccessors: .PublisherSubscriber2

===========================================================================================
----------------- testing Wed Sep 02 15:41:56 UTC 2020 /home/travis/build/icyphy/ptII/ptolemy/actor/lib/test/auto/PublisherSubscriber3.xml
----------------- Instantiating /home/travis/build/icyphy/ptII/ptolemy/actor/lib/test/auto/PublisherSubscriber3.xml
1 ms. Memory: 280576K Free: 85847K (31%)
----------------- Invoking toplevel() on ptolemy.moml.MoMLSimpleApplication@3262005e
----------------- Done invoking toplevel() on ptolemy.moml.MoMLSimpleApplication@3262005e
reloadAllAccessors: .PublisherSubscriber3

===========================================================================================
----------------- testing Wed Sep 02 15:41:56 UTC 2020 /home/travis/build/icyphy/ptII/ptolemy/actor/lib/test/auto/PublisherSubscriber4.xml
----------------- Instantiating /home/travis/build/icyphy/ptII/ptolemy/actor/lib/test/auto/PublisherSubscriber4.xml
2 ms. Memory: 280576K Free: 80727K (29%)
----------------- Invoking toplevel() on ptolemy.moml.MoMLSimpleApplication@3027c43f
----------------- Done invoking toplevel() on ptolemy.moml.MoMLSimpleApplication@3027c43f
reloadAllAccessors: .PublisherSubscriber4

===========================================================================================
----------------- testing Wed Sep 02 15:41:56 UTC 2020 /home/travis/build/icyphy/ptII/ptolemy/actor/lib/test/auto/PublisherSubscriber5.xml
----------------- Instantiating /home/travis/build/icyphy/ptII/ptolemy/actor/lib/test/auto/PublisherSubscriber5.xml
2 ms. Memory: 280576K Free: 74069K (26%)
----------------- Invoking toplevel() on ptolemy.moml.MoMLSimpleApplication@6736751f
----------------- Done invoking toplevel() on ptolemy.moml.MoMLSimpleApplication@6736751f
reloadAllAccessors: .PublisherSubscriber5

===========================================================================================
----------------- testing Wed Sep 02 15:41:56 UTC 2020 /home/travis/build/icyphy/ptII/ptolemy/actor/lib/test/auto/PublisherSubscriber6.xml
----------------- Instantiating /home/travis/build/icyphy/ptII/ptolemy/actor/lib/test/auto/PublisherSubscriber6.xml
3 ms. Memory: 280576K Free: 67415K (24%)
----------------- Invoking toplevel() on ptolemy.moml.MoMLSimpleApplication@6a155608
----------------- Done invoking toplevel() on ptolemy.moml.MoMLSimpleApplication@6a155608
reloadAllAccessors: .PublisherSubscriber6

===========================================================================================
----------------- testing Wed Sep 02 15:41:56 UTC 2020 /home/travis/build/icyphy/ptII/ptolemy/actor/lib/test/auto/PublisherSubscriber7.xml
----------------- Instantiating /home/travis/build/icyphy/ptII/ptolemy/actor/lib/test/auto/PublisherSubscriber7.xml
7 ms. Memory: 280576K Free: 224604K (80%)
----------------- Invoking toplevel() on ptolemy.moml.MoMLSimpleApplication@6c310bdc
----------------- Done invoking toplevel() on ptolemy.moml.MoMLSimpleApplication@6c310bdc
reloadAllAccessors: .PublisherSubscriber7

===========================================================================================
----------------- testing Wed Sep 02 15:41:56 UTC 2020 /home/travis/build/icyphy/ptII/ptolemy/actor/lib/test/auto/PublisherSubscriber8.xml
----------------- Instantiating /home/travis/build/icyphy/ptII/ptolemy/actor/lib/test/auto/PublisherSubscriber8.xml
18 ms. Memory: 280576K Free: 212830K (76%)
----------------- Invoking toplevel() on ptolemy.moml.MoMLSimpleApplication@7a1c364d
----------------- Done invoking toplevel() on ptolemy.moml.MoMLSimpleApplication@7a1c364d
reloadAllAccessors: .PublisherSubscriber8

===========================================================================================
----------------- testing Wed Sep 02 15:41:56 UTC 2020 /home/travis/build/icyphy/ptII/ptolemy/actor/lib/test/auto/PublisherSubscriber9.xml
----------------- Instantiating /home/travis/build/icyphy/ptII/ptolemy/actor/lib/test/auto/PublisherSubscriber9.xml
3 ms. Memory: 280576K Free: 205662K (73%)
----------------- Invoking toplevel() on ptolemy.moml.MoMLSimpleApplication@7bdb7055
----------------- Done invoking toplevel() on ptolemy.moml.MoMLSimpleApplication@7bdb7055
reloadAllAccessors: .PublisherSubscriber9

===========================================================================================
----------------- testing Wed Sep 02 15:41:56 UTC 2020 /home/travis/build/icyphy/ptII/ptolemy/actor/lib/test/auto/PublisherSubscriberAdjacent.xml
----------------- Instantiating /home/travis/build/icyphy/ptII/ptolemy/actor/lib/test/auto/PublisherSubscriberAdjacent.xml
2 ms. Memory: 280576K Free: 197980K (71%)
----------------- Invoking toplevel() on ptolemy.moml.MoMLSimpleApplication@44ab52f1
----------------- Done invoking toplevel() on ptolemy.moml.MoMLSimpleApplication@44ab52f1
reloadAllAccessors: .PublisherSubscriberAdjacent

===========================================================================================
----------------- testing Wed Sep 02 15:41:56 UTC 2020 /home/travis/build/icyphy/ptII/ptolemy/actor/lib/test/auto/PublisherSubscriberChannelVariablesAOC2.xml
----------------- Instantiating /home/travis/build/icyphy/ptII/ptolemy/actor/lib/test/auto/PublisherSubscriberChannelVariablesAOC2.xml
2 ms. Memory: 280576K Free: 183630K (65%)
----------------- Invoking toplevel() on ptolemy.moml.MoMLSimpleApplication@3f5e5364
----------------- Done invoking toplevel() on ptolemy.moml.MoMLSimpleApplication@3f5e5364
reloadAllAccessors: .PublisherSubscriberChannelVariablesAOC2

===========================================================================================
----------------- testing Wed Sep 02 15:41:56 UTC 2020 /home/travis/build/icyphy/ptII/ptolemy/actor/lib/test/auto/PublisherSubscriberD3.xml
----------------- Instantiating /home/travis/build/icyphy/ptII/ptolemy/actor/lib/test/auto/PublisherSubscriberD3.xml
2 ms. Memory: 280576K Free: 175966K (63%)
----------------- Invoking toplevel() on ptolemy.moml.MoMLSimpleApplication@6adccaa3
----------------- Done invoking toplevel() on ptolemy.moml.MoMLSimpleApplication@6adccaa3
reloadAllAccessors: .PublisherSubscriberD3

===========================================================================================
----------------- testing Wed Sep 02 15:41:56 UTC 2020 /home/travis/build/icyphy/ptII/ptolemy/actor/lib/test/auto/PublisherSubscriberD3Reverse.xml
----------------- Instantiating /home/travis/build/icyphy/ptII/ptolemy/actor/lib/test/auto/PublisherSubscriberD3Reverse.xml
1 ms. Memory: 280576K Free: 169822K (61%)
----------------- Invoking toplevel() on ptolemy.moml.MoMLSimpleApplication@14b09d1c
----------------- Done invoking toplevel() on ptolemy.moml.MoMLSimpleApplication@14b09d1c
reloadAllAccessors: .PublisherSubscriberD3Reverse

===========================================================================================
----------------- testing Wed Sep 02 15:41:56 UTC 2020 /home/travis/build/icyphy/ptII/ptolemy/actor/lib/test/auto/PublisherSubscriberExpression.xml
----------------- Instantiating /home/travis/build/icyphy/ptII/ptolemy/actor/lib/test/auto/PublisherSubscriberExpression.xml
3 ms. Memory: 280576K Free: 161086K (57%)
----------------- Invoking toplevel() on ptolemy.moml.MoMLSimpleApplication@5da9e6e5
----------------- Done invoking toplevel() on ptolemy.moml.MoMLSimpleApplication@5da9e6e5
reloadAllAccessors: .PublisherSubscriberExpression

===========================================================================================
----------------- testing Wed Sep 02 15:41:56 UTC 2020 /home/travis/build/icyphy/ptII/ptolemy/actor/lib/test/auto/PublisherSubscriberOpaque.xml
----------------- Instantiating /home/travis/build/icyphy/ptII/ptolemy/actor/lib/test/auto/PublisherSubscriberOpaque.xml
3 ms. Memory: 280576K Free: 152924K (55%)
----------------- Invoking toplevel() on ptolemy.moml.MoMLSimpleApplication@8a35b58
----------------- Done invoking toplevel() on ptolemy.moml.MoMLSimpleApplication@8a35b58
reloadAllAccessors: .PublisherSubscriberOpaque

===========================================================================================
----------------- testing Wed Sep 02 15:41:56 UTC 2020 /home/travis/build/icyphy/ptII/ptolemy/actor/lib/test/auto/PublisherSubscriberOpaqueD3.xml
----------------- Instantiating /home/travis/build/icyphy/ptII/ptolemy/actor/lib/test/auto/PublisherSubscriberOpaqueD3.xml
5 ms. Memory: 280576K Free: 141660K (50%)
----------------- Invoking toplevel() on ptolemy.moml.MoMLSimpleApplication@27224b9e
----------------- Done invoking toplevel() on ptolemy.moml.MoMLSimpleApplication@27224b9e
reloadAllAccessors: .PublisherSubscriberOpaqueD3

===========================================================================================
----------------- testing Wed Sep 02 15:41:56 UTC 2020 /home/travis/build/icyphy/ptII/ptolemy/actor/lib/test/auto/PublisherSubscriberOpaqueD3Reverse.xml
----------------- Instantiating /home/travis/build/icyphy/ptII/ptolemy/actor/lib/test/auto/PublisherSubscriberOpaqueD3Reverse.xml
7 ms. Memory: 280576K Free: 130910K (47%)
----------------- Invoking toplevel() on ptolemy.moml.MoMLSimpleApplication@572a65fd
----------------- Done invoking toplevel() on ptolemy.moml.MoMLSimpleApplication@572a65fd
reloadAllAccessors: .PublisherSubscriberOpaqueD3Reverse

===========================================================================================
----------------- testing Wed Sep 02 15:41:56 UTC 2020 /home/travis/build/icyphy/ptII/ptolemy/actor/lib/test/auto/PublisherSubscriberOpaqueWidthInference.xml
----------------- Instantiating /home/travis/build/icyphy/ptII/ptolemy/actor/lib/test/auto/PublisherSubscriberOpaqueWidthInference.xml
4 ms. Memory: 280576K Free: 122718K (44%)
----------------- Invoking toplevel() on ptolemy.moml.MoMLSimpleApplication@3b7b6de6
----------------- Done invoking toplevel() on ptolemy.moml.MoMLSimpleApplication@3b7b6de6
reloadAllAccessors: .PublisherSubscriberOpaqueWidthInference

===========================================================================================
----------------- testing Wed Sep 02 15:41:56 UTC 2020 /home/travis/build/icyphy/ptII/ptolemy/actor/lib/test/auto/PublisherTestSubscriber.xml
----------------- Instantiating /home/travis/build/icyphy/ptII/ptolemy/actor/lib/test/auto/PublisherTestSubscriber.xml
2 ms. Memory: 280576K Free: 115030K (41%)
----------------- Invoking toplevel() on ptolemy.moml.MoMLSimpleApplication@5f0296f
----------------- Done invoking toplevel() on ptolemy.moml.MoMLSimpleApplication@5f0296f
reloadAllAccessors: .PublisherTestSubscriber

===========================================================================================
----------------- testing Wed Sep 02 15:41:56 UTC 2020 /home/travis/build/icyphy/ptII/ptolemy/actor/lib/test/auto/PublisherToplevelSubscriberPortAOC.xml
----------------- Instantiating /home/travis/build/icyphy/ptII/ptolemy/actor/lib/test/auto/PublisherToplevelSubscriberPortAOC.xml
2 ms. Memory: 280576K Free: 108382K (39%)
----------------- Invoking toplevel() on ptolemy.moml.MoMLSimpleApplication@2fa7fea0
----------------- Done invoking toplevel() on ptolemy.moml.MoMLSimpleApplication@2fa7fea0
reloadAllAccessors: .PublisherToplevelSubscriberPortAOC

===========================================================================================
----------------- testing Wed Sep 02 15:41:56 UTC 2020 /home/travis/build/icyphy/ptII/ptolemy/actor/lib/test/auto/PulseFiringLimitDE.xml
----------------- Instantiating /home/travis/build/icyphy/ptII/ptolemy/actor/lib/test/auto/PulseFiringLimitDE.xml
2 ms. Memory: 280576K Free: 102238K (36%)
----------------- Invoking toplevel() on ptolemy.moml.MoMLSimpleApplication@4ebe5cdf
----------------- Done invoking toplevel() on ptolemy.moml.MoMLSimpleApplication@4ebe5cdf
reloadAllAccessors: .PulseFiringLimitDE

===========================================================================================
----------------- testing Wed Sep 02 15:41:56 UTC 2020 /home/travis/build/icyphy/ptII/ptolemy/actor/lib/test/auto/Ramp1.xml
----------------- Instantiating /home/travis/build/icyphy/ptII/ptolemy/actor/lib/test/auto/Ramp1.xml
1 ms. Memory: 280576K Free: 97614K (35%)
----------------- Invoking toplevel() on ptolemy.moml.MoMLSimpleApplication@4c9c593f
----------------- Done invoking toplevel() on ptolemy.moml.MoMLSimpleApplication@4c9c593f
reloadAllAccessors: .Ramp1

===========================================================================================
----------------- testing Wed Sep 02 15:41:56 UTC 2020 /home/travis/build/icyphy/ptII/ptolemy/actor/lib/test/auto/RampFiringLimitDE.xml
----------------- Instantiating /home/travis/build/icyphy/ptII/ptolemy/actor/lib/test/auto/RampFiringLimitDE.xml
2 ms. Memory: 280576K Free: 91470K (33%)
----------------- Invoking toplevel() on ptolemy.moml.MoMLSimpleApplication@eb8d261
----------------- Done invoking toplevel() on ptolemy.moml.MoMLSimpleApplication@eb8d261
reloadAllAccessors: .RampFiringLimitDE

===========================================================================================
----------------- testing Wed Sep 02 15:41:56 UTC 2020 /home/travis/build/icyphy/ptII/ptolemy/actor/lib/test/auto/RampFiringLimitSDF.xml
----------------- Instantiating /home/travis/build/icyphy/ptII/ptolemy/actor/lib/test/auto/RampFiringLimitSDF.xml
2 ms. Memory: 280576K Free: 86350K (31%)
----------------- Invoking toplevel() on ptolemy.moml.MoMLSimpleApplication@67dc478e
----------------- Done invoking toplevel() on ptolemy.moml.MoMLSimpleApplication@67dc478e
reloadAllAccessors: .RampFiringLimitSDF

===========================================================================================
----------------- testing Wed Sep 02 15:41:56 UTC 2020 /home/travis/build/icyphy/ptII/ptolemy/actor/lib/test/auto/RandomInteger.xml
----------------- Instantiating /home/travis/build/icyphy/ptII/ptolemy/actor/lib/test/auto/RandomInteger.xml
1 ms. Memory: 280576K Free: 82268K (29%)
----------------- Invoking toplevel() on ptolemy.moml.MoMLSimpleApplication@658f4f9b
----------------- Done invoking toplevel() on ptolemy.moml.MoMLSimpleApplication@658f4f9b
reloadAllAccessors: .RandomInteger

===========================================================================================
----------------- testing Wed Sep 02 15:41:56 UTC 2020 /home/travis/build/icyphy/ptII/ptolemy/actor/lib/test/auto/ReadFile1.xml
----------------- Instantiating /home/travis/build/icyphy/ptII/ptolemy/actor/lib/test/auto/ReadFile1.xml
1 ms. Memory: 280576K Free: 77662K (28%)
----------------- Invoking toplevel() on ptolemy.moml.MoMLSimpleApplication@4e1461e3
----------------- Done invoking toplevel() on ptolemy.moml.MoMLSimpleApplication@4e1461e3
reloadAllAccessors: .ReadFile1

===========================================================================================
----------------- testing Wed Sep 02 15:41:56 UTC 2020 /home/travis/build/icyphy/ptII/ptolemy/actor/lib/test/auto/ReadFile2.xml
----------------- Instantiating /home/travis/build/icyphy/ptII/ptolemy/actor/lib/test/auto/ReadFile2.xml
1 ms. Memory: 280576K Free: 73566K (26%)
----------------- Invoking toplevel() on ptolemy.moml.MoMLSimpleApplication@5f5744fd
----------------- Done invoking toplevel() on ptolemy.moml.MoMLSimpleApplication@5f5744fd
reloadAllAccessors: .ReadFile2

===========================================================================================
----------------- testing Wed Sep 02 15:41:56 UTC 2020 /home/travis/build/icyphy/ptII/ptolemy/actor/lib/test/auto/Reader.xml
----------------- Instantiating /home/travis/build/icyphy/ptII/ptolemy/actor/lib/test/auto/Reader.xml
actor.lib.Reader is obsolete, use actor.lib.io.ExpressionReader instead
4 ms. Memory: 280576K Free: 69470K (25%)
----------------- Invoking toplevel() on ptolemy.moml.MoMLSimpleApplication@7cc350d4
----------------- Done invoking toplevel() on ptolemy.moml.MoMLSimpleApplication@7cc350d4
reloadAllAccessors: .Reader

===========================================================================================
----------------- testing Wed Sep 02 15:41:56 UTC 2020 /home/travis/build/icyphy/ptII/ptolemy/actor/lib/test/auto/RecordAssemblerDisplayNameTest.xml
----------------- Instantiating /home/travis/build/icyphy/ptII/ptolemy/actor/lib/test/auto/RecordAssemblerDisplayNameTest.xml
3306 ms. Memory: 280576K Free: 159283K (57%)
----------------- Invoking toplevel() on ptolemy.moml.MoMLSimpleApplication@b953687
----------------- Done invoking toplevel() on ptolemy.moml.MoMLSimpleApplication@b953687
reloadAllAccessors: .RecordAssemblerDisplayNameTest

===========================================================================================
----------------- testing Wed Sep 02 15:41:59 UTC 2020 /home/travis/build/icyphy/ptII/ptolemy/actor/lib/test/auto/RecordAssemblerTypeError.xml
----------------- Instantiating /home/travis/build/icyphy/ptII/ptolemy/actor/lib/test/auto/RecordAssemblerTypeError.xml
16 ms. Memory: 280576K Free: 149553K (53%)
----------------- Invoking toplevel() on ptolemy.moml.MoMLSimpleApplication@4c8794bf
----------------- Done invoking toplevel() on ptolemy.moml.MoMLSimpleApplication@4c8794bf
reloadAllAccessors: .RecordAssemblerTypeError

===========================================================================================
----------------- testing Wed Sep 02 15:42:00 UTC 2020 /home/travis/build/icyphy/ptII/ptolemy/actor/lib/test/auto/RecordDisassember.xml
----------------- Instantiating /home/travis/build/icyphy/ptII/ptolemy/actor/lib/test/auto/RecordDisassember.xml
3 ms. Memory: 280576K Free: 144947K (52%)
----------------- Invoking toplevel() on ptolemy.moml.MoMLSimpleApplication@41548fc5
----------------- Done invoking toplevel() on ptolemy.moml.MoMLSimpleApplication@41548fc5
reloadAllAccessors: .RecordDisassember

===========================================================================================
----------------- testing Wed Sep 02 15:42:00 UTC 2020 /home/travis/build/icyphy/ptII/ptolemy/actor/lib/test/auto/RecordDisassemberDisplayNameTest.xml
----------------- Instantiating /home/travis/build/icyphy/ptII/ptolemy/actor/lib/test/auto/RecordDisassemberDisplayNameTest.xml
5 ms. Memory: 280576K Free: 137265K (49%)
----------------- Invoking toplevel() on ptolemy.moml.MoMLSimpleApplication@423bc6c
----------------- Done invoking toplevel() on ptolemy.moml.MoMLSimpleApplication@423bc6c
reloadAllAccessors: .RecordDisassemberDisplayNameTest

===========================================================================================
----------------- testing Wed Sep 02 15:42:00 UTC 2020 /home/travis/build/icyphy/ptII/ptolemy/actor/lib/test/auto/RecordDisassembler.xml
----------------- Instantiating /home/travis/build/icyphy/ptII/ptolemy/actor/lib/test/auto/RecordDisassembler.xml
2 ms. Memory: 280576K Free: 132115K (47%)
----------------- Invoking toplevel() on ptolemy.moml.MoMLSimpleApplication@8003637
----------------- Done invoking toplevel() on ptolemy.moml.MoMLSimpleApplication@8003637
reloadAllAccessors: .RecordDisassembler

===========================================================================================
----------------- testing Wed Sep 02 15:42:00 UTC 2020 /home/travis/build/icyphy/ptII/ptolemy/actor/lib/test/auto/RecordDisassembler2.xml
----------------- Instantiating /home/travis/build/icyphy/ptII/ptolemy/actor/lib/test/auto/RecordDisassembler2.xml
2 ms. Memory: 280576K Free: 127011K (45%)
----------------- Invoking toplevel() on ptolemy.moml.MoMLSimpleApplication@ac34e84
----------------- Done invoking toplevel() on ptolemy.moml.MoMLSimpleApplication@ac34e84
reloadAllAccessors: .RecordDisassembler2

===========================================================================================
----------------- testing Wed Sep 02 15:42:00 UTC 2020 /home/travis/build/icyphy/ptII/ptolemy/actor/lib/test/auto/RecordUpdater.xml
----------------- Instantiating /home/travis/build/icyphy/ptII/ptolemy/actor/lib/test/auto/RecordUpdater.xml
2 ms. Memory: 280576K Free: 121905K (43%)
----------------- Invoking toplevel() on ptolemy.moml.MoMLSimpleApplication@376cfcee
----------------- Done invoking toplevel() on ptolemy.moml.MoMLSimpleApplication@376cfcee
reloadAllAccessors: .RecordUpdater

===========================================================================================
----------------- testing Wed Sep 02 15:42:00 UTC 2020 /home/travis/build/icyphy/ptII/ptolemy/actor/lib/test/auto/RecordUpdater2.xml
----------------- Instantiating /home/travis/build/icyphy/ptII/ptolemy/actor/lib/test/auto/RecordUpdater2.xml
2 ms. Memory: 280576K Free: 116785K (42%)
----------------- Invoking toplevel() on ptolemy.moml.MoMLSimpleApplication@5d624d7
----------------- Done invoking toplevel() on ptolemy.moml.MoMLSimpleApplication@5d624d7
reloadAllAccessors: .RecordUpdater2

===========================================================================================
----------------- testing Wed Sep 02 15:42:00 UTC 2020 /home/travis/build/icyphy/ptII/ptolemy/actor/lib/test/auto/RecursiveLattice.xml
----------------- Instantiating /home/travis/build/icyphy/ptII/ptolemy/actor/lib/test/auto/RecursiveLattice.xml
2 ms. Memory: 280576K Free: 112689K (40%)
----------------- Invoking toplevel() on ptolemy.moml.MoMLSimpleApplication@64e40e4
----------------- Done invoking toplevel() on ptolemy.moml.MoMLSimpleApplication@64e40e4
reloadAllAccessors: .RecursiveLattice

===========================================================================================
----------------- testing Wed Sep 02 15:42:00 UTC 2020 /home/travis/build/icyphy/ptII/ptolemy/actor/lib/test/auto/Router.xml
----------------- Instantiating /home/travis/build/icyphy/ptII/ptolemy/actor/lib/test/auto/Router.xml
3005 ms. Memory: 280576K Free: 100401K (36%)
----------------- Invoking toplevel() on ptolemy.moml.MoMLSimpleApplication@52e62f64
----------------- Done invoking toplevel() on ptolemy.moml.MoMLSimpleApplication@52e62f64
reloadAllAccessors: .Router

===========================================================================================
----------------- testing Wed Sep 02 15:42:03 UTC 2020 /home/travis/build/icyphy/ptII/ptolemy/actor/lib/test/auto/Router2.xml
----------------- Instantiating /home/travis/build/icyphy/ptII/ptolemy/actor/lib/test/auto/Router2.xml
3003 ms. Memory: 280576K Free: 90161K (32%)
----------------- Invoking toplevel() on ptolemy.moml.MoMLSimpleApplication@7ced9553
----------------- Done invoking toplevel() on ptolemy.moml.MoMLSimpleApplication@7ced9553
reloadAllAccessors: .Router2

===========================================================================================
----------------- testing Wed Sep 02 15:42:06 UTC 2020 /home/travis/build/icyphy/ptII/ptolemy/actor/lib/test/auto/RunningMaximum.xml
----------------- Instantiating /home/travis/build/icyphy/ptII/ptolemy/actor/lib/test/auto/RunningMaximum.xml
3 ms. Memory: 280576K Free: 85555K (30%)
----------------- Invoking toplevel() on ptolemy.moml.MoMLSimpleApplication@64f290bf
----------------- Done invoking toplevel() on ptolemy.moml.MoMLSimpleApplication@64f290bf
reloadAllAccessors: .RunningMaximum

===========================================================================================
----------------- testing Wed Sep 02 15:42:06 UTC 2020 /home/travis/build/icyphy/ptII/ptolemy/actor/lib/test/auto/RunningMinimum.xml
----------------- Instantiating /home/travis/build/icyphy/ptII/ptolemy/actor/lib/test/auto/RunningMinimum.xml
11 ms. Memory: 280576K Free: 80945K (29%)
----------------- Invoking toplevel() on ptolemy.moml.MoMLSimpleApplication@13ef85a7
----------------- Done invoking toplevel() on ptolemy.moml.MoMLSimpleApplication@13ef85a7
reloadAllAccessors: .RunningMinimum

===========================================================================================
----------------- testing Wed Sep 02 15:42:06 UTC 2020 /home/travis/build/icyphy/ptII/ptolemy/actor/lib/test/auto/Scale.xml
----------------- Instantiating /home/travis/build/icyphy/ptII/ptolemy/actor/lib/test/auto/Scale.xml
2 ms. Memory: 280576K Free: 76339K (27%)
----------------- Invoking toplevel() on ptolemy.moml.MoMLSimpleApplication@1ddb7dff
----------------- Done invoking toplevel() on ptolemy.moml.MoMLSimpleApplication@1ddb7dff
reloadAllAccessors: .Scale

===========================================================================================
----------------- testing Wed Sep 02 15:42:06 UTC 2020 /home/travis/build/icyphy/ptII/ptolemy/actor/lib/test/auto/Scale2.xml
----------------- Instantiating /home/travis/build/icyphy/ptII/ptolemy/actor/lib/test/auto/Scale2.xml
2 ms. Memory: 280576K Free: 71729K (26%)
----------------- Invoking toplevel() on ptolemy.moml.MoMLSimpleApplication@7c36f7f3
----------------- Done invoking toplevel() on ptolemy.moml.MoMLSimpleApplication@7c36f7f3
reloadAllAccessors: .Scale2

===========================================================================================
----------------- testing Wed Sep 02 15:42:06 UTC 2020 /home/travis/build/icyphy/ptII/ptolemy/actor/lib/test/auto/Scale3.xml
----------------- Instantiating /home/travis/build/icyphy/ptII/ptolemy/actor/lib/test/auto/Scale3.xml
9 ms. Memory: 280576K Free: 65585K (23%)
----------------- Invoking toplevel() on ptolemy.moml.MoMLSimpleApplication@71aaf665
----------------- Done invoking toplevel() on ptolemy.moml.MoMLSimpleApplication@71aaf665
reloadAllAccessors: .Scale3

===========================================================================================
----------------- testing Wed Sep 02 15:42:06 UTC 2020 /home/travis/build/icyphy/ptII/ptolemy/actor/lib/test/auto/ScaleArray.xml
----------------- Instantiating /home/travis/build/icyphy/ptII/ptolemy/actor/lib/test/auto/ScaleArray.xml
2 ms. Memory: 280576K Free: 226742K (81%)
----------------- Invoking toplevel() on ptolemy.moml.MoMLSimpleApplication@4e8e0ffc
----------------- Done invoking toplevel() on ptolemy.moml.MoMLSimpleApplication@4e8e0ffc
reloadAllAccessors: .ScaleArray

===========================================================================================
----------------- testing Wed Sep 02 15:42:06 UTC 2020 /home/travis/build/icyphy/ptII/ptolemy/actor/lib/test/auto/ScaleArray2.xml
----------------- Instantiating /home/travis/build/icyphy/ptII/ptolemy/actor/lib/test/auto/ScaleArray2.xml
1 ms. Memory: 280576K Free: 222132K (79%)
----------------- Invoking toplevel() on ptolemy.moml.MoMLSimpleApplication@3759fb27
----------------- Done invoking toplevel() on ptolemy.moml.MoMLSimpleApplication@3759fb27
reloadAllAccessors: .ScaleArray2

===========================================================================================
----------------- testing Wed Sep 02 15:42:06 UTC 2020 /home/travis/build/icyphy/ptII/ptolemy/actor/lib/test/auto/ScaleMatrix.xml
----------------- Instantiating /home/travis/build/icyphy/ptII/ptolemy/actor/lib/test/auto/ScaleMatrix.xml
149 ms. Memory: 280576K Free: 207286K (74%)
----------------- Invoking toplevel() on ptolemy.moml.MoMLSimpleApplication@2bbfa615
----------------- Done invoking toplevel() on ptolemy.moml.MoMLSimpleApplication@2bbfa615
reloadAllAccessors: .ScaleMatrix

===========================================================================================
----------------- testing Wed Sep 02 15:42:06 UTC 2020 /home/travis/build/icyphy/ptII/ptolemy/actor/lib/test/auto/Select.xml
----------------- Instantiating /home/travis/build/icyphy/ptII/ptolemy/actor/lib/test/auto/Select.xml
2 ms. Memory: 280576K Free: 201142K (72%)
----------------- Invoking toplevel() on ptolemy.moml.MoMLSimpleApplication@67dbd122
----------------- Done invoking toplevel() on ptolemy.moml.MoMLSimpleApplication@67dbd122
reloadAllAccessors: .Select

===========================================================================================
----------------- testing Wed Sep 02 15:42:06 UTC 2020 /home/travis/build/icyphy/ptII/ptolemy/actor/lib/test/auto/Select2.xml
----------------- Instantiating /home/travis/build/icyphy/ptII/ptolemy/actor/lib/test/auto/Select2.xml
1 ms. Memory: 280576K Free: 196532K (70%)
----------------- Invoking toplevel() on ptolemy.moml.MoMLSimpleApplication@3d040d00
----------------- Done invoking toplevel() on ptolemy.moml.MoMLSimpleApplication@3d040d00
reloadAllAccessors: .Select2

===========================================================================================
----------------- testing Wed Sep 02 15:42:06 UTC 2020 /home/travis/build/icyphy/ptII/ptolemy/actor/lib/test/auto/SequenceToArray2.xml
----------------- Instantiating /home/travis/build/icyphy/ptII/ptolemy/actor/lib/test/auto/SequenceToArray2.xml
100 ms. Memory: 280576K Free: 171942K (61%)
----------------- Invoking toplevel() on ptolemy.moml.MoMLSimpleApplication@7df17bd7
----------------- Done invoking toplevel() on ptolemy.moml.MoMLSimpleApplication@7df17bd7
reloadAllAccessors: .SequenceToArray2

===========================================================================================
----------------- testing Wed Sep 02 15:42:06 UTC 2020 /home/travis/build/icyphy/ptII/ptolemy/actor/lib/test/auto/SequentialClock.xml
----------------- Instantiating /home/travis/build/icyphy/ptII/ptolemy/actor/lib/test/auto/SequentialClock.xml
1 ms. Memory: 280576K Free: 167860K (60%)
----------------- Invoking toplevel() on ptolemy.moml.MoMLSimpleApplication@5fe58997
----------------- Done invoking toplevel() on ptolemy.moml.MoMLSimpleApplication@5fe58997
reloadAllAccessors: .SequentialClock

===========================================================================================
----------------- testing Wed Sep 02 15:42:06 UTC 2020 /home/travis/build/icyphy/ptII/ptolemy/actor/lib/test/auto/SetVariable.xml
----------------- Instantiating /home/travis/build/icyphy/ptII/ptolemy/actor/lib/test/auto/SetVariable.xml
3 ms. Memory: 280576K Free: 163254K (58%)
----------------- Invoking toplevel() on ptolemy.moml.MoMLSimpleApplication@4af414f8
----------------- Done invoking toplevel() on ptolemy.moml.MoMLSimpleApplication@4af414f8
reloadAllAccessors: .SetVariable

===========================================================================================
----------------- testing Wed Sep 02 15:42:06 UTC 2020 /home/travis/build/icyphy/ptII/ptolemy/actor/lib/test/auto/SetVariable2.xml
----------------- Instantiating /home/travis/build/icyphy/ptII/ptolemy/actor/lib/test/auto/SetVariable2.xml
2 ms. Memory: 280576K Free: 158134K (56%)
----------------- Invoking toplevel() on ptolemy.moml.MoMLSimpleApplication@4faebb0d
----------------- Done invoking toplevel() on ptolemy.moml.MoMLSimpleApplication@4faebb0d
reloadAllAccessors: .SetVariable2

===========================================================================================
----------------- testing Wed Sep 02 15:42:06 UTC 2020 /home/travis/build/icyphy/ptII/ptolemy/actor/lib/test/auto/SetVariable3.xml
----------------- Instantiating /home/travis/build/icyphy/ptII/ptolemy/actor/lib/test/auto/SetVariable3.xml
8 ms. Memory: 280576K Free: 153014K (55%)
----------------- Invoking toplevel() on ptolemy.moml.MoMLSimpleApplication@72f805ba
----------------- Done invoking toplevel() on ptolemy.moml.MoMLSimpleApplication@72f805ba
reloadAllAccessors: .SetVariable3

===========================================================================================
----------------- testing Wed Sep 02 15:42:06 UTC 2020 /home/travis/build/icyphy/ptII/ptolemy/actor/lib/test/auto/SetVariable4.xml
----------------- Instantiating /home/travis/build/icyphy/ptII/ptolemy/actor/lib/test/auto/SetVariable4.xml
12 ms. Memory: 280576K Free: 143796K (51%)
----------------- Invoking toplevel() on ptolemy.moml.MoMLSimpleApplication@49ec365e
----------------- Done invoking toplevel() on ptolemy.moml.MoMLSimpleApplication@49ec365e
reloadAllAccessors: .SetVariable4

===========================================================================================
----------------- testing Wed Sep 02 15:42:06 UTC 2020 /home/travis/build/icyphy/ptII/ptolemy/actor/lib/test/auto/SetVariable5.xml
----------------- Instantiating /home/travis/build/icyphy/ptII/ptolemy/actor/lib/test/auto/SetVariable5.xml
16 ms. Memory: 280576K Free: 134582K (48%)
----------------- Invoking toplevel() on ptolemy.moml.MoMLSimpleApplication@71c7ba02
----------------- Done invoking toplevel() on ptolemy.moml.MoMLSimpleApplication@71c7ba02
reloadAllAccessors: .SetVariable5

===========================================================================================
----------------- testing Wed Sep 02 15:42:06 UTC 2020 /home/travis/build/icyphy/ptII/ptolemy/actor/lib/test/auto/Sinewave.xml
----------------- Instantiating /home/travis/build/icyphy/ptII/ptolemy/actor/lib/test/auto/Sinewave.xml
4 ms. Memory: 280576K Free: 123828K (44%)
----------------- Invoking toplevel() on ptolemy.moml.MoMLSimpleApplication@21f49fce
----------------- Done invoking toplevel() on ptolemy.moml.MoMLSimpleApplication@21f49fce
reloadAllAccessors: .Sinewave

===========================================================================================
----------------- testing Wed Sep 02 15:42:06 UTC 2020 /home/travis/build/icyphy/ptII/ptolemy/actor/lib/test/auto/Sinewave2.xml
----------------- Instantiating /home/travis/build/icyphy/ptII/ptolemy/actor/lib/test/auto/Sinewave2.xml
4 ms. Memory: 280576K Free: 115126K (41%)
----------------- Invoking toplevel() on ptolemy.moml.MoMLSimpleApplication@504bd58
----------------- Done invoking toplevel() on ptolemy.moml.MoMLSimpleApplication@504bd58
reloadAllAccessors: .Sinewave2

===========================================================================================
----------------- testing Wed Sep 02 15:42:06 UTC 2020 /home/travis/build/icyphy/ptII/ptolemy/actor/lib/test/auto/Sinewave3.xml
----------------- Instantiating /home/travis/build/icyphy/ptII/ptolemy/actor/lib/test/auto/Sinewave3.xml
10 ms. Memory: 280576K Free: 106934K (38%)
----------------- Invoking toplevel() on ptolemy.moml.MoMLSimpleApplication@785b3858
----------------- Done invoking toplevel() on ptolemy.moml.MoMLSimpleApplication@785b3858
reloadAllAccessors: .Sinewave3

===========================================================================================
----------------- testing Wed Sep 02 15:42:06 UTC 2020 /home/travis/build/icyphy/ptII/ptolemy/actor/lib/test/auto/SingleEvent.xml
----------------- Instantiating /home/travis/build/icyphy/ptII/ptolemy/actor/lib/test/auto/SingleEvent.xml
1 ms. Memory: 280576K Free: 102838K (37%)
----------------- Invoking toplevel() on ptolemy.moml.MoMLSimpleApplication@68cc324b
----------------- Done invoking toplevel() on ptolemy.moml.MoMLSimpleApplication@68cc324b
reloadAllAccessors: .SingleEvent

===========================================================================================
----------------- testing Wed Sep 02 15:42:06 UTC 2020 /home/travis/build/icyphy/ptII/ptolemy/actor/lib/test/auto/Sleep.xml
----------------- Instantiating /home/travis/build/icyphy/ptII/ptolemy/actor/lib/test/auto/Sleep.xml
6004 ms. Memory: 280576K Free: 97174K (35%)
----------------- Invoking toplevel() on ptolemy.moml.MoMLSimpleApplication@477fde90
----------------- Done invoking toplevel() on ptolemy.moml.MoMLSimpleApplication@477fde90
reloadAllAccessors: .Sleep

===========================================================================================
----------------- testing Wed Sep 02 15:42:12 UTC 2020 /home/travis/build/icyphy/ptII/ptolemy/actor/lib/test/auto/SleepMultipleFire.xml
----------------- Instantiating /home/travis/build/icyphy/ptII/ptolemy/actor/lib/test/auto/SleepMultipleFire.xml
1005 ms. Memory: 280576K Free: 91574K (33%)
----------------- Invoking toplevel() on ptolemy.moml.MoMLSimpleApplication@34803cc1
----------------- Done invoking toplevel() on ptolemy.moml.MoMLSimpleApplication@34803cc1
reloadAllAccessors: .SleepMultipleFire

===========================================================================================
----------------- testing Wed Sep 02 15:42:13 UTC 2020 /home/travis/build/icyphy/ptII/ptolemy/actor/lib/test/auto/StopDE.xml
----------------- Instantiating /home/travis/build/icyphy/ptII/ptolemy/actor/lib/test/auto/StopDE.xml
4 ms. Memory: 280576K Free: 85940K (31%)
----------------- Invoking toplevel() on ptolemy.moml.MoMLSimpleApplication@225d6460
----------------- Done invoking toplevel() on ptolemy.moml.MoMLSimpleApplication@225d6460
reloadAllAccessors: .StopDE

===========================================================================================
----------------- testing Wed Sep 02 15:42:13 UTC 2020 /home/travis/build/icyphy/ptII/ptolemy/actor/lib/test/auto/StopSDF.xml
----------------- Instantiating /home/travis/build/icyphy/ptII/ptolemy/actor/lib/test/auto/StopSDF.xml
4 ms. Memory: 280576K Free: 80820K (29%)
----------------- Invoking toplevel() on ptolemy.moml.MoMLSimpleApplication@66fc536a
----------------- Done invoking toplevel() on ptolemy.moml.MoMLSimpleApplication@66fc536a
reloadAllAccessors: .StopSDF

===========================================================================================
----------------- testing Wed Sep 02 15:42:13 UTC 2020 /home/travis/build/icyphy/ptII/ptolemy/actor/lib/test/auto/StringConstant.xml
----------------- Instantiating /home/travis/build/icyphy/ptII/ptolemy/actor/lib/test/auto/StringConstant.xml
9 ms. Memory: 280576K Free: 76214K (27%)
----------------- Invoking toplevel() on ptolemy.moml.MoMLSimpleApplication@bdd3f75
----------------- Done invoking toplevel() on ptolemy.moml.MoMLSimpleApplication@bdd3f75
reloadAllAccessors: .StringConstant

===========================================================================================
----------------- testing Wed Sep 02 15:42:13 UTC 2020 /home/travis/build/icyphy/ptII/ptolemy/actor/lib/test/auto/SubscriberPortInitialValues1.xml
----------------- Instantiating /home/travis/build/icyphy/ptII/ptolemy/actor/lib/test/auto/SubscriberPortInitialValues1.xml
12 ms. Memory: 280576K Free: 66998K (24%)
----------------- Invoking toplevel() on ptolemy.moml.MoMLSimpleApplication@2454784a
----------------- Done invoking toplevel() on ptolemy.moml.MoMLSimpleApplication@2454784a
reloadAllAccessors: .SubscriberPortInitialValues1

===========================================================================================
----------------- testing Wed Sep 02 15:42:13 UTC 2020 /home/travis/build/icyphy/ptII/ptolemy/actor/lib/test/auto/SubscriberPortInitialValues13.xml
----------------- Instantiating /home/travis/build/icyphy/ptII/ptolemy/actor/lib/test/auto/SubscriberPortInitialValues13.xml
5 ms. Memory: 280576K Free: 219817K (78%)
----------------- Invoking toplevel() on ptolemy.moml.MoMLSimpleApplication@799f2238
----------------- Done invoking toplevel() on ptolemy.moml.MoMLSimpleApplication@799f2238
reloadAllAccessors: .SubscriberPortInitialValues13

===========================================================================================
----------------- testing Wed Sep 02 15:42:14 UTC 2020 /home/travis/build/icyphy/ptII/ptolemy/actor/lib/test/auto/SubscriberPortInitialValues14.xml
----------------- Instantiating /home/travis/build/icyphy/ptII/ptolemy/actor/lib/test/auto/SubscriberPortInitialValues14.xml
4 ms. Memory: 280576K Free: 211625K (75%)
----------------- Invoking toplevel() on ptolemy.moml.MoMLSimpleApplication@16bdb207
----------------- Done invoking toplevel() on ptolemy.moml.MoMLSimpleApplication@16bdb207
reloadAllAccessors: .SubscriberPortInitialValues14

===========================================================================================
----------------- testing Wed Sep 02 15:42:14 UTC 2020 /home/travis/build/icyphy/ptII/ptolemy/actor/lib/test/auto/SubscriberPortInitialValues2.xml
----------------- Instantiating /home/travis/build/icyphy/ptII/ptolemy/actor/lib/test/auto/SubscriberPortInitialValues2.xml
3 ms. Memory: 280576K Free: 203947K (73%)
----------------- Invoking toplevel() on ptolemy.moml.MoMLSimpleApplication@48e6ddb4
----------------- Done invoking toplevel() on ptolemy.moml.MoMLSimpleApplication@48e6ddb4
reloadAllAccessors: .SubscriberPortInitialValues2

===========================================================================================
----------------- testing Wed Sep 02 15:42:14 UTC 2020 /home/travis/build/icyphy/ptII/ptolemy/actor/lib/test/auto/SubscriberPortInitialValues3.xml
----------------- Instantiating /home/travis/build/icyphy/ptII/ptolemy/actor/lib/test/auto/SubscriberPortInitialValues3.xml
3 ms. Memory: 280576K Free: 193193K (69%)
----------------- Invoking toplevel() on ptolemy.moml.MoMLSimpleApplication@3d6574f5
----------------- Done invoking toplevel() on ptolemy.moml.MoMLSimpleApplication@3d6574f5
reloadAllAccessors: .SubscriberPortInitialValues3

===========================================================================================
----------------- testing Wed Sep 02 15:42:14 UTC 2020 /home/travis/build/icyphy/ptII/ptolemy/actor/lib/test/auto/SubscriptionAggregator.xml
----------------- Instantiating /home/travis/build/icyphy/ptII/ptolemy/actor/lib/test/auto/SubscriptionAggregator.xml
2 ms. Memory: 280576K Free: 186539K (66%)
----------------- Invoking toplevel() on ptolemy.moml.MoMLSimpleApplication@7b89658c
----------------- Done invoking toplevel() on ptolemy.moml.MoMLSimpleApplication@7b89658c
reloadAllAccessors: .SubscriptionAggregator

===========================================================================================
----------------- testing Wed Sep 02 15:42:14 UTC 2020 /home/travis/build/icyphy/ptII/ptolemy/actor/lib/test/auto/SubscriptionAggregator2.xml
----------------- Instantiating /home/travis/build/icyphy/ptII/ptolemy/actor/lib/test/auto/SubscriptionAggregator2.xml
2 ms. Memory: 280576K Free: 179371K (64%)
----------------- Invoking toplevel() on ptolemy.moml.MoMLSimpleApplication@56ef0c4f
----------------- Done invoking toplevel() on ptolemy.moml.MoMLSimpleApplication@56ef0c4f
reloadAllAccessors: .SubscriptionAggregator2

===========================================================================================
----------------- testing Wed Sep 02 15:42:14 UTC 2020 /home/travis/build/icyphy/ptII/ptolemy/actor/lib/test/auto/SubscriptionAggregator3.xml
----------------- Instantiating /home/travis/build/icyphy/ptII/ptolemy/actor/lib/test/auto/SubscriptionAggregator3.xml
8 ms. Memory: 280576K Free: 170665K (61%)
----------------- Invoking toplevel() on ptolemy.moml.MoMLSimpleApplication@6943e2ef
----------------- Done invoking toplevel() on ptolemy.moml.MoMLSimpleApplication@6943e2ef
reloadAllAccessors: .SubscriptionAggregator3

===========================================================================================
----------------- testing Wed Sep 02 15:42:14 UTC 2020 /home/travis/build/icyphy/ptII/ptolemy/actor/lib/test/auto/SubscriptionAggregatorMultiply.xml
----------------- Instantiating /home/travis/build/icyphy/ptII/ptolemy/actor/lib/test/auto/SubscriptionAggregatorMultiply.xml
12 ms. Memory: 280576K Free: 161443K (58%)
----------------- Invoking toplevel() on ptolemy.moml.MoMLSimpleApplication@231d2477
----------------- Done invoking toplevel() on ptolemy.moml.MoMLSimpleApplication@231d2477
reloadAllAccessors: .SubscriptionAggregatorMultiply

===========================================================================================
----------------- testing Wed Sep 02 15:42:14 UTC 2020 /home/travis/build/icyphy/ptII/ptolemy/actor/lib/test/auto/SubscriptionAggregatorPortMultiply1.xml
----------------- Instantiating /home/travis/build/icyphy/ptII/ptolemy/actor/lib/test/auto/SubscriptionAggregatorPortMultiply1.xml
3 ms. Memory: 280576K Free: 153771K (55%)
----------------- Invoking toplevel() on ptolemy.moml.MoMLSimpleApplication@6fdb6ecf
----------------- Done invoking toplevel() on ptolemy.moml.MoMLSimpleApplication@6fdb6ecf
reloadAllAccessors: .SubscriptionAggregatorPortMultiply1

===========================================================================================
----------------- testing Wed Sep 02 15:42:14 UTC 2020 /home/travis/build/icyphy/ptII/ptolemy/actor/lib/test/auto/Switch.xml
----------------- Instantiating /home/travis/build/icyphy/ptII/ptolemy/actor/lib/test/auto/Switch.xml
9 ms. Memory: 280576K Free: 145579K (52%)
----------------- Invoking toplevel() on ptolemy.moml.MoMLSimpleApplication@4c838ce7
----------------- Done invoking toplevel() on ptolemy.moml.MoMLSimpleApplication@4c838ce7
reloadAllAccessors: .Switch

===========================================================================================
----------------- testing Wed Sep 02 15:42:14 UTC 2020 /home/travis/build/icyphy/ptII/ptolemy/actor/lib/test/auto/Switch2.xml
----------------- Instantiating /home/travis/build/icyphy/ptII/ptolemy/actor/lib/test/auto/Switch2.xml
1 ms. Memory: 280576K Free: 140969K (50%)
----------------- Invoking toplevel() on ptolemy.moml.MoMLSimpleApplication@4b037a96
----------------- Done invoking toplevel() on ptolemy.moml.MoMLSimpleApplication@4b037a96
reloadAllAccessors: .Switch2

===========================================================================================
----------------- testing Wed Sep 02 15:42:14 UTC 2020 /home/travis/build/icyphy/ptII/ptolemy/actor/lib/test/auto/SwitchDE.xml
----------------- Instantiating /home/travis/build/icyphy/ptII/ptolemy/actor/lib/test/auto/SwitchDE.xml
4 ms. Memory: 280576K Free: 134819K (48%)
----------------- Invoking toplevel() on ptolemy.moml.MoMLSimpleApplication@6a22ce05
----------------- Done invoking toplevel() on ptolemy.moml.MoMLSimpleApplication@6a22ce05
reloadAllAccessors: .SwitchDE

===========================================================================================
----------------- testing Wed Sep 02 15:42:14 UTC 2020 /home/travis/build/icyphy/ptII/ptolemy/actor/lib/test/auto/SynchronizerDE.xml
----------------- Instantiating /home/travis/build/icyphy/ptII/ptolemy/actor/lib/test/auto/SynchronizerDE.xml
6 ms. Memory: 280576K Free: 126123K (45%)
----------------- Invoking toplevel() on ptolemy.moml.MoMLSimpleApplication@7e16c4ce
----------------- Done invoking toplevel() on ptolemy.moml.MoMLSimpleApplication@7e16c4ce
reloadAllAccessors: .SynchronizerDE

===========================================================================================
----------------- testing Wed Sep 02 15:42:14 UTC 2020 /home/travis/build/icyphy/ptII/ptolemy/actor/lib/test/auto/Test.xml
----------------- Instantiating /home/travis/build/icyphy/ptII/ptolemy/actor/lib/test/auto/Test.xml
9 ms. Memory: 280576K Free: 121003K (43%)
----------------- Invoking toplevel() on ptolemy.moml.MoMLSimpleApplication@fa95aae
----------------- Done invoking toplevel() on ptolemy.moml.MoMLSimpleApplication@fa95aae
reloadAllAccessors: .Test

===========================================================================================
----------------- testing Wed Sep 02 15:42:14 UTC 2020 /home/travis/build/icyphy/ptII/ptolemy/actor/lib/test/auto/TestExceptionAttribute1.xml
----------------- Instantiating /home/travis/build/icyphy/ptII/ptolemy/actor/lib/test/auto/TestExceptionAttribute1.xml
1 ms. Memory: 280576K Free: 117417K (42%)
----------------- Invoking toplevel() on ptolemy.moml.MoMLSimpleApplication@1b466cc
----------------- Done invoking toplevel() on ptolemy.moml.MoMLSimpleApplication@1b466cc
reloadAllAccessors: .TestExceptionAttribute1

===========================================================================================
----------------- testing Wed Sep 02 15:42:14 UTC 2020 /home/travis/build/icyphy/ptII/ptolemy/actor/lib/test/auto/TestExceptionAttribute2.xml
----------------- Instantiating /home/travis/build/icyphy/ptII/ptolemy/actor/lib/test/auto/TestExceptionAttribute2.xml
2 ms. Memory: 280576K Free: 113835K (41%)
----------------- Invoking toplevel() on ptolemy.moml.MoMLSimpleApplication@2e500d1e
----------------- Done invoking toplevel() on ptolemy.moml.MoMLSimpleApplication@2e500d1e
reloadAllAccessors: .TestExceptionAttribute2

===========================================================================================
----------------- testing Wed Sep 02 15:42:14 UTC 2020 /home/travis/build/icyphy/ptII/ptolemy/actor/lib/test/auto/TestExceptionAttribute3.xml
----------------- Instantiating /home/travis/build/icyphy/ptII/ptolemy/actor/lib/test/auto/TestExceptionAttribute3.xml
.TestExceptionAttribute3.TestExceptionAttribute: initialize() was not invoked, but wrapup() was.  This is unusual, but not always a problem.  For example, exporting JNLP will do this.
1 ms. Memory: 280576K Free: 110249K (39%)
----------------- Invoking toplevel() on ptolemy.moml.MoMLSimpleApplication@24bf4266
----------------- Done invoking toplevel() on ptolemy.moml.MoMLSimpleApplication@24bf4266
reloadAllAccessors: .TestExceptionAttribute3

===========================================================================================
----------------- testing Wed Sep 02 15:42:14 UTC 2020 /home/travis/build/icyphy/ptII/ptolemy/actor/lib/test/auto/TestExceptionAttribute4.xml
----------------- Instantiating /home/travis/build/icyphy/ptII/ptolemy/actor/lib/test/auto/TestExceptionAttribute4.xml
.TestExceptionAttribute4.TestExceptionAttribute: initialize() was not invoked, but wrapup() was.  This is unusual, but not always a problem.  For example, exporting JNLP will do this.
.TestExceptionAttribute4.TestExceptionAttribute2: initialize() was not invoked, but wrapup() was.  This is unusual, but not always a problem.  For example, exporting JNLP will do this.
1 ms. Memory: 280576K Free: 105643K (38%)
----------------- Invoking toplevel() on ptolemy.moml.MoMLSimpleApplication@796c250d
----------------- Done invoking toplevel() on ptolemy.moml.MoMLSimpleApplication@796c250d
reloadAllAccessors: .TestExceptionAttribute4

===========================================================================================
----------------- testing Wed Sep 02 15:42:14 UTC 2020 /home/travis/build/icyphy/ptII/ptolemy/actor/lib/test/auto/TestExceptionHandler1.xml
----------------- Instantiating /home/travis/build/icyphy/ptII/ptolemy/actor/lib/test/auto/TestExceptionHandler1.xml
1 ms. Memory: 280576K Free: 102057K (36%)
----------------- Invoking toplevel() on ptolemy.moml.MoMLSimpleApplication@5dac77c3
----------------- Done invoking toplevel() on ptolemy.moml.MoMLSimpleApplication@5dac77c3
reloadAllAccessors: .TestExceptionHandler1

===========================================================================================
----------------- testing Wed Sep 02 15:42:14 UTC 2020 /home/travis/build/icyphy/ptII/ptolemy/actor/lib/test/auto/TestExceptionHandler2.xml
----------------- Instantiating /home/travis/build/icyphy/ptII/ptolemy/actor/lib/test/auto/TestExceptionHandler2.xml
1 ms. Memory: 280576K Free: 97451K (35%)
----------------- Invoking toplevel() on ptolemy.moml.MoMLSimpleApplication@147e81cf
----------------- Done invoking toplevel() on ptolemy.moml.MoMLSimpleApplication@147e81cf
reloadAllAccessors: .TestExceptionHandler2

===========================================================================================
----------------- testing Wed Sep 02 15:42:14 UTC 2020 /home/travis/build/icyphy/ptII/ptolemy/actor/lib/test/auto/TestExceptionHandler3.xml
----------------- Instantiating /home/travis/build/icyphy/ptII/ptolemy/actor/lib/test/auto/TestExceptionHandler3.xml
0 ms. Memory: 280576K Free: 93865K (33%)
----------------- Invoking toplevel() on ptolemy.moml.MoMLSimpleApplication@3f76ad69
----------------- Done invoking toplevel() on ptolemy.moml.MoMLSimpleApplication@3f76ad69
reloadAllAccessors: .TestExceptionHandler3

===========================================================================================
----------------- testing Wed Sep 02 15:42:14 UTC 2020 /home/travis/build/icyphy/ptII/ptolemy/actor/lib/test/auto/TestExceptionHandler4.xml
----------------- Instantiating /home/travis/build/icyphy/ptII/ptolemy/actor/lib/test/auto/TestExceptionHandler4.xml
1 ms. Memory: 280576K Free: 89769K (32%)
----------------- Invoking toplevel() on ptolemy.moml.MoMLSimpleApplication@4c638761
----------------- Done invoking toplevel() on ptolemy.moml.MoMLSimpleApplication@4c638761
reloadAllAccessors: .TestExceptionHandler4

===========================================================================================
----------------- testing Wed Sep 02 15:42:14 UTC 2020 /home/travis/build/icyphy/ptII/ptolemy/actor/lib/test/auto/TestRequireCorrectOrder.xml
----------------- Instantiating /home/travis/build/icyphy/ptII/ptolemy/actor/lib/test/auto/TestRequireCorrectOrder.xml
2 ms. Memory: 280576K Free: 84139K (30%)
----------------- Invoking toplevel() on ptolemy.moml.MoMLSimpleApplication@3d4b10e3
----------------- Done invoking toplevel() on ptolemy.moml.MoMLSimpleApplication@3d4b10e3
reloadAllAccessors: .TestRequireCorrectOrder

===========================================================================================
----------------- testing Wed Sep 02 15:42:14 UTC 2020 /home/travis/build/icyphy/ptII/ptolemy/actor/lib/test/auto/TestSimple.xml
----------------- Instantiating /home/travis/build/icyphy/ptII/ptolemy/actor/lib/test/auto/TestSimple.xml
5 ms. Memory: 280576K Free: 79529K (28%)
----------------- Invoking toplevel() on ptolemy.moml.MoMLSimpleApplication@51b38ed9
----------------- Done invoking toplevel() on ptolemy.moml.MoMLSimpleApplication@51b38ed9
reloadAllAccessors: .TestSimple

===========================================================================================
----------------- testing Wed Sep 02 15:42:14 UTC 2020 /home/travis/build/icyphy/ptII/ptolemy/actor/lib/test/auto/ThrowModelError.xml
----------------- Instantiating /home/travis/build/icyphy/ptII/ptolemy/actor/lib/test/auto/ThrowModelError.xml
1 ms. Memory: 280576K Free: 74923K (27%)
----------------- Invoking toplevel() on ptolemy.moml.MoMLSimpleApplication@7196975d
----------------- Done invoking toplevel() on ptolemy.moml.MoMLSimpleApplication@7196975d
reloadAllAccessors: .ThrowModelError

===========================================================================================
----------------- testing Wed Sep 02 15:42:14 UTC 2020 /home/travis/build/icyphy/ptII/ptolemy/actor/lib/test/auto/TimeDelayMicrosteps.xml
----------------- Instantiating /home/travis/build/icyphy/ptII/ptolemy/actor/lib/test/auto/TimeDelayMicrosteps.xml
2 ms. Memory: 280576K Free: 68251K (24%)
----------------- Invoking toplevel() on ptolemy.moml.MoMLSimpleApplication@5fc3cc1e
----------------- Done invoking toplevel() on ptolemy.moml.MoMLSimpleApplication@5fc3cc1e
reloadAllAccessors: .TimeDelayMicrosteps

===========================================================================================
----------------- testing Wed Sep 02 15:42:14 UTC 2020 /home/travis/build/icyphy/ptII/ptolemy/actor/lib/test/auto/TimeDelayMicrosteps2.xml
----------------- Instantiating /home/travis/build/icyphy/ptII/ptolemy/actor/lib/test/auto/TimeDelayMicrosteps2.xml
2 ms. Memory: 280576K Free: 226865K (81%)
----------------- Invoking toplevel() on ptolemy.moml.MoMLSimpleApplication@35ffb835
----------------- Done invoking toplevel() on ptolemy.moml.MoMLSimpleApplication@35ffb835
reloadAllAccessors: .TimeDelayMicrosteps2

===========================================================================================
----------------- testing Wed Sep 02 15:42:14 UTC 2020 /home/travis/build/icyphy/ptII/ptolemy/actor/lib/test/auto/TimeDelayMicrosteps3.xml
----------------- Instantiating /home/travis/build/icyphy/ptII/ptolemy/actor/lib/test/auto/TimeDelayMicrosteps3.xml
3 ms. Memory: 280576K Free: 219667K (78%)
----------------- Invoking toplevel() on ptolemy.moml.MoMLSimpleApplication@6602ffe7
----------------- Done invoking toplevel() on ptolemy.moml.MoMLSimpleApplication@6602ffe7
reloadAllAccessors: .TimeDelayMicrosteps3

===========================================================================================
----------------- testing Wed Sep 02 15:42:14 UTC 2020 /home/travis/build/icyphy/ptII/ptolemy/actor/lib/test/auto/TimeDelayVariableMicrosteps.xml
----------------- Instantiating /home/travis/build/icyphy/ptII/ptolemy/actor/lib/test/auto/TimeDelayVariableMicrosteps.xml
3 ms. Memory: 280576K Free: 213043K (76%)
----------------- Invoking toplevel() on ptolemy.moml.MoMLSimpleApplication@360fe4e8
----------------- Done invoking toplevel() on ptolemy.moml.MoMLSimpleApplication@360fe4e8
reloadAllAccessors: .TimeDelayVariableMicrosteps

===========================================================================================
----------------- testing Wed Sep 02 15:42:14 UTC 2020 /home/travis/build/icyphy/ptII/ptolemy/actor/lib/test/auto/TimeGap.xml
----------------- Instantiating /home/travis/build/icyphy/ptII/ptolemy/actor/lib/test/auto/TimeGap.xml
3 ms. Memory: 280576K Free: 207923K (74%)
----------------- Invoking toplevel() on ptolemy.moml.MoMLSimpleApplication@6369cf76
----------------- Done invoking toplevel() on ptolemy.moml.MoMLSimpleApplication@6369cf76
reloadAllAccessors: .TimeGap

===========================================================================================
----------------- testing Wed Sep 02 15:42:14 UTC 2020 /home/travis/build/icyphy/ptII/ptolemy/actor/lib/test/auto/TimeGap2.xml
----------------- Instantiating /home/travis/build/icyphy/ptII/ptolemy/actor/lib/test/auto/TimeGap2.xml
2 ms. Memory: 280576K Free: 202259K (72%)
----------------- Invoking toplevel() on ptolemy.moml.MoMLSimpleApplication@12c760a9
----------------- Done invoking toplevel() on ptolemy.moml.MoMLSimpleApplication@12c760a9
reloadAllAccessors: .TimeGap2

===========================================================================================
----------------- testing Wed Sep 02 15:42:14 UTC 2020 /home/travis/build/icyphy/ptII/ptolemy/actor/lib/test/auto/TimedSinewave.xml
----------------- Instantiating /home/travis/build/icyphy/ptII/ptolemy/actor/lib/test/auto/TimedSinewave.xml
29 ms. Memory: 280576K Free: 187443K (67%)
----------------- Invoking toplevel() on ptolemy.moml.MoMLSimpleApplication@1b767518
----------------- Done invoking toplevel() on ptolemy.moml.MoMLSimpleApplication@1b767518
reloadAllAccessors: .TimedSinewave

===========================================================================================
----------------- testing Wed Sep 02 15:42:14 UTC 2020 /home/travis/build/icyphy/ptII/ptolemy/actor/lib/test/auto/TimedSinewavePhase.xml
----------------- Instantiating /home/travis/build/icyphy/ptII/ptolemy/actor/lib/test/auto/TimedSinewavePhase.xml
9 ms. Memory: 280576K Free: 177713K (63%)
----------------- Invoking toplevel() on ptolemy.moml.MoMLSimpleApplication@5d95c631
----------------- Done invoking toplevel() on ptolemy.moml.MoMLSimpleApplication@5d95c631
reloadAllAccessors: .TimedSinewavePhase

===========================================================================================
----------------- testing Wed Sep 02 15:42:14 UTC 2020 /home/travis/build/icyphy/ptII/ptolemy/actor/lib/test/auto/Timer.xml
----------------- Instantiating /home/travis/build/icyphy/ptII/ptolemy/actor/lib/test/auto/Timer.xml
1 ms. Memory: 280576K Free: 172083K (61%)
----------------- Invoking toplevel() on ptolemy.moml.MoMLSimpleApplication@3fdf05d2
----------------- Done invoking toplevel() on ptolemy.moml.MoMLSimpleApplication@3fdf05d2
reloadAllAccessors: .Timer

===========================================================================================
----------------- testing Wed Sep 02 15:42:14 UTC 2020 /home/travis/build/icyphy/ptII/ptolemy/actor/lib/test/auto/TriangularDistTestModel.xml
----------------- Instantiating /home/travis/build/icyphy/ptII/ptolemy/actor/lib/test/auto/TriangularDistTestModel.xml
2 ms. Memory: 280576K Free: 165939K (59%)
----------------- Invoking toplevel() on ptolemy.moml.MoMLSimpleApplication@37812390
----------------- Done invoking toplevel() on ptolemy.moml.MoMLSimpleApplication@37812390
reloadAllAccessors: .TriangularDistTestModel

===========================================================================================
----------------- testing Wed Sep 02 15:42:14 UTC 2020 /home/travis/build/icyphy/ptII/ptolemy/actor/lib/test/auto/TrigFunction.xml
----------------- Instantiating /home/travis/build/icyphy/ptII/ptolemy/actor/lib/test/auto/TrigFunction.xml
2 ms. Memory: 280576K Free: 160819K (57%)
----------------- Invoking toplevel() on ptolemy.moml.MoMLSimpleApplication@4ff12dc0
----------------- Done invoking toplevel() on ptolemy.moml.MoMLSimpleApplication@4ff12dc0
reloadAllAccessors: .TrigFunction

===========================================================================================
----------------- testing Wed Sep 02 15:42:14 UTC 2020 /home/travis/build/icyphy/ptII/ptolemy/actor/lib/test/auto/TrigFunctionDE.xml
----------------- Instantiating /home/travis/build/icyphy/ptII/ptolemy/actor/lib/test/auto/TrigFunctionDE.xml
2 ms. Memory: 280576K Free: 155185K (55%)
----------------- Invoking toplevel() on ptolemy.moml.MoMLSimpleApplication@2e9d7e6d
----------------- Done invoking toplevel() on ptolemy.moml.MoMLSimpleApplication@2e9d7e6d
reloadAllAccessors: .TrigFunctionDE

===========================================================================================
----------------- testing Wed Sep 02 15:42:14 UTC 2020 /home/travis/build/icyphy/ptII/ptolemy/actor/lib/test/auto/TrigFunctionInverse.xml
----------------- Instantiating /home/travis/build/icyphy/ptII/ptolemy/actor/lib/test/auto/TrigFunctionInverse.xml
2 ms. Memory: 280576K Free: 150065K (53%)
----------------- Invoking toplevel() on ptolemy.moml.MoMLSimpleApplication@1a7a62c3
----------------- Done invoking toplevel() on ptolemy.moml.MoMLSimpleApplication@1a7a62c3
reloadAllAccessors: .TrigFunctionInverse

===========================================================================================
----------------- testing Wed Sep 02 15:42:14 UTC 2020 /home/travis/build/icyphy/ptII/ptolemy/actor/lib/test/auto/TrigFunctionTan.xml
----------------- Instantiating /home/travis/build/icyphy/ptII/ptolemy/actor/lib/test/auto/TrigFunctionTan.xml
2 ms. Memory: 280576K Free: 145459K (52%)
----------------- Invoking toplevel() on ptolemy.moml.MoMLSimpleApplication@693df382
----------------- Done invoking toplevel() on ptolemy.moml.MoMLSimpleApplication@693df382
reloadAllAccessors: .TrigFunctionTan

===========================================================================================
----------------- testing Wed Sep 02 15:42:14 UTC 2020 /home/travis/build/icyphy/ptII/ptolemy/actor/lib/test/auto/TriggeredClock.xml
----------------- Instantiating /home/travis/build/icyphy/ptII/ptolemy/actor/lib/test/auto/TriggeredClock.xml
1 ms. Memory: 280576K Free: 140339K (50%)
----------------- Invoking toplevel() on ptolemy.moml.MoMLSimpleApplication@3aed2031
----------------- Done invoking toplevel() on ptolemy.moml.MoMLSimpleApplication@3aed2031
reloadAllAccessors: .TriggeredClock

===========================================================================================
----------------- testing Wed Sep 02 15:42:14 UTC 2020 /home/travis/build/icyphy/ptII/ptolemy/actor/lib/test/auto/URLDirectoryReader.xml
----------------- Instantiating /home/travis/build/icyphy/ptII/ptolemy/actor/lib/test/auto/URLDirectoryReader.xml
37 ms. Memory: 280576K Free: 131123K (47%)
----------------- Invoking toplevel() on ptolemy.moml.MoMLSimpleApplication@73f34179
----------------- Done invoking toplevel() on ptolemy.moml.MoMLSimpleApplication@73f34179
reloadAllAccessors: .URLDirectoryReader

===========================================================================================
----------------- testing Wed Sep 02 15:42:14 UTC 2020 /home/travis/build/icyphy/ptII/ptolemy/actor/lib/test/auto/URLDirectoryReader3.xml
----------------- Instantiating /home/travis/build/icyphy/ptII/ptolemy/actor/lib/test/auto/URLDirectoryReader3.xml
1363 ms. Memory: 280576K Free: 221077K (79%)
----------------- Invoking toplevel() on ptolemy.moml.MoMLSimpleApplication@764cdb53
----------------- Done invoking toplevel() on ptolemy.moml.MoMLSimpleApplication@764cdb53
reloadAllAccessors: .URLDirectoryReader3

===========================================================================================
----------------- testing Wed Sep 02 15:42:16 UTC 2020 /home/travis/build/icyphy/ptII/ptolemy/actor/lib/test/auto/UnaryMathFunction.xml
----------------- Instantiating /home/travis/build/icyphy/ptII/ptolemy/actor/lib/test/auto/UnaryMathFunction.xml
3 ms. Memory: 280576K Free: 213292K (76%)
----------------- Invoking toplevel() on ptolemy.moml.MoMLSimpleApplication@78f07ede
----------------- Done invoking toplevel() on ptolemy.moml.MoMLSimpleApplication@78f07ede
reloadAllAccessors: .UnaryMathFunction

===========================================================================================
----------------- testing Wed Sep 02 15:42:16 UTC 2020 /home/travis/build/icyphy/ptII/ptolemy/actor/lib/test/auto/Uniform.xml
----------------- Instantiating /home/travis/build/icyphy/ptII/ptolemy/actor/lib/test/auto/Uniform.xml
4 ms. Memory: 280576K Free: 208682K (74%)
----------------- Invoking toplevel() on ptolemy.moml.MoMLSimpleApplication@4b49bfa1
----------------- Done invoking toplevel() on ptolemy.moml.MoMLSimpleApplication@4b49bfa1
reloadAllAccessors: .Uniform

===========================================================================================
----------------- testing Wed Sep 02 15:42:16 UTC 2020 /home/travis/build/icyphy/ptII/ptolemy/actor/lib/test/auto/UnionDisassemblerTest.xml
----------------- Instantiating /home/travis/build/icyphy/ptII/ptolemy/actor/lib/test/auto/UnionDisassemblerTest.xml
14 ms. Memory: 280576K Free: 204556K (73%)
----------------- Invoking toplevel() on ptolemy.moml.MoMLSimpleApplication@74fc4bd1
----------------- Done invoking toplevel() on ptolemy.moml.MoMLSimpleApplication@74fc4bd1
reloadAllAccessors: .UnionDisassemblerTest

===========================================================================================
----------------- testing Wed Sep 02 15:42:16 UTC 2020 /home/travis/build/icyphy/ptII/ptolemy/actor/lib/test/auto/UtilityFunctions.xml
----------------- Instantiating /home/travis/build/icyphy/ptII/ptolemy/actor/lib/test/auto/UtilityFunctions.xml
1 ms. Memory: 280576K Free: 201004K (72%)
----------------- Invoking toplevel() on ptolemy.moml.MoMLSimpleApplication@24765799
----------------- Done invoking toplevel() on ptolemy.moml.MoMLSimpleApplication@24765799
reloadAllAccessors: .UtilityFunctions

===========================================================================================
----------------- testing Wed Sep 02 15:42:16 UTC 2020 /home/travis/build/icyphy/ptII/ptolemy/actor/lib/test/auto/VariableSleep.xml
----------------- Instantiating /home/travis/build/icyphy/ptII/ptolemy/actor/lib/test/auto/VariableSleep.xml
503 ms. Memory: 280576K Free: 195370K (70%)
----------------- Invoking toplevel() on ptolemy.moml.MoMLSimpleApplication@60eb5267
----------------- Done invoking toplevel() on ptolemy.moml.MoMLSimpleApplication@60eb5267
reloadAllAccessors: .VariableSleep

===========================================================================================
----------------- testing Wed Sep 02 15:42:17 UTC 2020 /home/travis/build/icyphy/ptII/ptolemy/actor/lib/test/auto/VectorAssemblerDisassemblerCT.xml
----------------- Instantiating /home/travis/build/icyphy/ptII/ptolemy/actor/lib/test/auto/VectorAssemblerDisassemblerCT.xml
67 ms. Memory: 280576K Free: 174890K (62%)
----------------- Invoking toplevel() on ptolemy.moml.MoMLSimpleApplication@338da8cb
----------------- Done invoking toplevel() on ptolemy.moml.MoMLSimpleApplication@338da8cb
reloadAllAccessors: .VectorAssemblerDisassemblerCT

===========================================================================================
----------------- testing Wed Sep 02 15:42:17 UTC 2020 /home/travis/build/icyphy/ptII/ptolemy/actor/lib/test/auto/VectorAssemblerDisassemblerDE.xml
----------------- Instantiating /home/travis/build/icyphy/ptII/ptolemy/actor/lib/test/auto/VectorAssemblerDisassemblerDE.xml
2 ms. Memory: 280576K Free: 167212K (60%)
----------------- Invoking toplevel() on ptolemy.moml.MoMLSimpleApplication@63e3957c
----------------- Done invoking toplevel() on ptolemy.moml.MoMLSimpleApplication@63e3957c
reloadAllAccessors: .VectorAssemblerDisassemblerDE

===========================================================================================
----------------- testing Wed Sep 02 15:42:17 UTC 2020 /home/travis/build/icyphy/ptII/ptolemy/actor/lib/test/auto/VectorAssemblerDisassemblerSDF.xml
----------------- Instantiating /home/travis/build/icyphy/ptII/ptolemy/actor/lib/test/auto/VectorAssemblerDisassemblerSDF.xml
2 ms. Memory: 280576K Free: 161068K (57%)
----------------- Invoking toplevel() on ptolemy.moml.MoMLSimpleApplication@4c6a6b8f
----------------- Done invoking toplevel() on ptolemy.moml.MoMLSimpleApplication@4c6a6b8f
reloadAllAccessors: .VectorAssemblerDisassemblerSDF

===========================================================================================
----------------- testing Wed Sep 02 15:42:17 UTC 2020 /home/travis/build/icyphy/ptII/ptolemy/actor/lib/test/auto/WallClockTime.xml
----------------- Instantiating /home/travis/build/icyphy/ptII/ptolemy/actor/lib/test/auto/WallClockTime.xml
1004 ms. Memory: 280576K Free: 155948K (56%)
----------------- Invoking toplevel() on ptolemy.moml.MoMLSimpleApplication@15bd921b
----------------- Done invoking toplevel() on ptolemy.moml.MoMLSimpleApplication@15bd921b
reloadAllAccessors: .WallClockTime

===========================================================================================
----------------- testing Wed Sep 02 15:42:18 UTC 2020 /home/travis/build/icyphy/ptII/ptolemy/actor/lib/test/auto/WidthTestWithSubscriberPublisher.xml
----------------- Instantiating /home/travis/build/icyphy/ptII/ptolemy/actor/lib/test/auto/WidthTestWithSubscriberPublisher.xml
7 ms. Memory: 280576K Free: 138026K (49%)
----------------- Invoking toplevel() on ptolemy.moml.MoMLSimpleApplication@76a8621f
----------------- Done invoking toplevel() on ptolemy.moml.MoMLSimpleApplication@76a8621f
reloadAllAccessors: .WidthTestWithSubscriberPublisher

===========================================================================================
----------------- testing Wed Sep 02 15:42:18 UTC 2020 /home/travis/build/icyphy/ptII/ptolemy/actor/lib/test/auto/WidthTestWithSubscriberPublisher2.xml
----------------- Instantiating /home/travis/build/icyphy/ptII/ptolemy/actor/lib/test/auto/WidthTestWithSubscriberPublisher2.xml
3 ms. Memory: 280576K Free: 130858K (47%)
----------------- Invoking toplevel() on ptolemy.moml.MoMLSimpleApplication@733a5390
----------------- Done invoking toplevel() on ptolemy.moml.MoMLSimpleApplication@733a5390
reloadAllAccessors: .WidthTestWithSubscriberPublisher2

===========================================================================================
----------------- testing Wed Sep 02 15:42:18 UTC 2020 /home/travis/build/icyphy/ptII/ptolemy/actor/lib/test/auto/WidthTestWithSubscriberPublisher3.xml
----------------- Instantiating /home/travis/build/icyphy/ptII/ptolemy/actor/lib/test/auto/WidthTestWithSubscriberPublisher3.xml
3 ms. Memory: 280576K Free: 125228K (45%)
----------------- Invoking toplevel() on ptolemy.moml.MoMLSimpleApplication@7ee4b186
----------------- Done invoking toplevel() on ptolemy.moml.MoMLSimpleApplication@7ee4b186
reloadAllAccessors: .WidthTestWithSubscriberPublisher3

===========================================================================================
----------------- testing Wed Sep 02 15:42:18 UTC 2020 /home/travis/build/icyphy/ptII/ptolemy/actor/lib/test/auto/Writer.xml
----------------- Instantiating /home/travis/build/icyphy/ptII/ptolemy/actor/lib/test/auto/Writer.xml
0
1
2
3
4
1 ms. Memory: 280576K Free: 121132K (43%)
----------------- Invoking toplevel() on ptolemy.moml.MoMLSimpleApplication@187e3271
----------------- Done invoking toplevel() on ptolemy.moml.MoMLSimpleApplication@187e3271
reloadAllAccessors: .Writer

===========================================================================================
----------------- testing Wed Sep 02 15:42:18 UTC 2020 /home/travis/build/icyphy/ptII/ptolemy/actor/lib/test/auto/array.xml
----------------- Instantiating /home/travis/build/icyphy/ptII/ptolemy/actor/lib/test/auto/array.xml
2 ms. Memory: 280576K Free: 116522K (42%)
----------------- Invoking toplevel() on ptolemy.moml.MoMLSimpleApplication@4bb0eea1
----------------- Done invoking toplevel() on ptolemy.moml.MoMLSimpleApplication@4bb0eea1
reloadAllAccessors: .array

===========================================================================================
----------------- testing Wed Sep 02 15:42:18 UTC 2020 /home/travis/build/icyphy/ptII/ptolemy/actor/lib/test/auto/array2.xml
----------------- Instantiating /home/travis/build/icyphy/ptII/ptolemy/actor/lib/test/auto/array2.xml
5 ms. Memory: 280576K Free: 110892K (40%)
----------------- Invoking toplevel() on ptolemy.moml.MoMLSimpleApplication@792a4db5
----------------- Done invoking toplevel() on ptolemy.moml.MoMLSimpleApplication@792a4db5
reloadAllAccessors: .array2

===========================================================================================
----------------- testing Wed Sep 02 15:42:18 UTC 2020 /home/travis/build/icyphy/ptII/ptolemy/actor/lib/test/auto/arrayType.xml
----------------- Instantiating /home/travis/build/icyphy/ptII/ptolemy/actor/lib/test/auto/arrayType.xml
2 ms. Memory: 280576K Free: 105772K (38%)
----------------- Invoking toplevel() on ptolemy.moml.MoMLSimpleApplication@4629aaf3
----------------- Done invoking toplevel() on ptolemy.moml.MoMLSimpleApplication@4629aaf3
reloadAllAccessors: .arrayType

===========================================================================================
----------------- testing Wed Sep 02 15:42:18 UTC 2020 /home/travis/build/icyphy/ptII/ptolemy/actor/lib/test/auto/arrayType10.xml
----------------- Instantiating /home/travis/build/icyphy/ptII/ptolemy/actor/lib/test/auto/arrayType10.xml
2 ms. Memory: 280576K Free: 101162K (36%)
----------------- Invoking toplevel() on ptolemy.moml.MoMLSimpleApplication@6c82849
----------------- Done invoking toplevel() on ptolemy.moml.MoMLSimpleApplication@6c82849
reloadAllAccessors: .arrayType10

===========================================================================================
----------------- testing Wed Sep 02 15:42:18 UTC 2020 /home/travis/build/icyphy/ptII/ptolemy/actor/lib/test/auto/arrayType11.xml
----------------- Instantiating /home/travis/build/icyphy/ptII/ptolemy/actor/lib/test/auto/arrayType11.xml
1 ms. Memory: 280576K Free: 96556K (34%)
----------------- Invoking toplevel() on ptolemy.moml.MoMLSimpleApplication@7465afd4
----------------- Done invoking toplevel() on ptolemy.moml.MoMLSimpleApplication@7465afd4
reloadAllAccessors: .arrayType11

===========================================================================================
----------------- testing Wed Sep 02 15:42:18 UTC 2020 /home/travis/build/icyphy/ptII/ptolemy/actor/lib/test/auto/arrayType12.xml
----------------- Instantiating /home/travis/build/icyphy/ptII/ptolemy/actor/lib/test/auto/arrayType12.xml
1 ms. Memory: 280576K Free: 91946K (33%)
----------------- Invoking toplevel() on ptolemy.moml.MoMLSimpleApplication@1f65baf4
----------------- Done invoking toplevel() on ptolemy.moml.MoMLSimpleApplication@1f65baf4
reloadAllAccessors: .arrayType12

===========================================================================================
----------------- testing Wed Sep 02 15:42:18 UTC 2020 /home/travis/build/icyphy/ptII/ptolemy/actor/lib/test/auto/arrayType13.xml
----------------- Instantiating /home/travis/build/icyphy/ptII/ptolemy/actor/lib/test/auto/arrayType13.xml
2 ms. Memory: 280576K Free: 86316K (31%)
----------------- Invoking toplevel() on ptolemy.moml.MoMLSimpleApplication@23e4c230
----------------- Done invoking toplevel() on ptolemy.moml.MoMLSimpleApplication@23e4c230
reloadAllAccessors: .arrayType13

===========================================================================================
----------------- testing Wed Sep 02 15:42:18 UTC 2020 /home/travis/build/icyphy/ptII/ptolemy/actor/lib/test/auto/arrayType14.xml
----------------- Instantiating /home/travis/build/icyphy/ptII/ptolemy/actor/lib/test/auto/arrayType14.xml
1 ms. Memory: 280576K Free: 81196K (29%)
----------------- Invoking toplevel() on ptolemy.moml.MoMLSimpleApplication@5173efa0
----------------- Done invoking toplevel() on ptolemy.moml.MoMLSimpleApplication@5173efa0
reloadAllAccessors: .arrayType14

===========================================================================================
----------------- testing Wed Sep 02 15:42:18 UTC 2020 /home/travis/build/icyphy/ptII/ptolemy/actor/lib/test/auto/arrayType15.xml
----------------- Instantiating /home/travis/build/icyphy/ptII/ptolemy/actor/lib/test/auto/arrayType15.xml
3 ms. Memory: 280576K Free: 76076K (27%)
----------------- Invoking toplevel() on ptolemy.moml.MoMLSimpleApplication@57d1b6dd
----------------- Done invoking toplevel() on ptolemy.moml.MoMLSimpleApplication@57d1b6dd
reloadAllAccessors: .arrayType15

===========================================================================================
----------------- testing Wed Sep 02 15:42:18 UTC 2020 /home/travis/build/icyphy/ptII/ptolemy/actor/lib/test/auto/arrayType16.xml
----------------- Instantiating /home/travis/build/icyphy/ptII/ptolemy/actor/lib/test/auto/arrayType16.xml
1 ms. Memory: 280576K Free: 70956K (25%)
----------------- Invoking toplevel() on ptolemy.moml.MoMLSimpleApplication@581b1c49
----------------- Done invoking toplevel() on ptolemy.moml.MoMLSimpleApplication@581b1c49
reloadAllAccessors: .arrayType16

===========================================================================================
----------------- testing Wed Sep 02 15:42:18 UTC 2020 /home/travis/build/icyphy/ptII/ptolemy/actor/lib/test/auto/arrayType17.xml
----------------- Instantiating /home/travis/build/icyphy/ptII/ptolemy/actor/lib/test/auto/arrayType17.xml
2 ms. Memory: 280576K Free: 65308K (23%)
----------------- Invoking toplevel() on ptolemy.moml.MoMLSimpleApplication@239375ef
----------------- Done invoking toplevel() on ptolemy.moml.MoMLSimpleApplication@239375ef
reloadAllAccessors: .arrayType17

===========================================================================================
----------------- testing Wed Sep 02 15:42:18 UTC 2020 /home/travis/build/icyphy/ptII/ptolemy/actor/lib/test/auto/arrayType18.xml
----------------- Instantiating /home/travis/build/icyphy/ptII/ptolemy/actor/lib/test/auto/arrayType18.xml
1 ms. Memory: 280576K Free: 224173K (80%)
----------------- Invoking toplevel() on ptolemy.moml.MoMLSimpleApplication@3e4104e5
----------------- Done invoking toplevel() on ptolemy.moml.MoMLSimpleApplication@3e4104e5
reloadAllAccessors: .arrayType18

===========================================================================================
----------------- testing Wed Sep 02 15:42:18 UTC 2020 /home/travis/build/icyphy/ptII/ptolemy/actor/lib/test/auto/arrayType19.xml
----------------- Instantiating /home/travis/build/icyphy/ptII/ptolemy/actor/lib/test/auto/arrayType19.xml
1 ms. Memory: 280576K Free: 219067K (78%)
----------------- Invoking toplevel() on ptolemy.moml.MoMLSimpleApplication@17312950
----------------- Done invoking toplevel() on ptolemy.moml.MoMLSimpleApplication@17312950
reloadAllAccessors: .arrayType19

===========================================================================================
----------------- testing Wed Sep 02 15:42:18 UTC 2020 /home/travis/build/icyphy/ptII/ptolemy/actor/lib/test/auto/arrayType2.xml
----------------- Instantiating /home/travis/build/icyphy/ptII/ptolemy/actor/lib/test/auto/arrayType2.xml
1 ms. Memory: 280576K Free: 213947K (76%)
----------------- Invoking toplevel() on ptolemy.moml.MoMLSimpleApplication@7a28c2e0
----------------- Done invoking toplevel() on ptolemy.moml.MoMLSimpleApplication@7a28c2e0
reloadAllAccessors: .arrayType2

===========================================================================================
----------------- testing Wed Sep 02 15:42:18 UTC 2020 /home/travis/build/icyphy/ptII/ptolemy/actor/lib/test/auto/arrayType20.xml
----------------- Instantiating /home/travis/build/icyphy/ptII/ptolemy/actor/lib/test/auto/arrayType20.xml
1 ms. Memory: 280576K Free: 209341K (75%)
----------------- Invoking toplevel() on ptolemy.moml.MoMLSimpleApplication@59eac4e7
----------------- Done invoking toplevel() on ptolemy.moml.MoMLSimpleApplication@59eac4e7
reloadAllAccessors: .arrayType20

===========================================================================================
----------------- testing Wed Sep 02 15:42:18 UTC 2020 /home/travis/build/icyphy/ptII/ptolemy/actor/lib/test/auto/arrayType21.xml
----------------- Instantiating /home/travis/build/icyphy/ptII/ptolemy/actor/lib/test/auto/arrayType21.xml
1 ms. Memory: 280576K Free: 204221K (73%)
----------------- Invoking toplevel() on ptolemy.moml.MoMLSimpleApplication@64c935d7
----------------- Done invoking toplevel() on ptolemy.moml.MoMLSimpleApplication@64c935d7
reloadAllAccessors: .arrayType21

===========================================================================================
----------------- testing Wed Sep 02 15:42:18 UTC 2020 /home/travis/build/icyphy/ptII/ptolemy/actor/lib/test/auto/arrayType22.xml
----------------- Instantiating /home/travis/build/icyphy/ptII/ptolemy/actor/lib/test/auto/arrayType22.xml
1 ms. Memory: 280576K Free: 199611K (71%)
----------------- Invoking toplevel() on ptolemy.moml.MoMLSimpleApplication@672f6b51
----------------- Done invoking toplevel() on ptolemy.moml.MoMLSimpleApplication@672f6b51
reloadAllAccessors: .arrayType22

===========================================================================================
----------------- testing Wed Sep 02 15:42:18 UTC 2020 /home/travis/build/icyphy/ptII/ptolemy/actor/lib/test/auto/arrayType23.xml
----------------- Instantiating /home/travis/build/icyphy/ptII/ptolemy/actor/lib/test/auto/arrayType23.xml
1 ms. Memory: 280576K Free: 195005K (70%)
----------------- Invoking toplevel() on ptolemy.moml.MoMLSimpleApplication@33df0d79
----------------- Done invoking toplevel() on ptolemy.moml.MoMLSimpleApplication@33df0d79
reloadAllAccessors: .arrayType23

===========================================================================================
----------------- testing Wed Sep 02 15:42:18 UTC 2020 /home/travis/build/icyphy/ptII/ptolemy/actor/lib/test/auto/arrayType24.xml
----------------- Instantiating /home/travis/build/icyphy/ptII/ptolemy/actor/lib/test/auto/arrayType24.xml
1 ms. Memory: 280576K Free: 190395K (68%)
----------------- Invoking toplevel() on ptolemy.moml.MoMLSimpleApplication@4be1d87d
----------------- Done invoking toplevel() on ptolemy.moml.MoMLSimpleApplication@4be1d87d
reloadAllAccessors: .arrayType24

===========================================================================================
----------------- testing Wed Sep 02 15:42:18 UTC 2020 /home/travis/build/icyphy/ptII/ptolemy/actor/lib/test/auto/arrayType25.xml
----------------- Instantiating /home/travis/build/icyphy/ptII/ptolemy/actor/lib/test/auto/arrayType25.xml
2 ms. Memory: 280576K Free: 184765K (66%)
----------------- Invoking toplevel() on ptolemy.moml.MoMLSimpleApplication@7b21fd25
----------------- Done invoking toplevel() on ptolemy.moml.MoMLSimpleApplication@7b21fd25
reloadAllAccessors: .arrayType25

===========================================================================================
----------------- testing Wed Sep 02 15:42:18 UTC 2020 /home/travis/build/icyphy/ptII/ptolemy/actor/lib/test/auto/arrayType26.xml
----------------- Instantiating /home/travis/build/icyphy/ptII/ptolemy/actor/lib/test/auto/arrayType26.xml
2 ms. Memory: 280576K Free: 179645K (64%)
----------------- Invoking toplevel() on ptolemy.moml.MoMLSimpleApplication@721f42c4
----------------- Done invoking toplevel() on ptolemy.moml.MoMLSimpleApplication@721f42c4
reloadAllAccessors: .arrayType26

===========================================================================================
----------------- testing Wed Sep 02 15:42:18 UTC 2020 /home/travis/build/icyphy/ptII/ptolemy/actor/lib/test/auto/arrayType27.xml
----------------- Instantiating /home/travis/build/icyphy/ptII/ptolemy/actor/lib/test/auto/arrayType27.xml
2 ms. Memory: 280576K Free: 174525K (62%)
----------------- Invoking toplevel() on ptolemy.moml.MoMLSimpleApplication@13cb6eaa
----------------- Done invoking toplevel() on ptolemy.moml.MoMLSimpleApplication@13cb6eaa
reloadAllAccessors: .arrayType27

===========================================================================================
----------------- testing Wed Sep 02 15:42:18 UTC 2020 /home/travis/build/icyphy/ptII/ptolemy/actor/lib/test/auto/arrayType28.xml
----------------- Instantiating /home/travis/build/icyphy/ptII/ptolemy/actor/lib/test/auto/arrayType28.xml
1 ms. Memory: 280576K Free: 168877K (60%)
----------------- Invoking toplevel() on ptolemy.moml.MoMLSimpleApplication@2c1ae056
----------------- Done invoking toplevel() on ptolemy.moml.MoMLSimpleApplication@2c1ae056
reloadAllAccessors: .arrayType28

===========================================================================================
----------------- testing Wed Sep 02 15:42:18 UTC 2020 /home/travis/build/icyphy/ptII/ptolemy/actor/lib/test/auto/arrayType3.xml
----------------- Instantiating /home/travis/build/icyphy/ptII/ptolemy/actor/lib/test/auto/arrayType3.xml
5 ms. Memory: 280576K Free: 163768K (58%)
----------------- Invoking toplevel() on ptolemy.moml.MoMLSimpleApplication@5e4db58d
----------------- Done invoking toplevel() on ptolemy.moml.MoMLSimpleApplication@5e4db58d
reloadAllAccessors: .arrayType3

===========================================================================================
----------------- testing Wed Sep 02 15:42:18 UTC 2020 /home/travis/build/icyphy/ptII/ptolemy/actor/lib/test/auto/arrayType4.xml
----------------- Instantiating /home/travis/build/icyphy/ptII/ptolemy/actor/lib/test/auto/arrayType4.xml
1 ms. Memory: 280576K Free: 158651K (57%)
----------------- Invoking toplevel() on ptolemy.moml.MoMLSimpleApplication@2ada5d3c
----------------- Done invoking toplevel() on ptolemy.moml.MoMLSimpleApplication@2ada5d3c
reloadAllAccessors: .arrayType4

===========================================================================================
----------------- testing Wed Sep 02 15:42:18 UTC 2020 /home/travis/build/icyphy/ptII/ptolemy/actor/lib/test/auto/arrayType5.xml
----------------- Instantiating /home/travis/build/icyphy/ptII/ptolemy/actor/lib/test/auto/arrayType5.xml
2 ms. Memory: 280576K Free: 153021K (55%)
----------------- Invoking toplevel() on ptolemy.moml.MoMLSimpleApplication@29057000
----------------- Done invoking toplevel() on ptolemy.moml.MoMLSimpleApplication@29057000
reloadAllAccessors: .arrayType5

===========================================================================================
----------------- testing Wed Sep 02 15:42:18 UTC 2020 /home/travis/build/icyphy/ptII/ptolemy/actor/lib/test/auto/arrayType6.xml
----------------- Instantiating /home/travis/build/icyphy/ptII/ptolemy/actor/lib/test/auto/arrayType6.xml
1 ms. Memory: 280576K Free: 148411K (53%)
----------------- Invoking toplevel() on ptolemy.moml.MoMLSimpleApplication@5e3e7fa5
----------------- Done invoking toplevel() on ptolemy.moml.MoMLSimpleApplication@5e3e7fa5
reloadAllAccessors: .arrayType6

===========================================================================================
----------------- testing Wed Sep 02 15:42:18 UTC 2020 /home/travis/build/icyphy/ptII/ptolemy/actor/lib/test/auto/arrayType7.xml
----------------- Instantiating /home/travis/build/icyphy/ptII/ptolemy/actor/lib/test/auto/arrayType7.xml
2 ms. Memory: 280576K Free: 143805K (51%)
----------------- Invoking toplevel() on ptolemy.moml.MoMLSimpleApplication@6c27c45d
----------------- Done invoking toplevel() on ptolemy.moml.MoMLSimpleApplication@6c27c45d
reloadAllAccessors: .arrayType7

===========================================================================================
----------------- testing Wed Sep 02 15:42:18 UTC 2020 /home/travis/build/icyphy/ptII/ptolemy/actor/lib/test/auto/arrayType8.xml
----------------- Instantiating /home/travis/build/icyphy/ptII/ptolemy/actor/lib/test/auto/arrayType8.xml
1 ms. Memory: 280576K Free: 139195K (50%)
----------------- Invoking toplevel() on ptolemy.moml.MoMLSimpleApplication@70119047
----------------- Done invoking toplevel() on ptolemy.moml.MoMLSimpleApplication@70119047
reloadAllAccessors: .arrayType8

===========================================================================================
----------------- testing Wed Sep 02 15:42:18 UTC 2020 /home/travis/build/icyphy/ptII/ptolemy/actor/lib/test/auto/arrayType9.xml
----------------- Instantiating /home/travis/build/icyphy/ptII/ptolemy/actor/lib/test/auto/arrayType9.xml
1 ms. Memory: 280576K Free: 134075K (48%)
----------------- Invoking toplevel() on ptolemy.moml.MoMLSimpleApplication@4eada9f1
----------------- Done invoking toplevel() on ptolemy.moml.MoMLSimpleApplication@4eada9f1
reloadAllAccessors: .arrayType9

===========================================================================================
----------------- testing Wed Sep 02 15:42:18 UTC 2020 /home/travis/build/icyphy/ptII/ptolemy/actor/lib/test/auto/cast.xml
----------------- Instantiating /home/travis/build/icyphy/ptII/ptolemy/actor/lib/test/auto/cast.xml
1 ms. Memory: 280576K Free: 129469K (46%)
----------------- Invoking toplevel() on ptolemy.moml.MoMLSimpleApplication@441e9753
----------------- Done invoking toplevel() on ptolemy.moml.MoMLSimpleApplication@441e9753
reloadAllAccessors: .cast

===========================================================================================
----------------- testing Wed Sep 02 15:42:18 UTC 2020 /home/travis/build/icyphy/ptII/ptolemy/actor/lib/test/auto/compositeMultiPort.xml
----------------- Instantiating /home/travis/build/icyphy/ptII/ptolemy/actor/lib/test/auto/compositeMultiPort.xml
3 ms. Memory: 280576K Free: 120757K (43%)
----------------- Invoking toplevel() on ptolemy.moml.MoMLSimpleApplication@176d11a5
----------------- Done invoking toplevel() on ptolemy.moml.MoMLSimpleApplication@176d11a5
reloadAllAccessors: .compositeMultiPort

===========================================================================================
----------------- testing Wed Sep 02 15:42:18 UTC 2020 /home/travis/build/icyphy/ptII/ptolemy/actor/lib/test/auto/expressionCastInference.xml
----------------- Instantiating /home/travis/build/icyphy/ptII/ptolemy/actor/lib/test/auto/expressionCastInference.xml
2 ms. Memory: 280576K Free: 115643K (41%)
----------------- Invoking toplevel() on ptolemy.moml.MoMLSimpleApplication@47aa9d02
----------------- Done invoking toplevel() on ptolemy.moml.MoMLSimpleApplication@47aa9d02
reloadAllAccessors: .expressionCastInference

===========================================================================================
----------------- testing Wed Sep 02 15:42:18 UTC 2020 /home/travis/build/icyphy/ptII/ptolemy/actor/lib/test/auto/expressionCastInference2.xml
----------------- Instantiating /home/travis/build/icyphy/ptII/ptolemy/actor/lib/test/auto/expressionCastInference2.xml
2 ms. Memory: 280576K Free: 111037K (40%)
----------------- Invoking toplevel() on ptolemy.moml.MoMLSimpleApplication@49ead33f
----------------- Done invoking toplevel() on ptolemy.moml.MoMLSimpleApplication@49ead33f
reloadAllAccessors: .expressionCastInference2

===========================================================================================
----------------- testing Wed Sep 02 15:42:18 UTC 2020 /home/travis/build/icyphy/ptII/ptolemy/actor/lib/test/auto/expressionInference.xml
----------------- Instantiating /home/travis/build/icyphy/ptII/ptolemy/actor/lib/test/auto/expressionInference.xml
1 ms. Memory: 280576K Free: 106941K (38%)
----------------- Invoking toplevel() on ptolemy.moml.MoMLSimpleApplication@697f8ddd
----------------- Done invoking toplevel() on ptolemy.moml.MoMLSimpleApplication@697f8ddd
reloadAllAccessors: .expressionInference

===========================================================================================
----------------- testing Wed Sep 02 15:42:19 UTC 2020 /home/travis/build/icyphy/ptII/ptolemy/actor/lib/test/auto/expression_bug.xml
----------------- Instantiating /home/travis/build/icyphy/ptII/ptolemy/actor/lib/test/auto/expression_bug.xml
1 ms. Memory: 280576K Free: 102331K (36%)
----------------- Invoking toplevel() on ptolemy.moml.MoMLSimpleApplication@63752b55
----------------- Done invoking toplevel() on ptolemy.moml.MoMLSimpleApplication@63752b55
reloadAllAccessors: .expression_bug

===========================================================================================
----------------- testing Wed Sep 02 15:42:19 UTC 2020 /home/travis/build/icyphy/ptII/ptolemy/actor/lib/test/auto/factorial.xml
----------------- Instantiating /home/travis/build/icyphy/ptII/ptolemy/actor/lib/test/auto/factorial.xml
33 ms. Memory: 280576K Free: 93629K (33%)
----------------- Invoking toplevel() on ptolemy.moml.MoMLSimpleApplication@1d3887e1
----------------- Done invoking toplevel() on ptolemy.moml.MoMLSimpleApplication@1d3887e1
reloadAllAccessors: .factorial

===========================================================================================
----------------- testing Wed Sep 02 15:42:19 UTC 2020 /home/travis/build/icyphy/ptII/ptolemy/actor/lib/test/auto/filterTest1.xml
----------------- Instantiating /home/travis/build/icyphy/ptII/ptolemy/actor/lib/test/auto/filterTest1.xml
3 ms. Memory: 280576K Free: 87995K (31%)
----------------- Invoking toplevel() on ptolemy.moml.MoMLSimpleApplication@7192800b
----------------- Done invoking toplevel() on ptolemy.moml.MoMLSimpleApplication@7192800b
reloadAllAccessors: .filterTest1

===========================================================================================
----------------- testing Wed Sep 02 15:42:19 UTC 2020 /home/travis/build/icyphy/ptII/ptolemy/actor/lib/test/auto/funcApplyInConst.xml
----------------- Instantiating /home/travis/build/icyphy/ptII/ptolemy/actor/lib/test/auto/funcApplyInConst.xml
1 ms. Memory: 280576K Free: 83899K (30%)
----------------- Invoking toplevel() on ptolemy.moml.MoMLSimpleApplication@1c183e6b
----------------- Done invoking toplevel() on ptolemy.moml.MoMLSimpleApplication@1c183e6b
reloadAllAccessors: .funcApplyInConst

===========================================================================================
----------------- testing Wed Sep 02 15:42:19 UTC 2020 /home/travis/build/icyphy/ptII/ptolemy/actor/lib/test/auto/funcApplyInExpr.xml
----------------- Instantiating /home/travis/build/icyphy/ptII/ptolemy/actor/lib/test/auto/funcApplyInExpr.xml
2 ms. Memory: 280576K Free: 80317K (29%)
----------------- Invoking toplevel() on ptolemy.moml.MoMLSimpleApplication@637b2ff6
----------------- Done invoking toplevel() on ptolemy.moml.MoMLSimpleApplication@637b2ff6
reloadAllAccessors: .funcApplyInExpr

===========================================================================================
----------------- testing Wed Sep 02 15:42:19 UTC 2020 /home/travis/build/icyphy/ptII/ptolemy/actor/lib/test/auto/function.xml
----------------- Instantiating /home/travis/build/icyphy/ptII/ptolemy/actor/lib/test/auto/function.xml
2 ms. Memory: 280576K Free: 75707K (27%)
----------------- Invoking toplevel() on ptolemy.moml.MoMLSimpleApplication@1ee1e04f
----------------- Done invoking toplevel() on ptolemy.moml.MoMLSimpleApplication@1ee1e04f
reloadAllAccessors: .function

===========================================================================================
----------------- testing Wed Sep 02 15:42:19 UTC 2020 /home/travis/build/icyphy/ptII/ptolemy/actor/lib/test/auto/function2.xml
----------------- Instantiating /home/travis/build/icyphy/ptII/ptolemy/actor/lib/test/auto/function2.xml
1 ms. Memory: 280576K Free: 70587K (25%)
----------------- Invoking toplevel() on ptolemy.moml.MoMLSimpleApplication@2010e8d
----------------- Done invoking toplevel() on ptolemy.moml.MoMLSimpleApplication@2010e8d
reloadAllAccessors: .function2

===========================================================================================
----------------- testing Wed Sep 02 15:42:19 UTC 2020 /home/travis/build/icyphy/ptII/ptolemy/actor/lib/test/auto/function3.xml
----------------- Instantiating /home/travis/build/icyphy/ptII/ptolemy/actor/lib/test/auto/function3.xml
1 ms. Memory: 280576K Free: 67005K (24%)
----------------- Invoking toplevel() on ptolemy.moml.MoMLSimpleApplication@4f61d724
----------------- Done invoking toplevel() on ptolemy.moml.MoMLSimpleApplication@4f61d724
reloadAllAccessors: .function3

===========================================================================================
----------------- testing Wed Sep 02 15:42:19 UTC 2020 /home/travis/build/icyphy/ptII/ptolemy/actor/lib/test/auto/functionClosureTest1.xml
----------------- Instantiating /home/travis/build/icyphy/ptII/ptolemy/actor/lib/test/auto/functionClosureTest1.xml
2 ms. Memory: 280576K Free: 225713K (80%)
----------------- Invoking toplevel() on ptolemy.moml.MoMLSimpleApplication@6777581b
----------------- Done invoking toplevel() on ptolemy.moml.MoMLSimpleApplication@6777581b
reloadAllAccessors: .functionClosureTest1

===========================================================================================
----------------- testing Wed Sep 02 15:42:19 UTC 2020 /home/travis/build/icyphy/ptII/ptolemy/actor/lib/test/auto/functionClosureTest2.xml
----------------- Instantiating /home/travis/build/icyphy/ptII/ptolemy/actor/lib/test/auto/functionClosureTest2.xml
1 ms. Memory: 280576K Free: 221617K (79%)
----------------- Invoking toplevel() on ptolemy.moml.MoMLSimpleApplication@2bca5140
----------------- Done invoking toplevel() on ptolemy.moml.MoMLSimpleApplication@2bca5140
reloadAllAccessors: .functionClosureTest2

===========================================================================================
----------------- testing Wed Sep 02 15:42:19 UTC 2020 /home/travis/build/icyphy/ptII/ptolemy/actor/lib/test/auto/functionClosureTest3.xml
----------------- Instantiating /home/travis/build/icyphy/ptII/ptolemy/actor/lib/test/auto/functionClosureTest3.xml
2 ms. Memory: 280576K Free: 216497K (77%)
----------------- Invoking toplevel() on ptolemy.moml.MoMLSimpleApplication@70852a86
----------------- Done invoking toplevel() on ptolemy.moml.MoMLSimpleApplication@70852a86
reloadAllAccessors: .functionClosureTest3

===========================================================================================
----------------- testing Wed Sep 02 15:42:19 UTC 2020 /home/travis/build/icyphy/ptII/ptolemy/actor/lib/test/auto/functionClosureTest4.xml
----------------- Instantiating /home/travis/build/icyphy/ptII/ptolemy/actor/lib/test/auto/functionClosureTest4.xml
3 ms. Memory: 280576K Free: 209839K (75%)
----------------- Invoking toplevel() on ptolemy.moml.MoMLSimpleApplication@178befd7
----------------- Done invoking toplevel() on ptolemy.moml.MoMLSimpleApplication@178befd7
reloadAllAccessors: .functionClosureTest4

===========================================================================================
----------------- testing Wed Sep 02 15:42:19 UTC 2020 /home/travis/build/icyphy/ptII/ptolemy/actor/lib/test/auto/functionClosureTest5.xml
----------------- Instantiating /home/travis/build/icyphy/ptII/ptolemy/actor/lib/test/auto/functionClosureTest5.xml
4 ms. Memory: 280576K Free: 204719K (73%)
----------------- Invoking toplevel() on ptolemy.moml.MoMLSimpleApplication@59cdc54f
----------------- Done invoking toplevel() on ptolemy.moml.MoMLSimpleApplication@59cdc54f
reloadAllAccessors: .functionClosureTest5

===========================================================================================
----------------- testing Wed Sep 02 15:42:19 UTC 2020 /home/travis/build/icyphy/ptII/ptolemy/actor/lib/test/auto/functionClosureTest6.xml
----------------- Instantiating /home/travis/build/icyphy/ptII/ptolemy/actor/lib/test/auto/functionClosureTest6.xml
2 ms. Memory: 280576K Free: 200113K (71%)
----------------- Invoking toplevel() on ptolemy.moml.MoMLSimpleApplication@1b925c3d
----------------- Done invoking toplevel() on ptolemy.moml.MoMLSimpleApplication@1b925c3d
reloadAllAccessors: .functionClosureTest6

===========================================================================================
----------------- testing Wed Sep 02 15:42:19 UTC 2020 /home/travis/build/icyphy/ptII/ptolemy/actor/lib/test/auto/functionsOnArcs.xml
----------------- Instantiating /home/travis/build/icyphy/ptII/ptolemy/actor/lib/test/auto/functionsOnArcs.xml
2 ms. Memory: 280576K Free: 194479K (69%)
----------------- Invoking toplevel() on ptolemy.moml.MoMLSimpleApplication@b5edf53
----------------- Done invoking toplevel() on ptolemy.moml.MoMLSimpleApplication@b5edf53
reloadAllAccessors: .functionsOnArcs

===========================================================================================
----------------- testing Wed Sep 02 15:42:19 UTC 2020 /home/travis/build/icyphy/ptII/ptolemy/actor/lib/test/auto/functionsOnArcsHOF.xml
----------------- Instantiating /home/travis/build/icyphy/ptII/ptolemy/actor/lib/test/auto/functionsOnArcsHOF.xml
3 ms. Memory: 280576K Free: 188849K (67%)
----------------- Invoking toplevel() on ptolemy.moml.MoMLSimpleApplication@31e2c609
----------------- Done invoking toplevel() on ptolemy.moml.MoMLSimpleApplication@31e2c609
reloadAllAccessors: .functionsOnArcsHOF

===========================================================================================
----------------- testing Wed Sep 02 15:42:19 UTC 2020 /home/travis/build/icyphy/ptII/ptolemy/actor/lib/test/auto/logic.xml
----------------- Instantiating /home/travis/build/icyphy/ptII/ptolemy/actor/lib/test/auto/logic.xml
2 ms. Memory: 280576K Free: 181681K (65%)
----------------- Invoking toplevel() on ptolemy.moml.MoMLSimpleApplication@6271747
----------------- Done invoking toplevel() on ptolemy.moml.MoMLSimpleApplication@6271747
reloadAllAccessors: .logic

===========================================================================================
----------------- testing Wed Sep 02 15:42:19 UTC 2020 /home/travis/build/icyphy/ptII/ptolemy/actor/lib/test/auto/matrixType.xml
----------------- Instantiating /home/travis/build/icyphy/ptII/ptolemy/actor/lib/test/auto/matrixType.xml
1 ms. Memory: 280576K Free: 176047K (63%)
----------------- Invoking toplevel() on ptolemy.moml.MoMLSimpleApplication@6deac4e0
----------------- Done invoking toplevel() on ptolemy.moml.MoMLSimpleApplication@6deac4e0
reloadAllAccessors: .matrixType

===========================================================================================
----------------- testing Wed Sep 02 15:42:19 UTC 2020 /home/travis/build/icyphy/ptII/ptolemy/actor/lib/test/auto/matrixType10.xml
----------------- Instantiating /home/travis/build/icyphy/ptII/ptolemy/actor/lib/test/auto/matrixType10.xml
2 ms. Memory: 280576K Free: 171441K (61%)
----------------- Invoking toplevel() on ptolemy.moml.MoMLSimpleApplication@13e390f
----------------- Done invoking toplevel() on ptolemy.moml.MoMLSimpleApplication@13e390f
reloadAllAccessors: .matrixType10

===========================================================================================
----------------- testing Wed Sep 02 15:42:19 UTC 2020 /home/travis/build/icyphy/ptII/ptolemy/actor/lib/test/auto/matrixType11.xml
----------------- Instantiating /home/travis/build/icyphy/ptII/ptolemy/actor/lib/test/auto/matrixType11.xml
1 ms. Memory: 280576K Free: 166321K (59%)
----------------- Invoking toplevel() on ptolemy.moml.MoMLSimpleApplication@608bf8d4
----------------- Done invoking toplevel() on ptolemy.moml.MoMLSimpleApplication@608bf8d4
reloadAllAccessors: .matrixType11

===========================================================================================
----------------- testing Wed Sep 02 15:42:19 UTC 2020 /home/travis/build/icyphy/ptII/ptolemy/actor/lib/test/auto/matrixType12.xml
----------------- Instantiating /home/travis/build/icyphy/ptII/ptolemy/actor/lib/test/auto/matrixType12.xml
1 ms. Memory: 280576K Free: 161711K (58%)
----------------- Invoking toplevel() on ptolemy.moml.MoMLSimpleApplication@d7e76a6
----------------- Done invoking toplevel() on ptolemy.moml.MoMLSimpleApplication@d7e76a6
reloadAllAccessors: .matrixType12

===========================================================================================
----------------- testing Wed Sep 02 15:42:19 UTC 2020 /home/travis/build/icyphy/ptII/ptolemy/actor/lib/test/auto/matrixType13.xml
----------------- Instantiating /home/travis/build/icyphy/ptII/ptolemy/actor/lib/test/auto/matrixType13.xml
1 ms. Memory: 280576K Free: 157105K (56%)
----------------- Invoking toplevel() on ptolemy.moml.MoMLSimpleApplication@40712a9
----------------- Done invoking toplevel() on ptolemy.moml.MoMLSimpleApplication@40712a9
reloadAllAccessors: .matrixType13

===========================================================================================
----------------- testing Wed Sep 02 15:42:19 UTC 2020 /home/travis/build/icyphy/ptII/ptolemy/actor/lib/test/auto/matrixType14.xml
----------------- Instantiating /home/travis/build/icyphy/ptII/ptolemy/actor/lib/test/auto/matrixType14.xml
1 ms. Memory: 280576K Free: 151471K (54%)
----------------- Invoking toplevel() on ptolemy.moml.MoMLSimpleApplication@78ec74a6
----------------- Done invoking toplevel() on ptolemy.moml.MoMLSimpleApplication@78ec74a6
reloadAllAccessors: .matrixType14

===========================================================================================
----------------- testing Wed Sep 02 15:42:19 UTC 2020 /home/travis/build/icyphy/ptII/ptolemy/actor/lib/test/auto/matrixType2.xml
----------------- Instantiating /home/travis/build/icyphy/ptII/ptolemy/actor/lib/test/auto/matrixType2.xml
2 ms. Memory: 280576K Free: 146351K (52%)
----------------- Invoking toplevel() on ptolemy.moml.MoMLSimpleApplication@b41b180
----------------- Done invoking toplevel() on ptolemy.moml.MoMLSimpleApplication@b41b180
reloadAllAccessors: .matrixType2

===========================================================================================
----------------- testing Wed Sep 02 15:42:19 UTC 2020 /home/travis/build/icyphy/ptII/ptolemy/actor/lib/test/auto/matrixType3.xml
----------------- Instantiating /home/travis/build/icyphy/ptII/ptolemy/actor/lib/test/auto/matrixType3.xml
3 ms. Memory: 280576K Free: 141231K (50%)
----------------- Invoking toplevel() on ptolemy.moml.MoMLSimpleApplication@6d54c587
----------------- Done invoking toplevel() on ptolemy.moml.MoMLSimpleApplication@6d54c587
reloadAllAccessors: .matrixType3

===========================================================================================
----------------- testing Wed Sep 02 15:42:19 UTC 2020 /home/travis/build/icyphy/ptII/ptolemy/actor/lib/test/auto/matrixType4.xml
----------------- Instantiating /home/travis/build/icyphy/ptII/ptolemy/actor/lib/test/auto/matrixType4.xml
2 ms. Memory: 280576K Free: 136625K (49%)
----------------- Invoking toplevel() on ptolemy.moml.MoMLSimpleApplication@12d7d88b
----------------- Done invoking toplevel() on ptolemy.moml.MoMLSimpleApplication@12d7d88b
reloadAllAccessors: .matrixType4

===========================================================================================
----------------- testing Wed Sep 02 15:42:19 UTC 2020 /home/travis/build/icyphy/ptII/ptolemy/actor/lib/test/auto/matrixType5.xml
----------------- Instantiating /home/travis/build/icyphy/ptII/ptolemy/actor/lib/test/auto/matrixType5.xml
1 ms. Memory: 280576K Free: 132015K (47%)
----------------- Invoking toplevel() on ptolemy.moml.MoMLSimpleApplication@54db8322
----------------- Done invoking toplevel() on ptolemy.moml.MoMLSimpleApplication@54db8322
reloadAllAccessors: .matrixType5

===========================================================================================
----------------- testing Wed Sep 02 15:42:19 UTC 2020 /home/travis/build/icyphy/ptII/ptolemy/actor/lib/test/auto/matrixType6.xml
----------------- Instantiating /home/travis/build/icyphy/ptII/ptolemy/actor/lib/test/auto/matrixType6.xml
1 ms. Memory: 280576K Free: 126895K (45%)
----------------- Invoking toplevel() on ptolemy.moml.MoMLSimpleApplication@61ce1dcc
----------------- Done invoking toplevel() on ptolemy.moml.MoMLSimpleApplication@61ce1dcc
reloadAllAccessors: .matrixType6

===========================================================================================
----------------- testing Wed Sep 02 15:42:19 UTC 2020 /home/travis/build/icyphy/ptII/ptolemy/actor/lib/test/auto/matrixType7.xml
----------------- Instantiating /home/travis/build/icyphy/ptII/ptolemy/actor/lib/test/auto/matrixType7.xml
2 ms. Memory: 280576K Free: 122289K (44%)
----------------- Invoking toplevel() on ptolemy.moml.MoMLSimpleApplication@e328237
----------------- Done invoking toplevel() on ptolemy.moml.MoMLSimpleApplication@e328237
reloadAllAccessors: .matrixType7

===========================================================================================
----------------- testing Wed Sep 02 15:42:19 UTC 2020 /home/travis/build/icyphy/ptII/ptolemy/actor/lib/test/auto/matrixType8.xml
----------------- Instantiating /home/travis/build/icyphy/ptII/ptolemy/actor/lib/test/auto/matrixType8.xml
1 ms. Memory: 280576K Free: 117169K (42%)
----------------- Invoking toplevel() on ptolemy.moml.MoMLSimpleApplication@1c99bf7a
----------------- Done invoking toplevel() on ptolemy.moml.MoMLSimpleApplication@1c99bf7a
reloadAllAccessors: .matrixType8

===========================================================================================
----------------- testing Wed Sep 02 15:42:19 UTC 2020 /home/travis/build/icyphy/ptII/ptolemy/actor/lib/test/auto/matrixType9.xml
----------------- Instantiating /home/travis/build/icyphy/ptII/ptolemy/actor/lib/test/auto/matrixType9.xml
1 ms. Memory: 280576K Free: 112559K (40%)
----------------- Invoking toplevel() on ptolemy.moml.MoMLSimpleApplication@691f5c04
----------------- Done invoking toplevel() on ptolemy.moml.MoMLSimpleApplication@691f5c04
reloadAllAccessors: .matrixType9

===========================================================================================
----------------- testing Wed Sep 02 15:42:19 UTC 2020 /home/travis/build/icyphy/ptII/ptolemy/actor/lib/test/auto/paraFunctest.xml
----------------- Instantiating /home/travis/build/icyphy/ptII/ptolemy/actor/lib/test/auto/paraFunctest.xml
1 ms. Memory: 280576K Free: 108463K (39%)
----------------- Invoking toplevel() on ptolemy.moml.MoMLSimpleApplication@6d140ba4
----------------- Done invoking toplevel() on ptolemy.moml.MoMLSimpleApplication@6d140ba4
reloadAllAccessors: .paraFunctest

===========================================================================================
----------------- testing Wed Sep 02 15:42:19 UTC 2020 /home/travis/build/icyphy/ptII/ptolemy/actor/lib/test/auto/paraFunctest2.xml
----------------- Instantiating /home/travis/build/icyphy/ptII/ptolemy/actor/lib/test/auto/paraFunctest2.xml
2 ms. Memory: 280576K Free: 103343K (37%)
----------------- Invoking toplevel() on ptolemy.moml.MoMLSimpleApplication@69d9c843
----------------- Done invoking toplevel() on ptolemy.moml.MoMLSimpleApplication@69d9c843
reloadAllAccessors: .paraFunctest2

===========================================================================================
----------------- testing Wed Sep 02 15:42:19 UTC 2020 /home/travis/build/icyphy/ptII/ptolemy/actor/lib/test/auto/parameterPassing.xml
----------------- Instantiating /home/travis/build/icyphy/ptII/ptolemy/actor/lib/test/auto/parameterPassing.xml
1 ms. Memory: 280576K Free: 99247K (35%)
----------------- Invoking toplevel() on ptolemy.moml.MoMLSimpleApplication@26595d7f
----------------- Done invoking toplevel() on ptolemy.moml.MoMLSimpleApplication@26595d7f
reloadAllAccessors: .parameterPassing

===========================================================================================
----------------- testing Wed Sep 02 15:42:19 UTC 2020 /home/travis/build/icyphy/ptII/ptolemy/actor/lib/test/auto/record.xml
----------------- Instantiating /home/travis/build/icyphy/ptII/ptolemy/actor/lib/test/auto/record.xml
2 ms. Memory: 280576K Free: 94127K (34%)
----------------- Invoking toplevel() on ptolemy.moml.MoMLSimpleApplication@41bbb949
----------------- Done invoking toplevel() on ptolemy.moml.MoMLSimpleApplication@41bbb949
reloadAllAccessors: .record

===========================================================================================
----------------- testing Wed Sep 02 15:42:19 UTC 2020 /home/travis/build/icyphy/ptII/ptolemy/actor/lib/test/auto/sizedarray1.xml
----------------- Instantiating /home/travis/build/icyphy/ptII/ptolemy/actor/lib/test/auto/sizedarray1.xml
2 ms. Memory: 280576K Free: 89007K (32%)
----------------- Invoking toplevel() on ptolemy.moml.MoMLSimpleApplication@243d56f0
----------------- Done invoking toplevel() on ptolemy.moml.MoMLSimpleApplication@243d56f0
reloadAllAccessors: .sizedarray1

===========================================================================================
----------------- testing Wed Sep 02 15:42:19 UTC 2020 /home/travis/build/icyphy/ptII/ptolemy/actor/lib/test/auto/sizedarray2.xml
----------------- Instantiating /home/travis/build/icyphy/ptII/ptolemy/actor/lib/test/auto/sizedarray2.xml
2 ms. Memory: 280576K Free: 82863K (30%)
----------------- Invoking toplevel() on ptolemy.moml.MoMLSimpleApplication@7bca11bc
----------------- Done invoking toplevel() on ptolemy.moml.MoMLSimpleApplication@7bca11bc
reloadAllAccessors: .sizedarray2

===========================================================================================
----------------- testing Wed Sep 02 15:42:19 UTC 2020 /home/travis/build/icyphy/ptII/ptolemy/actor/lib/test/auto/twoPublishers.xml
----------------- Instantiating /home/travis/build/icyphy/ptII/ptolemy/actor/lib/test/auto/twoPublishers.xml
2 ms. Memory: 280576K Free: 72609K (26%)
----------------- Invoking toplevel() on ptolemy.moml.MoMLSimpleApplication@5de9aeb3
----------------- Done invoking toplevel() on ptolemy.moml.MoMLSimpleApplication@5de9aeb3
reloadAllAccessors: .twoPublishers
AutoTests.java: About to close Vertx.
AutoTests.java: Vertx closed.
]]></system-out>
  <system-err><![CDATA[java.lang.RuntimeException: Execution failed
	at ptolemy.moml.MoMLSimpleApplication$UnloadThread.run(MoMLSimpleApplication.java:402)
Caused by: java.lang.RuntimeException: StringUtilities.exit() was called. Normally, we would exit here because Manager.exitAfterWrapup() was called.  However, because the ptolemy.ptII.exitAfterWrapup property is set, we throw this exception instead.
	at ptolemy.util.StringUtilities.exit(StringUtilities.java:365)
	at ptolemy.actor.Manager.wrapup(Manager.java:1549)
	at ptolemy.actor.Manager.execute(Manager.java:407)
	at ptolemy.actor.Manager.run(Manager.java:1263)
	at ptolemy.actor.Manager$PtolemyRunThread.run(Manager.java:1933)
Warning: '.top.test' is in training mode, set the trainingMode parameter to false before checking in
Warning: '.top.test' is in training mode, set the trainingMode parameter to false before checking in
Warning: '.top.test' is in training mode, set the trainingMode parameter to false before checking in
Warning: '.BooleanSwitch_RegressionTest_WrongTrainingValues.Test' is in training mode, set the trainingMode parameter to false before checking in
Warning: '.BooleanSwitch_RegressionTest_WrongTrainingValues.Test2' is in training mode, set the trainingMode parameter to false before checking in
Warning: '.BooleanSwitch_RegressionTest_WrongTrainingValues.Test2' The test produced 0 tokens.
Warning: '.top.testExceptionHandler' is in training mode, set the trainingMode parameter to false before checking in
java.lang.RuntimeException: Execution failed
	at ptolemy.moml.MoMLSimpleApplication$UnloadThread.run(MoMLSimpleApplication.java:402)
Caused by: ptolemy.kernel.util.IllegalActionException: PublisherPorts cannot be used at the top level, use a Publisher actor instead.
  in .PublisherPortToplevelSubscriber.PublisherPort
	at ptolemy.actor.PublisherPort.preinitialize(PublisherPort.java:403)
	at ptolemy.actor.CompositeActor.preinitialize(CompositeActor.java:1769)
	at ptolemy.actor.Manager.preinitializeAndResolveTypes(Manager.java:1040)
	at ptolemy.actor.Manager.initialize(Manager.java:710)
	at ptolemy.actor.Manager.execute(Manager.java:356)
	at ptolemy.actor.Manager.run(Manager.java:1263)
	at ptolemy.actor.Manager$PtolemyRunThread.run(Manager.java:1933)
java.lang.reflect.InvocationTargetException
	at java.base/jdk.internal.reflect.NativeConstructorAccessorImpl.newInstance0(Native Method)
	at java.base/jdk.internal.reflect.NativeConstructorAccessorImpl.newInstance(NativeConstructorAccessorImpl.java:62)
	at java.base/jdk.internal.reflect.DelegatingConstructorAccessorImpl.newInstance(DelegatingConstructorAccessorImpl.java:45)
	at java.base/java.lang.reflect.Constructor.newInstance(Constructor.java:490)
	at ptolemy.util.test.junit.AutoKnownFailedTests.RunModel(AutoKnownFailedTests.java:105)
	at java.base/jdk.internal.reflect.NativeMethodAccessorImpl.invoke0(Native Method)
	at java.base/jdk.internal.reflect.NativeMethodAccessorImpl.invoke(NativeMethodAccessorImpl.java:62)
	at java.base/jdk.internal.reflect.DelegatingMethodAccessorImpl.invoke(DelegatingMethodAccessorImpl.java:43)
	at java.base/java.lang.reflect.Method.invoke(Method.java:566)
	at org.junit.runners.model.FrameworkMethod$1.runReflectiveCall(FrameworkMethod.java:44)
	at org.junit.internal.runners.model.ReflectiveCallable.run(ReflectiveCallable.java:15)
	at org.junit.runners.model.FrameworkMethod.invokeExplosively(FrameworkMethod.java:41)
	at junitparams.internal.InvokeParameterisedMethod.evaluate(InvokeParameterisedMethod.java:102)
	at org.junit.internal.runners.statements.FailOnTimeout$1.run(FailOnTimeout.java:28)
Caused by: ptolemy.kernel.util.IllegalActionException: PublisherPorts cannot be used at the top level, use a Publisher actor instead.
  in .PublisherPortToplevelSubscriber.PublisherPort
	at ptolemy.actor.PublisherPort.preinitialize(PublisherPort.java:403)
	at ptolemy.actor.CompositeActor.preinitialize(CompositeActor.java:1769)
	at ptolemy.actor.Manager.preinitializeAndResolveTypes(Manager.java:1040)
	at ptolemy.actor.Manager.initialize(Manager.java:710)
	at ptolemy.actor.Manager.execute(Manager.java:356)
	at ptolemy.actor.Manager.run(Manager.java:1263)
	at ptolemy.actor.Manager$PtolemyRunThread.run(Manager.java:1933)
java.lang.RuntimeException: Execution failed
	at ptolemy.moml.MoMLSimpleApplication$UnloadThread.run(MoMLSimpleApplication.java:402)
Caused by: ptolemy.kernel.util.IllegalActionException: SubscriberPorts cannot be used at the top level, use a Subscriber actor instead.
  in .PublisherSubscriberPortToplevel.SubscriberPort
	at ptolemy.actor.SubscriberPort.preinitialize(SubscriberPort.java:328)
	at ptolemy.actor.CompositeActor.preinitialize(CompositeActor.java:1769)
	at ptolemy.actor.Manager.preinitializeAndResolveTypes(Manager.java:1040)
	at ptolemy.actor.Manager.initialize(Manager.java:710)
	at ptolemy.actor.Manager.execute(Manager.java:356)
	at ptolemy.actor.Manager.run(Manager.java:1263)
	at ptolemy.actor.Manager$PtolemyRunThread.run(Manager.java:1933)
java.lang.reflect.InvocationTargetException
	at java.base/jdk.internal.reflect.NativeConstructorAccessorImpl.newInstance0(Native Method)
	at java.base/jdk.internal.reflect.NativeConstructorAccessorImpl.newInstance(NativeConstructorAccessorImpl.java:62)
	at java.base/jdk.internal.reflect.DelegatingConstructorAccessorImpl.newInstance(DelegatingConstructorAccessorImpl.java:45)
	at java.base/java.lang.reflect.Constructor.newInstance(Constructor.java:490)
	at ptolemy.util.test.junit.AutoKnownFailedTests.RunModel(AutoKnownFailedTests.java:105)
	at java.base/jdk.internal.reflect.NativeMethodAccessorImpl.invoke0(Native Method)
	at java.base/jdk.internal.reflect.NativeMethodAccessorImpl.invoke(NativeMethodAccessorImpl.java:62)
	at java.base/jdk.internal.reflect.DelegatingMethodAccessorImpl.invoke(DelegatingMethodAccessorImpl.java:43)
	at java.base/java.lang.reflect.Method.invoke(Method.java:566)
	at org.junit.runners.model.FrameworkMethod$1.runReflectiveCall(FrameworkMethod.java:44)
	at org.junit.internal.runners.model.ReflectiveCallable.run(ReflectiveCallable.java:15)
	at org.junit.runners.model.FrameworkMethod.invokeExplosively(FrameworkMethod.java:41)
	at junitparams.internal.InvokeParameterisedMethod.evaluate(InvokeParameterisedMethod.java:102)
	at org.junit.internal.runners.statements.FailOnTimeout$1.run(FailOnTimeout.java:28)
Caused by: ptolemy.kernel.util.IllegalActionException: SubscriberPorts cannot be used at the top level, use a Subscriber actor instead.
  in .PublisherSubscriberPortToplevel.SubscriberPort
	at ptolemy.actor.SubscriberPort.preinitialize(SubscriberPort.java:328)
	at ptolemy.actor.CompositeActor.preinitialize(CompositeActor.java:1769)
	at ptolemy.actor.Manager.preinitializeAndResolveTypes(Manager.java:1040)
	at ptolemy.actor.Manager.initialize(Manager.java:710)
	at ptolemy.actor.Manager.execute(Manager.java:356)
	at ptolemy.actor.Manager.run(Manager.java:1263)
	at ptolemy.actor.Manager$PtolemyRunThread.run(Manager.java:1933)
java.lang.RuntimeException: Execution failed
	at ptolemy.moml.MoMLSimpleApplication$UnloadThread.run(MoMLSimpleApplication.java:402)
Caused by: ptolemy.kernel.util.IllegalActionException: SubscriptionAggregatorPorts cannot be used at the top level, use a SubscriptionAggregator actor instead.
  in .PublisherSubscriptionAggregatorPort.SubscriptionAggregatorPort
	at ptolemy.actor.SubscriptionAggregatorPort.preinitialize(SubscriptionAggregatorPort.java:353)
	at ptolemy.actor.CompositeActor.preinitialize(CompositeActor.java:1769)
	at ptolemy.actor.Manager.preinitializeAndResolveTypes(Manager.java:1040)
	at ptolemy.actor.Manager.initialize(Manager.java:710)
	at ptolemy.actor.Manager.execute(Manager.java:356)
	at ptolemy.actor.Manager.run(Manager.java:1263)
	at ptolemy.actor.Manager$PtolemyRunThread.run(Manager.java:1933)
java.lang.reflect.InvocationTargetException
	at java.base/jdk.internal.reflect.NativeConstructorAccessorImpl.newInstance0(Native Method)
	at java.base/jdk.internal.reflect.NativeConstructorAccessorImpl.newInstance(NativeConstructorAccessorImpl.java:62)
	at java.base/jdk.internal.reflect.DelegatingConstructorAccessorImpl.newInstance(DelegatingConstructorAccessorImpl.java:45)
	at java.base/java.lang.reflect.Constructor.newInstance(Constructor.java:490)
	at ptolemy.util.test.junit.AutoKnownFailedTests.RunModel(AutoKnownFailedTests.java:105)
	at java.base/jdk.internal.reflect.NativeMethodAccessorImpl.invoke0(Native Method)
	at java.base/jdk.internal.reflect.NativeMethodAccessorImpl.invoke(NativeMethodAccessorImpl.java:62)
	at java.base/jdk.internal.reflect.DelegatingMethodAccessorImpl.invoke(DelegatingMethodAccessorImpl.java:43)
	at java.base/java.lang.reflect.Method.invoke(Method.java:566)
	at org.junit.runners.model.FrameworkMethod$1.runReflectiveCall(FrameworkMethod.java:44)
	at org.junit.internal.runners.model.ReflectiveCallable.run(ReflectiveCallable.java:15)
	at org.junit.runners.model.FrameworkMethod.invokeExplosively(FrameworkMethod.java:41)
	at junitparams.internal.InvokeParameterisedMethod.evaluate(InvokeParameterisedMethod.java:102)
	at org.junit.internal.runners.statements.FailOnTimeout$1.run(FailOnTimeout.java:28)
Caused by: ptolemy.kernel.util.IllegalActionException: SubscriptionAggregatorPorts cannot be used at the top level, use a SubscriptionAggregator actor instead.
  in .PublisherSubscriptionAggregatorPort.SubscriptionAggregatorPort
	at ptolemy.actor.SubscriptionAggregatorPort.preinitialize(SubscriptionAggregatorPort.java:353)
	at ptolemy.actor.CompositeActor.preinitialize(CompositeActor.java:1769)
	at ptolemy.actor.Manager.preinitializeAndResolveTypes(Manager.java:1040)
	at ptolemy.actor.Manager.initialize(Manager.java:710)
	at ptolemy.actor.Manager.execute(Manager.java:356)
	at ptolemy.actor.Manager.run(Manager.java:1263)
	at ptolemy.actor.Manager$PtolemyRunThread.run(Manager.java:1933)
java.lang.RuntimeException: Execution failed
	at ptolemy.moml.MoMLSimpleApplication$UnloadThread.run(MoMLSimpleApplication.java:402)
Caused by: ptolemy.kernel.util.IllegalActionException: TypeTest actor has no training data.
  in .sizedarray3.TypeTest
	at ptolemy.actor.lib.TypeTest.initialize(TypeTest.java:250)
	at ptolemy.actor.Director.initialize(Director.java:938)
	at ptolemy.actor.Director.initialize(Director.java:907)
	at ptolemy.actor.sched.StaticSchedulingDirector.initialize(StaticSchedulingDirector.java:159)
	at ptolemy.domains.sdf.kernel.SDFDirector.initialize(SDFDirector.java:544)
	at ptolemy.actor.CompositeActor.initialize(CompositeActor.java:935)
	at ptolemy.actor.Manager.initialize(Manager.java:724)
	at ptolemy.actor.Manager.execute(Manager.java:356)
	at ptolemy.actor.Manager.run(Manager.java:1263)
	at ptolemy.actor.Manager$PtolemyRunThread.run(Manager.java:1933)
java.lang.reflect.InvocationTargetException
	at java.base/jdk.internal.reflect.NativeConstructorAccessorImpl.newInstance0(Native Method)
	at java.base/jdk.internal.reflect.NativeConstructorAccessorImpl.newInstance(NativeConstructorAccessorImpl.java:62)
	at java.base/jdk.internal.reflect.DelegatingConstructorAccessorImpl.newInstance(DelegatingConstructorAccessorImpl.java:45)
	at java.base/java.lang.reflect.Constructor.newInstance(Constructor.java:490)
	at ptolemy.util.test.junit.AutoKnownFailedTests.RunModel(AutoKnownFailedTests.java:105)
	at java.base/jdk.internal.reflect.NativeMethodAccessorImpl.invoke0(Native Method)
	at java.base/jdk.internal.reflect.NativeMethodAccessorImpl.invoke(NativeMethodAccessorImpl.java:62)
	at java.base/jdk.internal.reflect.DelegatingMethodAccessorImpl.invoke(DelegatingMethodAccessorImpl.java:43)
	at java.base/java.lang.reflect.Method.invoke(Method.java:566)
	at org.junit.runners.model.FrameworkMethod$1.runReflectiveCall(FrameworkMethod.java:44)
	at org.junit.internal.runners.model.ReflectiveCallable.run(ReflectiveCallable.java:15)
	at org.junit.runners.model.FrameworkMethod.invokeExplosively(FrameworkMethod.java:41)
	at junitparams.internal.InvokeParameterisedMethod.evaluate(InvokeParameterisedMethod.java:102)
	at org.junit.internal.runners.statements.FailOnTimeout$1.run(FailOnTimeout.java:28)
Caused by: ptolemy.kernel.util.IllegalActionException: TypeTest actor has no training data.
  in .sizedarray3.TypeTest
	at ptolemy.actor.lib.TypeTest.initialize(TypeTest.java:250)
	at ptolemy.actor.Director.initialize(Director.java:938)
	at ptolemy.actor.Director.initialize(Director.java:907)
	at ptolemy.actor.sched.StaticSchedulingDirector.initialize(StaticSchedulingDirector.java:159)
	at ptolemy.domains.sdf.kernel.SDFDirector.initialize(SDFDirector.java:544)
	at ptolemy.actor.CompositeActor.initialize(CompositeActor.java:935)
	at ptolemy.actor.Manager.initialize(Manager.java:724)
	at ptolemy.actor.Manager.execute(Manager.java:356)
	at ptolemy.actor.Manager.run(Manager.java:1263)
	at ptolemy.actor.Manager$PtolemyRunThread.run(Manager.java:1933)
]]></system-err>
</testsuite>
