<?xml version="1.0" encoding="UTF-8" ?>
<testsuite errors="0" failures="1" hostname="travis-job-7829e15e-334c-4610-9238-e45c484f0948" name="ptolemy.actor.lib.test.junit.JUnitTclTest" skipped="0" tests="517" time="59.388" timestamp="2019-12-06T06:17:44">
  <properties>
    <property name="npm.executable" value="npm" />
    <property name="env.TRAVIS_ROOT" value="/" />
    <property name="ptII.mk.exists" value="true" />
    <property name="env.TRAVIS_APP_HOST" value="build.travis-ci.org" />
    <property name="env.rvm_bin_path" value="/home/travis/.rvm/bin" />
    <property name="java.home" value="/usr/local/lib/jvm/openjdk11" />
    <property name="env.TRAVIS_JOB_NUMBER" value="1419.8" />
    <property name="env.TRAVIS_HOME" value="/home/travis" />
    <property name="env.DISPLAY" value=":99.0" />
    <property name="env.TRAVIS_INIT" value="systemd" />
    <property name="env.SSH_TTY" value="/dev/pts/0" />
    <property name="java.net.preferIPv4Stack" value="true" />
    <property name="env.RUN_TESTS" value="true" />
    <property name="timeout.short" value="1000000" />
    <property name="junit.formatter" value="xml" />
    <property name="env.TRAVIS_SUDO" value="true" />
    <property name="env.TRAVIS_JOB_NAME" value="" />
    <property name="env.TRAVIS_STACK_NODE_ATTRIBUTES" value="/.node-attributes.yml" />
    <property name="env.LOGNAME" value="travis" />
    <property name="env.PT_TRAVIS_TEST_CORE1_XML" value="true" />
    <property name="jsdoc.home" value="node_modules/@terraswarm/jsdoc" />
    <property name="debuglevel" value="source,lines,vars" />
    <property name="checkstyle.formatter" value="xml" />
    <property name="env._system_version" value="16.04" />
    <property name="bin.vergil.makeable" value="true" />
    <property name="sun.os.patch.level" value="unknown" />
    <property name="java.vendor.url" value="http://java.oracle.com/" />
    <property name="env.TRAVIS_BUILD_WEB_URL" value="https://travis-ci.org/icyphy/ptII/builds/621457393" />
    <property name="java.version" value="11.0.2" />
    <property name="env.TZ" value="UTC" />
    <property name="env.TRAVIS_PULL_REQUEST_SHA" value="" />
    <property name="env.PT_NO_NET" value="true" />
    <property name="env.TRAVIS_SECURE_ENV_VARS" value="true" />
    <property name="env._system_type" value="Linux" />
    <property name="java.vendor.url.bug" value="http://bugreport.java.com/bugreport/" />
    <property name="npmjs-org-is-up" value="true" />
    <property name="env.LANGUAGE" value="en_US.UTF-8" />
    <property name="env.SSH_CLIENT" value="10.16.2.23 54372 22" />
    <property name="env.GEM_HOME" value="/home/travis/.rvm/gems/ruby-2.5.3" />
    <property name="env.HAS_ANTARES_THREE_LITTLE_FRONZIES_BADGE" value="true" />
    <property name="java.version.date" value="2019-01-15" />
    <property name="env.PS4" value="+" />
    <property name="ant.project.invoked-targets" value="build,test.core1.xml" />
    <property name="env.TRAVIS_PULL_REQUEST_BRANCH" value="" />
    <property name="env.TRAVIS_REPO_SLUG" value="icyphy/ptII" />
    <property name="env.XDG_DATA_DIRS" value="/usr/local/share:/usr/share:/var/lib/snapd/desktop" />
    <property name="jdk.debug" value="release" />
    <property name="env.TRAVIS_APT_PROXY" value="http://apt.cache.travis-ci.com" />
    <property name="env.TRAVIS_CPU_ARCH" value="amd64" />
    <property name="node.in.path" value="true" />
    <property name="user.name" value="travis" />
    <property name="java.maxmemory" value="1400m" />
    <property name="env.RUBY_VERSION" value="ruby-2.5.3" />
    <property name="env.LANG" value="en_US.UTF-8" />
    <property name="sun.io.unicode.encoding" value="UnicodeLittle" />
    <property name="sun.jnu.encoding" value="UTF-8" />
    <property name="java.runtime.name" value="OpenJDK Runtime Environment" />
    <property name="usefile" value="false" />
    <property name="return.code" value="0" />
    <property name="junit.single.formatter" value="plain" />
    <property name="env.DYLD_LIBRARY_PATH" value="/home/travis/pthla/certi-tools/lib:" />
    <property name="env.DEBIAN_FRONTEND" value="noninteractive" />
    <property name="env.SSH_CONNECTION" value="10.16.2.23 54372 10.20.0.221 22" />
    <property name="env.MYSQL_UNIX_PORT" value="/var/run/mysqld/mysqld.sock" />
    <property name="env.LC_ALL" value="en_US.UTF-8" />
    <property name="env.TRAVIS_ALLOW_FAILURE" value="false" />
    <property name="env.TRAVIS_JOB_WEB_URL" value="https://travis-ci.org/icyphy/ptII/jobs/621457401" />
    <property name="java.specification.name" value="Java Platform API Specification" />
    <property name="node.works" value="true" />
    <property name="user.timezone" value="" />
    <property name="path.separator" value=":" />
    <property name="env.TRAVIS_ENABLE_INFRA_DETECTION" value="true" />
    <property name="env.PYTHON_CFLAGS" value="-g -fstack-protector --param=ssp-buffer-size=4 -Wformat -Werror=format-security" />
    <property name="timeout.long" value="4000000" />
    <property name="env.CERTI_HOME" value="/home/travis/pthla/certi-tools" />
    <property name="ant.file.ptII" value="/home/travis/build/icyphy/ptII/build.xml" />
    <property name="javadoc.packagenames" value="com.*,diva.*,lbnl.*,org.hlacerti.*,org.json.*,org.ptolemy.*,org.terraswarm.*,ptolemy.*,ptserver.*" />
    <property name="file.encoding" value="UTF-8" />
    <property name="env.TRAVIS_PULL_REQUEST_SLUG" value="" />
    <property name="ant.project.default-target" value="build" />
    <property name="env.GIT_ASKPASS" value="echo" />
    <property name="env.HOME" value="/home/travis" />
    <property name="sun.java.command" value="org.apache.tools.ant.taskdefs.optional.junit.JUnitTestRunner ptolemy.actor.lib.test.junit.JUnitTclTest skipNonTests=false filtertrace=true haltOnError=false haltOnFailure=false formatter=org.apache.tools.ant.taskdefs.optional.junit.OutErrSummaryJUnitResultFormatter showoutput=true outputtoformatters=true logfailedtests=true threadid=0 logtestlistenerevents=false formatter=org.apache.tools.ant.taskdefs.optional.junit.XMLJUnitResultFormatter,/home/travis/build/icyphy/ptII/reports/junit/TEST-ptolemy.actor.lib.test.junit.JUnitTclTest.xml crashfile=/home/travis/build/icyphy/ptII/junitvmwatcher8457673224830969865.properties propsfile=/home/travis/build/icyphy/ptII/junit16474609680353737284.properties" />
    <property name="env.COMPOSER_NO_INTERACTION" value="1" />
    <property name="env.MANPATH" value="/home/travis/.nvm/versions/node/v7.10.1/share/man:/home/travis/.rvm/rubies/ruby-2.5.3/share/man:/usr/local/cmake-3.12.4/man:/usr/local/clang-7.0.0/share/man:/usr/local/man:/usr/local/share/man:/usr/share/man:/home/travis/.rvm/man" />
    <property name="env.TRAVIS_TIMER_ID" value="2b48f08c" />
    <property name="ant.file" value="/home/travis/build/icyphy/ptII/build.xml" />
    <property name="env.TRAVIS_COMMIT_RANGE" value="45a1af74cde64810f1a740ff9bd66386be4e642c...11deb69804adb5926cd4863c8231df6048994796" />
    <property name="env._system_name" value="Ubuntu" />
    <property name="ptII.classpath.optional.property" value="/home/travis/build/icyphy/ptII/lib/bsh-2.0b4.jar:/home/travis/build/icyphy/ptII/lib/ptCal.jar:/home/travis/build/icyphy/ptII/lib/java_cup.jar:/home/travis/build/icyphy/ptII/lib/saxon8.jar:/home/travis/build/icyphy/ptII/lib/saxon8-dom.jar:/home/travis/build/icyphy/ptII/lib/chic.jar:/home/travis/build/icyphy/ptII/lib/ptcolt.jar:/home/travis/build/icyphy/ptII/vendors/misc/itext/iText.jar:/home/travis/build/icyphy/ptII/lib/g4ltl.jar:/home/travis/build/icyphy/ptII/lib/StructuralCoder.jar:/home/travis/build/icyphy/ptII/lib/jcerti.jar:/home/travis/build/icyphy/ptII/lib/javax.mail.jar:/home/travis/build/icyphy/ptII/vendors/JMF-2.1.1e/lib/jmf.jar:/home/travis/build/icyphy/ptII/lib/jna-4.0.0-variadic.jar:/home/travis/build/icyphy/ptII/vendors/misc/joystick/Joystick.jar:/home/travis/build/icyphy/ptII/lib/ptjacl.jar:/home/travis/build/icyphy/ptII/lib/jsoup-1.8.2.jar:/home/travis/build/icyphy/ptII/lib/junit-4.8.2.jar:/home/travis/build/icyphy/ptII/lib/JUnitParams-0.4.0.jar:/home/travis/build/icyphy/ptII/ptolemy/actor/lib/excel/jxl.jar:/home/travis/build/icyphy/ptII/lib/jython.jar:/home/travis/build/icyphy/ptII/lib/kieler.jar:/home/travis/build/icyphy/ptII/vendors/opencv/share/OpenCV/java/opencv-341.jar:/home/travis/build/icyphy/ptII/lib/oscP5.jar:/home/travis/build/icyphy/ptII/lib/nrjavaserial-3.11.0.devel.jar:/home/travis/build/icyphy/ptII/vendors/j3d/lib/Linux/j3dcore.jar:/home/travis/build/icyphy/ptII/vendors/j3d/lib/Linux/j3dutils.jar:/home/travis/build/icyphy/ptII/vendors/j3d/lib/Linux/vecmath.jar:/home/travis/build/icyphy/ptII/vendors/jogl/lib/Linux/gluegen-rt-natives-linux-amd64.jar:/home/travis/build/icyphy/ptII/vendors/jogl/lib/Linux/gluegen-rt.jar:/home/travis/build/icyphy/ptII/vendors/jogl/lib/Linux/jogl-all-natives-linux-amd64.jar:/home/travis/build/icyphy/ptII/vendors/jogl/lib/Linux/jogl-all.jar:/home/travis/build/icyphy/ptII/ptolemy/distributed/jini/jar/jini-core.jar:/home/travis/build/icyphy/ptII/ptolemy/distributed/jini/jar/jini-ext.jar:/home/travis/build/icyphy/ptII/ptolemy/distributed/jini/jar/sun-util.jar:/home/travis/build/icyphy/ptII/lib/protobuf-java-2.4.1.jar:/home/travis/build/icyphy/ptII/lib/org.eclipse.paho.client.mqttv3.jar:/home/travis/build/icyphy/ptII/lib/mapss.jar:/home/travis/build/icyphy/ptII/ptolemy/actor/ptalon/antlr/antlr.jar:/home/travis/build/icyphy/ptII/lib/JRI.jar:/home/travis/build/icyphy/ptII/lib/commons-lang-2.6.jar:/home/travis/build/icyphy/ptII/lib/commons-logging-1.1.1.jar:/home/travis/build/icyphy/ptII/lib/sootclasses.jar:/home/travis/build/icyphy/ptII/ptolemy/actor/lib/database/mysql-connector-java-5.1.6-bin.jar:/home/travis/build/icyphy/ptII/vendors/misc/sphinx4/sphinx4-data-5prealpha.jar:/home/travis/build/icyphy/ptII/vendors/misc/sphinx4/sphinx4-core-5prealpha.jar:/home/travis/build/icyphy/ptII/lib/PDFRenderer.jar:/home/travis/build/icyphy/ptII/lib/svgSalamander.jar:/home/travis/build/icyphy/ptII/lib/rsyntaxtextarea-2.6.0-SNAPSHOT.jar:/home/travis/build/icyphy/ptII/lib/hazelcast-3.8.2.jar:/home/travis/build/icyphy/ptII/lib/jackson-annotations-2.9.0.jar:/home/travis/build/icyphy/ptII/lib/jackson-core-2.9.3.jar:/home/travis/build/icyphy/ptII/lib/jackson-databind-2.9.3.jar:/home/travis/build/icyphy/ptII/lib/netty-buffer-4.1.19.Final.jar:/home/travis/build/icyphy/ptII/lib/netty-codec-4.1.19.Final.jar:/home/travis/build/icyphy/ptII/lib/netty-codec-dns-4.1.19.Final.jar:/home/travis/build/icyphy/ptII/lib/netty-codec-http-4.1.19.Final.jar:/home/travis/build/icyphy/ptII/lib/netty-codec-http2-4.1.19.Final.jar:/home/travis/build/icyphy/ptII/lib/netty-common-4.1.19.Final.jar:/home/travis/build/icyphy/ptII/lib/netty-handler-4.1.19.Final.jar:/home/travis/build/icyphy/ptII/lib/netty-resolver-4.1.19.Final.jar:/home/travis/build/icyphy/ptII/lib/netty-resolver-dns-4.1.19.Final.jar:/home/travis/build/icyphy/ptII/lib/netty-transport-4.1.19.Final.jar:/home/travis/build/icyphy/ptII/lib/vertx-codegen-3.5.1.jar:/home/travis/build/icyphy/ptII/lib/vertx-core-3.5.2-SNAPSHOT.jar:/home/travis/build/icyphy/ptII/lib/vertx-hazelcast-3.5.1.jar:/home/travis/build/icyphy/ptII/lib/vertx-lang-js-3.5.1.jar:/home/travis/build/icyphy/ptII/lib/vertx-service-proxy-3.5.1.jar:/home/travis/build/icyphy/ptII/lib/vertx-web-3.5.1.jar:/home/travis/build/icyphy/ptII/lib/slf4j-api-1.7.13.jar:/home/travis/build/icyphy/ptII/lib/slf4j-simple-1.7.13.jar:/home/travis/build/icyphy/ptII/lib/webcam-capture-0.3.12.jar:/home/travis/build/icyphy/ptII/lib/bridj-0.7.0.jar:/home/travis/build/icyphy/ptII/lib/xbjlib-1.1.0.nrjavaserial.jar" />
    <property name="timeout" value="2400000" />
    <property name="test.batch" value="**/junit/*.java" />
    <property name="env._" value="/usr/bin/timeout" />
    <property name="java.io.tmpdir" value="/tmp" />
    <property name="user.language" value="en" />
    <property name="env.TRAVIS_INTERNAL_RUBY_REGEX" value="^ruby-(2\.[0-4]\.[0-9]|1\.9\.3)" />
    <property name="env.HISTCONTROL" value="ignoredups:ignorespace" />
    <property name="env.GOROOT" value="/home/travis/.gimme/versions/go1.11.1.linux.amd64" />
    <property name="line.separator" value="&#xa;" />
    <property name="target" value="11" />
    <property name="env.TRAVIS_BUILD_DIR" value="/home/travis/build/icyphy/ptII" />
    <property name="env.ANT_OPTS" value="-Xmx2048m" />
    <property name="ant.file.type" value="file" />
    <property name="ptolemy.ptII.batchMode" value="true" />
    <property name="env.HISTSIZE" value="1000" />
    <property name="env.MERB_ENV" value="test" />
    <property name="java.vm.info" value="mixed mode" />
    <property name="source" value="11" />
    <property name="java.vm.specification.name" value="Java Virtual Machine Specification" />
    <property name="env.TRAVIS_TEST_RESULT" value="0" />
    <property name="jsdoc.command" value="node_modules/@terraswarm/jsdoc/jsdoc.js" />
    <property name="npm.works" value="true" />
    <property name="cobertura.dir" value="/home/travis/build/icyphy/ptII/vendors/cobertura-2.0.3" />
    <property name="jsdoc.command.exists" value="true" />
    <property name="env.rvm_path" value="/home/travis/.rvm" />
    <property name="env.GEM_PATH" value="/home/travis/.rvm/gems/ruby-2.5.3:/home/travis/.rvm/gems/ruby-2.5.3@global" />
    <property name="env.LC_CTYPE" value="en_US.UTF-8" />
    <property name="env.TRAVIS_CMD" value="$PTII/bin/ptIITravisBuild.sh $SECONDS" />
    <property name="java.awt.printerjob" value="sun.print.PSPrinterJob" />
    <property name="env.TRAVIS_STACK_NAME" value="sardonyx" />
    <property name="env.TRAVIS_TIMER_START_TIME" value="1575612474019065151" />
    <property name="ant.version" value="Apache Ant(TM) version 1.10.1 compiled on February 2 2017" />
    <property name="ptII.reports" value="/home/travis/build/icyphy/ptII/reports" />
    <property name="env.TRAVIS_STACK_TIMESTAMP" value="2019-03-25 16:16:56 UTC" />
    <property name="ant.file.type.ptII" value="file" />
    <property name="env.RBENV_SHELL" value="bash" />
    <property name="os.name" value="Linux" />
    <property name="java.specification.vendor" value="Oracle Corporation" />
    <property name="env.rvm_version" value="1.29.7 (latest)" />
    <property name="env.TRAVIS_INFRA" value="unknown" />
    <property name="env.TERM" value="xterm" />
    <property name="java.vm.name" value="OpenJDK 64-Bit Server VM" />
    <property name="env.TRAVIS_BUILD_NUMBER" value="1419" />
    <property name="env.CI" value="true" />
    <property name="java.library.path" value="/home/travis/pthla/certi-tools/lib:/usr/lib/jni:/usr/local/share/OpenCV/java/:/usr/share/OpenCV/java::/usr/java/packages/lib:/usr/lib64:/lib64:/lib:/usr/lib" />
    <property name="jdk.module.path" value="/home/travis/build/icyphy/ptII/vendors/javafx/javafx-sdk-11.0.2/lib:" />
    <property name="env.rvm_prefix" value="/home/travis" />
    <property name="env.PATH" value="/home/travis/pthla/certi-tools/share/scripts:/home/travis/.rvm/gems/ruby-2.5.3/bin:/home/travis/.rvm/gems/ruby-2.5.3@global/bin:/home/travis/.rvm/rubies/ruby-2.5.3/bin:/home/travis/.rvm/bin:/home/travis/.nvm/versions/node/v7.10.1/bin:./node_modules/.bin:/home/travis/build/icyphy/ptII/bin:/home/travis/pthla/certi-tools/bin:/home/travis/bin:/home/travis/.local/bin:/usr/local/lib/jvm/openjdk11/bin:/opt/pyenv/shims:/home/travis/.phpenv/shims:/home/travis/perl5/perlbrew/bin:/home/travis/gopath/bin:/home/travis/.gimme/versions/go1.11.1.linux.amd64/bin:/usr/local/maven-3.6.0/bin:/usr/local/cmake-3.12.4/bin:/usr/local/clang-7.0.0/bin:/usr/local/sbin:/usr/local/bin:/usr/sbin:/usr/bin:/sbin:/bin:/snap/bin:/home/travis/.phpenv/bin:/opt/pyenv/bin:/home/travis/.yarn/bin" />
    <property name="env.TRAVIS_OS_NAME" value="linux" />
    <property name="ant.java.version" value="9" />
    <property name="basedir" value="/home/travis/build/icyphy/ptII" />
    <property name="java.class.version" value="55.0" />
    <property name="env.SHLVL" value="3" />
    <property name="env.LD_LIBRARY_PATH" value="/home/travis/pthla/certi-tools/lib:/usr/lib/jni:/usr/local/share/OpenCV/java/:/usr/share/OpenCV/java:" />
    <property name="env.RACK_ENV" value="test" />
    <property name="ant.home" value="/home/travis/build/icyphy/ptII/ant" />
    <property name="env.NVM_DIR" value="/home/travis/.nvm" />
    <property name="env.CERTI_FOM_PATH" value="/home/travis/pthla/certi-tools/share/federations" />
    <property name="env.TRAVIS_BUILD_ID" value="621457393" />
    <property name="env.PYENV_ROOT" value="/opt/pyenv" />
    <property name="env.TRAVIS_UID" value="2000" />
    <property name="prism.verbose" value="true" />
    <property name="env.NVM_BIN" value="/home/travis/.nvm/versions/node/v7.10.1/bin" />
    <property name="env.TRAVIS_COMMIT" value="11deb69804adb5926cd4863c8231df6048994796" />
    <property name="env._system_arch" value="x86_64" />
    <property name="node.executable" value="node" />
    <property name="sun.boot.library.path" value="/usr/local/lib/jvm/openjdk11/lib" />
    <property name="sun.management.compiler" value="HotSpot 64-Bit Tiered Compilers" />
    <property name="java.awt.graphicsenv" value="sun.awt.X11GraphicsEnvironment" />
    <property name="env.GOPATH" value="/home/travis/gopath" />
    <property name="ptolemy.ptII.dir" value="/home/travis/build/icyphy/ptII" />
    <property name="env.USER" value="travis" />
    <property name="env.HISTFILESIZE" value="2000" />
    <property name="timeout.longest" value="19000000" />
    <property name="env.PERLBREW_SHELLRC_VERSION" value="0.86" />
    <property name="env.TRAVIS_STACK_FEATURES" value="basic couchdb disabled-ipv6 docker docker-compose elasticsearch firefox go-toolchain google-chrome jdk memcached mongodb mysql nodejs_interpreter perl_interpreter perlbrew phantomjs postgresql python_interpreter redis ruby_interpreter sqlite xserver" />
    <property name="env.TRAVIS_PULL_REQUEST" value="false" />
    <property name="env.PYENV_SHELL" value="bash" />
    <property name="ant.project.name" value="ptII" />
    <property name="env.ANSI_RESET" value="\033[0m" />
    <property name="java.vm.specification.version" value="11" />
    <property name="env.TRAVIS_DIST" value="xenial" />
    <property name="env.CERTI_VERSION" value="4.0.0" />
    <property name="env.CERTI_HOST" value="localhost" />
    <property name="awt.toolkit" value="sun.awt.X11.XToolkit" />
    <property name="env.MY_RUBY_HOME" value="/home/travis/.rvm/rubies/ruby-2.5.3" />
    <property name="sun.cpu.isalist" value="" />
    <property name="env.TRAVIS_TMPDIR" value="/tmp/tmp.jTatDaPAHo" />
    <property name="java.vm.compressedOopsMode" value="Zero based" />
    <property name="os.version" value="4.15.0-1028-gcp" />
    <property name="user.home" value="/home/travis" />
    <property name="java.vm.vendor" value="Oracle Corporation" />
    <property name="env.TRAVIS_TAG" value="nightly" />
    <property name="env.ANSI_YELLOW" value="\033[33;1m" />
    <property name="env.TRAVIS_FILTERED" value="redirect_io" />
    <property name="env.ANSI_GREEN" value="\033[32;1m" />
    <property name="env.JAVA_HOME" value="/usr/local/lib/jvm/openjdk11" />
    <property name="javadoc.excludepackagenames" value="adm.cvs2svn.*,build.*,config.*,doc.coding.templates.*,jni.test.jni.meaningOfLife.*,jni.test.jni.testDeux.*,jni.test.jni.testTrois.*,org.terraswarm.accessor.accessors.web.node_modules.*,org.terraswarm.accessor.accessors.web.hosts.cordova.demo.*,org.terraswarm.accessor.accessors.web.hosts.cordova.plugins.*,org.terraswarm.accessor.accessors-svn.*,pt-modules.*,ptolemy.apps.agilent.*,ptolemy.apps.anytimecontrol.*,ptolemy.apps.apes.*,ptolemy.apps.charon.*,ptolemy.apps.crazyboard.*,ptolemy.apps.eclipse.*,ptolemy.apps.etherealSting.*,ptolemy.apps.fullscreen.*,ptolemy.apps.giotto.*,ptolemy.apps.ia.*,ptolemy.apps.interfaces.*,ptolemy.apps.jmf.*,ptolemy.apps.kurt.*,ptolemy.apps.kvm.*,ptolemy.apps.lego.*,ptolemy.apps.lejos.*,ptolemy.apps.midp.*,ptolemy.apps.mobileCoding.*,ptolemy.apps.pendulum.*,ptolemy.apps.rijndael.*,ptolemy.apps.robot.*,ptolemy.apps.security.*,ptolemy.apps.sobel.*,ptolemy.apps.soot.*,ptolemy.apps.throttle.*,ptolemy.apps.tini.*,ptolemy.apps.transmission.*,ptolemy.apps.vergil.*,ptolemy.apps.waba.*,ptolemy.apps.websensor.*,ptolemy.apps.webstart.*,ptolemy.apps.xsl.*,ptolemy.apps.zaurus.*,ptolemy.codegen.c.actor.lib.oldJavaFiles.*,ptolemy.codegen.dsp.lib.*,ptolemy.codegen.kernel.newInterfaces.*,ptolemy.codegen.lib.*,ptolemy.copernicus.kernel.fragment.*,ptolemy.copernicus.shallow.cg.*,ptolemy.domains.giotto.demo.Hierarchy.Hierarchy.*,ptolemy.domains.giotto.demo.Multimode.Multimode.*,ptolemy.domains.giotto.demo.Simple.Simple.*,ptolemy.domains.gr.lib.experimental.*,ptolemy.domains.gro.*,ptolemy.domains.pdf.*,ptolemy.domains.ptinyos.demo.Surge.output.*,ptolemy.moml.test.NoPackageActor.java*,ptolemy.plot.adm.*,ptolemy.plot.servlet.*,reports.*,signed.*,src.*,target.*,vendors.*,ptolemy.copernicus.applet.*,ptolemy.media.viewer.*,ptolemy.actor.corba.*,doc.doclets.*,ptolemy.apps.eclipse.awt.*,ptolemy.backtrack.*,ptolemy.backtrack.ast.*,ptolemy.cg.adapter.generic.program.procedural.c.mbed*,ptolemy.homer.*,ptolemy.actor.lib.jai.*,org.ptolemy.scala.*,diva.util.java2d.svg.*,ptolemy.domains.ptinyos.*,ptolemy.actor.lib.fmi.fmipp.*,,org.terraswarm.accessor.accessors.web.node_modules.*,org.terraswarm.accessor.accessors-svn,ptolemy.apps.*,ptolemy.actor.ptalon.demo.ptinyos.SendAndReceiveCnt.output,ptolemy.actor.ptalon.demo.ptinyos.SenseToLeds.output,ptolemy.domains.ptinyos.demo.CntToLedsAndRfm.output,ptolemy.domains.ptinyos.demo.RfmToLeds.output,ptolemy.domains.ptinyos.demo.SendAndReceiveCnt.output,ptolemy.domains.ptinyos.demo.SenseToLeds.output,ptolemy.actor.lib.jjs.modules.udpSocket.*" />
    <property name="env.PTII" value="/home/travis/build/icyphy/ptII" />
    <property name="env.XDG_SESSION_ID" value="2" />
    <property name="keystore" value="ptKeystore" />
    <property name="env.TRAVIS_COMMIT_MESSAGE" value="Conform a model to new HlaManager design." />
    <property name="junit.output.dir" value="/home/travis/build/icyphy/ptII/reports/junit" />
    <property name="npm.return.code" value="0" />
    <property name="user.dir" value="/home/travis/build/icyphy/ptII/ptolemy/actor/lib/test" />
    <property name="env.TRAVIS_NODE_VERSION" value="7" />
    <property name="env.TRAVIS_EVENT_TYPE" value="cron" />
    <property name="env.MAIL" value="/var/mail/travis" />
    <property name="env.PERLBREW_ROOT" value="/home/travis/perl5/perlbrew" />
    <property name="env.PWD" value="/home/travis/build/icyphy/ptII" />
    <property name="timeout.npm" value="45000" />
    <property name="env.TRAVIS_ARCH" value="amd64" />
    <property name="sun.cpu.endian" value="little" />
    <property name="env.PAGER" value="cat" />
    <property name="env.TRAVIS_BUILD_STAGE_NAME" value="Test" />
    <property name="env.PERLBREW_HOME" value="/home/travis/.perlbrew" />
    <property name="java.vm.version" value="11.0.2+9" />
    <property name="env.RAILS_ENV" value="test" />
    <property name="java.class.path" value="/home/travis/.ptolemyII:/home/travis/.ptolemyII/*:/home/travis/build/icyphy/ptII:/home/travis/build/icyphy/ptII/lib/bsh-2.0b4.jar:/home/travis/build/icyphy/ptII/lib/ptCal.jar:/home/travis/build/icyphy/ptII/lib/java_cup.jar:/home/travis/build/icyphy/ptII/lib/saxon8.jar:/home/travis/build/icyphy/ptII/lib/saxon8-dom.jar:/home/travis/build/icyphy/ptII/lib/chic.jar:/home/travis/build/icyphy/ptII/lib/ptcolt.jar:/home/travis/build/icyphy/ptII/vendors/misc/itext/iText.jar:/home/travis/build/icyphy/ptII/lib/g4ltl.jar:/home/travis/build/icyphy/ptII/lib/StructuralCoder.jar:/home/travis/build/icyphy/ptII/lib/jcerti.jar:/home/travis/build/icyphy/ptII/lib/javax.mail.jar:/home/travis/build/icyphy/ptII/vendors/JMF-2.1.1e/lib/jmf.jar:/home/travis/build/icyphy/ptII/lib/jna-4.0.0-variadic.jar:/home/travis/build/icyphy/ptII/vendors/misc/joystick/Joystick.jar:/home/travis/build/icyphy/ptII/lib/ptjacl.jar:/home/travis/build/icyphy/ptII/lib/jsoup-1.8.2.jar:/home/travis/build/icyphy/ptII/lib/junit-4.8.2.jar:/home/travis/build/icyphy/ptII/lib/JUnitParams-0.4.0.jar:/home/travis/build/icyphy/ptII/ptolemy/actor/lib/excel/jxl.jar:/home/travis/build/icyphy/ptII/lib/jython.jar:/home/travis/build/icyphy/ptII/lib/kieler.jar:/home/travis/build/icyphy/ptII/vendors/opencv/share/OpenCV/java/opencv-341.jar:/home/travis/build/icyphy/ptII/lib/oscP5.jar:/home/travis/build/icyphy/ptII/lib/nrjavaserial-3.11.0.devel.jar:/home/travis/build/icyphy/ptII/vendors/j3d/lib/Linux/j3dcore.jar:/home/travis/build/icyphy/ptII/vendors/j3d/lib/Linux/j3dutils.jar:/home/travis/build/icyphy/ptII/vendors/j3d/lib/Linux/vecmath.jar:/home/travis/build/icyphy/ptII/vendors/jogl/lib/Linux/gluegen-rt-natives-linux-amd64.jar:/home/travis/build/icyphy/ptII/vendors/jogl/lib/Linux/gluegen-rt.jar:/home/travis/build/icyphy/ptII/vendors/jogl/lib/Linux/jogl-all-natives-linux-amd64.jar:/home/travis/build/icyphy/ptII/vendors/jogl/lib/Linux/jogl-all.jar:/home/travis/build/icyphy/ptII/ptolemy/distributed/jini/jar/jini-core.jar:/home/travis/build/icyphy/ptII/ptolemy/distributed/jini/jar/jini-ext.jar:/home/travis/build/icyphy/ptII/ptolemy/distributed/jini/jar/sun-util.jar:/home/travis/build/icyphy/ptII/lib/protobuf-java-2.4.1.jar:/home/travis/build/icyphy/ptII/lib/org.eclipse.paho.client.mqttv3.jar:/home/travis/build/icyphy/ptII/lib/mapss.jar:/home/travis/build/icyphy/ptII/ptolemy/actor/ptalon/antlr/antlr.jar:/home/travis/build/icyphy/ptII/lib/JRI.jar:/home/travis/build/icyphy/ptII/lib/commons-lang-2.6.jar:/home/travis/build/icyphy/ptII/lib/commons-logging-1.1.1.jar:/home/travis/build/icyphy/ptII/lib/sootclasses.jar:/home/travis/build/icyphy/ptII/ptolemy/actor/lib/database/mysql-connector-java-5.1.6-bin.jar:/home/travis/build/icyphy/ptII/vendors/misc/sphinx4/sphinx4-data-5prealpha.jar:/home/travis/build/icyphy/ptII/vendors/misc/sphinx4/sphinx4-core-5prealpha.jar:/home/travis/build/icyphy/ptII/lib/PDFRenderer.jar:/home/travis/build/icyphy/ptII/lib/svgSalamander.jar:/home/travis/build/icyphy/ptII/lib/rsyntaxtextarea-2.6.0-SNAPSHOT.jar:/home/travis/build/icyphy/ptII/lib/hazelcast-3.8.2.jar:/home/travis/build/icyphy/ptII/lib/jackson-annotations-2.9.0.jar:/home/travis/build/icyphy/ptII/lib/jackson-core-2.9.3.jar:/home/travis/build/icyphy/ptII/lib/jackson-databind-2.9.3.jar:/home/travis/build/icyphy/ptII/lib/netty-buffer-4.1.19.Final.jar:/home/travis/build/icyphy/ptII/lib/netty-codec-4.1.19.Final.jar:/home/travis/build/icyphy/ptII/lib/netty-codec-dns-4.1.19.Final.jar:/home/travis/build/icyphy/ptII/lib/netty-codec-http-4.1.19.Final.jar:/home/travis/build/icyphy/ptII/lib/netty-codec-http2-4.1.19.Final.jar:/home/travis/build/icyphy/ptII/lib/netty-common-4.1.19.Final.jar:/home/travis/build/icyphy/ptII/lib/netty-handler-4.1.19.Final.jar:/home/travis/build/icyphy/ptII/lib/netty-resolver-4.1.19.Final.jar:/home/travis/build/icyphy/ptII/lib/netty-resolver-dns-4.1.19.Final.jar:/home/travis/build/icyphy/ptII/lib/netty-transport-4.1.19.Final.jar:/home/travis/build/icyphy/ptII/lib/vertx-codegen-3.5.1.jar:/home/travis/build/icyphy/ptII/lib/vertx-core-3.5.2-SNAPSHOT.jar:/home/travis/build/icyphy/ptII/lib/vertx-hazelcast-3.5.1.jar:/home/travis/build/icyphy/ptII/lib/vertx-lang-js-3.5.1.jar:/home/travis/build/icyphy/ptII/lib/vertx-service-proxy-3.5.1.jar:/home/travis/build/icyphy/ptII/lib/vertx-web-3.5.1.jar:/home/travis/build/icyphy/ptII/lib/slf4j-api-1.7.13.jar:/home/travis/build/icyphy/ptII/lib/slf4j-simple-1.7.13.jar:/home/travis/build/icyphy/ptII/lib/webcam-capture-0.3.12.jar:/home/travis/build/icyphy/ptII/lib/bridj-0.7.0.jar:/home/travis/build/icyphy/ptII/lib/xbjlib-1.1.0.nrjavaserial.jar:/home/travis/build/icyphy/ptII/ptolemy/moml/test:/home/travis/build/icyphy/ptII/ant/lib/ant-launcher.jar:/home/travis/build/icyphy/ptII/ant/lib/ant.jar:/home/travis/build/icyphy/ptII/ant/lib/ant-junit.jar:/home/travis/build/icyphy/ptII/ant/lib/ant-junit4.jar" />
    <property name="ant.library.dir" value="/home/travis/build/icyphy/ptII/ant/lib" />
    <property name="os.arch" value="amd64" />
    <property name="env.CONTINUOUS_INTEGRATION" value="true" />
    <property name="env.TRAVIS_LANGUAGE" value="node_js" />
    <property name="env.TRAVIS_STACK_LANGUAGES" value="__sardonyx__ c c++ clojure cplusplus cpp default generic go groovy java node_js php pure_java python ruby scala" />
    <property name="test.name" value="ptolemy.actor.lib.test.junit.JUnitTclTest" />
    <property name="env.APT_KEY_DONT_WARN_ON_DANGEROUS_USAGE" value="1" />
    <property name="sun.java.launcher" value="SUN_STANDARD" />
    <property name="env.PYTHON_CONFIGURE_OPTS" value="--enable-unicode=ucs4 --with-wide-unicode --enable-shared --enable-ipv6 --enable-loadable-sqlite-extensions --with-computed-gotos" />
    <property name="ant.core.lib" value="/home/travis/build/icyphy/ptII/ant/lib/ant.jar" />
    <property name="java.vm.specification.vendor" value="Oracle Corporation" />
    <property name="env.BCVTB_HOME" value="/home/travis/build/icyphy/ptII/lbnl" />
    <property name="file.separator" value="/" />
    <property name="spotbugs.home" value="/home/travis/build/icyphy/ptII/vendors/spotbugs-3.1.1" />
    <property name="java.runtime.version" value="11.0.2+9" />
    <property name="env.ANSI_CLEAR" value="\033[0K" />
    <property name="javafx.verbose" value="true" />
    <property name="env.HAS_JOSH_K_SEAL_OF_APPROVAL" value="true" />
    <property name="env.XDG_RUNTIME_DIR" value="/run/user/2000" />
    <property name="env.TRAVIS_OSX_IMAGE" value="" />
    <property name="env.TRAVIS_JOB_ID" value="621457401" />
    <property name="env.TRAVIS_BRANCH" value="master" />
    <property name="user.country" value="US" />
    <property name="env.CERTI_HOME_TRAVIS" value="/home/travis/pthla/certi-tools" />
    <property name="env.SHELL" value="/bin/bash" />
    <property name="java.maxmemory.large" value="3200m" />
    <property name="model" value="" />
    <property name="env.CASHER_DIR" value="/home/travis/.casher" />
    <property name="env.NVM_CD_FLAGS" value="" />
    <property name="java.vendor.version" value="18.9" />
    <property name="jshint.executable" value="/home/travis/node_modules/jshint/bin/jshint" />
    <property name="env.JRUBY_OPTS" value=" --client -J-XX:+TieredCompilation -J-XX:TieredStopAtLevel=1 -J-Xss2m -Xcompile.invokedynamic=false" />
    <property name="java.vendor" value="Oracle Corporation" />
    <property name="env.TRAVIS_PRE_CHEF_BOOTSTRAP_TIME" value="2019-03-25T16:16:42" />
    <property name="env.TRAVIS_STACK_JOB_BOARD_REGISTER" value="/.job-board-register.yml" />
    <property name="env.ANSI_RED" value="\033[31;1m" />
    <property name="java.specification.version" value="11" />
    <property name="env.IRBRC" value="/home/travis/.rvm/rubies/ruby-2.5.3/.irbrc" />
    <property name="env.TRAVIS" value="true" />
    <property name="sun.arch.data.model" value="64" />
  </properties>
  <testcase classname="ptolemy.util.test.junit.TclTests" name="[0] /home/travis/build/icyphy/ptII/ptolemy/actor/lib/test/AbsoluteValue.tcl (RunTclFile)" time="0.526" />
  <testcase classname="ptolemy.util.test.junit.TclTests" name="[1] /home/travis/build/icyphy/ptII/ptolemy/actor/lib/test/AddSubtract.tcl (RunTclFile)" time="0.147" />
  <testcase classname="ptolemy.util.test.junit.TclTests" name="[2] /home/travis/build/icyphy/ptII/ptolemy/actor/lib/test/Average.tcl (RunTclFile)" time="0.067" />
  <testcase classname="ptolemy.util.test.junit.TclTests" name="[3] /home/travis/build/icyphy/ptII/ptolemy/actor/lib/test/Bernoulli.tcl (RunTclFile)" time="0.032" />
  <testcase classname="ptolemy.util.test.junit.TclTests" name="[4] /home/travis/build/icyphy/ptII/ptolemy/actor/lib/test/Clock.tcl (RunTclFile)" time="0.115" />
  <testcase classname="ptolemy.util.test.junit.TclTests" name="[5] /home/travis/build/icyphy/ptII/ptolemy/actor/lib/test/Commutator.tcl (RunTclFile)" time="0.151" />
  <testcase classname="ptolemy.util.test.junit.TclTests" name="[6] /home/travis/build/icyphy/ptII/ptolemy/actor/lib/test/Const.tcl (RunTclFile)" time="0.108" />
  <testcase classname="ptolemy.util.test.junit.TclTests" name="[7] /home/travis/build/icyphy/ptII/ptolemy/actor/lib/test/CurrentTime.tcl (RunTclFile)" time="0.026" />
  <testcase classname="ptolemy.util.test.junit.TclTests" name="[8] /home/travis/build/icyphy/ptII/ptolemy/actor/lib/test/DB.tcl (RunTclFile)" time="0.043" />
  <testcase classname="ptolemy.util.test.junit.TclTests" name="[9] /home/travis/build/icyphy/ptII/ptolemy/actor/lib/test/DiscreteRandomSource.tcl (RunTclFile)" time="0.028" />
  <testcase classname="ptolemy.util.test.junit.TclTests" name="[10] /home/travis/build/icyphy/ptII/ptolemy/actor/lib/test/Distributor.tcl (RunTclFile)" time="0.076" />
  <testcase classname="ptolemy.util.test.junit.TclTests" name="[11] /home/travis/build/icyphy/ptII/ptolemy/actor/lib/test/Exit.tcl (RunTclFile)" time="0.068" />
  <testcase classname="ptolemy.util.test.junit.TclTests" name="[12] /home/travis/build/icyphy/ptII/ptolemy/actor/lib/test/Expression.tcl (RunTclFile)" time="0.062" />
  <testcase classname="ptolemy.util.test.junit.TclTests" name="[13] /home/travis/build/icyphy/ptII/ptolemy/actor/lib/test/Gaussian.tcl (RunTclFile)" time="0.236" />
  <testcase classname="ptolemy.util.test.junit.TclTests" name="[14] /home/travis/build/icyphy/ptII/ptolemy/actor/lib/test/IIR.tcl (RunTclFile)" time="0.038" />
  <testcase classname="ptolemy.util.test.junit.TclTests" name="[15] /home/travis/build/icyphy/ptII/ptolemy/actor/lib/test/Interpolator.tcl (RunTclFile)" time="0.05" />
  <testcase classname="ptolemy.util.test.junit.TclTests" name="[16] /home/travis/build/icyphy/ptII/ptolemy/actor/lib/test/MathFunction.tcl (RunTclFile)" time="0.06" />
  <testcase classname="ptolemy.util.test.junit.TclTests" name="[17] /home/travis/build/icyphy/ptII/ptolemy/actor/lib/test/Maximum.tcl (RunTclFile)" time="0.043" />
  <testcase classname="ptolemy.util.test.junit.TclTests" name="[18] /home/travis/build/icyphy/ptII/ptolemy/actor/lib/test/Minimum.tcl (RunTclFile)" time="0.034" />
  <testcase classname="ptolemy.util.test.junit.TclTests" name="[19] /home/travis/build/icyphy/ptII/ptolemy/actor/lib/test/MultiplyDivide.tcl (RunTclFile)" time="0.042" />
  <testcase classname="ptolemy.util.test.junit.TclTests" name="[20] /home/travis/build/icyphy/ptII/ptolemy/actor/lib/test/OrderedMerge.tcl (RunTclFile)" time="0.113" />
  <testcase classname="ptolemy.util.test.junit.TclTests" name="[21] /home/travis/build/icyphy/ptII/ptolemy/actor/lib/test/Publisher.tcl (RunTclFile)" time="0.815" />
  <testcase classname="ptolemy.util.test.junit.TclTests" name="[22] /home/travis/build/icyphy/ptII/ptolemy/actor/lib/test/Pulse.tcl (RunTclFile)" time="0.044" />
  <testcase classname="ptolemy.util.test.junit.TclTests" name="[23] /home/travis/build/icyphy/ptII/ptolemy/actor/lib/test/Ramp.tcl (RunTclFile)" time="1.828" />
  <testcase classname="ptolemy.util.test.junit.TclTests" name="[24] /home/travis/build/icyphy/ptII/ptolemy/actor/lib/test/RampContinuous.tcl (RunTclFile)" time="0.018" />
  <testcase classname="ptolemy.util.test.junit.TclTests" name="[25] /home/travis/build/icyphy/ptII/ptolemy/actor/lib/test/RecordAssembler.tcl (RunTclFile)" time="0.015" />
  <testcase classname="ptolemy.util.test.junit.TclTests" name="[26] /home/travis/build/icyphy/ptII/ptolemy/actor/lib/test/RecordDisassembler.tcl (RunTclFile)" time="0.032" />
  <testcase classname="ptolemy.util.test.junit.TclTests" name="[27] /home/travis/build/icyphy/ptII/ptolemy/actor/lib/test/Scale.tcl (RunTclFile)" time="0.021" />
  <testcase classname="ptolemy.util.test.junit.TclTests" name="[28] /home/travis/build/icyphy/ptII/ptolemy/actor/lib/test/SequentialClock.tcl (RunTclFile)" time="0.02" />
  <testcase classname="ptolemy.util.test.junit.TclTests" name="[29] /home/travis/build/icyphy/ptII/ptolemy/actor/lib/test/SetVariable.tcl (RunTclFile)" time="0.025">
    <failure message="Number of failed tests is has increased. expected:&lt;0&gt; but was:&lt;1&gt;" type="junit.framework.AssertionFailedError">junit.framework.AssertionFailedError: Number of failed tests is has increased. expected:&lt;0&gt; but was:&lt;1&gt;
	at ptolemy.util.test.junit.TclTests.RunTclFile(TclTests.java:286)
	at jdk.internal.reflect.GeneratedMethodAccessor19.invoke(Unknown Source)
	at java.base/jdk.internal.reflect.DelegatingMethodAccessorImpl.invoke(DelegatingMethodAccessorImpl.java:43)
	at junitparams.internal.InvokeParameterisedMethod.evaluate(InvokeParameterisedMethod.java:102)
	at junitparams.internal.ParameterisedTestMethodRunner.runMethodInvoker(ParameterisedTestMethodRunner.java:47)
	at junitparams.internal.ParameterisedTestMethodRunner.runTestMethod(ParameterisedTestMethodRunner.java:41)
	at junitparams.internal.ParameterisedTestClassRunner.runParameterisedTest(ParameterisedTestClassRunner.java:143)
	at junitparams.JUnitParamsRunner.runChild(JUnitParamsRunner.java:237)
	at junitparams.JUnitParamsRunner.runChild(JUnitParamsRunner.java:215)
</failure>
  </testcase>
  <testcase classname="ptolemy.util.test.junit.TclTests" name="[30] /home/travis/build/icyphy/ptII/ptolemy/actor/lib/test/Sinewave.tcl (RunTclFile)" time="0.054" />
  <testcase classname="ptolemy.util.test.junit.TclTests" name="[31] /home/travis/build/icyphy/ptII/ptolemy/actor/lib/test/SubscriptionAggregator.tcl (RunTclFile)" time="2.053" />
  <testcase classname="ptolemy.util.test.junit.TclTests" name="[32] /home/travis/build/icyphy/ptII/ptolemy/actor/lib/test/Test.tcl (RunTclFile)" time="0.191" />
  <testcase classname="ptolemy.util.test.junit.TclTests" name="[33] /home/travis/build/icyphy/ptII/ptolemy/actor/lib/test/TestExceptionHandler.tcl (RunTclFile)" time="0.009" />
  <testcase classname="ptolemy.util.test.junit.TclTests" name="[34] /home/travis/build/icyphy/ptII/ptolemy/actor/lib/test/UnionDisassembler.tcl (RunTclFile)" time="0.049" />
  <testcase classname="ptolemy.util.test.junit.TclTests" name="[35] /home/travis/build/icyphy/ptII/ptolemy/actor/lib/test/VariableClock.tcl (RunTclFile)" time="0.013" />
  <testcase classname="ptolemy.util.test.junit.AutoKnownFailedTests" name="[0] /home/travis/build/icyphy/ptII/ptolemy/actor/lib/test/auto/knownFailedTests/PublisherPortToplevelSubscriber.xml (RunModel)" time="0.021" />
  <testcase classname="ptolemy.util.test.junit.AutoKnownFailedTests" name="[1] /home/travis/build/icyphy/ptII/ptolemy/actor/lib/test/auto/knownFailedTests/PublisherSubscriberPortToplevel.xml (RunModel)" time="0.022" />
  <testcase classname="ptolemy.util.test.junit.AutoKnownFailedTests" name="[2] /home/travis/build/icyphy/ptII/ptolemy/actor/lib/test/auto/knownFailedTests/PublisherSubscriptionAggregatorPort.xml (RunModel)" time="0.018" />
  <testcase classname="ptolemy.util.test.junit.AutoKnownFailedTests" name="[3] /home/travis/build/icyphy/ptII/ptolemy/actor/lib/test/auto/knownFailedTests/sizedarray3.xml (RunModel)" time="0.029" />
  <testcase classname="ptolemy.util.test.junit.AutoNameArchTests" name="[0] ThereAreNoAutoArchTests (RunModel)" time="0.002" />
  <testcase classname="ptolemy.util.test.junit.AutoTests" name="[0] /home/travis/build/icyphy/ptII/ptolemy/actor/lib/test/auto/AbsoluteValue.xml (RunModel)" time="0.091" />
  <testcase classname="ptolemy.util.test.junit.AutoTests" name="[1] /home/travis/build/icyphy/ptII/ptolemy/actor/lib/test/auto/AbsoluteValue2.xml (RunModel)" time="0.06" />
  <testcase classname="ptolemy.util.test.junit.AutoTests" name="[2] /home/travis/build/icyphy/ptII/ptolemy/actor/lib/test/auto/Accumulator.xml (RunModel)" time="0.072" />
  <testcase classname="ptolemy.util.test.junit.AutoTests" name="[3] /home/travis/build/icyphy/ptII/ptolemy/actor/lib/test/auto/Accumulator2.xml (RunModel)" time="0.036" />
  <testcase classname="ptolemy.util.test.junit.AutoTests" name="[4] /home/travis/build/icyphy/ptII/ptolemy/actor/lib/test/auto/Accumulator3.xml (RunModel)" time="0.012" />
  <testcase classname="ptolemy.util.test.junit.AutoTests" name="[5] /home/travis/build/icyphy/ptII/ptolemy/actor/lib/test/auto/ArrayAppend.xml (RunModel)" time="0.023" />
  <testcase classname="ptolemy.util.test.junit.AutoTests" name="[6] /home/travis/build/icyphy/ptII/ptolemy/actor/lib/test/auto/ArrayAppend2.xml (RunModel)" time="0.344" />
  <testcase classname="ptolemy.util.test.junit.AutoTests" name="[7] /home/travis/build/icyphy/ptII/ptolemy/actor/lib/test/auto/ArrayAppend3.xml (RunModel)" time="0.049" />
  <testcase classname="ptolemy.util.test.junit.AutoTests" name="[8] /home/travis/build/icyphy/ptII/ptolemy/actor/lib/test/auto/ArrayAppend4.xml (RunModel)" time="0.02" />
  <testcase classname="ptolemy.util.test.junit.AutoTests" name="[9] /home/travis/build/icyphy/ptII/ptolemy/actor/lib/test/auto/ArrayAppend5.xml (RunModel)" time="0.02" />
  <testcase classname="ptolemy.util.test.junit.AutoTests" name="[10] /home/travis/build/icyphy/ptII/ptolemy/actor/lib/test/auto/ArrayAppend6.xml (RunModel)" time="0.02" />
  <testcase classname="ptolemy.util.test.junit.AutoTests" name="[11] /home/travis/build/icyphy/ptII/ptolemy/actor/lib/test/auto/ArrayAppendPerformanceTest.xml (RunModel)" time="0.049" />
  <testcase classname="ptolemy.util.test.junit.AutoTests" name="[12] /home/travis/build/icyphy/ptII/ptolemy/actor/lib/test/auto/ArrayAppendWithEmptyInput.xml (RunModel)" time="0.033" />
  <testcase classname="ptolemy.util.test.junit.AutoTests" name="[13] /home/travis/build/icyphy/ptII/ptolemy/actor/lib/test/auto/ArrayAverage.xml (RunModel)" time="0.027" />
  <testcase classname="ptolemy.util.test.junit.AutoTests" name="[14] /home/travis/build/icyphy/ptII/ptolemy/actor/lib/test/auto/ArrayContains.xml (RunModel)" time="0.014" />
  <testcase classname="ptolemy.util.test.junit.AutoTests" name="[15] /home/travis/build/icyphy/ptII/ptolemy/actor/lib/test/auto/ArrayElement.xml (RunModel)" time="0.041" />
  <testcase classname="ptolemy.util.test.junit.AutoTests" name="[16] /home/travis/build/icyphy/ptII/ptolemy/actor/lib/test/auto/ArrayElementAsMatrix.xml (RunModel)" time="0.064" />
  <testcase classname="ptolemy.util.test.junit.AutoTests" name="[17] /home/travis/build/icyphy/ptII/ptolemy/actor/lib/test/auto/ArrayElementI.xml (RunModel)" time="0.016" />
  <testcase classname="ptolemy.util.test.junit.AutoTests" name="[18] /home/travis/build/icyphy/ptII/ptolemy/actor/lib/test/auto/ArrayExtract.xml (RunModel)" time="0.051" />
  <testcase classname="ptolemy.util.test.junit.AutoTests" name="[19] /home/travis/build/icyphy/ptII/ptolemy/actor/lib/test/auto/ArrayExtract2.xml (RunModel)" time="0.016" />
  <testcase classname="ptolemy.util.test.junit.AutoTests" name="[20] /home/travis/build/icyphy/ptII/ptolemy/actor/lib/test/auto/ArrayLength.xml (RunModel)" time="0.02" />
  <testcase classname="ptolemy.util.test.junit.AutoTests" name="[21] /home/travis/build/icyphy/ptII/ptolemy/actor/lib/test/auto/ArrayLevelCrossing.xml (RunModel)" time="0.028" />
  <testcase classname="ptolemy.util.test.junit.AutoTests" name="[22] /home/travis/build/icyphy/ptII/ptolemy/actor/lib/test/auto/ArrayLevelCrossing2.xml (RunModel)" time="0.026" />
  <testcase classname="ptolemy.util.test.junit.AutoTests" name="[23] /home/travis/build/icyphy/ptII/ptolemy/actor/lib/test/auto/ArrayPeakSearch.xml (RunModel)" time="0.04" />
  <testcase classname="ptolemy.util.test.junit.AutoTests" name="[24] /home/travis/build/icyphy/ptII/ptolemy/actor/lib/test/auto/ArrayPeakSearch2.xml (RunModel)" time="0.036" />
  <testcase classname="ptolemy.util.test.junit.AutoTests" name="[25] /home/travis/build/icyphy/ptII/ptolemy/actor/lib/test/auto/ArrayPeakSearch3.xml (RunModel)" time="0.032" />
  <testcase classname="ptolemy.util.test.junit.AutoTests" name="[26] /home/travis/build/icyphy/ptII/ptolemy/actor/lib/test/auto/ArrayRemoveElement.xml (RunModel)" time="0.026" />
  <testcase classname="ptolemy.util.test.junit.AutoTests" name="[27] /home/travis/build/icyphy/ptII/ptolemy/actor/lib/test/auto/ArraySort.xml (RunModel)" time="0.044" />
  <testcase classname="ptolemy.util.test.junit.AutoTests" name="[28] /home/travis/build/icyphy/ptII/ptolemy/actor/lib/test/auto/ArraySum.xml (RunModel)" time="0.015" />
  <testcase classname="ptolemy.util.test.junit.AutoTests" name="[29] /home/travis/build/icyphy/ptII/ptolemy/actor/lib/test/auto/ArrayToElements.xml (RunModel)" time="0.025" />
  <testcase classname="ptolemy.util.test.junit.AutoTests" name="[30] /home/travis/build/icyphy/ptII/ptolemy/actor/lib/test/auto/ArrayToMatrix.xml (RunModel)" time="0.052" />
  <testcase classname="ptolemy.util.test.junit.AutoTests" name="[31] /home/travis/build/icyphy/ptII/ptolemy/actor/lib/test/auto/ArrayUpdate1.xml (RunModel)" time="0.023" />
  <testcase classname="ptolemy.util.test.junit.AutoTests" name="[32] /home/travis/build/icyphy/ptII/ptolemy/actor/lib/test/auto/ArrayUpdate2.xml (RunModel)" time="0.018" />
  <testcase classname="ptolemy.util.test.junit.AutoTests" name="[33] /home/travis/build/icyphy/ptII/ptolemy/actor/lib/test/auto/ArrayUpdate3.xml (RunModel)" time="0.015" />
  <testcase classname="ptolemy.util.test.junit.AutoTests" name="[34] /home/travis/build/icyphy/ptII/ptolemy/actor/lib/test/auto/Assert1.xml (RunModel)" time="0.019" />
  <testcase classname="ptolemy.util.test.junit.AutoTests" name="[35] /home/travis/build/icyphy/ptII/ptolemy/actor/lib/test/auto/Assert2.xml (RunModel)" time="0.028" />
  <testcase classname="ptolemy.util.test.junit.AutoTests" name="[36] /home/travis/build/icyphy/ptII/ptolemy/actor/lib/test/auto/BooleanMultiplexor.xml (RunModel)" time="0.022" />
  <testcase classname="ptolemy.util.test.junit.AutoTests" name="[37] /home/travis/build/icyphy/ptII/ptolemy/actor/lib/test/auto/BooleanMultiplexor2.xml (RunModel)" time="0.027" />
  <testcase classname="ptolemy.util.test.junit.AutoTests" name="[38] /home/travis/build/icyphy/ptII/ptolemy/actor/lib/test/auto/BooleanMultiplexor3.xml (RunModel)" time="0.018" />
  <testcase classname="ptolemy.util.test.junit.AutoTests" name="[39] /home/travis/build/icyphy/ptII/ptolemy/actor/lib/test/auto/BooleanSelect.xml (RunModel)" time="0.022" />
  <testcase classname="ptolemy.util.test.junit.AutoTests" name="[40] /home/travis/build/icyphy/ptII/ptolemy/actor/lib/test/auto/BooleanSelect2.xml (RunModel)" time="0.014" />
  <testcase classname="ptolemy.util.test.junit.AutoTests" name="[41] /home/travis/build/icyphy/ptII/ptolemy/actor/lib/test/auto/BooleanSwitch.xml (RunModel)" time="0.031" />
  <testcase classname="ptolemy.util.test.junit.AutoTests" name="[42] /home/travis/build/icyphy/ptII/ptolemy/actor/lib/test/auto/BooleanSwitch2.xml (RunModel)" time="0.015" />
  <testcase classname="ptolemy.util.test.junit.AutoTests" name="[43] /home/travis/build/icyphy/ptII/ptolemy/actor/lib/test/auto/BooleanSwitchCloningBugWithClassRelationGroup.xml (RunModel)" time="0.023" />
  <testcase classname="ptolemy.util.test.junit.AutoTests" name="[44] /home/travis/build/icyphy/ptII/ptolemy/actor/lib/test/auto/BusActors.xml (RunModel)" time="0.029" />
  <testcase classname="ptolemy.util.test.junit.AutoTests" name="[45] /home/travis/build/icyphy/ptII/ptolemy/actor/lib/test/auto/ClassWrapper.xml (RunModel)" time="0.011" />
  <testcase classname="ptolemy.util.test.junit.AutoTests" name="[46] /home/travis/build/icyphy/ptII/ptolemy/actor/lib/test/auto/Clock.xml (RunModel)" time="0.008" />
  <testcase classname="ptolemy.util.test.junit.AutoTests" name="[47] /home/travis/build/icyphy/ptII/ptolemy/actor/lib/test/auto/Clock10.xml (RunModel)" time="0.015" />
  <testcase classname="ptolemy.util.test.junit.AutoTests" name="[48] /home/travis/build/icyphy/ptII/ptolemy/actor/lib/test/auto/Clock11.xml (RunModel)" time="0.022" />
  <testcase classname="ptolemy.util.test.junit.AutoTests" name="[49] /home/travis/build/icyphy/ptII/ptolemy/actor/lib/test/auto/Clock12.xml (RunModel)" time="0.019" />
  <testcase classname="ptolemy.util.test.junit.AutoTests" name="[50] /home/travis/build/icyphy/ptII/ptolemy/actor/lib/test/auto/Clock13.xml (RunModel)" time="0.017" />
  <testcase classname="ptolemy.util.test.junit.AutoTests" name="[51] /home/travis/build/icyphy/ptII/ptolemy/actor/lib/test/auto/Clock14.xml (RunModel)" time="0.019" />
  <testcase classname="ptolemy.util.test.junit.AutoTests" name="[52] /home/travis/build/icyphy/ptII/ptolemy/actor/lib/test/auto/Clock15.xml (RunModel)" time="0.015" />
  <testcase classname="ptolemy.util.test.junit.AutoTests" name="[53] /home/travis/build/icyphy/ptII/ptolemy/actor/lib/test/auto/Clock16.xml (RunModel)" time="0.109" />
  <testcase classname="ptolemy.util.test.junit.AutoTests" name="[54] /home/travis/build/icyphy/ptII/ptolemy/actor/lib/test/auto/Clock17.xml (RunModel)" time="0.07" />
  <testcase classname="ptolemy.util.test.junit.AutoTests" name="[55] /home/travis/build/icyphy/ptII/ptolemy/actor/lib/test/auto/Clock18.xml (RunModel)" time="0.051" />
  <testcase classname="ptolemy.util.test.junit.AutoTests" name="[56] /home/travis/build/icyphy/ptII/ptolemy/actor/lib/test/auto/Clock19.xml (RunModel)" time="0.041" />
  <testcase classname="ptolemy.util.test.junit.AutoTests" name="[57] /home/travis/build/icyphy/ptII/ptolemy/actor/lib/test/auto/Clock2.xml (RunModel)" time="0.014" />
  <testcase classname="ptolemy.util.test.junit.AutoTests" name="[58] /home/travis/build/icyphy/ptII/ptolemy/actor/lib/test/auto/Clock20.xml (RunModel)" time="0.028" />
  <testcase classname="ptolemy.util.test.junit.AutoTests" name="[59] /home/travis/build/icyphy/ptII/ptolemy/actor/lib/test/auto/Clock21.xml (RunModel)" time="0.014" />
  <testcase classname="ptolemy.util.test.junit.AutoTests" name="[60] /home/travis/build/icyphy/ptII/ptolemy/actor/lib/test/auto/Clock22.xml (RunModel)" time="0.013" />
  <testcase classname="ptolemy.util.test.junit.AutoTests" name="[61] /home/travis/build/icyphy/ptII/ptolemy/actor/lib/test/auto/Clock23.xml (RunModel)" time="0.017" />
  <testcase classname="ptolemy.util.test.junit.AutoTests" name="[62] /home/travis/build/icyphy/ptII/ptolemy/actor/lib/test/auto/Clock24.xml (RunModel)" time="0.012" />
  <testcase classname="ptolemy.util.test.junit.AutoTests" name="[63] /home/travis/build/icyphy/ptII/ptolemy/actor/lib/test/auto/Clock4.xml (RunModel)" time="0.01" />
  <testcase classname="ptolemy.util.test.junit.AutoTests" name="[64] /home/travis/build/icyphy/ptII/ptolemy/actor/lib/test/auto/Clock5.xml (RunModel)" time="0.013" />
  <testcase classname="ptolemy.util.test.junit.AutoTests" name="[65] /home/travis/build/icyphy/ptII/ptolemy/actor/lib/test/auto/Clock6.xml (RunModel)" time="0.008" />
  <testcase classname="ptolemy.util.test.junit.AutoTests" name="[66] /home/travis/build/icyphy/ptII/ptolemy/actor/lib/test/auto/Clock7.xml (RunModel)" time="0.008" />
  <testcase classname="ptolemy.util.test.junit.AutoTests" name="[67] /home/travis/build/icyphy/ptII/ptolemy/actor/lib/test/auto/Clock8.xml (RunModel)" time="0.013" />
  <testcase classname="ptolemy.util.test.junit.AutoTests" name="[68] /home/travis/build/icyphy/ptII/ptolemy/actor/lib/test/auto/Clock9.xml (RunModel)" time="0.012" />
  <testcase classname="ptolemy.util.test.junit.AutoTests" name="[69] /home/travis/build/icyphy/ptII/ptolemy/actor/lib/test/auto/CommDistDiscard.xml (RunModel)" time="0.018" />
  <testcase classname="ptolemy.util.test.junit.AutoTests" name="[70] /home/travis/build/icyphy/ptII/ptolemy/actor/lib/test/auto/Commutator.xml (RunModel)" time="0.012" />
  <testcase classname="ptolemy.util.test.junit.AutoTests" name="[71] /home/travis/build/icyphy/ptII/ptolemy/actor/lib/test/auto/Commutator2.xml (RunModel)" time="0.01" />
  <testcase classname="ptolemy.util.test.junit.AutoTests" name="[72] /home/travis/build/icyphy/ptII/ptolemy/actor/lib/test/auto/Commutator3.xml (RunModel)" time="0.011" />
  <testcase classname="ptolemy.util.test.junit.AutoTests" name="[73] /home/travis/build/icyphy/ptII/ptolemy/actor/lib/test/auto/Compare.xml (RunModel)" time="0.017" />
  <testcase classname="ptolemy.util.test.junit.AutoTests" name="[74] /home/travis/build/icyphy/ptII/ptolemy/actor/lib/test/auto/CompareDE.xml (RunModel)" time="0.016" />
  <testcase classname="ptolemy.util.test.junit.AutoTests" name="[75] /home/travis/build/icyphy/ptII/ptolemy/actor/lib/test/auto/ComplexDivide.xml (RunModel)" time="0.013" />
  <testcase classname="ptolemy.util.test.junit.AutoTests" name="[76] /home/travis/build/icyphy/ptII/ptolemy/actor/lib/test/auto/ComputeHistogram.xml (RunModel)" time="0.052" />
  <testcase classname="ptolemy.util.test.junit.AutoTests" name="[77] /home/travis/build/icyphy/ptII/ptolemy/actor/lib/test/auto/ConfigurationSelect.xml (RunModel)" time="0.02" />
  <testcase classname="ptolemy.util.test.junit.AutoTests" name="[78] /home/travis/build/icyphy/ptII/ptolemy/actor/lib/test/auto/ConfigurationSelect2.xml (RunModel)" time="0.009" />
  <testcase classname="ptolemy.util.test.junit.AutoTests" name="[79] /home/travis/build/icyphy/ptII/ptolemy/actor/lib/test/auto/ConfigurationSwitch.xml (RunModel)" time="0.029" />
  <testcase classname="ptolemy.util.test.junit.AutoTests" name="[80] /home/travis/build/icyphy/ptII/ptolemy/actor/lib/test/auto/ConfigurationSwitch2.xml (RunModel)" time="0.01" />
  <testcase classname="ptolemy.util.test.junit.AutoTests" name="[81] /home/travis/build/icyphy/ptII/ptolemy/actor/lib/test/auto/ConfigurationSwitchCloningBugWithClassRelationGroup.xml (RunModel)" time="0.02" />
  <testcase classname="ptolemy.util.test.junit.AutoTests" name="[82] /home/travis/build/icyphy/ptII/ptolemy/actor/lib/test/auto/ConfigurationSwitchSelectSDF.xml (RunModel)" time="0.012" />
  <testcase classname="ptolemy.util.test.junit.AutoTests" name="[83] /home/travis/build/icyphy/ptII/ptolemy/actor/lib/test/auto/ConfigurationSwitchSelectSDF2.xml (RunModel)" time="0.015" />
  <testcase classname="ptolemy.util.test.junit.AutoTests" name="[84] /home/travis/build/icyphy/ptII/ptolemy/actor/lib/test/auto/Const.xml (RunModel)" time="0.006" />
  <testcase classname="ptolemy.util.test.junit.AutoTests" name="[85] /home/travis/build/icyphy/ptII/ptolemy/actor/lib/test/auto/Const2.xml (RunModel)" time="0.009" />
  <testcase classname="ptolemy.util.test.junit.AutoTests" name="[86] /home/travis/build/icyphy/ptII/ptolemy/actor/lib/test/auto/Const3.xml (RunModel)" time="0.006" />
  <testcase classname="ptolemy.util.test.junit.AutoTests" name="[87] /home/travis/build/icyphy/ptII/ptolemy/actor/lib/test/auto/ConstantPublisherPort1.xml (RunModel)" time="0.019" />
  <testcase classname="ptolemy.util.test.junit.AutoTests" name="[88] /home/travis/build/icyphy/ptII/ptolemy/actor/lib/test/auto/ConstantPublisherPort2.xml (RunModel)" time="0.02" />
  <testcase classname="ptolemy.util.test.junit.AutoTests" name="[89] /home/travis/build/icyphy/ptII/ptolemy/actor/lib/test/auto/ConstantPublisherPort3.xml (RunModel)" time="0.015" />
  <testcase classname="ptolemy.util.test.junit.AutoTests" name="[90] /home/travis/build/icyphy/ptII/ptolemy/actor/lib/test/auto/ConstantPublisherPort4.xml (RunModel)" time="0.014" />
  <testcase classname="ptolemy.util.test.junit.AutoTests" name="[91] /home/travis/build/icyphy/ptII/ptolemy/actor/lib/test/auto/ConstantPublisherPort5.xml (RunModel)" time="0.037" />
  <testcase classname="ptolemy.util.test.junit.AutoTests" name="[92] /home/travis/build/icyphy/ptII/ptolemy/actor/lib/test/auto/ConstantPublisherPort6.xml (RunModel)" time="0.035" />
  <testcase classname="ptolemy.util.test.junit.AutoTests" name="[93] /home/travis/build/icyphy/ptII/ptolemy/actor/lib/test/auto/ConstantPublisherPort7.xml (RunModel)" time="0.027" />
  <testcase classname="ptolemy.util.test.junit.AutoTests" name="[94] /home/travis/build/icyphy/ptII/ptolemy/actor/lib/test/auto/ConstraintMonitor1.xml (RunModel)" time="0.048" />
  <testcase classname="ptolemy.util.test.junit.AutoTests" name="[95] /home/travis/build/icyphy/ptII/ptolemy/actor/lib/test/auto/ConstraintMonitor2.xml (RunModel)" time="0.01" />
  <testcase classname="ptolemy.util.test.junit.AutoTests" name="[96] /home/travis/build/icyphy/ptII/ptolemy/actor/lib/test/auto/ConstraintMonitor3.xml (RunModel)" time="0.016" />
  <testcase classname="ptolemy.util.test.junit.AutoTests" name="[97] /home/travis/build/icyphy/ptII/ptolemy/actor/lib/test/auto/ConstraintMonitor4.xml (RunModel)" time="0.009" />
  <testcase classname="ptolemy.util.test.junit.AutoTests" name="[98] /home/travis/build/icyphy/ptII/ptolemy/actor/lib/test/auto/ConstraintMonitor5.xml (RunModel)" time="0.009" />
  <testcase classname="ptolemy.util.test.junit.AutoTests" name="[99] /home/travis/build/icyphy/ptII/ptolemy/actor/lib/test/auto/ConstraintMonitor6.xml (RunModel)" time="0.012" />
  <testcase classname="ptolemy.util.test.junit.AutoTests" name="[100] /home/travis/build/icyphy/ptII/ptolemy/actor/lib/test/auto/ConstraintMonitor7.xml (RunModel)" time="0.015" />
  <testcase classname="ptolemy.util.test.junit.AutoTests" name="[101] /home/travis/build/icyphy/ptII/ptolemy/actor/lib/test/auto/ConstraintMonitor8.xml (RunModel)" time="0.019" />
  <testcase classname="ptolemy.util.test.junit.AutoTests" name="[102] /home/travis/build/icyphy/ptII/ptolemy/actor/lib/test/auto/Counter.xml (RunModel)" time="0.011" />
  <testcase classname="ptolemy.util.test.junit.AutoTests" name="[103] /home/travis/build/icyphy/ptII/ptolemy/actor/lib/test/auto/CurrentTimeSDF.xml (RunModel)" time="0.008" />
  <testcase classname="ptolemy.util.test.junit.AutoTests" name="[104] /home/travis/build/icyphy/ptII/ptolemy/actor/lib/test/auto/DB.xml (RunModel)" time="0.01" />
  <testcase classname="ptolemy.util.test.junit.AutoTests" name="[105] /home/travis/build/icyphy/ptII/ptolemy/actor/lib/test/auto/DBDE.xml (RunModel)" time="0.011" />
  <testcase classname="ptolemy.util.test.junit.AutoTests" name="[106] /home/travis/build/icyphy/ptII/ptolemy/actor/lib/test/auto/DateConstructor.xml (RunModel)" time="0.064" />
  <testcase classname="ptolemy.util.test.junit.AutoTests" name="[107] /home/travis/build/icyphy/ptII/ptolemy/actor/lib/test/auto/DelayTime.xml (RunModel)" time="0.014" />
  <testcase classname="ptolemy.util.test.junit.AutoTests" name="[108] /home/travis/build/icyphy/ptII/ptolemy/actor/lib/test/auto/Dictionary1.xml (RunModel)" time="0.028" />
  <testcase classname="ptolemy.util.test.junit.AutoTests" name="[109] /home/travis/build/icyphy/ptII/ptolemy/actor/lib/test/auto/Dictionary2.xml (RunModel)" time="0.015" />
  <testcase classname="ptolemy.util.test.junit.AutoTests" name="[110] /home/travis/build/icyphy/ptII/ptolemy/actor/lib/test/auto/Dictionary3.xml (RunModel)" time="0.012" />
  <testcase classname="ptolemy.util.test.junit.AutoTests" name="[111] /home/travis/build/icyphy/ptII/ptolemy/actor/lib/test/auto/Dictionary4.xml (RunModel)" time="0.02" />
  <testcase classname="ptolemy.util.test.junit.AutoTests" name="[112] /home/travis/build/icyphy/ptII/ptolemy/actor/lib/test/auto/Differential.xml (RunModel)" time="0.013" />
  <testcase classname="ptolemy.util.test.junit.AutoTests" name="[113] /home/travis/build/icyphy/ptII/ptolemy/actor/lib/test/auto/Director.xml (RunModel)" time="0.009" />
  <testcase classname="ptolemy.util.test.junit.AutoTests" name="[114] /home/travis/build/icyphy/ptII/ptolemy/actor/lib/test/auto/DiscreteClock.xml (RunModel)" time="0.007" />
  <testcase classname="ptolemy.util.test.junit.AutoTests" name="[115] /home/travis/build/icyphy/ptII/ptolemy/actor/lib/test/auto/DiscreteClock10.xml (RunModel)" time="0.011" />
  <testcase classname="ptolemy.util.test.junit.AutoTests" name="[116] /home/travis/build/icyphy/ptII/ptolemy/actor/lib/test/auto/DiscreteClock11.xml (RunModel)" time="0.011" />
  <testcase classname="ptolemy.util.test.junit.AutoTests" name="[117] /home/travis/build/icyphy/ptII/ptolemy/actor/lib/test/auto/DiscreteClock12.xml (RunModel)" time="0.013" />
  <testcase classname="ptolemy.util.test.junit.AutoTests" name="[118] /home/travis/build/icyphy/ptII/ptolemy/actor/lib/test/auto/DiscreteClock13.xml (RunModel)" time="0.015" />
  <testcase classname="ptolemy.util.test.junit.AutoTests" name="[119] /home/travis/build/icyphy/ptII/ptolemy/actor/lib/test/auto/DiscreteClock14.xml (RunModel)" time="0.012" />
  <testcase classname="ptolemy.util.test.junit.AutoTests" name="[120] /home/travis/build/icyphy/ptII/ptolemy/actor/lib/test/auto/DiscreteClock15.xml (RunModel)" time="0.016" />
  <testcase classname="ptolemy.util.test.junit.AutoTests" name="[121] /home/travis/build/icyphy/ptII/ptolemy/actor/lib/test/auto/DiscreteClock16.xml (RunModel)" time="0.041" />
  <testcase classname="ptolemy.util.test.junit.AutoTests" name="[122] /home/travis/build/icyphy/ptII/ptolemy/actor/lib/test/auto/DiscreteClock17.xml (RunModel)" time="0.04" />
  <testcase classname="ptolemy.util.test.junit.AutoTests" name="[123] /home/travis/build/icyphy/ptII/ptolemy/actor/lib/test/auto/DiscreteClock18.xml (RunModel)" time="0.039" />
  <testcase classname="ptolemy.util.test.junit.AutoTests" name="[124] /home/travis/build/icyphy/ptII/ptolemy/actor/lib/test/auto/DiscreteClock19.xml (RunModel)" time="0.045" />
  <testcase classname="ptolemy.util.test.junit.AutoTests" name="[125] /home/travis/build/icyphy/ptII/ptolemy/actor/lib/test/auto/DiscreteClock2.xml (RunModel)" time="0.009" />
  <testcase classname="ptolemy.util.test.junit.AutoTests" name="[126] /home/travis/build/icyphy/ptII/ptolemy/actor/lib/test/auto/DiscreteClock20.xml (RunModel)" time="0.015" />
  <testcase classname="ptolemy.util.test.junit.AutoTests" name="[127] /home/travis/build/icyphy/ptII/ptolemy/actor/lib/test/auto/DiscreteClock21.xml (RunModel)" time="0.016" />
  <testcase classname="ptolemy.util.test.junit.AutoTests" name="[128] /home/travis/build/icyphy/ptII/ptolemy/actor/lib/test/auto/DiscreteClock22.xml (RunModel)" time="0.01" />
  <testcase classname="ptolemy.util.test.junit.AutoTests" name="[129] /home/travis/build/icyphy/ptII/ptolemy/actor/lib/test/auto/DiscreteClock23.xml (RunModel)" time="0.018" />
  <testcase classname="ptolemy.util.test.junit.AutoTests" name="[130] /home/travis/build/icyphy/ptII/ptolemy/actor/lib/test/auto/DiscreteClock24.xml (RunModel)" time="0.012" />
  <testcase classname="ptolemy.util.test.junit.AutoTests" name="[131] /home/travis/build/icyphy/ptII/ptolemy/actor/lib/test/auto/DiscreteClock4.xml (RunModel)" time="0.016" />
  <testcase classname="ptolemy.util.test.junit.AutoTests" name="[132] /home/travis/build/icyphy/ptII/ptolemy/actor/lib/test/auto/DiscreteClock5.xml (RunModel)" time="0.009" />
  <testcase classname="ptolemy.util.test.junit.AutoTests" name="[133] /home/travis/build/icyphy/ptII/ptolemy/actor/lib/test/auto/DiscreteClock6.xml (RunModel)" time="0.01" />
  <testcase classname="ptolemy.util.test.junit.AutoTests" name="[134] /home/travis/build/icyphy/ptII/ptolemy/actor/lib/test/auto/DiscreteClock7.xml (RunModel)" time="0.009" />
  <testcase classname="ptolemy.util.test.junit.AutoTests" name="[135] /home/travis/build/icyphy/ptII/ptolemy/actor/lib/test/auto/DiscreteClock8.xml (RunModel)" time="0.02" />
  <testcase classname="ptolemy.util.test.junit.AutoTests" name="[136] /home/travis/build/icyphy/ptII/ptolemy/actor/lib/test/auto/DiscreteClock9.xml (RunModel)" time="0.013" />
  <testcase classname="ptolemy.util.test.junit.AutoTests" name="[137] /home/travis/build/icyphy/ptII/ptolemy/actor/lib/test/auto/DisplayArray.xml (RunModel)" time="0.009" />
  <testcase classname="ptolemy.util.test.junit.AutoTests" name="[138] /home/travis/build/icyphy/ptII/ptolemy/actor/lib/test/auto/Distributor.xml (RunModel)" time="0.008" />
  <testcase classname="ptolemy.util.test.junit.AutoTests" name="[139] /home/travis/build/icyphy/ptII/ptolemy/actor/lib/test/auto/Distributor2.xml (RunModel)" time="0.008" />
  <testcase classname="ptolemy.util.test.junit.AutoTests" name="[140] /home/travis/build/icyphy/ptII/ptolemy/actor/lib/test/auto/DownSample.xml (RunModel)" time="0.011" />
  <testcase classname="ptolemy.util.test.junit.AutoTests" name="[141] /home/travis/build/icyphy/ptII/ptolemy/actor/lib/test/auto/ElectronicUnitBase1.xml (RunModel)" time="0.058" />
  <testcase classname="ptolemy.util.test.junit.AutoTests" name="[142] /home/travis/build/icyphy/ptII/ptolemy/actor/lib/test/auto/ElementsToArray.xml (RunModel)" time="0.009" />
  <testcase classname="ptolemy.util.test.junit.AutoTests" name="[143] /home/travis/build/icyphy/ptII/ptolemy/actor/lib/test/auto/Equals.xml (RunModel)" time="0.014" />
  <testcase classname="ptolemy.util.test.junit.AutoTests" name="[144] /home/travis/build/icyphy/ptII/ptolemy/actor/lib/test/auto/Exec.xml (RunModel)" time="0.026" />
  <testcase classname="ptolemy.util.test.junit.AutoTests" name="[145] /home/travis/build/icyphy/ptII/ptolemy/actor/lib/test/auto/ExecEnvironment.xml (RunModel)" time="0.042" />
  <testcase classname="ptolemy.util.test.junit.AutoTests" name="[146] /home/travis/build/icyphy/ptII/ptolemy/actor/lib/test/auto/ExecNonZeroReturnOutput.xml (RunModel)" time="0.164" />
  <testcase classname="ptolemy.util.test.junit.AutoTests" name="[147] /home/travis/build/icyphy/ptII/ptolemy/actor/lib/test/auto/ExecRunDemos.xml (RunModel)" time="10.283" />
  <testcase classname="ptolemy.util.test.junit.AutoTests" name="[148] /home/travis/build/icyphy/ptII/ptolemy/actor/lib/test/auto/ExecStop.xml (RunModel)" time="5.037" />
  <testcase classname="ptolemy.util.test.junit.AutoTests" name="[149] /home/travis/build/icyphy/ptII/ptolemy/actor/lib/test/auto/ExecutionTimeSDF.xml (RunModel)" time="6.04" />
  <testcase classname="ptolemy.util.test.junit.AutoTests" name="[150] /home/travis/build/icyphy/ptII/ptolemy/actor/lib/test/auto/Expression1.xml (RunModel)" time="0.01" />
  <testcase classname="ptolemy.util.test.junit.AutoTests" name="[151] /home/travis/build/icyphy/ptII/ptolemy/actor/lib/test/auto/Expression10.xml (RunModel)" time="0.023" />
  <testcase classname="ptolemy.util.test.junit.AutoTests" name="[152] /home/travis/build/icyphy/ptII/ptolemy/actor/lib/test/auto/Expression11.xml (RunModel)" time="0.015" />
  <testcase classname="ptolemy.util.test.junit.AutoTests" name="[153] /home/travis/build/icyphy/ptII/ptolemy/actor/lib/test/auto/Expression12.xml (RunModel)" time="0.014" />
  <testcase classname="ptolemy.util.test.junit.AutoTests" name="[154] /home/travis/build/icyphy/ptII/ptolemy/actor/lib/test/auto/Expression13.xml (RunModel)" time="0.011" />
  <testcase classname="ptolemy.util.test.junit.AutoTests" name="[155] /home/travis/build/icyphy/ptII/ptolemy/actor/lib/test/auto/Expression14.xml (RunModel)" time="0.016" />
  <testcase classname="ptolemy.util.test.junit.AutoTests" name="[156] /home/travis/build/icyphy/ptII/ptolemy/actor/lib/test/auto/Expression15.xml (RunModel)" time="0.006" />
  <testcase classname="ptolemy.util.test.junit.AutoTests" name="[157] /home/travis/build/icyphy/ptII/ptolemy/actor/lib/test/auto/Expression16.xml (RunModel)" time="0.011" />
  <testcase classname="ptolemy.util.test.junit.AutoTests" name="[158] /home/travis/build/icyphy/ptII/ptolemy/actor/lib/test/auto/Expression17.xml (RunModel)" time="0.01" />
  <testcase classname="ptolemy.util.test.junit.AutoTests" name="[159] /home/travis/build/icyphy/ptII/ptolemy/actor/lib/test/auto/Expression18.xml (RunModel)" time="0.016" />
  <testcase classname="ptolemy.util.test.junit.AutoTests" name="[160] /home/travis/build/icyphy/ptII/ptolemy/actor/lib/test/auto/Expression2.xml (RunModel)" time="0.012" />
  <testcase classname="ptolemy.util.test.junit.AutoTests" name="[161] /home/travis/build/icyphy/ptII/ptolemy/actor/lib/test/auto/Expression3.xml (RunModel)" time="0.014" />
  <testcase classname="ptolemy.util.test.junit.AutoTests" name="[162] /home/travis/build/icyphy/ptII/ptolemy/actor/lib/test/auto/Expression4.xml (RunModel)" time="0.015" />
  <testcase classname="ptolemy.util.test.junit.AutoTests" name="[163] /home/travis/build/icyphy/ptII/ptolemy/actor/lib/test/auto/Expression5.xml (RunModel)" time="0.011" />
  <testcase classname="ptolemy.util.test.junit.AutoTests" name="[164] /home/travis/build/icyphy/ptII/ptolemy/actor/lib/test/auto/Expression6.xml (RunModel)" time="0.008" />
  <testcase classname="ptolemy.util.test.junit.AutoTests" name="[165] /home/travis/build/icyphy/ptII/ptolemy/actor/lib/test/auto/Expression7.xml (RunModel)" time="0.01" />
  <testcase classname="ptolemy.util.test.junit.AutoTests" name="[166] /home/travis/build/icyphy/ptII/ptolemy/actor/lib/test/auto/Expression8.xml (RunModel)" time="0.013" />
  <testcase classname="ptolemy.util.test.junit.AutoTests" name="[167] /home/travis/build/icyphy/ptII/ptolemy/actor/lib/test/auto/Expression9.xml (RunModel)" time="0.008" />
  <testcase classname="ptolemy.util.test.junit.AutoTests" name="[168] /home/travis/build/icyphy/ptII/ptolemy/actor/lib/test/auto/ExpressionConcatenateArrayType.xml (RunModel)" time="0.026" />
  <testcase classname="ptolemy.util.test.junit.AutoTests" name="[169] /home/travis/build/icyphy/ptII/ptolemy/actor/lib/test/auto/ExpressionConcatenateArrayType2.xml (RunModel)" time="0.017" />
  <testcase classname="ptolemy.util.test.junit.AutoTests" name="[170] /home/travis/build/icyphy/ptII/ptolemy/actor/lib/test/auto/ExpressionFix.xml (RunModel)" time="0.044" />
  <testcase classname="ptolemy.util.test.junit.AutoTests" name="[171] /home/travis/build/icyphy/ptII/ptolemy/actor/lib/test/auto/ExpressionFix2.xml (RunModel)" time="0.014" />
  <testcase classname="ptolemy.util.test.junit.AutoTests" name="[172] /home/travis/build/icyphy/ptII/ptolemy/actor/lib/test/auto/ExpressionFix3.xml (RunModel)" time="0.013" />
  <testcase classname="ptolemy.util.test.junit.AutoTests" name="[173] /home/travis/build/icyphy/ptII/ptolemy/actor/lib/test/auto/FileWriter1.xml (RunModel)" time="0.009" />
  <testcase classname="ptolemy.util.test.junit.AutoTests" name="[174] /home/travis/build/icyphy/ptII/ptolemy/actor/lib/test/auto/FileWriter2.xml (RunModel)" time="0.012" />
  <testcase classname="ptolemy.util.test.junit.AutoTests" name="[175] /home/travis/build/icyphy/ptII/ptolemy/actor/lib/test/auto/FileWriter3.xml (RunModel)" time="0.011" />
  <testcase classname="ptolemy.util.test.junit.AutoTests" name="[176] /home/travis/build/icyphy/ptII/ptolemy/actor/lib/test/auto/Gaussian.xml (RunModel)" time="0.01" />
  <testcase classname="ptolemy.util.test.junit.AutoTests" name="[177] /home/travis/build/icyphy/ptII/ptolemy/actor/lib/test/auto/Gaussian1.xml (RunModel)" time="0.012" />
  <testcase classname="ptolemy.util.test.junit.AutoTests" name="[178] /home/travis/build/icyphy/ptII/ptolemy/actor/lib/test/auto/Gaussian2.xml (RunModel)" time="0.02" />
  <testcase classname="ptolemy.util.test.junit.AutoTests" name="[179] /home/travis/build/icyphy/ptII/ptolemy/actor/lib/test/auto/GradientAdaptiveLattice.xml (RunModel)" time="0.015" />
  <testcase classname="ptolemy.util.test.junit.AutoTests" name="[180] /home/travis/build/icyphy/ptII/ptolemy/actor/lib/test/auto/IIR.xml (RunModel)" time="0.009" />
  <testcase classname="ptolemy.util.test.junit.AutoTests" name="[181] /home/travis/build/icyphy/ptII/ptolemy/actor/lib/test/auto/InputOutputTransparentPorts.xml (RunModel)" time="0.015" />
  <testcase classname="ptolemy.util.test.junit.AutoTests" name="[182] /home/travis/build/icyphy/ptII/ptolemy/actor/lib/test/auto/Interpolator.xml (RunModel)" time="0.011" />
  <testcase classname="ptolemy.util.test.junit.AutoTests" name="[183] /home/travis/build/icyphy/ptII/ptolemy/actor/lib/test/auto/InterpolatorFiringLimitDE.xml (RunModel)" time="0.032" />
  <testcase classname="ptolemy.util.test.junit.AutoTests" name="[184] /home/travis/build/icyphy/ptII/ptolemy/actor/lib/test/auto/Lattice.xml (RunModel)" time="0.008" />
  <testcase classname="ptolemy.util.test.junit.AutoTests" name="[185] /home/travis/build/icyphy/ptII/ptolemy/actor/lib/test/auto/LazyAOCTestLazy.xml (RunModel)" time="0.028" />
  <testcase classname="ptolemy.util.test.junit.AutoTests" name="[186] /home/travis/build/icyphy/ptII/ptolemy/actor/lib/test/auto/LazyAOCTestNonLazy.xml (RunModel)" time="0.049" />
  <testcase classname="ptolemy.util.test.junit.AutoTests" name="[187] /home/travis/build/icyphy/ptII/ptolemy/actor/lib/test/auto/LazyInnerClass.xml (RunModel)" time="0.039" />
  <testcase classname="ptolemy.util.test.junit.AutoTests" name="[188] /home/travis/build/icyphy/ptII/ptolemy/actor/lib/test/auto/LazyPubSub.xml (RunModel)" time="0.06" />
  <testcase classname="ptolemy.util.test.junit.AutoTests" name="[189] /home/travis/build/icyphy/ptII/ptolemy/actor/lib/test/auto/LazyPubSub2.xml (RunModel)" time="0.049" />
  <testcase classname="ptolemy.util.test.junit.AutoTests" name="[190] /home/travis/build/icyphy/ptII/ptolemy/actor/lib/test/auto/LazyPubSub3.xml (RunModel)" time="0.021" />
  <testcase classname="ptolemy.util.test.junit.AutoTests" name="[191] /home/travis/build/icyphy/ptII/ptolemy/actor/lib/test/auto/LazySubClassModel.xml (RunModel)" time="0.025" />
  <testcase classname="ptolemy.util.test.junit.AutoTests" name="[192] /home/travis/build/icyphy/ptII/ptolemy/actor/lib/test/auto/LevelCrossTest1.xml (RunModel)" time="0.009" />
  <testcase classname="ptolemy.util.test.junit.AutoTests" name="[193] /home/travis/build/icyphy/ptII/ptolemy/actor/lib/test/auto/LevelCrossTest10.xml (RunModel)" time="0.012" />
  <testcase classname="ptolemy.util.test.junit.AutoTests" name="[194] /home/travis/build/icyphy/ptII/ptolemy/actor/lib/test/auto/LevelCrossTest11.xml (RunModel)" time="0.01" />
  <testcase classname="ptolemy.util.test.junit.AutoTests" name="[195] /home/travis/build/icyphy/ptII/ptolemy/actor/lib/test/auto/LevelCrossTest12.xml (RunModel)" time="0.015" />
  <testcase classname="ptolemy.util.test.junit.AutoTests" name="[196] /home/travis/build/icyphy/ptII/ptolemy/actor/lib/test/auto/LevelCrossTest13.xml (RunModel)" time="0.013" />
  <testcase classname="ptolemy.util.test.junit.AutoTests" name="[197] /home/travis/build/icyphy/ptII/ptolemy/actor/lib/test/auto/LevelCrossTest2.xml (RunModel)" time="0.009" />
  <testcase classname="ptolemy.util.test.junit.AutoTests" name="[198] /home/travis/build/icyphy/ptII/ptolemy/actor/lib/test/auto/LevelCrossTest3.xml (RunModel)" time="0.013" />
  <testcase classname="ptolemy.util.test.junit.AutoTests" name="[199] /home/travis/build/icyphy/ptII/ptolemy/actor/lib/test/auto/LevelCrossTest4.xml (RunModel)" time="0.01" />
  <testcase classname="ptolemy.util.test.junit.AutoTests" name="[200] /home/travis/build/icyphy/ptII/ptolemy/actor/lib/test/auto/LevelCrossTest5.xml (RunModel)" time="0.011" />
  <testcase classname="ptolemy.util.test.junit.AutoTests" name="[201] /home/travis/build/icyphy/ptII/ptolemy/actor/lib/test/auto/LevelCrossTest6.xml (RunModel)" time="0.018" />
  <testcase classname="ptolemy.util.test.junit.AutoTests" name="[202] /home/travis/build/icyphy/ptII/ptolemy/actor/lib/test/auto/LevelCrossTest7.xml (RunModel)" time="0.017" />
  <testcase classname="ptolemy.util.test.junit.AutoTests" name="[203] /home/travis/build/icyphy/ptII/ptolemy/actor/lib/test/auto/LevelCrossTest8.xml (RunModel)" time="0.011" />
  <testcase classname="ptolemy.util.test.junit.AutoTests" name="[204] /home/travis/build/icyphy/ptII/ptolemy/actor/lib/test/auto/LevelCrossTest9.xml (RunModel)" time="0.012" />
  <testcase classname="ptolemy.util.test.junit.AutoTests" name="[205] /home/travis/build/icyphy/ptII/ptolemy/actor/lib/test/auto/LevinsonDurbin.xml (RunModel)" time="0.008" />
  <testcase classname="ptolemy.util.test.junit.AutoTests" name="[206] /home/travis/build/icyphy/ptII/ptolemy/actor/lib/test/auto/LevinsonDurbin2.xml (RunModel)" time="0.009" />
  <testcase classname="ptolemy.util.test.junit.AutoTests" name="[207] /home/travis/build/icyphy/ptII/ptolemy/actor/lib/test/auto/LevinsonDurbin3.xml (RunModel)" time="0.008" />
  <testcase classname="ptolemy.util.test.junit.AutoTests" name="[208] /home/travis/build/icyphy/ptII/ptolemy/actor/lib/test/auto/Limiter.xml (RunModel)" time="0.044" />
  <testcase classname="ptolemy.util.test.junit.AutoTests" name="[209] /home/travis/build/icyphy/ptII/ptolemy/actor/lib/test/auto/LinearDifferenceEquationSystem.xml (RunModel)" time="0.021" />
  <testcase classname="ptolemy.util.test.junit.AutoTests" name="[210] /home/travis/build/icyphy/ptII/ptolemy/actor/lib/test/auto/LookupTable.xml (RunModel)" time="0.01" />
  <testcase classname="ptolemy.util.test.junit.AutoTests" name="[211] /home/travis/build/icyphy/ptII/ptolemy/actor/lib/test/auto/MathFunction.xml (RunModel)" time="0.016" />
  <testcase classname="ptolemy.util.test.junit.AutoTests" name="[212] /home/travis/build/icyphy/ptII/ptolemy/actor/lib/test/auto/MathFunction2.xml (RunModel)" time="0.012" />
  <testcase classname="ptolemy.util.test.junit.AutoTests" name="[213] /home/travis/build/icyphy/ptII/ptolemy/actor/lib/test/auto/MathFunction3.xml (RunModel)" time="0.027" />
  <testcase classname="ptolemy.util.test.junit.AutoTests" name="[214] /home/travis/build/icyphy/ptII/ptolemy/actor/lib/test/auto/MatrixCropBoolean.xml (RunModel)" time="0.015" />
  <testcase classname="ptolemy.util.test.junit.AutoTests" name="[215] /home/travis/build/icyphy/ptII/ptolemy/actor/lib/test/auto/MatrixCropComplex.xml (RunModel)" time="0.011" />
  <testcase classname="ptolemy.util.test.junit.AutoTests" name="[216] /home/travis/build/icyphy/ptII/ptolemy/actor/lib/test/auto/MatrixCropDouble.xml (RunModel)" time="0.01" />
  <testcase classname="ptolemy.util.test.junit.AutoTests" name="[217] /home/travis/build/icyphy/ptII/ptolemy/actor/lib/test/auto/MatrixCropFix.xml (RunModel)" time="0.011" />
  <testcase classname="ptolemy.util.test.junit.AutoTests" name="[218] /home/travis/build/icyphy/ptII/ptolemy/actor/lib/test/auto/MatrixCropInt.xml (RunModel)" time="0.009" />
  <testcase classname="ptolemy.util.test.junit.AutoTests" name="[219] /home/travis/build/icyphy/ptII/ptolemy/actor/lib/test/auto/MatrixCropLong.xml (RunModel)" time="0.008" />
  <testcase classname="ptolemy.util.test.junit.AutoTests" name="[220] /home/travis/build/icyphy/ptII/ptolemy/actor/lib/test/auto/MatrixToArray.xml (RunModel)" time="0.057" />
  <testcase classname="ptolemy.util.test.junit.AutoTests" name="[221] /home/travis/build/icyphy/ptII/ptolemy/actor/lib/test/auto/MaxIndex.xml (RunModel)" time="0.017" />
  <testcase classname="ptolemy.util.test.junit.AutoTests" name="[222] /home/travis/build/icyphy/ptII/ptolemy/actor/lib/test/auto/Maximum.xml (RunModel)" time="0.012" />
  <testcase classname="ptolemy.util.test.junit.AutoTests" name="[223] /home/travis/build/icyphy/ptII/ptolemy/actor/lib/test/auto/MaximumComplex.xml (RunModel)" time="0.013" />
  <testcase classname="ptolemy.util.test.junit.AutoTests" name="[224] /home/travis/build/icyphy/ptII/ptolemy/actor/lib/test/auto/MethodCallTest.xml (RunModel)" time="0.021" />
  <testcase classname="ptolemy.util.test.junit.AutoTests" name="[225] /home/travis/build/icyphy/ptII/ptolemy/actor/lib/test/auto/Minimum.xml (RunModel)" time="0.013" />
  <testcase classname="ptolemy.util.test.junit.AutoTests" name="[226] /home/travis/build/icyphy/ptII/ptolemy/actor/lib/test/auto/MinimumComplex.xml (RunModel)" time="0.023" />
  <testcase classname="ptolemy.util.test.junit.AutoTests" name="[227] /home/travis/build/icyphy/ptII/ptolemy/actor/lib/test/auto/MinimumMultiports.xml (RunModel)" time="0.014" />
  <testcase classname="ptolemy.util.test.junit.AutoTests" name="[228] /home/travis/build/icyphy/ptII/ptolemy/actor/lib/test/auto/ModifyDate.xml (RunModel)" time="0.042" />
  <testcase classname="ptolemy.util.test.junit.AutoTests" name="[229] /home/travis/build/icyphy/ptII/ptolemy/actor/lib/test/auto/ModifyDate2.xml (RunModel)" time="0.026" />
  <testcase classname="ptolemy.util.test.junit.AutoTests" name="[230] /home/travis/build/icyphy/ptII/ptolemy/actor/lib/test/auto/MovingAverage.xml (RunModel)" time="0.011" />
  <testcase classname="ptolemy.util.test.junit.AutoTests" name="[231] /home/travis/build/icyphy/ptII/ptolemy/actor/lib/test/auto/MovingMaximum.xml (RunModel)" time="0.009" />
  <testcase classname="ptolemy.util.test.junit.AutoTests" name="[232] /home/travis/build/icyphy/ptII/ptolemy/actor/lib/test/auto/MultipleLinksToSameRelation.xml (RunModel)" time="0.006" />
  <testcase classname="ptolemy.util.test.junit.AutoTests" name="[233] /home/travis/build/icyphy/ptII/ptolemy/actor/lib/test/auto/MultipleLinksToSameRelationDE.xml (RunModel)" time="0.013" />
  <testcase classname="ptolemy.util.test.junit.AutoTests" name="[234] /home/travis/build/icyphy/ptII/ptolemy/actor/lib/test/auto/Multiplexor.xml (RunModel)" time="0.011" />
  <testcase classname="ptolemy.util.test.junit.AutoTests" name="[235] /home/travis/build/icyphy/ptII/ptolemy/actor/lib/test/auto/Multiplexor1.xml (RunModel)" time="0.01" />
  <testcase classname="ptolemy.util.test.junit.AutoTests" name="[236] /home/travis/build/icyphy/ptII/ptolemy/actor/lib/test/auto/Multiplexor2.xml (RunModel)" time="0.011" />
  <testcase classname="ptolemy.util.test.junit.AutoTests" name="[237] /home/travis/build/icyphy/ptII/ptolemy/actor/lib/test/auto/Multiplexor3.xml (RunModel)" time="0.008" />
  <testcase classname="ptolemy.util.test.junit.AutoTests" name="[238] /home/travis/build/icyphy/ptII/ptolemy/actor/lib/test/auto/MultiplexorDE.xml (RunModel)" time="0.015" />
  <testcase classname="ptolemy.util.test.junit.AutoTests" name="[239] /home/travis/build/icyphy/ptII/ptolemy/actor/lib/test/auto/MultiportBroadcastTest.xml (RunModel)" time="0.078" />
  <testcase classname="ptolemy.util.test.junit.AutoTests" name="[240] /home/travis/build/icyphy/ptII/ptolemy/actor/lib/test/auto/MultiportOutHangDuringGetWidth.xml (RunModel)" time="0.028" />
  <testcase classname="ptolemy.util.test.junit.AutoTests" name="[241] /home/travis/build/icyphy/ptII/ptolemy/actor/lib/test/auto/NilToken.xml (RunModel)" time="0.009" />
  <testcase classname="ptolemy.util.test.junit.AutoTests" name="[242] /home/travis/build/icyphy/ptII/ptolemy/actor/lib/test/auto/NilTokenNonStrictTest.xml (RunModel)" time="0.008" />
  <testcase classname="ptolemy.util.test.junit.AutoTests" name="[243] /home/travis/build/icyphy/ptII/ptolemy/actor/lib/test/auto/NilTokenRecord.xml (RunModel)" time="0.018" />
  <testcase classname="ptolemy.util.test.junit.AutoTests" name="[244] /home/travis/build/icyphy/ptII/ptolemy/actor/lib/test/auto/NilTokenTypeTest.xml (RunModel)" time="0.027" />
  <testcase classname="ptolemy.util.test.junit.AutoTests" name="[245] /home/travis/build/icyphy/ptII/ptolemy/actor/lib/test/auto/ObjectToken1.xml (RunModel)" time="0.007" />
  <testcase classname="ptolemy.util.test.junit.AutoTests" name="[246] /home/travis/build/icyphy/ptII/ptolemy/actor/lib/test/auto/OrderedMerge.xml (RunModel)" time="0.015" />
  <testcase classname="ptolemy.util.test.junit.AutoTests" name="[247] /home/travis/build/icyphy/ptII/ptolemy/actor/lib/test/auto/OrderedRecordDisassembler.xml (RunModel)" time="0.016" />
  <testcase classname="ptolemy.util.test.junit.AutoTests" name="[248] /home/travis/build/icyphy/ptII/ptolemy/actor/lib/test/auto/OrderedRecordDisassembler2.xml (RunModel)" time="0.02" />
  <testcase classname="ptolemy.util.test.junit.AutoTests" name="[249] /home/travis/build/icyphy/ptII/ptolemy/actor/lib/test/auto/OrderedRecordUpdater.xml (RunModel)" time="0.01" />
  <testcase classname="ptolemy.util.test.junit.AutoTests" name="[250] /home/travis/build/icyphy/ptII/ptolemy/actor/lib/test/auto/OrderedRecordUpdater2.xml (RunModel)" time="0.015" />
  <testcase classname="ptolemy.util.test.junit.AutoTests" name="[251] /home/travis/build/icyphy/ptII/ptolemy/actor/lib/test/auto/PhaseUnwrap.xml (RunModel)" time="0.012" />
  <testcase classname="ptolemy.util.test.junit.AutoTests" name="[252] /home/travis/build/icyphy/ptII/ptolemy/actor/lib/test/auto/PoissonClock.xml (RunModel)" time="0.008" />
  <testcase classname="ptolemy.util.test.junit.AutoTests" name="[253] /home/travis/build/icyphy/ptII/ptolemy/actor/lib/test/auto/PoissonClock2.xml (RunModel)" time="0.008" />
  <testcase classname="ptolemy.util.test.junit.AutoTests" name="[254] /home/travis/build/icyphy/ptII/ptolemy/actor/lib/test/auto/PoissonClock3.xml (RunModel)" time="0.022" />
  <testcase classname="ptolemy.util.test.junit.AutoTests" name="[255] /home/travis/build/icyphy/ptII/ptolemy/actor/lib/test/auto/PubSubWithInitialTokens.xml (RunModel)" time="0.014" />
  <testcase classname="ptolemy.util.test.junit.AutoTests" name="[256] /home/travis/build/icyphy/ptII/ptolemy/actor/lib/test/auto/PubSubWithInitialTokens2.xml (RunModel)" time="0.011" />
  <testcase classname="ptolemy.util.test.junit.AutoTests" name="[257] /home/travis/build/icyphy/ptII/ptolemy/actor/lib/test/auto/PublisherClassNoParameter.xml (RunModel)" time="0.02" />
  <testcase classname="ptolemy.util.test.junit.AutoTests" name="[258] /home/travis/build/icyphy/ptII/ptolemy/actor/lib/test/auto/PublisherClassParameter.xml (RunModel)" time="0.018" />
  <testcase classname="ptolemy.util.test.junit.AutoTests" name="[259] /home/travis/build/icyphy/ptII/ptolemy/actor/lib/test/auto/PublisherNonStrictTest.xml (RunModel)" time="0.013" />
  <testcase classname="ptolemy.util.test.junit.AutoTests" name="[260] /home/travis/build/icyphy/ptII/ptolemy/actor/lib/test/auto/PublisherPort1.xml (RunModel)" time="0.017" />
  <testcase classname="ptolemy.util.test.junit.AutoTests" name="[261] /home/travis/build/icyphy/ptII/ptolemy/actor/lib/test/auto/PublisherPort2.xml (RunModel)" time="0.011" />
  <testcase classname="ptolemy.util.test.junit.AutoTests" name="[262] /home/travis/build/icyphy/ptII/ptolemy/actor/lib/test/auto/PublisherPort3.xml (RunModel)" time="0.011" />
  <testcase classname="ptolemy.util.test.junit.AutoTests" name="[263] /home/travis/build/icyphy/ptII/ptolemy/actor/lib/test/auto/PublisherPort4.xml (RunModel)" time="0.012" />
  <testcase classname="ptolemy.util.test.junit.AutoTests" name="[264] /home/travis/build/icyphy/ptII/ptolemy/actor/lib/test/auto/PublisherPort5.xml (RunModel)" time="0.013" />
  <testcase classname="ptolemy.util.test.junit.AutoTests" name="[265] /home/travis/build/icyphy/ptII/ptolemy/actor/lib/test/auto/PublisherPort5LookAlike.xml (RunModel)" time="0.018" />
  <testcase classname="ptolemy.util.test.junit.AutoTests" name="[266] /home/travis/build/icyphy/ptII/ptolemy/actor/lib/test/auto/PublisherPort6.xml (RunModel)" time="0.015" />
  <testcase classname="ptolemy.util.test.junit.AutoTests" name="[267] /home/travis/build/icyphy/ptII/ptolemy/actor/lib/test/auto/PublisherPort7.xml (RunModel)" time="0.015" />
  <testcase classname="ptolemy.util.test.junit.AutoTests" name="[268] /home/travis/build/icyphy/ptII/ptolemy/actor/lib/test/auto/PublisherPort8.xml (RunModel)" time="0.024" />
  <testcase classname="ptolemy.util.test.junit.AutoTests" name="[269] /home/travis/build/icyphy/ptII/ptolemy/actor/lib/test/auto/PublisherPortSubscriberChannelVariablesAOC2.xml (RunModel)" time="0.032" />
  <testcase classname="ptolemy.util.test.junit.AutoTests" name="[270] /home/travis/build/icyphy/ptII/ptolemy/actor/lib/test/auto/PublisherPortSubscriberOpaqueWidthInference.xml (RunModel)" time="0.013" />
  <testcase classname="ptolemy.util.test.junit.AutoTests" name="[271] /home/travis/build/icyphy/ptII/ptolemy/actor/lib/test/auto/PublisherPortSubscriberPortAdjacent.xml (RunModel)" time="0.015" />
  <testcase classname="ptolemy.util.test.junit.AutoTests" name="[272] /home/travis/build/icyphy/ptII/ptolemy/actor/lib/test/auto/PublisherPortSubscriberPortExpression.xml (RunModel)" time="0.018" />
  <testcase classname="ptolemy.util.test.junit.AutoTests" name="[273] /home/travis/build/icyphy/ptII/ptolemy/actor/lib/test/auto/PublisherPortSubscriberPortOpaqueD3Reverse.xml (RunModel)" time="0.033" />
  <testcase classname="ptolemy.util.test.junit.AutoTests" name="[274] /home/travis/build/icyphy/ptII/ptolemy/actor/lib/test/auto/PublisherPortSubscriberPortOpaqueWidthInference.xml (RunModel)" time="0.013" />
  <testcase classname="ptolemy.util.test.junit.AutoTests" name="[275] /home/travis/build/icyphy/ptII/ptolemy/actor/lib/test/auto/PublisherPortToplevelSubscriberPortAOC.xml (RunModel)" time="0.009" />
  <testcase classname="ptolemy.util.test.junit.AutoTests" name="[276] /home/travis/build/icyphy/ptII/ptolemy/actor/lib/test/auto/PublisherSubscriber.xml (RunModel)" time="0.012" />
  <testcase classname="ptolemy.util.test.junit.AutoTests" name="[277] /home/travis/build/icyphy/ptII/ptolemy/actor/lib/test/auto/PublisherSubscriber10.xml (RunModel)" time="0.017" />
  <testcase classname="ptolemy.util.test.junit.AutoTests" name="[278] /home/travis/build/icyphy/ptII/ptolemy/actor/lib/test/auto/PublisherSubscriber10InitialOutputs.xml (RunModel)" time="0.03" />
  <testcase classname="ptolemy.util.test.junit.AutoTests" name="[279] /home/travis/build/icyphy/ptII/ptolemy/actor/lib/test/auto/PublisherSubscriber11.xml (RunModel)" time="0.018" />
  <testcase classname="ptolemy.util.test.junit.AutoTests" name="[280] /home/travis/build/icyphy/ptII/ptolemy/actor/lib/test/auto/PublisherSubscriber12.xml (RunModel)" time="0.014" />
  <testcase classname="ptolemy.util.test.junit.AutoTests" name="[281] /home/travis/build/icyphy/ptII/ptolemy/actor/lib/test/auto/PublisherSubscriber13.xml (RunModel)" time="0.009" />
  <testcase classname="ptolemy.util.test.junit.AutoTests" name="[282] /home/travis/build/icyphy/ptII/ptolemy/actor/lib/test/auto/PublisherSubscriber14.xml (RunModel)" time="0.03" />
  <testcase classname="ptolemy.util.test.junit.AutoTests" name="[283] /home/travis/build/icyphy/ptII/ptolemy/actor/lib/test/auto/PublisherSubscriber2.xml (RunModel)" time="0.015" />
  <testcase classname="ptolemy.util.test.junit.AutoTests" name="[284] /home/travis/build/icyphy/ptII/ptolemy/actor/lib/test/auto/PublisherSubscriber3.xml (RunModel)" time="0.01" />
  <testcase classname="ptolemy.util.test.junit.AutoTests" name="[285] /home/travis/build/icyphy/ptII/ptolemy/actor/lib/test/auto/PublisherSubscriber4.xml (RunModel)" time="0.009" />
  <testcase classname="ptolemy.util.test.junit.AutoTests" name="[286] /home/travis/build/icyphy/ptII/ptolemy/actor/lib/test/auto/PublisherSubscriber5.xml (RunModel)" time="0.011" />
  <testcase classname="ptolemy.util.test.junit.AutoTests" name="[287] /home/travis/build/icyphy/ptII/ptolemy/actor/lib/test/auto/PublisherSubscriber6.xml (RunModel)" time="0.014" />
  <testcase classname="ptolemy.util.test.junit.AutoTests" name="[288] /home/travis/build/icyphy/ptII/ptolemy/actor/lib/test/auto/PublisherSubscriber7.xml (RunModel)" time="0.016" />
  <testcase classname="ptolemy.util.test.junit.AutoTests" name="[289] /home/travis/build/icyphy/ptII/ptolemy/actor/lib/test/auto/PublisherSubscriber8.xml (RunModel)" time="0.032" />
  <testcase classname="ptolemy.util.test.junit.AutoTests" name="[290] /home/travis/build/icyphy/ptII/ptolemy/actor/lib/test/auto/PublisherSubscriber9.xml (RunModel)" time="0.016" />
  <testcase classname="ptolemy.util.test.junit.AutoTests" name="[291] /home/travis/build/icyphy/ptII/ptolemy/actor/lib/test/auto/PublisherSubscriberAdjacent.xml (RunModel)" time="0.015" />
  <testcase classname="ptolemy.util.test.junit.AutoTests" name="[292] /home/travis/build/icyphy/ptII/ptolemy/actor/lib/test/auto/PublisherSubscriberChannelVariablesAOC2.xml (RunModel)" time="0.025" />
  <testcase classname="ptolemy.util.test.junit.AutoTests" name="[293] /home/travis/build/icyphy/ptII/ptolemy/actor/lib/test/auto/PublisherSubscriberD3.xml (RunModel)" time="0.011" />
  <testcase classname="ptolemy.util.test.junit.AutoTests" name="[294] /home/travis/build/icyphy/ptII/ptolemy/actor/lib/test/auto/PublisherSubscriberD3Reverse.xml (RunModel)" time="0.009" />
  <testcase classname="ptolemy.util.test.junit.AutoTests" name="[295] /home/travis/build/icyphy/ptII/ptolemy/actor/lib/test/auto/PublisherSubscriberExpression.xml (RunModel)" time="0.016" />
  <testcase classname="ptolemy.util.test.junit.AutoTests" name="[296] /home/travis/build/icyphy/ptII/ptolemy/actor/lib/test/auto/PublisherSubscriberOpaque.xml (RunModel)" time="0.013" />
  <testcase classname="ptolemy.util.test.junit.AutoTests" name="[297] /home/travis/build/icyphy/ptII/ptolemy/actor/lib/test/auto/PublisherSubscriberOpaqueD3.xml (RunModel)" time="0.023" />
  <testcase classname="ptolemy.util.test.junit.AutoTests" name="[298] /home/travis/build/icyphy/ptII/ptolemy/actor/lib/test/auto/PublisherSubscriberOpaqueD3Reverse.xml (RunModel)" time="0.019" />
  <testcase classname="ptolemy.util.test.junit.AutoTests" name="[299] /home/travis/build/icyphy/ptII/ptolemy/actor/lib/test/auto/PublisherSubscriberOpaqueWidthInference.xml (RunModel)" time="0.016" />
  <testcase classname="ptolemy.util.test.junit.AutoTests" name="[300] /home/travis/build/icyphy/ptII/ptolemy/actor/lib/test/auto/PublisherTestSubscriber.xml (RunModel)" time="0.014" />
  <testcase classname="ptolemy.util.test.junit.AutoTests" name="[301] /home/travis/build/icyphy/ptII/ptolemy/actor/lib/test/auto/PublisherToplevelSubscriberPortAOC.xml (RunModel)" time="0.011" />
  <testcase classname="ptolemy.util.test.junit.AutoTests" name="[302] /home/travis/build/icyphy/ptII/ptolemy/actor/lib/test/auto/PulseFiringLimitDE.xml (RunModel)" time="0.014" />
  <testcase classname="ptolemy.util.test.junit.AutoTests" name="[303] /home/travis/build/icyphy/ptII/ptolemy/actor/lib/test/auto/Ramp1.xml (RunModel)" time="0.009" />
  <testcase classname="ptolemy.util.test.junit.AutoTests" name="[304] /home/travis/build/icyphy/ptII/ptolemy/actor/lib/test/auto/RampFiringLimitDE.xml (RunModel)" time="0.01" />
  <testcase classname="ptolemy.util.test.junit.AutoTests" name="[305] /home/travis/build/icyphy/ptII/ptolemy/actor/lib/test/auto/RampFiringLimitSDF.xml (RunModel)" time="0.008" />
  <testcase classname="ptolemy.util.test.junit.AutoTests" name="[306] /home/travis/build/icyphy/ptII/ptolemy/actor/lib/test/auto/RandomInteger.xml (RunModel)" time="0.007" />
  <testcase classname="ptolemy.util.test.junit.AutoTests" name="[307] /home/travis/build/icyphy/ptII/ptolemy/actor/lib/test/auto/ReadFile1.xml (RunModel)" time="0.007" />
  <testcase classname="ptolemy.util.test.junit.AutoTests" name="[308] /home/travis/build/icyphy/ptII/ptolemy/actor/lib/test/auto/ReadFile2.xml (RunModel)" time="0.01" />
  <testcase classname="ptolemy.util.test.junit.AutoTests" name="[309] /home/travis/build/icyphy/ptII/ptolemy/actor/lib/test/auto/Reader.xml (RunModel)" time="0.01" />
  <testcase classname="ptolemy.util.test.junit.AutoTests" name="[310] /home/travis/build/icyphy/ptII/ptolemy/actor/lib/test/auto/RecordAssemblerDisplayNameTest.xml (RunModel)" time="3.415" />
  <testcase classname="ptolemy.util.test.junit.AutoTests" name="[311] /home/travis/build/icyphy/ptII/ptolemy/actor/lib/test/auto/RecordAssemblerTypeError.xml (RunModel)" time="0.045" />
  <testcase classname="ptolemy.util.test.junit.AutoTests" name="[312] /home/travis/build/icyphy/ptII/ptolemy/actor/lib/test/auto/RecordDisassember.xml (RunModel)" time="0.01" />
  <testcase classname="ptolemy.util.test.junit.AutoTests" name="[313] /home/travis/build/icyphy/ptII/ptolemy/actor/lib/test/auto/RecordDisassemberDisplayNameTest.xml (RunModel)" time="0.021" />
  <testcase classname="ptolemy.util.test.junit.AutoTests" name="[314] /home/travis/build/icyphy/ptII/ptolemy/actor/lib/test/auto/RecordDisassembler.xml (RunModel)" time="0.009" />
  <testcase classname="ptolemy.util.test.junit.AutoTests" name="[315] /home/travis/build/icyphy/ptII/ptolemy/actor/lib/test/auto/RecordDisassembler2.xml (RunModel)" time="0.01" />
  <testcase classname="ptolemy.util.test.junit.AutoTests" name="[316] /home/travis/build/icyphy/ptII/ptolemy/actor/lib/test/auto/RecordUpdater.xml (RunModel)" time="0.011" />
  <testcase classname="ptolemy.util.test.junit.AutoTests" name="[317] /home/travis/build/icyphy/ptII/ptolemy/actor/lib/test/auto/RecordUpdater2.xml (RunModel)" time="0.009" />
  <testcase classname="ptolemy.util.test.junit.AutoTests" name="[318] /home/travis/build/icyphy/ptII/ptolemy/actor/lib/test/auto/RecursiveLattice.xml (RunModel)" time="0.007" />
  <testcase classname="ptolemy.util.test.junit.AutoTests" name="[319] /home/travis/build/icyphy/ptII/ptolemy/actor/lib/test/auto/Router.xml (RunModel)" time="3.023" />
  <testcase classname="ptolemy.util.test.junit.AutoTests" name="[320] /home/travis/build/icyphy/ptII/ptolemy/actor/lib/test/auto/Router2.xml (RunModel)" time="3.024" />
  <testcase classname="ptolemy.util.test.junit.AutoTests" name="[321] /home/travis/build/icyphy/ptII/ptolemy/actor/lib/test/auto/RunningMaximum.xml (RunModel)" time="0.019" />
  <testcase classname="ptolemy.util.test.junit.AutoTests" name="[322] /home/travis/build/icyphy/ptII/ptolemy/actor/lib/test/auto/RunningMinimum.xml (RunModel)" time="0.012" />
  <testcase classname="ptolemy.util.test.junit.AutoTests" name="[323] /home/travis/build/icyphy/ptII/ptolemy/actor/lib/test/auto/Scale.xml (RunModel)" time="0.017" />
  <testcase classname="ptolemy.util.test.junit.AutoTests" name="[324] /home/travis/build/icyphy/ptII/ptolemy/actor/lib/test/auto/Scale2.xml (RunModel)" time="0.01" />
  <testcase classname="ptolemy.util.test.junit.AutoTests" name="[325] /home/travis/build/icyphy/ptII/ptolemy/actor/lib/test/auto/Scale3.xml (RunModel)" time="0.012" />
  <testcase classname="ptolemy.util.test.junit.AutoTests" name="[326] /home/travis/build/icyphy/ptII/ptolemy/actor/lib/test/auto/ScaleArray.xml (RunModel)" time="0.006" />
  <testcase classname="ptolemy.util.test.junit.AutoTests" name="[327] /home/travis/build/icyphy/ptII/ptolemy/actor/lib/test/auto/ScaleArray2.xml (RunModel)" time="0.006" />
  <testcase classname="ptolemy.util.test.junit.AutoTests" name="[328] /home/travis/build/icyphy/ptII/ptolemy/actor/lib/test/auto/ScaleMatrix.xml (RunModel)" time="0.157" />
  <testcase classname="ptolemy.util.test.junit.AutoTests" name="[329] /home/travis/build/icyphy/ptII/ptolemy/actor/lib/test/auto/Select.xml (RunModel)" time="0.013" />
  <testcase classname="ptolemy.util.test.junit.AutoTests" name="[330] /home/travis/build/icyphy/ptII/ptolemy/actor/lib/test/auto/Select2.xml (RunModel)" time="0.007" />
  <testcase classname="ptolemy.util.test.junit.AutoTests" name="[331] /home/travis/build/icyphy/ptII/ptolemy/actor/lib/test/auto/SequenceToArray2.xml (RunModel)" time="0.13" />
  <testcase classname="ptolemy.util.test.junit.AutoTests" name="[332] /home/travis/build/icyphy/ptII/ptolemy/actor/lib/test/auto/SequentialClock.xml (RunModel)" time="0.008" />
  <testcase classname="ptolemy.util.test.junit.AutoTests" name="[333] /home/travis/build/icyphy/ptII/ptolemy/actor/lib/test/auto/SetVariable.xml (RunModel)" time="0.008" />
  <testcase classname="ptolemy.util.test.junit.AutoTests" name="[334] /home/travis/build/icyphy/ptII/ptolemy/actor/lib/test/auto/SetVariable2.xml (RunModel)" time="0.007" />
  <testcase classname="ptolemy.util.test.junit.AutoTests" name="[335] /home/travis/build/icyphy/ptII/ptolemy/actor/lib/test/auto/SetVariable3.xml (RunModel)" time="0.014" />
  <testcase classname="ptolemy.util.test.junit.AutoTests" name="[336] /home/travis/build/icyphy/ptII/ptolemy/actor/lib/test/auto/SetVariable4.xml (RunModel)" time="0.022" />
  <testcase classname="ptolemy.util.test.junit.AutoTests" name="[337] /home/travis/build/icyphy/ptII/ptolemy/actor/lib/test/auto/SetVariable5.xml (RunModel)" time="0.033" />
  <testcase classname="ptolemy.util.test.junit.AutoTests" name="[338] /home/travis/build/icyphy/ptII/ptolemy/actor/lib/test/auto/Sinewave.xml (RunModel)" time="0.023" />
  <testcase classname="ptolemy.util.test.junit.AutoTests" name="[339] /home/travis/build/icyphy/ptII/ptolemy/actor/lib/test/auto/Sinewave2.xml (RunModel)" time="0.014" />
  <testcase classname="ptolemy.util.test.junit.AutoTests" name="[340] /home/travis/build/icyphy/ptII/ptolemy/actor/lib/test/auto/Sinewave3.xml (RunModel)" time="0.019" />
  <testcase classname="ptolemy.util.test.junit.AutoTests" name="[341] /home/travis/build/icyphy/ptII/ptolemy/actor/lib/test/auto/SingleEvent.xml (RunModel)" time="0.01" />
  <testcase classname="ptolemy.util.test.junit.AutoTests" name="[342] /home/travis/build/icyphy/ptII/ptolemy/actor/lib/test/auto/Sleep.xml (RunModel)" time="6.016" />
  <testcase classname="ptolemy.util.test.junit.AutoTests" name="[343] /home/travis/build/icyphy/ptII/ptolemy/actor/lib/test/auto/SleepMultipleFire.xml (RunModel)" time="1.02" />
  <testcase classname="ptolemy.util.test.junit.AutoTests" name="[344] /home/travis/build/icyphy/ptII/ptolemy/actor/lib/test/auto/StopDE.xml (RunModel)" time="0.012" />
  <testcase classname="ptolemy.util.test.junit.AutoTests" name="[345] /home/travis/build/icyphy/ptII/ptolemy/actor/lib/test/auto/StopSDF.xml (RunModel)" time="0.009" />
  <testcase classname="ptolemy.util.test.junit.AutoTests" name="[346] /home/travis/build/icyphy/ptII/ptolemy/actor/lib/test/auto/StringConstant.xml (RunModel)" time="0.017" />
  <testcase classname="ptolemy.util.test.junit.AutoTests" name="[347] /home/travis/build/icyphy/ptII/ptolemy/actor/lib/test/auto/SubscriberPortInitialValues1.xml (RunModel)" time="0.016" />
  <testcase classname="ptolemy.util.test.junit.AutoTests" name="[348] /home/travis/build/icyphy/ptII/ptolemy/actor/lib/test/auto/SubscriberPortInitialValues13.xml (RunModel)" time="0.022" />
  <testcase classname="ptolemy.util.test.junit.AutoTests" name="[349] /home/travis/build/icyphy/ptII/ptolemy/actor/lib/test/auto/SubscriberPortInitialValues14.xml (RunModel)" time="0.012" />
  <testcase classname="ptolemy.util.test.junit.AutoTests" name="[350] /home/travis/build/icyphy/ptII/ptolemy/actor/lib/test/auto/SubscriberPortInitialValues2.xml (RunModel)" time="0.015" />
  <testcase classname="ptolemy.util.test.junit.AutoTests" name="[351] /home/travis/build/icyphy/ptII/ptolemy/actor/lib/test/auto/SubscriberPortInitialValues3.xml (RunModel)" time="0.015" />
  <testcase classname="ptolemy.util.test.junit.AutoTests" name="[352] /home/travis/build/icyphy/ptII/ptolemy/actor/lib/test/auto/SubscriptionAggregator.xml (RunModel)" time="0.009" />
  <testcase classname="ptolemy.util.test.junit.AutoTests" name="[353] /home/travis/build/icyphy/ptII/ptolemy/actor/lib/test/auto/SubscriptionAggregator2.xml (RunModel)" time="0.022" />
  <testcase classname="ptolemy.util.test.junit.AutoTests" name="[354] /home/travis/build/icyphy/ptII/ptolemy/actor/lib/test/auto/SubscriptionAggregator3.xml (RunModel)" time="0.014" />
  <testcase classname="ptolemy.util.test.junit.AutoTests" name="[355] /home/travis/build/icyphy/ptII/ptolemy/actor/lib/test/auto/SubscriptionAggregatorMultiply.xml (RunModel)" time="0.021" />
  <testcase classname="ptolemy.util.test.junit.AutoTests" name="[356] /home/travis/build/icyphy/ptII/ptolemy/actor/lib/test/auto/SubscriptionAggregatorPortMultiply1.xml (RunModel)" time="0.011" />
  <testcase classname="ptolemy.util.test.junit.AutoTests" name="[357] /home/travis/build/icyphy/ptII/ptolemy/actor/lib/test/auto/Switch.xml (RunModel)" time="0.015" />
  <testcase classname="ptolemy.util.test.junit.AutoTests" name="[358] /home/travis/build/icyphy/ptII/ptolemy/actor/lib/test/auto/Switch2.xml (RunModel)" time="0.009" />
  <testcase classname="ptolemy.util.test.junit.AutoTests" name="[359] /home/travis/build/icyphy/ptII/ptolemy/actor/lib/test/auto/SwitchDE.xml (RunModel)" time="0.012" />
  <testcase classname="ptolemy.util.test.junit.AutoTests" name="[360] /home/travis/build/icyphy/ptII/ptolemy/actor/lib/test/auto/SynchronizerDE.xml (RunModel)" time="0.017" />
  <testcase classname="ptolemy.util.test.junit.AutoTests" name="[361] /home/travis/build/icyphy/ptII/ptolemy/actor/lib/test/auto/Test.xml (RunModel)" time="0.011" />
  <testcase classname="ptolemy.util.test.junit.AutoTests" name="[362] /home/travis/build/icyphy/ptII/ptolemy/actor/lib/test/auto/TestExceptionAttribute1.xml (RunModel)" time="0.007" />
  <testcase classname="ptolemy.util.test.junit.AutoTests" name="[363] /home/travis/build/icyphy/ptII/ptolemy/actor/lib/test/auto/TestExceptionAttribute2.xml (RunModel)" time="0.006" />
  <testcase classname="ptolemy.util.test.junit.AutoTests" name="[364] /home/travis/build/icyphy/ptII/ptolemy/actor/lib/test/auto/TestExceptionAttribute3.xml (RunModel)" time="0.009" />
  <testcase classname="ptolemy.util.test.junit.AutoTests" name="[365] /home/travis/build/icyphy/ptII/ptolemy/actor/lib/test/auto/TestExceptionAttribute4.xml (RunModel)" time="0.006" />
  <testcase classname="ptolemy.util.test.junit.AutoTests" name="[366] /home/travis/build/icyphy/ptII/ptolemy/actor/lib/test/auto/TestExceptionHandler1.xml (RunModel)" time="0.01" />
  <testcase classname="ptolemy.util.test.junit.AutoTests" name="[367] /home/travis/build/icyphy/ptII/ptolemy/actor/lib/test/auto/TestExceptionHandler2.xml (RunModel)" time="0.009" />
  <testcase classname="ptolemy.util.test.junit.AutoTests" name="[368] /home/travis/build/icyphy/ptII/ptolemy/actor/lib/test/auto/TestExceptionHandler3.xml (RunModel)" time="0.006" />
  <testcase classname="ptolemy.util.test.junit.AutoTests" name="[369] /home/travis/build/icyphy/ptII/ptolemy/actor/lib/test/auto/TestExceptionHandler4.xml (RunModel)" time="0.005" />
  <testcase classname="ptolemy.util.test.junit.AutoTests" name="[370] /home/travis/build/icyphy/ptII/ptolemy/actor/lib/test/auto/TestRequireCorrectOrder.xml (RunModel)" time="0.008" />
  <testcase classname="ptolemy.util.test.junit.AutoTests" name="[371] /home/travis/build/icyphy/ptII/ptolemy/actor/lib/test/auto/TestSimple.xml (RunModel)" time="0.008" />
  <testcase classname="ptolemy.util.test.junit.AutoTests" name="[372] /home/travis/build/icyphy/ptII/ptolemy/actor/lib/test/auto/ThrowModelError.xml (RunModel)" time="0.008" />
  <testcase classname="ptolemy.util.test.junit.AutoTests" name="[373] /home/travis/build/icyphy/ptII/ptolemy/actor/lib/test/auto/TimeDelayMicrosteps.xml (RunModel)" time="0.01" />
  <testcase classname="ptolemy.util.test.junit.AutoTests" name="[374] /home/travis/build/icyphy/ptII/ptolemy/actor/lib/test/auto/TimeDelayMicrosteps2.xml (RunModel)" time="0.011" />
  <testcase classname="ptolemy.util.test.junit.AutoTests" name="[375] /home/travis/build/icyphy/ptII/ptolemy/actor/lib/test/auto/TimeDelayMicrosteps3.xml (RunModel)" time="0.009" />
  <testcase classname="ptolemy.util.test.junit.AutoTests" name="[376] /home/travis/build/icyphy/ptII/ptolemy/actor/lib/test/auto/TimeDelayVariableMicrosteps.xml (RunModel)" time="0.01" />
  <testcase classname="ptolemy.util.test.junit.AutoTests" name="[377] /home/travis/build/icyphy/ptII/ptolemy/actor/lib/test/auto/TimeGap.xml (RunModel)" time="0.014" />
  <testcase classname="ptolemy.util.test.junit.AutoTests" name="[378] /home/travis/build/icyphy/ptII/ptolemy/actor/lib/test/auto/TimeGap2.xml (RunModel)" time="0.008" />
  <testcase classname="ptolemy.util.test.junit.AutoTests" name="[379] /home/travis/build/icyphy/ptII/ptolemy/actor/lib/test/auto/TimedSinewave.xml (RunModel)" time="0.047" />
  <testcase classname="ptolemy.util.test.junit.AutoTests" name="[380] /home/travis/build/icyphy/ptII/ptolemy/actor/lib/test/auto/TimedSinewavePhase.xml (RunModel)" time="0.022" />
  <testcase classname="ptolemy.util.test.junit.AutoTests" name="[381] /home/travis/build/icyphy/ptII/ptolemy/actor/lib/test/auto/Timer.xml (RunModel)" time="0.01" />
  <testcase classname="ptolemy.util.test.junit.AutoTests" name="[382] /home/travis/build/icyphy/ptII/ptolemy/actor/lib/test/auto/TriangularDistTestModel.xml (RunModel)" time="0.014" />
  <testcase classname="ptolemy.util.test.junit.AutoTests" name="[383] /home/travis/build/icyphy/ptII/ptolemy/actor/lib/test/auto/TrigFunction.xml (RunModel)" time="0.007" />
  <testcase classname="ptolemy.util.test.junit.AutoTests" name="[384] /home/travis/build/icyphy/ptII/ptolemy/actor/lib/test/auto/TrigFunctionDE.xml (RunModel)" time="0.009" />
  <testcase classname="ptolemy.util.test.junit.AutoTests" name="[385] /home/travis/build/icyphy/ptII/ptolemy/actor/lib/test/auto/TrigFunctionInverse.xml (RunModel)" time="0.008" />
  <testcase classname="ptolemy.util.test.junit.AutoTests" name="[386] /home/travis/build/icyphy/ptII/ptolemy/actor/lib/test/auto/TrigFunctionTan.xml (RunModel)" time="0.005" />
  <testcase classname="ptolemy.util.test.junit.AutoTests" name="[387] /home/travis/build/icyphy/ptII/ptolemy/actor/lib/test/auto/TriggeredClock.xml (RunModel)" time="0.006" />
  <testcase classname="ptolemy.util.test.junit.AutoTests" name="[388] /home/travis/build/icyphy/ptII/ptolemy/actor/lib/test/auto/URLDirectoryReader.xml (RunModel)" time="0.072" />
  <testcase classname="ptolemy.util.test.junit.AutoTests" name="[389] /home/travis/build/icyphy/ptII/ptolemy/actor/lib/test/auto/URLDirectoryReader3.xml (RunModel)" time="1.313" />
  <testcase classname="ptolemy.util.test.junit.AutoTests" name="[390] /home/travis/build/icyphy/ptII/ptolemy/actor/lib/test/auto/UnaryMathFunction.xml (RunModel)" time="0.027" />
  <testcase classname="ptolemy.util.test.junit.AutoTests" name="[391] /home/travis/build/icyphy/ptII/ptolemy/actor/lib/test/auto/Uniform.xml (RunModel)" time="0.013" />
  <testcase classname="ptolemy.util.test.junit.AutoTests" name="[392] /home/travis/build/icyphy/ptII/ptolemy/actor/lib/test/auto/UnionDisassemblerTest.xml (RunModel)" time="0.02" />
  <testcase classname="ptolemy.util.test.junit.AutoTests" name="[393] /home/travis/build/icyphy/ptII/ptolemy/actor/lib/test/auto/UtilityFunctions.xml (RunModel)" time="0.007" />
  <testcase classname="ptolemy.util.test.junit.AutoTests" name="[394] /home/travis/build/icyphy/ptII/ptolemy/actor/lib/test/auto/VariableSleep.xml (RunModel)" time="0.509" />
  <testcase classname="ptolemy.util.test.junit.AutoTests" name="[395] /home/travis/build/icyphy/ptII/ptolemy/actor/lib/test/auto/VectorAssemblerDisassemblerCT.xml (RunModel)" time="0.113" />
  <testcase classname="ptolemy.util.test.junit.AutoTests" name="[396] /home/travis/build/icyphy/ptII/ptolemy/actor/lib/test/auto/VectorAssemblerDisassemblerDE.xml (RunModel)" time="0.03" />
  <testcase classname="ptolemy.util.test.junit.AutoTests" name="[397] /home/travis/build/icyphy/ptII/ptolemy/actor/lib/test/auto/VectorAssemblerDisassemblerSDF.xml (RunModel)" time="0.031" />
  <testcase classname="ptolemy.util.test.junit.AutoTests" name="[398] /home/travis/build/icyphy/ptII/ptolemy/actor/lib/test/auto/WallClockTime.xml (RunModel)" time="1.01" />
  <testcase classname="ptolemy.util.test.junit.AutoTests" name="[399] /home/travis/build/icyphy/ptII/ptolemy/actor/lib/test/auto/WidthTestWithSubscriberPublisher.xml (RunModel)" time="0.039" />
  <testcase classname="ptolemy.util.test.junit.AutoTests" name="[400] /home/travis/build/icyphy/ptII/ptolemy/actor/lib/test/auto/WidthTestWithSubscriberPublisher2.xml (RunModel)" time="0.011" />
  <testcase classname="ptolemy.util.test.junit.AutoTests" name="[401] /home/travis/build/icyphy/ptII/ptolemy/actor/lib/test/auto/WidthTestWithSubscriberPublisher3.xml (RunModel)" time="0.009" />
  <testcase classname="ptolemy.util.test.junit.AutoTests" name="[402] /home/travis/build/icyphy/ptII/ptolemy/actor/lib/test/auto/Writer.xml (RunModel)" time="0.006" />
  <testcase classname="ptolemy.util.test.junit.AutoTests" name="[403] /home/travis/build/icyphy/ptII/ptolemy/actor/lib/test/auto/array.xml (RunModel)" time="0.009" />
  <testcase classname="ptolemy.util.test.junit.AutoTests" name="[404] /home/travis/build/icyphy/ptII/ptolemy/actor/lib/test/auto/array2.xml (RunModel)" time="0.011" />
  <testcase classname="ptolemy.util.test.junit.AutoTests" name="[405] /home/travis/build/icyphy/ptII/ptolemy/actor/lib/test/auto/arrayType.xml (RunModel)" time="0.008" />
  <testcase classname="ptolemy.util.test.junit.AutoTests" name="[406] /home/travis/build/icyphy/ptII/ptolemy/actor/lib/test/auto/arrayType10.xml (RunModel)" time="0.006" />
  <testcase classname="ptolemy.util.test.junit.AutoTests" name="[407] /home/travis/build/icyphy/ptII/ptolemy/actor/lib/test/auto/arrayType11.xml (RunModel)" time="0.007" />
  <testcase classname="ptolemy.util.test.junit.AutoTests" name="[408] /home/travis/build/icyphy/ptII/ptolemy/actor/lib/test/auto/arrayType12.xml (RunModel)" time="0.007" />
  <testcase classname="ptolemy.util.test.junit.AutoTests" name="[409] /home/travis/build/icyphy/ptII/ptolemy/actor/lib/test/auto/arrayType13.xml (RunModel)" time="0.006" />
  <testcase classname="ptolemy.util.test.junit.AutoTests" name="[410] /home/travis/build/icyphy/ptII/ptolemy/actor/lib/test/auto/arrayType14.xml (RunModel)" time="0.006" />
  <testcase classname="ptolemy.util.test.junit.AutoTests" name="[411] /home/travis/build/icyphy/ptII/ptolemy/actor/lib/test/auto/arrayType15.xml (RunModel)" time="0.008" />
  <testcase classname="ptolemy.util.test.junit.AutoTests" name="[412] /home/travis/build/icyphy/ptII/ptolemy/actor/lib/test/auto/arrayType16.xml (RunModel)" time="0.007" />
  <testcase classname="ptolemy.util.test.junit.AutoTests" name="[413] /home/travis/build/icyphy/ptII/ptolemy/actor/lib/test/auto/arrayType17.xml (RunModel)" time="0.006" />
  <testcase classname="ptolemy.util.test.junit.AutoTests" name="[414] /home/travis/build/icyphy/ptII/ptolemy/actor/lib/test/auto/arrayType18.xml (RunModel)" time="0.006" />
  <testcase classname="ptolemy.util.test.junit.AutoTests" name="[415] /home/travis/build/icyphy/ptII/ptolemy/actor/lib/test/auto/arrayType19.xml (RunModel)" time="0.006" />
  <testcase classname="ptolemy.util.test.junit.AutoTests" name="[416] /home/travis/build/icyphy/ptII/ptolemy/actor/lib/test/auto/arrayType2.xml (RunModel)" time="0.007" />
  <testcase classname="ptolemy.util.test.junit.AutoTests" name="[417] /home/travis/build/icyphy/ptII/ptolemy/actor/lib/test/auto/arrayType20.xml (RunModel)" time="0.007" />
  <testcase classname="ptolemy.util.test.junit.AutoTests" name="[418] /home/travis/build/icyphy/ptII/ptolemy/actor/lib/test/auto/arrayType21.xml (RunModel)" time="0.006" />
  <testcase classname="ptolemy.util.test.junit.AutoTests" name="[419] /home/travis/build/icyphy/ptII/ptolemy/actor/lib/test/auto/arrayType22.xml (RunModel)" time="0.006" />
  <testcase classname="ptolemy.util.test.junit.AutoTests" name="[420] /home/travis/build/icyphy/ptII/ptolemy/actor/lib/test/auto/arrayType23.xml (RunModel)" time="0.005" />
  <testcase classname="ptolemy.util.test.junit.AutoTests" name="[421] /home/travis/build/icyphy/ptII/ptolemy/actor/lib/test/auto/arrayType24.xml (RunModel)" time="0.007" />
  <testcase classname="ptolemy.util.test.junit.AutoTests" name="[422] /home/travis/build/icyphy/ptII/ptolemy/actor/lib/test/auto/arrayType25.xml (RunModel)" time="0.007" />
  <testcase classname="ptolemy.util.test.junit.AutoTests" name="[423] /home/travis/build/icyphy/ptII/ptolemy/actor/lib/test/auto/arrayType26.xml (RunModel)" time="0.007" />
  <testcase classname="ptolemy.util.test.junit.AutoTests" name="[424] /home/travis/build/icyphy/ptII/ptolemy/actor/lib/test/auto/arrayType27.xml (RunModel)" time="0.007" />
  <testcase classname="ptolemy.util.test.junit.AutoTests" name="[425] /home/travis/build/icyphy/ptII/ptolemy/actor/lib/test/auto/arrayType28.xml (RunModel)" time="0.007" />
  <testcase classname="ptolemy.util.test.junit.AutoTests" name="[426] /home/travis/build/icyphy/ptII/ptolemy/actor/lib/test/auto/arrayType3.xml (RunModel)" time="0.007" />
  <testcase classname="ptolemy.util.test.junit.AutoTests" name="[427] /home/travis/build/icyphy/ptII/ptolemy/actor/lib/test/auto/arrayType4.xml (RunModel)" time="0.006" />
  <testcase classname="ptolemy.util.test.junit.AutoTests" name="[428] /home/travis/build/icyphy/ptII/ptolemy/actor/lib/test/auto/arrayType5.xml (RunModel)" time="0.006" />
  <testcase classname="ptolemy.util.test.junit.AutoTests" name="[429] /home/travis/build/icyphy/ptII/ptolemy/actor/lib/test/auto/arrayType6.xml (RunModel)" time="0.005" />
  <testcase classname="ptolemy.util.test.junit.AutoTests" name="[430] /home/travis/build/icyphy/ptII/ptolemy/actor/lib/test/auto/arrayType7.xml (RunModel)" time="0.016" />
  <testcase classname="ptolemy.util.test.junit.AutoTests" name="[431] /home/travis/build/icyphy/ptII/ptolemy/actor/lib/test/auto/arrayType8.xml (RunModel)" time="0.012" />
  <testcase classname="ptolemy.util.test.junit.AutoTests" name="[432] /home/travis/build/icyphy/ptII/ptolemy/actor/lib/test/auto/arrayType9.xml (RunModel)" time="0.006" />
  <testcase classname="ptolemy.util.test.junit.AutoTests" name="[433] /home/travis/build/icyphy/ptII/ptolemy/actor/lib/test/auto/cast.xml (RunModel)" time="0.006" />
  <testcase classname="ptolemy.util.test.junit.AutoTests" name="[434] /home/travis/build/icyphy/ptII/ptolemy/actor/lib/test/auto/compositeMultiPort.xml (RunModel)" time="0.012" />
  <testcase classname="ptolemy.util.test.junit.AutoTests" name="[435] /home/travis/build/icyphy/ptII/ptolemy/actor/lib/test/auto/expressionCastInference.xml (RunModel)" time="0.006" />
  <testcase classname="ptolemy.util.test.junit.AutoTests" name="[436] /home/travis/build/icyphy/ptII/ptolemy/actor/lib/test/auto/expressionCastInference2.xml (RunModel)" time="0.005" />
  <testcase classname="ptolemy.util.test.junit.AutoTests" name="[437] /home/travis/build/icyphy/ptII/ptolemy/actor/lib/test/auto/expressionInference.xml (RunModel)" time="0.006" />
  <testcase classname="ptolemy.util.test.junit.AutoTests" name="[438] /home/travis/build/icyphy/ptII/ptolemy/actor/lib/test/auto/expression_bug.xml (RunModel)" time="0.005" />
  <testcase classname="ptolemy.util.test.junit.AutoTests" name="[439] /home/travis/build/icyphy/ptII/ptolemy/actor/lib/test/auto/factorial.xml (RunModel)" time="0.039" />
  <testcase classname="ptolemy.util.test.junit.AutoTests" name="[440] /home/travis/build/icyphy/ptII/ptolemy/actor/lib/test/auto/filterTest1.xml (RunModel)" time="0.048" />
  <testcase classname="ptolemy.util.test.junit.AutoTests" name="[441] /home/travis/build/icyphy/ptII/ptolemy/actor/lib/test/auto/funcApplyInConst.xml (RunModel)" time="0.023" />
  <testcase classname="ptolemy.util.test.junit.AutoTests" name="[442] /home/travis/build/icyphy/ptII/ptolemy/actor/lib/test/auto/funcApplyInExpr.xml (RunModel)" time="0.028" />
  <testcase classname="ptolemy.util.test.junit.AutoTests" name="[443] /home/travis/build/icyphy/ptII/ptolemy/actor/lib/test/auto/function.xml (RunModel)" time="0.051" />
  <testcase classname="ptolemy.util.test.junit.AutoTests" name="[444] /home/travis/build/icyphy/ptII/ptolemy/actor/lib/test/auto/function2.xml (RunModel)" time="0.028" />
  <testcase classname="ptolemy.util.test.junit.AutoTests" name="[445] /home/travis/build/icyphy/ptII/ptolemy/actor/lib/test/auto/function3.xml (RunModel)" time="0.028" />
  <testcase classname="ptolemy.util.test.junit.AutoTests" name="[446] /home/travis/build/icyphy/ptII/ptolemy/actor/lib/test/auto/functionClosureTest1.xml (RunModel)" time="0.023" />
  <testcase classname="ptolemy.util.test.junit.AutoTests" name="[447] /home/travis/build/icyphy/ptII/ptolemy/actor/lib/test/auto/functionClosureTest2.xml (RunModel)" time="0.01" />
  <testcase classname="ptolemy.util.test.junit.AutoTests" name="[448] /home/travis/build/icyphy/ptII/ptolemy/actor/lib/test/auto/functionClosureTest3.xml (RunModel)" time="0.007" />
  <testcase classname="ptolemy.util.test.junit.AutoTests" name="[449] /home/travis/build/icyphy/ptII/ptolemy/actor/lib/test/auto/functionClosureTest4.xml (RunModel)" time="0.01" />
  <testcase classname="ptolemy.util.test.junit.AutoTests" name="[450] /home/travis/build/icyphy/ptII/ptolemy/actor/lib/test/auto/functionClosureTest5.xml (RunModel)" time="0.007" />
  <testcase classname="ptolemy.util.test.junit.AutoTests" name="[451] /home/travis/build/icyphy/ptII/ptolemy/actor/lib/test/auto/functionClosureTest6.xml (RunModel)" time="0.005" />
  <testcase classname="ptolemy.util.test.junit.AutoTests" name="[452] /home/travis/build/icyphy/ptII/ptolemy/actor/lib/test/auto/functionsOnArcs.xml (RunModel)" time="0.006" />
  <testcase classname="ptolemy.util.test.junit.AutoTests" name="[453] /home/travis/build/icyphy/ptII/ptolemy/actor/lib/test/auto/functionsOnArcsHOF.xml (RunModel)" time="0.008" />
  <testcase classname="ptolemy.util.test.junit.AutoTests" name="[454] /home/travis/build/icyphy/ptII/ptolemy/actor/lib/test/auto/logic.xml (RunModel)" time="0.013" />
  <testcase classname="ptolemy.util.test.junit.AutoTests" name="[455] /home/travis/build/icyphy/ptII/ptolemy/actor/lib/test/auto/matrixType.xml (RunModel)" time="0.007" />
  <testcase classname="ptolemy.util.test.junit.AutoTests" name="[456] /home/travis/build/icyphy/ptII/ptolemy/actor/lib/test/auto/matrixType10.xml (RunModel)" time="0.005" />
  <testcase classname="ptolemy.util.test.junit.AutoTests" name="[457] /home/travis/build/icyphy/ptII/ptolemy/actor/lib/test/auto/matrixType11.xml (RunModel)" time="0.006" />
  <testcase classname="ptolemy.util.test.junit.AutoTests" name="[458] /home/travis/build/icyphy/ptII/ptolemy/actor/lib/test/auto/matrixType12.xml (RunModel)" time="0.006" />
  <testcase classname="ptolemy.util.test.junit.AutoTests" name="[459] /home/travis/build/icyphy/ptII/ptolemy/actor/lib/test/auto/matrixType13.xml (RunModel)" time="0.006" />
  <testcase classname="ptolemy.util.test.junit.AutoTests" name="[460] /home/travis/build/icyphy/ptII/ptolemy/actor/lib/test/auto/matrixType14.xml (RunModel)" time="0.006" />
  <testcase classname="ptolemy.util.test.junit.AutoTests" name="[461] /home/travis/build/icyphy/ptII/ptolemy/actor/lib/test/auto/matrixType2.xml (RunModel)" time="0.006" />
  <testcase classname="ptolemy.util.test.junit.AutoTests" name="[462] /home/travis/build/icyphy/ptII/ptolemy/actor/lib/test/auto/matrixType3.xml (RunModel)" time="0.007" />
  <testcase classname="ptolemy.util.test.junit.AutoTests" name="[463] /home/travis/build/icyphy/ptII/ptolemy/actor/lib/test/auto/matrixType4.xml (RunModel)" time="0.01" />
  <testcase classname="ptolemy.util.test.junit.AutoTests" name="[464] /home/travis/build/icyphy/ptII/ptolemy/actor/lib/test/auto/matrixType5.xml (RunModel)" time="0.006" />
  <testcase classname="ptolemy.util.test.junit.AutoTests" name="[465] /home/travis/build/icyphy/ptII/ptolemy/actor/lib/test/auto/matrixType6.xml (RunModel)" time="0.006" />
  <testcase classname="ptolemy.util.test.junit.AutoTests" name="[466] /home/travis/build/icyphy/ptII/ptolemy/actor/lib/test/auto/matrixType7.xml (RunModel)" time="0.007" />
  <testcase classname="ptolemy.util.test.junit.AutoTests" name="[467] /home/travis/build/icyphy/ptII/ptolemy/actor/lib/test/auto/matrixType8.xml (RunModel)" time="0.008" />
  <testcase classname="ptolemy.util.test.junit.AutoTests" name="[468] /home/travis/build/icyphy/ptII/ptolemy/actor/lib/test/auto/matrixType9.xml (RunModel)" time="0.006" />
  <testcase classname="ptolemy.util.test.junit.AutoTests" name="[469] /home/travis/build/icyphy/ptII/ptolemy/actor/lib/test/auto/paraFunctest.xml (RunModel)" time="0.023" />
  <testcase classname="ptolemy.util.test.junit.AutoTests" name="[470] /home/travis/build/icyphy/ptII/ptolemy/actor/lib/test/auto/paraFunctest2.xml (RunModel)" time="0.029" />
  <testcase classname="ptolemy.util.test.junit.AutoTests" name="[471] /home/travis/build/icyphy/ptII/ptolemy/actor/lib/test/auto/parameterPassing.xml (RunModel)" time="0.028" />
  <testcase classname="ptolemy.util.test.junit.AutoTests" name="[472] /home/travis/build/icyphy/ptII/ptolemy/actor/lib/test/auto/record.xml (RunModel)" time="0.029" />
  <testcase classname="ptolemy.util.test.junit.AutoTests" name="[473] /home/travis/build/icyphy/ptII/ptolemy/actor/lib/test/auto/sizedarray1.xml (RunModel)" time="0.024" />
  <testcase classname="ptolemy.util.test.junit.AutoTests" name="[474] /home/travis/build/icyphy/ptII/ptolemy/actor/lib/test/auto/sizedarray2.xml (RunModel)" time="0.008" />
  <testcase classname="ptolemy.util.test.junit.AutoTests" name="[475] /home/travis/build/icyphy/ptII/ptolemy/actor/lib/test/auto/twoPublishers.xml (RunModel)" time="0.017" />
  <system-out><![CDATA[/home/travis/build/icyphy/ptII/ptolemy/actor/lib/test/AbsoluteValue.tcl
testDefs.tcl: setting time out to 9000 seconds at Fri Dec 06 06:17:44 UTC 2019
80 ms. Memory: 129024K Free: 94152K (73%)
5 ms. Memory: 129024K Free: 92607K (72%)
5 ms. Memory: 129024K Free: 91590K (71%)
4 ms. Memory: 129024K Free: 91080K (71%)
/home/travis/build/icyphy/ptII/ptolemy/actor/lib/test/AddSubtract.tcl
8 ms. Memory: 129024K Free: 89032K (69%)
5 ms. Memory: 129024K Free: 88008K (68%)
5 ms. Memory: 129024K Free: 87494K (68%)
14 ms. Memory: 129024K Free: 86455K (67%)
75 ms. Memory: 129024K Free: 83912K (65%)
11 ms. Memory: 129024K Free: 82888K (64%)
/home/travis/build/icyphy/ptII/ptolemy/actor/lib/test/Average.tcl
18 ms. Memory: 129024K Free: 81335K (63%)
10 ms. Memory: 129024K Free: 79816K (62%)
/home/travis/build/icyphy/ptII/ptolemy/actor/lib/test/Bernoulli.tcl
5 ms. Memory: 129024K Free: 78263K (61%)
9 ms. Memory: 129024K Free: 78263K (61%)
/home/travis/build/icyphy/ptII/ptolemy/actor/lib/test/Clock.tcl
preinitializing
resolving types
initializing
executing number 1
wrapping up
idle
32 ms. Memory: 129024K Free: 75206K (58%)
Completed execution with 5 iterations
preinitializing
resolving types
initializing
executing number 1
wrapping up
idle
5 ms. Memory: 129024K Free: 74696K (58%)
Completed execution with 5 iterations
preinitializing
resolving types
initializing
executing number 1
wrapping up
idle
12 ms. Memory: 129024K Free: 74182K (57%)
Completed execution with 5 iterations
/home/travis/build/icyphy/ptII/ptolemy/actor/lib/test/Commutator.tcl
5 ms. Memory: 129024K Free: 72134K (56%)
6 ms. Memory: 129024K Free: 71095K (55%)
12 ms. Memory: 129024K Free: 65480K (51%)
/home/travis/build/icyphy/ptII/ptolemy/actor/lib/test/Const.tcl
7 ms. Memory: 129024K Free: 63927K (50%)
13 ms. Memory: 129024K Free: 63432K (49%)
3 ms. Memory: 129024K Free: 62408K (48%)
2 ms. Memory: 129024K Free: 61894K (48%)
2 ms. Memory: 129024K Free: 60855K (47%)
11 ms. Memory: 129024K Free: 59336K (46%)
14 ms. Memory: 129024K Free: 58312K (45%)
3 ms. Memory: 129024K Free: 57288K (44%)
/home/travis/build/icyphy/ptII/ptolemy/actor/lib/test/CurrentTime.tcl
preinitializing
resolving types
initializing
executing number 1
wrapping up
idle
7 ms. Memory: 129024K Free: 55750K (43%)
Completed execution with 11 iterations
/home/travis/build/icyphy/ptII/ptolemy/actor/lib/test/DB.tcl
6 ms. Memory: 129024K Free: 53702K (42%)
5 ms. Memory: 129024K Free: 53192K (41%)
3 ms. Memory: 129024K Free: 52678K (41%)
/home/travis/build/icyphy/ptII/ptolemy/actor/lib/test/DiscreteRandomSource.tcl
preinitializing
resolving types
initializing
executing number 1
wrapping up
idle
6 ms. Memory: 129024K Free: 51647K (40%)
Completed execution with 4 iterations
preinitializing
resolving types
initializing
executing number 1
wrapping up
idle
3 ms. Memory: 129024K Free: 51144K (40%)
Completed execution with 4 iterations
preinitializing
resolving types
initializing
executing number 1
wrapping up
idle
2 ms. Memory: 129024K Free: 50615K (39%)
Completed execution with 4 iterations
preinitializing
resolving types
initializing
executing number 1
wrapping up
idle
2 ms. Memory: 129024K Free: 50120K (39%)
Completed execution with 4 iterations
preinitializing
resolving types
initializing
executing number 1
wrapping up
idle
3 ms. Memory: 129024K Free: 49591K (38%)
Completed execution with 4 iterations
/home/travis/build/icyphy/ptII/ptolemy/actor/lib/test/Distributor.tcl
30 ms. Memory: 129024K Free: 114656K (89%)
8 ms. Memory: 129024K Free: 113591K (88%)
StreamChangeRequest.changeExecuted(): <deleteEntity name="rec2"/> succeeded
StreamChangeRequest.changeExecuted(): <deleteRelation name="r2"/> succeeded
StreamChangeRequest.changeExecuted(): Record firings per iteration succeeded
8 ms. Memory: 129024K Free: 111591K (86%)
/home/travis/build/icyphy/ptII/ptolemy/actor/lib/test/Exit.tcl
Exit.tcl: this will print a message about Manager.exitAfterWrapup, which can be ignored.
4 ms. Memory: 129024K Free: 108580K (84%)
/home/travis/build/icyphy/ptII/ptolemy/actor/lib/test/Expression.tcl
12 ms. Memory: 129024K Free: 104914K (81%)
3 ms. Memory: 129024K Free: 104391K (81%)
3 ms. Memory: 129024K Free: 103860K (80%)
preinitializing
resolving types
initializing
executing number 1
wrapping up
idle
4 ms. Memory: 129024K Free: 102353K (79%)
Completed execution with 6 iterations
2 ms. Memory: 129024K Free: 101343K (79%)
3 ms. Memory: 129024K Free: 100804K (78%)
4 ms. Memory: 129024K Free: 99310K (77%)
4 ms. Memory: 129024K Free: 98233K (76%)
3 ms. Memory: 129024K Free: 96692K (75%)
/home/travis/build/icyphy/ptII/ptolemy/actor/lib/test/Gaussian.tcl
3 ms. Memory: 129024K Free: 95159K (74%)
sleeping 1 seconds: ..............................................................................................................................................................................................................................................................................................................................................................................................................................................................................................................................................................................................................................................................................................................................................................................................................................................................................................................................................................................................................................................................................................................................................................................................................................................................................................................................................................................................................................................................................................................................................................................................................................................................................................................................................................................................................................................................................................................................................................................................................................................................................................................................................................................................................................................................................................................................................................................................................................................................................................................................................................................................................................................................................................................................................................................................................................................................................................................................................................................................................................................................................................................................................................................................................................................................................................................................................................................................................................................................................................................................................................................................................................................................................................................................................................................................................................................................................................................................................................................................................................................................................................................................................................................................................................................................................................................................................................................................................................................................................................................................................................................................................................................................................................................................................................................................................................................................................................................................................................................................................................................................................................................................................................................................................................................................................................................................................................................................................................................................................................................................................................................................................................................................................................................................................................................................................................................................................................................................................................................................................................................................................................................................................................................................................................................................................................................................................................................................................................................................................................................................................................................................................................................................................................................................................................................................................................................................................................................................................4 ms. Memory: 129024K Free: 90252K (70%)
6 ms. Memory: 129024K Free: 89228K (69%)
1 ms. Memory: 129024K Free: 88699K (69%)
6 ms. Memory: 129024K Free: 88204K (68%)
5 ms. Memory: 129024K Free: 87675K (68%)
/home/travis/build/icyphy/ptII/ptolemy/actor/lib/test/IIR.tcl
/home/travis/build/icyphy/ptII/ptolemy/actor/lib/test/Interpolator.tcl
3 ms. Memory: 129024K Free: 83587K (65%)
1 ms. Memory: 129024K Free: 83084K (64%)
1 ms. Memory: 129024K Free: 82555K (64%)
2 ms. Memory: 129024K Free: 82060K (64%)
2 ms. Memory: 129024K Free: 81036K (63%)
2 ms. Memory: 129024K Free: 80491K (62%)
2 ms. Memory: 129024K Free: 79498K (62%)
2 ms. Memory: 129024K Free: 78474K (61%)
2 ms. Memory: 129024K Free: 77964K (60%)
2 ms. Memory: 129024K Free: 76940K (60%)
/home/travis/build/icyphy/ptII/ptolemy/actor/lib/test/MathFunction.tcl
10 ms. Memory: 129024K Free: 113626K (88%)
2 ms. Memory: 129024K Free: 112082K (87%)
1 ms. Memory: 129024K Free: 111050K (86%)
2 ms. Memory: 129024K Free: 110554K (86%)
7 ms. Memory: 129024K Free: 109002K (84%)
14 ms. Memory: 129024K Free: 106968K (83%)
/home/travis/build/icyphy/ptII/ptolemy/actor/lib/test/Maximum.tcl
5 ms. Memory: 129024K Free: 105434K (82%)
5 ms. Memory: 129024K Free: 104410K (81%)
8 ms. Memory: 129024K Free: 103896K (81%)
2 ms. Memory: 129024K Free: 103386K (80%)
/home/travis/build/icyphy/ptII/ptolemy/actor/lib/test/Minimum.tcl
9 ms. Memory: 129024K Free: 101842K (79%)
3 ms. Memory: 129024K Free: 100824K (78%)
2 ms. Memory: 129024K Free: 100314K (78%)
2 ms. Memory: 129024K Free: 99794K (77%)
/home/travis/build/icyphy/ptII/ptolemy/actor/lib/test/MultiplyDivide.tcl
9 ms. Memory: 129024K Free: 97738K (76%)
8 ms. Memory: 129024K Free: 97242K (75%)
7 ms. Memory: 129024K Free: 96218K (75%)
4 ms. Memory: 129024K Free: 95674K (74%)
4 ms. Memory: 129024K Free: 94680K (73%)
/home/travis/build/icyphy/ptII/ptolemy/actor/lib/test/OrderedMerge.tcl
Connections changed on port: inputA
Connections changed on port: inputB
Connections changed on port: output
Connections changed on port: output
Connections changed on port: output
Connections changed on port: input
.top. Preinitializing ...
Invoking preinitialize():  .top.OrderedMerge
Called preinitialize()
Invoking preinitialize():  .top.Ramp
Called preinitialize()
Invoking preinitialize():  .top.Ramp2
Called preinitialize()
Invoking preinitialize():  .top.Test
Called preinitialize()
Connections changed on port: inputA
Connections changed on port: output
Connections changed on port: output
Connections changed on port: input
Connections changed on port: inputB
Connections changed on port: output
.top. Finished preinitialize().
Called initialize().
Invoking initialize():  .top.OrderedMerge
Initializing actor: .top.OrderedMerge
Adding a thread: .top.OrderedMerge
Invoking initialize():  .top.Ramp
Initializing actor: .top.Ramp
Adding a thread: .top.Ramp
Invoking initialize():  .top.Ramp2
Initializing actor: .top.Ramp2
Adding a thread: .top.Ramp2
Invoking initialize():  .top.Test
Initializing actor: .top.Test
Adding a thread: .top.Test
Called fire().
Checking for deadlock:
-- Starting thread.
Called initialize()
Called prefire()
Called fire()
-- Starting thread.
Called initialize()
-- Starting thread.
Called initialize()
-- Starting thread.
Called initialize()
Called prefire()
Called prefire()
Called fire()
Called fire()
Called prefire()
Called fire()
There are 0 Blocked actors, 0 Stopped actors, and 4 active threads.
Waiting for actors to stop.
Called postfire()
Called postfire()
Called prefire()
Called prefire()
Called fire()
Called fire()
Checking for deadlock:
There are 1 Blocked actors, 0 Stopped actors, and 4 active threads.
Waiting for actors to stop.
Called postfire()
Called prefire()
Called fire()
Read input token from inputA with value 0.0
Next port to read input from is inputB
Called postfire()
Called prefire()
Called fire()
Read input token from inputB with value 0.0
Sent output token with value 0.0
Next port to read input from is inputA
Called postfire()
Called prefire()
Called fire()
Read input token from inputA with value 1.0
Checking for deadlock:
There are 1 Blocked actors, 0 Stopped actors, and 4 active threads.
Waiting for actors to stop.
Called postfire()
Called prefire()
Called fire()
-- Read input: 0.0, which is expected to match: 0.0
Called prefire()
Called fire()
Called postfire()
Called prefire()
Called fire()
Checking for deadlock:
There are 3 Blocked actors, 0 Stopped actors, and 4 active threads.
Waiting for actors to stop.
Checking for deadlock:
There are 2 Blocked actors, 0 Stopped actors, and 4 active threads.
Waiting for actors to stop.
-- Read input: 0.0, which is expected to match: 0.0
Called prefire()
Called fire()
Sent output token with value 0.0
Next port to read input from is inputB
Called postfire()
Called prefire()
Called fire()
Read input token from inputB with value 1.5
Sent output token with value 1.0
Next port to read input from is inputA
Called postfire()
Called prefire()
Called fire()
Read input token from inputA with value 2.0
Checking for deadlock:
There are 1 Blocked actors, 0 Stopped actors, and 4 active threads.
Waiting for actors to stop.
Called postfire()
Called prefire()
Called fire()
Checking for deadlock:
There are 2 Blocked actors, 0 Stopped actors, and 4 active threads.
Waiting for actors to stop.
Called postfire()
Called prefire()
Called fire()
-- Read input: 1.0, which is expected to match: 1.0
Called prefire()
Called fire()
Checking for deadlock:
There are 3 Blocked actors, 0 Stopped actors, and 4 active threads.
Waiting for actors to stop.
-- Read input: 1.5, which is expected to match: 1.5
Called prefire()
Called fire()
Checking for deadlock:
There are 3 Blocked actors, 0 Stopped actors, and 4 active threads.
Waiting for actors to stop.
Sent output token with value 1.5
Next port to read input from is inputB
Called postfire()
Called prefire()
Called fire()
Checking for deadlock:
There are 2 Blocked actors, 0 Stopped actors, and 4 active threads.
Waiting for actors to stop.
Called postfire()
Called prefire()
Called fire()
Checking for deadlock:
There are 3 Blocked actors, 0 Stopped actors, and 4 active threads.
Waiting for actors to stop.
Read input token from inputB with value 3.0
Checking for deadlock:
There are 2 Blocked actors, 0 Stopped actors, and 4 active threads.
Waiting for actors to stop.
-- Read input: 2.0, which is expected to match: 2.0
Called prefire()
Called fire()
Checking for deadlock:
There are 3 Blocked actors, 0 Stopped actors, and 4 active threads.
Waiting for actors to stop.
Sent output token with value 2.0
Next port to read input from is inputA
Called postfire()
Called prefire()
Called fire()
Checking for deadlock:
There are 2 Blocked actors, 0 Stopped actors, and 4 active threads.
Waiting for actors to stop.
Called postfire()
Called prefire()
Called fire()
Checking for deadlock:
There are 3 Blocked actors, 0 Stopped actors, and 4 active threads.
Waiting for actors to stop.
Read input token from inputA with value 3.0
-- Read input: 3.0, which is expected to match: 3.0
Called prefire()
Called fire()
Checking for deadlock:
There are 3 Blocked actors, 0 Stopped actors, and 4 active threads.
Waiting for actors to stop.
Sent output token with value 3.0
Next port to read input from is inputB
Called postfire()
Called prefire()
Called fire()
Called postfire()
Called prefire()
Called fire()
Checking for deadlock:
There are 3 Blocked actors, 0 Stopped actors, and 4 active threads.
Waiting for actors to stop.
Read input token from inputB with value 4.5
-- Read input: 3.0, which is expected to match: 3.0
Called prefire()
Called fire()
Checking for deadlock:
There are 3 Blocked actors, 0 Stopped actors, and 4 active threads.
Waiting for actors to stop.
Sent output token with value 3.0
Next port to read input from is inputA
Called postfire()
Called prefire()
Called fire()
Checking for deadlock:
There are 2 Blocked actors, 0 Stopped actors, and 4 active threads.
Waiting for actors to stop.
Called postfire()
Called prefire()
Called fire()
Checking for deadlock:
There are 3 Blocked actors, 0 Stopped actors, and 4 active threads.
Waiting for actors to stop.
Read input token from inputA with value 4.0
Checking for deadlock:
There are 2 Blocked actors, 0 Stopped actors, and 4 active threads.
Waiting for actors to stop.
-- Read input: 4.0, which is expected to match: 4.0
Called prefire()
Called fire()
Past the end of training data. Read and discard all inputs.
Checking for deadlock:
There are 3 Blocked actors, 0 Stopped actors, and 4 active threads.
Waiting for actors to stop.
Sent output token with value 4.0
Next port to read input from is inputA
Called postfire()
Called prefire()
Called fire()
Checking for deadlock:
There are 2 Blocked actors, 0 Stopped actors, and 4 active threads.
Waiting for actors to stop.
Called postfire()
Called prefire()
Called fire()
Checking for deadlock:
There are 3 Blocked actors, 0 Stopped actors, and 4 active threads.
Waiting for actors to stop.
Read input token from inputA with value 5.0
Checking for deadlock:
There are 2 Blocked actors, 0 Stopped actors, and 4 active threads.
Waiting for actors to stop.
Called prefire()
Called fire()
Past the end of training data. Read and discard all inputs.
Checking for deadlock:
There are 3 Blocked actors, 0 Stopped actors, and 4 active threads.
Waiting for actors to stop.
Sent output token with value 4.5
Next port to read input from is inputB
Called postfire()
Called prefire()
Called fire()
Called postfire()
Called prefire()
Called fire()
Checking for deadlock:
There are 3 Blocked actors, 0 Stopped actors, and 4 active threads.
Waiting for actors to stop.
Read input token from inputB with value 6.0
Called prefire()
Called fire()
Past the end of training data. Read and discard all inputs.
Checking for deadlock:
There are 3 Blocked actors, 0 Stopped actors, and 4 active threads.
Waiting for actors to stop.
Sent output token with value 5.0
Next port to read input from is inputA
Called postfire()
Called prefire()
Called fire()
Checking for deadlock:
There are 2 Blocked actors, 0 Stopped actors, and 4 active threads.
Waiting for actors to stop.
Called postfire()
Called prefire()
Called fire()
Checking for deadlock:
There are 3 Blocked actors, 0 Stopped actors, and 4 active threads.
Waiting for actors to stop.
Read input token from inputA with value 6.0
Checking for deadlock:
There are 2 Blocked actors, 0 Stopped actors, and 4 active threads.
Waiting for actors to stop.
Called prefire()
Called fire()
Past the end of training data. Read and discard all inputs.
Checking for deadlock:
There are 3 Blocked actors, 0 Stopped actors, and 4 active threads.
Waiting for actors to stop.
Sent output token with value 6.0
Next port to read input from is inputB
Called postfire()
Called prefire()
Called fire()
Called postfire()
Called prefire()
Called fire()
Checking for deadlock:
There are 3 Blocked actors, 0 Stopped actors, and 4 active threads.
Waiting for actors to stop.
Read input token from inputB with value 7.5
Called prefire()
Called fire()
Past the end of training data. Read and discard all inputs.
Checking for deadlock:
There are 3 Blocked actors, 0 Stopped actors, and 4 active threads.
Waiting for actors to stop.
Sent output token with value 6.0
Next port to read input from is inputA
Called postfire()
Called prefire()
Called fire()
Checking for deadlock:
There are 2 Blocked actors, 0 Stopped actors, and 4 active threads.
Waiting for actors to stop.
Called postfire()
Called prefire()
Called fire()
Checking for deadlock:
There are 3 Blocked actors, 0 Stopped actors, and 4 active threads.
Waiting for actors to stop.
Read input token from inputA with value 7.0
Checking for deadlock:
There are 2 Blocked actors, 0 Stopped actors, and 4 active threads.
Waiting for actors to stop.
Called prefire()
Called fire()
Past the end of training data. Read and discard all inputs.
Checking for deadlock:
There are 3 Blocked actors, 0 Stopped actors, and 4 active threads.
Waiting for actors to stop.
Sent output token with value 7.0
Next port to read input from is inputA
Called postfire()
Called prefire()
Called fire()
Checking for deadlock:
There are 2 Blocked actors, 0 Stopped actors, and 4 active threads.
Waiting for actors to stop.
-- Thread wrapup() called.
Called wrapup()
Thread .top.Ramp is exiting.
-- Thread stopped.
Checking for deadlock:
There are 2 Blocked actors, 0 Stopped actors, and 3 active threads.
Waiting for actors to stop.
Read input token from inputA with value 8.0
Called prefire()
Called fire()
Past the end of training data. Read and discard all inputs.
Checking for deadlock:
There are 2 Blocked actors, 0 Stopped actors, and 3 active threads.
Waiting for actors to stop.
Sent output token with value 7.5
Next port to read input from is inputB
Called postfire()
Called prefire()
Called fire()
Checking for deadlock:
There are 1 Blocked actors, 0 Stopped actors, and 3 active threads.
Waiting for actors to stop.
Called postfire()
Called prefire()
Called fire()
Checking for deadlock:
There are 2 Blocked actors, 0 Stopped actors, and 3 active threads.
Waiting for actors to stop.
Read input token from inputB with value 9.0
Checking for deadlock:
There are 1 Blocked actors, 0 Stopped actors, and 3 active threads.
Waiting for actors to stop.
Called prefire()
Called fire()
Past the end of training data. Read and discard all inputs.
Checking for deadlock:
There are 2 Blocked actors, 0 Stopped actors, and 3 active threads.
Waiting for actors to stop.
Sent output token with value 8.0
Next port to read input from is inputA
Called postfire()
Called prefire()
Called fire()
Read input token from inputA with value 9.0
Called prefire()
Called fire()
Past the end of training data. Read and discard all inputs.
Checking for deadlock:
There are 2 Blocked actors, 0 Stopped actors, and 3 active threads.
Waiting for actors to stop.
Sent output token with value 9.0
Next port to read input from is inputB
Called postfire()
Called prefire()
Called fire()
Called postfire()
Called prefire()
Called fire()
Checking for deadlock:
There are 2 Blocked actors, 0 Stopped actors, and 3 active threads.
Waiting for actors to stop.
Read input token from inputB with value 10.5
Called prefire()
Called fire()
Past the end of training data. Read and discard all inputs.
Checking for deadlock:
There are 2 Blocked actors, 0 Stopped actors, and 3 active threads.
Waiting for actors to stop.
Sent output token with value 9.0
Next port to read input from is inputA
Called postfire()
Called prefire()
Called fire()
Checking for deadlock:
There are 3 Blocked actors, 0 Stopped actors, and 3 active threads.
Actors have stopped.
Checking for deadlock:
There are 3 Blocked actors, 0 Stopped actors, and 3 active threads.
Deadlock detected.
Resolving Deadlock
Checking for deadlock:
There are 3 Blocked actors, 0 Stopped actors, and 3 active threads.
Artificial Deadlock - increasing queue capacity.
increasing the capacity of receiver ptolemy.actor.TypedIOPort {.top.OrderedMerge.inputB} to 2
Director: Called postfire().
Called postfire().
_stopRequested = false
_stopFireRequested = false
Returning from postfire(): true
Called fire().
Checking for deadlock:
There are 2 Blocked actors, 0 Stopped actors, and 3 active threads.
Waiting for actors to stop.
-- Thread wrapup() called.
Called wrapup()
Thread .top.Ramp2 is exiting.
-- Thread stopped.
Checking for deadlock:
There are 2 Blocked actors, 0 Stopped actors, and 2 active threads.
Actors have stopped.
Checking for deadlock:
There are 2 Blocked actors, 0 Stopped actors, and 2 active threads.
Deadlock detected.
Resolving Deadlock
Checking for deadlock:
There are 2 Blocked actors, 0 Stopped actors, and 2 active threads.
Deadlock detected: no processes blocked on write, but some are blocked on read.
Called postfire().
_stopRequested = false
_stopFireRequested = false
Returning from postfire(): false
Finished deactivating branches.
Called wrapup().
-- Thread wrapup() called.
Called wrapup()
Thread .top.Test is exiting.
-- Thread stopped.
-- Blocked Receiver call threw TerminateProcessException.
-- Thread wrapup() called.
Called wrapup()
Thread .top.OrderedMerge is exiting.
-- Thread stopped.
-- Blocked Receiver call threw TerminateProcessException.
57 ms. Memory: 129024K Free: 90074K (70%)
.top. Preinitializing ...
Invoking preinitialize():  .top.OrderedMerge
Called preinitialize()
Invoking preinitialize():  .top.Ramp
Called preinitialize()
Invoking preinitialize():  .top.Ramp2
Called preinitialize()
Invoking preinitialize():  .top.Test
Called preinitialize()
.top. Finished preinitialize().
Called initialize().
Invoking initialize():  .top.OrderedMerge
Initializing actor: .top.OrderedMerge
Adding a thread: .top.OrderedMerge
Invoking initialize():  .top.Ramp
Initializing actor: .top.Ramp
Adding a thread: .top.Ramp
Invoking initialize():  .top.Ramp2
Initializing actor: .top.Ramp2
Adding a thread: .top.Ramp2
Invoking initialize():  .top.Test
Initializing actor: .top.Test
Adding a thread: .top.Test
-- Starting thread.
Called initialize()
Called prefire()
Called fire()
-- Starting thread.
Called initialize()
-- Starting thread.
Called initialize()
Called prefire()
Called fire()
Called postfire()
Called prefire()
Called fire()
Called fire().
Checking for deadlock:
There are 2 Blocked actors, 0 Stopped actors, and 4 active threads.
Waiting for actors to stop.
Called prefire()
Called fire()
Called postfire()
Called prefire()
Called fire()
Checking for deadlock:
There are 3 Blocked actors, 0 Stopped actors, and 4 active threads.
Waiting for actors to stop.
-- Starting thread.
Called initialize()
Called prefire()
Called fire()
Read input token from inputA with value 0.0
Next port to read input from is inputB
Called postfire()
Called prefire()
Called fire()
Read input token from inputB with value 0.0
Sent output token with value 0.0
Next port to read input from is inputA
Called postfire()
Called prefire()
Called fire()
-- Read input: 0.0, which is expected to match: 0.0
Called prefire()
Called fire()
Checking for deadlock:
There are 2 Blocked actors, 0 Stopped actors, and 4 active threads.
Waiting for actors to stop.
Called postfire()
Called prefire()
Called fire()
Checking for deadlock:
There are 2 Blocked actors, 0 Stopped actors, and 4 active threads.
Waiting for actors to stop.
Called postfire()
Called prefire()
Called fire()
Checking for deadlock:
There are 3 Blocked actors, 0 Stopped actors, and 4 active threads.
Waiting for actors to stop.
Read input token from inputA with value 1.0
Sent output token with value 0.0
Next port to read input from is inputB
Called postfire()
Called prefire()
Called fire()
Read input token from inputB with value 1.5
Called postfire()
Called prefire()
Called fire()
Checking for deadlock:
There are 2 Blocked actors, 0 Stopped actors, and 4 active threads.
Waiting for actors to stop.
-- Read input: 0.0, which is expected to match: 0.0
Called prefire()
Called fire()
Called postfire()
Called prefire()
Called fire()
Checking for deadlock:
There are 3 Blocked actors, 0 Stopped actors, and 4 active threads.
Waiting for actors to stop.
Sent output token with value 1.0
Next port to read input from is inputA
Called postfire()
Called prefire()
Called fire()
Read input token from inputA with value 2.0
Called postfire()
Called prefire()
Called fire()
Checking for deadlock:
There are 3 Blocked actors, 0 Stopped actors, and 4 active threads.
Waiting for actors to stop.
-- Read input: 1.0, which is expected to match: 1.0
Called prefire()
Called fire()
Checking for deadlock:
There are 3 Blocked actors, 0 Stopped actors, and 4 active threads.
Waiting for actors to stop.
-- Read input: 1.5, which is expected to match: 1.5
Called prefire()
Called fire()
Checking for deadlock:
There are 3 Blocked actors, 0 Stopped actors, and 4 active threads.
Waiting for actors to stop.
Sent output token with value 1.5
Next port to read input from is inputB
Called postfire()
Called prefire()
Called fire()
Checking for deadlock:
There are 2 Blocked actors, 0 Stopped actors, and 4 active threads.
Waiting for actors to stop.
Called postfire()
Called prefire()
Called fire()
Checking for deadlock:
There are 3 Blocked actors, 0 Stopped actors, and 4 active threads.
Waiting for actors to stop.
Read input token from inputB with value 3.0
Sent output token with value 2.0
Next port to read input from is inputA
Called postfire()
Called prefire()
Called fire()
Checking for deadlock:
There are 2 Blocked actors, 0 Stopped actors, and 4 active threads.
Waiting for actors to stop.
-- Read input: 2.0, which is expected to match: 2.0
Called prefire()
Called fire()
Checking for deadlock:
There are 3 Blocked actors, 0 Stopped actors, and 4 active threads.
Waiting for actors to stop.
Called postfire()
Called prefire()
Called fire()
Checking for deadlock:
There are 3 Blocked actors, 0 Stopped actors, and 4 active threads.
Waiting for actors to stop.
Read input token from inputA with value 3.0
-- Read input: 3.0, which is expected to match: 3.0
Called prefire()
Called fire()
Checking for deadlock:
There are 3 Blocked actors, 0 Stopped actors, and 4 active threads.
Waiting for actors to stop.
Sent output token with value 3.0
Next port to read input from is inputB
Called postfire()
Called prefire()
Called fire()
Checking for deadlock:
There are 2 Blocked actors, 0 Stopped actors, and 4 active threads.
Waiting for actors to stop.
Called postfire()
Called prefire()
Called fire()
Checking for deadlock:
There are 3 Blocked actors, 0 Stopped actors, and 4 active threads.
Waiting for actors to stop.
Read input token from inputB with value 4.5
Sent output token with value 3.0
Next port to read input from is inputA
Called postfire()
Called prefire()
Called fire()
Read input token from inputA with value 4.0
Called postfire()
Called prefire()
Called fire()
Checking for deadlock:
There are 3 Blocked actors, 0 Stopped actors, and 4 active threads.
Waiting for actors to stop.
-- Read input: 3.0, which is expected to match: 3.0
Called prefire()
Called fire()
Checking for deadlock:
There are 3 Blocked actors, 0 Stopped actors, and 4 active threads.
Waiting for actors to stop.
-- Read input: 4.0, which is expected to match: 4.0
Called prefire()
Called fire()
Past the end of training data. Read and discard all inputs.
Checking for deadlock:
There are 3 Blocked actors, 0 Stopped actors, and 4 active threads.
Waiting for actors to stop.
Sent output token with value 4.0
Next port to read input from is inputA
Called postfire()
Called prefire()
Called fire()
Checking for deadlock:
There are 2 Blocked actors, 0 Stopped actors, and 4 active threads.
Waiting for actors to stop.
Called postfire()
Called prefire()
Called fire()
Checking for deadlock:
There are 3 Blocked actors, 0 Stopped actors, and 4 active threads.
Waiting for actors to stop.
Read input token from inputA with value 5.0
Checking for deadlock:
There are 2 Blocked actors, 0 Stopped actors, and 4 active threads.
Waiting for actors to stop.
Called prefire()
Called fire()
Past the end of training data. Read and discard all inputs.
Checking for deadlock:
There are 3 Blocked actors, 0 Stopped actors, and 4 active threads.
Waiting for actors to stop.
Sent output token with value 4.5
Next port to read input from is inputB
Called postfire()
Called prefire()
Called fire()
Checking for deadlock:
There are 2 Blocked actors, 0 Stopped actors, and 4 active threads.
Waiting for actors to stop.
Called postfire()
Called prefire()
Called fire()
Checking for deadlock:
There are 3 Blocked actors, 0 Stopped actors, and 4 active threads.
Waiting for actors to stop.
Read input token from inputB with value 6.0
Sent output token with value 5.0
Next port to read input from is inputA
Called postfire()
Called prefire()
Called fire()
Read input token from inputA with value 6.0
Checking for deadlock:
There are 2 Blocked actors, 0 Stopped actors, and 4 active threads.
Waiting for actors to stop.
Called postfire()
Called prefire()
Called fire()
Called prefire()
Called fire()
Past the end of training data. Read and discard all inputs.
Checking for deadlock:
There are 3 Blocked actors, 0 Stopped actors, and 4 active threads.
Waiting for actors to stop.
Called prefire()
Called fire()
Past the end of training data. Read and discard all inputs.
Checking for deadlock:
There are 3 Blocked actors, 0 Stopped actors, and 4 active threads.
Waiting for actors to stop.
Sent output token with value 6.0
Next port to read input from is inputB
Called postfire()
Called prefire()
Called fire()
Checking for deadlock:
There are 2 Blocked actors, 0 Stopped actors, and 4 active threads.
Waiting for actors to stop.
Called postfire()
Called prefire()
Called fire()
Checking for deadlock:
There are 3 Blocked actors, 0 Stopped actors, and 4 active threads.
Waiting for actors to stop.
Read input token from inputB with value 7.5
Sent output token with value 6.0
Next port to read input from is inputA
Called postfire()
Called prefire()
Called fire()
Read input token from inputA with value 7.0
Checking for deadlock:
There are 2 Blocked actors, 0 Stopped actors, and 4 active threads.
Waiting for actors to stop.
Called postfire()
Called prefire()
Called fire()
Called prefire()
Called fire()
Past the end of training data. Read and discard all inputs.
Checking for deadlock:
There are 3 Blocked actors, 0 Stopped actors, and 4 active threads.
Waiting for actors to stop.
Called prefire()
Called fire()
Past the end of training data. Read and discard all inputs.
Checking for deadlock:
There are 3 Blocked actors, 0 Stopped actors, and 4 active threads.
Waiting for actors to stop.
Sent output token with value 7.0
Next port to read input from is inputA
Called postfire()
Called prefire()
Called fire()
Checking for deadlock:
There are 2 Blocked actors, 0 Stopped actors, and 4 active threads.
Waiting for actors to stop.
-- Thread wrapup() called.
Called wrapup()
Thread .top.Ramp is exiting.
-- Thread stopped.
Checking for deadlock:
There are 2 Blocked actors, 0 Stopped actors, and 3 active threads.
Waiting for actors to stop.
Read input token from inputA with value 8.0
Called prefire()
Called fire()
Past the end of training data. Read and discard all inputs.
Checking for deadlock:
There are 2 Blocked actors, 0 Stopped actors, and 3 active threads.
Waiting for actors to stop.
Sent output token with value 7.5
Next port to read input from is inputB
Called postfire()
Called prefire()
Called fire()
Checking for deadlock:
There are 1 Blocked actors, 0 Stopped actors, and 3 active threads.
Waiting for actors to stop.
Called postfire()
Called prefire()
Called fire()
Checking for deadlock:
There are 2 Blocked actors, 0 Stopped actors, and 3 active threads.
Waiting for actors to stop.
Read input token from inputB with value 9.0
Checking for deadlock:
There are 1 Blocked actors, 0 Stopped actors, and 3 active threads.
Waiting for actors to stop.
Called prefire()
Called fire()
Past the end of training data. Read and discard all inputs.
Checking for deadlock:
There are 2 Blocked actors, 0 Stopped actors, and 3 active threads.
Waiting for actors to stop.
Sent output token with value 8.0
Next port to read input from is inputA
Called postfire()
Called prefire()
Called fire()
Read input token from inputA with value 9.0
Called prefire()
Called fire()
Past the end of training data. Read and discard all inputs.
Checking for deadlock:
There are 2 Blocked actors, 0 Stopped actors, and 3 active threads.
Waiting for actors to stop.
Sent output token with value 9.0
Next port to read input from is inputB
Called postfire()
Called prefire()
Called fire()
Checking for deadlock:
There are 1 Blocked actors, 0 Stopped actors, and 3 active threads.
Waiting for actors to stop.
Called postfire()
Called prefire()
Called fire()
Checking for deadlock:
There are 2 Blocked actors, 0 Stopped actors, and 3 active threads.
Waiting for actors to stop.
Read input token from inputB with value 10.5
Checking for deadlock:
There are 1 Blocked actors, 0 Stopped actors, and 3 active threads.
Waiting for actors to stop.
Called prefire()
Called fire()
Past the end of training data. Read and discard all inputs.
Checking for deadlock:
There are 2 Blocked actors, 0 Stopped actors, and 3 active threads.
Waiting for actors to stop.
Sent output token with value 9.0
Next port to read input from is inputA
Called postfire()
Called prefire()
Called fire()
Checking for deadlock:
There are 3 Blocked actors, 0 Stopped actors, and 3 active threads.
Actors have stopped.
Checking for deadlock:
There are 3 Blocked actors, 0 Stopped actors, and 3 active threads.
Deadlock detected.
Resolving Deadlock
Checking for deadlock:
There are 3 Blocked actors, 0 Stopped actors, and 3 active threads.
Artificial Deadlock - increasing queue capacity.
increasing the capacity of receiver ptolemy.actor.TypedIOPort {.top.OrderedMerge.inputB} to 2
Director: Called postfire().
Called postfire().
_stopRequested = false
_stopFireRequested = false
Returning from postfire(): true
Called fire().
Checking for deadlock:
There are 2 Blocked actors, 0 Stopped actors, and 3 active threads.
Waiting for actors to stop.
-- Thread wrapup() called.
Called wrapup()
Thread .top.Ramp2 is exiting.
-- Thread stopped.
Checking for deadlock:
There are 2 Blocked actors, 0 Stopped actors, and 2 active threads.
Actors have stopped.
Checking for deadlock:
There are 2 Blocked actors, 0 Stopped actors, and 2 active threads.
Deadlock detected.
Resolving Deadlock
Checking for deadlock:
There are 2 Blocked actors, 0 Stopped actors, and 2 active threads.
Deadlock detected: no processes blocked on write, but some are blocked on read.
Called postfire().
_stopRequested = false
_stopFireRequested = false
Returning from postfire(): false
Finished deactivating branches.
Called wrapup().
-- Thread wrapup() called.
Called wrapup()
-- Thread wrapup() called.
Called wrapup()
Thread .top.Test is exiting.
-- Thread stopped.
-- Blocked Receiver call threw TerminateProcessException.
Thread .top.OrderedMerge is exiting.
-- Thread stopped.
-- Blocked Receiver call threw TerminateProcessException.
36 ms. Memory: 129024K Free: 87542K (68%)
/home/travis/build/icyphy/ptII/ptolemy/actor/lib/test/Publisher.tcl
12 ms. Memory: 129024K Free: 81368K (63%)
8 ms. Memory: 129024K Free: 76234K (59%)
7 ms. Memory: 129024K Free: 72666K (56%)
5 ms. Memory: 129024K Free: 71642K (56%)
6 ms. Memory: 129024K Free: 70618K (55%)
11 ms. Memory: 129024K Free: 70090K (54%)
3 ms. Memory: 129024K Free: 69074K (54%)
13 ms. Memory: 165888K Free: 150387K (91%)
18 ms. Memory: 165888K Free: 140949K (85%)
3 ms. Memory: 165888K Free: 136823K (82%)
2 ms. Memory: 165888K Free: 136343K (82%)
4 ms. Memory: 165888K Free: 134295K (81%)
9 ms. Memory: 165888K Free: 126613K (76%)
14 ms. Memory: 165888K Free: 116887K (70%)
17 ms. Memory: 165888K Free: 148775K (90%)
/home/travis/build/icyphy/ptII/ptolemy/actor/lib/test/Pulse.tcl
3 ms. Memory: 165888K Free: 110901K (67%)
8 ms. Memory: 165888K Free: 110391K (67%)
2 ms. Memory: 165888K Free: 109863K (66%)
1 ms. Memory: 165888K Free: 109367K (66%)
1 ms. Memory: 165888K Free: 108847K (66%)
5 ms. Memory: 165888K Free: 107829K (65%)
2 ms. Memory: 165888K Free: 106775K (64%)
1 ms. Memory: 165888K Free: 105775K (64%)
1 ms. Memory: 165888K Free: 105271K (63%)
/home/travis/build/icyphy/ptII/ptolemy/actor/lib/test/Ramp.tcl
2 ms. Memory: 165888K Free: 103223K (62%)
1 ms. Memory: 165888K Free: 102695K (62%)
1 ms. Memory: 165888K Free: 101671K (61%)
2 ms. Memory: 165888K Free: 101175K (61%)
3 ms. Memory: 165888K Free: 100151K (60%)
3 ms. Memory: 165888K Free: 99637K (60%)
3 ms. Memory: 165888K Free: 98583K (59%)
5 actors
4000 microseconds per iteration to create
4 ms. Memory: 165888K Free: 95541K (58%)
1 ms. Memory: 165888K Free: 95031K (57%)
1 ms. Memory: 165888K Free: 94503K (57%)
1 ms. Memory: 165888K Free: 94007K (57%)
50 actors
50000 microseconds per iteration to create
33 ms. Memory: 165888K Free: 134809K (81%)
13 ms. Memory: 165888K Free: 133785K (81%)
4 ms. Memory: 165888K Free: 132247K (80%)
13 ms. Memory: 165888K Free: 131223K (79%)
500 actors
1330000 microseconds per iteration to create
241 ms. Memory: 199680K Free: 158261K (79%)
30 ms. Memory: 199680K Free: 153110K (77%)
29 ms. Memory: 199680K Free: 148021K (74%)
32 ms. Memory: 199680K Free: 142901K (72%)
/home/travis/build/icyphy/ptII/ptolemy/actor/lib/test/RampContinuous.tcl
7 ms. Memory: 199680K Free: 141367K (71%)
/home/travis/build/icyphy/ptII/ptolemy/actor/lib/test/RecordAssembler.tcl
5 ms. Memory: 199680K Free: 139829K (70%)
2 ms. Memory: 199680K Free: 138790K (70%)
/home/travis/build/icyphy/ptII/ptolemy/actor/lib/test/RecordDisassembler.tcl
13 ms. Memory: 199680K Free: 136757K (68%)
4 ms. Memory: 199680K Free: 136247K (68%)
3 ms. Memory: 199680K Free: 135223K (68%)
/home/travis/build/icyphy/ptII/ptolemy/actor/lib/test/Scale.tcl
3 ms. Memory: 199680K Free: 133175K (67%)
1 ms. Memory: 199680K Free: 132630K (66%)
1 ms. Memory: 199680K Free: 131637K (66%)
2 ms. Memory: 199680K Free: 130582K (65%)
2 ms. Memory: 199680K Free: 130103K (65%)
/home/travis/build/icyphy/ptII/ptolemy/actor/lib/test/SequentialClock.tcl
preinitializing
resolving types
initializing
executing number 1
wrapping up
idle
4 ms. Memory: 199680K Free: 128558K (64%)
Completed execution with 5 iterations
preinitializing
resolving types
initializing
executing number 1
wrapping up
idle
2 ms. Memory: 199680K Free: 128055K (64%)
Completed execution with 5 iterations
preinitializing
resolving types
initializing
executing number 1
wrapping up
idle
1 ms. Memory: 199680K Free: 127526K (64%)
Completed execution with 5 iterations
/home/travis/build/icyphy/ptII/ptolemy/actor/lib/test/SetVariable.tcl
3 ms. Memory: 199680K Free: 126007K (63%)


==== $PTII/ptolemy/actor/lib/test/SetVariable.tcl: SetVariable-3.1 changeFailed
==== Contents of test case:

    #Uses 2.1 above
    jdkCaptureErr {
        # This test was failing if we ran Exit.tcl and then this test.
        # MessageHandler.error() now actually throws the Exception.
	catch {$setVariable changeFailed [java::null]  [java::new Exception {Test exception for SetVariable.changeFailed()}]} errMsg
    } results
    list [string range $results 0 89] "\n" $errMsg

==== Result was:
{java.lang.Exception: Test exception for SetVariable.changeFailed()
	at java.base/jdk.inter} {
} {java.lang.RuntimeException: java.lang.Exception: Test exception for SetVariable.changeFailed()}
---- Result should have been:
{Failed to set variable.
java.lang.Exception: Test exception for SetVariable.changeFailed()} {
} {java.lang.RuntimeException: java.lang.Exception: Test exception for SetVariable.changeFailed()}
---- SetVariable-3.1 FAILED
/home/travis/build/icyphy/ptII/ptolemy/actor/lib/test/Sinewave.tcl
/home/travis/build/icyphy/ptII/ptolemy/actor/lib/test/SubscriptionAggregator.tcl
4 ms. Memory: 199680K Free: 113719K (57%)
2 ms. Memory: 199680K Free: 113174K (57%)
1 ms. Memory: 199680K Free: 112695K (56%)
0 ms. Memory: 199680K Free: 112174K (56%)
2 ms. Memory: 199680K Free: 108599K (54%)
9 ms. Memory: 199680K Free: 106551K (53%)
...............................................................889 ms. Memory: 260096K Free: 93941K (36%)
/home/travis/build/icyphy/ptII/ptolemy/actor/lib/test/Test.tcl
 The next command will produce a warning about training mode,
   which may be ignored.
4 ms. Memory: 260096K Free: 91878K (35%)
9 ms. Memory: 260096K Free: 91383K (35%)
1 ms. Memory: 260096K Free: 90854K (35%)
2 ms. Memory: 260096K Free: 90359K (35%)
5 ms. Memory: 260096K Free: 89335K (34%)
3 ms. Memory: 260096K Free: 88311K (34%)
3 ms. Memory: 260096K Free: 86773K (33%)
 The next command will produce a warning about training mode,
   which may be ignored.
11 ms. Memory: 260096K Free: 84710K (33%)
 The next command will produce a warning about training mode,
   which may be ignored.
2 ms. Memory: 260096K Free: 83191K (32%)
1 ms. Memory: 260096K Free: 83191K (32%)
1 ms. Memory: 260096K Free: 82670K (32%)
2 ms. Memory: 260096K Free: 82167K (32%)
7 ms. Memory: 260096K Free: 81143K (31%)
3 ms. Memory: 260096K Free: 211968K (81%)
/home/travis/build/icyphy/ptII/ptolemy/actor/lib/test/TestExceptionHandler.tcl
 The next command will produce a warning about training mode,
   which may be ignored.
2 ms. Memory: 260096K Free: 210944K (81%)
1 ms. Memory: 260096K Free: 210423K (81%)
1 ms. Memory: 260096K Free: 209920K (81%)
/home/travis/build/icyphy/ptII/ptolemy/actor/lib/test/UnionDisassembler.tcl
12 ms. Memory: 260096K Free: 202238K (78%)
/home/travis/build/icyphy/ptII/ptolemy/actor/lib/test/VariableClock.tcl
preinitializing
resolving types
initializing
executing number 1
wrapping up
idle
3 ms. Memory: 260096K Free: 200704K (77%)
Completed execution with 11 iterations
preinitializing
resolving types
initializing
executing number 1
wrapping up
idle
3 ms. Memory: 260096K Free: 199151K (77%)
Completed execution with 10 iterations
12/06/19 06:17:51
Failed: 1  Total Tests: 234  ((Passed: 233, Newly Passed: 0)  Known Failed: 0) /home/travis/build/icyphy/ptII/ptolemy/actor/lib/test
----------------- testing (KnownFailure) /home/travis/build/icyphy/ptII/ptolemy/actor/lib/test/auto/knownFailedTests/PublisherPortToplevelSubscriber.xml
1 ms. Memory: 260096K Free: 195584K (75%)
Known Failure: java.lang.reflect.InvocationTargetException
----------------- testing (KnownFailure) /home/travis/build/icyphy/ptII/ptolemy/actor/lib/test/auto/knownFailedTests/PublisherSubscriberPortToplevel.xml
1 ms. Memory: 260096K Free: 191998K (74%)
Known Failure: java.lang.reflect.InvocationTargetException
----------------- testing (KnownFailure) /home/travis/build/icyphy/ptII/ptolemy/actor/lib/test/auto/knownFailedTests/PublisherSubscriptionAggregatorPort.xml
0 ms. Memory: 260096K Free: 187902K (72%)
Known Failure: java.lang.reflect.InvocationTargetException
----------------- testing (KnownFailure) /home/travis/build/icyphy/ptII/ptolemy/actor/lib/test/auto/knownFailedTests/sizedarray3.xml
4 ms. Memory: 260096K Free: 183296K (70%)
Known Failure: java.lang.reflect.InvocationTargetException
No auto/linux-amd64/*.xml tests in /home/travis/build/icyphy/ptII/ptolemy/actor/lib/test
AutoTests.java: About to close Vertx.
AutoTests.java: Vertx closed.

===========================================================================================
----------------- testing Fri Dec 06 06:17:52 UTC 2019 /home/travis/build/icyphy/ptII/ptolemy/actor/lib/test/auto/AbsoluteValue.xml
----------------- Instantiating /home/travis/build/icyphy/ptII/ptolemy/actor/lib/test/auto/AbsoluteValue.xml
9 ms. Memory: 260096K Free: 161278K (62%)
----------------- Invoking toplevel() on ptolemy.moml.MoMLSimpleApplication@73b3214d
----------------- Done invoking toplevel() on ptolemy.moml.MoMLSimpleApplication@73b3214d
reloadAllAccessors: .AbsoluteValue

===========================================================================================
----------------- testing Fri Dec 06 06:17:52 UTC 2019 /home/travis/build/icyphy/ptII/ptolemy/actor/lib/test/auto/AbsoluteValue2.xml
----------------- Instantiating /home/travis/build/icyphy/ptII/ptolemy/actor/lib/test/auto/AbsoluteValue2.xml
5 ms. Memory: 260096K Free: 154110K (59%)
----------------- Invoking toplevel() on ptolemy.moml.MoMLSimpleApplication@7f5c468c
----------------- Done invoking toplevel() on ptolemy.moml.MoMLSimpleApplication@7f5c468c
reloadAllAccessors: .AbsoluteValue2

===========================================================================================
----------------- testing Fri Dec 06 06:17:52 UTC 2019 /home/travis/build/icyphy/ptII/ptolemy/actor/lib/test/auto/Accumulator.xml
----------------- Instantiating /home/travis/build/icyphy/ptII/ptolemy/actor/lib/test/auto/Accumulator.xml
6 ms. Memory: 260096K Free: 147966K (57%)
----------------- Invoking toplevel() on ptolemy.moml.MoMLSimpleApplication@67a12e28
----------------- Done invoking toplevel() on ptolemy.moml.MoMLSimpleApplication@67a12e28
reloadAllAccessors: .Accumulator

===========================================================================================
----------------- testing Fri Dec 06 06:17:52 UTC 2019 /home/travis/build/icyphy/ptII/ptolemy/actor/lib/test/auto/Accumulator2.xml
----------------- Instantiating /home/travis/build/icyphy/ptII/ptolemy/actor/lib/test/auto/Accumulator2.xml
9 ms. Memory: 260096K Free: 142336K (55%)
----------------- Invoking toplevel() on ptolemy.moml.MoMLSimpleApplication@42d60f4e
----------------- Done invoking toplevel() on ptolemy.moml.MoMLSimpleApplication@42d60f4e
reloadAllAccessors: .Accumulator2

===========================================================================================
----------------- testing Fri Dec 06 06:17:52 UTC 2019 /home/travis/build/icyphy/ptII/ptolemy/actor/lib/test/auto/Accumulator3.xml
----------------- Instantiating /home/travis/build/icyphy/ptII/ptolemy/actor/lib/test/auto/Accumulator3.xml
2 ms. Memory: 260096K Free: 138240K (53%)
----------------- Invoking toplevel() on ptolemy.moml.MoMLSimpleApplication@5d455b1c
----------------- Done invoking toplevel() on ptolemy.moml.MoMLSimpleApplication@5d455b1c
reloadAllAccessors: .Accumulator3

===========================================================================================
----------------- testing Fri Dec 06 06:17:52 UTC 2019 /home/travis/build/icyphy/ptII/ptolemy/actor/lib/test/auto/ArrayAppend.xml
----------------- Instantiating /home/travis/build/icyphy/ptII/ptolemy/actor/lib/test/auto/ArrayAppend.xml
4 ms. Memory: 260096K Free: 132575K (51%)
----------------- Invoking toplevel() on ptolemy.moml.MoMLSimpleApplication@282f03d5
----------------- Done invoking toplevel() on ptolemy.moml.MoMLSimpleApplication@282f03d5
reloadAllAccessors: .ArrayAppend

===========================================================================================
----------------- testing Fri Dec 06 06:17:52 UTC 2019 /home/travis/build/icyphy/ptII/ptolemy/actor/lib/test/auto/ArrayAppend2.xml
----------------- Instantiating /home/travis/build/icyphy/ptII/ptolemy/actor/lib/test/auto/ArrayAppend2.xml
324 ms. Memory: 260096K Free: 182654K (70%)
----------------- Invoking toplevel() on ptolemy.moml.MoMLSimpleApplication@49ea2312
----------------- Done invoking toplevel() on ptolemy.moml.MoMLSimpleApplication@49ea2312
reloadAllAccessors: .ArrayAppend2

===========================================================================================
----------------- testing Fri Dec 06 06:17:52 UTC 2019 /home/travis/build/icyphy/ptII/ptolemy/actor/lib/test/auto/ArrayAppend3.xml
----------------- Instantiating /home/travis/build/icyphy/ptII/ptolemy/actor/lib/test/auto/ArrayAppend3.xml
5 ms. Memory: 260096K Free: 176510K (68%)
----------------- Invoking toplevel() on ptolemy.moml.MoMLSimpleApplication@7ebc0e60
----------------- Done invoking toplevel() on ptolemy.moml.MoMLSimpleApplication@7ebc0e60
reloadAllAccessors: .ArrayAppend3

===========================================================================================
----------------- testing Fri Dec 06 06:17:52 UTC 2019 /home/travis/build/icyphy/ptII/ptolemy/actor/lib/test/auto/ArrayAppend4.xml
----------------- Instantiating /home/travis/build/icyphy/ptII/ptolemy/actor/lib/test/auto/ArrayAppend4.xml
5 ms. Memory: 260096K Free: 171390K (66%)
----------------- Invoking toplevel() on ptolemy.moml.MoMLSimpleApplication@75ec0f02
----------------- Done invoking toplevel() on ptolemy.moml.MoMLSimpleApplication@75ec0f02
reloadAllAccessors: .ArrayAppend4

===========================================================================================
----------------- testing Fri Dec 06 06:17:52 UTC 2019 /home/travis/build/icyphy/ptII/ptolemy/actor/lib/test/auto/ArrayAppend5.xml
----------------- Instantiating /home/travis/build/icyphy/ptII/ptolemy/actor/lib/test/auto/ArrayAppend5.xml
2 ms. Memory: 260096K Free: 166270K (64%)
----------------- Invoking toplevel() on ptolemy.moml.MoMLSimpleApplication@22e26ad0
----------------- Done invoking toplevel() on ptolemy.moml.MoMLSimpleApplication@22e26ad0
reloadAllAccessors: .ArrayAppend5

===========================================================================================
----------------- testing Fri Dec 06 06:17:52 UTC 2019 /home/travis/build/icyphy/ptII/ptolemy/actor/lib/test/auto/ArrayAppend6.xml
----------------- Instantiating /home/travis/build/icyphy/ptII/ptolemy/actor/lib/test/auto/ArrayAppend6.xml
4 ms. Memory: 260096K Free: 160636K (62%)
----------------- Invoking toplevel() on ptolemy.moml.MoMLSimpleApplication@49e1ef74
----------------- Done invoking toplevel() on ptolemy.moml.MoMLSimpleApplication@49e1ef74
reloadAllAccessors: .ArrayAppend6

===========================================================================================
----------------- testing Fri Dec 06 06:17:52 UTC 2019 /home/travis/build/icyphy/ptII/ptolemy/actor/lib/test/auto/ArrayAppendPerformanceTest.xml
----------------- Instantiating /home/travis/build/icyphy/ptII/ptolemy/actor/lib/test/auto/ArrayAppendPerformanceTest.xml
29 ms. Memory: 260096K Free: 150396K (58%)
----------------- Invoking toplevel() on ptolemy.moml.MoMLSimpleApplication@2c88dbf4
----------------- Done invoking toplevel() on ptolemy.moml.MoMLSimpleApplication@2c88dbf4
reloadAllAccessors: .ArrayAppendPerformanceTest

===========================================================================================
----------------- testing Fri Dec 06 06:17:52 UTC 2019 /home/travis/build/icyphy/ptII/ptolemy/actor/lib/test/auto/ArrayAppendWithEmptyInput.xml
----------------- Instantiating /home/travis/build/icyphy/ptII/ptolemy/actor/lib/test/auto/ArrayAppendWithEmptyInput.xml
9 ms. Memory: 260096K Free: 142204K (55%)
----------------- Invoking toplevel() on ptolemy.moml.MoMLSimpleApplication@33669a20
----------------- Done invoking toplevel() on ptolemy.moml.MoMLSimpleApplication@33669a20
reloadAllAccessors: .ArrayAppendWithEmptyInput

===========================================================================================
----------------- testing Fri Dec 06 06:17:52 UTC 2019 /home/travis/build/icyphy/ptII/ptolemy/actor/lib/test/auto/ArrayAverage.xml
----------------- Instantiating /home/travis/build/icyphy/ptII/ptolemy/actor/lib/test/auto/ArrayAverage.xml
4 ms. Memory: 260096K Free: 134526K (52%)
----------------- Invoking toplevel() on ptolemy.moml.MoMLSimpleApplication@12c8138e
----------------- Done invoking toplevel() on ptolemy.moml.MoMLSimpleApplication@12c8138e
reloadAllAccessors: .ArrayAverage

===========================================================================================
----------------- testing Fri Dec 06 06:17:52 UTC 2019 /home/travis/build/icyphy/ptII/ptolemy/actor/lib/test/auto/ArrayContains.xml
----------------- Instantiating /home/travis/build/icyphy/ptII/ptolemy/actor/lib/test/auto/ArrayContains.xml
2 ms. Memory: 260096K Free: 128382K (49%)
----------------- Invoking toplevel() on ptolemy.moml.MoMLSimpleApplication@40b5163b
----------------- Done invoking toplevel() on ptolemy.moml.MoMLSimpleApplication@40b5163b
reloadAllAccessors: .ArrayContains

===========================================================================================
----------------- testing Fri Dec 06 06:17:52 UTC 2019 /home/travis/build/icyphy/ptII/ptolemy/actor/lib/test/auto/ArrayElement.xml
----------------- Instantiating /home/travis/build/icyphy/ptII/ptolemy/actor/lib/test/auto/ArrayElement.xml
4 ms. Memory: 260096K Free: 122748K (47%)
----------------- Invoking toplevel() on ptolemy.moml.MoMLSimpleApplication@5cf0dea9
----------------- Done invoking toplevel() on ptolemy.moml.MoMLSimpleApplication@5cf0dea9
reloadAllAccessors: .ArrayElement

===========================================================================================
----------------- testing Fri Dec 06 06:17:53 UTC 2019 /home/travis/build/icyphy/ptII/ptolemy/actor/lib/test/auto/ArrayElementAsMatrix.xml
----------------- Instantiating /home/travis/build/icyphy/ptII/ptolemy/actor/lib/test/auto/ArrayElementAsMatrix.xml
29 ms. Memory: 260096K Free: 113022K (43%)
----------------- Invoking toplevel() on ptolemy.moml.MoMLSimpleApplication@3fc13e68
----------------- Done invoking toplevel() on ptolemy.moml.MoMLSimpleApplication@3fc13e68
reloadAllAccessors: .ArrayElementAsMatrix

===========================================================================================
----------------- testing Fri Dec 06 06:17:53 UTC 2019 /home/travis/build/icyphy/ptII/ptolemy/actor/lib/test/auto/ArrayElementI.xml
----------------- Instantiating /home/travis/build/icyphy/ptII/ptolemy/actor/lib/test/auto/ArrayElementI.xml
4 ms. Memory: 260096K Free: 107388K (41%)
----------------- Invoking toplevel() on ptolemy.moml.MoMLSimpleApplication@6bd0a463
----------------- Done invoking toplevel() on ptolemy.moml.MoMLSimpleApplication@6bd0a463
reloadAllAccessors: .ArrayElementI

===========================================================================================
----------------- testing Fri Dec 06 06:17:53 UTC 2019 /home/travis/build/icyphy/ptII/ptolemy/actor/lib/test/auto/ArrayExtract.xml
----------------- Instantiating /home/travis/build/icyphy/ptII/ptolemy/actor/lib/test/auto/ArrayExtract.xml
13 ms. Memory: 260096K Free: 99196K (38%)
----------------- Invoking toplevel() on ptolemy.moml.MoMLSimpleApplication@77c5cca1
----------------- Done invoking toplevel() on ptolemy.moml.MoMLSimpleApplication@77c5cca1
reloadAllAccessors: .ArrayExtract

===========================================================================================
----------------- testing Fri Dec 06 06:17:53 UTC 2019 /home/travis/build/icyphy/ptII/ptolemy/actor/lib/test/auto/ArrayExtract2.xml
----------------- Instantiating /home/travis/build/icyphy/ptII/ptolemy/actor/lib/test/auto/ArrayExtract2.xml
2 ms. Memory: 260096K Free: 93566K (36%)
----------------- Invoking toplevel() on ptolemy.moml.MoMLSimpleApplication@25345cb1
----------------- Done invoking toplevel() on ptolemy.moml.MoMLSimpleApplication@25345cb1
reloadAllAccessors: .ArrayExtract2

===========================================================================================
----------------- testing Fri Dec 06 06:17:53 UTC 2019 /home/travis/build/icyphy/ptII/ptolemy/actor/lib/test/auto/ArrayLength.xml
----------------- Instantiating /home/travis/build/icyphy/ptII/ptolemy/actor/lib/test/auto/ArrayLength.xml
2 ms. Memory: 260096K Free: 89980K (35%)
----------------- Invoking toplevel() on ptolemy.moml.MoMLSimpleApplication@6b1b15dd
----------------- Done invoking toplevel() on ptolemy.moml.MoMLSimpleApplication@6b1b15dd
reloadAllAccessors: .ArrayLength

===========================================================================================
----------------- testing Fri Dec 06 06:17:53 UTC 2019 /home/travis/build/icyphy/ptII/ptolemy/actor/lib/test/auto/ArrayLevelCrossing.xml
----------------- Instantiating /home/travis/build/icyphy/ptII/ptolemy/actor/lib/test/auto/ArrayLevelCrossing.xml
4 ms. Memory: 260096K Free: 81788K (31%)
----------------- Invoking toplevel() on ptolemy.moml.MoMLSimpleApplication@53424301
----------------- Done invoking toplevel() on ptolemy.moml.MoMLSimpleApplication@53424301
reloadAllAccessors: .ArrayLevelCrossing

===========================================================================================
----------------- testing Fri Dec 06 06:17:53 UTC 2019 /home/travis/build/icyphy/ptII/ptolemy/actor/lib/test/auto/ArrayLevelCrossing2.xml
----------------- Instantiating /home/travis/build/icyphy/ptII/ptolemy/actor/lib/test/auto/ArrayLevelCrossing2.xml
3 ms. Memory: 260096K Free: 74606K (29%)
----------------- Invoking toplevel() on ptolemy.moml.MoMLSimpleApplication@766f658b
----------------- Done invoking toplevel() on ptolemy.moml.MoMLSimpleApplication@766f658b
reloadAllAccessors: .ArrayLevelCrossing2

===========================================================================================
----------------- testing Fri Dec 06 06:17:53 UTC 2019 /home/travis/build/icyphy/ptII/ptolemy/actor/lib/test/auto/ArrayPeakSearch.xml
----------------- Instantiating /home/travis/build/icyphy/ptII/ptolemy/actor/lib/test/auto/ArrayPeakSearch.xml
16 ms. Memory: 507904K Free: 459644K (90%)
----------------- Invoking toplevel() on ptolemy.moml.MoMLSimpleApplication@17cc0c50
----------------- Done invoking toplevel() on ptolemy.moml.MoMLSimpleApplication@17cc0c50
reloadAllAccessors: .ArrayPeakSearch

===========================================================================================
----------------- testing Fri Dec 06 06:17:53 UTC 2019 /home/travis/build/icyphy/ptII/ptolemy/actor/lib/test/auto/ArrayPeakSearch2.xml
----------------- Instantiating /home/travis/build/icyphy/ptII/ptolemy/actor/lib/test/auto/ArrayPeakSearch2.xml
5 ms. Memory: 507904K Free: 448350K (88%)
----------------- Invoking toplevel() on ptolemy.moml.MoMLSimpleApplication@3d56c698
----------------- Done invoking toplevel() on ptolemy.moml.MoMLSimpleApplication@3d56c698
reloadAllAccessors: .ArrayPeakSearch2

===========================================================================================
----------------- testing Fri Dec 06 06:17:53 UTC 2019 /home/travis/build/icyphy/ptII/ptolemy/actor/lib/test/auto/ArrayPeakSearch3.xml
----------------- Instantiating /home/travis/build/icyphy/ptII/ptolemy/actor/lib/test/auto/ArrayPeakSearch3.xml
5 ms. Memory: 507904K Free: 439678K (87%)
----------------- Invoking toplevel() on ptolemy.moml.MoMLSimpleApplication@691f0984
----------------- Done invoking toplevel() on ptolemy.moml.MoMLSimpleApplication@691f0984
reloadAllAccessors: .ArrayPeakSearch3

===========================================================================================
----------------- testing Fri Dec 06 06:17:53 UTC 2019 /home/travis/build/icyphy/ptII/ptolemy/actor/lib/test/auto/ArrayRemoveElement.xml
----------------- Instantiating /home/travis/build/icyphy/ptII/ptolemy/actor/lib/test/auto/ArrayRemoveElement.xml
4 ms. Memory: 507904K Free: 431486K (85%)
----------------- Invoking toplevel() on ptolemy.moml.MoMLSimpleApplication@44269865
----------------- Done invoking toplevel() on ptolemy.moml.MoMLSimpleApplication@44269865
reloadAllAccessors: .ArrayRemoveElement

===========================================================================================
----------------- testing Fri Dec 06 06:17:53 UTC 2019 /home/travis/build/icyphy/ptII/ptolemy/actor/lib/test/auto/ArraySort.xml
----------------- Instantiating /home/travis/build/icyphy/ptII/ptolemy/actor/lib/test/auto/ArraySort.xml
9 ms. Memory: 507904K Free: 422780K (83%)
----------------- Invoking toplevel() on ptolemy.moml.MoMLSimpleApplication@252dad94
----------------- Done invoking toplevel() on ptolemy.moml.MoMLSimpleApplication@252dad94
reloadAllAccessors: .ArraySort

===========================================================================================
----------------- testing Fri Dec 06 06:17:53 UTC 2019 /home/travis/build/icyphy/ptII/ptolemy/actor/lib/test/auto/ArraySum.xml
----------------- Instantiating /home/travis/build/icyphy/ptII/ptolemy/actor/lib/test/auto/ArraySum.xml
3 ms. Memory: 507904K Free: 417150K (82%)
----------------- Invoking toplevel() on ptolemy.moml.MoMLSimpleApplication@350ca538
----------------- Done invoking toplevel() on ptolemy.moml.MoMLSimpleApplication@350ca538
reloadAllAccessors: .ArraySum

===========================================================================================
----------------- testing Fri Dec 06 06:17:53 UTC 2019 /home/travis/build/icyphy/ptII/ptolemy/actor/lib/test/auto/ArrayToElements.xml
----------------- Instantiating /home/travis/build/icyphy/ptII/ptolemy/actor/lib/test/auto/ArrayToElements.xml
10 ms. Memory: 507904K Free: 412030K (81%)
----------------- Invoking toplevel() on ptolemy.moml.MoMLSimpleApplication@60279605
----------------- Done invoking toplevel() on ptolemy.moml.MoMLSimpleApplication@60279605
reloadAllAccessors: .ArrayToElements

===========================================================================================
----------------- testing Fri Dec 06 06:17:53 UTC 2019 /home/travis/build/icyphy/ptII/ptolemy/actor/lib/test/auto/ArrayToMatrix.xml
----------------- Instantiating /home/travis/build/icyphy/ptII/ptolemy/actor/lib/test/auto/ArrayToMatrix.xml
6 ms. Memory: 507904K Free: 397694K (78%)
----------------- Invoking toplevel() on ptolemy.moml.MoMLSimpleApplication@3e0912da
----------------- Done invoking toplevel() on ptolemy.moml.MoMLSimpleApplication@3e0912da
reloadAllAccessors: .ArrayToMatrix

===========================================================================================
----------------- testing Fri Dec 06 06:17:53 UTC 2019 /home/travis/build/icyphy/ptII/ptolemy/actor/lib/test/auto/ArrayUpdate1.xml
----------------- Instantiating /home/travis/build/icyphy/ptII/ptolemy/actor/lib/test/auto/ArrayUpdate1.xml
9 ms. Memory: 507904K Free: 393084K (77%)
----------------- Invoking toplevel() on ptolemy.moml.MoMLSimpleApplication@70177f9e
----------------- Done invoking toplevel() on ptolemy.moml.MoMLSimpleApplication@70177f9e
reloadAllAccessors: .ArrayUpdate1

===========================================================================================
----------------- testing Fri Dec 06 06:17:53 UTC 2019 /home/travis/build/icyphy/ptII/ptolemy/actor/lib/test/auto/ArrayUpdate2.xml
----------------- Instantiating /home/travis/build/icyphy/ptII/ptolemy/actor/lib/test/auto/ArrayUpdate2.xml
4 ms. Memory: 507904K Free: 386430K (76%)
----------------- Invoking toplevel() on ptolemy.moml.MoMLSimpleApplication@2004a767
----------------- Done invoking toplevel() on ptolemy.moml.MoMLSimpleApplication@2004a767
reloadAllAccessors: .ArrayUpdate2

===========================================================================================
----------------- testing Fri Dec 06 06:17:53 UTC 2019 /home/travis/build/icyphy/ptII/ptolemy/actor/lib/test/auto/ArrayUpdate3.xml
----------------- Instantiating /home/travis/build/icyphy/ptII/ptolemy/actor/lib/test/auto/ArrayUpdate3.xml
2 ms. Memory: 507904K Free: 381820K (75%)
----------------- Invoking toplevel() on ptolemy.moml.MoMLSimpleApplication@3c311d6d
----------------- Done invoking toplevel() on ptolemy.moml.MoMLSimpleApplication@3c311d6d
reloadAllAccessors: .ArrayUpdate3

===========================================================================================
----------------- testing Fri Dec 06 06:17:53 UTC 2019 /home/travis/build/icyphy/ptII/ptolemy/actor/lib/test/auto/Assert1.xml
----------------- Instantiating /home/travis/build/icyphy/ptII/ptolemy/actor/lib/test/auto/Assert1.xml
7 ms. Memory: 507904K Free: 377214K (74%)
----------------- Invoking toplevel() on ptolemy.moml.MoMLSimpleApplication@6fa92bbd
----------------- Done invoking toplevel() on ptolemy.moml.MoMLSimpleApplication@6fa92bbd
reloadAllAccessors: .Assert1

===========================================================================================
----------------- testing Fri Dec 06 06:17:53 UTC 2019 /home/travis/build/icyphy/ptII/ptolemy/actor/lib/test/auto/Assert2.xml
----------------- Instantiating /home/travis/build/icyphy/ptII/ptolemy/actor/lib/test/auto/Assert2.xml
3 ms. Memory: 507904K Free: 372604K (73%)
----------------- Invoking toplevel() on ptolemy.moml.MoMLSimpleApplication@3b03f0aa
----------------- Done invoking toplevel() on ptolemy.moml.MoMLSimpleApplication@3b03f0aa
reloadAllAccessors: .Assert2

===========================================================================================
----------------- testing Fri Dec 06 06:17:53 UTC 2019 /home/travis/build/icyphy/ptII/ptolemy/actor/lib/test/auto/BooleanMultiplexor.xml
----------------- Instantiating /home/travis/build/icyphy/ptII/ptolemy/actor/lib/test/auto/BooleanMultiplexor.xml
3 ms. Memory: 507904K Free: 366974K (72%)
----------------- Invoking toplevel() on ptolemy.moml.MoMLSimpleApplication@6b033b0
----------------- Done invoking toplevel() on ptolemy.moml.MoMLSimpleApplication@6b033b0
reloadAllAccessors: .BooleanMultiplexor

===========================================================================================
----------------- testing Fri Dec 06 06:17:53 UTC 2019 /home/travis/build/icyphy/ptII/ptolemy/actor/lib/test/auto/BooleanMultiplexor2.xml
----------------- Instantiating /home/travis/build/icyphy/ptII/ptolemy/actor/lib/test/auto/BooleanMultiplexor2.xml
11 ms. Memory: 507904K Free: 360830K (71%)
----------------- Invoking toplevel() on ptolemy.moml.MoMLSimpleApplication@58c4a40f
----------------- Done invoking toplevel() on ptolemy.moml.MoMLSimpleApplication@58c4a40f
reloadAllAccessors: .BooleanMultiplexor2

===========================================================================================
----------------- testing Fri Dec 06 06:17:53 UTC 2019 /home/travis/build/icyphy/ptII/ptolemy/actor/lib/test/auto/BooleanMultiplexor3.xml
----------------- Instantiating /home/travis/build/icyphy/ptII/ptolemy/actor/lib/test/auto/BooleanMultiplexor3.xml
4 ms. Memory: 507904K Free: 356734K (70%)
----------------- Invoking toplevel() on ptolemy.moml.MoMLSimpleApplication@c8877a1
----------------- Done invoking toplevel() on ptolemy.moml.MoMLSimpleApplication@c8877a1
reloadAllAccessors: .BooleanMultiplexor3

===========================================================================================
----------------- testing Fri Dec 06 06:17:53 UTC 2019 /home/travis/build/icyphy/ptII/ptolemy/actor/lib/test/auto/BooleanSelect.xml
----------------- Instantiating /home/travis/build/icyphy/ptII/ptolemy/actor/lib/test/auto/BooleanSelect.xml
6 ms. Memory: 507904K Free: 351086K (69%)
----------------- Invoking toplevel() on ptolemy.moml.MoMLSimpleApplication@1b094cd6
----------------- Done invoking toplevel() on ptolemy.moml.MoMLSimpleApplication@1b094cd6
reloadAllAccessors: .BooleanSelect

===========================================================================================
----------------- testing Fri Dec 06 06:17:53 UTC 2019 /home/travis/build/icyphy/ptII/ptolemy/actor/lib/test/auto/BooleanSelect2.xml
----------------- Instantiating /home/travis/build/icyphy/ptII/ptolemy/actor/lib/test/auto/BooleanSelect2.xml
2 ms. Memory: 507904K Free: 346494K (68%)
----------------- Invoking toplevel() on ptolemy.moml.MoMLSimpleApplication@314ff007
----------------- Done invoking toplevel() on ptolemy.moml.MoMLSimpleApplication@314ff007
reloadAllAccessors: .BooleanSelect2

===========================================================================================
----------------- testing Fri Dec 06 06:17:53 UTC 2019 /home/travis/build/icyphy/ptII/ptolemy/actor/lib/test/auto/BooleanSwitch.xml
----------------- Instantiating /home/travis/build/icyphy/ptII/ptolemy/actor/lib/test/auto/BooleanSwitch.xml
13 ms. Memory: 507904K Free: 340860K (67%)
----------------- Invoking toplevel() on ptolemy.moml.MoMLSimpleApplication@2dd5c991
----------------- Done invoking toplevel() on ptolemy.moml.MoMLSimpleApplication@2dd5c991
reloadAllAccessors: .BooleanSwitch

===========================================================================================
----------------- testing Fri Dec 06 06:17:53 UTC 2019 /home/travis/build/icyphy/ptII/ptolemy/actor/lib/test/auto/BooleanSwitch2.xml
----------------- Instantiating /home/travis/build/icyphy/ptII/ptolemy/actor/lib/test/auto/BooleanSwitch2.xml
1 ms. Memory: 507904K Free: 336254K (66%)
----------------- Invoking toplevel() on ptolemy.moml.MoMLSimpleApplication@4fa1f1f5
----------------- Done invoking toplevel() on ptolemy.moml.MoMLSimpleApplication@4fa1f1f5
reloadAllAccessors: .BooleanSwitch2

===========================================================================================
----------------- testing Fri Dec 06 06:17:53 UTC 2019 /home/travis/build/icyphy/ptII/ptolemy/actor/lib/test/auto/BooleanSwitchCloningBugWithClassRelationGroup.xml
----------------- Instantiating /home/travis/build/icyphy/ptII/ptolemy/actor/lib/test/auto/BooleanSwitchCloningBugWithClassRelationGroup.xml
3 ms. Memory: 507904K Free: 329596K (65%)
----------------- Invoking toplevel() on ptolemy.moml.MoMLSimpleApplication@5af7a9a3
----------------- Done invoking toplevel() on ptolemy.moml.MoMLSimpleApplication@5af7a9a3
reloadAllAccessors: .BooleanSwitchCloningBugWithClassRelationGroup

===========================================================================================
----------------- testing Fri Dec 06 06:17:53 UTC 2019 /home/travis/build/icyphy/ptII/ptolemy/actor/lib/test/auto/BusActors.xml
----------------- Instantiating /home/travis/build/icyphy/ptII/ptolemy/actor/lib/test/auto/BusActors.xml
7 ms. Memory: 507904K Free: 321918K (63%)
----------------- Invoking toplevel() on ptolemy.moml.MoMLSimpleApplication@47419d0
----------------- Done invoking toplevel() on ptolemy.moml.MoMLSimpleApplication@47419d0
reloadAllAccessors: .BusActors

===========================================================================================
----------------- testing Fri Dec 06 06:17:53 UTC 2019 /home/travis/build/icyphy/ptII/ptolemy/actor/lib/test/auto/ClassWrapper.xml
----------------- Instantiating /home/travis/build/icyphy/ptII/ptolemy/actor/lib/test/auto/ClassWrapper.xml
3 ms. Memory: 507904K Free: 317308K (62%)
----------------- Invoking toplevel() on ptolemy.moml.MoMLSimpleApplication@3086a8f0
----------------- Done invoking toplevel() on ptolemy.moml.MoMLSimpleApplication@3086a8f0
reloadAllAccessors: .ClassWrapper

===========================================================================================
----------------- testing Fri Dec 06 06:17:53 UTC 2019 /home/travis/build/icyphy/ptII/ptolemy/actor/lib/test/auto/Clock.xml
----------------- Instantiating /home/travis/build/icyphy/ptII/ptolemy/actor/lib/test/auto/Clock.xml
1 ms. Memory: 507904K Free: 313726K (62%)
----------------- Invoking toplevel() on ptolemy.moml.MoMLSimpleApplication@130fa4fd
----------------- Done invoking toplevel() on ptolemy.moml.MoMLSimpleApplication@130fa4fd
reloadAllAccessors: .Clock

===========================================================================================
----------------- testing Fri Dec 06 06:17:53 UTC 2019 /home/travis/build/icyphy/ptII/ptolemy/actor/lib/test/auto/Clock10.xml
----------------- Instantiating /home/travis/build/icyphy/ptII/ptolemy/actor/lib/test/auto/Clock10.xml
3 ms. Memory: 507904K Free: 307582K (61%)
----------------- Invoking toplevel() on ptolemy.moml.MoMLSimpleApplication@24ee2ea1
----------------- Done invoking toplevel() on ptolemy.moml.MoMLSimpleApplication@24ee2ea1
reloadAllAccessors: .Clock10

===========================================================================================
----------------- testing Fri Dec 06 06:17:54 UTC 2019 /home/travis/build/icyphy/ptII/ptolemy/actor/lib/test/auto/Clock11.xml
----------------- Instantiating /home/travis/build/icyphy/ptII/ptolemy/actor/lib/test/auto/Clock11.xml
5 ms. Memory: 507904K Free: 301948K (59%)
----------------- Invoking toplevel() on ptolemy.moml.MoMLSimpleApplication@34565297
----------------- Done invoking toplevel() on ptolemy.moml.MoMLSimpleApplication@34565297
reloadAllAccessors: .Clock11

===========================================================================================
----------------- testing Fri Dec 06 06:17:54 UTC 2019 /home/travis/build/icyphy/ptII/ptolemy/actor/lib/test/auto/Clock12.xml
----------------- Instantiating /home/travis/build/icyphy/ptII/ptolemy/actor/lib/test/auto/Clock12.xml
5 ms. Memory: 507904K Free: 295804K (58%)
----------------- Invoking toplevel() on ptolemy.moml.MoMLSimpleApplication@76b92c6c
----------------- Done invoking toplevel() on ptolemy.moml.MoMLSimpleApplication@76b92c6c
reloadAllAccessors: .Clock12

===========================================================================================
----------------- testing Fri Dec 06 06:17:54 UTC 2019 /home/travis/build/icyphy/ptII/ptolemy/actor/lib/test/auto/Clock13.xml
----------------- Instantiating /home/travis/build/icyphy/ptII/ptolemy/actor/lib/test/auto/Clock13.xml
5 ms. Memory: 507904K Free: 290174K (57%)
----------------- Invoking toplevel() on ptolemy.moml.MoMLSimpleApplication@578ff9a3
----------------- Done invoking toplevel() on ptolemy.moml.MoMLSimpleApplication@578ff9a3
reloadAllAccessors: .Clock13

===========================================================================================
----------------- testing Fri Dec 06 06:17:54 UTC 2019 /home/travis/build/icyphy/ptII/ptolemy/actor/lib/test/auto/Clock14.xml
----------------- Instantiating /home/travis/build/icyphy/ptII/ptolemy/actor/lib/test/auto/Clock14.xml
6 ms. Memory: 507904K Free: 284030K (56%)
----------------- Invoking toplevel() on ptolemy.moml.MoMLSimpleApplication@e355f8e
----------------- Done invoking toplevel() on ptolemy.moml.MoMLSimpleApplication@e355f8e
reloadAllAccessors: .Clock14

===========================================================================================
----------------- testing Fri Dec 06 06:17:54 UTC 2019 /home/travis/build/icyphy/ptII/ptolemy/actor/lib/test/auto/Clock15.xml
----------------- Instantiating /home/travis/build/icyphy/ptII/ptolemy/actor/lib/test/auto/Clock15.xml
5 ms. Memory: 507904K Free: 278390K (55%)
----------------- Invoking toplevel() on ptolemy.moml.MoMLSimpleApplication@57b10702
----------------- Done invoking toplevel() on ptolemy.moml.MoMLSimpleApplication@57b10702
reloadAllAccessors: .Clock15

===========================================================================================
----------------- testing Fri Dec 06 06:17:54 UTC 2019 /home/travis/build/icyphy/ptII/ptolemy/actor/lib/test/auto/Clock16.xml
----------------- Instantiating /home/travis/build/icyphy/ptII/ptolemy/actor/lib/test/auto/Clock16.xml
35 ms. Memory: 507904K Free: 264054K (52%)
----------------- Invoking toplevel() on ptolemy.moml.MoMLSimpleApplication@23657c97
----------------- Done invoking toplevel() on ptolemy.moml.MoMLSimpleApplication@23657c97
reloadAllAccessors: .Clock16

===========================================================================================
----------------- testing Fri Dec 06 06:17:54 UTC 2019 /home/travis/build/icyphy/ptII/ptolemy/actor/lib/test/auto/Clock17.xml
----------------- Instantiating /home/travis/build/icyphy/ptII/ptolemy/actor/lib/test/auto/Clock17.xml
30 ms. Memory: 507904K Free: 250238K (49%)
----------------- Invoking toplevel() on ptolemy.moml.MoMLSimpleApplication@1b59f0ee
----------------- Done invoking toplevel() on ptolemy.moml.MoMLSimpleApplication@1b59f0ee
reloadAllAccessors: .Clock17

===========================================================================================
----------------- testing Fri Dec 06 06:17:54 UTC 2019 /home/travis/build/icyphy/ptII/ptolemy/actor/lib/test/auto/Clock18.xml
----------------- Instantiating /home/travis/build/icyphy/ptII/ptolemy/actor/lib/test/auto/Clock18.xml
23 ms. Memory: 507904K Free: 236382K (47%)
----------------- Invoking toplevel() on ptolemy.moml.MoMLSimpleApplication@6c595da1
----------------- Done invoking toplevel() on ptolemy.moml.MoMLSimpleApplication@6c595da1
reloadAllAccessors: .Clock18

===========================================================================================
----------------- testing Fri Dec 06 06:17:54 UTC 2019 /home/travis/build/icyphy/ptII/ptolemy/actor/lib/test/auto/Clock19.xml
----------------- Instantiating /home/travis/build/icyphy/ptII/ptolemy/actor/lib/test/auto/Clock19.xml
14 ms. Memory: 507904K Free: 223100K (44%)
----------------- Invoking toplevel() on ptolemy.moml.MoMLSimpleApplication@25fc7ff2
----------------- Done invoking toplevel() on ptolemy.moml.MoMLSimpleApplication@25fc7ff2
reloadAllAccessors: .Clock19

===========================================================================================
----------------- testing Fri Dec 06 06:17:54 UTC 2019 /home/travis/build/icyphy/ptII/ptolemy/actor/lib/test/auto/Clock2.xml
----------------- Instantiating /home/travis/build/icyphy/ptII/ptolemy/actor/lib/test/auto/Clock2.xml
7 ms. Memory: 507904K Free: 218990K (43%)
----------------- Invoking toplevel() on ptolemy.moml.MoMLSimpleApplication@1147cfbd
----------------- Done invoking toplevel() on ptolemy.moml.MoMLSimpleApplication@1147cfbd
reloadAllAccessors: .Clock2

===========================================================================================
----------------- testing Fri Dec 06 06:17:54 UTC 2019 /home/travis/build/icyphy/ptII/ptolemy/actor/lib/test/auto/Clock20.xml
----------------- Instantiating /home/travis/build/icyphy/ptII/ptolemy/actor/lib/test/auto/Clock20.xml
9 ms. Memory: 507904K Free: 459094K (90%)
----------------- Invoking toplevel() on ptolemy.moml.MoMLSimpleApplication@53b33d74
----------------- Done invoking toplevel() on ptolemy.moml.MoMLSimpleApplication@53b33d74
reloadAllAccessors: .Clock20

===========================================================================================
----------------- testing Fri Dec 06 06:17:54 UTC 2019 /home/travis/build/icyphy/ptII/ptolemy/actor/lib/test/auto/Clock21.xml
----------------- Instantiating /home/travis/build/icyphy/ptII/ptolemy/actor/lib/test/auto/Clock21.xml
5 ms. Memory: 507904K Free: 453462K (89%)
----------------- Invoking toplevel() on ptolemy.moml.MoMLSimpleApplication@1690b8de
----------------- Done invoking toplevel() on ptolemy.moml.MoMLSimpleApplication@1690b8de
reloadAllAccessors: .Clock21

===========================================================================================
----------------- testing Fri Dec 06 06:17:54 UTC 2019 /home/travis/build/icyphy/ptII/ptolemy/actor/lib/test/auto/Clock22.xml
----------------- Instantiating /home/travis/build/icyphy/ptII/ptolemy/actor/lib/test/auto/Clock22.xml
5 ms. Memory: 507904K Free: 447832K (88%)
----------------- Invoking toplevel() on ptolemy.moml.MoMLSimpleApplication@20c71aa8
----------------- Done invoking toplevel() on ptolemy.moml.MoMLSimpleApplication@20c71aa8
reloadAllAccessors: .Clock22

===========================================================================================
----------------- testing Fri Dec 06 06:17:54 UTC 2019 /home/travis/build/icyphy/ptII/ptolemy/actor/lib/test/auto/Clock23.xml
----------------- Instantiating /home/travis/build/icyphy/ptII/ptolemy/actor/lib/test/auto/Clock23.xml
5 ms. Memory: 507904K Free: 442712K (87%)
----------------- Invoking toplevel() on ptolemy.moml.MoMLSimpleApplication@619dda14
----------------- Done invoking toplevel() on ptolemy.moml.MoMLSimpleApplication@619dda14
reloadAllAccessors: .Clock23

===========================================================================================
----------------- testing Fri Dec 06 06:17:54 UTC 2019 /home/travis/build/icyphy/ptII/ptolemy/actor/lib/test/auto/Clock24.xml
----------------- Instantiating /home/travis/build/icyphy/ptII/ptolemy/actor/lib/test/auto/Clock24.xml
4 ms. Memory: 507904K Free: 437078K (86%)
----------------- Invoking toplevel() on ptolemy.moml.MoMLSimpleApplication@2c61bb5a
----------------- Done invoking toplevel() on ptolemy.moml.MoMLSimpleApplication@2c61bb5a
reloadAllAccessors: .Clock24

===========================================================================================
----------------- testing Fri Dec 06 06:17:54 UTC 2019 /home/travis/build/icyphy/ptII/ptolemy/actor/lib/test/auto/Clock4.xml
----------------- Instantiating /home/travis/build/icyphy/ptII/ptolemy/actor/lib/test/auto/Clock4.xml
1 ms. Memory: 507904K Free: 432472K (85%)
----------------- Invoking toplevel() on ptolemy.moml.MoMLSimpleApplication@3d68ba70
----------------- Done invoking toplevel() on ptolemy.moml.MoMLSimpleApplication@3d68ba70
reloadAllAccessors: .Clock4

===========================================================================================
----------------- testing Fri Dec 06 06:17:54 UTC 2019 /home/travis/build/icyphy/ptII/ptolemy/actor/lib/test/auto/Clock5.xml
----------------- Instantiating /home/travis/build/icyphy/ptII/ptolemy/actor/lib/test/auto/Clock5.xml
1 ms. Memory: 507904K Free: 426824K (84%)
----------------- Invoking toplevel() on ptolemy.moml.MoMLSimpleApplication@5621988c
----------------- Done invoking toplevel() on ptolemy.moml.MoMLSimpleApplication@5621988c
reloadAllAccessors: .Clock5

===========================================================================================
----------------- testing Fri Dec 06 06:17:54 UTC 2019 /home/travis/build/icyphy/ptII/ptolemy/actor/lib/test/auto/Clock6.xml
----------------- Instantiating /home/travis/build/icyphy/ptII/ptolemy/actor/lib/test/auto/Clock6.xml
3 ms. Memory: 507904K Free: 422232K (83%)
----------------- Invoking toplevel() on ptolemy.moml.MoMLSimpleApplication@1d9e7abc
----------------- Done invoking toplevel() on ptolemy.moml.MoMLSimpleApplication@1d9e7abc
reloadAllAccessors: .Clock6

===========================================================================================
----------------- testing Fri Dec 06 06:17:54 UTC 2019 /home/travis/build/icyphy/ptII/ptolemy/actor/lib/test/auto/Clock7.xml
----------------- Instantiating /home/travis/build/icyphy/ptII/ptolemy/actor/lib/test/auto/Clock7.xml
2 ms. Memory: 507904K Free: 417622K (82%)
----------------- Invoking toplevel() on ptolemy.moml.MoMLSimpleApplication@401d4838
----------------- Done invoking toplevel() on ptolemy.moml.MoMLSimpleApplication@401d4838
reloadAllAccessors: .Clock7

===========================================================================================
----------------- testing Fri Dec 06 06:17:54 UTC 2019 /home/travis/build/icyphy/ptII/ptolemy/actor/lib/test/auto/Clock8.xml
----------------- Instantiating /home/travis/build/icyphy/ptII/ptolemy/actor/lib/test/auto/Clock8.xml
5 ms. Memory: 507904K Free: 411992K (81%)
----------------- Invoking toplevel() on ptolemy.moml.MoMLSimpleApplication@2d549297
----------------- Done invoking toplevel() on ptolemy.moml.MoMLSimpleApplication@2d549297
reloadAllAccessors: .Clock8

===========================================================================================
----------------- testing Fri Dec 06 06:17:54 UTC 2019 /home/travis/build/icyphy/ptII/ptolemy/actor/lib/test/auto/Clock9.xml
----------------- Instantiating /home/travis/build/icyphy/ptII/ptolemy/actor/lib/test/auto/Clock9.xml
4 ms. Memory: 507904K Free: 406872K (80%)
----------------- Invoking toplevel() on ptolemy.moml.MoMLSimpleApplication@450885f
----------------- Done invoking toplevel() on ptolemy.moml.MoMLSimpleApplication@450885f
reloadAllAccessors: .Clock9

===========================================================================================
----------------- testing Fri Dec 06 06:17:54 UTC 2019 /home/travis/build/icyphy/ptII/ptolemy/actor/lib/test/auto/CommDistDiscard.xml
----------------- Instantiating /home/travis/build/icyphy/ptII/ptolemy/actor/lib/test/auto/CommDistDiscard.xml
3 ms. Memory: 507904K Free: 401238K (79%)
----------------- Invoking toplevel() on ptolemy.moml.MoMLSimpleApplication@65bde880
----------------- Done invoking toplevel() on ptolemy.moml.MoMLSimpleApplication@65bde880
reloadAllAccessors: .CommDistDiscard

===========================================================================================
----------------- testing Fri Dec 06 06:17:54 UTC 2019 /home/travis/build/icyphy/ptII/ptolemy/actor/lib/test/auto/Commutator.xml
----------------- Instantiating /home/travis/build/icyphy/ptII/ptolemy/actor/lib/test/auto/Commutator.xml
1 ms. Memory: 507904K Free: 396632K (78%)
----------------- Invoking toplevel() on ptolemy.moml.MoMLSimpleApplication@6c03c954
----------------- Done invoking toplevel() on ptolemy.moml.MoMLSimpleApplication@6c03c954
reloadAllAccessors: .Commutator

===========================================================================================
----------------- testing Fri Dec 06 06:17:54 UTC 2019 /home/travis/build/icyphy/ptII/ptolemy/actor/lib/test/auto/Commutator2.xml
----------------- Instantiating /home/travis/build/icyphy/ptII/ptolemy/actor/lib/test/auto/Commutator2.xml
2 ms. Memory: 507904K Free: 392536K (77%)
----------------- Invoking toplevel() on ptolemy.moml.MoMLSimpleApplication@48a91068
----------------- Done invoking toplevel() on ptolemy.moml.MoMLSimpleApplication@48a91068
reloadAllAccessors: .Commutator2

===========================================================================================
----------------- testing Fri Dec 06 06:17:54 UTC 2019 /home/travis/build/icyphy/ptII/ptolemy/actor/lib/test/auto/Commutator3.xml
----------------- Instantiating /home/travis/build/icyphy/ptII/ptolemy/actor/lib/test/auto/Commutator3.xml
2 ms. Memory: 507904K Free: 387926K (76%)
----------------- Invoking toplevel() on ptolemy.moml.MoMLSimpleApplication@256a7940
----------------- Done invoking toplevel() on ptolemy.moml.MoMLSimpleApplication@256a7940
reloadAllAccessors: .Commutator3

===========================================================================================
----------------- testing Fri Dec 06 06:17:54 UTC 2019 /home/travis/build/icyphy/ptII/ptolemy/actor/lib/test/auto/Compare.xml
----------------- Instantiating /home/travis/build/icyphy/ptII/ptolemy/actor/lib/test/auto/Compare.xml
2 ms. Memory: 507904K Free: 381782K (75%)
----------------- Invoking toplevel() on ptolemy.moml.MoMLSimpleApplication@356bd6a1
----------------- Done invoking toplevel() on ptolemy.moml.MoMLSimpleApplication@356bd6a1
reloadAllAccessors: .Compare

===========================================================================================
----------------- testing Fri Dec 06 06:17:54 UTC 2019 /home/travis/build/icyphy/ptII/ptolemy/actor/lib/test/auto/CompareDE.xml
----------------- Instantiating /home/travis/build/icyphy/ptII/ptolemy/actor/lib/test/auto/CompareDE.xml
4 ms. Memory: 507904K Free: 374600K (74%)
----------------- Invoking toplevel() on ptolemy.moml.MoMLSimpleApplication@21761e4c
----------------- Done invoking toplevel() on ptolemy.moml.MoMLSimpleApplication@21761e4c
reloadAllAccessors: .CompareDE

===========================================================================================
----------------- testing Fri Dec 06 06:17:54 UTC 2019 /home/travis/build/icyphy/ptII/ptolemy/actor/lib/test/auto/ComplexDivide.xml
----------------- Instantiating /home/travis/build/icyphy/ptII/ptolemy/actor/lib/test/auto/ComplexDivide.xml
6 ms. Memory: 507904K Free: 370518K (73%)
----------------- Invoking toplevel() on ptolemy.moml.MoMLSimpleApplication@4c8009a9
----------------- Done invoking toplevel() on ptolemy.moml.MoMLSimpleApplication@4c8009a9
reloadAllAccessors: .ComplexDivide

===========================================================================================
----------------- testing Fri Dec 06 06:17:54 UTC 2019 /home/travis/build/icyphy/ptII/ptolemy/actor/lib/test/auto/ComputeHistogram.xml
----------------- Instantiating /home/travis/build/icyphy/ptII/ptolemy/actor/lib/test/auto/ComputeHistogram.xml
22 ms. Memory: 507904K Free: 358230K (71%)
----------------- Invoking toplevel() on ptolemy.moml.MoMLSimpleApplication@2992e948
----------------- Done invoking toplevel() on ptolemy.moml.MoMLSimpleApplication@2992e948
reloadAllAccessors: .ComputeHistogram

===========================================================================================
----------------- testing Fri Dec 06 06:17:54 UTC 2019 /home/travis/build/icyphy/ptII/ptolemy/actor/lib/test/auto/ConfigurationSelect.xml
----------------- Instantiating /home/travis/build/icyphy/ptII/ptolemy/actor/lib/test/auto/ConfigurationSelect.xml
2 ms. Memory: 507904K Free: 352600K (69%)
----------------- Invoking toplevel() on ptolemy.moml.MoMLSimpleApplication@709fc075
----------------- Done invoking toplevel() on ptolemy.moml.MoMLSimpleApplication@709fc075
reloadAllAccessors: .ConfigurationSelect

===========================================================================================
----------------- testing Fri Dec 06 06:17:54 UTC 2019 /home/travis/build/icyphy/ptII/ptolemy/actor/lib/test/auto/ConfigurationSelect2.xml
----------------- Instantiating /home/travis/build/icyphy/ptII/ptolemy/actor/lib/test/auto/ConfigurationSelect2.xml
2 ms. Memory: 507904K Free: 348504K (69%)
----------------- Invoking toplevel() on ptolemy.moml.MoMLSimpleApplication@56b9e9c6
----------------- Done invoking toplevel() on ptolemy.moml.MoMLSimpleApplication@56b9e9c6
reloadAllAccessors: .ConfigurationSelect2

===========================================================================================
----------------- testing Fri Dec 06 06:17:54 UTC 2019 /home/travis/build/icyphy/ptII/ptolemy/actor/lib/test/auto/ConfigurationSwitch.xml
----------------- Instantiating /home/travis/build/icyphy/ptII/ptolemy/actor/lib/test/auto/ConfigurationSwitch.xml
1 ms. Memory: 507904K Free: 342870K (68%)
----------------- Invoking toplevel() on ptolemy.moml.MoMLSimpleApplication@692ab0cc
----------------- Done invoking toplevel() on ptolemy.moml.MoMLSimpleApplication@692ab0cc
reloadAllAccessors: .ConfigurationSwitch

===========================================================================================
----------------- testing Fri Dec 06 06:17:54 UTC 2019 /home/travis/build/icyphy/ptII/ptolemy/actor/lib/test/auto/ConfigurationSwitch2.xml
----------------- Instantiating /home/travis/build/icyphy/ptII/ptolemy/actor/lib/test/auto/ConfigurationSwitch2.xml
1 ms. Memory: 507904K Free: 337240K (66%)
----------------- Invoking toplevel() on ptolemy.moml.MoMLSimpleApplication@41c53a34
----------------- Done invoking toplevel() on ptolemy.moml.MoMLSimpleApplication@41c53a34
reloadAllAccessors: .ConfigurationSwitch2

===========================================================================================
----------------- testing Fri Dec 06 06:17:54 UTC 2019 /home/travis/build/icyphy/ptII/ptolemy/actor/lib/test/auto/ConfigurationSwitchCloningBugWithClassRelationGroup.xml
----------------- Instantiating /home/travis/build/icyphy/ptII/ptolemy/actor/lib/test/auto/ConfigurationSwitchCloningBugWithClassRelationGroup.xml
2 ms. Memory: 507904K Free: 331096K (65%)
----------------- Invoking toplevel() on ptolemy.moml.MoMLSimpleApplication@204099e0
----------------- Done invoking toplevel() on ptolemy.moml.MoMLSimpleApplication@204099e0
reloadAllAccessors: .ConfigurationSwitchCloningBugWithClassRelationGroup

===========================================================================================
----------------- testing Fri Dec 06 06:17:54 UTC 2019 /home/travis/build/icyphy/ptII/ptolemy/actor/lib/test/auto/ConfigurationSwitchSelectSDF.xml
----------------- Instantiating /home/travis/build/icyphy/ptII/ptolemy/actor/lib/test/auto/ConfigurationSwitchSelectSDF.xml
2 ms. Memory: 507904K Free: 325462K (64%)
----------------- Invoking toplevel() on ptolemy.moml.MoMLSimpleApplication@31d4c0a4
----------------- Done invoking toplevel() on ptolemy.moml.MoMLSimpleApplication@31d4c0a4
reloadAllAccessors: .ConfigurationSwitchSelectSDF

===========================================================================================
----------------- testing Fri Dec 06 06:17:54 UTC 2019 /home/travis/build/icyphy/ptII/ptolemy/actor/lib/test/auto/ConfigurationSwitchSelectSDF2.xml
----------------- Instantiating /home/travis/build/icyphy/ptII/ptolemy/actor/lib/test/auto/ConfigurationSwitchSelectSDF2.xml
1 ms. Memory: 507904K Free: 319832K (63%)
----------------- Invoking toplevel() on ptolemy.moml.MoMLSimpleApplication@4822de26
----------------- Done invoking toplevel() on ptolemy.moml.MoMLSimpleApplication@4822de26
reloadAllAccessors: .ConfigurationSwitchSelectSDF2

===========================================================================================
----------------- testing Fri Dec 06 06:17:54 UTC 2019 /home/travis/build/icyphy/ptII/ptolemy/actor/lib/test/auto/Const.xml
----------------- Instantiating /home/travis/build/icyphy/ptII/ptolemy/actor/lib/test/auto/Const.xml
1 ms. Memory: 507904K Free: 316760K (62%)
----------------- Invoking toplevel() on ptolemy.moml.MoMLSimpleApplication@7776fa7d
----------------- Done invoking toplevel() on ptolemy.moml.MoMLSimpleApplication@7776fa7d
reloadAllAccessors: .Const

===========================================================================================
----------------- testing Fri Dec 06 06:17:54 UTC 2019 /home/travis/build/icyphy/ptII/ptolemy/actor/lib/test/auto/Const2.xml
----------------- Instantiating /home/travis/build/icyphy/ptII/ptolemy/actor/lib/test/auto/Const2.xml
1 ms. Memory: 507904K Free: 312664K (62%)
----------------- Invoking toplevel() on ptolemy.moml.MoMLSimpleApplication@6cb0f429
----------------- Done invoking toplevel() on ptolemy.moml.MoMLSimpleApplication@6cb0f429
reloadAllAccessors: .Const2

===========================================================================================
----------------- testing Fri Dec 06 06:17:55 UTC 2019 /home/travis/build/icyphy/ptII/ptolemy/actor/lib/test/auto/Const3.xml
----------------- Instantiating /home/travis/build/icyphy/ptII/ptolemy/actor/lib/test/auto/Const3.xml
1 ms. Memory: 507904K Free: 309592K (61%)
----------------- Invoking toplevel() on ptolemy.moml.MoMLSimpleApplication@4a0e208f
----------------- Done invoking toplevel() on ptolemy.moml.MoMLSimpleApplication@4a0e208f
reloadAllAccessors: .Const3

===========================================================================================
----------------- testing Fri Dec 06 06:17:55 UTC 2019 /home/travis/build/icyphy/ptII/ptolemy/actor/lib/test/auto/ConstantPublisherPort1.xml
----------------- Instantiating /home/travis/build/icyphy/ptII/ptolemy/actor/lib/test/auto/ConstantPublisherPort1.xml
6 ms. Memory: 507904K Free: 300886K (59%)
----------------- Invoking toplevel() on ptolemy.moml.MoMLSimpleApplication@304008f5
----------------- Done invoking toplevel() on ptolemy.moml.MoMLSimpleApplication@304008f5
reloadAllAccessors: .ConstantPublisherPort1

===========================================================================================
----------------- testing Fri Dec 06 06:17:55 UTC 2019 /home/travis/build/icyphy/ptII/ptolemy/actor/lib/test/auto/ConstantPublisherPort2.xml
----------------- Instantiating /home/travis/build/icyphy/ptII/ptolemy/actor/lib/test/auto/ConstantPublisherPort2.xml
9 ms. Memory: 507904K Free: 293208K (58%)
----------------- Invoking toplevel() on ptolemy.moml.MoMLSimpleApplication@12e11caf
----------------- Done invoking toplevel() on ptolemy.moml.MoMLSimpleApplication@12e11caf
reloadAllAccessors: .ConstantPublisherPort2

===========================================================================================
----------------- testing Fri Dec 06 06:17:55 UTC 2019 /home/travis/build/icyphy/ptII/ptolemy/actor/lib/test/auto/ConstantPublisherPort3.xml
----------------- Instantiating /home/travis/build/icyphy/ptII/ptolemy/actor/lib/test/auto/ConstantPublisherPort3.xml
4 ms. Memory: 507904K Free: 286040K (56%)
----------------- Invoking toplevel() on ptolemy.moml.MoMLSimpleApplication@661a79f1
----------------- Done invoking toplevel() on ptolemy.moml.MoMLSimpleApplication@661a79f1
reloadAllAccessors: .ConstantPublisherPort3

===========================================================================================
----------------- testing Fri Dec 06 06:17:55 UTC 2019 /home/travis/build/icyphy/ptII/ptolemy/actor/lib/test/auto/ConstantPublisherPort4.xml
----------------- Instantiating /home/travis/build/icyphy/ptII/ptolemy/actor/lib/test/auto/ConstantPublisherPort4.xml
4 ms. Memory: 507904K Free: 278872K (55%)
----------------- Invoking toplevel() on ptolemy.moml.MoMLSimpleApplication@454a4618
----------------- Done invoking toplevel() on ptolemy.moml.MoMLSimpleApplication@454a4618
reloadAllAccessors: .ConstantPublisherPort4

===========================================================================================
----------------- testing Fri Dec 06 06:17:55 UTC 2019 /home/travis/build/icyphy/ptII/ptolemy/actor/lib/test/auto/ConstantPublisherPort5.xml
----------------- Instantiating /home/travis/build/icyphy/ptII/ptolemy/actor/lib/test/auto/ConstantPublisherPort5.xml
25 ms. Memory: 507904K Free: 269142K (53%)
----------------- Invoking toplevel() on ptolemy.moml.MoMLSimpleApplication@455378c4
----------------- Done invoking toplevel() on ptolemy.moml.MoMLSimpleApplication@455378c4
reloadAllAccessors: .ConstantPublisherPort5

===========================================================================================
----------------- testing Fri Dec 06 06:17:55 UTC 2019 /home/travis/build/icyphy/ptII/ptolemy/actor/lib/test/auto/ConstantPublisherPort6.xml
----------------- Instantiating /home/travis/build/icyphy/ptII/ptolemy/actor/lib/test/auto/ConstantPublisherPort6.xml
22 ms. Memory: 507904K Free: 259926K (51%)
----------------- Invoking toplevel() on ptolemy.moml.MoMLSimpleApplication@9e8ee16
----------------- Done invoking toplevel() on ptolemy.moml.MoMLSimpleApplication@9e8ee16
reloadAllAccessors: .ConstantPublisherPort6

===========================================================================================
----------------- testing Fri Dec 06 06:17:55 UTC 2019 /home/travis/build/icyphy/ptII/ptolemy/actor/lib/test/auto/ConstantPublisherPort7.xml
----------------- Instantiating /home/travis/build/icyphy/ptII/ptolemy/actor/lib/test/auto/ConstantPublisherPort7.xml
12 ms. Memory: 507904K Free: 250710K (49%)
----------------- Invoking toplevel() on ptolemy.moml.MoMLSimpleApplication@626783d3
----------------- Done invoking toplevel() on ptolemy.moml.MoMLSimpleApplication@626783d3
reloadAllAccessors: .ConstantPublisherPort7

===========================================================================================
----------------- testing Fri Dec 06 06:17:55 UTC 2019 /home/travis/build/icyphy/ptII/ptolemy/actor/lib/test/auto/ConstraintMonitor1.xml
----------------- Instantiating /home/travis/build/icyphy/ptII/ptolemy/actor/lib/test/auto/ConstraintMonitor1.xml
4 ms. Memory: 507904K Free: 245590K (48%)
----------------- Invoking toplevel() on ptolemy.moml.MoMLSimpleApplication@33c72671
----------------- Done invoking toplevel() on ptolemy.moml.MoMLSimpleApplication@33c72671
reloadAllAccessors: .ConstraintMonitor1

===========================================================================================
----------------- testing Fri Dec 06 06:17:55 UTC 2019 /home/travis/build/icyphy/ptII/ptolemy/actor/lib/test/auto/ConstraintMonitor2.xml
----------------- Instantiating /home/travis/build/icyphy/ptII/ptolemy/actor/lib/test/auto/ConstraintMonitor2.xml
2 ms. Memory: 507904K Free: 241494K (48%)
----------------- Invoking toplevel() on ptolemy.moml.MoMLSimpleApplication@56893051
----------------- Done invoking toplevel() on ptolemy.moml.MoMLSimpleApplication@56893051
reloadAllAccessors: .ConstraintMonitor2

===========================================================================================
----------------- testing Fri Dec 06 06:17:55 UTC 2019 /home/travis/build/icyphy/ptII/ptolemy/actor/lib/test/auto/ConstraintMonitor3.xml
----------------- Instantiating /home/travis/build/icyphy/ptII/ptolemy/actor/lib/test/auto/ConstraintMonitor3.xml
4 ms. Memory: 507904K Free: 236374K (47%)
----------------- Invoking toplevel() on ptolemy.moml.MoMLSimpleApplication@7fca760e
----------------- Done invoking toplevel() on ptolemy.moml.MoMLSimpleApplication@7fca760e
reloadAllAccessors: .ConstraintMonitor3

===========================================================================================
----------------- testing Fri Dec 06 06:17:55 UTC 2019 /home/travis/build/icyphy/ptII/ptolemy/actor/lib/test/auto/ConstraintMonitor4.xml
----------------- Instantiating /home/travis/build/icyphy/ptII/ptolemy/actor/lib/test/auto/ConstraintMonitor4.xml
1 ms. Memory: 507904K Free: 231254K (46%)
----------------- Invoking toplevel() on ptolemy.moml.MoMLSimpleApplication@31ad87d9
----------------- Done invoking toplevel() on ptolemy.moml.MoMLSimpleApplication@31ad87d9
reloadAllAccessors: .ConstraintMonitor4

===========================================================================================
----------------- testing Fri Dec 06 06:17:55 UTC 2019 /home/travis/build/icyphy/ptII/ptolemy/actor/lib/test/auto/ConstraintMonitor5.xml
----------------- Instantiating /home/travis/build/icyphy/ptII/ptolemy/actor/lib/test/auto/ConstraintMonitor5.xml
2 ms. Memory: 507904K Free: 226134K (45%)
----------------- Invoking toplevel() on ptolemy.moml.MoMLSimpleApplication@2c4dbbaa
----------------- Done invoking toplevel() on ptolemy.moml.MoMLSimpleApplication@2c4dbbaa
reloadAllAccessors: .ConstraintMonitor5

===========================================================================================
----------------- testing Fri Dec 06 06:17:55 UTC 2019 /home/travis/build/icyphy/ptII/ptolemy/actor/lib/test/auto/ConstraintMonitor6.xml
----------------- Instantiating /home/travis/build/icyphy/ptII/ptolemy/actor/lib/test/auto/ConstraintMonitor6.xml
3 ms. Memory: 507904K Free: 219976K (43%)
----------------- Invoking toplevel() on ptolemy.moml.MoMLSimpleApplication@47b4d86c
----------------- Done invoking toplevel() on ptolemy.moml.MoMLSimpleApplication@47b4d86c
reloadAllAccessors: .ConstraintMonitor6

===========================================================================================
----------------- testing Fri Dec 06 06:17:55 UTC 2019 /home/travis/build/icyphy/ptII/ptolemy/actor/lib/test/auto/ConstraintMonitor7.xml
----------------- Instantiating /home/travis/build/icyphy/ptII/ptolemy/actor/lib/test/auto/ConstraintMonitor7.xml
4 ms. Memory: 507904K Free: 213336K (42%)
----------------- Invoking toplevel() on ptolemy.moml.MoMLSimpleApplication@6f7c29d9
----------------- Done invoking toplevel() on ptolemy.moml.MoMLSimpleApplication@6f7c29d9
reloadAllAccessors: .ConstraintMonitor7

===========================================================================================
----------------- testing Fri Dec 06 06:17:55 UTC 2019 /home/travis/build/icyphy/ptII/ptolemy/actor/lib/test/auto/ConstraintMonitor8.xml
----------------- Instantiating /home/travis/build/icyphy/ptII/ptolemy/actor/lib/test/auto/ConstraintMonitor8.xml
3 ms. Memory: 507904K Free: 205648K (40%)
----------------- Invoking toplevel() on ptolemy.moml.MoMLSimpleApplication@5b2425dd
----------------- Done invoking toplevel() on ptolemy.moml.MoMLSimpleApplication@5b2425dd
reloadAllAccessors: .ConstraintMonitor8

===========================================================================================
----------------- testing Fri Dec 06 06:17:55 UTC 2019 /home/travis/build/icyphy/ptII/ptolemy/actor/lib/test/auto/Counter.xml
----------------- Instantiating /home/travis/build/icyphy/ptII/ptolemy/actor/lib/test/auto/Counter.xml
2 ms. Memory: 507904K Free: 201048K (40%)
----------------- Invoking toplevel() on ptolemy.moml.MoMLSimpleApplication@7e3eaf17
----------------- Done invoking toplevel() on ptolemy.moml.MoMLSimpleApplication@7e3eaf17
reloadAllAccessors: .Counter

===========================================================================================
----------------- testing Fri Dec 06 06:17:55 UTC 2019 /home/travis/build/icyphy/ptII/ptolemy/actor/lib/test/auto/CurrentTimeSDF.xml
----------------- Instantiating /home/travis/build/icyphy/ptII/ptolemy/actor/lib/test/auto/CurrentTimeSDF.xml
1 ms. Memory: 507904K Free: 196952K (39%)
----------------- Invoking toplevel() on ptolemy.moml.MoMLSimpleApplication@4c10a49a
----------------- Done invoking toplevel() on ptolemy.moml.MoMLSimpleApplication@4c10a49a
reloadAllAccessors: .CurrentTimeSDF

===========================================================================================
----------------- testing Fri Dec 06 06:17:55 UTC 2019 /home/travis/build/icyphy/ptII/ptolemy/actor/lib/test/auto/DB.xml
----------------- Instantiating /home/travis/build/icyphy/ptII/ptolemy/actor/lib/test/auto/DB.xml
2 ms. Memory: 507904K Free: 191832K (38%)
----------------- Invoking toplevel() on ptolemy.moml.MoMLSimpleApplication@3ffc8c74
----------------- Done invoking toplevel() on ptolemy.moml.MoMLSimpleApplication@3ffc8c74
reloadAllAccessors: .DB

===========================================================================================
----------------- testing Fri Dec 06 06:17:55 UTC 2019 /home/travis/build/icyphy/ptII/ptolemy/actor/lib/test/auto/DBDE.xml
----------------- Instantiating /home/travis/build/icyphy/ptII/ptolemy/actor/lib/test/auto/DBDE.xml
2 ms. Memory: 507904K Free: 186184K (37%)
----------------- Invoking toplevel() on ptolemy.moml.MoMLSimpleApplication@176e039d
----------------- Done invoking toplevel() on ptolemy.moml.MoMLSimpleApplication@176e039d
reloadAllAccessors: .DBDE

===========================================================================================
----------------- testing Fri Dec 06 06:17:55 UTC 2019 /home/travis/build/icyphy/ptII/ptolemy/actor/lib/test/auto/DateConstructor.xml
----------------- Instantiating /home/travis/build/icyphy/ptII/ptolemy/actor/lib/test/auto/DateConstructor.xml
29 ms. Memory: 507904K Free: 168790K (33%)
----------------- Invoking toplevel() on ptolemy.moml.MoMLSimpleApplication@378b2974
----------------- Done invoking toplevel() on ptolemy.moml.MoMLSimpleApplication@378b2974
reloadAllAccessors: .DateConstructor

===========================================================================================
----------------- testing Fri Dec 06 06:17:55 UTC 2019 /home/travis/build/icyphy/ptII/ptolemy/actor/lib/test/auto/DelayTime.xml
----------------- Instantiating /home/travis/build/icyphy/ptII/ptolemy/actor/lib/test/auto/DelayTime.xml
5 ms. Memory: 507904K Free: 163670K (32%)
----------------- Invoking toplevel() on ptolemy.moml.MoMLSimpleApplication@37f0ea28
----------------- Done invoking toplevel() on ptolemy.moml.MoMLSimpleApplication@37f0ea28
reloadAllAccessors: .DelayTime

===========================================================================================
----------------- testing Fri Dec 06 06:17:55 UTC 2019 /home/travis/build/icyphy/ptII/ptolemy/actor/lib/test/auto/Dictionary1.xml
----------------- Instantiating /home/travis/build/icyphy/ptII/ptolemy/actor/lib/test/auto/Dictionary1.xml
1 ms. Memory: 507904K Free: 459118K (90%)
----------------- Invoking toplevel() on ptolemy.moml.MoMLSimpleApplication@506783a3
----------------- Done invoking toplevel() on ptolemy.moml.MoMLSimpleApplication@506783a3
reloadAllAccessors: .Dictionary1

===========================================================================================
----------------- testing Fri Dec 06 06:17:55 UTC 2019 /home/travis/build/icyphy/ptII/ptolemy/actor/lib/test/auto/Dictionary2.xml
----------------- Instantiating /home/travis/build/icyphy/ptII/ptolemy/actor/lib/test/auto/Dictionary2.xml
1 ms. Memory: 507904K Free: 453502K (89%)
----------------- Invoking toplevel() on ptolemy.moml.MoMLSimpleApplication@16128642
----------------- Done invoking toplevel() on ptolemy.moml.MoMLSimpleApplication@16128642
reloadAllAccessors: .Dictionary2

===========================================================================================
----------------- testing Fri Dec 06 06:17:55 UTC 2019 /home/travis/build/icyphy/ptII/ptolemy/actor/lib/test/auto/Dictionary3.xml
----------------- Instantiating /home/travis/build/icyphy/ptII/ptolemy/actor/lib/test/auto/Dictionary3.xml
2 ms. Memory: 507904K Free: 447868K (88%)
----------------- Invoking toplevel() on ptolemy.moml.MoMLSimpleApplication@238c1692
----------------- Done invoking toplevel() on ptolemy.moml.MoMLSimpleApplication@238c1692
reloadAllAccessors: .Dictionary3

===========================================================================================
----------------- testing Fri Dec 06 06:17:55 UTC 2019 /home/travis/build/icyphy/ptII/ptolemy/actor/lib/test/auto/Dictionary4.xml
----------------- Instantiating /home/travis/build/icyphy/ptII/ptolemy/actor/lib/test/auto/Dictionary4.xml
5 ms. Memory: 507904K Free: 440694K (87%)
----------------- Invoking toplevel() on ptolemy.moml.MoMLSimpleApplication@1cf0bbdb
----------------- Done invoking toplevel() on ptolemy.moml.MoMLSimpleApplication@1cf0bbdb
reloadAllAccessors: .Dictionary4

===========================================================================================
----------------- testing Fri Dec 06 06:17:55 UTC 2019 /home/travis/build/icyphy/ptII/ptolemy/actor/lib/test/auto/Differential.xml
----------------- Instantiating /home/travis/build/icyphy/ptII/ptolemy/actor/lib/test/auto/Differential.xml
4 ms. Memory: 507904K Free: 436604K (86%)
----------------- Invoking toplevel() on ptolemy.moml.MoMLSimpleApplication@2cdfa54
----------------- Done invoking toplevel() on ptolemy.moml.MoMLSimpleApplication@2cdfa54
reloadAllAccessors: .Differential

===========================================================================================
----------------- testing Fri Dec 06 06:17:55 UTC 2019 /home/travis/build/icyphy/ptII/ptolemy/actor/lib/test/auto/Director.xml
----------------- Instantiating /home/travis/build/icyphy/ptII/ptolemy/actor/lib/test/auto/Director.xml
1 ms. Memory: 507904K Free: 433022K (85%)
----------------- Invoking toplevel() on ptolemy.moml.MoMLSimpleApplication@5d576c0f
----------------- Done invoking toplevel() on ptolemy.moml.MoMLSimpleApplication@5d576c0f
reloadAllAccessors: .Director

===========================================================================================
----------------- testing Fri Dec 06 06:17:55 UTC 2019 /home/travis/build/icyphy/ptII/ptolemy/actor/lib/test/auto/DiscreteClock.xml
----------------- Instantiating /home/travis/build/icyphy/ptII/ptolemy/actor/lib/test/auto/DiscreteClock.xml
1 ms. Memory: 507904K Free: 428926K (84%)
----------------- Invoking toplevel() on ptolemy.moml.MoMLSimpleApplication@79526ccf
----------------- Done invoking toplevel() on ptolemy.moml.MoMLSimpleApplication@79526ccf
reloadAllAccessors: .DiscreteClock

===========================================================================================
----------------- testing Fri Dec 06 06:17:55 UTC 2019 /home/travis/build/icyphy/ptII/ptolemy/actor/lib/test/auto/DiscreteClock10.xml
----------------- Instantiating /home/travis/build/icyphy/ptII/ptolemy/actor/lib/test/auto/DiscreteClock10.xml
2 ms. Memory: 507904K Free: 422782K (83%)
----------------- Invoking toplevel() on ptolemy.moml.MoMLSimpleApplication@2245ab43
----------------- Done invoking toplevel() on ptolemy.moml.MoMLSimpleApplication@2245ab43
reloadAllAccessors: .DiscreteClock10

===========================================================================================
----------------- testing Fri Dec 06 06:17:55 UTC 2019 /home/travis/build/icyphy/ptII/ptolemy/actor/lib/test/auto/DiscreteClock11.xml
----------------- Instantiating /home/travis/build/icyphy/ptII/ptolemy/actor/lib/test/auto/DiscreteClock11.xml
2 ms. Memory: 507904K Free: 417148K (82%)
----------------- Invoking toplevel() on ptolemy.moml.MoMLSimpleApplication@39e90d39
----------------- Done invoking toplevel() on ptolemy.moml.MoMLSimpleApplication@39e90d39
reloadAllAccessors: .DiscreteClock11

===========================================================================================
----------------- testing Fri Dec 06 06:17:55 UTC 2019 /home/travis/build/icyphy/ptII/ptolemy/actor/lib/test/auto/DiscreteClock12.xml
----------------- Instantiating /home/travis/build/icyphy/ptII/ptolemy/actor/lib/test/auto/DiscreteClock12.xml
2 ms. Memory: 507904K Free: 411004K (81%)
----------------- Invoking toplevel() on ptolemy.moml.MoMLSimpleApplication@8f81142
----------------- Done invoking toplevel() on ptolemy.moml.MoMLSimpleApplication@8f81142
reloadAllAccessors: .DiscreteClock12

===========================================================================================
----------------- testing Fri Dec 06 06:17:55 UTC 2019 /home/travis/build/icyphy/ptII/ptolemy/actor/lib/test/auto/DiscreteClock13.xml
----------------- Instantiating /home/travis/build/icyphy/ptII/ptolemy/actor/lib/test/auto/DiscreteClock13.xml
5 ms. Memory: 507904K Free: 404830K (80%)
----------------- Invoking toplevel() on ptolemy.moml.MoMLSimpleApplication@4e028334
----------------- Done invoking toplevel() on ptolemy.moml.MoMLSimpleApplication@4e028334
reloadAllAccessors: .DiscreteClock13

===========================================================================================
----------------- testing Fri Dec 06 06:17:55 UTC 2019 /home/travis/build/icyphy/ptII/ptolemy/actor/lib/test/auto/DiscreteClock14.xml
----------------- Instantiating /home/travis/build/icyphy/ptII/ptolemy/actor/lib/test/auto/DiscreteClock14.xml
4 ms. Memory: 507904K Free: 398683K (78%)
----------------- Invoking toplevel() on ptolemy.moml.MoMLSimpleApplication@4bad5a79
----------------- Done invoking toplevel() on ptolemy.moml.MoMLSimpleApplication@4bad5a79
reloadAllAccessors: .DiscreteClock14

===========================================================================================
----------------- testing Fri Dec 06 06:17:55 UTC 2019 /home/travis/build/icyphy/ptII/ptolemy/actor/lib/test/auto/DiscreteClock15.xml
----------------- Instantiating /home/travis/build/icyphy/ptII/ptolemy/actor/lib/test/auto/DiscreteClock15.xml
4 ms. Memory: 507904K Free: 393086K (77%)
----------------- Invoking toplevel() on ptolemy.moml.MoMLSimpleApplication@220e6704
----------------- Done invoking toplevel() on ptolemy.moml.MoMLSimpleApplication@220e6704
reloadAllAccessors: .DiscreteClock15

===========================================================================================
----------------- testing Fri Dec 06 06:17:55 UTC 2019 /home/travis/build/icyphy/ptII/ptolemy/actor/lib/test/auto/DiscreteClock16.xml
----------------- Instantiating /home/travis/build/icyphy/ptII/ptolemy/actor/lib/test/auto/DiscreteClock16.xml
15 ms. Memory: 507904K Free: 379246K (75%)
----------------- Invoking toplevel() on ptolemy.moml.MoMLSimpleApplication@5e53087d
----------------- Done invoking toplevel() on ptolemy.moml.MoMLSimpleApplication@5e53087d
reloadAllAccessors: .DiscreteClock16

===========================================================================================
----------------- testing Fri Dec 06 06:17:55 UTC 2019 /home/travis/build/icyphy/ptII/ptolemy/actor/lib/test/auto/DiscreteClock17.xml
----------------- Instantiating /home/travis/build/icyphy/ptII/ptolemy/actor/lib/test/auto/DiscreteClock17.xml
16 ms. Memory: 507904K Free: 364924K (72%)
----------------- Invoking toplevel() on ptolemy.moml.MoMLSimpleApplication@3bf57f9e
----------------- Done invoking toplevel() on ptolemy.moml.MoMLSimpleApplication@3bf57f9e
reloadAllAccessors: .DiscreteClock17

===========================================================================================
----------------- testing Fri Dec 06 06:17:55 UTC 2019 /home/travis/build/icyphy/ptII/ptolemy/actor/lib/test/auto/DiscreteClock18.xml
----------------- Instantiating /home/travis/build/icyphy/ptII/ptolemy/actor/lib/test/auto/DiscreteClock18.xml
9 ms. Memory: 507904K Free: 351102K (69%)
----------------- Invoking toplevel() on ptolemy.moml.MoMLSimpleApplication@43ffb5f4
----------------- Done invoking toplevel() on ptolemy.moml.MoMLSimpleApplication@43ffb5f4
reloadAllAccessors: .DiscreteClock18

===========================================================================================
----------------- testing Fri Dec 06 06:17:55 UTC 2019 /home/travis/build/icyphy/ptII/ptolemy/actor/lib/test/auto/DiscreteClock19.xml
----------------- Instantiating /home/travis/build/icyphy/ptII/ptolemy/actor/lib/test/auto/DiscreteClock19.xml
18 ms. Memory: 507904K Free: 337790K (67%)
----------------- Invoking toplevel() on ptolemy.moml.MoMLSimpleApplication@77c6c082
----------------- Done invoking toplevel() on ptolemy.moml.MoMLSimpleApplication@77c6c082
reloadAllAccessors: .DiscreteClock19

===========================================================================================
----------------- testing Fri Dec 06 06:17:55 UTC 2019 /home/travis/build/icyphy/ptII/ptolemy/actor/lib/test/auto/DiscreteClock2.xml
----------------- Instantiating /home/travis/build/icyphy/ptII/ptolemy/actor/lib/test/auto/DiscreteClock2.xml
3 ms. Memory: 507904K Free: 332670K (65%)
----------------- Invoking toplevel() on ptolemy.moml.MoMLSimpleApplication@6098c5bd
----------------- Done invoking toplevel() on ptolemy.moml.MoMLSimpleApplication@6098c5bd
reloadAllAccessors: .DiscreteClock2

===========================================================================================
----------------- testing Fri Dec 06 06:17:55 UTC 2019 /home/travis/build/icyphy/ptII/ptolemy/actor/lib/test/auto/DiscreteClock20.xml
----------------- Instantiating /home/travis/build/icyphy/ptII/ptolemy/actor/lib/test/auto/DiscreteClock20.xml
4 ms. Memory: 507904K Free: 327036K (64%)
----------------- Invoking toplevel() on ptolemy.moml.MoMLSimpleApplication@2161c110
----------------- Done invoking toplevel() on ptolemy.moml.MoMLSimpleApplication@2161c110
reloadAllAccessors: .DiscreteClock20

===========================================================================================
----------------- testing Fri Dec 06 06:17:56 UTC 2019 /home/travis/build/icyphy/ptII/ptolemy/actor/lib/test/auto/DiscreteClock21.xml
----------------- Instantiating /home/travis/build/icyphy/ptII/ptolemy/actor/lib/test/auto/DiscreteClock21.xml
3 ms. Memory: 507904K Free: 321406K (63%)
----------------- Invoking toplevel() on ptolemy.moml.MoMLSimpleApplication@3656c3a3
----------------- Done invoking toplevel() on ptolemy.moml.MoMLSimpleApplication@3656c3a3
reloadAllAccessors: .DiscreteClock21

===========================================================================================
----------------- testing Fri Dec 06 06:17:56 UTC 2019 /home/travis/build/icyphy/ptII/ptolemy/actor/lib/test/auto/DiscreteClock22.xml
----------------- Instantiating /home/travis/build/icyphy/ptII/ptolemy/actor/lib/test/auto/DiscreteClock22.xml
3 ms. Memory: 507904K Free: 316286K (62%)
----------------- Invoking toplevel() on ptolemy.moml.MoMLSimpleApplication@535b38b0
----------------- Done invoking toplevel() on ptolemy.moml.MoMLSimpleApplication@535b38b0
reloadAllAccessors: .DiscreteClock22

===========================================================================================
----------------- testing Fri Dec 06 06:17:56 UTC 2019 /home/travis/build/icyphy/ptII/ptolemy/actor/lib/test/auto/DiscreteClock23.xml
----------------- Instantiating /home/travis/build/icyphy/ptII/ptolemy/actor/lib/test/auto/DiscreteClock23.xml
6 ms. Memory: 507904K Free: 310652K (61%)
----------------- Invoking toplevel() on ptolemy.moml.MoMLSimpleApplication@55e736f
----------------- Done invoking toplevel() on ptolemy.moml.MoMLSimpleApplication@55e736f
reloadAllAccessors: .DiscreteClock23

===========================================================================================
----------------- testing Fri Dec 06 06:17:56 UTC 2019 /home/travis/build/icyphy/ptII/ptolemy/actor/lib/test/auto/DiscreteClock24.xml
----------------- Instantiating /home/travis/build/icyphy/ptII/ptolemy/actor/lib/test/auto/DiscreteClock24.xml
2 ms. Memory: 507904K Free: 305022K (60%)
----------------- Invoking toplevel() on ptolemy.moml.MoMLSimpleApplication@37e0cf90
----------------- Done invoking toplevel() on ptolemy.moml.MoMLSimpleApplication@37e0cf90
reloadAllAccessors: .DiscreteClock24

===========================================================================================
----------------- testing Fri Dec 06 06:17:56 UTC 2019 /home/travis/build/icyphy/ptII/ptolemy/actor/lib/test/auto/DiscreteClock4.xml
----------------- Instantiating /home/travis/build/icyphy/ptII/ptolemy/actor/lib/test/auto/DiscreteClock4.xml
6 ms. Memory: 507904K Free: 299374K (59%)
----------------- Invoking toplevel() on ptolemy.moml.MoMLSimpleApplication@35f0f44f
----------------- Done invoking toplevel() on ptolemy.moml.MoMLSimpleApplication@35f0f44f
reloadAllAccessors: .DiscreteClock4

===========================================================================================
----------------- testing Fri Dec 06 06:17:56 UTC 2019 /home/travis/build/icyphy/ptII/ptolemy/actor/lib/test/auto/DiscreteClock5.xml
----------------- Instantiating /home/travis/build/icyphy/ptII/ptolemy/actor/lib/test/auto/DiscreteClock5.xml
1 ms. Memory: 507904K Free: 294254K (58%)
----------------- Invoking toplevel() on ptolemy.moml.MoMLSimpleApplication@4cffaa37
----------------- Done invoking toplevel() on ptolemy.moml.MoMLSimpleApplication@4cffaa37
reloadAllAccessors: .DiscreteClock5

===========================================================================================
----------------- testing Fri Dec 06 06:17:56 UTC 2019 /home/travis/build/icyphy/ptII/ptolemy/actor/lib/test/auto/DiscreteClock6.xml
----------------- Instantiating /home/travis/build/icyphy/ptII/ptolemy/actor/lib/test/auto/DiscreteClock6.xml
1 ms. Memory: 507904K Free: 289662K (57%)
----------------- Invoking toplevel() on ptolemy.moml.MoMLSimpleApplication@7ff44817
----------------- Done invoking toplevel() on ptolemy.moml.MoMLSimpleApplication@7ff44817
reloadAllAccessors: .DiscreteClock6

===========================================================================================
----------------- testing Fri Dec 06 06:17:56 UTC 2019 /home/travis/build/icyphy/ptII/ptolemy/actor/lib/test/auto/DiscreteClock7.xml
----------------- Instantiating /home/travis/build/icyphy/ptII/ptolemy/actor/lib/test/auto/DiscreteClock7.xml
1 ms. Memory: 507904K Free: 285052K (56%)
----------------- Invoking toplevel() on ptolemy.moml.MoMLSimpleApplication@4f9ddc36
----------------- Done invoking toplevel() on ptolemy.moml.MoMLSimpleApplication@4f9ddc36
reloadAllAccessors: .DiscreteClock7

===========================================================================================
----------------- testing Fri Dec 06 06:17:56 UTC 2019 /home/travis/build/icyphy/ptII/ptolemy/actor/lib/test/auto/DiscreteClock8.xml
----------------- Instantiating /home/travis/build/icyphy/ptII/ptolemy/actor/lib/test/auto/DiscreteClock8.xml
2 ms. Memory: 507904K Free: 279422K (55%)
----------------- Invoking toplevel() on ptolemy.moml.MoMLSimpleApplication@3e094562
----------------- Done invoking toplevel() on ptolemy.moml.MoMLSimpleApplication@3e094562
reloadAllAccessors: .DiscreteClock8

===========================================================================================
----------------- testing Fri Dec 06 06:17:56 UTC 2019 /home/travis/build/icyphy/ptII/ptolemy/actor/lib/test/auto/DiscreteClock9.xml
----------------- Instantiating /home/travis/build/icyphy/ptII/ptolemy/actor/lib/test/auto/DiscreteClock9.xml
2 ms. Memory: 507904K Free: 273278K (54%)
----------------- Invoking toplevel() on ptolemy.moml.MoMLSimpleApplication@a102842
----------------- Done invoking toplevel() on ptolemy.moml.MoMLSimpleApplication@a102842
reloadAllAccessors: .DiscreteClock9

===========================================================================================
----------------- testing Fri Dec 06 06:17:56 UTC 2019 /home/travis/build/icyphy/ptII/ptolemy/actor/lib/test/auto/DisplayArray.xml
----------------- Instantiating /home/travis/build/icyphy/ptII/ptolemy/actor/lib/test/auto/DisplayArray.xml
1 ms. Memory: 507904K Free: 270206K (53%)
----------------- Invoking toplevel() on ptolemy.moml.MoMLSimpleApplication@60e71135
----------------- Done invoking toplevel() on ptolemy.moml.MoMLSimpleApplication@60e71135
reloadAllAccessors: .DisplayArray

===========================================================================================
----------------- testing Fri Dec 06 06:17:56 UTC 2019 /home/travis/build/icyphy/ptII/ptolemy/actor/lib/test/auto/Distributor.xml
----------------- Instantiating /home/travis/build/icyphy/ptII/ptolemy/actor/lib/test/auto/Distributor.xml
2 ms. Memory: 507904K Free: 265086K (52%)
----------------- Invoking toplevel() on ptolemy.moml.MoMLSimpleApplication@19773426
----------------- Done invoking toplevel() on ptolemy.moml.MoMLSimpleApplication@19773426
reloadAllAccessors: .Distributor

===========================================================================================
----------------- testing Fri Dec 06 06:17:56 UTC 2019 /home/travis/build/icyphy/ptII/ptolemy/actor/lib/test/auto/Distributor2.xml
----------------- Instantiating /home/travis/build/icyphy/ptII/ptolemy/actor/lib/test/auto/Distributor2.xml
1 ms. Memory: 507904K Free: 259966K (51%)
----------------- Invoking toplevel() on ptolemy.moml.MoMLSimpleApplication@1f5eab13
----------------- Done invoking toplevel() on ptolemy.moml.MoMLSimpleApplication@1f5eab13
reloadAllAccessors: .Distributor2

===========================================================================================
----------------- testing Fri Dec 06 06:17:56 UTC 2019 /home/travis/build/icyphy/ptII/ptolemy/actor/lib/test/auto/DownSample.xml
----------------- Instantiating /home/travis/build/icyphy/ptII/ptolemy/actor/lib/test/auto/DownSample.xml
1 ms. Memory: 507904K Free: 255356K (50%)
----------------- Invoking toplevel() on ptolemy.moml.MoMLSimpleApplication@481bebb0
----------------- Done invoking toplevel() on ptolemy.moml.MoMLSimpleApplication@481bebb0
reloadAllAccessors: .DownSample

===========================================================================================
----------------- testing Fri Dec 06 06:17:56 UTC 2019 /home/travis/build/icyphy/ptII/ptolemy/actor/lib/test/auto/ElectronicUnitBase1.xml
----------------- Instantiating /home/travis/build/icyphy/ptII/ptolemy/actor/lib/test/auto/ElectronicUnitBase1.xml
16 ms. Memory: 507904K Free: 239486K (47%)
----------------- Invoking toplevel() on ptolemy.moml.MoMLSimpleApplication@4ef5bee3
----------------- Done invoking toplevel() on ptolemy.moml.MoMLSimpleApplication@4ef5bee3
reloadAllAccessors: .ElectronicUnitBase1

===========================================================================================
----------------- testing Fri Dec 06 06:17:56 UTC 2019 /home/travis/build/icyphy/ptII/ptolemy/actor/lib/test/auto/ElementsToArray.xml
----------------- Instantiating /home/travis/build/icyphy/ptII/ptolemy/actor/lib/test/auto/ElementsToArray.xml
2 ms. Memory: 507904K Free: 234876K (46%)
----------------- Invoking toplevel() on ptolemy.moml.MoMLSimpleApplication@174d5a19
----------------- Done invoking toplevel() on ptolemy.moml.MoMLSimpleApplication@174d5a19
reloadAllAccessors: .ElementsToArray

===========================================================================================
----------------- testing Fri Dec 06 06:17:56 UTC 2019 /home/travis/build/icyphy/ptII/ptolemy/actor/lib/test/auto/Equals.xml
----------------- Instantiating /home/travis/build/icyphy/ptII/ptolemy/actor/lib/test/auto/Equals.xml
3 ms. Memory: 507904K Free: 230270K (45%)
----------------- Invoking toplevel() on ptolemy.moml.MoMLSimpleApplication@57bf9162
----------------- Done invoking toplevel() on ptolemy.moml.MoMLSimpleApplication@57bf9162
reloadAllAccessors: .Equals

===========================================================================================
----------------- testing Fri Dec 06 06:17:56 UTC 2019 /home/travis/build/icyphy/ptII/ptolemy/actor/lib/test/auto/Exec.xml
----------------- Instantiating /home/travis/build/icyphy/ptII/ptolemy/actor/lib/test/auto/Exec.xml
17 ms. Memory: 507904K Free: 224636K (44%)
----------------- Invoking toplevel() on ptolemy.moml.MoMLSimpleApplication@540667f4
----------------- Done invoking toplevel() on ptolemy.moml.MoMLSimpleApplication@540667f4
reloadAllAccessors: .Exec

===========================================================================================
----------------- testing Fri Dec 06 06:17:56 UTC 2019 /home/travis/build/icyphy/ptII/ptolemy/actor/lib/test/auto/ExecEnvironment.xml
----------------- Instantiating /home/travis/build/icyphy/ptII/ptolemy/actor/lib/test/auto/ExecEnvironment.xml
30 ms. Memory: 507904K Free: 217982K (43%)
----------------- Invoking toplevel() on ptolemy.moml.MoMLSimpleApplication@3348581e
----------------- Done invoking toplevel() on ptolemy.moml.MoMLSimpleApplication@3348581e
reloadAllAccessors: .ExecEnvironment

===========================================================================================
----------------- testing Fri Dec 06 06:17:56 UTC 2019 /home/travis/build/icyphy/ptII/ptolemy/actor/lib/test/auto/ExecNonZeroReturnOutput.xml
----------------- Instantiating /home/travis/build/icyphy/ptII/ptolemy/actor/lib/test/auto/ExecNonZeroReturnOutput.xml
147 ms. Memory: 507904K Free: 207228K (41%)
----------------- Invoking toplevel() on ptolemy.moml.MoMLSimpleApplication@67826bca
----------------- Done invoking toplevel() on ptolemy.moml.MoMLSimpleApplication@67826bca
reloadAllAccessors: .ExecNonZeroReturnOutput

===========================================================================================
----------------- testing Fri Dec 06 06:17:56 UTC 2019 /home/travis/build/icyphy/ptII/ptolemy/actor/lib/test/auto/ExecRunDemos.xml
----------------- Instantiating /home/travis/build/icyphy/ptII/ptolemy/actor/lib/test/auto/ExecRunDemos.xml
Finished: 52 ms. Memory: 129024K Free: 113485K (88%)

Finished: 76 ms. Memory: 129024K Free: 110551K (86%)

Finished: 112 ms. Memory: 129024K Free: 111062K (86%)

Finished: 59 ms. Memory: 129024K Free: 112171K (87%)

Finished: 63 ms. Memory: 129024K Free: 113064K (88%)

10241 ms. Memory: 507904K Free: 186236K (37%)
----------------- Invoking toplevel() on ptolemy.moml.MoMLSimpleApplication@42b82da6
----------------- Done invoking toplevel() on ptolemy.moml.MoMLSimpleApplication@42b82da6
reloadAllAccessors: .ExecRunDemos

===========================================================================================
----------------- testing Fri Dec 06 06:18:06 UTC 2019 /home/travis/build/icyphy/ptII/ptolemy/actor/lib/test/auto/ExecStop.xml
----------------- Instantiating /home/travis/build/icyphy/ptII/ptolemy/actor/lib/test/auto/ExecStop.xml
5019 ms. Memory: 507904K Free: 341381K (67%)
----------------- Invoking toplevel() on ptolemy.moml.MoMLSimpleApplication@5dff97e
----------------- Done invoking toplevel() on ptolemy.moml.MoMLSimpleApplication@5dff97e
reloadAllAccessors: .ExecStop

===========================================================================================
----------------- testing Fri Dec 06 06:18:11 UTC 2019 /home/travis/build/icyphy/ptII/ptolemy/actor/lib/test/auto/ExecutionTimeSDF.xml
----------------- Instantiating /home/travis/build/icyphy/ptII/ptolemy/actor/lib/test/auto/ExecutionTimeSDF.xml
Fired ExecutionTime: -1273367296
Fired ExecutionTime: 1340400000
Fired ExecutionTime: -299367296
6008 ms. Memory: 507904K Free: 328822K (65%)
----------------- Invoking toplevel() on ptolemy.moml.MoMLSimpleApplication@15b71ff
----------------- Done invoking toplevel() on ptolemy.moml.MoMLSimpleApplication@15b71ff
reloadAllAccessors: .ExecutionTimeSDF

===========================================================================================
----------------- testing Fri Dec 06 06:18:17 UTC 2019 /home/travis/build/icyphy/ptII/ptolemy/actor/lib/test/auto/Expression1.xml
----------------- Instantiating /home/travis/build/icyphy/ptII/ptolemy/actor/lib/test/auto/Expression1.xml
2 ms. Memory: 507904K Free: 325254K (64%)
----------------- Invoking toplevel() on ptolemy.moml.MoMLSimpleApplication@7fe42b5b
----------------- Done invoking toplevel() on ptolemy.moml.MoMLSimpleApplication@7fe42b5b
reloadAllAccessors: .Expression1

===========================================================================================
----------------- testing Fri Dec 06 06:18:17 UTC 2019 /home/travis/build/icyphy/ptII/ptolemy/actor/lib/test/auto/Expression10.xml
----------------- Instantiating /home/travis/build/icyphy/ptII/ptolemy/actor/lib/test/auto/Expression10.xml
6 ms. Memory: 507904K Free: 320134K (63%)
----------------- Invoking toplevel() on ptolemy.moml.MoMLSimpleApplication@54f1c0ff
----------------- Done invoking toplevel() on ptolemy.moml.MoMLSimpleApplication@54f1c0ff
reloadAllAccessors: .Expression10

===========================================================================================
----------------- testing Fri Dec 06 06:18:18 UTC 2019 /home/travis/build/icyphy/ptII/ptolemy/actor/lib/test/auto/Expression11.xml
----------------- Instantiating /home/travis/build/icyphy/ptII/ptolemy/actor/lib/test/auto/Expression11.xml
2 ms. Memory: 507904K Free: 315524K (62%)
----------------- Invoking toplevel() on ptolemy.moml.MoMLSimpleApplication@5a355c4d
----------------- Done invoking toplevel() on ptolemy.moml.MoMLSimpleApplication@5a355c4d
reloadAllAccessors: .Expression11

===========================================================================================
----------------- testing Fri Dec 06 06:18:18 UTC 2019 /home/travis/build/icyphy/ptII/ptolemy/actor/lib/test/auto/Expression12.xml
----------------- Instantiating /home/travis/build/icyphy/ptII/ptolemy/actor/lib/test/auto/Expression12.xml
4 ms. Memory: 507904K Free: 309894K (61%)
----------------- Invoking toplevel() on ptolemy.moml.MoMLSimpleApplication@690081b8
----------------- Done invoking toplevel() on ptolemy.moml.MoMLSimpleApplication@690081b8
reloadAllAccessors: .Expression12

===========================================================================================
----------------- testing Fri Dec 06 06:18:18 UTC 2019 /home/travis/build/icyphy/ptII/ptolemy/actor/lib/test/auto/Expression13.xml
----------------- Instantiating /home/travis/build/icyphy/ptII/ptolemy/actor/lib/test/auto/Expression13.xml
3 ms. Memory: 507904K Free: 305284K (60%)
----------------- Invoking toplevel() on ptolemy.moml.MoMLSimpleApplication@310b8130
----------------- Done invoking toplevel() on ptolemy.moml.MoMLSimpleApplication@310b8130
reloadAllAccessors: .Expression13

===========================================================================================
----------------- testing Fri Dec 06 06:18:18 UTC 2019 /home/travis/build/icyphy/ptII/ptolemy/actor/lib/test/auto/Expression14.xml
----------------- Instantiating /home/travis/build/icyphy/ptII/ptolemy/actor/lib/test/auto/Expression14.xml
7 ms. Memory: 507904K Free: 299140K (59%)
----------------- Invoking toplevel() on ptolemy.moml.MoMLSimpleApplication@18e2eb26
----------------- Done invoking toplevel() on ptolemy.moml.MoMLSimpleApplication@18e2eb26
reloadAllAccessors: .Expression14

===========================================================================================
----------------- testing Fri Dec 06 06:18:18 UTC 2019 /home/travis/build/icyphy/ptII/ptolemy/actor/lib/test/auto/Expression15.xml
----------------- Instantiating /home/travis/build/icyphy/ptII/ptolemy/actor/lib/test/auto/Expression15.xml
1 ms. Memory: 507904K Free: 295558K (58%)
----------------- Invoking toplevel() on ptolemy.moml.MoMLSimpleApplication@2c1e7c08
----------------- Done invoking toplevel() on ptolemy.moml.MoMLSimpleApplication@2c1e7c08
reloadAllAccessors: .Expression15

===========================================================================================
----------------- testing Fri Dec 06 06:18:18 UTC 2019 /home/travis/build/icyphy/ptII/ptolemy/actor/lib/test/auto/Expression16.xml
----------------- Instantiating /home/travis/build/icyphy/ptII/ptolemy/actor/lib/test/auto/Expression16.xml
3 ms. Memory: 507904K Free: 290438K (57%)
----------------- Invoking toplevel() on ptolemy.moml.MoMLSimpleApplication@5dc6fbe7
----------------- Done invoking toplevel() on ptolemy.moml.MoMLSimpleApplication@5dc6fbe7
reloadAllAccessors: .Expression16

===========================================================================================
----------------- testing Fri Dec 06 06:18:18 UTC 2019 /home/travis/build/icyphy/ptII/ptolemy/actor/lib/test/auto/Expression17.xml
----------------- Instantiating /home/travis/build/icyphy/ptII/ptolemy/actor/lib/test/auto/Expression17.xml
4 ms. Memory: 507904K Free: 285828K (56%)
----------------- Invoking toplevel() on ptolemy.moml.MoMLSimpleApplication@69a0f090
----------------- Done invoking toplevel() on ptolemy.moml.MoMLSimpleApplication@69a0f090
reloadAllAccessors: .Expression17

===========================================================================================
----------------- testing Fri Dec 06 06:18:18 UTC 2019 /home/travis/build/icyphy/ptII/ptolemy/actor/lib/test/auto/Expression18.xml
----------------- Instantiating /home/travis/build/icyphy/ptII/ptolemy/actor/lib/test/auto/Expression18.xml
2 ms. Memory: 507904K Free: 280708K (55%)
----------------- Invoking toplevel() on ptolemy.moml.MoMLSimpleApplication@5afa9169
----------------- Done invoking toplevel() on ptolemy.moml.MoMLSimpleApplication@5afa9169
reloadAllAccessors: .Expression18

===========================================================================================
----------------- testing Fri Dec 06 06:18:18 UTC 2019 /home/travis/build/icyphy/ptII/ptolemy/actor/lib/test/auto/Expression2.xml
----------------- Instantiating /home/travis/build/icyphy/ptII/ptolemy/actor/lib/test/auto/Expression2.xml
2 ms. Memory: 507904K Free: 275588K (54%)
----------------- Invoking toplevel() on ptolemy.moml.MoMLSimpleApplication@73544995
----------------- Done invoking toplevel() on ptolemy.moml.MoMLSimpleApplication@73544995
reloadAllAccessors: .Expression2

===========================================================================================
----------------- testing Fri Dec 06 06:18:18 UTC 2019 /home/travis/build/icyphy/ptII/ptolemy/actor/lib/test/auto/Expression3.xml
----------------- Instantiating /home/travis/build/icyphy/ptII/ptolemy/actor/lib/test/auto/Expression3.xml
5 ms. Memory: 507904K Free: 270982K (53%)
----------------- Invoking toplevel() on ptolemy.moml.MoMLSimpleApplication@57a9f9fa
----------------- Done invoking toplevel() on ptolemy.moml.MoMLSimpleApplication@57a9f9fa
reloadAllAccessors: .Expression3

===========================================================================================
----------------- testing Fri Dec 06 06:18:18 UTC 2019 /home/travis/build/icyphy/ptII/ptolemy/actor/lib/test/auto/Expression4.xml
----------------- Instantiating /home/travis/build/icyphy/ptII/ptolemy/actor/lib/test/auto/Expression4.xml
4 ms. Memory: 507904K Free: 263300K (52%)
----------------- Invoking toplevel() on ptolemy.moml.MoMLSimpleApplication@2a2e0b83
----------------- Done invoking toplevel() on ptolemy.moml.MoMLSimpleApplication@2a2e0b83
reloadAllAccessors: .Expression4

===========================================================================================
----------------- testing Fri Dec 06 06:18:18 UTC 2019 /home/travis/build/icyphy/ptII/ptolemy/actor/lib/test/auto/Expression5.xml
----------------- Instantiating /home/travis/build/icyphy/ptII/ptolemy/actor/lib/test/auto/Expression5.xml
5 ms. Memory: 507904K Free: 258180K (51%)
----------------- Invoking toplevel() on ptolemy.moml.MoMLSimpleApplication@5919eac
----------------- Done invoking toplevel() on ptolemy.moml.MoMLSimpleApplication@5919eac
reloadAllAccessors: .Expression5

===========================================================================================
----------------- testing Fri Dec 06 06:18:18 UTC 2019 /home/travis/build/icyphy/ptII/ptolemy/actor/lib/test/auto/Expression6.xml
----------------- Instantiating /home/travis/build/icyphy/ptII/ptolemy/actor/lib/test/auto/Expression6.xml
2 ms. Memory: 507904K Free: 254084K (50%)
----------------- Invoking toplevel() on ptolemy.moml.MoMLSimpleApplication@699017b2
----------------- Done invoking toplevel() on ptolemy.moml.MoMLSimpleApplication@699017b2
reloadAllAccessors: .Expression6

===========================================================================================
----------------- testing Fri Dec 06 06:18:18 UTC 2019 /home/travis/build/icyphy/ptII/ptolemy/actor/lib/test/auto/Expression7.xml
----------------- Instantiating /home/travis/build/icyphy/ptII/ptolemy/actor/lib/test/auto/Expression7.xml
2 ms. Memory: 507904K Free: 248964K (49%)
----------------- Invoking toplevel() on ptolemy.moml.MoMLSimpleApplication@a89bb0
----------------- Done invoking toplevel() on ptolemy.moml.MoMLSimpleApplication@a89bb0
reloadAllAccessors: .Expression7

===========================================================================================
----------------- testing Fri Dec 06 06:18:18 UTC 2019 /home/travis/build/icyphy/ptII/ptolemy/actor/lib/test/auto/Expression8.xml
----------------- Instantiating /home/travis/build/icyphy/ptII/ptolemy/actor/lib/test/auto/Expression8.xml
7 ms. Memory: 507904K Free: 243844K (48%)
----------------- Invoking toplevel() on ptolemy.moml.MoMLSimpleApplication@6f087b5d
----------------- Done invoking toplevel() on ptolemy.moml.MoMLSimpleApplication@6f087b5d
reloadAllAccessors: .Expression8

===========================================================================================
----------------- testing Fri Dec 06 06:18:18 UTC 2019 /home/travis/build/icyphy/ptII/ptolemy/actor/lib/test/auto/Expression9.xml
----------------- Instantiating /home/travis/build/icyphy/ptII/ptolemy/actor/lib/test/auto/Expression9.xml
1 ms. Memory: 507904K Free: 240262K (47%)
----------------- Invoking toplevel() on ptolemy.moml.MoMLSimpleApplication@54789c0c
----------------- Done invoking toplevel() on ptolemy.moml.MoMLSimpleApplication@54789c0c
reloadAllAccessors: .Expression9

===========================================================================================
----------------- testing Fri Dec 06 06:18:18 UTC 2019 /home/travis/build/icyphy/ptII/ptolemy/actor/lib/test/auto/ExpressionConcatenateArrayType.xml
----------------- Instantiating /home/travis/build/icyphy/ptII/ptolemy/actor/lib/test/auto/ExpressionConcatenateArrayType.xml
3 ms. Memory: 507904K Free: 233604K (46%)
----------------- Invoking toplevel() on ptolemy.moml.MoMLSimpleApplication@76d82cdc
----------------- Done invoking toplevel() on ptolemy.moml.MoMLSimpleApplication@76d82cdc
reloadAllAccessors: .ExpressionConcatenateArrayType

===========================================================================================
----------------- testing Fri Dec 06 06:18:18 UTC 2019 /home/travis/build/icyphy/ptII/ptolemy/actor/lib/test/auto/ExpressionConcatenateArrayType2.xml
----------------- Instantiating /home/travis/build/icyphy/ptII/ptolemy/actor/lib/test/auto/ExpressionConcatenateArrayType2.xml
1 ms. Memory: 507904K Free: 228484K (45%)
----------------- Invoking toplevel() on ptolemy.moml.MoMLSimpleApplication@354bf214
----------------- Done invoking toplevel() on ptolemy.moml.MoMLSimpleApplication@354bf214
reloadAllAccessors: .ExpressionConcatenateArrayType2

===========================================================================================
----------------- testing Fri Dec 06 06:18:18 UTC 2019 /home/travis/build/icyphy/ptII/ptolemy/actor/lib/test/auto/ExpressionFix.xml
----------------- Instantiating /home/travis/build/icyphy/ptII/ptolemy/actor/lib/test/auto/ExpressionFix.xml
23 ms. Memory: 507904K Free: 221830K (44%)
----------------- Invoking toplevel() on ptolemy.moml.MoMLSimpleApplication@e0bac7f
----------------- Done invoking toplevel() on ptolemy.moml.MoMLSimpleApplication@e0bac7f
reloadAllAccessors: .ExpressionFix

===========================================================================================
----------------- testing Fri Dec 06 06:18:18 UTC 2019 /home/travis/build/icyphy/ptII/ptolemy/actor/lib/test/auto/ExpressionFix2.xml
----------------- Instantiating /home/travis/build/icyphy/ptII/ptolemy/actor/lib/test/auto/ExpressionFix2.xml
6 ms. Memory: 507904K Free: 217734K (43%)
----------------- Invoking toplevel() on ptolemy.moml.MoMLSimpleApplication@4adca49d
----------------- Done invoking toplevel() on ptolemy.moml.MoMLSimpleApplication@4adca49d
reloadAllAccessors: .ExpressionFix2

===========================================================================================
----------------- testing Fri Dec 06 06:18:18 UTC 2019 /home/travis/build/icyphy/ptII/ptolemy/actor/lib/test/auto/ExpressionFix3.xml
----------------- Instantiating /home/travis/build/icyphy/ptII/ptolemy/actor/lib/test/auto/ExpressionFix3.xml
3 ms. Memory: 507904K Free: 213638K (42%)
----------------- Invoking toplevel() on ptolemy.moml.MoMLSimpleApplication@24b75698
----------------- Done invoking toplevel() on ptolemy.moml.MoMLSimpleApplication@24b75698
reloadAllAccessors: .ExpressionFix3

===========================================================================================
----------------- testing Fri Dec 06 06:18:18 UTC 2019 /home/travis/build/icyphy/ptII/ptolemy/actor/lib/test/auto/FileWriter1.xml
----------------- Instantiating /home/travis/build/icyphy/ptII/ptolemy/actor/lib/test/auto/FileWriter1.xml
2 ms. Memory: 507904K Free: 209542K (41%)
----------------- Invoking toplevel() on ptolemy.moml.MoMLSimpleApplication@4af808dc
----------------- Done invoking toplevel() on ptolemy.moml.MoMLSimpleApplication@4af808dc
reloadAllAccessors: .FileWriter1

===========================================================================================
----------------- testing Fri Dec 06 06:18:18 UTC 2019 /home/travis/build/icyphy/ptII/ptolemy/actor/lib/test/auto/FileWriter2.xml
----------------- Instantiating /home/travis/build/icyphy/ptII/ptolemy/actor/lib/test/auto/FileWriter2.xml
5 ms. Memory: 507904K Free: 205446K (40%)
----------------- Invoking toplevel() on ptolemy.moml.MoMLSimpleApplication@6719dde3
----------------- Done invoking toplevel() on ptolemy.moml.MoMLSimpleApplication@6719dde3
reloadAllAccessors: .FileWriter2

===========================================================================================
----------------- testing Fri Dec 06 06:18:18 UTC 2019 /home/travis/build/icyphy/ptII/ptolemy/actor/lib/test/auto/FileWriter3.xml
----------------- Instantiating /home/travis/build/icyphy/ptII/ptolemy/actor/lib/test/auto/FileWriter3.xml
4 ms. Memory: 507904K Free: 201350K (40%)
----------------- Invoking toplevel() on ptolemy.moml.MoMLSimpleApplication@4014f207
----------------- Done invoking toplevel() on ptolemy.moml.MoMLSimpleApplication@4014f207
reloadAllAccessors: .FileWriter3

===========================================================================================
----------------- testing Fri Dec 06 06:18:18 UTC 2019 /home/travis/build/icyphy/ptII/ptolemy/actor/lib/test/auto/Gaussian.xml
----------------- Instantiating /home/travis/build/icyphy/ptII/ptolemy/actor/lib/test/auto/Gaussian.xml
2 ms. Memory: 507904K Free: 196740K (39%)
----------------- Invoking toplevel() on ptolemy.moml.MoMLSimpleApplication@1226e868
----------------- Done invoking toplevel() on ptolemy.moml.MoMLSimpleApplication@1226e868
reloadAllAccessors: .Gaussian

===========================================================================================
----------------- testing Fri Dec 06 06:18:18 UTC 2019 /home/travis/build/icyphy/ptII/ptolemy/actor/lib/test/auto/Gaussian1.xml
----------------- Instantiating /home/travis/build/icyphy/ptII/ptolemy/actor/lib/test/auto/Gaussian1.xml
2 ms. Memory: 507904K Free: 191606K (38%)
----------------- Invoking toplevel() on ptolemy.moml.MoMLSimpleApplication@44994414
----------------- Done invoking toplevel() on ptolemy.moml.MoMLSimpleApplication@44994414
reloadAllAccessors: .Gaussian1

===========================================================================================
----------------- testing Fri Dec 06 06:18:18 UTC 2019 /home/travis/build/icyphy/ptII/ptolemy/actor/lib/test/auto/Gaussian2.xml
----------------- Instantiating /home/travis/build/icyphy/ptII/ptolemy/actor/lib/test/auto/Gaussian2.xml
9 ms. Memory: 507904K Free: 185990K (37%)
----------------- Invoking toplevel() on ptolemy.moml.MoMLSimpleApplication@5dfd6ac9
----------------- Done invoking toplevel() on ptolemy.moml.MoMLSimpleApplication@5dfd6ac9
reloadAllAccessors: .Gaussian2

===========================================================================================
----------------- testing Fri Dec 06 06:18:18 UTC 2019 /home/travis/build/icyphy/ptII/ptolemy/actor/lib/test/auto/GradientAdaptiveLattice.xml
----------------- Instantiating /home/travis/build/icyphy/ptII/ptolemy/actor/lib/test/auto/GradientAdaptiveLattice.xml
2 ms. Memory: 507904K Free: 180356K (36%)
----------------- Invoking toplevel() on ptolemy.moml.MoMLSimpleApplication@74f938b8
----------------- Done invoking toplevel() on ptolemy.moml.MoMLSimpleApplication@74f938b8
reloadAllAccessors: .GradientAdaptiveLattice

===========================================================================================
----------------- testing Fri Dec 06 06:18:18 UTC 2019 /home/travis/build/icyphy/ptII/ptolemy/actor/lib/test/auto/IIR.xml
----------------- Instantiating /home/travis/build/icyphy/ptII/ptolemy/actor/lib/test/auto/IIR.xml
1 ms. Memory: 507904K Free: 176260K (35%)
----------------- Invoking toplevel() on ptolemy.moml.MoMLSimpleApplication@4a2e7235
----------------- Done invoking toplevel() on ptolemy.moml.MoMLSimpleApplication@4a2e7235
reloadAllAccessors: .IIR

===========================================================================================
----------------- testing Fri Dec 06 06:18:18 UTC 2019 /home/travis/build/icyphy/ptII/ptolemy/actor/lib/test/auto/InputOutputTransparentPorts.xml
----------------- Instantiating /home/travis/build/icyphy/ptII/ptolemy/actor/lib/test/auto/InputOutputTransparentPorts.xml
1 ms. Memory: 507904K Free: 169092K (33%)
----------------- Invoking toplevel() on ptolemy.moml.MoMLSimpleApplication@6d3ae307
----------------- Done invoking toplevel() on ptolemy.moml.MoMLSimpleApplication@6d3ae307
reloadAllAccessors: .InputOutputTransparentPorts

===========================================================================================
----------------- testing Fri Dec 06 06:18:18 UTC 2019 /home/travis/build/icyphy/ptII/ptolemy/actor/lib/test/auto/Interpolator.xml
----------------- Instantiating /home/travis/build/icyphy/ptII/ptolemy/actor/lib/test/auto/Interpolator.xml
4 ms. Memory: 507904K Free: 164996K (32%)
----------------- Invoking toplevel() on ptolemy.moml.MoMLSimpleApplication@69560a2b
----------------- Done invoking toplevel() on ptolemy.moml.MoMLSimpleApplication@69560a2b
reloadAllAccessors: .Interpolator

===========================================================================================
----------------- testing Fri Dec 06 06:18:18 UTC 2019 /home/travis/build/icyphy/ptII/ptolemy/actor/lib/test/auto/InterpolatorFiringLimitDE.xml
----------------- Instantiating /home/travis/build/icyphy/ptII/ptolemy/actor/lib/test/auto/InterpolatorFiringLimitDE.xml
22 ms. Memory: 507904K Free: 459365K (90%)
----------------- Invoking toplevel() on ptolemy.moml.MoMLSimpleApplication@214bd7fb
----------------- Done invoking toplevel() on ptolemy.moml.MoMLSimpleApplication@214bd7fb
reloadAllAccessors: .InterpolatorFiringLimitDE

===========================================================================================
----------------- testing Fri Dec 06 06:18:18 UTC 2019 /home/travis/build/icyphy/ptII/ptolemy/actor/lib/test/auto/Lattice.xml
----------------- Instantiating /home/travis/build/icyphy/ptII/ptolemy/actor/lib/test/auto/Lattice.xml
1 ms. Memory: 507904K Free: 454755K (90%)
----------------- Invoking toplevel() on ptolemy.moml.MoMLSimpleApplication@17574807
----------------- Done invoking toplevel() on ptolemy.moml.MoMLSimpleApplication@17574807
reloadAllAccessors: .Lattice

===========================================================================================
----------------- testing Fri Dec 06 06:18:18 UTC 2019 /home/travis/build/icyphy/ptII/ptolemy/actor/lib/test/auto/LazyAOCTestLazy.xml
----------------- Instantiating /home/travis/build/icyphy/ptII/ptolemy/actor/lib/test/auto/LazyAOCTestLazy.xml
16 ms. Memory: 507904K Free: 449125K (88%)
----------------- Invoking toplevel() on ptolemy.moml.MoMLSimpleApplication@79e0da3f
----------------- Done invoking toplevel() on ptolemy.moml.MoMLSimpleApplication@79e0da3f
reloadAllAccessors: .LazyAOCTestLazy

===========================================================================================
----------------- testing Fri Dec 06 06:18:18 UTC 2019 /home/travis/build/icyphy/ptII/ptolemy/actor/lib/test/auto/LazyAOCTestNonLazy.xml
----------------- Instantiating /home/travis/build/icyphy/ptII/ptolemy/actor/lib/test/auto/LazyAOCTestNonLazy.xml
2 ms. Memory: 507904K Free: 442467K (87%)
----------------- Invoking toplevel() on ptolemy.moml.MoMLSimpleApplication@7837c255
----------------- Done invoking toplevel() on ptolemy.moml.MoMLSimpleApplication@7837c255
reloadAllAccessors: .LazyAOCTestNonLazy

===========================================================================================
----------------- testing Fri Dec 06 06:18:18 UTC 2019 /home/travis/build/icyphy/ptII/ptolemy/actor/lib/test/auto/LazyInnerClass.xml
----------------- Instantiating /home/travis/build/icyphy/ptII/ptolemy/actor/lib/test/auto/LazyInnerClass.xml
16 ms. Memory: 507904K Free: 433765K (85%)
----------------- Invoking toplevel() on ptolemy.moml.MoMLSimpleApplication@3e88ac75
----------------- Done invoking toplevel() on ptolemy.moml.MoMLSimpleApplication@3e88ac75
reloadAllAccessors: .LazyInnerClass

===========================================================================================
----------------- testing Fri Dec 06 06:18:18 UTC 2019 /home/travis/build/icyphy/ptII/ptolemy/actor/lib/test/auto/LazyPubSub.xml
----------------- Instantiating /home/travis/build/icyphy/ptII/ptolemy/actor/lib/test/auto/LazyPubSub.xml
19 ms. Memory: 507904K Free: 423525K (83%)
----------------- Invoking toplevel() on ptolemy.moml.MoMLSimpleApplication@17517311
----------------- Done invoking toplevel() on ptolemy.moml.MoMLSimpleApplication@17517311
reloadAllAccessors: .LazyPubSub

===========================================================================================
----------------- testing Fri Dec 06 06:18:18 UTC 2019 /home/travis/build/icyphy/ptII/ptolemy/actor/lib/test/auto/LazyPubSub2.xml
----------------- Instantiating /home/travis/build/icyphy/ptII/ptolemy/actor/lib/test/auto/LazyPubSub2.xml
20 ms. Memory: 507904K Free: 412771K (81%)
----------------- Invoking toplevel() on ptolemy.moml.MoMLSimpleApplication@7b4e9184
----------------- Done invoking toplevel() on ptolemy.moml.MoMLSimpleApplication@7b4e9184
reloadAllAccessors: .LazyPubSub2

===========================================================================================
----------------- testing Fri Dec 06 06:18:18 UTC 2019 /home/travis/build/icyphy/ptII/ptolemy/actor/lib/test/auto/LazyPubSub3.xml
----------------- Instantiating /home/travis/build/icyphy/ptII/ptolemy/actor/lib/test/auto/LazyPubSub3.xml
8 ms. Memory: 507904K Free: 402531K (79%)
----------------- Invoking toplevel() on ptolemy.moml.MoMLSimpleApplication@412c8bc2
----------------- Done invoking toplevel() on ptolemy.moml.MoMLSimpleApplication@412c8bc2
reloadAllAccessors: .LazyPubSub3

===========================================================================================
----------------- testing Fri Dec 06 06:18:18 UTC 2019 /home/travis/build/icyphy/ptII/ptolemy/actor/lib/test/auto/LazySubClassModel.xml
----------------- Instantiating /home/travis/build/icyphy/ptII/ptolemy/actor/lib/test/auto/LazySubClassModel.xml
2 ms. Memory: 507904K Free: 393829K (78%)
----------------- Invoking toplevel() on ptolemy.moml.MoMLSimpleApplication@385df8c4
----------------- Done invoking toplevel() on ptolemy.moml.MoMLSimpleApplication@385df8c4
reloadAllAccessors: .LazySubClassModel

===========================================================================================
----------------- testing Fri Dec 06 06:18:18 UTC 2019 /home/travis/build/icyphy/ptII/ptolemy/actor/lib/test/auto/LevelCrossTest1.xml
----------------- Instantiating /home/travis/build/icyphy/ptII/ptolemy/actor/lib/test/auto/LevelCrossTest1.xml
1 ms. Memory: 507904K Free: 388195K (76%)
----------------- Invoking toplevel() on ptolemy.moml.MoMLSimpleApplication@791cfc32
----------------- Done invoking toplevel() on ptolemy.moml.MoMLSimpleApplication@791cfc32
reloadAllAccessors: .broken

===========================================================================================
----------------- testing Fri Dec 06 06:18:18 UTC 2019 /home/travis/build/icyphy/ptII/ptolemy/actor/lib/test/auto/LevelCrossTest10.xml
----------------- Instantiating /home/travis/build/icyphy/ptII/ptolemy/actor/lib/test/auto/LevelCrossTest10.xml
1 ms. Memory: 507904K Free: 381027K (75%)
----------------- Invoking toplevel() on ptolemy.moml.MoMLSimpleApplication@8770b38
----------------- Done invoking toplevel() on ptolemy.moml.MoMLSimpleApplication@8770b38
reloadAllAccessors: .LevelCrossTest10

===========================================================================================
----------------- testing Fri Dec 06 06:18:18 UTC 2019 /home/travis/build/icyphy/ptII/ptolemy/actor/lib/test/auto/LevelCrossTest11.xml
----------------- Instantiating /home/travis/build/icyphy/ptII/ptolemy/actor/lib/test/auto/LevelCrossTest11.xml
1 ms. Memory: 507904K Free: 374373K (74%)
----------------- Invoking toplevel() on ptolemy.moml.MoMLSimpleApplication@7f773f85
----------------- Done invoking toplevel() on ptolemy.moml.MoMLSimpleApplication@7f773f85
reloadAllAccessors: .LevelCrossTest11

===========================================================================================
----------------- testing Fri Dec 06 06:18:18 UTC 2019 /home/travis/build/icyphy/ptII/ptolemy/actor/lib/test/auto/LevelCrossTest12.xml
----------------- Instantiating /home/travis/build/icyphy/ptII/ptolemy/actor/lib/test/auto/LevelCrossTest12.xml
1 ms. Memory: 507904K Free: 367205K (72%)
----------------- Invoking toplevel() on ptolemy.moml.MoMLSimpleApplication@5a280bd1
----------------- Done invoking toplevel() on ptolemy.moml.MoMLSimpleApplication@5a280bd1
reloadAllAccessors: .LevelCrossTest12

===========================================================================================
----------------- testing Fri Dec 06 06:18:18 UTC 2019 /home/travis/build/icyphy/ptII/ptolemy/actor/lib/test/auto/LevelCrossTest13.xml
----------------- Instantiating /home/travis/build/icyphy/ptII/ptolemy/actor/lib/test/auto/LevelCrossTest13.xml
1 ms. Memory: 507904K Free: 359013K (71%)
----------------- Invoking toplevel() on ptolemy.moml.MoMLSimpleApplication@7f86c0a1
----------------- Done invoking toplevel() on ptolemy.moml.MoMLSimpleApplication@7f86c0a1
reloadAllAccessors: .LevelCrossTest13

===========================================================================================
----------------- testing Fri Dec 06 06:18:18 UTC 2019 /home/travis/build/icyphy/ptII/ptolemy/actor/lib/test/auto/LevelCrossTest2.xml
----------------- Instantiating /home/travis/build/icyphy/ptII/ptolemy/actor/lib/test/auto/LevelCrossTest2.xml
1 ms. Memory: 507904K Free: 353893K (70%)
----------------- Invoking toplevel() on ptolemy.moml.MoMLSimpleApplication@5afd6103
----------------- Done invoking toplevel() on ptolemy.moml.MoMLSimpleApplication@5afd6103
reloadAllAccessors: .broken

===========================================================================================
----------------- testing Fri Dec 06 06:18:18 UTC 2019 /home/travis/build/icyphy/ptII/ptolemy/actor/lib/test/auto/LevelCrossTest3.xml
----------------- Instantiating /home/travis/build/icyphy/ptII/ptolemy/actor/lib/test/auto/LevelCrossTest3.xml
1 ms. Memory: 507904K Free: 347749K (68%)
----------------- Invoking toplevel() on ptolemy.moml.MoMLSimpleApplication@719a4965
----------------- Done invoking toplevel() on ptolemy.moml.MoMLSimpleApplication@719a4965
reloadAllAccessors: .LevelCrossTest3

===========================================================================================
----------------- testing Fri Dec 06 06:18:18 UTC 2019 /home/travis/build/icyphy/ptII/ptolemy/actor/lib/test/auto/LevelCrossTest4.xml
----------------- Instantiating /home/travis/build/icyphy/ptII/ptolemy/actor/lib/test/auto/LevelCrossTest4.xml
2 ms. Memory: 507904K Free: 342115K (67%)
----------------- Invoking toplevel() on ptolemy.moml.MoMLSimpleApplication@470ff513
----------------- Done invoking toplevel() on ptolemy.moml.MoMLSimpleApplication@470ff513
reloadAllAccessors: .broken

===========================================================================================
----------------- testing Fri Dec 06 06:18:19 UTC 2019 /home/travis/build/icyphy/ptII/ptolemy/actor/lib/test/auto/LevelCrossTest5.xml
----------------- Instantiating /home/travis/build/icyphy/ptII/ptolemy/actor/lib/test/auto/LevelCrossTest5.xml
1 ms. Memory: 507904K Free: 335461K (66%)
----------------- Invoking toplevel() on ptolemy.moml.MoMLSimpleApplication@4b00eb62
----------------- Done invoking toplevel() on ptolemy.moml.MoMLSimpleApplication@4b00eb62
reloadAllAccessors: .LevelCrossTest5

===========================================================================================
----------------- testing Fri Dec 06 06:18:19 UTC 2019 /home/travis/build/icyphy/ptII/ptolemy/actor/lib/test/auto/LevelCrossTest6.xml
----------------- Instantiating /home/travis/build/icyphy/ptII/ptolemy/actor/lib/test/auto/LevelCrossTest6.xml
5 ms. Memory: 507904K Free: 329317K (65%)
----------------- Invoking toplevel() on ptolemy.moml.MoMLSimpleApplication@723b32b9
----------------- Done invoking toplevel() on ptolemy.moml.MoMLSimpleApplication@723b32b9
reloadAllAccessors: .LevelCrossTest6

===========================================================================================
----------------- testing Fri Dec 06 06:18:19 UTC 2019 /home/travis/build/icyphy/ptII/ptolemy/actor/lib/test/auto/LevelCrossTest7.xml
----------------- Instantiating /home/travis/build/icyphy/ptII/ptolemy/actor/lib/test/auto/LevelCrossTest7.xml
1 ms. Memory: 507904K Free: 321635K (63%)
----------------- Invoking toplevel() on ptolemy.moml.MoMLSimpleApplication@64a0e2d1
----------------- Done invoking toplevel() on ptolemy.moml.MoMLSimpleApplication@64a0e2d1
reloadAllAccessors: .LevelCrossTest7

===========================================================================================
----------------- testing Fri Dec 06 06:18:19 UTC 2019 /home/travis/build/icyphy/ptII/ptolemy/actor/lib/test/auto/LevelCrossTest8.xml
----------------- Instantiating /home/travis/build/icyphy/ptII/ptolemy/actor/lib/test/auto/LevelCrossTest8.xml
1 ms. Memory: 507904K Free: 315491K (62%)
----------------- Invoking toplevel() on ptolemy.moml.MoMLSimpleApplication@3a060141
----------------- Done invoking toplevel() on ptolemy.moml.MoMLSimpleApplication@3a060141
reloadAllAccessors: .LevelCrossTest8

===========================================================================================
----------------- testing Fri Dec 06 06:18:19 UTC 2019 /home/travis/build/icyphy/ptII/ptolemy/actor/lib/test/auto/LevelCrossTest9.xml
----------------- Instantiating /home/travis/build/icyphy/ptII/ptolemy/actor/lib/test/auto/LevelCrossTest9.xml
0 ms. Memory: 507904K Free: 308837K (61%)
----------------- Invoking toplevel() on ptolemy.moml.MoMLSimpleApplication@dab3c45
----------------- Done invoking toplevel() on ptolemy.moml.MoMLSimpleApplication@dab3c45
reloadAllAccessors: .LevelCrossTest9

===========================================================================================
----------------- testing Fri Dec 06 06:18:19 UTC 2019 /home/travis/build/icyphy/ptII/ptolemy/actor/lib/test/auto/LevinsonDurbin.xml
----------------- Instantiating /home/travis/build/icyphy/ptII/ptolemy/actor/lib/test/auto/LevinsonDurbin.xml
1 ms. Memory: 507904K Free: 304741K (60%)
----------------- Invoking toplevel() on ptolemy.moml.MoMLSimpleApplication@35ec0cab
----------------- Done invoking toplevel() on ptolemy.moml.MoMLSimpleApplication@35ec0cab
reloadAllAccessors: .LevinsonDurbin

===========================================================================================
----------------- testing Fri Dec 06 06:18:19 UTC 2019 /home/travis/build/icyphy/ptII/ptolemy/actor/lib/test/auto/LevinsonDurbin2.xml
----------------- Instantiating /home/travis/build/icyphy/ptII/ptolemy/actor/lib/test/auto/LevinsonDurbin2.xml
3 ms. Memory: 507904K Free: 300645K (59%)
----------------- Invoking toplevel() on ptolemy.moml.MoMLSimpleApplication@6f12110d
----------------- Done invoking toplevel() on ptolemy.moml.MoMLSimpleApplication@6f12110d
reloadAllAccessors: .LevinsonDurbin2

===========================================================================================
----------------- testing Fri Dec 06 06:18:19 UTC 2019 /home/travis/build/icyphy/ptII/ptolemy/actor/lib/test/auto/LevinsonDurbin3.xml
----------------- Instantiating /home/travis/build/icyphy/ptII/ptolemy/actor/lib/test/auto/LevinsonDurbin3.xml
1 ms. Memory: 507904K Free: 297059K (58%)
----------------- Invoking toplevel() on ptolemy.moml.MoMLSimpleApplication@79532bdb
----------------- Done invoking toplevel() on ptolemy.moml.MoMLSimpleApplication@79532bdb
reloadAllAccessors: .LevinsonDurbin3

===========================================================================================
----------------- testing Fri Dec 06 06:18:19 UTC 2019 /home/travis/build/icyphy/ptII/ptolemy/actor/lib/test/auto/Limiter.xml
----------------- Instantiating /home/travis/build/icyphy/ptII/ptolemy/actor/lib/test/auto/Limiter.xml
11 ms. Memory: 507904K Free: 287829K (57%)
----------------- Invoking toplevel() on ptolemy.moml.MoMLSimpleApplication@57866711
----------------- Done invoking toplevel() on ptolemy.moml.MoMLSimpleApplication@57866711
reloadAllAccessors: .Limiter

===========================================================================================
----------------- testing Fri Dec 06 06:18:19 UTC 2019 /home/travis/build/icyphy/ptII/ptolemy/actor/lib/test/auto/LinearDifferenceEquationSystem.xml
----------------- Instantiating /home/travis/build/icyphy/ptII/ptolemy/actor/lib/test/auto/LinearDifferenceEquationSystem.xml
4 ms. Memory: 507904K Free: 280675K (55%)
----------------- Invoking toplevel() on ptolemy.moml.MoMLSimpleApplication@58258856
----------------- Done invoking toplevel() on ptolemy.moml.MoMLSimpleApplication@58258856
reloadAllAccessors: .LinearDifferenceEquationSystem

===========================================================================================
----------------- testing Fri Dec 06 06:18:19 UTC 2019 /home/travis/build/icyphy/ptII/ptolemy/actor/lib/test/auto/LookupTable.xml
----------------- Instantiating /home/travis/build/icyphy/ptII/ptolemy/actor/lib/test/auto/LookupTable.xml
1 ms. Memory: 507904K Free: 276579K (54%)
----------------- Invoking toplevel() on ptolemy.moml.MoMLSimpleApplication@79e171cb
----------------- Done invoking toplevel() on ptolemy.moml.MoMLSimpleApplication@79e171cb
reloadAllAccessors: .LookupTable

===========================================================================================
----------------- testing Fri Dec 06 06:18:19 UTC 2019 /home/travis/build/icyphy/ptII/ptolemy/actor/lib/test/auto/MathFunction.xml
----------------- Instantiating /home/travis/build/icyphy/ptII/ptolemy/actor/lib/test/auto/MathFunction.xml
2 ms. Memory: 507904K Free: 268387K (53%)
----------------- Invoking toplevel() on ptolemy.moml.MoMLSimpleApplication@72495610
----------------- Done invoking toplevel() on ptolemy.moml.MoMLSimpleApplication@72495610
reloadAllAccessors: .MathFunction

===========================================================================================
----------------- testing Fri Dec 06 06:18:19 UTC 2019 /home/travis/build/icyphy/ptII/ptolemy/actor/lib/test/auto/MathFunction2.xml
----------------- Instantiating /home/travis/build/icyphy/ptII/ptolemy/actor/lib/test/auto/MathFunction2.xml
4 ms. Memory: 507904K Free: 264291K (52%)
----------------- Invoking toplevel() on ptolemy.moml.MoMLSimpleApplication@d6172d7
----------------- Done invoking toplevel() on ptolemy.moml.MoMLSimpleApplication@d6172d7
reloadAllAccessors: .MathFunction2

===========================================================================================
----------------- testing Fri Dec 06 06:18:19 UTC 2019 /home/travis/build/icyphy/ptII/ptolemy/actor/lib/test/auto/MathFunction3.xml
----------------- Instantiating /home/travis/build/icyphy/ptII/ptolemy/actor/lib/test/auto/MathFunction3.xml
12 ms. Memory: 507904K Free: 257123K (51%)
----------------- Invoking toplevel() on ptolemy.moml.MoMLSimpleApplication@38c9c721
----------------- Done invoking toplevel() on ptolemy.moml.MoMLSimpleApplication@38c9c721
reloadAllAccessors: .MathFunction3

===========================================================================================
----------------- testing Fri Dec 06 06:18:19 UTC 2019 /home/travis/build/icyphy/ptII/ptolemy/actor/lib/test/auto/MatrixCropBoolean.xml
----------------- Instantiating /home/travis/build/icyphy/ptII/ptolemy/actor/lib/test/auto/MatrixCropBoolean.xml
1 ms. Memory: 507904K Free: 252517K (50%)
----------------- Invoking toplevel() on ptolemy.moml.MoMLSimpleApplication@6068eba7
----------------- Done invoking toplevel() on ptolemy.moml.MoMLSimpleApplication@6068eba7
reloadAllAccessors: .MatrixCropBoolean

===========================================================================================
----------------- testing Fri Dec 06 06:18:19 UTC 2019 /home/travis/build/icyphy/ptII/ptolemy/actor/lib/test/auto/MatrixCropComplex.xml
----------------- Instantiating /home/travis/build/icyphy/ptII/ptolemy/actor/lib/test/auto/MatrixCropComplex.xml
2 ms. Memory: 507904K Free: 247397K (49%)
----------------- Invoking toplevel() on ptolemy.moml.MoMLSimpleApplication@58df4dcf
----------------- Done invoking toplevel() on ptolemy.moml.MoMLSimpleApplication@58df4dcf
reloadAllAccessors: .MatrixCropComplex

===========================================================================================
----------------- testing Fri Dec 06 06:18:19 UTC 2019 /home/travis/build/icyphy/ptII/ptolemy/actor/lib/test/auto/MatrixCropDouble.xml
----------------- Instantiating /home/travis/build/icyphy/ptII/ptolemy/actor/lib/test/auto/MatrixCropDouble.xml
4 ms. Memory: 507904K Free: 242781K (48%)
----------------- Invoking toplevel() on ptolemy.moml.MoMLSimpleApplication@6bf5406a
----------------- Done invoking toplevel() on ptolemy.moml.MoMLSimpleApplication@6bf5406a
reloadAllAccessors: .MatrixCropDouble

===========================================================================================
----------------- testing Fri Dec 06 06:18:19 UTC 2019 /home/travis/build/icyphy/ptII/ptolemy/actor/lib/test/auto/MatrixCropFix.xml
----------------- Instantiating /home/travis/build/icyphy/ptII/ptolemy/actor/lib/test/auto/MatrixCropFix.xml
2 ms. Memory: 507904K Free: 237637K (47%)
----------------- Invoking toplevel() on ptolemy.moml.MoMLSimpleApplication@1cb91115
----------------- Done invoking toplevel() on ptolemy.moml.MoMLSimpleApplication@1cb91115
reloadAllAccessors: .MatrixCropFix

===========================================================================================
----------------- testing Fri Dec 06 06:18:19 UTC 2019 /home/travis/build/icyphy/ptII/ptolemy/actor/lib/test/auto/MatrixCropInt.xml
----------------- Instantiating /home/travis/build/icyphy/ptII/ptolemy/actor/lib/test/auto/MatrixCropInt.xml
2 ms. Memory: 507904K Free: 233061K (46%)
----------------- Invoking toplevel() on ptolemy.moml.MoMLSimpleApplication@73419b01
----------------- Done invoking toplevel() on ptolemy.moml.MoMLSimpleApplication@73419b01
reloadAllAccessors: .MatrixCropInt

===========================================================================================
----------------- testing Fri Dec 06 06:18:19 UTC 2019 /home/travis/build/icyphy/ptII/ptolemy/actor/lib/test/auto/MatrixCropLong.xml
----------------- Instantiating /home/travis/build/icyphy/ptII/ptolemy/actor/lib/test/auto/MatrixCropLong.xml
2 ms. Memory: 507904K Free: 227941K (45%)
----------------- Invoking toplevel() on ptolemy.moml.MoMLSimpleApplication@12a9ded0
----------------- Done invoking toplevel() on ptolemy.moml.MoMLSimpleApplication@12a9ded0
reloadAllAccessors: .MatrixCropLong

===========================================================================================
----------------- testing Fri Dec 06 06:18:19 UTC 2019 /home/travis/build/icyphy/ptII/ptolemy/actor/lib/test/auto/MatrixToArray.xml
----------------- Instantiating /home/travis/build/icyphy/ptII/ptolemy/actor/lib/test/auto/MatrixToArray.xml
10 ms. Memory: 507904K Free: 212581K (42%)
----------------- Invoking toplevel() on ptolemy.moml.MoMLSimpleApplication@7522c5aa
----------------- Done invoking toplevel() on ptolemy.moml.MoMLSimpleApplication@7522c5aa
reloadAllAccessors: .MatrixToArray

===========================================================================================
----------------- testing Fri Dec 06 06:18:19 UTC 2019 /home/travis/build/icyphy/ptII/ptolemy/actor/lib/test/auto/MaxIndex.xml
----------------- Instantiating /home/travis/build/icyphy/ptII/ptolemy/actor/lib/test/auto/MaxIndex.xml
2 ms. Memory: 507904K Free: 207461K (41%)
----------------- Invoking toplevel() on ptolemy.moml.MoMLSimpleApplication@73339c4f
----------------- Done invoking toplevel() on ptolemy.moml.MoMLSimpleApplication@73339c4f
reloadAllAccessors: .MaxIndex

===========================================================================================
----------------- testing Fri Dec 06 06:18:19 UTC 2019 /home/travis/build/icyphy/ptII/ptolemy/actor/lib/test/auto/Maximum.xml
----------------- Instantiating /home/travis/build/icyphy/ptII/ptolemy/actor/lib/test/auto/Maximum.xml
2 ms. Memory: 507904K Free: 201317K (40%)
----------------- Invoking toplevel() on ptolemy.moml.MoMLSimpleApplication@23bc42dd
----------------- Done invoking toplevel() on ptolemy.moml.MoMLSimpleApplication@23bc42dd
reloadAllAccessors: .Maximum

===========================================================================================
----------------- testing Fri Dec 06 06:18:19 UTC 2019 /home/travis/build/icyphy/ptII/ptolemy/actor/lib/test/auto/MaximumComplex.xml
----------------- Instantiating /home/travis/build/icyphy/ptII/ptolemy/actor/lib/test/auto/MaximumComplex.xml
4 ms. Memory: 507904K Free: 195173K (38%)
----------------- Invoking toplevel() on ptolemy.moml.MoMLSimpleApplication@36e23316
----------------- Done invoking toplevel() on ptolemy.moml.MoMLSimpleApplication@36e23316
reloadAllAccessors: .MaximumComplex

===========================================================================================
----------------- testing Fri Dec 06 06:18:19 UTC 2019 /home/travis/build/icyphy/ptII/ptolemy/actor/lib/test/auto/MethodCallTest.xml
----------------- Instantiating /home/travis/build/icyphy/ptII/ptolemy/actor/lib/test/auto/MethodCallTest.xml
2 ms. Memory: 507904K Free: 188515K (37%)
----------------- Invoking toplevel() on ptolemy.moml.MoMLSimpleApplication@7fbca375
----------------- Done invoking toplevel() on ptolemy.moml.MoMLSimpleApplication@7fbca375
reloadAllAccessors: .MethodCallTest

===========================================================================================
----------------- testing Fri Dec 06 06:18:19 UTC 2019 /home/travis/build/icyphy/ptII/ptolemy/actor/lib/test/auto/Minimum.xml
----------------- Instantiating /home/travis/build/icyphy/ptII/ptolemy/actor/lib/test/auto/Minimum.xml
2 ms. Memory: 507904K Free: 181861K (36%)
----------------- Invoking toplevel() on ptolemy.moml.MoMLSimpleApplication@27973697
----------------- Done invoking toplevel() on ptolemy.moml.MoMLSimpleApplication@27973697
reloadAllAccessors: .Minimum

===========================================================================================
----------------- testing Fri Dec 06 06:18:19 UTC 2019 /home/travis/build/icyphy/ptII/ptolemy/actor/lib/test/auto/MinimumComplex.xml
----------------- Instantiating /home/travis/build/icyphy/ptII/ptolemy/actor/lib/test/auto/MinimumComplex.xml
3 ms. Memory: 507904K Free: 176213K (35%)
----------------- Invoking toplevel() on ptolemy.moml.MoMLSimpleApplication@2479042a
----------------- Done invoking toplevel() on ptolemy.moml.MoMLSimpleApplication@2479042a
reloadAllAccessors: .MinimumComplex

===========================================================================================
----------------- testing Fri Dec 06 06:18:19 UTC 2019 /home/travis/build/icyphy/ptII/ptolemy/actor/lib/test/auto/MinimumMultiports.xml
----------------- Instantiating /home/travis/build/icyphy/ptII/ptolemy/actor/lib/test/auto/MinimumMultiports.xml
3 ms. Memory: 507904K Free: 167525K (33%)
----------------- Invoking toplevel() on ptolemy.moml.MoMLSimpleApplication@7cb536e8
----------------- Done invoking toplevel() on ptolemy.moml.MoMLSimpleApplication@7cb536e8
reloadAllAccessors: .MinimumMultiports

===========================================================================================
----------------- testing Fri Dec 06 06:18:19 UTC 2019 /home/travis/build/icyphy/ptII/ptolemy/actor/lib/test/auto/ModifyDate.xml
----------------- Instantiating /home/travis/build/icyphy/ptII/ptolemy/actor/lib/test/auto/ModifyDate.xml
6 ms. Memory: 507904K Free: 454181K (89%)
----------------- Invoking toplevel() on ptolemy.moml.MoMLSimpleApplication@378af53d
----------------- Done invoking toplevel() on ptolemy.moml.MoMLSimpleApplication@378af53d
reloadAllAccessors: .ModifyDate

===========================================================================================
----------------- testing Fri Dec 06 06:18:19 UTC 2019 /home/travis/build/icyphy/ptII/ptolemy/actor/lib/test/auto/ModifyDate2.xml
----------------- Instantiating /home/travis/build/icyphy/ptII/ptolemy/actor/lib/test/auto/ModifyDate2.xml
2 ms. Memory: 507904K Free: 445482K (88%)
----------------- Invoking toplevel() on ptolemy.moml.MoMLSimpleApplication@255975b3
----------------- Done invoking toplevel() on ptolemy.moml.MoMLSimpleApplication@255975b3
reloadAllAccessors: .ModifyDate2

===========================================================================================
----------------- testing Fri Dec 06 06:18:19 UTC 2019 /home/travis/build/icyphy/ptII/ptolemy/actor/lib/test/auto/MovingAverage.xml
----------------- Instantiating /home/travis/build/icyphy/ptII/ptolemy/actor/lib/test/auto/MovingAverage.xml
2 ms. Memory: 507904K Free: 440362K (87%)
----------------- Invoking toplevel() on ptolemy.moml.MoMLSimpleApplication@e997215
----------------- Done invoking toplevel() on ptolemy.moml.MoMLSimpleApplication@e997215
reloadAllAccessors: .MovingAverage

===========================================================================================
----------------- testing Fri Dec 06 06:18:19 UTC 2019 /home/travis/build/icyphy/ptII/ptolemy/actor/lib/test/auto/MovingMaximum.xml
----------------- Instantiating /home/travis/build/icyphy/ptII/ptolemy/actor/lib/test/auto/MovingMaximum.xml
2 ms. Memory: 507904K Free: 435752K (86%)
----------------- Invoking toplevel() on ptolemy.moml.MoMLSimpleApplication@27fa7fdf
----------------- Done invoking toplevel() on ptolemy.moml.MoMLSimpleApplication@27fa7fdf
reloadAllAccessors: .MovingMaximum

===========================================================================================
----------------- testing Fri Dec 06 06:18:19 UTC 2019 /home/travis/build/icyphy/ptII/ptolemy/actor/lib/test/auto/MultipleLinksToSameRelation.xml
----------------- Instantiating /home/travis/build/icyphy/ptII/ptolemy/actor/lib/test/auto/MultipleLinksToSameRelation.xml
1 ms. Memory: 507904K Free: 431656K (85%)
----------------- Invoking toplevel() on ptolemy.moml.MoMLSimpleApplication@6eec808e
----------------- Done invoking toplevel() on ptolemy.moml.MoMLSimpleApplication@6eec808e
reloadAllAccessors: .MultipleLinksToSameRelation

===========================================================================================
----------------- testing Fri Dec 06 06:18:19 UTC 2019 /home/travis/build/icyphy/ptII/ptolemy/actor/lib/test/auto/MultipleLinksToSameRelationDE.xml
----------------- Instantiating /home/travis/build/icyphy/ptII/ptolemy/actor/lib/test/auto/MultipleLinksToSameRelationDE.xml
9 ms. Memory: 507904K Free: 427546K (84%)
----------------- Invoking toplevel() on ptolemy.moml.MoMLSimpleApplication@735181ca
----------------- Done invoking toplevel() on ptolemy.moml.MoMLSimpleApplication@735181ca
reloadAllAccessors: .MultipleLinksToSameRelationDE

===========================================================================================
----------------- testing Fri Dec 06 06:18:19 UTC 2019 /home/travis/build/icyphy/ptII/ptolemy/actor/lib/test/auto/Multiplexor.xml
----------------- Instantiating /home/travis/build/icyphy/ptII/ptolemy/actor/lib/test/auto/Multiplexor.xml
2 ms. Memory: 507904K Free: 421930K (83%)
----------------- Invoking toplevel() on ptolemy.moml.MoMLSimpleApplication@2e61517c
----------------- Done invoking toplevel() on ptolemy.moml.MoMLSimpleApplication@2e61517c
reloadAllAccessors: .Multiplexor

===========================================================================================
----------------- testing Fri Dec 06 06:18:19 UTC 2019 /home/travis/build/icyphy/ptII/ptolemy/actor/lib/test/auto/Multiplexor1.xml
----------------- Instantiating /home/travis/build/icyphy/ptII/ptolemy/actor/lib/test/auto/Multiplexor1.xml
2 ms. Memory: 507904K Free: 416290K (82%)
----------------- Invoking toplevel() on ptolemy.moml.MoMLSimpleApplication@36ebdb2d
----------------- Done invoking toplevel() on ptolemy.moml.MoMLSimpleApplication@36ebdb2d
reloadAllAccessors: .Multiplexor1

===========================================================================================
----------------- testing Fri Dec 06 06:18:19 UTC 2019 /home/travis/build/icyphy/ptII/ptolemy/actor/lib/test/auto/Multiplexor2.xml
----------------- Instantiating /home/travis/build/icyphy/ptII/ptolemy/actor/lib/test/auto/Multiplexor2.xml
2 ms. Memory: 507904K Free: 409642K (81%)
----------------- Invoking toplevel() on ptolemy.moml.MoMLSimpleApplication@5cf80d56
----------------- Done invoking toplevel() on ptolemy.moml.MoMLSimpleApplication@5cf80d56
reloadAllAccessors: .Multiplexor2

===========================================================================================
----------------- testing Fri Dec 06 06:18:19 UTC 2019 /home/travis/build/icyphy/ptII/ptolemy/actor/lib/test/auto/Multiplexor3.xml
----------------- Instantiating /home/travis/build/icyphy/ptII/ptolemy/actor/lib/test/auto/Multiplexor3.xml
2 ms. Memory: 507904K Free: 405546K (80%)
----------------- Invoking toplevel() on ptolemy.moml.MoMLSimpleApplication@26d0a054
----------------- Done invoking toplevel() on ptolemy.moml.MoMLSimpleApplication@26d0a054
reloadAllAccessors: .Multiplexor3

===========================================================================================
----------------- testing Fri Dec 06 06:18:19 UTC 2019 /home/travis/build/icyphy/ptII/ptolemy/actor/lib/test/auto/MultiplexorDE.xml
----------------- Instantiating /home/travis/build/icyphy/ptII/ptolemy/actor/lib/test/auto/MultiplexorDE.xml
4 ms. Memory: 507904K Free: 397850K (78%)
----------------- Invoking toplevel() on ptolemy.moml.MoMLSimpleApplication@4ffd9ec4
----------------- Done invoking toplevel() on ptolemy.moml.MoMLSimpleApplication@4ffd9ec4
reloadAllAccessors: .MultiplexorDE

===========================================================================================
----------------- testing Fri Dec 06 06:18:19 UTC 2019 /home/travis/build/icyphy/ptII/ptolemy/actor/lib/test/auto/MultiportBroadcastTest.xml
----------------- Instantiating /home/travis/build/icyphy/ptII/ptolemy/actor/lib/test/auto/MultiportBroadcastTest.xml
71 ms. Memory: 507904K Free: 391210K (77%)
----------------- Invoking toplevel() on ptolemy.moml.MoMLSimpleApplication@1b02e83
----------------- Done invoking toplevel() on ptolemy.moml.MoMLSimpleApplication@1b02e83
reloadAllAccessors: .MultiportBroadcastTest

===========================================================================================
----------------- testing Fri Dec 06 06:18:19 UTC 2019 /home/travis/build/icyphy/ptII/ptolemy/actor/lib/test/auto/MultiportOutHangDuringGetWidth.xml
----------------- Instantiating /home/travis/build/icyphy/ptII/ptolemy/actor/lib/test/auto/MultiportOutHangDuringGetWidth.xml
4 ms. Memory: 507904K Free: 378922K (75%)
----------------- Invoking toplevel() on ptolemy.moml.MoMLSimpleApplication@6c414220
----------------- Done invoking toplevel() on ptolemy.moml.MoMLSimpleApplication@6c414220
reloadAllAccessors: .MultiportOutHangDuringGetWidth

===========================================================================================
----------------- testing Fri Dec 06 06:18:19 UTC 2019 /home/travis/build/icyphy/ptII/ptolemy/actor/lib/test/auto/NilToken.xml
----------------- Instantiating /home/travis/build/icyphy/ptII/ptolemy/actor/lib/test/auto/NilToken.xml
1 ms. Memory: 507904K Free: 374826K (74%)
----------------- Invoking toplevel() on ptolemy.moml.MoMLSimpleApplication@5eaa6d98
----------------- Done invoking toplevel() on ptolemy.moml.MoMLSimpleApplication@5eaa6d98
reloadAllAccessors: .NilToken

===========================================================================================
----------------- testing Fri Dec 06 06:18:19 UTC 2019 /home/travis/build/icyphy/ptII/ptolemy/actor/lib/test/auto/NilTokenNonStrictTest.xml
----------------- Instantiating /home/travis/build/icyphy/ptII/ptolemy/actor/lib/test/auto/NilTokenNonStrictTest.xml
1 ms. Memory: 507904K Free: 369706K (73%)
----------------- Invoking toplevel() on ptolemy.moml.MoMLSimpleApplication@1975b40
----------------- Done invoking toplevel() on ptolemy.moml.MoMLSimpleApplication@1975b40
reloadAllAccessors: .NilTokenNonStrictTest

===========================================================================================
----------------- testing Fri Dec 06 06:18:19 UTC 2019 /home/travis/build/icyphy/ptII/ptolemy/actor/lib/test/auto/NilTokenRecord.xml
----------------- Instantiating /home/travis/build/icyphy/ptII/ptolemy/actor/lib/test/auto/NilTokenRecord.xml
5 ms. Memory: 507904K Free: 363562K (72%)
----------------- Invoking toplevel() on ptolemy.moml.MoMLSimpleApplication@79921f19
----------------- Done invoking toplevel() on ptolemy.moml.MoMLSimpleApplication@79921f19
reloadAllAccessors: .NilTokenRecord

===========================================================================================
----------------- testing Fri Dec 06 06:18:19 UTC 2019 /home/travis/build/icyphy/ptII/ptolemy/actor/lib/test/auto/NilTokenTypeTest.xml
----------------- Instantiating /home/travis/build/icyphy/ptII/ptolemy/actor/lib/test/auto/NilTokenTypeTest.xml
8 ms. Memory: 507904K Free: 353832K (70%)
----------------- Invoking toplevel() on ptolemy.moml.MoMLSimpleApplication@4919edd9
----------------- Done invoking toplevel() on ptolemy.moml.MoMLSimpleApplication@4919edd9
reloadAllAccessors: .NilTokenTypeTest

===========================================================================================
----------------- testing Fri Dec 06 06:18:19 UTC 2019 /home/travis/build/icyphy/ptII/ptolemy/actor/lib/test/auto/ObjectToken1.xml
----------------- Instantiating /home/travis/build/icyphy/ptII/ptolemy/actor/lib/test/auto/ObjectToken1.xml
3 ms. Memory: 507904K Free: 349736K (69%)
----------------- Invoking toplevel() on ptolemy.moml.MoMLSimpleApplication@61a09419
----------------- Done invoking toplevel() on ptolemy.moml.MoMLSimpleApplication@61a09419
reloadAllAccessors: .ObjectToken1

===========================================================================================
----------------- testing Fri Dec 06 06:18:19 UTC 2019 /home/travis/build/icyphy/ptII/ptolemy/actor/lib/test/auto/OrderedMerge.xml
----------------- Instantiating /home/travis/build/icyphy/ptII/ptolemy/actor/lib/test/auto/OrderedMerge.xml
6 ms. Memory: 507904K Free: 344106K (68%)
----------------- Invoking toplevel() on ptolemy.moml.MoMLSimpleApplication@2855cd1
----------------- Done invoking toplevel() on ptolemy.moml.MoMLSimpleApplication@2855cd1
reloadAllAccessors: .OrderedMerge

===========================================================================================
----------------- testing Fri Dec 06 06:18:19 UTC 2019 /home/travis/build/icyphy/ptII/ptolemy/actor/lib/test/auto/OrderedRecordDisassembler.xml
----------------- Instantiating /home/travis/build/icyphy/ptII/ptolemy/actor/lib/test/auto/OrderedRecordDisassembler.xml
2 ms. Memory: 507904K Free: 338986K (67%)
----------------- Invoking toplevel() on ptolemy.moml.MoMLSimpleApplication@12a8ecda
----------------- Done invoking toplevel() on ptolemy.moml.MoMLSimpleApplication@12a8ecda
reloadAllAccessors: .OrderedRecordDisassembler

===========================================================================================
----------------- testing Fri Dec 06 06:18:19 UTC 2019 /home/travis/build/icyphy/ptII/ptolemy/actor/lib/test/auto/OrderedRecordDisassembler2.xml
----------------- Instantiating /home/travis/build/icyphy/ptII/ptolemy/actor/lib/test/auto/OrderedRecordDisassembler2.xml
7 ms. Memory: 507904K Free: 331818K (65%)
----------------- Invoking toplevel() on ptolemy.moml.MoMLSimpleApplication@7baa9443
----------------- Done invoking toplevel() on ptolemy.moml.MoMLSimpleApplication@7baa9443
reloadAllAccessors: .OrderedRecordDisassembler2

===========================================================================================
----------------- testing Fri Dec 06 06:18:20 UTC 2019 /home/travis/build/icyphy/ptII/ptolemy/actor/lib/test/auto/OrderedRecordUpdater.xml
----------------- Instantiating /home/travis/build/icyphy/ptII/ptolemy/actor/lib/test/auto/OrderedRecordUpdater.xml
1 ms. Memory: 507904K Free: 326698K (64%)
----------------- Invoking toplevel() on ptolemy.moml.MoMLSimpleApplication@26e05c64
----------------- Done invoking toplevel() on ptolemy.moml.MoMLSimpleApplication@26e05c64
reloadAllAccessors: .RecordUpdater

===========================================================================================
----------------- testing Fri Dec 06 06:18:20 UTC 2019 /home/travis/build/icyphy/ptII/ptolemy/actor/lib/test/auto/OrderedRecordUpdater2.xml
----------------- Instantiating /home/travis/build/icyphy/ptII/ptolemy/actor/lib/test/auto/OrderedRecordUpdater2.xml
2 ms. Memory: 507904K Free: 322088K (63%)
----------------- Invoking toplevel() on ptolemy.moml.MoMLSimpleApplication@21157a22
----------------- Done invoking toplevel() on ptolemy.moml.MoMLSimpleApplication@21157a22
reloadAllAccessors: .RecordUpdater2

===========================================================================================
----------------- testing Fri Dec 06 06:18:20 UTC 2019 /home/travis/build/icyphy/ptII/ptolemy/actor/lib/test/auto/PhaseUnwrap.xml
----------------- Instantiating /home/travis/build/icyphy/ptII/ptolemy/actor/lib/test/auto/PhaseUnwrap.xml
2 ms. Memory: 507904K Free: 317482K (63%)
----------------- Invoking toplevel() on ptolemy.moml.MoMLSimpleApplication@25f87ea8
----------------- Done invoking toplevel() on ptolemy.moml.MoMLSimpleApplication@25f87ea8
reloadAllAccessors: .PhaseUnwrap

===========================================================================================
----------------- testing Fri Dec 06 06:18:20 UTC 2019 /home/travis/build/icyphy/ptII/ptolemy/actor/lib/test/auto/PoissonClock.xml
----------------- Instantiating /home/travis/build/icyphy/ptII/ptolemy/actor/lib/test/auto/PoissonClock.xml
1 ms. Memory: 507904K Free: 313386K (62%)
----------------- Invoking toplevel() on ptolemy.moml.MoMLSimpleApplication@5deae581
----------------- Done invoking toplevel() on ptolemy.moml.MoMLSimpleApplication@5deae581
reloadAllAccessors: .PoissonClock

===========================================================================================
----------------- testing Fri Dec 06 06:18:20 UTC 2019 /home/travis/build/icyphy/ptII/ptolemy/actor/lib/test/auto/PoissonClock2.xml
----------------- Instantiating /home/travis/build/icyphy/ptII/ptolemy/actor/lib/test/auto/PoissonClock2.xml
1 ms. Memory: 507904K Free: 308776K (61%)
----------------- Invoking toplevel() on ptolemy.moml.MoMLSimpleApplication@205f0dd2
----------------- Done invoking toplevel() on ptolemy.moml.MoMLSimpleApplication@205f0dd2
reloadAllAccessors: .PoissonClock2

===========================================================================================
----------------- testing Fri Dec 06 06:18:20 UTC 2019 /home/travis/build/icyphy/ptII/ptolemy/actor/lib/test/auto/PoissonClock3.xml
----------------- Instantiating /home/travis/build/icyphy/ptII/ptolemy/actor/lib/test/auto/PoissonClock3.xml
1 ms. Memory: 507904K Free: 304680K (60%)
----------------- Invoking toplevel() on ptolemy.moml.MoMLSimpleApplication@3e1588e
----------------- Done invoking toplevel() on ptolemy.moml.MoMLSimpleApplication@3e1588e
reloadAllAccessors: .PoissonClock3

===========================================================================================
----------------- testing Fri Dec 06 06:18:20 UTC 2019 /home/travis/build/icyphy/ptII/ptolemy/actor/lib/test/auto/PubSubWithInitialTokens.xml
----------------- Instantiating /home/travis/build/icyphy/ptII/ptolemy/actor/lib/test/auto/PubSubWithInitialTokens.xml
2 ms. Memory: 507904K Free: 299050K (59%)
----------------- Invoking toplevel() on ptolemy.moml.MoMLSimpleApplication@52bafb74
----------------- Done invoking toplevel() on ptolemy.moml.MoMLSimpleApplication@52bafb74
reloadAllAccessors: .PubSubWithInitialTokens

===========================================================================================
----------------- testing Fri Dec 06 06:18:20 UTC 2019 /home/travis/build/icyphy/ptII/ptolemy/actor/lib/test/auto/PubSubWithInitialTokens2.xml
----------------- Instantiating /home/travis/build/icyphy/ptII/ptolemy/actor/lib/test/auto/PubSubWithInitialTokens2.xml
4 ms. Memory: 507904K Free: 292906K (58%)
----------------- Invoking toplevel() on ptolemy.moml.MoMLSimpleApplication@2da8b602
----------------- Done invoking toplevel() on ptolemy.moml.MoMLSimpleApplication@2da8b602
reloadAllAccessors: .PubSubWithInitialTokens2

===========================================================================================
----------------- testing Fri Dec 06 06:18:20 UTC 2019 /home/travis/build/icyphy/ptII/ptolemy/actor/lib/test/auto/PublisherClassNoParameter.xml
----------------- Instantiating /home/travis/build/icyphy/ptII/ptolemy/actor/lib/test/auto/PublisherClassNoParameter.xml
1 ms. Memory: 507904K Free: 283176K (56%)
----------------- Invoking toplevel() on ptolemy.moml.MoMLSimpleApplication@4b4769e2
----------------- Done invoking toplevel() on ptolemy.moml.MoMLSimpleApplication@4b4769e2
reloadAllAccessors: .PublisherClassNoParameter

===========================================================================================
----------------- testing Fri Dec 06 06:18:20 UTC 2019 /home/travis/build/icyphy/ptII/ptolemy/actor/lib/test/auto/PublisherClassParameter.xml
----------------- Instantiating /home/travis/build/icyphy/ptII/ptolemy/actor/lib/test/auto/PublisherClassParameter.xml
2 ms. Memory: 507904K Free: 272936K (54%)
----------------- Invoking toplevel() on ptolemy.moml.MoMLSimpleApplication@5f65a610
----------------- Done invoking toplevel() on ptolemy.moml.MoMLSimpleApplication@5f65a610
reloadAllAccessors: .PublisherClassParameter

===========================================================================================
----------------- testing Fri Dec 06 06:18:20 UTC 2019 /home/travis/build/icyphy/ptII/ptolemy/actor/lib/test/auto/PublisherNonStrictTest.xml
----------------- Instantiating /home/travis/build/icyphy/ptII/ptolemy/actor/lib/test/auto/PublisherNonStrictTest.xml
2 ms. Memory: 507904K Free: 265258K (52%)
----------------- Invoking toplevel() on ptolemy.moml.MoMLSimpleApplication@442c0cdf
----------------- Done invoking toplevel() on ptolemy.moml.MoMLSimpleApplication@442c0cdf
reloadAllAccessors: .PublisherNonStrictTest

===========================================================================================
----------------- testing Fri Dec 06 06:18:20 UTC 2019 /home/travis/build/icyphy/ptII/ptolemy/actor/lib/test/auto/PublisherPort1.xml
----------------- Instantiating /home/travis/build/icyphy/ptII/ptolemy/actor/lib/test/auto/PublisherPort1.xml
10 ms. Memory: 507904K Free: 259594K (51%)
----------------- Invoking toplevel() on ptolemy.moml.MoMLSimpleApplication@aa4e935
----------------- Done invoking toplevel() on ptolemy.moml.MoMLSimpleApplication@aa4e935
reloadAllAccessors: .PublisherPort1

===========================================================================================
----------------- testing Fri Dec 06 06:18:20 UTC 2019 /home/travis/build/icyphy/ptII/ptolemy/actor/lib/test/auto/PublisherPort2.xml
----------------- Instantiating /home/travis/build/icyphy/ptII/ptolemy/actor/lib/test/auto/PublisherPort2.xml
1 ms. Memory: 507904K Free: 255018K (50%)
----------------- Invoking toplevel() on ptolemy.moml.MoMLSimpleApplication@1817faf3
----------------- Done invoking toplevel() on ptolemy.moml.MoMLSimpleApplication@1817faf3
reloadAllAccessors: .PublisherPort2

===========================================================================================
----------------- testing Fri Dec 06 06:18:20 UTC 2019 /home/travis/build/icyphy/ptII/ptolemy/actor/lib/test/auto/PublisherPort3.xml
----------------- Instantiating /home/travis/build/icyphy/ptII/ptolemy/actor/lib/test/auto/PublisherPort3.xml
3 ms. Memory: 507904K Free: 248330K (49%)
----------------- Invoking toplevel() on ptolemy.moml.MoMLSimpleApplication@3350d4ac
----------------- Done invoking toplevel() on ptolemy.moml.MoMLSimpleApplication@3350d4ac
reloadAllAccessors: .PublisherPort3

===========================================================================================
----------------- testing Fri Dec 06 06:18:20 UTC 2019 /home/travis/build/icyphy/ptII/ptolemy/actor/lib/test/auto/PublisherPort4.xml
----------------- Instantiating /home/travis/build/icyphy/ptII/ptolemy/actor/lib/test/auto/PublisherPort4.xml
2 ms. Memory: 507904K Free: 242730K (48%)
----------------- Invoking toplevel() on ptolemy.moml.MoMLSimpleApplication@1ad5a628
----------------- Done invoking toplevel() on ptolemy.moml.MoMLSimpleApplication@1ad5a628
reloadAllAccessors: .PublisherPort4

===========================================================================================
----------------- testing Fri Dec 06 06:18:20 UTC 2019 /home/travis/build/icyphy/ptII/ptolemy/actor/lib/test/auto/PublisherPort5.xml
----------------- Instantiating /home/travis/build/icyphy/ptII/ptolemy/actor/lib/test/auto/PublisherPort5.xml
3 ms. Memory: 507904K Free: 235048K (46%)
----------------- Invoking toplevel() on ptolemy.moml.MoMLSimpleApplication@c80dbca
----------------- Done invoking toplevel() on ptolemy.moml.MoMLSimpleApplication@c80dbca
reloadAllAccessors: .PublisherPort5

===========================================================================================
----------------- testing Fri Dec 06 06:18:20 UTC 2019 /home/travis/build/icyphy/ptII/ptolemy/actor/lib/test/auto/PublisherPort5LookAlike.xml
----------------- Instantiating /home/travis/build/icyphy/ptII/ptolemy/actor/lib/test/auto/PublisherPort5LookAlike.xml
7 ms. Memory: 507904K Free: 227370K (45%)
----------------- Invoking toplevel() on ptolemy.moml.MoMLSimpleApplication@6085925c
----------------- Done invoking toplevel() on ptolemy.moml.MoMLSimpleApplication@6085925c
reloadAllAccessors: .PublisherPort5LookAlike

===========================================================================================
----------------- testing Fri Dec 06 06:18:20 UTC 2019 /home/travis/build/icyphy/ptII/ptolemy/actor/lib/test/auto/PublisherPort6.xml
----------------- Instantiating /home/travis/build/icyphy/ptII/ptolemy/actor/lib/test/auto/PublisherPort6.xml
3 ms. Memory: 507904K Free: 220712K (43%)
----------------- Invoking toplevel() on ptolemy.moml.MoMLSimpleApplication@690934f7
----------------- Done invoking toplevel() on ptolemy.moml.MoMLSimpleApplication@690934f7
reloadAllAccessors: .PublisherPort6

===========================================================================================
----------------- testing Fri Dec 06 06:18:20 UTC 2019 /home/travis/build/icyphy/ptII/ptolemy/actor/lib/test/auto/PublisherPort7.xml
----------------- Instantiating /home/travis/build/icyphy/ptII/ptolemy/actor/lib/test/auto/PublisherPort7.xml
3 ms. Memory: 507904K Free: 213034K (42%)
----------------- Invoking toplevel() on ptolemy.moml.MoMLSimpleApplication@232e2
----------------- Done invoking toplevel() on ptolemy.moml.MoMLSimpleApplication@232e2
reloadAllAccessors: .PublisherPort7

===========================================================================================
----------------- testing Fri Dec 06 06:18:20 UTC 2019 /home/travis/build/icyphy/ptII/ptolemy/actor/lib/test/auto/PublisherPort8.xml
----------------- Instantiating /home/travis/build/icyphy/ptII/ptolemy/actor/lib/test/auto/PublisherPort8.xml
13 ms. Memory: 507904K Free: 204328K (40%)
----------------- Invoking toplevel() on ptolemy.moml.MoMLSimpleApplication@2c7ae9f5
----------------- Done invoking toplevel() on ptolemy.moml.MoMLSimpleApplication@2c7ae9f5
reloadAllAccessors: .PublisherPort8

===========================================================================================
----------------- testing Fri Dec 06 06:18:20 UTC 2019 /home/travis/build/icyphy/ptII/ptolemy/actor/lib/test/auto/PublisherPortSubscriberChannelVariablesAOC2.xml
----------------- Instantiating /home/travis/build/icyphy/ptII/ptolemy/actor/lib/test/auto/PublisherPortSubscriberChannelVariablesAOC2.xml
2 ms. Memory: 507904K Free: 186920K (37%)
----------------- Invoking toplevel() on ptolemy.moml.MoMLSimpleApplication@3fdf4d74
----------------- Done invoking toplevel() on ptolemy.moml.MoMLSimpleApplication@3fdf4d74
reloadAllAccessors: .PublisherPortSubscriberChannelVariablesAOC2

===========================================================================================
----------------- testing Fri Dec 06 06:18:20 UTC 2019 /home/travis/build/icyphy/ptII/ptolemy/actor/lib/test/auto/PublisherPortSubscriberOpaqueWidthInference.xml
----------------- Instantiating /home/travis/build/icyphy/ptII/ptolemy/actor/lib/test/auto/PublisherPortSubscriberOpaqueWidthInference.xml
3 ms. Memory: 507904K Free: 179242K (35%)
----------------- Invoking toplevel() on ptolemy.moml.MoMLSimpleApplication@79bae97c
----------------- Done invoking toplevel() on ptolemy.moml.MoMLSimpleApplication@79bae97c
reloadAllAccessors: .PublisherPortSubscriberOpaqueWidthInference

===========================================================================================
----------------- testing Fri Dec 06 06:18:20 UTC 2019 /home/travis/build/icyphy/ptII/ptolemy/actor/lib/test/auto/PublisherPortSubscriberPortAdjacent.xml
----------------- Instantiating /home/travis/build/icyphy/ptII/ptolemy/actor/lib/test/auto/PublisherPortSubscriberPortAdjacent.xml
2 ms. Memory: 507904K Free: 171050K (34%)
----------------- Invoking toplevel() on ptolemy.moml.MoMLSimpleApplication@10d705cb
----------------- Done invoking toplevel() on ptolemy.moml.MoMLSimpleApplication@10d705cb
reloadAllAccessors: .PublisherPortSubscriberPortAdjacent

===========================================================================================
----------------- testing Fri Dec 06 06:18:20 UTC 2019 /home/travis/build/icyphy/ptII/ptolemy/actor/lib/test/auto/PublisherPortSubscriberPortExpression.xml
----------------- Instantiating /home/travis/build/icyphy/ptII/ptolemy/actor/lib/test/auto/PublisherPortSubscriberPortExpression.xml
7 ms. Memory: 507904K Free: 162858K (32%)
----------------- Invoking toplevel() on ptolemy.moml.MoMLSimpleApplication@47373ec6
----------------- Done invoking toplevel() on ptolemy.moml.MoMLSimpleApplication@47373ec6
reloadAllAccessors: .PublisherPortSubscriberPortExpression

===========================================================================================
----------------- testing Fri Dec 06 06:18:20 UTC 2019 /home/travis/build/icyphy/ptII/ptolemy/actor/lib/test/auto/PublisherPortSubscriberPortOpaqueD3Reverse.xml
----------------- Instantiating /home/travis/build/icyphy/ptII/ptolemy/actor/lib/test/auto/PublisherPortSubscriberPortOpaqueD3Reverse.xml
5 ms. Memory: 507904K Free: 453056K (89%)
----------------- Invoking toplevel() on ptolemy.moml.MoMLSimpleApplication@5ceb9d99
----------------- Done invoking toplevel() on ptolemy.moml.MoMLSimpleApplication@5ceb9d99
reloadAllAccessors: .PublisherPortSubscriberPortOpaqueD3Reverse

===========================================================================================
----------------- testing Fri Dec 06 06:18:20 UTC 2019 /home/travis/build/icyphy/ptII/ptolemy/actor/lib/test/auto/PublisherPortSubscriberPortOpaqueWidthInference.xml
----------------- Instantiating /home/travis/build/icyphy/ptII/ptolemy/actor/lib/test/auto/PublisherPortSubscriberPortOpaqueWidthInference.xml
3 ms. Memory: 507904K Free: 445408K (88%)
----------------- Invoking toplevel() on ptolemy.moml.MoMLSimpleApplication@6b2c50fd
----------------- Done invoking toplevel() on ptolemy.moml.MoMLSimpleApplication@6b2c50fd
reloadAllAccessors: .PublisherPortSubscriberPortOpaqueWidthInference

===========================================================================================
----------------- testing Fri Dec 06 06:18:20 UTC 2019 /home/travis/build/icyphy/ptII/ptolemy/actor/lib/test/auto/PublisherPortToplevelSubscriberPortAOC.xml
----------------- Instantiating /home/travis/build/icyphy/ptII/ptolemy/actor/lib/test/auto/PublisherPortToplevelSubscriberPortAOC.xml
.PublisherPortToplevelSubscriberPortAOC.TestExceptionAttribute: initialize() was not invoked, but wrapup() was.  This is unusual, but not always a problem.  For example, exporting JNLP will do this.
1 ms. Memory: 507904K Free: 439774K (87%)
----------------- Invoking toplevel() on ptolemy.moml.MoMLSimpleApplication@35fdeb9a
----------------- Done invoking toplevel() on ptolemy.moml.MoMLSimpleApplication@35fdeb9a
reloadAllAccessors: .PublisherPortToplevelSubscriberPortAOC

===========================================================================================
----------------- testing Fri Dec 06 06:18:20 UTC 2019 /home/travis/build/icyphy/ptII/ptolemy/actor/lib/test/auto/PublisherSubscriber.xml
----------------- Instantiating /home/travis/build/icyphy/ptII/ptolemy/actor/lib/test/auto/PublisherSubscriber.xml
3 ms. Memory: 507904K Free: 432096K (85%)
----------------- Invoking toplevel() on ptolemy.moml.MoMLSimpleApplication@9346a63
----------------- Done invoking toplevel() on ptolemy.moml.MoMLSimpleApplication@9346a63
reloadAllAccessors: .PublisherSubscriber

===========================================================================================
----------------- testing Fri Dec 06 06:18:20 UTC 2019 /home/travis/build/icyphy/ptII/ptolemy/actor/lib/test/auto/PublisherSubscriber10.xml
----------------- Instantiating /home/travis/build/icyphy/ptII/ptolemy/actor/lib/test/auto/PublisherSubscriber10.xml
6 ms. Memory: 507904K Free: 422366K (83%)
----------------- Invoking toplevel() on ptolemy.moml.MoMLSimpleApplication@74051293
----------------- Done invoking toplevel() on ptolemy.moml.MoMLSimpleApplication@74051293
reloadAllAccessors: .PublisherSubscriber10

===========================================================================================
----------------- testing Fri Dec 06 06:18:20 UTC 2019 /home/travis/build/icyphy/ptII/ptolemy/actor/lib/test/auto/PublisherSubscriber10InitialOutputs.xml
----------------- Instantiating /home/travis/build/icyphy/ptII/ptolemy/actor/lib/test/auto/PublisherSubscriber10InitialOutputs.xml
15 ms. Memory: 507904K Free: 413150K (81%)
----------------- Invoking toplevel() on ptolemy.moml.MoMLSimpleApplication@4f31101d
----------------- Done invoking toplevel() on ptolemy.moml.MoMLSimpleApplication@4f31101d
reloadAllAccessors: .PublisherSubscriber10InitialOutputs

===========================================================================================
----------------- testing Fri Dec 06 06:18:20 UTC 2019 /home/travis/build/icyphy/ptII/ptolemy/actor/lib/test/auto/PublisherSubscriber11.xml
----------------- Instantiating /home/travis/build/icyphy/ptII/ptolemy/actor/lib/test/auto/PublisherSubscriber11.xml
4 ms. Memory: 507904K Free: 406976K (80%)
----------------- Invoking toplevel() on ptolemy.moml.MoMLSimpleApplication@643a5745
----------------- Done invoking toplevel() on ptolemy.moml.MoMLSimpleApplication@643a5745
reloadAllAccessors: .PublisherSubscriber11

===========================================================================================
----------------- testing Fri Dec 06 06:18:20 UTC 2019 /home/travis/build/icyphy/ptII/ptolemy/actor/lib/test/auto/PublisherSubscriber12.xml
----------------- Instantiating /home/travis/build/icyphy/ptII/ptolemy/actor/lib/test/auto/PublisherSubscriber12.xml
5 ms. Memory: 507904K Free: 400352K (79%)
----------------- Invoking toplevel() on ptolemy.moml.MoMLSimpleApplication@468b3791
----------------- Done invoking toplevel() on ptolemy.moml.MoMLSimpleApplication@468b3791
reloadAllAccessors: .PublisherSubscriber12

===========================================================================================
----------------- testing Fri Dec 06 06:18:20 UTC 2019 /home/travis/build/icyphy/ptII/ptolemy/actor/lib/test/auto/PublisherSubscriber13.xml
----------------- Instantiating /home/travis/build/icyphy/ptII/ptolemy/actor/lib/test/auto/PublisherSubscriber13.xml
2 ms. Memory: 507904K Free: 394704K (78%)
----------------- Invoking toplevel() on ptolemy.moml.MoMLSimpleApplication@37427fb2
----------------- Done invoking toplevel() on ptolemy.moml.MoMLSimpleApplication@37427fb2
reloadAllAccessors: .PublisherSubscriber13

===========================================================================================
----------------- testing Fri Dec 06 06:18:20 UTC 2019 /home/travis/build/icyphy/ptII/ptolemy/actor/lib/test/auto/PublisherSubscriber14.xml
----------------- Instantiating /home/travis/build/icyphy/ptII/ptolemy/actor/lib/test/auto/PublisherSubscriber14.xml
2 ms. Memory: 507904K Free: 386016K (76%)
----------------- Invoking toplevel() on ptolemy.moml.MoMLSimpleApplication@73128421
----------------- Done invoking toplevel() on ptolemy.moml.MoMLSimpleApplication@73128421
reloadAllAccessors: .PublisherSubscriber14

===========================================================================================
----------------- testing Fri Dec 06 06:18:20 UTC 2019 /home/travis/build/icyphy/ptII/ptolemy/actor/lib/test/auto/PublisherSubscriber2.xml
----------------- Instantiating /home/travis/build/icyphy/ptII/ptolemy/actor/lib/test/auto/PublisherSubscriber2.xml
7 ms. Memory: 507904K Free: 380352K (75%)
----------------- Invoking toplevel() on ptolemy.moml.MoMLSimpleApplication@6c18d316
----------------- Done invoking toplevel() on ptolemy.moml.MoMLSimpleApplication@6c18d316
reloadAllAccessors: .PublisherSubscriber2

===========================================================================================
----------------- testing Fri Dec 06 06:18:20 UTC 2019 /home/travis/build/icyphy/ptII/ptolemy/actor/lib/test/auto/PublisherSubscriber3.xml
----------------- Instantiating /home/travis/build/icyphy/ptII/ptolemy/actor/lib/test/auto/PublisherSubscriber3.xml
1 ms. Memory: 507904K Free: 374752K (74%)
----------------- Invoking toplevel() on ptolemy.moml.MoMLSimpleApplication@2f7e5e19
----------------- Done invoking toplevel() on ptolemy.moml.MoMLSimpleApplication@2f7e5e19
reloadAllAccessors: .PublisherSubscriber3

===========================================================================================
----------------- testing Fri Dec 06 06:18:20 UTC 2019 /home/travis/build/icyphy/ptII/ptolemy/actor/lib/test/auto/PublisherSubscriber4.xml
----------------- Instantiating /home/travis/build/icyphy/ptII/ptolemy/actor/lib/test/auto/PublisherSubscriber4.xml
1 ms. Memory: 507904K Free: 369632K (73%)
----------------- Invoking toplevel() on ptolemy.moml.MoMLSimpleApplication@570bdb94
----------------- Done invoking toplevel() on ptolemy.moml.MoMLSimpleApplication@570bdb94
reloadAllAccessors: .PublisherSubscriber4

===========================================================================================
----------------- testing Fri Dec 06 06:18:20 UTC 2019 /home/travis/build/icyphy/ptII/ptolemy/actor/lib/test/auto/PublisherSubscriber5.xml
----------------- Instantiating /home/travis/build/icyphy/ptII/ptolemy/actor/lib/test/auto/PublisherSubscriber5.xml
2 ms. Memory: 507904K Free: 362968K (71%)
----------------- Invoking toplevel() on ptolemy.moml.MoMLSimpleApplication@70ced13e
----------------- Done invoking toplevel() on ptolemy.moml.MoMLSimpleApplication@70ced13e
reloadAllAccessors: .PublisherSubscriber5

===========================================================================================
----------------- testing Fri Dec 06 06:18:20 UTC 2019 /home/travis/build/icyphy/ptII/ptolemy/actor/lib/test/auto/PublisherSubscriber6.xml
----------------- Instantiating /home/travis/build/icyphy/ptII/ptolemy/actor/lib/test/auto/PublisherSubscriber6.xml
3 ms. Memory: 507904K Free: 356320K (70%)
----------------- Invoking toplevel() on ptolemy.moml.MoMLSimpleApplication@1b107c40
----------------- Done invoking toplevel() on ptolemy.moml.MoMLSimpleApplication@1b107c40
reloadAllAccessors: .PublisherSubscriber6

===========================================================================================
----------------- testing Fri Dec 06 06:18:20 UTC 2019 /home/travis/build/icyphy/ptII/ptolemy/actor/lib/test/auto/PublisherSubscriber7.xml
----------------- Instantiating /home/travis/build/icyphy/ptII/ptolemy/actor/lib/test/auto/PublisherSubscriber7.xml
7 ms. Memory: 507904K Free: 350176K (69%)
----------------- Invoking toplevel() on ptolemy.moml.MoMLSimpleApplication@5be3b2ce
----------------- Done invoking toplevel() on ptolemy.moml.MoMLSimpleApplication@5be3b2ce
reloadAllAccessors: .PublisherSubscriber7

===========================================================================================
----------------- testing Fri Dec 06 06:18:20 UTC 2019 /home/travis/build/icyphy/ptII/ptolemy/actor/lib/test/auto/PublisherSubscriber8.xml
----------------- Instantiating /home/travis/build/icyphy/ptII/ptolemy/actor/lib/test/auto/PublisherSubscriber8.xml
20 ms. Memory: 507904K Free: 338398K (67%)
----------------- Invoking toplevel() on ptolemy.moml.MoMLSimpleApplication@27c6a117
----------------- Done invoking toplevel() on ptolemy.moml.MoMLSimpleApplication@27c6a117
reloadAllAccessors: .PublisherSubscriber8

===========================================================================================
----------------- testing Fri Dec 06 06:18:20 UTC 2019 /home/travis/build/icyphy/ptII/ptolemy/actor/lib/test/auto/PublisherSubscriber9.xml
----------------- Instantiating /home/travis/build/icyphy/ptII/ptolemy/actor/lib/test/auto/PublisherSubscriber9.xml
2 ms. Memory: 507904K Free: 331230K (65%)
----------------- Invoking toplevel() on ptolemy.moml.MoMLSimpleApplication@2305ffd
----------------- Done invoking toplevel() on ptolemy.moml.MoMLSimpleApplication@2305ffd
reloadAllAccessors: .PublisherSubscriber9

===========================================================================================
----------------- testing Fri Dec 06 06:18:20 UTC 2019 /home/travis/build/icyphy/ptII/ptolemy/actor/lib/test/auto/PublisherSubscriberAdjacent.xml
----------------- Instantiating /home/travis/build/icyphy/ptII/ptolemy/actor/lib/test/auto/PublisherSubscriberAdjacent.xml
2 ms. Memory: 507904K Free: 322528K (64%)
----------------- Invoking toplevel() on ptolemy.moml.MoMLSimpleApplication@64db2211
----------------- Done invoking toplevel() on ptolemy.moml.MoMLSimpleApplication@64db2211
reloadAllAccessors: .PublisherSubscriberAdjacent

===========================================================================================
----------------- testing Fri Dec 06 06:18:20 UTC 2019 /home/travis/build/icyphy/ptII/ptolemy/actor/lib/test/auto/PublisherSubscriberChannelVariablesAOC2.xml
----------------- Instantiating /home/travis/build/icyphy/ptII/ptolemy/actor/lib/test/auto/PublisherSubscriberChannelVariablesAOC2.xml
3 ms. Memory: 507904K Free: 307664K (61%)
----------------- Invoking toplevel() on ptolemy.moml.MoMLSimpleApplication@328c99fb
----------------- Done invoking toplevel() on ptolemy.moml.MoMLSimpleApplication@328c99fb
reloadAllAccessors: .PublisherSubscriberChannelVariablesAOC2

===========================================================================================
----------------- testing Fri Dec 06 06:18:20 UTC 2019 /home/travis/build/icyphy/ptII/ptolemy/actor/lib/test/auto/PublisherSubscriberD3.xml
----------------- Instantiating /home/travis/build/icyphy/ptII/ptolemy/actor/lib/test/auto/PublisherSubscriberD3.xml
2 ms. Memory: 507904K Free: 300510K (59%)
----------------- Invoking toplevel() on ptolemy.moml.MoMLSimpleApplication@59f4ae91
----------------- Done invoking toplevel() on ptolemy.moml.MoMLSimpleApplication@59f4ae91
reloadAllAccessors: .PublisherSubscriberD3

===========================================================================================
----------------- testing Fri Dec 06 06:18:20 UTC 2019 /home/travis/build/icyphy/ptII/ptolemy/actor/lib/test/auto/PublisherSubscriberD3Reverse.xml
----------------- Instantiating /home/travis/build/icyphy/ptII/ptolemy/actor/lib/test/auto/PublisherSubscriberD3Reverse.xml
2 ms. Memory: 507904K Free: 294366K (58%)
----------------- Invoking toplevel() on ptolemy.moml.MoMLSimpleApplication@5d427ff0
----------------- Done invoking toplevel() on ptolemy.moml.MoMLSimpleApplication@5d427ff0
reloadAllAccessors: .PublisherSubscriberD3Reverse

===========================================================================================
----------------- testing Fri Dec 06 06:18:20 UTC 2019 /home/travis/build/icyphy/ptII/ptolemy/actor/lib/test/auto/PublisherSubscriberExpression.xml
----------------- Instantiating /home/travis/build/icyphy/ptII/ptolemy/actor/lib/test/auto/PublisherSubscriberExpression.xml
3 ms. Memory: 507904K Free: 286160K (56%)
----------------- Invoking toplevel() on ptolemy.moml.MoMLSimpleApplication@7abadedd
----------------- Done invoking toplevel() on ptolemy.moml.MoMLSimpleApplication@7abadedd
reloadAllAccessors: .PublisherSubscriberExpression

===========================================================================================
----------------- testing Fri Dec 06 06:18:20 UTC 2019 /home/travis/build/icyphy/ptII/ptolemy/actor/lib/test/auto/PublisherSubscriberOpaque.xml
----------------- Instantiating /home/travis/build/icyphy/ptII/ptolemy/actor/lib/test/auto/PublisherSubscriberOpaque.xml
3 ms. Memory: 507904K Free: 277982K (55%)
----------------- Invoking toplevel() on ptolemy.moml.MoMLSimpleApplication@14a3cc3a
----------------- Done invoking toplevel() on ptolemy.moml.MoMLSimpleApplication@14a3cc3a
reloadAllAccessors: .PublisherSubscriberOpaque

===========================================================================================
----------------- testing Fri Dec 06 06:18:20 UTC 2019 /home/travis/build/icyphy/ptII/ptolemy/actor/lib/test/auto/PublisherSubscriberOpaqueD3.xml
----------------- Instantiating /home/travis/build/icyphy/ptII/ptolemy/actor/lib/test/auto/PublisherSubscriberOpaqueD3.xml
5 ms. Memory: 507904K Free: 266718K (53%)
----------------- Invoking toplevel() on ptolemy.moml.MoMLSimpleApplication@4492e3b0
----------------- Done invoking toplevel() on ptolemy.moml.MoMLSimpleApplication@4492e3b0
reloadAllAccessors: .PublisherSubscriberOpaqueD3

===========================================================================================
----------------- testing Fri Dec 06 06:18:20 UTC 2019 /home/travis/build/icyphy/ptII/ptolemy/actor/lib/test/auto/PublisherSubscriberOpaqueD3Reverse.xml
----------------- Instantiating /home/travis/build/icyphy/ptII/ptolemy/actor/lib/test/auto/PublisherSubscriberOpaqueD3Reverse.xml
8 ms. Memory: 507904K Free: 255968K (50%)
----------------- Invoking toplevel() on ptolemy.moml.MoMLSimpleApplication@e22be20
----------------- Done invoking toplevel() on ptolemy.moml.MoMLSimpleApplication@e22be20
reloadAllAccessors: .PublisherSubscriberOpaqueD3Reverse

===========================================================================================
----------------- testing Fri Dec 06 06:18:20 UTC 2019 /home/travis/build/icyphy/ptII/ptolemy/actor/lib/test/auto/PublisherSubscriberOpaqueWidthInference.xml
----------------- Instantiating /home/travis/build/icyphy/ptII/ptolemy/actor/lib/test/auto/PublisherSubscriberOpaqueWidthInference.xml
4 ms. Memory: 507904K Free: 247776K (49%)
----------------- Invoking toplevel() on ptolemy.moml.MoMLSimpleApplication@3d072ab1
----------------- Done invoking toplevel() on ptolemy.moml.MoMLSimpleApplication@3d072ab1
reloadAllAccessors: .PublisherSubscriberOpaqueWidthInference

===========================================================================================
----------------- testing Fri Dec 06 06:18:21 UTC 2019 /home/travis/build/icyphy/ptII/ptolemy/actor/lib/test/auto/PublisherTestSubscriber.xml
----------------- Instantiating /home/travis/build/icyphy/ptII/ptolemy/actor/lib/test/auto/PublisherTestSubscriber.xml
3 ms. Memory: 507904K Free: 240088K (47%)
----------------- Invoking toplevel() on ptolemy.moml.MoMLSimpleApplication@4b194a5c
----------------- Done invoking toplevel() on ptolemy.moml.MoMLSimpleApplication@4b194a5c
reloadAllAccessors: .PublisherTestSubscriber

===========================================================================================
----------------- testing Fri Dec 06 06:18:21 UTC 2019 /home/travis/build/icyphy/ptII/ptolemy/actor/lib/test/auto/PublisherToplevelSubscriberPortAOC.xml
----------------- Instantiating /home/travis/build/icyphy/ptII/ptolemy/actor/lib/test/auto/PublisherToplevelSubscriberPortAOC.xml
2 ms. Memory: 507904K Free: 233936K (46%)
----------------- Invoking toplevel() on ptolemy.moml.MoMLSimpleApplication@f5267be
----------------- Done invoking toplevel() on ptolemy.moml.MoMLSimpleApplication@f5267be
reloadAllAccessors: .PublisherToplevelSubscriberPortAOC

===========================================================================================
----------------- testing Fri Dec 06 06:18:21 UTC 2019 /home/travis/build/icyphy/ptII/ptolemy/actor/lib/test/auto/PulseFiringLimitDE.xml
----------------- Instantiating /home/travis/build/icyphy/ptII/ptolemy/actor/lib/test/auto/PulseFiringLimitDE.xml
2 ms. Memory: 507904K Free: 227806K (45%)
----------------- Invoking toplevel() on ptolemy.moml.MoMLSimpleApplication@25510391
----------------- Done invoking toplevel() on ptolemy.moml.MoMLSimpleApplication@25510391
reloadAllAccessors: .PulseFiringLimitDE

===========================================================================================
----------------- testing Fri Dec 06 06:18:21 UTC 2019 /home/travis/build/icyphy/ptII/ptolemy/actor/lib/test/auto/Ramp1.xml
----------------- Instantiating /home/travis/build/icyphy/ptII/ptolemy/actor/lib/test/auto/Ramp1.xml
1 ms. Memory: 507904K Free: 223704K (44%)
----------------- Invoking toplevel() on ptolemy.moml.MoMLSimpleApplication@2d8fbe61
----------------- Done invoking toplevel() on ptolemy.moml.MoMLSimpleApplication@2d8fbe61
reloadAllAccessors: .Ramp1

===========================================================================================
----------------- testing Fri Dec 06 06:18:21 UTC 2019 /home/travis/build/icyphy/ptII/ptolemy/actor/lib/test/auto/RampFiringLimitDE.xml
----------------- Instantiating /home/travis/build/icyphy/ptII/ptolemy/actor/lib/test/auto/RampFiringLimitDE.xml
2 ms. Memory: 507904K Free: 217552K (43%)
----------------- Invoking toplevel() on ptolemy.moml.MoMLSimpleApplication@73db85c8
----------------- Done invoking toplevel() on ptolemy.moml.MoMLSimpleApplication@73db85c8
reloadAllAccessors: .RampFiringLimitDE

===========================================================================================
----------------- testing Fri Dec 06 06:18:21 UTC 2019 /home/travis/build/icyphy/ptII/ptolemy/actor/lib/test/auto/RampFiringLimitSDF.xml
----------------- Instantiating /home/travis/build/icyphy/ptII/ptolemy/actor/lib/test/auto/RampFiringLimitSDF.xml
2 ms. Memory: 507904K Free: 212416K (42%)
----------------- Invoking toplevel() on ptolemy.moml.MoMLSimpleApplication@1bde1d10
----------------- Done invoking toplevel() on ptolemy.moml.MoMLSimpleApplication@1bde1d10
reloadAllAccessors: .RampFiringLimitSDF

===========================================================================================
----------------- testing Fri Dec 06 06:18:21 UTC 2019 /home/travis/build/icyphy/ptII/ptolemy/actor/lib/test/auto/RandomInteger.xml
----------------- Instantiating /home/travis/build/icyphy/ptII/ptolemy/actor/lib/test/auto/RandomInteger.xml
1 ms. Memory: 507904K Free: 208350K (41%)
----------------- Invoking toplevel() on ptolemy.moml.MoMLSimpleApplication@61a7eb85
----------------- Done invoking toplevel() on ptolemy.moml.MoMLSimpleApplication@61a7eb85
reloadAllAccessors: .RandomInteger

===========================================================================================
----------------- testing Fri Dec 06 06:18:21 UTC 2019 /home/travis/build/icyphy/ptII/ptolemy/actor/lib/test/auto/ReadFile1.xml
----------------- Instantiating /home/travis/build/icyphy/ptII/ptolemy/actor/lib/test/auto/ReadFile1.xml
2 ms. Memory: 507904K Free: 203744K (40%)
----------------- Invoking toplevel() on ptolemy.moml.MoMLSimpleApplication@738cf809
----------------- Done invoking toplevel() on ptolemy.moml.MoMLSimpleApplication@738cf809
reloadAllAccessors: .ReadFile1

===========================================================================================
----------------- testing Fri Dec 06 06:18:21 UTC 2019 /home/travis/build/icyphy/ptII/ptolemy/actor/lib/test/auto/ReadFile2.xml
----------------- Instantiating /home/travis/build/icyphy/ptII/ptolemy/actor/lib/test/auto/ReadFile2.xml
1 ms. Memory: 507904K Free: 199648K (39%)
----------------- Invoking toplevel() on ptolemy.moml.MoMLSimpleApplication@7e777531
----------------- Done invoking toplevel() on ptolemy.moml.MoMLSimpleApplication@7e777531
reloadAllAccessors: .ReadFile2

===========================================================================================
----------------- testing Fri Dec 06 06:18:21 UTC 2019 /home/travis/build/icyphy/ptII/ptolemy/actor/lib/test/auto/Reader.xml
----------------- Instantiating /home/travis/build/icyphy/ptII/ptolemy/actor/lib/test/auto/Reader.xml
actor.lib.Reader is obsolete, use actor.lib.io.ExpressionReader instead
4 ms. Memory: 507904K Free: 195552K (39%)
----------------- Invoking toplevel() on ptolemy.moml.MoMLSimpleApplication@13b7fcc4
----------------- Done invoking toplevel() on ptolemy.moml.MoMLSimpleApplication@13b7fcc4
reloadAllAccessors: .Reader

===========================================================================================
----------------- testing Fri Dec 06 06:18:21 UTC 2019 /home/travis/build/icyphy/ptII/ptolemy/actor/lib/test/auto/RecordAssemblerDisplayNameTest.xml
----------------- Instantiating /home/travis/build/icyphy/ptII/ptolemy/actor/lib/test/auto/RecordAssemblerDisplayNameTest.xml
3406 ms. Memory: 507904K Free: 168862K (33%)
----------------- Invoking toplevel() on ptolemy.moml.MoMLSimpleApplication@26d9235d
----------------- Done invoking toplevel() on ptolemy.moml.MoMLSimpleApplication@26d9235d
reloadAllAccessors: .RecordAssemblerDisplayNameTest

===========================================================================================
----------------- testing Fri Dec 06 06:18:24 UTC 2019 /home/travis/build/icyphy/ptII/ptolemy/actor/lib/test/auto/RecordAssemblerTypeError.xml
----------------- Instantiating /home/travis/build/icyphy/ptII/ptolemy/actor/lib/test/auto/RecordAssemblerTypeError.xml
23 ms. Memory: 507904K Free: 459187K (90%)
----------------- Invoking toplevel() on ptolemy.moml.MoMLSimpleApplication@6ed7a55
----------------- Done invoking toplevel() on ptolemy.moml.MoMLSimpleApplication@6ed7a55
reloadAllAccessors: .RecordAssemblerTypeError

===========================================================================================
----------------- testing Fri Dec 06 06:18:24 UTC 2019 /home/travis/build/icyphy/ptII/ptolemy/actor/lib/test/auto/RecordDisassember.xml
----------------- Instantiating /home/travis/build/icyphy/ptII/ptolemy/actor/lib/test/auto/RecordDisassember.xml
3 ms. Memory: 507904K Free: 454048K (89%)
----------------- Invoking toplevel() on ptolemy.moml.MoMLSimpleApplication@3de4afd8
----------------- Done invoking toplevel() on ptolemy.moml.MoMLSimpleApplication@3de4afd8
reloadAllAccessors: .RecordDisassember

===========================================================================================
----------------- testing Fri Dec 06 06:18:24 UTC 2019 /home/travis/build/icyphy/ptII/ptolemy/actor/lib/test/auto/RecordDisassemberDisplayNameTest.xml
----------------- Instantiating /home/travis/build/icyphy/ptII/ptolemy/actor/lib/test/auto/RecordDisassemberDisplayNameTest.xml
5 ms. Memory: 507904K Free: 445886K (88%)
----------------- Invoking toplevel() on ptolemy.moml.MoMLSimpleApplication@20ed71f
----------------- Done invoking toplevel() on ptolemy.moml.MoMLSimpleApplication@20ed71f
reloadAllAccessors: .RecordDisassemberDisplayNameTest

===========================================================================================
----------------- testing Fri Dec 06 06:18:24 UTC 2019 /home/travis/build/icyphy/ptII/ptolemy/actor/lib/test/auto/RecordDisassembler.xml
----------------- Instantiating /home/travis/build/icyphy/ptII/ptolemy/actor/lib/test/auto/RecordDisassembler.xml
2 ms. Memory: 507904K Free: 440736K (87%)
----------------- Invoking toplevel() on ptolemy.moml.MoMLSimpleApplication@2e81e2c5
----------------- Done invoking toplevel() on ptolemy.moml.MoMLSimpleApplication@2e81e2c5
reloadAllAccessors: .RecordDisassembler

===========================================================================================
----------------- testing Fri Dec 06 06:18:24 UTC 2019 /home/travis/build/icyphy/ptII/ptolemy/actor/lib/test/auto/RecordDisassembler2.xml
----------------- Instantiating /home/travis/build/icyphy/ptII/ptolemy/actor/lib/test/auto/RecordDisassembler2.xml
2 ms. Memory: 507904K Free: 435616K (86%)
----------------- Invoking toplevel() on ptolemy.moml.MoMLSimpleApplication@1c79c867
----------------- Done invoking toplevel() on ptolemy.moml.MoMLSimpleApplication@1c79c867
reloadAllAccessors: .RecordDisassembler2

===========================================================================================
----------------- testing Fri Dec 06 06:18:24 UTC 2019 /home/travis/build/icyphy/ptII/ptolemy/actor/lib/test/auto/RecordUpdater.xml
----------------- Instantiating /home/travis/build/icyphy/ptII/ptolemy/actor/lib/test/auto/RecordUpdater.xml
2 ms. Memory: 507904K Free: 430526K (85%)
----------------- Invoking toplevel() on ptolemy.moml.MoMLSimpleApplication@46e644be
----------------- Done invoking toplevel() on ptolemy.moml.MoMLSimpleApplication@46e644be
reloadAllAccessors: .RecordUpdater

===========================================================================================
----------------- testing Fri Dec 06 06:18:24 UTC 2019 /home/travis/build/icyphy/ptII/ptolemy/actor/lib/test/auto/RecordUpdater2.xml
----------------- Instantiating /home/travis/build/icyphy/ptII/ptolemy/actor/lib/test/auto/RecordUpdater2.xml
1 ms. Memory: 507904K Free: 425406K (84%)
----------------- Invoking toplevel() on ptolemy.moml.MoMLSimpleApplication@7903f821
----------------- Done invoking toplevel() on ptolemy.moml.MoMLSimpleApplication@7903f821
reloadAllAccessors: .RecordUpdater2

===========================================================================================
----------------- testing Fri Dec 06 06:18:24 UTC 2019 /home/travis/build/icyphy/ptII/ptolemy/actor/lib/test/auto/RecursiveLattice.xml
----------------- Instantiating /home/travis/build/icyphy/ptII/ptolemy/actor/lib/test/auto/RecursiveLattice.xml
1 ms. Memory: 507904K Free: 421310K (83%)
----------------- Invoking toplevel() on ptolemy.moml.MoMLSimpleApplication@3c983ed4
----------------- Done invoking toplevel() on ptolemy.moml.MoMLSimpleApplication@3c983ed4
reloadAllAccessors: .RecursiveLattice

===========================================================================================
----------------- testing Fri Dec 06 06:18:24 UTC 2019 /home/travis/build/icyphy/ptII/ptolemy/actor/lib/test/auto/Router.xml
----------------- Instantiating /home/travis/build/icyphy/ptII/ptolemy/actor/lib/test/auto/Router.xml
3004 ms. Memory: 507904K Free: 410560K (81%)
----------------- Invoking toplevel() on ptolemy.moml.MoMLSimpleApplication@4161ffcc
----------------- Done invoking toplevel() on ptolemy.moml.MoMLSimpleApplication@4161ffcc
reloadAllAccessors: .Router

===========================================================================================
----------------- testing Fri Dec 06 06:18:27 UTC 2019 /home/travis/build/icyphy/ptII/ptolemy/actor/lib/test/auto/Router2.xml
----------------- Instantiating /home/travis/build/icyphy/ptII/ptolemy/actor/lib/test/auto/Router2.xml
3003 ms. Memory: 507904K Free: 399806K (79%)
----------------- Invoking toplevel() on ptolemy.moml.MoMLSimpleApplication@7ca730a5
----------------- Done invoking toplevel() on ptolemy.moml.MoMLSimpleApplication@7ca730a5
reloadAllAccessors: .Router2

===========================================================================================
----------------- testing Fri Dec 06 06:18:30 UTC 2019 /home/travis/build/icyphy/ptII/ptolemy/actor/lib/test/auto/RunningMaximum.xml
----------------- Instantiating /home/travis/build/icyphy/ptII/ptolemy/actor/lib/test/auto/RunningMaximum.xml
2 ms. Memory: 507904K Free: 395200K (78%)
----------------- Invoking toplevel() on ptolemy.moml.MoMLSimpleApplication@578e6f03
----------------- Done invoking toplevel() on ptolemy.moml.MoMLSimpleApplication@578e6f03
reloadAllAccessors: .RunningMaximum

===========================================================================================
----------------- testing Fri Dec 06 06:18:30 UTC 2019 /home/travis/build/icyphy/ptII/ptolemy/actor/lib/test/auto/RunningMinimum.xml
----------------- Instantiating /home/travis/build/icyphy/ptII/ptolemy/actor/lib/test/auto/RunningMinimum.xml
1 ms. Memory: 507904K Free: 390080K (77%)
----------------- Invoking toplevel() on ptolemy.moml.MoMLSimpleApplication@349c1095
----------------- Done invoking toplevel() on ptolemy.moml.MoMLSimpleApplication@349c1095
reloadAllAccessors: .RunningMinimum

===========================================================================================
----------------- testing Fri Dec 06 06:18:30 UTC 2019 /home/travis/build/icyphy/ptII/ptolemy/actor/lib/test/auto/Scale.xml
----------------- Instantiating /home/travis/build/icyphy/ptII/ptolemy/actor/lib/test/auto/Scale.xml
2 ms. Memory: 507904K Free: 385470K (76%)
----------------- Invoking toplevel() on ptolemy.moml.MoMLSimpleApplication@141c5923
----------------- Done invoking toplevel() on ptolemy.moml.MoMLSimpleApplication@141c5923
reloadAllAccessors: .Scale

===========================================================================================
----------------- testing Fri Dec 06 06:18:30 UTC 2019 /home/travis/build/icyphy/ptII/ptolemy/actor/lib/test/auto/Scale2.xml
----------------- Instantiating /home/travis/build/icyphy/ptII/ptolemy/actor/lib/test/auto/Scale2.xml
2 ms. Memory: 507904K Free: 380864K (75%)
----------------- Invoking toplevel() on ptolemy.moml.MoMLSimpleApplication@707d0bc0
----------------- Done invoking toplevel() on ptolemy.moml.MoMLSimpleApplication@707d0bc0
reloadAllAccessors: .Scale2

===========================================================================================
----------------- testing Fri Dec 06 06:18:30 UTC 2019 /home/travis/build/icyphy/ptII/ptolemy/actor/lib/test/auto/Scale3.xml
----------------- Instantiating /home/travis/build/icyphy/ptII/ptolemy/actor/lib/test/auto/Scale3.xml
3 ms. Memory: 507904K Free: 374720K (74%)
----------------- Invoking toplevel() on ptolemy.moml.MoMLSimpleApplication@68dbc1c4
----------------- Done invoking toplevel() on ptolemy.moml.MoMLSimpleApplication@68dbc1c4
reloadAllAccessors: .Scale3

===========================================================================================
----------------- testing Fri Dec 06 06:18:30 UTC 2019 /home/travis/build/icyphy/ptII/ptolemy/actor/lib/test/auto/ScaleArray.xml
----------------- Instantiating /home/travis/build/icyphy/ptII/ptolemy/actor/lib/test/auto/ScaleArray.xml
1 ms. Memory: 507904K Free: 370110K (73%)
----------------- Invoking toplevel() on ptolemy.moml.MoMLSimpleApplication@68e0b0f1
----------------- Done invoking toplevel() on ptolemy.moml.MoMLSimpleApplication@68e0b0f1
reloadAllAccessors: .ScaleArray

===========================================================================================
----------------- testing Fri Dec 06 06:18:30 UTC 2019 /home/travis/build/icyphy/ptII/ptolemy/actor/lib/test/auto/ScaleArray2.xml
----------------- Instantiating /home/travis/build/icyphy/ptII/ptolemy/actor/lib/test/auto/ScaleArray2.xml
1 ms. Memory: 507904K Free: 365504K (72%)
----------------- Invoking toplevel() on ptolemy.moml.MoMLSimpleApplication@61fdb2d9
----------------- Done invoking toplevel() on ptolemy.moml.MoMLSimpleApplication@61fdb2d9
reloadAllAccessors: .ScaleArray2

===========================================================================================
----------------- testing Fri Dec 06 06:18:30 UTC 2019 /home/travis/build/icyphy/ptII/ptolemy/actor/lib/test/auto/ScaleMatrix.xml
----------------- Instantiating /home/travis/build/icyphy/ptII/ptolemy/actor/lib/test/auto/ScaleMatrix.xml
150 ms. Memory: 507904K Free: 350144K (69%)
----------------- Invoking toplevel() on ptolemy.moml.MoMLSimpleApplication@7beefef7
----------------- Done invoking toplevel() on ptolemy.moml.MoMLSimpleApplication@7beefef7
reloadAllAccessors: .ScaleMatrix

===========================================================================================
----------------- testing Fri Dec 06 06:18:31 UTC 2019 /home/travis/build/icyphy/ptII/ptolemy/actor/lib/test/auto/Select.xml
----------------- Instantiating /home/travis/build/icyphy/ptII/ptolemy/actor/lib/test/auto/Select.xml
2 ms. Memory: 507904K Free: 344000K (68%)
----------------- Invoking toplevel() on ptolemy.moml.MoMLSimpleApplication@35e29180
----------------- Done invoking toplevel() on ptolemy.moml.MoMLSimpleApplication@35e29180
reloadAllAccessors: .Select

===========================================================================================
----------------- testing Fri Dec 06 06:18:31 UTC 2019 /home/travis/build/icyphy/ptII/ptolemy/actor/lib/test/auto/Select2.xml
----------------- Instantiating /home/travis/build/icyphy/ptII/ptolemy/actor/lib/test/auto/Select2.xml
1 ms. Memory: 507904K Free: 339390K (67%)
----------------- Invoking toplevel() on ptolemy.moml.MoMLSimpleApplication@4939d53a
----------------- Done invoking toplevel() on ptolemy.moml.MoMLSimpleApplication@4939d53a
reloadAllAccessors: .Select2

===========================================================================================
----------------- testing Fri Dec 06 06:18:31 UTC 2019 /home/travis/build/icyphy/ptII/ptolemy/actor/lib/test/auto/SequenceToArray2.xml
----------------- Instantiating /home/travis/build/icyphy/ptII/ptolemy/actor/lib/test/auto/SequenceToArray2.xml
101 ms. Memory: 507904K Free: 314800K (62%)
----------------- Invoking toplevel() on ptolemy.moml.MoMLSimpleApplication@23f133b4
----------------- Done invoking toplevel() on ptolemy.moml.MoMLSimpleApplication@23f133b4
reloadAllAccessors: .SequenceToArray2

===========================================================================================
----------------- testing Fri Dec 06 06:18:31 UTC 2019 /home/travis/build/icyphy/ptII/ptolemy/actor/lib/test/auto/SequentialClock.xml
----------------- Instantiating /home/travis/build/icyphy/ptII/ptolemy/actor/lib/test/auto/SequentialClock.xml
1 ms. Memory: 507904K Free: 310718K (61%)
----------------- Invoking toplevel() on ptolemy.moml.MoMLSimpleApplication@ec55b90
----------------- Done invoking toplevel() on ptolemy.moml.MoMLSimpleApplication@ec55b90
reloadAllAccessors: .SequentialClock

===========================================================================================
----------------- testing Fri Dec 06 06:18:31 UTC 2019 /home/travis/build/icyphy/ptII/ptolemy/actor/lib/test/auto/SetVariable.xml
----------------- Instantiating /home/travis/build/icyphy/ptII/ptolemy/actor/lib/test/auto/SetVariable.xml
2 ms. Memory: 507904K Free: 306112K (60%)
----------------- Invoking toplevel() on ptolemy.moml.MoMLSimpleApplication@465becf6
----------------- Done invoking toplevel() on ptolemy.moml.MoMLSimpleApplication@465becf6
reloadAllAccessors: .SetVariable

===========================================================================================
----------------- testing Fri Dec 06 06:18:31 UTC 2019 /home/travis/build/icyphy/ptII/ptolemy/actor/lib/test/auto/SetVariable2.xml
----------------- Instantiating /home/travis/build/icyphy/ptII/ptolemy/actor/lib/test/auto/SetVariable2.xml
2 ms. Memory: 507904K Free: 300992K (59%)
----------------- Invoking toplevel() on ptolemy.moml.MoMLSimpleApplication@3d6d99f3
----------------- Done invoking toplevel() on ptolemy.moml.MoMLSimpleApplication@3d6d99f3
reloadAllAccessors: .SetVariable2

===========================================================================================
----------------- testing Fri Dec 06 06:18:31 UTC 2019 /home/travis/build/icyphy/ptII/ptolemy/actor/lib/test/auto/SetVariable3.xml
----------------- Instantiating /home/travis/build/icyphy/ptII/ptolemy/actor/lib/test/auto/SetVariable3.xml
7 ms. Memory: 507904K Free: 295872K (58%)
----------------- Invoking toplevel() on ptolemy.moml.MoMLSimpleApplication@20765cde
----------------- Done invoking toplevel() on ptolemy.moml.MoMLSimpleApplication@20765cde
reloadAllAccessors: .SetVariable3

===========================================================================================
----------------- testing Fri Dec 06 06:18:31 UTC 2019 /home/travis/build/icyphy/ptII/ptolemy/actor/lib/test/auto/SetVariable4.xml
----------------- Instantiating /home/travis/build/icyphy/ptII/ptolemy/actor/lib/test/auto/SetVariable4.xml
14 ms. Memory: 507904K Free: 286656K (56%)
----------------- Invoking toplevel() on ptolemy.moml.MoMLSimpleApplication@69502075
----------------- Done invoking toplevel() on ptolemy.moml.MoMLSimpleApplication@69502075
reloadAllAccessors: .SetVariable4

===========================================================================================
----------------- testing Fri Dec 06 06:18:31 UTC 2019 /home/travis/build/icyphy/ptII/ptolemy/actor/lib/test/auto/SetVariable5.xml
----------------- Instantiating /home/travis/build/icyphy/ptII/ptolemy/actor/lib/test/auto/SetVariable5.xml
15 ms. Memory: 507904K Free: 277440K (55%)
----------------- Invoking toplevel() on ptolemy.moml.MoMLSimpleApplication@cefa2aa
----------------- Done invoking toplevel() on ptolemy.moml.MoMLSimpleApplication@cefa2aa
reloadAllAccessors: .SetVariable5

===========================================================================================
----------------- testing Fri Dec 06 06:18:31 UTC 2019 /home/travis/build/icyphy/ptII/ptolemy/actor/lib/test/auto/Sinewave.xml
----------------- Instantiating /home/travis/build/icyphy/ptII/ptolemy/actor/lib/test/auto/Sinewave.xml
7 ms. Memory: 507904K Free: 266686K (53%)
----------------- Invoking toplevel() on ptolemy.moml.MoMLSimpleApplication@5c515356
----------------- Done invoking toplevel() on ptolemy.moml.MoMLSimpleApplication@5c515356
reloadAllAccessors: .Sinewave

===========================================================================================
----------------- testing Fri Dec 06 06:18:31 UTC 2019 /home/travis/build/icyphy/ptII/ptolemy/actor/lib/test/auto/Sinewave2.xml
----------------- Instantiating /home/travis/build/icyphy/ptII/ptolemy/actor/lib/test/auto/Sinewave2.xml
5 ms. Memory: 507904K Free: 258480K (51%)
----------------- Invoking toplevel() on ptolemy.moml.MoMLSimpleApplication@34b7b17b
----------------- Done invoking toplevel() on ptolemy.moml.MoMLSimpleApplication@34b7b17b
reloadAllAccessors: .Sinewave2

===========================================================================================
----------------- testing Fri Dec 06 06:18:31 UTC 2019 /home/travis/build/icyphy/ptII/ptolemy/actor/lib/test/auto/Sinewave3.xml
----------------- Instantiating /home/travis/build/icyphy/ptII/ptolemy/actor/lib/test/auto/Sinewave3.xml
9 ms. Memory: 507904K Free: 249792K (49%)
----------------- Invoking toplevel() on ptolemy.moml.MoMLSimpleApplication@1d058eff
----------------- Done invoking toplevel() on ptolemy.moml.MoMLSimpleApplication@1d058eff
reloadAllAccessors: .Sinewave3

===========================================================================================
----------------- testing Fri Dec 06 06:18:31 UTC 2019 /home/travis/build/icyphy/ptII/ptolemy/actor/lib/test/auto/SingleEvent.xml
----------------- Instantiating /home/travis/build/icyphy/ptII/ptolemy/actor/lib/test/auto/SingleEvent.xml
1 ms. Memory: 507904K Free: 245696K (48%)
----------------- Invoking toplevel() on ptolemy.moml.MoMLSimpleApplication@12ed4ae4
----------------- Done invoking toplevel() on ptolemy.moml.MoMLSimpleApplication@12ed4ae4
reloadAllAccessors: .SingleEvent

===========================================================================================
----------------- testing Fri Dec 06 06:18:31 UTC 2019 /home/travis/build/icyphy/ptII/ptolemy/actor/lib/test/auto/Sleep.xml
----------------- Instantiating /home/travis/build/icyphy/ptII/ptolemy/actor/lib/test/auto/Sleep.xml
6004 ms. Memory: 507904K Free: 240048K (47%)
----------------- Invoking toplevel() on ptolemy.moml.MoMLSimpleApplication@6a4f1ebb
----------------- Done invoking toplevel() on ptolemy.moml.MoMLSimpleApplication@6a4f1ebb
reloadAllAccessors: .Sleep

===========================================================================================
----------------- testing Fri Dec 06 06:18:37 UTC 2019 /home/travis/build/icyphy/ptII/ptolemy/actor/lib/test/auto/SleepMultipleFire.xml
----------------- Instantiating /home/travis/build/icyphy/ptII/ptolemy/actor/lib/test/auto/SleepMultipleFire.xml
1004 ms. Memory: 507904K Free: 234432K (46%)
----------------- Invoking toplevel() on ptolemy.moml.MoMLSimpleApplication@3e87f8bd
----------------- Done invoking toplevel() on ptolemy.moml.MoMLSimpleApplication@3e87f8bd
reloadAllAccessors: .SleepMultipleFire

===========================================================================================
----------------- testing Fri Dec 06 06:18:38 UTC 2019 /home/travis/build/icyphy/ptII/ptolemy/actor/lib/test/auto/StopDE.xml
----------------- Instantiating /home/travis/build/icyphy/ptII/ptolemy/actor/lib/test/auto/StopDE.xml
3 ms. Memory: 507904K Free: 228798K (45%)
----------------- Invoking toplevel() on ptolemy.moml.MoMLSimpleApplication@74a0b2fb
----------------- Done invoking toplevel() on ptolemy.moml.MoMLSimpleApplication@74a0b2fb
reloadAllAccessors: .StopDE

===========================================================================================
----------------- testing Fri Dec 06 06:18:38 UTC 2019 /home/travis/build/icyphy/ptII/ptolemy/actor/lib/test/auto/StopSDF.xml
----------------- Instantiating /home/travis/build/icyphy/ptII/ptolemy/actor/lib/test/auto/StopSDF.xml
3 ms. Memory: 507904K Free: 223678K (44%)
----------------- Invoking toplevel() on ptolemy.moml.MoMLSimpleApplication@5a28bce1
----------------- Done invoking toplevel() on ptolemy.moml.MoMLSimpleApplication@5a28bce1
reloadAllAccessors: .StopSDF

===========================================================================================
----------------- testing Fri Dec 06 06:18:38 UTC 2019 /home/travis/build/icyphy/ptII/ptolemy/actor/lib/test/auto/StringConstant.xml
----------------- Instantiating /home/travis/build/icyphy/ptII/ptolemy/actor/lib/test/auto/StringConstant.xml
9 ms. Memory: 507904K Free: 219072K (43%)
----------------- Invoking toplevel() on ptolemy.moml.MoMLSimpleApplication@59637955
----------------- Done invoking toplevel() on ptolemy.moml.MoMLSimpleApplication@59637955
reloadAllAccessors: .StringConstant

===========================================================================================
----------------- testing Fri Dec 06 06:18:38 UTC 2019 /home/travis/build/icyphy/ptII/ptolemy/actor/lib/test/auto/SubscriberPortInitialValues1.xml
----------------- Instantiating /home/travis/build/icyphy/ptII/ptolemy/actor/lib/test/auto/SubscriberPortInitialValues1.xml
6 ms. Memory: 507904K Free: 210366K (41%)
----------------- Invoking toplevel() on ptolemy.moml.MoMLSimpleApplication@4a95fa3a
----------------- Done invoking toplevel() on ptolemy.moml.MoMLSimpleApplication@4a95fa3a
reloadAllAccessors: .SubscriberPortInitialValues1

===========================================================================================
----------------- testing Fri Dec 06 06:18:38 UTC 2019 /home/travis/build/icyphy/ptII/ptolemy/actor/lib/test/auto/SubscriberPortInitialValues13.xml
----------------- Instantiating /home/travis/build/icyphy/ptII/ptolemy/actor/lib/test/auto/SubscriberPortInitialValues13.xml
5 ms. Memory: 507904K Free: 198078K (39%)
----------------- Invoking toplevel() on ptolemy.moml.MoMLSimpleApplication@15db2650
----------------- Done invoking toplevel() on ptolemy.moml.MoMLSimpleApplication@15db2650
reloadAllAccessors: .SubscriberPortInitialValues13

===========================================================================================
----------------- testing Fri Dec 06 06:18:38 UTC 2019 /home/travis/build/icyphy/ptII/ptolemy/actor/lib/test/auto/SubscriberPortInitialValues14.xml
----------------- Instantiating /home/travis/build/icyphy/ptII/ptolemy/actor/lib/test/auto/SubscriberPortInitialValues14.xml
4 ms. Memory: 507904K Free: 190400K (37%)
----------------- Invoking toplevel() on ptolemy.moml.MoMLSimpleApplication@7e2f7c51
----------------- Done invoking toplevel() on ptolemy.moml.MoMLSimpleApplication@7e2f7c51
reloadAllAccessors: .SubscriberPortInitialValues14

===========================================================================================
----------------- testing Fri Dec 06 06:18:38 UTC 2019 /home/travis/build/icyphy/ptII/ptolemy/actor/lib/test/auto/SubscriberPortInitialValues2.xml
----------------- Instantiating /home/travis/build/icyphy/ptII/ptolemy/actor/lib/test/auto/SubscriberPortInitialValues2.xml
6 ms. Memory: 507904K Free: 182208K (36%)
----------------- Invoking toplevel() on ptolemy.moml.MoMLSimpleApplication@33b3f3eb
----------------- Done invoking toplevel() on ptolemy.moml.MoMLSimpleApplication@33b3f3eb
reloadAllAccessors: .SubscriberPortInitialValues2

===========================================================================================
----------------- testing Fri Dec 06 06:18:38 UTC 2019 /home/travis/build/icyphy/ptII/ptolemy/actor/lib/test/auto/SubscriberPortInitialValues3.xml
----------------- Instantiating /home/travis/build/icyphy/ptII/ptolemy/actor/lib/test/auto/SubscriberPortInitialValues3.xml
4 ms. Memory: 507904K Free: 171454K (34%)
----------------- Invoking toplevel() on ptolemy.moml.MoMLSimpleApplication@5954d5e1
----------------- Done invoking toplevel() on ptolemy.moml.MoMLSimpleApplication@5954d5e1
reloadAllAccessors: .SubscriberPortInitialValues3

===========================================================================================
----------------- testing Fri Dec 06 06:18:38 UTC 2019 /home/travis/build/icyphy/ptII/ptolemy/actor/lib/test/auto/SubscriptionAggregator.xml
----------------- Instantiating /home/travis/build/icyphy/ptII/ptolemy/actor/lib/test/auto/SubscriptionAggregator.xml
3 ms. Memory: 507904K Free: 164800K (32%)
----------------- Invoking toplevel() on ptolemy.moml.MoMLSimpleApplication@3b6ca9a9
----------------- Done invoking toplevel() on ptolemy.moml.MoMLSimpleApplication@3b6ca9a9
reloadAllAccessors: .SubscriptionAggregator

===========================================================================================
----------------- testing Fri Dec 06 06:18:38 UTC 2019 /home/travis/build/icyphy/ptII/ptolemy/actor/lib/test/auto/SubscriptionAggregator2.xml
----------------- Instantiating /home/travis/build/icyphy/ptII/ptolemy/actor/lib/test/auto/SubscriptionAggregator2.xml
15 ms. Memory: 507904K Free: 457761K (90%)
----------------- Invoking toplevel() on ptolemy.moml.MoMLSimpleApplication@2095ddbf
----------------- Done invoking toplevel() on ptolemy.moml.MoMLSimpleApplication@2095ddbf
reloadAllAccessors: .SubscriptionAggregator2

===========================================================================================
----------------- testing Fri Dec 06 06:18:38 UTC 2019 /home/travis/build/icyphy/ptII/ptolemy/actor/lib/test/auto/SubscriptionAggregator3.xml
----------------- Instantiating /home/travis/build/icyphy/ptII/ptolemy/actor/lib/test/auto/SubscriptionAggregator3.xml
3 ms. Memory: 507904K Free: 448545K (88%)
----------------- Invoking toplevel() on ptolemy.moml.MoMLSimpleApplication@1d245ec4
----------------- Done invoking toplevel() on ptolemy.moml.MoMLSimpleApplication@1d245ec4
reloadAllAccessors: .SubscriptionAggregator3

===========================================================================================
----------------- testing Fri Dec 06 06:18:38 UTC 2019 /home/travis/build/icyphy/ptII/ptolemy/actor/lib/test/auto/SubscriptionAggregatorMultiply.xml
----------------- Instantiating /home/travis/build/icyphy/ptII/ptolemy/actor/lib/test/auto/SubscriptionAggregatorMultiply.xml
10 ms. Memory: 507904K Free: 439849K (87%)
----------------- Invoking toplevel() on ptolemy.moml.MoMLSimpleApplication@47e1a4ab
----------------- Done invoking toplevel() on ptolemy.moml.MoMLSimpleApplication@47e1a4ab
reloadAllAccessors: .SubscriptionAggregatorMultiply

===========================================================================================
----------------- testing Fri Dec 06 06:18:38 UTC 2019 /home/travis/build/icyphy/ptII/ptolemy/actor/lib/test/auto/SubscriptionAggregatorPortMultiply1.xml
----------------- Instantiating /home/travis/build/icyphy/ptII/ptolemy/actor/lib/test/auto/SubscriptionAggregatorPortMultiply1.xml
3 ms. Memory: 507904K Free: 432167K (85%)
----------------- Invoking toplevel() on ptolemy.moml.MoMLSimpleApplication@7b93d6cc
----------------- Done invoking toplevel() on ptolemy.moml.MoMLSimpleApplication@7b93d6cc
reloadAllAccessors: .SubscriptionAggregatorPortMultiply1

===========================================================================================
----------------- testing Fri Dec 06 06:18:38 UTC 2019 /home/travis/build/icyphy/ptII/ptolemy/actor/lib/test/auto/Switch.xml
----------------- Instantiating /home/travis/build/icyphy/ptII/ptolemy/actor/lib/test/auto/Switch.xml
7 ms. Memory: 507904K Free: 423975K (83%)
----------------- Invoking toplevel() on ptolemy.moml.MoMLSimpleApplication@1ae8c061
----------------- Done invoking toplevel() on ptolemy.moml.MoMLSimpleApplication@1ae8c061
reloadAllAccessors: .Switch

===========================================================================================
----------------- testing Fri Dec 06 06:18:38 UTC 2019 /home/travis/build/icyphy/ptII/ptolemy/actor/lib/test/auto/Switch2.xml
----------------- Instantiating /home/travis/build/icyphy/ptII/ptolemy/actor/lib/test/auto/Switch2.xml
1 ms. Memory: 507904K Free: 419369K (83%)
----------------- Invoking toplevel() on ptolemy.moml.MoMLSimpleApplication@7632096e
----------------- Done invoking toplevel() on ptolemy.moml.MoMLSimpleApplication@7632096e
reloadAllAccessors: .Switch2

===========================================================================================
----------------- testing Fri Dec 06 06:18:38 UTC 2019 /home/travis/build/icyphy/ptII/ptolemy/actor/lib/test/auto/SwitchDE.xml
----------------- Instantiating /home/travis/build/icyphy/ptII/ptolemy/actor/lib/test/auto/SwitchDE.xml
3 ms. Memory: 507904K Free: 413225K (81%)
----------------- Invoking toplevel() on ptolemy.moml.MoMLSimpleApplication@58344ae0
----------------- Done invoking toplevel() on ptolemy.moml.MoMLSimpleApplication@58344ae0
reloadAllAccessors: .SwitchDE

===========================================================================================
----------------- testing Fri Dec 06 06:18:38 UTC 2019 /home/travis/build/icyphy/ptII/ptolemy/actor/lib/test/auto/SynchronizerDE.xml
----------------- Instantiating /home/travis/build/icyphy/ptII/ptolemy/actor/lib/test/auto/SynchronizerDE.xml
5 ms. Memory: 507904K Free: 405033K (80%)
----------------- Invoking toplevel() on ptolemy.moml.MoMLSimpleApplication@381cae31
----------------- Done invoking toplevel() on ptolemy.moml.MoMLSimpleApplication@381cae31
reloadAllAccessors: .SynchronizerDE

===========================================================================================
----------------- testing Fri Dec 06 06:18:38 UTC 2019 /home/travis/build/icyphy/ptII/ptolemy/actor/lib/test/auto/Test.xml
----------------- Instantiating /home/travis/build/icyphy/ptII/ptolemy/actor/lib/test/auto/Test.xml
4 ms. Memory: 507904K Free: 399385K (79%)
----------------- Invoking toplevel() on ptolemy.moml.MoMLSimpleApplication@4722fb35
----------------- Done invoking toplevel() on ptolemy.moml.MoMLSimpleApplication@4722fb35
reloadAllAccessors: .Test

===========================================================================================
----------------- testing Fri Dec 06 06:18:38 UTC 2019 /home/travis/build/icyphy/ptII/ptolemy/actor/lib/test/auto/TestExceptionAttribute1.xml
----------------- Instantiating /home/travis/build/icyphy/ptII/ptolemy/actor/lib/test/auto/TestExceptionAttribute1.xml
1 ms. Memory: 507904K Free: 395817K (78%)
----------------- Invoking toplevel() on ptolemy.moml.MoMLSimpleApplication@436c1497
----------------- Done invoking toplevel() on ptolemy.moml.MoMLSimpleApplication@436c1497
reloadAllAccessors: .TestExceptionAttribute1

===========================================================================================
----------------- testing Fri Dec 06 06:18:38 UTC 2019 /home/travis/build/icyphy/ptII/ptolemy/actor/lib/test/auto/TestExceptionAttribute2.xml
----------------- Instantiating /home/travis/build/icyphy/ptII/ptolemy/actor/lib/test/auto/TestExceptionAttribute2.xml
1 ms. Memory: 507904K Free: 392231K (77%)
----------------- Invoking toplevel() on ptolemy.moml.MoMLSimpleApplication@71d82c89
----------------- Done invoking toplevel() on ptolemy.moml.MoMLSimpleApplication@71d82c89
reloadAllAccessors: .TestExceptionAttribute2

===========================================================================================
----------------- testing Fri Dec 06 06:18:38 UTC 2019 /home/travis/build/icyphy/ptII/ptolemy/actor/lib/test/auto/TestExceptionAttribute3.xml
----------------- Instantiating /home/travis/build/icyphy/ptII/ptolemy/actor/lib/test/auto/TestExceptionAttribute3.xml
.TestExceptionAttribute3.TestExceptionAttribute: initialize() was not invoked, but wrapup() was.  This is unusual, but not always a problem.  For example, exporting JNLP will do this.
0 ms. Memory: 507904K Free: 388649K (77%)
----------------- Invoking toplevel() on ptolemy.moml.MoMLSimpleApplication@619dca53
----------------- Done invoking toplevel() on ptolemy.moml.MoMLSimpleApplication@619dca53
reloadAllAccessors: .TestExceptionAttribute3

===========================================================================================
----------------- testing Fri Dec 06 06:18:38 UTC 2019 /home/travis/build/icyphy/ptII/ptolemy/actor/lib/test/auto/TestExceptionAttribute4.xml
----------------- Instantiating /home/travis/build/icyphy/ptII/ptolemy/actor/lib/test/auto/TestExceptionAttribute4.xml
.TestExceptionAttribute4.TestExceptionAttribute: initialize() was not invoked, but wrapup() was.  This is unusual, but not always a problem.  For example, exporting JNLP will do this.
.TestExceptionAttribute4.TestExceptionAttribute2: initialize() was not invoked, but wrapup() was.  This is unusual, but not always a problem.  For example, exporting JNLP will do this.
1 ms. Memory: 507904K Free: 384553K (76%)
----------------- Invoking toplevel() on ptolemy.moml.MoMLSimpleApplication@7bd4115c
----------------- Done invoking toplevel() on ptolemy.moml.MoMLSimpleApplication@7bd4115c
reloadAllAccessors: .TestExceptionAttribute4

===========================================================================================
----------------- testing Fri Dec 06 06:18:38 UTC 2019 /home/travis/build/icyphy/ptII/ptolemy/actor/lib/test/auto/TestExceptionHandler1.xml
----------------- Instantiating /home/travis/build/icyphy/ptII/ptolemy/actor/lib/test/auto/TestExceptionHandler1.xml
1 ms. Memory: 507904K Free: 380967K (75%)
----------------- Invoking toplevel() on ptolemy.moml.MoMLSimpleApplication@631400c1
----------------- Done invoking toplevel() on ptolemy.moml.MoMLSimpleApplication@631400c1
reloadAllAccessors: .TestExceptionHandler1

===========================================================================================
----------------- testing Fri Dec 06 06:18:38 UTC 2019 /home/travis/build/icyphy/ptII/ptolemy/actor/lib/test/auto/TestExceptionHandler2.xml
----------------- Instantiating /home/travis/build/icyphy/ptII/ptolemy/actor/lib/test/auto/TestExceptionHandler2.xml
1 ms. Memory: 507904K Free: 377385K (74%)
----------------- Invoking toplevel() on ptolemy.moml.MoMLSimpleApplication@74135f56
----------------- Done invoking toplevel() on ptolemy.moml.MoMLSimpleApplication@74135f56
reloadAllAccessors: .TestExceptionHandler2

===========================================================================================
----------------- testing Fri Dec 06 06:18:38 UTC 2019 /home/travis/build/icyphy/ptII/ptolemy/actor/lib/test/auto/TestExceptionHandler3.xml
----------------- Instantiating /home/travis/build/icyphy/ptII/ptolemy/actor/lib/test/auto/TestExceptionHandler3.xml
0 ms. Memory: 507904K Free: 373799K (74%)
----------------- Invoking toplevel() on ptolemy.moml.MoMLSimpleApplication@4a9bba27
----------------- Done invoking toplevel() on ptolemy.moml.MoMLSimpleApplication@4a9bba27
reloadAllAccessors: .TestExceptionHandler3

===========================================================================================
----------------- testing Fri Dec 06 06:18:38 UTC 2019 /home/travis/build/icyphy/ptII/ptolemy/actor/lib/test/auto/TestExceptionHandler4.xml
----------------- Instantiating /home/travis/build/icyphy/ptII/ptolemy/actor/lib/test/auto/TestExceptionHandler4.xml
0 ms. Memory: 507904K Free: 369703K (73%)
----------------- Invoking toplevel() on ptolemy.moml.MoMLSimpleApplication@37c53b6e
----------------- Done invoking toplevel() on ptolemy.moml.MoMLSimpleApplication@37c53b6e
reloadAllAccessors: .TestExceptionHandler4

===========================================================================================
----------------- testing Fri Dec 06 06:18:38 UTC 2019 /home/travis/build/icyphy/ptII/ptolemy/actor/lib/test/auto/TestRequireCorrectOrder.xml
----------------- Instantiating /home/travis/build/icyphy/ptII/ptolemy/actor/lib/test/auto/TestRequireCorrectOrder.xml
2 ms. Memory: 507904K Free: 364553K (72%)
----------------- Invoking toplevel() on ptolemy.moml.MoMLSimpleApplication@36d86e8a
----------------- Done invoking toplevel() on ptolemy.moml.MoMLSimpleApplication@36d86e8a
reloadAllAccessors: .TestRequireCorrectOrder

===========================================================================================
----------------- testing Fri Dec 06 06:18:38 UTC 2019 /home/travis/build/icyphy/ptII/ptolemy/actor/lib/test/auto/TestSimple.xml
----------------- Instantiating /home/travis/build/icyphy/ptII/ptolemy/actor/lib/test/auto/TestSimple.xml
1 ms. Memory: 507904K Free: 360487K (71%)
----------------- Invoking toplevel() on ptolemy.moml.MoMLSimpleApplication@5a3cc0ab
----------------- Done invoking toplevel() on ptolemy.moml.MoMLSimpleApplication@5a3cc0ab
reloadAllAccessors: .TestSimple

===========================================================================================
----------------- testing Fri Dec 06 06:18:38 UTC 2019 /home/travis/build/icyphy/ptII/ptolemy/actor/lib/test/auto/ThrowModelError.xml
----------------- Instantiating /home/travis/build/icyphy/ptII/ptolemy/actor/lib/test/auto/ThrowModelError.xml
1 ms. Memory: 507904K Free: 355367K (70%)
----------------- Invoking toplevel() on ptolemy.moml.MoMLSimpleApplication@1ab15bb4
----------------- Done invoking toplevel() on ptolemy.moml.MoMLSimpleApplication@1ab15bb4
reloadAllAccessors: .ThrowModelError

===========================================================================================
----------------- testing Fri Dec 06 06:18:38 UTC 2019 /home/travis/build/icyphy/ptII/ptolemy/actor/lib/test/auto/TimeDelayMicrosteps.xml
----------------- Instantiating /home/travis/build/icyphy/ptII/ptolemy/actor/lib/test/auto/TimeDelayMicrosteps.xml
2 ms. Memory: 507904K Free: 348713K (69%)
----------------- Invoking toplevel() on ptolemy.moml.MoMLSimpleApplication@701a2573
----------------- Done invoking toplevel() on ptolemy.moml.MoMLSimpleApplication@701a2573
reloadAllAccessors: .TimeDelayMicrosteps

===========================================================================================
----------------- testing Fri Dec 06 06:18:38 UTC 2019 /home/travis/build/icyphy/ptII/ptolemy/actor/lib/test/auto/TimeDelayMicrosteps2.xml
----------------- Instantiating /home/travis/build/icyphy/ptII/ptolemy/actor/lib/test/auto/TimeDelayMicrosteps2.xml
3 ms. Memory: 507904K Free: 341545K (67%)
----------------- Invoking toplevel() on ptolemy.moml.MoMLSimpleApplication@42e03ce7
----------------- Done invoking toplevel() on ptolemy.moml.MoMLSimpleApplication@42e03ce7
reloadAllAccessors: .TimeDelayMicrosteps2

===========================================================================================
----------------- testing Fri Dec 06 06:18:38 UTC 2019 /home/travis/build/icyphy/ptII/ptolemy/actor/lib/test/auto/TimeDelayMicrosteps3.xml
----------------- Instantiating /home/travis/build/icyphy/ptII/ptolemy/actor/lib/test/auto/TimeDelayMicrosteps3.xml
2 ms. Memory: 507904K Free: 334857K (66%)
----------------- Invoking toplevel() on ptolemy.moml.MoMLSimpleApplication@3c4ed933
----------------- Done invoking toplevel() on ptolemy.moml.MoMLSimpleApplication@3c4ed933
reloadAllAccessors: .TimeDelayMicrosteps3

===========================================================================================
----------------- testing Fri Dec 06 06:18:38 UTC 2019 /home/travis/build/icyphy/ptII/ptolemy/actor/lib/test/auto/TimeDelayVariableMicrosteps.xml
----------------- Instantiating /home/travis/build/icyphy/ptII/ptolemy/actor/lib/test/auto/TimeDelayVariableMicrosteps.xml
2 ms. Memory: 507904K Free: 328233K (65%)
----------------- Invoking toplevel() on ptolemy.moml.MoMLSimpleApplication@9932197
----------------- Done invoking toplevel() on ptolemy.moml.MoMLSimpleApplication@9932197
reloadAllAccessors: .TimeDelayVariableMicrosteps

===========================================================================================
----------------- testing Fri Dec 06 06:18:38 UTC 2019 /home/travis/build/icyphy/ptII/ptolemy/actor/lib/test/auto/TimeGap.xml
----------------- Instantiating /home/travis/build/icyphy/ptII/ptolemy/actor/lib/test/auto/TimeGap.xml
3 ms. Memory: 507904K Free: 323113K (64%)
----------------- Invoking toplevel() on ptolemy.moml.MoMLSimpleApplication@147e849a
----------------- Done invoking toplevel() on ptolemy.moml.MoMLSimpleApplication@147e849a
reloadAllAccessors: .TimeGap

===========================================================================================
----------------- testing Fri Dec 06 06:18:38 UTC 2019 /home/travis/build/icyphy/ptII/ptolemy/actor/lib/test/auto/TimeGap2.xml
----------------- Instantiating /home/travis/build/icyphy/ptII/ptolemy/actor/lib/test/auto/TimeGap2.xml
2 ms. Memory: 507904K Free: 317473K (63%)
----------------- Invoking toplevel() on ptolemy.moml.MoMLSimpleApplication@21324bd1
----------------- Done invoking toplevel() on ptolemy.moml.MoMLSimpleApplication@21324bd1
reloadAllAccessors: .TimeGap2

===========================================================================================
----------------- testing Fri Dec 06 06:18:38 UTC 2019 /home/travis/build/icyphy/ptII/ptolemy/actor/lib/test/auto/TimedSinewave.xml
----------------- Instantiating /home/travis/build/icyphy/ptII/ptolemy/actor/lib/test/auto/TimedSinewave.xml
21 ms. Memory: 507904K Free: 303143K (60%)
----------------- Invoking toplevel() on ptolemy.moml.MoMLSimpleApplication@31327771
----------------- Done invoking toplevel() on ptolemy.moml.MoMLSimpleApplication@31327771
reloadAllAccessors: .TimedSinewave

===========================================================================================
----------------- testing Fri Dec 06 06:18:39 UTC 2019 /home/travis/build/icyphy/ptII/ptolemy/actor/lib/test/auto/TimedSinewavePhase.xml
----------------- Instantiating /home/travis/build/icyphy/ptII/ptolemy/actor/lib/test/auto/TimedSinewavePhase.xml
8 ms. Memory: 507904K Free: 293417K (58%)
----------------- Invoking toplevel() on ptolemy.moml.MoMLSimpleApplication@b1ff81d
----------------- Done invoking toplevel() on ptolemy.moml.MoMLSimpleApplication@b1ff81d
reloadAllAccessors: .TimedSinewavePhase

===========================================================================================
----------------- testing Fri Dec 06 06:18:39 UTC 2019 /home/travis/build/icyphy/ptII/ptolemy/actor/lib/test/auto/Timer.xml
----------------- Instantiating /home/travis/build/icyphy/ptII/ptolemy/actor/lib/test/auto/Timer.xml
1 ms. Memory: 507904K Free: 287273K (57%)
----------------- Invoking toplevel() on ptolemy.moml.MoMLSimpleApplication@4fea42b4
----------------- Done invoking toplevel() on ptolemy.moml.MoMLSimpleApplication@4fea42b4
reloadAllAccessors: .Timer

===========================================================================================
----------------- testing Fri Dec 06 06:18:39 UTC 2019 /home/travis/build/icyphy/ptII/ptolemy/actor/lib/test/auto/TriangularDistTestModel.xml
----------------- Instantiating /home/travis/build/icyphy/ptII/ptolemy/actor/lib/test/auto/TriangularDistTestModel.xml
1 ms. Memory: 507904K Free: 281625K (55%)
----------------- Invoking toplevel() on ptolemy.moml.MoMLSimpleApplication@2b8a4bc2
----------------- Done invoking toplevel() on ptolemy.moml.MoMLSimpleApplication@2b8a4bc2
reloadAllAccessors: .TriangularDistTestModel

===========================================================================================
----------------- testing Fri Dec 06 06:18:39 UTC 2019 /home/travis/build/icyphy/ptII/ptolemy/actor/lib/test/auto/TrigFunction.xml
----------------- Instantiating /home/travis/build/icyphy/ptII/ptolemy/actor/lib/test/auto/TrigFunction.xml
1 ms. Memory: 507904K Free: 277033K (55%)
----------------- Invoking toplevel() on ptolemy.moml.MoMLSimpleApplication@2ea11de
----------------- Done invoking toplevel() on ptolemy.moml.MoMLSimpleApplication@2ea11de
reloadAllAccessors: .TrigFunction

===========================================================================================
----------------- testing Fri Dec 06 06:18:39 UTC 2019 /home/travis/build/icyphy/ptII/ptolemy/actor/lib/test/auto/TrigFunctionDE.xml
----------------- Instantiating /home/travis/build/icyphy/ptII/ptolemy/actor/lib/test/auto/TrigFunctionDE.xml
1 ms. Memory: 507904K Free: 271399K (53%)
----------------- Invoking toplevel() on ptolemy.moml.MoMLSimpleApplication@11b4cebc
----------------- Done invoking toplevel() on ptolemy.moml.MoMLSimpleApplication@11b4cebc
reloadAllAccessors: .TrigFunctionDE

===========================================================================================
----------------- testing Fri Dec 06 06:18:39 UTC 2019 /home/travis/build/icyphy/ptII/ptolemy/actor/lib/test/auto/TrigFunctionInverse.xml
----------------- Instantiating /home/travis/build/icyphy/ptII/ptolemy/actor/lib/test/auto/TrigFunctionInverse.xml
1 ms. Memory: 507904K Free: 266279K (52%)
----------------- Invoking toplevel() on ptolemy.moml.MoMLSimpleApplication@37c8a81f
----------------- Done invoking toplevel() on ptolemy.moml.MoMLSimpleApplication@37c8a81f
reloadAllAccessors: .TrigFunctionInverse

===========================================================================================
----------------- testing Fri Dec 06 06:18:39 UTC 2019 /home/travis/build/icyphy/ptII/ptolemy/actor/lib/test/auto/TrigFunctionTan.xml
----------------- Instantiating /home/travis/build/icyphy/ptII/ptolemy/actor/lib/test/auto/TrigFunctionTan.xml
1 ms. Memory: 507904K Free: 261673K (52%)
----------------- Invoking toplevel() on ptolemy.moml.MoMLSimpleApplication@3308ad3d
----------------- Done invoking toplevel() on ptolemy.moml.MoMLSimpleApplication@3308ad3d
reloadAllAccessors: .TrigFunctionTan

===========================================================================================
----------------- testing Fri Dec 06 06:18:39 UTC 2019 /home/travis/build/icyphy/ptII/ptolemy/actor/lib/test/auto/TriggeredClock.xml
----------------- Instantiating /home/travis/build/icyphy/ptII/ptolemy/actor/lib/test/auto/TriggeredClock.xml
1 ms. Memory: 507904K Free: 256553K (51%)
----------------- Invoking toplevel() on ptolemy.moml.MoMLSimpleApplication@433e69f3
----------------- Done invoking toplevel() on ptolemy.moml.MoMLSimpleApplication@433e69f3
reloadAllAccessors: .TriggeredClock

===========================================================================================
----------------- testing Fri Dec 06 06:18:39 UTC 2019 /home/travis/build/icyphy/ptII/ptolemy/actor/lib/test/auto/URLDirectoryReader.xml
----------------- Instantiating /home/travis/build/icyphy/ptII/ptolemy/actor/lib/test/auto/URLDirectoryReader.xml
25 ms. Memory: 507904K Free: 246823K (49%)
----------------- Invoking toplevel() on ptolemy.moml.MoMLSimpleApplication@2fde7019
----------------- Done invoking toplevel() on ptolemy.moml.MoMLSimpleApplication@2fde7019
reloadAllAccessors: .URLDirectoryReader

===========================================================================================
----------------- testing Fri Dec 06 06:18:39 UTC 2019 /home/travis/build/icyphy/ptII/ptolemy/actor/lib/test/auto/URLDirectoryReader3.xml
----------------- Instantiating /home/travis/build/icyphy/ptII/ptolemy/actor/lib/test/auto/URLDirectoryReader3.xml
1098 ms. Memory: 507904K Free: 450048K (89%)
----------------- Invoking toplevel() on ptolemy.moml.MoMLSimpleApplication@284563f3
----------------- Done invoking toplevel() on ptolemy.moml.MoMLSimpleApplication@284563f3
reloadAllAccessors: .URLDirectoryReader3

===========================================================================================
----------------- testing Fri Dec 06 06:18:40 UTC 2019 /home/travis/build/icyphy/ptII/ptolemy/actor/lib/test/auto/UnaryMathFunction.xml
----------------- Instantiating /home/travis/build/icyphy/ptII/ptolemy/actor/lib/test/auto/UnaryMathFunction.xml
4 ms. Memory: 507904K Free: 442366K (87%)
----------------- Invoking toplevel() on ptolemy.moml.MoMLSimpleApplication@4221eb4d
----------------- Done invoking toplevel() on ptolemy.moml.MoMLSimpleApplication@4221eb4d
reloadAllAccessors: .UnaryMathFunction

===========================================================================================
----------------- testing Fri Dec 06 06:18:40 UTC 2019 /home/travis/build/icyphy/ptII/ptolemy/actor/lib/test/auto/Uniform.xml
----------------- Instantiating /home/travis/build/icyphy/ptII/ptolemy/actor/lib/test/auto/Uniform.xml
5 ms. Memory: 507904K Free: 437760K (86%)
----------------- Invoking toplevel() on ptolemy.moml.MoMLSimpleApplication@7f42acb3
----------------- Done invoking toplevel() on ptolemy.moml.MoMLSimpleApplication@7f42acb3
reloadAllAccessors: .Uniform

===========================================================================================
----------------- testing Fri Dec 06 06:18:40 UTC 2019 /home/travis/build/icyphy/ptII/ptolemy/actor/lib/test/auto/UnionDisassemblerTest.xml
----------------- Instantiating /home/travis/build/icyphy/ptII/ptolemy/actor/lib/test/auto/UnionDisassemblerTest.xml
19 ms. Memory: 507904K Free: 434174K (85%)
----------------- Invoking toplevel() on ptolemy.moml.MoMLSimpleApplication@298ce430
----------------- Done invoking toplevel() on ptolemy.moml.MoMLSimpleApplication@298ce430
reloadAllAccessors: .UnionDisassemblerTest

===========================================================================================
----------------- testing Fri Dec 06 06:18:40 UTC 2019 /home/travis/build/icyphy/ptII/ptolemy/actor/lib/test/auto/UtilityFunctions.xml
----------------- Instantiating /home/travis/build/icyphy/ptII/ptolemy/actor/lib/test/auto/UtilityFunctions.xml
1 ms. Memory: 507904K Free: 429568K (85%)
----------------- Invoking toplevel() on ptolemy.moml.MoMLSimpleApplication@c3b175a
----------------- Done invoking toplevel() on ptolemy.moml.MoMLSimpleApplication@c3b175a
reloadAllAccessors: .UtilityFunctions

===========================================================================================
----------------- testing Fri Dec 06 06:18:40 UTC 2019 /home/travis/build/icyphy/ptII/ptolemy/actor/lib/test/auto/VariableSleep.xml
----------------- Instantiating /home/travis/build/icyphy/ptII/ptolemy/actor/lib/test/auto/VariableSleep.xml
503 ms. Memory: 507904K Free: 424448K (84%)
----------------- Invoking toplevel() on ptolemy.moml.MoMLSimpleApplication@23e4838f
----------------- Done invoking toplevel() on ptolemy.moml.MoMLSimpleApplication@23e4838f
reloadAllAccessors: .VariableSleep

===========================================================================================
----------------- testing Fri Dec 06 06:18:41 UTC 2019 /home/travis/build/icyphy/ptII/ptolemy/actor/lib/test/auto/VectorAssemblerDisassemblerCT.xml
----------------- Instantiating /home/travis/build/icyphy/ptII/ptolemy/actor/lib/test/auto/VectorAssemblerDisassemblerCT.xml
74 ms. Memory: 507904K Free: 404478K (80%)
----------------- Invoking toplevel() on ptolemy.moml.MoMLSimpleApplication@7a74e144
----------------- Done invoking toplevel() on ptolemy.moml.MoMLSimpleApplication@7a74e144
reloadAllAccessors: .VectorAssemblerDisassemblerCT

===========================================================================================
----------------- testing Fri Dec 06 06:18:41 UTC 2019 /home/travis/build/icyphy/ptII/ptolemy/actor/lib/test/auto/VectorAssemblerDisassemblerDE.xml
----------------- Instantiating /home/travis/build/icyphy/ptII/ptolemy/actor/lib/test/auto/VectorAssemblerDisassemblerDE.xml
2 ms. Memory: 507904K Free: 397310K (78%)
----------------- Invoking toplevel() on ptolemy.moml.MoMLSimpleApplication@2300d7ea
----------------- Done invoking toplevel() on ptolemy.moml.MoMLSimpleApplication@2300d7ea
reloadAllAccessors: .VectorAssemblerDisassemblerDE

===========================================================================================
----------------- testing Fri Dec 06 06:18:41 UTC 2019 /home/travis/build/icyphy/ptII/ptolemy/actor/lib/test/auto/VectorAssemblerDisassemblerSDF.xml
----------------- Instantiating /home/travis/build/icyphy/ptII/ptolemy/actor/lib/test/auto/VectorAssemblerDisassemblerSDF.xml
5 ms. Memory: 507904K Free: 390656K (77%)
----------------- Invoking toplevel() on ptolemy.moml.MoMLSimpleApplication@168956eb
----------------- Done invoking toplevel() on ptolemy.moml.MoMLSimpleApplication@168956eb
reloadAllAccessors: .VectorAssemblerDisassemblerSDF

===========================================================================================
----------------- testing Fri Dec 06 06:18:41 UTC 2019 /home/travis/build/icyphy/ptII/ptolemy/actor/lib/test/auto/WallClockTime.xml
----------------- Instantiating /home/travis/build/icyphy/ptII/ptolemy/actor/lib/test/auto/WallClockTime.xml
1004 ms. Memory: 507904K Free: 385536K (76%)
----------------- Invoking toplevel() on ptolemy.moml.MoMLSimpleApplication@7be51159
----------------- Done invoking toplevel() on ptolemy.moml.MoMLSimpleApplication@7be51159
reloadAllAccessors: .WallClockTime

===========================================================================================
----------------- testing Fri Dec 06 06:18:42 UTC 2019 /home/travis/build/icyphy/ptII/ptolemy/actor/lib/test/auto/WidthTestWithSubscriberPublisher.xml
----------------- Instantiating /home/travis/build/icyphy/ptII/ptolemy/actor/lib/test/auto/WidthTestWithSubscriberPublisher.xml
7 ms. Memory: 507904K Free: 366590K (72%)
----------------- Invoking toplevel() on ptolemy.moml.MoMLSimpleApplication@af90574
----------------- Done invoking toplevel() on ptolemy.moml.MoMLSimpleApplication@af90574
reloadAllAccessors: .WidthTestWithSubscriberPublisher

===========================================================================================
----------------- testing Fri Dec 06 06:18:42 UTC 2019 /home/travis/build/icyphy/ptII/ptolemy/actor/lib/test/auto/WidthTestWithSubscriberPublisher2.xml
----------------- Instantiating /home/travis/build/icyphy/ptII/ptolemy/actor/lib/test/auto/WidthTestWithSubscriberPublisher2.xml
1 ms. Memory: 507904K Free: 360446K (71%)
----------------- Invoking toplevel() on ptolemy.moml.MoMLSimpleApplication@32283be7
----------------- Done invoking toplevel() on ptolemy.moml.MoMLSimpleApplication@32283be7
reloadAllAccessors: .WidthTestWithSubscriberPublisher2

===========================================================================================
----------------- testing Fri Dec 06 06:18:42 UTC 2019 /home/travis/build/icyphy/ptII/ptolemy/actor/lib/test/auto/WidthTestWithSubscriberPublisher3.xml
----------------- Instantiating /home/travis/build/icyphy/ptII/ptolemy/actor/lib/test/auto/WidthTestWithSubscriberPublisher3.xml
1 ms. Memory: 507904K Free: 354816K (70%)
----------------- Invoking toplevel() on ptolemy.moml.MoMLSimpleApplication@272edaac
----------------- Done invoking toplevel() on ptolemy.moml.MoMLSimpleApplication@272edaac
reloadAllAccessors: .WidthTestWithSubscriberPublisher3

===========================================================================================
----------------- testing Fri Dec 06 06:18:42 UTC 2019 /home/travis/build/icyphy/ptII/ptolemy/actor/lib/test/auto/Writer.xml
----------------- Instantiating /home/travis/build/icyphy/ptII/ptolemy/actor/lib/test/auto/Writer.xml
0
1
2
3
4
1 ms. Memory: 507904K Free: 350720K (69%)
----------------- Invoking toplevel() on ptolemy.moml.MoMLSimpleApplication@7cd758d0
----------------- Done invoking toplevel() on ptolemy.moml.MoMLSimpleApplication@7cd758d0
reloadAllAccessors: .Writer

===========================================================================================
----------------- testing Fri Dec 06 06:18:42 UTC 2019 /home/travis/build/icyphy/ptII/ptolemy/actor/lib/test/auto/array.xml
----------------- Instantiating /home/travis/build/icyphy/ptII/ptolemy/actor/lib/test/auto/array.xml
3 ms. Memory: 507904K Free: 346110K (68%)
----------------- Invoking toplevel() on ptolemy.moml.MoMLSimpleApplication@422b041e
----------------- Done invoking toplevel() on ptolemy.moml.MoMLSimpleApplication@422b041e
reloadAllAccessors: .array

===========================================================================================
----------------- testing Fri Dec 06 06:18:42 UTC 2019 /home/travis/build/icyphy/ptII/ptolemy/actor/lib/test/auto/array2.xml
----------------- Instantiating /home/travis/build/icyphy/ptII/ptolemy/actor/lib/test/auto/array2.xml
4 ms. Memory: 507904K Free: 339456K (67%)
----------------- Invoking toplevel() on ptolemy.moml.MoMLSimpleApplication@116fe4ec
----------------- Done invoking toplevel() on ptolemy.moml.MoMLSimpleApplication@116fe4ec
reloadAllAccessors: .array2

===========================================================================================
----------------- testing Fri Dec 06 06:18:42 UTC 2019 /home/travis/build/icyphy/ptII/ptolemy/actor/lib/test/auto/arrayType.xml
----------------- Instantiating /home/travis/build/icyphy/ptII/ptolemy/actor/lib/test/auto/arrayType.xml
1 ms. Memory: 507904K Free: 334336K (66%)
----------------- Invoking toplevel() on ptolemy.moml.MoMLSimpleApplication@7c84706c
----------------- Done invoking toplevel() on ptolemy.moml.MoMLSimpleApplication@7c84706c
reloadAllAccessors: .arrayType

===========================================================================================
----------------- testing Fri Dec 06 06:18:42 UTC 2019 /home/travis/build/icyphy/ptII/ptolemy/actor/lib/test/auto/arrayType10.xml
----------------- Instantiating /home/travis/build/icyphy/ptII/ptolemy/actor/lib/test/auto/arrayType10.xml
1 ms. Memory: 507904K Free: 329726K (65%)
----------------- Invoking toplevel() on ptolemy.moml.MoMLSimpleApplication@b8f7a99
----------------- Done invoking toplevel() on ptolemy.moml.MoMLSimpleApplication@b8f7a99
reloadAllAccessors: .arrayType10

===========================================================================================
----------------- testing Fri Dec 06 06:18:42 UTC 2019 /home/travis/build/icyphy/ptII/ptolemy/actor/lib/test/auto/arrayType11.xml
----------------- Instantiating /home/travis/build/icyphy/ptII/ptolemy/actor/lib/test/auto/arrayType11.xml
2 ms. Memory: 507904K Free: 325120K (64%)
----------------- Invoking toplevel() on ptolemy.moml.MoMLSimpleApplication@56b15d7d
----------------- Done invoking toplevel() on ptolemy.moml.MoMLSimpleApplication@56b15d7d
reloadAllAccessors: .arrayType11

===========================================================================================
----------------- testing Fri Dec 06 06:18:42 UTC 2019 /home/travis/build/icyphy/ptII/ptolemy/actor/lib/test/auto/arrayType12.xml
----------------- Instantiating /home/travis/build/icyphy/ptII/ptolemy/actor/lib/test/auto/arrayType12.xml
1 ms. Memory: 507904K Free: 320000K (63%)
----------------- Invoking toplevel() on ptolemy.moml.MoMLSimpleApplication@74df3136
----------------- Done invoking toplevel() on ptolemy.moml.MoMLSimpleApplication@74df3136
reloadAllAccessors: .arrayType12

===========================================================================================
----------------- testing Fri Dec 06 06:18:42 UTC 2019 /home/travis/build/icyphy/ptII/ptolemy/actor/lib/test/auto/arrayType13.xml
----------------- Instantiating /home/travis/build/icyphy/ptII/ptolemy/actor/lib/test/auto/arrayType13.xml
1 ms. Memory: 507904K Free: 315390K (62%)
----------------- Invoking toplevel() on ptolemy.moml.MoMLSimpleApplication@323b4b86
----------------- Done invoking toplevel() on ptolemy.moml.MoMLSimpleApplication@323b4b86
reloadAllAccessors: .arrayType13

===========================================================================================
----------------- testing Fri Dec 06 06:18:42 UTC 2019 /home/travis/build/icyphy/ptII/ptolemy/actor/lib/test/auto/arrayType14.xml
----------------- Instantiating /home/travis/build/icyphy/ptII/ptolemy/actor/lib/test/auto/arrayType14.xml
1 ms. Memory: 507904K Free: 309760K (61%)
----------------- Invoking toplevel() on ptolemy.moml.MoMLSimpleApplication@80ee177
----------------- Done invoking toplevel() on ptolemy.moml.MoMLSimpleApplication@80ee177
reloadAllAccessors: .arrayType14

===========================================================================================
----------------- testing Fri Dec 06 06:18:42 UTC 2019 /home/travis/build/icyphy/ptII/ptolemy/actor/lib/test/auto/arrayType15.xml
----------------- Instantiating /home/travis/build/icyphy/ptII/ptolemy/actor/lib/test/auto/arrayType15.xml
3 ms. Memory: 507904K Free: 305150K (60%)
----------------- Invoking toplevel() on ptolemy.moml.MoMLSimpleApplication@205df2cb
----------------- Done invoking toplevel() on ptolemy.moml.MoMLSimpleApplication@205df2cb
reloadAllAccessors: .arrayType15

===========================================================================================
----------------- testing Fri Dec 06 06:18:42 UTC 2019 /home/travis/build/icyphy/ptII/ptolemy/actor/lib/test/auto/arrayType16.xml
----------------- Instantiating /home/travis/build/icyphy/ptII/ptolemy/actor/lib/test/auto/arrayType16.xml
1 ms. Memory: 507904K Free: 299520K (59%)
----------------- Invoking toplevel() on ptolemy.moml.MoMLSimpleApplication@4aaf603e
----------------- Done invoking toplevel() on ptolemy.moml.MoMLSimpleApplication@4aaf603e
reloadAllAccessors: .arrayType16

===========================================================================================
----------------- testing Fri Dec 06 06:18:42 UTC 2019 /home/travis/build/icyphy/ptII/ptolemy/actor/lib/test/auto/arrayType17.xml
----------------- Instantiating /home/travis/build/icyphy/ptII/ptolemy/actor/lib/test/auto/arrayType17.xml
1 ms. Memory: 507904K Free: 294400K (58%)
----------------- Invoking toplevel() on ptolemy.moml.MoMLSimpleApplication@5fd8a07b
----------------- Done invoking toplevel() on ptolemy.moml.MoMLSimpleApplication@5fd8a07b
reloadAllAccessors: .arrayType17

===========================================================================================
----------------- testing Fri Dec 06 06:18:42 UTC 2019 /home/travis/build/icyphy/ptII/ptolemy/actor/lib/test/auto/arrayType18.xml
----------------- Instantiating /home/travis/build/icyphy/ptII/ptolemy/actor/lib/test/auto/arrayType18.xml
1 ms. Memory: 507904K Free: 289280K (57%)
----------------- Invoking toplevel() on ptolemy.moml.MoMLSimpleApplication@33df0d79
----------------- Done invoking toplevel() on ptolemy.moml.MoMLSimpleApplication@33df0d79
reloadAllAccessors: .arrayType18

===========================================================================================
----------------- testing Fri Dec 06 06:18:42 UTC 2019 /home/travis/build/icyphy/ptII/ptolemy/actor/lib/test/auto/arrayType19.xml
----------------- Instantiating /home/travis/build/icyphy/ptII/ptolemy/actor/lib/test/auto/arrayType19.xml
1 ms. Memory: 507904K Free: 284670K (56%)
----------------- Invoking toplevel() on ptolemy.moml.MoMLSimpleApplication@6dbfb74d
----------------- Done invoking toplevel() on ptolemy.moml.MoMLSimpleApplication@6dbfb74d
reloadAllAccessors: .arrayType19

===========================================================================================
----------------- testing Fri Dec 06 06:18:42 UTC 2019 /home/travis/build/icyphy/ptII/ptolemy/actor/lib/test/auto/arrayType2.xml
----------------- Instantiating /home/travis/build/icyphy/ptII/ptolemy/actor/lib/test/auto/arrayType2.xml
1 ms. Memory: 507904K Free: 279550K (55%)
----------------- Invoking toplevel() on ptolemy.moml.MoMLSimpleApplication@7b21fd25
----------------- Done invoking toplevel() on ptolemy.moml.MoMLSimpleApplication@7b21fd25
reloadAllAccessors: .arrayType2

===========================================================================================
----------------- testing Fri Dec 06 06:18:42 UTC 2019 /home/travis/build/icyphy/ptII/ptolemy/actor/lib/test/auto/arrayType20.xml
----------------- Instantiating /home/travis/build/icyphy/ptII/ptolemy/actor/lib/test/auto/arrayType20.xml
1 ms. Memory: 507904K Free: 274944K (54%)
----------------- Invoking toplevel() on ptolemy.moml.MoMLSimpleApplication@a4f066e
----------------- Done invoking toplevel() on ptolemy.moml.MoMLSimpleApplication@a4f066e
reloadAllAccessors: .arrayType20

===========================================================================================
----------------- testing Fri Dec 06 06:18:42 UTC 2019 /home/travis/build/icyphy/ptII/ptolemy/actor/lib/test/auto/arrayType21.xml
----------------- Instantiating /home/travis/build/icyphy/ptII/ptolemy/actor/lib/test/auto/arrayType21.xml
1 ms. Memory: 507904K Free: 270334K (53%)
----------------- Invoking toplevel() on ptolemy.moml.MoMLSimpleApplication@eb88d71
----------------- Done invoking toplevel() on ptolemy.moml.MoMLSimpleApplication@eb88d71
reloadAllAccessors: .arrayType21

===========================================================================================
----------------- testing Fri Dec 06 06:18:42 UTC 2019 /home/travis/build/icyphy/ptII/ptolemy/actor/lib/test/auto/arrayType22.xml
----------------- Instantiating /home/travis/build/icyphy/ptII/ptolemy/actor/lib/test/auto/arrayType22.xml
1 ms. Memory: 507904K Free: 265214K (52%)
----------------- Invoking toplevel() on ptolemy.moml.MoMLSimpleApplication@47e2efe3
----------------- Done invoking toplevel() on ptolemy.moml.MoMLSimpleApplication@47e2efe3
reloadAllAccessors: .arrayType22

===========================================================================================
----------------- testing Fri Dec 06 06:18:42 UTC 2019 /home/travis/build/icyphy/ptII/ptolemy/actor/lib/test/auto/arrayType23.xml
----------------- Instantiating /home/travis/build/icyphy/ptII/ptolemy/actor/lib/test/auto/arrayType23.xml
1 ms. Memory: 507904K Free: 260608K (51%)
----------------- Invoking toplevel() on ptolemy.moml.MoMLSimpleApplication@4b0a26fd
----------------- Done invoking toplevel() on ptolemy.moml.MoMLSimpleApplication@4b0a26fd
reloadAllAccessors: .arrayType23

===========================================================================================
----------------- testing Fri Dec 06 06:18:42 UTC 2019 /home/travis/build/icyphy/ptII/ptolemy/actor/lib/test/auto/arrayType24.xml
----------------- Instantiating /home/travis/build/icyphy/ptII/ptolemy/actor/lib/test/auto/arrayType24.xml
1 ms. Memory: 507904K Free: 255998K (50%)
----------------- Invoking toplevel() on ptolemy.moml.MoMLSimpleApplication@73714e09
----------------- Done invoking toplevel() on ptolemy.moml.MoMLSimpleApplication@73714e09
reloadAllAccessors: .arrayType24

===========================================================================================
----------------- testing Fri Dec 06 06:18:42 UTC 2019 /home/travis/build/icyphy/ptII/ptolemy/actor/lib/test/auto/arrayType25.xml
----------------- Instantiating /home/travis/build/icyphy/ptII/ptolemy/actor/lib/test/auto/arrayType25.xml
1 ms. Memory: 507904K Free: 250878K (49%)
----------------- Invoking toplevel() on ptolemy.moml.MoMLSimpleApplication@2a08f088
----------------- Done invoking toplevel() on ptolemy.moml.MoMLSimpleApplication@2a08f088
reloadAllAccessors: .arrayType25

===========================================================================================
----------------- testing Fri Dec 06 06:18:42 UTC 2019 /home/travis/build/icyphy/ptII/ptolemy/actor/lib/test/auto/arrayType26.xml
----------------- Instantiating /home/travis/build/icyphy/ptII/ptolemy/actor/lib/test/auto/arrayType26.xml
2 ms. Memory: 507904K Free: 245248K (48%)
----------------- Invoking toplevel() on ptolemy.moml.MoMLSimpleApplication@3a284ea4
----------------- Done invoking toplevel() on ptolemy.moml.MoMLSimpleApplication@3a284ea4
reloadAllAccessors: .arrayType26

===========================================================================================
----------------- testing Fri Dec 06 06:18:42 UTC 2019 /home/travis/build/icyphy/ptII/ptolemy/actor/lib/test/auto/arrayType27.xml
----------------- Instantiating /home/travis/build/icyphy/ptII/ptolemy/actor/lib/test/auto/arrayType27.xml
1 ms. Memory: 507904K Free: 240128K (47%)
----------------- Invoking toplevel() on ptolemy.moml.MoMLSimpleApplication@45c8b8a6
----------------- Done invoking toplevel() on ptolemy.moml.MoMLSimpleApplication@45c8b8a6
reloadAllAccessors: .arrayType27

===========================================================================================
----------------- testing Fri Dec 06 06:18:42 UTC 2019 /home/travis/build/icyphy/ptII/ptolemy/actor/lib/test/auto/arrayType28.xml
----------------- Instantiating /home/travis/build/icyphy/ptII/ptolemy/actor/lib/test/auto/arrayType28.xml
1 ms. Memory: 507904K Free: 235008K (46%)
----------------- Invoking toplevel() on ptolemy.moml.MoMLSimpleApplication@6e05ad31
----------------- Done invoking toplevel() on ptolemy.moml.MoMLSimpleApplication@6e05ad31
reloadAllAccessors: .arrayType28

===========================================================================================
----------------- testing Fri Dec 06 06:18:42 UTC 2019 /home/travis/build/icyphy/ptII/ptolemy/actor/lib/test/auto/arrayType3.xml
----------------- Instantiating /home/travis/build/icyphy/ptII/ptolemy/actor/lib/test/auto/arrayType3.xml
1 ms. Memory: 507904K Free: 230398K (45%)
----------------- Invoking toplevel() on ptolemy.moml.MoMLSimpleApplication@4a068a4b
----------------- Done invoking toplevel() on ptolemy.moml.MoMLSimpleApplication@4a068a4b
reloadAllAccessors: .arrayType3

===========================================================================================
----------------- testing Fri Dec 06 06:18:42 UTC 2019 /home/travis/build/icyphy/ptII/ptolemy/actor/lib/test/auto/arrayType4.xml
----------------- Instantiating /home/travis/build/icyphy/ptII/ptolemy/actor/lib/test/auto/arrayType4.xml
1 ms. Memory: 507904K Free: 224254K (44%)
----------------- Invoking toplevel() on ptolemy.moml.MoMLSimpleApplication@70cd5370
----------------- Done invoking toplevel() on ptolemy.moml.MoMLSimpleApplication@70cd5370
reloadAllAccessors: .arrayType4

===========================================================================================
----------------- testing Fri Dec 06 06:18:42 UTC 2019 /home/travis/build/icyphy/ptII/ptolemy/actor/lib/test/auto/arrayType5.xml
----------------- Instantiating /home/travis/build/icyphy/ptII/ptolemy/actor/lib/test/auto/arrayType5.xml
1 ms. Memory: 507904K Free: 219134K (43%)
----------------- Invoking toplevel() on ptolemy.moml.MoMLSimpleApplication@34c370f2
----------------- Done invoking toplevel() on ptolemy.moml.MoMLSimpleApplication@34c370f2
reloadAllAccessors: .arrayType5

===========================================================================================
----------------- testing Fri Dec 06 06:18:42 UTC 2019 /home/travis/build/icyphy/ptII/ptolemy/actor/lib/test/auto/arrayType6.xml
----------------- Instantiating /home/travis/build/icyphy/ptII/ptolemy/actor/lib/test/auto/arrayType6.xml
1 ms. Memory: 507904K Free: 214528K (42%)
----------------- Invoking toplevel() on ptolemy.moml.MoMLSimpleApplication@36bb8a08
----------------- Done invoking toplevel() on ptolemy.moml.MoMLSimpleApplication@36bb8a08
reloadAllAccessors: .arrayType6

===========================================================================================
----------------- testing Fri Dec 06 06:18:42 UTC 2019 /home/travis/build/icyphy/ptII/ptolemy/actor/lib/test/auto/arrayType7.xml
----------------- Instantiating /home/travis/build/icyphy/ptII/ptolemy/actor/lib/test/auto/arrayType7.xml
0 ms. Memory: 507904K Free: 209918K (41%)
----------------- Invoking toplevel() on ptolemy.moml.MoMLSimpleApplication@30acc7f6
----------------- Done invoking toplevel() on ptolemy.moml.MoMLSimpleApplication@30acc7f6
reloadAllAccessors: .arrayType7

===========================================================================================
----------------- testing Fri Dec 06 06:18:42 UTC 2019 /home/travis/build/icyphy/ptII/ptolemy/actor/lib/test/auto/arrayType8.xml
----------------- Instantiating /home/travis/build/icyphy/ptII/ptolemy/actor/lib/test/auto/arrayType8.xml
6 ms. Memory: 507904K Free: 204798K (40%)
----------------- Invoking toplevel() on ptolemy.moml.MoMLSimpleApplication@292e0d0c
----------------- Done invoking toplevel() on ptolemy.moml.MoMLSimpleApplication@292e0d0c
reloadAllAccessors: .arrayType8

===========================================================================================
----------------- testing Fri Dec 06 06:18:42 UTC 2019 /home/travis/build/icyphy/ptII/ptolemy/actor/lib/test/auto/arrayType9.xml
----------------- Instantiating /home/travis/build/icyphy/ptII/ptolemy/actor/lib/test/auto/arrayType9.xml
1 ms. Memory: 507904K Free: 200192K (39%)
----------------- Invoking toplevel() on ptolemy.moml.MoMLSimpleApplication@e89510e
----------------- Done invoking toplevel() on ptolemy.moml.MoMLSimpleApplication@e89510e
reloadAllAccessors: .arrayType9

===========================================================================================
----------------- testing Fri Dec 06 06:18:42 UTC 2019 /home/travis/build/icyphy/ptII/ptolemy/actor/lib/test/auto/cast.xml
----------------- Instantiating /home/travis/build/icyphy/ptII/ptolemy/actor/lib/test/auto/cast.xml
2 ms. Memory: 507904K Free: 195582K (39%)
----------------- Invoking toplevel() on ptolemy.moml.MoMLSimpleApplication@7761ec2e
----------------- Done invoking toplevel() on ptolemy.moml.MoMLSimpleApplication@7761ec2e
reloadAllAccessors: .cast

===========================================================================================
----------------- testing Fri Dec 06 06:18:42 UTC 2019 /home/travis/build/icyphy/ptII/ptolemy/actor/lib/test/auto/compositeMultiPort.xml
----------------- Instantiating /home/travis/build/icyphy/ptII/ptolemy/actor/lib/test/auto/compositeMultiPort.xml
3 ms. Memory: 507904K Free: 186880K (37%)
----------------- Invoking toplevel() on ptolemy.moml.MoMLSimpleApplication@7d536885
----------------- Done invoking toplevel() on ptolemy.moml.MoMLSimpleApplication@7d536885
reloadAllAccessors: .compositeMultiPort

===========================================================================================
----------------- testing Fri Dec 06 06:18:42 UTC 2019 /home/travis/build/icyphy/ptII/ptolemy/actor/lib/test/auto/expressionCastInference.xml
----------------- Instantiating /home/travis/build/icyphy/ptII/ptolemy/actor/lib/test/auto/expressionCastInference.xml
2 ms. Memory: 507904K Free: 181760K (36%)
----------------- Invoking toplevel() on ptolemy.moml.MoMLSimpleApplication@12ff1b7e
----------------- Done invoking toplevel() on ptolemy.moml.MoMLSimpleApplication@12ff1b7e
reloadAllAccessors: .expressionCastInference

===========================================================================================
----------------- testing Fri Dec 06 06:18:42 UTC 2019 /home/travis/build/icyphy/ptII/ptolemy/actor/lib/test/auto/expressionCastInference2.xml
----------------- Instantiating /home/travis/build/icyphy/ptII/ptolemy/actor/lib/test/auto/expressionCastInference2.xml
2 ms. Memory: 507904K Free: 177150K (35%)
----------------- Invoking toplevel() on ptolemy.moml.MoMLSimpleApplication@27d02b9b
----------------- Done invoking toplevel() on ptolemy.moml.MoMLSimpleApplication@27d02b9b
reloadAllAccessors: .expressionCastInference2

===========================================================================================
----------------- testing Fri Dec 06 06:18:42 UTC 2019 /home/travis/build/icyphy/ptII/ptolemy/actor/lib/test/auto/expressionInference.xml
----------------- Instantiating /home/travis/build/icyphy/ptII/ptolemy/actor/lib/test/auto/expressionInference.xml
1 ms. Memory: 507904K Free: 173054K (34%)
----------------- Invoking toplevel() on ptolemy.moml.MoMLSimpleApplication@7f54cba6
----------------- Done invoking toplevel() on ptolemy.moml.MoMLSimpleApplication@7f54cba6
reloadAllAccessors: .expressionInference

===========================================================================================
----------------- testing Fri Dec 06 06:18:42 UTC 2019 /home/travis/build/icyphy/ptII/ptolemy/actor/lib/test/auto/expression_bug.xml
----------------- Instantiating /home/travis/build/icyphy/ptII/ptolemy/actor/lib/test/auto/expression_bug.xml
0 ms. Memory: 507904K Free: 168958K (33%)
----------------- Invoking toplevel() on ptolemy.moml.MoMLSimpleApplication@783550f8
----------------- Done invoking toplevel() on ptolemy.moml.MoMLSimpleApplication@783550f8
reloadAllAccessors: .expression_bug

===========================================================================================
----------------- testing Fri Dec 06 06:18:42 UTC 2019 /home/travis/build/icyphy/ptII/ptolemy/actor/lib/test/auto/factorial.xml
----------------- Instantiating /home/travis/build/icyphy/ptII/ptolemy/actor/lib/test/auto/factorial.xml
30 ms. Memory: 507904K Free: 160256K (32%)
----------------- Invoking toplevel() on ptolemy.moml.MoMLSimpleApplication@6784b8f0
----------------- Done invoking toplevel() on ptolemy.moml.MoMLSimpleApplication@6784b8f0
reloadAllAccessors: .factorial

===========================================================================================
----------------- testing Fri Dec 06 06:18:42 UTC 2019 /home/travis/build/icyphy/ptII/ptolemy/actor/lib/test/auto/filterTest1.xml
----------------- Instantiating /home/travis/build/icyphy/ptII/ptolemy/actor/lib/test/auto/filterTest1.xml
3 ms. Memory: 507904K Free: 450631K (89%)
----------------- Invoking toplevel() on ptolemy.moml.MoMLSimpleApplication@5b5ab26b
----------------- Done invoking toplevel() on ptolemy.moml.MoMLSimpleApplication@5b5ab26b
reloadAllAccessors: .filterTest1

===========================================================================================
----------------- testing Fri Dec 06 06:18:42 UTC 2019 /home/travis/build/icyphy/ptII/ptolemy/actor/lib/test/auto/funcApplyInConst.xml
----------------- Instantiating /home/travis/build/icyphy/ptII/ptolemy/actor/lib/test/auto/funcApplyInConst.xml
1 ms. Memory: 507904K Free: 447045K (88%)
----------------- Invoking toplevel() on ptolemy.moml.MoMLSimpleApplication@18de67d
----------------- Done invoking toplevel() on ptolemy.moml.MoMLSimpleApplication@18de67d
reloadAllAccessors: .funcApplyInConst

===========================================================================================
----------------- testing Fri Dec 06 06:18:42 UTC 2019 /home/travis/build/icyphy/ptII/ptolemy/actor/lib/test/auto/funcApplyInExpr.xml
----------------- Instantiating /home/travis/build/icyphy/ptII/ptolemy/actor/lib/test/auto/funcApplyInExpr.xml
1 ms. Memory: 507904K Free: 442949K (87%)
----------------- Invoking toplevel() on ptolemy.moml.MoMLSimpleApplication@104782e3
----------------- Done invoking toplevel() on ptolemy.moml.MoMLSimpleApplication@104782e3
reloadAllAccessors: .funcApplyInExpr

===========================================================================================
----------------- testing Fri Dec 06 06:18:42 UTC 2019 /home/travis/build/icyphy/ptII/ptolemy/actor/lib/test/auto/function.xml
----------------- Instantiating /home/travis/build/icyphy/ptII/ptolemy/actor/lib/test/auto/function.xml
2 ms. Memory: 507904K Free: 438343K (86%)
----------------- Invoking toplevel() on ptolemy.moml.MoMLSimpleApplication@e361393
----------------- Done invoking toplevel() on ptolemy.moml.MoMLSimpleApplication@e361393
reloadAllAccessors: .function

===========================================================================================
----------------- testing Fri Dec 06 06:18:43 UTC 2019 /home/travis/build/icyphy/ptII/ptolemy/actor/lib/test/auto/function2.xml
----------------- Instantiating /home/travis/build/icyphy/ptII/ptolemy/actor/lib/test/auto/function2.xml
2 ms. Memory: 507904K Free: 433733K (85%)
----------------- Invoking toplevel() on ptolemy.moml.MoMLSimpleApplication@316234ac
----------------- Done invoking toplevel() on ptolemy.moml.MoMLSimpleApplication@316234ac
reloadAllAccessors: .function2

===========================================================================================
----------------- testing Fri Dec 06 06:18:43 UTC 2019 /home/travis/build/icyphy/ptII/ptolemy/actor/lib/test/auto/function3.xml
----------------- Instantiating /home/travis/build/icyphy/ptII/ptolemy/actor/lib/test/auto/function3.xml
1 ms. Memory: 507904K Free: 430151K (85%)
----------------- Invoking toplevel() on ptolemy.moml.MoMLSimpleApplication@76b4ed5b
----------------- Done invoking toplevel() on ptolemy.moml.MoMLSimpleApplication@76b4ed5b
reloadAllAccessors: .function3

===========================================================================================
----------------- testing Fri Dec 06 06:18:43 UTC 2019 /home/travis/build/icyphy/ptII/ptolemy/actor/lib/test/auto/functionClosureTest1.xml
----------------- Instantiating /home/travis/build/icyphy/ptII/ptolemy/actor/lib/test/auto/functionClosureTest1.xml
2 ms. Memory: 507904K Free: 424007K (83%)
----------------- Invoking toplevel() on ptolemy.moml.MoMLSimpleApplication@df78de5
----------------- Done invoking toplevel() on ptolemy.moml.MoMLSimpleApplication@df78de5
reloadAllAccessors: .functionClosureTest1

===========================================================================================
----------------- testing Fri Dec 06 06:18:43 UTC 2019 /home/travis/build/icyphy/ptII/ptolemy/actor/lib/test/auto/functionClosureTest2.xml
----------------- Instantiating /home/travis/build/icyphy/ptII/ptolemy/actor/lib/test/auto/functionClosureTest2.xml
1 ms. Memory: 507904K Free: 420421K (83%)
----------------- Invoking toplevel() on ptolemy.moml.MoMLSimpleApplication@2840dae5
----------------- Done invoking toplevel() on ptolemy.moml.MoMLSimpleApplication@2840dae5
reloadAllAccessors: .functionClosureTest2

===========================================================================================
----------------- testing Fri Dec 06 06:18:43 UTC 2019 /home/travis/build/icyphy/ptII/ptolemy/actor/lib/test/auto/functionClosureTest3.xml
----------------- Instantiating /home/travis/build/icyphy/ptII/ptolemy/actor/lib/test/auto/functionClosureTest3.xml
1 ms. Memory: 507904K Free: 415301K (82%)
----------------- Invoking toplevel() on ptolemy.moml.MoMLSimpleApplication@1a9d1c72
----------------- Done invoking toplevel() on ptolemy.moml.MoMLSimpleApplication@1a9d1c72
reloadAllAccessors: .functionClosureTest3

===========================================================================================
----------------- testing Fri Dec 06 06:18:43 UTC 2019 /home/travis/build/icyphy/ptII/ptolemy/actor/lib/test/auto/functionClosureTest4.xml
----------------- Instantiating /home/travis/build/icyphy/ptII/ptolemy/actor/lib/test/auto/functionClosureTest4.xml
2 ms. Memory: 507904K Free: 408647K (80%)
----------------- Invoking toplevel() on ptolemy.moml.MoMLSimpleApplication@3d76bb1d
----------------- Done invoking toplevel() on ptolemy.moml.MoMLSimpleApplication@3d76bb1d
reloadAllAccessors: .functionClosureTest4

===========================================================================================
----------------- testing Fri Dec 06 06:18:43 UTC 2019 /home/travis/build/icyphy/ptII/ptolemy/actor/lib/test/auto/functionClosureTest5.xml
----------------- Instantiating /home/travis/build/icyphy/ptII/ptolemy/actor/lib/test/auto/functionClosureTest5.xml
3 ms. Memory: 507904K Free: 403527K (79%)
----------------- Invoking toplevel() on ptolemy.moml.MoMLSimpleApplication@664cce87
----------------- Done invoking toplevel() on ptolemy.moml.MoMLSimpleApplication@664cce87
reloadAllAccessors: .functionClosureTest5

===========================================================================================
----------------- testing Fri Dec 06 06:18:43 UTC 2019 /home/travis/build/icyphy/ptII/ptolemy/actor/lib/test/auto/functionClosureTest6.xml
----------------- Instantiating /home/travis/build/icyphy/ptII/ptolemy/actor/lib/test/auto/functionClosureTest6.xml
2 ms. Memory: 507904K Free: 398917K (79%)
----------------- Invoking toplevel() on ptolemy.moml.MoMLSimpleApplication@165cec33
----------------- Done invoking toplevel() on ptolemy.moml.MoMLSimpleApplication@165cec33
reloadAllAccessors: .functionClosureTest6

===========================================================================================
----------------- testing Fri Dec 06 06:18:43 UTC 2019 /home/travis/build/icyphy/ptII/ptolemy/actor/lib/test/auto/functionsOnArcs.xml
----------------- Instantiating /home/travis/build/icyphy/ptII/ptolemy/actor/lib/test/auto/functionsOnArcs.xml
1 ms. Memory: 507904K Free: 393287K (77%)
----------------- Invoking toplevel() on ptolemy.moml.MoMLSimpleApplication@39e43039
----------------- Done invoking toplevel() on ptolemy.moml.MoMLSimpleApplication@39e43039
reloadAllAccessors: .functionsOnArcs

===========================================================================================
----------------- testing Fri Dec 06 06:18:43 UTC 2019 /home/travis/build/icyphy/ptII/ptolemy/actor/lib/test/auto/functionsOnArcsHOF.xml
----------------- Instantiating /home/travis/build/icyphy/ptII/ptolemy/actor/lib/test/auto/functionsOnArcsHOF.xml
2 ms. Memory: 507904K Free: 387653K (76%)
----------------- Invoking toplevel() on ptolemy.moml.MoMLSimpleApplication@751b0d32
----------------- Done invoking toplevel() on ptolemy.moml.MoMLSimpleApplication@751b0d32
reloadAllAccessors: .functionsOnArcsHOF

===========================================================================================
----------------- testing Fri Dec 06 06:18:43 UTC 2019 /home/travis/build/icyphy/ptII/ptolemy/actor/lib/test/auto/logic.xml
----------------- Instantiating /home/travis/build/icyphy/ptII/ptolemy/actor/lib/test/auto/logic.xml
1 ms. Memory: 507904K Free: 380485K (75%)
----------------- Invoking toplevel() on ptolemy.moml.MoMLSimpleApplication@750ec41
----------------- Done invoking toplevel() on ptolemy.moml.MoMLSimpleApplication@750ec41
reloadAllAccessors: .logic

===========================================================================================
----------------- testing Fri Dec 06 06:18:43 UTC 2019 /home/travis/build/icyphy/ptII/ptolemy/actor/lib/test/auto/matrixType.xml
----------------- Instantiating /home/travis/build/icyphy/ptII/ptolemy/actor/lib/test/auto/matrixType.xml
1 ms. Memory: 507904K Free: 375365K (74%)
----------------- Invoking toplevel() on ptolemy.moml.MoMLSimpleApplication@1d90921a
----------------- Done invoking toplevel() on ptolemy.moml.MoMLSimpleApplication@1d90921a
reloadAllAccessors: .matrixType

===========================================================================================
----------------- testing Fri Dec 06 06:18:43 UTC 2019 /home/travis/build/icyphy/ptII/ptolemy/actor/lib/test/auto/matrixType10.xml
----------------- Instantiating /home/travis/build/icyphy/ptII/ptolemy/actor/lib/test/auto/matrixType10.xml
1 ms. Memory: 507904K Free: 370759K (73%)
----------------- Invoking toplevel() on ptolemy.moml.MoMLSimpleApplication@648cf2e3
----------------- Done invoking toplevel() on ptolemy.moml.MoMLSimpleApplication@648cf2e3
reloadAllAccessors: .matrixType10

===========================================================================================
----------------- testing Fri Dec 06 06:18:43 UTC 2019 /home/travis/build/icyphy/ptII/ptolemy/actor/lib/test/auto/matrixType11.xml
----------------- Instantiating /home/travis/build/icyphy/ptII/ptolemy/actor/lib/test/auto/matrixType11.xml
1 ms. Memory: 507904K Free: 366149K (72%)
----------------- Invoking toplevel() on ptolemy.moml.MoMLSimpleApplication@2a0ab595
----------------- Done invoking toplevel() on ptolemy.moml.MoMLSimpleApplication@2a0ab595
reloadAllAccessors: .matrixType11

===========================================================================================
----------------- testing Fri Dec 06 06:18:43 UTC 2019 /home/travis/build/icyphy/ptII/ptolemy/actor/lib/test/auto/matrixType12.xml
----------------- Instantiating /home/travis/build/icyphy/ptII/ptolemy/actor/lib/test/auto/matrixType12.xml
0 ms. Memory: 507904K Free: 361029K (71%)
----------------- Invoking toplevel() on ptolemy.moml.MoMLSimpleApplication@756a7431
----------------- Done invoking toplevel() on ptolemy.moml.MoMLSimpleApplication@756a7431
reloadAllAccessors: .matrixType12

===========================================================================================
----------------- testing Fri Dec 06 06:18:43 UTC 2019 /home/travis/build/icyphy/ptII/ptolemy/actor/lib/test/auto/matrixType13.xml
----------------- Instantiating /home/travis/build/icyphy/ptII/ptolemy/actor/lib/test/auto/matrixType13.xml
1 ms. Memory: 507904K Free: 356423K (70%)
----------------- Invoking toplevel() on ptolemy.moml.MoMLSimpleApplication@586c15ce
----------------- Done invoking toplevel() on ptolemy.moml.MoMLSimpleApplication@586c15ce
reloadAllAccessors: .matrixType13

===========================================================================================
----------------- testing Fri Dec 06 06:18:43 UTC 2019 /home/travis/build/icyphy/ptII/ptolemy/actor/lib/test/auto/matrixType14.xml
----------------- Instantiating /home/travis/build/icyphy/ptII/ptolemy/actor/lib/test/auto/matrixType14.xml
1 ms. Memory: 507904K Free: 351813K (69%)
----------------- Invoking toplevel() on ptolemy.moml.MoMLSimpleApplication@54cc0e8e
----------------- Done invoking toplevel() on ptolemy.moml.MoMLSimpleApplication@54cc0e8e
reloadAllAccessors: .matrixType14

===========================================================================================
----------------- testing Fri Dec 06 06:18:43 UTC 2019 /home/travis/build/icyphy/ptII/ptolemy/actor/lib/test/auto/matrixType2.xml
----------------- Instantiating /home/travis/build/icyphy/ptII/ptolemy/actor/lib/test/auto/matrixType2.xml
1 ms. Memory: 507904K Free: 346693K (68%)
----------------- Invoking toplevel() on ptolemy.moml.MoMLSimpleApplication@61099005
----------------- Done invoking toplevel() on ptolemy.moml.MoMLSimpleApplication@61099005
reloadAllAccessors: .matrixType2

===========================================================================================
----------------- testing Fri Dec 06 06:18:43 UTC 2019 /home/travis/build/icyphy/ptII/ptolemy/actor/lib/test/auto/matrixType3.xml
----------------- Instantiating /home/travis/build/icyphy/ptII/ptolemy/actor/lib/test/auto/matrixType3.xml
1 ms. Memory: 507904K Free: 342087K (67%)
----------------- Invoking toplevel() on ptolemy.moml.MoMLSimpleApplication@517a7bf3
----------------- Done invoking toplevel() on ptolemy.moml.MoMLSimpleApplication@517a7bf3
reloadAllAccessors: .matrixType3

===========================================================================================
----------------- testing Fri Dec 06 06:18:43 UTC 2019 /home/travis/build/icyphy/ptII/ptolemy/actor/lib/test/auto/matrixType4.xml
----------------- Instantiating /home/travis/build/icyphy/ptII/ptolemy/actor/lib/test/auto/matrixType4.xml
2 ms. Memory: 507904K Free: 337477K (66%)
----------------- Invoking toplevel() on ptolemy.moml.MoMLSimpleApplication@d540b50
----------------- Done invoking toplevel() on ptolemy.moml.MoMLSimpleApplication@d540b50
reloadAllAccessors: .matrixType4

===========================================================================================
----------------- testing Fri Dec 06 06:18:43 UTC 2019 /home/travis/build/icyphy/ptII/ptolemy/actor/lib/test/auto/matrixType5.xml
----------------- Instantiating /home/travis/build/icyphy/ptII/ptolemy/actor/lib/test/auto/matrixType5.xml
1 ms. Memory: 507904K Free: 332357K (65%)
----------------- Invoking toplevel() on ptolemy.moml.MoMLSimpleApplication@5b0546b0
----------------- Done invoking toplevel() on ptolemy.moml.MoMLSimpleApplication@5b0546b0
reloadAllAccessors: .matrixType5

===========================================================================================
----------------- testing Fri Dec 06 06:18:43 UTC 2019 /home/travis/build/icyphy/ptII/ptolemy/actor/lib/test/auto/matrixType6.xml
----------------- Instantiating /home/travis/build/icyphy/ptII/ptolemy/actor/lib/test/auto/matrixType6.xml
1 ms. Memory: 507904K Free: 327751K (65%)
----------------- Invoking toplevel() on ptolemy.moml.MoMLSimpleApplication@14e56a9f
----------------- Done invoking toplevel() on ptolemy.moml.MoMLSimpleApplication@14e56a9f
reloadAllAccessors: .matrixType6

===========================================================================================
----------------- testing Fri Dec 06 06:18:43 UTC 2019 /home/travis/build/icyphy/ptII/ptolemy/actor/lib/test/auto/matrixType7.xml
----------------- Instantiating /home/travis/build/icyphy/ptII/ptolemy/actor/lib/test/auto/matrixType7.xml
1 ms. Memory: 507904K Free: 323141K (64%)
----------------- Invoking toplevel() on ptolemy.moml.MoMLSimpleApplication@59115953
----------------- Done invoking toplevel() on ptolemy.moml.MoMLSimpleApplication@59115953
reloadAllAccessors: .matrixType7

===========================================================================================
----------------- testing Fri Dec 06 06:18:43 UTC 2019 /home/travis/build/icyphy/ptII/ptolemy/actor/lib/test/auto/matrixType8.xml
----------------- Instantiating /home/travis/build/icyphy/ptII/ptolemy/actor/lib/test/auto/matrixType8.xml
1 ms. Memory: 507904K Free: 318021K (63%)
----------------- Invoking toplevel() on ptolemy.moml.MoMLSimpleApplication@71aa94ff
----------------- Done invoking toplevel() on ptolemy.moml.MoMLSimpleApplication@71aa94ff
reloadAllAccessors: .matrixType8

===========================================================================================
----------------- testing Fri Dec 06 06:18:43 UTC 2019 /home/travis/build/icyphy/ptII/ptolemy/actor/lib/test/auto/matrixType9.xml
----------------- Instantiating /home/travis/build/icyphy/ptII/ptolemy/actor/lib/test/auto/matrixType9.xml
2 ms. Memory: 507904K Free: 313415K (62%)
----------------- Invoking toplevel() on ptolemy.moml.MoMLSimpleApplication@6dd9ca84
----------------- Done invoking toplevel() on ptolemy.moml.MoMLSimpleApplication@6dd9ca84
reloadAllAccessors: .matrixType9

===========================================================================================
----------------- testing Fri Dec 06 06:18:43 UTC 2019 /home/travis/build/icyphy/ptII/ptolemy/actor/lib/test/auto/paraFunctest.xml
----------------- Instantiating /home/travis/build/icyphy/ptII/ptolemy/actor/lib/test/auto/paraFunctest.xml
1 ms. Memory: 507904K Free: 309319K (61%)
----------------- Invoking toplevel() on ptolemy.moml.MoMLSimpleApplication@2493363b
----------------- Done invoking toplevel() on ptolemy.moml.MoMLSimpleApplication@2493363b
reloadAllAccessors: .paraFunctest

===========================================================================================
----------------- testing Fri Dec 06 06:18:43 UTC 2019 /home/travis/build/icyphy/ptII/ptolemy/actor/lib/test/auto/paraFunctest2.xml
----------------- Instantiating /home/travis/build/icyphy/ptII/ptolemy/actor/lib/test/auto/paraFunctest2.xml
1 ms. Memory: 507904K Free: 304709K (60%)
----------------- Invoking toplevel() on ptolemy.moml.MoMLSimpleApplication@77ea799a
----------------- Done invoking toplevel() on ptolemy.moml.MoMLSimpleApplication@77ea799a
reloadAllAccessors: .paraFunctest2

===========================================================================================
----------------- testing Fri Dec 06 06:18:43 UTC 2019 /home/travis/build/icyphy/ptII/ptolemy/actor/lib/test/auto/parameterPassing.xml
----------------- Instantiating /home/travis/build/icyphy/ptII/ptolemy/actor/lib/test/auto/parameterPassing.xml
1 ms. Memory: 507904K Free: 300613K (59%)
----------------- Invoking toplevel() on ptolemy.moml.MoMLSimpleApplication@6cf945f4
----------------- Done invoking toplevel() on ptolemy.moml.MoMLSimpleApplication@6cf945f4
reloadAllAccessors: .parameterPassing

===========================================================================================
----------------- testing Fri Dec 06 06:18:43 UTC 2019 /home/travis/build/icyphy/ptII/ptolemy/actor/lib/test/auto/record.xml
----------------- Instantiating /home/travis/build/icyphy/ptII/ptolemy/actor/lib/test/auto/record.xml
2 ms. Memory: 507904K Free: 295493K (58%)
----------------- Invoking toplevel() on ptolemy.moml.MoMLSimpleApplication@36e3701c
----------------- Done invoking toplevel() on ptolemy.moml.MoMLSimpleApplication@36e3701c
reloadAllAccessors: .record

===========================================================================================
----------------- testing Fri Dec 06 06:18:43 UTC 2019 /home/travis/build/icyphy/ptII/ptolemy/actor/lib/test/auto/sizedarray1.xml
----------------- Instantiating /home/travis/build/icyphy/ptII/ptolemy/actor/lib/test/auto/sizedarray1.xml
1 ms. Memory: 507904K Free: 290373K (57%)
----------------- Invoking toplevel() on ptolemy.moml.MoMLSimpleApplication@22532cc9
----------------- Done invoking toplevel() on ptolemy.moml.MoMLSimpleApplication@22532cc9
reloadAllAccessors: .sizedarray1

===========================================================================================
----------------- testing Fri Dec 06 06:18:43 UTC 2019 /home/travis/build/icyphy/ptII/ptolemy/actor/lib/test/auto/sizedarray2.xml
----------------- Instantiating /home/travis/build/icyphy/ptII/ptolemy/actor/lib/test/auto/sizedarray2.xml
1 ms. Memory: 507904K Free: 285253K (56%)
----------------- Invoking toplevel() on ptolemy.moml.MoMLSimpleApplication@6b1c8d38
----------------- Done invoking toplevel() on ptolemy.moml.MoMLSimpleApplication@6b1c8d38
reloadAllAccessors: .sizedarray2

===========================================================================================
----------------- testing Fri Dec 06 06:18:43 UTC 2019 /home/travis/build/icyphy/ptII/ptolemy/actor/lib/test/auto/twoPublishers.xml
----------------- Instantiating /home/travis/build/icyphy/ptII/ptolemy/actor/lib/test/auto/twoPublishers.xml
2 ms. Memory: 507904K Free: 274503K (54%)
----------------- Invoking toplevel() on ptolemy.moml.MoMLSimpleApplication@39e6e192
----------------- Done invoking toplevel() on ptolemy.moml.MoMLSimpleApplication@39e6e192
reloadAllAccessors: .twoPublishers
AutoTests.java: About to close Vertx.
AutoTests.java: Vertx closed.
]]></system-out>
  <system-err><![CDATA[java.lang.RuntimeException: Execution failed
	at ptolemy.moml.MoMLSimpleApplication$UnloadThread.run(MoMLSimpleApplication.java:402)
Caused by: java.lang.RuntimeException: StringUtilities.exit() was called. Normally, we would exit here because Manager.exitAfterWrapup() was called.  However, because the ptolemy.ptII.exitAfterWrapup property is set, we throw this exception instead.
	at ptolemy.util.StringUtilities.exit(StringUtilities.java:365)
	at ptolemy.actor.Manager.wrapup(Manager.java:1549)
	at ptolemy.actor.Manager.execute(Manager.java:407)
	at ptolemy.actor.Manager.run(Manager.java:1263)
	at ptolemy.actor.Manager$PtolemyRunThread.run(Manager.java:1933)
Warning: '.top.test' is in training mode, set the trainingMode parameter to false before checking in
Warning: '.top.test' is in training mode, set the trainingMode parameter to false before checking in
Warning: '.top.test' is in training mode, set the trainingMode parameter to false before checking in
Warning: '.BooleanSwitch_RegressionTest_WrongTrainingValues.Test' is in training mode, set the trainingMode parameter to false before checking in
Warning: '.BooleanSwitch_RegressionTest_WrongTrainingValues.Test2' is in training mode, set the trainingMode parameter to false before checking in
Warning: '.BooleanSwitch_RegressionTest_WrongTrainingValues.Test2' The test produced 0 tokens.
Warning: '.top.testExceptionHandler' is in training mode, set the trainingMode parameter to false before checking in
java.lang.RuntimeException: Execution failed
	at ptolemy.moml.MoMLSimpleApplication$UnloadThread.run(MoMLSimpleApplication.java:402)
Caused by: ptolemy.kernel.util.IllegalActionException: PublisherPorts cannot be used at the top level, use a Publisher actor instead.
  in .PublisherPortToplevelSubscriber.PublisherPort
	at ptolemy.actor.PublisherPort.preinitialize(PublisherPort.java:403)
	at ptolemy.actor.CompositeActor.preinitialize(CompositeActor.java:1769)
	at ptolemy.actor.Manager.preinitializeAndResolveTypes(Manager.java:1040)
	at ptolemy.actor.Manager.initialize(Manager.java:710)
	at ptolemy.actor.Manager.execute(Manager.java:356)
	at ptolemy.actor.Manager.run(Manager.java:1263)
	at ptolemy.actor.Manager$PtolemyRunThread.run(Manager.java:1933)
java.lang.reflect.InvocationTargetException
	at java.base/jdk.internal.reflect.NativeConstructorAccessorImpl.newInstance0(Native Method)
	at java.base/jdk.internal.reflect.NativeConstructorAccessorImpl.newInstance(NativeConstructorAccessorImpl.java:62)
	at java.base/jdk.internal.reflect.DelegatingConstructorAccessorImpl.newInstance(DelegatingConstructorAccessorImpl.java:45)
	at java.base/java.lang.reflect.Constructor.newInstance(Constructor.java:490)
	at ptolemy.util.test.junit.AutoKnownFailedTests.RunModel(AutoKnownFailedTests.java:105)
	at java.base/jdk.internal.reflect.NativeMethodAccessorImpl.invoke0(Native Method)
	at java.base/jdk.internal.reflect.NativeMethodAccessorImpl.invoke(NativeMethodAccessorImpl.java:62)
	at java.base/jdk.internal.reflect.DelegatingMethodAccessorImpl.invoke(DelegatingMethodAccessorImpl.java:43)
	at java.base/java.lang.reflect.Method.invoke(Method.java:566)
	at org.junit.runners.model.FrameworkMethod$1.runReflectiveCall(FrameworkMethod.java:44)
	at org.junit.internal.runners.model.ReflectiveCallable.run(ReflectiveCallable.java:15)
	at org.junit.runners.model.FrameworkMethod.invokeExplosively(FrameworkMethod.java:41)
	at junitparams.internal.InvokeParameterisedMethod.evaluate(InvokeParameterisedMethod.java:102)
	at org.junit.internal.runners.statements.FailOnTimeout$1.run(FailOnTimeout.java:28)
Caused by: ptolemy.kernel.util.IllegalActionException: PublisherPorts cannot be used at the top level, use a Publisher actor instead.
  in .PublisherPortToplevelSubscriber.PublisherPort
	at ptolemy.actor.PublisherPort.preinitialize(PublisherPort.java:403)
	at ptolemy.actor.CompositeActor.preinitialize(CompositeActor.java:1769)
	at ptolemy.actor.Manager.preinitializeAndResolveTypes(Manager.java:1040)
	at ptolemy.actor.Manager.initialize(Manager.java:710)
	at ptolemy.actor.Manager.execute(Manager.java:356)
	at ptolemy.actor.Manager.run(Manager.java:1263)
	at ptolemy.actor.Manager$PtolemyRunThread.run(Manager.java:1933)
java.lang.RuntimeException: Execution failed
	at ptolemy.moml.MoMLSimpleApplication$UnloadThread.run(MoMLSimpleApplication.java:402)
Caused by: ptolemy.kernel.util.IllegalActionException: SubscriberPorts cannot be used at the top level, use a Subscriber actor instead.
  in .PublisherSubscriberPortToplevel.SubscriberPort
	at ptolemy.actor.SubscriberPort.preinitialize(SubscriberPort.java:328)
	at ptolemy.actor.CompositeActor.preinitialize(CompositeActor.java:1769)
	at ptolemy.actor.Manager.preinitializeAndResolveTypes(Manager.java:1040)
	at ptolemy.actor.Manager.initialize(Manager.java:710)
	at ptolemy.actor.Manager.execute(Manager.java:356)
	at ptolemy.actor.Manager.run(Manager.java:1263)
	at ptolemy.actor.Manager$PtolemyRunThread.run(Manager.java:1933)
java.lang.reflect.InvocationTargetException
	at java.base/jdk.internal.reflect.NativeConstructorAccessorImpl.newInstance0(Native Method)
	at java.base/jdk.internal.reflect.NativeConstructorAccessorImpl.newInstance(NativeConstructorAccessorImpl.java:62)
	at java.base/jdk.internal.reflect.DelegatingConstructorAccessorImpl.newInstance(DelegatingConstructorAccessorImpl.java:45)
	at java.base/java.lang.reflect.Constructor.newInstance(Constructor.java:490)
	at ptolemy.util.test.junit.AutoKnownFailedTests.RunModel(AutoKnownFailedTests.java:105)
	at java.base/jdk.internal.reflect.NativeMethodAccessorImpl.invoke0(Native Method)
	at java.base/jdk.internal.reflect.NativeMethodAccessorImpl.invoke(NativeMethodAccessorImpl.java:62)
	at java.base/jdk.internal.reflect.DelegatingMethodAccessorImpl.invoke(DelegatingMethodAccessorImpl.java:43)
	at java.base/java.lang.reflect.Method.invoke(Method.java:566)
	at org.junit.runners.model.FrameworkMethod$1.runReflectiveCall(FrameworkMethod.java:44)
	at org.junit.internal.runners.model.ReflectiveCallable.run(ReflectiveCallable.java:15)
	at org.junit.runners.model.FrameworkMethod.invokeExplosively(FrameworkMethod.java:41)
	at junitparams.internal.InvokeParameterisedMethod.evaluate(InvokeParameterisedMethod.java:102)
	at org.junit.internal.runners.statements.FailOnTimeout$1.run(FailOnTimeout.java:28)
Caused by: ptolemy.kernel.util.IllegalActionException: SubscriberPorts cannot be used at the top level, use a Subscriber actor instead.
  in .PublisherSubscriberPortToplevel.SubscriberPort
	at ptolemy.actor.SubscriberPort.preinitialize(SubscriberPort.java:328)
	at ptolemy.actor.CompositeActor.preinitialize(CompositeActor.java:1769)
	at ptolemy.actor.Manager.preinitializeAndResolveTypes(Manager.java:1040)
	at ptolemy.actor.Manager.initialize(Manager.java:710)
	at ptolemy.actor.Manager.execute(Manager.java:356)
	at ptolemy.actor.Manager.run(Manager.java:1263)
	at ptolemy.actor.Manager$PtolemyRunThread.run(Manager.java:1933)
java.lang.RuntimeException: Execution failed
	at ptolemy.moml.MoMLSimpleApplication$UnloadThread.run(MoMLSimpleApplication.java:402)
Caused by: ptolemy.kernel.util.IllegalActionException: SubscriptionAggregatorPorts cannot be used at the top level, use a SubscriptionAggregator actor instead.
  in .PublisherSubscriptionAggregatorPort.SubscriptionAggregatorPort
	at ptolemy.actor.SubscriptionAggregatorPort.preinitialize(SubscriptionAggregatorPort.java:353)
	at ptolemy.actor.CompositeActor.preinitialize(CompositeActor.java:1769)
	at ptolemy.actor.Manager.preinitializeAndResolveTypes(Manager.java:1040)
	at ptolemy.actor.Manager.initialize(Manager.java:710)
	at ptolemy.actor.Manager.execute(Manager.java:356)
	at ptolemy.actor.Manager.run(Manager.java:1263)
	at ptolemy.actor.Manager$PtolemyRunThread.run(Manager.java:1933)
java.lang.reflect.InvocationTargetException
	at java.base/jdk.internal.reflect.NativeConstructorAccessorImpl.newInstance0(Native Method)
	at java.base/jdk.internal.reflect.NativeConstructorAccessorImpl.newInstance(NativeConstructorAccessorImpl.java:62)
	at java.base/jdk.internal.reflect.DelegatingConstructorAccessorImpl.newInstance(DelegatingConstructorAccessorImpl.java:45)
	at java.base/java.lang.reflect.Constructor.newInstance(Constructor.java:490)
	at ptolemy.util.test.junit.AutoKnownFailedTests.RunModel(AutoKnownFailedTests.java:105)
	at java.base/jdk.internal.reflect.NativeMethodAccessorImpl.invoke0(Native Method)
	at java.base/jdk.internal.reflect.NativeMethodAccessorImpl.invoke(NativeMethodAccessorImpl.java:62)
	at java.base/jdk.internal.reflect.DelegatingMethodAccessorImpl.invoke(DelegatingMethodAccessorImpl.java:43)
	at java.base/java.lang.reflect.Method.invoke(Method.java:566)
	at org.junit.runners.model.FrameworkMethod$1.runReflectiveCall(FrameworkMethod.java:44)
	at org.junit.internal.runners.model.ReflectiveCallable.run(ReflectiveCallable.java:15)
	at org.junit.runners.model.FrameworkMethod.invokeExplosively(FrameworkMethod.java:41)
	at junitparams.internal.InvokeParameterisedMethod.evaluate(InvokeParameterisedMethod.java:102)
	at org.junit.internal.runners.statements.FailOnTimeout$1.run(FailOnTimeout.java:28)
Caused by: ptolemy.kernel.util.IllegalActionException: SubscriptionAggregatorPorts cannot be used at the top level, use a SubscriptionAggregator actor instead.
  in .PublisherSubscriptionAggregatorPort.SubscriptionAggregatorPort
	at ptolemy.actor.SubscriptionAggregatorPort.preinitialize(SubscriptionAggregatorPort.java:353)
	at ptolemy.actor.CompositeActor.preinitialize(CompositeActor.java:1769)
	at ptolemy.actor.Manager.preinitializeAndResolveTypes(Manager.java:1040)
	at ptolemy.actor.Manager.initialize(Manager.java:710)
	at ptolemy.actor.Manager.execute(Manager.java:356)
	at ptolemy.actor.Manager.run(Manager.java:1263)
	at ptolemy.actor.Manager$PtolemyRunThread.run(Manager.java:1933)
java.lang.RuntimeException: Execution failed
	at ptolemy.moml.MoMLSimpleApplication$UnloadThread.run(MoMLSimpleApplication.java:402)
Caused by: ptolemy.kernel.util.IllegalActionException: TypeTest actor has no training data.
  in .sizedarray3.TypeTest
	at ptolemy.actor.lib.TypeTest.initialize(TypeTest.java:250)
	at ptolemy.actor.Director.initialize(Director.java:938)
	at ptolemy.actor.Director.initialize(Director.java:907)
	at ptolemy.actor.sched.StaticSchedulingDirector.initialize(StaticSchedulingDirector.java:159)
	at ptolemy.domains.sdf.kernel.SDFDirector.initialize(SDFDirector.java:544)
	at ptolemy.actor.CompositeActor.initialize(CompositeActor.java:935)
	at ptolemy.actor.Manager.initialize(Manager.java:724)
	at ptolemy.actor.Manager.execute(Manager.java:356)
	at ptolemy.actor.Manager.run(Manager.java:1263)
	at ptolemy.actor.Manager$PtolemyRunThread.run(Manager.java:1933)
java.lang.reflect.InvocationTargetException
	at java.base/jdk.internal.reflect.NativeConstructorAccessorImpl.newInstance0(Native Method)
	at java.base/jdk.internal.reflect.NativeConstructorAccessorImpl.newInstance(NativeConstructorAccessorImpl.java:62)
	at java.base/jdk.internal.reflect.DelegatingConstructorAccessorImpl.newInstance(DelegatingConstructorAccessorImpl.java:45)
	at java.base/java.lang.reflect.Constructor.newInstance(Constructor.java:490)
	at ptolemy.util.test.junit.AutoKnownFailedTests.RunModel(AutoKnownFailedTests.java:105)
	at java.base/jdk.internal.reflect.NativeMethodAccessorImpl.invoke0(Native Method)
	at java.base/jdk.internal.reflect.NativeMethodAccessorImpl.invoke(NativeMethodAccessorImpl.java:62)
	at java.base/jdk.internal.reflect.DelegatingMethodAccessorImpl.invoke(DelegatingMethodAccessorImpl.java:43)
	at java.base/java.lang.reflect.Method.invoke(Method.java:566)
	at org.junit.runners.model.FrameworkMethod$1.runReflectiveCall(FrameworkMethod.java:44)
	at org.junit.internal.runners.model.ReflectiveCallable.run(ReflectiveCallable.java:15)
	at org.junit.runners.model.FrameworkMethod.invokeExplosively(FrameworkMethod.java:41)
	at junitparams.internal.InvokeParameterisedMethod.evaluate(InvokeParameterisedMethod.java:102)
	at org.junit.internal.runners.statements.FailOnTimeout$1.run(FailOnTimeout.java:28)
Caused by: ptolemy.kernel.util.IllegalActionException: TypeTest actor has no training data.
  in .sizedarray3.TypeTest
	at ptolemy.actor.lib.TypeTest.initialize(TypeTest.java:250)
	at ptolemy.actor.Director.initialize(Director.java:938)
	at ptolemy.actor.Director.initialize(Director.java:907)
	at ptolemy.actor.sched.StaticSchedulingDirector.initialize(StaticSchedulingDirector.java:159)
	at ptolemy.domains.sdf.kernel.SDFDirector.initialize(SDFDirector.java:544)
	at ptolemy.actor.CompositeActor.initialize(CompositeActor.java:935)
	at ptolemy.actor.Manager.initialize(Manager.java:724)
	at ptolemy.actor.Manager.execute(Manager.java:356)
	at ptolemy.actor.Manager.run(Manager.java:1263)
	at ptolemy.actor.Manager$PtolemyRunThread.run(Manager.java:1933)
]]></system-err>
</testsuite>
