<?xml version="1.0" encoding="UTF-8" ?>
<testsuite errors="0" failures="0" hostname="travis-job-8170e791-c6d7-44cb-9a78-074286ab90fc" name="ptolemy.actor.lib.test.junit.JUnitTclTest" skipped="0" tests="517" time="59.459" timestamp="2018-07-27T01:41:01">
  <properties>
    <property name="npm.executable" value="npm" />
    <property name="file.encoding.pkg" value="sun.io" />
    <property name="ptII.mk.exists" value="true" />
    <property name="env.rvm_bin_path" value="/home/travis/.rvm/bin" />
    <property name="java.home" value="/usr/lib/jvm/java-8-oracle/jre" />
    <property name="env.TRAVIS_JOB_NUMBER" value="669.8" />
    <property name="env.DISPLAY" value=":99.0" />
    <property name="java.net.preferIPv4Stack" value="true" />
    <property name="env.TRAVIS_INIT" value="upstart" />
    <property name="env.SSH_TTY" value="/dev/pts/0" />
    <property name="env.RUN_TESTS" value="false" />
    <property name="timeout.short" value="1000000" />
    <property name="env.TRAVIS_STACK_NODE_ATTRIBUTES" value="/.node-attributes.yml" />
    <property name="junit.formatter" value="xml" />
    <property name="java.endorsed.dirs" value="/usr/lib/jvm/java-8-oracle/jre/lib/endorsed" />
    <property name="env.TRAVIS_SUDO" value="true" />
    <property name="env.LOGNAME" value="travis" />
    <property name="env.PT_TRAVIS_TEST_CORE1_XML" value="true" />
    <property name="jsdoc.home" value="node_modules/@terraswarm/jsdoc" />
    <property name="debuglevel" value="source,lines,vars" />
    <property name="checkstyle.formatter" value="xml" />
    <property name="bin.vergil.makeable" value="true" />
    <property name="env._system_version" value="14.04" />
    <property name="sun.os.patch.level" value="unknown" />
    <property name="java.vendor.url" value="http://java.oracle.com/" />
    <property name="java.version" value="1.8.0_151" />
    <property name="env.TZ" value="UTC" />
    <property name="env.PT_NO_NET" value="true" />
    <property name="env.TRAVIS_PULL_REQUEST_SHA" value="" />
    <property name="env.TRAVIS_SECURE_ENV_VARS" value="true" />
    <property name="env._system_type" value="Linux" />
    <property name="java.vendor.url.bug" value="http://bugreport.sun.com/bugreport/" />
    <property name="env.SSH_CLIENT" value="10.10.4.39 36330 22" />
    <property name="npmjs-org-is-up" value="true" />
    <property name="env.GEM_HOME" value="/home/travis/.rvm/gems/ruby-2.4.1" />
    <property name="env.HAS_ANTARES_THREE_LITTLE_FRONZIES_BADGE" value="true" />
    <property name="env.PS4" value="+" />
    <property name="ant.project.invoked-targets" value="build,test.core1.xml" />
    <property name="env.TRAVIS_PULL_REQUEST_BRANCH" value="" />
    <property name="env.TRAVIS_REPO_SLUG" value="icyphy/ptII" />
    <property name="node.in.path" value="true" />
    <property name="java.maxmemory" value="1400m" />
    <property name="env.RUBY_VERSION" value="ruby-2.4.1" />
    <property name="user.name" value="travis" />
    <property name="env.LANG" value="en_US.UTF-8" />
    <property name="sun.io.unicode.encoding" value="UnicodeLittle" />
    <property name="sun.jnu.encoding" value="UTF-8" />
    <property name="java.runtime.name" value="Java(TM) SE Runtime Environment" />
    <property name="usefile" value="false" />
    <property name="return.code" value="0" />
    <property name="junit.single.formatter" value="plain" />
    <property name="env.DYLD_LIBRARY_PATH" value="/home/travis/pthla/certi-tools/lib:" />
    <property name="env.DEBIAN_FRONTEND" value="noninteractive" />
    <property name="env.SSH_CONNECTION" value="10.10.4.39 36330 10.20.0.153 22" />
    <property name="env.MYSQL_UNIX_PORT" value="/var/run/mysqld/mysqld.sock" />
    <property name="env.TRAVIS_ALLOW_FAILURE" value="false" />
    <property name="env.LC_ALL" value="en_US.UTF-8" />
    <property name="java.specification.name" value="Java Platform API Specification" />
    <property name="node.works" value="true" />
    <property name="user.timezone" value="" />
    <property name="path.separator" value=":" />
    <property name="env.PYTHON_CFLAGS" value="-g -fstack-protector --param=ssp-buffer-size=4 -Wformat -Werror=format-security" />
    <property name="timeout.long" value="4000000" />
    <property name="env.CERTI_HOME" value="/home/travis/pthla/certi-tools" />
    <property name="file.encoding" value="UTF-8" />
    <property name="ant.file.ptII" value="/home/travis/build/icyphy/ptII/build.xml" />
    <property name="javadoc.packagenames" value="com.*,diva.*,lbnl.*,org.hlacerti.*,org.json.*,org.ptolemy.*,org.terraswarm.*,ptolemy.*,ptserver.*" />
    <property name="env.TRAVIS_PULL_REQUEST_SLUG" value="" />
    <property name="ant.project.default-target" value="build" />
    <property name="env.GIT_ASKPASS" value="echo" />
    <property name="env.HOME" value="/home/travis" />
    <property name="sun.java.command" value="org.apache.tools.ant.taskdefs.optional.junit.JUnitTestRunner ptolemy.actor.lib.test.junit.JUnitTclTest skipNonTests=false filtertrace=true haltOnError=false haltOnFailure=false formatter=org.apache.tools.ant.taskdefs.optional.junit.OutErrSummaryJUnitResultFormatter showoutput=true outputtoformatters=true logfailedtests=true threadid=0 logtestlistenerevents=false formatter=org.apache.tools.ant.taskdefs.optional.junit.XMLJUnitResultFormatter,/home/travis/build/icyphy/ptII/reports/junit/TEST-ptolemy.actor.lib.test.junit.JUnitTclTest.xml crashfile=/home/travis/build/icyphy/ptII/junitvmwatcher1243281337311546436.properties propsfile=/home/travis/build/icyphy/ptII/junit3085919381765794411.properties" />
    <property name="env.MANPATH" value="/home/travis/.nvm/versions/node/v7.10.1/share/man:/home/travis/.kiex/elixirs/elixir-1.4.5/man:/home/travis/.rvm/rubies/ruby-2.4.1/share/man:/usr/local/man:/usr/local/cmake-3.9.2/man:/usr/local/clang-5.0.0/share/man:/usr/local/share/man:/usr/share/man:/home/travis/.rvm/man" />
    <property name="env.COMPOSER_NO_INTERACTION" value="1" />
    <property name="env.JDK_SWITCHER_DEFAULT" value="oraclejdk8" />
    <property name="ant.file" value="/home/travis/build/icyphy/ptII/build.xml" />
    <property name="env.TRAVIS_COMMIT_RANGE" value="5531e350f7ab7f6205b03146fdc15dcd955e6b60...1de8d59dcca1243a2b7e477994c75b2fa592951c" />
    <property name="env._system_name" value="Ubuntu" />
    <property name="timeout" value="2400000" />
    <property name="ptII.classpath.optional.property" value="/home/travis/build/icyphy/ptII/lib/bsh-2.0b4.jar:/home/travis/build/icyphy/ptII/lib/ptCal.jar:/home/travis/build/icyphy/ptII/lib/java_cup.jar:/home/travis/build/icyphy/ptII/lib/saxon8.jar:/home/travis/build/icyphy/ptII/lib/saxon8-dom.jar:/home/travis/build/icyphy/ptII/lib/chic.jar:/home/travis/build/icyphy/ptII/lib/ptcolt.jar:/usr/lib/jvm/java-8-oracle/lib/tools.jar:/usr/lib/eclipse/plugins/org.eclipse.jdt.core_3.8.2.dist.jar:/usr/lib/eclipse/plugins/org.eclipse.core.runtime_3.8.0.dist.jar:/usr/lib/eclipse/plugins/org.eclipse.osgi_3.8.1.dist.jar:/usr/lib/eclipse/plugins/org.eclipse.core.resources_3.8.1.dist.jar:/usr/lib/eclipse/plugins/org.eclipse.equinox.common_3.6.100.dist.jar:/usr/lib/eclipse/plugins/org.eclipse.core.jobs_3.5.200.dist.jar:/usr/lib/eclipse/plugins/org.eclipse.core.contenttype_3.4.200.dist.jar:/usr/lib/eclipse/plugins/org.eclipse.equinox.preferences_3.5.0.dist.jar:/usr/lib/eclipse/plugins/org.eclipse.text_3.5.200.dist.jar:/usr/lib/eclipse/plugins/org.eclipse.ui.workbench_3.8.1.dist.jar:/usr/lib/eclipse/plugins/org.eclipse.jface_3.8.0.dist.jar:/usr/lib/eclipse/plugins/org.eclipse.swt_3.8.2.jar:/usr/lib/eclipse/plugins/org.eclipse.jface.text_3.8.1.dist.jar:/usr/lib/eclipse/plugins/org.eclipse.ui.workbench.texteditor_3.8.0.dist.jar:/usr/lib/eclipse/plugins/org.eclipse.ui.editors_3.8.0.dist.jar:/usr/lib/eclipse/plugins/org.eclipse.core.commands_3.6.1.dist.jar:/usr/lib/eclipse/plugins/org.eclipse.equinox.registry_3.5.200.dist.jar:/usr/lib/eclipse/plugins/org.eclipse.ui.console_3.5.100.dist.jar:/usr/lib/eclipse/plugins/org.eclipse.ui.forms_3.5.200.dist.jar:/usr/lib/eclipse/plugins/org.eclipse.ui.ide_3.8.1.dist.jar:/home/travis/build/icyphy/ptII/vendors/oracle/dbxml.jar:/home/travis/build/icyphy/ptII/vendors/oracle/db.jar:/home/travis/build/icyphy/ptII/vendors/misc/itext/iText.jar:/home/travis/build/icyphy/ptII/lib/g4ltl.jar:/home/travis/build/icyphy/ptII/lib/StructuralCoder.jar:/home/travis/build/icyphy/ptII/lib/org-openide-util.jar:/home/travis/build/icyphy/ptII/lib/org-openide-util-lookup.jar:/home/travis/build/icyphy/ptII/lib/org-netbeans-api-visual.jar:/home/travis/build/icyphy/ptII/vendors/jai-1_1_2_01/lib/jai_core.jar:/home/travis/build/icyphy/ptII/vendors/jai-1_1_2_01/lib/jai_codec.jar:/home/travis/build/icyphy/ptII/lib/jcerti.jar:/home/travis/build/icyphy/ptII/lib/smack.jar:/home/travis/build/icyphy/ptII/lib/smackx.jar:/home/travis/build/icyphy/ptII/lib/jetty-all-8.1.5-v20120716.jar:/home/travis/build/icyphy/ptII/lib/javax.servlet-api-3.0.1.jar:/home/travis/build/icyphy/ptII/lib/javax.mail.jar:/home/travis/build/icyphy/ptII/vendors/JMF-2.1.1e/lib/jmf.jar:/home/travis/build/icyphy/ptII/lib/jna-4.0.0-variadic.jar:/home/travis/build/icyphy/ptII/vendors/misc/joystick/Joystick.jar:/home/travis/build/icyphy/ptII/lib/ptjacl.jar:/home/travis/build/icyphy/ptII/lib/jsoup-1.8.2.jar:/home/travis/build/icyphy/ptII/lib/junit-4.8.2.jar:/home/travis/build/icyphy/ptII/lib/JUnitParams-0.4.0.jar:/home/travis/build/icyphy/ptII/ptolemy/actor/lib/excel/jxl.jar:/home/travis/build/icyphy/ptII/lib/jython.jar:/home/travis/build/icyphy/ptII/lib/kieler.jar:/home/travis/build/icyphy/ptII/vendors/opencv/share/OpenCV/java/opencv-341.jar:/home/travis/build/icyphy/ptII/lib/oscP5.jar:/home/travis/build/icyphy/ptII/lib/nrjavaserial-3.11.0.devel.jar:/home/travis/build/icyphy/ptII/vendors/j3d/lib/j3dcore.jar:/home/travis/build/icyphy/ptII/vendors/j3d/lib/j3dutils.jar:/home/travis/build/icyphy/ptII/vendors/j3d/lib/vecmath.jar:/home/travis/build/icyphy/ptII/ptolemy/distributed/jini/jar/jini-core.jar:/home/travis/build/icyphy/ptII/ptolemy/distributed/jini/jar/jini-ext.jar:/home/travis/build/icyphy/ptII/ptolemy/distributed/jini/jar/sun-util.jar:/home/travis/build/icyphy/ptII/lib/protobuf-java-2.4.1.jar:/home/travis/build/icyphy/ptII/lib/org.eclipse.paho.client.mqttv3.jar:/home/travis/build/icyphy/ptII/ptserver/lib/hessian-4.0.7.jar:/home/travis/build/icyphy/ptII/ptserver/lib/wmqtt.jar:/home/travis/build/icyphy/ptII/lib/mapss.jar:/home/travis/build/icyphy/ptII/ptolemy/actor/ptalon/antlr/antlr.jar:/home/travis/build/icyphy/ptII/lib/JRI.jar:/home/travis/build/icyphy/ptII/lib/commons-lang-2.6.jar:/home/travis/build/icyphy/ptII/lib/commons-logging-1.1.1.jar:/home/travis/build/icyphy/ptII/lib/sootclasses.jar:/home/travis/build/icyphy/ptII/ptolemy/actor/lib/database/mysql-connector-java-5.1.6-bin.jar:/home/travis/build/icyphy/ptII/vendors/misc/sphinx4/sphinx4-data-5prealpha.jar:/home/travis/build/icyphy/ptII/vendors/misc/sphinx4/sphinx4-core-5prealpha.jar:/home/travis/build/icyphy/ptII/lib/PDFRenderer.jar:/home/travis/build/icyphy/ptII/lib/svgSalamander.jar:/home/travis/build/icyphy/ptII/lib/rsyntaxtextarea-2.6.0-SNAPSHOT.jar:/home/travis/build/icyphy/ptII/lib/hazelcast-3.8.2.jar:/home/travis/build/icyphy/ptII/lib/jackson-annotations-2.9.0.jar:/home/travis/build/icyphy/ptII/lib/jackson-core-2.9.3.jar:/home/travis/build/icyphy/ptII/lib/jackson-databind-2.9.3.jar:/home/travis/build/icyphy/ptII/lib/netty-buffer-4.1.19.Final.jar:/home/travis/build/icyphy/ptII/lib/netty-codec-4.1.19.Final.jar:/home/travis/build/icyphy/ptII/lib/netty-codec-dns-4.1.19.Final.jar:/home/travis/build/icyphy/ptII/lib/netty-codec-http-4.1.19.Final.jar:/home/travis/build/icyphy/ptII/lib/netty-codec-http2-4.1.19.Final.jar:/home/travis/build/icyphy/ptII/lib/netty-common-4.1.19.Final.jar:/home/travis/build/icyphy/ptII/lib/netty-handler-4.1.19.Final.jar:/home/travis/build/icyphy/ptII/lib/netty-resolver-4.1.19.Final.jar:/home/travis/build/icyphy/ptII/lib/netty-resolver-dns-4.1.19.Final.jar:/home/travis/build/icyphy/ptII/lib/netty-transport-4.1.19.Final.jar:/home/travis/build/icyphy/ptII/lib/vertx-codegen-3.5.1.jar:/home/travis/build/icyphy/ptII/lib/vertx-core-3.5.2-SNAPSHOT.jar:/home/travis/build/icyphy/ptII/lib/vertx-hazelcast-3.5.1.jar:/home/travis/build/icyphy/ptII/lib/vertx-lang-js-3.5.1.jar:/home/travis/build/icyphy/ptII/lib/vertx-service-proxy-3.5.1.jar:/home/travis/build/icyphy/ptII/lib/vertx-web-3.5.1.jar:/home/travis/build/icyphy/ptII/lib/slf4j-api-1.7.13.jar:/home/travis/build/icyphy/ptII/lib/slf4j-simple-1.7.13.jar:/home/travis/build/icyphy/ptII/lib/webcam-capture-0.3.12.jar:/home/travis/build/icyphy/ptII/lib/bridj-0.7.0.jar:/home/travis/build/icyphy/ptII/lib/xbjlib-1.1.0.nrjavaserial.jar" />
    <property name="test.batch" value="**/junit/*.java" />
    <property name="env._" value="/usr/bin/timeout" />
    <property name="java.io.tmpdir" value="/tmp" />
    <property name="user.language" value="en" />
    <property name="env.HISTCONTROL" value="ignoredups:ignorespace" />
    <property name="env.GOROOT" value="/home/travis/.gimme/versions/go1.7.4.linux.amd64" />
    <property name="line.separator" value="&#xa;" />
    <property name="target" value="1.8" />
    <property name="env.TRAVIS_BUILD_DIR" value="/home/travis/build/icyphy/ptII" />
    <property name="env.ANT_OPTS" value="-Xmx2048m" />
    <property name="ant.file.type" value="file" />
    <property name="ptolemy.ptII.batchMode" value="true" />
    <property name="env.HISTSIZE" value="1000" />
    <property name="env.MERB_ENV" value="test" />
    <property name="java.vm.info" value="mixed mode" />
    <property name="source" value="1.8" />
    <property name="java.vm.specification.name" value="Java Virtual Machine Specification" />
    <property name="env.TRAVIS_TEST_RESULT" value="0" />
    <property name="jsdoc.command" value="node_modules/@terraswarm/jsdoc/jsdoc.js" />
    <property name="npm.works" value="true" />
    <property name="cobertura.dir" value="/home/travis/build/icyphy/ptII/vendors/cobertura-2.0.3" />
    <property name="env.rvm_path" value="/home/travis/.rvm" />
    <property name="env.GEM_PATH" value="/home/travis/.rvm/gems/ruby-2.4.1:/home/travis/.rvm/gems/ruby-2.4.1@global" />
    <property name="env.LC_CTYPE" value="en_US.UTF-8" />
    <property name="java.awt.printerjob" value="sun.print.PSPrinterJob" />
    <property name="env.TRAVIS_STACK_NAME" value="garnet" />
    <property name="ant.version" value="Apache Ant(TM) version 1.10.1 compiled on February 2 2017" />
    <property name="ptII.reports" value="/home/travis/build/icyphy/ptII/reports" />
    <property name="env.TRAVIS_STACK_TIMESTAMP" value="2017-12-05 19:33:09 UTC" />
    <property name="ant.file.type.ptII" value="file" />
    <property name="env.RBENV_SHELL" value="bash" />
    <property name="os.name" value="Linux" />
    <property name="java.specification.vendor" value="Oracle Corporation" />
    <property name="env.rvm_version" value="1.29.3 (latest)" />
    <property name="env.TERM" value="xterm" />
    <property name="java.vm.name" value="Java HotSpot(TM) 64-Bit Server VM" />
    <property name="env.TRAVIS_BUILD_NUMBER" value="669" />
    <property name="env.CI" value="true" />
    <property name="java.library.path" value="/home/travis/pthla/certi-tools/lib:/usr/lib/jni:/usr/local/share/OpenCV/java/:/usr/share/OpenCV/java::/usr/java/packages/lib/amd64:/usr/lib64:/lib64:/lib:/usr/lib" />
    <property name="env.rvm_prefix" value="/home/travis" />
    <property name="env.PATH" value="/home/travis/pthla/certi-tools/share/scripts:/home/travis/.rvm/gems/ruby-2.4.1/bin:/home/travis/.rvm/gems/ruby-2.4.1@global/bin:/home/travis/.rvm/rubies/ruby-2.4.1/bin:/home/travis/.rvm/bin:/home/travis/.nvm/versions/node/v7.10.1/bin:./node_modules/.bin:/home/travis/build/icyphy/ptII/bin:/home/travis/pthla/certi-tools/bin:/home/travis/bin:/home/travis/.local/bin:/opt/pyenv/shims:/home/travis/.phpenv/shims:/home/travis/perl5/perlbrew/bin:/home/travis/.kiex/elixirs/elixir-1.4.5/bin:/home/travis/.kiex/bin:/home/travis/gopath/bin:/home/travis/.gimme/versions/go1.7.4.linux.amd64/bin:/usr/local/phantomjs/bin:/usr/local/phantomjs:/usr/local/neo4j-3.2.7/bin:/usr/local/maven-3.5.2/bin:/usr/local/cmake-3.9.2/bin:/usr/local/clang-5.0.0/bin:/usr/local/sbin:/usr/local/bin:/usr/sbin:/usr/bin:/sbin:/bin:/home/travis/.phpenv/bin:/opt/pyenv/bin:/home/travis/.yarn/bin" />
    <property name="env.TRAVIS_OS_NAME" value="linux" />
    <property name="ant.java.version" value="1.8" />
    <property name="basedir" value="/home/travis/build/icyphy/ptII" />
    <property name="java.class.version" value="52.0" />
    <property name="env.SHLVL" value="3" />
    <property name="env.LD_LIBRARY_PATH" value="/home/travis/pthla/certi-tools/lib:/usr/lib/jni:/usr/local/share/OpenCV/java/:/usr/share/OpenCV/java:" />
    <property name="env.RACK_ENV" value="test" />
    <property name="ant.home" value="/home/travis/build/icyphy/ptII/ant" />
    <property name="env.NVM_DIR" value="/home/travis/.nvm" />
    <property name="env.PERLBREW_BASHRC_VERSION" value="0.80" />
    <property name="env.CERTI_FOM_PATH" value="/home/travis/pthla/certi-tools/share/federations" />
    <property name="env.TRAVIS_BUILD_ID" value="408761085" />
    <property name="env.PYENV_ROOT" value="/opt/pyenv" />
    <property name="env.TRAVIS_UID" value="2000" />
    <property name="env.rvm_pretty_print_flag" value="auto" />
    <property name="env.NVM_BIN" value="/home/travis/.nvm/versions/node/v7.10.1/bin" />
    <property name="env.TRAVIS_COMMIT" value="1de8d59dcca1243a2b7e477994c75b2fa592951c" />
    <property name="env._system_arch" value="x86_64" />
    <property name="node.executable" value="node" />
    <property name="sun.boot.library.path" value="/usr/lib/jvm/java-8-oracle/jre/lib/amd64" />
    <property name="sun.management.compiler" value="HotSpot 64-Bit Tiered Compilers" />
    <property name="env.GOPATH" value="/home/travis/gopath" />
    <property name="java.awt.graphicsenv" value="sun.awt.X11GraphicsEnvironment" />
    <property name="ptolemy.ptII.dir" value="/home/travis/build/icyphy/ptII" />
    <property name="env.USER" value="travis" />
    <property name="env.HISTFILESIZE" value="2000" />
    <property name="timeout.longest" value="19000000" />
    <property name="env.TRAVIS_STACK_FEATURES" value="basic cassandra chromium couchdb disabled-ipv6 docker docker-compose elasticsearch firefox go-toolchain google-chrome jdk memcached mongodb mysql neo4j nodejs_interpreter perl_interpreter perlbrew phantomjs postgresql python_interpreter rabbitmq redis riak ruby_interpreter sqlite xserver" />
    <property name="env.TRAVIS_PULL_REQUEST" value="false" />
    <property name="env.PYENV_SHELL" value="bash" />
    <property name="ant.project.name" value="ptII" />
    <property name="java.vm.specification.version" value="1.8" />
    <property name="env.TRAVIS_DIST" value="trusty" />
    <property name="env.CERTI_VERSION" value="4.0.0" />
    <property name="env.NLSPATH" value="/usr/dt/lib/nls/msg/%L/%N.cat" />
    <property name="awt.toolkit" value="sun.awt.X11.XToolkit" />
    <property name="env.CERTI_HOST" value="localhost" />
    <property name="env.MY_RUBY_HOME" value="/home/travis/.rvm/rubies/ruby-2.4.1" />
    <property name="sun.cpu.isalist" value="" />
    <property name="java.ext.dirs" value="/usr/lib/jvm/java-8-oracle/jre/lib/ext:/usr/java/packages/lib/ext" />
    <property name="os.version" value="4.4.0-101-generic" />
    <property name="user.home" value="/home/travis" />
    <property name="env.MIX_ARCHIVES" value="/home/travis/.kiex/mix/elixir-1.4.5" />
    <property name="java.vm.vendor" value="Oracle Corporation" />
    <property name="env.TRAVIS_TAG" value="nightly" />
    <property name="env.TRAVIS_FILTERED" value="redirect_io" />
    <property name="env.JAVA_HOME" value="/usr/lib/jvm/java-8-oracle" />
    <property name="env.PTII" value="/home/travis/build/icyphy/ptII" />
    <property name="javadoc.excludepackagenames" value="adm.cvs2svn.*,build.*,config.*,doc.coding.templates.*,jni.test.jni.meaningOfLife.*,jni.test.jni.testDeux.*,jni.test.jni.testTrois.*,org.terraswarm.accessor.accessors.web.node_modules.*,org.terraswarm.accessor.accessors.web.hosts.cordova.demo.*,org.terraswarm.accessor.accessors.web.hosts.cordova.plugins.*,org.terraswarm.accessor.accessors-svn.*,pt-modules.*,ptolemy.apps.agilent.*,ptolemy.apps.anytimecontrol.*,ptolemy.apps.apes.*,ptolemy.apps.charon.*,ptolemy.apps.crazyboard.*,ptolemy.apps.eclipse.*,ptolemy.apps.etherealSting.*,ptolemy.apps.fullscreen.*,ptolemy.apps.giotto.*,ptolemy.apps.ia.*,ptolemy.apps.interfaces.*,ptolemy.apps.jmf.*,ptolemy.apps.kurt.*,ptolemy.apps.kvm.*,ptolemy.apps.lego.*,ptolemy.apps.lejos.*,ptolemy.apps.midp.*,ptolemy.apps.mobileCoding.*,ptolemy.apps.pendulum.*,ptolemy.apps.rijndael.*,ptolemy.apps.robot.*,ptolemy.apps.security.*,ptolemy.apps.sobel.*,ptolemy.apps.soot.*,ptolemy.apps.throttle.*,ptolemy.apps.tini.*,ptolemy.apps.transmission.*,ptolemy.apps.vergil.*,ptolemy.apps.waba.*,ptolemy.apps.websensor.*,ptolemy.apps.webstart.*,ptolemy.apps.xsl.*,ptolemy.apps.zaurus.*,ptolemy.backtrack.eclipse.plugin.*,ptolemy.backtrack.test.*,ptolemy.codegen.c.actor.lib.oldJavaFiles.*,ptolemy.codegen.dsp.lib.*,ptolemy.codegen.kernel.newInterfaces.*,ptolemy.codegen.lib.*,ptolemy.copernicus.kernel.fragment.*,ptolemy.copernicus.shallow.cg.*,ptolemy.domains.giotto.demo.Hierarchy.Hierarchy.*,ptolemy.domains.giotto.demo.Multimode.Multimode.*,ptolemy.domains.giotto.demo.Simple.Simple.*,ptolemy.domains.gr.lib.experimental.*,ptolemy.domains.gro.*,ptolemy.domains.pdf.*,ptolemy.domains.ptinyos.demo.Surge.output.*,ptolemy.moml.test.NoPackageActor.java*,ptolemy.plot.adm.*,ptolemy.plot.servlet.*,reports.*,signed.*,src.*,target.*,vendors.*,ptolemy.cg.adapter.generic.program.procedural.c.mbed*,ptolemy.actor.lib.fmi.fmus.omc*,ptolemy.domains.openmodelica*,ptdb.kernel.bl.save.test.*,ptdb.kernel.bl.load.test.*,ptdb.kernel.bl.search.test.*,ptdb.kernel.bl.migration.test.*,ptdb.kernel.database.test.*,ptdb.test.*,ptdb.gui.test.*,org.ptolemy.scala.*,diva.util.java2d.svg.*,ptolemy.domains.ptinyos.*,ptolemy.actor.lib.fmi.fmipp.*,,org.terraswarm.accessor.accessors.web.node_modules.*,org.terraswarm.accessor.accessors-svn,ptolemy.apps.*,ptolemy.actor.ptalon.demo.ptinyos.SendAndReceiveCnt.output,ptolemy.actor.ptalon.demo.ptinyos.SenseToLeds.output,ptolemy.domains.ptinyos.demo.CntToLedsAndRfm.output,ptolemy.domains.ptinyos.demo.RfmToLeds.output,ptolemy.domains.ptinyos.demo.SendAndReceiveCnt.output,ptolemy.domains.ptinyos.demo.SenseToLeds.output,ptolemy.actor.lib.jjs.modules.udpSocket.*" />
    <property name="env.TRAVIS_COMMIT_MESSAGE" value="Updated Yaml file to send me notifications" />
    <property name="keystore" value="ptKeystore" />
    <property name="env.XDG_SESSION_ID" value="2" />
    <property name="junit.output.dir" value="/home/travis/build/icyphy/ptII/reports/junit" />
    <property name="npm.return.code" value="0" />
    <property name="user.dir" value="/home/travis/build/icyphy/ptII/ptolemy/actor/lib/test" />
    <property name="env.TRAVIS_NODE_VERSION" value="7" />
    <property name="env.XFILESEARCHPATH" value="/usr/dt/app-defaults/%L/Dt" />
    <property name="env.TRAVIS_EVENT_TYPE" value="cron" />
    <property name="env.MAIL" value="/var/mail/travis" />
    <property name="env.PERLBREW_ROOT" value="/home/travis/perl5/perlbrew" />
    <property name="env.PWD" value="/home/travis/build/icyphy/ptII" />
    <property name="timeout.npm" value="45000" />
    <property name="env.PAGER" value="cat" />
    <property name="sun.cpu.endian" value="little" />
    <property name="env.TRAVIS_BUILD_STAGE_NAME" value="Test" />
    <property name="env.PERLBREW_HOME" value="/home/travis/.perlbrew" />
    <property name="env.RAILS_ENV" value="test" />
    <property name="java.vm.version" value="25.151-b12" />
    <property name="java.class.path" value="/home/travis/.ptolemyII:/home/travis/.ptolemyII/*:/home/travis/build/icyphy/ptII:/home/travis/build/icyphy/ptII/lib/bsh-2.0b4.jar:/home/travis/build/icyphy/ptII/lib/ptCal.jar:/home/travis/build/icyphy/ptII/lib/java_cup.jar:/home/travis/build/icyphy/ptII/lib/saxon8.jar:/home/travis/build/icyphy/ptII/lib/saxon8-dom.jar:/home/travis/build/icyphy/ptII/lib/chic.jar:/home/travis/build/icyphy/ptII/lib/ptcolt.jar:/usr/lib/jvm/java-8-oracle/lib/tools.jar:/usr/lib/eclipse/plugins/org.eclipse.jdt.core_3.8.2.dist.jar:/usr/lib/eclipse/plugins/org.eclipse.core.runtime_3.8.0.dist.jar:/usr/lib/eclipse/plugins/org.eclipse.osgi_3.8.1.dist.jar:/usr/lib/eclipse/plugins/org.eclipse.core.resources_3.8.1.dist.jar:/usr/lib/eclipse/plugins/org.eclipse.equinox.common_3.6.100.dist.jar:/usr/lib/eclipse/plugins/org.eclipse.core.jobs_3.5.200.dist.jar:/usr/lib/eclipse/plugins/org.eclipse.core.contenttype_3.4.200.dist.jar:/usr/lib/eclipse/plugins/org.eclipse.equinox.preferences_3.5.0.dist.jar:/usr/lib/eclipse/plugins/org.eclipse.text_3.5.200.dist.jar:/usr/lib/eclipse/plugins/org.eclipse.ui.workbench_3.8.1.dist.jar:/usr/lib/eclipse/plugins/org.eclipse.jface_3.8.0.dist.jar:/usr/lib/eclipse/plugins/org.eclipse.swt_3.8.2.jar:/usr/lib/eclipse/plugins/org.eclipse.jface.text_3.8.1.dist.jar:/usr/lib/eclipse/plugins/org.eclipse.ui.workbench.texteditor_3.8.0.dist.jar:/usr/lib/eclipse/plugins/org.eclipse.ui.editors_3.8.0.dist.jar:/usr/lib/eclipse/plugins/org.eclipse.core.commands_3.6.1.dist.jar:/usr/lib/eclipse/plugins/org.eclipse.equinox.registry_3.5.200.dist.jar:/usr/lib/eclipse/plugins/org.eclipse.ui.console_3.5.100.dist.jar:/usr/lib/eclipse/plugins/org.eclipse.ui.forms_3.5.200.dist.jar:/usr/lib/eclipse/plugins/org.eclipse.ui.ide_3.8.1.dist.jar:/home/travis/build/icyphy/ptII/vendors/oracle/dbxml.jar:/home/travis/build/icyphy/ptII/vendors/oracle/db.jar:/home/travis/build/icyphy/ptII/vendors/misc/itext/iText.jar:/home/travis/build/icyphy/ptII/lib/g4ltl.jar:/home/travis/build/icyphy/ptII/lib/StructuralCoder.jar:/home/travis/build/icyphy/ptII/lib/org-openide-util.jar:/home/travis/build/icyphy/ptII/lib/org-openide-util-lookup.jar:/home/travis/build/icyphy/ptII/lib/org-netbeans-api-visual.jar:/home/travis/build/icyphy/ptII/vendors/jai-1_1_2_01/lib/jai_core.jar:/home/travis/build/icyphy/ptII/vendors/jai-1_1_2_01/lib/jai_codec.jar:/home/travis/build/icyphy/ptII/lib/jcerti.jar:/home/travis/build/icyphy/ptII/lib/smack.jar:/home/travis/build/icyphy/ptII/lib/smackx.jar:/home/travis/build/icyphy/ptII/lib/jetty-all-8.1.5-v20120716.jar:/home/travis/build/icyphy/ptII/lib/javax.servlet-api-3.0.1.jar:/home/travis/build/icyphy/ptII/lib/javax.mail.jar:/home/travis/build/icyphy/ptII/vendors/JMF-2.1.1e/lib/jmf.jar:/home/travis/build/icyphy/ptII/lib/jna-4.0.0-variadic.jar:/home/travis/build/icyphy/ptII/vendors/misc/joystick/Joystick.jar:/home/travis/build/icyphy/ptII/lib/ptjacl.jar:/home/travis/build/icyphy/ptII/lib/jsoup-1.8.2.jar:/home/travis/build/icyphy/ptII/lib/junit-4.8.2.jar:/home/travis/build/icyphy/ptII/lib/JUnitParams-0.4.0.jar:/home/travis/build/icyphy/ptII/ptolemy/actor/lib/excel/jxl.jar:/home/travis/build/icyphy/ptII/lib/jython.jar:/home/travis/build/icyphy/ptII/lib/kieler.jar:/home/travis/build/icyphy/ptII/vendors/opencv/share/OpenCV/java/opencv-341.jar:/home/travis/build/icyphy/ptII/lib/oscP5.jar:/home/travis/build/icyphy/ptII/lib/nrjavaserial-3.11.0.devel.jar:/home/travis/build/icyphy/ptII/vendors/j3d/lib/j3dcore.jar:/home/travis/build/icyphy/ptII/vendors/j3d/lib/j3dutils.jar:/home/travis/build/icyphy/ptII/vendors/j3d/lib/vecmath.jar:/home/travis/build/icyphy/ptII/ptolemy/distributed/jini/jar/jini-core.jar:/home/travis/build/icyphy/ptII/ptolemy/distributed/jini/jar/jini-ext.jar:/home/travis/build/icyphy/ptII/ptolemy/distributed/jini/jar/sun-util.jar:/home/travis/build/icyphy/ptII/lib/protobuf-java-2.4.1.jar:/home/travis/build/icyphy/ptII/lib/org.eclipse.paho.client.mqttv3.jar:/home/travis/build/icyphy/ptII/ptserver/lib/hessian-4.0.7.jar:/home/travis/build/icyphy/ptII/ptserver/lib/wmqtt.jar:/home/travis/build/icyphy/ptII/lib/mapss.jar:/home/travis/build/icyphy/ptII/ptolemy/actor/ptalon/antlr/antlr.jar:/home/travis/build/icyphy/ptII/lib/JRI.jar:/home/travis/build/icyphy/ptII/lib/commons-lang-2.6.jar:/home/travis/build/icyphy/ptII/lib/commons-logging-1.1.1.jar:/home/travis/build/icyphy/ptII/lib/sootclasses.jar:/home/travis/build/icyphy/ptII/ptolemy/actor/lib/database/mysql-connector-java-5.1.6-bin.jar:/home/travis/build/icyphy/ptII/vendors/misc/sphinx4/sphinx4-data-5prealpha.jar:/home/travis/build/icyphy/ptII/vendors/misc/sphinx4/sphinx4-core-5prealpha.jar:/home/travis/build/icyphy/ptII/lib/PDFRenderer.jar:/home/travis/build/icyphy/ptII/lib/svgSalamander.jar:/home/travis/build/icyphy/ptII/lib/rsyntaxtextarea-2.6.0-SNAPSHOT.jar:/home/travis/build/icyphy/ptII/lib/hazelcast-3.8.2.jar:/home/travis/build/icyphy/ptII/lib/jackson-annotations-2.9.0.jar:/home/travis/build/icyphy/ptII/lib/jackson-core-2.9.3.jar:/home/travis/build/icyphy/ptII/lib/jackson-databind-2.9.3.jar:/home/travis/build/icyphy/ptII/lib/netty-buffer-4.1.19.Final.jar:/home/travis/build/icyphy/ptII/lib/netty-codec-4.1.19.Final.jar:/home/travis/build/icyphy/ptII/lib/netty-codec-dns-4.1.19.Final.jar:/home/travis/build/icyphy/ptII/lib/netty-codec-http-4.1.19.Final.jar:/home/travis/build/icyphy/ptII/lib/netty-codec-http2-4.1.19.Final.jar:/home/travis/build/icyphy/ptII/lib/netty-common-4.1.19.Final.jar:/home/travis/build/icyphy/ptII/lib/netty-handler-4.1.19.Final.jar:/home/travis/build/icyphy/ptII/lib/netty-resolver-4.1.19.Final.jar:/home/travis/build/icyphy/ptII/lib/netty-resolver-dns-4.1.19.Final.jar:/home/travis/build/icyphy/ptII/lib/netty-transport-4.1.19.Final.jar:/home/travis/build/icyphy/ptII/lib/vertx-codegen-3.5.1.jar:/home/travis/build/icyphy/ptII/lib/vertx-core-3.5.2-SNAPSHOT.jar:/home/travis/build/icyphy/ptII/lib/vertx-hazelcast-3.5.1.jar:/home/travis/build/icyphy/ptII/lib/vertx-lang-js-3.5.1.jar:/home/travis/build/icyphy/ptII/lib/vertx-service-proxy-3.5.1.jar:/home/travis/build/icyphy/ptII/lib/vertx-web-3.5.1.jar:/home/travis/build/icyphy/ptII/lib/slf4j-api-1.7.13.jar:/home/travis/build/icyphy/ptII/lib/slf4j-simple-1.7.13.jar:/home/travis/build/icyphy/ptII/lib/webcam-capture-0.3.12.jar:/home/travis/build/icyphy/ptII/lib/bridj-0.7.0.jar:/home/travis/build/icyphy/ptII/lib/xbjlib-1.1.0.nrjavaserial.jar:/home/travis/build/icyphy/ptII/ptolemy/moml/test:/home/travis/build/icyphy/ptII/ant/lib/ant-launcher.jar:/home/travis/build/icyphy/ptII/ant/lib/ant.jar:/home/travis/build/icyphy/ptII/ant/lib/ant-junit.jar:/home/travis/build/icyphy/ptII/ant/lib/ant-junit4.jar" />
    <property name="ant.library.dir" value="/home/travis/build/icyphy/ptII/ant/lib" />
    <property name="os.arch" value="amd64" />
    <property name="env.TRAVIS_LANGUAGE" value="node_js" />
    <property name="env.CONTINUOUS_INTEGRATION" value="true" />
    <property name="env.TRAVIS_STACK_LANGUAGES" value="__garnet__ c c++ clojure cplusplus cpp default go groovy java node_js php pure_java python ruby scala" />
    <property name="test.name" value="ptolemy.actor.lib.test.junit.JUnitTclTest" />
    <property name="sun.java.launcher" value="SUN_STANDARD" />
    <property name="env.PYTHON_CONFIGURE_OPTS" value="--enable-unicode=ucs4 --with-wide-unicode --enable-shared --enable-ipv6 --enable-loadable-sqlite-extensions --with-computed-gotos" />
    <property name="ant.core.lib" value="/home/travis/build/icyphy/ptII/ant/lib/ant.jar" />
    <property name="java.vm.specification.vendor" value="Oracle Corporation" />
    <property name="env.BCVTB_HOME" value="/home/travis/build/icyphy/ptII/lbnl" />
    <property name="file.separator" value="/" />
    <property name="java.runtime.version" value="1.8.0_151-b12" />
    <property name="spotbugs.home" value="/home/travis/build/icyphy/ptII/vendors/spotbugs-3.1.1" />
    <property name="sun.boot.class.path" value="/usr/lib/jvm/java-8-oracle/jre/lib/resources.jar:/usr/lib/jvm/java-8-oracle/jre/lib/rt.jar:/usr/lib/jvm/java-8-oracle/jre/lib/sunrsasign.jar:/usr/lib/jvm/java-8-oracle/jre/lib/jsse.jar:/usr/lib/jvm/java-8-oracle/jre/lib/jce.jar:/usr/lib/jvm/java-8-oracle/jre/lib/charsets.jar:/usr/lib/jvm/java-8-oracle/jre/lib/jfr.jar:/usr/lib/jvm/java-8-oracle/jre/classes" />
    <property name="env.HAS_JOSH_K_SEAL_OF_APPROVAL" value="true" />
    <property name="env.XDG_RUNTIME_DIR" value="/run/user/2000" />
    <property name="env.TRAVIS_OSX_IMAGE" value="" />
    <property name="env.TRAVIS_BRANCH" value="master" />
    <property name="env.TRAVIS_JOB_ID" value="408761093" />
    <property name="user.country" value="US" />
    <property name="env.CERTI_HOME_TRAVIS" value="/home/travis/pthla/certi-tools" />
    <property name="env.SHELL" value="/bin/bash" />
    <property name="java.maxmemory.large" value="5000m" />
    <property name="model" value="" />
    <property name="env.CASHER_DIR" value="/home/travis/.casher" />
    <property name="env.NVM_CD_FLAGS" value="" />
    <property name="jshint.executable" value="/home/travis/node_modules/jshint/bin/jshint" />
    <property name="java.vendor" value="Oracle Corporation" />
    <property name="env.JRUBY_OPTS" value=" --client -J-XX:+TieredCompilation -J-XX:TieredStopAtLevel=1 -J-Xss2m -Xcompile.invokedynamic=false" />
    <property name="env.TRAVIS_PRE_CHEF_BOOTSTRAP_TIME" value="2017-12-05T19:32:55" />
    <property name="env.ELIXIR_VERSION" value="1.4.5" />
    <property name="env.TRAVIS_STACK_JOB_BOARD_REGISTER" value="/.job-board-register.yml" />
    <property name="java.specification.version" value="1.8" />
    <property name="env.TRAVIS" value="true" />
    <property name="env.IRBRC" value="/home/travis/.rvm/rubies/ruby-2.4.1/.irbrc" />
    <property name="sun.arch.data.model" value="64" />
  </properties>
  <testcase classname="ptolemy.util.test.junit.TclTests" name="[0] /home/travis/build/icyphy/ptII/ptolemy/actor/lib/test/AbsoluteValue.tcl (RunTclFile)" time="0.506" />
  <testcase classname="ptolemy.util.test.junit.TclTests" name="[1] /home/travis/build/icyphy/ptII/ptolemy/actor/lib/test/AddSubtract.tcl (RunTclFile)" time="0.1" />
  <testcase classname="ptolemy.util.test.junit.TclTests" name="[2] /home/travis/build/icyphy/ptII/ptolemy/actor/lib/test/Average.tcl (RunTclFile)" time="0.043" />
  <testcase classname="ptolemy.util.test.junit.TclTests" name="[3] /home/travis/build/icyphy/ptII/ptolemy/actor/lib/test/Bernoulli.tcl (RunTclFile)" time="0.029" />
  <testcase classname="ptolemy.util.test.junit.TclTests" name="[4] /home/travis/build/icyphy/ptII/ptolemy/actor/lib/test/Clock.tcl (RunTclFile)" time="0.08" />
  <testcase classname="ptolemy.util.test.junit.TclTests" name="[5] /home/travis/build/icyphy/ptII/ptolemy/actor/lib/test/Commutator.tcl (RunTclFile)" time="0.162" />
  <testcase classname="ptolemy.util.test.junit.TclTests" name="[6] /home/travis/build/icyphy/ptII/ptolemy/actor/lib/test/Const.tcl (RunTclFile)" time="0.099" />
  <testcase classname="ptolemy.util.test.junit.TclTests" name="[7] /home/travis/build/icyphy/ptII/ptolemy/actor/lib/test/CurrentTime.tcl (RunTclFile)" time="0.018" />
  <testcase classname="ptolemy.util.test.junit.TclTests" name="[8] /home/travis/build/icyphy/ptII/ptolemy/actor/lib/test/DB.tcl (RunTclFile)" time="0.019" />
  <testcase classname="ptolemy.util.test.junit.TclTests" name="[9] /home/travis/build/icyphy/ptII/ptolemy/actor/lib/test/DiscreteRandomSource.tcl (RunTclFile)" time="0.04" />
  <testcase classname="ptolemy.util.test.junit.TclTests" name="[10] /home/travis/build/icyphy/ptII/ptolemy/actor/lib/test/Distributor.tcl (RunTclFile)" time="0.04" />
  <testcase classname="ptolemy.util.test.junit.TclTests" name="[11] /home/travis/build/icyphy/ptII/ptolemy/actor/lib/test/Exit.tcl (RunTclFile)" time="0.039" />
  <testcase classname="ptolemy.util.test.junit.TclTests" name="[12] /home/travis/build/icyphy/ptII/ptolemy/actor/lib/test/Expression.tcl (RunTclFile)" time="0.103" />
  <testcase classname="ptolemy.util.test.junit.TclTests" name="[13] /home/travis/build/icyphy/ptII/ptolemy/actor/lib/test/Gaussian.tcl (RunTclFile)" time="0.617" />
  <testcase classname="ptolemy.util.test.junit.TclTests" name="[14] /home/travis/build/icyphy/ptII/ptolemy/actor/lib/test/IIR.tcl (RunTclFile)" time="0.047" />
  <testcase classname="ptolemy.util.test.junit.TclTests" name="[15] /home/travis/build/icyphy/ptII/ptolemy/actor/lib/test/Interpolator.tcl (RunTclFile)" time="0.094" />
  <testcase classname="ptolemy.util.test.junit.TclTests" name="[16] /home/travis/build/icyphy/ptII/ptolemy/actor/lib/test/MathFunction.tcl (RunTclFile)" time="0.083" />
  <testcase classname="ptolemy.util.test.junit.TclTests" name="[17] /home/travis/build/icyphy/ptII/ptolemy/actor/lib/test/Maximum.tcl (RunTclFile)" time="0.056" />
  <testcase classname="ptolemy.util.test.junit.TclTests" name="[18] /home/travis/build/icyphy/ptII/ptolemy/actor/lib/test/Minimum.tcl (RunTclFile)" time="0.035" />
  <testcase classname="ptolemy.util.test.junit.TclTests" name="[19] /home/travis/build/icyphy/ptII/ptolemy/actor/lib/test/MultiplyDivide.tcl (RunTclFile)" time="0.048" />
  <testcase classname="ptolemy.util.test.junit.TclTests" name="[20] /home/travis/build/icyphy/ptII/ptolemy/actor/lib/test/OrderedMerge.tcl (RunTclFile)" time="0.093" />
  <testcase classname="ptolemy.util.test.junit.TclTests" name="[21] /home/travis/build/icyphy/ptII/ptolemy/actor/lib/test/Publisher.tcl (RunTclFile)" time="0.662" />
  <testcase classname="ptolemy.util.test.junit.TclTests" name="[22] /home/travis/build/icyphy/ptII/ptolemy/actor/lib/test/Pulse.tcl (RunTclFile)" time="0.054" />
  <testcase classname="ptolemy.util.test.junit.TclTests" name="[23] /home/travis/build/icyphy/ptII/ptolemy/actor/lib/test/Ramp.tcl (RunTclFile)" time="1.872" />
  <testcase classname="ptolemy.util.test.junit.TclTests" name="[24] /home/travis/build/icyphy/ptII/ptolemy/actor/lib/test/RampContinuous.tcl (RunTclFile)" time="0.021" />
  <testcase classname="ptolemy.util.test.junit.TclTests" name="[25] /home/travis/build/icyphy/ptII/ptolemy/actor/lib/test/RecordAssembler.tcl (RunTclFile)" time="0.016" />
  <testcase classname="ptolemy.util.test.junit.TclTests" name="[26] /home/travis/build/icyphy/ptII/ptolemy/actor/lib/test/RecordDisassembler.tcl (RunTclFile)" time="0.024" />
  <testcase classname="ptolemy.util.test.junit.TclTests" name="[27] /home/travis/build/icyphy/ptII/ptolemy/actor/lib/test/Scale.tcl (RunTclFile)" time="0.024" />
  <testcase classname="ptolemy.util.test.junit.TclTests" name="[28] /home/travis/build/icyphy/ptII/ptolemy/actor/lib/test/SequentialClock.tcl (RunTclFile)" time="0.047" />
  <testcase classname="ptolemy.util.test.junit.TclTests" name="[29] /home/travis/build/icyphy/ptII/ptolemy/actor/lib/test/SetVariable.tcl (RunTclFile)" time="0.013" />
  <testcase classname="ptolemy.util.test.junit.TclTests" name="[30] /home/travis/build/icyphy/ptII/ptolemy/actor/lib/test/Sinewave.tcl (RunTclFile)" time="0.043" />
  <testcase classname="ptolemy.util.test.junit.TclTests" name="[31] /home/travis/build/icyphy/ptII/ptolemy/actor/lib/test/SubscriptionAggregator.tcl (RunTclFile)" time="1.921" />
  <testcase classname="ptolemy.util.test.junit.TclTests" name="[32] /home/travis/build/icyphy/ptII/ptolemy/actor/lib/test/Test.tcl (RunTclFile)" time="0.097" />
  <testcase classname="ptolemy.util.test.junit.TclTests" name="[33] /home/travis/build/icyphy/ptII/ptolemy/actor/lib/test/TestExceptionHandler.tcl (RunTclFile)" time="0.011" />
  <testcase classname="ptolemy.util.test.junit.TclTests" name="[34] /home/travis/build/icyphy/ptII/ptolemy/actor/lib/test/UnionDisassembler.tcl (RunTclFile)" time="0.05" />
  <testcase classname="ptolemy.util.test.junit.TclTests" name="[35] /home/travis/build/icyphy/ptII/ptolemy/actor/lib/test/VariableClock.tcl (RunTclFile)" time="0.016" />
  <testcase classname="ptolemy.util.test.junit.AutoKnownFailedTests" name="[0] /home/travis/build/icyphy/ptII/ptolemy/actor/lib/test/auto/knownFailedTests/PublisherPortToplevelSubscriber.xml (RunModel)" time="0.024" />
  <testcase classname="ptolemy.util.test.junit.AutoKnownFailedTests" name="[1] /home/travis/build/icyphy/ptII/ptolemy/actor/lib/test/auto/knownFailedTests/PublisherSubscriberPortToplevel.xml (RunModel)" time="0.02" />
  <testcase classname="ptolemy.util.test.junit.AutoKnownFailedTests" name="[2] /home/travis/build/icyphy/ptII/ptolemy/actor/lib/test/auto/knownFailedTests/PublisherSubscriptionAggregatorPort.xml (RunModel)" time="0.016" />
  <testcase classname="ptolemy.util.test.junit.AutoKnownFailedTests" name="[3] /home/travis/build/icyphy/ptII/ptolemy/actor/lib/test/auto/knownFailedTests/sizedarray3.xml (RunModel)" time="0.034" />
  <testcase classname="ptolemy.util.test.junit.AutoNameArchTests" name="[0] ThereAreNoAutoArchTests (RunModel)" time="0.062" />
  <testcase classname="ptolemy.util.test.junit.AutoTests" name="[0] /home/travis/build/icyphy/ptII/ptolemy/actor/lib/test/auto/AbsoluteValue.xml (RunModel)" time="0.09" />
  <testcase classname="ptolemy.util.test.junit.AutoTests" name="[1] /home/travis/build/icyphy/ptII/ptolemy/actor/lib/test/auto/AbsoluteValue2.xml (RunModel)" time="0.05" />
  <testcase classname="ptolemy.util.test.junit.AutoTests" name="[2] /home/travis/build/icyphy/ptII/ptolemy/actor/lib/test/auto/Accumulator.xml (RunModel)" time="0.077" />
  <testcase classname="ptolemy.util.test.junit.AutoTests" name="[3] /home/travis/build/icyphy/ptII/ptolemy/actor/lib/test/auto/Accumulator2.xml (RunModel)" time="0.04" />
  <testcase classname="ptolemy.util.test.junit.AutoTests" name="[4] /home/travis/build/icyphy/ptII/ptolemy/actor/lib/test/auto/Accumulator3.xml (RunModel)" time="0.014" />
  <testcase classname="ptolemy.util.test.junit.AutoTests" name="[5] /home/travis/build/icyphy/ptII/ptolemy/actor/lib/test/auto/ArrayAppend.xml (RunModel)" time="0.025" />
  <testcase classname="ptolemy.util.test.junit.AutoTests" name="[6] /home/travis/build/icyphy/ptII/ptolemy/actor/lib/test/auto/ArrayAppend2.xml (RunModel)" time="0.394" />
  <testcase classname="ptolemy.util.test.junit.AutoTests" name="[7] /home/travis/build/icyphy/ptII/ptolemy/actor/lib/test/auto/ArrayAppend3.xml (RunModel)" time="0.018" />
  <testcase classname="ptolemy.util.test.junit.AutoTests" name="[8] /home/travis/build/icyphy/ptII/ptolemy/actor/lib/test/auto/ArrayAppend4.xml (RunModel)" time="0.018" />
  <testcase classname="ptolemy.util.test.junit.AutoTests" name="[9] /home/travis/build/icyphy/ptII/ptolemy/actor/lib/test/auto/ArrayAppend5.xml (RunModel)" time="0.024" />
  <testcase classname="ptolemy.util.test.junit.AutoTests" name="[10] /home/travis/build/icyphy/ptII/ptolemy/actor/lib/test/auto/ArrayAppend6.xml (RunModel)" time="0.032" />
  <testcase classname="ptolemy.util.test.junit.AutoTests" name="[11] /home/travis/build/icyphy/ptII/ptolemy/actor/lib/test/auto/ArrayAppendPerformanceTest.xml (RunModel)" time="0.044" />
  <testcase classname="ptolemy.util.test.junit.AutoTests" name="[12] /home/travis/build/icyphy/ptII/ptolemy/actor/lib/test/auto/ArrayAppendWithEmptyInput.xml (RunModel)" time="0.034" />
  <testcase classname="ptolemy.util.test.junit.AutoTests" name="[13] /home/travis/build/icyphy/ptII/ptolemy/actor/lib/test/auto/ArrayAverage.xml (RunModel)" time="0.031" />
  <testcase classname="ptolemy.util.test.junit.AutoTests" name="[14] /home/travis/build/icyphy/ptII/ptolemy/actor/lib/test/auto/ArrayContains.xml (RunModel)" time="0.025" />
  <testcase classname="ptolemy.util.test.junit.AutoTests" name="[15] /home/travis/build/icyphy/ptII/ptolemy/actor/lib/test/auto/ArrayElement.xml (RunModel)" time="0.02" />
  <testcase classname="ptolemy.util.test.junit.AutoTests" name="[16] /home/travis/build/icyphy/ptII/ptolemy/actor/lib/test/auto/ArrayElementAsMatrix.xml (RunModel)" time="0.04" />
  <testcase classname="ptolemy.util.test.junit.AutoTests" name="[17] /home/travis/build/icyphy/ptII/ptolemy/actor/lib/test/auto/ArrayElementI.xml (RunModel)" time="0.015" />
  <testcase classname="ptolemy.util.test.junit.AutoTests" name="[18] /home/travis/build/icyphy/ptII/ptolemy/actor/lib/test/auto/ArrayExtract.xml (RunModel)" time="0.048" />
  <testcase classname="ptolemy.util.test.junit.AutoTests" name="[19] /home/travis/build/icyphy/ptII/ptolemy/actor/lib/test/auto/ArrayExtract2.xml (RunModel)" time="0.026" />
  <testcase classname="ptolemy.util.test.junit.AutoTests" name="[20] /home/travis/build/icyphy/ptII/ptolemy/actor/lib/test/auto/ArrayLength.xml (RunModel)" time="0.025" />
  <testcase classname="ptolemy.util.test.junit.AutoTests" name="[21] /home/travis/build/icyphy/ptII/ptolemy/actor/lib/test/auto/ArrayLevelCrossing.xml (RunModel)" time="0.031" />
  <testcase classname="ptolemy.util.test.junit.AutoTests" name="[22] /home/travis/build/icyphy/ptII/ptolemy/actor/lib/test/auto/ArrayLevelCrossing2.xml (RunModel)" time="0.024" />
  <testcase classname="ptolemy.util.test.junit.AutoTests" name="[23] /home/travis/build/icyphy/ptII/ptolemy/actor/lib/test/auto/ArrayPeakSearch.xml (RunModel)" time="0.055" />
  <testcase classname="ptolemy.util.test.junit.AutoTests" name="[24] /home/travis/build/icyphy/ptII/ptolemy/actor/lib/test/auto/ArrayPeakSearch2.xml (RunModel)" time="0.046" />
  <testcase classname="ptolemy.util.test.junit.AutoTests" name="[25] /home/travis/build/icyphy/ptII/ptolemy/actor/lib/test/auto/ArrayPeakSearch3.xml (RunModel)" time="0.038" />
  <testcase classname="ptolemy.util.test.junit.AutoTests" name="[26] /home/travis/build/icyphy/ptII/ptolemy/actor/lib/test/auto/ArrayRemoveElement.xml (RunModel)" time="0.075" />
  <testcase classname="ptolemy.util.test.junit.AutoTests" name="[27] /home/travis/build/icyphy/ptII/ptolemy/actor/lib/test/auto/ArraySort.xml (RunModel)" time="0.043" />
  <testcase classname="ptolemy.util.test.junit.AutoTests" name="[28] /home/travis/build/icyphy/ptII/ptolemy/actor/lib/test/auto/ArraySum.xml (RunModel)" time="0.019" />
  <testcase classname="ptolemy.util.test.junit.AutoTests" name="[29] /home/travis/build/icyphy/ptII/ptolemy/actor/lib/test/auto/ArrayToElements.xml (RunModel)" time="0.02" />
  <testcase classname="ptolemy.util.test.junit.AutoTests" name="[30] /home/travis/build/icyphy/ptII/ptolemy/actor/lib/test/auto/ArrayToMatrix.xml (RunModel)" time="0.059" />
  <testcase classname="ptolemy.util.test.junit.AutoTests" name="[31] /home/travis/build/icyphy/ptII/ptolemy/actor/lib/test/auto/ArrayUpdate1.xml (RunModel)" time="0.016" />
  <testcase classname="ptolemy.util.test.junit.AutoTests" name="[32] /home/travis/build/icyphy/ptII/ptolemy/actor/lib/test/auto/ArrayUpdate2.xml (RunModel)" time="0.031" />
  <testcase classname="ptolemy.util.test.junit.AutoTests" name="[33] /home/travis/build/icyphy/ptII/ptolemy/actor/lib/test/auto/ArrayUpdate3.xml (RunModel)" time="0.021" />
  <testcase classname="ptolemy.util.test.junit.AutoTests" name="[34] /home/travis/build/icyphy/ptII/ptolemy/actor/lib/test/auto/Assert1.xml (RunModel)" time="0.023" />
  <testcase classname="ptolemy.util.test.junit.AutoTests" name="[35] /home/travis/build/icyphy/ptII/ptolemy/actor/lib/test/auto/Assert2.xml (RunModel)" time="0.014" />
  <testcase classname="ptolemy.util.test.junit.AutoTests" name="[36] /home/travis/build/icyphy/ptII/ptolemy/actor/lib/test/auto/BooleanMultiplexor.xml (RunModel)" time="0.014" />
  <testcase classname="ptolemy.util.test.junit.AutoTests" name="[37] /home/travis/build/icyphy/ptII/ptolemy/actor/lib/test/auto/BooleanMultiplexor2.xml (RunModel)" time="0.031" />
  <testcase classname="ptolemy.util.test.junit.AutoTests" name="[38] /home/travis/build/icyphy/ptII/ptolemy/actor/lib/test/auto/BooleanMultiplexor3.xml (RunModel)" time="0.022" />
  <testcase classname="ptolemy.util.test.junit.AutoTests" name="[39] /home/travis/build/icyphy/ptII/ptolemy/actor/lib/test/auto/BooleanSelect.xml (RunModel)" time="0.026" />
  <testcase classname="ptolemy.util.test.junit.AutoTests" name="[40] /home/travis/build/icyphy/ptII/ptolemy/actor/lib/test/auto/BooleanSelect2.xml (RunModel)" time="0.016" />
  <testcase classname="ptolemy.util.test.junit.AutoTests" name="[41] /home/travis/build/icyphy/ptII/ptolemy/actor/lib/test/auto/BooleanSwitch.xml (RunModel)" time="0.018" />
  <testcase classname="ptolemy.util.test.junit.AutoTests" name="[42] /home/travis/build/icyphy/ptII/ptolemy/actor/lib/test/auto/BooleanSwitch2.xml (RunModel)" time="0.011" />
  <testcase classname="ptolemy.util.test.junit.AutoTests" name="[43] /home/travis/build/icyphy/ptII/ptolemy/actor/lib/test/auto/BooleanSwitchCloningBugWithClassRelationGroup.xml (RunModel)" time="0.02" />
  <testcase classname="ptolemy.util.test.junit.AutoTests" name="[44] /home/travis/build/icyphy/ptII/ptolemy/actor/lib/test/auto/BusActors.xml (RunModel)" time="0.042" />
  <testcase classname="ptolemy.util.test.junit.AutoTests" name="[45] /home/travis/build/icyphy/ptII/ptolemy/actor/lib/test/auto/ClassWrapper.xml (RunModel)" time="0.01" />
  <testcase classname="ptolemy.util.test.junit.AutoTests" name="[46] /home/travis/build/icyphy/ptII/ptolemy/actor/lib/test/auto/Clock.xml (RunModel)" time="0.008" />
  <testcase classname="ptolemy.util.test.junit.AutoTests" name="[47] /home/travis/build/icyphy/ptII/ptolemy/actor/lib/test/auto/Clock10.xml (RunModel)" time="0.014" />
  <testcase classname="ptolemy.util.test.junit.AutoTests" name="[48] /home/travis/build/icyphy/ptII/ptolemy/actor/lib/test/auto/Clock11.xml (RunModel)" time="0.018" />
  <testcase classname="ptolemy.util.test.junit.AutoTests" name="[49] /home/travis/build/icyphy/ptII/ptolemy/actor/lib/test/auto/Clock12.xml (RunModel)" time="0.018" />
  <testcase classname="ptolemy.util.test.junit.AutoTests" name="[50] /home/travis/build/icyphy/ptII/ptolemy/actor/lib/test/auto/Clock13.xml (RunModel)" time="0.014" />
  <testcase classname="ptolemy.util.test.junit.AutoTests" name="[51] /home/travis/build/icyphy/ptII/ptolemy/actor/lib/test/auto/Clock14.xml (RunModel)" time="0.015" />
  <testcase classname="ptolemy.util.test.junit.AutoTests" name="[52] /home/travis/build/icyphy/ptII/ptolemy/actor/lib/test/auto/Clock15.xml (RunModel)" time="0.018" />
  <testcase classname="ptolemy.util.test.junit.AutoTests" name="[53] /home/travis/build/icyphy/ptII/ptolemy/actor/lib/test/auto/Clock16.xml (RunModel)" time="0.107" />
  <testcase classname="ptolemy.util.test.junit.AutoTests" name="[54] /home/travis/build/icyphy/ptII/ptolemy/actor/lib/test/auto/Clock17.xml (RunModel)" time="0.063" />
  <testcase classname="ptolemy.util.test.junit.AutoTests" name="[55] /home/travis/build/icyphy/ptII/ptolemy/actor/lib/test/auto/Clock18.xml (RunModel)" time="0.04" />
  <testcase classname="ptolemy.util.test.junit.AutoTests" name="[56] /home/travis/build/icyphy/ptII/ptolemy/actor/lib/test/auto/Clock19.xml (RunModel)" time="0.042" />
  <testcase classname="ptolemy.util.test.junit.AutoTests" name="[57] /home/travis/build/icyphy/ptII/ptolemy/actor/lib/test/auto/Clock2.xml (RunModel)" time="0.01" />
  <testcase classname="ptolemy.util.test.junit.AutoTests" name="[58] /home/travis/build/icyphy/ptII/ptolemy/actor/lib/test/auto/Clock20.xml (RunModel)" time="0.021" />
  <testcase classname="ptolemy.util.test.junit.AutoTests" name="[59] /home/travis/build/icyphy/ptII/ptolemy/actor/lib/test/auto/Clock21.xml (RunModel)" time="0.017" />
  <testcase classname="ptolemy.util.test.junit.AutoTests" name="[60] /home/travis/build/icyphy/ptII/ptolemy/actor/lib/test/auto/Clock22.xml (RunModel)" time="0.017" />
  <testcase classname="ptolemy.util.test.junit.AutoTests" name="[61] /home/travis/build/icyphy/ptII/ptolemy/actor/lib/test/auto/Clock23.xml (RunModel)" time="0.019" />
  <testcase classname="ptolemy.util.test.junit.AutoTests" name="[62] /home/travis/build/icyphy/ptII/ptolemy/actor/lib/test/auto/Clock24.xml (RunModel)" time="0.017" />
  <testcase classname="ptolemy.util.test.junit.AutoTests" name="[63] /home/travis/build/icyphy/ptII/ptolemy/actor/lib/test/auto/Clock4.xml (RunModel)" time="0.016" />
  <testcase classname="ptolemy.util.test.junit.AutoTests" name="[64] /home/travis/build/icyphy/ptII/ptolemy/actor/lib/test/auto/Clock5.xml (RunModel)" time="0.012" />
  <testcase classname="ptolemy.util.test.junit.AutoTests" name="[65] /home/travis/build/icyphy/ptII/ptolemy/actor/lib/test/auto/Clock6.xml (RunModel)" time="0.013" />
  <testcase classname="ptolemy.util.test.junit.AutoTests" name="[66] /home/travis/build/icyphy/ptII/ptolemy/actor/lib/test/auto/Clock7.xml (RunModel)" time="0.035" />
  <testcase classname="ptolemy.util.test.junit.AutoTests" name="[67] /home/travis/build/icyphy/ptII/ptolemy/actor/lib/test/auto/Clock8.xml (RunModel)" time="0.012" />
  <testcase classname="ptolemy.util.test.junit.AutoTests" name="[68] /home/travis/build/icyphy/ptII/ptolemy/actor/lib/test/auto/Clock9.xml (RunModel)" time="0.01" />
  <testcase classname="ptolemy.util.test.junit.AutoTests" name="[69] /home/travis/build/icyphy/ptII/ptolemy/actor/lib/test/auto/CommDistDiscard.xml (RunModel)" time="0.021" />
  <testcase classname="ptolemy.util.test.junit.AutoTests" name="[70] /home/travis/build/icyphy/ptII/ptolemy/actor/lib/test/auto/Commutator.xml (RunModel)" time="0.012" />
  <testcase classname="ptolemy.util.test.junit.AutoTests" name="[71] /home/travis/build/icyphy/ptII/ptolemy/actor/lib/test/auto/Commutator2.xml (RunModel)" time="0.01" />
  <testcase classname="ptolemy.util.test.junit.AutoTests" name="[72] /home/travis/build/icyphy/ptII/ptolemy/actor/lib/test/auto/Commutator3.xml (RunModel)" time="0.011" />
  <testcase classname="ptolemy.util.test.junit.AutoTests" name="[73] /home/travis/build/icyphy/ptII/ptolemy/actor/lib/test/auto/Compare.xml (RunModel)" time="0.017" />
  <testcase classname="ptolemy.util.test.junit.AutoTests" name="[74] /home/travis/build/icyphy/ptII/ptolemy/actor/lib/test/auto/CompareDE.xml (RunModel)" time="0.018" />
  <testcase classname="ptolemy.util.test.junit.AutoTests" name="[75] /home/travis/build/icyphy/ptII/ptolemy/actor/lib/test/auto/ComplexDivide.xml (RunModel)" time="0.008" />
  <testcase classname="ptolemy.util.test.junit.AutoTests" name="[76] /home/travis/build/icyphy/ptII/ptolemy/actor/lib/test/auto/ComputeHistogram.xml (RunModel)" time="0.062" />
  <testcase classname="ptolemy.util.test.junit.AutoTests" name="[77] /home/travis/build/icyphy/ptII/ptolemy/actor/lib/test/auto/ConfigurationSelect.xml (RunModel)" time="0.016" />
  <testcase classname="ptolemy.util.test.junit.AutoTests" name="[78] /home/travis/build/icyphy/ptII/ptolemy/actor/lib/test/auto/ConfigurationSelect2.xml (RunModel)" time="0.011" />
  <testcase classname="ptolemy.util.test.junit.AutoTests" name="[79] /home/travis/build/icyphy/ptII/ptolemy/actor/lib/test/auto/ConfigurationSwitch.xml (RunModel)" time="0.022" />
  <testcase classname="ptolemy.util.test.junit.AutoTests" name="[80] /home/travis/build/icyphy/ptII/ptolemy/actor/lib/test/auto/ConfigurationSwitch2.xml (RunModel)" time="0.017" />
  <testcase classname="ptolemy.util.test.junit.AutoTests" name="[81] /home/travis/build/icyphy/ptII/ptolemy/actor/lib/test/auto/ConfigurationSwitchCloningBugWithClassRelationGroup.xml (RunModel)" time="0.02" />
  <testcase classname="ptolemy.util.test.junit.AutoTests" name="[82] /home/travis/build/icyphy/ptII/ptolemy/actor/lib/test/auto/ConfigurationSwitchSelectSDF.xml (RunModel)" time="0.013" />
  <testcase classname="ptolemy.util.test.junit.AutoTests" name="[83] /home/travis/build/icyphy/ptII/ptolemy/actor/lib/test/auto/ConfigurationSwitchSelectSDF2.xml (RunModel)" time="0.016" />
  <testcase classname="ptolemy.util.test.junit.AutoTests" name="[84] /home/travis/build/icyphy/ptII/ptolemy/actor/lib/test/auto/Const.xml (RunModel)" time="0.006" />
  <testcase classname="ptolemy.util.test.junit.AutoTests" name="[85] /home/travis/build/icyphy/ptII/ptolemy/actor/lib/test/auto/Const2.xml (RunModel)" time="0.009" />
  <testcase classname="ptolemy.util.test.junit.AutoTests" name="[86] /home/travis/build/icyphy/ptII/ptolemy/actor/lib/test/auto/Const3.xml (RunModel)" time="0.006" />
  <testcase classname="ptolemy.util.test.junit.AutoTests" name="[87] /home/travis/build/icyphy/ptII/ptolemy/actor/lib/test/auto/ConstantPublisherPort1.xml (RunModel)" time="0.023" />
  <testcase classname="ptolemy.util.test.junit.AutoTests" name="[88] /home/travis/build/icyphy/ptII/ptolemy/actor/lib/test/auto/ConstantPublisherPort2.xml (RunModel)" time="0.021" />
  <testcase classname="ptolemy.util.test.junit.AutoTests" name="[89] /home/travis/build/icyphy/ptII/ptolemy/actor/lib/test/auto/ConstantPublisherPort3.xml (RunModel)" time="0.017" />
  <testcase classname="ptolemy.util.test.junit.AutoTests" name="[90] /home/travis/build/icyphy/ptII/ptolemy/actor/lib/test/auto/ConstantPublisherPort4.xml (RunModel)" time="0.019" />
  <testcase classname="ptolemy.util.test.junit.AutoTests" name="[91] /home/travis/build/icyphy/ptII/ptolemy/actor/lib/test/auto/ConstantPublisherPort5.xml (RunModel)" time="0.034" />
  <testcase classname="ptolemy.util.test.junit.AutoTests" name="[92] /home/travis/build/icyphy/ptII/ptolemy/actor/lib/test/auto/ConstantPublisherPort6.xml (RunModel)" time="0.031" />
  <testcase classname="ptolemy.util.test.junit.AutoTests" name="[93] /home/travis/build/icyphy/ptII/ptolemy/actor/lib/test/auto/ConstantPublisherPort7.xml (RunModel)" time="0.024" />
  <testcase classname="ptolemy.util.test.junit.AutoTests" name="[94] /home/travis/build/icyphy/ptII/ptolemy/actor/lib/test/auto/ConstraintMonitor1.xml (RunModel)" time="0.037" />
  <testcase classname="ptolemy.util.test.junit.AutoTests" name="[95] /home/travis/build/icyphy/ptII/ptolemy/actor/lib/test/auto/ConstraintMonitor2.xml (RunModel)" time="0.014" />
  <testcase classname="ptolemy.util.test.junit.AutoTests" name="[96] /home/travis/build/icyphy/ptII/ptolemy/actor/lib/test/auto/ConstraintMonitor3.xml (RunModel)" time="0.013" />
  <testcase classname="ptolemy.util.test.junit.AutoTests" name="[97] /home/travis/build/icyphy/ptII/ptolemy/actor/lib/test/auto/ConstraintMonitor4.xml (RunModel)" time="0.015" />
  <testcase classname="ptolemy.util.test.junit.AutoTests" name="[98] /home/travis/build/icyphy/ptII/ptolemy/actor/lib/test/auto/ConstraintMonitor5.xml (RunModel)" time="0.014" />
  <testcase classname="ptolemy.util.test.junit.AutoTests" name="[99] /home/travis/build/icyphy/ptII/ptolemy/actor/lib/test/auto/ConstraintMonitor6.xml (RunModel)" time="0.016" />
  <testcase classname="ptolemy.util.test.junit.AutoTests" name="[100] /home/travis/build/icyphy/ptII/ptolemy/actor/lib/test/auto/ConstraintMonitor7.xml (RunModel)" time="0.017" />
  <testcase classname="ptolemy.util.test.junit.AutoTests" name="[101] /home/travis/build/icyphy/ptII/ptolemy/actor/lib/test/auto/ConstraintMonitor8.xml (RunModel)" time="0.013" />
  <testcase classname="ptolemy.util.test.junit.AutoTests" name="[102] /home/travis/build/icyphy/ptII/ptolemy/actor/lib/test/auto/Counter.xml (RunModel)" time="0.011" />
  <testcase classname="ptolemy.util.test.junit.AutoTests" name="[103] /home/travis/build/icyphy/ptII/ptolemy/actor/lib/test/auto/CurrentTimeSDF.xml (RunModel)" time="0.008" />
  <testcase classname="ptolemy.util.test.junit.AutoTests" name="[104] /home/travis/build/icyphy/ptII/ptolemy/actor/lib/test/auto/DB.xml (RunModel)" time="0.012" />
  <testcase classname="ptolemy.util.test.junit.AutoTests" name="[105] /home/travis/build/icyphy/ptII/ptolemy/actor/lib/test/auto/DBDE.xml (RunModel)" time="0.013" />
  <testcase classname="ptolemy.util.test.junit.AutoTests" name="[106] /home/travis/build/icyphy/ptII/ptolemy/actor/lib/test/auto/DateConstructor.xml (RunModel)" time="0.043" />
  <testcase classname="ptolemy.util.test.junit.AutoTests" name="[107] /home/travis/build/icyphy/ptII/ptolemy/actor/lib/test/auto/DelayTime.xml (RunModel)" time="0.014" />
  <testcase classname="ptolemy.util.test.junit.AutoTests" name="[108] /home/travis/build/icyphy/ptII/ptolemy/actor/lib/test/auto/Dictionary1.xml (RunModel)" time="0.015" />
  <testcase classname="ptolemy.util.test.junit.AutoTests" name="[109] /home/travis/build/icyphy/ptII/ptolemy/actor/lib/test/auto/Dictionary2.xml (RunModel)" time="0.013" />
  <testcase classname="ptolemy.util.test.junit.AutoTests" name="[110] /home/travis/build/icyphy/ptII/ptolemy/actor/lib/test/auto/Dictionary3.xml (RunModel)" time="0.013" />
  <testcase classname="ptolemy.util.test.junit.AutoTests" name="[111] /home/travis/build/icyphy/ptII/ptolemy/actor/lib/test/auto/Dictionary4.xml (RunModel)" time="0.016" />
  <testcase classname="ptolemy.util.test.junit.AutoTests" name="[112] /home/travis/build/icyphy/ptII/ptolemy/actor/lib/test/auto/Differential.xml (RunModel)" time="0.011" />
  <testcase classname="ptolemy.util.test.junit.AutoTests" name="[113] /home/travis/build/icyphy/ptII/ptolemy/actor/lib/test/auto/Director.xml (RunModel)" time="0.01" />
  <testcase classname="ptolemy.util.test.junit.AutoTests" name="[114] /home/travis/build/icyphy/ptII/ptolemy/actor/lib/test/auto/DiscreteClock.xml (RunModel)" time="0.009" />
  <testcase classname="ptolemy.util.test.junit.AutoTests" name="[115] /home/travis/build/icyphy/ptII/ptolemy/actor/lib/test/auto/DiscreteClock10.xml (RunModel)" time="0.012" />
  <testcase classname="ptolemy.util.test.junit.AutoTests" name="[116] /home/travis/build/icyphy/ptII/ptolemy/actor/lib/test/auto/DiscreteClock11.xml (RunModel)" time="0.012" />
  <testcase classname="ptolemy.util.test.junit.AutoTests" name="[117] /home/travis/build/icyphy/ptII/ptolemy/actor/lib/test/auto/DiscreteClock12.xml (RunModel)" time="0.013" />
  <testcase classname="ptolemy.util.test.junit.AutoTests" name="[118] /home/travis/build/icyphy/ptII/ptolemy/actor/lib/test/auto/DiscreteClock13.xml (RunModel)" time="0.017" />
  <testcase classname="ptolemy.util.test.junit.AutoTests" name="[119] /home/travis/build/icyphy/ptII/ptolemy/actor/lib/test/auto/DiscreteClock14.xml (RunModel)" time="0.017" />
  <testcase classname="ptolemy.util.test.junit.AutoTests" name="[120] /home/travis/build/icyphy/ptII/ptolemy/actor/lib/test/auto/DiscreteClock15.xml (RunModel)" time="0.017" />
  <testcase classname="ptolemy.util.test.junit.AutoTests" name="[121] /home/travis/build/icyphy/ptII/ptolemy/actor/lib/test/auto/DiscreteClock16.xml (RunModel)" time="0.045" />
  <testcase classname="ptolemy.util.test.junit.AutoTests" name="[122] /home/travis/build/icyphy/ptII/ptolemy/actor/lib/test/auto/DiscreteClock17.xml (RunModel)" time="0.042" />
  <testcase classname="ptolemy.util.test.junit.AutoTests" name="[123] /home/travis/build/icyphy/ptII/ptolemy/actor/lib/test/auto/DiscreteClock18.xml (RunModel)" time="0.488" />
  <testcase classname="ptolemy.util.test.junit.AutoTests" name="[124] /home/travis/build/icyphy/ptII/ptolemy/actor/lib/test/auto/DiscreteClock19.xml (RunModel)" time="0.052" />
  <testcase classname="ptolemy.util.test.junit.AutoTests" name="[125] /home/travis/build/icyphy/ptII/ptolemy/actor/lib/test/auto/DiscreteClock2.xml (RunModel)" time="0.013" />
  <testcase classname="ptolemy.util.test.junit.AutoTests" name="[126] /home/travis/build/icyphy/ptII/ptolemy/actor/lib/test/auto/DiscreteClock20.xml (RunModel)" time="0.023" />
  <testcase classname="ptolemy.util.test.junit.AutoTests" name="[127] /home/travis/build/icyphy/ptII/ptolemy/actor/lib/test/auto/DiscreteClock21.xml (RunModel)" time="0.018" />
  <testcase classname="ptolemy.util.test.junit.AutoTests" name="[128] /home/travis/build/icyphy/ptII/ptolemy/actor/lib/test/auto/DiscreteClock22.xml (RunModel)" time="0.017" />
  <testcase classname="ptolemy.util.test.junit.AutoTests" name="[129] /home/travis/build/icyphy/ptII/ptolemy/actor/lib/test/auto/DiscreteClock23.xml (RunModel)" time="0.015" />
  <testcase classname="ptolemy.util.test.junit.AutoTests" name="[130] /home/travis/build/icyphy/ptII/ptolemy/actor/lib/test/auto/DiscreteClock24.xml (RunModel)" time="0.019" />
  <testcase classname="ptolemy.util.test.junit.AutoTests" name="[131] /home/travis/build/icyphy/ptII/ptolemy/actor/lib/test/auto/DiscreteClock4.xml (RunModel)" time="0.012" />
  <testcase classname="ptolemy.util.test.junit.AutoTests" name="[132] /home/travis/build/icyphy/ptII/ptolemy/actor/lib/test/auto/DiscreteClock5.xml (RunModel)" time="0.011" />
  <testcase classname="ptolemy.util.test.junit.AutoTests" name="[133] /home/travis/build/icyphy/ptII/ptolemy/actor/lib/test/auto/DiscreteClock6.xml (RunModel)" time="0.009" />
  <testcase classname="ptolemy.util.test.junit.AutoTests" name="[134] /home/travis/build/icyphy/ptII/ptolemy/actor/lib/test/auto/DiscreteClock7.xml (RunModel)" time="0.011" />
  <testcase classname="ptolemy.util.test.junit.AutoTests" name="[135] /home/travis/build/icyphy/ptII/ptolemy/actor/lib/test/auto/DiscreteClock8.xml (RunModel)" time="0.014" />
  <testcase classname="ptolemy.util.test.junit.AutoTests" name="[136] /home/travis/build/icyphy/ptII/ptolemy/actor/lib/test/auto/DiscreteClock9.xml (RunModel)" time="0.01" />
  <testcase classname="ptolemy.util.test.junit.AutoTests" name="[137] /home/travis/build/icyphy/ptII/ptolemy/actor/lib/test/auto/DisplayArray.xml (RunModel)" time="0.008" />
  <testcase classname="ptolemy.util.test.junit.AutoTests" name="[138] /home/travis/build/icyphy/ptII/ptolemy/actor/lib/test/auto/Distributor.xml (RunModel)" time="0.009" />
  <testcase classname="ptolemy.util.test.junit.AutoTests" name="[139] /home/travis/build/icyphy/ptII/ptolemy/actor/lib/test/auto/Distributor2.xml (RunModel)" time="0.009" />
  <testcase classname="ptolemy.util.test.junit.AutoTests" name="[140] /home/travis/build/icyphy/ptII/ptolemy/actor/lib/test/auto/DownSample.xml (RunModel)" time="0.01" />
  <testcase classname="ptolemy.util.test.junit.AutoTests" name="[141] /home/travis/build/icyphy/ptII/ptolemy/actor/lib/test/auto/ElectronicUnitBase1.xml (RunModel)" time="0.057" />
  <testcase classname="ptolemy.util.test.junit.AutoTests" name="[142] /home/travis/build/icyphy/ptII/ptolemy/actor/lib/test/auto/ElementsToArray.xml (RunModel)" time="0.009" />
  <testcase classname="ptolemy.util.test.junit.AutoTests" name="[143] /home/travis/build/icyphy/ptII/ptolemy/actor/lib/test/auto/Equals.xml (RunModel)" time="0.01" />
  <testcase classname="ptolemy.util.test.junit.AutoTests" name="[144] /home/travis/build/icyphy/ptII/ptolemy/actor/lib/test/auto/Exec.xml (RunModel)" time="0.021" />
  <testcase classname="ptolemy.util.test.junit.AutoTests" name="[145] /home/travis/build/icyphy/ptII/ptolemy/actor/lib/test/auto/ExecEnvironment.xml (RunModel)" time="0.034" />
  <testcase classname="ptolemy.util.test.junit.AutoTests" name="[146] /home/travis/build/icyphy/ptII/ptolemy/actor/lib/test/auto/ExecNonZeroReturnOutput.xml (RunModel)" time="0.138" />
  <testcase classname="ptolemy.util.test.junit.AutoTests" name="[147] /home/travis/build/icyphy/ptII/ptolemy/actor/lib/test/auto/ExecRunDemos.xml (RunModel)" time="9.526" />
  <testcase classname="ptolemy.util.test.junit.AutoTests" name="[148] /home/travis/build/icyphy/ptII/ptolemy/actor/lib/test/auto/ExecStop.xml (RunModel)" time="5.024" />
  <testcase classname="ptolemy.util.test.junit.AutoTests" name="[149] /home/travis/build/icyphy/ptII/ptolemy/actor/lib/test/auto/ExecutionTimeSDF.xml (RunModel)" time="6.03" />
  <testcase classname="ptolemy.util.test.junit.AutoTests" name="[150] /home/travis/build/icyphy/ptII/ptolemy/actor/lib/test/auto/Expression1.xml (RunModel)" time="0.008" />
  <testcase classname="ptolemy.util.test.junit.AutoTests" name="[151] /home/travis/build/icyphy/ptII/ptolemy/actor/lib/test/auto/Expression10.xml (RunModel)" time="0.014" />
  <testcase classname="ptolemy.util.test.junit.AutoTests" name="[152] /home/travis/build/icyphy/ptII/ptolemy/actor/lib/test/auto/Expression11.xml (RunModel)" time="0.012" />
  <testcase classname="ptolemy.util.test.junit.AutoTests" name="[153] /home/travis/build/icyphy/ptII/ptolemy/actor/lib/test/auto/Expression12.xml (RunModel)" time="0.014" />
  <testcase classname="ptolemy.util.test.junit.AutoTests" name="[154] /home/travis/build/icyphy/ptII/ptolemy/actor/lib/test/auto/Expression13.xml (RunModel)" time="0.014" />
  <testcase classname="ptolemy.util.test.junit.AutoTests" name="[155] /home/travis/build/icyphy/ptII/ptolemy/actor/lib/test/auto/Expression14.xml (RunModel)" time="0.02" />
  <testcase classname="ptolemy.util.test.junit.AutoTests" name="[156] /home/travis/build/icyphy/ptII/ptolemy/actor/lib/test/auto/Expression15.xml (RunModel)" time="0.011" />
  <testcase classname="ptolemy.util.test.junit.AutoTests" name="[157] /home/travis/build/icyphy/ptII/ptolemy/actor/lib/test/auto/Expression16.xml (RunModel)" time="0.014" />
  <testcase classname="ptolemy.util.test.junit.AutoTests" name="[158] /home/travis/build/icyphy/ptII/ptolemy/actor/lib/test/auto/Expression17.xml (RunModel)" time="0.014" />
  <testcase classname="ptolemy.util.test.junit.AutoTests" name="[159] /home/travis/build/icyphy/ptII/ptolemy/actor/lib/test/auto/Expression18.xml (RunModel)" time="0.019" />
  <testcase classname="ptolemy.util.test.junit.AutoTests" name="[160] /home/travis/build/icyphy/ptII/ptolemy/actor/lib/test/auto/Expression2.xml (RunModel)" time="0.015" />
  <testcase classname="ptolemy.util.test.junit.AutoTests" name="[161] /home/travis/build/icyphy/ptII/ptolemy/actor/lib/test/auto/Expression3.xml (RunModel)" time="0.019" />
  <testcase classname="ptolemy.util.test.junit.AutoTests" name="[162] /home/travis/build/icyphy/ptII/ptolemy/actor/lib/test/auto/Expression4.xml (RunModel)" time="0.021" />
  <testcase classname="ptolemy.util.test.junit.AutoTests" name="[163] /home/travis/build/icyphy/ptII/ptolemy/actor/lib/test/auto/Expression5.xml (RunModel)" time="0.012" />
  <testcase classname="ptolemy.util.test.junit.AutoTests" name="[164] /home/travis/build/icyphy/ptII/ptolemy/actor/lib/test/auto/Expression6.xml (RunModel)" time="0.01" />
  <testcase classname="ptolemy.util.test.junit.AutoTests" name="[165] /home/travis/build/icyphy/ptII/ptolemy/actor/lib/test/auto/Expression7.xml (RunModel)" time="0.013" />
  <testcase classname="ptolemy.util.test.junit.AutoTests" name="[166] /home/travis/build/icyphy/ptII/ptolemy/actor/lib/test/auto/Expression8.xml (RunModel)" time="0.013" />
  <testcase classname="ptolemy.util.test.junit.AutoTests" name="[167] /home/travis/build/icyphy/ptII/ptolemy/actor/lib/test/auto/Expression9.xml (RunModel)" time="0.009" />
  <testcase classname="ptolemy.util.test.junit.AutoTests" name="[168] /home/travis/build/icyphy/ptII/ptolemy/actor/lib/test/auto/ExpressionConcatenateArrayType.xml (RunModel)" time="0.045" />
  <testcase classname="ptolemy.util.test.junit.AutoTests" name="[169] /home/travis/build/icyphy/ptII/ptolemy/actor/lib/test/auto/ExpressionConcatenateArrayType2.xml (RunModel)" time="0.022" />
  <testcase classname="ptolemy.util.test.junit.AutoTests" name="[170] /home/travis/build/icyphy/ptII/ptolemy/actor/lib/test/auto/ExpressionFix.xml (RunModel)" time="0.046" />
  <testcase classname="ptolemy.util.test.junit.AutoTests" name="[171] /home/travis/build/icyphy/ptII/ptolemy/actor/lib/test/auto/ExpressionFix2.xml (RunModel)" time="0.019" />
  <testcase classname="ptolemy.util.test.junit.AutoTests" name="[172] /home/travis/build/icyphy/ptII/ptolemy/actor/lib/test/auto/ExpressionFix3.xml (RunModel)" time="0.011" />
  <testcase classname="ptolemy.util.test.junit.AutoTests" name="[173] /home/travis/build/icyphy/ptII/ptolemy/actor/lib/test/auto/FileWriter1.xml (RunModel)" time="0.01" />
  <testcase classname="ptolemy.util.test.junit.AutoTests" name="[174] /home/travis/build/icyphy/ptII/ptolemy/actor/lib/test/auto/FileWriter2.xml (RunModel)" time="0.013" />
  <testcase classname="ptolemy.util.test.junit.AutoTests" name="[175] /home/travis/build/icyphy/ptII/ptolemy/actor/lib/test/auto/FileWriter3.xml (RunModel)" time="0.011" />
  <testcase classname="ptolemy.util.test.junit.AutoTests" name="[176] /home/travis/build/icyphy/ptII/ptolemy/actor/lib/test/auto/Gaussian.xml (RunModel)" time="0.011" />
  <testcase classname="ptolemy.util.test.junit.AutoTests" name="[177] /home/travis/build/icyphy/ptII/ptolemy/actor/lib/test/auto/Gaussian1.xml (RunModel)" time="0.019" />
  <testcase classname="ptolemy.util.test.junit.AutoTests" name="[178] /home/travis/build/icyphy/ptII/ptolemy/actor/lib/test/auto/Gaussian2.xml (RunModel)" time="0.017" />
  <testcase classname="ptolemy.util.test.junit.AutoTests" name="[179] /home/travis/build/icyphy/ptII/ptolemy/actor/lib/test/auto/GradientAdaptiveLattice.xml (RunModel)" time="0.015" />
  <testcase classname="ptolemy.util.test.junit.AutoTests" name="[180] /home/travis/build/icyphy/ptII/ptolemy/actor/lib/test/auto/IIR.xml (RunModel)" time="0.009" />
  <testcase classname="ptolemy.util.test.junit.AutoTests" name="[181] /home/travis/build/icyphy/ptII/ptolemy/actor/lib/test/auto/InputOutputTransparentPorts.xml (RunModel)" time="0.017" />
  <testcase classname="ptolemy.util.test.junit.AutoTests" name="[182] /home/travis/build/icyphy/ptII/ptolemy/actor/lib/test/auto/Interpolator.xml (RunModel)" time="0.01" />
  <testcase classname="ptolemy.util.test.junit.AutoTests" name="[183] /home/travis/build/icyphy/ptII/ptolemy/actor/lib/test/auto/InterpolatorFiringLimitDE.xml (RunModel)" time="0.012" />
  <testcase classname="ptolemy.util.test.junit.AutoTests" name="[184] /home/travis/build/icyphy/ptII/ptolemy/actor/lib/test/auto/Lattice.xml (RunModel)" time="0.008" />
  <testcase classname="ptolemy.util.test.junit.AutoTests" name="[185] /home/travis/build/icyphy/ptII/ptolemy/actor/lib/test/auto/LazyAOCTestLazy.xml (RunModel)" time="0.02" />
  <testcase classname="ptolemy.util.test.junit.AutoTests" name="[186] /home/travis/build/icyphy/ptII/ptolemy/actor/lib/test/auto/LazyAOCTestNonLazy.xml (RunModel)" time="0.016" />
  <testcase classname="ptolemy.util.test.junit.AutoTests" name="[187] /home/travis/build/icyphy/ptII/ptolemy/actor/lib/test/auto/LazyInnerClass.xml (RunModel)" time="0.019" />
  <testcase classname="ptolemy.util.test.junit.AutoTests" name="[188] /home/travis/build/icyphy/ptII/ptolemy/actor/lib/test/auto/LazyPubSub.xml (RunModel)" time="0.025" />
  <testcase classname="ptolemy.util.test.junit.AutoTests" name="[189] /home/travis/build/icyphy/ptII/ptolemy/actor/lib/test/auto/LazyPubSub2.xml (RunModel)" time="0.024" />
  <testcase classname="ptolemy.util.test.junit.AutoTests" name="[190] /home/travis/build/icyphy/ptII/ptolemy/actor/lib/test/auto/LazyPubSub3.xml (RunModel)" time="0.028" />
  <testcase classname="ptolemy.util.test.junit.AutoTests" name="[191] /home/travis/build/icyphy/ptII/ptolemy/actor/lib/test/auto/LazySubClassModel.xml (RunModel)" time="0.057" />
  <testcase classname="ptolemy.util.test.junit.AutoTests" name="[192] /home/travis/build/icyphy/ptII/ptolemy/actor/lib/test/auto/LevelCrossTest1.xml (RunModel)" time="0.027" />
  <testcase classname="ptolemy.util.test.junit.AutoTests" name="[193] /home/travis/build/icyphy/ptII/ptolemy/actor/lib/test/auto/LevelCrossTest10.xml (RunModel)" time="0.033" />
  <testcase classname="ptolemy.util.test.junit.AutoTests" name="[194] /home/travis/build/icyphy/ptII/ptolemy/actor/lib/test/auto/LevelCrossTest11.xml (RunModel)" time="0.014" />
  <testcase classname="ptolemy.util.test.junit.AutoTests" name="[195] /home/travis/build/icyphy/ptII/ptolemy/actor/lib/test/auto/LevelCrossTest12.xml (RunModel)" time="0.013" />
  <testcase classname="ptolemy.util.test.junit.AutoTests" name="[196] /home/travis/build/icyphy/ptII/ptolemy/actor/lib/test/auto/LevelCrossTest13.xml (RunModel)" time="0.013" />
  <testcase classname="ptolemy.util.test.junit.AutoTests" name="[197] /home/travis/build/icyphy/ptII/ptolemy/actor/lib/test/auto/LevelCrossTest2.xml (RunModel)" time="0.011" />
  <testcase classname="ptolemy.util.test.junit.AutoTests" name="[198] /home/travis/build/icyphy/ptII/ptolemy/actor/lib/test/auto/LevelCrossTest3.xml (RunModel)" time="0.012" />
  <testcase classname="ptolemy.util.test.junit.AutoTests" name="[199] /home/travis/build/icyphy/ptII/ptolemy/actor/lib/test/auto/LevelCrossTest4.xml (RunModel)" time="0.01" />
  <testcase classname="ptolemy.util.test.junit.AutoTests" name="[200] /home/travis/build/icyphy/ptII/ptolemy/actor/lib/test/auto/LevelCrossTest5.xml (RunModel)" time="0.013" />
  <testcase classname="ptolemy.util.test.junit.AutoTests" name="[201] /home/travis/build/icyphy/ptII/ptolemy/actor/lib/test/auto/LevelCrossTest6.xml (RunModel)" time="0.013" />
  <testcase classname="ptolemy.util.test.junit.AutoTests" name="[202] /home/travis/build/icyphy/ptII/ptolemy/actor/lib/test/auto/LevelCrossTest7.xml (RunModel)" time="0.014" />
  <testcase classname="ptolemy.util.test.junit.AutoTests" name="[203] /home/travis/build/icyphy/ptII/ptolemy/actor/lib/test/auto/LevelCrossTest8.xml (RunModel)" time="0.012" />
  <testcase classname="ptolemy.util.test.junit.AutoTests" name="[204] /home/travis/build/icyphy/ptII/ptolemy/actor/lib/test/auto/LevelCrossTest9.xml (RunModel)" time="0.013" />
  <testcase classname="ptolemy.util.test.junit.AutoTests" name="[205] /home/travis/build/icyphy/ptII/ptolemy/actor/lib/test/auto/LevinsonDurbin.xml (RunModel)" time="0.009" />
  <testcase classname="ptolemy.util.test.junit.AutoTests" name="[206] /home/travis/build/icyphy/ptII/ptolemy/actor/lib/test/auto/LevinsonDurbin2.xml (RunModel)" time="0.007" />
  <testcase classname="ptolemy.util.test.junit.AutoTests" name="[207] /home/travis/build/icyphy/ptII/ptolemy/actor/lib/test/auto/LevinsonDurbin3.xml (RunModel)" time="0.009" />
  <testcase classname="ptolemy.util.test.junit.AutoTests" name="[208] /home/travis/build/icyphy/ptII/ptolemy/actor/lib/test/auto/Limiter.xml (RunModel)" time="0.022" />
  <testcase classname="ptolemy.util.test.junit.AutoTests" name="[209] /home/travis/build/icyphy/ptII/ptolemy/actor/lib/test/auto/LinearDifferenceEquationSystem.xml (RunModel)" time="0.02" />
  <testcase classname="ptolemy.util.test.junit.AutoTests" name="[210] /home/travis/build/icyphy/ptII/ptolemy/actor/lib/test/auto/LookupTable.xml (RunModel)" time="0.009" />
  <testcase classname="ptolemy.util.test.junit.AutoTests" name="[211] /home/travis/build/icyphy/ptII/ptolemy/actor/lib/test/auto/MathFunction.xml (RunModel)" time="0.019" />
  <testcase classname="ptolemy.util.test.junit.AutoTests" name="[212] /home/travis/build/icyphy/ptII/ptolemy/actor/lib/test/auto/MathFunction2.xml (RunModel)" time="0.009" />
  <testcase classname="ptolemy.util.test.junit.AutoTests" name="[213] /home/travis/build/icyphy/ptII/ptolemy/actor/lib/test/auto/MathFunction3.xml (RunModel)" time="0.016" />
  <testcase classname="ptolemy.util.test.junit.AutoTests" name="[214] /home/travis/build/icyphy/ptII/ptolemy/actor/lib/test/auto/MatrixCropBoolean.xml (RunModel)" time="0.017" />
  <testcase classname="ptolemy.util.test.junit.AutoTests" name="[215] /home/travis/build/icyphy/ptII/ptolemy/actor/lib/test/auto/MatrixCropComplex.xml (RunModel)" time="0.01" />
  <testcase classname="ptolemy.util.test.junit.AutoTests" name="[216] /home/travis/build/icyphy/ptII/ptolemy/actor/lib/test/auto/MatrixCropDouble.xml (RunModel)" time="0.009" />
  <testcase classname="ptolemy.util.test.junit.AutoTests" name="[217] /home/travis/build/icyphy/ptII/ptolemy/actor/lib/test/auto/MatrixCropFix.xml (RunModel)" time="0.012" />
  <testcase classname="ptolemy.util.test.junit.AutoTests" name="[218] /home/travis/build/icyphy/ptII/ptolemy/actor/lib/test/auto/MatrixCropInt.xml (RunModel)" time="0.011" />
  <testcase classname="ptolemy.util.test.junit.AutoTests" name="[219] /home/travis/build/icyphy/ptII/ptolemy/actor/lib/test/auto/MatrixCropLong.xml (RunModel)" time="0.01" />
  <testcase classname="ptolemy.util.test.junit.AutoTests" name="[220] /home/travis/build/icyphy/ptII/ptolemy/actor/lib/test/auto/MatrixToArray.xml (RunModel)" time="0.062" />
  <testcase classname="ptolemy.util.test.junit.AutoTests" name="[221] /home/travis/build/icyphy/ptII/ptolemy/actor/lib/test/auto/MaxIndex.xml (RunModel)" time="0.012" />
  <testcase classname="ptolemy.util.test.junit.AutoTests" name="[222] /home/travis/build/icyphy/ptII/ptolemy/actor/lib/test/auto/Maximum.xml (RunModel)" time="0.02" />
  <testcase classname="ptolemy.util.test.junit.AutoTests" name="[223] /home/travis/build/icyphy/ptII/ptolemy/actor/lib/test/auto/MaximumComplex.xml (RunModel)" time="0.016" />
  <testcase classname="ptolemy.util.test.junit.AutoTests" name="[224] /home/travis/build/icyphy/ptII/ptolemy/actor/lib/test/auto/MethodCallTest.xml (RunModel)" time="0.024" />
  <testcase classname="ptolemy.util.test.junit.AutoTests" name="[225] /home/travis/build/icyphy/ptII/ptolemy/actor/lib/test/auto/Minimum.xml (RunModel)" time="0.014" />
  <testcase classname="ptolemy.util.test.junit.AutoTests" name="[226] /home/travis/build/icyphy/ptII/ptolemy/actor/lib/test/auto/MinimumComplex.xml (RunModel)" time="0.018" />
  <testcase classname="ptolemy.util.test.junit.AutoTests" name="[227] /home/travis/build/icyphy/ptII/ptolemy/actor/lib/test/auto/MinimumMultiports.xml (RunModel)" time="0.024" />
  <testcase classname="ptolemy.util.test.junit.AutoTests" name="[228] /home/travis/build/icyphy/ptII/ptolemy/actor/lib/test/auto/ModifyDate.xml (RunModel)" time="0.041" />
  <testcase classname="ptolemy.util.test.junit.AutoTests" name="[229] /home/travis/build/icyphy/ptII/ptolemy/actor/lib/test/auto/ModifyDate2.xml (RunModel)" time="0.032" />
  <testcase classname="ptolemy.util.test.junit.AutoTests" name="[230] /home/travis/build/icyphy/ptII/ptolemy/actor/lib/test/auto/MovingAverage.xml (RunModel)" time="0.014" />
  <testcase classname="ptolemy.util.test.junit.AutoTests" name="[231] /home/travis/build/icyphy/ptII/ptolemy/actor/lib/test/auto/MovingMaximum.xml (RunModel)" time="0.011" />
  <testcase classname="ptolemy.util.test.junit.AutoTests" name="[232] /home/travis/build/icyphy/ptII/ptolemy/actor/lib/test/auto/MultipleLinksToSameRelation.xml (RunModel)" time="0.007" />
  <testcase classname="ptolemy.util.test.junit.AutoTests" name="[233] /home/travis/build/icyphy/ptII/ptolemy/actor/lib/test/auto/MultipleLinksToSameRelationDE.xml (RunModel)" time="0.008" />
  <testcase classname="ptolemy.util.test.junit.AutoTests" name="[234] /home/travis/build/icyphy/ptII/ptolemy/actor/lib/test/auto/Multiplexor.xml (RunModel)" time="0.013" />
  <testcase classname="ptolemy.util.test.junit.AutoTests" name="[235] /home/travis/build/icyphy/ptII/ptolemy/actor/lib/test/auto/Multiplexor1.xml (RunModel)" time="0.015" />
  <testcase classname="ptolemy.util.test.junit.AutoTests" name="[236] /home/travis/build/icyphy/ptII/ptolemy/actor/lib/test/auto/Multiplexor2.xml (RunModel)" time="0.014" />
  <testcase classname="ptolemy.util.test.junit.AutoTests" name="[237] /home/travis/build/icyphy/ptII/ptolemy/actor/lib/test/auto/Multiplexor3.xml (RunModel)" time="0.01" />
  <testcase classname="ptolemy.util.test.junit.AutoTests" name="[238] /home/travis/build/icyphy/ptII/ptolemy/actor/lib/test/auto/MultiplexorDE.xml (RunModel)" time="0.021" />
  <testcase classname="ptolemy.util.test.junit.AutoTests" name="[239] /home/travis/build/icyphy/ptII/ptolemy/actor/lib/test/auto/MultiportBroadcastTest.xml (RunModel)" time="0.108" />
  <testcase classname="ptolemy.util.test.junit.AutoTests" name="[240] /home/travis/build/icyphy/ptII/ptolemy/actor/lib/test/auto/MultiportOutHangDuringGetWidth.xml (RunModel)" time="0.044" />
  <testcase classname="ptolemy.util.test.junit.AutoTests" name="[241] /home/travis/build/icyphy/ptII/ptolemy/actor/lib/test/auto/NilToken.xml (RunModel)" time="0.011" />
  <testcase classname="ptolemy.util.test.junit.AutoTests" name="[242] /home/travis/build/icyphy/ptII/ptolemy/actor/lib/test/auto/NilTokenNonStrictTest.xml (RunModel)" time="0.014" />
  <testcase classname="ptolemy.util.test.junit.AutoTests" name="[243] /home/travis/build/icyphy/ptII/ptolemy/actor/lib/test/auto/NilTokenRecord.xml (RunModel)" time="0.025" />
  <testcase classname="ptolemy.util.test.junit.AutoTests" name="[244] /home/travis/build/icyphy/ptII/ptolemy/actor/lib/test/auto/NilTokenTypeTest.xml (RunModel)" time="0.036" />
  <testcase classname="ptolemy.util.test.junit.AutoTests" name="[245] /home/travis/build/icyphy/ptII/ptolemy/actor/lib/test/auto/ObjectToken1.xml (RunModel)" time="0.01" />
  <testcase classname="ptolemy.util.test.junit.AutoTests" name="[246] /home/travis/build/icyphy/ptII/ptolemy/actor/lib/test/auto/OrderedMerge.xml (RunModel)" time="0.019" />
  <testcase classname="ptolemy.util.test.junit.AutoTests" name="[247] /home/travis/build/icyphy/ptII/ptolemy/actor/lib/test/auto/OrderedRecordDisassembler.xml (RunModel)" time="0.021" />
  <testcase classname="ptolemy.util.test.junit.AutoTests" name="[248] /home/travis/build/icyphy/ptII/ptolemy/actor/lib/test/auto/OrderedRecordDisassembler2.xml (RunModel)" time="0.029" />
  <testcase classname="ptolemy.util.test.junit.AutoTests" name="[249] /home/travis/build/icyphy/ptII/ptolemy/actor/lib/test/auto/OrderedRecordUpdater.xml (RunModel)" time="0.013" />
  <testcase classname="ptolemy.util.test.junit.AutoTests" name="[250] /home/travis/build/icyphy/ptII/ptolemy/actor/lib/test/auto/OrderedRecordUpdater2.xml (RunModel)" time="0.019" />
  <testcase classname="ptolemy.util.test.junit.AutoTests" name="[251] /home/travis/build/icyphy/ptII/ptolemy/actor/lib/test/auto/PhaseUnwrap.xml (RunModel)" time="0.014" />
  <testcase classname="ptolemy.util.test.junit.AutoTests" name="[252] /home/travis/build/icyphy/ptII/ptolemy/actor/lib/test/auto/PoissonClock.xml (RunModel)" time="0.012" />
  <testcase classname="ptolemy.util.test.junit.AutoTests" name="[253] /home/travis/build/icyphy/ptII/ptolemy/actor/lib/test/auto/PoissonClock2.xml (RunModel)" time="0.009" />
  <testcase classname="ptolemy.util.test.junit.AutoTests" name="[254] /home/travis/build/icyphy/ptII/ptolemy/actor/lib/test/auto/PoissonClock3.xml (RunModel)" time="0.017" />
  <testcase classname="ptolemy.util.test.junit.AutoTests" name="[255] /home/travis/build/icyphy/ptII/ptolemy/actor/lib/test/auto/PubSubWithInitialTokens.xml (RunModel)" time="0.015" />
  <testcase classname="ptolemy.util.test.junit.AutoTests" name="[256] /home/travis/build/icyphy/ptII/ptolemy/actor/lib/test/auto/PubSubWithInitialTokens2.xml (RunModel)" time="0.014" />
  <testcase classname="ptolemy.util.test.junit.AutoTests" name="[257] /home/travis/build/icyphy/ptII/ptolemy/actor/lib/test/auto/PublisherClassNoParameter.xml (RunModel)" time="0.026" />
  <testcase classname="ptolemy.util.test.junit.AutoTests" name="[258] /home/travis/build/icyphy/ptII/ptolemy/actor/lib/test/auto/PublisherClassParameter.xml (RunModel)" time="0.025" />
  <testcase classname="ptolemy.util.test.junit.AutoTests" name="[259] /home/travis/build/icyphy/ptII/ptolemy/actor/lib/test/auto/PublisherNonStrictTest.xml (RunModel)" time="0.029" />
  <testcase classname="ptolemy.util.test.junit.AutoTests" name="[260] /home/travis/build/icyphy/ptII/ptolemy/actor/lib/test/auto/PublisherPort1.xml (RunModel)" time="0.011" />
  <testcase classname="ptolemy.util.test.junit.AutoTests" name="[261] /home/travis/build/icyphy/ptII/ptolemy/actor/lib/test/auto/PublisherPort2.xml (RunModel)" time="0.01" />
  <testcase classname="ptolemy.util.test.junit.AutoTests" name="[262] /home/travis/build/icyphy/ptII/ptolemy/actor/lib/test/auto/PublisherPort3.xml (RunModel)" time="0.019" />
  <testcase classname="ptolemy.util.test.junit.AutoTests" name="[263] /home/travis/build/icyphy/ptII/ptolemy/actor/lib/test/auto/PublisherPort4.xml (RunModel)" time="0.017" />
  <testcase classname="ptolemy.util.test.junit.AutoTests" name="[264] /home/travis/build/icyphy/ptII/ptolemy/actor/lib/test/auto/PublisherPort5.xml (RunModel)" time="0.014" />
  <testcase classname="ptolemy.util.test.junit.AutoTests" name="[265] /home/travis/build/icyphy/ptII/ptolemy/actor/lib/test/auto/PublisherPort5LookAlike.xml (RunModel)" time="0.02" />
  <testcase classname="ptolemy.util.test.junit.AutoTests" name="[266] /home/travis/build/icyphy/ptII/ptolemy/actor/lib/test/auto/PublisherPort6.xml (RunModel)" time="0.011" />
  <testcase classname="ptolemy.util.test.junit.AutoTests" name="[267] /home/travis/build/icyphy/ptII/ptolemy/actor/lib/test/auto/PublisherPort7.xml (RunModel)" time="0.014" />
  <testcase classname="ptolemy.util.test.junit.AutoTests" name="[268] /home/travis/build/icyphy/ptII/ptolemy/actor/lib/test/auto/PublisherPort8.xml (RunModel)" time="0.017" />
  <testcase classname="ptolemy.util.test.junit.AutoTests" name="[269] /home/travis/build/icyphy/ptII/ptolemy/actor/lib/test/auto/PublisherPortSubscriberChannelVariablesAOC2.xml (RunModel)" time="0.031" />
  <testcase classname="ptolemy.util.test.junit.AutoTests" name="[270] /home/travis/build/icyphy/ptII/ptolemy/actor/lib/test/auto/PublisherPortSubscriberOpaqueWidthInference.xml (RunModel)" time="0.015" />
  <testcase classname="ptolemy.util.test.junit.AutoTests" name="[271] /home/travis/build/icyphy/ptII/ptolemy/actor/lib/test/auto/PublisherPortSubscriberPortAdjacent.xml (RunModel)" time="0.02" />
  <testcase classname="ptolemy.util.test.junit.AutoTests" name="[272] /home/travis/build/icyphy/ptII/ptolemy/actor/lib/test/auto/PublisherPortSubscriberPortExpression.xml (RunModel)" time="0.015" />
  <testcase classname="ptolemy.util.test.junit.AutoTests" name="[273] /home/travis/build/icyphy/ptII/ptolemy/actor/lib/test/auto/PublisherPortSubscriberPortOpaqueD3Reverse.xml (RunModel)" time="0.017" />
  <testcase classname="ptolemy.util.test.junit.AutoTests" name="[274] /home/travis/build/icyphy/ptII/ptolemy/actor/lib/test/auto/PublisherPortSubscriberPortOpaqueWidthInference.xml (RunModel)" time="0.014" />
  <testcase classname="ptolemy.util.test.junit.AutoTests" name="[275] /home/travis/build/icyphy/ptII/ptolemy/actor/lib/test/auto/PublisherPortToplevelSubscriberPortAOC.xml (RunModel)" time="0.009" />
  <testcase classname="ptolemy.util.test.junit.AutoTests" name="[276] /home/travis/build/icyphy/ptII/ptolemy/actor/lib/test/auto/PublisherSubscriber.xml (RunModel)" time="0.012" />
  <testcase classname="ptolemy.util.test.junit.AutoTests" name="[277] /home/travis/build/icyphy/ptII/ptolemy/actor/lib/test/auto/PublisherSubscriber10.xml (RunModel)" time="0.019" />
  <testcase classname="ptolemy.util.test.junit.AutoTests" name="[278] /home/travis/build/icyphy/ptII/ptolemy/actor/lib/test/auto/PublisherSubscriber10InitialOutputs.xml (RunModel)" time="0.02" />
  <testcase classname="ptolemy.util.test.junit.AutoTests" name="[279] /home/travis/build/icyphy/ptII/ptolemy/actor/lib/test/auto/PublisherSubscriber11.xml (RunModel)" time="0.011" />
  <testcase classname="ptolemy.util.test.junit.AutoTests" name="[280] /home/travis/build/icyphy/ptII/ptolemy/actor/lib/test/auto/PublisherSubscriber12.xml (RunModel)" time="0.012" />
  <testcase classname="ptolemy.util.test.junit.AutoTests" name="[281] /home/travis/build/icyphy/ptII/ptolemy/actor/lib/test/auto/PublisherSubscriber13.xml (RunModel)" time="0.01" />
  <testcase classname="ptolemy.util.test.junit.AutoTests" name="[282] /home/travis/build/icyphy/ptII/ptolemy/actor/lib/test/auto/PublisherSubscriber14.xml (RunModel)" time="0.016" />
  <testcase classname="ptolemy.util.test.junit.AutoTests" name="[283] /home/travis/build/icyphy/ptII/ptolemy/actor/lib/test/auto/PublisherSubscriber2.xml (RunModel)" time="0.01" />
  <testcase classname="ptolemy.util.test.junit.AutoTests" name="[284] /home/travis/build/icyphy/ptII/ptolemy/actor/lib/test/auto/PublisherSubscriber3.xml (RunModel)" time="0.009" />
  <testcase classname="ptolemy.util.test.junit.AutoTests" name="[285] /home/travis/build/icyphy/ptII/ptolemy/actor/lib/test/auto/PublisherSubscriber4.xml (RunModel)" time="0.008" />
  <testcase classname="ptolemy.util.test.junit.AutoTests" name="[286] /home/travis/build/icyphy/ptII/ptolemy/actor/lib/test/auto/PublisherSubscriber5.xml (RunModel)" time="0.011" />
  <testcase classname="ptolemy.util.test.junit.AutoTests" name="[287] /home/travis/build/icyphy/ptII/ptolemy/actor/lib/test/auto/PublisherSubscriber6.xml (RunModel)" time="0.012" />
  <testcase classname="ptolemy.util.test.junit.AutoTests" name="[288] /home/travis/build/icyphy/ptII/ptolemy/actor/lib/test/auto/PublisherSubscriber7.xml (RunModel)" time="0.013" />
  <testcase classname="ptolemy.util.test.junit.AutoTests" name="[289] /home/travis/build/icyphy/ptII/ptolemy/actor/lib/test/auto/PublisherSubscriber8.xml (RunModel)" time="0.021" />
  <testcase classname="ptolemy.util.test.junit.AutoTests" name="[290] /home/travis/build/icyphy/ptII/ptolemy/actor/lib/test/auto/PublisherSubscriber9.xml (RunModel)" time="0.015" />
  <testcase classname="ptolemy.util.test.junit.AutoTests" name="[291] /home/travis/build/icyphy/ptII/ptolemy/actor/lib/test/auto/PublisherSubscriberAdjacent.xml (RunModel)" time="0.016" />
  <testcase classname="ptolemy.util.test.junit.AutoTests" name="[292] /home/travis/build/icyphy/ptII/ptolemy/actor/lib/test/auto/PublisherSubscriberChannelVariablesAOC2.xml (RunModel)" time="0.026" />
  <testcase classname="ptolemy.util.test.junit.AutoTests" name="[293] /home/travis/build/icyphy/ptII/ptolemy/actor/lib/test/auto/PublisherSubscriberD3.xml (RunModel)" time="0.016" />
  <testcase classname="ptolemy.util.test.junit.AutoTests" name="[294] /home/travis/build/icyphy/ptII/ptolemy/actor/lib/test/auto/PublisherSubscriberD3Reverse.xml (RunModel)" time="0.011" />
  <testcase classname="ptolemy.util.test.junit.AutoTests" name="[295] /home/travis/build/icyphy/ptII/ptolemy/actor/lib/test/auto/PublisherSubscriberExpression.xml (RunModel)" time="0.018" />
  <testcase classname="ptolemy.util.test.junit.AutoTests" name="[296] /home/travis/build/icyphy/ptII/ptolemy/actor/lib/test/auto/PublisherSubscriberOpaque.xml (RunModel)" time="0.031" />
  <testcase classname="ptolemy.util.test.junit.AutoTests" name="[297] /home/travis/build/icyphy/ptII/ptolemy/actor/lib/test/auto/PublisherSubscriberOpaqueD3.xml (RunModel)" time="0.022" />
  <testcase classname="ptolemy.util.test.junit.AutoTests" name="[298] /home/travis/build/icyphy/ptII/ptolemy/actor/lib/test/auto/PublisherSubscriberOpaqueD3Reverse.xml (RunModel)" time="0.023" />
  <testcase classname="ptolemy.util.test.junit.AutoTests" name="[299] /home/travis/build/icyphy/ptII/ptolemy/actor/lib/test/auto/PublisherSubscriberOpaqueWidthInference.xml (RunModel)" time="0.016" />
  <testcase classname="ptolemy.util.test.junit.AutoTests" name="[300] /home/travis/build/icyphy/ptII/ptolemy/actor/lib/test/auto/PublisherTestSubscriber.xml (RunModel)" time="0.016" />
  <testcase classname="ptolemy.util.test.junit.AutoTests" name="[301] /home/travis/build/icyphy/ptII/ptolemy/actor/lib/test/auto/PublisherToplevelSubscriberPortAOC.xml (RunModel)" time="0.018" />
  <testcase classname="ptolemy.util.test.junit.AutoTests" name="[302] /home/travis/build/icyphy/ptII/ptolemy/actor/lib/test/auto/PulseFiringLimitDE.xml (RunModel)" time="0.013" />
  <testcase classname="ptolemy.util.test.junit.AutoTests" name="[303] /home/travis/build/icyphy/ptII/ptolemy/actor/lib/test/auto/Ramp1.xml (RunModel)" time="0.007" />
  <testcase classname="ptolemy.util.test.junit.AutoTests" name="[304] /home/travis/build/icyphy/ptII/ptolemy/actor/lib/test/auto/RampFiringLimitDE.xml (RunModel)" time="0.014" />
  <testcase classname="ptolemy.util.test.junit.AutoTests" name="[305] /home/travis/build/icyphy/ptII/ptolemy/actor/lib/test/auto/RampFiringLimitSDF.xml (RunModel)" time="0.011" />
  <testcase classname="ptolemy.util.test.junit.AutoTests" name="[306] /home/travis/build/icyphy/ptII/ptolemy/actor/lib/test/auto/RandomInteger.xml (RunModel)" time="0.007" />
  <testcase classname="ptolemy.util.test.junit.AutoTests" name="[307] /home/travis/build/icyphy/ptII/ptolemy/actor/lib/test/auto/ReadFile1.xml (RunModel)" time="0.009" />
  <testcase classname="ptolemy.util.test.junit.AutoTests" name="[308] /home/travis/build/icyphy/ptII/ptolemy/actor/lib/test/auto/ReadFile2.xml (RunModel)" time="0.007" />
  <testcase classname="ptolemy.util.test.junit.AutoTests" name="[309] /home/travis/build/icyphy/ptII/ptolemy/actor/lib/test/auto/Reader.xml (RunModel)" time="0.009" />
  <testcase classname="ptolemy.util.test.junit.AutoTests" name="[310] /home/travis/build/icyphy/ptII/ptolemy/actor/lib/test/auto/RecordAssemblerDisplayNameTest.xml (RunModel)" time="2.906" />
  <testcase classname="ptolemy.util.test.junit.AutoTests" name="[311] /home/travis/build/icyphy/ptII/ptolemy/actor/lib/test/auto/RecordAssemblerTypeError.xml (RunModel)" time="0.03" />
  <testcase classname="ptolemy.util.test.junit.AutoTests" name="[312] /home/travis/build/icyphy/ptII/ptolemy/actor/lib/test/auto/RecordDisassember.xml (RunModel)" time="0.01" />
  <testcase classname="ptolemy.util.test.junit.AutoTests" name="[313] /home/travis/build/icyphy/ptII/ptolemy/actor/lib/test/auto/RecordDisassemberDisplayNameTest.xml (RunModel)" time="0.02" />
  <testcase classname="ptolemy.util.test.junit.AutoTests" name="[314] /home/travis/build/icyphy/ptII/ptolemy/actor/lib/test/auto/RecordDisassembler.xml (RunModel)" time="0.009" />
  <testcase classname="ptolemy.util.test.junit.AutoTests" name="[315] /home/travis/build/icyphy/ptII/ptolemy/actor/lib/test/auto/RecordDisassembler2.xml (RunModel)" time="0.01" />
  <testcase classname="ptolemy.util.test.junit.AutoTests" name="[316] /home/travis/build/icyphy/ptII/ptolemy/actor/lib/test/auto/RecordUpdater.xml (RunModel)" time="0.009" />
  <testcase classname="ptolemy.util.test.junit.AutoTests" name="[317] /home/travis/build/icyphy/ptII/ptolemy/actor/lib/test/auto/RecordUpdater2.xml (RunModel)" time="0.009" />
  <testcase classname="ptolemy.util.test.junit.AutoTests" name="[318] /home/travis/build/icyphy/ptII/ptolemy/actor/lib/test/auto/RecursiveLattice.xml (RunModel)" time="0.009" />
  <testcase classname="ptolemy.util.test.junit.AutoTests" name="[319] /home/travis/build/icyphy/ptII/ptolemy/actor/lib/test/auto/Router.xml (RunModel)" time="3.022" />
  <testcase classname="ptolemy.util.test.junit.AutoTests" name="[320] /home/travis/build/icyphy/ptII/ptolemy/actor/lib/test/auto/Router2.xml (RunModel)" time="3.042" />
  <testcase classname="ptolemy.util.test.junit.AutoTests" name="[321] /home/travis/build/icyphy/ptII/ptolemy/actor/lib/test/auto/RunningMaximum.xml (RunModel)" time="0.011" />
  <testcase classname="ptolemy.util.test.junit.AutoTests" name="[322] /home/travis/build/icyphy/ptII/ptolemy/actor/lib/test/auto/RunningMinimum.xml (RunModel)" time="0.01" />
  <testcase classname="ptolemy.util.test.junit.AutoTests" name="[323] /home/travis/build/icyphy/ptII/ptolemy/actor/lib/test/auto/Scale.xml (RunModel)" time="0.007" />
  <testcase classname="ptolemy.util.test.junit.AutoTests" name="[324] /home/travis/build/icyphy/ptII/ptolemy/actor/lib/test/auto/Scale2.xml (RunModel)" time="0.009" />
  <testcase classname="ptolemy.util.test.junit.AutoTests" name="[325] /home/travis/build/icyphy/ptII/ptolemy/actor/lib/test/auto/Scale3.xml (RunModel)" time="0.013" />
  <testcase classname="ptolemy.util.test.junit.AutoTests" name="[326] /home/travis/build/icyphy/ptII/ptolemy/actor/lib/test/auto/ScaleArray.xml (RunModel)" time="0.008" />
  <testcase classname="ptolemy.util.test.junit.AutoTests" name="[327] /home/travis/build/icyphy/ptII/ptolemy/actor/lib/test/auto/ScaleArray2.xml (RunModel)" time="0.008" />
  <testcase classname="ptolemy.util.test.junit.AutoTests" name="[328] /home/travis/build/icyphy/ptII/ptolemy/actor/lib/test/auto/ScaleMatrix.xml (RunModel)" time="0.103" />
  <testcase classname="ptolemy.util.test.junit.AutoTests" name="[329] /home/travis/build/icyphy/ptII/ptolemy/actor/lib/test/auto/Select.xml (RunModel)" time="0.014" />
  <testcase classname="ptolemy.util.test.junit.AutoTests" name="[330] /home/travis/build/icyphy/ptII/ptolemy/actor/lib/test/auto/Select2.xml (RunModel)" time="0.009" />
  <testcase classname="ptolemy.util.test.junit.AutoTests" name="[331] /home/travis/build/icyphy/ptII/ptolemy/actor/lib/test/auto/SequenceToArray2.xml (RunModel)" time="0.104" />
  <testcase classname="ptolemy.util.test.junit.AutoTests" name="[332] /home/travis/build/icyphy/ptII/ptolemy/actor/lib/test/auto/SequentialClock.xml (RunModel)" time="0.007" />
  <testcase classname="ptolemy.util.test.junit.AutoTests" name="[333] /home/travis/build/icyphy/ptII/ptolemy/actor/lib/test/auto/SetVariable.xml (RunModel)" time="0.009" />
  <testcase classname="ptolemy.util.test.junit.AutoTests" name="[334] /home/travis/build/icyphy/ptII/ptolemy/actor/lib/test/auto/SetVariable2.xml (RunModel)" time="0.009" />
  <testcase classname="ptolemy.util.test.junit.AutoTests" name="[335] /home/travis/build/icyphy/ptII/ptolemy/actor/lib/test/auto/SetVariable3.xml (RunModel)" time="0.01" />
  <testcase classname="ptolemy.util.test.junit.AutoTests" name="[336] /home/travis/build/icyphy/ptII/ptolemy/actor/lib/test/auto/SetVariable4.xml (RunModel)" time="0.025" />
  <testcase classname="ptolemy.util.test.junit.AutoTests" name="[337] /home/travis/build/icyphy/ptII/ptolemy/actor/lib/test/auto/SetVariable5.xml (RunModel)" time="0.027" />
  <testcase classname="ptolemy.util.test.junit.AutoTests" name="[338] /home/travis/build/icyphy/ptII/ptolemy/actor/lib/test/auto/Sinewave.xml (RunModel)" time="0.027" />
  <testcase classname="ptolemy.util.test.junit.AutoTests" name="[339] /home/travis/build/icyphy/ptII/ptolemy/actor/lib/test/auto/Sinewave2.xml (RunModel)" time="0.014" />
  <testcase classname="ptolemy.util.test.junit.AutoTests" name="[340] /home/travis/build/icyphy/ptII/ptolemy/actor/lib/test/auto/Sinewave3.xml (RunModel)" time="0.024" />
  <testcase classname="ptolemy.util.test.junit.AutoTests" name="[341] /home/travis/build/icyphy/ptII/ptolemy/actor/lib/test/auto/SingleEvent.xml (RunModel)" time="0.013" />
  <testcase classname="ptolemy.util.test.junit.AutoTests" name="[342] /home/travis/build/icyphy/ptII/ptolemy/actor/lib/test/auto/Sleep.xml (RunModel)" time="6.017" />
  <testcase classname="ptolemy.util.test.junit.AutoTests" name="[343] /home/travis/build/icyphy/ptII/ptolemy/actor/lib/test/auto/SleepMultipleFire.xml (RunModel)" time="1.016" />
  <testcase classname="ptolemy.util.test.junit.AutoTests" name="[344] /home/travis/build/icyphy/ptII/ptolemy/actor/lib/test/auto/StopDE.xml (RunModel)" time="0.016" />
  <testcase classname="ptolemy.util.test.junit.AutoTests" name="[345] /home/travis/build/icyphy/ptII/ptolemy/actor/lib/test/auto/StopSDF.xml (RunModel)" time="0.014" />
  <testcase classname="ptolemy.util.test.junit.AutoTests" name="[346] /home/travis/build/icyphy/ptII/ptolemy/actor/lib/test/auto/StringConstant.xml (RunModel)" time="0.011" />
  <testcase classname="ptolemy.util.test.junit.AutoTests" name="[347] /home/travis/build/icyphy/ptII/ptolemy/actor/lib/test/auto/SubscriberPortInitialValues1.xml (RunModel)" time="0.02" />
  <testcase classname="ptolemy.util.test.junit.AutoTests" name="[348] /home/travis/build/icyphy/ptII/ptolemy/actor/lib/test/auto/SubscriberPortInitialValues13.xml (RunModel)" time="0.026" />
  <testcase classname="ptolemy.util.test.junit.AutoTests" name="[349] /home/travis/build/icyphy/ptII/ptolemy/actor/lib/test/auto/SubscriberPortInitialValues14.xml (RunModel)" time="0.015" />
  <testcase classname="ptolemy.util.test.junit.AutoTests" name="[350] /home/travis/build/icyphy/ptII/ptolemy/actor/lib/test/auto/SubscriberPortInitialValues2.xml (RunModel)" time="0.017" />
  <testcase classname="ptolemy.util.test.junit.AutoTests" name="[351] /home/travis/build/icyphy/ptII/ptolemy/actor/lib/test/auto/SubscriberPortInitialValues3.xml (RunModel)" time="0.018" />
  <testcase classname="ptolemy.util.test.junit.AutoTests" name="[352] /home/travis/build/icyphy/ptII/ptolemy/actor/lib/test/auto/SubscriptionAggregator.xml (RunModel)" time="0.012" />
  <testcase classname="ptolemy.util.test.junit.AutoTests" name="[353] /home/travis/build/icyphy/ptII/ptolemy/actor/lib/test/auto/SubscriptionAggregator2.xml (RunModel)" time="0.018" />
  <testcase classname="ptolemy.util.test.junit.AutoTests" name="[354] /home/travis/build/icyphy/ptII/ptolemy/actor/lib/test/auto/SubscriptionAggregator3.xml (RunModel)" time="0.015" />
  <testcase classname="ptolemy.util.test.junit.AutoTests" name="[355] /home/travis/build/icyphy/ptII/ptolemy/actor/lib/test/auto/SubscriptionAggregatorMultiply.xml (RunModel)" time="0.018" />
  <testcase classname="ptolemy.util.test.junit.AutoTests" name="[356] /home/travis/build/icyphy/ptII/ptolemy/actor/lib/test/auto/SubscriptionAggregatorPortMultiply1.xml (RunModel)" time="0.02" />
  <testcase classname="ptolemy.util.test.junit.AutoTests" name="[357] /home/travis/build/icyphy/ptII/ptolemy/actor/lib/test/auto/Switch.xml (RunModel)" time="0.02" />
  <testcase classname="ptolemy.util.test.junit.AutoTests" name="[358] /home/travis/build/icyphy/ptII/ptolemy/actor/lib/test/auto/Switch2.xml (RunModel)" time="0.01" />
  <testcase classname="ptolemy.util.test.junit.AutoTests" name="[359] /home/travis/build/icyphy/ptII/ptolemy/actor/lib/test/auto/SwitchDE.xml (RunModel)" time="0.016" />
  <testcase classname="ptolemy.util.test.junit.AutoTests" name="[360] /home/travis/build/icyphy/ptII/ptolemy/actor/lib/test/auto/SynchronizerDE.xml (RunModel)" time="0.024" />
  <testcase classname="ptolemy.util.test.junit.AutoTests" name="[361] /home/travis/build/icyphy/ptII/ptolemy/actor/lib/test/auto/Test.xml (RunModel)" time="0.009" />
  <testcase classname="ptolemy.util.test.junit.AutoTests" name="[362] /home/travis/build/icyphy/ptII/ptolemy/actor/lib/test/auto/TestExceptionAttribute1.xml (RunModel)" time="0.007" />
  <testcase classname="ptolemy.util.test.junit.AutoTests" name="[363] /home/travis/build/icyphy/ptII/ptolemy/actor/lib/test/auto/TestExceptionAttribute2.xml (RunModel)" time="0.006" />
  <testcase classname="ptolemy.util.test.junit.AutoTests" name="[364] /home/travis/build/icyphy/ptII/ptolemy/actor/lib/test/auto/TestExceptionAttribute3.xml (RunModel)" time="0.007" />
  <testcase classname="ptolemy.util.test.junit.AutoTests" name="[365] /home/travis/build/icyphy/ptII/ptolemy/actor/lib/test/auto/TestExceptionAttribute4.xml (RunModel)" time="0.006" />
  <testcase classname="ptolemy.util.test.junit.AutoTests" name="[366] /home/travis/build/icyphy/ptII/ptolemy/actor/lib/test/auto/TestExceptionHandler1.xml (RunModel)" time="0.006" />
  <testcase classname="ptolemy.util.test.junit.AutoTests" name="[367] /home/travis/build/icyphy/ptII/ptolemy/actor/lib/test/auto/TestExceptionHandler2.xml (RunModel)" time="0.011" />
  <testcase classname="ptolemy.util.test.junit.AutoTests" name="[368] /home/travis/build/icyphy/ptII/ptolemy/actor/lib/test/auto/TestExceptionHandler3.xml (RunModel)" time="0.006" />
  <testcase classname="ptolemy.util.test.junit.AutoTests" name="[369] /home/travis/build/icyphy/ptII/ptolemy/actor/lib/test/auto/TestExceptionHandler4.xml (RunModel)" time="0.006" />
  <testcase classname="ptolemy.util.test.junit.AutoTests" name="[370] /home/travis/build/icyphy/ptII/ptolemy/actor/lib/test/auto/TestRequireCorrectOrder.xml (RunModel)" time="0.009" />
  <testcase classname="ptolemy.util.test.junit.AutoTests" name="[371] /home/travis/build/icyphy/ptII/ptolemy/actor/lib/test/auto/TestSimple.xml (RunModel)" time="0.006" />
  <testcase classname="ptolemy.util.test.junit.AutoTests" name="[372] /home/travis/build/icyphy/ptII/ptolemy/actor/lib/test/auto/ThrowModelError.xml (RunModel)" time="0.01" />
  <testcase classname="ptolemy.util.test.junit.AutoTests" name="[373] /home/travis/build/icyphy/ptII/ptolemy/actor/lib/test/auto/TimeDelayMicrosteps.xml (RunModel)" time="0.014" />
  <testcase classname="ptolemy.util.test.junit.AutoTests" name="[374] /home/travis/build/icyphy/ptII/ptolemy/actor/lib/test/auto/TimeDelayMicrosteps2.xml (RunModel)" time="0.014" />
  <testcase classname="ptolemy.util.test.junit.AutoTests" name="[375] /home/travis/build/icyphy/ptII/ptolemy/actor/lib/test/auto/TimeDelayMicrosteps3.xml (RunModel)" time="0.011" />
  <testcase classname="ptolemy.util.test.junit.AutoTests" name="[376] /home/travis/build/icyphy/ptII/ptolemy/actor/lib/test/auto/TimeDelayVariableMicrosteps.xml (RunModel)" time="0.016" />
  <testcase classname="ptolemy.util.test.junit.AutoTests" name="[377] /home/travis/build/icyphy/ptII/ptolemy/actor/lib/test/auto/TimeGap.xml (RunModel)" time="0.019" />
  <testcase classname="ptolemy.util.test.junit.AutoTests" name="[378] /home/travis/build/icyphy/ptII/ptolemy/actor/lib/test/auto/TimeGap2.xml (RunModel)" time="0.016" />
  <testcase classname="ptolemy.util.test.junit.AutoTests" name="[379] /home/travis/build/icyphy/ptII/ptolemy/actor/lib/test/auto/TimedSinewave.xml (RunModel)" time="0.058" />
  <testcase classname="ptolemy.util.test.junit.AutoTests" name="[380] /home/travis/build/icyphy/ptII/ptolemy/actor/lib/test/auto/TimedSinewavePhase.xml (RunModel)" time="0.029" />
  <testcase classname="ptolemy.util.test.junit.AutoTests" name="[381] /home/travis/build/icyphy/ptII/ptolemy/actor/lib/test/auto/Timer.xml (RunModel)" time="0.017" />
  <testcase classname="ptolemy.util.test.junit.AutoTests" name="[382] /home/travis/build/icyphy/ptII/ptolemy/actor/lib/test/auto/TriangularDistTestModel.xml (RunModel)" time="0.016" />
  <testcase classname="ptolemy.util.test.junit.AutoTests" name="[383] /home/travis/build/icyphy/ptII/ptolemy/actor/lib/test/auto/TrigFunction.xml (RunModel)" time="0.008" />
  <testcase classname="ptolemy.util.test.junit.AutoTests" name="[384] /home/travis/build/icyphy/ptII/ptolemy/actor/lib/test/auto/TrigFunctionDE.xml (RunModel)" time="0.01" />
  <testcase classname="ptolemy.util.test.junit.AutoTests" name="[385] /home/travis/build/icyphy/ptII/ptolemy/actor/lib/test/auto/TrigFunctionInverse.xml (RunModel)" time="0.009" />
  <testcase classname="ptolemy.util.test.junit.AutoTests" name="[386] /home/travis/build/icyphy/ptII/ptolemy/actor/lib/test/auto/TrigFunctionTan.xml (RunModel)" time="0.006" />
  <testcase classname="ptolemy.util.test.junit.AutoTests" name="[387] /home/travis/build/icyphy/ptII/ptolemy/actor/lib/test/auto/TriggeredClock.xml (RunModel)" time="0.008" />
  <testcase classname="ptolemy.util.test.junit.AutoTests" name="[388] /home/travis/build/icyphy/ptII/ptolemy/actor/lib/test/auto/URLDirectoryReader.xml (RunModel)" time="0.093" />
  <testcase classname="ptolemy.util.test.junit.AutoTests" name="[389] /home/travis/build/icyphy/ptII/ptolemy/actor/lib/test/auto/URLDirectoryReader3.xml (RunModel)" time="1.361" />
  <testcase classname="ptolemy.util.test.junit.AutoTests" name="[390] /home/travis/build/icyphy/ptII/ptolemy/actor/lib/test/auto/UnaryMathFunction.xml (RunModel)" time="0.022" />
  <testcase classname="ptolemy.util.test.junit.AutoTests" name="[391] /home/travis/build/icyphy/ptII/ptolemy/actor/lib/test/auto/Uniform.xml (RunModel)" time="0.037" />
  <testcase classname="ptolemy.util.test.junit.AutoTests" name="[392] /home/travis/build/icyphy/ptII/ptolemy/actor/lib/test/auto/UnionDisassemblerTest.xml (RunModel)" time="0.024" />
  <testcase classname="ptolemy.util.test.junit.AutoTests" name="[393] /home/travis/build/icyphy/ptII/ptolemy/actor/lib/test/auto/UtilityFunctions.xml (RunModel)" time="0.037" />
  <testcase classname="ptolemy.util.test.junit.AutoTests" name="[394] /home/travis/build/icyphy/ptII/ptolemy/actor/lib/test/auto/VariableSleep.xml (RunModel)" time="0.543" />
  <testcase classname="ptolemy.util.test.junit.AutoTests" name="[395] /home/travis/build/icyphy/ptII/ptolemy/actor/lib/test/auto/VectorAssemblerDisassemblerCT.xml (RunModel)" time="0.114" />
  <testcase classname="ptolemy.util.test.junit.AutoTests" name="[396] /home/travis/build/icyphy/ptII/ptolemy/actor/lib/test/auto/VectorAssemblerDisassemblerDE.xml (RunModel)" time="0.014" />
  <testcase classname="ptolemy.util.test.junit.AutoTests" name="[397] /home/travis/build/icyphy/ptII/ptolemy/actor/lib/test/auto/VectorAssemblerDisassemblerSDF.xml (RunModel)" time="0.012" />
  <testcase classname="ptolemy.util.test.junit.AutoTests" name="[398] /home/travis/build/icyphy/ptII/ptolemy/actor/lib/test/auto/WallClockTime.xml (RunModel)" time="1.013" />
  <testcase classname="ptolemy.util.test.junit.AutoTests" name="[399] /home/travis/build/icyphy/ptII/ptolemy/actor/lib/test/auto/WidthTestWithSubscriberPublisher.xml (RunModel)" time="0.047" />
  <testcase classname="ptolemy.util.test.junit.AutoTests" name="[400] /home/travis/build/icyphy/ptII/ptolemy/actor/lib/test/auto/WidthTestWithSubscriberPublisher2.xml (RunModel)" time="0.014" />
  <testcase classname="ptolemy.util.test.junit.AutoTests" name="[401] /home/travis/build/icyphy/ptII/ptolemy/actor/lib/test/auto/WidthTestWithSubscriberPublisher3.xml (RunModel)" time="0.024" />
  <testcase classname="ptolemy.util.test.junit.AutoTests" name="[402] /home/travis/build/icyphy/ptII/ptolemy/actor/lib/test/auto/Writer.xml (RunModel)" time="0.009" />
  <testcase classname="ptolemy.util.test.junit.AutoTests" name="[403] /home/travis/build/icyphy/ptII/ptolemy/actor/lib/test/auto/array.xml (RunModel)" time="0.012" />
  <testcase classname="ptolemy.util.test.junit.AutoTests" name="[404] /home/travis/build/icyphy/ptII/ptolemy/actor/lib/test/auto/array2.xml (RunModel)" time="0.009" />
  <testcase classname="ptolemy.util.test.junit.AutoTests" name="[405] /home/travis/build/icyphy/ptII/ptolemy/actor/lib/test/auto/arrayType.xml (RunModel)" time="0.011" />
  <testcase classname="ptolemy.util.test.junit.AutoTests" name="[406] /home/travis/build/icyphy/ptII/ptolemy/actor/lib/test/auto/arrayType10.xml (RunModel)" time="0.009" />
  <testcase classname="ptolemy.util.test.junit.AutoTests" name="[407] /home/travis/build/icyphy/ptII/ptolemy/actor/lib/test/auto/arrayType11.xml (RunModel)" time="0.009" />
  <testcase classname="ptolemy.util.test.junit.AutoTests" name="[408] /home/travis/build/icyphy/ptII/ptolemy/actor/lib/test/auto/arrayType12.xml (RunModel)" time="0.009" />
  <testcase classname="ptolemy.util.test.junit.AutoTests" name="[409] /home/travis/build/icyphy/ptII/ptolemy/actor/lib/test/auto/arrayType13.xml (RunModel)" time="0.01" />
  <testcase classname="ptolemy.util.test.junit.AutoTests" name="[410] /home/travis/build/icyphy/ptII/ptolemy/actor/lib/test/auto/arrayType14.xml (RunModel)" time="0.01" />
  <testcase classname="ptolemy.util.test.junit.AutoTests" name="[411] /home/travis/build/icyphy/ptII/ptolemy/actor/lib/test/auto/arrayType15.xml (RunModel)" time="0.011" />
  <testcase classname="ptolemy.util.test.junit.AutoTests" name="[412] /home/travis/build/icyphy/ptII/ptolemy/actor/lib/test/auto/arrayType16.xml (RunModel)" time="0.009" />
  <testcase classname="ptolemy.util.test.junit.AutoTests" name="[413] /home/travis/build/icyphy/ptII/ptolemy/actor/lib/test/auto/arrayType17.xml (RunModel)" time="0.01" />
  <testcase classname="ptolemy.util.test.junit.AutoTests" name="[414] /home/travis/build/icyphy/ptII/ptolemy/actor/lib/test/auto/arrayType18.xml (RunModel)" time="0.01" />
  <testcase classname="ptolemy.util.test.junit.AutoTests" name="[415] /home/travis/build/icyphy/ptII/ptolemy/actor/lib/test/auto/arrayType19.xml (RunModel)" time="0.009" />
  <testcase classname="ptolemy.util.test.junit.AutoTests" name="[416] /home/travis/build/icyphy/ptII/ptolemy/actor/lib/test/auto/arrayType2.xml (RunModel)" time="0.011" />
  <testcase classname="ptolemy.util.test.junit.AutoTests" name="[417] /home/travis/build/icyphy/ptII/ptolemy/actor/lib/test/auto/arrayType20.xml (RunModel)" time="0.009" />
  <testcase classname="ptolemy.util.test.junit.AutoTests" name="[418] /home/travis/build/icyphy/ptII/ptolemy/actor/lib/test/auto/arrayType21.xml (RunModel)" time="0.009" />
  <testcase classname="ptolemy.util.test.junit.AutoTests" name="[419] /home/travis/build/icyphy/ptII/ptolemy/actor/lib/test/auto/arrayType22.xml (RunModel)" time="0.009" />
  <testcase classname="ptolemy.util.test.junit.AutoTests" name="[420] /home/travis/build/icyphy/ptII/ptolemy/actor/lib/test/auto/arrayType23.xml (RunModel)" time="0.008" />
  <testcase classname="ptolemy.util.test.junit.AutoTests" name="[421] /home/travis/build/icyphy/ptII/ptolemy/actor/lib/test/auto/arrayType24.xml (RunModel)" time="0.01" />
  <testcase classname="ptolemy.util.test.junit.AutoTests" name="[422] /home/travis/build/icyphy/ptII/ptolemy/actor/lib/test/auto/arrayType25.xml (RunModel)" time="0.008" />
  <testcase classname="ptolemy.util.test.junit.AutoTests" name="[423] /home/travis/build/icyphy/ptII/ptolemy/actor/lib/test/auto/arrayType26.xml (RunModel)" time="0.008" />
  <testcase classname="ptolemy.util.test.junit.AutoTests" name="[424] /home/travis/build/icyphy/ptII/ptolemy/actor/lib/test/auto/arrayType27.xml (RunModel)" time="0.009" />
  <testcase classname="ptolemy.util.test.junit.AutoTests" name="[425] /home/travis/build/icyphy/ptII/ptolemy/actor/lib/test/auto/arrayType28.xml (RunModel)" time="0.011" />
  <testcase classname="ptolemy.util.test.junit.AutoTests" name="[426] /home/travis/build/icyphy/ptII/ptolemy/actor/lib/test/auto/arrayType3.xml (RunModel)" time="0.009" />
  <testcase classname="ptolemy.util.test.junit.AutoTests" name="[427] /home/travis/build/icyphy/ptII/ptolemy/actor/lib/test/auto/arrayType4.xml (RunModel)" time="0.011" />
  <testcase classname="ptolemy.util.test.junit.AutoTests" name="[428] /home/travis/build/icyphy/ptII/ptolemy/actor/lib/test/auto/arrayType5.xml (RunModel)" time="0.009" />
  <testcase classname="ptolemy.util.test.junit.AutoTests" name="[429] /home/travis/build/icyphy/ptII/ptolemy/actor/lib/test/auto/arrayType6.xml (RunModel)" time="0.008" />
  <testcase classname="ptolemy.util.test.junit.AutoTests" name="[430] /home/travis/build/icyphy/ptII/ptolemy/actor/lib/test/auto/arrayType7.xml (RunModel)" time="0.008" />
  <testcase classname="ptolemy.util.test.junit.AutoTests" name="[431] /home/travis/build/icyphy/ptII/ptolemy/actor/lib/test/auto/arrayType8.xml (RunModel)" time="0.008" />
  <testcase classname="ptolemy.util.test.junit.AutoTests" name="[432] /home/travis/build/icyphy/ptII/ptolemy/actor/lib/test/auto/arrayType9.xml (RunModel)" time="0.009" />
  <testcase classname="ptolemy.util.test.junit.AutoTests" name="[433] /home/travis/build/icyphy/ptII/ptolemy/actor/lib/test/auto/cast.xml (RunModel)" time="0.01" />
  <testcase classname="ptolemy.util.test.junit.AutoTests" name="[434] /home/travis/build/icyphy/ptII/ptolemy/actor/lib/test/auto/compositeMultiPort.xml (RunModel)" time="0.017" />
  <testcase classname="ptolemy.util.test.junit.AutoTests" name="[435] /home/travis/build/icyphy/ptII/ptolemy/actor/lib/test/auto/expressionCastInference.xml (RunModel)" time="0.008" />
  <testcase classname="ptolemy.util.test.junit.AutoTests" name="[436] /home/travis/build/icyphy/ptII/ptolemy/actor/lib/test/auto/expressionCastInference2.xml (RunModel)" time="0.012" />
  <testcase classname="ptolemy.util.test.junit.AutoTests" name="[437] /home/travis/build/icyphy/ptII/ptolemy/actor/lib/test/auto/expressionInference.xml (RunModel)" time="0.007" />
  <testcase classname="ptolemy.util.test.junit.AutoTests" name="[438] /home/travis/build/icyphy/ptII/ptolemy/actor/lib/test/auto/expression_bug.xml (RunModel)" time="0.007" />
  <testcase classname="ptolemy.util.test.junit.AutoTests" name="[439] /home/travis/build/icyphy/ptII/ptolemy/actor/lib/test/auto/factorial.xml (RunModel)" time="0.05" />
  <testcase classname="ptolemy.util.test.junit.AutoTests" name="[440] /home/travis/build/icyphy/ptII/ptolemy/actor/lib/test/auto/filterTest1.xml (RunModel)" time="0.016" />
  <testcase classname="ptolemy.util.test.junit.AutoTests" name="[441] /home/travis/build/icyphy/ptII/ptolemy/actor/lib/test/auto/funcApplyInConst.xml (RunModel)" time="0.01" />
  <testcase classname="ptolemy.util.test.junit.AutoTests" name="[442] /home/travis/build/icyphy/ptII/ptolemy/actor/lib/test/auto/funcApplyInExpr.xml (RunModel)" time="0.006" />
  <testcase classname="ptolemy.util.test.junit.AutoTests" name="[443] /home/travis/build/icyphy/ptII/ptolemy/actor/lib/test/auto/function.xml (RunModel)" time="0.009" />
  <testcase classname="ptolemy.util.test.junit.AutoTests" name="[444] /home/travis/build/icyphy/ptII/ptolemy/actor/lib/test/auto/function2.xml (RunModel)" time="0.009" />
  <testcase classname="ptolemy.util.test.junit.AutoTests" name="[445] /home/travis/build/icyphy/ptII/ptolemy/actor/lib/test/auto/function3.xml (RunModel)" time="0.012" />
  <testcase classname="ptolemy.util.test.junit.AutoTests" name="[446] /home/travis/build/icyphy/ptII/ptolemy/actor/lib/test/auto/functionClosureTest1.xml (RunModel)" time="0.01" />
  <testcase classname="ptolemy.util.test.junit.AutoTests" name="[447] /home/travis/build/icyphy/ptII/ptolemy/actor/lib/test/auto/functionClosureTest2.xml (RunModel)" time="0.007" />
  <testcase classname="ptolemy.util.test.junit.AutoTests" name="[448] /home/travis/build/icyphy/ptII/ptolemy/actor/lib/test/auto/functionClosureTest3.xml (RunModel)" time="0.01" />
  <testcase classname="ptolemy.util.test.junit.AutoTests" name="[449] /home/travis/build/icyphy/ptII/ptolemy/actor/lib/test/auto/functionClosureTest4.xml (RunModel)" time="0.015" />
  <testcase classname="ptolemy.util.test.junit.AutoTests" name="[450] /home/travis/build/icyphy/ptII/ptolemy/actor/lib/test/auto/functionClosureTest5.xml (RunModel)" time="0.012" />
  <testcase classname="ptolemy.util.test.junit.AutoTests" name="[451] /home/travis/build/icyphy/ptII/ptolemy/actor/lib/test/auto/functionClosureTest6.xml (RunModel)" time="0.011" />
  <testcase classname="ptolemy.util.test.junit.AutoTests" name="[452] /home/travis/build/icyphy/ptII/ptolemy/actor/lib/test/auto/functionsOnArcs.xml (RunModel)" time="0.011" />
  <testcase classname="ptolemy.util.test.junit.AutoTests" name="[453] /home/travis/build/icyphy/ptII/ptolemy/actor/lib/test/auto/functionsOnArcsHOF.xml (RunModel)" time="0.012" />
  <testcase classname="ptolemy.util.test.junit.AutoTests" name="[454] /home/travis/build/icyphy/ptII/ptolemy/actor/lib/test/auto/logic.xml (RunModel)" time="0.018" />
  <testcase classname="ptolemy.util.test.junit.AutoTests" name="[455] /home/travis/build/icyphy/ptII/ptolemy/actor/lib/test/auto/matrixType.xml (RunModel)" time="0.009" />
  <testcase classname="ptolemy.util.test.junit.AutoTests" name="[456] /home/travis/build/icyphy/ptII/ptolemy/actor/lib/test/auto/matrixType10.xml (RunModel)" time="0.009" />
  <testcase classname="ptolemy.util.test.junit.AutoTests" name="[457] /home/travis/build/icyphy/ptII/ptolemy/actor/lib/test/auto/matrixType11.xml (RunModel)" time="0.008" />
  <testcase classname="ptolemy.util.test.junit.AutoTests" name="[458] /home/travis/build/icyphy/ptII/ptolemy/actor/lib/test/auto/matrixType12.xml (RunModel)" time="0.01" />
  <testcase classname="ptolemy.util.test.junit.AutoTests" name="[459] /home/travis/build/icyphy/ptII/ptolemy/actor/lib/test/auto/matrixType13.xml (RunModel)" time="0.008" />
  <testcase classname="ptolemy.util.test.junit.AutoTests" name="[460] /home/travis/build/icyphy/ptII/ptolemy/actor/lib/test/auto/matrixType14.xml (RunModel)" time="0.01" />
  <testcase classname="ptolemy.util.test.junit.AutoTests" name="[461] /home/travis/build/icyphy/ptII/ptolemy/actor/lib/test/auto/matrixType2.xml (RunModel)" time="0.01" />
  <testcase classname="ptolemy.util.test.junit.AutoTests" name="[462] /home/travis/build/icyphy/ptII/ptolemy/actor/lib/test/auto/matrixType3.xml (RunModel)" time="0.011" />
  <testcase classname="ptolemy.util.test.junit.AutoTests" name="[463] /home/travis/build/icyphy/ptII/ptolemy/actor/lib/test/auto/matrixType4.xml (RunModel)" time="0.009" />
  <testcase classname="ptolemy.util.test.junit.AutoTests" name="[464] /home/travis/build/icyphy/ptII/ptolemy/actor/lib/test/auto/matrixType5.xml (RunModel)" time="0.009" />
  <testcase classname="ptolemy.util.test.junit.AutoTests" name="[465] /home/travis/build/icyphy/ptII/ptolemy/actor/lib/test/auto/matrixType6.xml (RunModel)" time="0.008" />
  <testcase classname="ptolemy.util.test.junit.AutoTests" name="[466] /home/travis/build/icyphy/ptII/ptolemy/actor/lib/test/auto/matrixType7.xml (RunModel)" time="0.009" />
  <testcase classname="ptolemy.util.test.junit.AutoTests" name="[467] /home/travis/build/icyphy/ptII/ptolemy/actor/lib/test/auto/matrixType8.xml (RunModel)" time="0.008" />
  <testcase classname="ptolemy.util.test.junit.AutoTests" name="[468] /home/travis/build/icyphy/ptII/ptolemy/actor/lib/test/auto/matrixType9.xml (RunModel)" time="0.008" />
  <testcase classname="ptolemy.util.test.junit.AutoTests" name="[469] /home/travis/build/icyphy/ptII/ptolemy/actor/lib/test/auto/paraFunctest.xml (RunModel)" time="0.007" />
  <testcase classname="ptolemy.util.test.junit.AutoTests" name="[470] /home/travis/build/icyphy/ptII/ptolemy/actor/lib/test/auto/paraFunctest2.xml (RunModel)" time="0.007" />
  <testcase classname="ptolemy.util.test.junit.AutoTests" name="[471] /home/travis/build/icyphy/ptII/ptolemy/actor/lib/test/auto/parameterPassing.xml (RunModel)" time="0.008" />
  <testcase classname="ptolemy.util.test.junit.AutoTests" name="[472] /home/travis/build/icyphy/ptII/ptolemy/actor/lib/test/auto/record.xml (RunModel)" time="0.008" />
  <testcase classname="ptolemy.util.test.junit.AutoTests" name="[473] /home/travis/build/icyphy/ptII/ptolemy/actor/lib/test/auto/sizedarray1.xml (RunModel)" time="0.009" />
  <testcase classname="ptolemy.util.test.junit.AutoTests" name="[474] /home/travis/build/icyphy/ptII/ptolemy/actor/lib/test/auto/sizedarray2.xml (RunModel)" time="0.009" />
  <testcase classname="ptolemy.util.test.junit.AutoTests" name="[475] /home/travis/build/icyphy/ptII/ptolemy/actor/lib/test/auto/twoPublishers.xml (RunModel)" time="0.017" />
  <system-out><![CDATA[/home/travis/build/icyphy/ptII/ptolemy/actor/lib/test/AbsoluteValue.tcl
testDefs.tcl: setting time out to 9000 seconds at Fri Jul 27 01:41:01 UTC 2018
65 ms. Memory: 116224K Free: 106780K (92%)
4 ms. Memory: 116224K Free: 105569K (91%)
4 ms. Memory: 116224K Free: 104968K (90%)
3 ms. Memory: 116224K Free: 103765K (89%)
/home/travis/build/icyphy/ptII/ptolemy/actor/lib/test/AddSubtract.tcl
13 ms. Memory: 116224K Free: 101929K (88%)
8 ms. Memory: 116224K Free: 101312K (87%)
8 ms. Memory: 116224K Free: 100093K (86%)
9 ms. Memory: 116224K Free: 99492K (86%)
15 ms. Memory: 116224K Free: 98875K (85%)
12 ms. Memory: 116224K Free: 98273K (85%)
/home/travis/build/icyphy/ptII/ptolemy/actor/lib/test/Average.tcl
9 ms. Memory: 116224K Free: 96421K (83%)
8 ms. Memory: 116224K Free: 95218K (82%)
/home/travis/build/icyphy/ptII/ptolemy/actor/lib/test/Bernoulli.tcl
8 ms. Memory: 116224K Free: 93390K (80%)
2 ms. Memory: 116224K Free: 92773K (80%)
/home/travis/build/icyphy/ptII/ptolemy/actor/lib/test/Clock.tcl
preinitializing
resolving types
initializing
executing number 1
wrapping up
idle
10 ms. Memory: 116224K Free: 90921K (78%)
Completed execution with 5 iterations
preinitializing
resolving types
initializing
executing number 1
wrapping up
idle
5 ms. Memory: 116224K Free: 89719K (77%)
Completed execution with 5 iterations
preinitializing
resolving types
initializing
executing number 1
wrapping up
idle
3 ms. Memory: 116224K Free: 88503K (76%)
Completed execution with 5 iterations
/home/travis/build/icyphy/ptII/ptolemy/actor/lib/test/Commutator.tcl
13 ms. Memory: 116224K Free: 86659K (75%)
5 ms. Memory: 116224K Free: 85456K (74%)
20 ms. Memory: 116224K Free: 81210K (70%)
/home/travis/build/icyphy/ptII/ptolemy/actor/lib/test/Const.tcl
9 ms. Memory: 146944K Free: 140005K (95%)
1 ms. Memory: 146944K Free: 140005K (95%)
4 ms. Memory: 146944K Free: 138791K (94%)
6 ms. Memory: 146944K Free: 138791K (94%)
2 ms. Memory: 146944K Free: 137585K (94%)
20 ms. Memory: 146944K Free: 136364K (93%)
3 ms. Memory: 146944K Free: 135150K (92%)
3 ms. Memory: 146944K Free: 133928K (91%)
/home/travis/build/icyphy/ptII/ptolemy/actor/lib/test/CurrentTime.tcl
preinitializing
resolving types
initializing
executing number 1
wrapping up
idle
6 ms. Memory: 146944K Free: 132706K (90%)
Completed execution with 11 iterations
/home/travis/build/icyphy/ptII/ptolemy/actor/lib/test/DB.tcl
3 ms. Memory: 146944K Free: 130279K (89%)
2 ms. Memory: 146944K Free: 130279K (89%)
2 ms. Memory: 146944K Free: 129065K (88%)
/home/travis/build/icyphy/ptII/ptolemy/actor/lib/test/DiscreteRandomSource.tcl
preinitializing
resolving types
initializing
executing number 1
wrapping up
idle
9 ms. Memory: 146944K Free: 127860K (87%)
Completed execution with 4 iterations
preinitializing
resolving types
initializing
executing number 1
wrapping up
idle
7 ms. Memory: 146944K Free: 127860K (87%)
Completed execution with 4 iterations
preinitializing
resolving types
initializing
executing number 1
wrapping up
idle
2 ms. Memory: 146944K Free: 126654K (86%)
Completed execution with 4 iterations
preinitializing
resolving types
initializing
executing number 1
wrapping up
idle
3 ms. Memory: 146944K Free: 126654K (86%)
Completed execution with 4 iterations
preinitializing
resolving types
initializing
executing number 1
wrapping up
idle
5 ms. Memory: 146944K Free: 126654K (86%)
Completed execution with 4 iterations
/home/travis/build/icyphy/ptII/ptolemy/actor/lib/test/Distributor.tcl
4 ms. Memory: 146944K Free: 124242K (85%)
10 ms. Memory: 146944K Free: 124242K (85%)
StreamChangeRequest.changeExecuted(): <deleteEntity name="rec2"/> succeeded
StreamChangeRequest.changeExecuted(): <deleteRelation name="r2"/> succeeded
StreamChangeRequest.changeExecuted(): Record firings per iteration succeeded
4 ms. Memory: 146944K Free: 121831K (83%)
/home/travis/build/icyphy/ptII/ptolemy/actor/lib/test/Exit.tcl
Exit.tcl: this will print a message about Manager.exitAfterWrapup, which can be ignored.
2 ms. Memory: 146944K Free: 117599K (80%)
/home/travis/build/icyphy/ptII/ptolemy/actor/lib/test/Expression.tcl
5 ms. Memory: 146944K Free: 115165K (78%)
3 ms. Memory: 146944K Free: 113959K (78%)
2 ms. Memory: 146944K Free: 113959K (78%)
preinitializing
resolving types
initializing
executing number 1
wrapping up
idle
12 ms. Memory: 146944K Free: 111548K (76%)
Completed execution with 6 iterations
5 ms. Memory: 146944K Free: 111548K (76%)
2 ms. Memory: 146944K Free: 110342K (75%)
19 ms. Memory: 146944K Free: 109136K (74%)
3 ms. Memory: 146944K Free: 107931K (73%)
8 ms. Memory: 146944K Free: 106725K (73%)
/home/travis/build/icyphy/ptII/ptolemy/actor/lib/test/Gaussian.tcl
3 ms. Memory: 146944K Free: 104313K (71%)
sleeping 1 seconds: ......................................................................................................................................................................................................................................................................................................................................................................................................................................................................................................................................................................................................................................................................................................................................................................................................................................................................................................................................................................................................................................................................................................................................................................................................................................................................................................................................................................................................................................................................................................................................................................................................................................................................................................................................................................................................................................................................................................................................................................................................................................................................................................................................................................................................................................................................................................................................................................................................................................................................................................................................................................................................................................................................................................................................................................................................................................................................................................................................................................................................................................................................................................................................................................................................................................................................................................................................................................................................................................................................................................................................................................................................................................................................................................................................................................................................................................................................................................................................................................................................................................................................................................................................................................................................................................................................................................................................................................................................................................................................................................................................................................................................................................................................................................................................................................................................................................................................................................................................................................................................................................................................................................................................................................................................................................................................................................................................................................................................................................................................................................................................................................................................................................................................................................................................................................................................................................................................................................................................................................................................................................................................................................................................................................................................................................................................................................................................................................................................................................................................................................................................................................................................................................................................................................................................................................................................................................................................................................................................................................................................................................................................................................................................................................................................................................................................................................................................................................................................................................................................................................................................................................................................................................................................................................................................................................................................................................................................................................................................................................................................................................................................................................................................................................................................................................................................................................................................................................................................................................................................................................................................................................................................................................................................................................................................................................................................................................................................................................................................................................................................................................................................................................................................................................................................................................................................................................................................................................................................................................................................................................................................................................................................................................................................................................................................................................................................................................................................................................................................................................................................................................................................................................................................................................................................................................................................................................................................................................................................................................................................................................................................................................................................................................................................................................................................................................................................................................................................................................................................................................................................................................................................................................................................................................................................................................................................................................................................................................................................................................................................................................................................................................................................................................................................................................................................................................................................................................................................................................................................................................................................................................................................................................................................................................................................................................................................................................................................................................................................................................................................................................................................................................................................................................................................................................................................................................................................................................................................................................................................................................................................................................................................................................................................................................................................................................................................................................................................................................................................................................................................................................................................................................................................................................................................................................................................................................................................................................................................................................................................................................................................................................................................................................................................................................................................................................................................................................................................................................................................................................................................................................................................................................................................................................................................................................................................................................................................................................................................................................................................................................................................................................................................................................................................................................................................................................................................................................................................................................................................................................................................................................................................................................................................................................................................................................................................................................................................................................................................................................................................................................................................................................................................................................................................................................................................................................................................................................................................................................................................................................................................................................................................................................................................................................................................................................................................................................................................................................................................................................................................................................................................................................................................................................................................................................................................................................................................................................................................................................................................................................................................................................................................................................................................................................................................................................................................................................................................................................................................................................................................................................................................................................................................................................................................................................................................................................................................................................................................................................................................................................................................................................................................................................................................................................................................................................................................................................................................................................................................................................................................................................................................................................................................................................................................................................................................................................................................................................................................................................................................................................................................................................................................................................................................................................................................................................................................................................................................................................................................................................................................................................................................................................................................................................................................................................................................................................................................................................................................................................................................................................................................................................................................................................................................................................................................................................................................................................................................................................................................................................................................................................................................................................................................................................................................................................................................................................................................................................................................................................................................................................................................................................................................................................................................................................................................................................................................................................................................................................................................................................................................................................................................................................................................................................................................................................................................................................................................................................................................................................................................................................................................................................................................................................................................................................................................................................................................................................................................................................................................................................................................................................................................................................................................................................................................................................................................................................................................................................................................................................................................................................................................................................................................................................................................................................................................................................................................................................................................................................................................................................................................................................................................................................................................................................................................................................................................................................................................................................................................................................................................................................................................................................................................................................................................................................................................................................................................................................................................................................................................................................................................................................................................................................................................................................................................................................................................................................................................................................................................................................................................................................................................................................................................................................................................................................................................................................................................................................................................................................................................................................................................................................................................................................................................................................................................................................................................................................................................................................................................................................................................................................................................................................................................................................................................................................................................................................................................................................................................................................................................................................................................................................................................................................................................................................................................................................................................................................................................................................................................................................................................................................................................................................................................................................................................................................................................................................................................................................................................................................................................................................................................................................................................................................................................................................................................................................................................................................................................................................................................................................................................................................................................................................................................................................................................................................................................................................................................................................................................................................................................................................................................................................................................................................................................................................................................................................................................................................................................................................................................................................................................................................................................................................................................................................................................................................................................................................................................................................................................................................................................................................................................................................................................................................................................................................................................................................................................................................................................................................................................................................................................................................................................................................................................................................................................................................................................................................................................................................................................................................................................................................................................................................................................................................................................................................................................................................................................................................................................................................................................................................................................................................................................................................................................................................................................................................................................................................................................................................................................................................................................................................................................................................................................................................................................................................................................................................................................................................................................................................................................................................................................................................................................................................................................................................................................................................................................................................................................................................................................................................................................................................................................................................................................................................................................................................................................................................................................................................................................................................................................................................................................................................................................................................................................................................................................................................................................................................................................................................................................................................................................................................................................................................................................................................................................................................................................................................................................................................................................................................................................................................................................................................................................................................................................................................................................................................................................................................................................................................................................................................................................................................................................................................................................................................................................................................................................................................................................................................................................................................................................................................................................................................................................................................................................................................................................................................................................................................................................................................................................................................................................................................................................................................................................................................................................................................................................................................................................................................................................................................................................................................................................................................................................................................................................................................................................................................................................................................................................................................................................................................................................................................................................................................................................................................................................................................................................................................................................................................................................................................................................................................................................................................................................................................................................................................................................................................................................................................................................................................................................................................................................................................................................................................................................................................................................................................................................................................................................................................................................................................................................................................................................................................................................................................................................................................................................................................................................................................................................................................................................................................................................................................................................................................................................................................................................................................................................................................................................................................................................................................................................................................................................................................................................................................................................................................................................................................................................................................................................................................................................................................................................................................................................................................................................................................................................................................................................................................................................................................................................................................................................................................................................................................................................................................................................................................................................................................................................................................................................................................................................................................................................................................................................................................................................................................................................................................................................................................................................................................................................................................................................................................................................................................................................................................................................................................................................................................................................................................................................................................................................................................................................................................................................................................................................................................................................................................................................................................................................................................................................................................................................................................................................................................................................................................................................................................................................................................................................................................................................................................................................................................................................................................................................................................................................................................................................................................................................................................................................................................................................................................................................................................................................................................................................................................................................................................................................................................................................................................................................................................................................................................................................................................................................................................................................................................................................................................................................................................................................................................................................................................................................................................................................................................................................................................................................................................................................................................................................................................................................................................................................................................................................................................................................................................................................................................................................................................................................................................................................................................................................................................................................................3 ms. Memory: 208384K Free: 104213K (50%)
4 ms. Memory: 208384K Free: 104213K (50%)
2 ms. Memory: 208384K Free: 101277K (49%)
3 ms. Memory: 208384K Free: 101277K (49%)
4 ms. Memory: 208384K Free: 101277K (49%)
/home/travis/build/icyphy/ptII/ptolemy/actor/lib/test/IIR.tcl
/home/travis/build/icyphy/ptII/ptolemy/actor/lib/test/Interpolator.tcl
4 ms. Memory: 208384K Free: 96444K (46%)
3 ms. Memory: 208384K Free: 96444K (46%)
3 ms. Memory: 208384K Free: 96444K (46%)
4 ms. Memory: 208384K Free: 96444K (46%)
3 ms. Memory: 208384K Free: 94027K (45%)
6 ms. Memory: 208384K Free: 94027K (45%)
3 ms. Memory: 208384K Free: 91610K (44%)
5 ms. Memory: 208384K Free: 91610K (44%)
2 ms. Memory: 208384K Free: 91610K (44%)
2 ms. Memory: 208384K Free: 89194K (43%)
/home/travis/build/icyphy/ptII/ptolemy/actor/lib/test/MathFunction.tcl
4 ms. Memory: 208384K Free: 89194K (43%)
2 ms. Memory: 208384K Free: 86777K (42%)
2 ms. Memory: 208384K Free: 86777K (42%)
4 ms. Memory: 208384K Free: 84361K (40%)
7 ms. Memory: 208384K Free: 84361K (40%)
7 ms. Memory: 208384K Free: 81944K (39%)
/home/travis/build/icyphy/ptII/ptolemy/actor/lib/test/Maximum.tcl
5 ms. Memory: 208384K Free: 80414K (39%)
21 ms. Memory: 208384K Free: 199890K (96%)
2 ms. Memory: 208384K Free: 199890K (96%)
11 ms. Memory: 208384K Free: 199890K (96%)
/home/travis/build/icyphy/ptII/ptolemy/actor/lib/test/Minimum.tcl
7 ms. Memory: 208384K Free: 197459K (95%)
7 ms. Memory: 208384K Free: 197459K (95%)
3 ms. Memory: 208384K Free: 197459K (95%)
3 ms. Memory: 208384K Free: 195028K (94%)
/home/travis/build/icyphy/ptII/ptolemy/actor/lib/test/MultiplyDivide.tcl
14 ms. Memory: 208384K Free: 195028K (94%)
3 ms. Memory: 208384K Free: 192597K (92%)
2 ms. Memory: 208384K Free: 192597K (92%)
6 ms. Memory: 208384K Free: 192597K (92%)
6 ms. Memory: 208384K Free: 190166K (91%)
/home/travis/build/icyphy/ptII/ptolemy/actor/lib/test/OrderedMerge.tcl
Connections changed on port: inputA
Connections changed on port: inputB
Connections changed on port: output
Connections changed on port: output
Connections changed on port: output
Connections changed on port: input
.top. Preinitializing ...
Invoking preinitialize():  .top.OrderedMerge
Called preinitialize()
Invoking preinitialize():  .top.Ramp
Called preinitialize()
Invoking preinitialize():  .top.Ramp2
Called preinitialize()
Invoking preinitialize():  .top.Test
Called preinitialize()
Connections changed on port: inputA
Connections changed on port: output
Connections changed on port: inputB
Connections changed on port: output
Connections changed on port: output
Connections changed on port: input
.top. Finished preinitialize().
Called initialize().
Invoking initialize():  .top.OrderedMerge
Initializing actor: .top.OrderedMerge
Adding a thread: .top.OrderedMerge
Invoking initialize():  .top.Ramp
Initializing actor: .top.Ramp
Adding a thread: .top.Ramp
Invoking initialize():  .top.Ramp2
Initializing actor: .top.Ramp2
Adding a thread: .top.Ramp2
Invoking initialize():  .top.Test
Initializing actor: .top.Test
Adding a thread: .top.Test
-- Starting thread.
Called initialize()
Called prefire()
Called fire()
-- Starting thread.
Called initialize()
Called prefire()
Called fire()
Called postfire()
Called prefire()
Called fire()
-- Starting thread.
Called initialize()
Called prefire()
Called fire()
Called postfire()
Called prefire()
Called fire()
Called fire().
Checking for deadlock:
There are 3 Blocked actors, 0 Stopped actors, and 4 active threads.
Waiting for actors to stop.
-- Starting thread.
Called initialize()
Called prefire()
Called fire()
Checking for deadlock:
There are 2 Blocked actors, 0 Stopped actors, and 4 active threads.
Waiting for actors to stop.
Called postfire()
Called prefire()
Called fire()
Checking for deadlock:
There are 3 Blocked actors, 0 Stopped actors, and 4 active threads.
Waiting for actors to stop.
Read input token from inputA with value 0.0
Next port to read input from is inputB
Called postfire()
Called prefire()
Called fire()
Checking for deadlock:
There are 2 Blocked actors, 0 Stopped actors, and 4 active threads.
Waiting for actors to stop.
Called postfire()
Called prefire()
Called fire()
Checking for deadlock:
There are 3 Blocked actors, 0 Stopped actors, and 4 active threads.
Waiting for actors to stop.
Read input token from inputB with value 0.0
Checking for deadlock:
There are 2 Blocked actors, 0 Stopped actors, and 4 active threads.
Waiting for actors to stop.
-- Read input: 0.0, which is expected to match: 0.0
Called prefire()
Called fire()
Checking for deadlock:
There are 3 Blocked actors, 0 Stopped actors, and 4 active threads.
Waiting for actors to stop.
Sent output token with value 0.0
Next port to read input from is inputA
Called postfire()
Called prefire()
Called fire()
Called postfire()
Called prefire()
Called fire()
Checking for deadlock:
There are 3 Blocked actors, 0 Stopped actors, and 4 active threads.
Waiting for actors to stop.
Read input token from inputA with value 1.0
-- Read input: 0.0, which is expected to match: 0.0
Called prefire()
Called fire()
Checking for deadlock:
There are 3 Blocked actors, 0 Stopped actors, and 4 active threads.
Waiting for actors to stop.
Sent output token with value 0.0
Next port to read input from is inputB
Called postfire()
Called prefire()
Called fire()
Checking for deadlock:
There are 2 Blocked actors, 0 Stopped actors, and 4 active threads.
Waiting for actors to stop.
Called postfire()
Called prefire()
Called fire()
Checking for deadlock:
There are 3 Blocked actors, 0 Stopped actors, and 4 active threads.
Waiting for actors to stop.
Read input token from inputB with value 1.5
Checking for deadlock:
There are 2 Blocked actors, 0 Stopped actors, and 4 active threads.
Waiting for actors to stop.
-- Read input: 1.0, which is expected to match: 1.0
Called prefire()
Called fire()
Checking for deadlock:
There are 3 Blocked actors, 0 Stopped actors, and 4 active threads.
Waiting for actors to stop.
Sent output token with value 1.0
Next port to read input from is inputA
Called postfire()
Called prefire()
Called fire()
Called postfire()
Called prefire()
Called fire()
Checking for deadlock:
There are 3 Blocked actors, 0 Stopped actors, and 4 active threads.
Waiting for actors to stop.
Read input token from inputA with value 2.0
-- Read input: 1.5, which is expected to match: 1.5
Called prefire()
Called fire()
Checking for deadlock:
There are 3 Blocked actors, 0 Stopped actors, and 4 active threads.
Waiting for actors to stop.
Sent output token with value 1.5
Next port to read input from is inputB
Called postfire()
Called prefire()
Called fire()
Checking for deadlock:
There are 2 Blocked actors, 0 Stopped actors, and 4 active threads.
Waiting for actors to stop.
Called postfire()
Called prefire()
Called fire()
Checking for deadlock:
There are 3 Blocked actors, 0 Stopped actors, and 4 active threads.
Waiting for actors to stop.
Read input token from inputB with value 3.0
Checking for deadlock:
There are 2 Blocked actors, 0 Stopped actors, and 4 active threads.
Waiting for actors to stop.
-- Read input: 2.0, which is expected to match: 2.0
Called prefire()
Called fire()
Checking for deadlock:
There are 3 Blocked actors, 0 Stopped actors, and 4 active threads.
Waiting for actors to stop.
Sent output token with value 2.0
Next port to read input from is inputA
Called postfire()
Called prefire()
Called fire()
Called postfire()
Called prefire()
Called fire()
Checking for deadlock:
There are 3 Blocked actors, 0 Stopped actors, and 4 active threads.
Waiting for actors to stop.
Read input token from inputA with value 3.0
-- Read input: 3.0, which is expected to match: 3.0
Called prefire()
Called fire()
Checking for deadlock:
There are 3 Blocked actors, 0 Stopped actors, and 4 active threads.
Waiting for actors to stop.
Sent output token with value 3.0
Next port to read input from is inputB
Called postfire()
Called prefire()
Called fire()
Checking for deadlock:
There are 2 Blocked actors, 0 Stopped actors, and 4 active threads.
Waiting for actors to stop.
Called postfire()
Called prefire()
Called fire()
Checking for deadlock:
There are 3 Blocked actors, 0 Stopped actors, and 4 active threads.
Waiting for actors to stop.
Read input token from inputB with value 4.5
Checking for deadlock:
There are 2 Blocked actors, 0 Stopped actors, and 4 active threads.
Waiting for actors to stop.
-- Read input: 3.0, which is expected to match: 3.0
Called prefire()
Called fire()
Checking for deadlock:
There are 3 Blocked actors, 0 Stopped actors, and 4 active threads.
Waiting for actors to stop.
Sent output token with value 3.0
Next port to read input from is inputA
Called postfire()
Called prefire()
Called fire()
Called postfire()
Called prefire()
Called fire()
Checking for deadlock:
There are 3 Blocked actors, 0 Stopped actors, and 4 active threads.
Waiting for actors to stop.
Read input token from inputA with value 4.0
-- Read input: 4.0, which is expected to match: 4.0
Called prefire()
Called fire()
Past the end of training data. Read and discard all inputs.
Checking for deadlock:
There are 3 Blocked actors, 0 Stopped actors, and 4 active threads.
Waiting for actors to stop.
Sent output token with value 4.0
Next port to read input from is inputA
Called postfire()
Called prefire()
Called fire()
Called postfire()
Called prefire()
Called fire()
Checking for deadlock:
There are 3 Blocked actors, 0 Stopped actors, and 4 active threads.
Waiting for actors to stop.
Read input token from inputA with value 5.0
Called prefire()
Called fire()
Past the end of training data. Read and discard all inputs.
Checking for deadlock:
There are 3 Blocked actors, 0 Stopped actors, and 4 active threads.
Waiting for actors to stop.
Sent output token with value 4.5
Next port to read input from is inputB
Called postfire()
Called prefire()
Called fire()
Checking for deadlock:
There are 2 Blocked actors, 0 Stopped actors, and 4 active threads.
Waiting for actors to stop.
Called postfire()
Called prefire()
Called fire()
Checking for deadlock:
There are 3 Blocked actors, 0 Stopped actors, and 4 active threads.
Waiting for actors to stop.
Read input token from inputB with value 6.0
Checking for deadlock:
There are 2 Blocked actors, 0 Stopped actors, and 4 active threads.
Waiting for actors to stop.
Called prefire()
Called fire()
Past the end of training data. Read and discard all inputs.
Checking for deadlock:
There are 3 Blocked actors, 0 Stopped actors, and 4 active threads.
Waiting for actors to stop.
Sent output token with value 5.0
Next port to read input from is inputA
Called postfire()
Called prefire()
Called fire()
Called postfire()
Called prefire()
Called fire()
Checking for deadlock:
There are 3 Blocked actors, 0 Stopped actors, and 4 active threads.
Waiting for actors to stop.
Read input token from inputA with value 6.0
Called prefire()
Called fire()
Past the end of training data. Read and discard all inputs.
Checking for deadlock:
There are 3 Blocked actors, 0 Stopped actors, and 4 active threads.
Waiting for actors to stop.
Sent output token with value 6.0
Next port to read input from is inputB
Called postfire()
Called prefire()
Called fire()
Checking for deadlock:
There are 2 Blocked actors, 0 Stopped actors, and 4 active threads.
Waiting for actors to stop.
Called postfire()
Called prefire()
Called fire()
Checking for deadlock:
There are 3 Blocked actors, 0 Stopped actors, and 4 active threads.
Waiting for actors to stop.
Read input token from inputB with value 7.5
Checking for deadlock:
There are 2 Blocked actors, 0 Stopped actors, and 4 active threads.
Waiting for actors to stop.
Called prefire()
Called fire()
Past the end of training data. Read and discard all inputs.
Checking for deadlock:
There are 3 Blocked actors, 0 Stopped actors, and 4 active threads.
Waiting for actors to stop.
Sent output token with value 6.0
Next port to read input from is inputA
Called postfire()
Called prefire()
Called fire()
Called postfire()
Called prefire()
Called fire()
Checking for deadlock:
There are 3 Blocked actors, 0 Stopped actors, and 4 active threads.
Waiting for actors to stop.
Read input token from inputA with value 7.0
Called prefire()
Called fire()
Past the end of training data. Read and discard all inputs.
Checking for deadlock:
There are 3 Blocked actors, 0 Stopped actors, and 4 active threads.
Waiting for actors to stop.
Sent output token with value 7.0
Next port to read input from is inputA
Called postfire()
Called prefire()
Called fire()
-- Thread wrapup() called.
Called wrapup()
Thread .top.Ramp is exiting.
-- Thread stopped.
Checking for deadlock:
There are 2 Blocked actors, 0 Stopped actors, and 3 active threads.
Waiting for actors to stop.
Read input token from inputA with value 8.0
Called prefire()
Called fire()
Past the end of training data. Read and discard all inputs.
Checking for deadlock:
There are 2 Blocked actors, 0 Stopped actors, and 3 active threads.
Waiting for actors to stop.
Sent output token with value 7.5
Next port to read input from is inputB
Called postfire()
Called prefire()
Called fire()
Checking for deadlock:
There are 1 Blocked actors, 0 Stopped actors, and 3 active threads.
Waiting for actors to stop.
Called postfire()
Called prefire()
Called fire()
Checking for deadlock:
There are 2 Blocked actors, 0 Stopped actors, and 3 active threads.
Waiting for actors to stop.
Read input token from inputB with value 9.0
Checking for deadlock:
There are 1 Blocked actors, 0 Stopped actors, and 3 active threads.
Waiting for actors to stop.
Called prefire()
Called fire()
Past the end of training data. Read and discard all inputs.
Checking for deadlock:
There are 2 Blocked actors, 0 Stopped actors, and 3 active threads.
Waiting for actors to stop.
Sent output token with value 8.0
Next port to read input from is inputA
Called postfire()
Called prefire()
Called fire()
Read input token from inputA with value 9.0
Checking for deadlock:
There are 1 Blocked actors, 0 Stopped actors, and 3 active threads.
Waiting for actors to stop.
Called prefire()
Called fire()
Past the end of training data. Read and discard all inputs.
Checking for deadlock:
There are 2 Blocked actors, 0 Stopped actors, and 3 active threads.
Waiting for actors to stop.
Sent output token with value 9.0
Next port to read input from is inputB
Called postfire()
Called prefire()
Called fire()
Checking for deadlock:
There are 1 Blocked actors, 0 Stopped actors, and 3 active threads.
Waiting for actors to stop.
Called postfire()
Called prefire()
Called fire()
Checking for deadlock:
There are 2 Blocked actors, 0 Stopped actors, and 3 active threads.
Waiting for actors to stop.
Read input token from inputB with value 10.5
Checking for deadlock:
There are 1 Blocked actors, 0 Stopped actors, and 3 active threads.
Waiting for actors to stop.
Called prefire()
Called fire()
Past the end of training data. Read and discard all inputs.
Checking for deadlock:
There are 2 Blocked actors, 0 Stopped actors, and 3 active threads.
Waiting for actors to stop.
Sent output token with value 9.0
Next port to read input from is inputA
Called postfire()
Called prefire()
Called fire()
Checking for deadlock:
There are 3 Blocked actors, 0 Stopped actors, and 3 active threads.
Actors have stopped.
Checking for deadlock:
There are 3 Blocked actors, 0 Stopped actors, and 3 active threads.
Deadlock detected.
Resolving Deadlock
Checking for deadlock:
There are 3 Blocked actors, 0 Stopped actors, and 3 active threads.
Artificial Deadlock - increasing queue capacity.
increasing the capacity of receiver ptolemy.actor.TypedIOPort {.top.OrderedMerge.inputB} to 2
Director: Called postfire().
Called postfire().
_stopRequested = false
_stopFireRequested = false
Returning from postfire(): true
Called fire().
Checking for deadlock:
There are 2 Blocked actors, 0 Stopped actors, and 3 active threads.
Waiting for actors to stop.
-- Thread wrapup() called.
Called wrapup()
Thread .top.Ramp2 is exiting.
-- Thread stopped.
Checking for deadlock:
There are 2 Blocked actors, 0 Stopped actors, and 2 active threads.
Actors have stopped.
Checking for deadlock:
There are 2 Blocked actors, 0 Stopped actors, and 2 active threads.
Deadlock detected.
Resolving Deadlock
Checking for deadlock:
There are 2 Blocked actors, 0 Stopped actors, and 2 active threads.
Deadlock detected: no processes blocked on write, but some are blocked on read.
Called postfire().
_stopRequested = false
_stopFireRequested = false
Returning from postfire(): false
Finished deactivating branches.
Called wrapup().
-- Thread wrapup() called.
Called wrapup()
Thread .top.Test is exiting.
-- Thread stopped.
-- Blocked Receiver call threw TerminateProcessException.
-- Thread wrapup() called.
Called wrapup()
Thread .top.OrderedMerge is exiting.
32 ms. Memory: 208384K Free: 182820K (88%)
.top. Preinitializing ...
Invoking preinitialize():  .top.OrderedMerge
Called preinitialize()
Invoking preinitialize():  .top.Ramp
Called preinitialize()
Invoking preinitialize():  .top.Ramp2
Called preinitialize()
Invoking preinitialize():  .top.Test
Called preinitialize()
.top. Finished preinitialize().
Called initialize().
Invoking initialize():  .top.OrderedMerge
Initializing actor: .top.OrderedMerge
Adding a thread: .top.OrderedMerge
Invoking initialize():  .top.Ramp
Initializing actor: .top.Ramp
Adding a thread: .top.Ramp
Invoking initialize():  .top.Ramp2
Initializing actor: .top.Ramp2
Adding a thread: .top.Ramp2
Invoking initialize():  .top.Test
Initializing actor: .top.Test
Adding a thread: .top.Test
-- Thread stopped.
-- Blocked Receiver call threw TerminateProcessException.
-- Starting thread.
Called initialize()
Called prefire()
Called fire()
-- Starting thread.
Called initialize()
Called prefire()
Called fire()
Called postfire()
Called prefire()
Called fire()
-- Starting thread.
Called initialize()
Called prefire()
Called fire()
Called postfire()
Called prefire()
Called fire()
Called fire().
Checking for deadlock:
There are 3 Blocked actors, 0 Stopped actors, and 4 active threads.
Waiting for actors to stop.
-- Starting thread.
Called initialize()
Called prefire()
Called fire()
Checking for deadlock:
There are 2 Blocked actors, 0 Stopped actors, and 4 active threads.
Waiting for actors to stop.
Called postfire()
Called prefire()
Called fire()
Checking for deadlock:
There are 3 Blocked actors, 0 Stopped actors, and 4 active threads.
Waiting for actors to stop.
Read input token from inputA with value 0.0
Next port to read input from is inputB
Called postfire()
Called prefire()
Called fire()
Checking for deadlock:
There are 2 Blocked actors, 0 Stopped actors, and 4 active threads.
Waiting for actors to stop.
Called postfire()
Called prefire()
Called fire()
Checking for deadlock:
There are 3 Blocked actors, 0 Stopped actors, and 4 active threads.
Waiting for actors to stop.
Read input token from inputB with value 0.0
-- Read input: 0.0, which is expected to match: 0.0
Called prefire()
Called fire()
Checking for deadlock:
There are 3 Blocked actors, 0 Stopped actors, and 4 active threads.
Waiting for actors to stop.
Sent output token with value 0.0
Next port to read input from is inputA
Called postfire()
Called prefire()
Called fire()
Checking for deadlock:
There are 2 Blocked actors, 0 Stopped actors, and 4 active threads.
Waiting for actors to stop.
Called postfire()
Called prefire()
Called fire()
Checking for deadlock:
There are 3 Blocked actors, 0 Stopped actors, and 4 active threads.
Waiting for actors to stop.
Read input token from inputA with value 1.0
Checking for deadlock:
There are 2 Blocked actors, 0 Stopped actors, and 4 active threads.
Waiting for actors to stop.
-- Read input: 0.0, which is expected to match: 0.0
Called prefire()
Called fire()
Checking for deadlock:
There are 3 Blocked actors, 0 Stopped actors, and 4 active threads.
Waiting for actors to stop.
Sent output token with value 0.0
Next port to read input from is inputB
Called postfire()
Called prefire()
Called fire()
Called postfire()
Called prefire()
Called fire()
Checking for deadlock:
There are 3 Blocked actors, 0 Stopped actors, and 4 active threads.
Waiting for actors to stop.
Read input token from inputB with value 1.5
-- Read input: 1.0, which is expected to match: 1.0
Called prefire()
Called fire()
Checking for deadlock:
There are 3 Blocked actors, 0 Stopped actors, and 4 active threads.
Waiting for actors to stop.
Sent output token with value 1.0
Next port to read input from is inputA
Called postfire()
Called prefire()
Called fire()
Checking for deadlock:
There are 2 Blocked actors, 0 Stopped actors, and 4 active threads.
Waiting for actors to stop.
Called postfire()
Called prefire()
Called fire()
Checking for deadlock:
There are 3 Blocked actors, 0 Stopped actors, and 4 active threads.
Waiting for actors to stop.
Read input token from inputA with value 2.0
Checking for deadlock:
There are 2 Blocked actors, 0 Stopped actors, and 4 active threads.
Waiting for actors to stop.
-- Read input: 1.5, which is expected to match: 1.5
Called prefire()
Called fire()
Checking for deadlock:
There are 3 Blocked actors, 0 Stopped actors, and 4 active threads.
Waiting for actors to stop.
Sent output token with value 1.5
Next port to read input from is inputB
Called postfire()
Called prefire()
Called fire()
Called postfire()
Called prefire()
Called fire()
Checking for deadlock:
There are 3 Blocked actors, 0 Stopped actors, and 4 active threads.
Waiting for actors to stop.
Read input token from inputB with value 3.0
-- Read input: 2.0, which is expected to match: 2.0
Called prefire()
Called fire()
Checking for deadlock:
There are 3 Blocked actors, 0 Stopped actors, and 4 active threads.
Waiting for actors to stop.
Sent output token with value 2.0
Next port to read input from is inputA
Called postfire()
Called prefire()
Called fire()
Checking for deadlock:
There are 2 Blocked actors, 0 Stopped actors, and 4 active threads.
Waiting for actors to stop.
Called postfire()
Called prefire()
Called fire()
Checking for deadlock:
There are 3 Blocked actors, 0 Stopped actors, and 4 active threads.
Waiting for actors to stop.
Read input token from inputA with value 3.0
Checking for deadlock:
There are 2 Blocked actors, 0 Stopped actors, and 4 active threads.
Waiting for actors to stop.
-- Read input: 3.0, which is expected to match: 3.0
Called prefire()
Called fire()
Checking for deadlock:
There are 3 Blocked actors, 0 Stopped actors, and 4 active threads.
Waiting for actors to stop.
Sent output token with value 3.0
Next port to read input from is inputB
Called postfire()
Called prefire()
Called fire()
Called postfire()
Called prefire()
Called fire()
Checking for deadlock:
There are 3 Blocked actors, 0 Stopped actors, and 4 active threads.
Waiting for actors to stop.
Read input token from inputB with value 4.5
-- Read input: 3.0, which is expected to match: 3.0
Called prefire()
Called fire()
Checking for deadlock:
There are 3 Blocked actors, 0 Stopped actors, and 4 active threads.
Waiting for actors to stop.
Sent output token with value 3.0
Next port to read input from is inputA
Called postfire()
Called prefire()
Called fire()
Checking for deadlock:
There are 2 Blocked actors, 0 Stopped actors, and 4 active threads.
Waiting for actors to stop.
Called postfire()
Called prefire()
Called fire()
Checking for deadlock:
There are 3 Blocked actors, 0 Stopped actors, and 4 active threads.
Waiting for actors to stop.
Read input token from inputA with value 4.0
Checking for deadlock:
There are 2 Blocked actors, 0 Stopped actors, and 4 active threads.
Waiting for actors to stop.
-- Read input: 4.0, which is expected to match: 4.0
Called prefire()
Called fire()
Past the end of training data. Read and discard all inputs.
Checking for deadlock:
There are 3 Blocked actors, 0 Stopped actors, and 4 active threads.
Waiting for actors to stop.
Sent output token with value 4.0
Next port to read input from is inputA
Called postfire()
Called prefire()
Called fire()
Checking for deadlock:
There are 2 Blocked actors, 0 Stopped actors, and 4 active threads.
Waiting for actors to stop.
Called postfire()
Called prefire()
Called fire()
Checking for deadlock:
There are 3 Blocked actors, 0 Stopped actors, and 4 active threads.
Waiting for actors to stop.
Read input token from inputA with value 5.0
Checking for deadlock:
There are 2 Blocked actors, 0 Stopped actors, and 4 active threads.
Waiting for actors to stop.
Called prefire()
Called fire()
Past the end of training data. Read and discard all inputs.
Checking for deadlock:
There are 3 Blocked actors, 0 Stopped actors, and 4 active threads.
Waiting for actors to stop.
Sent output token with value 4.5
Next port to read input from is inputB
Called postfire()
Called prefire()
Called fire()
Called postfire()
Called prefire()
Called fire()
Checking for deadlock:
There are 3 Blocked actors, 0 Stopped actors, and 4 active threads.
Waiting for actors to stop.
Read input token from inputB with value 6.0
Called prefire()
Called fire()
Past the end of training data. Read and discard all inputs.
Checking for deadlock:
There are 3 Blocked actors, 0 Stopped actors, and 4 active threads.
Waiting for actors to stop.
Sent output token with value 5.0
Next port to read input from is inputA
Called postfire()
Called prefire()
Called fire()
Checking for deadlock:
There are 2 Blocked actors, 0 Stopped actors, and 4 active threads.
Waiting for actors to stop.
Called postfire()
Called prefire()
Called fire()
Checking for deadlock:
There are 3 Blocked actors, 0 Stopped actors, and 4 active threads.
Waiting for actors to stop.
Read input token from inputA with value 6.0
Checking for deadlock:
There are 2 Blocked actors, 0 Stopped actors, and 4 active threads.
Waiting for actors to stop.
Called prefire()
Called fire()
Past the end of training data. Read and discard all inputs.
Checking for deadlock:
There are 3 Blocked actors, 0 Stopped actors, and 4 active threads.
Waiting for actors to stop.
Sent output token with value 6.0
Next port to read input from is inputB
Called postfire()
Called prefire()
Called fire()
Called postfire()
Called prefire()
Called fire()
Checking for deadlock:
There are 3 Blocked actors, 0 Stopped actors, and 4 active threads.
Waiting for actors to stop.
Read input token from inputB with value 7.5
Called prefire()
Called fire()
Past the end of training data. Read and discard all inputs.
Checking for deadlock:
There are 3 Blocked actors, 0 Stopped actors, and 4 active threads.
Waiting for actors to stop.
Sent output token with value 6.0
Next port to read input from is inputA
Called postfire()
Called prefire()
Called fire()
Checking for deadlock:
There are 2 Blocked actors, 0 Stopped actors, and 4 active threads.
Waiting for actors to stop.
Called postfire()
Called prefire()
Called fire()
Checking for deadlock:
There are 3 Blocked actors, 0 Stopped actors, and 4 active threads.
Waiting for actors to stop.
Read input token from inputA with value 7.0
Checking for deadlock:
There are 2 Blocked actors, 0 Stopped actors, and 4 active threads.
Waiting for actors to stop.
Called prefire()
Called fire()
Past the end of training data. Read and discard all inputs.
Checking for deadlock:
There are 3 Blocked actors, 0 Stopped actors, and 4 active threads.
Waiting for actors to stop.
Sent output token with value 7.0
Next port to read input from is inputA
Called postfire()
Called prefire()
Called fire()
Checking for deadlock:
There are 2 Blocked actors, 0 Stopped actors, and 4 active threads.
Waiting for actors to stop.
-- Thread wrapup() called.
Called wrapup()
Thread .top.Ramp is exiting.
-- Thread stopped.
Checking for deadlock:
There are 2 Blocked actors, 0 Stopped actors, and 3 active threads.
Waiting for actors to stop.
Read input token from inputA with value 8.0
Checking for deadlock:
There are 1 Blocked actors, 0 Stopped actors, and 3 active threads.
Waiting for actors to stop.
Called prefire()
Called fire()
Past the end of training data. Read and discard all inputs.
Checking for deadlock:
There are 2 Blocked actors, 0 Stopped actors, and 3 active threads.
Waiting for actors to stop.
Sent output token with value 7.5
Next port to read input from is inputB
Called postfire()
Called prefire()
Called fire()
Called postfire()
Called prefire()
Called fire()
Checking for deadlock:
There are 2 Blocked actors, 0 Stopped actors, and 3 active threads.
Waiting for actors to stop.
Read input token from inputB with value 9.0
Called prefire()
Called fire()
Past the end of training data. Read and discard all inputs.
Checking for deadlock:
There are 2 Blocked actors, 0 Stopped actors, and 3 active threads.
Waiting for actors to stop.
Sent output token with value 8.0
Next port to read input from is inputA
Called postfire()
Called prefire()
Called fire()
Read input token from inputA with value 9.0
Checking for deadlock:
There are 1 Blocked actors, 0 Stopped actors, and 3 active threads.
Waiting for actors to stop.
Called prefire()
Called fire()
Past the end of training data. Read and discard all inputs.
Checking for deadlock:
There are 2 Blocked actors, 0 Stopped actors, and 3 active threads.
Waiting for actors to stop.
Sent output token with value 9.0
Next port to read input from is inputB
Called postfire()
Called prefire()
Called fire()
Called postfire()
Called prefire()
Called fire()
Checking for deadlock:
There are 2 Blocked actors, 0 Stopped actors, and 3 active threads.
Waiting for actors to stop.
Read input token from inputB with value 10.5
Called prefire()
Called fire()
Past the end of training data. Read and discard all inputs.
Checking for deadlock:
There are 2 Blocked actors, 0 Stopped actors, and 3 active threads.
Waiting for actors to stop.
Sent output token with value 9.0
Next port to read input from is inputA
Called postfire()
Called prefire()
Called fire()
Checking for deadlock:
There are 3 Blocked actors, 0 Stopped actors, and 3 active threads.
Actors have stopped.
Checking for deadlock:
There are 3 Blocked actors, 0 Stopped actors, and 3 active threads.
Deadlock detected.
Resolving Deadlock
Checking for deadlock:
There are 3 Blocked actors, 0 Stopped actors, and 3 active threads.
Artificial Deadlock - increasing queue capacity.
increasing the capacity of receiver ptolemy.actor.TypedIOPort {.top.OrderedMerge.inputB} to 2
Director: Called postfire().
Called postfire().
_stopRequested = false
_stopFireRequested = false
Returning from postfire(): true
Called fire().
Checking for deadlock:
There are 2 Blocked actors, 0 Stopped actors, and 3 active threads.
Waiting for actors to stop.
-- Thread wrapup() called.
Called wrapup()
Thread .top.Ramp2 is exiting.
-- Thread stopped.
Checking for deadlock:
There are 2 Blocked actors, 0 Stopped actors, and 2 active threads.
Actors have stopped.
Checking for deadlock:
There are 2 Blocked actors, 0 Stopped actors, and 2 active threads.
Deadlock detected.
Resolving Deadlock
Checking for deadlock:
There are 2 Blocked actors, 0 Stopped actors, and 2 active threads.
Deadlock detected: no processes blocked on write, but some are blocked on read.
Called postfire().
_stopRequested = false
_stopFireRequested = false
Returning from postfire(): false
Finished deactivating branches.
Called wrapup().
-- Thread wrapup() called.
Called wrapup()
Thread .top.OrderedMerge is exiting.
-- Thread stopped.
-- Blocked Receiver call threw TerminateProcessException.
-- Thread wrapup() called.
Called wrapup()
Thread .top.Test is exiting.
-- Thread stopped.
-- Blocked Receiver call threw TerminateProcessException.
33 ms. Memory: 208384K Free: 177905K (85%)
/home/travis/build/icyphy/ptII/ptolemy/actor/lib/test/Publisher.tcl
15 ms. Memory: 208384K Free: 170612K (82%)
5 ms. Memory: 208384K Free: 165750K (80%)
5 ms. Memory: 208384K Free: 160888K (77%)
6 ms. Memory: 208384K Free: 160888K (77%)
4 ms. Memory: 208384K Free: 160888K (77%)
9 ms. Memory: 208384K Free: 158457K (76%)
3 ms. Memory: 208384K Free: 158457K (76%)
6 ms. Memory: 208384K Free: 158457K (76%)
1 ms. Memory: 208384K Free: 148733K (71%)
5 ms. Memory: 208384K Free: 143871K (69%)
3 ms. Memory: 208384K Free: 143871K (69%)
1 ms. Memory: 208384K Free: 141440K (68%)
6 ms. Memory: 208384K Free: 134147K (64%)
5 ms. Memory: 208384K Free: 124424K (60%)
14 ms. Memory: 208384K Free: 112269K (54%)
/home/travis/build/icyphy/ptII/ptolemy/actor/lib/test/Pulse.tcl
4 ms. Memory: 331264K Free: 309658K (93%)
1 ms. Memory: 331264K Free: 309658K (93%)
3 ms. Memory: 331264K Free: 309658K (93%)
2 ms. Memory: 331264K Free: 309658K (93%)
1 ms. Memory: 331264K Free: 309658K (93%)
2 ms. Memory: 331264K Free: 309658K (93%)
9 ms. Memory: 331264K Free: 309221K (93%)
2 ms. Memory: 331264K Free: 304470K (92%)
4 ms. Memory: 331264K Free: 304470K (92%)
/home/travis/build/icyphy/ptII/ptolemy/actor/lib/test/Ramp.tcl
9 ms. Memory: 331264K Free: 304470K (92%)
3 ms. Memory: 331264K Free: 304470K (92%)
2 ms. Memory: 331264K Free: 304470K (92%)
2 ms. Memory: 331264K Free: 299720K (90%)
3 ms. Memory: 331264K Free: 299720K (90%)
3 ms. Memory: 331264K Free: 299720K (90%)
4 ms. Memory: 331264K Free: 299720K (90%)
5 actors
5000 microseconds per iteration to create
5 ms. Memory: 331264K Free: 294970K (89%)
2 ms. Memory: 331264K Free: 294970K (89%)
1 ms. Memory: 331264K Free: 294970K (89%)
2 ms. Memory: 331264K Free: 294970K (89%)
50 actors
23000 microseconds per iteration to create
45 ms. Memory: 331264K Free: 280719K (85%)
13 ms. Memory: 331264K Free: 275969K (83%)
15 ms. Memory: 331264K Free: 275969K (83%)
11 ms. Memory: 331264K Free: 275969K (83%)
500 actors
1281000 microseconds per iteration to create
264 ms. Memory: 331264K Free: 104749K (32%)
60 ms. Memory: 331264K Free: 99999K (30%)
48 ms. Memory: 331264K Free: 95248K (29%)
47 ms. Memory: 331264K Free: 90498K (27%)
/home/travis/build/icyphy/ptII/ptolemy/actor/lib/test/RampContinuous.tcl
9 ms. Memory: 331264K Free: 90498K (27%)
/home/travis/build/icyphy/ptII/ptolemy/actor/lib/test/RecordAssembler.tcl
5 ms. Memory: 331264K Free: 85740K (26%)
4 ms. Memory: 331264K Free: 85740K (26%)
/home/travis/build/icyphy/ptII/ptolemy/actor/lib/test/RecordDisassembler.tcl
4 ms. Memory: 331264K Free: 85740K (26%)
3 ms. Memory: 331264K Free: 85740K (26%)
6 ms. Memory: 331264K Free: 80990K (24%)
/home/travis/build/icyphy/ptII/ptolemy/actor/lib/test/Scale.tcl
3 ms. Memory: 331264K Free: 80990K (24%)
1 ms. Memory: 331264K Free: 80990K (24%)
1 ms. Memory: 331264K Free: 80990K (24%)
2 ms. Memory: 331264K Free: 80990K (24%)
2 ms. Memory: 331264K Free: 79205K (24%)
/home/travis/build/icyphy/ptII/ptolemy/actor/lib/test/SequentialClock.tcl
preinitializing
resolving types
initializing
executing number 1
wrapping up
idle
37 ms. Memory: 332288K Free: 314985K (95%)
Completed execution with 5 iterations
preinitializing
resolving types
initializing
executing number 1
wrapping up
idle
2 ms. Memory: 332288K Free: 314985K (95%)
Completed execution with 5 iterations
preinitializing
resolving types
initializing
executing number 1
wrapping up
idle
1 ms. Memory: 332288K Free: 314985K (95%)
Completed execution with 5 iterations
/home/travis/build/icyphy/ptII/ptolemy/actor/lib/test/SetVariable.tcl
5 ms. Memory: 332288K Free: 314985K (95%)
/home/travis/build/icyphy/ptII/ptolemy/actor/lib/test/Sinewave.tcl
/home/travis/build/icyphy/ptII/ptolemy/actor/lib/test/SubscriptionAggregator.tcl
4 ms. Memory: 332288K Free: 300294K (90%)
3 ms. Memory: 332288K Free: 300294K (90%)
1 ms. Memory: 332288K Free: 300294K (90%)
1 ms. Memory: 332288K Free: 300294K (90%)
1 ms. Memory: 332288K Free: 295498K (89%)
3 ms. Memory: 332288K Free: 290685K (87%)
...............................................................982 ms. Memory: 576000K Free: 180892K (31%)
/home/travis/build/icyphy/ptII/ptolemy/actor/lib/test/Test.tcl
 The next command will produce a warning about training mode,
   which may be ignored.
5 ms. Memory: 576000K Free: 171292K (30%)
2 ms. Memory: 576000K Free: 171292K (30%)
2 ms. Memory: 576000K Free: 171292K (30%)
1 ms. Memory: 576000K Free: 171292K (30%)
3 ms. Memory: 576000K Free: 171292K (30%)
3 ms. Memory: 576000K Free: 171292K (30%)
5 ms. Memory: 576000K Free: 171292K (30%)
 The next command will produce a warning about training mode,
   which may be ignored.
3 ms. Memory: 576000K Free: 171292K (30%)
 The next command will produce a warning about training mode,
   which may be ignored.
2 ms. Memory: 576000K Free: 161707K (28%)
1 ms. Memory: 576000K Free: 161707K (28%)
1 ms. Memory: 576000K Free: 161707K (28%)
3 ms. Memory: 576000K Free: 161707K (28%)
3 ms. Memory: 576000K Free: 161707K (28%)
5 ms. Memory: 576000K Free: 161707K (28%)
/home/travis/build/icyphy/ptII/ptolemy/actor/lib/test/TestExceptionHandler.tcl
 The next command will produce a warning about training mode,
   which may be ignored.
2 ms. Memory: 576000K Free: 161707K (28%)
0 ms. Memory: 576000K Free: 161707K (28%)
0 ms. Memory: 576000K Free: 161707K (28%)
/home/travis/build/icyphy/ptII/ptolemy/actor/lib/test/UnionDisassembler.tcl
12 ms. Memory: 576000K Free: 152123K (26%)
/home/travis/build/icyphy/ptII/ptolemy/actor/lib/test/VariableClock.tcl
preinitializing
resolving types
initializing
executing number 1
wrapping up
idle
3 ms. Memory: 576000K Free: 152123K (26%)
Completed execution with 11 iterations
preinitializing
resolving types
initializing
executing number 1
wrapping up
idle
3 ms. Memory: 576000K Free: 142538K (25%)
Completed execution with 10 iterations
07/27/18 01:41:08
Failed: 0  Total Tests: 234  ((Passed: 234, Newly Passed: 0)  Known Failed: 0) /home/travis/build/icyphy/ptII/ptolemy/actor/lib/test
----------------- testing (KnownFailure) /home/travis/build/icyphy/ptII/ptolemy/actor/lib/test/auto/knownFailedTests/PublisherPortToplevelSubscriber.xml
1 ms. Memory: 576000K Free: 132820K (23%)
Known Failure: java.lang.reflect.InvocationTargetException
----------------- testing (KnownFailure) /home/travis/build/icyphy/ptII/ptolemy/actor/lib/test/auto/knownFailedTests/PublisherSubscriberPortToplevel.xml
1 ms. Memory: 576000K Free: 113384K (20%)
Known Failure: java.lang.reflect.InvocationTargetException
----------------- testing (KnownFailure) /home/travis/build/icyphy/ptII/ptolemy/actor/lib/test/auto/knownFailedTests/PublisherSubscriptionAggregatorPort.xml
2 ms. Memory: 576000K Free: 93949K (16%)
Known Failure: java.lang.reflect.InvocationTargetException
----------------- testing (KnownFailure) /home/travis/build/icyphy/ptII/ptolemy/actor/lib/test/auto/knownFailedTests/sizedarray3.xml
4 ms. Memory: 576000K Free: 74513K (13%)
Known Failure: java.lang.reflect.InvocationTargetException
No auto/linux-amd64/*.xml tests in /home/travis/build/icyphy/ptII/ptolemy/actor/lib/test
AutoTests.java: About to close Vertx.
AutoTests.java: Vertx closed.

===========================================================================================
----------------- testing Fri Jul 27 01:41:08 UTC 2018 /home/travis/build/icyphy/ptII/ptolemy/actor/lib/test/auto/AbsoluteValue.xml
----------------- Instantiating /home/travis/build/icyphy/ptII/ptolemy/actor/lib/test/auto/AbsoluteValue.xml
10 ms. Memory: 579584K Free: 467326K (81%)
----------------- Invoking toplevel() on ptolemy.moml.MoMLSimpleApplication@11990f46
----------------- Done invoking toplevel() on ptolemy.moml.MoMLSimpleApplication@11990f46
reloadAllAccessors: .AbsoluteValue

===========================================================================================
----------------- testing Fri Jul 27 01:41:09 UTC 2018 /home/travis/build/icyphy/ptII/ptolemy/actor/lib/test/auto/AbsoluteValue2.xml
----------------- Instantiating /home/travis/build/icyphy/ptII/ptolemy/actor/lib/test/auto/AbsoluteValue2.xml
7 ms. Memory: 579584K Free: 443700K (77%)
----------------- Invoking toplevel() on ptolemy.moml.MoMLSimpleApplication@4d623329
----------------- Done invoking toplevel() on ptolemy.moml.MoMLSimpleApplication@4d623329
reloadAllAccessors: .AbsoluteValue2

===========================================================================================
----------------- testing Fri Jul 27 01:41:09 UTC 2018 /home/travis/build/icyphy/ptII/ptolemy/actor/lib/test/auto/Accumulator.xml
----------------- Instantiating /home/travis/build/icyphy/ptII/ptolemy/actor/lib/test/auto/Accumulator.xml
17 ms. Memory: 579584K Free: 433982K (75%)
----------------- Invoking toplevel() on ptolemy.moml.MoMLSimpleApplication@74c768bb
----------------- Done invoking toplevel() on ptolemy.moml.MoMLSimpleApplication@74c768bb
reloadAllAccessors: .Accumulator

===========================================================================================
----------------- testing Fri Jul 27 01:41:09 UTC 2018 /home/travis/build/icyphy/ptII/ptolemy/actor/lib/test/auto/Accumulator2.xml
----------------- Instantiating /home/travis/build/icyphy/ptII/ptolemy/actor/lib/test/auto/Accumulator2.xml
3 ms. Memory: 579584K Free: 424265K (73%)
----------------- Invoking toplevel() on ptolemy.moml.MoMLSimpleApplication@4f29827c
----------------- Done invoking toplevel() on ptolemy.moml.MoMLSimpleApplication@4f29827c
reloadAllAccessors: .Accumulator2

===========================================================================================
----------------- testing Fri Jul 27 01:41:09 UTC 2018 /home/travis/build/icyphy/ptII/ptolemy/actor/lib/test/auto/Accumulator3.xml
----------------- Instantiating /home/travis/build/icyphy/ptII/ptolemy/actor/lib/test/auto/Accumulator3.xml
3 ms. Memory: 579584K Free: 414547K (72%)
----------------- Invoking toplevel() on ptolemy.moml.MoMLSimpleApplication@35d02f73
----------------- Done invoking toplevel() on ptolemy.moml.MoMLSimpleApplication@35d02f73
reloadAllAccessors: .Accumulator3

===========================================================================================
----------------- testing Fri Jul 27 01:41:09 UTC 2018 /home/travis/build/icyphy/ptII/ptolemy/actor/lib/test/auto/ArrayAppend.xml
----------------- Instantiating /home/travis/build/icyphy/ptII/ptolemy/actor/lib/test/auto/ArrayAppend.xml
4 ms. Memory: 579584K Free: 395780K (68%)
----------------- Invoking toplevel() on ptolemy.moml.MoMLSimpleApplication@7668593c
----------------- Done invoking toplevel() on ptolemy.moml.MoMLSimpleApplication@7668593c
reloadAllAccessors: .ArrayAppend

===========================================================================================
----------------- testing Fri Jul 27 01:41:09 UTC 2018 /home/travis/build/icyphy/ptII/ptolemy/actor/lib/test/auto/ArrayAppend2.xml
----------------- Instantiating /home/travis/build/icyphy/ptII/ptolemy/actor/lib/test/auto/ArrayAppend2.xml
355 ms. Memory: 579584K Free: 332614K (57%)
----------------- Invoking toplevel() on ptolemy.moml.MoMLSimpleApplication@739202e
----------------- Done invoking toplevel() on ptolemy.moml.MoMLSimpleApplication@739202e
reloadAllAccessors: .ArrayAppend2

===========================================================================================
----------------- testing Fri Jul 27 01:41:09 UTC 2018 /home/travis/build/icyphy/ptII/ptolemy/actor/lib/test/auto/ArrayAppend3.xml
----------------- Instantiating /home/travis/build/icyphy/ptII/ptolemy/actor/lib/test/auto/ArrayAppend3.xml
3 ms. Memory: 579584K Free: 322897K (56%)
----------------- Invoking toplevel() on ptolemy.moml.MoMLSimpleApplication@bfe26c3
----------------- Done invoking toplevel() on ptolemy.moml.MoMLSimpleApplication@bfe26c3
reloadAllAccessors: .ArrayAppend3

===========================================================================================
----------------- testing Fri Jul 27 01:41:09 UTC 2018 /home/travis/build/icyphy/ptII/ptolemy/actor/lib/test/auto/ArrayAppend4.xml
----------------- Instantiating /home/travis/build/icyphy/ptII/ptolemy/actor/lib/test/auto/ArrayAppend4.xml
3 ms. Memory: 579584K Free: 313179K (54%)
----------------- Invoking toplevel() on ptolemy.moml.MoMLSimpleApplication@4239c2f
----------------- Done invoking toplevel() on ptolemy.moml.MoMLSimpleApplication@4239c2f
reloadAllAccessors: .ArrayAppend4

===========================================================================================
----------------- testing Fri Jul 27 01:41:09 UTC 2018 /home/travis/build/icyphy/ptII/ptolemy/actor/lib/test/auto/ArrayAppend5.xml
----------------- Instantiating /home/travis/build/icyphy/ptII/ptolemy/actor/lib/test/auto/ArrayAppend5.xml
5 ms. Memory: 579584K Free: 294412K (51%)
----------------- Invoking toplevel() on ptolemy.moml.MoMLSimpleApplication@2bba2bcb
----------------- Done invoking toplevel() on ptolemy.moml.MoMLSimpleApplication@2bba2bcb
reloadAllAccessors: .ArrayAppend5

===========================================================================================
----------------- testing Fri Jul 27 01:41:09 UTC 2018 /home/travis/build/icyphy/ptII/ptolemy/actor/lib/test/auto/ArrayAppend6.xml
----------------- Instantiating /home/travis/build/icyphy/ptII/ptolemy/actor/lib/test/auto/ArrayAppend6.xml
4 ms. Memory: 579584K Free: 284694K (49%)
----------------- Invoking toplevel() on ptolemy.moml.MoMLSimpleApplication@e675330
----------------- Done invoking toplevel() on ptolemy.moml.MoMLSimpleApplication@e675330
reloadAllAccessors: .ArrayAppend6

===========================================================================================
----------------- testing Fri Jul 27 01:41:09 UTC 2018 /home/travis/build/icyphy/ptII/ptolemy/actor/lib/test/auto/ArrayAppendPerformanceTest.xml
----------------- Instantiating /home/travis/build/icyphy/ptII/ptolemy/actor/lib/test/auto/ArrayAppendPerformanceTest.xml
22 ms. Memory: 579584K Free: 270102K (47%)
----------------- Invoking toplevel() on ptolemy.moml.MoMLSimpleApplication@6a07798a
----------------- Done invoking toplevel() on ptolemy.moml.MoMLSimpleApplication@6a07798a
reloadAllAccessors: .ArrayAppendPerformanceTest

===========================================================================================
----------------- testing Fri Jul 27 01:41:09 UTC 2018 /home/travis/build/icyphy/ptII/ptolemy/actor/lib/test/auto/ArrayAppendWithEmptyInput.xml
----------------- Instantiating /home/travis/build/icyphy/ptII/ptolemy/actor/lib/test/auto/ArrayAppendWithEmptyInput.xml
9 ms. Memory: 579584K Free: 255525K (44%)
----------------- Invoking toplevel() on ptolemy.moml.MoMLSimpleApplication@7809df8a
----------------- Done invoking toplevel() on ptolemy.moml.MoMLSimpleApplication@7809df8a
reloadAllAccessors: .ArrayAppendWithEmptyInput

===========================================================================================
----------------- testing Fri Jul 27 01:41:09 UTC 2018 /home/travis/build/icyphy/ptII/ptolemy/actor/lib/test/auto/ArrayAverage.xml
----------------- Instantiating /home/travis/build/icyphy/ptII/ptolemy/actor/lib/test/auto/ArrayAverage.xml
5 ms. Memory: 579584K Free: 231883K (40%)
----------------- Invoking toplevel() on ptolemy.moml.MoMLSimpleApplication@448c3f32
----------------- Done invoking toplevel() on ptolemy.moml.MoMLSimpleApplication@448c3f32
reloadAllAccessors: .ArrayAverage

===========================================================================================
----------------- testing Fri Jul 27 01:41:09 UTC 2018 /home/travis/build/icyphy/ptII/ptolemy/actor/lib/test/auto/ArrayContains.xml
----------------- Instantiating /home/travis/build/icyphy/ptII/ptolemy/actor/lib/test/auto/ArrayContains.xml
3 ms. Memory: 579584K Free: 222165K (38%)
----------------- Invoking toplevel() on ptolemy.moml.MoMLSimpleApplication@66b88447
----------------- Done invoking toplevel() on ptolemy.moml.MoMLSimpleApplication@66b88447
reloadAllAccessors: .ArrayContains

===========================================================================================
----------------- testing Fri Jul 27 01:41:09 UTC 2018 /home/travis/build/icyphy/ptII/ptolemy/actor/lib/test/auto/ArrayElement.xml
----------------- Instantiating /home/travis/build/icyphy/ptII/ptolemy/actor/lib/test/auto/ArrayElement.xml
4 ms. Memory: 579584K Free: 212448K (37%)
----------------- Invoking toplevel() on ptolemy.moml.MoMLSimpleApplication@84772d3
----------------- Done invoking toplevel() on ptolemy.moml.MoMLSimpleApplication@84772d3
reloadAllAccessors: .ArrayElement

===========================================================================================
----------------- testing Fri Jul 27 01:41:09 UTC 2018 /home/travis/build/icyphy/ptII/ptolemy/actor/lib/test/auto/ArrayElementAsMatrix.xml
----------------- Instantiating /home/travis/build/icyphy/ptII/ptolemy/actor/lib/test/auto/ArrayElementAsMatrix.xml
12 ms. Memory: 579584K Free: 197855K (34%)
----------------- Invoking toplevel() on ptolemy.moml.MoMLSimpleApplication@3a5edbac
----------------- Done invoking toplevel() on ptolemy.moml.MoMLSimpleApplication@3a5edbac
reloadAllAccessors: .ArrayElementAsMatrix

===========================================================================================
----------------- testing Fri Jul 27 01:41:10 UTC 2018 /home/travis/build/icyphy/ptII/ptolemy/actor/lib/test/auto/ArrayElementI.xml
----------------- Instantiating /home/travis/build/icyphy/ptII/ptolemy/actor/lib/test/auto/ArrayElementI.xml
3 ms. Memory: 579584K Free: 179088K (31%)
----------------- Invoking toplevel() on ptolemy.moml.MoMLSimpleApplication@4fcd025a
----------------- Done invoking toplevel() on ptolemy.moml.MoMLSimpleApplication@4fcd025a
reloadAllAccessors: .ArrayElementI

===========================================================================================
----------------- testing Fri Jul 27 01:41:10 UTC 2018 /home/travis/build/icyphy/ptII/ptolemy/actor/lib/test/auto/ArrayExtract.xml
----------------- Instantiating /home/travis/build/icyphy/ptII/ptolemy/actor/lib/test/auto/ArrayExtract.xml
4 ms. Memory: 579584K Free: 169371K (29%)
----------------- Invoking toplevel() on ptolemy.moml.MoMLSimpleApplication@9fd58f
----------------- Done invoking toplevel() on ptolemy.moml.MoMLSimpleApplication@9fd58f
reloadAllAccessors: .ArrayExtract

===========================================================================================
----------------- testing Fri Jul 27 01:41:10 UTC 2018 /home/travis/build/icyphy/ptII/ptolemy/actor/lib/test/auto/ArrayExtract2.xml
----------------- Instantiating /home/travis/build/icyphy/ptII/ptolemy/actor/lib/test/auto/ArrayExtract2.xml
2 ms. Memory: 579584K Free: 159653K (28%)
----------------- Invoking toplevel() on ptolemy.moml.MoMLSimpleApplication@4e3c42c0
----------------- Done invoking toplevel() on ptolemy.moml.MoMLSimpleApplication@4e3c42c0
reloadAllAccessors: .ArrayExtract2

===========================================================================================
----------------- testing Fri Jul 27 01:41:10 UTC 2018 /home/travis/build/icyphy/ptII/ptolemy/actor/lib/test/auto/ArrayLength.xml
----------------- Instantiating /home/travis/build/icyphy/ptII/ptolemy/actor/lib/test/auto/ArrayLength.xml
1 ms. Memory: 579584K Free: 145076K (25%)
----------------- Invoking toplevel() on ptolemy.moml.MoMLSimpleApplication@576e449b
----------------- Done invoking toplevel() on ptolemy.moml.MoMLSimpleApplication@576e449b
reloadAllAccessors: .ArrayLength

===========================================================================================
----------------- testing Fri Jul 27 01:41:10 UTC 2018 /home/travis/build/icyphy/ptII/ptolemy/actor/lib/test/auto/ArrayLevelCrossing.xml
----------------- Instantiating /home/travis/build/icyphy/ptII/ptolemy/actor/lib/test/auto/ArrayLevelCrossing.xml
7 ms. Memory: 579584K Free: 130491K (23%)
----------------- Invoking toplevel() on ptolemy.moml.MoMLSimpleApplication@146c0d47
----------------- Done invoking toplevel() on ptolemy.moml.MoMLSimpleApplication@146c0d47
reloadAllAccessors: .ArrayLevelCrossing

===========================================================================================
----------------- testing Fri Jul 27 01:41:10 UTC 2018 /home/travis/build/icyphy/ptII/ptolemy/actor/lib/test/auto/ArrayLevelCrossing2.xml
----------------- Instantiating /home/travis/build/icyphy/ptII/ptolemy/actor/lib/test/auto/ArrayLevelCrossing2.xml
3 ms. Memory: 579584K Free: 106850K (18%)
----------------- Invoking toplevel() on ptolemy.moml.MoMLSimpleApplication@1c1a25a9
----------------- Done invoking toplevel() on ptolemy.moml.MoMLSimpleApplication@1c1a25a9
reloadAllAccessors: .ArrayLevelCrossing2

===========================================================================================
----------------- testing Fri Jul 27 01:41:10 UTC 2018 /home/travis/build/icyphy/ptII/ptolemy/actor/lib/test/auto/ArrayPeakSearch.xml
----------------- Instantiating /home/travis/build/icyphy/ptII/ptolemy/actor/lib/test/auto/ArrayPeakSearch.xml
9 ms. Memory: 579584K Free: 92257K (16%)
----------------- Invoking toplevel() on ptolemy.moml.MoMLSimpleApplication@6bb02454
----------------- Done invoking toplevel() on ptolemy.moml.MoMLSimpleApplication@6bb02454
reloadAllAccessors: .ArrayPeakSearch

===========================================================================================
----------------- testing Fri Jul 27 01:41:10 UTC 2018 /home/travis/build/icyphy/ptII/ptolemy/actor/lib/test/auto/ArrayPeakSearch2.xml
----------------- Instantiating /home/travis/build/icyphy/ptII/ptolemy/actor/lib/test/auto/ArrayPeakSearch2.xml
6 ms. Memory: 579584K Free: 77664K (13%)
----------------- Invoking toplevel() on ptolemy.moml.MoMLSimpleApplication@5bf7003d
----------------- Done invoking toplevel() on ptolemy.moml.MoMLSimpleApplication@5bf7003d
reloadAllAccessors: .ArrayPeakSearch2

===========================================================================================
----------------- testing Fri Jul 27 01:41:10 UTC 2018 /home/travis/build/icyphy/ptII/ptolemy/actor/lib/test/auto/ArrayPeakSearch3.xml
----------------- Instantiating /home/travis/build/icyphy/ptII/ptolemy/actor/lib/test/auto/ArrayPeakSearch3.xml
6 ms. Memory: 579584K Free: 63071K (11%)
----------------- Invoking toplevel() on ptolemy.moml.MoMLSimpleApplication@937fc4f
----------------- Done invoking toplevel() on ptolemy.moml.MoMLSimpleApplication@937fc4f
reloadAllAccessors: .ArrayPeakSearch3

===========================================================================================
----------------- testing Fri Jul 27 01:41:10 UTC 2018 /home/travis/build/icyphy/ptII/ptolemy/actor/lib/test/auto/ArrayRemoveElement.xml
----------------- Instantiating /home/travis/build/icyphy/ptII/ptolemy/actor/lib/test/auto/ArrayRemoveElement.xml
3 ms. Memory: 876032K Free: 805482K (92%)
----------------- Invoking toplevel() on ptolemy.moml.MoMLSimpleApplication@48c28464
----------------- Done invoking toplevel() on ptolemy.moml.MoMLSimpleApplication@48c28464
reloadAllAccessors: .ArrayRemoveElement

===========================================================================================
----------------- testing Fri Jul 27 01:41:10 UTC 2018 /home/travis/build/icyphy/ptII/ptolemy/actor/lib/test/auto/ArraySort.xml
----------------- Instantiating /home/travis/build/icyphy/ptII/ptolemy/actor/lib/test/auto/ArraySort.xml
4 ms. Memory: 876032K Free: 779332K (89%)
----------------- Invoking toplevel() on ptolemy.moml.MoMLSimpleApplication@18cb383a
----------------- Done invoking toplevel() on ptolemy.moml.MoMLSimpleApplication@18cb383a
reloadAllAccessors: .ArraySort

===========================================================================================
----------------- testing Fri Jul 27 01:41:10 UTC 2018 /home/travis/build/icyphy/ptII/ptolemy/actor/lib/test/auto/ArraySum.xml
----------------- Instantiating /home/travis/build/icyphy/ptII/ptolemy/actor/lib/test/auto/ArraySum.xml
3 ms. Memory: 876032K Free: 763778K (87%)
----------------- Invoking toplevel() on ptolemy.moml.MoMLSimpleApplication@2c938b6c
----------------- Done invoking toplevel() on ptolemy.moml.MoMLSimpleApplication@2c938b6c
reloadAllAccessors: .ArraySum

===========================================================================================
----------------- testing Fri Jul 27 01:41:10 UTC 2018 /home/travis/build/icyphy/ptII/ptolemy/actor/lib/test/auto/ArrayToElements.xml
----------------- Instantiating /home/travis/build/icyphy/ptII/ptolemy/actor/lib/test/auto/ArrayToElements.xml
2 ms. Memory: 876032K Free: 748223K (85%)
----------------- Invoking toplevel() on ptolemy.moml.MoMLSimpleApplication@6ecc4b47
----------------- Done invoking toplevel() on ptolemy.moml.MoMLSimpleApplication@6ecc4b47
reloadAllAccessors: .ArrayToElements

===========================================================================================
----------------- testing Fri Jul 27 01:41:10 UTC 2018 /home/travis/build/icyphy/ptII/ptolemy/actor/lib/test/auto/ArrayToMatrix.xml
----------------- Instantiating /home/travis/build/icyphy/ptII/ptolemy/actor/lib/test/auto/ArrayToMatrix.xml
14 ms. Memory: 876032K Free: 724875K (83%)
----------------- Invoking toplevel() on ptolemy.moml.MoMLSimpleApplication@46d38d5
----------------- Done invoking toplevel() on ptolemy.moml.MoMLSimpleApplication@46d38d5
reloadAllAccessors: .ArrayToMatrix

===========================================================================================
----------------- testing Fri Jul 27 01:41:10 UTC 2018 /home/travis/build/icyphy/ptII/ptolemy/actor/lib/test/auto/ArrayUpdate1.xml
----------------- Instantiating /home/travis/build/icyphy/ptII/ptolemy/actor/lib/test/auto/ArrayUpdate1.xml
2 ms. Memory: 876032K Free: 698974K (80%)
----------------- Invoking toplevel() on ptolemy.moml.MoMLSimpleApplication@6070d4be
----------------- Done invoking toplevel() on ptolemy.moml.MoMLSimpleApplication@6070d4be
reloadAllAccessors: .ArrayUpdate1

===========================================================================================
----------------- testing Fri Jul 27 01:41:10 UTC 2018 /home/travis/build/icyphy/ptII/ptolemy/actor/lib/test/auto/ArrayUpdate2.xml
----------------- Instantiating /home/travis/build/icyphy/ptII/ptolemy/actor/lib/test/auto/ArrayUpdate2.xml
8 ms. Memory: 876032K Free: 683419K (78%)
----------------- Invoking toplevel() on ptolemy.moml.MoMLSimpleApplication@53faa081
----------------- Done invoking toplevel() on ptolemy.moml.MoMLSimpleApplication@53faa081
reloadAllAccessors: .ArrayUpdate2

===========================================================================================
----------------- testing Fri Jul 27 01:41:10 UTC 2018 /home/travis/build/icyphy/ptII/ptolemy/actor/lib/test/auto/ArrayUpdate3.xml
----------------- Instantiating /home/travis/build/icyphy/ptII/ptolemy/actor/lib/test/auto/ArrayUpdate3.xml
5 ms. Memory: 876032K Free: 667864K (76%)
----------------- Invoking toplevel() on ptolemy.moml.MoMLSimpleApplication@22adbef
----------------- Done invoking toplevel() on ptolemy.moml.MoMLSimpleApplication@22adbef
reloadAllAccessors: .ArrayUpdate3

===========================================================================================
----------------- testing Fri Jul 27 01:41:10 UTC 2018 /home/travis/build/icyphy/ptII/ptolemy/actor/lib/test/auto/Assert1.xml
----------------- Instantiating /home/travis/build/icyphy/ptII/ptolemy/actor/lib/test/auto/Assert1.xml
3 ms. Memory: 876032K Free: 652310K (74%)
----------------- Invoking toplevel() on ptolemy.moml.MoMLSimpleApplication@5027fce5
----------------- Done invoking toplevel() on ptolemy.moml.MoMLSimpleApplication@5027fce5
reloadAllAccessors: .Assert1

===========================================================================================
----------------- testing Fri Jul 27 01:41:10 UTC 2018 /home/travis/build/icyphy/ptII/ptolemy/actor/lib/test/auto/Assert2.xml
----------------- Instantiating /home/travis/build/icyphy/ptII/ptolemy/actor/lib/test/auto/Assert2.xml
4 ms. Memory: 876032K Free: 636755K (73%)
----------------- Invoking toplevel() on ptolemy.moml.MoMLSimpleApplication@508bb464
----------------- Done invoking toplevel() on ptolemy.moml.MoMLSimpleApplication@508bb464
reloadAllAccessors: .Assert2

===========================================================================================
----------------- testing Fri Jul 27 01:41:10 UTC 2018 /home/travis/build/icyphy/ptII/ptolemy/actor/lib/test/auto/BooleanMultiplexor.xml
----------------- Instantiating /home/travis/build/icyphy/ptII/ptolemy/actor/lib/test/auto/BooleanMultiplexor.xml
2 ms. Memory: 876032K Free: 610854K (70%)
----------------- Invoking toplevel() on ptolemy.moml.MoMLSimpleApplication@6dbea589
----------------- Done invoking toplevel() on ptolemy.moml.MoMLSimpleApplication@6dbea589
reloadAllAccessors: .BooleanMultiplexor

===========================================================================================
----------------- testing Fri Jul 27 01:41:10 UTC 2018 /home/travis/build/icyphy/ptII/ptolemy/actor/lib/test/auto/BooleanMultiplexor2.xml
----------------- Instantiating /home/travis/build/icyphy/ptII/ptolemy/actor/lib/test/auto/BooleanMultiplexor2.xml
10 ms. Memory: 876032K Free: 595299K (68%)
----------------- Invoking toplevel() on ptolemy.moml.MoMLSimpleApplication@24b36485
----------------- Done invoking toplevel() on ptolemy.moml.MoMLSimpleApplication@24b36485
reloadAllAccessors: .BooleanMultiplexor2

===========================================================================================
----------------- testing Fri Jul 27 01:41:10 UTC 2018 /home/travis/build/icyphy/ptII/ptolemy/actor/lib/test/auto/BooleanMultiplexor3.xml
----------------- Instantiating /home/travis/build/icyphy/ptII/ptolemy/actor/lib/test/auto/BooleanMultiplexor3.xml
3 ms. Memory: 876032K Free: 579744K (66%)
----------------- Invoking toplevel() on ptolemy.moml.MoMLSimpleApplication@6396d8e1
----------------- Done invoking toplevel() on ptolemy.moml.MoMLSimpleApplication@6396d8e1
reloadAllAccessors: .BooleanMultiplexor3

===========================================================================================
----------------- testing Fri Jul 27 01:41:10 UTC 2018 /home/travis/build/icyphy/ptII/ptolemy/actor/lib/test/auto/BooleanSelect.xml
----------------- Instantiating /home/travis/build/icyphy/ptII/ptolemy/actor/lib/test/auto/BooleanSelect.xml
7 ms. Memory: 876032K Free: 564190K (64%)
----------------- Invoking toplevel() on ptolemy.moml.MoMLSimpleApplication@654d38c6
----------------- Done invoking toplevel() on ptolemy.moml.MoMLSimpleApplication@654d38c6
reloadAllAccessors: .BooleanSelect

===========================================================================================
----------------- testing Fri Jul 27 01:41:10 UTC 2018 /home/travis/build/icyphy/ptII/ptolemy/actor/lib/test/auto/BooleanSelect2.xml
----------------- Instantiating /home/travis/build/icyphy/ptII/ptolemy/actor/lib/test/auto/BooleanSelect2.xml
4 ms. Memory: 876032K Free: 548635K (63%)
----------------- Invoking toplevel() on ptolemy.moml.MoMLSimpleApplication@6f97933
----------------- Done invoking toplevel() on ptolemy.moml.MoMLSimpleApplication@6f97933
reloadAllAccessors: .BooleanSelect2

===========================================================================================
----------------- testing Fri Jul 27 01:41:10 UTC 2018 /home/travis/build/icyphy/ptII/ptolemy/actor/lib/test/auto/BooleanSwitch.xml
----------------- Instantiating /home/travis/build/icyphy/ptII/ptolemy/actor/lib/test/auto/BooleanSwitch.xml
3 ms. Memory: 876032K Free: 522734K (60%)
----------------- Invoking toplevel() on ptolemy.moml.MoMLSimpleApplication@17a7a9a7
----------------- Done invoking toplevel() on ptolemy.moml.MoMLSimpleApplication@17a7a9a7
reloadAllAccessors: .BooleanSwitch

===========================================================================================
----------------- testing Fri Jul 27 01:41:10 UTC 2018 /home/travis/build/icyphy/ptII/ptolemy/actor/lib/test/auto/BooleanSwitch2.xml
----------------- Instantiating /home/travis/build/icyphy/ptII/ptolemy/actor/lib/test/auto/BooleanSwitch2.xml
2 ms. Memory: 876032K Free: 507179K (58%)
----------------- Invoking toplevel() on ptolemy.moml.MoMLSimpleApplication@3195c6f3
----------------- Done invoking toplevel() on ptolemy.moml.MoMLSimpleApplication@3195c6f3
reloadAllAccessors: .BooleanSwitch2

===========================================================================================
----------------- testing Fri Jul 27 01:41:10 UTC 2018 /home/travis/build/icyphy/ptII/ptolemy/actor/lib/test/auto/BooleanSwitchCloningBugWithClassRelationGroup.xml
----------------- Instantiating /home/travis/build/icyphy/ptII/ptolemy/actor/lib/test/auto/BooleanSwitchCloningBugWithClassRelationGroup.xml
3 ms. Memory: 876032K Free: 491625K (56%)
----------------- Invoking toplevel() on ptolemy.moml.MoMLSimpleApplication@4f991af7
----------------- Done invoking toplevel() on ptolemy.moml.MoMLSimpleApplication@4f991af7
reloadAllAccessors: .BooleanSwitchCloningBugWithClassRelationGroup

===========================================================================================
----------------- testing Fri Jul 27 01:41:10 UTC 2018 /home/travis/build/icyphy/ptII/ptolemy/actor/lib/test/auto/BusActors.xml
----------------- Instantiating /home/travis/build/icyphy/ptII/ptolemy/actor/lib/test/auto/BusActors.xml
3 ms. Memory: 876032K Free: 476070K (54%)
----------------- Invoking toplevel() on ptolemy.moml.MoMLSimpleApplication@2a819b
----------------- Done invoking toplevel() on ptolemy.moml.MoMLSimpleApplication@2a819b
reloadAllAccessors: .BusActors

===========================================================================================
----------------- testing Fri Jul 27 01:41:10 UTC 2018 /home/travis/build/icyphy/ptII/ptolemy/actor/lib/test/auto/ClassWrapper.xml
----------------- Instantiating /home/travis/build/icyphy/ptII/ptolemy/actor/lib/test/auto/ClassWrapper.xml
3 ms. Memory: 876032K Free: 450169K (51%)
----------------- Invoking toplevel() on ptolemy.moml.MoMLSimpleApplication@349912a1
----------------- Done invoking toplevel() on ptolemy.moml.MoMLSimpleApplication@349912a1
reloadAllAccessors: .ClassWrapper

===========================================================================================
----------------- testing Fri Jul 27 01:41:11 UTC 2018 /home/travis/build/icyphy/ptII/ptolemy/actor/lib/test/auto/Clock.xml
----------------- Instantiating /home/travis/build/icyphy/ptII/ptolemy/actor/lib/test/auto/Clock.xml
2 ms. Memory: 876032K Free: 434614K (50%)
----------------- Invoking toplevel() on ptolemy.moml.MoMLSimpleApplication@3c44dee2
----------------- Done invoking toplevel() on ptolemy.moml.MoMLSimpleApplication@3c44dee2
reloadAllAccessors: .Clock

===========================================================================================
----------------- testing Fri Jul 27 01:41:11 UTC 2018 /home/travis/build/icyphy/ptII/ptolemy/actor/lib/test/auto/Clock10.xml
----------------- Instantiating /home/travis/build/icyphy/ptII/ptolemy/actor/lib/test/auto/Clock10.xml
3 ms. Memory: 876032K Free: 419059K (48%)
----------------- Invoking toplevel() on ptolemy.moml.MoMLSimpleApplication@78bedef8
----------------- Done invoking toplevel() on ptolemy.moml.MoMLSimpleApplication@78bedef8
reloadAllAccessors: .Clock10

===========================================================================================
----------------- testing Fri Jul 27 01:41:11 UTC 2018 /home/travis/build/icyphy/ptII/ptolemy/actor/lib/test/auto/Clock11.xml
----------------- Instantiating /home/travis/build/icyphy/ptII/ptolemy/actor/lib/test/auto/Clock11.xml
3 ms. Memory: 876032K Free: 403505K (46%)
----------------- Invoking toplevel() on ptolemy.moml.MoMLSimpleApplication@d14e8b6
----------------- Done invoking toplevel() on ptolemy.moml.MoMLSimpleApplication@d14e8b6
reloadAllAccessors: .Clock11

===========================================================================================
----------------- testing Fri Jul 27 01:41:11 UTC 2018 /home/travis/build/icyphy/ptII/ptolemy/actor/lib/test/auto/Clock12.xml
----------------- Instantiating /home/travis/build/icyphy/ptII/ptolemy/actor/lib/test/auto/Clock12.xml
6 ms. Memory: 876032K Free: 387950K (44%)
----------------- Invoking toplevel() on ptolemy.moml.MoMLSimpleApplication@65992c7b
----------------- Done invoking toplevel() on ptolemy.moml.MoMLSimpleApplication@65992c7b
reloadAllAccessors: .Clock12

===========================================================================================
----------------- testing Fri Jul 27 01:41:11 UTC 2018 /home/travis/build/icyphy/ptII/ptolemy/actor/lib/test/auto/Clock13.xml
----------------- Instantiating /home/travis/build/icyphy/ptII/ptolemy/actor/lib/test/auto/Clock13.xml
2 ms. Memory: 876032K Free: 362049K (41%)
----------------- Invoking toplevel() on ptolemy.moml.MoMLSimpleApplication@6d5c60e4
----------------- Done invoking toplevel() on ptolemy.moml.MoMLSimpleApplication@6d5c60e4
reloadAllAccessors: .Clock13

===========================================================================================
----------------- testing Fri Jul 27 01:41:11 UTC 2018 /home/travis/build/icyphy/ptII/ptolemy/actor/lib/test/auto/Clock14.xml
----------------- Instantiating /home/travis/build/icyphy/ptII/ptolemy/actor/lib/test/auto/Clock14.xml
3 ms. Memory: 876032K Free: 346494K (40%)
----------------- Invoking toplevel() on ptolemy.moml.MoMLSimpleApplication@6675f1c1
----------------- Done invoking toplevel() on ptolemy.moml.MoMLSimpleApplication@6675f1c1
reloadAllAccessors: .Clock14

===========================================================================================
----------------- testing Fri Jul 27 01:41:11 UTC 2018 /home/travis/build/icyphy/ptII/ptolemy/actor/lib/test/auto/Clock15.xml
----------------- Instantiating /home/travis/build/icyphy/ptII/ptolemy/actor/lib/test/auto/Clock15.xml
6 ms. Memory: 876032K Free: 330939K (38%)
----------------- Invoking toplevel() on ptolemy.moml.MoMLSimpleApplication@383214c3
----------------- Done invoking toplevel() on ptolemy.moml.MoMLSimpleApplication@383214c3
reloadAllAccessors: .Clock15

===========================================================================================
----------------- testing Fri Jul 27 01:41:11 UTC 2018 /home/travis/build/icyphy/ptII/ptolemy/actor/lib/test/auto/Clock16.xml
----------------- Instantiating /home/travis/build/icyphy/ptII/ptolemy/actor/lib/test/auto/Clock16.xml
27 ms. Memory: 876032K Free: 307607K (35%)
----------------- Invoking toplevel() on ptolemy.moml.MoMLSimpleApplication@61c63813
----------------- Done invoking toplevel() on ptolemy.moml.MoMLSimpleApplication@61c63813
reloadAllAccessors: .Clock16

===========================================================================================
----------------- testing Fri Jul 27 01:41:11 UTC 2018 /home/travis/build/icyphy/ptII/ptolemy/actor/lib/test/auto/Clock17.xml
----------------- Instantiating /home/travis/build/icyphy/ptII/ptolemy/actor/lib/test/auto/Clock17.xml
15 ms. Memory: 876032K Free: 273913K (31%)
----------------- Invoking toplevel() on ptolemy.moml.MoMLSimpleApplication@405d3d73
----------------- Done invoking toplevel() on ptolemy.moml.MoMLSimpleApplication@405d3d73
reloadAllAccessors: .Clock17

===========================================================================================
----------------- testing Fri Jul 27 01:41:11 UTC 2018 /home/travis/build/icyphy/ptII/ptolemy/actor/lib/test/auto/Clock18.xml
----------------- Instantiating /home/travis/build/icyphy/ptII/ptolemy/actor/lib/test/auto/Clock18.xml
15 ms. Memory: 876032K Free: 250565K (29%)
----------------- Invoking toplevel() on ptolemy.moml.MoMLSimpleApplication@a54f1cf
----------------- Done invoking toplevel() on ptolemy.moml.MoMLSimpleApplication@a54f1cf
reloadAllAccessors: .Clock18

===========================================================================================
----------------- testing Fri Jul 27 01:41:11 UTC 2018 /home/travis/build/icyphy/ptII/ptolemy/actor/lib/test/auto/Clock19.xml
----------------- Instantiating /home/travis/build/icyphy/ptII/ptolemy/actor/lib/test/auto/Clock19.xml
16 ms. Memory: 876032K Free: 227225K (26%)
----------------- Invoking toplevel() on ptolemy.moml.MoMLSimpleApplication@2292a90f
----------------- Done invoking toplevel() on ptolemy.moml.MoMLSimpleApplication@2292a90f
reloadAllAccessors: .Clock19

===========================================================================================
----------------- testing Fri Jul 27 01:41:11 UTC 2018 /home/travis/build/icyphy/ptII/ptolemy/actor/lib/test/auto/Clock2.xml
----------------- Instantiating /home/travis/build/icyphy/ptII/ptolemy/actor/lib/test/auto/Clock2.xml
2 ms. Memory: 876032K Free: 211670K (24%)
----------------- Invoking toplevel() on ptolemy.moml.MoMLSimpleApplication@42e8c63a
----------------- Done invoking toplevel() on ptolemy.moml.MoMLSimpleApplication@42e8c63a
reloadAllAccessors: .Clock2

===========================================================================================
----------------- testing Fri Jul 27 01:41:11 UTC 2018 /home/travis/build/icyphy/ptII/ptolemy/actor/lib/test/auto/Clock20.xml
----------------- Instantiating /home/travis/build/icyphy/ptII/ptolemy/actor/lib/test/auto/Clock20.xml
8 ms. Memory: 876032K Free: 196116K (22%)
----------------- Invoking toplevel() on ptolemy.moml.MoMLSimpleApplication@11704686
----------------- Done invoking toplevel() on ptolemy.moml.MoMLSimpleApplication@11704686
reloadAllAccessors: .Clock20

===========================================================================================
----------------- testing Fri Jul 27 01:41:11 UTC 2018 /home/travis/build/icyphy/ptII/ptolemy/actor/lib/test/auto/Clock21.xml
----------------- Instantiating /home/travis/build/icyphy/ptII/ptolemy/actor/lib/test/auto/Clock21.xml
7 ms. Memory: 876032K Free: 170214K (19%)
----------------- Invoking toplevel() on ptolemy.moml.MoMLSimpleApplication@31293bf2
----------------- Done invoking toplevel() on ptolemy.moml.MoMLSimpleApplication@31293bf2
reloadAllAccessors: .Clock21

===========================================================================================
----------------- testing Fri Jul 27 01:41:11 UTC 2018 /home/travis/build/icyphy/ptII/ptolemy/actor/lib/test/auto/Clock22.xml
----------------- Instantiating /home/travis/build/icyphy/ptII/ptolemy/actor/lib/test/auto/Clock22.xml
7 ms. Memory: 876032K Free: 154660K (18%)
----------------- Invoking toplevel() on ptolemy.moml.MoMLSimpleApplication@1fa044b2
----------------- Done invoking toplevel() on ptolemy.moml.MoMLSimpleApplication@1fa044b2
reloadAllAccessors: .Clock22

===========================================================================================
----------------- testing Fri Jul 27 01:41:11 UTC 2018 /home/travis/build/icyphy/ptII/ptolemy/actor/lib/test/auto/Clock23.xml
----------------- Instantiating /home/travis/build/icyphy/ptII/ptolemy/actor/lib/test/auto/Clock23.xml
8 ms. Memory: 876032K Free: 139105K (16%)
----------------- Invoking toplevel() on ptolemy.moml.MoMLSimpleApplication@d0d8995
----------------- Done invoking toplevel() on ptolemy.moml.MoMLSimpleApplication@d0d8995
reloadAllAccessors: .Clock23

===========================================================================================
----------------- testing Fri Jul 27 01:41:11 UTC 2018 /home/travis/build/icyphy/ptII/ptolemy/actor/lib/test/auto/Clock24.xml
----------------- Instantiating /home/travis/build/icyphy/ptII/ptolemy/actor/lib/test/auto/Clock24.xml
6 ms. Memory: 876032K Free: 123550K (14%)
----------------- Invoking toplevel() on ptolemy.moml.MoMLSimpleApplication@2ce67ee5
----------------- Done invoking toplevel() on ptolemy.moml.MoMLSimpleApplication@2ce67ee5
reloadAllAccessors: .Clock24

===========================================================================================
----------------- testing Fri Jul 27 01:41:11 UTC 2018 /home/travis/build/icyphy/ptII/ptolemy/actor/lib/test/auto/Clock4.xml
----------------- Instantiating /home/travis/build/icyphy/ptII/ptolemy/actor/lib/test/auto/Clock4.xml
6 ms. Memory: 876032K Free: 107996K (12%)
----------------- Invoking toplevel() on ptolemy.moml.MoMLSimpleApplication@1fe58368
----------------- Done invoking toplevel() on ptolemy.moml.MoMLSimpleApplication@1fe58368
reloadAllAccessors: .Clock4

===========================================================================================
----------------- testing Fri Jul 27 01:41:11 UTC 2018 /home/travis/build/icyphy/ptII/ptolemy/actor/lib/test/auto/Clock5.xml
----------------- Instantiating /home/travis/build/icyphy/ptII/ptolemy/actor/lib/test/auto/Clock5.xml
2 ms. Memory: 876032K Free: 82094K (9%)
----------------- Invoking toplevel() on ptolemy.moml.MoMLSimpleApplication@6c57892a
----------------- Done invoking toplevel() on ptolemy.moml.MoMLSimpleApplication@6c57892a
reloadAllAccessors: .Clock5

===========================================================================================
----------------- testing Fri Jul 27 01:41:11 UTC 2018 /home/travis/build/icyphy/ptII/ptolemy/actor/lib/test/auto/Clock6.xml
----------------- Instantiating /home/travis/build/icyphy/ptII/ptolemy/actor/lib/test/auto/Clock6.xml
2 ms. Memory: 876032K Free: 66540K (8%)
----------------- Invoking toplevel() on ptolemy.moml.MoMLSimpleApplication@245810ce
----------------- Done invoking toplevel() on ptolemy.moml.MoMLSimpleApplication@245810ce
reloadAllAccessors: .Clock6

===========================================================================================
----------------- testing Fri Jul 27 01:41:11 UTC 2018 /home/travis/build/icyphy/ptII/ptolemy/actor/lib/test/auto/Clock7.xml
----------------- Instantiating /home/travis/build/icyphy/ptII/ptolemy/actor/lib/test/auto/Clock7.xml
28 ms. Memory: 877056K Free: 831130K (95%)
----------------- Invoking toplevel() on ptolemy.moml.MoMLSimpleApplication@17e46e9d
----------------- Done invoking toplevel() on ptolemy.moml.MoMLSimpleApplication@17e46e9d
reloadAllAccessors: .Clock7

===========================================================================================
----------------- testing Fri Jul 27 01:41:11 UTC 2018 /home/travis/build/icyphy/ptII/ptolemy/actor/lib/test/auto/Clock8.xml
----------------- Instantiating /home/travis/build/icyphy/ptII/ptolemy/actor/lib/test/auto/Clock8.xml
3 ms. Memory: 877056K Free: 809555K (92%)
----------------- Invoking toplevel() on ptolemy.moml.MoMLSimpleApplication@2db6be6e
----------------- Done invoking toplevel() on ptolemy.moml.MoMLSimpleApplication@2db6be6e
reloadAllAccessors: .Clock8

===========================================================================================
----------------- testing Fri Jul 27 01:41:11 UTC 2018 /home/travis/build/icyphy/ptII/ptolemy/actor/lib/test/auto/Clock9.xml
----------------- Instantiating /home/travis/build/icyphy/ptII/ptolemy/actor/lib/test/auto/Clock9.xml
3 ms. Memory: 877056K Free: 799185K (91%)
----------------- Invoking toplevel() on ptolemy.moml.MoMLSimpleApplication@5590e856
----------------- Done invoking toplevel() on ptolemy.moml.MoMLSimpleApplication@5590e856
reloadAllAccessors: .Clock9

===========================================================================================
----------------- testing Fri Jul 27 01:41:11 UTC 2018 /home/travis/build/icyphy/ptII/ptolemy/actor/lib/test/auto/CommDistDiscard.xml
----------------- Instantiating /home/travis/build/icyphy/ptII/ptolemy/actor/lib/test/auto/CommDistDiscard.xml
4 ms. Memory: 877056K Free: 788654K (90%)
----------------- Invoking toplevel() on ptolemy.moml.MoMLSimpleApplication@5944a528
----------------- Done invoking toplevel() on ptolemy.moml.MoMLSimpleApplication@5944a528
reloadAllAccessors: .CommDistDiscard

===========================================================================================
----------------- testing Fri Jul 27 01:41:11 UTC 2018 /home/travis/build/icyphy/ptII/ptolemy/actor/lib/test/auto/Commutator.xml
----------------- Instantiating /home/travis/build/icyphy/ptII/ptolemy/actor/lib/test/auto/Commutator.xml
1 ms. Memory: 877056K Free: 770967K (88%)
----------------- Invoking toplevel() on ptolemy.moml.MoMLSimpleApplication@49da1e75
----------------- Done invoking toplevel() on ptolemy.moml.MoMLSimpleApplication@49da1e75
reloadAllAccessors: .Commutator

===========================================================================================
----------------- testing Fri Jul 27 01:41:11 UTC 2018 /home/travis/build/icyphy/ptII/ptolemy/actor/lib/test/auto/Commutator2.xml
----------------- Instantiating /home/travis/build/icyphy/ptII/ptolemy/actor/lib/test/auto/Commutator2.xml
2 ms. Memory: 877056K Free: 760597K (87%)
----------------- Invoking toplevel() on ptolemy.moml.MoMLSimpleApplication@1c8736c
----------------- Done invoking toplevel() on ptolemy.moml.MoMLSimpleApplication@1c8736c
reloadAllAccessors: .Commutator2

===========================================================================================
----------------- testing Fri Jul 27 01:41:11 UTC 2018 /home/travis/build/icyphy/ptII/ptolemy/actor/lib/test/auto/Commutator3.xml
----------------- Instantiating /home/travis/build/icyphy/ptII/ptolemy/actor/lib/test/auto/Commutator3.xml
2 ms. Memory: 877056K Free: 750227K (86%)
----------------- Invoking toplevel() on ptolemy.moml.MoMLSimpleApplication@cf81d8c
----------------- Done invoking toplevel() on ptolemy.moml.MoMLSimpleApplication@cf81d8c
reloadAllAccessors: .Commutator3

===========================================================================================
----------------- testing Fri Jul 27 01:41:11 UTC 2018 /home/travis/build/icyphy/ptII/ptolemy/actor/lib/test/auto/Compare.xml
----------------- Instantiating /home/travis/build/icyphy/ptII/ptolemy/actor/lib/test/auto/Compare.xml
2 ms. Memory: 877056K Free: 732540K (84%)
----------------- Invoking toplevel() on ptolemy.moml.MoMLSimpleApplication@1aa5e2d4
----------------- Done invoking toplevel() on ptolemy.moml.MoMLSimpleApplication@1aa5e2d4
reloadAllAccessors: .Compare

===========================================================================================
----------------- testing Fri Jul 27 01:41:11 UTC 2018 /home/travis/build/icyphy/ptII/ptolemy/actor/lib/test/auto/CompareDE.xml
----------------- Instantiating /home/travis/build/icyphy/ptII/ptolemy/actor/lib/test/auto/CompareDE.xml
6 ms. Memory: 877056K Free: 722171K (82%)
----------------- Invoking toplevel() on ptolemy.moml.MoMLSimpleApplication@31d22709
----------------- Done invoking toplevel() on ptolemy.moml.MoMLSimpleApplication@31d22709
reloadAllAccessors: .CompareDE

===========================================================================================
----------------- testing Fri Jul 27 01:41:11 UTC 2018 /home/travis/build/icyphy/ptII/ptolemy/actor/lib/test/auto/ComplexDivide.xml
----------------- Instantiating /home/travis/build/icyphy/ptII/ptolemy/actor/lib/test/auto/ComplexDivide.xml
1 ms. Memory: 877056K Free: 711801K (81%)
----------------- Invoking toplevel() on ptolemy.moml.MoMLSimpleApplication@4913963a
----------------- Done invoking toplevel() on ptolemy.moml.MoMLSimpleApplication@4913963a
reloadAllAccessors: .ComplexDivide

===========================================================================================
----------------- testing Fri Jul 27 01:41:11 UTC 2018 /home/travis/build/icyphy/ptII/ptolemy/actor/lib/test/auto/ComputeHistogram.xml
----------------- Instantiating /home/travis/build/icyphy/ptII/ptolemy/actor/lib/test/auto/ComputeHistogram.xml
31 ms. Memory: 877056K Free: 688929K (79%)
----------------- Invoking toplevel() on ptolemy.moml.MoMLSimpleApplication@4357362a
----------------- Done invoking toplevel() on ptolemy.moml.MoMLSimpleApplication@4357362a
reloadAllAccessors: .ComputeHistogram

===========================================================================================
----------------- testing Fri Jul 27 01:41:11 UTC 2018 /home/travis/build/icyphy/ptII/ptolemy/actor/lib/test/auto/ConfigurationSelect.xml
----------------- Instantiating /home/travis/build/icyphy/ptII/ptolemy/actor/lib/test/auto/ConfigurationSelect.xml
4 ms. Memory: 877056K Free: 678559K (77%)
----------------- Invoking toplevel() on ptolemy.moml.MoMLSimpleApplication@69c68b77
----------------- Done invoking toplevel() on ptolemy.moml.MoMLSimpleApplication@69c68b77
reloadAllAccessors: .ConfigurationSelect

===========================================================================================
----------------- testing Fri Jul 27 01:41:11 UTC 2018 /home/travis/build/icyphy/ptII/ptolemy/actor/lib/test/auto/ConfigurationSelect2.xml
----------------- Instantiating /home/travis/build/icyphy/ptII/ptolemy/actor/lib/test/auto/ConfigurationSelect2.xml
2 ms. Memory: 877056K Free: 668190K (76%)
----------------- Invoking toplevel() on ptolemy.moml.MoMLSimpleApplication@6c92f748
----------------- Done invoking toplevel() on ptolemy.moml.MoMLSimpleApplication@6c92f748
reloadAllAccessors: .ConfigurationSelect2

===========================================================================================
----------------- testing Fri Jul 27 01:41:11 UTC 2018 /home/travis/build/icyphy/ptII/ptolemy/actor/lib/test/auto/ConfigurationSwitch.xml
----------------- Instantiating /home/travis/build/icyphy/ptII/ptolemy/actor/lib/test/auto/ConfigurationSwitch.xml
2 ms. Memory: 877056K Free: 650503K (74%)
----------------- Invoking toplevel() on ptolemy.moml.MoMLSimpleApplication@1c0250cc
----------------- Done invoking toplevel() on ptolemy.moml.MoMLSimpleApplication@1c0250cc
reloadAllAccessors: .ConfigurationSwitch

===========================================================================================
----------------- testing Fri Jul 27 01:41:11 UTC 2018 /home/travis/build/icyphy/ptII/ptolemy/actor/lib/test/auto/ConfigurationSwitch2.xml
----------------- Instantiating /home/travis/build/icyphy/ptII/ptolemy/actor/lib/test/auto/ConfigurationSwitch2.xml
4 ms. Memory: 877056K Free: 640133K (73%)
----------------- Invoking toplevel() on ptolemy.moml.MoMLSimpleApplication@5fe40afd
----------------- Done invoking toplevel() on ptolemy.moml.MoMLSimpleApplication@5fe40afd
reloadAllAccessors: .ConfigurationSwitch2

===========================================================================================
----------------- testing Fri Jul 27 01:41:11 UTC 2018 /home/travis/build/icyphy/ptII/ptolemy/actor/lib/test/auto/ConfigurationSwitchCloningBugWithClassRelationGroup.xml
----------------- Instantiating /home/travis/build/icyphy/ptII/ptolemy/actor/lib/test/auto/ConfigurationSwitchCloningBugWithClassRelationGroup.xml
1 ms. Memory: 877056K Free: 629763K (72%)
----------------- Invoking toplevel() on ptolemy.moml.MoMLSimpleApplication@4b3b6b64
----------------- Done invoking toplevel() on ptolemy.moml.MoMLSimpleApplication@4b3b6b64
reloadAllAccessors: .ConfigurationSwitchCloningBugWithClassRelationGroup

===========================================================================================
----------------- testing Fri Jul 27 01:41:12 UTC 2018 /home/travis/build/icyphy/ptII/ptolemy/actor/lib/test/auto/ConfigurationSwitchSelectSDF.xml
----------------- Instantiating /home/travis/build/icyphy/ptII/ptolemy/actor/lib/test/auto/ConfigurationSwitchSelectSDF.xml
2 ms. Memory: 877056K Free: 619394K (71%)
----------------- Invoking toplevel() on ptolemy.moml.MoMLSimpleApplication@62fd1f0
----------------- Done invoking toplevel() on ptolemy.moml.MoMLSimpleApplication@62fd1f0
reloadAllAccessors: .ConfigurationSwitchSelectSDF

===========================================================================================
----------------- testing Fri Jul 27 01:41:12 UTC 2018 /home/travis/build/icyphy/ptII/ptolemy/actor/lib/test/auto/ConfigurationSwitchSelectSDF2.xml
----------------- Instantiating /home/travis/build/icyphy/ptII/ptolemy/actor/lib/test/auto/ConfigurationSwitchSelectSDF2.xml
3 ms. Memory: 877056K Free: 601707K (69%)
----------------- Invoking toplevel() on ptolemy.moml.MoMLSimpleApplication@4de01f1c
----------------- Done invoking toplevel() on ptolemy.moml.MoMLSimpleApplication@4de01f1c
reloadAllAccessors: .ConfigurationSwitchSelectSDF2

===========================================================================================
----------------- testing Fri Jul 27 01:41:12 UTC 2018 /home/travis/build/icyphy/ptII/ptolemy/actor/lib/test/auto/Const.xml
----------------- Instantiating /home/travis/build/icyphy/ptII/ptolemy/actor/lib/test/auto/Const.xml
1 ms. Memory: 877056K Free: 591337K (67%)
----------------- Invoking toplevel() on ptolemy.moml.MoMLSimpleApplication@4c32335a
----------------- Done invoking toplevel() on ptolemy.moml.MoMLSimpleApplication@4c32335a
reloadAllAccessors: .Const

===========================================================================================
----------------- testing Fri Jul 27 01:41:12 UTC 2018 /home/travis/build/icyphy/ptII/ptolemy/actor/lib/test/auto/Const2.xml
----------------- Instantiating /home/travis/build/icyphy/ptII/ptolemy/actor/lib/test/auto/Const2.xml
1 ms. Memory: 877056K Free: 580967K (66%)
----------------- Invoking toplevel() on ptolemy.moml.MoMLSimpleApplication@367e0951
----------------- Done invoking toplevel() on ptolemy.moml.MoMLSimpleApplication@367e0951
reloadAllAccessors: .Const2

===========================================================================================
----------------- testing Fri Jul 27 01:41:12 UTC 2018 /home/travis/build/icyphy/ptII/ptolemy/actor/lib/test/auto/Const3.xml
----------------- Instantiating /home/travis/build/icyphy/ptII/ptolemy/actor/lib/test/auto/Const3.xml
2 ms. Memory: 877056K Free: 563280K (64%)
----------------- Invoking toplevel() on ptolemy.moml.MoMLSimpleApplication@41e8438d
----------------- Done invoking toplevel() on ptolemy.moml.MoMLSimpleApplication@41e8438d
reloadAllAccessors: .Const3

===========================================================================================
----------------- testing Fri Jul 27 01:41:12 UTC 2018 /home/travis/build/icyphy/ptII/ptolemy/actor/lib/test/auto/ConstantPublisherPort1.xml
----------------- Instantiating /home/travis/build/icyphy/ptII/ptolemy/actor/lib/test/auto/ConstantPublisherPort1.xml
7 ms. Memory: 877056K Free: 547709K (62%)
----------------- Invoking toplevel() on ptolemy.moml.MoMLSimpleApplication@3e70f4a3
----------------- Done invoking toplevel() on ptolemy.moml.MoMLSimpleApplication@3e70f4a3
reloadAllAccessors: .ConstantPublisherPort1

===========================================================================================
----------------- testing Fri Jul 27 01:41:12 UTC 2018 /home/travis/build/icyphy/ptII/ptolemy/actor/lib/test/auto/ConstantPublisherPort2.xml
----------------- Instantiating /home/travis/build/icyphy/ptII/ptolemy/actor/lib/test/auto/ConstantPublisherPort2.xml
8 ms. Memory: 877056K Free: 537340K (61%)
----------------- Invoking toplevel() on ptolemy.moml.MoMLSimpleApplication@2ef101bf
----------------- Done invoking toplevel() on ptolemy.moml.MoMLSimpleApplication@2ef101bf
reloadAllAccessors: .ConstantPublisherPort2

===========================================================================================
----------------- testing Fri Jul 27 01:41:12 UTC 2018 /home/travis/build/icyphy/ptII/ptolemy/actor/lib/test/auto/ConstantPublisherPort3.xml
----------------- Instantiating /home/travis/build/icyphy/ptII/ptolemy/actor/lib/test/auto/ConstantPublisherPort3.xml
5 ms. Memory: 877056K Free: 514468K (59%)
----------------- Invoking toplevel() on ptolemy.moml.MoMLSimpleApplication@575b77c1
----------------- Done invoking toplevel() on ptolemy.moml.MoMLSimpleApplication@575b77c1
reloadAllAccessors: .ConstantPublisherPort3

===========================================================================================
----------------- testing Fri Jul 27 01:41:12 UTC 2018 /home/travis/build/icyphy/ptII/ptolemy/actor/lib/test/auto/ConstantPublisherPort4.xml
----------------- Instantiating /home/travis/build/icyphy/ptII/ptolemy/actor/lib/test/auto/ConstantPublisherPort4.xml
5 ms. Memory: 877056K Free: 504098K (57%)
----------------- Invoking toplevel() on ptolemy.moml.MoMLSimpleApplication@53defb45
----------------- Done invoking toplevel() on ptolemy.moml.MoMLSimpleApplication@53defb45
reloadAllAccessors: .ConstantPublisherPort4

===========================================================================================
----------------- testing Fri Jul 27 01:41:12 UTC 2018 /home/travis/build/icyphy/ptII/ptolemy/actor/lib/test/auto/ConstantPublisherPort5.xml
----------------- Instantiating /home/travis/build/icyphy/ptII/ptolemy/actor/lib/test/auto/ConstantPublisherPort5.xml
22 ms. Memory: 877056K Free: 478166K (55%)
----------------- Invoking toplevel() on ptolemy.moml.MoMLSimpleApplication@38700248
----------------- Done invoking toplevel() on ptolemy.moml.MoMLSimpleApplication@38700248
reloadAllAccessors: .ConstantPublisherPort5

===========================================================================================
----------------- testing Fri Jul 27 01:41:12 UTC 2018 /home/travis/build/icyphy/ptII/ptolemy/actor/lib/test/auto/ConstantPublisherPort6.xml
----------------- Instantiating /home/travis/build/icyphy/ptII/ptolemy/actor/lib/test/auto/ConstantPublisherPort6.xml
20 ms. Memory: 877056K Free: 444924K (51%)
----------------- Invoking toplevel() on ptolemy.moml.MoMLSimpleApplication@5ccd6701
----------------- Done invoking toplevel() on ptolemy.moml.MoMLSimpleApplication@5ccd6701
reloadAllAccessors: .ConstantPublisherPort6

===========================================================================================
----------------- testing Fri Jul 27 01:41:12 UTC 2018 /home/travis/build/icyphy/ptII/ptolemy/actor/lib/test/auto/ConstantPublisherPort7.xml
----------------- Instantiating /home/travis/build/icyphy/ptII/ptolemy/actor/lib/test/auto/ConstantPublisherPort7.xml
12 ms. Memory: 877056K Free: 419000K (48%)
----------------- Invoking toplevel() on ptolemy.moml.MoMLSimpleApplication@59a959fb
----------------- Done invoking toplevel() on ptolemy.moml.MoMLSimpleApplication@59a959fb
reloadAllAccessors: .ConstantPublisherPort7

===========================================================================================
----------------- testing Fri Jul 27 01:41:12 UTC 2018 /home/travis/build/icyphy/ptII/ptolemy/actor/lib/test/auto/ConstraintMonitor1.xml
----------------- Instantiating /home/travis/build/icyphy/ptII/ptolemy/actor/lib/test/auto/ConstraintMonitor1.xml
8 ms. Memory: 877056K Free: 408630K (47%)
----------------- Invoking toplevel() on ptolemy.moml.MoMLSimpleApplication@2b386222
----------------- Done invoking toplevel() on ptolemy.moml.MoMLSimpleApplication@2b386222
reloadAllAccessors: .ConstraintMonitor1

===========================================================================================
----------------- testing Fri Jul 27 01:41:12 UTC 2018 /home/travis/build/icyphy/ptII/ptolemy/actor/lib/test/auto/ConstraintMonitor2.xml
----------------- Instantiating /home/travis/build/icyphy/ptII/ptolemy/actor/lib/test/auto/ConstraintMonitor2.xml
5 ms. Memory: 877056K Free: 390943K (45%)
----------------- Invoking toplevel() on ptolemy.moml.MoMLSimpleApplication@18a3a9ee
----------------- Done invoking toplevel() on ptolemy.moml.MoMLSimpleApplication@18a3a9ee
reloadAllAccessors: .ConstraintMonitor2

===========================================================================================
----------------- testing Fri Jul 27 01:41:12 UTC 2018 /home/travis/build/icyphy/ptII/ptolemy/actor/lib/test/auto/ConstraintMonitor3.xml
----------------- Instantiating /home/travis/build/icyphy/ptII/ptolemy/actor/lib/test/auto/ConstraintMonitor3.xml
6 ms. Memory: 877056K Free: 380573K (43%)
----------------- Invoking toplevel() on ptolemy.moml.MoMLSimpleApplication@571d3d39
----------------- Done invoking toplevel() on ptolemy.moml.MoMLSimpleApplication@571d3d39
reloadAllAccessors: .ConstraintMonitor3

===========================================================================================
----------------- testing Fri Jul 27 01:41:12 UTC 2018 /home/travis/build/icyphy/ptII/ptolemy/actor/lib/test/auto/ConstraintMonitor4.xml
----------------- Instantiating /home/travis/build/icyphy/ptII/ptolemy/actor/lib/test/auto/ConstraintMonitor4.xml
7 ms. Memory: 877056K Free: 370204K (42%)
----------------- Invoking toplevel() on ptolemy.moml.MoMLSimpleApplication@5e238dd7
----------------- Done invoking toplevel() on ptolemy.moml.MoMLSimpleApplication@5e238dd7
reloadAllAccessors: .ConstraintMonitor4

===========================================================================================
----------------- testing Fri Jul 27 01:41:12 UTC 2018 /home/travis/build/icyphy/ptII/ptolemy/actor/lib/test/auto/ConstraintMonitor5.xml
----------------- Instantiating /home/travis/build/icyphy/ptII/ptolemy/actor/lib/test/auto/ConstraintMonitor5.xml
6 ms. Memory: 877056K Free: 359834K (41%)
----------------- Invoking toplevel() on ptolemy.moml.MoMLSimpleApplication@5d92fd08
----------------- Done invoking toplevel() on ptolemy.moml.MoMLSimpleApplication@5d92fd08
reloadAllAccessors: .ConstraintMonitor5

===========================================================================================
----------------- testing Fri Jul 27 01:41:12 UTC 2018 /home/travis/build/icyphy/ptII/ptolemy/actor/lib/test/auto/ConstraintMonitor6.xml
----------------- Instantiating /home/travis/build/icyphy/ptII/ptolemy/actor/lib/test/auto/ConstraintMonitor6.xml
7 ms. Memory: 877056K Free: 342147K (39%)
----------------- Invoking toplevel() on ptolemy.moml.MoMLSimpleApplication@2c1f2fc2
----------------- Done invoking toplevel() on ptolemy.moml.MoMLSimpleApplication@2c1f2fc2
reloadAllAccessors: .ConstraintMonitor6

===========================================================================================
----------------- testing Fri Jul 27 01:41:12 UTC 2018 /home/travis/build/icyphy/ptII/ptolemy/actor/lib/test/auto/ConstraintMonitor7.xml
----------------- Instantiating /home/travis/build/icyphy/ptII/ptolemy/actor/lib/test/auto/ConstraintMonitor7.xml
7 ms. Memory: 877056K Free: 331777K (38%)
----------------- Invoking toplevel() on ptolemy.moml.MoMLSimpleApplication@6f866f2a
----------------- Done invoking toplevel() on ptolemy.moml.MoMLSimpleApplication@6f866f2a
reloadAllAccessors: .ConstraintMonitor7

===========================================================================================
----------------- testing Fri Jul 27 01:41:12 UTC 2018 /home/travis/build/icyphy/ptII/ptolemy/actor/lib/test/auto/ConstraintMonitor8.xml
----------------- Instantiating /home/travis/build/icyphy/ptII/ptolemy/actor/lib/test/auto/ConstraintMonitor8.xml
2 ms. Memory: 877056K Free: 321407K (37%)
----------------- Invoking toplevel() on ptolemy.moml.MoMLSimpleApplication@9638e9e
----------------- Done invoking toplevel() on ptolemy.moml.MoMLSimpleApplication@9638e9e
reloadAllAccessors: .ConstraintMonitor8

===========================================================================================
----------------- testing Fri Jul 27 01:41:12 UTC 2018 /home/travis/build/icyphy/ptII/ptolemy/actor/lib/test/auto/Counter.xml
----------------- Instantiating /home/travis/build/icyphy/ptII/ptolemy/actor/lib/test/auto/Counter.xml
2 ms. Memory: 877056K Free: 303720K (35%)
----------------- Invoking toplevel() on ptolemy.moml.MoMLSimpleApplication@50510ec2
----------------- Done invoking toplevel() on ptolemy.moml.MoMLSimpleApplication@50510ec2
reloadAllAccessors: .Counter

===========================================================================================
----------------- testing Fri Jul 27 01:41:12 UTC 2018 /home/travis/build/icyphy/ptII/ptolemy/actor/lib/test/auto/CurrentTimeSDF.xml
----------------- Instantiating /home/travis/build/icyphy/ptII/ptolemy/actor/lib/test/auto/CurrentTimeSDF.xml
1 ms. Memory: 877056K Free: 293351K (33%)
----------------- Invoking toplevel() on ptolemy.moml.MoMLSimpleApplication@2e90302f
----------------- Done invoking toplevel() on ptolemy.moml.MoMLSimpleApplication@2e90302f
reloadAllAccessors: .CurrentTimeSDF

===========================================================================================
----------------- testing Fri Jul 27 01:41:12 UTC 2018 /home/travis/build/icyphy/ptII/ptolemy/actor/lib/test/auto/DB.xml
----------------- Instantiating /home/travis/build/icyphy/ptII/ptolemy/actor/lib/test/auto/DB.xml
2 ms. Memory: 877056K Free: 282981K (32%)
----------------- Invoking toplevel() on ptolemy.moml.MoMLSimpleApplication@dfb7ef1
----------------- Done invoking toplevel() on ptolemy.moml.MoMLSimpleApplication@dfb7ef1
reloadAllAccessors: .DB

===========================================================================================
----------------- testing Fri Jul 27 01:41:12 UTC 2018 /home/travis/build/icyphy/ptII/ptolemy/actor/lib/test/auto/DBDE.xml
----------------- Instantiating /home/travis/build/icyphy/ptII/ptolemy/actor/lib/test/auto/DBDE.xml
2 ms. Memory: 877056K Free: 265294K (30%)
----------------- Invoking toplevel() on ptolemy.moml.MoMLSimpleApplication@2bb36c6e
----------------- Done invoking toplevel() on ptolemy.moml.MoMLSimpleApplication@2bb36c6e
reloadAllAccessors: .DBDE

===========================================================================================
----------------- testing Fri Jul 27 01:41:12 UTC 2018 /home/travis/build/icyphy/ptII/ptolemy/actor/lib/test/auto/DateConstructor.xml
----------------- Instantiating /home/travis/build/icyphy/ptII/ptolemy/actor/lib/test/auto/DateConstructor.xml
11 ms. Memory: 877056K Free: 244554K (28%)
----------------- Invoking toplevel() on ptolemy.moml.MoMLSimpleApplication@23ebfa75
----------------- Done invoking toplevel() on ptolemy.moml.MoMLSimpleApplication@23ebfa75
reloadAllAccessors: .DateConstructor

===========================================================================================
----------------- testing Fri Jul 27 01:41:12 UTC 2018 /home/travis/build/icyphy/ptII/ptolemy/actor/lib/test/auto/DelayTime.xml
----------------- Instantiating /home/travis/build/icyphy/ptII/ptolemy/actor/lib/test/auto/DelayTime.xml
3 ms. Memory: 877056K Free: 234185K (27%)
----------------- Invoking toplevel() on ptolemy.moml.MoMLSimpleApplication@642552d3
----------------- Done invoking toplevel() on ptolemy.moml.MoMLSimpleApplication@642552d3
reloadAllAccessors: .DelayTime

===========================================================================================
----------------- testing Fri Jul 27 01:41:12 UTC 2018 /home/travis/build/icyphy/ptII/ptolemy/actor/lib/test/auto/Dictionary1.xml
----------------- Instantiating /home/travis/build/icyphy/ptII/ptolemy/actor/lib/test/auto/Dictionary1.xml
1 ms. Memory: 877056K Free: 216498K (25%)
----------------- Invoking toplevel() on ptolemy.moml.MoMLSimpleApplication@3591278e
----------------- Done invoking toplevel() on ptolemy.moml.MoMLSimpleApplication@3591278e
reloadAllAccessors: .Dictionary1

===========================================================================================
----------------- testing Fri Jul 27 01:41:12 UTC 2018 /home/travis/build/icyphy/ptII/ptolemy/actor/lib/test/auto/Dictionary2.xml
----------------- Instantiating /home/travis/build/icyphy/ptII/ptolemy/actor/lib/test/auto/Dictionary2.xml
1 ms. Memory: 877056K Free: 206128K (24%)
----------------- Invoking toplevel() on ptolemy.moml.MoMLSimpleApplication@35043deb
----------------- Done invoking toplevel() on ptolemy.moml.MoMLSimpleApplication@35043deb
reloadAllAccessors: .Dictionary2

===========================================================================================
----------------- testing Fri Jul 27 01:41:12 UTC 2018 /home/travis/build/icyphy/ptII/ptolemy/actor/lib/test/auto/Dictionary3.xml
----------------- Instantiating /home/travis/build/icyphy/ptII/ptolemy/actor/lib/test/auto/Dictionary3.xml
2 ms. Memory: 877056K Free: 195758K (22%)
----------------- Invoking toplevel() on ptolemy.moml.MoMLSimpleApplication@1f88375f
----------------- Done invoking toplevel() on ptolemy.moml.MoMLSimpleApplication@1f88375f
reloadAllAccessors: .Dictionary3

===========================================================================================
----------------- testing Fri Jul 27 01:41:12 UTC 2018 /home/travis/build/icyphy/ptII/ptolemy/actor/lib/test/auto/Dictionary4.xml
----------------- Instantiating /home/travis/build/icyphy/ptII/ptolemy/actor/lib/test/auto/Dictionary4.xml
3 ms. Memory: 877056K Free: 178072K (20%)
----------------- Invoking toplevel() on ptolemy.moml.MoMLSimpleApplication@71b83c78
----------------- Done invoking toplevel() on ptolemy.moml.MoMLSimpleApplication@71b83c78
reloadAllAccessors: .Dictionary4

===========================================================================================
----------------- testing Fri Jul 27 01:41:12 UTC 2018 /home/travis/build/icyphy/ptII/ptolemy/actor/lib/test/auto/Differential.xml
----------------- Instantiating /home/travis/build/icyphy/ptII/ptolemy/actor/lib/test/auto/Differential.xml
2 ms. Memory: 877056K Free: 167702K (19%)
----------------- Invoking toplevel() on ptolemy.moml.MoMLSimpleApplication@5f5a5f7e
----------------- Done invoking toplevel() on ptolemy.moml.MoMLSimpleApplication@5f5a5f7e
reloadAllAccessors: .Differential

===========================================================================================
----------------- testing Fri Jul 27 01:41:12 UTC 2018 /home/travis/build/icyphy/ptII/ptolemy/actor/lib/test/auto/Director.xml
----------------- Instantiating /home/travis/build/icyphy/ptII/ptolemy/actor/lib/test/auto/Director.xml
2 ms. Memory: 877056K Free: 157332K (18%)
----------------- Invoking toplevel() on ptolemy.moml.MoMLSimpleApplication@5786b4c0
----------------- Done invoking toplevel() on ptolemy.moml.MoMLSimpleApplication@5786b4c0
reloadAllAccessors: .Director

===========================================================================================
----------------- testing Fri Jul 27 01:41:12 UTC 2018 /home/travis/build/icyphy/ptII/ptolemy/actor/lib/test/auto/DiscreteClock.xml
----------------- Instantiating /home/travis/build/icyphy/ptII/ptolemy/actor/lib/test/auto/DiscreteClock.xml
2 ms. Memory: 877056K Free: 139646K (16%)
----------------- Invoking toplevel() on ptolemy.moml.MoMLSimpleApplication@5a4d6f37
----------------- Done invoking toplevel() on ptolemy.moml.MoMLSimpleApplication@5a4d6f37
reloadAllAccessors: .DiscreteClock

===========================================================================================
----------------- testing Fri Jul 27 01:41:12 UTC 2018 /home/travis/build/icyphy/ptII/ptolemy/actor/lib/test/auto/DiscreteClock10.xml
----------------- Instantiating /home/travis/build/icyphy/ptII/ptolemy/actor/lib/test/auto/DiscreteClock10.xml
1 ms. Memory: 877056K Free: 129276K (15%)
----------------- Invoking toplevel() on ptolemy.moml.MoMLSimpleApplication@1857ccb4
----------------- Done invoking toplevel() on ptolemy.moml.MoMLSimpleApplication@1857ccb4
reloadAllAccessors: .DiscreteClock10

===========================================================================================
----------------- testing Fri Jul 27 01:41:12 UTC 2018 /home/travis/build/icyphy/ptII/ptolemy/actor/lib/test/auto/DiscreteClock11.xml
----------------- Instantiating /home/travis/build/icyphy/ptII/ptolemy/actor/lib/test/auto/DiscreteClock11.xml
2 ms. Memory: 877056K Free: 118906K (14%)
----------------- Invoking toplevel() on ptolemy.moml.MoMLSimpleApplication@15ccb9f9
----------------- Done invoking toplevel() on ptolemy.moml.MoMLSimpleApplication@15ccb9f9
reloadAllAccessors: .DiscreteClock11

===========================================================================================
----------------- testing Fri Jul 27 01:41:12 UTC 2018 /home/travis/build/icyphy/ptII/ptolemy/actor/lib/test/auto/DiscreteClock12.xml
----------------- Instantiating /home/travis/build/icyphy/ptII/ptolemy/actor/lib/test/auto/DiscreteClock12.xml
2 ms. Memory: 877056K Free: 108536K (12%)
----------------- Invoking toplevel() on ptolemy.moml.MoMLSimpleApplication@309a2d3a
----------------- Done invoking toplevel() on ptolemy.moml.MoMLSimpleApplication@309a2d3a
reloadAllAccessors: .DiscreteClock12

===========================================================================================
----------------- testing Fri Jul 27 01:41:12 UTC 2018 /home/travis/build/icyphy/ptII/ptolemy/actor/lib/test/auto/DiscreteClock13.xml
----------------- Instantiating /home/travis/build/icyphy/ptII/ptolemy/actor/lib/test/auto/DiscreteClock13.xml
6 ms. Memory: 877056K Free: 90849K (10%)
----------------- Invoking toplevel() on ptolemy.moml.MoMLSimpleApplication@2e3181a0
----------------- Done invoking toplevel() on ptolemy.moml.MoMLSimpleApplication@2e3181a0
reloadAllAccessors: .DiscreteClock13

===========================================================================================
----------------- testing Fri Jul 27 01:41:12 UTC 2018 /home/travis/build/icyphy/ptII/ptolemy/actor/lib/test/auto/DiscreteClock14.xml
----------------- Instantiating /home/travis/build/icyphy/ptII/ptolemy/actor/lib/test/auto/DiscreteClock14.xml
7 ms. Memory: 877056K Free: 80480K (9%)
----------------- Invoking toplevel() on ptolemy.moml.MoMLSimpleApplication@2dd716a6
----------------- Done invoking toplevel() on ptolemy.moml.MoMLSimpleApplication@2dd716a6
reloadAllAccessors: .DiscreteClock14

===========================================================================================
----------------- testing Fri Jul 27 01:41:12 UTC 2018 /home/travis/build/icyphy/ptII/ptolemy/actor/lib/test/auto/DiscreteClock15.xml
----------------- Instantiating /home/travis/build/icyphy/ptII/ptolemy/actor/lib/test/auto/DiscreteClock15.xml
7 ms. Memory: 877056K Free: 70110K (8%)
----------------- Invoking toplevel() on ptolemy.moml.MoMLSimpleApplication@7ed5d5ca
----------------- Done invoking toplevel() on ptolemy.moml.MoMLSimpleApplication@7ed5d5ca
reloadAllAccessors: .DiscreteClock15

===========================================================================================
----------------- testing Fri Jul 27 01:41:12 UTC 2018 /home/travis/build/icyphy/ptII/ptolemy/actor/lib/test/auto/DiscreteClock16.xml
----------------- Instantiating /home/travis/build/icyphy/ptII/ptolemy/actor/lib/test/auto/DiscreteClock16.xml
9 ms. Memory: 1344512K Free: 1271923K (95%)
----------------- Invoking toplevel() on ptolemy.moml.MoMLSimpleApplication@6e478ab
----------------- Done invoking toplevel() on ptolemy.moml.MoMLSimpleApplication@6e478ab
reloadAllAccessors: .DiscreteClock16

===========================================================================================
----------------- testing Fri Jul 27 01:41:12 UTC 2018 /home/travis/build/icyphy/ptII/ptolemy/actor/lib/test/auto/DiscreteClock17.xml
----------------- Instantiating /home/travis/build/icyphy/ptII/ptolemy/actor/lib/test/auto/DiscreteClock17.xml
14 ms. Memory: 1344512K Free: 1237951K (92%)
----------------- Invoking toplevel() on ptolemy.moml.MoMLSimpleApplication@3c295ff
----------------- Done invoking toplevel() on ptolemy.moml.MoMLSimpleApplication@3c295ff
reloadAllAccessors: .DiscreteClock17

===========================================================================================
----------------- testing Fri Jul 27 01:41:12 UTC 2018 /home/travis/build/icyphy/ptII/ptolemy/actor/lib/test/auto/DiscreteClock18.xml
----------------- Instantiating /home/travis/build/icyphy/ptII/ptolemy/actor/lib/test/auto/DiscreteClock18.xml
465 ms. Memory: 1358336K Free: 1312401K (97%)
----------------- Invoking toplevel() on ptolemy.moml.MoMLSimpleApplication@58776294
----------------- Done invoking toplevel() on ptolemy.moml.MoMLSimpleApplication@58776294
reloadAllAccessors: .DiscreteClock18

===========================================================================================
----------------- testing Fri Jul 27 01:41:13 UTC 2018 /home/travis/build/icyphy/ptII/ptolemy/actor/lib/test/auto/DiscreteClock19.xml
----------------- Instantiating /home/travis/build/icyphy/ptII/ptolemy/actor/lib/test/auto/DiscreteClock19.xml
20 ms. Memory: 1358336K Free: 1263908K (93%)
----------------- Invoking toplevel() on ptolemy.moml.MoMLSimpleApplication@5e334039
----------------- Done invoking toplevel() on ptolemy.moml.MoMLSimpleApplication@5e334039
reloadAllAccessors: .DiscreteClock19

===========================================================================================
----------------- testing Fri Jul 27 01:41:13 UTC 2018 /home/travis/build/icyphy/ptII/ptolemy/actor/lib/test/auto/DiscreteClock2.xml
----------------- Instantiating /home/travis/build/icyphy/ptII/ptolemy/actor/lib/test/auto/DiscreteClock2.xml
6 ms. Memory: 1358336K Free: 1251461K (92%)
----------------- Invoking toplevel() on ptolemy.moml.MoMLSimpleApplication@28c2e5fc
----------------- Done invoking toplevel() on ptolemy.moml.MoMLSimpleApplication@28c2e5fc
reloadAllAccessors: .DiscreteClock2

===========================================================================================
----------------- testing Fri Jul 27 01:41:13 UTC 2018 /home/travis/build/icyphy/ptII/ptolemy/actor/lib/test/auto/DiscreteClock20.xml
----------------- Instantiating /home/travis/build/icyphy/ptII/ptolemy/actor/lib/test/auto/DiscreteClock20.xml
9 ms. Memory: 1358336K Free: 1239015K (91%)
----------------- Invoking toplevel() on ptolemy.moml.MoMLSimpleApplication@c4ec072
----------------- Done invoking toplevel() on ptolemy.moml.MoMLSimpleApplication@c4ec072
reloadAllAccessors: .DiscreteClock20

===========================================================================================
----------------- testing Fri Jul 27 01:41:13 UTC 2018 /home/travis/build/icyphy/ptII/ptolemy/actor/lib/test/auto/DiscreteClock21.xml
----------------- Instantiating /home/travis/build/icyphy/ptII/ptolemy/actor/lib/test/auto/DiscreteClock21.xml
7 ms. Memory: 1358336K Free: 1217489K (90%)
----------------- Invoking toplevel() on ptolemy.moml.MoMLSimpleApplication@1c7f9c33
----------------- Done invoking toplevel() on ptolemy.moml.MoMLSimpleApplication@1c7f9c33
reloadAllAccessors: .DiscreteClock21

===========================================================================================
----------------- testing Fri Jul 27 01:41:13 UTC 2018 /home/travis/build/icyphy/ptII/ptolemy/actor/lib/test/auto/DiscreteClock22.xml
----------------- Instantiating /home/travis/build/icyphy/ptII/ptolemy/actor/lib/test/auto/DiscreteClock22.xml
8 ms. Memory: 1358336K Free: 1205043K (89%)
----------------- Invoking toplevel() on ptolemy.moml.MoMLSimpleApplication@7a8e333a
----------------- Done invoking toplevel() on ptolemy.moml.MoMLSimpleApplication@7a8e333a
reloadAllAccessors: .DiscreteClock22

===========================================================================================
----------------- testing Fri Jul 27 01:41:13 UTC 2018 /home/travis/build/icyphy/ptII/ptolemy/actor/lib/test/auto/DiscreteClock23.xml
----------------- Instantiating /home/travis/build/icyphy/ptII/ptolemy/actor/lib/test/auto/DiscreteClock23.xml
5 ms. Memory: 1358336K Free: 1192596K (88%)
----------------- Invoking toplevel() on ptolemy.moml.MoMLSimpleApplication@6f4f9452
----------------- Done invoking toplevel() on ptolemy.moml.MoMLSimpleApplication@6f4f9452
reloadAllAccessors: .DiscreteClock23

===========================================================================================
----------------- testing Fri Jul 27 01:41:13 UTC 2018 /home/travis/build/icyphy/ptII/ptolemy/actor/lib/test/auto/DiscreteClock24.xml
----------------- Instantiating /home/travis/build/icyphy/ptII/ptolemy/actor/lib/test/auto/DiscreteClock24.xml
6 ms. Memory: 1358336K Free: 1180149K (87%)
----------------- Invoking toplevel() on ptolemy.moml.MoMLSimpleApplication@2886b9
----------------- Done invoking toplevel() on ptolemy.moml.MoMLSimpleApplication@2886b9
reloadAllAccessors: .DiscreteClock24

===========================================================================================
----------------- testing Fri Jul 27 01:41:13 UTC 2018 /home/travis/build/icyphy/ptII/ptolemy/actor/lib/test/auto/DiscreteClock4.xml
----------------- Instantiating /home/travis/build/icyphy/ptII/ptolemy/actor/lib/test/auto/DiscreteClock4.xml
3 ms. Memory: 1358336K Free: 1158624K (85%)
----------------- Invoking toplevel() on ptolemy.moml.MoMLSimpleApplication@19f477e9
----------------- Done invoking toplevel() on ptolemy.moml.MoMLSimpleApplication@19f477e9
reloadAllAccessors: .DiscreteClock4

===========================================================================================
----------------- testing Fri Jul 27 01:41:13 UTC 2018 /home/travis/build/icyphy/ptII/ptolemy/actor/lib/test/auto/DiscreteClock5.xml
----------------- Instantiating /home/travis/build/icyphy/ptII/ptolemy/actor/lib/test/auto/DiscreteClock5.xml
2 ms. Memory: 1358336K Free: 1146177K (84%)
----------------- Invoking toplevel() on ptolemy.moml.MoMLSimpleApplication@21d73574
----------------- Done invoking toplevel() on ptolemy.moml.MoMLSimpleApplication@21d73574
reloadAllAccessors: .DiscreteClock5

===========================================================================================
----------------- testing Fri Jul 27 01:41:13 UTC 2018 /home/travis/build/icyphy/ptII/ptolemy/actor/lib/test/auto/DiscreteClock6.xml
----------------- Instantiating /home/travis/build/icyphy/ptII/ptolemy/actor/lib/test/auto/DiscreteClock6.xml
1 ms. Memory: 1358336K Free: 1133730K (83%)
----------------- Invoking toplevel() on ptolemy.moml.MoMLSimpleApplication@731ea6c9
----------------- Done invoking toplevel() on ptolemy.moml.MoMLSimpleApplication@731ea6c9
reloadAllAccessors: .DiscreteClock6

===========================================================================================
----------------- testing Fri Jul 27 01:41:13 UTC 2018 /home/travis/build/icyphy/ptII/ptolemy/actor/lib/test/auto/DiscreteClock7.xml
----------------- Instantiating /home/travis/build/icyphy/ptII/ptolemy/actor/lib/test/auto/DiscreteClock7.xml
2 ms. Memory: 1358336K Free: 1121283K (83%)
----------------- Invoking toplevel() on ptolemy.moml.MoMLSimpleApplication@7158b2
----------------- Done invoking toplevel() on ptolemy.moml.MoMLSimpleApplication@7158b2
reloadAllAccessors: .DiscreteClock7

===========================================================================================
----------------- testing Fri Jul 27 01:41:13 UTC 2018 /home/travis/build/icyphy/ptII/ptolemy/actor/lib/test/auto/DiscreteClock8.xml
----------------- Instantiating /home/travis/build/icyphy/ptII/ptolemy/actor/lib/test/auto/DiscreteClock8.xml
5 ms. Memory: 1358336K Free: 1099758K (81%)
----------------- Invoking toplevel() on ptolemy.moml.MoMLSimpleApplication@666d5102
----------------- Done invoking toplevel() on ptolemy.moml.MoMLSimpleApplication@666d5102
reloadAllAccessors: .DiscreteClock8

===========================================================================================
----------------- testing Fri Jul 27 01:41:13 UTC 2018 /home/travis/build/icyphy/ptII/ptolemy/actor/lib/test/auto/DiscreteClock9.xml
----------------- Instantiating /home/travis/build/icyphy/ptII/ptolemy/actor/lib/test/auto/DiscreteClock9.xml
2 ms. Memory: 1358336K Free: 1087311K (80%)
----------------- Invoking toplevel() on ptolemy.moml.MoMLSimpleApplication@af5d0d5
----------------- Done invoking toplevel() on ptolemy.moml.MoMLSimpleApplication@af5d0d5
reloadAllAccessors: .DiscreteClock9

===========================================================================================
----------------- testing Fri Jul 27 01:41:13 UTC 2018 /home/travis/build/icyphy/ptII/ptolemy/actor/lib/test/auto/DisplayArray.xml
----------------- Instantiating /home/travis/build/icyphy/ptII/ptolemy/actor/lib/test/auto/DisplayArray.xml
1 ms. Memory: 1358336K Free: 1074864K (79%)
----------------- Invoking toplevel() on ptolemy.moml.MoMLSimpleApplication@32973d25
----------------- Done invoking toplevel() on ptolemy.moml.MoMLSimpleApplication@32973d25
reloadAllAccessors: .DisplayArray

===========================================================================================
----------------- testing Fri Jul 27 01:41:13 UTC 2018 /home/travis/build/icyphy/ptII/ptolemy/actor/lib/test/auto/Distributor.xml
----------------- Instantiating /home/travis/build/icyphy/ptII/ptolemy/actor/lib/test/auto/Distributor.xml
2 ms. Memory: 1358336K Free: 1062417K (78%)
----------------- Invoking toplevel() on ptolemy.moml.MoMLSimpleApplication@918785e
----------------- Done invoking toplevel() on ptolemy.moml.MoMLSimpleApplication@918785e
reloadAllAccessors: .Distributor

===========================================================================================
----------------- testing Fri Jul 27 01:41:13 UTC 2018 /home/travis/build/icyphy/ptII/ptolemy/actor/lib/test/auto/Distributor2.xml
----------------- Instantiating /home/travis/build/icyphy/ptII/ptolemy/actor/lib/test/auto/Distributor2.xml
2 ms. Memory: 1358336K Free: 1040892K (77%)
----------------- Invoking toplevel() on ptolemy.moml.MoMLSimpleApplication@7ce34f65
----------------- Done invoking toplevel() on ptolemy.moml.MoMLSimpleApplication@7ce34f65
reloadAllAccessors: .Distributor2

===========================================================================================
----------------- testing Fri Jul 27 01:41:13 UTC 2018 /home/travis/build/icyphy/ptII/ptolemy/actor/lib/test/auto/DownSample.xml
----------------- Instantiating /home/travis/build/icyphy/ptII/ptolemy/actor/lib/test/auto/DownSample.xml
2 ms. Memory: 1358336K Free: 1028445K (76%)
----------------- Invoking toplevel() on ptolemy.moml.MoMLSimpleApplication@23d9d1c4
----------------- Done invoking toplevel() on ptolemy.moml.MoMLSimpleApplication@23d9d1c4
reloadAllAccessors: .DownSample

===========================================================================================
----------------- testing Fri Jul 27 01:41:13 UTC 2018 /home/travis/build/icyphy/ptII/ptolemy/actor/lib/test/auto/ElectronicUnitBase1.xml
----------------- Instantiating /home/travis/build/icyphy/ptII/ptolemy/actor/lib/test/auto/ElectronicUnitBase1.xml
19 ms. Memory: 1358336K Free: 1003520K (74%)
----------------- Invoking toplevel() on ptolemy.moml.MoMLSimpleApplication@258e2b35
----------------- Done invoking toplevel() on ptolemy.moml.MoMLSimpleApplication@258e2b35
reloadAllAccessors: .ElectronicUnitBase1

===========================================================================================
----------------- testing Fri Jul 27 01:41:13 UTC 2018 /home/travis/build/icyphy/ptII/ptolemy/actor/lib/test/auto/ElementsToArray.xml
----------------- Instantiating /home/travis/build/icyphy/ptII/ptolemy/actor/lib/test/auto/ElementsToArray.xml
2 ms. Memory: 1358336K Free: 991073K (73%)
----------------- Invoking toplevel() on ptolemy.moml.MoMLSimpleApplication@71d2062f
----------------- Done invoking toplevel() on ptolemy.moml.MoMLSimpleApplication@71d2062f
reloadAllAccessors: .ElementsToArray

===========================================================================================
----------------- testing Fri Jul 27 01:41:13 UTC 2018 /home/travis/build/icyphy/ptII/ptolemy/actor/lib/test/auto/Equals.xml
----------------- Instantiating /home/travis/build/icyphy/ptII/ptolemy/actor/lib/test/auto/Equals.xml
1 ms. Memory: 1358336K Free: 969547K (71%)
----------------- Invoking toplevel() on ptolemy.moml.MoMLSimpleApplication@60695899
----------------- Done invoking toplevel() on ptolemy.moml.MoMLSimpleApplication@60695899
reloadAllAccessors: .Equals

===========================================================================================
----------------- testing Fri Jul 27 01:41:13 UTC 2018 /home/travis/build/icyphy/ptII/ptolemy/actor/lib/test/auto/Exec.xml
----------------- Instantiating /home/travis/build/icyphy/ptII/ptolemy/actor/lib/test/auto/Exec.xml
12 ms. Memory: 1358336K Free: 938430K (69%)
----------------- Invoking toplevel() on ptolemy.moml.MoMLSimpleApplication@f1ef99a
----------------- Done invoking toplevel() on ptolemy.moml.MoMLSimpleApplication@f1ef99a
reloadAllAccessors: .Exec

===========================================================================================
----------------- testing Fri Jul 27 01:41:13 UTC 2018 /home/travis/build/icyphy/ptII/ptolemy/actor/lib/test/auto/ExecEnvironment.xml
----------------- Instantiating /home/travis/build/icyphy/ptII/ptolemy/actor/lib/test/auto/ExecEnvironment.xml
21 ms. Memory: 1358336K Free: 901089K (66%)
----------------- Invoking toplevel() on ptolemy.moml.MoMLSimpleApplication@43fa0403
----------------- Done invoking toplevel() on ptolemy.moml.MoMLSimpleApplication@43fa0403
reloadAllAccessors: .ExecEnvironment

===========================================================================================
----------------- testing Fri Jul 27 01:41:14 UTC 2018 /home/travis/build/icyphy/ptII/ptolemy/actor/lib/test/auto/ExecNonZeroReturnOutput.xml
----------------- Instantiating /home/travis/build/icyphy/ptII/ptolemy/actor/lib/test/auto/ExecNonZeroReturnOutput.xml
122 ms. Memory: 1358336K Free: 807738K (59%)
----------------- Invoking toplevel() on ptolemy.moml.MoMLSimpleApplication@1104cc8a
----------------- Done invoking toplevel() on ptolemy.moml.MoMLSimpleApplication@1104cc8a
reloadAllAccessors: .ExecNonZeroReturnOutput

===========================================================================================
----------------- testing Fri Jul 27 01:41:14 UTC 2018 /home/travis/build/icyphy/ptII/ptolemy/actor/lib/test/auto/ExecRunDemos.xml
----------------- Instantiating /home/travis/build/icyphy/ptII/ptolemy/actor/lib/test/auto/ExecRunDemos.xml
Finished: 53 ms. Memory: 116224K Free: 100103K (86%)

Finished: 40 ms. Memory: 116224K Free: 96359K (83%)

Finished: 40 ms. Memory: 116224K Free: 96957K (83%)

Finished: 46 ms. Memory: 116224K Free: 98219K (85%)

Finished: 36 ms. Memory: 116224K Free: 100071K (86%)

9483 ms. Memory: 1358336K Free: 711488K (52%)
----------------- Invoking toplevel() on ptolemy.moml.MoMLSimpleApplication@14502133
----------------- Done invoking toplevel() on ptolemy.moml.MoMLSimpleApplication@14502133
reloadAllAccessors: .ExecRunDemos

===========================================================================================
----------------- testing Fri Jul 27 01:41:23 UTC 2018 /home/travis/build/icyphy/ptII/ptolemy/actor/lib/test/auto/ExecStop.xml
----------------- Instantiating /home/travis/build/icyphy/ptII/ptolemy/actor/lib/test/auto/ExecStop.xml
5011 ms. Memory: 1358336K Free: 499893K (37%)
----------------- Invoking toplevel() on ptolemy.moml.MoMLSimpleApplication@5bb96a9f
----------------- Done invoking toplevel() on ptolemy.moml.MoMLSimpleApplication@5bb96a9f
reloadAllAccessors: .ExecStop

===========================================================================================
----------------- testing Fri Jul 27 01:41:28 UTC 2018 /home/travis/build/icyphy/ptII/ptolemy/actor/lib/test/auto/ExecutionTimeSDF.xml
----------------- Instantiating /home/travis/build/icyphy/ptII/ptolemy/actor/lib/test/auto/ExecutionTimeSDF.xml
Fired ExecutionTime: -1320567296
Fired ExecutionTime: 981600000
Fired ExecutionTime: 985200000
6005 ms. Memory: 1358336K Free: 481207K (35%)
----------------- Invoking toplevel() on ptolemy.moml.MoMLSimpleApplication@6bfce8b3
----------------- Done invoking toplevel() on ptolemy.moml.MoMLSimpleApplication@6bfce8b3
reloadAllAccessors: .ExecutionTimeSDF

===========================================================================================
----------------- testing Fri Jul 27 01:41:34 UTC 2018 /home/travis/build/icyphy/ptII/ptolemy/actor/lib/test/auto/Expression1.xml
----------------- Instantiating /home/travis/build/icyphy/ptII/ptolemy/actor/lib/test/auto/Expression1.xml
1 ms. Memory: 1358336K Free: 468760K (35%)
----------------- Invoking toplevel() on ptolemy.moml.MoMLSimpleApplication@3ea65f2a
----------------- Done invoking toplevel() on ptolemy.moml.MoMLSimpleApplication@3ea65f2a
reloadAllAccessors: .Expression1

===========================================================================================
----------------- testing Fri Jul 27 01:41:34 UTC 2018 /home/travis/build/icyphy/ptII/ptolemy/actor/lib/test/auto/Expression10.xml
----------------- Instantiating /home/travis/build/icyphy/ptII/ptolemy/actor/lib/test/auto/Expression10.xml
4 ms. Memory: 1358336K Free: 447234K (33%)
----------------- Invoking toplevel() on ptolemy.moml.MoMLSimpleApplication@5a1f454
----------------- Done invoking toplevel() on ptolemy.moml.MoMLSimpleApplication@5a1f454
reloadAllAccessors: .Expression10

===========================================================================================
----------------- testing Fri Jul 27 01:41:34 UTC 2018 /home/travis/build/icyphy/ptII/ptolemy/actor/lib/test/auto/Expression11.xml
----------------- Instantiating /home/travis/build/icyphy/ptII/ptolemy/actor/lib/test/auto/Expression11.xml
3 ms. Memory: 1358336K Free: 434787K (32%)
----------------- Invoking toplevel() on ptolemy.moml.MoMLSimpleApplication@79527736
----------------- Done invoking toplevel() on ptolemy.moml.MoMLSimpleApplication@79527736
reloadAllAccessors: .Expression11

===========================================================================================
----------------- testing Fri Jul 27 01:41:34 UTC 2018 /home/travis/build/icyphy/ptII/ptolemy/actor/lib/test/auto/Expression12.xml
----------------- Instantiating /home/travis/build/icyphy/ptII/ptolemy/actor/lib/test/auto/Expression12.xml
3 ms. Memory: 1358336K Free: 422341K (31%)
----------------- Invoking toplevel() on ptolemy.moml.MoMLSimpleApplication@7fbc2139
----------------- Done invoking toplevel() on ptolemy.moml.MoMLSimpleApplication@7fbc2139
reloadAllAccessors: .Expression12

===========================================================================================
----------------- testing Fri Jul 27 01:41:34 UTC 2018 /home/travis/build/icyphy/ptII/ptolemy/actor/lib/test/auto/Expression13.xml
----------------- Instantiating /home/travis/build/icyphy/ptII/ptolemy/actor/lib/test/auto/Expression13.xml
3 ms. Memory: 1358336K Free: 409894K (30%)
----------------- Invoking toplevel() on ptolemy.moml.MoMLSimpleApplication@16b4a168
----------------- Done invoking toplevel() on ptolemy.moml.MoMLSimpleApplication@16b4a168
reloadAllAccessors: .Expression13

===========================================================================================
----------------- testing Fri Jul 27 01:41:34 UTC 2018 /home/travis/build/icyphy/ptII/ptolemy/actor/lib/test/auto/Expression14.xml
----------------- Instantiating /home/travis/build/icyphy/ptII/ptolemy/actor/lib/test/auto/Expression14.xml
4 ms. Memory: 1358336K Free: 388369K (29%)
----------------- Invoking toplevel() on ptolemy.moml.MoMLSimpleApplication@21239c74
----------------- Done invoking toplevel() on ptolemy.moml.MoMLSimpleApplication@21239c74
reloadAllAccessors: .Expression14

===========================================================================================
----------------- testing Fri Jul 27 01:41:34 UTC 2018 /home/travis/build/icyphy/ptII/ptolemy/actor/lib/test/auto/Expression15.xml
----------------- Instantiating /home/travis/build/icyphy/ptII/ptolemy/actor/lib/test/auto/Expression15.xml
2 ms. Memory: 1358336K Free: 375922K (28%)
----------------- Invoking toplevel() on ptolemy.moml.MoMLSimpleApplication@1d0de54a
----------------- Done invoking toplevel() on ptolemy.moml.MoMLSimpleApplication@1d0de54a
reloadAllAccessors: .Expression15

===========================================================================================
----------------- testing Fri Jul 27 01:41:34 UTC 2018 /home/travis/build/icyphy/ptII/ptolemy/actor/lib/test/auto/Expression16.xml
----------------- Instantiating /home/travis/build/icyphy/ptII/ptolemy/actor/lib/test/auto/Expression16.xml
3 ms. Memory: 1358336K Free: 363475K (27%)
----------------- Invoking toplevel() on ptolemy.moml.MoMLSimpleApplication@2de6f063
----------------- Done invoking toplevel() on ptolemy.moml.MoMLSimpleApplication@2de6f063
reloadAllAccessors: .Expression16

===========================================================================================
----------------- testing Fri Jul 27 01:41:34 UTC 2018 /home/travis/build/icyphy/ptII/ptolemy/actor/lib/test/auto/Expression17.xml
----------------- Instantiating /home/travis/build/icyphy/ptII/ptolemy/actor/lib/test/auto/Expression17.xml
3 ms. Memory: 1358336K Free: 351028K (26%)
----------------- Invoking toplevel() on ptolemy.moml.MoMLSimpleApplication@17f479f5
----------------- Done invoking toplevel() on ptolemy.moml.MoMLSimpleApplication@17f479f5
reloadAllAccessors: .Expression17

===========================================================================================
----------------- testing Fri Jul 27 01:41:34 UTC 2018 /home/travis/build/icyphy/ptII/ptolemy/actor/lib/test/auto/Expression18.xml
----------------- Instantiating /home/travis/build/icyphy/ptII/ptolemy/actor/lib/test/auto/Expression18.xml
4 ms. Memory: 1358336K Free: 329503K (24%)
----------------- Invoking toplevel() on ptolemy.moml.MoMLSimpleApplication@36871b6f
----------------- Done invoking toplevel() on ptolemy.moml.MoMLSimpleApplication@36871b6f
reloadAllAccessors: .Expression18

===========================================================================================
----------------- testing Fri Jul 27 01:41:34 UTC 2018 /home/travis/build/icyphy/ptII/ptolemy/actor/lib/test/auto/Expression2.xml
----------------- Instantiating /home/travis/build/icyphy/ptII/ptolemy/actor/lib/test/auto/Expression2.xml
4 ms. Memory: 1358336K Free: 317056K (23%)
----------------- Invoking toplevel() on ptolemy.moml.MoMLSimpleApplication@12c4ad79
----------------- Done invoking toplevel() on ptolemy.moml.MoMLSimpleApplication@12c4ad79
reloadAllAccessors: .Expression2

===========================================================================================
----------------- testing Fri Jul 27 01:41:34 UTC 2018 /home/travis/build/icyphy/ptII/ptolemy/actor/lib/test/auto/Expression3.xml
----------------- Instantiating /home/travis/build/icyphy/ptII/ptolemy/actor/lib/test/auto/Expression3.xml
7 ms. Memory: 1358336K Free: 304609K (22%)
----------------- Invoking toplevel() on ptolemy.moml.MoMLSimpleApplication@35481f1
----------------- Done invoking toplevel() on ptolemy.moml.MoMLSimpleApplication@35481f1
reloadAllAccessors: .Expression3

===========================================================================================
----------------- testing Fri Jul 27 01:41:35 UTC 2018 /home/travis/build/icyphy/ptII/ptolemy/actor/lib/test/auto/Expression4.xml
----------------- Instantiating /home/travis/build/icyphy/ptII/ptolemy/actor/lib/test/auto/Expression4.xml
4 ms. Memory: 1358336K Free: 292162K (22%)
----------------- Invoking toplevel() on ptolemy.moml.MoMLSimpleApplication@16d1c7b6
----------------- Done invoking toplevel() on ptolemy.moml.MoMLSimpleApplication@16d1c7b6
reloadAllAccessors: .Expression4

===========================================================================================
----------------- testing Fri Jul 27 01:41:35 UTC 2018 /home/travis/build/icyphy/ptII/ptolemy/actor/lib/test/auto/Expression5.xml
----------------- Instantiating /home/travis/build/icyphy/ptII/ptolemy/actor/lib/test/auto/Expression5.xml
3 ms. Memory: 1358336K Free: 270637K (20%)
----------------- Invoking toplevel() on ptolemy.moml.MoMLSimpleApplication@452ba03a
----------------- Done invoking toplevel() on ptolemy.moml.MoMLSimpleApplication@452ba03a
reloadAllAccessors: .Expression5

===========================================================================================
----------------- testing Fri Jul 27 01:41:35 UTC 2018 /home/travis/build/icyphy/ptII/ptolemy/actor/lib/test/auto/Expression6.xml
----------------- Instantiating /home/travis/build/icyphy/ptII/ptolemy/actor/lib/test/auto/Expression6.xml
2 ms. Memory: 1358336K Free: 258190K (19%)
----------------- Invoking toplevel() on ptolemy.moml.MoMLSimpleApplication@3fd6c0bd
----------------- Done invoking toplevel() on ptolemy.moml.MoMLSimpleApplication@3fd6c0bd
reloadAllAccessors: .Expression6

===========================================================================================
----------------- testing Fri Jul 27 01:41:35 UTC 2018 /home/travis/build/icyphy/ptII/ptolemy/actor/lib/test/auto/Expression7.xml
----------------- Instantiating /home/travis/build/icyphy/ptII/ptolemy/actor/lib/test/auto/Expression7.xml
4 ms. Memory: 1358336K Free: 245744K (18%)
----------------- Invoking toplevel() on ptolemy.moml.MoMLSimpleApplication@60347088
----------------- Done invoking toplevel() on ptolemy.moml.MoMLSimpleApplication@60347088
reloadAllAccessors: .Expression7

===========================================================================================
----------------- testing Fri Jul 27 01:41:35 UTC 2018 /home/travis/build/icyphy/ptII/ptolemy/actor/lib/test/auto/Expression8.xml
----------------- Instantiating /home/travis/build/icyphy/ptII/ptolemy/actor/lib/test/auto/Expression8.xml
5 ms. Memory: 1358336K Free: 233297K (17%)
----------------- Invoking toplevel() on ptolemy.moml.MoMLSimpleApplication@5f4f1b58
----------------- Done invoking toplevel() on ptolemy.moml.MoMLSimpleApplication@5f4f1b58
reloadAllAccessors: .Expression8

===========================================================================================
----------------- testing Fri Jul 27 01:41:35 UTC 2018 /home/travis/build/icyphy/ptII/ptolemy/actor/lib/test/auto/Expression9.xml
----------------- Instantiating /home/travis/build/icyphy/ptII/ptolemy/actor/lib/test/auto/Expression9.xml
1 ms. Memory: 1358336K Free: 211772K (16%)
----------------- Invoking toplevel() on ptolemy.moml.MoMLSimpleApplication@5982236a
----------------- Done invoking toplevel() on ptolemy.moml.MoMLSimpleApplication@5982236a
reloadAllAccessors: .Expression9

===========================================================================================
----------------- testing Fri Jul 27 01:41:35 UTC 2018 /home/travis/build/icyphy/ptII/ptolemy/actor/lib/test/auto/ExpressionConcatenateArrayType.xml
----------------- Instantiating /home/travis/build/icyphy/ptII/ptolemy/actor/lib/test/auto/ExpressionConcatenateArrayType.xml
3 ms. Memory: 1358336K Free: 199325K (15%)
----------------- Invoking toplevel() on ptolemy.moml.MoMLSimpleApplication@a7ff387
----------------- Done invoking toplevel() on ptolemy.moml.MoMLSimpleApplication@a7ff387
reloadAllAccessors: .ExpressionConcatenateArrayType

===========================================================================================
----------------- testing Fri Jul 27 01:41:35 UTC 2018 /home/travis/build/icyphy/ptII/ptolemy/actor/lib/test/auto/ExpressionConcatenateArrayType2.xml
----------------- Instantiating /home/travis/build/icyphy/ptII/ptolemy/actor/lib/test/auto/ExpressionConcatenateArrayType2.xml
2 ms. Memory: 1358336K Free: 186878K (14%)
----------------- Invoking toplevel() on ptolemy.moml.MoMLSimpleApplication@30206b27
----------------- Done invoking toplevel() on ptolemy.moml.MoMLSimpleApplication@30206b27
reloadAllAccessors: .ExpressionConcatenateArrayType2

===========================================================================================
----------------- testing Fri Jul 27 01:41:35 UTC 2018 /home/travis/build/icyphy/ptII/ptolemy/actor/lib/test/auto/ExpressionFix.xml
----------------- Instantiating /home/travis/build/icyphy/ptII/ptolemy/actor/lib/test/auto/ExpressionFix.xml
22 ms. Memory: 1358336K Free: 174431K (13%)
----------------- Invoking toplevel() on ptolemy.moml.MoMLSimpleApplication@3a870533
----------------- Done invoking toplevel() on ptolemy.moml.MoMLSimpleApplication@3a870533
reloadAllAccessors: .ExpressionFix

===========================================================================================
----------------- testing Fri Jul 27 01:41:35 UTC 2018 /home/travis/build/icyphy/ptII/ptolemy/actor/lib/test/auto/ExpressionFix2.xml
----------------- Instantiating /home/travis/build/icyphy/ptII/ptolemy/actor/lib/test/auto/ExpressionFix2.xml
2 ms. Memory: 1358336K Free: 152906K (11%)
----------------- Invoking toplevel() on ptolemy.moml.MoMLSimpleApplication@c5092ad
----------------- Done invoking toplevel() on ptolemy.moml.MoMLSimpleApplication@c5092ad
reloadAllAccessors: .ExpressionFix2

===========================================================================================
----------------- testing Fri Jul 27 01:41:35 UTC 2018 /home/travis/build/icyphy/ptII/ptolemy/actor/lib/test/auto/ExpressionFix3.xml
----------------- Instantiating /home/travis/build/icyphy/ptII/ptolemy/actor/lib/test/auto/ExpressionFix3.xml
3 ms. Memory: 1358336K Free: 140459K (10%)
----------------- Invoking toplevel() on ptolemy.moml.MoMLSimpleApplication@88569ef
----------------- Done invoking toplevel() on ptolemy.moml.MoMLSimpleApplication@88569ef
reloadAllAccessors: .ExpressionFix3

===========================================================================================
----------------- testing Fri Jul 27 01:41:35 UTC 2018 /home/travis/build/icyphy/ptII/ptolemy/actor/lib/test/auto/FileWriter1.xml
----------------- Instantiating /home/travis/build/icyphy/ptII/ptolemy/actor/lib/test/auto/FileWriter1.xml
2 ms. Memory: 1358336K Free: 128012K (9%)
----------------- Invoking toplevel() on ptolemy.moml.MoMLSimpleApplication@10ac533
----------------- Done invoking toplevel() on ptolemy.moml.MoMLSimpleApplication@10ac533
reloadAllAccessors: .FileWriter1

===========================================================================================
----------------- testing Fri Jul 27 01:41:35 UTC 2018 /home/travis/build/icyphy/ptII/ptolemy/actor/lib/test/auto/FileWriter2.xml
----------------- Instantiating /home/travis/build/icyphy/ptII/ptolemy/actor/lib/test/auto/FileWriter2.xml
2 ms. Memory: 1358336K Free: 115565K (9%)
----------------- Invoking toplevel() on ptolemy.moml.MoMLSimpleApplication@7402637e
----------------- Done invoking toplevel() on ptolemy.moml.MoMLSimpleApplication@7402637e
reloadAllAccessors: .FileWriter2

===========================================================================================
----------------- testing Fri Jul 27 01:41:35 UTC 2018 /home/travis/build/icyphy/ptII/ptolemy/actor/lib/test/auto/FileWriter3.xml
----------------- Instantiating /home/travis/build/icyphy/ptII/ptolemy/actor/lib/test/auto/FileWriter3.xml
2 ms. Memory: 1358336K Free: 94040K (7%)
----------------- Invoking toplevel() on ptolemy.moml.MoMLSimpleApplication@48671559
----------------- Done invoking toplevel() on ptolemy.moml.MoMLSimpleApplication@48671559
reloadAllAccessors: .FileWriter3

===========================================================================================
----------------- testing Fri Jul 27 01:41:35 UTC 2018 /home/travis/build/icyphy/ptII/ptolemy/actor/lib/test/auto/Gaussian.xml
----------------- Instantiating /home/travis/build/icyphy/ptII/ptolemy/actor/lib/test/auto/Gaussian.xml
2 ms. Memory: 1358336K Free: 81593K (6%)
----------------- Invoking toplevel() on ptolemy.moml.MoMLSimpleApplication@70dcf3ae
----------------- Done invoking toplevel() on ptolemy.moml.MoMLSimpleApplication@70dcf3ae
reloadAllAccessors: .Gaussian

===========================================================================================
----------------- testing Fri Jul 27 01:41:35 UTC 2018 /home/travis/build/icyphy/ptII/ptolemy/actor/lib/test/auto/Gaussian1.xml
----------------- Instantiating /home/travis/build/icyphy/ptII/ptolemy/actor/lib/test/auto/Gaussian1.xml
7 ms. Memory: 1645568K Free: 1599478K (97%)
----------------- Invoking toplevel() on ptolemy.moml.MoMLSimpleApplication@388ff27
----------------- Done invoking toplevel() on ptolemy.moml.MoMLSimpleApplication@388ff27
reloadAllAccessors: .Gaussian1

===========================================================================================
----------------- testing Fri Jul 27 01:41:35 UTC 2018 /home/travis/build/icyphy/ptII/ptolemy/actor/lib/test/auto/Gaussian2.xml
----------------- Instantiating /home/travis/build/icyphy/ptII/ptolemy/actor/lib/test/auto/Gaussian2.xml
2 ms. Memory: 1645568K Free: 1571729K (96%)
----------------- Invoking toplevel() on ptolemy.moml.MoMLSimpleApplication@3b44246a
----------------- Done invoking toplevel() on ptolemy.moml.MoMLSimpleApplication@3b44246a
reloadAllAccessors: .Gaussian2

===========================================================================================
----------------- testing Fri Jul 27 01:41:35 UTC 2018 /home/travis/build/icyphy/ptII/ptolemy/actor/lib/test/auto/GradientAdaptiveLattice.xml
----------------- Instantiating /home/travis/build/icyphy/ptII/ptolemy/actor/lib/test/auto/GradientAdaptiveLattice.xml
2 ms. Memory: 1645568K Free: 1556230K (95%)
----------------- Invoking toplevel() on ptolemy.moml.MoMLSimpleApplication@46539e61
----------------- Done invoking toplevel() on ptolemy.moml.MoMLSimpleApplication@46539e61
reloadAllAccessors: .GradientAdaptiveLattice

===========================================================================================
----------------- testing Fri Jul 27 01:41:35 UTC 2018 /home/travis/build/icyphy/ptII/ptolemy/actor/lib/test/auto/IIR.xml
----------------- Instantiating /home/travis/build/icyphy/ptII/ptolemy/actor/lib/test/auto/IIR.xml
1 ms. Memory: 1645568K Free: 1540732K (94%)
----------------- Invoking toplevel() on ptolemy.moml.MoMLSimpleApplication@647c0df2
----------------- Done invoking toplevel() on ptolemy.moml.MoMLSimpleApplication@647c0df2
reloadAllAccessors: .IIR

===========================================================================================
----------------- testing Fri Jul 27 01:41:35 UTC 2018 /home/travis/build/icyphy/ptII/ptolemy/actor/lib/test/auto/InputOutputTransparentPorts.xml
----------------- Instantiating /home/travis/build/icyphy/ptII/ptolemy/actor/lib/test/auto/InputOutputTransparentPorts.xml
1 ms. Memory: 1645568K Free: 1516857K (92%)
----------------- Invoking toplevel() on ptolemy.moml.MoMLSimpleApplication@4a0ddf74
----------------- Done invoking toplevel() on ptolemy.moml.MoMLSimpleApplication@4a0ddf74
reloadAllAccessors: .InputOutputTransparentPorts

===========================================================================================
----------------- testing Fri Jul 27 01:41:35 UTC 2018 /home/travis/build/icyphy/ptII/ptolemy/actor/lib/test/auto/Interpolator.xml
----------------- Instantiating /home/travis/build/icyphy/ptII/ptolemy/actor/lib/test/auto/Interpolator.xml
3 ms. Memory: 1645568K Free: 1501359K (91%)
----------------- Invoking toplevel() on ptolemy.moml.MoMLSimpleApplication@43362caa
----------------- Done invoking toplevel() on ptolemy.moml.MoMLSimpleApplication@43362caa
reloadAllAccessors: .Interpolator

===========================================================================================
----------------- testing Fri Jul 27 01:41:35 UTC 2018 /home/travis/build/icyphy/ptII/ptolemy/actor/lib/test/auto/InterpolatorFiringLimitDE.xml
----------------- Instantiating /home/travis/build/icyphy/ptII/ptolemy/actor/lib/test/auto/InterpolatorFiringLimitDE.xml
2 ms. Memory: 1645568K Free: 1485860K (90%)
----------------- Invoking toplevel() on ptolemy.moml.MoMLSimpleApplication@38694e55
----------------- Done invoking toplevel() on ptolemy.moml.MoMLSimpleApplication@38694e55
reloadAllAccessors: .InterpolatorFiringLimitDE

===========================================================================================
----------------- testing Fri Jul 27 01:41:35 UTC 2018 /home/travis/build/icyphy/ptII/ptolemy/actor/lib/test/auto/Lattice.xml
----------------- Instantiating /home/travis/build/icyphy/ptII/ptolemy/actor/lib/test/auto/Lattice.xml
1 ms. Memory: 1645568K Free: 1470362K (89%)
----------------- Invoking toplevel() on ptolemy.moml.MoMLSimpleApplication@71254b9a
----------------- Done invoking toplevel() on ptolemy.moml.MoMLSimpleApplication@71254b9a
reloadAllAccessors: .Lattice

===========================================================================================
----------------- testing Fri Jul 27 01:41:35 UTC 2018 /home/travis/build/icyphy/ptII/ptolemy/actor/lib/test/auto/LazyAOCTestLazy.xml
----------------- Instantiating /home/travis/build/icyphy/ptII/ptolemy/actor/lib/test/auto/LazyAOCTestLazy.xml
7 ms. Memory: 1645568K Free: 1446487K (88%)
----------------- Invoking toplevel() on ptolemy.moml.MoMLSimpleApplication@94ba04f
----------------- Done invoking toplevel() on ptolemy.moml.MoMLSimpleApplication@94ba04f
reloadAllAccessors: .LazyAOCTestLazy

===========================================================================================
----------------- testing Fri Jul 27 01:41:35 UTC 2018 /home/travis/build/icyphy/ptII/ptolemy/actor/lib/test/auto/LazyAOCTestNonLazy.xml
----------------- Instantiating /home/travis/build/icyphy/ptII/ptolemy/actor/lib/test/auto/LazyAOCTestNonLazy.xml
1 ms. Memory: 1645568K Free: 1430989K (87%)
----------------- Invoking toplevel() on ptolemy.moml.MoMLSimpleApplication@76a325e6
----------------- Done invoking toplevel() on ptolemy.moml.MoMLSimpleApplication@76a325e6
reloadAllAccessors: .LazyAOCTestNonLazy

===========================================================================================
----------------- testing Fri Jul 27 01:41:35 UTC 2018 /home/travis/build/icyphy/ptII/ptolemy/actor/lib/test/auto/LazyInnerClass.xml
----------------- Instantiating /home/travis/build/icyphy/ptII/ptolemy/actor/lib/test/auto/LazyInnerClass.xml
9 ms. Memory: 1645568K Free: 1415491K (86%)
----------------- Invoking toplevel() on ptolemy.moml.MoMLSimpleApplication@68715091
----------------- Done invoking toplevel() on ptolemy.moml.MoMLSimpleApplication@68715091
reloadAllAccessors: .LazyInnerClass

===========================================================================================
----------------- testing Fri Jul 27 01:41:35 UTC 2018 /home/travis/build/icyphy/ptII/ptolemy/actor/lib/test/auto/LazyPubSub.xml
----------------- Instantiating /home/travis/build/icyphy/ptII/ptolemy/actor/lib/test/auto/LazyPubSub.xml
12 ms. Memory: 1645568K Free: 1391616K (85%)
----------------- Invoking toplevel() on ptolemy.moml.MoMLSimpleApplication@6dc6615e
----------------- Done invoking toplevel() on ptolemy.moml.MoMLSimpleApplication@6dc6615e
reloadAllAccessors: .LazyPubSub

===========================================================================================
----------------- testing Fri Jul 27 01:41:35 UTC 2018 /home/travis/build/icyphy/ptII/ptolemy/actor/lib/test/auto/LazyPubSub2.xml
----------------- Instantiating /home/travis/build/icyphy/ptII/ptolemy/actor/lib/test/auto/LazyPubSub2.xml
10 ms. Memory: 1645568K Free: 1376118K (84%)
----------------- Invoking toplevel() on ptolemy.moml.MoMLSimpleApplication@499c025e
----------------- Done invoking toplevel() on ptolemy.moml.MoMLSimpleApplication@499c025e
reloadAllAccessors: .LazyPubSub2

===========================================================================================
----------------- testing Fri Jul 27 01:41:35 UTC 2018 /home/travis/build/icyphy/ptII/ptolemy/actor/lib/test/auto/LazyPubSub3.xml
----------------- Instantiating /home/travis/build/icyphy/ptII/ptolemy/actor/lib/test/auto/LazyPubSub3.xml
11 ms. Memory: 1645568K Free: 1360619K (83%)
----------------- Invoking toplevel() on ptolemy.moml.MoMLSimpleApplication@3bfa0a3b
----------------- Done invoking toplevel() on ptolemy.moml.MoMLSimpleApplication@3bfa0a3b
reloadAllAccessors: .LazyPubSub3

===========================================================================================
----------------- testing Fri Jul 27 01:41:35 UTC 2018 /home/travis/build/icyphy/ptII/ptolemy/actor/lib/test/auto/LazySubClassModel.xml
----------------- Instantiating /home/travis/build/icyphy/ptII/ptolemy/actor/lib/test/auto/LazySubClassModel.xml
10 ms. Memory: 1645568K Free: 1345121K (82%)
----------------- Invoking toplevel() on ptolemy.moml.MoMLSimpleApplication@72a04a22
----------------- Done invoking toplevel() on ptolemy.moml.MoMLSimpleApplication@72a04a22
reloadAllAccessors: .LazySubClassModel

===========================================================================================
----------------- testing Fri Jul 27 01:41:35 UTC 2018 /home/travis/build/icyphy/ptII/ptolemy/actor/lib/test/auto/LevelCrossTest1.xml
----------------- Instantiating /home/travis/build/icyphy/ptII/ptolemy/actor/lib/test/auto/LevelCrossTest1.xml
5 ms. Memory: 1645568K Free: 1321246K (80%)
----------------- Invoking toplevel() on ptolemy.moml.MoMLSimpleApplication@7ae65d41
----------------- Done invoking toplevel() on ptolemy.moml.MoMLSimpleApplication@7ae65d41
reloadAllAccessors: .broken

===========================================================================================
----------------- testing Fri Jul 27 01:41:35 UTC 2018 /home/travis/build/icyphy/ptII/ptolemy/actor/lib/test/auto/LevelCrossTest10.xml
----------------- Instantiating /home/travis/build/icyphy/ptII/ptolemy/actor/lib/test/auto/LevelCrossTest10.xml
1 ms. Memory: 1645568K Free: 1305748K (79%)
----------------- Invoking toplevel() on ptolemy.moml.MoMLSimpleApplication@773e919f
----------------- Done invoking toplevel() on ptolemy.moml.MoMLSimpleApplication@773e919f
reloadAllAccessors: .LevelCrossTest10

===========================================================================================
----------------- testing Fri Jul 27 01:41:35 UTC 2018 /home/travis/build/icyphy/ptII/ptolemy/actor/lib/test/auto/LevelCrossTest11.xml
----------------- Instantiating /home/travis/build/icyphy/ptII/ptolemy/actor/lib/test/auto/LevelCrossTest11.xml
1 ms. Memory: 1645568K Free: 1290250K (78%)
----------------- Invoking toplevel() on ptolemy.moml.MoMLSimpleApplication@29e82dc
----------------- Done invoking toplevel() on ptolemy.moml.MoMLSimpleApplication@29e82dc
reloadAllAccessors: .LevelCrossTest11

===========================================================================================
----------------- testing Fri Jul 27 01:41:35 UTC 2018 /home/travis/build/icyphy/ptII/ptolemy/actor/lib/test/auto/LevelCrossTest12.xml
----------------- Instantiating /home/travis/build/icyphy/ptII/ptolemy/actor/lib/test/auto/LevelCrossTest12.xml
1 ms. Memory: 1645568K Free: 1274751K (77%)
----------------- Invoking toplevel() on ptolemy.moml.MoMLSimpleApplication@66f443fa
----------------- Done invoking toplevel() on ptolemy.moml.MoMLSimpleApplication@66f443fa
reloadAllAccessors: .LevelCrossTest12

===========================================================================================
----------------- testing Fri Jul 27 01:41:35 UTC 2018 /home/travis/build/icyphy/ptII/ptolemy/actor/lib/test/auto/LevelCrossTest13.xml
----------------- Instantiating /home/travis/build/icyphy/ptII/ptolemy/actor/lib/test/auto/LevelCrossTest13.xml
1 ms. Memory: 1645568K Free: 1250877K (76%)
----------------- Invoking toplevel() on ptolemy.moml.MoMLSimpleApplication@231b6bb5
----------------- Done invoking toplevel() on ptolemy.moml.MoMLSimpleApplication@231b6bb5
reloadAllAccessors: .LevelCrossTest13

===========================================================================================
----------------- testing Fri Jul 27 01:41:35 UTC 2018 /home/travis/build/icyphy/ptII/ptolemy/actor/lib/test/auto/LevelCrossTest2.xml
----------------- Instantiating /home/travis/build/icyphy/ptII/ptolemy/actor/lib/test/auto/LevelCrossTest2.xml
1 ms. Memory: 1645568K Free: 1235378K (75%)
----------------- Invoking toplevel() on ptolemy.moml.MoMLSimpleApplication@715bb8fd
----------------- Done invoking toplevel() on ptolemy.moml.MoMLSimpleApplication@715bb8fd
reloadAllAccessors: .broken

===========================================================================================
----------------- testing Fri Jul 27 01:41:35 UTC 2018 /home/travis/build/icyphy/ptII/ptolemy/actor/lib/test/auto/LevelCrossTest3.xml
----------------- Instantiating /home/travis/build/icyphy/ptII/ptolemy/actor/lib/test/auto/LevelCrossTest3.xml
1 ms. Memory: 1645568K Free: 1219880K (74%)
----------------- Invoking toplevel() on ptolemy.moml.MoMLSimpleApplication@27b44086
----------------- Done invoking toplevel() on ptolemy.moml.MoMLSimpleApplication@27b44086
reloadAllAccessors: .LevelCrossTest3

===========================================================================================
----------------- testing Fri Jul 27 01:41:35 UTC 2018 /home/travis/build/icyphy/ptII/ptolemy/actor/lib/test/auto/LevelCrossTest4.xml
----------------- Instantiating /home/travis/build/icyphy/ptII/ptolemy/actor/lib/test/auto/LevelCrossTest4.xml
1 ms. Memory: 1645568K Free: 1196005K (73%)
----------------- Invoking toplevel() on ptolemy.moml.MoMLSimpleApplication@151b2e7c
----------------- Done invoking toplevel() on ptolemy.moml.MoMLSimpleApplication@151b2e7c
reloadAllAccessors: .broken

===========================================================================================
----------------- testing Fri Jul 27 01:41:35 UTC 2018 /home/travis/build/icyphy/ptII/ptolemy/actor/lib/test/auto/LevelCrossTest5.xml
----------------- Instantiating /home/travis/build/icyphy/ptII/ptolemy/actor/lib/test/auto/LevelCrossTest5.xml
1 ms. Memory: 1645568K Free: 1180371K (72%)
----------------- Invoking toplevel() on ptolemy.moml.MoMLSimpleApplication@2ac6e13d
----------------- Done invoking toplevel() on ptolemy.moml.MoMLSimpleApplication@2ac6e13d
reloadAllAccessors: .LevelCrossTest5

===========================================================================================
----------------- testing Fri Jul 27 01:41:35 UTC 2018 /home/travis/build/icyphy/ptII/ptolemy/actor/lib/test/auto/LevelCrossTest6.xml
----------------- Instantiating /home/travis/build/icyphy/ptII/ptolemy/actor/lib/test/auto/LevelCrossTest6.xml
1 ms. Memory: 1645568K Free: 1164872K (71%)
----------------- Invoking toplevel() on ptolemy.moml.MoMLSimpleApplication@e87324c
----------------- Done invoking toplevel() on ptolemy.moml.MoMLSimpleApplication@e87324c
reloadAllAccessors: .LevelCrossTest6

===========================================================================================
----------------- testing Fri Jul 27 01:41:35 UTC 2018 /home/travis/build/icyphy/ptII/ptolemy/actor/lib/test/auto/LevelCrossTest7.xml
----------------- Instantiating /home/travis/build/icyphy/ptII/ptolemy/actor/lib/test/auto/LevelCrossTest7.xml
1 ms. Memory: 1645568K Free: 1149374K (70%)
----------------- Invoking toplevel() on ptolemy.moml.MoMLSimpleApplication@4a3c3931
----------------- Done invoking toplevel() on ptolemy.moml.MoMLSimpleApplication@4a3c3931
reloadAllAccessors: .LevelCrossTest7

===========================================================================================
----------------- testing Fri Jul 27 01:41:35 UTC 2018 /home/travis/build/icyphy/ptII/ptolemy/actor/lib/test/auto/LevelCrossTest8.xml
----------------- Instantiating /home/travis/build/icyphy/ptII/ptolemy/actor/lib/test/auto/LevelCrossTest8.xml
1 ms. Memory: 1645568K Free: 1125499K (68%)
----------------- Invoking toplevel() on ptolemy.moml.MoMLSimpleApplication@da36523
----------------- Done invoking toplevel() on ptolemy.moml.MoMLSimpleApplication@da36523
reloadAllAccessors: .LevelCrossTest8

===========================================================================================
----------------- testing Fri Jul 27 01:41:35 UTC 2018 /home/travis/build/icyphy/ptII/ptolemy/actor/lib/test/auto/LevelCrossTest9.xml
----------------- Instantiating /home/travis/build/icyphy/ptII/ptolemy/actor/lib/test/auto/LevelCrossTest9.xml
1 ms. Memory: 1645568K Free: 1110001K (67%)
----------------- Invoking toplevel() on ptolemy.moml.MoMLSimpleApplication@445e1de3
----------------- Done invoking toplevel() on ptolemy.moml.MoMLSimpleApplication@445e1de3
reloadAllAccessors: .LevelCrossTest9

===========================================================================================
----------------- testing Fri Jul 27 01:41:35 UTC 2018 /home/travis/build/icyphy/ptII/ptolemy/actor/lib/test/auto/LevinsonDurbin.xml
----------------- Instantiating /home/travis/build/icyphy/ptII/ptolemy/actor/lib/test/auto/LevinsonDurbin.xml
1 ms. Memory: 1645568K Free: 1094503K (67%)
----------------- Invoking toplevel() on ptolemy.moml.MoMLSimpleApplication@b17c96f
----------------- Done invoking toplevel() on ptolemy.moml.MoMLSimpleApplication@b17c96f
reloadAllAccessors: .LevinsonDurbin

===========================================================================================
----------------- testing Fri Jul 27 01:41:35 UTC 2018 /home/travis/build/icyphy/ptII/ptolemy/actor/lib/test/auto/LevinsonDurbin2.xml
----------------- Instantiating /home/travis/build/icyphy/ptII/ptolemy/actor/lib/test/auto/LevinsonDurbin2.xml
2 ms. Memory: 1645568K Free: 1079004K (66%)
----------------- Invoking toplevel() on ptolemy.moml.MoMLSimpleApplication@72cab562
----------------- Done invoking toplevel() on ptolemy.moml.MoMLSimpleApplication@72cab562
reloadAllAccessors: .LevinsonDurbin2

===========================================================================================
----------------- testing Fri Jul 27 01:41:35 UTC 2018 /home/travis/build/icyphy/ptII/ptolemy/actor/lib/test/auto/LevinsonDurbin3.xml
----------------- Instantiating /home/travis/build/icyphy/ptII/ptolemy/actor/lib/test/auto/LevinsonDurbin3.xml
2 ms. Memory: 1645568K Free: 1055130K (64%)
----------------- Invoking toplevel() on ptolemy.moml.MoMLSimpleApplication@bce1b75
----------------- Done invoking toplevel() on ptolemy.moml.MoMLSimpleApplication@bce1b75
reloadAllAccessors: .LevinsonDurbin3

===========================================================================================
----------------- testing Fri Jul 27 01:41:35 UTC 2018 /home/travis/build/icyphy/ptII/ptolemy/actor/lib/test/auto/Limiter.xml
----------------- Instantiating /home/travis/build/icyphy/ptII/ptolemy/actor/lib/test/auto/Limiter.xml
3 ms. Memory: 1645568K Free: 1039631K (63%)
----------------- Invoking toplevel() on ptolemy.moml.MoMLSimpleApplication@43f8e1af
----------------- Done invoking toplevel() on ptolemy.moml.MoMLSimpleApplication@43f8e1af
reloadAllAccessors: .Limiter

===========================================================================================
----------------- testing Fri Jul 27 01:41:36 UTC 2018 /home/travis/build/icyphy/ptII/ptolemy/actor/lib/test/auto/LinearDifferenceEquationSystem.xml
----------------- Instantiating /home/travis/build/icyphy/ptII/ptolemy/actor/lib/test/auto/LinearDifferenceEquationSystem.xml
2 ms. Memory: 1645568K Free: 1024133K (62%)
----------------- Invoking toplevel() on ptolemy.moml.MoMLSimpleApplication@7f756ca0
----------------- Done invoking toplevel() on ptolemy.moml.MoMLSimpleApplication@7f756ca0
reloadAllAccessors: .LinearDifferenceEquationSystem

===========================================================================================
----------------- testing Fri Jul 27 01:41:36 UTC 2018 /home/travis/build/icyphy/ptII/ptolemy/actor/lib/test/auto/LookupTable.xml
----------------- Instantiating /home/travis/build/icyphy/ptII/ptolemy/actor/lib/test/auto/LookupTable.xml
1 ms. Memory: 1645568K Free: 1000258K (61%)
----------------- Invoking toplevel() on ptolemy.moml.MoMLSimpleApplication@183e898c
----------------- Done invoking toplevel() on ptolemy.moml.MoMLSimpleApplication@183e898c
reloadAllAccessors: .LookupTable

===========================================================================================
----------------- testing Fri Jul 27 01:41:36 UTC 2018 /home/travis/build/icyphy/ptII/ptolemy/actor/lib/test/auto/MathFunction.xml
----------------- Instantiating /home/travis/build/icyphy/ptII/ptolemy/actor/lib/test/auto/MathFunction.xml
2 ms. Memory: 1645568K Free: 984760K (60%)
----------------- Invoking toplevel() on ptolemy.moml.MoMLSimpleApplication@3a0cf8e7
----------------- Done invoking toplevel() on ptolemy.moml.MoMLSimpleApplication@3a0cf8e7
reloadAllAccessors: .MathFunction

===========================================================================================
----------------- testing Fri Jul 27 01:41:36 UTC 2018 /home/travis/build/icyphy/ptII/ptolemy/actor/lib/test/auto/MathFunction2.xml
----------------- Instantiating /home/travis/build/icyphy/ptII/ptolemy/actor/lib/test/auto/MathFunction2.xml
1 ms. Memory: 1645568K Free: 969262K (59%)
----------------- Invoking toplevel() on ptolemy.moml.MoMLSimpleApplication@108359ef
----------------- Done invoking toplevel() on ptolemy.moml.MoMLSimpleApplication@108359ef
reloadAllAccessors: .MathFunction2

===========================================================================================
----------------- testing Fri Jul 27 01:41:36 UTC 2018 /home/travis/build/icyphy/ptII/ptolemy/actor/lib/test/auto/MathFunction3.xml
----------------- Instantiating /home/travis/build/icyphy/ptII/ptolemy/actor/lib/test/auto/MathFunction3.xml
2 ms. Memory: 1645568K Free: 953763K (58%)
----------------- Invoking toplevel() on ptolemy.moml.MoMLSimpleApplication@24304c9b
----------------- Done invoking toplevel() on ptolemy.moml.MoMLSimpleApplication@24304c9b
reloadAllAccessors: .MathFunction3

===========================================================================================
----------------- testing Fri Jul 27 01:41:36 UTC 2018 /home/travis/build/icyphy/ptII/ptolemy/actor/lib/test/auto/MatrixCropBoolean.xml
----------------- Instantiating /home/travis/build/icyphy/ptII/ptolemy/actor/lib/test/auto/MatrixCropBoolean.xml
2 ms. Memory: 1645568K Free: 929889K (57%)
----------------- Invoking toplevel() on ptolemy.moml.MoMLSimpleApplication@fec7711
----------------- Done invoking toplevel() on ptolemy.moml.MoMLSimpleApplication@fec7711
reloadAllAccessors: .MatrixCropBoolean

===========================================================================================
----------------- testing Fri Jul 27 01:41:36 UTC 2018 /home/travis/build/icyphy/ptII/ptolemy/actor/lib/test/auto/MatrixCropComplex.xml
----------------- Instantiating /home/travis/build/icyphy/ptII/ptolemy/actor/lib/test/auto/MatrixCropComplex.xml
3 ms. Memory: 1645568K Free: 914390K (56%)
----------------- Invoking toplevel() on ptolemy.moml.MoMLSimpleApplication@3c19300f
----------------- Done invoking toplevel() on ptolemy.moml.MoMLSimpleApplication@3c19300f
reloadAllAccessors: .MatrixCropComplex

===========================================================================================
----------------- testing Fri Jul 27 01:41:36 UTC 2018 /home/travis/build/icyphy/ptII/ptolemy/actor/lib/test/auto/MatrixCropDouble.xml
----------------- Instantiating /home/travis/build/icyphy/ptII/ptolemy/actor/lib/test/auto/MatrixCropDouble.xml
2 ms. Memory: 1645568K Free: 898892K (55%)
----------------- Invoking toplevel() on ptolemy.moml.MoMLSimpleApplication@290247bf
----------------- Done invoking toplevel() on ptolemy.moml.MoMLSimpleApplication@290247bf
reloadAllAccessors: .MatrixCropDouble

===========================================================================================
----------------- testing Fri Jul 27 01:41:36 UTC 2018 /home/travis/build/icyphy/ptII/ptolemy/actor/lib/test/auto/MatrixCropFix.xml
----------------- Instantiating /home/travis/build/icyphy/ptII/ptolemy/actor/lib/test/auto/MatrixCropFix.xml
2 ms. Memory: 1645568K Free: 875017K (53%)
----------------- Invoking toplevel() on ptolemy.moml.MoMLSimpleApplication@60dae00f
----------------- Done invoking toplevel() on ptolemy.moml.MoMLSimpleApplication@60dae00f
reloadAllAccessors: .MatrixCropFix

===========================================================================================
----------------- testing Fri Jul 27 01:41:36 UTC 2018 /home/travis/build/icyphy/ptII/ptolemy/actor/lib/test/auto/MatrixCropInt.xml
----------------- Instantiating /home/travis/build/icyphy/ptII/ptolemy/actor/lib/test/auto/MatrixCropInt.xml
1 ms. Memory: 1645568K Free: 859519K (52%)
----------------- Invoking toplevel() on ptolemy.moml.MoMLSimpleApplication@665e4cbe
----------------- Done invoking toplevel() on ptolemy.moml.MoMLSimpleApplication@665e4cbe
reloadAllAccessors: .MatrixCropInt

===========================================================================================
----------------- testing Fri Jul 27 01:41:36 UTC 2018 /home/travis/build/icyphy/ptII/ptolemy/actor/lib/test/auto/MatrixCropLong.xml
----------------- Instantiating /home/travis/build/icyphy/ptII/ptolemy/actor/lib/test/auto/MatrixCropLong.xml
1 ms. Memory: 1645568K Free: 844021K (51%)
----------------- Invoking toplevel() on ptolemy.moml.MoMLSimpleApplication@f475c13
----------------- Done invoking toplevel() on ptolemy.moml.MoMLSimpleApplication@f475c13
reloadAllAccessors: .MatrixCropLong

===========================================================================================
----------------- testing Fri Jul 27 01:41:36 UTC 2018 /home/travis/build/icyphy/ptII/ptolemy/actor/lib/test/auto/MatrixToArray.xml
----------------- Instantiating /home/travis/build/icyphy/ptII/ptolemy/actor/lib/test/auto/MatrixToArray.xml
9 ms. Memory: 1645568K Free: 820758K (50%)
----------------- Invoking toplevel() on ptolemy.moml.MoMLSimpleApplication@4185eddd
----------------- Done invoking toplevel() on ptolemy.moml.MoMLSimpleApplication@4185eddd
reloadAllAccessors: .MatrixToArray

===========================================================================================
----------------- testing Fri Jul 27 01:41:36 UTC 2018 /home/travis/build/icyphy/ptII/ptolemy/actor/lib/test/auto/MaxIndex.xml
----------------- Instantiating /home/travis/build/icyphy/ptII/ptolemy/actor/lib/test/auto/MaxIndex.xml
1 ms. Memory: 1645568K Free: 796882K (48%)
----------------- Invoking toplevel() on ptolemy.moml.MoMLSimpleApplication@3889e523
----------------- Done invoking toplevel() on ptolemy.moml.MoMLSimpleApplication@3889e523
reloadAllAccessors: .MaxIndex

===========================================================================================
----------------- testing Fri Jul 27 01:41:36 UTC 2018 /home/travis/build/icyphy/ptII/ptolemy/actor/lib/test/auto/Maximum.xml
----------------- Instantiating /home/travis/build/icyphy/ptII/ptolemy/actor/lib/test/auto/Maximum.xml
8 ms. Memory: 1645568K Free: 781384K (47%)
----------------- Invoking toplevel() on ptolemy.moml.MoMLSimpleApplication@49703e57
----------------- Done invoking toplevel() on ptolemy.moml.MoMLSimpleApplication@49703e57
reloadAllAccessors: .Maximum

===========================================================================================
----------------- testing Fri Jul 27 01:41:36 UTC 2018 /home/travis/build/icyphy/ptII/ptolemy/actor/lib/test/auto/MaximumComplex.xml
----------------- Instantiating /home/travis/build/icyphy/ptII/ptolemy/actor/lib/test/auto/MaximumComplex.xml
4 ms. Memory: 1645568K Free: 765886K (47%)
----------------- Invoking toplevel() on ptolemy.moml.MoMLSimpleApplication@76e82aca
----------------- Done invoking toplevel() on ptolemy.moml.MoMLSimpleApplication@76e82aca
reloadAllAccessors: .MaximumComplex

===========================================================================================
----------------- testing Fri Jul 27 01:41:36 UTC 2018 /home/travis/build/icyphy/ptII/ptolemy/actor/lib/test/auto/MethodCallTest.xml
----------------- Instantiating /home/travis/build/icyphy/ptII/ptolemy/actor/lib/test/auto/MethodCallTest.xml
3 ms. Memory: 1645568K Free: 750388K (46%)
----------------- Invoking toplevel() on ptolemy.moml.MoMLSimpleApplication@5b8c4d17
----------------- Done invoking toplevel() on ptolemy.moml.MoMLSimpleApplication@5b8c4d17
reloadAllAccessors: .MethodCallTest

===========================================================================================
----------------- testing Fri Jul 27 01:41:36 UTC 2018 /home/travis/build/icyphy/ptII/ptolemy/actor/lib/test/auto/Minimum.xml
----------------- Instantiating /home/travis/build/icyphy/ptII/ptolemy/actor/lib/test/auto/Minimum.xml
2 ms. Memory: 1645568K Free: 726513K (44%)
----------------- Invoking toplevel() on ptolemy.moml.MoMLSimpleApplication@5f7e0599
----------------- Done invoking toplevel() on ptolemy.moml.MoMLSimpleApplication@5f7e0599
reloadAllAccessors: .Minimum

===========================================================================================
----------------- testing Fri Jul 27 01:41:36 UTC 2018 /home/travis/build/icyphy/ptII/ptolemy/actor/lib/test/auto/MinimumComplex.xml
----------------- Instantiating /home/travis/build/icyphy/ptII/ptolemy/actor/lib/test/auto/MinimumComplex.xml
3 ms. Memory: 1645568K Free: 711014K (43%)
----------------- Invoking toplevel() on ptolemy.moml.MoMLSimpleApplication@214e2d0e
----------------- Done invoking toplevel() on ptolemy.moml.MoMLSimpleApplication@214e2d0e
reloadAllAccessors: .MinimumComplex

===========================================================================================
----------------- testing Fri Jul 27 01:41:36 UTC 2018 /home/travis/build/icyphy/ptII/ptolemy/actor/lib/test/auto/MinimumMultiports.xml
----------------- Instantiating /home/travis/build/icyphy/ptII/ptolemy/actor/lib/test/auto/MinimumMultiports.xml
4 ms. Memory: 1645568K Free: 695516K (42%)
----------------- Invoking toplevel() on ptolemy.moml.MoMLSimpleApplication@47198f7b
----------------- Done invoking toplevel() on ptolemy.moml.MoMLSimpleApplication@47198f7b
reloadAllAccessors: .MinimumMultiports

===========================================================================================
----------------- testing Fri Jul 27 01:41:36 UTC 2018 /home/travis/build/icyphy/ptII/ptolemy/actor/lib/test/auto/ModifyDate.xml
----------------- Instantiating /home/travis/build/icyphy/ptII/ptolemy/actor/lib/test/auto/ModifyDate.xml
6 ms. Memory: 1645568K Free: 663876K (40%)
----------------- Invoking toplevel() on ptolemy.moml.MoMLSimpleApplication@3a9894e1
----------------- Done invoking toplevel() on ptolemy.moml.MoMLSimpleApplication@3a9894e1
reloadAllAccessors: .ModifyDate

===========================================================================================
----------------- testing Fri Jul 27 01:41:36 UTC 2018 /home/travis/build/icyphy/ptII/ptolemy/actor/lib/test/auto/ModifyDate2.xml
----------------- Instantiating /home/travis/build/icyphy/ptII/ptolemy/actor/lib/test/auto/ModifyDate2.xml
7 ms. Memory: 1645568K Free: 640613K (39%)
----------------- Invoking toplevel() on ptolemy.moml.MoMLSimpleApplication@6869b057
----------------- Done invoking toplevel() on ptolemy.moml.MoMLSimpleApplication@6869b057
reloadAllAccessors: .ModifyDate2

===========================================================================================
----------------- testing Fri Jul 27 01:41:36 UTC 2018 /home/travis/build/icyphy/ptII/ptolemy/actor/lib/test/auto/MovingAverage.xml
----------------- Instantiating /home/travis/build/icyphy/ptII/ptolemy/actor/lib/test/auto/MovingAverage.xml
1 ms. Memory: 1645568K Free: 625115K (38%)
----------------- Invoking toplevel() on ptolemy.moml.MoMLSimpleApplication@772eed62
----------------- Done invoking toplevel() on ptolemy.moml.MoMLSimpleApplication@772eed62
reloadAllAccessors: .MovingAverage

===========================================================================================
----------------- testing Fri Jul 27 01:41:36 UTC 2018 /home/travis/build/icyphy/ptII/ptolemy/actor/lib/test/auto/MovingMaximum.xml
----------------- Instantiating /home/travis/build/icyphy/ptII/ptolemy/actor/lib/test/auto/MovingMaximum.xml
2 ms. Memory: 1645568K Free: 609616K (37%)
----------------- Invoking toplevel() on ptolemy.moml.MoMLSimpleApplication@1b94adff
----------------- Done invoking toplevel() on ptolemy.moml.MoMLSimpleApplication@1b94adff
reloadAllAccessors: .MovingMaximum

===========================================================================================
----------------- testing Fri Jul 27 01:41:36 UTC 2018 /home/travis/build/icyphy/ptII/ptolemy/actor/lib/test/auto/MultipleLinksToSameRelation.xml
----------------- Instantiating /home/travis/build/icyphy/ptII/ptolemy/actor/lib/test/auto/MultipleLinksToSameRelation.xml
2 ms. Memory: 1645568K Free: 585742K (36%)
----------------- Invoking toplevel() on ptolemy.moml.MoMLSimpleApplication@29e47161
----------------- Done invoking toplevel() on ptolemy.moml.MoMLSimpleApplication@29e47161
reloadAllAccessors: .MultipleLinksToSameRelation

===========================================================================================
----------------- testing Fri Jul 27 01:41:36 UTC 2018 /home/travis/build/icyphy/ptII/ptolemy/actor/lib/test/auto/MultipleLinksToSameRelationDE.xml
----------------- Instantiating /home/travis/build/icyphy/ptII/ptolemy/actor/lib/test/auto/MultipleLinksToSameRelationDE.xml
2 ms. Memory: 1645568K Free: 570244K (35%)
----------------- Invoking toplevel() on ptolemy.moml.MoMLSimpleApplication@7a5ec47c
----------------- Done invoking toplevel() on ptolemy.moml.MoMLSimpleApplication@7a5ec47c
reloadAllAccessors: .MultipleLinksToSameRelationDE

===========================================================================================
----------------- testing Fri Jul 27 01:41:36 UTC 2018 /home/travis/build/icyphy/ptII/ptolemy/actor/lib/test/auto/Multiplexor.xml
----------------- Instantiating /home/travis/build/icyphy/ptII/ptolemy/actor/lib/test/auto/Multiplexor.xml
2 ms. Memory: 1645568K Free: 554745K (34%)
----------------- Invoking toplevel() on ptolemy.moml.MoMLSimpleApplication@47ef4163
----------------- Done invoking toplevel() on ptolemy.moml.MoMLSimpleApplication@47ef4163
reloadAllAccessors: .Multiplexor

===========================================================================================
----------------- testing Fri Jul 27 01:41:36 UTC 2018 /home/travis/build/icyphy/ptII/ptolemy/actor/lib/test/auto/Multiplexor1.xml
----------------- Instantiating /home/travis/build/icyphy/ptII/ptolemy/actor/lib/test/auto/Multiplexor1.xml
1 ms. Memory: 1645568K Free: 530871K (32%)
----------------- Invoking toplevel() on ptolemy.moml.MoMLSimpleApplication@6563686c
----------------- Done invoking toplevel() on ptolemy.moml.MoMLSimpleApplication@6563686c
reloadAllAccessors: .Multiplexor1

===========================================================================================
----------------- testing Fri Jul 27 01:41:36 UTC 2018 /home/travis/build/icyphy/ptII/ptolemy/actor/lib/test/auto/Multiplexor2.xml
----------------- Instantiating /home/travis/build/icyphy/ptII/ptolemy/actor/lib/test/auto/Multiplexor2.xml
4 ms. Memory: 1645568K Free: 515372K (31%)
----------------- Invoking toplevel() on ptolemy.moml.MoMLSimpleApplication@5784a6f
----------------- Done invoking toplevel() on ptolemy.moml.MoMLSimpleApplication@5784a6f
reloadAllAccessors: .Multiplexor2

===========================================================================================
----------------- testing Fri Jul 27 01:41:36 UTC 2018 /home/travis/build/icyphy/ptII/ptolemy/actor/lib/test/auto/Multiplexor3.xml
----------------- Instantiating /home/travis/build/icyphy/ptII/ptolemy/actor/lib/test/auto/Multiplexor3.xml
2 ms. Memory: 1645568K Free: 499874K (30%)
----------------- Invoking toplevel() on ptolemy.moml.MoMLSimpleApplication@e29e2ec
----------------- Done invoking toplevel() on ptolemy.moml.MoMLSimpleApplication@e29e2ec
reloadAllAccessors: .Multiplexor3

===========================================================================================
----------------- testing Fri Jul 27 01:41:36 UTC 2018 /home/travis/build/icyphy/ptII/ptolemy/actor/lib/test/auto/MultiplexorDE.xml
----------------- Instantiating /home/travis/build/icyphy/ptII/ptolemy/actor/lib/test/auto/MultiplexorDE.xml
5 ms. Memory: 1645568K Free: 484376K (29%)
----------------- Invoking toplevel() on ptolemy.moml.MoMLSimpleApplication@601d120c
----------------- Done invoking toplevel() on ptolemy.moml.MoMLSimpleApplication@601d120c
reloadAllAccessors: .MultiplexorDE

===========================================================================================
----------------- testing Fri Jul 27 01:41:36 UTC 2018 /home/travis/build/icyphy/ptII/ptolemy/actor/lib/test/auto/MultiportBroadcastTest.xml
----------------- Instantiating /home/travis/build/icyphy/ptII/ptolemy/actor/lib/test/auto/MultiportBroadcastTest.xml
98 ms. Memory: 1645568K Free: 460501K (28%)
----------------- Invoking toplevel() on ptolemy.moml.MoMLSimpleApplication@270f7b1e
----------------- Done invoking toplevel() on ptolemy.moml.MoMLSimpleApplication@270f7b1e
reloadAllAccessors: .MultiportBroadcastTest

===========================================================================================
----------------- testing Fri Jul 27 01:41:36 UTC 2018 /home/travis/build/icyphy/ptII/ptolemy/actor/lib/test/auto/MultiportOutHangDuringGetWidth.xml
----------------- Instantiating /home/travis/build/icyphy/ptII/ptolemy/actor/lib/test/auto/MultiportOutHangDuringGetWidth.xml
6 ms. Memory: 1645568K Free: 437246K (27%)
----------------- Invoking toplevel() on ptolemy.moml.MoMLSimpleApplication@3ac97bb5
----------------- Done invoking toplevel() on ptolemy.moml.MoMLSimpleApplication@3ac97bb5
reloadAllAccessors: .MultiportOutHangDuringGetWidth

===========================================================================================
----------------- testing Fri Jul 27 01:41:36 UTC 2018 /home/travis/build/icyphy/ptII/ptolemy/actor/lib/test/auto/NilToken.xml
----------------- Instantiating /home/travis/build/icyphy/ptII/ptolemy/actor/lib/test/auto/NilToken.xml
4 ms. Memory: 1645568K Free: 421747K (26%)
----------------- Invoking toplevel() on ptolemy.moml.MoMLSimpleApplication@7120056e
----------------- Done invoking toplevel() on ptolemy.moml.MoMLSimpleApplication@7120056e
reloadAllAccessors: .NilToken

===========================================================================================
----------------- testing Fri Jul 27 01:41:36 UTC 2018 /home/travis/build/icyphy/ptII/ptolemy/actor/lib/test/auto/NilTokenNonStrictTest.xml
----------------- Instantiating /home/travis/build/icyphy/ptII/ptolemy/actor/lib/test/auto/NilTokenNonStrictTest.xml
4 ms. Memory: 1645568K Free: 397873K (24%)
----------------- Invoking toplevel() on ptolemy.moml.MoMLSimpleApplication@26dfe2f3
----------------- Done invoking toplevel() on ptolemy.moml.MoMLSimpleApplication@26dfe2f3
reloadAllAccessors: .NilTokenNonStrictTest

===========================================================================================
----------------- testing Fri Jul 27 01:41:36 UTC 2018 /home/travis/build/icyphy/ptII/ptolemy/actor/lib/test/auto/NilTokenRecord.xml
----------------- Instantiating /home/travis/build/icyphy/ptII/ptolemy/actor/lib/test/auto/NilTokenRecord.xml
6 ms. Memory: 1645568K Free: 382374K (23%)
----------------- Invoking toplevel() on ptolemy.moml.MoMLSimpleApplication@53b99e47
----------------- Done invoking toplevel() on ptolemy.moml.MoMLSimpleApplication@53b99e47
reloadAllAccessors: .NilTokenRecord

===========================================================================================
----------------- testing Fri Jul 27 01:41:36 UTC 2018 /home/travis/build/icyphy/ptII/ptolemy/actor/lib/test/auto/NilTokenTypeTest.xml
----------------- Instantiating /home/travis/build/icyphy/ptII/ptolemy/actor/lib/test/auto/NilTokenTypeTest.xml
11 ms. Memory: 1645568K Free: 359111K (22%)
----------------- Invoking toplevel() on ptolemy.moml.MoMLSimpleApplication@e3fba0b
----------------- Done invoking toplevel() on ptolemy.moml.MoMLSimpleApplication@e3fba0b
reloadAllAccessors: .NilTokenTypeTest

===========================================================================================
----------------- testing Fri Jul 27 01:41:36 UTC 2018 /home/travis/build/icyphy/ptII/ptolemy/actor/lib/test/auto/ObjectToken1.xml
----------------- Instantiating /home/travis/build/icyphy/ptII/ptolemy/actor/lib/test/auto/ObjectToken1.xml
3 ms. Memory: 1645568K Free: 343613K (21%)
----------------- Invoking toplevel() on ptolemy.moml.MoMLSimpleApplication@508bc4a5
----------------- Done invoking toplevel() on ptolemy.moml.MoMLSimpleApplication@508bc4a5
reloadAllAccessors: .ObjectToken1

===========================================================================================
----------------- testing Fri Jul 27 01:41:36 UTC 2018 /home/travis/build/icyphy/ptII/ptolemy/actor/lib/test/auto/OrderedMerge.xml
----------------- Instantiating /home/travis/build/icyphy/ptII/ptolemy/actor/lib/test/auto/OrderedMerge.xml
7 ms. Memory: 1645568K Free: 288741K (18%)
----------------- Invoking toplevel() on ptolemy.moml.MoMLSimpleApplication@39ca5927
----------------- Done invoking toplevel() on ptolemy.moml.MoMLSimpleApplication@39ca5927
reloadAllAccessors: .OrderedMerge

===========================================================================================
----------------- testing Fri Jul 27 01:41:36 UTC 2018 /home/travis/build/icyphy/ptII/ptolemy/actor/lib/test/auto/OrderedRecordDisassembler.xml
----------------- Instantiating /home/travis/build/icyphy/ptII/ptolemy/actor/lib/test/auto/OrderedRecordDisassembler.xml
3 ms. Memory: 1645568K Free: 273243K (17%)
----------------- Invoking toplevel() on ptolemy.moml.MoMLSimpleApplication@2403b982
----------------- Done invoking toplevel() on ptolemy.moml.MoMLSimpleApplication@2403b982
reloadAllAccessors: .OrderedRecordDisassembler

===========================================================================================
----------------- testing Fri Jul 27 01:41:37 UTC 2018 /home/travis/build/icyphy/ptII/ptolemy/actor/lib/test/auto/OrderedRecordDisassembler2.xml
----------------- Instantiating /home/travis/build/icyphy/ptII/ptolemy/actor/lib/test/auto/OrderedRecordDisassembler2.xml
4 ms. Memory: 1645568K Free: 257745K (16%)
----------------- Invoking toplevel() on ptolemy.moml.MoMLSimpleApplication@4a4b3d36
----------------- Done invoking toplevel() on ptolemy.moml.MoMLSimpleApplication@4a4b3d36
reloadAllAccessors: .OrderedRecordDisassembler2

===========================================================================================
----------------- testing Fri Jul 27 01:41:37 UTC 2018 /home/travis/build/icyphy/ptII/ptolemy/actor/lib/test/auto/OrderedRecordUpdater.xml
----------------- Instantiating /home/travis/build/icyphy/ptII/ptolemy/actor/lib/test/auto/OrderedRecordUpdater.xml
2 ms. Memory: 1645568K Free: 233870K (14%)
----------------- Invoking toplevel() on ptolemy.moml.MoMLSimpleApplication@cee8d23
----------------- Done invoking toplevel() on ptolemy.moml.MoMLSimpleApplication@cee8d23
reloadAllAccessors: .RecordUpdater

===========================================================================================
----------------- testing Fri Jul 27 01:41:37 UTC 2018 /home/travis/build/icyphy/ptII/ptolemy/actor/lib/test/auto/OrderedRecordUpdater2.xml
----------------- Instantiating /home/travis/build/icyphy/ptII/ptolemy/actor/lib/test/auto/OrderedRecordUpdater2.xml
3 ms. Memory: 1645568K Free: 218372K (13%)
----------------- Invoking toplevel() on ptolemy.moml.MoMLSimpleApplication@56319b79
----------------- Done invoking toplevel() on ptolemy.moml.MoMLSimpleApplication@56319b79
reloadAllAccessors: .RecordUpdater2

===========================================================================================
----------------- testing Fri Jul 27 01:41:37 UTC 2018 /home/travis/build/icyphy/ptII/ptolemy/actor/lib/test/auto/PhaseUnwrap.xml
----------------- Instantiating /home/travis/build/icyphy/ptII/ptolemy/actor/lib/test/auto/PhaseUnwrap.xml
2 ms. Memory: 1645568K Free: 202874K (12%)
----------------- Invoking toplevel() on ptolemy.moml.MoMLSimpleApplication@6a192d9e
----------------- Done invoking toplevel() on ptolemy.moml.MoMLSimpleApplication@6a192d9e
reloadAllAccessors: .PhaseUnwrap

===========================================================================================
----------------- testing Fri Jul 27 01:41:37 UTC 2018 /home/travis/build/icyphy/ptII/ptolemy/actor/lib/test/auto/PoissonClock.xml
----------------- Instantiating /home/travis/build/icyphy/ptII/ptolemy/actor/lib/test/auto/PoissonClock.xml
1 ms. Memory: 1645568K Free: 187375K (11%)
----------------- Invoking toplevel() on ptolemy.moml.MoMLSimpleApplication@6cf3ed6c
----------------- Done invoking toplevel() on ptolemy.moml.MoMLSimpleApplication@6cf3ed6c
reloadAllAccessors: .PoissonClock

===========================================================================================
----------------- testing Fri Jul 27 01:41:37 UTC 2018 /home/travis/build/icyphy/ptII/ptolemy/actor/lib/test/auto/PoissonClock2.xml
----------------- Instantiating /home/travis/build/icyphy/ptII/ptolemy/actor/lib/test/auto/PoissonClock2.xml
2 ms. Memory: 1645568K Free: 163501K (10%)
----------------- Invoking toplevel() on ptolemy.moml.MoMLSimpleApplication@39852d10
----------------- Done invoking toplevel() on ptolemy.moml.MoMLSimpleApplication@39852d10
reloadAllAccessors: .PoissonClock2

===========================================================================================
----------------- testing Fri Jul 27 01:41:37 UTC 2018 /home/travis/build/icyphy/ptII/ptolemy/actor/lib/test/auto/PoissonClock3.xml
----------------- Instantiating /home/travis/build/icyphy/ptII/ptolemy/actor/lib/test/auto/PoissonClock3.xml
1 ms. Memory: 1645568K Free: 148002K (9%)
----------------- Invoking toplevel() on ptolemy.moml.MoMLSimpleApplication@395270e4
----------------- Done invoking toplevel() on ptolemy.moml.MoMLSimpleApplication@395270e4
reloadAllAccessors: .PoissonClock3

===========================================================================================
----------------- testing Fri Jul 27 01:41:37 UTC 2018 /home/travis/build/icyphy/ptII/ptolemy/actor/lib/test/auto/PubSubWithInitialTokens.xml
----------------- Instantiating /home/travis/build/icyphy/ptII/ptolemy/actor/lib/test/auto/PubSubWithInitialTokens.xml
2 ms. Memory: 1645568K Free: 132504K (8%)
----------------- Invoking toplevel() on ptolemy.moml.MoMLSimpleApplication@143e3bed
----------------- Done invoking toplevel() on ptolemy.moml.MoMLSimpleApplication@143e3bed
reloadAllAccessors: .PubSubWithInitialTokens

===========================================================================================
----------------- testing Fri Jul 27 01:41:37 UTC 2018 /home/travis/build/icyphy/ptII/ptolemy/actor/lib/test/auto/PubSubWithInitialTokens2.xml
----------------- Instantiating /home/travis/build/icyphy/ptII/ptolemy/actor/lib/test/auto/PubSubWithInitialTokens2.xml
2 ms. Memory: 1645568K Free: 108629K (7%)
----------------- Invoking toplevel() on ptolemy.moml.MoMLSimpleApplication@706abf1
----------------- Done invoking toplevel() on ptolemy.moml.MoMLSimpleApplication@706abf1
reloadAllAccessors: .PubSubWithInitialTokens2

===========================================================================================
----------------- testing Fri Jul 27 01:41:37 UTC 2018 /home/travis/build/icyphy/ptII/ptolemy/actor/lib/test/auto/PublisherClassNoParameter.xml
----------------- Instantiating /home/travis/build/icyphy/ptII/ptolemy/actor/lib/test/auto/PublisherClassNoParameter.xml
3 ms. Memory: 1645568K Free: 85382K (5%)
----------------- Invoking toplevel() on ptolemy.moml.MoMLSimpleApplication@3dadc3ac
----------------- Done invoking toplevel() on ptolemy.moml.MoMLSimpleApplication@3dadc3ac
reloadAllAccessors: .PublisherClassNoParameter

===========================================================================================
----------------- testing Fri Jul 27 01:41:37 UTC 2018 /home/travis/build/icyphy/ptII/ptolemy/actor/lib/test/auto/PublisherClassParameter.xml
----------------- Instantiating /home/travis/build/icyphy/ptII/ptolemy/actor/lib/test/auto/PublisherClassParameter.xml
2 ms. Memory: 1645568K Free: 62119K (4%)
----------------- Invoking toplevel() on ptolemy.moml.MoMLSimpleApplication@2baadf87
----------------- Done invoking toplevel() on ptolemy.moml.MoMLSimpleApplication@2baadf87
reloadAllAccessors: .PublisherClassParameter

===========================================================================================
----------------- testing Fri Jul 27 01:41:37 UTC 2018 /home/travis/build/icyphy/ptII/ptolemy/actor/lib/test/auto/PublisherNonStrictTest.xml
----------------- Instantiating /home/travis/build/icyphy/ptII/ptolemy/actor/lib/test/auto/PublisherNonStrictTest.xml
3 ms. Memory: 1764352K Free: 1712853K (97%)
----------------- Invoking toplevel() on ptolemy.moml.MoMLSimpleApplication@2e69ffb1
----------------- Done invoking toplevel() on ptolemy.moml.MoMLSimpleApplication@2e69ffb1
reloadAllAccessors: .PublisherNonStrictTest

===========================================================================================
----------------- testing Fri Jul 27 01:41:37 UTC 2018 /home/travis/build/icyphy/ptII/ptolemy/actor/lib/test/auto/PublisherPort1.xml
----------------- Instantiating /home/travis/build/icyphy/ptII/ptolemy/actor/lib/test/auto/PublisherPort1.xml
2 ms. Memory: 1764352K Free: 1689124K (96%)
----------------- Invoking toplevel() on ptolemy.moml.MoMLSimpleApplication@42886e10
----------------- Done invoking toplevel() on ptolemy.moml.MoMLSimpleApplication@42886e10
reloadAllAccessors: .PublisherPort1

===========================================================================================
----------------- testing Fri Jul 27 01:41:37 UTC 2018 /home/travis/build/icyphy/ptII/ptolemy/actor/lib/test/auto/PublisherPort2.xml
----------------- Instantiating /home/travis/build/icyphy/ptII/ptolemy/actor/lib/test/auto/PublisherPort2.xml
2 ms. Memory: 1764352K Free: 1672618K (95%)
----------------- Invoking toplevel() on ptolemy.moml.MoMLSimpleApplication@44cfb2a9
----------------- Done invoking toplevel() on ptolemy.moml.MoMLSimpleApplication@44cfb2a9
reloadAllAccessors: .PublisherPort2

===========================================================================================
----------------- testing Fri Jul 27 01:41:37 UTC 2018 /home/travis/build/icyphy/ptII/ptolemy/actor/lib/test/auto/PublisherPort3.xml
----------------- Instantiating /home/travis/build/icyphy/ptII/ptolemy/actor/lib/test/auto/PublisherPort3.xml
9 ms. Memory: 1764352K Free: 1656111K (94%)
----------------- Invoking toplevel() on ptolemy.moml.MoMLSimpleApplication@460b4ba4
----------------- Done invoking toplevel() on ptolemy.moml.MoMLSimpleApplication@460b4ba4
reloadAllAccessors: .PublisherPort3

===========================================================================================
----------------- testing Fri Jul 27 01:41:37 UTC 2018 /home/travis/build/icyphy/ptII/ptolemy/actor/lib/test/auto/PublisherPort4.xml
----------------- Instantiating /home/travis/build/icyphy/ptII/ptolemy/actor/lib/test/auto/PublisherPort4.xml
2 ms. Memory: 1764352K Free: 1632382K (93%)
----------------- Invoking toplevel() on ptolemy.moml.MoMLSimpleApplication@7fac420c
----------------- Done invoking toplevel() on ptolemy.moml.MoMLSimpleApplication@7fac420c
reloadAllAccessors: .PublisherPort4

===========================================================================================
----------------- testing Fri Jul 27 01:41:37 UTC 2018 /home/travis/build/icyphy/ptII/ptolemy/actor/lib/test/auto/PublisherPort5.xml
----------------- Instantiating /home/travis/build/icyphy/ptII/ptolemy/actor/lib/test/auto/PublisherPort5.xml
3 ms. Memory: 1764352K Free: 1615875K (92%)
----------------- Invoking toplevel() on ptolemy.moml.MoMLSimpleApplication@738df763
----------------- Done invoking toplevel() on ptolemy.moml.MoMLSimpleApplication@738df763
reloadAllAccessors: .PublisherPort5

===========================================================================================
----------------- testing Fri Jul 27 01:41:37 UTC 2018 /home/travis/build/icyphy/ptII/ptolemy/actor/lib/test/auto/PublisherPort5LookAlike.xml
----------------- Instantiating /home/travis/build/icyphy/ptII/ptolemy/actor/lib/test/auto/PublisherPort5LookAlike.xml
3 ms. Memory: 1764352K Free: 1599274K (91%)
----------------- Invoking toplevel() on ptolemy.moml.MoMLSimpleApplication@6b45ae9e
----------------- Done invoking toplevel() on ptolemy.moml.MoMLSimpleApplication@6b45ae9e
reloadAllAccessors: .PublisherPort5LookAlike

===========================================================================================
----------------- testing Fri Jul 27 01:41:37 UTC 2018 /home/travis/build/icyphy/ptII/ptolemy/actor/lib/test/auto/PublisherPort6.xml
----------------- Instantiating /home/travis/build/icyphy/ptII/ptolemy/actor/lib/test/auto/PublisherPort6.xml
2 ms. Memory: 1764352K Free: 1575545K (89%)
----------------- Invoking toplevel() on ptolemy.moml.MoMLSimpleApplication@75c4f228
----------------- Done invoking toplevel() on ptolemy.moml.MoMLSimpleApplication@75c4f228
reloadAllAccessors: .PublisherPort6

===========================================================================================
----------------- testing Fri Jul 27 01:41:37 UTC 2018 /home/travis/build/icyphy/ptII/ptolemy/actor/lib/test/auto/PublisherPort7.xml
----------------- Instantiating /home/travis/build/icyphy/ptII/ptolemy/actor/lib/test/auto/PublisherPort7.xml
4 ms. Memory: 1764352K Free: 1559039K (88%)
----------------- Invoking toplevel() on ptolemy.moml.MoMLSimpleApplication@57359cd8
----------------- Done invoking toplevel() on ptolemy.moml.MoMLSimpleApplication@57359cd8
reloadAllAccessors: .PublisherPort7

===========================================================================================
----------------- testing Fri Jul 27 01:41:37 UTC 2018 /home/travis/build/icyphy/ptII/ptolemy/actor/lib/test/auto/PublisherPort8.xml
----------------- Instantiating /home/travis/build/icyphy/ptII/ptolemy/actor/lib/test/auto/PublisherPort8.xml
4 ms. Memory: 1764352K Free: 1542532K (87%)
----------------- Invoking toplevel() on ptolemy.moml.MoMLSimpleApplication@62222118
----------------- Done invoking toplevel() on ptolemy.moml.MoMLSimpleApplication@62222118
reloadAllAccessors: .PublisherPort8

===========================================================================================
----------------- testing Fri Jul 27 01:41:37 UTC 2018 /home/travis/build/icyphy/ptII/ptolemy/actor/lib/test/auto/PublisherPortSubscriberChannelVariablesAOC2.xml
----------------- Instantiating /home/travis/build/icyphy/ptII/ptolemy/actor/lib/test/auto/PublisherPortSubscriberChannelVariablesAOC2.xml
3 ms. Memory: 1764352K Free: 1510534K (86%)
----------------- Invoking toplevel() on ptolemy.moml.MoMLSimpleApplication@4ea61480
----------------- Done invoking toplevel() on ptolemy.moml.MoMLSimpleApplication@4ea61480
reloadAllAccessors: .PublisherPortSubscriberChannelVariablesAOC2

===========================================================================================
----------------- testing Fri Jul 27 01:41:37 UTC 2018 /home/travis/build/icyphy/ptII/ptolemy/actor/lib/test/auto/PublisherPortSubscriberOpaqueWidthInference.xml
----------------- Instantiating /home/travis/build/icyphy/ptII/ptolemy/actor/lib/test/auto/PublisherPortSubscriberOpaqueWidthInference.xml
3 ms. Memory: 1764352K Free: 1494027K (85%)
----------------- Invoking toplevel() on ptolemy.moml.MoMLSimpleApplication@a2abb9f
----------------- Done invoking toplevel() on ptolemy.moml.MoMLSimpleApplication@a2abb9f
reloadAllAccessors: .PublisherPortSubscriberOpaqueWidthInference

===========================================================================================
----------------- testing Fri Jul 27 01:41:37 UTC 2018 /home/travis/build/icyphy/ptII/ptolemy/actor/lib/test/auto/PublisherPortSubscriberPortAdjacent.xml
----------------- Instantiating /home/travis/build/icyphy/ptII/ptolemy/actor/lib/test/auto/PublisherPortSubscriberPortAdjacent.xml
1 ms. Memory: 1764352K Free: 1477520K (84%)
----------------- Invoking toplevel() on ptolemy.moml.MoMLSimpleApplication@381bd705
----------------- Done invoking toplevel() on ptolemy.moml.MoMLSimpleApplication@381bd705
reloadAllAccessors: .PublisherPortSubscriberPortAdjacent

===========================================================================================
----------------- testing Fri Jul 27 01:41:37 UTC 2018 /home/travis/build/icyphy/ptII/ptolemy/actor/lib/test/auto/PublisherPortSubscriberPortExpression.xml
----------------- Instantiating /home/travis/build/icyphy/ptII/ptolemy/actor/lib/test/auto/PublisherPortSubscriberPortExpression.xml
3 ms. Memory: 1764352K Free: 1453791K (82%)
----------------- Invoking toplevel() on ptolemy.moml.MoMLSimpleApplication@7c9d5720
----------------- Done invoking toplevel() on ptolemy.moml.MoMLSimpleApplication@7c9d5720
reloadAllAccessors: .PublisherPortSubscriberPortExpression

===========================================================================================
----------------- testing Fri Jul 27 01:41:37 UTC 2018 /home/travis/build/icyphy/ptII/ptolemy/actor/lib/test/auto/PublisherPortSubscriberPortOpaqueD3Reverse.xml
----------------- Instantiating /home/travis/build/icyphy/ptII/ptolemy/actor/lib/test/auto/PublisherPortSubscriberPortOpaqueD3Reverse.xml
5 ms. Memory: 1764352K Free: 1437284K (81%)
----------------- Invoking toplevel() on ptolemy.moml.MoMLSimpleApplication@29e95b03
----------------- Done invoking toplevel() on ptolemy.moml.MoMLSimpleApplication@29e95b03
reloadAllAccessors: .PublisherPortSubscriberPortOpaqueD3Reverse

===========================================================================================
----------------- testing Fri Jul 27 01:41:37 UTC 2018 /home/travis/build/icyphy/ptII/ptolemy/actor/lib/test/auto/PublisherPortSubscriberPortOpaqueWidthInference.xml
----------------- Instantiating /home/travis/build/icyphy/ptII/ptolemy/actor/lib/test/auto/PublisherPortSubscriberPortOpaqueWidthInference.xml
3 ms. Memory: 1764352K Free: 1420777K (81%)
----------------- Invoking toplevel() on ptolemy.moml.MoMLSimpleApplication@37734a0a
----------------- Done invoking toplevel() on ptolemy.moml.MoMLSimpleApplication@37734a0a
reloadAllAccessors: .PublisherPortSubscriberPortOpaqueWidthInference

===========================================================================================
----------------- testing Fri Jul 27 01:41:37 UTC 2018 /home/travis/build/icyphy/ptII/ptolemy/actor/lib/test/auto/PublisherPortToplevelSubscriberPortAOC.xml
----------------- Instantiating /home/travis/build/icyphy/ptII/ptolemy/actor/lib/test/auto/PublisherPortToplevelSubscriberPortAOC.xml
.PublisherPortToplevelSubscriberPortAOC.TestExceptionAttribute: initialize() was not invoked, but wrapup() was.  This is unusual, but not always a problem.  For example, exporting JNLP will do this.
0 ms. Memory: 1764352K Free: 1397049K (79%)
----------------- Invoking toplevel() on ptolemy.moml.MoMLSimpleApplication@67f7eedb
----------------- Done invoking toplevel() on ptolemy.moml.MoMLSimpleApplication@67f7eedb
reloadAllAccessors: .PublisherPortToplevelSubscriberPortAOC

===========================================================================================
----------------- testing Fri Jul 27 01:41:37 UTC 2018 /home/travis/build/icyphy/ptII/ptolemy/actor/lib/test/auto/PublisherSubscriber.xml
----------------- Instantiating /home/travis/build/icyphy/ptII/ptolemy/actor/lib/test/auto/PublisherSubscriber.xml
2 ms. Memory: 1764352K Free: 1380542K (78%)
----------------- Invoking toplevel() on ptolemy.moml.MoMLSimpleApplication@13b6f957
----------------- Done invoking toplevel() on ptolemy.moml.MoMLSimpleApplication@13b6f957
reloadAllAccessors: .PublisherSubscriber

===========================================================================================
----------------- testing Fri Jul 27 01:41:37 UTC 2018 /home/travis/build/icyphy/ptII/ptolemy/actor/lib/test/auto/PublisherSubscriber10.xml
----------------- Instantiating /home/travis/build/icyphy/ptII/ptolemy/actor/lib/test/auto/PublisherSubscriber10.xml
4 ms. Memory: 1764352K Free: 1364035K (77%)
----------------- Invoking toplevel() on ptolemy.moml.MoMLSimpleApplication@2c12679a
----------------- Done invoking toplevel() on ptolemy.moml.MoMLSimpleApplication@2c12679a
reloadAllAccessors: .PublisherSubscriber10

===========================================================================================
----------------- testing Fri Jul 27 01:41:37 UTC 2018 /home/travis/build/icyphy/ptII/ptolemy/actor/lib/test/auto/PublisherSubscriber10InitialOutputs.xml
----------------- Instantiating /home/travis/build/icyphy/ptII/ptolemy/actor/lib/test/auto/PublisherSubscriber10InitialOutputs.xml
5 ms. Memory: 1764352K Free: 1340307K (76%)
----------------- Invoking toplevel() on ptolemy.moml.MoMLSimpleApplication@33fd6076
----------------- Done invoking toplevel() on ptolemy.moml.MoMLSimpleApplication@33fd6076
reloadAllAccessors: .PublisherSubscriber10InitialOutputs

===========================================================================================
----------------- testing Fri Jul 27 01:41:37 UTC 2018 /home/travis/build/icyphy/ptII/ptolemy/actor/lib/test/auto/PublisherSubscriber11.xml
----------------- Instantiating /home/travis/build/icyphy/ptII/ptolemy/actor/lib/test/auto/PublisherSubscriber11.xml
2 ms. Memory: 1764352K Free: 1323800K (75%)
----------------- Invoking toplevel() on ptolemy.moml.MoMLSimpleApplication@7841c739
----------------- Done invoking toplevel() on ptolemy.moml.MoMLSimpleApplication@7841c739
reloadAllAccessors: .PublisherSubscriber11

===========================================================================================
----------------- testing Fri Jul 27 01:41:37 UTC 2018 /home/travis/build/icyphy/ptII/ptolemy/actor/lib/test/auto/PublisherSubscriber12.xml
----------------- Instantiating /home/travis/build/icyphy/ptII/ptolemy/actor/lib/test/auto/PublisherSubscriber12.xml
3 ms. Memory: 1764352K Free: 1307293K (74%)
----------------- Invoking toplevel() on ptolemy.moml.MoMLSimpleApplication@3bbaa124
----------------- Done invoking toplevel() on ptolemy.moml.MoMLSimpleApplication@3bbaa124
reloadAllAccessors: .PublisherSubscriber12

===========================================================================================
----------------- testing Fri Jul 27 01:41:37 UTC 2018 /home/travis/build/icyphy/ptII/ptolemy/actor/lib/test/auto/PublisherSubscriber13.xml
----------------- Instantiating /home/travis/build/icyphy/ptII/ptolemy/actor/lib/test/auto/PublisherSubscriber13.xml
2 ms. Memory: 1764352K Free: 1283564K (73%)
----------------- Invoking toplevel() on ptolemy.moml.MoMLSimpleApplication@1f842cc1
----------------- Done invoking toplevel() on ptolemy.moml.MoMLSimpleApplication@1f842cc1
reloadAllAccessors: .PublisherSubscriber13

===========================================================================================
----------------- testing Fri Jul 27 01:41:37 UTC 2018 /home/travis/build/icyphy/ptII/ptolemy/actor/lib/test/auto/PublisherSubscriber14.xml
----------------- Instantiating /home/travis/build/icyphy/ptII/ptolemy/actor/lib/test/auto/PublisherSubscriber14.xml
2 ms. Memory: 1764352K Free: 1267057K (72%)
----------------- Invoking toplevel() on ptolemy.moml.MoMLSimpleApplication@36f26103
----------------- Done invoking toplevel() on ptolemy.moml.MoMLSimpleApplication@36f26103
reloadAllAccessors: .PublisherSubscriber14

===========================================================================================
----------------- testing Fri Jul 27 01:41:37 UTC 2018 /home/travis/build/icyphy/ptII/ptolemy/actor/lib/test/auto/PublisherSubscriber2.xml
----------------- Instantiating /home/travis/build/icyphy/ptII/ptolemy/actor/lib/test/auto/PublisherSubscriber2.xml
1 ms. Memory: 1764352K Free: 1243329K (70%)
----------------- Invoking toplevel() on ptolemy.moml.MoMLSimpleApplication@2a4a0433
----------------- Done invoking toplevel() on ptolemy.moml.MoMLSimpleApplication@2a4a0433
reloadAllAccessors: .PublisherSubscriber2

===========================================================================================
----------------- testing Fri Jul 27 01:41:37 UTC 2018 /home/travis/build/icyphy/ptII/ptolemy/actor/lib/test/auto/PublisherSubscriber3.xml
----------------- Instantiating /home/travis/build/icyphy/ptII/ptolemy/actor/lib/test/auto/PublisherSubscriber3.xml
2 ms. Memory: 1764352K Free: 1226822K (70%)
----------------- Invoking toplevel() on ptolemy.moml.MoMLSimpleApplication@6f31ee2f
----------------- Done invoking toplevel() on ptolemy.moml.MoMLSimpleApplication@6f31ee2f
reloadAllAccessors: .PublisherSubscriber3

===========================================================================================
----------------- testing Fri Jul 27 01:41:37 UTC 2018 /home/travis/build/icyphy/ptII/ptolemy/actor/lib/test/auto/PublisherSubscriber4.xml
----------------- Instantiating /home/travis/build/icyphy/ptII/ptolemy/actor/lib/test/auto/PublisherSubscriber4.xml
2 ms. Memory: 1764352K Free: 1210315K (69%)
----------------- Invoking toplevel() on ptolemy.moml.MoMLSimpleApplication@30d52ef4
----------------- Done invoking toplevel() on ptolemy.moml.MoMLSimpleApplication@30d52ef4
reloadAllAccessors: .PublisherSubscriber4

===========================================================================================
----------------- testing Fri Jul 27 01:41:37 UTC 2018 /home/travis/build/icyphy/ptII/ptolemy/actor/lib/test/auto/PublisherSubscriber5.xml
----------------- Instantiating /home/travis/build/icyphy/ptII/ptolemy/actor/lib/test/auto/PublisherSubscriber5.xml
2 ms. Memory: 1764352K Free: 1186587K (67%)
----------------- Invoking toplevel() on ptolemy.moml.MoMLSimpleApplication@765a4427
----------------- Done invoking toplevel() on ptolemy.moml.MoMLSimpleApplication@765a4427
reloadAllAccessors: .PublisherSubscriber5

===========================================================================================
----------------- testing Fri Jul 27 01:41:37 UTC 2018 /home/travis/build/icyphy/ptII/ptolemy/actor/lib/test/auto/PublisherSubscriber6.xml
----------------- Instantiating /home/travis/build/icyphy/ptII/ptolemy/actor/lib/test/auto/PublisherSubscriber6.xml
2 ms. Memory: 1764352K Free: 1170080K (66%)
----------------- Invoking toplevel() on ptolemy.moml.MoMLSimpleApplication@294ba9b5
----------------- Done invoking toplevel() on ptolemy.moml.MoMLSimpleApplication@294ba9b5
reloadAllAccessors: .PublisherSubscriber6

===========================================================================================
----------------- testing Fri Jul 27 01:41:37 UTC 2018 /home/travis/build/icyphy/ptII/ptolemy/actor/lib/test/auto/PublisherSubscriber7.xml
----------------- Instantiating /home/travis/build/icyphy/ptII/ptolemy/actor/lib/test/auto/PublisherSubscriber7.xml
2 ms. Memory: 1764352K Free: 1153573K (65%)
----------------- Invoking toplevel() on ptolemy.moml.MoMLSimpleApplication@4418c225
----------------- Done invoking toplevel() on ptolemy.moml.MoMLSimpleApplication@4418c225
reloadAllAccessors: .PublisherSubscriber7

===========================================================================================
----------------- testing Fri Jul 27 01:41:37 UTC 2018 /home/travis/build/icyphy/ptII/ptolemy/actor/lib/test/auto/PublisherSubscriber8.xml
----------------- Instantiating /home/travis/build/icyphy/ptII/ptolemy/actor/lib/test/auto/PublisherSubscriber8.xml
8 ms. Memory: 1764352K Free: 1047310K (59%)
----------------- Invoking toplevel() on ptolemy.moml.MoMLSimpleApplication@78bc4550
----------------- Done invoking toplevel() on ptolemy.moml.MoMLSimpleApplication@78bc4550
reloadAllAccessors: .PublisherSubscriber8

===========================================================================================
----------------- testing Fri Jul 27 01:41:37 UTC 2018 /home/travis/build/icyphy/ptII/ptolemy/actor/lib/test/auto/PublisherSubscriber9.xml
----------------- Instantiating /home/travis/build/icyphy/ptII/ptolemy/actor/lib/test/auto/PublisherSubscriber9.xml
2 ms. Memory: 1764352K Free: 1030803K (58%)
----------------- Invoking toplevel() on ptolemy.moml.MoMLSimpleApplication@4be2d33b
----------------- Done invoking toplevel() on ptolemy.moml.MoMLSimpleApplication@4be2d33b
reloadAllAccessors: .PublisherSubscriber9

===========================================================================================
----------------- testing Fri Jul 27 01:41:37 UTC 2018 /home/travis/build/icyphy/ptII/ptolemy/actor/lib/test/auto/PublisherSubscriberAdjacent.xml
----------------- Instantiating /home/travis/build/icyphy/ptII/ptolemy/actor/lib/test/auto/PublisherSubscriberAdjacent.xml
2 ms. Memory: 1764352K Free: 1014296K (57%)
----------------- Invoking toplevel() on ptolemy.moml.MoMLSimpleApplication@8c02f06
----------------- Done invoking toplevel() on ptolemy.moml.MoMLSimpleApplication@8c02f06
reloadAllAccessors: .PublisherSubscriberAdjacent

===========================================================================================
----------------- testing Fri Jul 27 01:41:37 UTC 2018 /home/travis/build/icyphy/ptII/ptolemy/actor/lib/test/auto/PublisherSubscriberChannelVariablesAOC2.xml
----------------- Instantiating /home/travis/build/icyphy/ptII/ptolemy/actor/lib/test/auto/PublisherSubscriberChannelVariablesAOC2.xml
3 ms. Memory: 1764352K Free: 982306K (56%)
----------------- Invoking toplevel() on ptolemy.moml.MoMLSimpleApplication@5ef5b90b
----------------- Done invoking toplevel() on ptolemy.moml.MoMLSimpleApplication@5ef5b90b
reloadAllAccessors: .PublisherSubscriberChannelVariablesAOC2

===========================================================================================
----------------- testing Fri Jul 27 01:41:37 UTC 2018 /home/travis/build/icyphy/ptII/ptolemy/actor/lib/test/auto/PublisherSubscriberD3.xml
----------------- Instantiating /home/travis/build/icyphy/ptII/ptolemy/actor/lib/test/auto/PublisherSubscriberD3.xml
1 ms. Memory: 1764352K Free: 965799K (55%)
----------------- Invoking toplevel() on ptolemy.moml.MoMLSimpleApplication@2947d9ae
----------------- Done invoking toplevel() on ptolemy.moml.MoMLSimpleApplication@2947d9ae
reloadAllAccessors: .PublisherSubscriberD3

===========================================================================================
----------------- testing Fri Jul 27 01:41:37 UTC 2018 /home/travis/build/icyphy/ptII/ptolemy/actor/lib/test/auto/PublisherSubscriberD3Reverse.xml
----------------- Instantiating /home/travis/build/icyphy/ptII/ptolemy/actor/lib/test/auto/PublisherSubscriberD3Reverse.xml
2 ms. Memory: 1764352K Free: 949292K (54%)
----------------- Invoking toplevel() on ptolemy.moml.MoMLSimpleApplication@73839fac
----------------- Done invoking toplevel() on ptolemy.moml.MoMLSimpleApplication@73839fac
reloadAllAccessors: .PublisherSubscriberD3Reverse

===========================================================================================
----------------- testing Fri Jul 27 01:41:37 UTC 2018 /home/travis/build/icyphy/ptII/ptolemy/actor/lib/test/auto/PublisherSubscriberExpression.xml
----------------- Instantiating /home/travis/build/icyphy/ptII/ptolemy/actor/lib/test/auto/PublisherSubscriberExpression.xml
4 ms. Memory: 1764352K Free: 925563K (52%)
----------------- Invoking toplevel() on ptolemy.moml.MoMLSimpleApplication@e36493
----------------- Done invoking toplevel() on ptolemy.moml.MoMLSimpleApplication@e36493
reloadAllAccessors: .PublisherSubscriberExpression

===========================================================================================
----------------- testing Fri Jul 27 01:41:38 UTC 2018 /home/travis/build/icyphy/ptII/ptolemy/actor/lib/test/auto/PublisherSubscriberOpaque.xml
----------------- Instantiating /home/travis/build/icyphy/ptII/ptolemy/actor/lib/test/auto/PublisherSubscriberOpaque.xml
8 ms. Memory: 1764352K Free: 909057K (52%)
----------------- Invoking toplevel() on ptolemy.moml.MoMLSimpleApplication@4fdcf510
----------------- Done invoking toplevel() on ptolemy.moml.MoMLSimpleApplication@4fdcf510
reloadAllAccessors: .PublisherSubscriberOpaque

===========================================================================================
----------------- testing Fri Jul 27 01:41:38 UTC 2018 /home/travis/build/icyphy/ptII/ptolemy/actor/lib/test/auto/PublisherSubscriberOpaqueD3.xml
----------------- Instantiating /home/travis/build/icyphy/ptII/ptolemy/actor/lib/test/auto/PublisherSubscriberOpaqueD3.xml
4 ms. Memory: 1764352K Free: 884296K (50%)
----------------- Invoking toplevel() on ptolemy.moml.MoMLSimpleApplication@71ca6757
----------------- Done invoking toplevel() on ptolemy.moml.MoMLSimpleApplication@71ca6757
reloadAllAccessors: .PublisherSubscriberOpaqueD3

===========================================================================================
----------------- testing Fri Jul 27 01:41:38 UTC 2018 /home/travis/build/icyphy/ptII/ptolemy/actor/lib/test/auto/PublisherSubscriberOpaqueD3Reverse.xml
----------------- Instantiating /home/travis/build/icyphy/ptII/ptolemy/actor/lib/test/auto/PublisherSubscriberOpaqueD3Reverse.xml
7 ms. Memory: 1764352K Free: 860568K (49%)
----------------- Invoking toplevel() on ptolemy.moml.MoMLSimpleApplication@2c34f7c0
----------------- Done invoking toplevel() on ptolemy.moml.MoMLSimpleApplication@2c34f7c0
reloadAllAccessors: .PublisherSubscriberOpaqueD3Reverse

===========================================================================================
----------------- testing Fri Jul 27 01:41:38 UTC 2018 /home/travis/build/icyphy/ptII/ptolemy/actor/lib/test/auto/PublisherSubscriberOpaqueWidthInference.xml
----------------- Instantiating /home/travis/build/icyphy/ptII/ptolemy/actor/lib/test/auto/PublisherSubscriberOpaqueWidthInference.xml
3 ms. Memory: 1764352K Free: 844061K (48%)
----------------- Invoking toplevel() on ptolemy.moml.MoMLSimpleApplication@298e834
----------------- Done invoking toplevel() on ptolemy.moml.MoMLSimpleApplication@298e834
reloadAllAccessors: .PublisherSubscriberOpaqueWidthInference

===========================================================================================
----------------- testing Fri Jul 27 01:41:38 UTC 2018 /home/travis/build/icyphy/ptII/ptolemy/actor/lib/test/auto/PublisherTestSubscriber.xml
----------------- Instantiating /home/travis/build/icyphy/ptII/ptolemy/actor/lib/test/auto/PublisherTestSubscriber.xml
3 ms. Memory: 1764352K Free: 827554K (47%)
----------------- Invoking toplevel() on ptolemy.moml.MoMLSimpleApplication@5b843c3d
----------------- Done invoking toplevel() on ptolemy.moml.MoMLSimpleApplication@5b843c3d
reloadAllAccessors: .PublisherTestSubscriber

===========================================================================================
----------------- testing Fri Jul 27 01:41:38 UTC 2018 /home/travis/build/icyphy/ptII/ptolemy/actor/lib/test/auto/PublisherToplevelSubscriberPortAOC.xml
----------------- Instantiating /home/travis/build/icyphy/ptII/ptolemy/actor/lib/test/auto/PublisherToplevelSubscriberPortAOC.xml
1 ms. Memory: 1764352K Free: 803825K (46%)
----------------- Invoking toplevel() on ptolemy.moml.MoMLSimpleApplication@542a37d4
----------------- Done invoking toplevel() on ptolemy.moml.MoMLSimpleApplication@542a37d4
reloadAllAccessors: .PublisherToplevelSubscriberPortAOC

===========================================================================================
----------------- testing Fri Jul 27 01:41:38 UTC 2018 /home/travis/build/icyphy/ptII/ptolemy/actor/lib/test/auto/PulseFiringLimitDE.xml
----------------- Instantiating /home/travis/build/icyphy/ptII/ptolemy/actor/lib/test/auto/PulseFiringLimitDE.xml
2 ms. Memory: 1764352K Free: 787318K (45%)
----------------- Invoking toplevel() on ptolemy.moml.MoMLSimpleApplication@2ed4b24a
----------------- Done invoking toplevel() on ptolemy.moml.MoMLSimpleApplication@2ed4b24a
reloadAllAccessors: .PulseFiringLimitDE

===========================================================================================
----------------- testing Fri Jul 27 01:41:38 UTC 2018 /home/travis/build/icyphy/ptII/ptolemy/actor/lib/test/auto/Ramp1.xml
----------------- Instantiating /home/travis/build/icyphy/ptII/ptolemy/actor/lib/test/auto/Ramp1.xml
1 ms. Memory: 1764352K Free: 770812K (44%)
----------------- Invoking toplevel() on ptolemy.moml.MoMLSimpleApplication@cab8c08
----------------- Done invoking toplevel() on ptolemy.moml.MoMLSimpleApplication@cab8c08
reloadAllAccessors: .Ramp1

===========================================================================================
----------------- testing Fri Jul 27 01:41:38 UTC 2018 /home/travis/build/icyphy/ptII/ptolemy/actor/lib/test/auto/RampFiringLimitDE.xml
----------------- Instantiating /home/travis/build/icyphy/ptII/ptolemy/actor/lib/test/auto/RampFiringLimitDE.xml
2 ms. Memory: 1764352K Free: 747083K (42%)
----------------- Invoking toplevel() on ptolemy.moml.MoMLSimpleApplication@33c70038
----------------- Done invoking toplevel() on ptolemy.moml.MoMLSimpleApplication@33c70038
reloadAllAccessors: .RampFiringLimitDE

===========================================================================================
----------------- testing Fri Jul 27 01:41:38 UTC 2018 /home/travis/build/icyphy/ptII/ptolemy/actor/lib/test/auto/RampFiringLimitSDF.xml
----------------- Instantiating /home/travis/build/icyphy/ptII/ptolemy/actor/lib/test/auto/RampFiringLimitSDF.xml
2 ms. Memory: 1764352K Free: 730576K (41%)
----------------- Invoking toplevel() on ptolemy.moml.MoMLSimpleApplication@43d28826
----------------- Done invoking toplevel() on ptolemy.moml.MoMLSimpleApplication@43d28826
reloadAllAccessors: .RampFiringLimitSDF

===========================================================================================
----------------- testing Fri Jul 27 01:41:38 UTC 2018 /home/travis/build/icyphy/ptII/ptolemy/actor/lib/test/auto/RandomInteger.xml
----------------- Instantiating /home/travis/build/icyphy/ptII/ptolemy/actor/lib/test/auto/RandomInteger.xml
1 ms. Memory: 1764352K Free: 714069K (40%)
----------------- Invoking toplevel() on ptolemy.moml.MoMLSimpleApplication@3fe634bc
----------------- Done invoking toplevel() on ptolemy.moml.MoMLSimpleApplication@3fe634bc
reloadAllAccessors: .RandomInteger

===========================================================================================
----------------- testing Fri Jul 27 01:41:38 UTC 2018 /home/travis/build/icyphy/ptII/ptolemy/actor/lib/test/auto/ReadFile1.xml
----------------- Instantiating /home/travis/build/icyphy/ptII/ptolemy/actor/lib/test/auto/ReadFile1.xml
2 ms. Memory: 1764352K Free: 690341K (39%)
----------------- Invoking toplevel() on ptolemy.moml.MoMLSimpleApplication@21916c1b
----------------- Done invoking toplevel() on ptolemy.moml.MoMLSimpleApplication@21916c1b
reloadAllAccessors: .ReadFile1

===========================================================================================
----------------- testing Fri Jul 27 01:41:38 UTC 2018 /home/travis/build/icyphy/ptII/ptolemy/actor/lib/test/auto/ReadFile2.xml
----------------- Instantiating /home/travis/build/icyphy/ptII/ptolemy/actor/lib/test/auto/ReadFile2.xml
1 ms. Memory: 1764352K Free: 673834K (38%)
----------------- Invoking toplevel() on ptolemy.moml.MoMLSimpleApplication@5fcef69c
----------------- Done invoking toplevel() on ptolemy.moml.MoMLSimpleApplication@5fcef69c
reloadAllAccessors: .ReadFile2

===========================================================================================
----------------- testing Fri Jul 27 01:41:38 UTC 2018 /home/travis/build/icyphy/ptII/ptolemy/actor/lib/test/auto/Reader.xml
----------------- Instantiating /home/travis/build/icyphy/ptII/ptolemy/actor/lib/test/auto/Reader.xml
actor.lib.Reader is obsolete, use actor.lib.io.ExpressionReader instead
2 ms. Memory: 1764352K Free: 657327K (37%)
----------------- Invoking toplevel() on ptolemy.moml.MoMLSimpleApplication@62e81c88
----------------- Done invoking toplevel() on ptolemy.moml.MoMLSimpleApplication@62e81c88
reloadAllAccessors: .Reader

===========================================================================================
----------------- testing Fri Jul 27 01:41:38 UTC 2018 /home/travis/build/icyphy/ptII/ptolemy/actor/lib/test/auto/RecordAssemblerDisplayNameTest.xml
----------------- Instantiating /home/travis/build/icyphy/ptII/ptolemy/actor/lib/test/auto/RecordAssemblerDisplayNameTest.xml
2897 ms. Memory: 1780736K Free: 1058041K (59%)
----------------- Invoking toplevel() on ptolemy.moml.MoMLSimpleApplication@3c05ef5b
----------------- Done invoking toplevel() on ptolemy.moml.MoMLSimpleApplication@3c05ef5b
reloadAllAccessors: .RecordAssemblerDisplayNameTest

===========================================================================================
----------------- testing Fri Jul 27 01:41:41 UTC 2018 /home/travis/build/icyphy/ptII/ptolemy/actor/lib/test/auto/RecordAssemblerTypeError.xml
----------------- Instantiating /home/travis/build/icyphy/ptII/ptolemy/actor/lib/test/auto/RecordAssemblerTypeError.xml
5 ms. Memory: 1780736K Free: 1023101K (57%)
----------------- Invoking toplevel() on ptolemy.moml.MoMLSimpleApplication@6f4c39eb
----------------- Done invoking toplevel() on ptolemy.moml.MoMLSimpleApplication@6f4c39eb
reloadAllAccessors: .RecordAssemblerTypeError

===========================================================================================
----------------- testing Fri Jul 27 01:41:41 UTC 2018 /home/travis/build/icyphy/ptII/ptolemy/actor/lib/test/auto/RecordDisassember.xml
----------------- Instantiating /home/travis/build/icyphy/ptII/ptolemy/actor/lib/test/auto/RecordDisassember.xml
3 ms. Memory: 1780736K Free: 1006410K (57%)
----------------- Invoking toplevel() on ptolemy.moml.MoMLSimpleApplication@522b43c8
----------------- Done invoking toplevel() on ptolemy.moml.MoMLSimpleApplication@522b43c8
reloadAllAccessors: .RecordDisassember

===========================================================================================
----------------- testing Fri Jul 27 01:41:41 UTC 2018 /home/travis/build/icyphy/ptII/ptolemy/actor/lib/test/auto/RecordDisassemberDisplayNameTest.xml
----------------- Instantiating /home/travis/build/icyphy/ptII/ptolemy/actor/lib/test/auto/RecordDisassemberDisplayNameTest.xml
4 ms. Memory: 1780736K Free: 984051K (55%)
----------------- Invoking toplevel() on ptolemy.moml.MoMLSimpleApplication@5cf91ce0
----------------- Done invoking toplevel() on ptolemy.moml.MoMLSimpleApplication@5cf91ce0
reloadAllAccessors: .RecordDisassemberDisplayNameTest

===========================================================================================
----------------- testing Fri Jul 27 01:41:41 UTC 2018 /home/travis/build/icyphy/ptII/ptolemy/actor/lib/test/auto/RecordDisassembler.xml
----------------- Instantiating /home/travis/build/icyphy/ptII/ptolemy/actor/lib/test/auto/RecordDisassembler.xml
2 ms. Memory: 1780736K Free: 967360K (54%)
----------------- Invoking toplevel() on ptolemy.moml.MoMLSimpleApplication@5770fc88
----------------- Done invoking toplevel() on ptolemy.moml.MoMLSimpleApplication@5770fc88
reloadAllAccessors: .RecordDisassembler

===========================================================================================
----------------- testing Fri Jul 27 01:41:41 UTC 2018 /home/travis/build/icyphy/ptII/ptolemy/actor/lib/test/auto/RecordDisassembler2.xml
----------------- Instantiating /home/travis/build/icyphy/ptII/ptolemy/actor/lib/test/auto/RecordDisassembler2.xml
2 ms. Memory: 1780736K Free: 945001K (53%)
----------------- Invoking toplevel() on ptolemy.moml.MoMLSimpleApplication@13f42e91
----------------- Done invoking toplevel() on ptolemy.moml.MoMLSimpleApplication@13f42e91
reloadAllAccessors: .RecordDisassembler2

===========================================================================================
----------------- testing Fri Jul 27 01:41:41 UTC 2018 /home/travis/build/icyphy/ptII/ptolemy/actor/lib/test/auto/RecordUpdater.xml
----------------- Instantiating /home/travis/build/icyphy/ptII/ptolemy/actor/lib/test/auto/RecordUpdater.xml
2 ms. Memory: 1780736K Free: 928310K (52%)
----------------- Invoking toplevel() on ptolemy.moml.MoMLSimpleApplication@1e1fa1bd
----------------- Done invoking toplevel() on ptolemy.moml.MoMLSimpleApplication@1e1fa1bd
reloadAllAccessors: .RecordUpdater

===========================================================================================
----------------- testing Fri Jul 27 01:41:41 UTC 2018 /home/travis/build/icyphy/ptII/ptolemy/actor/lib/test/auto/RecordUpdater2.xml
----------------- Instantiating /home/travis/build/icyphy/ptII/ptolemy/actor/lib/test/auto/RecordUpdater2.xml
2 ms. Memory: 1780736K Free: 905952K (51%)
----------------- Invoking toplevel() on ptolemy.moml.MoMLSimpleApplication@3b067d2b
----------------- Done invoking toplevel() on ptolemy.moml.MoMLSimpleApplication@3b067d2b
reloadAllAccessors: .RecordUpdater2

===========================================================================================
----------------- testing Fri Jul 27 01:41:41 UTC 2018 /home/travis/build/icyphy/ptII/ptolemy/actor/lib/test/auto/RecursiveLattice.xml
----------------- Instantiating /home/travis/build/icyphy/ptII/ptolemy/actor/lib/test/auto/RecursiveLattice.xml
1 ms. Memory: 1780736K Free: 889260K (50%)
----------------- Invoking toplevel() on ptolemy.moml.MoMLSimpleApplication@52bd7b2d
----------------- Done invoking toplevel() on ptolemy.moml.MoMLSimpleApplication@52bd7b2d
reloadAllAccessors: .RecursiveLattice

===========================================================================================
----------------- testing Fri Jul 27 01:41:41 UTC 2018 /home/travis/build/icyphy/ptII/ptolemy/actor/lib/test/auto/Router.xml
----------------- Instantiating /home/travis/build/icyphy/ptII/ptolemy/actor/lib/test/auto/Router.xml
3004 ms. Memory: 1780736K Free: 872569K (49%)
----------------- Invoking toplevel() on ptolemy.moml.MoMLSimpleApplication@6b73177a
----------------- Done invoking toplevel() on ptolemy.moml.MoMLSimpleApplication@6b73177a
reloadAllAccessors: .Router

===========================================================================================
----------------- testing Fri Jul 27 01:41:44 UTC 2018 /home/travis/build/icyphy/ptII/ptolemy/actor/lib/test/auto/Router2.xml
----------------- Instantiating /home/travis/build/icyphy/ptII/ptolemy/actor/lib/test/auto/Router2.xml
3010 ms. Memory: 1780736K Free: 850210K (48%)
----------------- Invoking toplevel() on ptolemy.moml.MoMLSimpleApplication@6407192e
----------------- Done invoking toplevel() on ptolemy.moml.MoMLSimpleApplication@6407192e
reloadAllAccessors: .Router2

===========================================================================================
----------------- testing Fri Jul 27 01:41:47 UTC 2018 /home/travis/build/icyphy/ptII/ptolemy/actor/lib/test/auto/RunningMaximum.xml
----------------- Instantiating /home/travis/build/icyphy/ptII/ptolemy/actor/lib/test/auto/RunningMaximum.xml
1 ms. Memory: 1780736K Free: 833519K (47%)
----------------- Invoking toplevel() on ptolemy.moml.MoMLSimpleApplication@526d0bfa
----------------- Done invoking toplevel() on ptolemy.moml.MoMLSimpleApplication@526d0bfa
reloadAllAccessors: .RunningMaximum

===========================================================================================
----------------- testing Fri Jul 27 01:41:47 UTC 2018 /home/travis/build/icyphy/ptII/ptolemy/actor/lib/test/auto/RunningMinimum.xml
----------------- Instantiating /home/travis/build/icyphy/ptII/ptolemy/actor/lib/test/auto/RunningMinimum.xml
1 ms. Memory: 1780736K Free: 811161K (46%)
----------------- Invoking toplevel() on ptolemy.moml.MoMLSimpleApplication@4c920cca
----------------- Done invoking toplevel() on ptolemy.moml.MoMLSimpleApplication@4c920cca
reloadAllAccessors: .RunningMinimum

===========================================================================================
----------------- testing Fri Jul 27 01:41:47 UTC 2018 /home/travis/build/icyphy/ptII/ptolemy/actor/lib/test/auto/Scale.xml
----------------- Instantiating /home/travis/build/icyphy/ptII/ptolemy/actor/lib/test/auto/Scale.xml
2 ms. Memory: 1780736K Free: 794469K (45%)
----------------- Invoking toplevel() on ptolemy.moml.MoMLSimpleApplication@17d74561
----------------- Done invoking toplevel() on ptolemy.moml.MoMLSimpleApplication@17d74561
reloadAllAccessors: .Scale

===========================================================================================
----------------- testing Fri Jul 27 01:41:47 UTC 2018 /home/travis/build/icyphy/ptII/ptolemy/actor/lib/test/auto/Scale2.xml
----------------- Instantiating /home/travis/build/icyphy/ptII/ptolemy/actor/lib/test/auto/Scale2.xml
2 ms. Memory: 1780736K Free: 772111K (43%)
----------------- Invoking toplevel() on ptolemy.moml.MoMLSimpleApplication@6e5a5b18
----------------- Done invoking toplevel() on ptolemy.moml.MoMLSimpleApplication@6e5a5b18
reloadAllAccessors: .Scale2

===========================================================================================
----------------- testing Fri Jul 27 01:41:47 UTC 2018 /home/travis/build/icyphy/ptII/ptolemy/actor/lib/test/auto/Scale3.xml
----------------- Instantiating /home/travis/build/icyphy/ptII/ptolemy/actor/lib/test/auto/Scale3.xml
3 ms. Memory: 1780736K Free: 755420K (42%)
----------------- Invoking toplevel() on ptolemy.moml.MoMLSimpleApplication@5c20981b
----------------- Done invoking toplevel() on ptolemy.moml.MoMLSimpleApplication@5c20981b
reloadAllAccessors: .Scale3

===========================================================================================
----------------- testing Fri Jul 27 01:41:47 UTC 2018 /home/travis/build/icyphy/ptII/ptolemy/actor/lib/test/auto/ScaleArray.xml
----------------- Instantiating /home/travis/build/icyphy/ptII/ptolemy/actor/lib/test/auto/ScaleArray.xml
1 ms. Memory: 1780736K Free: 738729K (41%)
----------------- Invoking toplevel() on ptolemy.moml.MoMLSimpleApplication@667faebe
----------------- Done invoking toplevel() on ptolemy.moml.MoMLSimpleApplication@667faebe
reloadAllAccessors: .ScaleArray

===========================================================================================
----------------- testing Fri Jul 27 01:41:47 UTC 2018 /home/travis/build/icyphy/ptII/ptolemy/actor/lib/test/auto/ScaleArray2.xml
----------------- Instantiating /home/travis/build/icyphy/ptII/ptolemy/actor/lib/test/auto/ScaleArray2.xml
1 ms. Memory: 1780736K Free: 716370K (40%)
----------------- Invoking toplevel() on ptolemy.moml.MoMLSimpleApplication@5dc87842
----------------- Done invoking toplevel() on ptolemy.moml.MoMLSimpleApplication@5dc87842
reloadAllAccessors: .ScaleArray2

===========================================================================================
----------------- testing Fri Jul 27 01:41:47 UTC 2018 /home/travis/build/icyphy/ptII/ptolemy/actor/lib/test/auto/ScaleMatrix.xml
----------------- Instantiating /home/travis/build/icyphy/ptII/ptolemy/actor/lib/test/auto/ScaleMatrix.xml
96 ms. Memory: 1780736K Free: 691333K (39%)
----------------- Invoking toplevel() on ptolemy.moml.MoMLSimpleApplication@517c9ded
----------------- Done invoking toplevel() on ptolemy.moml.MoMLSimpleApplication@517c9ded
reloadAllAccessors: .ScaleMatrix

===========================================================================================
----------------- testing Fri Jul 27 01:41:47 UTC 2018 /home/travis/build/icyphy/ptII/ptolemy/actor/lib/test/auto/Select.xml
----------------- Instantiating /home/travis/build/icyphy/ptII/ptolemy/actor/lib/test/auto/Select.xml
2 ms. Memory: 1780736K Free: 668974K (38%)
----------------- Invoking toplevel() on ptolemy.moml.MoMLSimpleApplication@7db9fba0
----------------- Done invoking toplevel() on ptolemy.moml.MoMLSimpleApplication@7db9fba0
reloadAllAccessors: .Select

===========================================================================================
----------------- testing Fri Jul 27 01:41:47 UTC 2018 /home/travis/build/icyphy/ptII/ptolemy/actor/lib/test/auto/Select2.xml
----------------- Instantiating /home/travis/build/icyphy/ptII/ptolemy/actor/lib/test/auto/Select2.xml
1 ms. Memory: 1780736K Free: 652283K (37%)
----------------- Invoking toplevel() on ptolemy.moml.MoMLSimpleApplication@3839e59
----------------- Done invoking toplevel() on ptolemy.moml.MoMLSimpleApplication@3839e59
reloadAllAccessors: .Select2

===========================================================================================
----------------- testing Fri Jul 27 01:41:47 UTC 2018 /home/travis/build/icyphy/ptII/ptolemy/actor/lib/test/auto/SequenceToArray2.xml
----------------- Instantiating /home/travis/build/icyphy/ptII/ptolemy/actor/lib/test/auto/SequenceToArray2.xml
69 ms. Memory: 1780736K Free: 546452K (31%)
----------------- Invoking toplevel() on ptolemy.moml.MoMLSimpleApplication@35a02c24
----------------- Done invoking toplevel() on ptolemy.moml.MoMLSimpleApplication@35a02c24
reloadAllAccessors: .SequenceToArray2

===========================================================================================
----------------- testing Fri Jul 27 01:41:47 UTC 2018 /home/travis/build/icyphy/ptII/ptolemy/actor/lib/test/auto/SequentialClock.xml
----------------- Instantiating /home/travis/build/icyphy/ptII/ptolemy/actor/lib/test/auto/SequentialClock.xml
1 ms. Memory: 1780736K Free: 529761K (30%)
----------------- Invoking toplevel() on ptolemy.moml.MoMLSimpleApplication@1f128d69
----------------- Done invoking toplevel() on ptolemy.moml.MoMLSimpleApplication@1f128d69
reloadAllAccessors: .SequentialClock

===========================================================================================
----------------- testing Fri Jul 27 01:41:47 UTC 2018 /home/travis/build/icyphy/ptII/ptolemy/actor/lib/test/auto/SetVariable.xml
----------------- Instantiating /home/travis/build/icyphy/ptII/ptolemy/actor/lib/test/auto/SetVariable.xml
2 ms. Memory: 1780736K Free: 507403K (28%)
----------------- Invoking toplevel() on ptolemy.moml.MoMLSimpleApplication@55ca71f9
----------------- Done invoking toplevel() on ptolemy.moml.MoMLSimpleApplication@55ca71f9
reloadAllAccessors: .SetVariable

===========================================================================================
----------------- testing Fri Jul 27 01:41:47 UTC 2018 /home/travis/build/icyphy/ptII/ptolemy/actor/lib/test/auto/SetVariable2.xml
----------------- Instantiating /home/travis/build/icyphy/ptII/ptolemy/actor/lib/test/auto/SetVariable2.xml
1 ms. Memory: 1780736K Free: 490711K (28%)
----------------- Invoking toplevel() on ptolemy.moml.MoMLSimpleApplication@4637c284
----------------- Done invoking toplevel() on ptolemy.moml.MoMLSimpleApplication@4637c284
reloadAllAccessors: .SetVariable2

===========================================================================================
----------------- testing Fri Jul 27 01:41:47 UTC 2018 /home/travis/build/icyphy/ptII/ptolemy/actor/lib/test/auto/SetVariable3.xml
----------------- Instantiating /home/travis/build/icyphy/ptII/ptolemy/actor/lib/test/auto/SetVariable3.xml
2 ms. Memory: 1780736K Free: 474020K (27%)
----------------- Invoking toplevel() on ptolemy.moml.MoMLSimpleApplication@76478a08
----------------- Done invoking toplevel() on ptolemy.moml.MoMLSimpleApplication@76478a08
reloadAllAccessors: .SetVariable3

===========================================================================================
----------------- testing Fri Jul 27 01:41:47 UTC 2018 /home/travis/build/icyphy/ptII/ptolemy/actor/lib/test/auto/SetVariable4.xml
----------------- Instantiating /home/travis/build/icyphy/ptII/ptolemy/actor/lib/test/auto/SetVariable4.xml
11 ms. Memory: 1780736K Free: 393242K (22%)
----------------- Invoking toplevel() on ptolemy.moml.MoMLSimpleApplication@767a9b8f
----------------- Done invoking toplevel() on ptolemy.moml.MoMLSimpleApplication@767a9b8f
reloadAllAccessors: .SetVariable4

===========================================================================================
----------------- testing Fri Jul 27 01:41:47 UTC 2018 /home/travis/build/icyphy/ptII/ptolemy/actor/lib/test/auto/SetVariable5.xml
----------------- Instantiating /home/travis/build/icyphy/ptII/ptolemy/actor/lib/test/auto/SetVariable5.xml
7 ms. Memory: 1780736K Free: 376551K (21%)
----------------- Invoking toplevel() on ptolemy.moml.MoMLSimpleApplication@b94ee18
----------------- Done invoking toplevel() on ptolemy.moml.MoMLSimpleApplication@b94ee18
reloadAllAccessors: .SetVariable5

===========================================================================================
----------------- testing Fri Jul 27 01:41:47 UTC 2018 /home/travis/build/icyphy/ptII/ptolemy/actor/lib/test/auto/Sinewave.xml
----------------- Instantiating /home/travis/build/icyphy/ptII/ptolemy/actor/lib/test/auto/Sinewave.xml
3 ms. Memory: 1780736K Free: 345831K (19%)
----------------- Invoking toplevel() on ptolemy.moml.MoMLSimpleApplication@5548c8b6
----------------- Done invoking toplevel() on ptolemy.moml.MoMLSimpleApplication@5548c8b6
reloadAllAccessors: .Sinewave

===========================================================================================
----------------- testing Fri Jul 27 01:41:47 UTC 2018 /home/travis/build/icyphy/ptII/ptolemy/actor/lib/test/auto/Sinewave2.xml
----------------- Instantiating /home/travis/build/icyphy/ptII/ptolemy/actor/lib/test/auto/Sinewave2.xml
4 ms. Memory: 1780736K Free: 329140K (18%)
----------------- Invoking toplevel() on ptolemy.moml.MoMLSimpleApplication@3e6d200a
----------------- Done invoking toplevel() on ptolemy.moml.MoMLSimpleApplication@3e6d200a
reloadAllAccessors: .Sinewave2

===========================================================================================
----------------- testing Fri Jul 27 01:41:47 UTC 2018 /home/travis/build/icyphy/ptII/ptolemy/actor/lib/test/auto/Sinewave3.xml
----------------- Instantiating /home/travis/build/icyphy/ptII/ptolemy/actor/lib/test/auto/Sinewave3.xml
14 ms. Memory: 1780736K Free: 306781K (17%)
----------------- Invoking toplevel() on ptolemy.moml.MoMLSimpleApplication@3a65739e
----------------- Done invoking toplevel() on ptolemy.moml.MoMLSimpleApplication@3a65739e
reloadAllAccessors: .Sinewave3

===========================================================================================
----------------- testing Fri Jul 27 01:41:47 UTC 2018 /home/travis/build/icyphy/ptII/ptolemy/actor/lib/test/auto/SingleEvent.xml
----------------- Instantiating /home/travis/build/icyphy/ptII/ptolemy/actor/lib/test/auto/SingleEvent.xml
1 ms. Memory: 1780736K Free: 290090K (16%)
----------------- Invoking toplevel() on ptolemy.moml.MoMLSimpleApplication@7f3b38f0
----------------- Done invoking toplevel() on ptolemy.moml.MoMLSimpleApplication@7f3b38f0
reloadAllAccessors: .SingleEvent

===========================================================================================
----------------- testing Fri Jul 27 01:41:47 UTC 2018 /home/travis/build/icyphy/ptII/ptolemy/actor/lib/test/auto/Sleep.xml
----------------- Instantiating /home/travis/build/icyphy/ptII/ptolemy/actor/lib/test/auto/Sleep.xml
6003 ms. Memory: 1780736K Free: 267731K (15%)
----------------- Invoking toplevel() on ptolemy.moml.MoMLSimpleApplication@64c6921f
----------------- Done invoking toplevel() on ptolemy.moml.MoMLSimpleApplication@64c6921f
reloadAllAccessors: .Sleep

===========================================================================================
----------------- testing Fri Jul 27 01:41:54 UTC 2018 /home/travis/build/icyphy/ptII/ptolemy/actor/lib/test/auto/SleepMultipleFire.xml
----------------- Instantiating /home/travis/build/icyphy/ptII/ptolemy/actor/lib/test/auto/SleepMultipleFire.xml
1005 ms. Memory: 1780736K Free: 251040K (14%)
----------------- Invoking toplevel() on ptolemy.moml.MoMLSimpleApplication@63a34557
----------------- Done invoking toplevel() on ptolemy.moml.MoMLSimpleApplication@63a34557
reloadAllAccessors: .SleepMultipleFire

===========================================================================================
----------------- testing Fri Jul 27 01:41:55 UTC 2018 /home/travis/build/icyphy/ptII/ptolemy/actor/lib/test/auto/StopDE.xml
----------------- Instantiating /home/travis/build/icyphy/ptII/ptolemy/actor/lib/test/auto/StopDE.xml
3 ms. Memory: 1780736K Free: 234349K (13%)
----------------- Invoking toplevel() on ptolemy.moml.MoMLSimpleApplication@1dcc6294
----------------- Done invoking toplevel() on ptolemy.moml.MoMLSimpleApplication@1dcc6294
reloadAllAccessors: .StopDE

===========================================================================================
----------------- testing Fri Jul 27 01:41:55 UTC 2018 /home/travis/build/icyphy/ptII/ptolemy/actor/lib/test/auto/StopSDF.xml
----------------- Instantiating /home/travis/build/icyphy/ptII/ptolemy/actor/lib/test/auto/StopSDF.xml
3 ms. Memory: 1780736K Free: 211990K (12%)
----------------- Invoking toplevel() on ptolemy.moml.MoMLSimpleApplication@9b244ff
----------------- Done invoking toplevel() on ptolemy.moml.MoMLSimpleApplication@9b244ff
reloadAllAccessors: .StopSDF

===========================================================================================
----------------- testing Fri Jul 27 01:41:55 UTC 2018 /home/travis/build/icyphy/ptII/ptolemy/actor/lib/test/auto/StringConstant.xml
----------------- Instantiating /home/travis/build/icyphy/ptII/ptolemy/actor/lib/test/auto/StringConstant.xml
3 ms. Memory: 1780736K Free: 195299K (11%)
----------------- Invoking toplevel() on ptolemy.moml.MoMLSimpleApplication@5e52c6b9
----------------- Done invoking toplevel() on ptolemy.moml.MoMLSimpleApplication@5e52c6b9
reloadAllAccessors: .StringConstant

===========================================================================================
----------------- testing Fri Jul 27 01:41:55 UTC 2018 /home/travis/build/icyphy/ptII/ptolemy/actor/lib/test/auto/SubscriberPortInitialValues1.xml
----------------- Instantiating /home/travis/build/icyphy/ptII/ptolemy/actor/lib/test/auto/SubscriberPortInitialValues1.xml
8 ms. Memory: 1780736K Free: 172941K (10%)
----------------- Invoking toplevel() on ptolemy.moml.MoMLSimpleApplication@4bde67e5
----------------- Done invoking toplevel() on ptolemy.moml.MoMLSimpleApplication@4bde67e5
reloadAllAccessors: .SubscriberPortInitialValues1

===========================================================================================
----------------- testing Fri Jul 27 01:41:55 UTC 2018 /home/travis/build/icyphy/ptII/ptolemy/actor/lib/test/auto/SubscriberPortInitialValues13.xml
----------------- Instantiating /home/travis/build/icyphy/ptII/ptolemy/actor/lib/test/auto/SubscriberPortInitialValues13.xml
4 ms. Memory: 1780736K Free: 147888K (8%)
----------------- Invoking toplevel() on ptolemy.moml.MoMLSimpleApplication@64110bf6
----------------- Done invoking toplevel() on ptolemy.moml.MoMLSimpleApplication@64110bf6
reloadAllAccessors: .SubscriberPortInitialValues13

===========================================================================================
----------------- testing Fri Jul 27 01:41:55 UTC 2018 /home/travis/build/icyphy/ptII/ptolemy/actor/lib/test/auto/SubscriberPortInitialValues14.xml
----------------- Instantiating /home/travis/build/icyphy/ptII/ptolemy/actor/lib/test/auto/SubscriberPortInitialValues14.xml
3 ms. Memory: 1780736K Free: 125529K (7%)
----------------- Invoking toplevel() on ptolemy.moml.MoMLSimpleApplication@6d34ca86
----------------- Done invoking toplevel() on ptolemy.moml.MoMLSimpleApplication@6d34ca86
reloadAllAccessors: .SubscriberPortInitialValues14

===========================================================================================
----------------- testing Fri Jul 27 01:41:55 UTC 2018 /home/travis/build/icyphy/ptII/ptolemy/actor/lib/test/auto/SubscriberPortInitialValues2.xml
----------------- Instantiating /home/travis/build/icyphy/ptII/ptolemy/actor/lib/test/auto/SubscriberPortInitialValues2.xml
4 ms. Memory: 1780736K Free: 108838K (6%)
----------------- Invoking toplevel() on ptolemy.moml.MoMLSimpleApplication@1c447338
----------------- Done invoking toplevel() on ptolemy.moml.MoMLSimpleApplication@1c447338
reloadAllAccessors: .SubscriberPortInitialValues2

===========================================================================================
----------------- testing Fri Jul 27 01:41:55 UTC 2018 /home/travis/build/icyphy/ptII/ptolemy/actor/lib/test/auto/SubscriberPortInitialValues3.xml
----------------- Instantiating /home/travis/build/icyphy/ptII/ptolemy/actor/lib/test/auto/SubscriberPortInitialValues3.xml
4 ms. Memory: 1780736K Free: 92147K (5%)
----------------- Invoking toplevel() on ptolemy.moml.MoMLSimpleApplication@1a7b899b
----------------- Done invoking toplevel() on ptolemy.moml.MoMLSimpleApplication@1a7b899b
reloadAllAccessors: .SubscriberPortInitialValues3

===========================================================================================
----------------- testing Fri Jul 27 01:41:55 UTC 2018 /home/travis/build/icyphy/ptII/ptolemy/actor/lib/test/auto/SubscriptionAggregator.xml
----------------- Instantiating /home/travis/build/icyphy/ptII/ptolemy/actor/lib/test/auto/SubscriptionAggregator.xml
2 ms. Memory: 1780736K Free: 72603K (4%)
----------------- Invoking toplevel() on ptolemy.moml.MoMLSimpleApplication@6d2ea71f
----------------- Done invoking toplevel() on ptolemy.moml.MoMLSimpleApplication@6d2ea71f
reloadAllAccessors: .SubscriptionAggregator

===========================================================================================
----------------- testing Fri Jul 27 01:41:55 UTC 2018 /home/travis/build/icyphy/ptII/ptolemy/actor/lib/test/auto/SubscriptionAggregator2.xml
----------------- Instantiating /home/travis/build/icyphy/ptII/ptolemy/actor/lib/test/auto/SubscriptionAggregator2.xml
2 ms. Memory: 1781760K Free: 1729295K (97%)
----------------- Invoking toplevel() on ptolemy.moml.MoMLSimpleApplication@54bc1843
----------------- Done invoking toplevel() on ptolemy.moml.MoMLSimpleApplication@54bc1843
reloadAllAccessors: .SubscriptionAggregator2

===========================================================================================
----------------- testing Fri Jul 27 01:41:55 UTC 2018 /home/travis/build/icyphy/ptII/ptolemy/actor/lib/test/auto/SubscriptionAggregator3.xml
----------------- Instantiating /home/travis/build/icyphy/ptII/ptolemy/actor/lib/test/auto/SubscriptionAggregator3.xml
4 ms. Memory: 1781760K Free: 1708199K (96%)
----------------- Invoking toplevel() on ptolemy.moml.MoMLSimpleApplication@37660e74
----------------- Done invoking toplevel() on ptolemy.moml.MoMLSimpleApplication@37660e74
reloadAllAccessors: .SubscriptionAggregator3

===========================================================================================
----------------- testing Fri Jul 27 01:41:55 UTC 2018 /home/travis/build/icyphy/ptII/ptolemy/actor/lib/test/auto/SubscriptionAggregatorMultiply.xml
----------------- Instantiating /home/travis/build/icyphy/ptII/ptolemy/actor/lib/test/auto/SubscriptionAggregatorMultiply.xml
6 ms. Memory: 1781760K Free: 1687103K (95%)
----------------- Invoking toplevel() on ptolemy.moml.MoMLSimpleApplication@4036ef72
----------------- Done invoking toplevel() on ptolemy.moml.MoMLSimpleApplication@4036ef72
reloadAllAccessors: .SubscriptionAggregatorMultiply

===========================================================================================
----------------- testing Fri Jul 27 01:41:55 UTC 2018 /home/travis/build/icyphy/ptII/ptolemy/actor/lib/test/auto/SubscriptionAggregatorPortMultiply1.xml
----------------- Instantiating /home/travis/build/icyphy/ptII/ptolemy/actor/lib/test/auto/SubscriptionAggregatorPortMultiply1.xml
8 ms. Memory: 1781760K Free: 1670411K (94%)
----------------- Invoking toplevel() on ptolemy.moml.MoMLSimpleApplication@79c34cb0
----------------- Done invoking toplevel() on ptolemy.moml.MoMLSimpleApplication@79c34cb0
reloadAllAccessors: .SubscriptionAggregatorPortMultiply1

===========================================================================================
----------------- testing Fri Jul 27 01:41:55 UTC 2018 /home/travis/build/icyphy/ptII/ptolemy/actor/lib/test/auto/Switch.xml
----------------- Instantiating /home/travis/build/icyphy/ptII/ptolemy/actor/lib/test/auto/Switch.xml
7 ms. Memory: 1781760K Free: 1599201K (90%)
----------------- Invoking toplevel() on ptolemy.moml.MoMLSimpleApplication@1857f422
----------------- Done invoking toplevel() on ptolemy.moml.MoMLSimpleApplication@1857f422
reloadAllAccessors: .Switch

===========================================================================================
----------------- testing Fri Jul 27 01:41:55 UTC 2018 /home/travis/build/icyphy/ptII/ptolemy/actor/lib/test/auto/Switch2.xml
----------------- Instantiating /home/travis/build/icyphy/ptII/ptolemy/actor/lib/test/auto/Switch2.xml
1 ms. Memory: 1781760K Free: 1582510K (89%)
----------------- Invoking toplevel() on ptolemy.moml.MoMLSimpleApplication@1b609bb5
----------------- Done invoking toplevel() on ptolemy.moml.MoMLSimpleApplication@1b609bb5
reloadAllAccessors: .Switch2

===========================================================================================
----------------- testing Fri Jul 27 01:41:55 UTC 2018 /home/travis/build/icyphy/ptII/ptolemy/actor/lib/test/auto/SwitchDE.xml
----------------- Instantiating /home/travis/build/icyphy/ptII/ptolemy/actor/lib/test/auto/SwitchDE.xml
4 ms. Memory: 1781760K Free: 1561414K (88%)
----------------- Invoking toplevel() on ptolemy.moml.MoMLSimpleApplication@7d3f1a81
----------------- Done invoking toplevel() on ptolemy.moml.MoMLSimpleApplication@7d3f1a81
reloadAllAccessors: .SwitchDE

===========================================================================================
----------------- testing Fri Jul 27 01:41:55 UTC 2018 /home/travis/build/icyphy/ptII/ptolemy/actor/lib/test/auto/SynchronizerDE.xml
----------------- Instantiating /home/travis/build/icyphy/ptII/ptolemy/actor/lib/test/auto/SynchronizerDE.xml
7 ms. Memory: 1781760K Free: 1544723K (87%)
----------------- Invoking toplevel() on ptolemy.moml.MoMLSimpleApplication@1eac08b0
----------------- Done invoking toplevel() on ptolemy.moml.MoMLSimpleApplication@1eac08b0
reloadAllAccessors: .SynchronizerDE

===========================================================================================
----------------- testing Fri Jul 27 01:41:55 UTC 2018 /home/travis/build/icyphy/ptII/ptolemy/actor/lib/test/auto/Test.xml
----------------- Instantiating /home/travis/build/icyphy/ptII/ptolemy/actor/lib/test/auto/Test.xml
3 ms. Memory: 1781760K Free: 1523627K (86%)
----------------- Invoking toplevel() on ptolemy.moml.MoMLSimpleApplication@1405b446
----------------- Done invoking toplevel() on ptolemy.moml.MoMLSimpleApplication@1405b446
reloadAllAccessors: .Test

===========================================================================================
----------------- testing Fri Jul 27 01:41:55 UTC 2018 /home/travis/build/icyphy/ptII/ptolemy/actor/lib/test/auto/TestExceptionAttribute1.xml
----------------- Instantiating /home/travis/build/icyphy/ptII/ptolemy/actor/lib/test/auto/TestExceptionAttribute1.xml
1 ms. Memory: 1781760K Free: 1502531K (84%)
----------------- Invoking toplevel() on ptolemy.moml.MoMLSimpleApplication@5e46dfda
----------------- Done invoking toplevel() on ptolemy.moml.MoMLSimpleApplication@5e46dfda
reloadAllAccessors: .TestExceptionAttribute1

===========================================================================================
----------------- testing Fri Jul 27 01:41:55 UTC 2018 /home/travis/build/icyphy/ptII/ptolemy/actor/lib/test/auto/TestExceptionAttribute2.xml
----------------- Instantiating /home/travis/build/icyphy/ptII/ptolemy/actor/lib/test/auto/TestExceptionAttribute2.xml
1 ms. Memory: 1781760K Free: 1485839K (83%)
----------------- Invoking toplevel() on ptolemy.moml.MoMLSimpleApplication@3be5e5df
----------------- Done invoking toplevel() on ptolemy.moml.MoMLSimpleApplication@3be5e5df
reloadAllAccessors: .TestExceptionAttribute2

===========================================================================================
----------------- testing Fri Jul 27 01:41:55 UTC 2018 /home/travis/build/icyphy/ptII/ptolemy/actor/lib/test/auto/TestExceptionAttribute3.xml
----------------- Instantiating /home/travis/build/icyphy/ptII/ptolemy/actor/lib/test/auto/TestExceptionAttribute3.xml
.TestExceptionAttribute3.TestExceptionAttribute: initialize() was not invoked, but wrapup() was.  This is unusual, but not always a problem.  For example, exporting JNLP will do this.
1 ms. Memory: 1781760K Free: 1464743K (82%)
----------------- Invoking toplevel() on ptolemy.moml.MoMLSimpleApplication@44828f44
----------------- Done invoking toplevel() on ptolemy.moml.MoMLSimpleApplication@44828f44
reloadAllAccessors: .TestExceptionAttribute3

===========================================================================================
----------------- testing Fri Jul 27 01:41:55 UTC 2018 /home/travis/build/icyphy/ptII/ptolemy/actor/lib/test/auto/TestExceptionAttribute4.xml
----------------- Instantiating /home/travis/build/icyphy/ptII/ptolemy/actor/lib/test/auto/TestExceptionAttribute4.xml
.TestExceptionAttribute4.TestExceptionAttribute: initialize() was not invoked, but wrapup() was.  This is unusual, but not always a problem.  For example, exporting JNLP will do this.
.TestExceptionAttribute4.TestExceptionAttribute2: initialize() was not invoked, but wrapup() was.  This is unusual, but not always a problem.  For example, exporting JNLP will do this.
1 ms. Memory: 1781760K Free: 1448052K (81%)
----------------- Invoking toplevel() on ptolemy.moml.MoMLSimpleApplication@7b2f5ce2
----------------- Done invoking toplevel() on ptolemy.moml.MoMLSimpleApplication@7b2f5ce2
reloadAllAccessors: .TestExceptionAttribute4

===========================================================================================
----------------- testing Fri Jul 27 01:41:55 UTC 2018 /home/travis/build/icyphy/ptII/ptolemy/actor/lib/test/auto/TestExceptionHandler1.xml
----------------- Instantiating /home/travis/build/icyphy/ptII/ptolemy/actor/lib/test/auto/TestExceptionHandler1.xml
0 ms. Memory: 1781760K Free: 1426956K (80%)
----------------- Invoking toplevel() on ptolemy.moml.MoMLSimpleApplication@6c692ad4
----------------- Done invoking toplevel() on ptolemy.moml.MoMLSimpleApplication@6c692ad4
reloadAllAccessors: .TestExceptionHandler1

===========================================================================================
----------------- testing Fri Jul 27 01:41:55 UTC 2018 /home/travis/build/icyphy/ptII/ptolemy/actor/lib/test/auto/TestExceptionHandler2.xml
----------------- Instantiating /home/travis/build/icyphy/ptII/ptolemy/actor/lib/test/auto/TestExceptionHandler2.xml
1 ms. Memory: 1781760K Free: 1410265K (79%)
----------------- Invoking toplevel() on ptolemy.moml.MoMLSimpleApplication@437b8c30
----------------- Done invoking toplevel() on ptolemy.moml.MoMLSimpleApplication@437b8c30
reloadAllAccessors: .TestExceptionHandler2

===========================================================================================
----------------- testing Fri Jul 27 01:41:55 UTC 2018 /home/travis/build/icyphy/ptII/ptolemy/actor/lib/test/auto/TestExceptionHandler3.xml
----------------- Instantiating /home/travis/build/icyphy/ptII/ptolemy/actor/lib/test/auto/TestExceptionHandler3.xml
0 ms. Memory: 1781760K Free: 1389169K (78%)
----------------- Invoking toplevel() on ptolemy.moml.MoMLSimpleApplication@389127ae
----------------- Done invoking toplevel() on ptolemy.moml.MoMLSimpleApplication@389127ae
reloadAllAccessors: .TestExceptionHandler3

===========================================================================================
----------------- testing Fri Jul 27 01:41:55 UTC 2018 /home/travis/build/icyphy/ptII/ptolemy/actor/lib/test/auto/TestExceptionHandler4.xml
----------------- Instantiating /home/travis/build/icyphy/ptII/ptolemy/actor/lib/test/auto/TestExceptionHandler4.xml
0 ms. Memory: 1781760K Free: 1368073K (77%)
----------------- Invoking toplevel() on ptolemy.moml.MoMLSimpleApplication@14ed088e
----------------- Done invoking toplevel() on ptolemy.moml.MoMLSimpleApplication@14ed088e
reloadAllAccessors: .TestExceptionHandler4

===========================================================================================
----------------- testing Fri Jul 27 01:41:55 UTC 2018 /home/travis/build/icyphy/ptII/ptolemy/actor/lib/test/auto/TestRequireCorrectOrder.xml
----------------- Instantiating /home/travis/build/icyphy/ptII/ptolemy/actor/lib/test/auto/TestRequireCorrectOrder.xml
2 ms. Memory: 1781760K Free: 1351382K (76%)
----------------- Invoking toplevel() on ptolemy.moml.MoMLSimpleApplication@79cf9433
----------------- Done invoking toplevel() on ptolemy.moml.MoMLSimpleApplication@79cf9433
reloadAllAccessors: .TestRequireCorrectOrder

===========================================================================================
----------------- testing Fri Jul 27 01:41:55 UTC 2018 /home/travis/build/icyphy/ptII/ptolemy/actor/lib/test/auto/TestSimple.xml
----------------- Instantiating /home/travis/build/icyphy/ptII/ptolemy/actor/lib/test/auto/TestSimple.xml
1 ms. Memory: 1781760K Free: 1330285K (75%)
----------------- Invoking toplevel() on ptolemy.moml.MoMLSimpleApplication@1efab36f
----------------- Done invoking toplevel() on ptolemy.moml.MoMLSimpleApplication@1efab36f
reloadAllAccessors: .TestSimple

===========================================================================================
----------------- testing Fri Jul 27 01:41:55 UTC 2018 /home/travis/build/icyphy/ptII/ptolemy/actor/lib/test/auto/ThrowModelError.xml
----------------- Instantiating /home/travis/build/icyphy/ptII/ptolemy/actor/lib/test/auto/ThrowModelError.xml
1 ms. Memory: 1781760K Free: 1313594K (74%)
----------------- Invoking toplevel() on ptolemy.moml.MoMLSimpleApplication@7e89f70f
----------------- Done invoking toplevel() on ptolemy.moml.MoMLSimpleApplication@7e89f70f
reloadAllAccessors: .ThrowModelError

===========================================================================================
----------------- testing Fri Jul 27 01:41:55 UTC 2018 /home/travis/build/icyphy/ptII/ptolemy/actor/lib/test/auto/TimeDelayMicrosteps.xml
----------------- Instantiating /home/travis/build/icyphy/ptII/ptolemy/actor/lib/test/auto/TimeDelayMicrosteps.xml
3 ms. Memory: 1781760K Free: 1292498K (73%)
----------------- Invoking toplevel() on ptolemy.moml.MoMLSimpleApplication@59d5cda0
----------------- Done invoking toplevel() on ptolemy.moml.MoMLSimpleApplication@59d5cda0
reloadAllAccessors: .TimeDelayMicrosteps

===========================================================================================
----------------- testing Fri Jul 27 01:41:55 UTC 2018 /home/travis/build/icyphy/ptII/ptolemy/actor/lib/test/auto/TimeDelayMicrosteps2.xml
----------------- Instantiating /home/travis/build/icyphy/ptII/ptolemy/actor/lib/test/auto/TimeDelayMicrosteps2.xml
4 ms. Memory: 1781760K Free: 1275807K (72%)
----------------- Invoking toplevel() on ptolemy.moml.MoMLSimpleApplication@2db3c889
----------------- Done invoking toplevel() on ptolemy.moml.MoMLSimpleApplication@2db3c889
reloadAllAccessors: .TimeDelayMicrosteps2

===========================================================================================
----------------- testing Fri Jul 27 01:41:55 UTC 2018 /home/travis/build/icyphy/ptII/ptolemy/actor/lib/test/auto/TimeDelayMicrosteps3.xml
----------------- Instantiating /home/travis/build/icyphy/ptII/ptolemy/actor/lib/test/auto/TimeDelayMicrosteps3.xml
2 ms. Memory: 1781760K Free: 1254711K (70%)
----------------- Invoking toplevel() on ptolemy.moml.MoMLSimpleApplication@4334021c
----------------- Done invoking toplevel() on ptolemy.moml.MoMLSimpleApplication@4334021c
reloadAllAccessors: .TimeDelayMicrosteps3

===========================================================================================
----------------- testing Fri Jul 27 01:41:55 UTC 2018 /home/travis/build/icyphy/ptII/ptolemy/actor/lib/test/auto/TimeDelayVariableMicrosteps.xml
----------------- Instantiating /home/travis/build/icyphy/ptII/ptolemy/actor/lib/test/auto/TimeDelayVariableMicrosteps.xml
2 ms. Memory: 1781760K Free: 1238019K (69%)
----------------- Invoking toplevel() on ptolemy.moml.MoMLSimpleApplication@3db6b309
----------------- Done invoking toplevel() on ptolemy.moml.MoMLSimpleApplication@3db6b309
reloadAllAccessors: .TimeDelayVariableMicrosteps

===========================================================================================
----------------- testing Fri Jul 27 01:41:55 UTC 2018 /home/travis/build/icyphy/ptII/ptolemy/actor/lib/test/auto/TimeGap.xml
----------------- Instantiating /home/travis/build/icyphy/ptII/ptolemy/actor/lib/test/auto/TimeGap.xml
9 ms. Memory: 1781760K Free: 1216923K (68%)
----------------- Invoking toplevel() on ptolemy.moml.MoMLSimpleApplication@63b3be5d
----------------- Done invoking toplevel() on ptolemy.moml.MoMLSimpleApplication@63b3be5d
reloadAllAccessors: .TimeGap

===========================================================================================
----------------- testing Fri Jul 27 01:41:55 UTC 2018 /home/travis/build/icyphy/ptII/ptolemy/actor/lib/test/auto/TimeGap2.xml
----------------- Instantiating /home/travis/build/icyphy/ptII/ptolemy/actor/lib/test/auto/TimeGap2.xml
1 ms. Memory: 1781760K Free: 1195827K (67%)
----------------- Invoking toplevel() on ptolemy.moml.MoMLSimpleApplication@4986edeb
----------------- Done invoking toplevel() on ptolemy.moml.MoMLSimpleApplication@4986edeb
reloadAllAccessors: .TimeGap2

===========================================================================================
----------------- testing Fri Jul 27 01:41:55 UTC 2018 /home/travis/build/icyphy/ptII/ptolemy/actor/lib/test/auto/TimedSinewave.xml
----------------- Instantiating /home/travis/build/icyphy/ptII/ptolemy/actor/lib/test/auto/TimedSinewave.xml
19 ms. Memory: 1781760K Free: 1170791K (66%)
----------------- Invoking toplevel() on ptolemy.moml.MoMLSimpleApplication@389a3628
----------------- Done invoking toplevel() on ptolemy.moml.MoMLSimpleApplication@389a3628
reloadAllAccessors: .TimedSinewave

===========================================================================================
----------------- testing Fri Jul 27 01:41:55 UTC 2018 /home/travis/build/icyphy/ptII/ptolemy/actor/lib/test/auto/TimedSinewavePhase.xml
----------------- Instantiating /home/travis/build/icyphy/ptII/ptolemy/actor/lib/test/auto/TimedSinewavePhase.xml
9 ms. Memory: 1781760K Free: 1149695K (65%)
----------------- Invoking toplevel() on ptolemy.moml.MoMLSimpleApplication@2b7c62be
----------------- Done invoking toplevel() on ptolemy.moml.MoMLSimpleApplication@2b7c62be
reloadAllAccessors: .TimedSinewavePhase

===========================================================================================
----------------- testing Fri Jul 27 01:41:55 UTC 2018 /home/travis/build/icyphy/ptII/ptolemy/actor/lib/test/auto/Timer.xml
----------------- Instantiating /home/travis/build/icyphy/ptII/ptolemy/actor/lib/test/auto/Timer.xml
1 ms. Memory: 1781760K Free: 1133003K (64%)
----------------- Invoking toplevel() on ptolemy.moml.MoMLSimpleApplication@3148a38a
----------------- Done invoking toplevel() on ptolemy.moml.MoMLSimpleApplication@3148a38a
reloadAllAccessors: .Timer

===========================================================================================
----------------- testing Fri Jul 27 01:41:55 UTC 2018 /home/travis/build/icyphy/ptII/ptolemy/actor/lib/test/auto/TriangularDistTestModel.xml
----------------- Instantiating /home/travis/build/icyphy/ptII/ptolemy/actor/lib/test/auto/TriangularDistTestModel.xml
2 ms. Memory: 1781760K Free: 1111907K (62%)
----------------- Invoking toplevel() on ptolemy.moml.MoMLSimpleApplication@77b44052
----------------- Done invoking toplevel() on ptolemy.moml.MoMLSimpleApplication@77b44052
reloadAllAccessors: .TriangularDistTestModel

===========================================================================================
----------------- testing Fri Jul 27 01:41:55 UTC 2018 /home/travis/build/icyphy/ptII/ptolemy/actor/lib/test/auto/TrigFunction.xml
----------------- Instantiating /home/travis/build/icyphy/ptII/ptolemy/actor/lib/test/auto/TrigFunction.xml
1 ms. Memory: 1781760K Free: 1095216K (61%)
----------------- Invoking toplevel() on ptolemy.moml.MoMLSimpleApplication@1f61a4c6
----------------- Done invoking toplevel() on ptolemy.moml.MoMLSimpleApplication@1f61a4c6
reloadAllAccessors: .TrigFunction

===========================================================================================
----------------- testing Fri Jul 27 01:41:55 UTC 2018 /home/travis/build/icyphy/ptII/ptolemy/actor/lib/test/auto/TrigFunctionDE.xml
----------------- Instantiating /home/travis/build/icyphy/ptII/ptolemy/actor/lib/test/auto/TrigFunctionDE.xml
1 ms. Memory: 1781760K Free: 1074120K (60%)
----------------- Invoking toplevel() on ptolemy.moml.MoMLSimpleApplication@eace5ac
----------------- Done invoking toplevel() on ptolemy.moml.MoMLSimpleApplication@eace5ac
reloadAllAccessors: .TrigFunctionDE

===========================================================================================
----------------- testing Fri Jul 27 01:41:55 UTC 2018 /home/travis/build/icyphy/ptII/ptolemy/actor/lib/test/auto/TrigFunctionInverse.xml
----------------- Instantiating /home/travis/build/icyphy/ptII/ptolemy/actor/lib/test/auto/TrigFunctionInverse.xml
2 ms. Memory: 1781760K Free: 1053024K (59%)
----------------- Invoking toplevel() on ptolemy.moml.MoMLSimpleApplication@366a532c
----------------- Done invoking toplevel() on ptolemy.moml.MoMLSimpleApplication@366a532c
reloadAllAccessors: .TrigFunctionInverse

===========================================================================================
----------------- testing Fri Jul 27 01:41:55 UTC 2018 /home/travis/build/icyphy/ptII/ptolemy/actor/lib/test/auto/TrigFunctionTan.xml
----------------- Instantiating /home/travis/build/icyphy/ptII/ptolemy/actor/lib/test/auto/TrigFunctionTan.xml
1 ms. Memory: 1781760K Free: 1036332K (58%)
----------------- Invoking toplevel() on ptolemy.moml.MoMLSimpleApplication@21c4a107
----------------- Done invoking toplevel() on ptolemy.moml.MoMLSimpleApplication@21c4a107
reloadAllAccessors: .TrigFunctionTan

===========================================================================================
----------------- testing Fri Jul 27 01:41:55 UTC 2018 /home/travis/build/icyphy/ptII/ptolemy/actor/lib/test/auto/TriggeredClock.xml
----------------- Instantiating /home/travis/build/icyphy/ptII/ptolemy/actor/lib/test/auto/TriggeredClock.xml
1 ms. Memory: 1781760K Free: 1015236K (57%)
----------------- Invoking toplevel() on ptolemy.moml.MoMLSimpleApplication@5196e3eb
----------------- Done invoking toplevel() on ptolemy.moml.MoMLSimpleApplication@5196e3eb
reloadAllAccessors: .TriggeredClock

===========================================================================================
----------------- testing Fri Jul 27 01:41:55 UTC 2018 /home/travis/build/icyphy/ptII/ptolemy/actor/lib/test/auto/URLDirectoryReader.xml
----------------- Instantiating /home/travis/build/icyphy/ptII/ptolemy/actor/lib/test/auto/URLDirectoryReader.xml
28 ms. Memory: 1781760K Free: 998545K (56%)
----------------- Invoking toplevel() on ptolemy.moml.MoMLSimpleApplication@5d665d5f
----------------- Done invoking toplevel() on ptolemy.moml.MoMLSimpleApplication@5d665d5f
reloadAllAccessors: .URLDirectoryReader

===========================================================================================
----------------- testing Fri Jul 27 01:41:55 UTC 2018 /home/travis/build/icyphy/ptII/ptolemy/actor/lib/test/auto/URLDirectoryReader3.xml
----------------- Instantiating /home/travis/build/icyphy/ptII/ptolemy/actor/lib/test/auto/URLDirectoryReader3.xml
1158 ms. Memory: 1781760K Free: 935721K (53%)
----------------- Invoking toplevel() on ptolemy.moml.MoMLSimpleApplication@cc3b9d9
----------------- Done invoking toplevel() on ptolemy.moml.MoMLSimpleApplication@cc3b9d9
reloadAllAccessors: .URLDirectoryReader3

===========================================================================================
----------------- testing Fri Jul 27 01:41:57 UTC 2018 /home/travis/build/icyphy/ptII/ptolemy/actor/lib/test/auto/UnaryMathFunction.xml
----------------- Instantiating /home/travis/build/icyphy/ptII/ptolemy/actor/lib/test/auto/UnaryMathFunction.xml
2 ms. Memory: 1781760K Free: 919030K (52%)
----------------- Invoking toplevel() on ptolemy.moml.MoMLSimpleApplication@24b9893a
----------------- Done invoking toplevel() on ptolemy.moml.MoMLSimpleApplication@24b9893a
reloadAllAccessors: .UnaryMathFunction

===========================================================================================
----------------- testing Fri Jul 27 01:41:57 UTC 2018 /home/travis/build/icyphy/ptII/ptolemy/actor/lib/test/auto/Uniform.xml
----------------- Instantiating /home/travis/build/icyphy/ptII/ptolemy/actor/lib/test/auto/Uniform.xml
1 ms. Memory: 1781760K Free: 897933K (50%)
----------------- Invoking toplevel() on ptolemy.moml.MoMLSimpleApplication@2dc97d5d
----------------- Done invoking toplevel() on ptolemy.moml.MoMLSimpleApplication@2dc97d5d
reloadAllAccessors: .Uniform

===========================================================================================
----------------- testing Fri Jul 27 01:41:57 UTC 2018 /home/travis/build/icyphy/ptII/ptolemy/actor/lib/test/auto/UnionDisassemblerTest.xml
----------------- Instantiating /home/travis/build/icyphy/ptII/ptolemy/actor/lib/test/auto/UnionDisassemblerTest.xml
13 ms. Memory: 1781760K Free: 876837K (49%)
----------------- Invoking toplevel() on ptolemy.moml.MoMLSimpleApplication@367cfba
----------------- Done invoking toplevel() on ptolemy.moml.MoMLSimpleApplication@367cfba
reloadAllAccessors: .UnionDisassemblerTest

===========================================================================================
----------------- testing Fri Jul 27 01:41:57 UTC 2018 /home/travis/build/icyphy/ptII/ptolemy/actor/lib/test/auto/UtilityFunctions.xml
----------------- Instantiating /home/travis/build/icyphy/ptII/ptolemy/actor/lib/test/auto/UtilityFunctions.xml
9 ms. Memory: 1781760K Free: 860146K (48%)
----------------- Invoking toplevel() on ptolemy.moml.MoMLSimpleApplication@33037135
----------------- Done invoking toplevel() on ptolemy.moml.MoMLSimpleApplication@33037135
reloadAllAccessors: .UtilityFunctions

===========================================================================================
----------------- testing Fri Jul 27 01:41:57 UTC 2018 /home/travis/build/icyphy/ptII/ptolemy/actor/lib/test/auto/VariableSleep.xml
----------------- Instantiating /home/travis/build/icyphy/ptII/ptolemy/actor/lib/test/auto/VariableSleep.xml
511 ms. Memory: 1781760K Free: 839050K (47%)
----------------- Invoking toplevel() on ptolemy.moml.MoMLSimpleApplication@50542c54
----------------- Done invoking toplevel() on ptolemy.moml.MoMLSimpleApplication@50542c54
reloadAllAccessors: .VariableSleep

===========================================================================================
----------------- testing Fri Jul 27 01:41:58 UTC 2018 /home/travis/build/icyphy/ptII/ptolemy/actor/lib/test/auto/VectorAssemblerDisassemblerCT.xml
----------------- Instantiating /home/travis/build/icyphy/ptII/ptolemy/actor/lib/test/auto/VectorAssemblerDisassemblerCT.xml
71 ms. Memory: 1781760K Free: 805651K (45%)
----------------- Invoking toplevel() on ptolemy.moml.MoMLSimpleApplication@568c6df9
----------------- Done invoking toplevel() on ptolemy.moml.MoMLSimpleApplication@568c6df9
reloadAllAccessors: .VectorAssemblerDisassemblerCT

===========================================================================================
----------------- testing Fri Jul 27 01:41:58 UTC 2018 /home/travis/build/icyphy/ptII/ptolemy/actor/lib/test/auto/VectorAssemblerDisassemblerDE.xml
----------------- Instantiating /home/travis/build/icyphy/ptII/ptolemy/actor/lib/test/auto/VectorAssemblerDisassemblerDE.xml
2 ms. Memory: 1781760K Free: 784555K (44%)
----------------- Invoking toplevel() on ptolemy.moml.MoMLSimpleApplication@6c39b251
----------------- Done invoking toplevel() on ptolemy.moml.MoMLSimpleApplication@6c39b251
reloadAllAccessors: .VectorAssemblerDisassemblerDE

===========================================================================================
----------------- testing Fri Jul 27 01:41:58 UTC 2018 /home/travis/build/icyphy/ptII/ptolemy/actor/lib/test/auto/VectorAssemblerDisassemblerSDF.xml
----------------- Instantiating /home/travis/build/icyphy/ptII/ptolemy/actor/lib/test/auto/VectorAssemblerDisassemblerSDF.xml
2 ms. Memory: 1781760K Free: 763459K (43%)
----------------- Invoking toplevel() on ptolemy.moml.MoMLSimpleApplication@4c4717dd
----------------- Done invoking toplevel() on ptolemy.moml.MoMLSimpleApplication@4c4717dd
reloadAllAccessors: .VectorAssemblerDisassemblerSDF

===========================================================================================
----------------- testing Fri Jul 27 01:41:58 UTC 2018 /home/travis/build/icyphy/ptII/ptolemy/actor/lib/test/auto/WallClockTime.xml
----------------- Instantiating /home/travis/build/icyphy/ptII/ptolemy/actor/lib/test/auto/WallClockTime.xml
1004 ms. Memory: 1781760K Free: 746768K (42%)
----------------- Invoking toplevel() on ptolemy.moml.MoMLSimpleApplication@6afd48f3
----------------- Done invoking toplevel() on ptolemy.moml.MoMLSimpleApplication@6afd48f3
reloadAllAccessors: .WallClockTime

===========================================================================================
----------------- testing Fri Jul 27 01:41:59 UTC 2018 /home/travis/build/icyphy/ptII/ptolemy/actor/lib/test/auto/WidthTestWithSubscriberPublisher.xml
----------------- Instantiating /home/travis/build/icyphy/ptII/ptolemy/actor/lib/test/auto/WidthTestWithSubscriberPublisher.xml
7 ms. Memory: 1781760K Free: 717311K (40%)
----------------- Invoking toplevel() on ptolemy.moml.MoMLSimpleApplication@5a6a4ae5
----------------- Done invoking toplevel() on ptolemy.moml.MoMLSimpleApplication@5a6a4ae5
reloadAllAccessors: .WidthTestWithSubscriberPublisher

===========================================================================================
----------------- testing Fri Jul 27 01:41:59 UTC 2018 /home/travis/build/icyphy/ptII/ptolemy/actor/lib/test/auto/WidthTestWithSubscriberPublisher2.xml
----------------- Instantiating /home/travis/build/icyphy/ptII/ptolemy/actor/lib/test/auto/WidthTestWithSubscriberPublisher2.xml
2 ms. Memory: 1781760K Free: 700619K (39%)
----------------- Invoking toplevel() on ptolemy.moml.MoMLSimpleApplication@60f8cc0a
----------------- Done invoking toplevel() on ptolemy.moml.MoMLSimpleApplication@60f8cc0a
reloadAllAccessors: .WidthTestWithSubscriberPublisher2

===========================================================================================
----------------- testing Fri Jul 27 01:41:59 UTC 2018 /home/travis/build/icyphy/ptII/ptolemy/actor/lib/test/auto/WidthTestWithSubscriberPublisher3.xml
----------------- Instantiating /home/travis/build/icyphy/ptII/ptolemy/actor/lib/test/auto/WidthTestWithSubscriberPublisher3.xml
5 ms. Memory: 1781760K Free: 679523K (38%)
----------------- Invoking toplevel() on ptolemy.moml.MoMLSimpleApplication@2a4ce61d
----------------- Done invoking toplevel() on ptolemy.moml.MoMLSimpleApplication@2a4ce61d
reloadAllAccessors: .WidthTestWithSubscriberPublisher3

===========================================================================================
----------------- testing Fri Jul 27 01:41:59 UTC 2018 /home/travis/build/icyphy/ptII/ptolemy/actor/lib/test/auto/Writer.xml
----------------- Instantiating /home/travis/build/icyphy/ptII/ptolemy/actor/lib/test/auto/Writer.xml
0
1
2
3
4
1 ms. Memory: 1781760K Free: 662832K (37%)
----------------- Invoking toplevel() on ptolemy.moml.MoMLSimpleApplication@2f44e91d
----------------- Done invoking toplevel() on ptolemy.moml.MoMLSimpleApplication@2f44e91d
reloadAllAccessors: .Writer

===========================================================================================
----------------- testing Fri Jul 27 01:41:59 UTC 2018 /home/travis/build/icyphy/ptII/ptolemy/actor/lib/test/auto/array.xml
----------------- Instantiating /home/travis/build/icyphy/ptII/ptolemy/actor/lib/test/auto/array.xml
1 ms. Memory: 1781760K Free: 641736K (36%)
----------------- Invoking toplevel() on ptolemy.moml.MoMLSimpleApplication@51cdb57c
----------------- Done invoking toplevel() on ptolemy.moml.MoMLSimpleApplication@51cdb57c
reloadAllAccessors: .array

===========================================================================================
----------------- testing Fri Jul 27 01:41:59 UTC 2018 /home/travis/build/icyphy/ptII/ptolemy/actor/lib/test/auto/array2.xml
----------------- Instantiating /home/travis/build/icyphy/ptII/ptolemy/actor/lib/test/auto/array2.xml
2 ms. Memory: 1781760K Free: 620640K (35%)
----------------- Invoking toplevel() on ptolemy.moml.MoMLSimpleApplication@18bb2bc0
----------------- Done invoking toplevel() on ptolemy.moml.MoMLSimpleApplication@18bb2bc0
reloadAllAccessors: .array2

===========================================================================================
----------------- testing Fri Jul 27 01:41:59 UTC 2018 /home/travis/build/icyphy/ptII/ptolemy/actor/lib/test/auto/arrayType.xml
----------------- Instantiating /home/travis/build/icyphy/ptII/ptolemy/actor/lib/test/auto/arrayType.xml
2 ms. Memory: 1781760K Free: 603949K (34%)
----------------- Invoking toplevel() on ptolemy.moml.MoMLSimpleApplication@4f85e46e
----------------- Done invoking toplevel() on ptolemy.moml.MoMLSimpleApplication@4f85e46e
reloadAllAccessors: .arrayType

===========================================================================================
----------------- testing Fri Jul 27 01:41:59 UTC 2018 /home/travis/build/icyphy/ptII/ptolemy/actor/lib/test/auto/arrayType10.xml
----------------- Instantiating /home/travis/build/icyphy/ptII/ptolemy/actor/lib/test/auto/arrayType10.xml
1 ms. Memory: 1781760K Free: 582853K (33%)
----------------- Invoking toplevel() on ptolemy.moml.MoMLSimpleApplication@38b12170
----------------- Done invoking toplevel() on ptolemy.moml.MoMLSimpleApplication@38b12170
reloadAllAccessors: .arrayType10

===========================================================================================
----------------- testing Fri Jul 27 01:41:59 UTC 2018 /home/travis/build/icyphy/ptII/ptolemy/actor/lib/test/auto/arrayType11.xml
----------------- Instantiating /home/travis/build/icyphy/ptII/ptolemy/actor/lib/test/auto/arrayType11.xml
1 ms. Memory: 1781760K Free: 566162K (32%)
----------------- Invoking toplevel() on ptolemy.moml.MoMLSimpleApplication@6a70e96f
----------------- Done invoking toplevel() on ptolemy.moml.MoMLSimpleApplication@6a70e96f
reloadAllAccessors: .arrayType11

===========================================================================================
----------------- testing Fri Jul 27 01:41:59 UTC 2018 /home/travis/build/icyphy/ptII/ptolemy/actor/lib/test/auto/arrayType12.xml
----------------- Instantiating /home/travis/build/icyphy/ptII/ptolemy/actor/lib/test/auto/arrayType12.xml
1 ms. Memory: 1781760K Free: 545066K (31%)
----------------- Invoking toplevel() on ptolemy.moml.MoMLSimpleApplication@76fe9a47
----------------- Done invoking toplevel() on ptolemy.moml.MoMLSimpleApplication@76fe9a47
reloadAllAccessors: .arrayType12

===========================================================================================
----------------- testing Fri Jul 27 01:41:59 UTC 2018 /home/travis/build/icyphy/ptII/ptolemy/actor/lib/test/auto/arrayType13.xml
----------------- Instantiating /home/travis/build/icyphy/ptII/ptolemy/actor/lib/test/auto/arrayType13.xml
1 ms. Memory: 1781760K Free: 528374K (30%)
----------------- Invoking toplevel() on ptolemy.moml.MoMLSimpleApplication@25588c29
----------------- Done invoking toplevel() on ptolemy.moml.MoMLSimpleApplication@25588c29
reloadAllAccessors: .arrayType13

===========================================================================================
----------------- testing Fri Jul 27 01:41:59 UTC 2018 /home/travis/build/icyphy/ptII/ptolemy/actor/lib/test/auto/arrayType14.xml
----------------- Instantiating /home/travis/build/icyphy/ptII/ptolemy/actor/lib/test/auto/arrayType14.xml
2 ms. Memory: 1781760K Free: 507278K (28%)
----------------- Invoking toplevel() on ptolemy.moml.MoMLSimpleApplication@2018f712
----------------- Done invoking toplevel() on ptolemy.moml.MoMLSimpleApplication@2018f712
reloadAllAccessors: .arrayType14

===========================================================================================
----------------- testing Fri Jul 27 01:41:59 UTC 2018 /home/travis/build/icyphy/ptII/ptolemy/actor/lib/test/auto/arrayType15.xml
----------------- Instantiating /home/travis/build/icyphy/ptII/ptolemy/actor/lib/test/auto/arrayType15.xml
1 ms. Memory: 1781760K Free: 486182K (27%)
----------------- Invoking toplevel() on ptolemy.moml.MoMLSimpleApplication@441bbaaf
----------------- Done invoking toplevel() on ptolemy.moml.MoMLSimpleApplication@441bbaaf
reloadAllAccessors: .arrayType15

===========================================================================================
----------------- testing Fri Jul 27 01:41:59 UTC 2018 /home/travis/build/icyphy/ptII/ptolemy/actor/lib/test/auto/arrayType16.xml
----------------- Instantiating /home/travis/build/icyphy/ptII/ptolemy/actor/lib/test/auto/arrayType16.xml
2 ms. Memory: 1781760K Free: 469491K (26%)
----------------- Invoking toplevel() on ptolemy.moml.MoMLSimpleApplication@53bd46ae
----------------- Done invoking toplevel() on ptolemy.moml.MoMLSimpleApplication@53bd46ae
reloadAllAccessors: .arrayType16

===========================================================================================
----------------- testing Fri Jul 27 01:41:59 UTC 2018 /home/travis/build/icyphy/ptII/ptolemy/actor/lib/test/auto/arrayType17.xml
----------------- Instantiating /home/travis/build/icyphy/ptII/ptolemy/actor/lib/test/auto/arrayType17.xml
2 ms. Memory: 1781760K Free: 448395K (25%)
----------------- Invoking toplevel() on ptolemy.moml.MoMLSimpleApplication@68276932
----------------- Done invoking toplevel() on ptolemy.moml.MoMLSimpleApplication@68276932
reloadAllAccessors: .arrayType17

===========================================================================================
----------------- testing Fri Jul 27 01:41:59 UTC 2018 /home/travis/build/icyphy/ptII/ptolemy/actor/lib/test/auto/arrayType18.xml
----------------- Instantiating /home/travis/build/icyphy/ptII/ptolemy/actor/lib/test/auto/arrayType18.xml
1 ms. Memory: 1781760K Free: 431704K (24%)
----------------- Invoking toplevel() on ptolemy.moml.MoMLSimpleApplication@1a6a83fd
----------------- Done invoking toplevel() on ptolemy.moml.MoMLSimpleApplication@1a6a83fd
reloadAllAccessors: .arrayType18

===========================================================================================
----------------- testing Fri Jul 27 01:41:59 UTC 2018 /home/travis/build/icyphy/ptII/ptolemy/actor/lib/test/auto/arrayType19.xml
----------------- Instantiating /home/travis/build/icyphy/ptII/ptolemy/actor/lib/test/auto/arrayType19.xml
2 ms. Memory: 1781760K Free: 410608K (23%)
----------------- Invoking toplevel() on ptolemy.moml.MoMLSimpleApplication@762a992
----------------- Done invoking toplevel() on ptolemy.moml.MoMLSimpleApplication@762a992
reloadAllAccessors: .arrayType19

===========================================================================================
----------------- testing Fri Jul 27 01:41:59 UTC 2018 /home/travis/build/icyphy/ptII/ptolemy/actor/lib/test/auto/arrayType2.xml
----------------- Instantiating /home/travis/build/icyphy/ptII/ptolemy/actor/lib/test/auto/arrayType2.xml
2 ms. Memory: 1781760K Free: 393917K (22%)
----------------- Invoking toplevel() on ptolemy.moml.MoMLSimpleApplication@b3d1c94
----------------- Done invoking toplevel() on ptolemy.moml.MoMLSimpleApplication@b3d1c94
reloadAllAccessors: .arrayType2

===========================================================================================
----------------- testing Fri Jul 27 01:41:59 UTC 2018 /home/travis/build/icyphy/ptII/ptolemy/actor/lib/test/auto/arrayType20.xml
----------------- Instantiating /home/travis/build/icyphy/ptII/ptolemy/actor/lib/test/auto/arrayType20.xml
1 ms. Memory: 1781760K Free: 372820K (21%)
----------------- Invoking toplevel() on ptolemy.moml.MoMLSimpleApplication@29004f53
----------------- Done invoking toplevel() on ptolemy.moml.MoMLSimpleApplication@29004f53
reloadAllAccessors: .arrayType20

===========================================================================================
----------------- testing Fri Jul 27 01:41:59 UTC 2018 /home/travis/build/icyphy/ptII/ptolemy/actor/lib/test/auto/arrayType21.xml
----------------- Instantiating /home/travis/build/icyphy/ptII/ptolemy/actor/lib/test/auto/arrayType21.xml
1 ms. Memory: 1781760K Free: 351724K (20%)
----------------- Invoking toplevel() on ptolemy.moml.MoMLSimpleApplication@1c9241ae
----------------- Done invoking toplevel() on ptolemy.moml.MoMLSimpleApplication@1c9241ae
reloadAllAccessors: .arrayType21

===========================================================================================
----------------- testing Fri Jul 27 01:41:59 UTC 2018 /home/travis/build/icyphy/ptII/ptolemy/actor/lib/test/auto/arrayType22.xml
----------------- Instantiating /home/travis/build/icyphy/ptII/ptolemy/actor/lib/test/auto/arrayType22.xml
1 ms. Memory: 1781760K Free: 335033K (19%)
----------------- Invoking toplevel() on ptolemy.moml.MoMLSimpleApplication@399bbb4d
----------------- Done invoking toplevel() on ptolemy.moml.MoMLSimpleApplication@399bbb4d
reloadAllAccessors: .arrayType22

===========================================================================================
----------------- testing Fri Jul 27 01:41:59 UTC 2018 /home/travis/build/icyphy/ptII/ptolemy/actor/lib/test/auto/arrayType23.xml
----------------- Instantiating /home/travis/build/icyphy/ptII/ptolemy/actor/lib/test/auto/arrayType23.xml
1 ms. Memory: 1781760K Free: 313937K (18%)
----------------- Invoking toplevel() on ptolemy.moml.MoMLSimpleApplication@1b41fe31
----------------- Done invoking toplevel() on ptolemy.moml.MoMLSimpleApplication@1b41fe31
reloadAllAccessors: .arrayType23

===========================================================================================
----------------- testing Fri Jul 27 01:41:59 UTC 2018 /home/travis/build/icyphy/ptII/ptolemy/actor/lib/test/auto/arrayType24.xml
----------------- Instantiating /home/travis/build/icyphy/ptII/ptolemy/actor/lib/test/auto/arrayType24.xml
3 ms. Memory: 1781760K Free: 297246K (17%)
----------------- Invoking toplevel() on ptolemy.moml.MoMLSimpleApplication@68bd8730
----------------- Done invoking toplevel() on ptolemy.moml.MoMLSimpleApplication@68bd8730
reloadAllAccessors: .arrayType24

===========================================================================================
----------------- testing Fri Jul 27 01:41:59 UTC 2018 /home/travis/build/icyphy/ptII/ptolemy/actor/lib/test/auto/arrayType25.xml
----------------- Instantiating /home/travis/build/icyphy/ptII/ptolemy/actor/lib/test/auto/arrayType25.xml
2 ms. Memory: 1781760K Free: 276150K (15%)
----------------- Invoking toplevel() on ptolemy.moml.MoMLSimpleApplication@5d34e511
----------------- Done invoking toplevel() on ptolemy.moml.MoMLSimpleApplication@5d34e511
reloadAllAccessors: .arrayType25

===========================================================================================
----------------- testing Fri Jul 27 01:41:59 UTC 2018 /home/travis/build/icyphy/ptII/ptolemy/actor/lib/test/auto/arrayType26.xml
----------------- Instantiating /home/travis/build/icyphy/ptII/ptolemy/actor/lib/test/auto/arrayType26.xml
1 ms. Memory: 1781760K Free: 255054K (14%)
----------------- Invoking toplevel() on ptolemy.moml.MoMLSimpleApplication@4f17b73c
----------------- Done invoking toplevel() on ptolemy.moml.MoMLSimpleApplication@4f17b73c
reloadAllAccessors: .arrayType26

===========================================================================================
----------------- testing Fri Jul 27 01:41:59 UTC 2018 /home/travis/build/icyphy/ptII/ptolemy/actor/lib/test/auto/arrayType27.xml
----------------- Instantiating /home/travis/build/icyphy/ptII/ptolemy/actor/lib/test/auto/arrayType27.xml
1 ms. Memory: 1781760K Free: 238362K (13%)
----------------- Invoking toplevel() on ptolemy.moml.MoMLSimpleApplication@79da5674
----------------- Done invoking toplevel() on ptolemy.moml.MoMLSimpleApplication@79da5674
reloadAllAccessors: .arrayType27

===========================================================================================
----------------- testing Fri Jul 27 01:41:59 UTC 2018 /home/travis/build/icyphy/ptII/ptolemy/actor/lib/test/auto/arrayType28.xml
----------------- Instantiating /home/travis/build/icyphy/ptII/ptolemy/actor/lib/test/auto/arrayType28.xml
1 ms. Memory: 1781760K Free: 217266K (12%)
----------------- Invoking toplevel() on ptolemy.moml.MoMLSimpleApplication@4f7048a0
----------------- Done invoking toplevel() on ptolemy.moml.MoMLSimpleApplication@4f7048a0
reloadAllAccessors: .arrayType28

===========================================================================================
----------------- testing Fri Jul 27 01:41:59 UTC 2018 /home/travis/build/icyphy/ptII/ptolemy/actor/lib/test/auto/arrayType3.xml
----------------- Instantiating /home/travis/build/icyphy/ptII/ptolemy/actor/lib/test/auto/arrayType3.xml
1 ms. Memory: 1781760K Free: 200575K (11%)
----------------- Invoking toplevel() on ptolemy.moml.MoMLSimpleApplication@29ae82bc
----------------- Done invoking toplevel() on ptolemy.moml.MoMLSimpleApplication@29ae82bc
reloadAllAccessors: .arrayType3

===========================================================================================
----------------- testing Fri Jul 27 01:41:59 UTC 2018 /home/travis/build/icyphy/ptII/ptolemy/actor/lib/test/auto/arrayType4.xml
----------------- Instantiating /home/travis/build/icyphy/ptII/ptolemy/actor/lib/test/auto/arrayType4.xml
1 ms. Memory: 1781760K Free: 179479K (10%)
----------------- Invoking toplevel() on ptolemy.moml.MoMLSimpleApplication@5869c7ac
----------------- Done invoking toplevel() on ptolemy.moml.MoMLSimpleApplication@5869c7ac
reloadAllAccessors: .arrayType4

===========================================================================================
----------------- testing Fri Jul 27 01:41:59 UTC 2018 /home/travis/build/icyphy/ptII/ptolemy/actor/lib/test/auto/arrayType5.xml
----------------- Instantiating /home/travis/build/icyphy/ptII/ptolemy/actor/lib/test/auto/arrayType5.xml
1 ms. Memory: 1781760K Free: 162788K (9%)
----------------- Invoking toplevel() on ptolemy.moml.MoMLSimpleApplication@42f98c82
----------------- Done invoking toplevel() on ptolemy.moml.MoMLSimpleApplication@42f98c82
reloadAllAccessors: .arrayType5

===========================================================================================
----------------- testing Fri Jul 27 01:41:59 UTC 2018 /home/travis/build/icyphy/ptII/ptolemy/actor/lib/test/auto/arrayType6.xml
----------------- Instantiating /home/travis/build/icyphy/ptII/ptolemy/actor/lib/test/auto/arrayType6.xml
1 ms. Memory: 1781760K Free: 141692K (8%)
----------------- Invoking toplevel() on ptolemy.moml.MoMLSimpleApplication@32f79a5
----------------- Done invoking toplevel() on ptolemy.moml.MoMLSimpleApplication@32f79a5
reloadAllAccessors: .arrayType6

===========================================================================================
----------------- testing Fri Jul 27 01:41:59 UTC 2018 /home/travis/build/icyphy/ptII/ptolemy/actor/lib/test/auto/arrayType7.xml
----------------- Instantiating /home/travis/build/icyphy/ptII/ptolemy/actor/lib/test/auto/arrayType7.xml
1 ms. Memory: 1781760K Free: 120596K (7%)
----------------- Invoking toplevel() on ptolemy.moml.MoMLSimpleApplication@364c8309
----------------- Done invoking toplevel() on ptolemy.moml.MoMLSimpleApplication@364c8309
reloadAllAccessors: .arrayType7

===========================================================================================
----------------- testing Fri Jul 27 01:41:59 UTC 2018 /home/travis/build/icyphy/ptII/ptolemy/actor/lib/test/auto/arrayType8.xml
----------------- Instantiating /home/travis/build/icyphy/ptII/ptolemy/actor/lib/test/auto/arrayType8.xml
1 ms. Memory: 1781760K Free: 103904K (6%)
----------------- Invoking toplevel() on ptolemy.moml.MoMLSimpleApplication@77932815
----------------- Done invoking toplevel() on ptolemy.moml.MoMLSimpleApplication@77932815
reloadAllAccessors: .arrayType8

===========================================================================================
----------------- testing Fri Jul 27 01:41:59 UTC 2018 /home/travis/build/icyphy/ptII/ptolemy/actor/lib/test/auto/arrayType9.xml
----------------- Instantiating /home/travis/build/icyphy/ptII/ptolemy/actor/lib/test/auto/arrayType9.xml
2 ms. Memory: 1781760K Free: 82808K (5%)
----------------- Invoking toplevel() on ptolemy.moml.MoMLSimpleApplication@7e699921
----------------- Done invoking toplevel() on ptolemy.moml.MoMLSimpleApplication@7e699921
reloadAllAccessors: .arrayType9

===========================================================================================
----------------- testing Fri Jul 27 01:41:59 UTC 2018 /home/travis/build/icyphy/ptII/ptolemy/actor/lib/test/auto/cast.xml
----------------- Instantiating /home/travis/build/icyphy/ptII/ptolemy/actor/lib/test/auto/cast.xml
2 ms. Memory: 1781760K Free: 72693K (4%)
----------------- Invoking toplevel() on ptolemy.moml.MoMLSimpleApplication@3db4edaf
----------------- Done invoking toplevel() on ptolemy.moml.MoMLSimpleApplication@3db4edaf
reloadAllAccessors: .cast

===========================================================================================
----------------- testing Fri Jul 27 01:41:59 UTC 2018 /home/travis/build/icyphy/ptII/ptolemy/actor/lib/test/auto/compositeMultiPort.xml
----------------- Instantiating /home/travis/build/icyphy/ptII/ptolemy/actor/lib/test/auto/compositeMultiPort.xml
3 ms. Memory: 1782272K Free: 1700742K (95%)
----------------- Invoking toplevel() on ptolemy.moml.MoMLSimpleApplication@37ac7147
----------------- Done invoking toplevel() on ptolemy.moml.MoMLSimpleApplication@37ac7147
reloadAllAccessors: .compositeMultiPort

===========================================================================================
----------------- testing Fri Jul 27 01:41:59 UTC 2018 /home/travis/build/icyphy/ptII/ptolemy/actor/lib/test/auto/expressionCastInference.xml
----------------- Instantiating /home/travis/build/icyphy/ptII/ptolemy/actor/lib/test/auto/expressionCastInference.xml
2 ms. Memory: 1782272K Free: 1674133K (94%)
----------------- Invoking toplevel() on ptolemy.moml.MoMLSimpleApplication@58fd6f9e
----------------- Done invoking toplevel() on ptolemy.moml.MoMLSimpleApplication@58fd6f9e
reloadAllAccessors: .expressionCastInference

===========================================================================================
----------------- testing Fri Jul 27 01:41:59 UTC 2018 /home/travis/build/icyphy/ptII/ptolemy/actor/lib/test/auto/expressionCastInference2.xml
----------------- Instantiating /home/travis/build/icyphy/ptII/ptolemy/actor/lib/test/auto/expressionCastInference2.xml
2 ms. Memory: 1782272K Free: 1651843K (93%)
----------------- Invoking toplevel() on ptolemy.moml.MoMLSimpleApplication@1839b3e3
----------------- Done invoking toplevel() on ptolemy.moml.MoMLSimpleApplication@1839b3e3
reloadAllAccessors: .expressionCastInference2

===========================================================================================
----------------- testing Fri Jul 27 01:41:59 UTC 2018 /home/travis/build/icyphy/ptII/ptolemy/actor/lib/test/auto/expressionInference.xml
----------------- Instantiating /home/travis/build/icyphy/ptII/ptolemy/actor/lib/test/auto/expressionInference.xml
1 ms. Memory: 1782272K Free: 1625234K (91%)
----------------- Invoking toplevel() on ptolemy.moml.MoMLSimpleApplication@e908ee
----------------- Done invoking toplevel() on ptolemy.moml.MoMLSimpleApplication@e908ee
reloadAllAccessors: .expressionInference

===========================================================================================
----------------- testing Fri Jul 27 01:41:59 UTC 2018 /home/travis/build/icyphy/ptII/ptolemy/actor/lib/test/auto/expression_bug.xml
----------------- Instantiating /home/travis/build/icyphy/ptII/ptolemy/actor/lib/test/auto/expression_bug.xml
1 ms. Memory: 1782272K Free: 1602945K (90%)
----------------- Invoking toplevel() on ptolemy.moml.MoMLSimpleApplication@3ddd0d7f
----------------- Done invoking toplevel() on ptolemy.moml.MoMLSimpleApplication@3ddd0d7f
reloadAllAccessors: .expression_bug

===========================================================================================
----------------- testing Fri Jul 27 01:41:59 UTC 2018 /home/travis/build/icyphy/ptII/ptolemy/actor/lib/test/auto/factorial.xml
----------------- Instantiating /home/travis/build/icyphy/ptII/ptolemy/actor/lib/test/auto/factorial.xml
37 ms. Memory: 1782272K Free: 1576309K (88%)
----------------- Invoking toplevel() on ptolemy.moml.MoMLSimpleApplication@2025bba
----------------- Done invoking toplevel() on ptolemy.moml.MoMLSimpleApplication@2025bba
reloadAllAccessors: .factorial

===========================================================================================
----------------- testing Fri Jul 27 01:41:59 UTC 2018 /home/travis/build/icyphy/ptII/ptolemy/actor/lib/test/auto/filterTest1.xml
----------------- Instantiating /home/travis/build/icyphy/ptII/ptolemy/actor/lib/test/auto/filterTest1.xml
2 ms. Memory: 1782272K Free: 1549700K (87%)
----------------- Invoking toplevel() on ptolemy.moml.MoMLSimpleApplication@396827c4
----------------- Done invoking toplevel() on ptolemy.moml.MoMLSimpleApplication@396827c4
reloadAllAccessors: .filterTest1

===========================================================================================
----------------- testing Fri Jul 27 01:41:59 UTC 2018 /home/travis/build/icyphy/ptII/ptolemy/actor/lib/test/auto/funcApplyInConst.xml
----------------- Instantiating /home/travis/build/icyphy/ptII/ptolemy/actor/lib/test/auto/funcApplyInConst.xml
1 ms. Memory: 1782272K Free: 1527411K (86%)
----------------- Invoking toplevel() on ptolemy.moml.MoMLSimpleApplication@771d4fa0
----------------- Done invoking toplevel() on ptolemy.moml.MoMLSimpleApplication@771d4fa0
reloadAllAccessors: .funcApplyInConst

===========================================================================================
----------------- testing Fri Jul 27 01:41:59 UTC 2018 /home/travis/build/icyphy/ptII/ptolemy/actor/lib/test/auto/funcApplyInExpr.xml
----------------- Instantiating /home/travis/build/icyphy/ptII/ptolemy/actor/lib/test/auto/funcApplyInExpr.xml
1 ms. Memory: 1782272K Free: 1500802K (84%)
----------------- Invoking toplevel() on ptolemy.moml.MoMLSimpleApplication@6fd7baf5
----------------- Done invoking toplevel() on ptolemy.moml.MoMLSimpleApplication@6fd7baf5
reloadAllAccessors: .funcApplyInExpr

===========================================================================================
----------------- testing Fri Jul 27 01:41:59 UTC 2018 /home/travis/build/icyphy/ptII/ptolemy/actor/lib/test/auto/function.xml
----------------- Instantiating /home/travis/build/icyphy/ptII/ptolemy/actor/lib/test/auto/function.xml
2 ms. Memory: 1782272K Free: 1478513K (83%)
----------------- Invoking toplevel() on ptolemy.moml.MoMLSimpleApplication@522d9baf
----------------- Done invoking toplevel() on ptolemy.moml.MoMLSimpleApplication@522d9baf
reloadAllAccessors: .function

===========================================================================================
----------------- testing Fri Jul 27 01:41:59 UTC 2018 /home/travis/build/icyphy/ptII/ptolemy/actor/lib/test/auto/function2.xml
----------------- Instantiating /home/travis/build/icyphy/ptII/ptolemy/actor/lib/test/auto/function2.xml
1 ms. Memory: 1782272K Free: 1451903K (81%)
----------------- Invoking toplevel() on ptolemy.moml.MoMLSimpleApplication@6273fac6
----------------- Done invoking toplevel() on ptolemy.moml.MoMLSimpleApplication@6273fac6
reloadAllAccessors: .function2

===========================================================================================
----------------- testing Fri Jul 27 01:41:59 UTC 2018 /home/travis/build/icyphy/ptII/ptolemy/actor/lib/test/auto/function3.xml
----------------- Instantiating /home/travis/build/icyphy/ptII/ptolemy/actor/lib/test/auto/function3.xml
1 ms. Memory: 1782272K Free: 1425294K (80%)
----------------- Invoking toplevel() on ptolemy.moml.MoMLSimpleApplication@738e1ca0
----------------- Done invoking toplevel() on ptolemy.moml.MoMLSimpleApplication@738e1ca0
reloadAllAccessors: .function3

===========================================================================================
----------------- testing Fri Jul 27 01:42:00 UTC 2018 /home/travis/build/icyphy/ptII/ptolemy/actor/lib/test/auto/functionClosureTest1.xml
----------------- Instantiating /home/travis/build/icyphy/ptII/ptolemy/actor/lib/test/auto/functionClosureTest1.xml
1 ms. Memory: 1782272K Free: 1403005K (79%)
----------------- Invoking toplevel() on ptolemy.moml.MoMLSimpleApplication@40bce528
----------------- Done invoking toplevel() on ptolemy.moml.MoMLSimpleApplication@40bce528
reloadAllAccessors: .functionClosureTest1

===========================================================================================
----------------- testing Fri Jul 27 01:42:00 UTC 2018 /home/travis/build/icyphy/ptII/ptolemy/actor/lib/test/auto/functionClosureTest2.xml
----------------- Instantiating /home/travis/build/icyphy/ptII/ptolemy/actor/lib/test/auto/functionClosureTest2.xml
1 ms. Memory: 1782272K Free: 1376395K (77%)
----------------- Invoking toplevel() on ptolemy.moml.MoMLSimpleApplication@53753ad1
----------------- Done invoking toplevel() on ptolemy.moml.MoMLSimpleApplication@53753ad1
reloadAllAccessors: .functionClosureTest2

===========================================================================================
----------------- testing Fri Jul 27 01:42:00 UTC 2018 /home/travis/build/icyphy/ptII/ptolemy/actor/lib/test/auto/functionClosureTest3.xml
----------------- Instantiating /home/travis/build/icyphy/ptII/ptolemy/actor/lib/test/auto/functionClosureTest3.xml
2 ms. Memory: 1782272K Free: 1354106K (76%)
----------------- Invoking toplevel() on ptolemy.moml.MoMLSimpleApplication@5a0a7c2e
----------------- Done invoking toplevel() on ptolemy.moml.MoMLSimpleApplication@5a0a7c2e
reloadAllAccessors: .functionClosureTest3

===========================================================================================
----------------- testing Fri Jul 27 01:42:00 UTC 2018 /home/travis/build/icyphy/ptII/ptolemy/actor/lib/test/auto/functionClosureTest4.xml
----------------- Instantiating /home/travis/build/icyphy/ptII/ptolemy/actor/lib/test/auto/functionClosureTest4.xml
4 ms. Memory: 1782272K Free: 1327497K (74%)
----------------- Invoking toplevel() on ptolemy.moml.MoMLSimpleApplication@169ba4
----------------- Done invoking toplevel() on ptolemy.moml.MoMLSimpleApplication@169ba4
reloadAllAccessors: .functionClosureTest4

===========================================================================================
----------------- testing Fri Jul 27 01:42:00 UTC 2018 /home/travis/build/icyphy/ptII/ptolemy/actor/lib/test/auto/functionClosureTest5.xml
----------------- Instantiating /home/travis/build/icyphy/ptII/ptolemy/actor/lib/test/auto/functionClosureTest5.xml
4 ms. Memory: 1782272K Free: 1300888K (73%)
----------------- Invoking toplevel() on ptolemy.moml.MoMLSimpleApplication@4d4a2c07
----------------- Done invoking toplevel() on ptolemy.moml.MoMLSimpleApplication@4d4a2c07
reloadAllAccessors: .functionClosureTest5

===========================================================================================
----------------- testing Fri Jul 27 01:42:00 UTC 2018 /home/travis/build/icyphy/ptII/ptolemy/actor/lib/test/auto/functionClosureTest6.xml
----------------- Instantiating /home/travis/build/icyphy/ptII/ptolemy/actor/lib/test/auto/functionClosureTest6.xml
4 ms. Memory: 1782272K Free: 1278598K (72%)
----------------- Invoking toplevel() on ptolemy.moml.MoMLSimpleApplication@677a8149
----------------- Done invoking toplevel() on ptolemy.moml.MoMLSimpleApplication@677a8149
reloadAllAccessors: .functionClosureTest6

===========================================================================================
----------------- testing Fri Jul 27 01:42:00 UTC 2018 /home/travis/build/icyphy/ptII/ptolemy/actor/lib/test/auto/functionsOnArcs.xml
----------------- Instantiating /home/travis/build/icyphy/ptII/ptolemy/actor/lib/test/auto/functionsOnArcs.xml
1 ms. Memory: 1782272K Free: 1251989K (70%)
----------------- Invoking toplevel() on ptolemy.moml.MoMLSimpleApplication@4508996f
----------------- Done invoking toplevel() on ptolemy.moml.MoMLSimpleApplication@4508996f
reloadAllAccessors: .functionsOnArcs

===========================================================================================
----------------- testing Fri Jul 27 01:42:00 UTC 2018 /home/travis/build/icyphy/ptII/ptolemy/actor/lib/test/auto/functionsOnArcsHOF.xml
----------------- Instantiating /home/travis/build/icyphy/ptII/ptolemy/actor/lib/test/auto/functionsOnArcsHOF.xml
3 ms. Memory: 1782272K Free: 1229700K (69%)
----------------- Invoking toplevel() on ptolemy.moml.MoMLSimpleApplication@79f4e785
----------------- Done invoking toplevel() on ptolemy.moml.MoMLSimpleApplication@79f4e785
reloadAllAccessors: .functionsOnArcsHOF

===========================================================================================
----------------- testing Fri Jul 27 01:42:00 UTC 2018 /home/travis/build/icyphy/ptII/ptolemy/actor/lib/test/auto/logic.xml
----------------- Instantiating /home/travis/build/icyphy/ptII/ptolemy/actor/lib/test/auto/logic.xml
1 ms. Memory: 1782272K Free: 1203090K (68%)
----------------- Invoking toplevel() on ptolemy.moml.MoMLSimpleApplication@5521279
----------------- Done invoking toplevel() on ptolemy.moml.MoMLSimpleApplication@5521279
reloadAllAccessors: .logic

===========================================================================================
----------------- testing Fri Jul 27 01:42:00 UTC 2018 /home/travis/build/icyphy/ptII/ptolemy/actor/lib/test/auto/matrixType.xml
----------------- Instantiating /home/travis/build/icyphy/ptII/ptolemy/actor/lib/test/auto/matrixType.xml
1 ms. Memory: 1782272K Free: 1176481K (66%)
----------------- Invoking toplevel() on ptolemy.moml.MoMLSimpleApplication@72bd1d60
----------------- Done invoking toplevel() on ptolemy.moml.MoMLSimpleApplication@72bd1d60
reloadAllAccessors: .matrixType

===========================================================================================
----------------- testing Fri Jul 27 01:42:00 UTC 2018 /home/travis/build/icyphy/ptII/ptolemy/actor/lib/test/auto/matrixType10.xml
----------------- Instantiating /home/travis/build/icyphy/ptII/ptolemy/actor/lib/test/auto/matrixType10.xml
2 ms. Memory: 1782272K Free: 1154192K (65%)
----------------- Invoking toplevel() on ptolemy.moml.MoMLSimpleApplication@3b6dc083
----------------- Done invoking toplevel() on ptolemy.moml.MoMLSimpleApplication@3b6dc083
reloadAllAccessors: .matrixType10

===========================================================================================
----------------- testing Fri Jul 27 01:42:00 UTC 2018 /home/travis/build/icyphy/ptII/ptolemy/actor/lib/test/auto/matrixType11.xml
----------------- Instantiating /home/travis/build/icyphy/ptII/ptolemy/actor/lib/test/auto/matrixType11.xml
1 ms. Memory: 1782272K Free: 1127582K (63%)
----------------- Invoking toplevel() on ptolemy.moml.MoMLSimpleApplication@1e5478bb
----------------- Done invoking toplevel() on ptolemy.moml.MoMLSimpleApplication@1e5478bb
reloadAllAccessors: .matrixType11

===========================================================================================
----------------- testing Fri Jul 27 01:42:00 UTC 2018 /home/travis/build/icyphy/ptII/ptolemy/actor/lib/test/auto/matrixType12.xml
----------------- Instantiating /home/travis/build/icyphy/ptII/ptolemy/actor/lib/test/auto/matrixType12.xml
2 ms. Memory: 1782272K Free: 1105293K (62%)
----------------- Invoking toplevel() on ptolemy.moml.MoMLSimpleApplication@4c06e91f
----------------- Done invoking toplevel() on ptolemy.moml.MoMLSimpleApplication@4c06e91f
reloadAllAccessors: .matrixType12

===========================================================================================
----------------- testing Fri Jul 27 01:42:00 UTC 2018 /home/travis/build/icyphy/ptII/ptolemy/actor/lib/test/auto/matrixType13.xml
----------------- Instantiating /home/travis/build/icyphy/ptII/ptolemy/actor/lib/test/auto/matrixType13.xml
1 ms. Memory: 1782272K Free: 1078684K (61%)
----------------- Invoking toplevel() on ptolemy.moml.MoMLSimpleApplication@35d8f7d8
----------------- Done invoking toplevel() on ptolemy.moml.MoMLSimpleApplication@35d8f7d8
reloadAllAccessors: .matrixType13

===========================================================================================
----------------- testing Fri Jul 27 01:42:00 UTC 2018 /home/travis/build/icyphy/ptII/ptolemy/actor/lib/test/auto/matrixType14.xml
----------------- Instantiating /home/travis/build/icyphy/ptII/ptolemy/actor/lib/test/auto/matrixType14.xml
1 ms. Memory: 1782272K Free: 1052075K (59%)
----------------- Invoking toplevel() on ptolemy.moml.MoMLSimpleApplication@6d6b1542
----------------- Done invoking toplevel() on ptolemy.moml.MoMLSimpleApplication@6d6b1542
reloadAllAccessors: .matrixType14

===========================================================================================
----------------- testing Fri Jul 27 01:42:00 UTC 2018 /home/travis/build/icyphy/ptII/ptolemy/actor/lib/test/auto/matrixType2.xml
----------------- Instantiating /home/travis/build/icyphy/ptII/ptolemy/actor/lib/test/auto/matrixType2.xml
2 ms. Memory: 1782272K Free: 1029786K (58%)
----------------- Invoking toplevel() on ptolemy.moml.MoMLSimpleApplication@46000342
----------------- Done invoking toplevel() on ptolemy.moml.MoMLSimpleApplication@46000342
reloadAllAccessors: .matrixType2

===========================================================================================
----------------- testing Fri Jul 27 01:42:00 UTC 2018 /home/travis/build/icyphy/ptII/ptolemy/actor/lib/test/auto/matrixType3.xml
----------------- Instantiating /home/travis/build/icyphy/ptII/ptolemy/actor/lib/test/auto/matrixType3.xml
4 ms. Memory: 1782272K Free: 1003176K (56%)
----------------- Invoking toplevel() on ptolemy.moml.MoMLSimpleApplication@6bceec04
----------------- Done invoking toplevel() on ptolemy.moml.MoMLSimpleApplication@6bceec04
reloadAllAccessors: .matrixType3

===========================================================================================
----------------- testing Fri Jul 27 01:42:00 UTC 2018 /home/travis/build/icyphy/ptII/ptolemy/actor/lib/test/auto/matrixType4.xml
----------------- Instantiating /home/travis/build/icyphy/ptII/ptolemy/actor/lib/test/auto/matrixType4.xml
2 ms. Memory: 1782272K Free: 980887K (55%)
----------------- Invoking toplevel() on ptolemy.moml.MoMLSimpleApplication@4eba3448
----------------- Done invoking toplevel() on ptolemy.moml.MoMLSimpleApplication@4eba3448
reloadAllAccessors: .matrixType4

===========================================================================================
----------------- testing Fri Jul 27 01:42:00 UTC 2018 /home/travis/build/icyphy/ptII/ptolemy/actor/lib/test/auto/matrixType5.xml
----------------- Instantiating /home/travis/build/icyphy/ptII/ptolemy/actor/lib/test/auto/matrixType5.xml
1 ms. Memory: 1782272K Free: 954278K (54%)
----------------- Invoking toplevel() on ptolemy.moml.MoMLSimpleApplication@762c4f55
----------------- Done invoking toplevel() on ptolemy.moml.MoMLSimpleApplication@762c4f55
reloadAllAccessors: .matrixType5

===========================================================================================
----------------- testing Fri Jul 27 01:42:00 UTC 2018 /home/travis/build/icyphy/ptII/ptolemy/actor/lib/test/auto/matrixType6.xml
----------------- Instantiating /home/travis/build/icyphy/ptII/ptolemy/actor/lib/test/auto/matrixType6.xml
2 ms. Memory: 1782272K Free: 927669K (52%)
----------------- Invoking toplevel() on ptolemy.moml.MoMLSimpleApplication@4dae93c0
----------------- Done invoking toplevel() on ptolemy.moml.MoMLSimpleApplication@4dae93c0
reloadAllAccessors: .matrixType6

===========================================================================================
----------------- testing Fri Jul 27 01:42:00 UTC 2018 /home/travis/build/icyphy/ptII/ptolemy/actor/lib/test/auto/matrixType7.xml
----------------- Instantiating /home/travis/build/icyphy/ptII/ptolemy/actor/lib/test/auto/matrixType7.xml
2 ms. Memory: 1782272K Free: 905379K (51%)
----------------- Invoking toplevel() on ptolemy.moml.MoMLSimpleApplication@20bd2fa5
----------------- Done invoking toplevel() on ptolemy.moml.MoMLSimpleApplication@20bd2fa5
reloadAllAccessors: .matrixType7

===========================================================================================
----------------- testing Fri Jul 27 01:42:00 UTC 2018 /home/travis/build/icyphy/ptII/ptolemy/actor/lib/test/auto/matrixType8.xml
----------------- Instantiating /home/travis/build/icyphy/ptII/ptolemy/actor/lib/test/auto/matrixType8.xml
1 ms. Memory: 1782272K Free: 878770K (49%)
----------------- Invoking toplevel() on ptolemy.moml.MoMLSimpleApplication@6e7c86d6
----------------- Done invoking toplevel() on ptolemy.moml.MoMLSimpleApplication@6e7c86d6
reloadAllAccessors: .matrixType8

===========================================================================================
----------------- testing Fri Jul 27 01:42:00 UTC 2018 /home/travis/build/icyphy/ptII/ptolemy/actor/lib/test/auto/matrixType9.xml
----------------- Instantiating /home/travis/build/icyphy/ptII/ptolemy/actor/lib/test/auto/matrixType9.xml
1 ms. Memory: 1782272K Free: 856481K (48%)
----------------- Invoking toplevel() on ptolemy.moml.MoMLSimpleApplication@d4fe59f
----------------- Done invoking toplevel() on ptolemy.moml.MoMLSimpleApplication@d4fe59f
reloadAllAccessors: .matrixType9

===========================================================================================
----------------- testing Fri Jul 27 01:42:00 UTC 2018 /home/travis/build/icyphy/ptII/ptolemy/actor/lib/test/auto/paraFunctest.xml
----------------- Instantiating /home/travis/build/icyphy/ptII/ptolemy/actor/lib/test/auto/paraFunctest.xml
2 ms. Memory: 1782272K Free: 829872K (47%)
----------------- Invoking toplevel() on ptolemy.moml.MoMLSimpleApplication@4bb064c1
----------------- Done invoking toplevel() on ptolemy.moml.MoMLSimpleApplication@4bb064c1
reloadAllAccessors: .paraFunctest

===========================================================================================
----------------- testing Fri Jul 27 01:42:00 UTC 2018 /home/travis/build/icyphy/ptII/ptolemy/actor/lib/test/auto/paraFunctest2.xml
----------------- Instantiating /home/travis/build/icyphy/ptII/ptolemy/actor/lib/test/auto/paraFunctest2.xml
1 ms. Memory: 1782272K Free: 803262K (45%)
----------------- Invoking toplevel() on ptolemy.moml.MoMLSimpleApplication@65471aa
----------------- Done invoking toplevel() on ptolemy.moml.MoMLSimpleApplication@65471aa
reloadAllAccessors: .paraFunctest2

===========================================================================================
----------------- testing Fri Jul 27 01:42:00 UTC 2018 /home/travis/build/icyphy/ptII/ptolemy/actor/lib/test/auto/parameterPassing.xml
----------------- Instantiating /home/travis/build/icyphy/ptII/ptolemy/actor/lib/test/auto/parameterPassing.xml
0 ms. Memory: 1782272K Free: 780973K (44%)
----------------- Invoking toplevel() on ptolemy.moml.MoMLSimpleApplication@4a0ce3f
----------------- Done invoking toplevel() on ptolemy.moml.MoMLSimpleApplication@4a0ce3f
reloadAllAccessors: .parameterPassing

===========================================================================================
----------------- testing Fri Jul 27 01:42:00 UTC 2018 /home/travis/build/icyphy/ptII/ptolemy/actor/lib/test/auto/record.xml
----------------- Instantiating /home/travis/build/icyphy/ptII/ptolemy/actor/lib/test/auto/record.xml
2 ms. Memory: 1782272K Free: 754364K (42%)
----------------- Invoking toplevel() on ptolemy.moml.MoMLSimpleApplication@574f080b
----------------- Done invoking toplevel() on ptolemy.moml.MoMLSimpleApplication@574f080b
reloadAllAccessors: .record

===========================================================================================
----------------- testing Fri Jul 27 01:42:00 UTC 2018 /home/travis/build/icyphy/ptII/ptolemy/actor/lib/test/auto/sizedarray1.xml
----------------- Instantiating /home/travis/build/icyphy/ptII/ptolemy/actor/lib/test/auto/sizedarray1.xml
2 ms. Memory: 1782272K Free: 727755K (41%)
----------------- Invoking toplevel() on ptolemy.moml.MoMLSimpleApplication@70cb0071
----------------- Done invoking toplevel() on ptolemy.moml.MoMLSimpleApplication@70cb0071
reloadAllAccessors: .sizedarray1

===========================================================================================
----------------- testing Fri Jul 27 01:42:00 UTC 2018 /home/travis/build/icyphy/ptII/ptolemy/actor/lib/test/auto/sizedarray2.xml
----------------- Instantiating /home/travis/build/icyphy/ptII/ptolemy/actor/lib/test/auto/sizedarray2.xml
1 ms. Memory: 1782272K Free: 705466K (40%)
----------------- Invoking toplevel() on ptolemy.moml.MoMLSimpleApplication@e766c63
----------------- Done invoking toplevel() on ptolemy.moml.MoMLSimpleApplication@e766c63
reloadAllAccessors: .sizedarray2

===========================================================================================
----------------- testing Fri Jul 27 01:42:00 UTC 2018 /home/travis/build/icyphy/ptII/ptolemy/actor/lib/test/auto/twoPublishers.xml
----------------- Instantiating /home/travis/build/icyphy/ptII/ptolemy/actor/lib/test/auto/twoPublishers.xml
2 ms. Memory: 1782272K Free: 678856K (38%)
----------------- Invoking toplevel() on ptolemy.moml.MoMLSimpleApplication@44aff518
----------------- Done invoking toplevel() on ptolemy.moml.MoMLSimpleApplication@44aff518
reloadAllAccessors: .twoPublishers
AutoTests.java: About to close Vertx.
AutoTests.java: Vertx closed.
]]></system-out>
  <system-err><![CDATA[java.lang.RuntimeException: Execution failed
	at ptolemy.moml.MoMLSimpleApplication$UnloadThread.run(MoMLSimpleApplication.java:402)
Caused by: java.lang.RuntimeException: Normally, we would exit here because Manager.exitAfterWrapup() was called.  However, because the ptolemy.ptII.exitAfterWrapup property is set, we throw this exception instead.
	at ptolemy.util.StringUtilities.exit(StringUtilities.java:363)
	at ptolemy.actor.Manager.wrapup(Manager.java:1531)
	at ptolemy.actor.Manager.execute(Manager.java:407)
	at ptolemy.actor.Manager.run(Manager.java:1263)
	at ptolemy.actor.Manager$PtolemyRunThread.run(Manager.java:1915)
Warning: '.top.test' is in training mode, set the trainingMode parameter to false before checking in
Warning: '.top.test' is in training mode, set the trainingMode parameter to false before checking in
Warning: '.top.test' is in training mode, set the trainingMode parameter to false before checking in
Warning: '.BooleanSwitch_RegressionTest_WrongTrainingValues.Test' is in training mode, set the trainingMode parameter to false before checking in
Warning: '.BooleanSwitch_RegressionTest_WrongTrainingValues.Test2' is in training mode, set the trainingMode parameter to false before checking in
Warning: '.BooleanSwitch_RegressionTest_WrongTrainingValues.Test2' The test produced 0 tokens.
Warning: '.top.testExceptionHandler' is in training mode, set the trainingMode parameter to false before checking in
java.lang.RuntimeException: Execution failed
	at ptolemy.moml.MoMLSimpleApplication$UnloadThread.run(MoMLSimpleApplication.java:402)
Caused by: ptolemy.kernel.util.IllegalActionException: PublisherPorts cannot be used at the top level, use a Publisher actor instead.
  in .PublisherPortToplevelSubscriber.PublisherPort
	at ptolemy.actor.PublisherPort.preinitialize(PublisherPort.java:403)
	at ptolemy.actor.CompositeActor.preinitialize(CompositeActor.java:1769)
	at ptolemy.actor.Manager.preinitializeAndResolveTypes(Manager.java:1040)
	at ptolemy.actor.Manager.initialize(Manager.java:710)
	at ptolemy.actor.Manager.execute(Manager.java:356)
	at ptolemy.actor.Manager.run(Manager.java:1263)
	at ptolemy.actor.Manager$PtolemyRunThread.run(Manager.java:1915)
java.lang.reflect.InvocationTargetException
	at sun.reflect.NativeConstructorAccessorImpl.newInstance0(Native Method)
	at sun.reflect.NativeConstructorAccessorImpl.newInstance(NativeConstructorAccessorImpl.java:62)
	at sun.reflect.DelegatingConstructorAccessorImpl.newInstance(DelegatingConstructorAccessorImpl.java:45)
	at java.lang.reflect.Constructor.newInstance(Constructor.java:423)
	at ptolemy.util.test.junit.AutoKnownFailedTests.RunModel(AutoKnownFailedTests.java:107)
	at sun.reflect.NativeMethodAccessorImpl.invoke0(Native Method)
	at sun.reflect.NativeMethodAccessorImpl.invoke(NativeMethodAccessorImpl.java:62)
	at sun.reflect.DelegatingMethodAccessorImpl.invoke(DelegatingMethodAccessorImpl.java:43)
	at java.lang.reflect.Method.invoke(Method.java:498)
	at org.junit.runners.model.FrameworkMethod$1.runReflectiveCall(FrameworkMethod.java:44)
	at org.junit.internal.runners.model.ReflectiveCallable.run(ReflectiveCallable.java:15)
	at org.junit.runners.model.FrameworkMethod.invokeExplosively(FrameworkMethod.java:41)
	at junitparams.internal.InvokeParameterisedMethod.evaluate(InvokeParameterisedMethod.java:102)
	at org.junit.internal.runners.statements.FailOnTimeout$1.run(FailOnTimeout.java:28)
Caused by: ptolemy.kernel.util.IllegalActionException: PublisherPorts cannot be used at the top level, use a Publisher actor instead.
  in .PublisherPortToplevelSubscriber.PublisherPort
	at ptolemy.actor.PublisherPort.preinitialize(PublisherPort.java:403)
	at ptolemy.actor.CompositeActor.preinitialize(CompositeActor.java:1769)
	at ptolemy.actor.Manager.preinitializeAndResolveTypes(Manager.java:1040)
	at ptolemy.actor.Manager.initialize(Manager.java:710)
	at ptolemy.actor.Manager.execute(Manager.java:356)
	at ptolemy.actor.Manager.run(Manager.java:1263)
	at ptolemy.actor.Manager$PtolemyRunThread.run(Manager.java:1915)
java.lang.RuntimeException: Execution failed
	at ptolemy.moml.MoMLSimpleApplication$UnloadThread.run(MoMLSimpleApplication.java:402)
Caused by: ptolemy.kernel.util.IllegalActionException: SubscriberPorts cannot be used at the top level, use a Subscriber actor instead.
  in .PublisherSubscriberPortToplevel.SubscriberPort
	at ptolemy.actor.SubscriberPort.preinitialize(SubscriberPort.java:328)
	at ptolemy.actor.CompositeActor.preinitialize(CompositeActor.java:1769)
	at ptolemy.actor.Manager.preinitializeAndResolveTypes(Manager.java:1040)
	at ptolemy.actor.Manager.initialize(Manager.java:710)
	at ptolemy.actor.Manager.execute(Manager.java:356)
	at ptolemy.actor.Manager.run(Manager.java:1263)
	at ptolemy.actor.Manager$PtolemyRunThread.run(Manager.java:1915)
java.lang.reflect.InvocationTargetException
	at sun.reflect.NativeConstructorAccessorImpl.newInstance0(Native Method)
	at sun.reflect.NativeConstructorAccessorImpl.newInstance(NativeConstructorAccessorImpl.java:62)
	at sun.reflect.DelegatingConstructorAccessorImpl.newInstance(DelegatingConstructorAccessorImpl.java:45)
	at java.lang.reflect.Constructor.newInstance(Constructor.java:423)
	at ptolemy.util.test.junit.AutoKnownFailedTests.RunModel(AutoKnownFailedTests.java:107)
	at sun.reflect.NativeMethodAccessorImpl.invoke0(Native Method)
	at sun.reflect.NativeMethodAccessorImpl.invoke(NativeMethodAccessorImpl.java:62)
	at sun.reflect.DelegatingMethodAccessorImpl.invoke(DelegatingMethodAccessorImpl.java:43)
	at java.lang.reflect.Method.invoke(Method.java:498)
	at org.junit.runners.model.FrameworkMethod$1.runReflectiveCall(FrameworkMethod.java:44)
	at org.junit.internal.runners.model.ReflectiveCallable.run(ReflectiveCallable.java:15)
	at org.junit.runners.model.FrameworkMethod.invokeExplosively(FrameworkMethod.java:41)
	at junitparams.internal.InvokeParameterisedMethod.evaluate(InvokeParameterisedMethod.java:102)
	at org.junit.internal.runners.statements.FailOnTimeout$1.run(FailOnTimeout.java:28)
Caused by: ptolemy.kernel.util.IllegalActionException: SubscriberPorts cannot be used at the top level, use a Subscriber actor instead.
  in .PublisherSubscriberPortToplevel.SubscriberPort
	at ptolemy.actor.SubscriberPort.preinitialize(SubscriberPort.java:328)
	at ptolemy.actor.CompositeActor.preinitialize(CompositeActor.java:1769)
	at ptolemy.actor.Manager.preinitializeAndResolveTypes(Manager.java:1040)
	at ptolemy.actor.Manager.initialize(Manager.java:710)
	at ptolemy.actor.Manager.execute(Manager.java:356)
	at ptolemy.actor.Manager.run(Manager.java:1263)
	at ptolemy.actor.Manager$PtolemyRunThread.run(Manager.java:1915)
java.lang.RuntimeException: Execution failed
	at ptolemy.moml.MoMLSimpleApplication$UnloadThread.run(MoMLSimpleApplication.java:402)
Caused by: ptolemy.kernel.util.IllegalActionException: SubscriptionAggregatorPorts cannot be used at the top level, use a SubscriptionAggregator actor instead.
  in .PublisherSubscriptionAggregatorPort.SubscriptionAggregatorPort
	at ptolemy.actor.SubscriptionAggregatorPort.preinitialize(SubscriptionAggregatorPort.java:353)
	at ptolemy.actor.CompositeActor.preinitialize(CompositeActor.java:1769)
	at ptolemy.actor.Manager.preinitializeAndResolveTypes(Manager.java:1040)
	at ptolemy.actor.Manager.initialize(Manager.java:710)
	at ptolemy.actor.Manager.execute(Manager.java:356)
	at ptolemy.actor.Manager.run(Manager.java:1263)
	at ptolemy.actor.Manager$PtolemyRunThread.run(Manager.java:1915)
java.lang.reflect.InvocationTargetException
	at sun.reflect.NativeConstructorAccessorImpl.newInstance0(Native Method)
	at sun.reflect.NativeConstructorAccessorImpl.newInstance(NativeConstructorAccessorImpl.java:62)
	at sun.reflect.DelegatingConstructorAccessorImpl.newInstance(DelegatingConstructorAccessorImpl.java:45)
	at java.lang.reflect.Constructor.newInstance(Constructor.java:423)
	at ptolemy.util.test.junit.AutoKnownFailedTests.RunModel(AutoKnownFailedTests.java:107)
	at sun.reflect.NativeMethodAccessorImpl.invoke0(Native Method)
	at sun.reflect.NativeMethodAccessorImpl.invoke(NativeMethodAccessorImpl.java:62)
	at sun.reflect.DelegatingMethodAccessorImpl.invoke(DelegatingMethodAccessorImpl.java:43)
	at java.lang.reflect.Method.invoke(Method.java:498)
	at org.junit.runners.model.FrameworkMethod$1.runReflectiveCall(FrameworkMethod.java:44)
	at org.junit.internal.runners.model.ReflectiveCallable.run(ReflectiveCallable.java:15)
	at org.junit.runners.model.FrameworkMethod.invokeExplosively(FrameworkMethod.java:41)
	at junitparams.internal.InvokeParameterisedMethod.evaluate(InvokeParameterisedMethod.java:102)
	at org.junit.internal.runners.statements.FailOnTimeout$1.run(FailOnTimeout.java:28)
Caused by: ptolemy.kernel.util.IllegalActionException: SubscriptionAggregatorPorts cannot be used at the top level, use a SubscriptionAggregator actor instead.
  in .PublisherSubscriptionAggregatorPort.SubscriptionAggregatorPort
	at ptolemy.actor.SubscriptionAggregatorPort.preinitialize(SubscriptionAggregatorPort.java:353)
	at ptolemy.actor.CompositeActor.preinitialize(CompositeActor.java:1769)
	at ptolemy.actor.Manager.preinitializeAndResolveTypes(Manager.java:1040)
	at ptolemy.actor.Manager.initialize(Manager.java:710)
	at ptolemy.actor.Manager.execute(Manager.java:356)
	at ptolemy.actor.Manager.run(Manager.java:1263)
	at ptolemy.actor.Manager$PtolemyRunThread.run(Manager.java:1915)
java.lang.RuntimeException: Execution failed
	at ptolemy.moml.MoMLSimpleApplication$UnloadThread.run(MoMLSimpleApplication.java:402)
Caused by: ptolemy.kernel.util.IllegalActionException: TypeTest actor has no training data.
  in .sizedarray3.TypeTest
	at ptolemy.actor.lib.TypeTest.initialize(TypeTest.java:250)
	at ptolemy.actor.Director.initialize(Director.java:938)
	at ptolemy.actor.Director.initialize(Director.java:907)
	at ptolemy.actor.sched.StaticSchedulingDirector.initialize(StaticSchedulingDirector.java:159)
	at ptolemy.domains.sdf.kernel.SDFDirector.initialize(SDFDirector.java:544)
	at ptolemy.actor.CompositeActor.initialize(CompositeActor.java:935)
	at ptolemy.actor.Manager.initialize(Manager.java:724)
	at ptolemy.actor.Manager.execute(Manager.java:356)
	at ptolemy.actor.Manager.run(Manager.java:1263)
	at ptolemy.actor.Manager$PtolemyRunThread.run(Manager.java:1915)
java.lang.reflect.InvocationTargetException
	at sun.reflect.NativeConstructorAccessorImpl.newInstance0(Native Method)
	at sun.reflect.NativeConstructorAccessorImpl.newInstance(NativeConstructorAccessorImpl.java:62)
	at sun.reflect.DelegatingConstructorAccessorImpl.newInstance(DelegatingConstructorAccessorImpl.java:45)
	at java.lang.reflect.Constructor.newInstance(Constructor.java:423)
	at ptolemy.util.test.junit.AutoKnownFailedTests.RunModel(AutoKnownFailedTests.java:107)
	at sun.reflect.NativeMethodAccessorImpl.invoke0(Native Method)
	at sun.reflect.NativeMethodAccessorImpl.invoke(NativeMethodAccessorImpl.java:62)
	at sun.reflect.DelegatingMethodAccessorImpl.invoke(DelegatingMethodAccessorImpl.java:43)
	at java.lang.reflect.Method.invoke(Method.java:498)
	at org.junit.runners.model.FrameworkMethod$1.runReflectiveCall(FrameworkMethod.java:44)
	at org.junit.internal.runners.model.ReflectiveCallable.run(ReflectiveCallable.java:15)
	at org.junit.runners.model.FrameworkMethod.invokeExplosively(FrameworkMethod.java:41)
	at junitparams.internal.InvokeParameterisedMethod.evaluate(InvokeParameterisedMethod.java:102)
	at org.junit.internal.runners.statements.FailOnTimeout$1.run(FailOnTimeout.java:28)
Caused by: ptolemy.kernel.util.IllegalActionException: TypeTest actor has no training data.
  in .sizedarray3.TypeTest
	at ptolemy.actor.lib.TypeTest.initialize(TypeTest.java:250)
	at ptolemy.actor.Director.initialize(Director.java:938)
	at ptolemy.actor.Director.initialize(Director.java:907)
	at ptolemy.actor.sched.StaticSchedulingDirector.initialize(StaticSchedulingDirector.java:159)
	at ptolemy.domains.sdf.kernel.SDFDirector.initialize(SDFDirector.java:544)
	at ptolemy.actor.CompositeActor.initialize(CompositeActor.java:935)
	at ptolemy.actor.Manager.initialize(Manager.java:724)
	at ptolemy.actor.Manager.execute(Manager.java:356)
	at ptolemy.actor.Manager.run(Manager.java:1263)
	at ptolemy.actor.Manager$PtolemyRunThread.run(Manager.java:1915)
ptolemy.kernel.util.InternalErrorException: Exec Stdout Gobbler-2: Failed while reading from java.lang.UNIXProcess$ProcessPipeInputStream@1347af05. To avoid this, try setting the ignoreIOExceptionReadErrors parameter to true.null
  in .ExecEnvironment.Exec
Because:
Stream closed
	at ptolemy.actor.lib.Exec$_StreamReaderThread._read(Exec.java:762)
	at ptolemy.actor.lib.Exec$_StreamReaderThread.run(Exec.java:706)
Caused by: java.io.IOException: Stream closed
	at sun.nio.cs.StreamDecoder.ensureOpen(StreamDecoder.java:46)
	at sun.nio.cs.StreamDecoder.read(StreamDecoder.java:148)
	at java.io.InputStreamReader.read(InputStreamReader.java:184)
	at ptolemy.actor.lib.Exec$_StreamReaderThread._read(Exec.java:724)
	... 1 more
Caused by: java.io.IOException: Stream closed
	at sun.nio.cs.StreamDecoder.ensureOpen(StreamDecoder.java:46)
	at sun.nio.cs.StreamDecoder.read(StreamDecoder.java:148)
	at java.io.InputStreamReader.read(InputStreamReader.java:184)
	at ptolemy.actor.lib.Exec$_StreamReaderThread._read(Exec.java:724)
	at ptolemy.actor.lib.Exec$_StreamReaderThread.run(Exec.java:706)
ptolemy.kernel.util.InternalErrorException: Exec Stdout Gobbler-6: Failed while reading from java.lang.UNIXProcess$ProcessPipeInputStream@28be43a7. To avoid this, try setting the ignoreIOExceptionReadErrors parameter to true.null
  in .ExecEnvironment.Exec
Because:
Stream closed
	at ptolemy.actor.lib.Exec$_StreamReaderThread._read(Exec.java:762)
	at ptolemy.actor.lib.Exec$_StreamReaderThread.run(Exec.java:706)
Caused by: java.io.IOException: Stream closed
	at sun.nio.cs.StreamDecoder.ensureOpen(StreamDecoder.java:46)
	at sun.nio.cs.StreamDecoder.read(StreamDecoder.java:148)
	at java.io.InputStreamReader.read(InputStreamReader.java:184)
	at ptolemy.actor.lib.Exec$_StreamReaderThread._read(Exec.java:724)
	... 1 more
Caused by: java.io.IOException: Stream closed
	at sun.nio.cs.StreamDecoder.ensureOpen(StreamDecoder.java:46)
	at sun.nio.cs.StreamDecoder.read(StreamDecoder.java:148)
	at java.io.InputStreamReader.read(InputStreamReader.java:184)
	at ptolemy.actor.lib.Exec$_StreamReaderThread._read(Exec.java:724)
	at ptolemy.actor.lib.Exec$_StreamReaderThread.run(Exec.java:706)
]]></system-err>
</testsuite>
