<?xml version="1.0" encoding="UTF-8" ?>
<testsuite errors="1" failures="2" hostname="travis-job-1520308f-44f1-474d-ad4e-9a9b92f817b5" name="ptolemy.actor.lib.test.junit.JUnitTclTest" skipped="0" tests="517" time="63.655" timestamp="2019-07-09T18:21:35">
  <properties>
    <property name="npm.executable" value="npm" />
    <property name="env.TRAVIS_ROOT" value="/" />
    <property name="ptII.mk.exists" value="true" />
    <property name="env.TRAVIS_APP_HOST" value="build.travis-ci.org" />
    <property name="env.rvm_bin_path" value="/home/travis/.rvm/bin" />
    <property name="java.home" value="/usr/local/lib/jvm/openjdk11" />
    <property name="env.TRAVIS_JOB_NUMBER" value="1200.8" />
    <property name="env.TRAVIS_HOME" value="/home/travis" />
    <property name="env.DISPLAY" value=":99.0" />
    <property name="env.TRAVIS_INIT" value="systemd" />
    <property name="env.SSH_TTY" value="/dev/pts/0" />
    <property name="java.net.preferIPv4Stack" value="true" />
    <property name="env.RUN_TESTS" value="true" />
    <property name="timeout.short" value="1000000" />
    <property name="junit.formatter" value="xml" />
    <property name="env.TRAVIS_SUDO" value="true" />
    <property name="env.TRAVIS_JOB_NAME" value="" />
    <property name="env.TRAVIS_STACK_NODE_ATTRIBUTES" value="/.node-attributes.yml" />
    <property name="env.LOGNAME" value="travis" />
    <property name="env.PT_TRAVIS_TEST_CORE1_XML" value="true" />
    <property name="jsdoc.home" value="node_modules/@terraswarm/jsdoc" />
    <property name="debuglevel" value="source,lines,vars" />
    <property name="checkstyle.formatter" value="xml" />
    <property name="env._system_version" value="16.04" />
    <property name="bin.vergil.makeable" value="true" />
    <property name="sun.os.patch.level" value="unknown" />
    <property name="java.vendor.url" value="http://java.oracle.com/" />
    <property name="env.TRAVIS_BUILD_WEB_URL" value="https://travis-ci.org/icyphy/ptII/builds/556413478" />
    <property name="java.version" value="11.0.2" />
    <property name="env.TZ" value="UTC" />
    <property name="env.TRAVIS_PULL_REQUEST_SHA" value="" />
    <property name="env.PT_NO_NET" value="true" />
    <property name="env.TRAVIS_SECURE_ENV_VARS" value="true" />
    <property name="env._system_type" value="Linux" />
    <property name="java.vendor.url.bug" value="http://bugreport.java.com/bugreport/" />
    <property name="npmjs-org-is-up" value="true" />
    <property name="env.LANGUAGE" value="en_US.UTF-8" />
    <property name="env.SSH_CLIENT" value="10.10.16.156 60836 22" />
    <property name="env.GEM_HOME" value="/home/travis/.rvm/gems/ruby-2.5.3" />
    <property name="env.HAS_ANTARES_THREE_LITTLE_FRONZIES_BADGE" value="true" />
    <property name="java.version.date" value="2019-01-15" />
    <property name="env.PS4" value="+" />
    <property name="ant.project.invoked-targets" value="build,test.core1.xml" />
    <property name="env.TRAVIS_PULL_REQUEST_BRANCH" value="" />
    <property name="env.TRAVIS_REPO_SLUG" value="icyphy/ptII" />
    <property name="env.XDG_DATA_DIRS" value="/usr/local/share:/usr/share:/var/lib/snapd/desktop" />
    <property name="jdk.debug" value="release" />
    <property name="env.TRAVIS_APT_PROXY" value="http://apt.cache.travis-ci.com" />
    <property name="node.in.path" value="true" />
    <property name="user.name" value="travis" />
    <property name="java.maxmemory" value="1400m" />
    <property name="env.RUBY_VERSION" value="ruby-2.5.3" />
    <property name="env.LANG" value="en_US.UTF-8" />
    <property name="sun.io.unicode.encoding" value="UnicodeLittle" />
    <property name="sun.jnu.encoding" value="UTF-8" />
    <property name="java.runtime.name" value="OpenJDK Runtime Environment" />
    <property name="usefile" value="false" />
    <property name="return.code" value="0" />
    <property name="junit.single.formatter" value="plain" />
    <property name="env.DYLD_LIBRARY_PATH" value="/home/travis/pthla/certi-tools/lib:" />
    <property name="env.DEBIAN_FRONTEND" value="noninteractive" />
    <property name="env.SSH_CONNECTION" value="10.10.16.156 60836 10.20.2.129 22" />
    <property name="env.MYSQL_UNIX_PORT" value="/var/run/mysqld/mysqld.sock" />
    <property name="env.LC_ALL" value="en_US.UTF-8" />
    <property name="env.TRAVIS_ALLOW_FAILURE" value="false" />
    <property name="env.TRAVIS_JOB_WEB_URL" value="https://travis-ci.org/icyphy/ptII/jobs/556413486" />
    <property name="java.specification.name" value="Java Platform API Specification" />
    <property name="node.works" value="true" />
    <property name="user.timezone" value="" />
    <property name="path.separator" value=":" />
    <property name="env.TRAVIS_ENABLE_INFRA_DETECTION" value="true" />
    <property name="env.PYTHON_CFLAGS" value="-g -fstack-protector --param=ssp-buffer-size=4 -Wformat -Werror=format-security" />
    <property name="timeout.long" value="4000000" />
    <property name="env.CERTI_HOME" value="/home/travis/pthla/certi-tools" />
    <property name="ant.file.ptII" value="/home/travis/build/icyphy/ptII/build.xml" />
    <property name="javadoc.packagenames" value="com.*,diva.*,lbnl.*,org.hlacerti.*,org.json.*,org.ptolemy.*,org.terraswarm.*,ptolemy.*,ptserver.*" />
    <property name="file.encoding" value="UTF-8" />
    <property name="env.TRAVIS_PULL_REQUEST_SLUG" value="" />
    <property name="ant.project.default-target" value="build" />
    <property name="env.GIT_ASKPASS" value="echo" />
    <property name="env.HOME" value="/home/travis" />
    <property name="sun.java.command" value="org.apache.tools.ant.taskdefs.optional.junit.JUnitTestRunner ptolemy.actor.lib.test.junit.JUnitTclTest skipNonTests=false filtertrace=true haltOnError=false haltOnFailure=false formatter=org.apache.tools.ant.taskdefs.optional.junit.OutErrSummaryJUnitResultFormatter showoutput=true outputtoformatters=true logfailedtests=true threadid=0 logtestlistenerevents=false formatter=org.apache.tools.ant.taskdefs.optional.junit.XMLJUnitResultFormatter,/home/travis/build/icyphy/ptII/reports/junit/TEST-ptolemy.actor.lib.test.junit.JUnitTclTest.xml crashfile=/home/travis/build/icyphy/ptII/junitvmwatcher9479802258350881180.properties propsfile=/home/travis/build/icyphy/ptII/junit185988116736959766.properties" />
    <property name="env.COMPOSER_NO_INTERACTION" value="1" />
    <property name="env.MANPATH" value="/home/travis/.nvm/versions/node/v7.10.1/share/man:/home/travis/.rvm/rubies/ruby-2.5.3/share/man:/usr/local/cmake-3.12.4/man:/usr/local/clang-7.0.0/share/man:/usr/local/man:/usr/local/share/man:/usr/share/man:/home/travis/.rvm/man" />
    <property name="env.TRAVIS_TIMER_ID" value="22fd46e4" />
    <property name="ant.file" value="/home/travis/build/icyphy/ptII/build.xml" />
    <property name="env.TRAVIS_COMMIT_RANGE" value="3871c4168cdf...55f4daf619bc" />
    <property name="env._system_name" value="Ubuntu" />
    <property name="ptII.classpath.optional.property" value="/home/travis/build/icyphy/ptII/lib/bsh-2.0b4.jar:/home/travis/build/icyphy/ptII/lib/ptCal.jar:/home/travis/build/icyphy/ptII/lib/java_cup.jar:/home/travis/build/icyphy/ptII/lib/saxon8.jar:/home/travis/build/icyphy/ptII/lib/saxon8-dom.jar:/home/travis/build/icyphy/ptII/lib/chic.jar:/home/travis/build/icyphy/ptII/lib/ptcolt.jar:/home/travis/build/icyphy/ptII/vendors/misc/itext/iText.jar:/home/travis/build/icyphy/ptII/lib/g4ltl.jar:/home/travis/build/icyphy/ptII/lib/StructuralCoder.jar:/home/travis/build/icyphy/ptII/vendors/jai-1_1_2_01/lib/jai_core.jar:/home/travis/build/icyphy/ptII/vendors/jai-1_1_2_01/lib/jai_codec.jar:/home/travis/build/icyphy/ptII/lib/jcerti.jar:/home/travis/build/icyphy/ptII/lib/javax.mail.jar:/home/travis/build/icyphy/ptII/vendors/JMF-2.1.1e/lib/jmf.jar:/home/travis/build/icyphy/ptII/lib/jna-4.0.0-variadic.jar:/home/travis/build/icyphy/ptII/vendors/misc/joystick/Joystick.jar:/home/travis/build/icyphy/ptII/lib/ptjacl.jar:/home/travis/build/icyphy/ptII/lib/jsoup-1.8.2.jar:/home/travis/build/icyphy/ptII/lib/junit-4.8.2.jar:/home/travis/build/icyphy/ptII/lib/JUnitParams-0.4.0.jar:/home/travis/build/icyphy/ptII/ptolemy/actor/lib/excel/jxl.jar:/home/travis/build/icyphy/ptII/lib/jython.jar:/home/travis/build/icyphy/ptII/lib/kieler.jar:/home/travis/build/icyphy/ptII/vendors/opencv/share/OpenCV/java/opencv-341.jar:/home/travis/build/icyphy/ptII/lib/oscP5.jar:/home/travis/build/icyphy/ptII/lib/nrjavaserial-3.11.0.devel.jar:/home/travis/build/icyphy/ptII/vendors/j3d/lib/j3dcore.jar:/home/travis/build/icyphy/ptII/vendors/j3d/lib/j3dutils.jar:/home/travis/build/icyphy/ptII/vendors/j3d/lib/vecmath.jar:/home/travis/build/icyphy/ptII/ptolemy/distributed/jini/jar/jini-core.jar:/home/travis/build/icyphy/ptII/ptolemy/distributed/jini/jar/jini-ext.jar:/home/travis/build/icyphy/ptII/ptolemy/distributed/jini/jar/sun-util.jar:/home/travis/build/icyphy/ptII/lib/protobuf-java-2.4.1.jar:/home/travis/build/icyphy/ptII/lib/org.eclipse.paho.client.mqttv3.jar:/home/travis/build/icyphy/ptII/lib/mapss.jar:/home/travis/build/icyphy/ptII/ptolemy/actor/ptalon/antlr/antlr.jar:/home/travis/build/icyphy/ptII/lib/JRI.jar:/home/travis/build/icyphy/ptII/lib/commons-lang-2.6.jar:/home/travis/build/icyphy/ptII/lib/commons-logging-1.1.1.jar:/home/travis/build/icyphy/ptII/lib/sootclasses.jar:/home/travis/build/icyphy/ptII/ptolemy/actor/lib/database/mysql-connector-java-5.1.6-bin.jar:/home/travis/build/icyphy/ptII/vendors/misc/sphinx4/sphinx4-data-5prealpha.jar:/home/travis/build/icyphy/ptII/vendors/misc/sphinx4/sphinx4-core-5prealpha.jar:/home/travis/build/icyphy/ptII/lib/PDFRenderer.jar:/home/travis/build/icyphy/ptII/lib/svgSalamander.jar:/home/travis/build/icyphy/ptII/lib/rsyntaxtextarea-2.6.0-SNAPSHOT.jar:/home/travis/build/icyphy/ptII/lib/hazelcast-3.8.2.jar:/home/travis/build/icyphy/ptII/lib/jackson-annotations-2.9.0.jar:/home/travis/build/icyphy/ptII/lib/jackson-core-2.9.3.jar:/home/travis/build/icyphy/ptII/lib/jackson-databind-2.9.3.jar:/home/travis/build/icyphy/ptII/lib/netty-buffer-4.1.19.Final.jar:/home/travis/build/icyphy/ptII/lib/netty-codec-4.1.19.Final.jar:/home/travis/build/icyphy/ptII/lib/netty-codec-dns-4.1.19.Final.jar:/home/travis/build/icyphy/ptII/lib/netty-codec-http-4.1.19.Final.jar:/home/travis/build/icyphy/ptII/lib/netty-codec-http2-4.1.19.Final.jar:/home/travis/build/icyphy/ptII/lib/netty-common-4.1.19.Final.jar:/home/travis/build/icyphy/ptII/lib/netty-handler-4.1.19.Final.jar:/home/travis/build/icyphy/ptII/lib/netty-resolver-4.1.19.Final.jar:/home/travis/build/icyphy/ptII/lib/netty-resolver-dns-4.1.19.Final.jar:/home/travis/build/icyphy/ptII/lib/netty-transport-4.1.19.Final.jar:/home/travis/build/icyphy/ptII/lib/vertx-codegen-3.5.1.jar:/home/travis/build/icyphy/ptII/lib/vertx-core-3.5.2-SNAPSHOT.jar:/home/travis/build/icyphy/ptII/lib/vertx-hazelcast-3.5.1.jar:/home/travis/build/icyphy/ptII/lib/vertx-lang-js-3.5.1.jar:/home/travis/build/icyphy/ptII/lib/vertx-service-proxy-3.5.1.jar:/home/travis/build/icyphy/ptII/lib/vertx-web-3.5.1.jar:/home/travis/build/icyphy/ptII/lib/slf4j-api-1.7.13.jar:/home/travis/build/icyphy/ptII/lib/slf4j-simple-1.7.13.jar:/home/travis/build/icyphy/ptII/lib/webcam-capture-0.3.12.jar:/home/travis/build/icyphy/ptII/lib/bridj-0.7.0.jar:/home/travis/build/icyphy/ptII/lib/xbjlib-1.1.0.nrjavaserial.jar" />
    <property name="timeout" value="2400000" />
    <property name="test.batch" value="**/junit/*.java" />
    <property name="env._" value="/usr/bin/timeout" />
    <property name="java.io.tmpdir" value="/tmp" />
    <property name="user.language" value="en" />
    <property name="env.TRAVIS_INTERNAL_RUBY_REGEX" value="^ruby-(2\.[0-4]\.[0-9]|1\.9\.3)" />
    <property name="env.HISTCONTROL" value="ignoredups:ignorespace" />
    <property name="env.GOROOT" value="/home/travis/.gimme/versions/go1.11.1.linux.amd64" />
    <property name="line.separator" value="&#xa;" />
    <property name="target" value="11" />
    <property name="env.TRAVIS_BUILD_DIR" value="/home/travis/build/icyphy/ptII" />
    <property name="env.ANT_OPTS" value="-Xmx2048m" />
    <property name="ant.file.type" value="file" />
    <property name="ptolemy.ptII.batchMode" value="true" />
    <property name="env.HISTSIZE" value="1000" />
    <property name="env.MERB_ENV" value="test" />
    <property name="java.vm.info" value="mixed mode" />
    <property name="source" value="11" />
    <property name="java.vm.specification.name" value="Java Virtual Machine Specification" />
    <property name="env.TRAVIS_TEST_RESULT" value="0" />
    <property name="jsdoc.command" value="node_modules/@terraswarm/jsdoc/jsdoc.js" />
    <property name="npm.works" value="true" />
    <property name="cobertura.dir" value="/home/travis/build/icyphy/ptII/vendors/cobertura-2.0.3" />
    <property name="env.rvm_path" value="/home/travis/.rvm" />
    <property name="env.GEM_PATH" value="/home/travis/.rvm/gems/ruby-2.5.3:/home/travis/.rvm/gems/ruby-2.5.3@global" />
    <property name="env.LC_CTYPE" value="en_US.UTF-8" />
    <property name="env.TRAVIS_CMD" value="$PTII/bin/ptIITravisBuild.sh $SECONDS" />
    <property name="java.awt.printerjob" value="sun.print.PSPrinterJob" />
    <property name="env.TRAVIS_STACK_NAME" value="sardonyx" />
    <property name="env.TRAVIS_TIMER_START_TIME" value="1562695833695446416" />
    <property name="ant.version" value="Apache Ant(TM) version 1.10.1 compiled on February 2 2017" />
    <property name="ptII.reports" value="/home/travis/build/icyphy/ptII/reports" />
    <property name="env.TRAVIS_STACK_TIMESTAMP" value="2019-03-25 16:16:56 UTC" />
    <property name="ant.file.type.ptII" value="file" />
    <property name="env.RBENV_SHELL" value="bash" />
    <property name="os.name" value="Linux" />
    <property name="java.specification.vendor" value="Oracle Corporation" />
    <property name="env.rvm_version" value="1.29.7 (latest)" />
    <property name="env.TRAVIS_INFRA" value="gce" />
    <property name="env.TERM" value="xterm" />
    <property name="java.vm.name" value="OpenJDK 64-Bit Server VM" />
    <property name="env.TRAVIS_BUILD_NUMBER" value="1200" />
    <property name="env.CI" value="true" />
    <property name="java.library.path" value="/home/travis/pthla/certi-tools/lib:/usr/lib/jni:/usr/local/share/OpenCV/java/:/usr/share/OpenCV/java::/usr/java/packages/lib:/usr/lib64:/lib64:/lib:/usr/lib" />
    <property name="env.rvm_prefix" value="/home/travis" />
    <property name="env.PATH" value="/home/travis/pthla/certi-tools/share/scripts:/home/travis/.rvm/gems/ruby-2.5.3/bin:/home/travis/.rvm/gems/ruby-2.5.3@global/bin:/home/travis/.rvm/rubies/ruby-2.5.3/bin:/home/travis/.rvm/bin:/home/travis/.nvm/versions/node/v7.10.1/bin:./node_modules/.bin:/home/travis/build/icyphy/ptII/bin:/home/travis/pthla/certi-tools/bin:/home/travis/bin:/home/travis/.local/bin:/usr/local/lib/jvm/openjdk11/bin:/opt/pyenv/shims:/home/travis/.phpenv/shims:/home/travis/perl5/perlbrew/bin:/home/travis/gopath/bin:/home/travis/.gimme/versions/go1.11.1.linux.amd64/bin:/usr/local/maven-3.6.0/bin:/usr/local/cmake-3.12.4/bin:/usr/local/clang-7.0.0/bin:/usr/local/sbin:/usr/local/bin:/usr/sbin:/usr/bin:/sbin:/bin:/snap/bin:/home/travis/.phpenv/bin:/opt/pyenv/bin:/home/travis/.yarn/bin" />
    <property name="env.TRAVIS_OS_NAME" value="linux" />
    <property name="ant.java.version" value="9" />
    <property name="basedir" value="/home/travis/build/icyphy/ptII" />
    <property name="java.class.version" value="55.0" />
    <property name="env.SHLVL" value="3" />
    <property name="env.LD_LIBRARY_PATH" value="/home/travis/pthla/certi-tools/lib:/usr/lib/jni:/usr/local/share/OpenCV/java/:/usr/share/OpenCV/java:" />
    <property name="env.RACK_ENV" value="test" />
    <property name="ant.home" value="/home/travis/build/icyphy/ptII/ant" />
    <property name="env.NVM_DIR" value="/home/travis/.nvm" />
    <property name="env.CERTI_FOM_PATH" value="/home/travis/pthla/certi-tools/share/federations" />
    <property name="env.TRAVIS_BUILD_ID" value="556413478" />
    <property name="env.PYENV_ROOT" value="/opt/pyenv" />
    <property name="env.TRAVIS_UID" value="2000" />
    <property name="env.NVM_BIN" value="/home/travis/.nvm/versions/node/v7.10.1/bin" />
    <property name="env.TRAVIS_COMMIT" value="55f4daf619bc72c2abb2bec939d9fd3d8c0c141b" />
    <property name="env._system_arch" value="x86_64" />
    <property name="node.executable" value="node" />
    <property name="sun.boot.library.path" value="/usr/local/lib/jvm/openjdk11/lib" />
    <property name="sun.management.compiler" value="HotSpot 64-Bit Tiered Compilers" />
    <property name="java.awt.graphicsenv" value="sun.awt.X11GraphicsEnvironment" />
    <property name="env.GOPATH" value="/home/travis/gopath" />
    <property name="ptolemy.ptII.dir" value="/home/travis/build/icyphy/ptII" />
    <property name="env.USER" value="travis" />
    <property name="env.HISTFILESIZE" value="2000" />
    <property name="timeout.longest" value="19000000" />
    <property name="env.PERLBREW_SHELLRC_VERSION" value="0.86" />
    <property name="env.TRAVIS_STACK_FEATURES" value="basic couchdb disabled-ipv6 docker docker-compose elasticsearch firefox go-toolchain google-chrome jdk memcached mongodb mysql nodejs_interpreter perl_interpreter perlbrew phantomjs postgresql python_interpreter redis ruby_interpreter sqlite xserver" />
    <property name="env.TRAVIS_PULL_REQUEST" value="false" />
    <property name="env.PYENV_SHELL" value="bash" />
    <property name="ant.project.name" value="ptII" />
    <property name="env.ANSI_RESET" value="\033[0m" />
    <property name="java.vm.specification.version" value="11" />
    <property name="env.TRAVIS_DIST" value="xenial" />
    <property name="env.CERTI_VERSION" value="4.0.0" />
    <property name="env.CERTI_HOST" value="localhost" />
    <property name="awt.toolkit" value="sun.awt.X11.XToolkit" />
    <property name="env.MY_RUBY_HOME" value="/home/travis/.rvm/rubies/ruby-2.5.3" />
    <property name="sun.cpu.isalist" value="" />
    <property name="env.TRAVIS_TMPDIR" value="/tmp/tmp.LmoDkwiAuC" />
    <property name="java.vm.compressedOopsMode" value="Zero based" />
    <property name="os.version" value="4.15.0-1028-gcp" />
    <property name="user.home" value="/home/travis" />
    <property name="java.vm.vendor" value="Oracle Corporation" />
    <property name="env.TRAVIS_TAG" value="nightly" />
    <property name="env.ANSI_YELLOW" value="\033[33;1m" />
    <property name="env.TRAVIS_FILTERED" value="redirect_io" />
    <property name="env.ANSI_GREEN" value="\033[32;1m" />
    <property name="env.JAVA_HOME" value="/usr/local/lib/jvm/openjdk11" />
    <property name="javadoc.excludepackagenames" value="adm.cvs2svn.*,build.*,config.*,doc.coding.templates.*,jni.test.jni.meaningOfLife.*,jni.test.jni.testDeux.*,jni.test.jni.testTrois.*,org.terraswarm.accessor.accessors.web.node_modules.*,org.terraswarm.accessor.accessors.web.hosts.cordova.demo.*,org.terraswarm.accessor.accessors.web.hosts.cordova.plugins.*,org.terraswarm.accessor.accessors-svn.*,pt-modules.*,ptolemy.apps.agilent.*,ptolemy.apps.anytimecontrol.*,ptolemy.apps.apes.*,ptolemy.apps.charon.*,ptolemy.apps.crazyboard.*,ptolemy.apps.eclipse.*,ptolemy.apps.etherealSting.*,ptolemy.apps.fullscreen.*,ptolemy.apps.giotto.*,ptolemy.apps.ia.*,ptolemy.apps.interfaces.*,ptolemy.apps.jmf.*,ptolemy.apps.kurt.*,ptolemy.apps.kvm.*,ptolemy.apps.lego.*,ptolemy.apps.lejos.*,ptolemy.apps.midp.*,ptolemy.apps.mobileCoding.*,ptolemy.apps.pendulum.*,ptolemy.apps.rijndael.*,ptolemy.apps.robot.*,ptolemy.apps.security.*,ptolemy.apps.sobel.*,ptolemy.apps.soot.*,ptolemy.apps.throttle.*,ptolemy.apps.tini.*,ptolemy.apps.transmission.*,ptolemy.apps.vergil.*,ptolemy.apps.waba.*,ptolemy.apps.websensor.*,ptolemy.apps.webstart.*,ptolemy.apps.xsl.*,ptolemy.apps.zaurus.*,ptolemy.codegen.c.actor.lib.oldJavaFiles.*,ptolemy.codegen.dsp.lib.*,ptolemy.codegen.kernel.newInterfaces.*,ptolemy.codegen.lib.*,ptolemy.copernicus.kernel.fragment.*,ptolemy.copernicus.shallow.cg.*,ptolemy.domains.giotto.demo.Hierarchy.Hierarchy.*,ptolemy.domains.giotto.demo.Multimode.Multimode.*,ptolemy.domains.giotto.demo.Simple.Simple.*,ptolemy.domains.gr.lib.experimental.*,ptolemy.domains.gro.*,ptolemy.domains.pdf.*,ptolemy.domains.ptinyos.demo.Surge.output.*,ptolemy.moml.test.NoPackageActor.java*,ptolemy.plot.adm.*,ptolemy.plot.servlet.*,reports.*,signed.*,src.*,target.*,vendors.*,ptolemy.copernicus.applet.*,ptolemy.media.viewer.*,ptolemy.actor.corba.*,doc.doclets.*,ptolemy.apps.eclipse.awt.*,ptolemy.backtrack.*,ptolemy.backtrack.ast.*,ptolemy.cg.adapter.generic.program.procedural.c.mbed*,ptolemy.homer.*,ptolemy.actor.lib.jjs.modules.audio.*,org.ptolemy.scala.*,diva.util.java2d.svg.*,ptolemy.domains.ptinyos.*,ptolemy.actor.lib.fmi.fmipp.*,,org.terraswarm.accessor.accessors.web.node_modules.*,org.terraswarm.accessor.accessors-svn,ptolemy.apps.*,ptolemy.actor.ptalon.demo.ptinyos.SendAndReceiveCnt.output,ptolemy.actor.ptalon.demo.ptinyos.SenseToLeds.output,ptolemy.domains.ptinyos.demo.CntToLedsAndRfm.output,ptolemy.domains.ptinyos.demo.RfmToLeds.output,ptolemy.domains.ptinyos.demo.SendAndReceiveCnt.output,ptolemy.domains.ptinyos.demo.SenseToLeds.output,ptolemy.actor.lib.jjs.modules.udpSocket.*" />
    <property name="env.PTII" value="/home/travis/build/icyphy/ptII" />
    <property name="env.XDG_SESSION_ID" value="2" />
    <property name="keystore" value="ptKeystore" />
    <property name="env.TRAVIS_COMMIT_MESSAGE" value="Added details about adding a new language." />
    <property name="junit.output.dir" value="/home/travis/build/icyphy/ptII/reports/junit" />
    <property name="npm.return.code" value="0" />
    <property name="user.dir" value="/home/travis/build/icyphy/ptII/ptolemy/actor/lib/test" />
    <property name="env.TRAVIS_NODE_VERSION" value="7" />
    <property name="env.TRAVIS_EVENT_TYPE" value="push" />
    <property name="env.MAIL" value="/var/mail/travis" />
    <property name="env.PERLBREW_ROOT" value="/home/travis/perl5/perlbrew" />
    <property name="env.PWD" value="/home/travis/build/icyphy/ptII" />
    <property name="timeout.npm" value="45000" />
    <property name="env.TRAVIS_ARCH" value="amd64" />
    <property name="sun.cpu.endian" value="little" />
    <property name="env.PAGER" value="cat" />
    <property name="env.TRAVIS_BUILD_STAGE_NAME" value="Test" />
    <property name="env.PERLBREW_HOME" value="/home/travis/.perlbrew" />
    <property name="java.vm.version" value="11.0.2+9" />
    <property name="env.RAILS_ENV" value="test" />
    <property name="java.class.path" value="/home/travis/.ptolemyII:/home/travis/.ptolemyII/*:/home/travis/build/icyphy/ptII:/home/travis/build/icyphy/ptII/lib/bsh-2.0b4.jar:/home/travis/build/icyphy/ptII/lib/ptCal.jar:/home/travis/build/icyphy/ptII/lib/java_cup.jar:/home/travis/build/icyphy/ptII/lib/saxon8.jar:/home/travis/build/icyphy/ptII/lib/saxon8-dom.jar:/home/travis/build/icyphy/ptII/lib/chic.jar:/home/travis/build/icyphy/ptII/lib/ptcolt.jar:/home/travis/build/icyphy/ptII/vendors/misc/itext/iText.jar:/home/travis/build/icyphy/ptII/lib/g4ltl.jar:/home/travis/build/icyphy/ptII/lib/StructuralCoder.jar:/home/travis/build/icyphy/ptII/vendors/jai-1_1_2_01/lib/jai_core.jar:/home/travis/build/icyphy/ptII/vendors/jai-1_1_2_01/lib/jai_codec.jar:/home/travis/build/icyphy/ptII/lib/jcerti.jar:/home/travis/build/icyphy/ptII/lib/javax.mail.jar:/home/travis/build/icyphy/ptII/vendors/JMF-2.1.1e/lib/jmf.jar:/home/travis/build/icyphy/ptII/lib/jna-4.0.0-variadic.jar:/home/travis/build/icyphy/ptII/vendors/misc/joystick/Joystick.jar:/home/travis/build/icyphy/ptII/lib/ptjacl.jar:/home/travis/build/icyphy/ptII/lib/jsoup-1.8.2.jar:/home/travis/build/icyphy/ptII/lib/junit-4.8.2.jar:/home/travis/build/icyphy/ptII/lib/JUnitParams-0.4.0.jar:/home/travis/build/icyphy/ptII/ptolemy/actor/lib/excel/jxl.jar:/home/travis/build/icyphy/ptII/lib/jython.jar:/home/travis/build/icyphy/ptII/lib/kieler.jar:/home/travis/build/icyphy/ptII/vendors/opencv/share/OpenCV/java/opencv-341.jar:/home/travis/build/icyphy/ptII/lib/oscP5.jar:/home/travis/build/icyphy/ptII/lib/nrjavaserial-3.11.0.devel.jar:/home/travis/build/icyphy/ptII/vendors/j3d/lib/j3dcore.jar:/home/travis/build/icyphy/ptII/vendors/j3d/lib/j3dutils.jar:/home/travis/build/icyphy/ptII/vendors/j3d/lib/vecmath.jar:/home/travis/build/icyphy/ptII/ptolemy/distributed/jini/jar/jini-core.jar:/home/travis/build/icyphy/ptII/ptolemy/distributed/jini/jar/jini-ext.jar:/home/travis/build/icyphy/ptII/ptolemy/distributed/jini/jar/sun-util.jar:/home/travis/build/icyphy/ptII/lib/protobuf-java-2.4.1.jar:/home/travis/build/icyphy/ptII/lib/org.eclipse.paho.client.mqttv3.jar:/home/travis/build/icyphy/ptII/lib/mapss.jar:/home/travis/build/icyphy/ptII/ptolemy/actor/ptalon/antlr/antlr.jar:/home/travis/build/icyphy/ptII/lib/JRI.jar:/home/travis/build/icyphy/ptII/lib/commons-lang-2.6.jar:/home/travis/build/icyphy/ptII/lib/commons-logging-1.1.1.jar:/home/travis/build/icyphy/ptII/lib/sootclasses.jar:/home/travis/build/icyphy/ptII/ptolemy/actor/lib/database/mysql-connector-java-5.1.6-bin.jar:/home/travis/build/icyphy/ptII/vendors/misc/sphinx4/sphinx4-data-5prealpha.jar:/home/travis/build/icyphy/ptII/vendors/misc/sphinx4/sphinx4-core-5prealpha.jar:/home/travis/build/icyphy/ptII/lib/PDFRenderer.jar:/home/travis/build/icyphy/ptII/lib/svgSalamander.jar:/home/travis/build/icyphy/ptII/lib/rsyntaxtextarea-2.6.0-SNAPSHOT.jar:/home/travis/build/icyphy/ptII/lib/hazelcast-3.8.2.jar:/home/travis/build/icyphy/ptII/lib/jackson-annotations-2.9.0.jar:/home/travis/build/icyphy/ptII/lib/jackson-core-2.9.3.jar:/home/travis/build/icyphy/ptII/lib/jackson-databind-2.9.3.jar:/home/travis/build/icyphy/ptII/lib/netty-buffer-4.1.19.Final.jar:/home/travis/build/icyphy/ptII/lib/netty-codec-4.1.19.Final.jar:/home/travis/build/icyphy/ptII/lib/netty-codec-dns-4.1.19.Final.jar:/home/travis/build/icyphy/ptII/lib/netty-codec-http-4.1.19.Final.jar:/home/travis/build/icyphy/ptII/lib/netty-codec-http2-4.1.19.Final.jar:/home/travis/build/icyphy/ptII/lib/netty-common-4.1.19.Final.jar:/home/travis/build/icyphy/ptII/lib/netty-handler-4.1.19.Final.jar:/home/travis/build/icyphy/ptII/lib/netty-resolver-4.1.19.Final.jar:/home/travis/build/icyphy/ptII/lib/netty-resolver-dns-4.1.19.Final.jar:/home/travis/build/icyphy/ptII/lib/netty-transport-4.1.19.Final.jar:/home/travis/build/icyphy/ptII/lib/vertx-codegen-3.5.1.jar:/home/travis/build/icyphy/ptII/lib/vertx-core-3.5.2-SNAPSHOT.jar:/home/travis/build/icyphy/ptII/lib/vertx-hazelcast-3.5.1.jar:/home/travis/build/icyphy/ptII/lib/vertx-lang-js-3.5.1.jar:/home/travis/build/icyphy/ptII/lib/vertx-service-proxy-3.5.1.jar:/home/travis/build/icyphy/ptII/lib/vertx-web-3.5.1.jar:/home/travis/build/icyphy/ptII/lib/slf4j-api-1.7.13.jar:/home/travis/build/icyphy/ptII/lib/slf4j-simple-1.7.13.jar:/home/travis/build/icyphy/ptII/lib/webcam-capture-0.3.12.jar:/home/travis/build/icyphy/ptII/lib/bridj-0.7.0.jar:/home/travis/build/icyphy/ptII/lib/xbjlib-1.1.0.nrjavaserial.jar:/home/travis/build/icyphy/ptII/ptolemy/moml/test:/home/travis/build/icyphy/ptII/ant/lib/ant-launcher.jar:/home/travis/build/icyphy/ptII/ant/lib/ant.jar:/home/travis/build/icyphy/ptII/ant/lib/ant-junit.jar:/home/travis/build/icyphy/ptII/ant/lib/ant-junit4.jar" />
    <property name="ant.library.dir" value="/home/travis/build/icyphy/ptII/ant/lib" />
    <property name="os.arch" value="amd64" />
    <property name="env.CONTINUOUS_INTEGRATION" value="true" />
    <property name="env.TRAVIS_LANGUAGE" value="node_js" />
    <property name="env.TRAVIS_STACK_LANGUAGES" value="__sardonyx__ c c++ clojure cplusplus cpp default generic go groovy java node_js php pure_java python ruby scala" />
    <property name="test.name" value="ptolemy.actor.lib.test.junit.JUnitTclTest" />
    <property name="env.APT_KEY_DONT_WARN_ON_DANGEROUS_USAGE" value="1" />
    <property name="sun.java.launcher" value="SUN_STANDARD" />
    <property name="env.PYTHON_CONFIGURE_OPTS" value="--enable-unicode=ucs4 --with-wide-unicode --enable-shared --enable-ipv6 --enable-loadable-sqlite-extensions --with-computed-gotos" />
    <property name="ant.core.lib" value="/home/travis/build/icyphy/ptII/ant/lib/ant.jar" />
    <property name="java.vm.specification.vendor" value="Oracle Corporation" />
    <property name="env.BCVTB_HOME" value="/home/travis/build/icyphy/ptII/lbnl" />
    <property name="file.separator" value="/" />
    <property name="spotbugs.home" value="/home/travis/build/icyphy/ptII/vendors/spotbugs-3.1.1" />
    <property name="java.runtime.version" value="11.0.2+9" />
    <property name="env.ANSI_CLEAR" value="\033[0K" />
    <property name="env.HAS_JOSH_K_SEAL_OF_APPROVAL" value="true" />
    <property name="env.XDG_RUNTIME_DIR" value="/run/user/2000" />
    <property name="env.TRAVIS_OSX_IMAGE" value="" />
    <property name="env.TRAVIS_JOB_ID" value="556413486" />
    <property name="env.TRAVIS_BRANCH" value="master" />
    <property name="user.country" value="US" />
    <property name="env.CERTI_HOME_TRAVIS" value="/home/travis/pthla/certi-tools" />
    <property name="env.SHELL" value="/bin/bash" />
    <property name="java.maxmemory.large" value="5000m" />
    <property name="model" value="" />
    <property name="env.CASHER_DIR" value="/home/travis/.casher" />
    <property name="env.NVM_CD_FLAGS" value="" />
    <property name="java.vendor.version" value="18.9" />
    <property name="jshint.executable" value="/home/travis/node_modules/jshint/bin/jshint" />
    <property name="env.JRUBY_OPTS" value=" --client -J-XX:+TieredCompilation -J-XX:TieredStopAtLevel=1 -J-Xss2m -Xcompile.invokedynamic=false" />
    <property name="java.vendor" value="Oracle Corporation" />
    <property name="env.TRAVIS_PRE_CHEF_BOOTSTRAP_TIME" value="2019-03-25T16:16:42" />
    <property name="env.TRAVIS_STACK_JOB_BOARD_REGISTER" value="/.job-board-register.yml" />
    <property name="env.ANSI_RED" value="\033[31;1m" />
    <property name="java.specification.version" value="11" />
    <property name="env.IRBRC" value="/home/travis/.rvm/rubies/ruby-2.5.3/.irbrc" />
    <property name="env.TRAVIS" value="true" />
    <property name="sun.arch.data.model" value="64" />
  </properties>
  <testcase classname="ptolemy.util.test.junit.TclTests" name="[0] /home/travis/build/icyphy/ptII/ptolemy/actor/lib/test/AbsoluteValue.tcl (RunTclFile)" time="0.494" />
  <testcase classname="ptolemy.util.test.junit.TclTests" name="[1] /home/travis/build/icyphy/ptII/ptolemy/actor/lib/test/AddSubtract.tcl (RunTclFile)" time="0.131" />
  <testcase classname="ptolemy.util.test.junit.TclTests" name="[2] /home/travis/build/icyphy/ptII/ptolemy/actor/lib/test/Average.tcl (RunTclFile)" time="0.033" />
  <testcase classname="ptolemy.util.test.junit.TclTests" name="[3] /home/travis/build/icyphy/ptII/ptolemy/actor/lib/test/Bernoulli.tcl (RunTclFile)" time="0.019" />
  <testcase classname="ptolemy.util.test.junit.TclTests" name="[4] /home/travis/build/icyphy/ptII/ptolemy/actor/lib/test/Clock.tcl (RunTclFile)" time="0.062" />
  <testcase classname="ptolemy.util.test.junit.TclTests" name="[5] /home/travis/build/icyphy/ptII/ptolemy/actor/lib/test/Commutator.tcl (RunTclFile)" time="0.165">
    <failure message="Number of failed tests is has increased. expected:&lt;0&gt; but was:&lt;1&gt;" type="junit.framework.AssertionFailedError">junit.framework.AssertionFailedError: Number of failed tests is has increased. expected:&lt;0&gt; but was:&lt;1&gt;
	at ptolemy.util.test.junit.TclTests.RunTclFile(TclTests.java:286)
	at java.base/jdk.internal.reflect.NativeMethodAccessorImpl.invoke0(Native Method)
	at java.base/jdk.internal.reflect.NativeMethodAccessorImpl.invoke(NativeMethodAccessorImpl.java:62)
	at java.base/jdk.internal.reflect.DelegatingMethodAccessorImpl.invoke(DelegatingMethodAccessorImpl.java:43)
	at junitparams.internal.InvokeParameterisedMethod.evaluate(InvokeParameterisedMethod.java:102)
	at junitparams.internal.ParameterisedTestMethodRunner.runMethodInvoker(ParameterisedTestMethodRunner.java:47)
	at junitparams.internal.ParameterisedTestMethodRunner.runTestMethod(ParameterisedTestMethodRunner.java:41)
	at junitparams.internal.ParameterisedTestClassRunner.runParameterisedTest(ParameterisedTestClassRunner.java:143)
	at junitparams.JUnitParamsRunner.runChild(JUnitParamsRunner.java:237)
	at junitparams.JUnitParamsRunner.runChild(JUnitParamsRunner.java:215)
</failure>
  </testcase>
  <testcase classname="ptolemy.util.test.junit.TclTests" name="[6] /home/travis/build/icyphy/ptII/ptolemy/actor/lib/test/Const.tcl (RunTclFile)" time="0.133" />
  <testcase classname="ptolemy.util.test.junit.TclTests" name="[7] /home/travis/build/icyphy/ptII/ptolemy/actor/lib/test/CurrentTime.tcl (RunTclFile)" time="0.042" />
  <testcase classname="ptolemy.util.test.junit.TclTests" name="[8] /home/travis/build/icyphy/ptII/ptolemy/actor/lib/test/DB.tcl (RunTclFile)" time="0.023" />
  <testcase classname="ptolemy.util.test.junit.TclTests" name="[9] /home/travis/build/icyphy/ptII/ptolemy/actor/lib/test/DiscreteRandomSource.tcl (RunTclFile)" time="0.029" />
  <testcase classname="ptolemy.util.test.junit.TclTests" name="[10] /home/travis/build/icyphy/ptII/ptolemy/actor/lib/test/Distributor.tcl (RunTclFile)" time="0.042" />
  <testcase classname="ptolemy.util.test.junit.TclTests" name="[11] /home/travis/build/icyphy/ptII/ptolemy/actor/lib/test/Exit.tcl (RunTclFile)" time="0.122" />
  <testcase classname="ptolemy.util.test.junit.TclTests" name="[12] /home/travis/build/icyphy/ptII/ptolemy/actor/lib/test/Expression.tcl (RunTclFile)" time="0.083" />
  <testcase classname="ptolemy.util.test.junit.TclTests" name="[13] /home/travis/build/icyphy/ptII/ptolemy/actor/lib/test/Gaussian.tcl (RunTclFile)" time="0.822" />
  <testcase classname="ptolemy.util.test.junit.TclTests" name="[14] /home/travis/build/icyphy/ptII/ptolemy/actor/lib/test/IIR.tcl (RunTclFile)" time="0.029" />
  <testcase classname="ptolemy.util.test.junit.TclTests" name="[15] /home/travis/build/icyphy/ptII/ptolemy/actor/lib/test/Interpolator.tcl (RunTclFile)" time="0.058" />
  <testcase classname="ptolemy.util.test.junit.TclTests" name="[16] /home/travis/build/icyphy/ptII/ptolemy/actor/lib/test/MathFunction.tcl (RunTclFile)" time="0.046" />
  <testcase classname="ptolemy.util.test.junit.TclTests" name="[17] /home/travis/build/icyphy/ptII/ptolemy/actor/lib/test/Maximum.tcl (RunTclFile)" time="0.049" />
  <testcase classname="ptolemy.util.test.junit.TclTests" name="[18] /home/travis/build/icyphy/ptII/ptolemy/actor/lib/test/Minimum.tcl (RunTclFile)" time="0.045" />
  <testcase classname="ptolemy.util.test.junit.TclTests" name="[19] /home/travis/build/icyphy/ptII/ptolemy/actor/lib/test/MultiplyDivide.tcl (RunTclFile)" time="0.027" />
  <testcase classname="ptolemy.util.test.junit.TclTests" name="[20] /home/travis/build/icyphy/ptII/ptolemy/actor/lib/test/OrderedMerge.tcl (RunTclFile)" time="0.087" />
  <testcase classname="ptolemy.util.test.junit.TclTests" name="[21] /home/travis/build/icyphy/ptII/ptolemy/actor/lib/test/Publisher.tcl (RunTclFile)" time="0.982" />
  <testcase classname="ptolemy.util.test.junit.TclTests" name="[22] /home/travis/build/icyphy/ptII/ptolemy/actor/lib/test/Pulse.tcl (RunTclFile)" time="0.075" />
  <testcase classname="ptolemy.util.test.junit.TclTests" name="[23] /home/travis/build/icyphy/ptII/ptolemy/actor/lib/test/Ramp.tcl (RunTclFile)" time="2.351" />
  <testcase classname="ptolemy.util.test.junit.TclTests" name="[24] /home/travis/build/icyphy/ptII/ptolemy/actor/lib/test/RampContinuous.tcl (RunTclFile)" time="0.025" />
  <testcase classname="ptolemy.util.test.junit.TclTests" name="[25] /home/travis/build/icyphy/ptII/ptolemy/actor/lib/test/RecordAssembler.tcl (RunTclFile)" time="0.018" />
  <testcase classname="ptolemy.util.test.junit.TclTests" name="[26] /home/travis/build/icyphy/ptII/ptolemy/actor/lib/test/RecordDisassembler.tcl (RunTclFile)" time="0.044" />
  <testcase classname="ptolemy.util.test.junit.TclTests" name="[27] /home/travis/build/icyphy/ptII/ptolemy/actor/lib/test/Scale.tcl (RunTclFile)" time="0.047" />
  <testcase classname="ptolemy.util.test.junit.TclTests" name="[28] /home/travis/build/icyphy/ptII/ptolemy/actor/lib/test/SequentialClock.tcl (RunTclFile)" time="0.021" />
  <testcase classname="ptolemy.util.test.junit.TclTests" name="[29] /home/travis/build/icyphy/ptII/ptolemy/actor/lib/test/SetVariable.tcl (RunTclFile)" time="0.03">
    <failure message="Number of failed tests is has increased. expected:&lt;1&gt; but was:&lt;2&gt;" type="junit.framework.AssertionFailedError">junit.framework.AssertionFailedError: Number of failed tests is has increased. expected:&lt;1&gt; but was:&lt;2&gt;
	at ptolemy.util.test.junit.TclTests.RunTclFile(TclTests.java:286)
	at jdk.internal.reflect.GeneratedMethodAccessor19.invoke(Unknown Source)
	at java.base/jdk.internal.reflect.DelegatingMethodAccessorImpl.invoke(DelegatingMethodAccessorImpl.java:43)
	at junitparams.internal.InvokeParameterisedMethod.evaluate(InvokeParameterisedMethod.java:102)
	at junitparams.internal.ParameterisedTestMethodRunner.runMethodInvoker(ParameterisedTestMethodRunner.java:47)
	at junitparams.internal.ParameterisedTestMethodRunner.runTestMethod(ParameterisedTestMethodRunner.java:41)
	at junitparams.internal.ParameterisedTestClassRunner.runParameterisedTest(ParameterisedTestClassRunner.java:143)
	at junitparams.JUnitParamsRunner.runChild(JUnitParamsRunner.java:237)
	at junitparams.JUnitParamsRunner.runChild(JUnitParamsRunner.java:215)
</failure>
  </testcase>
  <testcase classname="ptolemy.util.test.junit.TclTests" name="[30] /home/travis/build/icyphy/ptII/ptolemy/actor/lib/test/Sinewave.tcl (RunTclFile)" time="0.029" />
  <testcase classname="ptolemy.util.test.junit.TclTests" name="[31] /home/travis/build/icyphy/ptII/ptolemy/actor/lib/test/SubscriptionAggregator.tcl (RunTclFile)" time="2.369" />
  <testcase classname="ptolemy.util.test.junit.TclTests" name="[32] /home/travis/build/icyphy/ptII/ptolemy/actor/lib/test/Test.tcl (RunTclFile)" time="0.072" />
  <testcase classname="ptolemy.util.test.junit.TclTests" name="[33] /home/travis/build/icyphy/ptII/ptolemy/actor/lib/test/TestExceptionHandler.tcl (RunTclFile)" time="0.01" />
  <testcase classname="ptolemy.util.test.junit.TclTests" name="[34] /home/travis/build/icyphy/ptII/ptolemy/actor/lib/test/UnionDisassembler.tcl (RunTclFile)" time="0.044" />
  <testcase classname="ptolemy.util.test.junit.TclTests" name="[35] /home/travis/build/icyphy/ptII/ptolemy/actor/lib/test/VariableClock.tcl (RunTclFile)" time="0.015" />
  <testcase classname="ptolemy.util.test.junit.AutoKnownFailedTests" name="[0] /home/travis/build/icyphy/ptII/ptolemy/actor/lib/test/auto/knownFailedTests/PublisherPortToplevelSubscriber.xml (RunModel)" time="0.031" />
  <testcase classname="ptolemy.util.test.junit.AutoKnownFailedTests" name="[1] /home/travis/build/icyphy/ptII/ptolemy/actor/lib/test/auto/knownFailedTests/PublisherSubscriberPortToplevel.xml (RunModel)" time="0.02" />
  <testcase classname="ptolemy.util.test.junit.AutoKnownFailedTests" name="[2] /home/travis/build/icyphy/ptII/ptolemy/actor/lib/test/auto/knownFailedTests/PublisherSubscriptionAggregatorPort.xml (RunModel)" time="0.019" />
  <testcase classname="ptolemy.util.test.junit.AutoKnownFailedTests" name="[3] /home/travis/build/icyphy/ptII/ptolemy/actor/lib/test/auto/knownFailedTests/sizedarray3.xml (RunModel)" time="0.035" />
  <testcase classname="ptolemy.util.test.junit.AutoNameArchTests" name="[0] ThereAreNoAutoArchTests (RunModel)" time="0.004" />
  <testcase classname="ptolemy.util.test.junit.AutoTests" name="[0] /home/travis/build/icyphy/ptII/ptolemy/actor/lib/test/auto/AbsoluteValue.xml (RunModel)" time="0.107" />
  <testcase classname="ptolemy.util.test.junit.AutoTests" name="[1] /home/travis/build/icyphy/ptII/ptolemy/actor/lib/test/auto/AbsoluteValue2.xml (RunModel)" time="0.057" />
  <testcase classname="ptolemy.util.test.junit.AutoTests" name="[2] /home/travis/build/icyphy/ptII/ptolemy/actor/lib/test/auto/Accumulator.xml (RunModel)" time="0.041" />
  <testcase classname="ptolemy.util.test.junit.AutoTests" name="[3] /home/travis/build/icyphy/ptII/ptolemy/actor/lib/test/auto/Accumulator2.xml (RunModel)" time="0.018" />
  <testcase classname="ptolemy.util.test.junit.AutoTests" name="[4] /home/travis/build/icyphy/ptII/ptolemy/actor/lib/test/auto/Accumulator3.xml (RunModel)" time="0.015" />
  <testcase classname="ptolemy.util.test.junit.AutoTests" name="[5] /home/travis/build/icyphy/ptII/ptolemy/actor/lib/test/auto/ArrayAppend.xml (RunModel)" time="0.027" />
  <testcase classname="ptolemy.util.test.junit.AutoTests" name="[6] /home/travis/build/icyphy/ptII/ptolemy/actor/lib/test/auto/ArrayAppend2.xml (RunModel)" time="0.403" />
  <testcase classname="ptolemy.util.test.junit.AutoTests" name="[7] /home/travis/build/icyphy/ptII/ptolemy/actor/lib/test/auto/ArrayAppend3.xml (RunModel)" time="0.019" />
  <testcase classname="ptolemy.util.test.junit.AutoTests" name="[8] /home/travis/build/icyphy/ptII/ptolemy/actor/lib/test/auto/ArrayAppend4.xml (RunModel)" time="0.018" />
  <testcase classname="ptolemy.util.test.junit.AutoTests" name="[9] /home/travis/build/icyphy/ptII/ptolemy/actor/lib/test/auto/ArrayAppend5.xml (RunModel)" time="0.021" />
  <testcase classname="ptolemy.util.test.junit.AutoTests" name="[10] /home/travis/build/icyphy/ptII/ptolemy/actor/lib/test/auto/ArrayAppend6.xml (RunModel)" time="0.022" />
  <testcase classname="ptolemy.util.test.junit.AutoTests" name="[11] /home/travis/build/icyphy/ptII/ptolemy/actor/lib/test/auto/ArrayAppendPerformanceTest.xml (RunModel)" time="0.132" />
  <testcase classname="ptolemy.util.test.junit.AutoTests" name="[12] /home/travis/build/icyphy/ptII/ptolemy/actor/lib/test/auto/ArrayAppendWithEmptyInput.xml (RunModel)" time="0.04" />
  <testcase classname="ptolemy.util.test.junit.AutoTests" name="[13] /home/travis/build/icyphy/ptII/ptolemy/actor/lib/test/auto/ArrayAverage.xml (RunModel)" time="0.077" />
  <testcase classname="ptolemy.util.test.junit.AutoTests" name="[14] /home/travis/build/icyphy/ptII/ptolemy/actor/lib/test/auto/ArrayContains.xml (RunModel)" time="0.041" />
  <testcase classname="ptolemy.util.test.junit.AutoTests" name="[15] /home/travis/build/icyphy/ptII/ptolemy/actor/lib/test/auto/ArrayElement.xml (RunModel)" time="0.021" />
  <testcase classname="ptolemy.util.test.junit.AutoTests" name="[16] /home/travis/build/icyphy/ptII/ptolemy/actor/lib/test/auto/ArrayElementAsMatrix.xml (RunModel)" time="0.06" />
  <testcase classname="ptolemy.util.test.junit.AutoTests" name="[17] /home/travis/build/icyphy/ptII/ptolemy/actor/lib/test/auto/ArrayElementI.xml (RunModel)" time="0.033" />
  <testcase classname="ptolemy.util.test.junit.AutoTests" name="[18] /home/travis/build/icyphy/ptII/ptolemy/actor/lib/test/auto/ArrayExtract.xml (RunModel)" time="0.026" />
  <testcase classname="ptolemy.util.test.junit.AutoTests" name="[19] /home/travis/build/icyphy/ptII/ptolemy/actor/lib/test/auto/ArrayExtract2.xml (RunModel)" time="0.019" />
  <testcase classname="ptolemy.util.test.junit.AutoTests" name="[20] /home/travis/build/icyphy/ptII/ptolemy/actor/lib/test/auto/ArrayLength.xml (RunModel)" time="0.018" />
  <testcase classname="ptolemy.util.test.junit.AutoTests" name="[21] /home/travis/build/icyphy/ptII/ptolemy/actor/lib/test/auto/ArrayLevelCrossing.xml (RunModel)" time="0.032" />
  <testcase classname="ptolemy.util.test.junit.AutoTests" name="[22] /home/travis/build/icyphy/ptII/ptolemy/actor/lib/test/auto/ArrayLevelCrossing2.xml (RunModel)" time="0.025" />
  <testcase classname="ptolemy.util.test.junit.AutoTests" name="[23] /home/travis/build/icyphy/ptII/ptolemy/actor/lib/test/auto/ArrayPeakSearch.xml (RunModel)" time="0.036" />
  <testcase classname="ptolemy.util.test.junit.AutoTests" name="[24] /home/travis/build/icyphy/ptII/ptolemy/actor/lib/test/auto/ArrayPeakSearch2.xml (RunModel)" time="0.04" />
  <testcase classname="ptolemy.util.test.junit.AutoTests" name="[25] /home/travis/build/icyphy/ptII/ptolemy/actor/lib/test/auto/ArrayPeakSearch3.xml (RunModel)" time="0.037" />
  <testcase classname="ptolemy.util.test.junit.AutoTests" name="[26] /home/travis/build/icyphy/ptII/ptolemy/actor/lib/test/auto/ArrayRemoveElement.xml (RunModel)" time="0.03" />
  <testcase classname="ptolemy.util.test.junit.AutoTests" name="[27] /home/travis/build/icyphy/ptII/ptolemy/actor/lib/test/auto/ArraySort.xml (RunModel)" time="0.034" />
  <testcase classname="ptolemy.util.test.junit.AutoTests" name="[28] /home/travis/build/icyphy/ptII/ptolemy/actor/lib/test/auto/ArraySum.xml (RunModel)" time="0.022" />
  <testcase classname="ptolemy.util.test.junit.AutoTests" name="[29] /home/travis/build/icyphy/ptII/ptolemy/actor/lib/test/auto/ArrayToElements.xml (RunModel)" time="0.02" />
  <testcase classname="ptolemy.util.test.junit.AutoTests" name="[30] /home/travis/build/icyphy/ptII/ptolemy/actor/lib/test/auto/ArrayToMatrix.xml (RunModel)" time="0.058" />
  <testcase classname="ptolemy.util.test.junit.AutoTests" name="[31] /home/travis/build/icyphy/ptII/ptolemy/actor/lib/test/auto/ArrayUpdate1.xml (RunModel)" time="0.023" />
  <testcase classname="ptolemy.util.test.junit.AutoTests" name="[32] /home/travis/build/icyphy/ptII/ptolemy/actor/lib/test/auto/ArrayUpdate2.xml (RunModel)" time="0.02" />
  <testcase classname="ptolemy.util.test.junit.AutoTests" name="[33] /home/travis/build/icyphy/ptII/ptolemy/actor/lib/test/auto/ArrayUpdate3.xml (RunModel)" time="0.017" />
  <testcase classname="ptolemy.util.test.junit.AutoTests" name="[34] /home/travis/build/icyphy/ptII/ptolemy/actor/lib/test/auto/Assert1.xml (RunModel)" time="0.022" />
  <testcase classname="ptolemy.util.test.junit.AutoTests" name="[35] /home/travis/build/icyphy/ptII/ptolemy/actor/lib/test/auto/Assert2.xml (RunModel)" time="0.02" />
  <testcase classname="ptolemy.util.test.junit.AutoTests" name="[36] /home/travis/build/icyphy/ptII/ptolemy/actor/lib/test/auto/BooleanMultiplexor.xml (RunModel)" time="0.028" />
  <testcase classname="ptolemy.util.test.junit.AutoTests" name="[37] /home/travis/build/icyphy/ptII/ptolemy/actor/lib/test/auto/BooleanMultiplexor2.xml (RunModel)" time="0.03" />
  <testcase classname="ptolemy.util.test.junit.AutoTests" name="[38] /home/travis/build/icyphy/ptII/ptolemy/actor/lib/test/auto/BooleanMultiplexor3.xml (RunModel)" time="0.027" />
  <testcase classname="ptolemy.util.test.junit.AutoTests" name="[39] /home/travis/build/icyphy/ptII/ptolemy/actor/lib/test/auto/BooleanSelect.xml (RunModel)" time="0.023" />
  <testcase classname="ptolemy.util.test.junit.AutoTests" name="[40] /home/travis/build/icyphy/ptII/ptolemy/actor/lib/test/auto/BooleanSelect2.xml (RunModel)" time="0.017" />
  <testcase classname="ptolemy.util.test.junit.AutoTests" name="[41] /home/travis/build/icyphy/ptII/ptolemy/actor/lib/test/auto/BooleanSwitch.xml (RunModel)" time="0.032" />
  <testcase classname="ptolemy.util.test.junit.AutoTests" name="[42] /home/travis/build/icyphy/ptII/ptolemy/actor/lib/test/auto/BooleanSwitch2.xml (RunModel)" time="0.016" />
  <testcase classname="ptolemy.util.test.junit.AutoTests" name="[43] /home/travis/build/icyphy/ptII/ptolemy/actor/lib/test/auto/BooleanSwitchCloningBugWithClassRelationGroup.xml (RunModel)" time="0.036" />
  <testcase classname="ptolemy.util.test.junit.AutoTests" name="[44] /home/travis/build/icyphy/ptII/ptolemy/actor/lib/test/auto/BusActors.xml (RunModel)" time="0.081" />
  <testcase classname="ptolemy.util.test.junit.AutoTests" name="[45] /home/travis/build/icyphy/ptII/ptolemy/actor/lib/test/auto/ClassWrapper.xml (RunModel)" time="0.044" />
  <testcase classname="ptolemy.util.test.junit.AutoTests" name="[46] /home/travis/build/icyphy/ptII/ptolemy/actor/lib/test/auto/Clock.xml (RunModel)" time="0.035" />
  <testcase classname="ptolemy.util.test.junit.AutoTests" name="[47] /home/travis/build/icyphy/ptII/ptolemy/actor/lib/test/auto/Clock10.xml (RunModel)" time="0.026" />
  <testcase classname="ptolemy.util.test.junit.AutoTests" name="[48] /home/travis/build/icyphy/ptII/ptolemy/actor/lib/test/auto/Clock11.xml (RunModel)" time="0.014" />
  <testcase classname="ptolemy.util.test.junit.AutoTests" name="[49] /home/travis/build/icyphy/ptII/ptolemy/actor/lib/test/auto/Clock12.xml (RunModel)" time="0.013" />
  <testcase classname="ptolemy.util.test.junit.AutoTests" name="[50] /home/travis/build/icyphy/ptII/ptolemy/actor/lib/test/auto/Clock13.xml (RunModel)" time="0.012" />
  <testcase classname="ptolemy.util.test.junit.AutoTests" name="[51] /home/travis/build/icyphy/ptII/ptolemy/actor/lib/test/auto/Clock14.xml (RunModel)" time="0.012" />
  <testcase classname="ptolemy.util.test.junit.AutoTests" name="[52] /home/travis/build/icyphy/ptII/ptolemy/actor/lib/test/auto/Clock15.xml (RunModel)" time="0.012" />
  <testcase classname="ptolemy.util.test.junit.AutoTests" name="[53] /home/travis/build/icyphy/ptII/ptolemy/actor/lib/test/auto/Clock16.xml (RunModel)" time="0.088" />
  <testcase classname="ptolemy.util.test.junit.AutoTests" name="[54] /home/travis/build/icyphy/ptII/ptolemy/actor/lib/test/auto/Clock17.xml (RunModel)" time="0.038" />
  <testcase classname="ptolemy.util.test.junit.AutoTests" name="[55] /home/travis/build/icyphy/ptII/ptolemy/actor/lib/test/auto/Clock18.xml (RunModel)" time="0.081" />
  <testcase classname="ptolemy.util.test.junit.AutoTests" name="[56] /home/travis/build/icyphy/ptII/ptolemy/actor/lib/test/auto/Clock19.xml (RunModel)" time="0.037" />
  <testcase classname="ptolemy.util.test.junit.AutoTests" name="[57] /home/travis/build/icyphy/ptII/ptolemy/actor/lib/test/auto/Clock2.xml (RunModel)" time="0.019" />
  <testcase classname="ptolemy.util.test.junit.AutoTests" name="[58] /home/travis/build/icyphy/ptII/ptolemy/actor/lib/test/auto/Clock20.xml (RunModel)" time="0.03" />
  <testcase classname="ptolemy.util.test.junit.AutoTests" name="[59] /home/travis/build/icyphy/ptII/ptolemy/actor/lib/test/auto/Clock21.xml (RunModel)" time="0.019" />
  <testcase classname="ptolemy.util.test.junit.AutoTests" name="[60] /home/travis/build/icyphy/ptII/ptolemy/actor/lib/test/auto/Clock22.xml (RunModel)" time="0.017" />
  <testcase classname="ptolemy.util.test.junit.AutoTests" name="[61] /home/travis/build/icyphy/ptII/ptolemy/actor/lib/test/auto/Clock23.xml (RunModel)" time="0.016" />
  <testcase classname="ptolemy.util.test.junit.AutoTests" name="[62] /home/travis/build/icyphy/ptII/ptolemy/actor/lib/test/auto/Clock24.xml (RunModel)" time="0.02" />
  <testcase classname="ptolemy.util.test.junit.AutoTests" name="[63] /home/travis/build/icyphy/ptII/ptolemy/actor/lib/test/auto/Clock4.xml (RunModel)" time="0.013" />
  <testcase classname="ptolemy.util.test.junit.AutoTests" name="[64] /home/travis/build/icyphy/ptII/ptolemy/actor/lib/test/auto/Clock5.xml (RunModel)" time="0.011" />
  <testcase classname="ptolemy.util.test.junit.AutoTests" name="[65] /home/travis/build/icyphy/ptII/ptolemy/actor/lib/test/auto/Clock6.xml (RunModel)" time="0.015" />
  <testcase classname="ptolemy.util.test.junit.AutoTests" name="[66] /home/travis/build/icyphy/ptII/ptolemy/actor/lib/test/auto/Clock7.xml (RunModel)" time="0.012" />
  <testcase classname="ptolemy.util.test.junit.AutoTests" name="[67] /home/travis/build/icyphy/ptII/ptolemy/actor/lib/test/auto/Clock8.xml (RunModel)" time="0.015" />
  <testcase classname="ptolemy.util.test.junit.AutoTests" name="[68] /home/travis/build/icyphy/ptII/ptolemy/actor/lib/test/auto/Clock9.xml (RunModel)" time="0.018" />
  <testcase classname="ptolemy.util.test.junit.AutoTests" name="[69] /home/travis/build/icyphy/ptII/ptolemy/actor/lib/test/auto/CommDistDiscard.xml (RunModel)" time="0.029" />
  <testcase classname="ptolemy.util.test.junit.AutoTests" name="[70] /home/travis/build/icyphy/ptII/ptolemy/actor/lib/test/auto/Commutator.xml (RunModel)" time="0.017" />
  <testcase classname="ptolemy.util.test.junit.AutoTests" name="[71] /home/travis/build/icyphy/ptII/ptolemy/actor/lib/test/auto/Commutator2.xml (RunModel)" time="0.011" />
  <testcase classname="ptolemy.util.test.junit.AutoTests" name="[72] /home/travis/build/icyphy/ptII/ptolemy/actor/lib/test/auto/Commutator3.xml (RunModel)" time="0.013" />
  <testcase classname="ptolemy.util.test.junit.AutoTests" name="[73] /home/travis/build/icyphy/ptII/ptolemy/actor/lib/test/auto/Compare.xml (RunModel)" time="0.023" />
  <testcase classname="ptolemy.util.test.junit.AutoTests" name="[74] /home/travis/build/icyphy/ptII/ptolemy/actor/lib/test/auto/CompareDE.xml (RunModel)" time="0.019" />
  <testcase classname="ptolemy.util.test.junit.AutoTests" name="[75] /home/travis/build/icyphy/ptII/ptolemy/actor/lib/test/auto/ComplexDivide.xml (RunModel)" time="0.01" />
  <testcase classname="ptolemy.util.test.junit.AutoTests" name="[76] /home/travis/build/icyphy/ptII/ptolemy/actor/lib/test/auto/ComputeHistogram.xml (RunModel)" time="0.077" />
  <testcase classname="ptolemy.util.test.junit.AutoTests" name="[77] /home/travis/build/icyphy/ptII/ptolemy/actor/lib/test/auto/ConfigurationSelect.xml (RunModel)" time="0.023" />
  <testcase classname="ptolemy.util.test.junit.AutoTests" name="[78] /home/travis/build/icyphy/ptII/ptolemy/actor/lib/test/auto/ConfigurationSelect2.xml (RunModel)" time="0.015" />
  <testcase classname="ptolemy.util.test.junit.AutoTests" name="[79] /home/travis/build/icyphy/ptII/ptolemy/actor/lib/test/auto/ConfigurationSwitch.xml (RunModel)" time="0.027" />
  <testcase classname="ptolemy.util.test.junit.AutoTests" name="[80] /home/travis/build/icyphy/ptII/ptolemy/actor/lib/test/auto/ConfigurationSwitch2.xml (RunModel)" time="0.032" />
  <testcase classname="ptolemy.util.test.junit.AutoTests" name="[81] /home/travis/build/icyphy/ptII/ptolemy/actor/lib/test/auto/ConfigurationSwitchCloningBugWithClassRelationGroup.xml (RunModel)" time="0.021" />
  <testcase classname="ptolemy.util.test.junit.AutoTests" name="[82] /home/travis/build/icyphy/ptII/ptolemy/actor/lib/test/auto/ConfigurationSwitchSelectSDF.xml (RunModel)" time="0.022" />
  <testcase classname="ptolemy.util.test.junit.AutoTests" name="[83] /home/travis/build/icyphy/ptII/ptolemy/actor/lib/test/auto/ConfigurationSwitchSelectSDF2.xml (RunModel)" time="0.015" />
  <testcase classname="ptolemy.util.test.junit.AutoTests" name="[84] /home/travis/build/icyphy/ptII/ptolemy/actor/lib/test/auto/Const.xml (RunModel)" time="0.007" />
  <testcase classname="ptolemy.util.test.junit.AutoTests" name="[85] /home/travis/build/icyphy/ptII/ptolemy/actor/lib/test/auto/Const2.xml (RunModel)" time="0.009" />
  <testcase classname="ptolemy.util.test.junit.AutoTests" name="[86] /home/travis/build/icyphy/ptII/ptolemy/actor/lib/test/auto/Const3.xml (RunModel)" time="0.006" />
  <testcase classname="ptolemy.util.test.junit.AutoTests" name="[87] /home/travis/build/icyphy/ptII/ptolemy/actor/lib/test/auto/ConstantPublisherPort1.xml (RunModel)" time="0.025" />
  <testcase classname="ptolemy.util.test.junit.AutoTests" name="[88] /home/travis/build/icyphy/ptII/ptolemy/actor/lib/test/auto/ConstantPublisherPort2.xml (RunModel)" time="0.035" />
  <testcase classname="ptolemy.util.test.junit.AutoTests" name="[89] /home/travis/build/icyphy/ptII/ptolemy/actor/lib/test/auto/ConstantPublisherPort3.xml (RunModel)" time="0.027" />
  <testcase classname="ptolemy.util.test.junit.AutoTests" name="[90] /home/travis/build/icyphy/ptII/ptolemy/actor/lib/test/auto/ConstantPublisherPort4.xml (RunModel)" time="0.018" />
  <testcase classname="ptolemy.util.test.junit.AutoTests" name="[91] /home/travis/build/icyphy/ptII/ptolemy/actor/lib/test/auto/ConstantPublisherPort5.xml (RunModel)" time="0.056" />
  <testcase classname="ptolemy.util.test.junit.AutoTests" name="[92] /home/travis/build/icyphy/ptII/ptolemy/actor/lib/test/auto/ConstantPublisherPort6.xml (RunModel)" time="0.048" />
  <testcase classname="ptolemy.util.test.junit.AutoTests" name="[93] /home/travis/build/icyphy/ptII/ptolemy/actor/lib/test/auto/ConstantPublisherPort7.xml (RunModel)" time="0.035" />
  <testcase classname="ptolemy.util.test.junit.AutoTests" name="[94] /home/travis/build/icyphy/ptII/ptolemy/actor/lib/test/auto/ConstraintMonitor1.xml (RunModel)" time="0.046" />
  <testcase classname="ptolemy.util.test.junit.AutoTests" name="[95] /home/travis/build/icyphy/ptII/ptolemy/actor/lib/test/auto/ConstraintMonitor2.xml (RunModel)" time="0.017" />
  <testcase classname="ptolemy.util.test.junit.AutoTests" name="[96] /home/travis/build/icyphy/ptII/ptolemy/actor/lib/test/auto/ConstraintMonitor3.xml (RunModel)" time="0.014" />
  <testcase classname="ptolemy.util.test.junit.AutoTests" name="[97] /home/travis/build/icyphy/ptII/ptolemy/actor/lib/test/auto/ConstraintMonitor4.xml (RunModel)" time="0.01" />
  <testcase classname="ptolemy.util.test.junit.AutoTests" name="[98] /home/travis/build/icyphy/ptII/ptolemy/actor/lib/test/auto/ConstraintMonitor5.xml (RunModel)" time="0.014" />
  <testcase classname="ptolemy.util.test.junit.AutoTests" name="[99] /home/travis/build/icyphy/ptII/ptolemy/actor/lib/test/auto/ConstraintMonitor6.xml (RunModel)" time="0.018" />
  <testcase classname="ptolemy.util.test.junit.AutoTests" name="[100] /home/travis/build/icyphy/ptII/ptolemy/actor/lib/test/auto/ConstraintMonitor7.xml (RunModel)" time="0.03" />
  <testcase classname="ptolemy.util.test.junit.AutoTests" name="[101] /home/travis/build/icyphy/ptII/ptolemy/actor/lib/test/auto/ConstraintMonitor8.xml (RunModel)" time="0.021" />
  <testcase classname="ptolemy.util.test.junit.AutoTests" name="[102] /home/travis/build/icyphy/ptII/ptolemy/actor/lib/test/auto/Counter.xml (RunModel)" time="0.013" />
  <testcase classname="ptolemy.util.test.junit.AutoTests" name="[103] /home/travis/build/icyphy/ptII/ptolemy/actor/lib/test/auto/CurrentTimeSDF.xml (RunModel)" time="0.009" />
  <testcase classname="ptolemy.util.test.junit.AutoTests" name="[104] /home/travis/build/icyphy/ptII/ptolemy/actor/lib/test/auto/DB.xml (RunModel)" time="0.013" />
  <testcase classname="ptolemy.util.test.junit.AutoTests" name="[105] /home/travis/build/icyphy/ptII/ptolemy/actor/lib/test/auto/DBDE.xml (RunModel)" time="0.012" />
  <testcase classname="ptolemy.util.test.junit.AutoTests" name="[106] /home/travis/build/icyphy/ptII/ptolemy/actor/lib/test/auto/DateConstructor.xml (RunModel)" time="0.072" />
  <testcase classname="ptolemy.util.test.junit.AutoTests" name="[107] /home/travis/build/icyphy/ptII/ptolemy/actor/lib/test/auto/DelayTime.xml (RunModel)" time="0.019" />
  <testcase classname="ptolemy.util.test.junit.AutoTests" name="[108] /home/travis/build/icyphy/ptII/ptolemy/actor/lib/test/auto/Dictionary1.xml (RunModel)" time="0.018" />
  <testcase classname="ptolemy.util.test.junit.AutoTests" name="[109] /home/travis/build/icyphy/ptII/ptolemy/actor/lib/test/auto/Dictionary2.xml (RunModel)" time="0.018" />
  <testcase classname="ptolemy.util.test.junit.AutoTests" name="[110] /home/travis/build/icyphy/ptII/ptolemy/actor/lib/test/auto/Dictionary3.xml (RunModel)" time="0.016" />
  <testcase classname="ptolemy.util.test.junit.AutoTests" name="[111] /home/travis/build/icyphy/ptII/ptolemy/actor/lib/test/auto/Dictionary4.xml (RunModel)" time="0.018" />
  <testcase classname="ptolemy.util.test.junit.AutoTests" name="[112] /home/travis/build/icyphy/ptII/ptolemy/actor/lib/test/auto/Differential.xml (RunModel)" time="0.018" />
  <testcase classname="ptolemy.util.test.junit.AutoTests" name="[113] /home/travis/build/icyphy/ptII/ptolemy/actor/lib/test/auto/Director.xml (RunModel)" time="0.011" />
  <testcase classname="ptolemy.util.test.junit.AutoTests" name="[114] /home/travis/build/icyphy/ptII/ptolemy/actor/lib/test/auto/DiscreteClock.xml (RunModel)" time="0.008" />
  <testcase classname="ptolemy.util.test.junit.AutoTests" name="[115] /home/travis/build/icyphy/ptII/ptolemy/actor/lib/test/auto/DiscreteClock10.xml (RunModel)" time="0.015" />
  <testcase classname="ptolemy.util.test.junit.AutoTests" name="[116] /home/travis/build/icyphy/ptII/ptolemy/actor/lib/test/auto/DiscreteClock11.xml (RunModel)" time="0.012" />
  <testcase classname="ptolemy.util.test.junit.AutoTests" name="[117] /home/travis/build/icyphy/ptII/ptolemy/actor/lib/test/auto/DiscreteClock12.xml (RunModel)" time="0.014" />
  <testcase classname="ptolemy.util.test.junit.AutoTests" name="[118] /home/travis/build/icyphy/ptII/ptolemy/actor/lib/test/auto/DiscreteClock13.xml (RunModel)" time="0.015" />
  <testcase classname="ptolemy.util.test.junit.AutoTests" name="[119] /home/travis/build/icyphy/ptII/ptolemy/actor/lib/test/auto/DiscreteClock14.xml (RunModel)" time="0.015" />
  <testcase classname="ptolemy.util.test.junit.AutoTests" name="[120] /home/travis/build/icyphy/ptII/ptolemy/actor/lib/test/auto/DiscreteClock15.xml (RunModel)" time="0.017" />
  <testcase classname="ptolemy.util.test.junit.AutoTests" name="[121] /home/travis/build/icyphy/ptII/ptolemy/actor/lib/test/auto/DiscreteClock16.xml (RunModel)" time="0.048" />
  <testcase classname="ptolemy.util.test.junit.AutoTests" name="[122] /home/travis/build/icyphy/ptII/ptolemy/actor/lib/test/auto/DiscreteClock17.xml (RunModel)" time="0.044" />
  <testcase classname="ptolemy.util.test.junit.AutoTests" name="[123] /home/travis/build/icyphy/ptII/ptolemy/actor/lib/test/auto/DiscreteClock18.xml (RunModel)" time="0.048" />
  <testcase classname="ptolemy.util.test.junit.AutoTests" name="[124] /home/travis/build/icyphy/ptII/ptolemy/actor/lib/test/auto/DiscreteClock19.xml (RunModel)" time="0.053" />
  <testcase classname="ptolemy.util.test.junit.AutoTests" name="[125] /home/travis/build/icyphy/ptII/ptolemy/actor/lib/test/auto/DiscreteClock2.xml (RunModel)" time="0.011" />
  <testcase classname="ptolemy.util.test.junit.AutoTests" name="[126] /home/travis/build/icyphy/ptII/ptolemy/actor/lib/test/auto/DiscreteClock20.xml (RunModel)" time="0.02" />
  <testcase classname="ptolemy.util.test.junit.AutoTests" name="[127] /home/travis/build/icyphy/ptII/ptolemy/actor/lib/test/auto/DiscreteClock21.xml (RunModel)" time="0.017" />
  <testcase classname="ptolemy.util.test.junit.AutoTests" name="[128] /home/travis/build/icyphy/ptII/ptolemy/actor/lib/test/auto/DiscreteClock22.xml (RunModel)" time="0.017" />
  <testcase classname="ptolemy.util.test.junit.AutoTests" name="[129] /home/travis/build/icyphy/ptII/ptolemy/actor/lib/test/auto/DiscreteClock23.xml (RunModel)" time="0.025" />
  <testcase classname="ptolemy.util.test.junit.AutoTests" name="[130] /home/travis/build/icyphy/ptII/ptolemy/actor/lib/test/auto/DiscreteClock24.xml (RunModel)" time="0.018" />
  <testcase classname="ptolemy.util.test.junit.AutoTests" name="[131] /home/travis/build/icyphy/ptII/ptolemy/actor/lib/test/auto/DiscreteClock4.xml (RunModel)" time="0.017" />
  <testcase classname="ptolemy.util.test.junit.AutoTests" name="[132] /home/travis/build/icyphy/ptII/ptolemy/actor/lib/test/auto/DiscreteClock5.xml (RunModel)" time="0.011" />
  <testcase classname="ptolemy.util.test.junit.AutoTests" name="[133] /home/travis/build/icyphy/ptII/ptolemy/actor/lib/test/auto/DiscreteClock6.xml (RunModel)" time="0.011" />
  <testcase classname="ptolemy.util.test.junit.AutoTests" name="[134] /home/travis/build/icyphy/ptII/ptolemy/actor/lib/test/auto/DiscreteClock7.xml (RunModel)" time="0.01" />
  <testcase classname="ptolemy.util.test.junit.AutoTests" name="[135] /home/travis/build/icyphy/ptII/ptolemy/actor/lib/test/auto/DiscreteClock8.xml (RunModel)" time="0.022" />
  <testcase classname="ptolemy.util.test.junit.AutoTests" name="[136] /home/travis/build/icyphy/ptII/ptolemy/actor/lib/test/auto/DiscreteClock9.xml (RunModel)" time="0.013" />
  <testcase classname="ptolemy.util.test.junit.AutoTests" name="[137] /home/travis/build/icyphy/ptII/ptolemy/actor/lib/test/auto/DisplayArray.xml (RunModel)" time="0.01" />
  <testcase classname="ptolemy.util.test.junit.AutoTests" name="[138] /home/travis/build/icyphy/ptII/ptolemy/actor/lib/test/auto/Distributor.xml (RunModel)" time="0.01" />
  <testcase classname="ptolemy.util.test.junit.AutoTests" name="[139] /home/travis/build/icyphy/ptII/ptolemy/actor/lib/test/auto/Distributor2.xml (RunModel)" time="0.01" />
  <testcase classname="ptolemy.util.test.junit.AutoTests" name="[140] /home/travis/build/icyphy/ptII/ptolemy/actor/lib/test/auto/DownSample.xml (RunModel)" time="0.009" />
  <testcase classname="ptolemy.util.test.junit.AutoTests" name="[141] /home/travis/build/icyphy/ptII/ptolemy/actor/lib/test/auto/ElectronicUnitBase1.xml (RunModel)" time="0.062" />
  <testcase classname="ptolemy.util.test.junit.AutoTests" name="[142] /home/travis/build/icyphy/ptII/ptolemy/actor/lib/test/auto/ElementsToArray.xml (RunModel)" time="0.013" />
  <testcase classname="ptolemy.util.test.junit.AutoTests" name="[143] /home/travis/build/icyphy/ptII/ptolemy/actor/lib/test/auto/Equals.xml (RunModel)" time="0.013" />
  <testcase classname="ptolemy.util.test.junit.AutoTests" name="[144] /home/travis/build/icyphy/ptII/ptolemy/actor/lib/test/auto/Exec.xml (RunModel)" time="0.031" />
  <testcase classname="ptolemy.util.test.junit.AutoTests" name="[145] /home/travis/build/icyphy/ptII/ptolemy/actor/lib/test/auto/ExecEnvironment.xml (RunModel)" time="0.045" />
  <testcase classname="ptolemy.util.test.junit.AutoTests" name="[146] /home/travis/build/icyphy/ptII/ptolemy/actor/lib/test/auto/ExecNonZeroReturnOutput.xml (RunModel)" time="0.212" />
  <testcase classname="ptolemy.util.test.junit.AutoTests" name="[147] /home/travis/build/icyphy/ptII/ptolemy/actor/lib/test/auto/ExecRunDemos.xml (RunModel)" time="11.307">
    <error type="java.lang.reflect.InvocationTargetException">java.lang.reflect.InvocationTargetException
	at jdk.internal.reflect.GeneratedConstructorAccessor36.newInstance(Unknown Source)
	at java.base/jdk.internal.reflect.DelegatingConstructorAccessorImpl.newInstance(DelegatingConstructorAccessorImpl.java:45)
	at java.base/java.lang.reflect.Constructor.newInstance(Constructor.java:490)
	at ptolemy.util.test.junit.AutoTests.RunModel(AutoTests.java:193)
	at jdk.internal.reflect.GeneratedMethodAccessor43.invoke(Unknown Source)
	at java.base/jdk.internal.reflect.DelegatingMethodAccessorImpl.invoke(DelegatingMethodAccessorImpl.java:43)
	at junitparams.internal.InvokeParameterisedMethod.evaluate(InvokeParameterisedMethod.java:102)
Caused by: ptolemy.kernel.util.IllegalActionException: Test fails in iteration 0.
Value was: &quot;WARNING: An illegal reflective access operation has occurred\nWARNING: Illegal reflective access by io.netty.util.internal.ReflectionUtil (file:/home/travis/build/icyphy/ptII/lib/netty-common-4.1.19.Final.jar) to constructor java.nio.DirectByteBuffer(long,int)\nWARNING: Please consider reporting this to the maintainers of io.netty.util.internal.ReflectionUtil\nWARNING: Use --illegal-access=warn to enable warnings of further illegal reflective access operations\nWARNING: All illegal access operations will be denied in a future release\n&quot;. Should have been: &quot;&quot;
  in .ExecRunDemos.Test
	at ptolemy.actor.lib.Test.fire(Test.java:268)
	at ptolemy.actor.AtomicActor.iterate(AtomicActor.java:512)
	at ptolemy.actor.sched.StaticSchedulingDirector.fire(StaticSchedulingDirector.java:216)
	at ptolemy.domains.sdf.kernel.SDFDirector.fire(SDFDirector.java:500)
	at ptolemy.actor.CompositeActor.fire(CompositeActor.java:455)
	at ptolemy.actor.Manager.iterate(Manager.java:851)
	at ptolemy.actor.Manager.execute(Manager.java:369)
	at ptolemy.actor.Manager.run(Manager.java:1263)
	at ptolemy.actor.Manager$PtolemyRunThread.run(Manager.java:1915)
</error>
  </testcase>
  <testcase classname="ptolemy.util.test.junit.AutoTests" name="[148] /home/travis/build/icyphy/ptII/ptolemy/actor/lib/test/auto/ExecStop.xml (RunModel)" time="5.042" />
  <testcase classname="ptolemy.util.test.junit.AutoTests" name="[149] /home/travis/build/icyphy/ptII/ptolemy/actor/lib/test/auto/ExecutionTimeSDF.xml (RunModel)" time="6.034" />
  <testcase classname="ptolemy.util.test.junit.AutoTests" name="[150] /home/travis/build/icyphy/ptII/ptolemy/actor/lib/test/auto/Expression1.xml (RunModel)" time="0.008" />
  <testcase classname="ptolemy.util.test.junit.AutoTests" name="[151] /home/travis/build/icyphy/ptII/ptolemy/actor/lib/test/auto/Expression10.xml (RunModel)" time="0.018" />
  <testcase classname="ptolemy.util.test.junit.AutoTests" name="[152] /home/travis/build/icyphy/ptII/ptolemy/actor/lib/test/auto/Expression11.xml (RunModel)" time="0.018" />
  <testcase classname="ptolemy.util.test.junit.AutoTests" name="[153] /home/travis/build/icyphy/ptII/ptolemy/actor/lib/test/auto/Expression12.xml (RunModel)" time="0.014" />
  <testcase classname="ptolemy.util.test.junit.AutoTests" name="[154] /home/travis/build/icyphy/ptII/ptolemy/actor/lib/test/auto/Expression13.xml (RunModel)" time="0.014" />
  <testcase classname="ptolemy.util.test.junit.AutoTests" name="[155] /home/travis/build/icyphy/ptII/ptolemy/actor/lib/test/auto/Expression14.xml (RunModel)" time="0.017" />
  <testcase classname="ptolemy.util.test.junit.AutoTests" name="[156] /home/travis/build/icyphy/ptII/ptolemy/actor/lib/test/auto/Expression15.xml (RunModel)" time="0.008" />
  <testcase classname="ptolemy.util.test.junit.AutoTests" name="[157] /home/travis/build/icyphy/ptII/ptolemy/actor/lib/test/auto/Expression16.xml (RunModel)" time="0.013" />
  <testcase classname="ptolemy.util.test.junit.AutoTests" name="[158] /home/travis/build/icyphy/ptII/ptolemy/actor/lib/test/auto/Expression17.xml (RunModel)" time="0.023" />
  <testcase classname="ptolemy.util.test.junit.AutoTests" name="[159] /home/travis/build/icyphy/ptII/ptolemy/actor/lib/test/auto/Expression18.xml (RunModel)" time="0.015" />
  <testcase classname="ptolemy.util.test.junit.AutoTests" name="[160] /home/travis/build/icyphy/ptII/ptolemy/actor/lib/test/auto/Expression2.xml (RunModel)" time="0.012" />
  <testcase classname="ptolemy.util.test.junit.AutoTests" name="[161] /home/travis/build/icyphy/ptII/ptolemy/actor/lib/test/auto/Expression3.xml (RunModel)" time="0.015" />
  <testcase classname="ptolemy.util.test.junit.AutoTests" name="[162] /home/travis/build/icyphy/ptII/ptolemy/actor/lib/test/auto/Expression4.xml (RunModel)" time="0.023" />
  <testcase classname="ptolemy.util.test.junit.AutoTests" name="[163] /home/travis/build/icyphy/ptII/ptolemy/actor/lib/test/auto/Expression5.xml (RunModel)" time="0.012" />
  <testcase classname="ptolemy.util.test.junit.AutoTests" name="[164] /home/travis/build/icyphy/ptII/ptolemy/actor/lib/test/auto/Expression6.xml (RunModel)" time="0.011" />
  <testcase classname="ptolemy.util.test.junit.AutoTests" name="[165] /home/travis/build/icyphy/ptII/ptolemy/actor/lib/test/auto/Expression7.xml (RunModel)" time="0.012" />
  <testcase classname="ptolemy.util.test.junit.AutoTests" name="[166] /home/travis/build/icyphy/ptII/ptolemy/actor/lib/test/auto/Expression8.xml (RunModel)" time="0.016" />
  <testcase classname="ptolemy.util.test.junit.AutoTests" name="[167] /home/travis/build/icyphy/ptII/ptolemy/actor/lib/test/auto/Expression9.xml (RunModel)" time="0.008" />
  <testcase classname="ptolemy.util.test.junit.AutoTests" name="[168] /home/travis/build/icyphy/ptII/ptolemy/actor/lib/test/auto/ExpressionConcatenateArrayType.xml (RunModel)" time="0.025" />
  <testcase classname="ptolemy.util.test.junit.AutoTests" name="[169] /home/travis/build/icyphy/ptII/ptolemy/actor/lib/test/auto/ExpressionConcatenateArrayType2.xml (RunModel)" time="0.024" />
  <testcase classname="ptolemy.util.test.junit.AutoTests" name="[170] /home/travis/build/icyphy/ptII/ptolemy/actor/lib/test/auto/ExpressionFix.xml (RunModel)" time="0.051" />
  <testcase classname="ptolemy.util.test.junit.AutoTests" name="[171] /home/travis/build/icyphy/ptII/ptolemy/actor/lib/test/auto/ExpressionFix2.xml (RunModel)" time="0.013" />
  <testcase classname="ptolemy.util.test.junit.AutoTests" name="[172] /home/travis/build/icyphy/ptII/ptolemy/actor/lib/test/auto/ExpressionFix3.xml (RunModel)" time="0.014" />
  <testcase classname="ptolemy.util.test.junit.AutoTests" name="[173] /home/travis/build/icyphy/ptII/ptolemy/actor/lib/test/auto/FileWriter1.xml (RunModel)" time="0.014" />
  <testcase classname="ptolemy.util.test.junit.AutoTests" name="[174] /home/travis/build/icyphy/ptII/ptolemy/actor/lib/test/auto/FileWriter2.xml (RunModel)" time="0.012" />
  <testcase classname="ptolemy.util.test.junit.AutoTests" name="[175] /home/travis/build/icyphy/ptII/ptolemy/actor/lib/test/auto/FileWriter3.xml (RunModel)" time="0.013" />
  <testcase classname="ptolemy.util.test.junit.AutoTests" name="[176] /home/travis/build/icyphy/ptII/ptolemy/actor/lib/test/auto/Gaussian.xml (RunModel)" time="0.012" />
  <testcase classname="ptolemy.util.test.junit.AutoTests" name="[177] /home/travis/build/icyphy/ptII/ptolemy/actor/lib/test/auto/Gaussian1.xml (RunModel)" time="0.025" />
  <testcase classname="ptolemy.util.test.junit.AutoTests" name="[178] /home/travis/build/icyphy/ptII/ptolemy/actor/lib/test/auto/Gaussian2.xml (RunModel)" time="0.02" />
  <testcase classname="ptolemy.util.test.junit.AutoTests" name="[179] /home/travis/build/icyphy/ptII/ptolemy/actor/lib/test/auto/GradientAdaptiveLattice.xml (RunModel)" time="0.02" />
  <testcase classname="ptolemy.util.test.junit.AutoTests" name="[180] /home/travis/build/icyphy/ptII/ptolemy/actor/lib/test/auto/IIR.xml (RunModel)" time="0.011" />
  <testcase classname="ptolemy.util.test.junit.AutoTests" name="[181] /home/travis/build/icyphy/ptII/ptolemy/actor/lib/test/auto/InputOutputTransparentPorts.xml (RunModel)" time="0.024" />
  <testcase classname="ptolemy.util.test.junit.AutoTests" name="[182] /home/travis/build/icyphy/ptII/ptolemy/actor/lib/test/auto/Interpolator.xml (RunModel)" time="0.014" />
  <testcase classname="ptolemy.util.test.junit.AutoTests" name="[183] /home/travis/build/icyphy/ptII/ptolemy/actor/lib/test/auto/InterpolatorFiringLimitDE.xml (RunModel)" time="0.015" />
  <testcase classname="ptolemy.util.test.junit.AutoTests" name="[184] /home/travis/build/icyphy/ptII/ptolemy/actor/lib/test/auto/Lattice.xml (RunModel)" time="0.009" />
  <testcase classname="ptolemy.util.test.junit.AutoTests" name="[185] /home/travis/build/icyphy/ptII/ptolemy/actor/lib/test/auto/LazyAOCTestLazy.xml (RunModel)" time="0.048" />
  <testcase classname="ptolemy.util.test.junit.AutoTests" name="[186] /home/travis/build/icyphy/ptII/ptolemy/actor/lib/test/auto/LazyAOCTestNonLazy.xml (RunModel)" time="0.015" />
  <testcase classname="ptolemy.util.test.junit.AutoTests" name="[187] /home/travis/build/icyphy/ptII/ptolemy/actor/lib/test/auto/LazyInnerClass.xml (RunModel)" time="0.019" />
  <testcase classname="ptolemy.util.test.junit.AutoTests" name="[188] /home/travis/build/icyphy/ptII/ptolemy/actor/lib/test/auto/LazyPubSub.xml (RunModel)" time="0.036" />
  <testcase classname="ptolemy.util.test.junit.AutoTests" name="[189] /home/travis/build/icyphy/ptII/ptolemy/actor/lib/test/auto/LazyPubSub2.xml (RunModel)" time="0.065" />
  <testcase classname="ptolemy.util.test.junit.AutoTests" name="[190] /home/travis/build/icyphy/ptII/ptolemy/actor/lib/test/auto/LazyPubSub3.xml (RunModel)" time="0.06" />
  <testcase classname="ptolemy.util.test.junit.AutoTests" name="[191] /home/travis/build/icyphy/ptII/ptolemy/actor/lib/test/auto/LazySubClassModel.xml (RunModel)" time="0.021" />
  <testcase classname="ptolemy.util.test.junit.AutoTests" name="[192] /home/travis/build/icyphy/ptII/ptolemy/actor/lib/test/auto/LevelCrossTest1.xml (RunModel)" time="0.01" />
  <testcase classname="ptolemy.util.test.junit.AutoTests" name="[193] /home/travis/build/icyphy/ptII/ptolemy/actor/lib/test/auto/LevelCrossTest10.xml (RunModel)" time="0.013" />
  <testcase classname="ptolemy.util.test.junit.AutoTests" name="[194] /home/travis/build/icyphy/ptII/ptolemy/actor/lib/test/auto/LevelCrossTest11.xml (RunModel)" time="0.012" />
  <testcase classname="ptolemy.util.test.junit.AutoTests" name="[195] /home/travis/build/icyphy/ptII/ptolemy/actor/lib/test/auto/LevelCrossTest12.xml (RunModel)" time="0.013" />
  <testcase classname="ptolemy.util.test.junit.AutoTests" name="[196] /home/travis/build/icyphy/ptII/ptolemy/actor/lib/test/auto/LevelCrossTest13.xml (RunModel)" time="0.013" />
  <testcase classname="ptolemy.util.test.junit.AutoTests" name="[197] /home/travis/build/icyphy/ptII/ptolemy/actor/lib/test/auto/LevelCrossTest2.xml (RunModel)" time="0.01" />
  <testcase classname="ptolemy.util.test.junit.AutoTests" name="[198] /home/travis/build/icyphy/ptII/ptolemy/actor/lib/test/auto/LevelCrossTest3.xml (RunModel)" time="0.012" />
  <testcase classname="ptolemy.util.test.junit.AutoTests" name="[199] /home/travis/build/icyphy/ptII/ptolemy/actor/lib/test/auto/LevelCrossTest4.xml (RunModel)" time="0.01" />
  <testcase classname="ptolemy.util.test.junit.AutoTests" name="[200] /home/travis/build/icyphy/ptII/ptolemy/actor/lib/test/auto/LevelCrossTest5.xml (RunModel)" time="0.015" />
  <testcase classname="ptolemy.util.test.junit.AutoTests" name="[201] /home/travis/build/icyphy/ptII/ptolemy/actor/lib/test/auto/LevelCrossTest6.xml (RunModel)" time="0.014" />
  <testcase classname="ptolemy.util.test.junit.AutoTests" name="[202] /home/travis/build/icyphy/ptII/ptolemy/actor/lib/test/auto/LevelCrossTest7.xml (RunModel)" time="0.02" />
  <testcase classname="ptolemy.util.test.junit.AutoTests" name="[203] /home/travis/build/icyphy/ptII/ptolemy/actor/lib/test/auto/LevelCrossTest8.xml (RunModel)" time="0.013" />
  <testcase classname="ptolemy.util.test.junit.AutoTests" name="[204] /home/travis/build/icyphy/ptII/ptolemy/actor/lib/test/auto/LevelCrossTest9.xml (RunModel)" time="0.015" />
  <testcase classname="ptolemy.util.test.junit.AutoTests" name="[205] /home/travis/build/icyphy/ptII/ptolemy/actor/lib/test/auto/LevinsonDurbin.xml (RunModel)" time="0.019" />
  <testcase classname="ptolemy.util.test.junit.AutoTests" name="[206] /home/travis/build/icyphy/ptII/ptolemy/actor/lib/test/auto/LevinsonDurbin2.xml (RunModel)" time="0.023" />
  <testcase classname="ptolemy.util.test.junit.AutoTests" name="[207] /home/travis/build/icyphy/ptII/ptolemy/actor/lib/test/auto/LevinsonDurbin3.xml (RunModel)" time="0.018" />
  <testcase classname="ptolemy.util.test.junit.AutoTests" name="[208] /home/travis/build/icyphy/ptII/ptolemy/actor/lib/test/auto/Limiter.xml (RunModel)" time="0.052" />
  <testcase classname="ptolemy.util.test.junit.AutoTests" name="[209] /home/travis/build/icyphy/ptII/ptolemy/actor/lib/test/auto/LinearDifferenceEquationSystem.xml (RunModel)" time="0.023" />
  <testcase classname="ptolemy.util.test.junit.AutoTests" name="[210] /home/travis/build/icyphy/ptII/ptolemy/actor/lib/test/auto/LookupTable.xml (RunModel)" time="0.011" />
  <testcase classname="ptolemy.util.test.junit.AutoTests" name="[211] /home/travis/build/icyphy/ptII/ptolemy/actor/lib/test/auto/MathFunction.xml (RunModel)" time="0.021" />
  <testcase classname="ptolemy.util.test.junit.AutoTests" name="[212] /home/travis/build/icyphy/ptII/ptolemy/actor/lib/test/auto/MathFunction2.xml (RunModel)" time="0.011" />
  <testcase classname="ptolemy.util.test.junit.AutoTests" name="[213] /home/travis/build/icyphy/ptII/ptolemy/actor/lib/test/auto/MathFunction3.xml (RunModel)" time="0.017" />
  <testcase classname="ptolemy.util.test.junit.AutoTests" name="[214] /home/travis/build/icyphy/ptII/ptolemy/actor/lib/test/auto/MatrixCropBoolean.xml (RunModel)" time="0.014" />
  <testcase classname="ptolemy.util.test.junit.AutoTests" name="[215] /home/travis/build/icyphy/ptII/ptolemy/actor/lib/test/auto/MatrixCropComplex.xml (RunModel)" time="0.011" />
  <testcase classname="ptolemy.util.test.junit.AutoTests" name="[216] /home/travis/build/icyphy/ptII/ptolemy/actor/lib/test/auto/MatrixCropDouble.xml (RunModel)" time="0.011" />
  <testcase classname="ptolemy.util.test.junit.AutoTests" name="[217] /home/travis/build/icyphy/ptII/ptolemy/actor/lib/test/auto/MatrixCropFix.xml (RunModel)" time="0.011" />
  <testcase classname="ptolemy.util.test.junit.AutoTests" name="[218] /home/travis/build/icyphy/ptII/ptolemy/actor/lib/test/auto/MatrixCropInt.xml (RunModel)" time="0.009" />
  <testcase classname="ptolemy.util.test.junit.AutoTests" name="[219] /home/travis/build/icyphy/ptII/ptolemy/actor/lib/test/auto/MatrixCropLong.xml (RunModel)" time="0.01" />
  <testcase classname="ptolemy.util.test.junit.AutoTests" name="[220] /home/travis/build/icyphy/ptII/ptolemy/actor/lib/test/auto/MatrixToArray.xml (RunModel)" time="0.053" />
  <testcase classname="ptolemy.util.test.junit.AutoTests" name="[221] /home/travis/build/icyphy/ptII/ptolemy/actor/lib/test/auto/MaxIndex.xml (RunModel)" time="0.019" />
  <testcase classname="ptolemy.util.test.junit.AutoTests" name="[222] /home/travis/build/icyphy/ptII/ptolemy/actor/lib/test/auto/Maximum.xml (RunModel)" time="0.017" />
  <testcase classname="ptolemy.util.test.junit.AutoTests" name="[223] /home/travis/build/icyphy/ptII/ptolemy/actor/lib/test/auto/MaximumComplex.xml (RunModel)" time="0.015" />
  <testcase classname="ptolemy.util.test.junit.AutoTests" name="[224] /home/travis/build/icyphy/ptII/ptolemy/actor/lib/test/auto/MethodCallTest.xml (RunModel)" time="0.02" />
  <testcase classname="ptolemy.util.test.junit.AutoTests" name="[225] /home/travis/build/icyphy/ptII/ptolemy/actor/lib/test/auto/Minimum.xml (RunModel)" time="0.011" />
  <testcase classname="ptolemy.util.test.junit.AutoTests" name="[226] /home/travis/build/icyphy/ptII/ptolemy/actor/lib/test/auto/MinimumComplex.xml (RunModel)" time="0.022" />
  <testcase classname="ptolemy.util.test.junit.AutoTests" name="[227] /home/travis/build/icyphy/ptII/ptolemy/actor/lib/test/auto/MinimumMultiports.xml (RunModel)" time="0.022" />
  <testcase classname="ptolemy.util.test.junit.AutoTests" name="[228] /home/travis/build/icyphy/ptII/ptolemy/actor/lib/test/auto/ModifyDate.xml (RunModel)" time="0.039" />
  <testcase classname="ptolemy.util.test.junit.AutoTests" name="[229] /home/travis/build/icyphy/ptII/ptolemy/actor/lib/test/auto/ModifyDate2.xml (RunModel)" time="0.028" />
  <testcase classname="ptolemy.util.test.junit.AutoTests" name="[230] /home/travis/build/icyphy/ptII/ptolemy/actor/lib/test/auto/MovingAverage.xml (RunModel)" time="0.011" />
  <testcase classname="ptolemy.util.test.junit.AutoTests" name="[231] /home/travis/build/icyphy/ptII/ptolemy/actor/lib/test/auto/MovingMaximum.xml (RunModel)" time="0.012" />
  <testcase classname="ptolemy.util.test.junit.AutoTests" name="[232] /home/travis/build/icyphy/ptII/ptolemy/actor/lib/test/auto/MultipleLinksToSameRelation.xml (RunModel)" time="0.012" />
  <testcase classname="ptolemy.util.test.junit.AutoTests" name="[233] /home/travis/build/icyphy/ptII/ptolemy/actor/lib/test/auto/MultipleLinksToSameRelationDE.xml (RunModel)" time="0.008" />
  <testcase classname="ptolemy.util.test.junit.AutoTests" name="[234] /home/travis/build/icyphy/ptII/ptolemy/actor/lib/test/auto/Multiplexor.xml (RunModel)" time="0.01" />
  <testcase classname="ptolemy.util.test.junit.AutoTests" name="[235] /home/travis/build/icyphy/ptII/ptolemy/actor/lib/test/auto/Multiplexor1.xml (RunModel)" time="0.011" />
  <testcase classname="ptolemy.util.test.junit.AutoTests" name="[236] /home/travis/build/icyphy/ptII/ptolemy/actor/lib/test/auto/Multiplexor2.xml (RunModel)" time="0.013" />
  <testcase classname="ptolemy.util.test.junit.AutoTests" name="[237] /home/travis/build/icyphy/ptII/ptolemy/actor/lib/test/auto/Multiplexor3.xml (RunModel)" time="0.008" />
  <testcase classname="ptolemy.util.test.junit.AutoTests" name="[238] /home/travis/build/icyphy/ptII/ptolemy/actor/lib/test/auto/MultiplexorDE.xml (RunModel)" time="0.017" />
  <testcase classname="ptolemy.util.test.junit.AutoTests" name="[239] /home/travis/build/icyphy/ptII/ptolemy/actor/lib/test/auto/MultiportBroadcastTest.xml (RunModel)" time="0.092" />
  <testcase classname="ptolemy.util.test.junit.AutoTests" name="[240] /home/travis/build/icyphy/ptII/ptolemy/actor/lib/test/auto/MultiportOutHangDuringGetWidth.xml (RunModel)" time="0.031" />
  <testcase classname="ptolemy.util.test.junit.AutoTests" name="[241] /home/travis/build/icyphy/ptII/ptolemy/actor/lib/test/auto/NilToken.xml (RunModel)" time="0.012" />
  <testcase classname="ptolemy.util.test.junit.AutoTests" name="[242] /home/travis/build/icyphy/ptII/ptolemy/actor/lib/test/auto/NilTokenNonStrictTest.xml (RunModel)" time="0.012" />
  <testcase classname="ptolemy.util.test.junit.AutoTests" name="[243] /home/travis/build/icyphy/ptII/ptolemy/actor/lib/test/auto/NilTokenRecord.xml (RunModel)" time="0.031" />
  <testcase classname="ptolemy.util.test.junit.AutoTests" name="[244] /home/travis/build/icyphy/ptII/ptolemy/actor/lib/test/auto/NilTokenTypeTest.xml (RunModel)" time="0.031" />
  <testcase classname="ptolemy.util.test.junit.AutoTests" name="[245] /home/travis/build/icyphy/ptII/ptolemy/actor/lib/test/auto/ObjectToken1.xml (RunModel)" time="0.008" />
  <testcase classname="ptolemy.util.test.junit.AutoTests" name="[246] /home/travis/build/icyphy/ptII/ptolemy/actor/lib/test/auto/OrderedMerge.xml (RunModel)" time="0.029" />
  <testcase classname="ptolemy.util.test.junit.AutoTests" name="[247] /home/travis/build/icyphy/ptII/ptolemy/actor/lib/test/auto/OrderedRecordDisassembler.xml (RunModel)" time="0.022" />
  <testcase classname="ptolemy.util.test.junit.AutoTests" name="[248] /home/travis/build/icyphy/ptII/ptolemy/actor/lib/test/auto/OrderedRecordDisassembler2.xml (RunModel)" time="0.02" />
  <testcase classname="ptolemy.util.test.junit.AutoTests" name="[249] /home/travis/build/icyphy/ptII/ptolemy/actor/lib/test/auto/OrderedRecordUpdater.xml (RunModel)" time="0.011" />
  <testcase classname="ptolemy.util.test.junit.AutoTests" name="[250] /home/travis/build/icyphy/ptII/ptolemy/actor/lib/test/auto/OrderedRecordUpdater2.xml (RunModel)" time="0.019" />
  <testcase classname="ptolemy.util.test.junit.AutoTests" name="[251] /home/travis/build/icyphy/ptII/ptolemy/actor/lib/test/auto/PhaseUnwrap.xml (RunModel)" time="0.014" />
  <testcase classname="ptolemy.util.test.junit.AutoTests" name="[252] /home/travis/build/icyphy/ptII/ptolemy/actor/lib/test/auto/PoissonClock.xml (RunModel)" time="0.022" />
  <testcase classname="ptolemy.util.test.junit.AutoTests" name="[253] /home/travis/build/icyphy/ptII/ptolemy/actor/lib/test/auto/PoissonClock2.xml (RunModel)" time="0.008" />
  <testcase classname="ptolemy.util.test.junit.AutoTests" name="[254] /home/travis/build/icyphy/ptII/ptolemy/actor/lib/test/auto/PoissonClock3.xml (RunModel)" time="0.027" />
  <testcase classname="ptolemy.util.test.junit.AutoTests" name="[255] /home/travis/build/icyphy/ptII/ptolemy/actor/lib/test/auto/PubSubWithInitialTokens.xml (RunModel)" time="0.011" />
  <testcase classname="ptolemy.util.test.junit.AutoTests" name="[256] /home/travis/build/icyphy/ptII/ptolemy/actor/lib/test/auto/PubSubWithInitialTokens2.xml (RunModel)" time="0.013" />
  <testcase classname="ptolemy.util.test.junit.AutoTests" name="[257] /home/travis/build/icyphy/ptII/ptolemy/actor/lib/test/auto/PublisherClassNoParameter.xml (RunModel)" time="0.03" />
  <testcase classname="ptolemy.util.test.junit.AutoTests" name="[258] /home/travis/build/icyphy/ptII/ptolemy/actor/lib/test/auto/PublisherClassParameter.xml (RunModel)" time="0.021" />
  <testcase classname="ptolemy.util.test.junit.AutoTests" name="[259] /home/travis/build/icyphy/ptII/ptolemy/actor/lib/test/auto/PublisherNonStrictTest.xml (RunModel)" time="0.016" />
  <testcase classname="ptolemy.util.test.junit.AutoTests" name="[260] /home/travis/build/icyphy/ptII/ptolemy/actor/lib/test/auto/PublisherPort1.xml (RunModel)" time="0.011" />
  <testcase classname="ptolemy.util.test.junit.AutoTests" name="[261] /home/travis/build/icyphy/ptII/ptolemy/actor/lib/test/auto/PublisherPort2.xml (RunModel)" time="0.01" />
  <testcase classname="ptolemy.util.test.junit.AutoTests" name="[262] /home/travis/build/icyphy/ptII/ptolemy/actor/lib/test/auto/PublisherPort3.xml (RunModel)" time="0.012" />
  <testcase classname="ptolemy.util.test.junit.AutoTests" name="[263] /home/travis/build/icyphy/ptII/ptolemy/actor/lib/test/auto/PublisherPort4.xml (RunModel)" time="0.013" />
  <testcase classname="ptolemy.util.test.junit.AutoTests" name="[264] /home/travis/build/icyphy/ptII/ptolemy/actor/lib/test/auto/PublisherPort5.xml (RunModel)" time="0.024" />
  <testcase classname="ptolemy.util.test.junit.AutoTests" name="[265] /home/travis/build/icyphy/ptII/ptolemy/actor/lib/test/auto/PublisherPort5LookAlike.xml (RunModel)" time="0.022" />
  <testcase classname="ptolemy.util.test.junit.AutoTests" name="[266] /home/travis/build/icyphy/ptII/ptolemy/actor/lib/test/auto/PublisherPort6.xml (RunModel)" time="0.015" />
  <testcase classname="ptolemy.util.test.junit.AutoTests" name="[267] /home/travis/build/icyphy/ptII/ptolemy/actor/lib/test/auto/PublisherPort7.xml (RunModel)" time="0.015" />
  <testcase classname="ptolemy.util.test.junit.AutoTests" name="[268] /home/travis/build/icyphy/ptII/ptolemy/actor/lib/test/auto/PublisherPort8.xml (RunModel)" time="0.025" />
  <testcase classname="ptolemy.util.test.junit.AutoTests" name="[269] /home/travis/build/icyphy/ptII/ptolemy/actor/lib/test/auto/PublisherPortSubscriberChannelVariablesAOC2.xml (RunModel)" time="0.032" />
  <testcase classname="ptolemy.util.test.junit.AutoTests" name="[270] /home/travis/build/icyphy/ptII/ptolemy/actor/lib/test/auto/PublisherPortSubscriberOpaqueWidthInference.xml (RunModel)" time="0.016" />
  <testcase classname="ptolemy.util.test.junit.AutoTests" name="[271] /home/travis/build/icyphy/ptII/ptolemy/actor/lib/test/auto/PublisherPortSubscriberPortAdjacent.xml (RunModel)" time="0.016" />
  <testcase classname="ptolemy.util.test.junit.AutoTests" name="[272] /home/travis/build/icyphy/ptII/ptolemy/actor/lib/test/auto/PublisherPortSubscriberPortExpression.xml (RunModel)" time="0.016" />
  <testcase classname="ptolemy.util.test.junit.AutoTests" name="[273] /home/travis/build/icyphy/ptII/ptolemy/actor/lib/test/auto/PublisherPortSubscriberPortOpaqueD3Reverse.xml (RunModel)" time="0.033" />
  <testcase classname="ptolemy.util.test.junit.AutoTests" name="[274] /home/travis/build/icyphy/ptII/ptolemy/actor/lib/test/auto/PublisherPortSubscriberPortOpaqueWidthInference.xml (RunModel)" time="0.014" />
  <testcase classname="ptolemy.util.test.junit.AutoTests" name="[275] /home/travis/build/icyphy/ptII/ptolemy/actor/lib/test/auto/PublisherPortToplevelSubscriberPortAOC.xml (RunModel)" time="0.011" />
  <testcase classname="ptolemy.util.test.junit.AutoTests" name="[276] /home/travis/build/icyphy/ptII/ptolemy/actor/lib/test/auto/PublisherSubscriber.xml (RunModel)" time="0.012" />
  <testcase classname="ptolemy.util.test.junit.AutoTests" name="[277] /home/travis/build/icyphy/ptII/ptolemy/actor/lib/test/auto/PublisherSubscriber10.xml (RunModel)" time="0.02" />
  <testcase classname="ptolemy.util.test.junit.AutoTests" name="[278] /home/travis/build/icyphy/ptII/ptolemy/actor/lib/test/auto/PublisherSubscriber10InitialOutputs.xml (RunModel)" time="0.032" />
  <testcase classname="ptolemy.util.test.junit.AutoTests" name="[279] /home/travis/build/icyphy/ptII/ptolemy/actor/lib/test/auto/PublisherSubscriber11.xml (RunModel)" time="0.015" />
  <testcase classname="ptolemy.util.test.junit.AutoTests" name="[280] /home/travis/build/icyphy/ptII/ptolemy/actor/lib/test/auto/PublisherSubscriber12.xml (RunModel)" time="0.024" />
  <testcase classname="ptolemy.util.test.junit.AutoTests" name="[281] /home/travis/build/icyphy/ptII/ptolemy/actor/lib/test/auto/PublisherSubscriber13.xml (RunModel)" time="0.011" />
  <testcase classname="ptolemy.util.test.junit.AutoTests" name="[282] /home/travis/build/icyphy/ptII/ptolemy/actor/lib/test/auto/PublisherSubscriber14.xml (RunModel)" time="0.021" />
  <testcase classname="ptolemy.util.test.junit.AutoTests" name="[283] /home/travis/build/icyphy/ptII/ptolemy/actor/lib/test/auto/PublisherSubscriber2.xml (RunModel)" time="0.011" />
  <testcase classname="ptolemy.util.test.junit.AutoTests" name="[284] /home/travis/build/icyphy/ptII/ptolemy/actor/lib/test/auto/PublisherSubscriber3.xml (RunModel)" time="0.011" />
  <testcase classname="ptolemy.util.test.junit.AutoTests" name="[285] /home/travis/build/icyphy/ptII/ptolemy/actor/lib/test/auto/PublisherSubscriber4.xml (RunModel)" time="0.01" />
  <testcase classname="ptolemy.util.test.junit.AutoTests" name="[286] /home/travis/build/icyphy/ptII/ptolemy/actor/lib/test/auto/PublisherSubscriber5.xml (RunModel)" time="0.013" />
  <testcase classname="ptolemy.util.test.junit.AutoTests" name="[287] /home/travis/build/icyphy/ptII/ptolemy/actor/lib/test/auto/PublisherSubscriber6.xml (RunModel)" time="0.018" />
  <testcase classname="ptolemy.util.test.junit.AutoTests" name="[288] /home/travis/build/icyphy/ptII/ptolemy/actor/lib/test/auto/PublisherSubscriber7.xml (RunModel)" time="0.019" />
  <testcase classname="ptolemy.util.test.junit.AutoTests" name="[289] /home/travis/build/icyphy/ptII/ptolemy/actor/lib/test/auto/PublisherSubscriber8.xml (RunModel)" time="0.025" />
  <testcase classname="ptolemy.util.test.junit.AutoTests" name="[290] /home/travis/build/icyphy/ptII/ptolemy/actor/lib/test/auto/PublisherSubscriber9.xml (RunModel)" time="0.018" />
  <testcase classname="ptolemy.util.test.junit.AutoTests" name="[291] /home/travis/build/icyphy/ptII/ptolemy/actor/lib/test/auto/PublisherSubscriberAdjacent.xml (RunModel)" time="0.028" />
  <testcase classname="ptolemy.util.test.junit.AutoTests" name="[292] /home/travis/build/icyphy/ptII/ptolemy/actor/lib/test/auto/PublisherSubscriberChannelVariablesAOC2.xml (RunModel)" time="0.04" />
  <testcase classname="ptolemy.util.test.junit.AutoTests" name="[293] /home/travis/build/icyphy/ptII/ptolemy/actor/lib/test/auto/PublisherSubscriberD3.xml (RunModel)" time="0.014" />
  <testcase classname="ptolemy.util.test.junit.AutoTests" name="[294] /home/travis/build/icyphy/ptII/ptolemy/actor/lib/test/auto/PublisherSubscriberD3Reverse.xml (RunModel)" time="0.012" />
  <testcase classname="ptolemy.util.test.junit.AutoTests" name="[295] /home/travis/build/icyphy/ptII/ptolemy/actor/lib/test/auto/PublisherSubscriberExpression.xml (RunModel)" time="0.018" />
  <testcase classname="ptolemy.util.test.junit.AutoTests" name="[296] /home/travis/build/icyphy/ptII/ptolemy/actor/lib/test/auto/PublisherSubscriberOpaque.xml (RunModel)" time="0.015" />
  <testcase classname="ptolemy.util.test.junit.AutoTests" name="[297] /home/travis/build/icyphy/ptII/ptolemy/actor/lib/test/auto/PublisherSubscriberOpaqueD3.xml (RunModel)" time="0.021" />
  <testcase classname="ptolemy.util.test.junit.AutoTests" name="[298] /home/travis/build/icyphy/ptII/ptolemy/actor/lib/test/auto/PublisherSubscriberOpaqueD3Reverse.xml (RunModel)" time="0.021" />
  <testcase classname="ptolemy.util.test.junit.AutoTests" name="[299] /home/travis/build/icyphy/ptII/ptolemy/actor/lib/test/auto/PublisherSubscriberOpaqueWidthInference.xml (RunModel)" time="0.016" />
  <testcase classname="ptolemy.util.test.junit.AutoTests" name="[300] /home/travis/build/icyphy/ptII/ptolemy/actor/lib/test/auto/PublisherTestSubscriber.xml (RunModel)" time="0.014" />
  <testcase classname="ptolemy.util.test.junit.AutoTests" name="[301] /home/travis/build/icyphy/ptII/ptolemy/actor/lib/test/auto/PublisherToplevelSubscriberPortAOC.xml (RunModel)" time="0.01" />
  <testcase classname="ptolemy.util.test.junit.AutoTests" name="[302] /home/travis/build/icyphy/ptII/ptolemy/actor/lib/test/auto/PulseFiringLimitDE.xml (RunModel)" time="0.015" />
  <testcase classname="ptolemy.util.test.junit.AutoTests" name="[303] /home/travis/build/icyphy/ptII/ptolemy/actor/lib/test/auto/Ramp1.xml (RunModel)" time="0.007" />
  <testcase classname="ptolemy.util.test.junit.AutoTests" name="[304] /home/travis/build/icyphy/ptII/ptolemy/actor/lib/test/auto/RampFiringLimitDE.xml (RunModel)" time="0.011" />
  <testcase classname="ptolemy.util.test.junit.AutoTests" name="[305] /home/travis/build/icyphy/ptII/ptolemy/actor/lib/test/auto/RampFiringLimitSDF.xml (RunModel)" time="0.009" />
  <testcase classname="ptolemy.util.test.junit.AutoTests" name="[306] /home/travis/build/icyphy/ptII/ptolemy/actor/lib/test/auto/RandomInteger.xml (RunModel)" time="0.008" />
  <testcase classname="ptolemy.util.test.junit.AutoTests" name="[307] /home/travis/build/icyphy/ptII/ptolemy/actor/lib/test/auto/ReadFile1.xml (RunModel)" time="0.007" />
  <testcase classname="ptolemy.util.test.junit.AutoTests" name="[308] /home/travis/build/icyphy/ptII/ptolemy/actor/lib/test/auto/ReadFile2.xml (RunModel)" time="0.006" />
  <testcase classname="ptolemy.util.test.junit.AutoTests" name="[309] /home/travis/build/icyphy/ptII/ptolemy/actor/lib/test/auto/Reader.xml (RunModel)" time="0.012" />
  <testcase classname="ptolemy.util.test.junit.AutoTests" name="[310] /home/travis/build/icyphy/ptII/ptolemy/actor/lib/test/auto/RecordAssemblerDisplayNameTest.xml (RunModel)" time="3.551" />
  <testcase classname="ptolemy.util.test.junit.AutoTests" name="[311] /home/travis/build/icyphy/ptII/ptolemy/actor/lib/test/auto/RecordAssemblerTypeError.xml (RunModel)" time="0.027" />
  <testcase classname="ptolemy.util.test.junit.AutoTests" name="[312] /home/travis/build/icyphy/ptII/ptolemy/actor/lib/test/auto/RecordDisassember.xml (RunModel)" time="0.01" />
  <testcase classname="ptolemy.util.test.junit.AutoTests" name="[313] /home/travis/build/icyphy/ptII/ptolemy/actor/lib/test/auto/RecordDisassemberDisplayNameTest.xml (RunModel)" time="0.017" />
  <testcase classname="ptolemy.util.test.junit.AutoTests" name="[314] /home/travis/build/icyphy/ptII/ptolemy/actor/lib/test/auto/RecordDisassembler.xml (RunModel)" time="0.013" />
  <testcase classname="ptolemy.util.test.junit.AutoTests" name="[315] /home/travis/build/icyphy/ptII/ptolemy/actor/lib/test/auto/RecordDisassembler2.xml (RunModel)" time="0.01" />
  <testcase classname="ptolemy.util.test.junit.AutoTests" name="[316] /home/travis/build/icyphy/ptII/ptolemy/actor/lib/test/auto/RecordUpdater.xml (RunModel)" time="0.011" />
  <testcase classname="ptolemy.util.test.junit.AutoTests" name="[317] /home/travis/build/icyphy/ptII/ptolemy/actor/lib/test/auto/RecordUpdater2.xml (RunModel)" time="0.008" />
  <testcase classname="ptolemy.util.test.junit.AutoTests" name="[318] /home/travis/build/icyphy/ptII/ptolemy/actor/lib/test/auto/RecursiveLattice.xml (RunModel)" time="0.008" />
  <testcase classname="ptolemy.util.test.junit.AutoTests" name="[319] /home/travis/build/icyphy/ptII/ptolemy/actor/lib/test/auto/Router.xml (RunModel)" time="3.029" />
  <testcase classname="ptolemy.util.test.junit.AutoTests" name="[320] /home/travis/build/icyphy/ptII/ptolemy/actor/lib/test/auto/Router2.xml (RunModel)" time="3.026" />
  <testcase classname="ptolemy.util.test.junit.AutoTests" name="[321] /home/travis/build/icyphy/ptII/ptolemy/actor/lib/test/auto/RunningMaximum.xml (RunModel)" time="0.016" />
  <testcase classname="ptolemy.util.test.junit.AutoTests" name="[322] /home/travis/build/icyphy/ptII/ptolemy/actor/lib/test/auto/RunningMinimum.xml (RunModel)" time="0.021" />
  <testcase classname="ptolemy.util.test.junit.AutoTests" name="[323] /home/travis/build/icyphy/ptII/ptolemy/actor/lib/test/auto/Scale.xml (RunModel)" time="0.007" />
  <testcase classname="ptolemy.util.test.junit.AutoTests" name="[324] /home/travis/build/icyphy/ptII/ptolemy/actor/lib/test/auto/Scale2.xml (RunModel)" time="0.009" />
  <testcase classname="ptolemy.util.test.junit.AutoTests" name="[325] /home/travis/build/icyphy/ptII/ptolemy/actor/lib/test/auto/Scale3.xml (RunModel)" time="0.015" />
  <testcase classname="ptolemy.util.test.junit.AutoTests" name="[326] /home/travis/build/icyphy/ptII/ptolemy/actor/lib/test/auto/ScaleArray.xml (RunModel)" time="0.007" />
  <testcase classname="ptolemy.util.test.junit.AutoTests" name="[327] /home/travis/build/icyphy/ptII/ptolemy/actor/lib/test/auto/ScaleArray2.xml (RunModel)" time="0.008" />
  <testcase classname="ptolemy.util.test.junit.AutoTests" name="[328] /home/travis/build/icyphy/ptII/ptolemy/actor/lib/test/auto/ScaleMatrix.xml (RunModel)" time="0.13" />
  <testcase classname="ptolemy.util.test.junit.AutoTests" name="[329] /home/travis/build/icyphy/ptII/ptolemy/actor/lib/test/auto/Select.xml (RunModel)" time="0.028" />
  <testcase classname="ptolemy.util.test.junit.AutoTests" name="[330] /home/travis/build/icyphy/ptII/ptolemy/actor/lib/test/auto/Select2.xml (RunModel)" time="0.008" />
  <testcase classname="ptolemy.util.test.junit.AutoTests" name="[331] /home/travis/build/icyphy/ptII/ptolemy/actor/lib/test/auto/SequenceToArray2.xml (RunModel)" time="0.125" />
  <testcase classname="ptolemy.util.test.junit.AutoTests" name="[332] /home/travis/build/icyphy/ptII/ptolemy/actor/lib/test/auto/SequentialClock.xml (RunModel)" time="0.014" />
  <testcase classname="ptolemy.util.test.junit.AutoTests" name="[333] /home/travis/build/icyphy/ptII/ptolemy/actor/lib/test/auto/SetVariable.xml (RunModel)" time="0.014" />
  <testcase classname="ptolemy.util.test.junit.AutoTests" name="[334] /home/travis/build/icyphy/ptII/ptolemy/actor/lib/test/auto/SetVariable2.xml (RunModel)" time="0.014" />
  <testcase classname="ptolemy.util.test.junit.AutoTests" name="[335] /home/travis/build/icyphy/ptII/ptolemy/actor/lib/test/auto/SetVariable3.xml (RunModel)" time="0.015" />
  <testcase classname="ptolemy.util.test.junit.AutoTests" name="[336] /home/travis/build/icyphy/ptII/ptolemy/actor/lib/test/auto/SetVariable4.xml (RunModel)" time="0.027" />
  <testcase classname="ptolemy.util.test.junit.AutoTests" name="[337] /home/travis/build/icyphy/ptII/ptolemy/actor/lib/test/auto/SetVariable5.xml (RunModel)" time="0.038" />
  <testcase classname="ptolemy.util.test.junit.AutoTests" name="[338] /home/travis/build/icyphy/ptII/ptolemy/actor/lib/test/auto/Sinewave.xml (RunModel)" time="0.024" />
  <testcase classname="ptolemy.util.test.junit.AutoTests" name="[339] /home/travis/build/icyphy/ptII/ptolemy/actor/lib/test/auto/Sinewave2.xml (RunModel)" time="0.016" />
  <testcase classname="ptolemy.util.test.junit.AutoTests" name="[340] /home/travis/build/icyphy/ptII/ptolemy/actor/lib/test/auto/Sinewave3.xml (RunModel)" time="0.017" />
  <testcase classname="ptolemy.util.test.junit.AutoTests" name="[341] /home/travis/build/icyphy/ptII/ptolemy/actor/lib/test/auto/SingleEvent.xml (RunModel)" time="0.007" />
  <testcase classname="ptolemy.util.test.junit.AutoTests" name="[342] /home/travis/build/icyphy/ptII/ptolemy/actor/lib/test/auto/Sleep.xml (RunModel)" time="6.02" />
  <testcase classname="ptolemy.util.test.junit.AutoTests" name="[343] /home/travis/build/icyphy/ptII/ptolemy/actor/lib/test/auto/SleepMultipleFire.xml (RunModel)" time="1.021" />
  <testcase classname="ptolemy.util.test.junit.AutoTests" name="[344] /home/travis/build/icyphy/ptII/ptolemy/actor/lib/test/auto/StopDE.xml (RunModel)" time="0.013" />
  <testcase classname="ptolemy.util.test.junit.AutoTests" name="[345] /home/travis/build/icyphy/ptII/ptolemy/actor/lib/test/auto/StopSDF.xml (RunModel)" time="0.013" />
  <testcase classname="ptolemy.util.test.junit.AutoTests" name="[346] /home/travis/build/icyphy/ptII/ptolemy/actor/lib/test/auto/StringConstant.xml (RunModel)" time="0.016" />
  <testcase classname="ptolemy.util.test.junit.AutoTests" name="[347] /home/travis/build/icyphy/ptII/ptolemy/actor/lib/test/auto/SubscriberPortInitialValues1.xml (RunModel)" time="0.027" />
  <testcase classname="ptolemy.util.test.junit.AutoTests" name="[348] /home/travis/build/icyphy/ptII/ptolemy/actor/lib/test/auto/SubscriberPortInitialValues13.xml (RunModel)" time="0.029" />
  <testcase classname="ptolemy.util.test.junit.AutoTests" name="[349] /home/travis/build/icyphy/ptII/ptolemy/actor/lib/test/auto/SubscriberPortInitialValues14.xml (RunModel)" time="0.014" />
  <testcase classname="ptolemy.util.test.junit.AutoTests" name="[350] /home/travis/build/icyphy/ptII/ptolemy/actor/lib/test/auto/SubscriberPortInitialValues2.xml (RunModel)" time="0.015" />
  <testcase classname="ptolemy.util.test.junit.AutoTests" name="[351] /home/travis/build/icyphy/ptII/ptolemy/actor/lib/test/auto/SubscriberPortInitialValues3.xml (RunModel)" time="0.019" />
  <testcase classname="ptolemy.util.test.junit.AutoTests" name="[352] /home/travis/build/icyphy/ptII/ptolemy/actor/lib/test/auto/SubscriptionAggregator.xml (RunModel)" time="0.014" />
  <testcase classname="ptolemy.util.test.junit.AutoTests" name="[353] /home/travis/build/icyphy/ptII/ptolemy/actor/lib/test/auto/SubscriptionAggregator2.xml (RunModel)" time="0.012" />
  <testcase classname="ptolemy.util.test.junit.AutoTests" name="[354] /home/travis/build/icyphy/ptII/ptolemy/actor/lib/test/auto/SubscriptionAggregator3.xml (RunModel)" time="0.016" />
  <testcase classname="ptolemy.util.test.junit.AutoTests" name="[355] /home/travis/build/icyphy/ptII/ptolemy/actor/lib/test/auto/SubscriptionAggregatorMultiply.xml (RunModel)" time="0.014" />
  <testcase classname="ptolemy.util.test.junit.AutoTests" name="[356] /home/travis/build/icyphy/ptII/ptolemy/actor/lib/test/auto/SubscriptionAggregatorPortMultiply1.xml (RunModel)" time="0.016" />
  <testcase classname="ptolemy.util.test.junit.AutoTests" name="[357] /home/travis/build/icyphy/ptII/ptolemy/actor/lib/test/auto/Switch.xml (RunModel)" time="0.017" />
  <testcase classname="ptolemy.util.test.junit.AutoTests" name="[358] /home/travis/build/icyphy/ptII/ptolemy/actor/lib/test/auto/Switch2.xml (RunModel)" time="0.01" />
  <testcase classname="ptolemy.util.test.junit.AutoTests" name="[359] /home/travis/build/icyphy/ptII/ptolemy/actor/lib/test/auto/SwitchDE.xml (RunModel)" time="0.013" />
  <testcase classname="ptolemy.util.test.junit.AutoTests" name="[360] /home/travis/build/icyphy/ptII/ptolemy/actor/lib/test/auto/SynchronizerDE.xml (RunModel)" time="0.021" />
  <testcase classname="ptolemy.util.test.junit.AutoTests" name="[361] /home/travis/build/icyphy/ptII/ptolemy/actor/lib/test/auto/Test.xml (RunModel)" time="0.018" />
  <testcase classname="ptolemy.util.test.junit.AutoTests" name="[362] /home/travis/build/icyphy/ptII/ptolemy/actor/lib/test/auto/TestExceptionAttribute1.xml (RunModel)" time="0.008" />
  <testcase classname="ptolemy.util.test.junit.AutoTests" name="[363] /home/travis/build/icyphy/ptII/ptolemy/actor/lib/test/auto/TestExceptionAttribute2.xml (RunModel)" time="0.008" />
  <testcase classname="ptolemy.util.test.junit.AutoTests" name="[364] /home/travis/build/icyphy/ptII/ptolemy/actor/lib/test/auto/TestExceptionAttribute3.xml (RunModel)" time="0.005" />
  <testcase classname="ptolemy.util.test.junit.AutoTests" name="[365] /home/travis/build/icyphy/ptII/ptolemy/actor/lib/test/auto/TestExceptionAttribute4.xml (RunModel)" time="0.007" />
  <testcase classname="ptolemy.util.test.junit.AutoTests" name="[366] /home/travis/build/icyphy/ptII/ptolemy/actor/lib/test/auto/TestExceptionHandler1.xml (RunModel)" time="0.008" />
  <testcase classname="ptolemy.util.test.junit.AutoTests" name="[367] /home/travis/build/icyphy/ptII/ptolemy/actor/lib/test/auto/TestExceptionHandler2.xml (RunModel)" time="0.019" />
  <testcase classname="ptolemy.util.test.junit.AutoTests" name="[368] /home/travis/build/icyphy/ptII/ptolemy/actor/lib/test/auto/TestExceptionHandler3.xml (RunModel)" time="0.006" />
  <testcase classname="ptolemy.util.test.junit.AutoTests" name="[369] /home/travis/build/icyphy/ptII/ptolemy/actor/lib/test/auto/TestExceptionHandler4.xml (RunModel)" time="0.006" />
  <testcase classname="ptolemy.util.test.junit.AutoTests" name="[370] /home/travis/build/icyphy/ptII/ptolemy/actor/lib/test/auto/TestRequireCorrectOrder.xml (RunModel)" time="0.009" />
  <testcase classname="ptolemy.util.test.junit.AutoTests" name="[371] /home/travis/build/icyphy/ptII/ptolemy/actor/lib/test/auto/TestSimple.xml (RunModel)" time="0.02" />
  <testcase classname="ptolemy.util.test.junit.AutoTests" name="[372] /home/travis/build/icyphy/ptII/ptolemy/actor/lib/test/auto/ThrowModelError.xml (RunModel)" time="0.01" />
  <testcase classname="ptolemy.util.test.junit.AutoTests" name="[373] /home/travis/build/icyphy/ptII/ptolemy/actor/lib/test/auto/TimeDelayMicrosteps.xml (RunModel)" time="0.013" />
  <testcase classname="ptolemy.util.test.junit.AutoTests" name="[374] /home/travis/build/icyphy/ptII/ptolemy/actor/lib/test/auto/TimeDelayMicrosteps2.xml (RunModel)" time="0.014" />
  <testcase classname="ptolemy.util.test.junit.AutoTests" name="[375] /home/travis/build/icyphy/ptII/ptolemy/actor/lib/test/auto/TimeDelayMicrosteps3.xml (RunModel)" time="0.011" />
  <testcase classname="ptolemy.util.test.junit.AutoTests" name="[376] /home/travis/build/icyphy/ptII/ptolemy/actor/lib/test/auto/TimeDelayVariableMicrosteps.xml (RunModel)" time="0.013" />
  <testcase classname="ptolemy.util.test.junit.AutoTests" name="[377] /home/travis/build/icyphy/ptII/ptolemy/actor/lib/test/auto/TimeGap.xml (RunModel)" time="0.014" />
  <testcase classname="ptolemy.util.test.junit.AutoTests" name="[378] /home/travis/build/icyphy/ptII/ptolemy/actor/lib/test/auto/TimeGap2.xml (RunModel)" time="0.01" />
  <testcase classname="ptolemy.util.test.junit.AutoTests" name="[379] /home/travis/build/icyphy/ptII/ptolemy/actor/lib/test/auto/TimedSinewave.xml (RunModel)" time="0.053" />
  <testcase classname="ptolemy.util.test.junit.AutoTests" name="[380] /home/travis/build/icyphy/ptII/ptolemy/actor/lib/test/auto/TimedSinewavePhase.xml (RunModel)" time="0.037" />
  <testcase classname="ptolemy.util.test.junit.AutoTests" name="[381] /home/travis/build/icyphy/ptII/ptolemy/actor/lib/test/auto/Timer.xml (RunModel)" time="0.012" />
  <testcase classname="ptolemy.util.test.junit.AutoTests" name="[382] /home/travis/build/icyphy/ptII/ptolemy/actor/lib/test/auto/TriangularDistTestModel.xml (RunModel)" time="0.017" />
  <testcase classname="ptolemy.util.test.junit.AutoTests" name="[383] /home/travis/build/icyphy/ptII/ptolemy/actor/lib/test/auto/TrigFunction.xml (RunModel)" time="0.01" />
  <testcase classname="ptolemy.util.test.junit.AutoTests" name="[384] /home/travis/build/icyphy/ptII/ptolemy/actor/lib/test/auto/TrigFunctionDE.xml (RunModel)" time="0.01" />
  <testcase classname="ptolemy.util.test.junit.AutoTests" name="[385] /home/travis/build/icyphy/ptII/ptolemy/actor/lib/test/auto/TrigFunctionInverse.xml (RunModel)" time="0.009" />
  <testcase classname="ptolemy.util.test.junit.AutoTests" name="[386] /home/travis/build/icyphy/ptII/ptolemy/actor/lib/test/auto/TrigFunctionTan.xml (RunModel)" time="0.007" />
  <testcase classname="ptolemy.util.test.junit.AutoTests" name="[387] /home/travis/build/icyphy/ptII/ptolemy/actor/lib/test/auto/TriggeredClock.xml (RunModel)" time="0.009" />
  <testcase classname="ptolemy.util.test.junit.AutoTests" name="[388] /home/travis/build/icyphy/ptII/ptolemy/actor/lib/test/auto/URLDirectoryReader.xml (RunModel)" time="0.134" />
  <testcase classname="ptolemy.util.test.junit.AutoTests" name="[389] /home/travis/build/icyphy/ptII/ptolemy/actor/lib/test/auto/URLDirectoryReader3.xml (RunModel)" time="1.238" />
  <testcase classname="ptolemy.util.test.junit.AutoTests" name="[390] /home/travis/build/icyphy/ptII/ptolemy/actor/lib/test/auto/UnaryMathFunction.xml (RunModel)" time="0.027" />
  <testcase classname="ptolemy.util.test.junit.AutoTests" name="[391] /home/travis/build/icyphy/ptII/ptolemy/actor/lib/test/auto/Uniform.xml (RunModel)" time="0.016" />
  <testcase classname="ptolemy.util.test.junit.AutoTests" name="[392] /home/travis/build/icyphy/ptII/ptolemy/actor/lib/test/auto/UnionDisassemblerTest.xml (RunModel)" time="0.016" />
  <testcase classname="ptolemy.util.test.junit.AutoTests" name="[393] /home/travis/build/icyphy/ptII/ptolemy/actor/lib/test/auto/UtilityFunctions.xml (RunModel)" time="0.007" />
  <testcase classname="ptolemy.util.test.junit.AutoTests" name="[394] /home/travis/build/icyphy/ptII/ptolemy/actor/lib/test/auto/VariableSleep.xml (RunModel)" time="0.512" />
  <testcase classname="ptolemy.util.test.junit.AutoTests" name="[395] /home/travis/build/icyphy/ptII/ptolemy/actor/lib/test/auto/VectorAssemblerDisassemblerCT.xml (RunModel)" time="0.119" />
  <testcase classname="ptolemy.util.test.junit.AutoTests" name="[396] /home/travis/build/icyphy/ptII/ptolemy/actor/lib/test/auto/VectorAssemblerDisassemblerDE.xml (RunModel)" time="0.021" />
  <testcase classname="ptolemy.util.test.junit.AutoTests" name="[397] /home/travis/build/icyphy/ptII/ptolemy/actor/lib/test/auto/VectorAssemblerDisassemblerSDF.xml (RunModel)" time="0.022" />
  <testcase classname="ptolemy.util.test.junit.AutoTests" name="[398] /home/travis/build/icyphy/ptII/ptolemy/actor/lib/test/auto/WallClockTime.xml (RunModel)" time="1.012" />
  <testcase classname="ptolemy.util.test.junit.AutoTests" name="[399] /home/travis/build/icyphy/ptII/ptolemy/actor/lib/test/auto/WidthTestWithSubscriberPublisher.xml (RunModel)" time="0.04" />
  <testcase classname="ptolemy.util.test.junit.AutoTests" name="[400] /home/travis/build/icyphy/ptII/ptolemy/actor/lib/test/auto/WidthTestWithSubscriberPublisher2.xml (RunModel)" time="0.013" />
  <testcase classname="ptolemy.util.test.junit.AutoTests" name="[401] /home/travis/build/icyphy/ptII/ptolemy/actor/lib/test/auto/WidthTestWithSubscriberPublisher3.xml (RunModel)" time="0.015" />
  <testcase classname="ptolemy.util.test.junit.AutoTests" name="[402] /home/travis/build/icyphy/ptII/ptolemy/actor/lib/test/auto/Writer.xml (RunModel)" time="0.008" />
  <testcase classname="ptolemy.util.test.junit.AutoTests" name="[403] /home/travis/build/icyphy/ptII/ptolemy/actor/lib/test/auto/array.xml (RunModel)" time="0.027" />
  <testcase classname="ptolemy.util.test.junit.AutoTests" name="[404] /home/travis/build/icyphy/ptII/ptolemy/actor/lib/test/auto/array2.xml (RunModel)" time="0.012" />
  <testcase classname="ptolemy.util.test.junit.AutoTests" name="[405] /home/travis/build/icyphy/ptII/ptolemy/actor/lib/test/auto/arrayType.xml (RunModel)" time="0.011" />
  <testcase classname="ptolemy.util.test.junit.AutoTests" name="[406] /home/travis/build/icyphy/ptII/ptolemy/actor/lib/test/auto/arrayType10.xml (RunModel)" time="0.008" />
  <testcase classname="ptolemy.util.test.junit.AutoTests" name="[407] /home/travis/build/icyphy/ptII/ptolemy/actor/lib/test/auto/arrayType11.xml (RunModel)" time="0.008" />
  <testcase classname="ptolemy.util.test.junit.AutoTests" name="[408] /home/travis/build/icyphy/ptII/ptolemy/actor/lib/test/auto/arrayType12.xml (RunModel)" time="0.008" />
  <testcase classname="ptolemy.util.test.junit.AutoTests" name="[409] /home/travis/build/icyphy/ptII/ptolemy/actor/lib/test/auto/arrayType13.xml (RunModel)" time="0.009" />
  <testcase classname="ptolemy.util.test.junit.AutoTests" name="[410] /home/travis/build/icyphy/ptII/ptolemy/actor/lib/test/auto/arrayType14.xml (RunModel)" time="0.009" />
  <testcase classname="ptolemy.util.test.junit.AutoTests" name="[411] /home/travis/build/icyphy/ptII/ptolemy/actor/lib/test/auto/arrayType15.xml (RunModel)" time="0.01" />
  <testcase classname="ptolemy.util.test.junit.AutoTests" name="[412] /home/travis/build/icyphy/ptII/ptolemy/actor/lib/test/auto/arrayType16.xml (RunModel)" time="0.011" />
  <testcase classname="ptolemy.util.test.junit.AutoTests" name="[413] /home/travis/build/icyphy/ptII/ptolemy/actor/lib/test/auto/arrayType17.xml (RunModel)" time="0.008" />
  <testcase classname="ptolemy.util.test.junit.AutoTests" name="[414] /home/travis/build/icyphy/ptII/ptolemy/actor/lib/test/auto/arrayType18.xml (RunModel)" time="0.008" />
  <testcase classname="ptolemy.util.test.junit.AutoTests" name="[415] /home/travis/build/icyphy/ptII/ptolemy/actor/lib/test/auto/arrayType19.xml (RunModel)" time="0.008" />
  <testcase classname="ptolemy.util.test.junit.AutoTests" name="[416] /home/travis/build/icyphy/ptII/ptolemy/actor/lib/test/auto/arrayType2.xml (RunModel)" time="0.008" />
  <testcase classname="ptolemy.util.test.junit.AutoTests" name="[417] /home/travis/build/icyphy/ptII/ptolemy/actor/lib/test/auto/arrayType20.xml (RunModel)" time="0.009" />
  <testcase classname="ptolemy.util.test.junit.AutoTests" name="[418] /home/travis/build/icyphy/ptII/ptolemy/actor/lib/test/auto/arrayType21.xml (RunModel)" time="0.01" />
  <testcase classname="ptolemy.util.test.junit.AutoTests" name="[419] /home/travis/build/icyphy/ptII/ptolemy/actor/lib/test/auto/arrayType22.xml (RunModel)" time="0.007" />
  <testcase classname="ptolemy.util.test.junit.AutoTests" name="[420] /home/travis/build/icyphy/ptII/ptolemy/actor/lib/test/auto/arrayType23.xml (RunModel)" time="0.008" />
  <testcase classname="ptolemy.util.test.junit.AutoTests" name="[421] /home/travis/build/icyphy/ptII/ptolemy/actor/lib/test/auto/arrayType24.xml (RunModel)" time="0.008" />
  <testcase classname="ptolemy.util.test.junit.AutoTests" name="[422] /home/travis/build/icyphy/ptII/ptolemy/actor/lib/test/auto/arrayType25.xml (RunModel)" time="0.009" />
  <testcase classname="ptolemy.util.test.junit.AutoTests" name="[423] /home/travis/build/icyphy/ptII/ptolemy/actor/lib/test/auto/arrayType26.xml (RunModel)" time="0.008" />
  <testcase classname="ptolemy.util.test.junit.AutoTests" name="[424] /home/travis/build/icyphy/ptII/ptolemy/actor/lib/test/auto/arrayType27.xml (RunModel)" time="0.008" />
  <testcase classname="ptolemy.util.test.junit.AutoTests" name="[425] /home/travis/build/icyphy/ptII/ptolemy/actor/lib/test/auto/arrayType28.xml (RunModel)" time="0.009" />
  <testcase classname="ptolemy.util.test.junit.AutoTests" name="[426] /home/travis/build/icyphy/ptII/ptolemy/actor/lib/test/auto/arrayType3.xml (RunModel)" time="0.009" />
  <testcase classname="ptolemy.util.test.junit.AutoTests" name="[427] /home/travis/build/icyphy/ptII/ptolemy/actor/lib/test/auto/arrayType4.xml (RunModel)" time="0.021" />
  <testcase classname="ptolemy.util.test.junit.AutoTests" name="[428] /home/travis/build/icyphy/ptII/ptolemy/actor/lib/test/auto/arrayType5.xml (RunModel)" time="0.008" />
  <testcase classname="ptolemy.util.test.junit.AutoTests" name="[429] /home/travis/build/icyphy/ptII/ptolemy/actor/lib/test/auto/arrayType6.xml (RunModel)" time="0.008" />
  <testcase classname="ptolemy.util.test.junit.AutoTests" name="[430] /home/travis/build/icyphy/ptII/ptolemy/actor/lib/test/auto/arrayType7.xml (RunModel)" time="0.007" />
  <testcase classname="ptolemy.util.test.junit.AutoTests" name="[431] /home/travis/build/icyphy/ptII/ptolemy/actor/lib/test/auto/arrayType8.xml (RunModel)" time="0.013" />
  <testcase classname="ptolemy.util.test.junit.AutoTests" name="[432] /home/travis/build/icyphy/ptII/ptolemy/actor/lib/test/auto/arrayType9.xml (RunModel)" time="0.012" />
  <testcase classname="ptolemy.util.test.junit.AutoTests" name="[433] /home/travis/build/icyphy/ptII/ptolemy/actor/lib/test/auto/cast.xml (RunModel)" time="0.009" />
  <testcase classname="ptolemy.util.test.junit.AutoTests" name="[434] /home/travis/build/icyphy/ptII/ptolemy/actor/lib/test/auto/compositeMultiPort.xml (RunModel)" time="0.019" />
  <testcase classname="ptolemy.util.test.junit.AutoTests" name="[435] /home/travis/build/icyphy/ptII/ptolemy/actor/lib/test/auto/expressionCastInference.xml (RunModel)" time="0.008" />
  <testcase classname="ptolemy.util.test.junit.AutoTests" name="[436] /home/travis/build/icyphy/ptII/ptolemy/actor/lib/test/auto/expressionCastInference2.xml (RunModel)" time="0.008" />
  <testcase classname="ptolemy.util.test.junit.AutoTests" name="[437] /home/travis/build/icyphy/ptII/ptolemy/actor/lib/test/auto/expressionInference.xml (RunModel)" time="0.007" />
  <testcase classname="ptolemy.util.test.junit.AutoTests" name="[438] /home/travis/build/icyphy/ptII/ptolemy/actor/lib/test/auto/expression_bug.xml (RunModel)" time="0.034" />
  <testcase classname="ptolemy.util.test.junit.AutoTests" name="[439] /home/travis/build/icyphy/ptII/ptolemy/actor/lib/test/auto/factorial.xml (RunModel)" time="0.107" />
  <testcase classname="ptolemy.util.test.junit.AutoTests" name="[440] /home/travis/build/icyphy/ptII/ptolemy/actor/lib/test/auto/filterTest1.xml (RunModel)" time="0.079" />
  <testcase classname="ptolemy.util.test.junit.AutoTests" name="[441] /home/travis/build/icyphy/ptII/ptolemy/actor/lib/test/auto/funcApplyInConst.xml (RunModel)" time="0.03" />
  <testcase classname="ptolemy.util.test.junit.AutoTests" name="[442] /home/travis/build/icyphy/ptII/ptolemy/actor/lib/test/auto/funcApplyInExpr.xml (RunModel)" time="0.028" />
  <testcase classname="ptolemy.util.test.junit.AutoTests" name="[443] /home/travis/build/icyphy/ptII/ptolemy/actor/lib/test/auto/function.xml (RunModel)" time="0.038" />
  <testcase classname="ptolemy.util.test.junit.AutoTests" name="[444] /home/travis/build/icyphy/ptII/ptolemy/actor/lib/test/auto/function2.xml (RunModel)" time="0.009" />
  <testcase classname="ptolemy.util.test.junit.AutoTests" name="[445] /home/travis/build/icyphy/ptII/ptolemy/actor/lib/test/auto/function3.xml (RunModel)" time="0.009" />
  <testcase classname="ptolemy.util.test.junit.AutoTests" name="[446] /home/travis/build/icyphy/ptII/ptolemy/actor/lib/test/auto/functionClosureTest1.xml (RunModel)" time="0.01" />
  <testcase classname="ptolemy.util.test.junit.AutoTests" name="[447] /home/travis/build/icyphy/ptII/ptolemy/actor/lib/test/auto/functionClosureTest2.xml (RunModel)" time="0.006" />
  <testcase classname="ptolemy.util.test.junit.AutoTests" name="[448] /home/travis/build/icyphy/ptII/ptolemy/actor/lib/test/auto/functionClosureTest3.xml (RunModel)" time="0.011" />
  <testcase classname="ptolemy.util.test.junit.AutoTests" name="[449] /home/travis/build/icyphy/ptII/ptolemy/actor/lib/test/auto/functionClosureTest4.xml (RunModel)" time="0.017" />
  <testcase classname="ptolemy.util.test.junit.AutoTests" name="[450] /home/travis/build/icyphy/ptII/ptolemy/actor/lib/test/auto/functionClosureTest5.xml (RunModel)" time="0.013" />
  <testcase classname="ptolemy.util.test.junit.AutoTests" name="[451] /home/travis/build/icyphy/ptII/ptolemy/actor/lib/test/auto/functionClosureTest6.xml (RunModel)" time="0.008" />
  <testcase classname="ptolemy.util.test.junit.AutoTests" name="[452] /home/travis/build/icyphy/ptII/ptolemy/actor/lib/test/auto/functionsOnArcs.xml (RunModel)" time="0.009" />
  <testcase classname="ptolemy.util.test.junit.AutoTests" name="[453] /home/travis/build/icyphy/ptII/ptolemy/actor/lib/test/auto/functionsOnArcsHOF.xml (RunModel)" time="0.016" />
  <testcase classname="ptolemy.util.test.junit.AutoTests" name="[454] /home/travis/build/icyphy/ptII/ptolemy/actor/lib/test/auto/logic.xml (RunModel)" time="0.018" />
  <testcase classname="ptolemy.util.test.junit.AutoTests" name="[455] /home/travis/build/icyphy/ptII/ptolemy/actor/lib/test/auto/matrixType.xml (RunModel)" time="0.008" />
  <testcase classname="ptolemy.util.test.junit.AutoTests" name="[456] /home/travis/build/icyphy/ptII/ptolemy/actor/lib/test/auto/matrixType10.xml (RunModel)" time="0.009" />
  <testcase classname="ptolemy.util.test.junit.AutoTests" name="[457] /home/travis/build/icyphy/ptII/ptolemy/actor/lib/test/auto/matrixType11.xml (RunModel)" time="0.007" />
  <testcase classname="ptolemy.util.test.junit.AutoTests" name="[458] /home/travis/build/icyphy/ptII/ptolemy/actor/lib/test/auto/matrixType12.xml (RunModel)" time="0.011" />
  <testcase classname="ptolemy.util.test.junit.AutoTests" name="[459] /home/travis/build/icyphy/ptII/ptolemy/actor/lib/test/auto/matrixType13.xml (RunModel)" time="0.008" />
  <testcase classname="ptolemy.util.test.junit.AutoTests" name="[460] /home/travis/build/icyphy/ptII/ptolemy/actor/lib/test/auto/matrixType14.xml (RunModel)" time="0.009" />
  <testcase classname="ptolemy.util.test.junit.AutoTests" name="[461] /home/travis/build/icyphy/ptII/ptolemy/actor/lib/test/auto/matrixType2.xml (RunModel)" time="0.009" />
  <testcase classname="ptolemy.util.test.junit.AutoTests" name="[462] /home/travis/build/icyphy/ptII/ptolemy/actor/lib/test/auto/matrixType3.xml (RunModel)" time="0.01" />
  <testcase classname="ptolemy.util.test.junit.AutoTests" name="[463] /home/travis/build/icyphy/ptII/ptolemy/actor/lib/test/auto/matrixType4.xml (RunModel)" time="0.011" />
  <testcase classname="ptolemy.util.test.junit.AutoTests" name="[464] /home/travis/build/icyphy/ptII/ptolemy/actor/lib/test/auto/matrixType5.xml (RunModel)" time="0.01" />
  <testcase classname="ptolemy.util.test.junit.AutoTests" name="[465] /home/travis/build/icyphy/ptII/ptolemy/actor/lib/test/auto/matrixType6.xml (RunModel)" time="0.011" />
  <testcase classname="ptolemy.util.test.junit.AutoTests" name="[466] /home/travis/build/icyphy/ptII/ptolemy/actor/lib/test/auto/matrixType7.xml (RunModel)" time="0.007" />
  <testcase classname="ptolemy.util.test.junit.AutoTests" name="[467] /home/travis/build/icyphy/ptII/ptolemy/actor/lib/test/auto/matrixType8.xml (RunModel)" time="0.01" />
  <testcase classname="ptolemy.util.test.junit.AutoTests" name="[468] /home/travis/build/icyphy/ptII/ptolemy/actor/lib/test/auto/matrixType9.xml (RunModel)" time="0.009" />
  <testcase classname="ptolemy.util.test.junit.AutoTests" name="[469] /home/travis/build/icyphy/ptII/ptolemy/actor/lib/test/auto/paraFunctest.xml (RunModel)" time="0.006" />
  <testcase classname="ptolemy.util.test.junit.AutoTests" name="[470] /home/travis/build/icyphy/ptII/ptolemy/actor/lib/test/auto/paraFunctest2.xml (RunModel)" time="0.012" />
  <testcase classname="ptolemy.util.test.junit.AutoTests" name="[471] /home/travis/build/icyphy/ptII/ptolemy/actor/lib/test/auto/parameterPassing.xml (RunModel)" time="0.008" />
  <testcase classname="ptolemy.util.test.junit.AutoTests" name="[472] /home/travis/build/icyphy/ptII/ptolemy/actor/lib/test/auto/record.xml (RunModel)" time="0.008" />
  <testcase classname="ptolemy.util.test.junit.AutoTests" name="[473] /home/travis/build/icyphy/ptII/ptolemy/actor/lib/test/auto/sizedarray1.xml (RunModel)" time="0.009" />
  <testcase classname="ptolemy.util.test.junit.AutoTests" name="[474] /home/travis/build/icyphy/ptII/ptolemy/actor/lib/test/auto/sizedarray2.xml (RunModel)" time="0.009" />
  <testcase classname="ptolemy.util.test.junit.AutoTests" name="[475] /home/travis/build/icyphy/ptII/ptolemy/actor/lib/test/auto/twoPublishers.xml (RunModel)" time="0.021" />
  <system-out><![CDATA[/home/travis/build/icyphy/ptII/ptolemy/actor/lib/test/AbsoluteValue.tcl
testDefs.tcl: setting time out to 9000 seconds at Tue Jul 09 18:21:35 UTC 2019
88 ms. Memory: 120832K Free: 100613K (83%)
5 ms. Memory: 120832K Free: 98541K (82%)
5 ms. Memory: 120832K Free: 97804K (81%)
5 ms. Memory: 120832K Free: 97073K (80%)
/home/travis/build/icyphy/ptII/ptolemy/actor/lib/test/AddSubtract.tcl
20 ms. Memory: 120832K Free: 107828K (89%)
10 ms. Memory: 120832K Free: 107228K (89%)
14 ms. Memory: 120832K Free: 106204K (88%)
8 ms. Memory: 120832K Free: 105343K (87%)
44 ms. Memory: 120832K Free: 102287K (85%)
6 ms. Memory: 120832K Free: 101684K (84%)
/home/travis/build/icyphy/ptII/ptolemy/actor/lib/test/Average.tcl
8 ms. Memory: 120832K Free: 100060K (83%)
6 ms. Memory: 120832K Free: 98582K (82%)
/home/travis/build/icyphy/ptII/ptolemy/actor/lib/test/Bernoulli.tcl
4 ms. Memory: 120832K Free: 97151K (80%)
2 ms. Memory: 120832K Free: 96534K (80%)
/home/travis/build/icyphy/ptII/ptolemy/actor/lib/test/Clock.tcl
preinitializing
resolving types
initializing
executing number 1
wrapping up
idle
21 ms. Memory: 120832K Free: 94065K (78%)
Completed execution with 5 iterations
preinitializing
resolving types
initializing
executing number 1
wrapping up
idle
4 ms. Memory: 120832K Free: 93070K (77%)
Completed execution with 5 iterations
preinitializing
resolving types
initializing
executing number 1
wrapping up
idle
4 ms. Memory: 120832K Free: 92468K (77%)
Completed execution with 5 iterations
/home/travis/build/icyphy/ptII/ptolemy/actor/lib/test/Commutator.tcl
13 ms. Memory: 120832K Free: 90390K (75%)
11 ms. Memory: 120832K Free: 89358K (74%)


==== $PTII/ptolemy/actor/lib/test/Commutator.tcl: Commutator-4.1 run with mutations
==== Contents of test case:

    # Grab stdout and put it into results
    jdkCapture {
	$m addChangeListener  [java::new ptolemy.kernel.util.StreamChangeListener]

	set dir [$e0 getDirector]
	#	$dir addDebugListener  #		[java::new ptolemy.kernel.util.StreamListener]
	$m initialize
	$m iterate
	set c1 [java::new ptolemy.moml.MoMLChangeRequest $e0 $e0  {<deleteEntity name="ramp1"/>}]
	set c2 [java::new ptolemy.moml.MoMLChangeRequest $e0 $e0  {<deleteRelation name="r1"/>}]
	$e0 requestChange $c1
	$e0 requestChange $c2
	$m iterate
	$m wrapup
    } results
    # The MoML within <group> ...</group> comes 
    # from SDFScheduler._setBufferSize
    list $results  [enumToTokenValues [$rec getRecord 0]]

==== Result was:
{} {0 0 1}
---- Result should have been:
{StreamChangeRequest.changeExecuted(): <deleteEntity name="ramp1"/> succeeded
StreamChangeRequest.changeExecuted(): <deleteRelation name="r1"/> succeeded
StreamChangeRequest.changeExecuted(): Record firings per iteration succeeded
} {0 0 1}
---- Commutator-4.1 FAILED
10 ms. Memory: 164864K Free: 148349K (90%)
/home/travis/build/icyphy/ptII/ptolemy/actor/lib/test/Const.tcl
4 ms. Memory: 164864K Free: 146301K (89%)
2 ms. Memory: 164864K Free: 145787K (88%)
3 ms. Memory: 164864K Free: 145277K (88%)
2 ms. Memory: 164864K Free: 144749K (88%)
3 ms. Memory: 164864K Free: 144253K (87%)
29 ms. Memory: 164864K Free: 142715K (87%)
13 ms. Memory: 164864K Free: 141661K (86%)
7 ms. Memory: 164864K Free: 140667K (85%)
/home/travis/build/icyphy/ptII/ptolemy/actor/lib/test/CurrentTime.tcl
preinitializing
resolving types
initializing
executing number 1
wrapping up
idle
10 ms. Memory: 164864K Free: 138605K (84%)
Completed execution with 11 iterations
/home/travis/build/icyphy/ptII/ptolemy/actor/lib/test/DB.tcl
5 ms. Memory: 164864K Free: 137085K (83%)
2 ms. Memory: 164864K Free: 136571K (83%)
2 ms. Memory: 164864K Free: 136061K (83%)
/home/travis/build/icyphy/ptII/ptolemy/actor/lib/test/DiscreteRandomSource.tcl
preinitializing
resolving types
initializing
executing number 1
wrapping up
idle
7 ms. Memory: 164864K Free: 134509K (82%)
Completed execution with 4 iterations
preinitializing
resolving types
initializing
executing number 1
wrapping up
idle
3 ms. Memory: 164864K Free: 134013K (81%)
Completed execution with 4 iterations
preinitializing
resolving types
initializing
executing number 1
wrapping up
idle
2 ms. Memory: 164864K Free: 133493K (81%)
Completed execution with 4 iterations
preinitializing
resolving types
initializing
executing number 1
wrapping up
idle
2 ms. Memory: 164864K Free: 132989K (81%)
Completed execution with 4 iterations
preinitializing
resolving types
initializing
executing number 1
wrapping up
idle
4 ms. Memory: 164864K Free: 132475K (80%)
Completed execution with 4 iterations
/home/travis/build/icyphy/ptII/ptolemy/actor/lib/test/Distributor.tcl
5 ms. Memory: 164864K Free: 130941K (79%)
4 ms. Memory: 164864K Free: 130413K (79%)
StreamChangeRequest.changeExecuted(): <deleteEntity name="rec2"/> succeeded
StreamChangeRequest.changeExecuted(): <deleteRelation name="r2"/> succeeded
StreamChangeRequest.changeExecuted(): Record firings per iteration succeeded
6 ms. Memory: 164864K Free: 127869K (78%)
/home/travis/build/icyphy/ptII/ptolemy/actor/lib/test/Exit.tcl
Exit.tcl: this will print a message about Manager.exitAfterWrapup, which can be ignored.
9 ms. Memory: 164864K Free: 124797K (76%)
/home/travis/build/icyphy/ptII/ptolemy/actor/lib/test/Expression.tcl
15 ms. Memory: 164864K Free: 121197K (74%)
4 ms. Memory: 164864K Free: 120701K (73%)
3 ms. Memory: 164864K Free: 120187K (73%)
preinitializing
resolving types
initializing
executing number 1
wrapping up
idle
6 ms. Memory: 164864K Free: 118653K (72%)
Completed execution with 6 iterations
3 ms. Memory: 164864K Free: 117629K (71%)
3 ms. Memory: 164864K Free: 117109K (71%)
5 ms. Memory: 164864K Free: 115581K (70%)
4 ms. Memory: 164864K Free: 114557K (69%)
5 ms. Memory: 164864K Free: 113005K (69%)
/home/travis/build/icyphy/ptII/ptolemy/actor/lib/test/Gaussian.tcl
23 ms. Memory: 164864K Free: 150090K (91%)
sleeping 1 seconds: .........................................................................................................................................................................................................................................................................................................................................................................................................................................................................................................................................................................................................................................................................................................................................................................................................................................................................................................................................................................................................................................................................................................................................................................................................................................................................................................................................................................................................................................................................................................................................................................................................................................................................................................................................................................................................................................................................................................................................................................................................................................................................................................................................................................................................................................................................................................................................................................................................................................................................................................................................................................................................................................................................................................................................................................................................................................................................................................................................................................................................................................................................................................................................................................................................................................................................................................................................................................................................................................................................................................................................................................................................................................................................................................................................................................................................................................................................................................................................................................................................................................................................................................................................................................................................................................................................................................................................................................................................................................................................................................................................................................................................................................................................................................................................................................................................................................................................................................................................................................................................................................................................................................................................................................................................................................................................................................................................................................................................................................................................................................................................................................................................................................................................................................................................................................................................................................................................................................................................................................................................................................................................................................................................................................................................................................................................................................................................................................................................................................................................................................................................................................................................................................................................................................................................................................................................................................................................................................................................................................................................................................................................................................................................................................................................................................................................................................................................................................................................................................................................................................................................................................................................................................................................................................................................................................................................................................................................................................................................................................................................................................................................................................................................................................................................................................................................................................................................................................................................................................................................................................................................................................................................................................................................................................................................................................................................................................................................................................................................................................................................................................................................................................................................................................................................................................................................................................................................................................................................................................................................................................................................................................................................................................................................................................................................................................................................................................................................................................................................................................................................................................................................................................................................................................................................................................................................................................................................................................................................................................................................................................................................................................................................................................................................................................................................................................................................................................................................................................................................................................................................................................................................................................................................................................................................................................................................................................................................................................................................................................................................................................................................................................................................................................................................................................................................................................................................................................................................................................................................................................................................................................................................................................................................................................................................................................................................................................................................................................................................................................................................................................................................................................................................................................................................................................................................................................................................................................................................................................................................................................................................................................................................................................................................................................................................................................................................................................................................................................................................................................................................................................................................................................................................................................................................................................................................................................................................................................................................................................................................................................................................................................................................................................................................................................................................................................................................................................................................................................................................................................................................................................................................................................................................................................................................................................................................................................................................................................................................................................................................................................................................................................................................................................................................................................................................................................................................................................................................................................................................................................................................................................................................................................................................................................................................................................................................................................................................................................................................................................................................................................................................................................................................................................................................................................................................................................................................................................................................................................................................................................................................................................................................................................................................................................................................................................................................................................................................................................................................................................................................................................................................................................................................................................................................................................................................................................................................................................................................................................................................................................................................................................................................................................................................................................................................................................................................................................................................................................................................................................................................................................................................................................................................................................................................................................................................................................................................................................................................................................................................................................................................................................................................................................................................................................................................................................................................................................................................................................................................................................................................................................................................................................................................................................................................................................................................................................................................................................................................................................................................................................................................................................................................................................................................................................................................................................................................................................................................................................................................................................................................................................................................................................................................................................................................................................................................................................................................................................................................................................................................................................................................................................................................................................................................................................................................................................................................................................................................................................................................................................................................................................................................................................................................................................................................................................................................................................................................................................................................................................................................................................................................................................................................................................................................................................................................................................................................................................................................................................................................................................................................................................................................................................................................................................................................................................................................................................................................................................................................................................................................................................................................................................................................................................................................................................................................................................................................................................................................................................................................................................................................................................................................................................................................................................................................................................................................................................................................................................................................................................................................................................................................................................................................................................................................................................................................................................................................................................................................................................................................................................................................................................................................................................................................................................................................................................................................................................................................................................................................................................................................................................................................................................................................................................................................................................................................................................................................................................................................................................................................................................................................................................................................................................................................................................................................................................................................................................................................................................................................................................................................................................................................................................................................................................................................................................................................................................................................................................................................................................................................................................................................................................................................................................................................................................................................................................................................................................................................................................................................................................................................................................................................................................................................................................................................................................................................................................................................................................................................................................................................................................................................................................................................................................................................................................................................................................................................................................................................................................................................................................................................................................................................................................................................................................................................................................................................................................................................................................................................................................................................................................................................................................................................................................................................................................................................................................................................................................................................................................................................................................................................................................................................................................................................................................................................................................................................................................................................................................................................................................................................................................................................................................................................................................................................................................................................................................................................................................................................................................................................................................................................................................................................................................................................................................................................................................................................................................................................................................................................................................................................................................................................................................................................................................................................................................................................................................................................................................................................................................................................................................................................................................................................................................................................................................................................................................................................................................................................................................................................................................................................................................................................................................................................................................................................................................................................................................................................................................................................................................................................................................................................................................................................................................................................................................................................................................................................................................................................................................................................................................................................................................................................................................................................................................................................................................................................................................................................................................................................................................................................................................................................................................................................................................................................................................................................................................................................................................................................................................................................................................................................................................................................................................................................................................................................................................................................................................................................................................................................................................................................................................................................................................................................................................................................................................................................................................................................................................................................................................................................................................................................................................................................................................................................................................................................................................................................................................................................................................................................................................................................................................................................................................................................................................................................................................................................................................................................................................................................................................................................................................................................................................................................................................................................................................................................................................................................................................................................................................................................................................................................................................................................................................................................................................................................................................................................................................................................................................................................................................................................................................................................................................................................................................................................................................................................................................................................................................................................................................................................................................................................................................................................................................................................................................................................................................................................................................................................................................................................................................................................................................................................................................................................................................................................................................................................................................................................................................................................................................................................................................................................................................................................................................................................................................................................................................................................................................................................................................................................................................................................................................................................................................................................................................................................................................................................................................................................................................................................................................................................................................................................................................................................................................................................................................................................................................................................................................................................................................................................................................................................................................................................................................................................................................................................................................................................................................................................................................................................................................................................................................................................................................................................................................................................................................................................................................................................................................................................................................................................................................................................................................................................................................................................................................................................................................................................................................................................................................................................................................................................................................................................................................................................................................................................................................................................................................................................................................................................................................................................................................................................................................................................................................................................................................................................................................................................................................................................................................................................................................................................................................................................................................................................................................................................................................................................................................................................................................................................................................................................................................................................................................................................................................................................................................................................................................................................................................................................................................................................................................................................................................................................................................................................................................................................................................................................................................................................................................................................................................................................................................................................................................................................................................................................................................................................................................................................................................................................................................................................................................................................................................................................................................................................................................................................................................................................................................................................................................................................................................................................................................................................................................................................................................................................................................................................................................................................................................................................................................................................................................................................................................................................................................................................................................................................................................................................................................................................................................................................................................................................................................................................................................................................................................................................................................................................................................................................................................................................................................................................................................................................................................................................................................................................................................................................................................................................................................................................................................................................................................................................................................................................................................................................3 ms. Memory: 164864K Free: 58414K (35%)
2 ms. Memory: 164864K Free: 57904K (35%)
1 ms. Memory: 164864K Free: 57384K (35%)
12 ms. Memory: 164864K Free: 150499K (91%)
2 ms. Memory: 164864K Free: 150003K (91%)
/home/travis/build/icyphy/ptII/ptolemy/actor/lib/test/IIR.tcl
/home/travis/build/icyphy/ptII/ptolemy/actor/lib/test/Interpolator.tcl
4 ms. Memory: 164864K Free: 146401K (89%)
2 ms. Memory: 164864K Free: 145907K (89%)
1 ms. Memory: 164864K Free: 145393K (88%)
2 ms. Memory: 164864K Free: 144369K (88%)
2 ms. Memory: 164864K Free: 143859K (87%)
2 ms. Memory: 164864K Free: 142835K (87%)
3 ms. Memory: 164864K Free: 141811K (86%)
3 ms. Memory: 164864K Free: 141297K (86%)
2 ms. Memory: 164864K Free: 140259K (85%)
3 ms. Memory: 164864K Free: 139249K (84%)
/home/travis/build/icyphy/ptII/ptolemy/actor/lib/test/MathFunction.tcl
4 ms. Memory: 164864K Free: 137201K (83%)
3 ms. Memory: 164864K Free: 136177K (83%)
2 ms. Memory: 164864K Free: 135153K (82%)
2 ms. Memory: 164864K Free: 134115K (81%)
3 ms. Memory: 164864K Free: 133105K (81%)
5 ms. Memory: 164864K Free: 131057K (79%)
/home/travis/build/icyphy/ptII/ptolemy/actor/lib/test/Maximum.tcl
4 ms. Memory: 164864K Free: 129009K (78%)
3 ms. Memory: 164864K Free: 128499K (78%)
2 ms. Memory: 164864K Free: 127971K (78%)
4 ms. Memory: 164864K Free: 126947K (77%)
/home/travis/build/icyphy/ptII/ptolemy/actor/lib/test/Minimum.tcl
6 ms. Memory: 164864K Free: 125427K (76%)
2 ms. Memory: 164864K Free: 124899K (76%)
16 ms. Memory: 164864K Free: 123889K (75%)
2 ms. Memory: 164864K Free: 123379K (75%)
/home/travis/build/icyphy/ptII/ptolemy/actor/lib/test/MultiplyDivide.tcl
6 ms. Memory: 164864K Free: 121331K (74%)
3 ms. Memory: 164864K Free: 120803K (73%)
2 ms. Memory: 164864K Free: 120307K (73%)
3 ms. Memory: 164864K Free: 119283K (72%)
2 ms. Memory: 164864K Free: 118755K (72%)
/home/travis/build/icyphy/ptII/ptolemy/actor/lib/test/OrderedMerge.tcl
Connections changed on port: inputA
Connections changed on port: inputB
Connections changed on port: output
Connections changed on port: output
Connections changed on port: output
Connections changed on port: input
.top. Preinitializing ...
Invoking preinitialize():  .top.OrderedMerge
Called preinitialize()
Invoking preinitialize():  .top.Ramp
Called preinitialize()
Invoking preinitialize():  .top.Ramp2
Called preinitialize()
Invoking preinitialize():  .top.Test
Called preinitialize()
Connections changed on port: inputA
Connections changed on port: output
Connections changed on port: output
Connections changed on port: input
Connections changed on port: inputB
Connections changed on port: output
.top. Finished preinitialize().
Called initialize().
Invoking initialize():  .top.OrderedMerge
Initializing actor: .top.OrderedMerge
Adding a thread: .top.OrderedMerge
Invoking initialize():  .top.Ramp
Initializing actor: .top.Ramp
Adding a thread: .top.Ramp
Invoking initialize():  .top.Ramp2
Initializing actor: .top.Ramp2
Adding a thread: .top.Ramp2
Invoking initialize():  .top.Test
Initializing actor: .top.Test
Adding a thread: .top.Test
Called fire().
Checking for deadlock:
-- Starting thread.
-- Starting thread.
Called initialize()
Called initialize()
Called prefire()
Called fire()
-- Starting thread.
-- Starting thread.
Called prefire()
Called initialize()
Called initialize()
Called prefire()
Called fire()
Called fire()
Called prefire()
Called fire()
There are 0 Blocked actors, 0 Stopped actors, and 4 active threads.
Waiting for actors to stop.
Called postfire()
Called prefire()
Read input token from inputA with value 0.0
Next port to read input from is inputB
Called postfire()
Called prefire()
Called fire()
Read input token from inputB with value 0.0
Sent output token with value 0.0
Next port to read input from is inputA
Called postfire()
Called prefire()
Called fire()
Called postfire()
Called prefire()
Called fire()
Called postfire()
Called prefire()
Called fire()
Checking for deadlock:
There are 2 Blocked actors, 0 Stopped actors, and 4 active threads.
Waiting for actors to stop.
-- Read input: 0.0, which is expected to match: 0.0
Called prefire()
Called fire()
Checking for deadlock:
There are 3 Blocked actors, 0 Stopped actors, and 4 active threads.
Waiting for actors to stop.
Called fire()
Called postfire()
Called prefire()
Called fire()
Checking for deadlock:
There are 2 Blocked actors, 0 Stopped actors, and 4 active threads.
Waiting for actors to stop.
Read input token from inputA with value 1.0
Sent output token with value 0.0
Next port to read input from is inputB
Called postfire()
Called prefire()
Called fire()
Read input token from inputB with value 1.5
Called postfire()
Called prefire()
Called fire()
Checking for deadlock:
There are 2 Blocked actors, 0 Stopped actors, and 4 active threads.
Waiting for actors to stop.
Called postfire()
-- Read input: 0.0, which is expected to match: 0.0
Called prefire()
Called fire()
Called prefire()
Called fire()
Checking for deadlock:
There are 2 Blocked actors, 0 Stopped actors, and 4 active threads.
Waiting for actors to stop.
Sent output token with value 1.0
Next port to read input from is inputA
Called postfire()
Called prefire()
Called fire()
Read input token from inputA with value 2.0
Checking for deadlock:
There are 2 Blocked actors, 0 Stopped actors, and 4 active threads.
Waiting for actors to stop.
Called postfire()
Called prefire()
-- Read input: 1.0, which is expected to match: 1.0
Called fire()
Called prefire()
Called fire()
Checking for deadlock:
There are 3 Blocked actors, 0 Stopped actors, and 4 active threads.
Waiting for actors to stop.
Sent output token with value 1.5
Next port to read input from is inputB
Called postfire()
Called prefire()
Called fire()
Read input token from inputB with value 3.0
-- Read input: 1.5, which is expected to match: 1.5
Called prefire()
Called fire()
Called postfire()
Called prefire()
Called fire()
Checking for deadlock:
There are 3 Blocked actors, 0 Stopped actors, and 4 active threads.
Waiting for actors to stop.
Sent output token with value 2.0
Next port to read input from is inputA
Called postfire()
Called prefire()
Called fire()
Read input token from inputA with value 3.0
Called postfire()
Called prefire()
Called fire()
-- Read input: 2.0, which is expected to match: 2.0
Called prefire()
Called fire()
Checking for deadlock:
There are 3 Blocked actors, 0 Stopped actors, and 4 active threads.
Waiting for actors to stop.
Sent output token with value 3.0
Next port to read input from is inputB
Called postfire()
Called prefire()
Called fire()
Read input token from inputB with value 4.5
-- Read input: 3.0, which is expected to match: 3.0
Called prefire()
Called fire()
Called postfire()
Called prefire()
Called fire()
Checking for deadlock:
There are 3 Blocked actors, 0 Stopped actors, and 4 active threads.
Waiting for actors to stop.
Sent output token with value 3.0
Next port to read input from is inputA
Called postfire()
Called prefire()
Called fire()
Read input token from inputA with value 4.0
Called postfire()
-- Read input: 3.0, which is expected to match: 3.0
Called prefire()
Called fire()
Called prefire()
Called fire()
Checking for deadlock:
There are 2 Blocked actors, 0 Stopped actors, and 4 active threads.
Waiting for actors to stop.
Sent output token with value 4.0
Next port to read input from is inputA
Called postfire()
Called prefire()
Called fire()
Read input token from inputA with value 5.0
Checking for deadlock:
There are 2 Blocked actors, 0 Stopped actors, and 4 active threads.
Waiting for actors to stop.
-- Read input: 4.0, which is expected to match: 4.0
Called prefire()
Called fire()
Past the end of training data. Read and discard all inputs.
Checking for deadlock:
There are 2 Blocked actors, 0 Stopped actors, and 4 active threads.
Waiting for actors to stop.
Called postfire()
Called prefire()
Called fire()
Sent output token with value 4.5
Next port to read input from is inputB
Called postfire()
Called prefire()
Called fire()
Read input token from inputB with value 6.0
Called prefire()
Called fire()
Past the end of training data. Read and discard all inputs.
Checking for deadlock:
There are 2 Blocked actors, 0 Stopped actors, and 4 active threads.
Waiting for actors to stop.
Called postfire()
Called prefire()
Called fire()
Sent output token with value 5.0
Next port to read input from is inputA
Called postfire()
Called prefire()
Called fire()
Read input token from inputA with value 6.0
Checking for deadlock:
There are 2 Blocked actors, 0 Stopped actors, and 4 active threads.
Waiting for actors to stop.
Called prefire()
Called postfire()
Called prefire()
Called fire()
Called fire()
Past the end of training data. Read and discard all inputs.
Checking for deadlock:
There are 3 Blocked actors, 0 Stopped actors, and 4 active threads.
Waiting for actors to stop.
Sent output token with value 6.0
Next port to read input from is inputB
Called postfire()
Called prefire()
Called fire()
Read input token from inputB with value 7.5
Called prefire()
Called fire()
Past the end of training data. Read and discard all inputs.
Called postfire()
Called prefire()
Called fire()
Sent output token with value 6.0
Next port to read input from is inputA
Called postfire()
Called prefire()
Called fire()
Read input token from inputA with value 7.0
Checking for deadlock:
There are 2 Blocked actors, 0 Stopped actors, and 4 active threads.
Waiting for actors to stop.
Called postfire()
Called prefire()
Called prefire()
Called fire()
Called fire()
Past the end of training data. Read and discard all inputs.
Sent output token with value 7.0
Next port to read input from is inputA
Called postfire()
Called prefire()
Called fire()
Read input token from inputA with value 8.0
Checking for deadlock:
There are 2 Blocked actors, 0 Stopped actors, and 4 active threads.
Waiting for actors to stop.
Called prefire()
Called fire()
Past the end of training data. Read and discard all inputs.
-- Thread wrapup() called.
Called wrapup()
Checking for deadlock:
There are 2 Blocked actors, 0 Stopped actors, and 4 active threads.
Waiting for actors to stop.
Thread .top.Ramp is exiting.
-- Thread stopped.
Checking for deadlock:
There are 2 Blocked actors, 0 Stopped actors, and 3 active threads.
Waiting for actors to stop.
Called prefire()
Called fire()
Past the end of training data. Read and discard all inputs.
Sent output token with value 7.5
Next port to read input from is inputB
Called postfire()
Called prefire()
Called fire()
Read input token from inputB with value 9.0
Sent output token with value 8.0
Next port to read input from is inputA
Called postfire()
Called prefire()
Called fire()
Read input token from inputA with value 9.0
Checking for deadlock:
There are 1 Blocked actors, 0 Stopped actors, and 3 active threads.
Waiting for actors to stop.
Called postfire()
Called prefire()
Called fire()
Called prefire()
Called fire()
Past the end of training data. Read and discard all inputs.
Checking for deadlock:
There are 2 Blocked actors, 0 Stopped actors, and 3 active threads.
Waiting for actors to stop.
Called prefire()
Called fire()
Past the end of training data. Read and discard all inputs.
Sent output token with value 9.0
Next port to read input from is inputB
Called postfire()
Called prefire()
Called fire()
Read input token from inputB with value 10.5
Sent output token with value 9.0
Next port to read input from is inputA
Called postfire()
Called prefire()
Called fire()
Checking for deadlock:
There are 1 Blocked actors, 0 Stopped actors, and 3 active threads.
Waiting for actors to stop.
Called postfire()
Called prefire()
Called fire()
Called prefire()
Called fire()
Past the end of training data. Read and discard all inputs.
Checking for deadlock:
There are 3 Blocked actors, 0 Stopped actors, and 3 active threads.
Actors have stopped.
Checking for deadlock:
There are 3 Blocked actors, 0 Stopped actors, and 3 active threads.
Deadlock detected.
Resolving Deadlock
Checking for deadlock:
There are 3 Blocked actors, 0 Stopped actors, and 3 active threads.
Artificial Deadlock - increasing queue capacity.
increasing the capacity of receiver ptolemy.actor.TypedIOPort {.top.OrderedMerge.inputB} to 2
-- Thread wrapup() called.
Called wrapup()
Thread .top.Ramp2 is exiting.
-- Thread stopped.
Director: Called postfire().
Called postfire().
_stopRequested = false
_stopFireRequested = false
Returning from postfire(): true
Called fire().
Checking for deadlock:
There are 2 Blocked actors, 0 Stopped actors, and 2 active threads.
Actors have stopped.
Checking for deadlock:
There are 2 Blocked actors, 0 Stopped actors, and 2 active threads.
Deadlock detected.
Resolving Deadlock
Checking for deadlock:
There are 2 Blocked actors, 0 Stopped actors, and 2 active threads.
Deadlock detected: no processes blocked on write, but some are blocked on read.
Called postfire().
_stopRequested = false
_stopFireRequested = false
Returning from postfire(): false
Finished deactivating branches.
Called wrapup().
-- Thread wrapup() called.
Called wrapup()
Thread .top.OrderedMerge is exiting.
-- Thread stopped.
-- Blocked Receiver call threw TerminateProcessException.
-- Thread wrapup() called.
Called wrapup()
Thread .top.Test is exiting.
-- Thread stopped.
-- Blocked Receiver call threw TerminateProcessException.
50 ms. Memory: 164864K Free: 113649K (69%)
.top. Preinitializing ...
Invoking preinitialize():  .top.OrderedMerge
Called preinitialize()
Invoking preinitialize():  .top.Ramp
Called preinitialize()
Invoking preinitialize():  .top.Ramp2
Called preinitialize()
Invoking preinitialize():  .top.Test
Called preinitialize()
.top. Finished preinitialize().
Called initialize().
Invoking initialize():  .top.OrderedMerge
Initializing actor: .top.OrderedMerge
Adding a thread: .top.OrderedMerge
Invoking initialize():  .top.Ramp
Initializing actor: .top.Ramp
Adding a thread: .top.Ramp
Invoking initialize():  .top.Ramp2
Initializing actor: .top.Ramp2
Adding a thread: .top.Ramp2
Invoking initialize():  .top.Test
Initializing actor: .top.Test
Adding a thread: .top.Test
-- Starting thread.
Called initialize()
Called prefire()
Called fire()
-- Starting thread.
Called initialize()
Called prefire()
Called fire()
Called postfire()
Called prefire()
Called fire()
-- Starting thread.
Called initialize()
Called prefire()
Called fire()
Called postfire()
Called prefire()
Called fire()
Called fire().
Checking for deadlock:
There are 3 Blocked actors, 0 Stopped actors, and 4 active threads.
Waiting for actors to stop.
-- Starting thread.
Called initialize()
Called prefire()
Called fire()
Checking for deadlock:
There are 2 Blocked actors, 0 Stopped actors, and 4 active threads.
Waiting for actors to stop.
Called postfire()
Called prefire()
Called fire()
Checking for deadlock:
There are 3 Blocked actors, 0 Stopped actors, and 4 active threads.
Waiting for actors to stop.
Read input token from inputA with value 0.0
Next port to read input from is inputB
Called postfire()
Called prefire()
Called fire()
Called postfire()
Called prefire()
Called fire()
Checking for deadlock:
There are 3 Blocked actors, 0 Stopped actors, and 4 active threads.
Waiting for actors to stop.
Read input token from inputB with value 0.0
Checking for deadlock:
There are 2 Blocked actors, 0 Stopped actors, and 4 active threads.
Waiting for actors to stop.
-- Read input: 0.0, which is expected to match: 0.0
Called prefire()
Called fire()
Checking for deadlock:
There are 3 Blocked actors, 0 Stopped actors, and 4 active threads.
Waiting for actors to stop.
Sent output token with value 0.0
Next port to read input from is inputA
Called postfire()
Called prefire()
Called fire()
Checking for deadlock:
There are 2 Blocked actors, 0 Stopped actors, and 4 active threads.
Waiting for actors to stop.
Called postfire()
Called prefire()
Called fire()
Checking for deadlock:
There are 3 Blocked actors, 0 Stopped actors, and 4 active threads.
Waiting for actors to stop.
Read input token from inputA with value 1.0
Checking for deadlock:
There are 2 Blocked actors, 0 Stopped actors, and 4 active threads.
Waiting for actors to stop.
-- Read input: 0.0, which is expected to match: 0.0
Called prefire()
Called fire()
Checking for deadlock:
There are 3 Blocked actors, 0 Stopped actors, and 4 active threads.
Waiting for actors to stop.
Sent output token with value 0.0
Next port to read input from is inputB
Called postfire()
Called prefire()
Called fire()
Called postfire()
Called prefire()
Called fire()
Checking for deadlock:
There are 3 Blocked actors, 0 Stopped actors, and 4 active threads.
Waiting for actors to stop.
Read input token from inputB with value 1.5
-- Read input: 1.0, which is expected to match: 1.0
Called prefire()
Called fire()
Checking for deadlock:
There are 3 Blocked actors, 0 Stopped actors, and 4 active threads.
Waiting for actors to stop.
Sent output token with value 1.0
Next port to read input from is inputA
Called postfire()
Called prefire()
Called fire()
Checking for deadlock:
There are 2 Blocked actors, 0 Stopped actors, and 4 active threads.
Waiting for actors to stop.
Called postfire()
Called prefire()
Called fire()
Checking for deadlock:
There are 3 Blocked actors, 0 Stopped actors, and 4 active threads.
Waiting for actors to stop.
Read input token from inputA with value 2.0
Checking for deadlock:
There are 2 Blocked actors, 0 Stopped actors, and 4 active threads.
Waiting for actors to stop.
-- Read input: 1.5, which is expected to match: 1.5
Called prefire()
Called fire()
Checking for deadlock:
There are 3 Blocked actors, 0 Stopped actors, and 4 active threads.
Waiting for actors to stop.
Sent output token with value 1.5
Next port to read input from is inputB
Called postfire()
Called prefire()
Called fire()
Checking for deadlock:
There are 2 Blocked actors, 0 Stopped actors, and 4 active threads.
Waiting for actors to stop.
Called postfire()
Called prefire()
Called fire()
Checking for deadlock:
There are 3 Blocked actors, 0 Stopped actors, and 4 active threads.
Waiting for actors to stop.
Read input token from inputB with value 3.0
Checking for deadlock:
There are 2 Blocked actors, 0 Stopped actors, and 4 active threads.
Waiting for actors to stop.
-- Read input: 2.0, which is expected to match: 2.0
Called prefire()
Called fire()
Checking for deadlock:
There are 3 Blocked actors, 0 Stopped actors, and 4 active threads.
Waiting for actors to stop.
Sent output token with value 2.0
Next port to read input from is inputA
Called postfire()
Called prefire()
Called fire()
Checking for deadlock:
There are 2 Blocked actors, 0 Stopped actors, and 4 active threads.
Waiting for actors to stop.
Called postfire()
Called prefire()
Called fire()
Checking for deadlock:
There are 3 Blocked actors, 0 Stopped actors, and 4 active threads.
Waiting for actors to stop.
Read input token from inputA with value 3.0
Checking for deadlock:
There are 2 Blocked actors, 0 Stopped actors, and 4 active threads.
Waiting for actors to stop.
-- Read input: 3.0, which is expected to match: 3.0
Called prefire()
Called fire()
Checking for deadlock:
There are 3 Blocked actors, 0 Stopped actors, and 4 active threads.
Waiting for actors to stop.
Sent output token with value 3.0
Next port to read input from is inputB
Called postfire()
Called prefire()
Called fire()
Called postfire()
Called prefire()
Called fire()
Checking for deadlock:
There are 3 Blocked actors, 0 Stopped actors, and 4 active threads.
Waiting for actors to stop.
Read input token from inputB with value 4.5
-- Read input: 3.0, which is expected to match: 3.0
Called prefire()
Called fire()
Checking for deadlock:
There are 3 Blocked actors, 0 Stopped actors, and 4 active threads.
Waiting for actors to stop.
Sent output token with value 3.0
Next port to read input from is inputA
Called postfire()
Called prefire()
Called fire()
Checking for deadlock:
There are 2 Blocked actors, 0 Stopped actors, and 4 active threads.
Waiting for actors to stop.
Called postfire()
Called prefire()
Called fire()
Checking for deadlock:
There are 3 Blocked actors, 0 Stopped actors, and 4 active threads.
Waiting for actors to stop.
Read input token from inputA with value 4.0
Checking for deadlock:
There are 2 Blocked actors, 0 Stopped actors, and 4 active threads.
Waiting for actors to stop.
-- Read input: 4.0, which is expected to match: 4.0
Called prefire()
Called fire()
Past the end of training data. Read and discard all inputs.
Checking for deadlock:
There are 3 Blocked actors, 0 Stopped actors, and 4 active threads.
Waiting for actors to stop.
Sent output token with value 4.0
Next port to read input from is inputA
Called postfire()
Called prefire()
Called fire()
Checking for deadlock:
There are 2 Blocked actors, 0 Stopped actors, and 4 active threads.
Waiting for actors to stop.
Called postfire()
Called prefire()
Called fire()
Checking for deadlock:
There are 3 Blocked actors, 0 Stopped actors, and 4 active threads.
Waiting for actors to stop.
Read input token from inputA with value 5.0
Checking for deadlock:
There are 2 Blocked actors, 0 Stopped actors, and 4 active threads.
Waiting for actors to stop.
Called prefire()
Called fire()
Past the end of training data. Read and discard all inputs.
Checking for deadlock:
There are 3 Blocked actors, 0 Stopped actors, and 4 active threads.
Waiting for actors to stop.
Sent output token with value 4.5
Next port to read input from is inputB
Called postfire()
Called prefire()
Called fire()
Called postfire()
Called prefire()
Called fire()
Checking for deadlock:
There are 3 Blocked actors, 0 Stopped actors, and 4 active threads.
Waiting for actors to stop.
Read input token from inputB with value 6.0
Called prefire()
Called fire()
Past the end of training data. Read and discard all inputs.
Checking for deadlock:
There are 3 Blocked actors, 0 Stopped actors, and 4 active threads.
Waiting for actors to stop.
Sent output token with value 5.0
Next port to read input from is inputA
Called postfire()
Called prefire()
Called fire()
Called postfire()
Called prefire()
Called fire()
Checking for deadlock:
There are 3 Blocked actors, 0 Stopped actors, and 4 active threads.
Waiting for actors to stop.
Read input token from inputA with value 6.0
Called prefire()
Called fire()
Past the end of training data. Read and discard all inputs.
Checking for deadlock:
There are 3 Blocked actors, 0 Stopped actors, and 4 active threads.
Waiting for actors to stop.
Sent output token with value 6.0
Next port to read input from is inputB
Called postfire()
Called prefire()
Called fire()
Checking for deadlock:
There are 2 Blocked actors, 0 Stopped actors, and 4 active threads.
Waiting for actors to stop.
Called postfire()
Called prefire()
Called fire()
Checking for deadlock:
There are 3 Blocked actors, 0 Stopped actors, and 4 active threads.
Waiting for actors to stop.
Read input token from inputB with value 7.5
Checking for deadlock:
There are 2 Blocked actors, 0 Stopped actors, and 4 active threads.
Waiting for actors to stop.
Called prefire()
Called fire()
Past the end of training data. Read and discard all inputs.
Checking for deadlock:
There are 3 Blocked actors, 0 Stopped actors, and 4 active threads.
Waiting for actors to stop.
Sent output token with value 6.0
Next port to read input from is inputA
Called postfire()
Called prefire()
Called fire()
Called postfire()
Called prefire()
Called fire()
Checking for deadlock:
There are 3 Blocked actors, 0 Stopped actors, and 4 active threads.
Waiting for actors to stop.
Read input token from inputA with value 7.0
Called prefire()
Called fire()
Past the end of training data. Read and discard all inputs.
Checking for deadlock:
There are 3 Blocked actors, 0 Stopped actors, and 4 active threads.
Waiting for actors to stop.
Sent output token with value 7.0
Next port to read input from is inputA
Called postfire()
Called prefire()
Called fire()
-- Thread wrapup() called.
Called wrapup()
Thread .top.Ramp is exiting.
-- Thread stopped.
Checking for deadlock:
There are 2 Blocked actors, 0 Stopped actors, and 3 active threads.
Waiting for actors to stop.
Read input token from inputA with value 8.0
Checking for deadlock:
There are 1 Blocked actors, 0 Stopped actors, and 3 active threads.
Waiting for actors to stop.
Called prefire()
Called fire()
Past the end of training data. Read and discard all inputs.
Checking for deadlock:
There are 2 Blocked actors, 0 Stopped actors, and 3 active threads.
Waiting for actors to stop.
Sent output token with value 7.5
Next port to read input from is inputB
Called postfire()
Called prefire()
Called fire()
Checking for deadlock:
There are 1 Blocked actors, 0 Stopped actors, and 3 active threads.
Waiting for actors to stop.
Called postfire()
Called prefire()
Called fire()
Checking for deadlock:
There are 2 Blocked actors, 0 Stopped actors, and 3 active threads.
Waiting for actors to stop.
Read input token from inputB with value 9.0
Checking for deadlock:
There are 1 Blocked actors, 0 Stopped actors, and 3 active threads.
Waiting for actors to stop.
Called prefire()
Called fire()
Past the end of training data. Read and discard all inputs.
Checking for deadlock:
There are 2 Blocked actors, 0 Stopped actors, and 3 active threads.
Waiting for actors to stop.
Sent output token with value 8.0
Next port to read input from is inputA
Called postfire()
Called prefire()
Called fire()
Read input token from inputA with value 9.0
Called prefire()
Called fire()
Past the end of training data. Read and discard all inputs.
Checking for deadlock:
There are 2 Blocked actors, 0 Stopped actors, and 3 active threads.
Waiting for actors to stop.
Sent output token with value 9.0
Next port to read input from is inputB
Called postfire()
Called prefire()
Called fire()
Called postfire()
Called prefire()
Called fire()
Checking for deadlock:
There are 2 Blocked actors, 0 Stopped actors, and 3 active threads.
Waiting for actors to stop.
Read input token from inputB with value 10.5
Called prefire()
Called fire()
Past the end of training data. Read and discard all inputs.
Checking for deadlock:
There are 2 Blocked actors, 0 Stopped actors, and 3 active threads.
Waiting for actors to stop.
Sent output token with value 9.0
Next port to read input from is inputA
Called postfire()
Called prefire()
Called fire()
Checking for deadlock:
There are 3 Blocked actors, 0 Stopped actors, and 3 active threads.
Actors have stopped.
Checking for deadlock:
There are 3 Blocked actors, 0 Stopped actors, and 3 active threads.
Deadlock detected.
Resolving Deadlock
Checking for deadlock:
There are 3 Blocked actors, 0 Stopped actors, and 3 active threads.
Artificial Deadlock - increasing queue capacity.
increasing the capacity of receiver ptolemy.actor.TypedIOPort {.top.OrderedMerge.inputB} to 2
Director: Called postfire().
Called postfire().
_stopRequested = false
_stopFireRequested = false
Returning from postfire(): true
Called fire().
Checking for deadlock:
There are 2 Blocked actors, 0 Stopped actors, and 3 active threads.
Waiting for actors to stop.
-- Thread wrapup() called.
Called wrapup()
Thread .top.Ramp2 is exiting.
-- Thread stopped.
Checking for deadlock:
There are 2 Blocked actors, 0 Stopped actors, and 2 active threads.
Actors have stopped.
Checking for deadlock:
There are 2 Blocked actors, 0 Stopped actors, and 2 active threads.
Deadlock detected.
Resolving Deadlock
Checking for deadlock:
There are 2 Blocked actors, 0 Stopped actors, and 2 active threads.
Deadlock detected: no processes blocked on write, but some are blocked on read.
Called postfire().
_stopRequested = false
_stopFireRequested = false
Returning from postfire(): false
Finished deactivating branches.
Called wrapup().
-- Thread wrapup() called.
Called wrapup()
-- Thread wrapup() called.
Called wrapup()
Thread .top.Test is exiting.
-- Thread stopped.
-- Blocked Receiver call threw TerminateProcessException.
Thread .top.OrderedMerge is exiting.
23 ms. Memory: 164864K Free: 111459K (68%)
/home/travis/build/icyphy/ptII/ptolemy/actor/lib/test/Publisher.tcl
-- Thread stopped.
-- Blocked Receiver call threw TerminateProcessException.
6 ms. Memory: 164864K Free: 104947K (64%)
5 ms. Memory: 164864K Free: 99827K (61%)
3 ms. Memory: 164864K Free: 95731K (58%)
3 ms. Memory: 164864K Free: 94707K (57%)
2 ms. Memory: 164864K Free: 94187K (57%)
4 ms. Memory: 164864K Free: 93169K (57%)
3 ms. Memory: 164864K Free: 92659K (56%)
4 ms. Memory: 164864K Free: 91635K (56%)
29 ms. Memory: 164864K Free: 81905K (50%)
8 ms. Memory: 164864K Free: 77809K (47%)
2 ms. Memory: 164864K Free: 77299K (47%)
5 ms. Memory: 164864K Free: 74731K (45%)
24 ms. Memory: 164864K Free: 67059K (41%)
14 ms. Memory: 164864K Free: 57843K (35%)
8 ms. Memory: 201728K Free: 176074K (87%)
/home/travis/build/icyphy/ptII/ptolemy/actor/lib/test/Pulse.tcl
2 ms. Memory: 201728K Free: 138714K (69%)
3 ms. Memory: 201728K Free: 138186K (69%)
2 ms. Memory: 201728K Free: 137690K (68%)
2 ms. Memory: 201728K Free: 137170K (68%)
1 ms. Memory: 201728K Free: 136666K (68%)
18 ms. Memory: 201728K Free: 135642K (67%)
7 ms. Memory: 201728K Free: 134618K (67%)
1 ms. Memory: 201728K Free: 133594K (66%)
2 ms. Memory: 201728K Free: 133074K (66%)
/home/travis/build/icyphy/ptII/ptolemy/actor/lib/test/Ramp.tcl
9 ms. Memory: 201728K Free: 131032K (65%)
2 ms. Memory: 201728K Free: 130522K (65%)
1 ms. Memory: 201728K Free: 129498K (64%)
35 ms. Memory: 201728K Free: 184494K (91%)
6 ms. Memory: 201728K Free: 183454K (91%)
37 ms. Memory: 201728K Free: 182956K (91%)
5 ms. Memory: 201728K Free: 181934K (90%)
5 actors
10000 microseconds per iteration to create
11 ms. Memory: 201728K Free: 179366K (89%)
5 ms. Memory: 201728K Free: 178334K (88%)
1 ms. Memory: 201728K Free: 177838K (88%)
2 ms. Memory: 201728K Free: 177318K (88%)
50 actors
28000 microseconds per iteration to create
26 ms. Memory: 201728K Free: 161964K (80%)
11 ms. Memory: 201728K Free: 160940K (80%)
5 ms. Memory: 201728K Free: 159916K (79%)
12 ms. Memory: 201728K Free: 158382K (79%)
500 actors
1644000 microseconds per iteration to create
311 ms. Memory: 201728K Free: 113301K (56%)
49 ms. Memory: 201728K Free: 107667K (53%)
49 ms. Memory: 201728K Free: 102547K (51%)
45 ms. Memory: 201728K Free: 97427K (48%)
/home/travis/build/icyphy/ptII/ptolemy/actor/lib/test/RampContinuous.tcl
9 ms. Memory: 201728K Free: 95893K (48%)
/home/travis/build/icyphy/ptII/ptolemy/actor/lib/test/RecordAssembler.tcl
6 ms. Memory: 201728K Free: 94355K (47%)
5 ms. Memory: 201728K Free: 93331K (46%)
/home/travis/build/icyphy/ptII/ptolemy/actor/lib/test/RecordDisassembler.tcl
14 ms. Memory: 201728K Free: 91797K (46%)
3 ms. Memory: 201728K Free: 91268K (45%)
9 ms. Memory: 201728K Free: 89749K (44%)
/home/travis/build/icyphy/ptII/ptolemy/actor/lib/test/Scale.tcl
3 ms. Memory: 201728K Free: 88196K (44%)
2 ms. Memory: 201728K Free: 87172K (43%)
2 ms. Memory: 201728K Free: 86677K (43%)
3 ms. Memory: 201728K Free: 85653K (42%)
5 ms. Memory: 201728K Free: 84629K (42%)
/home/travis/build/icyphy/ptII/ptolemy/actor/lib/test/SequentialClock.tcl
preinitializing
resolving types
initializing
executing number 1
wrapping up
idle
5 ms. Memory: 201728K Free: 83605K (41%)
Completed execution with 5 iterations
preinitializing
resolving types
initializing
executing number 1
wrapping up
idle
3 ms. Memory: 201728K Free: 83091K (41%)
Completed execution with 5 iterations
preinitializing
resolving types
initializing
executing number 1
wrapping up
idle
2 ms. Memory: 201728K Free: 82581K (41%)
Completed execution with 5 iterations
/home/travis/build/icyphy/ptII/ptolemy/actor/lib/test/SetVariable.tcl
4 ms. Memory: 201728K Free: 80533K (40%)


==== $PTII/ptolemy/actor/lib/test/SetVariable.tcl: SetVariable-3.1 changeFailed
==== Contents of test case:

    #Uses 2.1 above
    jdkCaptureErr {
        # This test was failing if we ran Exit.tcl and then this test.
        # MessageHandler.error() now actually throws the Exception.
	catch {$setVariable changeFailed [java::null]  [java::new Exception {Test exception for SetVariable.changeFailed()}]} errMsg
    } results
    list [string range $results 0 89] "\n" $errMsg

==== Result was:
{java.lang.Exception: Test exception for SetVariable.changeFailed()
	at java.base/jdk.inter} {
} {java.lang.RuntimeException: java.lang.Exception: Test exception for SetVariable.changeFailed()}
---- Result should have been:
{java.lang.Exception: Test exception for SetVariable.changeFailed()
	at sun.reflect.NativeC} {
} {java.lang.RuntimeException: java.lang.Exception: Test exception for SetVariable.changeFailed()}
---- SetVariable-3.1 FAILED
/home/travis/build/icyphy/ptII/ptolemy/actor/lib/test/Sinewave.tcl
/home/travis/build/icyphy/ptII/ptolemy/actor/lib/test/SubscriptionAggregator.tcl
4 ms. Memory: 201728K Free: 177410K (88%)
3 ms. Memory: 201728K Free: 176900K (88%)
1 ms. Memory: 201728K Free: 176355K (87%)
1 ms. Memory: 201728K Free: 176355K (87%)
10 ms. Memory: 201728K Free: 172804K (86%)
18 ms. Memory: 201728K Free: 170242K (84%)
...............................................................1026 ms. Memory: 283648K Free: 147944K (52%)
/home/travis/build/icyphy/ptII/ptolemy/actor/lib/test/Test.tcl
 The next command will produce a warning about training mode,
   which may be ignored.
4 ms. Memory: 283648K Free: 145890K (51%)
3 ms. Memory: 283648K Free: 144858K (51%)
1 ms. Memory: 283648K Free: 144362K (51%)
2 ms. Memory: 283648K Free: 143834K (51%)
2 ms. Memory: 283648K Free: 143338K (51%)
2 ms. Memory: 283648K Free: 141800K (50%)
2 ms. Memory: 283648K Free: 140776K (50%)
 The next command will produce a warning about training mode,
   which may be ignored.
3 ms. Memory: 283648K Free: 138218K (49%)
 The next command will produce a warning about training mode,
   which may be ignored.
2 ms. Memory: 283648K Free: 137194K (48%)
1 ms. Memory: 283648K Free: 136680K (48%)
1 ms. Memory: 283648K Free: 136170K (48%)
1 ms. Memory: 283648K Free: 135650K (48%)
5 ms. Memory: 283648K Free: 134632K (47%)
3 ms. Memory: 283648K Free: 131050K (46%)
/home/travis/build/icyphy/ptII/ptolemy/actor/lib/test/TestExceptionHandler.tcl
 The next command will produce a warning about training mode,
   which may be ignored.
2 ms. Memory: 283648K Free: 129512K (46%)
1 ms. Memory: 283648K Free: 129002K (45%)
0 ms. Memory: 283648K Free: 128482K (45%)
/home/travis/build/icyphy/ptII/ptolemy/actor/lib/test/UnionDisassembler.tcl
12 ms. Memory: 283648K Free: 121320K (43%)
/home/travis/build/icyphy/ptII/ptolemy/actor/lib/test/VariableClock.tcl
preinitializing
resolving types
initializing
executing number 1
wrapping up
idle
3 ms. Memory: 283648K Free: 119786K (42%)
Completed execution with 11 iterations
preinitializing
resolving types
initializing
executing number 1
wrapping up
idle
3 ms. Memory: 283648K Free: 118234K (42%)
Completed execution with 10 iterations
07/09/19 06:21:44
Failed: 2  Total Tests: 234  ((Passed: 232, Newly Passed: 0)  Known Failed: 0) /home/travis/build/icyphy/ptII/ptolemy/actor/lib/test
----------------- testing (KnownFailure) /home/travis/build/icyphy/ptII/ptolemy/actor/lib/test/auto/knownFailedTests/PublisherPortToplevelSubscriber.xml
1 ms. Memory: 283648K Free: 114666K (40%)
Known Failure: java.lang.reflect.InvocationTargetException
----------------- testing (KnownFailure) /home/travis/build/icyphy/ptII/ptolemy/actor/lib/test/auto/knownFailedTests/PublisherSubscriberPortToplevel.xml
1 ms. Memory: 283648K Free: 111080K (39%)
Known Failure: java.lang.reflect.InvocationTargetException
----------------- testing (KnownFailure) /home/travis/build/icyphy/ptII/ptolemy/actor/lib/test/auto/knownFailedTests/PublisherSubscriptionAggregatorPort.xml
1 ms. Memory: 283648K Free: 106474K (38%)
Known Failure: java.lang.reflect.InvocationTargetException
----------------- testing (KnownFailure) /home/travis/build/icyphy/ptII/ptolemy/actor/lib/test/auto/knownFailedTests/sizedarray3.xml
4 ms. Memory: 283648K Free: 102378K (36%)
Known Failure: java.lang.reflect.InvocationTargetException
No auto/linux-amd64/*.xml tests in /home/travis/build/icyphy/ptII/ptolemy/actor/lib/test
AutoTests.java: About to close Vertx.
AutoTests.java: Vertx closed.

===========================================================================================
----------------- testing Tue Jul 09 18:21:45 UTC 2019 /home/travis/build/icyphy/ptII/ptolemy/actor/lib/test/auto/AbsoluteValue.xml
----------------- Instantiating /home/travis/build/icyphy/ptII/ptolemy/actor/lib/test/auto/AbsoluteValue.xml
32 ms. Memory: 283648K Free: 224766K (79%)
----------------- Invoking toplevel() on ptolemy.moml.MoMLSimpleApplication@512b53b3
----------------- Done invoking toplevel() on ptolemy.moml.MoMLSimpleApplication@512b53b3
reloadAllAccessors: .AbsoluteValue

===========================================================================================
----------------- testing Tue Jul 09 18:21:45 UTC 2019 /home/travis/build/icyphy/ptII/ptolemy/actor/lib/test/auto/AbsoluteValue2.xml
----------------- Instantiating /home/travis/build/icyphy/ptII/ptolemy/actor/lib/test/auto/AbsoluteValue2.xml
5 ms. Memory: 283648K Free: 218112K (77%)
----------------- Invoking toplevel() on ptolemy.moml.MoMLSimpleApplication@184f9c5d
----------------- Done invoking toplevel() on ptolemy.moml.MoMLSimpleApplication@184f9c5d
reloadAllAccessors: .AbsoluteValue2

===========================================================================================
----------------- testing Tue Jul 09 18:21:45 UTC 2019 /home/travis/build/icyphy/ptII/ptolemy/actor/lib/test/auto/Accumulator.xml
----------------- Instantiating /home/travis/build/icyphy/ptII/ptolemy/actor/lib/test/auto/Accumulator.xml
6 ms. Memory: 283648K Free: 211454K (75%)
----------------- Invoking toplevel() on ptolemy.moml.MoMLSimpleApplication@25d90f99
----------------- Done invoking toplevel() on ptolemy.moml.MoMLSimpleApplication@25d90f99
reloadAllAccessors: .Accumulator

===========================================================================================
----------------- testing Tue Jul 09 18:21:45 UTC 2019 /home/travis/build/icyphy/ptII/ptolemy/actor/lib/test/auto/Accumulator2.xml
----------------- Instantiating /home/travis/build/icyphy/ptII/ptolemy/actor/lib/test/auto/Accumulator2.xml
3 ms. Memory: 283648K Free: 206334K (73%)
----------------- Invoking toplevel() on ptolemy.moml.MoMLSimpleApplication@41e1ff24
----------------- Done invoking toplevel() on ptolemy.moml.MoMLSimpleApplication@41e1ff24
reloadAllAccessors: .Accumulator2

===========================================================================================
----------------- testing Tue Jul 09 18:21:45 UTC 2019 /home/travis/build/icyphy/ptII/ptolemy/actor/lib/test/auto/Accumulator3.xml
----------------- Instantiating /home/travis/build/icyphy/ptII/ptolemy/actor/lib/test/auto/Accumulator3.xml
2 ms. Memory: 283648K Free: 201728K (71%)
----------------- Invoking toplevel() on ptolemy.moml.MoMLSimpleApplication@6f659597
----------------- Done invoking toplevel() on ptolemy.moml.MoMLSimpleApplication@6f659597
reloadAllAccessors: .Accumulator3

===========================================================================================
----------------- testing Tue Jul 09 18:21:45 UTC 2019 /home/travis/build/icyphy/ptII/ptolemy/actor/lib/test/auto/ArrayAppend.xml
----------------- Instantiating /home/travis/build/icyphy/ptII/ptolemy/actor/lib/test/auto/ArrayAppend.xml
4 ms. Memory: 283648K Free: 196079K (69%)
----------------- Invoking toplevel() on ptolemy.moml.MoMLSimpleApplication@6bb47ead
----------------- Done invoking toplevel() on ptolemy.moml.MoMLSimpleApplication@6bb47ead
reloadAllAccessors: .ArrayAppend

===========================================================================================
----------------- testing Tue Jul 09 18:21:45 UTC 2019 /home/travis/build/icyphy/ptII/ptolemy/actor/lib/test/auto/ArrayAppend2.xml
----------------- Instantiating /home/travis/build/icyphy/ptII/ptolemy/actor/lib/test/auto/ArrayAppend2.xml
360 ms. Memory: 283648K Free: 113664K (40%)
----------------- Invoking toplevel() on ptolemy.moml.MoMLSimpleApplication@6222c7c1
----------------- Done invoking toplevel() on ptolemy.moml.MoMLSimpleApplication@6222c7c1
reloadAllAccessors: .ArrayAppend2

===========================================================================================
----------------- testing Tue Jul 09 18:21:45 UTC 2019 /home/travis/build/icyphy/ptII/ptolemy/actor/lib/test/auto/ArrayAppend3.xml
----------------- Instantiating /home/travis/build/icyphy/ptII/ptolemy/actor/lib/test/auto/ArrayAppend3.xml
2 ms. Memory: 283648K Free: 108030K (38%)
----------------- Invoking toplevel() on ptolemy.moml.MoMLSimpleApplication@504ec58d
----------------- Done invoking toplevel() on ptolemy.moml.MoMLSimpleApplication@504ec58d
reloadAllAccessors: .ArrayAppend3

===========================================================================================
----------------- testing Tue Jul 09 18:21:45 UTC 2019 /home/travis/build/icyphy/ptII/ptolemy/actor/lib/test/auto/ArrayAppend4.xml
----------------- Instantiating /home/travis/build/icyphy/ptII/ptolemy/actor/lib/test/auto/ArrayAppend4.xml
2 ms. Memory: 283648K Free: 103424K (36%)
----------------- Invoking toplevel() on ptolemy.moml.MoMLSimpleApplication@4af09d75
----------------- Done invoking toplevel() on ptolemy.moml.MoMLSimpleApplication@4af09d75
reloadAllAccessors: .ArrayAppend4

===========================================================================================
----------------- testing Tue Jul 09 18:21:45 UTC 2019 /home/travis/build/icyphy/ptII/ptolemy/actor/lib/test/auto/ArrayAppend5.xml
----------------- Instantiating /home/travis/build/icyphy/ptII/ptolemy/actor/lib/test/auto/ArrayAppend5.xml
2 ms. Memory: 283648K Free: 97790K (34%)
----------------- Invoking toplevel() on ptolemy.moml.MoMLSimpleApplication@2b38773a
----------------- Done invoking toplevel() on ptolemy.moml.MoMLSimpleApplication@2b38773a
reloadAllAccessors: .ArrayAppend5

===========================================================================================
----------------- testing Tue Jul 09 18:21:45 UTC 2019 /home/travis/build/icyphy/ptII/ptolemy/actor/lib/test/auto/ArrayAppend6.xml
----------------- Instantiating /home/travis/build/icyphy/ptII/ptolemy/actor/lib/test/auto/ArrayAppend6.xml
4 ms. Memory: 283648K Free: 92670K (33%)
----------------- Invoking toplevel() on ptolemy.moml.MoMLSimpleApplication@439603ba
----------------- Done invoking toplevel() on ptolemy.moml.MoMLSimpleApplication@439603ba
reloadAllAccessors: .ArrayAppend6

===========================================================================================
----------------- testing Tue Jul 09 18:21:45 UTC 2019 /home/travis/build/icyphy/ptII/ptolemy/actor/lib/test/auto/ArrayAppendPerformanceTest.xml
----------------- Instantiating /home/travis/build/icyphy/ptII/ptolemy/actor/lib/test/auto/ArrayAppendPerformanceTest.xml
27 ms. Memory: 489472K Free: 433662K (89%)
----------------- Invoking toplevel() on ptolemy.moml.MoMLSimpleApplication@5732bff7
----------------- Done invoking toplevel() on ptolemy.moml.MoMLSimpleApplication@5732bff7
reloadAllAccessors: .ArrayAppendPerformanceTest

===========================================================================================
----------------- testing Tue Jul 09 18:21:46 UTC 2019 /home/travis/build/icyphy/ptII/ptolemy/actor/lib/test/auto/ArrayAppendWithEmptyInput.xml
----------------- Instantiating /home/travis/build/icyphy/ptII/ptolemy/actor/lib/test/auto/ArrayAppendWithEmptyInput.xml
9 ms. Memory: 489472K Free: 425470K (87%)
----------------- Invoking toplevel() on ptolemy.moml.MoMLSimpleApplication@65a4a7ba
----------------- Done invoking toplevel() on ptolemy.moml.MoMLSimpleApplication@65a4a7ba
reloadAllAccessors: .ArrayAppendWithEmptyInput

===========================================================================================
----------------- testing Tue Jul 09 18:21:46 UTC 2019 /home/travis/build/icyphy/ptII/ptolemy/actor/lib/test/auto/ArrayAverage.xml
----------------- Instantiating /home/travis/build/icyphy/ptII/ptolemy/actor/lib/test/auto/ArrayAverage.xml
13 ms. Memory: 489472K Free: 417792K (85%)
----------------- Invoking toplevel() on ptolemy.moml.MoMLSimpleApplication@52f9fffa
----------------- Done invoking toplevel() on ptolemy.moml.MoMLSimpleApplication@52f9fffa
reloadAllAccessors: .ArrayAverage

===========================================================================================
----------------- testing Tue Jul 09 18:21:46 UTC 2019 /home/travis/build/icyphy/ptII/ptolemy/actor/lib/test/auto/ArrayContains.xml
----------------- Instantiating /home/travis/build/icyphy/ptII/ptolemy/actor/lib/test/auto/ArrayContains.xml
8 ms. Memory: 489472K Free: 411648K (84%)
----------------- Invoking toplevel() on ptolemy.moml.MoMLSimpleApplication@21114108
----------------- Done invoking toplevel() on ptolemy.moml.MoMLSimpleApplication@21114108
reloadAllAccessors: .ArrayContains

===========================================================================================
----------------- testing Tue Jul 09 18:21:46 UTC 2019 /home/travis/build/icyphy/ptII/ptolemy/actor/lib/test/auto/ArrayElement.xml
----------------- Instantiating /home/travis/build/icyphy/ptII/ptolemy/actor/lib/test/auto/ArrayElement.xml
4 ms. Memory: 489472K Free: 406014K (83%)
----------------- Invoking toplevel() on ptolemy.moml.MoMLSimpleApplication@63aff82a
----------------- Done invoking toplevel() on ptolemy.moml.MoMLSimpleApplication@63aff82a
reloadAllAccessors: .ArrayElement

===========================================================================================
----------------- testing Tue Jul 09 18:21:46 UTC 2019 /home/travis/build/icyphy/ptII/ptolemy/actor/lib/test/auto/ArrayElementAsMatrix.xml
----------------- Instantiating /home/travis/build/icyphy/ptII/ptolemy/actor/lib/test/auto/ArrayElementAsMatrix.xml
21 ms. Memory: 489472K Free: 395774K (81%)
----------------- Invoking toplevel() on ptolemy.moml.MoMLSimpleApplication@66cb7b33
----------------- Done invoking toplevel() on ptolemy.moml.MoMLSimpleApplication@66cb7b33
reloadAllAccessors: .ArrayElementAsMatrix

===========================================================================================
----------------- testing Tue Jul 09 18:21:46 UTC 2019 /home/travis/build/icyphy/ptII/ptolemy/actor/lib/test/auto/ArrayElementI.xml
----------------- Instantiating /home/travis/build/icyphy/ptII/ptolemy/actor/lib/test/auto/ArrayElementI.xml
10 ms. Memory: 489472K Free: 390639K (80%)
----------------- Invoking toplevel() on ptolemy.moml.MoMLSimpleApplication@665bfd82
----------------- Done invoking toplevel() on ptolemy.moml.MoMLSimpleApplication@665bfd82
reloadAllAccessors: .ArrayElementI

===========================================================================================
----------------- testing Tue Jul 09 18:21:46 UTC 2019 /home/travis/build/icyphy/ptII/ptolemy/actor/lib/test/auto/ArrayExtract.xml
----------------- Instantiating /home/travis/build/icyphy/ptII/ptolemy/actor/lib/test/auto/ArrayExtract.xml
5 ms. Memory: 489472K Free: 381952K (78%)
----------------- Invoking toplevel() on ptolemy.moml.MoMLSimpleApplication@69731536
----------------- Done invoking toplevel() on ptolemy.moml.MoMLSimpleApplication@69731536
reloadAllAccessors: .ArrayExtract

===========================================================================================
----------------- testing Tue Jul 09 18:21:46 UTC 2019 /home/travis/build/icyphy/ptII/ptolemy/actor/lib/test/auto/ArrayExtract2.xml
----------------- Instantiating /home/travis/build/icyphy/ptII/ptolemy/actor/lib/test/auto/ArrayExtract2.xml
3 ms. Memory: 489472K Free: 376832K (77%)
----------------- Invoking toplevel() on ptolemy.moml.MoMLSimpleApplication@5fad1702
----------------- Done invoking toplevel() on ptolemy.moml.MoMLSimpleApplication@5fad1702
reloadAllAccessors: .ArrayExtract2

===========================================================================================
----------------- testing Tue Jul 09 18:21:46 UTC 2019 /home/travis/build/icyphy/ptII/ptolemy/actor/lib/test/auto/ArrayLength.xml
----------------- Instantiating /home/travis/build/icyphy/ptII/ptolemy/actor/lib/test/auto/ArrayLength.xml
2 ms. Memory: 489472K Free: 372736K (76%)
----------------- Invoking toplevel() on ptolemy.moml.MoMLSimpleApplication@6c81a83
----------------- Done invoking toplevel() on ptolemy.moml.MoMLSimpleApplication@6c81a83
reloadAllAccessors: .ArrayLength

===========================================================================================
----------------- testing Tue Jul 09 18:21:46 UTC 2019 /home/travis/build/icyphy/ptII/ptolemy/actor/lib/test/auto/ArrayLevelCrossing.xml
----------------- Instantiating /home/travis/build/icyphy/ptII/ptolemy/actor/lib/test/auto/ArrayLevelCrossing.xml
5 ms. Memory: 489472K Free: 365054K (75%)
----------------- Invoking toplevel() on ptolemy.moml.MoMLSimpleApplication@5c04f466
----------------- Done invoking toplevel() on ptolemy.moml.MoMLSimpleApplication@5c04f466
reloadAllAccessors: .ArrayLevelCrossing

===========================================================================================
----------------- testing Tue Jul 09 18:21:46 UTC 2019 /home/travis/build/icyphy/ptII/ptolemy/actor/lib/test/auto/ArrayLevelCrossing2.xml
----------------- Instantiating /home/travis/build/icyphy/ptII/ptolemy/actor/lib/test/auto/ArrayLevelCrossing2.xml
4 ms. Memory: 489472K Free: 358400K (73%)
----------------- Invoking toplevel() on ptolemy.moml.MoMLSimpleApplication@4348ec1a
----------------- Done invoking toplevel() on ptolemy.moml.MoMLSimpleApplication@4348ec1a
reloadAllAccessors: .ArrayLevelCrossing2

===========================================================================================
----------------- testing Tue Jul 09 18:21:46 UTC 2019 /home/travis/build/icyphy/ptII/ptolemy/actor/lib/test/auto/ArrayPeakSearch.xml
----------------- Instantiating /home/travis/build/icyphy/ptII/ptolemy/actor/lib/test/auto/ArrayPeakSearch.xml
5 ms. Memory: 489472K Free: 349184K (71%)
----------------- Invoking toplevel() on ptolemy.moml.MoMLSimpleApplication@3fdbc0a2
----------------- Done invoking toplevel() on ptolemy.moml.MoMLSimpleApplication@3fdbc0a2
reloadAllAccessors: .ArrayPeakSearch

===========================================================================================
----------------- testing Tue Jul 09 18:21:46 UTC 2019 /home/travis/build/icyphy/ptII/ptolemy/actor/lib/test/auto/ArrayPeakSearch2.xml
----------------- Instantiating /home/travis/build/icyphy/ptII/ptolemy/actor/lib/test/auto/ArrayPeakSearch2.xml
5 ms. Memory: 489472K Free: 338944K (69%)
----------------- Invoking toplevel() on ptolemy.moml.MoMLSimpleApplication@4c2bf905
----------------- Done invoking toplevel() on ptolemy.moml.MoMLSimpleApplication@4c2bf905
reloadAllAccessors: .ArrayPeakSearch2

===========================================================================================
----------------- testing Tue Jul 09 18:21:46 UTC 2019 /home/travis/build/icyphy/ptII/ptolemy/actor/lib/test/auto/ArrayPeakSearch3.xml
----------------- Instantiating /home/travis/build/icyphy/ptII/ptolemy/actor/lib/test/auto/ArrayPeakSearch3.xml
5 ms. Memory: 489472K Free: 329728K (67%)
----------------- Invoking toplevel() on ptolemy.moml.MoMLSimpleApplication@146a013a
----------------- Done invoking toplevel() on ptolemy.moml.MoMLSimpleApplication@146a013a
reloadAllAccessors: .ArrayPeakSearch3

===========================================================================================
----------------- testing Tue Jul 09 18:21:46 UTC 2019 /home/travis/build/icyphy/ptII/ptolemy/actor/lib/test/auto/ArrayRemoveElement.xml
----------------- Instantiating /home/travis/build/icyphy/ptII/ptolemy/actor/lib/test/auto/ArrayRemoveElement.xml
4 ms. Memory: 489472K Free: 322046K (66%)
----------------- Invoking toplevel() on ptolemy.moml.MoMLSimpleApplication@1dc0e4a1
----------------- Done invoking toplevel() on ptolemy.moml.MoMLSimpleApplication@1dc0e4a1
reloadAllAccessors: .ArrayRemoveElement

===========================================================================================
----------------- testing Tue Jul 09 18:21:46 UTC 2019 /home/travis/build/icyphy/ptII/ptolemy/actor/lib/test/auto/ArraySort.xml
----------------- Instantiating /home/travis/build/icyphy/ptII/ptolemy/actor/lib/test/auto/ArraySort.xml
7 ms. Memory: 489472K Free: 312830K (64%)
----------------- Invoking toplevel() on ptolemy.moml.MoMLSimpleApplication@6703b6e0
----------------- Done invoking toplevel() on ptolemy.moml.MoMLSimpleApplication@6703b6e0
reloadAllAccessors: .ArraySort

===========================================================================================
----------------- testing Tue Jul 09 18:21:46 UTC 2019 /home/travis/build/icyphy/ptII/ptolemy/actor/lib/test/auto/ArraySum.xml
----------------- Instantiating /home/travis/build/icyphy/ptII/ptolemy/actor/lib/test/auto/ArraySum.xml
3 ms. Memory: 489472K Free: 307710K (63%)
----------------- Invoking toplevel() on ptolemy.moml.MoMLSimpleApplication@33e8ec10
----------------- Done invoking toplevel() on ptolemy.moml.MoMLSimpleApplication@33e8ec10
reloadAllAccessors: .ArraySum

===========================================================================================
----------------- testing Tue Jul 09 18:21:46 UTC 2019 /home/travis/build/icyphy/ptII/ptolemy/actor/lib/test/auto/ArrayToElements.xml
----------------- Instantiating /home/travis/build/icyphy/ptII/ptolemy/actor/lib/test/auto/ArrayToElements.xml
4 ms. Memory: 489472K Free: 302080K (62%)
----------------- Invoking toplevel() on ptolemy.moml.MoMLSimpleApplication@71144a2a
----------------- Done invoking toplevel() on ptolemy.moml.MoMLSimpleApplication@71144a2a
reloadAllAccessors: .ArrayToElements

===========================================================================================
----------------- testing Tue Jul 09 18:21:46 UTC 2019 /home/travis/build/icyphy/ptII/ptolemy/actor/lib/test/auto/ArrayToMatrix.xml
----------------- Instantiating /home/travis/build/icyphy/ptII/ptolemy/actor/lib/test/auto/ArrayToMatrix.xml
11 ms. Memory: 489472K Free: 288254K (59%)
----------------- Invoking toplevel() on ptolemy.moml.MoMLSimpleApplication@784e0ccf
----------------- Done invoking toplevel() on ptolemy.moml.MoMLSimpleApplication@784e0ccf
reloadAllAccessors: .ArrayToMatrix

===========================================================================================
----------------- testing Tue Jul 09 18:21:46 UTC 2019 /home/travis/build/icyphy/ptII/ptolemy/actor/lib/test/auto/ArrayUpdate1.xml
----------------- Instantiating /home/travis/build/icyphy/ptII/ptolemy/actor/lib/test/auto/ArrayUpdate1.xml
3 ms. Memory: 489472K Free: 283134K (58%)
----------------- Invoking toplevel() on ptolemy.moml.MoMLSimpleApplication@594c4f8b
----------------- Done invoking toplevel() on ptolemy.moml.MoMLSimpleApplication@594c4f8b
reloadAllAccessors: .ArrayUpdate1

===========================================================================================
----------------- testing Tue Jul 09 18:21:46 UTC 2019 /home/travis/build/icyphy/ptII/ptolemy/actor/lib/test/auto/ArrayUpdate2.xml
----------------- Instantiating /home/travis/build/icyphy/ptII/ptolemy/actor/lib/test/auto/ArrayUpdate2.xml
4 ms. Memory: 489472K Free: 276990K (57%)
----------------- Invoking toplevel() on ptolemy.moml.MoMLSimpleApplication@2404e3cf
----------------- Done invoking toplevel() on ptolemy.moml.MoMLSimpleApplication@2404e3cf
reloadAllAccessors: .ArrayUpdate2

===========================================================================================
----------------- testing Tue Jul 09 18:21:46 UTC 2019 /home/travis/build/icyphy/ptII/ptolemy/actor/lib/test/auto/ArrayUpdate3.xml
----------------- Instantiating /home/travis/build/icyphy/ptII/ptolemy/actor/lib/test/auto/ArrayUpdate3.xml
2 ms. Memory: 489472K Free: 271870K (56%)
----------------- Invoking toplevel() on ptolemy.moml.MoMLSimpleApplication@5782730c
----------------- Done invoking toplevel() on ptolemy.moml.MoMLSimpleApplication@5782730c
reloadAllAccessors: .ArrayUpdate3

===========================================================================================
----------------- testing Tue Jul 09 18:21:46 UTC 2019 /home/travis/build/icyphy/ptII/ptolemy/actor/lib/test/auto/Assert1.xml
----------------- Instantiating /home/travis/build/icyphy/ptII/ptolemy/actor/lib/test/auto/Assert1.xml
6 ms. Memory: 489472K Free: 267774K (55%)
----------------- Invoking toplevel() on ptolemy.moml.MoMLSimpleApplication@6da547a4
----------------- Done invoking toplevel() on ptolemy.moml.MoMLSimpleApplication@6da547a4
reloadAllAccessors: .Assert1

===========================================================================================
----------------- testing Tue Jul 09 18:21:46 UTC 2019 /home/travis/build/icyphy/ptII/ptolemy/actor/lib/test/auto/Assert2.xml
----------------- Instantiating /home/travis/build/icyphy/ptII/ptolemy/actor/lib/test/auto/Assert2.xml
3 ms. Memory: 489472K Free: 262654K (54%)
----------------- Invoking toplevel() on ptolemy.moml.MoMLSimpleApplication@62f855b5
----------------- Done invoking toplevel() on ptolemy.moml.MoMLSimpleApplication@62f855b5
reloadAllAccessors: .Assert2

===========================================================================================
----------------- testing Tue Jul 09 18:21:46 UTC 2019 /home/travis/build/icyphy/ptII/ptolemy/actor/lib/test/auto/BooleanMultiplexor.xml
----------------- Instantiating /home/travis/build/icyphy/ptII/ptolemy/actor/lib/test/auto/BooleanMultiplexor.xml
5 ms. Memory: 489472K Free: 257503K (53%)
----------------- Invoking toplevel() on ptolemy.moml.MoMLSimpleApplication@270c08cf
----------------- Done invoking toplevel() on ptolemy.moml.MoMLSimpleApplication@270c08cf
reloadAllAccessors: .BooleanMultiplexor

===========================================================================================
----------------- testing Tue Jul 09 18:21:46 UTC 2019 /home/travis/build/icyphy/ptII/ptolemy/actor/lib/test/auto/BooleanMultiplexor2.xml
----------------- Instantiating /home/travis/build/icyphy/ptII/ptolemy/actor/lib/test/auto/BooleanMultiplexor2.xml
15 ms. Memory: 489472K Free: 250880K (51%)
----------------- Invoking toplevel() on ptolemy.moml.MoMLSimpleApplication@1223e06f
----------------- Done invoking toplevel() on ptolemy.moml.MoMLSimpleApplication@1223e06f
reloadAllAccessors: .BooleanMultiplexor2

===========================================================================================
----------------- testing Tue Jul 09 18:21:46 UTC 2019 /home/travis/build/icyphy/ptII/ptolemy/actor/lib/test/auto/BooleanMultiplexor3.xml
----------------- Instantiating /home/travis/build/icyphy/ptII/ptolemy/actor/lib/test/auto/BooleanMultiplexor3.xml
7 ms. Memory: 489472K Free: 247294K (51%)
----------------- Invoking toplevel() on ptolemy.moml.MoMLSimpleApplication@194e0747
----------------- Done invoking toplevel() on ptolemy.moml.MoMLSimpleApplication@194e0747
reloadAllAccessors: .BooleanMultiplexor3

===========================================================================================
----------------- testing Tue Jul 09 18:21:47 UTC 2019 /home/travis/build/icyphy/ptII/ptolemy/actor/lib/test/auto/BooleanSelect.xml
----------------- Instantiating /home/travis/build/icyphy/ptII/ptolemy/actor/lib/test/auto/BooleanSelect.xml
6 ms. Memory: 489472K Free: 241119K (49%)
----------------- Invoking toplevel() on ptolemy.moml.MoMLSimpleApplication@24433bbb
----------------- Done invoking toplevel() on ptolemy.moml.MoMLSimpleApplication@24433bbb
reloadAllAccessors: .BooleanSelect

===========================================================================================
----------------- testing Tue Jul 09 18:21:47 UTC 2019 /home/travis/build/icyphy/ptII/ptolemy/actor/lib/test/auto/BooleanSelect2.xml
----------------- Instantiating /home/travis/build/icyphy/ptII/ptolemy/actor/lib/test/auto/BooleanSelect2.xml
4 ms. Memory: 489472K Free: 237054K (48%)
----------------- Invoking toplevel() on ptolemy.moml.MoMLSimpleApplication@227eb1e
----------------- Done invoking toplevel() on ptolemy.moml.MoMLSimpleApplication@227eb1e
reloadAllAccessors: .BooleanSelect2

===========================================================================================
----------------- testing Tue Jul 09 18:21:47 UTC 2019 /home/travis/build/icyphy/ptII/ptolemy/actor/lib/test/auto/BooleanSwitch.xml
----------------- Instantiating /home/travis/build/icyphy/ptII/ptolemy/actor/lib/test/auto/BooleanSwitch.xml
12 ms. Memory: 489472K Free: 442510K (90%)
----------------- Invoking toplevel() on ptolemy.moml.MoMLSimpleApplication@7934b2e1
----------------- Done invoking toplevel() on ptolemy.moml.MoMLSimpleApplication@7934b2e1
reloadAllAccessors: .BooleanSwitch

===========================================================================================
----------------- testing Tue Jul 09 18:21:47 UTC 2019 /home/travis/build/icyphy/ptII/ptolemy/actor/lib/test/auto/BooleanSwitch2.xml
----------------- Instantiating /home/travis/build/icyphy/ptII/ptolemy/actor/lib/test/auto/BooleanSwitch2.xml
2 ms. Memory: 489472K Free: 437246K (89%)
----------------- Invoking toplevel() on ptolemy.moml.MoMLSimpleApplication@524db6ea
----------------- Done invoking toplevel() on ptolemy.moml.MoMLSimpleApplication@524db6ea
reloadAllAccessors: .BooleanSwitch2

===========================================================================================
----------------- testing Tue Jul 09 18:21:47 UTC 2019 /home/travis/build/icyphy/ptII/ptolemy/actor/lib/test/auto/BooleanSwitchCloningBugWithClassRelationGroup.xml
----------------- Instantiating /home/travis/build/icyphy/ptII/ptolemy/actor/lib/test/auto/BooleanSwitchCloningBugWithClassRelationGroup.xml
4 ms. Memory: 489472K Free: 431102K (88%)
----------------- Invoking toplevel() on ptolemy.moml.MoMLSimpleApplication@5e9475b
----------------- Done invoking toplevel() on ptolemy.moml.MoMLSimpleApplication@5e9475b
reloadAllAccessors: .BooleanSwitchCloningBugWithClassRelationGroup

===========================================================================================
----------------- testing Tue Jul 09 18:21:47 UTC 2019 /home/travis/build/icyphy/ptII/ptolemy/actor/lib/test/auto/BusActors.xml
----------------- Instantiating /home/travis/build/icyphy/ptII/ptolemy/actor/lib/test/auto/BusActors.xml
15 ms. Memory: 489472K Free: 423424K (87%)
----------------- Invoking toplevel() on ptolemy.moml.MoMLSimpleApplication@84b758e
----------------- Done invoking toplevel() on ptolemy.moml.MoMLSimpleApplication@84b758e
reloadAllAccessors: .BusActors

===========================================================================================
----------------- testing Tue Jul 09 18:21:47 UTC 2019 /home/travis/build/icyphy/ptII/ptolemy/actor/lib/test/auto/ClassWrapper.xml
----------------- Instantiating /home/travis/build/icyphy/ptII/ptolemy/actor/lib/test/auto/ClassWrapper.xml
4 ms. Memory: 489472K Free: 419328K (86%)
----------------- Invoking toplevel() on ptolemy.moml.MoMLSimpleApplication@4b95e79e
----------------- Done invoking toplevel() on ptolemy.moml.MoMLSimpleApplication@4b95e79e
reloadAllAccessors: .ClassWrapper

===========================================================================================
----------------- testing Tue Jul 09 18:21:47 UTC 2019 /home/travis/build/icyphy/ptII/ptolemy/actor/lib/test/auto/Clock.xml
----------------- Instantiating /home/travis/build/icyphy/ptII/ptolemy/actor/lib/test/auto/Clock.xml
4 ms. Memory: 489472K Free: 415232K (85%)
----------------- Invoking toplevel() on ptolemy.moml.MoMLSimpleApplication@cb44e79
----------------- Done invoking toplevel() on ptolemy.moml.MoMLSimpleApplication@cb44e79
reloadAllAccessors: .Clock

===========================================================================================
----------------- testing Tue Jul 09 18:21:47 UTC 2019 /home/travis/build/icyphy/ptII/ptolemy/actor/lib/test/auto/Clock10.xml
----------------- Instantiating /home/travis/build/icyphy/ptII/ptolemy/actor/lib/test/auto/Clock10.xml
2 ms. Memory: 489472K Free: 409598K (84%)
----------------- Invoking toplevel() on ptolemy.moml.MoMLSimpleApplication@4c0f7ef2
----------------- Done invoking toplevel() on ptolemy.moml.MoMLSimpleApplication@4c0f7ef2
reloadAllAccessors: .Clock10

===========================================================================================
----------------- testing Tue Jul 09 18:21:47 UTC 2019 /home/travis/build/icyphy/ptII/ptolemy/actor/lib/test/auto/Clock11.xml
----------------- Instantiating /home/travis/build/icyphy/ptII/ptolemy/actor/lib/test/auto/Clock11.xml
2 ms. Memory: 489472K Free: 403454K (82%)
----------------- Invoking toplevel() on ptolemy.moml.MoMLSimpleApplication@415ba88
----------------- Done invoking toplevel() on ptolemy.moml.MoMLSimpleApplication@415ba88
reloadAllAccessors: .Clock11

===========================================================================================
----------------- testing Tue Jul 09 18:21:47 UTC 2019 /home/travis/build/icyphy/ptII/ptolemy/actor/lib/test/auto/Clock12.xml
----------------- Instantiating /home/travis/build/icyphy/ptII/ptolemy/actor/lib/test/auto/Clock12.xml
3 ms. Memory: 489472K Free: 397824K (81%)
----------------- Invoking toplevel() on ptolemy.moml.MoMLSimpleApplication@3c51264
----------------- Done invoking toplevel() on ptolemy.moml.MoMLSimpleApplication@3c51264
reloadAllAccessors: .Clock12

===========================================================================================
----------------- testing Tue Jul 09 18:21:47 UTC 2019 /home/travis/build/icyphy/ptII/ptolemy/actor/lib/test/auto/Clock13.xml
----------------- Instantiating /home/travis/build/icyphy/ptII/ptolemy/actor/lib/test/auto/Clock13.xml
3 ms. Memory: 489472K Free: 391680K (80%)
----------------- Invoking toplevel() on ptolemy.moml.MoMLSimpleApplication@654e51ca
----------------- Done invoking toplevel() on ptolemy.moml.MoMLSimpleApplication@654e51ca
reloadAllAccessors: .Clock13

===========================================================================================
----------------- testing Tue Jul 09 18:21:47 UTC 2019 /home/travis/build/icyphy/ptII/ptolemy/actor/lib/test/auto/Clock14.xml
----------------- Instantiating /home/travis/build/icyphy/ptII/ptolemy/actor/lib/test/auto/Clock14.xml
2 ms. Memory: 489472K Free: 386031K (79%)
----------------- Invoking toplevel() on ptolemy.moml.MoMLSimpleApplication@54979ac0
----------------- Done invoking toplevel() on ptolemy.moml.MoMLSimpleApplication@54979ac0
reloadAllAccessors: .Clock14

===========================================================================================
----------------- testing Tue Jul 09 18:21:47 UTC 2019 /home/travis/build/icyphy/ptII/ptolemy/actor/lib/test/auto/Clock15.xml
----------------- Instantiating /home/travis/build/icyphy/ptII/ptolemy/actor/lib/test/auto/Clock15.xml
3 ms. Memory: 489472K Free: 379871K (78%)
----------------- Invoking toplevel() on ptolemy.moml.MoMLSimpleApplication@7ee9b8e7
----------------- Done invoking toplevel() on ptolemy.moml.MoMLSimpleApplication@7ee9b8e7
reloadAllAccessors: .Clock15

===========================================================================================
----------------- testing Tue Jul 09 18:21:47 UTC 2019 /home/travis/build/icyphy/ptII/ptolemy/actor/lib/test/auto/Clock16.xml
----------------- Instantiating /home/travis/build/icyphy/ptII/ptolemy/actor/lib/test/auto/Clock16.xml
27 ms. Memory: 489472K Free: 365566K (75%)
----------------- Invoking toplevel() on ptolemy.moml.MoMLSimpleApplication@7605b6a3
----------------- Done invoking toplevel() on ptolemy.moml.MoMLSimpleApplication@7605b6a3
reloadAllAccessors: .Clock16

===========================================================================================
----------------- testing Tue Jul 09 18:21:47 UTC 2019 /home/travis/build/icyphy/ptII/ptolemy/actor/lib/test/auto/Clock17.xml
----------------- Instantiating /home/travis/build/icyphy/ptII/ptolemy/actor/lib/test/auto/Clock17.xml
14 ms. Memory: 489472K Free: 351744K (72%)
----------------- Invoking toplevel() on ptolemy.moml.MoMLSimpleApplication@2099b005
----------------- Done invoking toplevel() on ptolemy.moml.MoMLSimpleApplication@2099b005
reloadAllAccessors: .Clock17

===========================================================================================
----------------- testing Tue Jul 09 18:21:47 UTC 2019 /home/travis/build/icyphy/ptII/ptolemy/actor/lib/test/auto/Clock18.xml
----------------- Instantiating /home/travis/build/icyphy/ptII/ptolemy/actor/lib/test/auto/Clock18.xml
27 ms. Memory: 489472K Free: 338432K (69%)
----------------- Invoking toplevel() on ptolemy.moml.MoMLSimpleApplication@264780b9
----------------- Done invoking toplevel() on ptolemy.moml.MoMLSimpleApplication@264780b9
reloadAllAccessors: .Clock18

===========================================================================================
----------------- testing Tue Jul 09 18:21:47 UTC 2019 /home/travis/build/icyphy/ptII/ptolemy/actor/lib/test/auto/Clock19.xml
----------------- Instantiating /home/travis/build/icyphy/ptII/ptolemy/actor/lib/test/auto/Clock19.xml
12 ms. Memory: 489472K Free: 325630K (67%)
----------------- Invoking toplevel() on ptolemy.moml.MoMLSimpleApplication@3fc10b61
----------------- Done invoking toplevel() on ptolemy.moml.MoMLSimpleApplication@3fc10b61
reloadAllAccessors: .Clock19

===========================================================================================
----------------- testing Tue Jul 09 18:21:47 UTC 2019 /home/travis/build/icyphy/ptII/ptolemy/actor/lib/test/auto/Clock2.xml
----------------- Instantiating /home/travis/build/icyphy/ptII/ptolemy/actor/lib/test/auto/Clock2.xml
4 ms. Memory: 489472K Free: 321024K (66%)
----------------- Invoking toplevel() on ptolemy.moml.MoMLSimpleApplication@68e270cd
----------------- Done invoking toplevel() on ptolemy.moml.MoMLSimpleApplication@68e270cd
reloadAllAccessors: .Clock2

===========================================================================================
----------------- testing Tue Jul 09 18:21:47 UTC 2019 /home/travis/build/icyphy/ptII/ptolemy/actor/lib/test/auto/Clock20.xml
----------------- Instantiating /home/travis/build/icyphy/ptII/ptolemy/actor/lib/test/auto/Clock20.xml
17 ms. Memory: 489472K Free: 315904K (65%)
----------------- Invoking toplevel() on ptolemy.moml.MoMLSimpleApplication@19af2d08
----------------- Done invoking toplevel() on ptolemy.moml.MoMLSimpleApplication@19af2d08
reloadAllAccessors: .Clock20

===========================================================================================
----------------- testing Tue Jul 09 18:21:47 UTC 2019 /home/travis/build/icyphy/ptII/ptolemy/actor/lib/test/auto/Clock21.xml
----------------- Instantiating /home/travis/build/icyphy/ptII/ptolemy/actor/lib/test/auto/Clock21.xml
5 ms. Memory: 489472K Free: 310270K (63%)
----------------- Invoking toplevel() on ptolemy.moml.MoMLSimpleApplication@53832568
----------------- Done invoking toplevel() on ptolemy.moml.MoMLSimpleApplication@53832568
reloadAllAccessors: .Clock21

===========================================================================================
----------------- testing Tue Jul 09 18:21:47 UTC 2019 /home/travis/build/icyphy/ptII/ptolemy/actor/lib/test/auto/Clock22.xml
----------------- Instantiating /home/travis/build/icyphy/ptII/ptolemy/actor/lib/test/auto/Clock22.xml
3 ms. Memory: 489472K Free: 305150K (62%)
----------------- Invoking toplevel() on ptolemy.moml.MoMLSimpleApplication@59d71163
----------------- Done invoking toplevel() on ptolemy.moml.MoMLSimpleApplication@59d71163
reloadAllAccessors: .Clock22

===========================================================================================
----------------- testing Tue Jul 09 18:21:47 UTC 2019 /home/travis/build/icyphy/ptII/ptolemy/actor/lib/test/auto/Clock23.xml
----------------- Instantiating /home/travis/build/icyphy/ptII/ptolemy/actor/lib/test/auto/Clock23.xml
4 ms. Memory: 489472K Free: 299520K (61%)
----------------- Invoking toplevel() on ptolemy.moml.MoMLSimpleApplication@31f02fc1
----------------- Done invoking toplevel() on ptolemy.moml.MoMLSimpleApplication@31f02fc1
reloadAllAccessors: .Clock23

===========================================================================================
----------------- testing Tue Jul 09 18:21:47 UTC 2019 /home/travis/build/icyphy/ptII/ptolemy/actor/lib/test/auto/Clock24.xml
----------------- Instantiating /home/travis/build/icyphy/ptII/ptolemy/actor/lib/test/auto/Clock24.xml
5 ms. Memory: 489472K Free: 293886K (60%)
----------------- Invoking toplevel() on ptolemy.moml.MoMLSimpleApplication@319ef7b2
----------------- Done invoking toplevel() on ptolemy.moml.MoMLSimpleApplication@319ef7b2
reloadAllAccessors: .Clock24

===========================================================================================
----------------- testing Tue Jul 09 18:21:47 UTC 2019 /home/travis/build/icyphy/ptII/ptolemy/actor/lib/test/auto/Clock4.xml
----------------- Instantiating /home/travis/build/icyphy/ptII/ptolemy/actor/lib/test/auto/Clock4.xml
2 ms. Memory: 489472K Free: 289280K (59%)
----------------- Invoking toplevel() on ptolemy.moml.MoMLSimpleApplication@39b3fd28
----------------- Done invoking toplevel() on ptolemy.moml.MoMLSimpleApplication@39b3fd28
reloadAllAccessors: .Clock4

===========================================================================================
----------------- testing Tue Jul 09 18:21:47 UTC 2019 /home/travis/build/icyphy/ptII/ptolemy/actor/lib/test/auto/Clock5.xml
----------------- Instantiating /home/travis/build/icyphy/ptII/ptolemy/actor/lib/test/auto/Clock5.xml
2 ms. Memory: 489472K Free: 283631K (58%)
----------------- Invoking toplevel() on ptolemy.moml.MoMLSimpleApplication@2757483e
----------------- Done invoking toplevel() on ptolemy.moml.MoMLSimpleApplication@2757483e
reloadAllAccessors: .Clock5

===========================================================================================
----------------- testing Tue Jul 09 18:21:47 UTC 2019 /home/travis/build/icyphy/ptII/ptolemy/actor/lib/test/auto/Clock6.xml
----------------- Instantiating /home/travis/build/icyphy/ptII/ptolemy/actor/lib/test/auto/Clock6.xml
3 ms. Memory: 489472K Free: 280064K (57%)
----------------- Invoking toplevel() on ptolemy.moml.MoMLSimpleApplication@421636a4
----------------- Done invoking toplevel() on ptolemy.moml.MoMLSimpleApplication@421636a4
reloadAllAccessors: .Clock6

===========================================================================================
----------------- testing Tue Jul 09 18:21:47 UTC 2019 /home/travis/build/icyphy/ptII/ptolemy/actor/lib/test/auto/Clock7.xml
----------------- Instantiating /home/travis/build/icyphy/ptII/ptolemy/actor/lib/test/auto/Clock7.xml
3 ms. Memory: 489472K Free: 275454K (56%)
----------------- Invoking toplevel() on ptolemy.moml.MoMLSimpleApplication@655e1593
----------------- Done invoking toplevel() on ptolemy.moml.MoMLSimpleApplication@655e1593
reloadAllAccessors: .Clock7

===========================================================================================
----------------- testing Tue Jul 09 18:21:47 UTC 2019 /home/travis/build/icyphy/ptII/ptolemy/actor/lib/test/auto/Clock8.xml
----------------- Instantiating /home/travis/build/icyphy/ptII/ptolemy/actor/lib/test/auto/Clock8.xml
4 ms. Memory: 489472K Free: 270319K (55%)
----------------- Invoking toplevel() on ptolemy.moml.MoMLSimpleApplication@4c11b427
----------------- Done invoking toplevel() on ptolemy.moml.MoMLSimpleApplication@4c11b427
reloadAllAccessors: .Clock8

===========================================================================================
----------------- testing Tue Jul 09 18:21:47 UTC 2019 /home/travis/build/icyphy/ptII/ptolemy/actor/lib/test/auto/Clock9.xml
----------------- Instantiating /home/travis/build/icyphy/ptII/ptolemy/actor/lib/test/auto/Clock9.xml
7 ms. Memory: 489472K Free: 264704K (54%)
----------------- Invoking toplevel() on ptolemy.moml.MoMLSimpleApplication@be31b99
----------------- Done invoking toplevel() on ptolemy.moml.MoMLSimpleApplication@be31b99
reloadAllAccessors: .Clock9

===========================================================================================
----------------- testing Tue Jul 09 18:21:48 UTC 2019 /home/travis/build/icyphy/ptII/ptolemy/actor/lib/test/auto/CommDistDiscard.xml
----------------- Instantiating /home/travis/build/icyphy/ptII/ptolemy/actor/lib/test/auto/CommDistDiscard.xml
4 ms. Memory: 489472K Free: 259070K (53%)
----------------- Invoking toplevel() on ptolemy.moml.MoMLSimpleApplication@5b099e8a
----------------- Done invoking toplevel() on ptolemy.moml.MoMLSimpleApplication@5b099e8a
reloadAllAccessors: .CommDistDiscard

===========================================================================================
----------------- testing Tue Jul 09 18:21:48 UTC 2019 /home/travis/build/icyphy/ptII/ptolemy/actor/lib/test/auto/Commutator.xml
----------------- Instantiating /home/travis/build/icyphy/ptII/ptolemy/actor/lib/test/auto/Commutator.xml
3 ms. Memory: 489472K Free: 254974K (52%)
----------------- Invoking toplevel() on ptolemy.moml.MoMLSimpleApplication@58d39b89
----------------- Done invoking toplevel() on ptolemy.moml.MoMLSimpleApplication@58d39b89
reloadAllAccessors: .Commutator

===========================================================================================
----------------- testing Tue Jul 09 18:21:48 UTC 2019 /home/travis/build/icyphy/ptII/ptolemy/actor/lib/test/auto/Commutator2.xml
----------------- Instantiating /home/travis/build/icyphy/ptII/ptolemy/actor/lib/test/auto/Commutator2.xml
2 ms. Memory: 489472K Free: 250368K (51%)
----------------- Invoking toplevel() on ptolemy.moml.MoMLSimpleApplication@3efc898c
----------------- Done invoking toplevel() on ptolemy.moml.MoMLSimpleApplication@3efc898c
reloadAllAccessors: .Commutator2

===========================================================================================
----------------- testing Tue Jul 09 18:21:48 UTC 2019 /home/travis/build/icyphy/ptII/ptolemy/actor/lib/test/auto/Commutator3.xml
----------------- Instantiating /home/travis/build/icyphy/ptII/ptolemy/actor/lib/test/auto/Commutator3.xml
2 ms. Memory: 489472K Free: 246272K (50%)
----------------- Invoking toplevel() on ptolemy.moml.MoMLSimpleApplication@16c900b8
----------------- Done invoking toplevel() on ptolemy.moml.MoMLSimpleApplication@16c900b8
reloadAllAccessors: .Commutator3

===========================================================================================
----------------- testing Tue Jul 09 18:21:48 UTC 2019 /home/travis/build/icyphy/ptII/ptolemy/actor/lib/test/auto/Compare.xml
----------------- Instantiating /home/travis/build/icyphy/ptII/ptolemy/actor/lib/test/auto/Compare.xml
2 ms. Memory: 489472K Free: 239614K (49%)
----------------- Invoking toplevel() on ptolemy.moml.MoMLSimpleApplication@59b3a13a
----------------- Done invoking toplevel() on ptolemy.moml.MoMLSimpleApplication@59b3a13a
reloadAllAccessors: .Compare

===========================================================================================
----------------- testing Tue Jul 09 18:21:48 UTC 2019 /home/travis/build/icyphy/ptII/ptolemy/actor/lib/test/auto/CompareDE.xml
----------------- Instantiating /home/travis/build/icyphy/ptII/ptolemy/actor/lib/test/auto/CompareDE.xml
4 ms. Memory: 489472K Free: 232431K (47%)
----------------- Invoking toplevel() on ptolemy.moml.MoMLSimpleApplication@15cfaae9
----------------- Done invoking toplevel() on ptolemy.moml.MoMLSimpleApplication@15cfaae9
reloadAllAccessors: .CompareDE

===========================================================================================
----------------- testing Tue Jul 09 18:21:48 UTC 2019 /home/travis/build/icyphy/ptII/ptolemy/actor/lib/test/auto/ComplexDivide.xml
----------------- Instantiating /home/travis/build/icyphy/ptII/ptolemy/actor/lib/test/auto/ComplexDivide.xml
2 ms. Memory: 489472K Free: 228864K (47%)
----------------- Invoking toplevel() on ptolemy.moml.MoMLSimpleApplication@1cbc09f2
----------------- Done invoking toplevel() on ptolemy.moml.MoMLSimpleApplication@1cbc09f2
reloadAllAccessors: .ComplexDivide

===========================================================================================
----------------- testing Tue Jul 09 18:21:48 UTC 2019 /home/travis/build/icyphy/ptII/ptolemy/actor/lib/test/auto/ComputeHistogram.xml
----------------- Instantiating /home/travis/build/icyphy/ptII/ptolemy/actor/lib/test/auto/ComputeHistogram.xml
38 ms. Memory: 489472K Free: 216062K (44%)
----------------- Invoking toplevel() on ptolemy.moml.MoMLSimpleApplication@1e54fb81
----------------- Done invoking toplevel() on ptolemy.moml.MoMLSimpleApplication@1e54fb81
reloadAllAccessors: .ComputeHistogram

===========================================================================================
----------------- testing Tue Jul 09 18:21:48 UTC 2019 /home/travis/build/icyphy/ptII/ptolemy/actor/lib/test/auto/ConfigurationSelect.xml
----------------- Instantiating /home/travis/build/icyphy/ptII/ptolemy/actor/lib/test/auto/ConfigurationSelect.xml
9 ms. Memory: 489472K Free: 210911K (43%)
----------------- Invoking toplevel() on ptolemy.moml.MoMLSimpleApplication@5b16959f
----------------- Done invoking toplevel() on ptolemy.moml.MoMLSimpleApplication@5b16959f
reloadAllAccessors: .ConfigurationSelect

===========================================================================================
----------------- testing Tue Jul 09 18:21:48 UTC 2019 /home/travis/build/icyphy/ptII/ptolemy/actor/lib/test/auto/ConfigurationSelect2.xml
----------------- Instantiating /home/travis/build/icyphy/ptII/ptolemy/actor/lib/test/auto/ConfigurationSelect2.xml
1 ms. Memory: 489472K Free: 206336K (42%)
----------------- Invoking toplevel() on ptolemy.moml.MoMLSimpleApplication@1109cc22
----------------- Done invoking toplevel() on ptolemy.moml.MoMLSimpleApplication@1109cc22
reloadAllAccessors: .ConfigurationSelect2

===========================================================================================
----------------- testing Tue Jul 09 18:21:48 UTC 2019 /home/travis/build/icyphy/ptII/ptolemy/actor/lib/test/auto/ConfigurationSwitch.xml
----------------- Instantiating /home/travis/build/icyphy/ptII/ptolemy/actor/lib/test/auto/ConfigurationSwitch.xml
8 ms. Memory: 489472K Free: 200702K (41%)
----------------- Invoking toplevel() on ptolemy.moml.MoMLSimpleApplication@f10b896
----------------- Done invoking toplevel() on ptolemy.moml.MoMLSimpleApplication@f10b896
reloadAllAccessors: .ConfigurationSwitch

===========================================================================================
----------------- testing Tue Jul 09 18:21:48 UTC 2019 /home/travis/build/icyphy/ptII/ptolemy/actor/lib/test/auto/ConfigurationSwitch2.xml
----------------- Instantiating /home/travis/build/icyphy/ptII/ptolemy/actor/lib/test/auto/ConfigurationSwitch2.xml
3 ms. Memory: 489472K Free: 195582K (40%)
----------------- Invoking toplevel() on ptolemy.moml.MoMLSimpleApplication@6e6cc4f1
----------------- Done invoking toplevel() on ptolemy.moml.MoMLSimpleApplication@6e6cc4f1
reloadAllAccessors: .ConfigurationSwitch2

===========================================================================================
----------------- testing Tue Jul 09 18:21:48 UTC 2019 /home/travis/build/icyphy/ptII/ptolemy/actor/lib/test/auto/ConfigurationSwitchCloningBugWithClassRelationGroup.xml
----------------- Instantiating /home/travis/build/icyphy/ptII/ptolemy/actor/lib/test/auto/ConfigurationSwitchCloningBugWithClassRelationGroup.xml
2 ms. Memory: 489472K Free: 188928K (39%)
----------------- Invoking toplevel() on ptolemy.moml.MoMLSimpleApplication@77add38b
----------------- Done invoking toplevel() on ptolemy.moml.MoMLSimpleApplication@77add38b
reloadAllAccessors: .ConfigurationSwitchCloningBugWithClassRelationGroup

===========================================================================================
----------------- testing Tue Jul 09 18:21:48 UTC 2019 /home/travis/build/icyphy/ptII/ptolemy/actor/lib/test/auto/ConfigurationSwitchSelectSDF.xml
----------------- Instantiating /home/travis/build/icyphy/ptII/ptolemy/actor/lib/test/auto/ConfigurationSwitchSelectSDF.xml
6 ms. Memory: 489472K Free: 182784K (37%)
----------------- Invoking toplevel() on ptolemy.moml.MoMLSimpleApplication@3e7c1549
----------------- Done invoking toplevel() on ptolemy.moml.MoMLSimpleApplication@3e7c1549
reloadAllAccessors: .ConfigurationSwitchSelectSDF

===========================================================================================
----------------- testing Tue Jul 09 18:21:48 UTC 2019 /home/travis/build/icyphy/ptII/ptolemy/actor/lib/test/auto/ConfigurationSwitchSelectSDF2.xml
----------------- Instantiating /home/travis/build/icyphy/ptII/ptolemy/actor/lib/test/auto/ConfigurationSwitchSelectSDF2.xml
3 ms. Memory: 489472K Free: 177150K (36%)
----------------- Invoking toplevel() on ptolemy.moml.MoMLSimpleApplication@69c976be
----------------- Done invoking toplevel() on ptolemy.moml.MoMLSimpleApplication@69c976be
reloadAllAccessors: .ConfigurationSwitchSelectSDF2

===========================================================================================
----------------- testing Tue Jul 09 18:21:48 UTC 2019 /home/travis/build/icyphy/ptII/ptolemy/actor/lib/test/auto/Const.xml
----------------- Instantiating /home/travis/build/icyphy/ptII/ptolemy/actor/lib/test/auto/Const.xml
1 ms. Memory: 489472K Free: 173568K (35%)
----------------- Invoking toplevel() on ptolemy.moml.MoMLSimpleApplication@6801af90
----------------- Done invoking toplevel() on ptolemy.moml.MoMLSimpleApplication@6801af90
reloadAllAccessors: .Const

===========================================================================================
----------------- testing Tue Jul 09 18:21:48 UTC 2019 /home/travis/build/icyphy/ptII/ptolemy/actor/lib/test/auto/Const2.xml
----------------- Instantiating /home/travis/build/icyphy/ptII/ptolemy/actor/lib/test/auto/Const2.xml
1 ms. Memory: 489472K Free: 169472K (35%)
----------------- Invoking toplevel() on ptolemy.moml.MoMLSimpleApplication@6ff72f05
----------------- Done invoking toplevel() on ptolemy.moml.MoMLSimpleApplication@6ff72f05
reloadAllAccessors: .Const2

===========================================================================================
----------------- testing Tue Jul 09 18:21:48 UTC 2019 /home/travis/build/icyphy/ptII/ptolemy/actor/lib/test/auto/Const3.xml
----------------- Instantiating /home/travis/build/icyphy/ptII/ptolemy/actor/lib/test/auto/Const3.xml
1 ms. Memory: 489472K Free: 166910K (34%)
----------------- Invoking toplevel() on ptolemy.moml.MoMLSimpleApplication@78e903d3
----------------- Done invoking toplevel() on ptolemy.moml.MoMLSimpleApplication@78e903d3
reloadAllAccessors: .Const3

===========================================================================================
----------------- testing Tue Jul 09 18:21:48 UTC 2019 /home/travis/build/icyphy/ptII/ptolemy/actor/lib/test/auto/ConstantPublisherPort1.xml
----------------- Instantiating /home/travis/build/icyphy/ptII/ptolemy/actor/lib/test/auto/ConstantPublisherPort1.xml
5 ms. Memory: 489472K Free: 158208K (32%)
----------------- Invoking toplevel() on ptolemy.moml.MoMLSimpleApplication@36937ed0
----------------- Done invoking toplevel() on ptolemy.moml.MoMLSimpleApplication@36937ed0
reloadAllAccessors: .ConstantPublisherPort1

===========================================================================================
----------------- testing Tue Jul 09 18:21:48 UTC 2019 /home/travis/build/icyphy/ptII/ptolemy/actor/lib/test/auto/ConstantPublisherPort2.xml
----------------- Instantiating /home/travis/build/icyphy/ptII/ptolemy/actor/lib/test/auto/ConstantPublisherPort2.xml
18 ms. Memory: 489472K Free: 441917K (90%)
----------------- Invoking toplevel() on ptolemy.moml.MoMLSimpleApplication@535d9c4e
----------------- Done invoking toplevel() on ptolemy.moml.MoMLSimpleApplication@535d9c4e
reloadAllAccessors: .ConstantPublisherPort2

===========================================================================================
----------------- testing Tue Jul 09 18:21:48 UTC 2019 /home/travis/build/icyphy/ptII/ptolemy/actor/lib/test/auto/ConstantPublisherPort3.xml
----------------- Instantiating /home/travis/build/icyphy/ptII/ptolemy/actor/lib/test/auto/ConstantPublisherPort3.xml
6 ms. Memory: 489472K Free: 433727K (89%)
----------------- Invoking toplevel() on ptolemy.moml.MoMLSimpleApplication@342b8aa
----------------- Done invoking toplevel() on ptolemy.moml.MoMLSimpleApplication@342b8aa
reloadAllAccessors: .ConstantPublisherPort3

===========================================================================================
----------------- testing Tue Jul 09 18:21:48 UTC 2019 /home/travis/build/icyphy/ptII/ptolemy/actor/lib/test/auto/ConstantPublisherPort4.xml
----------------- Instantiating /home/travis/build/icyphy/ptII/ptolemy/actor/lib/test/auto/ConstantPublisherPort4.xml
4 ms. Memory: 489472K Free: 427583K (87%)
----------------- Invoking toplevel() on ptolemy.moml.MoMLSimpleApplication@7a325437
----------------- Done invoking toplevel() on ptolemy.moml.MoMLSimpleApplication@7a325437
reloadAllAccessors: .ConstantPublisherPort4

===========================================================================================
----------------- testing Tue Jul 09 18:21:48 UTC 2019 /home/travis/build/icyphy/ptII/ptolemy/actor/lib/test/auto/ConstantPublisherPort5.xml
----------------- Instantiating /home/travis/build/icyphy/ptII/ptolemy/actor/lib/test/auto/ConstantPublisherPort5.xml
37 ms. Memory: 489472K Free: 417343K (85%)
----------------- Invoking toplevel() on ptolemy.moml.MoMLSimpleApplication@3e4a9e22
----------------- Done invoking toplevel() on ptolemy.moml.MoMLSimpleApplication@3e4a9e22
reloadAllAccessors: .ConstantPublisherPort5

===========================================================================================
----------------- testing Tue Jul 09 18:21:48 UTC 2019 /home/travis/build/icyphy/ptII/ptolemy/actor/lib/test/auto/ConstantPublisherPort6.xml
----------------- Instantiating /home/travis/build/icyphy/ptII/ptolemy/actor/lib/test/auto/ConstantPublisherPort6.xml
31 ms. Memory: 489472K Free: 408127K (83%)
----------------- Invoking toplevel() on ptolemy.moml.MoMLSimpleApplication@5f018846
----------------- Done invoking toplevel() on ptolemy.moml.MoMLSimpleApplication@5f018846
reloadAllAccessors: .ConstantPublisherPort6

===========================================================================================
----------------- testing Tue Jul 09 18:21:48 UTC 2019 /home/travis/build/icyphy/ptII/ptolemy/actor/lib/test/auto/ConstantPublisherPort7.xml
----------------- Instantiating /home/travis/build/icyphy/ptII/ptolemy/actor/lib/test/auto/ConstantPublisherPort7.xml
14 ms. Memory: 489472K Free: 398911K (81%)
----------------- Invoking toplevel() on ptolemy.moml.MoMLSimpleApplication@75b87bb9
----------------- Done invoking toplevel() on ptolemy.moml.MoMLSimpleApplication@75b87bb9
reloadAllAccessors: .ConstantPublisherPort7

===========================================================================================
----------------- testing Tue Jul 09 18:21:48 UTC 2019 /home/travis/build/icyphy/ptII/ptolemy/actor/lib/test/auto/ConstraintMonitor1.xml
----------------- Instantiating /home/travis/build/icyphy/ptII/ptolemy/actor/lib/test/auto/ConstraintMonitor1.xml
4 ms. Memory: 489472K Free: 393791K (80%)
----------------- Invoking toplevel() on ptolemy.moml.MoMLSimpleApplication@7fa60283
----------------- Done invoking toplevel() on ptolemy.moml.MoMLSimpleApplication@7fa60283
reloadAllAccessors: .ConstraintMonitor1

===========================================================================================
----------------- testing Tue Jul 09 18:21:48 UTC 2019 /home/travis/build/icyphy/ptII/ptolemy/actor/lib/test/auto/ConstraintMonitor2.xml
----------------- Instantiating /home/travis/build/icyphy/ptII/ptolemy/actor/lib/test/auto/ConstraintMonitor2.xml
6 ms. Memory: 489472K Free: 389181K (80%)
----------------- Invoking toplevel() on ptolemy.moml.MoMLSimpleApplication@12ea8567
----------------- Done invoking toplevel() on ptolemy.moml.MoMLSimpleApplication@12ea8567
reloadAllAccessors: .ConstraintMonitor2

===========================================================================================
----------------- testing Tue Jul 09 18:21:48 UTC 2019 /home/travis/build/icyphy/ptII/ptolemy/actor/lib/test/auto/ConstraintMonitor3.xml
----------------- Instantiating /home/travis/build/icyphy/ptII/ptolemy/actor/lib/test/auto/ConstraintMonitor3.xml
5 ms. Memory: 489472K Free: 384575K (79%)
----------------- Invoking toplevel() on ptolemy.moml.MoMLSimpleApplication@1982fb4b
----------------- Done invoking toplevel() on ptolemy.moml.MoMLSimpleApplication@1982fb4b
reloadAllAccessors: .ConstraintMonitor3

===========================================================================================
----------------- testing Tue Jul 09 18:21:48 UTC 2019 /home/travis/build/icyphy/ptII/ptolemy/actor/lib/test/auto/ConstraintMonitor4.xml
----------------- Instantiating /home/travis/build/icyphy/ptII/ptolemy/actor/lib/test/auto/ConstraintMonitor4.xml
1 ms. Memory: 489472K Free: 379455K (78%)
----------------- Invoking toplevel() on ptolemy.moml.MoMLSimpleApplication@57597ed3
----------------- Done invoking toplevel() on ptolemy.moml.MoMLSimpleApplication@57597ed3
reloadAllAccessors: .ConstraintMonitor4

===========================================================================================
----------------- testing Tue Jul 09 18:21:48 UTC 2019 /home/travis/build/icyphy/ptII/ptolemy/actor/lib/test/auto/ConstraintMonitor5.xml
----------------- Instantiating /home/travis/build/icyphy/ptII/ptolemy/actor/lib/test/auto/ConstraintMonitor5.xml
4 ms. Memory: 489472K Free: 374815K (77%)
----------------- Invoking toplevel() on ptolemy.moml.MoMLSimpleApplication@3f036874
----------------- Done invoking toplevel() on ptolemy.moml.MoMLSimpleApplication@3f036874
reloadAllAccessors: .ConstraintMonitor5

===========================================================================================
----------------- testing Tue Jul 09 18:21:48 UTC 2019 /home/travis/build/icyphy/ptII/ptolemy/actor/lib/test/auto/ConstraintMonitor6.xml
----------------- Instantiating /home/travis/build/icyphy/ptII/ptolemy/actor/lib/test/auto/ConstraintMonitor6.xml
7 ms. Memory: 489472K Free: 368191K (75%)
----------------- Invoking toplevel() on ptolemy.moml.MoMLSimpleApplication@67825d7f
----------------- Done invoking toplevel() on ptolemy.moml.MoMLSimpleApplication@67825d7f
reloadAllAccessors: .ConstraintMonitor6

===========================================================================================
----------------- testing Tue Jul 09 18:21:48 UTC 2019 /home/travis/build/icyphy/ptII/ptolemy/actor/lib/test/auto/ConstraintMonitor7.xml
----------------- Instantiating /home/travis/build/icyphy/ptII/ptolemy/actor/lib/test/auto/ConstraintMonitor7.xml
6 ms. Memory: 489472K Free: 362047K (74%)
----------------- Invoking toplevel() on ptolemy.moml.MoMLSimpleApplication@777f6d38
----------------- Done invoking toplevel() on ptolemy.moml.MoMLSimpleApplication@777f6d38
reloadAllAccessors: .ConstraintMonitor7

===========================================================================================
----------------- testing Tue Jul 09 18:21:48 UTC 2019 /home/travis/build/icyphy/ptII/ptolemy/actor/lib/test/auto/ConstraintMonitor8.xml
----------------- Instantiating /home/travis/build/icyphy/ptII/ptolemy/actor/lib/test/auto/ConstraintMonitor8.xml
6 ms. Memory: 489472K Free: 353855K (72%)
----------------- Invoking toplevel() on ptolemy.moml.MoMLSimpleApplication@296d9cb
----------------- Done invoking toplevel() on ptolemy.moml.MoMLSimpleApplication@296d9cb
reloadAllAccessors: .ConstraintMonitor8

===========================================================================================
----------------- testing Tue Jul 09 18:21:48 UTC 2019 /home/travis/build/icyphy/ptII/ptolemy/actor/lib/test/auto/Counter.xml
----------------- Instantiating /home/travis/build/icyphy/ptII/ptolemy/actor/lib/test/auto/Counter.xml
2 ms. Memory: 489472K Free: 348735K (71%)
----------------- Invoking toplevel() on ptolemy.moml.MoMLSimpleApplication@3b7a9465
----------------- Done invoking toplevel() on ptolemy.moml.MoMLSimpleApplication@3b7a9465
reloadAllAccessors: .Counter

===========================================================================================
----------------- testing Tue Jul 09 18:21:48 UTC 2019 /home/travis/build/icyphy/ptII/ptolemy/actor/lib/test/auto/CurrentTimeSDF.xml
----------------- Instantiating /home/travis/build/icyphy/ptII/ptolemy/actor/lib/test/auto/CurrentTimeSDF.xml
1 ms. Memory: 489472K Free: 345149K (71%)
----------------- Invoking toplevel() on ptolemy.moml.MoMLSimpleApplication@6f669b98
----------------- Done invoking toplevel() on ptolemy.moml.MoMLSimpleApplication@6f669b98
reloadAllAccessors: .CurrentTimeSDF

===========================================================================================
----------------- testing Tue Jul 09 18:21:48 UTC 2019 /home/travis/build/icyphy/ptII/ptolemy/actor/lib/test/auto/DB.xml
----------------- Instantiating /home/travis/build/icyphy/ptII/ptolemy/actor/lib/test/auto/DB.xml
2 ms. Memory: 489472K Free: 340029K (69%)
----------------- Invoking toplevel() on ptolemy.moml.MoMLSimpleApplication@608faedd
----------------- Done invoking toplevel() on ptolemy.moml.MoMLSimpleApplication@608faedd
reloadAllAccessors: .DB

===========================================================================================
----------------- testing Tue Jul 09 18:21:48 UTC 2019 /home/travis/build/icyphy/ptII/ptolemy/actor/lib/test/auto/DBDE.xml
----------------- Instantiating /home/travis/build/icyphy/ptII/ptolemy/actor/lib/test/auto/DBDE.xml
2 ms. Memory: 489472K Free: 333855K (68%)
----------------- Invoking toplevel() on ptolemy.moml.MoMLSimpleApplication@4852cec0
----------------- Done invoking toplevel() on ptolemy.moml.MoMLSimpleApplication@4852cec0
reloadAllAccessors: .DBDE

===========================================================================================
----------------- testing Tue Jul 09 18:21:49 UTC 2019 /home/travis/build/icyphy/ptII/ptolemy/actor/lib/test/auto/DateConstructor.xml
----------------- Instantiating /home/travis/build/icyphy/ptII/ptolemy/actor/lib/test/auto/DateConstructor.xml
25 ms. Memory: 489472K Free: 316477K (65%)
----------------- Invoking toplevel() on ptolemy.moml.MoMLSimpleApplication@4a18691e
----------------- Done invoking toplevel() on ptolemy.moml.MoMLSimpleApplication@4a18691e
reloadAllAccessors: .DateConstructor

===========================================================================================
----------------- testing Tue Jul 09 18:21:49 UTC 2019 /home/travis/build/icyphy/ptII/ptolemy/actor/lib/test/auto/DelayTime.xml
----------------- Instantiating /home/travis/build/icyphy/ptII/ptolemy/actor/lib/test/auto/DelayTime.xml
6 ms. Memory: 489472K Free: 311357K (64%)
----------------- Invoking toplevel() on ptolemy.moml.MoMLSimpleApplication@1f116295
----------------- Done invoking toplevel() on ptolemy.moml.MoMLSimpleApplication@1f116295
reloadAllAccessors: .DelayTime

===========================================================================================
----------------- testing Tue Jul 09 18:21:49 UTC 2019 /home/travis/build/icyphy/ptII/ptolemy/actor/lib/test/auto/Dictionary1.xml
----------------- Instantiating /home/travis/build/icyphy/ptII/ptolemy/actor/lib/test/auto/Dictionary1.xml
1 ms. Memory: 489472K Free: 305727K (62%)
----------------- Invoking toplevel() on ptolemy.moml.MoMLSimpleApplication@79b2b9c
----------------- Done invoking toplevel() on ptolemy.moml.MoMLSimpleApplication@79b2b9c
reloadAllAccessors: .Dictionary1

===========================================================================================
----------------- testing Tue Jul 09 18:21:49 UTC 2019 /home/travis/build/icyphy/ptII/ptolemy/actor/lib/test/auto/Dictionary2.xml
----------------- Instantiating /home/travis/build/icyphy/ptII/ptolemy/actor/lib/test/auto/Dictionary2.xml
4 ms. Memory: 489472K Free: 300607K (61%)
----------------- Invoking toplevel() on ptolemy.moml.MoMLSimpleApplication@1b5a32c9
----------------- Done invoking toplevel() on ptolemy.moml.MoMLSimpleApplication@1b5a32c9
reloadAllAccessors: .Dictionary2

===========================================================================================
----------------- testing Tue Jul 09 18:21:49 UTC 2019 /home/travis/build/icyphy/ptII/ptolemy/actor/lib/test/auto/Dictionary3.xml
----------------- Instantiating /home/travis/build/icyphy/ptII/ptolemy/actor/lib/test/auto/Dictionary3.xml
2 ms. Memory: 489472K Free: 294973K (60%)
----------------- Invoking toplevel() on ptolemy.moml.MoMLSimpleApplication@d0ceb49
----------------- Done invoking toplevel() on ptolemy.moml.MoMLSimpleApplication@d0ceb49
reloadAllAccessors: .Dictionary3

===========================================================================================
----------------- testing Tue Jul 09 18:21:49 UTC 2019 /home/travis/build/icyphy/ptII/ptolemy/actor/lib/test/auto/Dictionary4.xml
----------------- Instantiating /home/travis/build/icyphy/ptII/ptolemy/actor/lib/test/auto/Dictionary4.xml
4 ms. Memory: 489472K Free: 287799K (59%)
----------------- Invoking toplevel() on ptolemy.moml.MoMLSimpleApplication@31a23692
----------------- Done invoking toplevel() on ptolemy.moml.MoMLSimpleApplication@31a23692
reloadAllAccessors: .Dictionary4

===========================================================================================
----------------- testing Tue Jul 09 18:21:49 UTC 2019 /home/travis/build/icyphy/ptII/ptolemy/actor/lib/test/auto/Differential.xml
----------------- Instantiating /home/travis/build/icyphy/ptII/ptolemy/actor/lib/test/auto/Differential.xml
3 ms. Memory: 489472K Free: 283709K (58%)
----------------- Invoking toplevel() on ptolemy.moml.MoMLSimpleApplication@76fa07b2
----------------- Done invoking toplevel() on ptolemy.moml.MoMLSimpleApplication@76fa07b2
reloadAllAccessors: .Differential

===========================================================================================
----------------- testing Tue Jul 09 18:21:49 UTC 2019 /home/travis/build/icyphy/ptII/ptolemy/actor/lib/test/auto/Director.xml
----------------- Instantiating /home/travis/build/icyphy/ptII/ptolemy/actor/lib/test/auto/Director.xml
2 ms. Memory: 489472K Free: 280127K (57%)
----------------- Invoking toplevel() on ptolemy.moml.MoMLSimpleApplication@1ddf52e4
----------------- Done invoking toplevel() on ptolemy.moml.MoMLSimpleApplication@1ddf52e4
reloadAllAccessors: .Director

===========================================================================================
----------------- testing Tue Jul 09 18:21:49 UTC 2019 /home/travis/build/icyphy/ptII/ptolemy/actor/lib/test/auto/DiscreteClock.xml
----------------- Instantiating /home/travis/build/icyphy/ptII/ptolemy/actor/lib/test/auto/DiscreteClock.xml
1 ms. Memory: 489472K Free: 276031K (56%)
----------------- Invoking toplevel() on ptolemy.moml.MoMLSimpleApplication@77b932a3
----------------- Done invoking toplevel() on ptolemy.moml.MoMLSimpleApplication@77b932a3
reloadAllAccessors: .DiscreteClock

===========================================================================================
----------------- testing Tue Jul 09 18:21:49 UTC 2019 /home/travis/build/icyphy/ptII/ptolemy/actor/lib/test/auto/DiscreteClock10.xml
----------------- Instantiating /home/travis/build/icyphy/ptII/ptolemy/actor/lib/test/auto/DiscreteClock10.xml
4 ms. Memory: 489472K Free: 269887K (55%)
----------------- Invoking toplevel() on ptolemy.moml.MoMLSimpleApplication@2c6636c5
----------------- Done invoking toplevel() on ptolemy.moml.MoMLSimpleApplication@2c6636c5
reloadAllAccessors: .DiscreteClock10

===========================================================================================
----------------- testing Tue Jul 09 18:21:49 UTC 2019 /home/travis/build/icyphy/ptII/ptolemy/actor/lib/test/auto/DiscreteClock11.xml
----------------- Instantiating /home/travis/build/icyphy/ptII/ptolemy/actor/lib/test/auto/DiscreteClock11.xml
3 ms. Memory: 489472K Free: 264253K (54%)
----------------- Invoking toplevel() on ptolemy.moml.MoMLSimpleApplication@3a35b899
----------------- Done invoking toplevel() on ptolemy.moml.MoMLSimpleApplication@3a35b899
reloadAllAccessors: .DiscreteClock11

===========================================================================================
----------------- testing Tue Jul 09 18:21:49 UTC 2019 /home/travis/build/icyphy/ptII/ptolemy/actor/lib/test/auto/DiscreteClock12.xml
----------------- Instantiating /home/travis/build/icyphy/ptII/ptolemy/actor/lib/test/auto/DiscreteClock12.xml
4 ms. Memory: 489472K Free: 258109K (53%)
----------------- Invoking toplevel() on ptolemy.moml.MoMLSimpleApplication@58bbc6a1
----------------- Done invoking toplevel() on ptolemy.moml.MoMLSimpleApplication@58bbc6a1
reloadAllAccessors: .DiscreteClock12

===========================================================================================
----------------- testing Tue Jul 09 18:21:49 UTC 2019 /home/travis/build/icyphy/ptII/ptolemy/actor/lib/test/auto/DiscreteClock13.xml
----------------- Instantiating /home/travis/build/icyphy/ptII/ptolemy/actor/lib/test/auto/DiscreteClock13.xml
5 ms. Memory: 489472K Free: 251951K (51%)
----------------- Invoking toplevel() on ptolemy.moml.MoMLSimpleApplication@1d424f02
----------------- Done invoking toplevel() on ptolemy.moml.MoMLSimpleApplication@1d424f02
reloadAllAccessors: .DiscreteClock13

===========================================================================================
----------------- testing Tue Jul 09 18:21:49 UTC 2019 /home/travis/build/icyphy/ptII/ptolemy/actor/lib/test/auto/DiscreteClock14.xml
----------------- Instantiating /home/travis/build/icyphy/ptII/ptolemy/actor/lib/test/auto/DiscreteClock14.xml
5 ms. Memory: 489472K Free: 245815K (50%)
----------------- Invoking toplevel() on ptolemy.moml.MoMLSimpleApplication@3418fade
----------------- Done invoking toplevel() on ptolemy.moml.MoMLSimpleApplication@3418fade
reloadAllAccessors: .DiscreteClock14

===========================================================================================
----------------- testing Tue Jul 09 18:21:49 UTC 2019 /home/travis/build/icyphy/ptII/ptolemy/actor/lib/test/auto/DiscreteClock15.xml
----------------- Instantiating /home/travis/build/icyphy/ptII/ptolemy/actor/lib/test/auto/DiscreteClock15.xml
5 ms. Memory: 489472K Free: 240191K (49%)
----------------- Invoking toplevel() on ptolemy.moml.MoMLSimpleApplication@540fb71f
----------------- Done invoking toplevel() on ptolemy.moml.MoMLSimpleApplication@540fb71f
reloadAllAccessors: .DiscreteClock15

===========================================================================================
----------------- testing Tue Jul 09 18:21:49 UTC 2019 /home/travis/build/icyphy/ptII/ptolemy/actor/lib/test/auto/DiscreteClock16.xml
----------------- Instantiating /home/travis/build/icyphy/ptII/ptolemy/actor/lib/test/auto/DiscreteClock16.xml
19 ms. Memory: 489472K Free: 226879K (46%)
----------------- Invoking toplevel() on ptolemy.moml.MoMLSimpleApplication@7b2149dc
----------------- Done invoking toplevel() on ptolemy.moml.MoMLSimpleApplication@7b2149dc
reloadAllAccessors: .DiscreteClock16

===========================================================================================
----------------- testing Tue Jul 09 18:21:49 UTC 2019 /home/travis/build/icyphy/ptII/ptolemy/actor/lib/test/auto/DiscreteClock17.xml
----------------- Instantiating /home/travis/build/icyphy/ptII/ptolemy/actor/lib/test/auto/DiscreteClock17.xml
18 ms. Memory: 489472K Free: 213039K (44%)
----------------- Invoking toplevel() on ptolemy.moml.MoMLSimpleApplication@1b1ddb5e
----------------- Done invoking toplevel() on ptolemy.moml.MoMLSimpleApplication@1b1ddb5e
reloadAllAccessors: .DiscreteClock17

===========================================================================================
----------------- testing Tue Jul 09 18:21:49 UTC 2019 /home/travis/build/icyphy/ptII/ptolemy/actor/lib/test/auto/DiscreteClock18.xml
----------------- Instantiating /home/travis/build/icyphy/ptII/ptolemy/actor/lib/test/auto/DiscreteClock18.xml
25 ms. Memory: 489472K Free: 199741K (41%)
----------------- Invoking toplevel() on ptolemy.moml.MoMLSimpleApplication@286aa27d
----------------- Done invoking toplevel() on ptolemy.moml.MoMLSimpleApplication@286aa27d
reloadAllAccessors: .DiscreteClock18

===========================================================================================
----------------- testing Tue Jul 09 18:21:49 UTC 2019 /home/travis/build/icyphy/ptII/ptolemy/actor/lib/test/auto/DiscreteClock19.xml
----------------- Instantiating /home/travis/build/icyphy/ptII/ptolemy/actor/lib/test/auto/DiscreteClock19.xml
20 ms. Memory: 489472K Free: 186415K (38%)
----------------- Invoking toplevel() on ptolemy.moml.MoMLSimpleApplication@6d345509
----------------- Done invoking toplevel() on ptolemy.moml.MoMLSimpleApplication@6d345509
reloadAllAccessors: .DiscreteClock19

===========================================================================================
----------------- testing Tue Jul 09 18:21:49 UTC 2019 /home/travis/build/icyphy/ptII/ptolemy/actor/lib/test/auto/DiscreteClock2.xml
----------------- Instantiating /home/travis/build/icyphy/ptII/ptolemy/actor/lib/test/auto/DiscreteClock2.xml
4 ms. Memory: 489472K Free: 181295K (37%)
----------------- Invoking toplevel() on ptolemy.moml.MoMLSimpleApplication@6a80a1cb
----------------- Done invoking toplevel() on ptolemy.moml.MoMLSimpleApplication@6a80a1cb
reloadAllAccessors: .DiscreteClock2

===========================================================================================
----------------- testing Tue Jul 09 18:21:49 UTC 2019 /home/travis/build/icyphy/ptII/ptolemy/actor/lib/test/auto/DiscreteClock20.xml
----------------- Instantiating /home/travis/build/icyphy/ptII/ptolemy/actor/lib/test/auto/DiscreteClock20.xml
8 ms. Memory: 489472K Free: 175679K (36%)
----------------- Invoking toplevel() on ptolemy.moml.MoMLSimpleApplication@86e420
----------------- Done invoking toplevel() on ptolemy.moml.MoMLSimpleApplication@86e420
reloadAllAccessors: .DiscreteClock20

===========================================================================================
----------------- testing Tue Jul 09 18:21:49 UTC 2019 /home/travis/build/icyphy/ptII/ptolemy/actor/lib/test/auto/DiscreteClock21.xml
----------------- Instantiating /home/travis/build/icyphy/ptII/ptolemy/actor/lib/test/auto/DiscreteClock21.xml
6 ms. Memory: 489472K Free: 170045K (35%)
----------------- Invoking toplevel() on ptolemy.moml.MoMLSimpleApplication@4ea33230
----------------- Done invoking toplevel() on ptolemy.moml.MoMLSimpleApplication@4ea33230
reloadAllAccessors: .DiscreteClock21

===========================================================================================
----------------- testing Tue Jul 09 18:21:49 UTC 2019 /home/travis/build/icyphy/ptII/ptolemy/actor/lib/test/auto/DiscreteClock22.xml
----------------- Instantiating /home/travis/build/icyphy/ptII/ptolemy/actor/lib/test/auto/DiscreteClock22.xml
6 ms. Memory: 489472K Free: 164925K (34%)
----------------- Invoking toplevel() on ptolemy.moml.MoMLSimpleApplication@16ec358a
----------------- Done invoking toplevel() on ptolemy.moml.MoMLSimpleApplication@16ec358a
reloadAllAccessors: .DiscreteClock22

===========================================================================================
----------------- testing Tue Jul 09 18:21:49 UTC 2019 /home/travis/build/icyphy/ptII/ptolemy/actor/lib/test/auto/DiscreteClock23.xml
----------------- Instantiating /home/travis/build/icyphy/ptII/ptolemy/actor/lib/test/auto/DiscreteClock23.xml
13 ms. Memory: 489472K Free: 159295K (33%)
----------------- Invoking toplevel() on ptolemy.moml.MoMLSimpleApplication@2193635c
----------------- Done invoking toplevel() on ptolemy.moml.MoMLSimpleApplication@2193635c
reloadAllAccessors: .DiscreteClock23

===========================================================================================
----------------- testing Tue Jul 09 18:21:49 UTC 2019 /home/travis/build/icyphy/ptII/ptolemy/actor/lib/test/auto/DiscreteClock24.xml
----------------- Instantiating /home/travis/build/icyphy/ptII/ptolemy/actor/lib/test/auto/DiscreteClock24.xml
9 ms. Memory: 489472K Free: 153661K (31%)
----------------- Invoking toplevel() on ptolemy.moml.MoMLSimpleApplication@327a8ab2
----------------- Done invoking toplevel() on ptolemy.moml.MoMLSimpleApplication@327a8ab2
reloadAllAccessors: .DiscreteClock24

===========================================================================================
----------------- testing Tue Jul 09 18:21:49 UTC 2019 /home/travis/build/icyphy/ptII/ptolemy/actor/lib/test/auto/DiscreteClock4.xml
----------------- Instantiating /home/travis/build/icyphy/ptII/ptolemy/actor/lib/test/auto/DiscreteClock4.xml
2 ms. Memory: 489472K Free: 438272K (90%)
----------------- Invoking toplevel() on ptolemy.moml.MoMLSimpleApplication@1072f780
----------------- Done invoking toplevel() on ptolemy.moml.MoMLSimpleApplication@1072f780
reloadAllAccessors: .DiscreteClock4

===========================================================================================
----------------- testing Tue Jul 09 18:21:49 UTC 2019 /home/travis/build/icyphy/ptII/ptolemy/actor/lib/test/auto/DiscreteClock5.xml
----------------- Instantiating /home/travis/build/icyphy/ptII/ptolemy/actor/lib/test/auto/DiscreteClock5.xml
2 ms. Memory: 489472K Free: 432623K (88%)
----------------- Invoking toplevel() on ptolemy.moml.MoMLSimpleApplication@7200c02d
----------------- Done invoking toplevel() on ptolemy.moml.MoMLSimpleApplication@7200c02d
reloadAllAccessors: .DiscreteClock5

===========================================================================================
----------------- testing Tue Jul 09 18:21:49 UTC 2019 /home/travis/build/icyphy/ptII/ptolemy/actor/lib/test/auto/DiscreteClock6.xml
----------------- Instantiating /home/travis/build/icyphy/ptII/ptolemy/actor/lib/test/auto/DiscreteClock6.xml
2 ms. Memory: 489472K Free: 428542K (88%)
----------------- Invoking toplevel() on ptolemy.moml.MoMLSimpleApplication@784bde1c
----------------- Done invoking toplevel() on ptolemy.moml.MoMLSimpleApplication@784bde1c
reloadAllAccessors: .DiscreteClock6

===========================================================================================
----------------- testing Tue Jul 09 18:21:49 UTC 2019 /home/travis/build/icyphy/ptII/ptolemy/actor/lib/test/auto/DiscreteClock7.xml
----------------- Instantiating /home/travis/build/icyphy/ptII/ptolemy/actor/lib/test/auto/DiscreteClock7.xml
1 ms. Memory: 489472K Free: 423934K (87%)
----------------- Invoking toplevel() on ptolemy.moml.MoMLSimpleApplication@54a47824
----------------- Done invoking toplevel() on ptolemy.moml.MoMLSimpleApplication@54a47824
reloadAllAccessors: .DiscreteClock7

===========================================================================================
----------------- testing Tue Jul 09 18:21:49 UTC 2019 /home/travis/build/icyphy/ptII/ptolemy/actor/lib/test/auto/DiscreteClock8.xml
----------------- Instantiating /home/travis/build/icyphy/ptII/ptolemy/actor/lib/test/auto/DiscreteClock8.xml
5 ms. Memory: 489472K Free: 418287K (85%)
----------------- Invoking toplevel() on ptolemy.moml.MoMLSimpleApplication@73da8d86
----------------- Done invoking toplevel() on ptolemy.moml.MoMLSimpleApplication@73da8d86
reloadAllAccessors: .DiscreteClock8

===========================================================================================
----------------- testing Tue Jul 09 18:21:49 UTC 2019 /home/travis/build/icyphy/ptII/ptolemy/actor/lib/test/auto/DiscreteClock9.xml
----------------- Instantiating /home/travis/build/icyphy/ptII/ptolemy/actor/lib/test/auto/DiscreteClock9.xml
4 ms. Memory: 489472K Free: 413175K (84%)
----------------- Invoking toplevel() on ptolemy.moml.MoMLSimpleApplication@6a6bb260
----------------- Done invoking toplevel() on ptolemy.moml.MoMLSimpleApplication@6a6bb260
reloadAllAccessors: .DiscreteClock9

===========================================================================================
----------------- testing Tue Jul 09 18:21:49 UTC 2019 /home/travis/build/icyphy/ptII/ptolemy/actor/lib/test/auto/DisplayArray.xml
----------------- Instantiating /home/travis/build/icyphy/ptII/ptolemy/actor/lib/test/auto/DisplayArray.xml
3 ms. Memory: 489472K Free: 409600K (84%)
----------------- Invoking toplevel() on ptolemy.moml.MoMLSimpleApplication@67760186
----------------- Done invoking toplevel() on ptolemy.moml.MoMLSimpleApplication@67760186
reloadAllAccessors: .DisplayArray

===========================================================================================
----------------- testing Tue Jul 09 18:21:49 UTC 2019 /home/travis/build/icyphy/ptII/ptolemy/actor/lib/test/auto/Distributor.xml
----------------- Instantiating /home/travis/build/icyphy/ptII/ptolemy/actor/lib/test/auto/Distributor.xml
2 ms. Memory: 489472K Free: 404990K (83%)
----------------- Invoking toplevel() on ptolemy.moml.MoMLSimpleApplication@4e1861a8
----------------- Done invoking toplevel() on ptolemy.moml.MoMLSimpleApplication@4e1861a8
reloadAllAccessors: .Distributor

===========================================================================================
----------------- testing Tue Jul 09 18:21:49 UTC 2019 /home/travis/build/icyphy/ptII/ptolemy/actor/lib/test/auto/Distributor2.xml
----------------- Instantiating /home/travis/build/icyphy/ptII/ptolemy/actor/lib/test/auto/Distributor2.xml
1 ms. Memory: 489472K Free: 399360K (82%)
----------------- Invoking toplevel() on ptolemy.moml.MoMLSimpleApplication@6f854bc3
----------------- Done invoking toplevel() on ptolemy.moml.MoMLSimpleApplication@6f854bc3
reloadAllAccessors: .Distributor2

===========================================================================================
----------------- testing Tue Jul 09 18:21:49 UTC 2019 /home/travis/build/icyphy/ptII/ptolemy/actor/lib/test/auto/DownSample.xml
----------------- Instantiating /home/travis/build/icyphy/ptII/ptolemy/actor/lib/test/auto/DownSample.xml
1 ms. Memory: 489472K Free: 394750K (81%)
----------------- Invoking toplevel() on ptolemy.moml.MoMLSimpleApplication@576cbed
----------------- Done invoking toplevel() on ptolemy.moml.MoMLSimpleApplication@576cbed
reloadAllAccessors: .DownSample

===========================================================================================
----------------- testing Tue Jul 09 18:21:49 UTC 2019 /home/travis/build/icyphy/ptII/ptolemy/actor/lib/test/auto/ElectronicUnitBase1.xml
----------------- Instantiating /home/travis/build/icyphy/ptII/ptolemy/actor/lib/test/auto/ElectronicUnitBase1.xml
18 ms. Memory: 489472K Free: 379390K (78%)
----------------- Invoking toplevel() on ptolemy.moml.MoMLSimpleApplication@7729d27
----------------- Done invoking toplevel() on ptolemy.moml.MoMLSimpleApplication@7729d27
reloadAllAccessors: .ElectronicUnitBase1

===========================================================================================
----------------- testing Tue Jul 09 18:21:49 UTC 2019 /home/travis/build/icyphy/ptII/ptolemy/actor/lib/test/auto/ElementsToArray.xml
----------------- Instantiating /home/travis/build/icyphy/ptII/ptolemy/actor/lib/test/auto/ElementsToArray.xml
3 ms. Memory: 489472K Free: 374270K (76%)
----------------- Invoking toplevel() on ptolemy.moml.MoMLSimpleApplication@789d009b
----------------- Done invoking toplevel() on ptolemy.moml.MoMLSimpleApplication@789d009b
reloadAllAccessors: .ElementsToArray

===========================================================================================
----------------- testing Tue Jul 09 18:21:49 UTC 2019 /home/travis/build/icyphy/ptII/ptolemy/actor/lib/test/auto/Equals.xml
----------------- Instantiating /home/travis/build/icyphy/ptII/ptolemy/actor/lib/test/auto/Equals.xml
3 ms. Memory: 489472K Free: 369664K (76%)
----------------- Invoking toplevel() on ptolemy.moml.MoMLSimpleApplication@71708671
----------------- Done invoking toplevel() on ptolemy.moml.MoMLSimpleApplication@71708671
reloadAllAccessors: .Equals

===========================================================================================
----------------- testing Tue Jul 09 18:21:49 UTC 2019 /home/travis/build/icyphy/ptII/ptolemy/actor/lib/test/auto/Exec.xml
----------------- Instantiating /home/travis/build/icyphy/ptII/ptolemy/actor/lib/test/auto/Exec.xml
20 ms. Memory: 489472K Free: 364030K (74%)
----------------- Invoking toplevel() on ptolemy.moml.MoMLSimpleApplication@18fde88
----------------- Done invoking toplevel() on ptolemy.moml.MoMLSimpleApplication@18fde88
reloadAllAccessors: .Exec

===========================================================================================
----------------- testing Tue Jul 09 18:21:50 UTC 2019 /home/travis/build/icyphy/ptII/ptolemy/actor/lib/test/auto/ExecEnvironment.xml
----------------- Instantiating /home/travis/build/icyphy/ptII/ptolemy/actor/lib/test/auto/ExecEnvironment.xml
26 ms. Memory: 489472K Free: 359422K (73%)
----------------- Invoking toplevel() on ptolemy.moml.MoMLSimpleApplication@778087bd
----------------- Done invoking toplevel() on ptolemy.moml.MoMLSimpleApplication@778087bd
reloadAllAccessors: .ExecEnvironment

===========================================================================================
----------------- testing Tue Jul 09 18:21:50 UTC 2019 /home/travis/build/icyphy/ptII/ptolemy/actor/lib/test/auto/ExecNonZeroReturnOutput.xml
----------------- Instantiating /home/travis/build/icyphy/ptII/ptolemy/actor/lib/test/auto/ExecNonZeroReturnOutput.xml
189 ms. Memory: 489472K Free: 348160K (71%)
----------------- Invoking toplevel() on ptolemy.moml.MoMLSimpleApplication@f671e27
----------------- Done invoking toplevel() on ptolemy.moml.MoMLSimpleApplication@f671e27
reloadAllAccessors: .ExecNonZeroReturnOutput

===========================================================================================
----------------- testing Tue Jul 09 18:21:50 UTC 2019 /home/travis/build/icyphy/ptII/ptolemy/actor/lib/test/auto/ExecRunDemos.xml
----------------- Instantiating /home/travis/build/icyphy/ptII/ptolemy/actor/lib/test/auto/ExecRunDemos.xml
11257 ms. Memory: 489472K Free: 328704K (67%)

===========================================================================================
----------------- testing Tue Jul 09 18:22:01 UTC 2019 /home/travis/build/icyphy/ptII/ptolemy/actor/lib/test/auto/ExecStop.xml
----------------- Instantiating /home/travis/build/icyphy/ptII/ptolemy/actor/lib/test/auto/ExecStop.xml
5021 ms. Memory: 489472K Free: 205306K (42%)
----------------- Invoking toplevel() on ptolemy.moml.MoMLSimpleApplication@66403ba8
----------------- Done invoking toplevel() on ptolemy.moml.MoMLSimpleApplication@66403ba8
reloadAllAccessors: .ExecStop

===========================================================================================
----------------- testing Tue Jul 09 18:22:06 UTC 2019 /home/travis/build/icyphy/ptII/ptolemy/actor/lib/test/auto/ExecutionTimeSDF.xml
----------------- Instantiating /home/travis/build/icyphy/ptII/ptolemy/actor/lib/test/auto/ExecutionTimeSDF.xml
Fired ExecutionTime: -2133367296
Fired ExecutionTime: 1048000000
Fired ExecutionTime: -769367296
6006 ms. Memory: 489472K Free: 193536K (40%)
----------------- Invoking toplevel() on ptolemy.moml.MoMLSimpleApplication@37b18933
----------------- Done invoking toplevel() on ptolemy.moml.MoMLSimpleApplication@37b18933
reloadAllAccessors: .ExecutionTimeSDF

===========================================================================================
----------------- testing Tue Jul 09 18:22:12 UTC 2019 /home/travis/build/icyphy/ptII/ptolemy/actor/lib/test/auto/Expression1.xml
----------------- Instantiating /home/travis/build/icyphy/ptII/ptolemy/actor/lib/test/auto/Expression1.xml
2 ms. Memory: 489472K Free: 189950K (39%)
----------------- Invoking toplevel() on ptolemy.moml.MoMLSimpleApplication@30863d2d
----------------- Done invoking toplevel() on ptolemy.moml.MoMLSimpleApplication@30863d2d
reloadAllAccessors: .Expression1

===========================================================================================
----------------- testing Tue Jul 09 18:22:12 UTC 2019 /home/travis/build/icyphy/ptII/ptolemy/actor/lib/test/auto/Expression10.xml
----------------- Instantiating /home/travis/build/icyphy/ptII/ptolemy/actor/lib/test/auto/Expression10.xml
8 ms. Memory: 489472K Free: 184320K (38%)
----------------- Invoking toplevel() on ptolemy.moml.MoMLSimpleApplication@1eb279f4
----------------- Done invoking toplevel() on ptolemy.moml.MoMLSimpleApplication@1eb279f4
reloadAllAccessors: .Expression10

===========================================================================================
----------------- testing Tue Jul 09 18:22:12 UTC 2019 /home/travis/build/icyphy/ptII/ptolemy/actor/lib/test/auto/Expression11.xml
----------------- Instantiating /home/travis/build/icyphy/ptII/ptolemy/actor/lib/test/auto/Expression11.xml
4 ms. Memory: 489472K Free: 180224K (37%)
----------------- Invoking toplevel() on ptolemy.moml.MoMLSimpleApplication@56f8f8f0
----------------- Done invoking toplevel() on ptolemy.moml.MoMLSimpleApplication@56f8f8f0
reloadAllAccessors: .Expression11

===========================================================================================
----------------- testing Tue Jul 09 18:22:12 UTC 2019 /home/travis/build/icyphy/ptII/ptolemy/actor/lib/test/auto/Expression12.xml
----------------- Instantiating /home/travis/build/icyphy/ptII/ptolemy/actor/lib/test/auto/Expression12.xml
3 ms. Memory: 489472K Free: 174590K (36%)
----------------- Invoking toplevel() on ptolemy.moml.MoMLSimpleApplication@77169b65
----------------- Done invoking toplevel() on ptolemy.moml.MoMLSimpleApplication@77169b65
reloadAllAccessors: .Expression12

===========================================================================================
----------------- testing Tue Jul 09 18:22:12 UTC 2019 /home/travis/build/icyphy/ptII/ptolemy/actor/lib/test/auto/Expression13.xml
----------------- Instantiating /home/travis/build/icyphy/ptII/ptolemy/actor/lib/test/auto/Expression13.xml
4 ms. Memory: 489472K Free: 169470K (35%)
----------------- Invoking toplevel() on ptolemy.moml.MoMLSimpleApplication@424705b8
----------------- Done invoking toplevel() on ptolemy.moml.MoMLSimpleApplication@424705b8
reloadAllAccessors: .Expression13

===========================================================================================
----------------- testing Tue Jul 09 18:22:12 UTC 2019 /home/travis/build/icyphy/ptII/ptolemy/actor/lib/test/auto/Expression14.xml
----------------- Instantiating /home/travis/build/icyphy/ptII/ptolemy/actor/lib/test/auto/Expression14.xml
4 ms. Memory: 489472K Free: 163326K (33%)
----------------- Invoking toplevel() on ptolemy.moml.MoMLSimpleApplication@336745ca
----------------- Done invoking toplevel() on ptolemy.moml.MoMLSimpleApplication@336745ca
reloadAllAccessors: .Expression14

===========================================================================================
----------------- testing Tue Jul 09 18:22:12 UTC 2019 /home/travis/build/icyphy/ptII/ptolemy/actor/lib/test/auto/Expression15.xml
----------------- Instantiating /home/travis/build/icyphy/ptII/ptolemy/actor/lib/test/auto/Expression15.xml
1 ms. Memory: 489472K Free: 159744K (33%)
----------------- Invoking toplevel() on ptolemy.moml.MoMLSimpleApplication@74da8f68
----------------- Done invoking toplevel() on ptolemy.moml.MoMLSimpleApplication@74da8f68
reloadAllAccessors: .Expression15

===========================================================================================
----------------- testing Tue Jul 09 18:22:12 UTC 2019 /home/travis/build/icyphy/ptII/ptolemy/actor/lib/test/auto/Expression16.xml
----------------- Instantiating /home/travis/build/icyphy/ptII/ptolemy/actor/lib/test/auto/Expression16.xml
2 ms. Memory: 489472K Free: 155134K (32%)
----------------- Invoking toplevel() on ptolemy.moml.MoMLSimpleApplication@560f75ba
----------------- Done invoking toplevel() on ptolemy.moml.MoMLSimpleApplication@560f75ba
reloadAllAccessors: .Expression16

===========================================================================================
----------------- testing Tue Jul 09 18:22:12 UTC 2019 /home/travis/build/icyphy/ptII/ptolemy/actor/lib/test/auto/Expression17.xml
----------------- Instantiating /home/travis/build/icyphy/ptII/ptolemy/actor/lib/test/auto/Expression17.xml
4 ms. Memory: 489472K Free: 440505K (90%)
----------------- Invoking toplevel() on ptolemy.moml.MoMLSimpleApplication@680d67cf
----------------- Done invoking toplevel() on ptolemy.moml.MoMLSimpleApplication@680d67cf
reloadAllAccessors: .Expression17

===========================================================================================
----------------- testing Tue Jul 09 18:22:12 UTC 2019 /home/travis/build/icyphy/ptII/ptolemy/actor/lib/test/auto/Expression18.xml
----------------- Instantiating /home/travis/build/icyphy/ptII/ptolemy/actor/lib/test/auto/Expression18.xml
4 ms. Memory: 489472K Free: 434871K (89%)
----------------- Invoking toplevel() on ptolemy.moml.MoMLSimpleApplication@6e315cff
----------------- Done invoking toplevel() on ptolemy.moml.MoMLSimpleApplication@6e315cff
reloadAllAccessors: .Expression18

===========================================================================================
----------------- testing Tue Jul 09 18:22:12 UTC 2019 /home/travis/build/icyphy/ptII/ptolemy/actor/lib/test/auto/Expression2.xml
----------------- Instantiating /home/travis/build/icyphy/ptII/ptolemy/actor/lib/test/auto/Expression2.xml
3 ms. Memory: 489472K Free: 429751K (88%)
----------------- Invoking toplevel() on ptolemy.moml.MoMLSimpleApplication@27dc9746
----------------- Done invoking toplevel() on ptolemy.moml.MoMLSimpleApplication@27dc9746
reloadAllAccessors: .Expression2

===========================================================================================
----------------- testing Tue Jul 09 18:22:12 UTC 2019 /home/travis/build/icyphy/ptII/ptolemy/actor/lib/test/auto/Expression3.xml
----------------- Instantiating /home/travis/build/icyphy/ptII/ptolemy/actor/lib/test/auto/Expression3.xml
6 ms. Memory: 489472K Free: 424631K (87%)
----------------- Invoking toplevel() on ptolemy.moml.MoMLSimpleApplication@1af8add
----------------- Done invoking toplevel() on ptolemy.moml.MoMLSimpleApplication@1af8add
reloadAllAccessors: .Expression3

===========================================================================================
----------------- testing Tue Jul 09 18:22:12 UTC 2019 /home/travis/build/icyphy/ptII/ptolemy/actor/lib/test/auto/Expression4.xml
----------------- Instantiating /home/travis/build/icyphy/ptII/ptolemy/actor/lib/test/auto/Expression4.xml
9 ms. Memory: 489472K Free: 416953K (85%)
----------------- Invoking toplevel() on ptolemy.moml.MoMLSimpleApplication@596e67a4
----------------- Done invoking toplevel() on ptolemy.moml.MoMLSimpleApplication@596e67a4
reloadAllAccessors: .Expression4

===========================================================================================
----------------- testing Tue Jul 09 18:22:12 UTC 2019 /home/travis/build/icyphy/ptII/ptolemy/actor/lib/test/auto/Expression5.xml
----------------- Instantiating /home/travis/build/icyphy/ptII/ptolemy/actor/lib/test/auto/Expression5.xml
4 ms. Memory: 489472K Free: 411833K (84%)
----------------- Invoking toplevel() on ptolemy.moml.MoMLSimpleApplication@3e333c4d
----------------- Done invoking toplevel() on ptolemy.moml.MoMLSimpleApplication@3e333c4d
reloadAllAccessors: .Expression5

===========================================================================================
----------------- testing Tue Jul 09 18:22:12 UTC 2019 /home/travis/build/icyphy/ptII/ptolemy/actor/lib/test/auto/Expression6.xml
----------------- Instantiating /home/travis/build/icyphy/ptII/ptolemy/actor/lib/test/auto/Expression6.xml
2 ms. Memory: 489472K Free: 407737K (83%)
----------------- Invoking toplevel() on ptolemy.moml.MoMLSimpleApplication@4738ae66
----------------- Done invoking toplevel() on ptolemy.moml.MoMLSimpleApplication@4738ae66
reloadAllAccessors: .Expression6

===========================================================================================
----------------- testing Tue Jul 09 18:22:12 UTC 2019 /home/travis/build/icyphy/ptII/ptolemy/actor/lib/test/auto/Expression7.xml
----------------- Instantiating /home/travis/build/icyphy/ptII/ptolemy/actor/lib/test/auto/Expression7.xml
2 ms. Memory: 489472K Free: 402617K (82%)
----------------- Invoking toplevel() on ptolemy.moml.MoMLSimpleApplication@3a6b0c3d
----------------- Done invoking toplevel() on ptolemy.moml.MoMLSimpleApplication@3a6b0c3d
reloadAllAccessors: .Expression7

===========================================================================================
----------------- testing Tue Jul 09 18:22:12 UTC 2019 /home/travis/build/icyphy/ptII/ptolemy/actor/lib/test/auto/Expression8.xml
----------------- Instantiating /home/travis/build/icyphy/ptII/ptolemy/actor/lib/test/auto/Expression8.xml
9 ms. Memory: 489472K Free: 397497K (81%)
----------------- Invoking toplevel() on ptolemy.moml.MoMLSimpleApplication@e49046d
----------------- Done invoking toplevel() on ptolemy.moml.MoMLSimpleApplication@e49046d
reloadAllAccessors: .Expression8

===========================================================================================
----------------- testing Tue Jul 09 18:22:12 UTC 2019 /home/travis/build/icyphy/ptII/ptolemy/actor/lib/test/auto/Expression9.xml
----------------- Instantiating /home/travis/build/icyphy/ptII/ptolemy/actor/lib/test/auto/Expression9.xml
1 ms. Memory: 489472K Free: 393401K (80%)
----------------- Invoking toplevel() on ptolemy.moml.MoMLSimpleApplication@6b553e6
----------------- Done invoking toplevel() on ptolemy.moml.MoMLSimpleApplication@6b553e6
reloadAllAccessors: .Expression9

===========================================================================================
----------------- testing Tue Jul 09 18:22:12 UTC 2019 /home/travis/build/icyphy/ptII/ptolemy/actor/lib/test/auto/ExpressionConcatenateArrayType.xml
----------------- Instantiating /home/travis/build/icyphy/ptII/ptolemy/actor/lib/test/auto/ExpressionConcatenateArrayType.xml
3 ms. Memory: 489472K Free: 386743K (79%)
----------------- Invoking toplevel() on ptolemy.moml.MoMLSimpleApplication@676e23d9
----------------- Done invoking toplevel() on ptolemy.moml.MoMLSimpleApplication@676e23d9
reloadAllAccessors: .ExpressionConcatenateArrayType

===========================================================================================
----------------- testing Tue Jul 09 18:22:13 UTC 2019 /home/travis/build/icyphy/ptII/ptolemy/actor/lib/test/auto/ExpressionConcatenateArrayType2.xml
----------------- Instantiating /home/travis/build/icyphy/ptII/ptolemy/actor/lib/test/auto/ExpressionConcatenateArrayType2.xml
3 ms. Memory: 489472K Free: 381609K (78%)
----------------- Invoking toplevel() on ptolemy.moml.MoMLSimpleApplication@6fae9bdf
----------------- Done invoking toplevel() on ptolemy.moml.MoMLSimpleApplication@6fae9bdf
reloadAllAccessors: .ExpressionConcatenateArrayType2

===========================================================================================
----------------- testing Tue Jul 09 18:22:13 UTC 2019 /home/travis/build/icyphy/ptII/ptolemy/actor/lib/test/auto/ExpressionFix.xml
----------------- Instantiating /home/travis/build/icyphy/ptII/ptolemy/actor/lib/test/auto/ExpressionFix.xml
25 ms. Memory: 489472K Free: 374969K (77%)
----------------- Invoking toplevel() on ptolemy.moml.MoMLSimpleApplication@575fc68a
----------------- Done invoking toplevel() on ptolemy.moml.MoMLSimpleApplication@575fc68a
reloadAllAccessors: .ExpressionFix

===========================================================================================
----------------- testing Tue Jul 09 18:22:13 UTC 2019 /home/travis/build/icyphy/ptII/ptolemy/actor/lib/test/auto/ExpressionFix2.xml
----------------- Instantiating /home/travis/build/icyphy/ptII/ptolemy/actor/lib/test/auto/ExpressionFix2.xml
4 ms. Memory: 489472K Free: 370873K (76%)
----------------- Invoking toplevel() on ptolemy.moml.MoMLSimpleApplication@457b4c7
----------------- Done invoking toplevel() on ptolemy.moml.MoMLSimpleApplication@457b4c7
reloadAllAccessors: .ExpressionFix2

===========================================================================================
----------------- testing Tue Jul 09 18:22:13 UTC 2019 /home/travis/build/icyphy/ptII/ptolemy/actor/lib/test/auto/ExpressionFix3.xml
----------------- Instantiating /home/travis/build/icyphy/ptII/ptolemy/actor/lib/test/auto/ExpressionFix3.xml
4 ms. Memory: 489472K Free: 366263K (75%)
----------------- Invoking toplevel() on ptolemy.moml.MoMLSimpleApplication@1e177fca
----------------- Done invoking toplevel() on ptolemy.moml.MoMLSimpleApplication@1e177fca
reloadAllAccessors: .ExpressionFix3

===========================================================================================
----------------- testing Tue Jul 09 18:22:13 UTC 2019 /home/travis/build/icyphy/ptII/ptolemy/actor/lib/test/auto/FileWriter1.xml
----------------- Instantiating /home/travis/build/icyphy/ptII/ptolemy/actor/lib/test/auto/FileWriter1.xml
6 ms. Memory: 489472K Free: 362167K (74%)
----------------- Invoking toplevel() on ptolemy.moml.MoMLSimpleApplication@316a3b63
----------------- Done invoking toplevel() on ptolemy.moml.MoMLSimpleApplication@316a3b63
reloadAllAccessors: .FileWriter1

===========================================================================================
----------------- testing Tue Jul 09 18:22:13 UTC 2019 /home/travis/build/icyphy/ptII/ptolemy/actor/lib/test/auto/FileWriter2.xml
----------------- Instantiating /home/travis/build/icyphy/ptII/ptolemy/actor/lib/test/auto/FileWriter2.xml
3 ms. Memory: 489472K Free: 357561K (73%)
----------------- Invoking toplevel() on ptolemy.moml.MoMLSimpleApplication@38832269
----------------- Done invoking toplevel() on ptolemy.moml.MoMLSimpleApplication@38832269
reloadAllAccessors: .FileWriter2

===========================================================================================
----------------- testing Tue Jul 09 18:22:13 UTC 2019 /home/travis/build/icyphy/ptII/ptolemy/actor/lib/test/auto/FileWriter3.xml
----------------- Instantiating /home/travis/build/icyphy/ptII/ptolemy/actor/lib/test/auto/FileWriter3.xml
4 ms. Memory: 489472K Free: 353465K (72%)
----------------- Invoking toplevel() on ptolemy.moml.MoMLSimpleApplication@dba75d1
----------------- Done invoking toplevel() on ptolemy.moml.MoMLSimpleApplication@dba75d1
reloadAllAccessors: .FileWriter3

===========================================================================================
----------------- testing Tue Jul 09 18:22:13 UTC 2019 /home/travis/build/icyphy/ptII/ptolemy/actor/lib/test/auto/Gaussian.xml
----------------- Instantiating /home/travis/build/icyphy/ptII/ptolemy/actor/lib/test/auto/Gaussian.xml
2 ms. Memory: 489472K Free: 348855K (71%)
----------------- Invoking toplevel() on ptolemy.moml.MoMLSimpleApplication@1e2473c2
----------------- Done invoking toplevel() on ptolemy.moml.MoMLSimpleApplication@1e2473c2
reloadAllAccessors: .Gaussian

===========================================================================================
----------------- testing Tue Jul 09 18:22:13 UTC 2019 /home/travis/build/icyphy/ptII/ptolemy/actor/lib/test/auto/Gaussian1.xml
----------------- Instantiating /home/travis/build/icyphy/ptII/ptolemy/actor/lib/test/auto/Gaussian1.xml
9 ms. Memory: 489472K Free: 343705K (70%)
----------------- Invoking toplevel() on ptolemy.moml.MoMLSimpleApplication@100d5391
----------------- Done invoking toplevel() on ptolemy.moml.MoMLSimpleApplication@100d5391
reloadAllAccessors: .Gaussian1

===========================================================================================
----------------- testing Tue Jul 09 18:22:13 UTC 2019 /home/travis/build/icyphy/ptII/ptolemy/actor/lib/test/auto/Gaussian2.xml
----------------- Instantiating /home/travis/build/icyphy/ptII/ptolemy/actor/lib/test/auto/Gaussian2.xml
3 ms. Memory: 489472K Free: 338105K (69%)
----------------- Invoking toplevel() on ptolemy.moml.MoMLSimpleApplication@e491ea4
----------------- Done invoking toplevel() on ptolemy.moml.MoMLSimpleApplication@e491ea4
reloadAllAccessors: .Gaussian2

===========================================================================================
----------------- testing Tue Jul 09 18:22:13 UTC 2019 /home/travis/build/icyphy/ptII/ptolemy/actor/lib/test/auto/GradientAdaptiveLattice.xml
----------------- Instantiating /home/travis/build/icyphy/ptII/ptolemy/actor/lib/test/auto/GradientAdaptiveLattice.xml
8 ms. Memory: 489472K Free: 332985K (68%)
----------------- Invoking toplevel() on ptolemy.moml.MoMLSimpleApplication@47d1891b
----------------- Done invoking toplevel() on ptolemy.moml.MoMLSimpleApplication@47d1891b
reloadAllAccessors: .GradientAdaptiveLattice

===========================================================================================
----------------- testing Tue Jul 09 18:22:13 UTC 2019 /home/travis/build/icyphy/ptII/ptolemy/actor/lib/test/auto/IIR.xml
----------------- Instantiating /home/travis/build/icyphy/ptII/ptolemy/actor/lib/test/auto/IIR.xml
1 ms. Memory: 489472K Free: 328375K (67%)
----------------- Invoking toplevel() on ptolemy.moml.MoMLSimpleApplication@58989d88
----------------- Done invoking toplevel() on ptolemy.moml.MoMLSimpleApplication@58989d88
reloadAllAccessors: .IIR

===========================================================================================
----------------- testing Tue Jul 09 18:22:13 UTC 2019 /home/travis/build/icyphy/ptII/ptolemy/actor/lib/test/auto/InputOutputTransparentPorts.xml
----------------- Instantiating /home/travis/build/icyphy/ptII/ptolemy/actor/lib/test/auto/InputOutputTransparentPorts.xml
2 ms. Memory: 489472K Free: 321207K (66%)
----------------- Invoking toplevel() on ptolemy.moml.MoMLSimpleApplication@5e1a415f
----------------- Done invoking toplevel() on ptolemy.moml.MoMLSimpleApplication@5e1a415f
reloadAllAccessors: .InputOutputTransparentPorts

===========================================================================================
----------------- testing Tue Jul 09 18:22:13 UTC 2019 /home/travis/build/icyphy/ptII/ptolemy/actor/lib/test/auto/Interpolator.xml
----------------- Instantiating /home/travis/build/icyphy/ptII/ptolemy/actor/lib/test/auto/Interpolator.xml
4 ms. Memory: 489472K Free: 317111K (65%)
----------------- Invoking toplevel() on ptolemy.moml.MoMLSimpleApplication@7db923d4
----------------- Done invoking toplevel() on ptolemy.moml.MoMLSimpleApplication@7db923d4
reloadAllAccessors: .Interpolator

===========================================================================================
----------------- testing Tue Jul 09 18:22:13 UTC 2019 /home/travis/build/icyphy/ptII/ptolemy/actor/lib/test/auto/InterpolatorFiringLimitDE.xml
----------------- Instantiating /home/travis/build/icyphy/ptII/ptolemy/actor/lib/test/auto/InterpolatorFiringLimitDE.xml
2 ms. Memory: 489472K Free: 310967K (64%)
----------------- Invoking toplevel() on ptolemy.moml.MoMLSimpleApplication@18f9210a
----------------- Done invoking toplevel() on ptolemy.moml.MoMLSimpleApplication@18f9210a
reloadAllAccessors: .InterpolatorFiringLimitDE

===========================================================================================
----------------- testing Tue Jul 09 18:22:13 UTC 2019 /home/travis/build/icyphy/ptII/ptolemy/actor/lib/test/auto/Lattice.xml
----------------- Instantiating /home/travis/build/icyphy/ptII/ptolemy/actor/lib/test/auto/Lattice.xml
1 ms. Memory: 489472K Free: 306871K (63%)
----------------- Invoking toplevel() on ptolemy.moml.MoMLSimpleApplication@48f54cee
----------------- Done invoking toplevel() on ptolemy.moml.MoMLSimpleApplication@48f54cee
reloadAllAccessors: .Lattice

===========================================================================================
----------------- testing Tue Jul 09 18:22:13 UTC 2019 /home/travis/build/icyphy/ptII/ptolemy/actor/lib/test/auto/LazyAOCTestLazy.xml
----------------- Instantiating /home/travis/build/icyphy/ptII/ptolemy/actor/lib/test/auto/LazyAOCTestLazy.xml
15 ms. Memory: 489472K Free: 300713K (61%)
----------------- Invoking toplevel() on ptolemy.moml.MoMLSimpleApplication@13b7838c
----------------- Done invoking toplevel() on ptolemy.moml.MoMLSimpleApplication@13b7838c
reloadAllAccessors: .LazyAOCTestLazy

===========================================================================================
----------------- testing Tue Jul 09 18:22:13 UTC 2019 /home/travis/build/icyphy/ptII/ptolemy/actor/lib/test/auto/LazyAOCTestNonLazy.xml
----------------- Instantiating /home/travis/build/icyphy/ptII/ptolemy/actor/lib/test/auto/LazyAOCTestNonLazy.xml
1 ms. Memory: 489472K Free: 295097K (60%)
----------------- Invoking toplevel() on ptolemy.moml.MoMLSimpleApplication@602955f5
----------------- Done invoking toplevel() on ptolemy.moml.MoMLSimpleApplication@602955f5
reloadAllAccessors: .LazyAOCTestNonLazy

===========================================================================================
----------------- testing Tue Jul 09 18:22:13 UTC 2019 /home/travis/build/icyphy/ptII/ptolemy/actor/lib/test/auto/LazyInnerClass.xml
----------------- Instantiating /home/travis/build/icyphy/ptII/ptolemy/actor/lib/test/auto/LazyInnerClass.xml
9 ms. Memory: 489472K Free: 286391K (59%)
----------------- Invoking toplevel() on ptolemy.moml.MoMLSimpleApplication@64712004
----------------- Done invoking toplevel() on ptolemy.moml.MoMLSimpleApplication@64712004
reloadAllAccessors: .LazyInnerClass

===========================================================================================
----------------- testing Tue Jul 09 18:22:13 UTC 2019 /home/travis/build/icyphy/ptII/ptolemy/actor/lib/test/auto/LazyPubSub.xml
----------------- Instantiating /home/travis/build/icyphy/ptII/ptolemy/actor/lib/test/auto/LazyPubSub.xml
23 ms. Memory: 489472K Free: 275641K (56%)
----------------- Invoking toplevel() on ptolemy.moml.MoMLSimpleApplication@6f61de3a
----------------- Done invoking toplevel() on ptolemy.moml.MoMLSimpleApplication@6f61de3a
reloadAllAccessors: .LazyPubSub

===========================================================================================
----------------- testing Tue Jul 09 18:22:13 UTC 2019 /home/travis/build/icyphy/ptII/ptolemy/actor/lib/test/auto/LazyPubSub2.xml
----------------- Instantiating /home/travis/build/icyphy/ptII/ptolemy/actor/lib/test/auto/LazyPubSub2.xml
22 ms. Memory: 489472K Free: 265911K (54%)
----------------- Invoking toplevel() on ptolemy.moml.MoMLSimpleApplication@4d308766
----------------- Done invoking toplevel() on ptolemy.moml.MoMLSimpleApplication@4d308766
reloadAllAccessors: .LazyPubSub2

===========================================================================================
----------------- testing Tue Jul 09 18:22:13 UTC 2019 /home/travis/build/icyphy/ptII/ptolemy/actor/lib/test/auto/LazyPubSub3.xml
----------------- Instantiating /home/travis/build/icyphy/ptII/ptolemy/actor/lib/test/auto/LazyPubSub3.xml
22 ms. Memory: 489472K Free: 255671K (52%)
----------------- Invoking toplevel() on ptolemy.moml.MoMLSimpleApplication@5279e15d
----------------- Done invoking toplevel() on ptolemy.moml.MoMLSimpleApplication@5279e15d
reloadAllAccessors: .LazyPubSub3

===========================================================================================
----------------- testing Tue Jul 09 18:22:13 UTC 2019 /home/travis/build/icyphy/ptII/ptolemy/actor/lib/test/auto/LazySubClassModel.xml
----------------- Instantiating /home/travis/build/icyphy/ptII/ptolemy/actor/lib/test/auto/LazySubClassModel.xml
2 ms. Memory: 489472K Free: 246455K (50%)
----------------- Invoking toplevel() on ptolemy.moml.MoMLSimpleApplication@3f73d4c3
----------------- Done invoking toplevel() on ptolemy.moml.MoMLSimpleApplication@3f73d4c3
reloadAllAccessors: .LazySubClassModel

===========================================================================================
----------------- testing Tue Jul 09 18:22:13 UTC 2019 /home/travis/build/icyphy/ptII/ptolemy/actor/lib/test/auto/LevelCrossTest1.xml
----------------- Instantiating /home/travis/build/icyphy/ptII/ptolemy/actor/lib/test/auto/LevelCrossTest1.xml
2 ms. Memory: 489472K Free: 240825K (49%)
----------------- Invoking toplevel() on ptolemy.moml.MoMLSimpleApplication@3410aab5
----------------- Done invoking toplevel() on ptolemy.moml.MoMLSimpleApplication@3410aab5
reloadAllAccessors: .broken

===========================================================================================
----------------- testing Tue Jul 09 18:22:13 UTC 2019 /home/travis/build/icyphy/ptII/ptolemy/actor/lib/test/auto/LevelCrossTest10.xml
----------------- Instantiating /home/travis/build/icyphy/ptII/ptolemy/actor/lib/test/auto/LevelCrossTest10.xml
2 ms. Memory: 489472K Free: 233657K (48%)
----------------- Invoking toplevel() on ptolemy.moml.MoMLSimpleApplication@6154f87e
----------------- Done invoking toplevel() on ptolemy.moml.MoMLSimpleApplication@6154f87e
reloadAllAccessors: .LevelCrossTest10

===========================================================================================
----------------- testing Tue Jul 09 18:22:13 UTC 2019 /home/travis/build/icyphy/ptII/ptolemy/actor/lib/test/auto/LevelCrossTest11.xml
----------------- Instantiating /home/travis/build/icyphy/ptII/ptolemy/actor/lib/test/auto/LevelCrossTest11.xml
1 ms. Memory: 489472K Free: 226999K (46%)
----------------- Invoking toplevel() on ptolemy.moml.MoMLSimpleApplication@5f8750d6
----------------- Done invoking toplevel() on ptolemy.moml.MoMLSimpleApplication@5f8750d6
reloadAllAccessors: .LevelCrossTest11

===========================================================================================
----------------- testing Tue Jul 09 18:22:13 UTC 2019 /home/travis/build/icyphy/ptII/ptolemy/actor/lib/test/auto/LevelCrossTest12.xml
----------------- Instantiating /home/travis/build/icyphy/ptII/ptolemy/actor/lib/test/auto/LevelCrossTest12.xml
1 ms. Memory: 489472K Free: 220345K (45%)
----------------- Invoking toplevel() on ptolemy.moml.MoMLSimpleApplication@554fc342
----------------- Done invoking toplevel() on ptolemy.moml.MoMLSimpleApplication@554fc342
reloadAllAccessors: .LevelCrossTest12

===========================================================================================
----------------- testing Tue Jul 09 18:22:13 UTC 2019 /home/travis/build/icyphy/ptII/ptolemy/actor/lib/test/auto/LevelCrossTest13.xml
----------------- Instantiating /home/travis/build/icyphy/ptII/ptolemy/actor/lib/test/auto/LevelCrossTest13.xml
1 ms. Memory: 489472K Free: 213177K (44%)
----------------- Invoking toplevel() on ptolemy.moml.MoMLSimpleApplication@244d0504
----------------- Done invoking toplevel() on ptolemy.moml.MoMLSimpleApplication@244d0504
reloadAllAccessors: .LevelCrossTest13

===========================================================================================
----------------- testing Tue Jul 09 18:22:13 UTC 2019 /home/travis/build/icyphy/ptII/ptolemy/actor/lib/test/auto/LevelCrossTest2.xml
----------------- Instantiating /home/travis/build/icyphy/ptII/ptolemy/actor/lib/test/auto/LevelCrossTest2.xml
2 ms. Memory: 489472K Free: 208057K (43%)
----------------- Invoking toplevel() on ptolemy.moml.MoMLSimpleApplication@6344d344
----------------- Done invoking toplevel() on ptolemy.moml.MoMLSimpleApplication@6344d344
reloadAllAccessors: .broken

===========================================================================================
----------------- testing Tue Jul 09 18:22:13 UTC 2019 /home/travis/build/icyphy/ptII/ptolemy/actor/lib/test/auto/LevelCrossTest3.xml
----------------- Instantiating /home/travis/build/icyphy/ptII/ptolemy/actor/lib/test/auto/LevelCrossTest3.xml
1 ms. Memory: 489472K Free: 201913K (41%)
----------------- Invoking toplevel() on ptolemy.moml.MoMLSimpleApplication@d45ffa6
----------------- Done invoking toplevel() on ptolemy.moml.MoMLSimpleApplication@d45ffa6
reloadAllAccessors: .LevelCrossTest3

===========================================================================================
----------------- testing Tue Jul 09 18:22:13 UTC 2019 /home/travis/build/icyphy/ptII/ptolemy/actor/lib/test/auto/LevelCrossTest4.xml
----------------- Instantiating /home/travis/build/icyphy/ptII/ptolemy/actor/lib/test/auto/LevelCrossTest4.xml
1 ms. Memory: 489472K Free: 196279K (40%)
----------------- Invoking toplevel() on ptolemy.moml.MoMLSimpleApplication@441468d5
----------------- Done invoking toplevel() on ptolemy.moml.MoMLSimpleApplication@441468d5
reloadAllAccessors: .broken

===========================================================================================
----------------- testing Tue Jul 09 18:22:13 UTC 2019 /home/travis/build/icyphy/ptII/ptolemy/actor/lib/test/auto/LevelCrossTest5.xml
----------------- Instantiating /home/travis/build/icyphy/ptII/ptolemy/actor/lib/test/auto/LevelCrossTest5.xml
3 ms. Memory: 489472K Free: 189111K (39%)
----------------- Invoking toplevel() on ptolemy.moml.MoMLSimpleApplication@775fe3d
----------------- Done invoking toplevel() on ptolemy.moml.MoMLSimpleApplication@775fe3d
reloadAllAccessors: .LevelCrossTest5

===========================================================================================
----------------- testing Tue Jul 09 18:22:13 UTC 2019 /home/travis/build/icyphy/ptII/ptolemy/actor/lib/test/auto/LevelCrossTest6.xml
----------------- Instantiating /home/travis/build/icyphy/ptII/ptolemy/actor/lib/test/auto/LevelCrossTest6.xml
1 ms. Memory: 489472K Free: 181433K (37%)
----------------- Invoking toplevel() on ptolemy.moml.MoMLSimpleApplication@3db0c5ad
----------------- Done invoking toplevel() on ptolemy.moml.MoMLSimpleApplication@3db0c5ad
reloadAllAccessors: .LevelCrossTest6

===========================================================================================
----------------- testing Tue Jul 09 18:22:13 UTC 2019 /home/travis/build/icyphy/ptII/ptolemy/actor/lib/test/auto/LevelCrossTest7.xml
----------------- Instantiating /home/travis/build/icyphy/ptII/ptolemy/actor/lib/test/auto/LevelCrossTest7.xml
1 ms. Memory: 489472K Free: 173241K (35%)
----------------- Invoking toplevel() on ptolemy.moml.MoMLSimpleApplication@782c6faa
----------------- Done invoking toplevel() on ptolemy.moml.MoMLSimpleApplication@782c6faa
reloadAllAccessors: .LevelCrossTest7

===========================================================================================
----------------- testing Tue Jul 09 18:22:13 UTC 2019 /home/travis/build/icyphy/ptII/ptolemy/actor/lib/test/auto/LevelCrossTest8.xml
----------------- Instantiating /home/travis/build/icyphy/ptII/ptolemy/actor/lib/test/auto/LevelCrossTest8.xml
2 ms. Memory: 489472K Free: 166583K (34%)
----------------- Invoking toplevel() on ptolemy.moml.MoMLSimpleApplication@72924074
----------------- Done invoking toplevel() on ptolemy.moml.MoMLSimpleApplication@72924074
reloadAllAccessors: .LevelCrossTest8

===========================================================================================
----------------- testing Tue Jul 09 18:22:13 UTC 2019 /home/travis/build/icyphy/ptII/ptolemy/actor/lib/test/auto/LevelCrossTest9.xml
----------------- Instantiating /home/travis/build/icyphy/ptII/ptolemy/actor/lib/test/auto/LevelCrossTest9.xml
2 ms. Memory: 489472K Free: 158905K (32%)
----------------- Invoking toplevel() on ptolemy.moml.MoMLSimpleApplication@3b68c246
----------------- Done invoking toplevel() on ptolemy.moml.MoMLSimpleApplication@3b68c246
reloadAllAccessors: .LevelCrossTest9

===========================================================================================
----------------- testing Tue Jul 09 18:22:13 UTC 2019 /home/travis/build/icyphy/ptII/ptolemy/actor/lib/test/auto/LevinsonDurbin.xml
----------------- Instantiating /home/travis/build/icyphy/ptII/ptolemy/actor/lib/test/auto/LevinsonDurbin.xml
10 ms. Memory: 489472K Free: 154809K (32%)
----------------- Invoking toplevel() on ptolemy.moml.MoMLSimpleApplication@15f815d1
----------------- Done invoking toplevel() on ptolemy.moml.MoMLSimpleApplication@15f815d1
reloadAllAccessors: .LevinsonDurbin

===========================================================================================
----------------- testing Tue Jul 09 18:22:13 UTC 2019 /home/travis/build/icyphy/ptII/ptolemy/actor/lib/test/auto/LevinsonDurbin2.xml
----------------- Instantiating /home/travis/build/icyphy/ptII/ptolemy/actor/lib/test/auto/LevinsonDurbin2.xml
1 ms. Memory: 489472K Free: 440861K (90%)
----------------- Invoking toplevel() on ptolemy.moml.MoMLSimpleApplication@5f3c4c7f
----------------- Done invoking toplevel() on ptolemy.moml.MoMLSimpleApplication@5f3c4c7f
reloadAllAccessors: .LevinsonDurbin2

===========================================================================================
----------------- testing Tue Jul 09 18:22:13 UTC 2019 /home/travis/build/icyphy/ptII/ptolemy/actor/lib/test/auto/LevinsonDurbin3.xml
----------------- Instantiating /home/travis/build/icyphy/ptII/ptolemy/actor/lib/test/auto/LevinsonDurbin3.xml
11 ms. Memory: 489472K Free: 436548K (89%)
----------------- Invoking toplevel() on ptolemy.moml.MoMLSimpleApplication@412194b0
----------------- Done invoking toplevel() on ptolemy.moml.MoMLSimpleApplication@412194b0
reloadAllAccessors: .LevinsonDurbin3

===========================================================================================
----------------- testing Tue Jul 09 18:22:13 UTC 2019 /home/travis/build/icyphy/ptII/ptolemy/actor/lib/test/auto/Limiter.xml
----------------- Instantiating /home/travis/build/icyphy/ptII/ptolemy/actor/lib/test/auto/Limiter.xml
5 ms. Memory: 489472K Free: 427332K (87%)
----------------- Invoking toplevel() on ptolemy.moml.MoMLSimpleApplication@2f4c311c
----------------- Done invoking toplevel() on ptolemy.moml.MoMLSimpleApplication@2f4c311c
reloadAllAccessors: .Limiter

===========================================================================================
----------------- testing Tue Jul 09 18:22:14 UTC 2019 /home/travis/build/icyphy/ptII/ptolemy/actor/lib/test/auto/LinearDifferenceEquationSystem.xml
----------------- Instantiating /home/travis/build/icyphy/ptII/ptolemy/actor/lib/test/auto/LinearDifferenceEquationSystem.xml
5 ms. Memory: 489472K Free: 420164K (86%)
----------------- Invoking toplevel() on ptolemy.moml.MoMLSimpleApplication@c600854
----------------- Done invoking toplevel() on ptolemy.moml.MoMLSimpleApplication@c600854
reloadAllAccessors: .LinearDifferenceEquationSystem

===========================================================================================
----------------- testing Tue Jul 09 18:22:14 UTC 2019 /home/travis/build/icyphy/ptII/ptolemy/actor/lib/test/auto/LookupTable.xml
----------------- Instantiating /home/travis/build/icyphy/ptII/ptolemy/actor/lib/test/auto/LookupTable.xml
1 ms. Memory: 489472K Free: 415554K (85%)
----------------- Invoking toplevel() on ptolemy.moml.MoMLSimpleApplication@1cfe1adb
----------------- Done invoking toplevel() on ptolemy.moml.MoMLSimpleApplication@1cfe1adb
reloadAllAccessors: .LookupTable

===========================================================================================
----------------- testing Tue Jul 09 18:22:14 UTC 2019 /home/travis/build/icyphy/ptII/ptolemy/actor/lib/test/auto/MathFunction.xml
----------------- Instantiating /home/travis/build/icyphy/ptII/ptolemy/actor/lib/test/auto/MathFunction.xml
2 ms. Memory: 489472K Free: 407362K (83%)
----------------- Invoking toplevel() on ptolemy.moml.MoMLSimpleApplication@643ed203
----------------- Done invoking toplevel() on ptolemy.moml.MoMLSimpleApplication@643ed203
reloadAllAccessors: .MathFunction

===========================================================================================
----------------- testing Tue Jul 09 18:22:14 UTC 2019 /home/travis/build/icyphy/ptII/ptolemy/actor/lib/test/auto/MathFunction2.xml
----------------- Instantiating /home/travis/build/icyphy/ptII/ptolemy/actor/lib/test/auto/MathFunction2.xml
2 ms. Memory: 489472K Free: 403266K (82%)
----------------- Invoking toplevel() on ptolemy.moml.MoMLSimpleApplication@29cecad5
----------------- Done invoking toplevel() on ptolemy.moml.MoMLSimpleApplication@29cecad5
reloadAllAccessors: .MathFunction2

===========================================================================================
----------------- testing Tue Jul 09 18:22:14 UTC 2019 /home/travis/build/icyphy/ptII/ptolemy/actor/lib/test/auto/MathFunction3.xml
----------------- Instantiating /home/travis/build/icyphy/ptII/ptolemy/actor/lib/test/auto/MathFunction3.xml
2 ms. Memory: 489472K Free: 396098K (81%)
----------------- Invoking toplevel() on ptolemy.moml.MoMLSimpleApplication@4cd01393
----------------- Done invoking toplevel() on ptolemy.moml.MoMLSimpleApplication@4cd01393
reloadAllAccessors: .MathFunction3

===========================================================================================
----------------- testing Tue Jul 09 18:22:14 UTC 2019 /home/travis/build/icyphy/ptII/ptolemy/actor/lib/test/auto/MatrixCropBoolean.xml
----------------- Instantiating /home/travis/build/icyphy/ptII/ptolemy/actor/lib/test/auto/MatrixCropBoolean.xml
1 ms. Memory: 489472K Free: 390948K (80%)
----------------- Invoking toplevel() on ptolemy.moml.MoMLSimpleApplication@6107271f
----------------- Done invoking toplevel() on ptolemy.moml.MoMLSimpleApplication@6107271f
reloadAllAccessors: .MatrixCropBoolean

===========================================================================================
----------------- testing Tue Jul 09 18:22:14 UTC 2019 /home/travis/build/icyphy/ptII/ptolemy/actor/lib/test/auto/MatrixCropComplex.xml
----------------- Instantiating /home/travis/build/icyphy/ptII/ptolemy/actor/lib/test/auto/MatrixCropComplex.xml
2 ms. Memory: 489472K Free: 385828K (79%)
----------------- Invoking toplevel() on ptolemy.moml.MoMLSimpleApplication@7d2af62e
----------------- Done invoking toplevel() on ptolemy.moml.MoMLSimpleApplication@7d2af62e
reloadAllAccessors: .MatrixCropComplex

===========================================================================================
----------------- testing Tue Jul 09 18:22:14 UTC 2019 /home/travis/build/icyphy/ptII/ptolemy/actor/lib/test/auto/MatrixCropDouble.xml
----------------- Instantiating /home/travis/build/icyphy/ptII/ptolemy/actor/lib/test/auto/MatrixCropDouble.xml
2 ms. Memory: 489472K Free: 380724K (78%)
----------------- Invoking toplevel() on ptolemy.moml.MoMLSimpleApplication@4ee2e02b
----------------- Done invoking toplevel() on ptolemy.moml.MoMLSimpleApplication@4ee2e02b
reloadAllAccessors: .MatrixCropDouble

===========================================================================================
----------------- testing Tue Jul 09 18:22:14 UTC 2019 /home/travis/build/icyphy/ptII/ptolemy/actor/lib/test/auto/MatrixCropFix.xml
----------------- Instantiating /home/travis/build/icyphy/ptII/ptolemy/actor/lib/test/auto/MatrixCropFix.xml
2 ms. Memory: 489472K Free: 375612K (77%)
----------------- Invoking toplevel() on ptolemy.moml.MoMLSimpleApplication@5fdb33cd
----------------- Done invoking toplevel() on ptolemy.moml.MoMLSimpleApplication@5fdb33cd
reloadAllAccessors: .MatrixCropFix

===========================================================================================
----------------- testing Tue Jul 09 18:22:14 UTC 2019 /home/travis/build/icyphy/ptII/ptolemy/actor/lib/test/auto/MatrixCropInt.xml
----------------- Instantiating /home/travis/build/icyphy/ptII/ptolemy/actor/lib/test/auto/MatrixCropInt.xml
2 ms. Memory: 489472K Free: 370484K (76%)
----------------- Invoking toplevel() on ptolemy.moml.MoMLSimpleApplication@6a33bb68
----------------- Done invoking toplevel() on ptolemy.moml.MoMLSimpleApplication@6a33bb68
reloadAllAccessors: .MatrixCropInt

===========================================================================================
----------------- testing Tue Jul 09 18:22:14 UTC 2019 /home/travis/build/icyphy/ptII/ptolemy/actor/lib/test/auto/MatrixCropLong.xml
----------------- Instantiating /home/travis/build/icyphy/ptII/ptolemy/actor/lib/test/auto/MatrixCropLong.xml
3 ms. Memory: 489472K Free: 365364K (75%)
----------------- Invoking toplevel() on ptolemy.moml.MoMLSimpleApplication@4d0ae533
----------------- Done invoking toplevel() on ptolemy.moml.MoMLSimpleApplication@4d0ae533
reloadAllAccessors: .MatrixCropLong

===========================================================================================
----------------- testing Tue Jul 09 18:22:14 UTC 2019 /home/travis/build/icyphy/ptII/ptolemy/actor/lib/test/auto/MatrixToArray.xml
----------------- Instantiating /home/travis/build/icyphy/ptII/ptolemy/actor/lib/test/auto/MatrixToArray.xml
11 ms. Memory: 489472K Free: 350532K (72%)
----------------- Invoking toplevel() on ptolemy.moml.MoMLSimpleApplication@19355fc5
----------------- Done invoking toplevel() on ptolemy.moml.MoMLSimpleApplication@19355fc5
reloadAllAccessors: .MatrixToArray

===========================================================================================
----------------- testing Tue Jul 09 18:22:14 UTC 2019 /home/travis/build/icyphy/ptII/ptolemy/actor/lib/test/auto/MaxIndex.xml
----------------- Instantiating /home/travis/build/icyphy/ptII/ptolemy/actor/lib/test/auto/MaxIndex.xml
2 ms. Memory: 489472K Free: 345412K (71%)
----------------- Invoking toplevel() on ptolemy.moml.MoMLSimpleApplication@3b79de4c
----------------- Done invoking toplevel() on ptolemy.moml.MoMLSimpleApplication@3b79de4c
reloadAllAccessors: .MaxIndex

===========================================================================================
----------------- testing Tue Jul 09 18:22:14 UTC 2019 /home/travis/build/icyphy/ptII/ptolemy/actor/lib/test/auto/Maximum.xml
----------------- Instantiating /home/travis/build/icyphy/ptII/ptolemy/actor/lib/test/auto/Maximum.xml
6 ms. Memory: 489472K Free: 338724K (69%)
----------------- Invoking toplevel() on ptolemy.moml.MoMLSimpleApplication@13dea94c
----------------- Done invoking toplevel() on ptolemy.moml.MoMLSimpleApplication@13dea94c
reloadAllAccessors: .Maximum

===========================================================================================
----------------- testing Tue Jul 09 18:22:14 UTC 2019 /home/travis/build/icyphy/ptII/ptolemy/actor/lib/test/auto/MaximumComplex.xml
----------------- Instantiating /home/travis/build/icyphy/ptII/ptolemy/actor/lib/test/auto/MaximumComplex.xml
6 ms. Memory: 489472K Free: 332580K (68%)
----------------- Invoking toplevel() on ptolemy.moml.MoMLSimpleApplication@50ac9b31
----------------- Done invoking toplevel() on ptolemy.moml.MoMLSimpleApplication@50ac9b31
reloadAllAccessors: .MaximumComplex

===========================================================================================
----------------- testing Tue Jul 09 18:22:14 UTC 2019 /home/travis/build/icyphy/ptII/ptolemy/actor/lib/test/auto/MethodCallTest.xml
----------------- Instantiating /home/travis/build/icyphy/ptII/ptolemy/actor/lib/test/auto/MethodCallTest.xml
2 ms. Memory: 489472K Free: 325956K (67%)
----------------- Invoking toplevel() on ptolemy.moml.MoMLSimpleApplication@3b92d1d5
----------------- Done invoking toplevel() on ptolemy.moml.MoMLSimpleApplication@3b92d1d5
reloadAllAccessors: .MethodCallTest

===========================================================================================
----------------- testing Tue Jul 09 18:22:14 UTC 2019 /home/travis/build/icyphy/ptII/ptolemy/actor/lib/test/auto/Minimum.xml
----------------- Instantiating /home/travis/build/icyphy/ptII/ptolemy/actor/lib/test/auto/Minimum.xml
2 ms. Memory: 489472K Free: 319812K (65%)
----------------- Invoking toplevel() on ptolemy.moml.MoMLSimpleApplication@51596215
----------------- Done invoking toplevel() on ptolemy.moml.MoMLSimpleApplication@51596215
reloadAllAccessors: .Minimum

===========================================================================================
----------------- testing Tue Jul 09 18:22:14 UTC 2019 /home/travis/build/icyphy/ptII/ptolemy/actor/lib/test/auto/MinimumComplex.xml
----------------- Instantiating /home/travis/build/icyphy/ptII/ptolemy/actor/lib/test/auto/MinimumComplex.xml
3 ms. Memory: 489472K Free: 313668K (64%)
----------------- Invoking toplevel() on ptolemy.moml.MoMLSimpleApplication@515f8f03
----------------- Done invoking toplevel() on ptolemy.moml.MoMLSimpleApplication@515f8f03
reloadAllAccessors: .MinimumComplex

===========================================================================================
----------------- testing Tue Jul 09 18:22:14 UTC 2019 /home/travis/build/icyphy/ptII/ptolemy/actor/lib/test/auto/MinimumMultiports.xml
----------------- Instantiating /home/travis/build/icyphy/ptII/ptolemy/actor/lib/test/auto/MinimumMultiports.xml
4 ms. Memory: 489472K Free: 304956K (62%)
----------------- Invoking toplevel() on ptolemy.moml.MoMLSimpleApplication@54837179
----------------- Done invoking toplevel() on ptolemy.moml.MoMLSimpleApplication@54837179
reloadAllAccessors: .MinimumMultiports

===========================================================================================
----------------- testing Tue Jul 09 18:22:14 UTC 2019 /home/travis/build/icyphy/ptII/ptolemy/actor/lib/test/auto/ModifyDate.xml
----------------- Instantiating /home/travis/build/icyphy/ptII/ptolemy/actor/lib/test/auto/ModifyDate.xml
7 ms. Memory: 489472K Free: 292164K (60%)
----------------- Invoking toplevel() on ptolemy.moml.MoMLSimpleApplication@7c4d6b89
----------------- Done invoking toplevel() on ptolemy.moml.MoMLSimpleApplication@7c4d6b89
reloadAllAccessors: .ModifyDate

===========================================================================================
----------------- testing Tue Jul 09 18:22:14 UTC 2019 /home/travis/build/icyphy/ptII/ptolemy/actor/lib/test/auto/ModifyDate2.xml
----------------- Instantiating /home/travis/build/icyphy/ptII/ptolemy/actor/lib/test/auto/ModifyDate2.xml
6 ms. Memory: 489472K Free: 283458K (58%)
----------------- Invoking toplevel() on ptolemy.moml.MoMLSimpleApplication@532360f2
----------------- Done invoking toplevel() on ptolemy.moml.MoMLSimpleApplication@532360f2
reloadAllAccessors: .ModifyDate2

===========================================================================================
----------------- testing Tue Jul 09 18:22:14 UTC 2019 /home/travis/build/icyphy/ptII/ptolemy/actor/lib/test/auto/MovingAverage.xml
----------------- Instantiating /home/travis/build/icyphy/ptII/ptolemy/actor/lib/test/auto/MovingAverage.xml
2 ms. Memory: 489472K Free: 278338K (57%)
----------------- Invoking toplevel() on ptolemy.moml.MoMLSimpleApplication@f91f773
----------------- Done invoking toplevel() on ptolemy.moml.MoMLSimpleApplication@f91f773
reloadAllAccessors: .MovingAverage

===========================================================================================
----------------- testing Tue Jul 09 18:22:14 UTC 2019 /home/travis/build/icyphy/ptII/ptolemy/actor/lib/test/auto/MovingMaximum.xml
----------------- Instantiating /home/travis/build/icyphy/ptII/ptolemy/actor/lib/test/auto/MovingMaximum.xml
2 ms. Memory: 489472K Free: 273732K (56%)
----------------- Invoking toplevel() on ptolemy.moml.MoMLSimpleApplication@381dc5e2
----------------- Done invoking toplevel() on ptolemy.moml.MoMLSimpleApplication@381dc5e2
reloadAllAccessors: .MovingMaximum

===========================================================================================
----------------- testing Tue Jul 09 18:22:14 UTC 2019 /home/travis/build/icyphy/ptII/ptolemy/actor/lib/test/auto/MultipleLinksToSameRelation.xml
----------------- Instantiating /home/travis/build/icyphy/ptII/ptolemy/actor/lib/test/auto/MultipleLinksToSameRelation.xml
6 ms. Memory: 489472K Free: 269636K (55%)
----------------- Invoking toplevel() on ptolemy.moml.MoMLSimpleApplication@2f515395
----------------- Done invoking toplevel() on ptolemy.moml.MoMLSimpleApplication@2f515395
reloadAllAccessors: .MultipleLinksToSameRelation

===========================================================================================
----------------- testing Tue Jul 09 18:22:14 UTC 2019 /home/travis/build/icyphy/ptII/ptolemy/actor/lib/test/auto/MultipleLinksToSameRelationDE.xml
----------------- Instantiating /home/travis/build/icyphy/ptII/ptolemy/actor/lib/test/auto/MultipleLinksToSameRelationDE.xml
1 ms. Memory: 489472K Free: 264996K (54%)
----------------- Invoking toplevel() on ptolemy.moml.MoMLSimpleApplication@482052c
----------------- Done invoking toplevel() on ptolemy.moml.MoMLSimpleApplication@482052c
reloadAllAccessors: .MultipleLinksToSameRelationDE

===========================================================================================
----------------- testing Tue Jul 09 18:22:14 UTC 2019 /home/travis/build/icyphy/ptII/ptolemy/actor/lib/test/auto/Multiplexor.xml
----------------- Instantiating /home/travis/build/icyphy/ptII/ptolemy/actor/lib/test/auto/Multiplexor.xml
2 ms. Memory: 489472K Free: 259906K (53%)
----------------- Invoking toplevel() on ptolemy.moml.MoMLSimpleApplication@3dd6178a
----------------- Done invoking toplevel() on ptolemy.moml.MoMLSimpleApplication@3dd6178a
reloadAllAccessors: .Multiplexor

===========================================================================================
----------------- testing Tue Jul 09 18:22:14 UTC 2019 /home/travis/build/icyphy/ptII/ptolemy/actor/lib/test/auto/Multiplexor1.xml
----------------- Instantiating /home/travis/build/icyphy/ptII/ptolemy/actor/lib/test/auto/Multiplexor1.xml
2 ms. Memory: 489472K Free: 254276K (52%)
----------------- Invoking toplevel() on ptolemy.moml.MoMLSimpleApplication@3ccefbeb
----------------- Done invoking toplevel() on ptolemy.moml.MoMLSimpleApplication@3ccefbeb
reloadAllAccessors: .Multiplexor1

===========================================================================================
----------------- testing Tue Jul 09 18:22:14 UTC 2019 /home/travis/build/icyphy/ptII/ptolemy/actor/lib/test/auto/Multiplexor2.xml
----------------- Instantiating /home/travis/build/icyphy/ptII/ptolemy/actor/lib/test/auto/Multiplexor2.xml
4 ms. Memory: 489472K Free: 247618K (51%)
----------------- Invoking toplevel() on ptolemy.moml.MoMLSimpleApplication@797228ef
----------------- Done invoking toplevel() on ptolemy.moml.MoMLSimpleApplication@797228ef
reloadAllAccessors: .Multiplexor2

===========================================================================================
----------------- testing Tue Jul 09 18:22:14 UTC 2019 /home/travis/build/icyphy/ptII/ptolemy/actor/lib/test/auto/Multiplexor3.xml
----------------- Instantiating /home/travis/build/icyphy/ptII/ptolemy/actor/lib/test/auto/Multiplexor3.xml
2 ms. Memory: 489472K Free: 243522K (50%)
----------------- Invoking toplevel() on ptolemy.moml.MoMLSimpleApplication@1a3da1f1
----------------- Done invoking toplevel() on ptolemy.moml.MoMLSimpleApplication@1a3da1f1
reloadAllAccessors: .Multiplexor3

===========================================================================================
----------------- testing Tue Jul 09 18:22:14 UTC 2019 /home/travis/build/icyphy/ptII/ptolemy/actor/lib/test/auto/MultiplexorDE.xml
----------------- Instantiating /home/travis/build/icyphy/ptII/ptolemy/actor/lib/test/auto/MultiplexorDE.xml
3 ms. Memory: 489472K Free: 235844K (48%)
----------------- Invoking toplevel() on ptolemy.moml.MoMLSimpleApplication@68d34c72
----------------- Done invoking toplevel() on ptolemy.moml.MoMLSimpleApplication@68d34c72
reloadAllAccessors: .MultiplexorDE

===========================================================================================
----------------- testing Tue Jul 09 18:22:14 UTC 2019 /home/travis/build/icyphy/ptII/ptolemy/actor/lib/test/auto/MultiportBroadcastTest.xml
----------------- Instantiating /home/travis/build/icyphy/ptII/ptolemy/actor/lib/test/auto/MultiportBroadcastTest.xml
82 ms. Memory: 489472K Free: 229700K (47%)
----------------- Invoking toplevel() on ptolemy.moml.MoMLSimpleApplication@424ba58f
----------------- Done invoking toplevel() on ptolemy.moml.MoMLSimpleApplication@424ba58f
reloadAllAccessors: .MultiportBroadcastTest

===========================================================================================
----------------- testing Tue Jul 09 18:22:14 UTC 2019 /home/travis/build/icyphy/ptII/ptolemy/actor/lib/test/auto/MultiportOutHangDuringGetWidth.xml
----------------- Instantiating /home/travis/build/icyphy/ptII/ptolemy/actor/lib/test/auto/MultiportOutHangDuringGetWidth.xml
5 ms. Memory: 489472K Free: 217922K (45%)
----------------- Invoking toplevel() on ptolemy.moml.MoMLSimpleApplication@3709b1f5
----------------- Done invoking toplevel() on ptolemy.moml.MoMLSimpleApplication@3709b1f5
reloadAllAccessors: .MultiportOutHangDuringGetWidth

===========================================================================================
----------------- testing Tue Jul 09 18:22:14 UTC 2019 /home/travis/build/icyphy/ptII/ptolemy/actor/lib/test/auto/NilToken.xml
----------------- Instantiating /home/travis/build/icyphy/ptII/ptolemy/actor/lib/test/auto/NilToken.xml
1 ms. Memory: 489472K Free: 213826K (44%)
----------------- Invoking toplevel() on ptolemy.moml.MoMLSimpleApplication@1513fdc3
----------------- Done invoking toplevel() on ptolemy.moml.MoMLSimpleApplication@1513fdc3
reloadAllAccessors: .NilToken

===========================================================================================
----------------- testing Tue Jul 09 18:22:14 UTC 2019 /home/travis/build/icyphy/ptII/ptolemy/actor/lib/test/auto/NilTokenNonStrictTest.xml
----------------- Instantiating /home/travis/build/icyphy/ptII/ptolemy/actor/lib/test/auto/NilTokenNonStrictTest.xml
3 ms. Memory: 489472K Free: 208706K (43%)
----------------- Invoking toplevel() on ptolemy.moml.MoMLSimpleApplication@73115a6d
----------------- Done invoking toplevel() on ptolemy.moml.MoMLSimpleApplication@73115a6d
reloadAllAccessors: .NilTokenNonStrictTest

===========================================================================================
----------------- testing Tue Jul 09 18:22:14 UTC 2019 /home/travis/build/icyphy/ptII/ptolemy/actor/lib/test/auto/NilTokenRecord.xml
----------------- Instantiating /home/travis/build/icyphy/ptII/ptolemy/actor/lib/test/auto/NilTokenRecord.xml
12 ms. Memory: 489472K Free: 201537K (41%)
----------------- Invoking toplevel() on ptolemy.moml.MoMLSimpleApplication@63800351
----------------- Done invoking toplevel() on ptolemy.moml.MoMLSimpleApplication@63800351
reloadAllAccessors: .NilTokenRecord

===========================================================================================
----------------- testing Tue Jul 09 18:22:14 UTC 2019 /home/travis/build/icyphy/ptII/ptolemy/actor/lib/test/auto/NilTokenTypeTest.xml
----------------- Instantiating /home/travis/build/icyphy/ptII/ptolemy/actor/lib/test/auto/NilTokenTypeTest.xml
6 ms. Memory: 489472K Free: 191812K (39%)
----------------- Invoking toplevel() on ptolemy.moml.MoMLSimpleApplication@88c5952
----------------- Done invoking toplevel() on ptolemy.moml.MoMLSimpleApplication@88c5952
reloadAllAccessors: .NilTokenTypeTest

===========================================================================================
----------------- testing Tue Jul 09 18:22:14 UTC 2019 /home/travis/build/icyphy/ptII/ptolemy/actor/lib/test/auto/ObjectToken1.xml
----------------- Instantiating /home/travis/build/icyphy/ptII/ptolemy/actor/lib/test/auto/ObjectToken1.xml
2 ms. Memory: 489472K Free: 187716K (38%)
----------------- Invoking toplevel() on ptolemy.moml.MoMLSimpleApplication@4cd55aa4
----------------- Done invoking toplevel() on ptolemy.moml.MoMLSimpleApplication@4cd55aa4
reloadAllAccessors: .ObjectToken1

===========================================================================================
----------------- testing Tue Jul 09 18:22:14 UTC 2019 /home/travis/build/icyphy/ptII/ptolemy/actor/lib/test/auto/OrderedMerge.xml
----------------- Instantiating /home/travis/build/icyphy/ptII/ptolemy/actor/lib/test/auto/OrderedMerge.xml
16 ms. Memory: 489472K Free: 182082K (37%)
----------------- Invoking toplevel() on ptolemy.moml.MoMLSimpleApplication@2d1c3982
----------------- Done invoking toplevel() on ptolemy.moml.MoMLSimpleApplication@2d1c3982
reloadAllAccessors: .OrderedMerge

===========================================================================================
----------------- testing Tue Jul 09 18:22:14 UTC 2019 /home/travis/build/icyphy/ptII/ptolemy/actor/lib/test/auto/OrderedRecordDisassembler.xml
----------------- Instantiating /home/travis/build/icyphy/ptII/ptolemy/actor/lib/test/auto/OrderedRecordDisassembler.xml
4 ms. Memory: 489472K Free: 176948K (36%)
----------------- Invoking toplevel() on ptolemy.moml.MoMLSimpleApplication@74fdee96
----------------- Done invoking toplevel() on ptolemy.moml.MoMLSimpleApplication@74fdee96
reloadAllAccessors: .OrderedRecordDisassembler

===========================================================================================
----------------- testing Tue Jul 09 18:22:14 UTC 2019 /home/travis/build/icyphy/ptII/ptolemy/actor/lib/test/auto/OrderedRecordDisassembler2.xml
----------------- Instantiating /home/travis/build/icyphy/ptII/ptolemy/actor/lib/test/auto/OrderedRecordDisassembler2.xml
5 ms. Memory: 489472K Free: 169284K (35%)
----------------- Invoking toplevel() on ptolemy.moml.MoMLSimpleApplication@18d5c841
----------------- Done invoking toplevel() on ptolemy.moml.MoMLSimpleApplication@18d5c841
reloadAllAccessors: .OrderedRecordDisassembler2

===========================================================================================
----------------- testing Tue Jul 09 18:22:14 UTC 2019 /home/travis/build/icyphy/ptII/ptolemy/actor/lib/test/auto/OrderedRecordUpdater.xml
----------------- Instantiating /home/travis/build/icyphy/ptII/ptolemy/actor/lib/test/auto/OrderedRecordUpdater.xml
2 ms. Memory: 489472K Free: 164164K (34%)
----------------- Invoking toplevel() on ptolemy.moml.MoMLSimpleApplication@27e3ef36
----------------- Done invoking toplevel() on ptolemy.moml.MoMLSimpleApplication@27e3ef36
reloadAllAccessors: .RecordUpdater

===========================================================================================
----------------- testing Tue Jul 09 18:22:14 UTC 2019 /home/travis/build/icyphy/ptII/ptolemy/actor/lib/test/auto/OrderedRecordUpdater2.xml
----------------- Instantiating /home/travis/build/icyphy/ptII/ptolemy/actor/lib/test/auto/OrderedRecordUpdater2.xml
2 ms. Memory: 489472K Free: 159554K (33%)
----------------- Invoking toplevel() on ptolemy.moml.MoMLSimpleApplication@499270c1
----------------- Done invoking toplevel() on ptolemy.moml.MoMLSimpleApplication@499270c1
reloadAllAccessors: .RecordUpdater2

===========================================================================================
----------------- testing Tue Jul 09 18:22:15 UTC 2019 /home/travis/build/icyphy/ptII/ptolemy/actor/lib/test/auto/PhaseUnwrap.xml
----------------- Instantiating /home/travis/build/icyphy/ptII/ptolemy/actor/lib/test/auto/PhaseUnwrap.xml
1 ms. Memory: 489472K Free: 154948K (32%)
----------------- Invoking toplevel() on ptolemy.moml.MoMLSimpleApplication@14fd14fd
----------------- Done invoking toplevel() on ptolemy.moml.MoMLSimpleApplication@14fd14fd
reloadAllAccessors: .PhaseUnwrap

===========================================================================================
----------------- testing Tue Jul 09 18:22:15 UTC 2019 /home/travis/build/icyphy/ptII/ptolemy/actor/lib/test/auto/PoissonClock.xml
----------------- Instantiating /home/travis/build/icyphy/ptII/ptolemy/actor/lib/test/auto/PoissonClock.xml
2 ms. Memory: 489472K Free: 440528K (90%)
----------------- Invoking toplevel() on ptolemy.moml.MoMLSimpleApplication@7becf5db
----------------- Done invoking toplevel() on ptolemy.moml.MoMLSimpleApplication@7becf5db
reloadAllAccessors: .PoissonClock

===========================================================================================
----------------- testing Tue Jul 09 18:22:15 UTC 2019 /home/travis/build/icyphy/ptII/ptolemy/actor/lib/test/auto/PoissonClock2.xml
----------------- Instantiating /home/travis/build/icyphy/ptII/ptolemy/actor/lib/test/auto/PoissonClock2.xml
2 ms. Memory: 489472K Free: 435710K (89%)
----------------- Invoking toplevel() on ptolemy.moml.MoMLSimpleApplication@78d077a0
----------------- Done invoking toplevel() on ptolemy.moml.MoMLSimpleApplication@78d077a0
reloadAllAccessors: .PoissonClock2

===========================================================================================
----------------- testing Tue Jul 09 18:22:15 UTC 2019 /home/travis/build/icyphy/ptII/ptolemy/actor/lib/test/auto/PoissonClock3.xml
----------------- Instantiating /home/travis/build/icyphy/ptII/ptolemy/actor/lib/test/auto/PoissonClock3.xml
2 ms. Memory: 489472K Free: 431104K (88%)
----------------- Invoking toplevel() on ptolemy.moml.MoMLSimpleApplication@f0af505
----------------- Done invoking toplevel() on ptolemy.moml.MoMLSimpleApplication@f0af505
reloadAllAccessors: .PoissonClock3

===========================================================================================
----------------- testing Tue Jul 09 18:22:15 UTC 2019 /home/travis/build/icyphy/ptII/ptolemy/actor/lib/test/auto/PubSubWithInitialTokens.xml
----------------- Instantiating /home/travis/build/icyphy/ptII/ptolemy/actor/lib/test/auto/PubSubWithInitialTokens.xml
2 ms. Memory: 489472K Free: 425463K (87%)
----------------- Invoking toplevel() on ptolemy.moml.MoMLSimpleApplication@6eb8d894
----------------- Done invoking toplevel() on ptolemy.moml.MoMLSimpleApplication@6eb8d894
reloadAllAccessors: .PubSubWithInitialTokens

===========================================================================================
----------------- testing Tue Jul 09 18:22:15 UTC 2019 /home/travis/build/icyphy/ptII/ptolemy/actor/lib/test/auto/PubSubWithInitialTokens2.xml
----------------- Instantiating /home/travis/build/icyphy/ptII/ptolemy/actor/lib/test/auto/PubSubWithInitialTokens2.xml
2 ms. Memory: 489472K Free: 419311K (86%)
----------------- Invoking toplevel() on ptolemy.moml.MoMLSimpleApplication@387976bc
----------------- Done invoking toplevel() on ptolemy.moml.MoMLSimpleApplication@387976bc
reloadAllAccessors: .PubSubWithInitialTokens2

===========================================================================================
----------------- testing Tue Jul 09 18:22:15 UTC 2019 /home/travis/build/icyphy/ptII/ptolemy/actor/lib/test/auto/PublisherClassNoParameter.xml
----------------- Instantiating /home/travis/build/icyphy/ptII/ptolemy/actor/lib/test/auto/PublisherClassNoParameter.xml
2 ms. Memory: 489472K Free: 408576K (83%)
----------------- Invoking toplevel() on ptolemy.moml.MoMLSimpleApplication@447ca91e
----------------- Done invoking toplevel() on ptolemy.moml.MoMLSimpleApplication@447ca91e
reloadAllAccessors: .PublisherClassNoParameter

===========================================================================================
----------------- testing Tue Jul 09 18:22:15 UTC 2019 /home/travis/build/icyphy/ptII/ptolemy/actor/lib/test/auto/PublisherClassParameter.xml
----------------- Instantiating /home/travis/build/icyphy/ptII/ptolemy/actor/lib/test/auto/PublisherClassParameter.xml
2 ms. Memory: 489472K Free: 398336K (81%)
----------------- Invoking toplevel() on ptolemy.moml.MoMLSimpleApplication@1e9e4ab7
----------------- Done invoking toplevel() on ptolemy.moml.MoMLSimpleApplication@1e9e4ab7
reloadAllAccessors: .PublisherClassParameter

===========================================================================================
----------------- testing Tue Jul 09 18:22:15 UTC 2019 /home/travis/build/icyphy/ptII/ptolemy/actor/lib/test/auto/PublisherNonStrictTest.xml
----------------- Instantiating /home/travis/build/icyphy/ptII/ptolemy/actor/lib/test/auto/PublisherNonStrictTest.xml
3 ms. Memory: 489472K Free: 390647K (80%)
----------------- Invoking toplevel() on ptolemy.moml.MoMLSimpleApplication@59e654e3
----------------- Done invoking toplevel() on ptolemy.moml.MoMLSimpleApplication@59e654e3
reloadAllAccessors: .PublisherNonStrictTest

===========================================================================================
----------------- testing Tue Jul 09 18:22:15 UTC 2019 /home/travis/build/icyphy/ptII/ptolemy/actor/lib/test/auto/PublisherPort1.xml
----------------- Instantiating /home/travis/build/icyphy/ptII/ptolemy/actor/lib/test/auto/PublisherPort1.xml
2 ms. Memory: 489472K Free: 385024K (79%)
----------------- Invoking toplevel() on ptolemy.moml.MoMLSimpleApplication@678a11c2
----------------- Done invoking toplevel() on ptolemy.moml.MoMLSimpleApplication@678a11c2
reloadAllAccessors: .PublisherPort1

===========================================================================================
----------------- testing Tue Jul 09 18:22:15 UTC 2019 /home/travis/build/icyphy/ptII/ptolemy/actor/lib/test/auto/PublisherPort2.xml
----------------- Instantiating /home/travis/build/icyphy/ptII/ptolemy/actor/lib/test/auto/PublisherPort2.xml
1 ms. Memory: 489472K Free: 379904K (78%)
----------------- Invoking toplevel() on ptolemy.moml.MoMLSimpleApplication@4accbe22
----------------- Done invoking toplevel() on ptolemy.moml.MoMLSimpleApplication@4accbe22
reloadAllAccessors: .PublisherPort2

===========================================================================================
----------------- testing Tue Jul 09 18:22:15 UTC 2019 /home/travis/build/icyphy/ptII/ptolemy/actor/lib/test/auto/PublisherPort3.xml
----------------- Instantiating /home/travis/build/icyphy/ptII/ptolemy/actor/lib/test/auto/PublisherPort3.xml
3 ms. Memory: 489472K Free: 373215K (76%)
----------------- Invoking toplevel() on ptolemy.moml.MoMLSimpleApplication@70df9531
----------------- Done invoking toplevel() on ptolemy.moml.MoMLSimpleApplication@70df9531
reloadAllAccessors: .PublisherPort3

===========================================================================================
----------------- testing Tue Jul 09 18:22:15 UTC 2019 /home/travis/build/icyphy/ptII/ptolemy/actor/lib/test/auto/PublisherPort4.xml
----------------- Instantiating /home/travis/build/icyphy/ptII/ptolemy/actor/lib/test/auto/PublisherPort4.xml
2 ms. Memory: 489472K Free: 367616K (75%)
----------------- Invoking toplevel() on ptolemy.moml.MoMLSimpleApplication@34403243
----------------- Done invoking toplevel() on ptolemy.moml.MoMLSimpleApplication@34403243
reloadAllAccessors: .PublisherPort4

===========================================================================================
----------------- testing Tue Jul 09 18:22:15 UTC 2019 /home/travis/build/icyphy/ptII/ptolemy/actor/lib/test/auto/PublisherPort5.xml
----------------- Instantiating /home/travis/build/icyphy/ptII/ptolemy/actor/lib/test/auto/PublisherPort5.xml
13 ms. Memory: 489472K Free: 359934K (74%)
----------------- Invoking toplevel() on ptolemy.moml.MoMLSimpleApplication@148101c0
----------------- Done invoking toplevel() on ptolemy.moml.MoMLSimpleApplication@148101c0
reloadAllAccessors: .PublisherPort5

===========================================================================================
----------------- testing Tue Jul 09 18:22:15 UTC 2019 /home/travis/build/icyphy/ptII/ptolemy/actor/lib/test/auto/PublisherPort5LookAlike.xml
----------------- Instantiating /home/travis/build/icyphy/ptII/ptolemy/actor/lib/test/auto/PublisherPort5LookAlike.xml
8 ms. Memory: 489472K Free: 352256K (72%)
----------------- Invoking toplevel() on ptolemy.moml.MoMLSimpleApplication@beab215
----------------- Done invoking toplevel() on ptolemy.moml.MoMLSimpleApplication@beab215
reloadAllAccessors: .PublisherPort5LookAlike

===========================================================================================
----------------- testing Tue Jul 09 18:22:15 UTC 2019 /home/travis/build/icyphy/ptII/ptolemy/actor/lib/test/auto/PublisherPort6.xml
----------------- Instantiating /home/travis/build/icyphy/ptII/ptolemy/actor/lib/test/auto/PublisherPort6.xml
2 ms. Memory: 489472K Free: 345583K (71%)
----------------- Invoking toplevel() on ptolemy.moml.MoMLSimpleApplication@1688430b
----------------- Done invoking toplevel() on ptolemy.moml.MoMLSimpleApplication@1688430b
reloadAllAccessors: .PublisherPort6

===========================================================================================
----------------- testing Tue Jul 09 18:22:15 UTC 2019 /home/travis/build/icyphy/ptII/ptolemy/actor/lib/test/auto/PublisherPort7.xml
----------------- Instantiating /home/travis/build/icyphy/ptII/ptolemy/actor/lib/test/auto/PublisherPort7.xml
3 ms. Memory: 489472K Free: 337406K (69%)
----------------- Invoking toplevel() on ptolemy.moml.MoMLSimpleApplication@41660f30
----------------- Done invoking toplevel() on ptolemy.moml.MoMLSimpleApplication@41660f30
reloadAllAccessors: .PublisherPort7

===========================================================================================
----------------- testing Tue Jul 09 18:22:15 UTC 2019 /home/travis/build/icyphy/ptII/ptolemy/actor/lib/test/auto/PublisherPort8.xml
----------------- Instantiating /home/travis/build/icyphy/ptII/ptolemy/actor/lib/test/auto/PublisherPort8.xml
4 ms. Memory: 489472K Free: 328704K (67%)
----------------- Invoking toplevel() on ptolemy.moml.MoMLSimpleApplication@7297c765
----------------- Done invoking toplevel() on ptolemy.moml.MoMLSimpleApplication@7297c765
reloadAllAccessors: .PublisherPort8

===========================================================================================
----------------- testing Tue Jul 09 18:22:15 UTC 2019 /home/travis/build/icyphy/ptII/ptolemy/actor/lib/test/auto/PublisherPortSubscriberChannelVariablesAOC2.xml
----------------- Instantiating /home/travis/build/icyphy/ptII/ptolemy/actor/lib/test/auto/PublisherPortSubscriberChannelVariablesAOC2.xml
3 ms. Memory: 489472K Free: 311806K (64%)
----------------- Invoking toplevel() on ptolemy.moml.MoMLSimpleApplication@281eedac
----------------- Done invoking toplevel() on ptolemy.moml.MoMLSimpleApplication@281eedac
reloadAllAccessors: .PublisherPortSubscriberChannelVariablesAOC2

===========================================================================================
----------------- testing Tue Jul 09 18:22:15 UTC 2019 /home/travis/build/icyphy/ptII/ptolemy/actor/lib/test/auto/PublisherPortSubscriberOpaqueWidthInference.xml
----------------- Instantiating /home/travis/build/icyphy/ptII/ptolemy/actor/lib/test/auto/PublisherPortSubscriberOpaqueWidthInference.xml
4 ms. Memory: 489472K Free: 304128K (62%)
----------------- Invoking toplevel() on ptolemy.moml.MoMLSimpleApplication@3c55edc
----------------- Done invoking toplevel() on ptolemy.moml.MoMLSimpleApplication@3c55edc
reloadAllAccessors: .PublisherPortSubscriberOpaqueWidthInference

===========================================================================================
----------------- testing Tue Jul 09 18:22:15 UTC 2019 /home/travis/build/icyphy/ptII/ptolemy/actor/lib/test/auto/PublisherPortSubscriberPortAdjacent.xml
----------------- Instantiating /home/travis/build/icyphy/ptII/ptolemy/actor/lib/test/auto/PublisherPortSubscriberPortAdjacent.xml
2 ms. Memory: 489472K Free: 295936K (60%)
----------------- Invoking toplevel() on ptolemy.moml.MoMLSimpleApplication@578f8873
----------------- Done invoking toplevel() on ptolemy.moml.MoMLSimpleApplication@578f8873
reloadAllAccessors: .PublisherPortSubscriberPortAdjacent

===========================================================================================
----------------- testing Tue Jul 09 18:22:15 UTC 2019 /home/travis/build/icyphy/ptII/ptolemy/actor/lib/test/auto/PublisherPortSubscriberPortExpression.xml
----------------- Instantiating /home/travis/build/icyphy/ptII/ptolemy/actor/lib/test/auto/PublisherPortSubscriberPortExpression.xml
3 ms. Memory: 489472K Free: 288239K (59%)
----------------- Invoking toplevel() on ptolemy.moml.MoMLSimpleApplication@261b2a2f
----------------- Done invoking toplevel() on ptolemy.moml.MoMLSimpleApplication@261b2a2f
reloadAllAccessors: .PublisherPortSubscriberPortExpression

===========================================================================================
----------------- testing Tue Jul 09 18:22:15 UTC 2019 /home/travis/build/icyphy/ptII/ptolemy/actor/lib/test/auto/PublisherPortSubscriberPortOpaqueD3Reverse.xml
----------------- Instantiating /home/travis/build/icyphy/ptII/ptolemy/actor/lib/test/auto/PublisherPortSubscriberPortOpaqueD3Reverse.xml
6 ms. Memory: 489472K Free: 278014K (57%)
----------------- Invoking toplevel() on ptolemy.moml.MoMLSimpleApplication@3472babb
----------------- Done invoking toplevel() on ptolemy.moml.MoMLSimpleApplication@3472babb
reloadAllAccessors: .PublisherPortSubscriberPortOpaqueD3Reverse

===========================================================================================
----------------- testing Tue Jul 09 18:22:15 UTC 2019 /home/travis/build/icyphy/ptII/ptolemy/actor/lib/test/auto/PublisherPortSubscriberPortOpaqueWidthInference.xml
----------------- Instantiating /home/travis/build/icyphy/ptII/ptolemy/actor/lib/test/auto/PublisherPortSubscriberPortOpaqueWidthInference.xml
4 ms. Memory: 489472K Free: 270336K (55%)
----------------- Invoking toplevel() on ptolemy.moml.MoMLSimpleApplication@56cc207d
----------------- Done invoking toplevel() on ptolemy.moml.MoMLSimpleApplication@56cc207d
reloadAllAccessors: .PublisherPortSubscriberPortOpaqueWidthInference

===========================================================================================
----------------- testing Tue Jul 09 18:22:15 UTC 2019 /home/travis/build/icyphy/ptII/ptolemy/actor/lib/test/auto/PublisherPortToplevelSubscriberPortAOC.xml
----------------- Instantiating /home/travis/build/icyphy/ptII/ptolemy/actor/lib/test/auto/PublisherPortToplevelSubscriberPortAOC.xml
.PublisherPortToplevelSubscriberPortAOC.TestExceptionAttribute: initialize() was not invoked, but wrapup() was.  This is unusual, but not always a problem.  For example, exporting JNLP will do this.
2 ms. Memory: 489472K Free: 264702K (54%)
----------------- Invoking toplevel() on ptolemy.moml.MoMLSimpleApplication@241be038
----------------- Done invoking toplevel() on ptolemy.moml.MoMLSimpleApplication@241be038
reloadAllAccessors: .PublisherPortToplevelSubscriberPortAOC

===========================================================================================
----------------- testing Tue Jul 09 18:22:15 UTC 2019 /home/travis/build/icyphy/ptII/ptolemy/actor/lib/test/auto/PublisherSubscriber.xml
----------------- Instantiating /home/travis/build/icyphy/ptII/ptolemy/actor/lib/test/auto/PublisherSubscriber.xml
3 ms. Memory: 489472K Free: 256479K (52%)
----------------- Invoking toplevel() on ptolemy.moml.MoMLSimpleApplication@5dd3e253
----------------- Done invoking toplevel() on ptolemy.moml.MoMLSimpleApplication@5dd3e253
reloadAllAccessors: .PublisherSubscriber

===========================================================================================
----------------- testing Tue Jul 09 18:22:15 UTC 2019 /home/travis/build/icyphy/ptII/ptolemy/actor/lib/test/auto/PublisherSubscriber10.xml
----------------- Instantiating /home/travis/build/icyphy/ptII/ptolemy/actor/lib/test/auto/PublisherSubscriber10.xml
7 ms. Memory: 489472K Free: 247294K (51%)
----------------- Invoking toplevel() on ptolemy.moml.MoMLSimpleApplication@48457e85
----------------- Done invoking toplevel() on ptolemy.moml.MoMLSimpleApplication@48457e85
reloadAllAccessors: .PublisherSubscriber10

===========================================================================================
----------------- testing Tue Jul 09 18:22:15 UTC 2019 /home/travis/build/icyphy/ptII/ptolemy/actor/lib/test/auto/PublisherSubscriber10InitialOutputs.xml
----------------- Instantiating /home/travis/build/icyphy/ptII/ptolemy/actor/lib/test/auto/PublisherSubscriber10InitialOutputs.xml
16 ms. Memory: 489472K Free: 238078K (49%)
----------------- Invoking toplevel() on ptolemy.moml.MoMLSimpleApplication@43e24846
----------------- Done invoking toplevel() on ptolemy.moml.MoMLSimpleApplication@43e24846
reloadAllAccessors: .PublisherSubscriber10InitialOutputs

===========================================================================================
----------------- testing Tue Jul 09 18:22:15 UTC 2019 /home/travis/build/icyphy/ptII/ptolemy/actor/lib/test/auto/PublisherSubscriber11.xml
----------------- Instantiating /home/travis/build/icyphy/ptII/ptolemy/actor/lib/test/auto/PublisherSubscriber11.xml
4 ms. Memory: 489472K Free: 231919K (47%)
----------------- Invoking toplevel() on ptolemy.moml.MoMLSimpleApplication@4ce7088d
----------------- Done invoking toplevel() on ptolemy.moml.MoMLSimpleApplication@4ce7088d
reloadAllAccessors: .PublisherSubscriber11

===========================================================================================
----------------- testing Tue Jul 09 18:22:15 UTC 2019 /home/travis/build/icyphy/ptII/ptolemy/actor/lib/test/auto/PublisherSubscriber12.xml
----------------- Instantiating /home/travis/build/icyphy/ptII/ptolemy/actor/lib/test/auto/PublisherSubscriber12.xml
6 ms. Memory: 489472K Free: 225280K (46%)
----------------- Invoking toplevel() on ptolemy.moml.MoMLSimpleApplication@6475f45
----------------- Done invoking toplevel() on ptolemy.moml.MoMLSimpleApplication@6475f45
reloadAllAccessors: .PublisherSubscriber12

===========================================================================================
----------------- testing Tue Jul 09 18:22:15 UTC 2019 /home/travis/build/icyphy/ptII/ptolemy/actor/lib/test/auto/PublisherSubscriber13.xml
----------------- Instantiating /home/travis/build/icyphy/ptII/ptolemy/actor/lib/test/auto/PublisherSubscriber13.xml
2 ms. Memory: 489472K Free: 219631K (45%)
----------------- Invoking toplevel() on ptolemy.moml.MoMLSimpleApplication@1565d30
----------------- Done invoking toplevel() on ptolemy.moml.MoMLSimpleApplication@1565d30
reloadAllAccessors: .PublisherSubscriber13

===========================================================================================
----------------- testing Tue Jul 09 18:22:15 UTC 2019 /home/travis/build/icyphy/ptII/ptolemy/actor/lib/test/auto/PublisherSubscriber14.xml
----------------- Instantiating /home/travis/build/icyphy/ptII/ptolemy/actor/lib/test/auto/PublisherSubscriber14.xml
2 ms. Memory: 489472K Free: 210415K (43%)
----------------- Invoking toplevel() on ptolemy.moml.MoMLSimpleApplication@235759d0
----------------- Done invoking toplevel() on ptolemy.moml.MoMLSimpleApplication@235759d0
reloadAllAccessors: .PublisherSubscriber14

===========================================================================================
----------------- testing Tue Jul 09 18:22:15 UTC 2019 /home/travis/build/icyphy/ptII/ptolemy/actor/lib/test/auto/PublisherSubscriber2.xml
----------------- Instantiating /home/travis/build/icyphy/ptII/ptolemy/actor/lib/test/auto/PublisherSubscriber2.xml
3 ms. Memory: 489472K Free: 204800K (42%)
----------------- Invoking toplevel() on ptolemy.moml.MoMLSimpleApplication@59337e5e
----------------- Done invoking toplevel() on ptolemy.moml.MoMLSimpleApplication@59337e5e
reloadAllAccessors: .PublisherSubscriber2

===========================================================================================
----------------- testing Tue Jul 09 18:22:15 UTC 2019 /home/travis/build/icyphy/ptII/ptolemy/actor/lib/test/auto/PublisherSubscriber3.xml
----------------- Instantiating /home/travis/build/icyphy/ptII/ptolemy/actor/lib/test/auto/PublisherSubscriber3.xml
2 ms. Memory: 489472K Free: 199151K (41%)
----------------- Invoking toplevel() on ptolemy.moml.MoMLSimpleApplication@636480e0
----------------- Done invoking toplevel() on ptolemy.moml.MoMLSimpleApplication@636480e0
reloadAllAccessors: .PublisherSubscriber3

===========================================================================================
----------------- testing Tue Jul 09 18:22:15 UTC 2019 /home/travis/build/icyphy/ptII/ptolemy/actor/lib/test/auto/PublisherSubscriber4.xml
----------------- Instantiating /home/travis/build/icyphy/ptII/ptolemy/actor/lib/test/auto/PublisherSubscriber4.xml
2 ms. Memory: 489472K Free: 194031K (40%)
----------------- Invoking toplevel() on ptolemy.moml.MoMLSimpleApplication@64734992
----------------- Done invoking toplevel() on ptolemy.moml.MoMLSimpleApplication@64734992
reloadAllAccessors: .PublisherSubscriber4

===========================================================================================
----------------- testing Tue Jul 09 18:22:15 UTC 2019 /home/travis/build/icyphy/ptII/ptolemy/actor/lib/test/auto/PublisherSubscriber5.xml
----------------- Instantiating /home/travis/build/icyphy/ptII/ptolemy/actor/lib/test/auto/PublisherSubscriber5.xml
2 ms. Memory: 489472K Free: 187392K (38%)
----------------- Invoking toplevel() on ptolemy.moml.MoMLSimpleApplication@63ae5d36
----------------- Done invoking toplevel() on ptolemy.moml.MoMLSimpleApplication@63ae5d36
reloadAllAccessors: .PublisherSubscriber5

===========================================================================================
----------------- testing Tue Jul 09 18:22:15 UTC 2019 /home/travis/build/icyphy/ptII/ptolemy/actor/lib/test/auto/PublisherSubscriber6.xml
----------------- Instantiating /home/travis/build/icyphy/ptII/ptolemy/actor/lib/test/auto/PublisherSubscriber6.xml
4 ms. Memory: 489472K Free: 180719K (37%)
----------------- Invoking toplevel() on ptolemy.moml.MoMLSimpleApplication@58c3652d
----------------- Done invoking toplevel() on ptolemy.moml.MoMLSimpleApplication@58c3652d
reloadAllAccessors: .PublisherSubscriber6

===========================================================================================
----------------- testing Tue Jul 09 18:22:15 UTC 2019 /home/travis/build/icyphy/ptII/ptolemy/actor/lib/test/auto/PublisherSubscriber7.xml
----------------- Instantiating /home/travis/build/icyphy/ptII/ptolemy/actor/lib/test/auto/PublisherSubscriber7.xml
8 ms. Memory: 489472K Free: 173559K (35%)
----------------- Invoking toplevel() on ptolemy.moml.MoMLSimpleApplication@55c598c0
----------------- Done invoking toplevel() on ptolemy.moml.MoMLSimpleApplication@55c598c0
reloadAllAccessors: .PublisherSubscriber7

===========================================================================================
----------------- testing Tue Jul 09 18:22:15 UTC 2019 /home/travis/build/icyphy/ptII/ptolemy/actor/lib/test/auto/PublisherSubscriber8.xml
----------------- Instantiating /home/travis/build/icyphy/ptII/ptolemy/actor/lib/test/auto/PublisherSubscriber8.xml
10 ms. Memory: 489472K Free: 161792K (33%)
----------------- Invoking toplevel() on ptolemy.moml.MoMLSimpleApplication@654098ad
----------------- Done invoking toplevel() on ptolemy.moml.MoMLSimpleApplication@654098ad
reloadAllAccessors: .PublisherSubscriber8

===========================================================================================
----------------- testing Tue Jul 09 18:22:15 UTC 2019 /home/travis/build/icyphy/ptII/ptolemy/actor/lib/test/auto/PublisherSubscriber9.xml
----------------- Instantiating /home/travis/build/icyphy/ptII/ptolemy/actor/lib/test/auto/PublisherSubscriber9.xml
3 ms. Memory: 489472K Free: 154624K (32%)
----------------- Invoking toplevel() on ptolemy.moml.MoMLSimpleApplication@54359ca6
----------------- Done invoking toplevel() on ptolemy.moml.MoMLSimpleApplication@54359ca6
reloadAllAccessors: .PublisherSubscriber9

===========================================================================================
----------------- testing Tue Jul 09 18:22:15 UTC 2019 /home/travis/build/icyphy/ptII/ptolemy/actor/lib/test/auto/PublisherSubscriberAdjacent.xml
----------------- Instantiating /home/travis/build/icyphy/ptII/ptolemy/actor/lib/test/auto/PublisherSubscriberAdjacent.xml
2 ms. Memory: 489472K Free: 435966K (89%)
----------------- Invoking toplevel() on ptolemy.moml.MoMLSimpleApplication@6a0ae164
----------------- Done invoking toplevel() on ptolemy.moml.MoMLSimpleApplication@6a0ae164
reloadAllAccessors: .PublisherSubscriberAdjacent

===========================================================================================
----------------- testing Tue Jul 09 18:22:15 UTC 2019 /home/travis/build/icyphy/ptII/ptolemy/actor/lib/test/auto/PublisherSubscriberChannelVariablesAOC2.xml
----------------- Instantiating /home/travis/build/icyphy/ptII/ptolemy/actor/lib/test/auto/PublisherSubscriberChannelVariablesAOC2.xml
3 ms. Memory: 489472K Free: 420606K (86%)
----------------- Invoking toplevel() on ptolemy.moml.MoMLSimpleApplication@5a8ea44c
----------------- Done invoking toplevel() on ptolemy.moml.MoMLSimpleApplication@5a8ea44c
reloadAllAccessors: .PublisherSubscriberChannelVariablesAOC2

===========================================================================================
----------------- testing Tue Jul 09 18:22:15 UTC 2019 /home/travis/build/icyphy/ptII/ptolemy/actor/lib/test/auto/PublisherSubscriberD3.xml
----------------- Instantiating /home/travis/build/icyphy/ptII/ptolemy/actor/lib/test/auto/PublisherSubscriberD3.xml
1 ms. Memory: 489472K Free: 413438K (84%)
----------------- Invoking toplevel() on ptolemy.moml.MoMLSimpleApplication@19fdaeac
----------------- Done invoking toplevel() on ptolemy.moml.MoMLSimpleApplication@19fdaeac
reloadAllAccessors: .PublisherSubscriberD3

===========================================================================================
----------------- testing Tue Jul 09 18:22:15 UTC 2019 /home/travis/build/icyphy/ptII/ptolemy/actor/lib/test/auto/PublisherSubscriberD3Reverse.xml
----------------- Instantiating /home/travis/build/icyphy/ptII/ptolemy/actor/lib/test/auto/PublisherSubscriberD3Reverse.xml
2 ms. Memory: 489472K Free: 407294K (83%)
----------------- Invoking toplevel() on ptolemy.moml.MoMLSimpleApplication@5aab5697
----------------- Done invoking toplevel() on ptolemy.moml.MoMLSimpleApplication@5aab5697
reloadAllAccessors: .PublisherSubscriberD3Reverse

===========================================================================================
----------------- testing Tue Jul 09 18:22:16 UTC 2019 /home/travis/build/icyphy/ptII/ptolemy/actor/lib/test/auto/PublisherSubscriberExpression.xml
----------------- Instantiating /home/travis/build/icyphy/ptII/ptolemy/actor/lib/test/auto/PublisherSubscriberExpression.xml
6 ms. Memory: 489472K Free: 399102K (82%)
----------------- Invoking toplevel() on ptolemy.moml.MoMLSimpleApplication@673ffae0
----------------- Done invoking toplevel() on ptolemy.moml.MoMLSimpleApplication@673ffae0
reloadAllAccessors: .PublisherSubscriberExpression

===========================================================================================
----------------- testing Tue Jul 09 18:22:16 UTC 2019 /home/travis/build/icyphy/ptII/ptolemy/actor/lib/test/auto/PublisherSubscriberOpaque.xml
----------------- Instantiating /home/travis/build/icyphy/ptII/ptolemy/actor/lib/test/auto/PublisherSubscriberOpaque.xml
4 ms. Memory: 489472K Free: 390910K (80%)
----------------- Invoking toplevel() on ptolemy.moml.MoMLSimpleApplication@6dbf3c14
----------------- Done invoking toplevel() on ptolemy.moml.MoMLSimpleApplication@6dbf3c14
reloadAllAccessors: .PublisherSubscriberOpaque

===========================================================================================
----------------- testing Tue Jul 09 18:22:16 UTC 2019 /home/travis/build/icyphy/ptII/ptolemy/actor/lib/test/auto/PublisherSubscriberOpaqueD3.xml
----------------- Instantiating /home/travis/build/icyphy/ptII/ptolemy/actor/lib/test/auto/PublisherSubscriberOpaqueD3.xml
4 ms. Memory: 489472K Free: 379132K (77%)
----------------- Invoking toplevel() on ptolemy.moml.MoMLSimpleApplication@38344b6
----------------- Done invoking toplevel() on ptolemy.moml.MoMLSimpleApplication@38344b6
reloadAllAccessors: .PublisherSubscriberOpaqueD3

===========================================================================================
----------------- testing Tue Jul 09 18:22:16 UTC 2019 /home/travis/build/icyphy/ptII/ptolemy/actor/lib/test/auto/PublisherSubscriberOpaqueD3Reverse.xml
----------------- Instantiating /home/travis/build/icyphy/ptII/ptolemy/actor/lib/test/auto/PublisherSubscriberOpaqueD3Reverse.xml
8 ms. Memory: 489472K Free: 368382K (75%)
----------------- Invoking toplevel() on ptolemy.moml.MoMLSimpleApplication@4710af0c
----------------- Done invoking toplevel() on ptolemy.moml.MoMLSimpleApplication@4710af0c
reloadAllAccessors: .PublisherSubscriberOpaqueD3Reverse

===========================================================================================
----------------- testing Tue Jul 09 18:22:16 UTC 2019 /home/travis/build/icyphy/ptII/ptolemy/actor/lib/test/auto/PublisherSubscriberOpaqueWidthInference.xml
----------------- Instantiating /home/travis/build/icyphy/ptII/ptolemy/actor/lib/test/auto/PublisherSubscriberOpaqueWidthInference.xml
4 ms. Memory: 489472K Free: 360190K (74%)
----------------- Invoking toplevel() on ptolemy.moml.MoMLSimpleApplication@887a10e
----------------- Done invoking toplevel() on ptolemy.moml.MoMLSimpleApplication@887a10e
reloadAllAccessors: .PublisherSubscriberOpaqueWidthInference

===========================================================================================
----------------- testing Tue Jul 09 18:22:16 UTC 2019 /home/travis/build/icyphy/ptII/ptolemy/actor/lib/test/auto/PublisherTestSubscriber.xml
----------------- Instantiating /home/travis/build/icyphy/ptII/ptolemy/actor/lib/test/auto/PublisherTestSubscriber.xml
3 ms. Memory: 489472K Free: 352502K (72%)
----------------- Invoking toplevel() on ptolemy.moml.MoMLSimpleApplication@909fe1a
----------------- Done invoking toplevel() on ptolemy.moml.MoMLSimpleApplication@909fe1a
reloadAllAccessors: .PublisherTestSubscriber

===========================================================================================
----------------- testing Tue Jul 09 18:22:16 UTC 2019 /home/travis/build/icyphy/ptII/ptolemy/actor/lib/test/auto/PublisherToplevelSubscriberPortAOC.xml
----------------- Instantiating /home/travis/build/icyphy/ptII/ptolemy/actor/lib/test/auto/PublisherToplevelSubscriberPortAOC.xml
1 ms. Memory: 489472K Free: 345854K (71%)
----------------- Invoking toplevel() on ptolemy.moml.MoMLSimpleApplication@2fbbf8fe
----------------- Done invoking toplevel() on ptolemy.moml.MoMLSimpleApplication@2fbbf8fe
reloadAllAccessors: .PublisherToplevelSubscriberPortAOC

===========================================================================================
----------------- testing Tue Jul 09 18:22:16 UTC 2019 /home/travis/build/icyphy/ptII/ptolemy/actor/lib/test/auto/PulseFiringLimitDE.xml
----------------- Instantiating /home/travis/build/icyphy/ptII/ptolemy/actor/lib/test/auto/PulseFiringLimitDE.xml
1 ms. Memory: 489472K Free: 339196K (69%)
----------------- Invoking toplevel() on ptolemy.moml.MoMLSimpleApplication@53ef92b0
----------------- Done invoking toplevel() on ptolemy.moml.MoMLSimpleApplication@53ef92b0
reloadAllAccessors: .PulseFiringLimitDE

===========================================================================================
----------------- testing Tue Jul 09 18:22:16 UTC 2019 /home/travis/build/icyphy/ptII/ptolemy/actor/lib/test/auto/Ramp1.xml
----------------- Instantiating /home/travis/build/icyphy/ptII/ptolemy/actor/lib/test/auto/Ramp1.xml
2 ms. Memory: 489472K Free: 335086K (68%)
----------------- Invoking toplevel() on ptolemy.moml.MoMLSimpleApplication@5fd0b887
----------------- Done invoking toplevel() on ptolemy.moml.MoMLSimpleApplication@5fd0b887
reloadAllAccessors: .Ramp1

===========================================================================================
----------------- testing Tue Jul 09 18:22:16 UTC 2019 /home/travis/build/icyphy/ptII/ptolemy/actor/lib/test/auto/RampFiringLimitDE.xml
----------------- Instantiating /home/travis/build/icyphy/ptII/ptolemy/actor/lib/test/auto/RampFiringLimitDE.xml
2 ms. Memory: 489472K Free: 328942K (67%)
----------------- Invoking toplevel() on ptolemy.moml.MoMLSimpleApplication@53951c51
----------------- Done invoking toplevel() on ptolemy.moml.MoMLSimpleApplication@53951c51
reloadAllAccessors: .RampFiringLimitDE

===========================================================================================
----------------- testing Tue Jul 09 18:22:16 UTC 2019 /home/travis/build/icyphy/ptII/ptolemy/actor/lib/test/auto/RampFiringLimitSDF.xml
----------------- Instantiating /home/travis/build/icyphy/ptII/ptolemy/actor/lib/test/auto/RampFiringLimitSDF.xml
2 ms. Memory: 489472K Free: 323806K (66%)
----------------- Invoking toplevel() on ptolemy.moml.MoMLSimpleApplication@37f68e42
----------------- Done invoking toplevel() on ptolemy.moml.MoMLSimpleApplication@37f68e42
reloadAllAccessors: .RampFiringLimitSDF

===========================================================================================
----------------- testing Tue Jul 09 18:22:16 UTC 2019 /home/travis/build/icyphy/ptII/ptolemy/actor/lib/test/auto/RandomInteger.xml
----------------- Instantiating /home/travis/build/icyphy/ptII/ptolemy/actor/lib/test/auto/RandomInteger.xml
1 ms. Memory: 489472K Free: 319740K (65%)
----------------- Invoking toplevel() on ptolemy.moml.MoMLSimpleApplication@4c283a4f
----------------- Done invoking toplevel() on ptolemy.moml.MoMLSimpleApplication@4c283a4f
reloadAllAccessors: .RandomInteger

===========================================================================================
----------------- testing Tue Jul 09 18:22:16 UTC 2019 /home/travis/build/icyphy/ptII/ptolemy/actor/lib/test/auto/ReadFile1.xml
----------------- Instantiating /home/travis/build/icyphy/ptII/ptolemy/actor/lib/test/auto/ReadFile1.xml
1 ms. Memory: 489472K Free: 314606K (64%)
----------------- Invoking toplevel() on ptolemy.moml.MoMLSimpleApplication@102dcf43
----------------- Done invoking toplevel() on ptolemy.moml.MoMLSimpleApplication@102dcf43
reloadAllAccessors: .ReadFile1

===========================================================================================
----------------- testing Tue Jul 09 18:22:16 UTC 2019 /home/travis/build/icyphy/ptII/ptolemy/actor/lib/test/auto/ReadFile2.xml
----------------- Instantiating /home/travis/build/icyphy/ptII/ptolemy/actor/lib/test/auto/ReadFile2.xml
1 ms. Memory: 489472K Free: 310524K (63%)
----------------- Invoking toplevel() on ptolemy.moml.MoMLSimpleApplication@66a97f4
----------------- Done invoking toplevel() on ptolemy.moml.MoMLSimpleApplication@66a97f4
reloadAllAccessors: .ReadFile2

===========================================================================================
----------------- testing Tue Jul 09 18:22:16 UTC 2019 /home/travis/build/icyphy/ptII/ptolemy/actor/lib/test/auto/Reader.xml
----------------- Instantiating /home/travis/build/icyphy/ptII/ptolemy/actor/lib/test/auto/Reader.xml
actor.lib.Reader is obsolete, use actor.lib.io.ExpressionReader instead
4 ms. Memory: 489472K Free: 306428K (63%)
----------------- Invoking toplevel() on ptolemy.moml.MoMLSimpleApplication@4e110e80
----------------- Done invoking toplevel() on ptolemy.moml.MoMLSimpleApplication@4e110e80
reloadAllAccessors: .Reader

===========================================================================================
----------------- testing Tue Jul 09 18:22:16 UTC 2019 /home/travis/build/icyphy/ptII/ptolemy/actor/lib/test/auto/RecordAssemblerDisplayNameTest.xml
----------------- Instantiating /home/travis/build/icyphy/ptII/ptolemy/actor/lib/test/auto/RecordAssemblerDisplayNameTest.xml
3543 ms. Memory: 489472K Free: 271084K (55%)
----------------- Invoking toplevel() on ptolemy.moml.MoMLSimpleApplication@4c4f948c
----------------- Done invoking toplevel() on ptolemy.moml.MoMLSimpleApplication@4c4f948c
reloadAllAccessors: .RecordAssemblerDisplayNameTest

===========================================================================================
----------------- testing Tue Jul 09 18:22:19 UTC 2019 /home/travis/build/icyphy/ptII/ptolemy/actor/lib/test/auto/RecordAssemblerTypeError.xml
----------------- Instantiating /home/travis/build/icyphy/ptII/ptolemy/actor/lib/test/auto/RecordAssemblerTypeError.xml
5 ms. Memory: 489472K Free: 261868K (54%)
----------------- Invoking toplevel() on ptolemy.moml.MoMLSimpleApplication@78bfdbd7
----------------- Done invoking toplevel() on ptolemy.moml.MoMLSimpleApplication@78bfdbd7
reloadAllAccessors: .RecordAssemblerTypeError

===========================================================================================
----------------- testing Tue Jul 09 18:22:19 UTC 2019 /home/travis/build/icyphy/ptII/ptolemy/actor/lib/test/auto/RecordDisassember.xml
----------------- Instantiating /home/travis/build/icyphy/ptII/ptolemy/actor/lib/test/auto/RecordDisassember.xml
4 ms. Memory: 489472K Free: 257228K (53%)
----------------- Invoking toplevel() on ptolemy.moml.MoMLSimpleApplication@6a538e1d
----------------- Done invoking toplevel() on ptolemy.moml.MoMLSimpleApplication@6a538e1d
reloadAllAccessors: .RecordDisassember

===========================================================================================
----------------- testing Tue Jul 09 18:22:19 UTC 2019 /home/travis/build/icyphy/ptII/ptolemy/actor/lib/test/auto/RecordDisassemberDisplayNameTest.xml
----------------- Instantiating /home/travis/build/icyphy/ptII/ptolemy/actor/lib/test/auto/RecordDisassemberDisplayNameTest.xml
5 ms. Memory: 489472K Free: 249066K (51%)
----------------- Invoking toplevel() on ptolemy.moml.MoMLSimpleApplication@2ca86549
----------------- Done invoking toplevel() on ptolemy.moml.MoMLSimpleApplication@2ca86549
reloadAllAccessors: .RecordDisassemberDisplayNameTest

===========================================================================================
----------------- testing Tue Jul 09 18:22:19 UTC 2019 /home/travis/build/icyphy/ptII/ptolemy/actor/lib/test/auto/RecordDisassembler.xml
----------------- Instantiating /home/travis/build/icyphy/ptII/ptolemy/actor/lib/test/auto/RecordDisassembler.xml
3 ms. Memory: 489472K Free: 243932K (50%)
----------------- Invoking toplevel() on ptolemy.moml.MoMLSimpleApplication@39a6ce54
----------------- Done invoking toplevel() on ptolemy.moml.MoMLSimpleApplication@39a6ce54
reloadAllAccessors: .RecordDisassembler

===========================================================================================
----------------- testing Tue Jul 09 18:22:19 UTC 2019 /home/travis/build/icyphy/ptII/ptolemy/actor/lib/test/auto/RecordDisassembler2.xml
----------------- Instantiating /home/travis/build/icyphy/ptII/ptolemy/actor/lib/test/auto/RecordDisassembler2.xml
3 ms. Memory: 489472K Free: 238820K (49%)
----------------- Invoking toplevel() on ptolemy.moml.MoMLSimpleApplication@6bba4d8f
----------------- Done invoking toplevel() on ptolemy.moml.MoMLSimpleApplication@6bba4d8f
reloadAllAccessors: .RecordDisassembler2

===========================================================================================
----------------- testing Tue Jul 09 18:22:19 UTC 2019 /home/travis/build/icyphy/ptII/ptolemy/actor/lib/test/auto/RecordUpdater.xml
----------------- Instantiating /home/travis/build/icyphy/ptII/ptolemy/actor/lib/test/auto/RecordUpdater.xml
3 ms. Memory: 489472K Free: 233196K (48%)
----------------- Invoking toplevel() on ptolemy.moml.MoMLSimpleApplication@75e4355e
----------------- Done invoking toplevel() on ptolemy.moml.MoMLSimpleApplication@75e4355e
reloadAllAccessors: .RecordUpdater

===========================================================================================
----------------- testing Tue Jul 09 18:22:19 UTC 2019 /home/travis/build/icyphy/ptII/ptolemy/actor/lib/test/auto/RecordUpdater2.xml
----------------- Instantiating /home/travis/build/icyphy/ptII/ptolemy/actor/lib/test/auto/RecordUpdater2.xml
1 ms. Memory: 489472K Free: 228076K (47%)
----------------- Invoking toplevel() on ptolemy.moml.MoMLSimpleApplication@565012b8
----------------- Done invoking toplevel() on ptolemy.moml.MoMLSimpleApplication@565012b8
reloadAllAccessors: .RecordUpdater2

===========================================================================================
----------------- testing Tue Jul 09 18:22:19 UTC 2019 /home/travis/build/icyphy/ptII/ptolemy/actor/lib/test/auto/RecursiveLattice.xml
----------------- Instantiating /home/travis/build/icyphy/ptII/ptolemy/actor/lib/test/auto/RecursiveLattice.xml
1 ms. Memory: 489472K Free: 223980K (46%)
----------------- Invoking toplevel() on ptolemy.moml.MoMLSimpleApplication@1b7332c8
----------------- Done invoking toplevel() on ptolemy.moml.MoMLSimpleApplication@1b7332c8
reloadAllAccessors: .RecursiveLattice

===========================================================================================
----------------- testing Tue Jul 09 18:22:19 UTC 2019 /home/travis/build/icyphy/ptII/ptolemy/actor/lib/test/auto/Router.xml
----------------- Instantiating /home/travis/build/icyphy/ptII/ptolemy/actor/lib/test/auto/Router.xml
3006 ms. Memory: 489472K Free: 213226K (44%)
----------------- Invoking toplevel() on ptolemy.moml.MoMLSimpleApplication@559c7c57
----------------- Done invoking toplevel() on ptolemy.moml.MoMLSimpleApplication@559c7c57
reloadAllAccessors: .Router

===========================================================================================
----------------- testing Tue Jul 09 18:22:22 UTC 2019 /home/travis/build/icyphy/ptII/ptolemy/actor/lib/test/auto/Router2.xml
----------------- Instantiating /home/travis/build/icyphy/ptII/ptolemy/actor/lib/test/auto/Router2.xml
3004 ms. Memory: 489472K Free: 202476K (41%)
----------------- Invoking toplevel() on ptolemy.moml.MoMLSimpleApplication@49c7d001
----------------- Done invoking toplevel() on ptolemy.moml.MoMLSimpleApplication@49c7d001
reloadAllAccessors: .Router2

===========================================================================================
----------------- testing Tue Jul 09 18:22:26 UTC 2019 /home/travis/build/icyphy/ptII/ptolemy/actor/lib/test/auto/RunningMaximum.xml
----------------- Instantiating /home/travis/build/icyphy/ptII/ptolemy/actor/lib/test/auto/RunningMaximum.xml
2 ms. Memory: 489472K Free: 197356K (40%)
----------------- Invoking toplevel() on ptolemy.moml.MoMLSimpleApplication@2a5bde95
----------------- Done invoking toplevel() on ptolemy.moml.MoMLSimpleApplication@2a5bde95
reloadAllAccessors: .RunningMaximum

===========================================================================================
----------------- testing Tue Jul 09 18:22:26 UTC 2019 /home/travis/build/icyphy/ptII/ptolemy/actor/lib/test/auto/RunningMinimum.xml
----------------- Instantiating /home/travis/build/icyphy/ptII/ptolemy/actor/lib/test/auto/RunningMinimum.xml
8 ms. Memory: 489472K Free: 192746K (39%)
----------------- Invoking toplevel() on ptolemy.moml.MoMLSimpleApplication@73e55a02
----------------- Done invoking toplevel() on ptolemy.moml.MoMLSimpleApplication@73e55a02
reloadAllAccessors: .RunningMinimum

===========================================================================================
----------------- testing Tue Jul 09 18:22:26 UTC 2019 /home/travis/build/icyphy/ptII/ptolemy/actor/lib/test/auto/Scale.xml
----------------- Instantiating /home/travis/build/icyphy/ptII/ptolemy/actor/lib/test/auto/Scale.xml
1 ms. Memory: 489472K Free: 188140K (38%)
----------------- Invoking toplevel() on ptolemy.moml.MoMLSimpleApplication@30727354
----------------- Done invoking toplevel() on ptolemy.moml.MoMLSimpleApplication@30727354
reloadAllAccessors: .Scale

===========================================================================================
----------------- testing Tue Jul 09 18:22:26 UTC 2019 /home/travis/build/icyphy/ptII/ptolemy/actor/lib/test/auto/Scale2.xml
----------------- Instantiating /home/travis/build/icyphy/ptII/ptolemy/actor/lib/test/auto/Scale2.xml
1 ms. Memory: 489472K Free: 183530K (37%)
----------------- Invoking toplevel() on ptolemy.moml.MoMLSimpleApplication@30ec8e77
----------------- Done invoking toplevel() on ptolemy.moml.MoMLSimpleApplication@30ec8e77
reloadAllAccessors: .Scale2

===========================================================================================
----------------- testing Tue Jul 09 18:22:26 UTC 2019 /home/travis/build/icyphy/ptII/ptolemy/actor/lib/test/auto/Scale3.xml
----------------- Instantiating /home/travis/build/icyphy/ptII/ptolemy/actor/lib/test/auto/Scale3.xml
4 ms. Memory: 489472K Free: 176876K (36%)
----------------- Invoking toplevel() on ptolemy.moml.MoMLSimpleApplication@5749c4c7
----------------- Done invoking toplevel() on ptolemy.moml.MoMLSimpleApplication@5749c4c7
reloadAllAccessors: .Scale3

===========================================================================================
----------------- testing Tue Jul 09 18:22:26 UTC 2019 /home/travis/build/icyphy/ptII/ptolemy/actor/lib/test/auto/ScaleArray.xml
----------------- Instantiating /home/travis/build/icyphy/ptII/ptolemy/actor/lib/test/auto/ScaleArray.xml
2 ms. Memory: 489472K Free: 172266K (35%)
----------------- Invoking toplevel() on ptolemy.moml.MoMLSimpleApplication@32a18086
----------------- Done invoking toplevel() on ptolemy.moml.MoMLSimpleApplication@32a18086
reloadAllAccessors: .ScaleArray

===========================================================================================
----------------- testing Tue Jul 09 18:22:26 UTC 2019 /home/travis/build/icyphy/ptII/ptolemy/actor/lib/test/auto/ScaleArray2.xml
----------------- Instantiating /home/travis/build/icyphy/ptII/ptolemy/actor/lib/test/auto/ScaleArray2.xml
2 ms. Memory: 489472K Free: 167660K (34%)
----------------- Invoking toplevel() on ptolemy.moml.MoMLSimpleApplication@7fbbb6de
----------------- Done invoking toplevel() on ptolemy.moml.MoMLSimpleApplication@7fbbb6de
reloadAllAccessors: .ScaleArray2

===========================================================================================
----------------- testing Tue Jul 09 18:22:26 UTC 2019 /home/travis/build/icyphy/ptII/ptolemy/actor/lib/test/auto/ScaleMatrix.xml
----------------- Instantiating /home/travis/build/icyphy/ptII/ptolemy/actor/lib/test/auto/ScaleMatrix.xml
123 ms. Memory: 489472K Free: 155372K (32%)
----------------- Invoking toplevel() on ptolemy.moml.MoMLSimpleApplication@25cbf1af
----------------- Done invoking toplevel() on ptolemy.moml.MoMLSimpleApplication@25cbf1af
reloadAllAccessors: .ScaleMatrix

===========================================================================================
----------------- testing Tue Jul 09 18:22:26 UTC 2019 /home/travis/build/icyphy/ptII/ptolemy/actor/lib/test/auto/Select.xml
----------------- Instantiating /home/travis/build/icyphy/ptII/ptolemy/actor/lib/test/auto/Select.xml
2 ms. Memory: 489472K Free: 437719K (89%)
----------------- Invoking toplevel() on ptolemy.moml.MoMLSimpleApplication@3a522c9d
----------------- Done invoking toplevel() on ptolemy.moml.MoMLSimpleApplication@3a522c9d
reloadAllAccessors: .Select

===========================================================================================
----------------- testing Tue Jul 09 18:22:26 UTC 2019 /home/travis/build/icyphy/ptII/ptolemy/actor/lib/test/auto/Select2.xml
----------------- Instantiating /home/travis/build/icyphy/ptII/ptolemy/actor/lib/test/auto/Select2.xml
1 ms. Memory: 489472K Free: 432599K (88%)
----------------- Invoking toplevel() on ptolemy.moml.MoMLSimpleApplication@4600fd49
----------------- Done invoking toplevel() on ptolemy.moml.MoMLSimpleApplication@4600fd49
reloadAllAccessors: .Select2

===========================================================================================
----------------- testing Tue Jul 09 18:22:26 UTC 2019 /home/travis/build/icyphy/ptII/ptolemy/actor/lib/test/auto/SequenceToArray2.xml
----------------- Instantiating /home/travis/build/icyphy/ptII/ptolemy/actor/lib/test/auto/SequenceToArray2.xml
93 ms. Memory: 489472K Free: 409047K (84%)
----------------- Invoking toplevel() on ptolemy.moml.MoMLSimpleApplication@6817aa7a
----------------- Done invoking toplevel() on ptolemy.moml.MoMLSimpleApplication@6817aa7a
reloadAllAccessors: .SequenceToArray2

===========================================================================================
----------------- testing Tue Jul 09 18:22:26 UTC 2019 /home/travis/build/icyphy/ptII/ptolemy/actor/lib/test/auto/SequentialClock.xml
----------------- Instantiating /home/travis/build/icyphy/ptII/ptolemy/actor/lib/test/auto/SequentialClock.xml
2 ms. Memory: 489472K Free: 405431K (83%)
----------------- Invoking toplevel() on ptolemy.moml.MoMLSimpleApplication@381c334a
----------------- Done invoking toplevel() on ptolemy.moml.MoMLSimpleApplication@381c334a
reloadAllAccessors: .SequentialClock

===========================================================================================
----------------- testing Tue Jul 09 18:22:26 UTC 2019 /home/travis/build/icyphy/ptII/ptolemy/actor/lib/test/auto/SetVariable.xml
----------------- Instantiating /home/travis/build/icyphy/ptII/ptolemy/actor/lib/test/auto/SetVariable.xml
7 ms. Memory: 489472K Free: 399831K (82%)
----------------- Invoking toplevel() on ptolemy.moml.MoMLSimpleApplication@65a43528
----------------- Done invoking toplevel() on ptolemy.moml.MoMLSimpleApplication@65a43528
reloadAllAccessors: .SetVariable

===========================================================================================
----------------- testing Tue Jul 09 18:22:26 UTC 2019 /home/travis/build/icyphy/ptII/ptolemy/actor/lib/test/auto/SetVariable2.xml
----------------- Instantiating /home/travis/build/icyphy/ptII/ptolemy/actor/lib/test/auto/SetVariable2.xml
3 ms. Memory: 489472K Free: 394711K (81%)
----------------- Invoking toplevel() on ptolemy.moml.MoMLSimpleApplication@242cd596
----------------- Done invoking toplevel() on ptolemy.moml.MoMLSimpleApplication@242cd596
reloadAllAccessors: .SetVariable2

===========================================================================================
----------------- testing Tue Jul 09 18:22:26 UTC 2019 /home/travis/build/icyphy/ptII/ptolemy/actor/lib/test/auto/SetVariable3.xml
----------------- Instantiating /home/travis/build/icyphy/ptII/ptolemy/actor/lib/test/auto/SetVariable3.xml
7 ms. Memory: 489472K Free: 389591K (80%)
----------------- Invoking toplevel() on ptolemy.moml.MoMLSimpleApplication@12f8f9fe
----------------- Done invoking toplevel() on ptolemy.moml.MoMLSimpleApplication@12f8f9fe
reloadAllAccessors: .SetVariable3

===========================================================================================
----------------- testing Tue Jul 09 18:22:26 UTC 2019 /home/travis/build/icyphy/ptII/ptolemy/actor/lib/test/auto/SetVariable4.xml
----------------- Instantiating /home/travis/build/icyphy/ptII/ptolemy/actor/lib/test/auto/SetVariable4.xml
16 ms. Memory: 489472K Free: 380375K (78%)
----------------- Invoking toplevel() on ptolemy.moml.MoMLSimpleApplication@114fa75f
----------------- Done invoking toplevel() on ptolemy.moml.MoMLSimpleApplication@114fa75f
reloadAllAccessors: .SetVariable4

===========================================================================================
----------------- testing Tue Jul 09 18:22:26 UTC 2019 /home/travis/build/icyphy/ptII/ptolemy/actor/lib/test/auto/SetVariable5.xml
----------------- Instantiating /home/travis/build/icyphy/ptII/ptolemy/actor/lib/test/auto/SetVariable5.xml
20 ms. Memory: 489472K Free: 370639K (76%)
----------------- Invoking toplevel() on ptolemy.moml.MoMLSimpleApplication@333a6544
----------------- Done invoking toplevel() on ptolemy.moml.MoMLSimpleApplication@333a6544
reloadAllAccessors: .SetVariable5

===========================================================================================
----------------- testing Tue Jul 09 18:22:26 UTC 2019 /home/travis/build/icyphy/ptII/ptolemy/actor/lib/test/auto/Sinewave.xml
----------------- Instantiating /home/travis/build/icyphy/ptII/ptolemy/actor/lib/test/auto/Sinewave.xml
5 ms. Memory: 489472K Free: 360405K (74%)
----------------- Invoking toplevel() on ptolemy.moml.MoMLSimpleApplication@52729291
----------------- Done invoking toplevel() on ptolemy.moml.MoMLSimpleApplication@52729291
reloadAllAccessors: .Sinewave

===========================================================================================
----------------- testing Tue Jul 09 18:22:26 UTC 2019 /home/travis/build/icyphy/ptII/ptolemy/actor/lib/test/auto/Sinewave2.xml
----------------- Instantiating /home/travis/build/icyphy/ptII/ptolemy/actor/lib/test/auto/Sinewave2.xml
6 ms. Memory: 489472K Free: 352183K (72%)
----------------- Invoking toplevel() on ptolemy.moml.MoMLSimpleApplication@69b51f3d
----------------- Done invoking toplevel() on ptolemy.moml.MoMLSimpleApplication@69b51f3d
reloadAllAccessors: .Sinewave2

===========================================================================================
----------------- testing Tue Jul 09 18:22:26 UTC 2019 /home/travis/build/icyphy/ptII/ptolemy/actor/lib/test/auto/Sinewave3.xml
----------------- Instantiating /home/travis/build/icyphy/ptII/ptolemy/actor/lib/test/auto/Sinewave3.xml
6 ms. Memory: 489472K Free: 343511K (70%)
----------------- Invoking toplevel() on ptolemy.moml.MoMLSimpleApplication@49f4fa88
----------------- Done invoking toplevel() on ptolemy.moml.MoMLSimpleApplication@49f4fa88
reloadAllAccessors: .Sinewave3

===========================================================================================
----------------- testing Tue Jul 09 18:22:26 UTC 2019 /home/travis/build/icyphy/ptII/ptolemy/actor/lib/test/auto/SingleEvent.xml
----------------- Instantiating /home/travis/build/icyphy/ptII/ptolemy/actor/lib/test/auto/SingleEvent.xml
1 ms. Memory: 489472K Free: 339415K (69%)
----------------- Invoking toplevel() on ptolemy.moml.MoMLSimpleApplication@3a932a27
----------------- Done invoking toplevel() on ptolemy.moml.MoMLSimpleApplication@3a932a27
reloadAllAccessors: .SingleEvent

===========================================================================================
----------------- testing Tue Jul 09 18:22:26 UTC 2019 /home/travis/build/icyphy/ptII/ptolemy/actor/lib/test/auto/Sleep.xml
----------------- Instantiating /home/travis/build/icyphy/ptII/ptolemy/actor/lib/test/auto/Sleep.xml
6003 ms. Memory: 489472K Free: 333781K (68%)
----------------- Invoking toplevel() on ptolemy.moml.MoMLSimpleApplication@33411c7e
----------------- Done invoking toplevel() on ptolemy.moml.MoMLSimpleApplication@33411c7e
reloadAllAccessors: .Sleep

===========================================================================================
----------------- testing Tue Jul 09 18:22:32 UTC 2019 /home/travis/build/icyphy/ptII/ptolemy/actor/lib/test/auto/SleepMultipleFire.xml
----------------- Instantiating /home/travis/build/icyphy/ptII/ptolemy/actor/lib/test/auto/SleepMultipleFire.xml
1006 ms. Memory: 489472K Free: 327637K (67%)
----------------- Invoking toplevel() on ptolemy.moml.MoMLSimpleApplication@18ae2021
----------------- Done invoking toplevel() on ptolemy.moml.MoMLSimpleApplication@18ae2021
reloadAllAccessors: .SleepMultipleFire

===========================================================================================
----------------- testing Tue Jul 09 18:22:33 UTC 2019 /home/travis/build/icyphy/ptII/ptolemy/actor/lib/test/auto/StopDE.xml
----------------- Instantiating /home/travis/build/icyphy/ptII/ptolemy/actor/lib/test/auto/StopDE.xml
4 ms. Memory: 489472K Free: 322007K (66%)
----------------- Invoking toplevel() on ptolemy.moml.MoMLSimpleApplication@5f5c474
----------------- Done invoking toplevel() on ptolemy.moml.MoMLSimpleApplication@5f5c474
reloadAllAccessors: .StopDE

===========================================================================================
----------------- testing Tue Jul 09 18:22:33 UTC 2019 /home/travis/build/icyphy/ptII/ptolemy/actor/lib/test/auto/StopSDF.xml
----------------- Instantiating /home/travis/build/icyphy/ptII/ptolemy/actor/lib/test/auto/StopSDF.xml
4 ms. Memory: 489472K Free: 316887K (65%)
----------------- Invoking toplevel() on ptolemy.moml.MoMLSimpleApplication@237f190e
----------------- Done invoking toplevel() on ptolemy.moml.MoMLSimpleApplication@237f190e
reloadAllAccessors: .StopSDF

===========================================================================================
----------------- testing Tue Jul 09 18:22:33 UTC 2019 /home/travis/build/icyphy/ptII/ptolemy/actor/lib/test/auto/StringConstant.xml
----------------- Instantiating /home/travis/build/icyphy/ptII/ptolemy/actor/lib/test/auto/StringConstant.xml
10 ms. Memory: 489472K Free: 310743K (63%)
----------------- Invoking toplevel() on ptolemy.moml.MoMLSimpleApplication@64992de4
----------------- Done invoking toplevel() on ptolemy.moml.MoMLSimpleApplication@64992de4
reloadAllAccessors: .StringConstant

===========================================================================================
----------------- testing Tue Jul 09 18:22:33 UTC 2019 /home/travis/build/icyphy/ptII/ptolemy/actor/lib/test/auto/SubscriberPortInitialValues1.xml
----------------- Instantiating /home/travis/build/icyphy/ptII/ptolemy/actor/lib/test/auto/SubscriberPortInitialValues1.xml
15 ms. Memory: 489472K Free: 302037K (62%)
----------------- Invoking toplevel() on ptolemy.moml.MoMLSimpleApplication@3cc00870
----------------- Done invoking toplevel() on ptolemy.moml.MoMLSimpleApplication@3cc00870
reloadAllAccessors: .SubscriberPortInitialValues1

===========================================================================================
----------------- testing Tue Jul 09 18:22:33 UTC 2019 /home/travis/build/icyphy/ptII/ptolemy/actor/lib/test/auto/SubscriberPortInitialValues13.xml
----------------- Instantiating /home/travis/build/icyphy/ptII/ptolemy/actor/lib/test/auto/SubscriberPortInitialValues13.xml
6 ms. Memory: 489472K Free: 289749K (59%)
----------------- Invoking toplevel() on ptolemy.moml.MoMLSimpleApplication@ceea308
----------------- Done invoking toplevel() on ptolemy.moml.MoMLSimpleApplication@ceea308
reloadAllAccessors: .SubscriberPortInitialValues13

===========================================================================================
----------------- testing Tue Jul 09 18:22:33 UTC 2019 /home/travis/build/icyphy/ptII/ptolemy/actor/lib/test/auto/SubscriberPortInitialValues14.xml
----------------- Instantiating /home/travis/build/icyphy/ptII/ptolemy/actor/lib/test/auto/SubscriberPortInitialValues14.xml
3 ms. Memory: 489472K Free: 281557K (58%)
----------------- Invoking toplevel() on ptolemy.moml.MoMLSimpleApplication@62be1e14
----------------- Done invoking toplevel() on ptolemy.moml.MoMLSimpleApplication@62be1e14
reloadAllAccessors: .SubscriberPortInitialValues14

===========================================================================================
----------------- testing Tue Jul 09 18:22:33 UTC 2019 /home/travis/build/icyphy/ptII/ptolemy/actor/lib/test/auto/SubscriberPortInitialValues2.xml
----------------- Instantiating /home/travis/build/icyphy/ptII/ptolemy/actor/lib/test/auto/SubscriberPortInitialValues2.xml
4 ms. Memory: 489472K Free: 273879K (56%)
----------------- Invoking toplevel() on ptolemy.moml.MoMLSimpleApplication@332c66d5
----------------- Done invoking toplevel() on ptolemy.moml.MoMLSimpleApplication@332c66d5
reloadAllAccessors: .SubscriberPortInitialValues2

===========================================================================================
----------------- testing Tue Jul 09 18:22:33 UTC 2019 /home/travis/build/icyphy/ptII/ptolemy/actor/lib/test/auto/SubscriberPortInitialValues3.xml
----------------- Instantiating /home/travis/build/icyphy/ptII/ptolemy/actor/lib/test/auto/SubscriberPortInitialValues3.xml
4 ms. Memory: 489472K Free: 263125K (54%)
----------------- Invoking toplevel() on ptolemy.moml.MoMLSimpleApplication@2dc20a6f
----------------- Done invoking toplevel() on ptolemy.moml.MoMLSimpleApplication@2dc20a6f
reloadAllAccessors: .SubscriberPortInitialValues3

===========================================================================================
----------------- testing Tue Jul 09 18:22:33 UTC 2019 /home/travis/build/icyphy/ptII/ptolemy/actor/lib/test/auto/SubscriptionAggregator.xml
----------------- Instantiating /home/travis/build/icyphy/ptII/ptolemy/actor/lib/test/auto/SubscriptionAggregator.xml
5 ms. Memory: 489472K Free: 255943K (52%)
----------------- Invoking toplevel() on ptolemy.moml.MoMLSimpleApplication@3690018f
----------------- Done invoking toplevel() on ptolemy.moml.MoMLSimpleApplication@3690018f
reloadAllAccessors: .SubscriptionAggregator

===========================================================================================
----------------- testing Tue Jul 09 18:22:33 UTC 2019 /home/travis/build/icyphy/ptII/ptolemy/actor/lib/test/auto/SubscriptionAggregator2.xml
----------------- Instantiating /home/travis/build/icyphy/ptII/ptolemy/actor/lib/test/auto/SubscriptionAggregator2.xml
2 ms. Memory: 489472K Free: 249303K (51%)
----------------- Invoking toplevel() on ptolemy.moml.MoMLSimpleApplication@46928a42
----------------- Done invoking toplevel() on ptolemy.moml.MoMLSimpleApplication@46928a42
reloadAllAccessors: .SubscriptionAggregator2

===========================================================================================
----------------- testing Tue Jul 09 18:22:33 UTC 2019 /home/travis/build/icyphy/ptII/ptolemy/actor/lib/test/auto/SubscriptionAggregator3.xml
----------------- Instantiating /home/travis/build/icyphy/ptII/ptolemy/actor/lib/test/auto/SubscriptionAggregator3.xml
4 ms. Memory: 489472K Free: 240597K (49%)
----------------- Invoking toplevel() on ptolemy.moml.MoMLSimpleApplication@68598ee
----------------- Done invoking toplevel() on ptolemy.moml.MoMLSimpleApplication@68598ee
reloadAllAccessors: .SubscriptionAggregator3

===========================================================================================
----------------- testing Tue Jul 09 18:22:33 UTC 2019 /home/travis/build/icyphy/ptII/ptolemy/actor/lib/test/auto/SubscriptionAggregatorMultiply.xml
----------------- Instantiating /home/travis/build/icyphy/ptII/ptolemy/actor/lib/test/auto/SubscriptionAggregatorMultiply.xml
3 ms. Memory: 489472K Free: 231895K (47%)
----------------- Invoking toplevel() on ptolemy.moml.MoMLSimpleApplication@1db0a22d
----------------- Done invoking toplevel() on ptolemy.moml.MoMLSimpleApplication@1db0a22d
reloadAllAccessors: .SubscriptionAggregatorMultiply

===========================================================================================
----------------- testing Tue Jul 09 18:22:33 UTC 2019 /home/travis/build/icyphy/ptII/ptolemy/actor/lib/test/auto/SubscriptionAggregatorPortMultiply1.xml
----------------- Instantiating /home/travis/build/icyphy/ptII/ptolemy/actor/lib/test/auto/SubscriptionAggregatorPortMultiply1.xml
4 ms. Memory: 489472K Free: 223703K (46%)
----------------- Invoking toplevel() on ptolemy.moml.MoMLSimpleApplication@25d0996d
----------------- Done invoking toplevel() on ptolemy.moml.MoMLSimpleApplication@25d0996d
reloadAllAccessors: .SubscriptionAggregatorPortMultiply1

===========================================================================================
----------------- testing Tue Jul 09 18:22:34 UTC 2019 /home/travis/build/icyphy/ptII/ptolemy/actor/lib/test/auto/Switch.xml
----------------- Instantiating /home/travis/build/icyphy/ptII/ptolemy/actor/lib/test/auto/Switch.xml
6 ms. Memory: 489472K Free: 215511K (44%)
----------------- Invoking toplevel() on ptolemy.moml.MoMLSimpleApplication@6064e5eb
----------------- Done invoking toplevel() on ptolemy.moml.MoMLSimpleApplication@6064e5eb
reloadAllAccessors: .Switch

===========================================================================================
----------------- testing Tue Jul 09 18:22:34 UTC 2019 /home/travis/build/icyphy/ptII/ptolemy/actor/lib/test/auto/Switch2.xml
----------------- Instantiating /home/travis/build/icyphy/ptII/ptolemy/actor/lib/test/auto/Switch2.xml
2 ms. Memory: 489472K Free: 210391K (43%)
----------------- Invoking toplevel() on ptolemy.moml.MoMLSimpleApplication@191ada50
----------------- Done invoking toplevel() on ptolemy.moml.MoMLSimpleApplication@191ada50
reloadAllAccessors: .Switch2

===========================================================================================
----------------- testing Tue Jul 09 18:22:34 UTC 2019 /home/travis/build/icyphy/ptII/ptolemy/actor/lib/test/auto/SwitchDE.xml
----------------- Instantiating /home/travis/build/icyphy/ptII/ptolemy/actor/lib/test/auto/SwitchDE.xml
4 ms. Memory: 489472K Free: 204247K (42%)
----------------- Invoking toplevel() on ptolemy.moml.MoMLSimpleApplication@2556d005
----------------- Done invoking toplevel() on ptolemy.moml.MoMLSimpleApplication@2556d005
reloadAllAccessors: .SwitchDE

===========================================================================================
----------------- testing Tue Jul 09 18:22:34 UTC 2019 /home/travis/build/icyphy/ptII/ptolemy/actor/lib/test/auto/SynchronizerDE.xml
----------------- Instantiating /home/travis/build/icyphy/ptII/ptolemy/actor/lib/test/auto/SynchronizerDE.xml
8 ms. Memory: 489472K Free: 196055K (40%)
----------------- Invoking toplevel() on ptolemy.moml.MoMLSimpleApplication@1db44bf6
----------------- Done invoking toplevel() on ptolemy.moml.MoMLSimpleApplication@1db44bf6
reloadAllAccessors: .SynchronizerDE

===========================================================================================
----------------- testing Tue Jul 09 18:22:34 UTC 2019 /home/travis/build/icyphy/ptII/ptolemy/actor/lib/test/auto/Test.xml
----------------- Instantiating /home/travis/build/icyphy/ptII/ptolemy/actor/lib/test/auto/Test.xml
11 ms. Memory: 489472K Free: 190415K (39%)
----------------- Invoking toplevel() on ptolemy.moml.MoMLSimpleApplication@3e65357f
----------------- Done invoking toplevel() on ptolemy.moml.MoMLSimpleApplication@3e65357f
reloadAllAccessors: .Test

===========================================================================================
----------------- testing Tue Jul 09 18:22:34 UTC 2019 /home/travis/build/icyphy/ptII/ptolemy/actor/lib/test/auto/TestExceptionAttribute1.xml
----------------- Instantiating /home/travis/build/icyphy/ptII/ptolemy/actor/lib/test/auto/TestExceptionAttribute1.xml
2 ms. Memory: 489472K Free: 186839K (38%)
----------------- Invoking toplevel() on ptolemy.moml.MoMLSimpleApplication@7ea4740f
----------------- Done invoking toplevel() on ptolemy.moml.MoMLSimpleApplication@7ea4740f
reloadAllAccessors: .TestExceptionAttribute1

===========================================================================================
----------------- testing Tue Jul 09 18:22:34 UTC 2019 /home/travis/build/icyphy/ptII/ptolemy/actor/lib/test/auto/TestExceptionAttribute2.xml
----------------- Instantiating /home/travis/build/icyphy/ptII/ptolemy/actor/lib/test/auto/TestExceptionAttribute2.xml
2 ms. Memory: 489472K Free: 183253K (37%)
----------------- Invoking toplevel() on ptolemy.moml.MoMLSimpleApplication@3b9554ad
----------------- Done invoking toplevel() on ptolemy.moml.MoMLSimpleApplication@3b9554ad
reloadAllAccessors: .TestExceptionAttribute2

===========================================================================================
----------------- testing Tue Jul 09 18:22:34 UTC 2019 /home/travis/build/icyphy/ptII/ptolemy/actor/lib/test/auto/TestExceptionAttribute3.xml
----------------- Instantiating /home/travis/build/icyphy/ptII/ptolemy/actor/lib/test/auto/TestExceptionAttribute3.xml
.TestExceptionAttribute3.TestExceptionAttribute: initialize() was not invoked, but wrapup() was.  This is unusual, but not always a problem.  For example, exporting JNLP will do this.
1 ms. Memory: 489472K Free: 179157K (37%)
----------------- Invoking toplevel() on ptolemy.moml.MoMLSimpleApplication@2d97d7b1
----------------- Done invoking toplevel() on ptolemy.moml.MoMLSimpleApplication@2d97d7b1
reloadAllAccessors: .TestExceptionAttribute3

===========================================================================================
----------------- testing Tue Jul 09 18:22:34 UTC 2019 /home/travis/build/icyphy/ptII/ptolemy/actor/lib/test/auto/TestExceptionAttribute4.xml
----------------- Instantiating /home/travis/build/icyphy/ptII/ptolemy/actor/lib/test/auto/TestExceptionAttribute4.xml
.TestExceptionAttribute4.TestExceptionAttribute: initialize() was not invoked, but wrapup() was.  This is unusual, but not always a problem.  For example, exporting JNLP will do this.
.TestExceptionAttribute4.TestExceptionAttribute2: initialize() was not invoked, but wrapup() was.  This is unusual, but not always a problem.  For example, exporting JNLP will do this.
0 ms. Memory: 489472K Free: 175061K (36%)
----------------- Invoking toplevel() on ptolemy.moml.MoMLSimpleApplication@3a9bfea8
----------------- Done invoking toplevel() on ptolemy.moml.MoMLSimpleApplication@3a9bfea8
reloadAllAccessors: .TestExceptionAttribute4

===========================================================================================
----------------- testing Tue Jul 09 18:22:34 UTC 2019 /home/travis/build/icyphy/ptII/ptolemy/actor/lib/test/auto/TestExceptionHandler1.xml
----------------- Instantiating /home/travis/build/icyphy/ptII/ptolemy/actor/lib/test/auto/TestExceptionHandler1.xml
1 ms. Memory: 489472K Free: 170965K (35%)
----------------- Invoking toplevel() on ptolemy.moml.MoMLSimpleApplication@2f5eaf2
----------------- Done invoking toplevel() on ptolemy.moml.MoMLSimpleApplication@2f5eaf2
reloadAllAccessors: .TestExceptionHandler1

===========================================================================================
----------------- testing Tue Jul 09 18:22:34 UTC 2019 /home/travis/build/icyphy/ptII/ptolemy/actor/lib/test/auto/TestExceptionHandler2.xml
----------------- Instantiating /home/travis/build/icyphy/ptII/ptolemy/actor/lib/test/auto/TestExceptionHandler2.xml
1 ms. Memory: 489472K Free: 167383K (34%)
----------------- Invoking toplevel() on ptolemy.moml.MoMLSimpleApplication@78054433
----------------- Done invoking toplevel() on ptolemy.moml.MoMLSimpleApplication@78054433
reloadAllAccessors: .TestExceptionHandler2

===========================================================================================
----------------- testing Tue Jul 09 18:22:34 UTC 2019 /home/travis/build/icyphy/ptII/ptolemy/actor/lib/test/auto/TestExceptionHandler3.xml
----------------- Instantiating /home/travis/build/icyphy/ptII/ptolemy/actor/lib/test/auto/TestExceptionHandler3.xml
0 ms. Memory: 489472K Free: 163797K (33%)
----------------- Invoking toplevel() on ptolemy.moml.MoMLSimpleApplication@4f83d692
----------------- Done invoking toplevel() on ptolemy.moml.MoMLSimpleApplication@4f83d692
reloadAllAccessors: .TestExceptionHandler3

===========================================================================================
----------------- testing Tue Jul 09 18:22:34 UTC 2019 /home/travis/build/icyphy/ptII/ptolemy/actor/lib/test/auto/TestExceptionHandler4.xml
----------------- Instantiating /home/travis/build/icyphy/ptII/ptolemy/actor/lib/test/auto/TestExceptionHandler4.xml
1 ms. Memory: 489472K Free: 159191K (33%)
----------------- Invoking toplevel() on ptolemy.moml.MoMLSimpleApplication@1057e4af
----------------- Done invoking toplevel() on ptolemy.moml.MoMLSimpleApplication@1057e4af
reloadAllAccessors: .TestExceptionHandler4

===========================================================================================
----------------- testing Tue Jul 09 18:22:34 UTC 2019 /home/travis/build/icyphy/ptII/ptolemy/actor/lib/test/auto/TestRequireCorrectOrder.xml
----------------- Instantiating /home/travis/build/icyphy/ptII/ptolemy/actor/lib/test/auto/TestRequireCorrectOrder.xml
3 ms. Memory: 489472K Free: 154071K (31%)
----------------- Invoking toplevel() on ptolemy.moml.MoMLSimpleApplication@595d683e
----------------- Done invoking toplevel() on ptolemy.moml.MoMLSimpleApplication@595d683e
reloadAllAccessors: .TestRequireCorrectOrder

===========================================================================================
----------------- testing Tue Jul 09 18:22:34 UTC 2019 /home/travis/build/icyphy/ptII/ptolemy/actor/lib/test/auto/TestSimple.xml
----------------- Instantiating /home/travis/build/icyphy/ptII/ptolemy/actor/lib/test/auto/TestSimple.xml
5 ms. Memory: 489472K Free: 438719K (90%)
----------------- Invoking toplevel() on ptolemy.moml.MoMLSimpleApplication@619e0257
----------------- Done invoking toplevel() on ptolemy.moml.MoMLSimpleApplication@619e0257
reloadAllAccessors: .TestSimple

===========================================================================================
----------------- testing Tue Jul 09 18:22:34 UTC 2019 /home/travis/build/icyphy/ptII/ptolemy/actor/lib/test/auto/ThrowModelError.xml
----------------- Instantiating /home/travis/build/icyphy/ptII/ptolemy/actor/lib/test/auto/ThrowModelError.xml
1 ms. Memory: 489472K Free: 433599K (89%)
----------------- Invoking toplevel() on ptolemy.moml.MoMLSimpleApplication@6027d091
----------------- Done invoking toplevel() on ptolemy.moml.MoMLSimpleApplication@6027d091
reloadAllAccessors: .ThrowModelError

===========================================================================================
----------------- testing Tue Jul 09 18:22:34 UTC 2019 /home/travis/build/icyphy/ptII/ptolemy/actor/lib/test/auto/TimeDelayMicrosteps.xml
----------------- Instantiating /home/travis/build/icyphy/ptII/ptolemy/actor/lib/test/auto/TimeDelayMicrosteps.xml
3 ms. Memory: 489472K Free: 427455K (87%)
----------------- Invoking toplevel() on ptolemy.moml.MoMLSimpleApplication@c4a35b4
----------------- Done invoking toplevel() on ptolemy.moml.MoMLSimpleApplication@c4a35b4
reloadAllAccessors: .TimeDelayMicrosteps

===========================================================================================
----------------- testing Tue Jul 09 18:22:34 UTC 2019 /home/travis/build/icyphy/ptII/ptolemy/actor/lib/test/auto/TimeDelayMicrosteps2.xml
----------------- Instantiating /home/travis/build/icyphy/ptII/ptolemy/actor/lib/test/auto/TimeDelayMicrosteps2.xml
4 ms. Memory: 489472K Free: 419759K (86%)
----------------- Invoking toplevel() on ptolemy.moml.MoMLSimpleApplication@38369752
----------------- Done invoking toplevel() on ptolemy.moml.MoMLSimpleApplication@38369752
reloadAllAccessors: .TimeDelayMicrosteps2

===========================================================================================
----------------- testing Tue Jul 09 18:22:34 UTC 2019 /home/travis/build/icyphy/ptII/ptolemy/actor/lib/test/auto/TimeDelayMicrosteps3.xml
----------------- Instantiating /home/travis/build/icyphy/ptII/ptolemy/actor/lib/test/auto/TimeDelayMicrosteps3.xml
3 ms. Memory: 489472K Free: 413119K (84%)
----------------- Invoking toplevel() on ptolemy.moml.MoMLSimpleApplication@70397b5b
----------------- Done invoking toplevel() on ptolemy.moml.MoMLSimpleApplication@70397b5b
reloadAllAccessors: .TimeDelayMicrosteps3

===========================================================================================
----------------- testing Tue Jul 09 18:22:34 UTC 2019 /home/travis/build/icyphy/ptII/ptolemy/actor/lib/test/auto/TimeDelayVariableMicrosteps.xml
----------------- Instantiating /home/travis/build/icyphy/ptII/ptolemy/actor/lib/test/auto/TimeDelayVariableMicrosteps.xml
3 ms. Memory: 489472K Free: 406973K (83%)
----------------- Invoking toplevel() on ptolemy.moml.MoMLSimpleApplication@290e1c5b
----------------- Done invoking toplevel() on ptolemy.moml.MoMLSimpleApplication@290e1c5b
reloadAllAccessors: .TimeDelayVariableMicrosteps

===========================================================================================
----------------- testing Tue Jul 09 18:22:34 UTC 2019 /home/travis/build/icyphy/ptII/ptolemy/actor/lib/test/auto/TimeGap.xml
----------------- Instantiating /home/travis/build/icyphy/ptII/ptolemy/actor/lib/test/auto/TimeGap.xml
4 ms. Memory: 489472K Free: 401311K (82%)
----------------- Invoking toplevel() on ptolemy.moml.MoMLSimpleApplication@122e8c2
----------------- Done invoking toplevel() on ptolemy.moml.MoMLSimpleApplication@122e8c2
reloadAllAccessors: .TimeGap

===========================================================================================
----------------- testing Tue Jul 09 18:22:34 UTC 2019 /home/travis/build/icyphy/ptII/ptolemy/actor/lib/test/auto/TimeGap2.xml
----------------- Instantiating /home/travis/build/icyphy/ptII/ptolemy/actor/lib/test/auto/TimeGap2.xml
2 ms. Memory: 489472K Free: 395711K (81%)
----------------- Invoking toplevel() on ptolemy.moml.MoMLSimpleApplication@7783bf9
----------------- Done invoking toplevel() on ptolemy.moml.MoMLSimpleApplication@7783bf9
reloadAllAccessors: .TimeGap2

===========================================================================================
----------------- testing Tue Jul 09 18:22:34 UTC 2019 /home/travis/build/icyphy/ptII/ptolemy/actor/lib/test/auto/TimedSinewave.xml
----------------- Instantiating /home/travis/build/icyphy/ptII/ptolemy/actor/lib/test/auto/TimedSinewave.xml
29 ms. Memory: 489472K Free: 381375K (78%)
----------------- Invoking toplevel() on ptolemy.moml.MoMLSimpleApplication@63829b33
----------------- Done invoking toplevel() on ptolemy.moml.MoMLSimpleApplication@63829b33
reloadAllAccessors: .TimedSinewave

===========================================================================================
----------------- testing Tue Jul 09 18:22:34 UTC 2019 /home/travis/build/icyphy/ptII/ptolemy/actor/lib/test/auto/TimedSinewavePhase.xml
----------------- Instantiating /home/travis/build/icyphy/ptII/ptolemy/actor/lib/test/auto/TimedSinewavePhase.xml
10 ms. Memory: 489472K Free: 371645K (76%)
----------------- Invoking toplevel() on ptolemy.moml.MoMLSimpleApplication@5d6b2ff8
----------------- Done invoking toplevel() on ptolemy.moml.MoMLSimpleApplication@5d6b2ff8
reloadAllAccessors: .TimedSinewavePhase

===========================================================================================
----------------- testing Tue Jul 09 18:22:34 UTC 2019 /home/travis/build/icyphy/ptII/ptolemy/actor/lib/test/auto/Timer.xml
----------------- Instantiating /home/travis/build/icyphy/ptII/ptolemy/actor/lib/test/auto/Timer.xml
2 ms. Memory: 489472K Free: 365487K (75%)
----------------- Invoking toplevel() on ptolemy.moml.MoMLSimpleApplication@551359d4
----------------- Done invoking toplevel() on ptolemy.moml.MoMLSimpleApplication@551359d4
reloadAllAccessors: .Timer

===========================================================================================
----------------- testing Tue Jul 09 18:22:34 UTC 2019 /home/travis/build/icyphy/ptII/ptolemy/actor/lib/test/auto/TriangularDistTestModel.xml
----------------- Instantiating /home/travis/build/icyphy/ptII/ptolemy/actor/lib/test/auto/TriangularDistTestModel.xml
2 ms. Memory: 489472K Free: 359871K (74%)
----------------- Invoking toplevel() on ptolemy.moml.MoMLSimpleApplication@6219e5c8
----------------- Done invoking toplevel() on ptolemy.moml.MoMLSimpleApplication@6219e5c8
reloadAllAccessors: .TriangularDistTestModel

===========================================================================================
----------------- testing Tue Jul 09 18:22:34 UTC 2019 /home/travis/build/icyphy/ptII/ptolemy/actor/lib/test/auto/TrigFunction.xml
----------------- Instantiating /home/travis/build/icyphy/ptII/ptolemy/actor/lib/test/auto/TrigFunction.xml
2 ms. Memory: 489472K Free: 355261K (73%)
----------------- Invoking toplevel() on ptolemy.moml.MoMLSimpleApplication@4890a8d
----------------- Done invoking toplevel() on ptolemy.moml.MoMLSimpleApplication@4890a8d
reloadAllAccessors: .TrigFunction

===========================================================================================
----------------- testing Tue Jul 09 18:22:34 UTC 2019 /home/travis/build/icyphy/ptII/ptolemy/actor/lib/test/auto/TrigFunctionDE.xml
----------------- Instantiating /home/travis/build/icyphy/ptII/ptolemy/actor/lib/test/auto/TrigFunctionDE.xml
1 ms. Memory: 489472K Free: 349117K (71%)
----------------- Invoking toplevel() on ptolemy.moml.MoMLSimpleApplication@46236721
----------------- Done invoking toplevel() on ptolemy.moml.MoMLSimpleApplication@46236721
reloadAllAccessors: .TrigFunctionDE

===========================================================================================
----------------- testing Tue Jul 09 18:22:34 UTC 2019 /home/travis/build/icyphy/ptII/ptolemy/actor/lib/test/auto/TrigFunctionInverse.xml
----------------- Instantiating /home/travis/build/icyphy/ptII/ptolemy/actor/lib/test/auto/TrigFunctionInverse.xml
2 ms. Memory: 489472K Free: 343997K (70%)
----------------- Invoking toplevel() on ptolemy.moml.MoMLSimpleApplication@10e40145
----------------- Done invoking toplevel() on ptolemy.moml.MoMLSimpleApplication@10e40145
reloadAllAccessors: .TrigFunctionInverse

===========================================================================================
----------------- testing Tue Jul 09 18:22:34 UTC 2019 /home/travis/build/icyphy/ptII/ptolemy/actor/lib/test/auto/TrigFunctionTan.xml
----------------- Instantiating /home/travis/build/icyphy/ptII/ptolemy/actor/lib/test/auto/TrigFunctionTan.xml
1 ms. Memory: 489472K Free: 339391K (69%)
----------------- Invoking toplevel() on ptolemy.moml.MoMLSimpleApplication@7bbd4e41
----------------- Done invoking toplevel() on ptolemy.moml.MoMLSimpleApplication@7bbd4e41
reloadAllAccessors: .TrigFunctionTan

===========================================================================================
----------------- testing Tue Jul 09 18:22:34 UTC 2019 /home/travis/build/icyphy/ptII/ptolemy/actor/lib/test/auto/TriggeredClock.xml
----------------- Instantiating /home/travis/build/icyphy/ptII/ptolemy/actor/lib/test/auto/TriggeredClock.xml
1 ms. Memory: 489472K Free: 334271K (68%)
----------------- Invoking toplevel() on ptolemy.moml.MoMLSimpleApplication@1372f417
----------------- Done invoking toplevel() on ptolemy.moml.MoMLSimpleApplication@1372f417
reloadAllAccessors: .TriggeredClock

===========================================================================================
----------------- testing Tue Jul 09 18:22:34 UTC 2019 /home/travis/build/icyphy/ptII/ptolemy/actor/lib/test/auto/URLDirectoryReader.xml
----------------- Instantiating /home/travis/build/icyphy/ptII/ptolemy/actor/lib/test/auto/URLDirectoryReader.xml
43 ms. Memory: 489472K Free: 325055K (66%)
----------------- Invoking toplevel() on ptolemy.moml.MoMLSimpleApplication@139c407d
----------------- Done invoking toplevel() on ptolemy.moml.MoMLSimpleApplication@139c407d
reloadAllAccessors: .URLDirectoryReader

===========================================================================================
----------------- testing Tue Jul 09 18:22:34 UTC 2019 /home/travis/build/icyphy/ptII/ptolemy/actor/lib/test/auto/URLDirectoryReader3.xml
----------------- Instantiating /home/travis/build/icyphy/ptII/ptolemy/actor/lib/test/auto/URLDirectoryReader3.xml
1021 ms. Memory: 489472K Free: 432326K (88%)
----------------- Invoking toplevel() on ptolemy.moml.MoMLSimpleApplication@38a5a13c
----------------- Done invoking toplevel() on ptolemy.moml.MoMLSimpleApplication@38a5a13c
reloadAllAccessors: .URLDirectoryReader3

===========================================================================================
----------------- testing Tue Jul 09 18:22:35 UTC 2019 /home/travis/build/icyphy/ptII/ptolemy/actor/lib/test/auto/UnaryMathFunction.xml
----------------- Instantiating /home/travis/build/icyphy/ptII/ptolemy/actor/lib/test/auto/UnaryMathFunction.xml
3 ms. Memory: 489472K Free: 424131K (87%)
----------------- Invoking toplevel() on ptolemy.moml.MoMLSimpleApplication@7f85eecd
----------------- Done invoking toplevel() on ptolemy.moml.MoMLSimpleApplication@7f85eecd
reloadAllAccessors: .UnaryMathFunction

===========================================================================================
----------------- testing Tue Jul 09 18:22:35 UTC 2019 /home/travis/build/icyphy/ptII/ptolemy/actor/lib/test/auto/Uniform.xml
----------------- Instantiating /home/travis/build/icyphy/ptII/ptolemy/actor/lib/test/auto/Uniform.xml
5 ms. Memory: 489472K Free: 419525K (86%)
----------------- Invoking toplevel() on ptolemy.moml.MoMLSimpleApplication@57794105
----------------- Done invoking toplevel() on ptolemy.moml.MoMLSimpleApplication@57794105
reloadAllAccessors: .Uniform

===========================================================================================
----------------- testing Tue Jul 09 18:22:36 UTC 2019 /home/travis/build/icyphy/ptII/ptolemy/actor/lib/test/auto/UnionDisassemblerTest.xml
----------------- Instantiating /home/travis/build/icyphy/ptII/ptolemy/actor/lib/test/auto/UnionDisassemblerTest.xml
15 ms. Memory: 489472K Free: 415429K (85%)
----------------- Invoking toplevel() on ptolemy.moml.MoMLSimpleApplication@3be9901c
----------------- Done invoking toplevel() on ptolemy.moml.MoMLSimpleApplication@3be9901c
reloadAllAccessors: .UnionDisassemblerTest

===========================================================================================
----------------- testing Tue Jul 09 18:22:36 UTC 2019 /home/travis/build/icyphy/ptII/ptolemy/actor/lib/test/auto/UtilityFunctions.xml
----------------- Instantiating /home/travis/build/icyphy/ptII/ptolemy/actor/lib/test/auto/UtilityFunctions.xml
2 ms. Memory: 489472K Free: 411333K (84%)
----------------- Invoking toplevel() on ptolemy.moml.MoMLSimpleApplication@3e39ab4b
----------------- Done invoking toplevel() on ptolemy.moml.MoMLSimpleApplication@3e39ab4b
reloadAllAccessors: .UtilityFunctions

===========================================================================================
----------------- testing Tue Jul 09 18:22:36 UTC 2019 /home/travis/build/icyphy/ptII/ptolemy/actor/lib/test/auto/VariableSleep.xml
----------------- Instantiating /home/travis/build/icyphy/ptII/ptolemy/actor/lib/test/auto/VariableSleep.xml
503 ms. Memory: 489472K Free: 405699K (83%)
----------------- Invoking toplevel() on ptolemy.moml.MoMLSimpleApplication@709980ff
----------------- Done invoking toplevel() on ptolemy.moml.MoMLSimpleApplication@709980ff
reloadAllAccessors: .VariableSleep

===========================================================================================
----------------- testing Tue Jul 09 18:22:36 UTC 2019 /home/travis/build/icyphy/ptII/ptolemy/actor/lib/test/auto/VectorAssemblerDisassemblerCT.xml
----------------- Instantiating /home/travis/build/icyphy/ptII/ptolemy/actor/lib/test/auto/VectorAssemblerDisassemblerCT.xml
77 ms. Memory: 489472K Free: 385733K (79%)
----------------- Invoking toplevel() on ptolemy.moml.MoMLSimpleApplication@51dd2036
----------------- Done invoking toplevel() on ptolemy.moml.MoMLSimpleApplication@51dd2036
reloadAllAccessors: .VectorAssemblerDisassemblerCT

===========================================================================================
----------------- testing Tue Jul 09 18:22:36 UTC 2019 /home/travis/build/icyphy/ptII/ptolemy/actor/lib/test/auto/VectorAssemblerDisassemblerDE.xml
----------------- Instantiating /home/travis/build/icyphy/ptII/ptolemy/actor/lib/test/auto/VectorAssemblerDisassemblerDE.xml
11 ms. Memory: 489472K Free: 378565K (77%)
----------------- Invoking toplevel() on ptolemy.moml.MoMLSimpleApplication@53c27ac2
----------------- Done invoking toplevel() on ptolemy.moml.MoMLSimpleApplication@53c27ac2
reloadAllAccessors: .VectorAssemblerDisassemblerDE

===========================================================================================
----------------- testing Tue Jul 09 18:22:36 UTC 2019 /home/travis/build/icyphy/ptII/ptolemy/actor/lib/test/auto/VectorAssemblerDisassemblerSDF.xml
----------------- Instantiating /home/travis/build/icyphy/ptII/ptolemy/actor/lib/test/auto/VectorAssemblerDisassemblerSDF.xml
2 ms. Memory: 489472K Free: 371397K (76%)
----------------- Invoking toplevel() on ptolemy.moml.MoMLSimpleApplication@65621ae9
----------------- Done invoking toplevel() on ptolemy.moml.MoMLSimpleApplication@65621ae9
reloadAllAccessors: .VectorAssemblerDisassemblerSDF

===========================================================================================
----------------- testing Tue Jul 09 18:22:36 UTC 2019 /home/travis/build/icyphy/ptII/ptolemy/actor/lib/test/auto/WallClockTime.xml
----------------- Instantiating /home/travis/build/icyphy/ptII/ptolemy/actor/lib/test/auto/WallClockTime.xml
1005 ms. Memory: 489472K Free: 366277K (75%)
----------------- Invoking toplevel() on ptolemy.moml.MoMLSimpleApplication@d080de6
----------------- Done invoking toplevel() on ptolemy.moml.MoMLSimpleApplication@d080de6
reloadAllAccessors: .WallClockTime

===========================================================================================
----------------- testing Tue Jul 09 18:22:37 UTC 2019 /home/travis/build/icyphy/ptII/ptolemy/actor/lib/test/auto/WidthTestWithSubscriberPublisher.xml
----------------- Instantiating /home/travis/build/icyphy/ptII/ptolemy/actor/lib/test/auto/WidthTestWithSubscriberPublisher.xml
7 ms. Memory: 489472K Free: 348869K (71%)
----------------- Invoking toplevel() on ptolemy.moml.MoMLSimpleApplication@5ec3839b
----------------- Done invoking toplevel() on ptolemy.moml.MoMLSimpleApplication@5ec3839b
reloadAllAccessors: .WidthTestWithSubscriberPublisher

===========================================================================================
----------------- testing Tue Jul 09 18:22:37 UTC 2019 /home/travis/build/icyphy/ptII/ptolemy/actor/lib/test/auto/WidthTestWithSubscriberPublisher2.xml
----------------- Instantiating /home/travis/build/icyphy/ptII/ptolemy/actor/lib/test/auto/WidthTestWithSubscriberPublisher2.xml
2 ms. Memory: 489472K Free: 342211K (70%)
----------------- Invoking toplevel() on ptolemy.moml.MoMLSimpleApplication@7f32ea4b
----------------- Done invoking toplevel() on ptolemy.moml.MoMLSimpleApplication@7f32ea4b
reloadAllAccessors: .WidthTestWithSubscriberPublisher2

===========================================================================================
----------------- testing Tue Jul 09 18:22:37 UTC 2019 /home/travis/build/icyphy/ptII/ptolemy/actor/lib/test/auto/WidthTestWithSubscriberPublisher3.xml
----------------- Instantiating /home/travis/build/icyphy/ptII/ptolemy/actor/lib/test/auto/WidthTestWithSubscriberPublisher3.xml
2 ms. Memory: 489472K Free: 336581K (69%)
----------------- Invoking toplevel() on ptolemy.moml.MoMLSimpleApplication@6272f3c4
----------------- Done invoking toplevel() on ptolemy.moml.MoMLSimpleApplication@6272f3c4
reloadAllAccessors: .WidthTestWithSubscriberPublisher3

===========================================================================================
----------------- testing Tue Jul 09 18:22:37 UTC 2019 /home/travis/build/icyphy/ptII/ptolemy/actor/lib/test/auto/Writer.xml
----------------- Instantiating /home/travis/build/icyphy/ptII/ptolemy/actor/lib/test/auto/Writer.xml
0
1
2
3
4
1 ms. Memory: 489472K Free: 332485K (68%)
----------------- Invoking toplevel() on ptolemy.moml.MoMLSimpleApplication@49add4c7
----------------- Done invoking toplevel() on ptolemy.moml.MoMLSimpleApplication@49add4c7
reloadAllAccessors: .Writer

===========================================================================================
----------------- testing Tue Jul 09 18:22:37 UTC 2019 /home/travis/build/icyphy/ptII/ptolemy/actor/lib/test/auto/array.xml
----------------- Instantiating /home/travis/build/icyphy/ptII/ptolemy/actor/lib/test/auto/array.xml
3 ms. Memory: 489472K Free: 327365K (67%)
----------------- Invoking toplevel() on ptolemy.moml.MoMLSimpleApplication@21dde6e4
----------------- Done invoking toplevel() on ptolemy.moml.MoMLSimpleApplication@21dde6e4
reloadAllAccessors: .array

===========================================================================================
----------------- testing Tue Jul 09 18:22:37 UTC 2019 /home/travis/build/icyphy/ptII/ptolemy/actor/lib/test/auto/array2.xml
----------------- Instantiating /home/travis/build/icyphy/ptII/ptolemy/actor/lib/test/auto/array2.xml
5 ms. Memory: 489472K Free: 322741K (66%)
----------------- Invoking toplevel() on ptolemy.moml.MoMLSimpleApplication@262000a8
----------------- Done invoking toplevel() on ptolemy.moml.MoMLSimpleApplication@262000a8
reloadAllAccessors: .array2

===========================================================================================
----------------- testing Tue Jul 09 18:22:37 UTC 2019 /home/travis/build/icyphy/ptII/ptolemy/actor/lib/test/auto/arrayType.xml
----------------- Instantiating /home/travis/build/icyphy/ptII/ptolemy/actor/lib/test/auto/arrayType.xml
2 ms. Memory: 489472K Free: 317125K (65%)
----------------- Invoking toplevel() on ptolemy.moml.MoMLSimpleApplication@1a84f4f5
----------------- Done invoking toplevel() on ptolemy.moml.MoMLSimpleApplication@1a84f4f5
reloadAllAccessors: .arrayType

===========================================================================================
----------------- testing Tue Jul 09 18:22:37 UTC 2019 /home/travis/build/icyphy/ptII/ptolemy/actor/lib/test/auto/arrayType10.xml
----------------- Instantiating /home/travis/build/icyphy/ptII/ptolemy/actor/lib/test/auto/arrayType10.xml
2 ms. Memory: 489472K Free: 312515K (64%)
----------------- Invoking toplevel() on ptolemy.moml.MoMLSimpleApplication@361066ed
----------------- Done invoking toplevel() on ptolemy.moml.MoMLSimpleApplication@361066ed
reloadAllAccessors: .arrayType10

===========================================================================================
----------------- testing Tue Jul 09 18:22:37 UTC 2019 /home/travis/build/icyphy/ptII/ptolemy/actor/lib/test/auto/arrayType11.xml
----------------- Instantiating /home/travis/build/icyphy/ptII/ptolemy/actor/lib/test/auto/arrayType11.xml
2 ms. Memory: 489472K Free: 307909K (63%)
----------------- Invoking toplevel() on ptolemy.moml.MoMLSimpleApplication@343d9355
----------------- Done invoking toplevel() on ptolemy.moml.MoMLSimpleApplication@343d9355
reloadAllAccessors: .arrayType11

===========================================================================================
----------------- testing Tue Jul 09 18:22:37 UTC 2019 /home/travis/build/icyphy/ptII/ptolemy/actor/lib/test/auto/arrayType12.xml
----------------- Instantiating /home/travis/build/icyphy/ptII/ptolemy/actor/lib/test/auto/arrayType12.xml
1 ms. Memory: 489472K Free: 302789K (62%)
----------------- Invoking toplevel() on ptolemy.moml.MoMLSimpleApplication@46ff083c
----------------- Done invoking toplevel() on ptolemy.moml.MoMLSimpleApplication@46ff083c
reloadAllAccessors: .arrayType12

===========================================================================================
----------------- testing Tue Jul 09 18:22:37 UTC 2019 /home/travis/build/icyphy/ptII/ptolemy/actor/lib/test/auto/arrayType13.xml
----------------- Instantiating /home/travis/build/icyphy/ptII/ptolemy/actor/lib/test/auto/arrayType13.xml
1 ms. Memory: 489472K Free: 297669K (61%)
----------------- Invoking toplevel() on ptolemy.moml.MoMLSimpleApplication@49830f3
----------------- Done invoking toplevel() on ptolemy.moml.MoMLSimpleApplication@49830f3
reloadAllAccessors: .arrayType13

===========================================================================================
----------------- testing Tue Jul 09 18:22:37 UTC 2019 /home/travis/build/icyphy/ptII/ptolemy/actor/lib/test/auto/arrayType14.xml
----------------- Instantiating /home/travis/build/icyphy/ptII/ptolemy/actor/lib/test/auto/arrayType14.xml
3 ms. Memory: 489472K Free: 292549K (60%)
----------------- Invoking toplevel() on ptolemy.moml.MoMLSimpleApplication@9a0eb07
----------------- Done invoking toplevel() on ptolemy.moml.MoMLSimpleApplication@9a0eb07
reloadAllAccessors: .arrayType14

===========================================================================================
----------------- testing Tue Jul 09 18:22:37 UTC 2019 /home/travis/build/icyphy/ptII/ptolemy/actor/lib/test/auto/arrayType15.xml
----------------- Instantiating /home/travis/build/icyphy/ptII/ptolemy/actor/lib/test/auto/arrayType15.xml
1 ms. Memory: 489472K Free: 286915K (59%)
----------------- Invoking toplevel() on ptolemy.moml.MoMLSimpleApplication@6abfc795
----------------- Done invoking toplevel() on ptolemy.moml.MoMLSimpleApplication@6abfc795
reloadAllAccessors: .arrayType15

===========================================================================================
----------------- testing Tue Jul 09 18:22:38 UTC 2019 /home/travis/build/icyphy/ptII/ptolemy/actor/lib/test/auto/arrayType16.xml
----------------- Instantiating /home/travis/build/icyphy/ptII/ptolemy/actor/lib/test/auto/arrayType16.xml
3 ms. Memory: 489472K Free: 281795K (58%)
----------------- Invoking toplevel() on ptolemy.moml.MoMLSimpleApplication@46f4d0e
----------------- Done invoking toplevel() on ptolemy.moml.MoMLSimpleApplication@46f4d0e
reloadAllAccessors: .arrayType16

===========================================================================================
----------------- testing Tue Jul 09 18:22:38 UTC 2019 /home/travis/build/icyphy/ptII/ptolemy/actor/lib/test/auto/arrayType17.xml
----------------- Instantiating /home/travis/build/icyphy/ptII/ptolemy/actor/lib/test/auto/arrayType17.xml
2 ms. Memory: 489472K Free: 276675K (57%)
----------------- Invoking toplevel() on ptolemy.moml.MoMLSimpleApplication@5a47b391
----------------- Done invoking toplevel() on ptolemy.moml.MoMLSimpleApplication@5a47b391
reloadAllAccessors: .arrayType17

===========================================================================================
----------------- testing Tue Jul 09 18:22:38 UTC 2019 /home/travis/build/icyphy/ptII/ptolemy/actor/lib/test/auto/arrayType18.xml
----------------- Instantiating /home/travis/build/icyphy/ptII/ptolemy/actor/lib/test/auto/arrayType18.xml
1 ms. Memory: 489472K Free: 271555K (55%)
----------------- Invoking toplevel() on ptolemy.moml.MoMLSimpleApplication@f769979
----------------- Done invoking toplevel() on ptolemy.moml.MoMLSimpleApplication@f769979
reloadAllAccessors: .arrayType18

===========================================================================================
----------------- testing Tue Jul 09 18:22:38 UTC 2019 /home/travis/build/icyphy/ptII/ptolemy/actor/lib/test/auto/arrayType19.xml
----------------- Instantiating /home/travis/build/icyphy/ptII/ptolemy/actor/lib/test/auto/arrayType19.xml
1 ms. Memory: 489472K Free: 266949K (55%)
----------------- Invoking toplevel() on ptolemy.moml.MoMLSimpleApplication@1c8b5439
----------------- Done invoking toplevel() on ptolemy.moml.MoMLSimpleApplication@1c8b5439
reloadAllAccessors: .arrayType19

===========================================================================================
----------------- testing Tue Jul 09 18:22:38 UTC 2019 /home/travis/build/icyphy/ptII/ptolemy/actor/lib/test/auto/arrayType2.xml
----------------- Instantiating /home/travis/build/icyphy/ptII/ptolemy/actor/lib/test/auto/arrayType2.xml
2 ms. Memory: 489472K Free: 261315K (53%)
----------------- Invoking toplevel() on ptolemy.moml.MoMLSimpleApplication@6aa90ad2
----------------- Done invoking toplevel() on ptolemy.moml.MoMLSimpleApplication@6aa90ad2
reloadAllAccessors: .arrayType2

===========================================================================================
----------------- testing Tue Jul 09 18:22:38 UTC 2019 /home/travis/build/icyphy/ptII/ptolemy/actor/lib/test/auto/arrayType20.xml
----------------- Instantiating /home/travis/build/icyphy/ptII/ptolemy/actor/lib/test/auto/arrayType20.xml
1 ms. Memory: 489472K Free: 256709K (52%)
----------------- Invoking toplevel() on ptolemy.moml.MoMLSimpleApplication@48301cc0
----------------- Done invoking toplevel() on ptolemy.moml.MoMLSimpleApplication@48301cc0
reloadAllAccessors: .arrayType20

===========================================================================================
----------------- testing Tue Jul 09 18:22:38 UTC 2019 /home/travis/build/icyphy/ptII/ptolemy/actor/lib/test/auto/arrayType21.xml
----------------- Instantiating /home/travis/build/icyphy/ptII/ptolemy/actor/lib/test/auto/arrayType21.xml
2 ms. Memory: 489472K Free: 252099K (52%)
----------------- Invoking toplevel() on ptolemy.moml.MoMLSimpleApplication@18ae893e
----------------- Done invoking toplevel() on ptolemy.moml.MoMLSimpleApplication@18ae893e
reloadAllAccessors: .arrayType21

===========================================================================================
----------------- testing Tue Jul 09 18:22:38 UTC 2019 /home/travis/build/icyphy/ptII/ptolemy/actor/lib/test/auto/arrayType22.xml
----------------- Instantiating /home/travis/build/icyphy/ptII/ptolemy/actor/lib/test/auto/arrayType22.xml
1 ms. Memory: 489472K Free: 246979K (50%)
----------------- Invoking toplevel() on ptolemy.moml.MoMLSimpleApplication@63e58d42
----------------- Done invoking toplevel() on ptolemy.moml.MoMLSimpleApplication@63e58d42
reloadAllAccessors: .arrayType22

===========================================================================================
----------------- testing Tue Jul 09 18:22:38 UTC 2019 /home/travis/build/icyphy/ptII/ptolemy/actor/lib/test/auto/arrayType23.xml
----------------- Instantiating /home/travis/build/icyphy/ptII/ptolemy/actor/lib/test/auto/arrayType23.xml
2 ms. Memory: 489472K Free: 242373K (50%)
----------------- Invoking toplevel() on ptolemy.moml.MoMLSimpleApplication@764e2f77
----------------- Done invoking toplevel() on ptolemy.moml.MoMLSimpleApplication@764e2f77
reloadAllAccessors: .arrayType23

===========================================================================================
----------------- testing Tue Jul 09 18:22:38 UTC 2019 /home/travis/build/icyphy/ptII/ptolemy/actor/lib/test/auto/arrayType24.xml
----------------- Instantiating /home/travis/build/icyphy/ptII/ptolemy/actor/lib/test/auto/arrayType24.xml
2 ms. Memory: 489472K Free: 236739K (48%)
----------------- Invoking toplevel() on ptolemy.moml.MoMLSimpleApplication@24c74b2a
----------------- Done invoking toplevel() on ptolemy.moml.MoMLSimpleApplication@24c74b2a
reloadAllAccessors: .arrayType24

===========================================================================================
----------------- testing Tue Jul 09 18:22:38 UTC 2019 /home/travis/build/icyphy/ptII/ptolemy/actor/lib/test/auto/arrayType25.xml
----------------- Instantiating /home/travis/build/icyphy/ptII/ptolemy/actor/lib/test/auto/arrayType25.xml
2 ms. Memory: 489472K Free: 231619K (47%)
----------------- Invoking toplevel() on ptolemy.moml.MoMLSimpleApplication@21468b03
----------------- Done invoking toplevel() on ptolemy.moml.MoMLSimpleApplication@21468b03
reloadAllAccessors: .arrayType25

===========================================================================================
----------------- testing Tue Jul 09 18:22:38 UTC 2019 /home/travis/build/icyphy/ptII/ptolemy/actor/lib/test/auto/arrayType26.xml
----------------- Instantiating /home/travis/build/icyphy/ptII/ptolemy/actor/lib/test/auto/arrayType26.xml
2 ms. Memory: 489472K Free: 226499K (46%)
----------------- Invoking toplevel() on ptolemy.moml.MoMLSimpleApplication@e747726
----------------- Done invoking toplevel() on ptolemy.moml.MoMLSimpleApplication@e747726
reloadAllAccessors: .arrayType26

===========================================================================================
----------------- testing Tue Jul 09 18:22:38 UTC 2019 /home/travis/build/icyphy/ptII/ptolemy/actor/lib/test/auto/arrayType27.xml
----------------- Instantiating /home/travis/build/icyphy/ptII/ptolemy/actor/lib/test/auto/arrayType27.xml
2 ms. Memory: 489472K Free: 220869K (45%)
----------------- Invoking toplevel() on ptolemy.moml.MoMLSimpleApplication@52642619
----------------- Done invoking toplevel() on ptolemy.moml.MoMLSimpleApplication@52642619
reloadAllAccessors: .arrayType27

===========================================================================================
----------------- testing Tue Jul 09 18:22:38 UTC 2019 /home/travis/build/icyphy/ptII/ptolemy/actor/lib/test/auto/arrayType28.xml
----------------- Instantiating /home/travis/build/icyphy/ptII/ptolemy/actor/lib/test/auto/arrayType28.xml
2 ms. Memory: 489472K Free: 215749K (44%)
----------------- Invoking toplevel() on ptolemy.moml.MoMLSimpleApplication@5c94fb5d
----------------- Done invoking toplevel() on ptolemy.moml.MoMLSimpleApplication@5c94fb5d
reloadAllAccessors: .arrayType28

===========================================================================================
----------------- testing Tue Jul 09 18:22:38 UTC 2019 /home/travis/build/icyphy/ptII/ptolemy/actor/lib/test/auto/arrayType3.xml
----------------- Instantiating /home/travis/build/icyphy/ptII/ptolemy/actor/lib/test/auto/arrayType3.xml
1 ms. Memory: 489472K Free: 210115K (43%)
----------------- Invoking toplevel() on ptolemy.moml.MoMLSimpleApplication@5480156d
----------------- Done invoking toplevel() on ptolemy.moml.MoMLSimpleApplication@5480156d
reloadAllAccessors: .arrayType3

===========================================================================================
----------------- testing Tue Jul 09 18:22:38 UTC 2019 /home/travis/build/icyphy/ptII/ptolemy/actor/lib/test/auto/arrayType4.xml
----------------- Instantiating /home/travis/build/icyphy/ptII/ptolemy/actor/lib/test/auto/arrayType4.xml
2 ms. Memory: 489472K Free: 204995K (42%)
----------------- Invoking toplevel() on ptolemy.moml.MoMLSimpleApplication@424192b2
----------------- Done invoking toplevel() on ptolemy.moml.MoMLSimpleApplication@424192b2
reloadAllAccessors: .arrayType4

===========================================================================================
----------------- testing Tue Jul 09 18:22:38 UTC 2019 /home/travis/build/icyphy/ptII/ptolemy/actor/lib/test/auto/arrayType5.xml
----------------- Instantiating /home/travis/build/icyphy/ptII/ptolemy/actor/lib/test/auto/arrayType5.xml
1 ms. Memory: 489472K Free: 199875K (41%)
----------------- Invoking toplevel() on ptolemy.moml.MoMLSimpleApplication@6bce7988
----------------- Done invoking toplevel() on ptolemy.moml.MoMLSimpleApplication@6bce7988
reloadAllAccessors: .arrayType5

===========================================================================================
----------------- testing Tue Jul 09 18:22:38 UTC 2019 /home/travis/build/icyphy/ptII/ptolemy/actor/lib/test/auto/arrayType6.xml
----------------- Instantiating /home/travis/build/icyphy/ptII/ptolemy/actor/lib/test/auto/arrayType6.xml
1 ms. Memory: 489472K Free: 194755K (40%)
----------------- Invoking toplevel() on ptolemy.moml.MoMLSimpleApplication@17ba152e
----------------- Done invoking toplevel() on ptolemy.moml.MoMLSimpleApplication@17ba152e
reloadAllAccessors: .arrayType6

===========================================================================================
----------------- testing Tue Jul 09 18:22:38 UTC 2019 /home/travis/build/icyphy/ptII/ptolemy/actor/lib/test/auto/arrayType7.xml
----------------- Instantiating /home/travis/build/icyphy/ptII/ptolemy/actor/lib/test/auto/arrayType7.xml
1 ms. Memory: 489472K Free: 190149K (39%)
----------------- Invoking toplevel() on ptolemy.moml.MoMLSimpleApplication@1a9d6057
----------------- Done invoking toplevel() on ptolemy.moml.MoMLSimpleApplication@1a9d6057
reloadAllAccessors: .arrayType7

===========================================================================================
----------------- testing Tue Jul 09 18:22:38 UTC 2019 /home/travis/build/icyphy/ptII/ptolemy/actor/lib/test/auto/arrayType8.xml
----------------- Instantiating /home/travis/build/icyphy/ptII/ptolemy/actor/lib/test/auto/arrayType8.xml
1 ms. Memory: 489472K Free: 185029K (38%)
----------------- Invoking toplevel() on ptolemy.moml.MoMLSimpleApplication@3c706312
----------------- Done invoking toplevel() on ptolemy.moml.MoMLSimpleApplication@3c706312
reloadAllAccessors: .arrayType8

===========================================================================================
----------------- testing Tue Jul 09 18:22:38 UTC 2019 /home/travis/build/icyphy/ptII/ptolemy/actor/lib/test/auto/arrayType9.xml
----------------- Instantiating /home/travis/build/icyphy/ptII/ptolemy/actor/lib/test/auto/arrayType9.xml
7 ms. Memory: 489472K Free: 180419K (37%)
----------------- Invoking toplevel() on ptolemy.moml.MoMLSimpleApplication@7eb967b9
----------------- Done invoking toplevel() on ptolemy.moml.MoMLSimpleApplication@7eb967b9
reloadAllAccessors: .arrayType9

===========================================================================================
----------------- testing Tue Jul 09 18:22:38 UTC 2019 /home/travis/build/icyphy/ptII/ptolemy/actor/lib/test/auto/cast.xml
----------------- Instantiating /home/travis/build/icyphy/ptII/ptolemy/actor/lib/test/auto/cast.xml
2 ms. Memory: 489472K Free: 175813K (36%)
----------------- Invoking toplevel() on ptolemy.moml.MoMLSimpleApplication@2e8e2c92
----------------- Done invoking toplevel() on ptolemy.moml.MoMLSimpleApplication@2e8e2c92
reloadAllAccessors: .cast

===========================================================================================
----------------- testing Tue Jul 09 18:22:38 UTC 2019 /home/travis/build/icyphy/ptII/ptolemy/actor/lib/test/auto/compositeMultiPort.xml
----------------- Instantiating /home/travis/build/icyphy/ptII/ptolemy/actor/lib/test/auto/compositeMultiPort.xml
5 ms. Memory: 489472K Free: 166597K (34%)
----------------- Invoking toplevel() on ptolemy.moml.MoMLSimpleApplication@2ed00515
----------------- Done invoking toplevel() on ptolemy.moml.MoMLSimpleApplication@2ed00515
reloadAllAccessors: .compositeMultiPort

===========================================================================================
----------------- testing Tue Jul 09 18:22:38 UTC 2019 /home/travis/build/icyphy/ptII/ptolemy/actor/lib/test/auto/expressionCastInference.xml
----------------- Instantiating /home/travis/build/icyphy/ptII/ptolemy/actor/lib/test/auto/expressionCastInference.xml
2 ms. Memory: 489472K Free: 161987K (33%)
----------------- Invoking toplevel() on ptolemy.moml.MoMLSimpleApplication@29aad8bc
----------------- Done invoking toplevel() on ptolemy.moml.MoMLSimpleApplication@29aad8bc
reloadAllAccessors: .expressionCastInference

===========================================================================================
----------------- testing Tue Jul 09 18:22:38 UTC 2019 /home/travis/build/icyphy/ptII/ptolemy/actor/lib/test/auto/expressionCastInference2.xml
----------------- Instantiating /home/travis/build/icyphy/ptII/ptolemy/actor/lib/test/auto/expressionCastInference2.xml
2 ms. Memory: 489472K Free: 156867K (32%)
----------------- Invoking toplevel() on ptolemy.moml.MoMLSimpleApplication@505d3689
----------------- Done invoking toplevel() on ptolemy.moml.MoMLSimpleApplication@505d3689
reloadAllAccessors: .expressionCastInference2

===========================================================================================
----------------- testing Tue Jul 09 18:22:38 UTC 2019 /home/travis/build/icyphy/ptII/ptolemy/actor/lib/test/auto/expressionInference.xml
----------------- Instantiating /home/travis/build/icyphy/ptII/ptolemy/actor/lib/test/auto/expressionInference.xml
1 ms. Memory: 489472K Free: 152771K (31%)
----------------- Invoking toplevel() on ptolemy.moml.MoMLSimpleApplication@5c3a5902
----------------- Done invoking toplevel() on ptolemy.moml.MoMLSimpleApplication@5c3a5902
reloadAllAccessors: .expressionInference

===========================================================================================
----------------- testing Tue Jul 09 18:22:38 UTC 2019 /home/travis/build/icyphy/ptII/ptolemy/actor/lib/test/auto/expression_bug.xml
----------------- Instantiating /home/travis/build/icyphy/ptII/ptolemy/actor/lib/test/auto/expression_bug.xml
1 ms. Memory: 489472K Free: 433527K (89%)
----------------- Invoking toplevel() on ptolemy.moml.MoMLSimpleApplication@61dbcafd
----------------- Done invoking toplevel() on ptolemy.moml.MoMLSimpleApplication@61dbcafd
reloadAllAccessors: .expression_bug

===========================================================================================
----------------- testing Tue Jul 09 18:22:38 UTC 2019 /home/travis/build/icyphy/ptII/ptolemy/actor/lib/test/auto/factorial.xml
----------------- Instantiating /home/travis/build/icyphy/ptII/ptolemy/actor/lib/test/auto/factorial.xml
73 ms. Memory: 489472K Free: 425335K (87%)
----------------- Invoking toplevel() on ptolemy.moml.MoMLSimpleApplication@5bce4443
----------------- Done invoking toplevel() on ptolemy.moml.MoMLSimpleApplication@5bce4443
reloadAllAccessors: .factorial

===========================================================================================
----------------- testing Tue Jul 09 18:22:38 UTC 2019 /home/travis/build/icyphy/ptII/ptolemy/actor/lib/test/auto/filterTest1.xml
----------------- Instantiating /home/travis/build/icyphy/ptII/ptolemy/actor/lib/test/auto/filterTest1.xml
41 ms. Memory: 489472K Free: 419177K (86%)
----------------- Invoking toplevel() on ptolemy.moml.MoMLSimpleApplication@68dd36b
----------------- Done invoking toplevel() on ptolemy.moml.MoMLSimpleApplication@68dd36b
reloadAllAccessors: .filterTest1

===========================================================================================
----------------- testing Tue Jul 09 18:22:38 UTC 2019 /home/travis/build/icyphy/ptII/ptolemy/actor/lib/test/auto/funcApplyInConst.xml
----------------- Instantiating /home/travis/build/icyphy/ptII/ptolemy/actor/lib/test/auto/funcApplyInConst.xml
1 ms. Memory: 489472K Free: 415609K (85%)
----------------- Invoking toplevel() on ptolemy.moml.MoMLSimpleApplication@285a011e
----------------- Done invoking toplevel() on ptolemy.moml.MoMLSimpleApplication@285a011e
reloadAllAccessors: .funcApplyInConst

===========================================================================================
----------------- testing Tue Jul 09 18:22:38 UTC 2019 /home/travis/build/icyphy/ptII/ptolemy/actor/lib/test/auto/funcApplyInExpr.xml
----------------- Instantiating /home/travis/build/icyphy/ptII/ptolemy/actor/lib/test/auto/funcApplyInExpr.xml
2 ms. Memory: 489472K Free: 412023K (84%)
----------------- Invoking toplevel() on ptolemy.moml.MoMLSimpleApplication@6c147c76
----------------- Done invoking toplevel() on ptolemy.moml.MoMLSimpleApplication@6c147c76
reloadAllAccessors: .funcApplyInExpr

===========================================================================================
----------------- testing Tue Jul 09 18:22:38 UTC 2019 /home/travis/build/icyphy/ptII/ptolemy/actor/lib/test/auto/function.xml
----------------- Instantiating /home/travis/build/icyphy/ptII/ptolemy/actor/lib/test/auto/function.xml
2 ms. Memory: 489472K Free: 406903K (83%)
----------------- Invoking toplevel() on ptolemy.moml.MoMLSimpleApplication@43d01a40
----------------- Done invoking toplevel() on ptolemy.moml.MoMLSimpleApplication@43d01a40
reloadAllAccessors: .function

===========================================================================================
----------------- testing Tue Jul 09 18:22:38 UTC 2019 /home/travis/build/icyphy/ptII/ptolemy/actor/lib/test/auto/function2.xml
----------------- Instantiating /home/travis/build/icyphy/ptII/ptolemy/actor/lib/test/auto/function2.xml
3 ms. Memory: 489472K Free: 402297K (82%)
----------------- Invoking toplevel() on ptolemy.moml.MoMLSimpleApplication@4f340471
----------------- Done invoking toplevel() on ptolemy.moml.MoMLSimpleApplication@4f340471
reloadAllAccessors: .function2

===========================================================================================
----------------- testing Tue Jul 09 18:22:38 UTC 2019 /home/travis/build/icyphy/ptII/ptolemy/actor/lib/test/auto/function3.xml
----------------- Instantiating /home/travis/build/icyphy/ptII/ptolemy/actor/lib/test/auto/function3.xml
1 ms. Memory: 489472K Free: 398201K (81%)
----------------- Invoking toplevel() on ptolemy.moml.MoMLSimpleApplication@33d27532
----------------- Done invoking toplevel() on ptolemy.moml.MoMLSimpleApplication@33d27532
reloadAllAccessors: .function3

===========================================================================================
----------------- testing Tue Jul 09 18:22:38 UTC 2019 /home/travis/build/icyphy/ptII/ptolemy/actor/lib/test/auto/functionClosureTest1.xml
----------------- Instantiating /home/travis/build/icyphy/ptII/ptolemy/actor/lib/test/auto/functionClosureTest1.xml
1 ms. Memory: 489472K Free: 392561K (80%)
----------------- Invoking toplevel() on ptolemy.moml.MoMLSimpleApplication@480f3760
----------------- Done invoking toplevel() on ptolemy.moml.MoMLSimpleApplication@480f3760
reloadAllAccessors: .functionClosureTest1

===========================================================================================
----------------- testing Tue Jul 09 18:22:38 UTC 2019 /home/travis/build/icyphy/ptII/ptolemy/actor/lib/test/auto/functionClosureTest2.xml
----------------- Instantiating /home/travis/build/icyphy/ptII/ptolemy/actor/lib/test/auto/functionClosureTest2.xml
1 ms. Memory: 489472K Free: 388471K (79%)
----------------- Invoking toplevel() on ptolemy.moml.MoMLSimpleApplication@76cd18cc
----------------- Done invoking toplevel() on ptolemy.moml.MoMLSimpleApplication@76cd18cc
reloadAllAccessors: .functionClosureTest2

===========================================================================================
----------------- testing Tue Jul 09 18:22:38 UTC 2019 /home/travis/build/icyphy/ptII/ptolemy/actor/lib/test/auto/functionClosureTest3.xml
----------------- Instantiating /home/travis/build/icyphy/ptII/ptolemy/actor/lib/test/auto/functionClosureTest3.xml
4 ms. Memory: 489472K Free: 383321K (78%)
----------------- Invoking toplevel() on ptolemy.moml.MoMLSimpleApplication@22dab286
----------------- Done invoking toplevel() on ptolemy.moml.MoMLSimpleApplication@22dab286
reloadAllAccessors: .functionClosureTest3

===========================================================================================
----------------- testing Tue Jul 09 18:22:38 UTC 2019 /home/travis/build/icyphy/ptII/ptolemy/actor/lib/test/auto/functionClosureTest4.xml
----------------- Instantiating /home/travis/build/icyphy/ptII/ptolemy/actor/lib/test/auto/functionClosureTest4.xml
4 ms. Memory: 489472K Free: 376697K (77%)
----------------- Invoking toplevel() on ptolemy.moml.MoMLSimpleApplication@9d7ee9f
----------------- Done invoking toplevel() on ptolemy.moml.MoMLSimpleApplication@9d7ee9f
reloadAllAccessors: .functionClosureTest4

===========================================================================================
----------------- testing Tue Jul 09 18:22:38 UTC 2019 /home/travis/build/icyphy/ptII/ptolemy/actor/lib/test/auto/functionClosureTest5.xml
----------------- Instantiating /home/travis/build/icyphy/ptII/ptolemy/actor/lib/test/auto/functionClosureTest5.xml
3 ms. Memory: 489472K Free: 371577K (76%)
----------------- Invoking toplevel() on ptolemy.moml.MoMLSimpleApplication@1ef89884
----------------- Done invoking toplevel() on ptolemy.moml.MoMLSimpleApplication@1ef89884
reloadAllAccessors: .functionClosureTest5

===========================================================================================
----------------- testing Tue Jul 09 18:22:38 UTC 2019 /home/travis/build/icyphy/ptII/ptolemy/actor/lib/test/auto/functionClosureTest6.xml
----------------- Instantiating /home/travis/build/icyphy/ptII/ptolemy/actor/lib/test/auto/functionClosureTest6.xml
2 ms. Memory: 489472K Free: 366457K (75%)
----------------- Invoking toplevel() on ptolemy.moml.MoMLSimpleApplication@4c544d9a
----------------- Done invoking toplevel() on ptolemy.moml.MoMLSimpleApplication@4c544d9a
reloadAllAccessors: .functionClosureTest6

===========================================================================================
----------------- testing Tue Jul 09 18:22:38 UTC 2019 /home/travis/build/icyphy/ptII/ptolemy/actor/lib/test/auto/functionsOnArcs.xml
----------------- Instantiating /home/travis/build/icyphy/ptII/ptolemy/actor/lib/test/auto/functionsOnArcs.xml
2 ms. Memory: 489472K Free: 361337K (74%)
----------------- Invoking toplevel() on ptolemy.moml.MoMLSimpleApplication@8f441d4
----------------- Done invoking toplevel() on ptolemy.moml.MoMLSimpleApplication@8f441d4
reloadAllAccessors: .functionsOnArcs

===========================================================================================
----------------- testing Tue Jul 09 18:22:38 UTC 2019 /home/travis/build/icyphy/ptII/ptolemy/actor/lib/test/auto/functionsOnArcsHOF.xml
----------------- Instantiating /home/travis/build/icyphy/ptII/ptolemy/actor/lib/test/auto/functionsOnArcsHOF.xml
7 ms. Memory: 489472K Free: 355193K (73%)
----------------- Invoking toplevel() on ptolemy.moml.MoMLSimpleApplication@1aa3e1e
----------------- Done invoking toplevel() on ptolemy.moml.MoMLSimpleApplication@1aa3e1e
reloadAllAccessors: .functionsOnArcsHOF

===========================================================================================
----------------- testing Tue Jul 09 18:22:38 UTC 2019 /home/travis/build/icyphy/ptII/ptolemy/actor/lib/test/auto/logic.xml
----------------- Instantiating /home/travis/build/icyphy/ptII/ptolemy/actor/lib/test/auto/logic.xml
2 ms. Memory: 489472K Free: 348025K (71%)
----------------- Invoking toplevel() on ptolemy.moml.MoMLSimpleApplication@5acf0c64
----------------- Done invoking toplevel() on ptolemy.moml.MoMLSimpleApplication@5acf0c64
reloadAllAccessors: .logic

===========================================================================================
----------------- testing Tue Jul 09 18:22:38 UTC 2019 /home/travis/build/icyphy/ptII/ptolemy/actor/lib/test/auto/matrixType.xml
----------------- Instantiating /home/travis/build/icyphy/ptII/ptolemy/actor/lib/test/auto/matrixType.xml
2 ms. Memory: 489472K Free: 342391K (70%)
----------------- Invoking toplevel() on ptolemy.moml.MoMLSimpleApplication@534e41c6
----------------- Done invoking toplevel() on ptolemy.moml.MoMLSimpleApplication@534e41c6
reloadAllAccessors: .matrixType

===========================================================================================
----------------- testing Tue Jul 09 18:22:38 UTC 2019 /home/travis/build/icyphy/ptII/ptolemy/actor/lib/test/auto/matrixType10.xml
----------------- Instantiating /home/travis/build/icyphy/ptII/ptolemy/actor/lib/test/auto/matrixType10.xml
2 ms. Memory: 489472K Free: 337785K (69%)
----------------- Invoking toplevel() on ptolemy.moml.MoMLSimpleApplication@3791f506
----------------- Done invoking toplevel() on ptolemy.moml.MoMLSimpleApplication@3791f506
reloadAllAccessors: .matrixType10

===========================================================================================
----------------- testing Tue Jul 09 18:22:38 UTC 2019 /home/travis/build/icyphy/ptII/ptolemy/actor/lib/test/auto/matrixType11.xml
----------------- Instantiating /home/travis/build/icyphy/ptII/ptolemy/actor/lib/test/auto/matrixType11.xml
1 ms. Memory: 489472K Free: 332665K (68%)
----------------- Invoking toplevel() on ptolemy.moml.MoMLSimpleApplication@52f2b84
----------------- Done invoking toplevel() on ptolemy.moml.MoMLSimpleApplication@52f2b84
reloadAllAccessors: .matrixType11

===========================================================================================
----------------- testing Tue Jul 09 18:22:38 UTC 2019 /home/travis/build/icyphy/ptII/ptolemy/actor/lib/test/auto/matrixType12.xml
----------------- Instantiating /home/travis/build/icyphy/ptII/ptolemy/actor/lib/test/auto/matrixType12.xml
1 ms. Memory: 489472K Free: 328055K (67%)
----------------- Invoking toplevel() on ptolemy.moml.MoMLSimpleApplication@3b616e92
----------------- Done invoking toplevel() on ptolemy.moml.MoMLSimpleApplication@3b616e92
reloadAllAccessors: .matrixType12

===========================================================================================
----------------- testing Tue Jul 09 18:22:38 UTC 2019 /home/travis/build/icyphy/ptII/ptolemy/actor/lib/test/auto/matrixType13.xml
----------------- Instantiating /home/travis/build/icyphy/ptII/ptolemy/actor/lib/test/auto/matrixType13.xml
1 ms. Memory: 489472K Free: 322935K (66%)
----------------- Invoking toplevel() on ptolemy.moml.MoMLSimpleApplication@33482603
----------------- Done invoking toplevel() on ptolemy.moml.MoMLSimpleApplication@33482603
reloadAllAccessors: .matrixType13

===========================================================================================
----------------- testing Tue Jul 09 18:22:38 UTC 2019 /home/travis/build/icyphy/ptII/ptolemy/actor/lib/test/auto/matrixType14.xml
----------------- Instantiating /home/travis/build/icyphy/ptII/ptolemy/actor/lib/test/auto/matrixType14.xml
2 ms. Memory: 489472K Free: 318329K (65%)
----------------- Invoking toplevel() on ptolemy.moml.MoMLSimpleApplication@a371025
----------------- Done invoking toplevel() on ptolemy.moml.MoMLSimpleApplication@a371025
reloadAllAccessors: .matrixType14

===========================================================================================
----------------- testing Tue Jul 09 18:22:39 UTC 2019 /home/travis/build/icyphy/ptII/ptolemy/actor/lib/test/auto/matrixType2.xml
----------------- Instantiating /home/travis/build/icyphy/ptII/ptolemy/actor/lib/test/auto/matrixType2.xml
2 ms. Memory: 489472K Free: 313209K (64%)
----------------- Invoking toplevel() on ptolemy.moml.MoMLSimpleApplication@341bfebb
----------------- Done invoking toplevel() on ptolemy.moml.MoMLSimpleApplication@341bfebb
reloadAllAccessors: .matrixType2

===========================================================================================
----------------- testing Tue Jul 09 18:22:39 UTC 2019 /home/travis/build/icyphy/ptII/ptolemy/actor/lib/test/auto/matrixType3.xml
----------------- Instantiating /home/travis/build/icyphy/ptII/ptolemy/actor/lib/test/auto/matrixType3.xml
4 ms. Memory: 489472K Free: 308599K (63%)
----------------- Invoking toplevel() on ptolemy.moml.MoMLSimpleApplication@6e5bd284
----------------- Done invoking toplevel() on ptolemy.moml.MoMLSimpleApplication@6e5bd284
reloadAllAccessors: .matrixType3

===========================================================================================
----------------- testing Tue Jul 09 18:22:39 UTC 2019 /home/travis/build/icyphy/ptII/ptolemy/actor/lib/test/auto/matrixType4.xml
----------------- Instantiating /home/travis/build/icyphy/ptII/ptolemy/actor/lib/test/auto/matrixType4.xml
1 ms. Memory: 489472K Free: 303479K (62%)
----------------- Invoking toplevel() on ptolemy.moml.MoMLSimpleApplication@5a5f3c72
----------------- Done invoking toplevel() on ptolemy.moml.MoMLSimpleApplication@5a5f3c72
reloadAllAccessors: .matrixType4

===========================================================================================
----------------- testing Tue Jul 09 18:22:39 UTC 2019 /home/travis/build/icyphy/ptII/ptolemy/actor/lib/test/auto/matrixType5.xml
----------------- Instantiating /home/travis/build/icyphy/ptII/ptolemy/actor/lib/test/auto/matrixType5.xml
1 ms. Memory: 489472K Free: 298873K (61%)
----------------- Invoking toplevel() on ptolemy.moml.MoMLSimpleApplication@393efb4
----------------- Done invoking toplevel() on ptolemy.moml.MoMLSimpleApplication@393efb4
reloadAllAccessors: .matrixType5

===========================================================================================
----------------- testing Tue Jul 09 18:22:39 UTC 2019 /home/travis/build/icyphy/ptII/ptolemy/actor/lib/test/auto/matrixType6.xml
----------------- Instantiating /home/travis/build/icyphy/ptII/ptolemy/actor/lib/test/auto/matrixType6.xml
1 ms. Memory: 489472K Free: 293753K (60%)
----------------- Invoking toplevel() on ptolemy.moml.MoMLSimpleApplication@65081b70
----------------- Done invoking toplevel() on ptolemy.moml.MoMLSimpleApplication@65081b70
reloadAllAccessors: .matrixType6

===========================================================================================
----------------- testing Tue Jul 09 18:22:39 UTC 2019 /home/travis/build/icyphy/ptII/ptolemy/actor/lib/test/auto/matrixType7.xml
----------------- Instantiating /home/travis/build/icyphy/ptII/ptolemy/actor/lib/test/auto/matrixType7.xml
1 ms. Memory: 489472K Free: 289143K (59%)
----------------- Invoking toplevel() on ptolemy.moml.MoMLSimpleApplication@68abb767
----------------- Done invoking toplevel() on ptolemy.moml.MoMLSimpleApplication@68abb767
reloadAllAccessors: .matrixType7

===========================================================================================
----------------- testing Tue Jul 09 18:22:39 UTC 2019 /home/travis/build/icyphy/ptII/ptolemy/actor/lib/test/auto/matrixType8.xml
----------------- Instantiating /home/travis/build/icyphy/ptII/ptolemy/actor/lib/test/auto/matrixType8.xml
3 ms. Memory: 489472K Free: 284023K (58%)
----------------- Invoking toplevel() on ptolemy.moml.MoMLSimpleApplication@70611add
----------------- Done invoking toplevel() on ptolemy.moml.MoMLSimpleApplication@70611add
reloadAllAccessors: .matrixType8

===========================================================================================
----------------- testing Tue Jul 09 18:22:39 UTC 2019 /home/travis/build/icyphy/ptII/ptolemy/actor/lib/test/auto/matrixType9.xml
----------------- Instantiating /home/travis/build/icyphy/ptII/ptolemy/actor/lib/test/auto/matrixType9.xml
2 ms. Memory: 489472K Free: 279417K (57%)
----------------- Invoking toplevel() on ptolemy.moml.MoMLSimpleApplication@7be9bc16
----------------- Done invoking toplevel() on ptolemy.moml.MoMLSimpleApplication@7be9bc16
reloadAllAccessors: .matrixType9

===========================================================================================
----------------- testing Tue Jul 09 18:22:39 UTC 2019 /home/travis/build/icyphy/ptII/ptolemy/actor/lib/test/auto/paraFunctest.xml
----------------- Instantiating /home/travis/build/icyphy/ptII/ptolemy/actor/lib/test/auto/paraFunctest.xml
1 ms. Memory: 489472K Free: 275321K (56%)
----------------- Invoking toplevel() on ptolemy.moml.MoMLSimpleApplication@1c6d2d8c
----------------- Done invoking toplevel() on ptolemy.moml.MoMLSimpleApplication@1c6d2d8c
reloadAllAccessors: .paraFunctest

===========================================================================================
----------------- testing Tue Jul 09 18:22:39 UTC 2019 /home/travis/build/icyphy/ptII/ptolemy/actor/lib/test/auto/paraFunctest2.xml
----------------- Instantiating /home/travis/build/icyphy/ptII/ptolemy/actor/lib/test/auto/paraFunctest2.xml
1 ms. Memory: 489472K Free: 270711K (55%)
----------------- Invoking toplevel() on ptolemy.moml.MoMLSimpleApplication@5e8ae2db
----------------- Done invoking toplevel() on ptolemy.moml.MoMLSimpleApplication@5e8ae2db
reloadAllAccessors: .paraFunctest2

===========================================================================================
----------------- testing Tue Jul 09 18:22:39 UTC 2019 /home/travis/build/icyphy/ptII/ptolemy/actor/lib/test/auto/parameterPassing.xml
----------------- Instantiating /home/travis/build/icyphy/ptII/ptolemy/actor/lib/test/auto/parameterPassing.xml
1 ms. Memory: 489472K Free: 266105K (54%)
----------------- Invoking toplevel() on ptolemy.moml.MoMLSimpleApplication@13d15f27
----------------- Done invoking toplevel() on ptolemy.moml.MoMLSimpleApplication@13d15f27
reloadAllAccessors: .parameterPassing

===========================================================================================
----------------- testing Tue Jul 09 18:22:39 UTC 2019 /home/travis/build/icyphy/ptII/ptolemy/actor/lib/test/auto/record.xml
----------------- Instantiating /home/travis/build/icyphy/ptII/ptolemy/actor/lib/test/auto/record.xml
2 ms. Memory: 489472K Free: 261495K (53%)
----------------- Invoking toplevel() on ptolemy.moml.MoMLSimpleApplication@553da707
----------------- Done invoking toplevel() on ptolemy.moml.MoMLSimpleApplication@553da707
reloadAllAccessors: .record

===========================================================================================
----------------- testing Tue Jul 09 18:22:39 UTC 2019 /home/travis/build/icyphy/ptII/ptolemy/actor/lib/test/auto/sizedarray1.xml
----------------- Instantiating /home/travis/build/icyphy/ptII/ptolemy/actor/lib/test/auto/sizedarray1.xml
2 ms. Memory: 489472K Free: 255865K (52%)
----------------- Invoking toplevel() on ptolemy.moml.MoMLSimpleApplication@1347f35b
----------------- Done invoking toplevel() on ptolemy.moml.MoMLSimpleApplication@1347f35b
reloadAllAccessors: .sizedarray1

===========================================================================================
----------------- testing Tue Jul 09 18:22:39 UTC 2019 /home/travis/build/icyphy/ptII/ptolemy/actor/lib/test/auto/sizedarray2.xml
----------------- Instantiating /home/travis/build/icyphy/ptII/ptolemy/actor/lib/test/auto/sizedarray2.xml
2 ms. Memory: 489472K Free: 250745K (51%)
----------------- Invoking toplevel() on ptolemy.moml.MoMLSimpleApplication@5ae2e2f1
----------------- Done invoking toplevel() on ptolemy.moml.MoMLSimpleApplication@5ae2e2f1
reloadAllAccessors: .sizedarray2

===========================================================================================
----------------- testing Tue Jul 09 18:22:39 UTC 2019 /home/travis/build/icyphy/ptII/ptolemy/actor/lib/test/auto/twoPublishers.xml
----------------- Instantiating /home/travis/build/icyphy/ptII/ptolemy/actor/lib/test/auto/twoPublishers.xml
6 ms. Memory: 489472K Free: 239991K (49%)
----------------- Invoking toplevel() on ptolemy.moml.MoMLSimpleApplication@63b320ed
----------------- Done invoking toplevel() on ptolemy.moml.MoMLSimpleApplication@63b320ed
reloadAllAccessors: .twoPublishers
AutoTests.java: About to close Vertx.
AutoTests.java: Vertx closed.
]]></system-out>
  <system-err><![CDATA[java.lang.RuntimeException: Execution failed
	at ptolemy.moml.MoMLSimpleApplication$UnloadThread.run(MoMLSimpleApplication.java:402)
Caused by: java.lang.RuntimeException: StringUtilities.exit() was called. Normally, we would exit here because Manager.exitAfterWrapup() was called.  However, because the ptolemy.ptII.exitAfterWrapup property is set, we throw this exception instead.
	at ptolemy.util.StringUtilities.exit(StringUtilities.java:363)
	at ptolemy.actor.Manager.wrapup(Manager.java:1531)
	at ptolemy.actor.Manager.execute(Manager.java:407)
	at ptolemy.actor.Manager.run(Manager.java:1263)
	at ptolemy.actor.Manager$PtolemyRunThread.run(Manager.java:1915)
Warning: '.top.test' is in training mode, set the trainingMode parameter to false before checking in
Warning: '.top.test' is in training mode, set the trainingMode parameter to false before checking in
Warning: '.top.test' is in training mode, set the trainingMode parameter to false before checking in
Warning: '.BooleanSwitch_RegressionTest_WrongTrainingValues.Test' is in training mode, set the trainingMode parameter to false before checking in
Warning: '.BooleanSwitch_RegressionTest_WrongTrainingValues.Test2' is in training mode, set the trainingMode parameter to false before checking in
Warning: '.BooleanSwitch_RegressionTest_WrongTrainingValues.Test2' The test produced 0 tokens.
Warning: '.top.testExceptionHandler' is in training mode, set the trainingMode parameter to false before checking in
java.lang.RuntimeException: Execution failed
	at ptolemy.moml.MoMLSimpleApplication$UnloadThread.run(MoMLSimpleApplication.java:402)
Caused by: ptolemy.kernel.util.IllegalActionException: PublisherPorts cannot be used at the top level, use a Publisher actor instead.
  in .PublisherPortToplevelSubscriber.PublisherPort
	at ptolemy.actor.PublisherPort.preinitialize(PublisherPort.java:403)
	at ptolemy.actor.CompositeActor.preinitialize(CompositeActor.java:1769)
	at ptolemy.actor.Manager.preinitializeAndResolveTypes(Manager.java:1040)
	at ptolemy.actor.Manager.initialize(Manager.java:710)
	at ptolemy.actor.Manager.execute(Manager.java:356)
	at ptolemy.actor.Manager.run(Manager.java:1263)
	at ptolemy.actor.Manager$PtolemyRunThread.run(Manager.java:1915)
java.lang.reflect.InvocationTargetException
	at java.base/jdk.internal.reflect.NativeConstructorAccessorImpl.newInstance0(Native Method)
	at java.base/jdk.internal.reflect.NativeConstructorAccessorImpl.newInstance(NativeConstructorAccessorImpl.java:62)
	at java.base/jdk.internal.reflect.DelegatingConstructorAccessorImpl.newInstance(DelegatingConstructorAccessorImpl.java:45)
	at java.base/java.lang.reflect.Constructor.newInstance(Constructor.java:490)
	at ptolemy.util.test.junit.AutoKnownFailedTests.RunModel(AutoKnownFailedTests.java:105)
	at java.base/jdk.internal.reflect.NativeMethodAccessorImpl.invoke0(Native Method)
	at java.base/jdk.internal.reflect.NativeMethodAccessorImpl.invoke(NativeMethodAccessorImpl.java:62)
	at java.base/jdk.internal.reflect.DelegatingMethodAccessorImpl.invoke(DelegatingMethodAccessorImpl.java:43)
	at java.base/java.lang.reflect.Method.invoke(Method.java:566)
	at org.junit.runners.model.FrameworkMethod$1.runReflectiveCall(FrameworkMethod.java:44)
	at org.junit.internal.runners.model.ReflectiveCallable.run(ReflectiveCallable.java:15)
	at org.junit.runners.model.FrameworkMethod.invokeExplosively(FrameworkMethod.java:41)
	at junitparams.internal.InvokeParameterisedMethod.evaluate(InvokeParameterisedMethod.java:102)
	at org.junit.internal.runners.statements.FailOnTimeout$1.run(FailOnTimeout.java:28)
Caused by: ptolemy.kernel.util.IllegalActionException: PublisherPorts cannot be used at the top level, use a Publisher actor instead.
  in .PublisherPortToplevelSubscriber.PublisherPort
	at ptolemy.actor.PublisherPort.preinitialize(PublisherPort.java:403)
	at ptolemy.actor.CompositeActor.preinitialize(CompositeActor.java:1769)
	at ptolemy.actor.Manager.preinitializeAndResolveTypes(Manager.java:1040)
	at ptolemy.actor.Manager.initialize(Manager.java:710)
	at ptolemy.actor.Manager.execute(Manager.java:356)
	at ptolemy.actor.Manager.run(Manager.java:1263)
	at ptolemy.actor.Manager$PtolemyRunThread.run(Manager.java:1915)
java.lang.RuntimeException: Execution failed
	at ptolemy.moml.MoMLSimpleApplication$UnloadThread.run(MoMLSimpleApplication.java:402)
Caused by: ptolemy.kernel.util.IllegalActionException: SubscriberPorts cannot be used at the top level, use a Subscriber actor instead.
  in .PublisherSubscriberPortToplevel.SubscriberPort
	at ptolemy.actor.SubscriberPort.preinitialize(SubscriberPort.java:328)
	at ptolemy.actor.CompositeActor.preinitialize(CompositeActor.java:1769)
	at ptolemy.actor.Manager.preinitializeAndResolveTypes(Manager.java:1040)
	at ptolemy.actor.Manager.initialize(Manager.java:710)
	at ptolemy.actor.Manager.execute(Manager.java:356)
	at ptolemy.actor.Manager.run(Manager.java:1263)
	at ptolemy.actor.Manager$PtolemyRunThread.run(Manager.java:1915)
java.lang.reflect.InvocationTargetException
	at java.base/jdk.internal.reflect.NativeConstructorAccessorImpl.newInstance0(Native Method)
	at java.base/jdk.internal.reflect.NativeConstructorAccessorImpl.newInstance(NativeConstructorAccessorImpl.java:62)
	at java.base/jdk.internal.reflect.DelegatingConstructorAccessorImpl.newInstance(DelegatingConstructorAccessorImpl.java:45)
	at java.base/java.lang.reflect.Constructor.newInstance(Constructor.java:490)
	at ptolemy.util.test.junit.AutoKnownFailedTests.RunModel(AutoKnownFailedTests.java:105)
	at java.base/jdk.internal.reflect.NativeMethodAccessorImpl.invoke0(Native Method)
	at java.base/jdk.internal.reflect.NativeMethodAccessorImpl.invoke(NativeMethodAccessorImpl.java:62)
	at java.base/jdk.internal.reflect.DelegatingMethodAccessorImpl.invoke(DelegatingMethodAccessorImpl.java:43)
	at java.base/java.lang.reflect.Method.invoke(Method.java:566)
	at org.junit.runners.model.FrameworkMethod$1.runReflectiveCall(FrameworkMethod.java:44)
	at org.junit.internal.runners.model.ReflectiveCallable.run(ReflectiveCallable.java:15)
	at org.junit.runners.model.FrameworkMethod.invokeExplosively(FrameworkMethod.java:41)
	at junitparams.internal.InvokeParameterisedMethod.evaluate(InvokeParameterisedMethod.java:102)
	at org.junit.internal.runners.statements.FailOnTimeout$1.run(FailOnTimeout.java:28)
Caused by: ptolemy.kernel.util.IllegalActionException: SubscriberPorts cannot be used at the top level, use a Subscriber actor instead.
  in .PublisherSubscriberPortToplevel.SubscriberPort
	at ptolemy.actor.SubscriberPort.preinitialize(SubscriberPort.java:328)
	at ptolemy.actor.CompositeActor.preinitialize(CompositeActor.java:1769)
	at ptolemy.actor.Manager.preinitializeAndResolveTypes(Manager.java:1040)
	at ptolemy.actor.Manager.initialize(Manager.java:710)
	at ptolemy.actor.Manager.execute(Manager.java:356)
	at ptolemy.actor.Manager.run(Manager.java:1263)
	at ptolemy.actor.Manager$PtolemyRunThread.run(Manager.java:1915)
java.lang.RuntimeException: Execution failed
	at ptolemy.moml.MoMLSimpleApplication$UnloadThread.run(MoMLSimpleApplication.java:402)
Caused by: ptolemy.kernel.util.IllegalActionException: SubscriptionAggregatorPorts cannot be used at the top level, use a SubscriptionAggregator actor instead.
  in .PublisherSubscriptionAggregatorPort.SubscriptionAggregatorPort
	at ptolemy.actor.SubscriptionAggregatorPort.preinitialize(SubscriptionAggregatorPort.java:353)
	at ptolemy.actor.CompositeActor.preinitialize(CompositeActor.java:1769)
	at ptolemy.actor.Manager.preinitializeAndResolveTypes(Manager.java:1040)
	at ptolemy.actor.Manager.initialize(Manager.java:710)
	at ptolemy.actor.Manager.execute(Manager.java:356)
	at ptolemy.actor.Manager.run(Manager.java:1263)
	at ptolemy.actor.Manager$PtolemyRunThread.run(Manager.java:1915)
java.lang.reflect.InvocationTargetException
	at java.base/jdk.internal.reflect.NativeConstructorAccessorImpl.newInstance0(Native Method)
	at java.base/jdk.internal.reflect.NativeConstructorAccessorImpl.newInstance(NativeConstructorAccessorImpl.java:62)
	at java.base/jdk.internal.reflect.DelegatingConstructorAccessorImpl.newInstance(DelegatingConstructorAccessorImpl.java:45)
	at java.base/java.lang.reflect.Constructor.newInstance(Constructor.java:490)
	at ptolemy.util.test.junit.AutoKnownFailedTests.RunModel(AutoKnownFailedTests.java:105)
	at java.base/jdk.internal.reflect.NativeMethodAccessorImpl.invoke0(Native Method)
	at java.base/jdk.internal.reflect.NativeMethodAccessorImpl.invoke(NativeMethodAccessorImpl.java:62)
	at java.base/jdk.internal.reflect.DelegatingMethodAccessorImpl.invoke(DelegatingMethodAccessorImpl.java:43)
	at java.base/java.lang.reflect.Method.invoke(Method.java:566)
	at org.junit.runners.model.FrameworkMethod$1.runReflectiveCall(FrameworkMethod.java:44)
	at org.junit.internal.runners.model.ReflectiveCallable.run(ReflectiveCallable.java:15)
	at org.junit.runners.model.FrameworkMethod.invokeExplosively(FrameworkMethod.java:41)
	at junitparams.internal.InvokeParameterisedMethod.evaluate(InvokeParameterisedMethod.java:102)
	at org.junit.internal.runners.statements.FailOnTimeout$1.run(FailOnTimeout.java:28)
Caused by: ptolemy.kernel.util.IllegalActionException: SubscriptionAggregatorPorts cannot be used at the top level, use a SubscriptionAggregator actor instead.
  in .PublisherSubscriptionAggregatorPort.SubscriptionAggregatorPort
	at ptolemy.actor.SubscriptionAggregatorPort.preinitialize(SubscriptionAggregatorPort.java:353)
	at ptolemy.actor.CompositeActor.preinitialize(CompositeActor.java:1769)
	at ptolemy.actor.Manager.preinitializeAndResolveTypes(Manager.java:1040)
	at ptolemy.actor.Manager.initialize(Manager.java:710)
	at ptolemy.actor.Manager.execute(Manager.java:356)
	at ptolemy.actor.Manager.run(Manager.java:1263)
	at ptolemy.actor.Manager$PtolemyRunThread.run(Manager.java:1915)
java.lang.RuntimeException: Execution failed
	at ptolemy.moml.MoMLSimpleApplication$UnloadThread.run(MoMLSimpleApplication.java:402)
Caused by: ptolemy.kernel.util.IllegalActionException: TypeTest actor has no training data.
  in .sizedarray3.TypeTest
	at ptolemy.actor.lib.TypeTest.initialize(TypeTest.java:250)
	at ptolemy.actor.Director.initialize(Director.java:938)
	at ptolemy.actor.Director.initialize(Director.java:907)
	at ptolemy.actor.sched.StaticSchedulingDirector.initialize(StaticSchedulingDirector.java:159)
	at ptolemy.domains.sdf.kernel.SDFDirector.initialize(SDFDirector.java:544)
	at ptolemy.actor.CompositeActor.initialize(CompositeActor.java:935)
	at ptolemy.actor.Manager.initialize(Manager.java:724)
	at ptolemy.actor.Manager.execute(Manager.java:356)
	at ptolemy.actor.Manager.run(Manager.java:1263)
	at ptolemy.actor.Manager$PtolemyRunThread.run(Manager.java:1915)
java.lang.reflect.InvocationTargetException
	at java.base/jdk.internal.reflect.NativeConstructorAccessorImpl.newInstance0(Native Method)
	at java.base/jdk.internal.reflect.NativeConstructorAccessorImpl.newInstance(NativeConstructorAccessorImpl.java:62)
	at java.base/jdk.internal.reflect.DelegatingConstructorAccessorImpl.newInstance(DelegatingConstructorAccessorImpl.java:45)
	at java.base/java.lang.reflect.Constructor.newInstance(Constructor.java:490)
	at ptolemy.util.test.junit.AutoKnownFailedTests.RunModel(AutoKnownFailedTests.java:105)
	at java.base/jdk.internal.reflect.NativeMethodAccessorImpl.invoke0(Native Method)
	at java.base/jdk.internal.reflect.NativeMethodAccessorImpl.invoke(NativeMethodAccessorImpl.java:62)
	at java.base/jdk.internal.reflect.DelegatingMethodAccessorImpl.invoke(DelegatingMethodAccessorImpl.java:43)
	at java.base/java.lang.reflect.Method.invoke(Method.java:566)
	at org.junit.runners.model.FrameworkMethod$1.runReflectiveCall(FrameworkMethod.java:44)
	at org.junit.internal.runners.model.ReflectiveCallable.run(ReflectiveCallable.java:15)
	at org.junit.runners.model.FrameworkMethod.invokeExplosively(FrameworkMethod.java:41)
	at junitparams.internal.InvokeParameterisedMethod.evaluate(InvokeParameterisedMethod.java:102)
	at org.junit.internal.runners.statements.FailOnTimeout$1.run(FailOnTimeout.java:28)
Caused by: ptolemy.kernel.util.IllegalActionException: TypeTest actor has no training data.
  in .sizedarray3.TypeTest
	at ptolemy.actor.lib.TypeTest.initialize(TypeTest.java:250)
	at ptolemy.actor.Director.initialize(Director.java:938)
	at ptolemy.actor.Director.initialize(Director.java:907)
	at ptolemy.actor.sched.StaticSchedulingDirector.initialize(StaticSchedulingDirector.java:159)
	at ptolemy.domains.sdf.kernel.SDFDirector.initialize(SDFDirector.java:544)
	at ptolemy.actor.CompositeActor.initialize(CompositeActor.java:935)
	at ptolemy.actor.Manager.initialize(Manager.java:724)
	at ptolemy.actor.Manager.execute(Manager.java:356)
	at ptolemy.actor.Manager.run(Manager.java:1263)
	at ptolemy.actor.Manager$PtolemyRunThread.run(Manager.java:1915)
java.lang.RuntimeException: Execution failed
	at ptolemy.moml.MoMLSimpleApplication$UnloadThread.run(MoMLSimpleApplication.java:402)
Caused by: ptolemy.kernel.util.IllegalActionException: Test fails in iteration 0.
Value was: "WARNING: An illegal reflective access operation has occurred\nWARNING: Illegal reflective access by io.netty.util.internal.ReflectionUtil (file:/home/travis/build/icyphy/ptII/lib/netty-common-4.1.19.Final.jar) to constructor java.nio.DirectByteBuffer(long,int)\nWARNING: Please consider reporting this to the maintainers of io.netty.util.internal.ReflectionUtil\nWARNING: Use --illegal-access=warn to enable warnings of further illegal reflective access operations\nWARNING: All illegal access operations will be denied in a future release\n". Should have been: ""
  in .ExecRunDemos.Test
	at ptolemy.actor.lib.Test.fire(Test.java:268)
	at ptolemy.actor.AtomicActor.iterate(AtomicActor.java:512)
	at ptolemy.actor.sched.StaticSchedulingDirector.fire(StaticSchedulingDirector.java:216)
	at ptolemy.domains.sdf.kernel.SDFDirector.fire(SDFDirector.java:500)
	at ptolemy.actor.CompositeActor.fire(CompositeActor.java:455)
	at ptolemy.actor.Manager.iterate(Manager.java:851)
	at ptolemy.actor.Manager.execute(Manager.java:369)
	at ptolemy.actor.Manager.run(Manager.java:1263)
	at ptolemy.actor.Manager$PtolemyRunThread.run(Manager.java:1915)
]]></system-err>
</testsuite>
