<?xml version="1.0" encoding="UTF-8" ?>
<testsuite errors="0" failures="0" hostname="travis-job-a9cab412-c5bd-49ea-b051-41fc5c1c5f00" name="ptolemy.domains.de.test.junit.JUnitTclTest" skipped="0" tests="101" time="122.662" timestamp="2019-05-13T04:17:55">
  <properties>
    <property name="npm.executable" value="npm" />
    <property name="file.encoding.pkg" value="sun.io" />
    <property name="env.TRAVIS_ROOT" value="/" />
    <property name="ptII.mk.exists" value="true" />
    <property name="env.TRAVIS_APP_HOST" value="build.travis-ci.org" />
    <property name="env.rvm_bin_path" value="/home/travis/.rvm/bin" />
    <property name="java.home" value="/usr/lib/jvm/java-8-oracle/jre" />
    <property name="env.TRAVIS_JOB_NUMBER" value="1129.9" />
    <property name="env.TRAVIS_HOME" value="/home/travis" />
    <property name="env.DISPLAY" value=":99.0" />
    <property name="java.net.preferIPv4Stack" value="true" />
    <property name="env.TRAVIS_INIT" value="upstart" />
    <property name="env.SSH_TTY" value="/dev/pts/0" />
    <property name="env.RUN_TESTS" value="true" />
    <property name="timeout.short" value="1000000" />
    <property name="env.TRAVIS_JOB_NAME" value="" />
    <property name="env.TRAVIS_STACK_NODE_ATTRIBUTES" value="/.node-attributes.yml" />
    <property name="junit.formatter" value="xml" />
    <property name="java.endorsed.dirs" value="/usr/lib/jvm/java-8-oracle/jre/lib/endorsed" />
    <property name="env.TRAVIS_SUDO" value="true" />
    <property name="env.LOGNAME" value="travis" />
    <property name="jsdoc.home" value="node_modules/@terraswarm/jsdoc" />
    <property name="debuglevel" value="source,lines,vars" />
    <property name="checkstyle.formatter" value="xml" />
    <property name="bin.vergil.makeable" value="true" />
    <property name="env._system_version" value="14.04" />
    <property name="sun.os.patch.level" value="unknown" />
    <property name="java.vendor.url" value="http://java.oracle.com/" />
    <property name="env.TRAVIS_BUILD_WEB_URL" value="https://travis-ci.org/icyphy/ptII/builds/531597464" />
    <property name="java.version" value="1.8.0_151" />
    <property name="env.TZ" value="UTC" />
    <property name="env.PT_NO_NET" value="true" />
    <property name="env.TRAVIS_PULL_REQUEST_SHA" value="" />
    <property name="env.TRAVIS_SECURE_ENV_VARS" value="true" />
    <property name="env._system_type" value="Linux" />
    <property name="java.vendor.url.bug" value="http://bugreport.sun.com/bugreport/" />
    <property name="env.SSH_CLIENT" value="10.10.4.10 59366 22" />
    <property name="npmjs-org-is-up" value="true" />
    <property name="env.GEM_HOME" value="/home/travis/.rvm/gems/ruby-2.4.1" />
    <property name="env.HAS_ANTARES_THREE_LITTLE_FRONZIES_BADGE" value="true" />
    <property name="env.PS4" value="+" />
    <property name="ant.project.invoked-targets" value="build,test.core2.xml" />
    <property name="env.TRAVIS_PULL_REQUEST_BRANCH" value="" />
    <property name="env.TRAVIS_REPO_SLUG" value="icyphy/ptII" />
    <property name="env.TRAVIS_APT_PROXY" value="http://build-cache.travisci.net" />
    <property name="node.in.path" value="true" />
    <property name="java.maxmemory" value="1400m" />
    <property name="env.RUBY_VERSION" value="ruby-2.4.1" />
    <property name="user.name" value="travis" />
    <property name="env.LANG" value="en_US.UTF-8" />
    <property name="sun.io.unicode.encoding" value="UnicodeLittle" />
    <property name="sun.jnu.encoding" value="UTF-8" />
    <property name="java.runtime.name" value="Java(TM) SE Runtime Environment" />
    <property name="usefile" value="false" />
    <property name="return.code" value="0" />
    <property name="junit.single.formatter" value="plain" />
    <property name="env.DYLD_LIBRARY_PATH" value="/home/travis/pthla/certi-tools/lib:" />
    <property name="env.DEBIAN_FRONTEND" value="noninteractive" />
    <property name="env.SSH_CONNECTION" value="10.10.4.10 59366 10.20.0.46 22" />
    <property name="env.MYSQL_UNIX_PORT" value="/var/run/mysqld/mysqld.sock" />
    <property name="env.TRAVIS_ALLOW_FAILURE" value="false" />
    <property name="env.LC_ALL" value="en_US.UTF-8" />
    <property name="env.TRAVIS_JOB_WEB_URL" value="https://travis-ci.org/icyphy/ptII/jobs/531597473" />
    <property name="java.specification.name" value="Java Platform API Specification" />
    <property name="node.works" value="true" />
    <property name="user.timezone" value="" />
    <property name="path.separator" value=":" />
    <property name="env.TRAVIS_ENABLE_INFRA_DETECTION" value="true" />
    <property name="env.PYTHON_CFLAGS" value="-g -fstack-protector --param=ssp-buffer-size=4 -Wformat -Werror=format-security" />
    <property name="timeout.long" value="4000000" />
    <property name="env.CERTI_HOME" value="/home/travis/pthla/certi-tools" />
    <property name="file.encoding" value="UTF-8" />
    <property name="ant.file.ptII" value="/home/travis/build/icyphy/ptII/build.xml" />
    <property name="javadoc.packagenames" value="com.*,diva.*,lbnl.*,org.hlacerti.*,org.json.*,org.ptolemy.*,org.terraswarm.*,ptolemy.*,ptserver.*" />
    <property name="env.TRAVIS_PULL_REQUEST_SLUG" value="" />
    <property name="ant.project.default-target" value="build" />
    <property name="env.GIT_ASKPASS" value="echo" />
    <property name="env.HOME" value="/home/travis" />
    <property name="sun.java.command" value="org.apache.tools.ant.taskdefs.optional.junit.JUnitTestRunner ptolemy.domains.de.test.junit.JUnitTclTest skipNonTests=false filtertrace=true haltOnError=false haltOnFailure=false formatter=org.apache.tools.ant.taskdefs.optional.junit.OutErrSummaryJUnitResultFormatter showoutput=true outputtoformatters=true logfailedtests=true threadid=0 logtestlistenerevents=false formatter=org.apache.tools.ant.taskdefs.optional.junit.XMLJUnitResultFormatter,/home/travis/build/icyphy/ptII/reports/junit/TEST-ptolemy.domains.de.test.junit.JUnitTclTest.xml crashfile=/home/travis/build/icyphy/ptII/junitvmwatcher2384416931351251536.properties propsfile=/home/travis/build/icyphy/ptII/junit5754525440458690809.properties" />
    <property name="env.MANPATH" value="/home/travis/.nvm/versions/node/v7.10.1/share/man:/home/travis/.kiex/elixirs/elixir-1.4.5/man:/home/travis/.rvm/rubies/ruby-2.4.1/share/man:/usr/local/man:/usr/local/cmake-3.9.2/man:/usr/local/clang-5.0.0/share/man:/usr/local/share/man:/usr/share/man:/home/travis/.rvm/man" />
    <property name="env.COMPOSER_NO_INTERACTION" value="1" />
    <property name="env.JDK_SWITCHER_DEFAULT" value="oraclejdk8" />
    <property name="env.TRAVIS_TIMER_ID" value="23596da3" />
    <property name="ant.file" value="/home/travis/build/icyphy/ptII/build.xml" />
    <property name="env.TRAVIS_COMMIT_RANGE" value="1588380d5a0cb681557566111709d60c983d08cd...25358e19e906f8e9155807d44808777cd5710b63" />
    <property name="env._system_name" value="Ubuntu" />
    <property name="timeout" value="2400000" />
    <property name="ptII.classpath.optional.property" value="/home/travis/build/icyphy/ptII/lib/bsh-2.0b4.jar:/home/travis/build/icyphy/ptII/lib/ptCal.jar:/home/travis/build/icyphy/ptII/lib/java_cup.jar:/home/travis/build/icyphy/ptII/lib/saxon8.jar:/home/travis/build/icyphy/ptII/lib/saxon8-dom.jar:/home/travis/build/icyphy/ptII/lib/chic.jar:/home/travis/build/icyphy/ptII/lib/ptcolt.jar:/usr/lib/jvm/java-8-oracle/lib/tools.jar:/home/travis/build/icyphy/ptII/vendors/misc/itext/iText.jar:/home/travis/build/icyphy/ptII/lib/g4ltl.jar:/home/travis/build/icyphy/ptII/lib/StructuralCoder.jar:/home/travis/build/icyphy/ptII/vendors/jai-1_1_2_01/lib/jai_core.jar:/home/travis/build/icyphy/ptII/vendors/jai-1_1_2_01/lib/jai_codec.jar:/home/travis/build/icyphy/ptII/lib/jcerti.jar:/home/travis/build/icyphy/ptII/lib/javax.mail.jar:/home/travis/build/icyphy/ptII/vendors/JMF-2.1.1e/lib/jmf.jar:/home/travis/build/icyphy/ptII/lib/jna-4.0.0-variadic.jar:/home/travis/build/icyphy/ptII/vendors/misc/joystick/Joystick.jar:/home/travis/build/icyphy/ptII/lib/ptjacl.jar:/home/travis/build/icyphy/ptII/lib/jsoup-1.8.2.jar:/home/travis/build/icyphy/ptII/lib/junit-4.8.2.jar:/home/travis/build/icyphy/ptII/lib/JUnitParams-0.4.0.jar:/home/travis/build/icyphy/ptII/ptolemy/actor/lib/excel/jxl.jar:/home/travis/build/icyphy/ptII/lib/jython.jar:/home/travis/build/icyphy/ptII/lib/kieler.jar:/home/travis/build/icyphy/ptII/vendors/opencv/share/OpenCV/java/opencv-341.jar:/home/travis/build/icyphy/ptII/lib/oscP5.jar:/home/travis/build/icyphy/ptII/lib/nrjavaserial-3.11.0.devel.jar:/home/travis/build/icyphy/ptII/vendors/j3d/lib/j3dcore.jar:/home/travis/build/icyphy/ptII/vendors/j3d/lib/j3dutils.jar:/home/travis/build/icyphy/ptII/vendors/j3d/lib/vecmath.jar:/home/travis/build/icyphy/ptII/ptolemy/distributed/jini/jar/jini-core.jar:/home/travis/build/icyphy/ptII/ptolemy/distributed/jini/jar/jini-ext.jar:/home/travis/build/icyphy/ptII/ptolemy/distributed/jini/jar/sun-util.jar:/home/travis/build/icyphy/ptII/lib/protobuf-java-2.4.1.jar:/home/travis/build/icyphy/ptII/lib/org.eclipse.paho.client.mqttv3.jar:/home/travis/build/icyphy/ptII/lib/mapss.jar:/home/travis/build/icyphy/ptII/ptolemy/actor/ptalon/antlr/antlr.jar:/home/travis/build/icyphy/ptII/lib/JRI.jar:/home/travis/build/icyphy/ptII/lib/commons-lang-2.6.jar:/home/travis/build/icyphy/ptII/lib/commons-logging-1.1.1.jar:/home/travis/build/icyphy/ptII/lib/sootclasses.jar:/home/travis/build/icyphy/ptII/ptolemy/actor/lib/database/mysql-connector-java-5.1.6-bin.jar:/home/travis/build/icyphy/ptII/vendors/misc/sphinx4/sphinx4-data-5prealpha.jar:/home/travis/build/icyphy/ptII/vendors/misc/sphinx4/sphinx4-core-5prealpha.jar:/home/travis/build/icyphy/ptII/lib/PDFRenderer.jar:/home/travis/build/icyphy/ptII/lib/svgSalamander.jar:/home/travis/build/icyphy/ptII/lib/rsyntaxtextarea-2.6.0-SNAPSHOT.jar:/home/travis/build/icyphy/ptII/lib/hazelcast-3.8.2.jar:/home/travis/build/icyphy/ptII/lib/jackson-annotations-2.9.0.jar:/home/travis/build/icyphy/ptII/lib/jackson-core-2.9.3.jar:/home/travis/build/icyphy/ptII/lib/jackson-databind-2.9.3.jar:/home/travis/build/icyphy/ptII/lib/netty-buffer-4.1.19.Final.jar:/home/travis/build/icyphy/ptII/lib/netty-codec-4.1.19.Final.jar:/home/travis/build/icyphy/ptII/lib/netty-codec-dns-4.1.19.Final.jar:/home/travis/build/icyphy/ptII/lib/netty-codec-http-4.1.19.Final.jar:/home/travis/build/icyphy/ptII/lib/netty-codec-http2-4.1.19.Final.jar:/home/travis/build/icyphy/ptII/lib/netty-common-4.1.19.Final.jar:/home/travis/build/icyphy/ptII/lib/netty-handler-4.1.19.Final.jar:/home/travis/build/icyphy/ptII/lib/netty-resolver-4.1.19.Final.jar:/home/travis/build/icyphy/ptII/lib/netty-resolver-dns-4.1.19.Final.jar:/home/travis/build/icyphy/ptII/lib/netty-transport-4.1.19.Final.jar:/home/travis/build/icyphy/ptII/lib/vertx-codegen-3.5.1.jar:/home/travis/build/icyphy/ptII/lib/vertx-core-3.5.2-SNAPSHOT.jar:/home/travis/build/icyphy/ptII/lib/vertx-hazelcast-3.5.1.jar:/home/travis/build/icyphy/ptII/lib/vertx-lang-js-3.5.1.jar:/home/travis/build/icyphy/ptII/lib/vertx-service-proxy-3.5.1.jar:/home/travis/build/icyphy/ptII/lib/vertx-web-3.5.1.jar:/home/travis/build/icyphy/ptII/lib/slf4j-api-1.7.13.jar:/home/travis/build/icyphy/ptII/lib/slf4j-simple-1.7.13.jar:/home/travis/build/icyphy/ptII/lib/webcam-capture-0.3.12.jar:/home/travis/build/icyphy/ptII/lib/bridj-0.7.0.jar:/home/travis/build/icyphy/ptII/lib/xbjlib-1.1.0.nrjavaserial.jar" />
    <property name="test.batch" value="**/junit/*.java" />
    <property name="env._" value="/usr/bin/timeout" />
    <property name="java.io.tmpdir" value="/tmp" />
    <property name="env.TRAVIS_INTERNAL_RUBY_REGEX" value="^ruby-(2\.[0-4]\.[0-9]|1\.9\.3)" />
    <property name="user.language" value="en" />
    <property name="env.HISTCONTROL" value="ignoredups:ignorespace" />
    <property name="env.GOROOT" value="/home/travis/.gimme/versions/go1.7.4.linux.amd64" />
    <property name="line.separator" value="&#xa;" />
    <property name="target" value="1.8" />
    <property name="env.TRAVIS_BUILD_DIR" value="/home/travis/build/icyphy/ptII" />
    <property name="env.ANT_OPTS" value="-Xmx2048m" />
    <property name="ant.file.type" value="file" />
    <property name="ptolemy.ptII.batchMode" value="true" />
    <property name="env.HISTSIZE" value="1000" />
    <property name="env.MERB_ENV" value="test" />
    <property name="java.vm.info" value="mixed mode" />
    <property name="source" value="1.8" />
    <property name="java.vm.specification.name" value="Java Virtual Machine Specification" />
    <property name="env.TRAVIS_TEST_RESULT" value="0" />
    <property name="jsdoc.command" value="node_modules/@terraswarm/jsdoc/jsdoc.js" />
    <property name="npm.works" value="true" />
    <property name="cobertura.dir" value="/home/travis/build/icyphy/ptII/vendors/cobertura-2.0.3" />
    <property name="env.rvm_path" value="/home/travis/.rvm" />
    <property name="env.GEM_PATH" value="/home/travis/.rvm/gems/ruby-2.4.1:/home/travis/.rvm/gems/ruby-2.4.1@global" />
    <property name="env.LC_CTYPE" value="en_US.UTF-8" />
    <property name="java.awt.printerjob" value="sun.print.PSPrinterJob" />
    <property name="env.TRAVIS_CMD" value="$PTII/bin/ptIITravisBuild.sh $SECONDS" />
    <property name="env.TRAVIS_STACK_NAME" value="garnet" />
    <property name="env.TRAVIS_TIMER_START_TIME" value="1557720574169504834" />
    <property name="ant.version" value="Apache Ant(TM) version 1.10.1 compiled on February 2 2017" />
    <property name="ptII.reports" value="/home/travis/build/icyphy/ptII/reports" />
    <property name="env.TRAVIS_STACK_TIMESTAMP" value="2017-12-05 19:33:09 UTC" />
    <property name="ant.file.type.ptII" value="file" />
    <property name="env.RBENV_SHELL" value="bash" />
    <property name="os.name" value="Linux" />
    <property name="java.specification.vendor" value="Oracle Corporation" />
    <property name="env.rvm_version" value="1.29.3 (latest)" />
    <property name="env.TRAVIS_INFRA" value="gce" />
    <property name="env.TERM" value="xterm" />
    <property name="java.vm.name" value="Java HotSpot(TM) 64-Bit Server VM" />
    <property name="env.TRAVIS_BUILD_NUMBER" value="1129" />
    <property name="env.CI" value="true" />
    <property name="java.library.path" value="/home/travis/pthla/certi-tools/lib:/usr/lib/jni:/usr/local/share/OpenCV/java/:/usr/share/OpenCV/java::/usr/java/packages/lib/amd64:/usr/lib64:/lib64:/lib:/usr/lib" />
    <property name="env.rvm_prefix" value="/home/travis" />
    <property name="env.PATH" value="/home/travis/pthla/certi-tools/share/scripts:/home/travis/.rvm/gems/ruby-2.4.1/bin:/home/travis/.rvm/gems/ruby-2.4.1@global/bin:/home/travis/.rvm/rubies/ruby-2.4.1/bin:/home/travis/.rvm/bin:/home/travis/.nvm/versions/node/v7.10.1/bin:./node_modules/.bin:/home/travis/build/icyphy/ptII/bin:/home/travis/pthla/certi-tools/bin:/home/travis/bin:/home/travis/.local/bin:/opt/pyenv/shims:/home/travis/.phpenv/shims:/home/travis/perl5/perlbrew/bin:/home/travis/.kiex/elixirs/elixir-1.4.5/bin:/home/travis/.kiex/bin:/home/travis/gopath/bin:/home/travis/.gimme/versions/go1.7.4.linux.amd64/bin:/usr/local/phantomjs/bin:/usr/local/phantomjs:/usr/local/neo4j-3.2.7/bin:/usr/local/maven-3.5.2/bin:/usr/local/cmake-3.9.2/bin:/usr/local/clang-5.0.0/bin:/usr/local/sbin:/usr/local/bin:/usr/sbin:/usr/bin:/sbin:/bin:/home/travis/.phpenv/bin:/opt/pyenv/bin:/home/travis/.yarn/bin" />
    <property name="env.TRAVIS_OS_NAME" value="linux" />
    <property name="ant.java.version" value="1.8" />
    <property name="basedir" value="/home/travis/build/icyphy/ptII" />
    <property name="java.class.version" value="52.0" />
    <property name="env.SHLVL" value="3" />
    <property name="env.LD_LIBRARY_PATH" value="/home/travis/pthla/certi-tools/lib:/usr/lib/jni:/usr/local/share/OpenCV/java/:/usr/share/OpenCV/java:" />
    <property name="env.RACK_ENV" value="test" />
    <property name="ant.home" value="/home/travis/build/icyphy/ptII/ant" />
    <property name="env.PERLBREW_BASHRC_VERSION" value="0.80" />
    <property name="env.NVM_DIR" value="/home/travis/.nvm" />
    <property name="env.TRAVIS_BUILD_ID" value="531597464" />
    <property name="env.CERTI_FOM_PATH" value="/home/travis/pthla/certi-tools/share/federations" />
    <property name="env.PYENV_ROOT" value="/opt/pyenv" />
    <property name="env.TRAVIS_UID" value="2000" />
    <property name="env.rvm_pretty_print_flag" value="auto" />
    <property name="env.NVM_BIN" value="/home/travis/.nvm/versions/node/v7.10.1/bin" />
    <property name="env.TRAVIS_COMMIT" value="25358e19e906f8e9155807d44808777cd5710b63" />
    <property name="env._system_arch" value="x86_64" />
    <property name="node.executable" value="node" />
    <property name="sun.boot.library.path" value="/usr/lib/jvm/java-8-oracle/jre/lib/amd64" />
    <property name="sun.management.compiler" value="HotSpot 64-Bit Tiered Compilers" />
    <property name="env.GOPATH" value="/home/travis/gopath" />
    <property name="java.awt.graphicsenv" value="sun.awt.X11GraphicsEnvironment" />
    <property name="ptolemy.ptII.dir" value="/home/travis/build/icyphy/ptII" />
    <property name="env.USER" value="travis" />
    <property name="env.HISTFILESIZE" value="2000" />
    <property name="timeout.longest" value="19000000" />
    <property name="env.TRAVIS_STACK_FEATURES" value="basic cassandra chromium couchdb disabled-ipv6 docker docker-compose elasticsearch firefox go-toolchain google-chrome jdk memcached mongodb mysql neo4j nodejs_interpreter perl_interpreter perlbrew phantomjs postgresql python_interpreter rabbitmq redis riak ruby_interpreter sqlite xserver" />
    <property name="env.TRAVIS_PULL_REQUEST" value="false" />
    <property name="env.PYENV_SHELL" value="bash" />
    <property name="ant.project.name" value="ptII" />
    <property name="java.vm.specification.version" value="1.8" />
    <property name="env.ANSI_RESET" value="\033[0m" />
    <property name="env.TRAVIS_DIST" value="trusty" />
    <property name="env.CERTI_VERSION" value="4.0.0" />
    <property name="env.NLSPATH" value="/usr/dt/lib/nls/msg/%L/%N.cat" />
    <property name="awt.toolkit" value="sun.awt.X11.XToolkit" />
    <property name="env.CERTI_HOST" value="localhost" />
    <property name="env.MY_RUBY_HOME" value="/home/travis/.rvm/rubies/ruby-2.4.1" />
    <property name="sun.cpu.isalist" value="" />
    <property name="env.TRAVIS_TMPDIR" value="/tmp/tmp.hxCzJ2EN5T" />
    <property name="java.ext.dirs" value="/usr/lib/jvm/java-8-oracle/jre/lib/ext:/usr/java/packages/lib/ext" />
    <property name="os.version" value="4.4.0-101-generic" />
    <property name="user.home" value="/home/travis" />
    <property name="env.MIX_ARCHIVES" value="/home/travis/.kiex/mix/elixir-1.4.5" />
    <property name="java.vm.vendor" value="Oracle Corporation" />
    <property name="env.TRAVIS_TAG" value="nightly" />
    <property name="env.ANSI_YELLOW" value="\033[33;1m" />
    <property name="env.TRAVIS_FILTERED" value="redirect_io" />
    <property name="env.ANSI_GREEN" value="\033[32;1m" />
    <property name="env.JAVA_HOME" value="/usr/lib/jvm/java-8-oracle" />
    <property name="env.PTII" value="/home/travis/build/icyphy/ptII" />
    <property name="javadoc.excludepackagenames" value="adm.cvs2svn.*,build.*,config.*,doc.coding.templates.*,jni.test.jni.meaningOfLife.*,jni.test.jni.testDeux.*,jni.test.jni.testTrois.*,org.terraswarm.accessor.accessors.web.node_modules.*,org.terraswarm.accessor.accessors.web.hosts.cordova.demo.*,org.terraswarm.accessor.accessors.web.hosts.cordova.plugins.*,org.terraswarm.accessor.accessors-svn.*,pt-modules.*,ptolemy.apps.agilent.*,ptolemy.apps.anytimecontrol.*,ptolemy.apps.apes.*,ptolemy.apps.charon.*,ptolemy.apps.crazyboard.*,ptolemy.apps.eclipse.*,ptolemy.apps.etherealSting.*,ptolemy.apps.fullscreen.*,ptolemy.apps.giotto.*,ptolemy.apps.ia.*,ptolemy.apps.interfaces.*,ptolemy.apps.jmf.*,ptolemy.apps.kurt.*,ptolemy.apps.kvm.*,ptolemy.apps.lego.*,ptolemy.apps.lejos.*,ptolemy.apps.midp.*,ptolemy.apps.mobileCoding.*,ptolemy.apps.pendulum.*,ptolemy.apps.rijndael.*,ptolemy.apps.robot.*,ptolemy.apps.security.*,ptolemy.apps.sobel.*,ptolemy.apps.soot.*,ptolemy.apps.throttle.*,ptolemy.apps.tini.*,ptolemy.apps.transmission.*,ptolemy.apps.vergil.*,ptolemy.apps.waba.*,ptolemy.apps.websensor.*,ptolemy.apps.webstart.*,ptolemy.apps.xsl.*,ptolemy.apps.zaurus.*,ptolemy.codegen.c.actor.lib.oldJavaFiles.*,ptolemy.codegen.dsp.lib.*,ptolemy.codegen.kernel.newInterfaces.*,ptolemy.codegen.lib.*,ptolemy.copernicus.kernel.fragment.*,ptolemy.copernicus.shallow.cg.*,ptolemy.domains.giotto.demo.Hierarchy.Hierarchy.*,ptolemy.domains.giotto.demo.Multimode.Multimode.*,ptolemy.domains.giotto.demo.Simple.Simple.*,ptolemy.domains.gr.lib.experimental.*,ptolemy.domains.gro.*,ptolemy.domains.pdf.*,ptolemy.domains.ptinyos.demo.Surge.output.*,ptolemy.moml.test.NoPackageActor.java*,ptolemy.plot.adm.*,ptolemy.plot.servlet.*,reports.*,signed.*,src.*,target.*,vendors.*,ptolemy.apps.eclipse.awt.*,ptolemy.backtrack.*,ptolemy.backtrack.ast.*,ptolemy.cg.adapter.generic.program.procedural.c.mbed*,ptolemy.homer.*,org.ptolemy.scala.*,diva.util.java2d.svg.*,ptolemy.domains.ptinyos.*,ptolemy.actor.lib.fmi.fmipp.*,,org.terraswarm.accessor.accessors.web.node_modules.*,org.terraswarm.accessor.accessors-svn,ptolemy.apps.*,ptolemy.actor.ptalon.demo.ptinyos.SendAndReceiveCnt.output,ptolemy.actor.ptalon.demo.ptinyos.SenseToLeds.output,ptolemy.domains.ptinyos.demo.CntToLedsAndRfm.output,ptolemy.domains.ptinyos.demo.RfmToLeds.output,ptolemy.domains.ptinyos.demo.SendAndReceiveCnt.output,ptolemy.domains.ptinyos.demo.SenseToLeds.output,ptolemy.actor.lib.jjs.modules.udpSocket.*" />
    <property name="env.TRAVIS_COMMIT_MESSAGE" value="Used undocumented tick(min, max) function" />
    <property name="keystore" value="ptKeystore" />
    <property name="env.XDG_SESSION_ID" value="2" />
    <property name="junit.output.dir" value="/home/travis/build/icyphy/ptII/reports/junit" />
    <property name="npm.return.code" value="0" />
    <property name="user.dir" value="/home/travis/build/icyphy/ptII/ptolemy/domains/de/test" />
    <property name="env.TRAVIS_NODE_VERSION" value="7" />
    <property name="env.XFILESEARCHPATH" value="/usr/dt/app-defaults/%L/Dt" />
    <property name="env.TRAVIS_EVENT_TYPE" value="cron" />
    <property name="env.MAIL" value="/var/mail/travis" />
    <property name="env.PWD" value="/home/travis/build/icyphy/ptII" />
    <property name="env.PERLBREW_ROOT" value="/home/travis/perl5/perlbrew" />
    <property name="timeout.npm" value="45000" />
    <property name="env.PT_TRAVIS_TEST_CORE2_XML" value="true" />
    <property name="env.TRAVIS_ARCH" value="amd64" />
    <property name="env.PAGER" value="cat" />
    <property name="sun.cpu.endian" value="little" />
    <property name="env.TRAVIS_BUILD_STAGE_NAME" value="Test" />
    <property name="env.PERLBREW_HOME" value="/home/travis/.perlbrew" />
    <property name="env.RAILS_ENV" value="test" />
    <property name="java.vm.version" value="25.151-b12" />
    <property name="java.class.path" value="/home/travis/build/icyphy/ptII:/home/travis/build/icyphy/ptII/lib/bsh-2.0b4.jar:/home/travis/build/icyphy/ptII/lib/ptCal.jar:/home/travis/build/icyphy/ptII/lib/java_cup.jar:/home/travis/build/icyphy/ptII/lib/saxon8.jar:/home/travis/build/icyphy/ptII/lib/saxon8-dom.jar:/home/travis/build/icyphy/ptII/lib/chic.jar:/home/travis/build/icyphy/ptII/lib/ptcolt.jar:/usr/lib/jvm/java-8-oracle/lib/tools.jar:/home/travis/build/icyphy/ptII/vendors/misc/itext/iText.jar:/home/travis/build/icyphy/ptII/lib/g4ltl.jar:/home/travis/build/icyphy/ptII/lib/StructuralCoder.jar:/home/travis/build/icyphy/ptII/vendors/jai-1_1_2_01/lib/jai_core.jar:/home/travis/build/icyphy/ptII/vendors/jai-1_1_2_01/lib/jai_codec.jar:/home/travis/build/icyphy/ptII/lib/jcerti.jar:/home/travis/build/icyphy/ptII/lib/javax.mail.jar:/home/travis/build/icyphy/ptII/vendors/JMF-2.1.1e/lib/jmf.jar:/home/travis/build/icyphy/ptII/lib/jna-4.0.0-variadic.jar:/home/travis/build/icyphy/ptII/vendors/misc/joystick/Joystick.jar:/home/travis/build/icyphy/ptII/lib/ptjacl.jar:/home/travis/build/icyphy/ptII/lib/jsoup-1.8.2.jar:/home/travis/build/icyphy/ptII/lib/junit-4.8.2.jar:/home/travis/build/icyphy/ptII/lib/JUnitParams-0.4.0.jar:/home/travis/build/icyphy/ptII/ptolemy/actor/lib/excel/jxl.jar:/home/travis/build/icyphy/ptII/lib/jython.jar:/home/travis/build/icyphy/ptII/lib/kieler.jar:/home/travis/build/icyphy/ptII/vendors/opencv/share/OpenCV/java/opencv-341.jar:/home/travis/build/icyphy/ptII/lib/oscP5.jar:/home/travis/build/icyphy/ptII/lib/nrjavaserial-3.11.0.devel.jar:/home/travis/build/icyphy/ptII/vendors/j3d/lib/j3dcore.jar:/home/travis/build/icyphy/ptII/vendors/j3d/lib/j3dutils.jar:/home/travis/build/icyphy/ptII/vendors/j3d/lib/vecmath.jar:/home/travis/build/icyphy/ptII/ptolemy/distributed/jini/jar/jini-core.jar:/home/travis/build/icyphy/ptII/ptolemy/distributed/jini/jar/jini-ext.jar:/home/travis/build/icyphy/ptII/ptolemy/distributed/jini/jar/sun-util.jar:/home/travis/build/icyphy/ptII/lib/protobuf-java-2.4.1.jar:/home/travis/build/icyphy/ptII/lib/org.eclipse.paho.client.mqttv3.jar:/home/travis/build/icyphy/ptII/lib/mapss.jar:/home/travis/build/icyphy/ptII/ptolemy/actor/ptalon/antlr/antlr.jar:/home/travis/build/icyphy/ptII/lib/JRI.jar:/home/travis/build/icyphy/ptII/lib/commons-lang-2.6.jar:/home/travis/build/icyphy/ptII/lib/commons-logging-1.1.1.jar:/home/travis/build/icyphy/ptII/lib/sootclasses.jar:/home/travis/build/icyphy/ptII/ptolemy/actor/lib/database/mysql-connector-java-5.1.6-bin.jar:/home/travis/build/icyphy/ptII/vendors/misc/sphinx4/sphinx4-data-5prealpha.jar:/home/travis/build/icyphy/ptII/vendors/misc/sphinx4/sphinx4-core-5prealpha.jar:/home/travis/build/icyphy/ptII/lib/PDFRenderer.jar:/home/travis/build/icyphy/ptII/lib/svgSalamander.jar:/home/travis/build/icyphy/ptII/lib/rsyntaxtextarea-2.6.0-SNAPSHOT.jar:/home/travis/build/icyphy/ptII/lib/hazelcast-3.8.2.jar:/home/travis/build/icyphy/ptII/lib/jackson-annotations-2.9.0.jar:/home/travis/build/icyphy/ptII/lib/jackson-core-2.9.3.jar:/home/travis/build/icyphy/ptII/lib/jackson-databind-2.9.3.jar:/home/travis/build/icyphy/ptII/lib/netty-buffer-4.1.19.Final.jar:/home/travis/build/icyphy/ptII/lib/netty-codec-4.1.19.Final.jar:/home/travis/build/icyphy/ptII/lib/netty-codec-dns-4.1.19.Final.jar:/home/travis/build/icyphy/ptII/lib/netty-codec-http-4.1.19.Final.jar:/home/travis/build/icyphy/ptII/lib/netty-codec-http2-4.1.19.Final.jar:/home/travis/build/icyphy/ptII/lib/netty-common-4.1.19.Final.jar:/home/travis/build/icyphy/ptII/lib/netty-handler-4.1.19.Final.jar:/home/travis/build/icyphy/ptII/lib/netty-resolver-4.1.19.Final.jar:/home/travis/build/icyphy/ptII/lib/netty-resolver-dns-4.1.19.Final.jar:/home/travis/build/icyphy/ptII/lib/netty-transport-4.1.19.Final.jar:/home/travis/build/icyphy/ptII/lib/vertx-codegen-3.5.1.jar:/home/travis/build/icyphy/ptII/lib/vertx-core-3.5.2-SNAPSHOT.jar:/home/travis/build/icyphy/ptII/lib/vertx-hazelcast-3.5.1.jar:/home/travis/build/icyphy/ptII/lib/vertx-lang-js-3.5.1.jar:/home/travis/build/icyphy/ptII/lib/vertx-service-proxy-3.5.1.jar:/home/travis/build/icyphy/ptII/lib/vertx-web-3.5.1.jar:/home/travis/build/icyphy/ptII/lib/slf4j-api-1.7.13.jar:/home/travis/build/icyphy/ptII/lib/slf4j-simple-1.7.13.jar:/home/travis/build/icyphy/ptII/lib/webcam-capture-0.3.12.jar:/home/travis/build/icyphy/ptII/lib/bridj-0.7.0.jar:/home/travis/build/icyphy/ptII/lib/xbjlib-1.1.0.nrjavaserial.jar:/home/travis/build/icyphy/ptII/ptolemy/moml/test:/home/travis/build/icyphy/ptII/ant/lib/ant-launcher.jar:/home/travis/build/icyphy/ptII/ant/lib/ant.jar:/home/travis/build/icyphy/ptII/ant/lib/ant-junit.jar:/home/travis/build/icyphy/ptII/ant/lib/ant-junit4.jar" />
    <property name="ant.library.dir" value="/home/travis/build/icyphy/ptII/ant/lib" />
    <property name="os.arch" value="amd64" />
    <property name="env.TRAVIS_LANGUAGE" value="node_js" />
    <property name="env.CONTINUOUS_INTEGRATION" value="true" />
    <property name="env.TRAVIS_STACK_LANGUAGES" value="__garnet__ c c++ clojure cplusplus cpp default go groovy java node_js php pure_java python ruby scala" />
    <property name="test.name" value="ptolemy.actor.lib.test.junit.JUnitTclTest" />
    <property name="sun.java.launcher" value="SUN_STANDARD" />
    <property name="env.PYTHON_CONFIGURE_OPTS" value="--enable-unicode=ucs4 --with-wide-unicode --enable-shared --enable-ipv6 --enable-loadable-sqlite-extensions --with-computed-gotos" />
    <property name="ant.core.lib" value="/home/travis/build/icyphy/ptII/ant/lib/ant.jar" />
    <property name="java.vm.specification.vendor" value="Oracle Corporation" />
    <property name="env.BCVTB_HOME" value="/home/travis/build/icyphy/ptII/lbnl" />
    <property name="file.separator" value="/" />
    <property name="spotbugs.home" value="/home/travis/build/icyphy/ptII/vendors/spotbugs-3.1.1" />
    <property name="java.runtime.version" value="1.8.0_151-b12" />
    <property name="sun.boot.class.path" value="/usr/lib/jvm/java-8-oracle/jre/lib/resources.jar:/usr/lib/jvm/java-8-oracle/jre/lib/rt.jar:/usr/lib/jvm/java-8-oracle/jre/lib/sunrsasign.jar:/usr/lib/jvm/java-8-oracle/jre/lib/jsse.jar:/usr/lib/jvm/java-8-oracle/jre/lib/jce.jar:/usr/lib/jvm/java-8-oracle/jre/lib/charsets.jar:/usr/lib/jvm/java-8-oracle/jre/lib/jfr.jar:/usr/lib/jvm/java-8-oracle/jre/classes" />
    <property name="env.ANSI_CLEAR" value="\033[0K" />
    <property name="env.HAS_JOSH_K_SEAL_OF_APPROVAL" value="true" />
    <property name="env.XDG_RUNTIME_DIR" value="/run/user/2000" />
    <property name="env.TRAVIS_OSX_IMAGE" value="" />
    <property name="env.TRAVIS_BRANCH" value="master" />
    <property name="env.TRAVIS_JOB_ID" value="531597473" />
    <property name="user.country" value="US" />
    <property name="env.CERTI_HOME_TRAVIS" value="/home/travis/pthla/certi-tools" />
    <property name="env.SHELL" value="/bin/bash" />
    <property name="java.maxmemory.large" value="5000m" />
    <property name="model" value="" />
    <property name="env.CASHER_DIR" value="/home/travis/.casher" />
    <property name="env.NVM_CD_FLAGS" value="" />
    <property name="jshint.executable" value="/home/travis/node_modules/jshint/bin/jshint" />
    <property name="java.vendor" value="Oracle Corporation" />
    <property name="env.JRUBY_OPTS" value=" --client -J-XX:+TieredCompilation -J-XX:TieredStopAtLevel=1 -J-Xss2m -Xcompile.invokedynamic=false" />
    <property name="env.TRAVIS_PRE_CHEF_BOOTSTRAP_TIME" value="2017-12-05T19:32:55" />
    <property name="env.TRAVIS_STACK_JOB_BOARD_REGISTER" value="/.job-board-register.yml" />
    <property name="env.ELIXIR_VERSION" value="1.4.5" />
    <property name="env.ANSI_RED" value="\033[31;1m" />
    <property name="java.specification.version" value="1.8" />
    <property name="env.TRAVIS" value="true" />
    <property name="env.IRBRC" value="/home/travis/.rvm/rubies/ruby-2.4.1/.irbrc" />
    <property name="sun.arch.data.model" value="64" />
  </properties>
  <testcase classname="ptolemy.util.test.junit.TclTests" name="[0] /home/travis/build/icyphy/ptII/ptolemy/domains/de/test/DependencyLoop.tcl (RunTclFile)" time="0.761" />
  <testcase classname="ptolemy.util.test.junit.TclTests" name="[1] /home/travis/build/icyphy/ptII/ptolemy/domains/de/test/RunDETestsAsQSS.tcl (RunTclFile)" time="83.617" />
  <testcase classname="ptolemy.util.test.junit.AutoKnownFailedTests" name="[0] /home/travis/build/icyphy/ptII/ptolemy/domains/de/test/auto/knownFailedTests/DESDFClockTest.xml (RunModel)" time="2.036" />
  <testcase classname="ptolemy.util.test.junit.AutoKnownFailedTests" name="[1] /home/travis/build/icyphy/ptII/ptolemy/domains/de/test/auto/knownFailedTests/DirectFeedback.xml (RunModel)" time="0.026" />
  <testcase classname="ptolemy.util.test.junit.AutoKnownFailedTests" name="[2] /home/travis/build/icyphy/ptII/ptolemy/domains/de/test/auto/knownFailedTests/FSMSource.xml (RunModel)" time="0.017" />
  <testcase classname="ptolemy.util.test.junit.AutoKnownFailedTests" name="[3] /home/travis/build/icyphy/ptII/ptolemy/domains/de/test/auto/knownFailedTests/HierarchicalModel.xml (RunModel)" time="0.035" />
  <testcase classname="ptolemy.util.test.junit.AutoKnownFailedTests" name="[4] /home/travis/build/icyphy/ptII/ptolemy/domains/de/test/auto/knownFailedTests/dependencyLoop.xml (RunModel)" time="0.039" />
  <testcase classname="ptolemy.util.test.junit.AutoKnownFailedTests" name="[5] /home/travis/build/icyphy/ptII/ptolemy/domains/de/test/auto/knownFailedTests/dependencyLoop2.xml (RunModel)" time="0.044" />
  <testcase classname="ptolemy.util.test.junit.AutoNameArchTests" name="[0] ThereAreNoAutoArchTests (RunModel)" time="0.001" />
  <testcase classname="ptolemy.util.test.junit.AutoTests" name="[0] /home/travis/build/icyphy/ptII/ptolemy/domains/de/test/auto/ActorDepthCalculation_actorWithoutPorts.xml (RunModel)" time="0.015" />
  <testcase classname="ptolemy.util.test.junit.AutoTests" name="[1] /home/travis/build/icyphy/ptII/ptolemy/domains/de/test/auto/AssemblyLine.xml (RunModel)" time="0.019" />
  <testcase classname="ptolemy.util.test.junit.AutoTests" name="[2] /home/travis/build/icyphy/ptII/ptolemy/domains/de/test/auto/CQBug1.xml (RunModel)" time="0.01" />
  <testcase classname="ptolemy.util.test.junit.AutoTests" name="[3] /home/travis/build/icyphy/ptII/ptolemy/domains/de/test/auto/CancelFireAt.xml (RunModel)" time="0.006" />
  <testcase classname="ptolemy.util.test.junit.AutoTests" name="[4] /home/travis/build/icyphy/ptII/ptolemy/domains/de/test/auto/CausalityAndComposabilityAnalysis.xml (RunModel)" time="0.01" />
  <testcase classname="ptolemy.util.test.junit.AutoTests" name="[5] /home/travis/build/icyphy/ptII/ptolemy/domains/de/test/auto/CausalityInterface1.xml (RunModel)" time="0.012" />
  <testcase classname="ptolemy.util.test.junit.AutoTests" name="[6] /home/travis/build/icyphy/ptII/ptolemy/domains/de/test/auto/CausalityInterface15.xml (RunModel)" time="0.012" />
  <testcase classname="ptolemy.util.test.junit.AutoTests" name="[7] /home/travis/build/icyphy/ptII/ptolemy/domains/de/test/auto/CausalityInterface2.xml (RunModel)" time="0.01" />
  <testcase classname="ptolemy.util.test.junit.AutoTests" name="[8] /home/travis/build/icyphy/ptII/ptolemy/domains/de/test/auto/CausalityInterface3.xml (RunModel)" time="0.011" />
  <testcase classname="ptolemy.util.test.junit.AutoTests" name="[9] /home/travis/build/icyphy/ptII/ptolemy/domains/de/test/auto/ClockDrift.xml (RunModel)" time="0.034" />
  <testcase classname="ptolemy.util.test.junit.AutoTests" name="[10] /home/travis/build/icyphy/ptII/ptolemy/domains/de/test/auto/ClockDriftAndValueChange.xml (RunModel)" time="0.03" />
  <testcase classname="ptolemy.util.test.junit.AutoTests" name="[11] /home/travis/build/icyphy/ptII/ptolemy/domains/de/test/auto/ClockDriftChange.xml (RunModel)" time="0.026" />
  <testcase classname="ptolemy.util.test.junit.AutoTests" name="[12] /home/travis/build/icyphy/ptII/ptolemy/domains/de/test/auto/ComposableCausalityAnalysis.xml (RunModel)" time="0.016" />
  <testcase classname="ptolemy.util.test.junit.AutoTests" name="[13] /home/travis/build/icyphy/ptII/ptolemy/domains/de/test/auto/DEFixedPointLimitation.xml (RunModel)" time="0.013" />
  <testcase classname="ptolemy.util.test.junit.AutoTests" name="[14] /home/travis/build/icyphy/ptII/ptolemy/domains/de/test/auto/DEScheduleTest.xml (RunModel)" time="0.025" />
  <testcase classname="ptolemy.util.test.junit.AutoTests" name="[15] /home/travis/build/icyphy/ptII/ptolemy/domains/de/test/auto/DEinDEwithStartTimes.xml (RunModel)" time="0.022" />
  <testcase classname="ptolemy.util.test.junit.AutoTests" name="[16] /home/travis/build/icyphy/ptII/ptolemy/domains/de/test/auto/DEinDEwithStartTimes2.xml (RunModel)" time="0.015" />
  <testcase classname="ptolemy.util.test.junit.AutoTests" name="[17] /home/travis/build/icyphy/ptII/ptolemy/domains/de/test/auto/DateDemo.xml (RunModel)" time="0.038" />
  <testcase classname="ptolemy.util.test.junit.AutoTests" name="[18] /home/travis/build/icyphy/ptII/ptolemy/domains/de/test/auto/DateToEvent.xml (RunModel)" time="2.045" />
  <testcase classname="ptolemy.util.test.junit.AutoTests" name="[19] /home/travis/build/icyphy/ptII/ptolemy/domains/de/test/auto/DepthTest1.xml (RunModel)" time="0.014" />
  <testcase classname="ptolemy.util.test.junit.AutoTests" name="[20] /home/travis/build/icyphy/ptII/ptolemy/domains/de/test/auto/DepthTest2.xml (RunModel)" time="0.017" />
  <testcase classname="ptolemy.util.test.junit.AutoTests" name="[21] /home/travis/build/icyphy/ptII/ptolemy/domains/de/test/auto/DepthTest3.xml (RunModel)" time="0.011" />
  <testcase classname="ptolemy.util.test.junit.AutoTests" name="[22] /home/travis/build/icyphy/ptII/ptolemy/domains/de/test/auto/DepthTest4.xml (RunModel)" time="0.011" />
  <testcase classname="ptolemy.util.test.junit.AutoTests" name="[23] /home/travis/build/icyphy/ptII/ptolemy/domains/de/test/auto/DepthTest5.xml (RunModel)" time="0.017" />
  <testcase classname="ptolemy.util.test.junit.AutoTests" name="[24] /home/travis/build/icyphy/ptII/ptolemy/domains/de/test/auto/DepthTest6.xml (RunModel)" time="0.012" />
  <testcase classname="ptolemy.util.test.junit.AutoTests" name="[25] /home/travis/build/icyphy/ptII/ptolemy/domains/de/test/auto/DepthTest7.xml (RunModel)" time="0.019" />
  <testcase classname="ptolemy.util.test.junit.AutoTests" name="[26] /home/travis/build/icyphy/ptII/ptolemy/domains/de/test/auto/EventToDate.xml (RunModel)" time="3.036" />
  <testcase classname="ptolemy.util.test.junit.AutoTests" name="[27] /home/travis/build/icyphy/ptII/ptolemy/domains/de/test/auto/FSM1.xml (RunModel)" time="0.029" />
  <testcase classname="ptolemy.util.test.junit.AutoTests" name="[28] /home/travis/build/icyphy/ptII/ptolemy/domains/de/test/auto/FSM7.xml (RunModel)" time="0.026" />
  <testcase classname="ptolemy.util.test.junit.AutoTests" name="[29] /home/travis/build/icyphy/ptII/ptolemy/domains/de/test/auto/Inspection.xml (RunModel)" time="0.035" />
  <testcase classname="ptolemy.util.test.junit.AutoTests" name="[30] /home/travis/build/icyphy/ptII/ptolemy/domains/de/test/auto/Iteration.xml (RunModel)" time="0.017" />
  <testcase classname="ptolemy.util.test.junit.AutoTests" name="[31] /home/travis/build/icyphy/ptII/ptolemy/domains/de/test/auto/LineFault.xml (RunModel)" time="0.496" />
  <testcase classname="ptolemy.util.test.junit.AutoTests" name="[32] /home/travis/build/icyphy/ptII/ptolemy/domains/de/test/auto/MergeModel1Add.xml (RunModel)" time="0.034" />
  <testcase classname="ptolemy.util.test.junit.AutoTests" name="[33] /home/travis/build/icyphy/ptII/ptolemy/domains/de/test/auto/MergeModel2Add.xml (RunModel)" time="0.036" />
  <testcase classname="ptolemy.util.test.junit.AutoTests" name="[34] /home/travis/build/icyphy/ptII/ptolemy/domains/de/test/auto/MergeModel3Add.xml (RunModel)" time="0.037" />
  <testcase classname="ptolemy.util.test.junit.AutoTests" name="[35] /home/travis/build/icyphy/ptII/ptolemy/domains/de/test/auto/MergeWithoutDiscard.xml (RunModel)" time="0.01" />
  <testcase classname="ptolemy.util.test.junit.AutoTests" name="[36] /home/travis/build/icyphy/ptII/ptolemy/domains/de/test/auto/Modal1.xml (RunModel)" time="0.029" />
  <testcase classname="ptolemy.util.test.junit.AutoTests" name="[37] /home/travis/build/icyphy/ptII/ptolemy/domains/de/test/auto/Modal2.xml (RunModel)" time="0.028" />
  <testcase classname="ptolemy.util.test.junit.AutoTests" name="[38] /home/travis/build/icyphy/ptII/ptolemy/domains/de/test/auto/Modal3.xml (RunModel)" time="0.03" />
  <testcase classname="ptolemy.util.test.junit.AutoTests" name="[39] /home/travis/build/icyphy/ptII/ptolemy/domains/de/test/auto/Modal4.xml (RunModel)" time="0.026" />
  <testcase classname="ptolemy.util.test.junit.AutoTests" name="[40] /home/travis/build/icyphy/ptII/ptolemy/domains/de/test/auto/Modal5.xml (RunModel)" time="0.026" />
  <testcase classname="ptolemy.util.test.junit.AutoTests" name="[41] /home/travis/build/icyphy/ptII/ptolemy/domains/de/test/auto/Modal6.xml (RunModel)" time="0.025" />
  <testcase classname="ptolemy.util.test.junit.AutoTests" name="[42] /home/travis/build/icyphy/ptII/ptolemy/domains/de/test/auto/Modal7.xml (RunModel)" time="0.027" />
  <testcase classname="ptolemy.util.test.junit.AutoTests" name="[43] /home/travis/build/icyphy/ptII/ptolemy/domains/de/test/auto/ModalModel.xml (RunModel)" time="0.142" />
  <testcase classname="ptolemy.util.test.junit.AutoTests" name="[44] /home/travis/build/icyphy/ptII/ptolemy/domains/de/test/auto/ModalSource.xml (RunModel)" time="0.018" />
  <testcase classname="ptolemy.util.test.junit.AutoTests" name="[45] /home/travis/build/icyphy/ptII/ptolemy/domains/de/test/auto/NonInterruptibleTimerZeroDelay.xml (RunModel)" time="0.009" />
  <testcase classname="ptolemy.util.test.junit.AutoTests" name="[46] /home/travis/build/icyphy/ptII/ptolemy/domains/de/test/auto/OpenQueueingNetwork.xml (RunModel)" time="2.145" />
  <testcase classname="ptolemy.util.test.junit.AutoTests" name="[47] /home/travis/build/icyphy/ptII/ptolemy/domains/de/test/auto/OpenQueuingNetwork.xml (RunModel)" time="0.259" />
  <testcase classname="ptolemy.util.test.junit.AutoTests" name="[48] /home/travis/build/icyphy/ptII/ptolemy/domains/de/test/auto/PeriodicSampler.xml (RunModel)" time="0.009" />
  <testcase classname="ptolemy.util.test.junit.AutoTests" name="[49] /home/travis/build/icyphy/ptII/ptolemy/domains/de/test/auto/PersistentIO.xml (RunModel)" time="0.02" />
  <testcase classname="ptolemy.util.test.junit.AutoTests" name="[50] /home/travis/build/icyphy/ptII/ptolemy/domains/de/test/auto/PortParameterResetOnInitialize.xml (RunModel)" time="0.009" />
  <testcase classname="ptolemy.util.test.junit.AutoTests" name="[51] /home/travis/build/icyphy/ptII/ptolemy/domains/de/test/auto/PortParameterUpdates.xml (RunModel)" time="0.019" />
  <testcase classname="ptolemy.util.test.junit.AutoTests" name="[52] /home/travis/build/icyphy/ptII/ptolemy/domains/de/test/auto/QueueAndServer.xml (RunModel)" time="0.02" />
  <testcase classname="ptolemy.util.test.junit.AutoTests" name="[53] /home/travis/build/icyphy/ptII/ptolemy/domains/de/test/auto/Records.xml (RunModel)" time="0.02" />
  <testcase classname="ptolemy.util.test.junit.AutoTests" name="[54] /home/travis/build/icyphy/ptII/ptolemy/domains/de/test/auto/ResetTransitionWithStartTime1.xml (RunModel)" time="0.017" />
  <testcase classname="ptolemy.util.test.junit.AutoTests" name="[55] /home/travis/build/icyphy/ptII/ptolemy/domains/de/test/auto/ResetTransitionWithStartTime2.xml (RunModel)" time="0.015" />
  <testcase classname="ptolemy.util.test.junit.AutoTests" name="[56] /home/travis/build/icyphy/ptII/ptolemy/domains/de/test/auto/ResetTransitionWithStartTime3.xml (RunModel)" time="0.017" />
  <testcase classname="ptolemy.util.test.junit.AutoTests" name="[57] /home/travis/build/icyphy/ptII/ptolemy/domains/de/test/auto/ResetTransitionWithStartTime4.xml (RunModel)" time="0.016" />
  <testcase classname="ptolemy.util.test.junit.AutoTests" name="[58] /home/travis/build/icyphy/ptII/ptolemy/domains/de/test/auto/ResettableTimer1.xml (RunModel)" time="0.009" />
  <testcase classname="ptolemy.util.test.junit.AutoTests" name="[59] /home/travis/build/icyphy/ptII/ptolemy/domains/de/test/auto/ResettableTimer2.xml (RunModel)" time="0.008" />
  <testcase classname="ptolemy.util.test.junit.AutoTests" name="[60] /home/travis/build/icyphy/ptII/ptolemy/domains/de/test/auto/ResettableTimer3.xml (RunModel)" time="0.007" />
  <testcase classname="ptolemy.util.test.junit.AutoTests" name="[61] /home/travis/build/icyphy/ptII/ptolemy/domains/de/test/auto/ResettableTimer4.xml (RunModel)" time="0.01" />
  <testcase classname="ptolemy.util.test.junit.AutoTests" name="[62] /home/travis/build/icyphy/ptII/ptolemy/domains/de/test/auto/ResettableTimer5.xml (RunModel)" time="0.009" />
  <testcase classname="ptolemy.util.test.junit.AutoTests" name="[63] /home/travis/build/icyphy/ptII/ptolemy/domains/de/test/auto/ResettableTimer6.xml (RunModel)" time="0.016" />
  <testcase classname="ptolemy.util.test.junit.AutoTests" name="[64] /home/travis/build/icyphy/ptII/ptolemy/domains/de/test/auto/ServerZeroDelay.xml (RunModel)" time="0.011" />
  <testcase classname="ptolemy.util.test.junit.AutoTests" name="[65] /home/travis/build/icyphy/ptII/ptolemy/domains/de/test/auto/SmartSender.xml (RunModel)" time="3.008" />
  <testcase classname="ptolemy.util.test.junit.AutoTests" name="[66] /home/travis/build/icyphy/ptII/ptolemy/domains/de/test/auto/ThreadedComposite.xml (RunModel)" time="0.118" />
  <testcase classname="ptolemy.util.test.junit.AutoTests" name="[67] /home/travis/build/icyphy/ptII/ptolemy/domains/de/test/auto/Time.xml (RunModel)" time="0.404" />
  <testcase classname="ptolemy.util.test.junit.AutoTests" name="[68] /home/travis/build/icyphy/ptII/ptolemy/domains/de/test/auto/TimeDelayZeroDelay.xml (RunModel)" time="0.012" />
  <testcase classname="ptolemy.util.test.junit.AutoTests" name="[69] /home/travis/build/icyphy/ptII/ptolemy/domains/de/test/auto/TimerZeroDelay.xml (RunModel)" time="0.009" />
  <testcase classname="ptolemy.util.test.junit.AutoTests" name="[70] /home/travis/build/icyphy/ptII/ptolemy/domains/de/test/auto/TimingParadox.xml (RunModel)" time="0.333" />
  <testcase classname="ptolemy.util.test.junit.AutoTests" name="[71] /home/travis/build/icyphy/ptII/ptolemy/domains/de/test/auto/TransferInputs.xml (RunModel)" time="0.019" />
  <testcase classname="ptolemy.util.test.junit.AutoTests" name="[72] /home/travis/build/icyphy/ptII/ptolemy/domains/de/test/auto/TransferOutputs2.xml (RunModel)" time="0.014" />
  <testcase classname="ptolemy.util.test.junit.AutoTests" name="[73] /home/travis/build/icyphy/ptII/ptolemy/domains/de/test/auto/Trilateration.xml (RunModel)" time="10.461" />
  <testcase classname="ptolemy.util.test.junit.AutoTests" name="[74] /home/travis/build/icyphy/ptII/ptolemy/domains/de/test/auto/TwoSigmaDelta.xml (RunModel)" time="2.005" />
  <testcase classname="ptolemy.util.test.junit.AutoTests" name="[75] /home/travis/build/icyphy/ptII/ptolemy/domains/de/test/auto/VariableDelay.xml (RunModel)" time="0.014" />
  <testcase classname="ptolemy.util.test.junit.AutoTests" name="[76] /home/travis/build/icyphy/ptII/ptolemy/domains/de/test/auto/VariableDelay2.xml (RunModel)" time="0.007" />
  <testcase classname="ptolemy.util.test.junit.AutoTests" name="[77] /home/travis/build/icyphy/ptII/ptolemy/domains/de/test/auto/VariableDelayZeroDelay.xml (RunModel)" time="0.009" />
  <testcase classname="ptolemy.util.test.junit.AutoTests" name="[78] /home/travis/build/icyphy/ptII/ptolemy/domains/de/test/auto/VariableDelayZeroDelay2.xml (RunModel)" time="0.014" />
  <testcase classname="ptolemy.util.test.junit.AutoTests" name="[79] /home/travis/build/icyphy/ptII/ptolemy/domains/de/test/auto/deInCt.xml (RunModel)" time="0.013" />
  <testcase classname="ptolemy.util.test.junit.AutoTests" name="[80] /home/travis/build/icyphy/ptII/ptolemy/domains/de/test/auto/deInCt2.xml (RunModel)" time="0.011" />
  <testcase classname="ptolemy.util.test.junit.AutoTests" name="[81] /home/travis/build/icyphy/ptII/ptolemy/domains/de/test/auto/dynamicCausalityInterface1.xml (RunModel)" time="0.017" />
  <testcase classname="ptolemy.util.test.junit.AutoTests" name="[82] /home/travis/build/icyphy/ptII/ptolemy/domains/de/test/auto/fsm_de_test.xml (RunModel)" time="0.02" />
  <testcase classname="ptolemy.util.test.junit.AutoTests" name="[83] /home/travis/build/icyphy/ptII/ptolemy/domains/de/test/auto/functionDependencyReconstruction.xml (RunModel)" time="0.028" />
  <testcase classname="ptolemy.util.test.junit.AutoTests" name="[84] /home/travis/build/icyphy/ptII/ptolemy/domains/de/test/auto/multirate.xml (RunModel)" time="0.014" />
  <testcase classname="ptolemy.util.test.junit.AutoTests" name="[85] /home/travis/build/icyphy/ptII/ptolemy/domains/de/test/auto/multirate2.xml (RunModel)" time="0.013" />
  <testcase classname="ptolemy.util.test.junit.AutoTests" name="[86] /home/travis/build/icyphy/ptII/ptolemy/domains/de/test/auto/realtime.xml (RunModel)" time="10.009" />
  <testcase classname="ptolemy.util.test.junit.AutoTests" name="[87] /home/travis/build/icyphy/ptII/ptolemy/domains/de/test/auto/relationGroup.xml (RunModel)" time="0.006" />
  <testcase classname="ptolemy.util.test.junit.AutoTests" name="[88] /home/travis/build/icyphy/ptII/ptolemy/domains/de/test/auto/relationGroup2.xml (RunModel)" time="0.007" />
  <testcase classname="ptolemy.util.test.junit.AutoTests" name="[89] /home/travis/build/icyphy/ptII/ptolemy/domains/de/test/auto/sortWithOpaquePorts.xml (RunModel)" time="0.007" />
  <testcase classname="ptolemy.util.test.junit.AutoTests" name="[90] /home/travis/build/icyphy/ptII/ptolemy/domains/de/test/auto/transferInputsandOutputs.xml (RunModel)" time="0.011" />
  <testcase classname="ptolemy.util.test.junit.AutoTests" name="[91] /home/travis/build/icyphy/ptII/ptolemy/domains/de/test/auto/triggerType.xml (RunModel)" time="0.006" />
  <system-out><![CDATA[/home/travis/build/icyphy/ptII/ptolemy/domains/de/test/DependencyLoop.tcl
testDefs.tcl: setting time out to 9000 seconds at Mon May 13 04:17:55 UTC 2019
17 ms. Memory: 116224K Free: 97399K (84%)
27 ms. Memory: 146944K Free: 141505K (96%)
/home/travis/build/icyphy/ptII/ptolemy/domains/de/test/RunDETestsAsQSS.tcl
Run the DE tests using ptolemy.domains.qss.test.QSSDirectorTest, which extends QSSDirector and prints a message in the constructors.
------------------ testing $PTII/ptolemy/domains/de/test/auto/knownFailedTests/dependencyLoop.xml (Known Failure) 
9 ms. Memory: 146944K Free: 137255K (93%)


==== $PTIIhome/travis/build/icyphy/ptII/ptolemy/domains/de/test/../../../../: Auto Automatic test in file $PTII/ptolemy/domains/de/test/auto/knownFailedTests/dependencyLoop.xml
==== Contents of test case:

	    # FIXME: we should use $relativeFilename here, but it
	    # might have backslashes under Windows, which causes no end
	    # of trouble.
	    createAndExecute $file
	    list {}
	
.... Test generated KNOWN error:
    while executing
ptolemy.kernel.util.IllegalActionException: Found a zero delay loop containing .dependencyLoop.original
  in .dependencyLoop and .dependencyLoop.original
	at ptolemy.actor.util.CausalityInterfaceForComposites._computeOutputPortDepth(CausalityInterfaceForComposites.java:759)
	at ptolemy.actor.util.CausalityInterfaceForComposites._computeInputDepth(CausalityInterfaceForComposites.java:696)
	at ptolemy.actor.util.CausalityInterfaceForComposites._computeOutputPortDepth(CausalityInterfaceForComposites.java:765)
	at ptolemy.actor.util.CausalityInterfaceForComposites._computeInputDepth(CausalityInterfaceForComposites.java:696)
	at ptolemy.actor.util.CausalityInterfaceForComposites._computeOutputPortDepth(CausalityInterfaceForComposites.java:765)
	at ptolemy.actor.util.CausalityInterfaceForComposites._computeInputDepth(CausalityInterfaceForComposites.java:696)
	at ptolemy.actor.util.CausalityInterfaceForComposites._computeActorDepth(CausalityInterfaceForComposites.java:532)
	at ptolemy.actor.util.CausalityInterfaceForComposites.checkForCycles(CausalityInterfaceForComposites.java:96)
	at ptolemy.domains.de.kernel.DEDirector.preinitialize(DEDirector.java:1338)
	at ptolemy.actor.CompositeActor.preinitialize(CompositeActor.java:1828)
	at ptolemy.actor.Manager.preinitializeAndResolveTypes(Manager.java:1040)
	at ptolemy.actor.Manager.initialize(Manager.java:710)
	at ptolemy.actor.Manager.execute(Manager.java:356)
	at ptolemy.actor.Manager.run(Manager.java:1263)
	at ptolemy.actor.Manager$PtolemyRunThread.run(Manager.java:1915)

    while executing
ptolemy.kernel.util.IllegalActionException: Found a zero delay loop containing .dependencyLoop.original
  in .dependencyLoop and .dependencyLoop.original
    while executing
"java::new ptolemy.moml.MoMLSimpleApplication $file
"
    (procedure "createAndExecute" line 2)
    invoked from within
"createAndExecute $file"
    ("uplevel" body line 5)
    invoked from within
"uplevel $contents_of_test"
------------------ testing $PTII/ptolemy/domains/de/test/auto/knownFailedTests/DESDFClockTest.xml (Known Failure) 
2065 ms. Memory: 146944K Free: 121652K (83%)


==== $PTIIhome/travis/build/icyphy/ptII/ptolemy/domains/de/test/../../../../: Auto Automatic test in file $PTII/ptolemy/domains/de/test/auto/knownFailedTests/DESDFClockTest.xml
==== Contents of test case:

	    # FIXME: we should use $relativeFilename here, but it
	    # might have backslashes under Windows, which causes no end
	    # of trouble.
	    createAndExecute $file
	    list {}
	
.... Test generated KNOWN error:
    while executing
ptolemy.kernel.util.IllegalActionException: Actor is not ready to fire.  Perhaps UpSample.prefire() returned false? Try debugging the actor by selecting "Listen to Actor".  Also, for SDF check moml for tokenConsumptionRate on input.
  in .DESDFClockTest.Play Bell.Copy1:SDF Director and .DESDFClockTest.Play Bell.UpSample
	at ptolemy.actor.sched.StaticSchedulingDirector.fire(StaticSchedulingDirector.java:227)
	at ptolemy.domains.sdf.kernel.SDFDirector.fire(SDFDirector.java:500)
	at ptolemy.actor.CompositeActor.fire(CompositeActor.java:455)
	at ptolemy.domains.de.kernel.DEDirector._fire(DEDirector.java:1949)
	at ptolemy.domains.de.kernel.DEDirector.fire(DEDirector.java:502)
	at ptolemy.actor.CompositeActor.fire(CompositeActor.java:455)
	at ptolemy.actor.Manager.iterate(Manager.java:851)
	at ptolemy.actor.Manager.execute(Manager.java:369)
	at ptolemy.actor.Manager.run(Manager.java:1263)
	at ptolemy.actor.Manager$PtolemyRunThread.run(Manager.java:1915)

    while executing
ptolemy.kernel.util.IllegalActionException: Actor is not ready to fire.  Perhaps UpSample.prefire() returned false? Try debugging the actor by selecting "Listen to Actor".  Also, for SDF check moml for tokenConsumptionRate on input.
  in .DESDFClockTest.Play Bell.Copy1:SDF Director and .DESDFClockTest.Play Bell.UpSample
    while executing
"java::new ptolemy.moml.MoMLSimpleApplication $file
"
    (procedure "createAndExecute" line 2)
    invoked from within
"createAndExecute $file"
    ("uplevel" body line 5)
    invoked from within
"uplevel $contents_of_test"
------------------ testing $PTII/ptolemy/domains/de/test/auto/knownFailedTests/FSMSource.xml (Known Failure) 
22 ms. Memory: 146944K Free: 112763K (77%)
!!!! Auto was marked as failing, but now passes
------------------ testing $PTII/ptolemy/domains/de/test/auto/knownFailedTests/dependencyLoop2.xml (Known Failure) 
7 ms. Memory: 146944K Free: 110880K (75%)


==== $PTIIhome/travis/build/icyphy/ptII/ptolemy/domains/de/test/../../../../: Auto Automatic test in file $PTII/ptolemy/domains/de/test/auto/knownFailedTests/dependencyLoop2.xml
==== Contents of test case:

	    # FIXME: we should use $relativeFilename here, but it
	    # might have backslashes under Windows, which causes no end
	    # of trouble.
	    createAndExecute $file
	    list {}
	
.... Test generated KNOWN error:
    while executing
ptolemy.kernel.util.IllegalActionException: Found a zero delay loop containing .dependencyLoop2.original
  in .dependencyLoop2 and .dependencyLoop2.original
	at ptolemy.actor.util.CausalityInterfaceForComposites._computeOutputPortDepth(CausalityInterfaceForComposites.java:759)
	at ptolemy.actor.util.CausalityInterfaceForComposites._computeInputDepth(CausalityInterfaceForComposites.java:696)
	at ptolemy.actor.util.CausalityInterfaceForComposites._computeOutputPortDepth(CausalityInterfaceForComposites.java:765)
	at ptolemy.actor.util.CausalityInterfaceForComposites._computeInputDepth(CausalityInterfaceForComposites.java:696)
	at ptolemy.actor.util.CausalityInterfaceForComposites._computeOutputPortDepth(CausalityInterfaceForComposites.java:765)
	at ptolemy.actor.util.CausalityInterfaceForComposites._computeInputDepth(CausalityInterfaceForComposites.java:696)
	at ptolemy.actor.util.CausalityInterfaceForComposites._computeActorDepth(CausalityInterfaceForComposites.java:532)
	at ptolemy.actor.util.CausalityInterfaceForComposites.checkForCycles(CausalityInterfaceForComposites.java:96)
	at ptolemy.domains.de.kernel.DEDirector.preinitialize(DEDirector.java:1338)
	at ptolemy.actor.CompositeActor.preinitialize(CompositeActor.java:1828)
	at ptolemy.actor.Manager.preinitializeAndResolveTypes(Manager.java:1040)
	at ptolemy.actor.Manager.initialize(Manager.java:710)
	at ptolemy.actor.Manager.execute(Manager.java:356)
	at ptolemy.actor.Manager.run(Manager.java:1263)
	at ptolemy.actor.Manager$PtolemyRunThread.run(Manager.java:1915)

    while executing
ptolemy.kernel.util.IllegalActionException: Found a zero delay loop containing .dependencyLoop2.original
  in .dependencyLoop2 and .dependencyLoop2.original
    while executing
"java::new ptolemy.moml.MoMLSimpleApplication $file
"
    (procedure "createAndExecute" line 2)
    invoked from within
"createAndExecute $file"
    ("uplevel" body line 5)
    invoked from within
"uplevel $contents_of_test"
------------------ testing $PTII/ptolemy/domains/de/test/auto/knownFailedTests/HierarchicalModel.xml (Known Failure) 
5 ms. Memory: 146944K Free: 90564K (62%)


==== $PTIIhome/travis/build/icyphy/ptII/ptolemy/domains/de/test/../../../../: Auto Automatic test in file $PTII/ptolemy/domains/de/test/auto/knownFailedTests/HierarchicalModel.xml
==== Contents of test case:

	    # FIXME: we should use $relativeFilename here, but it
	    # might have backslashes under Windows, which causes no end
	    # of trouble.
	    createAndExecute $file
	    list {}
	
.... Test generated KNOWN error:
    while executing
ptolemy.kernel.util.IllegalActionException: Found a zero delay loop containing .HierarchicalModel.A
  in .HierarchicalModel and .HierarchicalModel.A
	at ptolemy.actor.util.CausalityInterfaceForComposites._computeOutputPortDepth(CausalityInterfaceForComposites.java:759)
	at ptolemy.actor.util.CausalityInterfaceForComposites._computeInputDepth(CausalityInterfaceForComposites.java:696)
	at ptolemy.actor.util.CausalityInterfaceForComposites._computeOutputPortDepth(CausalityInterfaceForComposites.java:765)
	at ptolemy.actor.util.CausalityInterfaceForComposites._computeInputDepth(CausalityInterfaceForComposites.java:696)
	at ptolemy.actor.util.CausalityInterfaceForComposites._computeOutputPortDepth(CausalityInterfaceForComposites.java:765)
	at ptolemy.actor.util.CausalityInterfaceForComposites._computeInputDepth(CausalityInterfaceForComposites.java:696)
	at ptolemy.actor.util.CausalityInterfaceForComposites._computeActorDepth(CausalityInterfaceForComposites.java:532)
	at ptolemy.actor.util.CausalityInterfaceForComposites.checkForCycles(CausalityInterfaceForComposites.java:96)
	at ptolemy.domains.de.kernel.DEDirector.preinitialize(DEDirector.java:1338)
	at ptolemy.actor.CompositeActor.preinitialize(CompositeActor.java:1828)
	at ptolemy.actor.Manager.preinitializeAndResolveTypes(Manager.java:1040)
	at ptolemy.actor.Manager.initialize(Manager.java:710)
	at ptolemy.actor.Manager.execute(Manager.java:356)
	at ptolemy.actor.Manager.run(Manager.java:1263)
	at ptolemy.actor.Manager$PtolemyRunThread.run(Manager.java:1915)

    while executing
ptolemy.kernel.util.IllegalActionException: Found a zero delay loop containing .HierarchicalModel.A
  in .HierarchicalModel and .HierarchicalModel.A
    while executing
"java::new ptolemy.moml.MoMLSimpleApplication $file
"
    (procedure "createAndExecute" line 2)
    invoked from within
"createAndExecute $file"
    ("uplevel" body line 5)
    invoked from within
"uplevel $contents_of_test"
------------------ testing $PTII/ptolemy/domains/de/test/auto/knownFailedTests/DirectFeedback.xml (Known Failure) 
9 ms. Memory: 146944K Free: 86445K (59%)


==== $PTIIhome/travis/build/icyphy/ptII/ptolemy/domains/de/test/../../../../: Auto Automatic test in file $PTII/ptolemy/domains/de/test/auto/knownFailedTests/DirectFeedback.xml
==== Contents of test case:

	    # FIXME: we should use $relativeFilename here, but it
	    # might have backslashes under Windows, which causes no end
	    # of trouble.
	    createAndExecute $file
	    list {}
	
.... Test generated KNOWN error:
    while executing
ptolemy.kernel.util.IllegalActionException: Test fails in iteration 1.
Value was: 1.0. Should have been: 2.0
  in .DirectFeedback.Test
	at ptolemy.actor.lib.Test.fire(Test.java:268)
	at ptolemy.domains.de.kernel.DEDirector._fire(DEDirector.java:1949)
	at ptolemy.domains.de.kernel.DEDirector.fire(DEDirector.java:502)
	at ptolemy.actor.CompositeActor.fire(CompositeActor.java:455)
	at ptolemy.actor.Manager.iterate(Manager.java:851)
	at ptolemy.actor.Manager.execute(Manager.java:369)
	at ptolemy.actor.Manager.run(Manager.java:1263)
	at ptolemy.actor.Manager$PtolemyRunThread.run(Manager.java:1915)

    while executing
ptolemy.kernel.util.IllegalActionException: Test fails in iteration 1.
Value was: 1.0. Should have been: 2.0
  in .DirectFeedback.Test
    while executing
"java::new ptolemy.moml.MoMLSimpleApplication $file
"
    (procedure "createAndExecute" line 2)
    invoked from within
"createAndExecute $file"
    ("uplevel" body line 5)
    invoked from within
"uplevel $contents_of_test"
------------------ testing $PTII/ptolemy/domains/de/test/auto/ActorDepthCalculation_actorWithoutPorts.xml
auto.tcl: Setting watchdog for 200 seconds at Mon May 13 04:17:58 UTC 2019
4 ms. Memory: 146944K Free: 139947K (95%)
ptolemy.util.test.WatchDog.cancel(): canceling Mon May 13 04:17:58 UTC 2019
auto.tcl: Setting watchdog for 200 seconds at Mon May 13 04:17:58 UTC 2019
5 ms. Memory: 146944K Free: 138652K (94%)
ptolemy.util.test.WatchDog.cancel(): canceling Mon May 13 04:17:58 UTC 2019
------------------ testing $PTII/ptolemy/domains/de/test/auto/AssemblyLine.xml
auto.tcl: Setting watchdog for 200 seconds at Mon May 13 04:17:59 UTC 2019
24 ms. Memory: 208384K Free: 183790K (88%)
ptolemy.util.test.WatchDog.cancel(): canceling Mon May 13 04:17:59 UTC 2019
auto.tcl: Setting watchdog for 200 seconds at Mon May 13 04:17:59 UTC 2019
7 ms. Memory: 208384K Free: 183790K (88%)
ptolemy.util.test.WatchDog.cancel(): canceling Mon May 13 04:17:59 UTC 2019
------------------ testing $PTII/ptolemy/domains/de/test/auto/CQBug1.xml
auto.tcl: Setting watchdog for 200 seconds at Mon May 13 04:17:59 UTC 2019
3 ms. Memory: 208384K Free: 197843K (95%)
ptolemy.util.test.WatchDog.cancel(): canceling Mon May 13 04:17:59 UTC 2019
auto.tcl: Setting watchdog for 200 seconds at Mon May 13 04:17:59 UTC 2019
2 ms. Memory: 208384K Free: 197843K (95%)
ptolemy.util.test.WatchDog.cancel(): canceling Mon May 13 04:17:59 UTC 2019
------------------ testing $PTII/ptolemy/domains/de/test/auto/CancelFireAt.xml
auto.tcl: Setting watchdog for 200 seconds at Mon May 13 04:17:59 UTC 2019
4 ms. Memory: 208384K Free: 201126K (97%)
ptolemy.util.test.WatchDog.cancel(): canceling Mon May 13 04:17:59 UTC 2019
auto.tcl: Setting watchdog for 200 seconds at Mon May 13 04:17:59 UTC 2019
6 ms. Memory: 208384K Free: 199054K (96%)
ptolemy.util.test.WatchDog.cancel(): canceling Mon May 13 04:17:59 UTC 2019
------------------ testing $PTII/ptolemy/domains/de/test/auto/CausalityAndComposabilityAnalysis.xml
auto.tcl: Setting watchdog for 200 seconds at Mon May 13 04:17:59 UTC 2019
7 ms. Memory: 208384K Free: 199061K (96%)
ptolemy.util.test.WatchDog.cancel(): canceling Mon May 13 04:17:59 UTC 2019
auto.tcl: Setting watchdog for 200 seconds at Mon May 13 04:17:59 UTC 2019
8 ms. Memory: 208384K Free: 196470K (94%)
ptolemy.util.test.WatchDog.cancel(): canceling Mon May 13 04:17:59 UTC 2019
------------------ testing $PTII/ptolemy/domains/de/test/auto/CausalityInterface1.xml
auto.tcl: Setting watchdog for 200 seconds at Mon May 13 04:17:59 UTC 2019
19 ms. Memory: 208384K Free: 198480K (95%)
ptolemy.util.test.WatchDog.cancel(): canceling Mon May 13 04:17:59 UTC 2019
auto.tcl: Setting watchdog for 200 seconds at Mon May 13 04:17:59 UTC 2019
4 ms. Memory: 208384K Free: 196407K (94%)
ptolemy.util.test.WatchDog.cancel(): canceling Mon May 13 04:17:59 UTC 2019
------------------ testing $PTII/ptolemy/domains/de/test/auto/CausalityInterface15.xml
auto.tcl: Setting watchdog for 200 seconds at Mon May 13 04:17:59 UTC 2019
4 ms. Memory: 208384K Free: 196399K (94%)
ptolemy.util.test.WatchDog.cancel(): canceling Mon May 13 04:17:59 UTC 2019
auto.tcl: Setting watchdog for 200 seconds at Mon May 13 04:17:59 UTC 2019
8 ms. Memory: 208384K Free: 196399K (94%)
ptolemy.util.test.WatchDog.cancel(): canceling Mon May 13 04:17:59 UTC 2019
------------------ testing $PTII/ptolemy/domains/de/test/auto/CausalityInterface2.xml
auto.tcl: Setting watchdog for 200 seconds at Mon May 13 04:17:59 UTC 2019
3 ms. Memory: 208384K Free: 196382K (94%)
ptolemy.util.test.WatchDog.cancel(): canceling Mon May 13 04:17:59 UTC 2019
auto.tcl: Setting watchdog for 200 seconds at Mon May 13 04:17:59 UTC 2019
7 ms. Memory: 208384K Free: 196382K (94%)
ptolemy.util.test.WatchDog.cancel(): canceling Mon May 13 04:17:59 UTC 2019
------------------ testing $PTII/ptolemy/domains/de/test/auto/CausalityInterface3.xml
auto.tcl: Setting watchdog for 200 seconds at Mon May 13 04:17:59 UTC 2019
3 ms. Memory: 208384K Free: 196395K (94%)
ptolemy.util.test.WatchDog.cancel(): canceling Mon May 13 04:17:59 UTC 2019
auto.tcl: Setting watchdog for 200 seconds at Mon May 13 04:17:59 UTC 2019
7 ms. Memory: 208384K Free: 196395K (94%)
ptolemy.util.test.WatchDog.cancel(): canceling Mon May 13 04:17:59 UTC 2019
------------------ testing $PTII/ptolemy/domains/de/test/auto/ClockDrift.xml
auto.tcl: Setting watchdog for 200 seconds at Mon May 13 04:18:00 UTC 2019
75 ms. Memory: 208384K Free: 187710K (90%)
ptolemy.util.test.WatchDog.cancel(): canceling Mon May 13 04:18:00 UTC 2019
auto.tcl: Setting watchdog for 200 seconds at Mon May 13 04:18:00 UTC 2019
37 ms. Memory: 208384K Free: 185638K (89%)
ptolemy.util.test.WatchDog.cancel(): canceling Mon May 13 04:18:00 UTC 2019
------------------ testing $PTII/ptolemy/domains/de/test/auto/ClockDriftAndValueChange.xml
auto.tcl: Setting watchdog for 200 seconds at Mon May 13 04:18:00 UTC 2019
56 ms. Memory: 208384K Free: 189617K (91%)
ptolemy.util.test.WatchDog.cancel(): canceling Mon May 13 04:18:00 UTC 2019
auto.tcl: Setting watchdog for 200 seconds at Mon May 13 04:18:00 UTC 2019
36 ms. Memory: 208384K Free: 185474K (89%)
ptolemy.util.test.WatchDog.cancel(): canceling Mon May 13 04:18:00 UTC 2019
------------------ testing $PTII/ptolemy/domains/de/test/auto/ClockDriftChange.xml
auto.tcl: Setting watchdog for 200 seconds at Mon May 13 04:18:00 UTC 2019
36 ms. Memory: 208384K Free: 190841K (92%)
ptolemy.util.test.WatchDog.cancel(): canceling Mon May 13 04:18:00 UTC 2019
auto.tcl: Setting watchdog for 200 seconds at Mon May 13 04:18:00 UTC 2019
26 ms. Memory: 208384K Free: 188769K (91%)
ptolemy.util.test.WatchDog.cancel(): canceling Mon May 13 04:18:00 UTC 2019
------------------ testing $PTII/ptolemy/domains/de/test/auto/ComposableCausalityAnalysis.xml
auto.tcl: Setting watchdog for 200 seconds at Mon May 13 04:18:00 UTC 2019
2 ms. Memory: 208384K Free: 196250K (94%)
ptolemy.util.test.WatchDog.cancel(): canceling Mon May 13 04:18:00 UTC 2019
auto.tcl: Setting watchdog for 200 seconds at Mon May 13 04:18:00 UTC 2019
2 ms. Memory: 208384K Free: 196250K (94%)
ptolemy.util.test.WatchDog.cancel(): canceling Mon May 13 04:18:00 UTC 2019
------------------ testing $PTII/ptolemy/domains/de/test/auto/DEFixedPointLimitation.xml
auto.tcl: Setting watchdog for 200 seconds at Mon May 13 04:18:00 UTC 2019
3 ms. Memory: 208384K Free: 198402K (95%)
ptolemy.util.test.WatchDog.cancel(): canceling Mon May 13 04:18:00 UTC 2019
auto.tcl: Setting watchdog for 200 seconds at Mon May 13 04:18:00 UTC 2019
1 ms. Memory: 208384K Free: 196330K (94%)
ptolemy.util.test.WatchDog.cancel(): canceling Mon May 13 04:18:00 UTC 2019
------------------ testing $PTII/ptolemy/domains/de/test/auto/DEScheduleTest.xml
auto.tcl: Setting watchdog for 200 seconds at Mon May 13 04:18:00 UTC 2019
8 ms. Memory: 208384K Free: 198437K (95%)
ptolemy.util.test.WatchDog.cancel(): canceling Mon May 13 04:18:00 UTC 2019
auto.tcl: Setting watchdog for 200 seconds at Mon May 13 04:18:00 UTC 2019
6 ms. Memory: 208384K Free: 196365K (94%)
ptolemy.util.test.WatchDog.cancel(): canceling Mon May 13 04:18:00 UTC 2019
------------------ testing $PTII/ptolemy/domains/de/test/auto/DEinDEwithStartTimes.xml
auto.tcl: Setting watchdog for 200 seconds at Mon May 13 04:18:00 UTC 2019
4 ms. Memory: 208384K Free: 196335K (94%)
ptolemy.util.test.WatchDog.cancel(): canceling Mon May 13 04:18:00 UTC 2019
auto.tcl: Setting watchdog for 200 seconds at Mon May 13 04:18:00 UTC 2019
8 ms. Memory: 208384K Free: 196335K (94%)
ptolemy.util.test.WatchDog.cancel(): canceling Mon May 13 04:18:00 UTC 2019
------------------ testing $PTII/ptolemy/domains/de/test/auto/DEinDEwithStartTimes2.xml
auto.tcl: Setting watchdog for 200 seconds at Mon May 13 04:18:00 UTC 2019
7 ms. Memory: 208384K Free: 196314K (94%)
ptolemy.util.test.WatchDog.cancel(): canceling Mon May 13 04:18:01 UTC 2019
auto.tcl: Setting watchdog for 200 seconds at Mon May 13 04:18:01 UTC 2019
4 ms. Memory: 208384K Free: 194242K (93%)
ptolemy.util.test.WatchDog.cancel(): canceling Mon May 13 04:18:01 UTC 2019
------------------ testing $PTII/ptolemy/domains/de/test/auto/DateDemo.xml
auto.tcl: Setting watchdog for 200 seconds at Mon May 13 04:18:01 UTC 2019
17 ms. Memory: 208384K Free: 188840K (91%)
ptolemy.util.test.WatchDog.cancel(): canceling Mon May 13 04:18:01 UTC 2019
auto.tcl: Setting watchdog for 200 seconds at Mon May 13 04:18:01 UTC 2019
13 ms. Memory: 208384K Free: 186768K (90%)
ptolemy.util.test.WatchDog.cancel(): canceling Mon May 13 04:18:01 UTC 2019
------------------ testing $PTII/ptolemy/domains/de/test/auto/DateToEvent.xml
auto.tcl: Setting watchdog for 200 seconds at Mon May 13 04:18:01 UTC 2019
2009 ms. Memory: 208384K Free: 183650K (88%)
ptolemy.util.test.WatchDog.cancel(): canceling Mon May 13 04:18:03 UTC 2019
auto.tcl: Setting watchdog for 200 seconds at Mon May 13 04:18:03 UTC 2019
2004 ms. Memory: 208384K Free: 183650K (88%)
ptolemy.util.test.WatchDog.cancel(): canceling Mon May 13 04:18:05 UTC 2019
------------------ testing $PTII/ptolemy/domains/de/test/auto/DepthTest1.xml
auto.tcl: Setting watchdog for 200 seconds at Mon May 13 04:18:05 UTC 2019
2 ms. Memory: 208384K Free: 197638K (95%)
ptolemy.util.test.WatchDog.cancel(): canceling Mon May 13 04:18:05 UTC 2019
auto.tcl: Setting watchdog for 200 seconds at Mon May 13 04:18:05 UTC 2019
6 ms. Memory: 208384K Free: 197638K (95%)
ptolemy.util.test.WatchDog.cancel(): canceling Mon May 13 04:18:05 UTC 2019
------------------ testing $PTII/ptolemy/domains/de/test/auto/DepthTest2.xml
auto.tcl: Setting watchdog for 200 seconds at Mon May 13 04:18:05 UTC 2019
7 ms. Memory: 208384K Free: 193926K (93%)
ptolemy.util.test.WatchDog.cancel(): canceling Mon May 13 04:18:05 UTC 2019
auto.tcl: Setting watchdog for 200 seconds at Mon May 13 04:18:05 UTC 2019
5 ms. Memory: 208384K Free: 193926K (93%)
ptolemy.util.test.WatchDog.cancel(): canceling Mon May 13 04:18:05 UTC 2019
------------------ testing $PTII/ptolemy/domains/de/test/auto/DepthTest3.xml
auto.tcl: Setting watchdog for 200 seconds at Mon May 13 04:18:05 UTC 2019
4 ms. Memory: 208384K Free: 198491K (95%)
ptolemy.util.test.WatchDog.cancel(): canceling Mon May 13 04:18:05 UTC 2019
auto.tcl: Setting watchdog for 200 seconds at Mon May 13 04:18:05 UTC 2019
2 ms. Memory: 208384K Free: 198491K (95%)
ptolemy.util.test.WatchDog.cancel(): canceling Mon May 13 04:18:05 UTC 2019
------------------ testing $PTII/ptolemy/domains/de/test/auto/DepthTest4.xml
auto.tcl: Setting watchdog for 200 seconds at Mon May 13 04:18:05 UTC 2019
3 ms. Memory: 208384K Free: 195988K (94%)
ptolemy.util.test.WatchDog.cancel(): canceling Mon May 13 04:18:05 UTC 2019
auto.tcl: Setting watchdog for 200 seconds at Mon May 13 04:18:05 UTC 2019
2 ms. Memory: 208384K Free: 195988K (94%)
ptolemy.util.test.WatchDog.cancel(): canceling Mon May 13 04:18:05 UTC 2019
------------------ testing $PTII/ptolemy/domains/de/test/auto/DepthTest5.xml
auto.tcl: Setting watchdog for 200 seconds at Mon May 13 04:18:05 UTC 2019
3 ms. Memory: 208384K Free: 195935K (94%)
ptolemy.util.test.WatchDog.cancel(): canceling Mon May 13 04:18:05 UTC 2019
auto.tcl: Setting watchdog for 200 seconds at Mon May 13 04:18:05 UTC 2019
2 ms. Memory: 208384K Free: 195935K (94%)
ptolemy.util.test.WatchDog.cancel(): canceling Mon May 13 04:18:05 UTC 2019
------------------ testing $PTII/ptolemy/domains/de/test/auto/DepthTest6.xml
auto.tcl: Setting watchdog for 200 seconds at Mon May 13 04:18:05 UTC 2019
9 ms. Memory: 208384K Free: 196429K (94%)
ptolemy.util.test.WatchDog.cancel(): canceling Mon May 13 04:18:05 UTC 2019
auto.tcl: Setting watchdog for 200 seconds at Mon May 13 04:18:05 UTC 2019
3 ms. Memory: 208384K Free: 196429K (94%)
ptolemy.util.test.WatchDog.cancel(): canceling Mon May 13 04:18:05 UTC 2019
------------------ testing $PTII/ptolemy/domains/de/test/auto/DepthTest7.xml
auto.tcl: Setting watchdog for 200 seconds at Mon May 13 04:18:05 UTC 2019
8 ms. Memory: 208384K Free: 195892K (94%)
ptolemy.util.test.WatchDog.cancel(): canceling Mon May 13 04:18:05 UTC 2019
auto.tcl: Setting watchdog for 200 seconds at Mon May 13 04:18:05 UTC 2019
2 ms. Memory: 208384K Free: 195892K (94%)
ptolemy.util.test.WatchDog.cancel(): canceling Mon May 13 04:18:05 UTC 2019
------------------ testing $PTII/ptolemy/domains/de/test/auto/EventToDate.xml
auto.tcl: Setting watchdog for 200 seconds at Mon May 13 04:18:05 UTC 2019
3010 ms. Memory: 208384K Free: 187595K (90%)
ptolemy.util.test.WatchDog.cancel(): canceling Mon May 13 04:18:08 UTC 2019
auto.tcl: Setting watchdog for 200 seconds at Mon May 13 04:18:08 UTC 2019
3005 ms. Memory: 208384K Free: 185523K (89%)
ptolemy.util.test.WatchDog.cancel(): canceling Mon May 13 04:18:11 UTC 2019
------------------ testing $PTII/ptolemy/domains/de/test/auto/FSM1.xml
auto.tcl: Setting watchdog for 200 seconds at Mon May 13 04:18:11 UTC 2019
40 ms. Memory: 208384K Free: 186544K (90%)
ptolemy.util.test.WatchDog.cancel(): canceling Mon May 13 04:18:12 UTC 2019
auto.tcl: Setting watchdog for 200 seconds at Mon May 13 04:18:12 UTC 2019
22 ms. Memory: 208384K Free: 182400K (88%)
ptolemy.util.test.WatchDog.cancel(): canceling Mon May 13 04:18:12 UTC 2019
------------------ testing $PTII/ptolemy/domains/de/test/auto/FSM7.xml
auto.tcl: Setting watchdog for 200 seconds at Mon May 13 04:18:12 UTC 2019
15 ms. Memory: 208384K Free: 189204K (91%)
ptolemy.util.test.WatchDog.cancel(): canceling Mon May 13 04:18:12 UTC 2019
auto.tcl: Setting watchdog for 200 seconds at Mon May 13 04:18:12 UTC 2019
18 ms. Memory: 208384K Free: 185061K (89%)
ptolemy.util.test.WatchDog.cancel(): canceling Mon May 13 04:18:12 UTC 2019
------------------ testing $PTII/ptolemy/domains/de/test/auto/Inspection.xml
auto.tcl: Setting watchdog for 200 seconds at Mon May 13 04:18:12 UTC 2019
35 ms. Memory: 208384K Free: 188332K (90%)
ptolemy.util.test.WatchDog.cancel(): canceling Mon May 13 04:18:12 UTC 2019
auto.tcl: Setting watchdog for 200 seconds at Mon May 13 04:18:12 UTC 2019
25 ms. Memory: 208384K Free: 186260K (89%)
ptolemy.util.test.WatchDog.cancel(): canceling Mon May 13 04:18:12 UTC 2019
------------------ testing $PTII/ptolemy/domains/de/test/auto/Iteration.xml
auto.tcl: Setting watchdog for 200 seconds at Mon May 13 04:18:12 UTC 2019
8 ms. Memory: 208384K Free: 196220K (94%)
ptolemy.util.test.WatchDog.cancel(): canceling Mon May 13 04:18:12 UTC 2019
auto.tcl: Setting watchdog for 200 seconds at Mon May 13 04:18:12 UTC 2019
7 ms. Memory: 208384K Free: 193629K (93%)
ptolemy.util.test.WatchDog.cancel(): canceling Mon May 13 04:18:12 UTC 2019
------------------ testing $PTII/ptolemy/domains/de/test/auto/LineFault.xml
auto.tcl: Setting watchdog for 200 seconds at Mon May 13 04:18:12 UTC 2019
529 ms. Memory: 208384K Free: 197971K (95%)
ptolemy.util.test.WatchDog.cancel(): canceling Mon May 13 04:18:13 UTC 2019
auto.tcl: Setting watchdog for 200 seconds at Mon May 13 04:18:13 UTC 2019
507 ms. Memory: 208384K Free: 141851K (68%)
ptolemy.util.test.WatchDog.cancel(): canceling Mon May 13 04:18:13 UTC 2019
------------------ testing $PTII/ptolemy/domains/de/test/auto/MergeModel1Add.xml
auto.tcl: Setting watchdog for 200 seconds at Mon May 13 04:18:13 UTC 2019
19 ms. Memory: 331264K Free: 302539K (91%)
ptolemy.util.test.WatchDog.cancel(): canceling Mon May 13 04:18:14 UTC 2019
auto.tcl: Setting watchdog for 200 seconds at Mon May 13 04:18:14 UTC 2019
9 ms. Memory: 331264K Free: 298618K (90%)
ptolemy.util.test.WatchDog.cancel(): canceling Mon May 13 04:18:14 UTC 2019
------------------ testing $PTII/ptolemy/domains/de/test/auto/MergeModel2Add.xml
auto.tcl: Setting watchdog for 200 seconds at Mon May 13 04:18:14 UTC 2019
12 ms. Memory: 331264K Free: 303878K (92%)
ptolemy.util.test.WatchDog.cancel(): canceling Mon May 13 04:18:14 UTC 2019
auto.tcl: Setting watchdog for 200 seconds at Mon May 13 04:18:14 UTC 2019
9 ms. Memory: 331264K Free: 303878K (92%)
ptolemy.util.test.WatchDog.cancel(): canceling Mon May 13 04:18:14 UTC 2019
------------------ testing $PTII/ptolemy/domains/de/test/auto/MergeModel3Add.xml
auto.tcl: Setting watchdog for 200 seconds at Mon May 13 04:18:14 UTC 2019
9 ms. Memory: 331264K Free: 303888K (92%)
ptolemy.util.test.WatchDog.cancel(): canceling Mon May 13 04:18:14 UTC 2019
auto.tcl: Setting watchdog for 200 seconds at Mon May 13 04:18:14 UTC 2019
6 ms. Memory: 331264K Free: 303888K (92%)
ptolemy.util.test.WatchDog.cancel(): canceling Mon May 13 04:18:14 UTC 2019
------------------ testing $PTII/ptolemy/domains/de/test/auto/MergeWithoutDiscard.xml
auto.tcl: Setting watchdog for 200 seconds at Mon May 13 04:18:14 UTC 2019
5 ms. Memory: 331264K Free: 319566K (96%)
ptolemy.util.test.WatchDog.cancel(): canceling Mon May 13 04:18:14 UTC 2019
auto.tcl: Setting watchdog for 200 seconds at Mon May 13 04:18:14 UTC 2019
1 ms. Memory: 331264K Free: 315646K (95%)
ptolemy.util.test.WatchDog.cancel(): canceling Mon May 13 04:18:14 UTC 2019
------------------ testing $PTII/ptolemy/domains/de/test/auto/Modal1.xml
auto.tcl: Setting watchdog for 200 seconds at Mon May 13 04:18:14 UTC 2019
22 ms. Memory: 331264K Free: 309581K (93%)
ptolemy.util.test.WatchDog.cancel(): canceling Mon May 13 04:18:14 UTC 2019
auto.tcl: Setting watchdog for 200 seconds at Mon May 13 04:18:14 UTC 2019
18 ms. Memory: 331264K Free: 305661K (92%)
ptolemy.util.test.WatchDog.cancel(): canceling Mon May 13 04:18:14 UTC 2019
------------------ testing $PTII/ptolemy/domains/de/test/auto/Modal2.xml
auto.tcl: Setting watchdog for 200 seconds at Mon May 13 04:18:14 UTC 2019
11 ms. Memory: 331264K Free: 309453K (93%)
ptolemy.util.test.WatchDog.cancel(): canceling Mon May 13 04:18:14 UTC 2019
auto.tcl: Setting watchdog for 200 seconds at Mon May 13 04:18:14 UTC 2019
13 ms. Memory: 331264K Free: 305533K (92%)
ptolemy.util.test.WatchDog.cancel(): canceling Mon May 13 04:18:14 UTC 2019
------------------ testing $PTII/ptolemy/domains/de/test/auto/Modal3.xml
auto.tcl: Setting watchdog for 200 seconds at Mon May 13 04:18:14 UTC 2019
14 ms. Memory: 331264K Free: 309242K (93%)
ptolemy.util.test.WatchDog.cancel(): canceling Mon May 13 04:18:14 UTC 2019
auto.tcl: Setting watchdog for 200 seconds at Mon May 13 04:18:14 UTC 2019
11 ms. Memory: 331264K Free: 305322K (92%)
ptolemy.util.test.WatchDog.cancel(): canceling Mon May 13 04:18:14 UTC 2019
------------------ testing $PTII/ptolemy/domains/de/test/auto/Modal4.xml
auto.tcl: Setting watchdog for 200 seconds at Mon May 13 04:18:14 UTC 2019
24 ms. Memory: 331264K Free: 309239K (93%)
ptolemy.util.test.WatchDog.cancel(): canceling Mon May 13 04:18:14 UTC 2019
auto.tcl: Setting watchdog for 200 seconds at Mon May 13 04:18:14 UTC 2019
17 ms. Memory: 331264K Free: 305319K (92%)
ptolemy.util.test.WatchDog.cancel(): canceling Mon May 13 04:18:14 UTC 2019
------------------ testing $PTII/ptolemy/domains/de/test/auto/Modal5.xml
auto.tcl: Setting watchdog for 200 seconds at Mon May 13 04:18:14 UTC 2019
15 ms. Memory: 331264K Free: 309226K (93%)
ptolemy.util.test.WatchDog.cancel(): canceling Mon May 13 04:18:14 UTC 2019
auto.tcl: Setting watchdog for 200 seconds at Mon May 13 04:18:14 UTC 2019
12 ms. Memory: 331264K Free: 305306K (92%)
ptolemy.util.test.WatchDog.cancel(): canceling Mon May 13 04:18:14 UTC 2019
------------------ testing $PTII/ptolemy/domains/de/test/auto/Modal6.xml
auto.tcl: Setting watchdog for 200 seconds at Mon May 13 04:18:14 UTC 2019
10 ms. Memory: 331264K Free: 309223K (93%)
ptolemy.util.test.WatchDog.cancel(): canceling Mon May 13 04:18:15 UTC 2019
auto.tcl: Setting watchdog for 200 seconds at Mon May 13 04:18:15 UTC 2019
12 ms. Memory: 331264K Free: 305303K (92%)
ptolemy.util.test.WatchDog.cancel(): canceling Mon May 13 04:18:15 UTC 2019
------------------ testing $PTII/ptolemy/domains/de/test/auto/Modal7.xml
auto.tcl: Setting watchdog for 200 seconds at Mon May 13 04:18:15 UTC 2019
9 ms. Memory: 331264K Free: 309224K (93%)
ptolemy.util.test.WatchDog.cancel(): canceling Mon May 13 04:18:15 UTC 2019
auto.tcl: Setting watchdog for 200 seconds at Mon May 13 04:18:15 UTC 2019
10 ms. Memory: 331264K Free: 305303K (92%)
ptolemy.util.test.WatchDog.cancel(): canceling Mon May 13 04:18:15 UTC 2019
------------------ testing $PTII/ptolemy/domains/de/test/auto/ModalModel.xml
auto.tcl: Setting watchdog for 200 seconds at Mon May 13 04:18:15 UTC 2019
157 ms. Memory: 331264K Free: 249741K (75%)
ptolemy.util.test.WatchDog.cancel(): canceling Mon May 13 04:18:15 UTC 2019
auto.tcl: Setting watchdog for 200 seconds at Mon May 13 04:18:15 UTC 2019
185 ms. Memory: 331264K Free: 186020K (56%)
ptolemy.util.test.WatchDog.cancel(): canceling Mon May 13 04:18:15 UTC 2019
------------------ testing $PTII/ptolemy/domains/de/test/auto/ModalSource.xml
auto.tcl: Setting watchdog for 200 seconds at Mon May 13 04:18:15 UTC 2019
6 ms. Memory: 331264K Free: 316091K (95%)
ptolemy.util.test.WatchDog.cancel(): canceling Mon May 13 04:18:15 UTC 2019
auto.tcl: Setting watchdog for 200 seconds at Mon May 13 04:18:15 UTC 2019
5 ms. Memory: 331264K Free: 312630K (94%)
ptolemy.util.test.WatchDog.cancel(): canceling Mon May 13 04:18:15 UTC 2019
------------------ testing $PTII/ptolemy/domains/de/test/auto/NonInterruptibleTimerZeroDelay.xml
auto.tcl: Setting watchdog for 200 seconds at Mon May 13 04:18:15 UTC 2019
4 ms. Memory: 331264K Free: 320490K (97%)
ptolemy.util.test.WatchDog.cancel(): canceling Mon May 13 04:18:15 UTC 2019
auto.tcl: Setting watchdog for 200 seconds at Mon May 13 04:18:15 UTC 2019
2 ms. Memory: 331264K Free: 317029K (96%)
ptolemy.util.test.WatchDog.cancel(): canceling Mon May 13 04:18:15 UTC 2019
------------------ testing $PTII/ptolemy/domains/de/test/auto/OpenQueueingNetwork.xml
auto.tcl: Setting watchdog for 200 seconds at Mon May 13 04:18:15 UTC 2019
2584 ms. Memory: 573952K Free: 404741K (71%)
ptolemy.util.test.WatchDog.cancel(): canceling Mon May 13 04:18:18 UTC 2019
auto.tcl: Setting watchdog for 200 seconds at Mon May 13 04:18:18 UTC 2019
2223 ms. Memory: 574464K Free: 339393K (59%)
ptolemy.util.test.WatchDog.cancel(): canceling Mon May 13 04:18:20 UTC 2019
------------------ testing $PTII/ptolemy/domains/de/test/auto/OpenQueuingNetwork.xml
auto.tcl: Setting watchdog for 200 seconds at Mon May 13 04:18:20 UTC 2019
228 ms. Memory: 1064960K Free: 945741K (89%)
ptolemy.util.test.WatchDog.cancel(): canceling Mon May 13 04:18:21 UTC 2019
auto.tcl: Setting watchdog for 200 seconds at Mon May 13 04:18:21 UTC 2019
211 ms. Memory: 1064960K Free: 890076K (84%)
ptolemy.util.test.WatchDog.cancel(): canceling Mon May 13 04:18:21 UTC 2019
------------------ testing $PTII/ptolemy/domains/de/test/auto/PeriodicSampler.xml
auto.tcl: Setting watchdog for 200 seconds at Mon May 13 04:18:21 UTC 2019
4 ms. Memory: 1065472K Free: 1039055K (98%)
ptolemy.util.test.WatchDog.cancel(): canceling Mon May 13 04:18:21 UTC 2019
auto.tcl: Setting watchdog for 200 seconds at Mon May 13 04:18:21 UTC 2019
2 ms. Memory: 1065472K Free: 1039055K (98%)
ptolemy.util.test.WatchDog.cancel(): canceling Mon May 13 04:18:21 UTC 2019
------------------ testing $PTII/ptolemy/domains/de/test/auto/PersistentIO.xml
auto.tcl: Setting watchdog for 200 seconds at Mon May 13 04:18:21 UTC 2019
5 ms. Memory: 1065472K Free: 1029824K (97%)
ptolemy.util.test.WatchDog.cancel(): canceling Mon May 13 04:18:21 UTC 2019
auto.tcl: Setting watchdog for 200 seconds at Mon May 13 04:18:21 UTC 2019
4 ms. Memory: 1065472K Free: 1029824K (97%)
ptolemy.util.test.WatchDog.cancel(): canceling Mon May 13 04:18:21 UTC 2019
------------------ testing $PTII/ptolemy/domains/de/test/auto/PortParameterResetOnInitialize.xml
auto.tcl: Setting watchdog for 200 seconds at Mon May 13 04:18:21 UTC 2019
2 ms. Memory: 1065472K Free: 1029685K (97%)
ptolemy.util.test.WatchDog.cancel(): canceling Mon May 13 04:18:21 UTC 2019
auto.tcl: Setting watchdog for 200 seconds at Mon May 13 04:18:21 UTC 2019
1 ms. Memory: 1065472K Free: 1029685K (97%)
ptolemy.util.test.WatchDog.cancel(): canceling Mon May 13 04:18:21 UTC 2019
------------------ testing $PTII/ptolemy/domains/de/test/auto/PortParameterUpdates.xml
auto.tcl: Setting watchdog for 200 seconds at Mon May 13 04:18:21 UTC 2019
3 ms. Memory: 1065472K Free: 1029818K (97%)
ptolemy.util.test.WatchDog.cancel(): canceling Mon May 13 04:18:21 UTC 2019
auto.tcl: Setting watchdog for 200 seconds at Mon May 13 04:18:21 UTC 2019
4 ms. Memory: 1065472K Free: 1029818K (97%)
ptolemy.util.test.WatchDog.cancel(): canceling Mon May 13 04:18:21 UTC 2019
------------------ testing $PTII/ptolemy/domains/de/test/auto/QueueAndServer.xml
auto.tcl: Setting watchdog for 200 seconds at Mon May 13 04:18:21 UTC 2019
21 ms. Memory: 1065472K Free: 1029041K (97%)
ptolemy.util.test.WatchDog.cancel(): canceling Mon May 13 04:18:21 UTC 2019
auto.tcl: Setting watchdog for 200 seconds at Mon May 13 04:18:21 UTC 2019
7 ms. Memory: 1065472K Free: 1029041K (97%)
ptolemy.util.test.WatchDog.cancel(): canceling Mon May 13 04:18:21 UTC 2019
------------------ testing $PTII/ptolemy/domains/de/test/auto/Records.xml
auto.tcl: Setting watchdog for 200 seconds at Mon May 13 04:18:21 UTC 2019
13 ms. Memory: 1065472K Free: 1028982K (97%)
ptolemy.util.test.WatchDog.cancel(): canceling Mon May 13 04:18:21 UTC 2019
auto.tcl: Setting watchdog for 200 seconds at Mon May 13 04:18:21 UTC 2019
2 ms. Memory: 1065472K Free: 1028982K (97%)
ptolemy.util.test.WatchDog.cancel(): canceling Mon May 13 04:18:21 UTC 2019
------------------ testing $PTII/ptolemy/domains/de/test/auto/ResetTransitionWithStartTime1.xml
auto.tcl: Setting watchdog for 200 seconds at Mon May 13 04:18:21 UTC 2019
14 ms. Memory: 1065472K Free: 1038827K (97%)
ptolemy.util.test.WatchDog.cancel(): canceling Mon May 13 04:18:21 UTC 2019
auto.tcl: Setting watchdog for 200 seconds at Mon May 13 04:18:21 UTC 2019
5 ms. Memory: 1065472K Free: 1038827K (97%)
ptolemy.util.test.WatchDog.cancel(): canceling Mon May 13 04:18:21 UTC 2019
------------------ testing $PTII/ptolemy/domains/de/test/auto/ResetTransitionWithStartTime2.xml
auto.tcl: Setting watchdog for 200 seconds at Mon May 13 04:18:21 UTC 2019
6 ms. Memory: 1064448K Free: 1038535K (98%)
ptolemy.util.test.WatchDog.cancel(): canceling Mon May 13 04:18:21 UTC 2019
auto.tcl: Setting watchdog for 200 seconds at Mon May 13 04:18:21 UTC 2019
5 ms. Memory: 1064448K Free: 1038535K (98%)
ptolemy.util.test.WatchDog.cancel(): canceling Mon May 13 04:18:21 UTC 2019
------------------ testing $PTII/ptolemy/domains/de/test/auto/ResetTransitionWithStartTime3.xml
auto.tcl: Setting watchdog for 200 seconds at Mon May 13 04:18:21 UTC 2019
8 ms. Memory: 1064960K Free: 1028485K (97%)
ptolemy.util.test.WatchDog.cancel(): canceling Mon May 13 04:18:22 UTC 2019
auto.tcl: Setting watchdog for 200 seconds at Mon May 13 04:18:22 UTC 2019
5 ms. Memory: 1064960K Free: 1028485K (97%)
ptolemy.util.test.WatchDog.cancel(): canceling Mon May 13 04:18:22 UTC 2019
------------------ testing $PTII/ptolemy/domains/de/test/auto/ResetTransitionWithStartTime4.xml
auto.tcl: Setting watchdog for 200 seconds at Mon May 13 04:18:22 UTC 2019
5 ms. Memory: 1064960K Free: 1038304K (97%)
ptolemy.util.test.WatchDog.cancel(): canceling Mon May 13 04:18:22 UTC 2019
auto.tcl: Setting watchdog for 200 seconds at Mon May 13 04:18:22 UTC 2019
4 ms. Memory: 1064960K Free: 1038304K (97%)
ptolemy.util.test.WatchDog.cancel(): canceling Mon May 13 04:18:22 UTC 2019
------------------ testing $PTII/ptolemy/domains/de/test/auto/ResettableTimer1.xml
auto.tcl: Setting watchdog for 200 seconds at Mon May 13 04:18:22 UTC 2019
5 ms. Memory: 1064960K Free: 1038299K (97%)
ptolemy.util.test.WatchDog.cancel(): canceling Mon May 13 04:18:22 UTC 2019
auto.tcl: Setting watchdog for 200 seconds at Mon May 13 04:18:22 UTC 2019
3 ms. Memory: 1064960K Free: 1038299K (97%)
ptolemy.util.test.WatchDog.cancel(): canceling Mon May 13 04:18:22 UTC 2019
------------------ testing $PTII/ptolemy/domains/de/test/auto/ResettableTimer2.xml
auto.tcl: Setting watchdog for 200 seconds at Mon May 13 04:18:22 UTC 2019
3 ms. Memory: 1064960K Free: 1039098K (98%)
ptolemy.util.test.WatchDog.cancel(): canceling Mon May 13 04:18:22 UTC 2019
auto.tcl: Setting watchdog for 200 seconds at Mon May 13 04:18:22 UTC 2019
2 ms. Memory: 1064960K Free: 1039098K (98%)
ptolemy.util.test.WatchDog.cancel(): canceling Mon May 13 04:18:22 UTC 2019
------------------ testing $PTII/ptolemy/domains/de/test/auto/ResettableTimer3.xml
auto.tcl: Setting watchdog for 200 seconds at Mon May 13 04:18:22 UTC 2019
2 ms. Memory: 1064960K Free: 1038356K (98%)
ptolemy.util.test.WatchDog.cancel(): canceling Mon May 13 04:18:22 UTC 2019
auto.tcl: Setting watchdog for 200 seconds at Mon May 13 04:18:22 UTC 2019
1 ms. Memory: 1064960K Free: 1038356K (98%)
ptolemy.util.test.WatchDog.cancel(): canceling Mon May 13 04:18:22 UTC 2019
------------------ testing $PTII/ptolemy/domains/de/test/auto/ResettableTimer4.xml
auto.tcl: Setting watchdog for 200 seconds at Mon May 13 04:18:22 UTC 2019
2 ms. Memory: 1063936K Free: 1038086K (98%)
ptolemy.util.test.WatchDog.cancel(): canceling Mon May 13 04:18:22 UTC 2019
auto.tcl: Setting watchdog for 200 seconds at Mon May 13 04:18:22 UTC 2019
1 ms. Memory: 1063936K Free: 1038086K (98%)
ptolemy.util.test.WatchDog.cancel(): canceling Mon May 13 04:18:22 UTC 2019
------------------ testing $PTII/ptolemy/domains/de/test/auto/ResettableTimer5.xml
auto.tcl: Setting watchdog for 200 seconds at Mon May 13 04:18:22 UTC 2019
1 ms. Memory: 1064448K Free: 1028776K (97%)
ptolemy.util.test.WatchDog.cancel(): canceling Mon May 13 04:18:22 UTC 2019
auto.tcl: Setting watchdog for 200 seconds at Mon May 13 04:18:22 UTC 2019
1 ms. Memory: 1064448K Free: 1028776K (97%)
ptolemy.util.test.WatchDog.cancel(): canceling Mon May 13 04:18:22 UTC 2019
------------------ testing $PTII/ptolemy/domains/de/test/auto/ResettableTimer6.xml
auto.tcl: Setting watchdog for 200 seconds at Mon May 13 04:18:22 UTC 2019
2 ms. Memory: 1064448K Free: 1027985K (97%)
ptolemy.util.test.WatchDog.cancel(): canceling Mon May 13 04:18:22 UTC 2019
auto.tcl: Setting watchdog for 200 seconds at Mon May 13 04:18:22 UTC 2019
2 ms. Memory: 1064448K Free: 1027985K (97%)
ptolemy.util.test.WatchDog.cancel(): canceling Mon May 13 04:18:22 UTC 2019
------------------ testing $PTII/ptolemy/domains/de/test/auto/ServerZeroDelay.xml
auto.tcl: Setting watchdog for 200 seconds at Mon May 13 04:18:22 UTC 2019
6 ms. Memory: 1064448K Free: 1038536K (98%)
ptolemy.util.test.WatchDog.cancel(): canceling Mon May 13 04:18:22 UTC 2019
auto.tcl: Setting watchdog for 200 seconds at Mon May 13 04:18:22 UTC 2019
2 ms. Memory: 1064448K Free: 1038536K (98%)
ptolemy.util.test.WatchDog.cancel(): canceling Mon May 13 04:18:22 UTC 2019
------------------ testing $PTII/ptolemy/domains/de/test/auto/SmartSender.xml
auto.tcl: Setting watchdog for 200 seconds at Mon May 13 04:18:22 UTC 2019
3001 ms. Memory: 1064448K Free: 1028711K (97%)
ptolemy.util.test.WatchDog.cancel(): canceling Mon May 13 04:18:25 UTC 2019
auto.tcl: Setting watchdog for 200 seconds at Mon May 13 04:18:25 UTC 2019
3001 ms. Memory: 1064448K Free: 1028711K (97%)
ptolemy.util.test.WatchDog.cancel(): canceling Mon May 13 04:18:28 UTC 2019
------------------ testing $PTII/ptolemy/domains/de/test/auto/ThreadedComposite.xml
auto.tcl: Setting watchdog for 200 seconds at Mon May 13 04:18:28 UTC 2019
232 ms. Memory: 1064448K Free: 997189K (94%)
ptolemy.util.test.WatchDog.cancel(): canceling Mon May 13 04:18:28 UTC 2019
auto.tcl: Setting watchdog for 200 seconds at Mon May 13 04:18:28 UTC 2019
133 ms. Memory: 1064448K Free: 977549K (92%)
ptolemy.util.test.WatchDog.cancel(): canceling Mon May 13 04:18:29 UTC 2019
------------------ testing $PTII/ptolemy/domains/de/test/auto/Time.xml
auto.tcl: Setting watchdog for 200 seconds at Mon May 13 04:18:29 UTC 2019
479 ms. Memory: 1064448K Free: 988415K (93%)
ptolemy.util.test.WatchDog.cancel(): canceling Mon May 13 04:18:29 UTC 2019
auto.tcl: Setting watchdog for 200 seconds at Mon May 13 04:18:29 UTC 2019
418 ms. Memory: 1064448K Free: 932721K (88%)
ptolemy.util.test.WatchDog.cancel(): canceling Mon May 13 04:18:30 UTC 2019
------------------ testing $PTII/ptolemy/domains/de/test/auto/TimeDelayZeroDelay.xml
auto.tcl: Setting watchdog for 200 seconds at Mon May 13 04:18:30 UTC 2019
1 ms. Memory: 1064448K Free: 1037713K (97%)
ptolemy.util.test.WatchDog.cancel(): canceling Mon May 13 04:18:30 UTC 2019
auto.tcl: Setting watchdog for 200 seconds at Mon May 13 04:18:30 UTC 2019
2 ms. Memory: 1064448K Free: 1037713K (97%)
ptolemy.util.test.WatchDog.cancel(): canceling Mon May 13 04:18:30 UTC 2019
------------------ testing $PTII/ptolemy/domains/de/test/auto/TimerZeroDelay.xml
auto.tcl: Setting watchdog for 200 seconds at Mon May 13 04:18:30 UTC 2019
2 ms. Memory: 1063424K Free: 1037474K (98%)
ptolemy.util.test.WatchDog.cancel(): canceling Mon May 13 04:18:30 UTC 2019
auto.tcl: Setting watchdog for 200 seconds at Mon May 13 04:18:30 UTC 2019
2 ms. Memory: 1063424K Free: 1037474K (98%)
ptolemy.util.test.WatchDog.cancel(): canceling Mon May 13 04:18:30 UTC 2019
------------------ testing $PTII/ptolemy/domains/de/test/auto/TimingParadox.xml
auto.tcl: Setting watchdog for 200 seconds at Mon May 13 04:18:30 UTC 2019
331 ms. Memory: 1063936K Free: 974336K (92%)
ptolemy.util.test.WatchDog.cancel(): canceling Mon May 13 04:18:30 UTC 2019
auto.tcl: Setting watchdog for 200 seconds at Mon May 13 04:18:30 UTC 2019
314 ms. Memory: 1063936K Free: 940919K (88%)
ptolemy.util.test.WatchDog.cancel(): canceling Mon May 13 04:18:30 UTC 2019
------------------ testing $PTII/ptolemy/domains/de/test/auto/TransferInputs.xml
auto.tcl: Setting watchdog for 200 seconds at Mon May 13 04:18:31 UTC 2019
1 ms. Memory: 1063424K Free: 1036443K (97%)
ptolemy.util.test.WatchDog.cancel(): canceling Mon May 13 04:18:31 UTC 2019
auto.tcl: Setting watchdog for 200 seconds at Mon May 13 04:18:31 UTC 2019
1 ms. Memory: 1063424K Free: 1036443K (97%)
ptolemy.util.test.WatchDog.cancel(): canceling Mon May 13 04:18:31 UTC 2019
------------------ testing $PTII/ptolemy/domains/de/test/auto/TransferOutputs2.xml
auto.tcl: Setting watchdog for 200 seconds at Mon May 13 04:18:31 UTC 2019
3 ms. Memory: 1063936K Free: 1028241K (97%)
ptolemy.util.test.WatchDog.cancel(): canceling Mon May 13 04:18:31 UTC 2019
auto.tcl: Setting watchdog for 200 seconds at Mon May 13 04:18:31 UTC 2019
2 ms. Memory: 1063936K Free: 1028241K (97%)
ptolemy.util.test.WatchDog.cancel(): canceling Mon May 13 04:18:31 UTC 2019
------------------ testing $PTII/ptolemy/domains/de/test/auto/Trilateration.xml
auto.tcl: Setting watchdog for 200 seconds at Mon May 13 04:18:31 UTC 2019
12112 ms. Memory: 933376K Free: 806319K (86%)
ptolemy.util.test.WatchDog.cancel(): canceling Mon May 13 04:18:44 UTC 2019
auto.tcl: Setting watchdog for 200 seconds at Mon May 13 04:18:44 UTC 2019
9846 ms. Memory: 812544K Free: 523620K (64%)
ptolemy.util.test.WatchDog.cancel(): canceling Mon May 13 04:18:53 UTC 2019
------------------ testing $PTII/ptolemy/domains/de/test/auto/TwoSigmaDelta.xml
auto.tcl: Setting watchdog for 200 seconds at Mon May 13 04:18:54 UTC 2019
2423 ms. Memory: 816640K Free: 526256K (64%)
ptolemy.util.test.WatchDog.cancel(): canceling Mon May 13 04:18:56 UTC 2019
auto.tcl: Setting watchdog for 200 seconds at Mon May 13 04:18:56 UTC 2019
1962 ms. Memory: 816640K Free: 291998K (36%)
ptolemy.util.test.WatchDog.cancel(): canceling Mon May 13 04:18:58 UTC 2019
------------------ testing $PTII/ptolemy/domains/de/test/auto/VariableDelay.xml
auto.tcl: Setting watchdog for 200 seconds at Mon May 13 04:18:58 UTC 2019
2 ms. Memory: 813056K Free: 789672K (97%)
ptolemy.util.test.WatchDog.cancel(): canceling Mon May 13 04:18:58 UTC 2019
auto.tcl: Setting watchdog for 200 seconds at Mon May 13 04:18:58 UTC 2019
2 ms. Memory: 813056K Free: 789672K (97%)
ptolemy.util.test.WatchDog.cancel(): canceling Mon May 13 04:18:58 UTC 2019
------------------ testing $PTII/ptolemy/domains/de/test/auto/VariableDelay2.xml
auto.tcl: Setting watchdog for 200 seconds at Mon May 13 04:18:58 UTC 2019
6 ms. Memory: 812544K Free: 789672K (97%)
ptolemy.util.test.WatchDog.cancel(): canceling Mon May 13 04:18:58 UTC 2019
auto.tcl: Setting watchdog for 200 seconds at Mon May 13 04:18:58 UTC 2019
2 ms. Memory: 812544K Free: 789672K (97%)
ptolemy.util.test.WatchDog.cancel(): canceling Mon May 13 04:18:58 UTC 2019
------------------ testing $PTII/ptolemy/domains/de/test/auto/VariableDelayZeroDelay.xml
auto.tcl: Setting watchdog for 200 seconds at Mon May 13 04:18:58 UTC 2019
2 ms. Memory: 812544K Free: 782359K (96%)
ptolemy.util.test.WatchDog.cancel(): canceling Mon May 13 04:18:58 UTC 2019
auto.tcl: Setting watchdog for 200 seconds at Mon May 13 04:18:58 UTC 2019
2 ms. Memory: 812544K Free: 782359K (96%)
ptolemy.util.test.WatchDog.cancel(): canceling Mon May 13 04:18:58 UTC 2019
------------------ testing $PTII/ptolemy/domains/de/test/auto/VariableDelayZeroDelay2.xml
auto.tcl: Setting watchdog for 200 seconds at Mon May 13 04:18:58 UTC 2019
1 ms. Memory: 815616K Free: 785430K (96%)
ptolemy.util.test.WatchDog.cancel(): canceling Mon May 13 04:18:58 UTC 2019
auto.tcl: Setting watchdog for 200 seconds at Mon May 13 04:18:58 UTC 2019
1 ms. Memory: 815616K Free: 785430K (96%)
ptolemy.util.test.WatchDog.cancel(): canceling Mon May 13 04:18:58 UTC 2019
------------------ testing $PTII/ptolemy/domains/de/test/auto/deInCt.xml
auto.tcl: Setting watchdog for 200 seconds at Mon May 13 04:18:58 UTC 2019
0
1
1
1
0
0
0
1
1
1
1
0
0
0
1
1
1
1
0
0
0
1
1
1
0
0
0
1
1
1
0
0
0
0
1
1
1
0
0
1
1
1
1
1
10 ms. Memory: 812544K Free: 782355K (96%)
ptolemy.util.test.WatchDog.cancel(): canceling Mon May 13 04:18:58 UTC 2019
auto.tcl: Setting watchdog for 200 seconds at Mon May 13 04:18:58 UTC 2019
0
1
1
1
1
0
0
0
1
1
1
1
0
0
0
1
1
1
1
0
0
0
1
1
1
0
0
0
1
1
1
1
1
0
0
0
1
1
1
1
5 ms. Memory: 812544K Free: 782355K (96%)
ptolemy.util.test.WatchDog.cancel(): canceling Mon May 13 04:18:58 UTC 2019
------------------ testing $PTII/ptolemy/domains/de/test/auto/deInCt2.xml
auto.tcl: Setting watchdog for 200 seconds at Mon May 13 04:18:59 UTC 2019
0
1
1
1
0
0
1
1
1
0
0
1
1
1
0
0
1
1
1
0
0
1
1
1
0
0
1
1
1
0
0
1
1
1
0
0
1
1
1
0
0
0
12 ms. Memory: 815616K Free: 785328K (96%)
ptolemy.util.test.WatchDog.cancel(): canceling Mon May 13 04:18:59 UTC 2019
auto.tcl: Setting watchdog for 200 seconds at Mon May 13 04:18:59 UTC 2019
0
1
1
1
0
0
1
1
1
0
0
1
1
1
0
0
1
1
1
0
0
1
1
1
0
0
1
1
1
0
0
1
1
1
0
0
1
1
1
0
0
0
6 ms. Memory: 815616K Free: 785328K (96%)
ptolemy.util.test.WatchDog.cancel(): canceling Mon May 13 04:18:59 UTC 2019
------------------ testing $PTII/ptolemy/domains/de/test/auto/dynamicCausalityInterface1.xml
auto.tcl: Setting watchdog for 200 seconds at Mon May 13 04:18:59 UTC 2019
1 ms. Memory: 812544K Free: 782349K (96%)
ptolemy.util.test.WatchDog.cancel(): canceling Mon May 13 04:18:59 UTC 2019
auto.tcl: Setting watchdog for 200 seconds at Mon May 13 04:18:59 UTC 2019
1 ms. Memory: 812544K Free: 782349K (96%)
ptolemy.util.test.WatchDog.cancel(): canceling Mon May 13 04:18:59 UTC 2019
------------------ testing $PTII/ptolemy/domains/de/test/auto/fsm_de_test.xml
auto.tcl: Setting watchdog for 200 seconds at Mon May 13 04:18:59 UTC 2019
14 ms. Memory: 815104K Free: 784802K (96%)
ptolemy.util.test.WatchDog.cancel(): canceling Mon May 13 04:18:59 UTC 2019
auto.tcl: Setting watchdog for 200 seconds at Mon May 13 04:18:59 UTC 2019
7 ms. Memory: 815104K Free: 784802K (96%)
ptolemy.util.test.WatchDog.cancel(): canceling Mon May 13 04:18:59 UTC 2019
------------------ testing $PTII/ptolemy/domains/de/test/auto/functionDependencyReconstruction.xml
auto.tcl: Setting watchdog for 200 seconds at Mon May 13 04:18:59 UTC 2019
2 ms. Memory: 812544K Free: 771618K (95%)
ptolemy.util.test.WatchDog.cancel(): canceling Mon May 13 04:18:59 UTC 2019
auto.tcl: Setting watchdog for 200 seconds at Mon May 13 04:18:59 UTC 2019
2 ms. Memory: 812544K Free: 771618K (95%)
ptolemy.util.test.WatchDog.cancel(): canceling Mon May 13 04:18:59 UTC 2019
------------------ testing $PTII/ptolemy/domains/de/test/auto/multirate.xml
auto.tcl: Setting watchdog for 200 seconds at Mon May 13 04:18:59 UTC 2019
3 ms. Memory: 814592K Free: 784157K (96%)
ptolemy.util.test.WatchDog.cancel(): canceling Mon May 13 04:18:59 UTC 2019
auto.tcl: Setting watchdog for 200 seconds at Mon May 13 04:18:59 UTC 2019
3 ms. Memory: 814592K Free: 784058K (96%)
ptolemy.util.test.WatchDog.cancel(): canceling Mon May 13 04:18:59 UTC 2019
------------------ testing $PTII/ptolemy/domains/de/test/auto/multirate2.xml
auto.tcl: Setting watchdog for 200 seconds at Mon May 13 04:18:59 UTC 2019
6 ms. Memory: 812544K Free: 789608K (97%)
ptolemy.util.test.WatchDog.cancel(): canceling Mon May 13 04:18:59 UTC 2019
auto.tcl: Setting watchdog for 200 seconds at Mon May 13 04:18:59 UTC 2019
5 ms. Memory: 812544K Free: 789608K (97%)
ptolemy.util.test.WatchDog.cancel(): canceling Mon May 13 04:18:59 UTC 2019
------------------ testing $PTII/ptolemy/domains/de/test/auto/realtime.xml
auto.tcl: Setting watchdog for 200 seconds at Mon May 13 04:18:59 UTC 2019
10001 ms. Memory: 814592K Free: 784245K (96%)
ptolemy.util.test.WatchDog.cancel(): canceling Mon May 13 04:19:09 UTC 2019
auto.tcl: Setting watchdog for 200 seconds at Mon May 13 04:19:09 UTC 2019
10001 ms. Memory: 814592K Free: 784245K (96%)
ptolemy.util.test.WatchDog.cancel(): canceling Mon May 13 04:19:19 UTC 2019
------------------ testing $PTII/ptolemy/domains/de/test/auto/relationGroup.xml
auto.tcl: Setting watchdog for 200 seconds at Mon May 13 04:19:19 UTC 2019
1 ms. Memory: 812544K Free: 789632K (97%)
ptolemy.util.test.WatchDog.cancel(): canceling Mon May 13 04:19:19 UTC 2019
auto.tcl: Setting watchdog for 200 seconds at Mon May 13 04:19:19 UTC 2019
2 ms. Memory: 812544K Free: 789632K (97%)
ptolemy.util.test.WatchDog.cancel(): canceling Mon May 13 04:19:19 UTC 2019
------------------ testing $PTII/ptolemy/domains/de/test/auto/relationGroup2.xml
auto.tcl: Setting watchdog for 200 seconds at Mon May 13 04:19:19 UTC 2019
1 ms. Memory: 814080K Free: 783884K (96%)
ptolemy.util.test.WatchDog.cancel(): canceling Mon May 13 04:19:19 UTC 2019
auto.tcl: Setting watchdog for 200 seconds at Mon May 13 04:19:19 UTC 2019
1 ms. Memory: 814080K Free: 783884K (96%)
ptolemy.util.test.WatchDog.cancel(): canceling Mon May 13 04:19:19 UTC 2019
------------------ testing $PTII/ptolemy/domains/de/test/auto/sortWithOpaquePorts.xml
auto.tcl: Setting watchdog for 200 seconds at Mon May 13 04:19:19 UTC 2019
2 ms. Memory: 812544K Free: 782349K (96%)
ptolemy.util.test.WatchDog.cancel(): canceling Mon May 13 04:19:19 UTC 2019
auto.tcl: Setting watchdog for 200 seconds at Mon May 13 04:19:19 UTC 2019
2 ms. Memory: 812544K Free: 782349K (96%)
ptolemy.util.test.WatchDog.cancel(): canceling Mon May 13 04:19:19 UTC 2019
------------------ testing $PTII/ptolemy/domains/de/test/auto/transferInputsandOutputs.xml
auto.tcl: Setting watchdog for 200 seconds at Mon May 13 04:19:19 UTC 2019
3 ms. Memory: 814080K Free: 783871K (96%)
ptolemy.util.test.WatchDog.cancel(): canceling Mon May 13 04:19:19 UTC 2019
auto.tcl: Setting watchdog for 200 seconds at Mon May 13 04:19:19 UTC 2019
3 ms. Memory: 814080K Free: 783871K (96%)
ptolemy.util.test.WatchDog.cancel(): canceling Mon May 13 04:19:19 UTC 2019
------------------ testing $PTII/ptolemy/domains/de/test/auto/triggerType.xml
auto.tcl: Setting watchdog for 200 seconds at Mon May 13 04:19:19 UTC 2019
1 ms. Memory: 812544K Free: 782285K (96%)
ptolemy.util.test.WatchDog.cancel(): canceling Mon May 13 04:19:19 UTC 2019
auto.tcl: Setting watchdog for 200 seconds at Mon May 13 04:19:19 UTC 2019
1 ms. Memory: 812544K Free: 782285K (96%)
ptolemy.util.test.WatchDog.cancel(): canceling Mon May 13 04:19:19 UTC 2019
05/13/19 04:19:19
Failed: 0  Total Tests: 192  ((Passed: 187, Newly Passed: 1)  Known Failed: 5) /home/travis/build/icyphy/ptII/ptolemy/domains/de/test
05/13/19 04:19:19
Failed: 0  Total Tests: 192  ((Passed: 187, Newly Passed: 1)  Known Failed: 5) /home/travis/build/icyphy/ptII/ptolemy/domains/de/test
----------------- testing (KnownFailure) /home/travis/build/icyphy/ptII/ptolemy/domains/de/test/auto/knownFailedTests/DESDFClockTest.xml
2013 ms. Memory: 813568K Free: 768641K (94%)
Known Failure: java.lang.reflect.InvocationTargetException
----------------- testing (KnownFailure) /home/travis/build/icyphy/ptII/ptolemy/domains/de/test/auto/knownFailedTests/DirectFeedback.xml
2 ms. Memory: 813568K Free: 710150K (87%)
Known Failure: java.lang.reflect.InvocationTargetException
----------------- testing (KnownFailure) /home/travis/build/icyphy/ptII/ptolemy/domains/de/test/auto/knownFailedTests/FSMSource.xml
6 ms. Memory: 813568K Free: 651659K (80%)
----------------- testing (KnownFailure) /home/travis/build/icyphy/ptII/ptolemy/domains/de/test/auto/knownFailedTests/HierarchicalModel.xml
2 ms. Memory: 813568K Free: 607775K (75%)
Known Failure: java.lang.reflect.InvocationTargetException
----------------- testing (KnownFailure) /home/travis/build/icyphy/ptII/ptolemy/domains/de/test/auto/knownFailedTests/dependencyLoop.xml
2 ms. Memory: 813568K Free: 549284K (68%)
Known Failure: java.lang.reflect.InvocationTargetException
----------------- testing (KnownFailure) /home/travis/build/icyphy/ptII/ptolemy/domains/de/test/auto/knownFailedTests/dependencyLoop2.xml
5 ms. Memory: 813568K Free: 490792K (60%)
Known Failure: java.lang.reflect.InvocationTargetException
No auto/linux-amd64/*.xml tests in /home/travis/build/icyphy/ptII/ptolemy/domains/de/test
AutoTests.java: About to close Vertx.
AutoTests.java: Vertx closed.

===========================================================================================
----------------- testing Mon May 13 04:19:22 UTC 2019 /home/travis/build/icyphy/ptII/ptolemy/domains/de/test/auto/ActorDepthCalculation_actorWithoutPorts.xml
----------------- Instantiating /home/travis/build/icyphy/ptII/ptolemy/domains/de/test/auto/ActorDepthCalculation_actorWithoutPorts.xml
1 ms. Memory: 813568K Free: 417679K (51%)
----------------- Invoking toplevel() on ptolemy.moml.MoMLSimpleApplication@1a7ba8e
----------------- Done invoking toplevel() on ptolemy.moml.MoMLSimpleApplication@1a7ba8e
reloadAllAccessors: .ActorDepthCalculation_actorWithoutPorts

===========================================================================================
----------------- testing Mon May 13 04:19:22 UTC 2019 /home/travis/build/icyphy/ptII/ptolemy/domains/de/test/auto/AssemblyLine.xml
----------------- Instantiating /home/travis/build/icyphy/ptII/ptolemy/domains/de/test/auto/AssemblyLine.xml
2 ms. Memory: 813568K Free: 388433K (48%)
----------------- Invoking toplevel() on ptolemy.moml.MoMLSimpleApplication@49bdcc2f
----------------- Done invoking toplevel() on ptolemy.moml.MoMLSimpleApplication@49bdcc2f
reloadAllAccessors: .AssemblyLine

===========================================================================================
----------------- testing Mon May 13 04:19:22 UTC 2019 /home/travis/build/icyphy/ptII/ptolemy/domains/de/test/auto/CQBug1.xml
----------------- Instantiating /home/travis/build/icyphy/ptII/ptolemy/domains/de/test/auto/CQBug1.xml
1 ms. Memory: 813568K Free: 359188K (44%)
----------------- Invoking toplevel() on ptolemy.moml.MoMLSimpleApplication@6556e2a6
----------------- Done invoking toplevel() on ptolemy.moml.MoMLSimpleApplication@6556e2a6
reloadAllAccessors: .CQBug1

===========================================================================================
----------------- testing Mon May 13 04:19:22 UTC 2019 /home/travis/build/icyphy/ptII/ptolemy/domains/de/test/auto/CancelFireAt.xml
----------------- Instantiating /home/travis/build/icyphy/ptII/ptolemy/domains/de/test/auto/CancelFireAt.xml
0 ms. Memory: 813568K Free: 329942K (41%)
----------------- Invoking toplevel() on ptolemy.moml.MoMLSimpleApplication@1078f127
----------------- Done invoking toplevel() on ptolemy.moml.MoMLSimpleApplication@1078f127
reloadAllAccessors: .CancelFireAt

===========================================================================================
----------------- testing Mon May 13 04:19:22 UTC 2019 /home/travis/build/icyphy/ptII/ptolemy/domains/de/test/auto/CausalityAndComposabilityAnalysis.xml
----------------- Instantiating /home/travis/build/icyphy/ptII/ptolemy/domains/de/test/auto/CausalityAndComposabilityAnalysis.xml
1 ms. Memory: 813568K Free: 300697K (37%)
----------------- Invoking toplevel() on ptolemy.moml.MoMLSimpleApplication@65928e29
----------------- Done invoking toplevel() on ptolemy.moml.MoMLSimpleApplication@65928e29
reloadAllAccessors: .CausalityAndComposabilityAnalysis

===========================================================================================
----------------- testing Mon May 13 04:19:22 UTC 2019 /home/travis/build/icyphy/ptII/ptolemy/domains/de/test/auto/CausalityInterface1.xml
----------------- Instantiating /home/travis/build/icyphy/ptII/ptolemy/domains/de/test/auto/CausalityInterface1.xml
4 ms. Memory: 813568K Free: 271451K (33%)
----------------- Invoking toplevel() on ptolemy.moml.MoMLSimpleApplication@1e985136
----------------- Done invoking toplevel() on ptolemy.moml.MoMLSimpleApplication@1e985136
reloadAllAccessors: .CausalityInterface1

===========================================================================================
----------------- testing Mon May 13 04:19:22 UTC 2019 /home/travis/build/icyphy/ptII/ptolemy/domains/de/test/auto/CausalityInterface15.xml
----------------- Instantiating /home/travis/build/icyphy/ptII/ptolemy/domains/de/test/auto/CausalityInterface15.xml
1 ms. Memory: 813568K Free: 242206K (30%)
----------------- Invoking toplevel() on ptolemy.moml.MoMLSimpleApplication@69c30746
----------------- Done invoking toplevel() on ptolemy.moml.MoMLSimpleApplication@69c30746
reloadAllAccessors: .CausalityInterface15

===========================================================================================
----------------- testing Mon May 13 04:19:22 UTC 2019 /home/travis/build/icyphy/ptII/ptolemy/domains/de/test/auto/CausalityInterface2.xml
----------------- Instantiating /home/travis/build/icyphy/ptII/ptolemy/domains/de/test/auto/CausalityInterface2.xml
2 ms. Memory: 813568K Free: 212960K (26%)
----------------- Invoking toplevel() on ptolemy.moml.MoMLSimpleApplication@6a41d29b
----------------- Done invoking toplevel() on ptolemy.moml.MoMLSimpleApplication@6a41d29b
reloadAllAccessors: .CausalityInterface2

===========================================================================================
----------------- testing Mon May 13 04:19:22 UTC 2019 /home/travis/build/icyphy/ptII/ptolemy/domains/de/test/auto/CausalityInterface3.xml
----------------- Instantiating /home/travis/build/icyphy/ptII/ptolemy/domains/de/test/auto/CausalityInterface3.xml
2 ms. Memory: 813568K Free: 183715K (23%)
----------------- Invoking toplevel() on ptolemy.moml.MoMLSimpleApplication@5a0cca9e
----------------- Done invoking toplevel() on ptolemy.moml.MoMLSimpleApplication@5a0cca9e
reloadAllAccessors: .CausalityInterface3

===========================================================================================
----------------- testing Mon May 13 04:19:22 UTC 2019 /home/travis/build/icyphy/ptII/ptolemy/domains/de/test/auto/ClockDrift.xml
----------------- Instantiating /home/travis/build/icyphy/ptII/ptolemy/domains/de/test/auto/ClockDrift.xml
12 ms. Memory: 813568K Free: 154469K (19%)
----------------- Invoking toplevel() on ptolemy.moml.MoMLSimpleApplication@2d6e1b7f
----------------- Done invoking toplevel() on ptolemy.moml.MoMLSimpleApplication@2d6e1b7f
reloadAllAccessors: .ClockDrift

===========================================================================================
----------------- testing Mon May 13 04:19:22 UTC 2019 /home/travis/build/icyphy/ptII/ptolemy/domains/de/test/auto/ClockDriftAndValueChange.xml
----------------- Instantiating /home/travis/build/icyphy/ptII/ptolemy/domains/de/test/auto/ClockDriftAndValueChange.xml
10 ms. Memory: 813568K Free: 125224K (15%)
----------------- Invoking toplevel() on ptolemy.moml.MoMLSimpleApplication@1ecfb9c7
----------------- Done invoking toplevel() on ptolemy.moml.MoMLSimpleApplication@1ecfb9c7
reloadAllAccessors: .ClockDriftAndValueChange

===========================================================================================
----------------- testing Mon May 13 04:19:22 UTC 2019 /home/travis/build/icyphy/ptII/ptolemy/domains/de/test/auto/ClockDriftChange.xml
----------------- Instantiating /home/travis/build/icyphy/ptII/ptolemy/domains/de/test/auto/ClockDriftChange.xml
9 ms. Memory: 813568K Free: 95978K (12%)
----------------- Invoking toplevel() on ptolemy.moml.MoMLSimpleApplication@7a2e5997
----------------- Done invoking toplevel() on ptolemy.moml.MoMLSimpleApplication@7a2e5997
reloadAllAccessors: .ClockDriftChange

===========================================================================================
----------------- testing Mon May 13 04:19:22 UTC 2019 /home/travis/build/icyphy/ptII/ptolemy/domains/de/test/auto/ComposableCausalityAnalysis.xml
----------------- Instantiating /home/travis/build/icyphy/ptII/ptolemy/domains/de/test/auto/ComposableCausalityAnalysis.xml
1 ms. Memory: 813568K Free: 77349K (10%)
----------------- Invoking toplevel() on ptolemy.moml.MoMLSimpleApplication@5f418de2
----------------- Done invoking toplevel() on ptolemy.moml.MoMLSimpleApplication@5f418de2
reloadAllAccessors: .ComposableCausalityAnalysis

===========================================================================================
----------------- testing Mon May 13 04:19:22 UTC 2019 /home/travis/build/icyphy/ptII/ptolemy/domains/de/test/auto/DEFixedPointLimitation.xml
----------------- Instantiating /home/travis/build/icyphy/ptII/ptolemy/domains/de/test/auto/DEFixedPointLimitation.xml
1 ms. Memory: 777728K Free: 744535K (96%)
----------------- Invoking toplevel() on ptolemy.moml.MoMLSimpleApplication@2cd292fd
----------------- Done invoking toplevel() on ptolemy.moml.MoMLSimpleApplication@2cd292fd
reloadAllAccessors: .DEFixedPointLimitation

===========================================================================================
----------------- testing Mon May 13 04:19:22 UTC 2019 /home/travis/build/icyphy/ptII/ptolemy/domains/de/test/auto/DEScheduleTest.xml
----------------- Instantiating /home/travis/build/icyphy/ptII/ptolemy/domains/de/test/auto/DEScheduleTest.xml
3 ms. Memory: 777728K Free: 710183K (91%)
----------------- Invoking toplevel() on ptolemy.moml.MoMLSimpleApplication@49b75b2
----------------- Done invoking toplevel() on ptolemy.moml.MoMLSimpleApplication@49b75b2
reloadAllAccessors: .DEScheduleTest

===========================================================================================
----------------- testing Mon May 13 04:19:22 UTC 2019 /home/travis/build/icyphy/ptII/ptolemy/domains/de/test/auto/DEinDEwithStartTimes.xml
----------------- Instantiating /home/travis/build/icyphy/ptII/ptolemy/domains/de/test/auto/DEinDEwithStartTimes.xml
2 ms. Memory: 777728K Free: 682330K (88%)
----------------- Invoking toplevel() on ptolemy.moml.MoMLSimpleApplication@1080d4a8
----------------- Done invoking toplevel() on ptolemy.moml.MoMLSimpleApplication@1080d4a8
reloadAllAccessors: .DEinDEwithStartTimes

===========================================================================================
----------------- testing Mon May 13 04:19:22 UTC 2019 /home/travis/build/icyphy/ptII/ptolemy/domains/de/test/auto/DEinDEwithStartTimes2.xml
----------------- Instantiating /home/travis/build/icyphy/ptII/ptolemy/domains/de/test/auto/DEinDEwithStartTimes2.xml
3 ms. Memory: 777728K Free: 654416K (84%)
----------------- Invoking toplevel() on ptolemy.moml.MoMLSimpleApplication@4eb82641
----------------- Done invoking toplevel() on ptolemy.moml.MoMLSimpleApplication@4eb82641
reloadAllAccessors: .DEinDEwithStartTimes2

===========================================================================================
----------------- testing Mon May 13 04:19:22 UTC 2019 /home/travis/build/icyphy/ptII/ptolemy/domains/de/test/auto/DateDemo.xml
----------------- Instantiating /home/travis/build/icyphy/ptII/ptolemy/domains/de/test/auto/DateDemo.xml
10 ms. Memory: 777728K Free: 626563K (81%)
----------------- Invoking toplevel() on ptolemy.moml.MoMLSimpleApplication@11512486
----------------- Done invoking toplevel() on ptolemy.moml.MoMLSimpleApplication@11512486
reloadAllAccessors: .DateDemo

===========================================================================================
----------------- testing Mon May 13 04:19:22 UTC 2019 /home/travis/build/icyphy/ptII/ptolemy/domains/de/test/auto/DateToEvent.xml
----------------- Instantiating /home/travis/build/icyphy/ptII/ptolemy/domains/de/test/auto/DateToEvent.xml
2005 ms. Memory: 777728K Free: 584768K (75%)
----------------- Invoking toplevel() on ptolemy.moml.MoMLSimpleApplication@4f1268f9
----------------- Done invoking toplevel() on ptolemy.moml.MoMLSimpleApplication@4f1268f9
reloadAllAccessors: .DateToEvent

===========================================================================================
----------------- testing Mon May 13 04:19:24 UTC 2019 /home/travis/build/icyphy/ptII/ptolemy/domains/de/test/auto/DepthTest1.xml
----------------- Instantiating /home/travis/build/icyphy/ptII/ptolemy/domains/de/test/auto/DepthTest1.xml
1 ms. Memory: 777728K Free: 556915K (72%)
----------------- Invoking toplevel() on ptolemy.moml.MoMLSimpleApplication@515fd40
----------------- Done invoking toplevel() on ptolemy.moml.MoMLSimpleApplication@515fd40
reloadAllAccessors: .DepthTest1

===========================================================================================
----------------- testing Mon May 13 04:19:24 UTC 2019 /home/travis/build/icyphy/ptII/ptolemy/domains/de/test/auto/DepthTest2.xml
----------------- Instantiating /home/travis/build/icyphy/ptII/ptolemy/domains/de/test/auto/DepthTest2.xml
2 ms. Memory: 777728K Free: 529062K (68%)
----------------- Invoking toplevel() on ptolemy.moml.MoMLSimpleApplication@29e8f2f5
----------------- Done invoking toplevel() on ptolemy.moml.MoMLSimpleApplication@29e8f2f5
reloadAllAccessors: .DepthTest2

===========================================================================================
----------------- testing Mon May 13 04:19:24 UTC 2019 /home/travis/build/icyphy/ptII/ptolemy/domains/de/test/auto/DepthTest3.xml
----------------- Instantiating /home/travis/build/icyphy/ptII/ptolemy/domains/de/test/auto/DepthTest3.xml
1 ms. Memory: 777728K Free: 501209K (64%)
----------------- Invoking toplevel() on ptolemy.moml.MoMLSimpleApplication@60975f2a
----------------- Done invoking toplevel() on ptolemy.moml.MoMLSimpleApplication@60975f2a
reloadAllAccessors: .DepthTest3

===========================================================================================
----------------- testing Mon May 13 04:19:24 UTC 2019 /home/travis/build/icyphy/ptII/ptolemy/domains/de/test/auto/DepthTest4.xml
----------------- Instantiating /home/travis/build/icyphy/ptII/ptolemy/domains/de/test/auto/DepthTest4.xml
1 ms. Memory: 777728K Free: 473356K (61%)
----------------- Invoking toplevel() on ptolemy.moml.MoMLSimpleApplication@5ff3e2e0
----------------- Done invoking toplevel() on ptolemy.moml.MoMLSimpleApplication@5ff3e2e0
reloadAllAccessors: .DepthTest4

===========================================================================================
----------------- testing Mon May 13 04:19:24 UTC 2019 /home/travis/build/icyphy/ptII/ptolemy/domains/de/test/auto/DepthTest5.xml
----------------- Instantiating /home/travis/build/icyphy/ptII/ptolemy/domains/de/test/auto/DepthTest5.xml
2 ms. Memory: 777728K Free: 445504K (57%)
----------------- Invoking toplevel() on ptolemy.moml.MoMLSimpleApplication@1117924e
----------------- Done invoking toplevel() on ptolemy.moml.MoMLSimpleApplication@1117924e
reloadAllAccessors: .DepthTest5

===========================================================================================
----------------- testing Mon May 13 04:19:24 UTC 2019 /home/travis/build/icyphy/ptII/ptolemy/domains/de/test/auto/DepthTest6.xml
----------------- Instantiating /home/travis/build/icyphy/ptII/ptolemy/domains/de/test/auto/DepthTest6.xml
2 ms. Memory: 777728K Free: 417651K (54%)
----------------- Invoking toplevel() on ptolemy.moml.MoMLSimpleApplication@50414b92
----------------- Done invoking toplevel() on ptolemy.moml.MoMLSimpleApplication@50414b92
reloadAllAccessors: .DepthTest6

===========================================================================================
----------------- testing Mon May 13 04:19:24 UTC 2019 /home/travis/build/icyphy/ptII/ptolemy/domains/de/test/auto/DepthTest7.xml
----------------- Instantiating /home/travis/build/icyphy/ptII/ptolemy/domains/de/test/auto/DepthTest7.xml
5 ms. Memory: 777728K Free: 389798K (50%)
----------------- Invoking toplevel() on ptolemy.moml.MoMLSimpleApplication@7499cd2
----------------- Done invoking toplevel() on ptolemy.moml.MoMLSimpleApplication@7499cd2
reloadAllAccessors: .DepthTest7

===========================================================================================
----------------- testing Mon May 13 04:19:24 UTC 2019 /home/travis/build/icyphy/ptII/ptolemy/domains/de/test/auto/EventToDate.xml
----------------- Instantiating /home/travis/build/icyphy/ptII/ptolemy/domains/de/test/auto/EventToDate.xml
3007 ms. Memory: 777728K Free: 361945K (47%)
----------------- Invoking toplevel() on ptolemy.moml.MoMLSimpleApplication@20a13c15
----------------- Done invoking toplevel() on ptolemy.moml.MoMLSimpleApplication@20a13c15
reloadAllAccessors: .EventToDate

===========================================================================================
----------------- testing Mon May 13 04:19:27 UTC 2019 /home/travis/build/icyphy/ptII/ptolemy/domains/de/test/auto/FSM1.xml
----------------- Instantiating /home/travis/build/icyphy/ptII/ptolemy/domains/de/test/auto/FSM1.xml
9 ms. Memory: 777728K Free: 327592K (42%)
----------------- Invoking toplevel() on ptolemy.moml.MoMLSimpleApplication@361c21ea
----------------- Done invoking toplevel() on ptolemy.moml.MoMLSimpleApplication@361c21ea
reloadAllAccessors: .FSM1

===========================================================================================
----------------- testing Mon May 13 04:19:27 UTC 2019 /home/travis/build/icyphy/ptII/ptolemy/domains/de/test/auto/FSM7.xml
----------------- Instantiating /home/travis/build/icyphy/ptII/ptolemy/domains/de/test/auto/FSM7.xml
8 ms. Memory: 777728K Free: 299739K (39%)
----------------- Invoking toplevel() on ptolemy.moml.MoMLSimpleApplication@2ee0affe
----------------- Done invoking toplevel() on ptolemy.moml.MoMLSimpleApplication@2ee0affe
reloadAllAccessors: .FSM7

===========================================================================================
----------------- testing Mon May 13 04:19:27 UTC 2019 /home/travis/build/icyphy/ptII/ptolemy/domains/de/test/auto/Inspection.xml
----------------- Instantiating /home/travis/build/icyphy/ptII/ptolemy/domains/de/test/auto/Inspection.xml
11 ms. Memory: 777728K Free: 271886K (35%)
----------------- Invoking toplevel() on ptolemy.moml.MoMLSimpleApplication@59a8f9bd
----------------- Done invoking toplevel() on ptolemy.moml.MoMLSimpleApplication@59a8f9bd
reloadAllAccessors: .Inspection

===========================================================================================
----------------- testing Mon May 13 04:19:27 UTC 2019 /home/travis/build/icyphy/ptII/ptolemy/domains/de/test/auto/Iteration.xml
----------------- Instantiating /home/travis/build/icyphy/ptII/ptolemy/domains/de/test/auto/Iteration.xml
4 ms. Memory: 777728K Free: 244034K (31%)
----------------- Invoking toplevel() on ptolemy.moml.MoMLSimpleApplication@1ba8b84a
----------------- Done invoking toplevel() on ptolemy.moml.MoMLSimpleApplication@1ba8b84a
reloadAllAccessors: .Iteration

===========================================================================================
----------------- testing Mon May 13 04:19:27 UTC 2019 /home/travis/build/icyphy/ptII/ptolemy/domains/de/test/auto/LineFault.xml
----------------- Instantiating /home/travis/build/icyphy/ptII/ptolemy/domains/de/test/auto/LineFault.xml
388 ms. Memory: 777728K Free: 118680K (15%)
----------------- Invoking toplevel() on ptolemy.moml.MoMLSimpleApplication@3239faae
----------------- Done invoking toplevel() on ptolemy.moml.MoMLSimpleApplication@3239faae
reloadAllAccessors: .LineFault

===========================================================================================
----------------- testing Mon May 13 04:19:28 UTC 2019 /home/travis/build/icyphy/ptII/ptolemy/domains/de/test/auto/MergeModel1Add.xml
----------------- Instantiating /home/travis/build/icyphy/ptII/ptolemy/domains/de/test/auto/MergeModel1Add.xml
6 ms. Memory: 777728K Free: 76884K (10%)
----------------- Invoking toplevel() on ptolemy.moml.MoMLSimpleApplication@1a093100
----------------- Done invoking toplevel() on ptolemy.moml.MoMLSimpleApplication@1a093100
reloadAllAccessors: .MergeModel1Add

===========================================================================================
----------------- testing Mon May 13 04:19:28 UTC 2019 /home/travis/build/icyphy/ptII/ptolemy/domains/de/test/auto/MergeModel2Add.xml
----------------- Instantiating /home/travis/build/icyphy/ptII/ptolemy/domains/de/test/auto/MergeModel2Add.xml
4 ms. Memory: 745472K Free: 713163K (96%)
----------------- Invoking toplevel() on ptolemy.moml.MoMLSimpleApplication@69eaca89
----------------- Done invoking toplevel() on ptolemy.moml.MoMLSimpleApplication@69eaca89
reloadAllAccessors: .MergeModel2Add

===========================================================================================
----------------- testing Mon May 13 04:19:28 UTC 2019 /home/travis/build/icyphy/ptII/ptolemy/domains/de/test/auto/MergeModel3Add.xml
----------------- Instantiating /home/travis/build/icyphy/ptII/ptolemy/domains/de/test/auto/MergeModel3Add.xml
5 ms. Memory: 745472K Free: 682511K (92%)
----------------- Invoking toplevel() on ptolemy.moml.MoMLSimpleApplication@4769da24
----------------- Done invoking toplevel() on ptolemy.moml.MoMLSimpleApplication@4769da24
reloadAllAccessors: .MergeModel3Add

===========================================================================================
----------------- testing Mon May 13 04:19:28 UTC 2019 /home/travis/build/icyphy/ptII/ptolemy/domains/de/test/auto/MergeWithoutDiscard.xml
----------------- Instantiating /home/travis/build/icyphy/ptII/ptolemy/domains/de/test/auto/MergeWithoutDiscard.xml
1 ms. Memory: 745472K Free: 669213K (90%)
----------------- Invoking toplevel() on ptolemy.moml.MoMLSimpleApplication@784fa0b4
----------------- Done invoking toplevel() on ptolemy.moml.MoMLSimpleApplication@784fa0b4
reloadAllAccessors: .MergeWithoutDiscard

===========================================================================================
----------------- testing Mon May 13 04:19:28 UTC 2019 /home/travis/build/icyphy/ptII/ptolemy/domains/de/test/auto/Modal1.xml
----------------- Instantiating /home/travis/build/icyphy/ptII/ptolemy/domains/de/test/auto/Modal1.xml
12 ms. Memory: 745472K Free: 649305K (87%)
----------------- Invoking toplevel() on ptolemy.moml.MoMLSimpleApplication@4aa3845
----------------- Done invoking toplevel() on ptolemy.moml.MoMLSimpleApplication@4aa3845
reloadAllAccessors: .Modal1

===========================================================================================
----------------- testing Mon May 13 04:19:28 UTC 2019 /home/travis/build/icyphy/ptII/ptolemy/domains/de/test/auto/Modal2.xml
----------------- Instantiating /home/travis/build/icyphy/ptII/ptolemy/domains/de/test/auto/Modal2.xml
8 ms. Memory: 745472K Free: 629406K (84%)
----------------- Invoking toplevel() on ptolemy.moml.MoMLSimpleApplication@24fb0b10
----------------- Done invoking toplevel() on ptolemy.moml.MoMLSimpleApplication@24fb0b10
reloadAllAccessors: .Modal2

===========================================================================================
----------------- testing Mon May 13 04:19:28 UTC 2019 /home/travis/build/icyphy/ptII/ptolemy/domains/de/test/auto/Modal3.xml
----------------- Instantiating /home/travis/build/icyphy/ptII/ptolemy/domains/de/test/auto/Modal3.xml
8 ms. Memory: 745472K Free: 609507K (82%)
----------------- Invoking toplevel() on ptolemy.moml.MoMLSimpleApplication@4c2044d8
----------------- Done invoking toplevel() on ptolemy.moml.MoMLSimpleApplication@4c2044d8
reloadAllAccessors: .Modal3

===========================================================================================
----------------- testing Mon May 13 04:19:28 UTC 2019 /home/travis/build/icyphy/ptII/ptolemy/domains/de/test/auto/Modal4.xml
----------------- Instantiating /home/travis/build/icyphy/ptII/ptolemy/domains/de/test/auto/Modal4.xml
8 ms. Memory: 745472K Free: 589600K (79%)
----------------- Invoking toplevel() on ptolemy.moml.MoMLSimpleApplication@1e8430e3
----------------- Done invoking toplevel() on ptolemy.moml.MoMLSimpleApplication@1e8430e3
reloadAllAccessors: .Modal4

===========================================================================================
----------------- testing Mon May 13 04:19:28 UTC 2019 /home/travis/build/icyphy/ptII/ptolemy/domains/de/test/auto/Modal5.xml
----------------- Instantiating /home/travis/build/icyphy/ptII/ptolemy/domains/de/test/auto/Modal5.xml
7 ms. Memory: 745472K Free: 569692K (76%)
----------------- Invoking toplevel() on ptolemy.moml.MoMLSimpleApplication@68d1ff34
----------------- Done invoking toplevel() on ptolemy.moml.MoMLSimpleApplication@68d1ff34
reloadAllAccessors: .Modal5

===========================================================================================
----------------- testing Mon May 13 04:19:28 UTC 2019 /home/travis/build/icyphy/ptII/ptolemy/domains/de/test/auto/Modal6.xml
----------------- Instantiating /home/travis/build/icyphy/ptII/ptolemy/domains/de/test/auto/Modal6.xml
8 ms. Memory: 745472K Free: 549785K (74%)
----------------- Invoking toplevel() on ptolemy.moml.MoMLSimpleApplication@7ff827b6
----------------- Done invoking toplevel() on ptolemy.moml.MoMLSimpleApplication@7ff827b6
reloadAllAccessors: .Modal6

===========================================================================================
----------------- testing Mon May 13 04:19:28 UTC 2019 /home/travis/build/icyphy/ptII/ptolemy/domains/de/test/auto/Modal7.xml
----------------- Instantiating /home/travis/build/icyphy/ptII/ptolemy/domains/de/test/auto/Modal7.xml
8 ms. Memory: 745472K Free: 525764K (71%)
----------------- Invoking toplevel() on ptolemy.moml.MoMLSimpleApplication@19b91f3b
----------------- Done invoking toplevel() on ptolemy.moml.MoMLSimpleApplication@19b91f3b
reloadAllAccessors: .Modal7

===========================================================================================
----------------- testing Mon May 13 04:19:28 UTC 2019 /home/travis/build/icyphy/ptII/ptolemy/domains/de/test/auto/ModalModel.xml
----------------- Instantiating /home/travis/build/icyphy/ptII/ptolemy/domains/de/test/auto/ModalModel.xml
103 ms. Memory: 745472K Free: 452796K (61%)
----------------- Invoking toplevel() on ptolemy.moml.MoMLSimpleApplication@6e7b913
----------------- Done invoking toplevel() on ptolemy.moml.MoMLSimpleApplication@6e7b913
reloadAllAccessors: .ModalModel

===========================================================================================
----------------- testing Mon May 13 04:19:28 UTC 2019 /home/travis/build/icyphy/ptII/ptolemy/domains/de/test/auto/ModalSource.xml
----------------- Instantiating /home/travis/build/icyphy/ptII/ptolemy/domains/de/test/auto/ModalSource.xml
5 ms. Memory: 745472K Free: 439536K (59%)
----------------- Invoking toplevel() on ptolemy.moml.MoMLSimpleApplication@4a575b3e
----------------- Done invoking toplevel() on ptolemy.moml.MoMLSimpleApplication@4a575b3e
reloadAllAccessors: .ModalSource

===========================================================================================
----------------- testing Mon May 13 04:19:28 UTC 2019 /home/travis/build/icyphy/ptII/ptolemy/domains/de/test/auto/NonInterruptibleTimerZeroDelay.xml
----------------- Instantiating /home/travis/build/icyphy/ptII/ptolemy/domains/de/test/auto/NonInterruptibleTimerZeroDelay.xml
1 ms. Memory: 745472K Free: 426275K (57%)
----------------- Invoking toplevel() on ptolemy.moml.MoMLSimpleApplication@35a8e19d
----------------- Done invoking toplevel() on ptolemy.moml.MoMLSimpleApplication@35a8e19d
reloadAllAccessors: .NonInterruptibleTimerZeroDelay

===========================================================================================
----------------- testing Mon May 13 04:19:28 UTC 2019 /home/travis/build/icyphy/ptII/ptolemy/domains/de/test/auto/OpenQueueingNetwork.xml
----------------- Instantiating /home/travis/build/icyphy/ptII/ptolemy/domains/de/test/auto/OpenQueueingNetwork.xml
2065 ms. Memory: 714240K Free: 422346K (59%)
----------------- Invoking toplevel() on ptolemy.moml.MoMLSimpleApplication@3b9d95ca
----------------- Done invoking toplevel() on ptolemy.moml.MoMLSimpleApplication@3b9d95ca
reloadAllAccessors: .OpenQueueingNetwork

===========================================================================================
----------------- testing Mon May 13 04:19:30 UTC 2019 /home/travis/build/icyphy/ptII/ptolemy/domains/de/test/auto/OpenQueuingNetwork.xml
----------------- Instantiating /home/travis/build/icyphy/ptII/ptolemy/domains/de/test/auto/OpenQueuingNetwork.xml
214 ms. Memory: 714240K Free: 327772K (46%)
----------------- Invoking toplevel() on ptolemy.moml.MoMLSimpleApplication@3d3d4cee
----------------- Done invoking toplevel() on ptolemy.moml.MoMLSimpleApplication@3d3d4cee
reloadAllAccessors: .OpenQueuingNetwork

===========================================================================================
----------------- testing Mon May 13 04:19:31 UTC 2019 /home/travis/build/icyphy/ptII/ptolemy/domains/de/test/auto/PeriodicSampler.xml
----------------- Instantiating /home/travis/build/icyphy/ptII/ptolemy/domains/de/test/auto/PeriodicSampler.xml
1 ms. Memory: 714240K Free: 319348K (45%)
----------------- Invoking toplevel() on ptolemy.moml.MoMLSimpleApplication@62dc745
----------------- Done invoking toplevel() on ptolemy.moml.MoMLSimpleApplication@62dc745
reloadAllAccessors: .PeriodicSampler

===========================================================================================
----------------- testing Mon May 13 04:19:31 UTC 2019 /home/travis/build/icyphy/ptII/ptolemy/domains/de/test/auto/PersistentIO.xml
----------------- Instantiating /home/travis/build/icyphy/ptII/ptolemy/domains/de/test/auto/PersistentIO.xml
3 ms. Memory: 714240K Free: 306695K (43%)
----------------- Invoking toplevel() on ptolemy.moml.MoMLSimpleApplication@4ed7982a
----------------- Done invoking toplevel() on ptolemy.moml.MoMLSimpleApplication@4ed7982a
reloadAllAccessors: .PersistentIO

===========================================================================================
----------------- testing Mon May 13 04:19:31 UTC 2019 /home/travis/build/icyphy/ptII/ptolemy/domains/de/test/auto/PortParameterResetOnInitialize.xml
----------------- Instantiating /home/travis/build/icyphy/ptII/ptolemy/domains/de/test/auto/PortParameterResetOnInitialize.xml
1 ms. Memory: 714240K Free: 298271K (42%)
----------------- Invoking toplevel() on ptolemy.moml.MoMLSimpleApplication@63c85a2f
----------------- Done invoking toplevel() on ptolemy.moml.MoMLSimpleApplication@63c85a2f
reloadAllAccessors: .PortParameterResetOnInitialize

===========================================================================================
----------------- testing Mon May 13 04:19:31 UTC 2019 /home/travis/build/icyphy/ptII/ptolemy/domains/de/test/auto/PortParameterUpdates.xml
----------------- Instantiating /home/travis/build/icyphy/ptII/ptolemy/domains/de/test/auto/PortParameterUpdates.xml
8 ms. Memory: 714240K Free: 285627K (40%)
----------------- Invoking toplevel() on ptolemy.moml.MoMLSimpleApplication@45f33050
----------------- Done invoking toplevel() on ptolemy.moml.MoMLSimpleApplication@45f33050
reloadAllAccessors: .PortParameterUpdates

===========================================================================================
----------------- testing Mon May 13 04:19:31 UTC 2019 /home/travis/build/icyphy/ptII/ptolemy/domains/de/test/auto/QueueAndServer.xml
----------------- Instantiating /home/travis/build/icyphy/ptII/ptolemy/domains/de/test/auto/QueueAndServer.xml
5 ms. Memory: 714240K Free: 270356K (38%)
----------------- Invoking toplevel() on ptolemy.moml.MoMLSimpleApplication@401068fd
----------------- Done invoking toplevel() on ptolemy.moml.MoMLSimpleApplication@401068fd
reloadAllAccessors: .QueueAndServer

===========================================================================================
----------------- testing Mon May 13 04:19:31 UTC 2019 /home/travis/build/icyphy/ptII/ptolemy/domains/de/test/auto/Records.xml
----------------- Instantiating /home/travis/build/icyphy/ptII/ptolemy/domains/de/test/auto/Records.xml
6 ms. Memory: 714240K Free: 257704K (36%)
----------------- Invoking toplevel() on ptolemy.moml.MoMLSimpleApplication@139908d0
----------------- Done invoking toplevel() on ptolemy.moml.MoMLSimpleApplication@139908d0
reloadAllAccessors: .Records

===========================================================================================
----------------- testing Mon May 13 04:19:31 UTC 2019 /home/travis/build/icyphy/ptII/ptolemy/domains/de/test/auto/ResetTransitionWithStartTime1.xml
----------------- Instantiating /home/travis/build/icyphy/ptII/ptolemy/domains/de/test/auto/ResetTransitionWithStartTime1.xml
5 ms. Memory: 714240K Free: 245052K (34%)
----------------- Invoking toplevel() on ptolemy.moml.MoMLSimpleApplication@2f9d15ea
----------------- Done invoking toplevel() on ptolemy.moml.MoMLSimpleApplication@2f9d15ea
reloadAllAccessors: .ResetTransitionWithStartTime1

===========================================================================================
----------------- testing Mon May 13 04:19:31 UTC 2019 /home/travis/build/icyphy/ptII/ptolemy/domains/de/test/auto/ResetTransitionWithStartTime2.xml
----------------- Instantiating /home/travis/build/icyphy/ptII/ptolemy/domains/de/test/auto/ResetTransitionWithStartTime2.xml
3 ms. Memory: 714240K Free: 232400K (33%)
----------------- Invoking toplevel() on ptolemy.moml.MoMLSimpleApplication@271b0d7e
----------------- Done invoking toplevel() on ptolemy.moml.MoMLSimpleApplication@271b0d7e
reloadAllAccessors: .ResetTransitionWithStartTime2

===========================================================================================
----------------- testing Mon May 13 04:19:31 UTC 2019 /home/travis/build/icyphy/ptII/ptolemy/domains/de/test/auto/ResetTransitionWithStartTime3.xml
----------------- Instantiating /home/travis/build/icyphy/ptII/ptolemy/domains/de/test/auto/ResetTransitionWithStartTime3.xml
3 ms. Memory: 714240K Free: 219747K (31%)
----------------- Invoking toplevel() on ptolemy.moml.MoMLSimpleApplication@773a9d30
----------------- Done invoking toplevel() on ptolemy.moml.MoMLSimpleApplication@773a9d30
reloadAllAccessors: .ResetTransitionWithStartTime3

===========================================================================================
----------------- testing Mon May 13 04:19:31 UTC 2019 /home/travis/build/icyphy/ptII/ptolemy/domains/de/test/auto/ResetTransitionWithStartTime4.xml
----------------- Instantiating /home/travis/build/icyphy/ptII/ptolemy/domains/de/test/auto/ResetTransitionWithStartTime4.xml
2 ms. Memory: 714240K Free: 204500K (29%)
----------------- Invoking toplevel() on ptolemy.moml.MoMLSimpleApplication@3c583d56
----------------- Done invoking toplevel() on ptolemy.moml.MoMLSimpleApplication@3c583d56
reloadAllAccessors: .ResetTransitionWithStartTime4

===========================================================================================
----------------- testing Mon May 13 04:19:31 UTC 2019 /home/travis/build/icyphy/ptII/ptolemy/domains/de/test/auto/ResettableTimer1.xml
----------------- Instantiating /home/travis/build/icyphy/ptII/ptolemy/domains/de/test/auto/ResettableTimer1.xml
1 ms. Memory: 714240K Free: 196076K (27%)
----------------- Invoking toplevel() on ptolemy.moml.MoMLSimpleApplication@3931fc51
----------------- Done invoking toplevel() on ptolemy.moml.MoMLSimpleApplication@3931fc51
reloadAllAccessors: .ResettableTimer1

===========================================================================================
----------------- testing Mon May 13 04:19:31 UTC 2019 /home/travis/build/icyphy/ptII/ptolemy/domains/de/test/auto/ResettableTimer2.xml
----------------- Instantiating /home/travis/build/icyphy/ptII/ptolemy/domains/de/test/auto/ResettableTimer2.xml
2 ms. Memory: 714240K Free: 187652K (26%)
----------------- Invoking toplevel() on ptolemy.moml.MoMLSimpleApplication@d8a0a07
----------------- Done invoking toplevel() on ptolemy.moml.MoMLSimpleApplication@d8a0a07
reloadAllAccessors: .ResettableTimer2

===========================================================================================
----------------- testing Mon May 13 04:19:31 UTC 2019 /home/travis/build/icyphy/ptII/ptolemy/domains/de/test/auto/ResettableTimer3.xml
----------------- Instantiating /home/travis/build/icyphy/ptII/ptolemy/domains/de/test/auto/ResettableTimer3.xml
1 ms. Memory: 714240K Free: 179228K (25%)
----------------- Invoking toplevel() on ptolemy.moml.MoMLSimpleApplication@763519e9
----------------- Done invoking toplevel() on ptolemy.moml.MoMLSimpleApplication@763519e9
reloadAllAccessors: .ResettableTimer3

===========================================================================================
----------------- testing Mon May 13 04:19:31 UTC 2019 /home/travis/build/icyphy/ptII/ptolemy/domains/de/test/auto/ResettableTimer4.xml
----------------- Instantiating /home/travis/build/icyphy/ptII/ptolemy/domains/de/test/auto/ResettableTimer4.xml
1 ms. Memory: 714240K Free: 170803K (24%)
----------------- Invoking toplevel() on ptolemy.moml.MoMLSimpleApplication@30551c35
----------------- Done invoking toplevel() on ptolemy.moml.MoMLSimpleApplication@30551c35
reloadAllAccessors: .ResettableTimer4

===========================================================================================
----------------- testing Mon May 13 04:19:31 UTC 2019 /home/travis/build/icyphy/ptII/ptolemy/domains/de/test/auto/ResettableTimer5.xml
----------------- Instantiating /home/travis/build/icyphy/ptII/ptolemy/domains/de/test/auto/ResettableTimer5.xml
2 ms. Memory: 714240K Free: 159784K (22%)
----------------- Invoking toplevel() on ptolemy.moml.MoMLSimpleApplication@23659471
----------------- Done invoking toplevel() on ptolemy.moml.MoMLSimpleApplication@23659471
reloadAllAccessors: .ResettableTimer5

===========================================================================================
----------------- testing Mon May 13 04:19:31 UTC 2019 /home/travis/build/icyphy/ptII/ptolemy/domains/de/test/auto/ResettableTimer6.xml
----------------- Instantiating /home/travis/build/icyphy/ptII/ptolemy/domains/de/test/auto/ResettableTimer6.xml
4 ms. Memory: 714240K Free: 151360K (21%)
----------------- Invoking toplevel() on ptolemy.moml.MoMLSimpleApplication@5e96e5e2
----------------- Done invoking toplevel() on ptolemy.moml.MoMLSimpleApplication@5e96e5e2
reloadAllAccessors: .ResettableTimer6

===========================================================================================
----------------- testing Mon May 13 04:19:31 UTC 2019 /home/travis/build/icyphy/ptII/ptolemy/domains/de/test/auto/ServerZeroDelay.xml
----------------- Instantiating /home/travis/build/icyphy/ptII/ptolemy/domains/de/test/auto/ServerZeroDelay.xml
4 ms. Memory: 714240K Free: 142936K (20%)
----------------- Invoking toplevel() on ptolemy.moml.MoMLSimpleApplication@121a2ad1
----------------- Done invoking toplevel() on ptolemy.moml.MoMLSimpleApplication@121a2ad1
reloadAllAccessors: .ServerZeroDelay

===========================================================================================
----------------- testing Mon May 13 04:19:31 UTC 2019 /home/travis/build/icyphy/ptII/ptolemy/domains/de/test/auto/SmartSender.xml
----------------- Instantiating /home/travis/build/icyphy/ptII/ptolemy/domains/de/test/auto/SmartSender.xml
3000 ms. Memory: 714240K Free: 134512K (19%)
----------------- Invoking toplevel() on ptolemy.moml.MoMLSimpleApplication@13ab42d2
----------------- Done invoking toplevel() on ptolemy.moml.MoMLSimpleApplication@13ab42d2
reloadAllAccessors: .SmartSender

===========================================================================================
----------------- testing Mon May 13 04:19:34 UTC 2019 /home/travis/build/icyphy/ptII/ptolemy/domains/de/test/auto/ThreadedComposite.xml
----------------- Instantiating /home/travis/build/icyphy/ptII/ptolemy/domains/de/test/auto/ThreadedComposite.xml
97 ms. Memory: 714240K Free: 105019K (15%)
----------------- Invoking toplevel() on ptolemy.moml.MoMLSimpleApplication@7fbd3b98
----------------- Done invoking toplevel() on ptolemy.moml.MoMLSimpleApplication@7fbd3b98
reloadAllAccessors: .ThreadedComposite

===========================================================================================
----------------- testing Mon May 13 04:19:34 UTC 2019 /home/travis/build/icyphy/ptII/ptolemy/domains/de/test/auto/Time.xml
----------------- Instantiating /home/travis/build/icyphy/ptII/ptolemy/domains/de/test/auto/Time.xml
394 ms. Memory: 683520K Free: 647443K (95%)
----------------- Invoking toplevel() on ptolemy.moml.MoMLSimpleApplication@6746bf9e
----------------- Done invoking toplevel() on ptolemy.moml.MoMLSimpleApplication@6746bf9e
reloadAllAccessors: .Time

===========================================================================================
----------------- testing Mon May 13 04:19:34 UTC 2019 /home/travis/build/icyphy/ptII/ptolemy/domains/de/test/auto/TimeDelayZeroDelay.xml
----------------- Instantiating /home/travis/build/icyphy/ptII/ptolemy/domains/de/test/auto/TimeDelayZeroDelay.xml
3 ms. Memory: 683520K Free: 635716K (93%)
----------------- Invoking toplevel() on ptolemy.moml.MoMLSimpleApplication@686e9
----------------- Done invoking toplevel() on ptolemy.moml.MoMLSimpleApplication@686e9
reloadAllAccessors: .TimeDelayZeroDelay

===========================================================================================
----------------- testing Mon May 13 04:19:34 UTC 2019 /home/travis/build/icyphy/ptII/ptolemy/domains/de/test/auto/TimerZeroDelay.xml
----------------- Instantiating /home/travis/build/icyphy/ptII/ptolemy/domains/de/test/auto/TimerZeroDelay.xml
2 ms. Memory: 683520K Free: 627688K (92%)
----------------- Invoking toplevel() on ptolemy.moml.MoMLSimpleApplication@1c35de3b
----------------- Done invoking toplevel() on ptolemy.moml.MoMLSimpleApplication@1c35de3b
reloadAllAccessors: .TimerZeroDelay

===========================================================================================
----------------- testing Mon May 13 04:19:34 UTC 2019 /home/travis/build/icyphy/ptII/ptolemy/domains/de/test/auto/TimingParadox.xml
----------------- Instantiating /home/travis/build/icyphy/ptII/ptolemy/domains/de/test/auto/TimingParadox.xml
271 ms. Memory: 683520K Free: 555354K (81%)
----------------- Invoking toplevel() on ptolemy.moml.MoMLSimpleApplication@1f16f429
----------------- Done invoking toplevel() on ptolemy.moml.MoMLSimpleApplication@1f16f429
reloadAllAccessors: .TimingParadox

===========================================================================================
----------------- testing Mon May 13 04:19:35 UTC 2019 /home/travis/build/icyphy/ptII/ptolemy/domains/de/test/auto/TransferInputs.xml
----------------- Instantiating /home/travis/build/icyphy/ptII/ptolemy/domains/de/test/auto/TransferInputs.xml
2 ms. Memory: 683520K Free: 545633K (80%)
----------------- Invoking toplevel() on ptolemy.moml.MoMLSimpleApplication@3c117871
----------------- Done invoking toplevel() on ptolemy.moml.MoMLSimpleApplication@3c117871
reloadAllAccessors: .TransferInputs

===========================================================================================
----------------- testing Mon May 13 04:19:35 UTC 2019 /home/travis/build/icyphy/ptII/ptolemy/domains/de/test/auto/TransferOutputs2.xml
----------------- Instantiating /home/travis/build/icyphy/ptII/ptolemy/domains/de/test/auto/TransferOutputs2.xml
2 ms. Memory: 683520K Free: 533575K (78%)
----------------- Invoking toplevel() on ptolemy.moml.MoMLSimpleApplication@1a297fce
----------------- Done invoking toplevel() on ptolemy.moml.MoMLSimpleApplication@1a297fce
reloadAllAccessors: .TransferOutputs2

===========================================================================================
----------------- testing Mon May 13 04:19:35 UTC 2019 /home/travis/build/icyphy/ptII/ptolemy/domains/de/test/auto/Trilateration.xml
----------------- Instantiating /home/travis/build/icyphy/ptII/ptolemy/domains/de/test/auto/Trilateration.xml
9820 ms. Memory: 845824K Free: 68328K (8%)
----------------- Invoking toplevel() on ptolemy.moml.MoMLSimpleApplication@3faae58f
----------------- Done invoking toplevel() on ptolemy.moml.MoMLSimpleApplication@3faae58f
reloadAllAccessors: .Trilateration

===========================================================================================
----------------- testing Mon May 13 04:19:45 UTC 2019 /home/travis/build/icyphy/ptII/ptolemy/domains/de/test/auto/TwoSigmaDelta.xml
----------------- Instantiating /home/travis/build/icyphy/ptII/ptolemy/domains/de/test/auto/TwoSigmaDelta.xml
1963 ms. Memory: 815616K Free: 511332K (63%)
----------------- Invoking toplevel() on ptolemy.moml.MoMLSimpleApplication@5712fbd1
----------------- Done invoking toplevel() on ptolemy.moml.MoMLSimpleApplication@5712fbd1
reloadAllAccessors: .TwoSigmaDelta

===========================================================================================
----------------- testing Mon May 13 04:19:47 UTC 2019 /home/travis/build/icyphy/ptII/ptolemy/domains/de/test/auto/VariableDelay.xml
----------------- Instantiating /home/travis/build/icyphy/ptII/ptolemy/domains/de/test/auto/VariableDelay.xml
2 ms. Memory: 815616K Free: 495894K (61%)
----------------- Invoking toplevel() on ptolemy.moml.MoMLSimpleApplication@464d3a08
----------------- Done invoking toplevel() on ptolemy.moml.MoMLSimpleApplication@464d3a08
reloadAllAccessors: .VariableDelay

===========================================================================================
----------------- testing Mon May 13 04:19:47 UTC 2019 /home/travis/build/icyphy/ptII/ptolemy/domains/de/test/auto/VariableDelay2.xml
----------------- Instantiating /home/travis/build/icyphy/ptII/ptolemy/domains/de/test/auto/VariableDelay2.xml
1 ms. Memory: 815616K Free: 480457K (59%)
----------------- Invoking toplevel() on ptolemy.moml.MoMLSimpleApplication@1be46252
----------------- Done invoking toplevel() on ptolemy.moml.MoMLSimpleApplication@1be46252
reloadAllAccessors: .VariableDelay2

===========================================================================================
----------------- testing Mon May 13 04:19:47 UTC 2019 /home/travis/build/icyphy/ptII/ptolemy/domains/de/test/auto/VariableDelayZeroDelay.xml
----------------- Instantiating /home/travis/build/icyphy/ptII/ptolemy/domains/de/test/auto/VariableDelayZeroDelay.xml
3 ms. Memory: 815616K Free: 465895K (57%)
----------------- Invoking toplevel() on ptolemy.moml.MoMLSimpleApplication@1a6047cf
----------------- Done invoking toplevel() on ptolemy.moml.MoMLSimpleApplication@1a6047cf
reloadAllAccessors: .VariableDelayZeroDelay

===========================================================================================
----------------- testing Mon May 13 04:19:47 UTC 2019 /home/travis/build/icyphy/ptII/ptolemy/domains/de/test/auto/VariableDelayZeroDelay2.xml
----------------- Instantiating /home/travis/build/icyphy/ptII/ptolemy/domains/de/test/auto/VariableDelayZeroDelay2.xml
2 ms. Memory: 815616K Free: 450458K (55%)
----------------- Invoking toplevel() on ptolemy.moml.MoMLSimpleApplication@13808b6f
----------------- Done invoking toplevel() on ptolemy.moml.MoMLSimpleApplication@13808b6f
reloadAllAccessors: .VariableDelayZeroDelay2

===========================================================================================
----------------- testing Mon May 13 04:19:47 UTC 2019 /home/travis/build/icyphy/ptII/ptolemy/domains/de/test/auto/deInCt.xml
----------------- Instantiating /home/travis/build/icyphy/ptII/ptolemy/domains/de/test/auto/deInCt.xml
0
1
1
1
1
0
0
0
0
1
1
1
1
0
0
0
1
1
0
0
0
0
0
0
0
1
1
1
1
5 ms. Memory: 815616K Free: 435020K (53%)
----------------- Invoking toplevel() on ptolemy.moml.MoMLSimpleApplication@33e91310
----------------- Done invoking toplevel() on ptolemy.moml.MoMLSimpleApplication@33e91310
reloadAllAccessors: .deInCt

===========================================================================================
----------------- testing Mon May 13 04:19:47 UTC 2019 /home/travis/build/icyphy/ptII/ptolemy/domains/de/test/auto/deInCt2.xml
----------------- Instantiating /home/travis/build/icyphy/ptII/ptolemy/domains/de/test/auto/deInCt2.xml
0
1
1
1
0
0
1
1
1
0
0
1
1
1
0
0
1
1
1
0
0
1
1
1
0
0
1
1
1
0
0
1
1
1
0
0
1
1
1
0
0
0
3 ms. Memory: 815616K Free: 420459K (52%)
----------------- Invoking toplevel() on ptolemy.moml.MoMLSimpleApplication@27386222
----------------- Done invoking toplevel() on ptolemy.moml.MoMLSimpleApplication@27386222
reloadAllAccessors: .deInCt2

===========================================================================================
----------------- testing Mon May 13 04:19:47 UTC 2019 /home/travis/build/icyphy/ptII/ptolemy/domains/de/test/auto/dynamicCausalityInterface1.xml
----------------- Instantiating /home/travis/build/icyphy/ptII/ptolemy/domains/de/test/auto/dynamicCausalityInterface1.xml
1 ms. Memory: 815616K Free: 397725K (49%)
----------------- Invoking toplevel() on ptolemy.moml.MoMLSimpleApplication@945c4a
----------------- Done invoking toplevel() on ptolemy.moml.MoMLSimpleApplication@945c4a
reloadAllAccessors: .dynamicCausalityInterface1

===========================================================================================
----------------- testing Mon May 13 04:19:47 UTC 2019 /home/travis/build/icyphy/ptII/ptolemy/domains/de/test/auto/fsm_de_test.xml
----------------- Instantiating /home/travis/build/icyphy/ptII/ptolemy/domains/de/test/auto/fsm_de_test.xml
5 ms. Memory: 815616K Free: 375871K (46%)
----------------- Invoking toplevel() on ptolemy.moml.MoMLSimpleApplication@316328d8
----------------- Done invoking toplevel() on ptolemy.moml.MoMLSimpleApplication@316328d8
reloadAllAccessors: .fsm_de_test

===========================================================================================
----------------- testing Mon May 13 04:19:47 UTC 2019 /home/travis/build/icyphy/ptII/ptolemy/domains/de/test/auto/functionDependencyReconstruction.xml
----------------- Instantiating /home/travis/build/icyphy/ptII/ptolemy/domains/de/test/auto/functionDependencyReconstruction.xml
2 ms. Memory: 815616K Free: 353137K (43%)
----------------- Invoking toplevel() on ptolemy.moml.MoMLSimpleApplication@161d303d
----------------- Done invoking toplevel() on ptolemy.moml.MoMLSimpleApplication@161d303d
reloadAllAccessors: .functionDependencyReconstruction

===========================================================================================
----------------- testing Mon May 13 04:19:47 UTC 2019 /home/travis/build/icyphy/ptII/ptolemy/domains/de/test/auto/multirate.xml
----------------- Instantiating /home/travis/build/icyphy/ptII/ptolemy/domains/de/test/auto/multirate.xml
3 ms. Memory: 815616K Free: 337699K (41%)
----------------- Invoking toplevel() on ptolemy.moml.MoMLSimpleApplication@43edcc46
----------------- Done invoking toplevel() on ptolemy.moml.MoMLSimpleApplication@43edcc46
reloadAllAccessors: .multirate

===========================================================================================
----------------- testing Mon May 13 04:19:47 UTC 2019 /home/travis/build/icyphy/ptII/ptolemy/domains/de/test/auto/multirate2.xml
----------------- Instantiating /home/travis/build/icyphy/ptII/ptolemy/domains/de/test/auto/multirate2.xml
3 ms. Memory: 815616K Free: 323138K (40%)
----------------- Invoking toplevel() on ptolemy.moml.MoMLSimpleApplication@5f6fb211
----------------- Done invoking toplevel() on ptolemy.moml.MoMLSimpleApplication@5f6fb211
reloadAllAccessors: .multirate2

===========================================================================================
----------------- testing Mon May 13 04:19:47 UTC 2019 /home/travis/build/icyphy/ptII/ptolemy/domains/de/test/auto/realtime.xml
----------------- Instantiating /home/travis/build/icyphy/ptII/ptolemy/domains/de/test/auto/realtime.xml
10001 ms. Memory: 815616K Free: 307700K (38%)
----------------- Invoking toplevel() on ptolemy.moml.MoMLSimpleApplication@7c4504f8
----------------- Done invoking toplevel() on ptolemy.moml.MoMLSimpleApplication@7c4504f8
reloadAllAccessors: .realtime

===========================================================================================
----------------- testing Mon May 13 04:19:57 UTC 2019 /home/travis/build/icyphy/ptII/ptolemy/domains/de/test/auto/relationGroup.xml
----------------- Instantiating /home/travis/build/icyphy/ptII/ptolemy/domains/de/test/auto/relationGroup.xml
1 ms. Memory: 815616K Free: 292263K (36%)
----------------- Invoking toplevel() on ptolemy.moml.MoMLSimpleApplication@441db8d1
----------------- Done invoking toplevel() on ptolemy.moml.MoMLSimpleApplication@441db8d1
reloadAllAccessors: .relationGroup

===========================================================================================
----------------- testing Mon May 13 04:19:57 UTC 2019 /home/travis/build/icyphy/ptII/ptolemy/domains/de/test/auto/relationGroup2.xml
----------------- Instantiating /home/travis/build/icyphy/ptII/ptolemy/domains/de/test/auto/relationGroup2.xml
1 ms. Memory: 815616K Free: 277702K (34%)
----------------- Invoking toplevel() on ptolemy.moml.MoMLSimpleApplication@244f10b3
----------------- Done invoking toplevel() on ptolemy.moml.MoMLSimpleApplication@244f10b3
reloadAllAccessors: .relationGroup2

===========================================================================================
----------------- testing Mon May 13 04:19:57 UTC 2019 /home/travis/build/icyphy/ptII/ptolemy/domains/de/test/auto/sortWithOpaquePorts.xml
----------------- Instantiating /home/travis/build/icyphy/ptII/ptolemy/domains/de/test/auto/sortWithOpaquePorts.xml
1 ms. Memory: 815616K Free: 262264K (32%)
----------------- Invoking toplevel() on ptolemy.moml.MoMLSimpleApplication@62e4482c
----------------- Done invoking toplevel() on ptolemy.moml.MoMLSimpleApplication@62e4482c
reloadAllAccessors: .sortWithOpaquePorts

===========================================================================================
----------------- testing Mon May 13 04:19:57 UTC 2019 /home/travis/build/icyphy/ptII/ptolemy/domains/de/test/auto/transferInputsandOutputs.xml
----------------- Instantiating /home/travis/build/icyphy/ptII/ptolemy/domains/de/test/auto/transferInputsandOutputs.xml
2 ms. Memory: 815616K Free: 246826K (30%)
----------------- Invoking toplevel() on ptolemy.moml.MoMLSimpleApplication@ad5f421
----------------- Done invoking toplevel() on ptolemy.moml.MoMLSimpleApplication@ad5f421
reloadAllAccessors: .transferInputsandOutputs

===========================================================================================
----------------- testing Mon May 13 04:19:57 UTC 2019 /home/travis/build/icyphy/ptII/ptolemy/domains/de/test/auto/triggerType.xml
----------------- Instantiating /home/travis/build/icyphy/ptII/ptolemy/domains/de/test/auto/triggerType.xml
1 ms. Memory: 815616K Free: 232265K (28%)
----------------- Invoking toplevel() on ptolemy.moml.MoMLSimpleApplication@1a814f16
----------------- Done invoking toplevel() on ptolemy.moml.MoMLSimpleApplication@1a814f16
reloadAllAccessors: .triggerType
AutoTests.java: About to close Vertx.
AutoTests.java: Vertx closed.
]]></system-out>
  <system-err><![CDATA[java.lang.RuntimeException: Execution failed
	at ptolemy.moml.MoMLSimpleApplication$UnloadThread.run(MoMLSimpleApplication.java:402)
Caused by: ptolemy.kernel.util.IllegalActionException: Found a zero delay loop containing .dependencyLoop.original
  in .dependencyLoop and .dependencyLoop.original
	at ptolemy.actor.util.CausalityInterfaceForComposites._computeOutputPortDepth(CausalityInterfaceForComposites.java:759)
	at ptolemy.actor.util.CausalityInterfaceForComposites._computeInputDepth(CausalityInterfaceForComposites.java:696)
	at ptolemy.actor.util.CausalityInterfaceForComposites._computeOutputPortDepth(CausalityInterfaceForComposites.java:765)
	at ptolemy.actor.util.CausalityInterfaceForComposites._computeInputDepth(CausalityInterfaceForComposites.java:696)
	at ptolemy.actor.util.CausalityInterfaceForComposites._computeOutputPortDepth(CausalityInterfaceForComposites.java:765)
	at ptolemy.actor.util.CausalityInterfaceForComposites._computeInputDepth(CausalityInterfaceForComposites.java:696)
	at ptolemy.actor.util.CausalityInterfaceForComposites._computeActorDepth(CausalityInterfaceForComposites.java:532)
	at ptolemy.actor.util.CausalityInterfaceForComposites.checkForCycles(CausalityInterfaceForComposites.java:96)
	at ptolemy.domains.de.kernel.DEDirector.preinitialize(DEDirector.java:1338)
	at ptolemy.actor.CompositeActor.preinitialize(CompositeActor.java:1828)
	at ptolemy.actor.Manager.preinitializeAndResolveTypes(Manager.java:1040)
	at ptolemy.actor.Manager.initialize(Manager.java:710)
	at ptolemy.actor.Manager.execute(Manager.java:356)
	at ptolemy.actor.Manager.run(Manager.java:1263)
	at ptolemy.actor.Manager$PtolemyRunThread.run(Manager.java:1915)
java.lang.RuntimeException: Execution failed
	at ptolemy.moml.MoMLSimpleApplication$UnloadThread.run(MoMLSimpleApplication.java:402)
Caused by: ptolemy.kernel.util.IllegalActionException: Found a zero delay loop containing .dependencyLoop2.original
  in .dependencyLoop2 and .dependencyLoop2.original
	at ptolemy.actor.util.CausalityInterfaceForComposites._computeOutputPortDepth(CausalityInterfaceForComposites.java:759)
	at ptolemy.actor.util.CausalityInterfaceForComposites._computeInputDepth(CausalityInterfaceForComposites.java:696)
	at ptolemy.actor.util.CausalityInterfaceForComposites._computeOutputPortDepth(CausalityInterfaceForComposites.java:765)
	at ptolemy.actor.util.CausalityInterfaceForComposites._computeInputDepth(CausalityInterfaceForComposites.java:696)
	at ptolemy.actor.util.CausalityInterfaceForComposites._computeOutputPortDepth(CausalityInterfaceForComposites.java:765)
	at ptolemy.actor.util.CausalityInterfaceForComposites._computeInputDepth(CausalityInterfaceForComposites.java:696)
	at ptolemy.actor.util.CausalityInterfaceForComposites._computeActorDepth(CausalityInterfaceForComposites.java:532)
	at ptolemy.actor.util.CausalityInterfaceForComposites.checkForCycles(CausalityInterfaceForComposites.java:96)
	at ptolemy.domains.de.kernel.DEDirector.preinitialize(DEDirector.java:1338)
	at ptolemy.actor.CompositeActor.preinitialize(CompositeActor.java:1828)
	at ptolemy.actor.Manager.preinitializeAndResolveTypes(Manager.java:1040)
	at ptolemy.actor.Manager.initialize(Manager.java:710)
	at ptolemy.actor.Manager.execute(Manager.java:356)
	at ptolemy.actor.Manager.run(Manager.java:1263)
	at ptolemy.actor.Manager$PtolemyRunThread.run(Manager.java:1915)
java.lang.RuntimeException: Execution failed
	at ptolemy.moml.MoMLSimpleApplication$UnloadThread.run(MoMLSimpleApplication.java:402)
Caused by: ptolemy.kernel.util.IllegalActionException: Found a zero delay loop containing .dependencyLoop.original
  in .dependencyLoop and .dependencyLoop.original
	at ptolemy.actor.util.CausalityInterfaceForComposites._computeOutputPortDepth(CausalityInterfaceForComposites.java:759)
	at ptolemy.actor.util.CausalityInterfaceForComposites._computeInputDepth(CausalityInterfaceForComposites.java:696)
	at ptolemy.actor.util.CausalityInterfaceForComposites._computeOutputPortDepth(CausalityInterfaceForComposites.java:765)
	at ptolemy.actor.util.CausalityInterfaceForComposites._computeInputDepth(CausalityInterfaceForComposites.java:696)
	at ptolemy.actor.util.CausalityInterfaceForComposites._computeOutputPortDepth(CausalityInterfaceForComposites.java:765)
	at ptolemy.actor.util.CausalityInterfaceForComposites._computeInputDepth(CausalityInterfaceForComposites.java:696)
	at ptolemy.actor.util.CausalityInterfaceForComposites._computeActorDepth(CausalityInterfaceForComposites.java:532)
	at ptolemy.actor.util.CausalityInterfaceForComposites.checkForCycles(CausalityInterfaceForComposites.java:96)
	at ptolemy.domains.de.kernel.DEDirector.preinitialize(DEDirector.java:1338)
	at ptolemy.actor.CompositeActor.preinitialize(CompositeActor.java:1828)
	at ptolemy.actor.Manager.preinitializeAndResolveTypes(Manager.java:1040)
	at ptolemy.actor.Manager.initialize(Manager.java:710)
	at ptolemy.actor.Manager.execute(Manager.java:356)
	at ptolemy.actor.Manager.run(Manager.java:1263)
	at ptolemy.actor.Manager$PtolemyRunThread.run(Manager.java:1915)
java.lang.RuntimeException: Execution failed
	at ptolemy.moml.MoMLSimpleApplication$UnloadThread.run(MoMLSimpleApplication.java:402)
Caused by: ptolemy.kernel.util.IllegalActionException: Actor is not ready to fire.  Perhaps UpSample.prefire() returned false? Try debugging the actor by selecting "Listen to Actor".  Also, for SDF check moml for tokenConsumptionRate on input.
  in .DESDFClockTest.Play Bell.Copy1:SDF Director and .DESDFClockTest.Play Bell.UpSample
	at ptolemy.actor.sched.StaticSchedulingDirector.fire(StaticSchedulingDirector.java:227)
	at ptolemy.domains.sdf.kernel.SDFDirector.fire(SDFDirector.java:500)
	at ptolemy.actor.CompositeActor.fire(CompositeActor.java:455)
	at ptolemy.domains.de.kernel.DEDirector._fire(DEDirector.java:1949)
	at ptolemy.domains.de.kernel.DEDirector.fire(DEDirector.java:502)
	at ptolemy.actor.CompositeActor.fire(CompositeActor.java:455)
	at ptolemy.actor.Manager.iterate(Manager.java:851)
	at ptolemy.actor.Manager.execute(Manager.java:369)
	at ptolemy.actor.Manager.run(Manager.java:1263)
	at ptolemy.actor.Manager$PtolemyRunThread.run(Manager.java:1915)
java.lang.RuntimeException: Execution failed
	at ptolemy.moml.MoMLSimpleApplication$UnloadThread.run(MoMLSimpleApplication.java:402)
Caused by: ptolemy.kernel.util.IllegalActionException: Found a zero delay loop containing .dependencyLoop2.original
  in .dependencyLoop2 and .dependencyLoop2.original
	at ptolemy.actor.util.CausalityInterfaceForComposites._computeOutputPortDepth(CausalityInterfaceForComposites.java:759)
	at ptolemy.actor.util.CausalityInterfaceForComposites._computeInputDepth(CausalityInterfaceForComposites.java:696)
	at ptolemy.actor.util.CausalityInterfaceForComposites._computeOutputPortDepth(CausalityInterfaceForComposites.java:765)
	at ptolemy.actor.util.CausalityInterfaceForComposites._computeInputDepth(CausalityInterfaceForComposites.java:696)
	at ptolemy.actor.util.CausalityInterfaceForComposites._computeOutputPortDepth(CausalityInterfaceForComposites.java:765)
	at ptolemy.actor.util.CausalityInterfaceForComposites._computeInputDepth(CausalityInterfaceForComposites.java:696)
	at ptolemy.actor.util.CausalityInterfaceForComposites._computeActorDepth(CausalityInterfaceForComposites.java:532)
	at ptolemy.actor.util.CausalityInterfaceForComposites.checkForCycles(CausalityInterfaceForComposites.java:96)
	at ptolemy.domains.de.kernel.DEDirector.preinitialize(DEDirector.java:1338)
	at ptolemy.actor.CompositeActor.preinitialize(CompositeActor.java:1828)
	at ptolemy.actor.Manager.preinitializeAndResolveTypes(Manager.java:1040)
	at ptolemy.actor.Manager.initialize(Manager.java:710)
	at ptolemy.actor.Manager.execute(Manager.java:356)
	at ptolemy.actor.Manager.run(Manager.java:1263)
	at ptolemy.actor.Manager$PtolemyRunThread.run(Manager.java:1915)
java.lang.RuntimeException: Execution failed
	at ptolemy.moml.MoMLSimpleApplication$UnloadThread.run(MoMLSimpleApplication.java:402)
Caused by: ptolemy.kernel.util.IllegalActionException: Found a zero delay loop containing .HierarchicalModel.A
  in .HierarchicalModel and .HierarchicalModel.A
	at ptolemy.actor.util.CausalityInterfaceForComposites._computeOutputPortDepth(CausalityInterfaceForComposites.java:759)
	at ptolemy.actor.util.CausalityInterfaceForComposites._computeInputDepth(CausalityInterfaceForComposites.java:696)
	at ptolemy.actor.util.CausalityInterfaceForComposites._computeOutputPortDepth(CausalityInterfaceForComposites.java:765)
	at ptolemy.actor.util.CausalityInterfaceForComposites._computeInputDepth(CausalityInterfaceForComposites.java:696)
	at ptolemy.actor.util.CausalityInterfaceForComposites._computeOutputPortDepth(CausalityInterfaceForComposites.java:765)
	at ptolemy.actor.util.CausalityInterfaceForComposites._computeInputDepth(CausalityInterfaceForComposites.java:696)
	at ptolemy.actor.util.CausalityInterfaceForComposites._computeActorDepth(CausalityInterfaceForComposites.java:532)
	at ptolemy.actor.util.CausalityInterfaceForComposites.checkForCycles(CausalityInterfaceForComposites.java:96)
	at ptolemy.domains.de.kernel.DEDirector.preinitialize(DEDirector.java:1338)
	at ptolemy.actor.CompositeActor.preinitialize(CompositeActor.java:1828)
	at ptolemy.actor.Manager.preinitializeAndResolveTypes(Manager.java:1040)
	at ptolemy.actor.Manager.initialize(Manager.java:710)
	at ptolemy.actor.Manager.execute(Manager.java:356)
	at ptolemy.actor.Manager.run(Manager.java:1263)
	at ptolemy.actor.Manager$PtolemyRunThread.run(Manager.java:1915)
java.lang.RuntimeException: Execution failed
	at ptolemy.moml.MoMLSimpleApplication$UnloadThread.run(MoMLSimpleApplication.java:402)
Caused by: ptolemy.kernel.util.IllegalActionException: Test fails in iteration 1.
Value was: 1.0. Should have been: 2.0
  in .DirectFeedback.Test
	at ptolemy.actor.lib.Test.fire(Test.java:268)
	at ptolemy.domains.de.kernel.DEDirector._fire(DEDirector.java:1949)
	at ptolemy.domains.de.kernel.DEDirector.fire(DEDirector.java:502)
	at ptolemy.actor.CompositeActor.fire(CompositeActor.java:455)
	at ptolemy.actor.Manager.iterate(Manager.java:851)
	at ptolemy.actor.Manager.execute(Manager.java:369)
	at ptolemy.actor.Manager.run(Manager.java:1263)
	at ptolemy.actor.Manager$PtolemyRunThread.run(Manager.java:1915)
java.lang.RuntimeException: Execution failed
	at ptolemy.moml.MoMLSimpleApplication$UnloadThread.run(MoMLSimpleApplication.java:402)
Caused by: ptolemy.kernel.util.IllegalActionException: Actor is not ready to fire.  Perhaps UpSample.prefire() returned false? Try debugging the actor by selecting "Listen to Actor".  Also, for SDF check moml for tokenConsumptionRate on input.
  in .DESDFClockTest.Play Bell.Copy1:SDF Director and .DESDFClockTest.Play Bell.UpSample
	at ptolemy.actor.sched.StaticSchedulingDirector.fire(StaticSchedulingDirector.java:227)
	at ptolemy.domains.sdf.kernel.SDFDirector.fire(SDFDirector.java:500)
	at ptolemy.actor.CompositeActor.fire(CompositeActor.java:455)
	at ptolemy.domains.de.kernel.DEDirector._fire(DEDirector.java:1949)
	at ptolemy.domains.de.kernel.DEDirector.fire(DEDirector.java:502)
	at ptolemy.actor.CompositeActor.fire(CompositeActor.java:455)
	at ptolemy.actor.Manager.iterate(Manager.java:851)
	at ptolemy.actor.Manager.execute(Manager.java:369)
	at ptolemy.actor.Manager.run(Manager.java:1263)
	at ptolemy.actor.Manager$PtolemyRunThread.run(Manager.java:1915)
java.lang.reflect.InvocationTargetException
	at sun.reflect.NativeConstructorAccessorImpl.newInstance0(Native Method)
	at sun.reflect.NativeConstructorAccessorImpl.newInstance(NativeConstructorAccessorImpl.java:62)
	at sun.reflect.DelegatingConstructorAccessorImpl.newInstance(DelegatingConstructorAccessorImpl.java:45)
	at java.lang.reflect.Constructor.newInstance(Constructor.java:423)
	at ptolemy.util.test.junit.AutoKnownFailedTests.RunModel(AutoKnownFailedTests.java:105)
	at sun.reflect.NativeMethodAccessorImpl.invoke0(Native Method)
	at sun.reflect.NativeMethodAccessorImpl.invoke(NativeMethodAccessorImpl.java:62)
	at sun.reflect.DelegatingMethodAccessorImpl.invoke(DelegatingMethodAccessorImpl.java:43)
	at java.lang.reflect.Method.invoke(Method.java:498)
	at org.junit.runners.model.FrameworkMethod$1.runReflectiveCall(FrameworkMethod.java:44)
	at org.junit.internal.runners.model.ReflectiveCallable.run(ReflectiveCallable.java:15)
	at org.junit.runners.model.FrameworkMethod.invokeExplosively(FrameworkMethod.java:41)
	at junitparams.internal.InvokeParameterisedMethod.evaluate(InvokeParameterisedMethod.java:102)
	at org.junit.internal.runners.statements.FailOnTimeout$1.run(FailOnTimeout.java:28)
Caused by: ptolemy.kernel.util.IllegalActionException: Actor is not ready to fire.  Perhaps UpSample.prefire() returned false? Try debugging the actor by selecting "Listen to Actor".  Also, for SDF check moml for tokenConsumptionRate on input.
  in .DESDFClockTest.Play Bell.Copy1:SDF Director and .DESDFClockTest.Play Bell.UpSample
	at ptolemy.actor.sched.StaticSchedulingDirector.fire(StaticSchedulingDirector.java:227)
	at ptolemy.domains.sdf.kernel.SDFDirector.fire(SDFDirector.java:500)
	at ptolemy.actor.CompositeActor.fire(CompositeActor.java:455)
	at ptolemy.domains.de.kernel.DEDirector._fire(DEDirector.java:1949)
	at ptolemy.domains.de.kernel.DEDirector.fire(DEDirector.java:502)
	at ptolemy.actor.CompositeActor.fire(CompositeActor.java:455)
	at ptolemy.actor.Manager.iterate(Manager.java:851)
	at ptolemy.actor.Manager.execute(Manager.java:369)
	at ptolemy.actor.Manager.run(Manager.java:1263)
	at ptolemy.actor.Manager$PtolemyRunThread.run(Manager.java:1915)
java.lang.RuntimeException: Execution failed
	at ptolemy.moml.MoMLSimpleApplication$UnloadThread.run(MoMLSimpleApplication.java:402)
Caused by: ptolemy.kernel.util.IllegalActionException: Test fails in iteration 1.
Value was: 1.0. Should have been: 2.0
  in .DirectFeedback.Test
	at ptolemy.actor.lib.Test.fire(Test.java:268)
	at ptolemy.domains.de.kernel.DEDirector._fire(DEDirector.java:1949)
	at ptolemy.domains.de.kernel.DEDirector.fire(DEDirector.java:502)
	at ptolemy.actor.CompositeActor.fire(CompositeActor.java:455)
	at ptolemy.actor.Manager.iterate(Manager.java:851)
	at ptolemy.actor.Manager.execute(Manager.java:369)
	at ptolemy.actor.Manager.run(Manager.java:1263)
	at ptolemy.actor.Manager$PtolemyRunThread.run(Manager.java:1915)
java.lang.reflect.InvocationTargetException
	at sun.reflect.NativeConstructorAccessorImpl.newInstance0(Native Method)
	at sun.reflect.NativeConstructorAccessorImpl.newInstance(NativeConstructorAccessorImpl.java:62)
	at sun.reflect.DelegatingConstructorAccessorImpl.newInstance(DelegatingConstructorAccessorImpl.java:45)
	at java.lang.reflect.Constructor.newInstance(Constructor.java:423)
	at ptolemy.util.test.junit.AutoKnownFailedTests.RunModel(AutoKnownFailedTests.java:105)
	at sun.reflect.NativeMethodAccessorImpl.invoke0(Native Method)
	at sun.reflect.NativeMethodAccessorImpl.invoke(NativeMethodAccessorImpl.java:62)
	at sun.reflect.DelegatingMethodAccessorImpl.invoke(DelegatingMethodAccessorImpl.java:43)
	at java.lang.reflect.Method.invoke(Method.java:498)
	at org.junit.runners.model.FrameworkMethod$1.runReflectiveCall(FrameworkMethod.java:44)
	at org.junit.internal.runners.model.ReflectiveCallable.run(ReflectiveCallable.java:15)
	at org.junit.runners.model.FrameworkMethod.invokeExplosively(FrameworkMethod.java:41)
	at junitparams.internal.InvokeParameterisedMethod.evaluate(InvokeParameterisedMethod.java:102)
	at org.junit.internal.runners.statements.FailOnTimeout$1.run(FailOnTimeout.java:28)
Caused by: ptolemy.kernel.util.IllegalActionException: Test fails in iteration 1.
Value was: 1.0. Should have been: 2.0
  in .DirectFeedback.Test
	at ptolemy.actor.lib.Test.fire(Test.java:268)
	at ptolemy.domains.de.kernel.DEDirector._fire(DEDirector.java:1949)
	at ptolemy.domains.de.kernel.DEDirector.fire(DEDirector.java:502)
	at ptolemy.actor.CompositeActor.fire(CompositeActor.java:455)
	at ptolemy.actor.Manager.iterate(Manager.java:851)
	at ptolemy.actor.Manager.execute(Manager.java:369)
	at ptolemy.actor.Manager.run(Manager.java:1263)
	at ptolemy.actor.Manager$PtolemyRunThread.run(Manager.java:1915)
java.lang.RuntimeException: Execution failed
	at ptolemy.moml.MoMLSimpleApplication$UnloadThread.run(MoMLSimpleApplication.java:402)
Caused by: ptolemy.kernel.util.IllegalActionException: Found a zero delay loop containing .HierarchicalModel.A
  in .HierarchicalModel and .HierarchicalModel.A
	at ptolemy.actor.util.CausalityInterfaceForComposites._computeOutputPortDepth(CausalityInterfaceForComposites.java:759)
	at ptolemy.actor.util.CausalityInterfaceForComposites._computeInputDepth(CausalityInterfaceForComposites.java:696)
	at ptolemy.actor.util.CausalityInterfaceForComposites._computeOutputPortDepth(CausalityInterfaceForComposites.java:765)
	at ptolemy.actor.util.CausalityInterfaceForComposites._computeInputDepth(CausalityInterfaceForComposites.java:696)
	at ptolemy.actor.util.CausalityInterfaceForComposites._computeOutputPortDepth(CausalityInterfaceForComposites.java:765)
	at ptolemy.actor.util.CausalityInterfaceForComposites._computeInputDepth(CausalityInterfaceForComposites.java:696)
	at ptolemy.actor.util.CausalityInterfaceForComposites._computeActorDepth(CausalityInterfaceForComposites.java:532)
	at ptolemy.actor.util.CausalityInterfaceForComposites.checkForCycles(CausalityInterfaceForComposites.java:96)
	at ptolemy.domains.de.kernel.DEDirector.preinitialize(DEDirector.java:1338)
	at ptolemy.actor.CompositeActor.preinitialize(CompositeActor.java:1828)
	at ptolemy.actor.Manager.preinitializeAndResolveTypes(Manager.java:1040)
	at ptolemy.actor.Manager.initialize(Manager.java:710)
	at ptolemy.actor.Manager.execute(Manager.java:356)
	at ptolemy.actor.Manager.run(Manager.java:1263)
	at ptolemy.actor.Manager$PtolemyRunThread.run(Manager.java:1915)
java.lang.reflect.InvocationTargetException
	at sun.reflect.NativeConstructorAccessorImpl.newInstance0(Native Method)
	at sun.reflect.NativeConstructorAccessorImpl.newInstance(NativeConstructorAccessorImpl.java:62)
	at sun.reflect.DelegatingConstructorAccessorImpl.newInstance(DelegatingConstructorAccessorImpl.java:45)
	at java.lang.reflect.Constructor.newInstance(Constructor.java:423)
	at ptolemy.util.test.junit.AutoKnownFailedTests.RunModel(AutoKnownFailedTests.java:105)
	at sun.reflect.NativeMethodAccessorImpl.invoke0(Native Method)
	at sun.reflect.NativeMethodAccessorImpl.invoke(NativeMethodAccessorImpl.java:62)
	at sun.reflect.DelegatingMethodAccessorImpl.invoke(DelegatingMethodAccessorImpl.java:43)
	at java.lang.reflect.Method.invoke(Method.java:498)
	at org.junit.runners.model.FrameworkMethod$1.runReflectiveCall(FrameworkMethod.java:44)
	at org.junit.internal.runners.model.ReflectiveCallable.run(ReflectiveCallable.java:15)
	at org.junit.runners.model.FrameworkMethod.invokeExplosively(FrameworkMethod.java:41)
	at junitparams.internal.InvokeParameterisedMethod.evaluate(InvokeParameterisedMethod.java:102)
	at org.junit.internal.runners.statements.FailOnTimeout$1.run(FailOnTimeout.java:28)
Caused by: ptolemy.kernel.util.IllegalActionException: Found a zero delay loop containing .HierarchicalModel.A
  in .HierarchicalModel and .HierarchicalModel.A
	at ptolemy.actor.util.CausalityInterfaceForComposites._computeOutputPortDepth(CausalityInterfaceForComposites.java:759)
	at ptolemy.actor.util.CausalityInterfaceForComposites._computeInputDepth(CausalityInterfaceForComposites.java:696)
	at ptolemy.actor.util.CausalityInterfaceForComposites._computeOutputPortDepth(CausalityInterfaceForComposites.java:765)
	at ptolemy.actor.util.CausalityInterfaceForComposites._computeInputDepth(CausalityInterfaceForComposites.java:696)
	at ptolemy.actor.util.CausalityInterfaceForComposites._computeOutputPortDepth(CausalityInterfaceForComposites.java:765)
	at ptolemy.actor.util.CausalityInterfaceForComposites._computeInputDepth(CausalityInterfaceForComposites.java:696)
	at ptolemy.actor.util.CausalityInterfaceForComposites._computeActorDepth(CausalityInterfaceForComposites.java:532)
	at ptolemy.actor.util.CausalityInterfaceForComposites.checkForCycles(CausalityInterfaceForComposites.java:96)
	at ptolemy.domains.de.kernel.DEDirector.preinitialize(DEDirector.java:1338)
	at ptolemy.actor.CompositeActor.preinitialize(CompositeActor.java:1828)
	at ptolemy.actor.Manager.preinitializeAndResolveTypes(Manager.java:1040)
	at ptolemy.actor.Manager.initialize(Manager.java:710)
	at ptolemy.actor.Manager.execute(Manager.java:356)
	at ptolemy.actor.Manager.run(Manager.java:1263)
	at ptolemy.actor.Manager$PtolemyRunThread.run(Manager.java:1915)
java.lang.RuntimeException: Execution failed
	at ptolemy.moml.MoMLSimpleApplication$UnloadThread.run(MoMLSimpleApplication.java:402)
Caused by: ptolemy.kernel.util.IllegalActionException: Found a zero delay loop containing .dependencyLoop.original
  in .dependencyLoop and .dependencyLoop.original
	at ptolemy.actor.util.CausalityInterfaceForComposites._computeOutputPortDepth(CausalityInterfaceForComposites.java:759)
	at ptolemy.actor.util.CausalityInterfaceForComposites._computeInputDepth(CausalityInterfaceForComposites.java:696)
	at ptolemy.actor.util.CausalityInterfaceForComposites._computeOutputPortDepth(CausalityInterfaceForComposites.java:765)
	at ptolemy.actor.util.CausalityInterfaceForComposites._computeInputDepth(CausalityInterfaceForComposites.java:696)
	at ptolemy.actor.util.CausalityInterfaceForComposites._computeOutputPortDepth(CausalityInterfaceForComposites.java:765)
	at ptolemy.actor.util.CausalityInterfaceForComposites._computeInputDepth(CausalityInterfaceForComposites.java:696)
	at ptolemy.actor.util.CausalityInterfaceForComposites._computeActorDepth(CausalityInterfaceForComposites.java:532)
	at ptolemy.actor.util.CausalityInterfaceForComposites.checkForCycles(CausalityInterfaceForComposites.java:96)
	at ptolemy.domains.de.kernel.DEDirector.preinitialize(DEDirector.java:1338)
	at ptolemy.actor.CompositeActor.preinitialize(CompositeActor.java:1828)
	at ptolemy.actor.Manager.preinitializeAndResolveTypes(Manager.java:1040)
	at ptolemy.actor.Manager.initialize(Manager.java:710)
	at ptolemy.actor.Manager.execute(Manager.java:356)
	at ptolemy.actor.Manager.run(Manager.java:1263)
	at ptolemy.actor.Manager$PtolemyRunThread.run(Manager.java:1915)
java.lang.reflect.InvocationTargetException
	at sun.reflect.NativeConstructorAccessorImpl.newInstance0(Native Method)
	at sun.reflect.NativeConstructorAccessorImpl.newInstance(NativeConstructorAccessorImpl.java:62)
	at sun.reflect.DelegatingConstructorAccessorImpl.newInstance(DelegatingConstructorAccessorImpl.java:45)
	at java.lang.reflect.Constructor.newInstance(Constructor.java:423)
	at ptolemy.util.test.junit.AutoKnownFailedTests.RunModel(AutoKnownFailedTests.java:105)
	at sun.reflect.NativeMethodAccessorImpl.invoke0(Native Method)
	at sun.reflect.NativeMethodAccessorImpl.invoke(NativeMethodAccessorImpl.java:62)
	at sun.reflect.DelegatingMethodAccessorImpl.invoke(DelegatingMethodAccessorImpl.java:43)
	at java.lang.reflect.Method.invoke(Method.java:498)
	at org.junit.runners.model.FrameworkMethod$1.runReflectiveCall(FrameworkMethod.java:44)
	at org.junit.internal.runners.model.ReflectiveCallable.run(ReflectiveCallable.java:15)
	at org.junit.runners.model.FrameworkMethod.invokeExplosively(FrameworkMethod.java:41)
	at junitparams.internal.InvokeParameterisedMethod.evaluate(InvokeParameterisedMethod.java:102)
	at org.junit.internal.runners.statements.FailOnTimeout$1.run(FailOnTimeout.java:28)
Caused by: ptolemy.kernel.util.IllegalActionException: Found a zero delay loop containing .dependencyLoop.original
  in .dependencyLoop and .dependencyLoop.original
	at ptolemy.actor.util.CausalityInterfaceForComposites._computeOutputPortDepth(CausalityInterfaceForComposites.java:759)
	at ptolemy.actor.util.CausalityInterfaceForComposites._computeInputDepth(CausalityInterfaceForComposites.java:696)
	at ptolemy.actor.util.CausalityInterfaceForComposites._computeOutputPortDepth(CausalityInterfaceForComposites.java:765)
	at ptolemy.actor.util.CausalityInterfaceForComposites._computeInputDepth(CausalityInterfaceForComposites.java:696)
	at ptolemy.actor.util.CausalityInterfaceForComposites._computeOutputPortDepth(CausalityInterfaceForComposites.java:765)
	at ptolemy.actor.util.CausalityInterfaceForComposites._computeInputDepth(CausalityInterfaceForComposites.java:696)
	at ptolemy.actor.util.CausalityInterfaceForComposites._computeActorDepth(CausalityInterfaceForComposites.java:532)
	at ptolemy.actor.util.CausalityInterfaceForComposites.checkForCycles(CausalityInterfaceForComposites.java:96)
	at ptolemy.domains.de.kernel.DEDirector.preinitialize(DEDirector.java:1338)
	at ptolemy.actor.CompositeActor.preinitialize(CompositeActor.java:1828)
	at ptolemy.actor.Manager.preinitializeAndResolveTypes(Manager.java:1040)
	at ptolemy.actor.Manager.initialize(Manager.java:710)
	at ptolemy.actor.Manager.execute(Manager.java:356)
	at ptolemy.actor.Manager.run(Manager.java:1263)
	at ptolemy.actor.Manager$PtolemyRunThread.run(Manager.java:1915)
java.lang.RuntimeException: Execution failed
	at ptolemy.moml.MoMLSimpleApplication$UnloadThread.run(MoMLSimpleApplication.java:402)
Caused by: ptolemy.kernel.util.IllegalActionException: Found a zero delay loop containing .dependencyLoop2.original
  in .dependencyLoop2 and .dependencyLoop2.original
	at ptolemy.actor.util.CausalityInterfaceForComposites._computeOutputPortDepth(CausalityInterfaceForComposites.java:759)
	at ptolemy.actor.util.CausalityInterfaceForComposites._computeInputDepth(CausalityInterfaceForComposites.java:696)
	at ptolemy.actor.util.CausalityInterfaceForComposites._computeOutputPortDepth(CausalityInterfaceForComposites.java:765)
	at ptolemy.actor.util.CausalityInterfaceForComposites._computeInputDepth(CausalityInterfaceForComposites.java:696)
	at ptolemy.actor.util.CausalityInterfaceForComposites._computeOutputPortDepth(CausalityInterfaceForComposites.java:765)
	at ptolemy.actor.util.CausalityInterfaceForComposites._computeInputDepth(CausalityInterfaceForComposites.java:696)
	at ptolemy.actor.util.CausalityInterfaceForComposites._computeActorDepth(CausalityInterfaceForComposites.java:532)
	at ptolemy.actor.util.CausalityInterfaceForComposites.checkForCycles(CausalityInterfaceForComposites.java:96)
	at ptolemy.domains.de.kernel.DEDirector.preinitialize(DEDirector.java:1338)
	at ptolemy.actor.CompositeActor.preinitialize(CompositeActor.java:1828)
	at ptolemy.actor.Manager.preinitializeAndResolveTypes(Manager.java:1040)
	at ptolemy.actor.Manager.initialize(Manager.java:710)
	at ptolemy.actor.Manager.execute(Manager.java:356)
	at ptolemy.actor.Manager.run(Manager.java:1263)
	at ptolemy.actor.Manager$PtolemyRunThread.run(Manager.java:1915)
java.lang.reflect.InvocationTargetException
	at sun.reflect.NativeConstructorAccessorImpl.newInstance0(Native Method)
	at sun.reflect.NativeConstructorAccessorImpl.newInstance(NativeConstructorAccessorImpl.java:62)
	at sun.reflect.DelegatingConstructorAccessorImpl.newInstance(DelegatingConstructorAccessorImpl.java:45)
	at java.lang.reflect.Constructor.newInstance(Constructor.java:423)
	at ptolemy.util.test.junit.AutoKnownFailedTests.RunModel(AutoKnownFailedTests.java:105)
	at sun.reflect.NativeMethodAccessorImpl.invoke0(Native Method)
	at sun.reflect.NativeMethodAccessorImpl.invoke(NativeMethodAccessorImpl.java:62)
	at sun.reflect.DelegatingMethodAccessorImpl.invoke(DelegatingMethodAccessorImpl.java:43)
	at java.lang.reflect.Method.invoke(Method.java:498)
	at org.junit.runners.model.FrameworkMethod$1.runReflectiveCall(FrameworkMethod.java:44)
	at org.junit.internal.runners.model.ReflectiveCallable.run(ReflectiveCallable.java:15)
	at org.junit.runners.model.FrameworkMethod.invokeExplosively(FrameworkMethod.java:41)
	at junitparams.internal.InvokeParameterisedMethod.evaluate(InvokeParameterisedMethod.java:102)
	at org.junit.internal.runners.statements.FailOnTimeout$1.run(FailOnTimeout.java:28)
Caused by: ptolemy.kernel.util.IllegalActionException: Found a zero delay loop containing .dependencyLoop2.original
  in .dependencyLoop2 and .dependencyLoop2.original
	at ptolemy.actor.util.CausalityInterfaceForComposites._computeOutputPortDepth(CausalityInterfaceForComposites.java:759)
	at ptolemy.actor.util.CausalityInterfaceForComposites._computeInputDepth(CausalityInterfaceForComposites.java:696)
	at ptolemy.actor.util.CausalityInterfaceForComposites._computeOutputPortDepth(CausalityInterfaceForComposites.java:765)
	at ptolemy.actor.util.CausalityInterfaceForComposites._computeInputDepth(CausalityInterfaceForComposites.java:696)
	at ptolemy.actor.util.CausalityInterfaceForComposites._computeOutputPortDepth(CausalityInterfaceForComposites.java:765)
	at ptolemy.actor.util.CausalityInterfaceForComposites._computeInputDepth(CausalityInterfaceForComposites.java:696)
	at ptolemy.actor.util.CausalityInterfaceForComposites._computeActorDepth(CausalityInterfaceForComposites.java:532)
	at ptolemy.actor.util.CausalityInterfaceForComposites.checkForCycles(CausalityInterfaceForComposites.java:96)
	at ptolemy.domains.de.kernel.DEDirector.preinitialize(DEDirector.java:1338)
	at ptolemy.actor.CompositeActor.preinitialize(CompositeActor.java:1828)
	at ptolemy.actor.Manager.preinitializeAndResolveTypes(Manager.java:1040)
	at ptolemy.actor.Manager.initialize(Manager.java:710)
	at ptolemy.actor.Manager.execute(Manager.java:356)
	at ptolemy.actor.Manager.run(Manager.java:1263)
	at ptolemy.actor.Manager$PtolemyRunThread.run(Manager.java:1915)
]]></system-err>
</testsuite>
