<?xml version="1.0" encoding="UTF-8" ?>
<testsuite errors="0" failures="0" hostname="travis-job-67362b65-4081-4a7e-b7e7-e9b914ead326" name="ptolemy.domains.de.test.junit.JUnitTclTest" skipped="0" tests="101" time="134.346" timestamp="2018-08-16T01:56:05">
  <properties>
    <property name="npm.executable" value="npm" />
    <property name="file.encoding.pkg" value="sun.io" />
    <property name="ptII.mk.exists" value="true" />
    <property name="env.rvm_bin_path" value="/home/travis/.rvm/bin" />
    <property name="java.home" value="/usr/lib/jvm/java-8-oracle/jre" />
    <property name="env.TRAVIS_JOB_NUMBER" value="697.9" />
    <property name="env.DISPLAY" value=":99.0" />
    <property name="java.net.preferIPv4Stack" value="true" />
    <property name="env.TRAVIS_INIT" value="upstart" />
    <property name="env.SSH_TTY" value="/dev/pts/0" />
    <property name="env.RUN_TESTS" value="false" />
    <property name="timeout.short" value="1000000" />
    <property name="env.TRAVIS_STACK_NODE_ATTRIBUTES" value="/.node-attributes.yml" />
    <property name="junit.formatter" value="xml" />
    <property name="java.endorsed.dirs" value="/usr/lib/jvm/java-8-oracle/jre/lib/endorsed" />
    <property name="env.TRAVIS_SUDO" value="true" />
    <property name="env.LOGNAME" value="travis" />
    <property name="jsdoc.home" value="node_modules/@terraswarm/jsdoc" />
    <property name="debuglevel" value="source,lines,vars" />
    <property name="checkstyle.formatter" value="xml" />
    <property name="bin.vergil.makeable" value="true" />
    <property name="env._system_version" value="14.04" />
    <property name="sun.os.patch.level" value="unknown" />
    <property name="java.vendor.url" value="http://java.oracle.com/" />
    <property name="java.version" value="1.8.0_151" />
    <property name="env.TZ" value="UTC" />
    <property name="env.PT_NO_NET" value="true" />
    <property name="env.TRAVIS_PULL_REQUEST_SHA" value="" />
    <property name="env.TRAVIS_SECURE_ENV_VARS" value="true" />
    <property name="env._system_type" value="Linux" />
    <property name="java.vendor.url.bug" value="http://bugreport.sun.com/bugreport/" />
    <property name="env.SSH_CLIENT" value="10.10.4.40 38292 22" />
    <property name="npmjs-org-is-up" value="true" />
    <property name="env.GEM_HOME" value="/home/travis/.rvm/gems/ruby-2.4.1" />
    <property name="env.HAS_ANTARES_THREE_LITTLE_FRONZIES_BADGE" value="true" />
    <property name="env.PS4" value="+" />
    <property name="ant.project.invoked-targets" value="build,test.core2.xml" />
    <property name="env.TRAVIS_PULL_REQUEST_BRANCH" value="" />
    <property name="env.TRAVIS_REPO_SLUG" value="icyphy/ptII" />
    <property name="node.in.path" value="true" />
    <property name="java.maxmemory" value="1400m" />
    <property name="env.RUBY_VERSION" value="ruby-2.4.1" />
    <property name="user.name" value="travis" />
    <property name="env.LANG" value="en_US.UTF-8" />
    <property name="sun.io.unicode.encoding" value="UnicodeLittle" />
    <property name="sun.jnu.encoding" value="UTF-8" />
    <property name="java.runtime.name" value="Java(TM) SE Runtime Environment" />
    <property name="usefile" value="false" />
    <property name="return.code" value="0" />
    <property name="junit.single.formatter" value="plain" />
    <property name="env.DYLD_LIBRARY_PATH" value="/home/travis/pthla/certi-tools/lib:" />
    <property name="env.DEBIAN_FRONTEND" value="noninteractive" />
    <property name="env.SSH_CONNECTION" value="10.10.4.40 38292 10.20.0.156 22" />
    <property name="env.MYSQL_UNIX_PORT" value="/var/run/mysqld/mysqld.sock" />
    <property name="env.TRAVIS_ALLOW_FAILURE" value="false" />
    <property name="env.LC_ALL" value="en_US.UTF-8" />
    <property name="java.specification.name" value="Java Platform API Specification" />
    <property name="node.works" value="true" />
    <property name="user.timezone" value="" />
    <property name="path.separator" value=":" />
    <property name="env.PYTHON_CFLAGS" value="-g -fstack-protector --param=ssp-buffer-size=4 -Wformat -Werror=format-security" />
    <property name="timeout.long" value="4000000" />
    <property name="env.CERTI_HOME" value="/home/travis/pthla/certi-tools" />
    <property name="file.encoding" value="UTF-8" />
    <property name="ant.file.ptII" value="/home/travis/build/icyphy/ptII/build.xml" />
    <property name="javadoc.packagenames" value="com.*,diva.*,lbnl.*,org.hlacerti.*,org.json.*,org.ptolemy.*,org.terraswarm.*,ptolemy.*,ptserver.*" />
    <property name="env.TRAVIS_PULL_REQUEST_SLUG" value="" />
    <property name="ant.project.default-target" value="build" />
    <property name="env.GIT_ASKPASS" value="echo" />
    <property name="env.HOME" value="/home/travis" />
    <property name="sun.java.command" value="org.apache.tools.ant.taskdefs.optional.junit.JUnitTestRunner ptolemy.domains.de.test.junit.JUnitTclTest skipNonTests=false filtertrace=true haltOnError=false haltOnFailure=false formatter=org.apache.tools.ant.taskdefs.optional.junit.OutErrSummaryJUnitResultFormatter showoutput=true outputtoformatters=true logfailedtests=true threadid=0 logtestlistenerevents=false formatter=org.apache.tools.ant.taskdefs.optional.junit.XMLJUnitResultFormatter,/home/travis/build/icyphy/ptII/reports/junit/TEST-ptolemy.domains.de.test.junit.JUnitTclTest.xml crashfile=/home/travis/build/icyphy/ptII/junitvmwatcher6404278970798132287.properties propsfile=/home/travis/build/icyphy/ptII/junit5763793356470324318.properties" />
    <property name="env.MANPATH" value="/home/travis/.nvm/versions/node/v7.10.1/share/man:/home/travis/.kiex/elixirs/elixir-1.4.5/man:/home/travis/.rvm/rubies/ruby-2.4.1/share/man:/usr/local/man:/usr/local/cmake-3.9.2/man:/usr/local/clang-5.0.0/share/man:/usr/local/share/man:/usr/share/man:/home/travis/.rvm/man" />
    <property name="env.COMPOSER_NO_INTERACTION" value="1" />
    <property name="env.JDK_SWITCHER_DEFAULT" value="oraclejdk8" />
    <property name="ant.file" value="/home/travis/build/icyphy/ptII/build.xml" />
    <property name="env.TRAVIS_COMMIT_RANGE" value="2e758fa6b88f550f4f54ac6cc24163a7e8264260...0cf022ad24b2272dc9a802466af2a6a9926137bb" />
    <property name="env._system_name" value="Ubuntu" />
    <property name="timeout" value="2400000" />
    <property name="ptII.classpath.optional.property" value="/home/travis/build/icyphy/ptII/lib/bsh-2.0b4.jar:/home/travis/build/icyphy/ptII/lib/ptCal.jar:/home/travis/build/icyphy/ptII/lib/java_cup.jar:/home/travis/build/icyphy/ptII/lib/saxon8.jar:/home/travis/build/icyphy/ptII/lib/saxon8-dom.jar:/home/travis/build/icyphy/ptII/lib/chic.jar:/home/travis/build/icyphy/ptII/lib/ptcolt.jar:/usr/lib/jvm/java-8-oracle/lib/tools.jar:/usr/lib/eclipse/plugins/org.eclipse.jdt.core_3.8.2.dist.jar:/usr/lib/eclipse/plugins/org.eclipse.core.runtime_3.8.0.dist.jar:/usr/lib/eclipse/plugins/org.eclipse.osgi_3.8.1.dist.jar:/usr/lib/eclipse/plugins/org.eclipse.core.resources_3.8.1.dist.jar:/usr/lib/eclipse/plugins/org.eclipse.equinox.common_3.6.100.dist.jar:/usr/lib/eclipse/plugins/org.eclipse.core.jobs_3.5.200.dist.jar:/usr/lib/eclipse/plugins/org.eclipse.core.contenttype_3.4.200.dist.jar:/usr/lib/eclipse/plugins/org.eclipse.equinox.preferences_3.5.0.dist.jar:/usr/lib/eclipse/plugins/org.eclipse.text_3.5.200.dist.jar:/usr/lib/eclipse/plugins/org.eclipse.ui.workbench_3.8.1.dist.jar:/usr/lib/eclipse/plugins/org.eclipse.jface_3.8.0.dist.jar:/usr/lib/eclipse/plugins/org.eclipse.swt_3.8.2.jar:/usr/lib/eclipse/plugins/org.eclipse.jface.text_3.8.1.dist.jar:/usr/lib/eclipse/plugins/org.eclipse.ui.workbench.texteditor_3.8.0.dist.jar:/usr/lib/eclipse/plugins/org.eclipse.ui.editors_3.8.0.dist.jar:/usr/lib/eclipse/plugins/org.eclipse.core.commands_3.6.1.dist.jar:/usr/lib/eclipse/plugins/org.eclipse.equinox.registry_3.5.200.dist.jar:/usr/lib/eclipse/plugins/org.eclipse.ui.console_3.5.100.dist.jar:/usr/lib/eclipse/plugins/org.eclipse.ui.forms_3.5.200.dist.jar:/usr/lib/eclipse/plugins/org.eclipse.ui.ide_3.8.1.dist.jar:/home/travis/build/icyphy/ptII/vendors/oracle/dbxml.jar:/home/travis/build/icyphy/ptII/vendors/oracle/db.jar:/home/travis/build/icyphy/ptII/vendors/misc/itext/iText.jar:/home/travis/build/icyphy/ptII/lib/g4ltl.jar:/home/travis/build/icyphy/ptII/lib/StructuralCoder.jar:/home/travis/build/icyphy/ptII/lib/org-openide-util.jar:/home/travis/build/icyphy/ptII/lib/org-openide-util-lookup.jar:/home/travis/build/icyphy/ptII/lib/org-netbeans-api-visual.jar:/home/travis/build/icyphy/ptII/vendors/jai-1_1_2_01/lib/jai_core.jar:/home/travis/build/icyphy/ptII/vendors/jai-1_1_2_01/lib/jai_codec.jar:/home/travis/build/icyphy/ptII/lib/jcerti.jar:/home/travis/build/icyphy/ptII/lib/smack.jar:/home/travis/build/icyphy/ptII/lib/smackx.jar:/home/travis/build/icyphy/ptII/lib/jetty-all-8.1.5-v20120716.jar:/home/travis/build/icyphy/ptII/lib/javax.servlet-api-3.0.1.jar:/home/travis/build/icyphy/ptII/lib/javax.mail.jar:/home/travis/build/icyphy/ptII/vendors/JMF-2.1.1e/lib/jmf.jar:/home/travis/build/icyphy/ptII/lib/jna-4.0.0-variadic.jar:/home/travis/build/icyphy/ptII/vendors/misc/joystick/Joystick.jar:/home/travis/build/icyphy/ptII/lib/ptjacl.jar:/home/travis/build/icyphy/ptII/lib/jsoup-1.8.2.jar:/home/travis/build/icyphy/ptII/lib/junit-4.8.2.jar:/home/travis/build/icyphy/ptII/lib/JUnitParams-0.4.0.jar:/home/travis/build/icyphy/ptII/ptolemy/actor/lib/excel/jxl.jar:/home/travis/build/icyphy/ptII/lib/jython.jar:/home/travis/build/icyphy/ptII/lib/kieler.jar:/home/travis/build/icyphy/ptII/vendors/opencv/share/OpenCV/java/opencv-341.jar:/home/travis/build/icyphy/ptII/lib/oscP5.jar:/home/travis/build/icyphy/ptII/lib/nrjavaserial-3.11.0.devel.jar:/home/travis/build/icyphy/ptII/vendors/j3d/lib/j3dcore.jar:/home/travis/build/icyphy/ptII/vendors/j3d/lib/j3dutils.jar:/home/travis/build/icyphy/ptII/vendors/j3d/lib/vecmath.jar:/home/travis/build/icyphy/ptII/ptolemy/distributed/jini/jar/jini-core.jar:/home/travis/build/icyphy/ptII/ptolemy/distributed/jini/jar/jini-ext.jar:/home/travis/build/icyphy/ptII/ptolemy/distributed/jini/jar/sun-util.jar:/home/travis/build/icyphy/ptII/lib/protobuf-java-2.4.1.jar:/home/travis/build/icyphy/ptII/lib/org.eclipse.paho.client.mqttv3.jar:/home/travis/build/icyphy/ptII/ptserver/lib/hessian-4.0.7.jar:/home/travis/build/icyphy/ptII/ptserver/lib/wmqtt.jar:/home/travis/build/icyphy/ptII/lib/mapss.jar:/home/travis/build/icyphy/ptII/ptolemy/actor/ptalon/antlr/antlr.jar:/home/travis/build/icyphy/ptII/lib/JRI.jar:/home/travis/build/icyphy/ptII/lib/commons-lang-2.6.jar:/home/travis/build/icyphy/ptII/lib/commons-logging-1.1.1.jar:/home/travis/build/icyphy/ptII/lib/sootclasses.jar:/home/travis/build/icyphy/ptII/ptolemy/actor/lib/database/mysql-connector-java-5.1.6-bin.jar:/home/travis/build/icyphy/ptII/vendors/misc/sphinx4/sphinx4-data-5prealpha.jar:/home/travis/build/icyphy/ptII/vendors/misc/sphinx4/sphinx4-core-5prealpha.jar:/home/travis/build/icyphy/ptII/lib/PDFRenderer.jar:/home/travis/build/icyphy/ptII/lib/svgSalamander.jar:/home/travis/build/icyphy/ptII/lib/rsyntaxtextarea-2.6.0-SNAPSHOT.jar:/home/travis/build/icyphy/ptII/lib/hazelcast-3.8.2.jar:/home/travis/build/icyphy/ptII/lib/jackson-annotations-2.9.0.jar:/home/travis/build/icyphy/ptII/lib/jackson-core-2.9.3.jar:/home/travis/build/icyphy/ptII/lib/jackson-databind-2.9.3.jar:/home/travis/build/icyphy/ptII/lib/netty-buffer-4.1.19.Final.jar:/home/travis/build/icyphy/ptII/lib/netty-codec-4.1.19.Final.jar:/home/travis/build/icyphy/ptII/lib/netty-codec-dns-4.1.19.Final.jar:/home/travis/build/icyphy/ptII/lib/netty-codec-http-4.1.19.Final.jar:/home/travis/build/icyphy/ptII/lib/netty-codec-http2-4.1.19.Final.jar:/home/travis/build/icyphy/ptII/lib/netty-common-4.1.19.Final.jar:/home/travis/build/icyphy/ptII/lib/netty-handler-4.1.19.Final.jar:/home/travis/build/icyphy/ptII/lib/netty-resolver-4.1.19.Final.jar:/home/travis/build/icyphy/ptII/lib/netty-resolver-dns-4.1.19.Final.jar:/home/travis/build/icyphy/ptII/lib/netty-transport-4.1.19.Final.jar:/home/travis/build/icyphy/ptII/lib/vertx-codegen-3.5.1.jar:/home/travis/build/icyphy/ptII/lib/vertx-core-3.5.2-SNAPSHOT.jar:/home/travis/build/icyphy/ptII/lib/vertx-hazelcast-3.5.1.jar:/home/travis/build/icyphy/ptII/lib/vertx-lang-js-3.5.1.jar:/home/travis/build/icyphy/ptII/lib/vertx-service-proxy-3.5.1.jar:/home/travis/build/icyphy/ptII/lib/vertx-web-3.5.1.jar:/home/travis/build/icyphy/ptII/lib/slf4j-api-1.7.13.jar:/home/travis/build/icyphy/ptII/lib/slf4j-simple-1.7.13.jar:/home/travis/build/icyphy/ptII/lib/webcam-capture-0.3.12.jar:/home/travis/build/icyphy/ptII/lib/bridj-0.7.0.jar:/home/travis/build/icyphy/ptII/lib/xbjlib-1.1.0.nrjavaserial.jar" />
    <property name="test.batch" value="**/junit/*.java" />
    <property name="env._" value="/usr/bin/timeout" />
    <property name="java.io.tmpdir" value="/tmp" />
    <property name="user.language" value="en" />
    <property name="env.HISTCONTROL" value="ignoredups:ignorespace" />
    <property name="env.GOROOT" value="/home/travis/.gimme/versions/go1.7.4.linux.amd64" />
    <property name="line.separator" value="&#xa;" />
    <property name="target" value="1.8" />
    <property name="env.TRAVIS_BUILD_DIR" value="/home/travis/build/icyphy/ptII" />
    <property name="env.ANT_OPTS" value="-Xmx2048m" />
    <property name="ant.file.type" value="file" />
    <property name="ptolemy.ptII.batchMode" value="true" />
    <property name="env.HISTSIZE" value="1000" />
    <property name="env.MERB_ENV" value="test" />
    <property name="java.vm.info" value="mixed mode" />
    <property name="source" value="1.8" />
    <property name="java.vm.specification.name" value="Java Virtual Machine Specification" />
    <property name="env.TRAVIS_TEST_RESULT" value="0" />
    <property name="jsdoc.command" value="node_modules/@terraswarm/jsdoc/jsdoc.js" />
    <property name="npm.works" value="true" />
    <property name="cobertura.dir" value="/home/travis/build/icyphy/ptII/vendors/cobertura-2.0.3" />
    <property name="env.rvm_path" value="/home/travis/.rvm" />
    <property name="env.GEM_PATH" value="/home/travis/.rvm/gems/ruby-2.4.1:/home/travis/.rvm/gems/ruby-2.4.1@global" />
    <property name="env.LC_CTYPE" value="en_US.UTF-8" />
    <property name="java.awt.printerjob" value="sun.print.PSPrinterJob" />
    <property name="env.TRAVIS_STACK_NAME" value="garnet" />
    <property name="ant.version" value="Apache Ant(TM) version 1.10.1 compiled on February 2 2017" />
    <property name="ptII.reports" value="/home/travis/build/icyphy/ptII/reports" />
    <property name="env.TRAVIS_STACK_TIMESTAMP" value="2017-12-05 19:33:09 UTC" />
    <property name="ant.file.type.ptII" value="file" />
    <property name="env.RBENV_SHELL" value="bash" />
    <property name="os.name" value="Linux" />
    <property name="java.specification.vendor" value="Oracle Corporation" />
    <property name="env.rvm_version" value="1.29.3 (latest)" />
    <property name="env.TERM" value="xterm" />
    <property name="java.vm.name" value="Java HotSpot(TM) 64-Bit Server VM" />
    <property name="env.TRAVIS_BUILD_NUMBER" value="697" />
    <property name="env.CI" value="true" />
    <property name="java.library.path" value="/home/travis/pthla/certi-tools/lib:/usr/lib/jni:/usr/local/share/OpenCV/java/:/usr/share/OpenCV/java::/usr/java/packages/lib/amd64:/usr/lib64:/lib64:/lib:/usr/lib" />
    <property name="env.rvm_prefix" value="/home/travis" />
    <property name="env.PATH" value="/home/travis/pthla/certi-tools/share/scripts:/home/travis/.rvm/gems/ruby-2.4.1/bin:/home/travis/.rvm/gems/ruby-2.4.1@global/bin:/home/travis/.rvm/rubies/ruby-2.4.1/bin:/home/travis/.rvm/bin:/home/travis/.nvm/versions/node/v7.10.1/bin:./node_modules/.bin:/home/travis/build/icyphy/ptII/bin:/home/travis/pthla/certi-tools/bin:/home/travis/bin:/home/travis/.local/bin:/opt/pyenv/shims:/home/travis/.phpenv/shims:/home/travis/perl5/perlbrew/bin:/home/travis/.kiex/elixirs/elixir-1.4.5/bin:/home/travis/.kiex/bin:/home/travis/gopath/bin:/home/travis/.gimme/versions/go1.7.4.linux.amd64/bin:/usr/local/phantomjs/bin:/usr/local/phantomjs:/usr/local/neo4j-3.2.7/bin:/usr/local/maven-3.5.2/bin:/usr/local/cmake-3.9.2/bin:/usr/local/clang-5.0.0/bin:/usr/local/sbin:/usr/local/bin:/usr/sbin:/usr/bin:/sbin:/bin:/home/travis/.phpenv/bin:/opt/pyenv/bin:/home/travis/.yarn/bin" />
    <property name="env.TRAVIS_OS_NAME" value="linux" />
    <property name="ant.java.version" value="1.8" />
    <property name="basedir" value="/home/travis/build/icyphy/ptII" />
    <property name="java.class.version" value="52.0" />
    <property name="env.SHLVL" value="3" />
    <property name="env.LD_LIBRARY_PATH" value="/home/travis/pthla/certi-tools/lib:/usr/lib/jni:/usr/local/share/OpenCV/java/:/usr/share/OpenCV/java:" />
    <property name="env.RACK_ENV" value="test" />
    <property name="ant.home" value="/home/travis/build/icyphy/ptII/ant" />
    <property name="env.NVM_DIR" value="/home/travis/.nvm" />
    <property name="env.PERLBREW_BASHRC_VERSION" value="0.80" />
    <property name="env.CERTI_FOM_PATH" value="/home/travis/pthla/certi-tools/share/federations" />
    <property name="env.TRAVIS_BUILD_ID" value="416619905" />
    <property name="env.PYENV_ROOT" value="/opt/pyenv" />
    <property name="env.TRAVIS_UID" value="2000" />
    <property name="env.rvm_pretty_print_flag" value="auto" />
    <property name="env.NVM_BIN" value="/home/travis/.nvm/versions/node/v7.10.1/bin" />
    <property name="env.TRAVIS_COMMIT" value="0cf022ad24b2272dc9a802466af2a6a9926137bb" />
    <property name="env._system_arch" value="x86_64" />
    <property name="node.executable" value="node" />
    <property name="sun.boot.library.path" value="/usr/lib/jvm/java-8-oracle/jre/lib/amd64" />
    <property name="sun.management.compiler" value="HotSpot 64-Bit Tiered Compilers" />
    <property name="env.GOPATH" value="/home/travis/gopath" />
    <property name="java.awt.graphicsenv" value="sun.awt.X11GraphicsEnvironment" />
    <property name="ptolemy.ptII.dir" value="/home/travis/build/icyphy/ptII" />
    <property name="env.USER" value="travis" />
    <property name="env.HISTFILESIZE" value="2000" />
    <property name="timeout.longest" value="19000000" />
    <property name="env.TRAVIS_STACK_FEATURES" value="basic cassandra chromium couchdb disabled-ipv6 docker docker-compose elasticsearch firefox go-toolchain google-chrome jdk memcached mongodb mysql neo4j nodejs_interpreter perl_interpreter perlbrew phantomjs postgresql python_interpreter rabbitmq redis riak ruby_interpreter sqlite xserver" />
    <property name="env.TRAVIS_PULL_REQUEST" value="false" />
    <property name="env.PYENV_SHELL" value="bash" />
    <property name="ant.project.name" value="ptII" />
    <property name="java.vm.specification.version" value="1.8" />
    <property name="env.TRAVIS_DIST" value="trusty" />
    <property name="env.CERTI_VERSION" value="4.0.0" />
    <property name="env.NLSPATH" value="/usr/dt/lib/nls/msg/%L/%N.cat" />
    <property name="awt.toolkit" value="sun.awt.X11.XToolkit" />
    <property name="env.CERTI_HOST" value="localhost" />
    <property name="env.MY_RUBY_HOME" value="/home/travis/.rvm/rubies/ruby-2.4.1" />
    <property name="sun.cpu.isalist" value="" />
    <property name="java.ext.dirs" value="/usr/lib/jvm/java-8-oracle/jre/lib/ext:/usr/java/packages/lib/ext" />
    <property name="os.version" value="4.4.0-101-generic" />
    <property name="user.home" value="/home/travis" />
    <property name="env.MIX_ARCHIVES" value="/home/travis/.kiex/mix/elixir-1.4.5" />
    <property name="java.vm.vendor" value="Oracle Corporation" />
    <property name="env.TRAVIS_TAG" value="nightly" />
    <property name="env.TRAVIS_FILTERED" value="redirect_io" />
    <property name="env.JAVA_HOME" value="/usr/lib/jvm/java-8-oracle" />
    <property name="env.PTII" value="/home/travis/build/icyphy/ptII" />
    <property name="javadoc.excludepackagenames" value="adm.cvs2svn.*,build.*,config.*,doc.coding.templates.*,jni.test.jni.meaningOfLife.*,jni.test.jni.testDeux.*,jni.test.jni.testTrois.*,org.terraswarm.accessor.accessors.web.node_modules.*,org.terraswarm.accessor.accessors.web.hosts.cordova.demo.*,org.terraswarm.accessor.accessors.web.hosts.cordova.plugins.*,org.terraswarm.accessor.accessors-svn.*,pt-modules.*,ptolemy.apps.agilent.*,ptolemy.apps.anytimecontrol.*,ptolemy.apps.apes.*,ptolemy.apps.charon.*,ptolemy.apps.crazyboard.*,ptolemy.apps.eclipse.*,ptolemy.apps.etherealSting.*,ptolemy.apps.fullscreen.*,ptolemy.apps.giotto.*,ptolemy.apps.ia.*,ptolemy.apps.interfaces.*,ptolemy.apps.jmf.*,ptolemy.apps.kurt.*,ptolemy.apps.kvm.*,ptolemy.apps.lego.*,ptolemy.apps.lejos.*,ptolemy.apps.midp.*,ptolemy.apps.mobileCoding.*,ptolemy.apps.pendulum.*,ptolemy.apps.rijndael.*,ptolemy.apps.robot.*,ptolemy.apps.security.*,ptolemy.apps.sobel.*,ptolemy.apps.soot.*,ptolemy.apps.throttle.*,ptolemy.apps.tini.*,ptolemy.apps.transmission.*,ptolemy.apps.vergil.*,ptolemy.apps.waba.*,ptolemy.apps.websensor.*,ptolemy.apps.webstart.*,ptolemy.apps.xsl.*,ptolemy.apps.zaurus.*,ptolemy.backtrack.eclipse.plugin.*,ptolemy.backtrack.test.*,ptolemy.codegen.c.actor.lib.oldJavaFiles.*,ptolemy.codegen.dsp.lib.*,ptolemy.codegen.kernel.newInterfaces.*,ptolemy.codegen.lib.*,ptolemy.copernicus.kernel.fragment.*,ptolemy.copernicus.shallow.cg.*,ptolemy.domains.giotto.demo.Hierarchy.Hierarchy.*,ptolemy.domains.giotto.demo.Multimode.Multimode.*,ptolemy.domains.giotto.demo.Simple.Simple.*,ptolemy.domains.gr.lib.experimental.*,ptolemy.domains.gro.*,ptolemy.domains.pdf.*,ptolemy.domains.ptinyos.demo.Surge.output.*,ptolemy.moml.test.NoPackageActor.java*,ptolemy.plot.adm.*,ptolemy.plot.servlet.*,reports.*,signed.*,src.*,target.*,vendors.*,ptolemy.cg.adapter.generic.program.procedural.c.mbed*,ptolemy.actor.lib.fmi.fmus.omc*,ptolemy.domains.openmodelica*,ptdb.kernel.bl.save.test.*,ptdb.kernel.bl.load.test.*,ptdb.kernel.bl.search.test.*,ptdb.kernel.bl.migration.test.*,ptdb.kernel.database.test.*,ptdb.test.*,ptdb.gui.test.*,org.ptolemy.scala.*,diva.util.java2d.svg.*,ptolemy.domains.ptinyos.*,ptolemy.actor.lib.fmi.fmipp.*,,org.terraswarm.accessor.accessors.web.node_modules.*,org.terraswarm.accessor.accessors-svn,ptolemy.apps.*,ptolemy.actor.ptalon.demo.ptinyos.SendAndReceiveCnt.output,ptolemy.actor.ptalon.demo.ptinyos.SenseToLeds.output,ptolemy.domains.ptinyos.demo.CntToLedsAndRfm.output,ptolemy.domains.ptinyos.demo.RfmToLeds.output,ptolemy.domains.ptinyos.demo.SendAndReceiveCnt.output,ptolemy.domains.ptinyos.demo.SenseToLeds.output,ptolemy.actor.lib.jjs.modules.udpSocket.*" />
    <property name="env.TRAVIS_COMMIT_MESSAGE" value="If the ant target exits with non-zero, delay exiting until after update the repository with the log." />
    <property name="keystore" value="ptKeystore" />
    <property name="env.XDG_SESSION_ID" value="2" />
    <property name="junit.output.dir" value="/home/travis/build/icyphy/ptII/reports/junit" />
    <property name="npm.return.code" value="0" />
    <property name="user.dir" value="/home/travis/build/icyphy/ptII/ptolemy/domains/de/test" />
    <property name="env.TRAVIS_NODE_VERSION" value="7" />
    <property name="env.XFILESEARCHPATH" value="/usr/dt/app-defaults/%L/Dt" />
    <property name="env.TRAVIS_EVENT_TYPE" value="cron" />
    <property name="env.MAIL" value="/var/mail/travis" />
    <property name="env.PERLBREW_ROOT" value="/home/travis/perl5/perlbrew" />
    <property name="env.PWD" value="/home/travis/build/icyphy/ptII" />
    <property name="timeout.npm" value="45000" />
    <property name="env.PT_TRAVIS_TEST_CORE2_XML" value="true" />
    <property name="env.PAGER" value="cat" />
    <property name="sun.cpu.endian" value="little" />
    <property name="env.TRAVIS_BUILD_STAGE_NAME" value="Test" />
    <property name="env.PERLBREW_HOME" value="/home/travis/.perlbrew" />
    <property name="env.RAILS_ENV" value="test" />
    <property name="java.vm.version" value="25.151-b12" />
    <property name="java.class.path" value="/home/travis/build/icyphy/ptII:/home/travis/build/icyphy/ptII/lib/bsh-2.0b4.jar:/home/travis/build/icyphy/ptII/lib/ptCal.jar:/home/travis/build/icyphy/ptII/lib/java_cup.jar:/home/travis/build/icyphy/ptII/lib/saxon8.jar:/home/travis/build/icyphy/ptII/lib/saxon8-dom.jar:/home/travis/build/icyphy/ptII/lib/chic.jar:/home/travis/build/icyphy/ptII/lib/ptcolt.jar:/usr/lib/jvm/java-8-oracle/lib/tools.jar:/usr/lib/eclipse/plugins/org.eclipse.jdt.core_3.8.2.dist.jar:/usr/lib/eclipse/plugins/org.eclipse.core.runtime_3.8.0.dist.jar:/usr/lib/eclipse/plugins/org.eclipse.osgi_3.8.1.dist.jar:/usr/lib/eclipse/plugins/org.eclipse.core.resources_3.8.1.dist.jar:/usr/lib/eclipse/plugins/org.eclipse.equinox.common_3.6.100.dist.jar:/usr/lib/eclipse/plugins/org.eclipse.core.jobs_3.5.200.dist.jar:/usr/lib/eclipse/plugins/org.eclipse.core.contenttype_3.4.200.dist.jar:/usr/lib/eclipse/plugins/org.eclipse.equinox.preferences_3.5.0.dist.jar:/usr/lib/eclipse/plugins/org.eclipse.text_3.5.200.dist.jar:/usr/lib/eclipse/plugins/org.eclipse.ui.workbench_3.8.1.dist.jar:/usr/lib/eclipse/plugins/org.eclipse.jface_3.8.0.dist.jar:/usr/lib/eclipse/plugins/org.eclipse.swt_3.8.2.jar:/usr/lib/eclipse/plugins/org.eclipse.jface.text_3.8.1.dist.jar:/usr/lib/eclipse/plugins/org.eclipse.ui.workbench.texteditor_3.8.0.dist.jar:/usr/lib/eclipse/plugins/org.eclipse.ui.editors_3.8.0.dist.jar:/usr/lib/eclipse/plugins/org.eclipse.core.commands_3.6.1.dist.jar:/usr/lib/eclipse/plugins/org.eclipse.equinox.registry_3.5.200.dist.jar:/usr/lib/eclipse/plugins/org.eclipse.ui.console_3.5.100.dist.jar:/usr/lib/eclipse/plugins/org.eclipse.ui.forms_3.5.200.dist.jar:/usr/lib/eclipse/plugins/org.eclipse.ui.ide_3.8.1.dist.jar:/home/travis/build/icyphy/ptII/vendors/oracle/dbxml.jar:/home/travis/build/icyphy/ptII/vendors/oracle/db.jar:/home/travis/build/icyphy/ptII/vendors/misc/itext/iText.jar:/home/travis/build/icyphy/ptII/lib/g4ltl.jar:/home/travis/build/icyphy/ptII/lib/StructuralCoder.jar:/home/travis/build/icyphy/ptII/lib/org-openide-util.jar:/home/travis/build/icyphy/ptII/lib/org-openide-util-lookup.jar:/home/travis/build/icyphy/ptII/lib/org-netbeans-api-visual.jar:/home/travis/build/icyphy/ptII/vendors/jai-1_1_2_01/lib/jai_core.jar:/home/travis/build/icyphy/ptII/vendors/jai-1_1_2_01/lib/jai_codec.jar:/home/travis/build/icyphy/ptII/lib/jcerti.jar:/home/travis/build/icyphy/ptII/lib/smack.jar:/home/travis/build/icyphy/ptII/lib/smackx.jar:/home/travis/build/icyphy/ptII/lib/jetty-all-8.1.5-v20120716.jar:/home/travis/build/icyphy/ptII/lib/javax.servlet-api-3.0.1.jar:/home/travis/build/icyphy/ptII/lib/javax.mail.jar:/home/travis/build/icyphy/ptII/vendors/JMF-2.1.1e/lib/jmf.jar:/home/travis/build/icyphy/ptII/lib/jna-4.0.0-variadic.jar:/home/travis/build/icyphy/ptII/vendors/misc/joystick/Joystick.jar:/home/travis/build/icyphy/ptII/lib/ptjacl.jar:/home/travis/build/icyphy/ptII/lib/jsoup-1.8.2.jar:/home/travis/build/icyphy/ptII/lib/junit-4.8.2.jar:/home/travis/build/icyphy/ptII/lib/JUnitParams-0.4.0.jar:/home/travis/build/icyphy/ptII/ptolemy/actor/lib/excel/jxl.jar:/home/travis/build/icyphy/ptII/lib/jython.jar:/home/travis/build/icyphy/ptII/lib/kieler.jar:/home/travis/build/icyphy/ptII/vendors/opencv/share/OpenCV/java/opencv-341.jar:/home/travis/build/icyphy/ptII/lib/oscP5.jar:/home/travis/build/icyphy/ptII/lib/nrjavaserial-3.11.0.devel.jar:/home/travis/build/icyphy/ptII/vendors/j3d/lib/j3dcore.jar:/home/travis/build/icyphy/ptII/vendors/j3d/lib/j3dutils.jar:/home/travis/build/icyphy/ptII/vendors/j3d/lib/vecmath.jar:/home/travis/build/icyphy/ptII/ptolemy/distributed/jini/jar/jini-core.jar:/home/travis/build/icyphy/ptII/ptolemy/distributed/jini/jar/jini-ext.jar:/home/travis/build/icyphy/ptII/ptolemy/distributed/jini/jar/sun-util.jar:/home/travis/build/icyphy/ptII/lib/protobuf-java-2.4.1.jar:/home/travis/build/icyphy/ptII/lib/org.eclipse.paho.client.mqttv3.jar:/home/travis/build/icyphy/ptII/ptserver/lib/hessian-4.0.7.jar:/home/travis/build/icyphy/ptII/ptserver/lib/wmqtt.jar:/home/travis/build/icyphy/ptII/lib/mapss.jar:/home/travis/build/icyphy/ptII/ptolemy/actor/ptalon/antlr/antlr.jar:/home/travis/build/icyphy/ptII/lib/JRI.jar:/home/travis/build/icyphy/ptII/lib/commons-lang-2.6.jar:/home/travis/build/icyphy/ptII/lib/commons-logging-1.1.1.jar:/home/travis/build/icyphy/ptII/lib/sootclasses.jar:/home/travis/build/icyphy/ptII/ptolemy/actor/lib/database/mysql-connector-java-5.1.6-bin.jar:/home/travis/build/icyphy/ptII/vendors/misc/sphinx4/sphinx4-data-5prealpha.jar:/home/travis/build/icyphy/ptII/vendors/misc/sphinx4/sphinx4-core-5prealpha.jar:/home/travis/build/icyphy/ptII/lib/PDFRenderer.jar:/home/travis/build/icyphy/ptII/lib/svgSalamander.jar:/home/travis/build/icyphy/ptII/lib/rsyntaxtextarea-2.6.0-SNAPSHOT.jar:/home/travis/build/icyphy/ptII/lib/hazelcast-3.8.2.jar:/home/travis/build/icyphy/ptII/lib/jackson-annotations-2.9.0.jar:/home/travis/build/icyphy/ptII/lib/jackson-core-2.9.3.jar:/home/travis/build/icyphy/ptII/lib/jackson-databind-2.9.3.jar:/home/travis/build/icyphy/ptII/lib/netty-buffer-4.1.19.Final.jar:/home/travis/build/icyphy/ptII/lib/netty-codec-4.1.19.Final.jar:/home/travis/build/icyphy/ptII/lib/netty-codec-dns-4.1.19.Final.jar:/home/travis/build/icyphy/ptII/lib/netty-codec-http-4.1.19.Final.jar:/home/travis/build/icyphy/ptII/lib/netty-codec-http2-4.1.19.Final.jar:/home/travis/build/icyphy/ptII/lib/netty-common-4.1.19.Final.jar:/home/travis/build/icyphy/ptII/lib/netty-handler-4.1.19.Final.jar:/home/travis/build/icyphy/ptII/lib/netty-resolver-4.1.19.Final.jar:/home/travis/build/icyphy/ptII/lib/netty-resolver-dns-4.1.19.Final.jar:/home/travis/build/icyphy/ptII/lib/netty-transport-4.1.19.Final.jar:/home/travis/build/icyphy/ptII/lib/vertx-codegen-3.5.1.jar:/home/travis/build/icyphy/ptII/lib/vertx-core-3.5.2-SNAPSHOT.jar:/home/travis/build/icyphy/ptII/lib/vertx-hazelcast-3.5.1.jar:/home/travis/build/icyphy/ptII/lib/vertx-lang-js-3.5.1.jar:/home/travis/build/icyphy/ptII/lib/vertx-service-proxy-3.5.1.jar:/home/travis/build/icyphy/ptII/lib/vertx-web-3.5.1.jar:/home/travis/build/icyphy/ptII/lib/slf4j-api-1.7.13.jar:/home/travis/build/icyphy/ptII/lib/slf4j-simple-1.7.13.jar:/home/travis/build/icyphy/ptII/lib/webcam-capture-0.3.12.jar:/home/travis/build/icyphy/ptII/lib/bridj-0.7.0.jar:/home/travis/build/icyphy/ptII/lib/xbjlib-1.1.0.nrjavaserial.jar:/home/travis/build/icyphy/ptII/ptolemy/moml/test:/home/travis/build/icyphy/ptII/ant/lib/ant-launcher.jar:/home/travis/build/icyphy/ptII/ant/lib/ant.jar:/home/travis/build/icyphy/ptII/ant/lib/ant-junit.jar:/home/travis/build/icyphy/ptII/ant/lib/ant-junit4.jar" />
    <property name="ant.library.dir" value="/home/travis/build/icyphy/ptII/ant/lib" />
    <property name="os.arch" value="amd64" />
    <property name="env.TRAVIS_LANGUAGE" value="node_js" />
    <property name="env.CONTINUOUS_INTEGRATION" value="true" />
    <property name="env.TRAVIS_STACK_LANGUAGES" value="__garnet__ c c++ clojure cplusplus cpp default go groovy java node_js php pure_java python ruby scala" />
    <property name="test.name" value="ptolemy.actor.lib.test.junit.JUnitTclTest" />
    <property name="sun.java.launcher" value="SUN_STANDARD" />
    <property name="env.PYTHON_CONFIGURE_OPTS" value="--enable-unicode=ucs4 --with-wide-unicode --enable-shared --enable-ipv6 --enable-loadable-sqlite-extensions --with-computed-gotos" />
    <property name="ant.core.lib" value="/home/travis/build/icyphy/ptII/ant/lib/ant.jar" />
    <property name="java.vm.specification.vendor" value="Oracle Corporation" />
    <property name="env.BCVTB_HOME" value="/home/travis/build/icyphy/ptII/lbnl" />
    <property name="file.separator" value="/" />
    <property name="java.runtime.version" value="1.8.0_151-b12" />
    <property name="spotbugs.home" value="/home/travis/build/icyphy/ptII/vendors/spotbugs-3.1.1" />
    <property name="sun.boot.class.path" value="/usr/lib/jvm/java-8-oracle/jre/lib/resources.jar:/usr/lib/jvm/java-8-oracle/jre/lib/rt.jar:/usr/lib/jvm/java-8-oracle/jre/lib/sunrsasign.jar:/usr/lib/jvm/java-8-oracle/jre/lib/jsse.jar:/usr/lib/jvm/java-8-oracle/jre/lib/jce.jar:/usr/lib/jvm/java-8-oracle/jre/lib/charsets.jar:/usr/lib/jvm/java-8-oracle/jre/lib/jfr.jar:/usr/lib/jvm/java-8-oracle/jre/classes" />
    <property name="env.HAS_JOSH_K_SEAL_OF_APPROVAL" value="true" />
    <property name="env.XDG_RUNTIME_DIR" value="/run/user/2000" />
    <property name="env.TRAVIS_OSX_IMAGE" value="" />
    <property name="env.TRAVIS_BRANCH" value="master" />
    <property name="env.TRAVIS_JOB_ID" value="416619914" />
    <property name="user.country" value="US" />
    <property name="env.CERTI_HOME_TRAVIS" value="/home/travis/pthla/certi-tools" />
    <property name="env.SHELL" value="/bin/bash" />
    <property name="java.maxmemory.large" value="5000m" />
    <property name="model" value="" />
    <property name="env.CASHER_DIR" value="/home/travis/.casher" />
    <property name="env.NVM_CD_FLAGS" value="" />
    <property name="jshint.executable" value="/home/travis/node_modules/jshint/bin/jshint" />
    <property name="java.vendor" value="Oracle Corporation" />
    <property name="env.JRUBY_OPTS" value=" --client -J-XX:+TieredCompilation -J-XX:TieredStopAtLevel=1 -J-Xss2m -Xcompile.invokedynamic=false" />
    <property name="env.TRAVIS_PRE_CHEF_BOOTSTRAP_TIME" value="2017-12-05T19:32:55" />
    <property name="env.ELIXIR_VERSION" value="1.4.5" />
    <property name="env.TRAVIS_STACK_JOB_BOARD_REGISTER" value="/.job-board-register.yml" />
    <property name="java.specification.version" value="1.8" />
    <property name="env.TRAVIS" value="true" />
    <property name="env.IRBRC" value="/home/travis/.rvm/rubies/ruby-2.4.1/.irbrc" />
    <property name="sun.arch.data.model" value="64" />
  </properties>
  <testcase classname="ptolemy.util.test.junit.TclTests" name="[0] /home/travis/build/icyphy/ptII/ptolemy/domains/de/test/DependencyLoop.tcl (RunTclFile)" time="0.836" />
  <testcase classname="ptolemy.util.test.junit.TclTests" name="[1] /home/travis/build/icyphy/ptII/ptolemy/domains/de/test/RunDETestsAsQSS.tcl (RunTclFile)" time="91.703" />
  <testcase classname="ptolemy.util.test.junit.AutoKnownFailedTests" name="[0] /home/travis/build/icyphy/ptII/ptolemy/domains/de/test/auto/knownFailedTests/DESDFClockTest.xml (RunModel)" time="2.032" />
  <testcase classname="ptolemy.util.test.junit.AutoKnownFailedTests" name="[1] /home/travis/build/icyphy/ptII/ptolemy/domains/de/test/auto/knownFailedTests/DirectFeedback.xml (RunModel)" time="0.016" />
  <testcase classname="ptolemy.util.test.junit.AutoKnownFailedTests" name="[2] /home/travis/build/icyphy/ptII/ptolemy/domains/de/test/auto/knownFailedTests/FSMSource.xml (RunModel)" time="0.023" />
  <testcase classname="ptolemy.util.test.junit.AutoKnownFailedTests" name="[3] /home/travis/build/icyphy/ptII/ptolemy/domains/de/test/auto/knownFailedTests/HierarchicalModel.xml (RunModel)" time="0.037" />
  <testcase classname="ptolemy.util.test.junit.AutoKnownFailedTests" name="[4] /home/travis/build/icyphy/ptII/ptolemy/domains/de/test/auto/knownFailedTests/dependencyLoop.xml (RunModel)" time="0.027" />
  <testcase classname="ptolemy.util.test.junit.AutoKnownFailedTests" name="[5] /home/travis/build/icyphy/ptII/ptolemy/domains/de/test/auto/knownFailedTests/dependencyLoop2.xml (RunModel)" time="0.024" />
  <testcase classname="ptolemy.util.test.junit.AutoNameArchTests" name="[0] ThereAreNoAutoArchTests (RunModel)" time="0.005" />
  <testcase classname="ptolemy.util.test.junit.AutoTests" name="[0] /home/travis/build/icyphy/ptII/ptolemy/domains/de/test/auto/ActorDepthCalculation_actorWithoutPorts.xml (RunModel)" time="0.03" />
  <testcase classname="ptolemy.util.test.junit.AutoTests" name="[1] /home/travis/build/icyphy/ptII/ptolemy/domains/de/test/auto/AssemblyLine.xml (RunModel)" time="0.018" />
  <testcase classname="ptolemy.util.test.junit.AutoTests" name="[2] /home/travis/build/icyphy/ptII/ptolemy/domains/de/test/auto/CQBug1.xml (RunModel)" time="0.009" />
  <testcase classname="ptolemy.util.test.junit.AutoTests" name="[3] /home/travis/build/icyphy/ptII/ptolemy/domains/de/test/auto/CancelFireAt.xml (RunModel)" time="0.005" />
  <testcase classname="ptolemy.util.test.junit.AutoTests" name="[4] /home/travis/build/icyphy/ptII/ptolemy/domains/de/test/auto/CausalityAndComposabilityAnalysis.xml (RunModel)" time="0.009" />
  <testcase classname="ptolemy.util.test.junit.AutoTests" name="[5] /home/travis/build/icyphy/ptII/ptolemy/domains/de/test/auto/CausalityInterface1.xml (RunModel)" time="0.014" />
  <testcase classname="ptolemy.util.test.junit.AutoTests" name="[6] /home/travis/build/icyphy/ptII/ptolemy/domains/de/test/auto/CausalityInterface15.xml (RunModel)" time="0.018" />
  <testcase classname="ptolemy.util.test.junit.AutoTests" name="[7] /home/travis/build/icyphy/ptII/ptolemy/domains/de/test/auto/CausalityInterface2.xml (RunModel)" time="0.011" />
  <testcase classname="ptolemy.util.test.junit.AutoTests" name="[8] /home/travis/build/icyphy/ptII/ptolemy/domains/de/test/auto/CausalityInterface3.xml (RunModel)" time="0.011" />
  <testcase classname="ptolemy.util.test.junit.AutoTests" name="[9] /home/travis/build/icyphy/ptII/ptolemy/domains/de/test/auto/ClockDrift.xml (RunModel)" time="0.027" />
  <testcase classname="ptolemy.util.test.junit.AutoTests" name="[10] /home/travis/build/icyphy/ptII/ptolemy/domains/de/test/auto/ClockDriftAndValueChange.xml (RunModel)" time="0.023" />
  <testcase classname="ptolemy.util.test.junit.AutoTests" name="[11] /home/travis/build/icyphy/ptII/ptolemy/domains/de/test/auto/ClockDriftChange.xml (RunModel)" time="0.02" />
  <testcase classname="ptolemy.util.test.junit.AutoTests" name="[12] /home/travis/build/icyphy/ptII/ptolemy/domains/de/test/auto/ComposableCausalityAnalysis.xml (RunModel)" time="0.014" />
  <testcase classname="ptolemy.util.test.junit.AutoTests" name="[13] /home/travis/build/icyphy/ptII/ptolemy/domains/de/test/auto/DEFixedPointLimitation.xml (RunModel)" time="0.008" />
  <testcase classname="ptolemy.util.test.junit.AutoTests" name="[14] /home/travis/build/icyphy/ptII/ptolemy/domains/de/test/auto/DEScheduleTest.xml (RunModel)" time="0.008" />
  <testcase classname="ptolemy.util.test.junit.AutoTests" name="[15] /home/travis/build/icyphy/ptII/ptolemy/domains/de/test/auto/DEinDEwithStartTimes.xml (RunModel)" time="0.01" />
  <testcase classname="ptolemy.util.test.junit.AutoTests" name="[16] /home/travis/build/icyphy/ptII/ptolemy/domains/de/test/auto/DEinDEwithStartTimes2.xml (RunModel)" time="0.011" />
  <testcase classname="ptolemy.util.test.junit.AutoTests" name="[17] /home/travis/build/icyphy/ptII/ptolemy/domains/de/test/auto/DateDemo.xml (RunModel)" time="0.022" />
  <testcase classname="ptolemy.util.test.junit.AutoTests" name="[18] /home/travis/build/icyphy/ptII/ptolemy/domains/de/test/auto/DateToEvent.xml (RunModel)" time="2.035" />
  <testcase classname="ptolemy.util.test.junit.AutoTests" name="[19] /home/travis/build/icyphy/ptII/ptolemy/domains/de/test/auto/DepthTest1.xml (RunModel)" time="0.01" />
  <testcase classname="ptolemy.util.test.junit.AutoTests" name="[20] /home/travis/build/icyphy/ptII/ptolemy/domains/de/test/auto/DepthTest2.xml (RunModel)" time="0.018" />
  <testcase classname="ptolemy.util.test.junit.AutoTests" name="[21] /home/travis/build/icyphy/ptII/ptolemy/domains/de/test/auto/DepthTest3.xml (RunModel)" time="0.008" />
  <testcase classname="ptolemy.util.test.junit.AutoTests" name="[22] /home/travis/build/icyphy/ptII/ptolemy/domains/de/test/auto/DepthTest4.xml (RunModel)" time="0.013" />
  <testcase classname="ptolemy.util.test.junit.AutoTests" name="[23] /home/travis/build/icyphy/ptII/ptolemy/domains/de/test/auto/DepthTest5.xml (RunModel)" time="0.015" />
  <testcase classname="ptolemy.util.test.junit.AutoTests" name="[24] /home/travis/build/icyphy/ptII/ptolemy/domains/de/test/auto/DepthTest6.xml (RunModel)" time="0.017" />
  <testcase classname="ptolemy.util.test.junit.AutoTests" name="[25] /home/travis/build/icyphy/ptII/ptolemy/domains/de/test/auto/DepthTest7.xml (RunModel)" time="0.013" />
  <testcase classname="ptolemy.util.test.junit.AutoTests" name="[26] /home/travis/build/icyphy/ptII/ptolemy/domains/de/test/auto/EventToDate.xml (RunModel)" time="3.037" />
  <testcase classname="ptolemy.util.test.junit.AutoTests" name="[27] /home/travis/build/icyphy/ptII/ptolemy/domains/de/test/auto/FSM1.xml (RunModel)" time="0.033" />
  <testcase classname="ptolemy.util.test.junit.AutoTests" name="[28] /home/travis/build/icyphy/ptII/ptolemy/domains/de/test/auto/FSM7.xml (RunModel)" time="0.032" />
  <testcase classname="ptolemy.util.test.junit.AutoTests" name="[29] /home/travis/build/icyphy/ptII/ptolemy/domains/de/test/auto/Inspection.xml (RunModel)" time="0.042" />
  <testcase classname="ptolemy.util.test.junit.AutoTests" name="[30] /home/travis/build/icyphy/ptII/ptolemy/domains/de/test/auto/Iteration.xml (RunModel)" time="0.02" />
  <testcase classname="ptolemy.util.test.junit.AutoTests" name="[31] /home/travis/build/icyphy/ptII/ptolemy/domains/de/test/auto/LineFault.xml (RunModel)" time="0.616" />
  <testcase classname="ptolemy.util.test.junit.AutoTests" name="[32] /home/travis/build/icyphy/ptII/ptolemy/domains/de/test/auto/MergeModel1Add.xml (RunModel)" time="0.048" />
  <testcase classname="ptolemy.util.test.junit.AutoTests" name="[33] /home/travis/build/icyphy/ptII/ptolemy/domains/de/test/auto/MergeModel2Add.xml (RunModel)" time="0.043" />
  <testcase classname="ptolemy.util.test.junit.AutoTests" name="[34] /home/travis/build/icyphy/ptII/ptolemy/domains/de/test/auto/MergeModel3Add.xml (RunModel)" time="0.047" />
  <testcase classname="ptolemy.util.test.junit.AutoTests" name="[35] /home/travis/build/icyphy/ptII/ptolemy/domains/de/test/auto/MergeWithoutDiscard.xml (RunModel)" time="0.015" />
  <testcase classname="ptolemy.util.test.junit.AutoTests" name="[36] /home/travis/build/icyphy/ptII/ptolemy/domains/de/test/auto/Modal1.xml (RunModel)" time="0.029" />
  <testcase classname="ptolemy.util.test.junit.AutoTests" name="[37] /home/travis/build/icyphy/ptII/ptolemy/domains/de/test/auto/Modal2.xml (RunModel)" time="0.038" />
  <testcase classname="ptolemy.util.test.junit.AutoTests" name="[38] /home/travis/build/icyphy/ptII/ptolemy/domains/de/test/auto/Modal3.xml (RunModel)" time="0.032" />
  <testcase classname="ptolemy.util.test.junit.AutoTests" name="[39] /home/travis/build/icyphy/ptII/ptolemy/domains/de/test/auto/Modal4.xml (RunModel)" time="0.038" />
  <testcase classname="ptolemy.util.test.junit.AutoTests" name="[40] /home/travis/build/icyphy/ptII/ptolemy/domains/de/test/auto/Modal5.xml (RunModel)" time="0.032" />
  <testcase classname="ptolemy.util.test.junit.AutoTests" name="[41] /home/travis/build/icyphy/ptII/ptolemy/domains/de/test/auto/Modal6.xml (RunModel)" time="0.031" />
  <testcase classname="ptolemy.util.test.junit.AutoTests" name="[42] /home/travis/build/icyphy/ptII/ptolemy/domains/de/test/auto/Modal7.xml (RunModel)" time="0.03" />
  <testcase classname="ptolemy.util.test.junit.AutoTests" name="[43] /home/travis/build/icyphy/ptII/ptolemy/domains/de/test/auto/ModalModel.xml (RunModel)" time="0.193" />
  <testcase classname="ptolemy.util.test.junit.AutoTests" name="[44] /home/travis/build/icyphy/ptII/ptolemy/domains/de/test/auto/ModalSource.xml (RunModel)" time="0.022" />
  <testcase classname="ptolemy.util.test.junit.AutoTests" name="[45] /home/travis/build/icyphy/ptII/ptolemy/domains/de/test/auto/NonInterruptibleTimerZeroDelay.xml (RunModel)" time="0.01" />
  <testcase classname="ptolemy.util.test.junit.AutoTests" name="[46] /home/travis/build/icyphy/ptII/ptolemy/domains/de/test/auto/OpenQueueingNetwork.xml (RunModel)" time="2.512" />
  <testcase classname="ptolemy.util.test.junit.AutoTests" name="[47] /home/travis/build/icyphy/ptII/ptolemy/domains/de/test/auto/OpenQueuingNetwork.xml (RunModel)" time="0.312" />
  <testcase classname="ptolemy.util.test.junit.AutoTests" name="[48] /home/travis/build/icyphy/ptII/ptolemy/domains/de/test/auto/PeriodicSampler.xml (RunModel)" time="0.01" />
  <testcase classname="ptolemy.util.test.junit.AutoTests" name="[49] /home/travis/build/icyphy/ptII/ptolemy/domains/de/test/auto/PersistentIO.xml (RunModel)" time="0.026" />
  <testcase classname="ptolemy.util.test.junit.AutoTests" name="[50] /home/travis/build/icyphy/ptII/ptolemy/domains/de/test/auto/PortParameterResetOnInitialize.xml (RunModel)" time="0.01" />
  <testcase classname="ptolemy.util.test.junit.AutoTests" name="[51] /home/travis/build/icyphy/ptII/ptolemy/domains/de/test/auto/PortParameterUpdates.xml (RunModel)" time="0.014" />
  <testcase classname="ptolemy.util.test.junit.AutoTests" name="[52] /home/travis/build/icyphy/ptII/ptolemy/domains/de/test/auto/QueueAndServer.xml (RunModel)" time="0.02" />
  <testcase classname="ptolemy.util.test.junit.AutoTests" name="[53] /home/travis/build/icyphy/ptII/ptolemy/domains/de/test/auto/Records.xml (RunModel)" time="0.014" />
  <testcase classname="ptolemy.util.test.junit.AutoTests" name="[54] /home/travis/build/icyphy/ptII/ptolemy/domains/de/test/auto/ResetTransitionWithStartTime1.xml (RunModel)" time="0.019" />
  <testcase classname="ptolemy.util.test.junit.AutoTests" name="[55] /home/travis/build/icyphy/ptII/ptolemy/domains/de/test/auto/ResetTransitionWithStartTime2.xml (RunModel)" time="0.018" />
  <testcase classname="ptolemy.util.test.junit.AutoTests" name="[56] /home/travis/build/icyphy/ptII/ptolemy/domains/de/test/auto/ResetTransitionWithStartTime3.xml (RunModel)" time="0.019" />
  <testcase classname="ptolemy.util.test.junit.AutoTests" name="[57] /home/travis/build/icyphy/ptII/ptolemy/domains/de/test/auto/ResetTransitionWithStartTime4.xml (RunModel)" time="0.019" />
  <testcase classname="ptolemy.util.test.junit.AutoTests" name="[58] /home/travis/build/icyphy/ptII/ptolemy/domains/de/test/auto/ResettableTimer1.xml (RunModel)" time="0.015" />
  <testcase classname="ptolemy.util.test.junit.AutoTests" name="[59] /home/travis/build/icyphy/ptII/ptolemy/domains/de/test/auto/ResettableTimer2.xml (RunModel)" time="0.01" />
  <testcase classname="ptolemy.util.test.junit.AutoTests" name="[60] /home/travis/build/icyphy/ptII/ptolemy/domains/de/test/auto/ResettableTimer3.xml (RunModel)" time="0.009" />
  <testcase classname="ptolemy.util.test.junit.AutoTests" name="[61] /home/travis/build/icyphy/ptII/ptolemy/domains/de/test/auto/ResettableTimer4.xml (RunModel)" time="0.012" />
  <testcase classname="ptolemy.util.test.junit.AutoTests" name="[62] /home/travis/build/icyphy/ptII/ptolemy/domains/de/test/auto/ResettableTimer5.xml (RunModel)" time="0.015" />
  <testcase classname="ptolemy.util.test.junit.AutoTests" name="[63] /home/travis/build/icyphy/ptII/ptolemy/domains/de/test/auto/ResettableTimer6.xml (RunModel)" time="0.021" />
  <testcase classname="ptolemy.util.test.junit.AutoTests" name="[64] /home/travis/build/icyphy/ptII/ptolemy/domains/de/test/auto/ServerZeroDelay.xml (RunModel)" time="0.012" />
  <testcase classname="ptolemy.util.test.junit.AutoTests" name="[65] /home/travis/build/icyphy/ptII/ptolemy/domains/de/test/auto/SmartSender.xml (RunModel)" time="3.014" />
  <testcase classname="ptolemy.util.test.junit.AutoTests" name="[66] /home/travis/build/icyphy/ptII/ptolemy/domains/de/test/auto/ThreadedComposite.xml (RunModel)" time="0.245" />
  <testcase classname="ptolemy.util.test.junit.AutoTests" name="[67] /home/travis/build/icyphy/ptII/ptolemy/domains/de/test/auto/Time.xml (RunModel)" time="0.463" />
  <testcase classname="ptolemy.util.test.junit.AutoTests" name="[68] /home/travis/build/icyphy/ptII/ptolemy/domains/de/test/auto/TimeDelayZeroDelay.xml (RunModel)" time="0.011" />
  <testcase classname="ptolemy.util.test.junit.AutoTests" name="[69] /home/travis/build/icyphy/ptII/ptolemy/domains/de/test/auto/TimerZeroDelay.xml (RunModel)" time="0.011" />
  <testcase classname="ptolemy.util.test.junit.AutoTests" name="[70] /home/travis/build/icyphy/ptII/ptolemy/domains/de/test/auto/TimingParadox.xml (RunModel)" time="0.415" />
  <testcase classname="ptolemy.util.test.junit.AutoTests" name="[71] /home/travis/build/icyphy/ptII/ptolemy/domains/de/test/auto/TransferInputs.xml (RunModel)" time="0.016" />
  <testcase classname="ptolemy.util.test.junit.AutoTests" name="[72] /home/travis/build/icyphy/ptII/ptolemy/domains/de/test/auto/TransferOutputs2.xml (RunModel)" time="0.019" />
  <testcase classname="ptolemy.util.test.junit.AutoTests" name="[73] /home/travis/build/icyphy/ptII/ptolemy/domains/de/test/auto/Trilateration.xml (RunModel)" time="12.895" />
  <testcase classname="ptolemy.util.test.junit.AutoTests" name="[74] /home/travis/build/icyphy/ptII/ptolemy/domains/de/test/auto/TwoSigmaDelta.xml (RunModel)" time="2.13" />
  <testcase classname="ptolemy.util.test.junit.AutoTests" name="[75] /home/travis/build/icyphy/ptII/ptolemy/domains/de/test/auto/VariableDelay.xml (RunModel)" time="0.023" />
  <testcase classname="ptolemy.util.test.junit.AutoTests" name="[76] /home/travis/build/icyphy/ptII/ptolemy/domains/de/test/auto/VariableDelay2.xml (RunModel)" time="0.009" />
  <testcase classname="ptolemy.util.test.junit.AutoTests" name="[77] /home/travis/build/icyphy/ptII/ptolemy/domains/de/test/auto/VariableDelayZeroDelay.xml (RunModel)" time="0.015" />
  <testcase classname="ptolemy.util.test.junit.AutoTests" name="[78] /home/travis/build/icyphy/ptII/ptolemy/domains/de/test/auto/VariableDelayZeroDelay2.xml (RunModel)" time="0.01" />
  <testcase classname="ptolemy.util.test.junit.AutoTests" name="[79] /home/travis/build/icyphy/ptII/ptolemy/domains/de/test/auto/deInCt.xml (RunModel)" time="0.016" />
  <testcase classname="ptolemy.util.test.junit.AutoTests" name="[80] /home/travis/build/icyphy/ptII/ptolemy/domains/de/test/auto/deInCt2.xml (RunModel)" time="0.022" />
  <testcase classname="ptolemy.util.test.junit.AutoTests" name="[81] /home/travis/build/icyphy/ptII/ptolemy/domains/de/test/auto/dynamicCausalityInterface1.xml (RunModel)" time="0.027" />
  <testcase classname="ptolemy.util.test.junit.AutoTests" name="[82] /home/travis/build/icyphy/ptII/ptolemy/domains/de/test/auto/fsm_de_test.xml (RunModel)" time="0.025" />
  <testcase classname="ptolemy.util.test.junit.AutoTests" name="[83] /home/travis/build/icyphy/ptII/ptolemy/domains/de/test/auto/functionDependencyReconstruction.xml (RunModel)" time="0.043" />
  <testcase classname="ptolemy.util.test.junit.AutoTests" name="[84] /home/travis/build/icyphy/ptII/ptolemy/domains/de/test/auto/multirate.xml (RunModel)" time="0.019" />
  <testcase classname="ptolemy.util.test.junit.AutoTests" name="[85] /home/travis/build/icyphy/ptII/ptolemy/domains/de/test/auto/multirate2.xml (RunModel)" time="0.02" />
  <testcase classname="ptolemy.util.test.junit.AutoTests" name="[86] /home/travis/build/icyphy/ptII/ptolemy/domains/de/test/auto/realtime.xml (RunModel)" time="10.012" />
  <testcase classname="ptolemy.util.test.junit.AutoTests" name="[87] /home/travis/build/icyphy/ptII/ptolemy/domains/de/test/auto/relationGroup.xml (RunModel)" time="0.008" />
  <testcase classname="ptolemy.util.test.junit.AutoTests" name="[88] /home/travis/build/icyphy/ptII/ptolemy/domains/de/test/auto/relationGroup2.xml (RunModel)" time="0.007" />
  <testcase classname="ptolemy.util.test.junit.AutoTests" name="[89] /home/travis/build/icyphy/ptII/ptolemy/domains/de/test/auto/sortWithOpaquePorts.xml (RunModel)" time="0.01" />
  <testcase classname="ptolemy.util.test.junit.AutoTests" name="[90] /home/travis/build/icyphy/ptII/ptolemy/domains/de/test/auto/transferInputsandOutputs.xml (RunModel)" time="0.016" />
  <testcase classname="ptolemy.util.test.junit.AutoTests" name="[91] /home/travis/build/icyphy/ptII/ptolemy/domains/de/test/auto/triggerType.xml (RunModel)" time="0.009" />
  <system-out><![CDATA[/home/travis/build/icyphy/ptII/ptolemy/domains/de/test/DependencyLoop.tcl
testDefs.tcl: setting time out to 9000 seconds at Thu Aug 16 01:56:06 UTC 2018
19 ms. Memory: 116224K Free: 93420K (80%)
7 ms. Memory: 146944K Free: 135486K (92%)
/home/travis/build/icyphy/ptII/ptolemy/domains/de/test/RunDETestsAsQSS.tcl
Run the DE tests using ptolemy.domains.qss.test.QSSDirectorTest, which extends QSSDirector and prints a message in the constructors.
------------------ testing $PTII/ptolemy/domains/de/test/auto/knownFailedTests/dependencyLoop.xml (Known Failure) 
16 ms. Memory: 146944K Free: 132374K (90%)


==== $PTIIhome/travis/build/icyphy/ptII/ptolemy/domains/de/test/../../../../: Auto Automatic test in file $PTII/ptolemy/domains/de/test/auto/knownFailedTests/dependencyLoop.xml
==== Contents of test case:

	    # FIXME: we should use $relativeFilename here, but it
	    # might have backslashes under Windows, which causes no end
	    # of trouble.
	    createAndExecute $file
	    list {}
	
.... Test generated KNOWN error:
    while executing
ptolemy.kernel.util.IllegalActionException: Found a zero delay loop containing .dependencyLoop.original
  in .dependencyLoop and .dependencyLoop.original
	at ptolemy.actor.util.CausalityInterfaceForComposites._computeOutputPortDepth(CausalityInterfaceForComposites.java:759)
	at ptolemy.actor.util.CausalityInterfaceForComposites._computeInputDepth(CausalityInterfaceForComposites.java:696)
	at ptolemy.actor.util.CausalityInterfaceForComposites._computeOutputPortDepth(CausalityInterfaceForComposites.java:765)
	at ptolemy.actor.util.CausalityInterfaceForComposites._computeInputDepth(CausalityInterfaceForComposites.java:696)
	at ptolemy.actor.util.CausalityInterfaceForComposites._computeOutputPortDepth(CausalityInterfaceForComposites.java:765)
	at ptolemy.actor.util.CausalityInterfaceForComposites._computeInputDepth(CausalityInterfaceForComposites.java:696)
	at ptolemy.actor.util.CausalityInterfaceForComposites._computeActorDepth(CausalityInterfaceForComposites.java:532)
	at ptolemy.actor.util.CausalityInterfaceForComposites.checkForCycles(CausalityInterfaceForComposites.java:96)
	at ptolemy.domains.de.kernel.DEDirector.preinitialize(DEDirector.java:1338)
	at ptolemy.actor.CompositeActor.preinitialize(CompositeActor.java:1828)
	at ptolemy.actor.Manager.preinitializeAndResolveTypes(Manager.java:1040)
	at ptolemy.actor.Manager.initialize(Manager.java:710)
	at ptolemy.actor.Manager.execute(Manager.java:356)
	at ptolemy.actor.Manager.run(Manager.java:1263)
	at ptolemy.actor.Manager$PtolemyRunThread.run(Manager.java:1915)

    while executing
ptolemy.kernel.util.IllegalActionException: Found a zero delay loop containing .dependencyLoop.original
  in .dependencyLoop and .dependencyLoop.original
    while executing
"java::new ptolemy.moml.MoMLSimpleApplication $file
"
    (procedure "createAndExecute" line 2)
    invoked from within
"createAndExecute $file"
    ("uplevel" body line 5)
    invoked from within
"uplevel $contents_of_test"
------------------ testing $PTII/ptolemy/domains/de/test/auto/knownFailedTests/DESDFClockTest.xml (Known Failure) 
2065 ms. Memory: 146944K Free: 116550K (79%)


==== $PTIIhome/travis/build/icyphy/ptII/ptolemy/domains/de/test/../../../../: Auto Automatic test in file $PTII/ptolemy/domains/de/test/auto/knownFailedTests/DESDFClockTest.xml
==== Contents of test case:

	    # FIXME: we should use $relativeFilename here, but it
	    # might have backslashes under Windows, which causes no end
	    # of trouble.
	    createAndExecute $file
	    list {}
	
.... Test generated KNOWN error:
    while executing
ptolemy.kernel.util.IllegalActionException: Actor is not ready to fire.  Perhaps UpSample.prefire() returned false? Try debugging the actor by selecting "Listen to Actor".  Also, for SDF check moml for tokenConsumptionRate on input.
  in .DESDFClockTest.Play Bell.Copy1:SDF Director and .DESDFClockTest.Play Bell.UpSample
	at ptolemy.actor.sched.StaticSchedulingDirector.fire(StaticSchedulingDirector.java:227)
	at ptolemy.domains.sdf.kernel.SDFDirector.fire(SDFDirector.java:500)
	at ptolemy.actor.CompositeActor.fire(CompositeActor.java:455)
	at ptolemy.domains.de.kernel.DEDirector._fire(DEDirector.java:1949)
	at ptolemy.domains.de.kernel.DEDirector.fire(DEDirector.java:502)
	at ptolemy.actor.CompositeActor.fire(CompositeActor.java:455)
	at ptolemy.actor.Manager.iterate(Manager.java:851)
	at ptolemy.actor.Manager.execute(Manager.java:369)
	at ptolemy.actor.Manager.run(Manager.java:1263)
	at ptolemy.actor.Manager$PtolemyRunThread.run(Manager.java:1915)

    while executing
ptolemy.kernel.util.IllegalActionException: Actor is not ready to fire.  Perhaps UpSample.prefire() returned false? Try debugging the actor by selecting "Listen to Actor".  Also, for SDF check moml for tokenConsumptionRate on input.
  in .DESDFClockTest.Play Bell.Copy1:SDF Director and .DESDFClockTest.Play Bell.UpSample
    while executing
"java::new ptolemy.moml.MoMLSimpleApplication $file
"
    (procedure "createAndExecute" line 2)
    invoked from within
"createAndExecute $file"
    ("uplevel" body line 5)
    invoked from within
"uplevel $contents_of_test"
------------------ testing $PTII/ptolemy/domains/de/test/auto/knownFailedTests/FSMSource.xml (Known Failure) 
28 ms. Memory: 146944K Free: 107004K (73%)
!!!! Auto was marked as failing, but now passes
------------------ testing $PTII/ptolemy/domains/de/test/auto/knownFailedTests/dependencyLoop2.xml (Known Failure) 
7 ms. Memory: 146944K Free: 105145K (72%)


==== $PTIIhome/travis/build/icyphy/ptII/ptolemy/domains/de/test/../../../../: Auto Automatic test in file $PTII/ptolemy/domains/de/test/auto/knownFailedTests/dependencyLoop2.xml
==== Contents of test case:

	    # FIXME: we should use $relativeFilename here, but it
	    # might have backslashes under Windows, which causes no end
	    # of trouble.
	    createAndExecute $file
	    list {}
	
.... Test generated KNOWN error:
    while executing
ptolemy.kernel.util.IllegalActionException: Found a zero delay loop containing .dependencyLoop2.original
  in .dependencyLoop2 and .dependencyLoop2.original
	at ptolemy.actor.util.CausalityInterfaceForComposites._computeOutputPortDepth(CausalityInterfaceForComposites.java:759)
	at ptolemy.actor.util.CausalityInterfaceForComposites._computeInputDepth(CausalityInterfaceForComposites.java:696)
	at ptolemy.actor.util.CausalityInterfaceForComposites._computeOutputPortDepth(CausalityInterfaceForComposites.java:765)
	at ptolemy.actor.util.CausalityInterfaceForComposites._computeInputDepth(CausalityInterfaceForComposites.java:696)
	at ptolemy.actor.util.CausalityInterfaceForComposites._computeOutputPortDepth(CausalityInterfaceForComposites.java:765)
	at ptolemy.actor.util.CausalityInterfaceForComposites._computeInputDepth(CausalityInterfaceForComposites.java:696)
	at ptolemy.actor.util.CausalityInterfaceForComposites._computeActorDepth(CausalityInterfaceForComposites.java:532)
	at ptolemy.actor.util.CausalityInterfaceForComposites.checkForCycles(CausalityInterfaceForComposites.java:96)
	at ptolemy.domains.de.kernel.DEDirector.preinitialize(DEDirector.java:1338)
	at ptolemy.actor.CompositeActor.preinitialize(CompositeActor.java:1828)
	at ptolemy.actor.Manager.preinitializeAndResolveTypes(Manager.java:1040)
	at ptolemy.actor.Manager.initialize(Manager.java:710)
	at ptolemy.actor.Manager.execute(Manager.java:356)
	at ptolemy.actor.Manager.run(Manager.java:1263)
	at ptolemy.actor.Manager$PtolemyRunThread.run(Manager.java:1915)

    while executing
ptolemy.kernel.util.IllegalActionException: Found a zero delay loop containing .dependencyLoop2.original
  in .dependencyLoop2 and .dependencyLoop2.original
    while executing
"java::new ptolemy.moml.MoMLSimpleApplication $file
"
    (procedure "createAndExecute" line 2)
    invoked from within
"createAndExecute $file"
    ("uplevel" body line 5)
    invoked from within
"uplevel $contents_of_test"
------------------ testing $PTII/ptolemy/domains/de/test/auto/knownFailedTests/HierarchicalModel.xml (Known Failure) 
6 ms. Memory: 146944K Free: 84558K (58%)


==== $PTIIhome/travis/build/icyphy/ptII/ptolemy/domains/de/test/../../../../: Auto Automatic test in file $PTII/ptolemy/domains/de/test/auto/knownFailedTests/HierarchicalModel.xml
==== Contents of test case:

	    # FIXME: we should use $relativeFilename here, but it
	    # might have backslashes under Windows, which causes no end
	    # of trouble.
	    createAndExecute $file
	    list {}
	
.... Test generated KNOWN error:
    while executing
ptolemy.kernel.util.IllegalActionException: Found a zero delay loop containing .HierarchicalModel.A
  in .HierarchicalModel and .HierarchicalModel.A
	at ptolemy.actor.util.CausalityInterfaceForComposites._computeOutputPortDepth(CausalityInterfaceForComposites.java:759)
	at ptolemy.actor.util.CausalityInterfaceForComposites._computeInputDepth(CausalityInterfaceForComposites.java:696)
	at ptolemy.actor.util.CausalityInterfaceForComposites._computeOutputPortDepth(CausalityInterfaceForComposites.java:765)
	at ptolemy.actor.util.CausalityInterfaceForComposites._computeInputDepth(CausalityInterfaceForComposites.java:696)
	at ptolemy.actor.util.CausalityInterfaceForComposites._computeOutputPortDepth(CausalityInterfaceForComposites.java:765)
	at ptolemy.actor.util.CausalityInterfaceForComposites._computeInputDepth(CausalityInterfaceForComposites.java:696)
	at ptolemy.actor.util.CausalityInterfaceForComposites._computeActorDepth(CausalityInterfaceForComposites.java:532)
	at ptolemy.actor.util.CausalityInterfaceForComposites.checkForCycles(CausalityInterfaceForComposites.java:96)
	at ptolemy.domains.de.kernel.DEDirector.preinitialize(DEDirector.java:1338)
	at ptolemy.actor.CompositeActor.preinitialize(CompositeActor.java:1828)
	at ptolemy.actor.Manager.preinitializeAndResolveTypes(Manager.java:1040)
	at ptolemy.actor.Manager.initialize(Manager.java:710)
	at ptolemy.actor.Manager.execute(Manager.java:356)
	at ptolemy.actor.Manager.run(Manager.java:1263)
	at ptolemy.actor.Manager$PtolemyRunThread.run(Manager.java:1915)

    while executing
ptolemy.kernel.util.IllegalActionException: Found a zero delay loop containing .HierarchicalModel.A
  in .HierarchicalModel and .HierarchicalModel.A
    while executing
"java::new ptolemy.moml.MoMLSimpleApplication $file
"
    (procedure "createAndExecute" line 2)
    invoked from within
"createAndExecute $file"
    ("uplevel" body line 5)
    invoked from within
"uplevel $contents_of_test"
------------------ testing $PTII/ptolemy/domains/de/test/auto/knownFailedTests/DirectFeedback.xml (Known Failure) 
8 ms. Memory: 146944K Free: 141130K (96%)


==== $PTIIhome/travis/build/icyphy/ptII/ptolemy/domains/de/test/../../../../: Auto Automatic test in file $PTII/ptolemy/domains/de/test/auto/knownFailedTests/DirectFeedback.xml
==== Contents of test case:

	    # FIXME: we should use $relativeFilename here, but it
	    # might have backslashes under Windows, which causes no end
	    # of trouble.
	    createAndExecute $file
	    list {}
	
.... Test generated KNOWN error:
    while executing
ptolemy.kernel.util.IllegalActionException: Test fails in iteration 1.
Value was: 1.0. Should have been: 2.0
  in .DirectFeedback.Test
	at ptolemy.actor.lib.Test.fire(Test.java:268)
	at ptolemy.domains.de.kernel.DEDirector._fire(DEDirector.java:1949)
	at ptolemy.domains.de.kernel.DEDirector.fire(DEDirector.java:502)
	at ptolemy.actor.CompositeActor.fire(CompositeActor.java:455)
	at ptolemy.actor.Manager.iterate(Manager.java:851)
	at ptolemy.actor.Manager.execute(Manager.java:369)
	at ptolemy.actor.Manager.run(Manager.java:1263)
	at ptolemy.actor.Manager$PtolemyRunThread.run(Manager.java:1915)

    while executing
ptolemy.kernel.util.IllegalActionException: Test fails in iteration 1.
Value was: 1.0. Should have been: 2.0
  in .DirectFeedback.Test
    while executing
"java::new ptolemy.moml.MoMLSimpleApplication $file
"
    (procedure "createAndExecute" line 2)
    invoked from within
"createAndExecute $file"
    ("uplevel" body line 5)
    invoked from within
"uplevel $contents_of_test"
------------------ testing $PTII/ptolemy/domains/de/test/auto/ActorDepthCalculation_actorWithoutPorts.xml
auto.tcl: Setting watchdog for 200 seconds at Thu Aug 16 01:56:09 UTC 2018
12 ms. Memory: 146944K Free: 132370K (90%)
ptolemy.util.test.WatchDog.cancel(): canceling Thu Aug 16 01:56:09 UTC 2018
auto.tcl: Setting watchdog for 200 seconds at Thu Aug 16 01:56:09 UTC 2018
5 ms. Memory: 146944K Free: 131325K (89%)
ptolemy.util.test.WatchDog.cancel(): canceling Thu Aug 16 01:56:09 UTC 2018
------------------ testing $PTII/ptolemy/domains/de/test/auto/AssemblyLine.xml
auto.tcl: Setting watchdog for 200 seconds at Thu Aug 16 01:56:09 UTC 2018
22 ms. Memory: 208384K Free: 182801K (88%)
ptolemy.util.test.WatchDog.cancel(): canceling Thu Aug 16 01:56:10 UTC 2018
auto.tcl: Setting watchdog for 200 seconds at Thu Aug 16 01:56:10 UTC 2018
12 ms. Memory: 208384K Free: 182801K (88%)
ptolemy.util.test.WatchDog.cancel(): canceling Thu Aug 16 01:56:10 UTC 2018
------------------ testing $PTII/ptolemy/domains/de/test/auto/CQBug1.xml
auto.tcl: Setting watchdog for 200 seconds at Thu Aug 16 01:56:10 UTC 2018
8 ms. Memory: 208384K Free: 197694K (95%)
ptolemy.util.test.WatchDog.cancel(): canceling Thu Aug 16 01:56:10 UTC 2018
auto.tcl: Setting watchdog for 200 seconds at Thu Aug 16 01:56:10 UTC 2018
2 ms. Memory: 208384K Free: 197694K (95%)
ptolemy.util.test.WatchDog.cancel(): canceling Thu Aug 16 01:56:10 UTC 2018
------------------ testing $PTII/ptolemy/domains/de/test/auto/CancelFireAt.xml
auto.tcl: Setting watchdog for 200 seconds at Thu Aug 16 01:56:10 UTC 2018
4 ms. Memory: 208384K Free: 201423K (97%)
ptolemy.util.test.WatchDog.cancel(): canceling Thu Aug 16 01:56:10 UTC 2018
auto.tcl: Setting watchdog for 200 seconds at Thu Aug 16 01:56:10 UTC 2018
7 ms. Memory: 208384K Free: 199314K (96%)
ptolemy.util.test.WatchDog.cancel(): canceling Thu Aug 16 01:56:10 UTC 2018
------------------ testing $PTII/ptolemy/domains/de/test/auto/CausalityAndComposabilityAnalysis.xml
auto.tcl: Setting watchdog for 200 seconds at Thu Aug 16 01:56:10 UTC 2018
22 ms. Memory: 208384K Free: 196465K (94%)
ptolemy.util.test.WatchDog.cancel(): canceling Thu Aug 16 01:56:10 UTC 2018
auto.tcl: Setting watchdog for 200 seconds at Thu Aug 16 01:56:10 UTC 2018
6 ms. Memory: 208384K Free: 196465K (94%)
ptolemy.util.test.WatchDog.cancel(): canceling Thu Aug 16 01:56:10 UTC 2018
------------------ testing $PTII/ptolemy/domains/de/test/auto/CausalityInterface1.xml
auto.tcl: Setting watchdog for 200 seconds at Thu Aug 16 01:56:10 UTC 2018
23 ms. Memory: 208384K Free: 196402K (94%)
ptolemy.util.test.WatchDog.cancel(): canceling Thu Aug 16 01:56:10 UTC 2018
auto.tcl: Setting watchdog for 200 seconds at Thu Aug 16 01:56:10 UTC 2018
5 ms. Memory: 208384K Free: 196402K (94%)
ptolemy.util.test.WatchDog.cancel(): canceling Thu Aug 16 01:56:10 UTC 2018
------------------ testing $PTII/ptolemy/domains/de/test/auto/CausalityInterface15.xml
auto.tcl: Setting watchdog for 200 seconds at Thu Aug 16 01:56:10 UTC 2018
18 ms. Memory: 208384K Free: 196394K (94%)
ptolemy.util.test.WatchDog.cancel(): canceling Thu Aug 16 01:56:10 UTC 2018
auto.tcl: Setting watchdog for 200 seconds at Thu Aug 16 01:56:10 UTC 2018
8 ms. Memory: 208384K Free: 196394K (94%)
ptolemy.util.test.WatchDog.cancel(): canceling Thu Aug 16 01:56:10 UTC 2018
------------------ testing $PTII/ptolemy/domains/de/test/auto/CausalityInterface2.xml
auto.tcl: Setting watchdog for 200 seconds at Thu Aug 16 01:56:10 UTC 2018
9 ms. Memory: 208384K Free: 196378K (94%)
ptolemy.util.test.WatchDog.cancel(): canceling Thu Aug 16 01:56:10 UTC 2018
auto.tcl: Setting watchdog for 200 seconds at Thu Aug 16 01:56:10 UTC 2018
4 ms. Memory: 208384K Free: 196378K (94%)
ptolemy.util.test.WatchDog.cancel(): canceling Thu Aug 16 01:56:10 UTC 2018
------------------ testing $PTII/ptolemy/domains/de/test/auto/CausalityInterface3.xml
auto.tcl: Setting watchdog for 200 seconds at Thu Aug 16 01:56:10 UTC 2018
10 ms. Memory: 208384K Free: 196728K (94%)
ptolemy.util.test.WatchDog.cancel(): canceling Thu Aug 16 01:56:10 UTC 2018
auto.tcl: Setting watchdog for 200 seconds at Thu Aug 16 01:56:10 UTC 2018
4 ms. Memory: 208384K Free: 196390K (94%)
ptolemy.util.test.WatchDog.cancel(): canceling Thu Aug 16 01:56:11 UTC 2018
------------------ testing $PTII/ptolemy/domains/de/test/auto/ClockDrift.xml
auto.tcl: Setting watchdog for 200 seconds at Thu Aug 16 01:56:11 UTC 2018
67 ms. Memory: 208384K Free: 187595K (90%)
ptolemy.util.test.WatchDog.cancel(): canceling Thu Aug 16 01:56:11 UTC 2018
auto.tcl: Setting watchdog for 200 seconds at Thu Aug 16 01:56:11 UTC 2018
76 ms. Memory: 208384K Free: 185486K (89%)
ptolemy.util.test.WatchDog.cancel(): canceling Thu Aug 16 01:56:11 UTC 2018
------------------ testing $PTII/ptolemy/domains/de/test/auto/ClockDriftAndValueChange.xml
auto.tcl: Setting watchdog for 200 seconds at Thu Aug 16 01:56:11 UTC 2018
68 ms. Memory: 208384K Free: 187426K (90%)
ptolemy.util.test.WatchDog.cancel(): canceling Thu Aug 16 01:56:11 UTC 2018
auto.tcl: Setting watchdog for 200 seconds at Thu Aug 16 01:56:11 UTC 2018
33 ms. Memory: 208384K Free: 185316K (89%)
ptolemy.util.test.WatchDog.cancel(): canceling Thu Aug 16 01:56:11 UTC 2018
------------------ testing $PTII/ptolemy/domains/de/test/auto/ClockDriftChange.xml
auto.tcl: Setting watchdog for 200 seconds at Thu Aug 16 01:56:11 UTC 2018
47 ms. Memory: 208384K Free: 190761K (92%)
ptolemy.util.test.WatchDog.cancel(): canceling Thu Aug 16 01:56:11 UTC 2018
auto.tcl: Setting watchdog for 200 seconds at Thu Aug 16 01:56:11 UTC 2018
31 ms. Memory: 208384K Free: 188651K (91%)
ptolemy.util.test.WatchDog.cancel(): canceling Thu Aug 16 01:56:11 UTC 2018
------------------ testing $PTII/ptolemy/domains/de/test/auto/ComposableCausalityAnalysis.xml
auto.tcl: Setting watchdog for 200 seconds at Thu Aug 16 01:56:11 UTC 2018
2 ms. Memory: 208384K Free: 196247K (94%)
ptolemy.util.test.WatchDog.cancel(): canceling Thu Aug 16 01:56:11 UTC 2018
auto.tcl: Setting watchdog for 200 seconds at Thu Aug 16 01:56:11 UTC 2018
2 ms. Memory: 208384K Free: 194137K (93%)
ptolemy.util.test.WatchDog.cancel(): canceling Thu Aug 16 01:56:11 UTC 2018
------------------ testing $PTII/ptolemy/domains/de/test/auto/DEFixedPointLimitation.xml
auto.tcl: Setting watchdog for 200 seconds at Thu Aug 16 01:56:11 UTC 2018
2 ms. Memory: 208384K Free: 196327K (94%)
ptolemy.util.test.WatchDog.cancel(): canceling Thu Aug 16 01:56:11 UTC 2018
auto.tcl: Setting watchdog for 200 seconds at Thu Aug 16 01:56:11 UTC 2018
2 ms. Memory: 208384K Free: 196327K (94%)
ptolemy.util.test.WatchDog.cancel(): canceling Thu Aug 16 01:56:11 UTC 2018
------------------ testing $PTII/ptolemy/domains/de/test/auto/DEScheduleTest.xml
auto.tcl: Setting watchdog for 200 seconds at Thu Aug 16 01:56:11 UTC 2018
7 ms. Memory: 208384K Free: 198472K (95%)
ptolemy.util.test.WatchDog.cancel(): canceling Thu Aug 16 01:56:11 UTC 2018
auto.tcl: Setting watchdog for 200 seconds at Thu Aug 16 01:56:11 UTC 2018
4 ms. Memory: 208384K Free: 196363K (94%)
ptolemy.util.test.WatchDog.cancel(): canceling Thu Aug 16 01:56:11 UTC 2018
------------------ testing $PTII/ptolemy/domains/de/test/auto/DEinDEwithStartTimes.xml
auto.tcl: Setting watchdog for 200 seconds at Thu Aug 16 01:56:11 UTC 2018
13 ms. Memory: 208384K Free: 196333K (94%)
ptolemy.util.test.WatchDog.cancel(): canceling Thu Aug 16 01:56:12 UTC 2018
auto.tcl: Setting watchdog for 200 seconds at Thu Aug 16 01:56:12 UTC 2018
4 ms. Memory: 208384K Free: 194223K (93%)
ptolemy.util.test.WatchDog.cancel(): canceling Thu Aug 16 01:56:12 UTC 2018
------------------ testing $PTII/ptolemy/domains/de/test/auto/DEinDEwithStartTimes2.xml
auto.tcl: Setting watchdog for 200 seconds at Thu Aug 16 01:56:12 UTC 2018
10 ms. Memory: 208384K Free: 196312K (94%)
ptolemy.util.test.WatchDog.cancel(): canceling Thu Aug 16 01:56:12 UTC 2018
auto.tcl: Setting watchdog for 200 seconds at Thu Aug 16 01:56:12 UTC 2018
4 ms. Memory: 208384K Free: 194203K (93%)
ptolemy.util.test.WatchDog.cancel(): canceling Thu Aug 16 01:56:12 UTC 2018
------------------ testing $PTII/ptolemy/domains/de/test/auto/DateDemo.xml
auto.tcl: Setting watchdog for 200 seconds at Thu Aug 16 01:56:12 UTC 2018
19 ms. Memory: 208384K Free: 188714K (91%)
ptolemy.util.test.WatchDog.cancel(): canceling Thu Aug 16 01:56:12 UTC 2018
auto.tcl: Setting watchdog for 200 seconds at Thu Aug 16 01:56:12 UTC 2018
15 ms. Memory: 208384K Free: 186604K (90%)
ptolemy.util.test.WatchDog.cancel(): canceling Thu Aug 16 01:56:12 UTC 2018
------------------ testing $PTII/ptolemy/domains/de/test/auto/DateToEvent.xml
auto.tcl: Setting watchdog for 200 seconds at Thu Aug 16 01:56:12 UTC 2018
2021 ms. Memory: 208384K Free: 183421K (88%)
ptolemy.util.test.WatchDog.cancel(): canceling Thu Aug 16 01:56:14 UTC 2018
auto.tcl: Setting watchdog for 200 seconds at Thu Aug 16 01:56:14 UTC 2018
2005 ms. Memory: 208384K Free: 183421K (88%)
ptolemy.util.test.WatchDog.cancel(): canceling Thu Aug 16 01:56:16 UTC 2018
------------------ testing $PTII/ptolemy/domains/de/test/auto/DepthTest1.xml
auto.tcl: Setting watchdog for 200 seconds at Thu Aug 16 01:56:16 UTC 2018
6 ms. Memory: 208384K Free: 197999K (95%)
ptolemy.util.test.WatchDog.cancel(): canceling Thu Aug 16 01:56:16 UTC 2018
auto.tcl: Setting watchdog for 200 seconds at Thu Aug 16 01:56:16 UTC 2018
2 ms. Memory: 208384K Free: 197999K (95%)
ptolemy.util.test.WatchDog.cancel(): canceling Thu Aug 16 01:56:16 UTC 2018
------------------ testing $PTII/ptolemy/domains/de/test/auto/DepthTest2.xml
auto.tcl: Setting watchdog for 200 seconds at Thu Aug 16 01:56:16 UTC 2018
8 ms. Memory: 208384K Free: 191724K (92%)
ptolemy.util.test.WatchDog.cancel(): canceling Thu Aug 16 01:56:16 UTC 2018
auto.tcl: Setting watchdog for 200 seconds at Thu Aug 16 01:56:16 UTC 2018
3 ms. Memory: 208384K Free: 191724K (92%)
ptolemy.util.test.WatchDog.cancel(): canceling Thu Aug 16 01:56:16 UTC 2018
------------------ testing $PTII/ptolemy/domains/de/test/auto/DepthTest3.xml
auto.tcl: Setting watchdog for 200 seconds at Thu Aug 16 01:56:16 UTC 2018
3 ms. Memory: 208384K Free: 198333K (95%)
ptolemy.util.test.WatchDog.cancel(): canceling Thu Aug 16 01:56:16 UTC 2018
auto.tcl: Setting watchdog for 200 seconds at Thu Aug 16 01:56:16 UTC 2018
2 ms. Memory: 208384K Free: 198333K (95%)
ptolemy.util.test.WatchDog.cancel(): canceling Thu Aug 16 01:56:16 UTC 2018
------------------ testing $PTII/ptolemy/domains/de/test/auto/DepthTest4.xml
auto.tcl: Setting watchdog for 200 seconds at Thu Aug 16 01:56:16 UTC 2018
7 ms. Memory: 208384K Free: 196311K (94%)
ptolemy.util.test.WatchDog.cancel(): canceling Thu Aug 16 01:56:16 UTC 2018
auto.tcl: Setting watchdog for 200 seconds at Thu Aug 16 01:56:16 UTC 2018
5 ms. Memory: 208384K Free: 196311K (94%)
ptolemy.util.test.WatchDog.cancel(): canceling Thu Aug 16 01:56:16 UTC 2018
------------------ testing $PTII/ptolemy/domains/de/test/auto/DepthTest5.xml
auto.tcl: Setting watchdog for 200 seconds at Thu Aug 16 01:56:16 UTC 2018
7 ms. Memory: 208384K Free: 196596K (94%)
ptolemy.util.test.WatchDog.cancel(): canceling Thu Aug 16 01:56:16 UTC 2018
auto.tcl: Setting watchdog for 200 seconds at Thu Aug 16 01:56:16 UTC 2018
3 ms. Memory: 208384K Free: 196596K (94%)
ptolemy.util.test.WatchDog.cancel(): canceling Thu Aug 16 01:56:16 UTC 2018
------------------ testing $PTII/ptolemy/domains/de/test/auto/DepthTest6.xml
auto.tcl: Setting watchdog for 200 seconds at Thu Aug 16 01:56:16 UTC 2018
11 ms. Memory: 208384K Free: 196564K (94%)
ptolemy.util.test.WatchDog.cancel(): canceling Thu Aug 16 01:56:16 UTC 2018
auto.tcl: Setting watchdog for 200 seconds at Thu Aug 16 01:56:16 UTC 2018
3 ms. Memory: 208384K Free: 196564K (94%)
ptolemy.util.test.WatchDog.cancel(): canceling Thu Aug 16 01:56:16 UTC 2018
------------------ testing $PTII/ptolemy/domains/de/test/auto/DepthTest7.xml
auto.tcl: Setting watchdog for 200 seconds at Thu Aug 16 01:56:17 UTC 2018
3 ms. Memory: 208384K Free: 196216K (94%)
ptolemy.util.test.WatchDog.cancel(): canceling Thu Aug 16 01:56:17 UTC 2018
auto.tcl: Setting watchdog for 200 seconds at Thu Aug 16 01:56:17 UTC 2018
3 ms. Memory: 208384K Free: 196216K (94%)
ptolemy.util.test.WatchDog.cancel(): canceling Thu Aug 16 01:56:17 UTC 2018
------------------ testing $PTII/ptolemy/domains/de/test/auto/EventToDate.xml
auto.tcl: Setting watchdog for 200 seconds at Thu Aug 16 01:56:17 UTC 2018
3006 ms. Memory: 208384K Free: 185692K (89%)
ptolemy.util.test.WatchDog.cancel(): canceling Thu Aug 16 01:56:20 UTC 2018
auto.tcl: Setting watchdog for 200 seconds at Thu Aug 16 01:56:20 UTC 2018
3005 ms. Memory: 208384K Free: 185692K (89%)
ptolemy.util.test.WatchDog.cancel(): canceling Thu Aug 16 01:56:23 UTC 2018
------------------ testing $PTII/ptolemy/domains/de/test/auto/FSM1.xml
auto.tcl: Setting watchdog for 200 seconds at Thu Aug 16 01:56:23 UTC 2018
20 ms. Memory: 208384K Free: 189250K (91%)
ptolemy.util.test.WatchDog.cancel(): canceling Thu Aug 16 01:56:23 UTC 2018
auto.tcl: Setting watchdog for 200 seconds at Thu Aug 16 01:56:23 UTC 2018
17 ms. Memory: 208384K Free: 185031K (89%)
ptolemy.util.test.WatchDog.cancel(): canceling Thu Aug 16 01:56:23 UTC 2018
------------------ testing $PTII/ptolemy/domains/de/test/auto/FSM7.xml
auto.tcl: Setting watchdog for 200 seconds at Thu Aug 16 01:56:23 UTC 2018
30 ms. Memory: 208384K Free: 187344K (90%)
ptolemy.util.test.WatchDog.cancel(): canceling Thu Aug 16 01:56:23 UTC 2018
auto.tcl: Setting watchdog for 200 seconds at Thu Aug 16 01:56:23 UTC 2018
22 ms. Memory: 208384K Free: 185235K (89%)
ptolemy.util.test.WatchDog.cancel(): canceling Thu Aug 16 01:56:23 UTC 2018
------------------ testing $PTII/ptolemy/domains/de/test/auto/Inspection.xml
auto.tcl: Setting watchdog for 200 seconds at Thu Aug 16 01:56:23 UTC 2018
51 ms. Memory: 208384K Free: 188895K (91%)
ptolemy.util.test.WatchDog.cancel(): canceling Thu Aug 16 01:56:23 UTC 2018
auto.tcl: Setting watchdog for 200 seconds at Thu Aug 16 01:56:23 UTC 2018
36 ms. Memory: 208384K Free: 186786K (90%)
ptolemy.util.test.WatchDog.cancel(): canceling Thu Aug 16 01:56:23 UTC 2018
------------------ testing $PTII/ptolemy/domains/de/test/auto/Iteration.xml
auto.tcl: Setting watchdog for 200 seconds at Thu Aug 16 01:56:23 UTC 2018
18 ms. Memory: 208384K Free: 196023K (94%)
ptolemy.util.test.WatchDog.cancel(): canceling Thu Aug 16 01:56:23 UTC 2018
auto.tcl: Setting watchdog for 200 seconds at Thu Aug 16 01:56:23 UTC 2018
9 ms. Memory: 208384K Free: 193913K (93%)
ptolemy.util.test.WatchDog.cancel(): canceling Thu Aug 16 01:56:23 UTC 2018
------------------ testing $PTII/ptolemy/domains/de/test/auto/LineFault.xml
auto.tcl: Setting watchdog for 200 seconds at Thu Aug 16 01:56:23 UTC 2018
954 ms. Memory: 208384K Free: 196248K (94%)
ptolemy.util.test.WatchDog.cancel(): canceling Thu Aug 16 01:56:24 UTC 2018
auto.tcl: Setting watchdog for 200 seconds at Thu Aug 16 01:56:24 UTC 2018
774 ms. Memory: 208384K Free: 138652K (67%)
ptolemy.util.test.WatchDog.cancel(): canceling Thu Aug 16 01:56:25 UTC 2018
------------------ testing $PTII/ptolemy/domains/de/test/auto/MergeModel1Add.xml
auto.tcl: Setting watchdog for 200 seconds at Thu Aug 16 01:56:25 UTC 2018
33 ms. Memory: 331264K Free: 298858K (90%)
ptolemy.util.test.WatchDog.cancel(): canceling Thu Aug 16 01:56:26 UTC 2018
auto.tcl: Setting watchdog for 200 seconds at Thu Aug 16 01:56:26 UTC 2018
12 ms. Memory: 331264K Free: 298858K (90%)
ptolemy.util.test.WatchDog.cancel(): canceling Thu Aug 16 01:56:26 UTC 2018
------------------ testing $PTII/ptolemy/domains/de/test/auto/MergeModel2Add.xml
auto.tcl: Setting watchdog for 200 seconds at Thu Aug 16 01:56:26 UTC 2018
13 ms. Memory: 331264K Free: 304145K (92%)
ptolemy.util.test.WatchDog.cancel(): canceling Thu Aug 16 01:56:26 UTC 2018
auto.tcl: Setting watchdog for 200 seconds at Thu Aug 16 01:56:26 UTC 2018
13 ms. Memory: 331264K Free: 300196K (91%)
ptolemy.util.test.WatchDog.cancel(): canceling Thu Aug 16 01:56:26 UTC 2018
------------------ testing $PTII/ptolemy/domains/de/test/auto/MergeModel3Add.xml
auto.tcl: Setting watchdog for 200 seconds at Thu Aug 16 01:56:26 UTC 2018
11 ms. Memory: 331264K Free: 304155K (92%)
ptolemy.util.test.WatchDog.cancel(): canceling Thu Aug 16 01:56:26 UTC 2018
auto.tcl: Setting watchdog for 200 seconds at Thu Aug 16 01:56:26 UTC 2018
10 ms. Memory: 331264K Free: 300207K (91%)
ptolemy.util.test.WatchDog.cancel(): canceling Thu Aug 16 01:56:26 UTC 2018
------------------ testing $PTII/ptolemy/domains/de/test/auto/MergeWithoutDiscard.xml
auto.tcl: Setting watchdog for 200 seconds at Thu Aug 16 01:56:26 UTC 2018
5 ms. Memory: 331264K Free: 319946K (97%)
ptolemy.util.test.WatchDog.cancel(): canceling Thu Aug 16 01:56:26 UTC 2018
auto.tcl: Setting watchdog for 200 seconds at Thu Aug 16 01:56:26 UTC 2018
1 ms. Memory: 331264K Free: 315997K (95%)
ptolemy.util.test.WatchDog.cancel(): canceling Thu Aug 16 01:56:26 UTC 2018
------------------ testing $PTII/ptolemy/domains/de/test/auto/Modal1.xml
auto.tcl: Setting watchdog for 200 seconds at Thu Aug 16 01:56:26 UTC 2018
20 ms. Memory: 331264K Free: 309897K (94%)
ptolemy.util.test.WatchDog.cancel(): canceling Thu Aug 16 01:56:26 UTC 2018
auto.tcl: Setting watchdog for 200 seconds at Thu Aug 16 01:56:26 UTC 2018
25 ms. Memory: 331264K Free: 305949K (92%)
ptolemy.util.test.WatchDog.cancel(): canceling Thu Aug 16 01:56:26 UTC 2018
------------------ testing $PTII/ptolemy/domains/de/test/auto/Modal2.xml
auto.tcl: Setting watchdog for 200 seconds at Thu Aug 16 01:56:26 UTC 2018
20 ms. Memory: 331264K Free: 304848K (92%)
ptolemy.util.test.WatchDog.cancel(): canceling Thu Aug 16 01:56:26 UTC 2018
auto.tcl: Setting watchdog for 200 seconds at Thu Aug 16 01:56:26 UTC 2018
22 ms. Memory: 331264K Free: 300899K (91%)
ptolemy.util.test.WatchDog.cancel(): canceling Thu Aug 16 01:56:26 UTC 2018
------------------ testing $PTII/ptolemy/domains/de/test/auto/Modal3.xml
auto.tcl: Setting watchdog for 200 seconds at Thu Aug 16 01:56:26 UTC 2018
16 ms. Memory: 331264K Free: 310054K (94%)
ptolemy.util.test.WatchDog.cancel(): canceling Thu Aug 16 01:56:26 UTC 2018
auto.tcl: Setting watchdog for 200 seconds at Thu Aug 16 01:56:26 UTC 2018
16 ms. Memory: 331264K Free: 305820K (92%)
ptolemy.util.test.WatchDog.cancel(): canceling Thu Aug 16 01:56:26 UTC 2018
------------------ testing $PTII/ptolemy/domains/de/test/auto/Modal4.xml
auto.tcl: Setting watchdog for 200 seconds at Thu Aug 16 01:56:26 UTC 2018
30 ms. Memory: 331264K Free: 309774K (94%)
ptolemy.util.test.WatchDog.cancel(): canceling Thu Aug 16 01:56:26 UTC 2018
auto.tcl: Setting watchdog for 200 seconds at Thu Aug 16 01:56:26 UTC 2018
16 ms. Memory: 331264K Free: 305826K (92%)
ptolemy.util.test.WatchDog.cancel(): canceling Thu Aug 16 01:56:26 UTC 2018
------------------ testing $PTII/ptolemy/domains/de/test/auto/Modal5.xml
auto.tcl: Setting watchdog for 200 seconds at Thu Aug 16 01:56:26 UTC 2018
28 ms. Memory: 331264K Free: 309762K (94%)
ptolemy.util.test.WatchDog.cancel(): canceling Thu Aug 16 01:56:27 UTC 2018
auto.tcl: Setting watchdog for 200 seconds at Thu Aug 16 01:56:27 UTC 2018
18 ms. Memory: 331264K Free: 305813K (92%)
ptolemy.util.test.WatchDog.cancel(): canceling Thu Aug 16 01:56:27 UTC 2018
------------------ testing $PTII/ptolemy/domains/de/test/auto/Modal6.xml
auto.tcl: Setting watchdog for 200 seconds at Thu Aug 16 01:56:27 UTC 2018
16 ms. Memory: 331264K Free: 309760K (94%)
ptolemy.util.test.WatchDog.cancel(): canceling Thu Aug 16 01:56:27 UTC 2018
auto.tcl: Setting watchdog for 200 seconds at Thu Aug 16 01:56:27 UTC 2018
22 ms. Memory: 331264K Free: 305811K (92%)
ptolemy.util.test.WatchDog.cancel(): canceling Thu Aug 16 01:56:27 UTC 2018
------------------ testing $PTII/ptolemy/domains/de/test/auto/Modal7.xml
auto.tcl: Setting watchdog for 200 seconds at Thu Aug 16 01:56:27 UTC 2018
21 ms. Memory: 331264K Free: 309760K (94%)
ptolemy.util.test.WatchDog.cancel(): canceling Thu Aug 16 01:56:27 UTC 2018
auto.tcl: Setting watchdog for 200 seconds at Thu Aug 16 01:56:27 UTC 2018
14 ms. Memory: 331264K Free: 305811K (92%)
ptolemy.util.test.WatchDog.cancel(): canceling Thu Aug 16 01:56:27 UTC 2018
------------------ testing $PTII/ptolemy/domains/de/test/auto/ModalModel.xml
auto.tcl: Setting watchdog for 200 seconds at Thu Aug 16 01:56:27 UTC 2018
267 ms. Memory: 331264K Free: 246136K (74%)
ptolemy.util.test.WatchDog.cancel(): canceling Thu Aug 16 01:56:27 UTC 2018
auto.tcl: Setting watchdog for 200 seconds at Thu Aug 16 01:56:27 UTC 2018
227 ms. Memory: 331264K Free: 190714K (58%)
ptolemy.util.test.WatchDog.cancel(): canceling Thu Aug 16 01:56:27 UTC 2018
------------------ testing $PTII/ptolemy/domains/de/test/auto/ModalSource.xml
auto.tcl: Setting watchdog for 200 seconds at Thu Aug 16 01:56:27 UTC 2018
7 ms. Memory: 331264K Free: 316716K (96%)
ptolemy.util.test.WatchDog.cancel(): canceling Thu Aug 16 01:56:27 UTC 2018
auto.tcl: Setting watchdog for 200 seconds at Thu Aug 16 01:56:27 UTC 2018
7 ms. Memory: 331264K Free: 313184K (95%)
ptolemy.util.test.WatchDog.cancel(): canceling Thu Aug 16 01:56:27 UTC 2018
------------------ testing $PTII/ptolemy/domains/de/test/auto/NonInterruptibleTimerZeroDelay.xml
auto.tcl: Setting watchdog for 200 seconds at Thu Aug 16 01:56:28 UTC 2018
4 ms. Memory: 331264K Free: 320899K (97%)
ptolemy.util.test.WatchDog.cancel(): canceling Thu Aug 16 01:56:28 UTC 2018
auto.tcl: Setting watchdog for 200 seconds at Thu Aug 16 01:56:28 UTC 2018
2 ms. Memory: 331264K Free: 317367K (96%)
ptolemy.util.test.WatchDog.cancel(): canceling Thu Aug 16 01:56:28 UTC 2018
------------------ testing $PTII/ptolemy/domains/de/test/auto/OpenQueueingNetwork.xml
auto.tcl: Setting watchdog for 200 seconds at Thu Aug 16 01:56:28 UTC 2018
3320 ms. Memory: 317952K Free: 165014K (52%)
ptolemy.util.test.WatchDog.cancel(): canceling Thu Aug 16 01:56:31 UTC 2018
auto.tcl: Setting watchdog for 200 seconds at Thu Aug 16 01:56:31 UTC 2018
2821 ms. Memory: 287232K Free: 245762K (86%)
ptolemy.util.test.WatchDog.cancel(): canceling Thu Aug 16 01:56:34 UTC 2018
------------------ testing $PTII/ptolemy/domains/de/test/auto/OpenQueuingNetwork.xml
auto.tcl: Setting watchdog for 200 seconds at Thu Aug 16 01:56:34 UTC 2018
288 ms. Memory: 287232K Free: 190560K (66%)
ptolemy.util.test.WatchDog.cancel(): canceling Thu Aug 16 01:56:34 UTC 2018
auto.tcl: Setting watchdog for 200 seconds at Thu Aug 16 01:56:34 UTC 2018
260 ms. Memory: 287232K Free: 129735K (45%)
ptolemy.util.test.WatchDog.cancel(): canceling Thu Aug 16 01:56:35 UTC 2018
------------------ testing $PTII/ptolemy/domains/de/test/auto/PeriodicSampler.xml
auto.tcl: Setting watchdog for 200 seconds at Thu Aug 16 01:56:35 UTC 2018
3 ms. Memory: 289792K Free: 274861K (95%)
ptolemy.util.test.WatchDog.cancel(): canceling Thu Aug 16 01:56:35 UTC 2018
auto.tcl: Setting watchdog for 200 seconds at Thu Aug 16 01:56:35 UTC 2018
2 ms. Memory: 289792K Free: 274861K (95%)
ptolemy.util.test.WatchDog.cancel(): canceling Thu Aug 16 01:56:35 UTC 2018
------------------ testing $PTII/ptolemy/domains/de/test/auto/PersistentIO.xml
auto.tcl: Setting watchdog for 200 seconds at Thu Aug 16 01:56:35 UTC 2018
6 ms. Memory: 287232K Free: 267063K (93%)
ptolemy.util.test.WatchDog.cancel(): canceling Thu Aug 16 01:56:35 UTC 2018
auto.tcl: Setting watchdog for 200 seconds at Thu Aug 16 01:56:35 UTC 2018
5 ms. Memory: 287232K Free: 267063K (93%)
ptolemy.util.test.WatchDog.cancel(): canceling Thu Aug 16 01:56:35 UTC 2018
------------------ testing $PTII/ptolemy/domains/de/test/auto/PortParameterResetOnInitialize.xml
auto.tcl: Setting watchdog for 200 seconds at Thu Aug 16 01:56:35 UTC 2018
2 ms. Memory: 289280K Free: 274693K (95%)
ptolemy.util.test.WatchDog.cancel(): canceling Thu Aug 16 01:56:35 UTC 2018
auto.tcl: Setting watchdog for 200 seconds at Thu Aug 16 01:56:35 UTC 2018
2 ms. Memory: 289280K Free: 274693K (95%)
ptolemy.util.test.WatchDog.cancel(): canceling Thu Aug 16 01:56:35 UTC 2018
------------------ testing $PTII/ptolemy/domains/de/test/auto/PortParameterUpdates.xml
auto.tcl: Setting watchdog for 200 seconds at Thu Aug 16 01:56:35 UTC 2018
6 ms. Memory: 287232K Free: 272794K (95%)
ptolemy.util.test.WatchDog.cancel(): canceling Thu Aug 16 01:56:35 UTC 2018
auto.tcl: Setting watchdog for 200 seconds at Thu Aug 16 01:56:35 UTC 2018
4 ms. Memory: 287232K Free: 269875K (94%)
ptolemy.util.test.WatchDog.cancel(): canceling Thu Aug 16 01:56:35 UTC 2018
------------------ testing $PTII/ptolemy/domains/de/test/auto/QueueAndServer.xml
auto.tcl: Setting watchdog for 200 seconds at Thu Aug 16 01:56:35 UTC 2018
15 ms. Memory: 289280K Free: 273945K (95%)
ptolemy.util.test.WatchDog.cancel(): canceling Thu Aug 16 01:56:35 UTC 2018
auto.tcl: Setting watchdog for 200 seconds at Thu Aug 16 01:56:35 UTC 2018
10 ms. Memory: 289280K Free: 273945K (95%)
ptolemy.util.test.WatchDog.cancel(): canceling Thu Aug 16 01:56:35 UTC 2018
------------------ testing $PTII/ptolemy/domains/de/test/auto/Records.xml
auto.tcl: Setting watchdog for 200 seconds at Thu Aug 16 01:56:35 UTC 2018
5 ms. Memory: 287232K Free: 274741K (96%)
ptolemy.util.test.WatchDog.cancel(): canceling Thu Aug 16 01:56:35 UTC 2018
auto.tcl: Setting watchdog for 200 seconds at Thu Aug 16 01:56:35 UTC 2018
3 ms. Memory: 287232K Free: 274741K (96%)
ptolemy.util.test.WatchDog.cancel(): canceling Thu Aug 16 01:56:35 UTC 2018
------------------ testing $PTII/ptolemy/domains/de/test/auto/ResetTransitionWithStartTime1.xml
auto.tcl: Setting watchdog for 200 seconds at Thu Aug 16 01:56:35 UTC 2018
9 ms. Memory: 288768K Free: 273482K (95%)
ptolemy.util.test.WatchDog.cancel(): canceling Thu Aug 16 01:56:35 UTC 2018
auto.tcl: Setting watchdog for 200 seconds at Thu Aug 16 01:56:35 UTC 2018
7 ms. Memory: 288768K Free: 270462K (94%)
ptolemy.util.test.WatchDog.cancel(): canceling Thu Aug 16 01:56:35 UTC 2018
------------------ testing $PTII/ptolemy/domains/de/test/auto/ResetTransitionWithStartTime2.xml
auto.tcl: Setting watchdog for 200 seconds at Thu Aug 16 01:56:35 UTC 2018
8 ms. Memory: 287232K Free: 271938K (95%)
ptolemy.util.test.WatchDog.cancel(): canceling Thu Aug 16 01:56:35 UTC 2018
auto.tcl: Setting watchdog for 200 seconds at Thu Aug 16 01:56:35 UTC 2018
9 ms. Memory: 287232K Free: 269019K (94%)
ptolemy.util.test.WatchDog.cancel(): canceling Thu Aug 16 01:56:35 UTC 2018
------------------ testing $PTII/ptolemy/domains/de/test/auto/ResetTransitionWithStartTime3.xml
auto.tcl: Setting watchdog for 200 seconds at Thu Aug 16 01:56:35 UTC 2018
11 ms. Memory: 288768K Free: 273371K (95%)
ptolemy.util.test.WatchDog.cancel(): canceling Thu Aug 16 01:56:35 UTC 2018
auto.tcl: Setting watchdog for 200 seconds at Thu Aug 16 01:56:35 UTC 2018
9 ms. Memory: 288768K Free: 270452K (94%)
ptolemy.util.test.WatchDog.cancel(): canceling Thu Aug 16 01:56:35 UTC 2018
------------------ testing $PTII/ptolemy/domains/de/test/auto/ResetTransitionWithStartTime4.xml
auto.tcl: Setting watchdog for 200 seconds at Thu Aug 16 01:56:35 UTC 2018
5 ms. Memory: 287232K Free: 271849K (95%)
ptolemy.util.test.WatchDog.cancel(): canceling Thu Aug 16 01:56:35 UTC 2018
auto.tcl: Setting watchdog for 200 seconds at Thu Aug 16 01:56:35 UTC 2018
5 ms. Memory: 287232K Free: 271849K (95%)
ptolemy.util.test.WatchDog.cancel(): canceling Thu Aug 16 01:56:35 UTC 2018
------------------ testing $PTII/ptolemy/domains/de/test/auto/ResettableTimer1.xml
auto.tcl: Setting watchdog for 200 seconds at Thu Aug 16 01:56:35 UTC 2018
4 ms. Memory: 288768K Free: 276292K (96%)
ptolemy.util.test.WatchDog.cancel(): canceling Thu Aug 16 01:56:35 UTC 2018
auto.tcl: Setting watchdog for 200 seconds at Thu Aug 16 01:56:35 UTC 2018
3 ms. Memory: 288768K Free: 276292K (96%)
ptolemy.util.test.WatchDog.cancel(): canceling Thu Aug 16 01:56:35 UTC 2018
------------------ testing $PTII/ptolemy/domains/de/test/auto/ResettableTimer2.xml
auto.tcl: Setting watchdog for 200 seconds at Thu Aug 16 01:56:36 UTC 2018
3 ms. Memory: 287232K Free: 274923K (96%)
ptolemy.util.test.WatchDog.cancel(): canceling Thu Aug 16 01:56:36 UTC 2018
auto.tcl: Setting watchdog for 200 seconds at Thu Aug 16 01:56:36 UTC 2018
3 ms. Memory: 287232K Free: 274923K (96%)
ptolemy.util.test.WatchDog.cancel(): canceling Thu Aug 16 01:56:36 UTC 2018
------------------ testing $PTII/ptolemy/domains/de/test/auto/ResettableTimer3.xml
auto.tcl: Setting watchdog for 200 seconds at Thu Aug 16 01:56:36 UTC 2018
2 ms. Memory: 288256K Free: 275829K (96%)
ptolemy.util.test.WatchDog.cancel(): canceling Thu Aug 16 01:56:36 UTC 2018
auto.tcl: Setting watchdog for 200 seconds at Thu Aug 16 01:56:36 UTC 2018
1 ms. Memory: 288256K Free: 275829K (96%)
ptolemy.util.test.WatchDog.cancel(): canceling Thu Aug 16 01:56:36 UTC 2018
------------------ testing $PTII/ptolemy/domains/de/test/auto/ResettableTimer4.xml
auto.tcl: Setting watchdog for 200 seconds at Thu Aug 16 01:56:36 UTC 2018
2 ms. Memory: 287232K Free: 274918K (96%)
ptolemy.util.test.WatchDog.cancel(): canceling Thu Aug 16 01:56:36 UTC 2018
auto.tcl: Setting watchdog for 200 seconds at Thu Aug 16 01:56:36 UTC 2018
1 ms. Memory: 287232K Free: 274918K (96%)
ptolemy.util.test.WatchDog.cancel(): canceling Thu Aug 16 01:56:36 UTC 2018
------------------ testing $PTII/ptolemy/domains/de/test/auto/ResettableTimer5.xml
auto.tcl: Setting watchdog for 200 seconds at Thu Aug 16 01:56:36 UTC 2018
2 ms. Memory: 288256K Free: 273882K (95%)
ptolemy.util.test.WatchDog.cancel(): canceling Thu Aug 16 01:56:36 UTC 2018
auto.tcl: Setting watchdog for 200 seconds at Thu Aug 16 01:56:36 UTC 2018
1 ms. Memory: 288256K Free: 273882K (95%)
ptolemy.util.test.WatchDog.cancel(): canceling Thu Aug 16 01:56:36 UTC 2018
------------------ testing $PTII/ptolemy/domains/de/test/auto/ResettableTimer6.xml
auto.tcl: Setting watchdog for 200 seconds at Thu Aug 16 01:56:36 UTC 2018
3 ms. Memory: 287232K Free: 272707K (95%)
ptolemy.util.test.WatchDog.cancel(): canceling Thu Aug 16 01:56:36 UTC 2018
auto.tcl: Setting watchdog for 200 seconds at Thu Aug 16 01:56:36 UTC 2018
2 ms. Memory: 287232K Free: 272707K (95%)
ptolemy.util.test.WatchDog.cancel(): canceling Thu Aug 16 01:56:36 UTC 2018
------------------ testing $PTII/ptolemy/domains/de/test/auto/ServerZeroDelay.xml
auto.tcl: Setting watchdog for 200 seconds at Thu Aug 16 01:56:36 UTC 2018
3 ms. Memory: 288256K Free: 275896K (96%)
ptolemy.util.test.WatchDog.cancel(): canceling Thu Aug 16 01:56:36 UTC 2018
auto.tcl: Setting watchdog for 200 seconds at Thu Aug 16 01:56:36 UTC 2018
3 ms. Memory: 288256K Free: 275896K (96%)
ptolemy.util.test.WatchDog.cancel(): canceling Thu Aug 16 01:56:36 UTC 2018
------------------ testing $PTII/ptolemy/domains/de/test/auto/SmartSender.xml
auto.tcl: Setting watchdog for 200 seconds at Thu Aug 16 01:56:36 UTC 2018
3002 ms. Memory: 287232K Free: 272793K (95%)
ptolemy.util.test.WatchDog.cancel(): canceling Thu Aug 16 01:56:39 UTC 2018
auto.tcl: Setting watchdog for 200 seconds at Thu Aug 16 01:56:39 UTC 2018
3002 ms. Memory: 287232K Free: 272793K (95%)
ptolemy.util.test.WatchDog.cancel(): canceling Thu Aug 16 01:56:42 UTC 2018
------------------ testing $PTII/ptolemy/domains/de/test/auto/ThreadedComposite.xml
auto.tcl: Setting watchdog for 200 seconds at Thu Aug 16 01:56:42 UTC 2018
290 ms. Memory: 288256K Free: 252655K (88%)
ptolemy.util.test.WatchDog.cancel(): canceling Thu Aug 16 01:56:42 UTC 2018
auto.tcl: Setting watchdog for 200 seconds at Thu Aug 16 01:56:42 UTC 2018
166 ms. Memory: 288256K Free: 237403K (82%)
ptolemy.util.test.WatchDog.cancel(): canceling Thu Aug 16 01:56:43 UTC 2018
------------------ testing $PTII/ptolemy/domains/de/test/auto/Time.xml
auto.tcl: Setting watchdog for 200 seconds at Thu Aug 16 01:56:43 UTC 2018
602 ms. Memory: 287232K Free: 223019K (78%)
ptolemy.util.test.WatchDog.cancel(): canceling Thu Aug 16 01:56:43 UTC 2018
auto.tcl: Setting watchdog for 200 seconds at Thu Aug 16 01:56:43 UTC 2018
516 ms. Memory: 287232K Free: 170767K (59%)
ptolemy.util.test.WatchDog.cancel(): canceling Thu Aug 16 01:56:44 UTC 2018
------------------ testing $PTII/ptolemy/domains/de/test/auto/TimeDelayZeroDelay.xml
auto.tcl: Setting watchdog for 200 seconds at Thu Aug 16 01:56:44 UTC 2018
2 ms. Memory: 287744K Free: 275837K (96%)
ptolemy.util.test.WatchDog.cancel(): canceling Thu Aug 16 01:56:44 UTC 2018
auto.tcl: Setting watchdog for 200 seconds at Thu Aug 16 01:56:44 UTC 2018
2 ms. Memory: 287744K Free: 275837K (96%)
ptolemy.util.test.WatchDog.cancel(): canceling Thu Aug 16 01:56:44 UTC 2018
------------------ testing $PTII/ptolemy/domains/de/test/auto/TimerZeroDelay.xml
auto.tcl: Setting watchdog for 200 seconds at Thu Aug 16 01:56:44 UTC 2018
5 ms. Memory: 287232K Free: 275435K (96%)
ptolemy.util.test.WatchDog.cancel(): canceling Thu Aug 16 01:56:44 UTC 2018
auto.tcl: Setting watchdog for 200 seconds at Thu Aug 16 01:56:44 UTC 2018
2 ms. Memory: 287232K Free: 275435K (96%)
ptolemy.util.test.WatchDog.cancel(): canceling Thu Aug 16 01:56:44 UTC 2018
------------------ testing $PTII/ptolemy/domains/de/test/auto/TimingParadox.xml
auto.tcl: Setting watchdog for 200 seconds at Thu Aug 16 01:56:44 UTC 2018
396 ms. Memory: 287744K Free: 211643K (74%)
ptolemy.util.test.WatchDog.cancel(): canceling Thu Aug 16 01:56:44 UTC 2018
auto.tcl: Setting watchdog for 200 seconds at Thu Aug 16 01:56:44 UTC 2018
365 ms. Memory: 287744K Free: 177863K (62%)
ptolemy.util.test.WatchDog.cancel(): canceling Thu Aug 16 01:56:45 UTC 2018
------------------ testing $PTII/ptolemy/domains/de/test/auto/TransferInputs.xml
auto.tcl: Setting watchdog for 200 seconds at Thu Aug 16 01:56:45 UTC 2018
2 ms. Memory: 287744K Free: 274812K (96%)
ptolemy.util.test.WatchDog.cancel(): canceling Thu Aug 16 01:56:45 UTC 2018
auto.tcl: Setting watchdog for 200 seconds at Thu Aug 16 01:56:45 UTC 2018
2 ms. Memory: 287744K Free: 274812K (96%)
ptolemy.util.test.WatchDog.cancel(): canceling Thu Aug 16 01:56:45 UTC 2018
------------------ testing $PTII/ptolemy/domains/de/test/auto/TransferOutputs2.xml
auto.tcl: Setting watchdog for 200 seconds at Thu Aug 16 01:56:45 UTC 2018
3 ms. Memory: 287232K Free: 270738K (94%)
ptolemy.util.test.WatchDog.cancel(): canceling Thu Aug 16 01:56:45 UTC 2018
auto.tcl: Setting watchdog for 200 seconds at Thu Aug 16 01:56:45 UTC 2018
4 ms. Memory: 287232K Free: 268108K (93%)
ptolemy.util.test.WatchDog.cancel(): canceling Thu Aug 16 01:56:45 UTC 2018
------------------ testing $PTII/ptolemy/domains/de/test/auto/Trilateration.xml
auto.tcl: Setting watchdog for 200 seconds at Thu Aug 16 01:56:45 UTC 2018
14077 ms. Memory: 473088K Free: 274151K (58%)
ptolemy.util.test.WatchDog.cancel(): canceling Thu Aug 16 01:57:00 UTC 2018
auto.tcl: Setting watchdog for 200 seconds at Thu Aug 16 01:57:00 UTC 2018
10901 ms. Memory: 352256K Free: 208277K (59%)
ptolemy.util.test.WatchDog.cancel(): canceling Thu Aug 16 01:57:11 UTC 2018
------------------ testing $PTII/ptolemy/domains/de/test/auto/TwoSigmaDelta.xml
auto.tcl: Setting watchdog for 200 seconds at Thu Aug 16 01:57:12 UTC 2018
3109 ms. Memory: 339968K Free: 308164K (91%)
ptolemy.util.test.WatchDog.cancel(): canceling Thu Aug 16 01:57:15 UTC 2018
auto.tcl: Setting watchdog for 200 seconds at Thu Aug 16 01:57:15 UTC 2018
2004 ms. Memory: 339968K Free: 76452K (22%)
ptolemy.util.test.WatchDog.cancel(): canceling Thu Aug 16 01:57:17 UTC 2018
------------------ testing $PTII/ptolemy/domains/de/test/auto/VariableDelay.xml
auto.tcl: Setting watchdog for 200 seconds at Thu Aug 16 01:57:17 UTC 2018
3 ms. Memory: 337408K Free: 325897K (97%)
ptolemy.util.test.WatchDog.cancel(): canceling Thu Aug 16 01:57:17 UTC 2018
auto.tcl: Setting watchdog for 200 seconds at Thu Aug 16 01:57:17 UTC 2018
2 ms. Memory: 337408K Free: 322012K (95%)
ptolemy.util.test.WatchDog.cancel(): canceling Thu Aug 16 01:57:17 UTC 2018
------------------ testing $PTII/ptolemy/domains/de/test/auto/VariableDelay2.xml
auto.tcl: Setting watchdog for 200 seconds at Thu Aug 16 01:57:17 UTC 2018
2 ms. Memory: 339456K Free: 328355K (97%)
ptolemy.util.test.WatchDog.cancel(): canceling Thu Aug 16 01:57:17 UTC 2018
auto.tcl: Setting watchdog for 200 seconds at Thu Aug 16 01:57:17 UTC 2018
2 ms. Memory: 339456K Free: 324462K (96%)
ptolemy.util.test.WatchDog.cancel(): canceling Thu Aug 16 01:57:17 UTC 2018
------------------ testing $PTII/ptolemy/domains/de/test/auto/VariableDelayZeroDelay.xml
auto.tcl: Setting watchdog for 200 seconds at Thu Aug 16 01:57:17 UTC 2018
2 ms. Memory: 337408K Free: 323746K (96%)
ptolemy.util.test.WatchDog.cancel(): canceling Thu Aug 16 01:57:17 UTC 2018
auto.tcl: Setting watchdog for 200 seconds at Thu Aug 16 01:57:17 UTC 2018
2 ms. Memory: 337408K Free: 319869K (95%)
ptolemy.util.test.WatchDog.cancel(): canceling Thu Aug 16 01:57:17 UTC 2018
------------------ testing $PTII/ptolemy/domains/de/test/auto/VariableDelayZeroDelay2.xml
auto.tcl: Setting watchdog for 200 seconds at Thu Aug 16 01:57:17 UTC 2018
2 ms. Memory: 339456K Free: 325792K (96%)
ptolemy.util.test.WatchDog.cancel(): canceling Thu Aug 16 01:57:17 UTC 2018
auto.tcl: Setting watchdog for 200 seconds at Thu Aug 16 01:57:17 UTC 2018
2 ms. Memory: 339456K Free: 321900K (95%)
ptolemy.util.test.WatchDog.cancel(): canceling Thu Aug 16 01:57:17 UTC 2018
------------------ testing $PTII/ptolemy/domains/de/test/auto/deInCt.xml
auto.tcl: Setting watchdog for 200 seconds at Thu Aug 16 01:57:17 UTC 2018
0
1
1
1
0
0
0
1
1
1
1
0
0
0
1
1
1
0
0
1
1
1
0
0
0
0
1
1
1
0
0
1
1
1
1
1
0
0
0
1
1
0
0
0
24 ms. Memory: 337408K Free: 319853K (95%)
ptolemy.util.test.WatchDog.cancel(): canceling Thu Aug 16 01:57:17 UTC 2018
auto.tcl: Setting watchdog for 200 seconds at Thu Aug 16 01:57:17 UTC 2018
0
1
1
1
0
0
0
1
1
0
0
0
1
1
1
0
0
0
1
1
1
0
0
0
1
1
1
0
0
0
1
1
1
0
0
0
1
1
1
0
0
0
0
0
0
0
0
14 ms. Memory: 337408K Free: 319853K (95%)
ptolemy.util.test.WatchDog.cancel(): canceling Thu Aug 16 01:57:17 UTC 2018
------------------ testing $PTII/ptolemy/domains/de/test/auto/deInCt2.xml
auto.tcl: Setting watchdog for 200 seconds at Thu Aug 16 01:57:17 UTC 2018
0
1
1
1
0
0
1
1
1
0
0
1
1
1
0
0
1
1
1
0
0
1
1
1
0
0
1
1
1
0
0
1
1
1
0
0
1
1
1
0
0
0
8 ms. Memory: 338944K Free: 321401K (95%)
ptolemy.util.test.WatchDog.cancel(): canceling Thu Aug 16 01:57:17 UTC 2018
auto.tcl: Setting watchdog for 200 seconds at Thu Aug 16 01:57:17 UTC 2018
0
1
1
1
0
0
1
1
1
0
0
1
1
1
0
0
1
1
1
0
0
1
1
1
0
0
1
1
1
0
0
1
1
1
0
0
1
1
1
0
0
0
5 ms. Memory: 338944K Free: 321401K (95%)
ptolemy.util.test.WatchDog.cancel(): canceling Thu Aug 16 01:57:17 UTC 2018
------------------ testing $PTII/ptolemy/domains/de/test/auto/dynamicCausalityInterface1.xml
auto.tcl: Setting watchdog for 200 seconds at Thu Aug 16 01:57:17 UTC 2018
2 ms. Memory: 337408K Free: 315967K (94%)
ptolemy.util.test.WatchDog.cancel(): canceling Thu Aug 16 01:57:17 UTC 2018
auto.tcl: Setting watchdog for 200 seconds at Thu Aug 16 01:57:17 UTC 2018
0 ms. Memory: 337408K Free: 315967K (94%)
ptolemy.util.test.WatchDog.cancel(): canceling Thu Aug 16 01:57:17 UTC 2018
------------------ testing $PTII/ptolemy/domains/de/test/auto/fsm_de_test.xml
auto.tcl: Setting watchdog for 200 seconds at Thu Aug 16 01:57:17 UTC 2018
10 ms. Memory: 338944K Free: 317382K (94%)
ptolemy.util.test.WatchDog.cancel(): canceling Thu Aug 16 01:57:17 UTC 2018
auto.tcl: Setting watchdog for 200 seconds at Thu Aug 16 01:57:17 UTC 2018
6 ms. Memory: 338944K Free: 317382K (94%)
ptolemy.util.test.WatchDog.cancel(): canceling Thu Aug 16 01:57:17 UTC 2018
------------------ testing $PTII/ptolemy/domains/de/test/auto/functionDependencyReconstruction.xml
auto.tcl: Setting watchdog for 200 seconds at Thu Aug 16 01:57:17 UTC 2018
4 ms. Memory: 337408K Free: 311968K (92%)
ptolemy.util.test.WatchDog.cancel(): canceling Thu Aug 16 01:57:17 UTC 2018
auto.tcl: Setting watchdog for 200 seconds at Thu Aug 16 01:57:17 UTC 2018
2 ms. Memory: 337408K Free: 308075K (91%)
ptolemy.util.test.WatchDog.cancel(): canceling Thu Aug 16 01:57:17 UTC 2018
------------------ testing $PTII/ptolemy/domains/de/test/auto/multirate.xml
auto.tcl: Setting watchdog for 200 seconds at Thu Aug 16 01:57:18 UTC 2018
3 ms. Memory: 338432K Free: 320631K (95%)
ptolemy.util.test.WatchDog.cancel(): canceling Thu Aug 16 01:57:18 UTC 2018
auto.tcl: Setting watchdog for 200 seconds at Thu Aug 16 01:57:18 UTC 2018
3 ms. Memory: 338432K Free: 320631K (95%)
ptolemy.util.test.WatchDog.cancel(): canceling Thu Aug 16 01:57:18 UTC 2018
------------------ testing $PTII/ptolemy/domains/de/test/auto/multirate2.xml
auto.tcl: Setting watchdog for 200 seconds at Thu Aug 16 01:57:18 UTC 2018
3 ms. Memory: 337408K Free: 319795K (95%)
ptolemy.util.test.WatchDog.cancel(): canceling Thu Aug 16 01:57:18 UTC 2018
auto.tcl: Setting watchdog for 200 seconds at Thu Aug 16 01:57:18 UTC 2018
3 ms. Memory: 337408K Free: 319795K (95%)
ptolemy.util.test.WatchDog.cancel(): canceling Thu Aug 16 01:57:18 UTC 2018
------------------ testing $PTII/ptolemy/domains/de/test/auto/realtime.xml
auto.tcl: Setting watchdog for 200 seconds at Thu Aug 16 01:57:18 UTC 2018
10002 ms. Memory: 338432K Free: 320813K (95%)
ptolemy.util.test.WatchDog.cancel(): canceling Thu Aug 16 01:57:28 UTC 2018
auto.tcl: Setting watchdog for 200 seconds at Thu Aug 16 01:57:28 UTC 2018
10001 ms. Memory: 338432K Free: 320813K (95%)
ptolemy.util.test.WatchDog.cancel(): canceling Thu Aug 16 01:57:38 UTC 2018
------------------ testing $PTII/ptolemy/domains/de/test/auto/relationGroup.xml
auto.tcl: Setting watchdog for 200 seconds at Thu Aug 16 01:57:38 UTC 2018
2 ms. Memory: 337408K Free: 323712K (96%)
ptolemy.util.test.WatchDog.cancel(): canceling Thu Aug 16 01:57:38 UTC 2018
auto.tcl: Setting watchdog for 200 seconds at Thu Aug 16 01:57:38 UTC 2018
3 ms. Memory: 337408K Free: 323712K (96%)
ptolemy.util.test.WatchDog.cancel(): canceling Thu Aug 16 01:57:38 UTC 2018
------------------ testing $PTII/ptolemy/domains/de/test/auto/relationGroup2.xml
auto.tcl: Setting watchdog for 200 seconds at Thu Aug 16 01:57:38 UTC 2018
3 ms. Memory: 338432K Free: 324762K (96%)
ptolemy.util.test.WatchDog.cancel(): canceling Thu Aug 16 01:57:38 UTC 2018
auto.tcl: Setting watchdog for 200 seconds at Thu Aug 16 01:57:38 UTC 2018
1 ms. Memory: 338432K Free: 324762K (96%)
ptolemy.util.test.WatchDog.cancel(): canceling Thu Aug 16 01:57:38 UTC 2018
------------------ testing $PTII/ptolemy/domains/de/test/auto/sortWithOpaquePorts.xml
auto.tcl: Setting watchdog for 200 seconds at Thu Aug 16 01:57:38 UTC 2018
1 ms. Memory: 337408K Free: 323739K (96%)
ptolemy.util.test.WatchDog.cancel(): canceling Thu Aug 16 01:57:38 UTC 2018
auto.tcl: Setting watchdog for 200 seconds at Thu Aug 16 01:57:38 UTC 2018
1 ms. Memory: 337408K Free: 319846K (95%)
ptolemy.util.test.WatchDog.cancel(): canceling Thu Aug 16 01:57:38 UTC 2018
------------------ testing $PTII/ptolemy/domains/de/test/auto/transferInputsandOutputs.xml
auto.tcl: Setting watchdog for 200 seconds at Thu Aug 16 01:57:38 UTC 2018
1 ms. Memory: 337920K Free: 320362K (95%)
ptolemy.util.test.WatchDog.cancel(): canceling Thu Aug 16 01:57:38 UTC 2018
auto.tcl: Setting watchdog for 200 seconds at Thu Aug 16 01:57:38 UTC 2018
1 ms. Memory: 337920K Free: 320362K (95%)
ptolemy.util.test.WatchDog.cancel(): canceling Thu Aug 16 01:57:38 UTC 2018
------------------ testing $PTII/ptolemy/domains/de/test/auto/triggerType.xml
auto.tcl: Setting watchdog for 200 seconds at Thu Aug 16 01:57:38 UTC 2018
1 ms. Memory: 337408K Free: 323677K (96%)
ptolemy.util.test.WatchDog.cancel(): canceling Thu Aug 16 01:57:38 UTC 2018
auto.tcl: Setting watchdog for 200 seconds at Thu Aug 16 01:57:38 UTC 2018
1 ms. Memory: 337408K Free: 319792K (95%)
ptolemy.util.test.WatchDog.cancel(): canceling Thu Aug 16 01:57:38 UTC 2018
08/16/18 01:57:38
Failed: 0  Total Tests: 192  ((Passed: 187, Newly Passed: 1)  Known Failed: 5) /home/travis/build/icyphy/ptII/ptolemy/domains/de/test
08/16/18 01:57:38
Failed: 0  Total Tests: 192  ((Passed: 187, Newly Passed: 1)  Known Failed: 5) /home/travis/build/icyphy/ptII/ptolemy/domains/de/test
----------------- testing (KnownFailure) /home/travis/build/icyphy/ptII/ptolemy/domains/de/test/auto/knownFailedTests/DESDFClockTest.xml
2008 ms. Memory: 337920K Free: 313983K (93%)
Known Failure: java.lang.reflect.InvocationTargetException
----------------- testing (KnownFailure) /home/travis/build/icyphy/ptII/ptolemy/domains/de/test/auto/knownFailedTests/DirectFeedback.xml
2 ms. Memory: 337920K Free: 293502K (87%)
Known Failure: java.lang.reflect.InvocationTargetException
----------------- testing (KnownFailure) /home/travis/build/icyphy/ptII/ptolemy/domains/de/test/auto/knownFailedTests/FSMSource.xml
6 ms. Memory: 337920K Free: 267886K (79%)
----------------- testing (KnownFailure) /home/travis/build/icyphy/ptII/ptolemy/domains/de/test/auto/knownFailedTests/HierarchicalModel.xml
1 ms. Memory: 337920K Free: 242270K (72%)
Known Failure: java.lang.reflect.InvocationTargetException
----------------- testing (KnownFailure) /home/travis/build/icyphy/ptII/ptolemy/domains/de/test/auto/knownFailedTests/dependencyLoop.xml
2 ms. Memory: 337920K Free: 211533K (63%)
Known Failure: java.lang.reflect.InvocationTargetException
----------------- testing (KnownFailure) /home/travis/build/icyphy/ptII/ptolemy/domains/de/test/auto/knownFailedTests/dependencyLoop2.xml
2 ms. Memory: 337920K Free: 180797K (54%)
Known Failure: java.lang.reflect.InvocationTargetException
No auto/linux-amd64/*.xml tests in /home/travis/build/icyphy/ptII/ptolemy/domains/de/test
AutoTests.java: About to close Vertx.
AutoTests.java: Vertx closed.

===========================================================================================
----------------- testing Thu Aug 16 01:57:40 UTC 2018 /home/travis/build/icyphy/ptII/ptolemy/domains/de/test/auto/ActorDepthCalculation_actorWithoutPorts.xml
----------------- Instantiating /home/travis/build/icyphy/ptII/ptolemy/domains/de/test/auto/ActorDepthCalculation_actorWithoutPorts.xml
2 ms. Memory: 337920K Free: 155197K (46%)
----------------- Invoking toplevel() on ptolemy.moml.MoMLSimpleApplication@69c50011
----------------- Done invoking toplevel() on ptolemy.moml.MoMLSimpleApplication@69c50011
reloadAllAccessors: .ActorDepthCalculation_actorWithoutPorts

===========================================================================================
----------------- testing Thu Aug 16 01:57:40 UTC 2018 /home/travis/build/icyphy/ptII/ptolemy/domains/de/test/auto/AssemblyLine.xml
----------------- Instantiating /home/travis/build/icyphy/ptII/ptolemy/domains/de/test/auto/AssemblyLine.xml
2 ms. Memory: 337920K Free: 139837K (41%)
----------------- Invoking toplevel() on ptolemy.moml.MoMLSimpleApplication@64735c93
----------------- Done invoking toplevel() on ptolemy.moml.MoMLSimpleApplication@64735c93
reloadAllAccessors: .AssemblyLine

===========================================================================================
----------------- testing Thu Aug 16 01:57:40 UTC 2018 /home/travis/build/icyphy/ptII/ptolemy/domains/de/test/auto/CQBug1.xml
----------------- Instantiating /home/travis/build/icyphy/ptII/ptolemy/domains/de/test/auto/CQBug1.xml
1 ms. Memory: 337920K Free: 129597K (38%)
----------------- Invoking toplevel() on ptolemy.moml.MoMLSimpleApplication@39f5d5e0
----------------- Done invoking toplevel() on ptolemy.moml.MoMLSimpleApplication@39f5d5e0
reloadAllAccessors: .CQBug1

===========================================================================================
----------------- testing Thu Aug 16 01:57:40 UTC 2018 /home/travis/build/icyphy/ptII/ptolemy/domains/de/test/auto/CancelFireAt.xml
----------------- Instantiating /home/travis/build/icyphy/ptII/ptolemy/domains/de/test/auto/CancelFireAt.xml
0 ms. Memory: 337920K Free: 119357K (35%)
----------------- Invoking toplevel() on ptolemy.moml.MoMLSimpleApplication@17957128
----------------- Done invoking toplevel() on ptolemy.moml.MoMLSimpleApplication@17957128
reloadAllAccessors: .CancelFireAt

===========================================================================================
----------------- testing Thu Aug 16 01:57:40 UTC 2018 /home/travis/build/icyphy/ptII/ptolemy/domains/de/test/auto/CausalityAndComposabilityAnalysis.xml
----------------- Instantiating /home/travis/build/icyphy/ptII/ptolemy/domains/de/test/auto/CausalityAndComposabilityAnalysis.xml
1 ms. Memory: 337920K Free: 109116K (32%)
----------------- Invoking toplevel() on ptolemy.moml.MoMLSimpleApplication@360e3ea4
----------------- Done invoking toplevel() on ptolemy.moml.MoMLSimpleApplication@360e3ea4
reloadAllAccessors: .CausalityAndComposabilityAnalysis

===========================================================================================
----------------- testing Thu Aug 16 01:57:40 UTC 2018 /home/travis/build/icyphy/ptII/ptolemy/domains/de/test/auto/CausalityInterface1.xml
----------------- Instantiating /home/travis/build/icyphy/ptII/ptolemy/domains/de/test/auto/CausalityInterface1.xml
3 ms. Memory: 337920K Free: 98876K (29%)
----------------- Invoking toplevel() on ptolemy.moml.MoMLSimpleApplication@311a4081
----------------- Done invoking toplevel() on ptolemy.moml.MoMLSimpleApplication@311a4081
reloadAllAccessors: .CausalityInterface1

===========================================================================================
----------------- testing Thu Aug 16 01:57:40 UTC 2018 /home/travis/build/icyphy/ptII/ptolemy/domains/de/test/auto/CausalityInterface15.xml
----------------- Instantiating /home/travis/build/icyphy/ptII/ptolemy/domains/de/test/auto/CausalityInterface15.xml
2 ms. Memory: 337920K Free: 84755K (25%)
----------------- Invoking toplevel() on ptolemy.moml.MoMLSimpleApplication@ca9e816
----------------- Done invoking toplevel() on ptolemy.moml.MoMLSimpleApplication@ca9e816
reloadAllAccessors: .CausalityInterface15

===========================================================================================
----------------- testing Thu Aug 16 01:57:40 UTC 2018 /home/travis/build/icyphy/ptII/ptolemy/domains/de/test/auto/CausalityInterface2.xml
----------------- Instantiating /home/travis/build/icyphy/ptII/ptolemy/domains/de/test/auto/CausalityInterface2.xml
1 ms. Memory: 337920K Free: 77240K (23%)
----------------- Invoking toplevel() on ptolemy.moml.MoMLSimpleApplication@4be8cb9
----------------- Done invoking toplevel() on ptolemy.moml.MoMLSimpleApplication@4be8cb9
reloadAllAccessors: .CausalityInterface2

===========================================================================================
----------------- testing Thu Aug 16 01:57:40 UTC 2018 /home/travis/build/icyphy/ptII/ptolemy/domains/de/test/auto/CausalityInterface3.xml
----------------- Instantiating /home/travis/build/icyphy/ptII/ptolemy/domains/de/test/auto/CausalityInterface3.xml
1 ms. Memory: 326144K Free: 311417K (95%)
----------------- Invoking toplevel() on ptolemy.moml.MoMLSimpleApplication@6796a75c
----------------- Done invoking toplevel() on ptolemy.moml.MoMLSimpleApplication@6796a75c
reloadAllAccessors: .CausalityInterface3

===========================================================================================
----------------- testing Thu Aug 16 01:57:40 UTC 2018 /home/travis/build/icyphy/ptII/ptolemy/domains/de/test/auto/ClockDrift.xml
----------------- Instantiating /home/travis/build/icyphy/ptII/ptolemy/domains/de/test/auto/ClockDrift.xml
9 ms. Memory: 326144K Free: 289395K (89%)
----------------- Invoking toplevel() on ptolemy.moml.MoMLSimpleApplication@47f405b9
----------------- Done invoking toplevel() on ptolemy.moml.MoMLSimpleApplication@47f405b9
reloadAllAccessors: .ClockDrift

===========================================================================================
----------------- testing Thu Aug 16 01:57:40 UTC 2018 /home/travis/build/icyphy/ptII/ptolemy/domains/de/test/auto/ClockDriftAndValueChange.xml
----------------- Instantiating /home/travis/build/icyphy/ptII/ptolemy/domains/de/test/auto/ClockDriftAndValueChange.xml
7 ms. Memory: 326144K Free: 269816K (83%)
----------------- Invoking toplevel() on ptolemy.moml.MoMLSimpleApplication@222ea214
----------------- Done invoking toplevel() on ptolemy.moml.MoMLSimpleApplication@222ea214
reloadAllAccessors: .ClockDriftAndValueChange

===========================================================================================
----------------- testing Thu Aug 16 01:57:40 UTC 2018 /home/travis/build/icyphy/ptII/ptolemy/domains/de/test/auto/ClockDriftChange.xml
----------------- Instantiating /home/travis/build/icyphy/ptII/ptolemy/domains/de/test/auto/ClockDriftChange.xml
6 ms. Memory: 326144K Free: 255124K (78%)
----------------- Invoking toplevel() on ptolemy.moml.MoMLSimpleApplication@488dd8dd
----------------- Done invoking toplevel() on ptolemy.moml.MoMLSimpleApplication@488dd8dd
reloadAllAccessors: .ClockDriftChange

===========================================================================================
----------------- testing Thu Aug 16 01:57:40 UTC 2018 /home/travis/build/icyphy/ptII/ptolemy/domains/de/test/auto/ComposableCausalityAnalysis.xml
----------------- Instantiating /home/travis/build/icyphy/ptII/ptolemy/domains/de/test/auto/ComposableCausalityAnalysis.xml
1 ms. Memory: 326144K Free: 240424K (74%)
----------------- Invoking toplevel() on ptolemy.moml.MoMLSimpleApplication@3cc81506
----------------- Done invoking toplevel() on ptolemy.moml.MoMLSimpleApplication@3cc81506
reloadAllAccessors: .ComposableCausalityAnalysis

===========================================================================================
----------------- testing Thu Aug 16 01:57:40 UTC 2018 /home/travis/build/icyphy/ptII/ptolemy/domains/de/test/auto/DEFixedPointLimitation.xml
----------------- Instantiating /home/travis/build/icyphy/ptII/ptolemy/domains/de/test/auto/DEFixedPointLimitation.xml
0 ms. Memory: 326144K Free: 230632K (71%)
----------------- Invoking toplevel() on ptolemy.moml.MoMLSimpleApplication@4938885e
----------------- Done invoking toplevel() on ptolemy.moml.MoMLSimpleApplication@4938885e
reloadAllAccessors: .DEFixedPointLimitation

===========================================================================================
----------------- testing Thu Aug 16 01:57:40 UTC 2018 /home/travis/build/icyphy/ptII/ptolemy/domains/de/test/auto/DEScheduleTest.xml
----------------- Instantiating /home/travis/build/icyphy/ptII/ptolemy/domains/de/test/auto/DEScheduleTest.xml
1 ms. Memory: 326144K Free: 218407K (67%)
----------------- Invoking toplevel() on ptolemy.moml.MoMLSimpleApplication@443cc876
----------------- Done invoking toplevel() on ptolemy.moml.MoMLSimpleApplication@443cc876
reloadAllAccessors: .DEScheduleTest

===========================================================================================
----------------- testing Thu Aug 16 01:57:40 UTC 2018 /home/travis/build/icyphy/ptII/ptolemy/domains/de/test/auto/DEinDEwithStartTimes.xml
----------------- Instantiating /home/travis/build/icyphy/ptII/ptolemy/domains/de/test/auto/DEinDEwithStartTimes.xml
1 ms. Memory: 326144K Free: 208617K (64%)
----------------- Invoking toplevel() on ptolemy.moml.MoMLSimpleApplication@6cf46393
----------------- Done invoking toplevel() on ptolemy.moml.MoMLSimpleApplication@6cf46393
reloadAllAccessors: .DEinDEwithStartTimes

===========================================================================================
----------------- testing Thu Aug 16 01:57:40 UTC 2018 /home/travis/build/icyphy/ptII/ptolemy/domains/de/test/auto/DEinDEwithStartTimes2.xml
----------------- Instantiating /home/travis/build/icyphy/ptII/ptolemy/domains/de/test/auto/DEinDEwithStartTimes2.xml
1 ms. Memory: 326144K Free: 193917K (59%)
----------------- Invoking toplevel() on ptolemy.moml.MoMLSimpleApplication@52f11087
----------------- Done invoking toplevel() on ptolemy.moml.MoMLSimpleApplication@52f11087
reloadAllAccessors: .DEinDEwithStartTimes2

===========================================================================================
----------------- testing Thu Aug 16 01:57:40 UTC 2018 /home/travis/build/icyphy/ptII/ptolemy/domains/de/test/auto/DateDemo.xml
----------------- Instantiating /home/travis/build/icyphy/ptII/ptolemy/domains/de/test/auto/DateDemo.xml
3 ms. Memory: 326144K Free: 174314K (53%)
----------------- Invoking toplevel() on ptolemy.moml.MoMLSimpleApplication@100751ff
----------------- Done invoking toplevel() on ptolemy.moml.MoMLSimpleApplication@100751ff
reloadAllAccessors: .DateDemo

===========================================================================================
----------------- testing Thu Aug 16 01:57:40 UTC 2018 /home/travis/build/icyphy/ptII/ptolemy/domains/de/test/auto/DateToEvent.xml
----------------- Instantiating /home/travis/build/icyphy/ptII/ptolemy/domains/de/test/auto/DateToEvent.xml
2003 ms. Memory: 326144K Free: 149809K (46%)
----------------- Invoking toplevel() on ptolemy.moml.MoMLSimpleApplication@7dc15744
----------------- Done invoking toplevel() on ptolemy.moml.MoMLSimpleApplication@7dc15744
reloadAllAccessors: .DateToEvent

===========================================================================================
----------------- testing Thu Aug 16 01:57:43 UTC 2018 /home/travis/build/icyphy/ptII/ptolemy/domains/de/test/auto/DepthTest1.xml
----------------- Instantiating /home/travis/build/icyphy/ptII/ptolemy/domains/de/test/auto/DepthTest1.xml
1 ms. Memory: 326144K Free: 137584K (42%)
----------------- Invoking toplevel() on ptolemy.moml.MoMLSimpleApplication@3810b7b0
----------------- Done invoking toplevel() on ptolemy.moml.MoMLSimpleApplication@3810b7b0
reloadAllAccessors: .DepthTest1

===========================================================================================
----------------- testing Thu Aug 16 01:57:43 UTC 2018 /home/travis/build/icyphy/ptII/ptolemy/domains/de/test/auto/DepthTest2.xml
----------------- Instantiating /home/travis/build/icyphy/ptII/ptolemy/domains/de/test/auto/DepthTest2.xml
2 ms. Memory: 326144K Free: 122884K (38%)
----------------- Invoking toplevel() on ptolemy.moml.MoMLSimpleApplication@2a9969af
----------------- Done invoking toplevel() on ptolemy.moml.MoMLSimpleApplication@2a9969af
reloadAllAccessors: .DepthTest2

===========================================================================================
----------------- testing Thu Aug 16 01:57:43 UTC 2018 /home/travis/build/icyphy/ptII/ptolemy/domains/de/test/auto/DepthTest3.xml
----------------- Instantiating /home/travis/build/icyphy/ptII/ptolemy/domains/de/test/auto/DepthTest3.xml
1 ms. Memory: 326144K Free: 113094K (35%)
----------------- Invoking toplevel() on ptolemy.moml.MoMLSimpleApplication@590d3ffb
----------------- Done invoking toplevel() on ptolemy.moml.MoMLSimpleApplication@590d3ffb
reloadAllAccessors: .DepthTest3

===========================================================================================
----------------- testing Thu Aug 16 01:57:43 UTC 2018 /home/travis/build/icyphy/ptII/ptolemy/domains/de/test/auto/DepthTest4.xml
----------------- Instantiating /home/travis/build/icyphy/ptII/ptolemy/domains/de/test/auto/DepthTest4.xml
2 ms. Memory: 326144K Free: 103305K (32%)
----------------- Invoking toplevel() on ptolemy.moml.MoMLSimpleApplication@5a97c867
----------------- Done invoking toplevel() on ptolemy.moml.MoMLSimpleApplication@5a97c867
reloadAllAccessors: .DepthTest4

===========================================================================================
----------------- testing Thu Aug 16 01:57:43 UTC 2018 /home/travis/build/icyphy/ptII/ptolemy/domains/de/test/auto/DepthTest5.xml
----------------- Instantiating /home/travis/build/icyphy/ptII/ptolemy/domains/de/test/auto/DepthTest5.xml
1 ms. Memory: 326144K Free: 88613K (27%)
----------------- Invoking toplevel() on ptolemy.moml.MoMLSimpleApplication@3d86be91
----------------- Done invoking toplevel() on ptolemy.moml.MoMLSimpleApplication@3d86be91
reloadAllAccessors: .DepthTest5

===========================================================================================
----------------- testing Thu Aug 16 01:57:43 UTC 2018 /home/travis/build/icyphy/ptII/ptolemy/domains/de/test/auto/DepthTest6.xml
----------------- Instantiating /home/travis/build/icyphy/ptII/ptolemy/domains/de/test/auto/DepthTest6.xml
4 ms. Memory: 315904K Free: 306047K (97%)
----------------- Invoking toplevel() on ptolemy.moml.MoMLSimpleApplication@4435a587
----------------- Done invoking toplevel() on ptolemy.moml.MoMLSimpleApplication@4435a587
reloadAllAccessors: .DepthTest6

===========================================================================================
----------------- testing Thu Aug 16 01:57:43 UTC 2018 /home/travis/build/icyphy/ptII/ptolemy/domains/de/test/auto/DepthTest7.xml
----------------- Instantiating /home/travis/build/icyphy/ptII/ptolemy/domains/de/test/auto/DepthTest7.xml
1 ms. Memory: 315904K Free: 295053K (93%)
----------------- Invoking toplevel() on ptolemy.moml.MoMLSimpleApplication@16cf84a3
----------------- Done invoking toplevel() on ptolemy.moml.MoMLSimpleApplication@16cf84a3
reloadAllAccessors: .DepthTest7

===========================================================================================
----------------- testing Thu Aug 16 01:57:43 UTC 2018 /home/travis/build/icyphy/ptII/ptolemy/domains/de/test/auto/EventToDate.xml
----------------- Instantiating /home/travis/build/icyphy/ptII/ptolemy/domains/de/test/auto/EventToDate.xml
3003 ms. Memory: 315904K Free: 278642K (88%)
----------------- Invoking toplevel() on ptolemy.moml.MoMLSimpleApplication@77100cff
----------------- Done invoking toplevel() on ptolemy.moml.MoMLSimpleApplication@77100cff
reloadAllAccessors: .EventToDate

===========================================================================================
----------------- testing Thu Aug 16 01:57:46 UTC 2018 /home/travis/build/icyphy/ptII/ptolemy/domains/de/test/auto/FSM1.xml
----------------- Instantiating /home/travis/build/icyphy/ptII/ptolemy/domains/de/test/auto/FSM1.xml
9 ms. Memory: 315904K Free: 262223K (83%)
----------------- Invoking toplevel() on ptolemy.moml.MoMLSimpleApplication@2842a861
----------------- Done invoking toplevel() on ptolemy.moml.MoMLSimpleApplication@2842a861
reloadAllAccessors: .FSM1

===========================================================================================
----------------- testing Thu Aug 16 01:57:46 UTC 2018 /home/travis/build/icyphy/ptII/ptolemy/domains/de/test/auto/FSM7.xml
----------------- Instantiating /home/travis/build/icyphy/ptII/ptolemy/domains/de/test/auto/FSM7.xml
10 ms. Memory: 315904K Free: 244226K (77%)
----------------- Invoking toplevel() on ptolemy.moml.MoMLSimpleApplication@5c02bf0b
----------------- Done invoking toplevel() on ptolemy.moml.MoMLSimpleApplication@5c02bf0b
reloadAllAccessors: .FSM7

===========================================================================================
----------------- testing Thu Aug 16 01:57:46 UTC 2018 /home/travis/build/icyphy/ptII/ptolemy/domains/de/test/auto/Inspection.xml
----------------- Instantiating /home/travis/build/icyphy/ptII/ptolemy/domains/de/test/auto/Inspection.xml
12 ms. Memory: 315904K Free: 230154K (73%)
----------------- Invoking toplevel() on ptolemy.moml.MoMLSimpleApplication@2b7df95a
----------------- Done invoking toplevel() on ptolemy.moml.MoMLSimpleApplication@2b7df95a
reloadAllAccessors: .Inspection

===========================================================================================
----------------- testing Thu Aug 16 01:57:46 UTC 2018 /home/travis/build/icyphy/ptII/ptolemy/domains/de/test/auto/Iteration.xml
----------------- Instantiating /home/travis/build/icyphy/ptII/ptolemy/domains/de/test/auto/Iteration.xml
5 ms. Memory: 315904K Free: 220779K (70%)
----------------- Invoking toplevel() on ptolemy.moml.MoMLSimpleApplication@65ab62ed
----------------- Done invoking toplevel() on ptolemy.moml.MoMLSimpleApplication@65ab62ed
reloadAllAccessors: .Iteration

===========================================================================================
----------------- testing Thu Aug 16 01:57:46 UTC 2018 /home/travis/build/icyphy/ptII/ptolemy/domains/de/test/auto/LineFault.xml
----------------- Instantiating /home/travis/build/icyphy/ptII/ptolemy/domains/de/test/auto/LineFault.xml
472 ms. Memory: 315904K Free: 99676K (32%)
----------------- Invoking toplevel() on ptolemy.moml.MoMLSimpleApplication@2d52d7d1
----------------- Done invoking toplevel() on ptolemy.moml.MoMLSimpleApplication@2d52d7d1
reloadAllAccessors: .LineFault

===========================================================================================
----------------- testing Thu Aug 16 01:57:46 UTC 2018 /home/travis/build/icyphy/ptII/ptolemy/domains/de/test/auto/MergeModel1Add.xml
----------------- Instantiating /home/travis/build/icyphy/ptII/ptolemy/domains/de/test/auto/MergeModel1Add.xml
6 ms. Memory: 315904K Free: 78592K (25%)
----------------- Invoking toplevel() on ptolemy.moml.MoMLSimpleApplication@40475ab4
----------------- Done invoking toplevel() on ptolemy.moml.MoMLSimpleApplication@40475ab4
reloadAllAccessors: .MergeModel1Add

===========================================================================================
----------------- testing Thu Aug 16 01:57:46 UTC 2018 /home/travis/build/icyphy/ptII/ptolemy/domains/de/test/auto/MergeModel2Add.xml
----------------- Instantiating /home/travis/build/icyphy/ptII/ptolemy/domains/de/test/auto/MergeModel2Add.xml
6 ms. Memory: 305152K Free: 281357K (92%)
----------------- Invoking toplevel() on ptolemy.moml.MoMLSimpleApplication@7cbb40a7
----------------- Done invoking toplevel() on ptolemy.moml.MoMLSimpleApplication@7cbb40a7
reloadAllAccessors: .MergeModel2Add

===========================================================================================
----------------- testing Thu Aug 16 01:57:47 UTC 2018 /home/travis/build/icyphy/ptII/ptolemy/domains/de/test/auto/MergeModel3Add.xml
----------------- Instantiating /home/travis/build/icyphy/ptII/ptolemy/domains/de/test/auto/MergeModel3Add.xml
5 ms. Memory: 305152K Free: 260172K (85%)
----------------- Invoking toplevel() on ptolemy.moml.MoMLSimpleApplication@12d569bc
----------------- Done invoking toplevel() on ptolemy.moml.MoMLSimpleApplication@12d569bc
reloadAllAccessors: .MergeModel3Add

===========================================================================================
----------------- testing Thu Aug 16 01:57:47 UTC 2018 /home/travis/build/icyphy/ptII/ptolemy/domains/de/test/auto/MergeWithoutDiscard.xml
----------------- Instantiating /home/travis/build/icyphy/ptII/ptolemy/domains/de/test/auto/MergeWithoutDiscard.xml
1 ms. Memory: 305152K Free: 253444K (83%)
----------------- Invoking toplevel() on ptolemy.moml.MoMLSimpleApplication@1596121c
----------------- Done invoking toplevel() on ptolemy.moml.MoMLSimpleApplication@1596121c
reloadAllAccessors: .MergeWithoutDiscard

===========================================================================================
----------------- testing Thu Aug 16 01:57:47 UTC 2018 /home/travis/build/icyphy/ptII/ptolemy/domains/de/test/auto/Modal1.xml
----------------- Instantiating /home/travis/build/icyphy/ptII/ptolemy/domains/de/test/auto/Modal1.xml
8 ms. Memory: 305152K Free: 236752K (78%)
----------------- Invoking toplevel() on ptolemy.moml.MoMLSimpleApplication@1bd150cb
----------------- Done invoking toplevel() on ptolemy.moml.MoMLSimpleApplication@1bd150cb
reloadAllAccessors: .Modal1

===========================================================================================
----------------- testing Thu Aug 16 01:57:47 UTC 2018 /home/travis/build/icyphy/ptII/ptolemy/domains/de/test/auto/Modal2.xml
----------------- Instantiating /home/travis/build/icyphy/ptII/ptolemy/domains/de/test/auto/Modal2.xml
15 ms. Memory: 305152K Free: 221058K (72%)
----------------- Invoking toplevel() on ptolemy.moml.MoMLSimpleApplication@31c27dd2
----------------- Done invoking toplevel() on ptolemy.moml.MoMLSimpleApplication@31c27dd2
reloadAllAccessors: .Modal2

===========================================================================================
----------------- testing Thu Aug 16 01:57:47 UTC 2018 /home/travis/build/icyphy/ptII/ptolemy/domains/de/test/auto/Modal3.xml
----------------- Instantiating /home/travis/build/icyphy/ptII/ptolemy/domains/de/test/auto/Modal3.xml
9 ms. Memory: 305152K Free: 204366K (67%)
----------------- Invoking toplevel() on ptolemy.moml.MoMLSimpleApplication@1dd52af4
----------------- Done invoking toplevel() on ptolemy.moml.MoMLSimpleApplication@1dd52af4
reloadAllAccessors: .Modal3

===========================================================================================
----------------- testing Thu Aug 16 01:57:47 UTC 2018 /home/travis/build/icyphy/ptII/ptolemy/domains/de/test/auto/Modal4.xml
----------------- Instantiating /home/travis/build/icyphy/ptII/ptolemy/domains/de/test/auto/Modal4.xml
11 ms. Memory: 305152K Free: 188648K (62%)
----------------- Invoking toplevel() on ptolemy.moml.MoMLSimpleApplication@4c92c6f3
----------------- Done invoking toplevel() on ptolemy.moml.MoMLSimpleApplication@4c92c6f3
reloadAllAccessors: .Modal4

===========================================================================================
----------------- testing Thu Aug 16 01:57:47 UTC 2018 /home/travis/build/icyphy/ptII/ptolemy/domains/de/test/auto/Modal5.xml
----------------- Instantiating /home/travis/build/icyphy/ptII/ptolemy/domains/de/test/auto/Modal5.xml
9 ms. Memory: 305152K Free: 171941K (56%)
----------------- Invoking toplevel() on ptolemy.moml.MoMLSimpleApplication@47a50a9b
----------------- Done invoking toplevel() on ptolemy.moml.MoMLSimpleApplication@47a50a9b
reloadAllAccessors: .Modal5

===========================================================================================
----------------- testing Thu Aug 16 01:57:47 UTC 2018 /home/travis/build/icyphy/ptII/ptolemy/domains/de/test/auto/Modal6.xml
----------------- Instantiating /home/travis/build/icyphy/ptII/ptolemy/domains/de/test/auto/Modal6.xml
8 ms. Memory: 305152K Free: 156222K (51%)
----------------- Invoking toplevel() on ptolemy.moml.MoMLSimpleApplication@109a6fac
----------------- Done invoking toplevel() on ptolemy.moml.MoMLSimpleApplication@109a6fac
reloadAllAccessors: .Modal6

===========================================================================================
----------------- testing Thu Aug 16 01:57:47 UTC 2018 /home/travis/build/icyphy/ptII/ptolemy/domains/de/test/auto/Modal7.xml
----------------- Instantiating /home/travis/build/icyphy/ptII/ptolemy/domains/de/test/auto/Modal7.xml
7 ms. Memory: 305152K Free: 139547K (46%)
----------------- Invoking toplevel() on ptolemy.moml.MoMLSimpleApplication@5d62e120
----------------- Done invoking toplevel() on ptolemy.moml.MoMLSimpleApplication@5d62e120
reloadAllAccessors: .Modal7

===========================================================================================
----------------- testing Thu Aug 16 01:57:47 UTC 2018 /home/travis/build/icyphy/ptII/ptolemy/domains/de/test/auto/ModalModel.xml
----------------- Instantiating /home/travis/build/icyphy/ptII/ptolemy/domains/de/test/auto/ModalModel.xml
144 ms. Memory: 295936K Free: 279778K (95%)
----------------- Invoking toplevel() on ptolemy.moml.MoMLSimpleApplication@6055b2ed
----------------- Done invoking toplevel() on ptolemy.moml.MoMLSimpleApplication@6055b2ed
reloadAllAccessors: .ModalModel

===========================================================================================
----------------- testing Thu Aug 16 01:57:47 UTC 2018 /home/travis/build/icyphy/ptII/ptolemy/domains/de/test/auto/ModalSource.xml
----------------- Instantiating /home/travis/build/icyphy/ptII/ptolemy/domains/de/test/auto/ModalSource.xml
6 ms. Memory: 295936K Free: 267854K (91%)
----------------- Invoking toplevel() on ptolemy.moml.MoMLSimpleApplication@128a99df
----------------- Done invoking toplevel() on ptolemy.moml.MoMLSimpleApplication@128a99df
reloadAllAccessors: .ModalSource

===========================================================================================
----------------- testing Thu Aug 16 01:57:47 UTC 2018 /home/travis/build/icyphy/ptII/ptolemy/domains/de/test/auto/NonInterruptibleTimerZeroDelay.xml
----------------- Instantiating /home/travis/build/icyphy/ptII/ptolemy/domains/de/test/auto/NonInterruptibleTimerZeroDelay.xml
2 ms. Memory: 295936K Free: 261474K (88%)
----------------- Invoking toplevel() on ptolemy.moml.MoMLSimpleApplication@40289b97
----------------- Done invoking toplevel() on ptolemy.moml.MoMLSimpleApplication@40289b97
reloadAllAccessors: .NonInterruptibleTimerZeroDelay

===========================================================================================
----------------- testing Thu Aug 16 01:57:47 UTC 2018 /home/travis/build/icyphy/ptII/ptolemy/domains/de/test/auto/OpenQueueingNetwork.xml
----------------- Instantiating /home/travis/build/icyphy/ptII/ptolemy/domains/de/test/auto/OpenQueueingNetwork.xml
2419 ms. Memory: 277504K Free: 74358K (27%)
----------------- Invoking toplevel() on ptolemy.moml.MoMLSimpleApplication@142bd67b
----------------- Done invoking toplevel() on ptolemy.moml.MoMLSimpleApplication@142bd67b
reloadAllAccessors: .OpenQueueingNetwork

===========================================================================================
----------------- testing Thu Aug 16 01:57:50 UTC 2018 /home/travis/build/icyphy/ptII/ptolemy/domains/de/test/auto/OpenQueuingNetwork.xml
----------------- Instantiating /home/travis/build/icyphy/ptII/ptolemy/domains/de/test/auto/OpenQueuingNetwork.xml
255 ms. Memory: 269312K Free: 172296K (64%)
----------------- Invoking toplevel() on ptolemy.moml.MoMLSimpleApplication@8bb5f81
----------------- Done invoking toplevel() on ptolemy.moml.MoMLSimpleApplication@8bb5f81
reloadAllAccessors: .OpenQueuingNetwork

===========================================================================================
----------------- testing Thu Aug 16 01:57:50 UTC 2018 /home/travis/build/icyphy/ptII/ptolemy/domains/de/test/auto/PeriodicSampler.xml
----------------- Instantiating /home/travis/build/icyphy/ptII/ptolemy/domains/de/test/auto/PeriodicSampler.xml
2 ms. Memory: 269312K Free: 166134K (62%)
----------------- Invoking toplevel() on ptolemy.moml.MoMLSimpleApplication@7b05a944
----------------- Done invoking toplevel() on ptolemy.moml.MoMLSimpleApplication@7b05a944
reloadAllAccessors: .PeriodicSampler

===========================================================================================
----------------- testing Thu Aug 16 01:57:50 UTC 2018 /home/travis/build/icyphy/ptII/ptolemy/domains/de/test/auto/PersistentIO.xml
----------------- Instantiating /home/travis/build/icyphy/ptII/ptolemy/domains/de/test/auto/PersistentIO.xml
4 ms. Memory: 269312K Free: 154316K (57%)
----------------- Invoking toplevel() on ptolemy.moml.MoMLSimpleApplication@42b9cefa
----------------- Done invoking toplevel() on ptolemy.moml.MoMLSimpleApplication@42b9cefa
reloadAllAccessors: .PersistentIO

===========================================================================================
----------------- testing Thu Aug 16 01:57:50 UTC 2018 /home/travis/build/icyphy/ptII/ptolemy/domains/de/test/auto/PortParameterResetOnInitialize.xml
----------------- Instantiating /home/travis/build/icyphy/ptII/ptolemy/domains/de/test/auto/PortParameterResetOnInitialize.xml
1 ms. Memory: 269312K Free: 148170K (55%)
----------------- Invoking toplevel() on ptolemy.moml.MoMLSimpleApplication@27f34765
----------------- Done invoking toplevel() on ptolemy.moml.MoMLSimpleApplication@27f34765
reloadAllAccessors: .PortParameterResetOnInitialize

===========================================================================================
----------------- testing Thu Aug 16 01:57:50 UTC 2018 /home/travis/build/icyphy/ptII/ptolemy/domains/de/test/auto/PortParameterUpdates.xml
----------------- Instantiating /home/travis/build/icyphy/ptII/ptolemy/domains/de/test/auto/PortParameterUpdates.xml
3 ms. Memory: 269312K Free: 140136K (52%)
----------------- Invoking toplevel() on ptolemy.moml.MoMLSimpleApplication@4f334bdc
----------------- Done invoking toplevel() on ptolemy.moml.MoMLSimpleApplication@4f334bdc
reloadAllAccessors: .PortParameterUpdates

===========================================================================================
----------------- testing Thu Aug 16 01:57:50 UTC 2018 /home/travis/build/icyphy/ptII/ptolemy/domains/de/test/auto/QueueAndServer.xml
----------------- Instantiating /home/travis/build/icyphy/ptII/ptolemy/domains/de/test/auto/QueueAndServer.xml
5 ms. Memory: 269312K Free: 130215K (48%)
----------------- Invoking toplevel() on ptolemy.moml.MoMLSimpleApplication@349cc121
----------------- Done invoking toplevel() on ptolemy.moml.MoMLSimpleApplication@349cc121
reloadAllAccessors: .QueueAndServer

===========================================================================================
----------------- testing Thu Aug 16 01:57:50 UTC 2018 /home/travis/build/icyphy/ptII/ptolemy/domains/de/test/auto/Records.xml
----------------- Instantiating /home/travis/build/icyphy/ptII/ptolemy/domains/de/test/auto/Records.xml
2 ms. Memory: 269312K Free: 122182K (45%)
----------------- Invoking toplevel() on ptolemy.moml.MoMLSimpleApplication@60b8b5f8
----------------- Done invoking toplevel() on ptolemy.moml.MoMLSimpleApplication@60b8b5f8
reloadAllAccessors: .Records

===========================================================================================
----------------- testing Thu Aug 16 01:57:50 UTC 2018 /home/travis/build/icyphy/ptII/ptolemy/domains/de/test/auto/ResetTransitionWithStartTime1.xml
----------------- Instantiating /home/travis/build/icyphy/ptII/ptolemy/domains/de/test/auto/ResetTransitionWithStartTime1.xml
5 ms. Memory: 269312K Free: 110351K (41%)
----------------- Invoking toplevel() on ptolemy.moml.MoMLSimpleApplication@7b9d75e6
----------------- Done invoking toplevel() on ptolemy.moml.MoMLSimpleApplication@7b9d75e6
reloadAllAccessors: .ResetTransitionWithStartTime1

===========================================================================================
----------------- testing Thu Aug 16 01:57:50 UTC 2018 /home/travis/build/icyphy/ptII/ptolemy/domains/de/test/auto/ResetTransitionWithStartTime2.xml
----------------- Instantiating /home/travis/build/icyphy/ptII/ptolemy/domains/de/test/auto/ResetTransitionWithStartTime2.xml
4 ms. Memory: 269312K Free: 98527K (37%)
----------------- Invoking toplevel() on ptolemy.moml.MoMLSimpleApplication@3c078679
----------------- Done invoking toplevel() on ptolemy.moml.MoMLSimpleApplication@3c078679
reloadAllAccessors: .ResetTransitionWithStartTime2

===========================================================================================
----------------- testing Thu Aug 16 01:57:50 UTC 2018 /home/travis/build/icyphy/ptII/ptolemy/domains/de/test/auto/ResetTransitionWithStartTime3.xml
----------------- Instantiating /home/travis/build/icyphy/ptII/ptolemy/domains/de/test/auto/ResetTransitionWithStartTime3.xml
5 ms. Memory: 269312K Free: 86696K (32%)
----------------- Invoking toplevel() on ptolemy.moml.MoMLSimpleApplication@24c45bcf
----------------- Done invoking toplevel() on ptolemy.moml.MoMLSimpleApplication@24c45bcf
reloadAllAccessors: .ResetTransitionWithStartTime3

===========================================================================================
----------------- testing Thu Aug 16 01:57:50 UTC 2018 /home/travis/build/icyphy/ptII/ptolemy/domains/de/test/auto/ResetTransitionWithStartTime4.xml
----------------- Instantiating /home/travis/build/icyphy/ptII/ptolemy/domains/de/test/auto/ResetTransitionWithStartTime4.xml
4 ms. Memory: 269312K Free: 76760K (29%)
----------------- Invoking toplevel() on ptolemy.moml.MoMLSimpleApplication@2674df42
----------------- Done invoking toplevel() on ptolemy.moml.MoMLSimpleApplication@2674df42
reloadAllAccessors: .ResetTransitionWithStartTime4

===========================================================================================
----------------- testing Thu Aug 16 01:57:50 UTC 2018 /home/travis/build/icyphy/ptII/ptolemy/domains/de/test/auto/ResettableTimer1.xml
----------------- Instantiating /home/travis/build/icyphy/ptII/ptolemy/domains/de/test/auto/ResettableTimer1.xml
2 ms. Memory: 269312K Free: 70592K (26%)
----------------- Invoking toplevel() on ptolemy.moml.MoMLSimpleApplication@6f69f3a7
----------------- Done invoking toplevel() on ptolemy.moml.MoMLSimpleApplication@6f69f3a7
reloadAllAccessors: .ResettableTimer1

===========================================================================================
----------------- testing Thu Aug 16 01:57:50 UTC 2018 /home/travis/build/icyphy/ptII/ptolemy/domains/de/test/auto/ResettableTimer2.xml
----------------- Instantiating /home/travis/build/icyphy/ptII/ptolemy/domains/de/test/auto/ResettableTimer2.xml
2 ms. Memory: 263680K Free: 246421K (93%)
----------------- Invoking toplevel() on ptolemy.moml.MoMLSimpleApplication@32d24c48
----------------- Done invoking toplevel() on ptolemy.moml.MoMLSimpleApplication@32d24c48
reloadAllAccessors: .ResettableTimer2

===========================================================================================
----------------- testing Thu Aug 16 01:57:50 UTC 2018 /home/travis/build/icyphy/ptII/ptolemy/domains/de/test/auto/ResettableTimer3.xml
----------------- Instantiating /home/travis/build/icyphy/ptII/ptolemy/domains/de/test/auto/ResettableTimer3.xml
2 ms. Memory: 263680K Free: 240407K (91%)
----------------- Invoking toplevel() on ptolemy.moml.MoMLSimpleApplication@50a383e4
----------------- Done invoking toplevel() on ptolemy.moml.MoMLSimpleApplication@50a383e4
reloadAllAccessors: .ResettableTimer3

===========================================================================================
----------------- testing Thu Aug 16 01:57:50 UTC 2018 /home/travis/build/icyphy/ptII/ptolemy/domains/de/test/auto/ResettableTimer4.xml
----------------- Instantiating /home/travis/build/icyphy/ptII/ptolemy/domains/de/test/auto/ResettableTimer4.xml
1 ms. Memory: 263680K Free: 234591K (89%)
----------------- Invoking toplevel() on ptolemy.moml.MoMLSimpleApplication@28cca67b
----------------- Done invoking toplevel() on ptolemy.moml.MoMLSimpleApplication@28cca67b
reloadAllAccessors: .ResettableTimer4

===========================================================================================
----------------- testing Thu Aug 16 01:57:50 UTC 2018 /home/travis/build/icyphy/ptII/ptolemy/domains/de/test/auto/ResettableTimer5.xml
----------------- Instantiating /home/travis/build/icyphy/ptII/ptolemy/domains/de/test/auto/ResettableTimer5.xml
6 ms. Memory: 263680K Free: 226782K (86%)
----------------- Invoking toplevel() on ptolemy.moml.MoMLSimpleApplication@26f4cecf
----------------- Done invoking toplevel() on ptolemy.moml.MoMLSimpleApplication@26f4cecf
reloadAllAccessors: .ResettableTimer5

===========================================================================================
----------------- testing Thu Aug 16 01:57:50 UTC 2018 /home/travis/build/icyphy/ptII/ptolemy/domains/de/test/auto/ResettableTimer6.xml
----------------- Instantiating /home/travis/build/icyphy/ptII/ptolemy/domains/de/test/auto/ResettableTimer6.xml
5 ms. Memory: 263680K Free: 218965K (83%)
----------------- Invoking toplevel() on ptolemy.moml.MoMLSimpleApplication@6a4c59aa
----------------- Done invoking toplevel() on ptolemy.moml.MoMLSimpleApplication@6a4c59aa
reloadAllAccessors: .ResettableTimer6

===========================================================================================
----------------- testing Thu Aug 16 01:57:50 UTC 2018 /home/travis/build/icyphy/ptII/ptolemy/domains/de/test/auto/ServerZeroDelay.xml
----------------- Instantiating /home/travis/build/icyphy/ptII/ptolemy/domains/de/test/auto/ServerZeroDelay.xml
2 ms. Memory: 263680K Free: 213148K (81%)
----------------- Invoking toplevel() on ptolemy.moml.MoMLSimpleApplication@68e51080
----------------- Done invoking toplevel() on ptolemy.moml.MoMLSimpleApplication@68e51080
reloadAllAccessors: .ServerZeroDelay

===========================================================================================
----------------- testing Thu Aug 16 01:57:50 UTC 2018 /home/travis/build/icyphy/ptII/ptolemy/domains/de/test/auto/SmartSender.xml
----------------- Instantiating /home/travis/build/icyphy/ptII/ptolemy/domains/de/test/auto/SmartSender.xml
3002 ms. Memory: 263680K Free: 207134K (79%)
----------------- Invoking toplevel() on ptolemy.moml.MoMLSimpleApplication@46642010
----------------- Done invoking toplevel() on ptolemy.moml.MoMLSimpleApplication@46642010
reloadAllAccessors: .SmartSender

===========================================================================================
----------------- testing Thu Aug 16 01:57:53 UTC 2018 /home/travis/build/icyphy/ptII/ptolemy/domains/de/test/auto/ThreadedComposite.xml
----------------- Instantiating /home/travis/build/icyphy/ptII/ptolemy/domains/de/test/auto/ThreadedComposite.xml
211 ms. Memory: 263680K Free: 179468K (68%)
----------------- Invoking toplevel() on ptolemy.moml.MoMLSimpleApplication@fd4d139
----------------- Done invoking toplevel() on ptolemy.moml.MoMLSimpleApplication@fd4d139
reloadAllAccessors: .ThreadedComposite

===========================================================================================
----------------- testing Thu Aug 16 01:57:53 UTC 2018 /home/travis/build/icyphy/ptII/ptolemy/domains/de/test/auto/Time.xml
----------------- Instantiating /home/travis/build/icyphy/ptII/ptolemy/domains/de/test/auto/Time.xml
449 ms. Memory: 263680K Free: 123180K (47%)
----------------- Invoking toplevel() on ptolemy.moml.MoMLSimpleApplication@63602c09
----------------- Done invoking toplevel() on ptolemy.moml.MoMLSimpleApplication@63602c09
reloadAllAccessors: .Time

===========================================================================================
----------------- testing Thu Aug 16 01:57:54 UTC 2018 /home/travis/build/icyphy/ptII/ptolemy/domains/de/test/auto/TimeDelayZeroDelay.xml
----------------- Instantiating /home/travis/build/icyphy/ptII/ptolemy/domains/de/test/auto/TimeDelayZeroDelay.xml
2 ms. Memory: 263680K Free: 117166K (44%)
----------------- Invoking toplevel() on ptolemy.moml.MoMLSimpleApplication@389d237f
----------------- Done invoking toplevel() on ptolemy.moml.MoMLSimpleApplication@389d237f
reloadAllAccessors: .TimeDelayZeroDelay

===========================================================================================
----------------- testing Thu Aug 16 01:57:54 UTC 2018 /home/travis/build/icyphy/ptII/ptolemy/domains/de/test/auto/TimerZeroDelay.xml
----------------- Instantiating /home/travis/build/icyphy/ptII/ptolemy/domains/de/test/auto/TimerZeroDelay.xml
1 ms. Memory: 263680K Free: 111168K (42%)
----------------- Invoking toplevel() on ptolemy.moml.MoMLSimpleApplication@3b504985
----------------- Done invoking toplevel() on ptolemy.moml.MoMLSimpleApplication@3b504985
reloadAllAccessors: .TimerZeroDelay

===========================================================================================
----------------- testing Thu Aug 16 01:57:54 UTC 2018 /home/travis/build/icyphy/ptII/ptolemy/domains/de/test/auto/TimingParadox.xml
----------------- Instantiating /home/travis/build/icyphy/ptII/ptolemy/domains/de/test/auto/TimingParadox.xml
346 ms. Memory: 254976K Free: 211804K (83%)
----------------- Invoking toplevel() on ptolemy.moml.MoMLSimpleApplication@2db86330
----------------- Done invoking toplevel() on ptolemy.moml.MoMLSimpleApplication@2db86330
reloadAllAccessors: .TimingParadox

===========================================================================================
----------------- testing Thu Aug 16 01:57:54 UTC 2018 /home/travis/build/icyphy/ptII/ptolemy/domains/de/test/auto/TransferInputs.xml
----------------- Instantiating /home/travis/build/icyphy/ptII/ptolemy/domains/de/test/auto/TransferInputs.xml
1 ms. Memory: 254976K Free: 205359K (81%)
----------------- Invoking toplevel() on ptolemy.moml.MoMLSimpleApplication@486b1e00
----------------- Done invoking toplevel() on ptolemy.moml.MoMLSimpleApplication@486b1e00
reloadAllAccessors: .TransferInputs

===========================================================================================
----------------- testing Thu Aug 16 01:57:54 UTC 2018 /home/travis/build/icyphy/ptII/ptolemy/domains/de/test/auto/TransferOutputs2.xml
----------------- Instantiating /home/travis/build/icyphy/ptII/ptolemy/domains/de/test/auto/TransferOutputs2.xml
3 ms. Memory: 254976K Free: 195625K (77%)
----------------- Invoking toplevel() on ptolemy.moml.MoMLSimpleApplication@415eb738
----------------- Done invoking toplevel() on ptolemy.moml.MoMLSimpleApplication@415eb738
reloadAllAccessors: .TransferOutputs2

===========================================================================================
----------------- testing Thu Aug 16 01:57:54 UTC 2018 /home/travis/build/icyphy/ptII/ptolemy/domains/de/test/auto/Trilateration.xml
----------------- Instantiating /home/travis/build/icyphy/ptII/ptolemy/domains/de/test/auto/Trilateration.xml
11948 ms. Memory: 567296K Free: 61577K (11%)
----------------- Invoking toplevel() on ptolemy.moml.MoMLSimpleApplication@72972f23
----------------- Done invoking toplevel() on ptolemy.moml.MoMLSimpleApplication@72972f23
reloadAllAccessors: .Trilateration

===========================================================================================
----------------- testing Thu Aug 16 01:58:07 UTC 2018 /home/travis/build/icyphy/ptII/ptolemy/domains/de/test/auto/TwoSigmaDelta.xml
----------------- Instantiating /home/travis/build/icyphy/ptII/ptolemy/domains/de/test/auto/TwoSigmaDelta.xml
2075 ms. Memory: 539136K Free: 226243K (42%)
----------------- Invoking toplevel() on ptolemy.moml.MoMLSimpleApplication@5e3f0fc0
----------------- Done invoking toplevel() on ptolemy.moml.MoMLSimpleApplication@5e3f0fc0
reloadAllAccessors: .TwoSigmaDelta

===========================================================================================
----------------- testing Thu Aug 16 01:58:09 UTC 2018 /home/travis/build/icyphy/ptII/ptolemy/domains/de/test/auto/VariableDelay.xml
----------------- Instantiating /home/travis/build/icyphy/ptII/ptolemy/domains/de/test/auto/VariableDelay.xml
3 ms. Memory: 539136K Free: 216462K (40%)
----------------- Invoking toplevel() on ptolemy.moml.MoMLSimpleApplication@3596c568
----------------- Done invoking toplevel() on ptolemy.moml.MoMLSimpleApplication@3596c568
reloadAllAccessors: .VariableDelay

===========================================================================================
----------------- testing Thu Aug 16 01:58:09 UTC 2018 /home/travis/build/icyphy/ptII/ptolemy/domains/de/test/auto/VariableDelay2.xml
----------------- Instantiating /home/travis/build/icyphy/ptII/ptolemy/domains/de/test/auto/VariableDelay2.xml
2 ms. Memory: 539136K Free: 206682K (38%)
----------------- Invoking toplevel() on ptolemy.moml.MoMLSimpleApplication@6ef72df9
----------------- Done invoking toplevel() on ptolemy.moml.MoMLSimpleApplication@6ef72df9
reloadAllAccessors: .VariableDelay2

===========================================================================================
----------------- testing Thu Aug 16 01:58:09 UTC 2018 /home/travis/build/icyphy/ptII/ptolemy/domains/de/test/auto/VariableDelayZeroDelay.xml
----------------- Instantiating /home/travis/build/icyphy/ptII/ptolemy/domains/de/test/auto/VariableDelayZeroDelay.xml
5 ms. Memory: 539136K Free: 197215K (37%)
----------------- Invoking toplevel() on ptolemy.moml.MoMLSimpleApplication@5a783b2c
----------------- Done invoking toplevel() on ptolemy.moml.MoMLSimpleApplication@5a783b2c
reloadAllAccessors: .VariableDelayZeroDelay

===========================================================================================
----------------- testing Thu Aug 16 01:58:09 UTC 2018 /home/travis/build/icyphy/ptII/ptolemy/domains/de/test/auto/VariableDelayZeroDelay2.xml
----------------- Instantiating /home/travis/build/icyphy/ptII/ptolemy/domains/de/test/auto/VariableDelayZeroDelay2.xml
2 ms. Memory: 539136K Free: 187434K (35%)
----------------- Invoking toplevel() on ptolemy.moml.MoMLSimpleApplication@427cdb88
----------------- Done invoking toplevel() on ptolemy.moml.MoMLSimpleApplication@427cdb88
reloadAllAccessors: .VariableDelayZeroDelay2

===========================================================================================
----------------- testing Thu Aug 16 01:58:09 UTC 2018 /home/travis/build/icyphy/ptII/ptolemy/domains/de/test/auto/deInCt.xml
----------------- Instantiating /home/travis/build/icyphy/ptII/ptolemy/domains/de/test/auto/deInCt.xml
0
1
1
1
0
0
0
1
1
1
0
0
0
1
1
1
0
0
0
0
0
1
1
1
0
0
0
1
1
1
0
0
0
0
0
1
1
1
0
0
0
1
1
0
0
0
0
5 ms. Memory: 539136K Free: 177654K (33%)
----------------- Invoking toplevel() on ptolemy.moml.MoMLSimpleApplication@1c104864
----------------- Done invoking toplevel() on ptolemy.moml.MoMLSimpleApplication@1c104864
reloadAllAccessors: .deInCt

===========================================================================================
----------------- testing Thu Aug 16 01:58:10 UTC 2018 /home/travis/build/icyphy/ptII/ptolemy/domains/de/test/auto/deInCt2.xml
----------------- Instantiating /home/travis/build/icyphy/ptII/ptolemy/domains/de/test/auto/deInCt2.xml
0
1
1
1
0
0
1
1
1
0
0
1
1
1
0
0
1
1
1
0
0
1
1
1
0
0
1
1
1
0
0
1
1
1
0
0
1
1
1
0
0
0
12 ms. Memory: 539136K Free: 167872K (31%)
----------------- Invoking toplevel() on ptolemy.moml.MoMLSimpleApplication@4e56f0b4
----------------- Done invoking toplevel() on ptolemy.moml.MoMLSimpleApplication@4e56f0b4
reloadAllAccessors: .deInCt2

===========================================================================================
----------------- testing Thu Aug 16 01:58:10 UTC 2018 /home/travis/build/icyphy/ptII/ptolemy/domains/de/test/auto/dynamicCausalityInterface1.xml
----------------- Instantiating /home/travis/build/icyphy/ptII/ptolemy/domains/de/test/auto/dynamicCausalityInterface1.xml
1 ms. Memory: 539136K Free: 153811K (29%)
----------------- Invoking toplevel() on ptolemy.moml.MoMLSimpleApplication@2d35619a
----------------- Done invoking toplevel() on ptolemy.moml.MoMLSimpleApplication@2d35619a
reloadAllAccessors: .dynamicCausalityInterface1

===========================================================================================
----------------- testing Thu Aug 16 01:58:10 UTC 2018 /home/travis/build/icyphy/ptII/ptolemy/domains/de/test/auto/fsm_de_test.xml
----------------- Instantiating /home/travis/build/icyphy/ptII/ptolemy/domains/de/test/auto/fsm_de_test.xml
5 ms. Memory: 539136K Free: 139454K (26%)
----------------- Invoking toplevel() on ptolemy.moml.MoMLSimpleApplication@705f039d
----------------- Done invoking toplevel() on ptolemy.moml.MoMLSimpleApplication@705f039d
reloadAllAccessors: .fsm_de_test

===========================================================================================
----------------- testing Thu Aug 16 01:58:10 UTC 2018 /home/travis/build/icyphy/ptII/ptolemy/domains/de/test/auto/functionDependencyReconstruction.xml
----------------- Instantiating /home/travis/build/icyphy/ptII/ptolemy/domains/de/test/auto/functionDependencyReconstruction.xml
2 ms. Memory: 539136K Free: 115910K (21%)
----------------- Invoking toplevel() on ptolemy.moml.MoMLSimpleApplication@30e8581c
----------------- Done invoking toplevel() on ptolemy.moml.MoMLSimpleApplication@30e8581c
reloadAllAccessors: .functionDependencyReconstruction

===========================================================================================
----------------- testing Thu Aug 16 01:58:10 UTC 2018 /home/travis/build/icyphy/ptII/ptolemy/domains/de/test/auto/multirate.xml
----------------- Instantiating /home/travis/build/icyphy/ptII/ptolemy/domains/de/test/auto/multirate.xml
5 ms. Memory: 539136K Free: 101545K (19%)
----------------- Invoking toplevel() on ptolemy.moml.MoMLSimpleApplication@b578fbb
----------------- Done invoking toplevel() on ptolemy.moml.MoMLSimpleApplication@b578fbb
reloadAllAccessors: .multirate

===========================================================================================
----------------- testing Thu Aug 16 01:58:10 UTC 2018 /home/travis/build/icyphy/ptII/ptolemy/domains/de/test/auto/multirate2.xml
----------------- Instantiating /home/travis/build/icyphy/ptII/ptolemy/domains/de/test/auto/multirate2.xml
3 ms. Memory: 539136K Free: 87500K (16%)
----------------- Invoking toplevel() on ptolemy.moml.MoMLSimpleApplication@2cd450c2
----------------- Done invoking toplevel() on ptolemy.moml.MoMLSimpleApplication@2cd450c2
reloadAllAccessors: .multirate2

===========================================================================================
----------------- testing Thu Aug 16 01:58:10 UTC 2018 /home/travis/build/icyphy/ptII/ptolemy/domains/de/test/auto/realtime.xml
----------------- Instantiating /home/travis/build/icyphy/ptII/ptolemy/domains/de/test/auto/realtime.xml
10001 ms. Memory: 539136K Free: 77720K (14%)
----------------- Invoking toplevel() on ptolemy.moml.MoMLSimpleApplication@251b78f
----------------- Done invoking toplevel() on ptolemy.moml.MoMLSimpleApplication@251b78f
reloadAllAccessors: .realtime

===========================================================================================
----------------- testing Thu Aug 16 01:58:20 UTC 2018 /home/travis/build/icyphy/ptII/ptolemy/domains/de/test/auto/relationGroup.xml
----------------- Instantiating /home/travis/build/icyphy/ptII/ptolemy/domains/de/test/auto/relationGroup.xml
1 ms. Memory: 539136K Free: 67940K (13%)
----------------- Invoking toplevel() on ptolemy.moml.MoMLSimpleApplication@234e01e
----------------- Done invoking toplevel() on ptolemy.moml.MoMLSimpleApplication@234e01e
reloadAllAccessors: .relationGroup

===========================================================================================
----------------- testing Thu Aug 16 01:58:20 UTC 2018 /home/travis/build/icyphy/ptII/ptolemy/domains/de/test/auto/relationGroup2.xml
----------------- Instantiating /home/travis/build/icyphy/ptII/ptolemy/domains/de/test/auto/relationGroup2.xml
1 ms. Memory: 539136K Free: 58159K (11%)
----------------- Invoking toplevel() on ptolemy.moml.MoMLSimpleApplication@59a14ad0
----------------- Done invoking toplevel() on ptolemy.moml.MoMLSimpleApplication@59a14ad0
reloadAllAccessors: .relationGroup2

===========================================================================================
----------------- testing Thu Aug 16 01:58:20 UTC 2018 /home/travis/build/icyphy/ptII/ptolemy/domains/de/test/auto/sortWithOpaquePorts.xml
----------------- Instantiating /home/travis/build/icyphy/ptII/ptolemy/domains/de/test/auto/sortWithOpaquePorts.xml
1 ms. Memory: 523264K Free: 490824K (94%)
----------------- Invoking toplevel() on ptolemy.moml.MoMLSimpleApplication@270e06c2
----------------- Done invoking toplevel() on ptolemy.moml.MoMLSimpleApplication@270e06c2
reloadAllAccessors: .sortWithOpaquePorts

===========================================================================================
----------------- testing Thu Aug 16 01:58:20 UTC 2018 /home/travis/build/icyphy/ptII/ptolemy/domains/de/test/auto/transferInputsandOutputs.xml
----------------- Instantiating /home/travis/build/icyphy/ptII/ptolemy/domains/de/test/auto/transferInputsandOutputs.xml
2 ms. Memory: 523264K Free: 476954K (91%)
----------------- Invoking toplevel() on ptolemy.moml.MoMLSimpleApplication@b3a2b5a
----------------- Done invoking toplevel() on ptolemy.moml.MoMLSimpleApplication@b3a2b5a
reloadAllAccessors: .transferInputsandOutputs

===========================================================================================
----------------- testing Thu Aug 16 01:58:20 UTC 2018 /home/travis/build/icyphy/ptII/ptolemy/domains/de/test/auto/triggerType.xml
----------------- Instantiating /home/travis/build/icyphy/ptII/ptolemy/domains/de/test/auto/triggerType.xml
1 ms. Memory: 523264K Free: 467718K (89%)
----------------- Invoking toplevel() on ptolemy.moml.MoMLSimpleApplication@6696ab0f
----------------- Done invoking toplevel() on ptolemy.moml.MoMLSimpleApplication@6696ab0f
reloadAllAccessors: .triggerType
AutoTests.java: About to close Vertx.
AutoTests.java: Vertx closed.
]]></system-out>
  <system-err><![CDATA[java.lang.RuntimeException: Execution failed
	at ptolemy.moml.MoMLSimpleApplication$UnloadThread.run(MoMLSimpleApplication.java:402)
Caused by: ptolemy.kernel.util.IllegalActionException: Found a zero delay loop containing .dependencyLoop.original
  in .dependencyLoop and .dependencyLoop.original
	at ptolemy.actor.util.CausalityInterfaceForComposites._computeOutputPortDepth(CausalityInterfaceForComposites.java:759)
	at ptolemy.actor.util.CausalityInterfaceForComposites._computeInputDepth(CausalityInterfaceForComposites.java:696)
	at ptolemy.actor.util.CausalityInterfaceForComposites._computeOutputPortDepth(CausalityInterfaceForComposites.java:765)
	at ptolemy.actor.util.CausalityInterfaceForComposites._computeInputDepth(CausalityInterfaceForComposites.java:696)
	at ptolemy.actor.util.CausalityInterfaceForComposites._computeOutputPortDepth(CausalityInterfaceForComposites.java:765)
	at ptolemy.actor.util.CausalityInterfaceForComposites._computeInputDepth(CausalityInterfaceForComposites.java:696)
	at ptolemy.actor.util.CausalityInterfaceForComposites._computeActorDepth(CausalityInterfaceForComposites.java:532)
	at ptolemy.actor.util.CausalityInterfaceForComposites.checkForCycles(CausalityInterfaceForComposites.java:96)
	at ptolemy.domains.de.kernel.DEDirector.preinitialize(DEDirector.java:1338)
	at ptolemy.actor.CompositeActor.preinitialize(CompositeActor.java:1828)
	at ptolemy.actor.Manager.preinitializeAndResolveTypes(Manager.java:1040)
	at ptolemy.actor.Manager.initialize(Manager.java:710)
	at ptolemy.actor.Manager.execute(Manager.java:356)
	at ptolemy.actor.Manager.run(Manager.java:1263)
	at ptolemy.actor.Manager$PtolemyRunThread.run(Manager.java:1915)
java.lang.RuntimeException: Execution failed
	at ptolemy.moml.MoMLSimpleApplication$UnloadThread.run(MoMLSimpleApplication.java:402)
Caused by: ptolemy.kernel.util.IllegalActionException: Found a zero delay loop containing .dependencyLoop2.original
  in .dependencyLoop2 and .dependencyLoop2.original
	at ptolemy.actor.util.CausalityInterfaceForComposites._computeOutputPortDepth(CausalityInterfaceForComposites.java:759)
	at ptolemy.actor.util.CausalityInterfaceForComposites._computeInputDepth(CausalityInterfaceForComposites.java:696)
	at ptolemy.actor.util.CausalityInterfaceForComposites._computeOutputPortDepth(CausalityInterfaceForComposites.java:765)
	at ptolemy.actor.util.CausalityInterfaceForComposites._computeInputDepth(CausalityInterfaceForComposites.java:696)
	at ptolemy.actor.util.CausalityInterfaceForComposites._computeOutputPortDepth(CausalityInterfaceForComposites.java:765)
	at ptolemy.actor.util.CausalityInterfaceForComposites._computeInputDepth(CausalityInterfaceForComposites.java:696)
	at ptolemy.actor.util.CausalityInterfaceForComposites._computeActorDepth(CausalityInterfaceForComposites.java:532)
	at ptolemy.actor.util.CausalityInterfaceForComposites.checkForCycles(CausalityInterfaceForComposites.java:96)
	at ptolemy.domains.de.kernel.DEDirector.preinitialize(DEDirector.java:1338)
	at ptolemy.actor.CompositeActor.preinitialize(CompositeActor.java:1828)
	at ptolemy.actor.Manager.preinitializeAndResolveTypes(Manager.java:1040)
	at ptolemy.actor.Manager.initialize(Manager.java:710)
	at ptolemy.actor.Manager.execute(Manager.java:356)
	at ptolemy.actor.Manager.run(Manager.java:1263)
	at ptolemy.actor.Manager$PtolemyRunThread.run(Manager.java:1915)
java.lang.RuntimeException: Execution failed
	at ptolemy.moml.MoMLSimpleApplication$UnloadThread.run(MoMLSimpleApplication.java:402)
Caused by: ptolemy.kernel.util.IllegalActionException: Found a zero delay loop containing .dependencyLoop.original
  in .dependencyLoop and .dependencyLoop.original
	at ptolemy.actor.util.CausalityInterfaceForComposites._computeOutputPortDepth(CausalityInterfaceForComposites.java:759)
	at ptolemy.actor.util.CausalityInterfaceForComposites._computeInputDepth(CausalityInterfaceForComposites.java:696)
	at ptolemy.actor.util.CausalityInterfaceForComposites._computeOutputPortDepth(CausalityInterfaceForComposites.java:765)
	at ptolemy.actor.util.CausalityInterfaceForComposites._computeInputDepth(CausalityInterfaceForComposites.java:696)
	at ptolemy.actor.util.CausalityInterfaceForComposites._computeOutputPortDepth(CausalityInterfaceForComposites.java:765)
	at ptolemy.actor.util.CausalityInterfaceForComposites._computeInputDepth(CausalityInterfaceForComposites.java:696)
	at ptolemy.actor.util.CausalityInterfaceForComposites._computeActorDepth(CausalityInterfaceForComposites.java:532)
	at ptolemy.actor.util.CausalityInterfaceForComposites.checkForCycles(CausalityInterfaceForComposites.java:96)
	at ptolemy.domains.de.kernel.DEDirector.preinitialize(DEDirector.java:1338)
	at ptolemy.actor.CompositeActor.preinitialize(CompositeActor.java:1828)
	at ptolemy.actor.Manager.preinitializeAndResolveTypes(Manager.java:1040)
	at ptolemy.actor.Manager.initialize(Manager.java:710)
	at ptolemy.actor.Manager.execute(Manager.java:356)
	at ptolemy.actor.Manager.run(Manager.java:1263)
	at ptolemy.actor.Manager$PtolemyRunThread.run(Manager.java:1915)
java.lang.RuntimeException: Execution failed
	at ptolemy.moml.MoMLSimpleApplication$UnloadThread.run(MoMLSimpleApplication.java:402)
Caused by: ptolemy.kernel.util.IllegalActionException: Actor is not ready to fire.  Perhaps UpSample.prefire() returned false? Try debugging the actor by selecting "Listen to Actor".  Also, for SDF check moml for tokenConsumptionRate on input.
  in .DESDFClockTest.Play Bell.Copy1:SDF Director and .DESDFClockTest.Play Bell.UpSample
	at ptolemy.actor.sched.StaticSchedulingDirector.fire(StaticSchedulingDirector.java:227)
	at ptolemy.domains.sdf.kernel.SDFDirector.fire(SDFDirector.java:500)
	at ptolemy.actor.CompositeActor.fire(CompositeActor.java:455)
	at ptolemy.domains.de.kernel.DEDirector._fire(DEDirector.java:1949)
	at ptolemy.domains.de.kernel.DEDirector.fire(DEDirector.java:502)
	at ptolemy.actor.CompositeActor.fire(CompositeActor.java:455)
	at ptolemy.actor.Manager.iterate(Manager.java:851)
	at ptolemy.actor.Manager.execute(Manager.java:369)
	at ptolemy.actor.Manager.run(Manager.java:1263)
	at ptolemy.actor.Manager$PtolemyRunThread.run(Manager.java:1915)
java.lang.RuntimeException: Execution failed
	at ptolemy.moml.MoMLSimpleApplication$UnloadThread.run(MoMLSimpleApplication.java:402)
Caused by: ptolemy.kernel.util.IllegalActionException: Found a zero delay loop containing .dependencyLoop2.original
  in .dependencyLoop2 and .dependencyLoop2.original
	at ptolemy.actor.util.CausalityInterfaceForComposites._computeOutputPortDepth(CausalityInterfaceForComposites.java:759)
	at ptolemy.actor.util.CausalityInterfaceForComposites._computeInputDepth(CausalityInterfaceForComposites.java:696)
	at ptolemy.actor.util.CausalityInterfaceForComposites._computeOutputPortDepth(CausalityInterfaceForComposites.java:765)
	at ptolemy.actor.util.CausalityInterfaceForComposites._computeInputDepth(CausalityInterfaceForComposites.java:696)
	at ptolemy.actor.util.CausalityInterfaceForComposites._computeOutputPortDepth(CausalityInterfaceForComposites.java:765)
	at ptolemy.actor.util.CausalityInterfaceForComposites._computeInputDepth(CausalityInterfaceForComposites.java:696)
	at ptolemy.actor.util.CausalityInterfaceForComposites._computeActorDepth(CausalityInterfaceForComposites.java:532)
	at ptolemy.actor.util.CausalityInterfaceForComposites.checkForCycles(CausalityInterfaceForComposites.java:96)
	at ptolemy.domains.de.kernel.DEDirector.preinitialize(DEDirector.java:1338)
	at ptolemy.actor.CompositeActor.preinitialize(CompositeActor.java:1828)
	at ptolemy.actor.Manager.preinitializeAndResolveTypes(Manager.java:1040)
	at ptolemy.actor.Manager.initialize(Manager.java:710)
	at ptolemy.actor.Manager.execute(Manager.java:356)
	at ptolemy.actor.Manager.run(Manager.java:1263)
	at ptolemy.actor.Manager$PtolemyRunThread.run(Manager.java:1915)
java.lang.RuntimeException: Execution failed
	at ptolemy.moml.MoMLSimpleApplication$UnloadThread.run(MoMLSimpleApplication.java:402)
Caused by: ptolemy.kernel.util.IllegalActionException: Found a zero delay loop containing .HierarchicalModel.A
  in .HierarchicalModel and .HierarchicalModel.A
	at ptolemy.actor.util.CausalityInterfaceForComposites._computeOutputPortDepth(CausalityInterfaceForComposites.java:759)
	at ptolemy.actor.util.CausalityInterfaceForComposites._computeInputDepth(CausalityInterfaceForComposites.java:696)
	at ptolemy.actor.util.CausalityInterfaceForComposites._computeOutputPortDepth(CausalityInterfaceForComposites.java:765)
	at ptolemy.actor.util.CausalityInterfaceForComposites._computeInputDepth(CausalityInterfaceForComposites.java:696)
	at ptolemy.actor.util.CausalityInterfaceForComposites._computeOutputPortDepth(CausalityInterfaceForComposites.java:765)
	at ptolemy.actor.util.CausalityInterfaceForComposites._computeInputDepth(CausalityInterfaceForComposites.java:696)
	at ptolemy.actor.util.CausalityInterfaceForComposites._computeActorDepth(CausalityInterfaceForComposites.java:532)
	at ptolemy.actor.util.CausalityInterfaceForComposites.checkForCycles(CausalityInterfaceForComposites.java:96)
	at ptolemy.domains.de.kernel.DEDirector.preinitialize(DEDirector.java:1338)
	at ptolemy.actor.CompositeActor.preinitialize(CompositeActor.java:1828)
	at ptolemy.actor.Manager.preinitializeAndResolveTypes(Manager.java:1040)
	at ptolemy.actor.Manager.initialize(Manager.java:710)
	at ptolemy.actor.Manager.execute(Manager.java:356)
	at ptolemy.actor.Manager.run(Manager.java:1263)
	at ptolemy.actor.Manager$PtolemyRunThread.run(Manager.java:1915)
java.lang.RuntimeException: Execution failed
	at ptolemy.moml.MoMLSimpleApplication$UnloadThread.run(MoMLSimpleApplication.java:402)
Caused by: ptolemy.kernel.util.IllegalActionException: Test fails in iteration 1.
Value was: 1.0. Should have been: 2.0
  in .DirectFeedback.Test
	at ptolemy.actor.lib.Test.fire(Test.java:268)
	at ptolemy.domains.de.kernel.DEDirector._fire(DEDirector.java:1949)
	at ptolemy.domains.de.kernel.DEDirector.fire(DEDirector.java:502)
	at ptolemy.actor.CompositeActor.fire(CompositeActor.java:455)
	at ptolemy.actor.Manager.iterate(Manager.java:851)
	at ptolemy.actor.Manager.execute(Manager.java:369)
	at ptolemy.actor.Manager.run(Manager.java:1263)
	at ptolemy.actor.Manager$PtolemyRunThread.run(Manager.java:1915)
java.lang.RuntimeException: Execution failed
	at ptolemy.moml.MoMLSimpleApplication$UnloadThread.run(MoMLSimpleApplication.java:402)
Caused by: ptolemy.kernel.util.IllegalActionException: Actor is not ready to fire.  Perhaps UpSample.prefire() returned false? Try debugging the actor by selecting "Listen to Actor".  Also, for SDF check moml for tokenConsumptionRate on input.
  in .DESDFClockTest.Play Bell.Copy1:SDF Director and .DESDFClockTest.Play Bell.UpSample
	at ptolemy.actor.sched.StaticSchedulingDirector.fire(StaticSchedulingDirector.java:227)
	at ptolemy.domains.sdf.kernel.SDFDirector.fire(SDFDirector.java:500)
	at ptolemy.actor.CompositeActor.fire(CompositeActor.java:455)
	at ptolemy.domains.de.kernel.DEDirector._fire(DEDirector.java:1949)
	at ptolemy.domains.de.kernel.DEDirector.fire(DEDirector.java:502)
	at ptolemy.actor.CompositeActor.fire(CompositeActor.java:455)
	at ptolemy.actor.Manager.iterate(Manager.java:851)
	at ptolemy.actor.Manager.execute(Manager.java:369)
	at ptolemy.actor.Manager.run(Manager.java:1263)
	at ptolemy.actor.Manager$PtolemyRunThread.run(Manager.java:1915)
java.lang.reflect.InvocationTargetException
	at sun.reflect.NativeConstructorAccessorImpl.newInstance0(Native Method)
	at sun.reflect.NativeConstructorAccessorImpl.newInstance(NativeConstructorAccessorImpl.java:62)
	at sun.reflect.DelegatingConstructorAccessorImpl.newInstance(DelegatingConstructorAccessorImpl.java:45)
	at java.lang.reflect.Constructor.newInstance(Constructor.java:423)
	at ptolemy.util.test.junit.AutoKnownFailedTests.RunModel(AutoKnownFailedTests.java:107)
	at sun.reflect.NativeMethodAccessorImpl.invoke0(Native Method)
	at sun.reflect.NativeMethodAccessorImpl.invoke(NativeMethodAccessorImpl.java:62)
	at sun.reflect.DelegatingMethodAccessorImpl.invoke(DelegatingMethodAccessorImpl.java:43)
	at java.lang.reflect.Method.invoke(Method.java:498)
	at org.junit.runners.model.FrameworkMethod$1.runReflectiveCall(FrameworkMethod.java:44)
	at org.junit.internal.runners.model.ReflectiveCallable.run(ReflectiveCallable.java:15)
	at org.junit.runners.model.FrameworkMethod.invokeExplosively(FrameworkMethod.java:41)
	at junitparams.internal.InvokeParameterisedMethod.evaluate(InvokeParameterisedMethod.java:102)
	at org.junit.internal.runners.statements.FailOnTimeout$1.run(FailOnTimeout.java:28)
Caused by: ptolemy.kernel.util.IllegalActionException: Actor is not ready to fire.  Perhaps UpSample.prefire() returned false? Try debugging the actor by selecting "Listen to Actor".  Also, for SDF check moml for tokenConsumptionRate on input.
  in .DESDFClockTest.Play Bell.Copy1:SDF Director and .DESDFClockTest.Play Bell.UpSample
	at ptolemy.actor.sched.StaticSchedulingDirector.fire(StaticSchedulingDirector.java:227)
	at ptolemy.domains.sdf.kernel.SDFDirector.fire(SDFDirector.java:500)
	at ptolemy.actor.CompositeActor.fire(CompositeActor.java:455)
	at ptolemy.domains.de.kernel.DEDirector._fire(DEDirector.java:1949)
	at ptolemy.domains.de.kernel.DEDirector.fire(DEDirector.java:502)
	at ptolemy.actor.CompositeActor.fire(CompositeActor.java:455)
	at ptolemy.actor.Manager.iterate(Manager.java:851)
	at ptolemy.actor.Manager.execute(Manager.java:369)
	at ptolemy.actor.Manager.run(Manager.java:1263)
	at ptolemy.actor.Manager$PtolemyRunThread.run(Manager.java:1915)
java.lang.RuntimeException: Execution failed
	at ptolemy.moml.MoMLSimpleApplication$UnloadThread.run(MoMLSimpleApplication.java:402)
Caused by: ptolemy.kernel.util.IllegalActionException: Test fails in iteration 1.
Value was: 1.0. Should have been: 2.0
  in .DirectFeedback.Test
	at ptolemy.actor.lib.Test.fire(Test.java:268)
	at ptolemy.domains.de.kernel.DEDirector._fire(DEDirector.java:1949)
	at ptolemy.domains.de.kernel.DEDirector.fire(DEDirector.java:502)
	at ptolemy.actor.CompositeActor.fire(CompositeActor.java:455)
	at ptolemy.actor.Manager.iterate(Manager.java:851)
	at ptolemy.actor.Manager.execute(Manager.java:369)
	at ptolemy.actor.Manager.run(Manager.java:1263)
	at ptolemy.actor.Manager$PtolemyRunThread.run(Manager.java:1915)
java.lang.reflect.InvocationTargetException
	at sun.reflect.NativeConstructorAccessorImpl.newInstance0(Native Method)
	at sun.reflect.NativeConstructorAccessorImpl.newInstance(NativeConstructorAccessorImpl.java:62)
	at sun.reflect.DelegatingConstructorAccessorImpl.newInstance(DelegatingConstructorAccessorImpl.java:45)
	at java.lang.reflect.Constructor.newInstance(Constructor.java:423)
	at ptolemy.util.test.junit.AutoKnownFailedTests.RunModel(AutoKnownFailedTests.java:107)
	at sun.reflect.NativeMethodAccessorImpl.invoke0(Native Method)
	at sun.reflect.NativeMethodAccessorImpl.invoke(NativeMethodAccessorImpl.java:62)
	at sun.reflect.DelegatingMethodAccessorImpl.invoke(DelegatingMethodAccessorImpl.java:43)
	at java.lang.reflect.Method.invoke(Method.java:498)
	at org.junit.runners.model.FrameworkMethod$1.runReflectiveCall(FrameworkMethod.java:44)
	at org.junit.internal.runners.model.ReflectiveCallable.run(ReflectiveCallable.java:15)
	at org.junit.runners.model.FrameworkMethod.invokeExplosively(FrameworkMethod.java:41)
	at junitparams.internal.InvokeParameterisedMethod.evaluate(InvokeParameterisedMethod.java:102)
	at org.junit.internal.runners.statements.FailOnTimeout$1.run(FailOnTimeout.java:28)
Caused by: ptolemy.kernel.util.IllegalActionException: Test fails in iteration 1.
Value was: 1.0. Should have been: 2.0
  in .DirectFeedback.Test
	at ptolemy.actor.lib.Test.fire(Test.java:268)
	at ptolemy.domains.de.kernel.DEDirector._fire(DEDirector.java:1949)
	at ptolemy.domains.de.kernel.DEDirector.fire(DEDirector.java:502)
	at ptolemy.actor.CompositeActor.fire(CompositeActor.java:455)
	at ptolemy.actor.Manager.iterate(Manager.java:851)
	at ptolemy.actor.Manager.execute(Manager.java:369)
	at ptolemy.actor.Manager.run(Manager.java:1263)
	at ptolemy.actor.Manager$PtolemyRunThread.run(Manager.java:1915)
java.lang.RuntimeException: Execution failed
	at ptolemy.moml.MoMLSimpleApplication$UnloadThread.run(MoMLSimpleApplication.java:402)
Caused by: ptolemy.kernel.util.IllegalActionException: Found a zero delay loop containing .HierarchicalModel.A
  in .HierarchicalModel and .HierarchicalModel.A
	at ptolemy.actor.util.CausalityInterfaceForComposites._computeOutputPortDepth(CausalityInterfaceForComposites.java:759)
	at ptolemy.actor.util.CausalityInterfaceForComposites._computeInputDepth(CausalityInterfaceForComposites.java:696)
	at ptolemy.actor.util.CausalityInterfaceForComposites._computeOutputPortDepth(CausalityInterfaceForComposites.java:765)
	at ptolemy.actor.util.CausalityInterfaceForComposites._computeInputDepth(CausalityInterfaceForComposites.java:696)
	at ptolemy.actor.util.CausalityInterfaceForComposites._computeOutputPortDepth(CausalityInterfaceForComposites.java:765)
	at ptolemy.actor.util.CausalityInterfaceForComposites._computeInputDepth(CausalityInterfaceForComposites.java:696)
	at ptolemy.actor.util.CausalityInterfaceForComposites._computeActorDepth(CausalityInterfaceForComposites.java:532)
	at ptolemy.actor.util.CausalityInterfaceForComposites.checkForCycles(CausalityInterfaceForComposites.java:96)
	at ptolemy.domains.de.kernel.DEDirector.preinitialize(DEDirector.java:1338)
	at ptolemy.actor.CompositeActor.preinitialize(CompositeActor.java:1828)
	at ptolemy.actor.Manager.preinitializeAndResolveTypes(Manager.java:1040)
	at ptolemy.actor.Manager.initialize(Manager.java:710)
	at ptolemy.actor.Manager.execute(Manager.java:356)
	at ptolemy.actor.Manager.run(Manager.java:1263)
	at ptolemy.actor.Manager$PtolemyRunThread.run(Manager.java:1915)
java.lang.reflect.InvocationTargetException
	at sun.reflect.NativeConstructorAccessorImpl.newInstance0(Native Method)
	at sun.reflect.NativeConstructorAccessorImpl.newInstance(NativeConstructorAccessorImpl.java:62)
	at sun.reflect.DelegatingConstructorAccessorImpl.newInstance(DelegatingConstructorAccessorImpl.java:45)
	at java.lang.reflect.Constructor.newInstance(Constructor.java:423)
	at ptolemy.util.test.junit.AutoKnownFailedTests.RunModel(AutoKnownFailedTests.java:107)
	at sun.reflect.NativeMethodAccessorImpl.invoke0(Native Method)
	at sun.reflect.NativeMethodAccessorImpl.invoke(NativeMethodAccessorImpl.java:62)
	at sun.reflect.DelegatingMethodAccessorImpl.invoke(DelegatingMethodAccessorImpl.java:43)
	at java.lang.reflect.Method.invoke(Method.java:498)
	at org.junit.runners.model.FrameworkMethod$1.runReflectiveCall(FrameworkMethod.java:44)
	at org.junit.internal.runners.model.ReflectiveCallable.run(ReflectiveCallable.java:15)
	at org.junit.runners.model.FrameworkMethod.invokeExplosively(FrameworkMethod.java:41)
	at junitparams.internal.InvokeParameterisedMethod.evaluate(InvokeParameterisedMethod.java:102)
	at org.junit.internal.runners.statements.FailOnTimeout$1.run(FailOnTimeout.java:28)
Caused by: ptolemy.kernel.util.IllegalActionException: Found a zero delay loop containing .HierarchicalModel.A
  in .HierarchicalModel and .HierarchicalModel.A
	at ptolemy.actor.util.CausalityInterfaceForComposites._computeOutputPortDepth(CausalityInterfaceForComposites.java:759)
	at ptolemy.actor.util.CausalityInterfaceForComposites._computeInputDepth(CausalityInterfaceForComposites.java:696)
	at ptolemy.actor.util.CausalityInterfaceForComposites._computeOutputPortDepth(CausalityInterfaceForComposites.java:765)
	at ptolemy.actor.util.CausalityInterfaceForComposites._computeInputDepth(CausalityInterfaceForComposites.java:696)
	at ptolemy.actor.util.CausalityInterfaceForComposites._computeOutputPortDepth(CausalityInterfaceForComposites.java:765)
	at ptolemy.actor.util.CausalityInterfaceForComposites._computeInputDepth(CausalityInterfaceForComposites.java:696)
	at ptolemy.actor.util.CausalityInterfaceForComposites._computeActorDepth(CausalityInterfaceForComposites.java:532)
	at ptolemy.actor.util.CausalityInterfaceForComposites.checkForCycles(CausalityInterfaceForComposites.java:96)
	at ptolemy.domains.de.kernel.DEDirector.preinitialize(DEDirector.java:1338)
	at ptolemy.actor.CompositeActor.preinitialize(CompositeActor.java:1828)
	at ptolemy.actor.Manager.preinitializeAndResolveTypes(Manager.java:1040)
	at ptolemy.actor.Manager.initialize(Manager.java:710)
	at ptolemy.actor.Manager.execute(Manager.java:356)
	at ptolemy.actor.Manager.run(Manager.java:1263)
	at ptolemy.actor.Manager$PtolemyRunThread.run(Manager.java:1915)
java.lang.RuntimeException: Execution failed
	at ptolemy.moml.MoMLSimpleApplication$UnloadThread.run(MoMLSimpleApplication.java:402)
Caused by: ptolemy.kernel.util.IllegalActionException: Found a zero delay loop containing .dependencyLoop.original
  in .dependencyLoop and .dependencyLoop.original
	at ptolemy.actor.util.CausalityInterfaceForComposites._computeOutputPortDepth(CausalityInterfaceForComposites.java:759)
	at ptolemy.actor.util.CausalityInterfaceForComposites._computeInputDepth(CausalityInterfaceForComposites.java:696)
	at ptolemy.actor.util.CausalityInterfaceForComposites._computeOutputPortDepth(CausalityInterfaceForComposites.java:765)
	at ptolemy.actor.util.CausalityInterfaceForComposites._computeInputDepth(CausalityInterfaceForComposites.java:696)
	at ptolemy.actor.util.CausalityInterfaceForComposites._computeOutputPortDepth(CausalityInterfaceForComposites.java:765)
	at ptolemy.actor.util.CausalityInterfaceForComposites._computeInputDepth(CausalityInterfaceForComposites.java:696)
	at ptolemy.actor.util.CausalityInterfaceForComposites._computeActorDepth(CausalityInterfaceForComposites.java:532)
	at ptolemy.actor.util.CausalityInterfaceForComposites.checkForCycles(CausalityInterfaceForComposites.java:96)
	at ptolemy.domains.de.kernel.DEDirector.preinitialize(DEDirector.java:1338)
	at ptolemy.actor.CompositeActor.preinitialize(CompositeActor.java:1828)
	at ptolemy.actor.Manager.preinitializeAndResolveTypes(Manager.java:1040)
	at ptolemy.actor.Manager.initialize(Manager.java:710)
	at ptolemy.actor.Manager.execute(Manager.java:356)
	at ptolemy.actor.Manager.run(Manager.java:1263)
	at ptolemy.actor.Manager$PtolemyRunThread.run(Manager.java:1915)
java.lang.reflect.InvocationTargetException
	at sun.reflect.NativeConstructorAccessorImpl.newInstance0(Native Method)
	at sun.reflect.NativeConstructorAccessorImpl.newInstance(NativeConstructorAccessorImpl.java:62)
	at sun.reflect.DelegatingConstructorAccessorImpl.newInstance(DelegatingConstructorAccessorImpl.java:45)
	at java.lang.reflect.Constructor.newInstance(Constructor.java:423)
	at ptolemy.util.test.junit.AutoKnownFailedTests.RunModel(AutoKnownFailedTests.java:107)
	at sun.reflect.NativeMethodAccessorImpl.invoke0(Native Method)
	at sun.reflect.NativeMethodAccessorImpl.invoke(NativeMethodAccessorImpl.java:62)
	at sun.reflect.DelegatingMethodAccessorImpl.invoke(DelegatingMethodAccessorImpl.java:43)
	at java.lang.reflect.Method.invoke(Method.java:498)
	at org.junit.runners.model.FrameworkMethod$1.runReflectiveCall(FrameworkMethod.java:44)
	at org.junit.internal.runners.model.ReflectiveCallable.run(ReflectiveCallable.java:15)
	at org.junit.runners.model.FrameworkMethod.invokeExplosively(FrameworkMethod.java:41)
	at junitparams.internal.InvokeParameterisedMethod.evaluate(InvokeParameterisedMethod.java:102)
	at org.junit.internal.runners.statements.FailOnTimeout$1.run(FailOnTimeout.java:28)
Caused by: ptolemy.kernel.util.IllegalActionException: Found a zero delay loop containing .dependencyLoop.original
  in .dependencyLoop and .dependencyLoop.original
	at ptolemy.actor.util.CausalityInterfaceForComposites._computeOutputPortDepth(CausalityInterfaceForComposites.java:759)
	at ptolemy.actor.util.CausalityInterfaceForComposites._computeInputDepth(CausalityInterfaceForComposites.java:696)
	at ptolemy.actor.util.CausalityInterfaceForComposites._computeOutputPortDepth(CausalityInterfaceForComposites.java:765)
	at ptolemy.actor.util.CausalityInterfaceForComposites._computeInputDepth(CausalityInterfaceForComposites.java:696)
	at ptolemy.actor.util.CausalityInterfaceForComposites._computeOutputPortDepth(CausalityInterfaceForComposites.java:765)
	at ptolemy.actor.util.CausalityInterfaceForComposites._computeInputDepth(CausalityInterfaceForComposites.java:696)
	at ptolemy.actor.util.CausalityInterfaceForComposites._computeActorDepth(CausalityInterfaceForComposites.java:532)
	at ptolemy.actor.util.CausalityInterfaceForComposites.checkForCycles(CausalityInterfaceForComposites.java:96)
	at ptolemy.domains.de.kernel.DEDirector.preinitialize(DEDirector.java:1338)
	at ptolemy.actor.CompositeActor.preinitialize(CompositeActor.java:1828)
	at ptolemy.actor.Manager.preinitializeAndResolveTypes(Manager.java:1040)
	at ptolemy.actor.Manager.initialize(Manager.java:710)
	at ptolemy.actor.Manager.execute(Manager.java:356)
	at ptolemy.actor.Manager.run(Manager.java:1263)
	at ptolemy.actor.Manager$PtolemyRunThread.run(Manager.java:1915)
java.lang.RuntimeException: Execution failed
	at ptolemy.moml.MoMLSimpleApplication$UnloadThread.run(MoMLSimpleApplication.java:402)
Caused by: ptolemy.kernel.util.IllegalActionException: Found a zero delay loop containing .dependencyLoop2.original
  in .dependencyLoop2 and .dependencyLoop2.original
	at ptolemy.actor.util.CausalityInterfaceForComposites._computeOutputPortDepth(CausalityInterfaceForComposites.java:759)
	at ptolemy.actor.util.CausalityInterfaceForComposites._computeInputDepth(CausalityInterfaceForComposites.java:696)
	at ptolemy.actor.util.CausalityInterfaceForComposites._computeOutputPortDepth(CausalityInterfaceForComposites.java:765)
	at ptolemy.actor.util.CausalityInterfaceForComposites._computeInputDepth(CausalityInterfaceForComposites.java:696)
	at ptolemy.actor.util.CausalityInterfaceForComposites._computeOutputPortDepth(CausalityInterfaceForComposites.java:765)
	at ptolemy.actor.util.CausalityInterfaceForComposites._computeInputDepth(CausalityInterfaceForComposites.java:696)
	at ptolemy.actor.util.CausalityInterfaceForComposites._computeActorDepth(CausalityInterfaceForComposites.java:532)
	at ptolemy.actor.util.CausalityInterfaceForComposites.checkForCycles(CausalityInterfaceForComposites.java:96)
	at ptolemy.domains.de.kernel.DEDirector.preinitialize(DEDirector.java:1338)
	at ptolemy.actor.CompositeActor.preinitialize(CompositeActor.java:1828)
	at ptolemy.actor.Manager.preinitializeAndResolveTypes(Manager.java:1040)
	at ptolemy.actor.Manager.initialize(Manager.java:710)
	at ptolemy.actor.Manager.execute(Manager.java:356)
	at ptolemy.actor.Manager.run(Manager.java:1263)
	at ptolemy.actor.Manager$PtolemyRunThread.run(Manager.java:1915)
java.lang.reflect.InvocationTargetException
	at sun.reflect.NativeConstructorAccessorImpl.newInstance0(Native Method)
	at sun.reflect.NativeConstructorAccessorImpl.newInstance(NativeConstructorAccessorImpl.java:62)
	at sun.reflect.DelegatingConstructorAccessorImpl.newInstance(DelegatingConstructorAccessorImpl.java:45)
	at java.lang.reflect.Constructor.newInstance(Constructor.java:423)
	at ptolemy.util.test.junit.AutoKnownFailedTests.RunModel(AutoKnownFailedTests.java:107)
	at sun.reflect.NativeMethodAccessorImpl.invoke0(Native Method)
	at sun.reflect.NativeMethodAccessorImpl.invoke(NativeMethodAccessorImpl.java:62)
	at sun.reflect.DelegatingMethodAccessorImpl.invoke(DelegatingMethodAccessorImpl.java:43)
	at java.lang.reflect.Method.invoke(Method.java:498)
	at org.junit.runners.model.FrameworkMethod$1.runReflectiveCall(FrameworkMethod.java:44)
	at org.junit.internal.runners.model.ReflectiveCallable.run(ReflectiveCallable.java:15)
	at org.junit.runners.model.FrameworkMethod.invokeExplosively(FrameworkMethod.java:41)
	at junitparams.internal.InvokeParameterisedMethod.evaluate(InvokeParameterisedMethod.java:102)
	at org.junit.internal.runners.statements.FailOnTimeout$1.run(FailOnTimeout.java:28)
Caused by: ptolemy.kernel.util.IllegalActionException: Found a zero delay loop containing .dependencyLoop2.original
  in .dependencyLoop2 and .dependencyLoop2.original
	at ptolemy.actor.util.CausalityInterfaceForComposites._computeOutputPortDepth(CausalityInterfaceForComposites.java:759)
	at ptolemy.actor.util.CausalityInterfaceForComposites._computeInputDepth(CausalityInterfaceForComposites.java:696)
	at ptolemy.actor.util.CausalityInterfaceForComposites._computeOutputPortDepth(CausalityInterfaceForComposites.java:765)
	at ptolemy.actor.util.CausalityInterfaceForComposites._computeInputDepth(CausalityInterfaceForComposites.java:696)
	at ptolemy.actor.util.CausalityInterfaceForComposites._computeOutputPortDepth(CausalityInterfaceForComposites.java:765)
	at ptolemy.actor.util.CausalityInterfaceForComposites._computeInputDepth(CausalityInterfaceForComposites.java:696)
	at ptolemy.actor.util.CausalityInterfaceForComposites._computeActorDepth(CausalityInterfaceForComposites.java:532)
	at ptolemy.actor.util.CausalityInterfaceForComposites.checkForCycles(CausalityInterfaceForComposites.java:96)
	at ptolemy.domains.de.kernel.DEDirector.preinitialize(DEDirector.java:1338)
	at ptolemy.actor.CompositeActor.preinitialize(CompositeActor.java:1828)
	at ptolemy.actor.Manager.preinitializeAndResolveTypes(Manager.java:1040)
	at ptolemy.actor.Manager.initialize(Manager.java:710)
	at ptolemy.actor.Manager.execute(Manager.java:356)
	at ptolemy.actor.Manager.run(Manager.java:1263)
	at ptolemy.actor.Manager$PtolemyRunThread.run(Manager.java:1915)
]]></system-err>
</testsuite>
