<?xml version="1.0" encoding="UTF-8" ?>
<testsuite errors="0" failures="0" hostname="travis-job-14192e78-96c8-441a-8fb0-54024e832f47" name="ptolemy.domains.de.test.junit.JUnitTclTest" skipped="0" tests="101" time="127.365" timestamp="2018-06-10T21:12:27">
  <properties>
    <property name="npm.executable" value="npm" />
    <property name="file.encoding.pkg" value="sun.io" />
    <property name="ptII.mk.exists" value="true" />
    <property name="env.rvm_bin_path" value="/home/travis/.rvm/bin" />
    <property name="java.home" value="/usr/lib/jvm/java-8-oracle/jre" />
    <property name="env.TRAVIS_JOB_NUMBER" value="559.8" />
    <property name="env.DISPLAY" value=":99.0" />
    <property name="java.net.preferIPv4Stack" value="true" />
    <property name="env.SSH_TTY" value="/dev/pts/0" />
    <property name="env.RUN_TESTS" value="true" />
    <property name="timeout.short" value="1000000" />
    <property name="env.TRAVIS_STACK_NODE_ATTRIBUTES" value="/.node-attributes.yml" />
    <property name="junit.formatter" value="xml" />
    <property name="java.endorsed.dirs" value="/usr/lib/jvm/java-8-oracle/jre/lib/endorsed" />
    <property name="env.TRAVIS_SUDO" value="true" />
    <property name="env.LOGNAME" value="travis" />
    <property name="jsdoc.home" value="node_modules/@terraswarm/jsdoc" />
    <property name="debuglevel" value="source,lines,vars" />
    <property name="checkstyle.formatter" value="xml" />
    <property name="bin.vergil.makeable" value="true" />
    <property name="env._system_version" value="14.04" />
    <property name="sun.os.patch.level" value="unknown" />
    <property name="java.vendor.url" value="http://java.oracle.com/" />
    <property name="java.version" value="1.8.0_151" />
    <property name="env.TZ" value="UTC" />
    <property name="env.PT_NO_NET" value="true" />
    <property name="env.TRAVIS_PULL_REQUEST_SHA" value="" />
    <property name="env.TRAVIS_SECURE_ENV_VARS" value="true" />
    <property name="env._system_type" value="Linux" />
    <property name="java.vendor.url.bug" value="http://bugreport.sun.com/bugreport/" />
    <property name="env.SSH_CLIENT" value="10.10.4.32 47420 22" />
    <property name="npmjs-org-is-up" value="true" />
    <property name="env.GEM_HOME" value="/home/travis/.rvm/gems/ruby-2.4.1" />
    <property name="env.HAS_ANTARES_THREE_LITTLE_FRONZIES_BADGE" value="true" />
    <property name="env.PS4" value="+" />
    <property name="ant.project.invoked-targets" value="build,test.core2.xml" />
    <property name="env.TRAVIS_PULL_REQUEST_BRANCH" value="" />
    <property name="env.TRAVIS_REPO_SLUG" value="icyphy/ptII" />
    <property name="node.in.path" value="true" />
    <property name="java.maxmemory" value="1400m" />
    <property name="env.RUBY_VERSION" value="ruby-2.4.1" />
    <property name="user.name" value="travis" />
    <property name="env.LANG" value="en_US.UTF-8" />
    <property name="sun.io.unicode.encoding" value="UnicodeLittle" />
    <property name="sun.jnu.encoding" value="UTF-8" />
    <property name="java.runtime.name" value="Java(TM) SE Runtime Environment" />
    <property name="usefile" value="false" />
    <property name="return.code" value="0" />
    <property name="junit.single.formatter" value="plain" />
    <property name="env.DYLD_LIBRARY_PATH" value="/home/travis/pthla/certi-tools/lib:" />
    <property name="env.DEBIAN_FRONTEND" value="noninteractive" />
    <property name="env.SSH_CONNECTION" value="10.10.4.32 47420 10.20.0.173 22" />
    <property name="env.MYSQL_UNIX_PORT" value="/var/run/mysqld/mysqld.sock" />
    <property name="env.TRAVIS_ALLOW_FAILURE" value="false" />
    <property name="env.LC_ALL" value="en_US.UTF-8" />
    <property name="java.specification.name" value="Java Platform API Specification" />
    <property name="node.works" value="true" />
    <property name="user.timezone" value="" />
    <property name="path.separator" value=":" />
    <property name="env.PYTHON_CFLAGS" value="-g -fstack-protector --param=ssp-buffer-size=4 -Wformat -Werror=format-security" />
    <property name="timeout.long" value="4000000" />
    <property name="env.CERTI_HOME" value="/home/travis/pthla/certi-tools" />
    <property name="file.encoding" value="UTF-8" />
    <property name="ant.file.ptII" value="/home/travis/build/icyphy/ptII/build.xml" />
    <property name="javadoc.packagenames" value="com.*,diva.*,lbnl.*,org.hlacerti.*,org.json.*,org.ptolemy.*,org.terraswarm.*,ptolemy.*,ptserver.*" />
    <property name="env.TRAVIS_PULL_REQUEST_SLUG" value="" />
    <property name="ant.project.default-target" value="build" />
    <property name="env.GIT_ASKPASS" value="echo" />
    <property name="env.HOME" value="/home/travis" />
    <property name="sun.java.command" value="org.apache.tools.ant.taskdefs.optional.junit.JUnitTestRunner ptolemy.domains.de.test.junit.JUnitTclTest skipNonTests=false filtertrace=true haltOnError=false haltOnFailure=false formatter=org.apache.tools.ant.taskdefs.optional.junit.OutErrSummaryJUnitResultFormatter showoutput=true outputtoformatters=true logfailedtests=true threadid=0 logtestlistenerevents=false formatter=org.apache.tools.ant.taskdefs.optional.junit.XMLJUnitResultFormatter,/home/travis/build/icyphy/ptII/reports/junit/TEST-ptolemy.domains.de.test.junit.JUnitTclTest.xml crashfile=/home/travis/build/icyphy/ptII/junitvmwatcher7073607713394028856.properties propsfile=/home/travis/build/icyphy/ptII/junit8805135877017375105.properties" />
    <property name="env.MANPATH" value="/home/travis/.nvm/versions/node/v7.10.1/share/man:/home/travis/.kiex/elixirs/elixir-1.4.5/man:/home/travis/.rvm/rubies/ruby-2.4.1/share/man:/usr/local/man:/usr/local/cmake-3.9.2/man:/usr/local/clang-5.0.0/share/man:/usr/local/share/man:/usr/share/man:/home/travis/.rvm/man" />
    <property name="env.COMPOSER_NO_INTERACTION" value="1" />
    <property name="env.JDK_SWITCHER_DEFAULT" value="oraclejdk8" />
    <property name="ant.file" value="/home/travis/build/icyphy/ptII/build.xml" />
    <property name="env.TRAVIS_COMMIT_RANGE" value="f05e84bcff6e...a7142c1f5e8c" />
    <property name="env._system_name" value="Ubuntu" />
    <property name="timeout" value="2400000" />
    <property name="ptII.classpath.optional.property" value="/home/travis/build/icyphy/ptII/lib/bsh-2.0b4.jar:/home/travis/build/icyphy/ptII/lib/ptCal.jar:/home/travis/build/icyphy/ptII/lib/java_cup.jar:/home/travis/build/icyphy/ptII/lib/saxon8.jar:/home/travis/build/icyphy/ptII/lib/saxon8-dom.jar:/home/travis/build/icyphy/ptII/lib/chic.jar:/home/travis/build/icyphy/ptII/lib/ptcolt.jar:/usr/lib/jvm/java-8-oracle/lib/tools.jar:/usr/lib/eclipse/plugins/org.eclipse.jdt.core_3.8.2.dist.jar:/usr/lib/eclipse/plugins/org.eclipse.core.runtime_3.8.0.dist.jar:/usr/lib/eclipse/plugins/org.eclipse.osgi_3.8.1.dist.jar:/usr/lib/eclipse/plugins/org.eclipse.core.resources_3.8.1.dist.jar:/usr/lib/eclipse/plugins/org.eclipse.equinox.common_3.6.100.dist.jar:/usr/lib/eclipse/plugins/org.eclipse.core.jobs_3.5.200.dist.jar:/usr/lib/eclipse/plugins/org.eclipse.core.contenttype_3.4.200.dist.jar:/usr/lib/eclipse/plugins/org.eclipse.equinox.preferences_3.5.0.dist.jar:/usr/lib/eclipse/plugins/org.eclipse.text_3.5.200.dist.jar:/usr/lib/eclipse/plugins/org.eclipse.ui.workbench_3.8.1.dist.jar:/usr/lib/eclipse/plugins/org.eclipse.jface_3.8.0.dist.jar:/usr/lib/eclipse/plugins/org.eclipse.swt_3.8.2.jar:/usr/lib/eclipse/plugins/org.eclipse.jface.text_3.8.1.dist.jar:/usr/lib/eclipse/plugins/org.eclipse.ui.workbench.texteditor_3.8.0.dist.jar:/usr/lib/eclipse/plugins/org.eclipse.ui.editors_3.8.0.dist.jar:/usr/lib/eclipse/plugins/org.eclipse.core.commands_3.6.1.dist.jar:/usr/lib/eclipse/plugins/org.eclipse.equinox.registry_3.5.200.dist.jar:/usr/lib/eclipse/plugins/org.eclipse.ui.console_3.5.100.dist.jar:/usr/lib/eclipse/plugins/org.eclipse.ui.forms_3.5.200.dist.jar:/usr/lib/eclipse/plugins/org.eclipse.ui.ide_3.8.1.dist.jar:/home/travis/build/icyphy/ptII/vendors/oracle/dbxml.jar:/home/travis/build/icyphy/ptII/vendors/oracle/db.jar:/home/travis/build/icyphy/ptII/vendors/misc/itext/iText.jar:/home/travis/build/icyphy/ptII/lib/g4ltl.jar:/home/travis/build/icyphy/ptII/lib/StructuralCoder.jar:/home/travis/build/icyphy/ptII/lib/org-openide-util.jar:/home/travis/build/icyphy/ptII/lib/org-openide-util-lookup.jar:/home/travis/build/icyphy/ptII/lib/org-netbeans-api-visual.jar:/home/travis/build/icyphy/ptII/vendors/jai-1_1_2_01/lib/jai_core.jar:/home/travis/build/icyphy/ptII/vendors/jai-1_1_2_01/lib/jai_codec.jar:/home/travis/build/icyphy/ptII/lib/jcerti.jar:/home/travis/build/icyphy/ptII/lib/smack.jar:/home/travis/build/icyphy/ptII/lib/smackx.jar:/home/travis/build/icyphy/ptII/lib/jetty-all-8.1.5-v20120716.jar:/home/travis/build/icyphy/ptII/lib/javax.servlet-api-3.0.1.jar:/home/travis/build/icyphy/ptII/lib/javax.mail.jar:/home/travis/build/icyphy/ptII/vendors/JMF-2.1.1e/lib/jmf.jar:/home/travis/build/icyphy/ptII/lib/jna-4.0.0-variadic.jar:/home/travis/build/icyphy/ptII/vendors/misc/joystick/Joystick.jar:/home/travis/build/icyphy/ptII/lib/ptjacl.jar:/home/travis/build/icyphy/ptII/lib/jsoup-1.8.2.jar:/home/travis/build/icyphy/ptII/lib/junit-4.8.2.jar:/home/travis/build/icyphy/ptII/lib/JUnitParams-0.4.0.jar:/home/travis/build/icyphy/ptII/ptolemy/actor/lib/excel/jxl.jar:/home/travis/build/icyphy/ptII/lib/jython.jar:/home/travis/build/icyphy/ptII/lib/kieler.jar:/home/travis/build/icyphy/ptII/vendors/opencv/share/OpenCV/java/opencv-341.jar:/home/travis/build/icyphy/ptII/lib/oscP5.jar:/home/travis/build/icyphy/ptII/lib/nrjavaserial-3.11.0.devel.jar:/usr/share/java/j3dcore.jar:/usr/share/java/j3dutils.jar:/usr/share/java/vecmath.jar:/home/travis/build/icyphy/ptII/ptolemy/distributed/jini/jar/jini-core.jar:/home/travis/build/icyphy/ptII/ptolemy/distributed/jini/jar/jini-ext.jar:/home/travis/build/icyphy/ptII/ptolemy/distributed/jini/jar/sun-util.jar:/home/travis/build/icyphy/ptII/lib/protobuf-java-2.4.1.jar:/home/travis/build/icyphy/ptII/lib/org.eclipse.paho.client.mqttv3.jar:/home/travis/build/icyphy/ptII/ptserver/lib/hessian-4.0.7.jar:/home/travis/build/icyphy/ptII/ptserver/lib/wmqtt.jar:/home/travis/build/icyphy/ptII/lib/mapss.jar:/home/travis/build/icyphy/ptII/ptolemy/actor/ptalon/antlr/antlr.jar:/home/travis/build/icyphy/ptII/lib/JRI.jar:/home/travis/build/icyphy/ptII/lib/commons-lang-2.6.jar:/home/travis/build/icyphy/ptII/lib/commons-logging-1.1.1.jar:/home/travis/build/icyphy/ptII/lib/sootclasses.jar:/home/travis/build/icyphy/ptII/ptolemy/actor/lib/database/mysql-connector-java-5.1.6-bin.jar:/home/travis/build/icyphy/ptII/vendors/misc/sphinx4/sphinx4-data-5prealpha.jar:/home/travis/build/icyphy/ptII/vendors/misc/sphinx4/sphinx4-core-5prealpha.jar:/home/travis/build/icyphy/ptII/lib/PDFRenderer.jar:/home/travis/build/icyphy/ptII/lib/svgSalamander.jar:/home/travis/build/icyphy/ptII/lib/rsyntaxtextarea-2.6.0-SNAPSHOT.jar:/home/travis/build/icyphy/ptII/lib/hazelcast-3.8.2.jar:/home/travis/build/icyphy/ptII/lib/jackson-annotations-2.9.0.jar:/home/travis/build/icyphy/ptII/lib/jackson-core-2.9.3.jar:/home/travis/build/icyphy/ptII/lib/jackson-databind-2.9.3.jar:/home/travis/build/icyphy/ptII/lib/netty-buffer-4.1.19.Final.jar:/home/travis/build/icyphy/ptII/lib/netty-codec-4.1.19.Final.jar:/home/travis/build/icyphy/ptII/lib/netty-codec-dns-4.1.19.Final.jar:/home/travis/build/icyphy/ptII/lib/netty-codec-http-4.1.19.Final.jar:/home/travis/build/icyphy/ptII/lib/netty-codec-http2-4.1.19.Final.jar:/home/travis/build/icyphy/ptII/lib/netty-common-4.1.19.Final.jar:/home/travis/build/icyphy/ptII/lib/netty-handler-4.1.19.Final.jar:/home/travis/build/icyphy/ptII/lib/netty-resolver-4.1.19.Final.jar:/home/travis/build/icyphy/ptII/lib/netty-resolver-dns-4.1.19.Final.jar:/home/travis/build/icyphy/ptII/lib/netty-transport-4.1.19.Final.jar:/home/travis/build/icyphy/ptII/lib/vertx-codegen-3.5.1.jar:/home/travis/build/icyphy/ptII/lib/vertx-core-3.5.2-SNAPSHOT.jar:/home/travis/build/icyphy/ptII/lib/vertx-hazelcast-3.5.1.jar:/home/travis/build/icyphy/ptII/lib/vertx-lang-js-3.5.1.jar:/home/travis/build/icyphy/ptII/lib/vertx-service-proxy-3.5.1.jar:/home/travis/build/icyphy/ptII/lib/vertx-web-3.5.1.jar:/home/travis/build/icyphy/ptII/lib/slf4j-api-1.7.13.jar:/home/travis/build/icyphy/ptII/lib/slf4j-simple-1.7.13.jar:/home/travis/build/icyphy/ptII/lib/webcam-capture-0.3.12.jar:/home/travis/build/icyphy/ptII/lib/bridj-0.7.0.jar:/home/travis/build/icyphy/ptII/lib/xbjlib-1.1.0.nrjavaserial.jar" />
    <property name="test.batch" value="**/junit/*.java" />
    <property name="env._" value="/usr/bin/timeout" />
    <property name="java.io.tmpdir" value="/tmp" />
    <property name="user.language" value="en" />
    <property name="env.HISTCONTROL" value="ignoredups:ignorespace" />
    <property name="env.GOROOT" value="/home/travis/.gimme/versions/go1.7.4.linux.amd64" />
    <property name="line.separator" value="&#xa;" />
    <property name="target" value="1.8" />
    <property name="env.TRAVIS_BUILD_DIR" value="/home/travis/build/icyphy/ptII" />
    <property name="env.ANT_OPTS" value="-Xmx2048m" />
    <property name="ant.file.type" value="file" />
    <property name="ptolemy.ptII.batchMode" value="true" />
    <property name="env.HISTSIZE" value="1000" />
    <property name="env.MERB_ENV" value="test" />
    <property name="java.vm.info" value="mixed mode" />
    <property name="source" value="1.8" />
    <property name="java.vm.specification.name" value="Java Virtual Machine Specification" />
    <property name="env.TRAVIS_TEST_RESULT" value="0" />
    <property name="jsdoc.command" value="node_modules/@terraswarm/jsdoc/jsdoc.js" />
    <property name="npm.works" value="true" />
    <property name="cobertura.dir" value="/home/travis/build/icyphy/ptII/vendors/cobertura-2.0.3" />
    <property name="env.rvm_path" value="/home/travis/.rvm" />
    <property name="env.GEM_PATH" value="/home/travis/.rvm/gems/ruby-2.4.1:/home/travis/.rvm/gems/ruby-2.4.1@global" />
    <property name="env.LC_CTYPE" value="en_US.UTF-8" />
    <property name="java.awt.printerjob" value="sun.print.PSPrinterJob" />
    <property name="env.TRAVIS_STACK_NAME" value="garnet" />
    <property name="ant.version" value="Apache Ant(TM) version 1.10.1 compiled on February 2 2017" />
    <property name="ptII.reports" value="/home/travis/build/icyphy/ptII/reports" />
    <property name="env.TRAVIS_STACK_TIMESTAMP" value="2017-12-05 19:33:09 UTC" />
    <property name="ant.file.type.ptII" value="file" />
    <property name="env.RBENV_SHELL" value="bash" />
    <property name="os.name" value="Linux" />
    <property name="java.specification.vendor" value="Oracle Corporation" />
    <property name="env.rvm_version" value="1.29.3 (latest)" />
    <property name="env.TERM" value="xterm" />
    <property name="java.vm.name" value="Java HotSpot(TM) 64-Bit Server VM" />
    <property name="env.TRAVIS_BUILD_NUMBER" value="559" />
    <property name="env.CI" value="true" />
    <property name="java.library.path" value="/home/travis/pthla/certi-tools/lib:/usr/lib/jni:/usr/local/share/OpenCV/java/:/usr/share/OpenCV/java::/usr/java/packages/lib/amd64:/usr/lib64:/lib64:/lib:/usr/lib" />
    <property name="env.rvm_prefix" value="/home/travis" />
    <property name="env.PATH" value="/home/travis/pthla/certi-tools/share/scripts:/home/travis/.rvm/gems/ruby-2.4.1/bin:/home/travis/.rvm/gems/ruby-2.4.1@global/bin:/home/travis/.rvm/rubies/ruby-2.4.1/bin:/home/travis/.rvm/bin:/home/travis/.nvm/versions/node/v7.10.1/bin:./node_modules/.bin:/home/travis/build/icyphy/ptII/bin:/home/travis/pthla/certi-tools/bin:/home/travis/bin:/home/travis/.local/bin:/opt/pyenv/shims:/home/travis/.phpenv/shims:/home/travis/perl5/perlbrew/bin:/home/travis/.kiex/elixirs/elixir-1.4.5/bin:/home/travis/.kiex/bin:/home/travis/gopath/bin:/home/travis/.gimme/versions/go1.7.4.linux.amd64/bin:/usr/local/phantomjs/bin:/usr/local/phantomjs:/usr/local/neo4j-3.2.7/bin:/usr/local/maven-3.5.2/bin:/usr/local/cmake-3.9.2/bin:/usr/local/clang-5.0.0/bin:/usr/local/sbin:/usr/local/bin:/usr/sbin:/usr/bin:/sbin:/bin:/home/travis/.phpenv/bin:/opt/pyenv/bin:/home/travis/.yarn/bin" />
    <property name="env.TRAVIS_OS_NAME" value="linux" />
    <property name="ant.java.version" value="1.8" />
    <property name="basedir" value="/home/travis/build/icyphy/ptII" />
    <property name="java.class.version" value="52.0" />
    <property name="env.SHLVL" value="3" />
    <property name="env.LD_LIBRARY_PATH" value="/home/travis/pthla/certi-tools/lib:/usr/lib/jni:/usr/local/share/OpenCV/java/:/usr/share/OpenCV/java:" />
    <property name="env.RACK_ENV" value="test" />
    <property name="ant.home" value="/home/travis/build/icyphy/ptII/ant" />
    <property name="env.NVM_DIR" value="/home/travis/.nvm" />
    <property name="env.PERLBREW_BASHRC_VERSION" value="0.80" />
    <property name="env.CERTI_FOM_PATH" value="/home/travis/pthla/certi-tools/share/federations" />
    <property name="env.TRAVIS_BUILD_ID" value="390501311" />
    <property name="env.PYENV_ROOT" value="/opt/pyenv" />
    <property name="env.TRAVIS_UID" value="2000" />
    <property name="env.rvm_pretty_print_flag" value="auto" />
    <property name="env.NVM_BIN" value="/home/travis/.nvm/versions/node/v7.10.1/bin" />
    <property name="env.TRAVIS_COMMIT" value="a7142c1f5e8c92d98ee518a56961835c086cd89e" />
    <property name="env._system_arch" value="x86_64" />
    <property name="node.executable" value="node" />
    <property name="sun.boot.library.path" value="/usr/lib/jvm/java-8-oracle/jre/lib/amd64" />
    <property name="sun.management.compiler" value="HotSpot 64-Bit Tiered Compilers" />
    <property name="env.GOPATH" value="/home/travis/gopath" />
    <property name="java.awt.graphicsenv" value="sun.awt.X11GraphicsEnvironment" />
    <property name="ptolemy.ptII.dir" value="/home/travis/build/icyphy/ptII" />
    <property name="env.USER" value="travis" />
    <property name="env.HISTFILESIZE" value="2000" />
    <property name="timeout.longest" value="19000000" />
    <property name="env.TRAVIS_STACK_FEATURES" value="basic cassandra chromium couchdb disabled-ipv6 docker docker-compose elasticsearch firefox go-toolchain google-chrome jdk memcached mongodb mysql neo4j nodejs_interpreter perl_interpreter perlbrew phantomjs postgresql python_interpreter rabbitmq redis riak ruby_interpreter sqlite xserver" />
    <property name="env.TRAVIS_PULL_REQUEST" value="false" />
    <property name="env.PYENV_SHELL" value="bash" />
    <property name="ant.project.name" value="ptII" />
    <property name="java.vm.specification.version" value="1.8" />
    <property name="env.CERTI_VERSION" value="4.0.0" />
    <property name="env.NLSPATH" value="/usr/dt/lib/nls/msg/%L/%N.cat" />
    <property name="awt.toolkit" value="sun.awt.X11.XToolkit" />
    <property name="env.CERTI_HOST" value="localhost" />
    <property name="env.MY_RUBY_HOME" value="/home/travis/.rvm/rubies/ruby-2.4.1" />
    <property name="sun.cpu.isalist" value="" />
    <property name="java.ext.dirs" value="/usr/lib/jvm/java-8-oracle/jre/lib/ext:/usr/java/packages/lib/ext" />
    <property name="os.version" value="4.4.0-101-generic" />
    <property name="user.home" value="/home/travis" />
    <property name="env.MIX_ARCHIVES" value="/home/travis/.kiex/mix/elixir-1.4.5" />
    <property name="java.vm.vendor" value="Oracle Corporation" />
    <property name="env.TRAVIS_TAG" value="nightly" />
    <property name="env.TRAVIS_FILTERED" value="redirect_io" />
    <property name="javadoc.excludepackagenames" value="adm.cvs2svn.*,build.*,config.*,doc.coding.templates.*,jni.test.jni.meaningOfLife.*,jni.test.jni.testDeux.*,jni.test.jni.testTrois.*,org.terraswarm.accessor.accessors.web.node_modules.*,org.terraswarm.accessor.accessors.web.hosts.cordova.demo.*,org.terraswarm.accessor.accessors.web.hosts.cordova.plugins.*,org.terraswarm.accessor.accessors-svn.*,pt-modules.*,ptolemy.apps.agilent.*,ptolemy.apps.anytimecontrol.*,ptolemy.apps.apes.*,ptolemy.apps.charon.*,ptolemy.apps.crazyboard.*,ptolemy.apps.eclipse.*,ptolemy.apps.etherealSting.*,ptolemy.apps.fullscreen.*,ptolemy.apps.giotto.*,ptolemy.apps.ia.*,ptolemy.apps.interfaces.*,ptolemy.apps.jmf.*,ptolemy.apps.kurt.*,ptolemy.apps.kvm.*,ptolemy.apps.lego.*,ptolemy.apps.lejos.*,ptolemy.apps.midp.*,ptolemy.apps.mobileCoding.*,ptolemy.apps.pendulum.*,ptolemy.apps.rijndael.*,ptolemy.apps.robot.*,ptolemy.apps.security.*,ptolemy.apps.sobel.*,ptolemy.apps.soot.*,ptolemy.apps.throttle.*,ptolemy.apps.tini.*,ptolemy.apps.transmission.*,ptolemy.apps.vergil.*,ptolemy.apps.waba.*,ptolemy.apps.websensor.*,ptolemy.apps.webstart.*,ptolemy.apps.xsl.*,ptolemy.apps.zaurus.*,ptolemy.backtrack.eclipse.plugin.*,ptolemy.backtrack.test.*,ptolemy.codegen.c.actor.lib.oldJavaFiles.*,ptolemy.codegen.dsp.lib.*,ptolemy.codegen.kernel.newInterfaces.*,ptolemy.codegen.lib.*,ptolemy.copernicus.kernel.fragment.*,ptolemy.copernicus.shallow.cg.*,ptolemy.domains.giotto.demo.Hierarchy.Hierarchy.*,ptolemy.domains.giotto.demo.Multimode.Multimode.*,ptolemy.domains.giotto.demo.Simple.Simple.*,ptolemy.domains.gr.lib.experimental.*,ptolemy.domains.gro.*,ptolemy.domains.pdf.*,ptolemy.domains.ptinyos.demo.Surge.output.*,ptolemy.moml.test.NoPackageActor.java*,ptolemy.plot.adm.*,ptolemy.plot.servlet.*,reports.*,signed.*,src.*,target.*,vendors.*,ptolemy.cg.adapter.generic.program.procedural.c.mbed*,ptolemy.actor.lib.fmi.fmus.omc*,ptolemy.domains.openmodelica*,ptdb.kernel.bl.save.test.*,ptdb.kernel.bl.load.test.*,ptdb.kernel.bl.search.test.*,ptdb.kernel.bl.migration.test.*,ptdb.kernel.database.test.*,ptdb.test.*,ptdb.gui.test.*,org.ptolemy.scala.*,diva.util.java2d.svg.*,ptolemy.domains.ptinyos.*,ptolemy.actor.lib.fmi.fmipp.*,,org.terraswarm.accessor.accessors.web.node_modules.*,org.terraswarm.accessor.accessors-svn,ptolemy.apps.*,ptolemy.actor.ptalon.demo.ptinyos.SendAndReceiveCnt.output,ptolemy.actor.ptalon.demo.ptinyos.SenseToLeds.output,ptolemy.domains.ptinyos.demo.CntToLedsAndRfm.output,ptolemy.domains.ptinyos.demo.RfmToLeds.output,ptolemy.domains.ptinyos.demo.SendAndReceiveCnt.output,ptolemy.domains.ptinyos.demo.SenseToLeds.output,ptolemy.actor.lib.jjs.modules.udpSocket.*" />
    <property name="env.JAVA_HOME" value="/usr/lib/jvm/java-8-oracle" />
    <property name="env.PTII" value="/home/travis/build/icyphy/ptII" />
    <property name="env.TRAVIS_COMMIT_MESSAGE" value="Merge branch &apos;master&apos; of https://github.com/icyphy/ptII" />
    <property name="keystore" value="ptKeystore" />
    <property name="env.XDG_SESSION_ID" value="2" />
    <property name="junit.output.dir" value="/home/travis/build/icyphy/ptII/reports/junit" />
    <property name="npm.return.code" value="0" />
    <property name="user.dir" value="/home/travis/build/icyphy/ptII/ptolemy/domains/de/test" />
    <property name="env.TRAVIS_NODE_VERSION" value="7" />
    <property name="env.XFILESEARCHPATH" value="/usr/dt/app-defaults/%L/Dt" />
    <property name="env.TRAVIS_EVENT_TYPE" value="push" />
    <property name="env.MAIL" value="/var/mail/travis" />
    <property name="env.PWD" value="/home/travis/build/icyphy/ptII" />
    <property name="env.PERLBREW_ROOT" value="/home/travis/perl5/perlbrew" />
    <property name="timeout.npm" value="45000" />
    <property name="env.PT_TRAVIS_TEST_CORE2_XML" value="true" />
    <property name="env.PAGER" value="cat" />
    <property name="sun.cpu.endian" value="little" />
    <property name="env.TRAVIS_BUILD_STAGE_NAME" value="Test" />
    <property name="env.PERLBREW_HOME" value="/home/travis/.perlbrew" />
    <property name="env.RAILS_ENV" value="test" />
    <property name="java.vm.version" value="25.151-b12" />
    <property name="java.class.path" value="/home/travis/build/icyphy/ptII:/home/travis/build/icyphy/ptII/lib/bsh-2.0b4.jar:/home/travis/build/icyphy/ptII/lib/ptCal.jar:/home/travis/build/icyphy/ptII/lib/java_cup.jar:/home/travis/build/icyphy/ptII/lib/saxon8.jar:/home/travis/build/icyphy/ptII/lib/saxon8-dom.jar:/home/travis/build/icyphy/ptII/lib/chic.jar:/home/travis/build/icyphy/ptII/lib/ptcolt.jar:/usr/lib/jvm/java-8-oracle/lib/tools.jar:/usr/lib/eclipse/plugins/org.eclipse.jdt.core_3.8.2.dist.jar:/usr/lib/eclipse/plugins/org.eclipse.core.runtime_3.8.0.dist.jar:/usr/lib/eclipse/plugins/org.eclipse.osgi_3.8.1.dist.jar:/usr/lib/eclipse/plugins/org.eclipse.core.resources_3.8.1.dist.jar:/usr/lib/eclipse/plugins/org.eclipse.equinox.common_3.6.100.dist.jar:/usr/lib/eclipse/plugins/org.eclipse.core.jobs_3.5.200.dist.jar:/usr/lib/eclipse/plugins/org.eclipse.core.contenttype_3.4.200.dist.jar:/usr/lib/eclipse/plugins/org.eclipse.equinox.preferences_3.5.0.dist.jar:/usr/lib/eclipse/plugins/org.eclipse.text_3.5.200.dist.jar:/usr/lib/eclipse/plugins/org.eclipse.ui.workbench_3.8.1.dist.jar:/usr/lib/eclipse/plugins/org.eclipse.jface_3.8.0.dist.jar:/usr/lib/eclipse/plugins/org.eclipse.swt_3.8.2.jar:/usr/lib/eclipse/plugins/org.eclipse.jface.text_3.8.1.dist.jar:/usr/lib/eclipse/plugins/org.eclipse.ui.workbench.texteditor_3.8.0.dist.jar:/usr/lib/eclipse/plugins/org.eclipse.ui.editors_3.8.0.dist.jar:/usr/lib/eclipse/plugins/org.eclipse.core.commands_3.6.1.dist.jar:/usr/lib/eclipse/plugins/org.eclipse.equinox.registry_3.5.200.dist.jar:/usr/lib/eclipse/plugins/org.eclipse.ui.console_3.5.100.dist.jar:/usr/lib/eclipse/plugins/org.eclipse.ui.forms_3.5.200.dist.jar:/usr/lib/eclipse/plugins/org.eclipse.ui.ide_3.8.1.dist.jar:/home/travis/build/icyphy/ptII/vendors/oracle/dbxml.jar:/home/travis/build/icyphy/ptII/vendors/oracle/db.jar:/home/travis/build/icyphy/ptII/vendors/misc/itext/iText.jar:/home/travis/build/icyphy/ptII/lib/g4ltl.jar:/home/travis/build/icyphy/ptII/lib/StructuralCoder.jar:/home/travis/build/icyphy/ptII/lib/org-openide-util.jar:/home/travis/build/icyphy/ptII/lib/org-openide-util-lookup.jar:/home/travis/build/icyphy/ptII/lib/org-netbeans-api-visual.jar:/home/travis/build/icyphy/ptII/vendors/jai-1_1_2_01/lib/jai_core.jar:/home/travis/build/icyphy/ptII/vendors/jai-1_1_2_01/lib/jai_codec.jar:/home/travis/build/icyphy/ptII/lib/jcerti.jar:/home/travis/build/icyphy/ptII/lib/smack.jar:/home/travis/build/icyphy/ptII/lib/smackx.jar:/home/travis/build/icyphy/ptII/lib/jetty-all-8.1.5-v20120716.jar:/home/travis/build/icyphy/ptII/lib/javax.servlet-api-3.0.1.jar:/home/travis/build/icyphy/ptII/lib/javax.mail.jar:/home/travis/build/icyphy/ptII/vendors/JMF-2.1.1e/lib/jmf.jar:/home/travis/build/icyphy/ptII/lib/jna-4.0.0-variadic.jar:/home/travis/build/icyphy/ptII/vendors/misc/joystick/Joystick.jar:/home/travis/build/icyphy/ptII/lib/ptjacl.jar:/home/travis/build/icyphy/ptII/lib/jsoup-1.8.2.jar:/home/travis/build/icyphy/ptII/lib/junit-4.8.2.jar:/home/travis/build/icyphy/ptII/lib/JUnitParams-0.4.0.jar:/home/travis/build/icyphy/ptII/ptolemy/actor/lib/excel/jxl.jar:/home/travis/build/icyphy/ptII/lib/jython.jar:/home/travis/build/icyphy/ptII/lib/kieler.jar:/home/travis/build/icyphy/ptII/vendors/opencv/share/OpenCV/java/opencv-341.jar:/home/travis/build/icyphy/ptII/lib/oscP5.jar:/home/travis/build/icyphy/ptII/lib/nrjavaserial-3.11.0.devel.jar:/usr/share/java/j3dcore.jar:/usr/share/java/j3dutils.jar:/usr/share/java/vecmath.jar:/home/travis/build/icyphy/ptII/ptolemy/distributed/jini/jar/jini-core.jar:/home/travis/build/icyphy/ptII/ptolemy/distributed/jini/jar/jini-ext.jar:/home/travis/build/icyphy/ptII/ptolemy/distributed/jini/jar/sun-util.jar:/home/travis/build/icyphy/ptII/lib/protobuf-java-2.4.1.jar:/home/travis/build/icyphy/ptII/lib/org.eclipse.paho.client.mqttv3.jar:/home/travis/build/icyphy/ptII/ptserver/lib/hessian-4.0.7.jar:/home/travis/build/icyphy/ptII/ptserver/lib/wmqtt.jar:/home/travis/build/icyphy/ptII/lib/mapss.jar:/home/travis/build/icyphy/ptII/ptolemy/actor/ptalon/antlr/antlr.jar:/home/travis/build/icyphy/ptII/lib/JRI.jar:/home/travis/build/icyphy/ptII/lib/commons-lang-2.6.jar:/home/travis/build/icyphy/ptII/lib/commons-logging-1.1.1.jar:/home/travis/build/icyphy/ptII/lib/sootclasses.jar:/home/travis/build/icyphy/ptII/ptolemy/actor/lib/database/mysql-connector-java-5.1.6-bin.jar:/home/travis/build/icyphy/ptII/vendors/misc/sphinx4/sphinx4-data-5prealpha.jar:/home/travis/build/icyphy/ptII/vendors/misc/sphinx4/sphinx4-core-5prealpha.jar:/home/travis/build/icyphy/ptII/lib/PDFRenderer.jar:/home/travis/build/icyphy/ptII/lib/svgSalamander.jar:/home/travis/build/icyphy/ptII/lib/rsyntaxtextarea-2.6.0-SNAPSHOT.jar:/home/travis/build/icyphy/ptII/lib/hazelcast-3.8.2.jar:/home/travis/build/icyphy/ptII/lib/jackson-annotations-2.9.0.jar:/home/travis/build/icyphy/ptII/lib/jackson-core-2.9.3.jar:/home/travis/build/icyphy/ptII/lib/jackson-databind-2.9.3.jar:/home/travis/build/icyphy/ptII/lib/netty-buffer-4.1.19.Final.jar:/home/travis/build/icyphy/ptII/lib/netty-codec-4.1.19.Final.jar:/home/travis/build/icyphy/ptII/lib/netty-codec-dns-4.1.19.Final.jar:/home/travis/build/icyphy/ptII/lib/netty-codec-http-4.1.19.Final.jar:/home/travis/build/icyphy/ptII/lib/netty-codec-http2-4.1.19.Final.jar:/home/travis/build/icyphy/ptII/lib/netty-common-4.1.19.Final.jar:/home/travis/build/icyphy/ptII/lib/netty-handler-4.1.19.Final.jar:/home/travis/build/icyphy/ptII/lib/netty-resolver-4.1.19.Final.jar:/home/travis/build/icyphy/ptII/lib/netty-resolver-dns-4.1.19.Final.jar:/home/travis/build/icyphy/ptII/lib/netty-transport-4.1.19.Final.jar:/home/travis/build/icyphy/ptII/lib/vertx-codegen-3.5.1.jar:/home/travis/build/icyphy/ptII/lib/vertx-core-3.5.2-SNAPSHOT.jar:/home/travis/build/icyphy/ptII/lib/vertx-hazelcast-3.5.1.jar:/home/travis/build/icyphy/ptII/lib/vertx-lang-js-3.5.1.jar:/home/travis/build/icyphy/ptII/lib/vertx-service-proxy-3.5.1.jar:/home/travis/build/icyphy/ptII/lib/vertx-web-3.5.1.jar:/home/travis/build/icyphy/ptII/lib/slf4j-api-1.7.13.jar:/home/travis/build/icyphy/ptII/lib/slf4j-simple-1.7.13.jar:/home/travis/build/icyphy/ptII/lib/webcam-capture-0.3.12.jar:/home/travis/build/icyphy/ptII/lib/bridj-0.7.0.jar:/home/travis/build/icyphy/ptII/lib/xbjlib-1.1.0.nrjavaserial.jar:/home/travis/build/icyphy/ptII/ptolemy/moml/test:/home/travis/build/icyphy/ptII/ant/lib/ant-launcher.jar:/home/travis/build/icyphy/ptII/ant/lib/ant.jar:/home/travis/build/icyphy/ptII/ant/lib/ant-junit.jar:/home/travis/build/icyphy/ptII/ant/lib/ant-junit4.jar" />
    <property name="ant.library.dir" value="/home/travis/build/icyphy/ptII/ant/lib" />
    <property name="os.arch" value="amd64" />
    <property name="env.TRAVIS_LANGUAGE" value="node_js" />
    <property name="env.CONTINUOUS_INTEGRATION" value="true" />
    <property name="env.TRAVIS_STACK_LANGUAGES" value="__garnet__ c c++ clojure cplusplus cpp default go groovy java node_js php pure_java python ruby scala" />
    <property name="test.name" value="ptolemy.actor.lib.test.junit.JUnitTclTest" />
    <property name="sun.java.launcher" value="SUN_STANDARD" />
    <property name="env.PYTHON_CONFIGURE_OPTS" value="--enable-unicode=ucs4 --with-wide-unicode --enable-shared --enable-ipv6 --enable-loadable-sqlite-extensions --with-computed-gotos" />
    <property name="ant.core.lib" value="/home/travis/build/icyphy/ptII/ant/lib/ant.jar" />
    <property name="java.vm.specification.vendor" value="Oracle Corporation" />
    <property name="env.BCVTB_HOME" value="/home/travis/build/icyphy/ptII/lbnl" />
    <property name="file.separator" value="/" />
    <property name="java.runtime.version" value="1.8.0_151-b12" />
    <property name="spotbugs.home" value="/home/travis/build/icyphy/ptII/vendors/spotbugs-3.1.1" />
    <property name="sun.boot.class.path" value="/usr/lib/jvm/java-8-oracle/jre/lib/resources.jar:/usr/lib/jvm/java-8-oracle/jre/lib/rt.jar:/usr/lib/jvm/java-8-oracle/jre/lib/sunrsasign.jar:/usr/lib/jvm/java-8-oracle/jre/lib/jsse.jar:/usr/lib/jvm/java-8-oracle/jre/lib/jce.jar:/usr/lib/jvm/java-8-oracle/jre/lib/charsets.jar:/usr/lib/jvm/java-8-oracle/jre/lib/jfr.jar:/usr/lib/jvm/java-8-oracle/jre/classes" />
    <property name="env.HAS_JOSH_K_SEAL_OF_APPROVAL" value="true" />
    <property name="env.TRAVIS_OSX_IMAGE" value="" />
    <property name="env.XDG_RUNTIME_DIR" value="/run/user/2000" />
    <property name="env.TRAVIS_BRANCH" value="master" />
    <property name="env.TRAVIS_JOB_ID" value="390501326" />
    <property name="env.CERTI_HOME_TRAVIS" value="/home/travis/pthla/certi-tools" />
    <property name="user.country" value="US" />
    <property name="env.SHELL" value="/bin/bash" />
    <property name="java.maxmemory.large" value="5000m" />
    <property name="model" value="" />
    <property name="env.CASHER_DIR" value="/home/travis/.casher" />
    <property name="env.NVM_CD_FLAGS" value="" />
    <property name="jshint.executable" value="/home/travis/node_modules/jshint/bin/jshint" />
    <property name="java.vendor" value="Oracle Corporation" />
    <property name="env.JRUBY_OPTS" value=" --client -J-XX:+TieredCompilation -J-XX:TieredStopAtLevel=1 -J-Xss2m -Xcompile.invokedynamic=false" />
    <property name="env.TRAVIS_PRE_CHEF_BOOTSTRAP_TIME" value="2017-12-05T19:32:55" />
    <property name="env.TRAVIS_STACK_JOB_BOARD_REGISTER" value="/.job-board-register.yml" />
    <property name="env.ELIXIR_VERSION" value="1.4.5" />
    <property name="java.specification.version" value="1.8" />
    <property name="env.IRBRC" value="/home/travis/.rvm/rubies/ruby-2.4.1/.irbrc" />
    <property name="env.TRAVIS" value="true" />
    <property name="sun.arch.data.model" value="64" />
  </properties>
  <testcase classname="ptolemy.util.test.junit.TclTests" name="[0] /home/travis/build/icyphy/ptII/ptolemy/domains/de/test/DependencyLoop.tcl (RunTclFile)" time="0.727" />
  <testcase classname="ptolemy.util.test.junit.TclTests" name="[1] /home/travis/build/icyphy/ptII/ptolemy/domains/de/test/RunDETestsAsQSS.tcl (RunTclFile)" time="87.272" />
  <testcase classname="ptolemy.util.test.junit.AutoKnownFailedTests" name="[0] /home/travis/build/icyphy/ptII/ptolemy/domains/de/test/auto/knownFailedTests/DESDFClockTest.xml (RunModel)" time="2.03" />
  <testcase classname="ptolemy.util.test.junit.AutoKnownFailedTests" name="[1] /home/travis/build/icyphy/ptII/ptolemy/domains/de/test/auto/knownFailedTests/DirectFeedback.xml (RunModel)" time="0.008" />
  <testcase classname="ptolemy.util.test.junit.AutoKnownFailedTests" name="[2] /home/travis/build/icyphy/ptII/ptolemy/domains/de/test/auto/knownFailedTests/FSMSource.xml (RunModel)" time="0.011" />
  <testcase classname="ptolemy.util.test.junit.AutoKnownFailedTests" name="[3] /home/travis/build/icyphy/ptII/ptolemy/domains/de/test/auto/knownFailedTests/HierarchicalModel.xml (RunModel)" time="0.025" />
  <testcase classname="ptolemy.util.test.junit.AutoKnownFailedTests" name="[4] /home/travis/build/icyphy/ptII/ptolemy/domains/de/test/auto/knownFailedTests/dependencyLoop.xml (RunModel)" time="0.028" />
  <testcase classname="ptolemy.util.test.junit.AutoKnownFailedTests" name="[5] /home/travis/build/icyphy/ptII/ptolemy/domains/de/test/auto/knownFailedTests/dependencyLoop2.xml (RunModel)" time="0.025" />
  <testcase classname="ptolemy.util.test.junit.AutoNameArchTests" name="[0] ThereAreNoAutoArchTests (RunModel)" time="0.001" />
  <testcase classname="ptolemy.util.test.junit.AutoTests" name="[0] /home/travis/build/icyphy/ptII/ptolemy/domains/de/test/auto/ActorDepthCalculation_actorWithoutPorts.xml (RunModel)" time="0.014" />
  <testcase classname="ptolemy.util.test.junit.AutoTests" name="[1] /home/travis/build/icyphy/ptII/ptolemy/domains/de/test/auto/AssemblyLine.xml (RunModel)" time="0.011" />
  <testcase classname="ptolemy.util.test.junit.AutoTests" name="[2] /home/travis/build/icyphy/ptII/ptolemy/domains/de/test/auto/CQBug1.xml (RunModel)" time="0.005" />
  <testcase classname="ptolemy.util.test.junit.AutoTests" name="[3] /home/travis/build/icyphy/ptII/ptolemy/domains/de/test/auto/CancelFireAt.xml (RunModel)" time="0.004" />
  <testcase classname="ptolemy.util.test.junit.AutoTests" name="[4] /home/travis/build/icyphy/ptII/ptolemy/domains/de/test/auto/CausalityAndComposabilityAnalysis.xml (RunModel)" time="0.009" />
  <testcase classname="ptolemy.util.test.junit.AutoTests" name="[5] /home/travis/build/icyphy/ptII/ptolemy/domains/de/test/auto/CausalityInterface1.xml (RunModel)" time="0.009" />
  <testcase classname="ptolemy.util.test.junit.AutoTests" name="[6] /home/travis/build/icyphy/ptII/ptolemy/domains/de/test/auto/CausalityInterface15.xml (RunModel)" time="0.009" />
  <testcase classname="ptolemy.util.test.junit.AutoTests" name="[7] /home/travis/build/icyphy/ptII/ptolemy/domains/de/test/auto/CausalityInterface2.xml (RunModel)" time="0.008" />
  <testcase classname="ptolemy.util.test.junit.AutoTests" name="[8] /home/travis/build/icyphy/ptII/ptolemy/domains/de/test/auto/CausalityInterface3.xml (RunModel)" time="0.008" />
  <testcase classname="ptolemy.util.test.junit.AutoTests" name="[9] /home/travis/build/icyphy/ptII/ptolemy/domains/de/test/auto/ClockDrift.xml (RunModel)" time="0.026" />
  <testcase classname="ptolemy.util.test.junit.AutoTests" name="[10] /home/travis/build/icyphy/ptII/ptolemy/domains/de/test/auto/ClockDriftAndValueChange.xml (RunModel)" time="0.023" />
  <testcase classname="ptolemy.util.test.junit.AutoTests" name="[11] /home/travis/build/icyphy/ptII/ptolemy/domains/de/test/auto/ClockDriftChange.xml (RunModel)" time="0.019" />
  <testcase classname="ptolemy.util.test.junit.AutoTests" name="[12] /home/travis/build/icyphy/ptII/ptolemy/domains/de/test/auto/ComposableCausalityAnalysis.xml (RunModel)" time="0.014" />
  <testcase classname="ptolemy.util.test.junit.AutoTests" name="[13] /home/travis/build/icyphy/ptII/ptolemy/domains/de/test/auto/DEFixedPointLimitation.xml (RunModel)" time="0.007" />
  <testcase classname="ptolemy.util.test.junit.AutoTests" name="[14] /home/travis/build/icyphy/ptII/ptolemy/domains/de/test/auto/DEScheduleTest.xml (RunModel)" time="0.008" />
  <testcase classname="ptolemy.util.test.junit.AutoTests" name="[15] /home/travis/build/icyphy/ptII/ptolemy/domains/de/test/auto/DEinDEwithStartTimes.xml (RunModel)" time="0.009" />
  <testcase classname="ptolemy.util.test.junit.AutoTests" name="[16] /home/travis/build/icyphy/ptII/ptolemy/domains/de/test/auto/DEinDEwithStartTimes2.xml (RunModel)" time="0.01" />
  <testcase classname="ptolemy.util.test.junit.AutoTests" name="[17] /home/travis/build/icyphy/ptII/ptolemy/domains/de/test/auto/DateDemo.xml (RunModel)" time="0.02" />
  <testcase classname="ptolemy.util.test.junit.AutoTests" name="[18] /home/travis/build/icyphy/ptII/ptolemy/domains/de/test/auto/DateToEvent.xml (RunModel)" time="2.039" />
  <testcase classname="ptolemy.util.test.junit.AutoTests" name="[19] /home/travis/build/icyphy/ptII/ptolemy/domains/de/test/auto/DepthTest1.xml (RunModel)" time="0.01" />
  <testcase classname="ptolemy.util.test.junit.AutoTests" name="[20] /home/travis/build/icyphy/ptII/ptolemy/domains/de/test/auto/DepthTest2.xml (RunModel)" time="0.01" />
  <testcase classname="ptolemy.util.test.junit.AutoTests" name="[21] /home/travis/build/icyphy/ptII/ptolemy/domains/de/test/auto/DepthTest3.xml (RunModel)" time="0.005" />
  <testcase classname="ptolemy.util.test.junit.AutoTests" name="[22] /home/travis/build/icyphy/ptII/ptolemy/domains/de/test/auto/DepthTest4.xml (RunModel)" time="0.008" />
  <testcase classname="ptolemy.util.test.junit.AutoTests" name="[23] /home/travis/build/icyphy/ptII/ptolemy/domains/de/test/auto/DepthTest5.xml (RunModel)" time="0.009" />
  <testcase classname="ptolemy.util.test.junit.AutoTests" name="[24] /home/travis/build/icyphy/ptII/ptolemy/domains/de/test/auto/DepthTest6.xml (RunModel)" time="0.01" />
  <testcase classname="ptolemy.util.test.junit.AutoTests" name="[25] /home/travis/build/icyphy/ptII/ptolemy/domains/de/test/auto/DepthTest7.xml (RunModel)" time="0.008" />
  <testcase classname="ptolemy.util.test.junit.AutoTests" name="[26] /home/travis/build/icyphy/ptII/ptolemy/domains/de/test/auto/EventToDate.xml (RunModel)" time="3.024" />
  <testcase classname="ptolemy.util.test.junit.AutoTests" name="[27] /home/travis/build/icyphy/ptII/ptolemy/domains/de/test/auto/FSM1.xml (RunModel)" time="0.033" />
  <testcase classname="ptolemy.util.test.junit.AutoTests" name="[28] /home/travis/build/icyphy/ptII/ptolemy/domains/de/test/auto/FSM7.xml (RunModel)" time="0.033" />
  <testcase classname="ptolemy.util.test.junit.AutoTests" name="[29] /home/travis/build/icyphy/ptII/ptolemy/domains/de/test/auto/Inspection.xml (RunModel)" time="0.027" />
  <testcase classname="ptolemy.util.test.junit.AutoTests" name="[30] /home/travis/build/icyphy/ptII/ptolemy/domains/de/test/auto/Iteration.xml (RunModel)" time="0.013" />
  <testcase classname="ptolemy.util.test.junit.AutoTests" name="[31] /home/travis/build/icyphy/ptII/ptolemy/domains/de/test/auto/LineFault.xml (RunModel)" time="0.393" />
  <testcase classname="ptolemy.util.test.junit.AutoTests" name="[32] /home/travis/build/icyphy/ptII/ptolemy/domains/de/test/auto/MergeModel1Add.xml (RunModel)" time="0.033" />
  <testcase classname="ptolemy.util.test.junit.AutoTests" name="[33] /home/travis/build/icyphy/ptII/ptolemy/domains/de/test/auto/MergeModel2Add.xml (RunModel)" time="0.027" />
  <testcase classname="ptolemy.util.test.junit.AutoTests" name="[34] /home/travis/build/icyphy/ptII/ptolemy/domains/de/test/auto/MergeModel3Add.xml (RunModel)" time="0.032" />
  <testcase classname="ptolemy.util.test.junit.AutoTests" name="[35] /home/travis/build/icyphy/ptII/ptolemy/domains/de/test/auto/MergeWithoutDiscard.xml (RunModel)" time="0.008" />
  <testcase classname="ptolemy.util.test.junit.AutoTests" name="[36] /home/travis/build/icyphy/ptII/ptolemy/domains/de/test/auto/Modal1.xml (RunModel)" time="0.026" />
  <testcase classname="ptolemy.util.test.junit.AutoTests" name="[37] /home/travis/build/icyphy/ptII/ptolemy/domains/de/test/auto/Modal2.xml (RunModel)" time="0.023" />
  <testcase classname="ptolemy.util.test.junit.AutoTests" name="[38] /home/travis/build/icyphy/ptII/ptolemy/domains/de/test/auto/Modal3.xml (RunModel)" time="0.024" />
  <testcase classname="ptolemy.util.test.junit.AutoTests" name="[39] /home/travis/build/icyphy/ptII/ptolemy/domains/de/test/auto/Modal4.xml (RunModel)" time="0.024" />
  <testcase classname="ptolemy.util.test.junit.AutoTests" name="[40] /home/travis/build/icyphy/ptII/ptolemy/domains/de/test/auto/Modal5.xml (RunModel)" time="0.021" />
  <testcase classname="ptolemy.util.test.junit.AutoTests" name="[41] /home/travis/build/icyphy/ptII/ptolemy/domains/de/test/auto/Modal6.xml (RunModel)" time="0.019" />
  <testcase classname="ptolemy.util.test.junit.AutoTests" name="[42] /home/travis/build/icyphy/ptII/ptolemy/domains/de/test/auto/Modal7.xml (RunModel)" time="0.021" />
  <testcase classname="ptolemy.util.test.junit.AutoTests" name="[43] /home/travis/build/icyphy/ptII/ptolemy/domains/de/test/auto/ModalModel.xml (RunModel)" time="0.118" />
  <testcase classname="ptolemy.util.test.junit.AutoTests" name="[44] /home/travis/build/icyphy/ptII/ptolemy/domains/de/test/auto/ModalSource.xml (RunModel)" time="0.015" />
  <testcase classname="ptolemy.util.test.junit.AutoTests" name="[45] /home/travis/build/icyphy/ptII/ptolemy/domains/de/test/auto/NonInterruptibleTimerZeroDelay.xml (RunModel)" time="0.009" />
  <testcase classname="ptolemy.util.test.junit.AutoTests" name="[46] /home/travis/build/icyphy/ptII/ptolemy/domains/de/test/auto/OpenQueueingNetwork.xml (RunModel)" time="1.85" />
  <testcase classname="ptolemy.util.test.junit.AutoTests" name="[47] /home/travis/build/icyphy/ptII/ptolemy/domains/de/test/auto/OpenQueuingNetwork.xml (RunModel)" time="0.259" />
  <testcase classname="ptolemy.util.test.junit.AutoTests" name="[48] /home/travis/build/icyphy/ptII/ptolemy/domains/de/test/auto/PeriodicSampler.xml (RunModel)" time="0.008" />
  <testcase classname="ptolemy.util.test.junit.AutoTests" name="[49] /home/travis/build/icyphy/ptII/ptolemy/domains/de/test/auto/PersistentIO.xml (RunModel)" time="0.018" />
  <testcase classname="ptolemy.util.test.junit.AutoTests" name="[50] /home/travis/build/icyphy/ptII/ptolemy/domains/de/test/auto/PortParameterResetOnInitialize.xml (RunModel)" time="0.009" />
  <testcase classname="ptolemy.util.test.junit.AutoTests" name="[51] /home/travis/build/icyphy/ptII/ptolemy/domains/de/test/auto/PortParameterUpdates.xml (RunModel)" time="0.017" />
  <testcase classname="ptolemy.util.test.junit.AutoTests" name="[52] /home/travis/build/icyphy/ptII/ptolemy/domains/de/test/auto/QueueAndServer.xml (RunModel)" time="0.023" />
  <testcase classname="ptolemy.util.test.junit.AutoTests" name="[53] /home/travis/build/icyphy/ptII/ptolemy/domains/de/test/auto/Records.xml (RunModel)" time="0.016" />
  <testcase classname="ptolemy.util.test.junit.AutoTests" name="[54] /home/travis/build/icyphy/ptII/ptolemy/domains/de/test/auto/ResetTransitionWithStartTime1.xml (RunModel)" time="0.017" />
  <testcase classname="ptolemy.util.test.junit.AutoTests" name="[55] /home/travis/build/icyphy/ptII/ptolemy/domains/de/test/auto/ResetTransitionWithStartTime2.xml (RunModel)" time="0.019" />
  <testcase classname="ptolemy.util.test.junit.AutoTests" name="[56] /home/travis/build/icyphy/ptII/ptolemy/domains/de/test/auto/ResetTransitionWithStartTime3.xml (RunModel)" time="0.017" />
  <testcase classname="ptolemy.util.test.junit.AutoTests" name="[57] /home/travis/build/icyphy/ptII/ptolemy/domains/de/test/auto/ResetTransitionWithStartTime4.xml (RunModel)" time="0.021" />
  <testcase classname="ptolemy.util.test.junit.AutoTests" name="[58] /home/travis/build/icyphy/ptII/ptolemy/domains/de/test/auto/ResettableTimer1.xml (RunModel)" time="0.01" />
  <testcase classname="ptolemy.util.test.junit.AutoTests" name="[59] /home/travis/build/icyphy/ptII/ptolemy/domains/de/test/auto/ResettableTimer2.xml (RunModel)" time="0.011" />
  <testcase classname="ptolemy.util.test.junit.AutoTests" name="[60] /home/travis/build/icyphy/ptII/ptolemy/domains/de/test/auto/ResettableTimer3.xml (RunModel)" time="0.009" />
  <testcase classname="ptolemy.util.test.junit.AutoTests" name="[61] /home/travis/build/icyphy/ptII/ptolemy/domains/de/test/auto/ResettableTimer4.xml (RunModel)" time="0.011" />
  <testcase classname="ptolemy.util.test.junit.AutoTests" name="[62] /home/travis/build/icyphy/ptII/ptolemy/domains/de/test/auto/ResettableTimer5.xml (RunModel)" time="0.01" />
  <testcase classname="ptolemy.util.test.junit.AutoTests" name="[63] /home/travis/build/icyphy/ptII/ptolemy/domains/de/test/auto/ResettableTimer6.xml (RunModel)" time="0.019" />
  <testcase classname="ptolemy.util.test.junit.AutoTests" name="[64] /home/travis/build/icyphy/ptII/ptolemy/domains/de/test/auto/ServerZeroDelay.xml (RunModel)" time="0.012" />
  <testcase classname="ptolemy.util.test.junit.AutoTests" name="[65] /home/travis/build/icyphy/ptII/ptolemy/domains/de/test/auto/SmartSender.xml (RunModel)" time="3.011" />
  <testcase classname="ptolemy.util.test.junit.AutoTests" name="[66] /home/travis/build/icyphy/ptII/ptolemy/domains/de/test/auto/ThreadedComposite.xml (RunModel)" time="0.124" />
  <testcase classname="ptolemy.util.test.junit.AutoTests" name="[67] /home/travis/build/icyphy/ptII/ptolemy/domains/de/test/auto/Time.xml (RunModel)" time="0.418" />
  <testcase classname="ptolemy.util.test.junit.AutoTests" name="[68] /home/travis/build/icyphy/ptII/ptolemy/domains/de/test/auto/TimeDelayZeroDelay.xml (RunModel)" time="0.014" />
  <testcase classname="ptolemy.util.test.junit.AutoTests" name="[69] /home/travis/build/icyphy/ptII/ptolemy/domains/de/test/auto/TimerZeroDelay.xml (RunModel)" time="0.009" />
  <testcase classname="ptolemy.util.test.junit.AutoTests" name="[70] /home/travis/build/icyphy/ptII/ptolemy/domains/de/test/auto/TimingParadox.xml (RunModel)" time="0.33" />
  <testcase classname="ptolemy.util.test.junit.AutoTests" name="[71] /home/travis/build/icyphy/ptII/ptolemy/domains/de/test/auto/TransferInputs.xml (RunModel)" time="0.012" />
  <testcase classname="ptolemy.util.test.junit.AutoTests" name="[72] /home/travis/build/icyphy/ptII/ptolemy/domains/de/test/auto/TransferOutputs2.xml (RunModel)" time="0.015" />
  <testcase classname="ptolemy.util.test.junit.AutoTests" name="[73] /home/travis/build/icyphy/ptII/ptolemy/domains/de/test/auto/Trilateration.xml (RunModel)" time="12.127" />
  <testcase classname="ptolemy.util.test.junit.AutoTests" name="[74] /home/travis/build/icyphy/ptII/ptolemy/domains/de/test/auto/TwoSigmaDelta.xml (RunModel)" time="2.141" />
  <testcase classname="ptolemy.util.test.junit.AutoTests" name="[75] /home/travis/build/icyphy/ptII/ptolemy/domains/de/test/auto/VariableDelay.xml (RunModel)" time="0.01" />
  <testcase classname="ptolemy.util.test.junit.AutoTests" name="[76] /home/travis/build/icyphy/ptII/ptolemy/domains/de/test/auto/VariableDelay2.xml (RunModel)" time="0.009" />
  <testcase classname="ptolemy.util.test.junit.AutoTests" name="[77] /home/travis/build/icyphy/ptII/ptolemy/domains/de/test/auto/VariableDelayZeroDelay.xml (RunModel)" time="0.009" />
  <testcase classname="ptolemy.util.test.junit.AutoTests" name="[78] /home/travis/build/icyphy/ptII/ptolemy/domains/de/test/auto/VariableDelayZeroDelay2.xml (RunModel)" time="0.009" />
  <testcase classname="ptolemy.util.test.junit.AutoTests" name="[79] /home/travis/build/icyphy/ptII/ptolemy/domains/de/test/auto/deInCt.xml (RunModel)" time="0.013" />
  <testcase classname="ptolemy.util.test.junit.AutoTests" name="[80] /home/travis/build/icyphy/ptII/ptolemy/domains/de/test/auto/deInCt2.xml (RunModel)" time="0.013" />
  <testcase classname="ptolemy.util.test.junit.AutoTests" name="[81] /home/travis/build/icyphy/ptII/ptolemy/domains/de/test/auto/dynamicCausalityInterface1.xml (RunModel)" time="0.02" />
  <testcase classname="ptolemy.util.test.junit.AutoTests" name="[82] /home/travis/build/icyphy/ptII/ptolemy/domains/de/test/auto/fsm_de_test.xml (RunModel)" time="0.022" />
  <testcase classname="ptolemy.util.test.junit.AutoTests" name="[83] /home/travis/build/icyphy/ptII/ptolemy/domains/de/test/auto/functionDependencyReconstruction.xml (RunModel)" time="0.03" />
  <testcase classname="ptolemy.util.test.junit.AutoTests" name="[84] /home/travis/build/icyphy/ptII/ptolemy/domains/de/test/auto/multirate.xml (RunModel)" time="0.015" />
  <testcase classname="ptolemy.util.test.junit.AutoTests" name="[85] /home/travis/build/icyphy/ptII/ptolemy/domains/de/test/auto/multirate2.xml (RunModel)" time="0.014" />
  <testcase classname="ptolemy.util.test.junit.AutoTests" name="[86] /home/travis/build/icyphy/ptII/ptolemy/domains/de/test/auto/realtime.xml (RunModel)" time="10.011" />
  <testcase classname="ptolemy.util.test.junit.AutoTests" name="[87] /home/travis/build/icyphy/ptII/ptolemy/domains/de/test/auto/relationGroup.xml (RunModel)" time="0.013" />
  <testcase classname="ptolemy.util.test.junit.AutoTests" name="[88] /home/travis/build/icyphy/ptII/ptolemy/domains/de/test/auto/relationGroup2.xml (RunModel)" time="0.006" />
  <testcase classname="ptolemy.util.test.junit.AutoTests" name="[89] /home/travis/build/icyphy/ptII/ptolemy/domains/de/test/auto/sortWithOpaquePorts.xml (RunModel)" time="0.008" />
  <testcase classname="ptolemy.util.test.junit.AutoTests" name="[90] /home/travis/build/icyphy/ptII/ptolemy/domains/de/test/auto/transferInputsandOutputs.xml (RunModel)" time="0.015" />
  <testcase classname="ptolemy.util.test.junit.AutoTests" name="[91] /home/travis/build/icyphy/ptII/ptolemy/domains/de/test/auto/triggerType.xml (RunModel)" time="0.008" />
  <system-out><![CDATA[/home/travis/build/icyphy/ptII/ptolemy/domains/de/test/DependencyLoop.tcl
testDefs.tcl: setting time out to 9000 seconds at Sun Jun 10 21:12:27 UTC 2018
19 ms. Memory: 116224K Free: 95072K (82%)
6 ms. Memory: 146944K Free: 137776K (94%)
/home/travis/build/icyphy/ptII/ptolemy/domains/de/test/RunDETestsAsQSS.tcl
Run the DE tests using ptolemy.domains.qss.test.QSSDirectorTest, which extends QSSDirector and prints a message in the constructors.
------------------ testing $PTII/ptolemy/domains/de/test/auto/knownFailedTests/dependencyLoop.xml (Known Failure) 
5 ms. Memory: 146944K Free: 133501K (91%)


==== $PTIIhome/travis/build/icyphy/ptII/ptolemy/domains/de/test/../../../../: Auto Automatic test in file $PTII/ptolemy/domains/de/test/auto/knownFailedTests/dependencyLoop.xml
==== Contents of test case:

	    # FIXME: we should use $relativeFilename here, but it
	    # might have backslashes under Windows, which causes no end
	    # of trouble.
	    createAndExecute $file
	    list {}
	
.... Test generated KNOWN error:
    while executing
ptolemy.kernel.util.IllegalActionException: Found a zero delay loop containing .dependencyLoop.original
  in .dependencyLoop and .dependencyLoop.original
	at ptolemy.actor.util.CausalityInterfaceForComposites._computeOutputPortDepth(CausalityInterfaceForComposites.java:759)
	at ptolemy.actor.util.CausalityInterfaceForComposites._computeInputDepth(CausalityInterfaceForComposites.java:696)
	at ptolemy.actor.util.CausalityInterfaceForComposites._computeOutputPortDepth(CausalityInterfaceForComposites.java:765)
	at ptolemy.actor.util.CausalityInterfaceForComposites._computeInputDepth(CausalityInterfaceForComposites.java:696)
	at ptolemy.actor.util.CausalityInterfaceForComposites._computeOutputPortDepth(CausalityInterfaceForComposites.java:765)
	at ptolemy.actor.util.CausalityInterfaceForComposites._computeInputDepth(CausalityInterfaceForComposites.java:696)
	at ptolemy.actor.util.CausalityInterfaceForComposites._computeActorDepth(CausalityInterfaceForComposites.java:532)
	at ptolemy.actor.util.CausalityInterfaceForComposites.checkForCycles(CausalityInterfaceForComposites.java:96)
	at ptolemy.domains.de.kernel.DEDirector.preinitialize(DEDirector.java:1338)
	at ptolemy.actor.CompositeActor.preinitialize(CompositeActor.java:1828)
	at ptolemy.actor.Manager.preinitializeAndResolveTypes(Manager.java:1040)
	at ptolemy.actor.Manager.initialize(Manager.java:710)
	at ptolemy.actor.Manager.execute(Manager.java:356)
	at ptolemy.actor.Manager.run(Manager.java:1263)
	at ptolemy.actor.Manager$PtolemyRunThread.run(Manager.java:1915)

    while executing
ptolemy.kernel.util.IllegalActionException: Found a zero delay loop containing .dependencyLoop.original
  in .dependencyLoop and .dependencyLoop.original
    while executing
"java::new ptolemy.moml.MoMLSimpleApplication $file
"
    (procedure "createAndExecute" line 2)
    invoked from within
"createAndExecute $file"
    ("uplevel" body line 5)
    invoked from within
"uplevel $contents_of_test"
------------------ testing $PTII/ptolemy/domains/de/test/auto/knownFailedTests/DESDFClockTest.xml (Known Failure) 
2091 ms. Memory: 146944K Free: 117682K (80%)


==== $PTIIhome/travis/build/icyphy/ptII/ptolemy/domains/de/test/../../../../: Auto Automatic test in file $PTII/ptolemy/domains/de/test/auto/knownFailedTests/DESDFClockTest.xml
==== Contents of test case:

	    # FIXME: we should use $relativeFilename here, but it
	    # might have backslashes under Windows, which causes no end
	    # of trouble.
	    createAndExecute $file
	    list {}
	
.... Test generated KNOWN error:
    while executing
ptolemy.kernel.util.IllegalActionException: Actor is not ready to fire.  Perhaps UpSample.prefire() returned false? Try debugging the actor by selecting "Listen to Actor".  Also, for SDF check moml for tokenConsumptionRate on input.
  in .DESDFClockTest.Play Bell.Copy1:SDF Director and .DESDFClockTest.Play Bell.UpSample
	at ptolemy.actor.sched.StaticSchedulingDirector.fire(StaticSchedulingDirector.java:227)
	at ptolemy.domains.sdf.kernel.SDFDirector.fire(SDFDirector.java:500)
	at ptolemy.actor.CompositeActor.fire(CompositeActor.java:455)
	at ptolemy.domains.de.kernel.DEDirector._fire(DEDirector.java:1949)
	at ptolemy.domains.de.kernel.DEDirector.fire(DEDirector.java:502)
	at ptolemy.actor.CompositeActor.fire(CompositeActor.java:455)
	at ptolemy.actor.Manager.iterate(Manager.java:851)
	at ptolemy.actor.Manager.execute(Manager.java:369)
	at ptolemy.actor.Manager.run(Manager.java:1263)
	at ptolemy.actor.Manager$PtolemyRunThread.run(Manager.java:1915)

    while executing
ptolemy.kernel.util.IllegalActionException: Actor is not ready to fire.  Perhaps UpSample.prefire() returned false? Try debugging the actor by selecting "Listen to Actor".  Also, for SDF check moml for tokenConsumptionRate on input.
  in .DESDFClockTest.Play Bell.Copy1:SDF Director and .DESDFClockTest.Play Bell.UpSample
    while executing
"java::new ptolemy.moml.MoMLSimpleApplication $file
"
    (procedure "createAndExecute" line 2)
    invoked from within
"createAndExecute $file"
    ("uplevel" body line 5)
    invoked from within
"uplevel $contents_of_test"
------------------ testing $PTII/ptolemy/domains/de/test/auto/knownFailedTests/FSMSource.xml (Known Failure) 
36 ms. Memory: 146944K Free: 108696K (74%)
!!!! Auto was marked as failing, but now passes
------------------ testing $PTII/ptolemy/domains/de/test/auto/knownFailedTests/dependencyLoop2.xml (Known Failure) 
7 ms. Memory: 146944K Free: 106813K (73%)


==== $PTIIhome/travis/build/icyphy/ptII/ptolemy/domains/de/test/../../../../: Auto Automatic test in file $PTII/ptolemy/domains/de/test/auto/knownFailedTests/dependencyLoop2.xml
==== Contents of test case:

	    # FIXME: we should use $relativeFilename here, but it
	    # might have backslashes under Windows, which causes no end
	    # of trouble.
	    createAndExecute $file
	    list {}
	
.... Test generated KNOWN error:
    while executing
ptolemy.kernel.util.IllegalActionException: Found a zero delay loop containing .dependencyLoop2.original
  in .dependencyLoop2 and .dependencyLoop2.original
	at ptolemy.actor.util.CausalityInterfaceForComposites._computeOutputPortDepth(CausalityInterfaceForComposites.java:759)
	at ptolemy.actor.util.CausalityInterfaceForComposites._computeInputDepth(CausalityInterfaceForComposites.java:696)
	at ptolemy.actor.util.CausalityInterfaceForComposites._computeOutputPortDepth(CausalityInterfaceForComposites.java:765)
	at ptolemy.actor.util.CausalityInterfaceForComposites._computeInputDepth(CausalityInterfaceForComposites.java:696)
	at ptolemy.actor.util.CausalityInterfaceForComposites._computeOutputPortDepth(CausalityInterfaceForComposites.java:765)
	at ptolemy.actor.util.CausalityInterfaceForComposites._computeInputDepth(CausalityInterfaceForComposites.java:696)
	at ptolemy.actor.util.CausalityInterfaceForComposites._computeActorDepth(CausalityInterfaceForComposites.java:532)
	at ptolemy.actor.util.CausalityInterfaceForComposites.checkForCycles(CausalityInterfaceForComposites.java:96)
	at ptolemy.domains.de.kernel.DEDirector.preinitialize(DEDirector.java:1338)
	at ptolemy.actor.CompositeActor.preinitialize(CompositeActor.java:1828)
	at ptolemy.actor.Manager.preinitializeAndResolveTypes(Manager.java:1040)
	at ptolemy.actor.Manager.initialize(Manager.java:710)
	at ptolemy.actor.Manager.execute(Manager.java:356)
	at ptolemy.actor.Manager.run(Manager.java:1263)
	at ptolemy.actor.Manager$PtolemyRunThread.run(Manager.java:1915)

    while executing
ptolemy.kernel.util.IllegalActionException: Found a zero delay loop containing .dependencyLoop2.original
  in .dependencyLoop2 and .dependencyLoop2.original
    while executing
"java::new ptolemy.moml.MoMLSimpleApplication $file
"
    (procedure "createAndExecute" line 2)
    invoked from within
"createAndExecute $file"
    ("uplevel" body line 5)
    invoked from within
"uplevel $contents_of_test"
------------------ testing $PTII/ptolemy/domains/de/test/auto/knownFailedTests/HierarchicalModel.xml (Known Failure) 
5 ms. Memory: 146944K Free: 86240K (59%)


==== $PTIIhome/travis/build/icyphy/ptII/ptolemy/domains/de/test/../../../../: Auto Automatic test in file $PTII/ptolemy/domains/de/test/auto/knownFailedTests/HierarchicalModel.xml
==== Contents of test case:

	    # FIXME: we should use $relativeFilename here, but it
	    # might have backslashes under Windows, which causes no end
	    # of trouble.
	    createAndExecute $file
	    list {}
	
.... Test generated KNOWN error:
    while executing
ptolemy.kernel.util.IllegalActionException: Found a zero delay loop containing .HierarchicalModel.A
  in .HierarchicalModel and .HierarchicalModel.A
	at ptolemy.actor.util.CausalityInterfaceForComposites._computeOutputPortDepth(CausalityInterfaceForComposites.java:759)
	at ptolemy.actor.util.CausalityInterfaceForComposites._computeInputDepth(CausalityInterfaceForComposites.java:696)
	at ptolemy.actor.util.CausalityInterfaceForComposites._computeOutputPortDepth(CausalityInterfaceForComposites.java:765)
	at ptolemy.actor.util.CausalityInterfaceForComposites._computeInputDepth(CausalityInterfaceForComposites.java:696)
	at ptolemy.actor.util.CausalityInterfaceForComposites._computeOutputPortDepth(CausalityInterfaceForComposites.java:765)
	at ptolemy.actor.util.CausalityInterfaceForComposites._computeInputDepth(CausalityInterfaceForComposites.java:696)
	at ptolemy.actor.util.CausalityInterfaceForComposites._computeActorDepth(CausalityInterfaceForComposites.java:532)
	at ptolemy.actor.util.CausalityInterfaceForComposites.checkForCycles(CausalityInterfaceForComposites.java:96)
	at ptolemy.domains.de.kernel.DEDirector.preinitialize(DEDirector.java:1338)
	at ptolemy.actor.CompositeActor.preinitialize(CompositeActor.java:1828)
	at ptolemy.actor.Manager.preinitializeAndResolveTypes(Manager.java:1040)
	at ptolemy.actor.Manager.initialize(Manager.java:710)
	at ptolemy.actor.Manager.execute(Manager.java:356)
	at ptolemy.actor.Manager.run(Manager.java:1263)
	at ptolemy.actor.Manager$PtolemyRunThread.run(Manager.java:1915)

    while executing
ptolemy.kernel.util.IllegalActionException: Found a zero delay loop containing .HierarchicalModel.A
  in .HierarchicalModel and .HierarchicalModel.A
    while executing
"java::new ptolemy.moml.MoMLSimpleApplication $file
"
    (procedure "createAndExecute" line 2)
    invoked from within
"createAndExecute $file"
    ("uplevel" body line 5)
    invoked from within
"uplevel $contents_of_test"
------------------ testing $PTII/ptolemy/domains/de/test/auto/knownFailedTests/DirectFeedback.xml (Known Failure) 
17 ms. Memory: 146944K Free: 142572K (97%)


==== $PTIIhome/travis/build/icyphy/ptII/ptolemy/domains/de/test/../../../../: Auto Automatic test in file $PTII/ptolemy/domains/de/test/auto/knownFailedTests/DirectFeedback.xml
==== Contents of test case:

	    # FIXME: we should use $relativeFilename here, but it
	    # might have backslashes under Windows, which causes no end
	    # of trouble.
	    createAndExecute $file
	    list {}
	
.... Test generated KNOWN error:
    while executing
ptolemy.kernel.util.IllegalActionException: Test fails in iteration 1.
Value was: 1.0. Should have been: 2.0
  in .DirectFeedback.Test
	at ptolemy.actor.lib.Test.fire(Test.java:268)
	at ptolemy.domains.de.kernel.DEDirector._fire(DEDirector.java:1949)
	at ptolemy.domains.de.kernel.DEDirector.fire(DEDirector.java:502)
	at ptolemy.actor.CompositeActor.fire(CompositeActor.java:455)
	at ptolemy.actor.Manager.iterate(Manager.java:851)
	at ptolemy.actor.Manager.execute(Manager.java:369)
	at ptolemy.actor.Manager.run(Manager.java:1263)
	at ptolemy.actor.Manager$PtolemyRunThread.run(Manager.java:1915)

    while executing
ptolemy.kernel.util.IllegalActionException: Test fails in iteration 1.
Value was: 1.0. Should have been: 2.0
  in .DirectFeedback.Test
    while executing
"java::new ptolemy.moml.MoMLSimpleApplication $file
"
    (procedure "createAndExecute" line 2)
    invoked from within
"createAndExecute $file"
    ("uplevel" body line 5)
    invoked from within
"uplevel $contents_of_test"
------------------ testing $PTII/ptolemy/domains/de/test/auto/ActorDepthCalculation_actorWithoutPorts.xml
auto.tcl: Setting watchdog for 200 seconds at Sun Jun 10 21:12:30 UTC 2018
4 ms. Memory: 146944K Free: 133590K (91%)
ptolemy.util.test.WatchDog.cancel(): canceling Sun Jun 10 21:12:30 UTC 2018
auto.tcl: Setting watchdog for 200 seconds at Sun Jun 10 21:12:30 UTC 2018
3 ms. Memory: 146944K Free: 132549K (90%)
ptolemy.util.test.WatchDog.cancel(): canceling Sun Jun 10 21:12:30 UTC 2018
------------------ testing $PTII/ptolemy/domains/de/test/auto/AssemblyLine.xml
auto.tcl: Setting watchdog for 200 seconds at Sun Jun 10 21:12:31 UTC 2018
13 ms. Memory: 208384K Free: 186357K (89%)
ptolemy.util.test.WatchDog.cancel(): canceling Sun Jun 10 21:12:31 UTC 2018
auto.tcl: Setting watchdog for 200 seconds at Sun Jun 10 21:12:31 UTC 2018
11 ms. Memory: 208384K Free: 186357K (89%)
ptolemy.util.test.WatchDog.cancel(): canceling Sun Jun 10 21:12:31 UTC 2018
------------------ testing $PTII/ptolemy/domains/de/test/auto/CQBug1.xml
auto.tcl: Setting watchdog for 200 seconds at Sun Jun 10 21:12:31 UTC 2018
7 ms. Memory: 208384K Free: 197735K (95%)
ptolemy.util.test.WatchDog.cancel(): canceling Sun Jun 10 21:12:31 UTC 2018
auto.tcl: Setting watchdog for 200 seconds at Sun Jun 10 21:12:31 UTC 2018
1 ms. Memory: 208384K Free: 197735K (95%)
ptolemy.util.test.WatchDog.cancel(): canceling Sun Jun 10 21:12:31 UTC 2018
------------------ testing $PTII/ptolemy/domains/de/test/auto/CancelFireAt.xml
auto.tcl: Setting watchdog for 200 seconds at Sun Jun 10 21:12:31 UTC 2018
4 ms. Memory: 208384K Free: 201449K (97%)
ptolemy.util.test.WatchDog.cancel(): canceling Sun Jun 10 21:12:31 UTC 2018
auto.tcl: Setting watchdog for 200 seconds at Sun Jun 10 21:12:31 UTC 2018
2 ms. Memory: 208384K Free: 199355K (96%)
ptolemy.util.test.WatchDog.cancel(): canceling Sun Jun 10 21:12:31 UTC 2018
------------------ testing $PTII/ptolemy/domains/de/test/auto/CausalityAndComposabilityAnalysis.xml
auto.tcl: Setting watchdog for 200 seconds at Sun Jun 10 21:12:31 UTC 2018
7 ms. Memory: 208384K Free: 196860K (94%)
ptolemy.util.test.WatchDog.cancel(): canceling Sun Jun 10 21:12:31 UTC 2018
auto.tcl: Setting watchdog for 200 seconds at Sun Jun 10 21:12:31 UTC 2018
9 ms. Memory: 208384K Free: 196860K (94%)
ptolemy.util.test.WatchDog.cancel(): canceling Sun Jun 10 21:12:31 UTC 2018
------------------ testing $PTII/ptolemy/domains/de/test/auto/CausalityInterface1.xml
auto.tcl: Setting watchdog for 200 seconds at Sun Jun 10 21:12:31 UTC 2018
21 ms. Memory: 208384K Free: 196797K (94%)
ptolemy.util.test.WatchDog.cancel(): canceling Sun Jun 10 21:12:31 UTC 2018
auto.tcl: Setting watchdog for 200 seconds at Sun Jun 10 21:12:31 UTC 2018
4 ms. Memory: 208384K Free: 196797K (94%)
ptolemy.util.test.WatchDog.cancel(): canceling Sun Jun 10 21:12:31 UTC 2018
------------------ testing $PTII/ptolemy/domains/de/test/auto/CausalityInterface15.xml
auto.tcl: Setting watchdog for 200 seconds at Sun Jun 10 21:12:31 UTC 2018
21 ms. Memory: 208384K Free: 195221K (94%)
ptolemy.util.test.WatchDog.cancel(): canceling Sun Jun 10 21:12:31 UTC 2018
auto.tcl: Setting watchdog for 200 seconds at Sun Jun 10 21:12:31 UTC 2018
4 ms. Memory: 208384K Free: 193128K (93%)
ptolemy.util.test.WatchDog.cancel(): canceling Sun Jun 10 21:12:31 UTC 2018
------------------ testing $PTII/ptolemy/domains/de/test/auto/CausalityInterface2.xml
auto.tcl: Setting watchdog for 200 seconds at Sun Jun 10 21:12:31 UTC 2018
4 ms. Memory: 208384K Free: 196333K (94%)
ptolemy.util.test.WatchDog.cancel(): canceling Sun Jun 10 21:12:31 UTC 2018
auto.tcl: Setting watchdog for 200 seconds at Sun Jun 10 21:12:31 UTC 2018
2 ms. Memory: 208384K Free: 196333K (94%)
ptolemy.util.test.WatchDog.cancel(): canceling Sun Jun 10 21:12:31 UTC 2018
------------------ testing $PTII/ptolemy/domains/de/test/auto/CausalityInterface3.xml
auto.tcl: Setting watchdog for 200 seconds at Sun Jun 10 21:12:31 UTC 2018
4 ms. Memory: 208384K Free: 196344K (94%)
ptolemy.util.test.WatchDog.cancel(): canceling Sun Jun 10 21:12:31 UTC 2018
auto.tcl: Setting watchdog for 200 seconds at Sun Jun 10 21:12:31 UTC 2018
6 ms. Memory: 208384K Free: 196344K (94%)
ptolemy.util.test.WatchDog.cancel(): canceling Sun Jun 10 21:12:31 UTC 2018
------------------ testing $PTII/ptolemy/domains/de/test/auto/ClockDrift.xml
auto.tcl: Setting watchdog for 200 seconds at Sun Jun 10 21:12:31 UTC 2018
95 ms. Memory: 208384K Free: 187597K (90%)
ptolemy.util.test.WatchDog.cancel(): canceling Sun Jun 10 21:12:32 UTC 2018
auto.tcl: Setting watchdog for 200 seconds at Sun Jun 10 21:12:32 UTC 2018
68 ms. Memory: 208384K Free: 185504K (89%)
ptolemy.util.test.WatchDog.cancel(): canceling Sun Jun 10 21:12:32 UTC 2018
------------------ testing $PTII/ptolemy/domains/de/test/auto/ClockDriftAndValueChange.xml
auto.tcl: Setting watchdog for 200 seconds at Sun Jun 10 21:12:32 UTC 2018
48 ms. Memory: 208384K Free: 187429K (90%)
ptolemy.util.test.WatchDog.cancel(): canceling Sun Jun 10 21:12:32 UTC 2018
auto.tcl: Setting watchdog for 200 seconds at Sun Jun 10 21:12:32 UTC 2018
31 ms. Memory: 208384K Free: 185336K (89%)
ptolemy.util.test.WatchDog.cancel(): canceling Sun Jun 10 21:12:32 UTC 2018
------------------ testing $PTII/ptolemy/domains/de/test/auto/ClockDriftChange.xml
auto.tcl: Setting watchdog for 200 seconds at Sun Jun 10 21:12:32 UTC 2018
35 ms. Memory: 208384K Free: 190744K (92%)
ptolemy.util.test.WatchDog.cancel(): canceling Sun Jun 10 21:12:32 UTC 2018
auto.tcl: Setting watchdog for 200 seconds at Sun Jun 10 21:12:32 UTC 2018
26 ms. Memory: 208384K Free: 188651K (91%)
ptolemy.util.test.WatchDog.cancel(): canceling Sun Jun 10 21:12:32 UTC 2018
------------------ testing $PTII/ptolemy/domains/de/test/auto/ComposableCausalityAnalysis.xml
auto.tcl: Setting watchdog for 200 seconds at Sun Jun 10 21:12:32 UTC 2018
2 ms. Memory: 208384K Free: 196536K (94%)
ptolemy.util.test.WatchDog.cancel(): canceling Sun Jun 10 21:12:32 UTC 2018
auto.tcl: Setting watchdog for 200 seconds at Sun Jun 10 21:12:32 UTC 2018
5 ms. Memory: 208384K Free: 194443K (93%)
ptolemy.util.test.WatchDog.cancel(): canceling Sun Jun 10 21:12:32 UTC 2018
------------------ testing $PTII/ptolemy/domains/de/test/auto/DEFixedPointLimitation.xml
auto.tcl: Setting watchdog for 200 seconds at Sun Jun 10 21:12:32 UTC 2018
2 ms. Memory: 208384K Free: 196279K (94%)
ptolemy.util.test.WatchDog.cancel(): canceling Sun Jun 10 21:12:32 UTC 2018
auto.tcl: Setting watchdog for 200 seconds at Sun Jun 10 21:12:32 UTC 2018
1 ms. Memory: 208384K Free: 196279K (94%)
ptolemy.util.test.WatchDog.cancel(): canceling Sun Jun 10 21:12:32 UTC 2018
------------------ testing $PTII/ptolemy/domains/de/test/auto/DEScheduleTest.xml
auto.tcl: Setting watchdog for 200 seconds at Sun Jun 10 21:12:32 UTC 2018
6 ms. Memory: 208384K Free: 198408K (95%)
ptolemy.util.test.WatchDog.cancel(): canceling Sun Jun 10 21:12:32 UTC 2018
auto.tcl: Setting watchdog for 200 seconds at Sun Jun 10 21:12:32 UTC 2018
4 ms. Memory: 208384K Free: 196315K (94%)
ptolemy.util.test.WatchDog.cancel(): canceling Sun Jun 10 21:12:32 UTC 2018
------------------ testing $PTII/ptolemy/domains/de/test/auto/DEinDEwithStartTimes.xml
auto.tcl: Setting watchdog for 200 seconds at Sun Jun 10 21:12:32 UTC 2018
5 ms. Memory: 208384K Free: 196284K (94%)
ptolemy.util.test.WatchDog.cancel(): canceling Sun Jun 10 21:12:32 UTC 2018
auto.tcl: Setting watchdog for 200 seconds at Sun Jun 10 21:12:32 UTC 2018
3 ms. Memory: 208384K Free: 194191K (93%)
ptolemy.util.test.WatchDog.cancel(): canceling Sun Jun 10 21:12:32 UTC 2018
------------------ testing $PTII/ptolemy/domains/de/test/auto/DEinDEwithStartTimes2.xml
auto.tcl: Setting watchdog for 200 seconds at Sun Jun 10 21:12:32 UTC 2018
4 ms. Memory: 208384K Free: 196601K (94%)
ptolemy.util.test.WatchDog.cancel(): canceling Sun Jun 10 21:12:32 UTC 2018
auto.tcl: Setting watchdog for 200 seconds at Sun Jun 10 21:12:32 UTC 2018
4 ms. Memory: 208384K Free: 194170K (93%)
ptolemy.util.test.WatchDog.cancel(): canceling Sun Jun 10 21:12:32 UTC 2018
------------------ testing $PTII/ptolemy/domains/de/test/auto/DateDemo.xml
auto.tcl: Setting watchdog for 200 seconds at Sun Jun 10 21:12:32 UTC 2018
8 ms. Memory: 208384K Free: 188729K (91%)
ptolemy.util.test.WatchDog.cancel(): canceling Sun Jun 10 21:12:33 UTC 2018
auto.tcl: Setting watchdog for 200 seconds at Sun Jun 10 21:12:33 UTC 2018
6 ms. Memory: 208384K Free: 186636K (90%)
ptolemy.util.test.WatchDog.cancel(): canceling Sun Jun 10 21:12:33 UTC 2018
------------------ testing $PTII/ptolemy/domains/de/test/auto/DateToEvent.xml
auto.tcl: Setting watchdog for 200 seconds at Sun Jun 10 21:12:33 UTC 2018
2010 ms. Memory: 208384K Free: 183457K (88%)
ptolemy.util.test.WatchDog.cancel(): canceling Sun Jun 10 21:12:35 UTC 2018
auto.tcl: Setting watchdog for 200 seconds at Sun Jun 10 21:12:35 UTC 2018
2008 ms. Memory: 208384K Free: 183457K (88%)
ptolemy.util.test.WatchDog.cancel(): canceling Sun Jun 10 21:12:37 UTC 2018
------------------ testing $PTII/ptolemy/domains/de/test/auto/DepthTest1.xml
auto.tcl: Setting watchdog for 200 seconds at Sun Jun 10 21:12:37 UTC 2018
6 ms. Memory: 208384K Free: 198272K (95%)
ptolemy.util.test.WatchDog.cancel(): canceling Sun Jun 10 21:12:37 UTC 2018
auto.tcl: Setting watchdog for 200 seconds at Sun Jun 10 21:12:37 UTC 2018
2 ms. Memory: 208384K Free: 198272K (95%)
ptolemy.util.test.WatchDog.cancel(): canceling Sun Jun 10 21:12:37 UTC 2018
------------------ testing $PTII/ptolemy/domains/de/test/auto/DepthTest2.xml
auto.tcl: Setting watchdog for 200 seconds at Sun Jun 10 21:12:37 UTC 2018
8 ms. Memory: 208384K Free: 194150K (93%)
ptolemy.util.test.WatchDog.cancel(): canceling Sun Jun 10 21:12:37 UTC 2018
auto.tcl: Setting watchdog for 200 seconds at Sun Jun 10 21:12:37 UTC 2018
2 ms. Memory: 208384K Free: 194150K (93%)
ptolemy.util.test.WatchDog.cancel(): canceling Sun Jun 10 21:12:37 UTC 2018
------------------ testing $PTII/ptolemy/domains/de/test/auto/DepthTest3.xml
auto.tcl: Setting watchdog for 200 seconds at Sun Jun 10 21:12:37 UTC 2018
8 ms. Memory: 208384K Free: 198270K (95%)
ptolemy.util.test.WatchDog.cancel(): canceling Sun Jun 10 21:12:37 UTC 2018
auto.tcl: Setting watchdog for 200 seconds at Sun Jun 10 21:12:37 UTC 2018
2 ms. Memory: 208384K Free: 198270K (95%)
ptolemy.util.test.WatchDog.cancel(): canceling Sun Jun 10 21:12:37 UTC 2018
------------------ testing $PTII/ptolemy/domains/de/test/auto/DepthTest4.xml
auto.tcl: Setting watchdog for 200 seconds at Sun Jun 10 21:12:37 UTC 2018
6 ms. Memory: 208384K Free: 196264K (94%)
ptolemy.util.test.WatchDog.cancel(): canceling Sun Jun 10 21:12:37 UTC 2018
auto.tcl: Setting watchdog for 200 seconds at Sun Jun 10 21:12:37 UTC 2018
2 ms. Memory: 208384K Free: 196264K (94%)
ptolemy.util.test.WatchDog.cancel(): canceling Sun Jun 10 21:12:37 UTC 2018
------------------ testing $PTII/ptolemy/domains/de/test/auto/DepthTest5.xml
auto.tcl: Setting watchdog for 200 seconds at Sun Jun 10 21:12:37 UTC 2018
5 ms. Memory: 208384K Free: 196550K (94%)
ptolemy.util.test.WatchDog.cancel(): canceling Sun Jun 10 21:12:37 UTC 2018
auto.tcl: Setting watchdog for 200 seconds at Sun Jun 10 21:12:37 UTC 2018
2 ms. Memory: 208384K Free: 196550K (94%)
ptolemy.util.test.WatchDog.cancel(): canceling Sun Jun 10 21:12:37 UTC 2018
------------------ testing $PTII/ptolemy/domains/de/test/auto/DepthTest6.xml
auto.tcl: Setting watchdog for 200 seconds at Sun Jun 10 21:12:37 UTC 2018
6 ms. Memory: 208384K Free: 196526K (94%)
ptolemy.util.test.WatchDog.cancel(): canceling Sun Jun 10 21:12:37 UTC 2018
auto.tcl: Setting watchdog for 200 seconds at Sun Jun 10 21:12:37 UTC 2018
2 ms. Memory: 208384K Free: 196526K (94%)
ptolemy.util.test.WatchDog.cancel(): canceling Sun Jun 10 21:12:37 UTC 2018
------------------ testing $PTII/ptolemy/domains/de/test/auto/DepthTest7.xml
auto.tcl: Setting watchdog for 200 seconds at Sun Jun 10 21:12:37 UTC 2018
2 ms. Memory: 208384K Free: 196169K (94%)
ptolemy.util.test.WatchDog.cancel(): canceling Sun Jun 10 21:12:37 UTC 2018
auto.tcl: Setting watchdog for 200 seconds at Sun Jun 10 21:12:37 UTC 2018
2 ms. Memory: 208384K Free: 196169K (94%)
ptolemy.util.test.WatchDog.cancel(): canceling Sun Jun 10 21:12:37 UTC 2018
------------------ testing $PTII/ptolemy/domains/de/test/auto/EventToDate.xml
auto.tcl: Setting watchdog for 200 seconds at Sun Jun 10 21:12:37 UTC 2018
3009 ms. Memory: 208384K Free: 185725K (89%)
ptolemy.util.test.WatchDog.cancel(): canceling Sun Jun 10 21:12:40 UTC 2018
auto.tcl: Setting watchdog for 200 seconds at Sun Jun 10 21:12:40 UTC 2018
3004 ms. Memory: 208384K Free: 185725K (89%)
ptolemy.util.test.WatchDog.cancel(): canceling Sun Jun 10 21:12:43 UTC 2018
------------------ testing $PTII/ptolemy/domains/de/test/auto/FSM1.xml
auto.tcl: Setting watchdog for 200 seconds at Sun Jun 10 21:12:43 UTC 2018
21 ms. Memory: 208384K Free: 187141K (90%)
ptolemy.util.test.WatchDog.cancel(): canceling Sun Jun 10 21:12:43 UTC 2018
auto.tcl: Setting watchdog for 200 seconds at Sun Jun 10 21:12:43 UTC 2018
14 ms. Memory: 208384K Free: 185048K (89%)
ptolemy.util.test.WatchDog.cancel(): canceling Sun Jun 10 21:12:43 UTC 2018
------------------ testing $PTII/ptolemy/domains/de/test/auto/FSM7.xml
auto.tcl: Setting watchdog for 200 seconds at Sun Jun 10 21:12:43 UTC 2018
21 ms. Memory: 208384K Free: 187344K (90%)
ptolemy.util.test.WatchDog.cancel(): canceling Sun Jun 10 21:12:43 UTC 2018
auto.tcl: Setting watchdog for 200 seconds at Sun Jun 10 21:12:43 UTC 2018
18 ms. Memory: 208384K Free: 185251K (89%)
ptolemy.util.test.WatchDog.cancel(): canceling Sun Jun 10 21:12:44 UTC 2018
------------------ testing $PTII/ptolemy/domains/de/test/auto/Inspection.xml
auto.tcl: Setting watchdog for 200 seconds at Sun Jun 10 21:12:44 UTC 2018
36 ms. Memory: 208384K Free: 188895K (91%)
ptolemy.util.test.WatchDog.cancel(): canceling Sun Jun 10 21:12:44 UTC 2018
auto.tcl: Setting watchdog for 200 seconds at Sun Jun 10 21:12:44 UTC 2018
26 ms. Memory: 208384K Free: 186802K (90%)
ptolemy.util.test.WatchDog.cancel(): canceling Sun Jun 10 21:12:44 UTC 2018
------------------ testing $PTII/ptolemy/domains/de/test/auto/Iteration.xml
auto.tcl: Setting watchdog for 200 seconds at Sun Jun 10 21:12:44 UTC 2018
7 ms. Memory: 208384K Free: 194219K (93%)
ptolemy.util.test.WatchDog.cancel(): canceling Sun Jun 10 21:12:44 UTC 2018
auto.tcl: Setting watchdog for 200 seconds at Sun Jun 10 21:12:44 UTC 2018
8 ms. Memory: 208384K Free: 193881K (93%)
ptolemy.util.test.WatchDog.cancel(): canceling Sun Jun 10 21:12:44 UTC 2018
------------------ testing $PTII/ptolemy/domains/de/test/auto/LineFault.xml
auto.tcl: Setting watchdog for 200 seconds at Sun Jun 10 21:12:44 UTC 2018
624 ms. Memory: 208384K Free: 196121K (94%)
ptolemy.util.test.WatchDog.cancel(): canceling Sun Jun 10 21:12:45 UTC 2018
auto.tcl: Setting watchdog for 200 seconds at Sun Jun 10 21:12:45 UTC 2018
583 ms. Memory: 208384K Free: 138972K (67%)
ptolemy.util.test.WatchDog.cancel(): canceling Sun Jun 10 21:12:45 UTC 2018
------------------ testing $PTII/ptolemy/domains/de/test/auto/MergeModel1Add.xml
auto.tcl: Setting watchdog for 200 seconds at Sun Jun 10 21:12:45 UTC 2018
16 ms. Memory: 331264K Free: 302656K (91%)
ptolemy.util.test.WatchDog.cancel(): canceling Sun Jun 10 21:12:45 UTC 2018
auto.tcl: Setting watchdog for 200 seconds at Sun Jun 10 21:12:45 UTC 2018
15 ms. Memory: 331264K Free: 298696K (90%)
ptolemy.util.test.WatchDog.cancel(): canceling Sun Jun 10 21:12:45 UTC 2018
------------------ testing $PTII/ptolemy/domains/de/test/auto/MergeModel2Add.xml
auto.tcl: Setting watchdog for 200 seconds at Sun Jun 10 21:12:45 UTC 2018
20 ms. Memory: 331264K Free: 303994K (92%)
ptolemy.util.test.WatchDog.cancel(): canceling Sun Jun 10 21:12:46 UTC 2018
auto.tcl: Setting watchdog for 200 seconds at Sun Jun 10 21:12:46 UTC 2018
11 ms. Memory: 331264K Free: 300035K (91%)
ptolemy.util.test.WatchDog.cancel(): canceling Sun Jun 10 21:12:46 UTC 2018
------------------ testing $PTII/ptolemy/domains/de/test/auto/MergeModel3Add.xml
auto.tcl: Setting watchdog for 200 seconds at Sun Jun 10 21:12:46 UTC 2018
14 ms. Memory: 331264K Free: 304005K (92%)
ptolemy.util.test.WatchDog.cancel(): canceling Sun Jun 10 21:12:46 UTC 2018
auto.tcl: Setting watchdog for 200 seconds at Sun Jun 10 21:12:46 UTC 2018
9 ms. Memory: 331264K Free: 300045K (91%)
ptolemy.util.test.WatchDog.cancel(): canceling Sun Jun 10 21:12:46 UTC 2018
------------------ testing $PTII/ptolemy/domains/de/test/auto/MergeWithoutDiscard.xml
auto.tcl: Setting watchdog for 200 seconds at Sun Jun 10 21:12:46 UTC 2018
4 ms. Memory: 331264K Free: 319840K (97%)
ptolemy.util.test.WatchDog.cancel(): canceling Sun Jun 10 21:12:46 UTC 2018
auto.tcl: Setting watchdog for 200 seconds at Sun Jun 10 21:12:46 UTC 2018
1 ms. Memory: 331264K Free: 315880K (95%)
ptolemy.util.test.WatchDog.cancel(): canceling Sun Jun 10 21:12:46 UTC 2018
------------------ testing $PTII/ptolemy/domains/de/test/auto/Modal1.xml
auto.tcl: Setting watchdog for 200 seconds at Sun Jun 10 21:12:46 UTC 2018
10 ms. Memory: 331264K Free: 309761K (94%)
ptolemy.util.test.WatchDog.cancel(): canceling Sun Jun 10 21:12:46 UTC 2018
auto.tcl: Setting watchdog for 200 seconds at Sun Jun 10 21:12:46 UTC 2018
11 ms. Memory: 331264K Free: 305802K (92%)
ptolemy.util.test.WatchDog.cancel(): canceling Sun Jun 10 21:12:46 UTC 2018
------------------ testing $PTII/ptolemy/domains/de/test/auto/Modal2.xml
auto.tcl: Setting watchdog for 200 seconds at Sun Jun 10 21:12:46 UTC 2018
14 ms. Memory: 331264K Free: 309635K (93%)
ptolemy.util.test.WatchDog.cancel(): canceling Sun Jun 10 21:12:46 UTC 2018
auto.tcl: Setting watchdog for 200 seconds at Sun Jun 10 21:12:46 UTC 2018
10 ms. Memory: 331264K Free: 305675K (92%)
ptolemy.util.test.WatchDog.cancel(): canceling Sun Jun 10 21:12:46 UTC 2018
------------------ testing $PTII/ptolemy/domains/de/test/auto/Modal3.xml
auto.tcl: Setting watchdog for 200 seconds at Sun Jun 10 21:12:46 UTC 2018
10 ms. Memory: 331264K Free: 309633K (93%)
ptolemy.util.test.WatchDog.cancel(): canceling Sun Jun 10 21:12:46 UTC 2018
auto.tcl: Setting watchdog for 200 seconds at Sun Jun 10 21:12:46 UTC 2018
9 ms. Memory: 331264K Free: 305674K (92%)
ptolemy.util.test.WatchDog.cancel(): canceling Sun Jun 10 21:12:46 UTC 2018
------------------ testing $PTII/ptolemy/domains/de/test/auto/Modal4.xml
auto.tcl: Setting watchdog for 200 seconds at Sun Jun 10 21:12:46 UTC 2018
26 ms. Memory: 331264K Free: 309647K (93%)
ptolemy.util.test.WatchDog.cancel(): canceling Sun Jun 10 21:12:46 UTC 2018
auto.tcl: Setting watchdog for 200 seconds at Sun Jun 10 21:12:46 UTC 2018
14 ms. Memory: 331264K Free: 305687K (92%)
ptolemy.util.test.WatchDog.cancel(): canceling Sun Jun 10 21:12:46 UTC 2018
------------------ testing $PTII/ptolemy/domains/de/test/auto/Modal5.xml
auto.tcl: Setting watchdog for 200 seconds at Sun Jun 10 21:12:46 UTC 2018
14 ms. Memory: 331264K Free: 309634K (93%)
ptolemy.util.test.WatchDog.cancel(): canceling Sun Jun 10 21:12:46 UTC 2018
auto.tcl: Setting watchdog for 200 seconds at Sun Jun 10 21:12:46 UTC 2018
11 ms. Memory: 331264K Free: 305674K (92%)
ptolemy.util.test.WatchDog.cancel(): canceling Sun Jun 10 21:12:46 UTC 2018
------------------ testing $PTII/ptolemy/domains/de/test/auto/Modal6.xml
auto.tcl: Setting watchdog for 200 seconds at Sun Jun 10 21:12:46 UTC 2018
14 ms. Memory: 331264K Free: 309631K (93%)
ptolemy.util.test.WatchDog.cancel(): canceling Sun Jun 10 21:12:46 UTC 2018
auto.tcl: Setting watchdog for 200 seconds at Sun Jun 10 21:12:46 UTC 2018
13 ms. Memory: 331264K Free: 305671K (92%)
ptolemy.util.test.WatchDog.cancel(): canceling Sun Jun 10 21:12:46 UTC 2018
------------------ testing $PTII/ptolemy/domains/de/test/auto/Modal7.xml
auto.tcl: Setting watchdog for 200 seconds at Sun Jun 10 21:12:46 UTC 2018
18 ms. Memory: 331264K Free: 309631K (93%)
ptolemy.util.test.WatchDog.cancel(): canceling Sun Jun 10 21:12:46 UTC 2018
auto.tcl: Setting watchdog for 200 seconds at Sun Jun 10 21:12:46 UTC 2018
11 ms. Memory: 331264K Free: 305671K (92%)
ptolemy.util.test.WatchDog.cancel(): canceling Sun Jun 10 21:12:46 UTC 2018
------------------ testing $PTII/ptolemy/domains/de/test/auto/ModalModel.xml
auto.tcl: Setting watchdog for 200 seconds at Sun Jun 10 21:12:47 UTC 2018
154 ms. Memory: 331264K Free: 246110K (74%)
ptolemy.util.test.WatchDog.cancel(): canceling Sun Jun 10 21:12:47 UTC 2018
auto.tcl: Setting watchdog for 200 seconds at Sun Jun 10 21:12:47 UTC 2018
171 ms. Memory: 331264K Free: 190676K (58%)
ptolemy.util.test.WatchDog.cancel(): canceling Sun Jun 10 21:12:47 UTC 2018
------------------ testing $PTII/ptolemy/domains/de/test/auto/ModalSource.xml
auto.tcl: Setting watchdog for 200 seconds at Sun Jun 10 21:12:47 UTC 2018
9 ms. Memory: 331264K Free: 316434K (96%)
ptolemy.util.test.WatchDog.cancel(): canceling Sun Jun 10 21:12:47 UTC 2018
auto.tcl: Setting watchdog for 200 seconds at Sun Jun 10 21:12:47 UTC 2018
5 ms. Memory: 331264K Free: 312909K (94%)
ptolemy.util.test.WatchDog.cancel(): canceling Sun Jun 10 21:12:47 UTC 2018
------------------ testing $PTII/ptolemy/domains/de/test/auto/NonInterruptibleTimerZeroDelay.xml
auto.tcl: Setting watchdog for 200 seconds at Sun Jun 10 21:12:47 UTC 2018
4 ms. Memory: 331264K Free: 320796K (97%)
ptolemy.util.test.WatchDog.cancel(): canceling Sun Jun 10 21:12:47 UTC 2018
auto.tcl: Setting watchdog for 200 seconds at Sun Jun 10 21:12:47 UTC 2018
2 ms. Memory: 331264K Free: 317272K (96%)
ptolemy.util.test.WatchDog.cancel(): canceling Sun Jun 10 21:12:47 UTC 2018
------------------ testing $PTII/ptolemy/domains/de/test/auto/OpenQueueingNetwork.xml
auto.tcl: Setting watchdog for 200 seconds at Sun Jun 10 21:12:47 UTC 2018
2912 ms. Memory: 307712K Free: 114759K (37%)
ptolemy.util.test.WatchDog.cancel(): canceling Sun Jun 10 21:12:50 UTC 2018
auto.tcl: Setting watchdog for 200 seconds at Sun Jun 10 21:12:50 UTC 2018
2295 ms. Memory: 278528K Free: 151652K (54%)
ptolemy.util.test.WatchDog.cancel(): canceling Sun Jun 10 21:12:52 UTC 2018
------------------ testing $PTII/ptolemy/domains/de/test/auto/OpenQueuingNetwork.xml
auto.tcl: Setting watchdog for 200 seconds at Sun Jun 10 21:12:53 UTC 2018
242 ms. Memory: 278528K Free: 179983K (65%)
ptolemy.util.test.WatchDog.cancel(): canceling Sun Jun 10 21:12:53 UTC 2018
auto.tcl: Setting watchdog for 200 seconds at Sun Jun 10 21:12:53 UTC 2018
253 ms. Memory: 278528K Free: 118092K (42%)
ptolemy.util.test.WatchDog.cancel(): canceling Sun Jun 10 21:12:53 UTC 2018
------------------ testing $PTII/ptolemy/domains/de/test/auto/PeriodicSampler.xml
auto.tcl: Setting watchdog for 200 seconds at Sun Jun 10 21:12:53 UTC 2018
3 ms. Memory: 281088K Free: 266147K (95%)
ptolemy.util.test.WatchDog.cancel(): canceling Sun Jun 10 21:12:53 UTC 2018
auto.tcl: Setting watchdog for 200 seconds at Sun Jun 10 21:12:53 UTC 2018
2 ms. Memory: 281088K Free: 266147K (95%)
ptolemy.util.test.WatchDog.cancel(): canceling Sun Jun 10 21:12:53 UTC 2018
------------------ testing $PTII/ptolemy/domains/de/test/auto/PersistentIO.xml
auto.tcl: Setting watchdog for 200 seconds at Sun Jun 10 21:12:53 UTC 2018
6 ms. Memory: 278528K Free: 258476K (93%)
ptolemy.util.test.WatchDog.cancel(): canceling Sun Jun 10 21:12:53 UTC 2018
auto.tcl: Setting watchdog for 200 seconds at Sun Jun 10 21:12:53 UTC 2018
3 ms. Memory: 278528K Free: 258476K (93%)
ptolemy.util.test.WatchDog.cancel(): canceling Sun Jun 10 21:12:53 UTC 2018
------------------ testing $PTII/ptolemy/domains/de/test/auto/PortParameterResetOnInitialize.xml
auto.tcl: Setting watchdog for 200 seconds at Sun Jun 10 21:12:53 UTC 2018
2 ms. Memory: 280576K Free: 268066K (96%)
ptolemy.util.test.WatchDog.cancel(): canceling Sun Jun 10 21:12:53 UTC 2018
auto.tcl: Setting watchdog for 200 seconds at Sun Jun 10 21:12:53 UTC 2018
2 ms. Memory: 280576K Free: 268066K (96%)
ptolemy.util.test.WatchDog.cancel(): canceling Sun Jun 10 21:12:53 UTC 2018
------------------ testing $PTII/ptolemy/domains/de/test/auto/PortParameterUpdates.xml
auto.tcl: Setting watchdog for 200 seconds at Sun Jun 10 21:12:53 UTC 2018
3 ms. Memory: 278528K Free: 266248K (96%)
ptolemy.util.test.WatchDog.cancel(): canceling Sun Jun 10 21:12:53 UTC 2018
auto.tcl: Setting watchdog for 200 seconds at Sun Jun 10 21:12:53 UTC 2018
4 ms. Memory: 278528K Free: 263345K (95%)
ptolemy.util.test.WatchDog.cancel(): canceling Sun Jun 10 21:12:53 UTC 2018
------------------ testing $PTII/ptolemy/domains/de/test/auto/QueueAndServer.xml
auto.tcl: Setting watchdog for 200 seconds at Sun Jun 10 21:12:53 UTC 2018
9 ms. Memory: 280576K Free: 265259K (95%)
ptolemy.util.test.WatchDog.cancel(): canceling Sun Jun 10 21:12:53 UTC 2018
auto.tcl: Setting watchdog for 200 seconds at Sun Jun 10 21:12:53 UTC 2018
6 ms. Memory: 280576K Free: 265259K (95%)
ptolemy.util.test.WatchDog.cancel(): canceling Sun Jun 10 21:12:53 UTC 2018
------------------ testing $PTII/ptolemy/domains/de/test/auto/Records.xml
auto.tcl: Setting watchdog for 200 seconds at Sun Jun 10 21:12:53 UTC 2018
12 ms. Memory: 278528K Free: 266055K (96%)
ptolemy.util.test.WatchDog.cancel(): canceling Sun Jun 10 21:12:54 UTC 2018
auto.tcl: Setting watchdog for 200 seconds at Sun Jun 10 21:12:54 UTC 2018
1 ms. Memory: 278528K Free: 266055K (96%)
ptolemy.util.test.WatchDog.cancel(): canceling Sun Jun 10 21:12:54 UTC 2018
------------------ testing $PTII/ptolemy/domains/de/test/auto/ResetTransitionWithStartTime1.xml
auto.tcl: Setting watchdog for 200 seconds at Sun Jun 10 21:12:54 UTC 2018
10 ms. Memory: 280064K Free: 262741K (94%)
ptolemy.util.test.WatchDog.cancel(): canceling Sun Jun 10 21:12:54 UTC 2018
auto.tcl: Setting watchdog for 200 seconds at Sun Jun 10 21:12:54 UTC 2018
5 ms. Memory: 280064K Free: 259838K (93%)
ptolemy.util.test.WatchDog.cancel(): canceling Sun Jun 10 21:12:54 UTC 2018
------------------ testing $PTII/ptolemy/domains/de/test/auto/ResetTransitionWithStartTime2.xml
auto.tcl: Setting watchdog for 200 seconds at Sun Jun 10 21:12:54 UTC 2018
4 ms. Memory: 278528K Free: 261197K (94%)
ptolemy.util.test.WatchDog.cancel(): canceling Sun Jun 10 21:12:54 UTC 2018
auto.tcl: Setting watchdog for 200 seconds at Sun Jun 10 21:12:54 UTC 2018
6 ms. Memory: 278528K Free: 258293K (93%)
ptolemy.util.test.WatchDog.cancel(): canceling Sun Jun 10 21:12:54 UTC 2018
------------------ testing $PTII/ptolemy/domains/de/test/auto/ResetTransitionWithStartTime3.xml
auto.tcl: Setting watchdog for 200 seconds at Sun Jun 10 21:12:54 UTC 2018
6 ms. Memory: 280064K Free: 262731K (94%)
ptolemy.util.test.WatchDog.cancel(): canceling Sun Jun 10 21:12:54 UTC 2018
auto.tcl: Setting watchdog for 200 seconds at Sun Jun 10 21:12:54 UTC 2018
4 ms. Memory: 280064K Free: 259828K (93%)
ptolemy.util.test.WatchDog.cancel(): canceling Sun Jun 10 21:12:54 UTC 2018
------------------ testing $PTII/ptolemy/domains/de/test/auto/ResetTransitionWithStartTime4.xml
auto.tcl: Setting watchdog for 200 seconds at Sun Jun 10 21:12:54 UTC 2018
4 ms. Memory: 278528K Free: 263165K (94%)
ptolemy.util.test.WatchDog.cancel(): canceling Sun Jun 10 21:12:54 UTC 2018
auto.tcl: Setting watchdog for 200 seconds at Sun Jun 10 21:12:54 UTC 2018
3 ms. Memory: 278528K Free: 263165K (94%)
ptolemy.util.test.WatchDog.cancel(): canceling Sun Jun 10 21:12:54 UTC 2018
------------------ testing $PTII/ptolemy/domains/de/test/auto/ResettableTimer1.xml
auto.tcl: Setting watchdog for 200 seconds at Sun Jun 10 21:12:54 UTC 2018
3 ms. Memory: 280064K Free: 267600K (96%)
ptolemy.util.test.WatchDog.cancel(): canceling Sun Jun 10 21:12:54 UTC 2018
auto.tcl: Setting watchdog for 200 seconds at Sun Jun 10 21:12:54 UTC 2018
2 ms. Memory: 280064K Free: 267600K (96%)
ptolemy.util.test.WatchDog.cancel(): canceling Sun Jun 10 21:12:54 UTC 2018
------------------ testing $PTII/ptolemy/domains/de/test/auto/ResettableTimer2.xml
auto.tcl: Setting watchdog for 200 seconds at Sun Jun 10 21:12:54 UTC 2018
3 ms. Memory: 278528K Free: 266219K (96%)
ptolemy.util.test.WatchDog.cancel(): canceling Sun Jun 10 21:12:54 UTC 2018
auto.tcl: Setting watchdog for 200 seconds at Sun Jun 10 21:12:54 UTC 2018
2 ms. Memory: 278528K Free: 266219K (96%)
ptolemy.util.test.WatchDog.cancel(): canceling Sun Jun 10 21:12:54 UTC 2018
------------------ testing $PTII/ptolemy/domains/de/test/auto/ResettableTimer3.xml
auto.tcl: Setting watchdog for 200 seconds at Sun Jun 10 21:12:54 UTC 2018
1 ms. Memory: 279552K Free: 267146K (96%)
ptolemy.util.test.WatchDog.cancel(): canceling Sun Jun 10 21:12:54 UTC 2018
auto.tcl: Setting watchdog for 200 seconds at Sun Jun 10 21:12:54 UTC 2018
1 ms. Memory: 279552K Free: 267146K (96%)
ptolemy.util.test.WatchDog.cancel(): canceling Sun Jun 10 21:12:54 UTC 2018
------------------ testing $PTII/ptolemy/domains/de/test/auto/ResettableTimer4.xml
auto.tcl: Setting watchdog for 200 seconds at Sun Jun 10 21:12:54 UTC 2018
1 ms. Memory: 278528K Free: 266232K (96%)
ptolemy.util.test.WatchDog.cancel(): canceling Sun Jun 10 21:12:54 UTC 2018
auto.tcl: Setting watchdog for 200 seconds at Sun Jun 10 21:12:54 UTC 2018
1 ms. Memory: 278528K Free: 266232K (96%)
ptolemy.util.test.WatchDog.cancel(): canceling Sun Jun 10 21:12:54 UTC 2018
------------------ testing $PTII/ptolemy/domains/de/test/auto/ResettableTimer5.xml
auto.tcl: Setting watchdog for 200 seconds at Sun Jun 10 21:12:54 UTC 2018
2 ms. Memory: 279552K Free: 265283K (95%)
ptolemy.util.test.WatchDog.cancel(): canceling Sun Jun 10 21:12:54 UTC 2018
auto.tcl: Setting watchdog for 200 seconds at Sun Jun 10 21:12:54 UTC 2018
1 ms. Memory: 279552K Free: 265283K (95%)
ptolemy.util.test.WatchDog.cancel(): canceling Sun Jun 10 21:12:54 UTC 2018
------------------ testing $PTII/ptolemy/domains/de/test/auto/ResettableTimer6.xml
auto.tcl: Setting watchdog for 200 seconds at Sun Jun 10 21:12:54 UTC 2018
2 ms. Memory: 278528K Free: 264111K (95%)
ptolemy.util.test.WatchDog.cancel(): canceling Sun Jun 10 21:12:54 UTC 2018
auto.tcl: Setting watchdog for 200 seconds at Sun Jun 10 21:12:54 UTC 2018
1 ms. Memory: 278528K Free: 264111K (95%)
ptolemy.util.test.WatchDog.cancel(): canceling Sun Jun 10 21:12:54 UTC 2018
------------------ testing $PTII/ptolemy/domains/de/test/auto/ServerZeroDelay.xml
auto.tcl: Setting watchdog for 200 seconds at Sun Jun 10 21:12:54 UTC 2018
2 ms. Memory: 279552K Free: 267194K (96%)
ptolemy.util.test.WatchDog.cancel(): canceling Sun Jun 10 21:12:54 UTC 2018
auto.tcl: Setting watchdog for 200 seconds at Sun Jun 10 21:12:54 UTC 2018
2 ms. Memory: 279552K Free: 267194K (96%)
ptolemy.util.test.WatchDog.cancel(): canceling Sun Jun 10 21:12:54 UTC 2018
------------------ testing $PTII/ptolemy/domains/de/test/auto/SmartSender.xml
auto.tcl: Setting watchdog for 200 seconds at Sun Jun 10 21:12:54 UTC 2018
3001 ms. Memory: 278528K Free: 264194K (95%)
ptolemy.util.test.WatchDog.cancel(): canceling Sun Jun 10 21:12:57 UTC 2018
auto.tcl: Setting watchdog for 200 seconds at Sun Jun 10 21:12:57 UTC 2018
3002 ms. Memory: 278528K Free: 264194K (95%)
ptolemy.util.test.WatchDog.cancel(): canceling Sun Jun 10 21:13:00 UTC 2018
------------------ testing $PTII/ptolemy/domains/de/test/auto/ThreadedComposite.xml
auto.tcl: Setting watchdog for 200 seconds at Sun Jun 10 21:13:00 UTC 2018
221 ms. Memory: 279552K Free: 244581K (87%)
ptolemy.util.test.WatchDog.cancel(): canceling Sun Jun 10 21:13:01 UTC 2018
auto.tcl: Setting watchdog for 200 seconds at Sun Jun 10 21:13:01 UTC 2018
141 ms. Memory: 279552K Free: 226946K (81%)
ptolemy.util.test.WatchDog.cancel(): canceling Sun Jun 10 21:13:01 UTC 2018
------------------ testing $PTII/ptolemy/domains/de/test/auto/Time.xml
auto.tcl: Setting watchdog for 200 seconds at Sun Jun 10 21:13:01 UTC 2018
548 ms. Memory: 278528K Free: 208627K (75%)
ptolemy.util.test.WatchDog.cancel(): canceling Sun Jun 10 21:13:01 UTC 2018
auto.tcl: Setting watchdog for 200 seconds at Sun Jun 10 21:13:01 UTC 2018
543 ms. Memory: 278528K Free: 146615K (53%)
ptolemy.util.test.WatchDog.cancel(): canceling Sun Jun 10 21:13:02 UTC 2018
------------------ testing $PTII/ptolemy/domains/de/test/auto/TimeDelayZeroDelay.xml
auto.tcl: Setting watchdog for 200 seconds at Sun Jun 10 21:13:02 UTC 2018
2 ms. Memory: 279040K Free: 267228K (96%)
ptolemy.util.test.WatchDog.cancel(): canceling Sun Jun 10 21:13:02 UTC 2018
auto.tcl: Setting watchdog for 200 seconds at Sun Jun 10 21:13:02 UTC 2018
2 ms. Memory: 279040K Free: 267228K (96%)
ptolemy.util.test.WatchDog.cancel(): canceling Sun Jun 10 21:13:02 UTC 2018
------------------ testing $PTII/ptolemy/domains/de/test/auto/TimerZeroDelay.xml
auto.tcl: Setting watchdog for 200 seconds at Sun Jun 10 21:13:02 UTC 2018
2 ms. Memory: 278528K Free: 266823K (96%)
ptolemy.util.test.WatchDog.cancel(): canceling Sun Jun 10 21:13:02 UTC 2018
auto.tcl: Setting watchdog for 200 seconds at Sun Jun 10 21:13:02 UTC 2018
1 ms. Memory: 278528K Free: 266823K (96%)
ptolemy.util.test.WatchDog.cancel(): canceling Sun Jun 10 21:13:02 UTC 2018
------------------ testing $PTII/ptolemy/domains/de/test/auto/TimingParadox.xml
auto.tcl: Setting watchdog for 200 seconds at Sun Jun 10 21:13:02 UTC 2018
362 ms. Memory: 279040K Free: 199184K (71%)
ptolemy.util.test.WatchDog.cancel(): canceling Sun Jun 10 21:13:03 UTC 2018
auto.tcl: Setting watchdog for 200 seconds at Sun Jun 10 21:13:03 UTC 2018
338 ms. Memory: 279040K Free: 160942K (58%)
ptolemy.util.test.WatchDog.cancel(): canceling Sun Jun 10 21:13:03 UTC 2018
------------------ testing $PTII/ptolemy/domains/de/test/auto/TransferInputs.xml
auto.tcl: Setting watchdog for 200 seconds at Sun Jun 10 21:13:03 UTC 2018
2 ms. Memory: 279040K Free: 266287K (95%)
ptolemy.util.test.WatchDog.cancel(): canceling Sun Jun 10 21:13:03 UTC 2018
auto.tcl: Setting watchdog for 200 seconds at Sun Jun 10 21:13:03 UTC 2018
2 ms. Memory: 279040K Free: 266287K (95%)
ptolemy.util.test.WatchDog.cancel(): canceling Sun Jun 10 21:13:03 UTC 2018
------------------ testing $PTII/ptolemy/domains/de/test/auto/TransferOutputs2.xml
auto.tcl: Setting watchdog for 200 seconds at Sun Jun 10 21:13:03 UTC 2018
3 ms. Memory: 278528K Free: 264359K (95%)
ptolemy.util.test.WatchDog.cancel(): canceling Sun Jun 10 21:13:03 UTC 2018
auto.tcl: Setting watchdog for 200 seconds at Sun Jun 10 21:13:03 UTC 2018
3 ms. Memory: 278528K Free: 261817K (94%)
ptolemy.util.test.WatchDog.cancel(): canceling Sun Jun 10 21:13:03 UTC 2018
------------------ testing $PTII/ptolemy/domains/de/test/auto/Trilateration.xml
auto.tcl: Setting watchdog for 200 seconds at Sun Jun 10 21:13:03 UTC 2018
13437 ms. Memory: 542208K Free: 68619K (13%)
ptolemy.util.test.WatchDog.cancel(): canceling Sun Jun 10 21:13:17 UTC 2018
auto.tcl: Setting watchdog for 200 seconds at Sun Jun 10 21:13:17 UTC 2018
11290 ms. Memory: 410624K Free: 119992K (29%)
ptolemy.util.test.WatchDog.cancel(): canceling Sun Jun 10 21:13:29 UTC 2018
------------------ testing $PTII/ptolemy/domains/de/test/auto/TwoSigmaDelta.xml
auto.tcl: Setting watchdog for 200 seconds at Sun Jun 10 21:13:29 UTC 2018
2614 ms. Memory: 413696K Free: 114798K (28%)
ptolemy.util.test.WatchDog.cancel(): canceling Sun Jun 10 21:13:32 UTC 2018
auto.tcl: Setting watchdog for 200 seconds at Sun Jun 10 21:13:32 UTC 2018
1902 ms. Memory: 396288K Free: 193234K (49%)
ptolemy.util.test.WatchDog.cancel(): canceling Sun Jun 10 21:13:34 UTC 2018
------------------ testing $PTII/ptolemy/domains/de/test/auto/VariableDelay.xml
auto.tcl: Setting watchdog for 200 seconds at Sun Jun 10 21:13:34 UTC 2018
2 ms. Memory: 395776K Free: 379296K (96%)
ptolemy.util.test.WatchDog.cancel(): canceling Sun Jun 10 21:13:34 UTC 2018
auto.tcl: Setting watchdog for 200 seconds at Sun Jun 10 21:13:34 UTC 2018
1 ms. Memory: 395776K Free: 379296K (96%)
ptolemy.util.test.WatchDog.cancel(): canceling Sun Jun 10 21:13:34 UTC 2018
------------------ testing $PTII/ptolemy/domains/de/test/auto/VariableDelay2.xml
auto.tcl: Setting watchdog for 200 seconds at Sun Jun 10 21:13:34 UTC 2018
2 ms. Memory: 395776K Free: 382850K (97%)
ptolemy.util.test.WatchDog.cancel(): canceling Sun Jun 10 21:13:34 UTC 2018
auto.tcl: Setting watchdog for 200 seconds at Sun Jun 10 21:13:34 UTC 2018
1 ms. Memory: 395776K Free: 382850K (97%)
ptolemy.util.test.WatchDog.cancel(): canceling Sun Jun 10 21:13:34 UTC 2018
------------------ testing $PTII/ptolemy/domains/de/test/auto/VariableDelayZeroDelay.xml
auto.tcl: Setting watchdog for 200 seconds at Sun Jun 10 21:13:34 UTC 2018
3 ms. Memory: 397824K Free: 381753K (96%)
ptolemy.util.test.WatchDog.cancel(): canceling Sun Jun 10 21:13:34 UTC 2018
auto.tcl: Setting watchdog for 200 seconds at Sun Jun 10 21:13:34 UTC 2018
1 ms. Memory: 397824K Free: 381753K (96%)
ptolemy.util.test.WatchDog.cancel(): canceling Sun Jun 10 21:13:34 UTC 2018
------------------ testing $PTII/ptolemy/domains/de/test/auto/VariableDelayZeroDelay2.xml
auto.tcl: Setting watchdog for 200 seconds at Sun Jun 10 21:13:34 UTC 2018
2 ms. Memory: 395776K Free: 379703K (96%)
ptolemy.util.test.WatchDog.cancel(): canceling Sun Jun 10 21:13:34 UTC 2018
auto.tcl: Setting watchdog for 200 seconds at Sun Jun 10 21:13:34 UTC 2018
2 ms. Memory: 395776K Free: 379703K (96%)
ptolemy.util.test.WatchDog.cancel(): canceling Sun Jun 10 21:13:34 UTC 2018
------------------ testing $PTII/ptolemy/domains/de/test/auto/deInCt.xml
auto.tcl: Setting watchdog for 200 seconds at Sun Jun 10 21:13:34 UTC 2018
0
1
1
1
1
1
0
0
0
1
1
1
0
0
0
1
1
1
0
0
0
1
1
1
1
0
0
0
1
1
1
1
0
0
0
0
20 ms. Memory: 397824K Free: 381744K (96%)
ptolemy.util.test.WatchDog.cancel(): canceling Sun Jun 10 21:13:34 UTC 2018
auto.tcl: Setting watchdog for 200 seconds at Sun Jun 10 21:13:34 UTC 2018
0
1
1
1
1
1
0
0
1
1
1
1
1
1
1
1
0
0
0
1
1
1
0
0
0
0
6 ms. Memory: 397824K Free: 376704K (95%)
ptolemy.util.test.WatchDog.cancel(): canceling Sun Jun 10 21:13:34 UTC 2018
------------------ testing $PTII/ptolemy/domains/de/test/auto/deInCt2.xml
auto.tcl: Setting watchdog for 200 seconds at Sun Jun 10 21:13:34 UTC 2018
0
1
1
1
0
0
1
1
1
0
0
1
1
1
0
0
1
1
1
0
0
1
1
1
0
0
1
1
1
0
0
1
1
1
0
0
1
1
1
0
0
0
7 ms. Memory: 395776K Free: 379695K (96%)
ptolemy.util.test.WatchDog.cancel(): canceling Sun Jun 10 21:13:34 UTC 2018
auto.tcl: Setting watchdog for 200 seconds at Sun Jun 10 21:13:34 UTC 2018
0
1
1
1
0
0
1
1
1
0
0
1
1
1
0
0
1
1
1
0
0
1
1
1
0
0
1
1
1
0
0
1
1
1
0
0
1
1
1
0
0
0
6 ms. Memory: 395776K Free: 374656K (95%)
ptolemy.util.test.WatchDog.cancel(): canceling Sun Jun 10 21:13:34 UTC 2018
------------------ testing $PTII/ptolemy/domains/de/test/auto/dynamicCausalityInterface1.xml
auto.tcl: Setting watchdog for 200 seconds at Sun Jun 10 21:13:34 UTC 2018
1 ms. Memory: 397312K Free: 379336K (95%)
ptolemy.util.test.WatchDog.cancel(): canceling Sun Jun 10 21:13:34 UTC 2018
auto.tcl: Setting watchdog for 200 seconds at Sun Jun 10 21:13:34 UTC 2018
0 ms. Memory: 397312K Free: 379336K (95%)
ptolemy.util.test.WatchDog.cancel(): canceling Sun Jun 10 21:13:34 UTC 2018
------------------ testing $PTII/ptolemy/domains/de/test/auto/fsm_de_test.xml
auto.tcl: Setting watchdog for 200 seconds at Sun Jun 10 21:13:34 UTC 2018
12 ms. Memory: 395776K Free: 374559K (95%)
ptolemy.util.test.WatchDog.cancel(): canceling Sun Jun 10 21:13:34 UTC 2018
auto.tcl: Setting watchdog for 200 seconds at Sun Jun 10 21:13:34 UTC 2018
5 ms. Memory: 395776K Free: 374559K (95%)
ptolemy.util.test.WatchDog.cancel(): canceling Sun Jun 10 21:13:34 UTC 2018
------------------ testing $PTII/ptolemy/domains/de/test/auto/functionDependencyReconstruction.xml
auto.tcl: Setting watchdog for 200 seconds at Sun Jun 10 21:13:34 UTC 2018
3 ms. Memory: 397312K Free: 366016K (92%)
ptolemy.util.test.WatchDog.cancel(): canceling Sun Jun 10 21:13:34 UTC 2018
auto.tcl: Setting watchdog for 200 seconds at Sun Jun 10 21:13:34 UTC 2018
2 ms. Memory: 397312K Free: 366016K (92%)
ptolemy.util.test.WatchDog.cancel(): canceling Sun Jun 10 21:13:34 UTC 2018
------------------ testing $PTII/ptolemy/domains/de/test/auto/multirate.xml
auto.tcl: Setting watchdog for 200 seconds at Sun Jun 10 21:13:34 UTC 2018
7 ms. Memory: 395776K Free: 374419K (95%)
ptolemy.util.test.WatchDog.cancel(): canceling Sun Jun 10 21:13:34 UTC 2018
auto.tcl: Setting watchdog for 200 seconds at Sun Jun 10 21:13:34 UTC 2018
2 ms. Memory: 395776K Free: 374419K (95%)
ptolemy.util.test.WatchDog.cancel(): canceling Sun Jun 10 21:13:34 UTC 2018
------------------ testing $PTII/ptolemy/domains/de/test/auto/multirate2.xml
auto.tcl: Setting watchdog for 200 seconds at Sun Jun 10 21:13:34 UTC 2018
6 ms. Memory: 396800K Free: 375631K (95%)
ptolemy.util.test.WatchDog.cancel(): canceling Sun Jun 10 21:13:34 UTC 2018
auto.tcl: Setting watchdog for 200 seconds at Sun Jun 10 21:13:34 UTC 2018
3 ms. Memory: 396800K Free: 375631K (95%)
ptolemy.util.test.WatchDog.cancel(): canceling Sun Jun 10 21:13:34 UTC 2018
------------------ testing $PTII/ptolemy/domains/de/test/auto/realtime.xml
auto.tcl: Setting watchdog for 200 seconds at Sun Jun 10 21:13:34 UTC 2018
10001 ms. Memory: 395776K Free: 379640K (96%)
ptolemy.util.test.WatchDog.cancel(): canceling Sun Jun 10 21:13:44 UTC 2018
auto.tcl: Setting watchdog for 200 seconds at Sun Jun 10 21:13:44 UTC 2018
10002 ms. Memory: 395776K Free: 379640K (96%)
ptolemy.util.test.WatchDog.cancel(): canceling Sun Jun 10 21:13:54 UTC 2018
------------------ testing $PTII/ptolemy/domains/de/test/auto/relationGroup.xml
auto.tcl: Setting watchdog for 200 seconds at Sun Jun 10 21:13:54 UTC 2018
9 ms. Memory: 396800K Free: 380695K (96%)
ptolemy.util.test.WatchDog.cancel(): canceling Sun Jun 10 21:13:55 UTC 2018
auto.tcl: Setting watchdog for 200 seconds at Sun Jun 10 21:13:55 UTC 2018
1 ms. Memory: 396800K Free: 380695K (96%)
ptolemy.util.test.WatchDog.cancel(): canceling Sun Jun 10 21:13:55 UTC 2018
------------------ testing $PTII/ptolemy/domains/de/test/auto/relationGroup2.xml
auto.tcl: Setting watchdog for 200 seconds at Sun Jun 10 21:13:55 UTC 2018
1 ms. Memory: 395776K Free: 379698K (96%)
ptolemy.util.test.WatchDog.cancel(): canceling Sun Jun 10 21:13:55 UTC 2018
auto.tcl: Setting watchdog for 200 seconds at Sun Jun 10 21:13:55 UTC 2018
1 ms. Memory: 395776K Free: 379698K (96%)
ptolemy.util.test.WatchDog.cancel(): canceling Sun Jun 10 21:13:55 UTC 2018
------------------ testing $PTII/ptolemy/domains/de/test/auto/sortWithOpaquePorts.xml
auto.tcl: Setting watchdog for 200 seconds at Sun Jun 10 21:13:55 UTC 2018
1 ms. Memory: 396800K Free: 380723K (96%)
ptolemy.util.test.WatchDog.cancel(): canceling Sun Jun 10 21:13:55 UTC 2018
auto.tcl: Setting watchdog for 200 seconds at Sun Jun 10 21:13:55 UTC 2018
2 ms. Memory: 396800K Free: 380723K (96%)
ptolemy.util.test.WatchDog.cancel(): canceling Sun Jun 10 21:13:55 UTC 2018
------------------ testing $PTII/ptolemy/domains/de/test/auto/transferInputsandOutputs.xml
auto.tcl: Setting watchdog for 200 seconds at Sun Jun 10 21:13:55 UTC 2018
3 ms. Memory: 395776K Free: 374662K (95%)
ptolemy.util.test.WatchDog.cancel(): canceling Sun Jun 10 21:13:55 UTC 2018
auto.tcl: Setting watchdog for 200 seconds at Sun Jun 10 21:13:55 UTC 2018
1 ms. Memory: 395776K Free: 374662K (95%)
ptolemy.util.test.WatchDog.cancel(): canceling Sun Jun 10 21:13:55 UTC 2018
------------------ testing $PTII/ptolemy/domains/de/test/auto/triggerType.xml
auto.tcl: Setting watchdog for 200 seconds at Sun Jun 10 21:13:55 UTC 2018
1 ms. Memory: 396288K Free: 380148K (96%)
ptolemy.util.test.WatchDog.cancel(): canceling Sun Jun 10 21:13:55 UTC 2018
auto.tcl: Setting watchdog for 200 seconds at Sun Jun 10 21:13:55 UTC 2018
1 ms. Memory: 396288K Free: 380148K (96%)
ptolemy.util.test.WatchDog.cancel(): canceling Sun Jun 10 21:13:55 UTC 2018
06/10/18 09:13:55
Failed: 0  Total Tests: 192  ((Passed: 187, Newly Passed: 1)  Known Failed: 5) /home/travis/build/icyphy/ptII/ptolemy/domains/de/test
06/10/18 09:13:55
Failed: 0  Total Tests: 192  ((Passed: 187, Newly Passed: 1)  Known Failed: 5) /home/travis/build/icyphy/ptII/ptolemy/domains/de/test
----------------- testing (KnownFailure) /home/travis/build/icyphy/ptII/ptolemy/domains/de/test/auto/knownFailedTests/DESDFClockTest.xml
2013 ms. Memory: 395776K Free: 367094K (93%)
Known Failure: java.lang.reflect.InvocationTargetException
----------------- testing (KnownFailure) /home/travis/build/icyphy/ptII/ptolemy/domains/de/test/auto/knownFailedTests/DirectFeedback.xml
1 ms. Memory: 395776K Free: 341944K (86%)
Known Failure: java.lang.reflect.InvocationTargetException
----------------- testing (KnownFailure) /home/travis/build/icyphy/ptII/ptolemy/domains/de/test/auto/knownFailedTests/FSMSource.xml
4 ms. Memory: 395776K Free: 316795K (80%)
----------------- testing (KnownFailure) /home/travis/build/icyphy/ptII/ptolemy/domains/de/test/auto/knownFailedTests/HierarchicalModel.xml
2 ms. Memory: 395776K Free: 291629K (74%)
Known Failure: java.lang.reflect.InvocationTargetException
----------------- testing (KnownFailure) /home/travis/build/icyphy/ptII/ptolemy/domains/de/test/auto/knownFailedTests/dependencyLoop.xml
2 ms. Memory: 395776K Free: 253896K (64%)
Known Failure: java.lang.reflect.InvocationTargetException
----------------- testing (KnownFailure) /home/travis/build/icyphy/ptII/ptolemy/domains/de/test/auto/knownFailedTests/dependencyLoop2.xml
2 ms. Memory: 395776K Free: 216156K (55%)
Known Failure: java.lang.reflect.InvocationTargetException
No auto/linux-amd64/*.xml tests in /home/travis/build/icyphy/ptII/ptolemy/domains/de/test
AutoTests.java: About to close Vertx.
AutoTests.java: Vertx closed.

===========================================================================================
----------------- testing Sun Jun 10 21:13:57 UTC 2018 /home/travis/build/icyphy/ptII/ptolemy/domains/de/test/auto/ActorDepthCalculation_actorWithoutPorts.xml
----------------- Instantiating /home/travis/build/icyphy/ptII/ptolemy/domains/de/test/auto/ActorDepthCalculation_actorWithoutPorts.xml
1 ms. Memory: 395776K Free: 184719K (47%)
----------------- Invoking toplevel() on ptolemy.moml.MoMLSimpleApplication@71ba1ac1
----------------- Done invoking toplevel() on ptolemy.moml.MoMLSimpleApplication@71ba1ac1
reloadAllAccessors: .ActorDepthCalculation_actorWithoutPorts

===========================================================================================
----------------- testing Sun Jun 10 21:13:57 UTC 2018 /home/travis/build/icyphy/ptII/ptolemy/domains/de/test/auto/AssemblyLine.xml
----------------- Instantiating /home/travis/build/icyphy/ptII/ptolemy/domains/de/test/auto/AssemblyLine.xml
1 ms. Memory: 395776K Free: 165841K (42%)
----------------- Invoking toplevel() on ptolemy.moml.MoMLSimpleApplication@2c4e55b6
----------------- Done invoking toplevel() on ptolemy.moml.MoMLSimpleApplication@2c4e55b6
reloadAllAccessors: .AssemblyLine

===========================================================================================
----------------- testing Sun Jun 10 21:13:57 UTC 2018 /home/travis/build/icyphy/ptII/ptolemy/domains/de/test/auto/CQBug1.xml
----------------- Instantiating /home/travis/build/icyphy/ptII/ptolemy/domains/de/test/auto/CQBug1.xml
0 ms. Memory: 395776K Free: 153266K (39%)
----------------- Invoking toplevel() on ptolemy.moml.MoMLSimpleApplication@1d734e6e
----------------- Done invoking toplevel() on ptolemy.moml.MoMLSimpleApplication@1d734e6e
reloadAllAccessors: .CQBug1

===========================================================================================
----------------- testing Sun Jun 10 21:13:57 UTC 2018 /home/travis/build/icyphy/ptII/ptolemy/domains/de/test/auto/CancelFireAt.xml
----------------- Instantiating /home/travis/build/icyphy/ptII/ptolemy/domains/de/test/auto/CancelFireAt.xml
1 ms. Memory: 395776K Free: 140691K (36%)
----------------- Invoking toplevel() on ptolemy.moml.MoMLSimpleApplication@45d2bbb
----------------- Done invoking toplevel() on ptolemy.moml.MoMLSimpleApplication@45d2bbb
reloadAllAccessors: .CancelFireAt

===========================================================================================
----------------- testing Sun Jun 10 21:13:57 UTC 2018 /home/travis/build/icyphy/ptII/ptolemy/domains/de/test/auto/CausalityAndComposabilityAnalysis.xml
----------------- Instantiating /home/travis/build/icyphy/ptII/ptolemy/domains/de/test/auto/CausalityAndComposabilityAnalysis.xml
1 ms. Memory: 395776K Free: 128116K (32%)
----------------- Invoking toplevel() on ptolemy.moml.MoMLSimpleApplication@69c215f0
----------------- Done invoking toplevel() on ptolemy.moml.MoMLSimpleApplication@69c215f0
reloadAllAccessors: .CausalityAndComposabilityAnalysis

===========================================================================================
----------------- testing Sun Jun 10 21:13:57 UTC 2018 /home/travis/build/icyphy/ptII/ptolemy/domains/de/test/auto/CausalityInterface1.xml
----------------- Instantiating /home/travis/build/icyphy/ptII/ptolemy/domains/de/test/auto/CausalityInterface1.xml
3 ms. Memory: 395776K Free: 115541K (29%)
----------------- Invoking toplevel() on ptolemy.moml.MoMLSimpleApplication@166edacb
----------------- Done invoking toplevel() on ptolemy.moml.MoMLSimpleApplication@166edacb
reloadAllAccessors: .CausalityInterface1

===========================================================================================
----------------- testing Sun Jun 10 21:13:57 UTC 2018 /home/travis/build/icyphy/ptII/ptolemy/domains/de/test/auto/CausalityInterface15.xml
----------------- Instantiating /home/travis/build/icyphy/ptII/ptolemy/domains/de/test/auto/CausalityInterface15.xml
2 ms. Memory: 395776K Free: 102967K (26%)
----------------- Invoking toplevel() on ptolemy.moml.MoMLSimpleApplication@181320ca
----------------- Done invoking toplevel() on ptolemy.moml.MoMLSimpleApplication@181320ca
reloadAllAccessors: .CausalityInterface15

===========================================================================================
----------------- testing Sun Jun 10 21:13:57 UTC 2018 /home/travis/build/icyphy/ptII/ptolemy/domains/de/test/auto/CausalityInterface2.xml
----------------- Instantiating /home/travis/build/icyphy/ptII/ptolemy/domains/de/test/auto/CausalityInterface2.xml
1 ms. Memory: 395776K Free: 90392K (23%)
----------------- Invoking toplevel() on ptolemy.moml.MoMLSimpleApplication@25d032f0
----------------- Done invoking toplevel() on ptolemy.moml.MoMLSimpleApplication@25d032f0
reloadAllAccessors: .CausalityInterface2

===========================================================================================
----------------- testing Sun Jun 10 21:13:57 UTC 2018 /home/travis/build/icyphy/ptII/ptolemy/domains/de/test/auto/CausalityInterface3.xml
----------------- Instantiating /home/travis/build/icyphy/ptII/ptolemy/domains/de/test/auto/CausalityInterface3.xml
1 ms. Memory: 395776K Free: 77817K (20%)
----------------- Invoking toplevel() on ptolemy.moml.MoMLSimpleApplication@276dfb0f
----------------- Done invoking toplevel() on ptolemy.moml.MoMLSimpleApplication@276dfb0f
reloadAllAccessors: .CausalityInterface3

===========================================================================================
----------------- testing Sun Jun 10 21:13:57 UTC 2018 /home/travis/build/icyphy/ptII/ptolemy/domains/de/test/auto/ClockDrift.xml
----------------- Instantiating /home/travis/build/icyphy/ptII/ptolemy/domains/de/test/auto/ClockDrift.xml
9 ms. Memory: 382464K Free: 359380K (94%)
----------------- Invoking toplevel() on ptolemy.moml.MoMLSimpleApplication@2936577a
----------------- Done invoking toplevel() on ptolemy.moml.MoMLSimpleApplication@2936577a
reloadAllAccessors: .ClockDrift

===========================================================================================
----------------- testing Sun Jun 10 21:13:57 UTC 2018 /home/travis/build/icyphy/ptII/ptolemy/domains/de/test/auto/ClockDriftAndValueChange.xml
----------------- Instantiating /home/travis/build/icyphy/ptII/ptolemy/domains/de/test/auto/ClockDriftAndValueChange.xml
9 ms. Memory: 382464K Free: 338176K (88%)
----------------- Invoking toplevel() on ptolemy.moml.MoMLSimpleApplication@4c6ba735
----------------- Done invoking toplevel() on ptolemy.moml.MoMLSimpleApplication@4c6ba735
reloadAllAccessors: .ClockDriftAndValueChange

===========================================================================================
----------------- testing Sun Jun 10 21:13:57 UTC 2018 /home/travis/build/icyphy/ptII/ptolemy/domains/de/test/auto/ClockDriftChange.xml
----------------- Instantiating /home/travis/build/icyphy/ptII/ptolemy/domains/de/test/auto/ClockDriftChange.xml
8 ms. Memory: 382464K Free: 320127K (84%)
----------------- Invoking toplevel() on ptolemy.moml.MoMLSimpleApplication@5f5a5ed9
----------------- Done invoking toplevel() on ptolemy.moml.MoMLSimpleApplication@5f5a5ed9
reloadAllAccessors: .ClockDriftChange

===========================================================================================
----------------- testing Sun Jun 10 21:13:57 UTC 2018 /home/travis/build/icyphy/ptII/ptolemy/domains/de/test/auto/ComposableCausalityAnalysis.xml
----------------- Instantiating /home/travis/build/icyphy/ptII/ptolemy/domains/de/test/auto/ComposableCausalityAnalysis.xml
0 ms. Memory: 382464K Free: 308105K (81%)
----------------- Invoking toplevel() on ptolemy.moml.MoMLSimpleApplication@7b29253f
----------------- Done invoking toplevel() on ptolemy.moml.MoMLSimpleApplication@7b29253f
reloadAllAccessors: .ComposableCausalityAnalysis

===========================================================================================
----------------- testing Sun Jun 10 21:13:57 UTC 2018 /home/travis/build/icyphy/ptII/ptolemy/domains/de/test/auto/DEFixedPointLimitation.xml
----------------- Instantiating /home/travis/build/icyphy/ptII/ptolemy/domains/de/test/auto/DEFixedPointLimitation.xml
0 ms. Memory: 382464K Free: 296084K (77%)
----------------- Invoking toplevel() on ptolemy.moml.MoMLSimpleApplication@2ae1cb15
----------------- Done invoking toplevel() on ptolemy.moml.MoMLSimpleApplication@2ae1cb15
reloadAllAccessors: .DEFixedPointLimitation

===========================================================================================
----------------- testing Sun Jun 10 21:13:57 UTC 2018 /home/travis/build/icyphy/ptII/ptolemy/domains/de/test/auto/DEScheduleTest.xml
----------------- Instantiating /home/travis/build/icyphy/ptII/ptolemy/domains/de/test/auto/DEScheduleTest.xml
1 ms. Memory: 382464K Free: 284062K (74%)
----------------- Invoking toplevel() on ptolemy.moml.MoMLSimpleApplication@43b5b57
----------------- Done invoking toplevel() on ptolemy.moml.MoMLSimpleApplication@43b5b57
reloadAllAccessors: .DEScheduleTest

===========================================================================================
----------------- testing Sun Jun 10 21:13:57 UTC 2018 /home/travis/build/icyphy/ptII/ptolemy/domains/de/test/auto/DEinDEwithStartTimes.xml
----------------- Instantiating /home/travis/build/icyphy/ptII/ptolemy/domains/de/test/auto/DEinDEwithStartTimes.xml
1 ms. Memory: 382464K Free: 272040K (71%)
----------------- Invoking toplevel() on ptolemy.moml.MoMLSimpleApplication@31b9be46
----------------- Done invoking toplevel() on ptolemy.moml.MoMLSimpleApplication@31b9be46
reloadAllAccessors: .DEinDEwithStartTimes

===========================================================================================
----------------- testing Sun Jun 10 21:13:57 UTC 2018 /home/travis/build/icyphy/ptII/ptolemy/domains/de/test/auto/DEinDEwithStartTimes2.xml
----------------- Instantiating /home/travis/build/icyphy/ptII/ptolemy/domains/de/test/auto/DEinDEwithStartTimes2.xml
2 ms. Memory: 382464K Free: 256863K (67%)
----------------- Invoking toplevel() on ptolemy.moml.MoMLSimpleApplication@28fa238f
----------------- Done invoking toplevel() on ptolemy.moml.MoMLSimpleApplication@28fa238f
reloadAllAccessors: .DEinDEwithStartTimes2

===========================================================================================
----------------- testing Sun Jun 10 21:13:57 UTC 2018 /home/travis/build/icyphy/ptII/ptolemy/domains/de/test/auto/DateDemo.xml
----------------- Instantiating /home/travis/build/icyphy/ptII/ptolemy/domains/de/test/auto/DateDemo.xml
4 ms. Memory: 382464K Free: 238830K (62%)
----------------- Invoking toplevel() on ptolemy.moml.MoMLSimpleApplication@691d488b
----------------- Done invoking toplevel() on ptolemy.moml.MoMLSimpleApplication@691d488b
reloadAllAccessors: .DateDemo

===========================================================================================
----------------- testing Sun Jun 10 21:13:57 UTC 2018 /home/travis/build/icyphy/ptII/ptolemy/domains/de/test/auto/DateToEvent.xml
----------------- Instantiating /home/travis/build/icyphy/ptII/ptolemy/domains/de/test/auto/DateToEvent.xml
2003 ms. Memory: 382464K Free: 214770K (56%)
----------------- Invoking toplevel() on ptolemy.moml.MoMLSimpleApplication@4c2bd096
----------------- Done invoking toplevel() on ptolemy.moml.MoMLSimpleApplication@4c2bd096
reloadAllAccessors: .DateToEvent

===========================================================================================
----------------- testing Sun Jun 10 21:13:59 UTC 2018 /home/travis/build/icyphy/ptII/ptolemy/domains/de/test/auto/DepthTest1.xml
----------------- Instantiating /home/travis/build/icyphy/ptII/ptolemy/domains/de/test/auto/DepthTest1.xml
1 ms. Memory: 382464K Free: 202748K (53%)
----------------- Invoking toplevel() on ptolemy.moml.MoMLSimpleApplication@7a0e1f0b
----------------- Done invoking toplevel() on ptolemy.moml.MoMLSimpleApplication@7a0e1f0b
reloadAllAccessors: .DepthTest1

===========================================================================================
----------------- testing Sun Jun 10 21:13:59 UTC 2018 /home/travis/build/icyphy/ptII/ptolemy/domains/de/test/auto/DepthTest2.xml
----------------- Instantiating /home/travis/build/icyphy/ptII/ptolemy/domains/de/test/auto/DepthTest2.xml
1 ms. Memory: 382464K Free: 184700K (48%)
----------------- Invoking toplevel() on ptolemy.moml.MoMLSimpleApplication@187af2e9
----------------- Done invoking toplevel() on ptolemy.moml.MoMLSimpleApplication@187af2e9
reloadAllAccessors: .DepthTest2

===========================================================================================
----------------- testing Sun Jun 10 21:13:59 UTC 2018 /home/travis/build/icyphy/ptII/ptolemy/domains/de/test/auto/DepthTest3.xml
----------------- Instantiating /home/travis/build/icyphy/ptII/ptolemy/domains/de/test/auto/DepthTest3.xml
1 ms. Memory: 382464K Free: 172678K (45%)
----------------- Invoking toplevel() on ptolemy.moml.MoMLSimpleApplication@240dfd72
----------------- Done invoking toplevel() on ptolemy.moml.MoMLSimpleApplication@240dfd72
reloadAllAccessors: .DepthTest3

===========================================================================================
----------------- testing Sun Jun 10 21:13:59 UTC 2018 /home/travis/build/icyphy/ptII/ptolemy/domains/de/test/auto/DepthTest4.xml
----------------- Instantiating /home/travis/build/icyphy/ptII/ptolemy/domains/de/test/auto/DepthTest4.xml
1 ms. Memory: 382464K Free: 160656K (42%)
----------------- Invoking toplevel() on ptolemy.moml.MoMLSimpleApplication@4934812a
----------------- Done invoking toplevel() on ptolemy.moml.MoMLSimpleApplication@4934812a
reloadAllAccessors: .DepthTest4

===========================================================================================
----------------- testing Sun Jun 10 21:13:59 UTC 2018 /home/travis/build/icyphy/ptII/ptolemy/domains/de/test/auto/DepthTest5.xml
----------------- Instantiating /home/travis/build/icyphy/ptII/ptolemy/domains/de/test/auto/DepthTest5.xml
1 ms. Memory: 382464K Free: 145479K (38%)
----------------- Invoking toplevel() on ptolemy.moml.MoMLSimpleApplication@58e89199
----------------- Done invoking toplevel() on ptolemy.moml.MoMLSimpleApplication@58e89199
reloadAllAccessors: .DepthTest5

===========================================================================================
----------------- testing Sun Jun 10 21:13:59 UTC 2018 /home/travis/build/icyphy/ptII/ptolemy/domains/de/test/auto/DepthTest6.xml
----------------- Instantiating /home/travis/build/icyphy/ptII/ptolemy/domains/de/test/auto/DepthTest6.xml
1 ms. Memory: 382464K Free: 133457K (35%)
----------------- Invoking toplevel() on ptolemy.moml.MoMLSimpleApplication@2ac7c440
----------------- Done invoking toplevel() on ptolemy.moml.MoMLSimpleApplication@2ac7c440
reloadAllAccessors: .DepthTest6

===========================================================================================
----------------- testing Sun Jun 10 21:13:59 UTC 2018 /home/travis/build/icyphy/ptII/ptolemy/domains/de/test/auto/DepthTest7.xml
----------------- Instantiating /home/travis/build/icyphy/ptII/ptolemy/domains/de/test/auto/DepthTest7.xml
1 ms. Memory: 382464K Free: 121435K (32%)
----------------- Invoking toplevel() on ptolemy.moml.MoMLSimpleApplication@6e257a10
----------------- Done invoking toplevel() on ptolemy.moml.MoMLSimpleApplication@6e257a10
reloadAllAccessors: .DepthTest7

===========================================================================================
----------------- testing Sun Jun 10 21:13:59 UTC 2018 /home/travis/build/icyphy/ptII/ptolemy/domains/de/test/auto/EventToDate.xml
----------------- Instantiating /home/travis/build/icyphy/ptII/ptolemy/domains/de/test/auto/EventToDate.xml
3003 ms. Memory: 382464K Free: 97376K (25%)
----------------- Invoking toplevel() on ptolemy.moml.MoMLSimpleApplication@44f346c1
----------------- Done invoking toplevel() on ptolemy.moml.MoMLSimpleApplication@44f346c1
reloadAllAccessors: .EventToDate

===========================================================================================
----------------- testing Sun Jun 10 21:14:02 UTC 2018 /home/travis/build/icyphy/ptII/ptolemy/domains/de/test/auto/FSM1.xml
----------------- Instantiating /home/travis/build/icyphy/ptII/ptolemy/domains/de/test/auto/FSM1.xml
8 ms. Memory: 382464K Free: 79343K (21%)
----------------- Invoking toplevel() on ptolemy.moml.MoMLSimpleApplication@11e1d0f
----------------- Done invoking toplevel() on ptolemy.moml.MoMLSimpleApplication@11e1d0f
reloadAllAccessors: .FSM1

===========================================================================================
----------------- testing Sun Jun 10 21:14:02 UTC 2018 /home/travis/build/icyphy/ptII/ptolemy/domains/de/test/auto/FSM7.xml
----------------- Instantiating /home/travis/build/icyphy/ptII/ptolemy/domains/de/test/auto/FSM7.xml
7 ms. Memory: 369152K Free: 349231K (95%)
----------------- Invoking toplevel() on ptolemy.moml.MoMLSimpleApplication@5c6a320d
----------------- Done invoking toplevel() on ptolemy.moml.MoMLSimpleApplication@5c6a320d
reloadAllAccessors: .FSM7

===========================================================================================
----------------- testing Sun Jun 10 21:14:02 UTC 2018 /home/travis/build/icyphy/ptII/ptolemy/domains/de/test/auto/Inspection.xml
----------------- Instantiating /home/travis/build/icyphy/ptII/ptolemy/domains/de/test/auto/Inspection.xml
9 ms. Memory: 369152K Free: 329942K (89%)
----------------- Invoking toplevel() on ptolemy.moml.MoMLSimpleApplication@1dd651e3
----------------- Done invoking toplevel() on ptolemy.moml.MoMLSimpleApplication@1dd651e3
reloadAllAccessors: .Inspection

===========================================================================================
----------------- testing Sun Jun 10 21:14:02 UTC 2018 /home/travis/build/icyphy/ptII/ptolemy/domains/de/test/auto/Iteration.xml
----------------- Instantiating /home/travis/build/icyphy/ptII/ptolemy/domains/de/test/auto/Iteration.xml
4 ms. Memory: 369152K Free: 318421K (86%)
----------------- Invoking toplevel() on ptolemy.moml.MoMLSimpleApplication@5da1e81c
----------------- Done invoking toplevel() on ptolemy.moml.MoMLSimpleApplication@5da1e81c
reloadAllAccessors: .Iteration

===========================================================================================
----------------- testing Sun Jun 10 21:14:02 UTC 2018 /home/travis/build/icyphy/ptII/ptolemy/domains/de/test/auto/LineFault.xml
----------------- Instantiating /home/travis/build/icyphy/ptII/ptolemy/domains/de/test/auto/LineFault.xml
302 ms. Memory: 369152K Free: 197598K (54%)
----------------- Invoking toplevel() on ptolemy.moml.MoMLSimpleApplication@5748225
----------------- Done invoking toplevel() on ptolemy.moml.MoMLSimpleApplication@5748225
reloadAllAccessors: .LineFault

===========================================================================================
----------------- testing Sun Jun 10 21:14:03 UTC 2018 /home/travis/build/icyphy/ptII/ptolemy/domains/de/test/auto/MergeModel1Add.xml
----------------- Instantiating /home/travis/build/icyphy/ptII/ptolemy/domains/de/test/auto/MergeModel1Add.xml
5 ms. Memory: 369152K Free: 174603K (47%)
----------------- Invoking toplevel() on ptolemy.moml.MoMLSimpleApplication@2cdbdf70
----------------- Done invoking toplevel() on ptolemy.moml.MoMLSimpleApplication@2cdbdf70
reloadAllAccessors: .MergeModel1Add

===========================================================================================
----------------- testing Sun Jun 10 21:14:03 UTC 2018 /home/travis/build/icyphy/ptII/ptolemy/domains/de/test/auto/MergeModel2Add.xml
----------------- Instantiating /home/travis/build/icyphy/ptII/ptolemy/domains/de/test/auto/MergeModel2Add.xml
4 ms. Memory: 369152K Free: 149539K (41%)
----------------- Invoking toplevel() on ptolemy.moml.MoMLSimpleApplication@7080279d
----------------- Done invoking toplevel() on ptolemy.moml.MoMLSimpleApplication@7080279d
reloadAllAccessors: .MergeModel2Add

===========================================================================================
----------------- testing Sun Jun 10 21:14:03 UTC 2018 /home/travis/build/icyphy/ptII/ptolemy/domains/de/test/auto/MergeModel3Add.xml
----------------- Instantiating /home/travis/build/icyphy/ptII/ptolemy/domains/de/test/auto/MergeModel3Add.xml
5 ms. Memory: 369152K Free: 129368K (35%)
----------------- Invoking toplevel() on ptolemy.moml.MoMLSimpleApplication@7fddb853
----------------- Done invoking toplevel() on ptolemy.moml.MoMLSimpleApplication@7fddb853
reloadAllAccessors: .MergeModel3Add

===========================================================================================
----------------- testing Sun Jun 10 21:14:03 UTC 2018 /home/travis/build/icyphy/ptII/ptolemy/domains/de/test/auto/MergeWithoutDiscard.xml
----------------- Instantiating /home/travis/build/icyphy/ptII/ptolemy/domains/de/test/auto/MergeWithoutDiscard.xml
1 ms. Memory: 369152K Free: 120735K (33%)
----------------- Invoking toplevel() on ptolemy.moml.MoMLSimpleApplication@275f41d2
----------------- Done invoking toplevel() on ptolemy.moml.MoMLSimpleApplication@275f41d2
reloadAllAccessors: .MergeWithoutDiscard

===========================================================================================
----------------- testing Sun Jun 10 21:14:03 UTC 2018 /home/travis/build/icyphy/ptII/ptolemy/domains/de/test/auto/Modal1.xml
----------------- Instantiating /home/travis/build/icyphy/ptII/ptolemy/domains/de/test/auto/Modal1.xml
6 ms. Memory: 369152K Free: 103469K (28%)
----------------- Invoking toplevel() on ptolemy.moml.MoMLSimpleApplication@72c6d998
----------------- Done invoking toplevel() on ptolemy.moml.MoMLSimpleApplication@72c6d998
reloadAllAccessors: .Modal1

===========================================================================================
----------------- testing Sun Jun 10 21:14:03 UTC 2018 /home/travis/build/icyphy/ptII/ptolemy/domains/de/test/auto/Modal2.xml
----------------- Instantiating /home/travis/build/icyphy/ptII/ptolemy/domains/de/test/auto/Modal2.xml
5 ms. Memory: 369152K Free: 84198K (23%)
----------------- Invoking toplevel() on ptolemy.moml.MoMLSimpleApplication@b3db752
----------------- Done invoking toplevel() on ptolemy.moml.MoMLSimpleApplication@b3db752
reloadAllAccessors: .Modal2

===========================================================================================
----------------- testing Sun Jun 10 21:14:03 UTC 2018 /home/travis/build/icyphy/ptII/ptolemy/domains/de/test/auto/Modal3.xml
----------------- Instantiating /home/travis/build/icyphy/ptII/ptolemy/domains/de/test/auto/Modal3.xml
5 ms. Memory: 356352K Free: 342171K (96%)
----------------- Invoking toplevel() on ptolemy.moml.MoMLSimpleApplication@1d582b42
----------------- Done invoking toplevel() on ptolemy.moml.MoMLSimpleApplication@1d582b42
reloadAllAccessors: .Modal3

===========================================================================================
----------------- testing Sun Jun 10 21:14:03 UTC 2018 /home/travis/build/icyphy/ptII/ptolemy/domains/de/test/auto/Modal4.xml
----------------- Instantiating /home/travis/build/icyphy/ptII/ptolemy/domains/de/test/auto/Modal4.xml
9 ms. Memory: 356352K Free: 324384K (91%)
----------------- Invoking toplevel() on ptolemy.moml.MoMLSimpleApplication@17995a90
----------------- Done invoking toplevel() on ptolemy.moml.MoMLSimpleApplication@17995a90
reloadAllAccessors: .Modal4

===========================================================================================
----------------- testing Sun Jun 10 21:14:03 UTC 2018 /home/travis/build/icyphy/ptII/ptolemy/domains/de/test/auto/Modal5.xml
----------------- Instantiating /home/travis/build/icyphy/ptII/ptolemy/domains/de/test/auto/Modal5.xml
5 ms. Memory: 356352K Free: 307870K (86%)
----------------- Invoking toplevel() on ptolemy.moml.MoMLSimpleApplication@7d60dc49
----------------- Done invoking toplevel() on ptolemy.moml.MoMLSimpleApplication@7d60dc49
reloadAllAccessors: .Modal5

===========================================================================================
----------------- testing Sun Jun 10 21:14:03 UTC 2018 /home/travis/build/icyphy/ptII/ptolemy/domains/de/test/auto/Modal6.xml
----------------- Instantiating /home/travis/build/icyphy/ptII/ptolemy/domains/de/test/auto/Modal6.xml
5 ms. Memory: 356352K Free: 290083K (81%)
----------------- Invoking toplevel() on ptolemy.moml.MoMLSimpleApplication@48fdf1c7
----------------- Done invoking toplevel() on ptolemy.moml.MoMLSimpleApplication@48fdf1c7
reloadAllAccessors: .Modal6

===========================================================================================
----------------- testing Sun Jun 10 21:14:03 UTC 2018 /home/travis/build/icyphy/ptII/ptolemy/domains/de/test/auto/Modal7.xml
----------------- Instantiating /home/travis/build/icyphy/ptII/ptolemy/domains/de/test/auto/Modal7.xml
5 ms. Memory: 356352K Free: 273585K (77%)
----------------- Invoking toplevel() on ptolemy.moml.MoMLSimpleApplication@53111124
----------------- Done invoking toplevel() on ptolemy.moml.MoMLSimpleApplication@53111124
reloadAllAccessors: .Modal7

===========================================================================================
----------------- testing Sun Jun 10 21:14:03 UTC 2018 /home/travis/build/icyphy/ptII/ptolemy/domains/de/test/auto/ModalModel.xml
----------------- Instantiating /home/travis/build/icyphy/ptII/ptolemy/domains/de/test/auto/ModalModel.xml
85 ms. Memory: 356352K Free: 202055K (57%)
----------------- Invoking toplevel() on ptolemy.moml.MoMLSimpleApplication@6fd96943
----------------- Done invoking toplevel() on ptolemy.moml.MoMLSimpleApplication@6fd96943
reloadAllAccessors: .ModalModel

===========================================================================================
----------------- testing Sun Jun 10 21:14:03 UTC 2018 /home/travis/build/icyphy/ptII/ptolemy/domains/de/test/auto/ModalSource.xml
----------------- Instantiating /home/travis/build/icyphy/ptII/ptolemy/domains/de/test/auto/ModalSource.xml
3 ms. Memory: 356352K Free: 189773K (53%)
----------------- Invoking toplevel() on ptolemy.moml.MoMLSimpleApplication@77de59dd
----------------- Done invoking toplevel() on ptolemy.moml.MoMLSimpleApplication@77de59dd
reloadAllAccessors: .ModalSource

===========================================================================================
----------------- testing Sun Jun 10 21:14:03 UTC 2018 /home/travis/build/icyphy/ptII/ptolemy/domains/de/test/auto/NonInterruptibleTimerZeroDelay.xml
----------------- Instantiating /home/travis/build/icyphy/ptII/ptolemy/domains/de/test/auto/NonInterruptibleTimerZeroDelay.xml
1 ms. Memory: 356352K Free: 181522K (51%)
----------------- Invoking toplevel() on ptolemy.moml.MoMLSimpleApplication@7a893ae6
----------------- Done invoking toplevel() on ptolemy.moml.MoMLSimpleApplication@7a893ae6
reloadAllAccessors: .NonInterruptibleTimerZeroDelay

===========================================================================================
----------------- testing Sun Jun 10 21:14:03 UTC 2018 /home/travis/build/icyphy/ptII/ptolemy/domains/de/test/auto/OpenQueueingNetwork.xml
----------------- Instantiating /home/travis/build/icyphy/ptII/ptolemy/domains/de/test/auto/OpenQueueingNetwork.xml
1787 ms. Memory: 334336K Free: 105689K (32%)
----------------- Invoking toplevel() on ptolemy.moml.MoMLSimpleApplication@1b12ad0
----------------- Done invoking toplevel() on ptolemy.moml.MoMLSimpleApplication@1b12ad0
reloadAllAccessors: .OpenQueueingNetwork

===========================================================================================
----------------- testing Sun Jun 10 21:14:05 UTC 2018 /home/travis/build/icyphy/ptII/ptolemy/domains/de/test/auto/OpenQueuingNetwork.xml
----------------- Instantiating /home/travis/build/icyphy/ptII/ptolemy/domains/de/test/auto/OpenQueuingNetwork.xml
217 ms. Memory: 322048K Free: 253355K (79%)
----------------- Invoking toplevel() on ptolemy.moml.MoMLSimpleApplication@36d12538
----------------- Done invoking toplevel() on ptolemy.moml.MoMLSimpleApplication@36d12538
reloadAllAccessors: .OpenQueuingNetwork

===========================================================================================
----------------- testing Sun Jun 10 21:14:05 UTC 2018 /home/travis/build/icyphy/ptII/ptolemy/domains/de/test/auto/PeriodicSampler.xml
----------------- Instantiating /home/travis/build/icyphy/ptII/ptolemy/domains/de/test/auto/PeriodicSampler.xml
1 ms. Memory: 322048K Free: 246113K (76%)
----------------- Invoking toplevel() on ptolemy.moml.MoMLSimpleApplication@7083dab6
----------------- Done invoking toplevel() on ptolemy.moml.MoMLSimpleApplication@7083dab6
reloadAllAccessors: .PeriodicSampler

===========================================================================================
----------------- testing Sun Jun 10 21:14:05 UTC 2018 /home/travis/build/icyphy/ptII/ptolemy/domains/de/test/auto/PersistentIO.xml
----------------- Instantiating /home/travis/build/icyphy/ptII/ptolemy/domains/de/test/auto/PersistentIO.xml
3 ms. Memory: 322048K Free: 234372K (73%)
----------------- Invoking toplevel() on ptolemy.moml.MoMLSimpleApplication@26e6fae3
----------------- Done invoking toplevel() on ptolemy.moml.MoMLSimpleApplication@26e6fae3
reloadAllAccessors: .PersistentIO

===========================================================================================
----------------- testing Sun Jun 10 21:14:05 UTC 2018 /home/travis/build/icyphy/ptII/ptolemy/domains/de/test/auto/PortParameterResetOnInitialize.xml
----------------- Instantiating /home/travis/build/icyphy/ptII/ptolemy/domains/de/test/auto/PortParameterResetOnInitialize.xml
2 ms. Memory: 322048K Free: 227457K (71%)
----------------- Invoking toplevel() on ptolemy.moml.MoMLSimpleApplication@3f03c9b6
----------------- Done invoking toplevel() on ptolemy.moml.MoMLSimpleApplication@3f03c9b6
reloadAllAccessors: .PortParameterResetOnInitialize

===========================================================================================
----------------- testing Sun Jun 10 21:14:05 UTC 2018 /home/travis/build/icyphy/ptII/ptolemy/domains/de/test/auto/PortParameterUpdates.xml
----------------- Instantiating /home/travis/build/icyphy/ptII/ptolemy/domains/de/test/auto/PortParameterUpdates.xml
6 ms. Memory: 322048K Free: 218923K (68%)
----------------- Invoking toplevel() on ptolemy.moml.MoMLSimpleApplication@414f04ef
----------------- Done invoking toplevel() on ptolemy.moml.MoMLSimpleApplication@414f04ef
reloadAllAccessors: .PortParameterUpdates

===========================================================================================
----------------- testing Sun Jun 10 21:14:05 UTC 2018 /home/travis/build/icyphy/ptII/ptolemy/domains/de/test/auto/QueueAndServer.xml
----------------- Instantiating /home/travis/build/icyphy/ptII/ptolemy/domains/de/test/auto/QueueAndServer.xml
4 ms. Memory: 322048K Free: 210392K (65%)
----------------- Invoking toplevel() on ptolemy.moml.MoMLSimpleApplication@1f40ef10
----------------- Done invoking toplevel() on ptolemy.moml.MoMLSimpleApplication@1f40ef10
reloadAllAccessors: .QueueAndServer

===========================================================================================
----------------- testing Sun Jun 10 21:14:05 UTC 2018 /home/travis/build/icyphy/ptII/ptolemy/domains/de/test/auto/Records.xml
----------------- Instantiating /home/travis/build/icyphy/ptII/ptolemy/domains/de/test/auto/Records.xml
3 ms. Memory: 322048K Free: 203485K (63%)
----------------- Invoking toplevel() on ptolemy.moml.MoMLSimpleApplication@513b19bd
----------------- Done invoking toplevel() on ptolemy.moml.MoMLSimpleApplication@513b19bd
reloadAllAccessors: .Records

===========================================================================================
----------------- testing Sun Jun 10 21:14:05 UTC 2018 /home/travis/build/icyphy/ptII/ptolemy/domains/de/test/auto/ResetTransitionWithStartTime1.xml
----------------- Instantiating /home/travis/build/icyphy/ptII/ptolemy/domains/de/test/auto/ResetTransitionWithStartTime1.xml
4 ms. Memory: 322048K Free: 193352K (60%)
----------------- Invoking toplevel() on ptolemy.moml.MoMLSimpleApplication@4d13276d
----------------- Done invoking toplevel() on ptolemy.moml.MoMLSimpleApplication@4d13276d
reloadAllAccessors: .ResetTransitionWithStartTime1

===========================================================================================
----------------- testing Sun Jun 10 21:14:05 UTC 2018 /home/travis/build/icyphy/ptII/ptolemy/domains/de/test/auto/ResetTransitionWithStartTime2.xml
----------------- Instantiating /home/travis/build/icyphy/ptII/ptolemy/domains/de/test/auto/ResetTransitionWithStartTime2.xml
4 ms. Memory: 322048K Free: 183211K (57%)
----------------- Invoking toplevel() on ptolemy.moml.MoMLSimpleApplication@1916bd93
----------------- Done invoking toplevel() on ptolemy.moml.MoMLSimpleApplication@1916bd93
reloadAllAccessors: .ResetTransitionWithStartTime2

===========================================================================================
----------------- testing Sun Jun 10 21:14:05 UTC 2018 /home/travis/build/icyphy/ptII/ptolemy/domains/de/test/auto/ResetTransitionWithStartTime3.xml
----------------- Instantiating /home/travis/build/icyphy/ptII/ptolemy/domains/de/test/auto/ResetTransitionWithStartTime3.xml
4 ms. Memory: 322048K Free: 173071K (54%)
----------------- Invoking toplevel() on ptolemy.moml.MoMLSimpleApplication@fb89d55
----------------- Done invoking toplevel() on ptolemy.moml.MoMLSimpleApplication@fb89d55
reloadAllAccessors: .ResetTransitionWithStartTime3

===========================================================================================
----------------- testing Sun Jun 10 21:14:05 UTC 2018 /home/travis/build/icyphy/ptII/ptolemy/domains/de/test/auto/ResetTransitionWithStartTime4.xml
----------------- Instantiating /home/travis/build/icyphy/ptII/ptolemy/domains/de/test/auto/ResetTransitionWithStartTime4.xml
5 ms. Memory: 322048K Free: 164555K (51%)
----------------- Invoking toplevel() on ptolemy.moml.MoMLSimpleApplication@593201d5
----------------- Done invoking toplevel() on ptolemy.moml.MoMLSimpleApplication@593201d5
reloadAllAccessors: .ResetTransitionWithStartTime4

===========================================================================================
----------------- testing Sun Jun 10 21:14:06 UTC 2018 /home/travis/build/icyphy/ptII/ptolemy/domains/de/test/auto/ResettableTimer1.xml
----------------- Instantiating /home/travis/build/icyphy/ptII/ptolemy/domains/de/test/auto/ResettableTimer1.xml
1 ms. Memory: 322048K Free: 159241K (49%)
----------------- Invoking toplevel() on ptolemy.moml.MoMLSimpleApplication@4457e62
----------------- Done invoking toplevel() on ptolemy.moml.MoMLSimpleApplication@4457e62
reloadAllAccessors: .ResettableTimer1

===========================================================================================
----------------- testing Sun Jun 10 21:14:06 UTC 2018 /home/travis/build/icyphy/ptII/ptolemy/domains/de/test/auto/ResettableTimer2.xml
----------------- Instantiating /home/travis/build/icyphy/ptII/ptolemy/domains/de/test/auto/ResettableTimer2.xml
3 ms. Memory: 322048K Free: 153927K (48%)
----------------- Invoking toplevel() on ptolemy.moml.MoMLSimpleApplication@7793c47
----------------- Done invoking toplevel() on ptolemy.moml.MoMLSimpleApplication@7793c47
reloadAllAccessors: .ResettableTimer2

===========================================================================================
----------------- testing Sun Jun 10 21:14:06 UTC 2018 /home/travis/build/icyphy/ptII/ptolemy/domains/de/test/auto/ResettableTimer3.xml
----------------- Instantiating /home/travis/build/icyphy/ptII/ptolemy/domains/de/test/auto/ResettableTimer3.xml
1 ms. Memory: 322048K Free: 148613K (46%)
----------------- Invoking toplevel() on ptolemy.moml.MoMLSimpleApplication@2134938
----------------- Done invoking toplevel() on ptolemy.moml.MoMLSimpleApplication@2134938
reloadAllAccessors: .ResettableTimer3

===========================================================================================
----------------- testing Sun Jun 10 21:14:06 UTC 2018 /home/travis/build/icyphy/ptII/ptolemy/domains/de/test/auto/ResettableTimer4.xml
----------------- Instantiating /home/travis/build/icyphy/ptII/ptolemy/domains/de/test/auto/ResettableTimer4.xml
1 ms. Memory: 322048K Free: 141682K (44%)
----------------- Invoking toplevel() on ptolemy.moml.MoMLSimpleApplication@340ba116
----------------- Done invoking toplevel() on ptolemy.moml.MoMLSimpleApplication@340ba116
reloadAllAccessors: .ResettableTimer4

===========================================================================================
----------------- testing Sun Jun 10 21:14:06 UTC 2018 /home/travis/build/icyphy/ptII/ptolemy/domains/de/test/auto/ResettableTimer5.xml
----------------- Instantiating /home/travis/build/icyphy/ptII/ptolemy/domains/de/test/auto/ResettableTimer5.xml
1 ms. Memory: 322048K Free: 134767K (42%)
----------------- Invoking toplevel() on ptolemy.moml.MoMLSimpleApplication@5655083c
----------------- Done invoking toplevel() on ptolemy.moml.MoMLSimpleApplication@5655083c
reloadAllAccessors: .ResettableTimer5

===========================================================================================
----------------- testing Sun Jun 10 21:14:06 UTC 2018 /home/travis/build/icyphy/ptII/ptolemy/domains/de/test/auto/ResettableTimer6.xml
----------------- Instantiating /home/travis/build/icyphy/ptII/ptolemy/domains/de/test/auto/ResettableTimer6.xml
8 ms. Memory: 322048K Free: 127852K (40%)
----------------- Invoking toplevel() on ptolemy.moml.MoMLSimpleApplication@4b8f3c6c
----------------- Done invoking toplevel() on ptolemy.moml.MoMLSimpleApplication@4b8f3c6c
reloadAllAccessors: .ResettableTimer6

===========================================================================================
----------------- testing Sun Jun 10 21:14:06 UTC 2018 /home/travis/build/icyphy/ptII/ptolemy/domains/de/test/auto/ServerZeroDelay.xml
----------------- Instantiating /home/travis/build/icyphy/ptII/ptolemy/domains/de/test/auto/ServerZeroDelay.xml
3 ms. Memory: 322048K Free: 122538K (38%)
----------------- Invoking toplevel() on ptolemy.moml.MoMLSimpleApplication@219e1199
----------------- Done invoking toplevel() on ptolemy.moml.MoMLSimpleApplication@219e1199
reloadAllAccessors: .ServerZeroDelay

===========================================================================================
----------------- testing Sun Jun 10 21:14:06 UTC 2018 /home/travis/build/icyphy/ptII/ptolemy/domains/de/test/auto/SmartSender.xml
----------------- Instantiating /home/travis/build/icyphy/ptII/ptolemy/domains/de/test/auto/SmartSender.xml
3002 ms. Memory: 322048K Free: 115608K (36%)
----------------- Invoking toplevel() on ptolemy.moml.MoMLSimpleApplication@6f0fc2c0
----------------- Done invoking toplevel() on ptolemy.moml.MoMLSimpleApplication@6f0fc2c0
reloadAllAccessors: .SmartSender

===========================================================================================
----------------- testing Sun Jun 10 21:14:09 UTC 2018 /home/travis/build/icyphy/ptII/ptolemy/domains/de/test/auto/ThreadedComposite.xml
----------------- Instantiating /home/travis/build/icyphy/ptII/ptolemy/domains/de/test/auto/ThreadedComposite.xml
102 ms. Memory: 322048K Free: 91035K (28%)
----------------- Invoking toplevel() on ptolemy.moml.MoMLSimpleApplication@14a18c2f
----------------- Done invoking toplevel() on ptolemy.moml.MoMLSimpleApplication@14a18c2f
reloadAllAccessors: .ThreadedComposite

===========================================================================================
----------------- testing Sun Jun 10 21:14:09 UTC 2018 /home/travis/build/icyphy/ptII/ptolemy/domains/de/test/auto/Time.xml
----------------- Instantiating /home/travis/build/icyphy/ptII/ptolemy/domains/de/test/auto/Time.xml
406 ms. Memory: 313344K Free: 266825K (85%)
----------------- Invoking toplevel() on ptolemy.moml.MoMLSimpleApplication@764d9c69
----------------- Done invoking toplevel() on ptolemy.moml.MoMLSimpleApplication@764d9c69
reloadAllAccessors: .Time

===========================================================================================
----------------- testing Sun Jun 10 21:14:09 UTC 2018 /home/travis/build/icyphy/ptII/ptolemy/domains/de/test/auto/TimeDelayZeroDelay.xml
----------------- Instantiating /home/travis/build/icyphy/ptII/ptolemy/domains/de/test/auto/TimeDelayZeroDelay.xml
4 ms. Memory: 313344K Free: 260674K (83%)
----------------- Invoking toplevel() on ptolemy.moml.MoMLSimpleApplication@394380ab
----------------- Done invoking toplevel() on ptolemy.moml.MoMLSimpleApplication@394380ab
reloadAllAccessors: .TimeDelayZeroDelay

===========================================================================================
----------------- testing Sun Jun 10 21:14:09 UTC 2018 /home/travis/build/icyphy/ptII/ptolemy/domains/de/test/auto/TimerZeroDelay.xml
----------------- Instantiating /home/travis/build/icyphy/ptII/ptolemy/domains/de/test/auto/TimerZeroDelay.xml
1 ms. Memory: 313344K Free: 255682K (82%)
----------------- Invoking toplevel() on ptolemy.moml.MoMLSimpleApplication@17fba630
----------------- Done invoking toplevel() on ptolemy.moml.MoMLSimpleApplication@17fba630
reloadAllAccessors: .TimerZeroDelay

===========================================================================================
----------------- testing Sun Jun 10 21:14:09 UTC 2018 /home/travis/build/icyphy/ptII/ptolemy/domains/de/test/auto/TimingParadox.xml
----------------- Instantiating /home/travis/build/icyphy/ptII/ptolemy/domains/de/test/auto/TimingParadox.xml
275 ms. Memory: 313344K Free: 187371K (60%)
----------------- Invoking toplevel() on ptolemy.moml.MoMLSimpleApplication@4b968386
----------------- Done invoking toplevel() on ptolemy.moml.MoMLSimpleApplication@4b968386
reloadAllAccessors: .TimingParadox

===========================================================================================
----------------- testing Sun Jun 10 21:14:10 UTC 2018 /home/travis/build/icyphy/ptII/ptolemy/domains/de/test/auto/TransferInputs.xml
----------------- Instantiating /home/travis/build/icyphy/ptII/ptolemy/domains/de/test/auto/TransferInputs.xml
1 ms. Memory: 313344K Free: 180847K (58%)
----------------- Invoking toplevel() on ptolemy.moml.MoMLSimpleApplication@7b2b8e36
----------------- Done invoking toplevel() on ptolemy.moml.MoMLSimpleApplication@7b2b8e36
reloadAllAccessors: .TransferInputs

===========================================================================================
----------------- testing Sun Jun 10 21:14:10 UTC 2018 /home/travis/build/icyphy/ptII/ptolemy/domains/de/test/auto/TransferOutputs2.xml
----------------- Instantiating /home/travis/build/icyphy/ptII/ptolemy/domains/de/test/auto/TransferOutputs2.xml
2 ms. Memory: 313344K Free: 170863K (55%)
----------------- Invoking toplevel() on ptolemy.moml.MoMLSimpleApplication@445942cf
----------------- Done invoking toplevel() on ptolemy.moml.MoMLSimpleApplication@445942cf
reloadAllAccessors: .TransferOutputs2

===========================================================================================
----------------- testing Sun Jun 10 21:14:10 UTC 2018 /home/travis/build/icyphy/ptII/ptolemy/domains/de/test/auto/Trilateration.xml
----------------- Instantiating /home/travis/build/icyphy/ptII/ptolemy/domains/de/test/auto/Trilateration.xml
11398 ms. Memory: 442880K Free: 80302K (18%)
----------------- Invoking toplevel() on ptolemy.moml.MoMLSimpleApplication@8dce0f7
----------------- Done invoking toplevel() on ptolemy.moml.MoMLSimpleApplication@8dce0f7
reloadAllAccessors: .Trilateration

===========================================================================================
----------------- testing Sun Jun 10 21:14:22 UTC 2018 /home/travis/build/icyphy/ptII/ptolemy/domains/de/test/auto/TwoSigmaDelta.xml
----------------- Instantiating /home/travis/build/icyphy/ptII/ptolemy/domains/de/test/auto/TwoSigmaDelta.xml
2085 ms. Memory: 422912K Free: 125835K (30%)
----------------- Invoking toplevel() on ptolemy.moml.MoMLSimpleApplication@4de85f1c
----------------- Done invoking toplevel() on ptolemy.moml.MoMLSimpleApplication@4de85f1c
reloadAllAccessors: .TwoSigmaDelta

===========================================================================================
----------------- testing Sun Jun 10 21:14:24 UTC 2018 /home/travis/build/icyphy/ptII/ptolemy/domains/de/test/auto/VariableDelay.xml
----------------- Instantiating /home/travis/build/icyphy/ptII/ptolemy/domains/de/test/auto/VariableDelay.xml
2 ms. Memory: 422912K Free: 111407K (26%)
----------------- Invoking toplevel() on ptolemy.moml.MoMLSimpleApplication@75fe819c
----------------- Done invoking toplevel() on ptolemy.moml.MoMLSimpleApplication@75fe819c
reloadAllAccessors: .VariableDelay

===========================================================================================
----------------- testing Sun Jun 10 21:14:24 UTC 2018 /home/travis/build/icyphy/ptII/ptolemy/domains/de/test/auto/VariableDelay2.xml
----------------- Instantiating /home/travis/build/icyphy/ptII/ptolemy/domains/de/test/auto/VariableDelay2.xml
1 ms. Memory: 422912K Free: 97241K (23%)
----------------- Invoking toplevel() on ptolemy.moml.MoMLSimpleApplication@77fd7617
----------------- Done invoking toplevel() on ptolemy.moml.MoMLSimpleApplication@77fd7617
reloadAllAccessors: .VariableDelay2

===========================================================================================
----------------- testing Sun Jun 10 21:14:24 UTC 2018 /home/travis/build/icyphy/ptII/ptolemy/domains/de/test/auto/VariableDelayZeroDelay.xml
----------------- Instantiating /home/travis/build/icyphy/ptII/ptolemy/domains/de/test/auto/VariableDelayZeroDelay.xml
2 ms. Memory: 422912K Free: 83076K (20%)
----------------- Invoking toplevel() on ptolemy.moml.MoMLSimpleApplication@3c0b60af
----------------- Done invoking toplevel() on ptolemy.moml.MoMLSimpleApplication@3c0b60af
reloadAllAccessors: .VariableDelayZeroDelay

===========================================================================================
----------------- testing Sun Jun 10 21:14:24 UTC 2018 /home/travis/build/icyphy/ptII/ptolemy/domains/de/test/auto/VariableDelayZeroDelay2.xml
----------------- Instantiating /home/travis/build/icyphy/ptII/ptolemy/domains/de/test/auto/VariableDelayZeroDelay2.xml
2 ms. Memory: 422912K Free: 68910K (16%)
----------------- Invoking toplevel() on ptolemy.moml.MoMLSimpleApplication@49dacd6e
----------------- Done invoking toplevel() on ptolemy.moml.MoMLSimpleApplication@49dacd6e
reloadAllAccessors: .VariableDelayZeroDelay2

===========================================================================================
----------------- testing Sun Jun 10 21:14:24 UTC 2018 /home/travis/build/icyphy/ptII/ptolemy/domains/de/test/auto/deInCt.xml
----------------- Instantiating /home/travis/build/icyphy/ptII/ptolemy/domains/de/test/auto/deInCt.xml
0
1
1
1
1
0
0
0
1
1
1
1
0
0
0
1
1
1
1
1
1
0
0
1
1
0
0
0
0
1
1
0
0
0
0
3 ms. Memory: 422912K Free: 57941K (14%)
----------------- Invoking toplevel() on ptolemy.moml.MoMLSimpleApplication@153f4229
----------------- Done invoking toplevel() on ptolemy.moml.MoMLSimpleApplication@153f4229
reloadAllAccessors: .deInCt

===========================================================================================
----------------- testing Sun Jun 10 21:14:24 UTC 2018 /home/travis/build/icyphy/ptII/ptolemy/domains/de/test/auto/deInCt2.xml
----------------- Instantiating /home/travis/build/icyphy/ptII/ptolemy/domains/de/test/auto/deInCt2.xml
0
1
1
1
0
0
1
1
1
0
0
1
1
1
0
0
1
1
1
0
0
1
1
1
0
0
1
1
1
0
0
1
1
1
0
0
1
1
1
0
0
0
4 ms. Memory: 407040K Free: 369657K (91%)
----------------- Invoking toplevel() on ptolemy.moml.MoMLSimpleApplication@71e809a7
----------------- Done invoking toplevel() on ptolemy.moml.MoMLSimpleApplication@71e809a7
reloadAllAccessors: .deInCt2

===========================================================================================
----------------- testing Sun Jun 10 21:14:24 UTC 2018 /home/travis/build/icyphy/ptII/ptolemy/domains/de/test/auto/dynamicCausalityInterface1.xml
----------------- Instantiating /home/travis/build/icyphy/ptII/ptolemy/domains/de/test/auto/dynamicCausalityInterface1.xml
4 ms. Memory: 407040K Free: 349553K (86%)
----------------- Invoking toplevel() on ptolemy.moml.MoMLSimpleApplication@424c79ff
----------------- Done invoking toplevel() on ptolemy.moml.MoMLSimpleApplication@424c79ff
reloadAllAccessors: .dynamicCausalityInterface1

===========================================================================================
----------------- testing Sun Jun 10 21:14:24 UTC 2018 /home/travis/build/icyphy/ptII/ptolemy/domains/de/test/auto/fsm_de_test.xml
----------------- Instantiating /home/travis/build/icyphy/ptII/ptolemy/domains/de/test/auto/fsm_de_test.xml
5 ms. Memory: 407040K Free: 329447K (81%)
----------------- Invoking toplevel() on ptolemy.moml.MoMLSimpleApplication@11c650c1
----------------- Done invoking toplevel() on ptolemy.moml.MoMLSimpleApplication@11c650c1
reloadAllAccessors: .fsm_de_test

===========================================================================================
----------------- testing Sun Jun 10 21:14:24 UTC 2018 /home/travis/build/icyphy/ptII/ptolemy/domains/de/test/auto/functionDependencyReconstruction.xml
----------------- Instantiating /home/travis/build/icyphy/ptII/ptolemy/domains/de/test/auto/functionDependencyReconstruction.xml
2 ms. Memory: 407040K Free: 302830K (74%)
----------------- Invoking toplevel() on ptolemy.moml.MoMLSimpleApplication@78d8190e
----------------- Done invoking toplevel() on ptolemy.moml.MoMLSimpleApplication@78d8190e
reloadAllAccessors: .functionDependencyReconstruction

===========================================================================================
----------------- testing Sun Jun 10 21:14:24 UTC 2018 /home/travis/build/icyphy/ptII/ptolemy/domains/de/test/auto/multirate.xml
----------------- Instantiating /home/travis/build/icyphy/ptII/ptolemy/domains/de/test/auto/multirate.xml
2 ms. Memory: 407040K Free: 289255K (71%)
----------------- Invoking toplevel() on ptolemy.moml.MoMLSimpleApplication@5463808c
----------------- Done invoking toplevel() on ptolemy.moml.MoMLSimpleApplication@5463808c
reloadAllAccessors: .multirate

===========================================================================================
----------------- testing Sun Jun 10 21:14:24 UTC 2018 /home/travis/build/icyphy/ptII/ptolemy/domains/de/test/auto/multirate2.xml
----------------- Instantiating /home/travis/build/icyphy/ptII/ptolemy/domains/de/test/auto/multirate2.xml
2 ms. Memory: 407040K Free: 275680K (68%)
----------------- Invoking toplevel() on ptolemy.moml.MoMLSimpleApplication@3fb9359a
----------------- Done invoking toplevel() on ptolemy.moml.MoMLSimpleApplication@3fb9359a
reloadAllAccessors: .multirate2

===========================================================================================
----------------- testing Sun Jun 10 21:14:24 UTC 2018 /home/travis/build/icyphy/ptII/ptolemy/domains/de/test/auto/realtime.xml
----------------- Instantiating /home/travis/build/icyphy/ptII/ptolemy/domains/de/test/auto/realtime.xml
10001 ms. Memory: 407040K Free: 262104K (64%)
----------------- Invoking toplevel() on ptolemy.moml.MoMLSimpleApplication@220c08dc
----------------- Done invoking toplevel() on ptolemy.moml.MoMLSimpleApplication@220c08dc
reloadAllAccessors: .realtime

===========================================================================================
----------------- testing Sun Jun 10 21:14:34 UTC 2018 /home/travis/build/icyphy/ptII/ptolemy/domains/de/test/auto/relationGroup.xml
----------------- Instantiating /home/travis/build/icyphy/ptII/ptolemy/domains/de/test/auto/relationGroup.xml
2 ms. Memory: 407040K Free: 248520K (61%)
----------------- Invoking toplevel() on ptolemy.moml.MoMLSimpleApplication@1ad06370
----------------- Done invoking toplevel() on ptolemy.moml.MoMLSimpleApplication@1ad06370
reloadAllAccessors: .relationGroup

===========================================================================================
----------------- testing Sun Jun 10 21:14:34 UTC 2018 /home/travis/build/icyphy/ptII/ptolemy/domains/de/test/auto/relationGroup2.xml
----------------- Instantiating /home/travis/build/icyphy/ptII/ptolemy/domains/de/test/auto/relationGroup2.xml
1 ms. Memory: 407040K Free: 234937K (58%)
----------------- Invoking toplevel() on ptolemy.moml.MoMLSimpleApplication@39c13e3
----------------- Done invoking toplevel() on ptolemy.moml.MoMLSimpleApplication@39c13e3
reloadAllAccessors: .relationGroup2

===========================================================================================
----------------- testing Sun Jun 10 21:14:34 UTC 2018 /home/travis/build/icyphy/ptII/ptolemy/domains/de/test/auto/sortWithOpaquePorts.xml
----------------- Instantiating /home/travis/build/icyphy/ptII/ptolemy/domains/de/test/auto/sortWithOpaquePorts.xml
2 ms. Memory: 407040K Free: 221354K (54%)
----------------- Invoking toplevel() on ptolemy.moml.MoMLSimpleApplication@4e56f0b4
----------------- Done invoking toplevel() on ptolemy.moml.MoMLSimpleApplication@4e56f0b4
reloadAllAccessors: .sortWithOpaquePorts

===========================================================================================
----------------- testing Sun Jun 10 21:14:34 UTC 2018 /home/travis/build/icyphy/ptII/ptolemy/domains/de/test/auto/transferInputsandOutputs.xml
----------------- Instantiating /home/travis/build/icyphy/ptII/ptolemy/domains/de/test/auto/transferInputsandOutputs.xml
1 ms. Memory: 407040K Free: 207770K (51%)
----------------- Invoking toplevel() on ptolemy.moml.MoMLSimpleApplication@41ea9511
----------------- Done invoking toplevel() on ptolemy.moml.MoMLSimpleApplication@41ea9511
reloadAllAccessors: .transferInputsandOutputs

===========================================================================================
----------------- testing Sun Jun 10 21:14:34 UTC 2018 /home/travis/build/icyphy/ptII/ptolemy/domains/de/test/auto/triggerType.xml
----------------- Instantiating /home/travis/build/icyphy/ptII/ptolemy/domains/de/test/auto/triggerType.xml
1 ms. Memory: 407040K Free: 194187K (48%)
----------------- Invoking toplevel() on ptolemy.moml.MoMLSimpleApplication@78445c62
----------------- Done invoking toplevel() on ptolemy.moml.MoMLSimpleApplication@78445c62
reloadAllAccessors: .triggerType
AutoTests.java: About to close Vertx.
AutoTests.java: Vertx closed.
]]></system-out>
  <system-err><![CDATA[java.lang.RuntimeException: Execution failed
	at ptolemy.moml.MoMLSimpleApplication$UnloadThread.run(MoMLSimpleApplication.java:402)
Caused by: ptolemy.kernel.util.IllegalActionException: Found a zero delay loop containing .dependencyLoop.original
  in .dependencyLoop and .dependencyLoop.original
	at ptolemy.actor.util.CausalityInterfaceForComposites._computeOutputPortDepth(CausalityInterfaceForComposites.java:759)
	at ptolemy.actor.util.CausalityInterfaceForComposites._computeInputDepth(CausalityInterfaceForComposites.java:696)
	at ptolemy.actor.util.CausalityInterfaceForComposites._computeOutputPortDepth(CausalityInterfaceForComposites.java:765)
	at ptolemy.actor.util.CausalityInterfaceForComposites._computeInputDepth(CausalityInterfaceForComposites.java:696)
	at ptolemy.actor.util.CausalityInterfaceForComposites._computeOutputPortDepth(CausalityInterfaceForComposites.java:765)
	at ptolemy.actor.util.CausalityInterfaceForComposites._computeInputDepth(CausalityInterfaceForComposites.java:696)
	at ptolemy.actor.util.CausalityInterfaceForComposites._computeActorDepth(CausalityInterfaceForComposites.java:532)
	at ptolemy.actor.util.CausalityInterfaceForComposites.checkForCycles(CausalityInterfaceForComposites.java:96)
	at ptolemy.domains.de.kernel.DEDirector.preinitialize(DEDirector.java:1338)
	at ptolemy.actor.CompositeActor.preinitialize(CompositeActor.java:1828)
	at ptolemy.actor.Manager.preinitializeAndResolveTypes(Manager.java:1040)
	at ptolemy.actor.Manager.initialize(Manager.java:710)
	at ptolemy.actor.Manager.execute(Manager.java:356)
	at ptolemy.actor.Manager.run(Manager.java:1263)
	at ptolemy.actor.Manager$PtolemyRunThread.run(Manager.java:1915)
java.lang.RuntimeException: Execution failed
	at ptolemy.moml.MoMLSimpleApplication$UnloadThread.run(MoMLSimpleApplication.java:402)
Caused by: ptolemy.kernel.util.IllegalActionException: Found a zero delay loop containing .dependencyLoop2.original
  in .dependencyLoop2 and .dependencyLoop2.original
	at ptolemy.actor.util.CausalityInterfaceForComposites._computeOutputPortDepth(CausalityInterfaceForComposites.java:759)
	at ptolemy.actor.util.CausalityInterfaceForComposites._computeInputDepth(CausalityInterfaceForComposites.java:696)
	at ptolemy.actor.util.CausalityInterfaceForComposites._computeOutputPortDepth(CausalityInterfaceForComposites.java:765)
	at ptolemy.actor.util.CausalityInterfaceForComposites._computeInputDepth(CausalityInterfaceForComposites.java:696)
	at ptolemy.actor.util.CausalityInterfaceForComposites._computeOutputPortDepth(CausalityInterfaceForComposites.java:765)
	at ptolemy.actor.util.CausalityInterfaceForComposites._computeInputDepth(CausalityInterfaceForComposites.java:696)
	at ptolemy.actor.util.CausalityInterfaceForComposites._computeActorDepth(CausalityInterfaceForComposites.java:532)
	at ptolemy.actor.util.CausalityInterfaceForComposites.checkForCycles(CausalityInterfaceForComposites.java:96)
	at ptolemy.domains.de.kernel.DEDirector.preinitialize(DEDirector.java:1338)
	at ptolemy.actor.CompositeActor.preinitialize(CompositeActor.java:1828)
	at ptolemy.actor.Manager.preinitializeAndResolveTypes(Manager.java:1040)
	at ptolemy.actor.Manager.initialize(Manager.java:710)
	at ptolemy.actor.Manager.execute(Manager.java:356)
	at ptolemy.actor.Manager.run(Manager.java:1263)
	at ptolemy.actor.Manager$PtolemyRunThread.run(Manager.java:1915)
java.lang.RuntimeException: Execution failed
	at ptolemy.moml.MoMLSimpleApplication$UnloadThread.run(MoMLSimpleApplication.java:402)
Caused by: ptolemy.kernel.util.IllegalActionException: Found a zero delay loop containing .dependencyLoop.original
  in .dependencyLoop and .dependencyLoop.original
	at ptolemy.actor.util.CausalityInterfaceForComposites._computeOutputPortDepth(CausalityInterfaceForComposites.java:759)
	at ptolemy.actor.util.CausalityInterfaceForComposites._computeInputDepth(CausalityInterfaceForComposites.java:696)
	at ptolemy.actor.util.CausalityInterfaceForComposites._computeOutputPortDepth(CausalityInterfaceForComposites.java:765)
	at ptolemy.actor.util.CausalityInterfaceForComposites._computeInputDepth(CausalityInterfaceForComposites.java:696)
	at ptolemy.actor.util.CausalityInterfaceForComposites._computeOutputPortDepth(CausalityInterfaceForComposites.java:765)
	at ptolemy.actor.util.CausalityInterfaceForComposites._computeInputDepth(CausalityInterfaceForComposites.java:696)
	at ptolemy.actor.util.CausalityInterfaceForComposites._computeActorDepth(CausalityInterfaceForComposites.java:532)
	at ptolemy.actor.util.CausalityInterfaceForComposites.checkForCycles(CausalityInterfaceForComposites.java:96)
	at ptolemy.domains.de.kernel.DEDirector.preinitialize(DEDirector.java:1338)
	at ptolemy.actor.CompositeActor.preinitialize(CompositeActor.java:1828)
	at ptolemy.actor.Manager.preinitializeAndResolveTypes(Manager.java:1040)
	at ptolemy.actor.Manager.initialize(Manager.java:710)
	at ptolemy.actor.Manager.execute(Manager.java:356)
	at ptolemy.actor.Manager.run(Manager.java:1263)
	at ptolemy.actor.Manager$PtolemyRunThread.run(Manager.java:1915)
java.lang.RuntimeException: Execution failed
	at ptolemy.moml.MoMLSimpleApplication$UnloadThread.run(MoMLSimpleApplication.java:402)
Caused by: ptolemy.kernel.util.IllegalActionException: Actor is not ready to fire.  Perhaps UpSample.prefire() returned false? Try debugging the actor by selecting "Listen to Actor".  Also, for SDF check moml for tokenConsumptionRate on input.
  in .DESDFClockTest.Play Bell.Copy1:SDF Director and .DESDFClockTest.Play Bell.UpSample
	at ptolemy.actor.sched.StaticSchedulingDirector.fire(StaticSchedulingDirector.java:227)
	at ptolemy.domains.sdf.kernel.SDFDirector.fire(SDFDirector.java:500)
	at ptolemy.actor.CompositeActor.fire(CompositeActor.java:455)
	at ptolemy.domains.de.kernel.DEDirector._fire(DEDirector.java:1949)
	at ptolemy.domains.de.kernel.DEDirector.fire(DEDirector.java:502)
	at ptolemy.actor.CompositeActor.fire(CompositeActor.java:455)
	at ptolemy.actor.Manager.iterate(Manager.java:851)
	at ptolemy.actor.Manager.execute(Manager.java:369)
	at ptolemy.actor.Manager.run(Manager.java:1263)
	at ptolemy.actor.Manager$PtolemyRunThread.run(Manager.java:1915)
java.lang.RuntimeException: Execution failed
	at ptolemy.moml.MoMLSimpleApplication$UnloadThread.run(MoMLSimpleApplication.java:402)
Caused by: ptolemy.kernel.util.IllegalActionException: Found a zero delay loop containing .dependencyLoop2.original
  in .dependencyLoop2 and .dependencyLoop2.original
	at ptolemy.actor.util.CausalityInterfaceForComposites._computeOutputPortDepth(CausalityInterfaceForComposites.java:759)
	at ptolemy.actor.util.CausalityInterfaceForComposites._computeInputDepth(CausalityInterfaceForComposites.java:696)
	at ptolemy.actor.util.CausalityInterfaceForComposites._computeOutputPortDepth(CausalityInterfaceForComposites.java:765)
	at ptolemy.actor.util.CausalityInterfaceForComposites._computeInputDepth(CausalityInterfaceForComposites.java:696)
	at ptolemy.actor.util.CausalityInterfaceForComposites._computeOutputPortDepth(CausalityInterfaceForComposites.java:765)
	at ptolemy.actor.util.CausalityInterfaceForComposites._computeInputDepth(CausalityInterfaceForComposites.java:696)
	at ptolemy.actor.util.CausalityInterfaceForComposites._computeActorDepth(CausalityInterfaceForComposites.java:532)
	at ptolemy.actor.util.CausalityInterfaceForComposites.checkForCycles(CausalityInterfaceForComposites.java:96)
	at ptolemy.domains.de.kernel.DEDirector.preinitialize(DEDirector.java:1338)
	at ptolemy.actor.CompositeActor.preinitialize(CompositeActor.java:1828)
	at ptolemy.actor.Manager.preinitializeAndResolveTypes(Manager.java:1040)
	at ptolemy.actor.Manager.initialize(Manager.java:710)
	at ptolemy.actor.Manager.execute(Manager.java:356)
	at ptolemy.actor.Manager.run(Manager.java:1263)
	at ptolemy.actor.Manager$PtolemyRunThread.run(Manager.java:1915)
java.lang.RuntimeException: Execution failed
	at ptolemy.moml.MoMLSimpleApplication$UnloadThread.run(MoMLSimpleApplication.java:402)
Caused by: ptolemy.kernel.util.IllegalActionException: Found a zero delay loop containing .HierarchicalModel.A
  in .HierarchicalModel and .HierarchicalModel.A
	at ptolemy.actor.util.CausalityInterfaceForComposites._computeOutputPortDepth(CausalityInterfaceForComposites.java:759)
	at ptolemy.actor.util.CausalityInterfaceForComposites._computeInputDepth(CausalityInterfaceForComposites.java:696)
	at ptolemy.actor.util.CausalityInterfaceForComposites._computeOutputPortDepth(CausalityInterfaceForComposites.java:765)
	at ptolemy.actor.util.CausalityInterfaceForComposites._computeInputDepth(CausalityInterfaceForComposites.java:696)
	at ptolemy.actor.util.CausalityInterfaceForComposites._computeOutputPortDepth(CausalityInterfaceForComposites.java:765)
	at ptolemy.actor.util.CausalityInterfaceForComposites._computeInputDepth(CausalityInterfaceForComposites.java:696)
	at ptolemy.actor.util.CausalityInterfaceForComposites._computeActorDepth(CausalityInterfaceForComposites.java:532)
	at ptolemy.actor.util.CausalityInterfaceForComposites.checkForCycles(CausalityInterfaceForComposites.java:96)
	at ptolemy.domains.de.kernel.DEDirector.preinitialize(DEDirector.java:1338)
	at ptolemy.actor.CompositeActor.preinitialize(CompositeActor.java:1828)
	at ptolemy.actor.Manager.preinitializeAndResolveTypes(Manager.java:1040)
	at ptolemy.actor.Manager.initialize(Manager.java:710)
	at ptolemy.actor.Manager.execute(Manager.java:356)
	at ptolemy.actor.Manager.run(Manager.java:1263)
	at ptolemy.actor.Manager$PtolemyRunThread.run(Manager.java:1915)
java.lang.RuntimeException: Execution failed
	at ptolemy.moml.MoMLSimpleApplication$UnloadThread.run(MoMLSimpleApplication.java:402)
Caused by: ptolemy.kernel.util.IllegalActionException: Test fails in iteration 1.
Value was: 1.0. Should have been: 2.0
  in .DirectFeedback.Test
	at ptolemy.actor.lib.Test.fire(Test.java:268)
	at ptolemy.domains.de.kernel.DEDirector._fire(DEDirector.java:1949)
	at ptolemy.domains.de.kernel.DEDirector.fire(DEDirector.java:502)
	at ptolemy.actor.CompositeActor.fire(CompositeActor.java:455)
	at ptolemy.actor.Manager.iterate(Manager.java:851)
	at ptolemy.actor.Manager.execute(Manager.java:369)
	at ptolemy.actor.Manager.run(Manager.java:1263)
	at ptolemy.actor.Manager$PtolemyRunThread.run(Manager.java:1915)
java.lang.RuntimeException: Execution failed
	at ptolemy.moml.MoMLSimpleApplication$UnloadThread.run(MoMLSimpleApplication.java:402)
Caused by: ptolemy.kernel.util.IllegalActionException: Actor is not ready to fire.  Perhaps UpSample.prefire() returned false? Try debugging the actor by selecting "Listen to Actor".  Also, for SDF check moml for tokenConsumptionRate on input.
  in .DESDFClockTest.Play Bell.Copy1:SDF Director and .DESDFClockTest.Play Bell.UpSample
	at ptolemy.actor.sched.StaticSchedulingDirector.fire(StaticSchedulingDirector.java:227)
	at ptolemy.domains.sdf.kernel.SDFDirector.fire(SDFDirector.java:500)
	at ptolemy.actor.CompositeActor.fire(CompositeActor.java:455)
	at ptolemy.domains.de.kernel.DEDirector._fire(DEDirector.java:1949)
	at ptolemy.domains.de.kernel.DEDirector.fire(DEDirector.java:502)
	at ptolemy.actor.CompositeActor.fire(CompositeActor.java:455)
	at ptolemy.actor.Manager.iterate(Manager.java:851)
	at ptolemy.actor.Manager.execute(Manager.java:369)
	at ptolemy.actor.Manager.run(Manager.java:1263)
	at ptolemy.actor.Manager$PtolemyRunThread.run(Manager.java:1915)
java.lang.reflect.InvocationTargetException
	at sun.reflect.NativeConstructorAccessorImpl.newInstance0(Native Method)
	at sun.reflect.NativeConstructorAccessorImpl.newInstance(NativeConstructorAccessorImpl.java:62)
	at sun.reflect.DelegatingConstructorAccessorImpl.newInstance(DelegatingConstructorAccessorImpl.java:45)
	at java.lang.reflect.Constructor.newInstance(Constructor.java:423)
	at ptolemy.util.test.junit.AutoKnownFailedTests.RunModel(AutoKnownFailedTests.java:107)
	at sun.reflect.NativeMethodAccessorImpl.invoke0(Native Method)
	at sun.reflect.NativeMethodAccessorImpl.invoke(NativeMethodAccessorImpl.java:62)
	at sun.reflect.DelegatingMethodAccessorImpl.invoke(DelegatingMethodAccessorImpl.java:43)
	at java.lang.reflect.Method.invoke(Method.java:498)
	at org.junit.runners.model.FrameworkMethod$1.runReflectiveCall(FrameworkMethod.java:44)
	at org.junit.internal.runners.model.ReflectiveCallable.run(ReflectiveCallable.java:15)
	at org.junit.runners.model.FrameworkMethod.invokeExplosively(FrameworkMethod.java:41)
	at junitparams.internal.InvokeParameterisedMethod.evaluate(InvokeParameterisedMethod.java:102)
	at org.junit.internal.runners.statements.FailOnTimeout$1.run(FailOnTimeout.java:28)
Caused by: ptolemy.kernel.util.IllegalActionException: Actor is not ready to fire.  Perhaps UpSample.prefire() returned false? Try debugging the actor by selecting "Listen to Actor".  Also, for SDF check moml for tokenConsumptionRate on input.
  in .DESDFClockTest.Play Bell.Copy1:SDF Director and .DESDFClockTest.Play Bell.UpSample
	at ptolemy.actor.sched.StaticSchedulingDirector.fire(StaticSchedulingDirector.java:227)
	at ptolemy.domains.sdf.kernel.SDFDirector.fire(SDFDirector.java:500)
	at ptolemy.actor.CompositeActor.fire(CompositeActor.java:455)
	at ptolemy.domains.de.kernel.DEDirector._fire(DEDirector.java:1949)
	at ptolemy.domains.de.kernel.DEDirector.fire(DEDirector.java:502)
	at ptolemy.actor.CompositeActor.fire(CompositeActor.java:455)
	at ptolemy.actor.Manager.iterate(Manager.java:851)
	at ptolemy.actor.Manager.execute(Manager.java:369)
	at ptolemy.actor.Manager.run(Manager.java:1263)
	at ptolemy.actor.Manager$PtolemyRunThread.run(Manager.java:1915)
java.lang.RuntimeException: Execution failed
	at ptolemy.moml.MoMLSimpleApplication$UnloadThread.run(MoMLSimpleApplication.java:402)
Caused by: ptolemy.kernel.util.IllegalActionException: Test fails in iteration 1.
Value was: 1.0. Should have been: 2.0
  in .DirectFeedback.Test
	at ptolemy.actor.lib.Test.fire(Test.java:268)
	at ptolemy.domains.de.kernel.DEDirector._fire(DEDirector.java:1949)
	at ptolemy.domains.de.kernel.DEDirector.fire(DEDirector.java:502)
	at ptolemy.actor.CompositeActor.fire(CompositeActor.java:455)
	at ptolemy.actor.Manager.iterate(Manager.java:851)
	at ptolemy.actor.Manager.execute(Manager.java:369)
	at ptolemy.actor.Manager.run(Manager.java:1263)
	at ptolemy.actor.Manager$PtolemyRunThread.run(Manager.java:1915)
java.lang.reflect.InvocationTargetException
	at sun.reflect.NativeConstructorAccessorImpl.newInstance0(Native Method)
	at sun.reflect.NativeConstructorAccessorImpl.newInstance(NativeConstructorAccessorImpl.java:62)
	at sun.reflect.DelegatingConstructorAccessorImpl.newInstance(DelegatingConstructorAccessorImpl.java:45)
	at java.lang.reflect.Constructor.newInstance(Constructor.java:423)
	at ptolemy.util.test.junit.AutoKnownFailedTests.RunModel(AutoKnownFailedTests.java:107)
	at sun.reflect.NativeMethodAccessorImpl.invoke0(Native Method)
	at sun.reflect.NativeMethodAccessorImpl.invoke(NativeMethodAccessorImpl.java:62)
	at sun.reflect.DelegatingMethodAccessorImpl.invoke(DelegatingMethodAccessorImpl.java:43)
	at java.lang.reflect.Method.invoke(Method.java:498)
	at org.junit.runners.model.FrameworkMethod$1.runReflectiveCall(FrameworkMethod.java:44)
	at org.junit.internal.runners.model.ReflectiveCallable.run(ReflectiveCallable.java:15)
	at org.junit.runners.model.FrameworkMethod.invokeExplosively(FrameworkMethod.java:41)
	at junitparams.internal.InvokeParameterisedMethod.evaluate(InvokeParameterisedMethod.java:102)
	at org.junit.internal.runners.statements.FailOnTimeout$1.run(FailOnTimeout.java:28)
Caused by: ptolemy.kernel.util.IllegalActionException: Test fails in iteration 1.
Value was: 1.0. Should have been: 2.0
  in .DirectFeedback.Test
	at ptolemy.actor.lib.Test.fire(Test.java:268)
	at ptolemy.domains.de.kernel.DEDirector._fire(DEDirector.java:1949)
	at ptolemy.domains.de.kernel.DEDirector.fire(DEDirector.java:502)
	at ptolemy.actor.CompositeActor.fire(CompositeActor.java:455)
	at ptolemy.actor.Manager.iterate(Manager.java:851)
	at ptolemy.actor.Manager.execute(Manager.java:369)
	at ptolemy.actor.Manager.run(Manager.java:1263)
	at ptolemy.actor.Manager$PtolemyRunThread.run(Manager.java:1915)
java.lang.RuntimeException: Execution failed
	at ptolemy.moml.MoMLSimpleApplication$UnloadThread.run(MoMLSimpleApplication.java:402)
Caused by: ptolemy.kernel.util.IllegalActionException: Found a zero delay loop containing .HierarchicalModel.A
  in .HierarchicalModel and .HierarchicalModel.A
	at ptolemy.actor.util.CausalityInterfaceForComposites._computeOutputPortDepth(CausalityInterfaceForComposites.java:759)
	at ptolemy.actor.util.CausalityInterfaceForComposites._computeInputDepth(CausalityInterfaceForComposites.java:696)
	at ptolemy.actor.util.CausalityInterfaceForComposites._computeOutputPortDepth(CausalityInterfaceForComposites.java:765)
	at ptolemy.actor.util.CausalityInterfaceForComposites._computeInputDepth(CausalityInterfaceForComposites.java:696)
	at ptolemy.actor.util.CausalityInterfaceForComposites._computeOutputPortDepth(CausalityInterfaceForComposites.java:765)
	at ptolemy.actor.util.CausalityInterfaceForComposites._computeInputDepth(CausalityInterfaceForComposites.java:696)
	at ptolemy.actor.util.CausalityInterfaceForComposites._computeActorDepth(CausalityInterfaceForComposites.java:532)
	at ptolemy.actor.util.CausalityInterfaceForComposites.checkForCycles(CausalityInterfaceForComposites.java:96)
	at ptolemy.domains.de.kernel.DEDirector.preinitialize(DEDirector.java:1338)
	at ptolemy.actor.CompositeActor.preinitialize(CompositeActor.java:1828)
	at ptolemy.actor.Manager.preinitializeAndResolveTypes(Manager.java:1040)
	at ptolemy.actor.Manager.initialize(Manager.java:710)
	at ptolemy.actor.Manager.execute(Manager.java:356)
	at ptolemy.actor.Manager.run(Manager.java:1263)
	at ptolemy.actor.Manager$PtolemyRunThread.run(Manager.java:1915)
java.lang.reflect.InvocationTargetException
	at sun.reflect.NativeConstructorAccessorImpl.newInstance0(Native Method)
	at sun.reflect.NativeConstructorAccessorImpl.newInstance(NativeConstructorAccessorImpl.java:62)
	at sun.reflect.DelegatingConstructorAccessorImpl.newInstance(DelegatingConstructorAccessorImpl.java:45)
	at java.lang.reflect.Constructor.newInstance(Constructor.java:423)
	at ptolemy.util.test.junit.AutoKnownFailedTests.RunModel(AutoKnownFailedTests.java:107)
	at sun.reflect.NativeMethodAccessorImpl.invoke0(Native Method)
	at sun.reflect.NativeMethodAccessorImpl.invoke(NativeMethodAccessorImpl.java:62)
	at sun.reflect.DelegatingMethodAccessorImpl.invoke(DelegatingMethodAccessorImpl.java:43)
	at java.lang.reflect.Method.invoke(Method.java:498)
	at org.junit.runners.model.FrameworkMethod$1.runReflectiveCall(FrameworkMethod.java:44)
	at org.junit.internal.runners.model.ReflectiveCallable.run(ReflectiveCallable.java:15)
	at org.junit.runners.model.FrameworkMethod.invokeExplosively(FrameworkMethod.java:41)
	at junitparams.internal.InvokeParameterisedMethod.evaluate(InvokeParameterisedMethod.java:102)
	at org.junit.internal.runners.statements.FailOnTimeout$1.run(FailOnTimeout.java:28)
Caused by: ptolemy.kernel.util.IllegalActionException: Found a zero delay loop containing .HierarchicalModel.A
  in .HierarchicalModel and .HierarchicalModel.A
	at ptolemy.actor.util.CausalityInterfaceForComposites._computeOutputPortDepth(CausalityInterfaceForComposites.java:759)
	at ptolemy.actor.util.CausalityInterfaceForComposites._computeInputDepth(CausalityInterfaceForComposites.java:696)
	at ptolemy.actor.util.CausalityInterfaceForComposites._computeOutputPortDepth(CausalityInterfaceForComposites.java:765)
	at ptolemy.actor.util.CausalityInterfaceForComposites._computeInputDepth(CausalityInterfaceForComposites.java:696)
	at ptolemy.actor.util.CausalityInterfaceForComposites._computeOutputPortDepth(CausalityInterfaceForComposites.java:765)
	at ptolemy.actor.util.CausalityInterfaceForComposites._computeInputDepth(CausalityInterfaceForComposites.java:696)
	at ptolemy.actor.util.CausalityInterfaceForComposites._computeActorDepth(CausalityInterfaceForComposites.java:532)
	at ptolemy.actor.util.CausalityInterfaceForComposites.checkForCycles(CausalityInterfaceForComposites.java:96)
	at ptolemy.domains.de.kernel.DEDirector.preinitialize(DEDirector.java:1338)
	at ptolemy.actor.CompositeActor.preinitialize(CompositeActor.java:1828)
	at ptolemy.actor.Manager.preinitializeAndResolveTypes(Manager.java:1040)
	at ptolemy.actor.Manager.initialize(Manager.java:710)
	at ptolemy.actor.Manager.execute(Manager.java:356)
	at ptolemy.actor.Manager.run(Manager.java:1263)
	at ptolemy.actor.Manager$PtolemyRunThread.run(Manager.java:1915)
java.lang.RuntimeException: Execution failed
	at ptolemy.moml.MoMLSimpleApplication$UnloadThread.run(MoMLSimpleApplication.java:402)
Caused by: ptolemy.kernel.util.IllegalActionException: Found a zero delay loop containing .dependencyLoop.original
  in .dependencyLoop and .dependencyLoop.original
	at ptolemy.actor.util.CausalityInterfaceForComposites._computeOutputPortDepth(CausalityInterfaceForComposites.java:759)
	at ptolemy.actor.util.CausalityInterfaceForComposites._computeInputDepth(CausalityInterfaceForComposites.java:696)
	at ptolemy.actor.util.CausalityInterfaceForComposites._computeOutputPortDepth(CausalityInterfaceForComposites.java:765)
	at ptolemy.actor.util.CausalityInterfaceForComposites._computeInputDepth(CausalityInterfaceForComposites.java:696)
	at ptolemy.actor.util.CausalityInterfaceForComposites._computeOutputPortDepth(CausalityInterfaceForComposites.java:765)
	at ptolemy.actor.util.CausalityInterfaceForComposites._computeInputDepth(CausalityInterfaceForComposites.java:696)
	at ptolemy.actor.util.CausalityInterfaceForComposites._computeActorDepth(CausalityInterfaceForComposites.java:532)
	at ptolemy.actor.util.CausalityInterfaceForComposites.checkForCycles(CausalityInterfaceForComposites.java:96)
	at ptolemy.domains.de.kernel.DEDirector.preinitialize(DEDirector.java:1338)
	at ptolemy.actor.CompositeActor.preinitialize(CompositeActor.java:1828)
	at ptolemy.actor.Manager.preinitializeAndResolveTypes(Manager.java:1040)
	at ptolemy.actor.Manager.initialize(Manager.java:710)
	at ptolemy.actor.Manager.execute(Manager.java:356)
	at ptolemy.actor.Manager.run(Manager.java:1263)
	at ptolemy.actor.Manager$PtolemyRunThread.run(Manager.java:1915)
java.lang.reflect.InvocationTargetException
	at sun.reflect.NativeConstructorAccessorImpl.newInstance0(Native Method)
	at sun.reflect.NativeConstructorAccessorImpl.newInstance(NativeConstructorAccessorImpl.java:62)
	at sun.reflect.DelegatingConstructorAccessorImpl.newInstance(DelegatingConstructorAccessorImpl.java:45)
	at java.lang.reflect.Constructor.newInstance(Constructor.java:423)
	at ptolemy.util.test.junit.AutoKnownFailedTests.RunModel(AutoKnownFailedTests.java:107)
	at sun.reflect.NativeMethodAccessorImpl.invoke0(Native Method)
	at sun.reflect.NativeMethodAccessorImpl.invoke(NativeMethodAccessorImpl.java:62)
	at sun.reflect.DelegatingMethodAccessorImpl.invoke(DelegatingMethodAccessorImpl.java:43)
	at java.lang.reflect.Method.invoke(Method.java:498)
	at org.junit.runners.model.FrameworkMethod$1.runReflectiveCall(FrameworkMethod.java:44)
	at org.junit.internal.runners.model.ReflectiveCallable.run(ReflectiveCallable.java:15)
	at org.junit.runners.model.FrameworkMethod.invokeExplosively(FrameworkMethod.java:41)
	at junitparams.internal.InvokeParameterisedMethod.evaluate(InvokeParameterisedMethod.java:102)
	at org.junit.internal.runners.statements.FailOnTimeout$1.run(FailOnTimeout.java:28)
Caused by: ptolemy.kernel.util.IllegalActionException: Found a zero delay loop containing .dependencyLoop.original
  in .dependencyLoop and .dependencyLoop.original
	at ptolemy.actor.util.CausalityInterfaceForComposites._computeOutputPortDepth(CausalityInterfaceForComposites.java:759)
	at ptolemy.actor.util.CausalityInterfaceForComposites._computeInputDepth(CausalityInterfaceForComposites.java:696)
	at ptolemy.actor.util.CausalityInterfaceForComposites._computeOutputPortDepth(CausalityInterfaceForComposites.java:765)
	at ptolemy.actor.util.CausalityInterfaceForComposites._computeInputDepth(CausalityInterfaceForComposites.java:696)
	at ptolemy.actor.util.CausalityInterfaceForComposites._computeOutputPortDepth(CausalityInterfaceForComposites.java:765)
	at ptolemy.actor.util.CausalityInterfaceForComposites._computeInputDepth(CausalityInterfaceForComposites.java:696)
	at ptolemy.actor.util.CausalityInterfaceForComposites._computeActorDepth(CausalityInterfaceForComposites.java:532)
	at ptolemy.actor.util.CausalityInterfaceForComposites.checkForCycles(CausalityInterfaceForComposites.java:96)
	at ptolemy.domains.de.kernel.DEDirector.preinitialize(DEDirector.java:1338)
	at ptolemy.actor.CompositeActor.preinitialize(CompositeActor.java:1828)
	at ptolemy.actor.Manager.preinitializeAndResolveTypes(Manager.java:1040)
	at ptolemy.actor.Manager.initialize(Manager.java:710)
	at ptolemy.actor.Manager.execute(Manager.java:356)
	at ptolemy.actor.Manager.run(Manager.java:1263)
	at ptolemy.actor.Manager$PtolemyRunThread.run(Manager.java:1915)
java.lang.RuntimeException: Execution failed
	at ptolemy.moml.MoMLSimpleApplication$UnloadThread.run(MoMLSimpleApplication.java:402)
Caused by: ptolemy.kernel.util.IllegalActionException: Found a zero delay loop containing .dependencyLoop2.original
  in .dependencyLoop2 and .dependencyLoop2.original
	at ptolemy.actor.util.CausalityInterfaceForComposites._computeOutputPortDepth(CausalityInterfaceForComposites.java:759)
	at ptolemy.actor.util.CausalityInterfaceForComposites._computeInputDepth(CausalityInterfaceForComposites.java:696)
	at ptolemy.actor.util.CausalityInterfaceForComposites._computeOutputPortDepth(CausalityInterfaceForComposites.java:765)
	at ptolemy.actor.util.CausalityInterfaceForComposites._computeInputDepth(CausalityInterfaceForComposites.java:696)
	at ptolemy.actor.util.CausalityInterfaceForComposites._computeOutputPortDepth(CausalityInterfaceForComposites.java:765)
	at ptolemy.actor.util.CausalityInterfaceForComposites._computeInputDepth(CausalityInterfaceForComposites.java:696)
	at ptolemy.actor.util.CausalityInterfaceForComposites._computeActorDepth(CausalityInterfaceForComposites.java:532)
	at ptolemy.actor.util.CausalityInterfaceForComposites.checkForCycles(CausalityInterfaceForComposites.java:96)
	at ptolemy.domains.de.kernel.DEDirector.preinitialize(DEDirector.java:1338)
	at ptolemy.actor.CompositeActor.preinitialize(CompositeActor.java:1828)
	at ptolemy.actor.Manager.preinitializeAndResolveTypes(Manager.java:1040)
	at ptolemy.actor.Manager.initialize(Manager.java:710)
	at ptolemy.actor.Manager.execute(Manager.java:356)
	at ptolemy.actor.Manager.run(Manager.java:1263)
	at ptolemy.actor.Manager$PtolemyRunThread.run(Manager.java:1915)
java.lang.reflect.InvocationTargetException
	at sun.reflect.NativeConstructorAccessorImpl.newInstance0(Native Method)
	at sun.reflect.NativeConstructorAccessorImpl.newInstance(NativeConstructorAccessorImpl.java:62)
	at sun.reflect.DelegatingConstructorAccessorImpl.newInstance(DelegatingConstructorAccessorImpl.java:45)
	at java.lang.reflect.Constructor.newInstance(Constructor.java:423)
	at ptolemy.util.test.junit.AutoKnownFailedTests.RunModel(AutoKnownFailedTests.java:107)
	at sun.reflect.NativeMethodAccessorImpl.invoke0(Native Method)
	at sun.reflect.NativeMethodAccessorImpl.invoke(NativeMethodAccessorImpl.java:62)
	at sun.reflect.DelegatingMethodAccessorImpl.invoke(DelegatingMethodAccessorImpl.java:43)
	at java.lang.reflect.Method.invoke(Method.java:498)
	at org.junit.runners.model.FrameworkMethod$1.runReflectiveCall(FrameworkMethod.java:44)
	at org.junit.internal.runners.model.ReflectiveCallable.run(ReflectiveCallable.java:15)
	at org.junit.runners.model.FrameworkMethod.invokeExplosively(FrameworkMethod.java:41)
	at junitparams.internal.InvokeParameterisedMethod.evaluate(InvokeParameterisedMethod.java:102)
	at org.junit.internal.runners.statements.FailOnTimeout$1.run(FailOnTimeout.java:28)
Caused by: ptolemy.kernel.util.IllegalActionException: Found a zero delay loop containing .dependencyLoop2.original
  in .dependencyLoop2 and .dependencyLoop2.original
	at ptolemy.actor.util.CausalityInterfaceForComposites._computeOutputPortDepth(CausalityInterfaceForComposites.java:759)
	at ptolemy.actor.util.CausalityInterfaceForComposites._computeInputDepth(CausalityInterfaceForComposites.java:696)
	at ptolemy.actor.util.CausalityInterfaceForComposites._computeOutputPortDepth(CausalityInterfaceForComposites.java:765)
	at ptolemy.actor.util.CausalityInterfaceForComposites._computeInputDepth(CausalityInterfaceForComposites.java:696)
	at ptolemy.actor.util.CausalityInterfaceForComposites._computeOutputPortDepth(CausalityInterfaceForComposites.java:765)
	at ptolemy.actor.util.CausalityInterfaceForComposites._computeInputDepth(CausalityInterfaceForComposites.java:696)
	at ptolemy.actor.util.CausalityInterfaceForComposites._computeActorDepth(CausalityInterfaceForComposites.java:532)
	at ptolemy.actor.util.CausalityInterfaceForComposites.checkForCycles(CausalityInterfaceForComposites.java:96)
	at ptolemy.domains.de.kernel.DEDirector.preinitialize(DEDirector.java:1338)
	at ptolemy.actor.CompositeActor.preinitialize(CompositeActor.java:1828)
	at ptolemy.actor.Manager.preinitializeAndResolveTypes(Manager.java:1040)
	at ptolemy.actor.Manager.initialize(Manager.java:710)
	at ptolemy.actor.Manager.execute(Manager.java:356)
	at ptolemy.actor.Manager.run(Manager.java:1263)
	at ptolemy.actor.Manager$PtolemyRunThread.run(Manager.java:1915)
]]></system-err>
</testsuite>
