<?xml version="1.0" encoding="UTF-8" ?>
<testsuite errors="1" failures="2" hostname="travis-job-4a830107-1203-44d1-b34f-6cdb04ec3e58" name="ptolemy.actor.lib.test.junit.JUnitTclTest" skipped="0" tests="517" time="64.304" timestamp="2019-06-25T04:44:46">
  <properties>
    <property name="npm.executable" value="npm" />
    <property name="env.TRAVIS_ROOT" value="/" />
    <property name="ptII.mk.exists" value="true" />
    <property name="env.TRAVIS_APP_HOST" value="build.travis-ci.org" />
    <property name="env.rvm_bin_path" value="/home/travis/.rvm/bin" />
    <property name="java.home" value="/usr/local/lib/jvm/openjdk11" />
    <property name="env.TRAVIS_JOB_NUMBER" value="1183.8" />
    <property name="env.TRAVIS_HOME" value="/home/travis" />
    <property name="env.DISPLAY" value=":99.0" />
    <property name="env.TRAVIS_INIT" value="systemd" />
    <property name="env.SSH_TTY" value="/dev/pts/0" />
    <property name="java.net.preferIPv4Stack" value="true" />
    <property name="env.RUN_TESTS" value="true" />
    <property name="timeout.short" value="1000000" />
    <property name="junit.formatter" value="xml" />
    <property name="env.TRAVIS_SUDO" value="true" />
    <property name="env.TRAVIS_JOB_NAME" value="" />
    <property name="env.TRAVIS_STACK_NODE_ATTRIBUTES" value="/.node-attributes.yml" />
    <property name="env.LOGNAME" value="travis" />
    <property name="env.PT_TRAVIS_TEST_CORE1_XML" value="true" />
    <property name="jsdoc.home" value="node_modules/@terraswarm/jsdoc" />
    <property name="debuglevel" value="source,lines,vars" />
    <property name="checkstyle.formatter" value="xml" />
    <property name="env._system_version" value="16.04" />
    <property name="bin.vergil.makeable" value="true" />
    <property name="sun.os.patch.level" value="unknown" />
    <property name="java.vendor.url" value="http://java.oracle.com/" />
    <property name="env.TRAVIS_BUILD_WEB_URL" value="https://travis-ci.org/icyphy/ptII/builds/550078982" />
    <property name="java.version" value="11.0.2" />
    <property name="env.TZ" value="UTC" />
    <property name="env.TRAVIS_PULL_REQUEST_SHA" value="" />
    <property name="env.PT_NO_NET" value="true" />
    <property name="env.TRAVIS_SECURE_ENV_VARS" value="true" />
    <property name="env._system_type" value="Linux" />
    <property name="java.vendor.url.bug" value="http://bugreport.java.com/bugreport/" />
    <property name="npmjs-org-is-up" value="true" />
    <property name="env.LANGUAGE" value="en_US.UTF-8" />
    <property name="env.SSH_CLIENT" value="10.10.4.67 53590 22" />
    <property name="env.GEM_HOME" value="/home/travis/.rvm/gems/ruby-2.5.3" />
    <property name="env.HAS_ANTARES_THREE_LITTLE_FRONZIES_BADGE" value="true" />
    <property name="java.version.date" value="2019-01-15" />
    <property name="env.PS4" value="+" />
    <property name="ant.project.invoked-targets" value="build,test.core1.xml" />
    <property name="env.TRAVIS_PULL_REQUEST_BRANCH" value="" />
    <property name="env.TRAVIS_REPO_SLUG" value="icyphy/ptII" />
    <property name="env.XDG_DATA_DIRS" value="/usr/local/share:/usr/share:/var/lib/snapd/desktop" />
    <property name="jdk.debug" value="release" />
    <property name="env.TRAVIS_APT_PROXY" value="http://apt.cache.travis-ci.com" />
    <property name="node.in.path" value="true" />
    <property name="user.name" value="travis" />
    <property name="java.maxmemory" value="1400m" />
    <property name="env.RUBY_VERSION" value="ruby-2.5.3" />
    <property name="env.LANG" value="en_US.UTF-8" />
    <property name="sun.io.unicode.encoding" value="UnicodeLittle" />
    <property name="sun.jnu.encoding" value="UTF-8" />
    <property name="java.runtime.name" value="OpenJDK Runtime Environment" />
    <property name="usefile" value="false" />
    <property name="return.code" value="0" />
    <property name="junit.single.formatter" value="plain" />
    <property name="env.DYLD_LIBRARY_PATH" value="/home/travis/pthla/certi-tools/lib:" />
    <property name="env.DEBIAN_FRONTEND" value="noninteractive" />
    <property name="env.SSH_CONNECTION" value="10.10.4.67 53590 10.20.0.182 22" />
    <property name="env.MYSQL_UNIX_PORT" value="/var/run/mysqld/mysqld.sock" />
    <property name="env.LC_ALL" value="en_US.UTF-8" />
    <property name="env.TRAVIS_ALLOW_FAILURE" value="false" />
    <property name="env.TRAVIS_JOB_WEB_URL" value="https://travis-ci.org/icyphy/ptII/jobs/550078990" />
    <property name="java.specification.name" value="Java Platform API Specification" />
    <property name="node.works" value="true" />
    <property name="user.timezone" value="" />
    <property name="path.separator" value=":" />
    <property name="env.TRAVIS_ENABLE_INFRA_DETECTION" value="true" />
    <property name="env.PYTHON_CFLAGS" value="-g -fstack-protector --param=ssp-buffer-size=4 -Wformat -Werror=format-security" />
    <property name="timeout.long" value="4000000" />
    <property name="env.CERTI_HOME" value="/home/travis/pthla/certi-tools" />
    <property name="ant.file.ptII" value="/home/travis/build/icyphy/ptII/build.xml" />
    <property name="javadoc.packagenames" value="com.*,diva.*,lbnl.*,org.hlacerti.*,org.json.*,org.ptolemy.*,org.terraswarm.*,ptolemy.*,ptserver.*" />
    <property name="file.encoding" value="UTF-8" />
    <property name="env.TRAVIS_PULL_REQUEST_SLUG" value="" />
    <property name="ant.project.default-target" value="build" />
    <property name="env.GIT_ASKPASS" value="echo" />
    <property name="env.HOME" value="/home/travis" />
    <property name="sun.java.command" value="org.apache.tools.ant.taskdefs.optional.junit.JUnitTestRunner ptolemy.actor.lib.test.junit.JUnitTclTest skipNonTests=false filtertrace=true haltOnError=false haltOnFailure=false formatter=org.apache.tools.ant.taskdefs.optional.junit.OutErrSummaryJUnitResultFormatter showoutput=true outputtoformatters=true logfailedtests=true threadid=0 logtestlistenerevents=false formatter=org.apache.tools.ant.taskdefs.optional.junit.XMLJUnitResultFormatter,/home/travis/build/icyphy/ptII/reports/junit/TEST-ptolemy.actor.lib.test.junit.JUnitTclTest.xml crashfile=/home/travis/build/icyphy/ptII/junitvmwatcher17568056633582356952.properties propsfile=/home/travis/build/icyphy/ptII/junit5492286827686283710.properties" />
    <property name="env.COMPOSER_NO_INTERACTION" value="1" />
    <property name="env.MANPATH" value="/home/travis/.nvm/versions/node/v7.10.1/share/man:/home/travis/.rvm/rubies/ruby-2.5.3/share/man:/usr/local/cmake-3.12.4/man:/usr/local/clang-7.0.0/share/man:/usr/local/man:/usr/local/share/man:/usr/share/man:/home/travis/.rvm/man" />
    <property name="env.TRAVIS_TIMER_ID" value="02248338" />
    <property name="ant.file" value="/home/travis/build/icyphy/ptII/build.xml" />
    <property name="env.TRAVIS_COMMIT_RANGE" value="fcbd8b5a68c760c19c82e52584d805fab600307d...b6de4a29689c219dd7cbcef974805eca11f91674" />
    <property name="env._system_name" value="Ubuntu" />
    <property name="ptII.classpath.optional.property" value="/home/travis/build/icyphy/ptII/lib/bsh-2.0b4.jar:/home/travis/build/icyphy/ptII/lib/ptCal.jar:/home/travis/build/icyphy/ptII/lib/java_cup.jar:/home/travis/build/icyphy/ptII/lib/saxon8.jar:/home/travis/build/icyphy/ptII/lib/saxon8-dom.jar:/home/travis/build/icyphy/ptII/lib/chic.jar:/home/travis/build/icyphy/ptII/lib/ptcolt.jar:/home/travis/build/icyphy/ptII/vendors/misc/itext/iText.jar:/home/travis/build/icyphy/ptII/lib/g4ltl.jar:/home/travis/build/icyphy/ptII/lib/StructuralCoder.jar:/home/travis/build/icyphy/ptII/vendors/jai-1_1_2_01/lib/jai_core.jar:/home/travis/build/icyphy/ptII/vendors/jai-1_1_2_01/lib/jai_codec.jar:/home/travis/build/icyphy/ptII/lib/jcerti.jar:/home/travis/build/icyphy/ptII/lib/javax.mail.jar:/home/travis/build/icyphy/ptII/vendors/JMF-2.1.1e/lib/jmf.jar:/home/travis/build/icyphy/ptII/lib/jna-4.0.0-variadic.jar:/home/travis/build/icyphy/ptII/vendors/misc/joystick/Joystick.jar:/home/travis/build/icyphy/ptII/lib/ptjacl.jar:/home/travis/build/icyphy/ptII/lib/jsoup-1.8.2.jar:/home/travis/build/icyphy/ptII/lib/junit-4.8.2.jar:/home/travis/build/icyphy/ptII/lib/JUnitParams-0.4.0.jar:/home/travis/build/icyphy/ptII/ptolemy/actor/lib/excel/jxl.jar:/home/travis/build/icyphy/ptII/lib/jython.jar:/home/travis/build/icyphy/ptII/lib/kieler.jar:/home/travis/build/icyphy/ptII/vendors/opencv/share/OpenCV/java/opencv-341.jar:/home/travis/build/icyphy/ptII/lib/oscP5.jar:/home/travis/build/icyphy/ptII/lib/nrjavaserial-3.11.0.devel.jar:/home/travis/build/icyphy/ptII/vendors/j3d/lib/j3dcore.jar:/home/travis/build/icyphy/ptII/vendors/j3d/lib/j3dutils.jar:/home/travis/build/icyphy/ptII/vendors/j3d/lib/vecmath.jar:/home/travis/build/icyphy/ptII/ptolemy/distributed/jini/jar/jini-core.jar:/home/travis/build/icyphy/ptII/ptolemy/distributed/jini/jar/jini-ext.jar:/home/travis/build/icyphy/ptII/ptolemy/distributed/jini/jar/sun-util.jar:/home/travis/build/icyphy/ptII/lib/protobuf-java-2.4.1.jar:/home/travis/build/icyphy/ptII/lib/org.eclipse.paho.client.mqttv3.jar:/home/travis/build/icyphy/ptII/lib/mapss.jar:/home/travis/build/icyphy/ptII/ptolemy/actor/ptalon/antlr/antlr.jar:/home/travis/build/icyphy/ptII/lib/JRI.jar:/home/travis/build/icyphy/ptII/lib/commons-lang-2.6.jar:/home/travis/build/icyphy/ptII/lib/commons-logging-1.1.1.jar:/home/travis/build/icyphy/ptII/lib/sootclasses.jar:/home/travis/build/icyphy/ptII/ptolemy/actor/lib/database/mysql-connector-java-5.1.6-bin.jar:/home/travis/build/icyphy/ptII/vendors/misc/sphinx4/sphinx4-data-5prealpha.jar:/home/travis/build/icyphy/ptII/vendors/misc/sphinx4/sphinx4-core-5prealpha.jar:/home/travis/build/icyphy/ptII/lib/PDFRenderer.jar:/home/travis/build/icyphy/ptII/lib/svgSalamander.jar:/home/travis/build/icyphy/ptII/lib/rsyntaxtextarea-2.6.0-SNAPSHOT.jar:/home/travis/build/icyphy/ptII/lib/hazelcast-3.8.2.jar:/home/travis/build/icyphy/ptII/lib/jackson-annotations-2.9.0.jar:/home/travis/build/icyphy/ptII/lib/jackson-core-2.9.3.jar:/home/travis/build/icyphy/ptII/lib/jackson-databind-2.9.3.jar:/home/travis/build/icyphy/ptII/lib/netty-buffer-4.1.19.Final.jar:/home/travis/build/icyphy/ptII/lib/netty-codec-4.1.19.Final.jar:/home/travis/build/icyphy/ptII/lib/netty-codec-dns-4.1.19.Final.jar:/home/travis/build/icyphy/ptII/lib/netty-codec-http-4.1.19.Final.jar:/home/travis/build/icyphy/ptII/lib/netty-codec-http2-4.1.19.Final.jar:/home/travis/build/icyphy/ptII/lib/netty-common-4.1.19.Final.jar:/home/travis/build/icyphy/ptII/lib/netty-handler-4.1.19.Final.jar:/home/travis/build/icyphy/ptII/lib/netty-resolver-4.1.19.Final.jar:/home/travis/build/icyphy/ptII/lib/netty-resolver-dns-4.1.19.Final.jar:/home/travis/build/icyphy/ptII/lib/netty-transport-4.1.19.Final.jar:/home/travis/build/icyphy/ptII/lib/vertx-codegen-3.5.1.jar:/home/travis/build/icyphy/ptII/lib/vertx-core-3.5.2-SNAPSHOT.jar:/home/travis/build/icyphy/ptII/lib/vertx-hazelcast-3.5.1.jar:/home/travis/build/icyphy/ptII/lib/vertx-lang-js-3.5.1.jar:/home/travis/build/icyphy/ptII/lib/vertx-service-proxy-3.5.1.jar:/home/travis/build/icyphy/ptII/lib/vertx-web-3.5.1.jar:/home/travis/build/icyphy/ptII/lib/slf4j-api-1.7.13.jar:/home/travis/build/icyphy/ptII/lib/slf4j-simple-1.7.13.jar:/home/travis/build/icyphy/ptII/lib/webcam-capture-0.3.12.jar:/home/travis/build/icyphy/ptII/lib/bridj-0.7.0.jar:/home/travis/build/icyphy/ptII/lib/xbjlib-1.1.0.nrjavaserial.jar" />
    <property name="timeout" value="2400000" />
    <property name="test.batch" value="**/junit/*.java" />
    <property name="env._" value="/usr/bin/timeout" />
    <property name="java.io.tmpdir" value="/tmp" />
    <property name="user.language" value="en" />
    <property name="env.TRAVIS_INTERNAL_RUBY_REGEX" value="^ruby-(2\.[0-4]\.[0-9]|1\.9\.3)" />
    <property name="env.HISTCONTROL" value="ignoredups:ignorespace" />
    <property name="env.GOROOT" value="/home/travis/.gimme/versions/go1.11.1.linux.amd64" />
    <property name="line.separator" value="&#xa;" />
    <property name="target" value="11" />
    <property name="env.TRAVIS_BUILD_DIR" value="/home/travis/build/icyphy/ptII" />
    <property name="env.ANT_OPTS" value="-Xmx2048m" />
    <property name="ant.file.type" value="file" />
    <property name="ptolemy.ptII.batchMode" value="true" />
    <property name="env.HISTSIZE" value="1000" />
    <property name="env.MERB_ENV" value="test" />
    <property name="java.vm.info" value="mixed mode" />
    <property name="source" value="11" />
    <property name="java.vm.specification.name" value="Java Virtual Machine Specification" />
    <property name="env.TRAVIS_TEST_RESULT" value="0" />
    <property name="jsdoc.command" value="node_modules/@terraswarm/jsdoc/jsdoc.js" />
    <property name="npm.works" value="true" />
    <property name="cobertura.dir" value="/home/travis/build/icyphy/ptII/vendors/cobertura-2.0.3" />
    <property name="env.rvm_path" value="/home/travis/.rvm" />
    <property name="env.GEM_PATH" value="/home/travis/.rvm/gems/ruby-2.5.3:/home/travis/.rvm/gems/ruby-2.5.3@global" />
    <property name="env.LC_CTYPE" value="en_US.UTF-8" />
    <property name="env.TRAVIS_CMD" value="$PTII/bin/ptIITravisBuild.sh $SECONDS" />
    <property name="java.awt.printerjob" value="sun.print.PSPrinterJob" />
    <property name="env.TRAVIS_STACK_NAME" value="sardonyx" />
    <property name="env.TRAVIS_TIMER_START_TIME" value="1561437213726099124" />
    <property name="ant.version" value="Apache Ant(TM) version 1.10.1 compiled on February 2 2017" />
    <property name="ptII.reports" value="/home/travis/build/icyphy/ptII/reports" />
    <property name="env.TRAVIS_STACK_TIMESTAMP" value="2019-03-25 16:16:56 UTC" />
    <property name="ant.file.type.ptII" value="file" />
    <property name="env.RBENV_SHELL" value="bash" />
    <property name="os.name" value="Linux" />
    <property name="java.specification.vendor" value="Oracle Corporation" />
    <property name="env.rvm_version" value="1.29.7 (latest)" />
    <property name="env.TRAVIS_INFRA" value="gce" />
    <property name="env.TERM" value="xterm" />
    <property name="java.vm.name" value="OpenJDK 64-Bit Server VM" />
    <property name="env.TRAVIS_BUILD_NUMBER" value="1183" />
    <property name="env.CI" value="true" />
    <property name="java.library.path" value="/home/travis/pthla/certi-tools/lib:/usr/lib/jni:/usr/local/share/OpenCV/java/:/usr/share/OpenCV/java::/usr/java/packages/lib:/usr/lib64:/lib64:/lib:/usr/lib" />
    <property name="env.rvm_prefix" value="/home/travis" />
    <property name="env.PATH" value="/home/travis/pthla/certi-tools/share/scripts:/home/travis/.rvm/gems/ruby-2.5.3/bin:/home/travis/.rvm/gems/ruby-2.5.3@global/bin:/home/travis/.rvm/rubies/ruby-2.5.3/bin:/home/travis/.rvm/bin:/home/travis/.nvm/versions/node/v7.10.1/bin:./node_modules/.bin:/home/travis/build/icyphy/ptII/bin:/home/travis/pthla/certi-tools/bin:/home/travis/bin:/home/travis/.local/bin:/usr/local/lib/jvm/openjdk11/bin:/opt/pyenv/shims:/home/travis/.phpenv/shims:/home/travis/perl5/perlbrew/bin:/home/travis/gopath/bin:/home/travis/.gimme/versions/go1.11.1.linux.amd64/bin:/usr/local/maven-3.6.0/bin:/usr/local/cmake-3.12.4/bin:/usr/local/clang-7.0.0/bin:/usr/local/sbin:/usr/local/bin:/usr/sbin:/usr/bin:/sbin:/bin:/snap/bin:/home/travis/.phpenv/bin:/opt/pyenv/bin:/home/travis/.yarn/bin" />
    <property name="env.TRAVIS_OS_NAME" value="linux" />
    <property name="ant.java.version" value="9" />
    <property name="basedir" value="/home/travis/build/icyphy/ptII" />
    <property name="java.class.version" value="55.0" />
    <property name="env.SHLVL" value="3" />
    <property name="env.LD_LIBRARY_PATH" value="/home/travis/pthla/certi-tools/lib:/usr/lib/jni:/usr/local/share/OpenCV/java/:/usr/share/OpenCV/java:" />
    <property name="env.RACK_ENV" value="test" />
    <property name="ant.home" value="/home/travis/build/icyphy/ptII/ant" />
    <property name="env.NVM_DIR" value="/home/travis/.nvm" />
    <property name="env.CERTI_FOM_PATH" value="/home/travis/pthla/certi-tools/share/federations" />
    <property name="env.TRAVIS_BUILD_ID" value="550078982" />
    <property name="env.PYENV_ROOT" value="/opt/pyenv" />
    <property name="env.TRAVIS_UID" value="2000" />
    <property name="env.NVM_BIN" value="/home/travis/.nvm/versions/node/v7.10.1/bin" />
    <property name="env.TRAVIS_COMMIT" value="b6de4a29689c219dd7cbcef974805eca11f91674" />
    <property name="env._system_arch" value="x86_64" />
    <property name="node.executable" value="node" />
    <property name="sun.boot.library.path" value="/usr/local/lib/jvm/openjdk11/lib" />
    <property name="sun.management.compiler" value="HotSpot 64-Bit Tiered Compilers" />
    <property name="java.awt.graphicsenv" value="sun.awt.X11GraphicsEnvironment" />
    <property name="env.GOPATH" value="/home/travis/gopath" />
    <property name="ptolemy.ptII.dir" value="/home/travis/build/icyphy/ptII" />
    <property name="env.USER" value="travis" />
    <property name="env.HISTFILESIZE" value="2000" />
    <property name="timeout.longest" value="19000000" />
    <property name="env.PERLBREW_SHELLRC_VERSION" value="0.86" />
    <property name="env.TRAVIS_STACK_FEATURES" value="basic couchdb disabled-ipv6 docker docker-compose elasticsearch firefox go-toolchain google-chrome jdk memcached mongodb mysql nodejs_interpreter perl_interpreter perlbrew phantomjs postgresql python_interpreter redis ruby_interpreter sqlite xserver" />
    <property name="env.TRAVIS_PULL_REQUEST" value="false" />
    <property name="env.PYENV_SHELL" value="bash" />
    <property name="ant.project.name" value="ptII" />
    <property name="env.ANSI_RESET" value="\033[0m" />
    <property name="java.vm.specification.version" value="11" />
    <property name="env.TRAVIS_DIST" value="xenial" />
    <property name="env.CERTI_VERSION" value="4.0.0" />
    <property name="env.CERTI_HOST" value="localhost" />
    <property name="awt.toolkit" value="sun.awt.X11.XToolkit" />
    <property name="env.MY_RUBY_HOME" value="/home/travis/.rvm/rubies/ruby-2.5.3" />
    <property name="sun.cpu.isalist" value="" />
    <property name="env.TRAVIS_TMPDIR" value="/tmp/tmp.GVbCoFrgzV" />
    <property name="java.vm.compressedOopsMode" value="Zero based" />
    <property name="os.version" value="4.15.0-1028-gcp" />
    <property name="user.home" value="/home/travis" />
    <property name="java.vm.vendor" value="Oracle Corporation" />
    <property name="env.TRAVIS_TAG" value="nightly" />
    <property name="env.ANSI_YELLOW" value="\033[33;1m" />
    <property name="env.TRAVIS_FILTERED" value="redirect_io" />
    <property name="env.ANSI_GREEN" value="\033[32;1m" />
    <property name="env.JAVA_HOME" value="/usr/local/lib/jvm/openjdk11" />
    <property name="javadoc.excludepackagenames" value="adm.cvs2svn.*,build.*,config.*,doc.coding.templates.*,jni.test.jni.meaningOfLife.*,jni.test.jni.testDeux.*,jni.test.jni.testTrois.*,org.terraswarm.accessor.accessors.web.node_modules.*,org.terraswarm.accessor.accessors.web.hosts.cordova.demo.*,org.terraswarm.accessor.accessors.web.hosts.cordova.plugins.*,org.terraswarm.accessor.accessors-svn.*,pt-modules.*,ptolemy.apps.agilent.*,ptolemy.apps.anytimecontrol.*,ptolemy.apps.apes.*,ptolemy.apps.charon.*,ptolemy.apps.crazyboard.*,ptolemy.apps.eclipse.*,ptolemy.apps.etherealSting.*,ptolemy.apps.fullscreen.*,ptolemy.apps.giotto.*,ptolemy.apps.ia.*,ptolemy.apps.interfaces.*,ptolemy.apps.jmf.*,ptolemy.apps.kurt.*,ptolemy.apps.kvm.*,ptolemy.apps.lego.*,ptolemy.apps.lejos.*,ptolemy.apps.midp.*,ptolemy.apps.mobileCoding.*,ptolemy.apps.pendulum.*,ptolemy.apps.rijndael.*,ptolemy.apps.robot.*,ptolemy.apps.security.*,ptolemy.apps.sobel.*,ptolemy.apps.soot.*,ptolemy.apps.throttle.*,ptolemy.apps.tini.*,ptolemy.apps.transmission.*,ptolemy.apps.vergil.*,ptolemy.apps.waba.*,ptolemy.apps.websensor.*,ptolemy.apps.webstart.*,ptolemy.apps.xsl.*,ptolemy.apps.zaurus.*,ptolemy.codegen.c.actor.lib.oldJavaFiles.*,ptolemy.codegen.dsp.lib.*,ptolemy.codegen.kernel.newInterfaces.*,ptolemy.codegen.lib.*,ptolemy.copernicus.kernel.fragment.*,ptolemy.copernicus.shallow.cg.*,ptolemy.domains.giotto.demo.Hierarchy.Hierarchy.*,ptolemy.domains.giotto.demo.Multimode.Multimode.*,ptolemy.domains.giotto.demo.Simple.Simple.*,ptolemy.domains.gr.lib.experimental.*,ptolemy.domains.gro.*,ptolemy.domains.pdf.*,ptolemy.domains.ptinyos.demo.Surge.output.*,ptolemy.moml.test.NoPackageActor.java*,ptolemy.plot.adm.*,ptolemy.plot.servlet.*,reports.*,signed.*,src.*,target.*,vendors.*,ptolemy.copernicus.applet.*,ptolemy.media.viewer.*,ptolemy.actor.corba.*,doc.doclets.*,ptolemy.apps.eclipse.awt.*,ptolemy.backtrack.*,ptolemy.backtrack.ast.*,ptolemy.cg.adapter.generic.program.procedural.c.mbed*,ptolemy.homer.*,ptolemy.actor.lib.jjs.modules.audio.*,org.ptolemy.scala.*,diva.util.java2d.svg.*,ptolemy.domains.ptinyos.*,ptolemy.actor.lib.fmi.fmipp.*,,org.terraswarm.accessor.accessors.web.node_modules.*,org.terraswarm.accessor.accessors-svn,ptolemy.apps.*,ptolemy.actor.ptalon.demo.ptinyos.SendAndReceiveCnt.output,ptolemy.actor.ptalon.demo.ptinyos.SenseToLeds.output,ptolemy.domains.ptinyos.demo.CntToLedsAndRfm.output,ptolemy.domains.ptinyos.demo.RfmToLeds.output,ptolemy.domains.ptinyos.demo.SendAndReceiveCnt.output,ptolemy.domains.ptinyos.demo.SenseToLeds.output,ptolemy.actor.lib.jjs.modules.udpSocket.*" />
    <property name="env.PTII" value="/home/travis/build/icyphy/ptII" />
    <property name="env.XDG_SESSION_ID" value="2" />
    <property name="keystore" value="ptKeystore" />
    <property name="env.TRAVIS_COMMIT_MESSAGE" value="Moved csp and doc tests to core6 so that core2 will run to completion." />
    <property name="junit.output.dir" value="/home/travis/build/icyphy/ptII/reports/junit" />
    <property name="npm.return.code" value="0" />
    <property name="user.dir" value="/home/travis/build/icyphy/ptII/ptolemy/actor/lib/test" />
    <property name="env.TRAVIS_NODE_VERSION" value="7" />
    <property name="env.TRAVIS_EVENT_TYPE" value="cron" />
    <property name="env.MAIL" value="/var/mail/travis" />
    <property name="env.PERLBREW_ROOT" value="/home/travis/perl5/perlbrew" />
    <property name="env.PWD" value="/home/travis/build/icyphy/ptII" />
    <property name="timeout.npm" value="45000" />
    <property name="env.TRAVIS_ARCH" value="amd64" />
    <property name="sun.cpu.endian" value="little" />
    <property name="env.PAGER" value="cat" />
    <property name="env.TRAVIS_BUILD_STAGE_NAME" value="Test" />
    <property name="env.PERLBREW_HOME" value="/home/travis/.perlbrew" />
    <property name="java.vm.version" value="11.0.2+9" />
    <property name="env.RAILS_ENV" value="test" />
    <property name="java.class.path" value="/home/travis/.ptolemyII:/home/travis/.ptolemyII/*:/home/travis/build/icyphy/ptII:/home/travis/build/icyphy/ptII/lib/bsh-2.0b4.jar:/home/travis/build/icyphy/ptII/lib/ptCal.jar:/home/travis/build/icyphy/ptII/lib/java_cup.jar:/home/travis/build/icyphy/ptII/lib/saxon8.jar:/home/travis/build/icyphy/ptII/lib/saxon8-dom.jar:/home/travis/build/icyphy/ptII/lib/chic.jar:/home/travis/build/icyphy/ptII/lib/ptcolt.jar:/home/travis/build/icyphy/ptII/vendors/misc/itext/iText.jar:/home/travis/build/icyphy/ptII/lib/g4ltl.jar:/home/travis/build/icyphy/ptII/lib/StructuralCoder.jar:/home/travis/build/icyphy/ptII/vendors/jai-1_1_2_01/lib/jai_core.jar:/home/travis/build/icyphy/ptII/vendors/jai-1_1_2_01/lib/jai_codec.jar:/home/travis/build/icyphy/ptII/lib/jcerti.jar:/home/travis/build/icyphy/ptII/lib/javax.mail.jar:/home/travis/build/icyphy/ptII/vendors/JMF-2.1.1e/lib/jmf.jar:/home/travis/build/icyphy/ptII/lib/jna-4.0.0-variadic.jar:/home/travis/build/icyphy/ptII/vendors/misc/joystick/Joystick.jar:/home/travis/build/icyphy/ptII/lib/ptjacl.jar:/home/travis/build/icyphy/ptII/lib/jsoup-1.8.2.jar:/home/travis/build/icyphy/ptII/lib/junit-4.8.2.jar:/home/travis/build/icyphy/ptII/lib/JUnitParams-0.4.0.jar:/home/travis/build/icyphy/ptII/ptolemy/actor/lib/excel/jxl.jar:/home/travis/build/icyphy/ptII/lib/jython.jar:/home/travis/build/icyphy/ptII/lib/kieler.jar:/home/travis/build/icyphy/ptII/vendors/opencv/share/OpenCV/java/opencv-341.jar:/home/travis/build/icyphy/ptII/lib/oscP5.jar:/home/travis/build/icyphy/ptII/lib/nrjavaserial-3.11.0.devel.jar:/home/travis/build/icyphy/ptII/vendors/j3d/lib/j3dcore.jar:/home/travis/build/icyphy/ptII/vendors/j3d/lib/j3dutils.jar:/home/travis/build/icyphy/ptII/vendors/j3d/lib/vecmath.jar:/home/travis/build/icyphy/ptII/ptolemy/distributed/jini/jar/jini-core.jar:/home/travis/build/icyphy/ptII/ptolemy/distributed/jini/jar/jini-ext.jar:/home/travis/build/icyphy/ptII/ptolemy/distributed/jini/jar/sun-util.jar:/home/travis/build/icyphy/ptII/lib/protobuf-java-2.4.1.jar:/home/travis/build/icyphy/ptII/lib/org.eclipse.paho.client.mqttv3.jar:/home/travis/build/icyphy/ptII/lib/mapss.jar:/home/travis/build/icyphy/ptII/ptolemy/actor/ptalon/antlr/antlr.jar:/home/travis/build/icyphy/ptII/lib/JRI.jar:/home/travis/build/icyphy/ptII/lib/commons-lang-2.6.jar:/home/travis/build/icyphy/ptII/lib/commons-logging-1.1.1.jar:/home/travis/build/icyphy/ptII/lib/sootclasses.jar:/home/travis/build/icyphy/ptII/ptolemy/actor/lib/database/mysql-connector-java-5.1.6-bin.jar:/home/travis/build/icyphy/ptII/vendors/misc/sphinx4/sphinx4-data-5prealpha.jar:/home/travis/build/icyphy/ptII/vendors/misc/sphinx4/sphinx4-core-5prealpha.jar:/home/travis/build/icyphy/ptII/lib/PDFRenderer.jar:/home/travis/build/icyphy/ptII/lib/svgSalamander.jar:/home/travis/build/icyphy/ptII/lib/rsyntaxtextarea-2.6.0-SNAPSHOT.jar:/home/travis/build/icyphy/ptII/lib/hazelcast-3.8.2.jar:/home/travis/build/icyphy/ptII/lib/jackson-annotations-2.9.0.jar:/home/travis/build/icyphy/ptII/lib/jackson-core-2.9.3.jar:/home/travis/build/icyphy/ptII/lib/jackson-databind-2.9.3.jar:/home/travis/build/icyphy/ptII/lib/netty-buffer-4.1.19.Final.jar:/home/travis/build/icyphy/ptII/lib/netty-codec-4.1.19.Final.jar:/home/travis/build/icyphy/ptII/lib/netty-codec-dns-4.1.19.Final.jar:/home/travis/build/icyphy/ptII/lib/netty-codec-http-4.1.19.Final.jar:/home/travis/build/icyphy/ptII/lib/netty-codec-http2-4.1.19.Final.jar:/home/travis/build/icyphy/ptII/lib/netty-common-4.1.19.Final.jar:/home/travis/build/icyphy/ptII/lib/netty-handler-4.1.19.Final.jar:/home/travis/build/icyphy/ptII/lib/netty-resolver-4.1.19.Final.jar:/home/travis/build/icyphy/ptII/lib/netty-resolver-dns-4.1.19.Final.jar:/home/travis/build/icyphy/ptII/lib/netty-transport-4.1.19.Final.jar:/home/travis/build/icyphy/ptII/lib/vertx-codegen-3.5.1.jar:/home/travis/build/icyphy/ptII/lib/vertx-core-3.5.2-SNAPSHOT.jar:/home/travis/build/icyphy/ptII/lib/vertx-hazelcast-3.5.1.jar:/home/travis/build/icyphy/ptII/lib/vertx-lang-js-3.5.1.jar:/home/travis/build/icyphy/ptII/lib/vertx-service-proxy-3.5.1.jar:/home/travis/build/icyphy/ptII/lib/vertx-web-3.5.1.jar:/home/travis/build/icyphy/ptII/lib/slf4j-api-1.7.13.jar:/home/travis/build/icyphy/ptII/lib/slf4j-simple-1.7.13.jar:/home/travis/build/icyphy/ptII/lib/webcam-capture-0.3.12.jar:/home/travis/build/icyphy/ptII/lib/bridj-0.7.0.jar:/home/travis/build/icyphy/ptII/lib/xbjlib-1.1.0.nrjavaserial.jar:/home/travis/build/icyphy/ptII/ptolemy/moml/test:/home/travis/build/icyphy/ptII/ant/lib/ant-launcher.jar:/home/travis/build/icyphy/ptII/ant/lib/ant.jar:/home/travis/build/icyphy/ptII/ant/lib/ant-junit.jar:/home/travis/build/icyphy/ptII/ant/lib/ant-junit4.jar" />
    <property name="ant.library.dir" value="/home/travis/build/icyphy/ptII/ant/lib" />
    <property name="os.arch" value="amd64" />
    <property name="env.CONTINUOUS_INTEGRATION" value="true" />
    <property name="env.TRAVIS_LANGUAGE" value="node_js" />
    <property name="env.TRAVIS_STACK_LANGUAGES" value="__sardonyx__ c c++ clojure cplusplus cpp default generic go groovy java node_js php pure_java python ruby scala" />
    <property name="test.name" value="ptolemy.actor.lib.test.junit.JUnitTclTest" />
    <property name="env.APT_KEY_DONT_WARN_ON_DANGEROUS_USAGE" value="1" />
    <property name="sun.java.launcher" value="SUN_STANDARD" />
    <property name="env.PYTHON_CONFIGURE_OPTS" value="--enable-unicode=ucs4 --with-wide-unicode --enable-shared --enable-ipv6 --enable-loadable-sqlite-extensions --with-computed-gotos" />
    <property name="ant.core.lib" value="/home/travis/build/icyphy/ptII/ant/lib/ant.jar" />
    <property name="java.vm.specification.vendor" value="Oracle Corporation" />
    <property name="env.BCVTB_HOME" value="/home/travis/build/icyphy/ptII/lbnl" />
    <property name="file.separator" value="/" />
    <property name="spotbugs.home" value="/home/travis/build/icyphy/ptII/vendors/spotbugs-3.1.1" />
    <property name="java.runtime.version" value="11.0.2+9" />
    <property name="env.ANSI_CLEAR" value="\033[0K" />
    <property name="env.HAS_JOSH_K_SEAL_OF_APPROVAL" value="true" />
    <property name="env.XDG_RUNTIME_DIR" value="/run/user/2000" />
    <property name="env.TRAVIS_OSX_IMAGE" value="" />
    <property name="env.TRAVIS_JOB_ID" value="550078990" />
    <property name="env.TRAVIS_BRANCH" value="master" />
    <property name="user.country" value="US" />
    <property name="env.CERTI_HOME_TRAVIS" value="/home/travis/pthla/certi-tools" />
    <property name="env.SHELL" value="/bin/bash" />
    <property name="java.maxmemory.large" value="5000m" />
    <property name="model" value="" />
    <property name="env.CASHER_DIR" value="/home/travis/.casher" />
    <property name="env.NVM_CD_FLAGS" value="" />
    <property name="java.vendor.version" value="18.9" />
    <property name="jshint.executable" value="/home/travis/node_modules/jshint/bin/jshint" />
    <property name="env.JRUBY_OPTS" value=" --client -J-XX:+TieredCompilation -J-XX:TieredStopAtLevel=1 -J-Xss2m -Xcompile.invokedynamic=false" />
    <property name="java.vendor" value="Oracle Corporation" />
    <property name="env.TRAVIS_PRE_CHEF_BOOTSTRAP_TIME" value="2019-03-25T16:16:42" />
    <property name="env.TRAVIS_STACK_JOB_BOARD_REGISTER" value="/.job-board-register.yml" />
    <property name="env.ANSI_RED" value="\033[31;1m" />
    <property name="java.specification.version" value="11" />
    <property name="env.IRBRC" value="/home/travis/.rvm/rubies/ruby-2.5.3/.irbrc" />
    <property name="env.TRAVIS" value="true" />
    <property name="sun.arch.data.model" value="64" />
  </properties>
  <testcase classname="ptolemy.util.test.junit.TclTests" name="[0] /home/travis/build/icyphy/ptII/ptolemy/actor/lib/test/AbsoluteValue.tcl (RunTclFile)" time="0.7" />
  <testcase classname="ptolemy.util.test.junit.TclTests" name="[1] /home/travis/build/icyphy/ptII/ptolemy/actor/lib/test/AddSubtract.tcl (RunTclFile)" time="0.148" />
  <testcase classname="ptolemy.util.test.junit.TclTests" name="[2] /home/travis/build/icyphy/ptII/ptolemy/actor/lib/test/Average.tcl (RunTclFile)" time="0.064" />
  <testcase classname="ptolemy.util.test.junit.TclTests" name="[3] /home/travis/build/icyphy/ptII/ptolemy/actor/lib/test/Bernoulli.tcl (RunTclFile)" time="0.038" />
  <testcase classname="ptolemy.util.test.junit.TclTests" name="[4] /home/travis/build/icyphy/ptII/ptolemy/actor/lib/test/Clock.tcl (RunTclFile)" time="0.132" />
  <testcase classname="ptolemy.util.test.junit.TclTests" name="[5] /home/travis/build/icyphy/ptII/ptolemy/actor/lib/test/Commutator.tcl (RunTclFile)" time="0.242">
    <failure message="Number of failed tests is has increased. expected:&lt;0&gt; but was:&lt;1&gt;" type="junit.framework.AssertionFailedError">junit.framework.AssertionFailedError: Number of failed tests is has increased. expected:&lt;0&gt; but was:&lt;1&gt;
	at ptolemy.util.test.junit.TclTests.RunTclFile(TclTests.java:286)
	at java.base/jdk.internal.reflect.NativeMethodAccessorImpl.invoke0(Native Method)
	at java.base/jdk.internal.reflect.NativeMethodAccessorImpl.invoke(NativeMethodAccessorImpl.java:62)
	at java.base/jdk.internal.reflect.DelegatingMethodAccessorImpl.invoke(DelegatingMethodAccessorImpl.java:43)
	at junitparams.internal.InvokeParameterisedMethod.evaluate(InvokeParameterisedMethod.java:102)
	at junitparams.internal.ParameterisedTestMethodRunner.runMethodInvoker(ParameterisedTestMethodRunner.java:47)
	at junitparams.internal.ParameterisedTestMethodRunner.runTestMethod(ParameterisedTestMethodRunner.java:41)
	at junitparams.internal.ParameterisedTestClassRunner.runParameterisedTest(ParameterisedTestClassRunner.java:143)
	at junitparams.JUnitParamsRunner.runChild(JUnitParamsRunner.java:237)
	at junitparams.JUnitParamsRunner.runChild(JUnitParamsRunner.java:215)
</failure>
  </testcase>
  <testcase classname="ptolemy.util.test.junit.TclTests" name="[6] /home/travis/build/icyphy/ptII/ptolemy/actor/lib/test/Const.tcl (RunTclFile)" time="0.139" />
  <testcase classname="ptolemy.util.test.junit.TclTests" name="[7] /home/travis/build/icyphy/ptII/ptolemy/actor/lib/test/CurrentTime.tcl (RunTclFile)" time="0.021" />
  <testcase classname="ptolemy.util.test.junit.TclTests" name="[8] /home/travis/build/icyphy/ptII/ptolemy/actor/lib/test/DB.tcl (RunTclFile)" time="0.032" />
  <testcase classname="ptolemy.util.test.junit.TclTests" name="[9] /home/travis/build/icyphy/ptII/ptolemy/actor/lib/test/DiscreteRandomSource.tcl (RunTclFile)" time="0.026" />
  <testcase classname="ptolemy.util.test.junit.TclTests" name="[10] /home/travis/build/icyphy/ptII/ptolemy/actor/lib/test/Distributor.tcl (RunTclFile)" time="0.069" />
  <testcase classname="ptolemy.util.test.junit.TclTests" name="[11] /home/travis/build/icyphy/ptII/ptolemy/actor/lib/test/Exit.tcl (RunTclFile)" time="0.09" />
  <testcase classname="ptolemy.util.test.junit.TclTests" name="[12] /home/travis/build/icyphy/ptII/ptolemy/actor/lib/test/Expression.tcl (RunTclFile)" time="0.13" />
  <testcase classname="ptolemy.util.test.junit.TclTests" name="[13] /home/travis/build/icyphy/ptII/ptolemy/actor/lib/test/Gaussian.tcl (RunTclFile)" time="0.306" />
  <testcase classname="ptolemy.util.test.junit.TclTests" name="[14] /home/travis/build/icyphy/ptII/ptolemy/actor/lib/test/IIR.tcl (RunTclFile)" time="0.04" />
  <testcase classname="ptolemy.util.test.junit.TclTests" name="[15] /home/travis/build/icyphy/ptII/ptolemy/actor/lib/test/Interpolator.tcl (RunTclFile)" time="0.091" />
  <testcase classname="ptolemy.util.test.junit.TclTests" name="[16] /home/travis/build/icyphy/ptII/ptolemy/actor/lib/test/MathFunction.tcl (RunTclFile)" time="0.083" />
  <testcase classname="ptolemy.util.test.junit.TclTests" name="[17] /home/travis/build/icyphy/ptII/ptolemy/actor/lib/test/Maximum.tcl (RunTclFile)" time="0.05" />
  <testcase classname="ptolemy.util.test.junit.TclTests" name="[18] /home/travis/build/icyphy/ptII/ptolemy/actor/lib/test/Minimum.tcl (RunTclFile)" time="0.037" />
  <testcase classname="ptolemy.util.test.junit.TclTests" name="[19] /home/travis/build/icyphy/ptII/ptolemy/actor/lib/test/MultiplyDivide.tcl (RunTclFile)" time="0.051" />
  <testcase classname="ptolemy.util.test.junit.TclTests" name="[20] /home/travis/build/icyphy/ptII/ptolemy/actor/lib/test/OrderedMerge.tcl (RunTclFile)" time="0.15" />
  <testcase classname="ptolemy.util.test.junit.TclTests" name="[21] /home/travis/build/icyphy/ptII/ptolemy/actor/lib/test/Publisher.tcl (RunTclFile)" time="0.965" />
  <testcase classname="ptolemy.util.test.junit.TclTests" name="[22] /home/travis/build/icyphy/ptII/ptolemy/actor/lib/test/Pulse.tcl (RunTclFile)" time="0.055" />
  <testcase classname="ptolemy.util.test.junit.TclTests" name="[23] /home/travis/build/icyphy/ptII/ptolemy/actor/lib/test/Ramp.tcl (RunTclFile)" time="2.355" />
  <testcase classname="ptolemy.util.test.junit.TclTests" name="[24] /home/travis/build/icyphy/ptII/ptolemy/actor/lib/test/RampContinuous.tcl (RunTclFile)" time="0.017" />
  <testcase classname="ptolemy.util.test.junit.TclTests" name="[25] /home/travis/build/icyphy/ptII/ptolemy/actor/lib/test/RecordAssembler.tcl (RunTclFile)" time="0.015" />
  <testcase classname="ptolemy.util.test.junit.TclTests" name="[26] /home/travis/build/icyphy/ptII/ptolemy/actor/lib/test/RecordDisassembler.tcl (RunTclFile)" time="0.02" />
  <testcase classname="ptolemy.util.test.junit.TclTests" name="[27] /home/travis/build/icyphy/ptII/ptolemy/actor/lib/test/Scale.tcl (RunTclFile)" time="0.017" />
  <testcase classname="ptolemy.util.test.junit.TclTests" name="[28] /home/travis/build/icyphy/ptII/ptolemy/actor/lib/test/SequentialClock.tcl (RunTclFile)" time="0.013" />
  <testcase classname="ptolemy.util.test.junit.TclTests" name="[29] /home/travis/build/icyphy/ptII/ptolemy/actor/lib/test/SetVariable.tcl (RunTclFile)" time="0.019">
    <failure message="Number of failed tests is has increased. expected:&lt;1&gt; but was:&lt;2&gt;" type="junit.framework.AssertionFailedError">junit.framework.AssertionFailedError: Number of failed tests is has increased. expected:&lt;1&gt; but was:&lt;2&gt;
	at ptolemy.util.test.junit.TclTests.RunTclFile(TclTests.java:286)
	at jdk.internal.reflect.GeneratedMethodAccessor19.invoke(Unknown Source)
	at java.base/jdk.internal.reflect.DelegatingMethodAccessorImpl.invoke(DelegatingMethodAccessorImpl.java:43)
	at junitparams.internal.InvokeParameterisedMethod.evaluate(InvokeParameterisedMethod.java:102)
	at junitparams.internal.ParameterisedTestMethodRunner.runMethodInvoker(ParameterisedTestMethodRunner.java:47)
	at junitparams.internal.ParameterisedTestMethodRunner.runTestMethod(ParameterisedTestMethodRunner.java:41)
	at junitparams.internal.ParameterisedTestClassRunner.runParameterisedTest(ParameterisedTestClassRunner.java:143)
	at junitparams.JUnitParamsRunner.runChild(JUnitParamsRunner.java:237)
	at junitparams.JUnitParamsRunner.runChild(JUnitParamsRunner.java:215)
</failure>
  </testcase>
  <testcase classname="ptolemy.util.test.junit.TclTests" name="[30] /home/travis/build/icyphy/ptII/ptolemy/actor/lib/test/Sinewave.tcl (RunTclFile)" time="0.026" />
  <testcase classname="ptolemy.util.test.junit.TclTests" name="[31] /home/travis/build/icyphy/ptII/ptolemy/actor/lib/test/SubscriptionAggregator.tcl (RunTclFile)" time="2.27" />
  <testcase classname="ptolemy.util.test.junit.TclTests" name="[32] /home/travis/build/icyphy/ptII/ptolemy/actor/lib/test/Test.tcl (RunTclFile)" time="0.084" />
  <testcase classname="ptolemy.util.test.junit.TclTests" name="[33] /home/travis/build/icyphy/ptII/ptolemy/actor/lib/test/TestExceptionHandler.tcl (RunTclFile)" time="0.012" />
  <testcase classname="ptolemy.util.test.junit.TclTests" name="[34] /home/travis/build/icyphy/ptII/ptolemy/actor/lib/test/UnionDisassembler.tcl (RunTclFile)" time="0.066" />
  <testcase classname="ptolemy.util.test.junit.TclTests" name="[35] /home/travis/build/icyphy/ptII/ptolemy/actor/lib/test/VariableClock.tcl (RunTclFile)" time="0.029" />
  <testcase classname="ptolemy.util.test.junit.AutoKnownFailedTests" name="[0] /home/travis/build/icyphy/ptII/ptolemy/actor/lib/test/auto/knownFailedTests/PublisherPortToplevelSubscriber.xml (RunModel)" time="0.029" />
  <testcase classname="ptolemy.util.test.junit.AutoKnownFailedTests" name="[1] /home/travis/build/icyphy/ptII/ptolemy/actor/lib/test/auto/knownFailedTests/PublisherSubscriberPortToplevel.xml (RunModel)" time="0.021" />
  <testcase classname="ptolemy.util.test.junit.AutoKnownFailedTests" name="[2] /home/travis/build/icyphy/ptII/ptolemy/actor/lib/test/auto/knownFailedTests/PublisherSubscriptionAggregatorPort.xml (RunModel)" time="0.025" />
  <testcase classname="ptolemy.util.test.junit.AutoKnownFailedTests" name="[3] /home/travis/build/icyphy/ptII/ptolemy/actor/lib/test/auto/knownFailedTests/sizedarray3.xml (RunModel)" time="0.022" />
  <testcase classname="ptolemy.util.test.junit.AutoNameArchTests" name="[0] ThereAreNoAutoArchTests (RunModel)" time="0.003" />
  <testcase classname="ptolemy.util.test.junit.AutoTests" name="[0] /home/travis/build/icyphy/ptII/ptolemy/actor/lib/test/auto/AbsoluteValue.xml (RunModel)" time="0.116" />
  <testcase classname="ptolemy.util.test.junit.AutoTests" name="[1] /home/travis/build/icyphy/ptII/ptolemy/actor/lib/test/auto/AbsoluteValue2.xml (RunModel)" time="0.044" />
  <testcase classname="ptolemy.util.test.junit.AutoTests" name="[2] /home/travis/build/icyphy/ptII/ptolemy/actor/lib/test/auto/Accumulator.xml (RunModel)" time="0.025" />
  <testcase classname="ptolemy.util.test.junit.AutoTests" name="[3] /home/travis/build/icyphy/ptII/ptolemy/actor/lib/test/auto/Accumulator2.xml (RunModel)" time="0.064" />
  <testcase classname="ptolemy.util.test.junit.AutoTests" name="[4] /home/travis/build/icyphy/ptII/ptolemy/actor/lib/test/auto/Accumulator3.xml (RunModel)" time="0.046" />
  <testcase classname="ptolemy.util.test.junit.AutoTests" name="[5] /home/travis/build/icyphy/ptII/ptolemy/actor/lib/test/auto/ArrayAppend.xml (RunModel)" time="0.068" />
  <testcase classname="ptolemy.util.test.junit.AutoTests" name="[6] /home/travis/build/icyphy/ptII/ptolemy/actor/lib/test/auto/ArrayAppend2.xml (RunModel)" time="0.437" />
  <testcase classname="ptolemy.util.test.junit.AutoTests" name="[7] /home/travis/build/icyphy/ptII/ptolemy/actor/lib/test/auto/ArrayAppend3.xml (RunModel)" time="0.048" />
  <testcase classname="ptolemy.util.test.junit.AutoTests" name="[8] /home/travis/build/icyphy/ptII/ptolemy/actor/lib/test/auto/ArrayAppend4.xml (RunModel)" time="0.023" />
  <testcase classname="ptolemy.util.test.junit.AutoTests" name="[9] /home/travis/build/icyphy/ptII/ptolemy/actor/lib/test/auto/ArrayAppend5.xml (RunModel)" time="0.021" />
  <testcase classname="ptolemy.util.test.junit.AutoTests" name="[10] /home/travis/build/icyphy/ptII/ptolemy/actor/lib/test/auto/ArrayAppend6.xml (RunModel)" time="0.093" />
  <testcase classname="ptolemy.util.test.junit.AutoTests" name="[11] /home/travis/build/icyphy/ptII/ptolemy/actor/lib/test/auto/ArrayAppendPerformanceTest.xml (RunModel)" time="0.102" />
  <testcase classname="ptolemy.util.test.junit.AutoTests" name="[12] /home/travis/build/icyphy/ptII/ptolemy/actor/lib/test/auto/ArrayAppendWithEmptyInput.xml (RunModel)" time="0.041" />
  <testcase classname="ptolemy.util.test.junit.AutoTests" name="[13] /home/travis/build/icyphy/ptII/ptolemy/actor/lib/test/auto/ArrayAverage.xml (RunModel)" time="0.036" />
  <testcase classname="ptolemy.util.test.junit.AutoTests" name="[14] /home/travis/build/icyphy/ptII/ptolemy/actor/lib/test/auto/ArrayContains.xml (RunModel)" time="0.024" />
  <testcase classname="ptolemy.util.test.junit.AutoTests" name="[15] /home/travis/build/icyphy/ptII/ptolemy/actor/lib/test/auto/ArrayElement.xml (RunModel)" time="0.028" />
  <testcase classname="ptolemy.util.test.junit.AutoTests" name="[16] /home/travis/build/icyphy/ptII/ptolemy/actor/lib/test/auto/ArrayElementAsMatrix.xml (RunModel)" time="0.06" />
  <testcase classname="ptolemy.util.test.junit.AutoTests" name="[17] /home/travis/build/icyphy/ptII/ptolemy/actor/lib/test/auto/ArrayElementI.xml (RunModel)" time="0.02" />
  <testcase classname="ptolemy.util.test.junit.AutoTests" name="[18] /home/travis/build/icyphy/ptII/ptolemy/actor/lib/test/auto/ArrayExtract.xml (RunModel)" time="0.041" />
  <testcase classname="ptolemy.util.test.junit.AutoTests" name="[19] /home/travis/build/icyphy/ptII/ptolemy/actor/lib/test/auto/ArrayExtract2.xml (RunModel)" time="0.02" />
  <testcase classname="ptolemy.util.test.junit.AutoTests" name="[20] /home/travis/build/icyphy/ptII/ptolemy/actor/lib/test/auto/ArrayLength.xml (RunModel)" time="0.042" />
  <testcase classname="ptolemy.util.test.junit.AutoTests" name="[21] /home/travis/build/icyphy/ptII/ptolemy/actor/lib/test/auto/ArrayLevelCrossing.xml (RunModel)" time="0.033" />
  <testcase classname="ptolemy.util.test.junit.AutoTests" name="[22] /home/travis/build/icyphy/ptII/ptolemy/actor/lib/test/auto/ArrayLevelCrossing2.xml (RunModel)" time="0.033" />
  <testcase classname="ptolemy.util.test.junit.AutoTests" name="[23] /home/travis/build/icyphy/ptII/ptolemy/actor/lib/test/auto/ArrayPeakSearch.xml (RunModel)" time="0.047" />
  <testcase classname="ptolemy.util.test.junit.AutoTests" name="[24] /home/travis/build/icyphy/ptII/ptolemy/actor/lib/test/auto/ArrayPeakSearch2.xml (RunModel)" time="0.039" />
  <testcase classname="ptolemy.util.test.junit.AutoTests" name="[25] /home/travis/build/icyphy/ptII/ptolemy/actor/lib/test/auto/ArrayPeakSearch3.xml (RunModel)" time="0.034" />
  <testcase classname="ptolemy.util.test.junit.AutoTests" name="[26] /home/travis/build/icyphy/ptII/ptolemy/actor/lib/test/auto/ArrayRemoveElement.xml (RunModel)" time="0.034" />
  <testcase classname="ptolemy.util.test.junit.AutoTests" name="[27] /home/travis/build/icyphy/ptII/ptolemy/actor/lib/test/auto/ArraySort.xml (RunModel)" time="0.035" />
  <testcase classname="ptolemy.util.test.junit.AutoTests" name="[28] /home/travis/build/icyphy/ptII/ptolemy/actor/lib/test/auto/ArraySum.xml (RunModel)" time="0.023" />
  <testcase classname="ptolemy.util.test.junit.AutoTests" name="[29] /home/travis/build/icyphy/ptII/ptolemy/actor/lib/test/auto/ArrayToElements.xml (RunModel)" time="0.027" />
  <testcase classname="ptolemy.util.test.junit.AutoTests" name="[30] /home/travis/build/icyphy/ptII/ptolemy/actor/lib/test/auto/ArrayToMatrix.xml (RunModel)" time="0.062" />
  <testcase classname="ptolemy.util.test.junit.AutoTests" name="[31] /home/travis/build/icyphy/ptII/ptolemy/actor/lib/test/auto/ArrayUpdate1.xml (RunModel)" time="0.024" />
  <testcase classname="ptolemy.util.test.junit.AutoTests" name="[32] /home/travis/build/icyphy/ptII/ptolemy/actor/lib/test/auto/ArrayUpdate2.xml (RunModel)" time="0.03" />
  <testcase classname="ptolemy.util.test.junit.AutoTests" name="[33] /home/travis/build/icyphy/ptII/ptolemy/actor/lib/test/auto/ArrayUpdate3.xml (RunModel)" time="0.021" />
  <testcase classname="ptolemy.util.test.junit.AutoTests" name="[34] /home/travis/build/icyphy/ptII/ptolemy/actor/lib/test/auto/Assert1.xml (RunModel)" time="0.028" />
  <testcase classname="ptolemy.util.test.junit.AutoTests" name="[35] /home/travis/build/icyphy/ptII/ptolemy/actor/lib/test/auto/Assert2.xml (RunModel)" time="0.018" />
  <testcase classname="ptolemy.util.test.junit.AutoTests" name="[36] /home/travis/build/icyphy/ptII/ptolemy/actor/lib/test/auto/BooleanMultiplexor.xml (RunModel)" time="0.015" />
  <testcase classname="ptolemy.util.test.junit.AutoTests" name="[37] /home/travis/build/icyphy/ptII/ptolemy/actor/lib/test/auto/BooleanMultiplexor2.xml (RunModel)" time="0.023" />
  <testcase classname="ptolemy.util.test.junit.AutoTests" name="[38] /home/travis/build/icyphy/ptII/ptolemy/actor/lib/test/auto/BooleanMultiplexor3.xml (RunModel)" time="0.019" />
  <testcase classname="ptolemy.util.test.junit.AutoTests" name="[39] /home/travis/build/icyphy/ptII/ptolemy/actor/lib/test/auto/BooleanSelect.xml (RunModel)" time="0.023" />
  <testcase classname="ptolemy.util.test.junit.AutoTests" name="[40] /home/travis/build/icyphy/ptII/ptolemy/actor/lib/test/auto/BooleanSelect2.xml (RunModel)" time="0.016" />
  <testcase classname="ptolemy.util.test.junit.AutoTests" name="[41] /home/travis/build/icyphy/ptII/ptolemy/actor/lib/test/auto/BooleanSwitch.xml (RunModel)" time="0.035" />
  <testcase classname="ptolemy.util.test.junit.AutoTests" name="[42] /home/travis/build/icyphy/ptII/ptolemy/actor/lib/test/auto/BooleanSwitch2.xml (RunModel)" time="0.02" />
  <testcase classname="ptolemy.util.test.junit.AutoTests" name="[43] /home/travis/build/icyphy/ptII/ptolemy/actor/lib/test/auto/BooleanSwitchCloningBugWithClassRelationGroup.xml (RunModel)" time="0.037" />
  <testcase classname="ptolemy.util.test.junit.AutoTests" name="[44] /home/travis/build/icyphy/ptII/ptolemy/actor/lib/test/auto/BusActors.xml (RunModel)" time="0.033" />
  <testcase classname="ptolemy.util.test.junit.AutoTests" name="[45] /home/travis/build/icyphy/ptII/ptolemy/actor/lib/test/auto/ClassWrapper.xml (RunModel)" time="0.033" />
  <testcase classname="ptolemy.util.test.junit.AutoTests" name="[46] /home/travis/build/icyphy/ptII/ptolemy/actor/lib/test/auto/Clock.xml (RunModel)" time="0.02" />
  <testcase classname="ptolemy.util.test.junit.AutoTests" name="[47] /home/travis/build/icyphy/ptII/ptolemy/actor/lib/test/auto/Clock10.xml (RunModel)" time="0.016" />
  <testcase classname="ptolemy.util.test.junit.AutoTests" name="[48] /home/travis/build/icyphy/ptII/ptolemy/actor/lib/test/auto/Clock11.xml (RunModel)" time="0.026" />
  <testcase classname="ptolemy.util.test.junit.AutoTests" name="[49] /home/travis/build/icyphy/ptII/ptolemy/actor/lib/test/auto/Clock12.xml (RunModel)" time="0.021" />
  <testcase classname="ptolemy.util.test.junit.AutoTests" name="[50] /home/travis/build/icyphy/ptII/ptolemy/actor/lib/test/auto/Clock13.xml (RunModel)" time="0.02" />
  <testcase classname="ptolemy.util.test.junit.AutoTests" name="[51] /home/travis/build/icyphy/ptII/ptolemy/actor/lib/test/auto/Clock14.xml (RunModel)" time="0.024" />
  <testcase classname="ptolemy.util.test.junit.AutoTests" name="[52] /home/travis/build/icyphy/ptII/ptolemy/actor/lib/test/auto/Clock15.xml (RunModel)" time="0.014" />
  <testcase classname="ptolemy.util.test.junit.AutoTests" name="[53] /home/travis/build/icyphy/ptII/ptolemy/actor/lib/test/auto/Clock16.xml (RunModel)" time="0.099" />
  <testcase classname="ptolemy.util.test.junit.AutoTests" name="[54] /home/travis/build/icyphy/ptII/ptolemy/actor/lib/test/auto/Clock17.xml (RunModel)" time="0.058" />
  <testcase classname="ptolemy.util.test.junit.AutoTests" name="[55] /home/travis/build/icyphy/ptII/ptolemy/actor/lib/test/auto/Clock18.xml (RunModel)" time="0.06" />
  <testcase classname="ptolemy.util.test.junit.AutoTests" name="[56] /home/travis/build/icyphy/ptII/ptolemy/actor/lib/test/auto/Clock19.xml (RunModel)" time="0.041" />
  <testcase classname="ptolemy.util.test.junit.AutoTests" name="[57] /home/travis/build/icyphy/ptII/ptolemy/actor/lib/test/auto/Clock2.xml (RunModel)" time="0.016" />
  <testcase classname="ptolemy.util.test.junit.AutoTests" name="[58] /home/travis/build/icyphy/ptII/ptolemy/actor/lib/test/auto/Clock20.xml (RunModel)" time="0.031" />
  <testcase classname="ptolemy.util.test.junit.AutoTests" name="[59] /home/travis/build/icyphy/ptII/ptolemy/actor/lib/test/auto/Clock21.xml (RunModel)" time="0.028" />
  <testcase classname="ptolemy.util.test.junit.AutoTests" name="[60] /home/travis/build/icyphy/ptII/ptolemy/actor/lib/test/auto/Clock22.xml (RunModel)" time="0.039" />
  <testcase classname="ptolemy.util.test.junit.AutoTests" name="[61] /home/travis/build/icyphy/ptII/ptolemy/actor/lib/test/auto/Clock23.xml (RunModel)" time="0.055" />
  <testcase classname="ptolemy.util.test.junit.AutoTests" name="[62] /home/travis/build/icyphy/ptII/ptolemy/actor/lib/test/auto/Clock24.xml (RunModel)" time="0.025" />
  <testcase classname="ptolemy.util.test.junit.AutoTests" name="[63] /home/travis/build/icyphy/ptII/ptolemy/actor/lib/test/auto/Clock4.xml (RunModel)" time="0.012" />
  <testcase classname="ptolemy.util.test.junit.AutoTests" name="[64] /home/travis/build/icyphy/ptII/ptolemy/actor/lib/test/auto/Clock5.xml (RunModel)" time="0.013" />
  <testcase classname="ptolemy.util.test.junit.AutoTests" name="[65] /home/travis/build/icyphy/ptII/ptolemy/actor/lib/test/auto/Clock6.xml (RunModel)" time="0.012" />
  <testcase classname="ptolemy.util.test.junit.AutoTests" name="[66] /home/travis/build/icyphy/ptII/ptolemy/actor/lib/test/auto/Clock7.xml (RunModel)" time="0.009" />
  <testcase classname="ptolemy.util.test.junit.AutoTests" name="[67] /home/travis/build/icyphy/ptII/ptolemy/actor/lib/test/auto/Clock8.xml (RunModel)" time="0.013" />
  <testcase classname="ptolemy.util.test.junit.AutoTests" name="[68] /home/travis/build/icyphy/ptII/ptolemy/actor/lib/test/auto/Clock9.xml (RunModel)" time="0.017" />
  <testcase classname="ptolemy.util.test.junit.AutoTests" name="[69] /home/travis/build/icyphy/ptII/ptolemy/actor/lib/test/auto/CommDistDiscard.xml (RunModel)" time="0.025" />
  <testcase classname="ptolemy.util.test.junit.AutoTests" name="[70] /home/travis/build/icyphy/ptII/ptolemy/actor/lib/test/auto/Commutator.xml (RunModel)" time="0.017" />
  <testcase classname="ptolemy.util.test.junit.AutoTests" name="[71] /home/travis/build/icyphy/ptII/ptolemy/actor/lib/test/auto/Commutator2.xml (RunModel)" time="0.011" />
  <testcase classname="ptolemy.util.test.junit.AutoTests" name="[72] /home/travis/build/icyphy/ptII/ptolemy/actor/lib/test/auto/Commutator3.xml (RunModel)" time="0.014" />
  <testcase classname="ptolemy.util.test.junit.AutoTests" name="[73] /home/travis/build/icyphy/ptII/ptolemy/actor/lib/test/auto/Compare.xml (RunModel)" time="0.024" />
  <testcase classname="ptolemy.util.test.junit.AutoTests" name="[74] /home/travis/build/icyphy/ptII/ptolemy/actor/lib/test/auto/CompareDE.xml (RunModel)" time="0.019" />
  <testcase classname="ptolemy.util.test.junit.AutoTests" name="[75] /home/travis/build/icyphy/ptII/ptolemy/actor/lib/test/auto/ComplexDivide.xml (RunModel)" time="0.024" />
  <testcase classname="ptolemy.util.test.junit.AutoTests" name="[76] /home/travis/build/icyphy/ptII/ptolemy/actor/lib/test/auto/ComputeHistogram.xml (RunModel)" time="0.074" />
  <testcase classname="ptolemy.util.test.junit.AutoTests" name="[77] /home/travis/build/icyphy/ptII/ptolemy/actor/lib/test/auto/ConfigurationSelect.xml (RunModel)" time="0.028" />
  <testcase classname="ptolemy.util.test.junit.AutoTests" name="[78] /home/travis/build/icyphy/ptII/ptolemy/actor/lib/test/auto/ConfigurationSelect2.xml (RunModel)" time="0.014" />
  <testcase classname="ptolemy.util.test.junit.AutoTests" name="[79] /home/travis/build/icyphy/ptII/ptolemy/actor/lib/test/auto/ConfigurationSwitch.xml (RunModel)" time="0.025" />
  <testcase classname="ptolemy.util.test.junit.AutoTests" name="[80] /home/travis/build/icyphy/ptII/ptolemy/actor/lib/test/auto/ConfigurationSwitch2.xml (RunModel)" time="0.034" />
  <testcase classname="ptolemy.util.test.junit.AutoTests" name="[81] /home/travis/build/icyphy/ptII/ptolemy/actor/lib/test/auto/ConfigurationSwitchCloningBugWithClassRelationGroup.xml (RunModel)" time="0.026" />
  <testcase classname="ptolemy.util.test.junit.AutoTests" name="[82] /home/travis/build/icyphy/ptII/ptolemy/actor/lib/test/auto/ConfigurationSwitchSelectSDF.xml (RunModel)" time="0.015" />
  <testcase classname="ptolemy.util.test.junit.AutoTests" name="[83] /home/travis/build/icyphy/ptII/ptolemy/actor/lib/test/auto/ConfigurationSwitchSelectSDF2.xml (RunModel)" time="0.017" />
  <testcase classname="ptolemy.util.test.junit.AutoTests" name="[84] /home/travis/build/icyphy/ptII/ptolemy/actor/lib/test/auto/Const.xml (RunModel)" time="0.008" />
  <testcase classname="ptolemy.util.test.junit.AutoTests" name="[85] /home/travis/build/icyphy/ptII/ptolemy/actor/lib/test/auto/Const2.xml (RunModel)" time="0.012" />
  <testcase classname="ptolemy.util.test.junit.AutoTests" name="[86] /home/travis/build/icyphy/ptII/ptolemy/actor/lib/test/auto/Const3.xml (RunModel)" time="0.008" />
  <testcase classname="ptolemy.util.test.junit.AutoTests" name="[87] /home/travis/build/icyphy/ptII/ptolemy/actor/lib/test/auto/ConstantPublisherPort1.xml (RunModel)" time="0.023" />
  <testcase classname="ptolemy.util.test.junit.AutoTests" name="[88] /home/travis/build/icyphy/ptII/ptolemy/actor/lib/test/auto/ConstantPublisherPort2.xml (RunModel)" time="0.028" />
  <testcase classname="ptolemy.util.test.junit.AutoTests" name="[89] /home/travis/build/icyphy/ptII/ptolemy/actor/lib/test/auto/ConstantPublisherPort3.xml (RunModel)" time="0.027" />
  <testcase classname="ptolemy.util.test.junit.AutoTests" name="[90] /home/travis/build/icyphy/ptII/ptolemy/actor/lib/test/auto/ConstantPublisherPort4.xml (RunModel)" time="0.017" />
  <testcase classname="ptolemy.util.test.junit.AutoTests" name="[91] /home/travis/build/icyphy/ptII/ptolemy/actor/lib/test/auto/ConstantPublisherPort5.xml (RunModel)" time="0.042" />
  <testcase classname="ptolemy.util.test.junit.AutoTests" name="[92] /home/travis/build/icyphy/ptII/ptolemy/actor/lib/test/auto/ConstantPublisherPort6.xml (RunModel)" time="0.027" />
  <testcase classname="ptolemy.util.test.junit.AutoTests" name="[93] /home/travis/build/icyphy/ptII/ptolemy/actor/lib/test/auto/ConstantPublisherPort7.xml (RunModel)" time="0.029" />
  <testcase classname="ptolemy.util.test.junit.AutoTests" name="[94] /home/travis/build/icyphy/ptII/ptolemy/actor/lib/test/auto/ConstraintMonitor1.xml (RunModel)" time="0.04" />
  <testcase classname="ptolemy.util.test.junit.AutoTests" name="[95] /home/travis/build/icyphy/ptII/ptolemy/actor/lib/test/auto/ConstraintMonitor2.xml (RunModel)" time="0.011" />
  <testcase classname="ptolemy.util.test.junit.AutoTests" name="[96] /home/travis/build/icyphy/ptII/ptolemy/actor/lib/test/auto/ConstraintMonitor3.xml (RunModel)" time="0.021" />
  <testcase classname="ptolemy.util.test.junit.AutoTests" name="[97] /home/travis/build/icyphy/ptII/ptolemy/actor/lib/test/auto/ConstraintMonitor4.xml (RunModel)" time="0.013" />
  <testcase classname="ptolemy.util.test.junit.AutoTests" name="[98] /home/travis/build/icyphy/ptII/ptolemy/actor/lib/test/auto/ConstraintMonitor5.xml (RunModel)" time="0.011" />
  <testcase classname="ptolemy.util.test.junit.AutoTests" name="[99] /home/travis/build/icyphy/ptII/ptolemy/actor/lib/test/auto/ConstraintMonitor6.xml (RunModel)" time="0.013" />
  <testcase classname="ptolemy.util.test.junit.AutoTests" name="[100] /home/travis/build/icyphy/ptII/ptolemy/actor/lib/test/auto/ConstraintMonitor7.xml (RunModel)" time="0.02" />
  <testcase classname="ptolemy.util.test.junit.AutoTests" name="[101] /home/travis/build/icyphy/ptII/ptolemy/actor/lib/test/auto/ConstraintMonitor8.xml (RunModel)" time="0.021" />
  <testcase classname="ptolemy.util.test.junit.AutoTests" name="[102] /home/travis/build/icyphy/ptII/ptolemy/actor/lib/test/auto/Counter.xml (RunModel)" time="0.012" />
  <testcase classname="ptolemy.util.test.junit.AutoTests" name="[103] /home/travis/build/icyphy/ptII/ptolemy/actor/lib/test/auto/CurrentTimeSDF.xml (RunModel)" time="0.01" />
  <testcase classname="ptolemy.util.test.junit.AutoTests" name="[104] /home/travis/build/icyphy/ptII/ptolemy/actor/lib/test/auto/DB.xml (RunModel)" time="0.015" />
  <testcase classname="ptolemy.util.test.junit.AutoTests" name="[105] /home/travis/build/icyphy/ptII/ptolemy/actor/lib/test/auto/DBDE.xml (RunModel)" time="0.014" />
  <testcase classname="ptolemy.util.test.junit.AutoTests" name="[106] /home/travis/build/icyphy/ptII/ptolemy/actor/lib/test/auto/DateConstructor.xml (RunModel)" time="0.077" />
  <testcase classname="ptolemy.util.test.junit.AutoTests" name="[107] /home/travis/build/icyphy/ptII/ptolemy/actor/lib/test/auto/DelayTime.xml (RunModel)" time="0.021" />
  <testcase classname="ptolemy.util.test.junit.AutoTests" name="[108] /home/travis/build/icyphy/ptII/ptolemy/actor/lib/test/auto/Dictionary1.xml (RunModel)" time="0.029" />
  <testcase classname="ptolemy.util.test.junit.AutoTests" name="[109] /home/travis/build/icyphy/ptII/ptolemy/actor/lib/test/auto/Dictionary2.xml (RunModel)" time="0.019" />
  <testcase classname="ptolemy.util.test.junit.AutoTests" name="[110] /home/travis/build/icyphy/ptII/ptolemy/actor/lib/test/auto/Dictionary3.xml (RunModel)" time="0.015" />
  <testcase classname="ptolemy.util.test.junit.AutoTests" name="[111] /home/travis/build/icyphy/ptII/ptolemy/actor/lib/test/auto/Dictionary4.xml (RunModel)" time="0.018" />
  <testcase classname="ptolemy.util.test.junit.AutoTests" name="[112] /home/travis/build/icyphy/ptII/ptolemy/actor/lib/test/auto/Differential.xml (RunModel)" time="0.014" />
  <testcase classname="ptolemy.util.test.junit.AutoTests" name="[113] /home/travis/build/icyphy/ptII/ptolemy/actor/lib/test/auto/Director.xml (RunModel)" time="0.012" />
  <testcase classname="ptolemy.util.test.junit.AutoTests" name="[114] /home/travis/build/icyphy/ptII/ptolemy/actor/lib/test/auto/DiscreteClock.xml (RunModel)" time="0.008" />
  <testcase classname="ptolemy.util.test.junit.AutoTests" name="[115] /home/travis/build/icyphy/ptII/ptolemy/actor/lib/test/auto/DiscreteClock10.xml (RunModel)" time="0.015" />
  <testcase classname="ptolemy.util.test.junit.AutoTests" name="[116] /home/travis/build/icyphy/ptII/ptolemy/actor/lib/test/auto/DiscreteClock11.xml (RunModel)" time="0.016" />
  <testcase classname="ptolemy.util.test.junit.AutoTests" name="[117] /home/travis/build/icyphy/ptII/ptolemy/actor/lib/test/auto/DiscreteClock12.xml (RunModel)" time="0.016" />
  <testcase classname="ptolemy.util.test.junit.AutoTests" name="[118] /home/travis/build/icyphy/ptII/ptolemy/actor/lib/test/auto/DiscreteClock13.xml (RunModel)" time="0.016" />
  <testcase classname="ptolemy.util.test.junit.AutoTests" name="[119] /home/travis/build/icyphy/ptII/ptolemy/actor/lib/test/auto/DiscreteClock14.xml (RunModel)" time="0.016" />
  <testcase classname="ptolemy.util.test.junit.AutoTests" name="[120] /home/travis/build/icyphy/ptII/ptolemy/actor/lib/test/auto/DiscreteClock15.xml (RunModel)" time="0.018" />
  <testcase classname="ptolemy.util.test.junit.AutoTests" name="[121] /home/travis/build/icyphy/ptII/ptolemy/actor/lib/test/auto/DiscreteClock16.xml (RunModel)" time="0.044" />
  <testcase classname="ptolemy.util.test.junit.AutoTests" name="[122] /home/travis/build/icyphy/ptII/ptolemy/actor/lib/test/auto/DiscreteClock17.xml (RunModel)" time="0.047" />
  <testcase classname="ptolemy.util.test.junit.AutoTests" name="[123] /home/travis/build/icyphy/ptII/ptolemy/actor/lib/test/auto/DiscreteClock18.xml (RunModel)" time="0.05" />
  <testcase classname="ptolemy.util.test.junit.AutoTests" name="[124] /home/travis/build/icyphy/ptII/ptolemy/actor/lib/test/auto/DiscreteClock19.xml (RunModel)" time="0.054" />
  <testcase classname="ptolemy.util.test.junit.AutoTests" name="[125] /home/travis/build/icyphy/ptII/ptolemy/actor/lib/test/auto/DiscreteClock2.xml (RunModel)" time="0.021" />
  <testcase classname="ptolemy.util.test.junit.AutoTests" name="[126] /home/travis/build/icyphy/ptII/ptolemy/actor/lib/test/auto/DiscreteClock20.xml (RunModel)" time="0.017" />
  <testcase classname="ptolemy.util.test.junit.AutoTests" name="[127] /home/travis/build/icyphy/ptII/ptolemy/actor/lib/test/auto/DiscreteClock21.xml (RunModel)" time="0.018" />
  <testcase classname="ptolemy.util.test.junit.AutoTests" name="[128] /home/travis/build/icyphy/ptII/ptolemy/actor/lib/test/auto/DiscreteClock22.xml (RunModel)" time="0.016" />
  <testcase classname="ptolemy.util.test.junit.AutoTests" name="[129] /home/travis/build/icyphy/ptII/ptolemy/actor/lib/test/auto/DiscreteClock23.xml (RunModel)" time="0.022" />
  <testcase classname="ptolemy.util.test.junit.AutoTests" name="[130] /home/travis/build/icyphy/ptII/ptolemy/actor/lib/test/auto/DiscreteClock24.xml (RunModel)" time="0.014" />
  <testcase classname="ptolemy.util.test.junit.AutoTests" name="[131] /home/travis/build/icyphy/ptII/ptolemy/actor/lib/test/auto/DiscreteClock4.xml (RunModel)" time="0.017" />
  <testcase classname="ptolemy.util.test.junit.AutoTests" name="[132] /home/travis/build/icyphy/ptII/ptolemy/actor/lib/test/auto/DiscreteClock5.xml (RunModel)" time="0.01" />
  <testcase classname="ptolemy.util.test.junit.AutoTests" name="[133] /home/travis/build/icyphy/ptII/ptolemy/actor/lib/test/auto/DiscreteClock6.xml (RunModel)" time="0.015" />
  <testcase classname="ptolemy.util.test.junit.AutoTests" name="[134] /home/travis/build/icyphy/ptII/ptolemy/actor/lib/test/auto/DiscreteClock7.xml (RunModel)" time="0.011" />
  <testcase classname="ptolemy.util.test.junit.AutoTests" name="[135] /home/travis/build/icyphy/ptII/ptolemy/actor/lib/test/auto/DiscreteClock8.xml (RunModel)" time="0.038" />
  <testcase classname="ptolemy.util.test.junit.AutoTests" name="[136] /home/travis/build/icyphy/ptII/ptolemy/actor/lib/test/auto/DiscreteClock9.xml (RunModel)" time="0.015" />
  <testcase classname="ptolemy.util.test.junit.AutoTests" name="[137] /home/travis/build/icyphy/ptII/ptolemy/actor/lib/test/auto/DisplayArray.xml (RunModel)" time="0.009" />
  <testcase classname="ptolemy.util.test.junit.AutoTests" name="[138] /home/travis/build/icyphy/ptII/ptolemy/actor/lib/test/auto/Distributor.xml (RunModel)" time="0.01" />
  <testcase classname="ptolemy.util.test.junit.AutoTests" name="[139] /home/travis/build/icyphy/ptII/ptolemy/actor/lib/test/auto/Distributor2.xml (RunModel)" time="0.009" />
  <testcase classname="ptolemy.util.test.junit.AutoTests" name="[140] /home/travis/build/icyphy/ptII/ptolemy/actor/lib/test/auto/DownSample.xml (RunModel)" time="0.014" />
  <testcase classname="ptolemy.util.test.junit.AutoTests" name="[141] /home/travis/build/icyphy/ptII/ptolemy/actor/lib/test/auto/ElectronicUnitBase1.xml (RunModel)" time="0.078" />
  <testcase classname="ptolemy.util.test.junit.AutoTests" name="[142] /home/travis/build/icyphy/ptII/ptolemy/actor/lib/test/auto/ElementsToArray.xml (RunModel)" time="0.011" />
  <testcase classname="ptolemy.util.test.junit.AutoTests" name="[143] /home/travis/build/icyphy/ptII/ptolemy/actor/lib/test/auto/Equals.xml (RunModel)" time="0.017" />
  <testcase classname="ptolemy.util.test.junit.AutoTests" name="[144] /home/travis/build/icyphy/ptII/ptolemy/actor/lib/test/auto/Exec.xml (RunModel)" time="0.033" />
  <testcase classname="ptolemy.util.test.junit.AutoTests" name="[145] /home/travis/build/icyphy/ptII/ptolemy/actor/lib/test/auto/ExecEnvironment.xml (RunModel)" time="0.044" />
  <testcase classname="ptolemy.util.test.junit.AutoTests" name="[146] /home/travis/build/icyphy/ptII/ptolemy/actor/lib/test/auto/ExecNonZeroReturnOutput.xml (RunModel)" time="0.218" />
  <testcase classname="ptolemy.util.test.junit.AutoTests" name="[147] /home/travis/build/icyphy/ptII/ptolemy/actor/lib/test/auto/ExecRunDemos.xml (RunModel)" time="11.005">
    <error type="java.lang.reflect.InvocationTargetException">java.lang.reflect.InvocationTargetException
	at jdk.internal.reflect.GeneratedConstructorAccessor36.newInstance(Unknown Source)
	at java.base/jdk.internal.reflect.DelegatingConstructorAccessorImpl.newInstance(DelegatingConstructorAccessorImpl.java:45)
	at java.base/java.lang.reflect.Constructor.newInstance(Constructor.java:490)
	at ptolemy.util.test.junit.AutoTests.RunModel(AutoTests.java:193)
	at jdk.internal.reflect.GeneratedMethodAccessor43.invoke(Unknown Source)
	at java.base/jdk.internal.reflect.DelegatingMethodAccessorImpl.invoke(DelegatingMethodAccessorImpl.java:43)
	at junitparams.internal.InvokeParameterisedMethod.evaluate(InvokeParameterisedMethod.java:102)
Caused by: ptolemy.kernel.util.IllegalActionException: Test fails in iteration 0.
Value was: &quot;WARNING: An illegal reflective access operation has occurred\nWARNING: Illegal reflective access by io.netty.util.internal.ReflectionUtil (file:/home/travis/build/icyphy/ptII/lib/netty-common-4.1.19.Final.jar) to constructor java.nio.DirectByteBuffer(long,int)\nWARNING: Please consider reporting this to the maintainers of io.netty.util.internal.ReflectionUtil\nWARNING: Use --illegal-access=warn to enable warnings of further illegal reflective access operations\nWARNING: All illegal access operations will be denied in a future release\n&quot;. Should have been: &quot;&quot;
  in .ExecRunDemos.Test
	at ptolemy.actor.lib.Test.fire(Test.java:268)
	at ptolemy.actor.AtomicActor.iterate(AtomicActor.java:512)
	at ptolemy.actor.sched.StaticSchedulingDirector.fire(StaticSchedulingDirector.java:216)
	at ptolemy.domains.sdf.kernel.SDFDirector.fire(SDFDirector.java:500)
	at ptolemy.actor.CompositeActor.fire(CompositeActor.java:455)
	at ptolemy.actor.Manager.iterate(Manager.java:851)
	at ptolemy.actor.Manager.execute(Manager.java:369)
	at ptolemy.actor.Manager.run(Manager.java:1263)
	at ptolemy.actor.Manager$PtolemyRunThread.run(Manager.java:1915)
</error>
  </testcase>
  <testcase classname="ptolemy.util.test.junit.AutoTests" name="[148] /home/travis/build/icyphy/ptII/ptolemy/actor/lib/test/auto/ExecStop.xml (RunModel)" time="5.038" />
  <testcase classname="ptolemy.util.test.junit.AutoTests" name="[149] /home/travis/build/icyphy/ptII/ptolemy/actor/lib/test/auto/ExecutionTimeSDF.xml (RunModel)" time="6.031" />
  <testcase classname="ptolemy.util.test.junit.AutoTests" name="[150] /home/travis/build/icyphy/ptII/ptolemy/actor/lib/test/auto/Expression1.xml (RunModel)" time="0.013" />
  <testcase classname="ptolemy.util.test.junit.AutoTests" name="[151] /home/travis/build/icyphy/ptII/ptolemy/actor/lib/test/auto/Expression10.xml (RunModel)" time="0.029" />
  <testcase classname="ptolemy.util.test.junit.AutoTests" name="[152] /home/travis/build/icyphy/ptII/ptolemy/actor/lib/test/auto/Expression11.xml (RunModel)" time="0.024" />
  <testcase classname="ptolemy.util.test.junit.AutoTests" name="[153] /home/travis/build/icyphy/ptII/ptolemy/actor/lib/test/auto/Expression12.xml (RunModel)" time="0.014" />
  <testcase classname="ptolemy.util.test.junit.AutoTests" name="[154] /home/travis/build/icyphy/ptII/ptolemy/actor/lib/test/auto/Expression13.xml (RunModel)" time="0.015" />
  <testcase classname="ptolemy.util.test.junit.AutoTests" name="[155] /home/travis/build/icyphy/ptII/ptolemy/actor/lib/test/auto/Expression14.xml (RunModel)" time="0.019" />
  <testcase classname="ptolemy.util.test.junit.AutoTests" name="[156] /home/travis/build/icyphy/ptII/ptolemy/actor/lib/test/auto/Expression15.xml (RunModel)" time="0.009" />
  <testcase classname="ptolemy.util.test.junit.AutoTests" name="[157] /home/travis/build/icyphy/ptII/ptolemy/actor/lib/test/auto/Expression16.xml (RunModel)" time="0.013" />
  <testcase classname="ptolemy.util.test.junit.AutoTests" name="[158] /home/travis/build/icyphy/ptII/ptolemy/actor/lib/test/auto/Expression17.xml (RunModel)" time="0.013" />
  <testcase classname="ptolemy.util.test.junit.AutoTests" name="[159] /home/travis/build/icyphy/ptII/ptolemy/actor/lib/test/auto/Expression18.xml (RunModel)" time="0.02" />
  <testcase classname="ptolemy.util.test.junit.AutoTests" name="[160] /home/travis/build/icyphy/ptII/ptolemy/actor/lib/test/auto/Expression2.xml (RunModel)" time="0.015" />
  <testcase classname="ptolemy.util.test.junit.AutoTests" name="[161] /home/travis/build/icyphy/ptII/ptolemy/actor/lib/test/auto/Expression3.xml (RunModel)" time="0.016" />
  <testcase classname="ptolemy.util.test.junit.AutoTests" name="[162] /home/travis/build/icyphy/ptII/ptolemy/actor/lib/test/auto/Expression4.xml (RunModel)" time="0.029" />
  <testcase classname="ptolemy.util.test.junit.AutoTests" name="[163] /home/travis/build/icyphy/ptII/ptolemy/actor/lib/test/auto/Expression5.xml (RunModel)" time="0.014" />
  <testcase classname="ptolemy.util.test.junit.AutoTests" name="[164] /home/travis/build/icyphy/ptII/ptolemy/actor/lib/test/auto/Expression6.xml (RunModel)" time="0.013" />
  <testcase classname="ptolemy.util.test.junit.AutoTests" name="[165] /home/travis/build/icyphy/ptII/ptolemy/actor/lib/test/auto/Expression7.xml (RunModel)" time="0.013" />
  <testcase classname="ptolemy.util.test.junit.AutoTests" name="[166] /home/travis/build/icyphy/ptII/ptolemy/actor/lib/test/auto/Expression8.xml (RunModel)" time="0.017" />
  <testcase classname="ptolemy.util.test.junit.AutoTests" name="[167] /home/travis/build/icyphy/ptII/ptolemy/actor/lib/test/auto/Expression9.xml (RunModel)" time="0.01" />
  <testcase classname="ptolemy.util.test.junit.AutoTests" name="[168] /home/travis/build/icyphy/ptII/ptolemy/actor/lib/test/auto/ExpressionConcatenateArrayType.xml (RunModel)" time="0.031" />
  <testcase classname="ptolemy.util.test.junit.AutoTests" name="[169] /home/travis/build/icyphy/ptII/ptolemy/actor/lib/test/auto/ExpressionConcatenateArrayType2.xml (RunModel)" time="0.026" />
  <testcase classname="ptolemy.util.test.junit.AutoTests" name="[170] /home/travis/build/icyphy/ptII/ptolemy/actor/lib/test/auto/ExpressionFix.xml (RunModel)" time="0.055" />
  <testcase classname="ptolemy.util.test.junit.AutoTests" name="[171] /home/travis/build/icyphy/ptII/ptolemy/actor/lib/test/auto/ExpressionFix2.xml (RunModel)" time="0.017" />
  <testcase classname="ptolemy.util.test.junit.AutoTests" name="[172] /home/travis/build/icyphy/ptII/ptolemy/actor/lib/test/auto/ExpressionFix3.xml (RunModel)" time="0.013" />
  <testcase classname="ptolemy.util.test.junit.AutoTests" name="[173] /home/travis/build/icyphy/ptII/ptolemy/actor/lib/test/auto/FileWriter1.xml (RunModel)" time="0.014" />
  <testcase classname="ptolemy.util.test.junit.AutoTests" name="[174] /home/travis/build/icyphy/ptII/ptolemy/actor/lib/test/auto/FileWriter2.xml (RunModel)" time="0.011" />
  <testcase classname="ptolemy.util.test.junit.AutoTests" name="[175] /home/travis/build/icyphy/ptII/ptolemy/actor/lib/test/auto/FileWriter3.xml (RunModel)" time="0.015" />
  <testcase classname="ptolemy.util.test.junit.AutoTests" name="[176] /home/travis/build/icyphy/ptII/ptolemy/actor/lib/test/auto/Gaussian.xml (RunModel)" time="0.013" />
  <testcase classname="ptolemy.util.test.junit.AutoTests" name="[177] /home/travis/build/icyphy/ptII/ptolemy/actor/lib/test/auto/Gaussian1.xml (RunModel)" time="0.016" />
  <testcase classname="ptolemy.util.test.junit.AutoTests" name="[178] /home/travis/build/icyphy/ptII/ptolemy/actor/lib/test/auto/Gaussian2.xml (RunModel)" time="0.016" />
  <testcase classname="ptolemy.util.test.junit.AutoTests" name="[179] /home/travis/build/icyphy/ptII/ptolemy/actor/lib/test/auto/GradientAdaptiveLattice.xml (RunModel)" time="0.026" />
  <testcase classname="ptolemy.util.test.junit.AutoTests" name="[180] /home/travis/build/icyphy/ptII/ptolemy/actor/lib/test/auto/IIR.xml (RunModel)" time="0.013" />
  <testcase classname="ptolemy.util.test.junit.AutoTests" name="[181] /home/travis/build/icyphy/ptII/ptolemy/actor/lib/test/auto/InputOutputTransparentPorts.xml (RunModel)" time="0.024" />
  <testcase classname="ptolemy.util.test.junit.AutoTests" name="[182] /home/travis/build/icyphy/ptII/ptolemy/actor/lib/test/auto/Interpolator.xml (RunModel)" time="0.012" />
  <testcase classname="ptolemy.util.test.junit.AutoTests" name="[183] /home/travis/build/icyphy/ptII/ptolemy/actor/lib/test/auto/InterpolatorFiringLimitDE.xml (RunModel)" time="0.015" />
  <testcase classname="ptolemy.util.test.junit.AutoTests" name="[184] /home/travis/build/icyphy/ptII/ptolemy/actor/lib/test/auto/Lattice.xml (RunModel)" time="0.01" />
  <testcase classname="ptolemy.util.test.junit.AutoTests" name="[185] /home/travis/build/icyphy/ptII/ptolemy/actor/lib/test/auto/LazyAOCTestLazy.xml (RunModel)" time="0.04" />
  <testcase classname="ptolemy.util.test.junit.AutoTests" name="[186] /home/travis/build/icyphy/ptII/ptolemy/actor/lib/test/auto/LazyAOCTestNonLazy.xml (RunModel)" time="0.051" />
  <testcase classname="ptolemy.util.test.junit.AutoTests" name="[187] /home/travis/build/icyphy/ptII/ptolemy/actor/lib/test/auto/LazyInnerClass.xml (RunModel)" time="0.061" />
  <testcase classname="ptolemy.util.test.junit.AutoTests" name="[188] /home/travis/build/icyphy/ptII/ptolemy/actor/lib/test/auto/LazyPubSub.xml (RunModel)" time="0.064" />
  <testcase classname="ptolemy.util.test.junit.AutoTests" name="[189] /home/travis/build/icyphy/ptII/ptolemy/actor/lib/test/auto/LazyPubSub2.xml (RunModel)" time="0.025" />
  <testcase classname="ptolemy.util.test.junit.AutoTests" name="[190] /home/travis/build/icyphy/ptII/ptolemy/actor/lib/test/auto/LazyPubSub3.xml (RunModel)" time="0.027" />
  <testcase classname="ptolemy.util.test.junit.AutoTests" name="[191] /home/travis/build/icyphy/ptII/ptolemy/actor/lib/test/auto/LazySubClassModel.xml (RunModel)" time="0.024" />
  <testcase classname="ptolemy.util.test.junit.AutoTests" name="[192] /home/travis/build/icyphy/ptII/ptolemy/actor/lib/test/auto/LevelCrossTest1.xml (RunModel)" time="0.01" />
  <testcase classname="ptolemy.util.test.junit.AutoTests" name="[193] /home/travis/build/icyphy/ptII/ptolemy/actor/lib/test/auto/LevelCrossTest10.xml (RunModel)" time="0.017" />
  <testcase classname="ptolemy.util.test.junit.AutoTests" name="[194] /home/travis/build/icyphy/ptII/ptolemy/actor/lib/test/auto/LevelCrossTest11.xml (RunModel)" time="0.015" />
  <testcase classname="ptolemy.util.test.junit.AutoTests" name="[195] /home/travis/build/icyphy/ptII/ptolemy/actor/lib/test/auto/LevelCrossTest12.xml (RunModel)" time="0.019" />
  <testcase classname="ptolemy.util.test.junit.AutoTests" name="[196] /home/travis/build/icyphy/ptII/ptolemy/actor/lib/test/auto/LevelCrossTest13.xml (RunModel)" time="0.015" />
  <testcase classname="ptolemy.util.test.junit.AutoTests" name="[197] /home/travis/build/icyphy/ptII/ptolemy/actor/lib/test/auto/LevelCrossTest2.xml (RunModel)" time="0.01" />
  <testcase classname="ptolemy.util.test.junit.AutoTests" name="[198] /home/travis/build/icyphy/ptII/ptolemy/actor/lib/test/auto/LevelCrossTest3.xml (RunModel)" time="0.014" />
  <testcase classname="ptolemy.util.test.junit.AutoTests" name="[199] /home/travis/build/icyphy/ptII/ptolemy/actor/lib/test/auto/LevelCrossTest4.xml (RunModel)" time="0.012" />
  <testcase classname="ptolemy.util.test.junit.AutoTests" name="[200] /home/travis/build/icyphy/ptII/ptolemy/actor/lib/test/auto/LevelCrossTest5.xml (RunModel)" time="0.016" />
  <testcase classname="ptolemy.util.test.junit.AutoTests" name="[201] /home/travis/build/icyphy/ptII/ptolemy/actor/lib/test/auto/LevelCrossTest6.xml (RunModel)" time="0.014" />
  <testcase classname="ptolemy.util.test.junit.AutoTests" name="[202] /home/travis/build/icyphy/ptII/ptolemy/actor/lib/test/auto/LevelCrossTest7.xml (RunModel)" time="0.022" />
  <testcase classname="ptolemy.util.test.junit.AutoTests" name="[203] /home/travis/build/icyphy/ptII/ptolemy/actor/lib/test/auto/LevelCrossTest8.xml (RunModel)" time="0.016" />
  <testcase classname="ptolemy.util.test.junit.AutoTests" name="[204] /home/travis/build/icyphy/ptII/ptolemy/actor/lib/test/auto/LevelCrossTest9.xml (RunModel)" time="0.015" />
  <testcase classname="ptolemy.util.test.junit.AutoTests" name="[205] /home/travis/build/icyphy/ptII/ptolemy/actor/lib/test/auto/LevinsonDurbin.xml (RunModel)" time="0.01" />
  <testcase classname="ptolemy.util.test.junit.AutoTests" name="[206] /home/travis/build/icyphy/ptII/ptolemy/actor/lib/test/auto/LevinsonDurbin2.xml (RunModel)" time="0.008" />
  <testcase classname="ptolemy.util.test.junit.AutoTests" name="[207] /home/travis/build/icyphy/ptII/ptolemy/actor/lib/test/auto/LevinsonDurbin3.xml (RunModel)" time="0.015" />
  <testcase classname="ptolemy.util.test.junit.AutoTests" name="[208] /home/travis/build/icyphy/ptII/ptolemy/actor/lib/test/auto/Limiter.xml (RunModel)" time="0.042" />
  <testcase classname="ptolemy.util.test.junit.AutoTests" name="[209] /home/travis/build/icyphy/ptII/ptolemy/actor/lib/test/auto/LinearDifferenceEquationSystem.xml (RunModel)" time="0.023" />
  <testcase classname="ptolemy.util.test.junit.AutoTests" name="[210] /home/travis/build/icyphy/ptII/ptolemy/actor/lib/test/auto/LookupTable.xml (RunModel)" time="0.013" />
  <testcase classname="ptolemy.util.test.junit.AutoTests" name="[211] /home/travis/build/icyphy/ptII/ptolemy/actor/lib/test/auto/MathFunction.xml (RunModel)" time="0.022" />
  <testcase classname="ptolemy.util.test.junit.AutoTests" name="[212] /home/travis/build/icyphy/ptII/ptolemy/actor/lib/test/auto/MathFunction2.xml (RunModel)" time="0.019" />
  <testcase classname="ptolemy.util.test.junit.AutoTests" name="[213] /home/travis/build/icyphy/ptII/ptolemy/actor/lib/test/auto/MathFunction3.xml (RunModel)" time="0.025" />
  <testcase classname="ptolemy.util.test.junit.AutoTests" name="[214] /home/travis/build/icyphy/ptII/ptolemy/actor/lib/test/auto/MatrixCropBoolean.xml (RunModel)" time="0.014" />
  <testcase classname="ptolemy.util.test.junit.AutoTests" name="[215] /home/travis/build/icyphy/ptII/ptolemy/actor/lib/test/auto/MatrixCropComplex.xml (RunModel)" time="0.012" />
  <testcase classname="ptolemy.util.test.junit.AutoTests" name="[216] /home/travis/build/icyphy/ptII/ptolemy/actor/lib/test/auto/MatrixCropDouble.xml (RunModel)" time="0.011" />
  <testcase classname="ptolemy.util.test.junit.AutoTests" name="[217] /home/travis/build/icyphy/ptII/ptolemy/actor/lib/test/auto/MatrixCropFix.xml (RunModel)" time="0.013" />
  <testcase classname="ptolemy.util.test.junit.AutoTests" name="[218] /home/travis/build/icyphy/ptII/ptolemy/actor/lib/test/auto/MatrixCropInt.xml (RunModel)" time="0.011" />
  <testcase classname="ptolemy.util.test.junit.AutoTests" name="[219] /home/travis/build/icyphy/ptII/ptolemy/actor/lib/test/auto/MatrixCropLong.xml (RunModel)" time="0.01" />
  <testcase classname="ptolemy.util.test.junit.AutoTests" name="[220] /home/travis/build/icyphy/ptII/ptolemy/actor/lib/test/auto/MatrixToArray.xml (RunModel)" time="0.06" />
  <testcase classname="ptolemy.util.test.junit.AutoTests" name="[221] /home/travis/build/icyphy/ptII/ptolemy/actor/lib/test/auto/MaxIndex.xml (RunModel)" time="0.014" />
  <testcase classname="ptolemy.util.test.junit.AutoTests" name="[222] /home/travis/build/icyphy/ptII/ptolemy/actor/lib/test/auto/Maximum.xml (RunModel)" time="0.015" />
  <testcase classname="ptolemy.util.test.junit.AutoTests" name="[223] /home/travis/build/icyphy/ptII/ptolemy/actor/lib/test/auto/MaximumComplex.xml (RunModel)" time="0.017" />
  <testcase classname="ptolemy.util.test.junit.AutoTests" name="[224] /home/travis/build/icyphy/ptII/ptolemy/actor/lib/test/auto/MethodCallTest.xml (RunModel)" time="0.023" />
  <testcase classname="ptolemy.util.test.junit.AutoTests" name="[225] /home/travis/build/icyphy/ptII/ptolemy/actor/lib/test/auto/Minimum.xml (RunModel)" time="0.014" />
  <testcase classname="ptolemy.util.test.junit.AutoTests" name="[226] /home/travis/build/icyphy/ptII/ptolemy/actor/lib/test/auto/MinimumComplex.xml (RunModel)" time="0.025" />
  <testcase classname="ptolemy.util.test.junit.AutoTests" name="[227] /home/travis/build/icyphy/ptII/ptolemy/actor/lib/test/auto/MinimumMultiports.xml (RunModel)" time="0.028" />
  <testcase classname="ptolemy.util.test.junit.AutoTests" name="[228] /home/travis/build/icyphy/ptII/ptolemy/actor/lib/test/auto/ModifyDate.xml (RunModel)" time="0.053" />
  <testcase classname="ptolemy.util.test.junit.AutoTests" name="[229] /home/travis/build/icyphy/ptII/ptolemy/actor/lib/test/auto/ModifyDate2.xml (RunModel)" time="0.028" />
  <testcase classname="ptolemy.util.test.junit.AutoTests" name="[230] /home/travis/build/icyphy/ptII/ptolemy/actor/lib/test/auto/MovingAverage.xml (RunModel)" time="0.012" />
  <testcase classname="ptolemy.util.test.junit.AutoTests" name="[231] /home/travis/build/icyphy/ptII/ptolemy/actor/lib/test/auto/MovingMaximum.xml (RunModel)" time="0.013" />
  <testcase classname="ptolemy.util.test.junit.AutoTests" name="[232] /home/travis/build/icyphy/ptII/ptolemy/actor/lib/test/auto/MultipleLinksToSameRelation.xml (RunModel)" time="0.011" />
  <testcase classname="ptolemy.util.test.junit.AutoTests" name="[233] /home/travis/build/icyphy/ptII/ptolemy/actor/lib/test/auto/MultipleLinksToSameRelationDE.xml (RunModel)" time="0.033" />
  <testcase classname="ptolemy.util.test.junit.AutoTests" name="[234] /home/travis/build/icyphy/ptII/ptolemy/actor/lib/test/auto/Multiplexor.xml (RunModel)" time="0.015" />
  <testcase classname="ptolemy.util.test.junit.AutoTests" name="[235] /home/travis/build/icyphy/ptII/ptolemy/actor/lib/test/auto/Multiplexor1.xml (RunModel)" time="0.012" />
  <testcase classname="ptolemy.util.test.junit.AutoTests" name="[236] /home/travis/build/icyphy/ptII/ptolemy/actor/lib/test/auto/Multiplexor2.xml (RunModel)" time="0.016" />
  <testcase classname="ptolemy.util.test.junit.AutoTests" name="[237] /home/travis/build/icyphy/ptII/ptolemy/actor/lib/test/auto/Multiplexor3.xml (RunModel)" time="0.009" />
  <testcase classname="ptolemy.util.test.junit.AutoTests" name="[238] /home/travis/build/icyphy/ptII/ptolemy/actor/lib/test/auto/MultiplexorDE.xml (RunModel)" time="0.016" />
  <testcase classname="ptolemy.util.test.junit.AutoTests" name="[239] /home/travis/build/icyphy/ptII/ptolemy/actor/lib/test/auto/MultiportBroadcastTest.xml (RunModel)" time="0.105" />
  <testcase classname="ptolemy.util.test.junit.AutoTests" name="[240] /home/travis/build/icyphy/ptII/ptolemy/actor/lib/test/auto/MultiportOutHangDuringGetWidth.xml (RunModel)" time="0.038" />
  <testcase classname="ptolemy.util.test.junit.AutoTests" name="[241] /home/travis/build/icyphy/ptII/ptolemy/actor/lib/test/auto/NilToken.xml (RunModel)" time="0.014" />
  <testcase classname="ptolemy.util.test.junit.AutoTests" name="[242] /home/travis/build/icyphy/ptII/ptolemy/actor/lib/test/auto/NilTokenNonStrictTest.xml (RunModel)" time="0.014" />
  <testcase classname="ptolemy.util.test.junit.AutoTests" name="[243] /home/travis/build/icyphy/ptII/ptolemy/actor/lib/test/auto/NilTokenRecord.xml (RunModel)" time="0.026" />
  <testcase classname="ptolemy.util.test.junit.AutoTests" name="[244] /home/travis/build/icyphy/ptII/ptolemy/actor/lib/test/auto/NilTokenTypeTest.xml (RunModel)" time="0.028" />
  <testcase classname="ptolemy.util.test.junit.AutoTests" name="[245] /home/travis/build/icyphy/ptII/ptolemy/actor/lib/test/auto/ObjectToken1.xml (RunModel)" time="0.008" />
  <testcase classname="ptolemy.util.test.junit.AutoTests" name="[246] /home/travis/build/icyphy/ptII/ptolemy/actor/lib/test/auto/OrderedMerge.xml (RunModel)" time="0.024" />
  <testcase classname="ptolemy.util.test.junit.AutoTests" name="[247] /home/travis/build/icyphy/ptII/ptolemy/actor/lib/test/auto/OrderedRecordDisassembler.xml (RunModel)" time="0.016" />
  <testcase classname="ptolemy.util.test.junit.AutoTests" name="[248] /home/travis/build/icyphy/ptII/ptolemy/actor/lib/test/auto/OrderedRecordDisassembler2.xml (RunModel)" time="0.019" />
  <testcase classname="ptolemy.util.test.junit.AutoTests" name="[249] /home/travis/build/icyphy/ptII/ptolemy/actor/lib/test/auto/OrderedRecordUpdater.xml (RunModel)" time="0.011" />
  <testcase classname="ptolemy.util.test.junit.AutoTests" name="[250] /home/travis/build/icyphy/ptII/ptolemy/actor/lib/test/auto/OrderedRecordUpdater2.xml (RunModel)" time="0.022" />
  <testcase classname="ptolemy.util.test.junit.AutoTests" name="[251] /home/travis/build/icyphy/ptII/ptolemy/actor/lib/test/auto/PhaseUnwrap.xml (RunModel)" time="0.015" />
  <testcase classname="ptolemy.util.test.junit.AutoTests" name="[252] /home/travis/build/icyphy/ptII/ptolemy/actor/lib/test/auto/PoissonClock.xml (RunModel)" time="0.012" />
  <testcase classname="ptolemy.util.test.junit.AutoTests" name="[253] /home/travis/build/icyphy/ptII/ptolemy/actor/lib/test/auto/PoissonClock2.xml (RunModel)" time="0.008" />
  <testcase classname="ptolemy.util.test.junit.AutoTests" name="[254] /home/travis/build/icyphy/ptII/ptolemy/actor/lib/test/auto/PoissonClock3.xml (RunModel)" time="0.026" />
  <testcase classname="ptolemy.util.test.junit.AutoTests" name="[255] /home/travis/build/icyphy/ptII/ptolemy/actor/lib/test/auto/PubSubWithInitialTokens.xml (RunModel)" time="0.016" />
  <testcase classname="ptolemy.util.test.junit.AutoTests" name="[256] /home/travis/build/icyphy/ptII/ptolemy/actor/lib/test/auto/PubSubWithInitialTokens2.xml (RunModel)" time="0.016" />
  <testcase classname="ptolemy.util.test.junit.AutoTests" name="[257] /home/travis/build/icyphy/ptII/ptolemy/actor/lib/test/auto/PublisherClassNoParameter.xml (RunModel)" time="0.026" />
  <testcase classname="ptolemy.util.test.junit.AutoTests" name="[258] /home/travis/build/icyphy/ptII/ptolemy/actor/lib/test/auto/PublisherClassParameter.xml (RunModel)" time="0.03" />
  <testcase classname="ptolemy.util.test.junit.AutoTests" name="[259] /home/travis/build/icyphy/ptII/ptolemy/actor/lib/test/auto/PublisherNonStrictTest.xml (RunModel)" time="0.016" />
  <testcase classname="ptolemy.util.test.junit.AutoTests" name="[260] /home/travis/build/icyphy/ptII/ptolemy/actor/lib/test/auto/PublisherPort1.xml (RunModel)" time="0.011" />
  <testcase classname="ptolemy.util.test.junit.AutoTests" name="[261] /home/travis/build/icyphy/ptII/ptolemy/actor/lib/test/auto/PublisherPort2.xml (RunModel)" time="0.009" />
  <testcase classname="ptolemy.util.test.junit.AutoTests" name="[262] /home/travis/build/icyphy/ptII/ptolemy/actor/lib/test/auto/PublisherPort3.xml (RunModel)" time="0.022" />
  <testcase classname="ptolemy.util.test.junit.AutoTests" name="[263] /home/travis/build/icyphy/ptII/ptolemy/actor/lib/test/auto/PublisherPort4.xml (RunModel)" time="0.017" />
  <testcase classname="ptolemy.util.test.junit.AutoTests" name="[264] /home/travis/build/icyphy/ptII/ptolemy/actor/lib/test/auto/PublisherPort5.xml (RunModel)" time="0.016" />
  <testcase classname="ptolemy.util.test.junit.AutoTests" name="[265] /home/travis/build/icyphy/ptII/ptolemy/actor/lib/test/auto/PublisherPort5LookAlike.xml (RunModel)" time="0.02" />
  <testcase classname="ptolemy.util.test.junit.AutoTests" name="[266] /home/travis/build/icyphy/ptII/ptolemy/actor/lib/test/auto/PublisherPort6.xml (RunModel)" time="0.012" />
  <testcase classname="ptolemy.util.test.junit.AutoTests" name="[267] /home/travis/build/icyphy/ptII/ptolemy/actor/lib/test/auto/PublisherPort7.xml (RunModel)" time="0.016" />
  <testcase classname="ptolemy.util.test.junit.AutoTests" name="[268] /home/travis/build/icyphy/ptII/ptolemy/actor/lib/test/auto/PublisherPort8.xml (RunModel)" time="0.017" />
  <testcase classname="ptolemy.util.test.junit.AutoTests" name="[269] /home/travis/build/icyphy/ptII/ptolemy/actor/lib/test/auto/PublisherPortSubscriberChannelVariablesAOC2.xml (RunModel)" time="0.042" />
  <testcase classname="ptolemy.util.test.junit.AutoTests" name="[270] /home/travis/build/icyphy/ptII/ptolemy/actor/lib/test/auto/PublisherPortSubscriberOpaqueWidthInference.xml (RunModel)" time="0.016" />
  <testcase classname="ptolemy.util.test.junit.AutoTests" name="[271] /home/travis/build/icyphy/ptII/ptolemy/actor/lib/test/auto/PublisherPortSubscriberPortAdjacent.xml (RunModel)" time="0.017" />
  <testcase classname="ptolemy.util.test.junit.AutoTests" name="[272] /home/travis/build/icyphy/ptII/ptolemy/actor/lib/test/auto/PublisherPortSubscriberPortExpression.xml (RunModel)" time="0.034" />
  <testcase classname="ptolemy.util.test.junit.AutoTests" name="[273] /home/travis/build/icyphy/ptII/ptolemy/actor/lib/test/auto/PublisherPortSubscriberPortOpaqueD3Reverse.xml (RunModel)" time="0.035" />
  <testcase classname="ptolemy.util.test.junit.AutoTests" name="[274] /home/travis/build/icyphy/ptII/ptolemy/actor/lib/test/auto/PublisherPortSubscriberPortOpaqueWidthInference.xml (RunModel)" time="0.016" />
  <testcase classname="ptolemy.util.test.junit.AutoTests" name="[275] /home/travis/build/icyphy/ptII/ptolemy/actor/lib/test/auto/PublisherPortToplevelSubscriberPortAOC.xml (RunModel)" time="0.016" />
  <testcase classname="ptolemy.util.test.junit.AutoTests" name="[276] /home/travis/build/icyphy/ptII/ptolemy/actor/lib/test/auto/PublisherSubscriber.xml (RunModel)" time="0.015" />
  <testcase classname="ptolemy.util.test.junit.AutoTests" name="[277] /home/travis/build/icyphy/ptII/ptolemy/actor/lib/test/auto/PublisherSubscriber10.xml (RunModel)" time="0.025" />
  <testcase classname="ptolemy.util.test.junit.AutoTests" name="[278] /home/travis/build/icyphy/ptII/ptolemy/actor/lib/test/auto/PublisherSubscriber10InitialOutputs.xml (RunModel)" time="0.033" />
  <testcase classname="ptolemy.util.test.junit.AutoTests" name="[279] /home/travis/build/icyphy/ptII/ptolemy/actor/lib/test/auto/PublisherSubscriber11.xml (RunModel)" time="0.016" />
  <testcase classname="ptolemy.util.test.junit.AutoTests" name="[280] /home/travis/build/icyphy/ptII/ptolemy/actor/lib/test/auto/PublisherSubscriber12.xml (RunModel)" time="0.027" />
  <testcase classname="ptolemy.util.test.junit.AutoTests" name="[281] /home/travis/build/icyphy/ptII/ptolemy/actor/lib/test/auto/PublisherSubscriber13.xml (RunModel)" time="0.01" />
  <testcase classname="ptolemy.util.test.junit.AutoTests" name="[282] /home/travis/build/icyphy/ptII/ptolemy/actor/lib/test/auto/PublisherSubscriber14.xml (RunModel)" time="0.021" />
  <testcase classname="ptolemy.util.test.junit.AutoTests" name="[283] /home/travis/build/icyphy/ptII/ptolemy/actor/lib/test/auto/PublisherSubscriber2.xml (RunModel)" time="0.011" />
  <testcase classname="ptolemy.util.test.junit.AutoTests" name="[284] /home/travis/build/icyphy/ptII/ptolemy/actor/lib/test/auto/PublisherSubscriber3.xml (RunModel)" time="0.01" />
  <testcase classname="ptolemy.util.test.junit.AutoTests" name="[285] /home/travis/build/icyphy/ptII/ptolemy/actor/lib/test/auto/PublisherSubscriber4.xml (RunModel)" time="0.008" />
  <testcase classname="ptolemy.util.test.junit.AutoTests" name="[286] /home/travis/build/icyphy/ptII/ptolemy/actor/lib/test/auto/PublisherSubscriber5.xml (RunModel)" time="0.012" />
  <testcase classname="ptolemy.util.test.junit.AutoTests" name="[287] /home/travis/build/icyphy/ptII/ptolemy/actor/lib/test/auto/PublisherSubscriber6.xml (RunModel)" time="0.016" />
  <testcase classname="ptolemy.util.test.junit.AutoTests" name="[288] /home/travis/build/icyphy/ptII/ptolemy/actor/lib/test/auto/PublisherSubscriber7.xml (RunModel)" time="0.017" />
  <testcase classname="ptolemy.util.test.junit.AutoTests" name="[289] /home/travis/build/icyphy/ptII/ptolemy/actor/lib/test/auto/PublisherSubscriber8.xml (RunModel)" time="0.03" />
  <testcase classname="ptolemy.util.test.junit.AutoTests" name="[290] /home/travis/build/icyphy/ptII/ptolemy/actor/lib/test/auto/PublisherSubscriber9.xml (RunModel)" time="0.017" />
  <testcase classname="ptolemy.util.test.junit.AutoTests" name="[291] /home/travis/build/icyphy/ptII/ptolemy/actor/lib/test/auto/PublisherSubscriberAdjacent.xml (RunModel)" time="0.017" />
  <testcase classname="ptolemy.util.test.junit.AutoTests" name="[292] /home/travis/build/icyphy/ptII/ptolemy/actor/lib/test/auto/PublisherSubscriberChannelVariablesAOC2.xml (RunModel)" time="0.028" />
  <testcase classname="ptolemy.util.test.junit.AutoTests" name="[293] /home/travis/build/icyphy/ptII/ptolemy/actor/lib/test/auto/PublisherSubscriberD3.xml (RunModel)" time="0.015" />
  <testcase classname="ptolemy.util.test.junit.AutoTests" name="[294] /home/travis/build/icyphy/ptII/ptolemy/actor/lib/test/auto/PublisherSubscriberD3Reverse.xml (RunModel)" time="0.014" />
  <testcase classname="ptolemy.util.test.junit.AutoTests" name="[295] /home/travis/build/icyphy/ptII/ptolemy/actor/lib/test/auto/PublisherSubscriberExpression.xml (RunModel)" time="0.018" />
  <testcase classname="ptolemy.util.test.junit.AutoTests" name="[296] /home/travis/build/icyphy/ptII/ptolemy/actor/lib/test/auto/PublisherSubscriberOpaque.xml (RunModel)" time="0.016" />
  <testcase classname="ptolemy.util.test.junit.AutoTests" name="[297] /home/travis/build/icyphy/ptII/ptolemy/actor/lib/test/auto/PublisherSubscriberOpaqueD3.xml (RunModel)" time="0.025" />
  <testcase classname="ptolemy.util.test.junit.AutoTests" name="[298] /home/travis/build/icyphy/ptII/ptolemy/actor/lib/test/auto/PublisherSubscriberOpaqueD3Reverse.xml (RunModel)" time="0.024" />
  <testcase classname="ptolemy.util.test.junit.AutoTests" name="[299] /home/travis/build/icyphy/ptII/ptolemy/actor/lib/test/auto/PublisherSubscriberOpaqueWidthInference.xml (RunModel)" time="0.016" />
  <testcase classname="ptolemy.util.test.junit.AutoTests" name="[300] /home/travis/build/icyphy/ptII/ptolemy/actor/lib/test/auto/PublisherTestSubscriber.xml (RunModel)" time="0.014" />
  <testcase classname="ptolemy.util.test.junit.AutoTests" name="[301] /home/travis/build/icyphy/ptII/ptolemy/actor/lib/test/auto/PublisherToplevelSubscriberPortAOC.xml (RunModel)" time="0.011" />
  <testcase classname="ptolemy.util.test.junit.AutoTests" name="[302] /home/travis/build/icyphy/ptII/ptolemy/actor/lib/test/auto/PulseFiringLimitDE.xml (RunModel)" time="0.015" />
  <testcase classname="ptolemy.util.test.junit.AutoTests" name="[303] /home/travis/build/icyphy/ptII/ptolemy/actor/lib/test/auto/Ramp1.xml (RunModel)" time="0.007" />
  <testcase classname="ptolemy.util.test.junit.AutoTests" name="[304] /home/travis/build/icyphy/ptII/ptolemy/actor/lib/test/auto/RampFiringLimitDE.xml (RunModel)" time="0.011" />
  <testcase classname="ptolemy.util.test.junit.AutoTests" name="[305] /home/travis/build/icyphy/ptII/ptolemy/actor/lib/test/auto/RampFiringLimitSDF.xml (RunModel)" time="0.01" />
  <testcase classname="ptolemy.util.test.junit.AutoTests" name="[306] /home/travis/build/icyphy/ptII/ptolemy/actor/lib/test/auto/RandomInteger.xml (RunModel)" time="0.023" />
  <testcase classname="ptolemy.util.test.junit.AutoTests" name="[307] /home/travis/build/icyphy/ptII/ptolemy/actor/lib/test/auto/ReadFile1.xml (RunModel)" time="0.01" />
  <testcase classname="ptolemy.util.test.junit.AutoTests" name="[308] /home/travis/build/icyphy/ptII/ptolemy/actor/lib/test/auto/ReadFile2.xml (RunModel)" time="0.007" />
  <testcase classname="ptolemy.util.test.junit.AutoTests" name="[309] /home/travis/build/icyphy/ptII/ptolemy/actor/lib/test/auto/Reader.xml (RunModel)" time="0.013" />
  <testcase classname="ptolemy.util.test.junit.AutoTests" name="[310] /home/travis/build/icyphy/ptII/ptolemy/actor/lib/test/auto/RecordAssemblerDisplayNameTest.xml (RunModel)" time="3.877" />
  <testcase classname="ptolemy.util.test.junit.AutoTests" name="[311] /home/travis/build/icyphy/ptII/ptolemy/actor/lib/test/auto/RecordAssemblerTypeError.xml (RunModel)" time="0.036" />
  <testcase classname="ptolemy.util.test.junit.AutoTests" name="[312] /home/travis/build/icyphy/ptII/ptolemy/actor/lib/test/auto/RecordDisassember.xml (RunModel)" time="0.021" />
  <testcase classname="ptolemy.util.test.junit.AutoTests" name="[313] /home/travis/build/icyphy/ptII/ptolemy/actor/lib/test/auto/RecordDisassemberDisplayNameTest.xml (RunModel)" time="0.026" />
  <testcase classname="ptolemy.util.test.junit.AutoTests" name="[314] /home/travis/build/icyphy/ptII/ptolemy/actor/lib/test/auto/RecordDisassembler.xml (RunModel)" time="0.016" />
  <testcase classname="ptolemy.util.test.junit.AutoTests" name="[315] /home/travis/build/icyphy/ptII/ptolemy/actor/lib/test/auto/RecordDisassembler2.xml (RunModel)" time="0.011" />
  <testcase classname="ptolemy.util.test.junit.AutoTests" name="[316] /home/travis/build/icyphy/ptII/ptolemy/actor/lib/test/auto/RecordUpdater.xml (RunModel)" time="0.01" />
  <testcase classname="ptolemy.util.test.junit.AutoTests" name="[317] /home/travis/build/icyphy/ptII/ptolemy/actor/lib/test/auto/RecordUpdater2.xml (RunModel)" time="0.009" />
  <testcase classname="ptolemy.util.test.junit.AutoTests" name="[318] /home/travis/build/icyphy/ptII/ptolemy/actor/lib/test/auto/RecursiveLattice.xml (RunModel)" time="0.01" />
  <testcase classname="ptolemy.util.test.junit.AutoTests" name="[319] /home/travis/build/icyphy/ptII/ptolemy/actor/lib/test/auto/Router.xml (RunModel)" time="3.027" />
  <testcase classname="ptolemy.util.test.junit.AutoTests" name="[320] /home/travis/build/icyphy/ptII/ptolemy/actor/lib/test/auto/Router2.xml (RunModel)" time="3.04" />
  <testcase classname="ptolemy.util.test.junit.AutoTests" name="[321] /home/travis/build/icyphy/ptII/ptolemy/actor/lib/test/auto/RunningMaximum.xml (RunModel)" time="0.018" />
  <testcase classname="ptolemy.util.test.junit.AutoTests" name="[322] /home/travis/build/icyphy/ptII/ptolemy/actor/lib/test/auto/RunningMinimum.xml (RunModel)" time="0.021" />
  <testcase classname="ptolemy.util.test.junit.AutoTests" name="[323] /home/travis/build/icyphy/ptII/ptolemy/actor/lib/test/auto/Scale.xml (RunModel)" time="0.009" />
  <testcase classname="ptolemy.util.test.junit.AutoTests" name="[324] /home/travis/build/icyphy/ptII/ptolemy/actor/lib/test/auto/Scale2.xml (RunModel)" time="0.014" />
  <testcase classname="ptolemy.util.test.junit.AutoTests" name="[325] /home/travis/build/icyphy/ptII/ptolemy/actor/lib/test/auto/Scale3.xml (RunModel)" time="0.025" />
  <testcase classname="ptolemy.util.test.junit.AutoTests" name="[326] /home/travis/build/icyphy/ptII/ptolemy/actor/lib/test/auto/ScaleArray.xml (RunModel)" time="0.008" />
  <testcase classname="ptolemy.util.test.junit.AutoTests" name="[327] /home/travis/build/icyphy/ptII/ptolemy/actor/lib/test/auto/ScaleArray2.xml (RunModel)" time="0.01" />
  <testcase classname="ptolemy.util.test.junit.AutoTests" name="[328] /home/travis/build/icyphy/ptII/ptolemy/actor/lib/test/auto/ScaleMatrix.xml (RunModel)" time="0.189" />
  <testcase classname="ptolemy.util.test.junit.AutoTests" name="[329] /home/travis/build/icyphy/ptII/ptolemy/actor/lib/test/auto/Select.xml (RunModel)" time="0.013" />
  <testcase classname="ptolemy.util.test.junit.AutoTests" name="[330] /home/travis/build/icyphy/ptII/ptolemy/actor/lib/test/auto/Select2.xml (RunModel)" time="0.008" />
  <testcase classname="ptolemy.util.test.junit.AutoTests" name="[331] /home/travis/build/icyphy/ptII/ptolemy/actor/lib/test/auto/SequenceToArray2.xml (RunModel)" time="0.124" />
  <testcase classname="ptolemy.util.test.junit.AutoTests" name="[332] /home/travis/build/icyphy/ptII/ptolemy/actor/lib/test/auto/SequentialClock.xml (RunModel)" time="0.007" />
  <testcase classname="ptolemy.util.test.junit.AutoTests" name="[333] /home/travis/build/icyphy/ptII/ptolemy/actor/lib/test/auto/SetVariable.xml (RunModel)" time="0.011" />
  <testcase classname="ptolemy.util.test.junit.AutoTests" name="[334] /home/travis/build/icyphy/ptII/ptolemy/actor/lib/test/auto/SetVariable2.xml (RunModel)" time="0.01" />
  <testcase classname="ptolemy.util.test.junit.AutoTests" name="[335] /home/travis/build/icyphy/ptII/ptolemy/actor/lib/test/auto/SetVariable3.xml (RunModel)" time="0.015" />
  <testcase classname="ptolemy.util.test.junit.AutoTests" name="[336] /home/travis/build/icyphy/ptII/ptolemy/actor/lib/test/auto/SetVariable4.xml (RunModel)" time="0.028" />
  <testcase classname="ptolemy.util.test.junit.AutoTests" name="[337] /home/travis/build/icyphy/ptII/ptolemy/actor/lib/test/auto/SetVariable5.xml (RunModel)" time="0.038" />
  <testcase classname="ptolemy.util.test.junit.AutoTests" name="[338] /home/travis/build/icyphy/ptII/ptolemy/actor/lib/test/auto/Sinewave.xml (RunModel)" time="0.025" />
  <testcase classname="ptolemy.util.test.junit.AutoTests" name="[339] /home/travis/build/icyphy/ptII/ptolemy/actor/lib/test/auto/Sinewave2.xml (RunModel)" time="0.016" />
  <testcase classname="ptolemy.util.test.junit.AutoTests" name="[340] /home/travis/build/icyphy/ptII/ptolemy/actor/lib/test/auto/Sinewave3.xml (RunModel)" time="0.021" />
  <testcase classname="ptolemy.util.test.junit.AutoTests" name="[341] /home/travis/build/icyphy/ptII/ptolemy/actor/lib/test/auto/SingleEvent.xml (RunModel)" time="0.008" />
  <testcase classname="ptolemy.util.test.junit.AutoTests" name="[342] /home/travis/build/icyphy/ptII/ptolemy/actor/lib/test/auto/Sleep.xml (RunModel)" time="6.019" />
  <testcase classname="ptolemy.util.test.junit.AutoTests" name="[343] /home/travis/build/icyphy/ptII/ptolemy/actor/lib/test/auto/SleepMultipleFire.xml (RunModel)" time="1.02" />
  <testcase classname="ptolemy.util.test.junit.AutoTests" name="[344] /home/travis/build/icyphy/ptII/ptolemy/actor/lib/test/auto/StopDE.xml (RunModel)" time="0.018" />
  <testcase classname="ptolemy.util.test.junit.AutoTests" name="[345] /home/travis/build/icyphy/ptII/ptolemy/actor/lib/test/auto/StopSDF.xml (RunModel)" time="0.014" />
  <testcase classname="ptolemy.util.test.junit.AutoTests" name="[346] /home/travis/build/icyphy/ptII/ptolemy/actor/lib/test/auto/StringConstant.xml (RunModel)" time="0.017" />
  <testcase classname="ptolemy.util.test.junit.AutoTests" name="[347] /home/travis/build/icyphy/ptII/ptolemy/actor/lib/test/auto/SubscriberPortInitialValues1.xml (RunModel)" time="0.021" />
  <testcase classname="ptolemy.util.test.junit.AutoTests" name="[348] /home/travis/build/icyphy/ptII/ptolemy/actor/lib/test/auto/SubscriberPortInitialValues13.xml (RunModel)" time="0.029" />
  <testcase classname="ptolemy.util.test.junit.AutoTests" name="[349] /home/travis/build/icyphy/ptII/ptolemy/actor/lib/test/auto/SubscriberPortInitialValues14.xml (RunModel)" time="0.016" />
  <testcase classname="ptolemy.util.test.junit.AutoTests" name="[350] /home/travis/build/icyphy/ptII/ptolemy/actor/lib/test/auto/SubscriberPortInitialValues2.xml (RunModel)" time="0.016" />
  <testcase classname="ptolemy.util.test.junit.AutoTests" name="[351] /home/travis/build/icyphy/ptII/ptolemy/actor/lib/test/auto/SubscriberPortInitialValues3.xml (RunModel)" time="0.019" />
  <testcase classname="ptolemy.util.test.junit.AutoTests" name="[352] /home/travis/build/icyphy/ptII/ptolemy/actor/lib/test/auto/SubscriptionAggregator.xml (RunModel)" time="0.011" />
  <testcase classname="ptolemy.util.test.junit.AutoTests" name="[353] /home/travis/build/icyphy/ptII/ptolemy/actor/lib/test/auto/SubscriptionAggregator2.xml (RunModel)" time="0.012" />
  <testcase classname="ptolemy.util.test.junit.AutoTests" name="[354] /home/travis/build/icyphy/ptII/ptolemy/actor/lib/test/auto/SubscriptionAggregator3.xml (RunModel)" time="0.017" />
  <testcase classname="ptolemy.util.test.junit.AutoTests" name="[355] /home/travis/build/icyphy/ptII/ptolemy/actor/lib/test/auto/SubscriptionAggregatorMultiply.xml (RunModel)" time="0.022" />
  <testcase classname="ptolemy.util.test.junit.AutoTests" name="[356] /home/travis/build/icyphy/ptII/ptolemy/actor/lib/test/auto/SubscriptionAggregatorPortMultiply1.xml (RunModel)" time="0.019" />
  <testcase classname="ptolemy.util.test.junit.AutoTests" name="[357] /home/travis/build/icyphy/ptII/ptolemy/actor/lib/test/auto/Switch.xml (RunModel)" time="0.017" />
  <testcase classname="ptolemy.util.test.junit.AutoTests" name="[358] /home/travis/build/icyphy/ptII/ptolemy/actor/lib/test/auto/Switch2.xml (RunModel)" time="0.011" />
  <testcase classname="ptolemy.util.test.junit.AutoTests" name="[359] /home/travis/build/icyphy/ptII/ptolemy/actor/lib/test/auto/SwitchDE.xml (RunModel)" time="0.017" />
  <testcase classname="ptolemy.util.test.junit.AutoTests" name="[360] /home/travis/build/icyphy/ptII/ptolemy/actor/lib/test/auto/SynchronizerDE.xml (RunModel)" time="0.023" />
  <testcase classname="ptolemy.util.test.junit.AutoTests" name="[361] /home/travis/build/icyphy/ptII/ptolemy/actor/lib/test/auto/Test.xml (RunModel)" time="0.021" />
  <testcase classname="ptolemy.util.test.junit.AutoTests" name="[362] /home/travis/build/icyphy/ptII/ptolemy/actor/lib/test/auto/TestExceptionAttribute1.xml (RunModel)" time="0.008" />
  <testcase classname="ptolemy.util.test.junit.AutoTests" name="[363] /home/travis/build/icyphy/ptII/ptolemy/actor/lib/test/auto/TestExceptionAttribute2.xml (RunModel)" time="0.013" />
  <testcase classname="ptolemy.util.test.junit.AutoTests" name="[364] /home/travis/build/icyphy/ptII/ptolemy/actor/lib/test/auto/TestExceptionAttribute3.xml (RunModel)" time="0.023" />
  <testcase classname="ptolemy.util.test.junit.AutoTests" name="[365] /home/travis/build/icyphy/ptII/ptolemy/actor/lib/test/auto/TestExceptionAttribute4.xml (RunModel)" time="0.009" />
  <testcase classname="ptolemy.util.test.junit.AutoTests" name="[366] /home/travis/build/icyphy/ptII/ptolemy/actor/lib/test/auto/TestExceptionHandler1.xml (RunModel)" time="0.007" />
  <testcase classname="ptolemy.util.test.junit.AutoTests" name="[367] /home/travis/build/icyphy/ptII/ptolemy/actor/lib/test/auto/TestExceptionHandler2.xml (RunModel)" time="0.012" />
  <testcase classname="ptolemy.util.test.junit.AutoTests" name="[368] /home/travis/build/icyphy/ptII/ptolemy/actor/lib/test/auto/TestExceptionHandler3.xml (RunModel)" time="0.006" />
  <testcase classname="ptolemy.util.test.junit.AutoTests" name="[369] /home/travis/build/icyphy/ptII/ptolemy/actor/lib/test/auto/TestExceptionHandler4.xml (RunModel)" time="0.006" />
  <testcase classname="ptolemy.util.test.junit.AutoTests" name="[370] /home/travis/build/icyphy/ptII/ptolemy/actor/lib/test/auto/TestRequireCorrectOrder.xml (RunModel)" time="0.01" />
  <testcase classname="ptolemy.util.test.junit.AutoTests" name="[371] /home/travis/build/icyphy/ptII/ptolemy/actor/lib/test/auto/TestSimple.xml (RunModel)" time="0.007" />
  <testcase classname="ptolemy.util.test.junit.AutoTests" name="[372] /home/travis/build/icyphy/ptII/ptolemy/actor/lib/test/auto/ThrowModelError.xml (RunModel)" time="0.01" />
  <testcase classname="ptolemy.util.test.junit.AutoTests" name="[373] /home/travis/build/icyphy/ptII/ptolemy/actor/lib/test/auto/TimeDelayMicrosteps.xml (RunModel)" time="0.013" />
  <testcase classname="ptolemy.util.test.junit.AutoTests" name="[374] /home/travis/build/icyphy/ptII/ptolemy/actor/lib/test/auto/TimeDelayMicrosteps2.xml (RunModel)" time="0.014" />
  <testcase classname="ptolemy.util.test.junit.AutoTests" name="[375] /home/travis/build/icyphy/ptII/ptolemy/actor/lib/test/auto/TimeDelayMicrosteps3.xml (RunModel)" time="0.013" />
  <testcase classname="ptolemy.util.test.junit.AutoTests" name="[376] /home/travis/build/icyphy/ptII/ptolemy/actor/lib/test/auto/TimeDelayVariableMicrosteps.xml (RunModel)" time="0.012" />
  <testcase classname="ptolemy.util.test.junit.AutoTests" name="[377] /home/travis/build/icyphy/ptII/ptolemy/actor/lib/test/auto/TimeGap.xml (RunModel)" time="0.017" />
  <testcase classname="ptolemy.util.test.junit.AutoTests" name="[378] /home/travis/build/icyphy/ptII/ptolemy/actor/lib/test/auto/TimeGap2.xml (RunModel)" time="0.011" />
  <testcase classname="ptolemy.util.test.junit.AutoTests" name="[379] /home/travis/build/icyphy/ptII/ptolemy/actor/lib/test/auto/TimedSinewave.xml (RunModel)" time="0.057" />
  <testcase classname="ptolemy.util.test.junit.AutoTests" name="[380] /home/travis/build/icyphy/ptII/ptolemy/actor/lib/test/auto/TimedSinewavePhase.xml (RunModel)" time="0.042" />
  <testcase classname="ptolemy.util.test.junit.AutoTests" name="[381] /home/travis/build/icyphy/ptII/ptolemy/actor/lib/test/auto/Timer.xml (RunModel)" time="0.016" />
  <testcase classname="ptolemy.util.test.junit.AutoTests" name="[382] /home/travis/build/icyphy/ptII/ptolemy/actor/lib/test/auto/TriangularDistTestModel.xml (RunModel)" time="0.02" />
  <testcase classname="ptolemy.util.test.junit.AutoTests" name="[383] /home/travis/build/icyphy/ptII/ptolemy/actor/lib/test/auto/TrigFunction.xml (RunModel)" time="0.009" />
  <testcase classname="ptolemy.util.test.junit.AutoTests" name="[384] /home/travis/build/icyphy/ptII/ptolemy/actor/lib/test/auto/TrigFunctionDE.xml (RunModel)" time="0.01" />
  <testcase classname="ptolemy.util.test.junit.AutoTests" name="[385] /home/travis/build/icyphy/ptII/ptolemy/actor/lib/test/auto/TrigFunctionInverse.xml (RunModel)" time="0.008" />
  <testcase classname="ptolemy.util.test.junit.AutoTests" name="[386] /home/travis/build/icyphy/ptII/ptolemy/actor/lib/test/auto/TrigFunctionTan.xml (RunModel)" time="0.006" />
  <testcase classname="ptolemy.util.test.junit.AutoTests" name="[387] /home/travis/build/icyphy/ptII/ptolemy/actor/lib/test/auto/TriggeredClock.xml (RunModel)" time="0.008" />
  <testcase classname="ptolemy.util.test.junit.AutoTests" name="[388] /home/travis/build/icyphy/ptII/ptolemy/actor/lib/test/auto/URLDirectoryReader.xml (RunModel)" time="0.125" />
  <testcase classname="ptolemy.util.test.junit.AutoTests" name="[389] /home/travis/build/icyphy/ptII/ptolemy/actor/lib/test/auto/URLDirectoryReader3.xml (RunModel)" time="1.326" />
  <testcase classname="ptolemy.util.test.junit.AutoTests" name="[390] /home/travis/build/icyphy/ptII/ptolemy/actor/lib/test/auto/UnaryMathFunction.xml (RunModel)" time="0.037" />
  <testcase classname="ptolemy.util.test.junit.AutoTests" name="[391] /home/travis/build/icyphy/ptII/ptolemy/actor/lib/test/auto/Uniform.xml (RunModel)" time="0.019" />
  <testcase classname="ptolemy.util.test.junit.AutoTests" name="[392] /home/travis/build/icyphy/ptII/ptolemy/actor/lib/test/auto/UnionDisassemblerTest.xml (RunModel)" time="0.01" />
  <testcase classname="ptolemy.util.test.junit.AutoTests" name="[393] /home/travis/build/icyphy/ptII/ptolemy/actor/lib/test/auto/UtilityFunctions.xml (RunModel)" time="0.01" />
  <testcase classname="ptolemy.util.test.junit.AutoTests" name="[394] /home/travis/build/icyphy/ptII/ptolemy/actor/lib/test/auto/VariableSleep.xml (RunModel)" time="0.512" />
  <testcase classname="ptolemy.util.test.junit.AutoTests" name="[395] /home/travis/build/icyphy/ptII/ptolemy/actor/lib/test/auto/VectorAssemblerDisassemblerCT.xml (RunModel)" time="0.121" />
  <testcase classname="ptolemy.util.test.junit.AutoTests" name="[396] /home/travis/build/icyphy/ptII/ptolemy/actor/lib/test/auto/VectorAssemblerDisassemblerDE.xml (RunModel)" time="0.022" />
  <testcase classname="ptolemy.util.test.junit.AutoTests" name="[397] /home/travis/build/icyphy/ptII/ptolemy/actor/lib/test/auto/VectorAssemblerDisassemblerSDF.xml (RunModel)" time="0.012" />
  <testcase classname="ptolemy.util.test.junit.AutoTests" name="[398] /home/travis/build/icyphy/ptII/ptolemy/actor/lib/test/auto/WallClockTime.xml (RunModel)" time="1.012" />
  <testcase classname="ptolemy.util.test.junit.AutoTests" name="[399] /home/travis/build/icyphy/ptII/ptolemy/actor/lib/test/auto/WidthTestWithSubscriberPublisher.xml (RunModel)" time="0.04" />
  <testcase classname="ptolemy.util.test.junit.AutoTests" name="[400] /home/travis/build/icyphy/ptII/ptolemy/actor/lib/test/auto/WidthTestWithSubscriberPublisher2.xml (RunModel)" time="0.014" />
  <testcase classname="ptolemy.util.test.junit.AutoTests" name="[401] /home/travis/build/icyphy/ptII/ptolemy/actor/lib/test/auto/WidthTestWithSubscriberPublisher3.xml (RunModel)" time="0.016" />
  <testcase classname="ptolemy.util.test.junit.AutoTests" name="[402] /home/travis/build/icyphy/ptII/ptolemy/actor/lib/test/auto/Writer.xml (RunModel)" time="0.008" />
  <testcase classname="ptolemy.util.test.junit.AutoTests" name="[403] /home/travis/build/icyphy/ptII/ptolemy/actor/lib/test/auto/array.xml (RunModel)" time="0.009" />
  <testcase classname="ptolemy.util.test.junit.AutoTests" name="[404] /home/travis/build/icyphy/ptII/ptolemy/actor/lib/test/auto/array2.xml (RunModel)" time="0.027" />
  <testcase classname="ptolemy.util.test.junit.AutoTests" name="[405] /home/travis/build/icyphy/ptII/ptolemy/actor/lib/test/auto/arrayType.xml (RunModel)" time="0.011" />
  <testcase classname="ptolemy.util.test.junit.AutoTests" name="[406] /home/travis/build/icyphy/ptII/ptolemy/actor/lib/test/auto/arrayType10.xml (RunModel)" time="0.009" />
  <testcase classname="ptolemy.util.test.junit.AutoTests" name="[407] /home/travis/build/icyphy/ptII/ptolemy/actor/lib/test/auto/arrayType11.xml (RunModel)" time="0.009" />
  <testcase classname="ptolemy.util.test.junit.AutoTests" name="[408] /home/travis/build/icyphy/ptII/ptolemy/actor/lib/test/auto/arrayType12.xml (RunModel)" time="0.009" />
  <testcase classname="ptolemy.util.test.junit.AutoTests" name="[409] /home/travis/build/icyphy/ptII/ptolemy/actor/lib/test/auto/arrayType13.xml (RunModel)" time="0.008" />
  <testcase classname="ptolemy.util.test.junit.AutoTests" name="[410] /home/travis/build/icyphy/ptII/ptolemy/actor/lib/test/auto/arrayType14.xml (RunModel)" time="0.009" />
  <testcase classname="ptolemy.util.test.junit.AutoTests" name="[411] /home/travis/build/icyphy/ptII/ptolemy/actor/lib/test/auto/arrayType15.xml (RunModel)" time="0.009" />
  <testcase classname="ptolemy.util.test.junit.AutoTests" name="[412] /home/travis/build/icyphy/ptII/ptolemy/actor/lib/test/auto/arrayType16.xml (RunModel)" time="0.009" />
  <testcase classname="ptolemy.util.test.junit.AutoTests" name="[413] /home/travis/build/icyphy/ptII/ptolemy/actor/lib/test/auto/arrayType17.xml (RunModel)" time="0.009" />
  <testcase classname="ptolemy.util.test.junit.AutoTests" name="[414] /home/travis/build/icyphy/ptII/ptolemy/actor/lib/test/auto/arrayType18.xml (RunModel)" time="0.008" />
  <testcase classname="ptolemy.util.test.junit.AutoTests" name="[415] /home/travis/build/icyphy/ptII/ptolemy/actor/lib/test/auto/arrayType19.xml (RunModel)" time="0.009" />
  <testcase classname="ptolemy.util.test.junit.AutoTests" name="[416] /home/travis/build/icyphy/ptII/ptolemy/actor/lib/test/auto/arrayType2.xml (RunModel)" time="0.01" />
  <testcase classname="ptolemy.util.test.junit.AutoTests" name="[417] /home/travis/build/icyphy/ptII/ptolemy/actor/lib/test/auto/arrayType20.xml (RunModel)" time="0.009" />
  <testcase classname="ptolemy.util.test.junit.AutoTests" name="[418] /home/travis/build/icyphy/ptII/ptolemy/actor/lib/test/auto/arrayType21.xml (RunModel)" time="0.008" />
  <testcase classname="ptolemy.util.test.junit.AutoTests" name="[419] /home/travis/build/icyphy/ptII/ptolemy/actor/lib/test/auto/arrayType22.xml (RunModel)" time="0.009" />
  <testcase classname="ptolemy.util.test.junit.AutoTests" name="[420] /home/travis/build/icyphy/ptII/ptolemy/actor/lib/test/auto/arrayType23.xml (RunModel)" time="0.008" />
  <testcase classname="ptolemy.util.test.junit.AutoTests" name="[421] /home/travis/build/icyphy/ptII/ptolemy/actor/lib/test/auto/arrayType24.xml (RunModel)" time="0.008" />
  <testcase classname="ptolemy.util.test.junit.AutoTests" name="[422] /home/travis/build/icyphy/ptII/ptolemy/actor/lib/test/auto/arrayType25.xml (RunModel)" time="0.008" />
  <testcase classname="ptolemy.util.test.junit.AutoTests" name="[423] /home/travis/build/icyphy/ptII/ptolemy/actor/lib/test/auto/arrayType26.xml (RunModel)" time="0.009" />
  <testcase classname="ptolemy.util.test.junit.AutoTests" name="[424] /home/travis/build/icyphy/ptII/ptolemy/actor/lib/test/auto/arrayType27.xml (RunModel)" time="0.008" />
  <testcase classname="ptolemy.util.test.junit.AutoTests" name="[425] /home/travis/build/icyphy/ptII/ptolemy/actor/lib/test/auto/arrayType28.xml (RunModel)" time="0.011" />
  <testcase classname="ptolemy.util.test.junit.AutoTests" name="[426] /home/travis/build/icyphy/ptII/ptolemy/actor/lib/test/auto/arrayType3.xml (RunModel)" time="0.009" />
  <testcase classname="ptolemy.util.test.junit.AutoTests" name="[427] /home/travis/build/icyphy/ptII/ptolemy/actor/lib/test/auto/arrayType4.xml (RunModel)" time="0.02" />
  <testcase classname="ptolemy.util.test.junit.AutoTests" name="[428] /home/travis/build/icyphy/ptII/ptolemy/actor/lib/test/auto/arrayType5.xml (RunModel)" time="0.009" />
  <testcase classname="ptolemy.util.test.junit.AutoTests" name="[429] /home/travis/build/icyphy/ptII/ptolemy/actor/lib/test/auto/arrayType6.xml (RunModel)" time="0.013" />
  <testcase classname="ptolemy.util.test.junit.AutoTests" name="[430] /home/travis/build/icyphy/ptII/ptolemy/actor/lib/test/auto/arrayType7.xml (RunModel)" time="0.013" />
  <testcase classname="ptolemy.util.test.junit.AutoTests" name="[431] /home/travis/build/icyphy/ptII/ptolemy/actor/lib/test/auto/arrayType8.xml (RunModel)" time="0.01" />
  <testcase classname="ptolemy.util.test.junit.AutoTests" name="[432] /home/travis/build/icyphy/ptII/ptolemy/actor/lib/test/auto/arrayType9.xml (RunModel)" time="0.008" />
  <testcase classname="ptolemy.util.test.junit.AutoTests" name="[433] /home/travis/build/icyphy/ptII/ptolemy/actor/lib/test/auto/cast.xml (RunModel)" time="0.008" />
  <testcase classname="ptolemy.util.test.junit.AutoTests" name="[434] /home/travis/build/icyphy/ptII/ptolemy/actor/lib/test/auto/compositeMultiPort.xml (RunModel)" time="0.064" />
  <testcase classname="ptolemy.util.test.junit.AutoTests" name="[435] /home/travis/build/icyphy/ptII/ptolemy/actor/lib/test/auto/expressionCastInference.xml (RunModel)" time="0.038" />
  <testcase classname="ptolemy.util.test.junit.AutoTests" name="[436] /home/travis/build/icyphy/ptII/ptolemy/actor/lib/test/auto/expressionCastInference2.xml (RunModel)" time="0.034" />
  <testcase classname="ptolemy.util.test.junit.AutoTests" name="[437] /home/travis/build/icyphy/ptII/ptolemy/actor/lib/test/auto/expressionInference.xml (RunModel)" time="0.026" />
  <testcase classname="ptolemy.util.test.junit.AutoTests" name="[438] /home/travis/build/icyphy/ptII/ptolemy/actor/lib/test/auto/expression_bug.xml (RunModel)" time="0.058" />
  <testcase classname="ptolemy.util.test.junit.AutoTests" name="[439] /home/travis/build/icyphy/ptII/ptolemy/actor/lib/test/auto/factorial.xml (RunModel)" time="0.086" />
  <testcase classname="ptolemy.util.test.junit.AutoTests" name="[440] /home/travis/build/icyphy/ptII/ptolemy/actor/lib/test/auto/filterTest1.xml (RunModel)" time="0.045" />
  <testcase classname="ptolemy.util.test.junit.AutoTests" name="[441] /home/travis/build/icyphy/ptII/ptolemy/actor/lib/test/auto/funcApplyInConst.xml (RunModel)" time="0.006" />
  <testcase classname="ptolemy.util.test.junit.AutoTests" name="[442] /home/travis/build/icyphy/ptII/ptolemy/actor/lib/test/auto/funcApplyInExpr.xml (RunModel)" time="0.006" />
  <testcase classname="ptolemy.util.test.junit.AutoTests" name="[443] /home/travis/build/icyphy/ptII/ptolemy/actor/lib/test/auto/function.xml (RunModel)" time="0.014" />
  <testcase classname="ptolemy.util.test.junit.AutoTests" name="[444] /home/travis/build/icyphy/ptII/ptolemy/actor/lib/test/auto/function2.xml (RunModel)" time="0.009" />
  <testcase classname="ptolemy.util.test.junit.AutoTests" name="[445] /home/travis/build/icyphy/ptII/ptolemy/actor/lib/test/auto/function3.xml (RunModel)" time="0.007" />
  <testcase classname="ptolemy.util.test.junit.AutoTests" name="[446] /home/travis/build/icyphy/ptII/ptolemy/actor/lib/test/auto/functionClosureTest1.xml (RunModel)" time="0.01" />
  <testcase classname="ptolemy.util.test.junit.AutoTests" name="[447] /home/travis/build/icyphy/ptII/ptolemy/actor/lib/test/auto/functionClosureTest2.xml (RunModel)" time="0.007" />
  <testcase classname="ptolemy.util.test.junit.AutoTests" name="[448] /home/travis/build/icyphy/ptII/ptolemy/actor/lib/test/auto/functionClosureTest3.xml (RunModel)" time="0.009" />
  <testcase classname="ptolemy.util.test.junit.AutoTests" name="[449] /home/travis/build/icyphy/ptII/ptolemy/actor/lib/test/auto/functionClosureTest4.xml (RunModel)" time="0.017" />
  <testcase classname="ptolemy.util.test.junit.AutoTests" name="[450] /home/travis/build/icyphy/ptII/ptolemy/actor/lib/test/auto/functionClosureTest5.xml (RunModel)" time="0.013" />
  <testcase classname="ptolemy.util.test.junit.AutoTests" name="[451] /home/travis/build/icyphy/ptII/ptolemy/actor/lib/test/auto/functionClosureTest6.xml (RunModel)" time="0.008" />
  <testcase classname="ptolemy.util.test.junit.AutoTests" name="[452] /home/travis/build/icyphy/ptII/ptolemy/actor/lib/test/auto/functionsOnArcs.xml (RunModel)" time="0.015" />
  <testcase classname="ptolemy.util.test.junit.AutoTests" name="[453] /home/travis/build/icyphy/ptII/ptolemy/actor/lib/test/auto/functionsOnArcsHOF.xml (RunModel)" time="0.014" />
  <testcase classname="ptolemy.util.test.junit.AutoTests" name="[454] /home/travis/build/icyphy/ptII/ptolemy/actor/lib/test/auto/logic.xml (RunModel)" time="0.018" />
  <testcase classname="ptolemy.util.test.junit.AutoTests" name="[455] /home/travis/build/icyphy/ptII/ptolemy/actor/lib/test/auto/matrixType.xml (RunModel)" time="0.009" />
  <testcase classname="ptolemy.util.test.junit.AutoTests" name="[456] /home/travis/build/icyphy/ptII/ptolemy/actor/lib/test/auto/matrixType10.xml (RunModel)" time="0.009" />
  <testcase classname="ptolemy.util.test.junit.AutoTests" name="[457] /home/travis/build/icyphy/ptII/ptolemy/actor/lib/test/auto/matrixType11.xml (RunModel)" time="0.008" />
  <testcase classname="ptolemy.util.test.junit.AutoTests" name="[458] /home/travis/build/icyphy/ptII/ptolemy/actor/lib/test/auto/matrixType12.xml (RunModel)" time="0.011" />
  <testcase classname="ptolemy.util.test.junit.AutoTests" name="[459] /home/travis/build/icyphy/ptII/ptolemy/actor/lib/test/auto/matrixType13.xml (RunModel)" time="0.009" />
  <testcase classname="ptolemy.util.test.junit.AutoTests" name="[460] /home/travis/build/icyphy/ptII/ptolemy/actor/lib/test/auto/matrixType14.xml (RunModel)" time="0.01" />
  <testcase classname="ptolemy.util.test.junit.AutoTests" name="[461] /home/travis/build/icyphy/ptII/ptolemy/actor/lib/test/auto/matrixType2.xml (RunModel)" time="0.009" />
  <testcase classname="ptolemy.util.test.junit.AutoTests" name="[462] /home/travis/build/icyphy/ptII/ptolemy/actor/lib/test/auto/matrixType3.xml (RunModel)" time="0.011" />
  <testcase classname="ptolemy.util.test.junit.AutoTests" name="[463] /home/travis/build/icyphy/ptII/ptolemy/actor/lib/test/auto/matrixType4.xml (RunModel)" time="0.009" />
  <testcase classname="ptolemy.util.test.junit.AutoTests" name="[464] /home/travis/build/icyphy/ptII/ptolemy/actor/lib/test/auto/matrixType5.xml (RunModel)" time="0.008" />
  <testcase classname="ptolemy.util.test.junit.AutoTests" name="[465] /home/travis/build/icyphy/ptII/ptolemy/actor/lib/test/auto/matrixType6.xml (RunModel)" time="0.009" />
  <testcase classname="ptolemy.util.test.junit.AutoTests" name="[466] /home/travis/build/icyphy/ptII/ptolemy/actor/lib/test/auto/matrixType7.xml (RunModel)" time="0.009" />
  <testcase classname="ptolemy.util.test.junit.AutoTests" name="[467] /home/travis/build/icyphy/ptII/ptolemy/actor/lib/test/auto/matrixType8.xml (RunModel)" time="0.008" />
  <testcase classname="ptolemy.util.test.junit.AutoTests" name="[468] /home/travis/build/icyphy/ptII/ptolemy/actor/lib/test/auto/matrixType9.xml (RunModel)" time="0.008" />
  <testcase classname="ptolemy.util.test.junit.AutoTests" name="[469] /home/travis/build/icyphy/ptII/ptolemy/actor/lib/test/auto/paraFunctest.xml (RunModel)" time="0.007" />
  <testcase classname="ptolemy.util.test.junit.AutoTests" name="[470] /home/travis/build/icyphy/ptII/ptolemy/actor/lib/test/auto/paraFunctest2.xml (RunModel)" time="0.015" />
  <testcase classname="ptolemy.util.test.junit.AutoTests" name="[471] /home/travis/build/icyphy/ptII/ptolemy/actor/lib/test/auto/parameterPassing.xml (RunModel)" time="0.009" />
  <testcase classname="ptolemy.util.test.junit.AutoTests" name="[472] /home/travis/build/icyphy/ptII/ptolemy/actor/lib/test/auto/record.xml (RunModel)" time="0.009" />
  <testcase classname="ptolemy.util.test.junit.AutoTests" name="[473] /home/travis/build/icyphy/ptII/ptolemy/actor/lib/test/auto/sizedarray1.xml (RunModel)" time="0.009" />
  <testcase classname="ptolemy.util.test.junit.AutoTests" name="[474] /home/travis/build/icyphy/ptII/ptolemy/actor/lib/test/auto/sizedarray2.xml (RunModel)" time="0.01" />
  <testcase classname="ptolemy.util.test.junit.AutoTests" name="[475] /home/travis/build/icyphy/ptII/ptolemy/actor/lib/test/auto/twoPublishers.xml (RunModel)" time="0.026" />
  <system-out><![CDATA[/home/travis/build/icyphy/ptII/ptolemy/actor/lib/test/AbsoluteValue.tcl
testDefs.tcl: setting time out to 9000 seconds at Tue Jun 25 04:44:46 UTC 2019
111 ms. Memory: 120832K Free: 100221K (83%)
11 ms. Memory: 120832K Free: 98591K (82%)
6 ms. Memory: 120832K Free: 97591K (81%)
11 ms. Memory: 120832K Free: 96850K (80%)
/home/travis/build/icyphy/ptII/ptolemy/actor/lib/test/AddSubtract.tcl
19 ms. Memory: 120832K Free: 107827K (89%)
13 ms. Memory: 120832K Free: 106803K (88%)
14 ms. Memory: 120832K Free: 106365K (88%)
8 ms. Memory: 120832K Free: 105325K (87%)
41 ms. Memory: 120832K Free: 102299K (85%)
5 ms. Memory: 120832K Free: 101697K (84%)
/home/travis/build/icyphy/ptII/ptolemy/actor/lib/test/Average.tcl
16 ms. Memory: 120832K Free: 100213K (83%)
9 ms. Memory: 120832K Free: 98595K (82%)
/home/travis/build/icyphy/ptII/ptolemy/actor/lib/test/Bernoulli.tcl
13 ms. Memory: 120832K Free: 97149K (80%)
6 ms. Memory: 120832K Free: 97000K (80%)
/home/travis/build/icyphy/ptII/ptolemy/actor/lib/test/Clock.tcl
preinitializing
resolving types
initializing
executing number 1
wrapping up
idle
45 ms. Memory: 120832K Free: 94107K (78%)
Completed execution with 5 iterations
preinitializing
resolving types
initializing
executing number 1
wrapping up
idle
5 ms. Memory: 120832K Free: 93504K (77%)
Completed execution with 5 iterations
preinitializing
resolving types
initializing
executing number 1
wrapping up
idle
11 ms. Memory: 120832K Free: 92904K (77%)
Completed execution with 5 iterations
/home/travis/build/icyphy/ptII/ptolemy/actor/lib/test/Commutator.tcl
11 ms. Memory: 120832K Free: 90989K (75%)
20 ms. Memory: 120832K Free: 89832K (74%)


==== $PTII/ptolemy/actor/lib/test/Commutator.tcl: Commutator-4.1 run with mutations
==== Contents of test case:

    # Grab stdout and put it into results
    jdkCapture {
	$m addChangeListener  [java::new ptolemy.kernel.util.StreamChangeListener]

	set dir [$e0 getDirector]
	#	$dir addDebugListener  #		[java::new ptolemy.kernel.util.StreamListener]
	$m initialize
	$m iterate
	set c1 [java::new ptolemy.moml.MoMLChangeRequest $e0 $e0  {<deleteEntity name="ramp1"/>}]
	set c2 [java::new ptolemy.moml.MoMLChangeRequest $e0 $e0  {<deleteRelation name="r1"/>}]
	$e0 requestChange $c1
	$e0 requestChange $c2
	$m iterate
	$m wrapup
    } results
    # The MoML within <group> ...</group> comes 
    # from SDFScheduler._setBufferSize
    list $results  [enumToTokenValues [$rec getRecord 0]]

==== Result was:
{} {0 0 1}
---- Result should have been:
{StreamChangeRequest.changeExecuted(): <deleteEntity name="ramp1"/> succeeded
StreamChangeRequest.changeExecuted(): <deleteRelation name="r1"/> succeeded
StreamChangeRequest.changeExecuted(): Record firings per iteration succeeded
} {0 0 1}
---- Commutator-4.1 FAILED
11 ms. Memory: 154624K Free: 138093K (89%)
/home/travis/build/icyphy/ptII/ptolemy/actor/lib/test/Const.tcl
5 ms. Memory: 154624K Free: 136045K (88%)
2 ms. Memory: 154624K Free: 135517K (88%)
3 ms. Memory: 154624K Free: 135021K (87%)
3 ms. Memory: 154624K Free: 134477K (87%)
3 ms. Memory: 154624K Free: 133997K (87%)
36 ms. Memory: 154624K Free: 132459K (86%)
13 ms. Memory: 154624K Free: 131421K (85%)
4 ms. Memory: 154624K Free: 130397K (84%)
/home/travis/build/icyphy/ptII/ptolemy/actor/lib/test/CurrentTime.tcl
preinitializing
resolving types
initializing
executing number 1
wrapping up
idle
8 ms. Memory: 154624K Free: 128363K (83%)
Completed execution with 11 iterations
/home/travis/build/icyphy/ptII/ptolemy/actor/lib/test/DB.tcl
7 ms. Memory: 154624K Free: 126829K (82%)
2 ms. Memory: 154624K Free: 126285K (82%)
2 ms. Memory: 154624K Free: 125805K (81%)
/home/travis/build/icyphy/ptII/ptolemy/actor/lib/test/DiscreteRandomSource.tcl
preinitializing
resolving types
initializing
executing number 1
wrapping up
idle
4 ms. Memory: 154624K Free: 124253K (80%)
Completed execution with 4 iterations
preinitializing
resolving types
initializing
executing number 1
wrapping up
idle
2 ms. Memory: 154624K Free: 123757K (80%)
Completed execution with 4 iterations
preinitializing
resolving types
initializing
executing number 1
wrapping up
idle
3 ms. Memory: 154624K Free: 123757K (80%)
Completed execution with 4 iterations
preinitializing
resolving types
initializing
executing number 1
wrapping up
idle
3 ms. Memory: 154624K Free: 123237K (80%)
Completed execution with 4 iterations
preinitializing
resolving types
initializing
executing number 1
wrapping up
idle
3 ms. Memory: 154624K Free: 122733K (79%)
Completed execution with 4 iterations
/home/travis/build/icyphy/ptII/ptolemy/actor/lib/test/Distributor.tcl
5 ms. Memory: 154624K Free: 121189K (78%)
8 ms. Memory: 154624K Free: 120171K (78%)
StreamChangeRequest.changeExecuted(): <deleteEntity name="rec2"/> succeeded
StreamChangeRequest.changeExecuted(): <deleteRelation name="r2"/> succeeded
StreamChangeRequest.changeExecuted(): Record firings per iteration succeeded
10 ms. Memory: 154624K Free: 117613K (76%)
/home/travis/build/icyphy/ptII/ptolemy/actor/lib/test/Exit.tcl
Exit.tcl: this will print a message about Manager.exitAfterWrapup, which can be ignored.
13 ms. Memory: 154624K Free: 114866K (74%)
/home/travis/build/icyphy/ptII/ptolemy/actor/lib/test/Expression.tcl
25 ms. Memory: 154624K Free: 110955K (72%)
13 ms. Memory: 154624K Free: 110445K (71%)
3 ms. Memory: 154624K Free: 109421K (71%)
preinitializing
resolving types
initializing
executing number 1
wrapping up
idle
6 ms. Memory: 154624K Free: 108397K (70%)
Completed execution with 6 iterations
3 ms. Memory: 154624K Free: 107373K (69%)
12 ms. Memory: 154624K Free: 139953K (91%)
5 ms. Memory: 154624K Free: 138929K (90%)
4 ms. Memory: 154624K Free: 137905K (89%)
3 ms. Memory: 154624K Free: 136353K (88%)
/home/travis/build/icyphy/ptII/ptolemy/actor/lib/test/Gaussian.tcl
4 ms. Memory: 154624K Free: 134833K (87%)
sleeping 1 seconds: ...................................................................................................................................................................................................................................................................................................................................................................................................................................................................................................................................................................................................................................................................................................................................................................................................................................................................................................................................................................................................................................................................................................................................................................................................................................................................................................................................................................................................................................................................................................................................................................................................................................................................................................................................................................................................................................................................................................................................................................................................................................................................................................................................................................................................................................................................................................................................................................................................................................................................................................................................................................................................................................................................................................................................................................................................................................................................................................................................................................................................................................................................................................................................................................................................................................................................................................................................................................................................................................................................................................................................................................................................................................................................................................................................................................................................................................................................................................................................................................................................................................................................................................................................................................................................................................................................................................................................................................................................................................................................................................................................................................................................................................................................................................................................................................................................................................................................................................................................................................................................................................................................................................................................................................................................................................................................................................................................................................................................................................................................................................................................................................................................................................................................................................................................................................................................................................................................................................................................................................................................................................................................................................................................................................................................................................................................................................................................................................................................................................................................................................................................................................................................................................................................................................................................................................................................................................................................................................................................................................................................................................................................................................................................................................................................................................................................................................................................................................................................................................................................................................................................................................................................................................................................................................................................................................................................................................................................................................................................................................................................................................................................................................................................................................................................................................................................................................................................................................................................................................................................................................................................................................................................................................................................................................................................................................................................................................................................................................................................................................................................................................................................................................................................................................................................................................................................................................................................................................................................................................................................................................................................................................................................................................................................................................................................................................................................................................................................................................................................................................................................................................................4 ms. Memory: 154624K Free: 93359K (60%)
3 ms. Memory: 154624K Free: 92849K (60%)
1 ms. Memory: 154624K Free: 92329K (60%)
7 ms. Memory: 154624K Free: 91297K (59%)
9 ms. Memory: 154624K Free: 90801K (59%)
/home/travis/build/icyphy/ptII/ptolemy/actor/lib/test/IIR.tcl
/home/travis/build/icyphy/ptII/ptolemy/actor/lib/test/Interpolator.tcl
4 ms. Memory: 154624K Free: 86705K (56%)
12 ms. Memory: 154624K Free: 140144K (91%)
2 ms. Memory: 154624K Free: 139638K (90%)
1 ms. Memory: 154624K Free: 138616K (90%)
2 ms. Memory: 154624K Free: 138088K (89%)
2 ms. Memory: 154624K Free: 137064K (89%)
2 ms. Memory: 154624K Free: 136568K (88%)
3 ms. Memory: 154624K Free: 135544K (88%)
2 ms. Memory: 154624K Free: 134520K (87%)
3 ms. Memory: 154624K Free: 133496K (86%)
/home/travis/build/icyphy/ptII/ptolemy/actor/lib/test/MathFunction.tcl
13 ms. Memory: 154624K Free: 131448K (85%)
7 ms. Memory: 154624K Free: 130424K (84%)
3 ms. Memory: 154624K Free: 129400K (84%)
2 ms. Memory: 154624K Free: 128376K (83%)
8 ms. Memory: 154624K Free: 127350K (82%)
11 ms. Memory: 154624K Free: 125304K (81%)
/home/travis/build/icyphy/ptII/ptolemy/actor/lib/test/Maximum.tcl
6 ms. Memory: 154624K Free: 123256K (80%)
5 ms. Memory: 154624K Free: 122742K (79%)
9 ms. Memory: 154624K Free: 122232K (79%)
4 ms. Memory: 154624K Free: 121208K (78%)
/home/travis/build/icyphy/ptII/ptolemy/actor/lib/test/Minimum.tcl
8 ms. Memory: 154624K Free: 119656K (77%)
4 ms. Memory: 154624K Free: 119160K (77%)
4 ms. Memory: 154624K Free: 118632K (77%)
6 ms. Memory: 154624K Free: 117622K (76%)
/home/travis/build/icyphy/ptII/ptolemy/actor/lib/test/MultiplyDivide.tcl
9 ms. Memory: 154624K Free: 115560K (75%)
10 ms. Memory: 154624K Free: 115064K (74%)
2 ms. Memory: 154624K Free: 114544K (74%)
3 ms. Memory: 154624K Free: 113526K (73%)
6 ms. Memory: 154624K Free: 113016K (73%)
/home/travis/build/icyphy/ptII/ptolemy/actor/lib/test/OrderedMerge.tcl
Connections changed on port: inputA
Connections changed on port: inputB
Connections changed on port: output
Connections changed on port: output
Connections changed on port: output
Connections changed on port: input
.top. Preinitializing ...
Invoking preinitialize():  .top.OrderedMerge
Called preinitialize()
Invoking preinitialize():  .top.Ramp
Called preinitialize()
Invoking preinitialize():  .top.Ramp2
Called preinitialize()
Invoking preinitialize():  .top.Test
Called preinitialize()
Connections changed on port: inputA
Connections changed on port: output
Connections changed on port: output
Connections changed on port: input
Connections changed on port: inputB
Connections changed on port: output
.top. Finished preinitialize().
Called initialize().
Invoking initialize():  .top.OrderedMerge
Initializing actor: .top.OrderedMerge
Adding a thread: .top.OrderedMerge
Invoking initialize():  .top.Ramp
Initializing actor: .top.Ramp
Adding a thread: .top.Ramp
Invoking initialize():  .top.Ramp2
Initializing actor: .top.Ramp2
Adding a thread: .top.Ramp2
Invoking initialize():  .top.Test
Initializing actor: .top.Test
Adding a thread: .top.Test
-- Starting thread.
Called initialize()
Called prefire()
Called fire()
Called fire().
Checking for deadlock:
-- Starting thread.
Called initialize()
Called prefire()
Called fire()
-- Starting thread.
Called initialize()
Called prefire()
Called fire()
-- Starting thread.
Called initialize()
Called prefire()
Called fire()
There are 1 Blocked actors, 0 Stopped actors, and 4 active threads.
Waiting for actors to stop.
Called postfire()
Called prefire()
Called fire()
Called postfire()
Called prefire()
Called fire()
Read input token from inputA with value 0.0
Next port to read input from is inputB
Called postfire()
Called prefire()
Called fire()
Read input token from inputB with value 0.0
Sent output token with value 0.0
Next port to read input from is inputA
Called postfire()
Called prefire()
Called fire()
Checking for deadlock:
There are 1 Blocked actors, 0 Stopped actors, and 4 active threads.
Waiting for actors to stop.
-- Read input: 0.0, which is expected to match: 0.0
Called prefire()
Called fire()
Called postfire()
Called prefire()
Called fire()
Called postfire()
Called prefire()
Called fire()
Checking for deadlock:
There are 3 Blocked actors, 0 Stopped actors, and 4 active threads.
Waiting for actors to stop.
Called postfire()
Called prefire()
Called fire()
Read input token from inputA with value 1.0
Sent output token with value 0.0
Next port to read input from is inputB
Called postfire()
Called prefire()
Called fire()
Read input token from inputB with value 1.5
Checking for deadlock:
There are 2 Blocked actors, 0 Stopped actors, and 4 active threads.
Waiting for actors to stop.
-- Read input: 0.0, which is expected to match: 0.0
Called prefire()
Called fire()
Called postfire()
Called prefire()
Called fire()
Checking for deadlock:
There are 3 Blocked actors, 0 Stopped actors, and 4 active threads.
Waiting for actors to stop.
Sent output token with value 1.0
Next port to read input from is inputA
Called postfire()
Called prefire()
Called fire()
Read input token from inputA with value 2.0
Checking for deadlock:
There are 2 Blocked actors, 0 Stopped actors, and 4 active threads.
Waiting for actors to stop.
-- Read input: 1.0, which is expected to match: 1.0
Called prefire()
Called fire()
Called postfire()
Called prefire()
Called fire()
Checking for deadlock:
There are 3 Blocked actors, 0 Stopped actors, and 4 active threads.
Waiting for actors to stop.
-- Read input: 1.5, which is expected to match: 1.5
Called prefire()
Called fire()
Sent output token with value 1.5
Next port to read input from is inputB
Called postfire()
Called prefire()
Called fire()
Read input token from inputB with value 3.0
Sent output token with value 2.0
Next port to read input from is inputA
Called postfire()
Called prefire()
Called fire()
Read input token from inputA with value 3.0
Checking for deadlock:
There are 1 Blocked actors, 0 Stopped actors, and 4 active threads.
Waiting for actors to stop.
Called postfire()
Called prefire()
Called fire()
-- Read input: 2.0, which is expected to match: 2.0
Called prefire()
Called fire()
Called postfire()
Called prefire()
Called fire()
Checking for deadlock:
There are 3 Blocked actors, 0 Stopped actors, and 4 active threads.
Waiting for actors to stop.
-- Read input: 3.0, which is expected to match: 3.0
Called prefire()
Called fire()
Sent output token with value 3.0
Next port to read input from is inputB
Called postfire()
Called prefire()
Called fire()
Read input token from inputB with value 4.5
Sent output token with value 3.0
Next port to read input from is inputA
Called postfire()
Called prefire()
Called fire()
Read input token from inputA with value 4.0
Checking for deadlock:
There are 1 Blocked actors, 0 Stopped actors, and 4 active threads.
Waiting for actors to stop.
Called postfire()
Called prefire()
Called fire()
-- Read input: 3.0, which is expected to match: 3.0
Called prefire()
Called fire()
Called postfire()
Called prefire()
Called fire()
Checking for deadlock:
There are 3 Blocked actors, 0 Stopped actors, and 4 active threads.
Waiting for actors to stop.
-- Read input: 4.0, which is expected to match: 4.0
Called prefire()
Called fire()
Past the end of training data. Read and discard all inputs.
Sent output token with value 4.0
Next port to read input from is inputA
Called postfire()
Called prefire()
Called fire()
Read input token from inputA with value 5.0
Sent output token with value 4.5
Next port to read input from is inputB
Called postfire()
Called prefire()
Called fire()
Read input token from inputB with value 6.0
Checking for deadlock:
There are 1 Blocked actors, 0 Stopped actors, and 4 active threads.
Waiting for actors to stop.
Called postfire()
Called prefire()
Called fire()
Called prefire()
Called fire()
Past the end of training data. Read and discard all inputs.
Called postfire()
Called prefire()
Called fire()
Checking for deadlock:
There are 3 Blocked actors, 0 Stopped actors, and 4 active threads.
Waiting for actors to stop.
Called prefire()
Called fire()
Past the end of training data. Read and discard all inputs.
Checking for deadlock:
There are 3 Blocked actors, 0 Stopped actors, and 4 active threads.
Waiting for actors to stop.
Sent output token with value 5.0
Next port to read input from is inputA
Called postfire()
Called prefire()
Called fire()
Called postfire()
Called prefire()
Called fire()
Checking for deadlock:
There are 3 Blocked actors, 0 Stopped actors, and 4 active threads.
Waiting for actors to stop.
Read input token from inputA with value 6.0
Called prefire()
Called fire()
Past the end of training data. Read and discard all inputs.
Checking for deadlock:
There are 3 Blocked actors, 0 Stopped actors, and 4 active threads.
Waiting for actors to stop.
Sent output token with value 6.0
Next port to read input from is inputB
Called postfire()
Called prefire()
Called fire()
Called postfire()
Called prefire()
Called fire()
Checking for deadlock:
There are 3 Blocked actors, 0 Stopped actors, and 4 active threads.
Waiting for actors to stop.
Read input token from inputB with value 7.5
Called prefire()
Called fire()
Past the end of training data. Read and discard all inputs.
Checking for deadlock:
There are 3 Blocked actors, 0 Stopped actors, and 4 active threads.
Waiting for actors to stop.
Sent output token with value 6.0
Next port to read input from is inputA
Called postfire()
Called prefire()
Called fire()
Checking for deadlock:
There are 2 Blocked actors, 0 Stopped actors, and 4 active threads.
Waiting for actors to stop.
Called postfire()
Called prefire()
Called fire()
Checking for deadlock:
There are 3 Blocked actors, 0 Stopped actors, and 4 active threads.
Waiting for actors to stop.
Read input token from inputA with value 7.0
Checking for deadlock:
There are 2 Blocked actors, 0 Stopped actors, and 4 active threads.
Waiting for actors to stop.
Called prefire()
Called fire()
Past the end of training data. Read and discard all inputs.
Checking for deadlock:
There are 3 Blocked actors, 0 Stopped actors, and 4 active threads.
Waiting for actors to stop.
Sent output token with value 7.0
Next port to read input from is inputA
Called postfire()
Called prefire()
Called fire()
Checking for deadlock:
There are 2 Blocked actors, 0 Stopped actors, and 4 active threads.
Waiting for actors to stop.
-- Thread wrapup() called.
Called wrapup()
Thread .top.Ramp is exiting.
-- Thread stopped.
Checking for deadlock:
There are 2 Blocked actors, 0 Stopped actors, and 3 active threads.
Waiting for actors to stop.
Read input token from inputA with value 8.0
Called prefire()
Called fire()
Past the end of training data. Read and discard all inputs.
Checking for deadlock:
There are 2 Blocked actors, 0 Stopped actors, and 3 active threads.
Waiting for actors to stop.
Sent output token with value 7.5
Next port to read input from is inputB
Called postfire()
Called prefire()
Called fire()
Checking for deadlock:
There are 1 Blocked actors, 0 Stopped actors, and 3 active threads.
Waiting for actors to stop.
Called postfire()
Called prefire()
Called fire()
Checking for deadlock:
There are 2 Blocked actors, 0 Stopped actors, and 3 active threads.
Waiting for actors to stop.
Read input token from inputB with value 9.0
Checking for deadlock:
There are 1 Blocked actors, 0 Stopped actors, and 3 active threads.
Waiting for actors to stop.
Called prefire()
Called fire()
Past the end of training data. Read and discard all inputs.
Checking for deadlock:
There are 2 Blocked actors, 0 Stopped actors, and 3 active threads.
Waiting for actors to stop.
Sent output token with value 8.0
Next port to read input from is inputA
Called postfire()
Called prefire()
Called fire()
Read input token from inputA with value 9.0
Called prefire()
Called fire()
Past the end of training data. Read and discard all inputs.
Checking for deadlock:
There are 2 Blocked actors, 0 Stopped actors, and 3 active threads.
Waiting for actors to stop.
Sent output token with value 9.0
Next port to read input from is inputB
Called postfire()
Called prefire()
Called fire()
Called postfire()
Called prefire()
Called fire()
Checking for deadlock:
There are 2 Blocked actors, 0 Stopped actors, and 3 active threads.
Waiting for actors to stop.
Read input token from inputB with value 10.5
Called prefire()
Called fire()
Past the end of training data. Read and discard all inputs.
Checking for deadlock:
There are 2 Blocked actors, 0 Stopped actors, and 3 active threads.
Waiting for actors to stop.
Sent output token with value 9.0
Next port to read input from is inputA
Called postfire()
Called prefire()
Called fire()
Checking for deadlock:
There are 3 Blocked actors, 0 Stopped actors, and 3 active threads.
Actors have stopped.
Checking for deadlock:
There are 3 Blocked actors, 0 Stopped actors, and 3 active threads.
Deadlock detected.
Resolving Deadlock
Checking for deadlock:
There are 3 Blocked actors, 0 Stopped actors, and 3 active threads.
Artificial Deadlock - increasing queue capacity.
increasing the capacity of receiver ptolemy.actor.TypedIOPort {.top.OrderedMerge.inputB} to 2
Director: Called postfire().
Called postfire().
_stopRequested = false
_stopFireRequested = false
Returning from postfire(): true
Called fire().
Checking for deadlock:
There are 2 Blocked actors, 0 Stopped actors, and 3 active threads.
Waiting for actors to stop.
-- Thread wrapup() called.
Called wrapup()
Thread .top.Ramp2 is exiting.
-- Thread stopped.
Checking for deadlock:
There are 2 Blocked actors, 0 Stopped actors, and 2 active threads.
Actors have stopped.
Checking for deadlock:
There are 2 Blocked actors, 0 Stopped actors, and 2 active threads.
Deadlock detected.
Resolving Deadlock
Checking for deadlock:
There are 2 Blocked actors, 0 Stopped actors, and 2 active threads.
Deadlock detected: no processes blocked on write, but some are blocked on read.
Called postfire().
_stopRequested = false
_stopFireRequested = false
Returning from postfire(): false
Finished deactivating branches.
Called wrapup().
-- Thread wrapup() called.
Called wrapup()
Thread .top.Test is exiting.
-- Thread stopped.
-- Blocked Receiver call threw TerminateProcessException.
-- Thread wrapup() called.
Called wrapup()
Thread .top.OrderedMerge is exiting.
-- Thread stopped.
-- Blocked Receiver call threw TerminateProcessException.
82 ms. Memory: 154624K Free: 107908K (70%)
.top. Preinitializing ...
Invoking preinitialize():  .top.OrderedMerge
Called preinitialize()
Invoking preinitialize():  .top.Ramp
Called preinitialize()
Invoking preinitialize():  .top.Ramp2
Called preinitialize()
Invoking preinitialize():  .top.Test
Called preinitialize()
.top. Finished preinitialize().
Called initialize().
Invoking initialize():  .top.OrderedMerge
Initializing actor: .top.OrderedMerge
Adding a thread: .top.OrderedMerge
Invoking initialize():  .top.Ramp
Initializing actor: .top.Ramp
Adding a thread: .top.Ramp
Invoking initialize():  .top.Ramp2
Initializing actor: .top.Ramp2
Adding a thread: .top.Ramp2
Invoking initialize():  .top.Test
Initializing actor: .top.Test
Adding a thread: .top.Test
-- Starting thread.
Called initialize()
Called prefire()
Called fire()
-- Starting thread.
Called initialize()
Called prefire()
Called fire()
Called postfire()
Called prefire()
Called fire()
-- Starting thread.
Called initialize()
Called prefire()
Called fire()
Called postfire()
Called prefire()
Called fire()
Called fire().
Checking for deadlock:
There are 3 Blocked actors, 0 Stopped actors, and 4 active threads.
Waiting for actors to stop.
-- Starting thread.
Called initialize()
Called prefire()
Called fire()
Checking for deadlock:
There are 2 Blocked actors, 0 Stopped actors, and 4 active threads.
Waiting for actors to stop.
Called postfire()
Called prefire()
Called fire()
Checking for deadlock:
There are 3 Blocked actors, 0 Stopped actors, and 4 active threads.
Waiting for actors to stop.
Read input token from inputA with value 0.0
Next port to read input from is inputB
Called postfire()
Called prefire()
Called fire()
Called postfire()
Called prefire()
Called fire()
Checking for deadlock:
There are 3 Blocked actors, 0 Stopped actors, and 4 active threads.
Waiting for actors to stop.
Read input token from inputB with value 0.0
Checking for deadlock:
There are 2 Blocked actors, 0 Stopped actors, and 4 active threads.
Waiting for actors to stop.
-- Read input: 0.0, which is expected to match: 0.0
Called prefire()
Called fire()
Checking for deadlock:
There are 3 Blocked actors, 0 Stopped actors, and 4 active threads.
Waiting for actors to stop.
Sent output token with value 0.0
Next port to read input from is inputA
Called postfire()
Called prefire()
Called fire()
Checking for deadlock:
There are 2 Blocked actors, 0 Stopped actors, and 4 active threads.
Waiting for actors to stop.
Called postfire()
Called prefire()
Called fire()
Checking for deadlock:
There are 3 Blocked actors, 0 Stopped actors, and 4 active threads.
Waiting for actors to stop.
Read input token from inputA with value 1.0
Checking for deadlock:
There are 2 Blocked actors, 0 Stopped actors, and 4 active threads.
Waiting for actors to stop.
-- Read input: 0.0, which is expected to match: 0.0
Called prefire()
Called fire()
Checking for deadlock:
There are 3 Blocked actors, 0 Stopped actors, and 4 active threads.
Waiting for actors to stop.
Sent output token with value 0.0
Next port to read input from is inputB
Called postfire()
Called prefire()
Called fire()
Called postfire()
Called prefire()
Called fire()
Checking for deadlock:
There are 3 Blocked actors, 0 Stopped actors, and 4 active threads.
Waiting for actors to stop.
Read input token from inputB with value 1.5
-- Read input: 1.0, which is expected to match: 1.0
Called prefire()
Called fire()
Checking for deadlock:
There are 3 Blocked actors, 0 Stopped actors, and 4 active threads.
Waiting for actors to stop.
Sent output token with value 1.0
Next port to read input from is inputA
Called postfire()
Called prefire()
Called fire()
Checking for deadlock:
There are 2 Blocked actors, 0 Stopped actors, and 4 active threads.
Waiting for actors to stop.
Called postfire()
Called prefire()
Called fire()
Checking for deadlock:
There are 3 Blocked actors, 0 Stopped actors, and 4 active threads.
Waiting for actors to stop.
Read input token from inputA with value 2.0
Checking for deadlock:
There are 2 Blocked actors, 0 Stopped actors, and 4 active threads.
Waiting for actors to stop.
-- Read input: 1.5, which is expected to match: 1.5
Called prefire()
Called fire()
Checking for deadlock:
There are 3 Blocked actors, 0 Stopped actors, and 4 active threads.
Waiting for actors to stop.
Sent output token with value 1.5
Next port to read input from is inputB
Called postfire()
Called prefire()
Called fire()
Checking for deadlock:
There are 2 Blocked actors, 0 Stopped actors, and 4 active threads.
Waiting for actors to stop.
Called postfire()
Called prefire()
Called fire()
Checking for deadlock:
There are 3 Blocked actors, 0 Stopped actors, and 4 active threads.
Waiting for actors to stop.
Read input token from inputB with value 3.0
Checking for deadlock:
There are 2 Blocked actors, 0 Stopped actors, and 4 active threads.
Waiting for actors to stop.
-- Read input: 2.0, which is expected to match: 2.0
Called prefire()
Called fire()
Checking for deadlock:
There are 3 Blocked actors, 0 Stopped actors, and 4 active threads.
Waiting for actors to stop.
Sent output token with value 2.0
Next port to read input from is inputA
Called postfire()
Called prefire()
Called fire()
Checking for deadlock:
There are 2 Blocked actors, 0 Stopped actors, and 4 active threads.
Waiting for actors to stop.
Called postfire()
Called prefire()
Called fire()
Checking for deadlock:
There are 3 Blocked actors, 0 Stopped actors, and 4 active threads.
Waiting for actors to stop.
Read input token from inputA with value 3.0
Checking for deadlock:
There are 2 Blocked actors, 0 Stopped actors, and 4 active threads.
Waiting for actors to stop.
-- Read input: 3.0, which is expected to match: 3.0
Called prefire()
Called fire()
Checking for deadlock:
There are 3 Blocked actors, 0 Stopped actors, and 4 active threads.
Waiting for actors to stop.
Sent output token with value 3.0
Next port to read input from is inputB
Called postfire()
Called prefire()
Called fire()
Called postfire()
Called prefire()
Called fire()
Checking for deadlock:
There are 3 Blocked actors, 0 Stopped actors, and 4 active threads.
Waiting for actors to stop.
Read input token from inputB with value 4.5
-- Read input: 3.0, which is expected to match: 3.0
Called prefire()
Called fire()
Checking for deadlock:
There are 3 Blocked actors, 0 Stopped actors, and 4 active threads.
Waiting for actors to stop.
Sent output token with value 3.0
Next port to read input from is inputA
Called postfire()
Called prefire()
Called fire()
Checking for deadlock:
There are 2 Blocked actors, 0 Stopped actors, and 4 active threads.
Waiting for actors to stop.
Called postfire()
Called prefire()
Called fire()
Checking for deadlock:
There are 3 Blocked actors, 0 Stopped actors, and 4 active threads.
Waiting for actors to stop.
Read input token from inputA with value 4.0
Checking for deadlock:
There are 2 Blocked actors, 0 Stopped actors, and 4 active threads.
Waiting for actors to stop.
-- Read input: 4.0, which is expected to match: 4.0
Called prefire()
Called fire()
Past the end of training data. Read and discard all inputs.
Checking for deadlock:
There are 3 Blocked actors, 0 Stopped actors, and 4 active threads.
Waiting for actors to stop.
Sent output token with value 4.0
Next port to read input from is inputA
Called postfire()
Called prefire()
Called fire()
Checking for deadlock:
There are 2 Blocked actors, 0 Stopped actors, and 4 active threads.
Waiting for actors to stop.
Called postfire()
Called prefire()
Called fire()
Checking for deadlock:
There are 3 Blocked actors, 0 Stopped actors, and 4 active threads.
Waiting for actors to stop.
Read input token from inputA with value 5.0
Checking for deadlock:
There are 2 Blocked actors, 0 Stopped actors, and 4 active threads.
Waiting for actors to stop.
Called prefire()
Called fire()
Past the end of training data. Read and discard all inputs.
Checking for deadlock:
There are 3 Blocked actors, 0 Stopped actors, and 4 active threads.
Waiting for actors to stop.
Sent output token with value 4.5
Next port to read input from is inputB
Called postfire()
Called prefire()
Called fire()
Called postfire()
Called prefire()
Called fire()
Checking for deadlock:
There are 3 Blocked actors, 0 Stopped actors, and 4 active threads.
Waiting for actors to stop.
Read input token from inputB with value 6.0
Called prefire()
Called fire()
Past the end of training data. Read and discard all inputs.
Checking for deadlock:
There are 3 Blocked actors, 0 Stopped actors, and 4 active threads.
Waiting for actors to stop.
Sent output token with value 5.0
Next port to read input from is inputA
Called postfire()
Called prefire()
Called fire()
Checking for deadlock:
There are 2 Blocked actors, 0 Stopped actors, and 4 active threads.
Waiting for actors to stop.
Called postfire()
Called prefire()
Called fire()
Checking for deadlock:
There are 3 Blocked actors, 0 Stopped actors, and 4 active threads.
Waiting for actors to stop.
Read input token from inputA with value 6.0
Checking for deadlock:
There are 2 Blocked actors, 0 Stopped actors, and 4 active threads.
Waiting for actors to stop.
Called prefire()
Called fire()
Past the end of training data. Read and discard all inputs.
Checking for deadlock:
There are 3 Blocked actors, 0 Stopped actors, and 4 active threads.
Waiting for actors to stop.
Sent output token with value 6.0
Next port to read input from is inputB
Called postfire()
Called prefire()
Called fire()
Called postfire()
Called prefire()
Called fire()
Checking for deadlock:
There are 3 Blocked actors, 0 Stopped actors, and 4 active threads.
Waiting for actors to stop.
Read input token from inputB with value 7.5
Called prefire()
Called fire()
Past the end of training data. Read and discard all inputs.
Checking for deadlock:
There are 3 Blocked actors, 0 Stopped actors, and 4 active threads.
Waiting for actors to stop.
Sent output token with value 6.0
Next port to read input from is inputA
Called postfire()
Called prefire()
Called fire()
Checking for deadlock:
There are 2 Blocked actors, 0 Stopped actors, and 4 active threads.
Waiting for actors to stop.
Called postfire()
Called prefire()
Called fire()
Checking for deadlock:
There are 3 Blocked actors, 0 Stopped actors, and 4 active threads.
Waiting for actors to stop.
Read input token from inputA with value 7.0
Checking for deadlock:
There are 2 Blocked actors, 0 Stopped actors, and 4 active threads.
Waiting for actors to stop.
Called prefire()
Called fire()
Past the end of training data. Read and discard all inputs.
Checking for deadlock:
There are 3 Blocked actors, 0 Stopped actors, and 4 active threads.
Waiting for actors to stop.
Sent output token with value 7.0
Next port to read input from is inputA
Called postfire()
Called prefire()
Called fire()
Checking for deadlock:
There are 2 Blocked actors, 0 Stopped actors, and 4 active threads.
Waiting for actors to stop.
-- Thread wrapup() called.
Called wrapup()
Thread .top.Ramp is exiting.
-- Thread stopped.
Checking for deadlock:
There are 2 Blocked actors, 0 Stopped actors, and 3 active threads.
Waiting for actors to stop.
Read input token from inputA with value 8.0
Called prefire()
Called fire()
Past the end of training data. Read and discard all inputs.
Checking for deadlock:
There are 2 Blocked actors, 0 Stopped actors, and 3 active threads.
Waiting for actors to stop.
Sent output token with value 7.5
Next port to read input from is inputB
Called postfire()
Called prefire()
Called fire()
Checking for deadlock:
There are 1 Blocked actors, 0 Stopped actors, and 3 active threads.
Waiting for actors to stop.
Called postfire()
Called prefire()
Called fire()
Checking for deadlock:
There are 2 Blocked actors, 0 Stopped actors, and 3 active threads.
Waiting for actors to stop.
Read input token from inputB with value 9.0
Checking for deadlock:
There are 1 Blocked actors, 0 Stopped actors, and 3 active threads.
Waiting for actors to stop.
Called prefire()
Called fire()
Past the end of training data. Read and discard all inputs.
Checking for deadlock:
There are 2 Blocked actors, 0 Stopped actors, and 3 active threads.
Waiting for actors to stop.
Sent output token with value 8.0
Next port to read input from is inputA
Called postfire()
Called prefire()
Called fire()
Read input token from inputA with value 9.0
Called prefire()
Called fire()
Past the end of training data. Read and discard all inputs.
Checking for deadlock:
There are 2 Blocked actors, 0 Stopped actors, and 3 active threads.
Waiting for actors to stop.
Sent output token with value 9.0
Next port to read input from is inputB
Called postfire()
Called prefire()
Called fire()
Called postfire()
Called prefire()
Called fire()
Checking for deadlock:
There are 2 Blocked actors, 0 Stopped actors, and 3 active threads.
Waiting for actors to stop.
Read input token from inputB with value 10.5
Called prefire()
Called fire()
Past the end of training data. Read and discard all inputs.
Checking for deadlock:
There are 2 Blocked actors, 0 Stopped actors, and 3 active threads.
Waiting for actors to stop.
Sent output token with value 9.0
Next port to read input from is inputA
Called postfire()
Called prefire()
Called fire()
Checking for deadlock:
There are 3 Blocked actors, 0 Stopped actors, and 3 active threads.
Actors have stopped.
Checking for deadlock:
There are 3 Blocked actors, 0 Stopped actors, and 3 active threads.
Deadlock detected.
Resolving Deadlock
Checking for deadlock:
There are 3 Blocked actors, 0 Stopped actors, and 3 active threads.
Artificial Deadlock - increasing queue capacity.
increasing the capacity of receiver ptolemy.actor.TypedIOPort {.top.OrderedMerge.inputB} to 2
Director: Called postfire().
Called postfire().
_stopRequested = false
_stopFireRequested = false
Returning from postfire(): true
Called fire().
Checking for deadlock:
There are 2 Blocked actors, 0 Stopped actors, and 3 active threads.
Waiting for actors to stop.
-- Thread wrapup() called.
Called wrapup()
Thread .top.Ramp2 is exiting.
-- Thread stopped.
Checking for deadlock:
There are 2 Blocked actors, 0 Stopped actors, and 2 active threads.
Actors have stopped.
Checking for deadlock:
There are 2 Blocked actors, 0 Stopped actors, and 2 active threads.
Deadlock detected.
Resolving Deadlock
Checking for deadlock:
There are 2 Blocked actors, 0 Stopped actors, and 2 active threads.
Deadlock detected: no processes blocked on write, but some are blocked on read.
Called postfire().
_stopRequested = false
_stopFireRequested = false
Returning from postfire(): false
Finished deactivating branches.
Called wrapup().
-- Thread wrapup() called.
Called wrapup()
-- Thread wrapup() called.
Called wrapup()
Thread .top.Test is exiting.
-- Thread stopped.
-- Blocked Receiver call threw TerminateProcessException.
Thread .top.OrderedMerge is exiting.
-- Thread stopped.
-- Blocked Receiver call threw TerminateProcessException.
36 ms. Memory: 154624K Free: 105265K (68%)
/home/travis/build/icyphy/ptII/ptolemy/actor/lib/test/Publisher.tcl
18 ms. Memory: 154624K Free: 99190K (64%)
6 ms. Memory: 154624K Free: 94064K (61%)
6 ms. Memory: 154624K Free: 89960K (58%)
6 ms. Memory: 154624K Free: 88936K (58%)
6 ms. Memory: 154624K Free: 88440K (57%)
14 ms. Memory: 154624K Free: 87416K (57%)
3 ms. Memory: 154624K Free: 86902K (56%)
13 ms. Memory: 154624K Free: 85878K (56%)
22 ms. Memory: 154624K Free: 76152K (49%)
4 ms. Memory: 154624K Free: 72056K (47%)
3 ms. Memory: 154624K Free: 71528K (46%)
4 ms. Memory: 154624K Free: 68984K (45%)
19 ms. Memory: 154624K Free: 134581K (87%)
5 ms. Memory: 154624K Free: 125365K (81%)
7 ms. Memory: 196608K Free: 169301K (86%)
/home/travis/build/icyphy/ptII/ptolemy/actor/lib/test/Pulse.tcl
5 ms. Memory: 196608K Free: 131917K (67%)
11 ms. Memory: 196608K Free: 131413K (67%)
1 ms. Memory: 196608K Free: 130899K (67%)
2 ms. Memory: 196608K Free: 130389K (66%)
1 ms. Memory: 196608K Free: 129875K (66%)
5 ms. Memory: 196608K Free: 128341K (65%)
2 ms. Memory: 196608K Free: 127317K (65%)
1 ms. Memory: 196608K Free: 126789K (64%)
2 ms. Memory: 196608K Free: 126293K (64%)
/home/travis/build/icyphy/ptII/ptolemy/actor/lib/test/Ramp.tcl
3 ms. Memory: 196608K Free: 124245K (63%)
2 ms. Memory: 196608K Free: 123221K (63%)
1 ms. Memory: 196608K Free: 122693K (62%)
1 ms. Memory: 196608K Free: 121669K (62%)
3 ms. Memory: 196608K Free: 121173K (62%)
4 ms. Memory: 196608K Free: 120149K (61%)
4 ms. Memory: 196608K Free: 119125K (61%)
5 actors
5000 microseconds per iteration to create
5 ms. Memory: 196608K Free: 116563K (59%)
2 ms. Memory: 196608K Free: 116053K (59%)
2 ms. Memory: 196608K Free: 115539K (59%)
2 ms. Memory: 196608K Free: 114515K (58%)
50 actors
36000 microseconds per iteration to create
53 ms. Memory: 196608K Free: 99155K (50%)
10 ms. Memory: 196608K Free: 98131K (50%)
13 ms. Memory: 196608K Free: 97107K (49%)
4 ms. Memory: 196608K Free: 96083K (49%)
500 actors
1828000 microseconds per iteration to create
230 ms. Memory: 196608K Free: 120097K (61%)
42 ms. Memory: 196608K Free: 114977K (58%)
37 ms. Memory: 196608K Free: 109857K (56%)
38 ms. Memory: 196608K Free: 104223K (53%)
/home/travis/build/icyphy/ptII/ptolemy/actor/lib/test/RampContinuous.tcl
6 ms. Memory: 196608K Free: 102689K (52%)
/home/travis/build/icyphy/ptII/ptolemy/actor/lib/test/RecordAssembler.tcl
5 ms. Memory: 196608K Free: 101136K (51%)
3 ms. Memory: 196608K Free: 100096K (51%)
/home/travis/build/icyphy/ptII/ptolemy/actor/lib/test/RecordDisassembler.tcl
6 ms. Memory: 196608K Free: 98593K (50%)
3 ms. Memory: 196608K Free: 98079K (50%)
3 ms. Memory: 196608K Free: 96545K (49%)
/home/travis/build/icyphy/ptII/ptolemy/actor/lib/test/Scale.tcl
2 ms. Memory: 196608K Free: 94992K (48%)
2 ms. Memory: 196608K Free: 93968K (48%)
1 ms. Memory: 196608K Free: 93473K (48%)
2 ms. Memory: 196608K Free: 92449K (47%)
2 ms. Memory: 196608K Free: 91425K (47%)
/home/travis/build/icyphy/ptII/ptolemy/actor/lib/test/SequentialClock.tcl
preinitializing
resolving types
initializing
executing number 1
wrapping up
idle
2 ms. Memory: 196608K Free: 90401K (46%)
Completed execution with 5 iterations
preinitializing
resolving types
initializing
executing number 1
wrapping up
idle
1 ms. Memory: 196608K Free: 89880K (46%)
Completed execution with 5 iterations
preinitializing
resolving types
initializing
executing number 1
wrapping up
idle
2 ms. Memory: 196608K Free: 89377K (45%)
Completed execution with 5 iterations
/home/travis/build/icyphy/ptII/ptolemy/actor/lib/test/SetVariable.tcl
5 ms. Memory: 196608K Free: 87329K (44%)


==== $PTII/ptolemy/actor/lib/test/SetVariable.tcl: SetVariable-3.1 changeFailed
==== Contents of test case:

    #Uses 2.1 above
    jdkCaptureErr {
        # This test was failing if we ran Exit.tcl and then this test.
        # MessageHandler.error() now actually throws the Exception.
	catch {$setVariable changeFailed [java::null]  [java::new Exception {Test exception for SetVariable.changeFailed()}]} errMsg
    } results
    list [string range $results 0 89] "\n" $errMsg

==== Result was:
{java.lang.Exception: Test exception for SetVariable.changeFailed()
	at java.base/jdk.inter} {
} {java.lang.RuntimeException: java.lang.Exception: Test exception for SetVariable.changeFailed()}
---- Result should have been:
{java.lang.Exception: Test exception for SetVariable.changeFailed()
	at sun.reflect.NativeC} {
} {java.lang.RuntimeException: java.lang.Exception: Test exception for SetVariable.changeFailed()}
---- SetVariable-3.1 FAILED
/home/travis/build/icyphy/ptII/ptolemy/actor/lib/test/Sinewave.tcl
/home/travis/build/icyphy/ptII/ptolemy/actor/lib/test/SubscriptionAggregator.tcl
12 ms. Memory: 196608K Free: 75551K (38%)
3 ms. Memory: 196608K Free: 75041K (38%)
1 ms. Memory: 196608K Free: 74527K (38%)
1 ms. Memory: 196608K Free: 74017K (38%)
2 ms. Memory: 196608K Free: 70416K (36%)
45 ms. Memory: 196608K Free: 173600K (88%)
...............................................................1049 ms. Memory: 277504K Free: 140187K (51%)
/home/travis/build/icyphy/ptII/ptolemy/actor/lib/test/Test.tcl
 The next command will produce a warning about training mode,
   which may be ignored.
5 ms. Memory: 277504K Free: 138139K (50%)
8 ms. Memory: 277504K Free: 137115K (49%)
2 ms. Memory: 277504K Free: 136570K (49%)
1 ms. Memory: 277504K Free: 136091K (49%)
2 ms. Memory: 277504K Free: 135562K (49%)
2 ms. Memory: 277504K Free: 134043K (48%)
3 ms. Memory: 277504K Free: 133019K (48%)
 The next command will produce a warning about training mode,
   which may be ignored.
3 ms. Memory: 277504K Free: 130442K (47%)
 The next command will produce a warning about training mode,
   which may be ignored.
3 ms. Memory: 277504K Free: 129418K (47%)
1 ms. Memory: 277504K Free: 128923K (46%)
1 ms. Memory: 277504K Free: 128394K (46%)
1 ms. Memory: 277504K Free: 127899K (46%)
7 ms. Memory: 277504K Free: 126875K (46%)
3 ms. Memory: 277504K Free: 123258K (44%)
/home/travis/build/icyphy/ptII/ptolemy/actor/lib/test/TestExceptionHandler.tcl
 The next command will produce a warning about training mode,
   which may be ignored.
3 ms. Memory: 277504K Free: 121755K (44%)
1 ms. Memory: 277504K Free: 121210K (44%)
1 ms. Memory: 277504K Free: 120731K (44%)
/home/travis/build/icyphy/ptII/ptolemy/actor/lib/test/UnionDisassembler.tcl
25 ms. Memory: 277504K Free: 113563K (41%)
/home/travis/build/icyphy/ptII/ptolemy/actor/lib/test/VariableClock.tcl
preinitializing
resolving types
initializing
executing number 1
wrapping up
idle
3 ms. Memory: 277504K Free: 111515K (40%)
Completed execution with 11 iterations
preinitializing
resolving types
initializing
executing number 1
wrapping up
idle
10 ms. Memory: 277504K Free: 109962K (40%)
Completed execution with 10 iterations
06/25/19 04:44:55
Failed: 2  Total Tests: 234  ((Passed: 232, Newly Passed: 0)  Known Failed: 0) /home/travis/build/icyphy/ptII/ptolemy/actor/lib/test
----------------- testing (KnownFailure) /home/travis/build/icyphy/ptII/ptolemy/actor/lib/test/auto/knownFailedTests/PublisherPortToplevelSubscriber.xml
1 ms. Memory: 277504K Free: 106905K (39%)
Known Failure: java.lang.reflect.InvocationTargetException
----------------- testing (KnownFailure) /home/travis/build/icyphy/ptII/ptolemy/actor/lib/test/auto/knownFailedTests/PublisherSubscriberPortToplevel.xml
1 ms. Memory: 277504K Free: 102809K (37%)
Known Failure: java.lang.reflect.InvocationTargetException
----------------- testing (KnownFailure) /home/travis/build/icyphy/ptII/ptolemy/actor/lib/test/auto/knownFailedTests/PublisherSubscriptionAggregatorPort.xml
1 ms. Memory: 277504K Free: 98203K (35%)
Known Failure: java.lang.reflect.InvocationTargetException
----------------- testing (KnownFailure) /home/travis/build/icyphy/ptII/ptolemy/actor/lib/test/auto/knownFailedTests/sizedarray3.xml
4 ms. Memory: 277504K Free: 94107K (34%)
Known Failure: java.lang.reflect.InvocationTargetException
No auto/linux-amd64/*.xml tests in /home/travis/build/icyphy/ptII/ptolemy/actor/lib/test
AutoTests.java: About to close Vertx.
AutoTests.java: Vertx closed.

===========================================================================================
----------------- testing Tue Jun 25 04:44:56 UTC 2019 /home/travis/build/icyphy/ptII/ptolemy/actor/lib/test/auto/AbsoluteValue.xml
----------------- Instantiating /home/travis/build/icyphy/ptII/ptolemy/actor/lib/test/auto/AbsoluteValue.xml
19 ms. Memory: 277504K Free: 211502K (76%)
----------------- Invoking toplevel() on ptolemy.moml.MoMLSimpleApplication@15fc8931
----------------- Done invoking toplevel() on ptolemy.moml.MoMLSimpleApplication@15fc8931
reloadAllAccessors: .AbsoluteValue

===========================================================================================
----------------- testing Tue Jun 25 04:44:56 UTC 2019 /home/travis/build/icyphy/ptII/ptolemy/actor/lib/test/auto/AbsoluteValue2.xml
----------------- Instantiating /home/travis/build/icyphy/ptII/ptolemy/actor/lib/test/auto/AbsoluteValue2.xml
5 ms. Memory: 277504K Free: 204848K (74%)
----------------- Invoking toplevel() on ptolemy.moml.MoMLSimpleApplication@10aa0fc4
----------------- Done invoking toplevel() on ptolemy.moml.MoMLSimpleApplication@10aa0fc4
reloadAllAccessors: .AbsoluteValue2

===========================================================================================
----------------- testing Tue Jun 25 04:44:56 UTC 2019 /home/travis/build/icyphy/ptII/ptolemy/actor/lib/test/auto/Accumulator.xml
----------------- Instantiating /home/travis/build/icyphy/ptII/ptolemy/actor/lib/test/auto/Accumulator.xml
5 ms. Memory: 277504K Free: 198190K (71%)
----------------- Invoking toplevel() on ptolemy.moml.MoMLSimpleApplication@2abe17af
----------------- Done invoking toplevel() on ptolemy.moml.MoMLSimpleApplication@2abe17af
reloadAllAccessors: .Accumulator

===========================================================================================
----------------- testing Tue Jun 25 04:44:56 UTC 2019 /home/travis/build/icyphy/ptII/ptolemy/actor/lib/test/auto/Accumulator2.xml
----------------- Instantiating /home/travis/build/icyphy/ptII/ptolemy/actor/lib/test/auto/Accumulator2.xml
3 ms. Memory: 277504K Free: 193070K (70%)
----------------- Invoking toplevel() on ptolemy.moml.MoMLSimpleApplication@66d5d2c2
----------------- Done invoking toplevel() on ptolemy.moml.MoMLSimpleApplication@66d5d2c2
reloadAllAccessors: .Accumulator2

===========================================================================================
----------------- testing Tue Jun 25 04:44:56 UTC 2019 /home/travis/build/icyphy/ptII/ptolemy/actor/lib/test/auto/Accumulator3.xml
----------------- Instantiating /home/travis/build/icyphy/ptII/ptolemy/actor/lib/test/auto/Accumulator3.xml
3 ms. Memory: 277504K Free: 188974K (68%)
----------------- Invoking toplevel() on ptolemy.moml.MoMLSimpleApplication@7e22561
----------------- Done invoking toplevel() on ptolemy.moml.MoMLSimpleApplication@7e22561
reloadAllAccessors: .Accumulator3

===========================================================================================
----------------- testing Tue Jun 25 04:44:56 UTC 2019 /home/travis/build/icyphy/ptII/ptolemy/actor/lib/test/auto/ArrayAppend.xml
----------------- Instantiating /home/travis/build/icyphy/ptII/ptolemy/actor/lib/test/auto/ArrayAppend.xml
4 ms. Memory: 277504K Free: 182816K (66%)
----------------- Invoking toplevel() on ptolemy.moml.MoMLSimpleApplication@5121e72b
----------------- Done invoking toplevel() on ptolemy.moml.MoMLSimpleApplication@5121e72b
reloadAllAccessors: .ArrayAppend

===========================================================================================
----------------- testing Tue Jun 25 04:44:56 UTC 2019 /home/travis/build/icyphy/ptII/ptolemy/actor/lib/test/auto/ArrayAppend2.xml
----------------- Instantiating /home/travis/build/icyphy/ptII/ptolemy/actor/lib/test/auto/ArrayAppend2.xml
377 ms. Memory: 277504K Free: 106544K (38%)
----------------- Invoking toplevel() on ptolemy.moml.MoMLSimpleApplication@7fe9741c
----------------- Done invoking toplevel() on ptolemy.moml.MoMLSimpleApplication@7fe9741c
reloadAllAccessors: .ArrayAppend2

===========================================================================================
----------------- testing Tue Jun 25 04:44:56 UTC 2019 /home/travis/build/icyphy/ptII/ptolemy/actor/lib/test/auto/ArrayAppend3.xml
----------------- Instantiating /home/travis/build/icyphy/ptII/ptolemy/actor/lib/test/auto/ArrayAppend3.xml
6 ms. Memory: 277504K Free: 100910K (36%)
----------------- Invoking toplevel() on ptolemy.moml.MoMLSimpleApplication@213ead4c
----------------- Done invoking toplevel() on ptolemy.moml.MoMLSimpleApplication@213ead4c
reloadAllAccessors: .ArrayAppend3

===========================================================================================
----------------- testing Tue Jun 25 04:44:56 UTC 2019 /home/travis/build/icyphy/ptII/ptolemy/actor/lib/test/auto/ArrayAppend4.xml
----------------- Instantiating /home/travis/build/icyphy/ptII/ptolemy/actor/lib/test/auto/ArrayAppend4.xml
2 ms. Memory: 277504K Free: 95790K (35%)
----------------- Invoking toplevel() on ptolemy.moml.MoMLSimpleApplication@197f13db
----------------- Done invoking toplevel() on ptolemy.moml.MoMLSimpleApplication@197f13db
reloadAllAccessors: .ArrayAppend4

===========================================================================================
----------------- testing Tue Jun 25 04:44:57 UTC 2019 /home/travis/build/icyphy/ptII/ptolemy/actor/lib/test/auto/ArrayAppend5.xml
----------------- Instantiating /home/travis/build/icyphy/ptII/ptolemy/actor/lib/test/auto/ArrayAppend5.xml
2 ms. Memory: 277504K Free: 90670K (33%)
----------------- Invoking toplevel() on ptolemy.moml.MoMLSimpleApplication@19629c38
----------------- Done invoking toplevel() on ptolemy.moml.MoMLSimpleApplication@19629c38
reloadAllAccessors: .ArrayAppend5

===========================================================================================
----------------- testing Tue Jun 25 04:44:57 UTC 2019 /home/travis/build/icyphy/ptII/ptolemy/actor/lib/test/auto/ArrayAppend6.xml
----------------- Instantiating /home/travis/build/icyphy/ptII/ptolemy/actor/lib/test/auto/ArrayAppend6.xml
9 ms. Memory: 448512K Free: 399360K (89%)
----------------- Invoking toplevel() on ptolemy.moml.MoMLSimpleApplication@48d3b2f5
----------------- Done invoking toplevel() on ptolemy.moml.MoMLSimpleApplication@48d3b2f5
reloadAllAccessors: .ArrayAppend6

===========================================================================================
----------------- testing Tue Jun 25 04:44:57 UTC 2019 /home/travis/build/icyphy/ptII/ptolemy/actor/lib/test/auto/ArrayAppendPerformanceTest.xml
----------------- Instantiating /home/travis/build/icyphy/ptII/ptolemy/actor/lib/test/auto/ArrayAppendPerformanceTest.xml
51 ms. Memory: 448512K Free: 388606K (87%)
----------------- Invoking toplevel() on ptolemy.moml.MoMLSimpleApplication@30aa7334
----------------- Done invoking toplevel() on ptolemy.moml.MoMLSimpleApplication@30aa7334
reloadAllAccessors: .ArrayAppendPerformanceTest

===========================================================================================
----------------- testing Tue Jun 25 04:44:57 UTC 2019 /home/travis/build/icyphy/ptII/ptolemy/actor/lib/test/auto/ArrayAppendWithEmptyInput.xml
----------------- Instantiating /home/travis/build/icyphy/ptII/ptolemy/actor/lib/test/auto/ArrayAppendWithEmptyInput.xml
12 ms. Memory: 448512K Free: 380928K (85%)
----------------- Invoking toplevel() on ptolemy.moml.MoMLSimpleApplication@4a9300c7
----------------- Done invoking toplevel() on ptolemy.moml.MoMLSimpleApplication@4a9300c7
reloadAllAccessors: .ArrayAppendWithEmptyInput

===========================================================================================
----------------- testing Tue Jun 25 04:44:57 UTC 2019 /home/travis/build/icyphy/ptII/ptolemy/actor/lib/test/auto/ArrayAverage.xml
----------------- Instantiating /home/travis/build/icyphy/ptII/ptolemy/actor/lib/test/auto/ArrayAverage.xml
5 ms. Memory: 448512K Free: 372736K (83%)
----------------- Invoking toplevel() on ptolemy.moml.MoMLSimpleApplication@3fef2f4e
----------------- Done invoking toplevel() on ptolemy.moml.MoMLSimpleApplication@3fef2f4e
reloadAllAccessors: .ArrayAverage

===========================================================================================
----------------- testing Tue Jun 25 04:44:57 UTC 2019 /home/travis/build/icyphy/ptII/ptolemy/actor/lib/test/auto/ArrayContains.xml
----------------- Instantiating /home/travis/build/icyphy/ptII/ptolemy/actor/lib/test/auto/ArrayContains.xml
3 ms. Memory: 448512K Free: 367102K (82%)
----------------- Invoking toplevel() on ptolemy.moml.MoMLSimpleApplication@420670db
----------------- Done invoking toplevel() on ptolemy.moml.MoMLSimpleApplication@420670db
reloadAllAccessors: .ArrayContains

===========================================================================================
----------------- testing Tue Jun 25 04:44:57 UTC 2019 /home/travis/build/icyphy/ptII/ptolemy/actor/lib/test/auto/ArrayElement.xml
----------------- Instantiating /home/travis/build/icyphy/ptII/ptolemy/actor/lib/test/auto/ArrayElement.xml
8 ms. Memory: 448512K Free: 360958K (80%)
----------------- Invoking toplevel() on ptolemy.moml.MoMLSimpleApplication@55d106d4
----------------- Done invoking toplevel() on ptolemy.moml.MoMLSimpleApplication@55d106d4
reloadAllAccessors: .ArrayElement

===========================================================================================
----------------- testing Tue Jun 25 04:44:57 UTC 2019 /home/travis/build/icyphy/ptII/ptolemy/actor/lib/test/auto/ArrayElementAsMatrix.xml
----------------- Instantiating /home/travis/build/icyphy/ptII/ptolemy/actor/lib/test/auto/ArrayElementAsMatrix.xml
14 ms. Memory: 448512K Free: 351232K (78%)
----------------- Invoking toplevel() on ptolemy.moml.MoMLSimpleApplication@758093d7
----------------- Done invoking toplevel() on ptolemy.moml.MoMLSimpleApplication@758093d7
reloadAllAccessors: .ArrayElementAsMatrix

===========================================================================================
----------------- testing Tue Jun 25 04:44:57 UTC 2019 /home/travis/build/icyphy/ptII/ptolemy/actor/lib/test/auto/ArrayElementI.xml
----------------- Instantiating /home/travis/build/icyphy/ptII/ptolemy/actor/lib/test/auto/ArrayElementI.xml
4 ms. Memory: 448512K Free: 346112K (77%)
----------------- Invoking toplevel() on ptolemy.moml.MoMLSimpleApplication@1ebde1c8
----------------- Done invoking toplevel() on ptolemy.moml.MoMLSimpleApplication@1ebde1c8
reloadAllAccessors: .ArrayElementI

===========================================================================================
----------------- testing Tue Jun 25 04:44:57 UTC 2019 /home/travis/build/icyphy/ptII/ptolemy/actor/lib/test/auto/ArrayExtract.xml
----------------- Instantiating /home/travis/build/icyphy/ptII/ptolemy/actor/lib/test/auto/ArrayExtract.xml
7 ms. Memory: 448512K Free: 337920K (75%)
----------------- Invoking toplevel() on ptolemy.moml.MoMLSimpleApplication@2e05ff01
----------------- Done invoking toplevel() on ptolemy.moml.MoMLSimpleApplication@2e05ff01
reloadAllAccessors: .ArrayExtract

===========================================================================================
----------------- testing Tue Jun 25 04:44:57 UTC 2019 /home/travis/build/icyphy/ptII/ptolemy/actor/lib/test/auto/ArrayExtract2.xml
----------------- Instantiating /home/travis/build/icyphy/ptII/ptolemy/actor/lib/test/auto/ArrayExtract2.xml
3 ms. Memory: 448512K Free: 332255K (74%)
----------------- Invoking toplevel() on ptolemy.moml.MoMLSimpleApplication@66ad1d05
----------------- Done invoking toplevel() on ptolemy.moml.MoMLSimpleApplication@66ad1d05
reloadAllAccessors: .ArrayExtract2

===========================================================================================
----------------- testing Tue Jun 25 04:44:57 UTC 2019 /home/travis/build/icyphy/ptII/ptolemy/actor/lib/test/auto/ArrayLength.xml
----------------- Instantiating /home/travis/build/icyphy/ptII/ptolemy/actor/lib/test/auto/ArrayLength.xml
2 ms. Memory: 448512K Free: 328704K (73%)
----------------- Invoking toplevel() on ptolemy.moml.MoMLSimpleApplication@56cb0a03
----------------- Done invoking toplevel() on ptolemy.moml.MoMLSimpleApplication@56cb0a03
reloadAllAccessors: .ArrayLength

===========================================================================================
----------------- testing Tue Jun 25 04:44:57 UTC 2019 /home/travis/build/icyphy/ptII/ptolemy/actor/lib/test/auto/ArrayLevelCrossing.xml
----------------- Instantiating /home/travis/build/icyphy/ptII/ptolemy/actor/lib/test/auto/ArrayLevelCrossing.xml
6 ms. Memory: 448512K Free: 321022K (72%)
----------------- Invoking toplevel() on ptolemy.moml.MoMLSimpleApplication@10dfae72
----------------- Done invoking toplevel() on ptolemy.moml.MoMLSimpleApplication@10dfae72
reloadAllAccessors: .ArrayLevelCrossing

===========================================================================================
----------------- testing Tue Jun 25 04:44:57 UTC 2019 /home/travis/build/icyphy/ptII/ptolemy/actor/lib/test/auto/ArrayLevelCrossing2.xml
----------------- Instantiating /home/travis/build/icyphy/ptII/ptolemy/actor/lib/test/auto/ArrayLevelCrossing2.xml
9 ms. Memory: 448512K Free: 313344K (70%)
----------------- Invoking toplevel() on ptolemy.moml.MoMLSimpleApplication@48560b90
----------------- Done invoking toplevel() on ptolemy.moml.MoMLSimpleApplication@48560b90
reloadAllAccessors: .ArrayLevelCrossing2

===========================================================================================
----------------- testing Tue Jun 25 04:44:57 UTC 2019 /home/travis/build/icyphy/ptII/ptolemy/actor/lib/test/auto/ArrayPeakSearch.xml
----------------- Instantiating /home/travis/build/icyphy/ptII/ptolemy/actor/lib/test/auto/ArrayPeakSearch.xml
9 ms. Memory: 448512K Free: 304638K (68%)
----------------- Invoking toplevel() on ptolemy.moml.MoMLSimpleApplication@30b3e774
----------------- Done invoking toplevel() on ptolemy.moml.MoMLSimpleApplication@30b3e774
reloadAllAccessors: .ArrayPeakSearch

===========================================================================================
----------------- testing Tue Jun 25 04:44:57 UTC 2019 /home/travis/build/icyphy/ptII/ptolemy/actor/lib/test/auto/ArrayPeakSearch2.xml
----------------- Instantiating /home/travis/build/icyphy/ptII/ptolemy/actor/lib/test/auto/ArrayPeakSearch2.xml
6 ms. Memory: 448512K Free: 293888K (66%)
----------------- Invoking toplevel() on ptolemy.moml.MoMLSimpleApplication@7743a138
----------------- Done invoking toplevel() on ptolemy.moml.MoMLSimpleApplication@7743a138
reloadAllAccessors: .ArrayPeakSearch2

===========================================================================================
----------------- testing Tue Jun 25 04:44:57 UTC 2019 /home/travis/build/icyphy/ptII/ptolemy/actor/lib/test/auto/ArrayPeakSearch3.xml
----------------- Instantiating /home/travis/build/icyphy/ptII/ptolemy/actor/lib/test/auto/ArrayPeakSearch3.xml
5 ms. Memory: 448512K Free: 285182K (64%)
----------------- Invoking toplevel() on ptolemy.moml.MoMLSimpleApplication@5307f17d
----------------- Done invoking toplevel() on ptolemy.moml.MoMLSimpleApplication@5307f17d
reloadAllAccessors: .ArrayPeakSearch3

===========================================================================================
----------------- testing Tue Jun 25 04:44:57 UTC 2019 /home/travis/build/icyphy/ptII/ptolemy/actor/lib/test/auto/ArrayRemoveElement.xml
----------------- Instantiating /home/travis/build/icyphy/ptII/ptolemy/actor/lib/test/auto/ArrayRemoveElement.xml
7 ms. Memory: 448512K Free: 276990K (62%)
----------------- Invoking toplevel() on ptolemy.moml.MoMLSimpleApplication@5c401654
----------------- Done invoking toplevel() on ptolemy.moml.MoMLSimpleApplication@5c401654
reloadAllAccessors: .ArrayRemoveElement

===========================================================================================
----------------- testing Tue Jun 25 04:44:57 UTC 2019 /home/travis/build/icyphy/ptII/ptolemy/actor/lib/test/auto/ArraySort.xml
----------------- Instantiating /home/travis/build/icyphy/ptII/ptolemy/actor/lib/test/auto/ArraySort.xml
7 ms. Memory: 448512K Free: 268288K (60%)
----------------- Invoking toplevel() on ptolemy.moml.MoMLSimpleApplication@2c507744
----------------- Done invoking toplevel() on ptolemy.moml.MoMLSimpleApplication@2c507744
reloadAllAccessors: .ArraySort

===========================================================================================
----------------- testing Tue Jun 25 04:44:57 UTC 2019 /home/travis/build/icyphy/ptII/ptolemy/actor/lib/test/auto/ArraySum.xml
----------------- Instantiating /home/travis/build/icyphy/ptII/ptolemy/actor/lib/test/auto/ArraySum.xml
8 ms. Memory: 448512K Free: 262654K (59%)
----------------- Invoking toplevel() on ptolemy.moml.MoMLSimpleApplication@2177472d
----------------- Done invoking toplevel() on ptolemy.moml.MoMLSimpleApplication@2177472d
reloadAllAccessors: .ArraySum

===========================================================================================
----------------- testing Tue Jun 25 04:44:57 UTC 2019 /home/travis/build/icyphy/ptII/ptolemy/actor/lib/test/auto/ArrayToElements.xml
----------------- Instantiating /home/travis/build/icyphy/ptII/ptolemy/actor/lib/test/auto/ArrayToElements.xml
8 ms. Memory: 448512K Free: 257534K (57%)
----------------- Invoking toplevel() on ptolemy.moml.MoMLSimpleApplication@513fc39
----------------- Done invoking toplevel() on ptolemy.moml.MoMLSimpleApplication@513fc39
reloadAllAccessors: .ArrayToElements

===========================================================================================
----------------- testing Tue Jun 25 04:44:57 UTC 2019 /home/travis/build/icyphy/ptII/ptolemy/actor/lib/test/auto/ArrayToMatrix.xml
----------------- Instantiating /home/travis/build/icyphy/ptII/ptolemy/actor/lib/test/auto/ArrayToMatrix.xml
15 ms. Memory: 448512K Free: 243198K (54%)
----------------- Invoking toplevel() on ptolemy.moml.MoMLSimpleApplication@54b41ff3
----------------- Done invoking toplevel() on ptolemy.moml.MoMLSimpleApplication@54b41ff3
reloadAllAccessors: .ArrayToMatrix

===========================================================================================
----------------- testing Tue Jun 25 04:44:58 UTC 2019 /home/travis/build/icyphy/ptII/ptolemy/actor/lib/test/auto/ArrayUpdate1.xml
----------------- Instantiating /home/travis/build/icyphy/ptII/ptolemy/actor/lib/test/auto/ArrayUpdate1.xml
9 ms. Memory: 448512K Free: 238592K (53%)
----------------- Invoking toplevel() on ptolemy.moml.MoMLSimpleApplication@4bd3e040
----------------- Done invoking toplevel() on ptolemy.moml.MoMLSimpleApplication@4bd3e040
reloadAllAccessors: .ArrayUpdate1

===========================================================================================
----------------- testing Tue Jun 25 04:44:58 UTC 2019 /home/travis/build/icyphy/ptII/ptolemy/actor/lib/test/auto/ArrayUpdate2.xml
----------------- Instantiating /home/travis/build/icyphy/ptII/ptolemy/actor/lib/test/auto/ArrayUpdate2.xml
9 ms. Memory: 448512K Free: 231934K (52%)
----------------- Invoking toplevel() on ptolemy.moml.MoMLSimpleApplication@48dafc31
----------------- Done invoking toplevel() on ptolemy.moml.MoMLSimpleApplication@48dafc31
reloadAllAccessors: .ArrayUpdate2

===========================================================================================
----------------- testing Tue Jun 25 04:44:58 UTC 2019 /home/travis/build/icyphy/ptII/ptolemy/actor/lib/test/auto/ArrayUpdate3.xml
----------------- Instantiating /home/travis/build/icyphy/ptII/ptolemy/actor/lib/test/auto/ArrayUpdate3.xml
8 ms. Memory: 448512K Free: 227328K (51%)
----------------- Invoking toplevel() on ptolemy.moml.MoMLSimpleApplication@c461d75
----------------- Done invoking toplevel() on ptolemy.moml.MoMLSimpleApplication@c461d75
reloadAllAccessors: .ArrayUpdate3

===========================================================================================
----------------- testing Tue Jun 25 04:44:58 UTC 2019 /home/travis/build/icyphy/ptII/ptolemy/actor/lib/test/auto/Assert1.xml
----------------- Instantiating /home/travis/build/icyphy/ptII/ptolemy/actor/lib/test/auto/Assert1.xml
11 ms. Memory: 448512K Free: 222718K (50%)
----------------- Invoking toplevel() on ptolemy.moml.MoMLSimpleApplication@3188ae3f
----------------- Done invoking toplevel() on ptolemy.moml.MoMLSimpleApplication@3188ae3f
reloadAllAccessors: .Assert1

===========================================================================================
----------------- testing Tue Jun 25 04:44:58 UTC 2019 /home/travis/build/icyphy/ptII/ptolemy/actor/lib/test/auto/Assert2.xml
----------------- Instantiating /home/travis/build/icyphy/ptII/ptolemy/actor/lib/test/auto/Assert2.xml
2 ms. Memory: 448512K Free: 218110K (49%)
----------------- Invoking toplevel() on ptolemy.moml.MoMLSimpleApplication@6050aa1f
----------------- Done invoking toplevel() on ptolemy.moml.MoMLSimpleApplication@6050aa1f
reloadAllAccessors: .Assert2

===========================================================================================
----------------- testing Tue Jun 25 04:44:58 UTC 2019 /home/travis/build/icyphy/ptII/ptolemy/actor/lib/test/auto/BooleanMultiplexor.xml
----------------- Instantiating /home/travis/build/icyphy/ptII/ptolemy/actor/lib/test/auto/BooleanMultiplexor.xml
2 ms. Memory: 448512K Free: 211968K (47%)
----------------- Invoking toplevel() on ptolemy.moml.MoMLSimpleApplication@15c6698e
----------------- Done invoking toplevel() on ptolemy.moml.MoMLSimpleApplication@15c6698e
reloadAllAccessors: .BooleanMultiplexor

===========================================================================================
----------------- testing Tue Jun 25 04:44:58 UTC 2019 /home/travis/build/icyphy/ptII/ptolemy/actor/lib/test/auto/BooleanMultiplexor2.xml
----------------- Instantiating /home/travis/build/icyphy/ptII/ptolemy/actor/lib/test/auto/BooleanMultiplexor2.xml
12 ms. Memory: 448512K Free: 205824K (46%)
----------------- Invoking toplevel() on ptolemy.moml.MoMLSimpleApplication@685b4626
----------------- Done invoking toplevel() on ptolemy.moml.MoMLSimpleApplication@685b4626
reloadAllAccessors: .BooleanMultiplexor2

===========================================================================================
----------------- testing Tue Jun 25 04:44:58 UTC 2019 /home/travis/build/icyphy/ptII/ptolemy/actor/lib/test/auto/BooleanMultiplexor3.xml
----------------- Instantiating /home/travis/build/icyphy/ptII/ptolemy/actor/lib/test/auto/BooleanMultiplexor3.xml
2 ms. Memory: 448512K Free: 201728K (45%)
----------------- Invoking toplevel() on ptolemy.moml.MoMLSimpleApplication@7d704f52
----------------- Done invoking toplevel() on ptolemy.moml.MoMLSimpleApplication@7d704f52
reloadAllAccessors: .BooleanMultiplexor3

===========================================================================================
----------------- testing Tue Jun 25 04:44:58 UTC 2019 /home/travis/build/icyphy/ptII/ptolemy/actor/lib/test/auto/BooleanSelect.xml
----------------- Instantiating /home/travis/build/icyphy/ptII/ptolemy/actor/lib/test/auto/BooleanSelect.xml
5 ms. Memory: 448512K Free: 196079K (44%)
----------------- Invoking toplevel() on ptolemy.moml.MoMLSimpleApplication@77c5f20
----------------- Done invoking toplevel() on ptolemy.moml.MoMLSimpleApplication@77c5f20
reloadAllAccessors: .BooleanSelect

===========================================================================================
----------------- testing Tue Jun 25 04:44:58 UTC 2019 /home/travis/build/icyphy/ptII/ptolemy/actor/lib/test/auto/BooleanSelect2.xml
----------------- Instantiating /home/travis/build/icyphy/ptII/ptolemy/actor/lib/test/auto/BooleanSelect2.xml
3 ms. Memory: 448512K Free: 191488K (43%)
----------------- Invoking toplevel() on ptolemy.moml.MoMLSimpleApplication@2e96968f
----------------- Done invoking toplevel() on ptolemy.moml.MoMLSimpleApplication@2e96968f
reloadAllAccessors: .BooleanSelect2

===========================================================================================
----------------- testing Tue Jun 25 04:44:58 UTC 2019 /home/travis/build/icyphy/ptII/ptolemy/actor/lib/test/auto/BooleanSwitch.xml
----------------- Instantiating /home/travis/build/icyphy/ptII/ptolemy/actor/lib/test/auto/BooleanSwitch.xml
15 ms. Memory: 448512K Free: 185854K (41%)
----------------- Invoking toplevel() on ptolemy.moml.MoMLSimpleApplication@25b075dc
----------------- Done invoking toplevel() on ptolemy.moml.MoMLSimpleApplication@25b075dc
reloadAllAccessors: .BooleanSwitch

===========================================================================================
----------------- testing Tue Jun 25 04:44:58 UTC 2019 /home/travis/build/icyphy/ptII/ptolemy/actor/lib/test/auto/BooleanSwitch2.xml
----------------- Instantiating /home/travis/build/icyphy/ptII/ptolemy/actor/lib/test/auto/BooleanSwitch2.xml
1 ms. Memory: 448512K Free: 180734K (40%)
----------------- Invoking toplevel() on ptolemy.moml.MoMLSimpleApplication@7d2b681d
----------------- Done invoking toplevel() on ptolemy.moml.MoMLSimpleApplication@7d2b681d
reloadAllAccessors: .BooleanSwitch2

===========================================================================================
----------------- testing Tue Jun 25 04:44:58 UTC 2019 /home/travis/build/icyphy/ptII/ptolemy/actor/lib/test/auto/BooleanSwitchCloningBugWithClassRelationGroup.xml
----------------- Instantiating /home/travis/build/icyphy/ptII/ptolemy/actor/lib/test/auto/BooleanSwitchCloningBugWithClassRelationGroup.xml
5 ms. Memory: 448512K Free: 174590K (39%)
----------------- Invoking toplevel() on ptolemy.moml.MoMLSimpleApplication@705b56e7
----------------- Done invoking toplevel() on ptolemy.moml.MoMLSimpleApplication@705b56e7
reloadAllAccessors: .BooleanSwitchCloningBugWithClassRelationGroup

===========================================================================================
----------------- testing Tue Jun 25 04:44:58 UTC 2019 /home/travis/build/icyphy/ptII/ptolemy/actor/lib/test/auto/BusActors.xml
----------------- Instantiating /home/travis/build/icyphy/ptII/ptolemy/actor/lib/test/auto/BusActors.xml
3 ms. Memory: 448512K Free: 166398K (37%)
----------------- Invoking toplevel() on ptolemy.moml.MoMLSimpleApplication@a4b93aa
----------------- Done invoking toplevel() on ptolemy.moml.MoMLSimpleApplication@a4b93aa
reloadAllAccessors: .BusActors

===========================================================================================
----------------- testing Tue Jun 25 04:44:58 UTC 2019 /home/travis/build/icyphy/ptII/ptolemy/actor/lib/test/auto/ClassWrapper.xml
----------------- Instantiating /home/travis/build/icyphy/ptII/ptolemy/actor/lib/test/auto/ClassWrapper.xml
4 ms. Memory: 448512K Free: 398848K (89%)
----------------- Invoking toplevel() on ptolemy.moml.MoMLSimpleApplication@45203d7d
----------------- Done invoking toplevel() on ptolemy.moml.MoMLSimpleApplication@45203d7d
reloadAllAccessors: .ClassWrapper

===========================================================================================
----------------- testing Tue Jun 25 04:44:58 UTC 2019 /home/travis/build/icyphy/ptII/ptolemy/actor/lib/test/auto/Clock.xml
----------------- Instantiating /home/travis/build/icyphy/ptII/ptolemy/actor/lib/test/auto/Clock.xml
3 ms. Memory: 448512K Free: 394752K (88%)
----------------- Invoking toplevel() on ptolemy.moml.MoMLSimpleApplication@1fc13cfa
----------------- Done invoking toplevel() on ptolemy.moml.MoMLSimpleApplication@1fc13cfa
reloadAllAccessors: .Clock

===========================================================================================
----------------- testing Tue Jun 25 04:44:58 UTC 2019 /home/travis/build/icyphy/ptII/ptolemy/actor/lib/test/auto/Clock10.xml
----------------- Instantiating /home/travis/build/icyphy/ptII/ptolemy/actor/lib/test/auto/Clock10.xml
3 ms. Memory: 448512K Free: 388608K (87%)
----------------- Invoking toplevel() on ptolemy.moml.MoMLSimpleApplication@4093caa4
----------------- Done invoking toplevel() on ptolemy.moml.MoMLSimpleApplication@4093caa4
reloadAllAccessors: .Clock10

===========================================================================================
----------------- testing Tue Jun 25 04:44:58 UTC 2019 /home/travis/build/icyphy/ptII/ptolemy/actor/lib/test/auto/Clock11.xml
----------------- Instantiating /home/travis/build/icyphy/ptII/ptolemy/actor/lib/test/auto/Clock11.xml
8 ms. Memory: 448512K Free: 382974K (85%)
----------------- Invoking toplevel() on ptolemy.moml.MoMLSimpleApplication@49337e0f
----------------- Done invoking toplevel() on ptolemy.moml.MoMLSimpleApplication@49337e0f
reloadAllAccessors: .Clock11

===========================================================================================
----------------- testing Tue Jun 25 04:44:58 UTC 2019 /home/travis/build/icyphy/ptII/ptolemy/actor/lib/test/auto/Clock12.xml
----------------- Instantiating /home/travis/build/icyphy/ptII/ptolemy/actor/lib/test/auto/Clock12.xml
5 ms. Memory: 448512K Free: 376830K (84%)
----------------- Invoking toplevel() on ptolemy.moml.MoMLSimpleApplication@7d4fbc1e
----------------- Done invoking toplevel() on ptolemy.moml.MoMLSimpleApplication@7d4fbc1e
reloadAllAccessors: .Clock12

===========================================================================================
----------------- testing Tue Jun 25 04:44:58 UTC 2019 /home/travis/build/icyphy/ptII/ptolemy/actor/lib/test/auto/Clock13.xml
----------------- Instantiating /home/travis/build/icyphy/ptII/ptolemy/actor/lib/test/auto/Clock13.xml
5 ms. Memory: 448512K Free: 371200K (83%)
----------------- Invoking toplevel() on ptolemy.moml.MoMLSimpleApplication@55536739
----------------- Done invoking toplevel() on ptolemy.moml.MoMLSimpleApplication@55536739
reloadAllAccessors: .Clock13

===========================================================================================
----------------- testing Tue Jun 25 04:44:58 UTC 2019 /home/travis/build/icyphy/ptII/ptolemy/actor/lib/test/auto/Clock14.xml
----------------- Instantiating /home/travis/build/icyphy/ptII/ptolemy/actor/lib/test/auto/Clock14.xml
8 ms. Memory: 448512K Free: 365056K (81%)
----------------- Invoking toplevel() on ptolemy.moml.MoMLSimpleApplication@189d4ef8
----------------- Done invoking toplevel() on ptolemy.moml.MoMLSimpleApplication@189d4ef8
reloadAllAccessors: .Clock14

===========================================================================================
----------------- testing Tue Jun 25 04:44:58 UTC 2019 /home/travis/build/icyphy/ptII/ptolemy/actor/lib/test/auto/Clock15.xml
----------------- Instantiating /home/travis/build/icyphy/ptII/ptolemy/actor/lib/test/auto/Clock15.xml
3 ms. Memory: 448512K Free: 359415K (80%)
----------------- Invoking toplevel() on ptolemy.moml.MoMLSimpleApplication@14f1d314
----------------- Done invoking toplevel() on ptolemy.moml.MoMLSimpleApplication@14f1d314
reloadAllAccessors: .Clock15

===========================================================================================
----------------- testing Tue Jun 25 04:44:58 UTC 2019 /home/travis/build/icyphy/ptII/ptolemy/actor/lib/test/auto/Clock16.xml
----------------- Instantiating /home/travis/build/icyphy/ptII/ptolemy/actor/lib/test/auto/Clock16.xml
39 ms. Memory: 448512K Free: 344047K (77%)
----------------- Invoking toplevel() on ptolemy.moml.MoMLSimpleApplication@57dfbc16
----------------- Done invoking toplevel() on ptolemy.moml.MoMLSimpleApplication@57dfbc16
reloadAllAccessors: .Clock16

===========================================================================================
----------------- testing Tue Jun 25 04:44:58 UTC 2019 /home/travis/build/icyphy/ptII/ptolemy/actor/lib/test/auto/Clock17.xml
----------------- Instantiating /home/travis/build/icyphy/ptII/ptolemy/actor/lib/test/auto/Clock17.xml
17 ms. Memory: 448512K Free: 330240K (74%)
----------------- Invoking toplevel() on ptolemy.moml.MoMLSimpleApplication@69b993f
----------------- Done invoking toplevel() on ptolemy.moml.MoMLSimpleApplication@69b993f
reloadAllAccessors: .Clock17

===========================================================================================
----------------- testing Tue Jun 25 04:44:58 UTC 2019 /home/travis/build/icyphy/ptII/ptolemy/actor/lib/test/auto/Clock18.xml
----------------- Instantiating /home/travis/build/icyphy/ptII/ptolemy/actor/lib/test/auto/Clock18.xml
29 ms. Memory: 448512K Free: 316383K (71%)
----------------- Invoking toplevel() on ptolemy.moml.MoMLSimpleApplication@1b94b9dd
----------------- Done invoking toplevel() on ptolemy.moml.MoMLSimpleApplication@1b94b9dd
reloadAllAccessors: .Clock18

===========================================================================================
----------------- testing Tue Jun 25 04:44:58 UTC 2019 /home/travis/build/icyphy/ptII/ptolemy/actor/lib/test/auto/Clock19.xml
----------------- Instantiating /home/travis/build/icyphy/ptII/ptolemy/actor/lib/test/auto/Clock19.xml
15 ms. Memory: 448512K Free: 303616K (68%)
----------------- Invoking toplevel() on ptolemy.moml.MoMLSimpleApplication@66db966f
----------------- Done invoking toplevel() on ptolemy.moml.MoMLSimpleApplication@66db966f
reloadAllAccessors: .Clock19

===========================================================================================
----------------- testing Tue Jun 25 04:44:58 UTC 2019 /home/travis/build/icyphy/ptII/ptolemy/actor/lib/test/auto/Clock2.xml
----------------- Instantiating /home/travis/build/icyphy/ptII/ptolemy/actor/lib/test/auto/Clock2.xml
5 ms. Memory: 448512K Free: 298975K (67%)
----------------- Invoking toplevel() on ptolemy.moml.MoMLSimpleApplication@6847a933
----------------- Done invoking toplevel() on ptolemy.moml.MoMLSimpleApplication@6847a933
reloadAllAccessors: .Clock2

===========================================================================================
----------------- testing Tue Jun 25 04:44:58 UTC 2019 /home/travis/build/icyphy/ptII/ptolemy/actor/lib/test/auto/Clock20.xml
----------------- Instantiating /home/travis/build/icyphy/ptII/ptolemy/actor/lib/test/auto/Clock20.xml
17 ms. Memory: 448512K Free: 293886K (66%)
----------------- Invoking toplevel() on ptolemy.moml.MoMLSimpleApplication@55547fcd
----------------- Done invoking toplevel() on ptolemy.moml.MoMLSimpleApplication@55547fcd
reloadAllAccessors: .Clock20

===========================================================================================
----------------- testing Tue Jun 25 04:44:58 UTC 2019 /home/travis/build/icyphy/ptII/ptolemy/actor/lib/test/auto/Clock21.xml
----------------- Instantiating /home/travis/build/icyphy/ptII/ptolemy/actor/lib/test/auto/Clock21.xml
5 ms. Memory: 448512K Free: 288256K (64%)
----------------- Invoking toplevel() on ptolemy.moml.MoMLSimpleApplication@4c652165
----------------- Done invoking toplevel() on ptolemy.moml.MoMLSimpleApplication@4c652165
reloadAllAccessors: .Clock21

===========================================================================================
----------------- testing Tue Jun 25 04:44:59 UTC 2019 /home/travis/build/icyphy/ptII/ptolemy/actor/lib/test/auto/Clock22.xml
----------------- Instantiating /home/travis/build/icyphy/ptII/ptolemy/actor/lib/test/auto/Clock22.xml
5 ms. Memory: 448512K Free: 283136K (63%)
----------------- Invoking toplevel() on ptolemy.moml.MoMLSimpleApplication@12f5eec
----------------- Done invoking toplevel() on ptolemy.moml.MoMLSimpleApplication@12f5eec
reloadAllAccessors: .Clock22

===========================================================================================
----------------- testing Tue Jun 25 04:44:59 UTC 2019 /home/travis/build/icyphy/ptII/ptolemy/actor/lib/test/auto/Clock23.xml
----------------- Instantiating /home/travis/build/icyphy/ptII/ptolemy/actor/lib/test/auto/Clock23.xml
12 ms. Memory: 448512K Free: 277502K (62%)
----------------- Invoking toplevel() on ptolemy.moml.MoMLSimpleApplication@6ec34a0d
----------------- Done invoking toplevel() on ptolemy.moml.MoMLSimpleApplication@6ec34a0d
reloadAllAccessors: .Clock23

===========================================================================================
----------------- testing Tue Jun 25 04:44:59 UTC 2019 /home/travis/build/icyphy/ptII/ptolemy/actor/lib/test/auto/Clock24.xml
----------------- Instantiating /home/travis/build/icyphy/ptII/ptolemy/actor/lib/test/auto/Clock24.xml
2 ms. Memory: 448512K Free: 271872K (61%)
----------------- Invoking toplevel() on ptolemy.moml.MoMLSimpleApplication@6d45b7af
----------------- Done invoking toplevel() on ptolemy.moml.MoMLSimpleApplication@6d45b7af
reloadAllAccessors: .Clock24

===========================================================================================
----------------- testing Tue Jun 25 04:44:59 UTC 2019 /home/travis/build/icyphy/ptII/ptolemy/actor/lib/test/auto/Clock4.xml
----------------- Instantiating /home/travis/build/icyphy/ptII/ptolemy/actor/lib/test/auto/Clock4.xml
2 ms. Memory: 448512K Free: 267231K (60%)
----------------- Invoking toplevel() on ptolemy.moml.MoMLSimpleApplication@20bc9412
----------------- Done invoking toplevel() on ptolemy.moml.MoMLSimpleApplication@20bc9412
reloadAllAccessors: .Clock4

===========================================================================================
----------------- testing Tue Jun 25 04:44:59 UTC 2019 /home/travis/build/icyphy/ptII/ptolemy/actor/lib/test/auto/Clock5.xml
----------------- Instantiating /home/travis/build/icyphy/ptII/ptolemy/actor/lib/test/auto/Clock5.xml
3 ms. Memory: 448512K Free: 261632K (58%)
----------------- Invoking toplevel() on ptolemy.moml.MoMLSimpleApplication@757f968d
----------------- Done invoking toplevel() on ptolemy.moml.MoMLSimpleApplication@757f968d
reloadAllAccessors: .Clock5

===========================================================================================
----------------- testing Tue Jun 25 04:44:59 UTC 2019 /home/travis/build/icyphy/ptII/ptolemy/actor/lib/test/auto/Clock6.xml
----------------- Instantiating /home/travis/build/icyphy/ptII/ptolemy/actor/lib/test/auto/Clock6.xml
3 ms. Memory: 448512K Free: 257536K (57%)
----------------- Invoking toplevel() on ptolemy.moml.MoMLSimpleApplication@6eca2f3c
----------------- Done invoking toplevel() on ptolemy.moml.MoMLSimpleApplication@6eca2f3c
reloadAllAccessors: .Clock6

===========================================================================================
----------------- testing Tue Jun 25 04:44:59 UTC 2019 /home/travis/build/icyphy/ptII/ptolemy/actor/lib/test/auto/Clock7.xml
----------------- Instantiating /home/travis/build/icyphy/ptII/ptolemy/actor/lib/test/auto/Clock7.xml
2 ms. Memory: 448512K Free: 252926K (56%)
----------------- Invoking toplevel() on ptolemy.moml.MoMLSimpleApplication@61455ada
----------------- Done invoking toplevel() on ptolemy.moml.MoMLSimpleApplication@61455ada
reloadAllAccessors: .Clock7

===========================================================================================
----------------- testing Tue Jun 25 04:44:59 UTC 2019 /home/travis/build/icyphy/ptII/ptolemy/actor/lib/test/auto/Clock8.xml
----------------- Instantiating /home/travis/build/icyphy/ptII/ptolemy/actor/lib/test/auto/Clock8.xml
3 ms. Memory: 448512K Free: 247799K (55%)
----------------- Invoking toplevel() on ptolemy.moml.MoMLSimpleApplication@4be74aa8
----------------- Done invoking toplevel() on ptolemy.moml.MoMLSimpleApplication@4be74aa8
reloadAllAccessors: .Clock8

===========================================================================================
----------------- testing Tue Jun 25 04:44:59 UTC 2019 /home/travis/build/icyphy/ptII/ptolemy/actor/lib/test/auto/Clock9.xml
----------------- Instantiating /home/travis/build/icyphy/ptII/ptolemy/actor/lib/test/auto/Clock9.xml
8 ms. Memory: 448512K Free: 242176K (54%)
----------------- Invoking toplevel() on ptolemy.moml.MoMLSimpleApplication@3104c8da
----------------- Done invoking toplevel() on ptolemy.moml.MoMLSimpleApplication@3104c8da
reloadAllAccessors: .Clock9

===========================================================================================
----------------- testing Tue Jun 25 04:44:59 UTC 2019 /home/travis/build/icyphy/ptII/ptolemy/actor/lib/test/auto/CommDistDiscard.xml
----------------- Instantiating /home/travis/build/icyphy/ptII/ptolemy/actor/lib/test/auto/CommDistDiscard.xml
5 ms. Memory: 448512K Free: 237056K (53%)
----------------- Invoking toplevel() on ptolemy.moml.MoMLSimpleApplication@550892d7
----------------- Done invoking toplevel() on ptolemy.moml.MoMLSimpleApplication@550892d7
reloadAllAccessors: .CommDistDiscard

===========================================================================================
----------------- testing Tue Jun 25 04:44:59 UTC 2019 /home/travis/build/icyphy/ptII/ptolemy/actor/lib/test/auto/Commutator.xml
----------------- Instantiating /home/travis/build/icyphy/ptII/ptolemy/actor/lib/test/auto/Commutator.xml
3 ms. Memory: 448512K Free: 232446K (52%)
----------------- Invoking toplevel() on ptolemy.moml.MoMLSimpleApplication@639f2ed6
----------------- Done invoking toplevel() on ptolemy.moml.MoMLSimpleApplication@639f2ed6
reloadAllAccessors: .Commutator

===========================================================================================
----------------- testing Tue Jun 25 04:44:59 UTC 2019 /home/travis/build/icyphy/ptII/ptolemy/actor/lib/test/auto/Commutator2.xml
----------------- Instantiating /home/travis/build/icyphy/ptII/ptolemy/actor/lib/test/auto/Commutator2.xml
2 ms. Memory: 448512K Free: 228350K (51%)
----------------- Invoking toplevel() on ptolemy.moml.MoMLSimpleApplication@337b92bf
----------------- Done invoking toplevel() on ptolemy.moml.MoMLSimpleApplication@337b92bf
reloadAllAccessors: .Commutator2

===========================================================================================
----------------- testing Tue Jun 25 04:44:59 UTC 2019 /home/travis/build/icyphy/ptII/ptolemy/actor/lib/test/auto/Commutator3.xml
----------------- Instantiating /home/travis/build/icyphy/ptII/ptolemy/actor/lib/test/auto/Commutator3.xml
3 ms. Memory: 448512K Free: 223744K (50%)
----------------- Invoking toplevel() on ptolemy.moml.MoMLSimpleApplication@272d9976
----------------- Done invoking toplevel() on ptolemy.moml.MoMLSimpleApplication@272d9976
reloadAllAccessors: .Commutator3

===========================================================================================
----------------- testing Tue Jun 25 04:44:59 UTC 2019 /home/travis/build/icyphy/ptII/ptolemy/actor/lib/test/auto/Compare.xml
----------------- Instantiating /home/travis/build/icyphy/ptII/ptolemy/actor/lib/test/auto/Compare.xml
2 ms. Memory: 448512K Free: 217086K (48%)
----------------- Invoking toplevel() on ptolemy.moml.MoMLSimpleApplication@6bf9f5ee
----------------- Done invoking toplevel() on ptolemy.moml.MoMLSimpleApplication@6bf9f5ee
reloadAllAccessors: .Compare

===========================================================================================
----------------- testing Tue Jun 25 04:44:59 UTC 2019 /home/travis/build/icyphy/ptII/ptolemy/actor/lib/test/auto/CompareDE.xml
----------------- Instantiating /home/travis/build/icyphy/ptII/ptolemy/actor/lib/test/auto/CompareDE.xml
3 ms. Memory: 448512K Free: 209903K (47%)
----------------- Invoking toplevel() on ptolemy.moml.MoMLSimpleApplication@18df59e3
----------------- Done invoking toplevel() on ptolemy.moml.MoMLSimpleApplication@18df59e3
reloadAllAccessors: .CompareDE

===========================================================================================
----------------- testing Tue Jun 25 04:44:59 UTC 2019 /home/travis/build/icyphy/ptII/ptolemy/actor/lib/test/auto/ComplexDivide.xml
----------------- Instantiating /home/travis/build/icyphy/ptII/ptolemy/actor/lib/test/auto/ComplexDivide.xml
2 ms. Memory: 448512K Free: 205822K (46%)
----------------- Invoking toplevel() on ptolemy.moml.MoMLSimpleApplication@18ce8a8b
----------------- Done invoking toplevel() on ptolemy.moml.MoMLSimpleApplication@18ce8a8b
reloadAllAccessors: .ComplexDivide

===========================================================================================
----------------- testing Tue Jun 25 04:44:59 UTC 2019 /home/travis/build/icyphy/ptII/ptolemy/actor/lib/test/auto/ComputeHistogram.xml
----------------- Instantiating /home/travis/build/icyphy/ptII/ptolemy/actor/lib/test/auto/ComputeHistogram.xml
39 ms. Memory: 448512K Free: 193534K (43%)
----------------- Invoking toplevel() on ptolemy.moml.MoMLSimpleApplication@7467fd01
----------------- Done invoking toplevel() on ptolemy.moml.MoMLSimpleApplication@7467fd01
reloadAllAccessors: .ComputeHistogram

===========================================================================================
----------------- testing Tue Jun 25 04:44:59 UTC 2019 /home/travis/build/icyphy/ptII/ptolemy/actor/lib/test/auto/ConfigurationSelect.xml
----------------- Instantiating /home/travis/build/icyphy/ptII/ptolemy/actor/lib/test/auto/ConfigurationSelect.xml
8 ms. Memory: 448512K Free: 187904K (42%)
----------------- Invoking toplevel() on ptolemy.moml.MoMLSimpleApplication@2172a013
----------------- Done invoking toplevel() on ptolemy.moml.MoMLSimpleApplication@2172a013
reloadAllAccessors: .ConfigurationSelect

===========================================================================================
----------------- testing Tue Jun 25 04:44:59 UTC 2019 /home/travis/build/icyphy/ptII/ptolemy/actor/lib/test/auto/ConfigurationSelect2.xml
----------------- Instantiating /home/travis/build/icyphy/ptII/ptolemy/actor/lib/test/auto/ConfigurationSelect2.xml
2 ms. Memory: 448512K Free: 183808K (41%)
----------------- Invoking toplevel() on ptolemy.moml.MoMLSimpleApplication@6f1d2825
----------------- Done invoking toplevel() on ptolemy.moml.MoMLSimpleApplication@6f1d2825
reloadAllAccessors: .ConfigurationSelect2

===========================================================================================
----------------- testing Tue Jun 25 04:44:59 UTC 2019 /home/travis/build/icyphy/ptII/ptolemy/actor/lib/test/auto/ConfigurationSwitch.xml
----------------- Instantiating /home/travis/build/icyphy/ptII/ptolemy/actor/lib/test/auto/ConfigurationSwitch.xml
2 ms. Memory: 448512K Free: 178174K (40%)
----------------- Invoking toplevel() on ptolemy.moml.MoMLSimpleApplication@126d275a
----------------- Done invoking toplevel() on ptolemy.moml.MoMLSimpleApplication@126d275a
reloadAllAccessors: .ConfigurationSwitch

===========================================================================================
----------------- testing Tue Jun 25 04:44:59 UTC 2019 /home/travis/build/icyphy/ptII/ptolemy/actor/lib/test/auto/ConfigurationSwitch2.xml
----------------- Instantiating /home/travis/build/icyphy/ptII/ptolemy/actor/lib/test/auto/ConfigurationSwitch2.xml
2 ms. Memory: 448512K Free: 172544K (38%)
----------------- Invoking toplevel() on ptolemy.moml.MoMLSimpleApplication@16e9fee0
----------------- Done invoking toplevel() on ptolemy.moml.MoMLSimpleApplication@16e9fee0
reloadAllAccessors: .ConfigurationSwitch2

===========================================================================================
----------------- testing Tue Jun 25 04:44:59 UTC 2019 /home/travis/build/icyphy/ptII/ptolemy/actor/lib/test/auto/ConfigurationSwitchCloningBugWithClassRelationGroup.xml
----------------- Instantiating /home/travis/build/icyphy/ptII/ptolemy/actor/lib/test/auto/ConfigurationSwitchCloningBugWithClassRelationGroup.xml
2 ms. Memory: 448512K Free: 166400K (37%)
----------------- Invoking toplevel() on ptolemy.moml.MoMLSimpleApplication@321847b0
----------------- Done invoking toplevel() on ptolemy.moml.MoMLSimpleApplication@321847b0
reloadAllAccessors: .ConfigurationSwitchCloningBugWithClassRelationGroup

===========================================================================================
----------------- testing Tue Jun 25 04:44:59 UTC 2019 /home/travis/build/icyphy/ptII/ptolemy/actor/lib/test/auto/ConfigurationSwitchSelectSDF.xml
----------------- Instantiating /home/travis/build/icyphy/ptII/ptolemy/actor/lib/test/auto/ConfigurationSwitchSelectSDF.xml
2 ms. Memory: 448512K Free: 160766K (36%)
----------------- Invoking toplevel() on ptolemy.moml.MoMLSimpleApplication@47d2279d
----------------- Done invoking toplevel() on ptolemy.moml.MoMLSimpleApplication@47d2279d
reloadAllAccessors: .ConfigurationSwitchSelectSDF

===========================================================================================
----------------- testing Tue Jun 25 04:44:59 UTC 2019 /home/travis/build/icyphy/ptII/ptolemy/actor/lib/test/auto/ConfigurationSwitchSelectSDF2.xml
----------------- Instantiating /home/travis/build/icyphy/ptII/ptolemy/actor/lib/test/auto/ConfigurationSwitchSelectSDF2.xml
2 ms. Memory: 448512K Free: 155136K (35%)
----------------- Invoking toplevel() on ptolemy.moml.MoMLSimpleApplication@79bbfc8c
----------------- Done invoking toplevel() on ptolemy.moml.MoMLSimpleApplication@79bbfc8c
reloadAllAccessors: .ConfigurationSwitchSelectSDF2

===========================================================================================
----------------- testing Tue Jun 25 04:44:59 UTC 2019 /home/travis/build/icyphy/ptII/ptolemy/actor/lib/test/auto/Const.xml
----------------- Instantiating /home/travis/build/icyphy/ptII/ptolemy/actor/lib/test/auto/Const.xml
1 ms. Memory: 448512K Free: 151550K (34%)
----------------- Invoking toplevel() on ptolemy.moml.MoMLSimpleApplication@5f347f0e
----------------- Done invoking toplevel() on ptolemy.moml.MoMLSimpleApplication@5f347f0e
reloadAllAccessors: .Const

===========================================================================================
----------------- testing Tue Jun 25 04:44:59 UTC 2019 /home/travis/build/icyphy/ptII/ptolemy/actor/lib/test/auto/Const2.xml
----------------- Instantiating /home/travis/build/icyphy/ptII/ptolemy/actor/lib/test/auto/Const2.xml
2 ms. Memory: 448512K Free: 147968K (33%)
----------------- Invoking toplevel() on ptolemy.moml.MoMLSimpleApplication@7163602c
----------------- Done invoking toplevel() on ptolemy.moml.MoMLSimpleApplication@7163602c
reloadAllAccessors: .Const2

===========================================================================================
----------------- testing Tue Jun 25 04:44:59 UTC 2019 /home/travis/build/icyphy/ptII/ptolemy/actor/lib/test/auto/Const3.xml
----------------- Instantiating /home/travis/build/icyphy/ptII/ptolemy/actor/lib/test/auto/Const3.xml
1 ms. Memory: 448512K Free: 144896K (32%)
----------------- Invoking toplevel() on ptolemy.moml.MoMLSimpleApplication@4fe92abf
----------------- Done invoking toplevel() on ptolemy.moml.MoMLSimpleApplication@4fe92abf
reloadAllAccessors: .Const3

===========================================================================================
----------------- testing Tue Jun 25 04:44:59 UTC 2019 /home/travis/build/icyphy/ptII/ptolemy/actor/lib/test/auto/ConstantPublisherPort1.xml
----------------- Instantiating /home/travis/build/icyphy/ptII/ptolemy/actor/lib/test/auto/ConstantPublisherPort1.xml
7 ms. Memory: 448512K Free: 135680K (30%)
----------------- Invoking toplevel() on ptolemy.moml.MoMLSimpleApplication@4aaa201d
----------------- Done invoking toplevel() on ptolemy.moml.MoMLSimpleApplication@4aaa201d
reloadAllAccessors: .ConstantPublisherPort1

===========================================================================================
----------------- testing Tue Jun 25 04:44:59 UTC 2019 /home/travis/build/icyphy/ptII/ptolemy/actor/lib/test/auto/ConstantPublisherPort2.xml
----------------- Instantiating /home/travis/build/icyphy/ptII/ptolemy/actor/lib/test/auto/ConstantPublisherPort2.xml
12 ms. Memory: 448512K Free: 394095K (88%)
----------------- Invoking toplevel() on ptolemy.moml.MoMLSimpleApplication@3d64ca6a
----------------- Done invoking toplevel() on ptolemy.moml.MoMLSimpleApplication@3d64ca6a
reloadAllAccessors: .ConstantPublisherPort2

===========================================================================================
----------------- testing Tue Jun 25 04:44:59 UTC 2019 /home/travis/build/icyphy/ptII/ptolemy/actor/lib/test/auto/ConstantPublisherPort3.xml
----------------- Instantiating /home/travis/build/icyphy/ptII/ptolemy/actor/lib/test/auto/ConstantPublisherPort3.xml
5 ms. Memory: 448512K Free: 386415K (86%)
----------------- Invoking toplevel() on ptolemy.moml.MoMLSimpleApplication@1e8327ca
----------------- Done invoking toplevel() on ptolemy.moml.MoMLSimpleApplication@1e8327ca
reloadAllAccessors: .ConstantPublisherPort3

===========================================================================================
----------------- testing Tue Jun 25 04:44:59 UTC 2019 /home/travis/build/icyphy/ptII/ptolemy/actor/lib/test/auto/ConstantPublisherPort4.xml
----------------- Instantiating /home/travis/build/icyphy/ptII/ptolemy/actor/lib/test/auto/ConstantPublisherPort4.xml
4 ms. Memory: 448512K Free: 379761K (85%)
----------------- Invoking toplevel() on ptolemy.moml.MoMLSimpleApplication@71b649a7
----------------- Done invoking toplevel() on ptolemy.moml.MoMLSimpleApplication@71b649a7
reloadAllAccessors: .ConstantPublisherPort4

===========================================================================================
----------------- testing Tue Jun 25 04:44:59 UTC 2019 /home/travis/build/icyphy/ptII/ptolemy/actor/lib/test/auto/ConstantPublisherPort5.xml
----------------- Instantiating /home/travis/build/icyphy/ptII/ptolemy/actor/lib/test/auto/ConstantPublisherPort5.xml
28 ms. Memory: 448512K Free: 370031K (83%)
----------------- Invoking toplevel() on ptolemy.moml.MoMLSimpleApplication@45ad49a6
----------------- Done invoking toplevel() on ptolemy.moml.MoMLSimpleApplication@45ad49a6
reloadAllAccessors: .ConstantPublisherPort5

===========================================================================================
----------------- testing Tue Jun 25 04:44:59 UTC 2019 /home/travis/build/icyphy/ptII/ptolemy/actor/lib/test/auto/ConstantPublisherPort6.xml
----------------- Instantiating /home/travis/build/icyphy/ptII/ptolemy/actor/lib/test/auto/ConstantPublisherPort6.xml
16 ms. Memory: 448512K Free: 360815K (80%)
----------------- Invoking toplevel() on ptolemy.moml.MoMLSimpleApplication@30b5ccaf
----------------- Done invoking toplevel() on ptolemy.moml.MoMLSimpleApplication@30b5ccaf
reloadAllAccessors: .ConstantPublisherPort6

===========================================================================================
----------------- testing Tue Jun 25 04:44:59 UTC 2019 /home/travis/build/icyphy/ptII/ptolemy/actor/lib/test/auto/ConstantPublisherPort7.xml
----------------- Instantiating /home/travis/build/icyphy/ptII/ptolemy/actor/lib/test/auto/ConstantPublisherPort7.xml
15 ms. Memory: 448512K Free: 352113K (79%)
----------------- Invoking toplevel() on ptolemy.moml.MoMLSimpleApplication@7b2f944c
----------------- Done invoking toplevel() on ptolemy.moml.MoMLSimpleApplication@7b2f944c
reloadAllAccessors: .ConstantPublisherPort7

===========================================================================================
----------------- testing Tue Jun 25 04:44:59 UTC 2019 /home/travis/build/icyphy/ptII/ptolemy/actor/lib/test/auto/ConstraintMonitor1.xml
----------------- Instantiating /home/travis/build/icyphy/ptII/ptolemy/actor/lib/test/auto/ConstraintMonitor1.xml
2 ms. Memory: 448512K Free: 346993K (77%)
----------------- Invoking toplevel() on ptolemy.moml.MoMLSimpleApplication@1832cbd8
----------------- Done invoking toplevel() on ptolemy.moml.MoMLSimpleApplication@1832cbd8
reloadAllAccessors: .ConstraintMonitor1

===========================================================================================
----------------- testing Tue Jun 25 04:44:59 UTC 2019 /home/travis/build/icyphy/ptII/ptolemy/actor/lib/test/auto/ConstraintMonitor2.xml
----------------- Instantiating /home/travis/build/icyphy/ptII/ptolemy/actor/lib/test/auto/ConstraintMonitor2.xml
2 ms. Memory: 448512K Free: 342383K (76%)
----------------- Invoking toplevel() on ptolemy.moml.MoMLSimpleApplication@95bb7f2
----------------- Done invoking toplevel() on ptolemy.moml.MoMLSimpleApplication@95bb7f2
reloadAllAccessors: .ConstraintMonitor2

===========================================================================================
----------------- testing Tue Jun 25 04:44:59 UTC 2019 /home/travis/build/icyphy/ptII/ptolemy/actor/lib/test/auto/ConstraintMonitor3.xml
----------------- Instantiating /home/travis/build/icyphy/ptII/ptolemy/actor/lib/test/auto/ConstraintMonitor3.xml
8 ms. Memory: 448512K Free: 337777K (75%)
----------------- Invoking toplevel() on ptolemy.moml.MoMLSimpleApplication@75400a62
----------------- Done invoking toplevel() on ptolemy.moml.MoMLSimpleApplication@75400a62
reloadAllAccessors: .ConstraintMonitor3

===========================================================================================
----------------- testing Tue Jun 25 04:45:00 UTC 2019 /home/travis/build/icyphy/ptII/ptolemy/actor/lib/test/auto/ConstraintMonitor4.xml
----------------- Instantiating /home/travis/build/icyphy/ptII/ptolemy/actor/lib/test/auto/ConstraintMonitor4.xml
1 ms. Memory: 448512K Free: 332657K (74%)
----------------- Invoking toplevel() on ptolemy.moml.MoMLSimpleApplication@51e333e6
----------------- Done invoking toplevel() on ptolemy.moml.MoMLSimpleApplication@51e333e6
reloadAllAccessors: .ConstraintMonitor4

===========================================================================================
----------------- testing Tue Jun 25 04:45:00 UTC 2019 /home/travis/build/icyphy/ptII/ptolemy/actor/lib/test/auto/ConstraintMonitor5.xml
----------------- Instantiating /home/travis/build/icyphy/ptII/ptolemy/actor/lib/test/auto/ConstraintMonitor5.xml
2 ms. Memory: 448512K Free: 328047K (73%)
----------------- Invoking toplevel() on ptolemy.moml.MoMLSimpleApplication@87759a9
----------------- Done invoking toplevel() on ptolemy.moml.MoMLSimpleApplication@87759a9
reloadAllAccessors: .ConstraintMonitor5

===========================================================================================
----------------- testing Tue Jun 25 04:45:00 UTC 2019 /home/travis/build/icyphy/ptII/ptolemy/actor/lib/test/auto/ConstraintMonitor6.xml
----------------- Instantiating /home/travis/build/icyphy/ptII/ptolemy/actor/lib/test/auto/ConstraintMonitor6.xml
4 ms. Memory: 448512K Free: 321873K (72%)
----------------- Invoking toplevel() on ptolemy.moml.MoMLSimpleApplication@69794ae8
----------------- Done invoking toplevel() on ptolemy.moml.MoMLSimpleApplication@69794ae8
reloadAllAccessors: .ConstraintMonitor6

===========================================================================================
----------------- testing Tue Jun 25 04:45:00 UTC 2019 /home/travis/build/icyphy/ptII/ptolemy/actor/lib/test/auto/ConstraintMonitor7.xml
----------------- Instantiating /home/travis/build/icyphy/ptII/ptolemy/actor/lib/test/auto/ConstraintMonitor7.xml
3 ms. Memory: 448512K Free: 315249K (70%)
----------------- Invoking toplevel() on ptolemy.moml.MoMLSimpleApplication@3b4e8658
----------------- Done invoking toplevel() on ptolemy.moml.MoMLSimpleApplication@3b4e8658
reloadAllAccessors: .ConstraintMonitor7

===========================================================================================
----------------- testing Tue Jun 25 04:45:00 UTC 2019 /home/travis/build/icyphy/ptII/ptolemy/actor/lib/test/auto/ConstraintMonitor8.xml
----------------- Instantiating /home/travis/build/icyphy/ptII/ptolemy/actor/lib/test/auto/ConstraintMonitor8.xml
4 ms. Memory: 448512K Free: 308081K (69%)
----------------- Invoking toplevel() on ptolemy.moml.MoMLSimpleApplication@514bcf3f
----------------- Done invoking toplevel() on ptolemy.moml.MoMLSimpleApplication@514bcf3f
reloadAllAccessors: .ConstraintMonitor8

===========================================================================================
----------------- testing Tue Jun 25 04:45:00 UTC 2019 /home/travis/build/icyphy/ptII/ptolemy/actor/lib/test/auto/Counter.xml
----------------- Instantiating /home/travis/build/icyphy/ptII/ptolemy/actor/lib/test/auto/Counter.xml
3 ms. Memory: 448512K Free: 302961K (68%)
----------------- Invoking toplevel() on ptolemy.moml.MoMLSimpleApplication@1e8e4c3d
----------------- Done invoking toplevel() on ptolemy.moml.MoMLSimpleApplication@1e8e4c3d
reloadAllAccessors: .Counter

===========================================================================================
----------------- testing Tue Jun 25 04:45:00 UTC 2019 /home/travis/build/icyphy/ptII/ptolemy/actor/lib/test/auto/CurrentTimeSDF.xml
----------------- Instantiating /home/travis/build/icyphy/ptII/ptolemy/actor/lib/test/auto/CurrentTimeSDF.xml
1 ms. Memory: 448512K Free: 298865K (67%)
----------------- Invoking toplevel() on ptolemy.moml.MoMLSimpleApplication@101beb7d
----------------- Done invoking toplevel() on ptolemy.moml.MoMLSimpleApplication@101beb7d
reloadAllAccessors: .CurrentTimeSDF

===========================================================================================
----------------- testing Tue Jun 25 04:45:00 UTC 2019 /home/travis/build/icyphy/ptII/ptolemy/actor/lib/test/auto/DB.xml
----------------- Instantiating /home/travis/build/icyphy/ptII/ptolemy/actor/lib/test/auto/DB.xml
2 ms. Memory: 448512K Free: 294255K (66%)
----------------- Invoking toplevel() on ptolemy.moml.MoMLSimpleApplication@33cba78
----------------- Done invoking toplevel() on ptolemy.moml.MoMLSimpleApplication@33cba78
reloadAllAccessors: .DB

===========================================================================================
----------------- testing Tue Jun 25 04:45:00 UTC 2019 /home/travis/build/icyphy/ptII/ptolemy/actor/lib/test/auto/DBDE.xml
----------------- Instantiating /home/travis/build/icyphy/ptII/ptolemy/actor/lib/test/auto/DBDE.xml
3 ms. Memory: 448512K Free: 288105K (64%)
----------------- Invoking toplevel() on ptolemy.moml.MoMLSimpleApplication@3cdda825
----------------- Done invoking toplevel() on ptolemy.moml.MoMLSimpleApplication@3cdda825
reloadAllAccessors: .DBDE

===========================================================================================
----------------- testing Tue Jun 25 04:45:00 UTC 2019 /home/travis/build/icyphy/ptII/ptolemy/actor/lib/test/auto/DateConstructor.xml
----------------- Instantiating /home/travis/build/icyphy/ptII/ptolemy/actor/lib/test/auto/DateConstructor.xml
28 ms. Memory: 448512K Free: 270703K (60%)
----------------- Invoking toplevel() on ptolemy.moml.MoMLSimpleApplication@4f2528b
----------------- Done invoking toplevel() on ptolemy.moml.MoMLSimpleApplication@4f2528b
reloadAllAccessors: .DateConstructor

===========================================================================================
----------------- testing Tue Jun 25 04:45:00 UTC 2019 /home/travis/build/icyphy/ptII/ptolemy/actor/lib/test/auto/DelayTime.xml
----------------- Instantiating /home/travis/build/icyphy/ptII/ptolemy/actor/lib/test/auto/DelayTime.xml
6 ms. Memory: 448512K Free: 266097K (59%)
----------------- Invoking toplevel() on ptolemy.moml.MoMLSimpleApplication@152a5224
----------------- Done invoking toplevel() on ptolemy.moml.MoMLSimpleApplication@152a5224
reloadAllAccessors: .DelayTime

===========================================================================================
----------------- testing Tue Jun 25 04:45:00 UTC 2019 /home/travis/build/icyphy/ptII/ptolemy/actor/lib/test/auto/Dictionary1.xml
----------------- Instantiating /home/travis/build/icyphy/ptII/ptolemy/actor/lib/test/auto/Dictionary1.xml
1 ms. Memory: 448512K Free: 260463K (58%)
----------------- Invoking toplevel() on ptolemy.moml.MoMLSimpleApplication@392a9545
----------------- Done invoking toplevel() on ptolemy.moml.MoMLSimpleApplication@392a9545
reloadAllAccessors: .Dictionary1

===========================================================================================
----------------- testing Tue Jun 25 04:45:00 UTC 2019 /home/travis/build/icyphy/ptII/ptolemy/actor/lib/test/auto/Dictionary2.xml
----------------- Instantiating /home/travis/build/icyphy/ptII/ptolemy/actor/lib/test/auto/Dictionary2.xml
4 ms. Memory: 448512K Free: 254833K (57%)
----------------- Invoking toplevel() on ptolemy.moml.MoMLSimpleApplication@12ebd165
----------------- Done invoking toplevel() on ptolemy.moml.MoMLSimpleApplication@12ebd165
reloadAllAccessors: .Dictionary2

===========================================================================================
----------------- testing Tue Jun 25 04:45:00 UTC 2019 /home/travis/build/icyphy/ptII/ptolemy/actor/lib/test/auto/Dictionary3.xml
----------------- Instantiating /home/travis/build/icyphy/ptII/ptolemy/actor/lib/test/auto/Dictionary3.xml
2 ms. Memory: 448512K Free: 249713K (56%)
----------------- Invoking toplevel() on ptolemy.moml.MoMLSimpleApplication@d784e91
----------------- Done invoking toplevel() on ptolemy.moml.MoMLSimpleApplication@d784e91
reloadAllAccessors: .Dictionary3

===========================================================================================
----------------- testing Tue Jun 25 04:45:00 UTC 2019 /home/travis/build/icyphy/ptII/ptolemy/actor/lib/test/auto/Dictionary4.xml
----------------- Instantiating /home/travis/build/icyphy/ptII/ptolemy/actor/lib/test/auto/Dictionary4.xml
4 ms. Memory: 448512K Free: 242545K (54%)
----------------- Invoking toplevel() on ptolemy.moml.MoMLSimpleApplication@31a976b6
----------------- Done invoking toplevel() on ptolemy.moml.MoMLSimpleApplication@31a976b6
reloadAllAccessors: .Dictionary4

===========================================================================================
----------------- testing Tue Jun 25 04:45:00 UTC 2019 /home/travis/build/icyphy/ptII/ptolemy/actor/lib/test/auto/Differential.xml
----------------- Instantiating /home/travis/build/icyphy/ptII/ptolemy/actor/lib/test/auto/Differential.xml
3 ms. Memory: 448512K Free: 237935K (53%)
----------------- Invoking toplevel() on ptolemy.moml.MoMLSimpleApplication@75ecd87d
----------------- Done invoking toplevel() on ptolemy.moml.MoMLSimpleApplication@75ecd87d
reloadAllAccessors: .Differential

===========================================================================================
----------------- testing Tue Jun 25 04:45:00 UTC 2019 /home/travis/build/icyphy/ptII/ptolemy/actor/lib/test/auto/Director.xml
----------------- Instantiating /home/travis/build/icyphy/ptII/ptolemy/actor/lib/test/auto/Director.xml
1 ms. Memory: 448512K Free: 234353K (52%)
----------------- Invoking toplevel() on ptolemy.moml.MoMLSimpleApplication@6bbc185f
----------------- Done invoking toplevel() on ptolemy.moml.MoMLSimpleApplication@6bbc185f
reloadAllAccessors: .Director

===========================================================================================
----------------- testing Tue Jun 25 04:45:00 UTC 2019 /home/travis/build/icyphy/ptII/ptolemy/actor/lib/test/auto/DiscreteClock.xml
----------------- Instantiating /home/travis/build/icyphy/ptII/ptolemy/actor/lib/test/auto/DiscreteClock.xml
1 ms. Memory: 448512K Free: 230767K (51%)
----------------- Invoking toplevel() on ptolemy.moml.MoMLSimpleApplication@63083a42
----------------- Done invoking toplevel() on ptolemy.moml.MoMLSimpleApplication@63083a42
reloadAllAccessors: .DiscreteClock

===========================================================================================
----------------- testing Tue Jun 25 04:45:00 UTC 2019 /home/travis/build/icyphy/ptII/ptolemy/actor/lib/test/auto/DiscreteClock10.xml
----------------- Instantiating /home/travis/build/icyphy/ptII/ptolemy/actor/lib/test/auto/DiscreteClock10.xml
4 ms. Memory: 448512K Free: 224623K (50%)
----------------- Invoking toplevel() on ptolemy.moml.MoMLSimpleApplication@3f0848f4
----------------- Done invoking toplevel() on ptolemy.moml.MoMLSimpleApplication@3f0848f4
reloadAllAccessors: .DiscreteClock10

===========================================================================================
----------------- testing Tue Jun 25 04:45:00 UTC 2019 /home/travis/build/icyphy/ptII/ptolemy/actor/lib/test/auto/DiscreteClock11.xml
----------------- Instantiating /home/travis/build/icyphy/ptII/ptolemy/actor/lib/test/auto/DiscreteClock11.xml
5 ms. Memory: 448512K Free: 218479K (49%)
----------------- Invoking toplevel() on ptolemy.moml.MoMLSimpleApplication@1c2bdaa6
----------------- Done invoking toplevel() on ptolemy.moml.MoMLSimpleApplication@1c2bdaa6
reloadAllAccessors: .DiscreteClock11

===========================================================================================
----------------- testing Tue Jun 25 04:45:00 UTC 2019 /home/travis/build/icyphy/ptII/ptolemy/actor/lib/test/auto/DiscreteClock12.xml
----------------- Instantiating /home/travis/build/icyphy/ptII/ptolemy/actor/lib/test/auto/DiscreteClock12.xml
3 ms. Memory: 448512K Free: 212849K (47%)
----------------- Invoking toplevel() on ptolemy.moml.MoMLSimpleApplication@71ba43f
----------------- Done invoking toplevel() on ptolemy.moml.MoMLSimpleApplication@71ba43f
reloadAllAccessors: .DiscreteClock12

===========================================================================================
----------------- testing Tue Jun 25 04:45:00 UTC 2019 /home/travis/build/icyphy/ptII/ptolemy/actor/lib/test/auto/DiscreteClock13.xml
----------------- Instantiating /home/travis/build/icyphy/ptII/ptolemy/actor/lib/test/auto/DiscreteClock13.xml
6 ms. Memory: 448512K Free: 206705K (46%)
----------------- Invoking toplevel() on ptolemy.moml.MoMLSimpleApplication@4a744568
----------------- Done invoking toplevel() on ptolemy.moml.MoMLSimpleApplication@4a744568
reloadAllAccessors: .DiscreteClock13

===========================================================================================
----------------- testing Tue Jun 25 04:45:00 UTC 2019 /home/travis/build/icyphy/ptII/ptolemy/actor/lib/test/auto/DiscreteClock14.xml
----------------- Instantiating /home/travis/build/icyphy/ptII/ptolemy/actor/lib/test/auto/DiscreteClock14.xml
6 ms. Memory: 448512K Free: 200561K (45%)
----------------- Invoking toplevel() on ptolemy.moml.MoMLSimpleApplication@4546638
----------------- Done invoking toplevel() on ptolemy.moml.MoMLSimpleApplication@4546638
reloadAllAccessors: .DiscreteClock14

===========================================================================================
----------------- testing Tue Jun 25 04:45:00 UTC 2019 /home/travis/build/icyphy/ptII/ptolemy/actor/lib/test/auto/DiscreteClock15.xml
----------------- Instantiating /home/travis/build/icyphy/ptII/ptolemy/actor/lib/test/auto/DiscreteClock15.xml
6 ms. Memory: 448512K Free: 194417K (43%)
----------------- Invoking toplevel() on ptolemy.moml.MoMLSimpleApplication@79d77089
----------------- Done invoking toplevel() on ptolemy.moml.MoMLSimpleApplication@79d77089
reloadAllAccessors: .DiscreteClock15

===========================================================================================
----------------- testing Tue Jun 25 04:45:00 UTC 2019 /home/travis/build/icyphy/ptII/ptolemy/actor/lib/test/auto/DiscreteClock16.xml
----------------- Instantiating /home/travis/build/icyphy/ptII/ptolemy/actor/lib/test/auto/DiscreteClock16.xml
17 ms. Memory: 448512K Free: 181105K (40%)
----------------- Invoking toplevel() on ptolemy.moml.MoMLSimpleApplication@254f7d99
----------------- Done invoking toplevel() on ptolemy.moml.MoMLSimpleApplication@254f7d99
reloadAllAccessors: .DiscreteClock16

===========================================================================================
----------------- testing Tue Jun 25 04:45:00 UTC 2019 /home/travis/build/icyphy/ptII/ptolemy/actor/lib/test/auto/DiscreteClock17.xml
----------------- Instantiating /home/travis/build/icyphy/ptII/ptolemy/actor/lib/test/auto/DiscreteClock17.xml
21 ms. Memory: 448512K Free: 166225K (37%)
----------------- Invoking toplevel() on ptolemy.moml.MoMLSimpleApplication@3f4c09bd
----------------- Done invoking toplevel() on ptolemy.moml.MoMLSimpleApplication@3f4c09bd
reloadAllAccessors: .DiscreteClock17

===========================================================================================
----------------- testing Tue Jun 25 04:45:00 UTC 2019 /home/travis/build/icyphy/ptII/ptolemy/actor/lib/test/auto/DiscreteClock18.xml
----------------- Instantiating /home/travis/build/icyphy/ptII/ptolemy/actor/lib/test/auto/DiscreteClock18.xml
27 ms. Memory: 448512K Free: 152433K (34%)
----------------- Invoking toplevel() on ptolemy.moml.MoMLSimpleApplication@19b0bf41
----------------- Done invoking toplevel() on ptolemy.moml.MoMLSimpleApplication@19b0bf41
reloadAllAccessors: .DiscreteClock18

===========================================================================================
----------------- testing Tue Jun 25 04:45:00 UTC 2019 /home/travis/build/icyphy/ptII/ptolemy/actor/lib/test/auto/DiscreteClock19.xml
----------------- Instantiating /home/travis/build/icyphy/ptII/ptolemy/actor/lib/test/auto/DiscreteClock19.xml
22 ms. Memory: 448512K Free: 138593K (31%)
----------------- Invoking toplevel() on ptolemy.moml.MoMLSimpleApplication@31f5088d
----------------- Done invoking toplevel() on ptolemy.moml.MoMLSimpleApplication@31f5088d
reloadAllAccessors: .DiscreteClock19

===========================================================================================
----------------- testing Tue Jun 25 04:45:00 UTC 2019 /home/travis/build/icyphy/ptII/ptolemy/actor/lib/test/auto/DiscreteClock2.xml
----------------- Instantiating /home/travis/build/icyphy/ptII/ptolemy/actor/lib/test/auto/DiscreteClock2.xml
4 ms. Memory: 448512K Free: 399420K (89%)
----------------- Invoking toplevel() on ptolemy.moml.MoMLSimpleApplication@49f25839
----------------- Done invoking toplevel() on ptolemy.moml.MoMLSimpleApplication@49f25839
reloadAllAccessors: .DiscreteClock2

===========================================================================================
----------------- testing Tue Jun 25 04:45:00 UTC 2019 /home/travis/build/icyphy/ptII/ptolemy/actor/lib/test/auto/DiscreteClock20.xml
----------------- Instantiating /home/travis/build/icyphy/ptII/ptolemy/actor/lib/test/auto/DiscreteClock20.xml
6 ms. Memory: 448512K Free: 393804K (88%)
----------------- Invoking toplevel() on ptolemy.moml.MoMLSimpleApplication@1f5725d
----------------- Done invoking toplevel() on ptolemy.moml.MoMLSimpleApplication@1f5725d
reloadAllAccessors: .DiscreteClock20

===========================================================================================
----------------- testing Tue Jun 25 04:45:00 UTC 2019 /home/travis/build/icyphy/ptII/ptolemy/actor/lib/test/auto/DiscreteClock21.xml
----------------- Instantiating /home/travis/build/icyphy/ptII/ptolemy/actor/lib/test/auto/DiscreteClock21.xml
3 ms. Memory: 448512K Free: 388170K (87%)
----------------- Invoking toplevel() on ptolemy.moml.MoMLSimpleApplication@107dabf4
----------------- Done invoking toplevel() on ptolemy.moml.MoMLSimpleApplication@107dabf4
reloadAllAccessors: .DiscreteClock21

===========================================================================================
----------------- testing Tue Jun 25 04:45:00 UTC 2019 /home/travis/build/icyphy/ptII/ptolemy/actor/lib/test/auto/DiscreteClock22.xml
----------------- Instantiating /home/travis/build/icyphy/ptII/ptolemy/actor/lib/test/auto/DiscreteClock22.xml
3 ms. Memory: 448512K Free: 382540K (85%)
----------------- Invoking toplevel() on ptolemy.moml.MoMLSimpleApplication@b95433b
----------------- Done invoking toplevel() on ptolemy.moml.MoMLSimpleApplication@b95433b
reloadAllAccessors: .DiscreteClock22

===========================================================================================
----------------- testing Tue Jun 25 04:45:00 UTC 2019 /home/travis/build/icyphy/ptII/ptolemy/actor/lib/test/auto/DiscreteClock23.xml
----------------- Instantiating /home/travis/build/icyphy/ptII/ptolemy/actor/lib/test/auto/DiscreteClock23.xml
8 ms. Memory: 448512K Free: 376906K (84%)
----------------- Invoking toplevel() on ptolemy.moml.MoMLSimpleApplication@3893b2c
----------------- Done invoking toplevel() on ptolemy.moml.MoMLSimpleApplication@3893b2c
reloadAllAccessors: .DiscreteClock23

===========================================================================================
----------------- testing Tue Jun 25 04:45:00 UTC 2019 /home/travis/build/icyphy/ptII/ptolemy/actor/lib/test/auto/DiscreteClock24.xml
----------------- Instantiating /home/travis/build/icyphy/ptII/ptolemy/actor/lib/test/auto/DiscreteClock24.xml
2 ms. Memory: 448512K Free: 371786K (83%)
----------------- Invoking toplevel() on ptolemy.moml.MoMLSimpleApplication@36c234c4
----------------- Done invoking toplevel() on ptolemy.moml.MoMLSimpleApplication@36c234c4
reloadAllAccessors: .DiscreteClock24

===========================================================================================
----------------- testing Tue Jun 25 04:45:00 UTC 2019 /home/travis/build/icyphy/ptII/ptolemy/actor/lib/test/auto/DiscreteClock4.xml
----------------- Instantiating /home/travis/build/icyphy/ptII/ptolemy/actor/lib/test/auto/DiscreteClock4.xml
4 ms. Memory: 448512K Free: 366156K (82%)
----------------- Invoking toplevel() on ptolemy.moml.MoMLSimpleApplication@599e1d98
----------------- Done invoking toplevel() on ptolemy.moml.MoMLSimpleApplication@599e1d98
reloadAllAccessors: .DiscreteClock4

===========================================================================================
----------------- testing Tue Jun 25 04:45:00 UTC 2019 /home/travis/build/icyphy/ptII/ptolemy/actor/lib/test/auto/DiscreteClock5.xml
----------------- Instantiating /home/travis/build/icyphy/ptII/ptolemy/actor/lib/test/auto/DiscreteClock5.xml
1 ms. Memory: 448512K Free: 360508K (80%)
----------------- Invoking toplevel() on ptolemy.moml.MoMLSimpleApplication@4d3d717b
----------------- Done invoking toplevel() on ptolemy.moml.MoMLSimpleApplication@4d3d717b
reloadAllAccessors: .DiscreteClock5

===========================================================================================
----------------- testing Tue Jun 25 04:45:00 UTC 2019 /home/travis/build/icyphy/ptII/ptolemy/actor/lib/test/auto/DiscreteClock6.xml
----------------- Instantiating /home/travis/build/icyphy/ptII/ptolemy/actor/lib/test/auto/DiscreteClock6.xml
5 ms. Memory: 448512K Free: 355916K (79%)
----------------- Invoking toplevel() on ptolemy.moml.MoMLSimpleApplication@79eac137
----------------- Done invoking toplevel() on ptolemy.moml.MoMLSimpleApplication@79eac137
reloadAllAccessors: .DiscreteClock6

===========================================================================================
----------------- testing Tue Jun 25 04:45:00 UTC 2019 /home/travis/build/icyphy/ptII/ptolemy/actor/lib/test/auto/DiscreteClock7.xml
----------------- Instantiating /home/travis/build/icyphy/ptII/ptolemy/actor/lib/test/auto/DiscreteClock7.xml
2 ms. Memory: 448512K Free: 351306K (78%)
----------------- Invoking toplevel() on ptolemy.moml.MoMLSimpleApplication@753d3c68
----------------- Done invoking toplevel() on ptolemy.moml.MoMLSimpleApplication@753d3c68
reloadAllAccessors: .DiscreteClock7

===========================================================================================
----------------- testing Tue Jun 25 04:45:00 UTC 2019 /home/travis/build/icyphy/ptII/ptolemy/actor/lib/test/auto/DiscreteClock8.xml
----------------- Instantiating /home/travis/build/icyphy/ptII/ptolemy/actor/lib/test/auto/DiscreteClock8.xml
5 ms. Memory: 448512K Free: 345676K (77%)
----------------- Invoking toplevel() on ptolemy.moml.MoMLSimpleApplication@7f55b318
----------------- Done invoking toplevel() on ptolemy.moml.MoMLSimpleApplication@7f55b318
reloadAllAccessors: .DiscreteClock8

===========================================================================================
----------------- testing Tue Jun 25 04:45:01 UTC 2019 /home/travis/build/icyphy/ptII/ptolemy/actor/lib/test/auto/DiscreteClock9.xml
----------------- Instantiating /home/travis/build/icyphy/ptII/ptolemy/actor/lib/test/auto/DiscreteClock9.xml
5 ms. Memory: 448512K Free: 339532K (76%)
----------------- Invoking toplevel() on ptolemy.moml.MoMLSimpleApplication@1ad7fcfa
----------------- Done invoking toplevel() on ptolemy.moml.MoMLSimpleApplication@1ad7fcfa
reloadAllAccessors: .DiscreteClock9

===========================================================================================
----------------- testing Tue Jun 25 04:45:01 UTC 2019 /home/travis/build/icyphy/ptII/ptolemy/actor/lib/test/auto/DisplayArray.xml
----------------- Instantiating /home/travis/build/icyphy/ptII/ptolemy/actor/lib/test/auto/DisplayArray.xml
1 ms. Memory: 448512K Free: 335946K (75%)
----------------- Invoking toplevel() on ptolemy.moml.MoMLSimpleApplication@510581c
----------------- Done invoking toplevel() on ptolemy.moml.MoMLSimpleApplication@510581c
reloadAllAccessors: .DisplayArray

===========================================================================================
----------------- testing Tue Jun 25 04:45:01 UTC 2019 /home/travis/build/icyphy/ptII/ptolemy/actor/lib/test/auto/Distributor.xml
----------------- Instantiating /home/travis/build/icyphy/ptII/ptolemy/actor/lib/test/auto/Distributor.xml
1 ms. Memory: 448512K Free: 331340K (74%)
----------------- Invoking toplevel() on ptolemy.moml.MoMLSimpleApplication@4d090d0a
----------------- Done invoking toplevel() on ptolemy.moml.MoMLSimpleApplication@4d090d0a
reloadAllAccessors: .Distributor

===========================================================================================
----------------- testing Tue Jun 25 04:45:01 UTC 2019 /home/travis/build/icyphy/ptII/ptolemy/actor/lib/test/auto/Distributor2.xml
----------------- Instantiating /home/travis/build/icyphy/ptII/ptolemy/actor/lib/test/auto/Distributor2.xml
1 ms. Memory: 448512K Free: 326220K (73%)
----------------- Invoking toplevel() on ptolemy.moml.MoMLSimpleApplication@3a444ac7
----------------- Done invoking toplevel() on ptolemy.moml.MoMLSimpleApplication@3a444ac7
reloadAllAccessors: .Distributor2

===========================================================================================
----------------- testing Tue Jun 25 04:45:01 UTC 2019 /home/travis/build/icyphy/ptII/ptolemy/actor/lib/test/auto/DownSample.xml
----------------- Instantiating /home/travis/build/icyphy/ptII/ptolemy/actor/lib/test/auto/DownSample.xml
1 ms. Memory: 448512K Free: 321610K (72%)
----------------- Invoking toplevel() on ptolemy.moml.MoMLSimpleApplication@424d648f
----------------- Done invoking toplevel() on ptolemy.moml.MoMLSimpleApplication@424d648f
reloadAllAccessors: .DownSample

===========================================================================================
----------------- testing Tue Jun 25 04:45:01 UTC 2019 /home/travis/build/icyphy/ptII/ptolemy/actor/lib/test/auto/ElectronicUnitBase1.xml
----------------- Instantiating /home/travis/build/icyphy/ptII/ptolemy/actor/lib/test/auto/ElectronicUnitBase1.xml
21 ms. Memory: 448512K Free: 305740K (68%)
----------------- Invoking toplevel() on ptolemy.moml.MoMLSimpleApplication@6052bed4
----------------- Done invoking toplevel() on ptolemy.moml.MoMLSimpleApplication@6052bed4
reloadAllAccessors: .ElectronicUnitBase1

===========================================================================================
----------------- testing Tue Jun 25 04:45:01 UTC 2019 /home/travis/build/icyphy/ptII/ptolemy/actor/lib/test/auto/ElementsToArray.xml
----------------- Instantiating /home/travis/build/icyphy/ptII/ptolemy/actor/lib/test/auto/ElementsToArray.xml
3 ms. Memory: 448512K Free: 300620K (67%)
----------------- Invoking toplevel() on ptolemy.moml.MoMLSimpleApplication@43f4c970
----------------- Done invoking toplevel() on ptolemy.moml.MoMLSimpleApplication@43f4c970
reloadAllAccessors: .ElementsToArray

===========================================================================================
----------------- testing Tue Jun 25 04:45:01 UTC 2019 /home/travis/build/icyphy/ptII/ptolemy/actor/lib/test/auto/Equals.xml
----------------- Instantiating /home/travis/build/icyphy/ptII/ptolemy/actor/lib/test/auto/Equals.xml
3 ms. Memory: 448512K Free: 296524K (66%)
----------------- Invoking toplevel() on ptolemy.moml.MoMLSimpleApplication@32f58341
----------------- Done invoking toplevel() on ptolemy.moml.MoMLSimpleApplication@32f58341
reloadAllAccessors: .Equals

===========================================================================================
----------------- testing Tue Jun 25 04:45:01 UTC 2019 /home/travis/build/icyphy/ptII/ptolemy/actor/lib/test/auto/Exec.xml
----------------- Instantiating /home/travis/build/icyphy/ptII/ptolemy/actor/lib/test/auto/Exec.xml
22 ms. Memory: 448512K Free: 290890K (65%)
----------------- Invoking toplevel() on ptolemy.moml.MoMLSimpleApplication@2d44c5b4
----------------- Done invoking toplevel() on ptolemy.moml.MoMLSimpleApplication@2d44c5b4
reloadAllAccessors: .Exec

===========================================================================================
----------------- testing Tue Jun 25 04:45:01 UTC 2019 /home/travis/build/icyphy/ptII/ptolemy/actor/lib/test/auto/ExecEnvironment.xml
----------------- Instantiating /home/travis/build/icyphy/ptII/ptolemy/actor/lib/test/auto/ExecEnvironment.xml
32 ms. Memory: 448512K Free: 284236K (63%)
----------------- Invoking toplevel() on ptolemy.moml.MoMLSimpleApplication@448f11d6
----------------- Done invoking toplevel() on ptolemy.moml.MoMLSimpleApplication@448f11d6
reloadAllAccessors: .ExecEnvironment

===========================================================================================
----------------- testing Tue Jun 25 04:45:01 UTC 2019 /home/travis/build/icyphy/ptII/ptolemy/actor/lib/test/auto/ExecNonZeroReturnOutput.xml
----------------- Instantiating /home/travis/build/icyphy/ptII/ptolemy/actor/lib/test/auto/ExecNonZeroReturnOutput.xml
196 ms. Memory: 448512K Free: 272972K (61%)
----------------- Invoking toplevel() on ptolemy.moml.MoMLSimpleApplication@21480dc3
----------------- Done invoking toplevel() on ptolemy.moml.MoMLSimpleApplication@21480dc3
reloadAllAccessors: .ExecNonZeroReturnOutput

===========================================================================================
----------------- testing Tue Jun 25 04:45:01 UTC 2019 /home/travis/build/icyphy/ptII/ptolemy/actor/lib/test/auto/ExecRunDemos.xml
----------------- Instantiating /home/travis/build/icyphy/ptII/ptolemy/actor/lib/test/auto/ExecRunDemos.xml
10930 ms. Memory: 448512K Free: 253516K (57%)

===========================================================================================
----------------- testing Tue Jun 25 04:45:12 UTC 2019 /home/travis/build/icyphy/ptII/ptolemy/actor/lib/test/auto/ExecStop.xml
----------------- Instantiating /home/travis/build/icyphy/ptII/ptolemy/actor/lib/test/auto/ExecStop.xml
5011 ms. Memory: 448512K Free: 393929K (88%)
----------------- Invoking toplevel() on ptolemy.moml.MoMLSimpleApplication@726d3a8c
----------------- Done invoking toplevel() on ptolemy.moml.MoMLSimpleApplication@726d3a8c
reloadAllAccessors: .ExecStop

===========================================================================================
----------------- testing Tue Jun 25 04:45:17 UTC 2019 /home/travis/build/icyphy/ptII/ptolemy/actor/lib/test/auto/ExecutionTimeSDF.xml
----------------- Instantiating /home/travis/build/icyphy/ptII/ptolemy/actor/lib/test/auto/ExecutionTimeSDF.xml
Fired ExecutionTime: -1858567296
Fired ExecutionTime: 1077200000
Fired ExecutionTime: -1653767296
6004 ms. Memory: 448512K Free: 381131K (85%)
----------------- Invoking toplevel() on ptolemy.moml.MoMLSimpleApplication@388ddcd5
----------------- Done invoking toplevel() on ptolemy.moml.MoMLSimpleApplication@388ddcd5
reloadAllAccessors: .ExecutionTimeSDF

===========================================================================================
----------------- testing Tue Jun 25 04:45:23 UTC 2019 /home/travis/build/icyphy/ptII/ptolemy/actor/lib/test/auto/Expression1.xml
----------------- Instantiating /home/travis/build/icyphy/ptII/ptolemy/actor/lib/test/auto/Expression1.xml
1 ms. Memory: 448512K Free: 377545K (84%)
----------------- Invoking toplevel() on ptolemy.moml.MoMLSimpleApplication@36af49c8
----------------- Done invoking toplevel() on ptolemy.moml.MoMLSimpleApplication@36af49c8
reloadAllAccessors: .Expression1

===========================================================================================
----------------- testing Tue Jun 25 04:45:23 UTC 2019 /home/travis/build/icyphy/ptII/ptolemy/actor/lib/test/auto/Expression10.xml
----------------- Instantiating /home/travis/build/icyphy/ptII/ptolemy/actor/lib/test/auto/Expression10.xml
7 ms. Memory: 448512K Free: 372425K (83%)
----------------- Invoking toplevel() on ptolemy.moml.MoMLSimpleApplication@2620d136
----------------- Done invoking toplevel() on ptolemy.moml.MoMLSimpleApplication@2620d136
reloadAllAccessors: .Expression10

===========================================================================================
----------------- testing Tue Jun 25 04:45:23 UTC 2019 /home/travis/build/icyphy/ptII/ptolemy/actor/lib/test/auto/Expression11.xml
----------------- Instantiating /home/travis/build/icyphy/ptII/ptolemy/actor/lib/test/auto/Expression11.xml
5 ms. Memory: 448512K Free: 367819K (82%)
----------------- Invoking toplevel() on ptolemy.moml.MoMLSimpleApplication@2f2f95ae
----------------- Done invoking toplevel() on ptolemy.moml.MoMLSimpleApplication@2f2f95ae
reloadAllAccessors: .Expression11

===========================================================================================
----------------- testing Tue Jun 25 04:45:23 UTC 2019 /home/travis/build/icyphy/ptII/ptolemy/actor/lib/test/auto/Expression12.xml
----------------- Instantiating /home/travis/build/icyphy/ptII/ptolemy/actor/lib/test/auto/Expression12.xml
3 ms. Memory: 448512K Free: 362185K (81%)
----------------- Invoking toplevel() on ptolemy.moml.MoMLSimpleApplication@76e1f0a0
----------------- Done invoking toplevel() on ptolemy.moml.MoMLSimpleApplication@76e1f0a0
reloadAllAccessors: .Expression12

===========================================================================================
----------------- testing Tue Jun 25 04:45:23 UTC 2019 /home/travis/build/icyphy/ptII/ptolemy/actor/lib/test/auto/Expression13.xml
----------------- Instantiating /home/travis/build/icyphy/ptII/ptolemy/actor/lib/test/auto/Expression13.xml
5 ms. Memory: 448512K Free: 357065K (80%)
----------------- Invoking toplevel() on ptolemy.moml.MoMLSimpleApplication@535625fe
----------------- Done invoking toplevel() on ptolemy.moml.MoMLSimpleApplication@535625fe
reloadAllAccessors: .Expression13

===========================================================================================
----------------- testing Tue Jun 25 04:45:23 UTC 2019 /home/travis/build/icyphy/ptII/ptolemy/actor/lib/test/auto/Expression14.xml
----------------- Instantiating /home/travis/build/icyphy/ptII/ptolemy/actor/lib/test/auto/Expression14.xml
8 ms. Memory: 448512K Free: 350921K (78%)
----------------- Invoking toplevel() on ptolemy.moml.MoMLSimpleApplication@410081a8
----------------- Done invoking toplevel() on ptolemy.moml.MoMLSimpleApplication@410081a8
reloadAllAccessors: .Expression14

===========================================================================================
----------------- testing Tue Jun 25 04:45:23 UTC 2019 /home/travis/build/icyphy/ptII/ptolemy/actor/lib/test/auto/Expression15.xml
----------------- Instantiating /home/travis/build/icyphy/ptII/ptolemy/actor/lib/test/auto/Expression15.xml
2 ms. Memory: 448512K Free: 347339K (77%)
----------------- Invoking toplevel() on ptolemy.moml.MoMLSimpleApplication@6b6a6e80
----------------- Done invoking toplevel() on ptolemy.moml.MoMLSimpleApplication@6b6a6e80
reloadAllAccessors: .Expression15

===========================================================================================
----------------- testing Tue Jun 25 04:45:23 UTC 2019 /home/travis/build/icyphy/ptII/ptolemy/actor/lib/test/auto/Expression16.xml
----------------- Instantiating /home/travis/build/icyphy/ptII/ptolemy/actor/lib/test/auto/Expression16.xml
4 ms. Memory: 448512K Free: 342219K (76%)
----------------- Invoking toplevel() on ptolemy.moml.MoMLSimpleApplication@26a22f1a
----------------- Done invoking toplevel() on ptolemy.moml.MoMLSimpleApplication@26a22f1a
reloadAllAccessors: .Expression16

===========================================================================================
----------------- testing Tue Jun 25 04:45:23 UTC 2019 /home/travis/build/icyphy/ptII/ptolemy/actor/lib/test/auto/Expression17.xml
----------------- Instantiating /home/travis/build/icyphy/ptII/ptolemy/actor/lib/test/auto/Expression17.xml
3 ms. Memory: 448512K Free: 336585K (75%)
----------------- Invoking toplevel() on ptolemy.moml.MoMLSimpleApplication@791275df
----------------- Done invoking toplevel() on ptolemy.moml.MoMLSimpleApplication@791275df
reloadAllAccessors: .Expression17

===========================================================================================
----------------- testing Tue Jun 25 04:45:23 UTC 2019 /home/travis/build/icyphy/ptII/ptolemy/actor/lib/test/auto/Expression18.xml
----------------- Instantiating /home/travis/build/icyphy/ptII/ptolemy/actor/lib/test/auto/Expression18.xml
4 ms. Memory: 448512K Free: 331465K (74%)
----------------- Invoking toplevel() on ptolemy.moml.MoMLSimpleApplication@39ade17f
----------------- Done invoking toplevel() on ptolemy.moml.MoMLSimpleApplication@39ade17f
reloadAllAccessors: .Expression18

===========================================================================================
----------------- testing Tue Jun 25 04:45:23 UTC 2019 /home/travis/build/icyphy/ptII/ptolemy/actor/lib/test/auto/Expression2.xml
----------------- Instantiating /home/travis/build/icyphy/ptII/ptolemy/actor/lib/test/auto/Expression2.xml
3 ms. Memory: 448512K Free: 326345K (73%)
----------------- Invoking toplevel() on ptolemy.moml.MoMLSimpleApplication@2020ff33
----------------- Done invoking toplevel() on ptolemy.moml.MoMLSimpleApplication@2020ff33
reloadAllAccessors: .Expression2

===========================================================================================
----------------- testing Tue Jun 25 04:45:23 UTC 2019 /home/travis/build/icyphy/ptII/ptolemy/actor/lib/test/auto/Expression3.xml
----------------- Instantiating /home/travis/build/icyphy/ptII/ptolemy/actor/lib/test/auto/Expression3.xml
6 ms. Memory: 448512K Free: 321225K (72%)
----------------- Invoking toplevel() on ptolemy.moml.MoMLSimpleApplication@69a765ba
----------------- Done invoking toplevel() on ptolemy.moml.MoMLSimpleApplication@69a765ba
reloadAllAccessors: .Expression3

===========================================================================================
----------------- testing Tue Jun 25 04:45:23 UTC 2019 /home/travis/build/icyphy/ptII/ptolemy/actor/lib/test/auto/Expression4.xml
----------------- Instantiating /home/travis/build/icyphy/ptII/ptolemy/actor/lib/test/auto/Expression4.xml
15 ms. Memory: 448512K Free: 313545K (70%)
----------------- Invoking toplevel() on ptolemy.moml.MoMLSimpleApplication@709f60e2
----------------- Done invoking toplevel() on ptolemy.moml.MoMLSimpleApplication@709f60e2
reloadAllAccessors: .Expression4

===========================================================================================
----------------- testing Tue Jun 25 04:45:23 UTC 2019 /home/travis/build/icyphy/ptII/ptolemy/actor/lib/test/auto/Expression5.xml
----------------- Instantiating /home/travis/build/icyphy/ptII/ptolemy/actor/lib/test/auto/Expression5.xml
4 ms. Memory: 448512K Free: 308427K (69%)
----------------- Invoking toplevel() on ptolemy.moml.MoMLSimpleApplication@4c346cb4
----------------- Done invoking toplevel() on ptolemy.moml.MoMLSimpleApplication@4c346cb4
reloadAllAccessors: .Expression5

===========================================================================================
----------------- testing Tue Jun 25 04:45:23 UTC 2019 /home/travis/build/icyphy/ptII/ptolemy/actor/lib/test/auto/Expression6.xml
----------------- Instantiating /home/travis/build/icyphy/ptII/ptolemy/actor/lib/test/auto/Expression6.xml
3 ms. Memory: 448512K Free: 304331K (68%)
----------------- Invoking toplevel() on ptolemy.moml.MoMLSimpleApplication@394bee2f
----------------- Done invoking toplevel() on ptolemy.moml.MoMLSimpleApplication@394bee2f
reloadAllAccessors: .Expression6

===========================================================================================
----------------- testing Tue Jun 25 04:45:23 UTC 2019 /home/travis/build/icyphy/ptII/ptolemy/actor/lib/test/auto/Expression7.xml
----------------- Instantiating /home/travis/build/icyphy/ptII/ptolemy/actor/lib/test/auto/Expression7.xml
2 ms. Memory: 448512K Free: 299211K (67%)
----------------- Invoking toplevel() on ptolemy.moml.MoMLSimpleApplication@6c1f38b3
----------------- Done invoking toplevel() on ptolemy.moml.MoMLSimpleApplication@6c1f38b3
reloadAllAccessors: .Expression7

===========================================================================================
----------------- testing Tue Jun 25 04:45:23 UTC 2019 /home/travis/build/icyphy/ptII/ptolemy/actor/lib/test/auto/Expression8.xml
----------------- Instantiating /home/travis/build/icyphy/ptII/ptolemy/actor/lib/test/auto/Expression8.xml
9 ms. Memory: 448512K Free: 294091K (66%)
----------------- Invoking toplevel() on ptolemy.moml.MoMLSimpleApplication@2af4ce84
----------------- Done invoking toplevel() on ptolemy.moml.MoMLSimpleApplication@2af4ce84
reloadAllAccessors: .Expression8

===========================================================================================
----------------- testing Tue Jun 25 04:45:23 UTC 2019 /home/travis/build/icyphy/ptII/ptolemy/actor/lib/test/auto/Expression9.xml
----------------- Instantiating /home/travis/build/icyphy/ptII/ptolemy/actor/lib/test/auto/Expression9.xml
1 ms. Memory: 448512K Free: 289995K (65%)
----------------- Invoking toplevel() on ptolemy.moml.MoMLSimpleApplication@5ef0d7e8
----------------- Done invoking toplevel() on ptolemy.moml.MoMLSimpleApplication@5ef0d7e8
reloadAllAccessors: .Expression9

===========================================================================================
----------------- testing Tue Jun 25 04:45:23 UTC 2019 /home/travis/build/icyphy/ptII/ptolemy/actor/lib/test/auto/ExpressionConcatenateArrayType.xml
----------------- Instantiating /home/travis/build/icyphy/ptII/ptolemy/actor/lib/test/auto/ExpressionConcatenateArrayType.xml
3 ms. Memory: 448512K Free: 283337K (63%)
----------------- Invoking toplevel() on ptolemy.moml.MoMLSimpleApplication@4d1aefa3
----------------- Done invoking toplevel() on ptolemy.moml.MoMLSimpleApplication@4d1aefa3
reloadAllAccessors: .ExpressionConcatenateArrayType

===========================================================================================
----------------- testing Tue Jun 25 04:45:24 UTC 2019 /home/travis/build/icyphy/ptII/ptolemy/actor/lib/test/auto/ExpressionConcatenateArrayType2.xml
----------------- Instantiating /home/travis/build/icyphy/ptII/ptolemy/actor/lib/test/auto/ExpressionConcatenateArrayType2.xml
2 ms. Memory: 448512K Free: 277707K (62%)
----------------- Invoking toplevel() on ptolemy.moml.MoMLSimpleApplication@7a2c3c3e
----------------- Done invoking toplevel() on ptolemy.moml.MoMLSimpleApplication@7a2c3c3e
reloadAllAccessors: .ExpressionConcatenateArrayType2

===========================================================================================
----------------- testing Tue Jun 25 04:45:24 UTC 2019 /home/travis/build/icyphy/ptII/ptolemy/actor/lib/test/auto/ExpressionFix.xml
----------------- Instantiating /home/travis/build/icyphy/ptII/ptolemy/actor/lib/test/auto/ExpressionFix.xml
27 ms. Memory: 448512K Free: 271563K (61%)
----------------- Invoking toplevel() on ptolemy.moml.MoMLSimpleApplication@52d64ec3
----------------- Done invoking toplevel() on ptolemy.moml.MoMLSimpleApplication@52d64ec3
reloadAllAccessors: .ExpressionFix

===========================================================================================
----------------- testing Tue Jun 25 04:45:24 UTC 2019 /home/travis/build/icyphy/ptII/ptolemy/actor/lib/test/auto/ExpressionFix2.xml
----------------- Instantiating /home/travis/build/icyphy/ptII/ptolemy/actor/lib/test/auto/ExpressionFix2.xml
4 ms. Memory: 448512K Free: 266953K (60%)
----------------- Invoking toplevel() on ptolemy.moml.MoMLSimpleApplication@3093896f
----------------- Done invoking toplevel() on ptolemy.moml.MoMLSimpleApplication@3093896f
reloadAllAccessors: .ExpressionFix2

===========================================================================================
----------------- testing Tue Jun 25 04:45:24 UTC 2019 /home/travis/build/icyphy/ptII/ptolemy/actor/lib/test/auto/ExpressionFix3.xml
----------------- Instantiating /home/travis/build/icyphy/ptII/ptolemy/actor/lib/test/auto/ExpressionFix3.xml
3 ms. Memory: 448512K Free: 262347K (58%)
----------------- Invoking toplevel() on ptolemy.moml.MoMLSimpleApplication@28206207
----------------- Done invoking toplevel() on ptolemy.moml.MoMLSimpleApplication@28206207
reloadAllAccessors: .ExpressionFix3

===========================================================================================
----------------- testing Tue Jun 25 04:45:24 UTC 2019 /home/travis/build/icyphy/ptII/ptolemy/actor/lib/test/auto/FileWriter1.xml
----------------- Instantiating /home/travis/build/icyphy/ptII/ptolemy/actor/lib/test/auto/FileWriter1.xml
6 ms. Memory: 448512K Free: 258251K (58%)
----------------- Invoking toplevel() on ptolemy.moml.MoMLSimpleApplication@7e68106a
----------------- Done invoking toplevel() on ptolemy.moml.MoMLSimpleApplication@7e68106a
reloadAllAccessors: .FileWriter1

===========================================================================================
----------------- testing Tue Jun 25 04:45:24 UTC 2019 /home/travis/build/icyphy/ptII/ptolemy/actor/lib/test/auto/FileWriter2.xml
----------------- Instantiating /home/travis/build/icyphy/ptII/ptolemy/actor/lib/test/auto/FileWriter2.xml
3 ms. Memory: 448512K Free: 253627K (57%)
----------------- Invoking toplevel() on ptolemy.moml.MoMLSimpleApplication@2da320ee
----------------- Done invoking toplevel() on ptolemy.moml.MoMLSimpleApplication@2da320ee
reloadAllAccessors: .FileWriter2

===========================================================================================
----------------- testing Tue Jun 25 04:45:24 UTC 2019 /home/travis/build/icyphy/ptII/ptolemy/actor/lib/test/auto/FileWriter3.xml
----------------- Instantiating /home/travis/build/icyphy/ptII/ptolemy/actor/lib/test/auto/FileWriter3.xml
2 ms. Memory: 448512K Free: 249545K (56%)
----------------- Invoking toplevel() on ptolemy.moml.MoMLSimpleApplication@719555b6
----------------- Done invoking toplevel() on ptolemy.moml.MoMLSimpleApplication@719555b6
reloadAllAccessors: .FileWriter3

===========================================================================================
----------------- testing Tue Jun 25 04:45:24 UTC 2019 /home/travis/build/icyphy/ptII/ptolemy/actor/lib/test/auto/Gaussian.xml
----------------- Instantiating /home/travis/build/icyphy/ptII/ptolemy/actor/lib/test/auto/Gaussian.xml
3 ms. Memory: 448512K Free: 244939K (55%)
----------------- Invoking toplevel() on ptolemy.moml.MoMLSimpleApplication@6efb4936
----------------- Done invoking toplevel() on ptolemy.moml.MoMLSimpleApplication@6efb4936
reloadAllAccessors: .Gaussian

===========================================================================================
----------------- testing Tue Jun 25 04:45:24 UTC 2019 /home/travis/build/icyphy/ptII/ptolemy/actor/lib/test/auto/Gaussian1.xml
----------------- Instantiating /home/travis/build/icyphy/ptII/ptolemy/actor/lib/test/auto/Gaussian1.xml
4 ms. Memory: 448512K Free: 240329K (54%)
----------------- Invoking toplevel() on ptolemy.moml.MoMLSimpleApplication@56cd5caf
----------------- Done invoking toplevel() on ptolemy.moml.MoMLSimpleApplication@56cd5caf
reloadAllAccessors: .Gaussian1

===========================================================================================
----------------- testing Tue Jun 25 04:45:24 UTC 2019 /home/travis/build/icyphy/ptII/ptolemy/actor/lib/test/auto/Gaussian2.xml
----------------- Instantiating /home/travis/build/icyphy/ptII/ptolemy/actor/lib/test/auto/Gaussian2.xml
2 ms. Memory: 448512K Free: 234171K (52%)
----------------- Invoking toplevel() on ptolemy.moml.MoMLSimpleApplication@1e02c7fe
----------------- Done invoking toplevel() on ptolemy.moml.MoMLSimpleApplication@1e02c7fe
reloadAllAccessors: .Gaussian2

===========================================================================================
----------------- testing Tue Jun 25 04:45:24 UTC 2019 /home/travis/build/icyphy/ptII/ptolemy/actor/lib/test/auto/GradientAdaptiveLattice.xml
----------------- Instantiating /home/travis/build/icyphy/ptII/ptolemy/actor/lib/test/auto/GradientAdaptiveLattice.xml
12 ms. Memory: 448512K Free: 229065K (51%)
----------------- Invoking toplevel() on ptolemy.moml.MoMLSimpleApplication@132f11ec
----------------- Done invoking toplevel() on ptolemy.moml.MoMLSimpleApplication@132f11ec
reloadAllAccessors: .GradientAdaptiveLattice

===========================================================================================
----------------- testing Tue Jun 25 04:45:24 UTC 2019 /home/travis/build/icyphy/ptII/ptolemy/actor/lib/test/auto/IIR.xml
----------------- Instantiating /home/travis/build/icyphy/ptII/ptolemy/actor/lib/test/auto/IIR.xml
2 ms. Memory: 448512K Free: 224459K (50%)
----------------- Invoking toplevel() on ptolemy.moml.MoMLSimpleApplication@53551fc3
----------------- Done invoking toplevel() on ptolemy.moml.MoMLSimpleApplication@53551fc3
reloadAllAccessors: .IIR

===========================================================================================
----------------- testing Tue Jun 25 04:45:24 UTC 2019 /home/travis/build/icyphy/ptII/ptolemy/actor/lib/test/auto/InputOutputTransparentPorts.xml
----------------- Instantiating /home/travis/build/icyphy/ptII/ptolemy/actor/lib/test/auto/InputOutputTransparentPorts.xml
2 ms. Memory: 448512K Free: 216777K (48%)
----------------- Invoking toplevel() on ptolemy.moml.MoMLSimpleApplication@63718869
----------------- Done invoking toplevel() on ptolemy.moml.MoMLSimpleApplication@63718869
reloadAllAccessors: .InputOutputTransparentPorts

===========================================================================================
----------------- testing Tue Jun 25 04:45:24 UTC 2019 /home/travis/build/icyphy/ptII/ptolemy/actor/lib/test/auto/Interpolator.xml
----------------- Instantiating /home/travis/build/icyphy/ptII/ptolemy/actor/lib/test/auto/Interpolator.xml
4 ms. Memory: 448512K Free: 212169K (47%)
----------------- Invoking toplevel() on ptolemy.moml.MoMLSimpleApplication@5a11e098
----------------- Done invoking toplevel() on ptolemy.moml.MoMLSimpleApplication@5a11e098
reloadAllAccessors: .Interpolator

===========================================================================================
----------------- testing Tue Jun 25 04:45:24 UTC 2019 /home/travis/build/icyphy/ptII/ptolemy/actor/lib/test/auto/InterpolatorFiringLimitDE.xml
----------------- Instantiating /home/travis/build/icyphy/ptII/ptolemy/actor/lib/test/auto/InterpolatorFiringLimitDE.xml
2 ms. Memory: 448512K Free: 205513K (46%)
----------------- Invoking toplevel() on ptolemy.moml.MoMLSimpleApplication@72252cd0
----------------- Done invoking toplevel() on ptolemy.moml.MoMLSimpleApplication@72252cd0
reloadAllAccessors: .InterpolatorFiringLimitDE

===========================================================================================
----------------- testing Tue Jun 25 04:45:24 UTC 2019 /home/travis/build/icyphy/ptII/ptolemy/actor/lib/test/auto/Lattice.xml
----------------- Instantiating /home/travis/build/icyphy/ptII/ptolemy/actor/lib/test/auto/Lattice.xml
2 ms. Memory: 448512K Free: 201931K (45%)
----------------- Invoking toplevel() on ptolemy.moml.MoMLSimpleApplication@2e8f6d99
----------------- Done invoking toplevel() on ptolemy.moml.MoMLSimpleApplication@2e8f6d99
reloadAllAccessors: .Lattice

===========================================================================================
----------------- testing Tue Jun 25 04:45:24 UTC 2019 /home/travis/build/icyphy/ptII/ptolemy/actor/lib/test/auto/LazyAOCTestLazy.xml
----------------- Instantiating /home/travis/build/icyphy/ptII/ptolemy/actor/lib/test/auto/LazyAOCTestLazy.xml
25 ms. Memory: 448512K Free: 195787K (44%)
----------------- Invoking toplevel() on ptolemy.moml.MoMLSimpleApplication@4bef7850
----------------- Done invoking toplevel() on ptolemy.moml.MoMLSimpleApplication@4bef7850
reloadAllAccessors: .LazyAOCTestLazy

===========================================================================================
----------------- testing Tue Jun 25 04:45:24 UTC 2019 /home/travis/build/icyphy/ptII/ptolemy/actor/lib/test/auto/LazyAOCTestNonLazy.xml
----------------- Instantiating /home/travis/build/icyphy/ptII/ptolemy/actor/lib/test/auto/LazyAOCTestNonLazy.xml
2 ms. Memory: 448512K Free: 189643K (42%)
----------------- Invoking toplevel() on ptolemy.moml.MoMLSimpleApplication@77ac8c8
----------------- Done invoking toplevel() on ptolemy.moml.MoMLSimpleApplication@77ac8c8
reloadAllAccessors: .LazyAOCTestNonLazy

===========================================================================================
----------------- testing Tue Jun 25 04:45:24 UTC 2019 /home/travis/build/icyphy/ptII/ptolemy/actor/lib/test/auto/LazyInnerClass.xml
----------------- Instantiating /home/travis/build/icyphy/ptII/ptolemy/actor/lib/test/auto/LazyInnerClass.xml
29 ms. Memory: 448512K Free: 180923K (40%)
----------------- Invoking toplevel() on ptolemy.moml.MoMLSimpleApplication@3c82a1e
----------------- Done invoking toplevel() on ptolemy.moml.MoMLSimpleApplication@3c82a1e
reloadAllAccessors: .LazyInnerClass

===========================================================================================
----------------- testing Tue Jun 25 04:45:24 UTC 2019 /home/travis/build/icyphy/ptII/ptolemy/actor/lib/test/auto/LazyPubSub.xml
----------------- Instantiating /home/travis/build/icyphy/ptII/ptolemy/actor/lib/test/auto/LazyPubSub.xml
23 ms. Memory: 448512K Free: 170697K (38%)
----------------- Invoking toplevel() on ptolemy.moml.MoMLSimpleApplication@575964dc
----------------- Done invoking toplevel() on ptolemy.moml.MoMLSimpleApplication@575964dc
reloadAllAccessors: .LazyPubSub

===========================================================================================
----------------- testing Tue Jun 25 04:45:24 UTC 2019 /home/travis/build/icyphy/ptII/ptolemy/actor/lib/test/auto/LazyPubSub2.xml
----------------- Instantiating /home/travis/build/icyphy/ptII/ptolemy/actor/lib/test/auto/LazyPubSub2.xml
12 ms. Memory: 448512K Free: 160457K (36%)
----------------- Invoking toplevel() on ptolemy.moml.MoMLSimpleApplication@39800855
----------------- Done invoking toplevel() on ptolemy.moml.MoMLSimpleApplication@39800855
reloadAllAccessors: .LazyPubSub2

===========================================================================================
----------------- testing Tue Jun 25 04:45:24 UTC 2019 /home/travis/build/icyphy/ptII/ptolemy/actor/lib/test/auto/LazyPubSub3.xml
----------------- Instantiating /home/travis/build/icyphy/ptII/ptolemy/actor/lib/test/auto/LazyPubSub3.xml
14 ms. Memory: 448512K Free: 150217K (33%)
----------------- Invoking toplevel() on ptolemy.moml.MoMLSimpleApplication@546dde56
----------------- Done invoking toplevel() on ptolemy.moml.MoMLSimpleApplication@546dde56
reloadAllAccessors: .LazyPubSub3

===========================================================================================
----------------- testing Tue Jun 25 04:45:24 UTC 2019 /home/travis/build/icyphy/ptII/ptolemy/actor/lib/test/auto/LazySubClassModel.xml
----------------- Instantiating /home/travis/build/icyphy/ptII/ptolemy/actor/lib/test/auto/LazySubClassModel.xml
3 ms. Memory: 448512K Free: 141001K (31%)
----------------- Invoking toplevel() on ptolemy.moml.MoMLSimpleApplication@1dc74057
----------------- Done invoking toplevel() on ptolemy.moml.MoMLSimpleApplication@1dc74057
reloadAllAccessors: .LazySubClassModel

===========================================================================================
----------------- testing Tue Jun 25 04:45:24 UTC 2019 /home/travis/build/icyphy/ptII/ptolemy/actor/lib/test/auto/LevelCrossTest1.xml
----------------- Instantiating /home/travis/build/icyphy/ptII/ptolemy/actor/lib/test/auto/LevelCrossTest1.xml
2 ms. Memory: 448512K Free: 135881K (30%)
----------------- Invoking toplevel() on ptolemy.moml.MoMLSimpleApplication@1da645da
----------------- Done invoking toplevel() on ptolemy.moml.MoMLSimpleApplication@1da645da
reloadAllAccessors: .broken

===========================================================================================
----------------- testing Tue Jun 25 04:45:24 UTC 2019 /home/travis/build/icyphy/ptII/ptolemy/actor/lib/test/auto/LevelCrossTest10.xml
----------------- Instantiating /home/travis/build/icyphy/ptII/ptolemy/actor/lib/test/auto/LevelCrossTest10.xml
1 ms. Memory: 448512K Free: 392931K (88%)
----------------- Invoking toplevel() on ptolemy.moml.MoMLSimpleApplication@495f6a0e
----------------- Done invoking toplevel() on ptolemy.moml.MoMLSimpleApplication@495f6a0e
reloadAllAccessors: .LevelCrossTest10

===========================================================================================
----------------- testing Tue Jun 25 04:45:24 UTC 2019 /home/travis/build/icyphy/ptII/ptolemy/actor/lib/test/auto/LevelCrossTest11.xml
----------------- Instantiating /home/travis/build/icyphy/ptII/ptolemy/actor/lib/test/auto/LevelCrossTest11.xml
2 ms. Memory: 448512K Free: 385763K (86%)
----------------- Invoking toplevel() on ptolemy.moml.MoMLSimpleApplication@26a3a549
----------------- Done invoking toplevel() on ptolemy.moml.MoMLSimpleApplication@26a3a549
reloadAllAccessors: .LevelCrossTest11

===========================================================================================
----------------- testing Tue Jun 25 04:45:24 UTC 2019 /home/travis/build/icyphy/ptII/ptolemy/actor/lib/test/auto/LevelCrossTest12.xml
----------------- Instantiating /home/travis/build/icyphy/ptII/ptolemy/actor/lib/test/auto/LevelCrossTest12.xml
1 ms. Memory: 448512K Free: 379105K (85%)
----------------- Invoking toplevel() on ptolemy.moml.MoMLSimpleApplication@7d6c82e5
----------------- Done invoking toplevel() on ptolemy.moml.MoMLSimpleApplication@7d6c82e5
reloadAllAccessors: .LevelCrossTest12

===========================================================================================
----------------- testing Tue Jun 25 04:45:24 UTC 2019 /home/travis/build/icyphy/ptII/ptolemy/actor/lib/test/auto/LevelCrossTest13.xml
----------------- Instantiating /home/travis/build/icyphy/ptII/ptolemy/actor/lib/test/auto/LevelCrossTest13.xml
1 ms. Memory: 448512K Free: 371937K (83%)
----------------- Invoking toplevel() on ptolemy.moml.MoMLSimpleApplication@36b75b02
----------------- Done invoking toplevel() on ptolemy.moml.MoMLSimpleApplication@36b75b02
reloadAllAccessors: .LevelCrossTest13

===========================================================================================
----------------- testing Tue Jun 25 04:45:24 UTC 2019 /home/travis/build/icyphy/ptII/ptolemy/actor/lib/test/auto/LevelCrossTest2.xml
----------------- Instantiating /home/travis/build/icyphy/ptII/ptolemy/actor/lib/test/auto/LevelCrossTest2.xml
2 ms. Memory: 448512K Free: 366307K (82%)
----------------- Invoking toplevel() on ptolemy.moml.MoMLSimpleApplication@210d50bc
----------------- Done invoking toplevel() on ptolemy.moml.MoMLSimpleApplication@210d50bc
reloadAllAccessors: .broken

===========================================================================================
----------------- testing Tue Jun 25 04:45:24 UTC 2019 /home/travis/build/icyphy/ptII/ptolemy/actor/lib/test/auto/LevelCrossTest3.xml
----------------- Instantiating /home/travis/build/icyphy/ptII/ptolemy/actor/lib/test/auto/LevelCrossTest3.xml
2 ms. Memory: 448512K Free: 360163K (80%)
----------------- Invoking toplevel() on ptolemy.moml.MoMLSimpleApplication@4c567472
----------------- Done invoking toplevel() on ptolemy.moml.MoMLSimpleApplication@4c567472
reloadAllAccessors: .LevelCrossTest3

===========================================================================================
----------------- testing Tue Jun 25 04:45:24 UTC 2019 /home/travis/build/icyphy/ptII/ptolemy/actor/lib/test/auto/LevelCrossTest4.xml
----------------- Instantiating /home/travis/build/icyphy/ptII/ptolemy/actor/lib/test/auto/LevelCrossTest4.xml
1 ms. Memory: 448512K Free: 355043K (79%)
----------------- Invoking toplevel() on ptolemy.moml.MoMLSimpleApplication@15114809
----------------- Done invoking toplevel() on ptolemy.moml.MoMLSimpleApplication@15114809
reloadAllAccessors: .broken

===========================================================================================
----------------- testing Tue Jun 25 04:45:24 UTC 2019 /home/travis/build/icyphy/ptII/ptolemy/actor/lib/test/auto/LevelCrossTest5.xml
----------------- Instantiating /home/travis/build/icyphy/ptII/ptolemy/actor/lib/test/auto/LevelCrossTest5.xml
5 ms. Memory: 448512K Free: 348385K (78%)
----------------- Invoking toplevel() on ptolemy.moml.MoMLSimpleApplication@1ff6160
----------------- Done invoking toplevel() on ptolemy.moml.MoMLSimpleApplication@1ff6160
reloadAllAccessors: .LevelCrossTest5

===========================================================================================
----------------- testing Tue Jun 25 04:45:24 UTC 2019 /home/travis/build/icyphy/ptII/ptolemy/actor/lib/test/auto/LevelCrossTest6.xml
----------------- Instantiating /home/travis/build/icyphy/ptII/ptolemy/actor/lib/test/auto/LevelCrossTest6.xml
2 ms. Memory: 448512K Free: 340707K (76%)
----------------- Invoking toplevel() on ptolemy.moml.MoMLSimpleApplication@243fcc57
----------------- Done invoking toplevel() on ptolemy.moml.MoMLSimpleApplication@243fcc57
reloadAllAccessors: .LevelCrossTest6

===========================================================================================
----------------- testing Tue Jun 25 04:45:24 UTC 2019 /home/travis/build/icyphy/ptII/ptolemy/actor/lib/test/auto/LevelCrossTest7.xml
----------------- Instantiating /home/travis/build/icyphy/ptII/ptolemy/actor/lib/test/auto/LevelCrossTest7.xml
2 ms. Memory: 448512K Free: 333025K (74%)
----------------- Invoking toplevel() on ptolemy.moml.MoMLSimpleApplication@508cf476
----------------- Done invoking toplevel() on ptolemy.moml.MoMLSimpleApplication@508cf476
reloadAllAccessors: .LevelCrossTest7

===========================================================================================
----------------- testing Tue Jun 25 04:45:24 UTC 2019 /home/travis/build/icyphy/ptII/ptolemy/actor/lib/test/auto/LevelCrossTest8.xml
----------------- Instantiating /home/travis/build/icyphy/ptII/ptolemy/actor/lib/test/auto/LevelCrossTest8.xml
1 ms. Memory: 448512K Free: 325857K (73%)
----------------- Invoking toplevel() on ptolemy.moml.MoMLSimpleApplication@24472f7b
----------------- Done invoking toplevel() on ptolemy.moml.MoMLSimpleApplication@24472f7b
reloadAllAccessors: .LevelCrossTest8

===========================================================================================
----------------- testing Tue Jun 25 04:45:24 UTC 2019 /home/travis/build/icyphy/ptII/ptolemy/actor/lib/test/auto/LevelCrossTest9.xml
----------------- Instantiating /home/travis/build/icyphy/ptII/ptolemy/actor/lib/test/auto/LevelCrossTest9.xml
1 ms. Memory: 448512K Free: 318689K (71%)
----------------- Invoking toplevel() on ptolemy.moml.MoMLSimpleApplication@2aefe578
----------------- Done invoking toplevel() on ptolemy.moml.MoMLSimpleApplication@2aefe578
reloadAllAccessors: .LevelCrossTest9

===========================================================================================
----------------- testing Tue Jun 25 04:45:24 UTC 2019 /home/travis/build/icyphy/ptII/ptolemy/actor/lib/test/auto/LevinsonDurbin.xml
----------------- Instantiating /home/travis/build/icyphy/ptII/ptolemy/actor/lib/test/auto/LevinsonDurbin.xml
1 ms. Memory: 448512K Free: 314593K (70%)
----------------- Invoking toplevel() on ptolemy.moml.MoMLSimpleApplication@6ac9c464
----------------- Done invoking toplevel() on ptolemy.moml.MoMLSimpleApplication@6ac9c464
reloadAllAccessors: .LevinsonDurbin

===========================================================================================
----------------- testing Tue Jun 25 04:45:24 UTC 2019 /home/travis/build/icyphy/ptII/ptolemy/actor/lib/test/auto/LevinsonDurbin2.xml
----------------- Instantiating /home/travis/build/icyphy/ptII/ptolemy/actor/lib/test/auto/LevinsonDurbin2.xml
2 ms. Memory: 448512K Free: 311011K (69%)
----------------- Invoking toplevel() on ptolemy.moml.MoMLSimpleApplication@79ff9a21
----------------- Done invoking toplevel() on ptolemy.moml.MoMLSimpleApplication@79ff9a21
reloadAllAccessors: .LevinsonDurbin2

===========================================================================================
----------------- testing Tue Jun 25 04:45:24 UTC 2019 /home/travis/build/icyphy/ptII/ptolemy/actor/lib/test/auto/LevinsonDurbin3.xml
----------------- Instantiating /home/travis/build/icyphy/ptII/ptolemy/actor/lib/test/auto/LevinsonDurbin3.xml
2 ms. Memory: 448512K Free: 306915K (68%)
----------------- Invoking toplevel() on ptolemy.moml.MoMLSimpleApplication@1d6c51b6
----------------- Done invoking toplevel() on ptolemy.moml.MoMLSimpleApplication@1d6c51b6
reloadAllAccessors: .LevinsonDurbin3

===========================================================================================
----------------- testing Tue Jun 25 04:45:25 UTC 2019 /home/travis/build/icyphy/ptII/ptolemy/actor/lib/test/auto/Limiter.xml
----------------- Instantiating /home/travis/build/icyphy/ptII/ptolemy/actor/lib/test/auto/Limiter.xml
5 ms. Memory: 448512K Free: 297699K (66%)
----------------- Invoking toplevel() on ptolemy.moml.MoMLSimpleApplication@5e6cd484
----------------- Done invoking toplevel() on ptolemy.moml.MoMLSimpleApplication@5e6cd484
reloadAllAccessors: .Limiter

===========================================================================================
----------------- testing Tue Jun 25 04:45:25 UTC 2019 /home/travis/build/icyphy/ptII/ptolemy/actor/lib/test/auto/LinearDifferenceEquationSystem.xml
----------------- Instantiating /home/travis/build/icyphy/ptII/ptolemy/actor/lib/test/auto/LinearDifferenceEquationSystem.xml
5 ms. Memory: 448512K Free: 290531K (65%)
----------------- Invoking toplevel() on ptolemy.moml.MoMLSimpleApplication@24e2226d
----------------- Done invoking toplevel() on ptolemy.moml.MoMLSimpleApplication@24e2226d
reloadAllAccessors: .LinearDifferenceEquationSystem

===========================================================================================
----------------- testing Tue Jun 25 04:45:25 UTC 2019 /home/travis/build/icyphy/ptII/ptolemy/actor/lib/test/auto/LookupTable.xml
----------------- Instantiating /home/travis/build/icyphy/ptII/ptolemy/actor/lib/test/auto/LookupTable.xml
1 ms. Memory: 448512K Free: 285921K (64%)
----------------- Invoking toplevel() on ptolemy.moml.MoMLSimpleApplication@4a507aa1
----------------- Done invoking toplevel() on ptolemy.moml.MoMLSimpleApplication@4a507aa1
reloadAllAccessors: .LookupTable

===========================================================================================
----------------- testing Tue Jun 25 04:45:25 UTC 2019 /home/travis/build/icyphy/ptII/ptolemy/actor/lib/test/auto/MathFunction.xml
----------------- Instantiating /home/travis/build/icyphy/ptII/ptolemy/actor/lib/test/auto/MathFunction.xml
2 ms. Memory: 448512K Free: 277729K (62%)
----------------- Invoking toplevel() on ptolemy.moml.MoMLSimpleApplication@29048132
----------------- Done invoking toplevel() on ptolemy.moml.MoMLSimpleApplication@29048132
reloadAllAccessors: .MathFunction

===========================================================================================
----------------- testing Tue Jun 25 04:45:25 UTC 2019 /home/travis/build/icyphy/ptII/ptolemy/actor/lib/test/auto/MathFunction2.xml
----------------- Instantiating /home/travis/build/icyphy/ptII/ptolemy/actor/lib/test/auto/MathFunction2.xml
9 ms. Memory: 448512K Free: 273633K (61%)
----------------- Invoking toplevel() on ptolemy.moml.MoMLSimpleApplication@7883e616
----------------- Done invoking toplevel() on ptolemy.moml.MoMLSimpleApplication@7883e616
reloadAllAccessors: .MathFunction2

===========================================================================================
----------------- testing Tue Jun 25 04:45:25 UTC 2019 /home/travis/build/icyphy/ptII/ptolemy/actor/lib/test/auto/MathFunction3.xml
----------------- Instantiating /home/travis/build/icyphy/ptII/ptolemy/actor/lib/test/auto/MathFunction3.xml
2 ms. Memory: 448512K Free: 266465K (59%)
----------------- Invoking toplevel() on ptolemy.moml.MoMLSimpleApplication@71eb8cd9
----------------- Done invoking toplevel() on ptolemy.moml.MoMLSimpleApplication@71eb8cd9
reloadAllAccessors: .MathFunction3

===========================================================================================
----------------- testing Tue Jun 25 04:45:25 UTC 2019 /home/travis/build/icyphy/ptII/ptolemy/actor/lib/test/auto/MatrixCropBoolean.xml
----------------- Instantiating /home/travis/build/icyphy/ptII/ptolemy/actor/lib/test/auto/MatrixCropBoolean.xml
2 ms. Memory: 448512K Free: 261859K (58%)
----------------- Invoking toplevel() on ptolemy.moml.MoMLSimpleApplication@77e193f0
----------------- Done invoking toplevel() on ptolemy.moml.MoMLSimpleApplication@77e193f0
reloadAllAccessors: .MatrixCropBoolean

===========================================================================================
----------------- testing Tue Jun 25 04:45:25 UTC 2019 /home/travis/build/icyphy/ptII/ptolemy/actor/lib/test/auto/MatrixCropComplex.xml
----------------- Instantiating /home/travis/build/icyphy/ptII/ptolemy/actor/lib/test/auto/MatrixCropComplex.xml
2 ms. Memory: 448512K Free: 256195K (57%)
----------------- Invoking toplevel() on ptolemy.moml.MoMLSimpleApplication@405b61c2
----------------- Done invoking toplevel() on ptolemy.moml.MoMLSimpleApplication@405b61c2
reloadAllAccessors: .MatrixCropComplex

===========================================================================================
----------------- testing Tue Jun 25 04:45:25 UTC 2019 /home/travis/build/icyphy/ptII/ptolemy/actor/lib/test/auto/MatrixCropDouble.xml
----------------- Instantiating /home/travis/build/icyphy/ptII/ptolemy/actor/lib/test/auto/MatrixCropDouble.xml
2 ms. Memory: 448512K Free: 251075K (56%)
----------------- Invoking toplevel() on ptolemy.moml.MoMLSimpleApplication@44dfeb7d
----------------- Done invoking toplevel() on ptolemy.moml.MoMLSimpleApplication@44dfeb7d
reloadAllAccessors: .MatrixCropDouble

===========================================================================================
----------------- testing Tue Jun 25 04:45:25 UTC 2019 /home/travis/build/icyphy/ptII/ptolemy/actor/lib/test/auto/MatrixCropFix.xml
----------------- Instantiating /home/travis/build/icyphy/ptII/ptolemy/actor/lib/test/auto/MatrixCropFix.xml
2 ms. Memory: 448512K Free: 245955K (55%)
----------------- Invoking toplevel() on ptolemy.moml.MoMLSimpleApplication@574d0a9e
----------------- Done invoking toplevel() on ptolemy.moml.MoMLSimpleApplication@574d0a9e
reloadAllAccessors: .MatrixCropFix

===========================================================================================
----------------- testing Tue Jun 25 04:45:25 UTC 2019 /home/travis/build/icyphy/ptII/ptolemy/actor/lib/test/auto/MatrixCropInt.xml
----------------- Instantiating /home/travis/build/icyphy/ptII/ptolemy/actor/lib/test/auto/MatrixCropInt.xml
3 ms. Memory: 448512K Free: 240835K (54%)
----------------- Invoking toplevel() on ptolemy.moml.MoMLSimpleApplication@4e937ac7
----------------- Done invoking toplevel() on ptolemy.moml.MoMLSimpleApplication@4e937ac7
reloadAllAccessors: .MatrixCropInt

===========================================================================================
----------------- testing Tue Jun 25 04:45:25 UTC 2019 /home/travis/build/icyphy/ptII/ptolemy/actor/lib/test/auto/MatrixCropLong.xml
----------------- Instantiating /home/travis/build/icyphy/ptII/ptolemy/actor/lib/test/auto/MatrixCropLong.xml
2 ms. Memory: 448512K Free: 235731K (53%)
----------------- Invoking toplevel() on ptolemy.moml.MoMLSimpleApplication@5befaa4a
----------------- Done invoking toplevel() on ptolemy.moml.MoMLSimpleApplication@5befaa4a
reloadAllAccessors: .MatrixCropLong

===========================================================================================
----------------- testing Tue Jun 25 04:45:25 UTC 2019 /home/travis/build/icyphy/ptII/ptolemy/actor/lib/test/auto/MatrixToArray.xml
----------------- Instantiating /home/travis/build/icyphy/ptII/ptolemy/actor/lib/test/auto/MatrixToArray.xml
7 ms. Memory: 448512K Free: 220899K (49%)
----------------- Invoking toplevel() on ptolemy.moml.MoMLSimpleApplication@146873a1
----------------- Done invoking toplevel() on ptolemy.moml.MoMLSimpleApplication@146873a1
reloadAllAccessors: .MatrixToArray

===========================================================================================
----------------- testing Tue Jun 25 04:45:25 UTC 2019 /home/travis/build/icyphy/ptII/ptolemy/actor/lib/test/auto/MaxIndex.xml
----------------- Instantiating /home/travis/build/icyphy/ptII/ptolemy/actor/lib/test/auto/MaxIndex.xml
2 ms. Memory: 448512K Free: 215779K (48%)
----------------- Invoking toplevel() on ptolemy.moml.MoMLSimpleApplication@a2ed918
----------------- Done invoking toplevel() on ptolemy.moml.MoMLSimpleApplication@a2ed918
reloadAllAccessors: .MaxIndex

===========================================================================================
----------------- testing Tue Jun 25 04:45:25 UTC 2019 /home/travis/build/icyphy/ptII/ptolemy/actor/lib/test/auto/Maximum.xml
----------------- Instantiating /home/travis/build/icyphy/ptII/ptolemy/actor/lib/test/auto/Maximum.xml
2 ms. Memory: 448512K Free: 209091K (47%)
----------------- Invoking toplevel() on ptolemy.moml.MoMLSimpleApplication@3c61f4fc
----------------- Done invoking toplevel() on ptolemy.moml.MoMLSimpleApplication@3c61f4fc
reloadAllAccessors: .Maximum

===========================================================================================
----------------- testing Tue Jun 25 04:45:25 UTC 2019 /home/travis/build/icyphy/ptII/ptolemy/actor/lib/test/auto/MaximumComplex.xml
----------------- Instantiating /home/travis/build/icyphy/ptII/ptolemy/actor/lib/test/auto/MaximumComplex.xml
6 ms. Memory: 448512K Free: 202963K (45%)
----------------- Invoking toplevel() on ptolemy.moml.MoMLSimpleApplication@52d62b99
----------------- Done invoking toplevel() on ptolemy.moml.MoMLSimpleApplication@52d62b99
reloadAllAccessors: .MaximumComplex

===========================================================================================
----------------- testing Tue Jun 25 04:45:25 UTC 2019 /home/travis/build/icyphy/ptII/ptolemy/actor/lib/test/auto/MethodCallTest.xml
----------------- Instantiating /home/travis/build/icyphy/ptII/ptolemy/actor/lib/test/auto/MethodCallTest.xml
3 ms. Memory: 448512K Free: 196323K (44%)
----------------- Invoking toplevel() on ptolemy.moml.MoMLSimpleApplication@225c5a51
----------------- Done invoking toplevel() on ptolemy.moml.MoMLSimpleApplication@225c5a51
reloadAllAccessors: .MethodCallTest

===========================================================================================
----------------- testing Tue Jun 25 04:45:25 UTC 2019 /home/travis/build/icyphy/ptII/ptolemy/actor/lib/test/auto/Minimum.xml
----------------- Instantiating /home/travis/build/icyphy/ptII/ptolemy/actor/lib/test/auto/Minimum.xml
3 ms. Memory: 448512K Free: 190179K (42%)
----------------- Invoking toplevel() on ptolemy.moml.MoMLSimpleApplication@512f5738
----------------- Done invoking toplevel() on ptolemy.moml.MoMLSimpleApplication@512f5738
reloadAllAccessors: .Minimum

===========================================================================================
----------------- testing Tue Jun 25 04:45:25 UTC 2019 /home/travis/build/icyphy/ptII/ptolemy/actor/lib/test/auto/MinimumComplex.xml
----------------- Instantiating /home/travis/build/icyphy/ptII/ptolemy/actor/lib/test/auto/MinimumComplex.xml
3 ms. Memory: 448512K Free: 184035K (41%)
----------------- Invoking toplevel() on ptolemy.moml.MoMLSimpleApplication@3342a515
----------------- Done invoking toplevel() on ptolemy.moml.MoMLSimpleApplication@3342a515
reloadAllAccessors: .MinimumComplex

===========================================================================================
----------------- testing Tue Jun 25 04:45:25 UTC 2019 /home/travis/build/icyphy/ptII/ptolemy/actor/lib/test/auto/MinimumMultiports.xml
----------------- Instantiating /home/travis/build/icyphy/ptII/ptolemy/actor/lib/test/auto/MinimumMultiports.xml
4 ms. Memory: 448512K Free: 175315K (39%)
----------------- Invoking toplevel() on ptolemy.moml.MoMLSimpleApplication@285d46a
----------------- Done invoking toplevel() on ptolemy.moml.MoMLSimpleApplication@285d46a
reloadAllAccessors: .MinimumMultiports

===========================================================================================
----------------- testing Tue Jun 25 04:45:25 UTC 2019 /home/travis/build/icyphy/ptII/ptolemy/actor/lib/test/auto/ModifyDate.xml
----------------- Instantiating /home/travis/build/icyphy/ptII/ptolemy/actor/lib/test/auto/ModifyDate.xml
10 ms. Memory: 448512K Free: 162017K (36%)
----------------- Invoking toplevel() on ptolemy.moml.MoMLSimpleApplication@8e66ba6
----------------- Done invoking toplevel() on ptolemy.moml.MoMLSimpleApplication@8e66ba6
reloadAllAccessors: .ModifyDate

===========================================================================================
----------------- testing Tue Jun 25 04:45:25 UTC 2019 /home/travis/build/icyphy/ptII/ptolemy/actor/lib/test/auto/ModifyDate2.xml
----------------- Instantiating /home/travis/build/icyphy/ptII/ptolemy/actor/lib/test/auto/ModifyDate2.xml
4 ms. Memory: 448512K Free: 153315K (34%)
----------------- Invoking toplevel() on ptolemy.moml.MoMLSimpleApplication@472bbabd
----------------- Done invoking toplevel() on ptolemy.moml.MoMLSimpleApplication@472bbabd
reloadAllAccessors: .ModifyDate2

===========================================================================================
----------------- testing Tue Jun 25 04:45:25 UTC 2019 /home/travis/build/icyphy/ptII/ptolemy/actor/lib/test/auto/MovingAverage.xml
----------------- Instantiating /home/travis/build/icyphy/ptII/ptolemy/actor/lib/test/auto/MovingAverage.xml
1 ms. Memory: 448512K Free: 148195K (33%)
----------------- Invoking toplevel() on ptolemy.moml.MoMLSimpleApplication@586cb67f
----------------- Done invoking toplevel() on ptolemy.moml.MoMLSimpleApplication@586cb67f
reloadAllAccessors: .MovingAverage

===========================================================================================
----------------- testing Tue Jun 25 04:45:25 UTC 2019 /home/travis/build/icyphy/ptII/ptolemy/actor/lib/test/auto/MovingMaximum.xml
----------------- Instantiating /home/travis/build/icyphy/ptII/ptolemy/actor/lib/test/auto/MovingMaximum.xml
1 ms. Memory: 448512K Free: 144099K (32%)
----------------- Invoking toplevel() on ptolemy.moml.MoMLSimpleApplication@19bc5d80
----------------- Done invoking toplevel() on ptolemy.moml.MoMLSimpleApplication@19bc5d80
reloadAllAccessors: .MovingMaximum

===========================================================================================
----------------- testing Tue Jun 25 04:45:25 UTC 2019 /home/travis/build/icyphy/ptII/ptolemy/actor/lib/test/auto/MultipleLinksToSameRelation.xml
----------------- Instantiating /home/travis/build/icyphy/ptII/ptolemy/actor/lib/test/auto/MultipleLinksToSameRelation.xml
5 ms. Memory: 448512K Free: 140003K (31%)
----------------- Invoking toplevel() on ptolemy.moml.MoMLSimpleApplication@6621c0d0
----------------- Done invoking toplevel() on ptolemy.moml.MoMLSimpleApplication@6621c0d0
reloadAllAccessors: .MultipleLinksToSameRelation

===========================================================================================
----------------- testing Tue Jun 25 04:45:25 UTC 2019 /home/travis/build/icyphy/ptII/ptolemy/actor/lib/test/auto/MultipleLinksToSameRelationDE.xml
----------------- Instantiating /home/travis/build/icyphy/ptII/ptolemy/actor/lib/test/auto/MultipleLinksToSameRelationDE.xml
26 ms. Memory: 448512K Free: 399536K (89%)
----------------- Invoking toplevel() on ptolemy.moml.MoMLSimpleApplication@2f66b673
----------------- Done invoking toplevel() on ptolemy.moml.MoMLSimpleApplication@2f66b673
reloadAllAccessors: .MultipleLinksToSameRelationDE

===========================================================================================
----------------- testing Tue Jun 25 04:45:25 UTC 2019 /home/travis/build/icyphy/ptII/ptolemy/actor/lib/test/auto/Multiplexor.xml
----------------- Instantiating /home/travis/build/icyphy/ptII/ptolemy/actor/lib/test/auto/Multiplexor.xml
2 ms. Memory: 448512K Free: 393166K (88%)
----------------- Invoking toplevel() on ptolemy.moml.MoMLSimpleApplication@29b1df69
----------------- Done invoking toplevel() on ptolemy.moml.MoMLSimpleApplication@29b1df69
reloadAllAccessors: .Multiplexor

===========================================================================================
----------------- testing Tue Jun 25 04:45:25 UTC 2019 /home/travis/build/icyphy/ptII/ptolemy/actor/lib/test/auto/Multiplexor1.xml
----------------- Instantiating /home/travis/build/icyphy/ptII/ptolemy/actor/lib/test/auto/Multiplexor1.xml
2 ms. Memory: 448512K Free: 387536K (86%)
----------------- Invoking toplevel() on ptolemy.moml.MoMLSimpleApplication@496be9b2
----------------- Done invoking toplevel() on ptolemy.moml.MoMLSimpleApplication@496be9b2
reloadAllAccessors: .Multiplexor1

===========================================================================================
----------------- testing Tue Jun 25 04:45:25 UTC 2019 /home/travis/build/icyphy/ptII/ptolemy/actor/lib/test/auto/Multiplexor2.xml
----------------- Instantiating /home/travis/build/icyphy/ptII/ptolemy/actor/lib/test/auto/Multiplexor2.xml
6 ms. Memory: 448512K Free: 380876K (85%)
----------------- Invoking toplevel() on ptolemy.moml.MoMLSimpleApplication@568ab090
----------------- Done invoking toplevel() on ptolemy.moml.MoMLSimpleApplication@568ab090
reloadAllAccessors: .Multiplexor2

===========================================================================================
----------------- testing Tue Jun 25 04:45:25 UTC 2019 /home/travis/build/icyphy/ptII/ptolemy/actor/lib/test/auto/Multiplexor3.xml
----------------- Instantiating /home/travis/build/icyphy/ptII/ptolemy/actor/lib/test/auto/Multiplexor3.xml
2 ms. Memory: 448512K Free: 376782K (84%)
----------------- Invoking toplevel() on ptolemy.moml.MoMLSimpleApplication@18c8af92
----------------- Done invoking toplevel() on ptolemy.moml.MoMLSimpleApplication@18c8af92
reloadAllAccessors: .Multiplexor3

===========================================================================================
----------------- testing Tue Jun 25 04:45:25 UTC 2019 /home/travis/build/icyphy/ptII/ptolemy/actor/lib/test/auto/MultiplexorDE.xml
----------------- Instantiating /home/travis/build/icyphy/ptII/ptolemy/actor/lib/test/auto/MultiplexorDE.xml
2 ms. Memory: 448512K Free: 369104K (82%)
----------------- Invoking toplevel() on ptolemy.moml.MoMLSimpleApplication@8a77a4a
----------------- Done invoking toplevel() on ptolemy.moml.MoMLSimpleApplication@8a77a4a
reloadAllAccessors: .MultiplexorDE

===========================================================================================
----------------- testing Tue Jun 25 04:45:25 UTC 2019 /home/travis/build/icyphy/ptII/ptolemy/actor/lib/test/auto/MultiportBroadcastTest.xml
----------------- Instantiating /home/travis/build/icyphy/ptII/ptolemy/actor/lib/test/auto/MultiportBroadcastTest.xml
90 ms. Memory: 448512K Free: 362960K (81%)
----------------- Invoking toplevel() on ptolemy.moml.MoMLSimpleApplication@4616db9
----------------- Done invoking toplevel() on ptolemy.moml.MoMLSimpleApplication@4616db9
reloadAllAccessors: .MultiportBroadcastTest

===========================================================================================
----------------- testing Tue Jun 25 04:45:25 UTC 2019 /home/travis/build/icyphy/ptII/ptolemy/actor/lib/test/auto/MultiportOutHangDuringGetWidth.xml
----------------- Instantiating /home/travis/build/icyphy/ptII/ptolemy/actor/lib/test/auto/MultiportOutHangDuringGetWidth.xml
13 ms. Memory: 448512K Free: 351168K (78%)
----------------- Invoking toplevel() on ptolemy.moml.MoMLSimpleApplication@3f0db1fc
----------------- Done invoking toplevel() on ptolemy.moml.MoMLSimpleApplication@3f0db1fc
reloadAllAccessors: .MultiportOutHangDuringGetWidth

===========================================================================================
----------------- testing Tue Jun 25 04:45:25 UTC 2019 /home/travis/build/icyphy/ptII/ptolemy/actor/lib/test/auto/NilToken.xml
----------------- Instantiating /home/travis/build/icyphy/ptII/ptolemy/actor/lib/test/auto/NilToken.xml
1 ms. Memory: 448512K Free: 347086K (77%)
----------------- Invoking toplevel() on ptolemy.moml.MoMLSimpleApplication@6f2d8da9
----------------- Done invoking toplevel() on ptolemy.moml.MoMLSimpleApplication@6f2d8da9
reloadAllAccessors: .NilToken

===========================================================================================
----------------- testing Tue Jun 25 04:45:25 UTC 2019 /home/travis/build/icyphy/ptII/ptolemy/actor/lib/test/auto/NilTokenNonStrictTest.xml
----------------- Instantiating /home/travis/build/icyphy/ptII/ptolemy/actor/lib/test/auto/NilTokenNonStrictTest.xml
3 ms. Memory: 448512K Free: 341966K (76%)
----------------- Invoking toplevel() on ptolemy.moml.MoMLSimpleApplication@556259bb
----------------- Done invoking toplevel() on ptolemy.moml.MoMLSimpleApplication@556259bb
reloadAllAccessors: .NilTokenNonStrictTest

===========================================================================================
----------------- testing Tue Jun 25 04:45:25 UTC 2019 /home/travis/build/icyphy/ptII/ptolemy/actor/lib/test/auto/NilTokenRecord.xml
----------------- Instantiating /home/travis/build/icyphy/ptII/ptolemy/actor/lib/test/auto/NilTokenRecord.xml
6 ms. Memory: 448512K Free: 335312K (75%)
----------------- Invoking toplevel() on ptolemy.moml.MoMLSimpleApplication@89e6854
----------------- Done invoking toplevel() on ptolemy.moml.MoMLSimpleApplication@89e6854
reloadAllAccessors: .NilTokenRecord

===========================================================================================
----------------- testing Tue Jun 25 04:45:25 UTC 2019 /home/travis/build/icyphy/ptII/ptolemy/actor/lib/test/auto/NilTokenTypeTest.xml
----------------- Instantiating /home/travis/build/icyphy/ptII/ptolemy/actor/lib/test/auto/NilTokenTypeTest.xml
7 ms. Memory: 448512K Free: 325582K (73%)
----------------- Invoking toplevel() on ptolemy.moml.MoMLSimpleApplication@5cfe655b
----------------- Done invoking toplevel() on ptolemy.moml.MoMLSimpleApplication@5cfe655b
reloadAllAccessors: .NilTokenTypeTest

===========================================================================================
----------------- testing Tue Jun 25 04:45:26 UTC 2019 /home/travis/build/icyphy/ptII/ptolemy/actor/lib/test/auto/ObjectToken1.xml
----------------- Instantiating /home/travis/build/icyphy/ptII/ptolemy/actor/lib/test/auto/ObjectToken1.xml
2 ms. Memory: 448512K Free: 321486K (72%)
----------------- Invoking toplevel() on ptolemy.moml.MoMLSimpleApplication@65354c95
----------------- Done invoking toplevel() on ptolemy.moml.MoMLSimpleApplication@65354c95
reloadAllAccessors: .ObjectToken1

===========================================================================================
----------------- testing Tue Jun 25 04:45:26 UTC 2019 /home/travis/build/icyphy/ptII/ptolemy/actor/lib/test/auto/OrderedMerge.xml
----------------- Instantiating /home/travis/build/icyphy/ptII/ptolemy/actor/lib/test/auto/OrderedMerge.xml
13 ms. Memory: 448512K Free: 315856K (70%)
----------------- Invoking toplevel() on ptolemy.moml.MoMLSimpleApplication@30046c92
----------------- Done invoking toplevel() on ptolemy.moml.MoMLSimpleApplication@30046c92
reloadAllAccessors: .OrderedMerge

===========================================================================================
----------------- testing Tue Jun 25 04:45:26 UTC 2019 /home/travis/build/icyphy/ptII/ptolemy/actor/lib/test/auto/OrderedRecordDisassembler.xml
----------------- Instantiating /home/travis/build/icyphy/ptII/ptolemy/actor/lib/test/auto/OrderedRecordDisassembler.xml
3 ms. Memory: 448512K Free: 310736K (69%)
----------------- Invoking toplevel() on ptolemy.moml.MoMLSimpleApplication@3476c0e6
----------------- Done invoking toplevel() on ptolemy.moml.MoMLSimpleApplication@3476c0e6
reloadAllAccessors: .OrderedRecordDisassembler

===========================================================================================
----------------- testing Tue Jun 25 04:45:26 UTC 2019 /home/travis/build/icyphy/ptII/ptolemy/actor/lib/test/auto/OrderedRecordDisassembler2.xml
----------------- Instantiating /home/travis/build/icyphy/ptII/ptolemy/actor/lib/test/auto/OrderedRecordDisassembler2.xml
5 ms. Memory: 448512K Free: 303024K (68%)
----------------- Invoking toplevel() on ptolemy.moml.MoMLSimpleApplication@6bd7e351
----------------- Done invoking toplevel() on ptolemy.moml.MoMLSimpleApplication@6bd7e351
reloadAllAccessors: .OrderedRecordDisassembler2

===========================================================================================
----------------- testing Tue Jun 25 04:45:26 UTC 2019 /home/travis/build/icyphy/ptII/ptolemy/actor/lib/test/auto/OrderedRecordUpdater.xml
----------------- Instantiating /home/travis/build/icyphy/ptII/ptolemy/actor/lib/test/auto/OrderedRecordUpdater.xml
2 ms. Memory: 448512K Free: 297934K (66%)
----------------- Invoking toplevel() on ptolemy.moml.MoMLSimpleApplication@c0bc3b6
----------------- Done invoking toplevel() on ptolemy.moml.MoMLSimpleApplication@c0bc3b6
reloadAllAccessors: .RecordUpdater

===========================================================================================
----------------- testing Tue Jun 25 04:45:26 UTC 2019 /home/travis/build/icyphy/ptII/ptolemy/actor/lib/test/auto/OrderedRecordUpdater2.xml
----------------- Instantiating /home/travis/build/icyphy/ptII/ptolemy/actor/lib/test/auto/OrderedRecordUpdater2.xml
3 ms. Memory: 448512K Free: 292814K (65%)
----------------- Invoking toplevel() on ptolemy.moml.MoMLSimpleApplication@76a83f69
----------------- Done invoking toplevel() on ptolemy.moml.MoMLSimpleApplication@76a83f69
reloadAllAccessors: .RecordUpdater2

===========================================================================================
----------------- testing Tue Jun 25 04:45:26 UTC 2019 /home/travis/build/icyphy/ptII/ptolemy/actor/lib/test/auto/PhaseUnwrap.xml
----------------- Instantiating /home/travis/build/icyphy/ptII/ptolemy/actor/lib/test/auto/PhaseUnwrap.xml
1 ms. Memory: 448512K Free: 288208K (64%)
----------------- Invoking toplevel() on ptolemy.moml.MoMLSimpleApplication@62ba615
----------------- Done invoking toplevel() on ptolemy.moml.MoMLSimpleApplication@62ba615
reloadAllAccessors: .PhaseUnwrap

===========================================================================================
----------------- testing Tue Jun 25 04:45:26 UTC 2019 /home/travis/build/icyphy/ptII/ptolemy/actor/lib/test/auto/PoissonClock.xml
----------------- Instantiating /home/travis/build/icyphy/ptII/ptolemy/actor/lib/test/auto/PoissonClock.xml
2 ms. Memory: 448512K Free: 284112K (63%)
----------------- Invoking toplevel() on ptolemy.moml.MoMLSimpleApplication@55754918
----------------- Done invoking toplevel() on ptolemy.moml.MoMLSimpleApplication@55754918
reloadAllAccessors: .PoissonClock

===========================================================================================
----------------- testing Tue Jun 25 04:45:26 UTC 2019 /home/travis/build/icyphy/ptII/ptolemy/actor/lib/test/auto/PoissonClock2.xml
----------------- Instantiating /home/travis/build/icyphy/ptII/ptolemy/actor/lib/test/auto/PoissonClock2.xml
1 ms. Memory: 448512K Free: 279502K (62%)
----------------- Invoking toplevel() on ptolemy.moml.MoMLSimpleApplication@77b65656
----------------- Done invoking toplevel() on ptolemy.moml.MoMLSimpleApplication@77b65656
reloadAllAccessors: .PoissonClock2

===========================================================================================
----------------- testing Tue Jun 25 04:45:26 UTC 2019 /home/travis/build/icyphy/ptII/ptolemy/actor/lib/test/auto/PoissonClock3.xml
----------------- Instantiating /home/travis/build/icyphy/ptII/ptolemy/actor/lib/test/auto/PoissonClock3.xml
2 ms. Memory: 448512K Free: 274382K (61%)
----------------- Invoking toplevel() on ptolemy.moml.MoMLSimpleApplication@46598acc
----------------- Done invoking toplevel() on ptolemy.moml.MoMLSimpleApplication@46598acc
reloadAllAccessors: .PoissonClock3

===========================================================================================
----------------- testing Tue Jun 25 04:45:26 UTC 2019 /home/travis/build/icyphy/ptII/ptolemy/actor/lib/test/auto/PubSubWithInitialTokens.xml
----------------- Instantiating /home/travis/build/icyphy/ptII/ptolemy/actor/lib/test/auto/PubSubWithInitialTokens.xml
2 ms. Memory: 448512K Free: 268752K (60%)
----------------- Invoking toplevel() on ptolemy.moml.MoMLSimpleApplication@2ab49cff
----------------- Done invoking toplevel() on ptolemy.moml.MoMLSimpleApplication@2ab49cff
reloadAllAccessors: .PubSubWithInitialTokens

===========================================================================================
----------------- testing Tue Jun 25 04:45:26 UTC 2019 /home/travis/build/icyphy/ptII/ptolemy/actor/lib/test/auto/PubSubWithInitialTokens2.xml
----------------- Instantiating /home/travis/build/icyphy/ptII/ptolemy/actor/lib/test/auto/PubSubWithInitialTokens2.xml
2 ms. Memory: 448512K Free: 262608K (59%)
----------------- Invoking toplevel() on ptolemy.moml.MoMLSimpleApplication@422f856
----------------- Done invoking toplevel() on ptolemy.moml.MoMLSimpleApplication@422f856
reloadAllAccessors: .PubSubWithInitialTokens2

===========================================================================================
----------------- testing Tue Jun 25 04:45:26 UTC 2019 /home/travis/build/icyphy/ptII/ptolemy/actor/lib/test/auto/PublisherClassNoParameter.xml
----------------- Instantiating /home/travis/build/icyphy/ptII/ptolemy/actor/lib/test/auto/PublisherClassNoParameter.xml
2 ms. Memory: 448512K Free: 252864K (56%)
----------------- Invoking toplevel() on ptolemy.moml.MoMLSimpleApplication@d745d48
----------------- Done invoking toplevel() on ptolemy.moml.MoMLSimpleApplication@d745d48
reloadAllAccessors: .PublisherClassNoParameter

===========================================================================================
----------------- testing Tue Jun 25 04:45:26 UTC 2019 /home/travis/build/icyphy/ptII/ptolemy/actor/lib/test/auto/PublisherClassParameter.xml
----------------- Instantiating /home/travis/build/icyphy/ptII/ptolemy/actor/lib/test/auto/PublisherClassParameter.xml
2 ms. Memory: 448512K Free: 242128K (54%)
----------------- Invoking toplevel() on ptolemy.moml.MoMLSimpleApplication@4583039d
----------------- Done invoking toplevel() on ptolemy.moml.MoMLSimpleApplication@4583039d
reloadAllAccessors: .PublisherClassParameter

===========================================================================================
----------------- testing Tue Jun 25 04:45:26 UTC 2019 /home/travis/build/icyphy/ptII/ptolemy/actor/lib/test/auto/PublisherNonStrictTest.xml
----------------- Instantiating /home/travis/build/icyphy/ptII/ptolemy/actor/lib/test/auto/PublisherNonStrictTest.xml
3 ms. Memory: 448512K Free: 234440K (52%)
----------------- Invoking toplevel() on ptolemy.moml.MoMLSimpleApplication@19db54f4
----------------- Done invoking toplevel() on ptolemy.moml.MoMLSimpleApplication@19db54f4
reloadAllAccessors: .PublisherNonStrictTest

===========================================================================================
----------------- testing Tue Jun 25 04:45:26 UTC 2019 /home/travis/build/icyphy/ptII/ptolemy/actor/lib/test/auto/PublisherPort1.xml
----------------- Instantiating /home/travis/build/icyphy/ptII/ptolemy/actor/lib/test/auto/PublisherPort1.xml
2 ms. Memory: 448512K Free: 228816K (51%)
----------------- Invoking toplevel() on ptolemy.moml.MoMLSimpleApplication@644fe6a8
----------------- Done invoking toplevel() on ptolemy.moml.MoMLSimpleApplication@644fe6a8
reloadAllAccessors: .PublisherPort1

===========================================================================================
----------------- testing Tue Jun 25 04:45:26 UTC 2019 /home/travis/build/icyphy/ptII/ptolemy/actor/lib/test/auto/PublisherPort2.xml
----------------- Instantiating /home/travis/build/icyphy/ptII/ptolemy/actor/lib/test/auto/PublisherPort2.xml
1 ms. Memory: 448512K Free: 223696K (50%)
----------------- Invoking toplevel() on ptolemy.moml.MoMLSimpleApplication@75428152
----------------- Done invoking toplevel() on ptolemy.moml.MoMLSimpleApplication@75428152
reloadAllAccessors: .PublisherPort2

===========================================================================================
----------------- testing Tue Jun 25 04:45:26 UTC 2019 /home/travis/build/icyphy/ptII/ptolemy/actor/lib/test/auto/PublisherPort3.xml
----------------- Instantiating /home/travis/build/icyphy/ptII/ptolemy/actor/lib/test/auto/PublisherPort3.xml
14 ms. Memory: 448512K Free: 217008K (48%)
----------------- Invoking toplevel() on ptolemy.moml.MoMLSimpleApplication@32971a94
----------------- Done invoking toplevel() on ptolemy.moml.MoMLSimpleApplication@32971a94
reloadAllAccessors: .PublisherPort3

===========================================================================================
----------------- testing Tue Jun 25 04:45:26 UTC 2019 /home/travis/build/icyphy/ptII/ptolemy/actor/lib/test/auto/PublisherPort4.xml
----------------- Instantiating /home/travis/build/icyphy/ptII/ptolemy/actor/lib/test/auto/PublisherPort4.xml
3 ms. Memory: 448512K Free: 211408K (47%)
----------------- Invoking toplevel() on ptolemy.moml.MoMLSimpleApplication@388d4d82
----------------- Done invoking toplevel() on ptolemy.moml.MoMLSimpleApplication@388d4d82
reloadAllAccessors: .PublisherPort4

===========================================================================================
----------------- testing Tue Jun 25 04:45:26 UTC 2019 /home/travis/build/icyphy/ptII/ptolemy/actor/lib/test/auto/PublisherPort5.xml
----------------- Instantiating /home/travis/build/icyphy/ptII/ptolemy/actor/lib/test/auto/PublisherPort5.xml
3 ms. Memory: 448512K Free: 203726K (45%)
----------------- Invoking toplevel() on ptolemy.moml.MoMLSimpleApplication@53e39ee2
----------------- Done invoking toplevel() on ptolemy.moml.MoMLSimpleApplication@53e39ee2
reloadAllAccessors: .PublisherPort5

===========================================================================================
----------------- testing Tue Jun 25 04:45:26 UTC 2019 /home/travis/build/icyphy/ptII/ptolemy/actor/lib/test/auto/PublisherPort5LookAlike.xml
----------------- Instantiating /home/travis/build/icyphy/ptII/ptolemy/actor/lib/test/auto/PublisherPort5LookAlike.xml
9 ms. Memory: 448512K Free: 196048K (44%)
----------------- Invoking toplevel() on ptolemy.moml.MoMLSimpleApplication@4eb12148
----------------- Done invoking toplevel() on ptolemy.moml.MoMLSimpleApplication@4eb12148
reloadAllAccessors: .PublisherPort5LookAlike

===========================================================================================
----------------- testing Tue Jun 25 04:45:26 UTC 2019 /home/travis/build/icyphy/ptII/ptolemy/actor/lib/test/auto/PublisherPort6.xml
----------------- Instantiating /home/travis/build/icyphy/ptII/ptolemy/actor/lib/test/auto/PublisherPort6.xml
3 ms. Memory: 448512K Free: 188880K (42%)
----------------- Invoking toplevel() on ptolemy.moml.MoMLSimpleApplication@6dea7c25
----------------- Done invoking toplevel() on ptolemy.moml.MoMLSimpleApplication@6dea7c25
reloadAllAccessors: .PublisherPort6

===========================================================================================
----------------- testing Tue Jun 25 04:45:26 UTC 2019 /home/travis/build/icyphy/ptII/ptolemy/actor/lib/test/auto/PublisherPort7.xml
----------------- Instantiating /home/travis/build/icyphy/ptII/ptolemy/actor/lib/test/auto/PublisherPort7.xml
3 ms. Memory: 448512K Free: 181198K (40%)
----------------- Invoking toplevel() on ptolemy.moml.MoMLSimpleApplication@75ed012c
----------------- Done invoking toplevel() on ptolemy.moml.MoMLSimpleApplication@75ed012c
reloadAllAccessors: .PublisherPort7

===========================================================================================
----------------- testing Tue Jun 25 04:45:26 UTC 2019 /home/travis/build/icyphy/ptII/ptolemy/actor/lib/test/auto/PublisherPort8.xml
----------------- Instantiating /home/travis/build/icyphy/ptII/ptolemy/actor/lib/test/auto/PublisherPort8.xml
4 ms. Memory: 448512K Free: 172496K (38%)
----------------- Invoking toplevel() on ptolemy.moml.MoMLSimpleApplication@292db11d
----------------- Done invoking toplevel() on ptolemy.moml.MoMLSimpleApplication@292db11d
reloadAllAccessors: .PublisherPort8

===========================================================================================
----------------- testing Tue Jun 25 04:45:26 UTC 2019 /home/travis/build/icyphy/ptII/ptolemy/actor/lib/test/auto/PublisherPortSubscriberChannelVariablesAOC2.xml
----------------- Instantiating /home/travis/build/icyphy/ptII/ptolemy/actor/lib/test/auto/PublisherPortSubscriberChannelVariablesAOC2.xml
4 ms. Memory: 448512K Free: 154064K (34%)
----------------- Invoking toplevel() on ptolemy.moml.MoMLSimpleApplication@2212692b
----------------- Done invoking toplevel() on ptolemy.moml.MoMLSimpleApplication@2212692b
reloadAllAccessors: .PublisherPortSubscriberChannelVariablesAOC2

===========================================================================================
----------------- testing Tue Jun 25 04:45:26 UTC 2019 /home/travis/build/icyphy/ptII/ptolemy/actor/lib/test/auto/PublisherPortSubscriberOpaqueWidthInference.xml
----------------- Instantiating /home/travis/build/icyphy/ptII/ptolemy/actor/lib/test/auto/PublisherPortSubscriberOpaqueWidthInference.xml
3 ms. Memory: 448512K Free: 146368K (33%)
----------------- Invoking toplevel() on ptolemy.moml.MoMLSimpleApplication@4da70b48
----------------- Done invoking toplevel() on ptolemy.moml.MoMLSimpleApplication@4da70b48
reloadAllAccessors: .PublisherPortSubscriberOpaqueWidthInference

===========================================================================================
----------------- testing Tue Jun 25 04:45:26 UTC 2019 /home/travis/build/icyphy/ptII/ptolemy/actor/lib/test/auto/PublisherPortSubscriberPortAdjacent.xml
----------------- Instantiating /home/travis/build/icyphy/ptII/ptolemy/actor/lib/test/auto/PublisherPortSubscriberPortAdjacent.xml
1 ms. Memory: 448512K Free: 138190K (31%)
----------------- Invoking toplevel() on ptolemy.moml.MoMLSimpleApplication@57269099
----------------- Done invoking toplevel() on ptolemy.moml.MoMLSimpleApplication@57269099
reloadAllAccessors: .PublisherPortSubscriberPortAdjacent

===========================================================================================
----------------- testing Tue Jun 25 04:45:26 UTC 2019 /home/travis/build/icyphy/ptII/ptolemy/actor/lib/test/auto/PublisherPortSubscriberPortExpression.xml
----------------- Instantiating /home/travis/build/icyphy/ptII/ptolemy/actor/lib/test/auto/PublisherPortSubscriberPortExpression.xml
4 ms. Memory: 448512K Free: 394736K (88%)
----------------- Invoking toplevel() on ptolemy.moml.MoMLSimpleApplication@4d942ce2
----------------- Done invoking toplevel() on ptolemy.moml.MoMLSimpleApplication@4d942ce2
reloadAllAccessors: .PublisherPortSubscriberPortExpression

===========================================================================================
----------------- testing Tue Jun 25 04:45:26 UTC 2019 /home/travis/build/icyphy/ptII/ptolemy/actor/lib/test/auto/PublisherPortSubscriberPortOpaqueD3Reverse.xml
----------------- Instantiating /home/travis/build/icyphy/ptII/ptolemy/actor/lib/test/auto/PublisherPortSubscriberPortOpaqueD3Reverse.xml
5 ms. Memory: 448512K Free: 383982K (86%)
----------------- Invoking toplevel() on ptolemy.moml.MoMLSimpleApplication@6ee8d1b4
----------------- Done invoking toplevel() on ptolemy.moml.MoMLSimpleApplication@6ee8d1b4
reloadAllAccessors: .PublisherPortSubscriberPortOpaqueD3Reverse

===========================================================================================
----------------- testing Tue Jun 25 04:45:26 UTC 2019 /home/travis/build/icyphy/ptII/ptolemy/actor/lib/test/auto/PublisherPortSubscriberPortOpaqueWidthInference.xml
----------------- Instantiating /home/travis/build/icyphy/ptII/ptolemy/actor/lib/test/auto/PublisherPortSubscriberPortOpaqueWidthInference.xml
4 ms. Memory: 448512K Free: 376304K (84%)
----------------- Invoking toplevel() on ptolemy.moml.MoMLSimpleApplication@31b18270
----------------- Done invoking toplevel() on ptolemy.moml.MoMLSimpleApplication@31b18270
reloadAllAccessors: .PublisherPortSubscriberPortOpaqueWidthInference

===========================================================================================
----------------- testing Tue Jun 25 04:45:26 UTC 2019 /home/travis/build/icyphy/ptII/ptolemy/actor/lib/test/auto/PublisherPortToplevelSubscriberPortAOC.xml
----------------- Instantiating /home/travis/build/icyphy/ptII/ptolemy/actor/lib/test/auto/PublisherPortToplevelSubscriberPortAOC.xml
.PublisherPortToplevelSubscriberPortAOC.TestExceptionAttribute: initialize() was not invoked, but wrapup() was.  This is unusual, but not always a problem.  For example, exporting JNLP will do this.
3 ms. Memory: 448512K Free: 370670K (83%)
----------------- Invoking toplevel() on ptolemy.moml.MoMLSimpleApplication@1a1b7494
----------------- Done invoking toplevel() on ptolemy.moml.MoMLSimpleApplication@1a1b7494
reloadAllAccessors: .PublisherPortToplevelSubscriberPortAOC

===========================================================================================
----------------- testing Tue Jun 25 04:45:26 UTC 2019 /home/travis/build/icyphy/ptII/ptolemy/actor/lib/test/auto/PublisherSubscriber.xml
----------------- Instantiating /home/travis/build/icyphy/ptII/ptolemy/actor/lib/test/auto/PublisherSubscriber.xml
2 ms. Memory: 448512K Free: 363472K (81%)
----------------- Invoking toplevel() on ptolemy.moml.MoMLSimpleApplication@6918ff39
----------------- Done invoking toplevel() on ptolemy.moml.MoMLSimpleApplication@6918ff39
reloadAllAccessors: .PublisherSubscriber

===========================================================================================
----------------- testing Tue Jun 25 04:45:26 UTC 2019 /home/travis/build/icyphy/ptII/ptolemy/actor/lib/test/auto/PublisherSubscriber10.xml
----------------- Instantiating /home/travis/build/icyphy/ptII/ptolemy/actor/lib/test/auto/PublisherSubscriber10.xml
6 ms. Memory: 448512K Free: 353776K (79%)
----------------- Invoking toplevel() on ptolemy.moml.MoMLSimpleApplication@63dd3bd3
----------------- Done invoking toplevel() on ptolemy.moml.MoMLSimpleApplication@63dd3bd3
reloadAllAccessors: .PublisherSubscriber10

===========================================================================================
----------------- testing Tue Jun 25 04:45:26 UTC 2019 /home/travis/build/icyphy/ptII/ptolemy/actor/lib/test/auto/PublisherSubscriber10InitialOutputs.xml
----------------- Instantiating /home/travis/build/icyphy/ptII/ptolemy/actor/lib/test/auto/PublisherSubscriber10InitialOutputs.xml
15 ms. Memory: 448512K Free: 344560K (77%)
----------------- Invoking toplevel() on ptolemy.moml.MoMLSimpleApplication@52812e1c
----------------- Done invoking toplevel() on ptolemy.moml.MoMLSimpleApplication@52812e1c
reloadAllAccessors: .PublisherSubscriber10InitialOutputs

===========================================================================================
----------------- testing Tue Jun 25 04:45:26 UTC 2019 /home/travis/build/icyphy/ptII/ptolemy/actor/lib/test/auto/PublisherSubscriber11.xml
----------------- Instantiating /home/travis/build/icyphy/ptII/ptolemy/actor/lib/test/auto/PublisherSubscriber11.xml
3 ms. Memory: 448512K Free: 338416K (75%)
----------------- Invoking toplevel() on ptolemy.moml.MoMLSimpleApplication@65f38634
----------------- Done invoking toplevel() on ptolemy.moml.MoMLSimpleApplication@65f38634
reloadAllAccessors: .PublisherSubscriber11

===========================================================================================
----------------- testing Tue Jun 25 04:45:26 UTC 2019 /home/travis/build/icyphy/ptII/ptolemy/actor/lib/test/auto/PublisherSubscriber12.xml
----------------- Instantiating /home/travis/build/icyphy/ptII/ptolemy/actor/lib/test/auto/PublisherSubscriber12.xml
3 ms. Memory: 448512K Free: 331248K (74%)
----------------- Invoking toplevel() on ptolemy.moml.MoMLSimpleApplication@310d5b4b
----------------- Done invoking toplevel() on ptolemy.moml.MoMLSimpleApplication@310d5b4b
reloadAllAccessors: .PublisherSubscriber12

===========================================================================================
----------------- testing Tue Jun 25 04:45:26 UTC 2019 /home/travis/build/icyphy/ptII/ptolemy/actor/lib/test/auto/PublisherSubscriber13.xml
----------------- Instantiating /home/travis/build/icyphy/ptII/ptolemy/actor/lib/test/auto/PublisherSubscriber13.xml
2 ms. Memory: 448512K Free: 325584K (73%)
----------------- Invoking toplevel() on ptolemy.moml.MoMLSimpleApplication@c92adf
----------------- Done invoking toplevel() on ptolemy.moml.MoMLSimpleApplication@c92adf
reloadAllAccessors: .PublisherSubscriber13

===========================================================================================
----------------- testing Tue Jun 25 04:45:26 UTC 2019 /home/travis/build/icyphy/ptII/ptolemy/actor/lib/test/auto/PublisherSubscriber14.xml
----------------- Instantiating /home/travis/build/icyphy/ptII/ptolemy/actor/lib/test/auto/PublisherSubscriber14.xml
2 ms. Memory: 448512K Free: 316912K (71%)
----------------- Invoking toplevel() on ptolemy.moml.MoMLSimpleApplication@6644f909
----------------- Done invoking toplevel() on ptolemy.moml.MoMLSimpleApplication@6644f909
reloadAllAccessors: .PublisherSubscriber14

===========================================================================================
----------------- testing Tue Jun 25 04:45:26 UTC 2019 /home/travis/build/icyphy/ptII/ptolemy/actor/lib/test/auto/PublisherSubscriber2.xml
----------------- Instantiating /home/travis/build/icyphy/ptII/ptolemy/actor/lib/test/auto/PublisherSubscriber2.xml
3 ms. Memory: 448512K Free: 311278K (69%)
----------------- Invoking toplevel() on ptolemy.moml.MoMLSimpleApplication@3146fe16
----------------- Done invoking toplevel() on ptolemy.moml.MoMLSimpleApplication@3146fe16
reloadAllAccessors: .PublisherSubscriber2

===========================================================================================
----------------- testing Tue Jun 25 04:45:26 UTC 2019 /home/travis/build/icyphy/ptII/ptolemy/actor/lib/test/auto/PublisherSubscriber3.xml
----------------- Instantiating /home/travis/build/icyphy/ptII/ptolemy/actor/lib/test/auto/PublisherSubscriber3.xml
2 ms. Memory: 448512K Free: 305648K (68%)
----------------- Invoking toplevel() on ptolemy.moml.MoMLSimpleApplication@453b3ca2
----------------- Done invoking toplevel() on ptolemy.moml.MoMLSimpleApplication@453b3ca2
reloadAllAccessors: .PublisherSubscriber3

===========================================================================================
----------------- testing Tue Jun 25 04:45:26 UTC 2019 /home/travis/build/icyphy/ptII/ptolemy/actor/lib/test/auto/PublisherSubscriber4.xml
----------------- Instantiating /home/travis/build/icyphy/ptII/ptolemy/actor/lib/test/auto/PublisherSubscriber4.xml
2 ms. Memory: 448512K Free: 299984K (67%)
----------------- Invoking toplevel() on ptolemy.moml.MoMLSimpleApplication@29683e3f
----------------- Done invoking toplevel() on ptolemy.moml.MoMLSimpleApplication@29683e3f
reloadAllAccessors: .PublisherSubscriber4

===========================================================================================
----------------- testing Tue Jun 25 04:45:26 UTC 2019 /home/travis/build/icyphy/ptII/ptolemy/actor/lib/test/auto/PublisherSubscriber5.xml
----------------- Instantiating /home/travis/build/icyphy/ptII/ptolemy/actor/lib/test/auto/PublisherSubscriber5.xml
2 ms. Memory: 448512K Free: 292846K (65%)
----------------- Invoking toplevel() on ptolemy.moml.MoMLSimpleApplication@743878b0
----------------- Done invoking toplevel() on ptolemy.moml.MoMLSimpleApplication@743878b0
reloadAllAccessors: .PublisherSubscriber5

===========================================================================================
----------------- testing Tue Jun 25 04:45:26 UTC 2019 /home/travis/build/icyphy/ptII/ptolemy/actor/lib/test/auto/PublisherSubscriber6.xml
----------------- Instantiating /home/travis/build/icyphy/ptII/ptolemy/actor/lib/test/auto/PublisherSubscriber6.xml
4 ms. Memory: 448512K Free: 286192K (64%)
----------------- Invoking toplevel() on ptolemy.moml.MoMLSimpleApplication@734531e0
----------------- Done invoking toplevel() on ptolemy.moml.MoMLSimpleApplication@734531e0
reloadAllAccessors: .PublisherSubscriber6

===========================================================================================
----------------- testing Tue Jun 25 04:45:26 UTC 2019 /home/travis/build/icyphy/ptII/ptolemy/actor/lib/test/auto/PublisherSubscriber7.xml
----------------- Instantiating /home/travis/build/icyphy/ptII/ptolemy/actor/lib/test/auto/PublisherSubscriber7.xml
3 ms. Memory: 448512K Free: 279520K (62%)
----------------- Invoking toplevel() on ptolemy.moml.MoMLSimpleApplication@729f1991
----------------- Done invoking toplevel() on ptolemy.moml.MoMLSimpleApplication@729f1991
reloadAllAccessors: .PublisherSubscriber7

===========================================================================================
----------------- testing Tue Jun 25 04:45:27 UTC 2019 /home/travis/build/icyphy/ptII/ptolemy/actor/lib/test/auto/PublisherSubscriber8.xml
----------------- Instantiating /home/travis/build/icyphy/ptII/ptolemy/actor/lib/test/auto/PublisherSubscriber8.xml
16 ms. Memory: 448512K Free: 267760K (60%)
----------------- Invoking toplevel() on ptolemy.moml.MoMLSimpleApplication@151b87e2
----------------- Done invoking toplevel() on ptolemy.moml.MoMLSimpleApplication@151b87e2
reloadAllAccessors: .PublisherSubscriber8

===========================================================================================
----------------- testing Tue Jun 25 04:45:27 UTC 2019 /home/travis/build/icyphy/ptII/ptolemy/actor/lib/test/auto/PublisherSubscriber9.xml
----------------- Instantiating /home/travis/build/icyphy/ptII/ptolemy/actor/lib/test/auto/PublisherSubscriber9.xml
2 ms. Memory: 448512K Free: 260592K (58%)
----------------- Invoking toplevel() on ptolemy.moml.MoMLSimpleApplication@3283d903
----------------- Done invoking toplevel() on ptolemy.moml.MoMLSimpleApplication@3283d903
reloadAllAccessors: .PublisherSubscriber9

===========================================================================================
----------------- testing Tue Jun 25 04:45:27 UTC 2019 /home/travis/build/icyphy/ptII/ptolemy/actor/lib/test/auto/PublisherSubscriberAdjacent.xml
----------------- Instantiating /home/travis/build/icyphy/ptII/ptolemy/actor/lib/test/auto/PublisherSubscriberAdjacent.xml
1 ms. Memory: 448512K Free: 251886K (56%)
----------------- Invoking toplevel() on ptolemy.moml.MoMLSimpleApplication@218fa559
----------------- Done invoking toplevel() on ptolemy.moml.MoMLSimpleApplication@218fa559
reloadAllAccessors: .PublisherSubscriberAdjacent

===========================================================================================
----------------- testing Tue Jun 25 04:45:27 UTC 2019 /home/travis/build/icyphy/ptII/ptolemy/actor/lib/test/auto/PublisherSubscriberChannelVariablesAOC2.xml
----------------- Instantiating /home/travis/build/icyphy/ptII/ptolemy/actor/lib/test/auto/PublisherSubscriberChannelVariablesAOC2.xml
3 ms. Memory: 448512K Free: 236016K (53%)
----------------- Invoking toplevel() on ptolemy.moml.MoMLSimpleApplication@3ee570ff
----------------- Done invoking toplevel() on ptolemy.moml.MoMLSimpleApplication@3ee570ff
reloadAllAccessors: .PublisherSubscriberChannelVariablesAOC2

===========================================================================================
----------------- testing Tue Jun 25 04:45:27 UTC 2019 /home/travis/build/icyphy/ptII/ptolemy/actor/lib/test/auto/PublisherSubscriberD3.xml
----------------- Instantiating /home/travis/build/icyphy/ptII/ptolemy/actor/lib/test/auto/PublisherSubscriberD3.xml
1 ms. Memory: 448512K Free: 228848K (51%)
----------------- Invoking toplevel() on ptolemy.moml.MoMLSimpleApplication@5ec892d5
----------------- Done invoking toplevel() on ptolemy.moml.MoMLSimpleApplication@5ec892d5
reloadAllAccessors: .PublisherSubscriberD3

===========================================================================================
----------------- testing Tue Jun 25 04:45:27 UTC 2019 /home/travis/build/icyphy/ptII/ptolemy/actor/lib/test/auto/PublisherSubscriberD3Reverse.xml
----------------- Instantiating /home/travis/build/icyphy/ptII/ptolemy/actor/lib/test/auto/PublisherSubscriberD3Reverse.xml
2 ms. Memory: 448512K Free: 222704K (50%)
----------------- Invoking toplevel() on ptolemy.moml.MoMLSimpleApplication@6130be7c
----------------- Done invoking toplevel() on ptolemy.moml.MoMLSimpleApplication@6130be7c
reloadAllAccessors: .PublisherSubscriberD3Reverse

===========================================================================================
----------------- testing Tue Jun 25 04:45:27 UTC 2019 /home/travis/build/icyphy/ptII/ptolemy/actor/lib/test/auto/PublisherSubscriberExpression.xml
----------------- Instantiating /home/travis/build/icyphy/ptII/ptolemy/actor/lib/test/auto/PublisherSubscriberExpression.xml
4 ms. Memory: 448512K Free: 213968K (48%)
----------------- Invoking toplevel() on ptolemy.moml.MoMLSimpleApplication@22561170
----------------- Done invoking toplevel() on ptolemy.moml.MoMLSimpleApplication@22561170
reloadAllAccessors: .PublisherSubscriberExpression

===========================================================================================
----------------- testing Tue Jun 25 04:45:27 UTC 2019 /home/travis/build/icyphy/ptII/ptolemy/actor/lib/test/auto/PublisherSubscriberOpaque.xml
----------------- Instantiating /home/travis/build/icyphy/ptII/ptolemy/actor/lib/test/auto/PublisherSubscriberOpaque.xml
4 ms. Memory: 448512K Free: 205806K (46%)
----------------- Invoking toplevel() on ptolemy.moml.MoMLSimpleApplication@2078f0bb
----------------- Done invoking toplevel() on ptolemy.moml.MoMLSimpleApplication@2078f0bb
reloadAllAccessors: .PublisherSubscriberOpaque

===========================================================================================
----------------- testing Tue Jun 25 04:45:27 UTC 2019 /home/travis/build/icyphy/ptII/ptolemy/actor/lib/test/auto/PublisherSubscriberOpaqueD3.xml
----------------- Instantiating /home/travis/build/icyphy/ptII/ptolemy/actor/lib/test/auto/PublisherSubscriberOpaqueD3.xml
5 ms. Memory: 448512K Free: 194032K (43%)
----------------- Invoking toplevel() on ptolemy.moml.MoMLSimpleApplication@157f7b8b
----------------- Done invoking toplevel() on ptolemy.moml.MoMLSimpleApplication@157f7b8b
reloadAllAccessors: .PublisherSubscriberOpaqueD3

===========================================================================================
----------------- testing Tue Jun 25 04:45:27 UTC 2019 /home/travis/build/icyphy/ptII/ptolemy/actor/lib/test/auto/PublisherSubscriberOpaqueD3Reverse.xml
----------------- Instantiating /home/travis/build/icyphy/ptII/ptolemy/actor/lib/test/auto/PublisherSubscriberOpaqueD3Reverse.xml
11 ms. Memory: 448512K Free: 183278K (41%)
----------------- Invoking toplevel() on ptolemy.moml.MoMLSimpleApplication@22082055
----------------- Done invoking toplevel() on ptolemy.moml.MoMLSimpleApplication@22082055
reloadAllAccessors: .PublisherSubscriberOpaqueD3Reverse

===========================================================================================
----------------- testing Tue Jun 25 04:45:27 UTC 2019 /home/travis/build/icyphy/ptII/ptolemy/actor/lib/test/auto/PublisherSubscriberOpaqueWidthInference.xml
----------------- Instantiating /home/travis/build/icyphy/ptII/ptolemy/actor/lib/test/auto/PublisherSubscriberOpaqueWidthInference.xml
4 ms. Memory: 448512K Free: 175072K (39%)
----------------- Invoking toplevel() on ptolemy.moml.MoMLSimpleApplication@5e8fe5f3
----------------- Done invoking toplevel() on ptolemy.moml.MoMLSimpleApplication@5e8fe5f3
reloadAllAccessors: .PublisherSubscriberOpaqueWidthInference

===========================================================================================
----------------- testing Tue Jun 25 04:45:27 UTC 2019 /home/travis/build/icyphy/ptII/ptolemy/actor/lib/test/auto/PublisherTestSubscriber.xml
----------------- Instantiating /home/travis/build/icyphy/ptII/ptolemy/actor/lib/test/auto/PublisherTestSubscriber.xml
3 ms. Memory: 448512K Free: 167408K (37%)
----------------- Invoking toplevel() on ptolemy.moml.MoMLSimpleApplication@6d6d2a66
----------------- Done invoking toplevel() on ptolemy.moml.MoMLSimpleApplication@6d6d2a66
reloadAllAccessors: .PublisherTestSubscriber

===========================================================================================
----------------- testing Tue Jun 25 04:45:27 UTC 2019 /home/travis/build/icyphy/ptII/ptolemy/actor/lib/test/auto/PublisherToplevelSubscriberPortAOC.xml
----------------- Instantiating /home/travis/build/icyphy/ptII/ptolemy/actor/lib/test/auto/PublisherToplevelSubscriberPortAOC.xml
2 ms. Memory: 448512K Free: 161264K (36%)
----------------- Invoking toplevel() on ptolemy.moml.MoMLSimpleApplication@54361f9e
----------------- Done invoking toplevel() on ptolemy.moml.MoMLSimpleApplication@54361f9e
reloadAllAccessors: .PublisherToplevelSubscriberPortAOC

===========================================================================================
----------------- testing Tue Jun 25 04:45:27 UTC 2019 /home/travis/build/icyphy/ptII/ptolemy/actor/lib/test/auto/PulseFiringLimitDE.xml
----------------- Instantiating /home/travis/build/icyphy/ptII/ptolemy/actor/lib/test/auto/PulseFiringLimitDE.xml
2 ms. Memory: 448512K Free: 154606K (34%)
----------------- Invoking toplevel() on ptolemy.moml.MoMLSimpleApplication@6763dd5a
----------------- Done invoking toplevel() on ptolemy.moml.MoMLSimpleApplication@6763dd5a
reloadAllAccessors: .PulseFiringLimitDE

===========================================================================================
----------------- testing Tue Jun 25 04:45:27 UTC 2019 /home/travis/build/icyphy/ptII/ptolemy/actor/lib/test/auto/Ramp1.xml
----------------- Instantiating /home/travis/build/icyphy/ptII/ptolemy/actor/lib/test/auto/Ramp1.xml
1 ms. Memory: 448512K Free: 150504K (34%)
----------------- Invoking toplevel() on ptolemy.moml.MoMLSimpleApplication@3b740c41
----------------- Done invoking toplevel() on ptolemy.moml.MoMLSimpleApplication@3b740c41
reloadAllAccessors: .Ramp1

===========================================================================================
----------------- testing Tue Jun 25 04:45:27 UTC 2019 /home/travis/build/icyphy/ptII/ptolemy/actor/lib/test/auto/RampFiringLimitDE.xml
----------------- Instantiating /home/travis/build/icyphy/ptII/ptolemy/actor/lib/test/auto/RampFiringLimitDE.xml
2 ms. Memory: 448512K Free: 144352K (32%)
----------------- Invoking toplevel() on ptolemy.moml.MoMLSimpleApplication@58827a6e
----------------- Done invoking toplevel() on ptolemy.moml.MoMLSimpleApplication@58827a6e
reloadAllAccessors: .RampFiringLimitDE

===========================================================================================
----------------- testing Tue Jun 25 04:45:27 UTC 2019 /home/travis/build/icyphy/ptII/ptolemy/actor/lib/test/auto/RampFiringLimitSDF.xml
----------------- Instantiating /home/travis/build/icyphy/ptII/ptolemy/actor/lib/test/auto/RampFiringLimitSDF.xml
2 ms. Memory: 448512K Free: 139232K (31%)
----------------- Invoking toplevel() on ptolemy.moml.MoMLSimpleApplication@230a595f
----------------- Done invoking toplevel() on ptolemy.moml.MoMLSimpleApplication@230a595f
reloadAllAccessors: .RampFiringLimitSDF

===========================================================================================
----------------- testing Tue Jun 25 04:45:27 UTC 2019 /home/travis/build/icyphy/ptII/ptolemy/actor/lib/test/auto/RandomInteger.xml
----------------- Instantiating /home/travis/build/icyphy/ptII/ptolemy/actor/lib/test/auto/RandomInteger.xml
17 ms. Memory: 448512K Free: 399287K (89%)
----------------- Invoking toplevel() on ptolemy.moml.MoMLSimpleApplication@166541c
----------------- Done invoking toplevel() on ptolemy.moml.MoMLSimpleApplication@166541c
reloadAllAccessors: .RandomInteger

===========================================================================================
----------------- testing Tue Jun 25 04:45:27 UTC 2019 /home/travis/build/icyphy/ptII/ptolemy/actor/lib/test/auto/ReadFile1.xml
----------------- Instantiating /home/travis/build/icyphy/ptII/ptolemy/actor/lib/test/auto/ReadFile1.xml
2 ms. Memory: 448512K Free: 394161K (88%)
----------------- Invoking toplevel() on ptolemy.moml.MoMLSimpleApplication@5fd9873c
----------------- Done invoking toplevel() on ptolemy.moml.MoMLSimpleApplication@5fd9873c
reloadAllAccessors: .ReadFile1

===========================================================================================
----------------- testing Tue Jun 25 04:45:27 UTC 2019 /home/travis/build/icyphy/ptII/ptolemy/actor/lib/test/auto/ReadFile2.xml
----------------- Instantiating /home/travis/build/icyphy/ptII/ptolemy/actor/lib/test/auto/ReadFile2.xml
2 ms. Memory: 448512K Free: 390071K (87%)
----------------- Invoking toplevel() on ptolemy.moml.MoMLSimpleApplication@1f52d7ce
----------------- Done invoking toplevel() on ptolemy.moml.MoMLSimpleApplication@1f52d7ce
reloadAllAccessors: .ReadFile2

===========================================================================================
----------------- testing Tue Jun 25 04:45:27 UTC 2019 /home/travis/build/icyphy/ptII/ptolemy/actor/lib/test/auto/Reader.xml
----------------- Instantiating /home/travis/build/icyphy/ptII/ptolemy/actor/lib/test/auto/Reader.xml
actor.lib.Reader is obsolete, use actor.lib.io.ExpressionReader instead
4 ms. Memory: 448512K Free: 385465K (86%)
----------------- Invoking toplevel() on ptolemy.moml.MoMLSimpleApplication@47200a42
----------------- Done invoking toplevel() on ptolemy.moml.MoMLSimpleApplication@47200a42
reloadAllAccessors: .Reader

===========================================================================================
----------------- testing Tue Jun 25 04:45:27 UTC 2019 /home/travis/build/icyphy/ptII/ptolemy/actor/lib/test/auto/RecordAssemblerDisplayNameTest.xml
----------------- Instantiating /home/travis/build/icyphy/ptII/ptolemy/actor/lib/test/auto/RecordAssemblerDisplayNameTest.xml
3868 ms. Memory: 448512K Free: 251287K (56%)
----------------- Invoking toplevel() on ptolemy.moml.MoMLSimpleApplication@45112b29
----------------- Done invoking toplevel() on ptolemy.moml.MoMLSimpleApplication@45112b29
reloadAllAccessors: .RecordAssemblerDisplayNameTest

===========================================================================================
----------------- testing Tue Jun 25 04:45:31 UTC 2019 /home/travis/build/icyphy/ptII/ptolemy/actor/lib/test/auto/RecordAssemblerTypeError.xml
----------------- Instantiating /home/travis/build/icyphy/ptII/ptolemy/actor/lib/test/auto/RecordAssemblerTypeError.xml
9 ms. Memory: 448512K Free: 241557K (54%)
----------------- Invoking toplevel() on ptolemy.moml.MoMLSimpleApplication@3dbe8525
----------------- Done invoking toplevel() on ptolemy.moml.MoMLSimpleApplication@3dbe8525
reloadAllAccessors: .RecordAssemblerTypeError

===========================================================================================
----------------- testing Tue Jun 25 04:45:31 UTC 2019 /home/travis/build/icyphy/ptII/ptolemy/actor/lib/test/auto/RecordDisassember.xml
----------------- Instantiating /home/travis/build/icyphy/ptII/ptolemy/actor/lib/test/auto/RecordDisassember.xml
14 ms. Memory: 448512K Free: 236951K (53%)
----------------- Invoking toplevel() on ptolemy.moml.MoMLSimpleApplication@1f2f7437
----------------- Done invoking toplevel() on ptolemy.moml.MoMLSimpleApplication@1f2f7437
reloadAllAccessors: .RecordDisassember

===========================================================================================
----------------- testing Tue Jun 25 04:45:31 UTC 2019 /home/travis/build/icyphy/ptII/ptolemy/actor/lib/test/auto/RecordDisassemberDisplayNameTest.xml
----------------- Instantiating /home/travis/build/icyphy/ptII/ptolemy/actor/lib/test/auto/RecordDisassemberDisplayNameTest.xml
12 ms. Memory: 448512K Free: 228759K (51%)
----------------- Invoking toplevel() on ptolemy.moml.MoMLSimpleApplication@5babe2e3
----------------- Done invoking toplevel() on ptolemy.moml.MoMLSimpleApplication@5babe2e3
reloadAllAccessors: .RecordDisassemberDisplayNameTest

===========================================================================================
----------------- testing Tue Jun 25 04:45:31 UTC 2019 /home/travis/build/icyphy/ptII/ptolemy/actor/lib/test/auto/RecordDisassembler.xml
----------------- Instantiating /home/travis/build/icyphy/ptII/ptolemy/actor/lib/test/auto/RecordDisassembler.xml
6 ms. Memory: 448512K Free: 223639K (50%)
----------------- Invoking toplevel() on ptolemy.moml.MoMLSimpleApplication@171ea847
----------------- Done invoking toplevel() on ptolemy.moml.MoMLSimpleApplication@171ea847
reloadAllAccessors: .RecordDisassembler

===========================================================================================
----------------- testing Tue Jun 25 04:45:31 UTC 2019 /home/travis/build/icyphy/ptII/ptolemy/actor/lib/test/auto/RecordDisassembler2.xml
----------------- Instantiating /home/travis/build/icyphy/ptII/ptolemy/actor/lib/test/auto/RecordDisassembler2.xml
3 ms. Memory: 448512K Free: 218519K (49%)
----------------- Invoking toplevel() on ptolemy.moml.MoMLSimpleApplication@3f23dc89
----------------- Done invoking toplevel() on ptolemy.moml.MoMLSimpleApplication@3f23dc89
reloadAllAccessors: .RecordDisassembler2

===========================================================================================
----------------- testing Tue Jun 25 04:45:31 UTC 2019 /home/travis/build/icyphy/ptII/ptolemy/actor/lib/test/auto/RecordUpdater.xml
----------------- Instantiating /home/travis/build/icyphy/ptII/ptolemy/actor/lib/test/auto/RecordUpdater.xml
1 ms. Memory: 448512K Free: 213399K (48%)
----------------- Invoking toplevel() on ptolemy.moml.MoMLSimpleApplication@4f4d0caa
----------------- Done invoking toplevel() on ptolemy.moml.MoMLSimpleApplication@4f4d0caa
reloadAllAccessors: .RecordUpdater

===========================================================================================
----------------- testing Tue Jun 25 04:45:31 UTC 2019 /home/travis/build/icyphy/ptII/ptolemy/actor/lib/test/auto/RecordUpdater2.xml
----------------- Instantiating /home/travis/build/icyphy/ptII/ptolemy/actor/lib/test/auto/RecordUpdater2.xml
2 ms. Memory: 448512K Free: 208279K (46%)
----------------- Invoking toplevel() on ptolemy.moml.MoMLSimpleApplication@181aef2d
----------------- Done invoking toplevel() on ptolemy.moml.MoMLSimpleApplication@181aef2d
reloadAllAccessors: .RecordUpdater2

===========================================================================================
----------------- testing Tue Jun 25 04:45:31 UTC 2019 /home/travis/build/icyphy/ptII/ptolemy/actor/lib/test/auto/RecursiveLattice.xml
----------------- Instantiating /home/travis/build/icyphy/ptII/ptolemy/actor/lib/test/auto/RecursiveLattice.xml
1 ms. Memory: 448512K Free: 203669K (45%)
----------------- Invoking toplevel() on ptolemy.moml.MoMLSimpleApplication@5b7028a9
----------------- Done invoking toplevel() on ptolemy.moml.MoMLSimpleApplication@5b7028a9
reloadAllAccessors: .RecursiveLattice

===========================================================================================
----------------- testing Tue Jun 25 04:45:31 UTC 2019 /home/travis/build/icyphy/ptII/ptolemy/actor/lib/test/auto/Router.xml
----------------- Instantiating /home/travis/build/icyphy/ptII/ptolemy/actor/lib/test/auto/Router.xml
3003 ms. Memory: 448512K Free: 193429K (43%)
----------------- Invoking toplevel() on ptolemy.moml.MoMLSimpleApplication@6efe0923
----------------- Done invoking toplevel() on ptolemy.moml.MoMLSimpleApplication@6efe0923
reloadAllAccessors: .Router

===========================================================================================
----------------- testing Tue Jun 25 04:45:34 UTC 2019 /home/travis/build/icyphy/ptII/ptolemy/actor/lib/test/auto/Router2.xml
----------------- Instantiating /home/travis/build/icyphy/ptII/ptolemy/actor/lib/test/auto/Router2.xml
3003 ms. Memory: 448512K Free: 182679K (41%)
----------------- Invoking toplevel() on ptolemy.moml.MoMLSimpleApplication@15b4b035
----------------- Done invoking toplevel() on ptolemy.moml.MoMLSimpleApplication@15b4b035
reloadAllAccessors: .Router2

===========================================================================================
----------------- testing Tue Jun 25 04:45:37 UTC 2019 /home/travis/build/icyphy/ptII/ptolemy/actor/lib/test/auto/RunningMaximum.xml
----------------- Instantiating /home/travis/build/icyphy/ptII/ptolemy/actor/lib/test/auto/RunningMaximum.xml
2 ms. Memory: 448512K Free: 178069K (40%)
----------------- Invoking toplevel() on ptolemy.moml.MoMLSimpleApplication@50ce6897
----------------- Done invoking toplevel() on ptolemy.moml.MoMLSimpleApplication@50ce6897
reloadAllAccessors: .RunningMaximum

===========================================================================================
----------------- testing Tue Jun 25 04:45:37 UTC 2019 /home/travis/build/icyphy/ptII/ptolemy/actor/lib/test/auto/RunningMinimum.xml
----------------- Instantiating /home/travis/build/icyphy/ptII/ptolemy/actor/lib/test/auto/RunningMinimum.xml
9 ms. Memory: 448512K Free: 173463K (39%)
----------------- Invoking toplevel() on ptolemy.moml.MoMLSimpleApplication@2e5ee893
----------------- Done invoking toplevel() on ptolemy.moml.MoMLSimpleApplication@2e5ee893
reloadAllAccessors: .RunningMinimum

===========================================================================================
----------------- testing Tue Jun 25 04:45:37 UTC 2019 /home/travis/build/icyphy/ptII/ptolemy/actor/lib/test/auto/Scale.xml
----------------- Instantiating /home/travis/build/icyphy/ptII/ptolemy/actor/lib/test/auto/Scale.xml
1 ms. Memory: 448512K Free: 168853K (38%)
----------------- Invoking toplevel() on ptolemy.moml.MoMLSimpleApplication@47b3aabc
----------------- Done invoking toplevel() on ptolemy.moml.MoMLSimpleApplication@47b3aabc
reloadAllAccessors: .Scale

===========================================================================================
----------------- testing Tue Jun 25 04:45:37 UTC 2019 /home/travis/build/icyphy/ptII/ptolemy/actor/lib/test/auto/Scale2.xml
----------------- Instantiating /home/travis/build/icyphy/ptII/ptolemy/actor/lib/test/auto/Scale2.xml
6 ms. Memory: 448512K Free: 164247K (37%)
----------------- Invoking toplevel() on ptolemy.moml.MoMLSimpleApplication@4a92f334
----------------- Done invoking toplevel() on ptolemy.moml.MoMLSimpleApplication@4a92f334
reloadAllAccessors: .Scale2

===========================================================================================
----------------- testing Tue Jun 25 04:45:37 UTC 2019 /home/travis/build/icyphy/ptII/ptolemy/actor/lib/test/auto/Scale3.xml
----------------- Instantiating /home/travis/build/icyphy/ptII/ptolemy/actor/lib/test/auto/Scale3.xml
8 ms. Memory: 448512K Free: 157589K (35%)
----------------- Invoking toplevel() on ptolemy.moml.MoMLSimpleApplication@38ca0ee5
----------------- Done invoking toplevel() on ptolemy.moml.MoMLSimpleApplication@38ca0ee5
reloadAllAccessors: .Scale3

===========================================================================================
----------------- testing Tue Jun 25 04:45:37 UTC 2019 /home/travis/build/icyphy/ptII/ptolemy/actor/lib/test/auto/ScaleArray.xml
----------------- Instantiating /home/travis/build/icyphy/ptII/ptolemy/actor/lib/test/auto/ScaleArray.xml
2 ms. Memory: 448512K Free: 152983K (34%)
----------------- Invoking toplevel() on ptolemy.moml.MoMLSimpleApplication@48186961
----------------- Done invoking toplevel() on ptolemy.moml.MoMLSimpleApplication@48186961
reloadAllAccessors: .ScaleArray

===========================================================================================
----------------- testing Tue Jun 25 04:45:37 UTC 2019 /home/travis/build/icyphy/ptII/ptolemy/actor/lib/test/auto/ScaleArray2.xml
----------------- Instantiating /home/travis/build/icyphy/ptII/ptolemy/actor/lib/test/auto/ScaleArray2.xml
3 ms. Memory: 448512K Free: 147863K (33%)
----------------- Invoking toplevel() on ptolemy.moml.MoMLSimpleApplication@4a56bc5f
----------------- Done invoking toplevel() on ptolemy.moml.MoMLSimpleApplication@4a56bc5f
reloadAllAccessors: .ScaleArray2

===========================================================================================
----------------- testing Tue Jun 25 04:45:37 UTC 2019 /home/travis/build/icyphy/ptII/ptolemy/actor/lib/test/auto/ScaleMatrix.xml
----------------- Instantiating /home/travis/build/icyphy/ptII/ptolemy/actor/lib/test/auto/ScaleMatrix.xml
181 ms. Memory: 448512K Free: 397336K (89%)
----------------- Invoking toplevel() on ptolemy.moml.MoMLSimpleApplication@5bdd5f65
----------------- Done invoking toplevel() on ptolemy.moml.MoMLSimpleApplication@5bdd5f65
reloadAllAccessors: .ScaleMatrix

===========================================================================================
----------------- testing Tue Jun 25 04:45:37 UTC 2019 /home/travis/build/icyphy/ptII/ptolemy/actor/lib/test/auto/Select.xml
----------------- Instantiating /home/travis/build/icyphy/ptII/ptolemy/actor/lib/test/auto/Select.xml
2 ms. Memory: 448512K Free: 390507K (87%)
----------------- Invoking toplevel() on ptolemy.moml.MoMLSimpleApplication@760990c0
----------------- Done invoking toplevel() on ptolemy.moml.MoMLSimpleApplication@760990c0
reloadAllAccessors: .Select

===========================================================================================
----------------- testing Tue Jun 25 04:45:37 UTC 2019 /home/travis/build/icyphy/ptII/ptolemy/actor/lib/test/auto/Select2.xml
----------------- Instantiating /home/travis/build/icyphy/ptII/ptolemy/actor/lib/test/auto/Select2.xml
1 ms. Memory: 448512K Free: 385897K (86%)
----------------- Invoking toplevel() on ptolemy.moml.MoMLSimpleApplication@49aba588
----------------- Done invoking toplevel() on ptolemy.moml.MoMLSimpleApplication@49aba588
reloadAllAccessors: .Select2

===========================================================================================
----------------- testing Tue Jun 25 04:45:37 UTC 2019 /home/travis/build/icyphy/ptII/ptolemy/actor/lib/test/auto/SequenceToArray2.xml
----------------- Instantiating /home/travis/build/icyphy/ptII/ptolemy/actor/lib/test/auto/SequenceToArray2.xml
90 ms. Memory: 448512K Free: 361835K (81%)
----------------- Invoking toplevel() on ptolemy.moml.MoMLSimpleApplication@72bd0e46
----------------- Done invoking toplevel() on ptolemy.moml.MoMLSimpleApplication@72bd0e46
reloadAllAccessors: .SequenceToArray2

===========================================================================================
----------------- testing Tue Jun 25 04:45:38 UTC 2019 /home/travis/build/icyphy/ptII/ptolemy/actor/lib/test/auto/SequentialClock.xml
----------------- Instantiating /home/travis/build/icyphy/ptII/ptolemy/actor/lib/test/auto/SequentialClock.xml
1 ms. Memory: 448512K Free: 357739K (80%)
----------------- Invoking toplevel() on ptolemy.moml.MoMLSimpleApplication@32a872a1
----------------- Done invoking toplevel() on ptolemy.moml.MoMLSimpleApplication@32a872a1
reloadAllAccessors: .SequentialClock

===========================================================================================
----------------- testing Tue Jun 25 04:45:38 UTC 2019 /home/travis/build/icyphy/ptII/ptolemy/actor/lib/test/auto/SetVariable.xml
----------------- Instantiating /home/travis/build/icyphy/ptII/ptolemy/actor/lib/test/auto/SetVariable.xml
3 ms. Memory: 448512K Free: 353129K (79%)
----------------- Invoking toplevel() on ptolemy.moml.MoMLSimpleApplication@57541bb5
----------------- Done invoking toplevel() on ptolemy.moml.MoMLSimpleApplication@57541bb5
reloadAllAccessors: .SetVariable

===========================================================================================
----------------- testing Tue Jun 25 04:45:38 UTC 2019 /home/travis/build/icyphy/ptII/ptolemy/actor/lib/test/auto/SetVariable2.xml
----------------- Instantiating /home/travis/build/icyphy/ptII/ptolemy/actor/lib/test/auto/SetVariable2.xml
3 ms. Memory: 448512K Free: 348009K (78%)
----------------- Invoking toplevel() on ptolemy.moml.MoMLSimpleApplication@29b9ba18
----------------- Done invoking toplevel() on ptolemy.moml.MoMLSimpleApplication@29b9ba18
reloadAllAccessors: .SetVariable2

===========================================================================================
----------------- testing Tue Jun 25 04:45:38 UTC 2019 /home/travis/build/icyphy/ptII/ptolemy/actor/lib/test/auto/SetVariable3.xml
----------------- Instantiating /home/travis/build/icyphy/ptII/ptolemy/actor/lib/test/auto/SetVariable3.xml
7 ms. Memory: 448512K Free: 342379K (76%)
----------------- Invoking toplevel() on ptolemy.moml.MoMLSimpleApplication@582cffb8
----------------- Done invoking toplevel() on ptolemy.moml.MoMLSimpleApplication@582cffb8
reloadAllAccessors: .SetVariable3

===========================================================================================
----------------- testing Tue Jun 25 04:45:38 UTC 2019 /home/travis/build/icyphy/ptII/ptolemy/actor/lib/test/auto/SetVariable4.xml
----------------- Instantiating /home/travis/build/icyphy/ptII/ptolemy/actor/lib/test/auto/SetVariable4.xml
17 ms. Memory: 448512K Free: 333163K (74%)
----------------- Invoking toplevel() on ptolemy.moml.MoMLSimpleApplication@3c111817
----------------- Done invoking toplevel() on ptolemy.moml.MoMLSimpleApplication@3c111817
reloadAllAccessors: .SetVariable4

===========================================================================================
----------------- testing Tue Jun 25 04:45:38 UTC 2019 /home/travis/build/icyphy/ptII/ptolemy/actor/lib/test/auto/SetVariable5.xml
----------------- Instantiating /home/travis/build/icyphy/ptII/ptolemy/actor/lib/test/auto/SetVariable5.xml
18 ms. Memory: 448512K Free: 323947K (72%)
----------------- Invoking toplevel() on ptolemy.moml.MoMLSimpleApplication@4f28158d
----------------- Done invoking toplevel() on ptolemy.moml.MoMLSimpleApplication@4f28158d
reloadAllAccessors: .SetVariable5

===========================================================================================
----------------- testing Tue Jun 25 04:45:38 UTC 2019 /home/travis/build/icyphy/ptII/ptolemy/actor/lib/test/auto/Sinewave.xml
----------------- Instantiating /home/travis/build/icyphy/ptII/ptolemy/actor/lib/test/auto/Sinewave.xml
4 ms. Memory: 448512K Free: 313193K (70%)
----------------- Invoking toplevel() on ptolemy.moml.MoMLSimpleApplication@1d714572
----------------- Done invoking toplevel() on ptolemy.moml.MoMLSimpleApplication@1d714572
reloadAllAccessors: .Sinewave

===========================================================================================
----------------- testing Tue Jun 25 04:45:38 UTC 2019 /home/travis/build/icyphy/ptII/ptolemy/actor/lib/test/auto/Sinewave2.xml
----------------- Instantiating /home/travis/build/icyphy/ptII/ptolemy/actor/lib/test/auto/Sinewave2.xml
6 ms. Memory: 448512K Free: 305001K (68%)
----------------- Invoking toplevel() on ptolemy.moml.MoMLSimpleApplication@188b28dc
----------------- Done invoking toplevel() on ptolemy.moml.MoMLSimpleApplication@188b28dc
reloadAllAccessors: .Sinewave2

===========================================================================================
----------------- testing Tue Jun 25 04:45:38 UTC 2019 /home/travis/build/icyphy/ptII/ptolemy/actor/lib/test/auto/Sinewave3.xml
----------------- Instantiating /home/travis/build/icyphy/ptII/ptolemy/actor/lib/test/auto/Sinewave3.xml
9 ms. Memory: 448512K Free: 296779K (66%)
----------------- Invoking toplevel() on ptolemy.moml.MoMLSimpleApplication@1706ea19
----------------- Done invoking toplevel() on ptolemy.moml.MoMLSimpleApplication@1706ea19
reloadAllAccessors: .Sinewave3

===========================================================================================
----------------- testing Tue Jun 25 04:45:38 UTC 2019 /home/travis/build/icyphy/ptII/ptolemy/actor/lib/test/auto/SingleEvent.xml
----------------- Instantiating /home/travis/build/icyphy/ptII/ptolemy/actor/lib/test/auto/SingleEvent.xml
1 ms. Memory: 448512K Free: 292713K (65%)
----------------- Invoking toplevel() on ptolemy.moml.MoMLSimpleApplication@a56629
----------------- Done invoking toplevel() on ptolemy.moml.MoMLSimpleApplication@a56629
reloadAllAccessors: .SingleEvent

===========================================================================================
----------------- testing Tue Jun 25 04:45:38 UTC 2019 /home/travis/build/icyphy/ptII/ptolemy/actor/lib/test/auto/Sleep.xml
----------------- Instantiating /home/travis/build/icyphy/ptII/ptolemy/actor/lib/test/auto/Sleep.xml
6003 ms. Memory: 448512K Free: 286539K (64%)
----------------- Invoking toplevel() on ptolemy.moml.MoMLSimpleApplication@237aaf5c
----------------- Done invoking toplevel() on ptolemy.moml.MoMLSimpleApplication@237aaf5c
reloadAllAccessors: .Sleep

===========================================================================================
----------------- testing Tue Jun 25 04:45:44 UTC 2019 /home/travis/build/icyphy/ptII/ptolemy/actor/lib/test/auto/SleepMultipleFire.xml
----------------- Instantiating /home/travis/build/icyphy/ptII/ptolemy/actor/lib/test/auto/SleepMultipleFire.xml
1006 ms. Memory: 448512K Free: 280939K (63%)
----------------- Invoking toplevel() on ptolemy.moml.MoMLSimpleApplication@161703cd
----------------- Done invoking toplevel() on ptolemy.moml.MoMLSimpleApplication@161703cd
reloadAllAccessors: .SleepMultipleFire

===========================================================================================
----------------- testing Tue Jun 25 04:45:45 UTC 2019 /home/travis/build/icyphy/ptII/ptolemy/actor/lib/test/auto/StopDE.xml
----------------- Instantiating /home/travis/build/icyphy/ptII/ptolemy/actor/lib/test/auto/StopDE.xml
3 ms. Memory: 448512K Free: 275305K (61%)
----------------- Invoking toplevel() on ptolemy.moml.MoMLSimpleApplication@cff4b1a
----------------- Done invoking toplevel() on ptolemy.moml.MoMLSimpleApplication@cff4b1a
reloadAllAccessors: .StopDE

===========================================================================================
----------------- testing Tue Jun 25 04:45:45 UTC 2019 /home/travis/build/icyphy/ptII/ptolemy/actor/lib/test/auto/StopSDF.xml
----------------- Instantiating /home/travis/build/icyphy/ptII/ptolemy/actor/lib/test/auto/StopSDF.xml
4 ms. Memory: 448512K Free: 270185K (60%)
----------------- Invoking toplevel() on ptolemy.moml.MoMLSimpleApplication@10dde4d4
----------------- Done invoking toplevel() on ptolemy.moml.MoMLSimpleApplication@10dde4d4
reloadAllAccessors: .StopSDF

===========================================================================================
----------------- testing Tue Jun 25 04:45:45 UTC 2019 /home/travis/build/icyphy/ptII/ptolemy/actor/lib/test/auto/StringConstant.xml
----------------- Instantiating /home/travis/build/icyphy/ptII/ptolemy/actor/lib/test/auto/StringConstant.xml
9 ms. Memory: 448512K Free: 266089K (59%)
----------------- Invoking toplevel() on ptolemy.moml.MoMLSimpleApplication@4da3b19e
----------------- Done invoking toplevel() on ptolemy.moml.MoMLSimpleApplication@4da3b19e
reloadAllAccessors: .StringConstant

===========================================================================================
----------------- testing Tue Jun 25 04:45:45 UTC 2019 /home/travis/build/icyphy/ptII/ptolemy/actor/lib/test/auto/SubscriberPortInitialValues1.xml
----------------- Instantiating /home/travis/build/icyphy/ptII/ptolemy/actor/lib/test/auto/SubscriberPortInitialValues1.xml
9 ms. Memory: 448512K Free: 256363K (57%)
----------------- Invoking toplevel() on ptolemy.moml.MoMLSimpleApplication@d0e5c5d
----------------- Done invoking toplevel() on ptolemy.moml.MoMLSimpleApplication@d0e5c5d
reloadAllAccessors: .SubscriberPortInitialValues1

===========================================================================================
----------------- testing Tue Jun 25 04:45:45 UTC 2019 /home/travis/build/icyphy/ptII/ptolemy/actor/lib/test/auto/SubscriberPortInitialValues13.xml
----------------- Instantiating /home/travis/build/icyphy/ptII/ptolemy/actor/lib/test/auto/SubscriberPortInitialValues13.xml
6 ms. Memory: 448512K Free: 243561K (54%)
----------------- Invoking toplevel() on ptolemy.moml.MoMLSimpleApplication@4a5a5087
----------------- Done invoking toplevel() on ptolemy.moml.MoMLSimpleApplication@4a5a5087
reloadAllAccessors: .SubscriberPortInitialValues13

===========================================================================================
----------------- testing Tue Jun 25 04:45:45 UTC 2019 /home/travis/build/icyphy/ptII/ptolemy/actor/lib/test/auto/SubscriberPortInitialValues14.xml
----------------- Instantiating /home/travis/build/icyphy/ptII/ptolemy/actor/lib/test/auto/SubscriberPortInitialValues14.xml
4 ms. Memory: 448512K Free: 235883K (53%)
----------------- Invoking toplevel() on ptolemy.moml.MoMLSimpleApplication@3239505a
----------------- Done invoking toplevel() on ptolemy.moml.MoMLSimpleApplication@3239505a
reloadAllAccessors: .SubscriberPortInitialValues14

===========================================================================================
----------------- testing Tue Jun 25 04:45:45 UTC 2019 /home/travis/build/icyphy/ptII/ptolemy/actor/lib/test/auto/SubscriberPortInitialValues2.xml
----------------- Instantiating /home/travis/build/icyphy/ptII/ptolemy/actor/lib/test/auto/SubscriberPortInitialValues2.xml
4 ms. Memory: 448512K Free: 228201K (51%)
----------------- Invoking toplevel() on ptolemy.moml.MoMLSimpleApplication@20ca4b4e
----------------- Done invoking toplevel() on ptolemy.moml.MoMLSimpleApplication@20ca4b4e
reloadAllAccessors: .SubscriberPortInitialValues2

===========================================================================================
----------------- testing Tue Jun 25 04:45:45 UTC 2019 /home/travis/build/icyphy/ptII/ptolemy/actor/lib/test/auto/SubscriberPortInitialValues3.xml
----------------- Instantiating /home/travis/build/icyphy/ptII/ptolemy/actor/lib/test/auto/SubscriberPortInitialValues3.xml
4 ms. Memory: 448512K Free: 217451K (48%)
----------------- Invoking toplevel() on ptolemy.moml.MoMLSimpleApplication@2f49a3f7
----------------- Done invoking toplevel() on ptolemy.moml.MoMLSimpleApplication@2f49a3f7
reloadAllAccessors: .SubscriberPortInitialValues3

===========================================================================================
----------------- testing Tue Jun 25 04:45:45 UTC 2019 /home/travis/build/icyphy/ptII/ptolemy/actor/lib/test/auto/SubscriptionAggregator.xml
----------------- Instantiating /home/travis/build/icyphy/ptII/ptolemy/actor/lib/test/auto/SubscriptionAggregator.xml
2 ms. Memory: 448512K Free: 210779K (47%)
----------------- Invoking toplevel() on ptolemy.moml.MoMLSimpleApplication@65bc018f
----------------- Done invoking toplevel() on ptolemy.moml.MoMLSimpleApplication@65bc018f
reloadAllAccessors: .SubscriptionAggregator

===========================================================================================
----------------- testing Tue Jun 25 04:45:45 UTC 2019 /home/travis/build/icyphy/ptII/ptolemy/actor/lib/test/auto/SubscriptionAggregator2.xml
----------------- Instantiating /home/travis/build/icyphy/ptII/ptolemy/actor/lib/test/auto/SubscriptionAggregator2.xml
2 ms. Memory: 448512K Free: 203619K (45%)
----------------- Invoking toplevel() on ptolemy.moml.MoMLSimpleApplication@1c00aa3f
----------------- Done invoking toplevel() on ptolemy.moml.MoMLSimpleApplication@1c00aa3f
reloadAllAccessors: .SubscriptionAggregator2

===========================================================================================
----------------- testing Tue Jun 25 04:45:45 UTC 2019 /home/travis/build/icyphy/ptII/ptolemy/actor/lib/test/auto/SubscriptionAggregator3.xml
----------------- Instantiating /home/travis/build/icyphy/ptII/ptolemy/actor/lib/test/auto/SubscriptionAggregator3.xml
4 ms. Memory: 448512K Free: 194923K (43%)
----------------- Invoking toplevel() on ptolemy.moml.MoMLSimpleApplication@5e681608
----------------- Done invoking toplevel() on ptolemy.moml.MoMLSimpleApplication@5e681608
reloadAllAccessors: .SubscriptionAggregator3

===========================================================================================
----------------- testing Tue Jun 25 04:45:45 UTC 2019 /home/travis/build/icyphy/ptII/ptolemy/actor/lib/test/auto/SubscriptionAggregatorMultiply.xml
----------------- Instantiating /home/travis/build/icyphy/ptII/ptolemy/actor/lib/test/auto/SubscriptionAggregatorMultiply.xml
7 ms. Memory: 448512K Free: 186731K (42%)
----------------- Invoking toplevel() on ptolemy.moml.MoMLSimpleApplication@290f36c1
----------------- Done invoking toplevel() on ptolemy.moml.MoMLSimpleApplication@290f36c1
reloadAllAccessors: .SubscriptionAggregatorMultiply

===========================================================================================
----------------- testing Tue Jun 25 04:45:45 UTC 2019 /home/travis/build/icyphy/ptII/ptolemy/actor/lib/test/auto/SubscriptionAggregatorPortMultiply1.xml
----------------- Instantiating /home/travis/build/icyphy/ptII/ptolemy/actor/lib/test/auto/SubscriptionAggregatorPortMultiply1.xml
4 ms. Memory: 448512K Free: 179049K (40%)
----------------- Invoking toplevel() on ptolemy.moml.MoMLSimpleApplication@2fdb0496
----------------- Done invoking toplevel() on ptolemy.moml.MoMLSimpleApplication@2fdb0496
reloadAllAccessors: .SubscriptionAggregatorPortMultiply1

===========================================================================================
----------------- testing Tue Jun 25 04:45:45 UTC 2019 /home/travis/build/icyphy/ptII/ptolemy/actor/lib/test/auto/Switch.xml
----------------- Instantiating /home/travis/build/icyphy/ptII/ptolemy/actor/lib/test/auto/Switch.xml
6 ms. Memory: 448512K Free: 170857K (38%)
----------------- Invoking toplevel() on ptolemy.moml.MoMLSimpleApplication@2339dc27
----------------- Done invoking toplevel() on ptolemy.moml.MoMLSimpleApplication@2339dc27
reloadAllAccessors: .Switch

===========================================================================================
----------------- testing Tue Jun 25 04:45:45 UTC 2019 /home/travis/build/icyphy/ptII/ptolemy/actor/lib/test/auto/Switch2.xml
----------------- Instantiating /home/travis/build/icyphy/ptII/ptolemy/actor/lib/test/auto/Switch2.xml
2 ms. Memory: 448512K Free: 165737K (37%)
----------------- Invoking toplevel() on ptolemy.moml.MoMLSimpleApplication@70effe5
----------------- Done invoking toplevel() on ptolemy.moml.MoMLSimpleApplication@70effe5
reloadAllAccessors: .Switch2

===========================================================================================
----------------- testing Tue Jun 25 04:45:45 UTC 2019 /home/travis/build/icyphy/ptII/ptolemy/actor/lib/test/auto/SwitchDE.xml
----------------- Instantiating /home/travis/build/icyphy/ptII/ptolemy/actor/lib/test/auto/SwitchDE.xml
3 ms. Memory: 448512K Free: 159579K (36%)
----------------- Invoking toplevel() on ptolemy.moml.MoMLSimpleApplication@33a9a6cf
----------------- Done invoking toplevel() on ptolemy.moml.MoMLSimpleApplication@33a9a6cf
reloadAllAccessors: .SwitchDE

===========================================================================================
----------------- testing Tue Jun 25 04:45:45 UTC 2019 /home/travis/build/icyphy/ptII/ptolemy/actor/lib/test/auto/SynchronizerDE.xml
----------------- Instantiating /home/travis/build/icyphy/ptII/ptolemy/actor/lib/test/auto/SynchronizerDE.xml
9 ms. Memory: 448512K Free: 151371K (34%)
----------------- Invoking toplevel() on ptolemy.moml.MoMLSimpleApplication@53985d37
----------------- Done invoking toplevel() on ptolemy.moml.MoMLSimpleApplication@53985d37
reloadAllAccessors: .SynchronizerDE

===========================================================================================
----------------- testing Tue Jun 25 04:45:45 UTC 2019 /home/travis/build/icyphy/ptII/ptolemy/actor/lib/test/auto/Test.xml
----------------- Instantiating /home/travis/build/icyphy/ptII/ptolemy/actor/lib/test/auto/Test.xml
12 ms. Memory: 448512K Free: 146267K (33%)
----------------- Invoking toplevel() on ptolemy.moml.MoMLSimpleApplication@4f1e7c76
----------------- Done invoking toplevel() on ptolemy.moml.MoMLSimpleApplication@4f1e7c76
reloadAllAccessors: .Test

===========================================================================================
----------------- testing Tue Jun 25 04:45:45 UTC 2019 /home/travis/build/icyphy/ptII/ptolemy/actor/lib/test/auto/TestExceptionAttribute1.xml
----------------- Instantiating /home/travis/build/icyphy/ptII/ptolemy/actor/lib/test/auto/TestExceptionAttribute1.xml
2 ms. Memory: 448512K Free: 142185K (32%)
----------------- Invoking toplevel() on ptolemy.moml.MoMLSimpleApplication@2eccef8d
----------------- Done invoking toplevel() on ptolemy.moml.MoMLSimpleApplication@2eccef8d
reloadAllAccessors: .TestExceptionAttribute1

===========================================================================================
----------------- testing Tue Jun 25 04:45:45 UTC 2019 /home/travis/build/icyphy/ptII/ptolemy/actor/lib/test/auto/TestExceptionAttribute2.xml
----------------- Instantiating /home/travis/build/icyphy/ptII/ptolemy/actor/lib/test/auto/TestExceptionAttribute2.xml
2 ms. Memory: 448512K Free: 138603K (31%)
----------------- Invoking toplevel() on ptolemy.moml.MoMLSimpleApplication@39983e79
----------------- Done invoking toplevel() on ptolemy.moml.MoMLSimpleApplication@39983e79
reloadAllAccessors: .TestExceptionAttribute2

===========================================================================================
----------------- testing Tue Jun 25 04:45:45 UTC 2019 /home/travis/build/icyphy/ptII/ptolemy/actor/lib/test/auto/TestExceptionAttribute3.xml
----------------- Instantiating /home/travis/build/icyphy/ptII/ptolemy/actor/lib/test/auto/TestExceptionAttribute3.xml
.TestExceptionAttribute3.TestExceptionAttribute: initialize() was not invoked, but wrapup() was.  This is unusual, but not always a problem.  For example, exporting JNLP will do this.
19 ms. Memory: 448512K Free: 398951K (89%)
----------------- Invoking toplevel() on ptolemy.moml.MoMLSimpleApplication@51d3b046
----------------- Done invoking toplevel() on ptolemy.moml.MoMLSimpleApplication@51d3b046
reloadAllAccessors: .TestExceptionAttribute3

===========================================================================================
----------------- testing Tue Jun 25 04:45:45 UTC 2019 /home/travis/build/icyphy/ptII/ptolemy/actor/lib/test/auto/TestExceptionAttribute4.xml
----------------- Instantiating /home/travis/build/icyphy/ptII/ptolemy/actor/lib/test/auto/TestExceptionAttribute4.xml
.TestExceptionAttribute4.TestExceptionAttribute: initialize() was not invoked, but wrapup() was.  This is unusual, but not always a problem.  For example, exporting JNLP will do this.
.TestExceptionAttribute4.TestExceptionAttribute2: initialize() was not invoked, but wrapup() was.  This is unusual, but not always a problem.  For example, exporting JNLP will do this.
0 ms. Memory: 448512K Free: 394345K (88%)
----------------- Invoking toplevel() on ptolemy.moml.MoMLSimpleApplication@1a701c01
----------------- Done invoking toplevel() on ptolemy.moml.MoMLSimpleApplication@1a701c01
reloadAllAccessors: .TestExceptionAttribute4

===========================================================================================
----------------- testing Tue Jun 25 04:45:45 UTC 2019 /home/travis/build/icyphy/ptII/ptolemy/actor/lib/test/auto/TestExceptionHandler1.xml
----------------- Instantiating /home/travis/build/icyphy/ptII/ptolemy/actor/lib/test/auto/TestExceptionHandler1.xml
1 ms. Memory: 448512K Free: 390759K (87%)
----------------- Invoking toplevel() on ptolemy.moml.MoMLSimpleApplication@43ccbcf3
----------------- Done invoking toplevel() on ptolemy.moml.MoMLSimpleApplication@43ccbcf3
reloadAllAccessors: .TestExceptionHandler1

===========================================================================================
----------------- testing Tue Jun 25 04:45:45 UTC 2019 /home/travis/build/icyphy/ptII/ptolemy/actor/lib/test/auto/TestExceptionHandler2.xml
----------------- Instantiating /home/travis/build/icyphy/ptII/ptolemy/actor/lib/test/auto/TestExceptionHandler2.xml
2 ms. Memory: 448512K Free: 386663K (86%)
----------------- Invoking toplevel() on ptolemy.moml.MoMLSimpleApplication@3f9be0d8
----------------- Done invoking toplevel() on ptolemy.moml.MoMLSimpleApplication@3f9be0d8
reloadAllAccessors: .TestExceptionHandler2

===========================================================================================
----------------- testing Tue Jun 25 04:45:45 UTC 2019 /home/travis/build/icyphy/ptII/ptolemy/actor/lib/test/auto/TestExceptionHandler3.xml
----------------- Instantiating /home/travis/build/icyphy/ptII/ptolemy/actor/lib/test/auto/TestExceptionHandler3.xml
1 ms. Memory: 448512K Free: 383081K (85%)
----------------- Invoking toplevel() on ptolemy.moml.MoMLSimpleApplication@6e4de4f5
----------------- Done invoking toplevel() on ptolemy.moml.MoMLSimpleApplication@6e4de4f5
reloadAllAccessors: .TestExceptionHandler3

===========================================================================================
----------------- testing Tue Jun 25 04:45:45 UTC 2019 /home/travis/build/icyphy/ptII/ptolemy/actor/lib/test/auto/TestExceptionHandler4.xml
----------------- Instantiating /home/travis/build/icyphy/ptII/ptolemy/actor/lib/test/auto/TestExceptionHandler4.xml
1 ms. Memory: 448512K Free: 378985K (84%)
----------------- Invoking toplevel() on ptolemy.moml.MoMLSimpleApplication@391885e9
----------------- Done invoking toplevel() on ptolemy.moml.MoMLSimpleApplication@391885e9
reloadAllAccessors: .TestExceptionHandler4

===========================================================================================
----------------- testing Tue Jun 25 04:45:45 UTC 2019 /home/travis/build/icyphy/ptII/ptolemy/actor/lib/test/auto/TestRequireCorrectOrder.xml
----------------- Instantiating /home/travis/build/icyphy/ptII/ptolemy/actor/lib/test/auto/TestRequireCorrectOrder.xml
2 ms. Memory: 448512K Free: 373865K (83%)
----------------- Invoking toplevel() on ptolemy.moml.MoMLSimpleApplication@70e57d59
----------------- Done invoking toplevel() on ptolemy.moml.MoMLSimpleApplication@70e57d59
reloadAllAccessors: .TestRequireCorrectOrder

===========================================================================================
----------------- testing Tue Jun 25 04:45:45 UTC 2019 /home/travis/build/icyphy/ptII/ptolemy/actor/lib/test/auto/TestSimple.xml
----------------- Instantiating /home/travis/build/icyphy/ptII/ptolemy/actor/lib/test/auto/TestSimple.xml
1 ms. Memory: 448512K Free: 368745K (82%)
----------------- Invoking toplevel() on ptolemy.moml.MoMLSimpleApplication@714243b9
----------------- Done invoking toplevel() on ptolemy.moml.MoMLSimpleApplication@714243b9
reloadAllAccessors: .TestSimple

===========================================================================================
----------------- testing Tue Jun 25 04:45:45 UTC 2019 /home/travis/build/icyphy/ptII/ptolemy/actor/lib/test/auto/ThrowModelError.xml
----------------- Instantiating /home/travis/build/icyphy/ptII/ptolemy/actor/lib/test/auto/ThrowModelError.xml
1 ms. Memory: 448512K Free: 364135K (81%)
----------------- Invoking toplevel() on ptolemy.moml.MoMLSimpleApplication@51825f5c
----------------- Done invoking toplevel() on ptolemy.moml.MoMLSimpleApplication@51825f5c
reloadAllAccessors: .ThrowModelError

===========================================================================================
----------------- testing Tue Jun 25 04:45:45 UTC 2019 /home/travis/build/icyphy/ptII/ptolemy/actor/lib/test/auto/TimeDelayMicrosteps.xml
----------------- Instantiating /home/travis/build/icyphy/ptII/ptolemy/actor/lib/test/auto/TimeDelayMicrosteps.xml
3 ms. Memory: 448512K Free: 357481K (80%)
----------------- Invoking toplevel() on ptolemy.moml.MoMLSimpleApplication@50dcf81d
----------------- Done invoking toplevel() on ptolemy.moml.MoMLSimpleApplication@50dcf81d
reloadAllAccessors: .TimeDelayMicrosteps

===========================================================================================
----------------- testing Tue Jun 25 04:45:45 UTC 2019 /home/travis/build/icyphy/ptII/ptolemy/actor/lib/test/auto/TimeDelayMicrosteps2.xml
----------------- Instantiating /home/travis/build/icyphy/ptII/ptolemy/actor/lib/test/auto/TimeDelayMicrosteps2.xml
3 ms. Memory: 448512K Free: 350313K (78%)
----------------- Invoking toplevel() on ptolemy.moml.MoMLSimpleApplication@618cb78f
----------------- Done invoking toplevel() on ptolemy.moml.MoMLSimpleApplication@618cb78f
reloadAllAccessors: .TimeDelayMicrosteps2

===========================================================================================
----------------- testing Tue Jun 25 04:45:45 UTC 2019 /home/travis/build/icyphy/ptII/ptolemy/actor/lib/test/auto/TimeDelayMicrosteps3.xml
----------------- Instantiating /home/travis/build/icyphy/ptII/ptolemy/actor/lib/test/auto/TimeDelayMicrosteps3.xml
2 ms. Memory: 448512K Free: 343145K (77%)
----------------- Invoking toplevel() on ptolemy.moml.MoMLSimpleApplication@6eabac87
----------------- Done invoking toplevel() on ptolemy.moml.MoMLSimpleApplication@6eabac87
reloadAllAccessors: .TimeDelayMicrosteps3

===========================================================================================
----------------- testing Tue Jun 25 04:45:45 UTC 2019 /home/travis/build/icyphy/ptII/ptolemy/actor/lib/test/auto/TimeDelayVariableMicrosteps.xml
----------------- Instantiating /home/travis/build/icyphy/ptII/ptolemy/actor/lib/test/auto/TimeDelayVariableMicrosteps.xml
3 ms. Memory: 448512K Free: 336487K (75%)
----------------- Invoking toplevel() on ptolemy.moml.MoMLSimpleApplication@3099b0f1
----------------- Done invoking toplevel() on ptolemy.moml.MoMLSimpleApplication@3099b0f1
reloadAllAccessors: .TimeDelayVariableMicrosteps

===========================================================================================
----------------- testing Tue Jun 25 04:45:45 UTC 2019 /home/travis/build/icyphy/ptII/ptolemy/actor/lib/test/auto/TimeGap.xml
----------------- Instantiating /home/travis/build/icyphy/ptII/ptolemy/actor/lib/test/auto/TimeGap.xml
4 ms. Memory: 448512K Free: 331337K (74%)
----------------- Invoking toplevel() on ptolemy.moml.MoMLSimpleApplication@7b88db4f
----------------- Done invoking toplevel() on ptolemy.moml.MoMLSimpleApplication@7b88db4f
reloadAllAccessors: .TimeGap

===========================================================================================
----------------- testing Tue Jun 25 04:45:45 UTC 2019 /home/travis/build/icyphy/ptII/ptolemy/actor/lib/test/auto/TimeGap2.xml
----------------- Instantiating /home/travis/build/icyphy/ptII/ptolemy/actor/lib/test/auto/TimeGap2.xml
2 ms. Memory: 448512K Free: 325737K (73%)
----------------- Invoking toplevel() on ptolemy.moml.MoMLSimpleApplication@18d0a731
----------------- Done invoking toplevel() on ptolemy.moml.MoMLSimpleApplication@18d0a731
reloadAllAccessors: .TimeGap2

===========================================================================================
----------------- testing Tue Jun 25 04:45:45 UTC 2019 /home/travis/build/icyphy/ptII/ptolemy/actor/lib/test/auto/TimedSinewave.xml
----------------- Instantiating /home/travis/build/icyphy/ptII/ptolemy/actor/lib/test/auto/TimedSinewave.xml
34 ms. Memory: 448512K Free: 310887K (69%)
----------------- Invoking toplevel() on ptolemy.moml.MoMLSimpleApplication@471dd6bd
----------------- Done invoking toplevel() on ptolemy.moml.MoMLSimpleApplication@471dd6bd
reloadAllAccessors: .TimedSinewave

===========================================================================================
----------------- testing Tue Jun 25 04:45:46 UTC 2019 /home/travis/build/icyphy/ptII/ptolemy/actor/lib/test/auto/TimedSinewavePhase.xml
----------------- Instantiating /home/travis/build/icyphy/ptII/ptolemy/actor/lib/test/auto/TimedSinewavePhase.xml
10 ms. Memory: 448512K Free: 301161K (67%)
----------------- Invoking toplevel() on ptolemy.moml.MoMLSimpleApplication@4c26c0cc
----------------- Done invoking toplevel() on ptolemy.moml.MoMLSimpleApplication@4c26c0cc
reloadAllAccessors: .TimedSinewavePhase

===========================================================================================
----------------- testing Tue Jun 25 04:45:46 UTC 2019 /home/travis/build/icyphy/ptII/ptolemy/actor/lib/test/auto/Timer.xml
----------------- Instantiating /home/travis/build/icyphy/ptII/ptolemy/actor/lib/test/auto/Timer.xml
1 ms. Memory: 448512K Free: 295521K (66%)
----------------- Invoking toplevel() on ptolemy.moml.MoMLSimpleApplication@56697fa6
----------------- Done invoking toplevel() on ptolemy.moml.MoMLSimpleApplication@56697fa6
reloadAllAccessors: .Timer

===========================================================================================
----------------- testing Tue Jun 25 04:45:46 UTC 2019 /home/travis/build/icyphy/ptII/ptolemy/actor/lib/test/auto/TriangularDistTestModel.xml
----------------- Instantiating /home/travis/build/icyphy/ptII/ptolemy/actor/lib/test/auto/TriangularDistTestModel.xml
2 ms. Memory: 448512K Free: 289897K (65%)
----------------- Invoking toplevel() on ptolemy.moml.MoMLSimpleApplication@45e5af30
----------------- Done invoking toplevel() on ptolemy.moml.MoMLSimpleApplication@45e5af30
reloadAllAccessors: .TriangularDistTestModel

===========================================================================================
----------------- testing Tue Jun 25 04:45:46 UTC 2019 /home/travis/build/icyphy/ptII/ptolemy/actor/lib/test/auto/TrigFunction.xml
----------------- Instantiating /home/travis/build/icyphy/ptII/ptolemy/actor/lib/test/auto/TrigFunction.xml
2 ms. Memory: 448512K Free: 284777K (63%)
----------------- Invoking toplevel() on ptolemy.moml.MoMLSimpleApplication@6cebf5d8
----------------- Done invoking toplevel() on ptolemy.moml.MoMLSimpleApplication@6cebf5d8
reloadAllAccessors: .TrigFunction

===========================================================================================
----------------- testing Tue Jun 25 04:45:46 UTC 2019 /home/travis/build/icyphy/ptII/ptolemy/actor/lib/test/auto/TrigFunctionDE.xml
----------------- Instantiating /home/travis/build/icyphy/ptII/ptolemy/actor/lib/test/auto/TrigFunctionDE.xml
2 ms. Memory: 448512K Free: 279129K (62%)
----------------- Invoking toplevel() on ptolemy.moml.MoMLSimpleApplication@d087ec0
----------------- Done invoking toplevel() on ptolemy.moml.MoMLSimpleApplication@d087ec0
reloadAllAccessors: .TrigFunctionDE

===========================================================================================
----------------- testing Tue Jun 25 04:45:46 UTC 2019 /home/travis/build/icyphy/ptII/ptolemy/actor/lib/test/auto/TrigFunctionInverse.xml
----------------- Instantiating /home/travis/build/icyphy/ptII/ptolemy/actor/lib/test/auto/TrigFunctionInverse.xml
2 ms. Memory: 448512K Free: 274023K (61%)
----------------- Invoking toplevel() on ptolemy.moml.MoMLSimpleApplication@7f1fa7dc
----------------- Done invoking toplevel() on ptolemy.moml.MoMLSimpleApplication@7f1fa7dc
reloadAllAccessors: .TrigFunctionInverse

===========================================================================================
----------------- testing Tue Jun 25 04:45:46 UTC 2019 /home/travis/build/icyphy/ptII/ptolemy/actor/lib/test/auto/TrigFunctionTan.xml
----------------- Instantiating /home/travis/build/icyphy/ptII/ptolemy/actor/lib/test/auto/TrigFunctionTan.xml
1 ms. Memory: 448512K Free: 269927K (60%)
----------------- Invoking toplevel() on ptolemy.moml.MoMLSimpleApplication@5b0dc058
----------------- Done invoking toplevel() on ptolemy.moml.MoMLSimpleApplication@5b0dc058
reloadAllAccessors: .TrigFunctionTan

===========================================================================================
----------------- testing Tue Jun 25 04:45:46 UTC 2019 /home/travis/build/icyphy/ptII/ptolemy/actor/lib/test/auto/TriggeredClock.xml
----------------- Instantiating /home/travis/build/icyphy/ptII/ptolemy/actor/lib/test/auto/TriggeredClock.xml
1 ms. Memory: 448512K Free: 264297K (59%)
----------------- Invoking toplevel() on ptolemy.moml.MoMLSimpleApplication@7c5527c7
----------------- Done invoking toplevel() on ptolemy.moml.MoMLSimpleApplication@7c5527c7
reloadAllAccessors: .TriggeredClock

===========================================================================================
----------------- testing Tue Jun 25 04:45:46 UTC 2019 /home/travis/build/icyphy/ptII/ptolemy/actor/lib/test/auto/URLDirectoryReader.xml
----------------- Instantiating /home/travis/build/icyphy/ptII/ptolemy/actor/lib/test/auto/URLDirectoryReader.xml
40 ms. Memory: 448512K Free: 255081K (57%)
----------------- Invoking toplevel() on ptolemy.moml.MoMLSimpleApplication@6cb85882
----------------- Done invoking toplevel() on ptolemy.moml.MoMLSimpleApplication@6cb85882
reloadAllAccessors: .URLDirectoryReader

===========================================================================================
----------------- testing Tue Jun 25 04:45:46 UTC 2019 /home/travis/build/icyphy/ptII/ptolemy/actor/lib/test/auto/URLDirectoryReader3.xml
----------------- Instantiating /home/travis/build/icyphy/ptII/ptolemy/actor/lib/test/auto/URLDirectoryReader3.xml
1106 ms. Memory: 448512K Free: 391292K (87%)
----------------- Invoking toplevel() on ptolemy.moml.MoMLSimpleApplication@79f50ae8
----------------- Done invoking toplevel() on ptolemy.moml.MoMLSimpleApplication@79f50ae8
reloadAllAccessors: .URLDirectoryReader3

===========================================================================================
----------------- testing Tue Jun 25 04:45:47 UTC 2019 /home/travis/build/icyphy/ptII/ptolemy/actor/lib/test/auto/UnaryMathFunction.xml
----------------- Instantiating /home/travis/build/icyphy/ptII/ptolemy/actor/lib/test/auto/UnaryMathFunction.xml
2 ms. Memory: 448512K Free: 383530K (86%)
----------------- Invoking toplevel() on ptolemy.moml.MoMLSimpleApplication@42ec2dee
----------------- Done invoking toplevel() on ptolemy.moml.MoMLSimpleApplication@42ec2dee
reloadAllAccessors: .UnaryMathFunction

===========================================================================================
----------------- testing Tue Jun 25 04:45:47 UTC 2019 /home/travis/build/icyphy/ptII/ptolemy/actor/lib/test/auto/Uniform.xml
----------------- Instantiating /home/travis/build/icyphy/ptII/ptolemy/actor/lib/test/auto/Uniform.xml
2 ms. Memory: 448512K Free: 378924K (84%)
----------------- Invoking toplevel() on ptolemy.moml.MoMLSimpleApplication@15c1b172
----------------- Done invoking toplevel() on ptolemy.moml.MoMLSimpleApplication@15c1b172
reloadAllAccessors: .Uniform

===========================================================================================
----------------- testing Tue Jun 25 04:45:47 UTC 2019 /home/travis/build/icyphy/ptII/ptolemy/actor/lib/test/auto/UnionDisassemblerTest.xml
----------------- Instantiating /home/travis/build/icyphy/ptII/ptolemy/actor/lib/test/auto/UnionDisassemblerTest.xml
9 ms. Memory: 448512K Free: 375324K (84%)
----------------- Invoking toplevel() on ptolemy.moml.MoMLSimpleApplication@6c817a87
----------------- Done invoking toplevel() on ptolemy.moml.MoMLSimpleApplication@6c817a87
reloadAllAccessors: .UnionDisassemblerTest

===========================================================================================
----------------- testing Tue Jun 25 04:45:47 UTC 2019 /home/travis/build/icyphy/ptII/ptolemy/actor/lib/test/auto/UtilityFunctions.xml
----------------- Instantiating /home/travis/build/icyphy/ptII/ptolemy/actor/lib/test/auto/UtilityFunctions.xml
1 ms. Memory: 448512K Free: 370732K (83%)
----------------- Invoking toplevel() on ptolemy.moml.MoMLSimpleApplication@77d0fee8
----------------- Done invoking toplevel() on ptolemy.moml.MoMLSimpleApplication@77d0fee8
reloadAllAccessors: .UtilityFunctions

===========================================================================================
----------------- testing Tue Jun 25 04:45:47 UTC 2019 /home/travis/build/icyphy/ptII/ptolemy/actor/lib/test/auto/VariableSleep.xml
----------------- Instantiating /home/travis/build/icyphy/ptII/ptolemy/actor/lib/test/auto/VariableSleep.xml
503 ms. Memory: 448512K Free: 365612K (82%)
----------------- Invoking toplevel() on ptolemy.moml.MoMLSimpleApplication@1620f8d3
----------------- Done invoking toplevel() on ptolemy.moml.MoMLSimpleApplication@1620f8d3
reloadAllAccessors: .VariableSleep

===========================================================================================
----------------- testing Tue Jun 25 04:45:48 UTC 2019 /home/travis/build/icyphy/ptII/ptolemy/actor/lib/test/auto/VectorAssemblerDisassemblerCT.xml
----------------- Instantiating /home/travis/build/icyphy/ptII/ptolemy/actor/lib/test/auto/VectorAssemblerDisassemblerCT.xml
80 ms. Memory: 448512K Free: 345642K (77%)
----------------- Invoking toplevel() on ptolemy.moml.MoMLSimpleApplication@3ff18172
----------------- Done invoking toplevel() on ptolemy.moml.MoMLSimpleApplication@3ff18172
reloadAllAccessors: .VectorAssemblerDisassemblerCT

===========================================================================================
----------------- testing Tue Jun 25 04:45:48 UTC 2019 /home/travis/build/icyphy/ptII/ptolemy/actor/lib/test/auto/VectorAssemblerDisassemblerDE.xml
----------------- Instantiating /home/travis/build/icyphy/ptII/ptolemy/actor/lib/test/auto/VectorAssemblerDisassemblerDE.xml
11 ms. Memory: 448512K Free: 337964K (75%)
----------------- Invoking toplevel() on ptolemy.moml.MoMLSimpleApplication@2cc0edad
----------------- Done invoking toplevel() on ptolemy.moml.MoMLSimpleApplication@2cc0edad
reloadAllAccessors: .VectorAssemblerDisassemblerDE

===========================================================================================
----------------- testing Tue Jun 25 04:45:48 UTC 2019 /home/travis/build/icyphy/ptII/ptolemy/actor/lib/test/auto/VectorAssemblerDisassemblerSDF.xml
----------------- Instantiating /home/travis/build/icyphy/ptII/ptolemy/actor/lib/test/auto/VectorAssemblerDisassemblerSDF.xml
2 ms. Memory: 448512K Free: 331292K (74%)
----------------- Invoking toplevel() on ptolemy.moml.MoMLSimpleApplication@b8b1ea2
----------------- Done invoking toplevel() on ptolemy.moml.MoMLSimpleApplication@b8b1ea2
reloadAllAccessors: .VectorAssemblerDisassemblerSDF

===========================================================================================
----------------- testing Tue Jun 25 04:45:48 UTC 2019 /home/travis/build/icyphy/ptII/ptolemy/actor/lib/test/auto/WallClockTime.xml
----------------- Instantiating /home/travis/build/icyphy/ptII/ptolemy/actor/lib/test/auto/WallClockTime.xml
1005 ms. Memory: 448512K Free: 326186K (73%)
----------------- Invoking toplevel() on ptolemy.moml.MoMLSimpleApplication@6e19c294
----------------- Done invoking toplevel() on ptolemy.moml.MoMLSimpleApplication@6e19c294
reloadAllAccessors: .WallClockTime

===========================================================================================
----------------- testing Tue Jun 25 04:45:49 UTC 2019 /home/travis/build/icyphy/ptII/ptolemy/actor/lib/test/auto/WidthTestWithSubscriberPublisher.xml
----------------- Instantiating /home/travis/build/icyphy/ptII/ptolemy/actor/lib/test/auto/WidthTestWithSubscriberPublisher.xml
8 ms. Memory: 448512K Free: 307244K (69%)
----------------- Invoking toplevel() on ptolemy.moml.MoMLSimpleApplication@6cc4e0cb
----------------- Done invoking toplevel() on ptolemy.moml.MoMLSimpleApplication@6cc4e0cb
reloadAllAccessors: .WidthTestWithSubscriberPublisher

===========================================================================================
----------------- testing Tue Jun 25 04:45:49 UTC 2019 /home/travis/build/icyphy/ptII/ptolemy/actor/lib/test/auto/WidthTestWithSubscriberPublisher2.xml
----------------- Instantiating /home/travis/build/icyphy/ptII/ptolemy/actor/lib/test/auto/WidthTestWithSubscriberPublisher2.xml
2 ms. Memory: 448512K Free: 301100K (67%)
----------------- Invoking toplevel() on ptolemy.moml.MoMLSimpleApplication@148695ee
----------------- Done invoking toplevel() on ptolemy.moml.MoMLSimpleApplication@148695ee
reloadAllAccessors: .WidthTestWithSubscriberPublisher2

===========================================================================================
----------------- testing Tue Jun 25 04:45:49 UTC 2019 /home/travis/build/icyphy/ptII/ptolemy/actor/lib/test/auto/WidthTestWithSubscriberPublisher3.xml
----------------- Instantiating /home/travis/build/icyphy/ptII/ptolemy/actor/lib/test/auto/WidthTestWithSubscriberPublisher3.xml
2 ms. Memory: 448512K Free: 295466K (66%)
----------------- Invoking toplevel() on ptolemy.moml.MoMLSimpleApplication@74874306
----------------- Done invoking toplevel() on ptolemy.moml.MoMLSimpleApplication@74874306
reloadAllAccessors: .WidthTestWithSubscriberPublisher3

===========================================================================================
----------------- testing Tue Jun 25 04:45:49 UTC 2019 /home/travis/build/icyphy/ptII/ptolemy/actor/lib/test/auto/Writer.xml
----------------- Instantiating /home/travis/build/icyphy/ptII/ptolemy/actor/lib/test/auto/Writer.xml
0
1
2
3
4
1 ms. Memory: 448512K Free: 290860K (65%)
----------------- Invoking toplevel() on ptolemy.moml.MoMLSimpleApplication@25040005
----------------- Done invoking toplevel() on ptolemy.moml.MoMLSimpleApplication@25040005
reloadAllAccessors: .Writer

===========================================================================================
----------------- testing Tue Jun 25 04:45:49 UTC 2019 /home/travis/build/icyphy/ptII/ptolemy/actor/lib/test/auto/array.xml
----------------- Instantiating /home/travis/build/icyphy/ptII/ptolemy/actor/lib/test/auto/array.xml
2 ms. Memory: 448512K Free: 286250K (64%)
----------------- Invoking toplevel() on ptolemy.moml.MoMLSimpleApplication@3fe2ab34
----------------- Done invoking toplevel() on ptolemy.moml.MoMLSimpleApplication@3fe2ab34
reloadAllAccessors: .array

===========================================================================================
----------------- testing Tue Jun 25 04:45:49 UTC 2019 /home/travis/build/icyphy/ptII/ptolemy/actor/lib/test/auto/array2.xml
----------------- Instantiating /home/travis/build/icyphy/ptII/ptolemy/actor/lib/test/auto/array2.xml
8 ms. Memory: 448512K Free: 281644K (63%)
----------------- Invoking toplevel() on ptolemy.moml.MoMLSimpleApplication@d016798
----------------- Done invoking toplevel() on ptolemy.moml.MoMLSimpleApplication@d016798
reloadAllAccessors: .array2

===========================================================================================
----------------- testing Tue Jun 25 04:45:49 UTC 2019 /home/travis/build/icyphy/ptII/ptolemy/actor/lib/test/auto/arrayType.xml
----------------- Instantiating /home/travis/build/icyphy/ptII/ptolemy/actor/lib/test/auto/arrayType.xml
1 ms. Memory: 448512K Free: 276010K (62%)
----------------- Invoking toplevel() on ptolemy.moml.MoMLSimpleApplication@2d355c65
----------------- Done invoking toplevel() on ptolemy.moml.MoMLSimpleApplication@2d355c65
reloadAllAccessors: .arrayType

===========================================================================================
----------------- testing Tue Jun 25 04:45:49 UTC 2019 /home/travis/build/icyphy/ptII/ptolemy/actor/lib/test/auto/arrayType10.xml
----------------- Instantiating /home/travis/build/icyphy/ptII/ptolemy/actor/lib/test/auto/arrayType10.xml
1 ms. Memory: 448512K Free: 271404K (61%)
----------------- Invoking toplevel() on ptolemy.moml.MoMLSimpleApplication@887d8f7
----------------- Done invoking toplevel() on ptolemy.moml.MoMLSimpleApplication@887d8f7
reloadAllAccessors: .arrayType10

===========================================================================================
----------------- testing Tue Jun 25 04:45:49 UTC 2019 /home/travis/build/icyphy/ptII/ptolemy/actor/lib/test/auto/arrayType11.xml
----------------- Instantiating /home/travis/build/icyphy/ptII/ptolemy/actor/lib/test/auto/arrayType11.xml
1 ms. Memory: 448512K Free: 266284K (59%)
----------------- Invoking toplevel() on ptolemy.moml.MoMLSimpleApplication@4d059e0b
----------------- Done invoking toplevel() on ptolemy.moml.MoMLSimpleApplication@4d059e0b
reloadAllAccessors: .arrayType11

===========================================================================================
----------------- testing Tue Jun 25 04:45:49 UTC 2019 /home/travis/build/icyphy/ptII/ptolemy/actor/lib/test/auto/arrayType12.xml
----------------- Instantiating /home/travis/build/icyphy/ptII/ptolemy/actor/lib/test/auto/arrayType12.xml
1 ms. Memory: 448512K Free: 261674K (58%)
----------------- Invoking toplevel() on ptolemy.moml.MoMLSimpleApplication@69458d10
----------------- Done invoking toplevel() on ptolemy.moml.MoMLSimpleApplication@69458d10
reloadAllAccessors: .arrayType12

===========================================================================================
----------------- testing Tue Jun 25 04:45:49 UTC 2019 /home/travis/build/icyphy/ptII/ptolemy/actor/lib/test/auto/arrayType13.xml
----------------- Instantiating /home/travis/build/icyphy/ptII/ptolemy/actor/lib/test/auto/arrayType13.xml
1 ms. Memory: 448512K Free: 256554K (57%)
----------------- Invoking toplevel() on ptolemy.moml.MoMLSimpleApplication@5ebb5310
----------------- Done invoking toplevel() on ptolemy.moml.MoMLSimpleApplication@5ebb5310
reloadAllAccessors: .arrayType13

===========================================================================================
----------------- testing Tue Jun 25 04:45:49 UTC 2019 /home/travis/build/icyphy/ptII/ptolemy/actor/lib/test/auto/arrayType14.xml
----------------- Instantiating /home/travis/build/icyphy/ptII/ptolemy/actor/lib/test/auto/arrayType14.xml
3 ms. Memory: 448512K Free: 250924K (56%)
----------------- Invoking toplevel() on ptolemy.moml.MoMLSimpleApplication@7d5f67cd
----------------- Done invoking toplevel() on ptolemy.moml.MoMLSimpleApplication@7d5f67cd
reloadAllAccessors: .arrayType14

===========================================================================================
----------------- testing Tue Jun 25 04:45:49 UTC 2019 /home/travis/build/icyphy/ptII/ptolemy/actor/lib/test/auto/arrayType15.xml
----------------- Instantiating /home/travis/build/icyphy/ptII/ptolemy/actor/lib/test/auto/arrayType15.xml
1 ms. Memory: 448512K Free: 245804K (55%)
----------------- Invoking toplevel() on ptolemy.moml.MoMLSimpleApplication@45773b1
----------------- Done invoking toplevel() on ptolemy.moml.MoMLSimpleApplication@45773b1
reloadAllAccessors: .arrayType15

===========================================================================================
----------------- testing Tue Jun 25 04:45:49 UTC 2019 /home/travis/build/icyphy/ptII/ptolemy/actor/lib/test/auto/arrayType16.xml
----------------- Instantiating /home/travis/build/icyphy/ptII/ptolemy/actor/lib/test/auto/arrayType16.xml
1 ms. Memory: 448512K Free: 240684K (54%)
----------------- Invoking toplevel() on ptolemy.moml.MoMLSimpleApplication@61b489df
----------------- Done invoking toplevel() on ptolemy.moml.MoMLSimpleApplication@61b489df
reloadAllAccessors: .arrayType16

===========================================================================================
----------------- testing Tue Jun 25 04:45:49 UTC 2019 /home/travis/build/icyphy/ptII/ptolemy/actor/lib/test/auto/arrayType17.xml
----------------- Instantiating /home/travis/build/icyphy/ptII/ptolemy/actor/lib/test/auto/arrayType17.xml
1 ms. Memory: 448512K Free: 235036K (52%)
----------------- Invoking toplevel() on ptolemy.moml.MoMLSimpleApplication@7e893154
----------------- Done invoking toplevel() on ptolemy.moml.MoMLSimpleApplication@7e893154
reloadAllAccessors: .arrayType17

===========================================================================================
----------------- testing Tue Jun 25 04:45:49 UTC 2019 /home/travis/build/icyphy/ptII/ptolemy/actor/lib/test/auto/arrayType18.xml
----------------- Instantiating /home/travis/build/icyphy/ptII/ptolemy/actor/lib/test/auto/arrayType18.xml
1 ms. Memory: 448512K Free: 230444K (51%)
----------------- Invoking toplevel() on ptolemy.moml.MoMLSimpleApplication@439365da
----------------- Done invoking toplevel() on ptolemy.moml.MoMLSimpleApplication@439365da
reloadAllAccessors: .arrayType18

===========================================================================================
----------------- testing Tue Jun 25 04:45:49 UTC 2019 /home/travis/build/icyphy/ptII/ptolemy/actor/lib/test/auto/arrayType19.xml
----------------- Instantiating /home/travis/build/icyphy/ptII/ptolemy/actor/lib/test/auto/arrayType19.xml
1 ms. Memory: 448512K Free: 225834K (50%)
----------------- Invoking toplevel() on ptolemy.moml.MoMLSimpleApplication@38c72c15
----------------- Done invoking toplevel() on ptolemy.moml.MoMLSimpleApplication@38c72c15
reloadAllAccessors: .arrayType19

===========================================================================================
----------------- testing Tue Jun 25 04:45:49 UTC 2019 /home/travis/build/icyphy/ptII/ptolemy/actor/lib/test/auto/arrayType2.xml
----------------- Instantiating /home/travis/build/icyphy/ptII/ptolemy/actor/lib/test/auto/arrayType2.xml
1 ms. Memory: 448512K Free: 220204K (49%)
----------------- Invoking toplevel() on ptolemy.moml.MoMLSimpleApplication@1a84f4f5
----------------- Done invoking toplevel() on ptolemy.moml.MoMLSimpleApplication@1a84f4f5
reloadAllAccessors: .arrayType2

===========================================================================================
----------------- testing Tue Jun 25 04:45:49 UTC 2019 /home/travis/build/icyphy/ptII/ptolemy/actor/lib/test/auto/arrayType20.xml
----------------- Instantiating /home/travis/build/icyphy/ptII/ptolemy/actor/lib/test/auto/arrayType20.xml
1 ms. Memory: 448512K Free: 215594K (48%)
----------------- Invoking toplevel() on ptolemy.moml.MoMLSimpleApplication@5d667585
----------------- Done invoking toplevel() on ptolemy.moml.MoMLSimpleApplication@5d667585
reloadAllAccessors: .arrayType20

===========================================================================================
----------------- testing Tue Jun 25 04:45:49 UTC 2019 /home/travis/build/icyphy/ptII/ptolemy/actor/lib/test/auto/arrayType21.xml
----------------- Instantiating /home/travis/build/icyphy/ptII/ptolemy/actor/lib/test/auto/arrayType21.xml
1 ms. Memory: 448512K Free: 210474K (47%)
----------------- Invoking toplevel() on ptolemy.moml.MoMLSimpleApplication@343d9355
----------------- Done invoking toplevel() on ptolemy.moml.MoMLSimpleApplication@343d9355
reloadAllAccessors: .arrayType21

===========================================================================================
----------------- testing Tue Jun 25 04:45:49 UTC 2019 /home/travis/build/icyphy/ptII/ptolemy/actor/lib/test/auto/arrayType22.xml
----------------- Instantiating /home/travis/build/icyphy/ptII/ptolemy/actor/lib/test/auto/arrayType22.xml
1 ms. Memory: 448512K Free: 205868K (46%)
----------------- Invoking toplevel() on ptolemy.moml.MoMLSimpleApplication@bd3a92b
----------------- Done invoking toplevel() on ptolemy.moml.MoMLSimpleApplication@bd3a92b
reloadAllAccessors: .arrayType22

===========================================================================================
----------------- testing Tue Jun 25 04:45:49 UTC 2019 /home/travis/build/icyphy/ptII/ptolemy/actor/lib/test/auto/arrayType23.xml
----------------- Instantiating /home/travis/build/icyphy/ptII/ptolemy/actor/lib/test/auto/arrayType23.xml
2 ms. Memory: 448512K Free: 201258K (45%)
----------------- Invoking toplevel() on ptolemy.moml.MoMLSimpleApplication@6af810f9
----------------- Done invoking toplevel() on ptolemy.moml.MoMLSimpleApplication@6af810f9
reloadAllAccessors: .arrayType23

===========================================================================================
----------------- testing Tue Jun 25 04:45:49 UTC 2019 /home/travis/build/icyphy/ptII/ptolemy/actor/lib/test/auto/arrayType24.xml
----------------- Instantiating /home/travis/build/icyphy/ptII/ptolemy/actor/lib/test/auto/arrayType24.xml
1 ms. Memory: 448512K Free: 196138K (44%)
----------------- Invoking toplevel() on ptolemy.moml.MoMLSimpleApplication@18c3c483
----------------- Done invoking toplevel() on ptolemy.moml.MoMLSimpleApplication@18c3c483
reloadAllAccessors: .arrayType24

===========================================================================================
----------------- testing Tue Jun 25 04:45:49 UTC 2019 /home/travis/build/icyphy/ptII/ptolemy/actor/lib/test/auto/arrayType25.xml
----------------- Instantiating /home/travis/build/icyphy/ptII/ptolemy/actor/lib/test/auto/arrayType25.xml
2 ms. Memory: 448512K Free: 191018K (43%)
----------------- Invoking toplevel() on ptolemy.moml.MoMLSimpleApplication@4134882e
----------------- Done invoking toplevel() on ptolemy.moml.MoMLSimpleApplication@4134882e
reloadAllAccessors: .arrayType25

===========================================================================================
----------------- testing Tue Jun 25 04:45:49 UTC 2019 /home/travis/build/icyphy/ptII/ptolemy/actor/lib/test/auto/arrayType26.xml
----------------- Instantiating /home/travis/build/icyphy/ptII/ptolemy/actor/lib/test/auto/arrayType26.xml
1 ms. Memory: 448512K Free: 185388K (41%)
----------------- Invoking toplevel() on ptolemy.moml.MoMLSimpleApplication@60c598f9
----------------- Done invoking toplevel() on ptolemy.moml.MoMLSimpleApplication@60c598f9
reloadAllAccessors: .arrayType26

===========================================================================================
----------------- testing Tue Jun 25 04:45:49 UTC 2019 /home/travis/build/icyphy/ptII/ptolemy/actor/lib/test/auto/arrayType27.xml
----------------- Instantiating /home/travis/build/icyphy/ptII/ptolemy/actor/lib/test/auto/arrayType27.xml
2 ms. Memory: 448512K Free: 180268K (40%)
----------------- Invoking toplevel() on ptolemy.moml.MoMLSimpleApplication@3bf5ac7a
----------------- Done invoking toplevel() on ptolemy.moml.MoMLSimpleApplication@3bf5ac7a
reloadAllAccessors: .arrayType27

===========================================================================================
----------------- testing Tue Jun 25 04:45:49 UTC 2019 /home/travis/build/icyphy/ptII/ptolemy/actor/lib/test/auto/arrayType28.xml
----------------- Instantiating /home/travis/build/icyphy/ptII/ptolemy/actor/lib/test/auto/arrayType28.xml
2 ms. Memory: 448512K Free: 175148K (39%)
----------------- Invoking toplevel() on ptolemy.moml.MoMLSimpleApplication@1a9aab0a
----------------- Done invoking toplevel() on ptolemy.moml.MoMLSimpleApplication@1a9aab0a
reloadAllAccessors: .arrayType28

===========================================================================================
----------------- testing Tue Jun 25 04:45:49 UTC 2019 /home/travis/build/icyphy/ptII/ptolemy/actor/lib/test/auto/arrayType3.xml
----------------- Instantiating /home/travis/build/icyphy/ptII/ptolemy/actor/lib/test/auto/arrayType3.xml
1 ms. Memory: 448512K Free: 169500K (38%)
----------------- Invoking toplevel() on ptolemy.moml.MoMLSimpleApplication@23c3804e
----------------- Done invoking toplevel() on ptolemy.moml.MoMLSimpleApplication@23c3804e
reloadAllAccessors: .arrayType3

===========================================================================================
----------------- testing Tue Jun 25 04:45:49 UTC 2019 /home/travis/build/icyphy/ptII/ptolemy/actor/lib/test/auto/arrayType4.xml
----------------- Instantiating /home/travis/build/icyphy/ptII/ptolemy/actor/lib/test/auto/arrayType4.xml
2 ms. Memory: 448512K Free: 164380K (37%)
----------------- Invoking toplevel() on ptolemy.moml.MoMLSimpleApplication@7e06fe12
----------------- Done invoking toplevel() on ptolemy.moml.MoMLSimpleApplication@7e06fe12
reloadAllAccessors: .arrayType4

===========================================================================================
----------------- testing Tue Jun 25 04:45:49 UTC 2019 /home/travis/build/icyphy/ptII/ptolemy/actor/lib/test/auto/arrayType5.xml
----------------- Instantiating /home/travis/build/icyphy/ptII/ptolemy/actor/lib/test/auto/arrayType5.xml
1 ms. Memory: 448512K Free: 158764K (35%)
----------------- Invoking toplevel() on ptolemy.moml.MoMLSimpleApplication@323affa1
----------------- Done invoking toplevel() on ptolemy.moml.MoMLSimpleApplication@323affa1
reloadAllAccessors: .arrayType5

===========================================================================================
----------------- testing Tue Jun 25 04:45:49 UTC 2019 /home/travis/build/icyphy/ptII/ptolemy/actor/lib/test/auto/arrayType6.xml
----------------- Instantiating /home/travis/build/icyphy/ptII/ptolemy/actor/lib/test/auto/arrayType6.xml
2 ms. Memory: 448512K Free: 154154K (34%)
----------------- Invoking toplevel() on ptolemy.moml.MoMLSimpleApplication@2fedcba6
----------------- Done invoking toplevel() on ptolemy.moml.MoMLSimpleApplication@2fedcba6
reloadAllAccessors: .arrayType6

===========================================================================================
----------------- testing Tue Jun 25 04:45:49 UTC 2019 /home/travis/build/icyphy/ptII/ptolemy/actor/lib/test/auto/arrayType7.xml
----------------- Instantiating /home/travis/build/icyphy/ptII/ptolemy/actor/lib/test/auto/arrayType7.xml
7 ms. Memory: 448512K Free: 149034K (33%)
----------------- Invoking toplevel() on ptolemy.moml.MoMLSimpleApplication@24f29f48
----------------- Done invoking toplevel() on ptolemy.moml.MoMLSimpleApplication@24f29f48
reloadAllAccessors: .arrayType7

===========================================================================================
----------------- testing Tue Jun 25 04:45:49 UTC 2019 /home/travis/build/icyphy/ptII/ptolemy/actor/lib/test/auto/arrayType8.xml
----------------- Instantiating /home/travis/build/icyphy/ptII/ptolemy/actor/lib/test/auto/arrayType8.xml
1 ms. Memory: 448512K Free: 144428K (32%)
----------------- Invoking toplevel() on ptolemy.moml.MoMLSimpleApplication@359ec480
----------------- Done invoking toplevel() on ptolemy.moml.MoMLSimpleApplication@359ec480
reloadAllAccessors: .arrayType8

===========================================================================================
----------------- testing Tue Jun 25 04:45:49 UTC 2019 /home/travis/build/icyphy/ptII/ptolemy/actor/lib/test/auto/arrayType9.xml
----------------- Instantiating /home/travis/build/icyphy/ptII/ptolemy/actor/lib/test/auto/arrayType9.xml
1 ms. Memory: 448512K Free: 139818K (31%)
----------------- Invoking toplevel() on ptolemy.moml.MoMLSimpleApplication@63e58d42
----------------- Done invoking toplevel() on ptolemy.moml.MoMLSimpleApplication@63e58d42
reloadAllAccessors: .arrayType9

===========================================================================================
----------------- testing Tue Jun 25 04:45:50 UTC 2019 /home/travis/build/icyphy/ptII/ptolemy/actor/lib/test/auto/cast.xml
----------------- Instantiating /home/travis/build/icyphy/ptII/ptolemy/actor/lib/test/auto/cast.xml
2 ms. Memory: 448512K Free: 134698K (30%)
----------------- Invoking toplevel() on ptolemy.moml.MoMLSimpleApplication@7385c0a8
----------------- Done invoking toplevel() on ptolemy.moml.MoMLSimpleApplication@7385c0a8
reloadAllAccessors: .cast

===========================================================================================
----------------- testing Tue Jun 25 04:45:50 UTC 2019 /home/travis/build/icyphy/ptII/ptolemy/actor/lib/test/auto/compositeMultiPort.xml
----------------- Instantiating /home/travis/build/icyphy/ptII/ptolemy/actor/lib/test/auto/compositeMultiPort.xml
4 ms. Memory: 448512K Free: 388389K (87%)
----------------- Invoking toplevel() on ptolemy.moml.MoMLSimpleApplication@36594c2e
----------------- Done invoking toplevel() on ptolemy.moml.MoMLSimpleApplication@36594c2e
reloadAllAccessors: .compositeMultiPort

===========================================================================================
----------------- testing Tue Jun 25 04:45:50 UTC 2019 /home/travis/build/icyphy/ptII/ptolemy/actor/lib/test/auto/expressionCastInference.xml
----------------- Instantiating /home/travis/build/icyphy/ptII/ptolemy/actor/lib/test/auto/expressionCastInference.xml
3 ms. Memory: 448512K Free: 383269K (85%)
----------------- Invoking toplevel() on ptolemy.moml.MoMLSimpleApplication@65b4ca1a
----------------- Done invoking toplevel() on ptolemy.moml.MoMLSimpleApplication@65b4ca1a
reloadAllAccessors: .expressionCastInference

===========================================================================================
----------------- testing Tue Jun 25 04:45:50 UTC 2019 /home/travis/build/icyphy/ptII/ptolemy/actor/lib/test/auto/expressionCastInference2.xml
----------------- Instantiating /home/travis/build/icyphy/ptII/ptolemy/actor/lib/test/auto/expressionCastInference2.xml
3 ms. Memory: 448512K Free: 378659K (84%)
----------------- Invoking toplevel() on ptolemy.moml.MoMLSimpleApplication@7d500a6a
----------------- Done invoking toplevel() on ptolemy.moml.MoMLSimpleApplication@7d500a6a
reloadAllAccessors: .expressionCastInference2

===========================================================================================
----------------- testing Tue Jun 25 04:45:50 UTC 2019 /home/travis/build/icyphy/ptII/ptolemy/actor/lib/test/auto/expressionInference.xml
----------------- Instantiating /home/travis/build/icyphy/ptII/ptolemy/actor/lib/test/auto/expressionInference.xml
2 ms. Memory: 448512K Free: 374053K (83%)
----------------- Invoking toplevel() on ptolemy.moml.MoMLSimpleApplication@56c93189
----------------- Done invoking toplevel() on ptolemy.moml.MoMLSimpleApplication@56c93189
reloadAllAccessors: .expressionInference

===========================================================================================
----------------- testing Tue Jun 25 04:45:50 UTC 2019 /home/travis/build/icyphy/ptII/ptolemy/actor/lib/test/auto/expression_bug.xml
----------------- Instantiating /home/travis/build/icyphy/ptII/ptolemy/actor/lib/test/auto/expression_bug.xml
2 ms. Memory: 448512K Free: 369957K (82%)
----------------- Invoking toplevel() on ptolemy.moml.MoMLSimpleApplication@4b3b9309
----------------- Done invoking toplevel() on ptolemy.moml.MoMLSimpleApplication@4b3b9309
reloadAllAccessors: .expression_bug

===========================================================================================
----------------- testing Tue Jun 25 04:45:50 UTC 2019 /home/travis/build/icyphy/ptII/ptolemy/actor/lib/test/auto/factorial.xml
----------------- Instantiating /home/travis/build/icyphy/ptII/ptolemy/actor/lib/test/auto/factorial.xml
51 ms. Memory: 448512K Free: 361251K (81%)
----------------- Invoking toplevel() on ptolemy.moml.MoMLSimpleApplication@6ef1f4d7
----------------- Done invoking toplevel() on ptolemy.moml.MoMLSimpleApplication@6ef1f4d7
reloadAllAccessors: .factorial

===========================================================================================
----------------- testing Tue Jun 25 04:45:50 UTC 2019 /home/travis/build/icyphy/ptII/ptolemy/actor/lib/test/auto/filterTest1.xml
----------------- Instantiating /home/travis/build/icyphy/ptII/ptolemy/actor/lib/test/auto/filterTest1.xml
4 ms. Memory: 448512K Free: 355621K (79%)
----------------- Invoking toplevel() on ptolemy.moml.MoMLSimpleApplication@264f295d
----------------- Done invoking toplevel() on ptolemy.moml.MoMLSimpleApplication@264f295d
reloadAllAccessors: .filterTest1

===========================================================================================
----------------- testing Tue Jun 25 04:45:50 UTC 2019 /home/travis/build/icyphy/ptII/ptolemy/actor/lib/test/auto/funcApplyInConst.xml
----------------- Instantiating /home/travis/build/icyphy/ptII/ptolemy/actor/lib/test/auto/funcApplyInConst.xml
1 ms. Memory: 448512K Free: 351525K (78%)
----------------- Invoking toplevel() on ptolemy.moml.MoMLSimpleApplication@246846dc
----------------- Done invoking toplevel() on ptolemy.moml.MoMLSimpleApplication@246846dc
reloadAllAccessors: .funcApplyInConst

===========================================================================================
----------------- testing Tue Jun 25 04:45:50 UTC 2019 /home/travis/build/icyphy/ptII/ptolemy/actor/lib/test/auto/funcApplyInExpr.xml
----------------- Instantiating /home/travis/build/icyphy/ptII/ptolemy/actor/lib/test/auto/funcApplyInExpr.xml
2 ms. Memory: 448512K Free: 347939K (78%)
----------------- Invoking toplevel() on ptolemy.moml.MoMLSimpleApplication@741230dc
----------------- Done invoking toplevel() on ptolemy.moml.MoMLSimpleApplication@741230dc
reloadAllAccessors: .funcApplyInExpr

===========================================================================================
----------------- testing Tue Jun 25 04:45:50 UTC 2019 /home/travis/build/icyphy/ptII/ptolemy/actor/lib/test/auto/function.xml
----------------- Instantiating /home/travis/build/icyphy/ptII/ptolemy/actor/lib/test/auto/function.xml
3 ms. Memory: 448512K Free: 343333K (77%)
----------------- Invoking toplevel() on ptolemy.moml.MoMLSimpleApplication@4d2f17ca
----------------- Done invoking toplevel() on ptolemy.moml.MoMLSimpleApplication@4d2f17ca
reloadAllAccessors: .function

===========================================================================================
----------------- testing Tue Jun 25 04:45:50 UTC 2019 /home/travis/build/icyphy/ptII/ptolemy/actor/lib/test/auto/function2.xml
----------------- Instantiating /home/travis/build/icyphy/ptII/ptolemy/actor/lib/test/auto/function2.xml
2 ms. Memory: 448512K Free: 338213K (75%)
----------------- Invoking toplevel() on ptolemy.moml.MoMLSimpleApplication@da04fb2
----------------- Done invoking toplevel() on ptolemy.moml.MoMLSimpleApplication@da04fb2
reloadAllAccessors: .function2

===========================================================================================
----------------- testing Tue Jun 25 04:45:50 UTC 2019 /home/travis/build/icyphy/ptII/ptolemy/actor/lib/test/auto/function3.xml
----------------- Instantiating /home/travis/build/icyphy/ptII/ptolemy/actor/lib/test/auto/function3.xml
1 ms. Memory: 448512K Free: 334627K (75%)
----------------- Invoking toplevel() on ptolemy.moml.MoMLSimpleApplication@39d7af5
----------------- Done invoking toplevel() on ptolemy.moml.MoMLSimpleApplication@39d7af5
reloadAllAccessors: .function3

===========================================================================================
----------------- testing Tue Jun 25 04:45:50 UTC 2019 /home/travis/build/icyphy/ptII/ptolemy/actor/lib/test/auto/functionClosureTest1.xml
----------------- Instantiating /home/travis/build/icyphy/ptII/ptolemy/actor/lib/test/auto/functionClosureTest1.xml
2 ms. Memory: 448512K Free: 328477K (73%)
----------------- Invoking toplevel() on ptolemy.moml.MoMLSimpleApplication@c94b562
----------------- Done invoking toplevel() on ptolemy.moml.MoMLSimpleApplication@c94b562
reloadAllAccessors: .functionClosureTest1

===========================================================================================
----------------- testing Tue Jun 25 04:45:50 UTC 2019 /home/travis/build/icyphy/ptII/ptolemy/actor/lib/test/auto/functionClosureTest2.xml
----------------- Instantiating /home/travis/build/icyphy/ptII/ptolemy/actor/lib/test/auto/functionClosureTest2.xml
1 ms. Memory: 448512K Free: 324901K (72%)
----------------- Invoking toplevel() on ptolemy.moml.MoMLSimpleApplication@8c85fef
----------------- Done invoking toplevel() on ptolemy.moml.MoMLSimpleApplication@8c85fef
reloadAllAccessors: .functionClosureTest2

===========================================================================================
----------------- testing Tue Jun 25 04:45:50 UTC 2019 /home/travis/build/icyphy/ptII/ptolemy/actor/lib/test/auto/functionClosureTest3.xml
----------------- Instantiating /home/travis/build/icyphy/ptII/ptolemy/actor/lib/test/auto/functionClosureTest3.xml
2 ms. Memory: 448512K Free: 319253K (71%)
----------------- Invoking toplevel() on ptolemy.moml.MoMLSimpleApplication@13a68c12
----------------- Done invoking toplevel() on ptolemy.moml.MoMLSimpleApplication@13a68c12
reloadAllAccessors: .functionClosureTest3

===========================================================================================
----------------- testing Tue Jun 25 04:45:50 UTC 2019 /home/travis/build/icyphy/ptII/ptolemy/actor/lib/test/auto/functionClosureTest4.xml
----------------- Instantiating /home/travis/build/icyphy/ptII/ptolemy/actor/lib/test/auto/functionClosureTest4.xml
4 ms. Memory: 448512K Free: 313123K (70%)
----------------- Invoking toplevel() on ptolemy.moml.MoMLSimpleApplication@26305be0
----------------- Done invoking toplevel() on ptolemy.moml.MoMLSimpleApplication@26305be0
reloadAllAccessors: .functionClosureTest4

===========================================================================================
----------------- testing Tue Jun 25 04:45:50 UTC 2019 /home/travis/build/icyphy/ptII/ptolemy/actor/lib/test/auto/functionClosureTest5.xml
----------------- Instantiating /home/travis/build/icyphy/ptII/ptolemy/actor/lib/test/auto/functionClosureTest5.xml
4 ms. Memory: 448512K Free: 307493K (69%)
----------------- Invoking toplevel() on ptolemy.moml.MoMLSimpleApplication@559863cb
----------------- Done invoking toplevel() on ptolemy.moml.MoMLSimpleApplication@559863cb
reloadAllAccessors: .functionClosureTest5

===========================================================================================
----------------- testing Tue Jun 25 04:45:50 UTC 2019 /home/travis/build/icyphy/ptII/ptolemy/actor/lib/test/auto/functionClosureTest6.xml
----------------- Instantiating /home/travis/build/icyphy/ptII/ptolemy/actor/lib/test/auto/functionClosureTest6.xml
2 ms. Memory: 448512K Free: 302883K (68%)
----------------- Invoking toplevel() on ptolemy.moml.MoMLSimpleApplication@4ca252ee
----------------- Done invoking toplevel() on ptolemy.moml.MoMLSimpleApplication@4ca252ee
reloadAllAccessors: .functionClosureTest6

===========================================================================================
----------------- testing Tue Jun 25 04:45:50 UTC 2019 /home/travis/build/icyphy/ptII/ptolemy/actor/lib/test/auto/functionsOnArcs.xml
----------------- Instantiating /home/travis/build/icyphy/ptII/ptolemy/actor/lib/test/auto/functionsOnArcs.xml
8 ms. Memory: 448512K Free: 297253K (66%)
----------------- Invoking toplevel() on ptolemy.moml.MoMLSimpleApplication@6006019b
----------------- Done invoking toplevel() on ptolemy.moml.MoMLSimpleApplication@6006019b
reloadAllAccessors: .functionsOnArcs

===========================================================================================
----------------- testing Tue Jun 25 04:45:50 UTC 2019 /home/travis/build/icyphy/ptII/ptolemy/actor/lib/test/auto/functionsOnArcsHOF.xml
----------------- Instantiating /home/travis/build/icyphy/ptII/ptolemy/actor/lib/test/auto/functionsOnArcsHOF.xml
4 ms. Memory: 448512K Free: 291619K (65%)
----------------- Invoking toplevel() on ptolemy.moml.MoMLSimpleApplication@5700c3d0
----------------- Done invoking toplevel() on ptolemy.moml.MoMLSimpleApplication@5700c3d0
reloadAllAccessors: .functionsOnArcsHOF

===========================================================================================
----------------- testing Tue Jun 25 04:45:50 UTC 2019 /home/travis/build/icyphy/ptII/ptolemy/actor/lib/test/auto/logic.xml
----------------- Instantiating /home/travis/build/icyphy/ptII/ptolemy/actor/lib/test/auto/logic.xml
2 ms. Memory: 448512K Free: 283941K (63%)
----------------- Invoking toplevel() on ptolemy.moml.MoMLSimpleApplication@58ed7356
----------------- Done invoking toplevel() on ptolemy.moml.MoMLSimpleApplication@58ed7356
reloadAllAccessors: .logic

===========================================================================================
----------------- testing Tue Jun 25 04:45:50 UTC 2019 /home/travis/build/icyphy/ptII/ptolemy/actor/lib/test/auto/matrixType.xml
----------------- Instantiating /home/travis/build/icyphy/ptII/ptolemy/actor/lib/test/auto/matrixType.xml
1 ms. Memory: 448512K Free: 279331K (62%)
----------------- Invoking toplevel() on ptolemy.moml.MoMLSimpleApplication@31070690
----------------- Done invoking toplevel() on ptolemy.moml.MoMLSimpleApplication@31070690
reloadAllAccessors: .matrixType

===========================================================================================
----------------- testing Tue Jun 25 04:45:50 UTC 2019 /home/travis/build/icyphy/ptII/ptolemy/actor/lib/test/auto/matrixType10.xml
----------------- Instantiating /home/travis/build/icyphy/ptII/ptolemy/actor/lib/test/auto/matrixType10.xml
2 ms. Memory: 448512K Free: 274211K (61%)
----------------- Invoking toplevel() on ptolemy.moml.MoMLSimpleApplication@6f860892
----------------- Done invoking toplevel() on ptolemy.moml.MoMLSimpleApplication@6f860892
reloadAllAccessors: .matrixType10

===========================================================================================
----------------- testing Tue Jun 25 04:45:50 UTC 2019 /home/travis/build/icyphy/ptII/ptolemy/actor/lib/test/auto/matrixType11.xml
----------------- Instantiating /home/travis/build/icyphy/ptII/ptolemy/actor/lib/test/auto/matrixType11.xml
2 ms. Memory: 448512K Free: 269605K (60%)
----------------- Invoking toplevel() on ptolemy.moml.MoMLSimpleApplication@16696bb0
----------------- Done invoking toplevel() on ptolemy.moml.MoMLSimpleApplication@16696bb0
reloadAllAccessors: .matrixType11

===========================================================================================
----------------- testing Tue Jun 25 04:45:50 UTC 2019 /home/travis/build/icyphy/ptII/ptolemy/actor/lib/test/auto/matrixType12.xml
----------------- Instantiating /home/travis/build/icyphy/ptII/ptolemy/actor/lib/test/auto/matrixType12.xml
1 ms. Memory: 448512K Free: 264485K (59%)
----------------- Invoking toplevel() on ptolemy.moml.MoMLSimpleApplication@f065287
----------------- Done invoking toplevel() on ptolemy.moml.MoMLSimpleApplication@f065287
reloadAllAccessors: .matrixType12

===========================================================================================
----------------- testing Tue Jun 25 04:45:50 UTC 2019 /home/travis/build/icyphy/ptII/ptolemy/actor/lib/test/auto/matrixType13.xml
----------------- Instantiating /home/travis/build/icyphy/ptII/ptolemy/actor/lib/test/auto/matrixType13.xml
1 ms. Memory: 448512K Free: 259875K (58%)
----------------- Invoking toplevel() on ptolemy.moml.MoMLSimpleApplication@3866c7a
----------------- Done invoking toplevel() on ptolemy.moml.MoMLSimpleApplication@3866c7a
reloadAllAccessors: .matrixType13

===========================================================================================
----------------- testing Tue Jun 25 04:45:50 UTC 2019 /home/travis/build/icyphy/ptII/ptolemy/actor/lib/test/auto/matrixType14.xml
----------------- Instantiating /home/travis/build/icyphy/ptII/ptolemy/actor/lib/test/auto/matrixType14.xml
1 ms. Memory: 448512K Free: 254755K (57%)
----------------- Invoking toplevel() on ptolemy.moml.MoMLSimpleApplication@7695105c
----------------- Done invoking toplevel() on ptolemy.moml.MoMLSimpleApplication@7695105c
reloadAllAccessors: .matrixType14

===========================================================================================
----------------- testing Tue Jun 25 04:45:50 UTC 2019 /home/travis/build/icyphy/ptII/ptolemy/actor/lib/test/auto/matrixType2.xml
----------------- Instantiating /home/travis/build/icyphy/ptII/ptolemy/actor/lib/test/auto/matrixType2.xml
2 ms. Memory: 448512K Free: 249635K (56%)
----------------- Invoking toplevel() on ptolemy.moml.MoMLSimpleApplication@4072efa2
----------------- Done invoking toplevel() on ptolemy.moml.MoMLSimpleApplication@4072efa2
reloadAllAccessors: .matrixType2

===========================================================================================
----------------- testing Tue Jun 25 04:45:50 UTC 2019 /home/travis/build/icyphy/ptII/ptolemy/actor/lib/test/auto/matrixType3.xml
----------------- Instantiating /home/travis/build/icyphy/ptII/ptolemy/actor/lib/test/auto/matrixType3.xml
4 ms. Memory: 448512K Free: 244515K (55%)
----------------- Invoking toplevel() on ptolemy.moml.MoMLSimpleApplication@1628df16
----------------- Done invoking toplevel() on ptolemy.moml.MoMLSimpleApplication@1628df16
reloadAllAccessors: .matrixType3

===========================================================================================
----------------- testing Tue Jun 25 04:45:50 UTC 2019 /home/travis/build/icyphy/ptII/ptolemy/actor/lib/test/auto/matrixType4.xml
----------------- Instantiating /home/travis/build/icyphy/ptII/ptolemy/actor/lib/test/auto/matrixType4.xml
2 ms. Memory: 448512K Free: 239909K (53%)
----------------- Invoking toplevel() on ptolemy.moml.MoMLSimpleApplication@1736aedb
----------------- Done invoking toplevel() on ptolemy.moml.MoMLSimpleApplication@1736aedb
reloadAllAccessors: .matrixType4

===========================================================================================
----------------- testing Tue Jun 25 04:45:50 UTC 2019 /home/travis/build/icyphy/ptII/ptolemy/actor/lib/test/auto/matrixType5.xml
----------------- Instantiating /home/travis/build/icyphy/ptII/ptolemy/actor/lib/test/auto/matrixType5.xml
1 ms. Memory: 448512K Free: 234789K (52%)
----------------- Invoking toplevel() on ptolemy.moml.MoMLSimpleApplication@40473d8c
----------------- Done invoking toplevel() on ptolemy.moml.MoMLSimpleApplication@40473d8c
reloadAllAccessors: .matrixType5

===========================================================================================
----------------- testing Tue Jun 25 04:45:50 UTC 2019 /home/travis/build/icyphy/ptII/ptolemy/actor/lib/test/auto/matrixType6.xml
----------------- Instantiating /home/travis/build/icyphy/ptII/ptolemy/actor/lib/test/auto/matrixType6.xml
2 ms. Memory: 448512K Free: 230179K (51%)
----------------- Invoking toplevel() on ptolemy.moml.MoMLSimpleApplication@717e7ed8
----------------- Done invoking toplevel() on ptolemy.moml.MoMLSimpleApplication@717e7ed8
reloadAllAccessors: .matrixType6

===========================================================================================
----------------- testing Tue Jun 25 04:45:50 UTC 2019 /home/travis/build/icyphy/ptII/ptolemy/actor/lib/test/auto/matrixType7.xml
----------------- Instantiating /home/travis/build/icyphy/ptII/ptolemy/actor/lib/test/auto/matrixType7.xml
1 ms. Memory: 448512K Free: 225059K (50%)
----------------- Invoking toplevel() on ptolemy.moml.MoMLSimpleApplication@70943ab3
----------------- Done invoking toplevel() on ptolemy.moml.MoMLSimpleApplication@70943ab3
reloadAllAccessors: .matrixType7

===========================================================================================
----------------- testing Tue Jun 25 04:45:50 UTC 2019 /home/travis/build/icyphy/ptII/ptolemy/actor/lib/test/auto/matrixType8.xml
----------------- Instantiating /home/travis/build/icyphy/ptII/ptolemy/actor/lib/test/auto/matrixType8.xml
1 ms. Memory: 448512K Free: 220453K (49%)
----------------- Invoking toplevel() on ptolemy.moml.MoMLSimpleApplication@5197c8d0
----------------- Done invoking toplevel() on ptolemy.moml.MoMLSimpleApplication@5197c8d0
reloadAllAccessors: .matrixType8

===========================================================================================
----------------- testing Tue Jun 25 04:45:50 UTC 2019 /home/travis/build/icyphy/ptII/ptolemy/actor/lib/test/auto/matrixType9.xml
----------------- Instantiating /home/travis/build/icyphy/ptII/ptolemy/actor/lib/test/auto/matrixType9.xml
1 ms. Memory: 448512K Free: 215333K (48%)
----------------- Invoking toplevel() on ptolemy.moml.MoMLSimpleApplication@1c7aca90
----------------- Done invoking toplevel() on ptolemy.moml.MoMLSimpleApplication@1c7aca90
reloadAllAccessors: .matrixType9

===========================================================================================
----------------- testing Tue Jun 25 04:45:50 UTC 2019 /home/travis/build/icyphy/ptII/ptolemy/actor/lib/test/auto/paraFunctest.xml
----------------- Instantiating /home/travis/build/icyphy/ptII/ptolemy/actor/lib/test/auto/paraFunctest.xml
2 ms. Memory: 448512K Free: 211747K (47%)
----------------- Invoking toplevel() on ptolemy.moml.MoMLSimpleApplication@38774924
----------------- Done invoking toplevel() on ptolemy.moml.MoMLSimpleApplication@38774924
reloadAllAccessors: .paraFunctest

===========================================================================================
----------------- testing Tue Jun 25 04:45:50 UTC 2019 /home/travis/build/icyphy/ptII/ptolemy/actor/lib/test/auto/paraFunctest2.xml
----------------- Instantiating /home/travis/build/icyphy/ptII/ptolemy/actor/lib/test/auto/paraFunctest2.xml
4 ms. Memory: 448512K Free: 207621K (46%)
----------------- Invoking toplevel() on ptolemy.moml.MoMLSimpleApplication@51cd9a50
----------------- Done invoking toplevel() on ptolemy.moml.MoMLSimpleApplication@51cd9a50
reloadAllAccessors: .paraFunctest2

===========================================================================================
----------------- testing Tue Jun 25 04:45:50 UTC 2019 /home/travis/build/icyphy/ptII/ptolemy/actor/lib/test/auto/parameterPassing.xml
----------------- Instantiating /home/travis/build/icyphy/ptII/ptolemy/actor/lib/test/auto/parameterPassing.xml
1 ms. Memory: 448512K Free: 203555K (45%)
----------------- Invoking toplevel() on ptolemy.moml.MoMLSimpleApplication@698c66f5
----------------- Done invoking toplevel() on ptolemy.moml.MoMLSimpleApplication@698c66f5
reloadAllAccessors: .parameterPassing

===========================================================================================
----------------- testing Tue Jun 25 04:45:50 UTC 2019 /home/travis/build/icyphy/ptII/ptolemy/actor/lib/test/auto/record.xml
----------------- Instantiating /home/travis/build/icyphy/ptII/ptolemy/actor/lib/test/auto/record.xml
2 ms. Memory: 448512K Free: 198435K (44%)
----------------- Invoking toplevel() on ptolemy.moml.MoMLSimpleApplication@3d3d266b
----------------- Done invoking toplevel() on ptolemy.moml.MoMLSimpleApplication@3d3d266b
reloadAllAccessors: .record

===========================================================================================
----------------- testing Tue Jun 25 04:45:50 UTC 2019 /home/travis/build/icyphy/ptII/ptolemy/actor/lib/test/auto/sizedarray1.xml
----------------- Instantiating /home/travis/build/icyphy/ptII/ptolemy/actor/lib/test/auto/sizedarray1.xml
2 ms. Memory: 448512K Free: 192805K (43%)
----------------- Invoking toplevel() on ptolemy.moml.MoMLSimpleApplication@2d1e764c
----------------- Done invoking toplevel() on ptolemy.moml.MoMLSimpleApplication@2d1e764c
reloadAllAccessors: .sizedarray1

===========================================================================================
----------------- testing Tue Jun 25 04:45:50 UTC 2019 /home/travis/build/icyphy/ptII/ptolemy/actor/lib/test/auto/sizedarray2.xml
----------------- Instantiating /home/travis/build/icyphy/ptII/ptolemy/actor/lib/test/auto/sizedarray2.xml
2 ms. Memory: 448512K Free: 187685K (42%)
----------------- Invoking toplevel() on ptolemy.moml.MoMLSimpleApplication@5247798a
----------------- Done invoking toplevel() on ptolemy.moml.MoMLSimpleApplication@5247798a
reloadAllAccessors: .sizedarray2

===========================================================================================
----------------- testing Tue Jun 25 04:45:50 UTC 2019 /home/travis/build/icyphy/ptII/ptolemy/actor/lib/test/auto/twoPublishers.xml
----------------- Instantiating /home/travis/build/icyphy/ptII/ptolemy/actor/lib/test/auto/twoPublishers.xml
6 ms. Memory: 448512K Free: 176421K (39%)
----------------- Invoking toplevel() on ptolemy.moml.MoMLSimpleApplication@724562eb
----------------- Done invoking toplevel() on ptolemy.moml.MoMLSimpleApplication@724562eb
reloadAllAccessors: .twoPublishers
AutoTests.java: About to close Vertx.
AutoTests.java: Vertx closed.
]]></system-out>
  <system-err><![CDATA[java.lang.RuntimeException: Execution failed
	at ptolemy.moml.MoMLSimpleApplication$UnloadThread.run(MoMLSimpleApplication.java:402)
Caused by: java.lang.RuntimeException: StringUtilities.exit() was called. Normally, we would exit here because Manager.exitAfterWrapup() was called.  However, because the ptolemy.ptII.exitAfterWrapup property is set, we throw this exception instead.
	at ptolemy.util.StringUtilities.exit(StringUtilities.java:363)
	at ptolemy.actor.Manager.wrapup(Manager.java:1531)
	at ptolemy.actor.Manager.execute(Manager.java:407)
	at ptolemy.actor.Manager.run(Manager.java:1263)
	at ptolemy.actor.Manager$PtolemyRunThread.run(Manager.java:1915)
Warning: '.top.test' is in training mode, set the trainingMode parameter to false before checking in
Warning: '.top.test' is in training mode, set the trainingMode parameter to false before checking in
Warning: '.top.test' is in training mode, set the trainingMode parameter to false before checking in
Warning: '.BooleanSwitch_RegressionTest_WrongTrainingValues.Test' is in training mode, set the trainingMode parameter to false before checking in
Warning: '.BooleanSwitch_RegressionTest_WrongTrainingValues.Test2' is in training mode, set the trainingMode parameter to false before checking in
Warning: '.BooleanSwitch_RegressionTest_WrongTrainingValues.Test2' The test produced 0 tokens.
Warning: '.top.testExceptionHandler' is in training mode, set the trainingMode parameter to false before checking in
java.lang.RuntimeException: Execution failed
	at ptolemy.moml.MoMLSimpleApplication$UnloadThread.run(MoMLSimpleApplication.java:402)
Caused by: ptolemy.kernel.util.IllegalActionException: PublisherPorts cannot be used at the top level, use a Publisher actor instead.
  in .PublisherPortToplevelSubscriber.PublisherPort
	at ptolemy.actor.PublisherPort.preinitialize(PublisherPort.java:403)
	at ptolemy.actor.CompositeActor.preinitialize(CompositeActor.java:1769)
	at ptolemy.actor.Manager.preinitializeAndResolveTypes(Manager.java:1040)
	at ptolemy.actor.Manager.initialize(Manager.java:710)
	at ptolemy.actor.Manager.execute(Manager.java:356)
	at ptolemy.actor.Manager.run(Manager.java:1263)
	at ptolemy.actor.Manager$PtolemyRunThread.run(Manager.java:1915)
java.lang.reflect.InvocationTargetException
	at java.base/jdk.internal.reflect.NativeConstructorAccessorImpl.newInstance0(Native Method)
	at java.base/jdk.internal.reflect.NativeConstructorAccessorImpl.newInstance(NativeConstructorAccessorImpl.java:62)
	at java.base/jdk.internal.reflect.DelegatingConstructorAccessorImpl.newInstance(DelegatingConstructorAccessorImpl.java:45)
	at java.base/java.lang.reflect.Constructor.newInstance(Constructor.java:490)
	at ptolemy.util.test.junit.AutoKnownFailedTests.RunModel(AutoKnownFailedTests.java:105)
	at java.base/jdk.internal.reflect.NativeMethodAccessorImpl.invoke0(Native Method)
	at java.base/jdk.internal.reflect.NativeMethodAccessorImpl.invoke(NativeMethodAccessorImpl.java:62)
	at java.base/jdk.internal.reflect.DelegatingMethodAccessorImpl.invoke(DelegatingMethodAccessorImpl.java:43)
	at java.base/java.lang.reflect.Method.invoke(Method.java:566)
	at org.junit.runners.model.FrameworkMethod$1.runReflectiveCall(FrameworkMethod.java:44)
	at org.junit.internal.runners.model.ReflectiveCallable.run(ReflectiveCallable.java:15)
	at org.junit.runners.model.FrameworkMethod.invokeExplosively(FrameworkMethod.java:41)
	at junitparams.internal.InvokeParameterisedMethod.evaluate(InvokeParameterisedMethod.java:102)
	at org.junit.internal.runners.statements.FailOnTimeout$1.run(FailOnTimeout.java:28)
Caused by: ptolemy.kernel.util.IllegalActionException: PublisherPorts cannot be used at the top level, use a Publisher actor instead.
  in .PublisherPortToplevelSubscriber.PublisherPort
	at ptolemy.actor.PublisherPort.preinitialize(PublisherPort.java:403)
	at ptolemy.actor.CompositeActor.preinitialize(CompositeActor.java:1769)
	at ptolemy.actor.Manager.preinitializeAndResolveTypes(Manager.java:1040)
	at ptolemy.actor.Manager.initialize(Manager.java:710)
	at ptolemy.actor.Manager.execute(Manager.java:356)
	at ptolemy.actor.Manager.run(Manager.java:1263)
	at ptolemy.actor.Manager$PtolemyRunThread.run(Manager.java:1915)
java.lang.RuntimeException: Execution failed
	at ptolemy.moml.MoMLSimpleApplication$UnloadThread.run(MoMLSimpleApplication.java:402)
Caused by: ptolemy.kernel.util.IllegalActionException: SubscriberPorts cannot be used at the top level, use a Subscriber actor instead.
  in .PublisherSubscriberPortToplevel.SubscriberPort
	at ptolemy.actor.SubscriberPort.preinitialize(SubscriberPort.java:328)
	at ptolemy.actor.CompositeActor.preinitialize(CompositeActor.java:1769)
	at ptolemy.actor.Manager.preinitializeAndResolveTypes(Manager.java:1040)
	at ptolemy.actor.Manager.initialize(Manager.java:710)
	at ptolemy.actor.Manager.execute(Manager.java:356)
	at ptolemy.actor.Manager.run(Manager.java:1263)
	at ptolemy.actor.Manager$PtolemyRunThread.run(Manager.java:1915)
java.lang.reflect.InvocationTargetException
	at java.base/jdk.internal.reflect.NativeConstructorAccessorImpl.newInstance0(Native Method)
	at java.base/jdk.internal.reflect.NativeConstructorAccessorImpl.newInstance(NativeConstructorAccessorImpl.java:62)
	at java.base/jdk.internal.reflect.DelegatingConstructorAccessorImpl.newInstance(DelegatingConstructorAccessorImpl.java:45)
	at java.base/java.lang.reflect.Constructor.newInstance(Constructor.java:490)
	at ptolemy.util.test.junit.AutoKnownFailedTests.RunModel(AutoKnownFailedTests.java:105)
	at java.base/jdk.internal.reflect.NativeMethodAccessorImpl.invoke0(Native Method)
	at java.base/jdk.internal.reflect.NativeMethodAccessorImpl.invoke(NativeMethodAccessorImpl.java:62)
	at java.base/jdk.internal.reflect.DelegatingMethodAccessorImpl.invoke(DelegatingMethodAccessorImpl.java:43)
	at java.base/java.lang.reflect.Method.invoke(Method.java:566)
	at org.junit.runners.model.FrameworkMethod$1.runReflectiveCall(FrameworkMethod.java:44)
	at org.junit.internal.runners.model.ReflectiveCallable.run(ReflectiveCallable.java:15)
	at org.junit.runners.model.FrameworkMethod.invokeExplosively(FrameworkMethod.java:41)
	at junitparams.internal.InvokeParameterisedMethod.evaluate(InvokeParameterisedMethod.java:102)
	at org.junit.internal.runners.statements.FailOnTimeout$1.run(FailOnTimeout.java:28)
Caused by: ptolemy.kernel.util.IllegalActionException: SubscriberPorts cannot be used at the top level, use a Subscriber actor instead.
  in .PublisherSubscriberPortToplevel.SubscriberPort
	at ptolemy.actor.SubscriberPort.preinitialize(SubscriberPort.java:328)
	at ptolemy.actor.CompositeActor.preinitialize(CompositeActor.java:1769)
	at ptolemy.actor.Manager.preinitializeAndResolveTypes(Manager.java:1040)
	at ptolemy.actor.Manager.initialize(Manager.java:710)
	at ptolemy.actor.Manager.execute(Manager.java:356)
	at ptolemy.actor.Manager.run(Manager.java:1263)
	at ptolemy.actor.Manager$PtolemyRunThread.run(Manager.java:1915)
java.lang.RuntimeException: Execution failed
	at ptolemy.moml.MoMLSimpleApplication$UnloadThread.run(MoMLSimpleApplication.java:402)
Caused by: ptolemy.kernel.util.IllegalActionException: SubscriptionAggregatorPorts cannot be used at the top level, use a SubscriptionAggregator actor instead.
  in .PublisherSubscriptionAggregatorPort.SubscriptionAggregatorPort
	at ptolemy.actor.SubscriptionAggregatorPort.preinitialize(SubscriptionAggregatorPort.java:353)
	at ptolemy.actor.CompositeActor.preinitialize(CompositeActor.java:1769)
	at ptolemy.actor.Manager.preinitializeAndResolveTypes(Manager.java:1040)
	at ptolemy.actor.Manager.initialize(Manager.java:710)
	at ptolemy.actor.Manager.execute(Manager.java:356)
	at ptolemy.actor.Manager.run(Manager.java:1263)
	at ptolemy.actor.Manager$PtolemyRunThread.run(Manager.java:1915)
java.lang.reflect.InvocationTargetException
	at java.base/jdk.internal.reflect.NativeConstructorAccessorImpl.newInstance0(Native Method)
	at java.base/jdk.internal.reflect.NativeConstructorAccessorImpl.newInstance(NativeConstructorAccessorImpl.java:62)
	at java.base/jdk.internal.reflect.DelegatingConstructorAccessorImpl.newInstance(DelegatingConstructorAccessorImpl.java:45)
	at java.base/java.lang.reflect.Constructor.newInstance(Constructor.java:490)
	at ptolemy.util.test.junit.AutoKnownFailedTests.RunModel(AutoKnownFailedTests.java:105)
	at java.base/jdk.internal.reflect.NativeMethodAccessorImpl.invoke0(Native Method)
	at java.base/jdk.internal.reflect.NativeMethodAccessorImpl.invoke(NativeMethodAccessorImpl.java:62)
	at java.base/jdk.internal.reflect.DelegatingMethodAccessorImpl.invoke(DelegatingMethodAccessorImpl.java:43)
	at java.base/java.lang.reflect.Method.invoke(Method.java:566)
	at org.junit.runners.model.FrameworkMethod$1.runReflectiveCall(FrameworkMethod.java:44)
	at org.junit.internal.runners.model.ReflectiveCallable.run(ReflectiveCallable.java:15)
	at org.junit.runners.model.FrameworkMethod.invokeExplosively(FrameworkMethod.java:41)
	at junitparams.internal.InvokeParameterisedMethod.evaluate(InvokeParameterisedMethod.java:102)
	at org.junit.internal.runners.statements.FailOnTimeout$1.run(FailOnTimeout.java:28)
Caused by: ptolemy.kernel.util.IllegalActionException: SubscriptionAggregatorPorts cannot be used at the top level, use a SubscriptionAggregator actor instead.
  in .PublisherSubscriptionAggregatorPort.SubscriptionAggregatorPort
	at ptolemy.actor.SubscriptionAggregatorPort.preinitialize(SubscriptionAggregatorPort.java:353)
	at ptolemy.actor.CompositeActor.preinitialize(CompositeActor.java:1769)
	at ptolemy.actor.Manager.preinitializeAndResolveTypes(Manager.java:1040)
	at ptolemy.actor.Manager.initialize(Manager.java:710)
	at ptolemy.actor.Manager.execute(Manager.java:356)
	at ptolemy.actor.Manager.run(Manager.java:1263)
	at ptolemy.actor.Manager$PtolemyRunThread.run(Manager.java:1915)
java.lang.RuntimeException: Execution failed
	at ptolemy.moml.MoMLSimpleApplication$UnloadThread.run(MoMLSimpleApplication.java:402)
Caused by: ptolemy.kernel.util.IllegalActionException: TypeTest actor has no training data.
  in .sizedarray3.TypeTest
	at ptolemy.actor.lib.TypeTest.initialize(TypeTest.java:250)
	at ptolemy.actor.Director.initialize(Director.java:938)
	at ptolemy.actor.Director.initialize(Director.java:907)
	at ptolemy.actor.sched.StaticSchedulingDirector.initialize(StaticSchedulingDirector.java:159)
	at ptolemy.domains.sdf.kernel.SDFDirector.initialize(SDFDirector.java:544)
	at ptolemy.actor.CompositeActor.initialize(CompositeActor.java:935)
	at ptolemy.actor.Manager.initialize(Manager.java:724)
	at ptolemy.actor.Manager.execute(Manager.java:356)
	at ptolemy.actor.Manager.run(Manager.java:1263)
	at ptolemy.actor.Manager$PtolemyRunThread.run(Manager.java:1915)
java.lang.reflect.InvocationTargetException
	at java.base/jdk.internal.reflect.NativeConstructorAccessorImpl.newInstance0(Native Method)
	at java.base/jdk.internal.reflect.NativeConstructorAccessorImpl.newInstance(NativeConstructorAccessorImpl.java:62)
	at java.base/jdk.internal.reflect.DelegatingConstructorAccessorImpl.newInstance(DelegatingConstructorAccessorImpl.java:45)
	at java.base/java.lang.reflect.Constructor.newInstance(Constructor.java:490)
	at ptolemy.util.test.junit.AutoKnownFailedTests.RunModel(AutoKnownFailedTests.java:105)
	at java.base/jdk.internal.reflect.NativeMethodAccessorImpl.invoke0(Native Method)
	at java.base/jdk.internal.reflect.NativeMethodAccessorImpl.invoke(NativeMethodAccessorImpl.java:62)
	at java.base/jdk.internal.reflect.DelegatingMethodAccessorImpl.invoke(DelegatingMethodAccessorImpl.java:43)
	at java.base/java.lang.reflect.Method.invoke(Method.java:566)
	at org.junit.runners.model.FrameworkMethod$1.runReflectiveCall(FrameworkMethod.java:44)
	at org.junit.internal.runners.model.ReflectiveCallable.run(ReflectiveCallable.java:15)
	at org.junit.runners.model.FrameworkMethod.invokeExplosively(FrameworkMethod.java:41)
	at junitparams.internal.InvokeParameterisedMethod.evaluate(InvokeParameterisedMethod.java:102)
	at org.junit.internal.runners.statements.FailOnTimeout$1.run(FailOnTimeout.java:28)
Caused by: ptolemy.kernel.util.IllegalActionException: TypeTest actor has no training data.
  in .sizedarray3.TypeTest
	at ptolemy.actor.lib.TypeTest.initialize(TypeTest.java:250)
	at ptolemy.actor.Director.initialize(Director.java:938)
	at ptolemy.actor.Director.initialize(Director.java:907)
	at ptolemy.actor.sched.StaticSchedulingDirector.initialize(StaticSchedulingDirector.java:159)
	at ptolemy.domains.sdf.kernel.SDFDirector.initialize(SDFDirector.java:544)
	at ptolemy.actor.CompositeActor.initialize(CompositeActor.java:935)
	at ptolemy.actor.Manager.initialize(Manager.java:724)
	at ptolemy.actor.Manager.execute(Manager.java:356)
	at ptolemy.actor.Manager.run(Manager.java:1263)
	at ptolemy.actor.Manager$PtolemyRunThread.run(Manager.java:1915)
ptolemy.kernel.util.InternalErrorException: Exec Stdout Gobbler-6: Failed while reading from java.lang.ProcessImpl$ProcessPipeInputStream@99ec1c5. To avoid this, try setting the ignoreIOExceptionReadErrors parameter to true.null
  in .ExecEnvironment.Exec
Because:
Stream closed
	at ptolemy.actor.lib.Exec$_StreamReaderThread._read(Exec.java:762)
	at ptolemy.actor.lib.Exec$_StreamReaderThread.run(Exec.java:706)
Caused by: java.io.IOException: Stream closed
	at java.base/sun.nio.cs.StreamDecoder.ensureOpen(StreamDecoder.java:46)
	at java.base/sun.nio.cs.StreamDecoder.read(StreamDecoder.java:148)
	at java.base/java.io.InputStreamReader.read(InputStreamReader.java:185)
	at ptolemy.actor.lib.Exec$_StreamReaderThread._read(Exec.java:724)
	... 1 more
Caused by: java.io.IOException: Stream closed
	at java.base/sun.nio.cs.StreamDecoder.ensureOpen(StreamDecoder.java:46)
	at java.base/sun.nio.cs.StreamDecoder.read(StreamDecoder.java:148)
	at java.base/java.io.InputStreamReader.read(InputStreamReader.java:185)
	at ptolemy.actor.lib.Exec$_StreamReaderThread._read(Exec.java:724)
	at ptolemy.actor.lib.Exec$_StreamReaderThread.run(Exec.java:706)
java.lang.RuntimeException: Execution failed
	at ptolemy.moml.MoMLSimpleApplication$UnloadThread.run(MoMLSimpleApplication.java:402)
Caused by: ptolemy.kernel.util.IllegalActionException: Test fails in iteration 0.
Value was: "WARNING: An illegal reflective access operation has occurred\nWARNING: Illegal reflective access by io.netty.util.internal.ReflectionUtil (file:/home/travis/build/icyphy/ptII/lib/netty-common-4.1.19.Final.jar) to constructor java.nio.DirectByteBuffer(long,int)\nWARNING: Please consider reporting this to the maintainers of io.netty.util.internal.ReflectionUtil\nWARNING: Use --illegal-access=warn to enable warnings of further illegal reflective access operations\nWARNING: All illegal access operations will be denied in a future release\n". Should have been: ""
  in .ExecRunDemos.Test
	at ptolemy.actor.lib.Test.fire(Test.java:268)
	at ptolemy.actor.AtomicActor.iterate(AtomicActor.java:512)
	at ptolemy.actor.sched.StaticSchedulingDirector.fire(StaticSchedulingDirector.java:216)
	at ptolemy.domains.sdf.kernel.SDFDirector.fire(SDFDirector.java:500)
	at ptolemy.actor.CompositeActor.fire(CompositeActor.java:455)
	at ptolemy.actor.Manager.iterate(Manager.java:851)
	at ptolemy.actor.Manager.execute(Manager.java:369)
	at ptolemy.actor.Manager.run(Manager.java:1263)
	at ptolemy.actor.Manager$PtolemyRunThread.run(Manager.java:1915)
]]></system-err>
</testsuite>
