<?xml version="1.0" encoding="UTF-8" ?>
<testsuite errors="1" failures="1" hostname="travis-job-b279b985-e6ed-4faa-9597-500456905668" name="ptolemy.actor.lib.test.junit.JUnitTclTest" skipped="0" tests="517" time="63.016" timestamp="2019-07-03T04:48:38">
  <properties>
    <property name="npm.executable" value="npm" />
    <property name="env.TRAVIS_ROOT" value="/" />
    <property name="ptII.mk.exists" value="true" />
    <property name="env.TRAVIS_APP_HOST" value="build.travis-ci.org" />
    <property name="env.rvm_bin_path" value="/home/travis/.rvm/bin" />
    <property name="java.home" value="/usr/local/lib/jvm/openjdk11" />
    <property name="env.TRAVIS_JOB_NUMBER" value="1192.8" />
    <property name="env.TRAVIS_HOME" value="/home/travis" />
    <property name="env.DISPLAY" value=":99.0" />
    <property name="env.TRAVIS_INIT" value="systemd" />
    <property name="env.SSH_TTY" value="/dev/pts/0" />
    <property name="java.net.preferIPv4Stack" value="true" />
    <property name="env.RUN_TESTS" value="true" />
    <property name="timeout.short" value="1000000" />
    <property name="junit.formatter" value="xml" />
    <property name="env.TRAVIS_SUDO" value="true" />
    <property name="env.TRAVIS_JOB_NAME" value="" />
    <property name="env.TRAVIS_STACK_NODE_ATTRIBUTES" value="/.node-attributes.yml" />
    <property name="env.LOGNAME" value="travis" />
    <property name="env.PT_TRAVIS_TEST_CORE1_XML" value="true" />
    <property name="jsdoc.home" value="node_modules/@terraswarm/jsdoc" />
    <property name="debuglevel" value="source,lines,vars" />
    <property name="checkstyle.formatter" value="xml" />
    <property name="env._system_version" value="16.04" />
    <property name="bin.vergil.makeable" value="true" />
    <property name="sun.os.patch.level" value="unknown" />
    <property name="java.vendor.url" value="http://java.oracle.com/" />
    <property name="env.TRAVIS_BUILD_WEB_URL" value="https://travis-ci.org/icyphy/ptII/builds/553574830" />
    <property name="java.version" value="11.0.2" />
    <property name="env.TZ" value="UTC" />
    <property name="env.TRAVIS_PULL_REQUEST_SHA" value="" />
    <property name="env.PT_NO_NET" value="true" />
    <property name="env.TRAVIS_SECURE_ENV_VARS" value="true" />
    <property name="env._system_type" value="Linux" />
    <property name="java.vendor.url.bug" value="http://bugreport.java.com/bugreport/" />
    <property name="npmjs-org-is-up" value="true" />
    <property name="env.LANGUAGE" value="en_US.UTF-8" />
    <property name="env.SSH_CLIENT" value="10.10.16.78 52094 22" />
    <property name="env.GEM_HOME" value="/home/travis/.rvm/gems/ruby-2.5.3" />
    <property name="env.HAS_ANTARES_THREE_LITTLE_FRONZIES_BADGE" value="true" />
    <property name="java.version.date" value="2019-01-15" />
    <property name="env.PS4" value="+" />
    <property name="ant.project.invoked-targets" value="build,test.core1.xml" />
    <property name="env.TRAVIS_PULL_REQUEST_BRANCH" value="" />
    <property name="env.TRAVIS_REPO_SLUG" value="icyphy/ptII" />
    <property name="env.XDG_DATA_DIRS" value="/usr/local/share:/usr/share:/var/lib/snapd/desktop" />
    <property name="jdk.debug" value="release" />
    <property name="env.TRAVIS_APT_PROXY" value="http://apt.cache.travis-ci.com" />
    <property name="node.in.path" value="true" />
    <property name="user.name" value="travis" />
    <property name="java.maxmemory" value="1400m" />
    <property name="env.RUBY_VERSION" value="ruby-2.5.3" />
    <property name="env.LANG" value="en_US.UTF-8" />
    <property name="sun.io.unicode.encoding" value="UnicodeLittle" />
    <property name="sun.jnu.encoding" value="UTF-8" />
    <property name="java.runtime.name" value="OpenJDK Runtime Environment" />
    <property name="usefile" value="false" />
    <property name="return.code" value="0" />
    <property name="junit.single.formatter" value="plain" />
    <property name="env.DYLD_LIBRARY_PATH" value="/home/travis/pthla/certi-tools/lib:" />
    <property name="env.DEBIAN_FRONTEND" value="noninteractive" />
    <property name="env.SSH_CONNECTION" value="10.10.16.78 52094 10.20.1.40 22" />
    <property name="env.MYSQL_UNIX_PORT" value="/var/run/mysqld/mysqld.sock" />
    <property name="env.LC_ALL" value="en_US.UTF-8" />
    <property name="env.TRAVIS_ALLOW_FAILURE" value="false" />
    <property name="env.TRAVIS_JOB_WEB_URL" value="https://travis-ci.org/icyphy/ptII/jobs/553574838" />
    <property name="java.specification.name" value="Java Platform API Specification" />
    <property name="node.works" value="true" />
    <property name="user.timezone" value="" />
    <property name="path.separator" value=":" />
    <property name="env.TRAVIS_ENABLE_INFRA_DETECTION" value="true" />
    <property name="env.PYTHON_CFLAGS" value="-g -fstack-protector --param=ssp-buffer-size=4 -Wformat -Werror=format-security" />
    <property name="timeout.long" value="4000000" />
    <property name="env.CERTI_HOME" value="/home/travis/pthla/certi-tools" />
    <property name="ant.file.ptII" value="/home/travis/build/icyphy/ptII/build.xml" />
    <property name="javadoc.packagenames" value="com.*,diva.*,lbnl.*,org.hlacerti.*,org.json.*,org.ptolemy.*,org.terraswarm.*,ptolemy.*,ptserver.*" />
    <property name="file.encoding" value="UTF-8" />
    <property name="env.TRAVIS_PULL_REQUEST_SLUG" value="" />
    <property name="ant.project.default-target" value="build" />
    <property name="env.GIT_ASKPASS" value="echo" />
    <property name="env.HOME" value="/home/travis" />
    <property name="sun.java.command" value="org.apache.tools.ant.taskdefs.optional.junit.JUnitTestRunner ptolemy.actor.lib.test.junit.JUnitTclTest skipNonTests=false filtertrace=true haltOnError=false haltOnFailure=false formatter=org.apache.tools.ant.taskdefs.optional.junit.OutErrSummaryJUnitResultFormatter showoutput=true outputtoformatters=true logfailedtests=true threadid=0 logtestlistenerevents=false formatter=org.apache.tools.ant.taskdefs.optional.junit.XMLJUnitResultFormatter,/home/travis/build/icyphy/ptII/reports/junit/TEST-ptolemy.actor.lib.test.junit.JUnitTclTest.xml crashfile=/home/travis/build/icyphy/ptII/junitvmwatcher575285194680105106.properties propsfile=/home/travis/build/icyphy/ptII/junit11918068829672899458.properties" />
    <property name="env.COMPOSER_NO_INTERACTION" value="1" />
    <property name="env.MANPATH" value="/home/travis/.nvm/versions/node/v7.10.1/share/man:/home/travis/.rvm/rubies/ruby-2.5.3/share/man:/usr/local/cmake-3.12.4/man:/usr/local/clang-7.0.0/share/man:/usr/local/man:/usr/local/share/man:/usr/share/man:/home/travis/.rvm/man" />
    <property name="env.TRAVIS_TIMER_ID" value="1a22f618" />
    <property name="ant.file" value="/home/travis/build/icyphy/ptII/build.xml" />
    <property name="env.TRAVIS_COMMIT_RANGE" value="b6de4a29689c219dd7cbcef974805eca11f91674...bbbff3adea58fb0643306c381462affccc328551" />
    <property name="env._system_name" value="Ubuntu" />
    <property name="ptII.classpath.optional.property" value="/home/travis/build/icyphy/ptII/lib/bsh-2.0b4.jar:/home/travis/build/icyphy/ptII/lib/ptCal.jar:/home/travis/build/icyphy/ptII/lib/java_cup.jar:/home/travis/build/icyphy/ptII/lib/saxon8.jar:/home/travis/build/icyphy/ptII/lib/saxon8-dom.jar:/home/travis/build/icyphy/ptII/lib/chic.jar:/home/travis/build/icyphy/ptII/lib/ptcolt.jar:/home/travis/build/icyphy/ptII/vendors/misc/itext/iText.jar:/home/travis/build/icyphy/ptII/lib/g4ltl.jar:/home/travis/build/icyphy/ptII/lib/StructuralCoder.jar:/home/travis/build/icyphy/ptII/vendors/jai-1_1_2_01/lib/jai_core.jar:/home/travis/build/icyphy/ptII/vendors/jai-1_1_2_01/lib/jai_codec.jar:/home/travis/build/icyphy/ptII/lib/jcerti.jar:/home/travis/build/icyphy/ptII/lib/javax.mail.jar:/home/travis/build/icyphy/ptII/vendors/JMF-2.1.1e/lib/jmf.jar:/home/travis/build/icyphy/ptII/lib/jna-4.0.0-variadic.jar:/home/travis/build/icyphy/ptII/vendors/misc/joystick/Joystick.jar:/home/travis/build/icyphy/ptII/lib/ptjacl.jar:/home/travis/build/icyphy/ptII/lib/jsoup-1.8.2.jar:/home/travis/build/icyphy/ptII/lib/junit-4.8.2.jar:/home/travis/build/icyphy/ptII/lib/JUnitParams-0.4.0.jar:/home/travis/build/icyphy/ptII/ptolemy/actor/lib/excel/jxl.jar:/home/travis/build/icyphy/ptII/lib/jython.jar:/home/travis/build/icyphy/ptII/lib/kieler.jar:/home/travis/build/icyphy/ptII/vendors/opencv/share/OpenCV/java/opencv-341.jar:/home/travis/build/icyphy/ptII/lib/oscP5.jar:/home/travis/build/icyphy/ptII/lib/nrjavaserial-3.11.0.devel.jar:/home/travis/build/icyphy/ptII/vendors/j3d/lib/j3dcore.jar:/home/travis/build/icyphy/ptII/vendors/j3d/lib/j3dutils.jar:/home/travis/build/icyphy/ptII/vendors/j3d/lib/vecmath.jar:/home/travis/build/icyphy/ptII/ptolemy/distributed/jini/jar/jini-core.jar:/home/travis/build/icyphy/ptII/ptolemy/distributed/jini/jar/jini-ext.jar:/home/travis/build/icyphy/ptII/ptolemy/distributed/jini/jar/sun-util.jar:/home/travis/build/icyphy/ptII/lib/protobuf-java-2.4.1.jar:/home/travis/build/icyphy/ptII/lib/org.eclipse.paho.client.mqttv3.jar:/home/travis/build/icyphy/ptII/lib/mapss.jar:/home/travis/build/icyphy/ptII/ptolemy/actor/ptalon/antlr/antlr.jar:/home/travis/build/icyphy/ptII/lib/JRI.jar:/home/travis/build/icyphy/ptII/lib/commons-lang-2.6.jar:/home/travis/build/icyphy/ptII/lib/commons-logging-1.1.1.jar:/home/travis/build/icyphy/ptII/lib/sootclasses.jar:/home/travis/build/icyphy/ptII/ptolemy/actor/lib/database/mysql-connector-java-5.1.6-bin.jar:/home/travis/build/icyphy/ptII/vendors/misc/sphinx4/sphinx4-data-5prealpha.jar:/home/travis/build/icyphy/ptII/vendors/misc/sphinx4/sphinx4-core-5prealpha.jar:/home/travis/build/icyphy/ptII/lib/PDFRenderer.jar:/home/travis/build/icyphy/ptII/lib/svgSalamander.jar:/home/travis/build/icyphy/ptII/lib/rsyntaxtextarea-2.6.0-SNAPSHOT.jar:/home/travis/build/icyphy/ptII/lib/hazelcast-3.8.2.jar:/home/travis/build/icyphy/ptII/lib/jackson-annotations-2.9.0.jar:/home/travis/build/icyphy/ptII/lib/jackson-core-2.9.3.jar:/home/travis/build/icyphy/ptII/lib/jackson-databind-2.9.3.jar:/home/travis/build/icyphy/ptII/lib/netty-buffer-4.1.19.Final.jar:/home/travis/build/icyphy/ptII/lib/netty-codec-4.1.19.Final.jar:/home/travis/build/icyphy/ptII/lib/netty-codec-dns-4.1.19.Final.jar:/home/travis/build/icyphy/ptII/lib/netty-codec-http-4.1.19.Final.jar:/home/travis/build/icyphy/ptII/lib/netty-codec-http2-4.1.19.Final.jar:/home/travis/build/icyphy/ptII/lib/netty-common-4.1.19.Final.jar:/home/travis/build/icyphy/ptII/lib/netty-handler-4.1.19.Final.jar:/home/travis/build/icyphy/ptII/lib/netty-resolver-4.1.19.Final.jar:/home/travis/build/icyphy/ptII/lib/netty-resolver-dns-4.1.19.Final.jar:/home/travis/build/icyphy/ptII/lib/netty-transport-4.1.19.Final.jar:/home/travis/build/icyphy/ptII/lib/vertx-codegen-3.5.1.jar:/home/travis/build/icyphy/ptII/lib/vertx-core-3.5.2-SNAPSHOT.jar:/home/travis/build/icyphy/ptII/lib/vertx-hazelcast-3.5.1.jar:/home/travis/build/icyphy/ptII/lib/vertx-lang-js-3.5.1.jar:/home/travis/build/icyphy/ptII/lib/vertx-service-proxy-3.5.1.jar:/home/travis/build/icyphy/ptII/lib/vertx-web-3.5.1.jar:/home/travis/build/icyphy/ptII/lib/slf4j-api-1.7.13.jar:/home/travis/build/icyphy/ptII/lib/slf4j-simple-1.7.13.jar:/home/travis/build/icyphy/ptII/lib/webcam-capture-0.3.12.jar:/home/travis/build/icyphy/ptII/lib/bridj-0.7.0.jar:/home/travis/build/icyphy/ptII/lib/xbjlib-1.1.0.nrjavaserial.jar" />
    <property name="timeout" value="2400000" />
    <property name="test.batch" value="**/junit/*.java" />
    <property name="env._" value="/usr/bin/timeout" />
    <property name="java.io.tmpdir" value="/tmp" />
    <property name="user.language" value="en" />
    <property name="env.TRAVIS_INTERNAL_RUBY_REGEX" value="^ruby-(2\.[0-4]\.[0-9]|1\.9\.3)" />
    <property name="env.HISTCONTROL" value="ignoredups:ignorespace" />
    <property name="env.GOROOT" value="/home/travis/.gimme/versions/go1.11.1.linux.amd64" />
    <property name="line.separator" value="&#xa;" />
    <property name="target" value="11" />
    <property name="env.TRAVIS_BUILD_DIR" value="/home/travis/build/icyphy/ptII" />
    <property name="env.ANT_OPTS" value="-Xmx2048m" />
    <property name="ant.file.type" value="file" />
    <property name="ptolemy.ptII.batchMode" value="true" />
    <property name="env.HISTSIZE" value="1000" />
    <property name="env.MERB_ENV" value="test" />
    <property name="java.vm.info" value="mixed mode" />
    <property name="source" value="11" />
    <property name="java.vm.specification.name" value="Java Virtual Machine Specification" />
    <property name="env.TRAVIS_TEST_RESULT" value="0" />
    <property name="jsdoc.command" value="node_modules/@terraswarm/jsdoc/jsdoc.js" />
    <property name="npm.works" value="true" />
    <property name="cobertura.dir" value="/home/travis/build/icyphy/ptII/vendors/cobertura-2.0.3" />
    <property name="env.rvm_path" value="/home/travis/.rvm" />
    <property name="env.GEM_PATH" value="/home/travis/.rvm/gems/ruby-2.5.3:/home/travis/.rvm/gems/ruby-2.5.3@global" />
    <property name="env.LC_CTYPE" value="en_US.UTF-8" />
    <property name="env.TRAVIS_CMD" value="$PTII/bin/ptIITravisBuild.sh $SECONDS" />
    <property name="java.awt.printerjob" value="sun.print.PSPrinterJob" />
    <property name="env.TRAVIS_STACK_NAME" value="sardonyx" />
    <property name="env.TRAVIS_TIMER_START_TIME" value="1562128697714981002" />
    <property name="ant.version" value="Apache Ant(TM) version 1.10.1 compiled on February 2 2017" />
    <property name="ptII.reports" value="/home/travis/build/icyphy/ptII/reports" />
    <property name="env.TRAVIS_STACK_TIMESTAMP" value="2019-03-25 16:16:56 UTC" />
    <property name="ant.file.type.ptII" value="file" />
    <property name="env.RBENV_SHELL" value="bash" />
    <property name="os.name" value="Linux" />
    <property name="java.specification.vendor" value="Oracle Corporation" />
    <property name="env.rvm_version" value="1.29.7 (latest)" />
    <property name="env.TRAVIS_INFRA" value="gce" />
    <property name="env.TERM" value="xterm" />
    <property name="java.vm.name" value="OpenJDK 64-Bit Server VM" />
    <property name="env.TRAVIS_BUILD_NUMBER" value="1192" />
    <property name="env.CI" value="true" />
    <property name="java.library.path" value="/home/travis/pthla/certi-tools/lib:/usr/lib/jni:/usr/local/share/OpenCV/java/:/usr/share/OpenCV/java::/usr/java/packages/lib:/usr/lib64:/lib64:/lib:/usr/lib" />
    <property name="env.rvm_prefix" value="/home/travis" />
    <property name="env.PATH" value="/home/travis/pthla/certi-tools/share/scripts:/home/travis/.rvm/gems/ruby-2.5.3/bin:/home/travis/.rvm/gems/ruby-2.5.3@global/bin:/home/travis/.rvm/rubies/ruby-2.5.3/bin:/home/travis/.rvm/bin:/home/travis/.nvm/versions/node/v7.10.1/bin:./node_modules/.bin:/home/travis/build/icyphy/ptII/bin:/home/travis/pthla/certi-tools/bin:/home/travis/bin:/home/travis/.local/bin:/usr/local/lib/jvm/openjdk11/bin:/opt/pyenv/shims:/home/travis/.phpenv/shims:/home/travis/perl5/perlbrew/bin:/home/travis/gopath/bin:/home/travis/.gimme/versions/go1.11.1.linux.amd64/bin:/usr/local/maven-3.6.0/bin:/usr/local/cmake-3.12.4/bin:/usr/local/clang-7.0.0/bin:/usr/local/sbin:/usr/local/bin:/usr/sbin:/usr/bin:/sbin:/bin:/snap/bin:/home/travis/.phpenv/bin:/opt/pyenv/bin:/home/travis/.yarn/bin" />
    <property name="env.TRAVIS_OS_NAME" value="linux" />
    <property name="ant.java.version" value="9" />
    <property name="basedir" value="/home/travis/build/icyphy/ptII" />
    <property name="java.class.version" value="55.0" />
    <property name="env.SHLVL" value="3" />
    <property name="env.LD_LIBRARY_PATH" value="/home/travis/pthla/certi-tools/lib:/usr/lib/jni:/usr/local/share/OpenCV/java/:/usr/share/OpenCV/java:" />
    <property name="env.RACK_ENV" value="test" />
    <property name="ant.home" value="/home/travis/build/icyphy/ptII/ant" />
    <property name="env.NVM_DIR" value="/home/travis/.nvm" />
    <property name="env.CERTI_FOM_PATH" value="/home/travis/pthla/certi-tools/share/federations" />
    <property name="env.TRAVIS_BUILD_ID" value="553574830" />
    <property name="env.PYENV_ROOT" value="/opt/pyenv" />
    <property name="env.TRAVIS_UID" value="2000" />
    <property name="env.NVM_BIN" value="/home/travis/.nvm/versions/node/v7.10.1/bin" />
    <property name="env.TRAVIS_COMMIT" value="bbbff3adea58fb0643306c381462affccc328551" />
    <property name="env._system_arch" value="x86_64" />
    <property name="node.executable" value="node" />
    <property name="sun.boot.library.path" value="/usr/local/lib/jvm/openjdk11/lib" />
    <property name="sun.management.compiler" value="HotSpot 64-Bit Tiered Compilers" />
    <property name="java.awt.graphicsenv" value="sun.awt.X11GraphicsEnvironment" />
    <property name="env.GOPATH" value="/home/travis/gopath" />
    <property name="ptolemy.ptII.dir" value="/home/travis/build/icyphy/ptII" />
    <property name="env.USER" value="travis" />
    <property name="env.HISTFILESIZE" value="2000" />
    <property name="timeout.longest" value="19000000" />
    <property name="env.PERLBREW_SHELLRC_VERSION" value="0.86" />
    <property name="env.TRAVIS_STACK_FEATURES" value="basic couchdb disabled-ipv6 docker docker-compose elasticsearch firefox go-toolchain google-chrome jdk memcached mongodb mysql nodejs_interpreter perl_interpreter perlbrew phantomjs postgresql python_interpreter redis ruby_interpreter sqlite xserver" />
    <property name="env.TRAVIS_PULL_REQUEST" value="false" />
    <property name="env.PYENV_SHELL" value="bash" />
    <property name="ant.project.name" value="ptII" />
    <property name="env.ANSI_RESET" value="\033[0m" />
    <property name="java.vm.specification.version" value="11" />
    <property name="env.TRAVIS_DIST" value="xenial" />
    <property name="env.CERTI_VERSION" value="4.0.0" />
    <property name="env.CERTI_HOST" value="localhost" />
    <property name="awt.toolkit" value="sun.awt.X11.XToolkit" />
    <property name="env.MY_RUBY_HOME" value="/home/travis/.rvm/rubies/ruby-2.5.3" />
    <property name="sun.cpu.isalist" value="" />
    <property name="env.TRAVIS_TMPDIR" value="/tmp/tmp.Zm503LIt2E" />
    <property name="java.vm.compressedOopsMode" value="Zero based" />
    <property name="os.version" value="4.15.0-1028-gcp" />
    <property name="user.home" value="/home/travis" />
    <property name="java.vm.vendor" value="Oracle Corporation" />
    <property name="env.TRAVIS_TAG" value="nightly" />
    <property name="env.ANSI_YELLOW" value="\033[33;1m" />
    <property name="env.TRAVIS_FILTERED" value="redirect_io" />
    <property name="env.ANSI_GREEN" value="\033[32;1m" />
    <property name="env.JAVA_HOME" value="/usr/local/lib/jvm/openjdk11" />
    <property name="javadoc.excludepackagenames" value="adm.cvs2svn.*,build.*,config.*,doc.coding.templates.*,jni.test.jni.meaningOfLife.*,jni.test.jni.testDeux.*,jni.test.jni.testTrois.*,org.terraswarm.accessor.accessors.web.node_modules.*,org.terraswarm.accessor.accessors.web.hosts.cordova.demo.*,org.terraswarm.accessor.accessors.web.hosts.cordova.plugins.*,org.terraswarm.accessor.accessors-svn.*,pt-modules.*,ptolemy.apps.agilent.*,ptolemy.apps.anytimecontrol.*,ptolemy.apps.apes.*,ptolemy.apps.charon.*,ptolemy.apps.crazyboard.*,ptolemy.apps.eclipse.*,ptolemy.apps.etherealSting.*,ptolemy.apps.fullscreen.*,ptolemy.apps.giotto.*,ptolemy.apps.ia.*,ptolemy.apps.interfaces.*,ptolemy.apps.jmf.*,ptolemy.apps.kurt.*,ptolemy.apps.kvm.*,ptolemy.apps.lego.*,ptolemy.apps.lejos.*,ptolemy.apps.midp.*,ptolemy.apps.mobileCoding.*,ptolemy.apps.pendulum.*,ptolemy.apps.rijndael.*,ptolemy.apps.robot.*,ptolemy.apps.security.*,ptolemy.apps.sobel.*,ptolemy.apps.soot.*,ptolemy.apps.throttle.*,ptolemy.apps.tini.*,ptolemy.apps.transmission.*,ptolemy.apps.vergil.*,ptolemy.apps.waba.*,ptolemy.apps.websensor.*,ptolemy.apps.webstart.*,ptolemy.apps.xsl.*,ptolemy.apps.zaurus.*,ptolemy.codegen.c.actor.lib.oldJavaFiles.*,ptolemy.codegen.dsp.lib.*,ptolemy.codegen.kernel.newInterfaces.*,ptolemy.codegen.lib.*,ptolemy.copernicus.kernel.fragment.*,ptolemy.copernicus.shallow.cg.*,ptolemy.domains.giotto.demo.Hierarchy.Hierarchy.*,ptolemy.domains.giotto.demo.Multimode.Multimode.*,ptolemy.domains.giotto.demo.Simple.Simple.*,ptolemy.domains.gr.lib.experimental.*,ptolemy.domains.gro.*,ptolemy.domains.pdf.*,ptolemy.domains.ptinyos.demo.Surge.output.*,ptolemy.moml.test.NoPackageActor.java*,ptolemy.plot.adm.*,ptolemy.plot.servlet.*,reports.*,signed.*,src.*,target.*,vendors.*,ptolemy.copernicus.applet.*,ptolemy.media.viewer.*,ptolemy.actor.corba.*,doc.doclets.*,ptolemy.apps.eclipse.awt.*,ptolemy.backtrack.*,ptolemy.backtrack.ast.*,ptolemy.cg.adapter.generic.program.procedural.c.mbed*,ptolemy.homer.*,ptolemy.actor.lib.jjs.modules.audio.*,org.ptolemy.scala.*,diva.util.java2d.svg.*,ptolemy.domains.ptinyos.*,ptolemy.actor.lib.fmi.fmipp.*,,org.terraswarm.accessor.accessors.web.node_modules.*,org.terraswarm.accessor.accessors-svn,ptolemy.apps.*,ptolemy.actor.ptalon.demo.ptinyos.SendAndReceiveCnt.output,ptolemy.actor.ptalon.demo.ptinyos.SenseToLeds.output,ptolemy.domains.ptinyos.demo.CntToLedsAndRfm.output,ptolemy.domains.ptinyos.demo.RfmToLeds.output,ptolemy.domains.ptinyos.demo.SendAndReceiveCnt.output,ptolemy.domains.ptinyos.demo.SenseToLeds.output,ptolemy.actor.lib.jjs.modules.udpSocket.*" />
    <property name="env.PTII" value="/home/travis/build/icyphy/ptII" />
    <property name="env.XDG_SESSION_ID" value="2" />
    <property name="keystore" value="ptKeystore" />
    <property name="env.TRAVIS_COMMIT_MESSAGE" value="Attempt to force xenial distribution, hoping this will make xvfb work." />
    <property name="junit.output.dir" value="/home/travis/build/icyphy/ptII/reports/junit" />
    <property name="npm.return.code" value="0" />
    <property name="user.dir" value="/home/travis/build/icyphy/ptII/ptolemy/actor/lib/test" />
    <property name="env.TRAVIS_NODE_VERSION" value="7" />
    <property name="env.TRAVIS_EVENT_TYPE" value="cron" />
    <property name="env.MAIL" value="/var/mail/travis" />
    <property name="env.PERLBREW_ROOT" value="/home/travis/perl5/perlbrew" />
    <property name="env.PWD" value="/home/travis/build/icyphy/ptII" />
    <property name="timeout.npm" value="45000" />
    <property name="env.TRAVIS_ARCH" value="amd64" />
    <property name="sun.cpu.endian" value="little" />
    <property name="env.PAGER" value="cat" />
    <property name="env.TRAVIS_BUILD_STAGE_NAME" value="Test" />
    <property name="env.PERLBREW_HOME" value="/home/travis/.perlbrew" />
    <property name="java.vm.version" value="11.0.2+9" />
    <property name="env.RAILS_ENV" value="test" />
    <property name="java.class.path" value="/home/travis/.ptolemyII:/home/travis/.ptolemyII/*:/home/travis/build/icyphy/ptII:/home/travis/build/icyphy/ptII/lib/bsh-2.0b4.jar:/home/travis/build/icyphy/ptII/lib/ptCal.jar:/home/travis/build/icyphy/ptII/lib/java_cup.jar:/home/travis/build/icyphy/ptII/lib/saxon8.jar:/home/travis/build/icyphy/ptII/lib/saxon8-dom.jar:/home/travis/build/icyphy/ptII/lib/chic.jar:/home/travis/build/icyphy/ptII/lib/ptcolt.jar:/home/travis/build/icyphy/ptII/vendors/misc/itext/iText.jar:/home/travis/build/icyphy/ptII/lib/g4ltl.jar:/home/travis/build/icyphy/ptII/lib/StructuralCoder.jar:/home/travis/build/icyphy/ptII/vendors/jai-1_1_2_01/lib/jai_core.jar:/home/travis/build/icyphy/ptII/vendors/jai-1_1_2_01/lib/jai_codec.jar:/home/travis/build/icyphy/ptII/lib/jcerti.jar:/home/travis/build/icyphy/ptII/lib/javax.mail.jar:/home/travis/build/icyphy/ptII/vendors/JMF-2.1.1e/lib/jmf.jar:/home/travis/build/icyphy/ptII/lib/jna-4.0.0-variadic.jar:/home/travis/build/icyphy/ptII/vendors/misc/joystick/Joystick.jar:/home/travis/build/icyphy/ptII/lib/ptjacl.jar:/home/travis/build/icyphy/ptII/lib/jsoup-1.8.2.jar:/home/travis/build/icyphy/ptII/lib/junit-4.8.2.jar:/home/travis/build/icyphy/ptII/lib/JUnitParams-0.4.0.jar:/home/travis/build/icyphy/ptII/ptolemy/actor/lib/excel/jxl.jar:/home/travis/build/icyphy/ptII/lib/jython.jar:/home/travis/build/icyphy/ptII/lib/kieler.jar:/home/travis/build/icyphy/ptII/vendors/opencv/share/OpenCV/java/opencv-341.jar:/home/travis/build/icyphy/ptII/lib/oscP5.jar:/home/travis/build/icyphy/ptII/lib/nrjavaserial-3.11.0.devel.jar:/home/travis/build/icyphy/ptII/vendors/j3d/lib/j3dcore.jar:/home/travis/build/icyphy/ptII/vendors/j3d/lib/j3dutils.jar:/home/travis/build/icyphy/ptII/vendors/j3d/lib/vecmath.jar:/home/travis/build/icyphy/ptII/ptolemy/distributed/jini/jar/jini-core.jar:/home/travis/build/icyphy/ptII/ptolemy/distributed/jini/jar/jini-ext.jar:/home/travis/build/icyphy/ptII/ptolemy/distributed/jini/jar/sun-util.jar:/home/travis/build/icyphy/ptII/lib/protobuf-java-2.4.1.jar:/home/travis/build/icyphy/ptII/lib/org.eclipse.paho.client.mqttv3.jar:/home/travis/build/icyphy/ptII/lib/mapss.jar:/home/travis/build/icyphy/ptII/ptolemy/actor/ptalon/antlr/antlr.jar:/home/travis/build/icyphy/ptII/lib/JRI.jar:/home/travis/build/icyphy/ptII/lib/commons-lang-2.6.jar:/home/travis/build/icyphy/ptII/lib/commons-logging-1.1.1.jar:/home/travis/build/icyphy/ptII/lib/sootclasses.jar:/home/travis/build/icyphy/ptII/ptolemy/actor/lib/database/mysql-connector-java-5.1.6-bin.jar:/home/travis/build/icyphy/ptII/vendors/misc/sphinx4/sphinx4-data-5prealpha.jar:/home/travis/build/icyphy/ptII/vendors/misc/sphinx4/sphinx4-core-5prealpha.jar:/home/travis/build/icyphy/ptII/lib/PDFRenderer.jar:/home/travis/build/icyphy/ptII/lib/svgSalamander.jar:/home/travis/build/icyphy/ptII/lib/rsyntaxtextarea-2.6.0-SNAPSHOT.jar:/home/travis/build/icyphy/ptII/lib/hazelcast-3.8.2.jar:/home/travis/build/icyphy/ptII/lib/jackson-annotations-2.9.0.jar:/home/travis/build/icyphy/ptII/lib/jackson-core-2.9.3.jar:/home/travis/build/icyphy/ptII/lib/jackson-databind-2.9.3.jar:/home/travis/build/icyphy/ptII/lib/netty-buffer-4.1.19.Final.jar:/home/travis/build/icyphy/ptII/lib/netty-codec-4.1.19.Final.jar:/home/travis/build/icyphy/ptII/lib/netty-codec-dns-4.1.19.Final.jar:/home/travis/build/icyphy/ptII/lib/netty-codec-http-4.1.19.Final.jar:/home/travis/build/icyphy/ptII/lib/netty-codec-http2-4.1.19.Final.jar:/home/travis/build/icyphy/ptII/lib/netty-common-4.1.19.Final.jar:/home/travis/build/icyphy/ptII/lib/netty-handler-4.1.19.Final.jar:/home/travis/build/icyphy/ptII/lib/netty-resolver-4.1.19.Final.jar:/home/travis/build/icyphy/ptII/lib/netty-resolver-dns-4.1.19.Final.jar:/home/travis/build/icyphy/ptII/lib/netty-transport-4.1.19.Final.jar:/home/travis/build/icyphy/ptII/lib/vertx-codegen-3.5.1.jar:/home/travis/build/icyphy/ptII/lib/vertx-core-3.5.2-SNAPSHOT.jar:/home/travis/build/icyphy/ptII/lib/vertx-hazelcast-3.5.1.jar:/home/travis/build/icyphy/ptII/lib/vertx-lang-js-3.5.1.jar:/home/travis/build/icyphy/ptII/lib/vertx-service-proxy-3.5.1.jar:/home/travis/build/icyphy/ptII/lib/vertx-web-3.5.1.jar:/home/travis/build/icyphy/ptII/lib/slf4j-api-1.7.13.jar:/home/travis/build/icyphy/ptII/lib/slf4j-simple-1.7.13.jar:/home/travis/build/icyphy/ptII/lib/webcam-capture-0.3.12.jar:/home/travis/build/icyphy/ptII/lib/bridj-0.7.0.jar:/home/travis/build/icyphy/ptII/lib/xbjlib-1.1.0.nrjavaserial.jar:/home/travis/build/icyphy/ptII/ptolemy/moml/test:/home/travis/build/icyphy/ptII/ant/lib/ant-launcher.jar:/home/travis/build/icyphy/ptII/ant/lib/ant.jar:/home/travis/build/icyphy/ptII/ant/lib/ant-junit.jar:/home/travis/build/icyphy/ptII/ant/lib/ant-junit4.jar" />
    <property name="ant.library.dir" value="/home/travis/build/icyphy/ptII/ant/lib" />
    <property name="os.arch" value="amd64" />
    <property name="env.CONTINUOUS_INTEGRATION" value="true" />
    <property name="env.TRAVIS_LANGUAGE" value="node_js" />
    <property name="env.TRAVIS_STACK_LANGUAGES" value="__sardonyx__ c c++ clojure cplusplus cpp default generic go groovy java node_js php pure_java python ruby scala" />
    <property name="test.name" value="ptolemy.actor.lib.test.junit.JUnitTclTest" />
    <property name="env.APT_KEY_DONT_WARN_ON_DANGEROUS_USAGE" value="1" />
    <property name="sun.java.launcher" value="SUN_STANDARD" />
    <property name="env.PYTHON_CONFIGURE_OPTS" value="--enable-unicode=ucs4 --with-wide-unicode --enable-shared --enable-ipv6 --enable-loadable-sqlite-extensions --with-computed-gotos" />
    <property name="ant.core.lib" value="/home/travis/build/icyphy/ptII/ant/lib/ant.jar" />
    <property name="java.vm.specification.vendor" value="Oracle Corporation" />
    <property name="env.BCVTB_HOME" value="/home/travis/build/icyphy/ptII/lbnl" />
    <property name="file.separator" value="/" />
    <property name="spotbugs.home" value="/home/travis/build/icyphy/ptII/vendors/spotbugs-3.1.1" />
    <property name="java.runtime.version" value="11.0.2+9" />
    <property name="env.ANSI_CLEAR" value="\033[0K" />
    <property name="env.HAS_JOSH_K_SEAL_OF_APPROVAL" value="true" />
    <property name="env.XDG_RUNTIME_DIR" value="/run/user/2000" />
    <property name="env.TRAVIS_OSX_IMAGE" value="" />
    <property name="env.TRAVIS_JOB_ID" value="553574838" />
    <property name="env.TRAVIS_BRANCH" value="master" />
    <property name="user.country" value="US" />
    <property name="env.CERTI_HOME_TRAVIS" value="/home/travis/pthla/certi-tools" />
    <property name="env.SHELL" value="/bin/bash" />
    <property name="java.maxmemory.large" value="5000m" />
    <property name="model" value="" />
    <property name="env.CASHER_DIR" value="/home/travis/.casher" />
    <property name="env.NVM_CD_FLAGS" value="" />
    <property name="java.vendor.version" value="18.9" />
    <property name="jshint.executable" value="/home/travis/node_modules/jshint/bin/jshint" />
    <property name="env.JRUBY_OPTS" value=" --client -J-XX:+TieredCompilation -J-XX:TieredStopAtLevel=1 -J-Xss2m -Xcompile.invokedynamic=false" />
    <property name="java.vendor" value="Oracle Corporation" />
    <property name="env.TRAVIS_PRE_CHEF_BOOTSTRAP_TIME" value="2019-03-25T16:16:42" />
    <property name="env.TRAVIS_STACK_JOB_BOARD_REGISTER" value="/.job-board-register.yml" />
    <property name="env.ANSI_RED" value="\033[31;1m" />
    <property name="java.specification.version" value="11" />
    <property name="env.IRBRC" value="/home/travis/.rvm/rubies/ruby-2.5.3/.irbrc" />
    <property name="env.TRAVIS" value="true" />
    <property name="sun.arch.data.model" value="64" />
  </properties>
  <testcase classname="ptolemy.util.test.junit.TclTests" name="[0] /home/travis/build/icyphy/ptII/ptolemy/actor/lib/test/AbsoluteValue.tcl (RunTclFile)" time="0.442" />
  <testcase classname="ptolemy.util.test.junit.TclTests" name="[1] /home/travis/build/icyphy/ptII/ptolemy/actor/lib/test/AddSubtract.tcl (RunTclFile)" time="0.147" />
  <testcase classname="ptolemy.util.test.junit.TclTests" name="[2] /home/travis/build/icyphy/ptII/ptolemy/actor/lib/test/Average.tcl (RunTclFile)" time="0.073" />
  <testcase classname="ptolemy.util.test.junit.TclTests" name="[3] /home/travis/build/icyphy/ptII/ptolemy/actor/lib/test/Bernoulli.tcl (RunTclFile)" time="0.03" />
  <testcase classname="ptolemy.util.test.junit.TclTests" name="[4] /home/travis/build/icyphy/ptII/ptolemy/actor/lib/test/Clock.tcl (RunTclFile)" time="0.141" />
  <testcase classname="ptolemy.util.test.junit.TclTests" name="[5] /home/travis/build/icyphy/ptII/ptolemy/actor/lib/test/Commutator.tcl (RunTclFile)" time="0.171" />
  <testcase classname="ptolemy.util.test.junit.TclTests" name="[6] /home/travis/build/icyphy/ptII/ptolemy/actor/lib/test/Const.tcl (RunTclFile)" time="0.136" />
  <testcase classname="ptolemy.util.test.junit.TclTests" name="[7] /home/travis/build/icyphy/ptII/ptolemy/actor/lib/test/CurrentTime.tcl (RunTclFile)" time="0.046" />
  <testcase classname="ptolemy.util.test.junit.TclTests" name="[8] /home/travis/build/icyphy/ptII/ptolemy/actor/lib/test/DB.tcl (RunTclFile)" time="0.043" />
  <testcase classname="ptolemy.util.test.junit.TclTests" name="[9] /home/travis/build/icyphy/ptII/ptolemy/actor/lib/test/DiscreteRandomSource.tcl (RunTclFile)" time="0.056" />
  <testcase classname="ptolemy.util.test.junit.TclTests" name="[10] /home/travis/build/icyphy/ptII/ptolemy/actor/lib/test/Distributor.tcl (RunTclFile)" time="0.036" />
  <testcase classname="ptolemy.util.test.junit.TclTests" name="[11] /home/travis/build/icyphy/ptII/ptolemy/actor/lib/test/Exit.tcl (RunTclFile)" time="0.088" />
  <testcase classname="ptolemy.util.test.junit.TclTests" name="[12] /home/travis/build/icyphy/ptII/ptolemy/actor/lib/test/Expression.tcl (RunTclFile)" time="0.115" />
  <testcase classname="ptolemy.util.test.junit.TclTests" name="[13] /home/travis/build/icyphy/ptII/ptolemy/actor/lib/test/Gaussian.tcl (RunTclFile)" time="0.339" />
  <testcase classname="ptolemy.util.test.junit.TclTests" name="[14] /home/travis/build/icyphy/ptII/ptolemy/actor/lib/test/IIR.tcl (RunTclFile)" time="0.041" />
  <testcase classname="ptolemy.util.test.junit.TclTests" name="[15] /home/travis/build/icyphy/ptII/ptolemy/actor/lib/test/Interpolator.tcl (RunTclFile)" time="0.118" />
  <testcase classname="ptolemy.util.test.junit.TclTests" name="[16] /home/travis/build/icyphy/ptII/ptolemy/actor/lib/test/MathFunction.tcl (RunTclFile)" time="0.066" />
  <testcase classname="ptolemy.util.test.junit.TclTests" name="[17] /home/travis/build/icyphy/ptII/ptolemy/actor/lib/test/Maximum.tcl (RunTclFile)" time="0.049" />
  <testcase classname="ptolemy.util.test.junit.TclTests" name="[18] /home/travis/build/icyphy/ptII/ptolemy/actor/lib/test/Minimum.tcl (RunTclFile)" time="0.022" />
  <testcase classname="ptolemy.util.test.junit.TclTests" name="[19] /home/travis/build/icyphy/ptII/ptolemy/actor/lib/test/MultiplyDivide.tcl (RunTclFile)" time="0.035" />
  <testcase classname="ptolemy.util.test.junit.TclTests" name="[20] /home/travis/build/icyphy/ptII/ptolemy/actor/lib/test/OrderedMerge.tcl (RunTclFile)" time="0.139" />
  <testcase classname="ptolemy.util.test.junit.TclTests" name="[21] /home/travis/build/icyphy/ptII/ptolemy/actor/lib/test/Publisher.tcl (RunTclFile)" time="0.709" />
  <testcase classname="ptolemy.util.test.junit.TclTests" name="[22] /home/travis/build/icyphy/ptII/ptolemy/actor/lib/test/Pulse.tcl (RunTclFile)" time="0.033" />
  <testcase classname="ptolemy.util.test.junit.TclTests" name="[23] /home/travis/build/icyphy/ptII/ptolemy/actor/lib/test/Ramp.tcl (RunTclFile)" time="2.202" />
  <testcase classname="ptolemy.util.test.junit.TclTests" name="[24] /home/travis/build/icyphy/ptII/ptolemy/actor/lib/test/RampContinuous.tcl (RunTclFile)" time="0.021" />
  <testcase classname="ptolemy.util.test.junit.TclTests" name="[25] /home/travis/build/icyphy/ptII/ptolemy/actor/lib/test/RecordAssembler.tcl (RunTclFile)" time="0.026" />
  <testcase classname="ptolemy.util.test.junit.TclTests" name="[26] /home/travis/build/icyphy/ptII/ptolemy/actor/lib/test/RecordDisassembler.tcl (RunTclFile)" time="0.035" />
  <testcase classname="ptolemy.util.test.junit.TclTests" name="[27] /home/travis/build/icyphy/ptII/ptolemy/actor/lib/test/Scale.tcl (RunTclFile)" time="0.028" />
  <testcase classname="ptolemy.util.test.junit.TclTests" name="[28] /home/travis/build/icyphy/ptII/ptolemy/actor/lib/test/SequentialClock.tcl (RunTclFile)" time="0.022" />
  <testcase classname="ptolemy.util.test.junit.TclTests" name="[29] /home/travis/build/icyphy/ptII/ptolemy/actor/lib/test/SetVariable.tcl (RunTclFile)" time="0.044">
    <failure message="Number of failed tests is has increased. expected:&lt;0&gt; but was:&lt;1&gt;" type="junit.framework.AssertionFailedError">junit.framework.AssertionFailedError: Number of failed tests is has increased. expected:&lt;0&gt; but was:&lt;1&gt;
	at ptolemy.util.test.junit.TclTests.RunTclFile(TclTests.java:286)
	at jdk.internal.reflect.GeneratedMethodAccessor19.invoke(Unknown Source)
	at java.base/jdk.internal.reflect.DelegatingMethodAccessorImpl.invoke(DelegatingMethodAccessorImpl.java:43)
	at junitparams.internal.InvokeParameterisedMethod.evaluate(InvokeParameterisedMethod.java:102)
	at junitparams.internal.ParameterisedTestMethodRunner.runMethodInvoker(ParameterisedTestMethodRunner.java:47)
	at junitparams.internal.ParameterisedTestMethodRunner.runTestMethod(ParameterisedTestMethodRunner.java:41)
	at junitparams.internal.ParameterisedTestClassRunner.runParameterisedTest(ParameterisedTestClassRunner.java:143)
	at junitparams.JUnitParamsRunner.runChild(JUnitParamsRunner.java:237)
	at junitparams.JUnitParamsRunner.runChild(JUnitParamsRunner.java:215)
</failure>
  </testcase>
  <testcase classname="ptolemy.util.test.junit.TclTests" name="[30] /home/travis/build/icyphy/ptII/ptolemy/actor/lib/test/Sinewave.tcl (RunTclFile)" time="0.027" />
  <testcase classname="ptolemy.util.test.junit.TclTests" name="[31] /home/travis/build/icyphy/ptII/ptolemy/actor/lib/test/SubscriptionAggregator.tcl (RunTclFile)" time="2.309" />
  <testcase classname="ptolemy.util.test.junit.TclTests" name="[32] /home/travis/build/icyphy/ptII/ptolemy/actor/lib/test/Test.tcl (RunTclFile)" time="0.081" />
  <testcase classname="ptolemy.util.test.junit.TclTests" name="[33] /home/travis/build/icyphy/ptII/ptolemy/actor/lib/test/TestExceptionHandler.tcl (RunTclFile)" time="0.014" />
  <testcase classname="ptolemy.util.test.junit.TclTests" name="[34] /home/travis/build/icyphy/ptII/ptolemy/actor/lib/test/UnionDisassembler.tcl (RunTclFile)" time="0.069" />
  <testcase classname="ptolemy.util.test.junit.TclTests" name="[35] /home/travis/build/icyphy/ptII/ptolemy/actor/lib/test/VariableClock.tcl (RunTclFile)" time="0.025" />
  <testcase classname="ptolemy.util.test.junit.AutoKnownFailedTests" name="[0] /home/travis/build/icyphy/ptII/ptolemy/actor/lib/test/auto/knownFailedTests/PublisherPortToplevelSubscriber.xml (RunModel)" time="0.025" />
  <testcase classname="ptolemy.util.test.junit.AutoKnownFailedTests" name="[1] /home/travis/build/icyphy/ptII/ptolemy/actor/lib/test/auto/knownFailedTests/PublisherSubscriberPortToplevel.xml (RunModel)" time="0.019" />
  <testcase classname="ptolemy.util.test.junit.AutoKnownFailedTests" name="[2] /home/travis/build/icyphy/ptII/ptolemy/actor/lib/test/auto/knownFailedTests/PublisherSubscriptionAggregatorPort.xml (RunModel)" time="0.026" />
  <testcase classname="ptolemy.util.test.junit.AutoKnownFailedTests" name="[3] /home/travis/build/icyphy/ptII/ptolemy/actor/lib/test/auto/knownFailedTests/sizedarray3.xml (RunModel)" time="0.038" />
  <testcase classname="ptolemy.util.test.junit.AutoNameArchTests" name="[0] ThereAreNoAutoArchTests (RunModel)" time="0.002" />
  <testcase classname="ptolemy.util.test.junit.AutoTests" name="[0] /home/travis/build/icyphy/ptII/ptolemy/actor/lib/test/auto/AbsoluteValue.xml (RunModel)" time="0.07" />
  <testcase classname="ptolemy.util.test.junit.AutoTests" name="[1] /home/travis/build/icyphy/ptII/ptolemy/actor/lib/test/auto/AbsoluteValue2.xml (RunModel)" time="0.058" />
  <testcase classname="ptolemy.util.test.junit.AutoTests" name="[2] /home/travis/build/icyphy/ptII/ptolemy/actor/lib/test/auto/Accumulator.xml (RunModel)" time="0.064" />
  <testcase classname="ptolemy.util.test.junit.AutoTests" name="[3] /home/travis/build/icyphy/ptII/ptolemy/actor/lib/test/auto/Accumulator2.xml (RunModel)" time="0.046" />
  <testcase classname="ptolemy.util.test.junit.AutoTests" name="[4] /home/travis/build/icyphy/ptII/ptolemy/actor/lib/test/auto/Accumulator3.xml (RunModel)" time="0.023" />
  <testcase classname="ptolemy.util.test.junit.AutoTests" name="[5] /home/travis/build/icyphy/ptII/ptolemy/actor/lib/test/auto/ArrayAppend.xml (RunModel)" time="0.037" />
  <testcase classname="ptolemy.util.test.junit.AutoTests" name="[6] /home/travis/build/icyphy/ptII/ptolemy/actor/lib/test/auto/ArrayAppend2.xml (RunModel)" time="0.442" />
  <testcase classname="ptolemy.util.test.junit.AutoTests" name="[7] /home/travis/build/icyphy/ptII/ptolemy/actor/lib/test/auto/ArrayAppend3.xml (RunModel)" time="0.042" />
  <testcase classname="ptolemy.util.test.junit.AutoTests" name="[8] /home/travis/build/icyphy/ptII/ptolemy/actor/lib/test/auto/ArrayAppend4.xml (RunModel)" time="0.014" />
  <testcase classname="ptolemy.util.test.junit.AutoTests" name="[9] /home/travis/build/icyphy/ptII/ptolemy/actor/lib/test/auto/ArrayAppend5.xml (RunModel)" time="0.012" />
  <testcase classname="ptolemy.util.test.junit.AutoTests" name="[10] /home/travis/build/icyphy/ptII/ptolemy/actor/lib/test/auto/ArrayAppend6.xml (RunModel)" time="0.015" />
  <testcase classname="ptolemy.util.test.junit.AutoTests" name="[11] /home/travis/build/icyphy/ptII/ptolemy/actor/lib/test/auto/ArrayAppendPerformanceTest.xml (RunModel)" time="0.045" />
  <testcase classname="ptolemy.util.test.junit.AutoTests" name="[12] /home/travis/build/icyphy/ptII/ptolemy/actor/lib/test/auto/ArrayAppendWithEmptyInput.xml (RunModel)" time="0.036" />
  <testcase classname="ptolemy.util.test.junit.AutoTests" name="[13] /home/travis/build/icyphy/ptII/ptolemy/actor/lib/test/auto/ArrayAverage.xml (RunModel)" time="0.07" />
  <testcase classname="ptolemy.util.test.junit.AutoTests" name="[14] /home/travis/build/icyphy/ptII/ptolemy/actor/lib/test/auto/ArrayContains.xml (RunModel)" time="0.038" />
  <testcase classname="ptolemy.util.test.junit.AutoTests" name="[15] /home/travis/build/icyphy/ptII/ptolemy/actor/lib/test/auto/ArrayElement.xml (RunModel)" time="0.019" />
  <testcase classname="ptolemy.util.test.junit.AutoTests" name="[16] /home/travis/build/icyphy/ptII/ptolemy/actor/lib/test/auto/ArrayElementAsMatrix.xml (RunModel)" time="0.062" />
  <testcase classname="ptolemy.util.test.junit.AutoTests" name="[17] /home/travis/build/icyphy/ptII/ptolemy/actor/lib/test/auto/ArrayElementI.xml (RunModel)" time="0.016" />
  <testcase classname="ptolemy.util.test.junit.AutoTests" name="[18] /home/travis/build/icyphy/ptII/ptolemy/actor/lib/test/auto/ArrayExtract.xml (RunModel)" time="0.093" />
  <testcase classname="ptolemy.util.test.junit.AutoTests" name="[19] /home/travis/build/icyphy/ptII/ptolemy/actor/lib/test/auto/ArrayExtract2.xml (RunModel)" time="0.018" />
  <testcase classname="ptolemy.util.test.junit.AutoTests" name="[20] /home/travis/build/icyphy/ptII/ptolemy/actor/lib/test/auto/ArrayLength.xml (RunModel)" time="0.031" />
  <testcase classname="ptolemy.util.test.junit.AutoTests" name="[21] /home/travis/build/icyphy/ptII/ptolemy/actor/lib/test/auto/ArrayLevelCrossing.xml (RunModel)" time="0.047" />
  <testcase classname="ptolemy.util.test.junit.AutoTests" name="[22] /home/travis/build/icyphy/ptII/ptolemy/actor/lib/test/auto/ArrayLevelCrossing2.xml (RunModel)" time="0.029" />
  <testcase classname="ptolemy.util.test.junit.AutoTests" name="[23] /home/travis/build/icyphy/ptII/ptolemy/actor/lib/test/auto/ArrayPeakSearch.xml (RunModel)" time="0.054" />
  <testcase classname="ptolemy.util.test.junit.AutoTests" name="[24] /home/travis/build/icyphy/ptII/ptolemy/actor/lib/test/auto/ArrayPeakSearch2.xml (RunModel)" time="0.044" />
  <testcase classname="ptolemy.util.test.junit.AutoTests" name="[25] /home/travis/build/icyphy/ptII/ptolemy/actor/lib/test/auto/ArrayPeakSearch3.xml (RunModel)" time="0.042" />
  <testcase classname="ptolemy.util.test.junit.AutoTests" name="[26] /home/travis/build/icyphy/ptII/ptolemy/actor/lib/test/auto/ArrayRemoveElement.xml (RunModel)" time="0.031" />
  <testcase classname="ptolemy.util.test.junit.AutoTests" name="[27] /home/travis/build/icyphy/ptII/ptolemy/actor/lib/test/auto/ArraySort.xml (RunModel)" time="0.034" />
  <testcase classname="ptolemy.util.test.junit.AutoTests" name="[28] /home/travis/build/icyphy/ptII/ptolemy/actor/lib/test/auto/ArraySum.xml (RunModel)" time="0.019" />
  <testcase classname="ptolemy.util.test.junit.AutoTests" name="[29] /home/travis/build/icyphy/ptII/ptolemy/actor/lib/test/auto/ArrayToElements.xml (RunModel)" time="0.026" />
  <testcase classname="ptolemy.util.test.junit.AutoTests" name="[30] /home/travis/build/icyphy/ptII/ptolemy/actor/lib/test/auto/ArrayToMatrix.xml (RunModel)" time="0.069" />
  <testcase classname="ptolemy.util.test.junit.AutoTests" name="[31] /home/travis/build/icyphy/ptII/ptolemy/actor/lib/test/auto/ArrayUpdate1.xml (RunModel)" time="0.035" />
  <testcase classname="ptolemy.util.test.junit.AutoTests" name="[32] /home/travis/build/icyphy/ptII/ptolemy/actor/lib/test/auto/ArrayUpdate2.xml (RunModel)" time="0.032" />
  <testcase classname="ptolemy.util.test.junit.AutoTests" name="[33] /home/travis/build/icyphy/ptII/ptolemy/actor/lib/test/auto/ArrayUpdate3.xml (RunModel)" time="0.015" />
  <testcase classname="ptolemy.util.test.junit.AutoTests" name="[34] /home/travis/build/icyphy/ptII/ptolemy/actor/lib/test/auto/Assert1.xml (RunModel)" time="0.028" />
  <testcase classname="ptolemy.util.test.junit.AutoTests" name="[35] /home/travis/build/icyphy/ptII/ptolemy/actor/lib/test/auto/Assert2.xml (RunModel)" time="0.013" />
  <testcase classname="ptolemy.util.test.junit.AutoTests" name="[36] /home/travis/build/icyphy/ptII/ptolemy/actor/lib/test/auto/BooleanMultiplexor.xml (RunModel)" time="0.018" />
  <testcase classname="ptolemy.util.test.junit.AutoTests" name="[37] /home/travis/build/icyphy/ptII/ptolemy/actor/lib/test/auto/BooleanMultiplexor2.xml (RunModel)" time="0.024" />
  <testcase classname="ptolemy.util.test.junit.AutoTests" name="[38] /home/travis/build/icyphy/ptII/ptolemy/actor/lib/test/auto/BooleanMultiplexor3.xml (RunModel)" time="0.023" />
  <testcase classname="ptolemy.util.test.junit.AutoTests" name="[39] /home/travis/build/icyphy/ptII/ptolemy/actor/lib/test/auto/BooleanSelect.xml (RunModel)" time="0.025" />
  <testcase classname="ptolemy.util.test.junit.AutoTests" name="[40] /home/travis/build/icyphy/ptII/ptolemy/actor/lib/test/auto/BooleanSelect2.xml (RunModel)" time="0.015" />
  <testcase classname="ptolemy.util.test.junit.AutoTests" name="[41] /home/travis/build/icyphy/ptII/ptolemy/actor/lib/test/auto/BooleanSwitch.xml (RunModel)" time="0.028" />
  <testcase classname="ptolemy.util.test.junit.AutoTests" name="[42] /home/travis/build/icyphy/ptII/ptolemy/actor/lib/test/auto/BooleanSwitch2.xml (RunModel)" time="0.018" />
  <testcase classname="ptolemy.util.test.junit.AutoTests" name="[43] /home/travis/build/icyphy/ptII/ptolemy/actor/lib/test/auto/BooleanSwitchCloningBugWithClassRelationGroup.xml (RunModel)" time="0.03" />
  <testcase classname="ptolemy.util.test.junit.AutoTests" name="[44] /home/travis/build/icyphy/ptII/ptolemy/actor/lib/test/auto/BusActors.xml (RunModel)" time="0.046" />
  <testcase classname="ptolemy.util.test.junit.AutoTests" name="[45] /home/travis/build/icyphy/ptII/ptolemy/actor/lib/test/auto/ClassWrapper.xml (RunModel)" time="0.011" />
  <testcase classname="ptolemy.util.test.junit.AutoTests" name="[46] /home/travis/build/icyphy/ptII/ptolemy/actor/lib/test/auto/Clock.xml (RunModel)" time="0.013" />
  <testcase classname="ptolemy.util.test.junit.AutoTests" name="[47] /home/travis/build/icyphy/ptII/ptolemy/actor/lib/test/auto/Clock10.xml (RunModel)" time="0.017" />
  <testcase classname="ptolemy.util.test.junit.AutoTests" name="[48] /home/travis/build/icyphy/ptII/ptolemy/actor/lib/test/auto/Clock11.xml (RunModel)" time="0.022" />
  <testcase classname="ptolemy.util.test.junit.AutoTests" name="[49] /home/travis/build/icyphy/ptII/ptolemy/actor/lib/test/auto/Clock12.xml (RunModel)" time="0.022" />
  <testcase classname="ptolemy.util.test.junit.AutoTests" name="[50] /home/travis/build/icyphy/ptII/ptolemy/actor/lib/test/auto/Clock13.xml (RunModel)" time="0.018" />
  <testcase classname="ptolemy.util.test.junit.AutoTests" name="[51] /home/travis/build/icyphy/ptII/ptolemy/actor/lib/test/auto/Clock14.xml (RunModel)" time="0.018" />
  <testcase classname="ptolemy.util.test.junit.AutoTests" name="[52] /home/travis/build/icyphy/ptII/ptolemy/actor/lib/test/auto/Clock15.xml (RunModel)" time="0.022" />
  <testcase classname="ptolemy.util.test.junit.AutoTests" name="[53] /home/travis/build/icyphy/ptII/ptolemy/actor/lib/test/auto/Clock16.xml (RunModel)" time="0.08" />
  <testcase classname="ptolemy.util.test.junit.AutoTests" name="[54] /home/travis/build/icyphy/ptII/ptolemy/actor/lib/test/auto/Clock17.xml (RunModel)" time="0.036" />
  <testcase classname="ptolemy.util.test.junit.AutoTests" name="[55] /home/travis/build/icyphy/ptII/ptolemy/actor/lib/test/auto/Clock18.xml (RunModel)" time="0.057" />
  <testcase classname="ptolemy.util.test.junit.AutoTests" name="[56] /home/travis/build/icyphy/ptII/ptolemy/actor/lib/test/auto/Clock19.xml (RunModel)" time="0.042" />
  <testcase classname="ptolemy.util.test.junit.AutoTests" name="[57] /home/travis/build/icyphy/ptII/ptolemy/actor/lib/test/auto/Clock2.xml (RunModel)" time="0.011" />
  <testcase classname="ptolemy.util.test.junit.AutoTests" name="[58] /home/travis/build/icyphy/ptII/ptolemy/actor/lib/test/auto/Clock20.xml (RunModel)" time="0.019" />
  <testcase classname="ptolemy.util.test.junit.AutoTests" name="[59] /home/travis/build/icyphy/ptII/ptolemy/actor/lib/test/auto/Clock21.xml (RunModel)" time="0.014" />
  <testcase classname="ptolemy.util.test.junit.AutoTests" name="[60] /home/travis/build/icyphy/ptII/ptolemy/actor/lib/test/auto/Clock22.xml (RunModel)" time="0.014" />
  <testcase classname="ptolemy.util.test.junit.AutoTests" name="[61] /home/travis/build/icyphy/ptII/ptolemy/actor/lib/test/auto/Clock23.xml (RunModel)" time="0.014" />
  <testcase classname="ptolemy.util.test.junit.AutoTests" name="[62] /home/travis/build/icyphy/ptII/ptolemy/actor/lib/test/auto/Clock24.xml (RunModel)" time="0.015" />
  <testcase classname="ptolemy.util.test.junit.AutoTests" name="[63] /home/travis/build/icyphy/ptII/ptolemy/actor/lib/test/auto/Clock4.xml (RunModel)" time="0.01" />
  <testcase classname="ptolemy.util.test.junit.AutoTests" name="[64] /home/travis/build/icyphy/ptII/ptolemy/actor/lib/test/auto/Clock5.xml (RunModel)" time="0.009" />
  <testcase classname="ptolemy.util.test.junit.AutoTests" name="[65] /home/travis/build/icyphy/ptII/ptolemy/actor/lib/test/auto/Clock6.xml (RunModel)" time="0.009" />
  <testcase classname="ptolemy.util.test.junit.AutoTests" name="[66] /home/travis/build/icyphy/ptII/ptolemy/actor/lib/test/auto/Clock7.xml (RunModel)" time="0.009" />
  <testcase classname="ptolemy.util.test.junit.AutoTests" name="[67] /home/travis/build/icyphy/ptII/ptolemy/actor/lib/test/auto/Clock8.xml (RunModel)" time="0.011" />
  <testcase classname="ptolemy.util.test.junit.AutoTests" name="[68] /home/travis/build/icyphy/ptII/ptolemy/actor/lib/test/auto/Clock9.xml (RunModel)" time="0.015" />
  <testcase classname="ptolemy.util.test.junit.AutoTests" name="[69] /home/travis/build/icyphy/ptII/ptolemy/actor/lib/test/auto/CommDistDiscard.xml (RunModel)" time="0.022" />
  <testcase classname="ptolemy.util.test.junit.AutoTests" name="[70] /home/travis/build/icyphy/ptII/ptolemy/actor/lib/test/auto/Commutator.xml (RunModel)" time="0.013" />
  <testcase classname="ptolemy.util.test.junit.AutoTests" name="[71] /home/travis/build/icyphy/ptII/ptolemy/actor/lib/test/auto/Commutator2.xml (RunModel)" time="0.009" />
  <testcase classname="ptolemy.util.test.junit.AutoTests" name="[72] /home/travis/build/icyphy/ptII/ptolemy/actor/lib/test/auto/Commutator3.xml (RunModel)" time="0.011" />
  <testcase classname="ptolemy.util.test.junit.AutoTests" name="[73] /home/travis/build/icyphy/ptII/ptolemy/actor/lib/test/auto/Compare.xml (RunModel)" time="0.018" />
  <testcase classname="ptolemy.util.test.junit.AutoTests" name="[74] /home/travis/build/icyphy/ptII/ptolemy/actor/lib/test/auto/CompareDE.xml (RunModel)" time="0.016" />
  <testcase classname="ptolemy.util.test.junit.AutoTests" name="[75] /home/travis/build/icyphy/ptII/ptolemy/actor/lib/test/auto/ComplexDivide.xml (RunModel)" time="0.01" />
  <testcase classname="ptolemy.util.test.junit.AutoTests" name="[76] /home/travis/build/icyphy/ptII/ptolemy/actor/lib/test/auto/ComputeHistogram.xml (RunModel)" time="0.066" />
  <testcase classname="ptolemy.util.test.junit.AutoTests" name="[77] /home/travis/build/icyphy/ptII/ptolemy/actor/lib/test/auto/ConfigurationSelect.xml (RunModel)" time="0.023" />
  <testcase classname="ptolemy.util.test.junit.AutoTests" name="[78] /home/travis/build/icyphy/ptII/ptolemy/actor/lib/test/auto/ConfigurationSelect2.xml (RunModel)" time="0.012" />
  <testcase classname="ptolemy.util.test.junit.AutoTests" name="[79] /home/travis/build/icyphy/ptII/ptolemy/actor/lib/test/auto/ConfigurationSwitch.xml (RunModel)" time="0.024" />
  <testcase classname="ptolemy.util.test.junit.AutoTests" name="[80] /home/travis/build/icyphy/ptII/ptolemy/actor/lib/test/auto/ConfigurationSwitch2.xml (RunModel)" time="0.024" />
  <testcase classname="ptolemy.util.test.junit.AutoTests" name="[81] /home/travis/build/icyphy/ptII/ptolemy/actor/lib/test/auto/ConfigurationSwitchCloningBugWithClassRelationGroup.xml (RunModel)" time="0.02" />
  <testcase classname="ptolemy.util.test.junit.AutoTests" name="[82] /home/travis/build/icyphy/ptII/ptolemy/actor/lib/test/auto/ConfigurationSwitchSelectSDF.xml (RunModel)" time="0.02" />
  <testcase classname="ptolemy.util.test.junit.AutoTests" name="[83] /home/travis/build/icyphy/ptII/ptolemy/actor/lib/test/auto/ConfigurationSwitchSelectSDF2.xml (RunModel)" time="0.012" />
  <testcase classname="ptolemy.util.test.junit.AutoTests" name="[84] /home/travis/build/icyphy/ptII/ptolemy/actor/lib/test/auto/Const.xml (RunModel)" time="0.006" />
  <testcase classname="ptolemy.util.test.junit.AutoTests" name="[85] /home/travis/build/icyphy/ptII/ptolemy/actor/lib/test/auto/Const2.xml (RunModel)" time="0.013" />
  <testcase classname="ptolemy.util.test.junit.AutoTests" name="[86] /home/travis/build/icyphy/ptII/ptolemy/actor/lib/test/auto/Const3.xml (RunModel)" time="0.007" />
  <testcase classname="ptolemy.util.test.junit.AutoTests" name="[87] /home/travis/build/icyphy/ptII/ptolemy/actor/lib/test/auto/ConstantPublisherPort1.xml (RunModel)" time="0.028" />
  <testcase classname="ptolemy.util.test.junit.AutoTests" name="[88] /home/travis/build/icyphy/ptII/ptolemy/actor/lib/test/auto/ConstantPublisherPort2.xml (RunModel)" time="0.021" />
  <testcase classname="ptolemy.util.test.junit.AutoTests" name="[89] /home/travis/build/icyphy/ptII/ptolemy/actor/lib/test/auto/ConstantPublisherPort3.xml (RunModel)" time="0.028" />
  <testcase classname="ptolemy.util.test.junit.AutoTests" name="[90] /home/travis/build/icyphy/ptII/ptolemy/actor/lib/test/auto/ConstantPublisherPort4.xml (RunModel)" time="0.051" />
  <testcase classname="ptolemy.util.test.junit.AutoTests" name="[91] /home/travis/build/icyphy/ptII/ptolemy/actor/lib/test/auto/ConstantPublisherPort5.xml (RunModel)" time="0.037" />
  <testcase classname="ptolemy.util.test.junit.AutoTests" name="[92] /home/travis/build/icyphy/ptII/ptolemy/actor/lib/test/auto/ConstantPublisherPort6.xml (RunModel)" time="0.025" />
  <testcase classname="ptolemy.util.test.junit.AutoTests" name="[93] /home/travis/build/icyphy/ptII/ptolemy/actor/lib/test/auto/ConstantPublisherPort7.xml (RunModel)" time="0.029" />
  <testcase classname="ptolemy.util.test.junit.AutoTests" name="[94] /home/travis/build/icyphy/ptII/ptolemy/actor/lib/test/auto/ConstraintMonitor1.xml (RunModel)" time="0.039" />
  <testcase classname="ptolemy.util.test.junit.AutoTests" name="[95] /home/travis/build/icyphy/ptII/ptolemy/actor/lib/test/auto/ConstraintMonitor2.xml (RunModel)" time="0.013" />
  <testcase classname="ptolemy.util.test.junit.AutoTests" name="[96] /home/travis/build/icyphy/ptII/ptolemy/actor/lib/test/auto/ConstraintMonitor3.xml (RunModel)" time="0.012" />
  <testcase classname="ptolemy.util.test.junit.AutoTests" name="[97] /home/travis/build/icyphy/ptII/ptolemy/actor/lib/test/auto/ConstraintMonitor4.xml (RunModel)" time="0.009" />
  <testcase classname="ptolemy.util.test.junit.AutoTests" name="[98] /home/travis/build/icyphy/ptII/ptolemy/actor/lib/test/auto/ConstraintMonitor5.xml (RunModel)" time="0.012" />
  <testcase classname="ptolemy.util.test.junit.AutoTests" name="[99] /home/travis/build/icyphy/ptII/ptolemy/actor/lib/test/auto/ConstraintMonitor6.xml (RunModel)" time="0.012" />
  <testcase classname="ptolemy.util.test.junit.AutoTests" name="[100] /home/travis/build/icyphy/ptII/ptolemy/actor/lib/test/auto/ConstraintMonitor7.xml (RunModel)" time="0.013" />
  <testcase classname="ptolemy.util.test.junit.AutoTests" name="[101] /home/travis/build/icyphy/ptII/ptolemy/actor/lib/test/auto/ConstraintMonitor8.xml (RunModel)" time="0.018" />
  <testcase classname="ptolemy.util.test.junit.AutoTests" name="[102] /home/travis/build/icyphy/ptII/ptolemy/actor/lib/test/auto/Counter.xml (RunModel)" time="0.012" />
  <testcase classname="ptolemy.util.test.junit.AutoTests" name="[103] /home/travis/build/icyphy/ptII/ptolemy/actor/lib/test/auto/CurrentTimeSDF.xml (RunModel)" time="0.008" />
  <testcase classname="ptolemy.util.test.junit.AutoTests" name="[104] /home/travis/build/icyphy/ptII/ptolemy/actor/lib/test/auto/DB.xml (RunModel)" time="0.012" />
  <testcase classname="ptolemy.util.test.junit.AutoTests" name="[105] /home/travis/build/icyphy/ptII/ptolemy/actor/lib/test/auto/DBDE.xml (RunModel)" time="0.013" />
  <testcase classname="ptolemy.util.test.junit.AutoTests" name="[106] /home/travis/build/icyphy/ptII/ptolemy/actor/lib/test/auto/DateConstructor.xml (RunModel)" time="0.073" />
  <testcase classname="ptolemy.util.test.junit.AutoTests" name="[107] /home/travis/build/icyphy/ptII/ptolemy/actor/lib/test/auto/DelayTime.xml (RunModel)" time="0.02" />
  <testcase classname="ptolemy.util.test.junit.AutoTests" name="[108] /home/travis/build/icyphy/ptII/ptolemy/actor/lib/test/auto/Dictionary1.xml (RunModel)" time="0.021" />
  <testcase classname="ptolemy.util.test.junit.AutoTests" name="[109] /home/travis/build/icyphy/ptII/ptolemy/actor/lib/test/auto/Dictionary2.xml (RunModel)" time="0.016" />
  <testcase classname="ptolemy.util.test.junit.AutoTests" name="[110] /home/travis/build/icyphy/ptII/ptolemy/actor/lib/test/auto/Dictionary3.xml (RunModel)" time="0.014" />
  <testcase classname="ptolemy.util.test.junit.AutoTests" name="[111] /home/travis/build/icyphy/ptII/ptolemy/actor/lib/test/auto/Dictionary4.xml (RunModel)" time="0.018" />
  <testcase classname="ptolemy.util.test.junit.AutoTests" name="[112] /home/travis/build/icyphy/ptII/ptolemy/actor/lib/test/auto/Differential.xml (RunModel)" time="0.015" />
  <testcase classname="ptolemy.util.test.junit.AutoTests" name="[113] /home/travis/build/icyphy/ptII/ptolemy/actor/lib/test/auto/Director.xml (RunModel)" time="0.008" />
  <testcase classname="ptolemy.util.test.junit.AutoTests" name="[114] /home/travis/build/icyphy/ptII/ptolemy/actor/lib/test/auto/DiscreteClock.xml (RunModel)" time="0.008" />
  <testcase classname="ptolemy.util.test.junit.AutoTests" name="[115] /home/travis/build/icyphy/ptII/ptolemy/actor/lib/test/auto/DiscreteClock10.xml (RunModel)" time="0.015" />
  <testcase classname="ptolemy.util.test.junit.AutoTests" name="[116] /home/travis/build/icyphy/ptII/ptolemy/actor/lib/test/auto/DiscreteClock11.xml (RunModel)" time="0.01" />
  <testcase classname="ptolemy.util.test.junit.AutoTests" name="[117] /home/travis/build/icyphy/ptII/ptolemy/actor/lib/test/auto/DiscreteClock12.xml (RunModel)" time="0.012" />
  <testcase classname="ptolemy.util.test.junit.AutoTests" name="[118] /home/travis/build/icyphy/ptII/ptolemy/actor/lib/test/auto/DiscreteClock13.xml (RunModel)" time="0.011" />
  <testcase classname="ptolemy.util.test.junit.AutoTests" name="[119] /home/travis/build/icyphy/ptII/ptolemy/actor/lib/test/auto/DiscreteClock14.xml (RunModel)" time="0.012" />
  <testcase classname="ptolemy.util.test.junit.AutoTests" name="[120] /home/travis/build/icyphy/ptII/ptolemy/actor/lib/test/auto/DiscreteClock15.xml (RunModel)" time="0.016" />
  <testcase classname="ptolemy.util.test.junit.AutoTests" name="[121] /home/travis/build/icyphy/ptII/ptolemy/actor/lib/test/auto/DiscreteClock16.xml (RunModel)" time="0.039" />
  <testcase classname="ptolemy.util.test.junit.AutoTests" name="[122] /home/travis/build/icyphy/ptII/ptolemy/actor/lib/test/auto/DiscreteClock17.xml (RunModel)" time="0.043" />
  <testcase classname="ptolemy.util.test.junit.AutoTests" name="[123] /home/travis/build/icyphy/ptII/ptolemy/actor/lib/test/auto/DiscreteClock18.xml (RunModel)" time="0.044" />
  <testcase classname="ptolemy.util.test.junit.AutoTests" name="[124] /home/travis/build/icyphy/ptII/ptolemy/actor/lib/test/auto/DiscreteClock19.xml (RunModel)" time="0.043" />
  <testcase classname="ptolemy.util.test.junit.AutoTests" name="[125] /home/travis/build/icyphy/ptII/ptolemy/actor/lib/test/auto/DiscreteClock2.xml (RunModel)" time="0.016" />
  <testcase classname="ptolemy.util.test.junit.AutoTests" name="[126] /home/travis/build/icyphy/ptII/ptolemy/actor/lib/test/auto/DiscreteClock20.xml (RunModel)" time="0.026" />
  <testcase classname="ptolemy.util.test.junit.AutoTests" name="[127] /home/travis/build/icyphy/ptII/ptolemy/actor/lib/test/auto/DiscreteClock21.xml (RunModel)" time="0.017" />
  <testcase classname="ptolemy.util.test.junit.AutoTests" name="[128] /home/travis/build/icyphy/ptII/ptolemy/actor/lib/test/auto/DiscreteClock22.xml (RunModel)" time="0.013" />
  <testcase classname="ptolemy.util.test.junit.AutoTests" name="[129] /home/travis/build/icyphy/ptII/ptolemy/actor/lib/test/auto/DiscreteClock23.xml (RunModel)" time="0.019" />
  <testcase classname="ptolemy.util.test.junit.AutoTests" name="[130] /home/travis/build/icyphy/ptII/ptolemy/actor/lib/test/auto/DiscreteClock24.xml (RunModel)" time="0.051" />
  <testcase classname="ptolemy.util.test.junit.AutoTests" name="[131] /home/travis/build/icyphy/ptII/ptolemy/actor/lib/test/auto/DiscreteClock4.xml (RunModel)" time="0.013" />
  <testcase classname="ptolemy.util.test.junit.AutoTests" name="[132] /home/travis/build/icyphy/ptII/ptolemy/actor/lib/test/auto/DiscreteClock5.xml (RunModel)" time="0.009" />
  <testcase classname="ptolemy.util.test.junit.AutoTests" name="[133] /home/travis/build/icyphy/ptII/ptolemy/actor/lib/test/auto/DiscreteClock6.xml (RunModel)" time="0.012" />
  <testcase classname="ptolemy.util.test.junit.AutoTests" name="[134] /home/travis/build/icyphy/ptII/ptolemy/actor/lib/test/auto/DiscreteClock7.xml (RunModel)" time="0.009" />
  <testcase classname="ptolemy.util.test.junit.AutoTests" name="[135] /home/travis/build/icyphy/ptII/ptolemy/actor/lib/test/auto/DiscreteClock8.xml (RunModel)" time="0.011" />
  <testcase classname="ptolemy.util.test.junit.AutoTests" name="[136] /home/travis/build/icyphy/ptII/ptolemy/actor/lib/test/auto/DiscreteClock9.xml (RunModel)" time="0.012" />
  <testcase classname="ptolemy.util.test.junit.AutoTests" name="[137] /home/travis/build/icyphy/ptII/ptolemy/actor/lib/test/auto/DisplayArray.xml (RunModel)" time="0.023" />
  <testcase classname="ptolemy.util.test.junit.AutoTests" name="[138] /home/travis/build/icyphy/ptII/ptolemy/actor/lib/test/auto/Distributor.xml (RunModel)" time="0.009" />
  <testcase classname="ptolemy.util.test.junit.AutoTests" name="[139] /home/travis/build/icyphy/ptII/ptolemy/actor/lib/test/auto/Distributor2.xml (RunModel)" time="0.011" />
  <testcase classname="ptolemy.util.test.junit.AutoTests" name="[140] /home/travis/build/icyphy/ptII/ptolemy/actor/lib/test/auto/DownSample.xml (RunModel)" time="0.008" />
  <testcase classname="ptolemy.util.test.junit.AutoTests" name="[141] /home/travis/build/icyphy/ptII/ptolemy/actor/lib/test/auto/ElectronicUnitBase1.xml (RunModel)" time="0.059" />
  <testcase classname="ptolemy.util.test.junit.AutoTests" name="[142] /home/travis/build/icyphy/ptII/ptolemy/actor/lib/test/auto/ElementsToArray.xml (RunModel)" time="0.013" />
  <testcase classname="ptolemy.util.test.junit.AutoTests" name="[143] /home/travis/build/icyphy/ptII/ptolemy/actor/lib/test/auto/Equals.xml (RunModel)" time="0.013" />
  <testcase classname="ptolemy.util.test.junit.AutoTests" name="[144] /home/travis/build/icyphy/ptII/ptolemy/actor/lib/test/auto/Exec.xml (RunModel)" time="0.03" />
  <testcase classname="ptolemy.util.test.junit.AutoTests" name="[145] /home/travis/build/icyphy/ptII/ptolemy/actor/lib/test/auto/ExecEnvironment.xml (RunModel)" time="0.038" />
  <testcase classname="ptolemy.util.test.junit.AutoTests" name="[146] /home/travis/build/icyphy/ptII/ptolemy/actor/lib/test/auto/ExecNonZeroReturnOutput.xml (RunModel)" time="0.206" />
  <testcase classname="ptolemy.util.test.junit.AutoTests" name="[147] /home/travis/build/icyphy/ptII/ptolemy/actor/lib/test/auto/ExecRunDemos.xml (RunModel)" time="11.212">
    <error type="java.lang.reflect.InvocationTargetException">java.lang.reflect.InvocationTargetException
	at jdk.internal.reflect.GeneratedConstructorAccessor36.newInstance(Unknown Source)
	at java.base/jdk.internal.reflect.DelegatingConstructorAccessorImpl.newInstance(DelegatingConstructorAccessorImpl.java:45)
	at java.base/java.lang.reflect.Constructor.newInstance(Constructor.java:490)
	at ptolemy.util.test.junit.AutoTests.RunModel(AutoTests.java:193)
	at jdk.internal.reflect.GeneratedMethodAccessor43.invoke(Unknown Source)
	at java.base/jdk.internal.reflect.DelegatingMethodAccessorImpl.invoke(DelegatingMethodAccessorImpl.java:43)
	at junitparams.internal.InvokeParameterisedMethod.evaluate(InvokeParameterisedMethod.java:102)
Caused by: ptolemy.kernel.util.IllegalActionException: Test fails in iteration 0.
Value was: &quot;WARNING: An illegal reflective access operation has occurred\nWARNING: Illegal reflective access by io.netty.util.internal.ReflectionUtil (file:/home/travis/build/icyphy/ptII/lib/netty-common-4.1.19.Final.jar) to constructor java.nio.DirectByteBuffer(long,int)\nWARNING: Please consider reporting this to the maintainers of io.netty.util.internal.ReflectionUtil\nWARNING: Use --illegal-access=warn to enable warnings of further illegal reflective access operations\nWARNING: All illegal access operations will be denied in a future release\n&quot;. Should have been: &quot;&quot;
  in .ExecRunDemos.Test
	at ptolemy.actor.lib.Test.fire(Test.java:268)
	at ptolemy.actor.AtomicActor.iterate(AtomicActor.java:512)
	at ptolemy.actor.sched.StaticSchedulingDirector.fire(StaticSchedulingDirector.java:216)
	at ptolemy.domains.sdf.kernel.SDFDirector.fire(SDFDirector.java:500)
	at ptolemy.actor.CompositeActor.fire(CompositeActor.java:455)
	at ptolemy.actor.Manager.iterate(Manager.java:851)
	at ptolemy.actor.Manager.execute(Manager.java:369)
	at ptolemy.actor.Manager.run(Manager.java:1263)
	at ptolemy.actor.Manager$PtolemyRunThread.run(Manager.java:1915)
</error>
  </testcase>
  <testcase classname="ptolemy.util.test.junit.AutoTests" name="[148] /home/travis/build/icyphy/ptII/ptolemy/actor/lib/test/auto/ExecStop.xml (RunModel)" time="5.047" />
  <testcase classname="ptolemy.util.test.junit.AutoTests" name="[149] /home/travis/build/icyphy/ptII/ptolemy/actor/lib/test/auto/ExecutionTimeSDF.xml (RunModel)" time="6.036" />
  <testcase classname="ptolemy.util.test.junit.AutoTests" name="[150] /home/travis/build/icyphy/ptII/ptolemy/actor/lib/test/auto/Expression1.xml (RunModel)" time="0.017" />
  <testcase classname="ptolemy.util.test.junit.AutoTests" name="[151] /home/travis/build/icyphy/ptII/ptolemy/actor/lib/test/auto/Expression10.xml (RunModel)" time="0.035" />
  <testcase classname="ptolemy.util.test.junit.AutoTests" name="[152] /home/travis/build/icyphy/ptII/ptolemy/actor/lib/test/auto/Expression11.xml (RunModel)" time="0.019" />
  <testcase classname="ptolemy.util.test.junit.AutoTests" name="[153] /home/travis/build/icyphy/ptII/ptolemy/actor/lib/test/auto/Expression12.xml (RunModel)" time="0.013" />
  <testcase classname="ptolemy.util.test.junit.AutoTests" name="[154] /home/travis/build/icyphy/ptII/ptolemy/actor/lib/test/auto/Expression13.xml (RunModel)" time="0.012" />
  <testcase classname="ptolemy.util.test.junit.AutoTests" name="[155] /home/travis/build/icyphy/ptII/ptolemy/actor/lib/test/auto/Expression14.xml (RunModel)" time="0.018" />
  <testcase classname="ptolemy.util.test.junit.AutoTests" name="[156] /home/travis/build/icyphy/ptII/ptolemy/actor/lib/test/auto/Expression15.xml (RunModel)" time="0.008" />
  <testcase classname="ptolemy.util.test.junit.AutoTests" name="[157] /home/travis/build/icyphy/ptII/ptolemy/actor/lib/test/auto/Expression16.xml (RunModel)" time="0.011" />
  <testcase classname="ptolemy.util.test.junit.AutoTests" name="[158] /home/travis/build/icyphy/ptII/ptolemy/actor/lib/test/auto/Expression17.xml (RunModel)" time="0.011" />
  <testcase classname="ptolemy.util.test.junit.AutoTests" name="[159] /home/travis/build/icyphy/ptII/ptolemy/actor/lib/test/auto/Expression18.xml (RunModel)" time="0.012" />
  <testcase classname="ptolemy.util.test.junit.AutoTests" name="[160] /home/travis/build/icyphy/ptII/ptolemy/actor/lib/test/auto/Expression2.xml (RunModel)" time="0.055" />
  <testcase classname="ptolemy.util.test.junit.AutoTests" name="[161] /home/travis/build/icyphy/ptII/ptolemy/actor/lib/test/auto/Expression3.xml (RunModel)" time="0.017" />
  <testcase classname="ptolemy.util.test.junit.AutoTests" name="[162] /home/travis/build/icyphy/ptII/ptolemy/actor/lib/test/auto/Expression4.xml (RunModel)" time="0.022" />
  <testcase classname="ptolemy.util.test.junit.AutoTests" name="[163] /home/travis/build/icyphy/ptII/ptolemy/actor/lib/test/auto/Expression5.xml (RunModel)" time="0.013" />
  <testcase classname="ptolemy.util.test.junit.AutoTests" name="[164] /home/travis/build/icyphy/ptII/ptolemy/actor/lib/test/auto/Expression6.xml (RunModel)" time="0.011" />
  <testcase classname="ptolemy.util.test.junit.AutoTests" name="[165] /home/travis/build/icyphy/ptII/ptolemy/actor/lib/test/auto/Expression7.xml (RunModel)" time="0.013" />
  <testcase classname="ptolemy.util.test.junit.AutoTests" name="[166] /home/travis/build/icyphy/ptII/ptolemy/actor/lib/test/auto/Expression8.xml (RunModel)" time="0.017" />
  <testcase classname="ptolemy.util.test.junit.AutoTests" name="[167] /home/travis/build/icyphy/ptII/ptolemy/actor/lib/test/auto/Expression9.xml (RunModel)" time="0.008" />
  <testcase classname="ptolemy.util.test.junit.AutoTests" name="[168] /home/travis/build/icyphy/ptII/ptolemy/actor/lib/test/auto/ExpressionConcatenateArrayType.xml (RunModel)" time="0.029" />
  <testcase classname="ptolemy.util.test.junit.AutoTests" name="[169] /home/travis/build/icyphy/ptII/ptolemy/actor/lib/test/auto/ExpressionConcatenateArrayType2.xml (RunModel)" time="0.04" />
  <testcase classname="ptolemy.util.test.junit.AutoTests" name="[170] /home/travis/build/icyphy/ptII/ptolemy/actor/lib/test/auto/ExpressionFix.xml (RunModel)" time="0.056" />
  <testcase classname="ptolemy.util.test.junit.AutoTests" name="[171] /home/travis/build/icyphy/ptII/ptolemy/actor/lib/test/auto/ExpressionFix2.xml (RunModel)" time="0.012" />
  <testcase classname="ptolemy.util.test.junit.AutoTests" name="[172] /home/travis/build/icyphy/ptII/ptolemy/actor/lib/test/auto/ExpressionFix3.xml (RunModel)" time="0.013" />
  <testcase classname="ptolemy.util.test.junit.AutoTests" name="[173] /home/travis/build/icyphy/ptII/ptolemy/actor/lib/test/auto/FileWriter1.xml (RunModel)" time="0.011" />
  <testcase classname="ptolemy.util.test.junit.AutoTests" name="[174] /home/travis/build/icyphy/ptII/ptolemy/actor/lib/test/auto/FileWriter2.xml (RunModel)" time="0.015" />
  <testcase classname="ptolemy.util.test.junit.AutoTests" name="[175] /home/travis/build/icyphy/ptII/ptolemy/actor/lib/test/auto/FileWriter3.xml (RunModel)" time="0.014" />
  <testcase classname="ptolemy.util.test.junit.AutoTests" name="[176] /home/travis/build/icyphy/ptII/ptolemy/actor/lib/test/auto/Gaussian.xml (RunModel)" time="0.013" />
  <testcase classname="ptolemy.util.test.junit.AutoTests" name="[177] /home/travis/build/icyphy/ptII/ptolemy/actor/lib/test/auto/Gaussian1.xml (RunModel)" time="0.014" />
  <testcase classname="ptolemy.util.test.junit.AutoTests" name="[178] /home/travis/build/icyphy/ptII/ptolemy/actor/lib/test/auto/Gaussian2.xml (RunModel)" time="0.022" />
  <testcase classname="ptolemy.util.test.junit.AutoTests" name="[179] /home/travis/build/icyphy/ptII/ptolemy/actor/lib/test/auto/GradientAdaptiveLattice.xml (RunModel)" time="0.016" />
  <testcase classname="ptolemy.util.test.junit.AutoTests" name="[180] /home/travis/build/icyphy/ptII/ptolemy/actor/lib/test/auto/IIR.xml (RunModel)" time="0.011" />
  <testcase classname="ptolemy.util.test.junit.AutoTests" name="[181] /home/travis/build/icyphy/ptII/ptolemy/actor/lib/test/auto/InputOutputTransparentPorts.xml (RunModel)" time="0.024" />
  <testcase classname="ptolemy.util.test.junit.AutoTests" name="[182] /home/travis/build/icyphy/ptII/ptolemy/actor/lib/test/auto/Interpolator.xml (RunModel)" time="0.029" />
  <testcase classname="ptolemy.util.test.junit.AutoTests" name="[183] /home/travis/build/icyphy/ptII/ptolemy/actor/lib/test/auto/InterpolatorFiringLimitDE.xml (RunModel)" time="0.017" />
  <testcase classname="ptolemy.util.test.junit.AutoTests" name="[184] /home/travis/build/icyphy/ptII/ptolemy/actor/lib/test/auto/Lattice.xml (RunModel)" time="0.011" />
  <testcase classname="ptolemy.util.test.junit.AutoTests" name="[185] /home/travis/build/icyphy/ptII/ptolemy/actor/lib/test/auto/LazyAOCTestLazy.xml (RunModel)" time="0.042" />
  <testcase classname="ptolemy.util.test.junit.AutoTests" name="[186] /home/travis/build/icyphy/ptII/ptolemy/actor/lib/test/auto/LazyAOCTestNonLazy.xml (RunModel)" time="0.06" />
  <testcase classname="ptolemy.util.test.junit.AutoTests" name="[187] /home/travis/build/icyphy/ptII/ptolemy/actor/lib/test/auto/LazyInnerClass.xml (RunModel)" time="0.058" />
  <testcase classname="ptolemy.util.test.junit.AutoTests" name="[188] /home/travis/build/icyphy/ptII/ptolemy/actor/lib/test/auto/LazyPubSub.xml (RunModel)" time="0.061" />
  <testcase classname="ptolemy.util.test.junit.AutoTests" name="[189] /home/travis/build/icyphy/ptII/ptolemy/actor/lib/test/auto/LazyPubSub2.xml (RunModel)" time="0.034" />
  <testcase classname="ptolemy.util.test.junit.AutoTests" name="[190] /home/travis/build/icyphy/ptII/ptolemy/actor/lib/test/auto/LazyPubSub3.xml (RunModel)" time="0.029" />
  <testcase classname="ptolemy.util.test.junit.AutoTests" name="[191] /home/travis/build/icyphy/ptII/ptolemy/actor/lib/test/auto/LazySubClassModel.xml (RunModel)" time="0.025" />
  <testcase classname="ptolemy.util.test.junit.AutoTests" name="[192] /home/travis/build/icyphy/ptII/ptolemy/actor/lib/test/auto/LevelCrossTest1.xml (RunModel)" time="0.012" />
  <testcase classname="ptolemy.util.test.junit.AutoTests" name="[193] /home/travis/build/icyphy/ptII/ptolemy/actor/lib/test/auto/LevelCrossTest10.xml (RunModel)" time="0.018" />
  <testcase classname="ptolemy.util.test.junit.AutoTests" name="[194] /home/travis/build/icyphy/ptII/ptolemy/actor/lib/test/auto/LevelCrossTest11.xml (RunModel)" time="0.015" />
  <testcase classname="ptolemy.util.test.junit.AutoTests" name="[195] /home/travis/build/icyphy/ptII/ptolemy/actor/lib/test/auto/LevelCrossTest12.xml (RunModel)" time="0.015" />
  <testcase classname="ptolemy.util.test.junit.AutoTests" name="[196] /home/travis/build/icyphy/ptII/ptolemy/actor/lib/test/auto/LevelCrossTest13.xml (RunModel)" time="0.016" />
  <testcase classname="ptolemy.util.test.junit.AutoTests" name="[197] /home/travis/build/icyphy/ptII/ptolemy/actor/lib/test/auto/LevelCrossTest2.xml (RunModel)" time="0.012" />
  <testcase classname="ptolemy.util.test.junit.AutoTests" name="[198] /home/travis/build/icyphy/ptII/ptolemy/actor/lib/test/auto/LevelCrossTest3.xml (RunModel)" time="0.014" />
  <testcase classname="ptolemy.util.test.junit.AutoTests" name="[199] /home/travis/build/icyphy/ptII/ptolemy/actor/lib/test/auto/LevelCrossTest4.xml (RunModel)" time="0.013" />
  <testcase classname="ptolemy.util.test.junit.AutoTests" name="[200] /home/travis/build/icyphy/ptII/ptolemy/actor/lib/test/auto/LevelCrossTest5.xml (RunModel)" time="0.015" />
  <testcase classname="ptolemy.util.test.junit.AutoTests" name="[201] /home/travis/build/icyphy/ptII/ptolemy/actor/lib/test/auto/LevelCrossTest6.xml (RunModel)" time="0.017" />
  <testcase classname="ptolemy.util.test.junit.AutoTests" name="[202] /home/travis/build/icyphy/ptII/ptolemy/actor/lib/test/auto/LevelCrossTest7.xml (RunModel)" time="0.013" />
  <testcase classname="ptolemy.util.test.junit.AutoTests" name="[203] /home/travis/build/icyphy/ptII/ptolemy/actor/lib/test/auto/LevelCrossTest8.xml (RunModel)" time="0.013" />
  <testcase classname="ptolemy.util.test.junit.AutoTests" name="[204] /home/travis/build/icyphy/ptII/ptolemy/actor/lib/test/auto/LevelCrossTest9.xml (RunModel)" time="0.013" />
  <testcase classname="ptolemy.util.test.junit.AutoTests" name="[205] /home/travis/build/icyphy/ptII/ptolemy/actor/lib/test/auto/LevinsonDurbin.xml (RunModel)" time="0.017" />
  <testcase classname="ptolemy.util.test.junit.AutoTests" name="[206] /home/travis/build/icyphy/ptII/ptolemy/actor/lib/test/auto/LevinsonDurbin2.xml (RunModel)" time="0.008" />
  <testcase classname="ptolemy.util.test.junit.AutoTests" name="[207] /home/travis/build/icyphy/ptII/ptolemy/actor/lib/test/auto/LevinsonDurbin3.xml (RunModel)" time="0.012" />
  <testcase classname="ptolemy.util.test.junit.AutoTests" name="[208] /home/travis/build/icyphy/ptII/ptolemy/actor/lib/test/auto/Limiter.xml (RunModel)" time="0.032" />
  <testcase classname="ptolemy.util.test.junit.AutoTests" name="[209] /home/travis/build/icyphy/ptII/ptolemy/actor/lib/test/auto/LinearDifferenceEquationSystem.xml (RunModel)" time="0.03" />
  <testcase classname="ptolemy.util.test.junit.AutoTests" name="[210] /home/travis/build/icyphy/ptII/ptolemy/actor/lib/test/auto/LookupTable.xml (RunModel)" time="0.01" />
  <testcase classname="ptolemy.util.test.junit.AutoTests" name="[211] /home/travis/build/icyphy/ptII/ptolemy/actor/lib/test/auto/MathFunction.xml (RunModel)" time="0.018" />
  <testcase classname="ptolemy.util.test.junit.AutoTests" name="[212] /home/travis/build/icyphy/ptII/ptolemy/actor/lib/test/auto/MathFunction2.xml (RunModel)" time="0.009" />
  <testcase classname="ptolemy.util.test.junit.AutoTests" name="[213] /home/travis/build/icyphy/ptII/ptolemy/actor/lib/test/auto/MathFunction3.xml (RunModel)" time="0.02" />
  <testcase classname="ptolemy.util.test.junit.AutoTests" name="[214] /home/travis/build/icyphy/ptII/ptolemy/actor/lib/test/auto/MatrixCropBoolean.xml (RunModel)" time="0.012" />
  <testcase classname="ptolemy.util.test.junit.AutoTests" name="[215] /home/travis/build/icyphy/ptII/ptolemy/actor/lib/test/auto/MatrixCropComplex.xml (RunModel)" time="0.009" />
  <testcase classname="ptolemy.util.test.junit.AutoTests" name="[216] /home/travis/build/icyphy/ptII/ptolemy/actor/lib/test/auto/MatrixCropDouble.xml (RunModel)" time="0.008" />
  <testcase classname="ptolemy.util.test.junit.AutoTests" name="[217] /home/travis/build/icyphy/ptII/ptolemy/actor/lib/test/auto/MatrixCropFix.xml (RunModel)" time="0.014" />
  <testcase classname="ptolemy.util.test.junit.AutoTests" name="[218] /home/travis/build/icyphy/ptII/ptolemy/actor/lib/test/auto/MatrixCropInt.xml (RunModel)" time="0.011" />
  <testcase classname="ptolemy.util.test.junit.AutoTests" name="[219] /home/travis/build/icyphy/ptII/ptolemy/actor/lib/test/auto/MatrixCropLong.xml (RunModel)" time="0.008" />
  <testcase classname="ptolemy.util.test.junit.AutoTests" name="[220] /home/travis/build/icyphy/ptII/ptolemy/actor/lib/test/auto/MatrixToArray.xml (RunModel)" time="0.062" />
  <testcase classname="ptolemy.util.test.junit.AutoTests" name="[221] /home/travis/build/icyphy/ptII/ptolemy/actor/lib/test/auto/MaxIndex.xml (RunModel)" time="0.011" />
  <testcase classname="ptolemy.util.test.junit.AutoTests" name="[222] /home/travis/build/icyphy/ptII/ptolemy/actor/lib/test/auto/Maximum.xml (RunModel)" time="0.025" />
  <testcase classname="ptolemy.util.test.junit.AutoTests" name="[223] /home/travis/build/icyphy/ptII/ptolemy/actor/lib/test/auto/MaximumComplex.xml (RunModel)" time="0.014" />
  <testcase classname="ptolemy.util.test.junit.AutoTests" name="[224] /home/travis/build/icyphy/ptII/ptolemy/actor/lib/test/auto/MethodCallTest.xml (RunModel)" time="0.02" />
  <testcase classname="ptolemy.util.test.junit.AutoTests" name="[225] /home/travis/build/icyphy/ptII/ptolemy/actor/lib/test/auto/Minimum.xml (RunModel)" time="0.012" />
  <testcase classname="ptolemy.util.test.junit.AutoTests" name="[226] /home/travis/build/icyphy/ptII/ptolemy/actor/lib/test/auto/MinimumComplex.xml (RunModel)" time="0.023" />
  <testcase classname="ptolemy.util.test.junit.AutoTests" name="[227] /home/travis/build/icyphy/ptII/ptolemy/actor/lib/test/auto/MinimumMultiports.xml (RunModel)" time="0.062" />
  <testcase classname="ptolemy.util.test.junit.AutoTests" name="[228] /home/travis/build/icyphy/ptII/ptolemy/actor/lib/test/auto/ModifyDate.xml (RunModel)" time="0.045" />
  <testcase classname="ptolemy.util.test.junit.AutoTests" name="[229] /home/travis/build/icyphy/ptII/ptolemy/actor/lib/test/auto/ModifyDate2.xml (RunModel)" time="0.028" />
  <testcase classname="ptolemy.util.test.junit.AutoTests" name="[230] /home/travis/build/icyphy/ptII/ptolemy/actor/lib/test/auto/MovingAverage.xml (RunModel)" time="0.011" />
  <testcase classname="ptolemy.util.test.junit.AutoTests" name="[231] /home/travis/build/icyphy/ptII/ptolemy/actor/lib/test/auto/MovingMaximum.xml (RunModel)" time="0.011" />
  <testcase classname="ptolemy.util.test.junit.AutoTests" name="[232] /home/travis/build/icyphy/ptII/ptolemy/actor/lib/test/auto/MultipleLinksToSameRelation.xml (RunModel)" time="0.007" />
  <testcase classname="ptolemy.util.test.junit.AutoTests" name="[233] /home/travis/build/icyphy/ptII/ptolemy/actor/lib/test/auto/MultipleLinksToSameRelationDE.xml (RunModel)" time="0.007" />
  <testcase classname="ptolemy.util.test.junit.AutoTests" name="[234] /home/travis/build/icyphy/ptII/ptolemy/actor/lib/test/auto/Multiplexor.xml (RunModel)" time="0.012" />
  <testcase classname="ptolemy.util.test.junit.AutoTests" name="[235] /home/travis/build/icyphy/ptII/ptolemy/actor/lib/test/auto/Multiplexor1.xml (RunModel)" time="0.01" />
  <testcase classname="ptolemy.util.test.junit.AutoTests" name="[236] /home/travis/build/icyphy/ptII/ptolemy/actor/lib/test/auto/Multiplexor2.xml (RunModel)" time="0.012" />
  <testcase classname="ptolemy.util.test.junit.AutoTests" name="[237] /home/travis/build/icyphy/ptII/ptolemy/actor/lib/test/auto/Multiplexor3.xml (RunModel)" time="0.007" />
  <testcase classname="ptolemy.util.test.junit.AutoTests" name="[238] /home/travis/build/icyphy/ptII/ptolemy/actor/lib/test/auto/MultiplexorDE.xml (RunModel)" time="0.015" />
  <testcase classname="ptolemy.util.test.junit.AutoTests" name="[239] /home/travis/build/icyphy/ptII/ptolemy/actor/lib/test/auto/MultiportBroadcastTest.xml (RunModel)" time="0.106" />
  <testcase classname="ptolemy.util.test.junit.AutoTests" name="[240] /home/travis/build/icyphy/ptII/ptolemy/actor/lib/test/auto/MultiportOutHangDuringGetWidth.xml (RunModel)" time="0.033" />
  <testcase classname="ptolemy.util.test.junit.AutoTests" name="[241] /home/travis/build/icyphy/ptII/ptolemy/actor/lib/test/auto/NilToken.xml (RunModel)" time="0.006" />
  <testcase classname="ptolemy.util.test.junit.AutoTests" name="[242] /home/travis/build/icyphy/ptII/ptolemy/actor/lib/test/auto/NilTokenNonStrictTest.xml (RunModel)" time="0.012" />
  <testcase classname="ptolemy.util.test.junit.AutoTests" name="[243] /home/travis/build/icyphy/ptII/ptolemy/actor/lib/test/auto/NilTokenRecord.xml (RunModel)" time="0.03" />
  <testcase classname="ptolemy.util.test.junit.AutoTests" name="[244] /home/travis/build/icyphy/ptII/ptolemy/actor/lib/test/auto/NilTokenTypeTest.xml (RunModel)" time="0.022" />
  <testcase classname="ptolemy.util.test.junit.AutoTests" name="[245] /home/travis/build/icyphy/ptII/ptolemy/actor/lib/test/auto/ObjectToken1.xml (RunModel)" time="0.007" />
  <testcase classname="ptolemy.util.test.junit.AutoTests" name="[246] /home/travis/build/icyphy/ptII/ptolemy/actor/lib/test/auto/OrderedMerge.xml (RunModel)" time="0.02" />
  <testcase classname="ptolemy.util.test.junit.AutoTests" name="[247] /home/travis/build/icyphy/ptII/ptolemy/actor/lib/test/auto/OrderedRecordDisassembler.xml (RunModel)" time="0.017" />
  <testcase classname="ptolemy.util.test.junit.AutoTests" name="[248] /home/travis/build/icyphy/ptII/ptolemy/actor/lib/test/auto/OrderedRecordDisassembler2.xml (RunModel)" time="0.022" />
  <testcase classname="ptolemy.util.test.junit.AutoTests" name="[249] /home/travis/build/icyphy/ptII/ptolemy/actor/lib/test/auto/OrderedRecordUpdater.xml (RunModel)" time="0.013" />
  <testcase classname="ptolemy.util.test.junit.AutoTests" name="[250] /home/travis/build/icyphy/ptII/ptolemy/actor/lib/test/auto/OrderedRecordUpdater2.xml (RunModel)" time="0.018" />
  <testcase classname="ptolemy.util.test.junit.AutoTests" name="[251] /home/travis/build/icyphy/ptII/ptolemy/actor/lib/test/auto/PhaseUnwrap.xml (RunModel)" time="0.013" />
  <testcase classname="ptolemy.util.test.junit.AutoTests" name="[252] /home/travis/build/icyphy/ptII/ptolemy/actor/lib/test/auto/PoissonClock.xml (RunModel)" time="0.013" />
  <testcase classname="ptolemy.util.test.junit.AutoTests" name="[253] /home/travis/build/icyphy/ptII/ptolemy/actor/lib/test/auto/PoissonClock2.xml (RunModel)" time="0.007" />
  <testcase classname="ptolemy.util.test.junit.AutoTests" name="[254] /home/travis/build/icyphy/ptII/ptolemy/actor/lib/test/auto/PoissonClock3.xml (RunModel)" time="0.024" />
  <testcase classname="ptolemy.util.test.junit.AutoTests" name="[255] /home/travis/build/icyphy/ptII/ptolemy/actor/lib/test/auto/PubSubWithInitialTokens.xml (RunModel)" time="0.015" />
  <testcase classname="ptolemy.util.test.junit.AutoTests" name="[256] /home/travis/build/icyphy/ptII/ptolemy/actor/lib/test/auto/PubSubWithInitialTokens2.xml (RunModel)" time="0.013" />
  <testcase classname="ptolemy.util.test.junit.AutoTests" name="[257] /home/travis/build/icyphy/ptII/ptolemy/actor/lib/test/auto/PublisherClassNoParameter.xml (RunModel)" time="0.025" />
  <testcase classname="ptolemy.util.test.junit.AutoTests" name="[258] /home/travis/build/icyphy/ptII/ptolemy/actor/lib/test/auto/PublisherClassParameter.xml (RunModel)" time="0.019" />
  <testcase classname="ptolemy.util.test.junit.AutoTests" name="[259] /home/travis/build/icyphy/ptII/ptolemy/actor/lib/test/auto/PublisherNonStrictTest.xml (RunModel)" time="0.016" />
  <testcase classname="ptolemy.util.test.junit.AutoTests" name="[260] /home/travis/build/icyphy/ptII/ptolemy/actor/lib/test/auto/PublisherPort1.xml (RunModel)" time="0.016" />
  <testcase classname="ptolemy.util.test.junit.AutoTests" name="[261] /home/travis/build/icyphy/ptII/ptolemy/actor/lib/test/auto/PublisherPort2.xml (RunModel)" time="0.014" />
  <testcase classname="ptolemy.util.test.junit.AutoTests" name="[262] /home/travis/build/icyphy/ptII/ptolemy/actor/lib/test/auto/PublisherPort3.xml (RunModel)" time="0.011" />
  <testcase classname="ptolemy.util.test.junit.AutoTests" name="[263] /home/travis/build/icyphy/ptII/ptolemy/actor/lib/test/auto/PublisherPort4.xml (RunModel)" time="0.012" />
  <testcase classname="ptolemy.util.test.junit.AutoTests" name="[264] /home/travis/build/icyphy/ptII/ptolemy/actor/lib/test/auto/PublisherPort5.xml (RunModel)" time="0.014" />
  <testcase classname="ptolemy.util.test.junit.AutoTests" name="[265] /home/travis/build/icyphy/ptII/ptolemy/actor/lib/test/auto/PublisherPort5LookAlike.xml (RunModel)" time="0.018" />
  <testcase classname="ptolemy.util.test.junit.AutoTests" name="[266] /home/travis/build/icyphy/ptII/ptolemy/actor/lib/test/auto/PublisherPort6.xml (RunModel)" time="0.014" />
  <testcase classname="ptolemy.util.test.junit.AutoTests" name="[267] /home/travis/build/icyphy/ptII/ptolemy/actor/lib/test/auto/PublisherPort7.xml (RunModel)" time="0.013" />
  <testcase classname="ptolemy.util.test.junit.AutoTests" name="[268] /home/travis/build/icyphy/ptII/ptolemy/actor/lib/test/auto/PublisherPort8.xml (RunModel)" time="0.014" />
  <testcase classname="ptolemy.util.test.junit.AutoTests" name="[269] /home/travis/build/icyphy/ptII/ptolemy/actor/lib/test/auto/PublisherPortSubscriberChannelVariablesAOC2.xml (RunModel)" time="0.041" />
  <testcase classname="ptolemy.util.test.junit.AutoTests" name="[270] /home/travis/build/icyphy/ptII/ptolemy/actor/lib/test/auto/PublisherPortSubscriberOpaqueWidthInference.xml (RunModel)" time="0.015" />
  <testcase classname="ptolemy.util.test.junit.AutoTests" name="[271] /home/travis/build/icyphy/ptII/ptolemy/actor/lib/test/auto/PublisherPortSubscriberPortAdjacent.xml (RunModel)" time="0.018" />
  <testcase classname="ptolemy.util.test.junit.AutoTests" name="[272] /home/travis/build/icyphy/ptII/ptolemy/actor/lib/test/auto/PublisherPortSubscriberPortExpression.xml (RunModel)" time="0.016" />
  <testcase classname="ptolemy.util.test.junit.AutoTests" name="[273] /home/travis/build/icyphy/ptII/ptolemy/actor/lib/test/auto/PublisherPortSubscriberPortOpaqueD3Reverse.xml (RunModel)" time="0.034" />
  <testcase classname="ptolemy.util.test.junit.AutoTests" name="[274] /home/travis/build/icyphy/ptII/ptolemy/actor/lib/test/auto/PublisherPortSubscriberPortOpaqueWidthInference.xml (RunModel)" time="0.016" />
  <testcase classname="ptolemy.util.test.junit.AutoTests" name="[275] /home/travis/build/icyphy/ptII/ptolemy/actor/lib/test/auto/PublisherPortToplevelSubscriberPortAOC.xml (RunModel)" time="0.012" />
  <testcase classname="ptolemy.util.test.junit.AutoTests" name="[276] /home/travis/build/icyphy/ptII/ptolemy/actor/lib/test/auto/PublisherSubscriber.xml (RunModel)" time="0.013" />
  <testcase classname="ptolemy.util.test.junit.AutoTests" name="[277] /home/travis/build/icyphy/ptII/ptolemy/actor/lib/test/auto/PublisherSubscriber10.xml (RunModel)" time="0.019" />
  <testcase classname="ptolemy.util.test.junit.AutoTests" name="[278] /home/travis/build/icyphy/ptII/ptolemy/actor/lib/test/auto/PublisherSubscriber10InitialOutputs.xml (RunModel)" time="0.03" />
  <testcase classname="ptolemy.util.test.junit.AutoTests" name="[279] /home/travis/build/icyphy/ptII/ptolemy/actor/lib/test/auto/PublisherSubscriber11.xml (RunModel)" time="0.011" />
  <testcase classname="ptolemy.util.test.junit.AutoTests" name="[280] /home/travis/build/icyphy/ptII/ptolemy/actor/lib/test/auto/PublisherSubscriber12.xml (RunModel)" time="0.014" />
  <testcase classname="ptolemy.util.test.junit.AutoTests" name="[281] /home/travis/build/icyphy/ptII/ptolemy/actor/lib/test/auto/PublisherSubscriber13.xml (RunModel)" time="0.009" />
  <testcase classname="ptolemy.util.test.junit.AutoTests" name="[282] /home/travis/build/icyphy/ptII/ptolemy/actor/lib/test/auto/PublisherSubscriber14.xml (RunModel)" time="0.024" />
  <testcase classname="ptolemy.util.test.junit.AutoTests" name="[283] /home/travis/build/icyphy/ptII/ptolemy/actor/lib/test/auto/PublisherSubscriber2.xml (RunModel)" time="0.01" />
  <testcase classname="ptolemy.util.test.junit.AutoTests" name="[284] /home/travis/build/icyphy/ptII/ptolemy/actor/lib/test/auto/PublisherSubscriber3.xml (RunModel)" time="0.008" />
  <testcase classname="ptolemy.util.test.junit.AutoTests" name="[285] /home/travis/build/icyphy/ptII/ptolemy/actor/lib/test/auto/PublisherSubscriber4.xml (RunModel)" time="0.008" />
  <testcase classname="ptolemy.util.test.junit.AutoTests" name="[286] /home/travis/build/icyphy/ptII/ptolemy/actor/lib/test/auto/PublisherSubscriber5.xml (RunModel)" time="0.012" />
  <testcase classname="ptolemy.util.test.junit.AutoTests" name="[287] /home/travis/build/icyphy/ptII/ptolemy/actor/lib/test/auto/PublisherSubscriber6.xml (RunModel)" time="0.014" />
  <testcase classname="ptolemy.util.test.junit.AutoTests" name="[288] /home/travis/build/icyphy/ptII/ptolemy/actor/lib/test/auto/PublisherSubscriber7.xml (RunModel)" time="0.018" />
  <testcase classname="ptolemy.util.test.junit.AutoTests" name="[289] /home/travis/build/icyphy/ptII/ptolemy/actor/lib/test/auto/PublisherSubscriber8.xml (RunModel)" time="0.064" />
  <testcase classname="ptolemy.util.test.junit.AutoTests" name="[290] /home/travis/build/icyphy/ptII/ptolemy/actor/lib/test/auto/PublisherSubscriber9.xml (RunModel)" time="0.014" />
  <testcase classname="ptolemy.util.test.junit.AutoTests" name="[291] /home/travis/build/icyphy/ptII/ptolemy/actor/lib/test/auto/PublisherSubscriberAdjacent.xml (RunModel)" time="0.016" />
  <testcase classname="ptolemy.util.test.junit.AutoTests" name="[292] /home/travis/build/icyphy/ptII/ptolemy/actor/lib/test/auto/PublisherSubscriberChannelVariablesAOC2.xml (RunModel)" time="0.025" />
  <testcase classname="ptolemy.util.test.junit.AutoTests" name="[293] /home/travis/build/icyphy/ptII/ptolemy/actor/lib/test/auto/PublisherSubscriberD3.xml (RunModel)" time="0.013" />
  <testcase classname="ptolemy.util.test.junit.AutoTests" name="[294] /home/travis/build/icyphy/ptII/ptolemy/actor/lib/test/auto/PublisherSubscriberD3Reverse.xml (RunModel)" time="0.014" />
  <testcase classname="ptolemy.util.test.junit.AutoTests" name="[295] /home/travis/build/icyphy/ptII/ptolemy/actor/lib/test/auto/PublisherSubscriberExpression.xml (RunModel)" time="0.017" />
  <testcase classname="ptolemy.util.test.junit.AutoTests" name="[296] /home/travis/build/icyphy/ptII/ptolemy/actor/lib/test/auto/PublisherSubscriberOpaque.xml (RunModel)" time="0.014" />
  <testcase classname="ptolemy.util.test.junit.AutoTests" name="[297] /home/travis/build/icyphy/ptII/ptolemy/actor/lib/test/auto/PublisherSubscriberOpaqueD3.xml (RunModel)" time="0.022" />
  <testcase classname="ptolemy.util.test.junit.AutoTests" name="[298] /home/travis/build/icyphy/ptII/ptolemy/actor/lib/test/auto/PublisherSubscriberOpaqueD3Reverse.xml (RunModel)" time="0.024" />
  <testcase classname="ptolemy.util.test.junit.AutoTests" name="[299] /home/travis/build/icyphy/ptII/ptolemy/actor/lib/test/auto/PublisherSubscriberOpaqueWidthInference.xml (RunModel)" time="0.016" />
  <testcase classname="ptolemy.util.test.junit.AutoTests" name="[300] /home/travis/build/icyphy/ptII/ptolemy/actor/lib/test/auto/PublisherTestSubscriber.xml (RunModel)" time="0.014" />
  <testcase classname="ptolemy.util.test.junit.AutoTests" name="[301] /home/travis/build/icyphy/ptII/ptolemy/actor/lib/test/auto/PublisherToplevelSubscriberPortAOC.xml (RunModel)" time="0.01" />
  <testcase classname="ptolemy.util.test.junit.AutoTests" name="[302] /home/travis/build/icyphy/ptII/ptolemy/actor/lib/test/auto/PulseFiringLimitDE.xml (RunModel)" time="0.014" />
  <testcase classname="ptolemy.util.test.junit.AutoTests" name="[303] /home/travis/build/icyphy/ptII/ptolemy/actor/lib/test/auto/Ramp1.xml (RunModel)" time="0.006" />
  <testcase classname="ptolemy.util.test.junit.AutoTests" name="[304] /home/travis/build/icyphy/ptII/ptolemy/actor/lib/test/auto/RampFiringLimitDE.xml (RunModel)" time="0.011" />
  <testcase classname="ptolemy.util.test.junit.AutoTests" name="[305] /home/travis/build/icyphy/ptII/ptolemy/actor/lib/test/auto/RampFiringLimitSDF.xml (RunModel)" time="0.01" />
  <testcase classname="ptolemy.util.test.junit.AutoTests" name="[306] /home/travis/build/icyphy/ptII/ptolemy/actor/lib/test/auto/RandomInteger.xml (RunModel)" time="0.008" />
  <testcase classname="ptolemy.util.test.junit.AutoTests" name="[307] /home/travis/build/icyphy/ptII/ptolemy/actor/lib/test/auto/ReadFile1.xml (RunModel)" time="0.007" />
  <testcase classname="ptolemy.util.test.junit.AutoTests" name="[308] /home/travis/build/icyphy/ptII/ptolemy/actor/lib/test/auto/ReadFile2.xml (RunModel)" time="0.008" />
  <testcase classname="ptolemy.util.test.junit.AutoTests" name="[309] /home/travis/build/icyphy/ptII/ptolemy/actor/lib/test/auto/Reader.xml (RunModel)" time="0.015" />
  <testcase classname="ptolemy.util.test.junit.AutoTests" name="[310] /home/travis/build/icyphy/ptII/ptolemy/actor/lib/test/auto/RecordAssemblerDisplayNameTest.xml (RunModel)" time="3.849" />
  <testcase classname="ptolemy.util.test.junit.AutoTests" name="[311] /home/travis/build/icyphy/ptII/ptolemy/actor/lib/test/auto/RecordAssemblerTypeError.xml (RunModel)" time="0.043" />
  <testcase classname="ptolemy.util.test.junit.AutoTests" name="[312] /home/travis/build/icyphy/ptII/ptolemy/actor/lib/test/auto/RecordDisassember.xml (RunModel)" time="0.016" />
  <testcase classname="ptolemy.util.test.junit.AutoTests" name="[313] /home/travis/build/icyphy/ptII/ptolemy/actor/lib/test/auto/RecordDisassemberDisplayNameTest.xml (RunModel)" time="0.017" />
  <testcase classname="ptolemy.util.test.junit.AutoTests" name="[314] /home/travis/build/icyphy/ptII/ptolemy/actor/lib/test/auto/RecordDisassembler.xml (RunModel)" time="0.011" />
  <testcase classname="ptolemy.util.test.junit.AutoTests" name="[315] /home/travis/build/icyphy/ptII/ptolemy/actor/lib/test/auto/RecordDisassembler2.xml (RunModel)" time="0.011" />
  <testcase classname="ptolemy.util.test.junit.AutoTests" name="[316] /home/travis/build/icyphy/ptII/ptolemy/actor/lib/test/auto/RecordUpdater.xml (RunModel)" time="0.008" />
  <testcase classname="ptolemy.util.test.junit.AutoTests" name="[317] /home/travis/build/icyphy/ptII/ptolemy/actor/lib/test/auto/RecordUpdater2.xml (RunModel)" time="0.008" />
  <testcase classname="ptolemy.util.test.junit.AutoTests" name="[318] /home/travis/build/icyphy/ptII/ptolemy/actor/lib/test/auto/RecursiveLattice.xml (RunModel)" time="0.007" />
  <testcase classname="ptolemy.util.test.junit.AutoTests" name="[319] /home/travis/build/icyphy/ptII/ptolemy/actor/lib/test/auto/Router.xml (RunModel)" time="3.025" />
  <testcase classname="ptolemy.util.test.junit.AutoTests" name="[320] /home/travis/build/icyphy/ptII/ptolemy/actor/lib/test/auto/Router2.xml (RunModel)" time="3.031" />
  <testcase classname="ptolemy.util.test.junit.AutoTests" name="[321] /home/travis/build/icyphy/ptII/ptolemy/actor/lib/test/auto/RunningMaximum.xml (RunModel)" time="0.017" />
  <testcase classname="ptolemy.util.test.junit.AutoTests" name="[322] /home/travis/build/icyphy/ptII/ptolemy/actor/lib/test/auto/RunningMinimum.xml (RunModel)" time="0.011" />
  <testcase classname="ptolemy.util.test.junit.AutoTests" name="[323] /home/travis/build/icyphy/ptII/ptolemy/actor/lib/test/auto/Scale.xml (RunModel)" time="0.01" />
  <testcase classname="ptolemy.util.test.junit.AutoTests" name="[324] /home/travis/build/icyphy/ptII/ptolemy/actor/lib/test/auto/Scale2.xml (RunModel)" time="0.008" />
  <testcase classname="ptolemy.util.test.junit.AutoTests" name="[325] /home/travis/build/icyphy/ptII/ptolemy/actor/lib/test/auto/Scale3.xml (RunModel)" time="0.016" />
  <testcase classname="ptolemy.util.test.junit.AutoTests" name="[326] /home/travis/build/icyphy/ptII/ptolemy/actor/lib/test/auto/ScaleArray.xml (RunModel)" time="0.008" />
  <testcase classname="ptolemy.util.test.junit.AutoTests" name="[327] /home/travis/build/icyphy/ptII/ptolemy/actor/lib/test/auto/ScaleArray2.xml (RunModel)" time="0.008" />
  <testcase classname="ptolemy.util.test.junit.AutoTests" name="[328] /home/travis/build/icyphy/ptII/ptolemy/actor/lib/test/auto/ScaleMatrix.xml (RunModel)" time="0.187" />
  <testcase classname="ptolemy.util.test.junit.AutoTests" name="[329] /home/travis/build/icyphy/ptII/ptolemy/actor/lib/test/auto/Select.xml (RunModel)" time="0.021" />
  <testcase classname="ptolemy.util.test.junit.AutoTests" name="[330] /home/travis/build/icyphy/ptII/ptolemy/actor/lib/test/auto/Select2.xml (RunModel)" time="0.008" />
  <testcase classname="ptolemy.util.test.junit.AutoTests" name="[331] /home/travis/build/icyphy/ptII/ptolemy/actor/lib/test/auto/SequenceToArray2.xml (RunModel)" time="0.127" />
  <testcase classname="ptolemy.util.test.junit.AutoTests" name="[332] /home/travis/build/icyphy/ptII/ptolemy/actor/lib/test/auto/SequentialClock.xml (RunModel)" time="0.014" />
  <testcase classname="ptolemy.util.test.junit.AutoTests" name="[333] /home/travis/build/icyphy/ptII/ptolemy/actor/lib/test/auto/SetVariable.xml (RunModel)" time="0.011" />
  <testcase classname="ptolemy.util.test.junit.AutoTests" name="[334] /home/travis/build/icyphy/ptII/ptolemy/actor/lib/test/auto/SetVariable2.xml (RunModel)" time="0.009" />
  <testcase classname="ptolemy.util.test.junit.AutoTests" name="[335] /home/travis/build/icyphy/ptII/ptolemy/actor/lib/test/auto/SetVariable3.xml (RunModel)" time="0.017" />
  <testcase classname="ptolemy.util.test.junit.AutoTests" name="[336] /home/travis/build/icyphy/ptII/ptolemy/actor/lib/test/auto/SetVariable4.xml (RunModel)" time="0.021" />
  <testcase classname="ptolemy.util.test.junit.AutoTests" name="[337] /home/travis/build/icyphy/ptII/ptolemy/actor/lib/test/auto/SetVariable5.xml (RunModel)" time="0.04" />
  <testcase classname="ptolemy.util.test.junit.AutoTests" name="[338] /home/travis/build/icyphy/ptII/ptolemy/actor/lib/test/auto/Sinewave.xml (RunModel)" time="0.026" />
  <testcase classname="ptolemy.util.test.junit.AutoTests" name="[339] /home/travis/build/icyphy/ptII/ptolemy/actor/lib/test/auto/Sinewave2.xml (RunModel)" time="0.019" />
  <testcase classname="ptolemy.util.test.junit.AutoTests" name="[340] /home/travis/build/icyphy/ptII/ptolemy/actor/lib/test/auto/Sinewave3.xml (RunModel)" time="0.02" />
  <testcase classname="ptolemy.util.test.junit.AutoTests" name="[341] /home/travis/build/icyphy/ptII/ptolemy/actor/lib/test/auto/SingleEvent.xml (RunModel)" time="0.011" />
  <testcase classname="ptolemy.util.test.junit.AutoTests" name="[342] /home/travis/build/icyphy/ptII/ptolemy/actor/lib/test/auto/Sleep.xml (RunModel)" time="6.014" />
  <testcase classname="ptolemy.util.test.junit.AutoTests" name="[343] /home/travis/build/icyphy/ptII/ptolemy/actor/lib/test/auto/SleepMultipleFire.xml (RunModel)" time="1.016" />
  <testcase classname="ptolemy.util.test.junit.AutoTests" name="[344] /home/travis/build/icyphy/ptII/ptolemy/actor/lib/test/auto/StopDE.xml (RunModel)" time="0.016" />
  <testcase classname="ptolemy.util.test.junit.AutoTests" name="[345] /home/travis/build/icyphy/ptII/ptolemy/actor/lib/test/auto/StopSDF.xml (RunModel)" time="0.011" />
  <testcase classname="ptolemy.util.test.junit.AutoTests" name="[346] /home/travis/build/icyphy/ptII/ptolemy/actor/lib/test/auto/StringConstant.xml (RunModel)" time="0.015" />
  <testcase classname="ptolemy.util.test.junit.AutoTests" name="[347] /home/travis/build/icyphy/ptII/ptolemy/actor/lib/test/auto/SubscriberPortInitialValues1.xml (RunModel)" time="0.018" />
  <testcase classname="ptolemy.util.test.junit.AutoTests" name="[348] /home/travis/build/icyphy/ptII/ptolemy/actor/lib/test/auto/SubscriberPortInitialValues13.xml (RunModel)" time="0.026" />
  <testcase classname="ptolemy.util.test.junit.AutoTests" name="[349] /home/travis/build/icyphy/ptII/ptolemy/actor/lib/test/auto/SubscriberPortInitialValues14.xml (RunModel)" time="0.013" />
  <testcase classname="ptolemy.util.test.junit.AutoTests" name="[350] /home/travis/build/icyphy/ptII/ptolemy/actor/lib/test/auto/SubscriberPortInitialValues2.xml (RunModel)" time="0.022" />
  <testcase classname="ptolemy.util.test.junit.AutoTests" name="[351] /home/travis/build/icyphy/ptII/ptolemy/actor/lib/test/auto/SubscriberPortInitialValues3.xml (RunModel)" time="0.021" />
  <testcase classname="ptolemy.util.test.junit.AutoTests" name="[352] /home/travis/build/icyphy/ptII/ptolemy/actor/lib/test/auto/SubscriptionAggregator.xml (RunModel)" time="0.014" />
  <testcase classname="ptolemy.util.test.junit.AutoTests" name="[353] /home/travis/build/icyphy/ptII/ptolemy/actor/lib/test/auto/SubscriptionAggregator2.xml (RunModel)" time="0.01" />
  <testcase classname="ptolemy.util.test.junit.AutoTests" name="[354] /home/travis/build/icyphy/ptII/ptolemy/actor/lib/test/auto/SubscriptionAggregator3.xml (RunModel)" time="0.015" />
  <testcase classname="ptolemy.util.test.junit.AutoTests" name="[355] /home/travis/build/icyphy/ptII/ptolemy/actor/lib/test/auto/SubscriptionAggregatorMultiply.xml (RunModel)" time="0.023" />
  <testcase classname="ptolemy.util.test.junit.AutoTests" name="[356] /home/travis/build/icyphy/ptII/ptolemy/actor/lib/test/auto/SubscriptionAggregatorPortMultiply1.xml (RunModel)" time="0.015" />
  <testcase classname="ptolemy.util.test.junit.AutoTests" name="[357] /home/travis/build/icyphy/ptII/ptolemy/actor/lib/test/auto/Switch.xml (RunModel)" time="0.017" />
  <testcase classname="ptolemy.util.test.junit.AutoTests" name="[358] /home/travis/build/icyphy/ptII/ptolemy/actor/lib/test/auto/Switch2.xml (RunModel)" time="0.012" />
  <testcase classname="ptolemy.util.test.junit.AutoTests" name="[359] /home/travis/build/icyphy/ptII/ptolemy/actor/lib/test/auto/SwitchDE.xml (RunModel)" time="0.013" />
  <testcase classname="ptolemy.util.test.junit.AutoTests" name="[360] /home/travis/build/icyphy/ptII/ptolemy/actor/lib/test/auto/SynchronizerDE.xml (RunModel)" time="0.021" />
  <testcase classname="ptolemy.util.test.junit.AutoTests" name="[361] /home/travis/build/icyphy/ptII/ptolemy/actor/lib/test/auto/Test.xml (RunModel)" time="0.008" />
  <testcase classname="ptolemy.util.test.junit.AutoTests" name="[362] /home/travis/build/icyphy/ptII/ptolemy/actor/lib/test/auto/TestExceptionAttribute1.xml (RunModel)" time="0.005" />
  <testcase classname="ptolemy.util.test.junit.AutoTests" name="[363] /home/travis/build/icyphy/ptII/ptolemy/actor/lib/test/auto/TestExceptionAttribute2.xml (RunModel)" time="0.01" />
  <testcase classname="ptolemy.util.test.junit.AutoTests" name="[364] /home/travis/build/icyphy/ptII/ptolemy/actor/lib/test/auto/TestExceptionAttribute3.xml (RunModel)" time="0.006" />
  <testcase classname="ptolemy.util.test.junit.AutoTests" name="[365] /home/travis/build/icyphy/ptII/ptolemy/actor/lib/test/auto/TestExceptionAttribute4.xml (RunModel)" time="0.005" />
  <testcase classname="ptolemy.util.test.junit.AutoTests" name="[366] /home/travis/build/icyphy/ptII/ptolemy/actor/lib/test/auto/TestExceptionHandler1.xml (RunModel)" time="0.007" />
  <testcase classname="ptolemy.util.test.junit.AutoTests" name="[367] /home/travis/build/icyphy/ptII/ptolemy/actor/lib/test/auto/TestExceptionHandler2.xml (RunModel)" time="0.012" />
  <testcase classname="ptolemy.util.test.junit.AutoTests" name="[368] /home/travis/build/icyphy/ptII/ptolemy/actor/lib/test/auto/TestExceptionHandler3.xml (RunModel)" time="0.007" />
  <testcase classname="ptolemy.util.test.junit.AutoTests" name="[369] /home/travis/build/icyphy/ptII/ptolemy/actor/lib/test/auto/TestExceptionHandler4.xml (RunModel)" time="0.005" />
  <testcase classname="ptolemy.util.test.junit.AutoTests" name="[370] /home/travis/build/icyphy/ptII/ptolemy/actor/lib/test/auto/TestRequireCorrectOrder.xml (RunModel)" time="0.01" />
  <testcase classname="ptolemy.util.test.junit.AutoTests" name="[371] /home/travis/build/icyphy/ptII/ptolemy/actor/lib/test/auto/TestSimple.xml (RunModel)" time="0.01" />
  <testcase classname="ptolemy.util.test.junit.AutoTests" name="[372] /home/travis/build/icyphy/ptII/ptolemy/actor/lib/test/auto/ThrowModelError.xml (RunModel)" time="0.013" />
  <testcase classname="ptolemy.util.test.junit.AutoTests" name="[373] /home/travis/build/icyphy/ptII/ptolemy/actor/lib/test/auto/TimeDelayMicrosteps.xml (RunModel)" time="0.012" />
  <testcase classname="ptolemy.util.test.junit.AutoTests" name="[374] /home/travis/build/icyphy/ptII/ptolemy/actor/lib/test/auto/TimeDelayMicrosteps2.xml (RunModel)" time="0.016" />
  <testcase classname="ptolemy.util.test.junit.AutoTests" name="[375] /home/travis/build/icyphy/ptII/ptolemy/actor/lib/test/auto/TimeDelayMicrosteps3.xml (RunModel)" time="0.018" />
  <testcase classname="ptolemy.util.test.junit.AutoTests" name="[376] /home/travis/build/icyphy/ptII/ptolemy/actor/lib/test/auto/TimeDelayVariableMicrosteps.xml (RunModel)" time="0.018" />
  <testcase classname="ptolemy.util.test.junit.AutoTests" name="[377] /home/travis/build/icyphy/ptII/ptolemy/actor/lib/test/auto/TimeGap.xml (RunModel)" time="0.015" />
  <testcase classname="ptolemy.util.test.junit.AutoTests" name="[378] /home/travis/build/icyphy/ptII/ptolemy/actor/lib/test/auto/TimeGap2.xml (RunModel)" time="0.01" />
  <testcase classname="ptolemy.util.test.junit.AutoTests" name="[379] /home/travis/build/icyphy/ptII/ptolemy/actor/lib/test/auto/TimedSinewave.xml (RunModel)" time="0.052" />
  <testcase classname="ptolemy.util.test.junit.AutoTests" name="[380] /home/travis/build/icyphy/ptII/ptolemy/actor/lib/test/auto/TimedSinewavePhase.xml (RunModel)" time="0.042" />
  <testcase classname="ptolemy.util.test.junit.AutoTests" name="[381] /home/travis/build/icyphy/ptII/ptolemy/actor/lib/test/auto/Timer.xml (RunModel)" time="0.013" />
  <testcase classname="ptolemy.util.test.junit.AutoTests" name="[382] /home/travis/build/icyphy/ptII/ptolemy/actor/lib/test/auto/TriangularDistTestModel.xml (RunModel)" time="0.017" />
  <testcase classname="ptolemy.util.test.junit.AutoTests" name="[383] /home/travis/build/icyphy/ptII/ptolemy/actor/lib/test/auto/TrigFunction.xml (RunModel)" time="0.007" />
  <testcase classname="ptolemy.util.test.junit.AutoTests" name="[384] /home/travis/build/icyphy/ptII/ptolemy/actor/lib/test/auto/TrigFunctionDE.xml (RunModel)" time="0.009" />
  <testcase classname="ptolemy.util.test.junit.AutoTests" name="[385] /home/travis/build/icyphy/ptII/ptolemy/actor/lib/test/auto/TrigFunctionInverse.xml (RunModel)" time="0.008" />
  <testcase classname="ptolemy.util.test.junit.AutoTests" name="[386] /home/travis/build/icyphy/ptII/ptolemy/actor/lib/test/auto/TrigFunctionTan.xml (RunModel)" time="0.011" />
  <testcase classname="ptolemy.util.test.junit.AutoTests" name="[387] /home/travis/build/icyphy/ptII/ptolemy/actor/lib/test/auto/TriggeredClock.xml (RunModel)" time="0.007" />
  <testcase classname="ptolemy.util.test.junit.AutoTests" name="[388] /home/travis/build/icyphy/ptII/ptolemy/actor/lib/test/auto/URLDirectoryReader.xml (RunModel)" time="0.116" />
  <testcase classname="ptolemy.util.test.junit.AutoTests" name="[389] /home/travis/build/icyphy/ptII/ptolemy/actor/lib/test/auto/URLDirectoryReader3.xml (RunModel)" time="1.288" />
  <testcase classname="ptolemy.util.test.junit.AutoTests" name="[390] /home/travis/build/icyphy/ptII/ptolemy/actor/lib/test/auto/UnaryMathFunction.xml (RunModel)" time="0.032" />
  <testcase classname="ptolemy.util.test.junit.AutoTests" name="[391] /home/travis/build/icyphy/ptII/ptolemy/actor/lib/test/auto/Uniform.xml (RunModel)" time="0.021" />
  <testcase classname="ptolemy.util.test.junit.AutoTests" name="[392] /home/travis/build/icyphy/ptII/ptolemy/actor/lib/test/auto/UnionDisassemblerTest.xml (RunModel)" time="0.017" />
  <testcase classname="ptolemy.util.test.junit.AutoTests" name="[393] /home/travis/build/icyphy/ptII/ptolemy/actor/lib/test/auto/UtilityFunctions.xml (RunModel)" time="0.007" />
  <testcase classname="ptolemy.util.test.junit.AutoTests" name="[394] /home/travis/build/icyphy/ptII/ptolemy/actor/lib/test/auto/VariableSleep.xml (RunModel)" time="0.512" />
  <testcase classname="ptolemy.util.test.junit.AutoTests" name="[395] /home/travis/build/icyphy/ptII/ptolemy/actor/lib/test/auto/VectorAssemblerDisassemblerCT.xml (RunModel)" time="0.113" />
  <testcase classname="ptolemy.util.test.junit.AutoTests" name="[396] /home/travis/build/icyphy/ptII/ptolemy/actor/lib/test/auto/VectorAssemblerDisassemblerDE.xml (RunModel)" time="0.021" />
  <testcase classname="ptolemy.util.test.junit.AutoTests" name="[397] /home/travis/build/icyphy/ptII/ptolemy/actor/lib/test/auto/VectorAssemblerDisassemblerSDF.xml (RunModel)" time="0.013" />
  <testcase classname="ptolemy.util.test.junit.AutoTests" name="[398] /home/travis/build/icyphy/ptII/ptolemy/actor/lib/test/auto/WallClockTime.xml (RunModel)" time="1.012" />
  <testcase classname="ptolemy.util.test.junit.AutoTests" name="[399] /home/travis/build/icyphy/ptII/ptolemy/actor/lib/test/auto/WidthTestWithSubscriberPublisher.xml (RunModel)" time="0.089" />
  <testcase classname="ptolemy.util.test.junit.AutoTests" name="[400] /home/travis/build/icyphy/ptII/ptolemy/actor/lib/test/auto/WidthTestWithSubscriberPublisher2.xml (RunModel)" time="0.016" />
  <testcase classname="ptolemy.util.test.junit.AutoTests" name="[401] /home/travis/build/icyphy/ptII/ptolemy/actor/lib/test/auto/WidthTestWithSubscriberPublisher3.xml (RunModel)" time="0.01" />
  <testcase classname="ptolemy.util.test.junit.AutoTests" name="[402] /home/travis/build/icyphy/ptII/ptolemy/actor/lib/test/auto/Writer.xml (RunModel)" time="0.007" />
  <testcase classname="ptolemy.util.test.junit.AutoTests" name="[403] /home/travis/build/icyphy/ptII/ptolemy/actor/lib/test/auto/array.xml (RunModel)" time="0.008" />
  <testcase classname="ptolemy.util.test.junit.AutoTests" name="[404] /home/travis/build/icyphy/ptII/ptolemy/actor/lib/test/auto/array2.xml (RunModel)" time="0.012" />
  <testcase classname="ptolemy.util.test.junit.AutoTests" name="[405] /home/travis/build/icyphy/ptII/ptolemy/actor/lib/test/auto/arrayType.xml (RunModel)" time="0.009" />
  <testcase classname="ptolemy.util.test.junit.AutoTests" name="[406] /home/travis/build/icyphy/ptII/ptolemy/actor/lib/test/auto/arrayType10.xml (RunModel)" time="0.007" />
  <testcase classname="ptolemy.util.test.junit.AutoTests" name="[407] /home/travis/build/icyphy/ptII/ptolemy/actor/lib/test/auto/arrayType11.xml (RunModel)" time="0.006" />
  <testcase classname="ptolemy.util.test.junit.AutoTests" name="[408] /home/travis/build/icyphy/ptII/ptolemy/actor/lib/test/auto/arrayType12.xml (RunModel)" time="0.007" />
  <testcase classname="ptolemy.util.test.junit.AutoTests" name="[409] /home/travis/build/icyphy/ptII/ptolemy/actor/lib/test/auto/arrayType13.xml (RunModel)" time="0.007" />
  <testcase classname="ptolemy.util.test.junit.AutoTests" name="[410] /home/travis/build/icyphy/ptII/ptolemy/actor/lib/test/auto/arrayType14.xml (RunModel)" time="0.007" />
  <testcase classname="ptolemy.util.test.junit.AutoTests" name="[411] /home/travis/build/icyphy/ptII/ptolemy/actor/lib/test/auto/arrayType15.xml (RunModel)" time="0.009" />
  <testcase classname="ptolemy.util.test.junit.AutoTests" name="[412] /home/travis/build/icyphy/ptII/ptolemy/actor/lib/test/auto/arrayType16.xml (RunModel)" time="0.007" />
  <testcase classname="ptolemy.util.test.junit.AutoTests" name="[413] /home/travis/build/icyphy/ptII/ptolemy/actor/lib/test/auto/arrayType17.xml (RunModel)" time="0.006" />
  <testcase classname="ptolemy.util.test.junit.AutoTests" name="[414] /home/travis/build/icyphy/ptII/ptolemy/actor/lib/test/auto/arrayType18.xml (RunModel)" time="0.006" />
  <testcase classname="ptolemy.util.test.junit.AutoTests" name="[415] /home/travis/build/icyphy/ptII/ptolemy/actor/lib/test/auto/arrayType19.xml (RunModel)" time="0.007" />
  <testcase classname="ptolemy.util.test.junit.AutoTests" name="[416] /home/travis/build/icyphy/ptII/ptolemy/actor/lib/test/auto/arrayType2.xml (RunModel)" time="0.007" />
  <testcase classname="ptolemy.util.test.junit.AutoTests" name="[417] /home/travis/build/icyphy/ptII/ptolemy/actor/lib/test/auto/arrayType20.xml (RunModel)" time="0.007" />
  <testcase classname="ptolemy.util.test.junit.AutoTests" name="[418] /home/travis/build/icyphy/ptII/ptolemy/actor/lib/test/auto/arrayType21.xml (RunModel)" time="0.007" />
  <testcase classname="ptolemy.util.test.junit.AutoTests" name="[419] /home/travis/build/icyphy/ptII/ptolemy/actor/lib/test/auto/arrayType22.xml (RunModel)" time="0.006" />
  <testcase classname="ptolemy.util.test.junit.AutoTests" name="[420] /home/travis/build/icyphy/ptII/ptolemy/actor/lib/test/auto/arrayType23.xml (RunModel)" time="0.006" />
  <testcase classname="ptolemy.util.test.junit.AutoTests" name="[421] /home/travis/build/icyphy/ptII/ptolemy/actor/lib/test/auto/arrayType24.xml (RunModel)" time="0.007" />
  <testcase classname="ptolemy.util.test.junit.AutoTests" name="[422] /home/travis/build/icyphy/ptII/ptolemy/actor/lib/test/auto/arrayType25.xml (RunModel)" time="0.008" />
  <testcase classname="ptolemy.util.test.junit.AutoTests" name="[423] /home/travis/build/icyphy/ptII/ptolemy/actor/lib/test/auto/arrayType26.xml (RunModel)" time="0.008" />
  <testcase classname="ptolemy.util.test.junit.AutoTests" name="[424] /home/travis/build/icyphy/ptII/ptolemy/actor/lib/test/auto/arrayType27.xml (RunModel)" time="0.009" />
  <testcase classname="ptolemy.util.test.junit.AutoTests" name="[425] /home/travis/build/icyphy/ptII/ptolemy/actor/lib/test/auto/arrayType28.xml (RunModel)" time="0.008" />
  <testcase classname="ptolemy.util.test.junit.AutoTests" name="[426] /home/travis/build/icyphy/ptII/ptolemy/actor/lib/test/auto/arrayType3.xml (RunModel)" time="0.007" />
  <testcase classname="ptolemy.util.test.junit.AutoTests" name="[427] /home/travis/build/icyphy/ptII/ptolemy/actor/lib/test/auto/arrayType4.xml (RunModel)" time="0.007" />
  <testcase classname="ptolemy.util.test.junit.AutoTests" name="[428] /home/travis/build/icyphy/ptII/ptolemy/actor/lib/test/auto/arrayType5.xml (RunModel)" time="0.008" />
  <testcase classname="ptolemy.util.test.junit.AutoTests" name="[429] /home/travis/build/icyphy/ptII/ptolemy/actor/lib/test/auto/arrayType6.xml (RunModel)" time="0.007" />
  <testcase classname="ptolemy.util.test.junit.AutoTests" name="[430] /home/travis/build/icyphy/ptII/ptolemy/actor/lib/test/auto/arrayType7.xml (RunModel)" time="0.006" />
  <testcase classname="ptolemy.util.test.junit.AutoTests" name="[431] /home/travis/build/icyphy/ptII/ptolemy/actor/lib/test/auto/arrayType8.xml (RunModel)" time="0.007" />
  <testcase classname="ptolemy.util.test.junit.AutoTests" name="[432] /home/travis/build/icyphy/ptII/ptolemy/actor/lib/test/auto/arrayType9.xml (RunModel)" time="0.012" />
  <testcase classname="ptolemy.util.test.junit.AutoTests" name="[433] /home/travis/build/icyphy/ptII/ptolemy/actor/lib/test/auto/cast.xml (RunModel)" time="0.015" />
  <testcase classname="ptolemy.util.test.junit.AutoTests" name="[434] /home/travis/build/icyphy/ptII/ptolemy/actor/lib/test/auto/compositeMultiPort.xml (RunModel)" time="0.021" />
  <testcase classname="ptolemy.util.test.junit.AutoTests" name="[435] /home/travis/build/icyphy/ptII/ptolemy/actor/lib/test/auto/expressionCastInference.xml (RunModel)" time="0.008" />
  <testcase classname="ptolemy.util.test.junit.AutoTests" name="[436] /home/travis/build/icyphy/ptII/ptolemy/actor/lib/test/auto/expressionCastInference2.xml (RunModel)" time="0.007" />
  <testcase classname="ptolemy.util.test.junit.AutoTests" name="[437] /home/travis/build/icyphy/ptII/ptolemy/actor/lib/test/auto/expressionInference.xml (RunModel)" time="0.006" />
  <testcase classname="ptolemy.util.test.junit.AutoTests" name="[438] /home/travis/build/icyphy/ptII/ptolemy/actor/lib/test/auto/expression_bug.xml (RunModel)" time="0.005" />
  <testcase classname="ptolemy.util.test.junit.AutoTests" name="[439] /home/travis/build/icyphy/ptII/ptolemy/actor/lib/test/auto/factorial.xml (RunModel)" time="0.047" />
  <testcase classname="ptolemy.util.test.junit.AutoTests" name="[440] /home/travis/build/icyphy/ptII/ptolemy/actor/lib/test/auto/filterTest1.xml (RunModel)" time="0.012" />
  <testcase classname="ptolemy.util.test.junit.AutoTests" name="[441] /home/travis/build/icyphy/ptII/ptolemy/actor/lib/test/auto/funcApplyInConst.xml (RunModel)" time="0.005" />
  <testcase classname="ptolemy.util.test.junit.AutoTests" name="[442] /home/travis/build/icyphy/ptII/ptolemy/actor/lib/test/auto/funcApplyInExpr.xml (RunModel)" time="0.005" />
  <testcase classname="ptolemy.util.test.junit.AutoTests" name="[443] /home/travis/build/icyphy/ptII/ptolemy/actor/lib/test/auto/function.xml (RunModel)" time="0.01" />
  <testcase classname="ptolemy.util.test.junit.AutoTests" name="[444] /home/travis/build/icyphy/ptII/ptolemy/actor/lib/test/auto/function2.xml (RunModel)" time="0.011" />
  <testcase classname="ptolemy.util.test.junit.AutoTests" name="[445] /home/travis/build/icyphy/ptII/ptolemy/actor/lib/test/auto/function3.xml (RunModel)" time="0.006" />
  <testcase classname="ptolemy.util.test.junit.AutoTests" name="[446] /home/travis/build/icyphy/ptII/ptolemy/actor/lib/test/auto/functionClosureTest1.xml (RunModel)" time="0.008" />
  <testcase classname="ptolemy.util.test.junit.AutoTests" name="[447] /home/travis/build/icyphy/ptII/ptolemy/actor/lib/test/auto/functionClosureTest2.xml (RunModel)" time="0.006" />
  <testcase classname="ptolemy.util.test.junit.AutoTests" name="[448] /home/travis/build/icyphy/ptII/ptolemy/actor/lib/test/auto/functionClosureTest3.xml (RunModel)" time="0.009" />
  <testcase classname="ptolemy.util.test.junit.AutoTests" name="[449] /home/travis/build/icyphy/ptII/ptolemy/actor/lib/test/auto/functionClosureTest4.xml (RunModel)" time="0.014" />
  <testcase classname="ptolemy.util.test.junit.AutoTests" name="[450] /home/travis/build/icyphy/ptII/ptolemy/actor/lib/test/auto/functionClosureTest5.xml (RunModel)" time="0.009" />
  <testcase classname="ptolemy.util.test.junit.AutoTests" name="[451] /home/travis/build/icyphy/ptII/ptolemy/actor/lib/test/auto/functionClosureTest6.xml (RunModel)" time="0.008" />
  <testcase classname="ptolemy.util.test.junit.AutoTests" name="[452] /home/travis/build/icyphy/ptII/ptolemy/actor/lib/test/auto/functionsOnArcs.xml (RunModel)" time="0.009" />
  <testcase classname="ptolemy.util.test.junit.AutoTests" name="[453] /home/travis/build/icyphy/ptII/ptolemy/actor/lib/test/auto/functionsOnArcsHOF.xml (RunModel)" time="0.011" />
  <testcase classname="ptolemy.util.test.junit.AutoTests" name="[454] /home/travis/build/icyphy/ptII/ptolemy/actor/lib/test/auto/logic.xml (RunModel)" time="0.096" />
  <testcase classname="ptolemy.util.test.junit.AutoTests" name="[455] /home/travis/build/icyphy/ptII/ptolemy/actor/lib/test/auto/matrixType.xml (RunModel)" time="0.031" />
  <testcase classname="ptolemy.util.test.junit.AutoTests" name="[456] /home/travis/build/icyphy/ptII/ptolemy/actor/lib/test/auto/matrixType10.xml (RunModel)" time="0.028" />
  <testcase classname="ptolemy.util.test.junit.AutoTests" name="[457] /home/travis/build/icyphy/ptII/ptolemy/actor/lib/test/auto/matrixType11.xml (RunModel)" time="0.054" />
  <testcase classname="ptolemy.util.test.junit.AutoTests" name="[458] /home/travis/build/icyphy/ptII/ptolemy/actor/lib/test/auto/matrixType12.xml (RunModel)" time="0.039" />
  <testcase classname="ptolemy.util.test.junit.AutoTests" name="[459] /home/travis/build/icyphy/ptII/ptolemy/actor/lib/test/auto/matrixType13.xml (RunModel)" time="0.036" />
  <testcase classname="ptolemy.util.test.junit.AutoTests" name="[460] /home/travis/build/icyphy/ptII/ptolemy/actor/lib/test/auto/matrixType14.xml (RunModel)" time="0.018" />
  <testcase classname="ptolemy.util.test.junit.AutoTests" name="[461] /home/travis/build/icyphy/ptII/ptolemy/actor/lib/test/auto/matrixType2.xml (RunModel)" time="0.008" />
  <testcase classname="ptolemy.util.test.junit.AutoTests" name="[462] /home/travis/build/icyphy/ptII/ptolemy/actor/lib/test/auto/matrixType3.xml (RunModel)" time="0.009" />
  <testcase classname="ptolemy.util.test.junit.AutoTests" name="[463] /home/travis/build/icyphy/ptII/ptolemy/actor/lib/test/auto/matrixType4.xml (RunModel)" time="0.007" />
  <testcase classname="ptolemy.util.test.junit.AutoTests" name="[464] /home/travis/build/icyphy/ptII/ptolemy/actor/lib/test/auto/matrixType5.xml (RunModel)" time="0.007" />
  <testcase classname="ptolemy.util.test.junit.AutoTests" name="[465] /home/travis/build/icyphy/ptII/ptolemy/actor/lib/test/auto/matrixType6.xml (RunModel)" time="0.007" />
  <testcase classname="ptolemy.util.test.junit.AutoTests" name="[466] /home/travis/build/icyphy/ptII/ptolemy/actor/lib/test/auto/matrixType7.xml (RunModel)" time="0.007" />
  <testcase classname="ptolemy.util.test.junit.AutoTests" name="[467] /home/travis/build/icyphy/ptII/ptolemy/actor/lib/test/auto/matrixType8.xml (RunModel)" time="0.008" />
  <testcase classname="ptolemy.util.test.junit.AutoTests" name="[468] /home/travis/build/icyphy/ptII/ptolemy/actor/lib/test/auto/matrixType9.xml (RunModel)" time="0.008" />
  <testcase classname="ptolemy.util.test.junit.AutoTests" name="[469] /home/travis/build/icyphy/ptII/ptolemy/actor/lib/test/auto/paraFunctest.xml (RunModel)" time="0.008" />
  <testcase classname="ptolemy.util.test.junit.AutoTests" name="[470] /home/travis/build/icyphy/ptII/ptolemy/actor/lib/test/auto/paraFunctest2.xml (RunModel)" time="0.006" />
  <testcase classname="ptolemy.util.test.junit.AutoTests" name="[471] /home/travis/build/icyphy/ptII/ptolemy/actor/lib/test/auto/parameterPassing.xml (RunModel)" time="0.007" />
  <testcase classname="ptolemy.util.test.junit.AutoTests" name="[472] /home/travis/build/icyphy/ptII/ptolemy/actor/lib/test/auto/record.xml (RunModel)" time="0.008" />
  <testcase classname="ptolemy.util.test.junit.AutoTests" name="[473] /home/travis/build/icyphy/ptII/ptolemy/actor/lib/test/auto/sizedarray1.xml (RunModel)" time="0.008" />
  <testcase classname="ptolemy.util.test.junit.AutoTests" name="[474] /home/travis/build/icyphy/ptII/ptolemy/actor/lib/test/auto/sizedarray2.xml (RunModel)" time="0.009" />
  <testcase classname="ptolemy.util.test.junit.AutoTests" name="[475] /home/travis/build/icyphy/ptII/ptolemy/actor/lib/test/auto/twoPublishers.xml (RunModel)" time="0.021" />
  <system-out><![CDATA[/home/travis/build/icyphy/ptII/ptolemy/actor/lib/test/AbsoluteValue.tcl
testDefs.tcl: setting time out to 9000 seconds at Wed Jul 03 04:48:39 UTC 2019
83 ms. Memory: 120832K Free: 98577K (82%)
4 ms. Memory: 120832K Free: 107647K (89%)
6 ms. Memory: 120832K Free: 106992K (89%)
5 ms. Memory: 120832K Free: 105960K (88%)
/home/travis/build/icyphy/ptII/ptolemy/actor/lib/test/AddSubtract.tcl
9 ms. Memory: 120832K Free: 103912K (86%)
5 ms. Memory: 120832K Free: 103497K (86%)
5 ms. Memory: 120832K Free: 102489K (85%)
8 ms. Memory: 120832K Free: 101880K (84%)
78 ms. Memory: 120832K Free: 98822K (82%)
6 ms. Memory: 120832K Free: 98184K (81%)
/home/travis/build/icyphy/ptII/ptolemy/actor/lib/test/Average.tcl
17 ms. Memory: 120832K Free: 96345K (80%)
6 ms. Memory: 120832K Free: 95112K (79%)
/home/travis/build/icyphy/ptII/ptolemy/actor/lib/test/Bernoulli.tcl
5 ms. Memory: 120832K Free: 93680K (78%)
2 ms. Memory: 120832K Free: 93281K (77%)
/home/travis/build/icyphy/ptII/ptolemy/actor/lib/test/Clock.tcl
preinitializing
resolving types
initializing
executing number 1
wrapping up
idle
33 ms. Memory: 120832K Free: 90597K (75%)
Completed execution with 5 iterations
preinitializing
14 ms. Memory: 162816K Free: 150044K (92%)
4 ms. Memory: 162816K Free: 149548K (92%)
/home/travis/build/icyphy/ptII/ptolemy/actor/lib/test/Commutator.tcl
15 ms. Memory: 162816K Free: 147500K (91%)
5 ms. Memory: 162816K Free: 146476K (90%)
17 ms. Memory: 162816K Free: 140332K (86%)
/home/travis/build/icyphy/ptII/ptolemy/actor/lib/test/Const.tcl
4 ms. Memory: 162816K Free: 138780K (85%)
2 ms. Memory: 162816K Free: 138284K (85%)
3 ms. Memory: 162816K Free: 137770K (85%)
2 ms. Memory: 162816K Free: 137260K (84%)
2 ms. Memory: 162816K Free: 136746K (84%)
24 ms. Memory: 162816K Free: 135212K (83%)
10 ms. Memory: 162816K Free: 134188K (82%)
4 ms. Memory: 162816K Free: 133164K (82%)
/home/travis/build/icyphy/ptII/ptolemy/actor/lib/test/CurrentTime.tcl
preinitializing
resolving types
initializing
executing number 1
wrapping up
idle
14 ms. Memory: 162816K Free: 131116K (81%)
Completed execution with 11 iterations
/home/travis/build/icyphy/ptII/ptolemy/actor/lib/test/DB.tcl
13 ms. Memory: 162816K Free: 129578K (80%)
6 ms. Memory: 162816K Free: 129068K (79%)
1 ms. Memory: 162816K Free: 128554K (79%)
/home/travis/build/icyphy/ptII/ptolemy/actor/lib/test/DiscreteRandomSource.tcl
preinitializing
resolving types
initializing
executing number 1
wrapping up
idle
7 ms. Memory: 162816K Free: 127020K (78%)
Completed execution with 4 iterations
preinitializing
resolving types
initializing
executing number 1
wrapping up
idle
6 ms. Memory: 162816K Free: 126492K (78%)
Completed execution with 4 iterations
preinitializing
resolving types
initializing
executing number 1
wrapping up
idle
7 ms. Memory: 162816K Free: 125994K (77%)
Completed execution with 4 iterations
preinitializing
resolving types
initializing
executing number 1
wrapping up
idle
2 ms. Memory: 162816K Free: 125466K (77%)
Completed execution with 4 iterations
preinitializing
resolving types
initializing
executing number 1
wrapping up
idle
10 ms. Memory: 162816K Free: 125466K (77%)
Completed execution with 4 iterations
/home/travis/build/icyphy/ptII/ptolemy/actor/lib/test/Distributor.tcl
5 ms. Memory: 162816K Free: 123420K (76%)
4 ms. Memory: 162816K Free: 122924K (75%)
StreamChangeRequest.changeExecuted(): <deleteEntity name="rec2"/> succeeded
StreamChangeRequest.changeExecuted(): <deleteRelation name="r2"/> succeeded
StreamChangeRequest.changeExecuted(): Record firings per iteration succeeded
5 ms. Memory: 162816K Free: 120348K (74%)
/home/travis/build/icyphy/ptII/ptolemy/actor/lib/test/Exit.tcl
Exit.tcl: this will print a message about Manager.exitAfterWrapup, which can be ignored.
7 ms. Memory: 162816K Free: 116998K (72%)
/home/travis/build/icyphy/ptII/ptolemy/actor/lib/test/Expression.tcl
25 ms. Memory: 162816K Free: 113708K (70%)
14 ms. Memory: 162816K Free: 148412K (91%)
2 ms. Memory: 162816K Free: 147482K (91%)
preinitializing
resolving types
initializing
executing number 1
wrapping up
idle
5 ms. Memory: 162816K Free: 145962K (90%)
Completed execution with 6 iterations
3 ms. Memory: 162816K Free: 144938K (89%)
2 ms. Memory: 162816K Free: 144410K (89%)
4 ms. Memory: 162816K Free: 143394K (88%)
10 ms. Memory: 162816K Free: 141866K (87%)
8 ms. Memory: 162816K Free: 140840K (87%)
/home/travis/build/icyphy/ptII/ptolemy/actor/lib/test/Gaussian.tcl
4 ms. Memory: 162816K Free: 138794K (85%)
sleeping 1 seconds: ..........................................................................................................................................................................................................................................................................................................................................................................................................................................................................................................................................................................................................................................................................................................................................................................................................................................................................................................................................................................................................................................................................................................................................................................................................................................................................................................................................................................................................................................................................................................................................................................................................................................................................................................................................................................................................................................................................................................................................................................................................................................................................................................................................................................................................................................................................................................................................................................................................................................................................................................................................................................................................................................................................................................................................................................................................................................................................................................................................................................................................................................................................................................................................................................................................................................................................................................................................................................................................................................................................................................................................................................................................................................................................................................................................................................................................................................................................................................................................................................................................................................................................................................................................................................................................................................................................................................................................................................................................................................................................................................................................................................................................................................................................................................................................................................................................................................................................................................................................................................................................................................................................................................................................................................................................................................................................................................................................................................................................................................................................................................................................................................................................................................................................................................................................................................................................................................................................................................................................................................................................................................................................................................................................................................................................................................................................................................................................................................................................................................................................................................................................................................................................................................................................................................................................................................................................................................................................................................................................................................................................................................................................................................................................................................................................................................................................................................................................................................................................................................................................................................................................................................................................................................................................................................................................................................................................................................................................................................................................................................................................................................................................................................................................................................................................................................................................................................................................................................................................................................................................................................................................................................................................................................................................................................................................................................................................................................................................................................................................................................................................................................................................................................................................................................................................................................................................................................................................................................................................................................................................................................................................................................................................................................................................................................................................................................................................................................................................................................................................................................................................................................................................................................................................................................................................................................................................................................................................................................................................................................................................................................................................................................................................................................................................................................................................................................................................................................................................................................................................................................................................................................................................................................................................................................................................................................................................................................................................................................................................................................................................................................................................................................................................................................................................4 ms. Memory: 162816K Free: 91176K (56%)
4 ms. Memory: 162816K Free: 90634K (56%)
2 ms. Memory: 162816K Free: 89642K (55%)
3 ms. Memory: 162816K Free: 89128K (55%)
5 ms. Memory: 162816K Free: 88618K (54%)
/home/travis/build/icyphy/ptII/ptolemy/actor/lib/test/IIR.tcl
/home/travis/build/icyphy/ptII/ptolemy/actor/lib/test/Interpolator.tcl
6 ms. Memory: 162816K Free: 84522K (52%)
2 ms. Memory: 162816K Free: 83994K (52%)
4 ms. Memory: 162816K Free: 83498K (51%)
2 ms. Memory: 162816K Free: 82978K (51%)
2 ms. Memory: 162816K Free: 81954K (50%)
6 ms. Memory: 162816K Free: 81450K (50%)
2 ms. Memory: 162816K Free: 80426K (49%)
3 ms. Memory: 162816K Free: 79402K (49%)
10 ms. Memory: 162816K Free: 78874K (48%)
2 ms. Memory: 162816K Free: 77850K (48%)
/home/travis/build/icyphy/ptII/ptolemy/actor/lib/test/MathFunction.tcl
5 ms. Memory: 162816K Free: 75802K (47%)
2 ms. Memory: 162816K Free: 74778K (46%)
2 ms. Memory: 162816K Free: 73762K (45%)
3 ms. Memory: 162816K Free: 72730K (45%)
13 ms. Memory: 162816K Free: 71210K (44%)
13 ms. Memory: 162816K Free: 69672K (43%)
/home/travis/build/icyphy/ptII/ptolemy/actor/lib/test/Maximum.tcl
7 ms. Memory: 162816K Free: 67624K (42%)
3 ms. Memory: 162816K Free: 67114K (41%)
2 ms. Memory: 162816K Free: 66090K (41%)
7 ms. Memory: 162816K Free: 65576K (40%)
/home/travis/build/icyphy/ptII/ptolemy/actor/lib/test/Minimum.tcl
3 ms. Memory: 162816K Free: 64042K (39%)
2 ms. Memory: 162816K Free: 63018K (39%)
2 ms. Memory: 162816K Free: 62490K (38%)
3 ms. Memory: 162816K Free: 61994K (38%)
/home/travis/build/icyphy/ptII/ptolemy/actor/lib/test/MultiplyDivide.tcl
8 ms. Memory: 162816K Free: 59946K (37%)
3 ms. Memory: 162816K Free: 59402K (36%)
3 ms. Memory: 162816K Free: 58408K (36%)
4 ms. Memory: 162816K Free: 57898K (36%)
3 ms. Memory: 162816K Free: 57354K (35%)
/home/travis/build/icyphy/ptII/ptolemy/actor/lib/test/OrderedMerge.tcl
Connections changed on port: inputA
Connections changed on port: inputB
Connections changed on port: output
Connections changed on port: output
Connections changed on port: output
Connections changed on port: input
.top. Preinitializing ...
Invoking preinitialize():  .top.OrderedMerge
Called preinitialize()
Invoking preinitialize():  .top.Ramp
Called preinitialize()
Invoking preinitialize():  .top.Ramp2
Called preinitialize()
Invoking preinitialize():  .top.Test
Called preinitialize()
Connections changed on port: inputA
Connections changed on port: output
Connections changed on port: inputB
Connections changed on port: output
Connections changed on port: output
Connections changed on port: input
.top. Finished preinitialize().
Called initialize().
Invoking initialize():  .top.OrderedMerge
Initializing actor: .top.OrderedMerge
Adding a thread: .top.OrderedMerge
Invoking initialize():  .top.Ramp
Initializing actor: .top.Ramp
Adding a thread: .top.Ramp
Invoking initialize():  .top.Ramp2
Initializing actor: .top.Ramp2
Adding a thread: .top.Ramp2
Invoking initialize():  .top.Test
Initializing actor: .top.Test
Adding a thread: .top.Test
-- Starting thread.
Called initialize()
Called prefire()
Called fire()
Called fire().
Checking for deadlock:
-- Starting thread.
Called initialize()
Called prefire()
Called fire()
-- Starting thread.
Called initialize()
Called prefire()
Called fire()
-- Starting thread.
Called initialize()
Called prefire()
Called fire()
There are 1 Blocked actors, 0 Stopped actors, and 4 active threads.
Waiting for actors to stop.
Called postfire()
Called postfire()
Called prefire()
Called prefire()
Called fire()
Called fire()
Read input token from inputA with value 0.0
Next port to read input from is inputB
Called postfire()
Called prefire()
Called fire()
Read input token from inputB with value 0.0
Sent output token with value 0.0
Next port to read input from is inputA
Called postfire()
Called prefire()
Called fire()
Checking for deadlock:
There are 1 Blocked actors, 0 Stopped actors, and 4 active threads.
Waiting for actors to stop.
Called postfire()
Called prefire()
Called fire()
Called postfire()
Called prefire()
Called fire()
Read input token from inputA with value 1.0
Sent output token with value 0.0
-- Read input: 0.0, which is expected to match: 0.0
Next port to read input from is inputB
Called postfire()
Called prefire()
Called fire()
Called prefire()
Called fire()
Read input token from inputB with value 1.5
-- Read input: 0.0, which is expected to match: 0.0
Sent output token with value 1.0
Called prefire()
Called fire()
Next port to read input from is inputA
Called postfire()
Called prefire()
Called fire()
-- Read input: 1.0, which is expected to match: 1.0
Checking for deadlock:
Called prefire()
There are 1 Blocked actors, 0 Stopped actors, and 4 active threads.
Waiting for actors to stop.
Called postfire()
Called prefire()
Called fire()
Called postfire()
Called prefire()
Called fire()
Checking for deadlock:
There are 2 Blocked actors, 0 Stopped actors, and 4 active threads.
Waiting for actors to stop.
Called postfire()
Called prefire()
Called fire()
Checking for deadlock:
There are 2 Blocked actors, 0 Stopped actors, and 4 active threads.
Waiting for actors to stop.
Read input token from inputA with value 2.0
Sent output token with value 1.5
Next port to read input from is inputB
Called postfire()
Called prefire()
Called fire()
Checking for deadlock:
There are 1 Blocked actors, 0 Stopped actors, and 4 active threads.
Waiting for actors to stop.
Called postfire()
Called prefire()
Called fire()
Checking for deadlock:
There are 2 Blocked actors, 0 Stopped actors, and 4 active threads.
Waiting for actors to stop.
Read input token from inputB with value 3.0
Checking for deadlock:
There are 3 Blocked actors, 0 Stopped actors, and 4 active threads.
Waiting for actors to stop.
Called fire()
Checking for deadlock:
-- Read input: 1.5, which is expected to match: 1.5
There are 2 Blocked actors, 0 Stopped actors, and 4 active threads.
Waiting for actors to stop.
Called prefire()
Called fire()
Sent output token with value 2.0
-- Read input: 2.0, which is expected to match: 2.0
Next port to read input from is inputA
Called prefire()
Called postfire()
Called fire()
Called prefire()
Called fire()
Called postfire()
Called prefire()
Called fire()
Checking for deadlock:
There are 3 Blocked actors, 0 Stopped actors, and 4 active threads.
Waiting for actors to stop.
Read input token from inputA with value 3.0
Checking for deadlock:
There are 2 Blocked actors, 0 Stopped actors, and 4 active threads.
Waiting for actors to stop.
-- Read input: 3.0, which is expected to match: 3.0
Called prefire()
Called fire()
Sent output token with value 3.0
Checking for deadlock:
There are 3 Blocked actors, 0 Stopped actors, and 4 active threads.
Waiting for actors to stop.
Next port to read input from is inputB
Called postfire()
Called prefire()
Called fire()
Read input token from inputB with value 4.5
Sent output token with value 3.0
Next port to read input from is inputA
Called postfire()
Called prefire()
Called fire()
Read input token from inputA with value 4.0
Checking for deadlock:
There are 1 Blocked actors, 0 Stopped actors, and 4 active threads.
Waiting for actors to stop.
Called postfire()
Called prefire()
Called fire()
Called postfire()
Called prefire()
Called fire()
Checking for deadlock:
There are 3 Blocked actors, 0 Stopped actors, and 4 active threads.
Waiting for actors to stop.
-- Read input: 3.0, which is expected to match: 3.0
Checking for deadlock:
There are 2 Blocked actors, 0 Stopped actors, and 4 active threads.
Waiting for actors to stop.
Called prefire()
Called fire()
-- Read input: 4.0, which is expected to match: 4.0
Called prefire()
Called fire()
Past the end of training data. Read and discard all inputs.
Sent output token with value 4.0
Next port to read input from is inputA
Called postfire()
Called prefire()
Called fire()
Read input token from inputA with value 5.0
Sent output token with value 4.5
Next port to read input from is inputB
Called postfire()
Called prefire()
Called fire()
Read input token from inputB with value 6.0
Checking for deadlock:
There are 1 Blocked actors, 0 Stopped actors, and 4 active threads.
Waiting for actors to stop.
Called prefire()
Called fire()
Past the end of training data. Read and discard all inputs.
Called postfire()
Called prefire()
Called fire()
Called postfire()
Called prefire()
Called fire()
Checking for deadlock:
There are 3 Blocked actors, 0 Stopped actors, and 4 active threads.
Waiting for actors to stop.
Called prefire()
Called fire()
Past the end of training data. Read and discard all inputs.
Sent output token with value 5.0
Next port to read input from is inputA
Called postfire()
Called prefire()
Called fire()
Checking for deadlock:
There are 2 Blocked actors, 0 Stopped actors, and 4 active threads.
Waiting for actors to stop.
Read input token from inputA with value 6.0
Sent output token with value 6.0
Next port to read input from is inputB
Called postfire()
Called prefire()
Called fire()
Read input token from inputB with value 7.5
Checking for deadlock:
There are 1 Blocked actors, 0 Stopped actors, and 4 active threads.
Waiting for actors to stop.
Called postfire()
Called prefire()
Called fire()
Called postfire()
Called prefire()
Called fire()
Checking for deadlock:
There are 3 Blocked actors, 0 Stopped actors, and 4 active threads.
Waiting for actors to stop.
Called prefire()
Called fire()
Checking for deadlock:
Past the end of training data. Read and discard all inputs.
There are 2 Blocked actors, 0 Stopped actors, and 4 active threads.
Waiting for actors to stop.
Checking for deadlock:
There are 3 Blocked actors, 0 Stopped actors, and 4 active threads.
Waiting for actors to stop.
Called prefire()
Checking for deadlock:
There are 2 Blocked actors, 0 Stopped actors, and 4 active threads.
Waiting for actors to stop.
Sent output token with value 6.0
Called fire()
Past the end of training data. Read and discard all inputs.
Next port to read input from is inputA
Called postfire()
Called prefire()
Called fire()
Read input token from inputA with value 7.0
Sent output token with value 7.0
Next port to read input from is inputA
Called postfire()
Called prefire()
Called fire()
Checking for deadlock:
There are 2 Blocked actors, 0 Stopped actors, and 4 active threads.
Waiting for actors to stop.
Called prefire()
Called fire()
Past the end of training data. Read and discard all inputs.
Called postfire()
Called prefire()
Called fire()
Checking for deadlock:
There are 2 Blocked actors, 0 Stopped actors, and 4 active threads.
Waiting for actors to stop.
-- Thread wrapup() called.
Called wrapup()
Thread .top.Ramp is exiting.
-- Thread stopped.
Checking for deadlock:
There are 2 Blocked actors, 0 Stopped actors, and 3 active threads.
Waiting for actors to stop.
Read input token from inputA with value 8.0
Sent output token with value 7.5
Called prefire()
Called fire()
Past the end of training data. Read and discard all inputs.
Next port to read input from is inputB
Called postfire()
Called prefire()
Called fire()
Checking for deadlock:
There are 2 Blocked actors, 0 Stopped actors, and 3 active threads.
Waiting for actors to stop.
Checking for deadlock:
There are 1 Blocked actors, 0 Stopped actors, and 3 active threads.
Waiting for actors to stop.
Called postfire()
Called prefire()
Called fire()
Checking for deadlock:
There are 2 Blocked actors, 0 Stopped actors, and 3 active threads.
Waiting for actors to stop.
Read input token from inputB with value 9.0
Checking for deadlock:
There are 1 Blocked actors, 0 Stopped actors, and 3 active threads.
Waiting for actors to stop.
Called prefire()
Called fire()
Past the end of training data. Read and discard all inputs.
Checking for deadlock:
There are 2 Blocked actors, 0 Stopped actors, and 3 active threads.
Waiting for actors to stop.
Sent output token with value 8.0
Next port to read input from is inputA
Called postfire()
Called prefire()
Called fire()
Read input token from inputA with value 9.0
Called prefire()
Called fire()
Past the end of training data. Read and discard all inputs.
Checking for deadlock:
There are 2 Blocked actors, 0 Stopped actors, and 3 active threads.
Waiting for actors to stop.
Sent output token with value 9.0
Next port to read input from is inputB
Called postfire()
Called prefire()
Called fire()
Called postfire()
Called prefire()
Called fire()
Checking for deadlock:
There are 2 Blocked actors, 0 Stopped actors, and 3 active threads.
Waiting for actors to stop.
Read input token from inputB with value 10.5
Called prefire()
Called fire()
Past the end of training data. Read and discard all inputs.
Checking for deadlock:
There are 2 Blocked actors, 0 Stopped actors, and 3 active threads.
Waiting for actors to stop.
Sent output token with value 9.0
Next port to read input from is inputA
Called postfire()
Called prefire()
Called fire()
Checking for deadlock:
There are 3 Blocked actors, 0 Stopped actors, and 3 active threads.
Actors have stopped.
Checking for deadlock:
There are 3 Blocked actors, 0 Stopped actors, and 3 active threads.
Deadlock detected.
Resolving Deadlock
Checking for deadlock:
There are 3 Blocked actors, 0 Stopped actors, and 3 active threads.
Artificial Deadlock - increasing queue capacity.
increasing the capacity of receiver ptolemy.actor.TypedIOPort {.top.OrderedMerge.inputB} to 2
Director: Called postfire().
Called postfire().
_stopRequested = false
_stopFireRequested = false
Returning from postfire(): true
Called fire().
Checking for deadlock:
There are 2 Blocked actors, 0 Stopped actors, and 3 active threads.
Waiting for actors to stop.
-- Thread wrapup() called.
Called wrapup()
Thread .top.Ramp2 is exiting.
-- Thread stopped.
Checking for deadlock:
There are 2 Blocked actors, 0 Stopped actors, and 2 active threads.
Actors have stopped.
Checking for deadlock:
There are 2 Blocked actors, 0 Stopped actors, and 2 active threads.
Deadlock detected.
Resolving Deadlock
Checking for deadlock:
There are 2 Blocked actors, 0 Stopped actors, and 2 active threads.
Deadlock detected: no processes blocked on write, but some are blocked on read.
Called postfire().
_stopRequested = false
_stopFireRequested = false
Returning from postfire(): false
Finished deactivating branches.
Called wrapup().
-- Thread wrapup() called.
Called wrapup()
Thread .top.Test is exiting.
-- Thread stopped.
-- Blocked Receiver call threw TerminateProcessException.
-- Thread wrapup() called.
Called wrapup()
Thread .top.OrderedMerge is exiting.
-- Thread stopped.
-- Blocked Receiver call threw TerminateProcessException.
86 ms. Memory: 162816K Free: 144589K (89%)
.top. Preinitializing ...
Invoking preinitialize():  .top.OrderedMerge
Called preinitialize()
Invoking preinitialize():  .top.Ramp
Called preinitialize()
Invoking preinitialize():  .top.Ramp2
Called preinitialize()
Invoking preinitialize():  .top.Test
Called preinitialize()
.top. Finished preinitialize().
Called initialize().
Invoking initialize():  .top.OrderedMerge
Initializing actor: .top.OrderedMerge
Adding a thread: .top.OrderedMerge
Invoking initialize():  .top.Ramp
Initializing actor: .top.Ramp
Adding a thread: .top.Ramp
Invoking initialize():  .top.Ramp2
Initializing actor: .top.Ramp2
Adding a thread: .top.Ramp2
Invoking initialize():  .top.Test
Initializing actor: .top.Test
Adding a thread: .top.Test
-- Starting thread.
Called initialize()
Called prefire()
Called fire()
Called fire().
Checking for deadlock:
There are 1 Blocked actors, 0 Stopped actors, and 4 active threads.
Waiting for actors to stop.
-- Starting thread.
Called initialize()
Called prefire()
Called fire()
Checking for deadlock:
There are 2 Blocked actors, 0 Stopped actors, and 4 active threads.
Waiting for actors to stop.
-- Starting thread.
Called initialize()
Called prefire()
Called fire()
Called postfire()
Called prefire()
Called fire()
Checking for deadlock:
There are 2 Blocked actors, 0 Stopped actors, and 4 active threads.
Waiting for actors to stop.
Checking for deadlock:
There are 1 Blocked actors, 0 Stopped actors, and 4 active threads.
Waiting for actors to stop.
Read input token from inputA with value 0.0
Next port to read input from is inputB
Called postfire()
Called prefire()
Called fire()
Checking for deadlock:
There are 2 Blocked actors, 0 Stopped actors, and 4 active threads.
Waiting for actors to stop.
Called postfire()
Called prefire()
Called fire()
-- Starting thread.
Called initialize()
Checking for deadlock:
There are 3 Blocked actors, 0 Stopped actors, and 4 active threads.
Waiting for actors to stop.
Called prefire()
Called fire()
Called postfire()
Called prefire()
Called fire()
Checking for deadlock:
There are 2 Blocked actors, 0 Stopped actors, and 4 active threads.
Waiting for actors to stop.
Read input token from inputB with value 0.0
Sent output token with value 0.0
Next port to read input from is inputA
Called postfire()
Called prefire()
Called fire()
Read input token from inputA with value 1.0
Called postfire()
Called prefire()
-- Read input: 0.0, which is expected to match: 0.0
Called prefire()
Called fire()
Called postfire()
Called prefire()
Called fire()
Checking for deadlock:
There are 2 Blocked actors, 0 Stopped actors, and 4 active threads.
Waiting for actors to stop.
Called fire()
Checking for deadlock:
There are 3 Blocked actors, 0 Stopped actors, and 4 active threads.
Waiting for actors to stop.
Sent output token with value 0.0
Next port to read input from is inputB
Called postfire()
Called prefire()
Called fire()
Read input token from inputB with value 1.5
Checking for deadlock:
There are 2 Blocked actors, 0 Stopped actors, and 4 active threads.
Waiting for actors to stop.
-- Read input: 0.0, which is expected to match: 0.0
Called prefire()
Called fire()
Called postfire()
Called prefire()
Called fire()
Checking for deadlock:
There are 2 Blocked actors, 0 Stopped actors, and 4 active threads.
Waiting for actors to stop.
Checking for deadlock:
There are 2 Blocked actors, 0 Stopped actors, and 4 active threads.
Waiting for actors to stop.
-- Read input: 1.0, which is expected to match: 1.0
Called prefire()
Called fire()
Sent output token with value 1.0
Next port to read input from is inputA
Called postfire()
Called prefire()
Called fire()
Read input token from inputA with value 2.0
Sent output token with value 1.5
Next port to read input from is inputB
Called postfire()
Called prefire()
Called fire()
Read input token from inputB with value 3.0
Checking for deadlock:
There are 1 Blocked actors, 0 Stopped actors, and 4 active threads.
Waiting for actors to stop.
Called postfire()
Called prefire()
Called fire()
Called postfire()
Called prefire()
Called fire()
-- Read input: 1.5, which is expected to match: 1.5
Called prefire()
Called fire()
Checking for deadlock:
There are 3 Blocked actors, 0 Stopped actors, and 4 active threads.
Waiting for actors to stop.
Sent output token with value 2.0
Next port to read input from is inputA
Called postfire()
Called prefire()
Called fire()
Read input token from inputA with value 3.0
Called postfire()
Called prefire()
Called fire()
Checking for deadlock:
There are 3 Blocked actors, 0 Stopped actors, and 4 active threads.
Waiting for actors to stop.
-- Read input: 2.0, which is expected to match: 2.0
Called prefire()
Called fire()
Checking for deadlock:
There are 3 Blocked actors, 0 Stopped actors, and 4 active threads.
Waiting for actors to stop.
Sent output token with value 3.0
Next port to read input from is inputB
Called postfire()
Called prefire()
Called fire()
Read input token from inputB with value 4.5
Checking for deadlock:
There are 2 Blocked actors, 0 Stopped actors, and 4 active threads.
Waiting for actors to stop.
Called postfire()
Called prefire()
Called fire()
-- Read input: 3.0, which is expected to match: 3.0
Called prefire()
Called fire()
Checking for deadlock:
There are 3 Blocked actors, 0 Stopped actors, and 4 active threads.
Waiting for actors to stop.
Sent output token with value 3.0
Next port to read input from is inputA
Called postfire()
Called prefire()
Called fire()
Read input token from inputA with value 4.0
Checking for deadlock:
There are 2 Blocked actors, 0 Stopped actors, and 4 active threads.
Waiting for actors to stop.
-- Read input: 3.0, which is expected to match: 3.0
Called prefire()
Called fire()
Called postfire()
Called prefire()
Called fire()
Checking for deadlock:
There are 3 Blocked actors, 0 Stopped actors, and 4 active threads.
Waiting for actors to stop.
Sent output token with value 4.0
Next port to read input from is inputA
Called postfire()
Called prefire()
Called fire()
Read input token from inputA with value 5.0
Checking for deadlock:
There are 2 Blocked actors, 0 Stopped actors, and 4 active threads.
Waiting for actors to stop.
-- Read input: 4.0, which is expected to match: 4.0
Called prefire()
Called fire()
Past the end of training data. Read and discard all inputs.
Checking for deadlock:
There are 2 Blocked actors, 0 Stopped actors, and 4 active threads.
Waiting for actors to stop.
Called postfire()
Called prefire()
Called fire()
Checking for deadlock:
There are 2 Blocked actors, 0 Stopped actors, and 4 active threads.
Waiting for actors to stop.
Called prefire()
Called fire()
Past the end of training data. Read and discard all inputs.
Checking for deadlock:
There are 3 Blocked actors, 0 Stopped actors, and 4 active threads.
Waiting for actors to stop.
Sent output token with value 4.5
Next port to read input from is inputB
Called postfire()
Called prefire()
Called fire()
Called postfire()
Called prefire()
Read input token from inputB with value 6.0
Called fire()
Sent output token with value 5.0
Next port to read input from is inputA
Called postfire()
Called prefire()
Called fire()
Read input token from inputA with value 6.0
Checking for deadlock:
There are 2 Blocked actors, 0 Stopped actors, and 4 active threads.
Waiting for actors to stop.
Called postfire()
Called prefire()
Called fire()
Called prefire()
Called fire()
Past the end of training data. Read and discard all inputs.
Checking for deadlock:
There are 3 Blocked actors, 0 Stopped actors, and 4 active threads.
Waiting for actors to stop.
Sent output token with value 6.0
Next port to read input from is inputB
Called postfire()
Called prefire()
Called fire()
Read input token from inputB with value 7.5
Checking for deadlock:
There are 2 Blocked actors, 0 Stopped actors, and 4 active threads.
Waiting for actors to stop.
Called prefire()
Called postfire()
Checking for deadlock:
There are 1 Blocked actors, 0 Stopped actors, and 4 active threads.
Waiting for actors to stop.
Called fire()
Called prefire()
Past the end of training data. Read and discard all inputs.
Called fire()
Checking for deadlock:
There are 3 Blocked actors, 0 Stopped actors, and 4 active threads.
Waiting for actors to stop.
Checking for deadlock:
There are 2 Blocked actors, 0 Stopped actors, and 4 active threads.
Waiting for actors to stop.
Called prefire()
Called fire()
Past the end of training data. Read and discard all inputs.
Checking for deadlock:
There are 3 Blocked actors, 0 Stopped actors, and 4 active threads.
Waiting for actors to stop.
Sent output token with value 6.0
Next port to read input from is inputA
Called postfire()
Called prefire()
Called fire()
Checking for deadlock:
There are 2 Blocked actors, 0 Stopped actors, and 4 active threads.
Waiting for actors to stop.
Called postfire()
Called prefire()
Called fire()
Checking for deadlock:
There are 3 Blocked actors, 0 Stopped actors, and 4 active threads.
Waiting for actors to stop.
Read input token from inputA with value 7.0
Sent output token with value 7.0
Next port to read input from is inputA
Called postfire()
Called prefire()
Called fire()
Read input token from inputA with value 8.0
Checking for deadlock:
There are 2 Blocked actors, 0 Stopped actors, and 4 active threads.
Waiting for actors to stop.
Called prefire()
Called fire()
Past the end of training data. Read and discard all inputs.
-- Thread wrapup() called.
Called wrapup()
Thread .top.Ramp is exiting.
-- Thread stopped.
Checking for deadlock:
There are 2 Blocked actors, 0 Stopped actors, and 3 active threads.
Waiting for actors to stop.
Called prefire()
Called fire()
Past the end of training data. Read and discard all inputs.
Checking for deadlock:
There are 2 Blocked actors, 0 Stopped actors, and 3 active threads.
Waiting for actors to stop.
Sent output token with value 7.5
Next port to read input from is inputB
Called postfire()
Called prefire()
Called fire()
Checking for deadlock:
There are 1 Blocked actors, 0 Stopped actors, and 3 active threads.
Waiting for actors to stop.
Called postfire()
Read input token from inputB with value 9.0
Called prefire()
Called fire()
Called prefire()
Called fire()
Past the end of training data. Read and discard all inputs.
Checking for deadlock:
There are 2 Blocked actors, 0 Stopped actors, and 3 active threads.
Waiting for actors to stop.
Sent output token with value 8.0
Next port to read input from is inputA
Called postfire()
Called prefire()
Called fire()
Read input token from inputA with value 9.0
Called prefire()
Called fire()
Past the end of training data. Read and discard all inputs.
Checking for deadlock:
Sent output token with value 9.0
There are 2 Blocked actors, 0 Stopped actors, and 3 active threads.
Waiting for actors to stop.
Next port to read input from is inputB
Called postfire()
Called prefire()
Called fire()
Checking for deadlock:
There are 1 Blocked actors, 0 Stopped actors, and 3 active threads.
Waiting for actors to stop.
Called postfire()
Called prefire()
Called fire()
Checking for deadlock:
There are 2 Blocked actors, 0 Stopped actors, and 3 active threads.
Waiting for actors to stop.
Read input token from inputB with value 10.5
Checking for deadlock:
There are 1 Blocked actors, 0 Stopped actors, and 3 active threads.
Waiting for actors to stop.
Called prefire()
Called fire()
Past the end of training data. Read and discard all inputs.
Checking for deadlock:
There are 2 Blocked actors, 0 Stopped actors, and 3 active threads.
Waiting for actors to stop.
Sent output token with value 9.0
Next port to read input from is inputA
Called postfire()
Called prefire()
Called fire()
Checking for deadlock:
There are 3 Blocked actors, 0 Stopped actors, and 3 active threads.
Actors have stopped.
Checking for deadlock:
There are 3 Blocked actors, 0 Stopped actors, and 3 active threads.
Deadlock detected.
Resolving Deadlock
Checking for deadlock:
There are 3 Blocked actors, 0 Stopped actors, and 3 active threads.
Artificial Deadlock - increasing queue capacity.
increasing the capacity of receiver ptolemy.actor.TypedIOPort {.top.OrderedMerge.inputB} to 2
Director: Called postfire().
Called postfire().
_stopRequested = false
_stopFireRequested = false
Returning from postfire(): true
Called fire().
Checking for deadlock:
There are 2 Blocked actors, 0 Stopped actors, and 3 active threads.
Waiting for actors to stop.
-- Thread wrapup() called.
Called wrapup()
Thread .top.Ramp2 is exiting.
-- Thread stopped.
Checking for deadlock:
There are 2 Blocked actors, 0 Stopped actors, and 2 active threads.
Actors have stopped.
Checking for deadlock:
There are 2 Blocked actors, 0 Stopped actors, and 2 active threads.
Deadlock detected.
Resolving Deadlock
Checking for deadlock:
There are 2 Blocked actors, 0 Stopped actors, and 2 active threads.
Deadlock detected: no processes blocked on write, but some are blocked on read.
Called postfire().
_stopRequested = false
_stopFireRequested = false
Returning from postfire(): false
Finished deactivating branches.
Called wrapup().
-- Thread wrapup() called.
Called wrapup()
-- Thread wrapup() called.
Thread .top.OrderedMerge is exiting.
Called wrapup()
-- Thread stopped.
Thread .top.Test is exiting.
-- Blocked Receiver call threw TerminateProcessException.
39 ms. Memory: 162816K Free: 142031K (87%)
/home/travis/build/icyphy/ptII/ptolemy/actor/lib/test/Publisher.tcl
-- Thread stopped.
-- Blocked Receiver call threw TerminateProcessException.
14 ms. Memory: 162816K Free: 135887K (83%)
12 ms. Memory: 162816K Free: 130247K (80%)
7 ms. Memory: 162816K Free: 126671K (78%)
8 ms. Memory: 162816K Free: 125647K (77%)
7 ms. Memory: 162816K Free: 125119K (77%)
6 ms. Memory: 162816K Free: 124109K (76%)
5 ms. Memory: 162816K Free: 123071K (76%)
6 ms. Memory: 162816K Free: 122575K (75%)
16 ms. Memory: 162816K Free: 112335K (69%)
4 ms. Memory: 162816K Free: 108719K (67%)
3 ms. Memory: 162816K Free: 107725K (66%)
3 ms. Memory: 162816K Free: 105671K (65%)
8 ms. Memory: 162816K Free: 97999K (60%)
6 ms. Memory: 162816K Free: 88783K (55%)
15 ms. Memory: 162816K Free: 77519K (48%)
/home/travis/build/icyphy/ptII/ptolemy/actor/lib/test/Pulse.tcl
2 ms. Memory: 162816K Free: 130881K (80%)
1 ms. Memory: 162816K Free: 130371K (80%)
2 ms. Memory: 162816K Free: 129857K (80%)
1 ms. Memory: 162816K Free: 129347K (79%)
1 ms. Memory: 162816K Free: 128833K (79%)
5 ms. Memory: 162816K Free: 127299K (78%)
2 ms. Memory: 162816K Free: 126275K (78%)
1 ms. Memory: 162816K Free: 125754K (77%)
1 ms. Memory: 162816K Free: 125251K (77%)
/home/travis/build/icyphy/ptII/ptolemy/actor/lib/test/Ramp.tcl
20 ms. Memory: 207872K Free: 189715K (91%)
2 ms. Memory: 207872K Free: 188722K (91%)
2 ms. Memory: 207872K Free: 188227K (91%)
4 ms. Memory: 207872K Free: 187203K (90%)
6 ms. Memory: 207872K Free: 186682K (90%)
4 ms. Memory: 207872K Free: 185665K (89%)
8 ms. Memory: 207872K Free: 184626K (89%)
5 actors
10000 microseconds per iteration to create
12 ms. Memory: 207872K Free: 182083K (88%)
2 ms. Memory: 207872K Free: 181569K (87%)
7 ms. Memory: 207872K Free: 181059K (87%)
2 ms. Memory: 207872K Free: 180035K (87%)
50 actors
51000 microseconds per iteration to create
52 ms. Memory: 207872K Free: 164675K (79%)
11 ms. Memory: 207872K Free: 163651K (79%)
9 ms. Memory: 207872K Free: 162627K (78%)
12 ms. Memory: 207872K Free: 161603K (78%)
500 actors
1520000 microseconds per iteration to create
243 ms. Memory: 207872K Free: 98625K (47%)
39 ms. Memory: 207872K Free: 93505K (45%)
39 ms. Memory: 207872K Free: 87875K (42%)
78 ms. Memory: 207872K Free: 183303K (88%)
/home/travis/build/icyphy/ptII/ptolemy/actor/lib/test/RampContinuous.tcl
8 ms. Memory: 207872K Free: 181769K (87%)
/home/travis/build/icyphy/ptII/ptolemy/actor/lib/test/RecordAssembler.tcl
6 ms. Memory: 207872K Free: 180201K (87%)
4 ms. Memory: 207872K Free: 179193K (86%)
/home/travis/build/icyphy/ptII/ptolemy/actor/lib/test/RecordDisassembler.tcl
6 ms. Memory: 207872K Free: 177159K (85%)
11 ms. Memory: 207872K Free: 176649K (85%)
3 ms. Memory: 207872K Free: 175625K (84%)
/home/travis/build/icyphy/ptII/ptolemy/actor/lib/test/Scale.tcl
4 ms. Memory: 207872K Free: 173577K (84%)
2 ms. Memory: 207872K Free: 173057K (83%)
1 ms. Memory: 207872K Free: 172025K (83%)
3 ms. Memory: 207872K Free: 171015K (82%)
2 ms. Memory: 207872K Free: 170505K (82%)
/home/travis/build/icyphy/ptII/ptolemy/actor/lib/test/SequentialClock.tcl
preinitializing
resolving types
initializing
executing number 1
wrapping up
idle
2 ms. Memory: 207872K Free: 168953K (81%)
Completed execution with 5 iterations
preinitializing
resolving types
initializing
executing number 1
wrapping up
idle
3 ms. Memory: 207872K Free: 168457K (81%)
Completed execution with 5 iterations
preinitializing
resolving types
initializing
executing number 1
wrapping up
idle
1 ms. Memory: 207872K Free: 167929K (81%)
Completed execution with 5 iterations
/home/travis/build/icyphy/ptII/ptolemy/actor/lib/test/SetVariable.tcl
11 ms. Memory: 207872K Free: 166409K (80%)


==== $PTII/ptolemy/actor/lib/test/SetVariable.tcl: SetVariable-3.1 changeFailed
==== Contents of test case:

    #Uses 2.1 above
    jdkCaptureErr {
        # This test was failing if we ran Exit.tcl and then this test.
        # MessageHandler.error() now actually throws the Exception.
	catch {$setVariable changeFailed [java::null]  [java::new Exception {Test exception for SetVariable.changeFailed()}]} errMsg
    } results
    list [string range $results 0 89] "\n" $errMsg

==== Result was:
{java.lang.Exception: Test exception for SetVariable.changeFailed()
	at java.base/jdk.inter} {
} {java.lang.RuntimeException: java.lang.Exception: Test exception for SetVariable.changeFailed()}
---- Result should have been:
{java.lang.Exception: Test exception for SetVariable.changeFailed()
	at sun.reflect.NativeC} {
} {java.lang.RuntimeException: java.lang.Exception: Test exception for SetVariable.changeFailed()}
---- SetVariable-3.1 FAILED
/home/travis/build/icyphy/ptII/ptolemy/actor/lib/test/Sinewave.tcl
/home/travis/build/icyphy/ptII/ptolemy/actor/lib/test/SubscriptionAggregator.tcl
13 ms. Memory: 207872K Free: 154121K (74%)
2 ms. Memory: 207872K Free: 153097K (74%)
0 ms. Memory: 207872K Free: 152583K (73%)
1 ms. Memory: 207872K Free: 152583K (73%)
1 ms. Memory: 207872K Free: 149001K (72%)
8 ms. Memory: 207872K Free: 146953K (71%)
...............................................................1053 ms. Memory: 290816K Free: 198341K (68%)
/home/travis/build/icyphy/ptII/ptolemy/actor/lib/test/Test.tcl
 The next command will produce a warning about training mode,
   which may be ignored.
4 ms. Memory: 290816K Free: 196313K (68%)
2 ms. Memory: 290816K Free: 195803K (67%)
2 ms. Memory: 290816K Free: 194779K (67%)
1 ms. Memory: 290816K Free: 194251K (67%)
2 ms. Memory: 290816K Free: 193755K (67%)
2 ms. Memory: 290816K Free: 192217K (66%)
2 ms. Memory: 290816K Free: 191163K (66%)
 The next command will produce a warning about training mode,
   which may be ignored.
3 ms. Memory: 290816K Free: 188635K (65%)
 The next command will produce a warning about training mode,
   which may be ignored.
2 ms. Memory: 290816K Free: 187611K (65%)
1 ms. Memory: 290816K Free: 187067K (64%)
1 ms. Memory: 290816K Free: 186587K (64%)
1 ms. Memory: 290816K Free: 186043K (64%)
5 ms. Memory: 290816K Free: 185049K (64%)
4 ms. Memory: 290816K Free: 181467K (62%)
/home/travis/build/icyphy/ptII/ptolemy/actor/lib/test/TestExceptionHandler.tcl
 The next command will produce a warning about training mode,
   which may be ignored.
2 ms. Memory: 290816K Free: 179915K (62%)
1 ms. Memory: 290816K Free: 179419K (62%)
1 ms. Memory: 290816K Free: 178905K (62%)
/home/travis/build/icyphy/ptII/ptolemy/actor/lib/test/UnionDisassembler.tcl
23 ms. Memory: 290816K Free: 171707K (59%)
/home/travis/build/icyphy/ptII/ptolemy/actor/lib/test/VariableClock.tcl
preinitializing
resolving types
initializing
executing number 1
wrapping up
idle
3 ms. Memory: 290816K Free: 169683K (58%)
Completed execution with 11 iterations
preinitializing
resolving types
initializing
executing number 1
wrapping up
idle
7 ms. Memory: 290816K Free: 168635K (58%)
Completed execution with 10 iterations
07/03/19 04:48:47
Failed: 1  Total Tests: 234  ((Passed: 233, Newly Passed: 0)  Known Failed: 0) /home/travis/build/icyphy/ptII/ptolemy/actor/lib/test
----------------- testing (KnownFailure) /home/travis/build/icyphy/ptII/ptolemy/actor/lib/test/auto/knownFailedTests/PublisherPortToplevelSubscriber.xml
1 ms. Memory: 290816K Free: 165083K (57%)
Known Failure: java.lang.reflect.InvocationTargetException
----------------- testing (KnownFailure) /home/travis/build/icyphy/ptII/ptolemy/actor/lib/test/auto/knownFailedTests/PublisherSubscriberPortToplevel.xml
0 ms. Memory: 290816K Free: 161497K (56%)
Known Failure: java.lang.reflect.InvocationTargetException
----------------- testing (KnownFailure) /home/travis/build/icyphy/ptII/ptolemy/actor/lib/test/auto/knownFailedTests/PublisherSubscriptionAggregatorPort.xml
0 ms. Memory: 290816K Free: 156891K (54%)
Known Failure: java.lang.reflect.InvocationTargetException
----------------- testing (KnownFailure) /home/travis/build/icyphy/ptII/ptolemy/actor/lib/test/auto/knownFailedTests/sizedarray3.xml
14 ms. Memory: 290816K Free: 152795K (53%)
Known Failure: java.lang.reflect.InvocationTargetException
No auto/linux-amd64/*.xml tests in /home/travis/build/icyphy/ptII/ptolemy/actor/lib/test
AutoTests.java: About to close Vertx.
AutoTests.java: Vertx closed.

===========================================================================================
----------------- testing Wed Jul 03 04:48:47 UTC 2019 /home/travis/build/icyphy/ptII/ptolemy/actor/lib/test/auto/AbsoluteValue.xml
----------------- Instantiating /home/travis/build/icyphy/ptII/ptolemy/actor/lib/test/auto/AbsoluteValue.xml
11 ms. Memory: 290816K Free: 130267K (45%)
----------------- Invoking toplevel() on ptolemy.moml.MoMLSimpleApplication@10713940
----------------- Done invoking toplevel() on ptolemy.moml.MoMLSimpleApplication@10713940
reloadAllAccessors: .AbsoluteValue

===========================================================================================
----------------- testing Wed Jul 03 04:48:47 UTC 2019 /home/travis/build/icyphy/ptII/ptolemy/actor/lib/test/auto/AbsoluteValue2.xml
----------------- Instantiating /home/travis/build/icyphy/ptII/ptolemy/actor/lib/test/auto/AbsoluteValue2.xml
5 ms. Memory: 290816K Free: 123609K (43%)
----------------- Invoking toplevel() on ptolemy.moml.MoMLSimpleApplication@6fe33336
----------------- Done invoking toplevel() on ptolemy.moml.MoMLSimpleApplication@6fe33336
reloadAllAccessors: .AbsoluteValue2

===========================================================================================
----------------- testing Wed Jul 03 04:48:47 UTC 2019 /home/travis/build/icyphy/ptII/ptolemy/actor/lib/test/auto/Accumulator.xml
----------------- Instantiating /home/travis/build/icyphy/ptII/ptolemy/actor/lib/test/auto/Accumulator.xml
6 ms. Memory: 290816K Free: 117465K (40%)
----------------- Invoking toplevel() on ptolemy.moml.MoMLSimpleApplication@5787cf0
----------------- Done invoking toplevel() on ptolemy.moml.MoMLSimpleApplication@5787cf0
reloadAllAccessors: .Accumulator

===========================================================================================
----------------- testing Wed Jul 03 04:48:47 UTC 2019 /home/travis/build/icyphy/ptII/ptolemy/actor/lib/test/auto/Accumulator2.xml
----------------- Instantiating /home/travis/build/icyphy/ptII/ptolemy/actor/lib/test/auto/Accumulator2.xml
3 ms. Memory: 290816K Free: 111835K (38%)
----------------- Invoking toplevel() on ptolemy.moml.MoMLSimpleApplication@26fb87ee
----------------- Done invoking toplevel() on ptolemy.moml.MoMLSimpleApplication@26fb87ee
reloadAllAccessors: .Accumulator2

===========================================================================================
----------------- testing Wed Jul 03 04:48:47 UTC 2019 /home/travis/build/icyphy/ptII/ptolemy/actor/lib/test/auto/Accumulator3.xml
----------------- Instantiating /home/travis/build/icyphy/ptII/ptolemy/actor/lib/test/auto/Accumulator3.xml
4 ms. Memory: 290816K Free: 107739K (37%)
----------------- Invoking toplevel() on ptolemy.moml.MoMLSimpleApplication@2dcd0185
----------------- Done invoking toplevel() on ptolemy.moml.MoMLSimpleApplication@2dcd0185
reloadAllAccessors: .Accumulator3

===========================================================================================
----------------- testing Wed Jul 03 04:48:47 UTC 2019 /home/travis/build/icyphy/ptII/ptolemy/actor/lib/test/auto/ArrayAppend.xml
----------------- Instantiating /home/travis/build/icyphy/ptII/ptolemy/actor/lib/test/auto/ArrayAppend.xml
4 ms. Memory: 290816K Free: 101595K (35%)
----------------- Invoking toplevel() on ptolemy.moml.MoMLSimpleApplication@3443b3b2
----------------- Done invoking toplevel() on ptolemy.moml.MoMLSimpleApplication@3443b3b2
reloadAllAccessors: .ArrayAppend

===========================================================================================
----------------- testing Wed Jul 03 04:48:47 UTC 2019 /home/travis/build/icyphy/ptII/ptolemy/actor/lib/test/auto/ArrayAppend2.xml
----------------- Instantiating /home/travis/build/icyphy/ptII/ptolemy/actor/lib/test/auto/ArrayAppend2.xml
419 ms. Memory: 290816K Free: 167660K (58%)
----------------- Invoking toplevel() on ptolemy.moml.MoMLSimpleApplication@51227095
----------------- Done invoking toplevel() on ptolemy.moml.MoMLSimpleApplication@51227095
reloadAllAccessors: .ArrayAppend2

===========================================================================================
----------------- testing Wed Jul 03 04:48:48 UTC 2019 /home/travis/build/icyphy/ptII/ptolemy/actor/lib/test/auto/ArrayAppend3.xml
----------------- Instantiating /home/travis/build/icyphy/ptII/ptolemy/actor/lib/test/auto/ArrayAppend3.xml
4 ms. Memory: 290816K Free: 161574K (56%)
----------------- Invoking toplevel() on ptolemy.moml.MoMLSimpleApplication@7687de4
----------------- Done invoking toplevel() on ptolemy.moml.MoMLSimpleApplication@7687de4
reloadAllAccessors: .ArrayAppend3

===========================================================================================
----------------- testing Wed Jul 03 04:48:48 UTC 2019 /home/travis/build/icyphy/ptII/ptolemy/actor/lib/test/auto/ArrayAppend4.xml
----------------- Instantiating /home/travis/build/icyphy/ptII/ptolemy/actor/lib/test/auto/ArrayAppend4.xml
2 ms. Memory: 290816K Free: 156454K (54%)
----------------- Invoking toplevel() on ptolemy.moml.MoMLSimpleApplication@6d0608e9
----------------- Done invoking toplevel() on ptolemy.moml.MoMLSimpleApplication@6d0608e9
reloadAllAccessors: .ArrayAppend4

===========================================================================================
----------------- testing Wed Jul 03 04:48:48 UTC 2019 /home/travis/build/icyphy/ptII/ptolemy/actor/lib/test/auto/ArrayAppend5.xml
----------------- Instantiating /home/travis/build/icyphy/ptII/ptolemy/actor/lib/test/auto/ArrayAppend5.xml
2 ms. Memory: 290816K Free: 151334K (52%)
----------------- Invoking toplevel() on ptolemy.moml.MoMLSimpleApplication@1c9040aa
----------------- Done invoking toplevel() on ptolemy.moml.MoMLSimpleApplication@1c9040aa
reloadAllAccessors: .ArrayAppend5

===========================================================================================
----------------- testing Wed Jul 03 04:48:48 UTC 2019 /home/travis/build/icyphy/ptII/ptolemy/actor/lib/test/auto/ArrayAppend6.xml
----------------- Instantiating /home/travis/build/icyphy/ptII/ptolemy/actor/lib/test/auto/ArrayAppend6.xml
1 ms. Memory: 290816K Free: 146214K (50%)
----------------- Invoking toplevel() on ptolemy.moml.MoMLSimpleApplication@7081f46c
----------------- Done invoking toplevel() on ptolemy.moml.MoMLSimpleApplication@7081f46c
reloadAllAccessors: .ArrayAppend6

===========================================================================================
----------------- testing Wed Jul 03 04:48:48 UTC 2019 /home/travis/build/icyphy/ptII/ptolemy/actor/lib/test/auto/ArrayAppendPerformanceTest.xml
----------------- Instantiating /home/travis/build/icyphy/ptII/ptolemy/actor/lib/test/auto/ArrayAppendPerformanceTest.xml
28 ms. Memory: 290816K Free: 134950K (46%)
----------------- Invoking toplevel() on ptolemy.moml.MoMLSimpleApplication@68f6f052
----------------- Done invoking toplevel() on ptolemy.moml.MoMLSimpleApplication@68f6f052
reloadAllAccessors: .ArrayAppendPerformanceTest

===========================================================================================
----------------- testing Wed Jul 03 04:48:48 UTC 2019 /home/travis/build/icyphy/ptII/ptolemy/actor/lib/test/auto/ArrayAppendWithEmptyInput.xml
----------------- Instantiating /home/travis/build/icyphy/ptII/ptolemy/actor/lib/test/auto/ArrayAppendWithEmptyInput.xml
9 ms. Memory: 290816K Free: 127272K (44%)
----------------- Invoking toplevel() on ptolemy.moml.MoMLSimpleApplication@1d05bc30
----------------- Done invoking toplevel() on ptolemy.moml.MoMLSimpleApplication@1d05bc30
reloadAllAccessors: .ArrayAppendWithEmptyInput

===========================================================================================
----------------- testing Wed Jul 03 04:48:48 UTC 2019 /home/travis/build/icyphy/ptII/ptolemy/actor/lib/test/auto/ArrayAverage.xml
----------------- Instantiating /home/travis/build/icyphy/ptII/ptolemy/actor/lib/test/auto/ArrayAverage.xml
12 ms. Memory: 290816K Free: 119080K (41%)
----------------- Invoking toplevel() on ptolemy.moml.MoMLSimpleApplication@761aa795
----------------- Done invoking toplevel() on ptolemy.moml.MoMLSimpleApplication@761aa795
reloadAllAccessors: .ArrayAverage

===========================================================================================
----------------- testing Wed Jul 03 04:48:48 UTC 2019 /home/travis/build/icyphy/ptII/ptolemy/actor/lib/test/auto/ArrayContains.xml
----------------- Instantiating /home/travis/build/icyphy/ptII/ptolemy/actor/lib/test/auto/ArrayContains.xml
9 ms. Memory: 290816K Free: 113446K (39%)
----------------- Invoking toplevel() on ptolemy.moml.MoMLSimpleApplication@4de180fb
----------------- Done invoking toplevel() on ptolemy.moml.MoMLSimpleApplication@4de180fb
reloadAllAccessors: .ArrayContains

===========================================================================================
----------------- testing Wed Jul 03 04:48:48 UTC 2019 /home/travis/build/icyphy/ptII/ptolemy/actor/lib/test/auto/ArrayElement.xml
----------------- Instantiating /home/travis/build/icyphy/ptII/ptolemy/actor/lib/test/auto/ArrayElement.xml
4 ms. Memory: 290816K Free: 107302K (37%)
----------------- Invoking toplevel() on ptolemy.moml.MoMLSimpleApplication@586a2448
----------------- Done invoking toplevel() on ptolemy.moml.MoMLSimpleApplication@586a2448
reloadAllAccessors: .ArrayElement

===========================================================================================
----------------- testing Wed Jul 03 04:48:48 UTC 2019 /home/travis/build/icyphy/ptII/ptolemy/actor/lib/test/auto/ArrayElementAsMatrix.xml
----------------- Instantiating /home/travis/build/icyphy/ptII/ptolemy/actor/lib/test/auto/ArrayElementAsMatrix.xml
24 ms. Memory: 290816K Free: 97576K (34%)
----------------- Invoking toplevel() on ptolemy.moml.MoMLSimpleApplication@5db3ea9e
----------------- Done invoking toplevel() on ptolemy.moml.MoMLSimpleApplication@5db3ea9e
reloadAllAccessors: .ArrayElementAsMatrix

===========================================================================================
----------------- testing Wed Jul 03 04:48:48 UTC 2019 /home/travis/build/icyphy/ptII/ptolemy/actor/lib/test/auto/ArrayElementI.xml
----------------- Instantiating /home/travis/build/icyphy/ptII/ptolemy/actor/lib/test/auto/ArrayElementI.xml
3 ms. Memory: 290816K Free: 92456K (32%)
----------------- Invoking toplevel() on ptolemy.moml.MoMLSimpleApplication@62d38d54
----------------- Done invoking toplevel() on ptolemy.moml.MoMLSimpleApplication@62d38d54
reloadAllAccessors: .ArrayElementI

===========================================================================================
----------------- testing Wed Jul 03 04:48:48 UTC 2019 /home/travis/build/icyphy/ptII/ptolemy/actor/lib/test/auto/ArrayExtract.xml
----------------- Instantiating /home/travis/build/icyphy/ptII/ptolemy/actor/lib/test/auto/ArrayExtract.xml
67 ms. Memory: 510976K Free: 462425K (90%)
----------------- Invoking toplevel() on ptolemy.moml.MoMLSimpleApplication@6a543c1a
----------------- Done invoking toplevel() on ptolemy.moml.MoMLSimpleApplication@6a543c1a
reloadAllAccessors: .ArrayExtract

===========================================================================================
----------------- testing Wed Jul 03 04:48:48 UTC 2019 /home/travis/build/icyphy/ptII/ptolemy/actor/lib/test/auto/ArrayExtract2.xml
----------------- Instantiating /home/travis/build/icyphy/ptII/ptolemy/actor/lib/test/auto/ArrayExtract2.xml
2 ms. Memory: 510976K Free: 456183K (89%)
----------------- Invoking toplevel() on ptolemy.moml.MoMLSimpleApplication@4925ae2d
----------------- Done invoking toplevel() on ptolemy.moml.MoMLSimpleApplication@4925ae2d
reloadAllAccessors: .ArrayExtract2

===========================================================================================
----------------- testing Wed Jul 03 04:48:48 UTC 2019 /home/travis/build/icyphy/ptII/ptolemy/actor/lib/test/auto/ArrayLength.xml
----------------- Instantiating /home/travis/build/icyphy/ptII/ptolemy/actor/lib/test/auto/ArrayLength.xml
5 ms. Memory: 510976K Free: 452608K (89%)
----------------- Invoking toplevel() on ptolemy.moml.MoMLSimpleApplication@41a423b
----------------- Done invoking toplevel() on ptolemy.moml.MoMLSimpleApplication@41a423b
reloadAllAccessors: .ArrayLength

===========================================================================================
----------------- testing Wed Jul 03 04:48:48 UTC 2019 /home/travis/build/icyphy/ptII/ptolemy/actor/lib/test/auto/ArrayLevelCrossing.xml
----------------- Instantiating /home/travis/build/icyphy/ptII/ptolemy/actor/lib/test/auto/ArrayLevelCrossing.xml
5 ms. Memory: 510976K Free: 444416K (87%)
----------------- Invoking toplevel() on ptolemy.moml.MoMLSimpleApplication@27f5a300
----------------- Done invoking toplevel() on ptolemy.moml.MoMLSimpleApplication@27f5a300
reloadAllAccessors: .ArrayLevelCrossing

===========================================================================================
----------------- testing Wed Jul 03 04:48:49 UTC 2019 /home/travis/build/icyphy/ptII/ptolemy/actor/lib/test/auto/ArrayLevelCrossing2.xml
----------------- Instantiating /home/travis/build/icyphy/ptII/ptolemy/actor/lib/test/auto/ArrayLevelCrossing2.xml
4 ms. Memory: 510976K Free: 437248K (86%)
----------------- Invoking toplevel() on ptolemy.moml.MoMLSimpleApplication@644444b7
----------------- Done invoking toplevel() on ptolemy.moml.MoMLSimpleApplication@644444b7
reloadAllAccessors: .ArrayLevelCrossing2

===========================================================================================
----------------- testing Wed Jul 03 04:48:49 UTC 2019 /home/travis/build/icyphy/ptII/ptolemy/actor/lib/test/auto/ArrayPeakSearch.xml
----------------- Instantiating /home/travis/build/icyphy/ptII/ptolemy/actor/lib/test/auto/ArrayPeakSearch.xml
8 ms. Memory: 510976K Free: 428032K (84%)
----------------- Invoking toplevel() on ptolemy.moml.MoMLSimpleApplication@179335ac
----------------- Done invoking toplevel() on ptolemy.moml.MoMLSimpleApplication@179335ac
reloadAllAccessors: .ArrayPeakSearch

===========================================================================================
----------------- testing Wed Jul 03 04:48:49 UTC 2019 /home/travis/build/icyphy/ptII/ptolemy/actor/lib/test/auto/ArrayPeakSearch2.xml
----------------- Instantiating /home/travis/build/icyphy/ptII/ptolemy/actor/lib/test/auto/ArrayPeakSearch2.xml
9 ms. Memory: 510976K Free: 417792K (82%)
----------------- Invoking toplevel() on ptolemy.moml.MoMLSimpleApplication@62e7691e
----------------- Done invoking toplevel() on ptolemy.moml.MoMLSimpleApplication@62e7691e
reloadAllAccessors: .ArrayPeakSearch2

===========================================================================================
----------------- testing Wed Jul 03 04:48:49 UTC 2019 /home/travis/build/icyphy/ptII/ptolemy/actor/lib/test/auto/ArrayPeakSearch3.xml
----------------- Instantiating /home/travis/build/icyphy/ptII/ptolemy/actor/lib/test/auto/ArrayPeakSearch3.xml
9 ms. Memory: 510976K Free: 409086K (80%)
----------------- Invoking toplevel() on ptolemy.moml.MoMLSimpleApplication@3e11c7c7
----------------- Done invoking toplevel() on ptolemy.moml.MoMLSimpleApplication@3e11c7c7
reloadAllAccessors: .ArrayPeakSearch3

===========================================================================================
----------------- testing Wed Jul 03 04:48:49 UTC 2019 /home/travis/build/icyphy/ptII/ptolemy/actor/lib/test/auto/ArrayRemoveElement.xml
----------------- Instantiating /home/travis/build/icyphy/ptII/ptolemy/actor/lib/test/auto/ArrayRemoveElement.xml
4 ms. Memory: 510976K Free: 400894K (78%)
----------------- Invoking toplevel() on ptolemy.moml.MoMLSimpleApplication@1401de17
----------------- Done invoking toplevel() on ptolemy.moml.MoMLSimpleApplication@1401de17
reloadAllAccessors: .ArrayRemoveElement

===========================================================================================
----------------- testing Wed Jul 03 04:48:49 UTC 2019 /home/travis/build/icyphy/ptII/ptolemy/actor/lib/test/auto/ArraySort.xml
----------------- Instantiating /home/travis/build/icyphy/ptII/ptolemy/actor/lib/test/auto/ArraySort.xml
6 ms. Memory: 510976K Free: 392192K (77%)
----------------- Invoking toplevel() on ptolemy.moml.MoMLSimpleApplication@d76a11e
----------------- Done invoking toplevel() on ptolemy.moml.MoMLSimpleApplication@d76a11e
reloadAllAccessors: .ArraySort

===========================================================================================
----------------- testing Wed Jul 03 04:48:49 UTC 2019 /home/travis/build/icyphy/ptII/ptolemy/actor/lib/test/auto/ArraySum.xml
----------------- Instantiating /home/travis/build/icyphy/ptII/ptolemy/actor/lib/test/auto/ArraySum.xml
6 ms. Memory: 510976K Free: 386558K (76%)
----------------- Invoking toplevel() on ptolemy.moml.MoMLSimpleApplication@1b5ae391
----------------- Done invoking toplevel() on ptolemy.moml.MoMLSimpleApplication@1b5ae391
reloadAllAccessors: .ArraySum

===========================================================================================
----------------- testing Wed Jul 03 04:48:49 UTC 2019 /home/travis/build/icyphy/ptII/ptolemy/actor/lib/test/auto/ArrayToElements.xml
----------------- Instantiating /home/travis/build/icyphy/ptII/ptolemy/actor/lib/test/auto/ArrayToElements.xml
9 ms. Memory: 510976K Free: 381438K (75%)
----------------- Invoking toplevel() on ptolemy.moml.MoMLSimpleApplication@1a032839
----------------- Done invoking toplevel() on ptolemy.moml.MoMLSimpleApplication@1a032839
reloadAllAccessors: .ArrayToElements

===========================================================================================
----------------- testing Wed Jul 03 04:48:49 UTC 2019 /home/travis/build/icyphy/ptII/ptolemy/actor/lib/test/auto/ArrayToMatrix.xml
----------------- Instantiating /home/travis/build/icyphy/ptII/ptolemy/actor/lib/test/auto/ArrayToMatrix.xml
13 ms. Memory: 510976K Free: 367102K (72%)
----------------- Invoking toplevel() on ptolemy.moml.MoMLSimpleApplication@564ace65
----------------- Done invoking toplevel() on ptolemy.moml.MoMLSimpleApplication@564ace65
reloadAllAccessors: .ArrayToMatrix

===========================================================================================
----------------- testing Wed Jul 03 04:48:49 UTC 2019 /home/travis/build/icyphy/ptII/ptolemy/actor/lib/test/auto/ArrayUpdate1.xml
----------------- Instantiating /home/travis/build/icyphy/ptII/ptolemy/actor/lib/test/auto/ArrayUpdate1.xml
10 ms. Memory: 510976K Free: 362496K (71%)
----------------- Invoking toplevel() on ptolemy.moml.MoMLSimpleApplication@4b3eccd5
----------------- Done invoking toplevel() on ptolemy.moml.MoMLSimpleApplication@4b3eccd5
reloadAllAccessors: .ArrayUpdate1

===========================================================================================
----------------- testing Wed Jul 03 04:48:49 UTC 2019 /home/travis/build/icyphy/ptII/ptolemy/actor/lib/test/auto/ArrayUpdate2.xml
----------------- Instantiating /home/travis/build/icyphy/ptII/ptolemy/actor/lib/test/auto/ArrayUpdate2.xml
14 ms. Memory: 510976K Free: 356352K (70%)
----------------- Invoking toplevel() on ptolemy.moml.MoMLSimpleApplication@fa91ef6
----------------- Done invoking toplevel() on ptolemy.moml.MoMLSimpleApplication@fa91ef6
reloadAllAccessors: .ArrayUpdate2

===========================================================================================
----------------- testing Wed Jul 03 04:48:49 UTC 2019 /home/travis/build/icyphy/ptII/ptolemy/actor/lib/test/auto/ArrayUpdate3.xml
----------------- Instantiating /home/travis/build/icyphy/ptII/ptolemy/actor/lib/test/auto/ArrayUpdate3.xml
6 ms. Memory: 510976K Free: 351742K (69%)
----------------- Invoking toplevel() on ptolemy.moml.MoMLSimpleApplication@6c1d7ca9
----------------- Done invoking toplevel() on ptolemy.moml.MoMLSimpleApplication@6c1d7ca9
reloadAllAccessors: .ArrayUpdate3

===========================================================================================
----------------- testing Wed Jul 03 04:48:49 UTC 2019 /home/travis/build/icyphy/ptII/ptolemy/actor/lib/test/auto/Assert1.xml
----------------- Instantiating /home/travis/build/icyphy/ptII/ptolemy/actor/lib/test/auto/Assert1.xml
4 ms. Memory: 510976K Free: 347136K (68%)
----------------- Invoking toplevel() on ptolemy.moml.MoMLSimpleApplication@2f54b3f3
----------------- Done invoking toplevel() on ptolemy.moml.MoMLSimpleApplication@2f54b3f3
reloadAllAccessors: .Assert1

===========================================================================================
----------------- testing Wed Jul 03 04:48:49 UTC 2019 /home/travis/build/icyphy/ptII/ptolemy/actor/lib/test/auto/Assert2.xml
----------------- Instantiating /home/travis/build/icyphy/ptII/ptolemy/actor/lib/test/auto/Assert2.xml
2 ms. Memory: 510976K Free: 342526K (67%)
----------------- Invoking toplevel() on ptolemy.moml.MoMLSimpleApplication@3882c16
----------------- Done invoking toplevel() on ptolemy.moml.MoMLSimpleApplication@3882c16
reloadAllAccessors: .Assert2

===========================================================================================
----------------- testing Wed Jul 03 04:48:49 UTC 2019 /home/travis/build/icyphy/ptII/ptolemy/actor/lib/test/auto/BooleanMultiplexor.xml
----------------- Instantiating /home/travis/build/icyphy/ptII/ptolemy/actor/lib/test/auto/BooleanMultiplexor.xml
2 ms. Memory: 510976K Free: 336351K (66%)
----------------- Invoking toplevel() on ptolemy.moml.MoMLSimpleApplication@4c0cc2d
----------------- Done invoking toplevel() on ptolemy.moml.MoMLSimpleApplication@4c0cc2d
reloadAllAccessors: .BooleanMultiplexor

===========================================================================================
----------------- testing Wed Jul 03 04:48:49 UTC 2019 /home/travis/build/icyphy/ptII/ptolemy/actor/lib/test/auto/BooleanMultiplexor2.xml
----------------- Instantiating /home/travis/build/icyphy/ptII/ptolemy/actor/lib/test/auto/BooleanMultiplexor2.xml
11 ms. Memory: 510976K Free: 330238K (65%)
----------------- Invoking toplevel() on ptolemy.moml.MoMLSimpleApplication@67f994bb
----------------- Done invoking toplevel() on ptolemy.moml.MoMLSimpleApplication@67f994bb
reloadAllAccessors: .BooleanMultiplexor2

===========================================================================================
----------------- testing Wed Jul 03 04:48:49 UTC 2019 /home/travis/build/icyphy/ptII/ptolemy/actor/lib/test/auto/BooleanMultiplexor3.xml
----------------- Instantiating /home/travis/build/icyphy/ptII/ptolemy/actor/lib/test/auto/BooleanMultiplexor3.xml
4 ms. Memory: 510976K Free: 326142K (64%)
----------------- Invoking toplevel() on ptolemy.moml.MoMLSimpleApplication@74b86b71
----------------- Done invoking toplevel() on ptolemy.moml.MoMLSimpleApplication@74b86b71
reloadAllAccessors: .BooleanMultiplexor3

===========================================================================================
----------------- testing Wed Jul 03 04:48:49 UTC 2019 /home/travis/build/icyphy/ptII/ptolemy/actor/lib/test/auto/BooleanSelect.xml
----------------- Instantiating /home/travis/build/icyphy/ptII/ptolemy/actor/lib/test/auto/BooleanSelect.xml
11 ms. Memory: 510976K Free: 320512K (63%)
----------------- Invoking toplevel() on ptolemy.moml.MoMLSimpleApplication@599be146
----------------- Done invoking toplevel() on ptolemy.moml.MoMLSimpleApplication@599be146
reloadAllAccessors: .BooleanSelect

===========================================================================================
----------------- testing Wed Jul 03 04:48:49 UTC 2019 /home/travis/build/icyphy/ptII/ptolemy/actor/lib/test/auto/BooleanSelect2.xml
----------------- Instantiating /home/travis/build/icyphy/ptII/ptolemy/actor/lib/test/auto/BooleanSelect2.xml
1 ms. Memory: 510976K Free: 315902K (62%)
----------------- Invoking toplevel() on ptolemy.moml.MoMLSimpleApplication@3022bd21
----------------- Done invoking toplevel() on ptolemy.moml.MoMLSimpleApplication@3022bd21
reloadAllAccessors: .BooleanSelect2

===========================================================================================
----------------- testing Wed Jul 03 04:48:49 UTC 2019 /home/travis/build/icyphy/ptII/ptolemy/actor/lib/test/auto/BooleanSwitch.xml
----------------- Instantiating /home/travis/build/icyphy/ptII/ptolemy/actor/lib/test/auto/BooleanSwitch.xml
14 ms. Memory: 510976K Free: 309758K (61%)
----------------- Invoking toplevel() on ptolemy.moml.MoMLSimpleApplication@4c08d78f
----------------- Done invoking toplevel() on ptolemy.moml.MoMLSimpleApplication@4c08d78f
reloadAllAccessors: .BooleanSwitch

===========================================================================================
----------------- testing Wed Jul 03 04:48:49 UTC 2019 /home/travis/build/icyphy/ptII/ptolemy/actor/lib/test/auto/BooleanSwitch2.xml
----------------- Instantiating /home/travis/build/icyphy/ptII/ptolemy/actor/lib/test/auto/BooleanSwitch2.xml
2 ms. Memory: 510976K Free: 305152K (60%)
----------------- Invoking toplevel() on ptolemy.moml.MoMLSimpleApplication@4f5b2170
----------------- Done invoking toplevel() on ptolemy.moml.MoMLSimpleApplication@4f5b2170
reloadAllAccessors: .BooleanSwitch2

===========================================================================================
----------------- testing Wed Jul 03 04:48:49 UTC 2019 /home/travis/build/icyphy/ptII/ptolemy/actor/lib/test/auto/BooleanSwitchCloningBugWithClassRelationGroup.xml
----------------- Instantiating /home/travis/build/icyphy/ptII/ptolemy/actor/lib/test/auto/BooleanSwitchCloningBugWithClassRelationGroup.xml
5 ms. Memory: 510976K Free: 298494K (58%)
----------------- Invoking toplevel() on ptolemy.moml.MoMLSimpleApplication@1944edd1
----------------- Done invoking toplevel() on ptolemy.moml.MoMLSimpleApplication@1944edd1
reloadAllAccessors: .BooleanSwitchCloningBugWithClassRelationGroup

===========================================================================================
----------------- testing Wed Jul 03 04:48:49 UTC 2019 /home/travis/build/icyphy/ptII/ptolemy/actor/lib/test/auto/BusActors.xml
----------------- Instantiating /home/travis/build/icyphy/ptII/ptolemy/actor/lib/test/auto/BusActors.xml
4 ms. Memory: 510976K Free: 290816K (57%)
----------------- Invoking toplevel() on ptolemy.moml.MoMLSimpleApplication@785f0f99
----------------- Done invoking toplevel() on ptolemy.moml.MoMLSimpleApplication@785f0f99
reloadAllAccessors: .BusActors

===========================================================================================
----------------- testing Wed Jul 03 04:48:49 UTC 2019 /home/travis/build/icyphy/ptII/ptolemy/actor/lib/test/auto/ClassWrapper.xml
----------------- Instantiating /home/travis/build/icyphy/ptII/ptolemy/actor/lib/test/auto/ClassWrapper.xml
3 ms. Memory: 510976K Free: 286206K (56%)
----------------- Invoking toplevel() on ptolemy.moml.MoMLSimpleApplication@4278d6c9
----------------- Done invoking toplevel() on ptolemy.moml.MoMLSimpleApplication@4278d6c9
reloadAllAccessors: .ClassWrapper

===========================================================================================
----------------- testing Wed Jul 03 04:48:49 UTC 2019 /home/travis/build/icyphy/ptII/ptolemy/actor/lib/test/auto/Clock.xml
----------------- Instantiating /home/travis/build/icyphy/ptII/ptolemy/actor/lib/test/auto/Clock.xml
4 ms. Memory: 510976K Free: 282624K (55%)
----------------- Invoking toplevel() on ptolemy.moml.MoMLSimpleApplication@1e9be10
----------------- Done invoking toplevel() on ptolemy.moml.MoMLSimpleApplication@1e9be10
reloadAllAccessors: .Clock

===========================================================================================
----------------- testing Wed Jul 03 04:48:49 UTC 2019 /home/travis/build/icyphy/ptII/ptolemy/actor/lib/test/auto/Clock10.xml
----------------- Instantiating /home/travis/build/icyphy/ptII/ptolemy/actor/lib/test/auto/Clock10.xml
3 ms. Memory: 510976K Free: 276480K (54%)
----------------- Invoking toplevel() on ptolemy.moml.MoMLSimpleApplication@f03512e
----------------- Done invoking toplevel() on ptolemy.moml.MoMLSimpleApplication@f03512e
reloadAllAccessors: .Clock10

===========================================================================================
----------------- testing Wed Jul 03 04:48:49 UTC 2019 /home/travis/build/icyphy/ptII/ptolemy/actor/lib/test/auto/Clock11.xml
----------------- Instantiating /home/travis/build/icyphy/ptII/ptolemy/actor/lib/test/auto/Clock11.xml
8 ms. Memory: 510976K Free: 270846K (53%)
----------------- Invoking toplevel() on ptolemy.moml.MoMLSimpleApplication@b15d83a
----------------- Done invoking toplevel() on ptolemy.moml.MoMLSimpleApplication@b15d83a
reloadAllAccessors: .Clock11

===========================================================================================
----------------- testing Wed Jul 03 04:48:49 UTC 2019 /home/travis/build/icyphy/ptII/ptolemy/actor/lib/test/auto/Clock12.xml
----------------- Instantiating /home/travis/build/icyphy/ptII/ptolemy/actor/lib/test/auto/Clock12.xml
5 ms. Memory: 510976K Free: 264702K (52%)
----------------- Invoking toplevel() on ptolemy.moml.MoMLSimpleApplication@383a9f1f
----------------- Done invoking toplevel() on ptolemy.moml.MoMLSimpleApplication@383a9f1f
reloadAllAccessors: .Clock12

===========================================================================================
----------------- testing Wed Jul 03 04:48:49 UTC 2019 /home/travis/build/icyphy/ptII/ptolemy/actor/lib/test/auto/Clock13.xml
----------------- Instantiating /home/travis/build/icyphy/ptII/ptolemy/actor/lib/test/auto/Clock13.xml
4 ms. Memory: 510976K Free: 259072K (51%)
----------------- Invoking toplevel() on ptolemy.moml.MoMLSimpleApplication@4eba0f59
----------------- Done invoking toplevel() on ptolemy.moml.MoMLSimpleApplication@4eba0f59
reloadAllAccessors: .Clock13

===========================================================================================
----------------- testing Wed Jul 03 04:48:49 UTC 2019 /home/travis/build/icyphy/ptII/ptolemy/actor/lib/test/auto/Clock14.xml
----------------- Instantiating /home/travis/build/icyphy/ptII/ptolemy/actor/lib/test/auto/Clock14.xml
4 ms. Memory: 510976K Free: 252928K (49%)
----------------- Invoking toplevel() on ptolemy.moml.MoMLSimpleApplication@fc0dac9
----------------- Done invoking toplevel() on ptolemy.moml.MoMLSimpleApplication@fc0dac9
reloadAllAccessors: .Clock14

===========================================================================================
----------------- testing Wed Jul 03 04:48:50 UTC 2019 /home/travis/build/icyphy/ptII/ptolemy/actor/lib/test/auto/Clock15.xml
----------------- Instantiating /home/travis/build/icyphy/ptII/ptolemy/actor/lib/test/auto/Clock15.xml
5 ms. Memory: 510976K Free: 458231K (90%)
----------------- Invoking toplevel() on ptolemy.moml.MoMLSimpleApplication@279330b8
----------------- Done invoking toplevel() on ptolemy.moml.MoMLSimpleApplication@279330b8
reloadAllAccessors: .Clock15

===========================================================================================
----------------- testing Wed Jul 03 04:48:50 UTC 2019 /home/travis/build/icyphy/ptII/ptolemy/actor/lib/test/auto/Clock16.xml
----------------- Instantiating /home/travis/build/icyphy/ptII/ptolemy/actor/lib/test/auto/Clock16.xml
27 ms. Memory: 510976K Free: 442863K (87%)
----------------- Invoking toplevel() on ptolemy.moml.MoMLSimpleApplication@7f3b8495
----------------- Done invoking toplevel() on ptolemy.moml.MoMLSimpleApplication@7f3b8495
reloadAllAccessors: .Clock16

===========================================================================================
----------------- testing Wed Jul 03 04:48:50 UTC 2019 /home/travis/build/icyphy/ptII/ptolemy/actor/lib/test/auto/Clock17.xml
----------------- Instantiating /home/travis/build/icyphy/ptII/ptolemy/actor/lib/test/auto/Clock17.xml
13 ms. Memory: 510976K Free: 428527K (84%)
----------------- Invoking toplevel() on ptolemy.moml.MoMLSimpleApplication@17465c95
----------------- Done invoking toplevel() on ptolemy.moml.MoMLSimpleApplication@17465c95
reloadAllAccessors: .Clock17

===========================================================================================
----------------- testing Wed Jul 03 04:48:50 UTC 2019 /home/travis/build/icyphy/ptII/ptolemy/actor/lib/test/auto/Clock18.xml
----------------- Instantiating /home/travis/build/icyphy/ptII/ptolemy/actor/lib/test/auto/Clock18.xml
24 ms. Memory: 510976K Free: 415215K (81%)
----------------- Invoking toplevel() on ptolemy.moml.MoMLSimpleApplication@68580db
----------------- Done invoking toplevel() on ptolemy.moml.MoMLSimpleApplication@68580db
reloadAllAccessors: .Clock18

===========================================================================================
----------------- testing Wed Jul 03 04:48:50 UTC 2019 /home/travis/build/icyphy/ptII/ptolemy/actor/lib/test/auto/Clock19.xml
----------------- Instantiating /home/travis/build/icyphy/ptII/ptolemy/actor/lib/test/auto/Clock19.xml
12 ms. Memory: 510976K Free: 401918K (79%)
----------------- Invoking toplevel() on ptolemy.moml.MoMLSimpleApplication@7f3a3a75
----------------- Done invoking toplevel() on ptolemy.moml.MoMLSimpleApplication@7f3a3a75
reloadAllAccessors: .Clock19

===========================================================================================
----------------- testing Wed Jul 03 04:48:50 UTC 2019 /home/travis/build/icyphy/ptII/ptolemy/actor/lib/test/auto/Clock2.xml
----------------- Instantiating /home/travis/build/icyphy/ptII/ptolemy/actor/lib/test/auto/Clock2.xml
5 ms. Memory: 510976K Free: 397822K (78%)
----------------- Invoking toplevel() on ptolemy.moml.MoMLSimpleApplication@69da7daf
----------------- Done invoking toplevel() on ptolemy.moml.MoMLSimpleApplication@69da7daf
reloadAllAccessors: .Clock2

===========================================================================================
----------------- testing Wed Jul 03 04:48:50 UTC 2019 /home/travis/build/icyphy/ptII/ptolemy/actor/lib/test/auto/Clock20.xml
----------------- Instantiating /home/travis/build/icyphy/ptII/ptolemy/actor/lib/test/auto/Clock20.xml
6 ms. Memory: 510976K Free: 392192K (77%)
----------------- Invoking toplevel() on ptolemy.moml.MoMLSimpleApplication@55de634a
----------------- Done invoking toplevel() on ptolemy.moml.MoMLSimpleApplication@55de634a
reloadAllAccessors: .Clock20

===========================================================================================
----------------- testing Wed Jul 03 04:48:50 UTC 2019 /home/travis/build/icyphy/ptII/ptolemy/actor/lib/test/auto/Clock21.xml
----------------- Instantiating /home/travis/build/icyphy/ptII/ptolemy/actor/lib/test/auto/Clock21.xml
2 ms. Memory: 510976K Free: 387072K (76%)
----------------- Invoking toplevel() on ptolemy.moml.MoMLSimpleApplication@7a79de71
----------------- Done invoking toplevel() on ptolemy.moml.MoMLSimpleApplication@7a79de71
reloadAllAccessors: .Clock21

===========================================================================================
----------------- testing Wed Jul 03 04:48:50 UTC 2019 /home/travis/build/icyphy/ptII/ptolemy/actor/lib/test/auto/Clock22.xml
----------------- Instantiating /home/travis/build/icyphy/ptII/ptolemy/actor/lib/test/auto/Clock22.xml
2 ms. Memory: 510976K Free: 381438K (75%)
----------------- Invoking toplevel() on ptolemy.moml.MoMLSimpleApplication@4c2e2ed7
----------------- Done invoking toplevel() on ptolemy.moml.MoMLSimpleApplication@4c2e2ed7
reloadAllAccessors: .Clock22

===========================================================================================
----------------- testing Wed Jul 03 04:48:50 UTC 2019 /home/travis/build/icyphy/ptII/ptolemy/actor/lib/test/auto/Clock23.xml
----------------- Instantiating /home/travis/build/icyphy/ptII/ptolemy/actor/lib/test/auto/Clock23.xml
3 ms. Memory: 510976K Free: 375808K (74%)
----------------- Invoking toplevel() on ptolemy.moml.MoMLSimpleApplication@296b5425
----------------- Done invoking toplevel() on ptolemy.moml.MoMLSimpleApplication@296b5425
reloadAllAccessors: .Clock23

===========================================================================================
----------------- testing Wed Jul 03 04:48:50 UTC 2019 /home/travis/build/icyphy/ptII/ptolemy/actor/lib/test/auto/Clock24.xml
----------------- Instantiating /home/travis/build/icyphy/ptII/ptolemy/actor/lib/test/auto/Clock24.xml
2 ms. Memory: 510976K Free: 370688K (73%)
----------------- Invoking toplevel() on ptolemy.moml.MoMLSimpleApplication@3e38349
----------------- Done invoking toplevel() on ptolemy.moml.MoMLSimpleApplication@3e38349
reloadAllAccessors: .Clock24

===========================================================================================
----------------- testing Wed Jul 03 04:48:50 UTC 2019 /home/travis/build/icyphy/ptII/ptolemy/actor/lib/test/auto/Clock4.xml
----------------- Instantiating /home/travis/build/icyphy/ptII/ptolemy/actor/lib/test/auto/Clock4.xml
1 ms. Memory: 510976K Free: 365568K (72%)
----------------- Invoking toplevel() on ptolemy.moml.MoMLSimpleApplication@ff68b36
----------------- Done invoking toplevel() on ptolemy.moml.MoMLSimpleApplication@ff68b36
reloadAllAccessors: .Clock4

===========================================================================================
----------------- testing Wed Jul 03 04:48:50 UTC 2019 /home/travis/build/icyphy/ptII/ptolemy/actor/lib/test/auto/Clock5.xml
----------------- Instantiating /home/travis/build/icyphy/ptII/ptolemy/actor/lib/test/auto/Clock5.xml
2 ms. Memory: 510976K Free: 360448K (71%)
----------------- Invoking toplevel() on ptolemy.moml.MoMLSimpleApplication@115bf468
----------------- Done invoking toplevel() on ptolemy.moml.MoMLSimpleApplication@115bf468
reloadAllAccessors: .Clock5

===========================================================================================
----------------- testing Wed Jul 03 04:48:50 UTC 2019 /home/travis/build/icyphy/ptII/ptolemy/actor/lib/test/auto/Clock6.xml
----------------- Instantiating /home/travis/build/icyphy/ptII/ptolemy/actor/lib/test/auto/Clock6.xml
2 ms. Memory: 510976K Free: 355838K (70%)
----------------- Invoking toplevel() on ptolemy.moml.MoMLSimpleApplication@7238ec9c
----------------- Done invoking toplevel() on ptolemy.moml.MoMLSimpleApplication@7238ec9c
reloadAllAccessors: .Clock6

===========================================================================================
----------------- testing Wed Jul 03 04:48:50 UTC 2019 /home/travis/build/icyphy/ptII/ptolemy/actor/lib/test/auto/Clock7.xml
----------------- Instantiating /home/travis/build/icyphy/ptII/ptolemy/actor/lib/test/auto/Clock7.xml
3 ms. Memory: 510976K Free: 351742K (69%)
----------------- Invoking toplevel() on ptolemy.moml.MoMLSimpleApplication@308e3d78
----------------- Done invoking toplevel() on ptolemy.moml.MoMLSimpleApplication@308e3d78
reloadAllAccessors: .Clock7

===========================================================================================
----------------- testing Wed Jul 03 04:48:50 UTC 2019 /home/travis/build/icyphy/ptII/ptolemy/actor/lib/test/auto/Clock8.xml
----------------- Instantiating /home/travis/build/icyphy/ptII/ptolemy/actor/lib/test/auto/Clock8.xml
3 ms. Memory: 510976K Free: 346112K (68%)
----------------- Invoking toplevel() on ptolemy.moml.MoMLSimpleApplication@5365ca38
----------------- Done invoking toplevel() on ptolemy.moml.MoMLSimpleApplication@5365ca38
reloadAllAccessors: .Clock8

===========================================================================================
----------------- testing Wed Jul 03 04:48:50 UTC 2019 /home/travis/build/icyphy/ptII/ptolemy/actor/lib/test/auto/Clock9.xml
----------------- Instantiating /home/travis/build/icyphy/ptII/ptolemy/actor/lib/test/auto/Clock9.xml
4 ms. Memory: 510976K Free: 340471K (67%)
----------------- Invoking toplevel() on ptolemy.moml.MoMLSimpleApplication@bbcced7
----------------- Done invoking toplevel() on ptolemy.moml.MoMLSimpleApplication@bbcced7
reloadAllAccessors: .Clock9

===========================================================================================
----------------- testing Wed Jul 03 04:48:50 UTC 2019 /home/travis/build/icyphy/ptII/ptolemy/actor/lib/test/auto/CommDistDiscard.xml
----------------- Instantiating /home/travis/build/icyphy/ptII/ptolemy/actor/lib/test/auto/CommDistDiscard.xml
4 ms. Memory: 510976K Free: 335358K (66%)
----------------- Invoking toplevel() on ptolemy.moml.MoMLSimpleApplication@50f2942f
----------------- Done invoking toplevel() on ptolemy.moml.MoMLSimpleApplication@50f2942f
reloadAllAccessors: .CommDistDiscard

===========================================================================================
----------------- testing Wed Jul 03 04:48:50 UTC 2019 /home/travis/build/icyphy/ptII/ptolemy/actor/lib/test/auto/Commutator.xml
----------------- Instantiating /home/travis/build/icyphy/ptII/ptolemy/actor/lib/test/auto/Commutator.xml
1 ms. Memory: 510976K Free: 330752K (65%)
----------------- Invoking toplevel() on ptolemy.moml.MoMLSimpleApplication@53162114
----------------- Done invoking toplevel() on ptolemy.moml.MoMLSimpleApplication@53162114
reloadAllAccessors: .Commutator

===========================================================================================
----------------- testing Wed Jul 03 04:48:50 UTC 2019 /home/travis/build/icyphy/ptII/ptolemy/actor/lib/test/auto/Commutator2.xml
----------------- Instantiating /home/travis/build/icyphy/ptII/ptolemy/actor/lib/test/auto/Commutator2.xml
2 ms. Memory: 510976K Free: 326656K (64%)
----------------- Invoking toplevel() on ptolemy.moml.MoMLSimpleApplication@5e50851d
----------------- Done invoking toplevel() on ptolemy.moml.MoMLSimpleApplication@5e50851d
reloadAllAccessors: .Commutator2

===========================================================================================
----------------- testing Wed Jul 03 04:48:50 UTC 2019 /home/travis/build/icyphy/ptII/ptolemy/actor/lib/test/auto/Commutator3.xml
----------------- Instantiating /home/travis/build/icyphy/ptII/ptolemy/actor/lib/test/auto/Commutator3.xml
2 ms. Memory: 510976K Free: 322046K (63%)
----------------- Invoking toplevel() on ptolemy.moml.MoMLSimpleApplication@28aa1f2d
----------------- Done invoking toplevel() on ptolemy.moml.MoMLSimpleApplication@28aa1f2d
reloadAllAccessors: .Commutator3

===========================================================================================
----------------- testing Wed Jul 03 04:48:50 UTC 2019 /home/travis/build/icyphy/ptII/ptolemy/actor/lib/test/auto/Compare.xml
----------------- Instantiating /home/travis/build/icyphy/ptII/ptolemy/actor/lib/test/auto/Compare.xml
2 ms. Memory: 510976K Free: 315392K (62%)
----------------- Invoking toplevel() on ptolemy.moml.MoMLSimpleApplication@3ad40fe5
----------------- Done invoking toplevel() on ptolemy.moml.MoMLSimpleApplication@3ad40fe5
reloadAllAccessors: .Compare

===========================================================================================
----------------- testing Wed Jul 03 04:48:50 UTC 2019 /home/travis/build/icyphy/ptII/ptolemy/actor/lib/test/auto/CompareDE.xml
----------------- Instantiating /home/travis/build/icyphy/ptII/ptolemy/actor/lib/test/auto/CompareDE.xml
3 ms. Memory: 510976K Free: 308719K (60%)
----------------- Invoking toplevel() on ptolemy.moml.MoMLSimpleApplication@2b63723c
----------------- Done invoking toplevel() on ptolemy.moml.MoMLSimpleApplication@2b63723c
reloadAllAccessors: .CompareDE

===========================================================================================
----------------- testing Wed Jul 03 04:48:50 UTC 2019 /home/travis/build/icyphy/ptII/ptolemy/actor/lib/test/auto/ComplexDivide.xml
----------------- Instantiating /home/travis/build/icyphy/ptII/ptolemy/actor/lib/test/auto/ComplexDivide.xml
1 ms. Memory: 510976K Free: 304638K (60%)
----------------- Invoking toplevel() on ptolemy.moml.MoMLSimpleApplication@73317091
----------------- Done invoking toplevel() on ptolemy.moml.MoMLSimpleApplication@73317091
reloadAllAccessors: .ComplexDivide

===========================================================================================
----------------- testing Wed Jul 03 04:48:50 UTC 2019 /home/travis/build/icyphy/ptII/ptolemy/actor/lib/test/auto/ComputeHistogram.xml
----------------- Instantiating /home/travis/build/icyphy/ptII/ptolemy/actor/lib/test/auto/ComputeHistogram.xml
35 ms. Memory: 510976K Free: 292350K (57%)
----------------- Invoking toplevel() on ptolemy.moml.MoMLSimpleApplication@3e6504d3
----------------- Done invoking toplevel() on ptolemy.moml.MoMLSimpleApplication@3e6504d3
reloadAllAccessors: .ComputeHistogram

===========================================================================================
----------------- testing Wed Jul 03 04:48:50 UTC 2019 /home/travis/build/icyphy/ptII/ptolemy/actor/lib/test/auto/ConfigurationSelect.xml
----------------- Instantiating /home/travis/build/icyphy/ptII/ptolemy/actor/lib/test/auto/ConfigurationSelect.xml
9 ms. Memory: 510976K Free: 286720K (56%)
----------------- Invoking toplevel() on ptolemy.moml.MoMLSimpleApplication@4d124465
----------------- Done invoking toplevel() on ptolemy.moml.MoMLSimpleApplication@4d124465
reloadAllAccessors: .ConfigurationSelect

===========================================================================================
----------------- testing Wed Jul 03 04:48:50 UTC 2019 /home/travis/build/icyphy/ptII/ptolemy/actor/lib/test/auto/ConfigurationSelect2.xml
----------------- Instantiating /home/travis/build/icyphy/ptII/ptolemy/actor/lib/test/auto/ConfigurationSelect2.xml
2 ms. Memory: 510976K Free: 282110K (55%)
----------------- Invoking toplevel() on ptolemy.moml.MoMLSimpleApplication@3ab02f09
----------------- Done invoking toplevel() on ptolemy.moml.MoMLSimpleApplication@3ab02f09
reloadAllAccessors: .ConfigurationSelect2

===========================================================================================
----------------- testing Wed Jul 03 04:48:50 UTC 2019 /home/travis/build/icyphy/ptII/ptolemy/actor/lib/test/auto/ConfigurationSwitch.xml
----------------- Instantiating /home/travis/build/icyphy/ptII/ptolemy/actor/lib/test/auto/ConfigurationSwitch.xml
2 ms. Memory: 510976K Free: 276990K (54%)
----------------- Invoking toplevel() on ptolemy.moml.MoMLSimpleApplication@1403fe23
----------------- Done invoking toplevel() on ptolemy.moml.MoMLSimpleApplication@1403fe23
reloadAllAccessors: .ConfigurationSwitch

===========================================================================================
----------------- testing Wed Jul 03 04:48:50 UTC 2019 /home/travis/build/icyphy/ptII/ptolemy/actor/lib/test/auto/ConfigurationSwitch2.xml
----------------- Instantiating /home/travis/build/icyphy/ptII/ptolemy/actor/lib/test/auto/ConfigurationSwitch2.xml
3 ms. Memory: 510976K Free: 271360K (53%)
----------------- Invoking toplevel() on ptolemy.moml.MoMLSimpleApplication@3907fdc2
----------------- Done invoking toplevel() on ptolemy.moml.MoMLSimpleApplication@3907fdc2
reloadAllAccessors: .ConfigurationSwitch2

===========================================================================================
----------------- testing Wed Jul 03 04:48:50 UTC 2019 /home/travis/build/icyphy/ptII/ptolemy/actor/lib/test/auto/ConfigurationSwitchCloningBugWithClassRelationGroup.xml
----------------- Instantiating /home/travis/build/icyphy/ptII/ptolemy/actor/lib/test/auto/ConfigurationSwitchCloningBugWithClassRelationGroup.xml
1 ms. Memory: 510976K Free: 264702K (52%)
----------------- Invoking toplevel() on ptolemy.moml.MoMLSimpleApplication@18813b9
----------------- Done invoking toplevel() on ptolemy.moml.MoMLSimpleApplication@18813b9
reloadAllAccessors: .ConfigurationSwitchCloningBugWithClassRelationGroup

===========================================================================================
----------------- testing Wed Jul 03 04:48:50 UTC 2019 /home/travis/build/icyphy/ptII/ptolemy/actor/lib/test/auto/ConfigurationSwitchSelectSDF.xml
----------------- Instantiating /home/travis/build/icyphy/ptII/ptolemy/actor/lib/test/auto/ConfigurationSwitchSelectSDF.xml
2 ms. Memory: 510976K Free: 259582K (51%)
----------------- Invoking toplevel() on ptolemy.moml.MoMLSimpleApplication@fc3ead8
----------------- Done invoking toplevel() on ptolemy.moml.MoMLSimpleApplication@fc3ead8
reloadAllAccessors: .ConfigurationSwitchSelectSDF

===========================================================================================
----------------- testing Wed Jul 03 04:48:50 UTC 2019 /home/travis/build/icyphy/ptII/ptolemy/actor/lib/test/auto/ConfigurationSwitchSelectSDF2.xml
----------------- Instantiating /home/travis/build/icyphy/ptII/ptolemy/actor/lib/test/auto/ConfigurationSwitchSelectSDF2.xml
2 ms. Memory: 510976K Free: 253438K (50%)
----------------- Invoking toplevel() on ptolemy.moml.MoMLSimpleApplication@64b65341
----------------- Done invoking toplevel() on ptolemy.moml.MoMLSimpleApplication@64b65341
reloadAllAccessors: .ConfigurationSwitchSelectSDF2

===========================================================================================
----------------- testing Wed Jul 03 04:48:50 UTC 2019 /home/travis/build/icyphy/ptII/ptolemy/actor/lib/test/auto/Const.xml
----------------- Instantiating /home/travis/build/icyphy/ptII/ptolemy/actor/lib/test/auto/Const.xml
1 ms. Memory: 510976K Free: 249856K (49%)
----------------- Invoking toplevel() on ptolemy.moml.MoMLSimpleApplication@3a607f5d
----------------- Done invoking toplevel() on ptolemy.moml.MoMLSimpleApplication@3a607f5d
reloadAllAccessors: .Const

===========================================================================================
----------------- testing Wed Jul 03 04:48:50 UTC 2019 /home/travis/build/icyphy/ptII/ptolemy/actor/lib/test/auto/Const2.xml
----------------- Instantiating /home/travis/build/icyphy/ptII/ptolemy/actor/lib/test/auto/Const2.xml
1 ms. Memory: 510976K Free: 246270K (48%)
----------------- Invoking toplevel() on ptolemy.moml.MoMLSimpleApplication@337c0992
----------------- Done invoking toplevel() on ptolemy.moml.MoMLSimpleApplication@337c0992
reloadAllAccessors: .Const2

===========================================================================================
----------------- testing Wed Jul 03 04:48:50 UTC 2019 /home/travis/build/icyphy/ptII/ptolemy/actor/lib/test/auto/Const3.xml
----------------- Instantiating /home/travis/build/icyphy/ptII/ptolemy/actor/lib/test/auto/Const3.xml
1 ms. Memory: 510976K Free: 243198K (48%)
----------------- Invoking toplevel() on ptolemy.moml.MoMLSimpleApplication@76320419
----------------- Done invoking toplevel() on ptolemy.moml.MoMLSimpleApplication@76320419
reloadAllAccessors: .Const3

===========================================================================================
----------------- testing Wed Jul 03 04:48:50 UTC 2019 /home/travis/build/icyphy/ptII/ptolemy/actor/lib/test/auto/ConstantPublisherPort1.xml
----------------- Instantiating /home/travis/build/icyphy/ptII/ptolemy/actor/lib/test/auto/ConstantPublisherPort1.xml
11 ms. Memory: 510976K Free: 234496K (46%)
----------------- Invoking toplevel() on ptolemy.moml.MoMLSimpleApplication@339c6ffb
----------------- Done invoking toplevel() on ptolemy.moml.MoMLSimpleApplication@339c6ffb
reloadAllAccessors: .ConstantPublisherPort1

===========================================================================================
----------------- testing Wed Jul 03 04:48:50 UTC 2019 /home/travis/build/icyphy/ptII/ptolemy/actor/lib/test/auto/ConstantPublisherPort2.xml
----------------- Instantiating /home/travis/build/icyphy/ptII/ptolemy/actor/lib/test/auto/ConstantPublisherPort2.xml
9 ms. Memory: 510976K Free: 226814K (44%)
----------------- Invoking toplevel() on ptolemy.moml.MoMLSimpleApplication@6739f98d
----------------- Done invoking toplevel() on ptolemy.moml.MoMLSimpleApplication@6739f98d
reloadAllAccessors: .ConstantPublisherPort2

===========================================================================================
----------------- testing Wed Jul 03 04:48:50 UTC 2019 /home/travis/build/icyphy/ptII/ptolemy/actor/lib/test/auto/ConstantPublisherPort3.xml
----------------- Instantiating /home/travis/build/icyphy/ptII/ptolemy/actor/lib/test/auto/ConstantPublisherPort3.xml
15 ms. Memory: 510976K Free: 219136K (43%)
----------------- Invoking toplevel() on ptolemy.moml.MoMLSimpleApplication@2932c22f
----------------- Done invoking toplevel() on ptolemy.moml.MoMLSimpleApplication@2932c22f
reloadAllAccessors: .ConstantPublisherPort3

===========================================================================================
----------------- testing Wed Jul 03 04:48:51 UTC 2019 /home/travis/build/icyphy/ptII/ptolemy/actor/lib/test/auto/ConstantPublisherPort4.xml
----------------- Instantiating /home/travis/build/icyphy/ptII/ptolemy/actor/lib/test/auto/ConstantPublisherPort4.xml
2 ms. Memory: 510976K Free: 457726K (90%)
----------------- Invoking toplevel() on ptolemy.moml.MoMLSimpleApplication@306af8a6
----------------- Done invoking toplevel() on ptolemy.moml.MoMLSimpleApplication@306af8a6
reloadAllAccessors: .ConstantPublisherPort4

===========================================================================================
----------------- testing Wed Jul 03 04:48:51 UTC 2019 /home/travis/build/icyphy/ptII/ptolemy/actor/lib/test/auto/ConstantPublisherPort5.xml
----------------- Instantiating /home/travis/build/icyphy/ptII/ptolemy/actor/lib/test/auto/ConstantPublisherPort5.xml
24 ms. Memory: 510976K Free: 448510K (88%)
----------------- Invoking toplevel() on ptolemy.moml.MoMLSimpleApplication@63376758
----------------- Done invoking toplevel() on ptolemy.moml.MoMLSimpleApplication@63376758
reloadAllAccessors: .ConstantPublisherPort5

===========================================================================================
----------------- testing Wed Jul 03 04:48:51 UTC 2019 /home/travis/build/icyphy/ptII/ptolemy/actor/lib/test/auto/ConstantPublisherPort6.xml
----------------- Instantiating /home/travis/build/icyphy/ptII/ptolemy/actor/lib/test/auto/ConstantPublisherPort6.xml
13 ms. Memory: 510976K Free: 439294K (86%)
----------------- Invoking toplevel() on ptolemy.moml.MoMLSimpleApplication@2bac2bfb
----------------- Done invoking toplevel() on ptolemy.moml.MoMLSimpleApplication@2bac2bfb
reloadAllAccessors: .ConstantPublisherPort6

===========================================================================================
----------------- testing Wed Jul 03 04:48:51 UTC 2019 /home/travis/build/icyphy/ptII/ptolemy/actor/lib/test/auto/ConstantPublisherPort7.xml
----------------- Instantiating /home/travis/build/icyphy/ptII/ptolemy/actor/lib/test/auto/ConstantPublisherPort7.xml
18 ms. Memory: 510976K Free: 430592K (84%)
----------------- Invoking toplevel() on ptolemy.moml.MoMLSimpleApplication@759eddaf
----------------- Done invoking toplevel() on ptolemy.moml.MoMLSimpleApplication@759eddaf
reloadAllAccessors: .ConstantPublisherPort7

===========================================================================================
----------------- testing Wed Jul 03 04:48:51 UTC 2019 /home/travis/build/icyphy/ptII/ptolemy/actor/lib/test/auto/ConstraintMonitor1.xml
----------------- Instantiating /home/travis/build/icyphy/ptII/ptolemy/actor/lib/test/auto/ConstraintMonitor1.xml
7 ms. Memory: 510976K Free: 424958K (83%)
----------------- Invoking toplevel() on ptolemy.moml.MoMLSimpleApplication@179d2b
----------------- Done invoking toplevel() on ptolemy.moml.MoMLSimpleApplication@179d2b
reloadAllAccessors: .ConstraintMonitor1

===========================================================================================
----------------- testing Wed Jul 03 04:48:51 UTC 2019 /home/travis/build/icyphy/ptII/ptolemy/actor/lib/test/auto/ConstraintMonitor2.xml
----------------- Instantiating /home/travis/build/icyphy/ptII/ptolemy/actor/lib/test/auto/ConstraintMonitor2.xml
6 ms. Memory: 510976K Free: 420352K (82%)
----------------- Invoking toplevel() on ptolemy.moml.MoMLSimpleApplication@4ee74b60
----------------- Done invoking toplevel() on ptolemy.moml.MoMLSimpleApplication@4ee74b60
reloadAllAccessors: .ConstraintMonitor2

===========================================================================================
----------------- testing Wed Jul 03 04:48:51 UTC 2019 /home/travis/build/icyphy/ptII/ptolemy/actor/lib/test/auto/ConstraintMonitor3.xml
----------------- Instantiating /home/travis/build/icyphy/ptII/ptolemy/actor/lib/test/auto/ConstraintMonitor3.xml
2 ms. Memory: 510976K Free: 416256K (81%)
----------------- Invoking toplevel() on ptolemy.moml.MoMLSimpleApplication@10816aae
----------------- Done invoking toplevel() on ptolemy.moml.MoMLSimpleApplication@10816aae
reloadAllAccessors: .ConstraintMonitor3

===========================================================================================
----------------- testing Wed Jul 03 04:48:51 UTC 2019 /home/travis/build/icyphy/ptII/ptolemy/actor/lib/test/auto/ConstraintMonitor4.xml
----------------- Instantiating /home/travis/build/icyphy/ptII/ptolemy/actor/lib/test/auto/ConstraintMonitor4.xml
2 ms. Memory: 510976K Free: 411136K (80%)
----------------- Invoking toplevel() on ptolemy.moml.MoMLSimpleApplication@537ea4c3
----------------- Done invoking toplevel() on ptolemy.moml.MoMLSimpleApplication@537ea4c3
reloadAllAccessors: .ConstraintMonitor4

===========================================================================================
----------------- testing Wed Jul 03 04:48:51 UTC 2019 /home/travis/build/icyphy/ptII/ptolemy/actor/lib/test/auto/ConstraintMonitor5.xml
----------------- Instantiating /home/travis/build/icyphy/ptII/ptolemy/actor/lib/test/auto/ConstraintMonitor5.xml
5 ms. Memory: 510976K Free: 406016K (79%)
----------------- Invoking toplevel() on ptolemy.moml.MoMLSimpleApplication@180ae9f7
----------------- Done invoking toplevel() on ptolemy.moml.MoMLSimpleApplication@180ae9f7
reloadAllAccessors: .ConstraintMonitor5

===========================================================================================
----------------- testing Wed Jul 03 04:48:51 UTC 2019 /home/travis/build/icyphy/ptII/ptolemy/actor/lib/test/auto/ConstraintMonitor6.xml
----------------- Instantiating /home/travis/build/icyphy/ptII/ptolemy/actor/lib/test/auto/ConstraintMonitor6.xml
2 ms. Memory: 510976K Free: 399872K (78%)
----------------- Invoking toplevel() on ptolemy.moml.MoMLSimpleApplication@4cc63cc4
----------------- Done invoking toplevel() on ptolemy.moml.MoMLSimpleApplication@4cc63cc4
reloadAllAccessors: .ConstraintMonitor6

===========================================================================================
----------------- testing Wed Jul 03 04:48:51 UTC 2019 /home/travis/build/icyphy/ptII/ptolemy/actor/lib/test/auto/ConstraintMonitor7.xml
----------------- Instantiating /home/travis/build/icyphy/ptII/ptolemy/actor/lib/test/auto/ConstraintMonitor7.xml
3 ms. Memory: 510976K Free: 393728K (77%)
----------------- Invoking toplevel() on ptolemy.moml.MoMLSimpleApplication@3879d8bf
----------------- Done invoking toplevel() on ptolemy.moml.MoMLSimpleApplication@3879d8bf
reloadAllAccessors: .ConstraintMonitor7

===========================================================================================
----------------- testing Wed Jul 03 04:48:51 UTC 2019 /home/travis/build/icyphy/ptII/ptolemy/actor/lib/test/auto/ConstraintMonitor8.xml
----------------- Instantiating /home/travis/build/icyphy/ptII/ptolemy/actor/lib/test/auto/ConstraintMonitor8.xml
5 ms. Memory: 510976K Free: 386046K (76%)
----------------- Invoking toplevel() on ptolemy.moml.MoMLSimpleApplication@344b5778
----------------- Done invoking toplevel() on ptolemy.moml.MoMLSimpleApplication@344b5778
reloadAllAccessors: .ConstraintMonitor8

===========================================================================================
----------------- testing Wed Jul 03 04:48:51 UTC 2019 /home/travis/build/icyphy/ptII/ptolemy/actor/lib/test/auto/Counter.xml
----------------- Instantiating /home/travis/build/icyphy/ptII/ptolemy/actor/lib/test/auto/Counter.xml
1 ms. Memory: 510976K Free: 380416K (74%)
----------------- Invoking toplevel() on ptolemy.moml.MoMLSimpleApplication@58846d12
----------------- Done invoking toplevel() on ptolemy.moml.MoMLSimpleApplication@58846d12
reloadAllAccessors: .Counter

===========================================================================================
----------------- testing Wed Jul 03 04:48:51 UTC 2019 /home/travis/build/icyphy/ptII/ptolemy/actor/lib/test/auto/CurrentTimeSDF.xml
----------------- Instantiating /home/travis/build/icyphy/ptII/ptolemy/actor/lib/test/auto/CurrentTimeSDF.xml
1 ms. Memory: 510976K Free: 376830K (74%)
----------------- Invoking toplevel() on ptolemy.moml.MoMLSimpleApplication@900f4eb
----------------- Done invoking toplevel() on ptolemy.moml.MoMLSimpleApplication@900f4eb
reloadAllAccessors: .CurrentTimeSDF

===========================================================================================
----------------- testing Wed Jul 03 04:48:51 UTC 2019 /home/travis/build/icyphy/ptII/ptolemy/actor/lib/test/auto/DB.xml
----------------- Instantiating /home/travis/build/icyphy/ptII/ptolemy/actor/lib/test/auto/DB.xml
2 ms. Memory: 510976K Free: 371710K (73%)
----------------- Invoking toplevel() on ptolemy.moml.MoMLSimpleApplication@56471c23
----------------- Done invoking toplevel() on ptolemy.moml.MoMLSimpleApplication@56471c23
reloadAllAccessors: .DB

===========================================================================================
----------------- testing Wed Jul 03 04:48:51 UTC 2019 /home/travis/build/icyphy/ptII/ptolemy/actor/lib/test/auto/DBDE.xml
----------------- Instantiating /home/travis/build/icyphy/ptII/ptolemy/actor/lib/test/auto/DBDE.xml
2 ms. Memory: 510976K Free: 365551K (72%)
----------------- Invoking toplevel() on ptolemy.moml.MoMLSimpleApplication@10c3cb6f
----------------- Done invoking toplevel() on ptolemy.moml.MoMLSimpleApplication@10c3cb6f
reloadAllAccessors: .DBDE

===========================================================================================
----------------- testing Wed Jul 03 04:48:51 UTC 2019 /home/travis/build/icyphy/ptII/ptolemy/actor/lib/test/auto/DateConstructor.xml
----------------- Instantiating /home/travis/build/icyphy/ptII/ptolemy/actor/lib/test/auto/DateConstructor.xml
29 ms. Memory: 510976K Free: 348158K (68%)
----------------- Invoking toplevel() on ptolemy.moml.MoMLSimpleApplication@71482672
----------------- Done invoking toplevel() on ptolemy.moml.MoMLSimpleApplication@71482672
reloadAllAccessors: .DateConstructor

===========================================================================================
----------------- testing Wed Jul 03 04:48:51 UTC 2019 /home/travis/build/icyphy/ptII/ptolemy/actor/lib/test/auto/DelayTime.xml
----------------- Instantiating /home/travis/build/icyphy/ptII/ptolemy/actor/lib/test/auto/DelayTime.xml
6 ms. Memory: 510976K Free: 343038K (67%)
----------------- Invoking toplevel() on ptolemy.moml.MoMLSimpleApplication@284447ac
----------------- Done invoking toplevel() on ptolemy.moml.MoMLSimpleApplication@284447ac
reloadAllAccessors: .DelayTime

===========================================================================================
----------------- testing Wed Jul 03 04:48:51 UTC 2019 /home/travis/build/icyphy/ptII/ptolemy/actor/lib/test/auto/Dictionary1.xml
----------------- Instantiating /home/travis/build/icyphy/ptII/ptolemy/actor/lib/test/auto/Dictionary1.xml
1 ms. Memory: 510976K Free: 336894K (66%)
----------------- Invoking toplevel() on ptolemy.moml.MoMLSimpleApplication@3a01a7c4
----------------- Done invoking toplevel() on ptolemy.moml.MoMLSimpleApplication@3a01a7c4
reloadAllAccessors: .Dictionary1

===========================================================================================
----------------- testing Wed Jul 03 04:48:51 UTC 2019 /home/travis/build/icyphy/ptII/ptolemy/actor/lib/test/auto/Dictionary2.xml
----------------- Instantiating /home/travis/build/icyphy/ptII/ptolemy/actor/lib/test/auto/Dictionary2.xml
2 ms. Memory: 510976K Free: 331774K (65%)
----------------- Invoking toplevel() on ptolemy.moml.MoMLSimpleApplication@2107f7e3
----------------- Done invoking toplevel() on ptolemy.moml.MoMLSimpleApplication@2107f7e3
reloadAllAccessors: .Dictionary2

===========================================================================================
----------------- testing Wed Jul 03 04:48:51 UTC 2019 /home/travis/build/icyphy/ptII/ptolemy/actor/lib/test/auto/Dictionary3.xml
----------------- Instantiating /home/travis/build/icyphy/ptII/ptolemy/actor/lib/test/auto/Dictionary3.xml
2 ms. Memory: 510976K Free: 326144K (64%)
----------------- Invoking toplevel() on ptolemy.moml.MoMLSimpleApplication@3e04e81e
----------------- Done invoking toplevel() on ptolemy.moml.MoMLSimpleApplication@3e04e81e
reloadAllAccessors: .Dictionary3

===========================================================================================
----------------- testing Wed Jul 03 04:48:51 UTC 2019 /home/travis/build/icyphy/ptII/ptolemy/actor/lib/test/auto/Dictionary4.xml
----------------- Instantiating /home/travis/build/icyphy/ptII/ptolemy/actor/lib/test/auto/Dictionary4.xml
3 ms. Memory: 510976K Free: 318976K (62%)
----------------- Invoking toplevel() on ptolemy.moml.MoMLSimpleApplication@56af635c
----------------- Done invoking toplevel() on ptolemy.moml.MoMLSimpleApplication@56af635c
reloadAllAccessors: .Dictionary4

===========================================================================================
----------------- testing Wed Jul 03 04:48:51 UTC 2019 /home/travis/build/icyphy/ptII/ptolemy/actor/lib/test/auto/Differential.xml
----------------- Instantiating /home/travis/build/icyphy/ptII/ptolemy/actor/lib/test/auto/Differential.xml
3 ms. Memory: 510976K Free: 314366K (62%)
----------------- Invoking toplevel() on ptolemy.moml.MoMLSimpleApplication@5fea2c41
----------------- Done invoking toplevel() on ptolemy.moml.MoMLSimpleApplication@5fea2c41
reloadAllAccessors: .Differential

===========================================================================================
----------------- testing Wed Jul 03 04:48:51 UTC 2019 /home/travis/build/icyphy/ptII/ptolemy/actor/lib/test/auto/Director.xml
----------------- Instantiating /home/travis/build/icyphy/ptII/ptolemy/actor/lib/test/auto/Director.xml
1 ms. Memory: 510976K Free: 311294K (61%)
----------------- Invoking toplevel() on ptolemy.moml.MoMLSimpleApplication@3098d51a
----------------- Done invoking toplevel() on ptolemy.moml.MoMLSimpleApplication@3098d51a
reloadAllAccessors: .Director

===========================================================================================
----------------- testing Wed Jul 03 04:48:51 UTC 2019 /home/travis/build/icyphy/ptII/ptolemy/actor/lib/test/auto/DiscreteClock.xml
----------------- Instantiating /home/travis/build/icyphy/ptII/ptolemy/actor/lib/test/auto/DiscreteClock.xml
1 ms. Memory: 510976K Free: 307198K (60%)
----------------- Invoking toplevel() on ptolemy.moml.MoMLSimpleApplication@2c52e0e0
----------------- Done invoking toplevel() on ptolemy.moml.MoMLSimpleApplication@2c52e0e0
reloadAllAccessors: .DiscreteClock

===========================================================================================
----------------- testing Wed Jul 03 04:48:51 UTC 2019 /home/travis/build/icyphy/ptII/ptolemy/actor/lib/test/auto/DiscreteClock10.xml
----------------- Instantiating /home/travis/build/icyphy/ptII/ptolemy/actor/lib/test/auto/DiscreteClock10.xml
5 ms. Memory: 510976K Free: 301054K (59%)
----------------- Invoking toplevel() on ptolemy.moml.MoMLSimpleApplication@537b24a0
----------------- Done invoking toplevel() on ptolemy.moml.MoMLSimpleApplication@537b24a0
reloadAllAccessors: .DiscreteClock10

===========================================================================================
----------------- testing Wed Jul 03 04:48:51 UTC 2019 /home/travis/build/icyphy/ptII/ptolemy/actor/lib/test/auto/DiscreteClock11.xml
----------------- Instantiating /home/travis/build/icyphy/ptII/ptolemy/actor/lib/test/auto/DiscreteClock11.xml
2 ms. Memory: 510976K Free: 294910K (58%)
----------------- Invoking toplevel() on ptolemy.moml.MoMLSimpleApplication@63c52736
----------------- Done invoking toplevel() on ptolemy.moml.MoMLSimpleApplication@63c52736
reloadAllAccessors: .DiscreteClock11

===========================================================================================
----------------- testing Wed Jul 03 04:48:51 UTC 2019 /home/travis/build/icyphy/ptII/ptolemy/actor/lib/test/auto/DiscreteClock12.xml
----------------- Instantiating /home/travis/build/icyphy/ptII/ptolemy/actor/lib/test/auto/DiscreteClock12.xml
3 ms. Memory: 510976K Free: 289280K (57%)
----------------- Invoking toplevel() on ptolemy.moml.MoMLSimpleApplication@1a4aba4b
----------------- Done invoking toplevel() on ptolemy.moml.MoMLSimpleApplication@1a4aba4b
reloadAllAccessors: .DiscreteClock12

===========================================================================================
----------------- testing Wed Jul 03 04:48:51 UTC 2019 /home/travis/build/icyphy/ptII/ptolemy/actor/lib/test/auto/DiscreteClock13.xml
----------------- Instantiating /home/travis/build/icyphy/ptII/ptolemy/actor/lib/test/auto/DiscreteClock13.xml
3 ms. Memory: 510976K Free: 283136K (55%)
----------------- Invoking toplevel() on ptolemy.moml.MoMLSimpleApplication@7b902a18
----------------- Done invoking toplevel() on ptolemy.moml.MoMLSimpleApplication@7b902a18
reloadAllAccessors: .DiscreteClock13

===========================================================================================
----------------- testing Wed Jul 03 04:48:51 UTC 2019 /home/travis/build/icyphy/ptII/ptolemy/actor/lib/test/auto/DiscreteClock14.xml
----------------- Instantiating /home/travis/build/icyphy/ptII/ptolemy/actor/lib/test/auto/DiscreteClock14.xml
2 ms. Memory: 510976K Free: 276992K (54%)
----------------- Invoking toplevel() on ptolemy.moml.MoMLSimpleApplication@7322e2fa
----------------- Done invoking toplevel() on ptolemy.moml.MoMLSimpleApplication@7322e2fa
reloadAllAccessors: .DiscreteClock14

===========================================================================================
----------------- testing Wed Jul 03 04:48:51 UTC 2019 /home/travis/build/icyphy/ptII/ptolemy/actor/lib/test/auto/DiscreteClock15.xml
----------------- Instantiating /home/travis/build/icyphy/ptII/ptolemy/actor/lib/test/auto/DiscreteClock15.xml
6 ms. Memory: 510976K Free: 271351K (53%)
----------------- Invoking toplevel() on ptolemy.moml.MoMLSimpleApplication@236343e3
----------------- Done invoking toplevel() on ptolemy.moml.MoMLSimpleApplication@236343e3
reloadAllAccessors: .DiscreteClock15

===========================================================================================
----------------- testing Wed Jul 03 04:48:51 UTC 2019 /home/travis/build/icyphy/ptII/ptolemy/actor/lib/test/auto/DiscreteClock16.xml
----------------- Instantiating /home/travis/build/icyphy/ptII/ptolemy/actor/lib/test/auto/DiscreteClock16.xml
15 ms. Memory: 510976K Free: 257536K (50%)
----------------- Invoking toplevel() on ptolemy.moml.MoMLSimpleApplication@3f4c09bd
----------------- Done invoking toplevel() on ptolemy.moml.MoMLSimpleApplication@3f4c09bd
reloadAllAccessors: .DiscreteClock16

===========================================================================================
----------------- testing Wed Jul 03 04:48:51 UTC 2019 /home/travis/build/icyphy/ptII/ptolemy/actor/lib/test/auto/DiscreteClock17.xml
----------------- Instantiating /home/travis/build/icyphy/ptII/ptolemy/actor/lib/test/auto/DiscreteClock17.xml
14 ms. Memory: 510976K Free: 242655K (47%)
----------------- Invoking toplevel() on ptolemy.moml.MoMLSimpleApplication@2357e971
----------------- Done invoking toplevel() on ptolemy.moml.MoMLSimpleApplication@2357e971
reloadAllAccessors: .DiscreteClock17

===========================================================================================
----------------- testing Wed Jul 03 04:48:51 UTC 2019 /home/travis/build/icyphy/ptII/ptolemy/actor/lib/test/auto/DiscreteClock18.xml
----------------- Instantiating /home/travis/build/icyphy/ptII/ptolemy/actor/lib/test/auto/DiscreteClock18.xml
19 ms. Memory: 510976K Free: 229374K (45%)
----------------- Invoking toplevel() on ptolemy.moml.MoMLSimpleApplication@15b52d52
----------------- Done invoking toplevel() on ptolemy.moml.MoMLSimpleApplication@15b52d52
reloadAllAccessors: .DiscreteClock18

===========================================================================================
----------------- testing Wed Jul 03 04:48:51 UTC 2019 /home/travis/build/icyphy/ptII/ptolemy/actor/lib/test/auto/DiscreteClock19.xml
----------------- Instantiating /home/travis/build/icyphy/ptII/ptolemy/actor/lib/test/auto/DiscreteClock19.xml
13 ms. Memory: 510976K Free: 216062K (42%)
----------------- Invoking toplevel() on ptolemy.moml.MoMLSimpleApplication@152024e3
----------------- Done invoking toplevel() on ptolemy.moml.MoMLSimpleApplication@152024e3
reloadAllAccessors: .DiscreteClock19

===========================================================================================
----------------- testing Wed Jul 03 04:48:51 UTC 2019 /home/travis/build/icyphy/ptII/ptolemy/actor/lib/test/auto/DiscreteClock2.xml
----------------- Instantiating /home/travis/build/icyphy/ptII/ptolemy/actor/lib/test/auto/DiscreteClock2.xml
5 ms. Memory: 510976K Free: 210911K (41%)
----------------- Invoking toplevel() on ptolemy.moml.MoMLSimpleApplication@5c6beed7
----------------- Done invoking toplevel() on ptolemy.moml.MoMLSimpleApplication@5c6beed7
reloadAllAccessors: .DiscreteClock2

===========================================================================================
----------------- testing Wed Jul 03 04:48:51 UTC 2019 /home/travis/build/icyphy/ptII/ptolemy/actor/lib/test/auto/DiscreteClock20.xml
----------------- Instantiating /home/travis/build/icyphy/ptII/ptolemy/actor/lib/test/auto/DiscreteClock20.xml
14 ms. Memory: 510976K Free: 205312K (40%)
----------------- Invoking toplevel() on ptolemy.moml.MoMLSimpleApplication@107dabf4
----------------- Done invoking toplevel() on ptolemy.moml.MoMLSimpleApplication@107dabf4
reloadAllAccessors: .DiscreteClock20

===========================================================================================
----------------- testing Wed Jul 03 04:48:51 UTC 2019 /home/travis/build/icyphy/ptII/ptolemy/actor/lib/test/auto/DiscreteClock21.xml
----------------- Instantiating /home/travis/build/icyphy/ptII/ptolemy/actor/lib/test/auto/DiscreteClock21.xml
5 ms. Memory: 510976K Free: 199678K (39%)
----------------- Invoking toplevel() on ptolemy.moml.MoMLSimpleApplication@1c34dd3a
----------------- Done invoking toplevel() on ptolemy.moml.MoMLSimpleApplication@1c34dd3a
reloadAllAccessors: .DiscreteClock21

===========================================================================================
----------------- testing Wed Jul 03 04:48:52 UTC 2019 /home/travis/build/icyphy/ptII/ptolemy/actor/lib/test/auto/DiscreteClock22.xml
----------------- Instantiating /home/travis/build/icyphy/ptII/ptolemy/actor/lib/test/auto/DiscreteClock22.xml
5 ms. Memory: 510976K Free: 194558K (38%)
----------------- Invoking toplevel() on ptolemy.moml.MoMLSimpleApplication@fbac694
----------------- Done invoking toplevel() on ptolemy.moml.MoMLSimpleApplication@fbac694
reloadAllAccessors: .DiscreteClock22

===========================================================================================
----------------- testing Wed Jul 03 04:48:52 UTC 2019 /home/travis/build/icyphy/ptII/ptolemy/actor/lib/test/auto/DiscreteClock23.xml
----------------- Instantiating /home/travis/build/icyphy/ptII/ptolemy/actor/lib/test/auto/DiscreteClock23.xml
10 ms. Memory: 510976K Free: 188928K (37%)
----------------- Invoking toplevel() on ptolemy.moml.MoMLSimpleApplication@129d669
----------------- Done invoking toplevel() on ptolemy.moml.MoMLSimpleApplication@129d669
reloadAllAccessors: .DiscreteClock23

===========================================================================================
----------------- testing Wed Jul 03 04:48:52 UTC 2019 /home/travis/build/icyphy/ptII/ptolemy/actor/lib/test/auto/DiscreteClock24.xml
----------------- Instantiating /home/travis/build/icyphy/ptII/ptolemy/actor/lib/test/auto/DiscreteClock24.xml
42 ms. Memory: 510976K Free: 463081K (91%)
----------------- Invoking toplevel() on ptolemy.moml.MoMLSimpleApplication@267edf06
----------------- Done invoking toplevel() on ptolemy.moml.MoMLSimpleApplication@267edf06
reloadAllAccessors: .DiscreteClock24

===========================================================================================
----------------- testing Wed Jul 03 04:48:52 UTC 2019 /home/travis/build/icyphy/ptII/ptolemy/actor/lib/test/auto/DiscreteClock4.xml
----------------- Instantiating /home/travis/build/icyphy/ptII/ptolemy/actor/lib/test/auto/DiscreteClock4.xml
1 ms. Memory: 510976K Free: 457216K (89%)
----------------- Invoking toplevel() on ptolemy.moml.MoMLSimpleApplication@58fad30f
----------------- Done invoking toplevel() on ptolemy.moml.MoMLSimpleApplication@58fad30f
reloadAllAccessors: .DiscreteClock4

===========================================================================================
----------------- testing Wed Jul 03 04:48:52 UTC 2019 /home/travis/build/icyphy/ptII/ptolemy/actor/lib/test/auto/DiscreteClock5.xml
----------------- Instantiating /home/travis/build/icyphy/ptII/ptolemy/actor/lib/test/auto/DiscreteClock5.xml
1 ms. Memory: 510976K Free: 451582K (88%)
----------------- Invoking toplevel() on ptolemy.moml.MoMLSimpleApplication@6a12da5c
----------------- Done invoking toplevel() on ptolemy.moml.MoMLSimpleApplication@6a12da5c
reloadAllAccessors: .DiscreteClock5

===========================================================================================
----------------- testing Wed Jul 03 04:48:52 UTC 2019 /home/travis/build/icyphy/ptII/ptolemy/actor/lib/test/auto/DiscreteClock6.xml
----------------- Instantiating /home/travis/build/icyphy/ptII/ptolemy/actor/lib/test/auto/DiscreteClock6.xml
1 ms. Memory: 510976K Free: 446976K (87%)
----------------- Invoking toplevel() on ptolemy.moml.MoMLSimpleApplication@1b4d2fa1
----------------- Done invoking toplevel() on ptolemy.moml.MoMLSimpleApplication@1b4d2fa1
reloadAllAccessors: .DiscreteClock6

===========================================================================================
----------------- testing Wed Jul 03 04:48:52 UTC 2019 /home/travis/build/icyphy/ptII/ptolemy/actor/lib/test/auto/DiscreteClock7.xml
----------------- Instantiating /home/travis/build/icyphy/ptII/ptolemy/actor/lib/test/auto/DiscreteClock7.xml
1 ms. Memory: 510976K Free: 442366K (87%)
----------------- Invoking toplevel() on ptolemy.moml.MoMLSimpleApplication@4cd266d6
----------------- Done invoking toplevel() on ptolemy.moml.MoMLSimpleApplication@4cd266d6
reloadAllAccessors: .DiscreteClock7

===========================================================================================
----------------- testing Wed Jul 03 04:48:52 UTC 2019 /home/travis/build/icyphy/ptII/ptolemy/actor/lib/test/auto/DiscreteClock8.xml
----------------- Instantiating /home/travis/build/icyphy/ptII/ptolemy/actor/lib/test/auto/DiscreteClock8.xml
4 ms. Memory: 510976K Free: 437215K (86%)
----------------- Invoking toplevel() on ptolemy.moml.MoMLSimpleApplication@3a1100da
----------------- Done invoking toplevel() on ptolemy.moml.MoMLSimpleApplication@3a1100da
reloadAllAccessors: .DiscreteClock8

===========================================================================================
----------------- testing Wed Jul 03 04:48:52 UTC 2019 /home/travis/build/icyphy/ptII/ptolemy/actor/lib/test/auto/DiscreteClock9.xml
----------------- Instantiating /home/travis/build/icyphy/ptII/ptolemy/actor/lib/test/auto/DiscreteClock9.xml
5 ms. Memory: 510976K Free: 431095K (84%)
----------------- Invoking toplevel() on ptolemy.moml.MoMLSimpleApplication@121b7fa4
----------------- Done invoking toplevel() on ptolemy.moml.MoMLSimpleApplication@121b7fa4
reloadAllAccessors: .DiscreteClock9

===========================================================================================
----------------- testing Wed Jul 03 04:48:52 UTC 2019 /home/travis/build/icyphy/ptII/ptolemy/actor/lib/test/auto/DisplayArray.xml
----------------- Instantiating /home/travis/build/icyphy/ptII/ptolemy/actor/lib/test/auto/DisplayArray.xml
1 ms. Memory: 510976K Free: 427520K (84%)
----------------- Invoking toplevel() on ptolemy.moml.MoMLSimpleApplication@4d0115b
----------------- Done invoking toplevel() on ptolemy.moml.MoMLSimpleApplication@4d0115b
reloadAllAccessors: .DisplayArray

===========================================================================================
----------------- testing Wed Jul 03 04:48:52 UTC 2019 /home/travis/build/icyphy/ptII/ptolemy/actor/lib/test/auto/Distributor.xml
----------------- Instantiating /home/travis/build/icyphy/ptII/ptolemy/actor/lib/test/auto/Distributor.xml
1 ms. Memory: 510976K Free: 422400K (83%)
----------------- Invoking toplevel() on ptolemy.moml.MoMLSimpleApplication@486e51ac
----------------- Done invoking toplevel() on ptolemy.moml.MoMLSimpleApplication@486e51ac
reloadAllAccessors: .Distributor

===========================================================================================
----------------- testing Wed Jul 03 04:48:52 UTC 2019 /home/travis/build/icyphy/ptII/ptolemy/actor/lib/test/auto/Distributor2.xml
----------------- Instantiating /home/travis/build/icyphy/ptII/ptolemy/actor/lib/test/auto/Distributor2.xml
1 ms. Memory: 510976K Free: 417790K (82%)
----------------- Invoking toplevel() on ptolemy.moml.MoMLSimpleApplication@1abca19d
----------------- Done invoking toplevel() on ptolemy.moml.MoMLSimpleApplication@1abca19d
reloadAllAccessors: .Distributor2

===========================================================================================
----------------- testing Wed Jul 03 04:48:52 UTC 2019 /home/travis/build/icyphy/ptII/ptolemy/actor/lib/test/auto/DownSample.xml
----------------- Instantiating /home/travis/build/icyphy/ptII/ptolemy/actor/lib/test/auto/DownSample.xml
1 ms. Memory: 510976K Free: 413184K (81%)
----------------- Invoking toplevel() on ptolemy.moml.MoMLSimpleApplication@47a70c50
----------------- Done invoking toplevel() on ptolemy.moml.MoMLSimpleApplication@47a70c50
reloadAllAccessors: .DownSample

===========================================================================================
----------------- testing Wed Jul 03 04:48:52 UTC 2019 /home/travis/build/icyphy/ptII/ptolemy/actor/lib/test/auto/ElectronicUnitBase1.xml
----------------- Instantiating /home/travis/build/icyphy/ptII/ptolemy/actor/lib/test/auto/ElectronicUnitBase1.xml
18 ms. Memory: 510976K Free: 397310K (78%)
----------------- Invoking toplevel() on ptolemy.moml.MoMLSimpleApplication@1a43c36a
----------------- Done invoking toplevel() on ptolemy.moml.MoMLSimpleApplication@1a43c36a
reloadAllAccessors: .ElectronicUnitBase1

===========================================================================================
----------------- testing Wed Jul 03 04:48:52 UTC 2019 /home/travis/build/icyphy/ptII/ptolemy/actor/lib/test/auto/ElementsToArray.xml
----------------- Instantiating /home/travis/build/icyphy/ptII/ptolemy/actor/lib/test/auto/ElementsToArray.xml
3 ms. Memory: 510976K Free: 392190K (77%)
----------------- Invoking toplevel() on ptolemy.moml.MoMLSimpleApplication@3f28c24d
----------------- Done invoking toplevel() on ptolemy.moml.MoMLSimpleApplication@3f28c24d
reloadAllAccessors: .ElementsToArray

===========================================================================================
----------------- testing Wed Jul 03 04:48:52 UTC 2019 /home/travis/build/icyphy/ptII/ptolemy/actor/lib/test/auto/Equals.xml
----------------- Instantiating /home/travis/build/icyphy/ptII/ptolemy/actor/lib/test/auto/Equals.xml
3 ms. Memory: 510976K Free: 387584K (76%)
----------------- Invoking toplevel() on ptolemy.moml.MoMLSimpleApplication@1ee0127
----------------- Done invoking toplevel() on ptolemy.moml.MoMLSimpleApplication@1ee0127
reloadAllAccessors: .Equals

===========================================================================================
----------------- testing Wed Jul 03 04:48:52 UTC 2019 /home/travis/build/icyphy/ptII/ptolemy/actor/lib/test/auto/Exec.xml
----------------- Instantiating /home/travis/build/icyphy/ptII/ptolemy/actor/lib/test/auto/Exec.xml
22 ms. Memory: 510976K Free: 382464K (75%)
----------------- Invoking toplevel() on ptolemy.moml.MoMLSimpleApplication@39d4066f
----------------- Done invoking toplevel() on ptolemy.moml.MoMLSimpleApplication@39d4066f
reloadAllAccessors: .Exec

===========================================================================================
----------------- testing Wed Jul 03 04:48:52 UTC 2019 /home/travis/build/icyphy/ptII/ptolemy/actor/lib/test/auto/ExecEnvironment.xml
----------------- Instantiating /home/travis/build/icyphy/ptII/ptolemy/actor/lib/test/auto/ExecEnvironment.xml
25 ms. Memory: 510976K Free: 377344K (74%)
----------------- Invoking toplevel() on ptolemy.moml.MoMLSimpleApplication@26050fe0
----------------- Done invoking toplevel() on ptolemy.moml.MoMLSimpleApplication@26050fe0
reloadAllAccessors: .ExecEnvironment

===========================================================================================
----------------- testing Wed Jul 03 04:48:52 UTC 2019 /home/travis/build/icyphy/ptII/ptolemy/actor/lib/test/auto/ExecNonZeroReturnOutput.xml
----------------- Instantiating /home/travis/build/icyphy/ptII/ptolemy/actor/lib/test/auto/ExecNonZeroReturnOutput.xml
184 ms. Memory: 510976K Free: 366080K (72%)
----------------- Invoking toplevel() on ptolemy.moml.MoMLSimpleApplication@bba5b32
----------------- Done invoking toplevel() on ptolemy.moml.MoMLSimpleApplication@bba5b32
reloadAllAccessors: .ExecNonZeroReturnOutput

===========================================================================================
----------------- testing Wed Jul 03 04:48:52 UTC 2019 /home/travis/build/icyphy/ptII/ptolemy/actor/lib/test/auto/ExecRunDemos.xml
----------------- Instantiating /home/travis/build/icyphy/ptII/ptolemy/actor/lib/test/auto/ExecRunDemos.xml
11172 ms. Memory: 510976K Free: 346624K (68%)

===========================================================================================
----------------- testing Wed Jul 03 04:49:03 UTC 2019 /home/travis/build/icyphy/ptII/ptolemy/actor/lib/test/auto/ExecStop.xml
----------------- Instantiating /home/travis/build/icyphy/ptII/ptolemy/actor/lib/test/auto/ExecStop.xml
5024 ms. Memory: 510976K Free: 231419K (45%)
----------------- Invoking toplevel() on ptolemy.moml.MoMLSimpleApplication@4ebbeb5e
----------------- Done invoking toplevel() on ptolemy.moml.MoMLSimpleApplication@4ebbeb5e
reloadAllAccessors: .ExecStop

===========================================================================================
----------------- testing Wed Jul 03 04:49:08 UTC 2019 /home/travis/build/icyphy/ptII/ptolemy/actor/lib/test/auto/ExecutionTimeSDF.xml
----------------- Instantiating /home/travis/build/icyphy/ptII/ptolemy/actor/lib/test/auto/ExecutionTimeSDF.xml
Fired ExecutionTime: -1816167296
Fired ExecutionTime: 1070800000
Fired ExecutionTime: -1649767296
6010 ms. Memory: 510976K Free: 219648K (43%)
----------------- Invoking toplevel() on ptolemy.moml.MoMLSimpleApplication@5396de81
----------------- Done invoking toplevel() on ptolemy.moml.MoMLSimpleApplication@5396de81
reloadAllAccessors: .ExecutionTimeSDF

===========================================================================================
----------------- testing Wed Jul 03 04:49:14 UTC 2019 /home/travis/build/icyphy/ptII/ptolemy/actor/lib/test/auto/Expression1.xml
----------------- Instantiating /home/travis/build/icyphy/ptII/ptolemy/actor/lib/test/auto/Expression1.xml
1 ms. Memory: 510976K Free: 216062K (42%)
----------------- Invoking toplevel() on ptolemy.moml.MoMLSimpleApplication@1996a88e
----------------- Done invoking toplevel() on ptolemy.moml.MoMLSimpleApplication@1996a88e
reloadAllAccessors: .Expression1

===========================================================================================
----------------- testing Wed Jul 03 04:49:14 UTC 2019 /home/travis/build/icyphy/ptII/ptolemy/actor/lib/test/auto/Expression10.xml
----------------- Instantiating /home/travis/build/icyphy/ptII/ptolemy/actor/lib/test/auto/Expression10.xml
8 ms. Memory: 510976K Free: 210432K (41%)
----------------- Invoking toplevel() on ptolemy.moml.MoMLSimpleApplication@457e1a14
----------------- Done invoking toplevel() on ptolemy.moml.MoMLSimpleApplication@457e1a14
reloadAllAccessors: .Expression10

===========================================================================================
----------------- testing Wed Jul 03 04:49:15 UTC 2019 /home/travis/build/icyphy/ptII/ptolemy/actor/lib/test/auto/Expression11.xml
----------------- Instantiating /home/travis/build/icyphy/ptII/ptolemy/actor/lib/test/auto/Expression11.xml
9 ms. Memory: 510976K Free: 205822K (40%)
----------------- Invoking toplevel() on ptolemy.moml.MoMLSimpleApplication@46474f94
----------------- Done invoking toplevel() on ptolemy.moml.MoMLSimpleApplication@46474f94
reloadAllAccessors: .Expression11

===========================================================================================
----------------- testing Wed Jul 03 04:49:15 UTC 2019 /home/travis/build/icyphy/ptII/ptolemy/actor/lib/test/auto/Expression12.xml
----------------- Instantiating /home/travis/build/icyphy/ptII/ptolemy/actor/lib/test/auto/Expression12.xml
3 ms. Memory: 510976K Free: 200702K (39%)
----------------- Invoking toplevel() on ptolemy.moml.MoMLSimpleApplication@29fae1ed
----------------- Done invoking toplevel() on ptolemy.moml.MoMLSimpleApplication@29fae1ed
reloadAllAccessors: .Expression12

===========================================================================================
----------------- testing Wed Jul 03 04:49:15 UTC 2019 /home/travis/build/icyphy/ptII/ptolemy/actor/lib/test/auto/Expression13.xml
----------------- Instantiating /home/travis/build/icyphy/ptII/ptolemy/actor/lib/test/auto/Expression13.xml
4 ms. Memory: 510976K Free: 195582K (38%)
----------------- Invoking toplevel() on ptolemy.moml.MoMLSimpleApplication@f21dd9e
----------------- Done invoking toplevel() on ptolemy.moml.MoMLSimpleApplication@f21dd9e
reloadAllAccessors: .Expression13

===========================================================================================
----------------- testing Wed Jul 03 04:49:15 UTC 2019 /home/travis/build/icyphy/ptII/ptolemy/actor/lib/test/auto/Expression14.xml
----------------- Instantiating /home/travis/build/icyphy/ptII/ptolemy/actor/lib/test/auto/Expression14.xml
7 ms. Memory: 510976K Free: 189438K (37%)
----------------- Invoking toplevel() on ptolemy.moml.MoMLSimpleApplication@384d1da3
----------------- Done invoking toplevel() on ptolemy.moml.MoMLSimpleApplication@384d1da3
reloadAllAccessors: .Expression14

===========================================================================================
----------------- testing Wed Jul 03 04:49:15 UTC 2019 /home/travis/build/icyphy/ptII/ptolemy/actor/lib/test/auto/Expression15.xml
----------------- Instantiating /home/travis/build/icyphy/ptII/ptolemy/actor/lib/test/auto/Expression15.xml
2 ms. Memory: 510976K Free: 185856K (36%)
----------------- Invoking toplevel() on ptolemy.moml.MoMLSimpleApplication@2705915d
----------------- Done invoking toplevel() on ptolemy.moml.MoMLSimpleApplication@2705915d
reloadAllAccessors: .Expression15

===========================================================================================
----------------- testing Wed Jul 03 04:49:15 UTC 2019 /home/travis/build/icyphy/ptII/ptolemy/actor/lib/test/auto/Expression16.xml
----------------- Instantiating /home/travis/build/icyphy/ptII/ptolemy/actor/lib/test/auto/Expression16.xml
3 ms. Memory: 510976K Free: 180736K (35%)
----------------- Invoking toplevel() on ptolemy.moml.MoMLSimpleApplication@14d93f79
----------------- Done invoking toplevel() on ptolemy.moml.MoMLSimpleApplication@14d93f79
reloadAllAccessors: .Expression16

===========================================================================================
----------------- testing Wed Jul 03 04:49:15 UTC 2019 /home/travis/build/icyphy/ptII/ptolemy/actor/lib/test/auto/Expression17.xml
----------------- Instantiating /home/travis/build/icyphy/ptII/ptolemy/actor/lib/test/auto/Expression17.xml
3 ms. Memory: 510976K Free: 176126K (34%)
----------------- Invoking toplevel() on ptolemy.moml.MoMLSimpleApplication@1be2ddea
----------------- Done invoking toplevel() on ptolemy.moml.MoMLSimpleApplication@1be2ddea
reloadAllAccessors: .Expression17

===========================================================================================
----------------- testing Wed Jul 03 04:49:15 UTC 2019 /home/travis/build/icyphy/ptII/ptolemy/actor/lib/test/auto/Expression18.xml
----------------- Instantiating /home/travis/build/icyphy/ptII/ptolemy/actor/lib/test/auto/Expression18.xml
3 ms. Memory: 510976K Free: 171006K (33%)
----------------- Invoking toplevel() on ptolemy.moml.MoMLSimpleApplication@b1be684
----------------- Done invoking toplevel() on ptolemy.moml.MoMLSimpleApplication@b1be684
reloadAllAccessors: .Expression18

===========================================================================================
----------------- testing Wed Jul 03 04:49:15 UTC 2019 /home/travis/build/icyphy/ptII/ptolemy/actor/lib/test/auto/Expression2.xml
----------------- Instantiating /home/travis/build/icyphy/ptII/ptolemy/actor/lib/test/auto/Expression2.xml
4 ms. Memory: 748544K Free: 698351K (93%)
----------------- Invoking toplevel() on ptolemy.moml.MoMLSimpleApplication@44b39620
----------------- Done invoking toplevel() on ptolemy.moml.MoMLSimpleApplication@44b39620
reloadAllAccessors: .Expression2

===========================================================================================
----------------- testing Wed Jul 03 04:49:15 UTC 2019 /home/travis/build/icyphy/ptII/ptolemy/actor/lib/test/auto/Expression3.xml
----------------- Instantiating /home/travis/build/icyphy/ptII/ptolemy/actor/lib/test/auto/Expression3.xml
7 ms. Memory: 748544K Free: 693246K (93%)
----------------- Invoking toplevel() on ptolemy.moml.MoMLSimpleApplication@43214222
----------------- Done invoking toplevel() on ptolemy.moml.MoMLSimpleApplication@43214222
reloadAllAccessors: .Expression3

===========================================================================================
----------------- testing Wed Jul 03 04:49:15 UTC 2019 /home/travis/build/icyphy/ptII/ptolemy/actor/lib/test/auto/Expression4.xml
----------------- Instantiating /home/travis/build/icyphy/ptII/ptolemy/actor/lib/test/auto/Expression4.xml
6 ms. Memory: 748544K Free: 685568K (92%)
----------------- Invoking toplevel() on ptolemy.moml.MoMLSimpleApplication@1825c765
----------------- Done invoking toplevel() on ptolemy.moml.MoMLSimpleApplication@1825c765
reloadAllAccessors: .Expression4

===========================================================================================
----------------- testing Wed Jul 03 04:49:15 UTC 2019 /home/travis/build/icyphy/ptII/ptolemy/actor/lib/test/auto/Expression5.xml
----------------- Instantiating /home/travis/build/icyphy/ptII/ptolemy/actor/lib/test/auto/Expression5.xml
4 ms. Memory: 748544K Free: 680448K (91%)
----------------- Invoking toplevel() on ptolemy.moml.MoMLSimpleApplication@551a9ef7
----------------- Done invoking toplevel() on ptolemy.moml.MoMLSimpleApplication@551a9ef7
reloadAllAccessors: .Expression5

===========================================================================================
----------------- testing Wed Jul 03 04:49:15 UTC 2019 /home/travis/build/icyphy/ptII/ptolemy/actor/lib/test/auto/Expression6.xml
----------------- Instantiating /home/travis/build/icyphy/ptII/ptolemy/actor/lib/test/auto/Expression6.xml
2 ms. Memory: 748544K Free: 675838K (90%)
----------------- Invoking toplevel() on ptolemy.moml.MoMLSimpleApplication@605adb70
----------------- Done invoking toplevel() on ptolemy.moml.MoMLSimpleApplication@605adb70
reloadAllAccessors: .Expression6

===========================================================================================
----------------- testing Wed Jul 03 04:49:15 UTC 2019 /home/travis/build/icyphy/ptII/ptolemy/actor/lib/test/auto/Expression7.xml
----------------- Instantiating /home/travis/build/icyphy/ptII/ptolemy/actor/lib/test/auto/Expression7.xml
3 ms. Memory: 748544K Free: 670718K (90%)
----------------- Invoking toplevel() on ptolemy.moml.MoMLSimpleApplication@166acedd
----------------- Done invoking toplevel() on ptolemy.moml.MoMLSimpleApplication@166acedd
reloadAllAccessors: .Expression7

===========================================================================================
----------------- testing Wed Jul 03 04:49:15 UTC 2019 /home/travis/build/icyphy/ptII/ptolemy/actor/lib/test/auto/Expression8.xml
----------------- Instantiating /home/travis/build/icyphy/ptII/ptolemy/actor/lib/test/auto/Expression8.xml
9 ms. Memory: 748544K Free: 666112K (89%)
----------------- Invoking toplevel() on ptolemy.moml.MoMLSimpleApplication@4e745f35
----------------- Done invoking toplevel() on ptolemy.moml.MoMLSimpleApplication@4e745f35
reloadAllAccessors: .Expression8

===========================================================================================
----------------- testing Wed Jul 03 04:49:15 UTC 2019 /home/travis/build/icyphy/ptII/ptolemy/actor/lib/test/auto/Expression9.xml
----------------- Instantiating /home/travis/build/icyphy/ptII/ptolemy/actor/lib/test/auto/Expression9.xml
1 ms. Memory: 748544K Free: 662016K (88%)
----------------- Invoking toplevel() on ptolemy.moml.MoMLSimpleApplication@4041277
----------------- Done invoking toplevel() on ptolemy.moml.MoMLSimpleApplication@4041277
reloadAllAccessors: .Expression9

===========================================================================================
----------------- testing Wed Jul 03 04:49:15 UTC 2019 /home/travis/build/icyphy/ptII/ptolemy/actor/lib/test/auto/ExpressionConcatenateArrayType.xml
----------------- Instantiating /home/travis/build/icyphy/ptII/ptolemy/actor/lib/test/auto/ExpressionConcatenateArrayType.xml
3 ms. Memory: 748544K Free: 655358K (88%)
----------------- Invoking toplevel() on ptolemy.moml.MoMLSimpleApplication@1d7ba40d
----------------- Done invoking toplevel() on ptolemy.moml.MoMLSimpleApplication@1d7ba40d
reloadAllAccessors: .ExpressionConcatenateArrayType

===========================================================================================
----------------- testing Wed Jul 03 04:49:15 UTC 2019 /home/travis/build/icyphy/ptII/ptolemy/actor/lib/test/auto/ExpressionConcatenateArrayType2.xml
----------------- Instantiating /home/travis/build/icyphy/ptII/ptolemy/actor/lib/test/auto/ExpressionConcatenateArrayType2.xml
3 ms. Memory: 748544K Free: 649728K (87%)
----------------- Invoking toplevel() on ptolemy.moml.MoMLSimpleApplication@2f8fa96c
----------------- Done invoking toplevel() on ptolemy.moml.MoMLSimpleApplication@2f8fa96c
reloadAllAccessors: .ExpressionConcatenateArrayType2

===========================================================================================
----------------- testing Wed Jul 03 04:49:15 UTC 2019 /home/travis/build/icyphy/ptII/ptolemy/actor/lib/test/auto/ExpressionFix.xml
----------------- Instantiating /home/travis/build/icyphy/ptII/ptolemy/actor/lib/test/auto/ExpressionFix.xml
24 ms. Memory: 748544K Free: 643070K (86%)
----------------- Invoking toplevel() on ptolemy.moml.MoMLSimpleApplication@6fe11618
----------------- Done invoking toplevel() on ptolemy.moml.MoMLSimpleApplication@6fe11618
reloadAllAccessors: .ExpressionFix

===========================================================================================
----------------- testing Wed Jul 03 04:49:15 UTC 2019 /home/travis/build/icyphy/ptII/ptolemy/actor/lib/test/auto/ExpressionFix2.xml
----------------- Instantiating /home/travis/build/icyphy/ptII/ptolemy/actor/lib/test/auto/ExpressionFix2.xml
4 ms. Memory: 748544K Free: 638974K (85%)
----------------- Invoking toplevel() on ptolemy.moml.MoMLSimpleApplication@128c2440
----------------- Done invoking toplevel() on ptolemy.moml.MoMLSimpleApplication@128c2440
reloadAllAccessors: .ExpressionFix2

===========================================================================================
----------------- testing Wed Jul 03 04:49:15 UTC 2019 /home/travis/build/icyphy/ptII/ptolemy/actor/lib/test/auto/ExpressionFix3.xml
----------------- Instantiating /home/travis/build/icyphy/ptII/ptolemy/actor/lib/test/auto/ExpressionFix3.xml
4 ms. Memory: 748544K Free: 634878K (85%)
----------------- Invoking toplevel() on ptolemy.moml.MoMLSimpleApplication@87166c7
----------------- Done invoking toplevel() on ptolemy.moml.MoMLSimpleApplication@87166c7
reloadAllAccessors: .ExpressionFix3

===========================================================================================
----------------- testing Wed Jul 03 04:49:15 UTC 2019 /home/travis/build/icyphy/ptII/ptolemy/actor/lib/test/auto/FileWriter1.xml
----------------- Instantiating /home/travis/build/icyphy/ptII/ptolemy/actor/lib/test/auto/FileWriter1.xml
2 ms. Memory: 748544K Free: 630782K (84%)
----------------- Invoking toplevel() on ptolemy.moml.MoMLSimpleApplication@1b7e9156
----------------- Done invoking toplevel() on ptolemy.moml.MoMLSimpleApplication@1b7e9156
reloadAllAccessors: .FileWriter1

===========================================================================================
----------------- testing Wed Jul 03 04:49:15 UTC 2019 /home/travis/build/icyphy/ptII/ptolemy/actor/lib/test/auto/FileWriter2.xml
----------------- Instantiating /home/travis/build/icyphy/ptII/ptolemy/actor/lib/test/auto/FileWriter2.xml
6 ms. Memory: 748544K Free: 626176K (84%)
----------------- Invoking toplevel() on ptolemy.moml.MoMLSimpleApplication@bfac4ea
----------------- Done invoking toplevel() on ptolemy.moml.MoMLSimpleApplication@bfac4ea
reloadAllAccessors: .FileWriter2

===========================================================================================
----------------- testing Wed Jul 03 04:49:15 UTC 2019 /home/travis/build/icyphy/ptII/ptolemy/actor/lib/test/auto/FileWriter3.xml
----------------- Instantiating /home/travis/build/icyphy/ptII/ptolemy/actor/lib/test/auto/FileWriter3.xml
4 ms. Memory: 748544K Free: 622080K (83%)
----------------- Invoking toplevel() on ptolemy.moml.MoMLSimpleApplication@20917842
----------------- Done invoking toplevel() on ptolemy.moml.MoMLSimpleApplication@20917842
reloadAllAccessors: .FileWriter3

===========================================================================================
----------------- testing Wed Jul 03 04:49:15 UTC 2019 /home/travis/build/icyphy/ptII/ptolemy/actor/lib/test/auto/Gaussian.xml
----------------- Instantiating /home/travis/build/icyphy/ptII/ptolemy/actor/lib/test/auto/Gaussian.xml
2 ms. Memory: 748544K Free: 617455K (82%)
----------------- Invoking toplevel() on ptolemy.moml.MoMLSimpleApplication@4bd0814c
----------------- Done invoking toplevel() on ptolemy.moml.MoMLSimpleApplication@4bd0814c
reloadAllAccessors: .Gaussian

===========================================================================================
----------------- testing Wed Jul 03 04:49:15 UTC 2019 /home/travis/build/icyphy/ptII/ptolemy/actor/lib/test/auto/Gaussian1.xml
----------------- Instantiating /home/travis/build/icyphy/ptII/ptolemy/actor/lib/test/auto/Gaussian1.xml
2 ms. Memory: 748544K Free: 612350K (82%)
----------------- Invoking toplevel() on ptolemy.moml.MoMLSimpleApplication@b2015c5
----------------- Done invoking toplevel() on ptolemy.moml.MoMLSimpleApplication@b2015c5
reloadAllAccessors: .Gaussian1

===========================================================================================
----------------- testing Wed Jul 03 04:49:15 UTC 2019 /home/travis/build/icyphy/ptII/ptolemy/actor/lib/test/auto/Gaussian2.xml
----------------- Instantiating /home/travis/build/icyphy/ptII/ptolemy/actor/lib/test/auto/Gaussian2.xml
6 ms. Memory: 748544K Free: 606191K (81%)
----------------- Invoking toplevel() on ptolemy.moml.MoMLSimpleApplication@122b4000
----------------- Done invoking toplevel() on ptolemy.moml.MoMLSimpleApplication@122b4000
reloadAllAccessors: .Gaussian2

===========================================================================================
----------------- testing Wed Jul 03 04:49:15 UTC 2019 /home/travis/build/icyphy/ptII/ptolemy/actor/lib/test/auto/GradientAdaptiveLattice.xml
----------------- Instantiating /home/travis/build/icyphy/ptII/ptolemy/actor/lib/test/auto/GradientAdaptiveLattice.xml
3 ms. Memory: 748544K Free: 601600K (80%)
----------------- Invoking toplevel() on ptolemy.moml.MoMLSimpleApplication@132f11ec
----------------- Done invoking toplevel() on ptolemy.moml.MoMLSimpleApplication@132f11ec
reloadAllAccessors: .GradientAdaptiveLattice

===========================================================================================
----------------- testing Wed Jul 03 04:49:15 UTC 2019 /home/travis/build/icyphy/ptII/ptolemy/actor/lib/test/auto/IIR.xml
----------------- Instantiating /home/travis/build/icyphy/ptII/ptolemy/actor/lib/test/auto/IIR.xml
2 ms. Memory: 748544K Free: 596990K (80%)
----------------- Invoking toplevel() on ptolemy.moml.MoMLSimpleApplication@53551fc3
----------------- Done invoking toplevel() on ptolemy.moml.MoMLSimpleApplication@53551fc3
reloadAllAccessors: .IIR

===========================================================================================
----------------- testing Wed Jul 03 04:49:15 UTC 2019 /home/travis/build/icyphy/ptII/ptolemy/actor/lib/test/auto/InputOutputTransparentPorts.xml
----------------- Instantiating /home/travis/build/icyphy/ptII/ptolemy/actor/lib/test/auto/InputOutputTransparentPorts.xml
4 ms. Memory: 748544K Free: 589822K (79%)
----------------- Invoking toplevel() on ptolemy.moml.MoMLSimpleApplication@63718869
----------------- Done invoking toplevel() on ptolemy.moml.MoMLSimpleApplication@63718869
reloadAllAccessors: .InputOutputTransparentPorts

===========================================================================================
----------------- testing Wed Jul 03 04:49:15 UTC 2019 /home/travis/build/icyphy/ptII/ptolemy/actor/lib/test/auto/Interpolator.xml
----------------- Instantiating /home/travis/build/icyphy/ptII/ptolemy/actor/lib/test/auto/Interpolator.xml
4 ms. Memory: 748544K Free: 585711K (78%)
----------------- Invoking toplevel() on ptolemy.moml.MoMLSimpleApplication@5beb3600
----------------- Done invoking toplevel() on ptolemy.moml.MoMLSimpleApplication@5beb3600
reloadAllAccessors: .Interpolator

===========================================================================================
----------------- testing Wed Jul 03 04:49:15 UTC 2019 /home/travis/build/icyphy/ptII/ptolemy/actor/lib/test/auto/InterpolatorFiringLimitDE.xml
----------------- Instantiating /home/travis/build/icyphy/ptII/ptolemy/actor/lib/test/auto/InterpolatorFiringLimitDE.xml
2 ms. Memory: 748544K Free: 579072K (77%)
----------------- Invoking toplevel() on ptolemy.moml.MoMLSimpleApplication@6a5c1028
----------------- Done invoking toplevel() on ptolemy.moml.MoMLSimpleApplication@6a5c1028
reloadAllAccessors: .InterpolatorFiringLimitDE

===========================================================================================
----------------- testing Wed Jul 03 04:49:15 UTC 2019 /home/travis/build/icyphy/ptII/ptolemy/actor/lib/test/auto/Lattice.xml
----------------- Instantiating /home/travis/build/icyphy/ptII/ptolemy/actor/lib/test/auto/Lattice.xml
3 ms. Memory: 748544K Free: 574976K (77%)
----------------- Invoking toplevel() on ptolemy.moml.MoMLSimpleApplication@426f4020
----------------- Done invoking toplevel() on ptolemy.moml.MoMLSimpleApplication@426f4020
reloadAllAccessors: .Lattice

===========================================================================================
----------------- testing Wed Jul 03 04:49:15 UTC 2019 /home/travis/build/icyphy/ptII/ptolemy/actor/lib/test/auto/LazyAOCTestLazy.xml
----------------- Instantiating /home/travis/build/icyphy/ptII/ptolemy/actor/lib/test/auto/LazyAOCTestLazy.xml
20 ms. Memory: 748544K Free: 568832K (76%)
----------------- Invoking toplevel() on ptolemy.moml.MoMLSimpleApplication@34c9a534
----------------- Done invoking toplevel() on ptolemy.moml.MoMLSimpleApplication@34c9a534
reloadAllAccessors: .LazyAOCTestLazy

===========================================================================================
----------------- testing Wed Jul 03 04:49:15 UTC 2019 /home/travis/build/icyphy/ptII/ptolemy/actor/lib/test/auto/LazyAOCTestNonLazy.xml
----------------- Instantiating /home/travis/build/icyphy/ptII/ptolemy/actor/lib/test/auto/LazyAOCTestNonLazy.xml
3 ms. Memory: 748544K Free: 562688K (75%)
----------------- Invoking toplevel() on ptolemy.moml.MoMLSimpleApplication@389d1ad4
----------------- Done invoking toplevel() on ptolemy.moml.MoMLSimpleApplication@389d1ad4
reloadAllAccessors: .LazyAOCTestNonLazy

===========================================================================================
----------------- testing Wed Jul 03 04:49:15 UTC 2019 /home/travis/build/icyphy/ptII/ptolemy/actor/lib/test/auto/LazyInnerClass.xml
----------------- Instantiating /home/travis/build/icyphy/ptII/ptolemy/actor/lib/test/auto/LazyInnerClass.xml
22 ms. Memory: 748544K Free: 554496K (74%)
----------------- Invoking toplevel() on ptolemy.moml.MoMLSimpleApplication@e9f8729
----------------- Done invoking toplevel() on ptolemy.moml.MoMLSimpleApplication@e9f8729
reloadAllAccessors: .LazyInnerClass

===========================================================================================
----------------- testing Wed Jul 03 04:49:15 UTC 2019 /home/travis/build/icyphy/ptII/ptolemy/actor/lib/test/auto/LazyPubSub.xml
----------------- Instantiating /home/travis/build/icyphy/ptII/ptolemy/actor/lib/test/auto/LazyPubSub.xml
20 ms. Memory: 748544K Free: 544256K (73%)
----------------- Invoking toplevel() on ptolemy.moml.MoMLSimpleApplication@43fbe24c
----------------- Done invoking toplevel() on ptolemy.moml.MoMLSimpleApplication@43fbe24c
reloadAllAccessors: .LazyPubSub

===========================================================================================
----------------- testing Wed Jul 03 04:49:16 UTC 2019 /home/travis/build/icyphy/ptII/ptolemy/actor/lib/test/auto/LazyPubSub2.xml
----------------- Instantiating /home/travis/build/icyphy/ptII/ptolemy/actor/lib/test/auto/LazyPubSub2.xml
19 ms. Memory: 748544K Free: 533502K (71%)
----------------- Invoking toplevel() on ptolemy.moml.MoMLSimpleApplication@4c2df1ba
----------------- Done invoking toplevel() on ptolemy.moml.MoMLSimpleApplication@4c2df1ba
reloadAllAccessors: .LazyPubSub2

===========================================================================================
----------------- testing Wed Jul 03 04:49:16 UTC 2019 /home/travis/build/icyphy/ptII/ptolemy/actor/lib/test/auto/LazyPubSub3.xml
----------------- Instantiating /home/travis/build/icyphy/ptII/ptolemy/actor/lib/test/auto/LazyPubSub3.xml
15 ms. Memory: 748544K Free: 523262K (70%)
----------------- Invoking toplevel() on ptolemy.moml.MoMLSimpleApplication@4a9ef8bd
----------------- Done invoking toplevel() on ptolemy.moml.MoMLSimpleApplication@4a9ef8bd
reloadAllAccessors: .LazyPubSub3

===========================================================================================
----------------- testing Wed Jul 03 04:49:16 UTC 2019 /home/travis/build/icyphy/ptII/ptolemy/actor/lib/test/auto/LazySubClassModel.xml
----------------- Instantiating /home/travis/build/icyphy/ptII/ptolemy/actor/lib/test/auto/LazySubClassModel.xml
3 ms. Memory: 748544K Free: 514046K (69%)
----------------- Invoking toplevel() on ptolemy.moml.MoMLSimpleApplication@44697210
----------------- Done invoking toplevel() on ptolemy.moml.MoMLSimpleApplication@44697210
reloadAllAccessors: .LazySubClassModel

===========================================================================================
----------------- testing Wed Jul 03 04:49:16 UTC 2019 /home/travis/build/icyphy/ptII/ptolemy/actor/lib/test/auto/LevelCrossTest1.xml
----------------- Instantiating /home/travis/build/icyphy/ptII/ptolemy/actor/lib/test/auto/LevelCrossTest1.xml
1 ms. Memory: 748544K Free: 508926K (68%)
----------------- Invoking toplevel() on ptolemy.moml.MoMLSimpleApplication@1da645da
----------------- Done invoking toplevel() on ptolemy.moml.MoMLSimpleApplication@1da645da
reloadAllAccessors: .broken

===========================================================================================
----------------- testing Wed Jul 03 04:49:16 UTC 2019 /home/travis/build/icyphy/ptII/ptolemy/actor/lib/test/auto/LevelCrossTest10.xml
----------------- Instantiating /home/travis/build/icyphy/ptII/ptolemy/actor/lib/test/auto/LevelCrossTest10.xml
2 ms. Memory: 748544K Free: 501248K (67%)
----------------- Invoking toplevel() on ptolemy.moml.MoMLSimpleApplication@495f6a0e
----------------- Done invoking toplevel() on ptolemy.moml.MoMLSimpleApplication@495f6a0e
reloadAllAccessors: .LevelCrossTest10

===========================================================================================
----------------- testing Wed Jul 03 04:49:16 UTC 2019 /home/travis/build/icyphy/ptII/ptolemy/actor/lib/test/auto/LevelCrossTest11.xml
----------------- Instantiating /home/travis/build/icyphy/ptII/ptolemy/actor/lib/test/auto/LevelCrossTest11.xml
2 ms. Memory: 748544K Free: 494080K (66%)
----------------- Invoking toplevel() on ptolemy.moml.MoMLSimpleApplication@4de9a80
----------------- Done invoking toplevel() on ptolemy.moml.MoMLSimpleApplication@4de9a80
reloadAllAccessors: .LevelCrossTest11

===========================================================================================
----------------- testing Wed Jul 03 04:49:16 UTC 2019 /home/travis/build/icyphy/ptII/ptolemy/actor/lib/test/auto/LevelCrossTest12.xml
----------------- Instantiating /home/travis/build/icyphy/ptII/ptolemy/actor/lib/test/auto/LevelCrossTest12.xml
1 ms. Memory: 748544K Free: 487422K (65%)
----------------- Invoking toplevel() on ptolemy.moml.MoMLSimpleApplication@3ffc7a1d
----------------- Done invoking toplevel() on ptolemy.moml.MoMLSimpleApplication@3ffc7a1d
reloadAllAccessors: .LevelCrossTest12

===========================================================================================
----------------- testing Wed Jul 03 04:49:16 UTC 2019 /home/travis/build/icyphy/ptII/ptolemy/actor/lib/test/auto/LevelCrossTest13.xml
----------------- Instantiating /home/travis/build/icyphy/ptII/ptolemy/actor/lib/test/auto/LevelCrossTest13.xml
2 ms. Memory: 748544K Free: 480254K (64%)
----------------- Invoking toplevel() on ptolemy.moml.MoMLSimpleApplication@6069d04
----------------- Done invoking toplevel() on ptolemy.moml.MoMLSimpleApplication@6069d04
reloadAllAccessors: .LevelCrossTest13

===========================================================================================
----------------- testing Wed Jul 03 04:49:16 UTC 2019 /home/travis/build/icyphy/ptII/ptolemy/actor/lib/test/auto/LevelCrossTest2.xml
----------------- Instantiating /home/travis/build/icyphy/ptII/ptolemy/actor/lib/test/auto/LevelCrossTest2.xml
2 ms. Memory: 748544K Free: 475134K (63%)
----------------- Invoking toplevel() on ptolemy.moml.MoMLSimpleApplication@74328455
----------------- Done invoking toplevel() on ptolemy.moml.MoMLSimpleApplication@74328455
reloadAllAccessors: .broken

===========================================================================================
----------------- testing Wed Jul 03 04:49:16 UTC 2019 /home/travis/build/icyphy/ptII/ptolemy/actor/lib/test/auto/LevelCrossTest3.xml
----------------- Instantiating /home/travis/build/icyphy/ptII/ptolemy/actor/lib/test/auto/LevelCrossTest3.xml
2 ms. Memory: 748544K Free: 468990K (63%)
----------------- Invoking toplevel() on ptolemy.moml.MoMLSimpleApplication@36ecadc1
----------------- Done invoking toplevel() on ptolemy.moml.MoMLSimpleApplication@36ecadc1
reloadAllAccessors: .LevelCrossTest3

===========================================================================================
----------------- testing Wed Jul 03 04:49:16 UTC 2019 /home/travis/build/icyphy/ptII/ptolemy/actor/lib/test/auto/LevelCrossTest4.xml
----------------- Instantiating /home/travis/build/icyphy/ptII/ptolemy/actor/lib/test/auto/LevelCrossTest4.xml
2 ms. Memory: 748544K Free: 463360K (62%)
----------------- Invoking toplevel() on ptolemy.moml.MoMLSimpleApplication@1df0a23b
----------------- Done invoking toplevel() on ptolemy.moml.MoMLSimpleApplication@1df0a23b
reloadAllAccessors: .broken

===========================================================================================
----------------- testing Wed Jul 03 04:49:16 UTC 2019 /home/travis/build/icyphy/ptII/ptolemy/actor/lib/test/auto/LevelCrossTest5.xml
----------------- Instantiating /home/travis/build/icyphy/ptII/ptolemy/actor/lib/test/auto/LevelCrossTest5.xml
4 ms. Memory: 748544K Free: 455678K (61%)
----------------- Invoking toplevel() on ptolemy.moml.MoMLSimpleApplication@243fcc57
----------------- Done invoking toplevel() on ptolemy.moml.MoMLSimpleApplication@243fcc57
reloadAllAccessors: .LevelCrossTest5

===========================================================================================
----------------- testing Wed Jul 03 04:49:16 UTC 2019 /home/travis/build/icyphy/ptII/ptolemy/actor/lib/test/auto/LevelCrossTest6.xml
----------------- Instantiating /home/travis/build/icyphy/ptII/ptolemy/actor/lib/test/auto/LevelCrossTest6.xml
1 ms. Memory: 748544K Free: 448510K (60%)
----------------- Invoking toplevel() on ptolemy.moml.MoMLSimpleApplication@35f52f0d
----------------- Done invoking toplevel() on ptolemy.moml.MoMLSimpleApplication@35f52f0d
reloadAllAccessors: .LevelCrossTest6

===========================================================================================
----------------- testing Wed Jul 03 04:49:16 UTC 2019 /home/travis/build/icyphy/ptII/ptolemy/actor/lib/test/auto/LevelCrossTest7.xml
----------------- Instantiating /home/travis/build/icyphy/ptII/ptolemy/actor/lib/test/auto/LevelCrossTest7.xml
1 ms. Memory: 748544K Free: 441342K (59%)
----------------- Invoking toplevel() on ptolemy.moml.MoMLSimpleApplication@6f856787
----------------- Done invoking toplevel() on ptolemy.moml.MoMLSimpleApplication@6f856787
reloadAllAccessors: .LevelCrossTest7

===========================================================================================
----------------- testing Wed Jul 03 04:49:16 UTC 2019 /home/travis/build/icyphy/ptII/ptolemy/actor/lib/test/auto/LevelCrossTest8.xml
----------------- Instantiating /home/travis/build/icyphy/ptII/ptolemy/actor/lib/test/auto/LevelCrossTest8.xml
1 ms. Memory: 748544K Free: 434174K (58%)
----------------- Invoking toplevel() on ptolemy.moml.MoMLSimpleApplication@2aefe578
----------------- Done invoking toplevel() on ptolemy.moml.MoMLSimpleApplication@2aefe578
reloadAllAccessors: .LevelCrossTest8

===========================================================================================
----------------- testing Wed Jul 03 04:49:16 UTC 2019 /home/travis/build/icyphy/ptII/ptolemy/actor/lib/test/auto/LevelCrossTest9.xml
----------------- Instantiating /home/travis/build/icyphy/ptII/ptolemy/actor/lib/test/auto/LevelCrossTest9.xml
1 ms. Memory: 748544K Free: 427006K (57%)
----------------- Invoking toplevel() on ptolemy.moml.MoMLSimpleApplication@5e125b4b
----------------- Done invoking toplevel() on ptolemy.moml.MoMLSimpleApplication@5e125b4b
reloadAllAccessors: .LevelCrossTest9

===========================================================================================
----------------- testing Wed Jul 03 04:49:16 UTC 2019 /home/travis/build/icyphy/ptII/ptolemy/actor/lib/test/auto/LevinsonDurbin.xml
----------------- Instantiating /home/travis/build/icyphy/ptII/ptolemy/actor/lib/test/auto/LevinsonDurbin.xml
10 ms. Memory: 748544K Free: 422910K (56%)
----------------- Invoking toplevel() on ptolemy.moml.MoMLSimpleApplication@47952f27
----------------- Done invoking toplevel() on ptolemy.moml.MoMLSimpleApplication@47952f27
reloadAllAccessors: .LevinsonDurbin

===========================================================================================
----------------- testing Wed Jul 03 04:49:16 UTC 2019 /home/travis/build/icyphy/ptII/ptolemy/actor/lib/test/auto/LevinsonDurbin2.xml
----------------- Instantiating /home/travis/build/icyphy/ptII/ptolemy/actor/lib/test/auto/LevinsonDurbin2.xml
2 ms. Memory: 748544K Free: 418814K (56%)
----------------- Invoking toplevel() on ptolemy.moml.MoMLSimpleApplication@1d6c51b6
----------------- Done invoking toplevel() on ptolemy.moml.MoMLSimpleApplication@1d6c51b6
reloadAllAccessors: .LevinsonDurbin2

===========================================================================================
----------------- testing Wed Jul 03 04:49:16 UTC 2019 /home/travis/build/icyphy/ptII/ptolemy/actor/lib/test/auto/LevinsonDurbin3.xml
----------------- Instantiating /home/travis/build/icyphy/ptII/ptolemy/actor/lib/test/auto/LevinsonDurbin3.xml
1 ms. Memory: 748544K Free: 414718K (55%)
----------------- Invoking toplevel() on ptolemy.moml.MoMLSimpleApplication@6ea08c48
----------------- Done invoking toplevel() on ptolemy.moml.MoMLSimpleApplication@6ea08c48
reloadAllAccessors: .LevinsonDurbin3

===========================================================================================
----------------- testing Wed Jul 03 04:49:16 UTC 2019 /home/travis/build/icyphy/ptII/ptolemy/actor/lib/test/auto/Limiter.xml
----------------- Instantiating /home/travis/build/icyphy/ptII/ptolemy/actor/lib/test/auto/Limiter.xml
4 ms. Memory: 748544K Free: 405487K (54%)
----------------- Invoking toplevel() on ptolemy.moml.MoMLSimpleApplication@78566dfd
----------------- Done invoking toplevel() on ptolemy.moml.MoMLSimpleApplication@78566dfd
reloadAllAccessors: .Limiter

===========================================================================================
----------------- testing Wed Jul 03 04:49:16 UTC 2019 /home/travis/build/icyphy/ptII/ptolemy/actor/lib/test/auto/LinearDifferenceEquationSystem.xml
----------------- Instantiating /home/travis/build/icyphy/ptII/ptolemy/actor/lib/test/auto/LinearDifferenceEquationSystem.xml
4 ms. Memory: 748544K Free: 398334K (53%)
----------------- Invoking toplevel() on ptolemy.moml.MoMLSimpleApplication@628f901b
----------------- Done invoking toplevel() on ptolemy.moml.MoMLSimpleApplication@628f901b
reloadAllAccessors: .LinearDifferenceEquationSystem

===========================================================================================
----------------- testing Wed Jul 03 04:49:16 UTC 2019 /home/travis/build/icyphy/ptII/ptolemy/actor/lib/test/auto/LookupTable.xml
----------------- Instantiating /home/travis/build/icyphy/ptII/ptolemy/actor/lib/test/auto/LookupTable.xml
2 ms. Memory: 748544K Free: 393728K (53%)
----------------- Invoking toplevel() on ptolemy.moml.MoMLSimpleApplication@42530dce
----------------- Done invoking toplevel() on ptolemy.moml.MoMLSimpleApplication@42530dce
reloadAllAccessors: .LookupTable

===========================================================================================
----------------- testing Wed Jul 03 04:49:16 UTC 2019 /home/travis/build/icyphy/ptII/ptolemy/actor/lib/test/auto/MathFunction.xml
----------------- Instantiating /home/travis/build/icyphy/ptII/ptolemy/actor/lib/test/auto/MathFunction.xml
3 ms. Memory: 748544K Free: 385536K (52%)
----------------- Invoking toplevel() on ptolemy.moml.MoMLSimpleApplication@7930f5cf
----------------- Done invoking toplevel() on ptolemy.moml.MoMLSimpleApplication@7930f5cf
reloadAllAccessors: .MathFunction

===========================================================================================
----------------- testing Wed Jul 03 04:49:16 UTC 2019 /home/travis/build/icyphy/ptII/ptolemy/actor/lib/test/auto/MathFunction2.xml
----------------- Instantiating /home/travis/build/icyphy/ptII/ptolemy/actor/lib/test/auto/MathFunction2.xml
1 ms. Memory: 748544K Free: 381950K (51%)
----------------- Invoking toplevel() on ptolemy.moml.MoMLSimpleApplication@f740d71
----------------- Done invoking toplevel() on ptolemy.moml.MoMLSimpleApplication@f740d71
reloadAllAccessors: .MathFunction2

===========================================================================================
----------------- testing Wed Jul 03 04:49:16 UTC 2019 /home/travis/build/icyphy/ptII/ptolemy/actor/lib/test/auto/MathFunction3.xml
----------------- Instantiating /home/travis/build/icyphy/ptII/ptolemy/actor/lib/test/auto/MathFunction3.xml
6 ms. Memory: 748544K Free: 374782K (50%)
----------------- Invoking toplevel() on ptolemy.moml.MoMLSimpleApplication@4b7f0cb3
----------------- Done invoking toplevel() on ptolemy.moml.MoMLSimpleApplication@4b7f0cb3
reloadAllAccessors: .MathFunction3

===========================================================================================
----------------- testing Wed Jul 03 04:49:16 UTC 2019 /home/travis/build/icyphy/ptII/ptolemy/actor/lib/test/auto/MatrixCropBoolean.xml
----------------- Instantiating /home/travis/build/icyphy/ptII/ptolemy/actor/lib/test/auto/MatrixCropBoolean.xml
2 ms. Memory: 748544K Free: 369631K (49%)
----------------- Invoking toplevel() on ptolemy.moml.MoMLSimpleApplication@937cbaa
----------------- Done invoking toplevel() on ptolemy.moml.MoMLSimpleApplication@937cbaa
reloadAllAccessors: .MatrixCropBoolean

===========================================================================================
----------------- testing Wed Jul 03 04:49:16 UTC 2019 /home/travis/build/icyphy/ptII/ptolemy/actor/lib/test/auto/MatrixCropComplex.xml
----------------- Instantiating /home/travis/build/icyphy/ptII/ptolemy/actor/lib/test/auto/MatrixCropComplex.xml
1 ms. Memory: 748544K Free: 364511K (49%)
----------------- Invoking toplevel() on ptolemy.moml.MoMLSimpleApplication@486effa9
----------------- Done invoking toplevel() on ptolemy.moml.MoMLSimpleApplication@486effa9
reloadAllAccessors: .MatrixCropComplex

===========================================================================================
----------------- testing Wed Jul 03 04:49:16 UTC 2019 /home/travis/build/icyphy/ptII/ptolemy/actor/lib/test/auto/MatrixCropDouble.xml
----------------- Instantiating /home/travis/build/icyphy/ptII/ptolemy/actor/lib/test/auto/MatrixCropDouble.xml
2 ms. Memory: 748544K Free: 359407K (48%)
----------------- Invoking toplevel() on ptolemy.moml.MoMLSimpleApplication@65a385d
----------------- Done invoking toplevel() on ptolemy.moml.MoMLSimpleApplication@65a385d
reloadAllAccessors: .MatrixCropDouble

===========================================================================================
----------------- testing Wed Jul 03 04:49:16 UTC 2019 /home/travis/build/icyphy/ptII/ptolemy/actor/lib/test/auto/MatrixCropFix.xml
----------------- Instantiating /home/travis/build/icyphy/ptII/ptolemy/actor/lib/test/auto/MatrixCropFix.xml
2 ms. Memory: 748544K Free: 354271K (47%)
----------------- Invoking toplevel() on ptolemy.moml.MoMLSimpleApplication@210a1d52
----------------- Done invoking toplevel() on ptolemy.moml.MoMLSimpleApplication@210a1d52
reloadAllAccessors: .MatrixCropFix

===========================================================================================
----------------- testing Wed Jul 03 04:49:16 UTC 2019 /home/travis/build/icyphy/ptII/ptolemy/actor/lib/test/auto/MatrixCropInt.xml
----------------- Instantiating /home/travis/build/icyphy/ptII/ptolemy/actor/lib/test/auto/MatrixCropInt.xml
3 ms. Memory: 748544K Free: 349167K (47%)
----------------- Invoking toplevel() on ptolemy.moml.MoMLSimpleApplication@62dfea3a
----------------- Done invoking toplevel() on ptolemy.moml.MoMLSimpleApplication@62dfea3a
reloadAllAccessors: .MatrixCropInt

===========================================================================================
----------------- testing Wed Jul 03 04:49:16 UTC 2019 /home/travis/build/icyphy/ptII/ptolemy/actor/lib/test/auto/MatrixCropLong.xml
----------------- Instantiating /home/travis/build/icyphy/ptII/ptolemy/actor/lib/test/auto/MatrixCropLong.xml
1 ms. Memory: 748544K Free: 344031K (46%)
----------------- Invoking toplevel() on ptolemy.moml.MoMLSimpleApplication@72ee68b9
----------------- Done invoking toplevel() on ptolemy.moml.MoMLSimpleApplication@72ee68b9
reloadAllAccessors: .MatrixCropLong

===========================================================================================
----------------- testing Wed Jul 03 04:49:16 UTC 2019 /home/travis/build/icyphy/ptII/ptolemy/actor/lib/test/auto/MatrixToArray.xml
----------------- Instantiating /home/travis/build/icyphy/ptII/ptolemy/actor/lib/test/auto/MatrixToArray.xml
6 ms. Memory: 748544K Free: 329216K (44%)
----------------- Invoking toplevel() on ptolemy.moml.MoMLSimpleApplication@45dc2abb
----------------- Done invoking toplevel() on ptolemy.moml.MoMLSimpleApplication@45dc2abb
reloadAllAccessors: .MatrixToArray

===========================================================================================
----------------- testing Wed Jul 03 04:49:16 UTC 2019 /home/travis/build/icyphy/ptII/ptolemy/actor/lib/test/auto/MaxIndex.xml
----------------- Instantiating /home/travis/build/icyphy/ptII/ptolemy/actor/lib/test/auto/MaxIndex.xml
2 ms. Memory: 748544K Free: 324096K (43%)
----------------- Invoking toplevel() on ptolemy.moml.MoMLSimpleApplication@2c27f104
----------------- Done invoking toplevel() on ptolemy.moml.MoMLSimpleApplication@2c27f104
reloadAllAccessors: .MaxIndex

===========================================================================================
----------------- testing Wed Jul 03 04:49:16 UTC 2019 /home/travis/build/icyphy/ptII/ptolemy/actor/lib/test/auto/Maximum.xml
----------------- Instantiating /home/travis/build/icyphy/ptII/ptolemy/actor/lib/test/auto/Maximum.xml
9 ms. Memory: 748544K Free: 317407K (42%)
----------------- Invoking toplevel() on ptolemy.moml.MoMLSimpleApplication@2a6837d3
----------------- Done invoking toplevel() on ptolemy.moml.MoMLSimpleApplication@2a6837d3
reloadAllAccessors: .Maximum

===========================================================================================
----------------- testing Wed Jul 03 04:49:16 UTC 2019 /home/travis/build/icyphy/ptII/ptolemy/actor/lib/test/auto/MaximumComplex.xml
----------------- Instantiating /home/travis/build/icyphy/ptII/ptolemy/actor/lib/test/auto/MaximumComplex.xml
4 ms. Memory: 748544K Free: 311279K (42%)
----------------- Invoking toplevel() on ptolemy.moml.MoMLSimpleApplication@3e2ca0be
----------------- Done invoking toplevel() on ptolemy.moml.MoMLSimpleApplication@3e2ca0be
reloadAllAccessors: .MaximumComplex

===========================================================================================
----------------- testing Wed Jul 03 04:49:16 UTC 2019 /home/travis/build/icyphy/ptII/ptolemy/actor/lib/test/auto/MethodCallTest.xml
----------------- Instantiating /home/travis/build/icyphy/ptII/ptolemy/actor/lib/test/auto/MethodCallTest.xml
2 ms. Memory: 748544K Free: 304640K (41%)
----------------- Invoking toplevel() on ptolemy.moml.MoMLSimpleApplication@215a18e5
----------------- Done invoking toplevel() on ptolemy.moml.MoMLSimpleApplication@215a18e5
reloadAllAccessors: .MethodCallTest

===========================================================================================
----------------- testing Wed Jul 03 04:49:16 UTC 2019 /home/travis/build/icyphy/ptII/ptolemy/actor/lib/test/auto/Minimum.xml
----------------- Instantiating /home/travis/build/icyphy/ptII/ptolemy/actor/lib/test/auto/Minimum.xml
2 ms. Memory: 748544K Free: 298496K (40%)
----------------- Invoking toplevel() on ptolemy.moml.MoMLSimpleApplication@5921b80a
----------------- Done invoking toplevel() on ptolemy.moml.MoMLSimpleApplication@5921b80a
reloadAllAccessors: .Minimum

===========================================================================================
----------------- testing Wed Jul 03 04:49:16 UTC 2019 /home/travis/build/icyphy/ptII/ptolemy/actor/lib/test/auto/MinimumComplex.xml
----------------- Instantiating /home/travis/build/icyphy/ptII/ptolemy/actor/lib/test/auto/MinimumComplex.xml
3 ms. Memory: 748544K Free: 292352K (39%)
----------------- Invoking toplevel() on ptolemy.moml.MoMLSimpleApplication@3483f30f
----------------- Done invoking toplevel() on ptolemy.moml.MoMLSimpleApplication@3483f30f
reloadAllAccessors: .MinimumComplex

===========================================================================================
----------------- testing Wed Jul 03 04:49:16 UTC 2019 /home/travis/build/icyphy/ptII/ptolemy/actor/lib/test/auto/MinimumMultiports.xml
----------------- Instantiating /home/travis/build/icyphy/ptII/ptolemy/actor/lib/test/auto/MinimumMultiports.xml
4 ms. Memory: 748544K Free: 693231K (93%)
----------------- Invoking toplevel() on ptolemy.moml.MoMLSimpleApplication@10994ae3
----------------- Done invoking toplevel() on ptolemy.moml.MoMLSimpleApplication@10994ae3
reloadAllAccessors: .MinimumMultiports

===========================================================================================
----------------- testing Wed Jul 03 04:49:16 UTC 2019 /home/travis/build/icyphy/ptII/ptolemy/actor/lib/test/auto/ModifyDate.xml
----------------- Instantiating /home/travis/build/icyphy/ptII/ptolemy/actor/lib/test/auto/ModifyDate.xml
10 ms. Memory: 748544K Free: 680448K (91%)
----------------- Invoking toplevel() on ptolemy.moml.MoMLSimpleApplication@5b8bd65f
----------------- Done invoking toplevel() on ptolemy.moml.MoMLSimpleApplication@5b8bd65f
reloadAllAccessors: .ModifyDate

===========================================================================================
----------------- testing Wed Jul 03 04:49:16 UTC 2019 /home/travis/build/icyphy/ptII/ptolemy/actor/lib/test/auto/ModifyDate2.xml
----------------- Instantiating /home/travis/build/icyphy/ptII/ptolemy/actor/lib/test/auto/ModifyDate2.xml
3 ms. Memory: 748544K Free: 671727K (90%)
----------------- Invoking toplevel() on ptolemy.moml.MoMLSimpleApplication@2c56eff5
----------------- Done invoking toplevel() on ptolemy.moml.MoMLSimpleApplication@2c56eff5
reloadAllAccessors: .ModifyDate2

===========================================================================================
----------------- testing Wed Jul 03 04:49:16 UTC 2019 /home/travis/build/icyphy/ptII/ptolemy/actor/lib/test/auto/MovingAverage.xml
----------------- Instantiating /home/travis/build/icyphy/ptII/ptolemy/actor/lib/test/auto/MovingAverage.xml
2 ms. Memory: 748544K Free: 666622K (89%)
----------------- Invoking toplevel() on ptolemy.moml.MoMLSimpleApplication@5972f3c1
----------------- Done invoking toplevel() on ptolemy.moml.MoMLSimpleApplication@5972f3c1
reloadAllAccessors: .MovingAverage

===========================================================================================
----------------- testing Wed Jul 03 04:49:16 UTC 2019 /home/travis/build/icyphy/ptII/ptolemy/actor/lib/test/auto/MovingMaximum.xml
----------------- Instantiating /home/travis/build/icyphy/ptII/ptolemy/actor/lib/test/auto/MovingMaximum.xml
1 ms. Memory: 748544K Free: 662016K (88%)
----------------- Invoking toplevel() on ptolemy.moml.MoMLSimpleApplication@780c01cb
----------------- Done invoking toplevel() on ptolemy.moml.MoMLSimpleApplication@780c01cb
reloadAllAccessors: .MovingMaximum

===========================================================================================
----------------- testing Wed Jul 03 04:49:17 UTC 2019 /home/travis/build/icyphy/ptII/ptolemy/actor/lib/test/auto/MultipleLinksToSameRelation.xml
----------------- Instantiating /home/travis/build/icyphy/ptII/ptolemy/actor/lib/test/auto/MultipleLinksToSameRelation.xml
3 ms. Memory: 748544K Free: 657920K (88%)
----------------- Invoking toplevel() on ptolemy.moml.MoMLSimpleApplication@2850e7b0
----------------- Done invoking toplevel() on ptolemy.moml.MoMLSimpleApplication@2850e7b0
reloadAllAccessors: .MultipleLinksToSameRelation

===========================================================================================
----------------- testing Wed Jul 03 04:49:17 UTC 2019 /home/travis/build/icyphy/ptII/ptolemy/actor/lib/test/auto/MultipleLinksToSameRelationDE.xml
----------------- Instantiating /home/travis/build/icyphy/ptII/ptolemy/actor/lib/test/auto/MultipleLinksToSameRelationDE.xml
2 ms. Memory: 748544K Free: 653279K (87%)
----------------- Invoking toplevel() on ptolemy.moml.MoMLSimpleApplication@74270874
----------------- Done invoking toplevel() on ptolemy.moml.MoMLSimpleApplication@74270874
reloadAllAccessors: .MultipleLinksToSameRelationDE

===========================================================================================
----------------- testing Wed Jul 03 04:49:17 UTC 2019 /home/travis/build/icyphy/ptII/ptolemy/actor/lib/test/auto/Multiplexor.xml
----------------- Instantiating /home/travis/build/icyphy/ptII/ptolemy/actor/lib/test/auto/Multiplexor.xml
1 ms. Memory: 748544K Free: 647680K (87%)
----------------- Invoking toplevel() on ptolemy.moml.MoMLSimpleApplication@4dccb8b2
----------------- Done invoking toplevel() on ptolemy.moml.MoMLSimpleApplication@4dccb8b2
reloadAllAccessors: .Multiplexor

===========================================================================================
----------------- testing Wed Jul 03 04:49:17 UTC 2019 /home/travis/build/icyphy/ptII/ptolemy/actor/lib/test/auto/Multiplexor1.xml
----------------- Instantiating /home/travis/build/icyphy/ptII/ptolemy/actor/lib/test/auto/Multiplexor1.xml
2 ms. Memory: 748544K Free: 642015K (86%)
----------------- Invoking toplevel() on ptolemy.moml.MoMLSimpleApplication@652cfea1
----------------- Done invoking toplevel() on ptolemy.moml.MoMLSimpleApplication@652cfea1
reloadAllAccessors: .Multiplexor1

===========================================================================================
----------------- testing Wed Jul 03 04:49:17 UTC 2019 /home/travis/build/icyphy/ptII/ptolemy/actor/lib/test/auto/Multiplexor2.xml
----------------- Instantiating /home/travis/build/icyphy/ptII/ptolemy/actor/lib/test/auto/Multiplexor2.xml
2 ms. Memory: 748544K Free: 635392K (85%)
----------------- Invoking toplevel() on ptolemy.moml.MoMLSimpleApplication@7bf7baba
----------------- Done invoking toplevel() on ptolemy.moml.MoMLSimpleApplication@7bf7baba
reloadAllAccessors: .Multiplexor2

===========================================================================================
----------------- testing Wed Jul 03 04:49:17 UTC 2019 /home/travis/build/icyphy/ptII/ptolemy/actor/lib/test/auto/Multiplexor3.xml
----------------- Instantiating /home/travis/build/icyphy/ptII/ptolemy/actor/lib/test/auto/Multiplexor3.xml
2 ms. Memory: 748544K Free: 631296K (84%)
----------------- Invoking toplevel() on ptolemy.moml.MoMLSimpleApplication@3f18fe07
----------------- Done invoking toplevel() on ptolemy.moml.MoMLSimpleApplication@3f18fe07
reloadAllAccessors: .Multiplexor3

===========================================================================================
----------------- testing Wed Jul 03 04:49:17 UTC 2019 /home/travis/build/icyphy/ptII/ptolemy/actor/lib/test/auto/MultiplexorDE.xml
----------------- Instantiating /home/travis/build/icyphy/ptII/ptolemy/actor/lib/test/auto/MultiplexorDE.xml
2 ms. Memory: 748544K Free: 623599K (83%)
----------------- Invoking toplevel() on ptolemy.moml.MoMLSimpleApplication@1cdd981d
----------------- Done invoking toplevel() on ptolemy.moml.MoMLSimpleApplication@1cdd981d
reloadAllAccessors: .MultiplexorDE

===========================================================================================
----------------- testing Wed Jul 03 04:49:17 UTC 2019 /home/travis/build/icyphy/ptII/ptolemy/actor/lib/test/auto/MultiportBroadcastTest.xml
----------------- Instantiating /home/travis/build/icyphy/ptII/ptolemy/actor/lib/test/auto/MultiportBroadcastTest.xml
87 ms. Memory: 748544K Free: 617463K (82%)
----------------- Invoking toplevel() on ptolemy.moml.MoMLSimpleApplication@2873f458
----------------- Done invoking toplevel() on ptolemy.moml.MoMLSimpleApplication@2873f458
reloadAllAccessors: .MultiportBroadcastTest

===========================================================================================
----------------- testing Wed Jul 03 04:49:17 UTC 2019 /home/travis/build/icyphy/ptII/ptolemy/actor/lib/test/auto/MultiportOutHangDuringGetWidth.xml
----------------- Instantiating /home/travis/build/icyphy/ptII/ptolemy/actor/lib/test/auto/MultiportOutHangDuringGetWidth.xml
5 ms. Memory: 748544K Free: 605151K (81%)
----------------- Invoking toplevel() on ptolemy.moml.MoMLSimpleApplication@7b66df6d
----------------- Done invoking toplevel() on ptolemy.moml.MoMLSimpleApplication@7b66df6d
reloadAllAccessors: .MultiportOutHangDuringGetWidth

===========================================================================================
----------------- testing Wed Jul 03 04:49:17 UTC 2019 /home/travis/build/icyphy/ptII/ptolemy/actor/lib/test/auto/NilToken.xml
----------------- Instantiating /home/travis/build/icyphy/ptII/ptolemy/actor/lib/test/auto/NilToken.xml
1 ms. Memory: 748544K Free: 601086K (80%)
----------------- Invoking toplevel() on ptolemy.moml.MoMLSimpleApplication@33375206
----------------- Done invoking toplevel() on ptolemy.moml.MoMLSimpleApplication@33375206
reloadAllAccessors: .NilToken

===========================================================================================
----------------- testing Wed Jul 03 04:49:17 UTC 2019 /home/travis/build/icyphy/ptII/ptolemy/actor/lib/test/auto/NilTokenNonStrictTest.xml
----------------- Instantiating /home/travis/build/icyphy/ptII/ptolemy/actor/lib/test/auto/NilTokenNonStrictTest.xml
1 ms. Memory: 748544K Free: 595966K (80%)
----------------- Invoking toplevel() on ptolemy.moml.MoMLSimpleApplication@35fdc72d
----------------- Done invoking toplevel() on ptolemy.moml.MoMLSimpleApplication@35fdc72d
reloadAllAccessors: .NilTokenNonStrictTest

===========================================================================================
----------------- testing Wed Jul 03 04:49:17 UTC 2019 /home/travis/build/icyphy/ptII/ptolemy/actor/lib/test/auto/NilTokenRecord.xml
----------------- Instantiating /home/travis/build/icyphy/ptII/ptolemy/actor/lib/test/auto/NilTokenRecord.xml
15 ms. Memory: 748544K Free: 589312K (79%)
----------------- Invoking toplevel() on ptolemy.moml.MoMLSimpleApplication@68814fbd
----------------- Done invoking toplevel() on ptolemy.moml.MoMLSimpleApplication@68814fbd
reloadAllAccessors: .NilTokenRecord

===========================================================================================
----------------- testing Wed Jul 03 04:49:17 UTC 2019 /home/travis/build/icyphy/ptII/ptolemy/actor/lib/test/auto/NilTokenTypeTest.xml
----------------- Instantiating /home/travis/build/icyphy/ptII/ptolemy/actor/lib/test/auto/NilTokenTypeTest.xml
4 ms. Memory: 748544K Free: 579582K (77%)
----------------- Invoking toplevel() on ptolemy.moml.MoMLSimpleApplication@479c2477
----------------- Done invoking toplevel() on ptolemy.moml.MoMLSimpleApplication@479c2477
reloadAllAccessors: .NilTokenTypeTest

===========================================================================================
----------------- testing Wed Jul 03 04:49:17 UTC 2019 /home/travis/build/icyphy/ptII/ptolemy/actor/lib/test/auto/ObjectToken1.xml
----------------- Instantiating /home/travis/build/icyphy/ptII/ptolemy/actor/lib/test/auto/ObjectToken1.xml
2 ms. Memory: 748544K Free: 575486K (77%)
----------------- Invoking toplevel() on ptolemy.moml.MoMLSimpleApplication@66cef638
----------------- Done invoking toplevel() on ptolemy.moml.MoMLSimpleApplication@66cef638
reloadAllAccessors: .ObjectToken1

===========================================================================================
----------------- testing Wed Jul 03 04:49:17 UTC 2019 /home/travis/build/icyphy/ptII/ptolemy/actor/lib/test/auto/OrderedMerge.xml
----------------- Instantiating /home/travis/build/icyphy/ptII/ptolemy/actor/lib/test/auto/OrderedMerge.xml
14 ms. Memory: 748544K Free: 569856K (76%)
----------------- Invoking toplevel() on ptolemy.moml.MoMLSimpleApplication@684465d3
----------------- Done invoking toplevel() on ptolemy.moml.MoMLSimpleApplication@684465d3
reloadAllAccessors: .OrderedMerge

===========================================================================================
----------------- testing Wed Jul 03 04:49:17 UTC 2019 /home/travis/build/icyphy/ptII/ptolemy/actor/lib/test/auto/OrderedRecordDisassembler.xml
----------------- Instantiating /home/travis/build/icyphy/ptII/ptolemy/actor/lib/test/auto/OrderedRecordDisassembler.xml
2 ms. Memory: 748544K Free: 564736K (75%)
----------------- Invoking toplevel() on ptolemy.moml.MoMLSimpleApplication@610e4bf3
----------------- Done invoking toplevel() on ptolemy.moml.MoMLSimpleApplication@610e4bf3
reloadAllAccessors: .OrderedRecordDisassembler

===========================================================================================
----------------- testing Wed Jul 03 04:49:17 UTC 2019 /home/travis/build/icyphy/ptII/ptolemy/actor/lib/test/auto/OrderedRecordDisassembler2.xml
----------------- Instantiating /home/travis/build/icyphy/ptII/ptolemy/actor/lib/test/auto/OrderedRecordDisassembler2.xml
4 ms. Memory: 748544K Free: 557039K (74%)
----------------- Invoking toplevel() on ptolemy.moml.MoMLSimpleApplication@68abcbcd
----------------- Done invoking toplevel() on ptolemy.moml.MoMLSimpleApplication@68abcbcd
reloadAllAccessors: .OrderedRecordDisassembler2

===========================================================================================
----------------- testing Wed Jul 03 04:49:17 UTC 2019 /home/travis/build/icyphy/ptII/ptolemy/actor/lib/test/auto/OrderedRecordUpdater.xml
----------------- Instantiating /home/travis/build/icyphy/ptII/ptolemy/actor/lib/test/auto/OrderedRecordUpdater.xml
2 ms. Memory: 748544K Free: 552448K (74%)
----------------- Invoking toplevel() on ptolemy.moml.MoMLSimpleApplication@70cf29aa
----------------- Done invoking toplevel() on ptolemy.moml.MoMLSimpleApplication@70cf29aa
reloadAllAccessors: .RecordUpdater

===========================================================================================
----------------- testing Wed Jul 03 04:49:17 UTC 2019 /home/travis/build/icyphy/ptII/ptolemy/actor/lib/test/auto/OrderedRecordUpdater2.xml
----------------- Instantiating /home/travis/build/icyphy/ptII/ptolemy/actor/lib/test/auto/OrderedRecordUpdater2.xml
3 ms. Memory: 748544K Free: 547328K (73%)
----------------- Invoking toplevel() on ptolemy.moml.MoMLSimpleApplication@740ea665
----------------- Done invoking toplevel() on ptolemy.moml.MoMLSimpleApplication@740ea665
reloadAllAccessors: .RecordUpdater2

===========================================================================================
----------------- testing Wed Jul 03 04:49:17 UTC 2019 /home/travis/build/icyphy/ptII/ptolemy/actor/lib/test/auto/PhaseUnwrap.xml
----------------- Instantiating /home/travis/build/icyphy/ptII/ptolemy/actor/lib/test/auto/PhaseUnwrap.xml
1 ms. Memory: 748544K Free: 542718K (73%)
----------------- Invoking toplevel() on ptolemy.moml.MoMLSimpleApplication@431bf4a5
----------------- Done invoking toplevel() on ptolemy.moml.MoMLSimpleApplication@431bf4a5
reloadAllAccessors: .PhaseUnwrap

===========================================================================================
----------------- testing Wed Jul 03 04:49:17 UTC 2019 /home/travis/build/icyphy/ptII/ptolemy/actor/lib/test/auto/PoissonClock.xml
----------------- Instantiating /home/travis/build/icyphy/ptII/ptolemy/actor/lib/test/auto/PoissonClock.xml
2 ms. Memory: 748544K Free: 539136K (72%)
----------------- Invoking toplevel() on ptolemy.moml.MoMLSimpleApplication@7c5ede9
----------------- Done invoking toplevel() on ptolemy.moml.MoMLSimpleApplication@7c5ede9
reloadAllAccessors: .PoissonClock

===========================================================================================
----------------- testing Wed Jul 03 04:49:17 UTC 2019 /home/travis/build/icyphy/ptII/ptolemy/actor/lib/test/auto/PoissonClock2.xml
----------------- Instantiating /home/travis/build/icyphy/ptII/ptolemy/actor/lib/test/auto/PoissonClock2.xml
1 ms. Memory: 748544K Free: 534526K (71%)
----------------- Invoking toplevel() on ptolemy.moml.MoMLSimpleApplication@301e3e7d
----------------- Done invoking toplevel() on ptolemy.moml.MoMLSimpleApplication@301e3e7d
reloadAllAccessors: .PoissonClock2

===========================================================================================
----------------- testing Wed Jul 03 04:49:17 UTC 2019 /home/travis/build/icyphy/ptII/ptolemy/actor/lib/test/auto/PoissonClock3.xml
----------------- Instantiating /home/travis/build/icyphy/ptII/ptolemy/actor/lib/test/auto/PoissonClock3.xml
1 ms. Memory: 748544K Free: 529920K (71%)
----------------- Invoking toplevel() on ptolemy.moml.MoMLSimpleApplication@32c86c9e
----------------- Done invoking toplevel() on ptolemy.moml.MoMLSimpleApplication@32c86c9e
reloadAllAccessors: .PoissonClock3

===========================================================================================
----------------- testing Wed Jul 03 04:49:17 UTC 2019 /home/travis/build/icyphy/ptII/ptolemy/actor/lib/test/auto/PubSubWithInitialTokens.xml
----------------- Instantiating /home/travis/build/icyphy/ptII/ptolemy/actor/lib/test/auto/PubSubWithInitialTokens.xml
2 ms. Memory: 748544K Free: 524255K (70%)
----------------- Invoking toplevel() on ptolemy.moml.MoMLSimpleApplication@435671c5
----------------- Done invoking toplevel() on ptolemy.moml.MoMLSimpleApplication@435671c5
reloadAllAccessors: .PubSubWithInitialTokens

===========================================================================================
----------------- testing Wed Jul 03 04:49:17 UTC 2019 /home/travis/build/icyphy/ptII/ptolemy/actor/lib/test/auto/PubSubWithInitialTokens2.xml
----------------- Instantiating /home/travis/build/icyphy/ptII/ptolemy/actor/lib/test/auto/PubSubWithInitialTokens2.xml
2 ms. Memory: 748544K Free: 517632K (69%)
----------------- Invoking toplevel() on ptolemy.moml.MoMLSimpleApplication@6548be96
----------------- Done invoking toplevel() on ptolemy.moml.MoMLSimpleApplication@6548be96
reloadAllAccessors: .PubSubWithInitialTokens2

===========================================================================================
----------------- testing Wed Jul 03 04:49:17 UTC 2019 /home/travis/build/icyphy/ptII/ptolemy/actor/lib/test/auto/PublisherClassNoParameter.xml
----------------- Instantiating /home/travis/build/icyphy/ptII/ptolemy/actor/lib/test/auto/PublisherClassNoParameter.xml
2 ms. Memory: 748544K Free: 507902K (68%)
----------------- Invoking toplevel() on ptolemy.moml.MoMLSimpleApplication@1fdf3f2f
----------------- Done invoking toplevel() on ptolemy.moml.MoMLSimpleApplication@1fdf3f2f
reloadAllAccessors: .PublisherClassNoParameter

===========================================================================================
----------------- testing Wed Jul 03 04:49:17 UTC 2019 /home/travis/build/icyphy/ptII/ptolemy/actor/lib/test/auto/PublisherClassParameter.xml
----------------- Instantiating /home/travis/build/icyphy/ptII/ptolemy/actor/lib/test/auto/PublisherClassParameter.xml
2 ms. Memory: 748544K Free: 497647K (66%)
----------------- Invoking toplevel() on ptolemy.moml.MoMLSimpleApplication@5247e3bc
----------------- Done invoking toplevel() on ptolemy.moml.MoMLSimpleApplication@5247e3bc
reloadAllAccessors: .PublisherClassParameter

===========================================================================================
----------------- testing Wed Jul 03 04:49:17 UTC 2019 /home/travis/build/icyphy/ptII/ptolemy/actor/lib/test/auto/PublisherNonStrictTest.xml
----------------- Instantiating /home/travis/build/icyphy/ptII/ptolemy/actor/lib/test/auto/PublisherNonStrictTest.xml
3 ms. Memory: 748544K Free: 489463K (65%)
----------------- Invoking toplevel() on ptolemy.moml.MoMLSimpleApplication@453e3c20
----------------- Done invoking toplevel() on ptolemy.moml.MoMLSimpleApplication@453e3c20
reloadAllAccessors: .PublisherNonStrictTest

===========================================================================================
----------------- testing Wed Jul 03 04:49:17 UTC 2019 /home/travis/build/icyphy/ptII/ptolemy/actor/lib/test/auto/PublisherPort1.xml
----------------- Instantiating /home/travis/build/icyphy/ptII/ptolemy/actor/lib/test/auto/PublisherPort1.xml
9 ms. Memory: 748544K Free: 483840K (65%)
----------------- Invoking toplevel() on ptolemy.moml.MoMLSimpleApplication@4fe07904
----------------- Done invoking toplevel() on ptolemy.moml.MoMLSimpleApplication@4fe07904
reloadAllAccessors: .PublisherPort1

===========================================================================================
----------------- testing Wed Jul 03 04:49:17 UTC 2019 /home/travis/build/icyphy/ptII/ptolemy/actor/lib/test/auto/PublisherPort2.xml
----------------- Instantiating /home/travis/build/icyphy/ptII/ptolemy/actor/lib/test/auto/PublisherPort2.xml
1 ms. Memory: 748544K Free: 478720K (64%)
----------------- Invoking toplevel() on ptolemy.moml.MoMLSimpleApplication@269d5488
----------------- Done invoking toplevel() on ptolemy.moml.MoMLSimpleApplication@269d5488
reloadAllAccessors: .PublisherPort2

===========================================================================================
----------------- testing Wed Jul 03 04:49:17 UTC 2019 /home/travis/build/icyphy/ptII/ptolemy/actor/lib/test/auto/PublisherPort3.xml
----------------- Instantiating /home/travis/build/icyphy/ptII/ptolemy/actor/lib/test/auto/PublisherPort3.xml
2 ms. Memory: 748544K Free: 472031K (63%)
----------------- Invoking toplevel() on ptolemy.moml.MoMLSimpleApplication@5355912d
----------------- Done invoking toplevel() on ptolemy.moml.MoMLSimpleApplication@5355912d
reloadAllAccessors: .PublisherPort3

===========================================================================================
----------------- testing Wed Jul 03 04:49:17 UTC 2019 /home/travis/build/icyphy/ptII/ptolemy/actor/lib/test/auto/PublisherPort4.xml
----------------- Instantiating /home/travis/build/icyphy/ptII/ptolemy/actor/lib/test/auto/PublisherPort4.xml
2 ms. Memory: 748544K Free: 466432K (62%)
----------------- Invoking toplevel() on ptolemy.moml.MoMLSimpleApplication@14211f14
----------------- Done invoking toplevel() on ptolemy.moml.MoMLSimpleApplication@14211f14
reloadAllAccessors: .PublisherPort4

===========================================================================================
----------------- testing Wed Jul 03 04:49:17 UTC 2019 /home/travis/build/icyphy/ptII/ptolemy/actor/lib/test/auto/PublisherPort5.xml
----------------- Instantiating /home/travis/build/icyphy/ptII/ptolemy/actor/lib/test/auto/PublisherPort5.xml
3 ms. Memory: 748544K Free: 458750K (61%)
----------------- Invoking toplevel() on ptolemy.moml.MoMLSimpleApplication@5caa2258
----------------- Done invoking toplevel() on ptolemy.moml.MoMLSimpleApplication@5caa2258
reloadAllAccessors: .PublisherPort5

===========================================================================================
----------------- testing Wed Jul 03 04:49:17 UTC 2019 /home/travis/build/icyphy/ptII/ptolemy/actor/lib/test/auto/PublisherPort5LookAlike.xml
----------------- Instantiating /home/travis/build/icyphy/ptII/ptolemy/actor/lib/test/auto/PublisherPort5LookAlike.xml
7 ms. Memory: 748544K Free: 451072K (60%)
----------------- Invoking toplevel() on ptolemy.moml.MoMLSimpleApplication@34c281a6
----------------- Done invoking toplevel() on ptolemy.moml.MoMLSimpleApplication@34c281a6
reloadAllAccessors: .PublisherPort5LookAlike

===========================================================================================
----------------- testing Wed Jul 03 04:49:17 UTC 2019 /home/travis/build/icyphy/ptII/ptolemy/actor/lib/test/auto/PublisherPort6.xml
----------------- Instantiating /home/travis/build/icyphy/ptII/ptolemy/actor/lib/test/auto/PublisherPort6.xml
2 ms. Memory: 748544K Free: 444399K (59%)
----------------- Invoking toplevel() on ptolemy.moml.MoMLSimpleApplication@206ab6e3
----------------- Done invoking toplevel() on ptolemy.moml.MoMLSimpleApplication@206ab6e3
reloadAllAccessors: .PublisherPort6

===========================================================================================
----------------- testing Wed Jul 03 04:49:17 UTC 2019 /home/travis/build/icyphy/ptII/ptolemy/actor/lib/test/auto/PublisherPort7.xml
----------------- Instantiating /home/travis/build/icyphy/ptII/ptolemy/actor/lib/test/auto/PublisherPort7.xml
3 ms. Memory: 748544K Free: 436736K (58%)
----------------- Invoking toplevel() on ptolemy.moml.MoMLSimpleApplication@31e70b30
----------------- Done invoking toplevel() on ptolemy.moml.MoMLSimpleApplication@31e70b30
reloadAllAccessors: .PublisherPort7

===========================================================================================
----------------- testing Wed Jul 03 04:49:17 UTC 2019 /home/travis/build/icyphy/ptII/ptolemy/actor/lib/test/auto/PublisherPort8.xml
----------------- Instantiating /home/travis/build/icyphy/ptII/ptolemy/actor/lib/test/auto/PublisherPort8.xml
4 ms. Memory: 748544K Free: 428030K (57%)
----------------- Invoking toplevel() on ptolemy.moml.MoMLSimpleApplication@3402dd91
----------------- Done invoking toplevel() on ptolemy.moml.MoMLSimpleApplication@3402dd91
reloadAllAccessors: .PublisherPort8

===========================================================================================
----------------- testing Wed Jul 03 04:49:17 UTC 2019 /home/travis/build/icyphy/ptII/ptolemy/actor/lib/test/auto/PublisherPortSubscriberChannelVariablesAOC2.xml
----------------- Instantiating /home/travis/build/icyphy/ptII/ptolemy/actor/lib/test/auto/PublisherPortSubscriberChannelVariablesAOC2.xml
3 ms. Memory: 748544K Free: 410622K (55%)
----------------- Invoking toplevel() on ptolemy.moml.MoMLSimpleApplication@4ca5f180
----------------- Done invoking toplevel() on ptolemy.moml.MoMLSimpleApplication@4ca5f180
reloadAllAccessors: .PublisherPortSubscriberChannelVariablesAOC2

===========================================================================================
----------------- testing Wed Jul 03 04:49:17 UTC 2019 /home/travis/build/icyphy/ptII/ptolemy/actor/lib/test/auto/PublisherPortSubscriberOpaqueWidthInference.xml
----------------- Instantiating /home/travis/build/icyphy/ptII/ptolemy/actor/lib/test/auto/PublisherPortSubscriberOpaqueWidthInference.xml
4 ms. Memory: 748544K Free: 402415K (54%)
----------------- Invoking toplevel() on ptolemy.moml.MoMLSimpleApplication@34873649
----------------- Done invoking toplevel() on ptolemy.moml.MoMLSimpleApplication@34873649
reloadAllAccessors: .PublisherPortSubscriberOpaqueWidthInference

===========================================================================================
----------------- testing Wed Jul 03 04:49:17 UTC 2019 /home/travis/build/icyphy/ptII/ptolemy/actor/lib/test/auto/PublisherPortSubscriberPortAdjacent.xml
----------------- Instantiating /home/travis/build/icyphy/ptII/ptolemy/actor/lib/test/auto/PublisherPortSubscriberPortAdjacent.xml
3 ms. Memory: 748544K Free: 394238K (53%)
----------------- Invoking toplevel() on ptolemy.moml.MoMLSimpleApplication@14a94252
----------------- Done invoking toplevel() on ptolemy.moml.MoMLSimpleApplication@14a94252
reloadAllAccessors: .PublisherPortSubscriberPortAdjacent

===========================================================================================
----------------- testing Wed Jul 03 04:49:17 UTC 2019 /home/travis/build/icyphy/ptII/ptolemy/actor/lib/test/auto/PublisherPortSubscriberPortExpression.xml
----------------- Instantiating /home/travis/build/icyphy/ptII/ptolemy/actor/lib/test/auto/PublisherPortSubscriberPortExpression.xml
4 ms. Memory: 748544K Free: 386560K (52%)
----------------- Invoking toplevel() on ptolemy.moml.MoMLSimpleApplication@57bcedff
----------------- Done invoking toplevel() on ptolemy.moml.MoMLSimpleApplication@57bcedff
reloadAllAccessors: .PublisherPortSubscriberPortExpression

===========================================================================================
----------------- testing Wed Jul 03 04:49:17 UTC 2019 /home/travis/build/icyphy/ptII/ptolemy/actor/lib/test/auto/PublisherPortSubscriberPortOpaqueD3Reverse.xml
----------------- Instantiating /home/travis/build/icyphy/ptII/ptolemy/actor/lib/test/auto/PublisherPortSubscriberPortOpaqueD3Reverse.xml
7 ms. Memory: 748544K Free: 376320K (50%)
----------------- Invoking toplevel() on ptolemy.moml.MoMLSimpleApplication@568c0e0a
----------------- Done invoking toplevel() on ptolemy.moml.MoMLSimpleApplication@568c0e0a
reloadAllAccessors: .PublisherPortSubscriberPortOpaqueD3Reverse

===========================================================================================
----------------- testing Wed Jul 03 04:49:17 UTC 2019 /home/travis/build/icyphy/ptII/ptolemy/actor/lib/test/auto/PublisherPortSubscriberPortOpaqueWidthInference.xml
----------------- Instantiating /home/travis/build/icyphy/ptII/ptolemy/actor/lib/test/auto/PublisherPortSubscriberPortOpaqueWidthInference.xml
4 ms. Memory: 748544K Free: 368623K (49%)
----------------- Invoking toplevel() on ptolemy.moml.MoMLSimpleApplication@5d36438a
----------------- Done invoking toplevel() on ptolemy.moml.MoMLSimpleApplication@5d36438a
reloadAllAccessors: .PublisherPortSubscriberPortOpaqueWidthInference

===========================================================================================
----------------- testing Wed Jul 03 04:49:17 UTC 2019 /home/travis/build/icyphy/ptII/ptolemy/actor/lib/test/auto/PublisherPortToplevelSubscriberPortAOC.xml
----------------- Instantiating /home/travis/build/icyphy/ptII/ptolemy/actor/lib/test/auto/PublisherPortToplevelSubscriberPortAOC.xml
.PublisherPortToplevelSubscriberPortAOC.TestExceptionAttribute: initialize() was not invoked, but wrapup() was.  This is unusual, but not always a problem.  For example, exporting JNLP will do this.
2 ms. Memory: 748544K Free: 363008K (48%)
----------------- Invoking toplevel() on ptolemy.moml.MoMLSimpleApplication@7c3f722c
----------------- Done invoking toplevel() on ptolemy.moml.MoMLSimpleApplication@7c3f722c
reloadAllAccessors: .PublisherPortToplevelSubscriberPortAOC

===========================================================================================
----------------- testing Wed Jul 03 04:49:17 UTC 2019 /home/travis/build/icyphy/ptII/ptolemy/actor/lib/test/auto/PublisherSubscriber.xml
----------------- Instantiating /home/travis/build/icyphy/ptII/ptolemy/actor/lib/test/auto/PublisherSubscriber.xml
3 ms. Memory: 748544K Free: 355295K (47%)
----------------- Invoking toplevel() on ptolemy.moml.MoMLSimpleApplication@559829f6
----------------- Done invoking toplevel() on ptolemy.moml.MoMLSimpleApplication@559829f6
reloadAllAccessors: .PublisherSubscriber

===========================================================================================
----------------- testing Wed Jul 03 04:49:18 UTC 2019 /home/travis/build/icyphy/ptII/ptolemy/actor/lib/test/auto/PublisherSubscriber10.xml
----------------- Instantiating /home/travis/build/icyphy/ptII/ptolemy/actor/lib/test/auto/PublisherSubscriber10.xml
7 ms. Memory: 748544K Free: 346110K (46%)
----------------- Invoking toplevel() on ptolemy.moml.MoMLSimpleApplication@6d6ccb85
----------------- Done invoking toplevel() on ptolemy.moml.MoMLSimpleApplication@6d6ccb85
reloadAllAccessors: .PublisherSubscriber10

===========================================================================================
----------------- testing Wed Jul 03 04:49:18 UTC 2019 /home/travis/build/icyphy/ptII/ptolemy/actor/lib/test/auto/PublisherSubscriber10InitialOutputs.xml
----------------- Instantiating /home/travis/build/icyphy/ptII/ptolemy/actor/lib/test/auto/PublisherSubscriber10InitialOutputs.xml
7 ms. Memory: 748544K Free: 336894K (45%)
----------------- Invoking toplevel() on ptolemy.moml.MoMLSimpleApplication@7081570
----------------- Done invoking toplevel() on ptolemy.moml.MoMLSimpleApplication@7081570
reloadAllAccessors: .PublisherSubscriber10InitialOutputs

===========================================================================================
----------------- testing Wed Jul 03 04:49:18 UTC 2019 /home/travis/build/icyphy/ptII/ptolemy/actor/lib/test/auto/PublisherSubscriber11.xml
----------------- Instantiating /home/travis/build/icyphy/ptII/ptolemy/actor/lib/test/auto/PublisherSubscriber11.xml
3 ms. Memory: 748544K Free: 330240K (44%)
----------------- Invoking toplevel() on ptolemy.moml.MoMLSimpleApplication@7d52cd1d
----------------- Done invoking toplevel() on ptolemy.moml.MoMLSimpleApplication@7d52cd1d
reloadAllAccessors: .PublisherSubscriber11

===========================================================================================
----------------- testing Wed Jul 03 04:49:18 UTC 2019 /home/travis/build/icyphy/ptII/ptolemy/actor/lib/test/auto/PublisherSubscriber12.xml
----------------- Instantiating /home/travis/build/icyphy/ptII/ptolemy/actor/lib/test/auto/PublisherSubscriber12.xml
5 ms. Memory: 748544K Free: 323582K (43%)
----------------- Invoking toplevel() on ptolemy.moml.MoMLSimpleApplication@66fe3d0a
----------------- Done invoking toplevel() on ptolemy.moml.MoMLSimpleApplication@66fe3d0a
reloadAllAccessors: .PublisherSubscriber12

===========================================================================================
----------------- testing Wed Jul 03 04:49:18 UTC 2019 /home/travis/build/icyphy/ptII/ptolemy/actor/lib/test/auto/PublisherSubscriber13.xml
----------------- Instantiating /home/travis/build/icyphy/ptII/ptolemy/actor/lib/test/auto/PublisherSubscriber13.xml
2 ms. Memory: 748544K Free: 317952K (42%)
----------------- Invoking toplevel() on ptolemy.moml.MoMLSimpleApplication@1c989a1
----------------- Done invoking toplevel() on ptolemy.moml.MoMLSimpleApplication@1c989a1
reloadAllAccessors: .PublisherSubscriber13

===========================================================================================
----------------- testing Wed Jul 03 04:49:18 UTC 2019 /home/travis/build/icyphy/ptII/ptolemy/actor/lib/test/auto/PublisherSubscriber14.xml
----------------- Instantiating /home/travis/build/icyphy/ptII/ptolemy/actor/lib/test/auto/PublisherSubscriber14.xml
4 ms. Memory: 748544K Free: 309231K (41%)
----------------- Invoking toplevel() on ptolemy.moml.MoMLSimpleApplication@f47e286
----------------- Done invoking toplevel() on ptolemy.moml.MoMLSimpleApplication@f47e286
reloadAllAccessors: .PublisherSubscriber14

===========================================================================================
----------------- testing Wed Jul 03 04:49:18 UTC 2019 /home/travis/build/icyphy/ptII/ptolemy/actor/lib/test/auto/PublisherSubscriber2.xml
----------------- Instantiating /home/travis/build/icyphy/ptII/ptolemy/actor/lib/test/auto/PublisherSubscriber2.xml
3 ms. Memory: 748544K Free: 303102K (40%)
----------------- Invoking toplevel() on ptolemy.moml.MoMLSimpleApplication@3146fe16
----------------- Done invoking toplevel() on ptolemy.moml.MoMLSimpleApplication@3146fe16
reloadAllAccessors: .PublisherSubscriber2

===========================================================================================
----------------- testing Wed Jul 03 04:49:18 UTC 2019 /home/travis/build/icyphy/ptII/ptolemy/actor/lib/test/auto/PublisherSubscriber3.xml
----------------- Instantiating /home/travis/build/icyphy/ptII/ptolemy/actor/lib/test/auto/PublisherSubscriber3.xml
2 ms. Memory: 748544K Free: 297472K (40%)
----------------- Invoking toplevel() on ptolemy.moml.MoMLSimpleApplication@453b3ca2
----------------- Done invoking toplevel() on ptolemy.moml.MoMLSimpleApplication@453b3ca2
reloadAllAccessors: .PublisherSubscriber3

===========================================================================================
----------------- testing Wed Jul 03 04:49:18 UTC 2019 /home/travis/build/icyphy/ptII/ptolemy/actor/lib/test/auto/PublisherSubscriber4.xml
----------------- Instantiating /home/travis/build/icyphy/ptII/ptolemy/actor/lib/test/auto/PublisherSubscriber4.xml
1 ms. Memory: 748544K Free: 292352K (39%)
----------------- Invoking toplevel() on ptolemy.moml.MoMLSimpleApplication@15efbd34
----------------- Done invoking toplevel() on ptolemy.moml.MoMLSimpleApplication@15efbd34
reloadAllAccessors: .PublisherSubscriber4

===========================================================================================
----------------- testing Wed Jul 03 04:49:18 UTC 2019 /home/travis/build/icyphy/ptII/ptolemy/actor/lib/test/auto/PublisherSubscriber5.xml
----------------- Instantiating /home/travis/build/icyphy/ptII/ptolemy/actor/lib/test/auto/PublisherSubscriber5.xml
2 ms. Memory: 748544K Free: 285679K (38%)
----------------- Invoking toplevel() on ptolemy.moml.MoMLSimpleApplication@743878b0
----------------- Done invoking toplevel() on ptolemy.moml.MoMLSimpleApplication@743878b0
reloadAllAccessors: .PublisherSubscriber5

===========================================================================================
----------------- testing Wed Jul 03 04:49:18 UTC 2019 /home/travis/build/icyphy/ptII/ptolemy/actor/lib/test/auto/PublisherSubscriber6.xml
----------------- Instantiating /home/travis/build/icyphy/ptII/ptolemy/actor/lib/test/auto/PublisherSubscriber6.xml
4 ms. Memory: 748544K Free: 279040K (37%)
----------------- Invoking toplevel() on ptolemy.moml.MoMLSimpleApplication@241552bf
----------------- Done invoking toplevel() on ptolemy.moml.MoMLSimpleApplication@241552bf
reloadAllAccessors: .PublisherSubscriber6

===========================================================================================
----------------- testing Wed Jul 03 04:49:18 UTC 2019 /home/travis/build/icyphy/ptII/ptolemy/actor/lib/test/auto/PublisherSubscriber7.xml
----------------- Instantiating /home/travis/build/icyphy/ptII/ptolemy/actor/lib/test/auto/PublisherSubscriber7.xml
7 ms. Memory: 748544K Free: 271872K (36%)
----------------- Invoking toplevel() on ptolemy.moml.MoMLSimpleApplication@4221e8c6
----------------- Done invoking toplevel() on ptolemy.moml.MoMLSimpleApplication@4221e8c6
reloadAllAccessors: .PublisherSubscriber7

===========================================================================================
----------------- testing Wed Jul 03 04:49:18 UTC 2019 /home/travis/build/icyphy/ptII/ptolemy/actor/lib/test/auto/PublisherSubscriber8.xml
----------------- Instantiating /home/travis/build/icyphy/ptII/ptolemy/actor/lib/test/auto/PublisherSubscriber8.xml
51 ms. Memory: 748544K Free: 696061K (93%)
----------------- Invoking toplevel() on ptolemy.moml.MoMLSimpleApplication@ed57d4a
----------------- Done invoking toplevel() on ptolemy.moml.MoMLSimpleApplication@ed57d4a
reloadAllAccessors: .PublisherSubscriber8

===========================================================================================
----------------- testing Wed Jul 03 04:49:18 UTC 2019 /home/travis/build/icyphy/ptII/ptolemy/actor/lib/test/auto/PublisherSubscriber9.xml
----------------- Instantiating /home/travis/build/icyphy/ptII/ptolemy/actor/lib/test/auto/PublisherSubscriber9.xml
3 ms. Memory: 748544K Free: 688128K (92%)
----------------- Invoking toplevel() on ptolemy.moml.MoMLSimpleApplication@44ae09c
----------------- Done invoking toplevel() on ptolemy.moml.MoMLSimpleApplication@44ae09c
reloadAllAccessors: .PublisherSubscriber9

===========================================================================================
----------------- testing Wed Jul 03 04:49:18 UTC 2019 /home/travis/build/icyphy/ptII/ptolemy/actor/lib/test/auto/PublisherSubscriberAdjacent.xml
----------------- Instantiating /home/travis/build/icyphy/ptII/ptolemy/actor/lib/test/auto/PublisherSubscriberAdjacent.xml
2 ms. Memory: 748544K Free: 679422K (91%)
----------------- Invoking toplevel() on ptolemy.moml.MoMLSimpleApplication@19197e5
----------------- Done invoking toplevel() on ptolemy.moml.MoMLSimpleApplication@19197e5
reloadAllAccessors: .PublisherSubscriberAdjacent

===========================================================================================
----------------- testing Wed Jul 03 04:49:18 UTC 2019 /home/travis/build/icyphy/ptII/ptolemy/actor/lib/test/auto/PublisherSubscriberChannelVariablesAOC2.xml
----------------- Instantiating /home/travis/build/icyphy/ptII/ptolemy/actor/lib/test/auto/PublisherSubscriberChannelVariablesAOC2.xml
3 ms. Memory: 748544K Free: 665071K (89%)
----------------- Invoking toplevel() on ptolemy.moml.MoMLSimpleApplication@527fa2f6
----------------- Done invoking toplevel() on ptolemy.moml.MoMLSimpleApplication@527fa2f6
reloadAllAccessors: .PublisherSubscriberChannelVariablesAOC2

===========================================================================================
----------------- testing Wed Jul 03 04:49:18 UTC 2019 /home/travis/build/icyphy/ptII/ptolemy/actor/lib/test/auto/PublisherSubscriberD3.xml
----------------- Instantiating /home/travis/build/icyphy/ptII/ptolemy/actor/lib/test/auto/PublisherSubscriberD3.xml
2 ms. Memory: 748544K Free: 657918K (88%)
----------------- Invoking toplevel() on ptolemy.moml.MoMLSimpleApplication@300efb16
----------------- Done invoking toplevel() on ptolemy.moml.MoMLSimpleApplication@300efb16
reloadAllAccessors: .PublisherSubscriberD3

===========================================================================================
----------------- testing Wed Jul 03 04:49:18 UTC 2019 /home/travis/build/icyphy/ptII/ptolemy/actor/lib/test/auto/PublisherSubscriberD3Reverse.xml
----------------- Instantiating /home/travis/build/icyphy/ptII/ptolemy/actor/lib/test/auto/PublisherSubscriberD3Reverse.xml
3 ms. Memory: 748544K Free: 651774K (87%)
----------------- Invoking toplevel() on ptolemy.moml.MoMLSimpleApplication@39fd8f4f
----------------- Done invoking toplevel() on ptolemy.moml.MoMLSimpleApplication@39fd8f4f
reloadAllAccessors: .PublisherSubscriberD3Reverse

===========================================================================================
----------------- testing Wed Jul 03 04:49:18 UTC 2019 /home/travis/build/icyphy/ptII/ptolemy/actor/lib/test/auto/PublisherSubscriberExpression.xml
----------------- Instantiating /home/travis/build/icyphy/ptII/ptolemy/actor/lib/test/auto/PublisherSubscriberExpression.xml
4 ms. Memory: 748544K Free: 643551K (86%)
----------------- Invoking toplevel() on ptolemy.moml.MoMLSimpleApplication@65bfb267
----------------- Done invoking toplevel() on ptolemy.moml.MoMLSimpleApplication@65bfb267
reloadAllAccessors: .PublisherSubscriberExpression

===========================================================================================
----------------- testing Wed Jul 03 04:49:18 UTC 2019 /home/travis/build/icyphy/ptII/ptolemy/actor/lib/test/auto/PublisherSubscriberOpaque.xml
----------------- Instantiating /home/travis/build/icyphy/ptII/ptolemy/actor/lib/test/auto/PublisherSubscriberOpaque.xml
4 ms. Memory: 748544K Free: 635390K (85%)
----------------- Invoking toplevel() on ptolemy.moml.MoMLSimpleApplication@785c52f6
----------------- Done invoking toplevel() on ptolemy.moml.MoMLSimpleApplication@785c52f6
reloadAllAccessors: .PublisherSubscriberOpaque

===========================================================================================
----------------- testing Wed Jul 03 04:49:18 UTC 2019 /home/travis/build/icyphy/ptII/ptolemy/actor/lib/test/auto/PublisherSubscriberOpaqueD3.xml
----------------- Instantiating /home/travis/build/icyphy/ptII/ptolemy/actor/lib/test/auto/PublisherSubscriberOpaqueD3.xml
7 ms. Memory: 748544K Free: 624126K (83%)
----------------- Invoking toplevel() on ptolemy.moml.MoMLSimpleApplication@68d83525
----------------- Done invoking toplevel() on ptolemy.moml.MoMLSimpleApplication@68d83525
reloadAllAccessors: .PublisherSubscriberOpaqueD3

===========================================================================================
----------------- testing Wed Jul 03 04:49:18 UTC 2019 /home/travis/build/icyphy/ptII/ptolemy/actor/lib/test/auto/PublisherSubscriberOpaqueD3Reverse.xml
----------------- Instantiating /home/travis/build/icyphy/ptII/ptolemy/actor/lib/test/auto/PublisherSubscriberOpaqueD3Reverse.xml
8 ms. Memory: 748544K Free: 612862K (82%)
----------------- Invoking toplevel() on ptolemy.moml.MoMLSimpleApplication@77a1d861
----------------- Done invoking toplevel() on ptolemy.moml.MoMLSimpleApplication@77a1d861
reloadAllAccessors: .PublisherSubscriberOpaqueD3Reverse

===========================================================================================
----------------- testing Wed Jul 03 04:49:18 UTC 2019 /home/travis/build/icyphy/ptII/ptolemy/actor/lib/test/auto/PublisherSubscriberOpaqueWidthInference.xml
----------------- Instantiating /home/travis/build/icyphy/ptII/ptolemy/actor/lib/test/auto/PublisherSubscriberOpaqueWidthInference.xml
4 ms. Memory: 748544K Free: 604655K (81%)
----------------- Invoking toplevel() on ptolemy.moml.MoMLSimpleApplication@68958ab
----------------- Done invoking toplevel() on ptolemy.moml.MoMLSimpleApplication@68958ab
reloadAllAccessors: .PublisherSubscriberOpaqueWidthInference

===========================================================================================
----------------- testing Wed Jul 03 04:49:18 UTC 2019 /home/travis/build/icyphy/ptII/ptolemy/actor/lib/test/auto/PublisherTestSubscriber.xml
----------------- Instantiating /home/travis/build/icyphy/ptII/ptolemy/actor/lib/test/auto/PublisherTestSubscriber.xml
3 ms. Memory: 748544K Free: 596992K (80%)
----------------- Invoking toplevel() on ptolemy.moml.MoMLSimpleApplication@279975cd
----------------- Done invoking toplevel() on ptolemy.moml.MoMLSimpleApplication@279975cd
reloadAllAccessors: .PublisherTestSubscriber

===========================================================================================
----------------- testing Wed Jul 03 04:49:18 UTC 2019 /home/travis/build/icyphy/ptII/ptolemy/actor/lib/test/auto/PublisherToplevelSubscriberPortAOC.xml
----------------- Instantiating /home/travis/build/icyphy/ptII/ptolemy/actor/lib/test/auto/PublisherToplevelSubscriberPortAOC.xml
2 ms. Memory: 748544K Free: 590327K (79%)
----------------- Invoking toplevel() on ptolemy.moml.MoMLSimpleApplication@7b2dbd53
----------------- Done invoking toplevel() on ptolemy.moml.MoMLSimpleApplication@7b2dbd53
reloadAllAccessors: .PublisherToplevelSubscriberPortAOC

===========================================================================================
----------------- testing Wed Jul 03 04:49:18 UTC 2019 /home/travis/build/icyphy/ptII/ptolemy/actor/lib/test/auto/PulseFiringLimitDE.xml
----------------- Instantiating /home/travis/build/icyphy/ptII/ptolemy/actor/lib/test/auto/PulseFiringLimitDE.xml
2 ms. Memory: 748544K Free: 584190K (78%)
----------------- Invoking toplevel() on ptolemy.moml.MoMLSimpleApplication@7a9cc4c
----------------- Done invoking toplevel() on ptolemy.moml.MoMLSimpleApplication@7a9cc4c
reloadAllAccessors: .PulseFiringLimitDE

===========================================================================================
----------------- testing Wed Jul 03 04:49:18 UTC 2019 /home/travis/build/icyphy/ptII/ptolemy/actor/lib/test/auto/Ramp1.xml
----------------- Instantiating /home/travis/build/icyphy/ptII/ptolemy/actor/lib/test/auto/Ramp1.xml
1 ms. Memory: 748544K Free: 580079K (77%)
----------------- Invoking toplevel() on ptolemy.moml.MoMLSimpleApplication@1d661fa8
----------------- Done invoking toplevel() on ptolemy.moml.MoMLSimpleApplication@1d661fa8
reloadAllAccessors: .Ramp1

===========================================================================================
----------------- testing Wed Jul 03 04:49:18 UTC 2019 /home/travis/build/icyphy/ptII/ptolemy/actor/lib/test/auto/RampFiringLimitDE.xml
----------------- Instantiating /home/travis/build/icyphy/ptII/ptolemy/actor/lib/test/auto/RampFiringLimitDE.xml
4 ms. Memory: 748544K Free: 573935K (77%)
----------------- Invoking toplevel() on ptolemy.moml.MoMLSimpleApplication@68e48d13
----------------- Done invoking toplevel() on ptolemy.moml.MoMLSimpleApplication@68e48d13
reloadAllAccessors: .RampFiringLimitDE

===========================================================================================
----------------- testing Wed Jul 03 04:49:18 UTC 2019 /home/travis/build/icyphy/ptII/ptolemy/actor/lib/test/auto/RampFiringLimitSDF.xml
----------------- Instantiating /home/travis/build/icyphy/ptII/ptolemy/actor/lib/test/auto/RampFiringLimitSDF.xml
2 ms. Memory: 748544K Free: 568799K (76%)
----------------- Invoking toplevel() on ptolemy.moml.MoMLSimpleApplication@1a420f2f
----------------- Done invoking toplevel() on ptolemy.moml.MoMLSimpleApplication@1a420f2f
reloadAllAccessors: .RampFiringLimitSDF

===========================================================================================
----------------- testing Wed Jul 03 04:49:18 UTC 2019 /home/travis/build/icyphy/ptII/ptolemy/actor/lib/test/auto/RandomInteger.xml
----------------- Instantiating /home/travis/build/icyphy/ptII/ptolemy/actor/lib/test/auto/RandomInteger.xml
1 ms. Memory: 748544K Free: 564224K (75%)
----------------- Invoking toplevel() on ptolemy.moml.MoMLSimpleApplication@55067ab
----------------- Done invoking toplevel() on ptolemy.moml.MoMLSimpleApplication@55067ab
reloadAllAccessors: .RandomInteger

===========================================================================================
----------------- testing Wed Jul 03 04:49:18 UTC 2019 /home/travis/build/icyphy/ptII/ptolemy/actor/lib/test/auto/ReadFile1.xml
----------------- Instantiating /home/travis/build/icyphy/ptII/ptolemy/actor/lib/test/auto/ReadFile1.xml
1 ms. Memory: 748544K Free: 559607K (75%)
----------------- Invoking toplevel() on ptolemy.moml.MoMLSimpleApplication@208d6cc1
----------------- Done invoking toplevel() on ptolemy.moml.MoMLSimpleApplication@208d6cc1
reloadAllAccessors: .ReadFile1

===========================================================================================
----------------- testing Wed Jul 03 04:49:18 UTC 2019 /home/travis/build/icyphy/ptII/ptolemy/actor/lib/test/auto/ReadFile2.xml
----------------- Instantiating /home/travis/build/icyphy/ptII/ptolemy/actor/lib/test/auto/ReadFile2.xml
1 ms. Memory: 748544K Free: 555518K (74%)
----------------- Invoking toplevel() on ptolemy.moml.MoMLSimpleApplication@511782af
----------------- Done invoking toplevel() on ptolemy.moml.MoMLSimpleApplication@511782af
reloadAllAccessors: .ReadFile2

===========================================================================================
----------------- testing Wed Jul 03 04:49:18 UTC 2019 /home/travis/build/icyphy/ptII/ptolemy/actor/lib/test/auto/Reader.xml
----------------- Instantiating /home/travis/build/icyphy/ptII/ptolemy/actor/lib/test/auto/Reader.xml
actor.lib.Reader is obsolete, use actor.lib.io.ExpressionReader instead
4 ms. Memory: 748544K Free: 551422K (74%)
----------------- Invoking toplevel() on ptolemy.moml.MoMLSimpleApplication@26bea307
----------------- Done invoking toplevel() on ptolemy.moml.MoMLSimpleApplication@26bea307
reloadAllAccessors: .Reader

===========================================================================================
----------------- testing Wed Jul 03 04:49:18 UTC 2019 /home/travis/build/icyphy/ptII/ptolemy/actor/lib/test/auto/RecordAssemblerDisplayNameTest.xml
----------------- Instantiating /home/travis/build/icyphy/ptII/ptolemy/actor/lib/test/auto/RecordAssemblerDisplayNameTest.xml
3840 ms. Memory: 748544K Free: 668672K (89%)
----------------- Invoking toplevel() on ptolemy.moml.MoMLSimpleApplication@593f3dd5
----------------- Done invoking toplevel() on ptolemy.moml.MoMLSimpleApplication@593f3dd5
reloadAllAccessors: .RecordAssemblerDisplayNameTest

===========================================================================================
----------------- testing Wed Jul 03 04:49:22 UTC 2019 /home/travis/build/icyphy/ptII/ptolemy/actor/lib/test/auto/RecordAssemblerTypeError.xml
----------------- Instantiating /home/travis/build/icyphy/ptII/ptolemy/actor/lib/test/auto/RecordAssemblerTypeError.xml
19 ms. Memory: 748544K Free: 658942K (88%)
----------------- Invoking toplevel() on ptolemy.moml.MoMLSimpleApplication@3c2c82de
----------------- Done invoking toplevel() on ptolemy.moml.MoMLSimpleApplication@3c2c82de
reloadAllAccessors: .RecordAssemblerTypeError

===========================================================================================
----------------- testing Wed Jul 03 04:49:22 UTC 2019 /home/travis/build/icyphy/ptII/ptolemy/actor/lib/test/auto/RecordDisassember.xml
----------------- Instantiating /home/travis/build/icyphy/ptII/ptolemy/actor/lib/test/auto/RecordDisassember.xml
3 ms. Memory: 748544K Free: 654336K (87%)
----------------- Invoking toplevel() on ptolemy.moml.MoMLSimpleApplication@70eb2231
----------------- Done invoking toplevel() on ptolemy.moml.MoMLSimpleApplication@70eb2231
reloadAllAccessors: .RecordDisassember

===========================================================================================
----------------- testing Wed Jul 03 04:49:22 UTC 2019 /home/travis/build/icyphy/ptII/ptolemy/actor/lib/test/auto/RecordDisassemberDisplayNameTest.xml
----------------- Instantiating /home/travis/build/icyphy/ptII/ptolemy/actor/lib/test/auto/RecordDisassemberDisplayNameTest.xml
5 ms. Memory: 748544K Free: 646654K (86%)
----------------- Invoking toplevel() on ptolemy.moml.MoMLSimpleApplication@28fd72be
----------------- Done invoking toplevel() on ptolemy.moml.MoMLSimpleApplication@28fd72be
reloadAllAccessors: .RecordDisassemberDisplayNameTest

===========================================================================================
----------------- testing Wed Jul 03 04:49:22 UTC 2019 /home/travis/build/icyphy/ptII/ptolemy/actor/lib/test/auto/RecordDisassembler.xml
----------------- Instantiating /home/travis/build/icyphy/ptII/ptolemy/actor/lib/test/auto/RecordDisassembler.xml
3 ms. Memory: 748544K Free: 641503K (86%)
----------------- Invoking toplevel() on ptolemy.moml.MoMLSimpleApplication@3cab8e61
----------------- Done invoking toplevel() on ptolemy.moml.MoMLSimpleApplication@3cab8e61
reloadAllAccessors: .RecordDisassembler

===========================================================================================
----------------- testing Wed Jul 03 04:49:22 UTC 2019 /home/travis/build/icyphy/ptII/ptolemy/actor/lib/test/auto/RecordDisassembler2.xml
----------------- Instantiating /home/travis/build/icyphy/ptII/ptolemy/actor/lib/test/auto/RecordDisassembler2.xml
2 ms. Memory: 748544K Free: 635904K (85%)
----------------- Invoking toplevel() on ptolemy.moml.MoMLSimpleApplication@463269a6
----------------- Done invoking toplevel() on ptolemy.moml.MoMLSimpleApplication@463269a6
reloadAllAccessors: .RecordDisassembler2

===========================================================================================
----------------- testing Wed Jul 03 04:49:22 UTC 2019 /home/travis/build/icyphy/ptII/ptolemy/actor/lib/test/auto/RecordUpdater.xml
----------------- Instantiating /home/travis/build/icyphy/ptII/ptolemy/actor/lib/test/auto/RecordUpdater.xml
2 ms. Memory: 748544K Free: 630784K (84%)
----------------- Invoking toplevel() on ptolemy.moml.MoMLSimpleApplication@315c2c7a
----------------- Done invoking toplevel() on ptolemy.moml.MoMLSimpleApplication@315c2c7a
reloadAllAccessors: .RecordUpdater

===========================================================================================
----------------- testing Wed Jul 03 04:49:22 UTC 2019 /home/travis/build/icyphy/ptII/ptolemy/actor/lib/test/auto/RecordUpdater2.xml
----------------- Instantiating /home/travis/build/icyphy/ptII/ptolemy/actor/lib/test/auto/RecordUpdater2.xml
2 ms. Memory: 748544K Free: 626174K (84%)
----------------- Invoking toplevel() on ptolemy.moml.MoMLSimpleApplication@6a2f18b1
----------------- Done invoking toplevel() on ptolemy.moml.MoMLSimpleApplication@6a2f18b1
reloadAllAccessors: .RecordUpdater2

===========================================================================================
----------------- testing Wed Jul 03 04:49:22 UTC 2019 /home/travis/build/icyphy/ptII/ptolemy/actor/lib/test/auto/RecursiveLattice.xml
----------------- Instantiating /home/travis/build/icyphy/ptII/ptolemy/actor/lib/test/auto/RecursiveLattice.xml
2 ms. Memory: 748544K Free: 622078K (83%)
----------------- Invoking toplevel() on ptolemy.moml.MoMLSimpleApplication@61a8cc49
----------------- Done invoking toplevel() on ptolemy.moml.MoMLSimpleApplication@61a8cc49
reloadAllAccessors: .RecursiveLattice

===========================================================================================
----------------- testing Wed Jul 03 04:49:22 UTC 2019 /home/travis/build/icyphy/ptII/ptolemy/actor/lib/test/auto/Router.xml
----------------- Instantiating /home/travis/build/icyphy/ptII/ptolemy/actor/lib/test/auto/Router.xml
3004 ms. Memory: 748544K Free: 611328K (82%)
----------------- Invoking toplevel() on ptolemy.moml.MoMLSimpleApplication@20121659
----------------- Done invoking toplevel() on ptolemy.moml.MoMLSimpleApplication@20121659
reloadAllAccessors: .Router

===========================================================================================
----------------- testing Wed Jul 03 04:49:25 UTC 2019 /home/travis/build/icyphy/ptII/ptolemy/actor/lib/test/auto/Router2.xml
----------------- Instantiating /home/travis/build/icyphy/ptII/ptolemy/actor/lib/test/auto/Router2.xml
3004 ms. Memory: 748544K Free: 600574K (80%)
----------------- Invoking toplevel() on ptolemy.moml.MoMLSimpleApplication@7c3d5fc0
----------------- Done invoking toplevel() on ptolemy.moml.MoMLSimpleApplication@7c3d5fc0
reloadAllAccessors: .Router2

===========================================================================================
----------------- testing Wed Jul 03 04:49:28 UTC 2019 /home/travis/build/icyphy/ptII/ptolemy/actor/lib/test/auto/RunningMaximum.xml
----------------- Instantiating /home/travis/build/icyphy/ptII/ptolemy/actor/lib/test/auto/RunningMaximum.xml
2 ms. Memory: 748544K Free: 595968K (80%)
----------------- Invoking toplevel() on ptolemy.moml.MoMLSimpleApplication@312cec9
----------------- Done invoking toplevel() on ptolemy.moml.MoMLSimpleApplication@312cec9
reloadAllAccessors: .RunningMaximum

===========================================================================================
----------------- testing Wed Jul 03 04:49:28 UTC 2019 /home/travis/build/icyphy/ptII/ptolemy/actor/lib/test/auto/RunningMinimum.xml
----------------- Instantiating /home/travis/build/icyphy/ptII/ptolemy/actor/lib/test/auto/RunningMinimum.xml
1 ms. Memory: 748544K Free: 591358K (79%)
----------------- Invoking toplevel() on ptolemy.moml.MoMLSimpleApplication@8c0fe39
----------------- Done invoking toplevel() on ptolemy.moml.MoMLSimpleApplication@8c0fe39
reloadAllAccessors: .RunningMinimum

===========================================================================================
----------------- testing Wed Jul 03 04:49:28 UTC 2019 /home/travis/build/icyphy/ptII/ptolemy/actor/lib/test/auto/Scale.xml
----------------- Instantiating /home/travis/build/icyphy/ptII/ptolemy/actor/lib/test/auto/Scale.xml
2 ms. Memory: 748544K Free: 586752K (78%)
----------------- Invoking toplevel() on ptolemy.moml.MoMLSimpleApplication@5c8b36d4
----------------- Done invoking toplevel() on ptolemy.moml.MoMLSimpleApplication@5c8b36d4
reloadAllAccessors: .Scale

===========================================================================================
----------------- testing Wed Jul 03 04:49:28 UTC 2019 /home/travis/build/icyphy/ptII/ptolemy/actor/lib/test/auto/Scale2.xml
----------------- Instantiating /home/travis/build/icyphy/ptII/ptolemy/actor/lib/test/auto/Scale2.xml
1 ms. Memory: 748544K Free: 582142K (78%)
----------------- Invoking toplevel() on ptolemy.moml.MoMLSimpleApplication@5bdd5f65
----------------- Done invoking toplevel() on ptolemy.moml.MoMLSimpleApplication@5bdd5f65
reloadAllAccessors: .Scale2

===========================================================================================
----------------- testing Wed Jul 03 04:49:28 UTC 2019 /home/travis/build/icyphy/ptII/ptolemy/actor/lib/test/auto/Scale3.xml
----------------- Instantiating /home/travis/build/icyphy/ptII/ptolemy/actor/lib/test/auto/Scale3.xml
7 ms. Memory: 748544K Free: 575488K (77%)
----------------- Invoking toplevel() on ptolemy.moml.MoMLSimpleApplication@654f183a
----------------- Done invoking toplevel() on ptolemy.moml.MoMLSimpleApplication@654f183a
reloadAllAccessors: .Scale3

===========================================================================================
----------------- testing Wed Jul 03 04:49:28 UTC 2019 /home/travis/build/icyphy/ptII/ptolemy/actor/lib/test/auto/ScaleArray.xml
----------------- Instantiating /home/travis/build/icyphy/ptII/ptolemy/actor/lib/test/auto/ScaleArray.xml
2 ms. Memory: 748544K Free: 570368K (76%)
----------------- Invoking toplevel() on ptolemy.moml.MoMLSimpleApplication@24f05e7
----------------- Done invoking toplevel() on ptolemy.moml.MoMLSimpleApplication@24f05e7
reloadAllAccessors: .ScaleArray

===========================================================================================
----------------- testing Wed Jul 03 04:49:28 UTC 2019 /home/travis/build/icyphy/ptII/ptolemy/actor/lib/test/auto/ScaleArray2.xml
----------------- Instantiating /home/travis/build/icyphy/ptII/ptolemy/actor/lib/test/auto/ScaleArray2.xml
1 ms. Memory: 748544K Free: 565758K (76%)
----------------- Invoking toplevel() on ptolemy.moml.MoMLSimpleApplication@e0c2643
----------------- Done invoking toplevel() on ptolemy.moml.MoMLSimpleApplication@e0c2643
reloadAllAccessors: .ScaleArray2

===========================================================================================
----------------- testing Wed Jul 03 04:49:28 UTC 2019 /home/travis/build/icyphy/ptII/ptolemy/actor/lib/test/auto/ScaleMatrix.xml
----------------- Instantiating /home/travis/build/icyphy/ptII/ptolemy/actor/lib/test/auto/ScaleMatrix.xml
179 ms. Memory: 748544K Free: 549888K (73%)
----------------- Invoking toplevel() on ptolemy.moml.MoMLSimpleApplication@399dca24
----------------- Done invoking toplevel() on ptolemy.moml.MoMLSimpleApplication@399dca24
reloadAllAccessors: .ScaleMatrix

===========================================================================================
----------------- testing Wed Jul 03 04:49:29 UTC 2019 /home/travis/build/icyphy/ptII/ptolemy/actor/lib/test/auto/Select.xml
----------------- Instantiating /home/travis/build/icyphy/ptII/ptolemy/actor/lib/test/auto/Select.xml
3 ms. Memory: 748544K Free: 543744K (73%)
----------------- Invoking toplevel() on ptolemy.moml.MoMLSimpleApplication@4546c129
----------------- Done invoking toplevel() on ptolemy.moml.MoMLSimpleApplication@4546c129
reloadAllAccessors: .Select

===========================================================================================
----------------- testing Wed Jul 03 04:49:29 UTC 2019 /home/travis/build/icyphy/ptII/ptolemy/actor/lib/test/auto/Select2.xml
----------------- Instantiating /home/travis/build/icyphy/ptII/ptolemy/actor/lib/test/auto/Select2.xml
0 ms. Memory: 748544K Free: 539134K (72%)
----------------- Invoking toplevel() on ptolemy.moml.MoMLSimpleApplication@4785eb5b
----------------- Done invoking toplevel() on ptolemy.moml.MoMLSimpleApplication@4785eb5b
reloadAllAccessors: .Select2

===========================================================================================
----------------- testing Wed Jul 03 04:49:29 UTC 2019 /home/travis/build/icyphy/ptII/ptolemy/actor/lib/test/auto/SequenceToArray2.xml
----------------- Instantiating /home/travis/build/icyphy/ptII/ptolemy/actor/lib/test/auto/SequenceToArray2.xml
93 ms. Memory: 748544K Free: 515072K (69%)
----------------- Invoking toplevel() on ptolemy.moml.MoMLSimpleApplication@4f68c637
----------------- Done invoking toplevel() on ptolemy.moml.MoMLSimpleApplication@4f68c637
reloadAllAccessors: .SequenceToArray2

===========================================================================================
----------------- testing Wed Jul 03 04:49:29 UTC 2019 /home/travis/build/icyphy/ptII/ptolemy/actor/lib/test/auto/SequentialClock.xml
----------------- Instantiating /home/travis/build/icyphy/ptII/ptolemy/actor/lib/test/auto/SequentialClock.xml
2 ms. Memory: 748544K Free: 510976K (68%)
----------------- Invoking toplevel() on ptolemy.moml.MoMLSimpleApplication@27cefea
----------------- Done invoking toplevel() on ptolemy.moml.MoMLSimpleApplication@27cefea
reloadAllAccessors: .SequentialClock

===========================================================================================
----------------- testing Wed Jul 03 04:49:29 UTC 2019 /home/travis/build/icyphy/ptII/ptolemy/actor/lib/test/auto/SetVariable.xml
----------------- Instantiating /home/travis/build/icyphy/ptII/ptolemy/actor/lib/test/auto/SetVariable.xml
5 ms. Memory: 748544K Free: 506366K (68%)
----------------- Invoking toplevel() on ptolemy.moml.MoMLSimpleApplication@1cd89a86
----------------- Done invoking toplevel() on ptolemy.moml.MoMLSimpleApplication@1cd89a86
reloadAllAccessors: .SetVariable

===========================================================================================
----------------- testing Wed Jul 03 04:49:29 UTC 2019 /home/travis/build/icyphy/ptII/ptolemy/actor/lib/test/auto/SetVariable2.xml
----------------- Instantiating /home/travis/build/icyphy/ptII/ptolemy/actor/lib/test/auto/SetVariable2.xml
2 ms. Memory: 748544K Free: 500736K (67%)
----------------- Invoking toplevel() on ptolemy.moml.MoMLSimpleApplication@31c0769e
----------------- Done invoking toplevel() on ptolemy.moml.MoMLSimpleApplication@31c0769e
reloadAllAccessors: .SetVariable2

===========================================================================================
----------------- testing Wed Jul 03 04:49:29 UTC 2019 /home/travis/build/icyphy/ptII/ptolemy/actor/lib/test/auto/SetVariable3.xml
----------------- Instantiating /home/travis/build/icyphy/ptII/ptolemy/actor/lib/test/auto/SetVariable3.xml
6 ms. Memory: 748544K Free: 495616K (66%)
----------------- Invoking toplevel() on ptolemy.moml.MoMLSimpleApplication@386f17b0
----------------- Done invoking toplevel() on ptolemy.moml.MoMLSimpleApplication@386f17b0
reloadAllAccessors: .SetVariable3

===========================================================================================
----------------- testing Wed Jul 03 04:49:29 UTC 2019 /home/travis/build/icyphy/ptII/ptolemy/actor/lib/test/auto/SetVariable4.xml
----------------- Instantiating /home/travis/build/icyphy/ptII/ptolemy/actor/lib/test/auto/SetVariable4.xml
12 ms. Memory: 748544K Free: 486400K (65%)
----------------- Invoking toplevel() on ptolemy.moml.MoMLSimpleApplication@295f9179
----------------- Done invoking toplevel() on ptolemy.moml.MoMLSimpleApplication@295f9179
reloadAllAccessors: .SetVariable4

===========================================================================================
----------------- testing Wed Jul 03 04:49:29 UTC 2019 /home/travis/build/icyphy/ptII/ptolemy/actor/lib/test/auto/SetVariable5.xml
----------------- Instantiating /home/travis/build/icyphy/ptII/ptolemy/actor/lib/test/auto/SetVariable5.xml
22 ms. Memory: 748544K Free: 477184K (64%)
----------------- Invoking toplevel() on ptolemy.moml.MoMLSimpleApplication@4075a3b6
----------------- Done invoking toplevel() on ptolemy.moml.MoMLSimpleApplication@4075a3b6
reloadAllAccessors: .SetVariable5

===========================================================================================
----------------- testing Wed Jul 03 04:49:29 UTC 2019 /home/travis/build/icyphy/ptII/ptolemy/actor/lib/test/auto/Sinewave.xml
----------------- Instantiating /home/travis/build/icyphy/ptII/ptolemy/actor/lib/test/auto/Sinewave.xml
8 ms. Memory: 748544K Free: 466944K (62%)
----------------- Invoking toplevel() on ptolemy.moml.MoMLSimpleApplication@4e33092f
----------------- Done invoking toplevel() on ptolemy.moml.MoMLSimpleApplication@4e33092f
reloadAllAccessors: .Sinewave

===========================================================================================
----------------- testing Wed Jul 03 04:49:29 UTC 2019 /home/travis/build/icyphy/ptII/ptolemy/actor/lib/test/auto/Sinewave2.xml
----------------- Instantiating /home/travis/build/icyphy/ptII/ptolemy/actor/lib/test/auto/Sinewave2.xml
7 ms. Memory: 748544K Free: 458752K (61%)
----------------- Invoking toplevel() on ptolemy.moml.MoMLSimpleApplication@675c04b1
----------------- Done invoking toplevel() on ptolemy.moml.MoMLSimpleApplication@675c04b1
reloadAllAccessors: .Sinewave2

===========================================================================================
----------------- testing Wed Jul 03 04:49:29 UTC 2019 /home/travis/build/icyphy/ptII/ptolemy/actor/lib/test/auto/Sinewave3.xml
----------------- Instantiating /home/travis/build/icyphy/ptII/ptolemy/actor/lib/test/auto/Sinewave3.xml
9 ms. Memory: 748544K Free: 450560K (60%)
----------------- Invoking toplevel() on ptolemy.moml.MoMLSimpleApplication@1706ea19
----------------- Done invoking toplevel() on ptolemy.moml.MoMLSimpleApplication@1706ea19
reloadAllAccessors: .Sinewave3

===========================================================================================
----------------- testing Wed Jul 03 04:49:29 UTC 2019 /home/travis/build/icyphy/ptII/ptolemy/actor/lib/test/auto/SingleEvent.xml
----------------- Instantiating /home/travis/build/icyphy/ptII/ptolemy/actor/lib/test/auto/SingleEvent.xml
1 ms. Memory: 748544K Free: 446464K (60%)
----------------- Invoking toplevel() on ptolemy.moml.MoMLSimpleApplication@25ce7044
----------------- Done invoking toplevel() on ptolemy.moml.MoMLSimpleApplication@25ce7044
reloadAllAccessors: .SingleEvent

===========================================================================================
----------------- testing Wed Jul 03 04:49:29 UTC 2019 /home/travis/build/icyphy/ptII/ptolemy/actor/lib/test/auto/Sleep.xml
----------------- Instantiating /home/travis/build/icyphy/ptII/ptolemy/actor/lib/test/auto/Sleep.xml
6004 ms. Memory: 748544K Free: 440799K (59%)
----------------- Invoking toplevel() on ptolemy.moml.MoMLSimpleApplication@380ae4e7
----------------- Done invoking toplevel() on ptolemy.moml.MoMLSimpleApplication@380ae4e7
reloadAllAccessors: .Sleep

===========================================================================================
----------------- testing Wed Jul 03 04:49:35 UTC 2019 /home/travis/build/icyphy/ptII/ptolemy/actor/lib/test/auto/SleepMultipleFire.xml
----------------- Instantiating /home/travis/build/icyphy/ptII/ptolemy/actor/lib/test/auto/SleepMultipleFire.xml
1005 ms. Memory: 748544K Free: 435200K (58%)
----------------- Invoking toplevel() on ptolemy.moml.MoMLSimpleApplication@31e27356
----------------- Done invoking toplevel() on ptolemy.moml.MoMLSimpleApplication@31e27356
reloadAllAccessors: .SleepMultipleFire

===========================================================================================
----------------- testing Wed Jul 03 04:49:36 UTC 2019 /home/travis/build/icyphy/ptII/ptolemy/actor/lib/test/auto/StopDE.xml
----------------- Instantiating /home/travis/build/icyphy/ptII/ptolemy/actor/lib/test/auto/StopDE.xml
6 ms. Memory: 748544K Free: 429566K (57%)
----------------- Invoking toplevel() on ptolemy.moml.MoMLSimpleApplication@768019b3
----------------- Done invoking toplevel() on ptolemy.moml.MoMLSimpleApplication@768019b3
reloadAllAccessors: .StopDE

===========================================================================================
----------------- testing Wed Jul 03 04:49:36 UTC 2019 /home/travis/build/icyphy/ptII/ptolemy/actor/lib/test/auto/StopSDF.xml
----------------- Instantiating /home/travis/build/icyphy/ptII/ptolemy/actor/lib/test/auto/StopSDF.xml
2 ms. Memory: 748544K Free: 424446K (57%)
----------------- Invoking toplevel() on ptolemy.moml.MoMLSimpleApplication@2e60b560
----------------- Done invoking toplevel() on ptolemy.moml.MoMLSimpleApplication@2e60b560
reloadAllAccessors: .StopSDF

===========================================================================================
----------------- testing Wed Jul 03 04:49:36 UTC 2019 /home/travis/build/icyphy/ptII/ptolemy/actor/lib/test/auto/StringConstant.xml
----------------- Instantiating /home/travis/build/icyphy/ptII/ptolemy/actor/lib/test/auto/StringConstant.xml
10 ms. Memory: 748544K Free: 420350K (56%)
----------------- Invoking toplevel() on ptolemy.moml.MoMLSimpleApplication@3484494f
----------------- Done invoking toplevel() on ptolemy.moml.MoMLSimpleApplication@3484494f
reloadAllAccessors: .StringConstant

===========================================================================================
----------------- testing Wed Jul 03 04:49:36 UTC 2019 /home/travis/build/icyphy/ptII/ptolemy/actor/lib/test/auto/SubscriberPortInitialValues1.xml
----------------- Instantiating /home/travis/build/icyphy/ptII/ptolemy/actor/lib/test/auto/SubscriberPortInitialValues1.xml
7 ms. Memory: 748544K Free: 411134K (55%)
----------------- Invoking toplevel() on ptolemy.moml.MoMLSimpleApplication@71fed8f8
----------------- Done invoking toplevel() on ptolemy.moml.MoMLSimpleApplication@71fed8f8
reloadAllAccessors: .SubscriberPortInitialValues1

===========================================================================================
----------------- testing Wed Jul 03 04:49:36 UTC 2019 /home/travis/build/icyphy/ptII/ptolemy/actor/lib/test/auto/SubscriberPortInitialValues13.xml
----------------- Instantiating /home/travis/build/icyphy/ptII/ptolemy/actor/lib/test/auto/SubscriberPortInitialValues13.xml
4 ms. Memory: 748544K Free: 397822K (53%)
----------------- Invoking toplevel() on ptolemy.moml.MoMLSimpleApplication@4a5a5087
----------------- Done invoking toplevel() on ptolemy.moml.MoMLSimpleApplication@4a5a5087
reloadAllAccessors: .SubscriberPortInitialValues13

===========================================================================================
----------------- testing Wed Jul 03 04:49:36 UTC 2019 /home/travis/build/icyphy/ptII/ptolemy/actor/lib/test/auto/SubscriberPortInitialValues14.xml
----------------- Instantiating /home/travis/build/icyphy/ptII/ptolemy/actor/lib/test/auto/SubscriberPortInitialValues14.xml
4 ms. Memory: 748544K Free: 390144K (52%)
----------------- Invoking toplevel() on ptolemy.moml.MoMLSimpleApplication@3239505a
----------------- Done invoking toplevel() on ptolemy.moml.MoMLSimpleApplication@3239505a
reloadAllAccessors: .SubscriberPortInitialValues14

===========================================================================================
----------------- testing Wed Jul 03 04:49:36 UTC 2019 /home/travis/build/icyphy/ptII/ptolemy/actor/lib/test/auto/SubscriberPortInitialValues2.xml
----------------- Instantiating /home/travis/build/icyphy/ptII/ptolemy/actor/lib/test/auto/SubscriberPortInitialValues2.xml
11 ms. Memory: 748544K Free: 382462K (51%)
----------------- Invoking toplevel() on ptolemy.moml.MoMLSimpleApplication@5314a286
----------------- Done invoking toplevel() on ptolemy.moml.MoMLSimpleApplication@5314a286
reloadAllAccessors: .SubscriberPortInitialValues2

===========================================================================================
----------------- testing Wed Jul 03 04:49:36 UTC 2019 /home/travis/build/icyphy/ptII/ptolemy/actor/lib/test/auto/SubscriberPortInitialValues3.xml
----------------- Instantiating /home/travis/build/icyphy/ptII/ptolemy/actor/lib/test/auto/SubscriberPortInitialValues3.xml
4 ms. Memory: 748544K Free: 371712K (50%)
----------------- Invoking toplevel() on ptolemy.moml.MoMLSimpleApplication@748ac0cb
----------------- Done invoking toplevel() on ptolemy.moml.MoMLSimpleApplication@748ac0cb
reloadAllAccessors: .SubscriberPortInitialValues3

===========================================================================================
----------------- testing Wed Jul 03 04:49:36 UTC 2019 /home/travis/build/icyphy/ptII/ptolemy/actor/lib/test/auto/SubscriptionAggregator.xml
----------------- Instantiating /home/travis/build/icyphy/ptII/ptolemy/actor/lib/test/auto/SubscriptionAggregator.xml
7 ms. Memory: 748544K Free: 364544K (49%)
----------------- Invoking toplevel() on ptolemy.moml.MoMLSimpleApplication@4685524e
----------------- Done invoking toplevel() on ptolemy.moml.MoMLSimpleApplication@4685524e
reloadAllAccessors: .SubscriptionAggregator

===========================================================================================
----------------- testing Wed Jul 03 04:49:36 UTC 2019 /home/travis/build/icyphy/ptII/ptolemy/actor/lib/test/auto/SubscriptionAggregator2.xml
----------------- Instantiating /home/travis/build/icyphy/ptII/ptolemy/actor/lib/test/auto/SubscriptionAggregator2.xml
3 ms. Memory: 748544K Free: 356855K (48%)
----------------- Invoking toplevel() on ptolemy.moml.MoMLSimpleApplication@d524414
----------------- Done invoking toplevel() on ptolemy.moml.MoMLSimpleApplication@d524414
reloadAllAccessors: .SubscriptionAggregator2

===========================================================================================
----------------- testing Wed Jul 03 04:49:36 UTC 2019 /home/travis/build/icyphy/ptII/ptolemy/actor/lib/test/auto/SubscriptionAggregator3.xml
----------------- Instantiating /home/travis/build/icyphy/ptII/ptolemy/actor/lib/test/auto/SubscriptionAggregator3.xml
3 ms. Memory: 748544K Free: 348160K (47%)
----------------- Invoking toplevel() on ptolemy.moml.MoMLSimpleApplication@5e681608
----------------- Done invoking toplevel() on ptolemy.moml.MoMLSimpleApplication@5e681608
reloadAllAccessors: .SubscriptionAggregator3

===========================================================================================
----------------- testing Wed Jul 03 04:49:36 UTC 2019 /home/travis/build/icyphy/ptII/ptolemy/actor/lib/test/auto/SubscriptionAggregatorMultiply.xml
----------------- Instantiating /home/travis/build/icyphy/ptII/ptolemy/actor/lib/test/auto/SubscriptionAggregatorMultiply.xml
11 ms. Memory: 748544K Free: 339454K (45%)
----------------- Invoking toplevel() on ptolemy.moml.MoMLSimpleApplication@688098c4
----------------- Done invoking toplevel() on ptolemy.moml.MoMLSimpleApplication@688098c4
reloadAllAccessors: .SubscriptionAggregatorMultiply

===========================================================================================
----------------- testing Wed Jul 03 04:49:36 UTC 2019 /home/travis/build/icyphy/ptII/ptolemy/actor/lib/test/auto/SubscriptionAggregatorPortMultiply1.xml
----------------- Instantiating /home/travis/build/icyphy/ptII/ptolemy/actor/lib/test/auto/SubscriptionAggregatorPortMultiply1.xml
4 ms. Memory: 748544K Free: 331262K (44%)
----------------- Invoking toplevel() on ptolemy.moml.MoMLSimpleApplication@16c97ce7
----------------- Done invoking toplevel() on ptolemy.moml.MoMLSimpleApplication@16c97ce7
reloadAllAccessors: .SubscriptionAggregatorPortMultiply1

===========================================================================================
----------------- testing Wed Jul 03 04:49:36 UTC 2019 /home/travis/build/icyphy/ptII/ptolemy/actor/lib/test/auto/Switch.xml
----------------- Instantiating /home/travis/build/icyphy/ptII/ptolemy/actor/lib/test/auto/Switch.xml
8 ms. Memory: 748544K Free: 323070K (43%)
----------------- Invoking toplevel() on ptolemy.moml.MoMLSimpleApplication@6b88bde
----------------- Done invoking toplevel() on ptolemy.moml.MoMLSimpleApplication@6b88bde
reloadAllAccessors: .Switch

===========================================================================================
----------------- testing Wed Jul 03 04:49:36 UTC 2019 /home/travis/build/icyphy/ptII/ptolemy/actor/lib/test/auto/Switch2.xml
----------------- Instantiating /home/travis/build/icyphy/ptII/ptolemy/actor/lib/test/auto/Switch2.xml
1 ms. Memory: 748544K Free: 317950K (42%)
----------------- Invoking toplevel() on ptolemy.moml.MoMLSimpleApplication@160cb681
----------------- Done invoking toplevel() on ptolemy.moml.MoMLSimpleApplication@160cb681
reloadAllAccessors: .Switch2

===========================================================================================
----------------- testing Wed Jul 03 04:49:36 UTC 2019 /home/travis/build/icyphy/ptII/ptolemy/actor/lib/test/auto/SwitchDE.xml
----------------- Instantiating /home/travis/build/icyphy/ptII/ptolemy/actor/lib/test/auto/SwitchDE.xml
4 ms. Memory: 748544K Free: 311791K (42%)
----------------- Invoking toplevel() on ptolemy.moml.MoMLSimpleApplication@79caac60
----------------- Done invoking toplevel() on ptolemy.moml.MoMLSimpleApplication@79caac60
reloadAllAccessors: .SwitchDE

===========================================================================================
----------------- testing Wed Jul 03 04:49:36 UTC 2019 /home/travis/build/icyphy/ptII/ptolemy/actor/lib/test/auto/SynchronizerDE.xml
----------------- Instantiating /home/travis/build/icyphy/ptII/ptolemy/actor/lib/test/auto/SynchronizerDE.xml
7 ms. Memory: 748544K Free: 303599K (41%)
----------------- Invoking toplevel() on ptolemy.moml.MoMLSimpleApplication@273727c6
----------------- Done invoking toplevel() on ptolemy.moml.MoMLSimpleApplication@273727c6
reloadAllAccessors: .SynchronizerDE

===========================================================================================
----------------- testing Wed Jul 03 04:49:36 UTC 2019 /home/travis/build/icyphy/ptII/ptolemy/actor/lib/test/auto/Test.xml
----------------- Instantiating /home/travis/build/icyphy/ptII/ptolemy/actor/lib/test/auto/Test.xml
1 ms. Memory: 748544K Free: 298479K (40%)
----------------- Invoking toplevel() on ptolemy.moml.MoMLSimpleApplication@269798b
----------------- Done invoking toplevel() on ptolemy.moml.MoMLSimpleApplication@269798b
reloadAllAccessors: .Test

===========================================================================================
----------------- testing Wed Jul 03 04:49:36 UTC 2019 /home/travis/build/icyphy/ptII/ptolemy/actor/lib/test/auto/TestExceptionAttribute1.xml
----------------- Instantiating /home/travis/build/icyphy/ptII/ptolemy/actor/lib/test/auto/TestExceptionAttribute1.xml
1 ms. Memory: 748544K Free: 294912K (39%)
----------------- Invoking toplevel() on ptolemy.moml.MoMLSimpleApplication@1b8ec703
----------------- Done invoking toplevel() on ptolemy.moml.MoMLSimpleApplication@1b8ec703
reloadAllAccessors: .TestExceptionAttribute1

===========================================================================================
----------------- testing Wed Jul 03 04:49:36 UTC 2019 /home/travis/build/icyphy/ptII/ptolemy/actor/lib/test/auto/TestExceptionAttribute2.xml
----------------- Instantiating /home/travis/build/icyphy/ptII/ptolemy/actor/lib/test/auto/TestExceptionAttribute2.xml
2 ms. Memory: 748544K Free: 290816K (39%)
----------------- Invoking toplevel() on ptolemy.moml.MoMLSimpleApplication@42712e32
----------------- Done invoking toplevel() on ptolemy.moml.MoMLSimpleApplication@42712e32
reloadAllAccessors: .TestExceptionAttribute2

===========================================================================================
----------------- testing Wed Jul 03 04:49:36 UTC 2019 /home/travis/build/icyphy/ptII/ptolemy/actor/lib/test/auto/TestExceptionAttribute3.xml
----------------- Instantiating /home/travis/build/icyphy/ptII/ptolemy/actor/lib/test/auto/TestExceptionAttribute3.xml
.TestExceptionAttribute3.TestExceptionAttribute: initialize() was not invoked, but wrapup() was.  This is unusual, but not always a problem.  For example, exporting JNLP will do this.
1 ms. Memory: 748544K Free: 287230K (38%)
----------------- Invoking toplevel() on ptolemy.moml.MoMLSimpleApplication@5f0683c8
----------------- Done invoking toplevel() on ptolemy.moml.MoMLSimpleApplication@5f0683c8
reloadAllAccessors: .TestExceptionAttribute3

===========================================================================================
----------------- testing Wed Jul 03 04:49:36 UTC 2019 /home/travis/build/icyphy/ptII/ptolemy/actor/lib/test/auto/TestExceptionAttribute4.xml
----------------- Instantiating /home/travis/build/icyphy/ptII/ptolemy/actor/lib/test/auto/TestExceptionAttribute4.xml
.TestExceptionAttribute4.TestExceptionAttribute: initialize() was not invoked, but wrapup() was.  This is unusual, but not always a problem.  For example, exporting JNLP will do this.
.TestExceptionAttribute4.TestExceptionAttribute2: initialize() was not invoked, but wrapup() was.  This is unusual, but not always a problem.  For example, exporting JNLP will do this.
1 ms. Memory: 748544K Free: 283134K (38%)
----------------- Invoking toplevel() on ptolemy.moml.MoMLSimpleApplication@9fc2f8f
----------------- Done invoking toplevel() on ptolemy.moml.MoMLSimpleApplication@9fc2f8f
reloadAllAccessors: .TestExceptionAttribute4

===========================================================================================
----------------- testing Wed Jul 03 04:49:36 UTC 2019 /home/travis/build/icyphy/ptII/ptolemy/actor/lib/test/auto/TestExceptionHandler1.xml
----------------- Instantiating /home/travis/build/icyphy/ptII/ptolemy/actor/lib/test/auto/TestExceptionHandler1.xml
1 ms. Memory: 748544K Free: 279552K (37%)
----------------- Invoking toplevel() on ptolemy.moml.MoMLSimpleApplication@2b865d68
----------------- Done invoking toplevel() on ptolemy.moml.MoMLSimpleApplication@2b865d68
reloadAllAccessors: .TestExceptionHandler1

===========================================================================================
----------------- testing Wed Jul 03 04:49:36 UTC 2019 /home/travis/build/icyphy/ptII/ptolemy/actor/lib/test/auto/TestExceptionHandler2.xml
----------------- Instantiating /home/travis/build/icyphy/ptII/ptolemy/actor/lib/test/auto/TestExceptionHandler2.xml
1 ms. Memory: 748544K Free: 275456K (37%)
----------------- Invoking toplevel() on ptolemy.moml.MoMLSimpleApplication@49e54b49
----------------- Done invoking toplevel() on ptolemy.moml.MoMLSimpleApplication@49e54b49
reloadAllAccessors: .TestExceptionHandler2

===========================================================================================
----------------- testing Wed Jul 03 04:49:36 UTC 2019 /home/travis/build/icyphy/ptII/ptolemy/actor/lib/test/auto/TestExceptionHandler3.xml
----------------- Instantiating /home/travis/build/icyphy/ptII/ptolemy/actor/lib/test/auto/TestExceptionHandler3.xml
1 ms. Memory: 748544K Free: 271870K (36%)
----------------- Invoking toplevel() on ptolemy.moml.MoMLSimpleApplication@ee377ec
----------------- Done invoking toplevel() on ptolemy.moml.MoMLSimpleApplication@ee377ec
reloadAllAccessors: .TestExceptionHandler3

===========================================================================================
----------------- testing Wed Jul 03 04:49:36 UTC 2019 /home/travis/build/icyphy/ptII/ptolemy/actor/lib/test/auto/TestExceptionHandler4.xml
----------------- Instantiating /home/travis/build/icyphy/ptII/ptolemy/actor/lib/test/auto/TestExceptionHandler4.xml
1 ms. Memory: 748544K Free: 267774K (36%)
----------------- Invoking toplevel() on ptolemy.moml.MoMLSimpleApplication@5515f3ec
----------------- Done invoking toplevel() on ptolemy.moml.MoMLSimpleApplication@5515f3ec
reloadAllAccessors: .TestExceptionHandler4

===========================================================================================
----------------- testing Wed Jul 03 04:49:36 UTC 2019 /home/travis/build/icyphy/ptII/ptolemy/actor/lib/test/auto/TestRequireCorrectOrder.xml
----------------- Instantiating /home/travis/build/icyphy/ptII/ptolemy/actor/lib/test/auto/TestRequireCorrectOrder.xml
2 ms. Memory: 748544K Free: 262623K (35%)
----------------- Invoking toplevel() on ptolemy.moml.MoMLSimpleApplication@417788ab
----------------- Done invoking toplevel() on ptolemy.moml.MoMLSimpleApplication@417788ab
reloadAllAccessors: .TestRequireCorrectOrder

===========================================================================================
----------------- testing Wed Jul 03 04:49:36 UTC 2019 /home/travis/build/icyphy/ptII/ptolemy/actor/lib/test/auto/TestSimple.xml
----------------- Instantiating /home/travis/build/icyphy/ptII/ptolemy/actor/lib/test/auto/TestSimple.xml
3 ms. Memory: 748544K Free: 694782K (93%)
----------------- Invoking toplevel() on ptolemy.moml.MoMLSimpleApplication@714243b9
----------------- Done invoking toplevel() on ptolemy.moml.MoMLSimpleApplication@714243b9
reloadAllAccessors: .TestSimple

===========================================================================================
----------------- testing Wed Jul 03 04:49:36 UTC 2019 /home/travis/build/icyphy/ptII/ptolemy/actor/lib/test/auto/ThrowModelError.xml
----------------- Instantiating /home/travis/build/icyphy/ptII/ptolemy/actor/lib/test/auto/ThrowModelError.xml
2 ms. Memory: 748544K Free: 690176K (92%)
----------------- Invoking toplevel() on ptolemy.moml.MoMLSimpleApplication@51825f5c
----------------- Done invoking toplevel() on ptolemy.moml.MoMLSimpleApplication@51825f5c
reloadAllAccessors: .ThrowModelError

===========================================================================================
----------------- testing Wed Jul 03 04:49:37 UTC 2019 /home/travis/build/icyphy/ptII/ptolemy/actor/lib/test/auto/TimeDelayMicrosteps.xml
----------------- Instantiating /home/travis/build/icyphy/ptII/ptolemy/actor/lib/test/auto/TimeDelayMicrosteps.xml
3 ms. Memory: 748544K Free: 683487K (91%)
----------------- Invoking toplevel() on ptolemy.moml.MoMLSimpleApplication@71dff60e
----------------- Done invoking toplevel() on ptolemy.moml.MoMLSimpleApplication@71dff60e
reloadAllAccessors: .TimeDelayMicrosteps

===========================================================================================
----------------- testing Wed Jul 03 04:49:37 UTC 2019 /home/travis/build/icyphy/ptII/ptolemy/actor/lib/test/auto/TimeDelayMicrosteps2.xml
----------------- Instantiating /home/travis/build/icyphy/ptII/ptolemy/actor/lib/test/auto/TimeDelayMicrosteps2.xml
5 ms. Memory: 748544K Free: 676343K (90%)
----------------- Invoking toplevel() on ptolemy.moml.MoMLSimpleApplication@2ab0f0a7
----------------- Done invoking toplevel() on ptolemy.moml.MoMLSimpleApplication@2ab0f0a7
reloadAllAccessors: .TimeDelayMicrosteps2

===========================================================================================
----------------- testing Wed Jul 03 04:49:37 UTC 2019 /home/travis/build/icyphy/ptII/ptolemy/actor/lib/test/auto/TimeDelayMicrosteps3.xml
----------------- Instantiating /home/travis/build/icyphy/ptII/ptolemy/actor/lib/test/auto/TimeDelayMicrosteps3.xml
10 ms. Memory: 748544K Free: 669167K (89%)
----------------- Invoking toplevel() on ptolemy.moml.MoMLSimpleApplication@29dfa838
----------------- Done invoking toplevel() on ptolemy.moml.MoMLSimpleApplication@29dfa838
reloadAllAccessors: .TimeDelayMicrosteps3

===========================================================================================
----------------- testing Wed Jul 03 04:49:37 UTC 2019 /home/travis/build/icyphy/ptII/ptolemy/actor/lib/test/auto/TimeDelayVariableMicrosteps.xml
----------------- Instantiating /home/travis/build/icyphy/ptII/ptolemy/actor/lib/test/auto/TimeDelayVariableMicrosteps.xml
2 ms. Memory: 748544K Free: 663038K (89%)
----------------- Invoking toplevel() on ptolemy.moml.MoMLSimpleApplication@481004f4
----------------- Done invoking toplevel() on ptolemy.moml.MoMLSimpleApplication@481004f4
reloadAllAccessors: .TimeDelayVariableMicrosteps

===========================================================================================
----------------- testing Wed Jul 03 04:49:37 UTC 2019 /home/travis/build/icyphy/ptII/ptolemy/actor/lib/test/auto/TimeGap.xml
----------------- Instantiating /home/travis/build/icyphy/ptII/ptolemy/actor/lib/test/auto/TimeGap.xml
3 ms. Memory: 748544K Free: 657903K (88%)
----------------- Invoking toplevel() on ptolemy.moml.MoMLSimpleApplication@68c40a79
----------------- Done invoking toplevel() on ptolemy.moml.MoMLSimpleApplication@68c40a79
reloadAllAccessors: .TimeGap

===========================================================================================
----------------- testing Wed Jul 03 04:49:37 UTC 2019 /home/travis/build/icyphy/ptII/ptolemy/actor/lib/test/auto/TimeGap2.xml
----------------- Instantiating /home/travis/build/icyphy/ptII/ptolemy/actor/lib/test/auto/TimeGap2.xml
1 ms. Memory: 748544K Free: 652288K (87%)
----------------- Invoking toplevel() on ptolemy.moml.MoMLSimpleApplication@6c18d316
----------------- Done invoking toplevel() on ptolemy.moml.MoMLSimpleApplication@6c18d316
reloadAllAccessors: .TimeGap2

===========================================================================================
----------------- testing Wed Jul 03 04:49:37 UTC 2019 /home/travis/build/icyphy/ptII/ptolemy/actor/lib/test/auto/TimedSinewave.xml
----------------- Instantiating /home/travis/build/icyphy/ptII/ptolemy/actor/lib/test/auto/TimedSinewave.xml
22 ms. Memory: 748544K Free: 637952K (85%)
----------------- Invoking toplevel() on ptolemy.moml.MoMLSimpleApplication@29612437
----------------- Done invoking toplevel() on ptolemy.moml.MoMLSimpleApplication@29612437
reloadAllAccessors: .TimedSinewave

===========================================================================================
----------------- testing Wed Jul 03 04:49:37 UTC 2019 /home/travis/build/icyphy/ptII/ptolemy/actor/lib/test/auto/TimedSinewavePhase.xml
----------------- Instantiating /home/travis/build/icyphy/ptII/ptolemy/actor/lib/test/auto/TimedSinewavePhase.xml
11 ms. Memory: 748544K Free: 628222K (84%)
----------------- Invoking toplevel() on ptolemy.moml.MoMLSimpleApplication@2ccbf893
----------------- Done invoking toplevel() on ptolemy.moml.MoMLSimpleApplication@2ccbf893
reloadAllAccessors: .TimedSinewavePhase

===========================================================================================
----------------- testing Wed Jul 03 04:49:37 UTC 2019 /home/travis/build/icyphy/ptII/ptolemy/actor/lib/test/auto/Timer.xml
----------------- Instantiating /home/travis/build/icyphy/ptII/ptolemy/actor/lib/test/auto/Timer.xml
4 ms. Memory: 748544K Free: 622592K (83%)
----------------- Invoking toplevel() on ptolemy.moml.MoMLSimpleApplication@1893a3a
----------------- Done invoking toplevel() on ptolemy.moml.MoMLSimpleApplication@1893a3a
reloadAllAccessors: .Timer

===========================================================================================
----------------- testing Wed Jul 03 04:49:37 UTC 2019 /home/travis/build/icyphy/ptII/ptolemy/actor/lib/test/auto/TriangularDistTestModel.xml
----------------- Instantiating /home/travis/build/icyphy/ptII/ptolemy/actor/lib/test/auto/TriangularDistTestModel.xml
3 ms. Memory: 748544K Free: 616927K (82%)
----------------- Invoking toplevel() on ptolemy.moml.MoMLSimpleApplication@47ceef12
----------------- Done invoking toplevel() on ptolemy.moml.MoMLSimpleApplication@47ceef12
reloadAllAccessors: .TriangularDistTestModel

===========================================================================================
----------------- testing Wed Jul 03 04:49:37 UTC 2019 /home/travis/build/icyphy/ptII/ptolemy/actor/lib/test/auto/TrigFunction.xml
----------------- Instantiating /home/travis/build/icyphy/ptII/ptolemy/actor/lib/test/auto/TrigFunction.xml
1 ms. Memory: 748544K Free: 611838K (82%)
----------------- Invoking toplevel() on ptolemy.moml.MoMLSimpleApplication@7abd567d
----------------- Done invoking toplevel() on ptolemy.moml.MoMLSimpleApplication@7abd567d
reloadAllAccessors: .TrigFunction

===========================================================================================
----------------- testing Wed Jul 03 04:49:37 UTC 2019 /home/travis/build/icyphy/ptII/ptolemy/actor/lib/test/auto/TrigFunctionDE.xml
----------------- Instantiating /home/travis/build/icyphy/ptII/ptolemy/actor/lib/test/auto/TrigFunctionDE.xml
2 ms. Memory: 748544K Free: 606208K (81%)
----------------- Invoking toplevel() on ptolemy.moml.MoMLSimpleApplication@3b561c31
----------------- Done invoking toplevel() on ptolemy.moml.MoMLSimpleApplication@3b561c31
reloadAllAccessors: .TrigFunctionDE

===========================================================================================
----------------- testing Wed Jul 03 04:49:37 UTC 2019 /home/travis/build/icyphy/ptII/ptolemy/actor/lib/test/auto/TrigFunctionInverse.xml
----------------- Instantiating /home/travis/build/icyphy/ptII/ptolemy/actor/lib/test/auto/TrigFunctionInverse.xml
1 ms. Memory: 748544K Free: 601088K (80%)
----------------- Invoking toplevel() on ptolemy.moml.MoMLSimpleApplication@11c4fb15
----------------- Done invoking toplevel() on ptolemy.moml.MoMLSimpleApplication@11c4fb15
reloadAllAccessors: .TrigFunctionInverse

===========================================================================================
----------------- testing Wed Jul 03 04:49:37 UTC 2019 /home/travis/build/icyphy/ptII/ptolemy/actor/lib/test/auto/TrigFunctionTan.xml
----------------- Instantiating /home/travis/build/icyphy/ptII/ptolemy/actor/lib/test/auto/TrigFunctionTan.xml
1 ms. Memory: 748544K Free: 596478K (80%)
----------------- Invoking toplevel() on ptolemy.moml.MoMLSimpleApplication@405063ec
----------------- Done invoking toplevel() on ptolemy.moml.MoMLSimpleApplication@405063ec
reloadAllAccessors: .TrigFunctionTan

===========================================================================================
----------------- testing Wed Jul 03 04:49:37 UTC 2019 /home/travis/build/icyphy/ptII/ptolemy/actor/lib/test/auto/TriggeredClock.xml
----------------- Instantiating /home/travis/build/icyphy/ptII/ptolemy/actor/lib/test/auto/TriggeredClock.xml
1 ms. Memory: 748544K Free: 591327K (79%)
----------------- Invoking toplevel() on ptolemy.moml.MoMLSimpleApplication@4cf4affd
----------------- Done invoking toplevel() on ptolemy.moml.MoMLSimpleApplication@4cf4affd
reloadAllAccessors: .TriggeredClock

===========================================================================================
----------------- testing Wed Jul 03 04:49:37 UTC 2019 /home/travis/build/icyphy/ptII/ptolemy/actor/lib/test/auto/URLDirectoryReader.xml
----------------- Instantiating /home/travis/build/icyphy/ptII/ptolemy/actor/lib/test/auto/URLDirectoryReader.xml
29 ms. Memory: 748544K Free: 581632K (78%)
----------------- Invoking toplevel() on ptolemy.moml.MoMLSimpleApplication@50265cec
----------------- Done invoking toplevel() on ptolemy.moml.MoMLSimpleApplication@50265cec
reloadAllAccessors: .URLDirectoryReader

===========================================================================================
----------------- testing Wed Jul 03 04:49:37 UTC 2019 /home/travis/build/icyphy/ptII/ptolemy/actor/lib/test/auto/URLDirectoryReader3.xml
----------------- Instantiating /home/travis/build/icyphy/ptII/ptolemy/actor/lib/test/auto/URLDirectoryReader3.xml
1067 ms. Memory: 748544K Free: 691767K (92%)
----------------- Invoking toplevel() on ptolemy.moml.MoMLSimpleApplication@6488632c
----------------- Done invoking toplevel() on ptolemy.moml.MoMLSimpleApplication@6488632c
reloadAllAccessors: .URLDirectoryReader3

===========================================================================================
----------------- testing Wed Jul 03 04:49:38 UTC 2019 /home/travis/build/icyphy/ptII/ptolemy/actor/lib/test/auto/UnaryMathFunction.xml
----------------- Instantiating /home/travis/build/icyphy/ptII/ptolemy/actor/lib/test/auto/UnaryMathFunction.xml
2 ms. Memory: 748544K Free: 683518K (91%)
----------------- Invoking toplevel() on ptolemy.moml.MoMLSimpleApplication@5b593d51
----------------- Done invoking toplevel() on ptolemy.moml.MoMLSimpleApplication@5b593d51
reloadAllAccessors: .UnaryMathFunction

===========================================================================================
----------------- testing Wed Jul 03 04:49:38 UTC 2019 /home/travis/build/icyphy/ptII/ptolemy/actor/lib/test/auto/Uniform.xml
----------------- Instantiating /home/travis/build/icyphy/ptII/ptolemy/actor/lib/test/auto/Uniform.xml
4 ms. Memory: 748544K Free: 678391K (91%)
----------------- Invoking toplevel() on ptolemy.moml.MoMLSimpleApplication@3e2ebdfa
----------------- Done invoking toplevel() on ptolemy.moml.MoMLSimpleApplication@3e2ebdfa
reloadAllAccessors: .Uniform

===========================================================================================
----------------- testing Wed Jul 03 04:49:38 UTC 2019 /home/travis/build/icyphy/ptII/ptolemy/actor/lib/test/auto/UnionDisassemblerTest.xml
----------------- Instantiating /home/travis/build/icyphy/ptII/ptolemy/actor/lib/test/auto/UnionDisassemblerTest.xml
16 ms. Memory: 748544K Free: 674816K (90%)
----------------- Invoking toplevel() on ptolemy.moml.MoMLSimpleApplication@1f8d5fca
----------------- Done invoking toplevel() on ptolemy.moml.MoMLSimpleApplication@1f8d5fca
reloadAllAccessors: .UnionDisassemblerTest

===========================================================================================
----------------- testing Wed Jul 03 04:49:38 UTC 2019 /home/travis/build/icyphy/ptII/ptolemy/actor/lib/test/auto/UtilityFunctions.xml
----------------- Instantiating /home/travis/build/icyphy/ptII/ptolemy/actor/lib/test/auto/UtilityFunctions.xml
1 ms. Memory: 748544K Free: 671215K (90%)
----------------- Invoking toplevel() on ptolemy.moml.MoMLSimpleApplication@893ac0b
----------------- Done invoking toplevel() on ptolemy.moml.MoMLSimpleApplication@893ac0b
reloadAllAccessors: .UtilityFunctions

===========================================================================================
----------------- testing Wed Jul 03 04:49:38 UTC 2019 /home/travis/build/icyphy/ptII/ptolemy/actor/lib/test/auto/VariableSleep.xml
----------------- Instantiating /home/travis/build/icyphy/ptII/ptolemy/actor/lib/test/auto/VariableSleep.xml
503 ms. Memory: 748544K Free: 665600K (89%)
----------------- Invoking toplevel() on ptolemy.moml.MoMLSimpleApplication@4c5f4b6b
----------------- Done invoking toplevel() on ptolemy.moml.MoMLSimpleApplication@4c5f4b6b
reloadAllAccessors: .VariableSleep

===========================================================================================
----------------- testing Wed Jul 03 04:49:39 UTC 2019 /home/travis/build/icyphy/ptII/ptolemy/actor/lib/test/auto/VectorAssemblerDisassemblerCT.xml
----------------- Instantiating /home/travis/build/icyphy/ptII/ptolemy/actor/lib/test/auto/VectorAssemblerDisassemblerCT.xml
71 ms. Memory: 748544K Free: 645120K (86%)
----------------- Invoking toplevel() on ptolemy.moml.MoMLSimpleApplication@1b887bcc
----------------- Done invoking toplevel() on ptolemy.moml.MoMLSimpleApplication@1b887bcc
reloadAllAccessors: .VectorAssemblerDisassemblerCT

===========================================================================================
----------------- testing Wed Jul 03 04:49:39 UTC 2019 /home/travis/build/icyphy/ptII/ptolemy/actor/lib/test/auto/VectorAssemblerDisassemblerDE.xml
----------------- Instantiating /home/travis/build/icyphy/ptII/ptolemy/actor/lib/test/auto/VectorAssemblerDisassemblerDE.xml
11 ms. Memory: 748544K Free: 637952K (85%)
----------------- Invoking toplevel() on ptolemy.moml.MoMLSimpleApplication@5ab42a0c
----------------- Done invoking toplevel() on ptolemy.moml.MoMLSimpleApplication@5ab42a0c
reloadAllAccessors: .VectorAssemblerDisassemblerDE

===========================================================================================
----------------- testing Wed Jul 03 04:49:39 UTC 2019 /home/travis/build/icyphy/ptII/ptolemy/actor/lib/test/auto/VectorAssemblerDisassemblerSDF.xml
----------------- Instantiating /home/travis/build/icyphy/ptII/ptolemy/actor/lib/test/auto/VectorAssemblerDisassemblerSDF.xml
3 ms. Memory: 748544K Free: 630784K (84%)
----------------- Invoking toplevel() on ptolemy.moml.MoMLSimpleApplication@77d12748
----------------- Done invoking toplevel() on ptolemy.moml.MoMLSimpleApplication@77d12748
reloadAllAccessors: .VectorAssemblerDisassemblerSDF

===========================================================================================
----------------- testing Wed Jul 03 04:49:39 UTC 2019 /home/travis/build/icyphy/ptII/ptolemy/actor/lib/test/auto/WallClockTime.xml
----------------- Instantiating /home/travis/build/icyphy/ptII/ptolemy/actor/lib/test/auto/WallClockTime.xml
1004 ms. Memory: 748544K Free: 625664K (84%)
----------------- Invoking toplevel() on ptolemy.moml.MoMLSimpleApplication@6b6c5063
----------------- Done invoking toplevel() on ptolemy.moml.MoMLSimpleApplication@6b6c5063
reloadAllAccessors: .WallClockTime

===========================================================================================
----------------- testing Wed Jul 03 04:49:40 UTC 2019 /home/travis/build/icyphy/ptII/ptolemy/actor/lib/test/auto/WidthTestWithSubscriberPublisher.xml
----------------- Instantiating /home/travis/build/icyphy/ptII/ptolemy/actor/lib/test/auto/WidthTestWithSubscriberPublisher.xml
10 ms. Memory: 748544K Free: 608256K (81%)
----------------- Invoking toplevel() on ptolemy.moml.MoMLSimpleApplication@51945b1e
----------------- Done invoking toplevel() on ptolemy.moml.MoMLSimpleApplication@51945b1e
reloadAllAccessors: .WidthTestWithSubscriberPublisher

===========================================================================================
----------------- testing Wed Jul 03 04:49:40 UTC 2019 /home/travis/build/icyphy/ptII/ptolemy/actor/lib/test/auto/WidthTestWithSubscriberPublisher2.xml
----------------- Instantiating /home/travis/build/icyphy/ptII/ptolemy/actor/lib/test/auto/WidthTestWithSubscriberPublisher2.xml
3 ms. Memory: 748544K Free: 601598K (80%)
----------------- Invoking toplevel() on ptolemy.moml.MoMLSimpleApplication@148695ee
----------------- Done invoking toplevel() on ptolemy.moml.MoMLSimpleApplication@148695ee
reloadAllAccessors: .WidthTestWithSubscriberPublisher2

===========================================================================================
----------------- testing Wed Jul 03 04:49:40 UTC 2019 /home/travis/build/icyphy/ptII/ptolemy/actor/lib/test/auto/WidthTestWithSubscriberPublisher3.xml
----------------- Instantiating /home/travis/build/icyphy/ptII/ptolemy/actor/lib/test/auto/WidthTestWithSubscriberPublisher3.xml
2 ms. Memory: 748544K Free: 594944K (79%)
----------------- Invoking toplevel() on ptolemy.moml.MoMLSimpleApplication@3ced651e
----------------- Done invoking toplevel() on ptolemy.moml.MoMLSimpleApplication@3ced651e
reloadAllAccessors: .WidthTestWithSubscriberPublisher3

===========================================================================================
----------------- testing Wed Jul 03 04:49:40 UTC 2019 /home/travis/build/icyphy/ptII/ptolemy/actor/lib/test/auto/Writer.xml
----------------- Instantiating /home/travis/build/icyphy/ptII/ptolemy/actor/lib/test/auto/Writer.xml
0
1
2
3
4
1 ms. Memory: 748544K Free: 590848K (79%)
----------------- Invoking toplevel() on ptolemy.moml.MoMLSimpleApplication@39bc76d5
----------------- Done invoking toplevel() on ptolemy.moml.MoMLSimpleApplication@39bc76d5
reloadAllAccessors: .Writer

===========================================================================================
----------------- testing Wed Jul 03 04:49:40 UTC 2019 /home/travis/build/icyphy/ptII/ptolemy/actor/lib/test/auto/array.xml
----------------- Instantiating /home/travis/build/icyphy/ptII/ptolemy/actor/lib/test/auto/array.xml
2 ms. Memory: 748544K Free: 585728K (78%)
----------------- Invoking toplevel() on ptolemy.moml.MoMLSimpleApplication@3d098133
----------------- Done invoking toplevel() on ptolemy.moml.MoMLSimpleApplication@3d098133
reloadAllAccessors: .array

===========================================================================================
----------------- testing Wed Jul 03 04:49:40 UTC 2019 /home/travis/build/icyphy/ptII/ptolemy/actor/lib/test/auto/array2.xml
----------------- Instantiating /home/travis/build/icyphy/ptII/ptolemy/actor/lib/test/auto/array2.xml
3 ms. Memory: 748544K Free: 580608K (78%)
----------------- Invoking toplevel() on ptolemy.moml.MoMLSimpleApplication@1df6dcbc
----------------- Done invoking toplevel() on ptolemy.moml.MoMLSimpleApplication@1df6dcbc
reloadAllAccessors: .array2

===========================================================================================
----------------- testing Wed Jul 03 04:49:40 UTC 2019 /home/travis/build/icyphy/ptII/ptolemy/actor/lib/test/auto/arrayType.xml
----------------- Instantiating /home/travis/build/icyphy/ptII/ptolemy/actor/lib/test/auto/arrayType.xml
1 ms. Memory: 748544K Free: 574974K (77%)
----------------- Invoking toplevel() on ptolemy.moml.MoMLSimpleApplication@50617073
----------------- Done invoking toplevel() on ptolemy.moml.MoMLSimpleApplication@50617073
reloadAllAccessors: .arrayType

===========================================================================================
----------------- testing Wed Jul 03 04:49:40 UTC 2019 /home/travis/build/icyphy/ptII/ptolemy/actor/lib/test/auto/arrayType10.xml
----------------- Instantiating /home/travis/build/icyphy/ptII/ptolemy/actor/lib/test/auto/arrayType10.xml
1 ms. Memory: 748544K Free: 570368K (76%)
----------------- Invoking toplevel() on ptolemy.moml.MoMLSimpleApplication@650f5bdf
----------------- Done invoking toplevel() on ptolemy.moml.MoMLSimpleApplication@650f5bdf
reloadAllAccessors: .arrayType10

===========================================================================================
----------------- testing Wed Jul 03 04:49:40 UTC 2019 /home/travis/build/icyphy/ptII/ptolemy/actor/lib/test/auto/arrayType11.xml
----------------- Instantiating /home/travis/build/icyphy/ptII/ptolemy/actor/lib/test/auto/arrayType11.xml
1 ms. Memory: 748544K Free: 565758K (76%)
----------------- Invoking toplevel() on ptolemy.moml.MoMLSimpleApplication@40c738d2
----------------- Done invoking toplevel() on ptolemy.moml.MoMLSimpleApplication@40c738d2
reloadAllAccessors: .arrayType11

===========================================================================================
----------------- testing Wed Jul 03 04:49:40 UTC 2019 /home/travis/build/icyphy/ptII/ptolemy/actor/lib/test/auto/arrayType12.xml
----------------- Instantiating /home/travis/build/icyphy/ptII/ptolemy/actor/lib/test/auto/arrayType12.xml
2 ms. Memory: 748544K Free: 560638K (75%)
----------------- Invoking toplevel() on ptolemy.moml.MoMLSimpleApplication@12b14f8c
----------------- Done invoking toplevel() on ptolemy.moml.MoMLSimpleApplication@12b14f8c
reloadAllAccessors: .arrayType12

===========================================================================================
----------------- testing Wed Jul 03 04:49:40 UTC 2019 /home/travis/build/icyphy/ptII/ptolemy/actor/lib/test/auto/arrayType13.xml
----------------- Instantiating /home/travis/build/icyphy/ptII/ptolemy/actor/lib/test/auto/arrayType13.xml
1 ms. Memory: 748544K Free: 555008K (74%)
----------------- Invoking toplevel() on ptolemy.moml.MoMLSimpleApplication@64ac6562
----------------- Done invoking toplevel() on ptolemy.moml.MoMLSimpleApplication@64ac6562
reloadAllAccessors: .arrayType13

===========================================================================================
----------------- testing Wed Jul 03 04:49:40 UTC 2019 /home/travis/build/icyphy/ptII/ptolemy/actor/lib/test/auto/arrayType14.xml
----------------- Instantiating /home/travis/build/icyphy/ptII/ptolemy/actor/lib/test/auto/arrayType14.xml
1 ms. Memory: 748544K Free: 549888K (73%)
----------------- Invoking toplevel() on ptolemy.moml.MoMLSimpleApplication@492b31e6
----------------- Done invoking toplevel() on ptolemy.moml.MoMLSimpleApplication@492b31e6
reloadAllAccessors: .arrayType14

===========================================================================================
----------------- testing Wed Jul 03 04:49:40 UTC 2019 /home/travis/build/icyphy/ptII/ptolemy/actor/lib/test/auto/arrayType15.xml
----------------- Instantiating /home/travis/build/icyphy/ptII/ptolemy/actor/lib/test/auto/arrayType15.xml
3 ms. Memory: 748544K Free: 544254K (73%)
----------------- Invoking toplevel() on ptolemy.moml.MoMLSimpleApplication@1f3493c4
----------------- Done invoking toplevel() on ptolemy.moml.MoMLSimpleApplication@1f3493c4
reloadAllAccessors: .arrayType15

===========================================================================================
----------------- testing Wed Jul 03 04:49:40 UTC 2019 /home/travis/build/icyphy/ptII/ptolemy/actor/lib/test/auto/arrayType16.xml
----------------- Instantiating /home/travis/build/icyphy/ptII/ptolemy/actor/lib/test/auto/arrayType16.xml
2 ms. Memory: 748544K Free: 539134K (72%)
----------------- Invoking toplevel() on ptolemy.moml.MoMLSimpleApplication@3790ffba
----------------- Done invoking toplevel() on ptolemy.moml.MoMLSimpleApplication@3790ffba
reloadAllAccessors: .arrayType16

===========================================================================================
----------------- testing Wed Jul 03 04:49:40 UTC 2019 /home/travis/build/icyphy/ptII/ptolemy/actor/lib/test/auto/arrayType17.xml
----------------- Instantiating /home/travis/build/icyphy/ptII/ptolemy/actor/lib/test/auto/arrayType17.xml
1 ms. Memory: 748544K Free: 534014K (71%)
----------------- Invoking toplevel() on ptolemy.moml.MoMLSimpleApplication@61162c7e
----------------- Done invoking toplevel() on ptolemy.moml.MoMLSimpleApplication@61162c7e
reloadAllAccessors: .arrayType17

===========================================================================================
----------------- testing Wed Jul 03 04:49:40 UTC 2019 /home/travis/build/icyphy/ptII/ptolemy/actor/lib/test/auto/arrayType18.xml
----------------- Instantiating /home/travis/build/icyphy/ptII/ptolemy/actor/lib/test/auto/arrayType18.xml
1 ms. Memory: 748544K Free: 528894K (71%)
----------------- Invoking toplevel() on ptolemy.moml.MoMLSimpleApplication@38c72c15
----------------- Done invoking toplevel() on ptolemy.moml.MoMLSimpleApplication@38c72c15
reloadAllAccessors: .arrayType18

===========================================================================================
----------------- testing Wed Jul 03 04:49:40 UTC 2019 /home/travis/build/icyphy/ptII/ptolemy/actor/lib/test/auto/arrayType19.xml
----------------- Instantiating /home/travis/build/icyphy/ptII/ptolemy/actor/lib/test/auto/arrayType19.xml
1 ms. Memory: 748544K Free: 524288K (70%)
----------------- Invoking toplevel() on ptolemy.moml.MoMLSimpleApplication@323afd9e
----------------- Done invoking toplevel() on ptolemy.moml.MoMLSimpleApplication@323afd9e
reloadAllAccessors: .arrayType19

===========================================================================================
----------------- testing Wed Jul 03 04:49:40 UTC 2019 /home/travis/build/icyphy/ptII/ptolemy/actor/lib/test/auto/arrayType2.xml
----------------- Instantiating /home/travis/build/icyphy/ptII/ptolemy/actor/lib/test/auto/arrayType2.xml
1 ms. Memory: 748544K Free: 518654K (69%)
----------------- Invoking toplevel() on ptolemy.moml.MoMLSimpleApplication@11833f92
----------------- Done invoking toplevel() on ptolemy.moml.MoMLSimpleApplication@11833f92
reloadAllAccessors: .arrayType2

===========================================================================================
----------------- testing Wed Jul 03 04:49:40 UTC 2019 /home/travis/build/icyphy/ptII/ptolemy/actor/lib/test/auto/arrayType20.xml
----------------- Instantiating /home/travis/build/icyphy/ptII/ptolemy/actor/lib/test/auto/arrayType20.xml
2 ms. Memory: 748544K Free: 514048K (69%)
----------------- Invoking toplevel() on ptolemy.moml.MoMLSimpleApplication@412d0ef2
----------------- Done invoking toplevel() on ptolemy.moml.MoMLSimpleApplication@412d0ef2
reloadAllAccessors: .arrayType20

===========================================================================================
----------------- testing Wed Jul 03 04:49:40 UTC 2019 /home/travis/build/icyphy/ptII/ptolemy/actor/lib/test/auto/arrayType21.xml
----------------- Instantiating /home/travis/build/icyphy/ptII/ptolemy/actor/lib/test/auto/arrayType21.xml
1 ms. Memory: 748544K Free: 509438K (68%)
----------------- Invoking toplevel() on ptolemy.moml.MoMLSimpleApplication@2bbd3ca4
----------------- Done invoking toplevel() on ptolemy.moml.MoMLSimpleApplication@2bbd3ca4
reloadAllAccessors: .arrayType21

===========================================================================================
----------------- testing Wed Jul 03 04:49:40 UTC 2019 /home/travis/build/icyphy/ptII/ptolemy/actor/lib/test/auto/arrayType22.xml
----------------- Instantiating /home/travis/build/icyphy/ptII/ptolemy/actor/lib/test/auto/arrayType22.xml
2 ms. Memory: 748544K Free: 504318K (67%)
----------------- Invoking toplevel() on ptolemy.moml.MoMLSimpleApplication@2e8ca599
----------------- Done invoking toplevel() on ptolemy.moml.MoMLSimpleApplication@2e8ca599
reloadAllAccessors: .arrayType22

===========================================================================================
----------------- testing Wed Jul 03 04:49:40 UTC 2019 /home/travis/build/icyphy/ptII/ptolemy/actor/lib/test/auto/arrayType23.xml
----------------- Instantiating /home/travis/build/icyphy/ptII/ptolemy/actor/lib/test/auto/arrayType23.xml
1 ms. Memory: 748544K Free: 499712K (67%)
----------------- Invoking toplevel() on ptolemy.moml.MoMLSimpleApplication@3a858506
----------------- Done invoking toplevel() on ptolemy.moml.MoMLSimpleApplication@3a858506
reloadAllAccessors: .arrayType23

===========================================================================================
----------------- testing Wed Jul 03 04:49:40 UTC 2019 /home/travis/build/icyphy/ptII/ptolemy/actor/lib/test/auto/arrayType24.xml
----------------- Instantiating /home/travis/build/icyphy/ptII/ptolemy/actor/lib/test/auto/arrayType24.xml
1 ms. Memory: 748544K Free: 495102K (66%)
----------------- Invoking toplevel() on ptolemy.moml.MoMLSimpleApplication@6c9223ee
----------------- Done invoking toplevel() on ptolemy.moml.MoMLSimpleApplication@6c9223ee
reloadAllAccessors: .arrayType24

===========================================================================================
----------------- testing Wed Jul 03 04:49:40 UTC 2019 /home/travis/build/icyphy/ptII/ptolemy/actor/lib/test/auto/arrayType25.xml
----------------- Instantiating /home/travis/build/icyphy/ptII/ptolemy/actor/lib/test/auto/arrayType25.xml
1 ms. Memory: 748544K Free: 488958K (65%)
----------------- Invoking toplevel() on ptolemy.moml.MoMLSimpleApplication@3bf5ac7a
----------------- Done invoking toplevel() on ptolemy.moml.MoMLSimpleApplication@3bf5ac7a
reloadAllAccessors: .arrayType25

===========================================================================================
----------------- testing Wed Jul 03 04:49:40 UTC 2019 /home/travis/build/icyphy/ptII/ptolemy/actor/lib/test/auto/arrayType26.xml
----------------- Instantiating /home/travis/build/icyphy/ptII/ptolemy/actor/lib/test/auto/arrayType26.xml
1 ms. Memory: 748544K Free: 483838K (65%)
----------------- Invoking toplevel() on ptolemy.moml.MoMLSimpleApplication@3fa10689
----------------- Done invoking toplevel() on ptolemy.moml.MoMLSimpleApplication@3fa10689
reloadAllAccessors: .arrayType26

===========================================================================================
----------------- testing Wed Jul 03 04:49:40 UTC 2019 /home/travis/build/icyphy/ptII/ptolemy/actor/lib/test/auto/arrayType27.xml
----------------- Instantiating /home/travis/build/icyphy/ptII/ptolemy/actor/lib/test/auto/arrayType27.xml
2 ms. Memory: 748544K Free: 478208K (64%)
----------------- Invoking toplevel() on ptolemy.moml.MoMLSimpleApplication@f1cccac
----------------- Done invoking toplevel() on ptolemy.moml.MoMLSimpleApplication@f1cccac
reloadAllAccessors: .arrayType27

===========================================================================================
----------------- testing Wed Jul 03 04:49:40 UTC 2019 /home/travis/build/icyphy/ptII/ptolemy/actor/lib/test/auto/arrayType28.xml
----------------- Instantiating /home/travis/build/icyphy/ptII/ptolemy/actor/lib/test/auto/arrayType28.xml
1 ms. Memory: 748544K Free: 473088K (63%)
----------------- Invoking toplevel() on ptolemy.moml.MoMLSimpleApplication@7a2f454a
----------------- Done invoking toplevel() on ptolemy.moml.MoMLSimpleApplication@7a2f454a
reloadAllAccessors: .arrayType28

===========================================================================================
----------------- testing Wed Jul 03 04:49:40 UTC 2019 /home/travis/build/icyphy/ptII/ptolemy/actor/lib/test/auto/arrayType3.xml
----------------- Instantiating /home/travis/build/icyphy/ptII/ptolemy/actor/lib/test/auto/arrayType3.xml
1 ms. Memory: 748544K Free: 467454K (62%)
----------------- Invoking toplevel() on ptolemy.moml.MoMLSimpleApplication@323519ac
----------------- Done invoking toplevel() on ptolemy.moml.MoMLSimpleApplication@323519ac
reloadAllAccessors: .arrayType3

===========================================================================================
----------------- testing Wed Jul 03 04:49:40 UTC 2019 /home/travis/build/icyphy/ptII/ptolemy/actor/lib/test/auto/arrayType4.xml
----------------- Instantiating /home/travis/build/icyphy/ptII/ptolemy/actor/lib/test/auto/arrayType4.xml
1 ms. Memory: 748544K Free: 462334K (62%)
----------------- Invoking toplevel() on ptolemy.moml.MoMLSimpleApplication@6fcc13c
----------------- Done invoking toplevel() on ptolemy.moml.MoMLSimpleApplication@6fcc13c
reloadAllAccessors: .arrayType4

===========================================================================================
----------------- testing Wed Jul 03 04:49:40 UTC 2019 /home/travis/build/icyphy/ptII/ptolemy/actor/lib/test/auto/arrayType5.xml
----------------- Instantiating /home/travis/build/icyphy/ptII/ptolemy/actor/lib/test/auto/arrayType5.xml
1 ms. Memory: 748544K Free: 457214K (61%)
----------------- Invoking toplevel() on ptolemy.moml.MoMLSimpleApplication@f2f82f2
----------------- Done invoking toplevel() on ptolemy.moml.MoMLSimpleApplication@f2f82f2
reloadAllAccessors: .arrayType5

===========================================================================================
----------------- testing Wed Jul 03 04:49:40 UTC 2019 /home/travis/build/icyphy/ptII/ptolemy/actor/lib/test/auto/arrayType6.xml
----------------- Instantiating /home/travis/build/icyphy/ptII/ptolemy/actor/lib/test/auto/arrayType6.xml
2 ms. Memory: 748544K Free: 452094K (60%)
----------------- Invoking toplevel() on ptolemy.moml.MoMLSimpleApplication@29f024e8
----------------- Done invoking toplevel() on ptolemy.moml.MoMLSimpleApplication@29f024e8
reloadAllAccessors: .arrayType6

===========================================================================================
----------------- testing Wed Jul 03 04:49:41 UTC 2019 /home/travis/build/icyphy/ptII/ptolemy/actor/lib/test/auto/arrayType7.xml
----------------- Instantiating /home/travis/build/icyphy/ptII/ptolemy/actor/lib/test/auto/arrayType7.xml
1 ms. Memory: 748544K Free: 447488K (60%)
----------------- Invoking toplevel() on ptolemy.moml.MoMLSimpleApplication@18ae893e
----------------- Done invoking toplevel() on ptolemy.moml.MoMLSimpleApplication@18ae893e
reloadAllAccessors: .arrayType7

===========================================================================================
----------------- testing Wed Jul 03 04:49:41 UTC 2019 /home/travis/build/icyphy/ptII/ptolemy/actor/lib/test/auto/arrayType8.xml
----------------- Instantiating /home/travis/build/icyphy/ptII/ptolemy/actor/lib/test/auto/arrayType8.xml
1 ms. Memory: 748544K Free: 442368K (59%)
----------------- Invoking toplevel() on ptolemy.moml.MoMLSimpleApplication@3e8b9e71
----------------- Done invoking toplevel() on ptolemy.moml.MoMLSimpleApplication@3e8b9e71
reloadAllAccessors: .arrayType8

===========================================================================================
----------------- testing Wed Jul 03 04:49:41 UTC 2019 /home/travis/build/icyphy/ptII/ptolemy/actor/lib/test/auto/arrayType9.xml
----------------- Instantiating /home/travis/build/icyphy/ptII/ptolemy/actor/lib/test/auto/arrayType9.xml
6 ms. Memory: 748544K Free: 437758K (58%)
----------------- Invoking toplevel() on ptolemy.moml.MoMLSimpleApplication@3dc2da8b
----------------- Done invoking toplevel() on ptolemy.moml.MoMLSimpleApplication@3dc2da8b
reloadAllAccessors: .arrayType9

===========================================================================================
----------------- testing Wed Jul 03 04:49:41 UTC 2019 /home/travis/build/icyphy/ptII/ptolemy/actor/lib/test/auto/cast.xml
----------------- Instantiating /home/travis/build/icyphy/ptII/ptolemy/actor/lib/test/auto/cast.xml
10 ms. Memory: 748544K Free: 433152K (58%)
----------------- Invoking toplevel() on ptolemy.moml.MoMLSimpleApplication@136c0170
----------------- Done invoking toplevel() on ptolemy.moml.MoMLSimpleApplication@136c0170
reloadAllAccessors: .cast

===========================================================================================
----------------- testing Wed Jul 03 04:49:41 UTC 2019 /home/travis/build/icyphy/ptII/ptolemy/actor/lib/test/auto/compositeMultiPort.xml
----------------- Instantiating /home/travis/build/icyphy/ptII/ptolemy/actor/lib/test/auto/compositeMultiPort.xml
4 ms. Memory: 748544K Free: 423936K (57%)
----------------- Invoking toplevel() on ptolemy.moml.MoMLSimpleApplication@6cba0550
----------------- Done invoking toplevel() on ptolemy.moml.MoMLSimpleApplication@6cba0550
reloadAllAccessors: .compositeMultiPort

===========================================================================================
----------------- testing Wed Jul 03 04:49:41 UTC 2019 /home/travis/build/icyphy/ptII/ptolemy/actor/lib/test/auto/expressionCastInference.xml
----------------- Instantiating /home/travis/build/icyphy/ptII/ptolemy/actor/lib/test/auto/expressionCastInference.xml
2 ms. Memory: 748544K Free: 419326K (56%)
----------------- Invoking toplevel() on ptolemy.moml.MoMLSimpleApplication@7d500a6a
----------------- Done invoking toplevel() on ptolemy.moml.MoMLSimpleApplication@7d500a6a
reloadAllAccessors: .expressionCastInference

===========================================================================================
----------------- testing Wed Jul 03 04:49:41 UTC 2019 /home/travis/build/icyphy/ptII/ptolemy/actor/lib/test/auto/expressionCastInference2.xml
----------------- Instantiating /home/travis/build/icyphy/ptII/ptolemy/actor/lib/test/auto/expressionCastInference2.xml
1 ms. Memory: 748544K Free: 414206K (55%)
----------------- Invoking toplevel() on ptolemy.moml.MoMLSimpleApplication@5792aa77
----------------- Done invoking toplevel() on ptolemy.moml.MoMLSimpleApplication@5792aa77
reloadAllAccessors: .expressionCastInference2

===========================================================================================
----------------- testing Wed Jul 03 04:49:41 UTC 2019 /home/travis/build/icyphy/ptII/ptolemy/actor/lib/test/auto/expressionInference.xml
----------------- Instantiating /home/travis/build/icyphy/ptII/ptolemy/actor/lib/test/auto/expressionInference.xml
2 ms. Memory: 748544K Free: 410110K (55%)
----------------- Invoking toplevel() on ptolemy.moml.MoMLSimpleApplication@595cddd3
----------------- Done invoking toplevel() on ptolemy.moml.MoMLSimpleApplication@595cddd3
reloadAllAccessors: .expressionInference

===========================================================================================
----------------- testing Wed Jul 03 04:49:41 UTC 2019 /home/travis/build/icyphy/ptII/ptolemy/actor/lib/test/auto/expression_bug.xml
----------------- Instantiating /home/travis/build/icyphy/ptII/ptolemy/actor/lib/test/auto/expression_bug.xml
1 ms. Memory: 748544K Free: 405504K (54%)
----------------- Invoking toplevel() on ptolemy.moml.MoMLSimpleApplication@5572c784
----------------- Done invoking toplevel() on ptolemy.moml.MoMLSimpleApplication@5572c784
reloadAllAccessors: .expression_bug

===========================================================================================
----------------- testing Wed Jul 03 04:49:41 UTC 2019 /home/travis/build/icyphy/ptII/ptolemy/actor/lib/test/auto/factorial.xml
----------------- Instantiating /home/travis/build/icyphy/ptII/ptolemy/actor/lib/test/auto/factorial.xml
37 ms. Memory: 748544K Free: 396798K (53%)
----------------- Invoking toplevel() on ptolemy.moml.MoMLSimpleApplication@191937e
----------------- Done invoking toplevel() on ptolemy.moml.MoMLSimpleApplication@191937e
reloadAllAccessors: .factorial

===========================================================================================
----------------- testing Wed Jul 03 04:49:41 UTC 2019 /home/travis/build/icyphy/ptII/ptolemy/actor/lib/test/auto/filterTest1.xml
----------------- Instantiating /home/travis/build/icyphy/ptII/ptolemy/actor/lib/test/auto/filterTest1.xml
3 ms. Memory: 748544K Free: 390639K (52%)
----------------- Invoking toplevel() on ptolemy.moml.MoMLSimpleApplication@418ef7d6
----------------- Done invoking toplevel() on ptolemy.moml.MoMLSimpleApplication@418ef7d6
reloadAllAccessors: .filterTest1

===========================================================================================
----------------- testing Wed Jul 03 04:49:41 UTC 2019 /home/travis/build/icyphy/ptII/ptolemy/actor/lib/test/auto/funcApplyInConst.xml
----------------- Instantiating /home/travis/build/icyphy/ptII/ptolemy/actor/lib/test/auto/funcApplyInConst.xml
1 ms. Memory: 748544K Free: 387072K (52%)
----------------- Invoking toplevel() on ptolemy.moml.MoMLSimpleApplication@41a59494
----------------- Done invoking toplevel() on ptolemy.moml.MoMLSimpleApplication@41a59494
reloadAllAccessors: .funcApplyInConst

===========================================================================================
----------------- testing Wed Jul 03 04:49:41 UTC 2019 /home/travis/build/icyphy/ptII/ptolemy/actor/lib/test/auto/funcApplyInExpr.xml
----------------- Instantiating /home/travis/build/icyphy/ptII/ptolemy/actor/lib/test/auto/funcApplyInExpr.xml
1 ms. Memory: 748544K Free: 383486K (51%)
----------------- Invoking toplevel() on ptolemy.moml.MoMLSimpleApplication@10c7a1fd
----------------- Done invoking toplevel() on ptolemy.moml.MoMLSimpleApplication@10c7a1fd
reloadAllAccessors: .funcApplyInExpr

===========================================================================================
----------------- testing Wed Jul 03 04:49:41 UTC 2019 /home/travis/build/icyphy/ptII/ptolemy/actor/lib/test/auto/function.xml
----------------- Instantiating /home/travis/build/icyphy/ptII/ptolemy/actor/lib/test/auto/function.xml
2 ms. Memory: 748544K Free: 378366K (51%)
----------------- Invoking toplevel() on ptolemy.moml.MoMLSimpleApplication@4d2f17ca
----------------- Done invoking toplevel() on ptolemy.moml.MoMLSimpleApplication@4d2f17ca
reloadAllAccessors: .function

===========================================================================================
----------------- testing Wed Jul 03 04:49:41 UTC 2019 /home/travis/build/icyphy/ptII/ptolemy/actor/lib/test/auto/function2.xml
----------------- Instantiating /home/travis/build/icyphy/ptII/ptolemy/actor/lib/test/auto/function2.xml
1 ms. Memory: 748544K Free: 373760K (50%)
----------------- Invoking toplevel() on ptolemy.moml.MoMLSimpleApplication@8843a7f
----------------- Done invoking toplevel() on ptolemy.moml.MoMLSimpleApplication@8843a7f
reloadAllAccessors: .function2

===========================================================================================
----------------- testing Wed Jul 03 04:49:41 UTC 2019 /home/travis/build/icyphy/ptII/ptolemy/actor/lib/test/auto/function3.xml
----------------- Instantiating /home/travis/build/icyphy/ptII/ptolemy/actor/lib/test/auto/function3.xml
1 ms. Memory: 748544K Free: 369664K (49%)
----------------- Invoking toplevel() on ptolemy.moml.MoMLSimpleApplication@1142a07d
----------------- Done invoking toplevel() on ptolemy.moml.MoMLSimpleApplication@1142a07d
reloadAllAccessors: .function3

===========================================================================================
----------------- testing Wed Jul 03 04:49:41 UTC 2019 /home/travis/build/icyphy/ptII/ptolemy/actor/lib/test/auto/functionClosureTest1.xml
----------------- Instantiating /home/travis/build/icyphy/ptII/ptolemy/actor/lib/test/auto/functionClosureTest1.xml
2 ms. Memory: 748544K Free: 364030K (49%)
----------------- Invoking toplevel() on ptolemy.moml.MoMLSimpleApplication@51860d3
----------------- Done invoking toplevel() on ptolemy.moml.MoMLSimpleApplication@51860d3
reloadAllAccessors: .functionClosureTest1

===========================================================================================
----------------- testing Wed Jul 03 04:49:41 UTC 2019 /home/travis/build/icyphy/ptII/ptolemy/actor/lib/test/auto/functionClosureTest2.xml
----------------- Instantiating /home/travis/build/icyphy/ptII/ptolemy/actor/lib/test/auto/functionClosureTest2.xml
1 ms. Memory: 748544K Free: 359934K (48%)
----------------- Invoking toplevel() on ptolemy.moml.MoMLSimpleApplication@55f97bc9
----------------- Done invoking toplevel() on ptolemy.moml.MoMLSimpleApplication@55f97bc9
reloadAllAccessors: .functionClosureTest2

===========================================================================================
----------------- testing Wed Jul 03 04:49:41 UTC 2019 /home/travis/build/icyphy/ptII/ptolemy/actor/lib/test/auto/functionClosureTest3.xml
----------------- Instantiating /home/travis/build/icyphy/ptII/ptolemy/actor/lib/test/auto/functionClosureTest3.xml
2 ms. Memory: 748544K Free: 354814K (47%)
----------------- Invoking toplevel() on ptolemy.moml.MoMLSimpleApplication@7836e202
----------------- Done invoking toplevel() on ptolemy.moml.MoMLSimpleApplication@7836e202
reloadAllAccessors: .functionClosureTest3

===========================================================================================
----------------- testing Wed Jul 03 04:49:41 UTC 2019 /home/travis/build/icyphy/ptII/ptolemy/actor/lib/test/auto/functionClosureTest4.xml
----------------- Instantiating /home/travis/build/icyphy/ptII/ptolemy/actor/lib/test/auto/functionClosureTest4.xml
4 ms. Memory: 748544K Free: 348160K (47%)
----------------- Invoking toplevel() on ptolemy.moml.MoMLSimpleApplication@c5cec28
----------------- Done invoking toplevel() on ptolemy.moml.MoMLSimpleApplication@c5cec28
reloadAllAccessors: .functionClosureTest4

===========================================================================================
----------------- testing Wed Jul 03 04:49:41 UTC 2019 /home/travis/build/icyphy/ptII/ptolemy/actor/lib/test/auto/functionClosureTest5.xml
----------------- Instantiating /home/travis/build/icyphy/ptII/ptolemy/actor/lib/test/auto/functionClosureTest5.xml
4 ms. Memory: 748544K Free: 343040K (46%)
----------------- Invoking toplevel() on ptolemy.moml.MoMLSimpleApplication@1147d475
----------------- Done invoking toplevel() on ptolemy.moml.MoMLSimpleApplication@1147d475
reloadAllAccessors: .functionClosureTest5

===========================================================================================
----------------- testing Wed Jul 03 04:49:41 UTC 2019 /home/travis/build/icyphy/ptII/ptolemy/actor/lib/test/auto/functionClosureTest6.xml
----------------- Instantiating /home/travis/build/icyphy/ptII/ptolemy/actor/lib/test/auto/functionClosureTest6.xml
1 ms. Memory: 748544K Free: 337920K (45%)
----------------- Invoking toplevel() on ptolemy.moml.MoMLSimpleApplication@6fe2a460
----------------- Done invoking toplevel() on ptolemy.moml.MoMLSimpleApplication@6fe2a460
reloadAllAccessors: .functionClosureTest6

===========================================================================================
----------------- testing Wed Jul 03 04:49:41 UTC 2019 /home/travis/build/icyphy/ptII/ptolemy/actor/lib/test/auto/functionsOnArcs.xml
----------------- Instantiating /home/travis/build/icyphy/ptII/ptolemy/actor/lib/test/auto/functionsOnArcs.xml
2 ms. Memory: 748544K Free: 332800K (44%)
----------------- Invoking toplevel() on ptolemy.moml.MoMLSimpleApplication@352b00eb
----------------- Done invoking toplevel() on ptolemy.moml.MoMLSimpleApplication@352b00eb
reloadAllAccessors: .functionsOnArcs

===========================================================================================
----------------- testing Wed Jul 03 04:49:41 UTC 2019 /home/travis/build/icyphy/ptII/ptolemy/actor/lib/test/auto/functionsOnArcsHOF.xml
----------------- Instantiating /home/travis/build/icyphy/ptII/ptolemy/actor/lib/test/auto/functionsOnArcsHOF.xml
4 ms. Memory: 748544K Free: 326656K (44%)
----------------- Invoking toplevel() on ptolemy.moml.MoMLSimpleApplication@69c3d6fe
----------------- Done invoking toplevel() on ptolemy.moml.MoMLSimpleApplication@69c3d6fe
reloadAllAccessors: .functionsOnArcsHOF

===========================================================================================
----------------- testing Wed Jul 03 04:49:41 UTC 2019 /home/travis/build/icyphy/ptII/ptolemy/actor/lib/test/auto/logic.xml
----------------- Instantiating /home/travis/build/icyphy/ptII/ptolemy/actor/lib/test/auto/logic.xml
3 ms. Memory: 748544K Free: 693246K (93%)
----------------- Invoking toplevel() on ptolemy.moml.MoMLSimpleApplication@38fbc425
----------------- Done invoking toplevel() on ptolemy.moml.MoMLSimpleApplication@38fbc425
reloadAllAccessors: .logic

===========================================================================================
----------------- testing Wed Jul 03 04:49:41 UTC 2019 /home/travis/build/icyphy/ptII/ptolemy/actor/lib/test/auto/matrixType.xml
----------------- Instantiating /home/travis/build/icyphy/ptII/ptolemy/actor/lib/test/auto/matrixType.xml
2 ms. Memory: 748544K Free: 688126K (92%)
----------------- Invoking toplevel() on ptolemy.moml.MoMLSimpleApplication@740521b1
----------------- Done invoking toplevel() on ptolemy.moml.MoMLSimpleApplication@740521b1
reloadAllAccessors: .matrixType

===========================================================================================
----------------- testing Wed Jul 03 04:49:41 UTC 2019 /home/travis/build/icyphy/ptII/ptolemy/actor/lib/test/auto/matrixType10.xml
----------------- Instantiating /home/travis/build/icyphy/ptII/ptolemy/actor/lib/test/auto/matrixType10.xml
2 ms. Memory: 748544K Free: 683520K (91%)
----------------- Invoking toplevel() on ptolemy.moml.MoMLSimpleApplication@16696bb0
----------------- Done invoking toplevel() on ptolemy.moml.MoMLSimpleApplication@16696bb0
reloadAllAccessors: .matrixType10

===========================================================================================
----------------- testing Wed Jul 03 04:49:41 UTC 2019 /home/travis/build/icyphy/ptII/ptolemy/actor/lib/test/auto/matrixType11.xml
----------------- Instantiating /home/travis/build/icyphy/ptII/ptolemy/actor/lib/test/auto/matrixType11.xml
2 ms. Memory: 748544K Free: 678400K (91%)
----------------- Invoking toplevel() on ptolemy.moml.MoMLSimpleApplication@3c4eafe9
----------------- Done invoking toplevel() on ptolemy.moml.MoMLSimpleApplication@3c4eafe9
reloadAllAccessors: .matrixType11

===========================================================================================
----------------- testing Wed Jul 03 04:49:41 UTC 2019 /home/travis/build/icyphy/ptII/ptolemy/actor/lib/test/auto/matrixType12.xml
----------------- Instantiating /home/travis/build/icyphy/ptII/ptolemy/actor/lib/test/auto/matrixType12.xml
2 ms. Memory: 748544K Free: 673790K (90%)
----------------- Invoking toplevel() on ptolemy.moml.MoMLSimpleApplication@f414d48
----------------- Done invoking toplevel() on ptolemy.moml.MoMLSimpleApplication@f414d48
reloadAllAccessors: .matrixType12

===========================================================================================
----------------- testing Wed Jul 03 04:49:41 UTC 2019 /home/travis/build/icyphy/ptII/ptolemy/actor/lib/test/auto/matrixType13.xml
----------------- Instantiating /home/travis/build/icyphy/ptII/ptolemy/actor/lib/test/auto/matrixType13.xml
2 ms. Memory: 748544K Free: 668670K (89%)
----------------- Invoking toplevel() on ptolemy.moml.MoMLSimpleApplication@5e54b220
----------------- Done invoking toplevel() on ptolemy.moml.MoMLSimpleApplication@5e54b220
reloadAllAccessors: .matrixType13

===========================================================================================
----------------- testing Wed Jul 03 04:49:41 UTC 2019 /home/travis/build/icyphy/ptII/ptolemy/actor/lib/test/auto/matrixType14.xml
----------------- Instantiating /home/travis/build/icyphy/ptII/ptolemy/actor/lib/test/auto/matrixType14.xml
2 ms. Memory: 748544K Free: 663550K (89%)
----------------- Invoking toplevel() on ptolemy.moml.MoMLSimpleApplication@5d010988
----------------- Done invoking toplevel() on ptolemy.moml.MoMLSimpleApplication@5d010988
reloadAllAccessors: .matrixType14

===========================================================================================
----------------- testing Wed Jul 03 04:49:41 UTC 2019 /home/travis/build/icyphy/ptII/ptolemy/actor/lib/test/auto/matrixType2.xml
----------------- Instantiating /home/travis/build/icyphy/ptII/ptolemy/actor/lib/test/auto/matrixType2.xml
1 ms. Memory: 748544K Free: 658430K (88%)
----------------- Invoking toplevel() on ptolemy.moml.MoMLSimpleApplication@4072efa2
----------------- Done invoking toplevel() on ptolemy.moml.MoMLSimpleApplication@4072efa2
reloadAllAccessors: .matrixType2

===========================================================================================
----------------- testing Wed Jul 03 04:49:41 UTC 2019 /home/travis/build/icyphy/ptII/ptolemy/actor/lib/test/auto/matrixType3.xml
----------------- Instantiating /home/travis/build/icyphy/ptII/ptolemy/actor/lib/test/auto/matrixType3.xml
4 ms. Memory: 748544K Free: 653824K (87%)
----------------- Invoking toplevel() on ptolemy.moml.MoMLSimpleApplication@1628df16
----------------- Done invoking toplevel() on ptolemy.moml.MoMLSimpleApplication@1628df16
reloadAllAccessors: .matrixType3

===========================================================================================
----------------- testing Wed Jul 03 04:49:41 UTC 2019 /home/travis/build/icyphy/ptII/ptolemy/actor/lib/test/auto/matrixType4.xml
----------------- Instantiating /home/travis/build/icyphy/ptII/ptolemy/actor/lib/test/auto/matrixType4.xml
1 ms. Memory: 748544K Free: 648704K (87%)
----------------- Invoking toplevel() on ptolemy.moml.MoMLSimpleApplication@31db6d30
----------------- Done invoking toplevel() on ptolemy.moml.MoMLSimpleApplication@31db6d30
reloadAllAccessors: .matrixType4

===========================================================================================
----------------- testing Wed Jul 03 04:49:41 UTC 2019 /home/travis/build/icyphy/ptII/ptolemy/actor/lib/test/auto/matrixType5.xml
----------------- Instantiating /home/travis/build/icyphy/ptII/ptolemy/actor/lib/test/auto/matrixType5.xml
1 ms. Memory: 748544K Free: 643584K (86%)
----------------- Invoking toplevel() on ptolemy.moml.MoMLSimpleApplication@2b0ee990
----------------- Done invoking toplevel() on ptolemy.moml.MoMLSimpleApplication@2b0ee990
reloadAllAccessors: .matrixType5

===========================================================================================
----------------- testing Wed Jul 03 04:49:41 UTC 2019 /home/travis/build/icyphy/ptII/ptolemy/actor/lib/test/auto/matrixType6.xml
----------------- Instantiating /home/travis/build/icyphy/ptII/ptolemy/actor/lib/test/auto/matrixType6.xml
1 ms. Memory: 748544K Free: 638974K (85%)
----------------- Invoking toplevel() on ptolemy.moml.MoMLSimpleApplication@38babd0a
----------------- Done invoking toplevel() on ptolemy.moml.MoMLSimpleApplication@38babd0a
reloadAllAccessors: .matrixType6

===========================================================================================
----------------- testing Wed Jul 03 04:49:41 UTC 2019 /home/travis/build/icyphy/ptII/ptolemy/actor/lib/test/auto/matrixType7.xml
----------------- Instantiating /home/travis/build/icyphy/ptII/ptolemy/actor/lib/test/auto/matrixType7.xml
2 ms. Memory: 748544K Free: 633854K (85%)
----------------- Invoking toplevel() on ptolemy.moml.MoMLSimpleApplication@572c1d05
----------------- Done invoking toplevel() on ptolemy.moml.MoMLSimpleApplication@572c1d05
reloadAllAccessors: .matrixType7

===========================================================================================
----------------- testing Wed Jul 03 04:49:41 UTC 2019 /home/travis/build/icyphy/ptII/ptolemy/actor/lib/test/auto/matrixType8.xml
----------------- Instantiating /home/travis/build/icyphy/ptII/ptolemy/actor/lib/test/auto/matrixType8.xml
1 ms. Memory: 748544K Free: 629248K (84%)
----------------- Invoking toplevel() on ptolemy.moml.MoMLSimpleApplication@3a445674
----------------- Done invoking toplevel() on ptolemy.moml.MoMLSimpleApplication@3a445674
reloadAllAccessors: .matrixType8

===========================================================================================
----------------- testing Wed Jul 03 04:49:41 UTC 2019 /home/travis/build/icyphy/ptII/ptolemy/actor/lib/test/auto/matrixType9.xml
----------------- Instantiating /home/travis/build/icyphy/ptII/ptolemy/actor/lib/test/auto/matrixType9.xml
1 ms. Memory: 748544K Free: 624128K (83%)
----------------- Invoking toplevel() on ptolemy.moml.MoMLSimpleApplication@1fcce21d
----------------- Done invoking toplevel() on ptolemy.moml.MoMLSimpleApplication@1fcce21d
reloadAllAccessors: .matrixType9

===========================================================================================
----------------- testing Wed Jul 03 04:49:41 UTC 2019 /home/travis/build/icyphy/ptII/ptolemy/actor/lib/test/auto/paraFunctest.xml
----------------- Instantiating /home/travis/build/icyphy/ptII/ptolemy/actor/lib/test/auto/paraFunctest.xml
3 ms. Memory: 748544K Free: 620511K (83%)
----------------- Invoking toplevel() on ptolemy.moml.MoMLSimpleApplication@4ab14635
----------------- Done invoking toplevel() on ptolemy.moml.MoMLSimpleApplication@4ab14635
reloadAllAccessors: .paraFunctest

===========================================================================================
----------------- testing Wed Jul 03 04:49:41 UTC 2019 /home/travis/build/icyphy/ptII/ptolemy/actor/lib/test/auto/paraFunctest2.xml
----------------- Instantiating /home/travis/build/icyphy/ptII/ptolemy/actor/lib/test/auto/paraFunctest2.xml
1 ms. Memory: 748544K Free: 615422K (82%)
----------------- Invoking toplevel() on ptolemy.moml.MoMLSimpleApplication@15b120ce
----------------- Done invoking toplevel() on ptolemy.moml.MoMLSimpleApplication@15b120ce
reloadAllAccessors: .paraFunctest2

===========================================================================================
----------------- testing Wed Jul 03 04:49:41 UTC 2019 /home/travis/build/icyphy/ptII/ptolemy/actor/lib/test/auto/parameterPassing.xml
----------------- Instantiating /home/travis/build/icyphy/ptII/ptolemy/actor/lib/test/auto/parameterPassing.xml
1 ms. Memory: 748544K Free: 611326K (82%)
----------------- Invoking toplevel() on ptolemy.moml.MoMLSimpleApplication@7140bcfc
----------------- Done invoking toplevel() on ptolemy.moml.MoMLSimpleApplication@7140bcfc
reloadAllAccessors: .parameterPassing

===========================================================================================
----------------- testing Wed Jul 03 04:49:41 UTC 2019 /home/travis/build/icyphy/ptII/ptolemy/actor/lib/test/auto/record.xml
----------------- Instantiating /home/travis/build/icyphy/ptII/ptolemy/actor/lib/test/auto/record.xml
2 ms. Memory: 748544K Free: 606206K (81%)
----------------- Invoking toplevel() on ptolemy.moml.MoMLSimpleApplication@2374005f
----------------- Done invoking toplevel() on ptolemy.moml.MoMLSimpleApplication@2374005f
reloadAllAccessors: .record

===========================================================================================
----------------- testing Wed Jul 03 04:49:41 UTC 2019 /home/travis/build/icyphy/ptII/ptolemy/actor/lib/test/auto/sizedarray1.xml
----------------- Instantiating /home/travis/build/icyphy/ptII/ptolemy/actor/lib/test/auto/sizedarray1.xml
1 ms. Memory: 748544K Free: 600576K (80%)
----------------- Invoking toplevel() on ptolemy.moml.MoMLSimpleApplication@428e9d8c
----------------- Done invoking toplevel() on ptolemy.moml.MoMLSimpleApplication@428e9d8c
reloadAllAccessors: .sizedarray1

===========================================================================================
----------------- testing Wed Jul 03 04:49:41 UTC 2019 /home/travis/build/icyphy/ptII/ptolemy/actor/lib/test/auto/sizedarray2.xml
----------------- Instantiating /home/travis/build/icyphy/ptII/ptolemy/actor/lib/test/auto/sizedarray2.xml
3 ms. Memory: 748544K Free: 594942K (79%)
----------------- Invoking toplevel() on ptolemy.moml.MoMLSimpleApplication@4ed08693
----------------- Done invoking toplevel() on ptolemy.moml.MoMLSimpleApplication@4ed08693
reloadAllAccessors: .sizedarray2

===========================================================================================
----------------- testing Wed Jul 03 04:49:41 UTC 2019 /home/travis/build/icyphy/ptII/ptolemy/actor/lib/test/auto/twoPublishers.xml
----------------- Instantiating /home/travis/build/icyphy/ptII/ptolemy/actor/lib/test/auto/twoPublishers.xml
6 ms. Memory: 748544K Free: 584192K (78%)
----------------- Invoking toplevel() on ptolemy.moml.MoMLSimpleApplication@31a331d4
----------------- Done invoking toplevel() on ptolemy.moml.MoMLSimpleApplication@31a331d4
reloadAllAccessors: .twoPublishers
AutoTests.java: About to close Vertx.
AutoTests.java: Vertx closed.
]]></system-out>
  <system-err><![CDATA[java.lang.RuntimeException: Execution failed
	at ptolemy.moml.MoMLSimpleApplication$UnloadThread.run(MoMLSimpleApplication.java:402)
Caused by: java.lang.RuntimeException: StringUtilities.exit() was called. Normally, we would exit here because Manager.exitAfterWrapup() was called.  However, because the ptolemy.ptII.exitAfterWrapup property is set, we throw this exception instead.
	at ptolemy.util.StringUtilities.exit(StringUtilities.java:363)
	at ptolemy.actor.Manager.wrapup(Manager.java:1531)
	at ptolemy.actor.Manager.execute(Manager.java:407)
	at ptolemy.actor.Manager.run(Manager.java:1263)
	at ptolemy.actor.Manager$PtolemyRunThread.run(Manager.java:1915)
Warning: '.top.test' is in training mode, set the trainingMode parameter to false before checking in
Warning: '.top.test' is in training mode, set the trainingMode parameter to false before checking in
Warning: '.top.test' is in training mode, set the trainingMode parameter to false before checking in
Warning: '.BooleanSwitch_RegressionTest_WrongTrainingValues.Test' is in training mode, set the trainingMode parameter to false before checking in
Warning: '.BooleanSwitch_RegressionTest_WrongTrainingValues.Test2' is in training mode, set the trainingMode parameter to false before checking in
Warning: '.BooleanSwitch_RegressionTest_WrongTrainingValues.Test2' The test produced 0 tokens.
Warning: '.top.testExceptionHandler' is in training mode, set the trainingMode parameter to false before checking in
java.lang.RuntimeException: Execution failed
	at ptolemy.moml.MoMLSimpleApplication$UnloadThread.run(MoMLSimpleApplication.java:402)
Caused by: ptolemy.kernel.util.IllegalActionException: PublisherPorts cannot be used at the top level, use a Publisher actor instead.
  in .PublisherPortToplevelSubscriber.PublisherPort
	at ptolemy.actor.PublisherPort.preinitialize(PublisherPort.java:403)
	at ptolemy.actor.CompositeActor.preinitialize(CompositeActor.java:1769)
	at ptolemy.actor.Manager.preinitializeAndResolveTypes(Manager.java:1040)
	at ptolemy.actor.Manager.initialize(Manager.java:710)
	at ptolemy.actor.Manager.execute(Manager.java:356)
	at ptolemy.actor.Manager.run(Manager.java:1263)
	at ptolemy.actor.Manager$PtolemyRunThread.run(Manager.java:1915)
java.lang.reflect.InvocationTargetException
	at java.base/jdk.internal.reflect.NativeConstructorAccessorImpl.newInstance0(Native Method)
	at java.base/jdk.internal.reflect.NativeConstructorAccessorImpl.newInstance(NativeConstructorAccessorImpl.java:62)
	at java.base/jdk.internal.reflect.DelegatingConstructorAccessorImpl.newInstance(DelegatingConstructorAccessorImpl.java:45)
	at java.base/java.lang.reflect.Constructor.newInstance(Constructor.java:490)
	at ptolemy.util.test.junit.AutoKnownFailedTests.RunModel(AutoKnownFailedTests.java:105)
	at java.base/jdk.internal.reflect.NativeMethodAccessorImpl.invoke0(Native Method)
	at java.base/jdk.internal.reflect.NativeMethodAccessorImpl.invoke(NativeMethodAccessorImpl.java:62)
	at java.base/jdk.internal.reflect.DelegatingMethodAccessorImpl.invoke(DelegatingMethodAccessorImpl.java:43)
	at java.base/java.lang.reflect.Method.invoke(Method.java:566)
	at org.junit.runners.model.FrameworkMethod$1.runReflectiveCall(FrameworkMethod.java:44)
	at org.junit.internal.runners.model.ReflectiveCallable.run(ReflectiveCallable.java:15)
	at org.junit.runners.model.FrameworkMethod.invokeExplosively(FrameworkMethod.java:41)
	at junitparams.internal.InvokeParameterisedMethod.evaluate(InvokeParameterisedMethod.java:102)
	at org.junit.internal.runners.statements.FailOnTimeout$1.run(FailOnTimeout.java:28)
Caused by: ptolemy.kernel.util.IllegalActionException: PublisherPorts cannot be used at the top level, use a Publisher actor instead.
  in .PublisherPortToplevelSubscriber.PublisherPort
	at ptolemy.actor.PublisherPort.preinitialize(PublisherPort.java:403)
	at ptolemy.actor.CompositeActor.preinitialize(CompositeActor.java:1769)
	at ptolemy.actor.Manager.preinitializeAndResolveTypes(Manager.java:1040)
	at ptolemy.actor.Manager.initialize(Manager.java:710)
	at ptolemy.actor.Manager.execute(Manager.java:356)
	at ptolemy.actor.Manager.run(Manager.java:1263)
	at ptolemy.actor.Manager$PtolemyRunThread.run(Manager.java:1915)
java.lang.RuntimeException: Execution failed
	at ptolemy.moml.MoMLSimpleApplication$UnloadThread.run(MoMLSimpleApplication.java:402)
Caused by: ptolemy.kernel.util.IllegalActionException: SubscriberPorts cannot be used at the top level, use a Subscriber actor instead.
  in .PublisherSubscriberPortToplevel.SubscriberPort
	at ptolemy.actor.SubscriberPort.preinitialize(SubscriberPort.java:328)
	at ptolemy.actor.CompositeActor.preinitialize(CompositeActor.java:1769)
	at ptolemy.actor.Manager.preinitializeAndResolveTypes(Manager.java:1040)
	at ptolemy.actor.Manager.initialize(Manager.java:710)
	at ptolemy.actor.Manager.execute(Manager.java:356)
	at ptolemy.actor.Manager.run(Manager.java:1263)
	at ptolemy.actor.Manager$PtolemyRunThread.run(Manager.java:1915)
java.lang.reflect.InvocationTargetException
	at java.base/jdk.internal.reflect.NativeConstructorAccessorImpl.newInstance0(Native Method)
	at java.base/jdk.internal.reflect.NativeConstructorAccessorImpl.newInstance(NativeConstructorAccessorImpl.java:62)
	at java.base/jdk.internal.reflect.DelegatingConstructorAccessorImpl.newInstance(DelegatingConstructorAccessorImpl.java:45)
	at java.base/java.lang.reflect.Constructor.newInstance(Constructor.java:490)
	at ptolemy.util.test.junit.AutoKnownFailedTests.RunModel(AutoKnownFailedTests.java:105)
	at java.base/jdk.internal.reflect.NativeMethodAccessorImpl.invoke0(Native Method)
	at java.base/jdk.internal.reflect.NativeMethodAccessorImpl.invoke(NativeMethodAccessorImpl.java:62)
	at java.base/jdk.internal.reflect.DelegatingMethodAccessorImpl.invoke(DelegatingMethodAccessorImpl.java:43)
	at java.base/java.lang.reflect.Method.invoke(Method.java:566)
	at org.junit.runners.model.FrameworkMethod$1.runReflectiveCall(FrameworkMethod.java:44)
	at org.junit.internal.runners.model.ReflectiveCallable.run(ReflectiveCallable.java:15)
	at org.junit.runners.model.FrameworkMethod.invokeExplosively(FrameworkMethod.java:41)
	at junitparams.internal.InvokeParameterisedMethod.evaluate(InvokeParameterisedMethod.java:102)
	at org.junit.internal.runners.statements.FailOnTimeout$1.run(FailOnTimeout.java:28)
Caused by: ptolemy.kernel.util.IllegalActionException: SubscriberPorts cannot be used at the top level, use a Subscriber actor instead.
  in .PublisherSubscriberPortToplevel.SubscriberPort
	at ptolemy.actor.SubscriberPort.preinitialize(SubscriberPort.java:328)
	at ptolemy.actor.CompositeActor.preinitialize(CompositeActor.java:1769)
	at ptolemy.actor.Manager.preinitializeAndResolveTypes(Manager.java:1040)
	at ptolemy.actor.Manager.initialize(Manager.java:710)
	at ptolemy.actor.Manager.execute(Manager.java:356)
	at ptolemy.actor.Manager.run(Manager.java:1263)
	at ptolemy.actor.Manager$PtolemyRunThread.run(Manager.java:1915)
java.lang.RuntimeException: Execution failed
	at ptolemy.moml.MoMLSimpleApplication$UnloadThread.run(MoMLSimpleApplication.java:402)
Caused by: ptolemy.kernel.util.IllegalActionException: SubscriptionAggregatorPorts cannot be used at the top level, use a SubscriptionAggregator actor instead.
  in .PublisherSubscriptionAggregatorPort.SubscriptionAggregatorPort
	at ptolemy.actor.SubscriptionAggregatorPort.preinitialize(SubscriptionAggregatorPort.java:353)
	at ptolemy.actor.CompositeActor.preinitialize(CompositeActor.java:1769)
	at ptolemy.actor.Manager.preinitializeAndResolveTypes(Manager.java:1040)
	at ptolemy.actor.Manager.initialize(Manager.java:710)
	at ptolemy.actor.Manager.execute(Manager.java:356)
	at ptolemy.actor.Manager.run(Manager.java:1263)
	at ptolemy.actor.Manager$PtolemyRunThread.run(Manager.java:1915)
java.lang.reflect.InvocationTargetException
	at java.base/jdk.internal.reflect.NativeConstructorAccessorImpl.newInstance0(Native Method)
	at java.base/jdk.internal.reflect.NativeConstructorAccessorImpl.newInstance(NativeConstructorAccessorImpl.java:62)
	at java.base/jdk.internal.reflect.DelegatingConstructorAccessorImpl.newInstance(DelegatingConstructorAccessorImpl.java:45)
	at java.base/java.lang.reflect.Constructor.newInstance(Constructor.java:490)
	at ptolemy.util.test.junit.AutoKnownFailedTests.RunModel(AutoKnownFailedTests.java:105)
	at java.base/jdk.internal.reflect.NativeMethodAccessorImpl.invoke0(Native Method)
	at java.base/jdk.internal.reflect.NativeMethodAccessorImpl.invoke(NativeMethodAccessorImpl.java:62)
	at java.base/jdk.internal.reflect.DelegatingMethodAccessorImpl.invoke(DelegatingMethodAccessorImpl.java:43)
	at java.base/java.lang.reflect.Method.invoke(Method.java:566)
	at org.junit.runners.model.FrameworkMethod$1.runReflectiveCall(FrameworkMethod.java:44)
	at org.junit.internal.runners.model.ReflectiveCallable.run(ReflectiveCallable.java:15)
	at org.junit.runners.model.FrameworkMethod.invokeExplosively(FrameworkMethod.java:41)
	at junitparams.internal.InvokeParameterisedMethod.evaluate(InvokeParameterisedMethod.java:102)
	at org.junit.internal.runners.statements.FailOnTimeout$1.run(FailOnTimeout.java:28)
Caused by: ptolemy.kernel.util.IllegalActionException: SubscriptionAggregatorPorts cannot be used at the top level, use a SubscriptionAggregator actor instead.
  in .PublisherSubscriptionAggregatorPort.SubscriptionAggregatorPort
	at ptolemy.actor.SubscriptionAggregatorPort.preinitialize(SubscriptionAggregatorPort.java:353)
	at ptolemy.actor.CompositeActor.preinitialize(CompositeActor.java:1769)
	at ptolemy.actor.Manager.preinitializeAndResolveTypes(Manager.java:1040)
	at ptolemy.actor.Manager.initialize(Manager.java:710)
	at ptolemy.actor.Manager.execute(Manager.java:356)
	at ptolemy.actor.Manager.run(Manager.java:1263)
	at ptolemy.actor.Manager$PtolemyRunThread.run(Manager.java:1915)
java.lang.RuntimeException: Execution failed
	at ptolemy.moml.MoMLSimpleApplication$UnloadThread.run(MoMLSimpleApplication.java:402)
Caused by: ptolemy.kernel.util.IllegalActionException: TypeTest actor has no training data.
  in .sizedarray3.TypeTest
	at ptolemy.actor.lib.TypeTest.initialize(TypeTest.java:250)
	at ptolemy.actor.Director.initialize(Director.java:938)
	at ptolemy.actor.Director.initialize(Director.java:907)
	at ptolemy.actor.sched.StaticSchedulingDirector.initialize(StaticSchedulingDirector.java:159)
	at ptolemy.domains.sdf.kernel.SDFDirector.initialize(SDFDirector.java:544)
	at ptolemy.actor.CompositeActor.initialize(CompositeActor.java:935)
	at ptolemy.actor.Manager.initialize(Manager.java:724)
	at ptolemy.actor.Manager.execute(Manager.java:356)
	at ptolemy.actor.Manager.run(Manager.java:1263)
	at ptolemy.actor.Manager$PtolemyRunThread.run(Manager.java:1915)
java.lang.reflect.InvocationTargetException
	at java.base/jdk.internal.reflect.NativeConstructorAccessorImpl.newInstance0(Native Method)
	at java.base/jdk.internal.reflect.NativeConstructorAccessorImpl.newInstance(NativeConstructorAccessorImpl.java:62)
	at java.base/jdk.internal.reflect.DelegatingConstructorAccessorImpl.newInstance(DelegatingConstructorAccessorImpl.java:45)
	at java.base/java.lang.reflect.Constructor.newInstance(Constructor.java:490)
	at ptolemy.util.test.junit.AutoKnownFailedTests.RunModel(AutoKnownFailedTests.java:105)
	at java.base/jdk.internal.reflect.NativeMethodAccessorImpl.invoke0(Native Method)
	at java.base/jdk.internal.reflect.NativeMethodAccessorImpl.invoke(NativeMethodAccessorImpl.java:62)
	at java.base/jdk.internal.reflect.DelegatingMethodAccessorImpl.invoke(DelegatingMethodAccessorImpl.java:43)
	at java.base/java.lang.reflect.Method.invoke(Method.java:566)
	at org.junit.runners.model.FrameworkMethod$1.runReflectiveCall(FrameworkMethod.java:44)
	at org.junit.internal.runners.model.ReflectiveCallable.run(ReflectiveCallable.java:15)
	at org.junit.runners.model.FrameworkMethod.invokeExplosively(FrameworkMethod.java:41)
	at junitparams.internal.InvokeParameterisedMethod.evaluate(InvokeParameterisedMethod.java:102)
	at org.junit.internal.runners.statements.FailOnTimeout$1.run(FailOnTimeout.java:28)
Caused by: ptolemy.kernel.util.IllegalActionException: TypeTest actor has no training data.
  in .sizedarray3.TypeTest
	at ptolemy.actor.lib.TypeTest.initialize(TypeTest.java:250)
	at ptolemy.actor.Director.initialize(Director.java:938)
	at ptolemy.actor.Director.initialize(Director.java:907)
	at ptolemy.actor.sched.StaticSchedulingDirector.initialize(StaticSchedulingDirector.java:159)
	at ptolemy.domains.sdf.kernel.SDFDirector.initialize(SDFDirector.java:544)
	at ptolemy.actor.CompositeActor.initialize(CompositeActor.java:935)
	at ptolemy.actor.Manager.initialize(Manager.java:724)
	at ptolemy.actor.Manager.execute(Manager.java:356)
	at ptolemy.actor.Manager.run(Manager.java:1263)
	at ptolemy.actor.Manager$PtolemyRunThread.run(Manager.java:1915)
java.lang.RuntimeException: Execution failed
	at ptolemy.moml.MoMLSimpleApplication$UnloadThread.run(MoMLSimpleApplication.java:402)
Caused by: ptolemy.kernel.util.IllegalActionException: Test fails in iteration 0.
Value was: "WARNING: An illegal reflective access operation has occurred\nWARNING: Illegal reflective access by io.netty.util.internal.ReflectionUtil (file:/home/travis/build/icyphy/ptII/lib/netty-common-4.1.19.Final.jar) to constructor java.nio.DirectByteBuffer(long,int)\nWARNING: Please consider reporting this to the maintainers of io.netty.util.internal.ReflectionUtil\nWARNING: Use --illegal-access=warn to enable warnings of further illegal reflective access operations\nWARNING: All illegal access operations will be denied in a future release\n". Should have been: ""
  in .ExecRunDemos.Test
	at ptolemy.actor.lib.Test.fire(Test.java:268)
	at ptolemy.actor.AtomicActor.iterate(AtomicActor.java:512)
	at ptolemy.actor.sched.StaticSchedulingDirector.fire(StaticSchedulingDirector.java:216)
	at ptolemy.domains.sdf.kernel.SDFDirector.fire(SDFDirector.java:500)
	at ptolemy.actor.CompositeActor.fire(CompositeActor.java:455)
	at ptolemy.actor.Manager.iterate(Manager.java:851)
	at ptolemy.actor.Manager.execute(Manager.java:369)
	at ptolemy.actor.Manager.run(Manager.java:1263)
	at ptolemy.actor.Manager$PtolemyRunThread.run(Manager.java:1915)
]]></system-err>
</testsuite>
