<?xml version="1.0" encoding="UTF-8" ?>
<testsuite errors="0" failures="0" hostname="travis-job-8eb81f75-1efb-4dce-8f3e-c4510c6761f2" name="ptolemy.actor.lib.test.junit.JUnitTclTest" skipped="0" tests="517" time="59.143" timestamp="2019-02-27T22:00:03">
  <properties>
    <property name="npm.executable" value="npm" />
    <property name="file.encoding.pkg" value="sun.io" />
    <property name="env.TRAVIS_ROOT" value="/" />
    <property name="ptII.mk.exists" value="true" />
    <property name="env.TRAVIS_APP_HOST" value="build.travis-ci.org" />
    <property name="env.rvm_bin_path" value="/home/travis/.rvm/bin" />
    <property name="java.home" value="/usr/lib/jvm/java-8-oracle/jre" />
    <property name="env.TRAVIS_JOB_NUMBER" value="1023.8" />
    <property name="env.TRAVIS_HOME" value="/home/travis" />
    <property name="env.DISPLAY" value=":99.0" />
    <property name="java.net.preferIPv4Stack" value="true" />
    <property name="env.TRAVIS_INIT" value="upstart" />
    <property name="env.SSH_TTY" value="/dev/pts/0" />
    <property name="env.RUN_TESTS" value="true" />
    <property name="timeout.short" value="1000000" />
    <property name="env.TRAVIS_JOB_NAME" value="" />
    <property name="env.TRAVIS_STACK_NODE_ATTRIBUTES" value="/.node-attributes.yml" />
    <property name="junit.formatter" value="xml" />
    <property name="java.endorsed.dirs" value="/usr/lib/jvm/java-8-oracle/jre/lib/endorsed" />
    <property name="env.TRAVIS_SUDO" value="true" />
    <property name="env.LOGNAME" value="travis" />
    <property name="env.PT_TRAVIS_TEST_CORE1_XML" value="true" />
    <property name="jsdoc.home" value="node_modules/@terraswarm/jsdoc" />
    <property name="debuglevel" value="source,lines,vars" />
    <property name="checkstyle.formatter" value="xml" />
    <property name="bin.vergil.makeable" value="true" />
    <property name="env._system_version" value="14.04" />
    <property name="sun.os.patch.level" value="unknown" />
    <property name="java.vendor.url" value="http://java.oracle.com/" />
    <property name="env.TRAVIS_BUILD_WEB_URL" value="https://travis-ci.org/icyphy/ptII/builds/499476714" />
    <property name="java.version" value="1.8.0_151" />
    <property name="env.TZ" value="UTC" />
    <property name="env.PT_NO_NET" value="true" />
    <property name="env.TRAVIS_PULL_REQUEST_SHA" value="" />
    <property name="env.TRAVIS_SECURE_ENV_VARS" value="true" />
    <property name="env._system_type" value="Linux" />
    <property name="java.vendor.url.bug" value="http://bugreport.sun.com/bugreport/" />
    <property name="env.SSH_CLIENT" value="10.10.4.104 54590 22" />
    <property name="npmjs-org-is-up" value="true" />
    <property name="env.GEM_HOME" value="/home/travis/.rvm/gems/ruby-2.4.1" />
    <property name="env.HAS_ANTARES_THREE_LITTLE_FRONZIES_BADGE" value="true" />
    <property name="env.PS4" value="+" />
    <property name="ant.project.invoked-targets" value="build,test.core1.xml" />
    <property name="env.TRAVIS_PULL_REQUEST_BRANCH" value="" />
    <property name="env.TRAVIS_REPO_SLUG" value="icyphy/ptII" />
    <property name="env.TRAVIS_APT_PROXY" value="http://build-cache.travisci.net" />
    <property name="node.in.path" value="true" />
    <property name="java.maxmemory" value="1400m" />
    <property name="env.RUBY_VERSION" value="ruby-2.4.1" />
    <property name="user.name" value="travis" />
    <property name="env.LANG" value="en_US.UTF-8" />
    <property name="sun.io.unicode.encoding" value="UnicodeLittle" />
    <property name="sun.jnu.encoding" value="UTF-8" />
    <property name="java.runtime.name" value="Java(TM) SE Runtime Environment" />
    <property name="usefile" value="false" />
    <property name="return.code" value="0" />
    <property name="junit.single.formatter" value="plain" />
    <property name="env.DYLD_LIBRARY_PATH" value="/home/travis/pthla/certi-tools/lib:" />
    <property name="env.DEBIAN_FRONTEND" value="noninteractive" />
    <property name="env.SSH_CONNECTION" value="10.10.4.104 54590 10.20.3.42 22" />
    <property name="env.MYSQL_UNIX_PORT" value="/var/run/mysqld/mysqld.sock" />
    <property name="env.TRAVIS_ALLOW_FAILURE" value="false" />
    <property name="env.LC_ALL" value="en_US.UTF-8" />
    <property name="env.TRAVIS_JOB_WEB_URL" value="https://travis-ci.org/icyphy/ptII/jobs/499476722" />
    <property name="java.specification.name" value="Java Platform API Specification" />
    <property name="node.works" value="true" />
    <property name="user.timezone" value="" />
    <property name="path.separator" value=":" />
    <property name="env.TRAVIS_ENABLE_INFRA_DETECTION" value="true" />
    <property name="env.PYTHON_CFLAGS" value="-g -fstack-protector --param=ssp-buffer-size=4 -Wformat -Werror=format-security" />
    <property name="timeout.long" value="4000000" />
    <property name="env.CERTI_HOME" value="/home/travis/pthla/certi-tools" />
    <property name="file.encoding" value="UTF-8" />
    <property name="ant.file.ptII" value="/home/travis/build/icyphy/ptII/build.xml" />
    <property name="javadoc.packagenames" value="com.*,diva.*,lbnl.*,org.hlacerti.*,org.json.*,org.ptolemy.*,org.terraswarm.*,ptolemy.*,ptserver.*" />
    <property name="env.TRAVIS_PULL_REQUEST_SLUG" value="" />
    <property name="ant.project.default-target" value="build" />
    <property name="env.GIT_ASKPASS" value="echo" />
    <property name="env.HOME" value="/home/travis" />
    <property name="sun.java.command" value="org.apache.tools.ant.taskdefs.optional.junit.JUnitTestRunner ptolemy.actor.lib.test.junit.JUnitTclTest skipNonTests=false filtertrace=true haltOnError=false haltOnFailure=false formatter=org.apache.tools.ant.taskdefs.optional.junit.OutErrSummaryJUnitResultFormatter showoutput=true outputtoformatters=true logfailedtests=true threadid=0 logtestlistenerevents=false formatter=org.apache.tools.ant.taskdefs.optional.junit.XMLJUnitResultFormatter,/home/travis/build/icyphy/ptII/reports/junit/TEST-ptolemy.actor.lib.test.junit.JUnitTclTest.xml crashfile=/home/travis/build/icyphy/ptII/junitvmwatcher1564964464277403715.properties propsfile=/home/travis/build/icyphy/ptII/junit5618450682934605257.properties" />
    <property name="env.MANPATH" value="/home/travis/.nvm/versions/node/v7.10.1/share/man:/home/travis/.kiex/elixirs/elixir-1.4.5/man:/home/travis/.rvm/rubies/ruby-2.4.1/share/man:/usr/local/man:/usr/local/cmake-3.9.2/man:/usr/local/clang-5.0.0/share/man:/usr/local/share/man:/usr/share/man:/home/travis/.rvm/man" />
    <property name="env.COMPOSER_NO_INTERACTION" value="1" />
    <property name="env.JDK_SWITCHER_DEFAULT" value="oraclejdk8" />
    <property name="env.TRAVIS_TIMER_ID" value="10c7bb7d" />
    <property name="ant.file" value="/home/travis/build/icyphy/ptII/build.xml" />
    <property name="env.TRAVIS_COMMIT_RANGE" value="3b6362568b1e...dc92d4485abc" />
    <property name="env._system_name" value="Ubuntu" />
    <property name="timeout" value="2400000" />
    <property name="ptII.classpath.optional.property" value="/home/travis/build/icyphy/ptII/lib/bsh-2.0b4.jar:/home/travis/build/icyphy/ptII/lib/ptCal.jar:/home/travis/build/icyphy/ptII/lib/java_cup.jar:/home/travis/build/icyphy/ptII/lib/saxon8.jar:/home/travis/build/icyphy/ptII/lib/saxon8-dom.jar:/home/travis/build/icyphy/ptII/lib/chic.jar:/home/travis/build/icyphy/ptII/lib/ptcolt.jar:/usr/lib/jvm/java-8-oracle/lib/tools.jar:/home/travis/build/icyphy/ptII/vendors/misc/itext/iText.jar:/home/travis/build/icyphy/ptII/lib/g4ltl.jar:/home/travis/build/icyphy/ptII/lib/StructuralCoder.jar:/home/travis/build/icyphy/ptII/vendors/jai-1_1_2_01/lib/jai_core.jar:/home/travis/build/icyphy/ptII/vendors/jai-1_1_2_01/lib/jai_codec.jar:/home/travis/build/icyphy/ptII/lib/jcerti.jar:/home/travis/build/icyphy/ptII/lib/javax.mail.jar:/home/travis/build/icyphy/ptII/vendors/JMF-2.1.1e/lib/jmf.jar:/home/travis/build/icyphy/ptII/lib/jna-4.0.0-variadic.jar:/home/travis/build/icyphy/ptII/vendors/misc/joystick/Joystick.jar:/home/travis/build/icyphy/ptII/lib/ptjacl.jar:/home/travis/build/icyphy/ptII/lib/jsoup-1.8.2.jar:/home/travis/build/icyphy/ptII/lib/junit-4.8.2.jar:/home/travis/build/icyphy/ptII/lib/JUnitParams-0.4.0.jar:/home/travis/build/icyphy/ptII/ptolemy/actor/lib/excel/jxl.jar:/home/travis/build/icyphy/ptII/lib/jython.jar:/home/travis/build/icyphy/ptII/lib/kieler.jar:/home/travis/build/icyphy/ptII/vendors/opencv/share/OpenCV/java/opencv-341.jar:/home/travis/build/icyphy/ptII/lib/oscP5.jar:/home/travis/build/icyphy/ptII/lib/nrjavaserial-3.11.0.devel.jar:/home/travis/build/icyphy/ptII/vendors/j3d/lib/j3dcore.jar:/home/travis/build/icyphy/ptII/vendors/j3d/lib/j3dutils.jar:/home/travis/build/icyphy/ptII/vendors/j3d/lib/vecmath.jar:/home/travis/build/icyphy/ptII/ptolemy/distributed/jini/jar/jini-core.jar:/home/travis/build/icyphy/ptII/ptolemy/distributed/jini/jar/jini-ext.jar:/home/travis/build/icyphy/ptII/ptolemy/distributed/jini/jar/sun-util.jar:/home/travis/build/icyphy/ptII/lib/protobuf-java-2.4.1.jar:/home/travis/build/icyphy/ptII/lib/org.eclipse.paho.client.mqttv3.jar:/home/travis/build/icyphy/ptII/lib/mapss.jar:/home/travis/build/icyphy/ptII/ptolemy/actor/ptalon/antlr/antlr.jar:/home/travis/build/icyphy/ptII/lib/JRI.jar:/home/travis/build/icyphy/ptII/lib/commons-lang-2.6.jar:/home/travis/build/icyphy/ptII/lib/commons-logging-1.1.1.jar:/home/travis/build/icyphy/ptII/lib/sootclasses.jar:/home/travis/build/icyphy/ptII/ptolemy/actor/lib/database/mysql-connector-java-5.1.6-bin.jar:/home/travis/build/icyphy/ptII/vendors/misc/sphinx4/sphinx4-data-5prealpha.jar:/home/travis/build/icyphy/ptII/vendors/misc/sphinx4/sphinx4-core-5prealpha.jar:/home/travis/build/icyphy/ptII/lib/PDFRenderer.jar:/home/travis/build/icyphy/ptII/lib/svgSalamander.jar:/home/travis/build/icyphy/ptII/lib/rsyntaxtextarea-2.6.0-SNAPSHOT.jar:/home/travis/build/icyphy/ptII/lib/hazelcast-3.8.2.jar:/home/travis/build/icyphy/ptII/lib/jackson-annotations-2.9.0.jar:/home/travis/build/icyphy/ptII/lib/jackson-core-2.9.3.jar:/home/travis/build/icyphy/ptII/lib/jackson-databind-2.9.3.jar:/home/travis/build/icyphy/ptII/lib/netty-buffer-4.1.19.Final.jar:/home/travis/build/icyphy/ptII/lib/netty-codec-4.1.19.Final.jar:/home/travis/build/icyphy/ptII/lib/netty-codec-dns-4.1.19.Final.jar:/home/travis/build/icyphy/ptII/lib/netty-codec-http-4.1.19.Final.jar:/home/travis/build/icyphy/ptII/lib/netty-codec-http2-4.1.19.Final.jar:/home/travis/build/icyphy/ptII/lib/netty-common-4.1.19.Final.jar:/home/travis/build/icyphy/ptII/lib/netty-handler-4.1.19.Final.jar:/home/travis/build/icyphy/ptII/lib/netty-resolver-4.1.19.Final.jar:/home/travis/build/icyphy/ptII/lib/netty-resolver-dns-4.1.19.Final.jar:/home/travis/build/icyphy/ptII/lib/netty-transport-4.1.19.Final.jar:/home/travis/build/icyphy/ptII/lib/vertx-codegen-3.5.1.jar:/home/travis/build/icyphy/ptII/lib/vertx-core-3.5.2-SNAPSHOT.jar:/home/travis/build/icyphy/ptII/lib/vertx-hazelcast-3.5.1.jar:/home/travis/build/icyphy/ptII/lib/vertx-lang-js-3.5.1.jar:/home/travis/build/icyphy/ptII/lib/vertx-service-proxy-3.5.1.jar:/home/travis/build/icyphy/ptII/lib/vertx-web-3.5.1.jar:/home/travis/build/icyphy/ptII/lib/slf4j-api-1.7.13.jar:/home/travis/build/icyphy/ptII/lib/slf4j-simple-1.7.13.jar:/home/travis/build/icyphy/ptII/lib/webcam-capture-0.3.12.jar:/home/travis/build/icyphy/ptII/lib/bridj-0.7.0.jar:/home/travis/build/icyphy/ptII/lib/xbjlib-1.1.0.nrjavaserial.jar" />
    <property name="test.batch" value="**/junit/*.java" />
    <property name="env._" value="/usr/bin/timeout" />
    <property name="java.io.tmpdir" value="/tmp" />
    <property name="env.TRAVIS_INTERNAL_RUBY_REGEX" value="^ruby-(2\.[0-4]\.[0-9]|1\.9\.3)" />
    <property name="user.language" value="en" />
    <property name="env.HISTCONTROL" value="ignoredups:ignorespace" />
    <property name="env.GOROOT" value="/home/travis/.gimme/versions/go1.7.4.linux.amd64" />
    <property name="line.separator" value="&#xa;" />
    <property name="target" value="1.8" />
    <property name="env.TRAVIS_BUILD_DIR" value="/home/travis/build/icyphy/ptII" />
    <property name="env.ANT_OPTS" value="-Xmx2048m" />
    <property name="ant.file.type" value="file" />
    <property name="ptolemy.ptII.batchMode" value="true" />
    <property name="env.HISTSIZE" value="1000" />
    <property name="env.MERB_ENV" value="test" />
    <property name="java.vm.info" value="mixed mode" />
    <property name="source" value="1.8" />
    <property name="java.vm.specification.name" value="Java Virtual Machine Specification" />
    <property name="env.TRAVIS_TEST_RESULT" value="0" />
    <property name="jsdoc.command" value="node_modules/@terraswarm/jsdoc/jsdoc.js" />
    <property name="npm.works" value="true" />
    <property name="cobertura.dir" value="/home/travis/build/icyphy/ptII/vendors/cobertura-2.0.3" />
    <property name="env.rvm_path" value="/home/travis/.rvm" />
    <property name="env.GEM_PATH" value="/home/travis/.rvm/gems/ruby-2.4.1:/home/travis/.rvm/gems/ruby-2.4.1@global" />
    <property name="env.LC_CTYPE" value="en_US.UTF-8" />
    <property name="java.awt.printerjob" value="sun.print.PSPrinterJob" />
    <property name="env.TRAVIS_CMD" value="$PTII/bin/ptIITravisBuild.sh $SECONDS" />
    <property name="env.TRAVIS_STACK_NAME" value="garnet" />
    <property name="env.TRAVIS_TIMER_START_TIME" value="1551304428712457759" />
    <property name="ant.version" value="Apache Ant(TM) version 1.10.1 compiled on February 2 2017" />
    <property name="ptII.reports" value="/home/travis/build/icyphy/ptII/reports" />
    <property name="env.TRAVIS_STACK_TIMESTAMP" value="2017-12-05 19:33:09 UTC" />
    <property name="ant.file.type.ptII" value="file" />
    <property name="env.RBENV_SHELL" value="bash" />
    <property name="os.name" value="Linux" />
    <property name="java.specification.vendor" value="Oracle Corporation" />
    <property name="env.rvm_version" value="1.29.3 (latest)" />
    <property name="env.TRAVIS_INFRA" value="gce" />
    <property name="env.TERM" value="xterm" />
    <property name="java.vm.name" value="Java HotSpot(TM) 64-Bit Server VM" />
    <property name="env.TRAVIS_BUILD_NUMBER" value="1023" />
    <property name="env.CI" value="true" />
    <property name="java.library.path" value="/home/travis/pthla/certi-tools/lib:/usr/lib/jni:/usr/local/share/OpenCV/java/:/usr/share/OpenCV/java::/usr/java/packages/lib/amd64:/usr/lib64:/lib64:/lib:/usr/lib" />
    <property name="env.rvm_prefix" value="/home/travis" />
    <property name="env.PATH" value="/home/travis/pthla/certi-tools/share/scripts:/home/travis/.rvm/gems/ruby-2.4.1/bin:/home/travis/.rvm/gems/ruby-2.4.1@global/bin:/home/travis/.rvm/rubies/ruby-2.4.1/bin:/home/travis/.rvm/bin:/home/travis/.nvm/versions/node/v7.10.1/bin:./node_modules/.bin:/home/travis/build/icyphy/ptII/bin:/home/travis/pthla/certi-tools/bin:/home/travis/bin:/home/travis/.local/bin:/opt/pyenv/shims:/home/travis/.phpenv/shims:/home/travis/perl5/perlbrew/bin:/home/travis/.kiex/elixirs/elixir-1.4.5/bin:/home/travis/.kiex/bin:/home/travis/gopath/bin:/home/travis/.gimme/versions/go1.7.4.linux.amd64/bin:/usr/local/phantomjs/bin:/usr/local/phantomjs:/usr/local/neo4j-3.2.7/bin:/usr/local/maven-3.5.2/bin:/usr/local/cmake-3.9.2/bin:/usr/local/clang-5.0.0/bin:/usr/local/sbin:/usr/local/bin:/usr/sbin:/usr/bin:/sbin:/bin:/home/travis/.phpenv/bin:/opt/pyenv/bin:/home/travis/.yarn/bin" />
    <property name="env.TRAVIS_OS_NAME" value="linux" />
    <property name="ant.java.version" value="1.8" />
    <property name="basedir" value="/home/travis/build/icyphy/ptII" />
    <property name="java.class.version" value="52.0" />
    <property name="env.SHLVL" value="3" />
    <property name="env.LD_LIBRARY_PATH" value="/home/travis/pthla/certi-tools/lib:/usr/lib/jni:/usr/local/share/OpenCV/java/:/usr/share/OpenCV/java:" />
    <property name="env.RACK_ENV" value="test" />
    <property name="ant.home" value="/home/travis/build/icyphy/ptII/ant" />
    <property name="env.PERLBREW_BASHRC_VERSION" value="0.80" />
    <property name="env.NVM_DIR" value="/home/travis/.nvm" />
    <property name="env.TRAVIS_BUILD_ID" value="499476714" />
    <property name="env.CERTI_FOM_PATH" value="/home/travis/pthla/certi-tools/share/federations" />
    <property name="env.PYENV_ROOT" value="/opt/pyenv" />
    <property name="env.TRAVIS_UID" value="2000" />
    <property name="env.rvm_pretty_print_flag" value="auto" />
    <property name="env.NVM_BIN" value="/home/travis/.nvm/versions/node/v7.10.1/bin" />
    <property name="env.TRAVIS_COMMIT" value="dc92d4485abcbb8660693330aea28a18c9d6f23a" />
    <property name="env._system_arch" value="x86_64" />
    <property name="node.executable" value="node" />
    <property name="sun.boot.library.path" value="/usr/lib/jvm/java-8-oracle/jre/lib/amd64" />
    <property name="sun.management.compiler" value="HotSpot 64-Bit Tiered Compilers" />
    <property name="env.GOPATH" value="/home/travis/gopath" />
    <property name="java.awt.graphicsenv" value="sun.awt.X11GraphicsEnvironment" />
    <property name="ptolemy.ptII.dir" value="/home/travis/build/icyphy/ptII" />
    <property name="env.USER" value="travis" />
    <property name="env.HISTFILESIZE" value="2000" />
    <property name="timeout.longest" value="19000000" />
    <property name="env.TRAVIS_STACK_FEATURES" value="basic cassandra chromium couchdb disabled-ipv6 docker docker-compose elasticsearch firefox go-toolchain google-chrome jdk memcached mongodb mysql neo4j nodejs_interpreter perl_interpreter perlbrew phantomjs postgresql python_interpreter rabbitmq redis riak ruby_interpreter sqlite xserver" />
    <property name="env.TRAVIS_PULL_REQUEST" value="false" />
    <property name="env.PYENV_SHELL" value="bash" />
    <property name="ant.project.name" value="ptII" />
    <property name="java.vm.specification.version" value="1.8" />
    <property name="env.ANSI_RESET" value="\033[0m" />
    <property name="env.TRAVIS_DIST" value="trusty" />
    <property name="env.CERTI_VERSION" value="4.0.0" />
    <property name="env.NLSPATH" value="/usr/dt/lib/nls/msg/%L/%N.cat" />
    <property name="awt.toolkit" value="sun.awt.X11.XToolkit" />
    <property name="env.CERTI_HOST" value="localhost" />
    <property name="env.MY_RUBY_HOME" value="/home/travis/.rvm/rubies/ruby-2.4.1" />
    <property name="sun.cpu.isalist" value="" />
    <property name="env.TRAVIS_TMPDIR" value="/tmp/tmp.xjgrpbNiPn" />
    <property name="java.ext.dirs" value="/usr/lib/jvm/java-8-oracle/jre/lib/ext:/usr/java/packages/lib/ext" />
    <property name="os.version" value="4.4.0-101-generic" />
    <property name="user.home" value="/home/travis" />
    <property name="env.MIX_ARCHIVES" value="/home/travis/.kiex/mix/elixir-1.4.5" />
    <property name="java.vm.vendor" value="Oracle Corporation" />
    <property name="env.TRAVIS_TAG" value="nightly" />
    <property name="env.ANSI_YELLOW" value="\033[33;1m" />
    <property name="env.TRAVIS_FILTERED" value="redirect_io" />
    <property name="env.ANSI_GREEN" value="\033[32;1m" />
    <property name="env.JAVA_HOME" value="/usr/lib/jvm/java-8-oracle" />
    <property name="env.PTII" value="/home/travis/build/icyphy/ptII" />
    <property name="javadoc.excludepackagenames" value="adm.cvs2svn.*,build.*,config.*,doc.coding.templates.*,jni.test.jni.meaningOfLife.*,jni.test.jni.testDeux.*,jni.test.jni.testTrois.*,org.terraswarm.accessor.accessors.web.node_modules.*,org.terraswarm.accessor.accessors.web.hosts.cordova.demo.*,org.terraswarm.accessor.accessors.web.hosts.cordova.plugins.*,org.terraswarm.accessor.accessors-svn.*,pt-modules.*,ptolemy.apps.agilent.*,ptolemy.apps.anytimecontrol.*,ptolemy.apps.apes.*,ptolemy.apps.charon.*,ptolemy.apps.crazyboard.*,ptolemy.apps.eclipse.*,ptolemy.apps.etherealSting.*,ptolemy.apps.fullscreen.*,ptolemy.apps.giotto.*,ptolemy.apps.ia.*,ptolemy.apps.interfaces.*,ptolemy.apps.jmf.*,ptolemy.apps.kurt.*,ptolemy.apps.kvm.*,ptolemy.apps.lego.*,ptolemy.apps.lejos.*,ptolemy.apps.midp.*,ptolemy.apps.mobileCoding.*,ptolemy.apps.pendulum.*,ptolemy.apps.rijndael.*,ptolemy.apps.robot.*,ptolemy.apps.security.*,ptolemy.apps.sobel.*,ptolemy.apps.soot.*,ptolemy.apps.throttle.*,ptolemy.apps.tini.*,ptolemy.apps.transmission.*,ptolemy.apps.vergil.*,ptolemy.apps.waba.*,ptolemy.apps.websensor.*,ptolemy.apps.webstart.*,ptolemy.apps.xsl.*,ptolemy.apps.zaurus.*,ptolemy.codegen.c.actor.lib.oldJavaFiles.*,ptolemy.codegen.dsp.lib.*,ptolemy.codegen.kernel.newInterfaces.*,ptolemy.codegen.lib.*,ptolemy.copernicus.kernel.fragment.*,ptolemy.copernicus.shallow.cg.*,ptolemy.domains.giotto.demo.Hierarchy.Hierarchy.*,ptolemy.domains.giotto.demo.Multimode.Multimode.*,ptolemy.domains.giotto.demo.Simple.Simple.*,ptolemy.domains.gr.lib.experimental.*,ptolemy.domains.gro.*,ptolemy.domains.pdf.*,ptolemy.domains.ptinyos.demo.Surge.output.*,ptolemy.moml.test.NoPackageActor.java*,ptolemy.plot.adm.*,ptolemy.plot.servlet.*,reports.*,signed.*,src.*,target.*,vendors.*,ptolemy.apps.eclipse.awt.*,ptolemy.backtrack.*,ptolemy.backtrack.ast.*,ptolemy.cg.adapter.generic.program.procedural.c.mbed*,ptolemy.homer.*,org.ptolemy.scala.*,diva.util.java2d.svg.*,ptolemy.domains.ptinyos.*,ptolemy.actor.lib.fmi.fmipp.*,,org.terraswarm.accessor.accessors.web.node_modules.*,org.terraswarm.accessor.accessors-svn,ptolemy.apps.*,ptolemy.actor.ptalon.demo.ptinyos.SendAndReceiveCnt.output,ptolemy.actor.ptalon.demo.ptinyos.SenseToLeds.output,ptolemy.domains.ptinyos.demo.CntToLedsAndRfm.output,ptolemy.domains.ptinyos.demo.RfmToLeds.output,ptolemy.domains.ptinyos.demo.SendAndReceiveCnt.output,ptolemy.domains.ptinyos.demo.SenseToLeds.output,ptolemy.actor.lib.jjs.modules.udpSocket.*" />
    <property name="env.TRAVIS_COMMIT_MESSAGE" value="Desk assignment" />
    <property name="keystore" value="ptKeystore" />
    <property name="env.XDG_SESSION_ID" value="2" />
    <property name="junit.output.dir" value="/home/travis/build/icyphy/ptII/reports/junit" />
    <property name="npm.return.code" value="0" />
    <property name="user.dir" value="/home/travis/build/icyphy/ptII/ptolemy/actor/lib/test" />
    <property name="env.TRAVIS_NODE_VERSION" value="7" />
    <property name="env.XFILESEARCHPATH" value="/usr/dt/app-defaults/%L/Dt" />
    <property name="env.TRAVIS_EVENT_TYPE" value="push" />
    <property name="env.MAIL" value="/var/mail/travis" />
    <property name="env.PWD" value="/home/travis/build/icyphy/ptII" />
    <property name="env.PERLBREW_ROOT" value="/home/travis/perl5/perlbrew" />
    <property name="timeout.npm" value="45000" />
    <property name="env.TRAVIS_ARCH" value="amd64" />
    <property name="env.PAGER" value="cat" />
    <property name="sun.cpu.endian" value="little" />
    <property name="env.TRAVIS_BUILD_STAGE_NAME" value="Test" />
    <property name="env.PERLBREW_HOME" value="/home/travis/.perlbrew" />
    <property name="env.RAILS_ENV" value="test" />
    <property name="java.vm.version" value="25.151-b12" />
    <property name="java.class.path" value="/home/travis/.ptolemyII:/home/travis/.ptolemyII/*:/home/travis/build/icyphy/ptII:/home/travis/build/icyphy/ptII/lib/bsh-2.0b4.jar:/home/travis/build/icyphy/ptII/lib/ptCal.jar:/home/travis/build/icyphy/ptII/lib/java_cup.jar:/home/travis/build/icyphy/ptII/lib/saxon8.jar:/home/travis/build/icyphy/ptII/lib/saxon8-dom.jar:/home/travis/build/icyphy/ptII/lib/chic.jar:/home/travis/build/icyphy/ptII/lib/ptcolt.jar:/usr/lib/jvm/java-8-oracle/lib/tools.jar:/home/travis/build/icyphy/ptII/vendors/misc/itext/iText.jar:/home/travis/build/icyphy/ptII/lib/g4ltl.jar:/home/travis/build/icyphy/ptII/lib/StructuralCoder.jar:/home/travis/build/icyphy/ptII/vendors/jai-1_1_2_01/lib/jai_core.jar:/home/travis/build/icyphy/ptII/vendors/jai-1_1_2_01/lib/jai_codec.jar:/home/travis/build/icyphy/ptII/lib/jcerti.jar:/home/travis/build/icyphy/ptII/lib/javax.mail.jar:/home/travis/build/icyphy/ptII/vendors/JMF-2.1.1e/lib/jmf.jar:/home/travis/build/icyphy/ptII/lib/jna-4.0.0-variadic.jar:/home/travis/build/icyphy/ptII/vendors/misc/joystick/Joystick.jar:/home/travis/build/icyphy/ptII/lib/ptjacl.jar:/home/travis/build/icyphy/ptII/lib/jsoup-1.8.2.jar:/home/travis/build/icyphy/ptII/lib/junit-4.8.2.jar:/home/travis/build/icyphy/ptII/lib/JUnitParams-0.4.0.jar:/home/travis/build/icyphy/ptII/ptolemy/actor/lib/excel/jxl.jar:/home/travis/build/icyphy/ptII/lib/jython.jar:/home/travis/build/icyphy/ptII/lib/kieler.jar:/home/travis/build/icyphy/ptII/vendors/opencv/share/OpenCV/java/opencv-341.jar:/home/travis/build/icyphy/ptII/lib/oscP5.jar:/home/travis/build/icyphy/ptII/lib/nrjavaserial-3.11.0.devel.jar:/home/travis/build/icyphy/ptII/vendors/j3d/lib/j3dcore.jar:/home/travis/build/icyphy/ptII/vendors/j3d/lib/j3dutils.jar:/home/travis/build/icyphy/ptII/vendors/j3d/lib/vecmath.jar:/home/travis/build/icyphy/ptII/ptolemy/distributed/jini/jar/jini-core.jar:/home/travis/build/icyphy/ptII/ptolemy/distributed/jini/jar/jini-ext.jar:/home/travis/build/icyphy/ptII/ptolemy/distributed/jini/jar/sun-util.jar:/home/travis/build/icyphy/ptII/lib/protobuf-java-2.4.1.jar:/home/travis/build/icyphy/ptII/lib/org.eclipse.paho.client.mqttv3.jar:/home/travis/build/icyphy/ptII/lib/mapss.jar:/home/travis/build/icyphy/ptII/ptolemy/actor/ptalon/antlr/antlr.jar:/home/travis/build/icyphy/ptII/lib/JRI.jar:/home/travis/build/icyphy/ptII/lib/commons-lang-2.6.jar:/home/travis/build/icyphy/ptII/lib/commons-logging-1.1.1.jar:/home/travis/build/icyphy/ptII/lib/sootclasses.jar:/home/travis/build/icyphy/ptII/ptolemy/actor/lib/database/mysql-connector-java-5.1.6-bin.jar:/home/travis/build/icyphy/ptII/vendors/misc/sphinx4/sphinx4-data-5prealpha.jar:/home/travis/build/icyphy/ptII/vendors/misc/sphinx4/sphinx4-core-5prealpha.jar:/home/travis/build/icyphy/ptII/lib/PDFRenderer.jar:/home/travis/build/icyphy/ptII/lib/svgSalamander.jar:/home/travis/build/icyphy/ptII/lib/rsyntaxtextarea-2.6.0-SNAPSHOT.jar:/home/travis/build/icyphy/ptII/lib/hazelcast-3.8.2.jar:/home/travis/build/icyphy/ptII/lib/jackson-annotations-2.9.0.jar:/home/travis/build/icyphy/ptII/lib/jackson-core-2.9.3.jar:/home/travis/build/icyphy/ptII/lib/jackson-databind-2.9.3.jar:/home/travis/build/icyphy/ptII/lib/netty-buffer-4.1.19.Final.jar:/home/travis/build/icyphy/ptII/lib/netty-codec-4.1.19.Final.jar:/home/travis/build/icyphy/ptII/lib/netty-codec-dns-4.1.19.Final.jar:/home/travis/build/icyphy/ptII/lib/netty-codec-http-4.1.19.Final.jar:/home/travis/build/icyphy/ptII/lib/netty-codec-http2-4.1.19.Final.jar:/home/travis/build/icyphy/ptII/lib/netty-common-4.1.19.Final.jar:/home/travis/build/icyphy/ptII/lib/netty-handler-4.1.19.Final.jar:/home/travis/build/icyphy/ptII/lib/netty-resolver-4.1.19.Final.jar:/home/travis/build/icyphy/ptII/lib/netty-resolver-dns-4.1.19.Final.jar:/home/travis/build/icyphy/ptII/lib/netty-transport-4.1.19.Final.jar:/home/travis/build/icyphy/ptII/lib/vertx-codegen-3.5.1.jar:/home/travis/build/icyphy/ptII/lib/vertx-core-3.5.2-SNAPSHOT.jar:/home/travis/build/icyphy/ptII/lib/vertx-hazelcast-3.5.1.jar:/home/travis/build/icyphy/ptII/lib/vertx-lang-js-3.5.1.jar:/home/travis/build/icyphy/ptII/lib/vertx-service-proxy-3.5.1.jar:/home/travis/build/icyphy/ptII/lib/vertx-web-3.5.1.jar:/home/travis/build/icyphy/ptII/lib/slf4j-api-1.7.13.jar:/home/travis/build/icyphy/ptII/lib/slf4j-simple-1.7.13.jar:/home/travis/build/icyphy/ptII/lib/webcam-capture-0.3.12.jar:/home/travis/build/icyphy/ptII/lib/bridj-0.7.0.jar:/home/travis/build/icyphy/ptII/lib/xbjlib-1.1.0.nrjavaserial.jar:/home/travis/build/icyphy/ptII/ptolemy/moml/test:/home/travis/build/icyphy/ptII/ant/lib/ant-launcher.jar:/home/travis/build/icyphy/ptII/ant/lib/ant.jar:/home/travis/build/icyphy/ptII/ant/lib/ant-junit.jar:/home/travis/build/icyphy/ptII/ant/lib/ant-junit4.jar" />
    <property name="ant.library.dir" value="/home/travis/build/icyphy/ptII/ant/lib" />
    <property name="os.arch" value="amd64" />
    <property name="env.TRAVIS_LANGUAGE" value="node_js" />
    <property name="env.CONTINUOUS_INTEGRATION" value="true" />
    <property name="env.TRAVIS_STACK_LANGUAGES" value="__garnet__ c c++ clojure cplusplus cpp default go groovy java node_js php pure_java python ruby scala" />
    <property name="test.name" value="ptolemy.actor.lib.test.junit.JUnitTclTest" />
    <property name="sun.java.launcher" value="SUN_STANDARD" />
    <property name="env.PYTHON_CONFIGURE_OPTS" value="--enable-unicode=ucs4 --with-wide-unicode --enable-shared --enable-ipv6 --enable-loadable-sqlite-extensions --with-computed-gotos" />
    <property name="ant.core.lib" value="/home/travis/build/icyphy/ptII/ant/lib/ant.jar" />
    <property name="java.vm.specification.vendor" value="Oracle Corporation" />
    <property name="env.BCVTB_HOME" value="/home/travis/build/icyphy/ptII/lbnl" />
    <property name="file.separator" value="/" />
    <property name="spotbugs.home" value="/home/travis/build/icyphy/ptII/vendors/spotbugs-3.1.1" />
    <property name="java.runtime.version" value="1.8.0_151-b12" />
    <property name="sun.boot.class.path" value="/usr/lib/jvm/java-8-oracle/jre/lib/resources.jar:/usr/lib/jvm/java-8-oracle/jre/lib/rt.jar:/usr/lib/jvm/java-8-oracle/jre/lib/sunrsasign.jar:/usr/lib/jvm/java-8-oracle/jre/lib/jsse.jar:/usr/lib/jvm/java-8-oracle/jre/lib/jce.jar:/usr/lib/jvm/java-8-oracle/jre/lib/charsets.jar:/usr/lib/jvm/java-8-oracle/jre/lib/jfr.jar:/usr/lib/jvm/java-8-oracle/jre/classes" />
    <property name="env.ANSI_CLEAR" value="\033[0K" />
    <property name="env.HAS_JOSH_K_SEAL_OF_APPROVAL" value="true" />
    <property name="env.XDG_RUNTIME_DIR" value="/run/user/2000" />
    <property name="env.TRAVIS_OSX_IMAGE" value="" />
    <property name="env.TRAVIS_BRANCH" value="master" />
    <property name="env.TRAVIS_JOB_ID" value="499476722" />
    <property name="user.country" value="US" />
    <property name="env.CERTI_HOME_TRAVIS" value="/home/travis/pthla/certi-tools" />
    <property name="env.SHELL" value="/bin/bash" />
    <property name="java.maxmemory.large" value="5000m" />
    <property name="model" value="" />
    <property name="env.CASHER_DIR" value="/home/travis/.casher" />
    <property name="env.NVM_CD_FLAGS" value="" />
    <property name="jshint.executable" value="/home/travis/node_modules/jshint/bin/jshint" />
    <property name="java.vendor" value="Oracle Corporation" />
    <property name="env.JRUBY_OPTS" value=" --client -J-XX:+TieredCompilation -J-XX:TieredStopAtLevel=1 -J-Xss2m -Xcompile.invokedynamic=false" />
    <property name="env.TRAVIS_PRE_CHEF_BOOTSTRAP_TIME" value="2017-12-05T19:32:55" />
    <property name="env.TRAVIS_STACK_JOB_BOARD_REGISTER" value="/.job-board-register.yml" />
    <property name="env.ELIXIR_VERSION" value="1.4.5" />
    <property name="env.ANSI_RED" value="\033[31;1m" />
    <property name="java.specification.version" value="1.8" />
    <property name="env.TRAVIS" value="true" />
    <property name="env.IRBRC" value="/home/travis/.rvm/rubies/ruby-2.4.1/.irbrc" />
    <property name="sun.arch.data.model" value="64" />
  </properties>
  <testcase classname="ptolemy.util.test.junit.TclTests" name="[0] /home/travis/build/icyphy/ptII/ptolemy/actor/lib/test/AbsoluteValue.tcl (RunTclFile)" time="0.474" />
  <testcase classname="ptolemy.util.test.junit.TclTests" name="[1] /home/travis/build/icyphy/ptII/ptolemy/actor/lib/test/AddSubtract.tcl (RunTclFile)" time="0.097" />
  <testcase classname="ptolemy.util.test.junit.TclTests" name="[2] /home/travis/build/icyphy/ptII/ptolemy/actor/lib/test/Average.tcl (RunTclFile)" time="0.065" />
  <testcase classname="ptolemy.util.test.junit.TclTests" name="[3] /home/travis/build/icyphy/ptII/ptolemy/actor/lib/test/Bernoulli.tcl (RunTclFile)" time="0.036" />
  <testcase classname="ptolemy.util.test.junit.TclTests" name="[4] /home/travis/build/icyphy/ptII/ptolemy/actor/lib/test/Clock.tcl (RunTclFile)" time="0.099" />
  <testcase classname="ptolemy.util.test.junit.TclTests" name="[5] /home/travis/build/icyphy/ptII/ptolemy/actor/lib/test/Commutator.tcl (RunTclFile)" time="0.09" />
  <testcase classname="ptolemy.util.test.junit.TclTests" name="[6] /home/travis/build/icyphy/ptII/ptolemy/actor/lib/test/Const.tcl (RunTclFile)" time="0.143" />
  <testcase classname="ptolemy.util.test.junit.TclTests" name="[7] /home/travis/build/icyphy/ptII/ptolemy/actor/lib/test/CurrentTime.tcl (RunTclFile)" time="0.027" />
  <testcase classname="ptolemy.util.test.junit.TclTests" name="[8] /home/travis/build/icyphy/ptII/ptolemy/actor/lib/test/DB.tcl (RunTclFile)" time="0.02" />
  <testcase classname="ptolemy.util.test.junit.TclTests" name="[9] /home/travis/build/icyphy/ptII/ptolemy/actor/lib/test/DiscreteRandomSource.tcl (RunTclFile)" time="0.025" />
  <testcase classname="ptolemy.util.test.junit.TclTests" name="[10] /home/travis/build/icyphy/ptII/ptolemy/actor/lib/test/Distributor.tcl (RunTclFile)" time="0.064" />
  <testcase classname="ptolemy.util.test.junit.TclTests" name="[11] /home/travis/build/icyphy/ptII/ptolemy/actor/lib/test/Exit.tcl (RunTclFile)" time="0.061" />
  <testcase classname="ptolemy.util.test.junit.TclTests" name="[12] /home/travis/build/icyphy/ptII/ptolemy/actor/lib/test/Expression.tcl (RunTclFile)" time="0.133" />
  <testcase classname="ptolemy.util.test.junit.TclTests" name="[13] /home/travis/build/icyphy/ptII/ptolemy/actor/lib/test/Gaussian.tcl (RunTclFile)" time="0.336" />
  <testcase classname="ptolemy.util.test.junit.TclTests" name="[14] /home/travis/build/icyphy/ptII/ptolemy/actor/lib/test/IIR.tcl (RunTclFile)" time="0.039" />
  <testcase classname="ptolemy.util.test.junit.TclTests" name="[15] /home/travis/build/icyphy/ptII/ptolemy/actor/lib/test/Interpolator.tcl (RunTclFile)" time="0.122" />
  <testcase classname="ptolemy.util.test.junit.TclTests" name="[16] /home/travis/build/icyphy/ptII/ptolemy/actor/lib/test/MathFunction.tcl (RunTclFile)" time="0.042" />
  <testcase classname="ptolemy.util.test.junit.TclTests" name="[17] /home/travis/build/icyphy/ptII/ptolemy/actor/lib/test/Maximum.tcl (RunTclFile)" time="0.028" />
  <testcase classname="ptolemy.util.test.junit.TclTests" name="[18] /home/travis/build/icyphy/ptII/ptolemy/actor/lib/test/Minimum.tcl (RunTclFile)" time="0.028" />
  <testcase classname="ptolemy.util.test.junit.TclTests" name="[19] /home/travis/build/icyphy/ptII/ptolemy/actor/lib/test/MultiplyDivide.tcl (RunTclFile)" time="0.022" />
  <testcase classname="ptolemy.util.test.junit.TclTests" name="[20] /home/travis/build/icyphy/ptII/ptolemy/actor/lib/test/OrderedMerge.tcl (RunTclFile)" time="0.088" />
  <testcase classname="ptolemy.util.test.junit.TclTests" name="[21] /home/travis/build/icyphy/ptII/ptolemy/actor/lib/test/Publisher.tcl (RunTclFile)" time="0.734" />
  <testcase classname="ptolemy.util.test.junit.TclTests" name="[22] /home/travis/build/icyphy/ptII/ptolemy/actor/lib/test/Pulse.tcl (RunTclFile)" time="0.074" />
  <testcase classname="ptolemy.util.test.junit.TclTests" name="[23] /home/travis/build/icyphy/ptII/ptolemy/actor/lib/test/Ramp.tcl (RunTclFile)" time="1.799" />
  <testcase classname="ptolemy.util.test.junit.TclTests" name="[24] /home/travis/build/icyphy/ptII/ptolemy/actor/lib/test/RampContinuous.tcl (RunTclFile)" time="0.017" />
  <testcase classname="ptolemy.util.test.junit.TclTests" name="[25] /home/travis/build/icyphy/ptII/ptolemy/actor/lib/test/RecordAssembler.tcl (RunTclFile)" time="0.015" />
  <testcase classname="ptolemy.util.test.junit.TclTests" name="[26] /home/travis/build/icyphy/ptII/ptolemy/actor/lib/test/RecordDisassembler.tcl (RunTclFile)" time="0.017" />
  <testcase classname="ptolemy.util.test.junit.TclTests" name="[27] /home/travis/build/icyphy/ptII/ptolemy/actor/lib/test/Scale.tcl (RunTclFile)" time="0.017" />
  <testcase classname="ptolemy.util.test.junit.TclTests" name="[28] /home/travis/build/icyphy/ptII/ptolemy/actor/lib/test/SequentialClock.tcl (RunTclFile)" time="0.019" />
  <testcase classname="ptolemy.util.test.junit.TclTests" name="[29] /home/travis/build/icyphy/ptII/ptolemy/actor/lib/test/SetVariable.tcl (RunTclFile)" time="0.014" />
  <testcase classname="ptolemy.util.test.junit.TclTests" name="[30] /home/travis/build/icyphy/ptII/ptolemy/actor/lib/test/Sinewave.tcl (RunTclFile)" time="0.051" />
  <testcase classname="ptolemy.util.test.junit.TclTests" name="[31] /home/travis/build/icyphy/ptII/ptolemy/actor/lib/test/SubscriptionAggregator.tcl (RunTclFile)" time="1.94" />
  <testcase classname="ptolemy.util.test.junit.TclTests" name="[32] /home/travis/build/icyphy/ptII/ptolemy/actor/lib/test/Test.tcl (RunTclFile)" time="0.085" />
  <testcase classname="ptolemy.util.test.junit.TclTests" name="[33] /home/travis/build/icyphy/ptII/ptolemy/actor/lib/test/TestExceptionHandler.tcl (RunTclFile)" time="0.012" />
  <testcase classname="ptolemy.util.test.junit.TclTests" name="[34] /home/travis/build/icyphy/ptII/ptolemy/actor/lib/test/UnionDisassembler.tcl (RunTclFile)" time="0.065" />
  <testcase classname="ptolemy.util.test.junit.TclTests" name="[35] /home/travis/build/icyphy/ptII/ptolemy/actor/lib/test/VariableClock.tcl (RunTclFile)" time="0.029" />
  <testcase classname="ptolemy.util.test.junit.AutoKnownFailedTests" name="[0] /home/travis/build/icyphy/ptII/ptolemy/actor/lib/test/auto/knownFailedTests/PublisherPortToplevelSubscriber.xml (RunModel)" time="0.02" />
  <testcase classname="ptolemy.util.test.junit.AutoKnownFailedTests" name="[1] /home/travis/build/icyphy/ptII/ptolemy/actor/lib/test/auto/knownFailedTests/PublisherSubscriberPortToplevel.xml (RunModel)" time="0.02" />
  <testcase classname="ptolemy.util.test.junit.AutoKnownFailedTests" name="[2] /home/travis/build/icyphy/ptII/ptolemy/actor/lib/test/auto/knownFailedTests/PublisherSubscriptionAggregatorPort.xml (RunModel)" time="0.028" />
  <testcase classname="ptolemy.util.test.junit.AutoKnownFailedTests" name="[3] /home/travis/build/icyphy/ptII/ptolemy/actor/lib/test/auto/knownFailedTests/sizedarray3.xml (RunModel)" time="0.026" />
  <testcase classname="ptolemy.util.test.junit.AutoNameArchTests" name="[0] ThereAreNoAutoArchTests (RunModel)" time="0.001" />
  <testcase classname="ptolemy.util.test.junit.AutoTests" name="[0] /home/travis/build/icyphy/ptII/ptolemy/actor/lib/test/auto/AbsoluteValue.xml (RunModel)" time="0.111" />
  <testcase classname="ptolemy.util.test.junit.AutoTests" name="[1] /home/travis/build/icyphy/ptII/ptolemy/actor/lib/test/auto/AbsoluteValue2.xml (RunModel)" time="0.079" />
  <testcase classname="ptolemy.util.test.junit.AutoTests" name="[2] /home/travis/build/icyphy/ptII/ptolemy/actor/lib/test/auto/Accumulator.xml (RunModel)" time="0.058" />
  <testcase classname="ptolemy.util.test.junit.AutoTests" name="[3] /home/travis/build/icyphy/ptII/ptolemy/actor/lib/test/auto/Accumulator2.xml (RunModel)" time="0.048" />
  <testcase classname="ptolemy.util.test.junit.AutoTests" name="[4] /home/travis/build/icyphy/ptII/ptolemy/actor/lib/test/auto/Accumulator3.xml (RunModel)" time="0.039" />
  <testcase classname="ptolemy.util.test.junit.AutoTests" name="[5] /home/travis/build/icyphy/ptII/ptolemy/actor/lib/test/auto/ArrayAppend.xml (RunModel)" time="0.05" />
  <testcase classname="ptolemy.util.test.junit.AutoTests" name="[6] /home/travis/build/icyphy/ptII/ptolemy/actor/lib/test/auto/ArrayAppend2.xml (RunModel)" time="0.337" />
  <testcase classname="ptolemy.util.test.junit.AutoTests" name="[7] /home/travis/build/icyphy/ptII/ptolemy/actor/lib/test/auto/ArrayAppend3.xml (RunModel)" time="0.027" />
  <testcase classname="ptolemy.util.test.junit.AutoTests" name="[8] /home/travis/build/icyphy/ptII/ptolemy/actor/lib/test/auto/ArrayAppend4.xml (RunModel)" time="0.028" />
  <testcase classname="ptolemy.util.test.junit.AutoTests" name="[9] /home/travis/build/icyphy/ptII/ptolemy/actor/lib/test/auto/ArrayAppend5.xml (RunModel)" time="0.027" />
  <testcase classname="ptolemy.util.test.junit.AutoTests" name="[10] /home/travis/build/icyphy/ptII/ptolemy/actor/lib/test/auto/ArrayAppend6.xml (RunModel)" time="0.021" />
  <testcase classname="ptolemy.util.test.junit.AutoTests" name="[11] /home/travis/build/icyphy/ptII/ptolemy/actor/lib/test/auto/ArrayAppendPerformanceTest.xml (RunModel)" time="0.054" />
  <testcase classname="ptolemy.util.test.junit.AutoTests" name="[12] /home/travis/build/icyphy/ptII/ptolemy/actor/lib/test/auto/ArrayAppendWithEmptyInput.xml (RunModel)" time="0.075" />
  <testcase classname="ptolemy.util.test.junit.AutoTests" name="[13] /home/travis/build/icyphy/ptII/ptolemy/actor/lib/test/auto/ArrayAverage.xml (RunModel)" time="0.066" />
  <testcase classname="ptolemy.util.test.junit.AutoTests" name="[14] /home/travis/build/icyphy/ptII/ptolemy/actor/lib/test/auto/ArrayContains.xml (RunModel)" time="0.036" />
  <testcase classname="ptolemy.util.test.junit.AutoTests" name="[15] /home/travis/build/icyphy/ptII/ptolemy/actor/lib/test/auto/ArrayElement.xml (RunModel)" time="0.038" />
  <testcase classname="ptolemy.util.test.junit.AutoTests" name="[16] /home/travis/build/icyphy/ptII/ptolemy/actor/lib/test/auto/ArrayElementAsMatrix.xml (RunModel)" time="0.052" />
  <testcase classname="ptolemy.util.test.junit.AutoTests" name="[17] /home/travis/build/icyphy/ptII/ptolemy/actor/lib/test/auto/ArrayElementI.xml (RunModel)" time="0.025" />
  <testcase classname="ptolemy.util.test.junit.AutoTests" name="[18] /home/travis/build/icyphy/ptII/ptolemy/actor/lib/test/auto/ArrayExtract.xml (RunModel)" time="0.05" />
  <testcase classname="ptolemy.util.test.junit.AutoTests" name="[19] /home/travis/build/icyphy/ptII/ptolemy/actor/lib/test/auto/ArrayExtract2.xml (RunModel)" time="0.02" />
  <testcase classname="ptolemy.util.test.junit.AutoTests" name="[20] /home/travis/build/icyphy/ptII/ptolemy/actor/lib/test/auto/ArrayLength.xml (RunModel)" time="0.02" />
  <testcase classname="ptolemy.util.test.junit.AutoTests" name="[21] /home/travis/build/icyphy/ptII/ptolemy/actor/lib/test/auto/ArrayLevelCrossing.xml (RunModel)" time="0.028" />
  <testcase classname="ptolemy.util.test.junit.AutoTests" name="[22] /home/travis/build/icyphy/ptII/ptolemy/actor/lib/test/auto/ArrayLevelCrossing2.xml (RunModel)" time="0.032" />
  <testcase classname="ptolemy.util.test.junit.AutoTests" name="[23] /home/travis/build/icyphy/ptII/ptolemy/actor/lib/test/auto/ArrayPeakSearch.xml (RunModel)" time="0.034" />
  <testcase classname="ptolemy.util.test.junit.AutoTests" name="[24] /home/travis/build/icyphy/ptII/ptolemy/actor/lib/test/auto/ArrayPeakSearch2.xml (RunModel)" time="0.045" />
  <testcase classname="ptolemy.util.test.junit.AutoTests" name="[25] /home/travis/build/icyphy/ptII/ptolemy/actor/lib/test/auto/ArrayPeakSearch3.xml (RunModel)" time="0.031" />
  <testcase classname="ptolemy.util.test.junit.AutoTests" name="[26] /home/travis/build/icyphy/ptII/ptolemy/actor/lib/test/auto/ArrayRemoveElement.xml (RunModel)" time="0.03" />
  <testcase classname="ptolemy.util.test.junit.AutoTests" name="[27] /home/travis/build/icyphy/ptII/ptolemy/actor/lib/test/auto/ArraySort.xml (RunModel)" time="0.027" />
  <testcase classname="ptolemy.util.test.junit.AutoTests" name="[28] /home/travis/build/icyphy/ptII/ptolemy/actor/lib/test/auto/ArraySum.xml (RunModel)" time="0.021" />
  <testcase classname="ptolemy.util.test.junit.AutoTests" name="[29] /home/travis/build/icyphy/ptII/ptolemy/actor/lib/test/auto/ArrayToElements.xml (RunModel)" time="0.024" />
  <testcase classname="ptolemy.util.test.junit.AutoTests" name="[30] /home/travis/build/icyphy/ptII/ptolemy/actor/lib/test/auto/ArrayToMatrix.xml (RunModel)" time="0.061" />
  <testcase classname="ptolemy.util.test.junit.AutoTests" name="[31] /home/travis/build/icyphy/ptII/ptolemy/actor/lib/test/auto/ArrayUpdate1.xml (RunModel)" time="0.016" />
  <testcase classname="ptolemy.util.test.junit.AutoTests" name="[32] /home/travis/build/icyphy/ptII/ptolemy/actor/lib/test/auto/ArrayUpdate2.xml (RunModel)" time="0.018" />
  <testcase classname="ptolemy.util.test.junit.AutoTests" name="[33] /home/travis/build/icyphy/ptII/ptolemy/actor/lib/test/auto/ArrayUpdate3.xml (RunModel)" time="0.031" />
  <testcase classname="ptolemy.util.test.junit.AutoTests" name="[34] /home/travis/build/icyphy/ptII/ptolemy/actor/lib/test/auto/Assert1.xml (RunModel)" time="0.031" />
  <testcase classname="ptolemy.util.test.junit.AutoTests" name="[35] /home/travis/build/icyphy/ptII/ptolemy/actor/lib/test/auto/Assert2.xml (RunModel)" time="0.075" />
  <testcase classname="ptolemy.util.test.junit.AutoTests" name="[36] /home/travis/build/icyphy/ptII/ptolemy/actor/lib/test/auto/BooleanMultiplexor.xml (RunModel)" time="0.012" />
  <testcase classname="ptolemy.util.test.junit.AutoTests" name="[37] /home/travis/build/icyphy/ptII/ptolemy/actor/lib/test/auto/BooleanMultiplexor2.xml (RunModel)" time="0.024" />
  <testcase classname="ptolemy.util.test.junit.AutoTests" name="[38] /home/travis/build/icyphy/ptII/ptolemy/actor/lib/test/auto/BooleanMultiplexor3.xml (RunModel)" time="0.024" />
  <testcase classname="ptolemy.util.test.junit.AutoTests" name="[39] /home/travis/build/icyphy/ptII/ptolemy/actor/lib/test/auto/BooleanSelect.xml (RunModel)" time="0.026" />
  <testcase classname="ptolemy.util.test.junit.AutoTests" name="[40] /home/travis/build/icyphy/ptII/ptolemy/actor/lib/test/auto/BooleanSelect2.xml (RunModel)" time="0.02" />
  <testcase classname="ptolemy.util.test.junit.AutoTests" name="[41] /home/travis/build/icyphy/ptII/ptolemy/actor/lib/test/auto/BooleanSwitch.xml (RunModel)" time="0.016" />
  <testcase classname="ptolemy.util.test.junit.AutoTests" name="[42] /home/travis/build/icyphy/ptII/ptolemy/actor/lib/test/auto/BooleanSwitch2.xml (RunModel)" time="0.012" />
  <testcase classname="ptolemy.util.test.junit.AutoTests" name="[43] /home/travis/build/icyphy/ptII/ptolemy/actor/lib/test/auto/BooleanSwitchCloningBugWithClassRelationGroup.xml (RunModel)" time="0.025" />
  <testcase classname="ptolemy.util.test.junit.AutoTests" name="[44] /home/travis/build/icyphy/ptII/ptolemy/actor/lib/test/auto/BusActors.xml (RunModel)" time="0.028" />
  <testcase classname="ptolemy.util.test.junit.AutoTests" name="[45] /home/travis/build/icyphy/ptII/ptolemy/actor/lib/test/auto/ClassWrapper.xml (RunModel)" time="0.009" />
  <testcase classname="ptolemy.util.test.junit.AutoTests" name="[46] /home/travis/build/icyphy/ptII/ptolemy/actor/lib/test/auto/Clock.xml (RunModel)" time="0.008" />
  <testcase classname="ptolemy.util.test.junit.AutoTests" name="[47] /home/travis/build/icyphy/ptII/ptolemy/actor/lib/test/auto/Clock10.xml (RunModel)" time="0.018" />
  <testcase classname="ptolemy.util.test.junit.AutoTests" name="[48] /home/travis/build/icyphy/ptII/ptolemy/actor/lib/test/auto/Clock11.xml (RunModel)" time="0.017" />
  <testcase classname="ptolemy.util.test.junit.AutoTests" name="[49] /home/travis/build/icyphy/ptII/ptolemy/actor/lib/test/auto/Clock12.xml (RunModel)" time="0.014" />
  <testcase classname="ptolemy.util.test.junit.AutoTests" name="[50] /home/travis/build/icyphy/ptII/ptolemy/actor/lib/test/auto/Clock13.xml (RunModel)" time="0.023" />
  <testcase classname="ptolemy.util.test.junit.AutoTests" name="[51] /home/travis/build/icyphy/ptII/ptolemy/actor/lib/test/auto/Clock14.xml (RunModel)" time="0.019" />
  <testcase classname="ptolemy.util.test.junit.AutoTests" name="[52] /home/travis/build/icyphy/ptII/ptolemy/actor/lib/test/auto/Clock15.xml (RunModel)" time="0.022" />
  <testcase classname="ptolemy.util.test.junit.AutoTests" name="[53] /home/travis/build/icyphy/ptII/ptolemy/actor/lib/test/auto/Clock16.xml (RunModel)" time="0.079" />
  <testcase classname="ptolemy.util.test.junit.AutoTests" name="[54] /home/travis/build/icyphy/ptII/ptolemy/actor/lib/test/auto/Clock17.xml (RunModel)" time="0.044" />
  <testcase classname="ptolemy.util.test.junit.AutoTests" name="[55] /home/travis/build/icyphy/ptII/ptolemy/actor/lib/test/auto/Clock18.xml (RunModel)" time="0.051" />
  <testcase classname="ptolemy.util.test.junit.AutoTests" name="[56] /home/travis/build/icyphy/ptII/ptolemy/actor/lib/test/auto/Clock19.xml (RunModel)" time="0.049" />
  <testcase classname="ptolemy.util.test.junit.AutoTests" name="[57] /home/travis/build/icyphy/ptII/ptolemy/actor/lib/test/auto/Clock2.xml (RunModel)" time="0.015" />
  <testcase classname="ptolemy.util.test.junit.AutoTests" name="[58] /home/travis/build/icyphy/ptII/ptolemy/actor/lib/test/auto/Clock20.xml (RunModel)" time="0.02" />
  <testcase classname="ptolemy.util.test.junit.AutoTests" name="[59] /home/travis/build/icyphy/ptII/ptolemy/actor/lib/test/auto/Clock21.xml (RunModel)" time="0.019" />
  <testcase classname="ptolemy.util.test.junit.AutoTests" name="[60] /home/travis/build/icyphy/ptII/ptolemy/actor/lib/test/auto/Clock22.xml (RunModel)" time="0.014" />
  <testcase classname="ptolemy.util.test.junit.AutoTests" name="[61] /home/travis/build/icyphy/ptII/ptolemy/actor/lib/test/auto/Clock23.xml (RunModel)" time="0.019" />
  <testcase classname="ptolemy.util.test.junit.AutoTests" name="[62] /home/travis/build/icyphy/ptII/ptolemy/actor/lib/test/auto/Clock24.xml (RunModel)" time="0.015" />
  <testcase classname="ptolemy.util.test.junit.AutoTests" name="[63] /home/travis/build/icyphy/ptII/ptolemy/actor/lib/test/auto/Clock4.xml (RunModel)" time="0.014" />
  <testcase classname="ptolemy.util.test.junit.AutoTests" name="[64] /home/travis/build/icyphy/ptII/ptolemy/actor/lib/test/auto/Clock5.xml (RunModel)" time="0.013" />
  <testcase classname="ptolemy.util.test.junit.AutoTests" name="[65] /home/travis/build/icyphy/ptII/ptolemy/actor/lib/test/auto/Clock6.xml (RunModel)" time="0.019" />
  <testcase classname="ptolemy.util.test.junit.AutoTests" name="[66] /home/travis/build/icyphy/ptII/ptolemy/actor/lib/test/auto/Clock7.xml (RunModel)" time="0.008" />
  <testcase classname="ptolemy.util.test.junit.AutoTests" name="[67] /home/travis/build/icyphy/ptII/ptolemy/actor/lib/test/auto/Clock8.xml (RunModel)" time="0.013" />
  <testcase classname="ptolemy.util.test.junit.AutoTests" name="[68] /home/travis/build/icyphy/ptII/ptolemy/actor/lib/test/auto/Clock9.xml (RunModel)" time="0.013" />
  <testcase classname="ptolemy.util.test.junit.AutoTests" name="[69] /home/travis/build/icyphy/ptII/ptolemy/actor/lib/test/auto/CommDistDiscard.xml (RunModel)" time="0.015" />
  <testcase classname="ptolemy.util.test.junit.AutoTests" name="[70] /home/travis/build/icyphy/ptII/ptolemy/actor/lib/test/auto/Commutator.xml (RunModel)" time="0.011" />
  <testcase classname="ptolemy.util.test.junit.AutoTests" name="[71] /home/travis/build/icyphy/ptII/ptolemy/actor/lib/test/auto/Commutator2.xml (RunModel)" time="0.011" />
  <testcase classname="ptolemy.util.test.junit.AutoTests" name="[72] /home/travis/build/icyphy/ptII/ptolemy/actor/lib/test/auto/Commutator3.xml (RunModel)" time="0.008" />
  <testcase classname="ptolemy.util.test.junit.AutoTests" name="[73] /home/travis/build/icyphy/ptII/ptolemy/actor/lib/test/auto/Compare.xml (RunModel)" time="0.016" />
  <testcase classname="ptolemy.util.test.junit.AutoTests" name="[74] /home/travis/build/icyphy/ptII/ptolemy/actor/lib/test/auto/CompareDE.xml (RunModel)" time="0.018" />
  <testcase classname="ptolemy.util.test.junit.AutoTests" name="[75] /home/travis/build/icyphy/ptII/ptolemy/actor/lib/test/auto/ComplexDivide.xml (RunModel)" time="0.013" />
  <testcase classname="ptolemy.util.test.junit.AutoTests" name="[76] /home/travis/build/icyphy/ptII/ptolemy/actor/lib/test/auto/ComputeHistogram.xml (RunModel)" time="0.05" />
  <testcase classname="ptolemy.util.test.junit.AutoTests" name="[77] /home/travis/build/icyphy/ptII/ptolemy/actor/lib/test/auto/ConfigurationSelect.xml (RunModel)" time="0.013" />
  <testcase classname="ptolemy.util.test.junit.AutoTests" name="[78] /home/travis/build/icyphy/ptII/ptolemy/actor/lib/test/auto/ConfigurationSelect2.xml (RunModel)" time="0.011" />
  <testcase classname="ptolemy.util.test.junit.AutoTests" name="[79] /home/travis/build/icyphy/ptII/ptolemy/actor/lib/test/auto/ConfigurationSwitch.xml (RunModel)" time="0.016" />
  <testcase classname="ptolemy.util.test.junit.AutoTests" name="[80] /home/travis/build/icyphy/ptII/ptolemy/actor/lib/test/auto/ConfigurationSwitch2.xml (RunModel)" time="0.024" />
  <testcase classname="ptolemy.util.test.junit.AutoTests" name="[81] /home/travis/build/icyphy/ptII/ptolemy/actor/lib/test/auto/ConfigurationSwitchCloningBugWithClassRelationGroup.xml (RunModel)" time="0.026" />
  <testcase classname="ptolemy.util.test.junit.AutoTests" name="[82] /home/travis/build/icyphy/ptII/ptolemy/actor/lib/test/auto/ConfigurationSwitchSelectSDF.xml (RunModel)" time="0.016" />
  <testcase classname="ptolemy.util.test.junit.AutoTests" name="[83] /home/travis/build/icyphy/ptII/ptolemy/actor/lib/test/auto/ConfigurationSwitchSelectSDF2.xml (RunModel)" time="0.013" />
  <testcase classname="ptolemy.util.test.junit.AutoTests" name="[84] /home/travis/build/icyphy/ptII/ptolemy/actor/lib/test/auto/Const.xml (RunModel)" time="0.007" />
  <testcase classname="ptolemy.util.test.junit.AutoTests" name="[85] /home/travis/build/icyphy/ptII/ptolemy/actor/lib/test/auto/Const2.xml (RunModel)" time="0.012" />
  <testcase classname="ptolemy.util.test.junit.AutoTests" name="[86] /home/travis/build/icyphy/ptII/ptolemy/actor/lib/test/auto/Const3.xml (RunModel)" time="0.008" />
  <testcase classname="ptolemy.util.test.junit.AutoTests" name="[87] /home/travis/build/icyphy/ptII/ptolemy/actor/lib/test/auto/ConstantPublisherPort1.xml (RunModel)" time="0.028" />
  <testcase classname="ptolemy.util.test.junit.AutoTests" name="[88] /home/travis/build/icyphy/ptII/ptolemy/actor/lib/test/auto/ConstantPublisherPort2.xml (RunModel)" time="0.024" />
  <testcase classname="ptolemy.util.test.junit.AutoTests" name="[89] /home/travis/build/icyphy/ptII/ptolemy/actor/lib/test/auto/ConstantPublisherPort3.xml (RunModel)" time="0.024" />
  <testcase classname="ptolemy.util.test.junit.AutoTests" name="[90] /home/travis/build/icyphy/ptII/ptolemy/actor/lib/test/auto/ConstantPublisherPort4.xml (RunModel)" time="0.023" />
  <testcase classname="ptolemy.util.test.junit.AutoTests" name="[91] /home/travis/build/icyphy/ptII/ptolemy/actor/lib/test/auto/ConstantPublisherPort5.xml (RunModel)" time="0.039" />
  <testcase classname="ptolemy.util.test.junit.AutoTests" name="[92] /home/travis/build/icyphy/ptII/ptolemy/actor/lib/test/auto/ConstantPublisherPort6.xml (RunModel)" time="0.062" />
  <testcase classname="ptolemy.util.test.junit.AutoTests" name="[93] /home/travis/build/icyphy/ptII/ptolemy/actor/lib/test/auto/ConstantPublisherPort7.xml (RunModel)" time="0.03" />
  <testcase classname="ptolemy.util.test.junit.AutoTests" name="[94] /home/travis/build/icyphy/ptII/ptolemy/actor/lib/test/auto/ConstraintMonitor1.xml (RunModel)" time="0.031" />
  <testcase classname="ptolemy.util.test.junit.AutoTests" name="[95] /home/travis/build/icyphy/ptII/ptolemy/actor/lib/test/auto/ConstraintMonitor2.xml (RunModel)" time="0.013" />
  <testcase classname="ptolemy.util.test.junit.AutoTests" name="[96] /home/travis/build/icyphy/ptII/ptolemy/actor/lib/test/auto/ConstraintMonitor3.xml (RunModel)" time="0.02" />
  <testcase classname="ptolemy.util.test.junit.AutoTests" name="[97] /home/travis/build/icyphy/ptII/ptolemy/actor/lib/test/auto/ConstraintMonitor4.xml (RunModel)" time="0.014" />
  <testcase classname="ptolemy.util.test.junit.AutoTests" name="[98] /home/travis/build/icyphy/ptII/ptolemy/actor/lib/test/auto/ConstraintMonitor5.xml (RunModel)" time="0.009" />
  <testcase classname="ptolemy.util.test.junit.AutoTests" name="[99] /home/travis/build/icyphy/ptII/ptolemy/actor/lib/test/auto/ConstraintMonitor6.xml (RunModel)" time="0.023" />
  <testcase classname="ptolemy.util.test.junit.AutoTests" name="[100] /home/travis/build/icyphy/ptII/ptolemy/actor/lib/test/auto/ConstraintMonitor7.xml (RunModel)" time="0.012" />
  <testcase classname="ptolemy.util.test.junit.AutoTests" name="[101] /home/travis/build/icyphy/ptII/ptolemy/actor/lib/test/auto/ConstraintMonitor8.xml (RunModel)" time="0.017" />
  <testcase classname="ptolemy.util.test.junit.AutoTests" name="[102] /home/travis/build/icyphy/ptII/ptolemy/actor/lib/test/auto/Counter.xml (RunModel)" time="0.017" />
  <testcase classname="ptolemy.util.test.junit.AutoTests" name="[103] /home/travis/build/icyphy/ptII/ptolemy/actor/lib/test/auto/CurrentTimeSDF.xml (RunModel)" time="0.008" />
  <testcase classname="ptolemy.util.test.junit.AutoTests" name="[104] /home/travis/build/icyphy/ptII/ptolemy/actor/lib/test/auto/DB.xml (RunModel)" time="0.011" />
  <testcase classname="ptolemy.util.test.junit.AutoTests" name="[105] /home/travis/build/icyphy/ptII/ptolemy/actor/lib/test/auto/DBDE.xml (RunModel)" time="0.019" />
  <testcase classname="ptolemy.util.test.junit.AutoTests" name="[106] /home/travis/build/icyphy/ptII/ptolemy/actor/lib/test/auto/DateConstructor.xml (RunModel)" time="0.041" />
  <testcase classname="ptolemy.util.test.junit.AutoTests" name="[107] /home/travis/build/icyphy/ptII/ptolemy/actor/lib/test/auto/DelayTime.xml (RunModel)" time="0.016" />
  <testcase classname="ptolemy.util.test.junit.AutoTests" name="[108] /home/travis/build/icyphy/ptII/ptolemy/actor/lib/test/auto/Dictionary1.xml (RunModel)" time="0.015" />
  <testcase classname="ptolemy.util.test.junit.AutoTests" name="[109] /home/travis/build/icyphy/ptII/ptolemy/actor/lib/test/auto/Dictionary2.xml (RunModel)" time="0.012" />
  <testcase classname="ptolemy.util.test.junit.AutoTests" name="[110] /home/travis/build/icyphy/ptII/ptolemy/actor/lib/test/auto/Dictionary3.xml (RunModel)" time="0.011" />
  <testcase classname="ptolemy.util.test.junit.AutoTests" name="[111] /home/travis/build/icyphy/ptII/ptolemy/actor/lib/test/auto/Dictionary4.xml (RunModel)" time="0.019" />
  <testcase classname="ptolemy.util.test.junit.AutoTests" name="[112] /home/travis/build/icyphy/ptII/ptolemy/actor/lib/test/auto/Differential.xml (RunModel)" time="0.009" />
  <testcase classname="ptolemy.util.test.junit.AutoTests" name="[113] /home/travis/build/icyphy/ptII/ptolemy/actor/lib/test/auto/Director.xml (RunModel)" time="0.009" />
  <testcase classname="ptolemy.util.test.junit.AutoTests" name="[114] /home/travis/build/icyphy/ptII/ptolemy/actor/lib/test/auto/DiscreteClock.xml (RunModel)" time="0.008" />
  <testcase classname="ptolemy.util.test.junit.AutoTests" name="[115] /home/travis/build/icyphy/ptII/ptolemy/actor/lib/test/auto/DiscreteClock10.xml (RunModel)" time="0.012" />
  <testcase classname="ptolemy.util.test.junit.AutoTests" name="[116] /home/travis/build/icyphy/ptII/ptolemy/actor/lib/test/auto/DiscreteClock11.xml (RunModel)" time="0.012" />
  <testcase classname="ptolemy.util.test.junit.AutoTests" name="[117] /home/travis/build/icyphy/ptII/ptolemy/actor/lib/test/auto/DiscreteClock12.xml (RunModel)" time="0.013" />
  <testcase classname="ptolemy.util.test.junit.AutoTests" name="[118] /home/travis/build/icyphy/ptII/ptolemy/actor/lib/test/auto/DiscreteClock13.xml (RunModel)" time="0.015" />
  <testcase classname="ptolemy.util.test.junit.AutoTests" name="[119] /home/travis/build/icyphy/ptII/ptolemy/actor/lib/test/auto/DiscreteClock14.xml (RunModel)" time="0.017" />
  <testcase classname="ptolemy.util.test.junit.AutoTests" name="[120] /home/travis/build/icyphy/ptII/ptolemy/actor/lib/test/auto/DiscreteClock15.xml (RunModel)" time="0.015" />
  <testcase classname="ptolemy.util.test.junit.AutoTests" name="[121] /home/travis/build/icyphy/ptII/ptolemy/actor/lib/test/auto/DiscreteClock16.xml (RunModel)" time="0.034" />
  <testcase classname="ptolemy.util.test.junit.AutoTests" name="[122] /home/travis/build/icyphy/ptII/ptolemy/actor/lib/test/auto/DiscreteClock17.xml (RunModel)" time="0.036" />
  <testcase classname="ptolemy.util.test.junit.AutoTests" name="[123] /home/travis/build/icyphy/ptII/ptolemy/actor/lib/test/auto/DiscreteClock18.xml (RunModel)" time="0.033" />
  <testcase classname="ptolemy.util.test.junit.AutoTests" name="[124] /home/travis/build/icyphy/ptII/ptolemy/actor/lib/test/auto/DiscreteClock19.xml (RunModel)" time="0.038" />
  <testcase classname="ptolemy.util.test.junit.AutoTests" name="[125] /home/travis/build/icyphy/ptII/ptolemy/actor/lib/test/auto/DiscreteClock2.xml (RunModel)" time="0.013" />
  <testcase classname="ptolemy.util.test.junit.AutoTests" name="[126] /home/travis/build/icyphy/ptII/ptolemy/actor/lib/test/auto/DiscreteClock20.xml (RunModel)" time="0.016" />
  <testcase classname="ptolemy.util.test.junit.AutoTests" name="[127] /home/travis/build/icyphy/ptII/ptolemy/actor/lib/test/auto/DiscreteClock21.xml (RunModel)" time="0.015" />
  <testcase classname="ptolemy.util.test.junit.AutoTests" name="[128] /home/travis/build/icyphy/ptII/ptolemy/actor/lib/test/auto/DiscreteClock22.xml (RunModel)" time="0.012" />
  <testcase classname="ptolemy.util.test.junit.AutoTests" name="[129] /home/travis/build/icyphy/ptII/ptolemy/actor/lib/test/auto/DiscreteClock23.xml (RunModel)" time="0.02" />
  <testcase classname="ptolemy.util.test.junit.AutoTests" name="[130] /home/travis/build/icyphy/ptII/ptolemy/actor/lib/test/auto/DiscreteClock24.xml (RunModel)" time="0.017" />
  <testcase classname="ptolemy.util.test.junit.AutoTests" name="[131] /home/travis/build/icyphy/ptII/ptolemy/actor/lib/test/auto/DiscreteClock4.xml (RunModel)" time="0.012" />
  <testcase classname="ptolemy.util.test.junit.AutoTests" name="[132] /home/travis/build/icyphy/ptII/ptolemy/actor/lib/test/auto/DiscreteClock5.xml (RunModel)" time="0.016" />
  <testcase classname="ptolemy.util.test.junit.AutoTests" name="[133] /home/travis/build/icyphy/ptII/ptolemy/actor/lib/test/auto/DiscreteClock6.xml (RunModel)" time="0.008" />
  <testcase classname="ptolemy.util.test.junit.AutoTests" name="[134] /home/travis/build/icyphy/ptII/ptolemy/actor/lib/test/auto/DiscreteClock7.xml (RunModel)" time="0.009" />
  <testcase classname="ptolemy.util.test.junit.AutoTests" name="[135] /home/travis/build/icyphy/ptII/ptolemy/actor/lib/test/auto/DiscreteClock8.xml (RunModel)" time="0.01" />
  <testcase classname="ptolemy.util.test.junit.AutoTests" name="[136] /home/travis/build/icyphy/ptII/ptolemy/actor/lib/test/auto/DiscreteClock9.xml (RunModel)" time="0.014" />
  <testcase classname="ptolemy.util.test.junit.AutoTests" name="[137] /home/travis/build/icyphy/ptII/ptolemy/actor/lib/test/auto/DisplayArray.xml (RunModel)" time="0.012" />
  <testcase classname="ptolemy.util.test.junit.AutoTests" name="[138] /home/travis/build/icyphy/ptII/ptolemy/actor/lib/test/auto/Distributor.xml (RunModel)" time="0.008" />
  <testcase classname="ptolemy.util.test.junit.AutoTests" name="[139] /home/travis/build/icyphy/ptII/ptolemy/actor/lib/test/auto/Distributor2.xml (RunModel)" time="0.008" />
  <testcase classname="ptolemy.util.test.junit.AutoTests" name="[140] /home/travis/build/icyphy/ptII/ptolemy/actor/lib/test/auto/DownSample.xml (RunModel)" time="0.012" />
  <testcase classname="ptolemy.util.test.junit.AutoTests" name="[141] /home/travis/build/icyphy/ptII/ptolemy/actor/lib/test/auto/ElectronicUnitBase1.xml (RunModel)" time="0.073" />
  <testcase classname="ptolemy.util.test.junit.AutoTests" name="[142] /home/travis/build/icyphy/ptII/ptolemy/actor/lib/test/auto/ElementsToArray.xml (RunModel)" time="0.01" />
  <testcase classname="ptolemy.util.test.junit.AutoTests" name="[143] /home/travis/build/icyphy/ptII/ptolemy/actor/lib/test/auto/Equals.xml (RunModel)" time="0.017" />
  <testcase classname="ptolemy.util.test.junit.AutoTests" name="[144] /home/travis/build/icyphy/ptII/ptolemy/actor/lib/test/auto/Exec.xml (RunModel)" time="0.493" />
  <testcase classname="ptolemy.util.test.junit.AutoTests" name="[145] /home/travis/build/icyphy/ptII/ptolemy/actor/lib/test/auto/ExecEnvironment.xml (RunModel)" time="0.038" />
  <testcase classname="ptolemy.util.test.junit.AutoTests" name="[146] /home/travis/build/icyphy/ptII/ptolemy/actor/lib/test/auto/ExecNonZeroReturnOutput.xml (RunModel)" time="0.14" />
  <testcase classname="ptolemy.util.test.junit.AutoTests" name="[147] /home/travis/build/icyphy/ptII/ptolemy/actor/lib/test/auto/ExecRunDemos.xml (RunModel)" time="9.707" />
  <testcase classname="ptolemy.util.test.junit.AutoTests" name="[148] /home/travis/build/icyphy/ptII/ptolemy/actor/lib/test/auto/ExecStop.xml (RunModel)" time="5.023" />
  <testcase classname="ptolemy.util.test.junit.AutoTests" name="[149] /home/travis/build/icyphy/ptII/ptolemy/actor/lib/test/auto/ExecutionTimeSDF.xml (RunModel)" time="6.031" />
  <testcase classname="ptolemy.util.test.junit.AutoTests" name="[150] /home/travis/build/icyphy/ptII/ptolemy/actor/lib/test/auto/Expression1.xml (RunModel)" time="0.013" />
  <testcase classname="ptolemy.util.test.junit.AutoTests" name="[151] /home/travis/build/icyphy/ptII/ptolemy/actor/lib/test/auto/Expression10.xml (RunModel)" time="0.021" />
  <testcase classname="ptolemy.util.test.junit.AutoTests" name="[152] /home/travis/build/icyphy/ptII/ptolemy/actor/lib/test/auto/Expression11.xml (RunModel)" time="0.013" />
  <testcase classname="ptolemy.util.test.junit.AutoTests" name="[153] /home/travis/build/icyphy/ptII/ptolemy/actor/lib/test/auto/Expression12.xml (RunModel)" time="0.014" />
  <testcase classname="ptolemy.util.test.junit.AutoTests" name="[154] /home/travis/build/icyphy/ptII/ptolemy/actor/lib/test/auto/Expression13.xml (RunModel)" time="0.013" />
  <testcase classname="ptolemy.util.test.junit.AutoTests" name="[155] /home/travis/build/icyphy/ptII/ptolemy/actor/lib/test/auto/Expression14.xml (RunModel)" time="0.018" />
  <testcase classname="ptolemy.util.test.junit.AutoTests" name="[156] /home/travis/build/icyphy/ptII/ptolemy/actor/lib/test/auto/Expression15.xml (RunModel)" time="0.008" />
  <testcase classname="ptolemy.util.test.junit.AutoTests" name="[157] /home/travis/build/icyphy/ptII/ptolemy/actor/lib/test/auto/Expression16.xml (RunModel)" time="0.013" />
  <testcase classname="ptolemy.util.test.junit.AutoTests" name="[158] /home/travis/build/icyphy/ptII/ptolemy/actor/lib/test/auto/Expression17.xml (RunModel)" time="0.016" />
  <testcase classname="ptolemy.util.test.junit.AutoTests" name="[159] /home/travis/build/icyphy/ptII/ptolemy/actor/lib/test/auto/Expression18.xml (RunModel)" time="0.014" />
  <testcase classname="ptolemy.util.test.junit.AutoTests" name="[160] /home/travis/build/icyphy/ptII/ptolemy/actor/lib/test/auto/Expression2.xml (RunModel)" time="0.013" />
  <testcase classname="ptolemy.util.test.junit.AutoTests" name="[161] /home/travis/build/icyphy/ptII/ptolemy/actor/lib/test/auto/Expression3.xml (RunModel)" time="0.014" />
  <testcase classname="ptolemy.util.test.junit.AutoTests" name="[162] /home/travis/build/icyphy/ptII/ptolemy/actor/lib/test/auto/Expression4.xml (RunModel)" time="0.023" />
  <testcase classname="ptolemy.util.test.junit.AutoTests" name="[163] /home/travis/build/icyphy/ptII/ptolemy/actor/lib/test/auto/Expression5.xml (RunModel)" time="0.017" />
  <testcase classname="ptolemy.util.test.junit.AutoTests" name="[164] /home/travis/build/icyphy/ptII/ptolemy/actor/lib/test/auto/Expression6.xml (RunModel)" time="0.01" />
  <testcase classname="ptolemy.util.test.junit.AutoTests" name="[165] /home/travis/build/icyphy/ptII/ptolemy/actor/lib/test/auto/Expression7.xml (RunModel)" time="0.013" />
  <testcase classname="ptolemy.util.test.junit.AutoTests" name="[166] /home/travis/build/icyphy/ptII/ptolemy/actor/lib/test/auto/Expression8.xml (RunModel)" time="0.015" />
  <testcase classname="ptolemy.util.test.junit.AutoTests" name="[167] /home/travis/build/icyphy/ptII/ptolemy/actor/lib/test/auto/Expression9.xml (RunModel)" time="0.012" />
  <testcase classname="ptolemy.util.test.junit.AutoTests" name="[168] /home/travis/build/icyphy/ptII/ptolemy/actor/lib/test/auto/ExpressionConcatenateArrayType.xml (RunModel)" time="0.025" />
  <testcase classname="ptolemy.util.test.junit.AutoTests" name="[169] /home/travis/build/icyphy/ptII/ptolemy/actor/lib/test/auto/ExpressionConcatenateArrayType2.xml (RunModel)" time="0.02" />
  <testcase classname="ptolemy.util.test.junit.AutoTests" name="[170] /home/travis/build/icyphy/ptII/ptolemy/actor/lib/test/auto/ExpressionFix.xml (RunModel)" time="0.042" />
  <testcase classname="ptolemy.util.test.junit.AutoTests" name="[171] /home/travis/build/icyphy/ptII/ptolemy/actor/lib/test/auto/ExpressionFix2.xml (RunModel)" time="0.015" />
  <testcase classname="ptolemy.util.test.junit.AutoTests" name="[172] /home/travis/build/icyphy/ptII/ptolemy/actor/lib/test/auto/ExpressionFix3.xml (RunModel)" time="0.016" />
  <testcase classname="ptolemy.util.test.junit.AutoTests" name="[173] /home/travis/build/icyphy/ptII/ptolemy/actor/lib/test/auto/FileWriter1.xml (RunModel)" time="0.01" />
  <testcase classname="ptolemy.util.test.junit.AutoTests" name="[174] /home/travis/build/icyphy/ptII/ptolemy/actor/lib/test/auto/FileWriter2.xml (RunModel)" time="0.014" />
  <testcase classname="ptolemy.util.test.junit.AutoTests" name="[175] /home/travis/build/icyphy/ptII/ptolemy/actor/lib/test/auto/FileWriter3.xml (RunModel)" time="0.012" />
  <testcase classname="ptolemy.util.test.junit.AutoTests" name="[176] /home/travis/build/icyphy/ptII/ptolemy/actor/lib/test/auto/Gaussian.xml (RunModel)" time="0.013" />
  <testcase classname="ptolemy.util.test.junit.AutoTests" name="[177] /home/travis/build/icyphy/ptII/ptolemy/actor/lib/test/auto/Gaussian1.xml (RunModel)" time="0.012" />
  <testcase classname="ptolemy.util.test.junit.AutoTests" name="[178] /home/travis/build/icyphy/ptII/ptolemy/actor/lib/test/auto/Gaussian2.xml (RunModel)" time="0.017" />
  <testcase classname="ptolemy.util.test.junit.AutoTests" name="[179] /home/travis/build/icyphy/ptII/ptolemy/actor/lib/test/auto/GradientAdaptiveLattice.xml (RunModel)" time="0.023" />
  <testcase classname="ptolemy.util.test.junit.AutoTests" name="[180] /home/travis/build/icyphy/ptII/ptolemy/actor/lib/test/auto/IIR.xml (RunModel)" time="0.018" />
  <testcase classname="ptolemy.util.test.junit.AutoTests" name="[181] /home/travis/build/icyphy/ptII/ptolemy/actor/lib/test/auto/InputOutputTransparentPorts.xml (RunModel)" time="0.019" />
  <testcase classname="ptolemy.util.test.junit.AutoTests" name="[182] /home/travis/build/icyphy/ptII/ptolemy/actor/lib/test/auto/Interpolator.xml (RunModel)" time="0.012" />
  <testcase classname="ptolemy.util.test.junit.AutoTests" name="[183] /home/travis/build/icyphy/ptII/ptolemy/actor/lib/test/auto/InterpolatorFiringLimitDE.xml (RunModel)" time="0.014" />
  <testcase classname="ptolemy.util.test.junit.AutoTests" name="[184] /home/travis/build/icyphy/ptII/ptolemy/actor/lib/test/auto/Lattice.xml (RunModel)" time="0.009" />
  <testcase classname="ptolemy.util.test.junit.AutoTests" name="[185] /home/travis/build/icyphy/ptII/ptolemy/actor/lib/test/auto/LazyAOCTestLazy.xml (RunModel)" time="0.032" />
  <testcase classname="ptolemy.util.test.junit.AutoTests" name="[186] /home/travis/build/icyphy/ptII/ptolemy/actor/lib/test/auto/LazyAOCTestNonLazy.xml (RunModel)" time="0.045" />
  <testcase classname="ptolemy.util.test.junit.AutoTests" name="[187] /home/travis/build/icyphy/ptII/ptolemy/actor/lib/test/auto/LazyInnerClass.xml (RunModel)" time="0.039" />
  <testcase classname="ptolemy.util.test.junit.AutoTests" name="[188] /home/travis/build/icyphy/ptII/ptolemy/actor/lib/test/auto/LazyPubSub.xml (RunModel)" time="0.052" />
  <testcase classname="ptolemy.util.test.junit.AutoTests" name="[189] /home/travis/build/icyphy/ptII/ptolemy/actor/lib/test/auto/LazyPubSub2.xml (RunModel)" time="0.05" />
  <testcase classname="ptolemy.util.test.junit.AutoTests" name="[190] /home/travis/build/icyphy/ptII/ptolemy/actor/lib/test/auto/LazyPubSub3.xml (RunModel)" time="0.026" />
  <testcase classname="ptolemy.util.test.junit.AutoTests" name="[191] /home/travis/build/icyphy/ptII/ptolemy/actor/lib/test/auto/LazySubClassModel.xml (RunModel)" time="0.019" />
  <testcase classname="ptolemy.util.test.junit.AutoTests" name="[192] /home/travis/build/icyphy/ptII/ptolemy/actor/lib/test/auto/LevelCrossTest1.xml (RunModel)" time="0.009" />
  <testcase classname="ptolemy.util.test.junit.AutoTests" name="[193] /home/travis/build/icyphy/ptII/ptolemy/actor/lib/test/auto/LevelCrossTest10.xml (RunModel)" time="0.013" />
  <testcase classname="ptolemy.util.test.junit.AutoTests" name="[194] /home/travis/build/icyphy/ptII/ptolemy/actor/lib/test/auto/LevelCrossTest11.xml (RunModel)" time="0.012" />
  <testcase classname="ptolemy.util.test.junit.AutoTests" name="[195] /home/travis/build/icyphy/ptII/ptolemy/actor/lib/test/auto/LevelCrossTest12.xml (RunModel)" time="0.023" />
  <testcase classname="ptolemy.util.test.junit.AutoTests" name="[196] /home/travis/build/icyphy/ptII/ptolemy/actor/lib/test/auto/LevelCrossTest13.xml (RunModel)" time="0.014" />
  <testcase classname="ptolemy.util.test.junit.AutoTests" name="[197] /home/travis/build/icyphy/ptII/ptolemy/actor/lib/test/auto/LevelCrossTest2.xml (RunModel)" time="0.009" />
  <testcase classname="ptolemy.util.test.junit.AutoTests" name="[198] /home/travis/build/icyphy/ptII/ptolemy/actor/lib/test/auto/LevelCrossTest3.xml (RunModel)" time="0.011" />
  <testcase classname="ptolemy.util.test.junit.AutoTests" name="[199] /home/travis/build/icyphy/ptII/ptolemy/actor/lib/test/auto/LevelCrossTest4.xml (RunModel)" time="0.01" />
  <testcase classname="ptolemy.util.test.junit.AutoTests" name="[200] /home/travis/build/icyphy/ptII/ptolemy/actor/lib/test/auto/LevelCrossTest5.xml (RunModel)" time="0.012" />
  <testcase classname="ptolemy.util.test.junit.AutoTests" name="[201] /home/travis/build/icyphy/ptII/ptolemy/actor/lib/test/auto/LevelCrossTest6.xml (RunModel)" time="0.02" />
  <testcase classname="ptolemy.util.test.junit.AutoTests" name="[202] /home/travis/build/icyphy/ptII/ptolemy/actor/lib/test/auto/LevelCrossTest7.xml (RunModel)" time="0.014" />
  <testcase classname="ptolemy.util.test.junit.AutoTests" name="[203] /home/travis/build/icyphy/ptII/ptolemy/actor/lib/test/auto/LevelCrossTest8.xml (RunModel)" time="0.014" />
  <testcase classname="ptolemy.util.test.junit.AutoTests" name="[204] /home/travis/build/icyphy/ptII/ptolemy/actor/lib/test/auto/LevelCrossTest9.xml (RunModel)" time="0.014" />
  <testcase classname="ptolemy.util.test.junit.AutoTests" name="[205] /home/travis/build/icyphy/ptII/ptolemy/actor/lib/test/auto/LevinsonDurbin.xml (RunModel)" time="0.009" />
  <testcase classname="ptolemy.util.test.junit.AutoTests" name="[206] /home/travis/build/icyphy/ptII/ptolemy/actor/lib/test/auto/LevinsonDurbin2.xml (RunModel)" time="0.009" />
  <testcase classname="ptolemy.util.test.junit.AutoTests" name="[207] /home/travis/build/icyphy/ptII/ptolemy/actor/lib/test/auto/LevinsonDurbin3.xml (RunModel)" time="0.011" />
  <testcase classname="ptolemy.util.test.junit.AutoTests" name="[208] /home/travis/build/icyphy/ptII/ptolemy/actor/lib/test/auto/Limiter.xml (RunModel)" time="0.032" />
  <testcase classname="ptolemy.util.test.junit.AutoTests" name="[209] /home/travis/build/icyphy/ptII/ptolemy/actor/lib/test/auto/LinearDifferenceEquationSystem.xml (RunModel)" time="0.02" />
  <testcase classname="ptolemy.util.test.junit.AutoTests" name="[210] /home/travis/build/icyphy/ptII/ptolemy/actor/lib/test/auto/LookupTable.xml (RunModel)" time="0.019" />
  <testcase classname="ptolemy.util.test.junit.AutoTests" name="[211] /home/travis/build/icyphy/ptII/ptolemy/actor/lib/test/auto/MathFunction.xml (RunModel)" time="0.026" />
  <testcase classname="ptolemy.util.test.junit.AutoTests" name="[212] /home/travis/build/icyphy/ptII/ptolemy/actor/lib/test/auto/MathFunction2.xml (RunModel)" time="0.01" />
  <testcase classname="ptolemy.util.test.junit.AutoTests" name="[213] /home/travis/build/icyphy/ptII/ptolemy/actor/lib/test/auto/MathFunction3.xml (RunModel)" time="0.021" />
  <testcase classname="ptolemy.util.test.junit.AutoTests" name="[214] /home/travis/build/icyphy/ptII/ptolemy/actor/lib/test/auto/MatrixCropBoolean.xml (RunModel)" time="0.012" />
  <testcase classname="ptolemy.util.test.junit.AutoTests" name="[215] /home/travis/build/icyphy/ptII/ptolemy/actor/lib/test/auto/MatrixCropComplex.xml (RunModel)" time="0.013" />
  <testcase classname="ptolemy.util.test.junit.AutoTests" name="[216] /home/travis/build/icyphy/ptII/ptolemy/actor/lib/test/auto/MatrixCropDouble.xml (RunModel)" time="0.01" />
  <testcase classname="ptolemy.util.test.junit.AutoTests" name="[217] /home/travis/build/icyphy/ptII/ptolemy/actor/lib/test/auto/MatrixCropFix.xml (RunModel)" time="0.013" />
  <testcase classname="ptolemy.util.test.junit.AutoTests" name="[218] /home/travis/build/icyphy/ptII/ptolemy/actor/lib/test/auto/MatrixCropInt.xml (RunModel)" time="0.009" />
  <testcase classname="ptolemy.util.test.junit.AutoTests" name="[219] /home/travis/build/icyphy/ptII/ptolemy/actor/lib/test/auto/MatrixCropLong.xml (RunModel)" time="0.008" />
  <testcase classname="ptolemy.util.test.junit.AutoTests" name="[220] /home/travis/build/icyphy/ptII/ptolemy/actor/lib/test/auto/MatrixToArray.xml (RunModel)" time="0.049" />
  <testcase classname="ptolemy.util.test.junit.AutoTests" name="[221] /home/travis/build/icyphy/ptII/ptolemy/actor/lib/test/auto/MaxIndex.xml (RunModel)" time="0.011" />
  <testcase classname="ptolemy.util.test.junit.AutoTests" name="[222] /home/travis/build/icyphy/ptII/ptolemy/actor/lib/test/auto/Maximum.xml (RunModel)" time="0.019" />
  <testcase classname="ptolemy.util.test.junit.AutoTests" name="[223] /home/travis/build/icyphy/ptII/ptolemy/actor/lib/test/auto/MaximumComplex.xml (RunModel)" time="0.016" />
  <testcase classname="ptolemy.util.test.junit.AutoTests" name="[224] /home/travis/build/icyphy/ptII/ptolemy/actor/lib/test/auto/MethodCallTest.xml (RunModel)" time="0.025" />
  <testcase classname="ptolemy.util.test.junit.AutoTests" name="[225] /home/travis/build/icyphy/ptII/ptolemy/actor/lib/test/auto/Minimum.xml (RunModel)" time="0.013" />
  <testcase classname="ptolemy.util.test.junit.AutoTests" name="[226] /home/travis/build/icyphy/ptII/ptolemy/actor/lib/test/auto/MinimumComplex.xml (RunModel)" time="0.017" />
  <testcase classname="ptolemy.util.test.junit.AutoTests" name="[227] /home/travis/build/icyphy/ptII/ptolemy/actor/lib/test/auto/MinimumMultiports.xml (RunModel)" time="0.024" />
  <testcase classname="ptolemy.util.test.junit.AutoTests" name="[228] /home/travis/build/icyphy/ptII/ptolemy/actor/lib/test/auto/ModifyDate.xml (RunModel)" time="0.042" />
  <testcase classname="ptolemy.util.test.junit.AutoTests" name="[229] /home/travis/build/icyphy/ptII/ptolemy/actor/lib/test/auto/ModifyDate2.xml (RunModel)" time="0.024" />
  <testcase classname="ptolemy.util.test.junit.AutoTests" name="[230] /home/travis/build/icyphy/ptII/ptolemy/actor/lib/test/auto/MovingAverage.xml (RunModel)" time="0.012" />
  <testcase classname="ptolemy.util.test.junit.AutoTests" name="[231] /home/travis/build/icyphy/ptII/ptolemy/actor/lib/test/auto/MovingMaximum.xml (RunModel)" time="0.01" />
  <testcase classname="ptolemy.util.test.junit.AutoTests" name="[232] /home/travis/build/icyphy/ptII/ptolemy/actor/lib/test/auto/MultipleLinksToSameRelation.xml (RunModel)" time="0.008" />
  <testcase classname="ptolemy.util.test.junit.AutoTests" name="[233] /home/travis/build/icyphy/ptII/ptolemy/actor/lib/test/auto/MultipleLinksToSameRelationDE.xml (RunModel)" time="0.009" />
  <testcase classname="ptolemy.util.test.junit.AutoTests" name="[234] /home/travis/build/icyphy/ptII/ptolemy/actor/lib/test/auto/Multiplexor.xml (RunModel)" time="0.012" />
  <testcase classname="ptolemy.util.test.junit.AutoTests" name="[235] /home/travis/build/icyphy/ptII/ptolemy/actor/lib/test/auto/Multiplexor1.xml (RunModel)" time="0.011" />
  <testcase classname="ptolemy.util.test.junit.AutoTests" name="[236] /home/travis/build/icyphy/ptII/ptolemy/actor/lib/test/auto/Multiplexor2.xml (RunModel)" time="0.012" />
  <testcase classname="ptolemy.util.test.junit.AutoTests" name="[237] /home/travis/build/icyphy/ptII/ptolemy/actor/lib/test/auto/Multiplexor3.xml (RunModel)" time="0.008" />
  <testcase classname="ptolemy.util.test.junit.AutoTests" name="[238] /home/travis/build/icyphy/ptII/ptolemy/actor/lib/test/auto/MultiplexorDE.xml (RunModel)" time="0.015" />
  <testcase classname="ptolemy.util.test.junit.AutoTests" name="[239] /home/travis/build/icyphy/ptII/ptolemy/actor/lib/test/auto/MultiportBroadcastTest.xml (RunModel)" time="0.058" />
  <testcase classname="ptolemy.util.test.junit.AutoTests" name="[240] /home/travis/build/icyphy/ptII/ptolemy/actor/lib/test/auto/MultiportOutHangDuringGetWidth.xml (RunModel)" time="0.027" />
  <testcase classname="ptolemy.util.test.junit.AutoTests" name="[241] /home/travis/build/icyphy/ptII/ptolemy/actor/lib/test/auto/NilToken.xml (RunModel)" time="0.007" />
  <testcase classname="ptolemy.util.test.junit.AutoTests" name="[242] /home/travis/build/icyphy/ptII/ptolemy/actor/lib/test/auto/NilTokenNonStrictTest.xml (RunModel)" time="0.01" />
  <testcase classname="ptolemy.util.test.junit.AutoTests" name="[243] /home/travis/build/icyphy/ptII/ptolemy/actor/lib/test/auto/NilTokenRecord.xml (RunModel)" time="0.018" />
  <testcase classname="ptolemy.util.test.junit.AutoTests" name="[244] /home/travis/build/icyphy/ptII/ptolemy/actor/lib/test/auto/NilTokenTypeTest.xml (RunModel)" time="0.025" />
  <testcase classname="ptolemy.util.test.junit.AutoTests" name="[245] /home/travis/build/icyphy/ptII/ptolemy/actor/lib/test/auto/ObjectToken1.xml (RunModel)" time="0.008" />
  <testcase classname="ptolemy.util.test.junit.AutoTests" name="[246] /home/travis/build/icyphy/ptII/ptolemy/actor/lib/test/auto/OrderedMerge.xml (RunModel)" time="0.019" />
  <testcase classname="ptolemy.util.test.junit.AutoTests" name="[247] /home/travis/build/icyphy/ptII/ptolemy/actor/lib/test/auto/OrderedRecordDisassembler.xml (RunModel)" time="0.013" />
  <testcase classname="ptolemy.util.test.junit.AutoTests" name="[248] /home/travis/build/icyphy/ptII/ptolemy/actor/lib/test/auto/OrderedRecordDisassembler2.xml (RunModel)" time="0.016" />
  <testcase classname="ptolemy.util.test.junit.AutoTests" name="[249] /home/travis/build/icyphy/ptII/ptolemy/actor/lib/test/auto/OrderedRecordUpdater.xml (RunModel)" time="0.014" />
  <testcase classname="ptolemy.util.test.junit.AutoTests" name="[250] /home/travis/build/icyphy/ptII/ptolemy/actor/lib/test/auto/OrderedRecordUpdater2.xml (RunModel)" time="0.008" />
  <testcase classname="ptolemy.util.test.junit.AutoTests" name="[251] /home/travis/build/icyphy/ptII/ptolemy/actor/lib/test/auto/PhaseUnwrap.xml (RunModel)" time="0.013" />
  <testcase classname="ptolemy.util.test.junit.AutoTests" name="[252] /home/travis/build/icyphy/ptII/ptolemy/actor/lib/test/auto/PoissonClock.xml (RunModel)" time="0.007" />
  <testcase classname="ptolemy.util.test.junit.AutoTests" name="[253] /home/travis/build/icyphy/ptII/ptolemy/actor/lib/test/auto/PoissonClock2.xml (RunModel)" time="0.007" />
  <testcase classname="ptolemy.util.test.junit.AutoTests" name="[254] /home/travis/build/icyphy/ptII/ptolemy/actor/lib/test/auto/PoissonClock3.xml (RunModel)" time="0.009" />
  <testcase classname="ptolemy.util.test.junit.AutoTests" name="[255] /home/travis/build/icyphy/ptII/ptolemy/actor/lib/test/auto/PubSubWithInitialTokens.xml (RunModel)" time="0.01" />
  <testcase classname="ptolemy.util.test.junit.AutoTests" name="[256] /home/travis/build/icyphy/ptII/ptolemy/actor/lib/test/auto/PubSubWithInitialTokens2.xml (RunModel)" time="0.011" />
  <testcase classname="ptolemy.util.test.junit.AutoTests" name="[257] /home/travis/build/icyphy/ptII/ptolemy/actor/lib/test/auto/PublisherClassNoParameter.xml (RunModel)" time="0.019" />
  <testcase classname="ptolemy.util.test.junit.AutoTests" name="[258] /home/travis/build/icyphy/ptII/ptolemy/actor/lib/test/auto/PublisherClassParameter.xml (RunModel)" time="0.018" />
  <testcase classname="ptolemy.util.test.junit.AutoTests" name="[259] /home/travis/build/icyphy/ptII/ptolemy/actor/lib/test/auto/PublisherNonStrictTest.xml (RunModel)" time="0.014" />
  <testcase classname="ptolemy.util.test.junit.AutoTests" name="[260] /home/travis/build/icyphy/ptII/ptolemy/actor/lib/test/auto/PublisherPort1.xml (RunModel)" time="0.009" />
  <testcase classname="ptolemy.util.test.junit.AutoTests" name="[261] /home/travis/build/icyphy/ptII/ptolemy/actor/lib/test/auto/PublisherPort2.xml (RunModel)" time="0.011" />
  <testcase classname="ptolemy.util.test.junit.AutoTests" name="[262] /home/travis/build/icyphy/ptII/ptolemy/actor/lib/test/auto/PublisherPort3.xml (RunModel)" time="0.01" />
  <testcase classname="ptolemy.util.test.junit.AutoTests" name="[263] /home/travis/build/icyphy/ptII/ptolemy/actor/lib/test/auto/PublisherPort4.xml (RunModel)" time="0.016" />
  <testcase classname="ptolemy.util.test.junit.AutoTests" name="[264] /home/travis/build/icyphy/ptII/ptolemy/actor/lib/test/auto/PublisherPort5.xml (RunModel)" time="0.014" />
  <testcase classname="ptolemy.util.test.junit.AutoTests" name="[265] /home/travis/build/icyphy/ptII/ptolemy/actor/lib/test/auto/PublisherPort5LookAlike.xml (RunModel)" time="0.014" />
  <testcase classname="ptolemy.util.test.junit.AutoTests" name="[266] /home/travis/build/icyphy/ptII/ptolemy/actor/lib/test/auto/PublisherPort6.xml (RunModel)" time="0.011" />
  <testcase classname="ptolemy.util.test.junit.AutoTests" name="[267] /home/travis/build/icyphy/ptII/ptolemy/actor/lib/test/auto/PublisherPort7.xml (RunModel)" time="0.013" />
  <testcase classname="ptolemy.util.test.junit.AutoTests" name="[268] /home/travis/build/icyphy/ptII/ptolemy/actor/lib/test/auto/PublisherPort8.xml (RunModel)" time="0.015" />
  <testcase classname="ptolemy.util.test.junit.AutoTests" name="[269] /home/travis/build/icyphy/ptII/ptolemy/actor/lib/test/auto/PublisherPortSubscriberChannelVariablesAOC2.xml (RunModel)" time="0.028" />
  <testcase classname="ptolemy.util.test.junit.AutoTests" name="[270] /home/travis/build/icyphy/ptII/ptolemy/actor/lib/test/auto/PublisherPortSubscriberOpaqueWidthInference.xml (RunModel)" time="0.014" />
  <testcase classname="ptolemy.util.test.junit.AutoTests" name="[271] /home/travis/build/icyphy/ptII/ptolemy/actor/lib/test/auto/PublisherPortSubscriberPortAdjacent.xml (RunModel)" time="0.015" />
  <testcase classname="ptolemy.util.test.junit.AutoTests" name="[272] /home/travis/build/icyphy/ptII/ptolemy/actor/lib/test/auto/PublisherPortSubscriberPortExpression.xml (RunModel)" time="0.019" />
  <testcase classname="ptolemy.util.test.junit.AutoTests" name="[273] /home/travis/build/icyphy/ptII/ptolemy/actor/lib/test/auto/PublisherPortSubscriberPortOpaqueD3Reverse.xml (RunModel)" time="0.018" />
  <testcase classname="ptolemy.util.test.junit.AutoTests" name="[274] /home/travis/build/icyphy/ptII/ptolemy/actor/lib/test/auto/PublisherPortSubscriberPortOpaqueWidthInference.xml (RunModel)" time="0.036" />
  <testcase classname="ptolemy.util.test.junit.AutoTests" name="[275] /home/travis/build/icyphy/ptII/ptolemy/actor/lib/test/auto/PublisherPortToplevelSubscriberPortAOC.xml (RunModel)" time="0.009" />
  <testcase classname="ptolemy.util.test.junit.AutoTests" name="[276] /home/travis/build/icyphy/ptII/ptolemy/actor/lib/test/auto/PublisherSubscriber.xml (RunModel)" time="0.012" />
  <testcase classname="ptolemy.util.test.junit.AutoTests" name="[277] /home/travis/build/icyphy/ptII/ptolemy/actor/lib/test/auto/PublisherSubscriber10.xml (RunModel)" time="0.019" />
  <testcase classname="ptolemy.util.test.junit.AutoTests" name="[278] /home/travis/build/icyphy/ptII/ptolemy/actor/lib/test/auto/PublisherSubscriber10InitialOutputs.xml (RunModel)" time="0.029" />
  <testcase classname="ptolemy.util.test.junit.AutoTests" name="[279] /home/travis/build/icyphy/ptII/ptolemy/actor/lib/test/auto/PublisherSubscriber11.xml (RunModel)" time="0.02" />
  <testcase classname="ptolemy.util.test.junit.AutoTests" name="[280] /home/travis/build/icyphy/ptII/ptolemy/actor/lib/test/auto/PublisherSubscriber12.xml (RunModel)" time="0.01" />
  <testcase classname="ptolemy.util.test.junit.AutoTests" name="[281] /home/travis/build/icyphy/ptII/ptolemy/actor/lib/test/auto/PublisherSubscriber13.xml (RunModel)" time="0.018" />
  <testcase classname="ptolemy.util.test.junit.AutoTests" name="[282] /home/travis/build/icyphy/ptII/ptolemy/actor/lib/test/auto/PublisherSubscriber14.xml (RunModel)" time="0.025" />
  <testcase classname="ptolemy.util.test.junit.AutoTests" name="[283] /home/travis/build/icyphy/ptII/ptolemy/actor/lib/test/auto/PublisherSubscriber2.xml (RunModel)" time="0.009" />
  <testcase classname="ptolemy.util.test.junit.AutoTests" name="[284] /home/travis/build/icyphy/ptII/ptolemy/actor/lib/test/auto/PublisherSubscriber3.xml (RunModel)" time="0.01" />
  <testcase classname="ptolemy.util.test.junit.AutoTests" name="[285] /home/travis/build/icyphy/ptII/ptolemy/actor/lib/test/auto/PublisherSubscriber4.xml (RunModel)" time="0.008" />
  <testcase classname="ptolemy.util.test.junit.AutoTests" name="[286] /home/travis/build/icyphy/ptII/ptolemy/actor/lib/test/auto/PublisherSubscriber5.xml (RunModel)" time="0.014" />
  <testcase classname="ptolemy.util.test.junit.AutoTests" name="[287] /home/travis/build/icyphy/ptII/ptolemy/actor/lib/test/auto/PublisherSubscriber6.xml (RunModel)" time="0.011" />
  <testcase classname="ptolemy.util.test.junit.AutoTests" name="[288] /home/travis/build/icyphy/ptII/ptolemy/actor/lib/test/auto/PublisherSubscriber7.xml (RunModel)" time="0.016" />
  <testcase classname="ptolemy.util.test.junit.AutoTests" name="[289] /home/travis/build/icyphy/ptII/ptolemy/actor/lib/test/auto/PublisherSubscriber8.xml (RunModel)" time="0.022" />
  <testcase classname="ptolemy.util.test.junit.AutoTests" name="[290] /home/travis/build/icyphy/ptII/ptolemy/actor/lib/test/auto/PublisherSubscriber9.xml (RunModel)" time="0.017" />
  <testcase classname="ptolemy.util.test.junit.AutoTests" name="[291] /home/travis/build/icyphy/ptII/ptolemy/actor/lib/test/auto/PublisherSubscriberAdjacent.xml (RunModel)" time="0.015" />
  <testcase classname="ptolemy.util.test.junit.AutoTests" name="[292] /home/travis/build/icyphy/ptII/ptolemy/actor/lib/test/auto/PublisherSubscriberChannelVariablesAOC2.xml (RunModel)" time="0.026" />
  <testcase classname="ptolemy.util.test.junit.AutoTests" name="[293] /home/travis/build/icyphy/ptII/ptolemy/actor/lib/test/auto/PublisherSubscriberD3.xml (RunModel)" time="0.013" />
  <testcase classname="ptolemy.util.test.junit.AutoTests" name="[294] /home/travis/build/icyphy/ptII/ptolemy/actor/lib/test/auto/PublisherSubscriberD3Reverse.xml (RunModel)" time="0.011" />
  <testcase classname="ptolemy.util.test.junit.AutoTests" name="[295] /home/travis/build/icyphy/ptII/ptolemy/actor/lib/test/auto/PublisherSubscriberExpression.xml (RunModel)" time="0.021" />
  <testcase classname="ptolemy.util.test.junit.AutoTests" name="[296] /home/travis/build/icyphy/ptII/ptolemy/actor/lib/test/auto/PublisherSubscriberOpaque.xml (RunModel)" time="0.015" />
  <testcase classname="ptolemy.util.test.junit.AutoTests" name="[297] /home/travis/build/icyphy/ptII/ptolemy/actor/lib/test/auto/PublisherSubscriberOpaqueD3.xml (RunModel)" time="0.022" />
  <testcase classname="ptolemy.util.test.junit.AutoTests" name="[298] /home/travis/build/icyphy/ptII/ptolemy/actor/lib/test/auto/PublisherSubscriberOpaqueD3Reverse.xml (RunModel)" time="0.022" />
  <testcase classname="ptolemy.util.test.junit.AutoTests" name="[299] /home/travis/build/icyphy/ptII/ptolemy/actor/lib/test/auto/PublisherSubscriberOpaqueWidthInference.xml (RunModel)" time="0.016" />
  <testcase classname="ptolemy.util.test.junit.AutoTests" name="[300] /home/travis/build/icyphy/ptII/ptolemy/actor/lib/test/auto/PublisherTestSubscriber.xml (RunModel)" time="0.014" />
  <testcase classname="ptolemy.util.test.junit.AutoTests" name="[301] /home/travis/build/icyphy/ptII/ptolemy/actor/lib/test/auto/PublisherToplevelSubscriberPortAOC.xml (RunModel)" time="0.015" />
  <testcase classname="ptolemy.util.test.junit.AutoTests" name="[302] /home/travis/build/icyphy/ptII/ptolemy/actor/lib/test/auto/PulseFiringLimitDE.xml (RunModel)" time="0.015" />
  <testcase classname="ptolemy.util.test.junit.AutoTests" name="[303] /home/travis/build/icyphy/ptII/ptolemy/actor/lib/test/auto/Ramp1.xml (RunModel)" time="0.007" />
  <testcase classname="ptolemy.util.test.junit.AutoTests" name="[304] /home/travis/build/icyphy/ptII/ptolemy/actor/lib/test/auto/RampFiringLimitDE.xml (RunModel)" time="0.014" />
  <testcase classname="ptolemy.util.test.junit.AutoTests" name="[305] /home/travis/build/icyphy/ptII/ptolemy/actor/lib/test/auto/RampFiringLimitSDF.xml (RunModel)" time="0.011" />
  <testcase classname="ptolemy.util.test.junit.AutoTests" name="[306] /home/travis/build/icyphy/ptII/ptolemy/actor/lib/test/auto/RandomInteger.xml (RunModel)" time="0.01" />
  <testcase classname="ptolemy.util.test.junit.AutoTests" name="[307] /home/travis/build/icyphy/ptII/ptolemy/actor/lib/test/auto/ReadFile1.xml (RunModel)" time="0.008" />
  <testcase classname="ptolemy.util.test.junit.AutoTests" name="[308] /home/travis/build/icyphy/ptII/ptolemy/actor/lib/test/auto/ReadFile2.xml (RunModel)" time="0.015" />
  <testcase classname="ptolemy.util.test.junit.AutoTests" name="[309] /home/travis/build/icyphy/ptII/ptolemy/actor/lib/test/auto/Reader.xml (RunModel)" time="0.009" />
  <testcase classname="ptolemy.util.test.junit.AutoTests" name="[310] /home/travis/build/icyphy/ptII/ptolemy/actor/lib/test/auto/RecordAssemblerDisplayNameTest.xml (RunModel)" time="2.75" />
  <testcase classname="ptolemy.util.test.junit.AutoTests" name="[311] /home/travis/build/icyphy/ptII/ptolemy/actor/lib/test/auto/RecordAssemblerTypeError.xml (RunModel)" time="0.034" />
  <testcase classname="ptolemy.util.test.junit.AutoTests" name="[312] /home/travis/build/icyphy/ptII/ptolemy/actor/lib/test/auto/RecordDisassember.xml (RunModel)" time="0.018" />
  <testcase classname="ptolemy.util.test.junit.AutoTests" name="[313] /home/travis/build/icyphy/ptII/ptolemy/actor/lib/test/auto/RecordDisassemberDisplayNameTest.xml (RunModel)" time="0.017" />
  <testcase classname="ptolemy.util.test.junit.AutoTests" name="[314] /home/travis/build/icyphy/ptII/ptolemy/actor/lib/test/auto/RecordDisassembler.xml (RunModel)" time="0.007" />
  <testcase classname="ptolemy.util.test.junit.AutoTests" name="[315] /home/travis/build/icyphy/ptII/ptolemy/actor/lib/test/auto/RecordDisassembler2.xml (RunModel)" time="0.009" />
  <testcase classname="ptolemy.util.test.junit.AutoTests" name="[316] /home/travis/build/icyphy/ptII/ptolemy/actor/lib/test/auto/RecordUpdater.xml (RunModel)" time="0.008" />
  <testcase classname="ptolemy.util.test.junit.AutoTests" name="[317] /home/travis/build/icyphy/ptII/ptolemy/actor/lib/test/auto/RecordUpdater2.xml (RunModel)" time="0.012" />
  <testcase classname="ptolemy.util.test.junit.AutoTests" name="[318] /home/travis/build/icyphy/ptII/ptolemy/actor/lib/test/auto/RecursiveLattice.xml (RunModel)" time="0.008" />
  <testcase classname="ptolemy.util.test.junit.AutoTests" name="[319] /home/travis/build/icyphy/ptII/ptolemy/actor/lib/test/auto/Router.xml (RunModel)" time="3.021" />
  <testcase classname="ptolemy.util.test.junit.AutoTests" name="[320] /home/travis/build/icyphy/ptII/ptolemy/actor/lib/test/auto/Router2.xml (RunModel)" time="3.035" />
  <testcase classname="ptolemy.util.test.junit.AutoTests" name="[321] /home/travis/build/icyphy/ptII/ptolemy/actor/lib/test/auto/RunningMaximum.xml (RunModel)" time="0.017" />
  <testcase classname="ptolemy.util.test.junit.AutoTests" name="[322] /home/travis/build/icyphy/ptII/ptolemy/actor/lib/test/auto/RunningMinimum.xml (RunModel)" time="0.012" />
  <testcase classname="ptolemy.util.test.junit.AutoTests" name="[323] /home/travis/build/icyphy/ptII/ptolemy/actor/lib/test/auto/Scale.xml (RunModel)" time="0.009" />
  <testcase classname="ptolemy.util.test.junit.AutoTests" name="[324] /home/travis/build/icyphy/ptII/ptolemy/actor/lib/test/auto/Scale2.xml (RunModel)" time="0.009" />
  <testcase classname="ptolemy.util.test.junit.AutoTests" name="[325] /home/travis/build/icyphy/ptII/ptolemy/actor/lib/test/auto/Scale3.xml (RunModel)" time="0.021" />
  <testcase classname="ptolemy.util.test.junit.AutoTests" name="[326] /home/travis/build/icyphy/ptII/ptolemy/actor/lib/test/auto/ScaleArray.xml (RunModel)" time="0.014" />
  <testcase classname="ptolemy.util.test.junit.AutoTests" name="[327] /home/travis/build/icyphy/ptII/ptolemy/actor/lib/test/auto/ScaleArray2.xml (RunModel)" time="0.009" />
  <testcase classname="ptolemy.util.test.junit.AutoTests" name="[328] /home/travis/build/icyphy/ptII/ptolemy/actor/lib/test/auto/ScaleMatrix.xml (RunModel)" time="0.131" />
  <testcase classname="ptolemy.util.test.junit.AutoTests" name="[329] /home/travis/build/icyphy/ptII/ptolemy/actor/lib/test/auto/Select.xml (RunModel)" time="0.014" />
  <testcase classname="ptolemy.util.test.junit.AutoTests" name="[330] /home/travis/build/icyphy/ptII/ptolemy/actor/lib/test/auto/Select2.xml (RunModel)" time="0.008" />
  <testcase classname="ptolemy.util.test.junit.AutoTests" name="[331] /home/travis/build/icyphy/ptII/ptolemy/actor/lib/test/auto/SequenceToArray2.xml (RunModel)" time="0.111" />
  <testcase classname="ptolemy.util.test.junit.AutoTests" name="[332] /home/travis/build/icyphy/ptII/ptolemy/actor/lib/test/auto/SequentialClock.xml (RunModel)" time="0.007" />
  <testcase classname="ptolemy.util.test.junit.AutoTests" name="[333] /home/travis/build/icyphy/ptII/ptolemy/actor/lib/test/auto/SetVariable.xml (RunModel)" time="0.01" />
  <testcase classname="ptolemy.util.test.junit.AutoTests" name="[334] /home/travis/build/icyphy/ptII/ptolemy/actor/lib/test/auto/SetVariable2.xml (RunModel)" time="0.015" />
  <testcase classname="ptolemy.util.test.junit.AutoTests" name="[335] /home/travis/build/icyphy/ptII/ptolemy/actor/lib/test/auto/SetVariable3.xml (RunModel)" time="0.014" />
  <testcase classname="ptolemy.util.test.junit.AutoTests" name="[336] /home/travis/build/icyphy/ptII/ptolemy/actor/lib/test/auto/SetVariable4.xml (RunModel)" time="0.022" />
  <testcase classname="ptolemy.util.test.junit.AutoTests" name="[337] /home/travis/build/icyphy/ptII/ptolemy/actor/lib/test/auto/SetVariable5.xml (RunModel)" time="0.033" />
  <testcase classname="ptolemy.util.test.junit.AutoTests" name="[338] /home/travis/build/icyphy/ptII/ptolemy/actor/lib/test/auto/Sinewave.xml (RunModel)" time="0.023" />
  <testcase classname="ptolemy.util.test.junit.AutoTests" name="[339] /home/travis/build/icyphy/ptII/ptolemy/actor/lib/test/auto/Sinewave2.xml (RunModel)" time="0.014" />
  <testcase classname="ptolemy.util.test.junit.AutoTests" name="[340] /home/travis/build/icyphy/ptII/ptolemy/actor/lib/test/auto/Sinewave3.xml (RunModel)" time="0.023" />
  <testcase classname="ptolemy.util.test.junit.AutoTests" name="[341] /home/travis/build/icyphy/ptII/ptolemy/actor/lib/test/auto/SingleEvent.xml (RunModel)" time="0.006" />
  <testcase classname="ptolemy.util.test.junit.AutoTests" name="[342] /home/travis/build/icyphy/ptII/ptolemy/actor/lib/test/auto/Sleep.xml (RunModel)" time="6.012" />
  <testcase classname="ptolemy.util.test.junit.AutoTests" name="[343] /home/travis/build/icyphy/ptII/ptolemy/actor/lib/test/auto/SleepMultipleFire.xml (RunModel)" time="1.015" />
  <testcase classname="ptolemy.util.test.junit.AutoTests" name="[344] /home/travis/build/icyphy/ptII/ptolemy/actor/lib/test/auto/StopDE.xml (RunModel)" time="0.011" />
  <testcase classname="ptolemy.util.test.junit.AutoTests" name="[345] /home/travis/build/icyphy/ptII/ptolemy/actor/lib/test/auto/StopSDF.xml (RunModel)" time="0.01" />
  <testcase classname="ptolemy.util.test.junit.AutoTests" name="[346] /home/travis/build/icyphy/ptII/ptolemy/actor/lib/test/auto/StringConstant.xml (RunModel)" time="0.007" />
  <testcase classname="ptolemy.util.test.junit.AutoTests" name="[347] /home/travis/build/icyphy/ptII/ptolemy/actor/lib/test/auto/SubscriberPortInitialValues1.xml (RunModel)" time="0.015" />
  <testcase classname="ptolemy.util.test.junit.AutoTests" name="[348] /home/travis/build/icyphy/ptII/ptolemy/actor/lib/test/auto/SubscriberPortInitialValues13.xml (RunModel)" time="0.019" />
  <testcase classname="ptolemy.util.test.junit.AutoTests" name="[349] /home/travis/build/icyphy/ptII/ptolemy/actor/lib/test/auto/SubscriberPortInitialValues14.xml (RunModel)" time="0.013" />
  <testcase classname="ptolemy.util.test.junit.AutoTests" name="[350] /home/travis/build/icyphy/ptII/ptolemy/actor/lib/test/auto/SubscriberPortInitialValues2.xml (RunModel)" time="0.014" />
  <testcase classname="ptolemy.util.test.junit.AutoTests" name="[351] /home/travis/build/icyphy/ptII/ptolemy/actor/lib/test/auto/SubscriberPortInitialValues3.xml (RunModel)" time="0.017" />
  <testcase classname="ptolemy.util.test.junit.AutoTests" name="[352] /home/travis/build/icyphy/ptII/ptolemy/actor/lib/test/auto/SubscriptionAggregator.xml (RunModel)" time="0.01" />
  <testcase classname="ptolemy.util.test.junit.AutoTests" name="[353] /home/travis/build/icyphy/ptII/ptolemy/actor/lib/test/auto/SubscriptionAggregator2.xml (RunModel)" time="0.01" />
  <testcase classname="ptolemy.util.test.junit.AutoTests" name="[354] /home/travis/build/icyphy/ptII/ptolemy/actor/lib/test/auto/SubscriptionAggregator3.xml (RunModel)" time="0.014" />
  <testcase classname="ptolemy.util.test.junit.AutoTests" name="[355] /home/travis/build/icyphy/ptII/ptolemy/actor/lib/test/auto/SubscriptionAggregatorMultiply.xml (RunModel)" time="0.013" />
  <testcase classname="ptolemy.util.test.junit.AutoTests" name="[356] /home/travis/build/icyphy/ptII/ptolemy/actor/lib/test/auto/SubscriptionAggregatorPortMultiply1.xml (RunModel)" time="0.012" />
  <testcase classname="ptolemy.util.test.junit.AutoTests" name="[357] /home/travis/build/icyphy/ptII/ptolemy/actor/lib/test/auto/Switch.xml (RunModel)" time="0.011" />
  <testcase classname="ptolemy.util.test.junit.AutoTests" name="[358] /home/travis/build/icyphy/ptII/ptolemy/actor/lib/test/auto/Switch2.xml (RunModel)" time="0.008" />
  <testcase classname="ptolemy.util.test.junit.AutoTests" name="[359] /home/travis/build/icyphy/ptII/ptolemy/actor/lib/test/auto/SwitchDE.xml (RunModel)" time="0.01" />
  <testcase classname="ptolemy.util.test.junit.AutoTests" name="[360] /home/travis/build/icyphy/ptII/ptolemy/actor/lib/test/auto/SynchronizerDE.xml (RunModel)" time="0.015" />
  <testcase classname="ptolemy.util.test.junit.AutoTests" name="[361] /home/travis/build/icyphy/ptII/ptolemy/actor/lib/test/auto/Test.xml (RunModel)" time="0.008" />
  <testcase classname="ptolemy.util.test.junit.AutoTests" name="[362] /home/travis/build/icyphy/ptII/ptolemy/actor/lib/test/auto/TestExceptionAttribute1.xml (RunModel)" time="0.005" />
  <testcase classname="ptolemy.util.test.junit.AutoTests" name="[363] /home/travis/build/icyphy/ptII/ptolemy/actor/lib/test/auto/TestExceptionAttribute2.xml (RunModel)" time="0.005" />
  <testcase classname="ptolemy.util.test.junit.AutoTests" name="[364] /home/travis/build/icyphy/ptII/ptolemy/actor/lib/test/auto/TestExceptionAttribute3.xml (RunModel)" time="0.005" />
  <testcase classname="ptolemy.util.test.junit.AutoTests" name="[365] /home/travis/build/icyphy/ptII/ptolemy/actor/lib/test/auto/TestExceptionAttribute4.xml (RunModel)" time="0.006" />
  <testcase classname="ptolemy.util.test.junit.AutoTests" name="[366] /home/travis/build/icyphy/ptII/ptolemy/actor/lib/test/auto/TestExceptionHandler1.xml (RunModel)" time="0.005" />
  <testcase classname="ptolemy.util.test.junit.AutoTests" name="[367] /home/travis/build/icyphy/ptII/ptolemy/actor/lib/test/auto/TestExceptionHandler2.xml (RunModel)" time="0.005" />
  <testcase classname="ptolemy.util.test.junit.AutoTests" name="[368] /home/travis/build/icyphy/ptII/ptolemy/actor/lib/test/auto/TestExceptionHandler3.xml (RunModel)" time="0.005" />
  <testcase classname="ptolemy.util.test.junit.AutoTests" name="[369] /home/travis/build/icyphy/ptII/ptolemy/actor/lib/test/auto/TestExceptionHandler4.xml (RunModel)" time="0.005" />
  <testcase classname="ptolemy.util.test.junit.AutoTests" name="[370] /home/travis/build/icyphy/ptII/ptolemy/actor/lib/test/auto/TestRequireCorrectOrder.xml (RunModel)" time="0.009" />
  <testcase classname="ptolemy.util.test.junit.AutoTests" name="[371] /home/travis/build/icyphy/ptII/ptolemy/actor/lib/test/auto/TestSimple.xml (RunModel)" time="0.005" />
  <testcase classname="ptolemy.util.test.junit.AutoTests" name="[372] /home/travis/build/icyphy/ptII/ptolemy/actor/lib/test/auto/ThrowModelError.xml (RunModel)" time="0.008" />
  <testcase classname="ptolemy.util.test.junit.AutoTests" name="[373] /home/travis/build/icyphy/ptII/ptolemy/actor/lib/test/auto/TimeDelayMicrosteps.xml (RunModel)" time="0.011" />
  <testcase classname="ptolemy.util.test.junit.AutoTests" name="[374] /home/travis/build/icyphy/ptII/ptolemy/actor/lib/test/auto/TimeDelayMicrosteps2.xml (RunModel)" time="0.013" />
  <testcase classname="ptolemy.util.test.junit.AutoTests" name="[375] /home/travis/build/icyphy/ptII/ptolemy/actor/lib/test/auto/TimeDelayMicrosteps3.xml (RunModel)" time="0.01" />
  <testcase classname="ptolemy.util.test.junit.AutoTests" name="[376] /home/travis/build/icyphy/ptII/ptolemy/actor/lib/test/auto/TimeDelayVariableMicrosteps.xml (RunModel)" time="0.01" />
  <testcase classname="ptolemy.util.test.junit.AutoTests" name="[377] /home/travis/build/icyphy/ptII/ptolemy/actor/lib/test/auto/TimeGap.xml (RunModel)" time="0.01" />
  <testcase classname="ptolemy.util.test.junit.AutoTests" name="[378] /home/travis/build/icyphy/ptII/ptolemy/actor/lib/test/auto/TimeGap2.xml (RunModel)" time="0.009" />
  <testcase classname="ptolemy.util.test.junit.AutoTests" name="[379] /home/travis/build/icyphy/ptII/ptolemy/actor/lib/test/auto/TimedSinewave.xml (RunModel)" time="0.046" />
  <testcase classname="ptolemy.util.test.junit.AutoTests" name="[380] /home/travis/build/icyphy/ptII/ptolemy/actor/lib/test/auto/TimedSinewavePhase.xml (RunModel)" time="0.033" />
  <testcase classname="ptolemy.util.test.junit.AutoTests" name="[381] /home/travis/build/icyphy/ptII/ptolemy/actor/lib/test/auto/Timer.xml (RunModel)" time="0.01" />
  <testcase classname="ptolemy.util.test.junit.AutoTests" name="[382] /home/travis/build/icyphy/ptII/ptolemy/actor/lib/test/auto/TriangularDistTestModel.xml (RunModel)" time="0.019" />
  <testcase classname="ptolemy.util.test.junit.AutoTests" name="[383] /home/travis/build/icyphy/ptII/ptolemy/actor/lib/test/auto/TrigFunction.xml (RunModel)" time="0.014" />
  <testcase classname="ptolemy.util.test.junit.AutoTests" name="[384] /home/travis/build/icyphy/ptII/ptolemy/actor/lib/test/auto/TrigFunctionDE.xml (RunModel)" time="0.01" />
  <testcase classname="ptolemy.util.test.junit.AutoTests" name="[385] /home/travis/build/icyphy/ptII/ptolemy/actor/lib/test/auto/TrigFunctionInverse.xml (RunModel)" time="0.008" />
  <testcase classname="ptolemy.util.test.junit.AutoTests" name="[386] /home/travis/build/icyphy/ptII/ptolemy/actor/lib/test/auto/TrigFunctionTan.xml (RunModel)" time="0.006" />
  <testcase classname="ptolemy.util.test.junit.AutoTests" name="[387] /home/travis/build/icyphy/ptII/ptolemy/actor/lib/test/auto/TriggeredClock.xml (RunModel)" time="0.007" />
  <testcase classname="ptolemy.util.test.junit.AutoTests" name="[388] /home/travis/build/icyphy/ptII/ptolemy/actor/lib/test/auto/URLDirectoryReader.xml (RunModel)" time="0.113" />
  <testcase classname="ptolemy.util.test.junit.AutoTests" name="[389] /home/travis/build/icyphy/ptII/ptolemy/actor/lib/test/auto/URLDirectoryReader3.xml (RunModel)" time="1.685" />
  <testcase classname="ptolemy.util.test.junit.AutoTests" name="[390] /home/travis/build/icyphy/ptII/ptolemy/actor/lib/test/auto/UnaryMathFunction.xml (RunModel)" time="0.017" />
  <testcase classname="ptolemy.util.test.junit.AutoTests" name="[391] /home/travis/build/icyphy/ptII/ptolemy/actor/lib/test/auto/Uniform.xml (RunModel)" time="0.01" />
  <testcase classname="ptolemy.util.test.junit.AutoTests" name="[392] /home/travis/build/icyphy/ptII/ptolemy/actor/lib/test/auto/UnionDisassemblerTest.xml (RunModel)" time="0.008" />
  <testcase classname="ptolemy.util.test.junit.AutoTests" name="[393] /home/travis/build/icyphy/ptII/ptolemy/actor/lib/test/auto/UtilityFunctions.xml (RunModel)" time="0.006" />
  <testcase classname="ptolemy.util.test.junit.AutoTests" name="[394] /home/travis/build/icyphy/ptII/ptolemy/actor/lib/test/auto/VariableSleep.xml (RunModel)" time="0.511" />
  <testcase classname="ptolemy.util.test.junit.AutoTests" name="[395] /home/travis/build/icyphy/ptII/ptolemy/actor/lib/test/auto/VectorAssemblerDisassemblerCT.xml (RunModel)" time="0.078" />
  <testcase classname="ptolemy.util.test.junit.AutoTests" name="[396] /home/travis/build/icyphy/ptII/ptolemy/actor/lib/test/auto/VectorAssemblerDisassemblerDE.xml (RunModel)" time="0.012" />
  <testcase classname="ptolemy.util.test.junit.AutoTests" name="[397] /home/travis/build/icyphy/ptII/ptolemy/actor/lib/test/auto/VectorAssemblerDisassemblerSDF.xml (RunModel)" time="0.011" />
  <testcase classname="ptolemy.util.test.junit.AutoTests" name="[398] /home/travis/build/icyphy/ptII/ptolemy/actor/lib/test/auto/WallClockTime.xml (RunModel)" time="1.013" />
  <testcase classname="ptolemy.util.test.junit.AutoTests" name="[399] /home/travis/build/icyphy/ptII/ptolemy/actor/lib/test/auto/WidthTestWithSubscriberPublisher.xml (RunModel)" time="0.076" />
  <testcase classname="ptolemy.util.test.junit.AutoTests" name="[400] /home/travis/build/icyphy/ptII/ptolemy/actor/lib/test/auto/WidthTestWithSubscriberPublisher2.xml (RunModel)" time="0.012" />
  <testcase classname="ptolemy.util.test.junit.AutoTests" name="[401] /home/travis/build/icyphy/ptII/ptolemy/actor/lib/test/auto/WidthTestWithSubscriberPublisher3.xml (RunModel)" time="0.013" />
  <testcase classname="ptolemy.util.test.junit.AutoTests" name="[402] /home/travis/build/icyphy/ptII/ptolemy/actor/lib/test/auto/Writer.xml (RunModel)" time="0.006" />
  <testcase classname="ptolemy.util.test.junit.AutoTests" name="[403] /home/travis/build/icyphy/ptII/ptolemy/actor/lib/test/auto/array.xml (RunModel)" time="0.007" />
  <testcase classname="ptolemy.util.test.junit.AutoTests" name="[404] /home/travis/build/icyphy/ptII/ptolemy/actor/lib/test/auto/array2.xml (RunModel)" time="0.017" />
  <testcase classname="ptolemy.util.test.junit.AutoTests" name="[405] /home/travis/build/icyphy/ptII/ptolemy/actor/lib/test/auto/arrayType.xml (RunModel)" time="0.009" />
  <testcase classname="ptolemy.util.test.junit.AutoTests" name="[406] /home/travis/build/icyphy/ptII/ptolemy/actor/lib/test/auto/arrayType10.xml (RunModel)" time="0.008" />
  <testcase classname="ptolemy.util.test.junit.AutoTests" name="[407] /home/travis/build/icyphy/ptII/ptolemy/actor/lib/test/auto/arrayType11.xml (RunModel)" time="0.008" />
  <testcase classname="ptolemy.util.test.junit.AutoTests" name="[408] /home/travis/build/icyphy/ptII/ptolemy/actor/lib/test/auto/arrayType12.xml (RunModel)" time="0.009" />
  <testcase classname="ptolemy.util.test.junit.AutoTests" name="[409] /home/travis/build/icyphy/ptII/ptolemy/actor/lib/test/auto/arrayType13.xml (RunModel)" time="0.008" />
  <testcase classname="ptolemy.util.test.junit.AutoTests" name="[410] /home/travis/build/icyphy/ptII/ptolemy/actor/lib/test/auto/arrayType14.xml (RunModel)" time="0.008" />
  <testcase classname="ptolemy.util.test.junit.AutoTests" name="[411] /home/travis/build/icyphy/ptII/ptolemy/actor/lib/test/auto/arrayType15.xml (RunModel)" time="0.009" />
  <testcase classname="ptolemy.util.test.junit.AutoTests" name="[412] /home/travis/build/icyphy/ptII/ptolemy/actor/lib/test/auto/arrayType16.xml (RunModel)" time="0.01" />
  <testcase classname="ptolemy.util.test.junit.AutoTests" name="[413] /home/travis/build/icyphy/ptII/ptolemy/actor/lib/test/auto/arrayType17.xml (RunModel)" time="0.008" />
  <testcase classname="ptolemy.util.test.junit.AutoTests" name="[414] /home/travis/build/icyphy/ptII/ptolemy/actor/lib/test/auto/arrayType18.xml (RunModel)" time="0.008" />
  <testcase classname="ptolemy.util.test.junit.AutoTests" name="[415] /home/travis/build/icyphy/ptII/ptolemy/actor/lib/test/auto/arrayType19.xml (RunModel)" time="0.007" />
  <testcase classname="ptolemy.util.test.junit.AutoTests" name="[416] /home/travis/build/icyphy/ptII/ptolemy/actor/lib/test/auto/arrayType2.xml (RunModel)" time="0.012" />
  <testcase classname="ptolemy.util.test.junit.AutoTests" name="[417] /home/travis/build/icyphy/ptII/ptolemy/actor/lib/test/auto/arrayType20.xml (RunModel)" time="0.008" />
  <testcase classname="ptolemy.util.test.junit.AutoTests" name="[418] /home/travis/build/icyphy/ptII/ptolemy/actor/lib/test/auto/arrayType21.xml (RunModel)" time="0.007" />
  <testcase classname="ptolemy.util.test.junit.AutoTests" name="[419] /home/travis/build/icyphy/ptII/ptolemy/actor/lib/test/auto/arrayType22.xml (RunModel)" time="0.008" />
  <testcase classname="ptolemy.util.test.junit.AutoTests" name="[420] /home/travis/build/icyphy/ptII/ptolemy/actor/lib/test/auto/arrayType23.xml (RunModel)" time="0.008" />
  <testcase classname="ptolemy.util.test.junit.AutoTests" name="[421] /home/travis/build/icyphy/ptII/ptolemy/actor/lib/test/auto/arrayType24.xml (RunModel)" time="0.017" />
  <testcase classname="ptolemy.util.test.junit.AutoTests" name="[422] /home/travis/build/icyphy/ptII/ptolemy/actor/lib/test/auto/arrayType25.xml (RunModel)" time="0.008" />
  <testcase classname="ptolemy.util.test.junit.AutoTests" name="[423] /home/travis/build/icyphy/ptII/ptolemy/actor/lib/test/auto/arrayType26.xml (RunModel)" time="0.008" />
  <testcase classname="ptolemy.util.test.junit.AutoTests" name="[424] /home/travis/build/icyphy/ptII/ptolemy/actor/lib/test/auto/arrayType27.xml (RunModel)" time="0.008" />
  <testcase classname="ptolemy.util.test.junit.AutoTests" name="[425] /home/travis/build/icyphy/ptII/ptolemy/actor/lib/test/auto/arrayType28.xml (RunModel)" time="0.014" />
  <testcase classname="ptolemy.util.test.junit.AutoTests" name="[426] /home/travis/build/icyphy/ptII/ptolemy/actor/lib/test/auto/arrayType3.xml (RunModel)" time="0.008" />
  <testcase classname="ptolemy.util.test.junit.AutoTests" name="[427] /home/travis/build/icyphy/ptII/ptolemy/actor/lib/test/auto/arrayType4.xml (RunModel)" time="0.008" />
  <testcase classname="ptolemy.util.test.junit.AutoTests" name="[428] /home/travis/build/icyphy/ptII/ptolemy/actor/lib/test/auto/arrayType5.xml (RunModel)" time="0.008" />
  <testcase classname="ptolemy.util.test.junit.AutoTests" name="[429] /home/travis/build/icyphy/ptII/ptolemy/actor/lib/test/auto/arrayType6.xml (RunModel)" time="0.008" />
  <testcase classname="ptolemy.util.test.junit.AutoTests" name="[430] /home/travis/build/icyphy/ptII/ptolemy/actor/lib/test/auto/arrayType7.xml (RunModel)" time="0.008" />
  <testcase classname="ptolemy.util.test.junit.AutoTests" name="[431] /home/travis/build/icyphy/ptII/ptolemy/actor/lib/test/auto/arrayType8.xml (RunModel)" time="0.021" />
  <testcase classname="ptolemy.util.test.junit.AutoTests" name="[432] /home/travis/build/icyphy/ptII/ptolemy/actor/lib/test/auto/arrayType9.xml (RunModel)" time="0.009" />
  <testcase classname="ptolemy.util.test.junit.AutoTests" name="[433] /home/travis/build/icyphy/ptII/ptolemy/actor/lib/test/auto/cast.xml (RunModel)" time="0.008" />
  <testcase classname="ptolemy.util.test.junit.AutoTests" name="[434] /home/travis/build/icyphy/ptII/ptolemy/actor/lib/test/auto/compositeMultiPort.xml (RunModel)" time="0.017" />
  <testcase classname="ptolemy.util.test.junit.AutoTests" name="[435] /home/travis/build/icyphy/ptII/ptolemy/actor/lib/test/auto/expressionCastInference.xml (RunModel)" time="0.008" />
  <testcase classname="ptolemy.util.test.junit.AutoTests" name="[436] /home/travis/build/icyphy/ptII/ptolemy/actor/lib/test/auto/expressionCastInference2.xml (RunModel)" time="0.007" />
  <testcase classname="ptolemy.util.test.junit.AutoTests" name="[437] /home/travis/build/icyphy/ptII/ptolemy/actor/lib/test/auto/expressionInference.xml (RunModel)" time="0.006" />
  <testcase classname="ptolemy.util.test.junit.AutoTests" name="[438] /home/travis/build/icyphy/ptII/ptolemy/actor/lib/test/auto/expression_bug.xml (RunModel)" time="0.007" />
  <testcase classname="ptolemy.util.test.junit.AutoTests" name="[439] /home/travis/build/icyphy/ptII/ptolemy/actor/lib/test/auto/factorial.xml (RunModel)" time="0.053" />
  <testcase classname="ptolemy.util.test.junit.AutoTests" name="[440] /home/travis/build/icyphy/ptII/ptolemy/actor/lib/test/auto/filterTest1.xml (RunModel)" time="0.011" />
  <testcase classname="ptolemy.util.test.junit.AutoTests" name="[441] /home/travis/build/icyphy/ptII/ptolemy/actor/lib/test/auto/funcApplyInConst.xml (RunModel)" time="0.006" />
  <testcase classname="ptolemy.util.test.junit.AutoTests" name="[442] /home/travis/build/icyphy/ptII/ptolemy/actor/lib/test/auto/funcApplyInExpr.xml (RunModel)" time="0.005" />
  <testcase classname="ptolemy.util.test.junit.AutoTests" name="[443] /home/travis/build/icyphy/ptII/ptolemy/actor/lib/test/auto/function.xml (RunModel)" time="0.009" />
  <testcase classname="ptolemy.util.test.junit.AutoTests" name="[444] /home/travis/build/icyphy/ptII/ptolemy/actor/lib/test/auto/function2.xml (RunModel)" time="0.008" />
  <testcase classname="ptolemy.util.test.junit.AutoTests" name="[445] /home/travis/build/icyphy/ptII/ptolemy/actor/lib/test/auto/function3.xml (RunModel)" time="0.006" />
  <testcase classname="ptolemy.util.test.junit.AutoTests" name="[446] /home/travis/build/icyphy/ptII/ptolemy/actor/lib/test/auto/functionClosureTest1.xml (RunModel)" time="0.009" />
  <testcase classname="ptolemy.util.test.junit.AutoTests" name="[447] /home/travis/build/icyphy/ptII/ptolemy/actor/lib/test/auto/functionClosureTest2.xml (RunModel)" time="0.007" />
  <testcase classname="ptolemy.util.test.junit.AutoTests" name="[448] /home/travis/build/icyphy/ptII/ptolemy/actor/lib/test/auto/functionClosureTest3.xml (RunModel)" time="0.009" />
  <testcase classname="ptolemy.util.test.junit.AutoTests" name="[449] /home/travis/build/icyphy/ptII/ptolemy/actor/lib/test/auto/functionClosureTest4.xml (RunModel)" time="0.013" />
  <testcase classname="ptolemy.util.test.junit.AutoTests" name="[450] /home/travis/build/icyphy/ptII/ptolemy/actor/lib/test/auto/functionClosureTest5.xml (RunModel)" time="0.011" />
  <testcase classname="ptolemy.util.test.junit.AutoTests" name="[451] /home/travis/build/icyphy/ptII/ptolemy/actor/lib/test/auto/functionClosureTest6.xml (RunModel)" time="0.008" />
  <testcase classname="ptolemy.util.test.junit.AutoTests" name="[452] /home/travis/build/icyphy/ptII/ptolemy/actor/lib/test/auto/functionsOnArcs.xml (RunModel)" time="0.009" />
  <testcase classname="ptolemy.util.test.junit.AutoTests" name="[453] /home/travis/build/icyphy/ptII/ptolemy/actor/lib/test/auto/functionsOnArcsHOF.xml (RunModel)" time="0.011" />
  <testcase classname="ptolemy.util.test.junit.AutoTests" name="[454] /home/travis/build/icyphy/ptII/ptolemy/actor/lib/test/auto/logic.xml (RunModel)" time="0.016" />
  <testcase classname="ptolemy.util.test.junit.AutoTests" name="[455] /home/travis/build/icyphy/ptII/ptolemy/actor/lib/test/auto/matrixType.xml (RunModel)" time="0.008" />
  <testcase classname="ptolemy.util.test.junit.AutoTests" name="[456] /home/travis/build/icyphy/ptII/ptolemy/actor/lib/test/auto/matrixType10.xml (RunModel)" time="0.008" />
  <testcase classname="ptolemy.util.test.junit.AutoTests" name="[457] /home/travis/build/icyphy/ptII/ptolemy/actor/lib/test/auto/matrixType11.xml (RunModel)" time="0.008" />
  <testcase classname="ptolemy.util.test.junit.AutoTests" name="[458] /home/travis/build/icyphy/ptII/ptolemy/actor/lib/test/auto/matrixType12.xml (RunModel)" time="0.007" />
  <testcase classname="ptolemy.util.test.junit.AutoTests" name="[459] /home/travis/build/icyphy/ptII/ptolemy/actor/lib/test/auto/matrixType13.xml (RunModel)" time="0.008" />
  <testcase classname="ptolemy.util.test.junit.AutoTests" name="[460] /home/travis/build/icyphy/ptII/ptolemy/actor/lib/test/auto/matrixType14.xml (RunModel)" time="0.009" />
  <testcase classname="ptolemy.util.test.junit.AutoTests" name="[461] /home/travis/build/icyphy/ptII/ptolemy/actor/lib/test/auto/matrixType2.xml (RunModel)" time="0.008" />
  <testcase classname="ptolemy.util.test.junit.AutoTests" name="[462] /home/travis/build/icyphy/ptII/ptolemy/actor/lib/test/auto/matrixType3.xml (RunModel)" time="0.007" />
  <testcase classname="ptolemy.util.test.junit.AutoTests" name="[463] /home/travis/build/icyphy/ptII/ptolemy/actor/lib/test/auto/matrixType4.xml (RunModel)" time="0.008" />
  <testcase classname="ptolemy.util.test.junit.AutoTests" name="[464] /home/travis/build/icyphy/ptII/ptolemy/actor/lib/test/auto/matrixType5.xml (RunModel)" time="0.008" />
  <testcase classname="ptolemy.util.test.junit.AutoTests" name="[465] /home/travis/build/icyphy/ptII/ptolemy/actor/lib/test/auto/matrixType6.xml (RunModel)" time="0.007" />
  <testcase classname="ptolemy.util.test.junit.AutoTests" name="[466] /home/travis/build/icyphy/ptII/ptolemy/actor/lib/test/auto/matrixType7.xml (RunModel)" time="0.007" />
  <testcase classname="ptolemy.util.test.junit.AutoTests" name="[467] /home/travis/build/icyphy/ptII/ptolemy/actor/lib/test/auto/matrixType8.xml (RunModel)" time="0.008" />
  <testcase classname="ptolemy.util.test.junit.AutoTests" name="[468] /home/travis/build/icyphy/ptII/ptolemy/actor/lib/test/auto/matrixType9.xml (RunModel)" time="0.007" />
  <testcase classname="ptolemy.util.test.junit.AutoTests" name="[469] /home/travis/build/icyphy/ptII/ptolemy/actor/lib/test/auto/paraFunctest.xml (RunModel)" time="0.006" />
  <testcase classname="ptolemy.util.test.junit.AutoTests" name="[470] /home/travis/build/icyphy/ptII/ptolemy/actor/lib/test/auto/paraFunctest2.xml (RunModel)" time="0.006" />
  <testcase classname="ptolemy.util.test.junit.AutoTests" name="[471] /home/travis/build/icyphy/ptII/ptolemy/actor/lib/test/auto/parameterPassing.xml (RunModel)" time="0.007" />
  <testcase classname="ptolemy.util.test.junit.AutoTests" name="[472] /home/travis/build/icyphy/ptII/ptolemy/actor/lib/test/auto/record.xml (RunModel)" time="0.008" />
  <testcase classname="ptolemy.util.test.junit.AutoTests" name="[473] /home/travis/build/icyphy/ptII/ptolemy/actor/lib/test/auto/sizedarray1.xml (RunModel)" time="0.008" />
  <testcase classname="ptolemy.util.test.junit.AutoTests" name="[474] /home/travis/build/icyphy/ptII/ptolemy/actor/lib/test/auto/sizedarray2.xml (RunModel)" time="0.008" />
  <testcase classname="ptolemy.util.test.junit.AutoTests" name="[475] /home/travis/build/icyphy/ptII/ptolemy/actor/lib/test/auto/twoPublishers.xml (RunModel)" time="0.016" />
  <system-out><![CDATA[/home/travis/build/icyphy/ptII/ptolemy/actor/lib/test/AbsoluteValue.tcl
testDefs.tcl: setting time out to 9000 seconds at Wed Feb 27 22:00:03 UTC 2019
84 ms. Memory: 116224K Free: 109605K (94%)
4 ms. Memory: 116224K Free: 108394K (93%)
4 ms. Memory: 116224K Free: 107760K (93%)
3 ms. Memory: 116224K Free: 106566K (92%)
/home/travis/build/icyphy/ptII/ptolemy/actor/lib/test/AddSubtract.tcl
7 ms. Memory: 116224K Free: 104745K (90%)
12 ms. Memory: 116224K Free: 104135K (90%)
6 ms. Memory: 116224K Free: 102932K (89%)
9 ms. Memory: 116224K Free: 102307K (88%)
13 ms. Memory: 116224K Free: 101697K (88%)
12 ms. Memory: 116224K Free: 101080K (87%)
/home/travis/build/icyphy/ptII/ptolemy/actor/lib/test/Average.tcl
13 ms. Memory: 116224K Free: 99259K (85%)
6 ms. Memory: 116224K Free: 98032K (84%)
/home/travis/build/icyphy/ptII/ptolemy/actor/lib/test/Bernoulli.tcl
3 ms. Memory: 116224K Free: 96235K (83%)
10 ms. Memory: 116224K Free: 95617K (82%)
/home/travis/build/icyphy/ptII/ptolemy/actor/lib/test/Clock.tcl
preinitializing
resolving types
initializing
executing number 1
wrapping up
idle
17 ms. Memory: 116224K Free: 93821K (81%)
Completed execution with 5 iterations
preinitializing
resolving types
initializing
executing number 1
wrapping up
idle
4 ms. Memory: 116224K Free: 92618K (80%)
Completed execution with 5 iterations
preinitializing
resolving types
initializing
executing number 1
wrapping up
idle
3 ms. Memory: 116224K Free: 92009K (79%)
Completed execution with 5 iterations
/home/travis/build/icyphy/ptII/ptolemy/actor/lib/test/Commutator.tcl
6 ms. Memory: 116224K Free: 90211K (78%)
5 ms. Memory: 116224K Free: 89008K (77%)
8 ms. Memory: 116224K Free: 84838K (73%)
/home/travis/build/icyphy/ptII/ptolemy/actor/lib/test/Const.tcl
12 ms. Memory: 116224K Free: 83038K (71%)
3 ms. Memory: 116224K Free: 82445K (71%)
2 ms. Memory: 116224K Free: 81851K (70%)
2 ms. Memory: 116224K Free: 81258K (70%)
14 ms. Memory: 146944K Free: 140414K (96%)
20 ms. Memory: 146944K Free: 138822K (94%)
13 ms. Memory: 146944K Free: 137630K (94%)
4 ms. Memory: 146944K Free: 136422K (93%)
/home/travis/build/icyphy/ptII/ptolemy/actor/lib/test/CurrentTime.tcl
preinitializing
resolving types
initializing
executing number 1
wrapping up
idle
7 ms. Memory: 146944K Free: 133985K (91%)
Completed execution with 11 iterations
/home/travis/build/icyphy/ptII/ptolemy/actor/lib/test/DB.tcl
3 ms. Memory: 146944K Free: 131585K (90%)
1 ms. Memory: 146944K Free: 131585K (90%)
1 ms. Memory: 146944K Free: 130377K (89%)
/home/travis/build/icyphy/ptII/ptolemy/actor/lib/test/DiscreteRandomSource.tcl
preinitializing
resolving types
initializing
executing number 1
wrapping up
idle
4 ms. Memory: 146944K Free: 129185K (88%)
Completed execution with 4 iterations
preinitializing
resolving types
initializing
executing number 1
wrapping up
idle
2 ms. Memory: 146944K Free: 129185K (88%)
Completed execution with 4 iterations
preinitializing
resolving types
initializing
executing number 1
wrapping up
idle
2 ms. Memory: 146944K Free: 127977K (87%)
Completed execution with 4 iterations
preinitializing
resolving types
initializing
executing number 1
wrapping up
idle
2 ms. Memory: 146944K Free: 127977K (87%)
Completed execution with 4 iterations
preinitializing
resolving types
initializing
executing number 1
wrapping up
idle
3 ms. Memory: 146944K Free: 127977K (87%)
Completed execution with 4 iterations
/home/travis/build/icyphy/ptII/ptolemy/actor/lib/test/Distributor.tcl
8 ms. Memory: 146944K Free: 125593K (85%)
8 ms. Memory: 146944K Free: 125593K (85%)
StreamChangeRequest.changeExecuted(): <deleteEntity name="rec2"/> succeeded
StreamChangeRequest.changeExecuted(): <deleteRelation name="r2"/> succeeded
StreamChangeRequest.changeExecuted(): Record firings per iteration succeeded
12 ms. Memory: 146944K Free: 123209K (84%)
/home/travis/build/icyphy/ptII/ptolemy/actor/lib/test/Exit.tcl
Exit.tcl: this will print a message about Manager.exitAfterWrapup, which can be ignored.
3 ms. Memory: 146944K Free: 119002K (81%)
/home/travis/build/icyphy/ptII/ptolemy/actor/lib/test/Expression.tcl
8 ms. Memory: 146944K Free: 116581K (79%)
11 ms. Memory: 146944K Free: 115389K (79%)
2 ms. Memory: 146944K Free: 115389K (79%)
preinitializing
resolving types
initializing
executing number 1
wrapping up
idle
15 ms. Memory: 146944K Free: 113005K (77%)
Completed execution with 6 iterations
3 ms. Memory: 146944K Free: 113005K (77%)
13 ms. Memory: 146944K Free: 111813K (76%)
4 ms. Memory: 146944K Free: 110621K (75%)
6 ms. Memory: 146944K Free: 109429K (74%)
7 ms. Memory: 146944K Free: 108237K (74%)
/home/travis/build/icyphy/ptII/ptolemy/actor/lib/test/Gaussian.tcl
10 ms. Memory: 146944K Free: 105853K (72%)
sleeping 1 seconds: ......................................................................................................................................................................................................................................................................................................................................................................................................................................................................................................................................................................................................................................................................................................................................................................................................................................................................................................................................................................................................................................................................................................................................................................................................................................................................................................................................................................................................................................................................................................................................................................................................................................................................................................................................................................................................................................................................................................................................................................................................................................................................................................................................................................................................................................................................................................................................................................................................................................................................................................................................................................................................................................................................................................................................................................................................................................................................................................................................................................................................................................................................................................................................................................................................................................................................................................................................................................................................................................................................................................................................................................................................................................................................................................................................................................................................................................................................................................................................................................................................................................................................................................................................................................................................................................................................................................................................................................................................................................................................................................................................................................................................................................................................................................................................................................................................................................................................................................................................................................................................................................................................................................................................................................................................................................................................................................................................................................................................................................................................................................................................................................................................................................................................................................................................................................................................................................................................................................................................................................................................................................................................................................................................................................................................................................................................................................................................................................................................................................................................................................................................................................................................................................................................................................................................................................................................................................................................................................................................................................................................................................................................................................................................................................................................................................................................................................................................................................................................................................................................................................................................................................................................................................................................................................................................................................................................................................................................................................................................................................................................................................................................................................................................................................................................................................................................................................................................................................................................................................................................................................................................................................................................................................................................................................................................................................................................................................................................................................................................................................................................................................................................................................................................................................................................................................................................................................................................................................................................................................................................................................................................................................................................................................................................................................................................................................................................................................................................................................................................................................................................................................................................................................................................................................................................................................................................................................................................................................................................................................................................................................................................................................................................................................................................................................................................................................................................................................................................................................................................................................................................................................................................................................................................................................................................................................................................................................................................................................................................................................................................................................................................................................................................................................................................................................................................................................................................................................................................................................................................................................................................................................................................................................................................................................................................................................................................................................................................................................................................................................................................................................................................................................................................................................................................................................................................................................................................................................................................................................................................................................................................................................................................................................................................................................................................................................................................................................................................................................................................................................................................................................................................................................................................................................................................................................................................................................................................................................................................................................................................................................................................................................................................................................................................................................................................................................................................................................................................................................................................................................................................................................................................................................................................................................................................................................................................................................................................................................................................................................................................................................................................................................................................................................................................................................................................................................................................................................................................................................................................................................................................................................................................................................................................................................................................................................................................................................................................................................................................................................................................................................................................................................................................................................................................................................................................................................................................................................................................................................................................................................................................................................................................................................................................................................................................................................................................................................................................................................................................................................................................................................................................................................................................................................................................................................................................................................................................................................................................................................................................................................................................................................................................................................................................................................................................................................................................................................................................................................................................................................................................................................................................................................................................................................................................................................................................................................................................................................................................................................................................................................................................................................................................................................................................................................3 ms. Memory: 146944K Free: 90208K (61%)
3 ms. Memory: 146944K Free: 90208K (61%)
2 ms. Memory: 146944K Free: 89031K (61%)
7 ms. Memory: 146944K Free: 88772K (60%)
6 ms. Memory: 146944K Free: 87595K (60%)
/home/travis/build/icyphy/ptII/ptolemy/actor/lib/test/IIR.tcl
/home/travis/build/icyphy/ptII/ptolemy/actor/lib/test/Interpolator.tcl
5 ms. Memory: 146944K Free: 84064K (57%)
7 ms. Memory: 146944K Free: 82887K (56%)
1 ms. Memory: 146944K Free: 82887K (56%)
1 ms. Memory: 146944K Free: 81710K (56%)
7 ms. Memory: 146944K Free: 80557K (55%)
6 ms. Memory: 146944K Free: 80557K (55%)
10 ms. Memory: 208384K Free: 200765K (96%)
1 ms. Memory: 208384K Free: 200765K (96%)
2 ms. Memory: 208384K Free: 198037K (95%)
2 ms. Memory: 208384K Free: 198037K (95%)
/home/travis/build/icyphy/ptII/ptolemy/actor/lib/test/MathFunction.tcl
4 ms. Memory: 208384K Free: 195647K (94%)
2 ms. Memory: 208384K Free: 195647K (94%)
2 ms. Memory: 208384K Free: 193257K (93%)
2 ms. Memory: 208384K Free: 193257K (93%)
3 ms. Memory: 208384K Free: 190866K (92%)
5 ms. Memory: 208384K Free: 190866K (92%)
/home/travis/build/icyphy/ptII/ptolemy/actor/lib/test/Maximum.tcl
4 ms. Memory: 208384K Free: 188476K (90%)
2 ms. Memory: 208384K Free: 186086K (89%)
2 ms. Memory: 208384K Free: 186086K (89%)
2 ms. Memory: 208384K Free: 186086K (89%)
/home/travis/build/icyphy/ptII/ptolemy/actor/lib/test/Minimum.tcl
3 ms. Memory: 208384K Free: 183696K (88%)
2 ms. Memory: 208384K Free: 183696K (88%)
7 ms. Memory: 208384K Free: 183696K (88%)
3 ms. Memory: 208384K Free: 181305K (87%)
/home/travis/build/icyphy/ptII/ptolemy/actor/lib/test/MultiplyDivide.tcl
4 ms. Memory: 208384K Free: 178915K (86%)
2 ms. Memory: 208384K Free: 178915K (86%)
2 ms. Memory: 208384K Free: 178915K (86%)
2 ms. Memory: 208384K Free: 178915K (86%)
1 ms. Memory: 208384K Free: 176525K (85%)
/home/travis/build/icyphy/ptII/ptolemy/actor/lib/test/OrderedMerge.tcl
Connections changed on port: inputA
Connections changed on port: inputB
Connections changed on port: output
Connections changed on port: output
Connections changed on port: output
Connections changed on port: input
.top. Preinitializing ...
Invoking preinitialize():  .top.OrderedMerge
Called preinitialize()
Invoking preinitialize():  .top.Ramp
Called preinitialize()
Invoking preinitialize():  .top.Ramp2
Called preinitialize()
Invoking preinitialize():  .top.Test
Called preinitialize()
Connections changed on port: inputA
Connections changed on port: output
Connections changed on port: inputB
Connections changed on port: output
Connections changed on port: output
Connections changed on port: input
.top. Finished preinitialize().
Called initialize().
Invoking initialize():  .top.OrderedMerge
Initializing actor: .top.OrderedMerge
Adding a thread: .top.OrderedMerge
Invoking initialize():  .top.Ramp
Initializing actor: .top.Ramp
Adding a thread: .top.Ramp
Invoking initialize():  .top.Ramp2
Initializing actor: .top.Ramp2
Adding a thread: .top.Ramp2
Invoking initialize():  .top.Test
Initializing actor: .top.Test
Adding a thread: .top.Test
-- Starting thread.
Called initialize()
Called prefire()
Called fire()
-- Starting thread.
Called initialize()
Called prefire()
Called fire()
Called postfire()
Called prefire()
Called fire()
-- Starting thread.
Called initialize()
Called prefire()
Called fire()
Called postfire()
Called prefire()
Called fire()
Called fire().
Checking for deadlock:
There are 3 Blocked actors, 0 Stopped actors, and 4 active threads.
Waiting for actors to stop.
-- Starting thread.
Called initialize()
Called prefire()
Called fire()
Checking for deadlock:
There are 2 Blocked actors, 0 Stopped actors, and 4 active threads.
Waiting for actors to stop.
Called postfire()
Called prefire()
Called fire()
Checking for deadlock:
There are 3 Blocked actors, 0 Stopped actors, and 4 active threads.
Waiting for actors to stop.
Read input token from inputA with value 0.0
Next port to read input from is inputB
Called postfire()
Called prefire()
Called fire()
Checking for deadlock:
There are 2 Blocked actors, 0 Stopped actors, and 4 active threads.
Waiting for actors to stop.
Called postfire()
Called prefire()
Called fire()
Checking for deadlock:
There are 3 Blocked actors, 0 Stopped actors, and 4 active threads.
Waiting for actors to stop.
Read input token from inputB with value 0.0
Checking for deadlock:
There are 2 Blocked actors, 0 Stopped actors, and 4 active threads.
Waiting for actors to stop.
-- Read input: 0.0, which is expected to match: 0.0
Called prefire()
Called fire()
Checking for deadlock:
There are 3 Blocked actors, 0 Stopped actors, and 4 active threads.
Waiting for actors to stop.
Sent output token with value 0.0
Next port to read input from is inputA
Called postfire()
Called prefire()
Called fire()
Checking for deadlock:
There are 2 Blocked actors, 0 Stopped actors, and 4 active threads.
Waiting for actors to stop.
Called postfire()
Called prefire()
Called fire()
Checking for deadlock:
There are 3 Blocked actors, 0 Stopped actors, and 4 active threads.
Waiting for actors to stop.
Read input token from inputA with value 1.0
Checking for deadlock:
There are 2 Blocked actors, 0 Stopped actors, and 4 active threads.
Waiting for actors to stop.
-- Read input: 0.0, which is expected to match: 0.0
Called prefire()
Called fire()
Checking for deadlock:
There are 3 Blocked actors, 0 Stopped actors, and 4 active threads.
Waiting for actors to stop.
Sent output token with value 0.0
Next port to read input from is inputB
Called postfire()
Called prefire()
Called fire()
Checking for deadlock:
There are 2 Blocked actors, 0 Stopped actors, and 4 active threads.
Waiting for actors to stop.
Called postfire()
Called prefire()
Called fire()
Checking for deadlock:
There are 3 Blocked actors, 0 Stopped actors, and 4 active threads.
Waiting for actors to stop.
Read input token from inputB with value 1.5
Checking for deadlock:
There are 2 Blocked actors, 0 Stopped actors, and 4 active threads.
Waiting for actors to stop.
-- Read input: 1.0, which is expected to match: 1.0
Called prefire()
Called fire()
Checking for deadlock:
There are 3 Blocked actors, 0 Stopped actors, and 4 active threads.
Waiting for actors to stop.
Sent output token with value 1.0
Next port to read input from is inputA
Called postfire()
Called prefire()
Called fire()
Checking for deadlock:
There are 2 Blocked actors, 0 Stopped actors, and 4 active threads.
Waiting for actors to stop.
Called postfire()
Called prefire()
Called fire()
Checking for deadlock:
There are 3 Blocked actors, 0 Stopped actors, and 4 active threads.
Waiting for actors to stop.
Read input token from inputA with value 2.0
Checking for deadlock:
There are 2 Blocked actors, 0 Stopped actors, and 4 active threads.
Waiting for actors to stop.
-- Read input: 1.5, which is expected to match: 1.5
Called prefire()
Called fire()
Checking for deadlock:
There are 3 Blocked actors, 0 Stopped actors, and 4 active threads.
Waiting for actors to stop.
Sent output token with value 1.5
Next port to read input from is inputB
Called postfire()
Called prefire()
Called fire()
Checking for deadlock:
There are 2 Blocked actors, 0 Stopped actors, and 4 active threads.
Waiting for actors to stop.
Called postfire()
Called prefire()
Called fire()
Checking for deadlock:
There are 3 Blocked actors, 0 Stopped actors, and 4 active threads.
Waiting for actors to stop.
Read input token from inputB with value 3.0
Checking for deadlock:
There are 2 Blocked actors, 0 Stopped actors, and 4 active threads.
Waiting for actors to stop.
-- Read input: 2.0, which is expected to match: 2.0
Called prefire()
Called fire()
Checking for deadlock:
There are 3 Blocked actors, 0 Stopped actors, and 4 active threads.
Waiting for actors to stop.
Sent output token with value 2.0
Next port to read input from is inputA
Called postfire()
Called prefire()
Called fire()
Checking for deadlock:
There are 2 Blocked actors, 0 Stopped actors, and 4 active threads.
Waiting for actors to stop.
Called postfire()
Called prefire()
Called fire()
Checking for deadlock:
There are 3 Blocked actors, 0 Stopped actors, and 4 active threads.
Waiting for actors to stop.
Read input token from inputA with value 3.0
Checking for deadlock:
There are 2 Blocked actors, 0 Stopped actors, and 4 active threads.
Waiting for actors to stop.
-- Read input: 3.0, which is expected to match: 3.0
Called prefire()
Called fire()
Checking for deadlock:
There are 3 Blocked actors, 0 Stopped actors, and 4 active threads.
Waiting for actors to stop.
Sent output token with value 3.0
Next port to read input from is inputB
Called postfire()
Called prefire()
Called fire()
Checking for deadlock:
There are 2 Blocked actors, 0 Stopped actors, and 4 active threads.
Waiting for actors to stop.
Called postfire()
Called prefire()
Called fire()
Checking for deadlock:
There are 3 Blocked actors, 0 Stopped actors, and 4 active threads.
Waiting for actors to stop.
Read input token from inputB with value 4.5
Checking for deadlock:
There are 2 Blocked actors, 0 Stopped actors, and 4 active threads.
Waiting for actors to stop.
-- Read input: 3.0, which is expected to match: 3.0
Called prefire()
Called fire()
Checking for deadlock:
There are 3 Blocked actors, 0 Stopped actors, and 4 active threads.
Waiting for actors to stop.
Sent output token with value 3.0
Next port to read input from is inputA
Called postfire()
Called prefire()
Called fire()
Checking for deadlock:
There are 2 Blocked actors, 0 Stopped actors, and 4 active threads.
Waiting for actors to stop.
Called postfire()
Called prefire()
Called fire()
Checking for deadlock:
There are 3 Blocked actors, 0 Stopped actors, and 4 active threads.
Waiting for actors to stop.
Read input token from inputA with value 4.0
Checking for deadlock:
There are 2 Blocked actors, 0 Stopped actors, and 4 active threads.
Waiting for actors to stop.
-- Read input: 4.0, which is expected to match: 4.0
Called prefire()
Called fire()
Past the end of training data. Read and discard all inputs.
Checking for deadlock:
There are 3 Blocked actors, 0 Stopped actors, and 4 active threads.
Waiting for actors to stop.
Sent output token with value 4.0
Next port to read input from is inputA
Called postfire()
Called prefire()
Called fire()
Checking for deadlock:
There are 2 Blocked actors, 0 Stopped actors, and 4 active threads.
Waiting for actors to stop.
Called postfire()
Called prefire()
Called fire()
Checking for deadlock:
There are 3 Blocked actors, 0 Stopped actors, and 4 active threads.
Waiting for actors to stop.
Read input token from inputA with value 5.0
Checking for deadlock:
There are 2 Blocked actors, 0 Stopped actors, and 4 active threads.
Waiting for actors to stop.
Called prefire()
Called fire()
Past the end of training data. Read and discard all inputs.
Checking for deadlock:
There are 3 Blocked actors, 0 Stopped actors, and 4 active threads.
Waiting for actors to stop.
Sent output token with value 4.5
Next port to read input from is inputB
Called postfire()
Called prefire()
Called fire()
Checking for deadlock:
There are 2 Blocked actors, 0 Stopped actors, and 4 active threads.
Waiting for actors to stop.
Called postfire()
Called prefire()
Called fire()
Checking for deadlock:
There are 3 Blocked actors, 0 Stopped actors, and 4 active threads.
Waiting for actors to stop.
Read input token from inputB with value 6.0
Checking for deadlock:
There are 2 Blocked actors, 0 Stopped actors, and 4 active threads.
Waiting for actors to stop.
Called prefire()
Called fire()
Past the end of training data. Read and discard all inputs.
Checking for deadlock:
There are 3 Blocked actors, 0 Stopped actors, and 4 active threads.
Waiting for actors to stop.
Sent output token with value 5.0
Next port to read input from is inputA
Called postfire()
Called prefire()
Called fire()
Checking for deadlock:
There are 2 Blocked actors, 0 Stopped actors, and 4 active threads.
Waiting for actors to stop.
Called postfire()
Called prefire()
Called fire()
Checking for deadlock:
There are 3 Blocked actors, 0 Stopped actors, and 4 active threads.
Waiting for actors to stop.
Read input token from inputA with value 6.0
Checking for deadlock:
There are 2 Blocked actors, 0 Stopped actors, and 4 active threads.
Waiting for actors to stop.
Called prefire()
Called fire()
Past the end of training data. Read and discard all inputs.
Checking for deadlock:
There are 3 Blocked actors, 0 Stopped actors, and 4 active threads.
Waiting for actors to stop.
Sent output token with value 6.0
Next port to read input from is inputB
Called postfire()
Called prefire()
Called fire()
Checking for deadlock:
There are 2 Blocked actors, 0 Stopped actors, and 4 active threads.
Waiting for actors to stop.
Called postfire()
Called prefire()
Called fire()
Checking for deadlock:
There are 3 Blocked actors, 0 Stopped actors, and 4 active threads.
Waiting for actors to stop.
Read input token from inputB with value 7.5
Checking for deadlock:
There are 2 Blocked actors, 0 Stopped actors, and 4 active threads.
Waiting for actors to stop.
Called prefire()
Called fire()
Past the end of training data. Read and discard all inputs.
Checking for deadlock:
There are 3 Blocked actors, 0 Stopped actors, and 4 active threads.
Waiting for actors to stop.
Sent output token with value 6.0
Next port to read input from is inputA
Called postfire()
Called prefire()
Called fire()
Checking for deadlock:
There are 2 Blocked actors, 0 Stopped actors, and 4 active threads.
Waiting for actors to stop.
Called postfire()
Called prefire()
Called fire()
Checking for deadlock:
There are 3 Blocked actors, 0 Stopped actors, and 4 active threads.
Waiting for actors to stop.
Read input token from inputA with value 7.0
Checking for deadlock:
There are 2 Blocked actors, 0 Stopped actors, and 4 active threads.
Waiting for actors to stop.
Called prefire()
Called fire()
Past the end of training data. Read and discard all inputs.
Checking for deadlock:
There are 3 Blocked actors, 0 Stopped actors, and 4 active threads.
Waiting for actors to stop.
Sent output token with value 7.0
Next port to read input from is inputA
Called postfire()
Called prefire()
Called fire()
Checking for deadlock:
There are 2 Blocked actors, 0 Stopped actors, and 4 active threads.
Waiting for actors to stop.
-- Thread wrapup() called.
Called wrapup()
Thread .top.Ramp is exiting.
-- Thread stopped.
Checking for deadlock:
There are 2 Blocked actors, 0 Stopped actors, and 3 active threads.
Waiting for actors to stop.
Read input token from inputA with value 8.0
Checking for deadlock:
There are 1 Blocked actors, 0 Stopped actors, and 3 active threads.
Waiting for actors to stop.
Called prefire()
Called fire()
Past the end of training data. Read and discard all inputs.
Checking for deadlock:
There are 2 Blocked actors, 0 Stopped actors, and 3 active threads.
Waiting for actors to stop.
Sent output token with value 7.5
Next port to read input from is inputB
Called postfire()
Called prefire()
Called fire()
Checking for deadlock:
There are 1 Blocked actors, 0 Stopped actors, and 3 active threads.
Waiting for actors to stop.
Called postfire()
Called prefire()
Called fire()
Checking for deadlock:
There are 2 Blocked actors, 0 Stopped actors, and 3 active threads.
Waiting for actors to stop.
Read input token from inputB with value 9.0
Checking for deadlock:
There are 1 Blocked actors, 0 Stopped actors, and 3 active threads.
Waiting for actors to stop.
Called prefire()
Called fire()
Past the end of training data. Read and discard all inputs.
Checking for deadlock:
There are 2 Blocked actors, 0 Stopped actors, and 3 active threads.
Waiting for actors to stop.
Sent output token with value 8.0
Next port to read input from is inputA
Called postfire()
Called prefire()
Called fire()
Read input token from inputA with value 9.0
Checking for deadlock:
There are 1 Blocked actors, 0 Stopped actors, and 3 active threads.
Waiting for actors to stop.
Called prefire()
Called fire()
Past the end of training data. Read and discard all inputs.
Checking for deadlock:
There are 2 Blocked actors, 0 Stopped actors, and 3 active threads.
Waiting for actors to stop.
Sent output token with value 9.0
Next port to read input from is inputB
Called postfire()
Called prefire()
Called fire()
Checking for deadlock:
There are 1 Blocked actors, 0 Stopped actors, and 3 active threads.
Waiting for actors to stop.
Called postfire()
Called prefire()
Called fire()
Checking for deadlock:
There are 2 Blocked actors, 0 Stopped actors, and 3 active threads.
Waiting for actors to stop.
Read input token from inputB with value 10.5
Checking for deadlock:
There are 1 Blocked actors, 0 Stopped actors, and 3 active threads.
Waiting for actors to stop.
Called prefire()
Called fire()
Past the end of training data. Read and discard all inputs.
Checking for deadlock:
There are 2 Blocked actors, 0 Stopped actors, and 3 active threads.
Waiting for actors to stop.
Sent output token with value 9.0
Next port to read input from is inputA
Called postfire()
Called prefire()
Called fire()
Checking for deadlock:
There are 3 Blocked actors, 0 Stopped actors, and 3 active threads.
Actors have stopped.
Checking for deadlock:
There are 3 Blocked actors, 0 Stopped actors, and 3 active threads.
Deadlock detected.
Resolving Deadlock
Checking for deadlock:
There are 3 Blocked actors, 0 Stopped actors, and 3 active threads.
Artificial Deadlock - increasing queue capacity.
increasing the capacity of receiver ptolemy.actor.TypedIOPort {.top.OrderedMerge.inputB} to 2
Director: Called postfire().
Called postfire().
_stopRequested = false
_stopFireRequested = false
Returning from postfire(): true
Called fire().
Checking for deadlock:
There are 2 Blocked actors, 0 Stopped actors, and 3 active threads.
Waiting for actors to stop.
-- Thread wrapup() called.
Called wrapup()
Thread .top.Ramp2 is exiting.
-- Thread stopped.
Checking for deadlock:
There are 2 Blocked actors, 0 Stopped actors, and 2 active threads.
Actors have stopped.
Checking for deadlock:
There are 2 Blocked actors, 0 Stopped actors, and 2 active threads.
Deadlock detected.
Resolving Deadlock
Checking for deadlock:
There are 2 Blocked actors, 0 Stopped actors, and 2 active threads.
Deadlock detected: no processes blocked on write, but some are blocked on read.
Called postfire().
_stopRequested = false
_stopFireRequested = false
Returning from postfire(): false
Finished deactivating branches.
Called wrapup().
-- Thread wrapup() called.
Called wrapup()
Thread .top.Test is exiting.
-- Thread stopped.
-- Blocked Receiver call threw TerminateProcessException.
-- Thread wrapup() called.
Called wrapup()
Thread .top.OrderedMerge is exiting.
-- Thread stopped.
-- Blocked Receiver call threw TerminateProcessException.
32 ms. Memory: 208384K Free: 169219K (81%)
.top. Preinitializing ...
Invoking preinitialize():  .top.OrderedMerge
Called preinitialize()
Invoking preinitialize():  .top.Ramp
Called preinitialize()
Invoking preinitialize():  .top.Ramp2
Called preinitialize()
Invoking preinitialize():  .top.Test
Called preinitialize()
.top. Finished preinitialize().
Called initialize().
Invoking initialize():  .top.OrderedMerge
Initializing actor: .top.OrderedMerge
Adding a thread: .top.OrderedMerge
Invoking initialize():  .top.Ramp
Initializing actor: .top.Ramp
Adding a thread: .top.Ramp
Invoking initialize():  .top.Ramp2
Initializing actor: .top.Ramp2
Adding a thread: .top.Ramp2
Invoking initialize():  .top.Test
Initializing actor: .top.Test
Adding a thread: .top.Test
-- Starting thread.
Called initialize()
Called prefire()
Called fire()
-- Starting thread.
Called initialize()
Called prefire()
Called fire()
Called postfire()
Called prefire()
Called fire()
-- Starting thread.
Called initialize()
Called prefire()
Called fire()
Called postfire()
Called prefire()
Called fire()
Called fire().
Checking for deadlock:
There are 3 Blocked actors, 0 Stopped actors, and 4 active threads.
Waiting for actors to stop.
-- Starting thread.
Called initialize()
Called prefire()
Called fire()
Checking for deadlock:
There are 2 Blocked actors, 0 Stopped actors, and 4 active threads.
Waiting for actors to stop.
Read input token from inputA with value 0.0
Called postfire()
Called prefire()
Called fire()
Checking for deadlock:
There are 3 Blocked actors, 0 Stopped actors, and 4 active threads.
Waiting for actors to stop.
Next port to read input from is inputB
Called postfire()
Called prefire()
Called fire()
Checking for deadlock:
There are 2 Blocked actors, 0 Stopped actors, and 4 active threads.
Waiting for actors to stop.
Called postfire()
Called prefire()
Called fire()
Read input token from inputB with value 0.0
Sent output token with value 0.0
Next port to read input from is inputA
Called postfire()
Called prefire()
Called fire()
Read input token from inputA with value 1.0
-- Read input: 0.0, which is expected to match: 0.0
Called prefire()
Called fire()
Checking for deadlock:
There are 2 Blocked actors, 0 Stopped actors, and 4 active threads.
Waiting for actors to stop.
Called postfire()
Called prefire()
Called fire()
Checking for deadlock:
There are 3 Blocked actors, 0 Stopped actors, and 4 active threads.
Waiting for actors to stop.
-- Read input: 0.0, which is expected to match: 0.0
Called prefire()
Called fire()
Checking for deadlock:
There are 3 Blocked actors, 0 Stopped actors, and 4 active threads.
Waiting for actors to stop.
Sent output token with value 0.0
Next port to read input from is inputB
Called postfire()
Called prefire()
Called fire()
Read input token from inputB with value 1.5
Sent output token with value 1.0
Next port to read input from is inputA
Called postfire()
Called prefire()
Called fire()
Read input token from inputA with value 2.0
Checking for deadlock:
There are 1 Blocked actors, 0 Stopped actors, and 4 active threads.
Waiting for actors to stop.
Called postfire()
Called prefire()
Called fire()
-- Read input: 1.0, which is expected to match: 1.0
Called prefire()
Called fire()
Checking for deadlock:
There are 2 Blocked actors, 0 Stopped actors, and 4 active threads.
Waiting for actors to stop.
Called postfire()
Called prefire()
Called fire()
Checking for deadlock:
There are 3 Blocked actors, 0 Stopped actors, and 4 active threads.
Waiting for actors to stop.
-- Read input: 1.5, which is expected to match: 1.5
Called prefire()
Called fire()
Checking for deadlock:
There are 3 Blocked actors, 0 Stopped actors, and 4 active threads.
Waiting for actors to stop.
Sent output token with value 1.5
Next port to read input from is inputB
Called postfire()
Called prefire()
Called fire()
Read input token from inputB with value 3.0
Sent output token with value 2.0
Next port to read input from is inputA
Called postfire()
Called prefire()
Called fire()
Called postfire()
Called prefire()
Called fire()
Checking for deadlock:
There are 1 Blocked actors, 0 Stopped actors, and 4 active threads.
Waiting for actors to stop.
Called postfire()
Called prefire()
Called fire()
Checking for deadlock:
There are 2 Blocked actors, 0 Stopped actors, and 4 active threads.
Waiting for actors to stop.
-- Read input: 2.0, which is expected to match: 2.0
Called prefire()
Called fire()
Checking for deadlock:
There are 3 Blocked actors, 0 Stopped actors, and 4 active threads.
Waiting for actors to stop.
Read input token from inputA with value 3.0
Sent output token with value 3.0
Next port to read input from is inputB
Called postfire()
Called prefire()
Called fire()
Read input token from inputB with value 4.5
Checking for deadlock:
There are 2 Blocked actors, 0 Stopped actors, and 4 active threads.
Waiting for actors to stop.
Called postfire()
Called prefire()
Called fire()
-- Read input: 3.0, which is expected to match: 3.0
Called prefire()
Called fire()
Checking for deadlock:
There are 3 Blocked actors, 0 Stopped actors, and 4 active threads.
Waiting for actors to stop.
Checking for deadlock:
There are 2 Blocked actors, 0 Stopped actors, and 4 active threads.
Waiting for actors to stop.
-- Read input: 3.0, which is expected to match: 3.0
Called prefire()
Called fire()
Checking for deadlock:
There are 3 Blocked actors, 0 Stopped actors, and 4 active threads.
Waiting for actors to stop.
Sent output token with value 3.0
Next port to read input from is inputA
Called postfire()
Called prefire()
Called fire()
Read input token from inputA with value 4.0
Sent output token with value 4.0
Next port to read input from is inputA
Called postfire()
Called prefire()
Called fire()
Checking for deadlock:
There are 2 Blocked actors, 0 Stopped actors, and 4 active threads.
Waiting for actors to stop.
-- Read input: 4.0, which is expected to match: 4.0
Called prefire()
Called fire()
Past the end of training data. Read and discard all inputs.
Checking for deadlock:
There are 3 Blocked actors, 0 Stopped actors, and 4 active threads.
Waiting for actors to stop.
Called postfire()
Called prefire()
Called fire()
Checking for deadlock:
There are 3 Blocked actors, 0 Stopped actors, and 4 active threads.
Waiting for actors to stop.
Checking for deadlock:
There are 2 Blocked actors, 0 Stopped actors, and 4 active threads.
Waiting for actors to stop.
Called postfire()
Called prefire()
Called fire()
Checking for deadlock:
There are 3 Blocked actors, 0 Stopped actors, and 4 active threads.
Waiting for actors to stop.
Read input token from inputA with value 5.0
Called prefire()
Called fire()
Past the end of training data. Read and discard all inputs.
Checking for deadlock:
There are 3 Blocked actors, 0 Stopped actors, and 4 active threads.
Waiting for actors to stop.
Sent output token with value 4.5
Next port to read input from is inputB
Called postfire()
Called prefire()
Called fire()
Called postfire()
Called prefire()
Called fire()
Checking for deadlock:
There are 3 Blocked actors, 0 Stopped actors, and 4 active threads.
Waiting for actors to stop.
Read input token from inputB with value 6.0
Called prefire()
Called fire()
Past the end of training data. Read and discard all inputs.
Checking for deadlock:
There are 3 Blocked actors, 0 Stopped actors, and 4 active threads.
Waiting for actors to stop.
Sent output token with value 5.0
Next port to read input from is inputA
Called postfire()
Called prefire()
Called fire()
Checking for deadlock:
There are 2 Blocked actors, 0 Stopped actors, and 4 active threads.
Waiting for actors to stop.
Called postfire()
Called prefire()
Called fire()
Checking for deadlock:
There are 3 Blocked actors, 0 Stopped actors, and 4 active threads.
Waiting for actors to stop.
Read input token from inputA with value 6.0
Checking for deadlock:
There are 2 Blocked actors, 0 Stopped actors, and 4 active threads.
Waiting for actors to stop.
Called prefire()
Called fire()
Past the end of training data. Read and discard all inputs.
Checking for deadlock:
There are 3 Blocked actors, 0 Stopped actors, and 4 active threads.
Waiting for actors to stop.
Sent output token with value 6.0
Next port to read input from is inputB
Called postfire()
Called prefire()
Called fire()
Called postfire()
Read input token from inputB with value 7.5
Called prefire()
Called fire()
Sent output token with value 6.0
Checking for deadlock:
There are 2 Blocked actors, 0 Stopped actors, and 4 active threads.
Waiting for actors to stop.
Next port to read input from is inputA
Called postfire()
Called prefire()
Called fire()
Called prefire()
Read input token from inputA with value 7.0
Called fire()
Sent output token with value 7.0
Past the end of training data. Read and discard all inputs.
Next port to read input from is inputA
Called postfire()
Called prefire()
Called fire()
Called prefire()
Called fire()
Past the end of training data. Read and discard all inputs.
Called postfire()
Called prefire()
Called fire()
Checking for deadlock:
There are 3 Blocked actors, 0 Stopped actors, and 4 active threads.
Waiting for actors to stop.
Checking for deadlock:
There are 2 Blocked actors, 0 Stopped actors, and 4 active threads.
Waiting for actors to stop.
-- Thread wrapup() called.
Called wrapup()
Thread .top.Ramp is exiting.
-- Thread stopped.
Checking for deadlock:
There are 2 Blocked actors, 0 Stopped actors, and 3 active threads.
Waiting for actors to stop.
Read input token from inputA with value 8.0
Called prefire()
Sent output token with value 7.5
Checking for deadlock:
There are 1 Blocked actors, 0 Stopped actors, and 3 active threads.
Next port to read input from is inputB
Waiting for actors to stop.
Called fire()
Past the end of training data. Read and discard all inputs.
Checking for deadlock:
There are 2 Blocked actors, 0 Stopped actors, and 3 active threads.
Waiting for actors to stop.
Called postfire()
Called prefire()
Called fire()
Called postfire()
Called prefire()
Called fire()
Checking for deadlock:
There are 2 Blocked actors, 0 Stopped actors, and 3 active threads.
Waiting for actors to stop.
Read input token from inputB with value 9.0
Called prefire()
Called fire()
Past the end of training data. Read and discard all inputs.
Checking for deadlock:
There are 2 Blocked actors, 0 Stopped actors, and 3 active threads.
Waiting for actors to stop.
Sent output token with value 8.0
Next port to read input from is inputA
Called postfire()
Called prefire()
Called fire()
Read input token from inputA with value 9.0
Checking for deadlock:
There are 1 Blocked actors, 0 Stopped actors, and 3 active threads.
Waiting for actors to stop.
Called prefire()
Called fire()
Past the end of training data. Read and discard all inputs.
Checking for deadlock:
There are 2 Blocked actors, 0 Stopped actors, and 3 active threads.
Waiting for actors to stop.
Sent output token with value 9.0
Next port to read input from is inputB
Called postfire()
Called prefire()
Called fire()
Called postfire()
Called prefire()
Called fire()
Checking for deadlock:
There are 2 Blocked actors, 0 Stopped actors, and 3 active threads.
Waiting for actors to stop.
Read input token from inputB with value 10.5
Called prefire()
Called fire()
Past the end of training data. Read and discard all inputs.
Checking for deadlock:
There are 2 Blocked actors, 0 Stopped actors, and 3 active threads.
Waiting for actors to stop.
Sent output token with value 9.0
Next port to read input from is inputA
Called postfire()
Called prefire()
Called fire()
Checking for deadlock:
There are 3 Blocked actors, 0 Stopped actors, and 3 active threads.
Actors have stopped.
Checking for deadlock:
There are 3 Blocked actors, 0 Stopped actors, and 3 active threads.
Deadlock detected.
Resolving Deadlock
Checking for deadlock:
There are 3 Blocked actors, 0 Stopped actors, and 3 active threads.
Artificial Deadlock - increasing queue capacity.
increasing the capacity of receiver ptolemy.actor.TypedIOPort {.top.OrderedMerge.inputB} to 2
Director: Called postfire().
Called postfire().
_stopRequested = false
_stopFireRequested = false
Returning from postfire(): true
Called fire().
Checking for deadlock:
There are 2 Blocked actors, 0 Stopped actors, and 3 active threads.
Waiting for actors to stop.
-- Thread wrapup() called.
Called wrapup()
Thread .top.Ramp2 is exiting.
-- Thread stopped.
Checking for deadlock:
There are 2 Blocked actors, 0 Stopped actors, and 2 active threads.
Actors have stopped.
Checking for deadlock:
There are 2 Blocked actors, 0 Stopped actors, and 2 active threads.
Deadlock detected.
Resolving Deadlock
Checking for deadlock:
There are 2 Blocked actors, 0 Stopped actors, and 2 active threads.
Deadlock detected: no processes blocked on write, but some are blocked on read.
Called postfire().
_stopRequested = false
_stopFireRequested = false
Returning from postfire(): false
Finished deactivating branches.
Called wrapup().
-- Thread wrapup() called.
Called wrapup()
Thread .top.OrderedMerge is exiting.
-- Thread wrapup() called.
Called wrapup()
Thread .top.Test is exiting.
-- Thread stopped.
-- Blocked Receiver call threw TerminateProcessException.
31 ms. Memory: 208384K Free: 164304K (79%)
/home/travis/build/icyphy/ptII/ptolemy/actor/lib/test/Publisher.tcl
-- Thread stopped.
-- Blocked Receiver call threw TerminateProcessException.
26 ms. Memory: 208384K Free: 159507K (77%)
12 ms. Memory: 208384K Free: 152337K (73%)
2 ms. Memory: 208384K Free: 149946K (72%)
12 ms. Memory: 208384K Free: 147556K (71%)
2 ms. Memory: 208384K Free: 147556K (71%)
12 ms. Memory: 208384K Free: 147556K (71%)
3 ms. Memory: 208384K Free: 145150K (70%)
7 ms. Memory: 208384K Free: 145150K (70%)
1 ms. Memory: 208384K Free: 135589K (65%)
4 ms. Memory: 208384K Free: 130808K (63%)
2 ms. Memory: 208384K Free: 130808K (63%)
2 ms. Memory: 208384K Free: 128418K (62%)
14 ms. Memory: 208384K Free: 121247K (58%)
5 ms. Memory: 208384K Free: 111670K (54%)
6 ms. Memory: 208384K Free: 99686K (48%)
/home/travis/build/icyphy/ptII/ptolemy/actor/lib/test/Pulse.tcl
8 ms. Memory: 208384K Free: 180053K (86%)
8 ms. Memory: 208384K Free: 180053K (86%)
2 ms. Memory: 208384K Free: 177712K (85%)
1 ms. Memory: 208384K Free: 177712K (85%)
1 ms. Memory: 208384K Free: 177712K (85%)
1 ms. Memory: 208384K Free: 177712K (85%)
8 ms. Memory: 208384K Free: 175355K (84%)
1 ms. Memory: 208384K Free: 175355K (84%)
1 ms. Memory: 208384K Free: 175355K (84%)
/home/travis/build/icyphy/ptII/ptolemy/actor/lib/test/Ramp.tcl
2 ms. Memory: 208384K Free: 173014K (83%)
1 ms. Memory: 208384K Free: 170672K (82%)
5 ms. Memory: 208384K Free: 170672K (82%)
1 ms. Memory: 208384K Free: 170672K (82%)
2 ms. Memory: 208384K Free: 168315K (81%)
12 ms. Memory: 208384K Free: 168315K (81%)
8 ms. Memory: 208384K Free: 168315K (81%)
5 actors
5000 microseconds per iteration to create
9 ms. Memory: 208384K Free: 163632K (79%)
2 ms. Memory: 208384K Free: 163632K (79%)
2 ms. Memory: 208384K Free: 163632K (79%)
1 ms. Memory: 208384K Free: 163632K (79%)
50 actors
24000 microseconds per iteration to create
22 ms. Memory: 208384K Free: 147172K (71%)
5 ms. Memory: 208384K Free: 147172K (71%)
5 ms. Memory: 208384K Free: 144830K (70%)
4 ms. Memory: 208384K Free: 144830K (70%)
500 actors
1298000 microseconds per iteration to create
246 ms. Memory: 331776K Free: 211695K (64%)
38 ms. Memory: 331776K Free: 206965K (62%)
36 ms. Memory: 331776K Free: 202235K (61%)
34 ms. Memory: 331776K Free: 197505K (60%)
/home/travis/build/icyphy/ptII/ptolemy/actor/lib/test/RampContinuous.tcl
6 ms. Memory: 331776K Free: 197505K (60%)
/home/travis/build/icyphy/ptII/ptolemy/actor/lib/test/RecordAssembler.tcl
4 ms. Memory: 331776K Free: 192775K (58%)
3 ms. Memory: 331776K Free: 192775K (58%)
/home/travis/build/icyphy/ptII/ptolemy/actor/lib/test/RecordDisassembler.tcl
4 ms. Memory: 331776K Free: 192775K (58%)
2 ms. Memory: 331776K Free: 188045K (57%)
3 ms. Memory: 331776K Free: 188045K (57%)
/home/travis/build/icyphy/ptII/ptolemy/actor/lib/test/Scale.tcl
3 ms. Memory: 331776K Free: 188045K (57%)
2 ms. Memory: 331776K Free: 188045K (57%)
1 ms. Memory: 331776K Free: 183315K (55%)
3 ms. Memory: 331776K Free: 183315K (55%)
2 ms. Memory: 331776K Free: 183315K (55%)
/home/travis/build/icyphy/ptII/ptolemy/actor/lib/test/SequentialClock.tcl
preinitializing
resolving types
initializing
executing number 1
wrapping up
idle
8 ms. Memory: 331776K Free: 183315K (55%)
Completed execution with 5 iterations
preinitializing
resolving types
initializing
executing number 1
wrapping up
idle
1 ms. Memory: 331776K Free: 183315K (55%)
Completed execution with 5 iterations
preinitializing
resolving types
initializing
executing number 1
wrapping up
idle
2 ms. Memory: 331776K Free: 183315K (55%)
Completed execution with 5 iterations
/home/travis/build/icyphy/ptII/ptolemy/actor/lib/test/SetVariable.tcl
3 ms. Memory: 331776K Free: 178585K (54%)
/home/travis/build/icyphy/ptII/ptolemy/actor/lib/test/Sinewave.tcl
/home/travis/build/icyphy/ptII/ptolemy/actor/lib/test/SubscriptionAggregator.tcl
9 ms. Memory: 331776K Free: 164386K (50%)
6 ms. Memory: 331776K Free: 164386K (50%)
7 ms. Memory: 331776K Free: 164386K (50%)
1 ms. Memory: 331776K Free: 164386K (50%)
1 ms. Memory: 331776K Free: 159640K (48%)
3 ms. Memory: 331776K Free: 159640K (48%)
...............................................................881 ms. Memory: 579072K Free: 288355K (50%)
/home/travis/build/icyphy/ptII/ptolemy/actor/lib/test/Test.tcl
 The next command will produce a warning about training mode,
   which may be ignored.
3 ms. Memory: 579072K Free: 288355K (50%)
1 ms. Memory: 579072K Free: 288355K (50%)
1 ms. Memory: 579072K Free: 288355K (50%)
1 ms. Memory: 579072K Free: 288355K (50%)
1 ms. Memory: 579072K Free: 278751K (48%)
2 ms. Memory: 579072K Free: 278751K (48%)
4 ms. Memory: 579072K Free: 278751K (48%)
 The next command will produce a warning about training mode,
   which may be ignored.
3 ms. Memory: 579072K Free: 278751K (48%)
 The next command will produce a warning about training mode,
   which may be ignored.
3 ms. Memory: 579072K Free: 278751K (48%)
6 ms. Memory: 579072K Free: 278751K (48%)
1 ms. Memory: 579072K Free: 278751K (48%)
1 ms. Memory: 579072K Free: 278751K (48%)
2 ms. Memory: 579072K Free: 278751K (48%)
4 ms. Memory: 579072K Free: 269131K (46%)
/home/travis/build/icyphy/ptII/ptolemy/actor/lib/test/TestExceptionHandler.tcl
 The next command will produce a warning about training mode,
   which may be ignored.
1 ms. Memory: 579072K Free: 269131K (46%)
1 ms. Memory: 579072K Free: 269131K (46%)
1 ms. Memory: 579072K Free: 269131K (46%)
/home/travis/build/icyphy/ptII/ptolemy/actor/lib/test/UnionDisassembler.tcl
21 ms. Memory: 579072K Free: 259526K (45%)
/home/travis/build/icyphy/ptII/ptolemy/actor/lib/test/VariableClock.tcl
preinitializing
resolving types
initializing
executing number 1
wrapping up
idle
8 ms. Memory: 579072K Free: 259526K (45%)
Completed execution with 11 iterations
preinitializing
resolving types
initializing
executing number 1
wrapping up
idle
8 ms. Memory: 579072K Free: 259526K (45%)
Completed execution with 10 iterations
02/27/19 10:00:10
Failed: 0  Total Tests: 234  ((Passed: 234, Newly Passed: 0)  Known Failed: 0) /home/travis/build/icyphy/ptII/ptolemy/actor/lib/test
----------------- testing (KnownFailure) /home/travis/build/icyphy/ptII/ptolemy/actor/lib/test/auto/knownFailedTests/PublisherPortToplevelSubscriber.xml
3 ms. Memory: 579072K Free: 249798K (43%)
Known Failure: java.lang.reflect.InvocationTargetException
----------------- testing (KnownFailure) /home/travis/build/icyphy/ptII/ptolemy/actor/lib/test/auto/knownFailedTests/PublisherSubscriberPortToplevel.xml
1 ms. Memory: 579072K Free: 230342K (40%)
Known Failure: java.lang.reflect.InvocationTargetException
----------------- testing (KnownFailure) /home/travis/build/icyphy/ptII/ptolemy/actor/lib/test/auto/knownFailedTests/PublisherSubscriptionAggregatorPort.xml
2 ms. Memory: 579072K Free: 210886K (36%)
Known Failure: java.lang.reflect.InvocationTargetException
----------------- testing (KnownFailure) /home/travis/build/icyphy/ptII/ptolemy/actor/lib/test/auto/knownFailedTests/sizedarray3.xml
5 ms. Memory: 579072K Free: 191430K (33%)
Known Failure: java.lang.reflect.InvocationTargetException
No auto/linux-amd64/*.xml tests in /home/travis/build/icyphy/ptII/ptolemy/actor/lib/test
AutoTests.java: About to close Vertx.
AutoTests.java: Vertx closed.

===========================================================================================
----------------- testing Wed Feb 27 22:00:10 UTC 2019 /home/travis/build/icyphy/ptII/ptolemy/actor/lib/test/auto/AbsoluteValue.xml
----------------- Instantiating /home/travis/build/icyphy/ptII/ptolemy/actor/lib/test/auto/AbsoluteValue.xml
11 ms. Memory: 579072K Free: 104296K (18%)
----------------- Invoking toplevel() on ptolemy.moml.MoMLSimpleApplication@6dde4876
----------------- Done invoking toplevel() on ptolemy.moml.MoMLSimpleApplication@6dde4876
reloadAllAccessors: .AbsoluteValue

===========================================================================================
----------------- testing Wed Feb 27 22:00:10 UTC 2019 /home/travis/build/icyphy/ptII/ptolemy/actor/lib/test/auto/AbsoluteValue2.xml
----------------- Instantiating /home/travis/build/icyphy/ptII/ptolemy/actor/lib/test/auto/AbsoluteValue2.xml
5 ms. Memory: 579072K Free: 89688K (15%)
----------------- Invoking toplevel() on ptolemy.moml.MoMLSimpleApplication@5918d2df
----------------- Done invoking toplevel() on ptolemy.moml.MoMLSimpleApplication@5918d2df
reloadAllAccessors: .AbsoluteValue2

===========================================================================================
----------------- testing Wed Feb 27 22:00:10 UTC 2019 /home/travis/build/icyphy/ptII/ptolemy/actor/lib/test/auto/Accumulator.xml
----------------- Instantiating /home/travis/build/icyphy/ptII/ptolemy/actor/lib/test/auto/Accumulator.xml
8 ms. Memory: 579072K Free: 79960K (14%)
----------------- Invoking toplevel() on ptolemy.moml.MoMLSimpleApplication@6cde569d
----------------- Done invoking toplevel() on ptolemy.moml.MoMLSimpleApplication@6cde569d
reloadAllAccessors: .Accumulator

===========================================================================================
----------------- testing Wed Feb 27 22:00:10 UTC 2019 /home/travis/build/icyphy/ptII/ptolemy/actor/lib/test/auto/Accumulator2.xml
----------------- Instantiating /home/travis/build/icyphy/ptII/ptolemy/actor/lib/test/auto/Accumulator2.xml
4 ms. Memory: 579072K Free: 70762K (12%)
----------------- Invoking toplevel() on ptolemy.moml.MoMLSimpleApplication@253cc8b8
----------------- Done invoking toplevel() on ptolemy.moml.MoMLSimpleApplication@253cc8b8
reloadAllAccessors: .Accumulator2

===========================================================================================
----------------- testing Wed Feb 27 22:00:11 UTC 2019 /home/travis/build/icyphy/ptII/ptolemy/actor/lib/test/auto/Accumulator3.xml
----------------- Instantiating /home/travis/build/icyphy/ptII/ptolemy/actor/lib/test/auto/Accumulator3.xml
9 ms. Memory: 581120K Free: 518684K (89%)
----------------- Invoking toplevel() on ptolemy.moml.MoMLSimpleApplication@4366a5bc
----------------- Done invoking toplevel() on ptolemy.moml.MoMLSimpleApplication@4366a5bc
reloadAllAccessors: .Accumulator3

===========================================================================================
----------------- testing Wed Feb 27 22:00:11 UTC 2019 /home/travis/build/icyphy/ptII/ptolemy/actor/lib/test/auto/ArrayAppend.xml
----------------- Instantiating /home/travis/build/icyphy/ptII/ptolemy/actor/lib/test/auto/ArrayAppend.xml
7 ms. Memory: 581120K Free: 508801K (88%)
----------------- Invoking toplevel() on ptolemy.moml.MoMLSimpleApplication@42069142
----------------- Done invoking toplevel() on ptolemy.moml.MoMLSimpleApplication@42069142
reloadAllAccessors: .ArrayAppend

===========================================================================================
----------------- testing Wed Feb 27 22:00:11 UTC 2019 /home/travis/build/icyphy/ptII/ptolemy/actor/lib/test/auto/ArrayAppend2.xml
----------------- Instantiating /home/travis/build/icyphy/ptII/ptolemy/actor/lib/test/auto/ArrayAppend2.xml
318 ms. Memory: 581120K Free: 445568K (77%)
----------------- Invoking toplevel() on ptolemy.moml.MoMLSimpleApplication@6e1efddf
----------------- Done invoking toplevel() on ptolemy.moml.MoMLSimpleApplication@6e1efddf
reloadAllAccessors: .ArrayAppend2

===========================================================================================
----------------- testing Wed Feb 27 22:00:11 UTC 2019 /home/travis/build/icyphy/ptII/ptolemy/actor/lib/test/auto/ArrayAppend3.xml
----------------- Instantiating /home/travis/build/icyphy/ptII/ptolemy/actor/lib/test/auto/ArrayAppend3.xml
3 ms. Memory: 581120K Free: 435840K (75%)
----------------- Invoking toplevel() on ptolemy.moml.MoMLSimpleApplication@7e1ccd4c
----------------- Done invoking toplevel() on ptolemy.moml.MoMLSimpleApplication@7e1ccd4c
reloadAllAccessors: .ArrayAppend3

===========================================================================================
----------------- testing Wed Feb 27 22:00:11 UTC 2019 /home/travis/build/icyphy/ptII/ptolemy/actor/lib/test/auto/ArrayAppend4.xml
----------------- Instantiating /home/travis/build/icyphy/ptII/ptolemy/actor/lib/test/auto/ArrayAppend4.xml
2 ms. Memory: 581120K Free: 417530K (72%)
----------------- Invoking toplevel() on ptolemy.moml.MoMLSimpleApplication@a478e27
----------------- Done invoking toplevel() on ptolemy.moml.MoMLSimpleApplication@a478e27
reloadAllAccessors: .ArrayAppend4

===========================================================================================
----------------- testing Wed Feb 27 22:00:11 UTC 2019 /home/travis/build/icyphy/ptII/ptolemy/actor/lib/test/auto/ArrayAppend5.xml
----------------- Instantiating /home/travis/build/icyphy/ptII/ptolemy/actor/lib/test/auto/ArrayAppend5.xml
2 ms. Memory: 581120K Free: 407802K (70%)
----------------- Invoking toplevel() on ptolemy.moml.MoMLSimpleApplication@59abf214
----------------- Done invoking toplevel() on ptolemy.moml.MoMLSimpleApplication@59abf214
reloadAllAccessors: .ArrayAppend5

===========================================================================================
----------------- testing Wed Feb 27 22:00:11 UTC 2019 /home/travis/build/icyphy/ptII/ptolemy/actor/lib/test/auto/ArrayAppend6.xml
----------------- Instantiating /home/travis/build/icyphy/ptII/ptolemy/actor/lib/test/auto/ArrayAppend6.xml
4 ms. Memory: 581120K Free: 398074K (69%)
----------------- Invoking toplevel() on ptolemy.moml.MoMLSimpleApplication@1fcdff66
----------------- Done invoking toplevel() on ptolemy.moml.MoMLSimpleApplication@1fcdff66
reloadAllAccessors: .ArrayAppend6

===========================================================================================
----------------- testing Wed Feb 27 22:00:11 UTC 2019 /home/travis/build/icyphy/ptII/ptolemy/actor/lib/test/auto/ArrayAppendPerformanceTest.xml
----------------- Instantiating /home/travis/build/icyphy/ptII/ptolemy/actor/lib/test/auto/ArrayAppendPerformanceTest.xml
25 ms. Memory: 581120K Free: 383466K (66%)
----------------- Invoking toplevel() on ptolemy.moml.MoMLSimpleApplication@1af1cd0a
----------------- Done invoking toplevel() on ptolemy.moml.MoMLSimpleApplication@1af1cd0a
reloadAllAccessors: .ArrayAppendPerformanceTest

===========================================================================================
----------------- testing Wed Feb 27 22:00:11 UTC 2019 /home/travis/build/icyphy/ptII/ptolemy/actor/lib/test/auto/ArrayAppendWithEmptyInput.xml
----------------- Instantiating /home/travis/build/icyphy/ptII/ptolemy/actor/lib/test/auto/ArrayAppendWithEmptyInput.xml
21 ms. Memory: 581120K Free: 360284K (62%)
----------------- Invoking toplevel() on ptolemy.moml.MoMLSimpleApplication@45692922
----------------- Done invoking toplevel() on ptolemy.moml.MoMLSimpleApplication@45692922
reloadAllAccessors: .ArrayAppendWithEmptyInput

===========================================================================================
----------------- testing Wed Feb 27 22:00:11 UTC 2019 /home/travis/build/icyphy/ptII/ptolemy/actor/lib/test/auto/ArrayAverage.xml
----------------- Instantiating /home/travis/build/icyphy/ptII/ptolemy/actor/lib/test/auto/ArrayAverage.xml
8 ms. Memory: 581120K Free: 345676K (59%)
----------------- Invoking toplevel() on ptolemy.moml.MoMLSimpleApplication@1d79f4ef
----------------- Done invoking toplevel() on ptolemy.moml.MoMLSimpleApplication@1d79f4ef
reloadAllAccessors: .ArrayAverage

===========================================================================================
----------------- testing Wed Feb 27 22:00:11 UTC 2019 /home/travis/build/icyphy/ptII/ptolemy/actor/lib/test/auto/ArrayContains.xml
----------------- Instantiating /home/travis/build/icyphy/ptII/ptolemy/actor/lib/test/auto/ArrayContains.xml
13 ms. Memory: 581120K Free: 335948K (58%)
----------------- Invoking toplevel() on ptolemy.moml.MoMLSimpleApplication@d815542
----------------- Done invoking toplevel() on ptolemy.moml.MoMLSimpleApplication@d815542
reloadAllAccessors: .ArrayContains

===========================================================================================
----------------- testing Wed Feb 27 22:00:11 UTC 2019 /home/travis/build/icyphy/ptII/ptolemy/actor/lib/test/auto/ArrayElement.xml
----------------- Instantiating /home/travis/build/icyphy/ptII/ptolemy/actor/lib/test/auto/ArrayElement.xml
9 ms. Memory: 581120K Free: 326220K (56%)
----------------- Invoking toplevel() on ptolemy.moml.MoMLSimpleApplication@7f132f27
----------------- Done invoking toplevel() on ptolemy.moml.MoMLSimpleApplication@7f132f27
reloadAllAccessors: .ArrayElement

===========================================================================================
----------------- testing Wed Feb 27 22:00:11 UTC 2019 /home/travis/build/icyphy/ptII/ptolemy/actor/lib/test/auto/ArrayElementAsMatrix.xml
----------------- Instantiating /home/travis/build/icyphy/ptII/ptolemy/actor/lib/test/auto/ArrayElementAsMatrix.xml
12 ms. Memory: 581120K Free: 303029K (52%)
----------------- Invoking toplevel() on ptolemy.moml.MoMLSimpleApplication@2ff37e6c
----------------- Done invoking toplevel() on ptolemy.moml.MoMLSimpleApplication@2ff37e6c
reloadAllAccessors: .ArrayElementAsMatrix

===========================================================================================
----------------- testing Wed Feb 27 22:00:11 UTC 2019 /home/travis/build/icyphy/ptII/ptolemy/actor/lib/test/auto/ArrayElementI.xml
----------------- Instantiating /home/travis/build/icyphy/ptII/ptolemy/actor/lib/test/auto/ArrayElementI.xml
4 ms. Memory: 581120K Free: 293301K (50%)
----------------- Invoking toplevel() on ptolemy.moml.MoMLSimpleApplication@3f0edcc6
----------------- Done invoking toplevel() on ptolemy.moml.MoMLSimpleApplication@3f0edcc6
reloadAllAccessors: .ArrayElementI

===========================================================================================
----------------- testing Wed Feb 27 22:00:12 UTC 2019 /home/travis/build/icyphy/ptII/ptolemy/actor/lib/test/auto/ArrayExtract.xml
----------------- Instantiating /home/travis/build/icyphy/ptII/ptolemy/actor/lib/test/auto/ArrayExtract.xml
8 ms. Memory: 581120K Free: 283573K (49%)
----------------- Invoking toplevel() on ptolemy.moml.MoMLSimpleApplication@234a1e46
----------------- Done invoking toplevel() on ptolemy.moml.MoMLSimpleApplication@234a1e46
reloadAllAccessors: .ArrayExtract

===========================================================================================
----------------- testing Wed Feb 27 22:00:12 UTC 2019 /home/travis/build/icyphy/ptII/ptolemy/actor/lib/test/auto/ArrayExtract2.xml
----------------- Instantiating /home/travis/build/icyphy/ptII/ptolemy/actor/lib/test/auto/ArrayExtract2.xml
6 ms. Memory: 581120K Free: 273845K (47%)
----------------- Invoking toplevel() on ptolemy.moml.MoMLSimpleApplication@7e561989
----------------- Done invoking toplevel() on ptolemy.moml.MoMLSimpleApplication@7e561989
reloadAllAccessors: .ArrayExtract2

===========================================================================================
----------------- testing Wed Feb 27 22:00:12 UTC 2019 /home/travis/build/icyphy/ptII/ptolemy/actor/lib/test/auto/ArrayLength.xml
----------------- Instantiating /home/travis/build/icyphy/ptII/ptolemy/actor/lib/test/auto/ArrayLength.xml
2 ms. Memory: 581120K Free: 255535K (44%)
----------------- Invoking toplevel() on ptolemy.moml.MoMLSimpleApplication@76fd89ab
----------------- Done invoking toplevel() on ptolemy.moml.MoMLSimpleApplication@76fd89ab
reloadAllAccessors: .ArrayLength

===========================================================================================
----------------- testing Wed Feb 27 22:00:12 UTC 2019 /home/travis/build/icyphy/ptII/ptolemy/actor/lib/test/auto/ArrayLevelCrossing.xml
----------------- Instantiating /home/travis/build/icyphy/ptII/ptolemy/actor/lib/test/auto/ArrayLevelCrossing.xml
3 ms. Memory: 581120K Free: 240926K (41%)
----------------- Invoking toplevel() on ptolemy.moml.MoMLSimpleApplication@fac5c01
----------------- Done invoking toplevel() on ptolemy.moml.MoMLSimpleApplication@fac5c01
reloadAllAccessors: .ArrayLevelCrossing

===========================================================================================
----------------- testing Wed Feb 27 22:00:12 UTC 2019 /home/travis/build/icyphy/ptII/ptolemy/actor/lib/test/auto/ArrayLevelCrossing2.xml
----------------- Instantiating /home/travis/build/icyphy/ptII/ptolemy/actor/lib/test/auto/ArrayLevelCrossing2.xml
7 ms. Memory: 581120K Free: 231198K (40%)
----------------- Invoking toplevel() on ptolemy.moml.MoMLSimpleApplication@6bdfc563
----------------- Done invoking toplevel() on ptolemy.moml.MoMLSimpleApplication@6bdfc563
reloadAllAccessors: .ArrayLevelCrossing2

===========================================================================================
----------------- testing Wed Feb 27 22:00:12 UTC 2019 /home/travis/build/icyphy/ptII/ptolemy/actor/lib/test/auto/ArrayPeakSearch.xml
----------------- Instantiating /home/travis/build/icyphy/ptII/ptolemy/actor/lib/test/auto/ArrayPeakSearch.xml
5 ms. Memory: 581120K Free: 216590K (37%)
----------------- Invoking toplevel() on ptolemy.moml.MoMLSimpleApplication@705d9768
----------------- Done invoking toplevel() on ptolemy.moml.MoMLSimpleApplication@705d9768
reloadAllAccessors: .ArrayPeakSearch

===========================================================================================
----------------- testing Wed Feb 27 22:00:12 UTC 2019 /home/travis/build/icyphy/ptII/ptolemy/actor/lib/test/auto/ArrayPeakSearch2.xml
----------------- Instantiating /home/travis/build/icyphy/ptII/ptolemy/actor/lib/test/auto/ArrayPeakSearch2.xml
7 ms. Memory: 581120K Free: 193400K (33%)
----------------- Invoking toplevel() on ptolemy.moml.MoMLSimpleApplication@1d8132bd
----------------- Done invoking toplevel() on ptolemy.moml.MoMLSimpleApplication@1d8132bd
reloadAllAccessors: .ArrayPeakSearch2

===========================================================================================
----------------- testing Wed Feb 27 22:00:12 UTC 2019 /home/travis/build/icyphy/ptII/ptolemy/actor/lib/test/auto/ArrayPeakSearch3.xml
----------------- Instantiating /home/travis/build/icyphy/ptII/ptolemy/actor/lib/test/auto/ArrayPeakSearch3.xml
4 ms. Memory: 581120K Free: 178807K (31%)
----------------- Invoking toplevel() on ptolemy.moml.MoMLSimpleApplication@790588cd
----------------- Done invoking toplevel() on ptolemy.moml.MoMLSimpleApplication@790588cd
reloadAllAccessors: .ArrayPeakSearch3

===========================================================================================
----------------- testing Wed Feb 27 22:00:12 UTC 2019 /home/travis/build/icyphy/ptII/ptolemy/actor/lib/test/auto/ArrayRemoveElement.xml
----------------- Instantiating /home/travis/build/icyphy/ptII/ptolemy/actor/lib/test/auto/ArrayRemoveElement.xml
4 ms. Memory: 581120K Free: 164215K (28%)
----------------- Invoking toplevel() on ptolemy.moml.MoMLSimpleApplication@28296b51
----------------- Done invoking toplevel() on ptolemy.moml.MoMLSimpleApplication@28296b51
reloadAllAccessors: .ArrayRemoveElement

===========================================================================================
----------------- testing Wed Feb 27 22:00:12 UTC 2019 /home/travis/build/icyphy/ptII/ptolemy/actor/lib/test/auto/ArraySort.xml
----------------- Instantiating /home/travis/build/icyphy/ptII/ptolemy/actor/lib/test/auto/ArraySort.xml
3 ms. Memory: 581120K Free: 149607K (26%)
----------------- Invoking toplevel() on ptolemy.moml.MoMLSimpleApplication@71fd452e
----------------- Done invoking toplevel() on ptolemy.moml.MoMLSimpleApplication@71fd452e
reloadAllAccessors: .ArraySort

===========================================================================================
----------------- testing Wed Feb 27 22:00:12 UTC 2019 /home/travis/build/icyphy/ptII/ptolemy/actor/lib/test/auto/ArraySum.xml
----------------- Instantiating /home/travis/build/icyphy/ptII/ptolemy/actor/lib/test/auto/ArraySum.xml
6 ms. Memory: 581120K Free: 131297K (23%)
----------------- Invoking toplevel() on ptolemy.moml.MoMLSimpleApplication@2d28761c
----------------- Done invoking toplevel() on ptolemy.moml.MoMLSimpleApplication@2d28761c
reloadAllAccessors: .ArraySum

===========================================================================================
----------------- testing Wed Feb 27 22:00:12 UTC 2019 /home/travis/build/icyphy/ptII/ptolemy/actor/lib/test/auto/ArrayToElements.xml
----------------- Instantiating /home/travis/build/icyphy/ptII/ptolemy/actor/lib/test/auto/ArrayToElements.xml
8 ms. Memory: 581120K Free: 121569K (21%)
----------------- Invoking toplevel() on ptolemy.moml.MoMLSimpleApplication@1961a03e
----------------- Done invoking toplevel() on ptolemy.moml.MoMLSimpleApplication@1961a03e
reloadAllAccessors: .ArrayToElements

===========================================================================================
----------------- testing Wed Feb 27 22:00:12 UTC 2019 /home/travis/build/icyphy/ptII/ptolemy/actor/lib/test/auto/ArrayToMatrix.xml
----------------- Instantiating /home/travis/build/icyphy/ptII/ptolemy/actor/lib/test/auto/ArrayToMatrix.xml
5 ms. Memory: 581120K Free: 102113K (18%)
----------------- Invoking toplevel() on ptolemy.moml.MoMLSimpleApplication@41d52e68
----------------- Done invoking toplevel() on ptolemy.moml.MoMLSimpleApplication@41d52e68
reloadAllAccessors: .ArrayToMatrix

===========================================================================================
----------------- testing Wed Feb 27 22:00:12 UTC 2019 /home/travis/build/icyphy/ptII/ptolemy/actor/lib/test/auto/ArrayUpdate1.xml
----------------- Instantiating /home/travis/build/icyphy/ptII/ptolemy/actor/lib/test/auto/ArrayUpdate1.xml
6 ms. Memory: 581120K Free: 92385K (16%)
----------------- Invoking toplevel() on ptolemy.moml.MoMLSimpleApplication@1c659bd4
----------------- Done invoking toplevel() on ptolemy.moml.MoMLSimpleApplication@1c659bd4
reloadAllAccessors: .ArrayUpdate1

===========================================================================================
----------------- testing Wed Feb 27 22:00:12 UTC 2019 /home/travis/build/icyphy/ptII/ptolemy/actor/lib/test/auto/ArrayUpdate2.xml
----------------- Instantiating /home/travis/build/icyphy/ptII/ptolemy/actor/lib/test/auto/ArrayUpdate2.xml
4 ms. Memory: 581120K Free: 74074K (13%)
----------------- Invoking toplevel() on ptolemy.moml.MoMLSimpleApplication@483c85dc
----------------- Done invoking toplevel() on ptolemy.moml.MoMLSimpleApplication@483c85dc
reloadAllAccessors: .ArrayUpdate2

===========================================================================================
----------------- testing Wed Feb 27 22:00:12 UTC 2019 /home/travis/build/icyphy/ptII/ptolemy/actor/lib/test/auto/ArrayUpdate3.xml
----------------- Instantiating /home/travis/build/icyphy/ptII/ptolemy/actor/lib/test/auto/ArrayUpdate3.xml
2 ms. Memory: 581120K Free: 64346K (11%)
----------------- Invoking toplevel() on ptolemy.moml.MoMLSimpleApplication@44e9766f
----------------- Done invoking toplevel() on ptolemy.moml.MoMLSimpleApplication@44e9766f
reloadAllAccessors: .ArrayUpdate3

===========================================================================================
----------------- testing Wed Feb 27 22:00:12 UTC 2019 /home/travis/build/icyphy/ptII/ptolemy/actor/lib/test/auto/Assert1.xml
----------------- Instantiating /home/travis/build/icyphy/ptII/ptolemy/actor/lib/test/auto/Assert1.xml
3 ms. Memory: 581120K Free: 55458K (10%)
----------------- Invoking toplevel() on ptolemy.moml.MoMLSimpleApplication@6690b150
----------------- Done invoking toplevel() on ptolemy.moml.MoMLSimpleApplication@6690b150
reloadAllAccessors: .Assert1

===========================================================================================
----------------- testing Wed Feb 27 22:00:12 UTC 2019 /home/travis/build/icyphy/ptII/ptolemy/actor/lib/test/auto/Assert2.xml
----------------- Instantiating /home/travis/build/icyphy/ptII/ptolemy/actor/lib/test/auto/Assert2.xml
5 ms. Memory: 879104K Free: 826210K (94%)
----------------- Invoking toplevel() on ptolemy.moml.MoMLSimpleApplication@6c1715e4
----------------- Done invoking toplevel() on ptolemy.moml.MoMLSimpleApplication@6c1715e4
reloadAllAccessors: .Assert2

===========================================================================================
----------------- testing Wed Feb 27 22:00:12 UTC 2019 /home/travis/build/icyphy/ptII/ptolemy/actor/lib/test/auto/BooleanMultiplexor.xml
----------------- Instantiating /home/travis/build/icyphy/ptII/ptolemy/actor/lib/test/auto/BooleanMultiplexor.xml
1 ms. Memory: 879104K Free: 806235K (92%)
----------------- Invoking toplevel() on ptolemy.moml.MoMLSimpleApplication@2b569af7
----------------- Done invoking toplevel() on ptolemy.moml.MoMLSimpleApplication@2b569af7
reloadAllAccessors: .BooleanMultiplexor

===========================================================================================
----------------- testing Wed Feb 27 22:00:12 UTC 2019 /home/travis/build/icyphy/ptII/ptolemy/actor/lib/test/auto/BooleanMultiplexor2.xml
----------------- Instantiating /home/travis/build/icyphy/ptII/ptolemy/actor/lib/test/auto/BooleanMultiplexor2.xml
8 ms. Memory: 879104K Free: 795697K (91%)
----------------- Invoking toplevel() on ptolemy.moml.MoMLSimpleApplication@1ece4a42
----------------- Done invoking toplevel() on ptolemy.moml.MoMLSimpleApplication@1ece4a42
reloadAllAccessors: .BooleanMultiplexor2

===========================================================================================
----------------- testing Wed Feb 27 22:00:12 UTC 2019 /home/travis/build/icyphy/ptII/ptolemy/actor/lib/test/auto/BooleanMultiplexor3.xml
----------------- Instantiating /home/travis/build/icyphy/ptII/ptolemy/actor/lib/test/auto/BooleanMultiplexor3.xml
4 ms. Memory: 879104K Free: 785320K (89%)
----------------- Invoking toplevel() on ptolemy.moml.MoMLSimpleApplication@270760f8
----------------- Done invoking toplevel() on ptolemy.moml.MoMLSimpleApplication@270760f8
reloadAllAccessors: .BooleanMultiplexor3

===========================================================================================
----------------- testing Wed Feb 27 22:00:12 UTC 2019 /home/travis/build/icyphy/ptII/ptolemy/actor/lib/test/auto/BooleanSelect.xml
----------------- Instantiating /home/travis/build/icyphy/ptII/ptolemy/actor/lib/test/auto/BooleanSelect.xml
8 ms. Memory: 879104K Free: 774943K (88%)
----------------- Invoking toplevel() on ptolemy.moml.MoMLSimpleApplication@187d2fe2
----------------- Done invoking toplevel() on ptolemy.moml.MoMLSimpleApplication@187d2fe2
reloadAllAccessors: .BooleanSelect

===========================================================================================
----------------- testing Wed Feb 27 22:00:12 UTC 2019 /home/travis/build/icyphy/ptII/ptolemy/actor/lib/test/auto/BooleanSelect2.xml
----------------- Instantiating /home/travis/build/icyphy/ptII/ptolemy/actor/lib/test/auto/BooleanSelect2.xml
1 ms. Memory: 879104K Free: 754968K (86%)
----------------- Invoking toplevel() on ptolemy.moml.MoMLSimpleApplication@7b0525df
----------------- Done invoking toplevel() on ptolemy.moml.MoMLSimpleApplication@7b0525df
reloadAllAccessors: .BooleanSelect2

===========================================================================================
----------------- testing Wed Feb 27 22:00:12 UTC 2019 /home/travis/build/icyphy/ptII/ptolemy/actor/lib/test/auto/BooleanSwitch.xml
----------------- Instantiating /home/travis/build/icyphy/ptII/ptolemy/actor/lib/test/auto/BooleanSwitch.xml
4 ms. Memory: 879104K Free: 744592K (85%)
----------------- Invoking toplevel() on ptolemy.moml.MoMLSimpleApplication@19e40d05
----------------- Done invoking toplevel() on ptolemy.moml.MoMLSimpleApplication@19e40d05
reloadAllAccessors: .BooleanSwitch

===========================================================================================
----------------- testing Wed Feb 27 22:00:12 UTC 2019 /home/travis/build/icyphy/ptII/ptolemy/actor/lib/test/auto/BooleanSwitch2.xml
----------------- Instantiating /home/travis/build/icyphy/ptII/ptolemy/actor/lib/test/auto/BooleanSwitch2.xml
1 ms. Memory: 879104K Free: 734215K (84%)
----------------- Invoking toplevel() on ptolemy.moml.MoMLSimpleApplication@21391e72
----------------- Done invoking toplevel() on ptolemy.moml.MoMLSimpleApplication@21391e72
reloadAllAccessors: .BooleanSwitch2

===========================================================================================
----------------- testing Wed Feb 27 22:00:12 UTC 2019 /home/travis/build/icyphy/ptII/ptolemy/actor/lib/test/auto/BooleanSwitchCloningBugWithClassRelationGroup.xml
----------------- Instantiating /home/travis/build/icyphy/ptII/ptolemy/actor/lib/test/auto/BooleanSwitchCloningBugWithClassRelationGroup.xml
3 ms. Memory: 879104K Free: 723839K (82%)
----------------- Invoking toplevel() on ptolemy.moml.MoMLSimpleApplication@67cdc76f
----------------- Done invoking toplevel() on ptolemy.moml.MoMLSimpleApplication@67cdc76f
reloadAllAccessors: .BooleanSwitchCloningBugWithClassRelationGroup

===========================================================================================
----------------- testing Wed Feb 27 22:00:12 UTC 2019 /home/travis/build/icyphy/ptII/ptolemy/actor/lib/test/auto/BusActors.xml
----------------- Instantiating /home/travis/build/icyphy/ptII/ptolemy/actor/lib/test/auto/BusActors.xml
4 ms. Memory: 879104K Free: 698660K (79%)
----------------- Invoking toplevel() on ptolemy.moml.MoMLSimpleApplication@74f367fc
----------------- Done invoking toplevel() on ptolemy.moml.MoMLSimpleApplication@74f367fc
reloadAllAccessors: .BusActors

===========================================================================================
----------------- testing Wed Feb 27 22:00:12 UTC 2019 /home/travis/build/icyphy/ptII/ptolemy/actor/lib/test/auto/ClassWrapper.xml
----------------- Instantiating /home/travis/build/icyphy/ptII/ptolemy/actor/lib/test/auto/ClassWrapper.xml
2 ms. Memory: 879104K Free: 688283K (78%)
----------------- Invoking toplevel() on ptolemy.moml.MoMLSimpleApplication@19565926
----------------- Done invoking toplevel() on ptolemy.moml.MoMLSimpleApplication@19565926
reloadAllAccessors: .ClassWrapper

===========================================================================================
----------------- testing Wed Feb 27 22:00:12 UTC 2019 /home/travis/build/icyphy/ptII/ptolemy/actor/lib/test/auto/Clock.xml
----------------- Instantiating /home/travis/build/icyphy/ptII/ptolemy/actor/lib/test/auto/Clock.xml
1 ms. Memory: 879104K Free: 677906K (77%)
----------------- Invoking toplevel() on ptolemy.moml.MoMLSimpleApplication@129d392a
----------------- Done invoking toplevel() on ptolemy.moml.MoMLSimpleApplication@129d392a
reloadAllAccessors: .Clock

===========================================================================================
----------------- testing Wed Feb 27 22:00:12 UTC 2019 /home/travis/build/icyphy/ptII/ptolemy/actor/lib/test/auto/Clock10.xml
----------------- Instantiating /home/travis/build/icyphy/ptII/ptolemy/actor/lib/test/auto/Clock10.xml
4 ms. Memory: 879104K Free: 667530K (76%)
----------------- Invoking toplevel() on ptolemy.moml.MoMLSimpleApplication@2e89c40
----------------- Done invoking toplevel() on ptolemy.moml.MoMLSimpleApplication@2e89c40
reloadAllAccessors: .Clock10

===========================================================================================
----------------- testing Wed Feb 27 22:00:12 UTC 2019 /home/travis/build/icyphy/ptII/ptolemy/actor/lib/test/auto/Clock11.xml
----------------- Instantiating /home/travis/build/icyphy/ptII/ptolemy/actor/lib/test/auto/Clock11.xml
3 ms. Memory: 879104K Free: 647555K (74%)
----------------- Invoking toplevel() on ptolemy.moml.MoMLSimpleApplication@69d06774
----------------- Done invoking toplevel() on ptolemy.moml.MoMLSimpleApplication@69d06774
reloadAllAccessors: .Clock11

===========================================================================================
----------------- testing Wed Feb 27 22:00:13 UTC 2019 /home/travis/build/icyphy/ptII/ptolemy/actor/lib/test/auto/Clock12.xml
----------------- Instantiating /home/travis/build/icyphy/ptII/ptolemy/actor/lib/test/auto/Clock12.xml
4 ms. Memory: 879104K Free: 637178K (72%)
----------------- Invoking toplevel() on ptolemy.moml.MoMLSimpleApplication@4359bfb0
----------------- Done invoking toplevel() on ptolemy.moml.MoMLSimpleApplication@4359bfb0
reloadAllAccessors: .Clock12

===========================================================================================
----------------- testing Wed Feb 27 22:00:13 UTC 2019 /home/travis/build/icyphy/ptII/ptolemy/actor/lib/test/auto/Clock13.xml
----------------- Instantiating /home/travis/build/icyphy/ptII/ptolemy/actor/lib/test/auto/Clock13.xml
9 ms. Memory: 879104K Free: 626802K (71%)
----------------- Invoking toplevel() on ptolemy.moml.MoMLSimpleApplication@2bc53ae5
----------------- Done invoking toplevel() on ptolemy.moml.MoMLSimpleApplication@2bc53ae5
reloadAllAccessors: .Clock13

===========================================================================================
----------------- testing Wed Feb 27 22:00:13 UTC 2019 /home/travis/build/icyphy/ptII/ptolemy/actor/lib/test/auto/Clock14.xml
----------------- Instantiating /home/travis/build/icyphy/ptII/ptolemy/actor/lib/test/auto/Clock14.xml
8 ms. Memory: 879104K Free: 616425K (70%)
----------------- Invoking toplevel() on ptolemy.moml.MoMLSimpleApplication@1ff6d9c4
----------------- Done invoking toplevel() on ptolemy.moml.MoMLSimpleApplication@1ff6d9c4
reloadAllAccessors: .Clock14

===========================================================================================
----------------- testing Wed Feb 27 22:00:13 UTC 2019 /home/travis/build/icyphy/ptII/ptolemy/actor/lib/test/auto/Clock15.xml
----------------- Instantiating /home/travis/build/icyphy/ptII/ptolemy/actor/lib/test/auto/Clock15.xml
3 ms. Memory: 879104K Free: 606049K (69%)
----------------- Invoking toplevel() on ptolemy.moml.MoMLSimpleApplication@5a5538c0
----------------- Done invoking toplevel() on ptolemy.moml.MoMLSimpleApplication@5a5538c0
reloadAllAccessors: .Clock15

===========================================================================================
----------------- testing Wed Feb 27 22:00:13 UTC 2019 /home/travis/build/icyphy/ptII/ptolemy/actor/lib/test/auto/Clock16.xml
----------------- Instantiating /home/travis/build/icyphy/ptII/ptolemy/actor/lib/test/auto/Clock16.xml
22 ms. Memory: 879104K Free: 580877K (66%)
----------------- Invoking toplevel() on ptolemy.moml.MoMLSimpleApplication@7f50826f
----------------- Done invoking toplevel() on ptolemy.moml.MoMLSimpleApplication@7f50826f
reloadAllAccessors: .Clock16

===========================================================================================
----------------- testing Wed Feb 27 22:00:13 UTC 2019 /home/travis/build/icyphy/ptII/ptolemy/actor/lib/test/auto/Clock17.xml
----------------- Instantiating /home/travis/build/icyphy/ptII/ptolemy/actor/lib/test/auto/Clock17.xml
14 ms. Memory: 879104K Free: 565313K (64%)
----------------- Invoking toplevel() on ptolemy.moml.MoMLSimpleApplication@69a0f90d
----------------- Done invoking toplevel() on ptolemy.moml.MoMLSimpleApplication@69a0f90d
reloadAllAccessors: .Clock17

===========================================================================================
----------------- testing Wed Feb 27 22:00:13 UTC 2019 /home/travis/build/icyphy/ptII/ptolemy/actor/lib/test/auto/Clock18.xml
----------------- Instantiating /home/travis/build/icyphy/ptII/ptolemy/actor/lib/test/auto/Clock18.xml
23 ms. Memory: 879104K Free: 549732K (63%)
----------------- Invoking toplevel() on ptolemy.moml.MoMLSimpleApplication@7ad73787
----------------- Done invoking toplevel() on ptolemy.moml.MoMLSimpleApplication@7ad73787
reloadAllAccessors: .Clock18

===========================================================================================
----------------- testing Wed Feb 27 22:00:13 UTC 2019 /home/travis/build/icyphy/ptII/ptolemy/actor/lib/test/auto/Clock19.xml
----------------- Instantiating /home/travis/build/icyphy/ptII/ptolemy/actor/lib/test/auto/Clock19.xml
20 ms. Memory: 879104K Free: 534167K (61%)
----------------- Invoking toplevel() on ptolemy.moml.MoMLSimpleApplication@7506d9cf
----------------- Done invoking toplevel() on ptolemy.moml.MoMLSimpleApplication@7506d9cf
reloadAllAccessors: .Clock19

===========================================================================================
----------------- testing Wed Feb 27 22:00:13 UTC 2019 /home/travis/build/icyphy/ptII/ptolemy/actor/lib/test/auto/Clock2.xml
----------------- Instantiating /home/travis/build/icyphy/ptII/ptolemy/actor/lib/test/auto/Clock2.xml
9 ms. Memory: 879104K Free: 514192K (58%)
----------------- Invoking toplevel() on ptolemy.moml.MoMLSimpleApplication@4ceee3c4
----------------- Done invoking toplevel() on ptolemy.moml.MoMLSimpleApplication@4ceee3c4
reloadAllAccessors: .Clock2

===========================================================================================
----------------- testing Wed Feb 27 22:00:13 UTC 2019 /home/travis/build/icyphy/ptII/ptolemy/actor/lib/test/auto/Clock20.xml
----------------- Instantiating /home/travis/build/icyphy/ptII/ptolemy/actor/lib/test/auto/Clock20.xml
10 ms. Memory: 879104K Free: 503815K (57%)
----------------- Invoking toplevel() on ptolemy.moml.MoMLSimpleApplication@709a5e9b
----------------- Done invoking toplevel() on ptolemy.moml.MoMLSimpleApplication@709a5e9b
reloadAllAccessors: .Clock20

===========================================================================================
----------------- testing Wed Feb 27 22:00:13 UTC 2019 /home/travis/build/icyphy/ptII/ptolemy/actor/lib/test/auto/Clock21.xml
----------------- Instantiating /home/travis/build/icyphy/ptII/ptolemy/actor/lib/test/auto/Clock21.xml
8 ms. Memory: 879104K Free: 493439K (56%)
----------------- Invoking toplevel() on ptolemy.moml.MoMLSimpleApplication@4d4d5b2f
----------------- Done invoking toplevel() on ptolemy.moml.MoMLSimpleApplication@4d4d5b2f
reloadAllAccessors: .Clock21

===========================================================================================
----------------- testing Wed Feb 27 22:00:13 UTC 2019 /home/travis/build/icyphy/ptII/ptolemy/actor/lib/test/auto/Clock22.xml
----------------- Instantiating /home/travis/build/icyphy/ptII/ptolemy/actor/lib/test/auto/Clock22.xml
6 ms. Memory: 879104K Free: 483062K (55%)
----------------- Invoking toplevel() on ptolemy.moml.MoMLSimpleApplication@4c85fa64
----------------- Done invoking toplevel() on ptolemy.moml.MoMLSimpleApplication@4c85fa64
reloadAllAccessors: .Clock22

===========================================================================================
----------------- testing Wed Feb 27 22:00:13 UTC 2019 /home/travis/build/icyphy/ptII/ptolemy/actor/lib/test/auto/Clock23.xml
----------------- Instantiating /home/travis/build/icyphy/ptII/ptolemy/actor/lib/test/auto/Clock23.xml
8 ms. Memory: 879104K Free: 463087K (53%)
----------------- Invoking toplevel() on ptolemy.moml.MoMLSimpleApplication@740afb06
----------------- Done invoking toplevel() on ptolemy.moml.MoMLSimpleApplication@740afb06
reloadAllAccessors: .Clock23

===========================================================================================
----------------- testing Wed Feb 27 22:00:13 UTC 2019 /home/travis/build/icyphy/ptII/ptolemy/actor/lib/test/auto/Clock24.xml
----------------- Instantiating /home/travis/build/icyphy/ptII/ptolemy/actor/lib/test/auto/Clock24.xml
7 ms. Memory: 879104K Free: 452711K (51%)
----------------- Invoking toplevel() on ptolemy.moml.MoMLSimpleApplication@345fdd77
----------------- Done invoking toplevel() on ptolemy.moml.MoMLSimpleApplication@345fdd77
reloadAllAccessors: .Clock24

===========================================================================================
----------------- testing Wed Feb 27 22:00:13 UTC 2019 /home/travis/build/icyphy/ptII/ptolemy/actor/lib/test/auto/Clock4.xml
----------------- Instantiating /home/travis/build/icyphy/ptII/ptolemy/actor/lib/test/auto/Clock4.xml
6 ms. Memory: 879104K Free: 442334K (50%)
----------------- Invoking toplevel() on ptolemy.moml.MoMLSimpleApplication@5169c4de
----------------- Done invoking toplevel() on ptolemy.moml.MoMLSimpleApplication@5169c4de
reloadAllAccessors: .Clock4

===========================================================================================
----------------- testing Wed Feb 27 22:00:13 UTC 2019 /home/travis/build/icyphy/ptII/ptolemy/actor/lib/test/auto/Clock5.xml
----------------- Instantiating /home/travis/build/icyphy/ptII/ptolemy/actor/lib/test/auto/Clock5.xml
2 ms. Memory: 879104K Free: 431958K (49%)
----------------- Invoking toplevel() on ptolemy.moml.MoMLSimpleApplication@32f7b2f3
----------------- Done invoking toplevel() on ptolemy.moml.MoMLSimpleApplication@32f7b2f3
reloadAllAccessors: .Clock5

===========================================================================================
----------------- testing Wed Feb 27 22:00:13 UTC 2019 /home/travis/build/icyphy/ptII/ptolemy/actor/lib/test/auto/Clock6.xml
----------------- Instantiating /home/travis/build/icyphy/ptII/ptolemy/actor/lib/test/auto/Clock6.xml
5 ms. Memory: 879104K Free: 421581K (48%)
----------------- Invoking toplevel() on ptolemy.moml.MoMLSimpleApplication@9518c82
----------------- Done invoking toplevel() on ptolemy.moml.MoMLSimpleApplication@9518c82
reloadAllAccessors: .Clock6

===========================================================================================
----------------- testing Wed Feb 27 22:00:13 UTC 2019 /home/travis/build/icyphy/ptII/ptolemy/actor/lib/test/auto/Clock7.xml
----------------- Instantiating /home/travis/build/icyphy/ptII/ptolemy/actor/lib/test/auto/Clock7.xml
1 ms. Memory: 879104K Free: 401606K (46%)
----------------- Invoking toplevel() on ptolemy.moml.MoMLSimpleApplication@76814b2
----------------- Done invoking toplevel() on ptolemy.moml.MoMLSimpleApplication@76814b2
reloadAllAccessors: .Clock7

===========================================================================================
----------------- testing Wed Feb 27 22:00:13 UTC 2019 /home/travis/build/icyphy/ptII/ptolemy/actor/lib/test/auto/Clock8.xml
----------------- Instantiating /home/travis/build/icyphy/ptII/ptolemy/actor/lib/test/auto/Clock8.xml
6 ms. Memory: 879104K Free: 391230K (45%)
----------------- Invoking toplevel() on ptolemy.moml.MoMLSimpleApplication@38c6c257
----------------- Done invoking toplevel() on ptolemy.moml.MoMLSimpleApplication@38c6c257
reloadAllAccessors: .Clock8

===========================================================================================
----------------- testing Wed Feb 27 22:00:13 UTC 2019 /home/travis/build/icyphy/ptII/ptolemy/actor/lib/test/auto/Clock9.xml
----------------- Instantiating /home/travis/build/icyphy/ptII/ptolemy/actor/lib/test/auto/Clock9.xml
6 ms. Memory: 879104K Free: 380853K (43%)
----------------- Invoking toplevel() on ptolemy.moml.MoMLSimpleApplication@19d615a8
----------------- Done invoking toplevel() on ptolemy.moml.MoMLSimpleApplication@19d615a8
reloadAllAccessors: .Clock9

===========================================================================================
----------------- testing Wed Feb 27 22:00:13 UTC 2019 /home/travis/build/icyphy/ptII/ptolemy/actor/lib/test/auto/CommDistDiscard.xml
----------------- Instantiating /home/travis/build/icyphy/ptII/ptolemy/actor/lib/test/auto/CommDistDiscard.xml
2 ms. Memory: 879104K Free: 370476K (42%)
----------------- Invoking toplevel() on ptolemy.moml.MoMLSimpleApplication@6c7556c
----------------- Done invoking toplevel() on ptolemy.moml.MoMLSimpleApplication@6c7556c
reloadAllAccessors: .CommDistDiscard

===========================================================================================
----------------- testing Wed Feb 27 22:00:13 UTC 2019 /home/travis/build/icyphy/ptII/ptolemy/actor/lib/test/auto/Commutator.xml
----------------- Instantiating /home/travis/build/icyphy/ptII/ptolemy/actor/lib/test/auto/Commutator.xml
2 ms. Memory: 879104K Free: 350502K (40%)
----------------- Invoking toplevel() on ptolemy.moml.MoMLSimpleApplication@26db6a1
----------------- Done invoking toplevel() on ptolemy.moml.MoMLSimpleApplication@26db6a1
reloadAllAccessors: .Commutator

===========================================================================================
----------------- testing Wed Feb 27 22:00:13 UTC 2019 /home/travis/build/icyphy/ptII/ptolemy/actor/lib/test/auto/Commutator2.xml
----------------- Instantiating /home/travis/build/icyphy/ptII/ptolemy/actor/lib/test/auto/Commutator2.xml
2 ms. Memory: 879104K Free: 340125K (39%)
----------------- Invoking toplevel() on ptolemy.moml.MoMLSimpleApplication@77bf46cd
----------------- Done invoking toplevel() on ptolemy.moml.MoMLSimpleApplication@77bf46cd
reloadAllAccessors: .Commutator2

===========================================================================================
----------------- testing Wed Feb 27 22:00:13 UTC 2019 /home/travis/build/icyphy/ptII/ptolemy/actor/lib/test/auto/Commutator3.xml
----------------- Instantiating /home/travis/build/icyphy/ptII/ptolemy/actor/lib/test/auto/Commutator3.xml
2 ms. Memory: 879104K Free: 329749K (38%)
----------------- Invoking toplevel() on ptolemy.moml.MoMLSimpleApplication@7adca303
----------------- Done invoking toplevel() on ptolemy.moml.MoMLSimpleApplication@7adca303
reloadAllAccessors: .Commutator3

===========================================================================================
----------------- testing Wed Feb 27 22:00:13 UTC 2019 /home/travis/build/icyphy/ptII/ptolemy/actor/lib/test/auto/Compare.xml
----------------- Instantiating /home/travis/build/icyphy/ptII/ptolemy/actor/lib/test/auto/Compare.xml
2 ms. Memory: 879104K Free: 319372K (36%)
----------------- Invoking toplevel() on ptolemy.moml.MoMLSimpleApplication@606551c8
----------------- Done invoking toplevel() on ptolemy.moml.MoMLSimpleApplication@606551c8
reloadAllAccessors: .Compare

===========================================================================================
----------------- testing Wed Feb 27 22:00:13 UTC 2019 /home/travis/build/icyphy/ptII/ptolemy/actor/lib/test/auto/CompareDE.xml
----------------- Instantiating /home/travis/build/icyphy/ptII/ptolemy/actor/lib/test/auto/CompareDE.xml
3 ms. Memory: 879104K Free: 299397K (34%)
----------------- Invoking toplevel() on ptolemy.moml.MoMLSimpleApplication@562b2fac
----------------- Done invoking toplevel() on ptolemy.moml.MoMLSimpleApplication@562b2fac
reloadAllAccessors: .CompareDE

===========================================================================================
----------------- testing Wed Feb 27 22:00:13 UTC 2019 /home/travis/build/icyphy/ptII/ptolemy/actor/lib/test/auto/ComplexDivide.xml
----------------- Instantiating /home/travis/build/icyphy/ptII/ptolemy/actor/lib/test/auto/ComplexDivide.xml
2 ms. Memory: 879104K Free: 289021K (33%)
----------------- Invoking toplevel() on ptolemy.moml.MoMLSimpleApplication@a802abd
----------------- Done invoking toplevel() on ptolemy.moml.MoMLSimpleApplication@a802abd
reloadAllAccessors: .ComplexDivide

===========================================================================================
----------------- testing Wed Feb 27 22:00:13 UTC 2019 /home/travis/build/icyphy/ptII/ptolemy/actor/lib/test/auto/ComputeHistogram.xml
----------------- Instantiating /home/travis/build/icyphy/ptII/ptolemy/actor/lib/test/auto/ComputeHistogram.xml
23 ms. Memory: 879104K Free: 273456K (31%)
----------------- Invoking toplevel() on ptolemy.moml.MoMLSimpleApplication@660f46f5
----------------- Done invoking toplevel() on ptolemy.moml.MoMLSimpleApplication@660f46f5
reloadAllAccessors: .ComputeHistogram

===========================================================================================
----------------- testing Wed Feb 27 22:00:13 UTC 2019 /home/travis/build/icyphy/ptII/ptolemy/actor/lib/test/auto/ConfigurationSelect.xml
----------------- Instantiating /home/travis/build/icyphy/ptII/ptolemy/actor/lib/test/auto/ConfigurationSelect.xml
3 ms. Memory: 879104K Free: 263079K (30%)
----------------- Invoking toplevel() on ptolemy.moml.MoMLSimpleApplication@28398f97
----------------- Done invoking toplevel() on ptolemy.moml.MoMLSimpleApplication@28398f97
reloadAllAccessors: .ConfigurationSelect

===========================================================================================
----------------- testing Wed Feb 27 22:00:13 UTC 2019 /home/travis/build/icyphy/ptII/ptolemy/actor/lib/test/auto/ConfigurationSelect2.xml
----------------- Instantiating /home/travis/build/icyphy/ptII/ptolemy/actor/lib/test/auto/ConfigurationSelect2.xml
2 ms. Memory: 879104K Free: 243104K (28%)
----------------- Invoking toplevel() on ptolemy.moml.MoMLSimpleApplication@79ebd0e3
----------------- Done invoking toplevel() on ptolemy.moml.MoMLSimpleApplication@79ebd0e3
reloadAllAccessors: .ConfigurationSelect2

===========================================================================================
----------------- testing Wed Feb 27 22:00:13 UTC 2019 /home/travis/build/icyphy/ptII/ptolemy/actor/lib/test/auto/ConfigurationSwitch.xml
----------------- Instantiating /home/travis/build/icyphy/ptII/ptolemy/actor/lib/test/auto/ConfigurationSwitch.xml
2 ms. Memory: 879104K Free: 232728K (26%)
----------------- Invoking toplevel() on ptolemy.moml.MoMLSimpleApplication@3f1ed5cd
----------------- Done invoking toplevel() on ptolemy.moml.MoMLSimpleApplication@3f1ed5cd
reloadAllAccessors: .ConfigurationSwitch

===========================================================================================
----------------- testing Wed Feb 27 22:00:13 UTC 2019 /home/travis/build/icyphy/ptII/ptolemy/actor/lib/test/auto/ConfigurationSwitch2.xml
----------------- Instantiating /home/travis/build/icyphy/ptII/ptolemy/actor/lib/test/auto/ConfigurationSwitch2.xml
4 ms. Memory: 879104K Free: 222351K (25%)
----------------- Invoking toplevel() on ptolemy.moml.MoMLSimpleApplication@3433a574
----------------- Done invoking toplevel() on ptolemy.moml.MoMLSimpleApplication@3433a574
reloadAllAccessors: .ConfigurationSwitch2

===========================================================================================
----------------- testing Wed Feb 27 22:00:13 UTC 2019 /home/travis/build/icyphy/ptII/ptolemy/actor/lib/test/auto/ConfigurationSwitchCloningBugWithClassRelationGroup.xml
----------------- Instantiating /home/travis/build/icyphy/ptII/ptolemy/actor/lib/test/auto/ConfigurationSwitchCloningBugWithClassRelationGroup.xml
2 ms. Memory: 879104K Free: 211974K (24%)
----------------- Invoking toplevel() on ptolemy.moml.MoMLSimpleApplication@74ae3a47
----------------- Done invoking toplevel() on ptolemy.moml.MoMLSimpleApplication@74ae3a47
reloadAllAccessors: .ConfigurationSwitchCloningBugWithClassRelationGroup

===========================================================================================
----------------- testing Wed Feb 27 22:00:13 UTC 2019 /home/travis/build/icyphy/ptII/ptolemy/actor/lib/test/auto/ConfigurationSwitchSelectSDF.xml
----------------- Instantiating /home/travis/build/icyphy/ptII/ptolemy/actor/lib/test/auto/ConfigurationSwitchSelectSDF.xml
2 ms. Memory: 879104K Free: 191999K (22%)
----------------- Invoking toplevel() on ptolemy.moml.MoMLSimpleApplication@6689b84e
----------------- Done invoking toplevel() on ptolemy.moml.MoMLSimpleApplication@6689b84e
reloadAllAccessors: .ConfigurationSwitchSelectSDF

===========================================================================================
----------------- testing Wed Feb 27 22:00:13 UTC 2019 /home/travis/build/icyphy/ptII/ptolemy/actor/lib/test/auto/ConfigurationSwitchSelectSDF2.xml
----------------- Instantiating /home/travis/build/icyphy/ptII/ptolemy/actor/lib/test/auto/ConfigurationSwitchSelectSDF2.xml
2 ms. Memory: 879104K Free: 181623K (21%)
----------------- Invoking toplevel() on ptolemy.moml.MoMLSimpleApplication@dbd2163
----------------- Done invoking toplevel() on ptolemy.moml.MoMLSimpleApplication@dbd2163
reloadAllAccessors: .ConfigurationSwitchSelectSDF2

===========================================================================================
----------------- testing Wed Feb 27 22:00:13 UTC 2019 /home/travis/build/icyphy/ptII/ptolemy/actor/lib/test/auto/Const.xml
----------------- Instantiating /home/travis/build/icyphy/ptII/ptolemy/actor/lib/test/auto/Const.xml
1 ms. Memory: 879104K Free: 171246K (19%)
----------------- Invoking toplevel() on ptolemy.moml.MoMLSimpleApplication@76d8b25f
----------------- Done invoking toplevel() on ptolemy.moml.MoMLSimpleApplication@76d8b25f
reloadAllAccessors: .Const

===========================================================================================
----------------- testing Wed Feb 27 22:00:13 UTC 2019 /home/travis/build/icyphy/ptII/ptolemy/actor/lib/test/auto/Const2.xml
----------------- Instantiating /home/travis/build/icyphy/ptII/ptolemy/actor/lib/test/auto/Const2.xml
2 ms. Memory: 879104K Free: 160870K (18%)
----------------- Invoking toplevel() on ptolemy.moml.MoMLSimpleApplication@a688bca
----------------- Done invoking toplevel() on ptolemy.moml.MoMLSimpleApplication@a688bca
reloadAllAccessors: .Const2

===========================================================================================
----------------- testing Wed Feb 27 22:00:13 UTC 2019 /home/travis/build/icyphy/ptII/ptolemy/actor/lib/test/auto/Const3.xml
----------------- Instantiating /home/travis/build/icyphy/ptII/ptolemy/actor/lib/test/auto/Const3.xml
2 ms. Memory: 879104K Free: 150493K (17%)
----------------- Invoking toplevel() on ptolemy.moml.MoMLSimpleApplication@290a606a
----------------- Done invoking toplevel() on ptolemy.moml.MoMLSimpleApplication@290a606a
reloadAllAccessors: .Const3

===========================================================================================
----------------- testing Wed Feb 27 22:00:14 UTC 2019 /home/travis/build/icyphy/ptII/ptolemy/actor/lib/test/auto/ConstantPublisherPort1.xml
----------------- Instantiating /home/travis/build/icyphy/ptII/ptolemy/actor/lib/test/auto/ConstantPublisherPort1.xml
6 ms. Memory: 879104K Free: 125330K (14%)
----------------- Invoking toplevel() on ptolemy.moml.MoMLSimpleApplication@631d37c1
----------------- Done invoking toplevel() on ptolemy.moml.MoMLSimpleApplication@631d37c1
reloadAllAccessors: .ConstantPublisherPort1

===========================================================================================
----------------- testing Wed Feb 27 22:00:14 UTC 2019 /home/travis/build/icyphy/ptII/ptolemy/actor/lib/test/auto/ConstantPublisherPort2.xml
----------------- Instantiating /home/travis/build/icyphy/ptII/ptolemy/actor/lib/test/auto/ConstantPublisherPort2.xml
9 ms. Memory: 879104K Free: 114953K (13%)
----------------- Invoking toplevel() on ptolemy.moml.MoMLSimpleApplication@10d49b3c
----------------- Done invoking toplevel() on ptolemy.moml.MoMLSimpleApplication@10d49b3c
reloadAllAccessors: .ConstantPublisherPort2

===========================================================================================
----------------- testing Wed Feb 27 22:00:14 UTC 2019 /home/travis/build/icyphy/ptII/ptolemy/actor/lib/test/auto/ConstantPublisherPort3.xml
----------------- Instantiating /home/travis/build/icyphy/ptII/ptolemy/actor/lib/test/auto/ConstantPublisherPort3.xml
6 ms. Memory: 879104K Free: 104577K (12%)
----------------- Invoking toplevel() on ptolemy.moml.MoMLSimpleApplication@3250277f
----------------- Done invoking toplevel() on ptolemy.moml.MoMLSimpleApplication@3250277f
reloadAllAccessors: .ConstantPublisherPort3

===========================================================================================
----------------- testing Wed Feb 27 22:00:14 UTC 2019 /home/travis/build/icyphy/ptII/ptolemy/actor/lib/test/auto/ConstantPublisherPort4.xml
----------------- Instantiating /home/travis/build/icyphy/ptII/ptolemy/actor/lib/test/auto/ConstantPublisherPort4.xml
5 ms. Memory: 879104K Free: 94200K (11%)
----------------- Invoking toplevel() on ptolemy.moml.MoMLSimpleApplication@3201514d
----------------- Done invoking toplevel() on ptolemy.moml.MoMLSimpleApplication@3201514d
reloadAllAccessors: .ConstantPublisherPort4

===========================================================================================
----------------- testing Wed Feb 27 22:00:14 UTC 2019 /home/travis/build/icyphy/ptII/ptolemy/actor/lib/test/auto/ConstantPublisherPort5.xml
----------------- Instantiating /home/travis/build/icyphy/ptII/ptolemy/actor/lib/test/auto/ConstantPublisherPort5.xml
25 ms. Memory: 879104K Free: 60940K (7%)
----------------- Invoking toplevel() on ptolemy.moml.MoMLSimpleApplication@28210ce1
----------------- Done invoking toplevel() on ptolemy.moml.MoMLSimpleApplication@28210ce1
reloadAllAccessors: .ConstantPublisherPort5

===========================================================================================
----------------- testing Wed Feb 27 22:00:14 UTC 2019 /home/travis/build/icyphy/ptII/ptolemy/actor/lib/test/auto/ConstantPublisherPort6.xml
----------------- Instantiating /home/travis/build/icyphy/ptII/ptolemy/actor/lib/test/auto/ConstantPublisherPort6.xml
16 ms. Memory: 880128K Free: 803492K (91%)
----------------- Invoking toplevel() on ptolemy.moml.MoMLSimpleApplication@53eff9a5
----------------- Done invoking toplevel() on ptolemy.moml.MoMLSimpleApplication@53eff9a5
reloadAllAccessors: .ConstantPublisherPort6

===========================================================================================
----------------- testing Wed Feb 27 22:00:14 UTC 2019 /home/travis/build/icyphy/ptII/ptolemy/actor/lib/test/auto/ConstantPublisherPort7.xml
----------------- Instantiating /home/travis/build/icyphy/ptII/ptolemy/actor/lib/test/auto/ConstantPublisherPort7.xml
14 ms. Memory: 880128K Free: 757305K (86%)
----------------- Invoking toplevel() on ptolemy.moml.MoMLSimpleApplication@1a4fe2ac
----------------- Done invoking toplevel() on ptolemy.moml.MoMLSimpleApplication@1a4fe2ac
reloadAllAccessors: .ConstantPublisherPort7

===========================================================================================
----------------- testing Wed Feb 27 22:00:14 UTC 2019 /home/travis/build/icyphy/ptII/ptolemy/actor/lib/test/auto/ConstraintMonitor1.xml
----------------- Instantiating /home/travis/build/icyphy/ptII/ptolemy/actor/lib/test/auto/ConstraintMonitor1.xml
2 ms. Memory: 880128K Free: 741740K (84%)
----------------- Invoking toplevel() on ptolemy.moml.MoMLSimpleApplication@4bca5139
----------------- Done invoking toplevel() on ptolemy.moml.MoMLSimpleApplication@4bca5139
reloadAllAccessors: .ConstraintMonitor1

===========================================================================================
----------------- testing Wed Feb 27 22:00:14 UTC 2019 /home/travis/build/icyphy/ptII/ptolemy/actor/lib/test/auto/ConstraintMonitor2.xml
----------------- Instantiating /home/travis/build/icyphy/ptII/ptolemy/actor/lib/test/auto/ConstraintMonitor2.xml
6 ms. Memory: 880128K Free: 726175K (83%)
----------------- Invoking toplevel() on ptolemy.moml.MoMLSimpleApplication@2d4e02a9
----------------- Done invoking toplevel() on ptolemy.moml.MoMLSimpleApplication@2d4e02a9
reloadAllAccessors: .ConstraintMonitor2

===========================================================================================
----------------- testing Wed Feb 27 22:00:14 UTC 2019 /home/travis/build/icyphy/ptII/ptolemy/actor/lib/test/auto/ConstraintMonitor3.xml
----------------- Instantiating /home/travis/build/icyphy/ptII/ptolemy/actor/lib/test/auto/ConstraintMonitor3.xml
5 ms. Memory: 880128K Free: 703441K (80%)
----------------- Invoking toplevel() on ptolemy.moml.MoMLSimpleApplication@56106306
----------------- Done invoking toplevel() on ptolemy.moml.MoMLSimpleApplication@56106306
reloadAllAccessors: .ConstraintMonitor3

===========================================================================================
----------------- testing Wed Feb 27 22:00:14 UTC 2019 /home/travis/build/icyphy/ptII/ptolemy/actor/lib/test/auto/ConstraintMonitor4.xml
----------------- Instantiating /home/travis/build/icyphy/ptII/ptolemy/actor/lib/test/auto/ConstraintMonitor4.xml
6 ms. Memory: 880128K Free: 687877K (78%)
----------------- Invoking toplevel() on ptolemy.moml.MoMLSimpleApplication@7dce0f3c
----------------- Done invoking toplevel() on ptolemy.moml.MoMLSimpleApplication@7dce0f3c
reloadAllAccessors: .ConstraintMonitor4

===========================================================================================
----------------- testing Wed Feb 27 22:00:14 UTC 2019 /home/travis/build/icyphy/ptII/ptolemy/actor/lib/test/auto/ConstraintMonitor5.xml
----------------- Instantiating /home/travis/build/icyphy/ptII/ptolemy/actor/lib/test/auto/ConstraintMonitor5.xml
1 ms. Memory: 880128K Free: 672312K (76%)
----------------- Invoking toplevel() on ptolemy.moml.MoMLSimpleApplication@2acdd1d
----------------- Done invoking toplevel() on ptolemy.moml.MoMLSimpleApplication@2acdd1d
reloadAllAccessors: .ConstraintMonitor5

===========================================================================================
----------------- testing Wed Feb 27 22:00:14 UTC 2019 /home/travis/build/icyphy/ptII/ptolemy/actor/lib/test/auto/ConstraintMonitor6.xml
----------------- Instantiating /home/travis/build/icyphy/ptII/ptolemy/actor/lib/test/auto/ConstraintMonitor6.xml
7 ms. Memory: 880128K Free: 649578K (74%)
----------------- Invoking toplevel() on ptolemy.moml.MoMLSimpleApplication@223468d0
----------------- Done invoking toplevel() on ptolemy.moml.MoMLSimpleApplication@223468d0
reloadAllAccessors: .ConstraintMonitor6

===========================================================================================
----------------- testing Wed Feb 27 22:00:14 UTC 2019 /home/travis/build/icyphy/ptII/ptolemy/actor/lib/test/auto/ConstraintMonitor7.xml
----------------- Instantiating /home/travis/build/icyphy/ptII/ptolemy/actor/lib/test/auto/ConstraintMonitor7.xml
2 ms. Memory: 880128K Free: 634013K (72%)
----------------- Invoking toplevel() on ptolemy.moml.MoMLSimpleApplication@2055b2f8
----------------- Done invoking toplevel() on ptolemy.moml.MoMLSimpleApplication@2055b2f8
reloadAllAccessors: .ConstraintMonitor7

===========================================================================================
----------------- testing Wed Feb 27 22:00:14 UTC 2019 /home/travis/build/icyphy/ptII/ptolemy/actor/lib/test/auto/ConstraintMonitor8.xml
----------------- Instantiating /home/travis/build/icyphy/ptII/ptolemy/actor/lib/test/auto/ConstraintMonitor8.xml
5 ms. Memory: 880128K Free: 618448K (70%)
----------------- Invoking toplevel() on ptolemy.moml.MoMLSimpleApplication@636ac586
----------------- Done invoking toplevel() on ptolemy.moml.MoMLSimpleApplication@636ac586
reloadAllAccessors: .ConstraintMonitor8

===========================================================================================
----------------- testing Wed Feb 27 22:00:14 UTC 2019 /home/travis/build/icyphy/ptII/ptolemy/actor/lib/test/auto/Counter.xml
----------------- Instantiating /home/travis/build/icyphy/ptII/ptolemy/actor/lib/test/auto/Counter.xml
2 ms. Memory: 880128K Free: 595714K (68%)
----------------- Invoking toplevel() on ptolemy.moml.MoMLSimpleApplication@3b73d461
----------------- Done invoking toplevel() on ptolemy.moml.MoMLSimpleApplication@3b73d461
reloadAllAccessors: .Counter

===========================================================================================
----------------- testing Wed Feb 27 22:00:14 UTC 2019 /home/travis/build/icyphy/ptII/ptolemy/actor/lib/test/auto/CurrentTimeSDF.xml
----------------- Instantiating /home/travis/build/icyphy/ptII/ptolemy/actor/lib/test/auto/CurrentTimeSDF.xml
1 ms. Memory: 880128K Free: 580149K (66%)
----------------- Invoking toplevel() on ptolemy.moml.MoMLSimpleApplication@1b69a141
----------------- Done invoking toplevel() on ptolemy.moml.MoMLSimpleApplication@1b69a141
reloadAllAccessors: .CurrentTimeSDF

===========================================================================================
----------------- testing Wed Feb 27 22:00:14 UTC 2019 /home/travis/build/icyphy/ptII/ptolemy/actor/lib/test/auto/DB.xml
----------------- Instantiating /home/travis/build/icyphy/ptII/ptolemy/actor/lib/test/auto/DB.xml
2 ms. Memory: 880128K Free: 556802K (63%)
----------------- Invoking toplevel() on ptolemy.moml.MoMLSimpleApplication@3d1f54a6
----------------- Done invoking toplevel() on ptolemy.moml.MoMLSimpleApplication@3d1f54a6
reloadAllAccessors: .DB

===========================================================================================
----------------- testing Wed Feb 27 22:00:14 UTC 2019 /home/travis/build/icyphy/ptII/ptolemy/actor/lib/test/auto/DBDE.xml
----------------- Instantiating /home/travis/build/icyphy/ptII/ptolemy/actor/lib/test/auto/DBDE.xml
2 ms. Memory: 880128K Free: 534068K (61%)
----------------- Invoking toplevel() on ptolemy.moml.MoMLSimpleApplication@3817ea33
----------------- Done invoking toplevel() on ptolemy.moml.MoMLSimpleApplication@3817ea33
reloadAllAccessors: .DBDE

===========================================================================================
----------------- testing Wed Feb 27 22:00:14 UTC 2019 /home/travis/build/icyphy/ptII/ptolemy/actor/lib/test/auto/DateConstructor.xml
----------------- Instantiating /home/travis/build/icyphy/ptII/ptolemy/actor/lib/test/auto/DateConstructor.xml
11 ms. Memory: 880128K Free: 510705K (58%)
----------------- Invoking toplevel() on ptolemy.moml.MoMLSimpleApplication@6f9d4a1b
----------------- Done invoking toplevel() on ptolemy.moml.MoMLSimpleApplication@6f9d4a1b
reloadAllAccessors: .DateConstructor

===========================================================================================
----------------- testing Wed Feb 27 22:00:14 UTC 2019 /home/travis/build/icyphy/ptII/ptolemy/actor/lib/test/auto/DelayTime.xml
----------------- Instantiating /home/travis/build/icyphy/ptII/ptolemy/actor/lib/test/auto/DelayTime.xml
3 ms. Memory: 880128K Free: 495140K (56%)
----------------- Invoking toplevel() on ptolemy.moml.MoMLSimpleApplication@6e08634b
----------------- Done invoking toplevel() on ptolemy.moml.MoMLSimpleApplication@6e08634b
reloadAllAccessors: .DelayTime

===========================================================================================
----------------- testing Wed Feb 27 22:00:14 UTC 2019 /home/travis/build/icyphy/ptII/ptolemy/actor/lib/test/auto/Dictionary1.xml
----------------- Instantiating /home/travis/build/icyphy/ptII/ptolemy/actor/lib/test/auto/Dictionary1.xml
2 ms. Memory: 880128K Free: 472406K (54%)
----------------- Invoking toplevel() on ptolemy.moml.MoMLSimpleApplication@59f9afb1
----------------- Done invoking toplevel() on ptolemy.moml.MoMLSimpleApplication@59f9afb1
reloadAllAccessors: .Dictionary1

===========================================================================================
----------------- testing Wed Feb 27 22:00:14 UTC 2019 /home/travis/build/icyphy/ptII/ptolemy/actor/lib/test/auto/Dictionary2.xml
----------------- Instantiating /home/travis/build/icyphy/ptII/ptolemy/actor/lib/test/auto/Dictionary2.xml
1 ms. Memory: 880128K Free: 456841K (52%)
----------------- Invoking toplevel() on ptolemy.moml.MoMLSimpleApplication@3bfed97d
----------------- Done invoking toplevel() on ptolemy.moml.MoMLSimpleApplication@3bfed97d
reloadAllAccessors: .Dictionary2

===========================================================================================
----------------- testing Wed Feb 27 22:00:14 UTC 2019 /home/travis/build/icyphy/ptII/ptolemy/actor/lib/test/auto/Dictionary3.xml
----------------- Instantiating /home/travis/build/icyphy/ptII/ptolemy/actor/lib/test/auto/Dictionary3.xml
2 ms. Memory: 880128K Free: 441276K (50%)
----------------- Invoking toplevel() on ptolemy.moml.MoMLSimpleApplication@3ef2d672
----------------- Done invoking toplevel() on ptolemy.moml.MoMLSimpleApplication@3ef2d672
reloadAllAccessors: .Dictionary3

===========================================================================================
----------------- testing Wed Feb 27 22:00:14 UTC 2019 /home/travis/build/icyphy/ptII/ptolemy/actor/lib/test/auto/Dictionary4.xml
----------------- Instantiating /home/travis/build/icyphy/ptII/ptolemy/actor/lib/test/auto/Dictionary4.xml
3 ms. Memory: 880128K Free: 418542K (48%)
----------------- Invoking toplevel() on ptolemy.moml.MoMLSimpleApplication@3cf38b2b
----------------- Done invoking toplevel() on ptolemy.moml.MoMLSimpleApplication@3cf38b2b
reloadAllAccessors: .Dictionary4

===========================================================================================
----------------- testing Wed Feb 27 22:00:14 UTC 2019 /home/travis/build/icyphy/ptII/ptolemy/actor/lib/test/auto/Differential.xml
----------------- Instantiating /home/travis/build/icyphy/ptII/ptolemy/actor/lib/test/auto/Differential.xml
1 ms. Memory: 880128K Free: 402977K (46%)
----------------- Invoking toplevel() on ptolemy.moml.MoMLSimpleApplication@3a7237ca
----------------- Done invoking toplevel() on ptolemy.moml.MoMLSimpleApplication@3a7237ca
reloadAllAccessors: .Differential

===========================================================================================
----------------- testing Wed Feb 27 22:00:14 UTC 2019 /home/travis/build/icyphy/ptII/ptolemy/actor/lib/test/auto/Director.xml
----------------- Instantiating /home/travis/build/icyphy/ptII/ptolemy/actor/lib/test/auto/Director.xml
2 ms. Memory: 880128K Free: 387412K (44%)
----------------- Invoking toplevel() on ptolemy.moml.MoMLSimpleApplication@31075dc2
----------------- Done invoking toplevel() on ptolemy.moml.MoMLSimpleApplication@31075dc2
reloadAllAccessors: .Director

===========================================================================================
----------------- testing Wed Feb 27 22:00:14 UTC 2019 /home/travis/build/icyphy/ptII/ptolemy/actor/lib/test/auto/DiscreteClock.xml
----------------- Instantiating /home/travis/build/icyphy/ptII/ptolemy/actor/lib/test/auto/DiscreteClock.xml
2 ms. Memory: 880128K Free: 364679K (41%)
----------------- Invoking toplevel() on ptolemy.moml.MoMLSimpleApplication@26e91a47
----------------- Done invoking toplevel() on ptolemy.moml.MoMLSimpleApplication@26e91a47
reloadAllAccessors: .DiscreteClock

===========================================================================================
----------------- testing Wed Feb 27 22:00:14 UTC 2019 /home/travis/build/icyphy/ptII/ptolemy/actor/lib/test/auto/DiscreteClock10.xml
----------------- Instantiating /home/travis/build/icyphy/ptII/ptolemy/actor/lib/test/auto/DiscreteClock10.xml
1 ms. Memory: 880128K Free: 349114K (40%)
----------------- Invoking toplevel() on ptolemy.moml.MoMLSimpleApplication@517fb2b9
----------------- Done invoking toplevel() on ptolemy.moml.MoMLSimpleApplication@517fb2b9
reloadAllAccessors: .DiscreteClock10

===========================================================================================
----------------- testing Wed Feb 27 22:00:14 UTC 2019 /home/travis/build/icyphy/ptII/ptolemy/actor/lib/test/auto/DiscreteClock11.xml
----------------- Instantiating /home/travis/build/icyphy/ptII/ptolemy/actor/lib/test/auto/DiscreteClock11.xml
2 ms. Memory: 880128K Free: 333549K (38%)
----------------- Invoking toplevel() on ptolemy.moml.MoMLSimpleApplication@32d2ba4a
----------------- Done invoking toplevel() on ptolemy.moml.MoMLSimpleApplication@32d2ba4a
reloadAllAccessors: .DiscreteClock11

===========================================================================================
----------------- testing Wed Feb 27 22:00:14 UTC 2019 /home/travis/build/icyphy/ptII/ptolemy/actor/lib/test/auto/DiscreteClock12.xml
----------------- Instantiating /home/travis/build/icyphy/ptII/ptolemy/actor/lib/test/auto/DiscreteClock12.xml
2 ms. Memory: 880128K Free: 310815K (35%)
----------------- Invoking toplevel() on ptolemy.moml.MoMLSimpleApplication@15b42a12
----------------- Done invoking toplevel() on ptolemy.moml.MoMLSimpleApplication@15b42a12
reloadAllAccessors: .DiscreteClock12

===========================================================================================
----------------- testing Wed Feb 27 22:00:14 UTC 2019 /home/travis/build/icyphy/ptII/ptolemy/actor/lib/test/auto/DiscreteClock13.xml
----------------- Instantiating /home/travis/build/icyphy/ptII/ptolemy/actor/lib/test/auto/DiscreteClock13.xml
7 ms. Memory: 880128K Free: 295250K (34%)
----------------- Invoking toplevel() on ptolemy.moml.MoMLSimpleApplication@560e07d
----------------- Done invoking toplevel() on ptolemy.moml.MoMLSimpleApplication@560e07d
reloadAllAccessors: .DiscreteClock13

===========================================================================================
----------------- testing Wed Feb 27 22:00:14 UTC 2019 /home/travis/build/icyphy/ptII/ptolemy/actor/lib/test/auto/DiscreteClock14.xml
----------------- Instantiating /home/travis/build/icyphy/ptII/ptolemy/actor/lib/test/auto/DiscreteClock14.xml
7 ms. Memory: 880128K Free: 279685K (32%)
----------------- Invoking toplevel() on ptolemy.moml.MoMLSimpleApplication@6549985
----------------- Done invoking toplevel() on ptolemy.moml.MoMLSimpleApplication@6549985
reloadAllAccessors: .DiscreteClock14

===========================================================================================
----------------- testing Wed Feb 27 22:00:14 UTC 2019 /home/travis/build/icyphy/ptII/ptolemy/actor/lib/test/auto/DiscreteClock15.xml
----------------- Instantiating /home/travis/build/icyphy/ptII/ptolemy/actor/lib/test/auto/DiscreteClock15.xml
6 ms. Memory: 880128K Free: 256951K (29%)
----------------- Invoking toplevel() on ptolemy.moml.MoMLSimpleApplication@f74889e
----------------- Done invoking toplevel() on ptolemy.moml.MoMLSimpleApplication@f74889e
reloadAllAccessors: .DiscreteClock15

===========================================================================================
----------------- testing Wed Feb 27 22:00:14 UTC 2019 /home/travis/build/icyphy/ptII/ptolemy/actor/lib/test/auto/DiscreteClock16.xml
----------------- Instantiating /home/travis/build/icyphy/ptII/ptolemy/actor/lib/test/auto/DiscreteClock16.xml
12 ms. Memory: 880128K Free: 233588K (27%)
----------------- Invoking toplevel() on ptolemy.moml.MoMLSimpleApplication@6aa67eec
----------------- Done invoking toplevel() on ptolemy.moml.MoMLSimpleApplication@6aa67eec
reloadAllAccessors: .DiscreteClock16

===========================================================================================
----------------- testing Wed Feb 27 22:00:14 UTC 2019 /home/travis/build/icyphy/ptII/ptolemy/actor/lib/test/auto/DiscreteClock17.xml
----------------- Instantiating /home/travis/build/icyphy/ptII/ptolemy/actor/lib/test/auto/DiscreteClock17.xml
13 ms. Memory: 880128K Free: 210232K (24%)
----------------- Invoking toplevel() on ptolemy.moml.MoMLSimpleApplication@6255292d
----------------- Done invoking toplevel() on ptolemy.moml.MoMLSimpleApplication@6255292d
reloadAllAccessors: .DiscreteClock17

===========================================================================================
----------------- testing Wed Feb 27 22:00:14 UTC 2019 /home/travis/build/icyphy/ptII/ptolemy/actor/lib/test/auto/DiscreteClock18.xml
----------------- Instantiating /home/travis/build/icyphy/ptII/ptolemy/actor/lib/test/auto/DiscreteClock18.xml
12 ms. Memory: 880128K Free: 179716K (20%)
----------------- Invoking toplevel() on ptolemy.moml.MoMLSimpleApplication@284fea65
----------------- Done invoking toplevel() on ptolemy.moml.MoMLSimpleApplication@284fea65
reloadAllAccessors: .DiscreteClock18

===========================================================================================
----------------- testing Wed Feb 27 22:00:14 UTC 2019 /home/travis/build/icyphy/ptII/ptolemy/actor/lib/test/auto/DiscreteClock19.xml
----------------- Instantiating /home/travis/build/icyphy/ptII/ptolemy/actor/lib/test/auto/DiscreteClock19.xml
13 ms. Memory: 880128K Free: 156353K (18%)
----------------- Invoking toplevel() on ptolemy.moml.MoMLSimpleApplication@70dec10b
----------------- Done invoking toplevel() on ptolemy.moml.MoMLSimpleApplication@70dec10b
reloadAllAccessors: .DiscreteClock19

===========================================================================================
----------------- testing Wed Feb 27 22:00:15 UTC 2019 /home/travis/build/icyphy/ptII/ptolemy/actor/lib/test/auto/DiscreteClock2.xml
----------------- Instantiating /home/travis/build/icyphy/ptII/ptolemy/actor/lib/test/auto/DiscreteClock2.xml
5 ms. Memory: 880128K Free: 140788K (16%)
----------------- Invoking toplevel() on ptolemy.moml.MoMLSimpleApplication@360e5013
----------------- Done invoking toplevel() on ptolemy.moml.MoMLSimpleApplication@360e5013
reloadAllAccessors: .DiscreteClock2

===========================================================================================
----------------- testing Wed Feb 27 22:00:15 UTC 2019 /home/travis/build/icyphy/ptII/ptolemy/actor/lib/test/auto/DiscreteClock20.xml
----------------- Instantiating /home/travis/build/icyphy/ptII/ptolemy/actor/lib/test/auto/DiscreteClock20.xml
7 ms. Memory: 880128K Free: 125223K (14%)
----------------- Invoking toplevel() on ptolemy.moml.MoMLSimpleApplication@5caacefc
----------------- Done invoking toplevel() on ptolemy.moml.MoMLSimpleApplication@5caacefc
reloadAllAccessors: .DiscreteClock20

===========================================================================================
----------------- testing Wed Feb 27 22:00:15 UTC 2019 /home/travis/build/icyphy/ptII/ptolemy/actor/lib/test/auto/DiscreteClock21.xml
----------------- Instantiating /home/travis/build/icyphy/ptII/ptolemy/actor/lib/test/auto/DiscreteClock21.xml
6 ms. Memory: 880128K Free: 102489K (12%)
----------------- Invoking toplevel() on ptolemy.moml.MoMLSimpleApplication@2bdc9516
----------------- Done invoking toplevel() on ptolemy.moml.MoMLSimpleApplication@2bdc9516
reloadAllAccessors: .DiscreteClock21

===========================================================================================
----------------- testing Wed Feb 27 22:00:15 UTC 2019 /home/travis/build/icyphy/ptII/ptolemy/actor/lib/test/auto/DiscreteClock22.xml
----------------- Instantiating /home/travis/build/icyphy/ptII/ptolemy/actor/lib/test/auto/DiscreteClock22.xml
2 ms. Memory: 880128K Free: 86924K (10%)
----------------- Invoking toplevel() on ptolemy.moml.MoMLSimpleApplication@6812d7b3
----------------- Done invoking toplevel() on ptolemy.moml.MoMLSimpleApplication@6812d7b3
reloadAllAccessors: .DiscreteClock22

===========================================================================================
----------------- testing Wed Feb 27 22:00:15 UTC 2019 /home/travis/build/icyphy/ptII/ptolemy/actor/lib/test/auto/DiscreteClock23.xml
----------------- Instantiating /home/travis/build/icyphy/ptII/ptolemy/actor/lib/test/auto/DiscreteClock23.xml
11 ms. Memory: 880128K Free: 71359K (8%)
----------------- Invoking toplevel() on ptolemy.moml.MoMLSimpleApplication@34744944
----------------- Done invoking toplevel() on ptolemy.moml.MoMLSimpleApplication@34744944
reloadAllAccessors: .DiscreteClock23

===========================================================================================
----------------- testing Wed Feb 27 22:00:15 UTC 2019 /home/travis/build/icyphy/ptII/ptolemy/actor/lib/test/auto/DiscreteClock24.xml
----------------- Instantiating /home/travis/build/icyphy/ptII/ptolemy/actor/lib/test/auto/DiscreteClock24.xml
2 ms. Memory: 1347584K Free: 1284275K (95%)
----------------- Invoking toplevel() on ptolemy.moml.MoMLSimpleApplication@17bd2c8c
----------------- Done invoking toplevel() on ptolemy.moml.MoMLSimpleApplication@17bd2c8c
reloadAllAccessors: .DiscreteClock24

===========================================================================================
----------------- testing Wed Feb 27 22:00:15 UTC 2019 /home/travis/build/icyphy/ptII/ptolemy/actor/lib/test/auto/DiscreteClock4.xml
----------------- Instantiating /home/travis/build/icyphy/ptII/ptolemy/actor/lib/test/auto/DiscreteClock4.xml
3 ms. Memory: 1347584K Free: 1259210K (93%)
----------------- Invoking toplevel() on ptolemy.moml.MoMLSimpleApplication@78a8f366
----------------- Done invoking toplevel() on ptolemy.moml.MoMLSimpleApplication@78a8f366
reloadAllAccessors: .DiscreteClock4

===========================================================================================
----------------- testing Wed Feb 27 22:00:15 UTC 2019 /home/travis/build/icyphy/ptII/ptolemy/actor/lib/test/auto/DiscreteClock5.xml
----------------- Instantiating /home/travis/build/icyphy/ptII/ptolemy/actor/lib/test/auto/DiscreteClock5.xml
5 ms. Memory: 1347584K Free: 1242607K (92%)
----------------- Invoking toplevel() on ptolemy.moml.MoMLSimpleApplication@4be9d96b
----------------- Done invoking toplevel() on ptolemy.moml.MoMLSimpleApplication@4be9d96b
reloadAllAccessors: .DiscreteClock5

===========================================================================================
----------------- testing Wed Feb 27 22:00:15 UTC 2019 /home/travis/build/icyphy/ptII/ptolemy/actor/lib/test/auto/DiscreteClock6.xml
----------------- Instantiating /home/travis/build/icyphy/ptII/ptolemy/actor/lib/test/auto/DiscreteClock6.xml
1 ms. Memory: 1347584K Free: 1226005K (91%)
----------------- Invoking toplevel() on ptolemy.moml.MoMLSimpleApplication@50a01e26
----------------- Done invoking toplevel() on ptolemy.moml.MoMLSimpleApplication@50a01e26
reloadAllAccessors: .DiscreteClock6

===========================================================================================
----------------- testing Wed Feb 27 22:00:15 UTC 2019 /home/travis/build/icyphy/ptII/ptolemy/actor/lib/test/auto/DiscreteClock7.xml
----------------- Instantiating /home/travis/build/icyphy/ptII/ptolemy/actor/lib/test/auto/DiscreteClock7.xml
2 ms. Memory: 1347584K Free: 1200939K (89%)
----------------- Invoking toplevel() on ptolemy.moml.MoMLSimpleApplication@67632ba
----------------- Done invoking toplevel() on ptolemy.moml.MoMLSimpleApplication@67632ba
reloadAllAccessors: .DiscreteClock7

===========================================================================================
----------------- testing Wed Feb 27 22:00:15 UTC 2019 /home/travis/build/icyphy/ptII/ptolemy/actor/lib/test/auto/DiscreteClock8.xml
----------------- Instantiating /home/travis/build/icyphy/ptII/ptolemy/actor/lib/test/auto/DiscreteClock8.xml
2 ms. Memory: 1347584K Free: 1184337K (88%)
----------------- Invoking toplevel() on ptolemy.moml.MoMLSimpleApplication@4e3905c5
----------------- Done invoking toplevel() on ptolemy.moml.MoMLSimpleApplication@4e3905c5
reloadAllAccessors: .DiscreteClock8

===========================================================================================
----------------- testing Wed Feb 27 22:00:15 UTC 2019 /home/travis/build/icyphy/ptII/ptolemy/actor/lib/test/auto/DiscreteClock9.xml
----------------- Instantiating /home/travis/build/icyphy/ptII/ptolemy/actor/lib/test/auto/DiscreteClock9.xml
6 ms. Memory: 1347584K Free: 1167734K (87%)
----------------- Invoking toplevel() on ptolemy.moml.MoMLSimpleApplication@40ed928e
----------------- Done invoking toplevel() on ptolemy.moml.MoMLSimpleApplication@40ed928e
reloadAllAccessors: .DiscreteClock9

===========================================================================================
----------------- testing Wed Feb 27 22:00:15 UTC 2019 /home/travis/build/icyphy/ptII/ptolemy/actor/lib/test/auto/DisplayArray.xml
----------------- Instantiating /home/travis/build/icyphy/ptII/ptolemy/actor/lib/test/auto/DisplayArray.xml
1 ms. Memory: 1347584K Free: 1151022K (85%)
----------------- Invoking toplevel() on ptolemy.moml.MoMLSimpleApplication@4e2198d3
----------------- Done invoking toplevel() on ptolemy.moml.MoMLSimpleApplication@4e2198d3
reloadAllAccessors: .DisplayArray

===========================================================================================
----------------- testing Wed Feb 27 22:00:15 UTC 2019 /home/travis/build/icyphy/ptII/ptolemy/actor/lib/test/auto/Distributor.xml
----------------- Instantiating /home/travis/build/icyphy/ptII/ptolemy/actor/lib/test/auto/Distributor.xml
1 ms. Memory: 1347584K Free: 1125957K (84%)
----------------- Invoking toplevel() on ptolemy.moml.MoMLSimpleApplication@6dd8508a
----------------- Done invoking toplevel() on ptolemy.moml.MoMLSimpleApplication@6dd8508a
reloadAllAccessors: .Distributor

===========================================================================================
----------------- testing Wed Feb 27 22:00:15 UTC 2019 /home/travis/build/icyphy/ptII/ptolemy/actor/lib/test/auto/Distributor2.xml
----------------- Instantiating /home/travis/build/icyphy/ptII/ptolemy/actor/lib/test/auto/Distributor2.xml
1 ms. Memory: 1347584K Free: 1109355K (82%)
----------------- Invoking toplevel() on ptolemy.moml.MoMLSimpleApplication@38126e85
----------------- Done invoking toplevel() on ptolemy.moml.MoMLSimpleApplication@38126e85
reloadAllAccessors: .Distributor2

===========================================================================================
----------------- testing Wed Feb 27 22:00:15 UTC 2019 /home/travis/build/icyphy/ptII/ptolemy/actor/lib/test/auto/DownSample.xml
----------------- Instantiating /home/travis/build/icyphy/ptII/ptolemy/actor/lib/test/auto/DownSample.xml
2 ms. Memory: 1347584K Free: 1092752K (81%)
----------------- Invoking toplevel() on ptolemy.moml.MoMLSimpleApplication@35b471b0
----------------- Done invoking toplevel() on ptolemy.moml.MoMLSimpleApplication@35b471b0
reloadAllAccessors: .DownSample

===========================================================================================
----------------- testing Wed Feb 27 22:00:15 UTC 2019 /home/travis/build/icyphy/ptII/ptolemy/actor/lib/test/auto/ElectronicUnitBase1.xml
----------------- Instantiating /home/travis/build/icyphy/ptII/ptolemy/actor/lib/test/auto/ElectronicUnitBase1.xml
20 ms. Memory: 1347584K Free: 1059370K (79%)
----------------- Invoking toplevel() on ptolemy.moml.MoMLSimpleApplication@4e4a8fe3
----------------- Done invoking toplevel() on ptolemy.moml.MoMLSimpleApplication@4e4a8fe3
reloadAllAccessors: .ElectronicUnitBase1

===========================================================================================
----------------- testing Wed Feb 27 22:00:15 UTC 2019 /home/travis/build/icyphy/ptII/ptolemy/actor/lib/test/auto/ElementsToArray.xml
----------------- Instantiating /home/travis/build/icyphy/ptII/ptolemy/actor/lib/test/auto/ElementsToArray.xml
3 ms. Memory: 1347584K Free: 1042767K (77%)
----------------- Invoking toplevel() on ptolemy.moml.MoMLSimpleApplication@578ded8a
----------------- Done invoking toplevel() on ptolemy.moml.MoMLSimpleApplication@578ded8a
reloadAllAccessors: .ElementsToArray

===========================================================================================
----------------- testing Wed Feb 27 22:00:15 UTC 2019 /home/travis/build/icyphy/ptII/ptolemy/actor/lib/test/auto/Equals.xml
----------------- Instantiating /home/travis/build/icyphy/ptII/ptolemy/actor/lib/test/auto/Equals.xml
2 ms. Memory: 1347584K Free: 1026165K (76%)
----------------- Invoking toplevel() on ptolemy.moml.MoMLSimpleApplication@cbdb0bd
----------------- Done invoking toplevel() on ptolemy.moml.MoMLSimpleApplication@cbdb0bd
reloadAllAccessors: .Equals

===========================================================================================
----------------- testing Wed Feb 27 22:00:15 UTC 2019 /home/travis/build/icyphy/ptII/ptolemy/actor/lib/test/auto/Exec.xml
----------------- Instantiating /home/travis/build/icyphy/ptII/ptolemy/actor/lib/test/auto/Exec.xml
13 ms. Memory: 1363968K Free: 1281165K (94%)
----------------- Invoking toplevel() on ptolemy.moml.MoMLSimpleApplication@203bc39e
----------------- Done invoking toplevel() on ptolemy.moml.MoMLSimpleApplication@203bc39e
reloadAllAccessors: .Exec

===========================================================================================
----------------- testing Wed Feb 27 22:00:15 UTC 2019 /home/travis/build/icyphy/ptII/ptolemy/actor/lib/test/auto/ExecEnvironment.xml
----------------- Instantiating /home/travis/build/icyphy/ptII/ptolemy/actor/lib/test/auto/ExecEnvironment.xml
21 ms. Memory: 1363968K Free: 1231196K (90%)
----------------- Invoking toplevel() on ptolemy.moml.MoMLSimpleApplication@37b6a3c7
----------------- Done invoking toplevel() on ptolemy.moml.MoMLSimpleApplication@37b6a3c7
reloadAllAccessors: .ExecEnvironment

===========================================================================================
----------------- testing Wed Feb 27 22:00:15 UTC 2019 /home/travis/build/icyphy/ptII/ptolemy/actor/lib/test/auto/ExecNonZeroReturnOutput.xml
----------------- Instantiating /home/travis/build/icyphy/ptII/ptolemy/actor/lib/test/auto/ExecNonZeroReturnOutput.xml
121 ms. Memory: 1363968K Free: 1106677K (81%)
----------------- Invoking toplevel() on ptolemy.moml.MoMLSimpleApplication@6445f037
----------------- Done invoking toplevel() on ptolemy.moml.MoMLSimpleApplication@6445f037
reloadAllAccessors: .ExecNonZeroReturnOutput

===========================================================================================
----------------- testing Wed Feb 27 22:00:16 UTC 2019 /home/travis/build/icyphy/ptII/ptolemy/actor/lib/test/auto/ExecRunDemos.xml
----------------- Instantiating /home/travis/build/icyphy/ptII/ptolemy/actor/lib/test/auto/ExecRunDemos.xml
Finished: 87 ms. Memory: 116224K Free: 100672K (87%)

Finished: 77 ms. Memory: 116224K Free: 97676K (84%)

Finished: 46 ms. Memory: 116224K Free: 98219K (85%)

Finished: 36 ms. Memory: 116224K Free: 99544K (86%)

Finished: 47 ms. Memory: 116224K Free: 100657K (87%)

9681 ms. Memory: 1363968K Free: 998649K (73%)
----------------- Invoking toplevel() on ptolemy.moml.MoMLSimpleApplication@688ed5c1
----------------- Done invoking toplevel() on ptolemy.moml.MoMLSimpleApplication@688ed5c1
reloadAllAccessors: .ExecRunDemos

===========================================================================================
----------------- testing Wed Feb 27 22:00:25 UTC 2019 /home/travis/build/icyphy/ptII/ptolemy/actor/lib/test/auto/ExecStop.xml
----------------- Instantiating /home/travis/build/icyphy/ptII/ptolemy/actor/lib/test/auto/ExecStop.xml
5009 ms. Memory: 1363968K Free: 766052K (56%)
----------------- Invoking toplevel() on ptolemy.moml.MoMLSimpleApplication@4aee6fdd
----------------- Done invoking toplevel() on ptolemy.moml.MoMLSimpleApplication@4aee6fdd
reloadAllAccessors: .ExecStop

===========================================================================================
----------------- testing Wed Feb 27 22:00:30 UTC 2019 /home/travis/build/icyphy/ptII/ptolemy/actor/lib/test/auto/ExecutionTimeSDF.xml
----------------- Instantiating /home/travis/build/icyphy/ptII/ptolemy/actor/lib/test/auto/ExecutionTimeSDF.xml
Fired ExecutionTime: 1468000000
Fired ExecutionTime: 944800000
Fired ExecutionTime: -795767296
6007 ms. Memory: 1363968K Free: 741132K (54%)
----------------- Invoking toplevel() on ptolemy.moml.MoMLSimpleApplication@44f80e1
----------------- Done invoking toplevel() on ptolemy.moml.MoMLSimpleApplication@44f80e1
reloadAllAccessors: .ExecutionTimeSDF

===========================================================================================
----------------- testing Wed Feb 27 22:00:36 UTC 2019 /home/travis/build/icyphy/ptII/ptolemy/actor/lib/test/auto/Expression1.xml
----------------- Instantiating /home/travis/build/icyphy/ptII/ptolemy/actor/lib/test/auto/Expression1.xml
1 ms. Memory: 1363968K Free: 724530K (53%)
----------------- Invoking toplevel() on ptolemy.moml.MoMLSimpleApplication@54d6d62c
----------------- Done invoking toplevel() on ptolemy.moml.MoMLSimpleApplication@54d6d62c
reloadAllAccessors: .Expression1

===========================================================================================
----------------- testing Wed Feb 27 22:00:36 UTC 2019 /home/travis/build/icyphy/ptII/ptolemy/actor/lib/test/auto/Expression10.xml
----------------- Instantiating /home/travis/build/icyphy/ptII/ptolemy/actor/lib/test/auto/Expression10.xml
6 ms. Memory: 1363968K Free: 707927K (52%)
----------------- Invoking toplevel() on ptolemy.moml.MoMLSimpleApplication@12c4ad79
----------------- Done invoking toplevel() on ptolemy.moml.MoMLSimpleApplication@12c4ad79
reloadAllAccessors: .Expression10

===========================================================================================
----------------- testing Wed Feb 27 22:00:36 UTC 2019 /home/travis/build/icyphy/ptII/ptolemy/actor/lib/test/auto/Expression11.xml
----------------- Instantiating /home/travis/build/icyphy/ptII/ptolemy/actor/lib/test/auto/Expression11.xml
3 ms. Memory: 1363968K Free: 682862K (50%)
----------------- Invoking toplevel() on ptolemy.moml.MoMLSimpleApplication@17686e07
----------------- Done invoking toplevel() on ptolemy.moml.MoMLSimpleApplication@17686e07
reloadAllAccessors: .Expression11

===========================================================================================
----------------- testing Wed Feb 27 22:00:36 UTC 2019 /home/travis/build/icyphy/ptII/ptolemy/actor/lib/test/auto/Expression12.xml
----------------- Instantiating /home/travis/build/icyphy/ptII/ptolemy/actor/lib/test/auto/Expression12.xml
3 ms. Memory: 1363968K Free: 666260K (49%)
----------------- Invoking toplevel() on ptolemy.moml.MoMLSimpleApplication@160f4818
----------------- Done invoking toplevel() on ptolemy.moml.MoMLSimpleApplication@160f4818
reloadAllAccessors: .Expression12

===========================================================================================
----------------- testing Wed Feb 27 22:00:36 UTC 2019 /home/travis/build/icyphy/ptII/ptolemy/actor/lib/test/auto/Expression13.xml
----------------- Instantiating /home/travis/build/icyphy/ptII/ptolemy/actor/lib/test/auto/Expression13.xml
3 ms. Memory: 1363968K Free: 649657K (48%)
----------------- Invoking toplevel() on ptolemy.moml.MoMLSimpleApplication@3d7d775a
----------------- Done invoking toplevel() on ptolemy.moml.MoMLSimpleApplication@3d7d775a
reloadAllAccessors: .Expression13

===========================================================================================
----------------- testing Wed Feb 27 22:00:36 UTC 2019 /home/travis/build/icyphy/ptII/ptolemy/actor/lib/test/auto/Expression14.xml
----------------- Instantiating /home/travis/build/icyphy/ptII/ptolemy/actor/lib/test/auto/Expression14.xml
7 ms. Memory: 1363968K Free: 633055K (46%)
----------------- Invoking toplevel() on ptolemy.moml.MoMLSimpleApplication@599d27b
----------------- Done invoking toplevel() on ptolemy.moml.MoMLSimpleApplication@599d27b
reloadAllAccessors: .Expression14

===========================================================================================
----------------- testing Wed Feb 27 22:00:37 UTC 2019 /home/travis/build/icyphy/ptII/ptolemy/actor/lib/test/auto/Expression15.xml
----------------- Instantiating /home/travis/build/icyphy/ptII/ptolemy/actor/lib/test/auto/Expression15.xml
1 ms. Memory: 1363968K Free: 607989K (45%)
----------------- Invoking toplevel() on ptolemy.moml.MoMLSimpleApplication@5a58586f
----------------- Done invoking toplevel() on ptolemy.moml.MoMLSimpleApplication@5a58586f
reloadAllAccessors: .Expression15

===========================================================================================
----------------- testing Wed Feb 27 22:00:37 UTC 2019 /home/travis/build/icyphy/ptII/ptolemy/actor/lib/test/auto/Expression16.xml
----------------- Instantiating /home/travis/build/icyphy/ptII/ptolemy/actor/lib/test/auto/Expression16.xml
3 ms. Memory: 1363968K Free: 591387K (43%)
----------------- Invoking toplevel() on ptolemy.moml.MoMLSimpleApplication@ebcd23c
----------------- Done invoking toplevel() on ptolemy.moml.MoMLSimpleApplication@ebcd23c
reloadAllAccessors: .Expression16

===========================================================================================
----------------- testing Wed Feb 27 22:00:37 UTC 2019 /home/travis/build/icyphy/ptII/ptolemy/actor/lib/test/auto/Expression17.xml
----------------- Instantiating /home/travis/build/icyphy/ptII/ptolemy/actor/lib/test/auto/Expression17.xml
4 ms. Memory: 1363968K Free: 574784K (42%)
----------------- Invoking toplevel() on ptolemy.moml.MoMLSimpleApplication@44d2d2fc
----------------- Done invoking toplevel() on ptolemy.moml.MoMLSimpleApplication@44d2d2fc
reloadAllAccessors: .Expression17

===========================================================================================
----------------- testing Wed Feb 27 22:00:37 UTC 2019 /home/travis/build/icyphy/ptII/ptolemy/actor/lib/test/auto/Expression18.xml
----------------- Instantiating /home/travis/build/icyphy/ptII/ptolemy/actor/lib/test/auto/Expression18.xml
3 ms. Memory: 1363968K Free: 549719K (40%)
----------------- Invoking toplevel() on ptolemy.moml.MoMLSimpleApplication@343ad9f2
----------------- Done invoking toplevel() on ptolemy.moml.MoMLSimpleApplication@343ad9f2
reloadAllAccessors: .Expression18

===========================================================================================
----------------- testing Wed Feb 27 22:00:37 UTC 2019 /home/travis/build/icyphy/ptII/ptolemy/actor/lib/test/auto/Expression2.xml
----------------- Instantiating /home/travis/build/icyphy/ptII/ptolemy/actor/lib/test/auto/Expression2.xml
3 ms. Memory: 1363968K Free: 533117K (39%)
----------------- Invoking toplevel() on ptolemy.moml.MoMLSimpleApplication@3eda7599
----------------- Done invoking toplevel() on ptolemy.moml.MoMLSimpleApplication@3eda7599
reloadAllAccessors: .Expression2

===========================================================================================
----------------- testing Wed Feb 27 22:00:37 UTC 2019 /home/travis/build/icyphy/ptII/ptolemy/actor/lib/test/auto/Expression3.xml
----------------- Instantiating /home/travis/build/icyphy/ptII/ptolemy/actor/lib/test/auto/Expression3.xml
4 ms. Memory: 1363968K Free: 516514K (38%)
----------------- Invoking toplevel() on ptolemy.moml.MoMLSimpleApplication@4fae5d4c
----------------- Done invoking toplevel() on ptolemy.moml.MoMLSimpleApplication@4fae5d4c
reloadAllAccessors: .Expression3

===========================================================================================
----------------- testing Wed Feb 27 22:00:37 UTC 2019 /home/travis/build/icyphy/ptII/ptolemy/actor/lib/test/auto/Expression4.xml
----------------- Instantiating /home/travis/build/icyphy/ptII/ptolemy/actor/lib/test/auto/Expression4.xml
5 ms. Memory: 1363968K Free: 499912K (37%)
----------------- Invoking toplevel() on ptolemy.moml.MoMLSimpleApplication@381a860b
----------------- Done invoking toplevel() on ptolemy.moml.MoMLSimpleApplication@381a860b
reloadAllAccessors: .Expression4

===========================================================================================
----------------- testing Wed Feb 27 22:00:37 UTC 2019 /home/travis/build/icyphy/ptII/ptolemy/actor/lib/test/auto/Expression5.xml
----------------- Instantiating /home/travis/build/icyphy/ptII/ptolemy/actor/lib/test/auto/Expression5.xml
7 ms. Memory: 1363968K Free: 474846K (35%)
----------------- Invoking toplevel() on ptolemy.moml.MoMLSimpleApplication@7597b8c0
----------------- Done invoking toplevel() on ptolemy.moml.MoMLSimpleApplication@7597b8c0
reloadAllAccessors: .Expression5

===========================================================================================
----------------- testing Wed Feb 27 22:00:37 UTC 2019 /home/travis/build/icyphy/ptII/ptolemy/actor/lib/test/auto/Expression6.xml
----------------- Instantiating /home/travis/build/icyphy/ptII/ptolemy/actor/lib/test/auto/Expression6.xml
3 ms. Memory: 1363968K Free: 458244K (34%)
----------------- Invoking toplevel() on ptolemy.moml.MoMLSimpleApplication@1e247535
----------------- Done invoking toplevel() on ptolemy.moml.MoMLSimpleApplication@1e247535
reloadAllAccessors: .Expression6

===========================================================================================
----------------- testing Wed Feb 27 22:00:37 UTC 2019 /home/travis/build/icyphy/ptII/ptolemy/actor/lib/test/auto/Expression7.xml
----------------- Instantiating /home/travis/build/icyphy/ptII/ptolemy/actor/lib/test/auto/Expression7.xml
3 ms. Memory: 1363968K Free: 441641K (32%)
----------------- Invoking toplevel() on ptolemy.moml.MoMLSimpleApplication@77d8456c
----------------- Done invoking toplevel() on ptolemy.moml.MoMLSimpleApplication@77d8456c
reloadAllAccessors: .Expression7

===========================================================================================
----------------- testing Wed Feb 27 22:00:37 UTC 2019 /home/travis/build/icyphy/ptII/ptolemy/actor/lib/test/auto/Expression8.xml
----------------- Instantiating /home/travis/build/icyphy/ptII/ptolemy/actor/lib/test/auto/Expression8.xml
8 ms. Memory: 1363968K Free: 425039K (31%)
----------------- Invoking toplevel() on ptolemy.moml.MoMLSimpleApplication@c3c87cb
----------------- Done invoking toplevel() on ptolemy.moml.MoMLSimpleApplication@c3c87cb
reloadAllAccessors: .Expression8

===========================================================================================
----------------- testing Wed Feb 27 22:00:37 UTC 2019 /home/travis/build/icyphy/ptII/ptolemy/actor/lib/test/auto/Expression9.xml
----------------- Instantiating /home/travis/build/icyphy/ptII/ptolemy/actor/lib/test/auto/Expression9.xml
2 ms. Memory: 1363968K Free: 399974K (29%)
----------------- Invoking toplevel() on ptolemy.moml.MoMLSimpleApplication@79f2d582
----------------- Done invoking toplevel() on ptolemy.moml.MoMLSimpleApplication@79f2d582
reloadAllAccessors: .Expression9

===========================================================================================
----------------- testing Wed Feb 27 22:00:37 UTC 2019 /home/travis/build/icyphy/ptII/ptolemy/actor/lib/test/auto/ExpressionConcatenateArrayType.xml
----------------- Instantiating /home/travis/build/icyphy/ptII/ptolemy/actor/lib/test/auto/ExpressionConcatenateArrayType.xml
3 ms. Memory: 1363968K Free: 383371K (28%)
----------------- Invoking toplevel() on ptolemy.moml.MoMLSimpleApplication@6d2e64e4
----------------- Done invoking toplevel() on ptolemy.moml.MoMLSimpleApplication@6d2e64e4
reloadAllAccessors: .ExpressionConcatenateArrayType

===========================================================================================
----------------- testing Wed Feb 27 22:00:37 UTC 2019 /home/travis/build/icyphy/ptII/ptolemy/actor/lib/test/auto/ExpressionConcatenateArrayType2.xml
----------------- Instantiating /home/travis/build/icyphy/ptII/ptolemy/actor/lib/test/auto/ExpressionConcatenateArrayType2.xml
2 ms. Memory: 1363968K Free: 366769K (27%)
----------------- Invoking toplevel() on ptolemy.moml.MoMLSimpleApplication@52d4029b
----------------- Done invoking toplevel() on ptolemy.moml.MoMLSimpleApplication@52d4029b
reloadAllAccessors: .ExpressionConcatenateArrayType2

===========================================================================================
----------------- testing Wed Feb 27 22:00:37 UTC 2019 /home/travis/build/icyphy/ptII/ptolemy/actor/lib/test/auto/ExpressionFix.xml
----------------- Instantiating /home/travis/build/icyphy/ptII/ptolemy/actor/lib/test/auto/ExpressionFix.xml
20 ms. Memory: 1363968K Free: 341704K (25%)
----------------- Invoking toplevel() on ptolemy.moml.MoMLSimpleApplication@4bbfd2bf
----------------- Done invoking toplevel() on ptolemy.moml.MoMLSimpleApplication@4bbfd2bf
reloadAllAccessors: .ExpressionFix

===========================================================================================
----------------- testing Wed Feb 27 22:00:37 UTC 2019 /home/travis/build/icyphy/ptII/ptolemy/actor/lib/test/auto/ExpressionFix2.xml
----------------- Instantiating /home/travis/build/icyphy/ptII/ptolemy/actor/lib/test/auto/ExpressionFix2.xml
5 ms. Memory: 1363968K Free: 325101K (24%)
----------------- Invoking toplevel() on ptolemy.moml.MoMLSimpleApplication@1542912
----------------- Done invoking toplevel() on ptolemy.moml.MoMLSimpleApplication@1542912
reloadAllAccessors: .ExpressionFix2

===========================================================================================
----------------- testing Wed Feb 27 22:00:37 UTC 2019 /home/travis/build/icyphy/ptII/ptolemy/actor/lib/test/auto/ExpressionFix3.xml
----------------- Instantiating /home/travis/build/icyphy/ptII/ptolemy/actor/lib/test/auto/ExpressionFix3.xml
5 ms. Memory: 1363968K Free: 308499K (23%)
----------------- Invoking toplevel() on ptolemy.moml.MoMLSimpleApplication@3377f5a
----------------- Done invoking toplevel() on ptolemy.moml.MoMLSimpleApplication@3377f5a
reloadAllAccessors: .ExpressionFix3

===========================================================================================
----------------- testing Wed Feb 27 22:00:37 UTC 2019 /home/travis/build/icyphy/ptII/ptolemy/actor/lib/test/auto/FileWriter1.xml
----------------- Instantiating /home/travis/build/icyphy/ptII/ptolemy/actor/lib/test/auto/FileWriter1.xml
3 ms. Memory: 1363968K Free: 291896K (21%)
----------------- Invoking toplevel() on ptolemy.moml.MoMLSimpleApplication@181c955f
----------------- Done invoking toplevel() on ptolemy.moml.MoMLSimpleApplication@181c955f
reloadAllAccessors: .FileWriter1

===========================================================================================
----------------- testing Wed Feb 27 22:00:37 UTC 2019 /home/travis/build/icyphy/ptII/ptolemy/actor/lib/test/auto/FileWriter2.xml
----------------- Instantiating /home/travis/build/icyphy/ptII/ptolemy/actor/lib/test/auto/FileWriter2.xml
3 ms. Memory: 1363968K Free: 266831K (20%)
----------------- Invoking toplevel() on ptolemy.moml.MoMLSimpleApplication@12f59750
----------------- Done invoking toplevel() on ptolemy.moml.MoMLSimpleApplication@12f59750
reloadAllAccessors: .FileWriter2

===========================================================================================
----------------- testing Wed Feb 27 22:00:37 UTC 2019 /home/travis/build/icyphy/ptII/ptolemy/actor/lib/test/auto/FileWriter3.xml
----------------- Instantiating /home/travis/build/icyphy/ptII/ptolemy/actor/lib/test/auto/FileWriter3.xml
2 ms. Memory: 1363968K Free: 250228K (18%)
----------------- Invoking toplevel() on ptolemy.moml.MoMLSimpleApplication@29aa56bc
----------------- Done invoking toplevel() on ptolemy.moml.MoMLSimpleApplication@29aa56bc
reloadAllAccessors: .FileWriter3

===========================================================================================
----------------- testing Wed Feb 27 22:00:37 UTC 2019 /home/travis/build/icyphy/ptII/ptolemy/actor/lib/test/auto/Gaussian.xml
----------------- Instantiating /home/travis/build/icyphy/ptII/ptolemy/actor/lib/test/auto/Gaussian.xml
2 ms. Memory: 1363968K Free: 233626K (17%)
----------------- Invoking toplevel() on ptolemy.moml.MoMLSimpleApplication@24d3045
----------------- Done invoking toplevel() on ptolemy.moml.MoMLSimpleApplication@24d3045
reloadAllAccessors: .Gaussian

===========================================================================================
----------------- testing Wed Feb 27 22:00:37 UTC 2019 /home/travis/build/icyphy/ptII/ptolemy/actor/lib/test/auto/Gaussian1.xml
----------------- Instantiating /home/travis/build/icyphy/ptII/ptolemy/actor/lib/test/auto/Gaussian1.xml
2 ms. Memory: 1363968K Free: 217023K (16%)
----------------- Invoking toplevel() on ptolemy.moml.MoMLSimpleApplication@4f8f48e2
----------------- Done invoking toplevel() on ptolemy.moml.MoMLSimpleApplication@4f8f48e2
reloadAllAccessors: .Gaussian1

===========================================================================================
----------------- testing Wed Feb 27 22:00:37 UTC 2019 /home/travis/build/icyphy/ptII/ptolemy/actor/lib/test/auto/Gaussian2.xml
----------------- Instantiating /home/travis/build/icyphy/ptII/ptolemy/actor/lib/test/auto/Gaussian2.xml
2 ms. Memory: 1363968K Free: 191958K (14%)
----------------- Invoking toplevel() on ptolemy.moml.MoMLSimpleApplication@a66141b
----------------- Done invoking toplevel() on ptolemy.moml.MoMLSimpleApplication@a66141b
reloadAllAccessors: .Gaussian2

===========================================================================================
----------------- testing Wed Feb 27 22:00:37 UTC 2019 /home/travis/build/icyphy/ptII/ptolemy/actor/lib/test/auto/GradientAdaptiveLattice.xml
----------------- Instantiating /home/travis/build/icyphy/ptII/ptolemy/actor/lib/test/auto/GradientAdaptiveLattice.xml
8 ms. Memory: 1363968K Free: 175355K (13%)
----------------- Invoking toplevel() on ptolemy.moml.MoMLSimpleApplication@41db18e2
----------------- Done invoking toplevel() on ptolemy.moml.MoMLSimpleApplication@41db18e2
reloadAllAccessors: .GradientAdaptiveLattice

===========================================================================================
----------------- testing Wed Feb 27 22:00:37 UTC 2019 /home/travis/build/icyphy/ptII/ptolemy/actor/lib/test/auto/IIR.xml
----------------- Instantiating /home/travis/build/icyphy/ptII/ptolemy/actor/lib/test/auto/IIR.xml
2 ms. Memory: 1363968K Free: 158753K (12%)
----------------- Invoking toplevel() on ptolemy.moml.MoMLSimpleApplication@4acd543c
----------------- Done invoking toplevel() on ptolemy.moml.MoMLSimpleApplication@4acd543c
reloadAllAccessors: .IIR

===========================================================================================
----------------- testing Wed Feb 27 22:00:37 UTC 2019 /home/travis/build/icyphy/ptII/ptolemy/actor/lib/test/auto/InputOutputTransparentPorts.xml
----------------- Instantiating /home/travis/build/icyphy/ptII/ptolemy/actor/lib/test/auto/InputOutputTransparentPorts.xml
2 ms. Memory: 1363968K Free: 142150K (10%)
----------------- Invoking toplevel() on ptolemy.moml.MoMLSimpleApplication@231ef399
----------------- Done invoking toplevel() on ptolemy.moml.MoMLSimpleApplication@231ef399
reloadAllAccessors: .InputOutputTransparentPorts

===========================================================================================
----------------- testing Wed Feb 27 22:00:37 UTC 2019 /home/travis/build/icyphy/ptII/ptolemy/actor/lib/test/auto/Interpolator.xml
----------------- Instantiating /home/travis/build/icyphy/ptII/ptolemy/actor/lib/test/auto/Interpolator.xml
4 ms. Memory: 1363968K Free: 117085K (9%)
----------------- Invoking toplevel() on ptolemy.moml.MoMLSimpleApplication@46327e4f
----------------- Done invoking toplevel() on ptolemy.moml.MoMLSimpleApplication@46327e4f
reloadAllAccessors: .Interpolator

===========================================================================================
----------------- testing Wed Feb 27 22:00:37 UTC 2019 /home/travis/build/icyphy/ptII/ptolemy/actor/lib/test/auto/InterpolatorFiringLimitDE.xml
----------------- Instantiating /home/travis/build/icyphy/ptII/ptolemy/actor/lib/test/auto/InterpolatorFiringLimitDE.xml
3 ms. Memory: 1363968K Free: 100482K (7%)
----------------- Invoking toplevel() on ptolemy.moml.MoMLSimpleApplication@f50f983
----------------- Done invoking toplevel() on ptolemy.moml.MoMLSimpleApplication@f50f983
reloadAllAccessors: .InterpolatorFiringLimitDE

===========================================================================================
----------------- testing Wed Feb 27 22:00:37 UTC 2019 /home/travis/build/icyphy/ptII/ptolemy/actor/lib/test/auto/Lattice.xml
----------------- Instantiating /home/travis/build/icyphy/ptII/ptolemy/actor/lib/test/auto/Lattice.xml
1 ms. Memory: 1363968K Free: 83880K (6%)
----------------- Invoking toplevel() on ptolemy.moml.MoMLSimpleApplication@2baccceb
----------------- Done invoking toplevel() on ptolemy.moml.MoMLSimpleApplication@2baccceb
reloadAllAccessors: .Lattice

===========================================================================================
----------------- testing Wed Feb 27 22:00:37 UTC 2019 /home/travis/build/icyphy/ptII/ptolemy/actor/lib/test/auto/LazyAOCTestLazy.xml
----------------- Instantiating /home/travis/build/icyphy/ptII/ptolemy/actor/lib/test/auto/LazyAOCTestLazy.xml
15 ms. Memory: 1587712K Free: 1529868K (96%)
----------------- Invoking toplevel() on ptolemy.moml.MoMLSimpleApplication@40cf054b
----------------- Done invoking toplevel() on ptolemy.moml.MoMLSimpleApplication@40cf054b
reloadAllAccessors: .LazyAOCTestLazy

===========================================================================================
----------------- testing Wed Feb 27 22:00:37 UTC 2019 /home/travis/build/icyphy/ptII/ptolemy/actor/lib/test/auto/LazyAOCTestNonLazy.xml
----------------- Instantiating /home/travis/build/icyphy/ptII/ptolemy/actor/lib/test/auto/LazyAOCTestNonLazy.xml
10 ms. Memory: 1587712K Free: 1502579K (95%)
----------------- Invoking toplevel() on ptolemy.moml.MoMLSimpleApplication@6524273a
----------------- Done invoking toplevel() on ptolemy.moml.MoMLSimpleApplication@6524273a
reloadAllAccessors: .LazyAOCTestNonLazy

===========================================================================================
----------------- testing Wed Feb 27 22:00:37 UTC 2019 /home/travis/build/icyphy/ptII/ptolemy/actor/lib/test/auto/LazyInnerClass.xml
----------------- Instantiating /home/travis/build/icyphy/ptII/ptolemy/actor/lib/test/auto/LazyInnerClass.xml
10 ms. Memory: 1587712K Free: 1482720K (93%)
----------------- Invoking toplevel() on ptolemy.moml.MoMLSimpleApplication@20e62489
----------------- Done invoking toplevel() on ptolemy.moml.MoMLSimpleApplication@20e62489
reloadAllAccessors: .LazyInnerClass

===========================================================================================
----------------- testing Wed Feb 27 22:00:37 UTC 2019 /home/travis/build/icyphy/ptII/ptolemy/actor/lib/test/auto/LazyPubSub.xml
----------------- Instantiating /home/travis/build/icyphy/ptII/ptolemy/actor/lib/test/auto/LazyPubSub.xml
19 ms. Memory: 1587712K Free: 1462861K (92%)
----------------- Invoking toplevel() on ptolemy.moml.MoMLSimpleApplication@77ee1e2c
----------------- Done invoking toplevel() on ptolemy.moml.MoMLSimpleApplication@77ee1e2c
reloadAllAccessors: .LazyPubSub

===========================================================================================
----------------- testing Wed Feb 27 22:00:37 UTC 2019 /home/travis/build/icyphy/ptII/ptolemy/actor/lib/test/auto/LazyPubSub2.xml
----------------- Instantiating /home/travis/build/icyphy/ptII/ptolemy/actor/lib/test/auto/LazyPubSub2.xml
20 ms. Memory: 1587712K Free: 1435487K (90%)
----------------- Invoking toplevel() on ptolemy.moml.MoMLSimpleApplication@2b954b2f
----------------- Done invoking toplevel() on ptolemy.moml.MoMLSimpleApplication@2b954b2f
reloadAllAccessors: .LazyPubSub2

===========================================================================================
----------------- testing Wed Feb 27 22:00:37 UTC 2019 /home/travis/build/icyphy/ptII/ptolemy/actor/lib/test/auto/LazyPubSub3.xml
----------------- Instantiating /home/travis/build/icyphy/ptII/ptolemy/actor/lib/test/auto/LazyPubSub3.xml
9 ms. Memory: 1587712K Free: 1415628K (89%)
----------------- Invoking toplevel() on ptolemy.moml.MoMLSimpleApplication@358be57b
----------------- Done invoking toplevel() on ptolemy.moml.MoMLSimpleApplication@358be57b
reloadAllAccessors: .LazyPubSub3

===========================================================================================
----------------- testing Wed Feb 27 22:00:37 UTC 2019 /home/travis/build/icyphy/ptII/ptolemy/actor/lib/test/auto/LazySubClassModel.xml
----------------- Instantiating /home/travis/build/icyphy/ptII/ptolemy/actor/lib/test/auto/LazySubClassModel.xml
1 ms. Memory: 1587712K Free: 1395770K (88%)
----------------- Invoking toplevel() on ptolemy.moml.MoMLSimpleApplication@7035b424
----------------- Done invoking toplevel() on ptolemy.moml.MoMLSimpleApplication@7035b424
reloadAllAccessors: .LazySubClassModel

===========================================================================================
----------------- testing Wed Feb 27 22:00:37 UTC 2019 /home/travis/build/icyphy/ptII/ptolemy/actor/lib/test/auto/LevelCrossTest1.xml
----------------- Instantiating /home/travis/build/icyphy/ptII/ptolemy/actor/lib/test/auto/LevelCrossTest1.xml
1 ms. Memory: 1587712K Free: 1368481K (86%)
----------------- Invoking toplevel() on ptolemy.moml.MoMLSimpleApplication@5713e41d
----------------- Done invoking toplevel() on ptolemy.moml.MoMLSimpleApplication@5713e41d
reloadAllAccessors: .broken

===========================================================================================
----------------- testing Wed Feb 27 22:00:37 UTC 2019 /home/travis/build/icyphy/ptII/ptolemy/actor/lib/test/auto/LevelCrossTest10.xml
----------------- Instantiating /home/travis/build/icyphy/ptII/ptolemy/actor/lib/test/auto/LevelCrossTest10.xml
1 ms. Memory: 1587712K Free: 1348622K (85%)
----------------- Invoking toplevel() on ptolemy.moml.MoMLSimpleApplication@76d79117
----------------- Done invoking toplevel() on ptolemy.moml.MoMLSimpleApplication@76d79117
reloadAllAccessors: .LevelCrossTest10

===========================================================================================
----------------- testing Wed Feb 27 22:00:37 UTC 2019 /home/travis/build/icyphy/ptII/ptolemy/actor/lib/test/auto/LevelCrossTest11.xml
----------------- Instantiating /home/travis/build/icyphy/ptII/ptolemy/actor/lib/test/auto/LevelCrossTest11.xml
1 ms. Memory: 1587712K Free: 1328763K (84%)
----------------- Invoking toplevel() on ptolemy.moml.MoMLSimpleApplication@60a23a1e
----------------- Done invoking toplevel() on ptolemy.moml.MoMLSimpleApplication@60a23a1e
reloadAllAccessors: .LevelCrossTest11

===========================================================================================
----------------- testing Wed Feb 27 22:00:37 UTC 2019 /home/travis/build/icyphy/ptII/ptolemy/actor/lib/test/auto/LevelCrossTest12.xml
----------------- Instantiating /home/travis/build/icyphy/ptII/ptolemy/actor/lib/test/auto/LevelCrossTest12.xml
1 ms. Memory: 1587712K Free: 1301474K (82%)
----------------- Invoking toplevel() on ptolemy.moml.MoMLSimpleApplication@32ee231d
----------------- Done invoking toplevel() on ptolemy.moml.MoMLSimpleApplication@32ee231d
reloadAllAccessors: .LevelCrossTest12

===========================================================================================
----------------- testing Wed Feb 27 22:00:37 UTC 2019 /home/travis/build/icyphy/ptII/ptolemy/actor/lib/test/auto/LevelCrossTest13.xml
----------------- Instantiating /home/travis/build/icyphy/ptII/ptolemy/actor/lib/test/auto/LevelCrossTest13.xml
1 ms. Memory: 1587712K Free: 1281616K (81%)
----------------- Invoking toplevel() on ptolemy.moml.MoMLSimpleApplication@4d0dabcf
----------------- Done invoking toplevel() on ptolemy.moml.MoMLSimpleApplication@4d0dabcf
reloadAllAccessors: .LevelCrossTest13

===========================================================================================
----------------- testing Wed Feb 27 22:00:37 UTC 2019 /home/travis/build/icyphy/ptII/ptolemy/actor/lib/test/auto/LevelCrossTest2.xml
----------------- Instantiating /home/travis/build/icyphy/ptII/ptolemy/actor/lib/test/auto/LevelCrossTest2.xml
1 ms. Memory: 1587712K Free: 1261757K (79%)
----------------- Invoking toplevel() on ptolemy.moml.MoMLSimpleApplication@6a32f71f
----------------- Done invoking toplevel() on ptolemy.moml.MoMLSimpleApplication@6a32f71f
reloadAllAccessors: .broken

===========================================================================================
----------------- testing Wed Feb 27 22:00:37 UTC 2019 /home/travis/build/icyphy/ptII/ptolemy/actor/lib/test/auto/LevelCrossTest3.xml
----------------- Instantiating /home/travis/build/icyphy/ptII/ptolemy/actor/lib/test/auto/LevelCrossTest3.xml
1 ms. Memory: 1587712K Free: 1234468K (78%)
----------------- Invoking toplevel() on ptolemy.moml.MoMLSimpleApplication@1ab08871
----------------- Done invoking toplevel() on ptolemy.moml.MoMLSimpleApplication@1ab08871
reloadAllAccessors: .LevelCrossTest3

===========================================================================================
----------------- testing Wed Feb 27 22:00:38 UTC 2019 /home/travis/build/icyphy/ptII/ptolemy/actor/lib/test/auto/LevelCrossTest4.xml
----------------- Instantiating /home/travis/build/icyphy/ptII/ptolemy/actor/lib/test/auto/LevelCrossTest4.xml
1 ms. Memory: 1587712K Free: 1214609K (77%)
----------------- Invoking toplevel() on ptolemy.moml.MoMLSimpleApplication@32875a4b
----------------- Done invoking toplevel() on ptolemy.moml.MoMLSimpleApplication@32875a4b
reloadAllAccessors: .broken

===========================================================================================
----------------- testing Wed Feb 27 22:00:38 UTC 2019 /home/travis/build/icyphy/ptII/ptolemy/actor/lib/test/auto/LevelCrossTest5.xml
----------------- Instantiating /home/travis/build/icyphy/ptII/ptolemy/actor/lib/test/auto/LevelCrossTest5.xml
1 ms. Memory: 1587712K Free: 1194750K (75%)
----------------- Invoking toplevel() on ptolemy.moml.MoMLSimpleApplication@8233fd7
----------------- Done invoking toplevel() on ptolemy.moml.MoMLSimpleApplication@8233fd7
reloadAllAccessors: .LevelCrossTest5

===========================================================================================
----------------- testing Wed Feb 27 22:00:38 UTC 2019 /home/travis/build/icyphy/ptII/ptolemy/actor/lib/test/auto/LevelCrossTest6.xml
----------------- Instantiating /home/travis/build/icyphy/ptII/ptolemy/actor/lib/test/auto/LevelCrossTest6.xml
4 ms. Memory: 1587712K Free: 1174891K (74%)
----------------- Invoking toplevel() on ptolemy.moml.MoMLSimpleApplication@27bc612
----------------- Done invoking toplevel() on ptolemy.moml.MoMLSimpleApplication@27bc612
reloadAllAccessors: .LevelCrossTest6

===========================================================================================
----------------- testing Wed Feb 27 22:00:38 UTC 2019 /home/travis/build/icyphy/ptII/ptolemy/actor/lib/test/auto/LevelCrossTest7.xml
----------------- Instantiating /home/travis/build/icyphy/ptII/ptolemy/actor/lib/test/auto/LevelCrossTest7.xml
1 ms. Memory: 1587712K Free: 1147603K (72%)
----------------- Invoking toplevel() on ptolemy.moml.MoMLSimpleApplication@6f97716b
----------------- Done invoking toplevel() on ptolemy.moml.MoMLSimpleApplication@6f97716b
reloadAllAccessors: .LevelCrossTest7

===========================================================================================
----------------- testing Wed Feb 27 22:00:38 UTC 2019 /home/travis/build/icyphy/ptII/ptolemy/actor/lib/test/auto/LevelCrossTest8.xml
----------------- Instantiating /home/travis/build/icyphy/ptII/ptolemy/actor/lib/test/auto/LevelCrossTest8.xml
1 ms. Memory: 1587712K Free: 1127744K (71%)
----------------- Invoking toplevel() on ptolemy.moml.MoMLSimpleApplication@34fd8fd8
----------------- Done invoking toplevel() on ptolemy.moml.MoMLSimpleApplication@34fd8fd8
reloadAllAccessors: .LevelCrossTest8

===========================================================================================
----------------- testing Wed Feb 27 22:00:38 UTC 2019 /home/travis/build/icyphy/ptII/ptolemy/actor/lib/test/auto/LevelCrossTest9.xml
----------------- Instantiating /home/travis/build/icyphy/ptII/ptolemy/actor/lib/test/auto/LevelCrossTest9.xml
1 ms. Memory: 1587712K Free: 1107885K (70%)
----------------- Invoking toplevel() on ptolemy.moml.MoMLSimpleApplication@5de42553
----------------- Done invoking toplevel() on ptolemy.moml.MoMLSimpleApplication@5de42553
reloadAllAccessors: .LevelCrossTest9

===========================================================================================
----------------- testing Wed Feb 27 22:00:38 UTC 2019 /home/travis/build/icyphy/ptII/ptolemy/actor/lib/test/auto/LevinsonDurbin.xml
----------------- Instantiating /home/travis/build/icyphy/ptII/ptolemy/actor/lib/test/auto/LevinsonDurbin.xml
1 ms. Memory: 1587712K Free: 1080596K (68%)
----------------- Invoking toplevel() on ptolemy.moml.MoMLSimpleApplication@66e03779
----------------- Done invoking toplevel() on ptolemy.moml.MoMLSimpleApplication@66e03779
reloadAllAccessors: .LevinsonDurbin

===========================================================================================
----------------- testing Wed Feb 27 22:00:38 UTC 2019 /home/travis/build/icyphy/ptII/ptolemy/actor/lib/test/auto/LevinsonDurbin2.xml
----------------- Instantiating /home/travis/build/icyphy/ptII/ptolemy/actor/lib/test/auto/LevinsonDurbin2.xml
1 ms. Memory: 1587712K Free: 1060737K (67%)
----------------- Invoking toplevel() on ptolemy.moml.MoMLSimpleApplication@d6b0437
----------------- Done invoking toplevel() on ptolemy.moml.MoMLSimpleApplication@d6b0437
reloadAllAccessors: .LevinsonDurbin2

===========================================================================================
----------------- testing Wed Feb 27 22:00:38 UTC 2019 /home/travis/build/icyphy/ptII/ptolemy/actor/lib/test/auto/LevinsonDurbin3.xml
----------------- Instantiating /home/travis/build/icyphy/ptII/ptolemy/actor/lib/test/auto/LevinsonDurbin3.xml
3 ms. Memory: 1587712K Free: 1040878K (66%)
----------------- Invoking toplevel() on ptolemy.moml.MoMLSimpleApplication@677b6d7d
----------------- Done invoking toplevel() on ptolemy.moml.MoMLSimpleApplication@677b6d7d
reloadAllAccessors: .LevinsonDurbin3

===========================================================================================
----------------- testing Wed Feb 27 22:00:38 UTC 2019 /home/travis/build/icyphy/ptII/ptolemy/actor/lib/test/auto/Limiter.xml
----------------- Instantiating /home/travis/build/icyphy/ptII/ptolemy/actor/lib/test/auto/Limiter.xml
4 ms. Memory: 1587712K Free: 1013589K (64%)
----------------- Invoking toplevel() on ptolemy.moml.MoMLSimpleApplication@226f2376
----------------- Done invoking toplevel() on ptolemy.moml.MoMLSimpleApplication@226f2376
reloadAllAccessors: .Limiter

===========================================================================================
----------------- testing Wed Feb 27 22:00:38 UTC 2019 /home/travis/build/icyphy/ptII/ptolemy/actor/lib/test/auto/LinearDifferenceEquationSystem.xml
----------------- Instantiating /home/travis/build/icyphy/ptII/ptolemy/actor/lib/test/auto/LinearDifferenceEquationSystem.xml
3 ms. Memory: 1587712K Free: 993730K (63%)
----------------- Invoking toplevel() on ptolemy.moml.MoMLSimpleApplication@28403366
----------------- Done invoking toplevel() on ptolemy.moml.MoMLSimpleApplication@28403366
reloadAllAccessors: .LinearDifferenceEquationSystem

===========================================================================================
----------------- testing Wed Feb 27 22:00:38 UTC 2019 /home/travis/build/icyphy/ptII/ptolemy/actor/lib/test/auto/LookupTable.xml
----------------- Instantiating /home/travis/build/icyphy/ptII/ptolemy/actor/lib/test/auto/LookupTable.xml
11 ms. Memory: 1587712K Free: 973872K (61%)
----------------- Invoking toplevel() on ptolemy.moml.MoMLSimpleApplication@46860c59
----------------- Done invoking toplevel() on ptolemy.moml.MoMLSimpleApplication@46860c59
reloadAllAccessors: .LookupTable

===========================================================================================
----------------- testing Wed Feb 27 22:00:38 UTC 2019 /home/travis/build/icyphy/ptII/ptolemy/actor/lib/test/auto/MathFunction.xml
----------------- Instantiating /home/travis/build/icyphy/ptII/ptolemy/actor/lib/test/auto/MathFunction.xml
2 ms. Memory: 1587712K Free: 946583K (60%)
----------------- Invoking toplevel() on ptolemy.moml.MoMLSimpleApplication@581c878e
----------------- Done invoking toplevel() on ptolemy.moml.MoMLSimpleApplication@581c878e
reloadAllAccessors: .MathFunction

===========================================================================================
----------------- testing Wed Feb 27 22:00:38 UTC 2019 /home/travis/build/icyphy/ptII/ptolemy/actor/lib/test/auto/MathFunction2.xml
----------------- Instantiating /home/travis/build/icyphy/ptII/ptolemy/actor/lib/test/auto/MathFunction2.xml
1 ms. Memory: 1587712K Free: 926724K (58%)
----------------- Invoking toplevel() on ptolemy.moml.MoMLSimpleApplication@6ead203d
----------------- Done invoking toplevel() on ptolemy.moml.MoMLSimpleApplication@6ead203d
reloadAllAccessors: .MathFunction2

===========================================================================================
----------------- testing Wed Feb 27 22:00:38 UTC 2019 /home/travis/build/icyphy/ptII/ptolemy/actor/lib/test/auto/MathFunction3.xml
----------------- Instantiating /home/travis/build/icyphy/ptII/ptolemy/actor/lib/test/auto/MathFunction3.xml
4 ms. Memory: 1587712K Free: 906865K (57%)
----------------- Invoking toplevel() on ptolemy.moml.MoMLSimpleApplication@7c21bca0
----------------- Done invoking toplevel() on ptolemy.moml.MoMLSimpleApplication@7c21bca0
reloadAllAccessors: .MathFunction3

===========================================================================================
----------------- testing Wed Feb 27 22:00:38 UTC 2019 /home/travis/build/icyphy/ptII/ptolemy/actor/lib/test/auto/MatrixCropBoolean.xml
----------------- Instantiating /home/travis/build/icyphy/ptII/ptolemy/actor/lib/test/auto/MatrixCropBoolean.xml
1 ms. Memory: 1587712K Free: 879577K (55%)
----------------- Invoking toplevel() on ptolemy.moml.MoMLSimpleApplication@412445b9
----------------- Done invoking toplevel() on ptolemy.moml.MoMLSimpleApplication@412445b9
reloadAllAccessors: .MatrixCropBoolean

===========================================================================================
----------------- testing Wed Feb 27 22:00:38 UTC 2019 /home/travis/build/icyphy/ptII/ptolemy/actor/lib/test/auto/MatrixCropComplex.xml
----------------- Instantiating /home/travis/build/icyphy/ptII/ptolemy/actor/lib/test/auto/MatrixCropComplex.xml
2 ms. Memory: 1587712K Free: 859718K (54%)
----------------- Invoking toplevel() on ptolemy.moml.MoMLSimpleApplication@44356459
----------------- Done invoking toplevel() on ptolemy.moml.MoMLSimpleApplication@44356459
reloadAllAccessors: .MatrixCropComplex

===========================================================================================
----------------- testing Wed Feb 27 22:00:38 UTC 2019 /home/travis/build/icyphy/ptII/ptolemy/actor/lib/test/auto/MatrixCropDouble.xml
----------------- Instantiating /home/travis/build/icyphy/ptII/ptolemy/actor/lib/test/auto/MatrixCropDouble.xml
4 ms. Memory: 1587712K Free: 839859K (53%)
----------------- Invoking toplevel() on ptolemy.moml.MoMLSimpleApplication@5908482a
----------------- Done invoking toplevel() on ptolemy.moml.MoMLSimpleApplication@5908482a
reloadAllAccessors: .MatrixCropDouble

===========================================================================================
----------------- testing Wed Feb 27 22:00:38 UTC 2019 /home/travis/build/icyphy/ptII/ptolemy/actor/lib/test/auto/MatrixCropFix.xml
----------------- Instantiating /home/travis/build/icyphy/ptII/ptolemy/actor/lib/test/auto/MatrixCropFix.xml
2 ms. Memory: 1587712K Free: 820000K (52%)
----------------- Invoking toplevel() on ptolemy.moml.MoMLSimpleApplication@208169d5
----------------- Done invoking toplevel() on ptolemy.moml.MoMLSimpleApplication@208169d5
reloadAllAccessors: .MatrixCropFix

===========================================================================================
----------------- testing Wed Feb 27 22:00:38 UTC 2019 /home/travis/build/icyphy/ptII/ptolemy/actor/lib/test/auto/MatrixCropInt.xml
----------------- Instantiating /home/travis/build/icyphy/ptII/ptolemy/actor/lib/test/auto/MatrixCropInt.xml
2 ms. Memory: 1587712K Free: 792712K (50%)
----------------- Invoking toplevel() on ptolemy.moml.MoMLSimpleApplication@7e797027
----------------- Done invoking toplevel() on ptolemy.moml.MoMLSimpleApplication@7e797027
reloadAllAccessors: .MatrixCropInt

===========================================================================================
----------------- testing Wed Feb 27 22:00:38 UTC 2019 /home/travis/build/icyphy/ptII/ptolemy/actor/lib/test/auto/MatrixCropLong.xml
----------------- Instantiating /home/travis/build/icyphy/ptII/ptolemy/actor/lib/test/auto/MatrixCropLong.xml
2 ms. Memory: 1587712K Free: 772853K (49%)
----------------- Invoking toplevel() on ptolemy.moml.MoMLSimpleApplication@317afcdb
----------------- Done invoking toplevel() on ptolemy.moml.MoMLSimpleApplication@317afcdb
reloadAllAccessors: .MatrixCropLong

===========================================================================================
----------------- testing Wed Feb 27 22:00:38 UTC 2019 /home/travis/build/icyphy/ptII/ptolemy/actor/lib/test/auto/MatrixToArray.xml
----------------- Instantiating /home/travis/build/icyphy/ptII/ptolemy/actor/lib/test/auto/MatrixToArray.xml
6 ms. Memory: 1587712K Free: 743065K (47%)
----------------- Invoking toplevel() on ptolemy.moml.MoMLSimpleApplication@32d01dea
----------------- Done invoking toplevel() on ptolemy.moml.MoMLSimpleApplication@32d01dea
reloadAllAccessors: .MatrixToArray

===========================================================================================
----------------- testing Wed Feb 27 22:00:38 UTC 2019 /home/travis/build/icyphy/ptII/ptolemy/actor/lib/test/auto/MaxIndex.xml
----------------- Instantiating /home/travis/build/icyphy/ptII/ptolemy/actor/lib/test/auto/MaxIndex.xml
2 ms. Memory: 1587712K Free: 715776K (45%)
----------------- Invoking toplevel() on ptolemy.moml.MoMLSimpleApplication@73237f13
----------------- Done invoking toplevel() on ptolemy.moml.MoMLSimpleApplication@73237f13
reloadAllAccessors: .MaxIndex

===========================================================================================
----------------- testing Wed Feb 27 22:00:38 UTC 2019 /home/travis/build/icyphy/ptII/ptolemy/actor/lib/test/auto/Maximum.xml
----------------- Instantiating /home/travis/build/icyphy/ptII/ptolemy/actor/lib/test/auto/Maximum.xml
5 ms. Memory: 1587712K Free: 695917K (44%)
----------------- Invoking toplevel() on ptolemy.moml.MoMLSimpleApplication@130f0c8f
----------------- Done invoking toplevel() on ptolemy.moml.MoMLSimpleApplication@130f0c8f
reloadAllAccessors: .Maximum

===========================================================================================
----------------- testing Wed Feb 27 22:00:38 UTC 2019 /home/travis/build/icyphy/ptII/ptolemy/actor/lib/test/auto/MaximumComplex.xml
----------------- Instantiating /home/travis/build/icyphy/ptII/ptolemy/actor/lib/test/auto/MaximumComplex.xml
5 ms. Memory: 1587712K Free: 676059K (43%)
----------------- Invoking toplevel() on ptolemy.moml.MoMLSimpleApplication@46e0037e
----------------- Done invoking toplevel() on ptolemy.moml.MoMLSimpleApplication@46e0037e
reloadAllAccessors: .MaximumComplex

===========================================================================================
----------------- testing Wed Feb 27 22:00:38 UTC 2019 /home/travis/build/icyphy/ptII/ptolemy/actor/lib/test/auto/MethodCallTest.xml
----------------- Instantiating /home/travis/build/icyphy/ptII/ptolemy/actor/lib/test/auto/MethodCallTest.xml
3 ms. Memory: 1587712K Free: 648770K (41%)
----------------- Invoking toplevel() on ptolemy.moml.MoMLSimpleApplication@53daa5dc
----------------- Done invoking toplevel() on ptolemy.moml.MoMLSimpleApplication@53daa5dc
reloadAllAccessors: .MethodCallTest

===========================================================================================
----------------- testing Wed Feb 27 22:00:38 UTC 2019 /home/travis/build/icyphy/ptII/ptolemy/actor/lib/test/auto/Minimum.xml
----------------- Instantiating /home/travis/build/icyphy/ptII/ptolemy/actor/lib/test/auto/Minimum.xml
2 ms. Memory: 1587712K Free: 628911K (40%)
----------------- Invoking toplevel() on ptolemy.moml.MoMLSimpleApplication@582268f8
----------------- Done invoking toplevel() on ptolemy.moml.MoMLSimpleApplication@582268f8
reloadAllAccessors: .Minimum

===========================================================================================
----------------- testing Wed Feb 27 22:00:38 UTC 2019 /home/travis/build/icyphy/ptII/ptolemy/actor/lib/test/auto/MinimumComplex.xml
----------------- Instantiating /home/travis/build/icyphy/ptII/ptolemy/actor/lib/test/auto/MinimumComplex.xml
2 ms. Memory: 1587712K Free: 609052K (38%)
----------------- Invoking toplevel() on ptolemy.moml.MoMLSimpleApplication@7d0329a7
----------------- Done invoking toplevel() on ptolemy.moml.MoMLSimpleApplication@7d0329a7
reloadAllAccessors: .MinimumComplex

===========================================================================================
----------------- testing Wed Feb 27 22:00:38 UTC 2019 /home/travis/build/icyphy/ptII/ptolemy/actor/lib/test/auto/MinimumMultiports.xml
----------------- Instantiating /home/travis/build/icyphy/ptII/ptolemy/actor/lib/test/auto/MinimumMultiports.xml
4 ms. Memory: 1587712K Free: 581763K (37%)
----------------- Invoking toplevel() on ptolemy.moml.MoMLSimpleApplication@124183dd
----------------- Done invoking toplevel() on ptolemy.moml.MoMLSimpleApplication@124183dd
reloadAllAccessors: .MinimumMultiports

===========================================================================================
----------------- testing Wed Feb 27 22:00:38 UTC 2019 /home/travis/build/icyphy/ptII/ptolemy/actor/lib/test/auto/ModifyDate.xml
----------------- Instantiating /home/travis/build/icyphy/ptII/ptolemy/actor/lib/test/auto/ModifyDate.xml
9 ms. Memory: 1587712K Free: 551967K (35%)
----------------- Invoking toplevel() on ptolemy.moml.MoMLSimpleApplication@4ba51ce8
----------------- Done invoking toplevel() on ptolemy.moml.MoMLSimpleApplication@4ba51ce8
reloadAllAccessors: .ModifyDate

===========================================================================================
----------------- testing Wed Feb 27 22:00:38 UTC 2019 /home/travis/build/icyphy/ptII/ptolemy/actor/lib/test/auto/ModifyDate2.xml
----------------- Instantiating /home/travis/build/icyphy/ptII/ptolemy/actor/lib/test/auto/ModifyDate2.xml
3 ms. Memory: 1587712K Free: 532108K (34%)
----------------- Invoking toplevel() on ptolemy.moml.MoMLSimpleApplication@140223dc
----------------- Done invoking toplevel() on ptolemy.moml.MoMLSimpleApplication@140223dc
reloadAllAccessors: .ModifyDate2

===========================================================================================
----------------- testing Wed Feb 27 22:00:38 UTC 2019 /home/travis/build/icyphy/ptII/ptolemy/actor/lib/test/auto/MovingAverage.xml
----------------- Instantiating /home/travis/build/icyphy/ptII/ptolemy/actor/lib/test/auto/MovingAverage.xml
3 ms. Memory: 1587712K Free: 504820K (32%)
----------------- Invoking toplevel() on ptolemy.moml.MoMLSimpleApplication@17e95a2d
----------------- Done invoking toplevel() on ptolemy.moml.MoMLSimpleApplication@17e95a2d
reloadAllAccessors: .MovingAverage

===========================================================================================
----------------- testing Wed Feb 27 22:00:38 UTC 2019 /home/travis/build/icyphy/ptII/ptolemy/actor/lib/test/auto/MovingMaximum.xml
----------------- Instantiating /home/travis/build/icyphy/ptII/ptolemy/actor/lib/test/auto/MovingMaximum.xml
2 ms. Memory: 1587712K Free: 484961K (31%)
----------------- Invoking toplevel() on ptolemy.moml.MoMLSimpleApplication@50c38319
----------------- Done invoking toplevel() on ptolemy.moml.MoMLSimpleApplication@50c38319
reloadAllAccessors: .MovingMaximum

===========================================================================================
----------------- testing Wed Feb 27 22:00:38 UTC 2019 /home/travis/build/icyphy/ptII/ptolemy/actor/lib/test/auto/MultipleLinksToSameRelation.xml
----------------- Instantiating /home/travis/build/icyphy/ptII/ptolemy/actor/lib/test/auto/MultipleLinksToSameRelation.xml
2 ms. Memory: 1587712K Free: 465102K (29%)
----------------- Invoking toplevel() on ptolemy.moml.MoMLSimpleApplication@5784477b
----------------- Done invoking toplevel() on ptolemy.moml.MoMLSimpleApplication@5784477b
reloadAllAccessors: .MultipleLinksToSameRelation

===========================================================================================
----------------- testing Wed Feb 27 22:00:38 UTC 2019 /home/travis/build/icyphy/ptII/ptolemy/actor/lib/test/auto/MultipleLinksToSameRelationDE.xml
----------------- Instantiating /home/travis/build/icyphy/ptII/ptolemy/actor/lib/test/auto/MultipleLinksToSameRelationDE.xml
2 ms. Memory: 1587712K Free: 437813K (28%)
----------------- Invoking toplevel() on ptolemy.moml.MoMLSimpleApplication@7b282815
----------------- Done invoking toplevel() on ptolemy.moml.MoMLSimpleApplication@7b282815
reloadAllAccessors: .MultipleLinksToSameRelationDE

===========================================================================================
----------------- testing Wed Feb 27 22:00:38 UTC 2019 /home/travis/build/icyphy/ptII/ptolemy/actor/lib/test/auto/Multiplexor.xml
----------------- Instantiating /home/travis/build/icyphy/ptII/ptolemy/actor/lib/test/auto/Multiplexor.xml
2 ms. Memory: 1587712K Free: 417955K (26%)
----------------- Invoking toplevel() on ptolemy.moml.MoMLSimpleApplication@44f33220
----------------- Done invoking toplevel() on ptolemy.moml.MoMLSimpleApplication@44f33220
reloadAllAccessors: .Multiplexor

===========================================================================================
----------------- testing Wed Feb 27 22:00:38 UTC 2019 /home/travis/build/icyphy/ptII/ptolemy/actor/lib/test/auto/Multiplexor1.xml
----------------- Instantiating /home/travis/build/icyphy/ptII/ptolemy/actor/lib/test/auto/Multiplexor1.xml
2 ms. Memory: 1587712K Free: 398096K (25%)
----------------- Invoking toplevel() on ptolemy.moml.MoMLSimpleApplication@39d40ae9
----------------- Done invoking toplevel() on ptolemy.moml.MoMLSimpleApplication@39d40ae9
reloadAllAccessors: .Multiplexor1

===========================================================================================
----------------- testing Wed Feb 27 22:00:38 UTC 2019 /home/travis/build/icyphy/ptII/ptolemy/actor/lib/test/auto/Multiplexor2.xml
----------------- Instantiating /home/travis/build/icyphy/ptII/ptolemy/actor/lib/test/auto/Multiplexor2.xml
2 ms. Memory: 1587712K Free: 378237K (24%)
----------------- Invoking toplevel() on ptolemy.moml.MoMLSimpleApplication@1954c306
----------------- Done invoking toplevel() on ptolemy.moml.MoMLSimpleApplication@1954c306
reloadAllAccessors: .Multiplexor2

===========================================================================================
----------------- testing Wed Feb 27 22:00:38 UTC 2019 /home/travis/build/icyphy/ptII/ptolemy/actor/lib/test/auto/Multiplexor3.xml
----------------- Instantiating /home/travis/build/icyphy/ptII/ptolemy/actor/lib/test/auto/Multiplexor3.xml
2 ms. Memory: 1587712K Free: 350949K (22%)
----------------- Invoking toplevel() on ptolemy.moml.MoMLSimpleApplication@5aff5ce3
----------------- Done invoking toplevel() on ptolemy.moml.MoMLSimpleApplication@5aff5ce3
reloadAllAccessors: .Multiplexor3

===========================================================================================
----------------- testing Wed Feb 27 22:00:38 UTC 2019 /home/travis/build/icyphy/ptII/ptolemy/actor/lib/test/auto/MultiplexorDE.xml
----------------- Instantiating /home/travis/build/icyphy/ptII/ptolemy/actor/lib/test/auto/MultiplexorDE.xml
3 ms. Memory: 1587712K Free: 331090K (21%)
----------------- Invoking toplevel() on ptolemy.moml.MoMLSimpleApplication@625516f2
----------------- Done invoking toplevel() on ptolemy.moml.MoMLSimpleApplication@625516f2
reloadAllAccessors: .MultiplexorDE

===========================================================================================
----------------- testing Wed Feb 27 22:00:38 UTC 2019 /home/travis/build/icyphy/ptII/ptolemy/actor/lib/test/auto/MultiportBroadcastTest.xml
----------------- Instantiating /home/travis/build/icyphy/ptII/ptolemy/actor/lib/test/auto/MultiportBroadcastTest.xml
48 ms. Memory: 1587712K Free: 311231K (20%)
----------------- Invoking toplevel() on ptolemy.moml.MoMLSimpleApplication@793eb479
----------------- Done invoking toplevel() on ptolemy.moml.MoMLSimpleApplication@793eb479
reloadAllAccessors: .MultiportBroadcastTest

===========================================================================================
----------------- testing Wed Feb 27 22:00:38 UTC 2019 /home/travis/build/icyphy/ptII/ptolemy/actor/lib/test/auto/MultiportOutHangDuringGetWidth.xml
----------------- Instantiating /home/travis/build/icyphy/ptII/ptolemy/actor/lib/test/auto/MultiportOutHangDuringGetWidth.xml
4 ms. Memory: 1587712K Free: 283942K (18%)
----------------- Invoking toplevel() on ptolemy.moml.MoMLSimpleApplication@2a9fa5e3
----------------- Done invoking toplevel() on ptolemy.moml.MoMLSimpleApplication@2a9fa5e3
reloadAllAccessors: .MultiportOutHangDuringGetWidth

===========================================================================================
----------------- testing Wed Feb 27 22:00:38 UTC 2019 /home/travis/build/icyphy/ptII/ptolemy/actor/lib/test/auto/NilToken.xml
----------------- Instantiating /home/travis/build/icyphy/ptII/ptolemy/actor/lib/test/auto/NilToken.xml
2 ms. Memory: 1587712K Free: 264084K (17%)
----------------- Invoking toplevel() on ptolemy.moml.MoMLSimpleApplication@4589d5c5
----------------- Done invoking toplevel() on ptolemy.moml.MoMLSimpleApplication@4589d5c5
reloadAllAccessors: .NilToken

===========================================================================================
----------------- testing Wed Feb 27 22:00:38 UTC 2019 /home/travis/build/icyphy/ptII/ptolemy/actor/lib/test/auto/NilTokenNonStrictTest.xml
----------------- Instantiating /home/travis/build/icyphy/ptII/ptolemy/actor/lib/test/auto/NilTokenNonStrictTest.xml
2 ms. Memory: 1587712K Free: 244225K (15%)
----------------- Invoking toplevel() on ptolemy.moml.MoMLSimpleApplication@6a09e16f
----------------- Done invoking toplevel() on ptolemy.moml.MoMLSimpleApplication@6a09e16f
reloadAllAccessors: .NilTokenNonStrictTest

===========================================================================================
----------------- testing Wed Feb 27 22:00:38 UTC 2019 /home/travis/build/icyphy/ptII/ptolemy/actor/lib/test/auto/NilTokenRecord.xml
----------------- Instantiating /home/travis/build/icyphy/ptII/ptolemy/actor/lib/test/auto/NilTokenRecord.xml
4 ms. Memory: 1587712K Free: 216936K (14%)
----------------- Invoking toplevel() on ptolemy.moml.MoMLSimpleApplication@4719c049
----------------- Done invoking toplevel() on ptolemy.moml.MoMLSimpleApplication@4719c049
reloadAllAccessors: .NilTokenRecord

===========================================================================================
----------------- testing Wed Feb 27 22:00:38 UTC 2019 /home/travis/build/icyphy/ptII/ptolemy/actor/lib/test/auto/NilTokenTypeTest.xml
----------------- Instantiating /home/travis/build/icyphy/ptII/ptolemy/actor/lib/test/auto/NilTokenTypeTest.xml
3 ms. Memory: 1587712K Free: 197077K (12%)
----------------- Invoking toplevel() on ptolemy.moml.MoMLSimpleApplication@5994b22a
----------------- Done invoking toplevel() on ptolemy.moml.MoMLSimpleApplication@5994b22a
reloadAllAccessors: .NilTokenTypeTest

===========================================================================================
----------------- testing Wed Feb 27 22:00:39 UTC 2019 /home/travis/build/icyphy/ptII/ptolemy/actor/lib/test/auto/ObjectToken1.xml
----------------- Instantiating /home/travis/build/icyphy/ptII/ptolemy/actor/lib/test/auto/ObjectToken1.xml
1 ms. Memory: 1587712K Free: 177219K (11%)
----------------- Invoking toplevel() on ptolemy.moml.MoMLSimpleApplication@6611ee95
----------------- Done invoking toplevel() on ptolemy.moml.MoMLSimpleApplication@6611ee95
reloadAllAccessors: .ObjectToken1

===========================================================================================
----------------- testing Wed Feb 27 22:00:39 UTC 2019 /home/travis/build/icyphy/ptII/ptolemy/actor/lib/test/auto/OrderedMerge.xml
----------------- Instantiating /home/travis/build/icyphy/ptII/ptolemy/actor/lib/test/auto/OrderedMerge.xml
7 ms. Memory: 1587712K Free: 110212K (7%)
----------------- Invoking toplevel() on ptolemy.moml.MoMLSimpleApplication@4d14705a
----------------- Done invoking toplevel() on ptolemy.moml.MoMLSimpleApplication@4d14705a
reloadAllAccessors: .OrderedMerge

===========================================================================================
----------------- testing Wed Feb 27 22:00:39 UTC 2019 /home/travis/build/icyphy/ptII/ptolemy/actor/lib/test/auto/OrderedRecordDisassembler.xml
----------------- Instantiating /home/travis/build/icyphy/ptII/ptolemy/actor/lib/test/auto/OrderedRecordDisassembler.xml
3 ms. Memory: 1587712K Free: 90353K (6%)
----------------- Invoking toplevel() on ptolemy.moml.MoMLSimpleApplication@7d9f54d9
----------------- Done invoking toplevel() on ptolemy.moml.MoMLSimpleApplication@7d9f54d9
reloadAllAccessors: .OrderedRecordDisassembler

===========================================================================================
----------------- testing Wed Feb 27 22:00:39 UTC 2019 /home/travis/build/icyphy/ptII/ptolemy/actor/lib/test/auto/OrderedRecordDisassembler2.xml
----------------- Instantiating /home/travis/build/icyphy/ptII/ptolemy/actor/lib/test/auto/OrderedRecordDisassembler2.xml
3 ms. Memory: 1587712K Free: 70495K (4%)
----------------- Invoking toplevel() on ptolemy.moml.MoMLSimpleApplication@2c8ed4be
----------------- Done invoking toplevel() on ptolemy.moml.MoMLSimpleApplication@2c8ed4be
reloadAllAccessors: .OrderedRecordDisassembler2

===========================================================================================
----------------- testing Wed Feb 27 22:00:39 UTC 2019 /home/travis/build/icyphy/ptII/ptolemy/actor/lib/test/auto/OrderedRecordUpdater.xml
----------------- Instantiating /home/travis/build/icyphy/ptII/ptolemy/actor/lib/test/auto/OrderedRecordUpdater.xml
7 ms. Memory: 1762304K Free: 1718398K (98%)
----------------- Invoking toplevel() on ptolemy.moml.MoMLSimpleApplication@2ec3ab5f
----------------- Done invoking toplevel() on ptolemy.moml.MoMLSimpleApplication@2ec3ab5f
reloadAllAccessors: .RecordUpdater

===========================================================================================
----------------- testing Wed Feb 27 22:00:39 UTC 2019 /home/travis/build/icyphy/ptII/ptolemy/actor/lib/test/auto/OrderedRecordUpdater2.xml
----------------- Instantiating /home/travis/build/icyphy/ptII/ptolemy/actor/lib/test/auto/OrderedRecordUpdater2.xml
1 ms. Memory: 1762304K Free: 1684455K (96%)
----------------- Invoking toplevel() on ptolemy.moml.MoMLSimpleApplication@114af851
----------------- Done invoking toplevel() on ptolemy.moml.MoMLSimpleApplication@114af851
reloadAllAccessors: .RecordUpdater2

===========================================================================================
----------------- testing Wed Feb 27 22:00:39 UTC 2019 /home/travis/build/icyphy/ptII/ptolemy/actor/lib/test/auto/PhaseUnwrap.xml
----------------- Instantiating /home/travis/build/icyphy/ptII/ptolemy/actor/lib/test/auto/PhaseUnwrap.xml
2 ms. Memory: 1762304K Free: 1662534K (94%)
----------------- Invoking toplevel() on ptolemy.moml.MoMLSimpleApplication@46514d5e
----------------- Done invoking toplevel() on ptolemy.moml.MoMLSimpleApplication@46514d5e
reloadAllAccessors: .PhaseUnwrap

===========================================================================================
----------------- testing Wed Feb 27 22:00:39 UTC 2019 /home/travis/build/icyphy/ptII/ptolemy/actor/lib/test/auto/PoissonClock.xml
----------------- Instantiating /home/travis/build/icyphy/ptII/ptolemy/actor/lib/test/auto/PoissonClock.xml
1 ms. Memory: 1762304K Free: 1634132K (93%)
----------------- Invoking toplevel() on ptolemy.moml.MoMLSimpleApplication@3b34a7be
----------------- Done invoking toplevel() on ptolemy.moml.MoMLSimpleApplication@3b34a7be
reloadAllAccessors: .PoissonClock

===========================================================================================
----------------- testing Wed Feb 27 22:00:39 UTC 2019 /home/travis/build/icyphy/ptII/ptolemy/actor/lib/test/auto/PoissonClock2.xml
----------------- Instantiating /home/travis/build/icyphy/ptII/ptolemy/actor/lib/test/auto/PoissonClock2.xml
1 ms. Memory: 1762304K Free: 1612211K (91%)
----------------- Invoking toplevel() on ptolemy.moml.MoMLSimpleApplication@d613514
----------------- Done invoking toplevel() on ptolemy.moml.MoMLSimpleApplication@d613514
reloadAllAccessors: .PoissonClock2

===========================================================================================
----------------- testing Wed Feb 27 22:00:39 UTC 2019 /home/travis/build/icyphy/ptII/ptolemy/actor/lib/test/auto/PoissonClock3.xml
----------------- Instantiating /home/travis/build/icyphy/ptII/ptolemy/actor/lib/test/auto/PoissonClock3.xml
1 ms. Memory: 1762304K Free: 1590291K (90%)
----------------- Invoking toplevel() on ptolemy.moml.MoMLSimpleApplication@50ac301c
----------------- Done invoking toplevel() on ptolemy.moml.MoMLSimpleApplication@50ac301c
reloadAllAccessors: .PoissonClock3

===========================================================================================
----------------- testing Wed Feb 27 22:00:39 UTC 2019 /home/travis/build/icyphy/ptII/ptolemy/actor/lib/test/auto/PubSubWithInitialTokens.xml
----------------- Instantiating /home/travis/build/icyphy/ptII/ptolemy/actor/lib/test/auto/PubSubWithInitialTokens.xml
2 ms. Memory: 1762304K Free: 1561889K (89%)
----------------- Invoking toplevel() on ptolemy.moml.MoMLSimpleApplication@41f7b4ec
----------------- Done invoking toplevel() on ptolemy.moml.MoMLSimpleApplication@41f7b4ec
reloadAllAccessors: .PubSubWithInitialTokens

===========================================================================================
----------------- testing Wed Feb 27 22:00:39 UTC 2019 /home/travis/build/icyphy/ptII/ptolemy/actor/lib/test/auto/PubSubWithInitialTokens2.xml
----------------- Instantiating /home/travis/build/icyphy/ptII/ptolemy/actor/lib/test/auto/PubSubWithInitialTokens2.xml
2 ms. Memory: 1762304K Free: 1539968K (87%)
----------------- Invoking toplevel() on ptolemy.moml.MoMLSimpleApplication@57b9493b
----------------- Done invoking toplevel() on ptolemy.moml.MoMLSimpleApplication@57b9493b
reloadAllAccessors: .PubSubWithInitialTokens2

===========================================================================================
----------------- testing Wed Feb 27 22:00:39 UTC 2019 /home/travis/build/icyphy/ptII/ptolemy/actor/lib/test/auto/PublisherClassNoParameter.xml
----------------- Instantiating /home/travis/build/icyphy/ptII/ptolemy/actor/lib/test/auto/PublisherClassNoParameter.xml
2 ms. Memory: 1762304K Free: 1518048K (86%)
----------------- Invoking toplevel() on ptolemy.moml.MoMLSimpleApplication@635c3fbb
----------------- Done invoking toplevel() on ptolemy.moml.MoMLSimpleApplication@635c3fbb
reloadAllAccessors: .PublisherClassNoParameter

===========================================================================================
----------------- testing Wed Feb 27 22:00:39 UTC 2019 /home/travis/build/icyphy/ptII/ptolemy/actor/lib/test/auto/PublisherClassParameter.xml
----------------- Instantiating /home/travis/build/icyphy/ptII/ptolemy/actor/lib/test/auto/PublisherClassParameter.xml
2 ms. Memory: 1762304K Free: 1489645K (85%)
----------------- Invoking toplevel() on ptolemy.moml.MoMLSimpleApplication@604b1232
----------------- Done invoking toplevel() on ptolemy.moml.MoMLSimpleApplication@604b1232
reloadAllAccessors: .PublisherClassParameter

===========================================================================================
----------------- testing Wed Feb 27 22:00:39 UTC 2019 /home/travis/build/icyphy/ptII/ptolemy/actor/lib/test/auto/PublisherNonStrictTest.xml
----------------- Instantiating /home/travis/build/icyphy/ptII/ptolemy/actor/lib/test/auto/PublisherNonStrictTest.xml
2 ms. Memory: 1762304K Free: 1467725K (83%)
----------------- Invoking toplevel() on ptolemy.moml.MoMLSimpleApplication@337dcdff
----------------- Done invoking toplevel() on ptolemy.moml.MoMLSimpleApplication@337dcdff
reloadAllAccessors: .PublisherNonStrictTest

===========================================================================================
----------------- testing Wed Feb 27 22:00:39 UTC 2019 /home/travis/build/icyphy/ptII/ptolemy/actor/lib/test/auto/PublisherPort1.xml
----------------- Instantiating /home/travis/build/icyphy/ptII/ptolemy/actor/lib/test/auto/PublisherPort1.xml
3 ms. Memory: 1762304K Free: 1439322K (82%)
----------------- Invoking toplevel() on ptolemy.moml.MoMLSimpleApplication@5cc486f6
----------------- Done invoking toplevel() on ptolemy.moml.MoMLSimpleApplication@5cc486f6
reloadAllAccessors: .PublisherPort1

===========================================================================================
----------------- testing Wed Feb 27 22:00:39 UTC 2019 /home/travis/build/icyphy/ptII/ptolemy/actor/lib/test/auto/PublisherPort2.xml
----------------- Instantiating /home/travis/build/icyphy/ptII/ptolemy/actor/lib/test/auto/PublisherPort2.xml
2 ms. Memory: 1762304K Free: 1417402K (80%)
----------------- Invoking toplevel() on ptolemy.moml.MoMLSimpleApplication@284ac413
----------------- Done invoking toplevel() on ptolemy.moml.MoMLSimpleApplication@284ac413
reloadAllAccessors: .PublisherPort2

===========================================================================================
----------------- testing Wed Feb 27 22:00:39 UTC 2019 /home/travis/build/icyphy/ptII/ptolemy/actor/lib/test/auto/PublisherPort3.xml
----------------- Instantiating /home/travis/build/icyphy/ptII/ptolemy/actor/lib/test/auto/PublisherPort3.xml
2 ms. Memory: 1762304K Free: 1395481K (79%)
----------------- Invoking toplevel() on ptolemy.moml.MoMLSimpleApplication@1470f415
----------------- Done invoking toplevel() on ptolemy.moml.MoMLSimpleApplication@1470f415
reloadAllAccessors: .PublisherPort3

===========================================================================================
----------------- testing Wed Feb 27 22:00:39 UTC 2019 /home/travis/build/icyphy/ptII/ptolemy/actor/lib/test/auto/PublisherPort4.xml
----------------- Instantiating /home/travis/build/icyphy/ptII/ptolemy/actor/lib/test/auto/PublisherPort4.xml
2 ms. Memory: 1762304K Free: 1367079K (78%)
----------------- Invoking toplevel() on ptolemy.moml.MoMLSimpleApplication@3127dd6d
----------------- Done invoking toplevel() on ptolemy.moml.MoMLSimpleApplication@3127dd6d
reloadAllAccessors: .PublisherPort4

===========================================================================================
----------------- testing Wed Feb 27 22:00:39 UTC 2019 /home/travis/build/icyphy/ptII/ptolemy/actor/lib/test/auto/PublisherPort5.xml
----------------- Instantiating /home/travis/build/icyphy/ptII/ptolemy/actor/lib/test/auto/PublisherPort5.xml
2 ms. Memory: 1762304K Free: 1345158K (76%)
----------------- Invoking toplevel() on ptolemy.moml.MoMLSimpleApplication@2925f09d
----------------- Done invoking toplevel() on ptolemy.moml.MoMLSimpleApplication@2925f09d
reloadAllAccessors: .PublisherPort5

===========================================================================================
----------------- testing Wed Feb 27 22:00:39 UTC 2019 /home/travis/build/icyphy/ptII/ptolemy/actor/lib/test/auto/PublisherPort5LookAlike.xml
----------------- Instantiating /home/travis/build/icyphy/ptII/ptolemy/actor/lib/test/auto/PublisherPort5LookAlike.xml
3 ms. Memory: 1762304K Free: 1323238K (75%)
----------------- Invoking toplevel() on ptolemy.moml.MoMLSimpleApplication@485ee939
----------------- Done invoking toplevel() on ptolemy.moml.MoMLSimpleApplication@485ee939
reloadAllAccessors: .PublisherPort5LookAlike

===========================================================================================
----------------- testing Wed Feb 27 22:00:39 UTC 2019 /home/travis/build/icyphy/ptII/ptolemy/actor/lib/test/auto/PublisherPort6.xml
----------------- Instantiating /home/travis/build/icyphy/ptII/ptolemy/actor/lib/test/auto/PublisherPort6.xml
2 ms. Memory: 1762304K Free: 1294835K (73%)
----------------- Invoking toplevel() on ptolemy.moml.MoMLSimpleApplication@71d55c85
----------------- Done invoking toplevel() on ptolemy.moml.MoMLSimpleApplication@71d55c85
reloadAllAccessors: .PublisherPort6

===========================================================================================
----------------- testing Wed Feb 27 22:00:39 UTC 2019 /home/travis/build/icyphy/ptII/ptolemy/actor/lib/test/auto/PublisherPort7.xml
----------------- Instantiating /home/travis/build/icyphy/ptII/ptolemy/actor/lib/test/auto/PublisherPort7.xml
3 ms. Memory: 1762304K Free: 1272915K (72%)
----------------- Invoking toplevel() on ptolemy.moml.MoMLSimpleApplication@680e125c
----------------- Done invoking toplevel() on ptolemy.moml.MoMLSimpleApplication@680e125c
reloadAllAccessors: .PublisherPort7

===========================================================================================
----------------- testing Wed Feb 27 22:00:39 UTC 2019 /home/travis/build/icyphy/ptII/ptolemy/actor/lib/test/auto/PublisherPort8.xml
----------------- Instantiating /home/travis/build/icyphy/ptII/ptolemy/actor/lib/test/auto/PublisherPort8.xml
3 ms. Memory: 1762304K Free: 1244513K (71%)
----------------- Invoking toplevel() on ptolemy.moml.MoMLSimpleApplication@40a4747f
----------------- Done invoking toplevel() on ptolemy.moml.MoMLSimpleApplication@40a4747f
reloadAllAccessors: .PublisherPort8

===========================================================================================
----------------- testing Wed Feb 27 22:00:39 UTC 2019 /home/travis/build/icyphy/ptII/ptolemy/actor/lib/test/auto/PublisherPortSubscriberChannelVariablesAOC2.xml
----------------- Instantiating /home/travis/build/icyphy/ptII/ptolemy/actor/lib/test/auto/PublisherPortSubscriberChannelVariablesAOC2.xml
2 ms. Memory: 1762304K Free: 1211624K (69%)
----------------- Invoking toplevel() on ptolemy.moml.MoMLSimpleApplication@7e9d0037
----------------- Done invoking toplevel() on ptolemy.moml.MoMLSimpleApplication@7e9d0037
reloadAllAccessors: .PublisherPortSubscriberChannelVariablesAOC2

===========================================================================================
----------------- testing Wed Feb 27 22:00:39 UTC 2019 /home/travis/build/icyphy/ptII/ptolemy/actor/lib/test/auto/PublisherPortSubscriberOpaqueWidthInference.xml
----------------- Instantiating /home/travis/build/icyphy/ptII/ptolemy/actor/lib/test/auto/PublisherPortSubscriberOpaqueWidthInference.xml
4 ms. Memory: 1762304K Free: 1189703K (68%)
----------------- Invoking toplevel() on ptolemy.moml.MoMLSimpleApplication@1859bcf5
----------------- Done invoking toplevel() on ptolemy.moml.MoMLSimpleApplication@1859bcf5
reloadAllAccessors: .PublisherPortSubscriberOpaqueWidthInference

===========================================================================================
----------------- testing Wed Feb 27 22:00:39 UTC 2019 /home/travis/build/icyphy/ptII/ptolemy/actor/lib/test/auto/PublisherPortSubscriberPortAdjacent.xml
----------------- Instantiating /home/travis/build/icyphy/ptII/ptolemy/actor/lib/test/auto/PublisherPortSubscriberPortAdjacent.xml
2 ms. Memory: 1762304K Free: 1161301K (66%)
----------------- Invoking toplevel() on ptolemy.moml.MoMLSimpleApplication@7e24c29a
----------------- Done invoking toplevel() on ptolemy.moml.MoMLSimpleApplication@7e24c29a
reloadAllAccessors: .PublisherPortSubscriberPortAdjacent

===========================================================================================
----------------- testing Wed Feb 27 22:00:39 UTC 2019 /home/travis/build/icyphy/ptII/ptolemy/actor/lib/test/auto/PublisherPortSubscriberPortExpression.xml
----------------- Instantiating /home/travis/build/icyphy/ptII/ptolemy/actor/lib/test/auto/PublisherPortSubscriberPortExpression.xml
4 ms. Memory: 1762304K Free: 1139381K (65%)
----------------- Invoking toplevel() on ptolemy.moml.MoMLSimpleApplication@5d014d1f
----------------- Done invoking toplevel() on ptolemy.moml.MoMLSimpleApplication@5d014d1f
reloadAllAccessors: .PublisherPortSubscriberPortExpression

===========================================================================================
----------------- testing Wed Feb 27 22:00:39 UTC 2019 /home/travis/build/icyphy/ptII/ptolemy/actor/lib/test/auto/PublisherPortSubscriberPortOpaqueD3Reverse.xml
----------------- Instantiating /home/travis/build/icyphy/ptII/ptolemy/actor/lib/test/auto/PublisherPortSubscriberPortOpaqueD3Reverse.xml
6 ms. Memory: 1762304K Free: 1117460K (63%)
----------------- Invoking toplevel() on ptolemy.moml.MoMLSimpleApplication@62d0a2e4
----------------- Done invoking toplevel() on ptolemy.moml.MoMLSimpleApplication@62d0a2e4
reloadAllAccessors: .PublisherPortSubscriberPortOpaqueD3Reverse

===========================================================================================
----------------- testing Wed Feb 27 22:00:39 UTC 2019 /home/travis/build/icyphy/ptII/ptolemy/actor/lib/test/auto/PublisherPortSubscriberPortOpaqueWidthInference.xml
----------------- Instantiating /home/travis/build/icyphy/ptII/ptolemy/actor/lib/test/auto/PublisherPortSubscriberPortOpaqueWidthInference.xml
4 ms. Memory: 1762304K Free: 1089058K (62%)
----------------- Invoking toplevel() on ptolemy.moml.MoMLSimpleApplication@76522ca2
----------------- Done invoking toplevel() on ptolemy.moml.MoMLSimpleApplication@76522ca2
reloadAllAccessors: .PublisherPortSubscriberPortOpaqueWidthInference

===========================================================================================
----------------- testing Wed Feb 27 22:00:39 UTC 2019 /home/travis/build/icyphy/ptII/ptolemy/actor/lib/test/auto/PublisherPortToplevelSubscriberPortAOC.xml
----------------- Instantiating /home/travis/build/icyphy/ptII/ptolemy/actor/lib/test/auto/PublisherPortToplevelSubscriberPortAOC.xml
.PublisherPortToplevelSubscriberPortAOC.TestExceptionAttribute: initialize() was not invoked, but wrapup() was.  This is unusual, but not always a problem.  For example, exporting JNLP will do this.
0 ms. Memory: 1762304K Free: 1067137K (61%)
----------------- Invoking toplevel() on ptolemy.moml.MoMLSimpleApplication@1f115bba
----------------- Done invoking toplevel() on ptolemy.moml.MoMLSimpleApplication@1f115bba
reloadAllAccessors: .PublisherPortToplevelSubscriberPortAOC

===========================================================================================
----------------- testing Wed Feb 27 22:00:39 UTC 2019 /home/travis/build/icyphy/ptII/ptolemy/actor/lib/test/auto/PublisherSubscriber.xml
----------------- Instantiating /home/travis/build/icyphy/ptII/ptolemy/actor/lib/test/auto/PublisherSubscriber.xml
2 ms. Memory: 1762304K Free: 1045217K (59%)
----------------- Invoking toplevel() on ptolemy.moml.MoMLSimpleApplication@58bc262b
----------------- Done invoking toplevel() on ptolemy.moml.MoMLSimpleApplication@58bc262b
reloadAllAccessors: .PublisherSubscriber

===========================================================================================
----------------- testing Wed Feb 27 22:00:39 UTC 2019 /home/travis/build/icyphy/ptII/ptolemy/actor/lib/test/auto/PublisherSubscriber10.xml
----------------- Instantiating /home/travis/build/icyphy/ptII/ptolemy/actor/lib/test/auto/PublisherSubscriber10.xml
5 ms. Memory: 1762304K Free: 1016814K (58%)
----------------- Invoking toplevel() on ptolemy.moml.MoMLSimpleApplication@3715377f
----------------- Done invoking toplevel() on ptolemy.moml.MoMLSimpleApplication@3715377f
reloadAllAccessors: .PublisherSubscriber10

===========================================================================================
----------------- testing Wed Feb 27 22:00:39 UTC 2019 /home/travis/build/icyphy/ptII/ptolemy/actor/lib/test/auto/PublisherSubscriber10InitialOutputs.xml
----------------- Instantiating /home/travis/build/icyphy/ptII/ptolemy/actor/lib/test/auto/PublisherSubscriber10InitialOutputs.xml
9 ms. Memory: 1762304K Free: 994894K (56%)
----------------- Invoking toplevel() on ptolemy.moml.MoMLSimpleApplication@500873c9
----------------- Done invoking toplevel() on ptolemy.moml.MoMLSimpleApplication@500873c9
reloadAllAccessors: .PublisherSubscriber10InitialOutputs

===========================================================================================
----------------- testing Wed Feb 27 22:00:39 UTC 2019 /home/travis/build/icyphy/ptII/ptolemy/actor/lib/test/auto/PublisherSubscriber11.xml
----------------- Instantiating /home/travis/build/icyphy/ptII/ptolemy/actor/lib/test/auto/PublisherSubscriber11.xml
2 ms. Memory: 1762304K Free: 966491K (55%)
----------------- Invoking toplevel() on ptolemy.moml.MoMLSimpleApplication@12a3bb1e
----------------- Done invoking toplevel() on ptolemy.moml.MoMLSimpleApplication@12a3bb1e
reloadAllAccessors: .PublisherSubscriber11

===========================================================================================
----------------- testing Wed Feb 27 22:00:39 UTC 2019 /home/travis/build/icyphy/ptII/ptolemy/actor/lib/test/auto/PublisherSubscriber12.xml
----------------- Instantiating /home/travis/build/icyphy/ptII/ptolemy/actor/lib/test/auto/PublisherSubscriber12.xml
2 ms. Memory: 1762304K Free: 944570K (54%)
----------------- Invoking toplevel() on ptolemy.moml.MoMLSimpleApplication@15331c7b
----------------- Done invoking toplevel() on ptolemy.moml.MoMLSimpleApplication@15331c7b
reloadAllAccessors: .PublisherSubscriber12

===========================================================================================
----------------- testing Wed Feb 27 22:00:39 UTC 2019 /home/travis/build/icyphy/ptII/ptolemy/actor/lib/test/auto/PublisherSubscriber13.xml
----------------- Instantiating /home/travis/build/icyphy/ptII/ptolemy/actor/lib/test/auto/PublisherSubscriber13.xml
3 ms. Memory: 1762304K Free: 922650K (52%)
----------------- Invoking toplevel() on ptolemy.moml.MoMLSimpleApplication@28d685a5
----------------- Done invoking toplevel() on ptolemy.moml.MoMLSimpleApplication@28d685a5
reloadAllAccessors: .PublisherSubscriber13

===========================================================================================
----------------- testing Wed Feb 27 22:00:39 UTC 2019 /home/travis/build/icyphy/ptII/ptolemy/actor/lib/test/auto/PublisherSubscriber14.xml
----------------- Instantiating /home/travis/build/icyphy/ptII/ptolemy/actor/lib/test/auto/PublisherSubscriber14.xml
2 ms. Memory: 1762304K Free: 894247K (51%)
----------------- Invoking toplevel() on ptolemy.moml.MoMLSimpleApplication@1ecfbe74
----------------- Done invoking toplevel() on ptolemy.moml.MoMLSimpleApplication@1ecfbe74
reloadAllAccessors: .PublisherSubscriber14

===========================================================================================
----------------- testing Wed Feb 27 22:00:39 UTC 2019 /home/travis/build/icyphy/ptII/ptolemy/actor/lib/test/auto/PublisherSubscriber2.xml
----------------- Instantiating /home/travis/build/icyphy/ptII/ptolemy/actor/lib/test/auto/PublisherSubscriber2.xml
2 ms. Memory: 1762304K Free: 872327K (49%)
----------------- Invoking toplevel() on ptolemy.moml.MoMLSimpleApplication@3629ce71
----------------- Done invoking toplevel() on ptolemy.moml.MoMLSimpleApplication@3629ce71
reloadAllAccessors: .PublisherSubscriber2

===========================================================================================
----------------- testing Wed Feb 27 22:00:39 UTC 2019 /home/travis/build/icyphy/ptII/ptolemy/actor/lib/test/auto/PublisherSubscriber3.xml
----------------- Instantiating /home/travis/build/icyphy/ptII/ptolemy/actor/lib/test/auto/PublisherSubscriber3.xml
2 ms. Memory: 1762304K Free: 850406K (48%)
----------------- Invoking toplevel() on ptolemy.moml.MoMLSimpleApplication@25ad21ec
----------------- Done invoking toplevel() on ptolemy.moml.MoMLSimpleApplication@25ad21ec
reloadAllAccessors: .PublisherSubscriber3

===========================================================================================
----------------- testing Wed Feb 27 22:00:39 UTC 2019 /home/travis/build/icyphy/ptII/ptolemy/actor/lib/test/auto/PublisherSubscriber4.xml
----------------- Instantiating /home/travis/build/icyphy/ptII/ptolemy/actor/lib/test/auto/PublisherSubscriber4.xml
2 ms. Memory: 1762304K Free: 822004K (47%)
----------------- Invoking toplevel() on ptolemy.moml.MoMLSimpleApplication@528219f1
----------------- Done invoking toplevel() on ptolemy.moml.MoMLSimpleApplication@528219f1
reloadAllAccessors: .PublisherSubscriber4

===========================================================================================
----------------- testing Wed Feb 27 22:00:39 UTC 2019 /home/travis/build/icyphy/ptII/ptolemy/actor/lib/test/auto/PublisherSubscriber5.xml
----------------- Instantiating /home/travis/build/icyphy/ptII/ptolemy/actor/lib/test/auto/PublisherSubscriber5.xml
2 ms. Memory: 1762304K Free: 800083K (45%)
----------------- Invoking toplevel() on ptolemy.moml.MoMLSimpleApplication@7d758878
----------------- Done invoking toplevel() on ptolemy.moml.MoMLSimpleApplication@7d758878
reloadAllAccessors: .PublisherSubscriber5

===========================================================================================
----------------- testing Wed Feb 27 22:00:39 UTC 2019 /home/travis/build/icyphy/ptII/ptolemy/actor/lib/test/auto/PublisherSubscriber6.xml
----------------- Instantiating /home/travis/build/icyphy/ptII/ptolemy/actor/lib/test/auto/PublisherSubscriber6.xml
2 ms. Memory: 1762304K Free: 771681K (44%)
----------------- Invoking toplevel() on ptolemy.moml.MoMLSimpleApplication@2bbbfa6c
----------------- Done invoking toplevel() on ptolemy.moml.MoMLSimpleApplication@2bbbfa6c
reloadAllAccessors: .PublisherSubscriber6

===========================================================================================
----------------- testing Wed Feb 27 22:00:39 UTC 2019 /home/travis/build/icyphy/ptII/ptolemy/actor/lib/test/auto/PublisherSubscriber7.xml
----------------- Instantiating /home/travis/build/icyphy/ptII/ptolemy/actor/lib/test/auto/PublisherSubscriber7.xml
2 ms. Memory: 1762304K Free: 749761K (43%)
----------------- Invoking toplevel() on ptolemy.moml.MoMLSimpleApplication@35b722c4
----------------- Done invoking toplevel() on ptolemy.moml.MoMLSimpleApplication@35b722c4
reloadAllAccessors: .PublisherSubscriber7

===========================================================================================
----------------- testing Wed Feb 27 22:00:39 UTC 2019 /home/travis/build/icyphy/ptII/ptolemy/actor/lib/test/auto/PublisherSubscriber8.xml
----------------- Instantiating /home/travis/build/icyphy/ptII/ptolemy/actor/lib/test/auto/PublisherSubscriber8.xml
10 ms. Memory: 1762304K Free: 618238K (35%)
----------------- Invoking toplevel() on ptolemy.moml.MoMLSimpleApplication@329bea3f
----------------- Done invoking toplevel() on ptolemy.moml.MoMLSimpleApplication@329bea3f
reloadAllAccessors: .PublisherSubscriber8

===========================================================================================
----------------- testing Wed Feb 27 22:00:39 UTC 2019 /home/travis/build/icyphy/ptII/ptolemy/actor/lib/test/auto/PublisherSubscriber9.xml
----------------- Instantiating /home/travis/build/icyphy/ptII/ptolemy/actor/lib/test/auto/PublisherSubscriber9.xml
3 ms. Memory: 1762304K Free: 589835K (33%)
----------------- Invoking toplevel() on ptolemy.moml.MoMLSimpleApplication@6cf6fc01
----------------- Done invoking toplevel() on ptolemy.moml.MoMLSimpleApplication@6cf6fc01
reloadAllAccessors: .PublisherSubscriber9

===========================================================================================
----------------- testing Wed Feb 27 22:00:39 UTC 2019 /home/travis/build/icyphy/ptII/ptolemy/actor/lib/test/auto/PublisherSubscriberAdjacent.xml
----------------- Instantiating /home/travis/build/icyphy/ptII/ptolemy/actor/lib/test/auto/PublisherSubscriberAdjacent.xml
2 ms. Memory: 1762304K Free: 567915K (32%)
----------------- Invoking toplevel() on ptolemy.moml.MoMLSimpleApplication@3fd3be3b
----------------- Done invoking toplevel() on ptolemy.moml.MoMLSimpleApplication@3fd3be3b
reloadAllAccessors: .PublisherSubscriberAdjacent

===========================================================================================
----------------- testing Wed Feb 27 22:00:39 UTC 2019 /home/travis/build/icyphy/ptII/ptolemy/actor/lib/test/auto/PublisherSubscriberChannelVariablesAOC2.xml
----------------- Instantiating /home/travis/build/icyphy/ptII/ptolemy/actor/lib/test/auto/PublisherSubscriberChannelVariablesAOC2.xml
2 ms. Memory: 1762304K Free: 535034K (30%)
----------------- Invoking toplevel() on ptolemy.moml.MoMLSimpleApplication@4ea6b046
----------------- Done invoking toplevel() on ptolemy.moml.MoMLSimpleApplication@4ea6b046
reloadAllAccessors: .PublisherSubscriberChannelVariablesAOC2

===========================================================================================
----------------- testing Wed Feb 27 22:00:39 UTC 2019 /home/travis/build/icyphy/ptII/ptolemy/actor/lib/test/auto/PublisherSubscriberD3.xml
----------------- Instantiating /home/travis/build/icyphy/ptII/ptolemy/actor/lib/test/auto/PublisherSubscriberD3.xml
2 ms. Memory: 1762304K Free: 506631K (29%)
----------------- Invoking toplevel() on ptolemy.moml.MoMLSimpleApplication@2bce43ec
----------------- Done invoking toplevel() on ptolemy.moml.MoMLSimpleApplication@2bce43ec
reloadAllAccessors: .PublisherSubscriberD3

===========================================================================================
----------------- testing Wed Feb 27 22:00:39 UTC 2019 /home/travis/build/icyphy/ptII/ptolemy/actor/lib/test/auto/PublisherSubscriberD3Reverse.xml
----------------- Instantiating /home/travis/build/icyphy/ptII/ptolemy/actor/lib/test/auto/PublisherSubscriberD3Reverse.xml
1 ms. Memory: 1762304K Free: 484711K (28%)
----------------- Invoking toplevel() on ptolemy.moml.MoMLSimpleApplication@726147c9
----------------- Done invoking toplevel() on ptolemy.moml.MoMLSimpleApplication@726147c9
reloadAllAccessors: .PublisherSubscriberD3Reverse

===========================================================================================
----------------- testing Wed Feb 27 22:00:39 UTC 2019 /home/travis/build/icyphy/ptII/ptolemy/actor/lib/test/auto/PublisherSubscriberExpression.xml
----------------- Instantiating /home/travis/build/icyphy/ptII/ptolemy/actor/lib/test/auto/PublisherSubscriberExpression.xml
4 ms. Memory: 1762304K Free: 456308K (26%)
----------------- Invoking toplevel() on ptolemy.moml.MoMLSimpleApplication@4b9ca512
----------------- Done invoking toplevel() on ptolemy.moml.MoMLSimpleApplication@4b9ca512
reloadAllAccessors: .PublisherSubscriberExpression

===========================================================================================
----------------- testing Wed Feb 27 22:00:40 UTC 2019 /home/travis/build/icyphy/ptII/ptolemy/actor/lib/test/auto/PublisherSubscriberOpaque.xml
----------------- Instantiating /home/travis/build/icyphy/ptII/ptolemy/actor/lib/test/auto/PublisherSubscriberOpaque.xml
3 ms. Memory: 1762304K Free: 434388K (25%)
----------------- Invoking toplevel() on ptolemy.moml.MoMLSimpleApplication@3758557e
----------------- Done invoking toplevel() on ptolemy.moml.MoMLSimpleApplication@3758557e
reloadAllAccessors: .PublisherSubscriberOpaque

===========================================================================================
----------------- testing Wed Feb 27 22:00:40 UTC 2019 /home/travis/build/icyphy/ptII/ptolemy/actor/lib/test/auto/PublisherSubscriberOpaqueD3.xml
----------------- Instantiating /home/travis/build/icyphy/ptII/ptolemy/actor/lib/test/auto/PublisherSubscriberOpaqueD3.xml
5 ms. Memory: 1762304K Free: 412467K (23%)
----------------- Invoking toplevel() on ptolemy.moml.MoMLSimpleApplication@2fd3c5f3
----------------- Done invoking toplevel() on ptolemy.moml.MoMLSimpleApplication@2fd3c5f3
reloadAllAccessors: .PublisherSubscriberOpaqueD3

===========================================================================================
----------------- testing Wed Feb 27 22:00:40 UTC 2019 /home/travis/build/icyphy/ptII/ptolemy/actor/lib/test/auto/PublisherSubscriberOpaqueD3Reverse.xml
----------------- Instantiating /home/travis/build/icyphy/ptII/ptolemy/actor/lib/test/auto/PublisherSubscriberOpaqueD3Reverse.xml
6 ms. Memory: 1762304K Free: 384065K (22%)
----------------- Invoking toplevel() on ptolemy.moml.MoMLSimpleApplication@a8f8333
----------------- Done invoking toplevel() on ptolemy.moml.MoMLSimpleApplication@a8f8333
reloadAllAccessors: .PublisherSubscriberOpaqueD3Reverse

===========================================================================================
----------------- testing Wed Feb 27 22:00:40 UTC 2019 /home/travis/build/icyphy/ptII/ptolemy/actor/lib/test/auto/PublisherSubscriberOpaqueWidthInference.xml
----------------- Instantiating /home/travis/build/icyphy/ptII/ptolemy/actor/lib/test/auto/PublisherSubscriberOpaqueWidthInference.xml
4 ms. Memory: 1762304K Free: 362144K (21%)
----------------- Invoking toplevel() on ptolemy.moml.MoMLSimpleApplication@71f32dbd
----------------- Done invoking toplevel() on ptolemy.moml.MoMLSimpleApplication@71f32dbd
reloadAllAccessors: .PublisherSubscriberOpaqueWidthInference

===========================================================================================
----------------- testing Wed Feb 27 22:00:40 UTC 2019 /home/travis/build/icyphy/ptII/ptolemy/actor/lib/test/auto/PublisherTestSubscriber.xml
----------------- Instantiating /home/travis/build/icyphy/ptII/ptolemy/actor/lib/test/auto/PublisherTestSubscriber.xml
2 ms. Memory: 1762304K Free: 340224K (19%)
----------------- Invoking toplevel() on ptolemy.moml.MoMLSimpleApplication@1a7110bc
----------------- Done invoking toplevel() on ptolemy.moml.MoMLSimpleApplication@1a7110bc
reloadAllAccessors: .PublisherTestSubscriber

===========================================================================================
----------------- testing Wed Feb 27 22:00:40 UTC 2019 /home/travis/build/icyphy/ptII/ptolemy/actor/lib/test/auto/PublisherToplevelSubscriberPortAOC.xml
----------------- Instantiating /home/travis/build/icyphy/ptII/ptolemy/actor/lib/test/auto/PublisherToplevelSubscriberPortAOC.xml
2 ms. Memory: 1762304K Free: 311821K (18%)
----------------- Invoking toplevel() on ptolemy.moml.MoMLSimpleApplication@3ad91beb
----------------- Done invoking toplevel() on ptolemy.moml.MoMLSimpleApplication@3ad91beb
reloadAllAccessors: .PublisherToplevelSubscriberPortAOC

===========================================================================================
----------------- testing Wed Feb 27 22:00:40 UTC 2019 /home/travis/build/icyphy/ptII/ptolemy/actor/lib/test/auto/PulseFiringLimitDE.xml
----------------- Instantiating /home/travis/build/icyphy/ptII/ptolemy/actor/lib/test/auto/PulseFiringLimitDE.xml
2 ms. Memory: 1762304K Free: 289901K (16%)
----------------- Invoking toplevel() on ptolemy.moml.MoMLSimpleApplication@d5addc3
----------------- Done invoking toplevel() on ptolemy.moml.MoMLSimpleApplication@d5addc3
reloadAllAccessors: .PulseFiringLimitDE

===========================================================================================
----------------- testing Wed Feb 27 22:00:40 UTC 2019 /home/travis/build/icyphy/ptII/ptolemy/actor/lib/test/auto/Ramp1.xml
----------------- Instantiating /home/travis/build/icyphy/ptII/ptolemy/actor/lib/test/auto/Ramp1.xml
1 ms. Memory: 1762304K Free: 261498K (15%)
----------------- Invoking toplevel() on ptolemy.moml.MoMLSimpleApplication@3536548c
----------------- Done invoking toplevel() on ptolemy.moml.MoMLSimpleApplication@3536548c
reloadAllAccessors: .Ramp1

===========================================================================================
----------------- testing Wed Feb 27 22:00:40 UTC 2019 /home/travis/build/icyphy/ptII/ptolemy/actor/lib/test/auto/RampFiringLimitDE.xml
----------------- Instantiating /home/travis/build/icyphy/ptII/ptolemy/actor/lib/test/auto/RampFiringLimitDE.xml
4 ms. Memory: 1762304K Free: 239578K (14%)
----------------- Invoking toplevel() on ptolemy.moml.MoMLSimpleApplication@7e16fac6
----------------- Done invoking toplevel() on ptolemy.moml.MoMLSimpleApplication@7e16fac6
reloadAllAccessors: .RampFiringLimitDE

===========================================================================================
----------------- testing Wed Feb 27 22:00:40 UTC 2019 /home/travis/build/icyphy/ptII/ptolemy/actor/lib/test/auto/RampFiringLimitSDF.xml
----------------- Instantiating /home/travis/build/icyphy/ptII/ptolemy/actor/lib/test/auto/RampFiringLimitSDF.xml
2 ms. Memory: 1762304K Free: 217657K (12%)
----------------- Invoking toplevel() on ptolemy.moml.MoMLSimpleApplication@21d5e5f7
----------------- Done invoking toplevel() on ptolemy.moml.MoMLSimpleApplication@21d5e5f7
reloadAllAccessors: .RampFiringLimitSDF

===========================================================================================
----------------- testing Wed Feb 27 22:00:40 UTC 2019 /home/travis/build/icyphy/ptII/ptolemy/actor/lib/test/auto/RandomInteger.xml
----------------- Instantiating /home/travis/build/icyphy/ptII/ptolemy/actor/lib/test/auto/RandomInteger.xml
1 ms. Memory: 1762304K Free: 189255K (11%)
----------------- Invoking toplevel() on ptolemy.moml.MoMLSimpleApplication@105ce1f2
----------------- Done invoking toplevel() on ptolemy.moml.MoMLSimpleApplication@105ce1f2
reloadAllAccessors: .RandomInteger

===========================================================================================
----------------- testing Wed Feb 27 22:00:40 UTC 2019 /home/travis/build/icyphy/ptII/ptolemy/actor/lib/test/auto/ReadFile1.xml
----------------- Instantiating /home/travis/build/icyphy/ptII/ptolemy/actor/lib/test/auto/ReadFile1.xml
2 ms. Memory: 1762304K Free: 167335K (9%)
----------------- Invoking toplevel() on ptolemy.moml.MoMLSimpleApplication@4d1658df
----------------- Done invoking toplevel() on ptolemy.moml.MoMLSimpleApplication@4d1658df
reloadAllAccessors: .ReadFile1

===========================================================================================
----------------- testing Wed Feb 27 22:00:40 UTC 2019 /home/travis/build/icyphy/ptII/ptolemy/actor/lib/test/auto/ReadFile2.xml
----------------- Instantiating /home/travis/build/icyphy/ptII/ptolemy/actor/lib/test/auto/ReadFile2.xml
2 ms. Memory: 1762304K Free: 138932K (8%)
----------------- Invoking toplevel() on ptolemy.moml.MoMLSimpleApplication@1b6c6211
----------------- Done invoking toplevel() on ptolemy.moml.MoMLSimpleApplication@1b6c6211
reloadAllAccessors: .ReadFile2

===========================================================================================
----------------- testing Wed Feb 27 22:00:40 UTC 2019 /home/travis/build/icyphy/ptII/ptolemy/actor/lib/test/auto/Reader.xml
----------------- Instantiating /home/travis/build/icyphy/ptII/ptolemy/actor/lib/test/auto/Reader.xml
actor.lib.Reader is obsolete, use actor.lib.io.ExpressionReader instead
2 ms. Memory: 1762304K Free: 117012K (7%)
----------------- Invoking toplevel() on ptolemy.moml.MoMLSimpleApplication@46050172
----------------- Done invoking toplevel() on ptolemy.moml.MoMLSimpleApplication@46050172
reloadAllAccessors: .Reader

===========================================================================================
----------------- testing Wed Feb 27 22:00:40 UTC 2019 /home/travis/build/icyphy/ptII/ptolemy/actor/lib/test/auto/RecordAssemblerDisplayNameTest.xml
----------------- Instantiating /home/travis/build/icyphy/ptII/ptolemy/actor/lib/test/auto/RecordAssemblerDisplayNameTest.xml
2739 ms. Memory: 1781248K Free: 524792K (29%)
----------------- Invoking toplevel() on ptolemy.moml.MoMLSimpleApplication@3ecc559c
----------------- Done invoking toplevel() on ptolemy.moml.MoMLSimpleApplication@3ecc559c
reloadAllAccessors: .RecordAssemblerDisplayNameTest

===========================================================================================
----------------- testing Wed Feb 27 22:00:43 UTC 2019 /home/travis/build/icyphy/ptII/ptolemy/actor/lib/test/auto/RecordAssemblerTypeError.xml
----------------- Instantiating /home/travis/build/icyphy/ptII/ptolemy/actor/lib/test/auto/RecordAssemblerTypeError.xml
5 ms. Memory: 1781248K Free: 488982K (27%)
----------------- Invoking toplevel() on ptolemy.moml.MoMLSimpleApplication@400c0c48
----------------- Done invoking toplevel() on ptolemy.moml.MoMLSimpleApplication@400c0c48
reloadAllAccessors: .RecordAssemblerTypeError

===========================================================================================
----------------- testing Wed Feb 27 22:00:43 UTC 2019 /home/travis/build/icyphy/ptII/ptolemy/actor/lib/test/auto/RecordDisassember.xml
----------------- Instantiating /home/travis/build/icyphy/ptII/ptolemy/actor/lib/test/auto/RecordDisassember.xml
7 ms. Memory: 1781248K Free: 472331K (27%)
----------------- Invoking toplevel() on ptolemy.moml.MoMLSimpleApplication@16c0ce77
----------------- Done invoking toplevel() on ptolemy.moml.MoMLSimpleApplication@16c0ce77
reloadAllAccessors: .RecordDisassember

===========================================================================================
----------------- testing Wed Feb 27 22:00:43 UTC 2019 /home/travis/build/icyphy/ptII/ptolemy/actor/lib/test/auto/RecordDisassemberDisplayNameTest.xml
----------------- Instantiating /home/travis/build/icyphy/ptII/ptolemy/actor/lib/test/auto/RecordDisassemberDisplayNameTest.xml
5 ms. Memory: 1781248K Free: 450397K (25%)
----------------- Invoking toplevel() on ptolemy.moml.MoMLSimpleApplication@465ff4c0
----------------- Done invoking toplevel() on ptolemy.moml.MoMLSimpleApplication@465ff4c0
reloadAllAccessors: .RecordDisassemberDisplayNameTest

===========================================================================================
----------------- testing Wed Feb 27 22:00:43 UTC 2019 /home/travis/build/icyphy/ptII/ptolemy/actor/lib/test/auto/RecordDisassembler.xml
----------------- Instantiating /home/travis/build/icyphy/ptII/ptolemy/actor/lib/test/auto/RecordDisassembler.xml
2 ms. Memory: 1781248K Free: 433746K (24%)
----------------- Invoking toplevel() on ptolemy.moml.MoMLSimpleApplication@6e8f1dff
----------------- Done invoking toplevel() on ptolemy.moml.MoMLSimpleApplication@6e8f1dff
reloadAllAccessors: .RecordDisassembler

===========================================================================================
----------------- testing Wed Feb 27 22:00:43 UTC 2019 /home/travis/build/icyphy/ptII/ptolemy/actor/lib/test/auto/RecordDisassembler2.xml
----------------- Instantiating /home/travis/build/icyphy/ptII/ptolemy/actor/lib/test/auto/RecordDisassembler2.xml
2 ms. Memory: 1781248K Free: 411812K (23%)
----------------- Invoking toplevel() on ptolemy.moml.MoMLSimpleApplication@782f59b3
----------------- Done invoking toplevel() on ptolemy.moml.MoMLSimpleApplication@782f59b3
reloadAllAccessors: .RecordDisassembler2

===========================================================================================
----------------- testing Wed Feb 27 22:00:43 UTC 2019 /home/travis/build/icyphy/ptII/ptolemy/actor/lib/test/auto/RecordUpdater.xml
----------------- Instantiating /home/travis/build/icyphy/ptII/ptolemy/actor/lib/test/auto/RecordUpdater.xml
2 ms. Memory: 1781248K Free: 395162K (22%)
----------------- Invoking toplevel() on ptolemy.moml.MoMLSimpleApplication@6a728374
----------------- Done invoking toplevel() on ptolemy.moml.MoMLSimpleApplication@6a728374
reloadAllAccessors: .RecordUpdater

===========================================================================================
----------------- testing Wed Feb 27 22:00:43 UTC 2019 /home/travis/build/icyphy/ptII/ptolemy/actor/lib/test/auto/RecordUpdater2.xml
----------------- Instantiating /home/travis/build/icyphy/ptII/ptolemy/actor/lib/test/auto/RecordUpdater2.xml
1 ms. Memory: 1781248K Free: 373227K (21%)
----------------- Invoking toplevel() on ptolemy.moml.MoMLSimpleApplication@4dcd6a50
----------------- Done invoking toplevel() on ptolemy.moml.MoMLSimpleApplication@4dcd6a50
reloadAllAccessors: .RecordUpdater2

===========================================================================================
----------------- testing Wed Feb 27 22:00:43 UTC 2019 /home/travis/build/icyphy/ptII/ptolemy/actor/lib/test/auto/RecursiveLattice.xml
----------------- Instantiating /home/travis/build/icyphy/ptII/ptolemy/actor/lib/test/auto/RecursiveLattice.xml
1 ms. Memory: 1781248K Free: 356577K (20%)
----------------- Invoking toplevel() on ptolemy.moml.MoMLSimpleApplication@1ccf1b9d
----------------- Done invoking toplevel() on ptolemy.moml.MoMLSimpleApplication@1ccf1b9d
reloadAllAccessors: .RecursiveLattice

===========================================================================================
----------------- testing Wed Feb 27 22:00:43 UTC 2019 /home/travis/build/icyphy/ptII/ptolemy/actor/lib/test/auto/Router.xml
----------------- Instantiating /home/travis/build/icyphy/ptII/ptolemy/actor/lib/test/auto/Router.xml
3004 ms. Memory: 1781248K Free: 334642K (19%)
----------------- Invoking toplevel() on ptolemy.moml.MoMLSimpleApplication@57abc6d7
----------------- Done invoking toplevel() on ptolemy.moml.MoMLSimpleApplication@57abc6d7
reloadAllAccessors: .Router

===========================================================================================
----------------- testing Wed Feb 27 22:00:46 UTC 2019 /home/travis/build/icyphy/ptII/ptolemy/actor/lib/test/auto/Router2.xml
----------------- Instantiating /home/travis/build/icyphy/ptII/ptolemy/actor/lib/test/auto/Router2.xml
3004 ms. Memory: 1781248K Free: 317992K (18%)
----------------- Invoking toplevel() on ptolemy.moml.MoMLSimpleApplication@59922882
----------------- Done invoking toplevel() on ptolemy.moml.MoMLSimpleApplication@59922882
reloadAllAccessors: .Router2

===========================================================================================
----------------- testing Wed Feb 27 22:00:49 UTC 2019 /home/travis/build/icyphy/ptII/ptolemy/actor/lib/test/auto/RunningMaximum.xml
----------------- Instantiating /home/travis/build/icyphy/ptII/ptolemy/actor/lib/test/auto/RunningMaximum.xml
2 ms. Memory: 1781248K Free: 296057K (17%)
----------------- Invoking toplevel() on ptolemy.moml.MoMLSimpleApplication@1d51d991
----------------- Done invoking toplevel() on ptolemy.moml.MoMLSimpleApplication@1d51d991
reloadAllAccessors: .RunningMaximum

===========================================================================================
----------------- testing Wed Feb 27 22:00:49 UTC 2019 /home/travis/build/icyphy/ptII/ptolemy/actor/lib/test/auto/RunningMinimum.xml
----------------- Instantiating /home/travis/build/icyphy/ptII/ptolemy/actor/lib/test/auto/RunningMinimum.xml
3 ms. Memory: 1781248K Free: 279407K (16%)
----------------- Invoking toplevel() on ptolemy.moml.MoMLSimpleApplication@47a0b758
----------------- Done invoking toplevel() on ptolemy.moml.MoMLSimpleApplication@47a0b758
reloadAllAccessors: .RunningMinimum

===========================================================================================
----------------- testing Wed Feb 27 22:00:49 UTC 2019 /home/travis/build/icyphy/ptII/ptolemy/actor/lib/test/auto/Scale.xml
----------------- Instantiating /home/travis/build/icyphy/ptII/ptolemy/actor/lib/test/auto/Scale.xml
2 ms. Memory: 1781248K Free: 257473K (14%)
----------------- Invoking toplevel() on ptolemy.moml.MoMLSimpleApplication@17567845
----------------- Done invoking toplevel() on ptolemy.moml.MoMLSimpleApplication@17567845
reloadAllAccessors: .Scale

===========================================================================================
----------------- testing Wed Feb 27 22:00:49 UTC 2019 /home/travis/build/icyphy/ptII/ptolemy/actor/lib/test/auto/Scale2.xml
----------------- Instantiating /home/travis/build/icyphy/ptII/ptolemy/actor/lib/test/auto/Scale2.xml
2 ms. Memory: 1781248K Free: 240823K (14%)
----------------- Invoking toplevel() on ptolemy.moml.MoMLSimpleApplication@74be4f98
----------------- Done invoking toplevel() on ptolemy.moml.MoMLSimpleApplication@74be4f98
reloadAllAccessors: .Scale2

===========================================================================================
----------------- testing Wed Feb 27 22:00:49 UTC 2019 /home/travis/build/icyphy/ptII/ptolemy/actor/lib/test/auto/Scale3.xml
----------------- Instantiating /home/travis/build/icyphy/ptII/ptolemy/actor/lib/test/auto/Scale3.xml
7 ms. Memory: 1781248K Free: 218888K (12%)
----------------- Invoking toplevel() on ptolemy.moml.MoMLSimpleApplication@ffff845
----------------- Done invoking toplevel() on ptolemy.moml.MoMLSimpleApplication@ffff845
reloadAllAccessors: .Scale3

===========================================================================================
----------------- testing Wed Feb 27 22:00:49 UTC 2019 /home/travis/build/icyphy/ptII/ptolemy/actor/lib/test/auto/ScaleArray.xml
----------------- Instantiating /home/travis/build/icyphy/ptII/ptolemy/actor/lib/test/auto/ScaleArray.xml
3 ms. Memory: 1781248K Free: 202238K (11%)
----------------- Invoking toplevel() on ptolemy.moml.MoMLSimpleApplication@3f957949
----------------- Done invoking toplevel() on ptolemy.moml.MoMLSimpleApplication@3f957949
reloadAllAccessors: .ScaleArray

===========================================================================================
----------------- testing Wed Feb 27 22:00:49 UTC 2019 /home/travis/build/icyphy/ptII/ptolemy/actor/lib/test/auto/ScaleArray2.xml
----------------- Instantiating /home/travis/build/icyphy/ptII/ptolemy/actor/lib/test/auto/ScaleArray2.xml
1 ms. Memory: 1781248K Free: 185588K (10%)
----------------- Invoking toplevel() on ptolemy.moml.MoMLSimpleApplication@fa980d8
----------------- Done invoking toplevel() on ptolemy.moml.MoMLSimpleApplication@fa980d8
reloadAllAccessors: .ScaleArray2

===========================================================================================
----------------- testing Wed Feb 27 22:00:49 UTC 2019 /home/travis/build/icyphy/ptII/ptolemy/actor/lib/test/auto/ScaleMatrix.xml
----------------- Instantiating /home/travis/build/icyphy/ptII/ptolemy/actor/lib/test/auto/ScaleMatrix.xml
122 ms. Memory: 1781248K Free: 155288K (9%)
----------------- Invoking toplevel() on ptolemy.moml.MoMLSimpleApplication@4920bdc2
----------------- Done invoking toplevel() on ptolemy.moml.MoMLSimpleApplication@4920bdc2
reloadAllAccessors: .ScaleMatrix

===========================================================================================
----------------- testing Wed Feb 27 22:00:49 UTC 2019 /home/travis/build/icyphy/ptII/ptolemy/actor/lib/test/auto/Select.xml
----------------- Instantiating /home/travis/build/icyphy/ptII/ptolemy/actor/lib/test/auto/Select.xml
2 ms. Memory: 1781248K Free: 138637K (8%)
----------------- Invoking toplevel() on ptolemy.moml.MoMLSimpleApplication@13fa538a
----------------- Done invoking toplevel() on ptolemy.moml.MoMLSimpleApplication@13fa538a
reloadAllAccessors: .Select

===========================================================================================
----------------- testing Wed Feb 27 22:00:49 UTC 2019 /home/travis/build/icyphy/ptII/ptolemy/actor/lib/test/auto/Select2.xml
----------------- Instantiating /home/travis/build/icyphy/ptII/ptolemy/actor/lib/test/auto/Select2.xml
1 ms. Memory: 1781248K Free: 116703K (7%)
----------------- Invoking toplevel() on ptolemy.moml.MoMLSimpleApplication@74452395
----------------- Done invoking toplevel() on ptolemy.moml.MoMLSimpleApplication@74452395
reloadAllAccessors: .Select2

===========================================================================================
----------------- testing Wed Feb 27 22:00:49 UTC 2019 /home/travis/build/icyphy/ptII/ptolemy/actor/lib/test/auto/SequenceToArray2.xml
----------------- Instantiating /home/travis/build/icyphy/ptII/ptolemy/actor/lib/test/auto/SequenceToArray2.xml
78 ms. Memory: 1782272K Free: 1680658K (94%)
----------------- Invoking toplevel() on ptolemy.moml.MoMLSimpleApplication@4b23a480
----------------- Done invoking toplevel() on ptolemy.moml.MoMLSimpleApplication@4b23a480
reloadAllAccessors: .SequenceToArray2

===========================================================================================
----------------- testing Wed Feb 27 22:00:49 UTC 2019 /home/travis/build/icyphy/ptII/ptolemy/actor/lib/test/auto/SequentialClock.xml
----------------- Instantiating /home/travis/build/icyphy/ptII/ptolemy/actor/lib/test/auto/SequentialClock.xml
1 ms. Memory: 1782272K Free: 1659289K (93%)
----------------- Invoking toplevel() on ptolemy.moml.MoMLSimpleApplication@2770a83
----------------- Done invoking toplevel() on ptolemy.moml.MoMLSimpleApplication@2770a83
reloadAllAccessors: .SequentialClock

===========================================================================================
----------------- testing Wed Feb 27 22:00:49 UTC 2019 /home/travis/build/icyphy/ptII/ptolemy/actor/lib/test/auto/SetVariable.xml
----------------- Instantiating /home/travis/build/icyphy/ptII/ptolemy/actor/lib/test/auto/SetVariable.xml
2 ms. Memory: 1782272K Free: 1642166K (92%)
----------------- Invoking toplevel() on ptolemy.moml.MoMLSimpleApplication@572d586b
----------------- Done invoking toplevel() on ptolemy.moml.MoMLSimpleApplication@572d586b
reloadAllAccessors: .SetVariable

===========================================================================================
----------------- testing Wed Feb 27 22:00:49 UTC 2019 /home/travis/build/icyphy/ptII/ptolemy/actor/lib/test/auto/SetVariable2.xml
----------------- Instantiating /home/travis/build/icyphy/ptII/ptolemy/actor/lib/test/auto/SetVariable2.xml
3 ms. Memory: 1782272K Free: 1628846K (91%)
----------------- Invoking toplevel() on ptolemy.moml.MoMLSimpleApplication@721cab19
----------------- Done invoking toplevel() on ptolemy.moml.MoMLSimpleApplication@721cab19
reloadAllAccessors: .SetVariable2

===========================================================================================
----------------- testing Wed Feb 27 22:00:49 UTC 2019 /home/travis/build/icyphy/ptII/ptolemy/actor/lib/test/auto/SetVariable3.xml
----------------- Instantiating /home/travis/build/icyphy/ptII/ptolemy/actor/lib/test/auto/SetVariable3.xml
4 ms. Memory: 1782272K Free: 1611723K (90%)
----------------- Invoking toplevel() on ptolemy.moml.MoMLSimpleApplication@331d4d4e
----------------- Done invoking toplevel() on ptolemy.moml.MoMLSimpleApplication@331d4d4e
reloadAllAccessors: .SetVariable3

===========================================================================================
----------------- testing Wed Feb 27 22:00:49 UTC 2019 /home/travis/build/icyphy/ptII/ptolemy/actor/lib/test/auto/SetVariable4.xml
----------------- Instantiating /home/travis/build/icyphy/ptII/ptolemy/actor/lib/test/auto/SetVariable4.xml
12 ms. Memory: 1782272K Free: 1547979K (87%)
----------------- Invoking toplevel() on ptolemy.moml.MoMLSimpleApplication@62f61e7c
----------------- Done invoking toplevel() on ptolemy.moml.MoMLSimpleApplication@62f61e7c
reloadAllAccessors: .SetVariable4

===========================================================================================
----------------- testing Wed Feb 27 22:00:49 UTC 2019 /home/travis/build/icyphy/ptII/ptolemy/actor/lib/test/auto/SetVariable5.xml
----------------- Instantiating /home/travis/build/icyphy/ptII/ptolemy/actor/lib/test/auto/SetVariable5.xml
17 ms. Memory: 1782272K Free: 1534659K (86%)
----------------- Invoking toplevel() on ptolemy.moml.MoMLSimpleApplication@2615c125
----------------- Done invoking toplevel() on ptolemy.moml.MoMLSimpleApplication@2615c125
reloadAllAccessors: .SetVariable5

===========================================================================================
----------------- testing Wed Feb 27 22:00:49 UTC 2019 /home/travis/build/icyphy/ptII/ptolemy/actor/lib/test/auto/Sinewave.xml
----------------- Instantiating /home/travis/build/icyphy/ptII/ptolemy/actor/lib/test/auto/Sinewave.xml
3 ms. Memory: 1782272K Free: 1510868K (85%)
----------------- Invoking toplevel() on ptolemy.moml.MoMLSimpleApplication@3e63909d
----------------- Done invoking toplevel() on ptolemy.moml.MoMLSimpleApplication@3e63909d
reloadAllAccessors: .Sinewave

===========================================================================================
----------------- testing Wed Feb 27 22:00:49 UTC 2019 /home/travis/build/icyphy/ptII/ptolemy/actor/lib/test/auto/Sinewave2.xml
----------------- Instantiating /home/travis/build/icyphy/ptII/ptolemy/actor/lib/test/auto/Sinewave2.xml
4 ms. Memory: 1782272K Free: 1493745K (84%)
----------------- Invoking toplevel() on ptolemy.moml.MoMLSimpleApplication@47cc9f4
----------------- Done invoking toplevel() on ptolemy.moml.MoMLSimpleApplication@47cc9f4
reloadAllAccessors: .Sinewave2

===========================================================================================
----------------- testing Wed Feb 27 22:00:49 UTC 2019 /home/travis/build/icyphy/ptII/ptolemy/actor/lib/test/auto/Sinewave3.xml
----------------- Instantiating /home/travis/build/icyphy/ptII/ptolemy/actor/lib/test/auto/Sinewave3.xml
8 ms. Memory: 1782272K Free: 1480425K (83%)
----------------- Invoking toplevel() on ptolemy.moml.MoMLSimpleApplication@119ab91
----------------- Done invoking toplevel() on ptolemy.moml.MoMLSimpleApplication@119ab91
reloadAllAccessors: .Sinewave3

===========================================================================================
----------------- testing Wed Feb 27 22:00:49 UTC 2019 /home/travis/build/icyphy/ptII/ptolemy/actor/lib/test/auto/SingleEvent.xml
----------------- Instantiating /home/travis/build/icyphy/ptII/ptolemy/actor/lib/test/auto/SingleEvent.xml
1 ms. Memory: 1782272K Free: 1463302K (82%)
----------------- Invoking toplevel() on ptolemy.moml.MoMLSimpleApplication@46738538
----------------- Done invoking toplevel() on ptolemy.moml.MoMLSimpleApplication@46738538
reloadAllAccessors: .SingleEvent

===========================================================================================
----------------- testing Wed Feb 27 22:00:49 UTC 2019 /home/travis/build/icyphy/ptII/ptolemy/actor/lib/test/auto/Sleep.xml
----------------- Instantiating /home/travis/build/icyphy/ptII/ptolemy/actor/lib/test/auto/Sleep.xml
6003 ms. Memory: 1782272K Free: 1446179K (81%)
----------------- Invoking toplevel() on ptolemy.moml.MoMLSimpleApplication@37046302
----------------- Done invoking toplevel() on ptolemy.moml.MoMLSimpleApplication@37046302
reloadAllAccessors: .Sleep

===========================================================================================
----------------- testing Wed Feb 27 22:00:55 UTC 2019 /home/travis/build/icyphy/ptII/ptolemy/actor/lib/test/auto/SleepMultipleFire.xml
----------------- Instantiating /home/travis/build/icyphy/ptII/ptolemy/actor/lib/test/auto/SleepMultipleFire.xml
1005 ms. Memory: 1782272K Free: 1432859K (80%)
----------------- Invoking toplevel() on ptolemy.moml.MoMLSimpleApplication@675bb222
----------------- Done invoking toplevel() on ptolemy.moml.MoMLSimpleApplication@675bb222
reloadAllAccessors: .SleepMultipleFire

===========================================================================================
----------------- testing Wed Feb 27 22:00:56 UTC 2019 /home/travis/build/icyphy/ptII/ptolemy/actor/lib/test/auto/StopDE.xml
----------------- Instantiating /home/travis/build/icyphy/ptII/ptolemy/actor/lib/test/auto/StopDE.xml
2 ms. Memory: 1782272K Free: 1415736K (79%)
----------------- Invoking toplevel() on ptolemy.moml.MoMLSimpleApplication@61b2a070
----------------- Done invoking toplevel() on ptolemy.moml.MoMLSimpleApplication@61b2a070
reloadAllAccessors: .StopDE

===========================================================================================
----------------- testing Wed Feb 27 22:00:56 UTC 2019 /home/travis/build/icyphy/ptII/ptolemy/actor/lib/test/auto/StopSDF.xml
----------------- Instantiating /home/travis/build/icyphy/ptII/ptolemy/actor/lib/test/auto/StopSDF.xml
2 ms. Memory: 1782272K Free: 1398613K (78%)
----------------- Invoking toplevel() on ptolemy.moml.MoMLSimpleApplication@2a3a2613
----------------- Done invoking toplevel() on ptolemy.moml.MoMLSimpleApplication@2a3a2613
reloadAllAccessors: .StopSDF

===========================================================================================
----------------- testing Wed Feb 27 22:00:56 UTC 2019 /home/travis/build/icyphy/ptII/ptolemy/actor/lib/test/auto/StringConstant.xml
----------------- Instantiating /home/travis/build/icyphy/ptII/ptolemy/actor/lib/test/auto/StringConstant.xml
1 ms. Memory: 1782272K Free: 1385293K (78%)
----------------- Invoking toplevel() on ptolemy.moml.MoMLSimpleApplication@cd8779f
----------------- Done invoking toplevel() on ptolemy.moml.MoMLSimpleApplication@cd8779f
reloadAllAccessors: .StringConstant

===========================================================================================
----------------- testing Wed Feb 27 22:00:56 UTC 2019 /home/travis/build/icyphy/ptII/ptolemy/actor/lib/test/auto/SubscriberPortInitialValues1.xml
----------------- Instantiating /home/travis/build/icyphy/ptII/ptolemy/actor/lib/test/auto/SubscriberPortInitialValues1.xml
4 ms. Memory: 1782272K Free: 1368170K (77%)
----------------- Invoking toplevel() on ptolemy.moml.MoMLSimpleApplication@2ecc45cc
----------------- Done invoking toplevel() on ptolemy.moml.MoMLSimpleApplication@2ecc45cc
reloadAllAccessors: .SubscriberPortInitialValues1

===========================================================================================
----------------- testing Wed Feb 27 22:00:56 UTC 2019 /home/travis/build/icyphy/ptII/ptolemy/actor/lib/test/auto/SubscriberPortInitialValues13.xml
----------------- Instantiating /home/travis/build/icyphy/ptII/ptolemy/actor/lib/test/auto/SubscriberPortInitialValues13.xml
4 ms. Memory: 1782272K Free: 1344387K (75%)
----------------- Invoking toplevel() on ptolemy.moml.MoMLSimpleApplication@4877f70
----------------- Done invoking toplevel() on ptolemy.moml.MoMLSimpleApplication@4877f70
reloadAllAccessors: .SubscriberPortInitialValues13

===========================================================================================
----------------- testing Wed Feb 27 22:00:56 UTC 2019 /home/travis/build/icyphy/ptII/ptolemy/actor/lib/test/auto/SubscriberPortInitialValues14.xml
----------------- Instantiating /home/travis/build/icyphy/ptII/ptolemy/actor/lib/test/auto/SubscriberPortInitialValues14.xml
3 ms. Memory: 1782272K Free: 1331067K (75%)
----------------- Invoking toplevel() on ptolemy.moml.MoMLSimpleApplication@60017f39
----------------- Done invoking toplevel() on ptolemy.moml.MoMLSimpleApplication@60017f39
reloadAllAccessors: .SubscriberPortInitialValues14

===========================================================================================
----------------- testing Wed Feb 27 22:00:57 UTC 2019 /home/travis/build/icyphy/ptII/ptolemy/actor/lib/test/auto/SubscriberPortInitialValues2.xml
----------------- Instantiating /home/travis/build/icyphy/ptII/ptolemy/actor/lib/test/auto/SubscriberPortInitialValues2.xml
3 ms. Memory: 1782272K Free: 1313943K (74%)
----------------- Invoking toplevel() on ptolemy.moml.MoMLSimpleApplication@6d4cbf08
----------------- Done invoking toplevel() on ptolemy.moml.MoMLSimpleApplication@6d4cbf08
reloadAllAccessors: .SubscriberPortInitialValues2

===========================================================================================
----------------- testing Wed Feb 27 22:00:57 UTC 2019 /home/travis/build/icyphy/ptII/ptolemy/actor/lib/test/auto/SubscriberPortInitialValues3.xml
----------------- Instantiating /home/travis/build/icyphy/ptII/ptolemy/actor/lib/test/auto/SubscriberPortInitialValues3.xml
4 ms. Memory: 1782272K Free: 1290144K (72%)
----------------- Invoking toplevel() on ptolemy.moml.MoMLSimpleApplication@13ced29c
----------------- Done invoking toplevel() on ptolemy.moml.MoMLSimpleApplication@13ced29c
reloadAllAccessors: .SubscriberPortInitialValues3

===========================================================================================
----------------- testing Wed Feb 27 22:00:57 UTC 2019 /home/travis/build/icyphy/ptII/ptolemy/actor/lib/test/auto/SubscriptionAggregator.xml
----------------- Instantiating /home/travis/build/icyphy/ptII/ptolemy/actor/lib/test/auto/SubscriptionAggregator.xml
2 ms. Memory: 1782272K Free: 1276824K (72%)
----------------- Invoking toplevel() on ptolemy.moml.MoMLSimpleApplication@e76c1c7
----------------- Done invoking toplevel() on ptolemy.moml.MoMLSimpleApplication@e76c1c7
reloadAllAccessors: .SubscriptionAggregator

===========================================================================================
----------------- testing Wed Feb 27 22:00:57 UTC 2019 /home/travis/build/icyphy/ptII/ptolemy/actor/lib/test/auto/SubscriptionAggregator2.xml
----------------- Instantiating /home/travis/build/icyphy/ptII/ptolemy/actor/lib/test/auto/SubscriptionAggregator2.xml
2 ms. Memory: 1782272K Free: 1259701K (71%)
----------------- Invoking toplevel() on ptolemy.moml.MoMLSimpleApplication@6ee98ae4
----------------- Done invoking toplevel() on ptolemy.moml.MoMLSimpleApplication@6ee98ae4
reloadAllAccessors: .SubscriptionAggregator2

===========================================================================================
----------------- testing Wed Feb 27 22:00:57 UTC 2019 /home/travis/build/icyphy/ptII/ptolemy/actor/lib/test/auto/SubscriptionAggregator3.xml
----------------- Instantiating /home/travis/build/icyphy/ptII/ptolemy/actor/lib/test/auto/SubscriptionAggregator3.xml
3 ms. Memory: 1782272K Free: 1242578K (70%)
----------------- Invoking toplevel() on ptolemy.moml.MoMLSimpleApplication@53007f91
----------------- Done invoking toplevel() on ptolemy.moml.MoMLSimpleApplication@53007f91
reloadAllAccessors: .SubscriptionAggregator3

===========================================================================================
----------------- testing Wed Feb 27 22:00:57 UTC 2019 /home/travis/build/icyphy/ptII/ptolemy/actor/lib/test/auto/SubscriptionAggregatorMultiply.xml
----------------- Instantiating /home/travis/build/icyphy/ptII/ptolemy/actor/lib/test/auto/SubscriptionAggregatorMultiply.xml
2 ms. Memory: 1782272K Free: 1229258K (69%)
----------------- Invoking toplevel() on ptolemy.moml.MoMLSimpleApplication@392723df
----------------- Done invoking toplevel() on ptolemy.moml.MoMLSimpleApplication@392723df
reloadAllAccessors: .SubscriptionAggregatorMultiply

===========================================================================================
----------------- testing Wed Feb 27 22:00:57 UTC 2019 /home/travis/build/icyphy/ptII/ptolemy/actor/lib/test/auto/SubscriptionAggregatorPortMultiply1.xml
----------------- Instantiating /home/travis/build/icyphy/ptII/ptolemy/actor/lib/test/auto/SubscriptionAggregatorPortMultiply1.xml
3 ms. Memory: 1782272K Free: 1212135K (68%)
----------------- Invoking toplevel() on ptolemy.moml.MoMLSimpleApplication@5de7d114
----------------- Done invoking toplevel() on ptolemy.moml.MoMLSimpleApplication@5de7d114
reloadAllAccessors: .SubscriptionAggregatorPortMultiply1

===========================================================================================
----------------- testing Wed Feb 27 22:00:57 UTC 2019 /home/travis/build/icyphy/ptII/ptolemy/actor/lib/test/auto/Switch.xml
----------------- Instantiating /home/travis/build/icyphy/ptII/ptolemy/actor/lib/test/auto/Switch.xml
3 ms. Memory: 1782272K Free: 1155025K (65%)
----------------- Invoking toplevel() on ptolemy.moml.MoMLSimpleApplication@4b6d991a
----------------- Done invoking toplevel() on ptolemy.moml.MoMLSimpleApplication@4b6d991a
reloadAllAccessors: .Switch

===========================================================================================
----------------- testing Wed Feb 27 22:00:57 UTC 2019 /home/travis/build/icyphy/ptII/ptolemy/actor/lib/test/auto/Switch2.xml
----------------- Instantiating /home/travis/build/icyphy/ptII/ptolemy/actor/lib/test/auto/Switch2.xml
1 ms. Memory: 1782272K Free: 1141705K (64%)
----------------- Invoking toplevel() on ptolemy.moml.MoMLSimpleApplication@611ff945
----------------- Done invoking toplevel() on ptolemy.moml.MoMLSimpleApplication@611ff945
reloadAllAccessors: .Switch2

===========================================================================================
----------------- testing Wed Feb 27 22:00:57 UTC 2019 /home/travis/build/icyphy/ptII/ptolemy/actor/lib/test/auto/SwitchDE.xml
----------------- Instantiating /home/travis/build/icyphy/ptII/ptolemy/actor/lib/test/auto/SwitchDE.xml
2 ms. Memory: 1782272K Free: 1124582K (63%)
----------------- Invoking toplevel() on ptolemy.moml.MoMLSimpleApplication@1af19507
----------------- Done invoking toplevel() on ptolemy.moml.MoMLSimpleApplication@1af19507
reloadAllAccessors: .SwitchDE

===========================================================================================
----------------- testing Wed Feb 27 22:00:57 UTC 2019 /home/travis/build/icyphy/ptII/ptolemy/actor/lib/test/auto/SynchronizerDE.xml
----------------- Instantiating /home/travis/build/icyphy/ptII/ptolemy/actor/lib/test/auto/SynchronizerDE.xml
3 ms. Memory: 1782272K Free: 1107460K (62%)
----------------- Invoking toplevel() on ptolemy.moml.MoMLSimpleApplication@22e04859
----------------- Done invoking toplevel() on ptolemy.moml.MoMLSimpleApplication@22e04859
reloadAllAccessors: .SynchronizerDE

===========================================================================================
----------------- testing Wed Feb 27 22:00:57 UTC 2019 /home/travis/build/icyphy/ptII/ptolemy/actor/lib/test/auto/Test.xml
----------------- Instantiating /home/travis/build/icyphy/ptII/ptolemy/actor/lib/test/auto/Test.xml
1 ms. Memory: 1782272K Free: 1094139K (61%)
----------------- Invoking toplevel() on ptolemy.moml.MoMLSimpleApplication@7e29532b
----------------- Done invoking toplevel() on ptolemy.moml.MoMLSimpleApplication@7e29532b
reloadAllAccessors: .Test

===========================================================================================
----------------- testing Wed Feb 27 22:00:57 UTC 2019 /home/travis/build/icyphy/ptII/ptolemy/actor/lib/test/auto/TestExceptionAttribute1.xml
----------------- Instantiating /home/travis/build/icyphy/ptII/ptolemy/actor/lib/test/auto/TestExceptionAttribute1.xml
1 ms. Memory: 1782272K Free: 1077016K (60%)
----------------- Invoking toplevel() on ptolemy.moml.MoMLSimpleApplication@6da5c764
----------------- Done invoking toplevel() on ptolemy.moml.MoMLSimpleApplication@6da5c764
reloadAllAccessors: .TestExceptionAttribute1

===========================================================================================
----------------- testing Wed Feb 27 22:00:57 UTC 2019 /home/travis/build/icyphy/ptII/ptolemy/actor/lib/test/auto/TestExceptionAttribute2.xml
----------------- Instantiating /home/travis/build/icyphy/ptII/ptolemy/actor/lib/test/auto/TestExceptionAttribute2.xml
1 ms. Memory: 1782272K Free: 1063696K (60%)
----------------- Invoking toplevel() on ptolemy.moml.MoMLSimpleApplication@6c5c393a
----------------- Done invoking toplevel() on ptolemy.moml.MoMLSimpleApplication@6c5c393a
reloadAllAccessors: .TestExceptionAttribute2

===========================================================================================
----------------- testing Wed Feb 27 22:00:57 UTC 2019 /home/travis/build/icyphy/ptII/ptolemy/actor/lib/test/auto/TestExceptionAttribute3.xml
----------------- Instantiating /home/travis/build/icyphy/ptII/ptolemy/actor/lib/test/auto/TestExceptionAttribute3.xml
.TestExceptionAttribute3.TestExceptionAttribute: initialize() was not invoked, but wrapup() was.  This is unusual, but not always a problem.  For example, exporting JNLP will do this.
0 ms. Memory: 1782272K Free: 1046573K (59%)
----------------- Invoking toplevel() on ptolemy.moml.MoMLSimpleApplication@304f25b2
----------------- Done invoking toplevel() on ptolemy.moml.MoMLSimpleApplication@304f25b2
reloadAllAccessors: .TestExceptionAttribute3

===========================================================================================
----------------- testing Wed Feb 27 22:00:57 UTC 2019 /home/travis/build/icyphy/ptII/ptolemy/actor/lib/test/auto/TestExceptionAttribute4.xml
----------------- Instantiating /home/travis/build/icyphy/ptII/ptolemy/actor/lib/test/auto/TestExceptionAttribute4.xml
.TestExceptionAttribute4.TestExceptionAttribute: initialize() was not invoked, but wrapup() was.  This is unusual, but not always a problem.  For example, exporting JNLP will do this.
.TestExceptionAttribute4.TestExceptionAttribute2: initialize() was not invoked, but wrapup() was.  This is unusual, but not always a problem.  For example, exporting JNLP will do this.
0 ms. Memory: 1782272K Free: 1029450K (58%)
----------------- Invoking toplevel() on ptolemy.moml.MoMLSimpleApplication@51ef7fff
----------------- Done invoking toplevel() on ptolemy.moml.MoMLSimpleApplication@51ef7fff
reloadAllAccessors: .TestExceptionAttribute4

===========================================================================================
----------------- testing Wed Feb 27 22:00:57 UTC 2019 /home/travis/build/icyphy/ptII/ptolemy/actor/lib/test/auto/TestExceptionHandler1.xml
----------------- Instantiating /home/travis/build/icyphy/ptII/ptolemy/actor/lib/test/auto/TestExceptionHandler1.xml
1 ms. Memory: 1782272K Free: 1016130K (57%)
----------------- Invoking toplevel() on ptolemy.moml.MoMLSimpleApplication@3eb8cad3
----------------- Done invoking toplevel() on ptolemy.moml.MoMLSimpleApplication@3eb8cad3
reloadAllAccessors: .TestExceptionHandler1

===========================================================================================
----------------- testing Wed Feb 27 22:00:57 UTC 2019 /home/travis/build/icyphy/ptII/ptolemy/actor/lib/test/auto/TestExceptionHandler2.xml
----------------- Instantiating /home/travis/build/icyphy/ptII/ptolemy/actor/lib/test/auto/TestExceptionHandler2.xml
1 ms. Memory: 1782272K Free: 999007K (56%)
----------------- Invoking toplevel() on ptolemy.moml.MoMLSimpleApplication@4b6f9901
----------------- Done invoking toplevel() on ptolemy.moml.MoMLSimpleApplication@4b6f9901
reloadAllAccessors: .TestExceptionHandler2

===========================================================================================
----------------- testing Wed Feb 27 22:00:57 UTC 2019 /home/travis/build/icyphy/ptII/ptolemy/actor/lib/test/auto/TestExceptionHandler3.xml
----------------- Instantiating /home/travis/build/icyphy/ptII/ptolemy/actor/lib/test/auto/TestExceptionHandler3.xml
1 ms. Memory: 1782272K Free: 981884K (55%)
----------------- Invoking toplevel() on ptolemy.moml.MoMLSimpleApplication@5832ca54
----------------- Done invoking toplevel() on ptolemy.moml.MoMLSimpleApplication@5832ca54
reloadAllAccessors: .TestExceptionHandler3

===========================================================================================
----------------- testing Wed Feb 27 22:00:57 UTC 2019 /home/travis/build/icyphy/ptII/ptolemy/actor/lib/test/auto/TestExceptionHandler4.xml
----------------- Instantiating /home/travis/build/icyphy/ptII/ptolemy/actor/lib/test/auto/TestExceptionHandler4.xml
0 ms. Memory: 1782272K Free: 968564K (54%)
----------------- Invoking toplevel() on ptolemy.moml.MoMLSimpleApplication@352fed98
----------------- Done invoking toplevel() on ptolemy.moml.MoMLSimpleApplication@352fed98
reloadAllAccessors: .TestExceptionHandler4

===========================================================================================
----------------- testing Wed Feb 27 22:00:57 UTC 2019 /home/travis/build/icyphy/ptII/ptolemy/actor/lib/test/auto/TestRequireCorrectOrder.xml
----------------- Instantiating /home/travis/build/icyphy/ptII/ptolemy/actor/lib/test/auto/TestRequireCorrectOrder.xml
2 ms. Memory: 1782272K Free: 951441K (53%)
----------------- Invoking toplevel() on ptolemy.moml.MoMLSimpleApplication@506cc167
----------------- Done invoking toplevel() on ptolemy.moml.MoMLSimpleApplication@506cc167
reloadAllAccessors: .TestRequireCorrectOrder

===========================================================================================
----------------- testing Wed Feb 27 22:00:57 UTC 2019 /home/travis/build/icyphy/ptII/ptolemy/actor/lib/test/auto/TestSimple.xml
----------------- Instantiating /home/travis/build/icyphy/ptII/ptolemy/actor/lib/test/auto/TestSimple.xml
1 ms. Memory: 1782272K Free: 934318K (52%)
----------------- Invoking toplevel() on ptolemy.moml.MoMLSimpleApplication@19b77a88
----------------- Done invoking toplevel() on ptolemy.moml.MoMLSimpleApplication@19b77a88
reloadAllAccessors: .TestSimple

===========================================================================================
----------------- testing Wed Feb 27 22:00:57 UTC 2019 /home/travis/build/icyphy/ptII/ptolemy/actor/lib/test/auto/ThrowModelError.xml
----------------- Instantiating /home/travis/build/icyphy/ptII/ptolemy/actor/lib/test/auto/ThrowModelError.xml
1 ms. Memory: 1782272K Free: 920998K (52%)
----------------- Invoking toplevel() on ptolemy.moml.MoMLSimpleApplication@5ec86072
----------------- Done invoking toplevel() on ptolemy.moml.MoMLSimpleApplication@5ec86072
reloadAllAccessors: .ThrowModelError

===========================================================================================
----------------- testing Wed Feb 27 22:00:57 UTC 2019 /home/travis/build/icyphy/ptII/ptolemy/actor/lib/test/auto/TimeDelayMicrosteps.xml
----------------- Instantiating /home/travis/build/icyphy/ptII/ptolemy/actor/lib/test/auto/TimeDelayMicrosteps.xml
3 ms. Memory: 1782272K Free: 903874K (51%)
----------------- Invoking toplevel() on ptolemy.moml.MoMLSimpleApplication@28f909c1
----------------- Done invoking toplevel() on ptolemy.moml.MoMLSimpleApplication@28f909c1
reloadAllAccessors: .TimeDelayMicrosteps

===========================================================================================
----------------- testing Wed Feb 27 22:00:57 UTC 2019 /home/travis/build/icyphy/ptII/ptolemy/actor/lib/test/auto/TimeDelayMicrosteps2.xml
----------------- Instantiating /home/travis/build/icyphy/ptII/ptolemy/actor/lib/test/auto/TimeDelayMicrosteps2.xml
3 ms. Memory: 1782272K Free: 886752K (50%)
----------------- Invoking toplevel() on ptolemy.moml.MoMLSimpleApplication@4e1075c2
----------------- Done invoking toplevel() on ptolemy.moml.MoMLSimpleApplication@4e1075c2
reloadAllAccessors: .TimeDelayMicrosteps2

===========================================================================================
----------------- testing Wed Feb 27 22:00:57 UTC 2019 /home/travis/build/icyphy/ptII/ptolemy/actor/lib/test/auto/TimeDelayMicrosteps3.xml
----------------- Instantiating /home/travis/build/icyphy/ptII/ptolemy/actor/lib/test/auto/TimeDelayMicrosteps3.xml
2 ms. Memory: 1782272K Free: 873431K (49%)
----------------- Invoking toplevel() on ptolemy.moml.MoMLSimpleApplication@36296255
----------------- Done invoking toplevel() on ptolemy.moml.MoMLSimpleApplication@36296255
reloadAllAccessors: .TimeDelayMicrosteps3

===========================================================================================
----------------- testing Wed Feb 27 22:00:57 UTC 2019 /home/travis/build/icyphy/ptII/ptolemy/actor/lib/test/auto/TimeDelayVariableMicrosteps.xml
----------------- Instantiating /home/travis/build/icyphy/ptII/ptolemy/actor/lib/test/auto/TimeDelayVariableMicrosteps.xml
2 ms. Memory: 1782272K Free: 856308K (48%)
----------------- Invoking toplevel() on ptolemy.moml.MoMLSimpleApplication@18d29a13
----------------- Done invoking toplevel() on ptolemy.moml.MoMLSimpleApplication@18d29a13
reloadAllAccessors: .TimeDelayVariableMicrosteps

===========================================================================================
----------------- testing Wed Feb 27 22:00:57 UTC 2019 /home/travis/build/icyphy/ptII/ptolemy/actor/lib/test/auto/TimeGap.xml
----------------- Instantiating /home/travis/build/icyphy/ptII/ptolemy/actor/lib/test/auto/TimeGap.xml
2 ms. Memory: 1782272K Free: 839185K (47%)
----------------- Invoking toplevel() on ptolemy.moml.MoMLSimpleApplication@2154d1b4
----------------- Done invoking toplevel() on ptolemy.moml.MoMLSimpleApplication@2154d1b4
reloadAllAccessors: .TimeGap

===========================================================================================
----------------- testing Wed Feb 27 22:00:57 UTC 2019 /home/travis/build/icyphy/ptII/ptolemy/actor/lib/test/auto/TimeGap2.xml
----------------- Instantiating /home/travis/build/icyphy/ptII/ptolemy/actor/lib/test/auto/TimeGap2.xml
2 ms. Memory: 1782272K Free: 825865K (46%)
----------------- Invoking toplevel() on ptolemy.moml.MoMLSimpleApplication@1f226b19
----------------- Done invoking toplevel() on ptolemy.moml.MoMLSimpleApplication@1f226b19
reloadAllAccessors: .TimeGap2

===========================================================================================
----------------- testing Wed Feb 27 22:00:57 UTC 2019 /home/travis/build/icyphy/ptII/ptolemy/actor/lib/test/auto/TimedSinewave.xml
----------------- Instantiating /home/travis/build/icyphy/ptII/ptolemy/actor/lib/test/auto/TimedSinewave.xml
18 ms. Memory: 1782272K Free: 802082K (45%)
----------------- Invoking toplevel() on ptolemy.moml.MoMLSimpleApplication@3e392e07
----------------- Done invoking toplevel() on ptolemy.moml.MoMLSimpleApplication@3e392e07
reloadAllAccessors: .TimedSinewave

===========================================================================================
----------------- testing Wed Feb 27 22:00:57 UTC 2019 /home/travis/build/icyphy/ptII/ptolemy/actor/lib/test/auto/TimedSinewavePhase.xml
----------------- Instantiating /home/travis/build/icyphy/ptII/ptolemy/actor/lib/test/auto/TimedSinewavePhase.xml
8 ms. Memory: 1782272K Free: 784959K (44%)
----------------- Invoking toplevel() on ptolemy.moml.MoMLSimpleApplication@50742716
----------------- Done invoking toplevel() on ptolemy.moml.MoMLSimpleApplication@50742716
reloadAllAccessors: .TimedSinewavePhase

===========================================================================================
----------------- testing Wed Feb 27 22:00:57 UTC 2019 /home/travis/build/icyphy/ptII/ptolemy/actor/lib/test/auto/Timer.xml
----------------- Instantiating /home/travis/build/icyphy/ptII/ptolemy/actor/lib/test/auto/Timer.xml
2 ms. Memory: 1782272K Free: 771639K (43%)
----------------- Invoking toplevel() on ptolemy.moml.MoMLSimpleApplication@7157c662
----------------- Done invoking toplevel() on ptolemy.moml.MoMLSimpleApplication@7157c662
reloadAllAccessors: .Timer

===========================================================================================
----------------- testing Wed Feb 27 22:00:57 UTC 2019 /home/travis/build/icyphy/ptII/ptolemy/actor/lib/test/auto/TriangularDistTestModel.xml
----------------- Instantiating /home/travis/build/icyphy/ptII/ptolemy/actor/lib/test/auto/TriangularDistTestModel.xml
2 ms. Memory: 1782272K Free: 754515K (42%)
----------------- Invoking toplevel() on ptolemy.moml.MoMLSimpleApplication@73df7d0
----------------- Done invoking toplevel() on ptolemy.moml.MoMLSimpleApplication@73df7d0
reloadAllAccessors: .TriangularDistTestModel

===========================================================================================
----------------- testing Wed Feb 27 22:00:57 UTC 2019 /home/travis/build/icyphy/ptII/ptolemy/actor/lib/test/auto/TrigFunction.xml
----------------- Instantiating /home/travis/build/icyphy/ptII/ptolemy/actor/lib/test/auto/TrigFunction.xml
1 ms. Memory: 1782272K Free: 737392K (41%)
----------------- Invoking toplevel() on ptolemy.moml.MoMLSimpleApplication@6aeab5bb
----------------- Done invoking toplevel() on ptolemy.moml.MoMLSimpleApplication@6aeab5bb
reloadAllAccessors: .TrigFunction

===========================================================================================
----------------- testing Wed Feb 27 22:00:57 UTC 2019 /home/travis/build/icyphy/ptII/ptolemy/actor/lib/test/auto/TrigFunctionDE.xml
----------------- Instantiating /home/travis/build/icyphy/ptII/ptolemy/actor/lib/test/auto/TrigFunctionDE.xml
2 ms. Memory: 1782272K Free: 724072K (41%)
----------------- Invoking toplevel() on ptolemy.moml.MoMLSimpleApplication@157162ee
----------------- Done invoking toplevel() on ptolemy.moml.MoMLSimpleApplication@157162ee
reloadAllAccessors: .TrigFunctionDE

===========================================================================================
----------------- testing Wed Feb 27 22:00:57 UTC 2019 /home/travis/build/icyphy/ptII/ptolemy/actor/lib/test/auto/TrigFunctionInverse.xml
----------------- Instantiating /home/travis/build/icyphy/ptII/ptolemy/actor/lib/test/auto/TrigFunctionInverse.xml
2 ms. Memory: 1782272K Free: 706949K (40%)
----------------- Invoking toplevel() on ptolemy.moml.MoMLSimpleApplication@7de6f12d
----------------- Done invoking toplevel() on ptolemy.moml.MoMLSimpleApplication@7de6f12d
reloadAllAccessors: .TrigFunctionInverse

===========================================================================================
----------------- testing Wed Feb 27 22:00:57 UTC 2019 /home/travis/build/icyphy/ptII/ptolemy/actor/lib/test/auto/TrigFunctionTan.xml
----------------- Instantiating /home/travis/build/icyphy/ptII/ptolemy/actor/lib/test/auto/TrigFunctionTan.xml
1 ms. Memory: 1782272K Free: 689826K (39%)
----------------- Invoking toplevel() on ptolemy.moml.MoMLSimpleApplication@1a2a8293
----------------- Done invoking toplevel() on ptolemy.moml.MoMLSimpleApplication@1a2a8293
reloadAllAccessors: .TrigFunctionTan

===========================================================================================
----------------- testing Wed Feb 27 22:00:57 UTC 2019 /home/travis/build/icyphy/ptII/ptolemy/actor/lib/test/auto/TriggeredClock.xml
----------------- Instantiating /home/travis/build/icyphy/ptII/ptolemy/actor/lib/test/auto/TriggeredClock.xml
1 ms. Memory: 1782272K Free: 676506K (38%)
----------------- Invoking toplevel() on ptolemy.moml.MoMLSimpleApplication@2535f7bc
----------------- Done invoking toplevel() on ptolemy.moml.MoMLSimpleApplication@2535f7bc
reloadAllAccessors: .TriggeredClock

===========================================================================================
----------------- testing Wed Feb 27 22:00:57 UTC 2019 /home/travis/build/icyphy/ptII/ptolemy/actor/lib/test/auto/URLDirectoryReader.xml
----------------- Instantiating /home/travis/build/icyphy/ptII/ptolemy/actor/lib/test/auto/URLDirectoryReader.xml
39 ms. Memory: 1782272K Free: 659383K (37%)
----------------- Invoking toplevel() on ptolemy.moml.MoMLSimpleApplication@6be8bb6
----------------- Done invoking toplevel() on ptolemy.moml.MoMLSimpleApplication@6be8bb6
reloadAllAccessors: .URLDirectoryReader

===========================================================================================
----------------- testing Wed Feb 27 22:00:57 UTC 2019 /home/travis/build/icyphy/ptII/ptolemy/actor/lib/test/auto/URLDirectoryReader3.xml
----------------- Instantiating /home/travis/build/icyphy/ptII/ptolemy/actor/lib/test/auto/URLDirectoryReader3.xml
1407 ms. Memory: 1782272K Free: 595639K (33%)
----------------- Invoking toplevel() on ptolemy.moml.MoMLSimpleApplication@16c41e89
----------------- Done invoking toplevel() on ptolemy.moml.MoMLSimpleApplication@16c41e89
reloadAllAccessors: .URLDirectoryReader3

===========================================================================================
----------------- testing Wed Feb 27 22:00:59 UTC 2019 /home/travis/build/icyphy/ptII/ptolemy/actor/lib/test/auto/UnaryMathFunction.xml
----------------- Instantiating /home/travis/build/icyphy/ptII/ptolemy/actor/lib/test/auto/UnaryMathFunction.xml
2 ms. Memory: 1782272K Free: 582319K (33%)
----------------- Invoking toplevel() on ptolemy.moml.MoMLSimpleApplication@74b1f73b
----------------- Done invoking toplevel() on ptolemy.moml.MoMLSimpleApplication@74b1f73b
reloadAllAccessors: .UnaryMathFunction

===========================================================================================
----------------- testing Wed Feb 27 22:00:59 UTC 2019 /home/travis/build/icyphy/ptII/ptolemy/actor/lib/test/auto/Uniform.xml
----------------- Instantiating /home/travis/build/icyphy/ptII/ptolemy/actor/lib/test/auto/Uniform.xml
1 ms. Memory: 1782272K Free: 565196K (32%)
----------------- Invoking toplevel() on ptolemy.moml.MoMLSimpleApplication@7e4b8303
----------------- Done invoking toplevel() on ptolemy.moml.MoMLSimpleApplication@7e4b8303
reloadAllAccessors: .Uniform

===========================================================================================
----------------- testing Wed Feb 27 22:00:59 UTC 2019 /home/travis/build/icyphy/ptII/ptolemy/actor/lib/test/auto/UnionDisassemblerTest.xml
----------------- Instantiating /home/travis/build/icyphy/ptII/ptolemy/actor/lib/test/auto/UnionDisassemblerTest.xml
7 ms. Memory: 1782272K Free: 548073K (31%)
----------------- Invoking toplevel() on ptolemy.moml.MoMLSimpleApplication@6546a866
----------------- Done invoking toplevel() on ptolemy.moml.MoMLSimpleApplication@6546a866
reloadAllAccessors: .UnionDisassemblerTest

===========================================================================================
----------------- testing Wed Feb 27 22:00:59 UTC 2019 /home/travis/build/icyphy/ptII/ptolemy/actor/lib/test/auto/UtilityFunctions.xml
----------------- Instantiating /home/travis/build/icyphy/ptII/ptolemy/actor/lib/test/auto/UtilityFunctions.xml
1 ms. Memory: 1782272K Free: 534753K (30%)
----------------- Invoking toplevel() on ptolemy.moml.MoMLSimpleApplication@25c9ad9e
----------------- Done invoking toplevel() on ptolemy.moml.MoMLSimpleApplication@25c9ad9e
reloadAllAccessors: .UtilityFunctions

===========================================================================================
----------------- testing Wed Feb 27 22:00:59 UTC 2019 /home/travis/build/icyphy/ptII/ptolemy/actor/lib/test/auto/VariableSleep.xml
----------------- Instantiating /home/travis/build/icyphy/ptII/ptolemy/actor/lib/test/auto/VariableSleep.xml
502 ms. Memory: 1782272K Free: 517630K (29%)
----------------- Invoking toplevel() on ptolemy.moml.MoMLSimpleApplication@59266a5
----------------- Done invoking toplevel() on ptolemy.moml.MoMLSimpleApplication@59266a5
reloadAllAccessors: .VariableSleep

===========================================================================================
----------------- testing Wed Feb 27 22:01:00 UTC 2019 /home/travis/build/icyphy/ptII/ptolemy/actor/lib/test/auto/VectorAssemblerDisassemblerCT.xml
----------------- Instantiating /home/travis/build/icyphy/ptII/ptolemy/actor/lib/test/auto/VectorAssemblerDisassemblerCT.xml
40 ms. Memory: 1782272K Free: 487186K (27%)
----------------- Invoking toplevel() on ptolemy.moml.MoMLSimpleApplication@27775e0e
----------------- Done invoking toplevel() on ptolemy.moml.MoMLSimpleApplication@27775e0e
reloadAllAccessors: .VectorAssemblerDisassemblerCT

===========================================================================================
----------------- testing Wed Feb 27 22:01:00 UTC 2019 /home/travis/build/icyphy/ptII/ptolemy/actor/lib/test/auto/VectorAssemblerDisassemblerDE.xml
----------------- Instantiating /home/travis/build/icyphy/ptII/ptolemy/actor/lib/test/auto/VectorAssemblerDisassemblerDE.xml
2 ms. Memory: 1782272K Free: 473866K (27%)
----------------- Invoking toplevel() on ptolemy.moml.MoMLSimpleApplication@67d8ce61
----------------- Done invoking toplevel() on ptolemy.moml.MoMLSimpleApplication@67d8ce61
reloadAllAccessors: .VectorAssemblerDisassemblerDE

===========================================================================================
----------------- testing Wed Feb 27 22:01:00 UTC 2019 /home/travis/build/icyphy/ptII/ptolemy/actor/lib/test/auto/VectorAssemblerDisassemblerSDF.xml
----------------- Instantiating /home/travis/build/icyphy/ptII/ptolemy/actor/lib/test/auto/VectorAssemblerDisassemblerSDF.xml
2 ms. Memory: 1782272K Free: 456743K (26%)
----------------- Invoking toplevel() on ptolemy.moml.MoMLSimpleApplication@3dbaf089
----------------- Done invoking toplevel() on ptolemy.moml.MoMLSimpleApplication@3dbaf089
reloadAllAccessors: .VectorAssemblerDisassemblerSDF

===========================================================================================
----------------- testing Wed Feb 27 22:01:00 UTC 2019 /home/travis/build/icyphy/ptII/ptolemy/actor/lib/test/auto/WallClockTime.xml
----------------- Instantiating /home/travis/build/icyphy/ptII/ptolemy/actor/lib/test/auto/WallClockTime.xml
1004 ms. Memory: 1782272K Free: 439620K (25%)
----------------- Invoking toplevel() on ptolemy.moml.MoMLSimpleApplication@573c6b71
----------------- Done invoking toplevel() on ptolemy.moml.MoMLSimpleApplication@573c6b71
reloadAllAccessors: .WallClockTime

===========================================================================================
----------------- testing Wed Feb 27 22:01:01 UTC 2019 /home/travis/build/icyphy/ptII/ptolemy/actor/lib/test/auto/WidthTestWithSubscriberPublisher.xml
----------------- Instantiating /home/travis/build/icyphy/ptII/ptolemy/actor/lib/test/auto/WidthTestWithSubscriberPublisher.xml
7 ms. Memory: 1782272K Free: 412947K (23%)
----------------- Invoking toplevel() on ptolemy.moml.MoMLSimpleApplication@38fe5ffa
----------------- Done invoking toplevel() on ptolemy.moml.MoMLSimpleApplication@38fe5ffa
reloadAllAccessors: .WidthTestWithSubscriberPublisher

===========================================================================================
----------------- testing Wed Feb 27 22:01:01 UTC 2019 /home/travis/build/icyphy/ptII/ptolemy/actor/lib/test/auto/WidthTestWithSubscriberPublisher2.xml
----------------- Instantiating /home/travis/build/icyphy/ptII/ptolemy/actor/lib/test/auto/WidthTestWithSubscriberPublisher2.xml
2 ms. Memory: 1782272K Free: 395824K (22%)
----------------- Invoking toplevel() on ptolemy.moml.MoMLSimpleApplication@698b6e92
----------------- Done invoking toplevel() on ptolemy.moml.MoMLSimpleApplication@698b6e92
reloadAllAccessors: .WidthTestWithSubscriberPublisher2

===========================================================================================
----------------- testing Wed Feb 27 22:01:01 UTC 2019 /home/travis/build/icyphy/ptII/ptolemy/actor/lib/test/auto/WidthTestWithSubscriberPublisher3.xml
----------------- Instantiating /home/travis/build/icyphy/ptII/ptolemy/actor/lib/test/auto/WidthTestWithSubscriberPublisher3.xml
2 ms. Memory: 1782272K Free: 378701K (21%)
----------------- Invoking toplevel() on ptolemy.moml.MoMLSimpleApplication@7c6f416
----------------- Done invoking toplevel() on ptolemy.moml.MoMLSimpleApplication@7c6f416
reloadAllAccessors: .WidthTestWithSubscriberPublisher3

===========================================================================================
----------------- testing Wed Feb 27 22:01:01 UTC 2019 /home/travis/build/icyphy/ptII/ptolemy/actor/lib/test/auto/Writer.xml
----------------- Instantiating /home/travis/build/icyphy/ptII/ptolemy/actor/lib/test/auto/Writer.xml
0
1
2
3
4
1 ms. Memory: 1782272K Free: 365381K (21%)
----------------- Invoking toplevel() on ptolemy.moml.MoMLSimpleApplication@1ace2b7b
----------------- Done invoking toplevel() on ptolemy.moml.MoMLSimpleApplication@1ace2b7b
reloadAllAccessors: .Writer

===========================================================================================
----------------- testing Wed Feb 27 22:01:01 UTC 2019 /home/travis/build/icyphy/ptII/ptolemy/actor/lib/test/auto/array.xml
----------------- Instantiating /home/travis/build/icyphy/ptII/ptolemy/actor/lib/test/auto/array.xml
2 ms. Memory: 1782272K Free: 348258K (20%)
----------------- Invoking toplevel() on ptolemy.moml.MoMLSimpleApplication@1a6a83fd
----------------- Done invoking toplevel() on ptolemy.moml.MoMLSimpleApplication@1a6a83fd
reloadAllAccessors: .array

===========================================================================================
----------------- testing Wed Feb 27 22:01:01 UTC 2019 /home/travis/build/icyphy/ptII/ptolemy/actor/lib/test/auto/array2.xml
----------------- Instantiating /home/travis/build/icyphy/ptII/ptolemy/actor/lib/test/auto/array2.xml
11 ms. Memory: 1782272K Free: 331135K (19%)
----------------- Invoking toplevel() on ptolemy.moml.MoMLSimpleApplication@2e8a3a8e
----------------- Done invoking toplevel() on ptolemy.moml.MoMLSimpleApplication@2e8a3a8e
reloadAllAccessors: .array2

===========================================================================================
----------------- testing Wed Feb 27 22:01:01 UTC 2019 /home/travis/build/icyphy/ptII/ptolemy/actor/lib/test/auto/arrayType.xml
----------------- Instantiating /home/travis/build/icyphy/ptII/ptolemy/actor/lib/test/auto/arrayType.xml
1 ms. Memory: 1782272K Free: 317815K (18%)
----------------- Invoking toplevel() on ptolemy.moml.MoMLSimpleApplication@108ee544
----------------- Done invoking toplevel() on ptolemy.moml.MoMLSimpleApplication@108ee544
reloadAllAccessors: .arrayType

===========================================================================================
----------------- testing Wed Feb 27 22:01:01 UTC 2019 /home/travis/build/icyphy/ptII/ptolemy/actor/lib/test/auto/arrayType10.xml
----------------- Instantiating /home/travis/build/icyphy/ptII/ptolemy/actor/lib/test/auto/arrayType10.xml
1 ms. Memory: 1782272K Free: 300692K (17%)
----------------- Invoking toplevel() on ptolemy.moml.MoMLSimpleApplication@5a7a21a0
----------------- Done invoking toplevel() on ptolemy.moml.MoMLSimpleApplication@5a7a21a0
reloadAllAccessors: .arrayType10

===========================================================================================
----------------- testing Wed Feb 27 22:01:01 UTC 2019 /home/travis/build/icyphy/ptII/ptolemy/actor/lib/test/auto/arrayType11.xml
----------------- Instantiating /home/travis/build/icyphy/ptII/ptolemy/actor/lib/test/auto/arrayType11.xml
2 ms. Memory: 1782272K Free: 283569K (16%)
----------------- Invoking toplevel() on ptolemy.moml.MoMLSimpleApplication@303c8f09
----------------- Done invoking toplevel() on ptolemy.moml.MoMLSimpleApplication@303c8f09
reloadAllAccessors: .arrayType11

===========================================================================================
----------------- testing Wed Feb 27 22:01:01 UTC 2019 /home/travis/build/icyphy/ptII/ptolemy/actor/lib/test/auto/arrayType12.xml
----------------- Instantiating /home/travis/build/icyphy/ptII/ptolemy/actor/lib/test/auto/arrayType12.xml
1 ms. Memory: 1782272K Free: 270249K (15%)
----------------- Invoking toplevel() on ptolemy.moml.MoMLSimpleApplication@73652b05
----------------- Done invoking toplevel() on ptolemy.moml.MoMLSimpleApplication@73652b05
reloadAllAccessors: .arrayType12

===========================================================================================
----------------- testing Wed Feb 27 22:01:01 UTC 2019 /home/travis/build/icyphy/ptII/ptolemy/actor/lib/test/auto/arrayType13.xml
----------------- Instantiating /home/travis/build/icyphy/ptII/ptolemy/actor/lib/test/auto/arrayType13.xml
2 ms. Memory: 1782272K Free: 253126K (14%)
----------------- Invoking toplevel() on ptolemy.moml.MoMLSimpleApplication@3c1dd446
----------------- Done invoking toplevel() on ptolemy.moml.MoMLSimpleApplication@3c1dd446
reloadAllAccessors: .arrayType13

===========================================================================================
----------------- testing Wed Feb 27 22:01:01 UTC 2019 /home/travis/build/icyphy/ptII/ptolemy/actor/lib/test/auto/arrayType14.xml
----------------- Instantiating /home/travis/build/icyphy/ptII/ptolemy/actor/lib/test/auto/arrayType14.xml
2 ms. Memory: 1782272K Free: 236003K (13%)
----------------- Invoking toplevel() on ptolemy.moml.MoMLSimpleApplication@318b2606
----------------- Done invoking toplevel() on ptolemy.moml.MoMLSimpleApplication@318b2606
reloadAllAccessors: .arrayType14

===========================================================================================
----------------- testing Wed Feb 27 22:01:01 UTC 2019 /home/travis/build/icyphy/ptII/ptolemy/actor/lib/test/auto/arrayType15.xml
----------------- Instantiating /home/travis/build/icyphy/ptII/ptolemy/actor/lib/test/auto/arrayType15.xml
3 ms. Memory: 1782272K Free: 222683K (12%)
----------------- Invoking toplevel() on ptolemy.moml.MoMLSimpleApplication@5fae4053
----------------- Done invoking toplevel() on ptolemy.moml.MoMLSimpleApplication@5fae4053
reloadAllAccessors: .arrayType15

===========================================================================================
----------------- testing Wed Feb 27 22:01:01 UTC 2019 /home/travis/build/icyphy/ptII/ptolemy/actor/lib/test/auto/arrayType16.xml
----------------- Instantiating /home/travis/build/icyphy/ptII/ptolemy/actor/lib/test/auto/arrayType16.xml
2 ms. Memory: 1782272K Free: 205560K (12%)
----------------- Invoking toplevel() on ptolemy.moml.MoMLSimpleApplication@311efd92
----------------- Done invoking toplevel() on ptolemy.moml.MoMLSimpleApplication@311efd92
reloadAllAccessors: .arrayType16

===========================================================================================
----------------- testing Wed Feb 27 22:01:01 UTC 2019 /home/travis/build/icyphy/ptII/ptolemy/actor/lib/test/auto/arrayType17.xml
----------------- Instantiating /home/travis/build/icyphy/ptII/ptolemy/actor/lib/test/auto/arrayType17.xml
2 ms. Memory: 1782272K Free: 188437K (11%)
----------------- Invoking toplevel() on ptolemy.moml.MoMLSimpleApplication@4730ba10
----------------- Done invoking toplevel() on ptolemy.moml.MoMLSimpleApplication@4730ba10
reloadAllAccessors: .arrayType17

===========================================================================================
----------------- testing Wed Feb 27 22:01:01 UTC 2019 /home/travis/build/icyphy/ptII/ptolemy/actor/lib/test/auto/arrayType18.xml
----------------- Instantiating /home/travis/build/icyphy/ptII/ptolemy/actor/lib/test/auto/arrayType18.xml
1 ms. Memory: 1782272K Free: 175116K (10%)
----------------- Invoking toplevel() on ptolemy.moml.MoMLSimpleApplication@4f2e636
----------------- Done invoking toplevel() on ptolemy.moml.MoMLSimpleApplication@4f2e636
reloadAllAccessors: .arrayType18

===========================================================================================
----------------- testing Wed Feb 27 22:01:01 UTC 2019 /home/travis/build/icyphy/ptII/ptolemy/actor/lib/test/auto/arrayType19.xml
----------------- Instantiating /home/travis/build/icyphy/ptII/ptolemy/actor/lib/test/auto/arrayType19.xml
1 ms. Memory: 1782272K Free: 157994K (9%)
----------------- Invoking toplevel() on ptolemy.moml.MoMLSimpleApplication@6af4ddea
----------------- Done invoking toplevel() on ptolemy.moml.MoMLSimpleApplication@6af4ddea
reloadAllAccessors: .arrayType19

===========================================================================================
----------------- testing Wed Feb 27 22:01:01 UTC 2019 /home/travis/build/icyphy/ptII/ptolemy/actor/lib/test/auto/arrayType2.xml
----------------- Instantiating /home/travis/build/icyphy/ptII/ptolemy/actor/lib/test/auto/arrayType2.xml
1 ms. Memory: 1782272K Free: 140870K (8%)
----------------- Invoking toplevel() on ptolemy.moml.MoMLSimpleApplication@2f8ba437
----------------- Done invoking toplevel() on ptolemy.moml.MoMLSimpleApplication@2f8ba437
reloadAllAccessors: .arrayType2

===========================================================================================
----------------- testing Wed Feb 27 22:01:01 UTC 2019 /home/travis/build/icyphy/ptII/ptolemy/actor/lib/test/auto/arrayType20.xml
----------------- Instantiating /home/travis/build/icyphy/ptII/ptolemy/actor/lib/test/auto/arrayType20.xml
1 ms. Memory: 1782272K Free: 127550K (7%)
----------------- Invoking toplevel() on ptolemy.moml.MoMLSimpleApplication@2715d31e
----------------- Done invoking toplevel() on ptolemy.moml.MoMLSimpleApplication@2715d31e
reloadAllAccessors: .arrayType20

===========================================================================================
----------------- testing Wed Feb 27 22:01:01 UTC 2019 /home/travis/build/icyphy/ptII/ptolemy/actor/lib/test/auto/arrayType21.xml
----------------- Instantiating /home/travis/build/icyphy/ptII/ptolemy/actor/lib/test/auto/arrayType21.xml
1 ms. Memory: 1782272K Free: 110427K (6%)
----------------- Invoking toplevel() on ptolemy.moml.MoMLSimpleApplication@27c96773
----------------- Done invoking toplevel() on ptolemy.moml.MoMLSimpleApplication@27c96773
reloadAllAccessors: .arrayType21

===========================================================================================
----------------- testing Wed Feb 27 22:01:01 UTC 2019 /home/travis/build/icyphy/ptII/ptolemy/actor/lib/test/auto/arrayType22.xml
----------------- Instantiating /home/travis/build/icyphy/ptII/ptolemy/actor/lib/test/auto/arrayType22.xml
1 ms. Memory: 1782272K Free: 93304K (5%)
----------------- Invoking toplevel() on ptolemy.moml.MoMLSimpleApplication@2230c2d8
----------------- Done invoking toplevel() on ptolemy.moml.MoMLSimpleApplication@2230c2d8
reloadAllAccessors: .arrayType22

===========================================================================================
----------------- testing Wed Feb 27 22:01:01 UTC 2019 /home/travis/build/icyphy/ptII/ptolemy/actor/lib/test/auto/arrayType23.xml
----------------- Instantiating /home/travis/build/icyphy/ptII/ptolemy/actor/lib/test/auto/arrayType23.xml
2 ms. Memory: 1782272K Free: 79984K (4%)
----------------- Invoking toplevel() on ptolemy.moml.MoMLSimpleApplication@3447f050
----------------- Done invoking toplevel() on ptolemy.moml.MoMLSimpleApplication@3447f050
reloadAllAccessors: .arrayType23

===========================================================================================
----------------- testing Wed Feb 27 22:01:01 UTC 2019 /home/travis/build/icyphy/ptII/ptolemy/actor/lib/test/auto/arrayType24.xml
----------------- Instantiating /home/travis/build/icyphy/ptII/ptolemy/actor/lib/test/auto/arrayType24.xml
3 ms. Memory: 1782784K Free: 1707266K (96%)
----------------- Invoking toplevel() on ptolemy.moml.MoMLSimpleApplication@188151e1
----------------- Done invoking toplevel() on ptolemy.moml.MoMLSimpleApplication@188151e1
reloadAllAccessors: .arrayType24

===========================================================================================
----------------- testing Wed Feb 27 22:01:01 UTC 2019 /home/travis/build/icyphy/ptII/ptolemy/actor/lib/test/auto/arrayType25.xml
----------------- Instantiating /home/travis/build/icyphy/ptII/ptolemy/actor/lib/test/auto/arrayType25.xml
1 ms. Memory: 1782784K Free: 1690591K (95%)
----------------- Invoking toplevel() on ptolemy.moml.MoMLSimpleApplication@69732f6c
----------------- Done invoking toplevel() on ptolemy.moml.MoMLSimpleApplication@69732f6c
reloadAllAccessors: .arrayType25

===========================================================================================
----------------- testing Wed Feb 27 22:01:01 UTC 2019 /home/travis/build/icyphy/ptII/ptolemy/actor/lib/test/auto/arrayType26.xml
----------------- Instantiating /home/travis/build/icyphy/ptII/ptolemy/actor/lib/test/auto/arrayType26.xml
2 ms. Memory: 1782784K Free: 1669822K (94%)
----------------- Invoking toplevel() on ptolemy.moml.MoMLSimpleApplication@791cc4c5
----------------- Done invoking toplevel() on ptolemy.moml.MoMLSimpleApplication@791cc4c5
reloadAllAccessors: .arrayType26

===========================================================================================
----------------- testing Wed Feb 27 22:01:01 UTC 2019 /home/travis/build/icyphy/ptII/ptolemy/actor/lib/test/auto/arrayType27.xml
----------------- Instantiating /home/travis/build/icyphy/ptII/ptolemy/actor/lib/test/auto/arrayType27.xml
1 ms. Memory: 1782784K Free: 1653146K (93%)
----------------- Invoking toplevel() on ptolemy.moml.MoMLSimpleApplication@70c720e3
----------------- Done invoking toplevel() on ptolemy.moml.MoMLSimpleApplication@70c720e3
reloadAllAccessors: .arrayType27

===========================================================================================
----------------- testing Wed Feb 27 22:01:01 UTC 2019 /home/travis/build/icyphy/ptII/ptolemy/actor/lib/test/auto/arrayType28.xml
----------------- Instantiating /home/travis/build/icyphy/ptII/ptolemy/actor/lib/test/auto/arrayType28.xml
2 ms. Memory: 1782784K Free: 1632360K (92%)
----------------- Invoking toplevel() on ptolemy.moml.MoMLSimpleApplication@140ad947
----------------- Done invoking toplevel() on ptolemy.moml.MoMLSimpleApplication@140ad947
reloadAllAccessors: .arrayType28

===========================================================================================
----------------- testing Wed Feb 27 22:01:01 UTC 2019 /home/travis/build/icyphy/ptII/ptolemy/actor/lib/test/auto/arrayType3.xml
----------------- Instantiating /home/travis/build/icyphy/ptII/ptolemy/actor/lib/test/auto/arrayType3.xml
1 ms. Memory: 1782784K Free: 1611591K (90%)
----------------- Invoking toplevel() on ptolemy.moml.MoMLSimpleApplication@6481082
----------------- Done invoking toplevel() on ptolemy.moml.MoMLSimpleApplication@6481082
reloadAllAccessors: .arrayType3

===========================================================================================
----------------- testing Wed Feb 27 22:01:01 UTC 2019 /home/travis/build/icyphy/ptII/ptolemy/actor/lib/test/auto/arrayType4.xml
----------------- Instantiating /home/travis/build/icyphy/ptII/ptolemy/actor/lib/test/auto/arrayType4.xml
1 ms. Memory: 1782784K Free: 1594916K (89%)
----------------- Invoking toplevel() on ptolemy.moml.MoMLSimpleApplication@5598b10c
----------------- Done invoking toplevel() on ptolemy.moml.MoMLSimpleApplication@5598b10c
reloadAllAccessors: .arrayType4

===========================================================================================
----------------- testing Wed Feb 27 22:01:01 UTC 2019 /home/travis/build/icyphy/ptII/ptolemy/actor/lib/test/auto/arrayType5.xml
----------------- Instantiating /home/travis/build/icyphy/ptII/ptolemy/actor/lib/test/auto/arrayType5.xml
1 ms. Memory: 1782784K Free: 1574147K (88%)
----------------- Invoking toplevel() on ptolemy.moml.MoMLSimpleApplication@700da3b8
----------------- Done invoking toplevel() on ptolemy.moml.MoMLSimpleApplication@700da3b8
reloadAllAccessors: .arrayType5

===========================================================================================
----------------- testing Wed Feb 27 22:01:01 UTC 2019 /home/travis/build/icyphy/ptII/ptolemy/actor/lib/test/auto/arrayType6.xml
----------------- Instantiating /home/travis/build/icyphy/ptII/ptolemy/actor/lib/test/auto/arrayType6.xml
1 ms. Memory: 1782784K Free: 1553378K (87%)
----------------- Invoking toplevel() on ptolemy.moml.MoMLSimpleApplication@3141024e
----------------- Done invoking toplevel() on ptolemy.moml.MoMLSimpleApplication@3141024e
reloadAllAccessors: .arrayType6

===========================================================================================
----------------- testing Wed Feb 27 22:01:01 UTC 2019 /home/travis/build/icyphy/ptII/ptolemy/actor/lib/test/auto/arrayType7.xml
----------------- Instantiating /home/travis/build/icyphy/ptII/ptolemy/actor/lib/test/auto/arrayType7.xml
1 ms. Memory: 1782784K Free: 1536703K (86%)
----------------- Invoking toplevel() on ptolemy.moml.MoMLSimpleApplication@7019bd5f
----------------- Done invoking toplevel() on ptolemy.moml.MoMLSimpleApplication@7019bd5f
reloadAllAccessors: .arrayType7

===========================================================================================
----------------- testing Wed Feb 27 22:01:01 UTC 2019 /home/travis/build/icyphy/ptII/ptolemy/actor/lib/test/auto/arrayType8.xml
----------------- Instantiating /home/travis/build/icyphy/ptII/ptolemy/actor/lib/test/auto/arrayType8.xml
2 ms. Memory: 1782784K Free: 1515934K (85%)
----------------- Invoking toplevel() on ptolemy.moml.MoMLSimpleApplication@cd349c4
----------------- Done invoking toplevel() on ptolemy.moml.MoMLSimpleApplication@cd349c4
reloadAllAccessors: .arrayType8

===========================================================================================
----------------- testing Wed Feb 27 22:01:01 UTC 2019 /home/travis/build/icyphy/ptII/ptolemy/actor/lib/test/auto/arrayType9.xml
----------------- Instantiating /home/travis/build/icyphy/ptII/ptolemy/actor/lib/test/auto/arrayType9.xml
1 ms. Memory: 1782784K Free: 1499258K (84%)
----------------- Invoking toplevel() on ptolemy.moml.MoMLSimpleApplication@47cc4dce
----------------- Done invoking toplevel() on ptolemy.moml.MoMLSimpleApplication@47cc4dce
reloadAllAccessors: .arrayType9

===========================================================================================
----------------- testing Wed Feb 27 22:01:01 UTC 2019 /home/travis/build/icyphy/ptII/ptolemy/actor/lib/test/auto/cast.xml
----------------- Instantiating /home/travis/build/icyphy/ptII/ptolemy/actor/lib/test/auto/cast.xml
2 ms. Memory: 1782784K Free: 1478489K (83%)
----------------- Invoking toplevel() on ptolemy.moml.MoMLSimpleApplication@4495b54
----------------- Done invoking toplevel() on ptolemy.moml.MoMLSimpleApplication@4495b54
reloadAllAccessors: .cast

===========================================================================================
----------------- testing Wed Feb 27 22:01:01 UTC 2019 /home/travis/build/icyphy/ptII/ptolemy/actor/lib/test/auto/compositeMultiPort.xml
----------------- Instantiating /home/travis/build/icyphy/ptII/ptolemy/actor/lib/test/auto/compositeMultiPort.xml
3 ms. Memory: 1782784K Free: 1457720K (82%)
----------------- Invoking toplevel() on ptolemy.moml.MoMLSimpleApplication@499d63fb
----------------- Done invoking toplevel() on ptolemy.moml.MoMLSimpleApplication@499d63fb
reloadAllAccessors: .compositeMultiPort

===========================================================================================
----------------- testing Wed Feb 27 22:01:01 UTC 2019 /home/travis/build/icyphy/ptII/ptolemy/actor/lib/test/auto/expressionCastInference.xml
----------------- Instantiating /home/travis/build/icyphy/ptII/ptolemy/actor/lib/test/auto/expressionCastInference.xml
1 ms. Memory: 1782784K Free: 1441044K (81%)
----------------- Invoking toplevel() on ptolemy.moml.MoMLSimpleApplication@230223e0
----------------- Done invoking toplevel() on ptolemy.moml.MoMLSimpleApplication@230223e0
reloadAllAccessors: .expressionCastInference

===========================================================================================
----------------- testing Wed Feb 27 22:01:01 UTC 2019 /home/travis/build/icyphy/ptII/ptolemy/actor/lib/test/auto/expressionCastInference2.xml
----------------- Instantiating /home/travis/build/icyphy/ptII/ptolemy/actor/lib/test/auto/expressionCastInference2.xml
2 ms. Memory: 1782784K Free: 1420276K (80%)
----------------- Invoking toplevel() on ptolemy.moml.MoMLSimpleApplication@549b2f40
----------------- Done invoking toplevel() on ptolemy.moml.MoMLSimpleApplication@549b2f40
reloadAllAccessors: .expressionCastInference2

===========================================================================================
----------------- testing Wed Feb 27 22:01:01 UTC 2019 /home/travis/build/icyphy/ptII/ptolemy/actor/lib/test/auto/expressionInference.xml
----------------- Instantiating /home/travis/build/icyphy/ptII/ptolemy/actor/lib/test/auto/expressionInference.xml
1 ms. Memory: 1782784K Free: 1399507K (79%)
----------------- Invoking toplevel() on ptolemy.moml.MoMLSimpleApplication@638c9ff7
----------------- Done invoking toplevel() on ptolemy.moml.MoMLSimpleApplication@638c9ff7
reloadAllAccessors: .expressionInference

===========================================================================================
----------------- testing Wed Feb 27 22:01:01 UTC 2019 /home/travis/build/icyphy/ptII/ptolemy/actor/lib/test/auto/expression_bug.xml
----------------- Instantiating /home/travis/build/icyphy/ptII/ptolemy/actor/lib/test/auto/expression_bug.xml
1 ms. Memory: 1782784K Free: 1382831K (78%)
----------------- Invoking toplevel() on ptolemy.moml.MoMLSimpleApplication@6c96a18d
----------------- Done invoking toplevel() on ptolemy.moml.MoMLSimpleApplication@6c96a18d
reloadAllAccessors: .expression_bug

===========================================================================================
----------------- testing Wed Feb 27 22:01:01 UTC 2019 /home/travis/build/icyphy/ptII/ptolemy/actor/lib/test/auto/factorial.xml
----------------- Instantiating /home/travis/build/icyphy/ptII/ptolemy/actor/lib/test/auto/factorial.xml
41 ms. Memory: 1782784K Free: 1362062K (76%)
----------------- Invoking toplevel() on ptolemy.moml.MoMLSimpleApplication@3e9649c0
----------------- Done invoking toplevel() on ptolemy.moml.MoMLSimpleApplication@3e9649c0
reloadAllAccessors: .factorial

===========================================================================================
----------------- testing Wed Feb 27 22:01:01 UTC 2019 /home/travis/build/icyphy/ptII/ptolemy/actor/lib/test/auto/filterTest1.xml
----------------- Instantiating /home/travis/build/icyphy/ptII/ptolemy/actor/lib/test/auto/filterTest1.xml
3 ms. Memory: 1782784K Free: 1345387K (75%)
----------------- Invoking toplevel() on ptolemy.moml.MoMLSimpleApplication@6e9a7cef
----------------- Done invoking toplevel() on ptolemy.moml.MoMLSimpleApplication@6e9a7cef
reloadAllAccessors: .filterTest1

===========================================================================================
----------------- testing Wed Feb 27 22:01:01 UTC 2019 /home/travis/build/icyphy/ptII/ptolemy/actor/lib/test/auto/funcApplyInConst.xml
----------------- Instantiating /home/travis/build/icyphy/ptII/ptolemy/actor/lib/test/auto/funcApplyInConst.xml
0 ms. Memory: 1782784K Free: 1324618K (74%)
----------------- Invoking toplevel() on ptolemy.moml.MoMLSimpleApplication@6ec9b11e
----------------- Done invoking toplevel() on ptolemy.moml.MoMLSimpleApplication@6ec9b11e
reloadAllAccessors: .funcApplyInConst

===========================================================================================
----------------- testing Wed Feb 27 22:01:01 UTC 2019 /home/travis/build/icyphy/ptII/ptolemy/actor/lib/test/auto/funcApplyInExpr.xml
----------------- Instantiating /home/travis/build/icyphy/ptII/ptolemy/actor/lib/test/auto/funcApplyInExpr.xml
1 ms. Memory: 1782784K Free: 1303849K (73%)
----------------- Invoking toplevel() on ptolemy.moml.MoMLSimpleApplication@26ddf93d
----------------- Done invoking toplevel() on ptolemy.moml.MoMLSimpleApplication@26ddf93d
reloadAllAccessors: .funcApplyInExpr

===========================================================================================
----------------- testing Wed Feb 27 22:01:01 UTC 2019 /home/travis/build/icyphy/ptII/ptolemy/actor/lib/test/auto/function.xml
----------------- Instantiating /home/travis/build/icyphy/ptII/ptolemy/actor/lib/test/auto/function.xml
2 ms. Memory: 1782784K Free: 1287173K (72%)
----------------- Invoking toplevel() on ptolemy.moml.MoMLSimpleApplication@23db78ae
----------------- Done invoking toplevel() on ptolemy.moml.MoMLSimpleApplication@23db78ae
reloadAllAccessors: .function

===========================================================================================
----------------- testing Wed Feb 27 22:01:01 UTC 2019 /home/travis/build/icyphy/ptII/ptolemy/actor/lib/test/auto/function2.xml
----------------- Instantiating /home/travis/build/icyphy/ptII/ptolemy/actor/lib/test/auto/function2.xml
1 ms. Memory: 1782784K Free: 1266405K (71%)
----------------- Invoking toplevel() on ptolemy.moml.MoMLSimpleApplication@48b55e7b
----------------- Done invoking toplevel() on ptolemy.moml.MoMLSimpleApplication@48b55e7b
reloadAllAccessors: .function2

===========================================================================================
----------------- testing Wed Feb 27 22:01:01 UTC 2019 /home/travis/build/icyphy/ptII/ptolemy/actor/lib/test/auto/function3.xml
----------------- Instantiating /home/travis/build/icyphy/ptII/ptolemy/actor/lib/test/auto/function3.xml
1 ms. Memory: 1782784K Free: 1245636K (70%)
----------------- Invoking toplevel() on ptolemy.moml.MoMLSimpleApplication@44538a6b
----------------- Done invoking toplevel() on ptolemy.moml.MoMLSimpleApplication@44538a6b
reloadAllAccessors: .function3

===========================================================================================
----------------- testing Wed Feb 27 22:01:01 UTC 2019 /home/travis/build/icyphy/ptII/ptolemy/actor/lib/test/auto/functionClosureTest1.xml
----------------- Instantiating /home/travis/build/icyphy/ptII/ptolemy/actor/lib/test/auto/functionClosureTest1.xml
2 ms. Memory: 1782784K Free: 1228960K (69%)
----------------- Invoking toplevel() on ptolemy.moml.MoMLSimpleApplication@23864843
----------------- Done invoking toplevel() on ptolemy.moml.MoMLSimpleApplication@23864843
reloadAllAccessors: .functionClosureTest1

===========================================================================================
----------------- testing Wed Feb 27 22:01:01 UTC 2019 /home/travis/build/icyphy/ptII/ptolemy/actor/lib/test/auto/functionClosureTest2.xml
----------------- Instantiating /home/travis/build/icyphy/ptII/ptolemy/actor/lib/test/auto/functionClosureTest2.xml
1 ms. Memory: 1782784K Free: 1208192K (68%)
----------------- Invoking toplevel() on ptolemy.moml.MoMLSimpleApplication@7d4ad4e8
----------------- Done invoking toplevel() on ptolemy.moml.MoMLSimpleApplication@7d4ad4e8
reloadAllAccessors: .functionClosureTest2

===========================================================================================
----------------- testing Wed Feb 27 22:01:01 UTC 2019 /home/travis/build/icyphy/ptII/ptolemy/actor/lib/test/auto/functionClosureTest3.xml
----------------- Instantiating /home/travis/build/icyphy/ptII/ptolemy/actor/lib/test/auto/functionClosureTest3.xml
2 ms. Memory: 1782784K Free: 1187423K (67%)
----------------- Invoking toplevel() on ptolemy.moml.MoMLSimpleApplication@1fb5948
----------------- Done invoking toplevel() on ptolemy.moml.MoMLSimpleApplication@1fb5948
reloadAllAccessors: .functionClosureTest3

===========================================================================================
----------------- testing Wed Feb 27 22:01:01 UTC 2019 /home/travis/build/icyphy/ptII/ptolemy/actor/lib/test/auto/functionClosureTest4.xml
----------------- Instantiating /home/travis/build/icyphy/ptII/ptolemy/actor/lib/test/auto/functionClosureTest4.xml
2 ms. Memory: 1782784K Free: 1170747K (66%)
----------------- Invoking toplevel() on ptolemy.moml.MoMLSimpleApplication@4f98e0eb
----------------- Done invoking toplevel() on ptolemy.moml.MoMLSimpleApplication@4f98e0eb
reloadAllAccessors: .functionClosureTest4

===========================================================================================
----------------- testing Wed Feb 27 22:01:02 UTC 2019 /home/travis/build/icyphy/ptII/ptolemy/actor/lib/test/auto/functionClosureTest5.xml
----------------- Instantiating /home/travis/build/icyphy/ptII/ptolemy/actor/lib/test/auto/functionClosureTest5.xml
4 ms. Memory: 1782784K Free: 1149978K (65%)
----------------- Invoking toplevel() on ptolemy.moml.MoMLSimpleApplication@3952b6ca
----------------- Done invoking toplevel() on ptolemy.moml.MoMLSimpleApplication@3952b6ca
reloadAllAccessors: .functionClosureTest5

===========================================================================================
----------------- testing Wed Feb 27 22:01:02 UTC 2019 /home/travis/build/icyphy/ptII/ptolemy/actor/lib/test/auto/functionClosureTest6.xml
----------------- Instantiating /home/travis/build/icyphy/ptII/ptolemy/actor/lib/test/auto/functionClosureTest6.xml
1 ms. Memory: 1782784K Free: 1133303K (64%)
----------------- Invoking toplevel() on ptolemy.moml.MoMLSimpleApplication@17ed7889
----------------- Done invoking toplevel() on ptolemy.moml.MoMLSimpleApplication@17ed7889
reloadAllAccessors: .functionClosureTest6

===========================================================================================
----------------- testing Wed Feb 27 22:01:02 UTC 2019 /home/travis/build/icyphy/ptII/ptolemy/actor/lib/test/auto/functionsOnArcs.xml
----------------- Instantiating /home/travis/build/icyphy/ptII/ptolemy/actor/lib/test/auto/functionsOnArcs.xml
2 ms. Memory: 1782784K Free: 1112534K (62%)
----------------- Invoking toplevel() on ptolemy.moml.MoMLSimpleApplication@e3dbaa5
----------------- Done invoking toplevel() on ptolemy.moml.MoMLSimpleApplication@e3dbaa5
reloadAllAccessors: .functionsOnArcs

===========================================================================================
----------------- testing Wed Feb 27 22:01:02 UTC 2019 /home/travis/build/icyphy/ptII/ptolemy/actor/lib/test/auto/functionsOnArcsHOF.xml
----------------- Instantiating /home/travis/build/icyphy/ptII/ptolemy/actor/lib/test/auto/functionsOnArcsHOF.xml
2 ms. Memory: 1782784K Free: 1091765K (61%)
----------------- Invoking toplevel() on ptolemy.moml.MoMLSimpleApplication@42ccb846
----------------- Done invoking toplevel() on ptolemy.moml.MoMLSimpleApplication@42ccb846
reloadAllAccessors: .functionsOnArcsHOF

===========================================================================================
----------------- testing Wed Feb 27 22:01:02 UTC 2019 /home/travis/build/icyphy/ptII/ptolemy/actor/lib/test/auto/logic.xml
----------------- Instantiating /home/travis/build/icyphy/ptII/ptolemy/actor/lib/test/auto/logic.xml
2 ms. Memory: 1782784K Free: 1075089K (60%)
----------------- Invoking toplevel() on ptolemy.moml.MoMLSimpleApplication@5b557b5f
----------------- Done invoking toplevel() on ptolemy.moml.MoMLSimpleApplication@5b557b5f
reloadAllAccessors: .logic

===========================================================================================
----------------- testing Wed Feb 27 22:01:02 UTC 2019 /home/travis/build/icyphy/ptII/ptolemy/actor/lib/test/auto/matrixType.xml
----------------- Instantiating /home/travis/build/icyphy/ptII/ptolemy/actor/lib/test/auto/matrixType.xml
1 ms. Memory: 1782784K Free: 1054321K (59%)
----------------- Invoking toplevel() on ptolemy.moml.MoMLSimpleApplication@278208ae
----------------- Done invoking toplevel() on ptolemy.moml.MoMLSimpleApplication@278208ae
reloadAllAccessors: .matrixType

===========================================================================================
----------------- testing Wed Feb 27 22:01:02 UTC 2019 /home/travis/build/icyphy/ptII/ptolemy/actor/lib/test/auto/matrixType10.xml
----------------- Instantiating /home/travis/build/icyphy/ptII/ptolemy/actor/lib/test/auto/matrixType10.xml
2 ms. Memory: 1782784K Free: 1033552K (58%)
----------------- Invoking toplevel() on ptolemy.moml.MoMLSimpleApplication@5e2e1ce5
----------------- Done invoking toplevel() on ptolemy.moml.MoMLSimpleApplication@5e2e1ce5
reloadAllAccessors: .matrixType10

===========================================================================================
----------------- testing Wed Feb 27 22:01:02 UTC 2019 /home/travis/build/icyphy/ptII/ptolemy/actor/lib/test/auto/matrixType11.xml
----------------- Instantiating /home/travis/build/icyphy/ptII/ptolemy/actor/lib/test/auto/matrixType11.xml
1 ms. Memory: 1782784K Free: 1016876K (57%)
----------------- Invoking toplevel() on ptolemy.moml.MoMLSimpleApplication@d4fe59f
----------------- Done invoking toplevel() on ptolemy.moml.MoMLSimpleApplication@d4fe59f
reloadAllAccessors: .matrixType11

===========================================================================================
----------------- testing Wed Feb 27 22:01:02 UTC 2019 /home/travis/build/icyphy/ptII/ptolemy/actor/lib/test/auto/matrixType12.xml
----------------- Instantiating /home/travis/build/icyphy/ptII/ptolemy/actor/lib/test/auto/matrixType12.xml
1 ms. Memory: 1782784K Free: 996108K (56%)
----------------- Invoking toplevel() on ptolemy.moml.MoMLSimpleApplication@6d2e156c
----------------- Done invoking toplevel() on ptolemy.moml.MoMLSimpleApplication@6d2e156c
reloadAllAccessors: .matrixType12

===========================================================================================
----------------- testing Wed Feb 27 22:01:02 UTC 2019 /home/travis/build/icyphy/ptII/ptolemy/actor/lib/test/auto/matrixType13.xml
----------------- Instantiating /home/travis/build/icyphy/ptII/ptolemy/actor/lib/test/auto/matrixType13.xml
1 ms. Memory: 1782784K Free: 975339K (55%)
----------------- Invoking toplevel() on ptolemy.moml.MoMLSimpleApplication@299f501d
----------------- Done invoking toplevel() on ptolemy.moml.MoMLSimpleApplication@299f501d
reloadAllAccessors: .matrixType13

===========================================================================================
----------------- testing Wed Feb 27 22:01:02 UTC 2019 /home/travis/build/icyphy/ptII/ptolemy/actor/lib/test/auto/matrixType14.xml
----------------- Instantiating /home/travis/build/icyphy/ptII/ptolemy/actor/lib/test/auto/matrixType14.xml
2 ms. Memory: 1782784K Free: 958663K (54%)
----------------- Invoking toplevel() on ptolemy.moml.MoMLSimpleApplication@3423d83
----------------- Done invoking toplevel() on ptolemy.moml.MoMLSimpleApplication@3423d83
reloadAllAccessors: .matrixType14

===========================================================================================
----------------- testing Wed Feb 27 22:01:02 UTC 2019 /home/travis/build/icyphy/ptII/ptolemy/actor/lib/test/auto/matrixType2.xml
----------------- Instantiating /home/travis/build/icyphy/ptII/ptolemy/actor/lib/test/auto/matrixType2.xml
1 ms. Memory: 1782784K Free: 937894K (53%)
----------------- Invoking toplevel() on ptolemy.moml.MoMLSimpleApplication@53e47d05
----------------- Done invoking toplevel() on ptolemy.moml.MoMLSimpleApplication@53e47d05
reloadAllAccessors: .matrixType2

===========================================================================================
----------------- testing Wed Feb 27 22:01:02 UTC 2019 /home/travis/build/icyphy/ptII/ptolemy/actor/lib/test/auto/matrixType3.xml
----------------- Instantiating /home/travis/build/icyphy/ptII/ptolemy/actor/lib/test/auto/matrixType3.xml
2 ms. Memory: 1782784K Free: 921219K (52%)
----------------- Invoking toplevel() on ptolemy.moml.MoMLSimpleApplication@fd930d8
----------------- Done invoking toplevel() on ptolemy.moml.MoMLSimpleApplication@fd930d8
reloadAllAccessors: .matrixType3

===========================================================================================
----------------- testing Wed Feb 27 22:01:02 UTC 2019 /home/travis/build/icyphy/ptII/ptolemy/actor/lib/test/auto/matrixType4.xml
----------------- Instantiating /home/travis/build/icyphy/ptII/ptolemy/actor/lib/test/auto/matrixType4.xml
1 ms. Memory: 1782784K Free: 900450K (51%)
----------------- Invoking toplevel() on ptolemy.moml.MoMLSimpleApplication@4b2f4e4c
----------------- Done invoking toplevel() on ptolemy.moml.MoMLSimpleApplication@4b2f4e4c
reloadAllAccessors: .matrixType4

===========================================================================================
----------------- testing Wed Feb 27 22:01:02 UTC 2019 /home/travis/build/icyphy/ptII/ptolemy/actor/lib/test/auto/matrixType5.xml
----------------- Instantiating /home/travis/build/icyphy/ptII/ptolemy/actor/lib/test/auto/matrixType5.xml
2 ms. Memory: 1782784K Free: 879681K (49%)
----------------- Invoking toplevel() on ptolemy.moml.MoMLSimpleApplication@55466319
----------------- Done invoking toplevel() on ptolemy.moml.MoMLSimpleApplication@55466319
reloadAllAccessors: .matrixType5

===========================================================================================
----------------- testing Wed Feb 27 22:01:02 UTC 2019 /home/travis/build/icyphy/ptII/ptolemy/actor/lib/test/auto/matrixType6.xml
----------------- Instantiating /home/travis/build/icyphy/ptII/ptolemy/actor/lib/test/auto/matrixType6.xml
1 ms. Memory: 1782784K Free: 863006K (48%)
----------------- Invoking toplevel() on ptolemy.moml.MoMLSimpleApplication@3dbb7642
----------------- Done invoking toplevel() on ptolemy.moml.MoMLSimpleApplication@3dbb7642
reloadAllAccessors: .matrixType6

===========================================================================================
----------------- testing Wed Feb 27 22:01:02 UTC 2019 /home/travis/build/icyphy/ptII/ptolemy/actor/lib/test/auto/matrixType7.xml
----------------- Instantiating /home/travis/build/icyphy/ptII/ptolemy/actor/lib/test/auto/matrixType7.xml
1 ms. Memory: 1782784K Free: 842237K (47%)
----------------- Invoking toplevel() on ptolemy.moml.MoMLSimpleApplication@5bef27
----------------- Done invoking toplevel() on ptolemy.moml.MoMLSimpleApplication@5bef27
reloadAllAccessors: .matrixType7

===========================================================================================
----------------- testing Wed Feb 27 22:01:02 UTC 2019 /home/travis/build/icyphy/ptII/ptolemy/actor/lib/test/auto/matrixType8.xml
----------------- Instantiating /home/travis/build/icyphy/ptII/ptolemy/actor/lib/test/auto/matrixType8.xml
2 ms. Memory: 1782784K Free: 821468K (46%)
----------------- Invoking toplevel() on ptolemy.moml.MoMLSimpleApplication@16b3a907
----------------- Done invoking toplevel() on ptolemy.moml.MoMLSimpleApplication@16b3a907
reloadAllAccessors: .matrixType8

===========================================================================================
----------------- testing Wed Feb 27 22:01:02 UTC 2019 /home/travis/build/icyphy/ptII/ptolemy/actor/lib/test/auto/matrixType9.xml
----------------- Instantiating /home/travis/build/icyphy/ptII/ptolemy/actor/lib/test/auto/matrixType9.xml
2 ms. Memory: 1782784K Free: 804792K (45%)
----------------- Invoking toplevel() on ptolemy.moml.MoMLSimpleApplication@5232f33
----------------- Done invoking toplevel() on ptolemy.moml.MoMLSimpleApplication@5232f33
reloadAllAccessors: .matrixType9

===========================================================================================
----------------- testing Wed Feb 27 22:01:02 UTC 2019 /home/travis/build/icyphy/ptII/ptolemy/actor/lib/test/auto/paraFunctest.xml
----------------- Instantiating /home/travis/build/icyphy/ptII/ptolemy/actor/lib/test/auto/paraFunctest.xml
1 ms. Memory: 1782784K Free: 784023K (44%)
----------------- Invoking toplevel() on ptolemy.moml.MoMLSimpleApplication@22bbefa4
----------------- Done invoking toplevel() on ptolemy.moml.MoMLSimpleApplication@22bbefa4
reloadAllAccessors: .paraFunctest

===========================================================================================
----------------- testing Wed Feb 27 22:01:02 UTC 2019 /home/travis/build/icyphy/ptII/ptolemy/actor/lib/test/auto/paraFunctest2.xml
----------------- Instantiating /home/travis/build/icyphy/ptII/ptolemy/actor/lib/test/auto/paraFunctest2.xml
1 ms. Memory: 1782784K Free: 763255K (43%)
----------------- Invoking toplevel() on ptolemy.moml.MoMLSimpleApplication@fb192d7
----------------- Done invoking toplevel() on ptolemy.moml.MoMLSimpleApplication@fb192d7
reloadAllAccessors: .paraFunctest2

===========================================================================================
----------------- testing Wed Feb 27 22:01:02 UTC 2019 /home/travis/build/icyphy/ptII/ptolemy/actor/lib/test/auto/parameterPassing.xml
----------------- Instantiating /home/travis/build/icyphy/ptII/ptolemy/actor/lib/test/auto/parameterPassing.xml
1 ms. Memory: 1782784K Free: 746579K (42%)
----------------- Invoking toplevel() on ptolemy.moml.MoMLSimpleApplication@10c1d9af
----------------- Done invoking toplevel() on ptolemy.moml.MoMLSimpleApplication@10c1d9af
reloadAllAccessors: .parameterPassing

===========================================================================================
----------------- testing Wed Feb 27 22:01:02 UTC 2019 /home/travis/build/icyphy/ptII/ptolemy/actor/lib/test/auto/record.xml
----------------- Instantiating /home/travis/build/icyphy/ptII/ptolemy/actor/lib/test/auto/record.xml
2 ms. Memory: 1782784K Free: 725810K (41%)
----------------- Invoking toplevel() on ptolemy.moml.MoMLSimpleApplication@180d5c90
----------------- Done invoking toplevel() on ptolemy.moml.MoMLSimpleApplication@180d5c90
reloadAllAccessors: .record

===========================================================================================
----------------- testing Wed Feb 27 22:01:02 UTC 2019 /home/travis/build/icyphy/ptII/ptolemy/actor/lib/test/auto/sizedarray1.xml
----------------- Instantiating /home/travis/build/icyphy/ptII/ptolemy/actor/lib/test/auto/sizedarray1.xml
1 ms. Memory: 1782784K Free: 705042K (40%)
----------------- Invoking toplevel() on ptolemy.moml.MoMLSimpleApplication@70d1d1fc
----------------- Done invoking toplevel() on ptolemy.moml.MoMLSimpleApplication@70d1d1fc
reloadAllAccessors: .sizedarray1

===========================================================================================
----------------- testing Wed Feb 27 22:01:02 UTC 2019 /home/travis/build/icyphy/ptII/ptolemy/actor/lib/test/auto/sizedarray2.xml
----------------- Instantiating /home/travis/build/icyphy/ptII/ptolemy/actor/lib/test/auto/sizedarray2.xml
1 ms. Memory: 1782784K Free: 688366K (39%)
----------------- Invoking toplevel() on ptolemy.moml.MoMLSimpleApplication@597be632
----------------- Done invoking toplevel() on ptolemy.moml.MoMLSimpleApplication@597be632
reloadAllAccessors: .sizedarray2

===========================================================================================
----------------- testing Wed Feb 27 22:01:02 UTC 2019 /home/travis/build/icyphy/ptII/ptolemy/actor/lib/test/auto/twoPublishers.xml
----------------- Instantiating /home/travis/build/icyphy/ptII/ptolemy/actor/lib/test/auto/twoPublishers.xml
2 ms. Memory: 1782784K Free: 659259K (37%)
----------------- Invoking toplevel() on ptolemy.moml.MoMLSimpleApplication@4702a31
----------------- Done invoking toplevel() on ptolemy.moml.MoMLSimpleApplication@4702a31
reloadAllAccessors: .twoPublishers
AutoTests.java: About to close Vertx.
AutoTests.java: Vertx closed.
]]></system-out>
  <system-err><![CDATA[java.lang.RuntimeException: Execution failed
	at ptolemy.moml.MoMLSimpleApplication$UnloadThread.run(MoMLSimpleApplication.java:402)
Caused by: java.lang.RuntimeException: StringUtilities.exit() was called. Normally, we would exit here because Manager.exitAfterWrapup() was called.  However, because the ptolemy.ptII.exitAfterWrapup property is set, we throw this exception instead.
	at ptolemy.util.StringUtilities.exit(StringUtilities.java:363)
	at ptolemy.actor.Manager.wrapup(Manager.java:1531)
	at ptolemy.actor.Manager.execute(Manager.java:407)
	at ptolemy.actor.Manager.run(Manager.java:1263)
	at ptolemy.actor.Manager$PtolemyRunThread.run(Manager.java:1915)
Warning: '.top.test' is in training mode, set the trainingMode parameter to false before checking in
Warning: '.top.test' is in training mode, set the trainingMode parameter to false before checking in
Warning: '.top.test' is in training mode, set the trainingMode parameter to false before checking in
Warning: '.BooleanSwitch_RegressionTest_WrongTrainingValues.Test' is in training mode, set the trainingMode parameter to false before checking in
Warning: '.BooleanSwitch_RegressionTest_WrongTrainingValues.Test2' is in training mode, set the trainingMode parameter to false before checking in
Warning: '.BooleanSwitch_RegressionTest_WrongTrainingValues.Test2' The test produced 0 tokens.
Warning: '.top.testExceptionHandler' is in training mode, set the trainingMode parameter to false before checking in
java.lang.RuntimeException: Execution failed
	at ptolemy.moml.MoMLSimpleApplication$UnloadThread.run(MoMLSimpleApplication.java:402)
Caused by: ptolemy.kernel.util.IllegalActionException: PublisherPorts cannot be used at the top level, use a Publisher actor instead.
  in .PublisherPortToplevelSubscriber.PublisherPort
	at ptolemy.actor.PublisherPort.preinitialize(PublisherPort.java:403)
	at ptolemy.actor.CompositeActor.preinitialize(CompositeActor.java:1769)
	at ptolemy.actor.Manager.preinitializeAndResolveTypes(Manager.java:1040)
	at ptolemy.actor.Manager.initialize(Manager.java:710)
	at ptolemy.actor.Manager.execute(Manager.java:356)
	at ptolemy.actor.Manager.run(Manager.java:1263)
	at ptolemy.actor.Manager$PtolemyRunThread.run(Manager.java:1915)
java.lang.reflect.InvocationTargetException
	at sun.reflect.NativeConstructorAccessorImpl.newInstance0(Native Method)
	at sun.reflect.NativeConstructorAccessorImpl.newInstance(NativeConstructorAccessorImpl.java:62)
	at sun.reflect.DelegatingConstructorAccessorImpl.newInstance(DelegatingConstructorAccessorImpl.java:45)
	at java.lang.reflect.Constructor.newInstance(Constructor.java:423)
	at ptolemy.util.test.junit.AutoKnownFailedTests.RunModel(AutoKnownFailedTests.java:105)
	at sun.reflect.NativeMethodAccessorImpl.invoke0(Native Method)
	at sun.reflect.NativeMethodAccessorImpl.invoke(NativeMethodAccessorImpl.java:62)
	at sun.reflect.DelegatingMethodAccessorImpl.invoke(DelegatingMethodAccessorImpl.java:43)
	at java.lang.reflect.Method.invoke(Method.java:498)
	at org.junit.runners.model.FrameworkMethod$1.runReflectiveCall(FrameworkMethod.java:44)
	at org.junit.internal.runners.model.ReflectiveCallable.run(ReflectiveCallable.java:15)
	at org.junit.runners.model.FrameworkMethod.invokeExplosively(FrameworkMethod.java:41)
	at junitparams.internal.InvokeParameterisedMethod.evaluate(InvokeParameterisedMethod.java:102)
	at org.junit.internal.runners.statements.FailOnTimeout$1.run(FailOnTimeout.java:28)
Caused by: ptolemy.kernel.util.IllegalActionException: PublisherPorts cannot be used at the top level, use a Publisher actor instead.
  in .PublisherPortToplevelSubscriber.PublisherPort
	at ptolemy.actor.PublisherPort.preinitialize(PublisherPort.java:403)
	at ptolemy.actor.CompositeActor.preinitialize(CompositeActor.java:1769)
	at ptolemy.actor.Manager.preinitializeAndResolveTypes(Manager.java:1040)
	at ptolemy.actor.Manager.initialize(Manager.java:710)
	at ptolemy.actor.Manager.execute(Manager.java:356)
	at ptolemy.actor.Manager.run(Manager.java:1263)
	at ptolemy.actor.Manager$PtolemyRunThread.run(Manager.java:1915)
java.lang.RuntimeException: Execution failed
	at ptolemy.moml.MoMLSimpleApplication$UnloadThread.run(MoMLSimpleApplication.java:402)
Caused by: ptolemy.kernel.util.IllegalActionException: SubscriberPorts cannot be used at the top level, use a Subscriber actor instead.
  in .PublisherSubscriberPortToplevel.SubscriberPort
	at ptolemy.actor.SubscriberPort.preinitialize(SubscriberPort.java:328)
	at ptolemy.actor.CompositeActor.preinitialize(CompositeActor.java:1769)
	at ptolemy.actor.Manager.preinitializeAndResolveTypes(Manager.java:1040)
	at ptolemy.actor.Manager.initialize(Manager.java:710)
	at ptolemy.actor.Manager.execute(Manager.java:356)
	at ptolemy.actor.Manager.run(Manager.java:1263)
	at ptolemy.actor.Manager$PtolemyRunThread.run(Manager.java:1915)
java.lang.reflect.InvocationTargetException
	at sun.reflect.NativeConstructorAccessorImpl.newInstance0(Native Method)
	at sun.reflect.NativeConstructorAccessorImpl.newInstance(NativeConstructorAccessorImpl.java:62)
	at sun.reflect.DelegatingConstructorAccessorImpl.newInstance(DelegatingConstructorAccessorImpl.java:45)
	at java.lang.reflect.Constructor.newInstance(Constructor.java:423)
	at ptolemy.util.test.junit.AutoKnownFailedTests.RunModel(AutoKnownFailedTests.java:105)
	at sun.reflect.NativeMethodAccessorImpl.invoke0(Native Method)
	at sun.reflect.NativeMethodAccessorImpl.invoke(NativeMethodAccessorImpl.java:62)
	at sun.reflect.DelegatingMethodAccessorImpl.invoke(DelegatingMethodAccessorImpl.java:43)
	at java.lang.reflect.Method.invoke(Method.java:498)
	at org.junit.runners.model.FrameworkMethod$1.runReflectiveCall(FrameworkMethod.java:44)
	at org.junit.internal.runners.model.ReflectiveCallable.run(ReflectiveCallable.java:15)
	at org.junit.runners.model.FrameworkMethod.invokeExplosively(FrameworkMethod.java:41)
	at junitparams.internal.InvokeParameterisedMethod.evaluate(InvokeParameterisedMethod.java:102)
	at org.junit.internal.runners.statements.FailOnTimeout$1.run(FailOnTimeout.java:28)
Caused by: ptolemy.kernel.util.IllegalActionException: SubscriberPorts cannot be used at the top level, use a Subscriber actor instead.
  in .PublisherSubscriberPortToplevel.SubscriberPort
	at ptolemy.actor.SubscriberPort.preinitialize(SubscriberPort.java:328)
	at ptolemy.actor.CompositeActor.preinitialize(CompositeActor.java:1769)
	at ptolemy.actor.Manager.preinitializeAndResolveTypes(Manager.java:1040)
	at ptolemy.actor.Manager.initialize(Manager.java:710)
	at ptolemy.actor.Manager.execute(Manager.java:356)
	at ptolemy.actor.Manager.run(Manager.java:1263)
	at ptolemy.actor.Manager$PtolemyRunThread.run(Manager.java:1915)
java.lang.RuntimeException: Execution failed
	at ptolemy.moml.MoMLSimpleApplication$UnloadThread.run(MoMLSimpleApplication.java:402)
Caused by: ptolemy.kernel.util.IllegalActionException: SubscriptionAggregatorPorts cannot be used at the top level, use a SubscriptionAggregator actor instead.
  in .PublisherSubscriptionAggregatorPort.SubscriptionAggregatorPort
	at ptolemy.actor.SubscriptionAggregatorPort.preinitialize(SubscriptionAggregatorPort.java:353)
	at ptolemy.actor.CompositeActor.preinitialize(CompositeActor.java:1769)
	at ptolemy.actor.Manager.preinitializeAndResolveTypes(Manager.java:1040)
	at ptolemy.actor.Manager.initialize(Manager.java:710)
	at ptolemy.actor.Manager.execute(Manager.java:356)
	at ptolemy.actor.Manager.run(Manager.java:1263)
	at ptolemy.actor.Manager$PtolemyRunThread.run(Manager.java:1915)
java.lang.reflect.InvocationTargetException
	at sun.reflect.NativeConstructorAccessorImpl.newInstance0(Native Method)
	at sun.reflect.NativeConstructorAccessorImpl.newInstance(NativeConstructorAccessorImpl.java:62)
	at sun.reflect.DelegatingConstructorAccessorImpl.newInstance(DelegatingConstructorAccessorImpl.java:45)
	at java.lang.reflect.Constructor.newInstance(Constructor.java:423)
	at ptolemy.util.test.junit.AutoKnownFailedTests.RunModel(AutoKnownFailedTests.java:105)
	at sun.reflect.NativeMethodAccessorImpl.invoke0(Native Method)
	at sun.reflect.NativeMethodAccessorImpl.invoke(NativeMethodAccessorImpl.java:62)
	at sun.reflect.DelegatingMethodAccessorImpl.invoke(DelegatingMethodAccessorImpl.java:43)
	at java.lang.reflect.Method.invoke(Method.java:498)
	at org.junit.runners.model.FrameworkMethod$1.runReflectiveCall(FrameworkMethod.java:44)
	at org.junit.internal.runners.model.ReflectiveCallable.run(ReflectiveCallable.java:15)
	at org.junit.runners.model.FrameworkMethod.invokeExplosively(FrameworkMethod.java:41)
	at junitparams.internal.InvokeParameterisedMethod.evaluate(InvokeParameterisedMethod.java:102)
	at org.junit.internal.runners.statements.FailOnTimeout$1.run(FailOnTimeout.java:28)
Caused by: ptolemy.kernel.util.IllegalActionException: SubscriptionAggregatorPorts cannot be used at the top level, use a SubscriptionAggregator actor instead.
  in .PublisherSubscriptionAggregatorPort.SubscriptionAggregatorPort
	at ptolemy.actor.SubscriptionAggregatorPort.preinitialize(SubscriptionAggregatorPort.java:353)
	at ptolemy.actor.CompositeActor.preinitialize(CompositeActor.java:1769)
	at ptolemy.actor.Manager.preinitializeAndResolveTypes(Manager.java:1040)
	at ptolemy.actor.Manager.initialize(Manager.java:710)
	at ptolemy.actor.Manager.execute(Manager.java:356)
	at ptolemy.actor.Manager.run(Manager.java:1263)
	at ptolemy.actor.Manager$PtolemyRunThread.run(Manager.java:1915)
java.lang.RuntimeException: Execution failed
	at ptolemy.moml.MoMLSimpleApplication$UnloadThread.run(MoMLSimpleApplication.java:402)
Caused by: ptolemy.kernel.util.IllegalActionException: TypeTest actor has no training data.
  in .sizedarray3.TypeTest
	at ptolemy.actor.lib.TypeTest.initialize(TypeTest.java:250)
	at ptolemy.actor.Director.initialize(Director.java:938)
	at ptolemy.actor.Director.initialize(Director.java:907)
	at ptolemy.actor.sched.StaticSchedulingDirector.initialize(StaticSchedulingDirector.java:159)
	at ptolemy.domains.sdf.kernel.SDFDirector.initialize(SDFDirector.java:544)
	at ptolemy.actor.CompositeActor.initialize(CompositeActor.java:935)
	at ptolemy.actor.Manager.initialize(Manager.java:724)
	at ptolemy.actor.Manager.execute(Manager.java:356)
	at ptolemy.actor.Manager.run(Manager.java:1263)
	at ptolemy.actor.Manager$PtolemyRunThread.run(Manager.java:1915)
java.lang.reflect.InvocationTargetException
	at sun.reflect.NativeConstructorAccessorImpl.newInstance0(Native Method)
	at sun.reflect.NativeConstructorAccessorImpl.newInstance(NativeConstructorAccessorImpl.java:62)
	at sun.reflect.DelegatingConstructorAccessorImpl.newInstance(DelegatingConstructorAccessorImpl.java:45)
	at java.lang.reflect.Constructor.newInstance(Constructor.java:423)
	at ptolemy.util.test.junit.AutoKnownFailedTests.RunModel(AutoKnownFailedTests.java:105)
	at sun.reflect.NativeMethodAccessorImpl.invoke0(Native Method)
	at sun.reflect.NativeMethodAccessorImpl.invoke(NativeMethodAccessorImpl.java:62)
	at sun.reflect.DelegatingMethodAccessorImpl.invoke(DelegatingMethodAccessorImpl.java:43)
	at java.lang.reflect.Method.invoke(Method.java:498)
	at org.junit.runners.model.FrameworkMethod$1.runReflectiveCall(FrameworkMethod.java:44)
	at org.junit.internal.runners.model.ReflectiveCallable.run(ReflectiveCallable.java:15)
	at org.junit.runners.model.FrameworkMethod.invokeExplosively(FrameworkMethod.java:41)
	at junitparams.internal.InvokeParameterisedMethod.evaluate(InvokeParameterisedMethod.java:102)
	at org.junit.internal.runners.statements.FailOnTimeout$1.run(FailOnTimeout.java:28)
Caused by: ptolemy.kernel.util.IllegalActionException: TypeTest actor has no training data.
  in .sizedarray3.TypeTest
	at ptolemy.actor.lib.TypeTest.initialize(TypeTest.java:250)
	at ptolemy.actor.Director.initialize(Director.java:938)
	at ptolemy.actor.Director.initialize(Director.java:907)
	at ptolemy.actor.sched.StaticSchedulingDirector.initialize(StaticSchedulingDirector.java:159)
	at ptolemy.domains.sdf.kernel.SDFDirector.initialize(SDFDirector.java:544)
	at ptolemy.actor.CompositeActor.initialize(CompositeActor.java:935)
	at ptolemy.actor.Manager.initialize(Manager.java:724)
	at ptolemy.actor.Manager.execute(Manager.java:356)
	at ptolemy.actor.Manager.run(Manager.java:1263)
	at ptolemy.actor.Manager$PtolemyRunThread.run(Manager.java:1915)
]]></system-err>
</testsuite>
