<?xml version="1.0" encoding="UTF-8" ?>
<testsuite errors="1" failures="1" hostname="travis-job-f8dcb50b-de85-455f-a28f-88427a576eae" name="ptolemy.actor.lib.test.junit.JUnitTclTest" skipped="0" tests="517" time="64.64" timestamp="2019-07-14T22:59:06">
  <properties>
    <property name="npm.executable" value="npm" />
    <property name="env.TRAVIS_ROOT" value="/" />
    <property name="ptII.mk.exists" value="true" />
    <property name="env.TRAVIS_APP_HOST" value="build.travis-ci.org" />
    <property name="env.rvm_bin_path" value="/home/travis/.rvm/bin" />
    <property name="java.home" value="/usr/local/lib/jvm/openjdk11" />
    <property name="env.TRAVIS_JOB_NUMBER" value="1236.8" />
    <property name="env.TRAVIS_HOME" value="/home/travis" />
    <property name="env.DISPLAY" value=":99.0" />
    <property name="env.TRAVIS_INIT" value="systemd" />
    <property name="env.SSH_TTY" value="/dev/pts/0" />
    <property name="java.net.preferIPv4Stack" value="true" />
    <property name="env.RUN_TESTS" value="true" />
    <property name="timeout.short" value="1000000" />
    <property name="junit.formatter" value="xml" />
    <property name="env.TRAVIS_SUDO" value="true" />
    <property name="env.TRAVIS_JOB_NAME" value="" />
    <property name="env.TRAVIS_STACK_NODE_ATTRIBUTES" value="/.node-attributes.yml" />
    <property name="env.LOGNAME" value="travis" />
    <property name="env.PT_TRAVIS_TEST_CORE1_XML" value="true" />
    <property name="jsdoc.home" value="node_modules/@terraswarm/jsdoc" />
    <property name="debuglevel" value="source,lines,vars" />
    <property name="checkstyle.formatter" value="xml" />
    <property name="env._system_version" value="16.04" />
    <property name="bin.vergil.makeable" value="true" />
    <property name="sun.os.patch.level" value="unknown" />
    <property name="java.vendor.url" value="http://java.oracle.com/" />
    <property name="env.TRAVIS_BUILD_WEB_URL" value="https://travis-ci.org/icyphy/ptII/builds/558678601" />
    <property name="java.version" value="11.0.2" />
    <property name="env.TZ" value="UTC" />
    <property name="env.TRAVIS_PULL_REQUEST_SHA" value="" />
    <property name="env.PT_NO_NET" value="true" />
    <property name="env.TRAVIS_SECURE_ENV_VARS" value="true" />
    <property name="env._system_type" value="Linux" />
    <property name="java.vendor.url.bug" value="http://bugreport.java.com/bugreport/" />
    <property name="npmjs-org-is-up" value="true" />
    <property name="env.LANGUAGE" value="en_US.UTF-8" />
    <property name="env.SSH_CLIENT" value="10.10.4.34 45570 22" />
    <property name="env.GEM_HOME" value="/home/travis/.rvm/gems/ruby-2.5.3" />
    <property name="env.HAS_ANTARES_THREE_LITTLE_FRONZIES_BADGE" value="true" />
    <property name="java.version.date" value="2019-01-15" />
    <property name="env.PS4" value="+" />
    <property name="ant.project.invoked-targets" value="build,test.core1.xml" />
    <property name="env.TRAVIS_PULL_REQUEST_BRANCH" value="" />
    <property name="env.TRAVIS_REPO_SLUG" value="icyphy/ptII" />
    <property name="env.XDG_DATA_DIRS" value="/usr/local/share:/usr/share:/var/lib/snapd/desktop" />
    <property name="jdk.debug" value="release" />
    <property name="env.TRAVIS_APT_PROXY" value="http://apt.cache.travis-ci.com" />
    <property name="node.in.path" value="true" />
    <property name="user.name" value="travis" />
    <property name="java.maxmemory" value="1400m" />
    <property name="env.RUBY_VERSION" value="ruby-2.5.3" />
    <property name="env.LANG" value="en_US.UTF-8" />
    <property name="sun.io.unicode.encoding" value="UnicodeLittle" />
    <property name="sun.jnu.encoding" value="UTF-8" />
    <property name="java.runtime.name" value="OpenJDK Runtime Environment" />
    <property name="usefile" value="false" />
    <property name="return.code" value="0" />
    <property name="junit.single.formatter" value="plain" />
    <property name="env.DYLD_LIBRARY_PATH" value="/home/travis/pthla/certi-tools/lib:" />
    <property name="env.DEBIAN_FRONTEND" value="noninteractive" />
    <property name="env.SSH_CONNECTION" value="10.10.4.34 45570 10.20.0.39 22" />
    <property name="env.MYSQL_UNIX_PORT" value="/var/run/mysqld/mysqld.sock" />
    <property name="env.LC_ALL" value="en_US.UTF-8" />
    <property name="env.TRAVIS_ALLOW_FAILURE" value="false" />
    <property name="env.TRAVIS_JOB_WEB_URL" value="https://travis-ci.org/icyphy/ptII/jobs/558678609" />
    <property name="java.specification.name" value="Java Platform API Specification" />
    <property name="node.works" value="true" />
    <property name="user.timezone" value="" />
    <property name="path.separator" value=":" />
    <property name="env.TRAVIS_ENABLE_INFRA_DETECTION" value="true" />
    <property name="env.PYTHON_CFLAGS" value="-g -fstack-protector --param=ssp-buffer-size=4 -Wformat -Werror=format-security" />
    <property name="timeout.long" value="4000000" />
    <property name="env.CERTI_HOME" value="/home/travis/pthla/certi-tools" />
    <property name="ant.file.ptII" value="/home/travis/build/icyphy/ptII/build.xml" />
    <property name="javadoc.packagenames" value="com.*,diva.*,lbnl.*,org.hlacerti.*,org.json.*,org.ptolemy.*,org.terraswarm.*,ptolemy.*,ptserver.*" />
    <property name="file.encoding" value="UTF-8" />
    <property name="env.TRAVIS_PULL_REQUEST_SLUG" value="" />
    <property name="ant.project.default-target" value="build" />
    <property name="env.GIT_ASKPASS" value="echo" />
    <property name="env.HOME" value="/home/travis" />
    <property name="sun.java.command" value="org.apache.tools.ant.taskdefs.optional.junit.JUnitTestRunner ptolemy.actor.lib.test.junit.JUnitTclTest skipNonTests=false filtertrace=true haltOnError=false haltOnFailure=false formatter=org.apache.tools.ant.taskdefs.optional.junit.OutErrSummaryJUnitResultFormatter showoutput=true outputtoformatters=true logfailedtests=true threadid=0 logtestlistenerevents=false formatter=org.apache.tools.ant.taskdefs.optional.junit.XMLJUnitResultFormatter,/home/travis/build/icyphy/ptII/reports/junit/TEST-ptolemy.actor.lib.test.junit.JUnitTclTest.xml crashfile=/home/travis/build/icyphy/ptII/junitvmwatcher809458785373104948.properties propsfile=/home/travis/build/icyphy/ptII/junit15271682877779173192.properties" />
    <property name="env.COMPOSER_NO_INTERACTION" value="1" />
    <property name="env.MANPATH" value="/home/travis/.nvm/versions/node/v7.10.1/share/man:/home/travis/.rvm/rubies/ruby-2.5.3/share/man:/usr/local/cmake-3.12.4/man:/usr/local/clang-7.0.0/share/man:/usr/local/man:/usr/local/share/man:/usr/share/man:/home/travis/.rvm/man" />
    <property name="env.TRAVIS_TIMER_ID" value="0c108258" />
    <property name="ant.file" value="/home/travis/build/icyphy/ptII/build.xml" />
    <property name="env.TRAVIS_COMMIT_RANGE" value="7ed03940a27c...09e94dfb6fb4" />
    <property name="env._system_name" value="Ubuntu" />
    <property name="ptII.classpath.optional.property" value="/home/travis/build/icyphy/ptII/lib/bsh-2.0b4.jar:/home/travis/build/icyphy/ptII/lib/ptCal.jar:/home/travis/build/icyphy/ptII/lib/java_cup.jar:/home/travis/build/icyphy/ptII/lib/saxon8.jar:/home/travis/build/icyphy/ptII/lib/saxon8-dom.jar:/home/travis/build/icyphy/ptII/lib/chic.jar:/home/travis/build/icyphy/ptII/lib/ptcolt.jar:/home/travis/build/icyphy/ptII/vendors/misc/itext/iText.jar:/home/travis/build/icyphy/ptII/lib/g4ltl.jar:/home/travis/build/icyphy/ptII/lib/StructuralCoder.jar:/home/travis/build/icyphy/ptII/lib/jcerti.jar:/home/travis/build/icyphy/ptII/lib/javax.mail.jar:/home/travis/build/icyphy/ptII/vendors/JMF-2.1.1e/lib/jmf.jar:/home/travis/build/icyphy/ptII/lib/jna-4.0.0-variadic.jar:/home/travis/build/icyphy/ptII/vendors/misc/joystick/Joystick.jar:/home/travis/build/icyphy/ptII/lib/ptjacl.jar:/home/travis/build/icyphy/ptII/lib/jsoup-1.8.2.jar:/home/travis/build/icyphy/ptII/lib/junit-4.8.2.jar:/home/travis/build/icyphy/ptII/lib/JUnitParams-0.4.0.jar:/home/travis/build/icyphy/ptII/ptolemy/actor/lib/excel/jxl.jar:/home/travis/build/icyphy/ptII/lib/jython.jar:/home/travis/build/icyphy/ptII/lib/kieler.jar:/home/travis/build/icyphy/ptII/vendors/opencv/share/OpenCV/java/opencv-341.jar:/home/travis/build/icyphy/ptII/lib/oscP5.jar:/home/travis/build/icyphy/ptII/lib/nrjavaserial-3.11.0.devel.jar:/home/travis/build/icyphy/ptII/vendors/j3d/lib/Linux/j3dcore.jar:/home/travis/build/icyphy/ptII/vendors/j3d/lib/Linux/j3dutils.jar:/home/travis/build/icyphy/ptII/vendors/j3d/lib/Linux/vecmath.jar:/home/travis/build/icyphy/ptII/vendors/jogl/lib/Linux/gluegen-rt-natives-linux-amd64.jar:/home/travis/build/icyphy/ptII/vendors/jogl/lib/Linux/gluegen-rt.jar:/home/travis/build/icyphy/ptII/vendors/jogl/lib/Linux/jogl-all-natives-linux-amd64.jar:/home/travis/build/icyphy/ptII/vendors/jogl/lib/Linux/jogl-all.jar:/home/travis/build/icyphy/ptII/vendors/jogl/lib/natives/linux-amd64/gluegen-rt-natives-linux-amd64.jar:/home/travis/build/icyphy/ptII/vendors/jogl/lib/natives/linux-amd64/jogl-all-natives-linux-amd64.jar:/home/travis/build/icyphy/ptII/ptolemy/distributed/jini/jar/jini-core.jar:/home/travis/build/icyphy/ptII/ptolemy/distributed/jini/jar/jini-ext.jar:/home/travis/build/icyphy/ptII/ptolemy/distributed/jini/jar/sun-util.jar:/home/travis/build/icyphy/ptII/lib/protobuf-java-2.4.1.jar:/home/travis/build/icyphy/ptII/lib/org.eclipse.paho.client.mqttv3.jar:/home/travis/build/icyphy/ptII/lib/mapss.jar:/home/travis/build/icyphy/ptII/ptolemy/actor/ptalon/antlr/antlr.jar:/home/travis/build/icyphy/ptII/lib/JRI.jar:/home/travis/build/icyphy/ptII/lib/commons-lang-2.6.jar:/home/travis/build/icyphy/ptII/lib/commons-logging-1.1.1.jar:/home/travis/build/icyphy/ptII/lib/sootclasses.jar:/home/travis/build/icyphy/ptII/ptolemy/actor/lib/database/mysql-connector-java-5.1.6-bin.jar:/home/travis/build/icyphy/ptII/vendors/misc/sphinx4/sphinx4-data-5prealpha.jar:/home/travis/build/icyphy/ptII/vendors/misc/sphinx4/sphinx4-core-5prealpha.jar:/home/travis/build/icyphy/ptII/lib/PDFRenderer.jar:/home/travis/build/icyphy/ptII/lib/svgSalamander.jar:/home/travis/build/icyphy/ptII/lib/rsyntaxtextarea-2.6.0-SNAPSHOT.jar:/home/travis/build/icyphy/ptII/lib/hazelcast-3.8.2.jar:/home/travis/build/icyphy/ptII/lib/jackson-annotations-2.9.0.jar:/home/travis/build/icyphy/ptII/lib/jackson-core-2.9.3.jar:/home/travis/build/icyphy/ptII/lib/jackson-databind-2.9.3.jar:/home/travis/build/icyphy/ptII/lib/netty-buffer-4.1.19.Final.jar:/home/travis/build/icyphy/ptII/lib/netty-codec-4.1.19.Final.jar:/home/travis/build/icyphy/ptII/lib/netty-codec-dns-4.1.19.Final.jar:/home/travis/build/icyphy/ptII/lib/netty-codec-http-4.1.19.Final.jar:/home/travis/build/icyphy/ptII/lib/netty-codec-http2-4.1.19.Final.jar:/home/travis/build/icyphy/ptII/lib/netty-common-4.1.19.Final.jar:/home/travis/build/icyphy/ptII/lib/netty-handler-4.1.19.Final.jar:/home/travis/build/icyphy/ptII/lib/netty-resolver-4.1.19.Final.jar:/home/travis/build/icyphy/ptII/lib/netty-resolver-dns-4.1.19.Final.jar:/home/travis/build/icyphy/ptII/lib/netty-transport-4.1.19.Final.jar:/home/travis/build/icyphy/ptII/lib/vertx-codegen-3.5.1.jar:/home/travis/build/icyphy/ptII/lib/vertx-core-3.5.2-SNAPSHOT.jar:/home/travis/build/icyphy/ptII/lib/vertx-hazelcast-3.5.1.jar:/home/travis/build/icyphy/ptII/lib/vertx-lang-js-3.5.1.jar:/home/travis/build/icyphy/ptII/lib/vertx-service-proxy-3.5.1.jar:/home/travis/build/icyphy/ptII/lib/vertx-web-3.5.1.jar:/home/travis/build/icyphy/ptII/lib/slf4j-api-1.7.13.jar:/home/travis/build/icyphy/ptII/lib/slf4j-simple-1.7.13.jar:/home/travis/build/icyphy/ptII/lib/webcam-capture-0.3.12.jar:/home/travis/build/icyphy/ptII/lib/bridj-0.7.0.jar:/home/travis/build/icyphy/ptII/lib/xbjlib-1.1.0.nrjavaserial.jar" />
    <property name="timeout" value="2400000" />
    <property name="test.batch" value="**/junit/*.java" />
    <property name="env._" value="/usr/bin/timeout" />
    <property name="java.io.tmpdir" value="/tmp" />
    <property name="user.language" value="en" />
    <property name="env.TRAVIS_INTERNAL_RUBY_REGEX" value="^ruby-(2\.[0-4]\.[0-9]|1\.9\.3)" />
    <property name="env.HISTCONTROL" value="ignoredups:ignorespace" />
    <property name="env.GOROOT" value="/home/travis/.gimme/versions/go1.11.1.linux.amd64" />
    <property name="line.separator" value="&#xa;" />
    <property name="target" value="11" />
    <property name="env.TRAVIS_BUILD_DIR" value="/home/travis/build/icyphy/ptII" />
    <property name="env.ANT_OPTS" value="-Xmx2048m" />
    <property name="ant.file.type" value="file" />
    <property name="ptolemy.ptII.batchMode" value="true" />
    <property name="env.HISTSIZE" value="1000" />
    <property name="env.MERB_ENV" value="test" />
    <property name="java.vm.info" value="mixed mode" />
    <property name="source" value="11" />
    <property name="java.vm.specification.name" value="Java Virtual Machine Specification" />
    <property name="env.TRAVIS_TEST_RESULT" value="0" />
    <property name="jsdoc.command" value="node_modules/@terraswarm/jsdoc/jsdoc.js" />
    <property name="npm.works" value="true" />
    <property name="cobertura.dir" value="/home/travis/build/icyphy/ptII/vendors/cobertura-2.0.3" />
    <property name="jsdoc.command.exists" value="true" />
    <property name="env.rvm_path" value="/home/travis/.rvm" />
    <property name="env.GEM_PATH" value="/home/travis/.rvm/gems/ruby-2.5.3:/home/travis/.rvm/gems/ruby-2.5.3@global" />
    <property name="env.LC_CTYPE" value="en_US.UTF-8" />
    <property name="env.TRAVIS_CMD" value="$PTII/bin/ptIITravisBuild.sh $SECONDS" />
    <property name="java.awt.printerjob" value="sun.print.PSPrinterJob" />
    <property name="env.TRAVIS_STACK_NAME" value="sardonyx" />
    <property name="env.TRAVIS_TIMER_START_TIME" value="1563144430517889521" />
    <property name="ant.version" value="Apache Ant(TM) version 1.10.1 compiled on February 2 2017" />
    <property name="ptII.reports" value="/home/travis/build/icyphy/ptII/reports" />
    <property name="env.TRAVIS_STACK_TIMESTAMP" value="2019-03-25 16:16:56 UTC" />
    <property name="ant.file.type.ptII" value="file" />
    <property name="env.RBENV_SHELL" value="bash" />
    <property name="os.name" value="Linux" />
    <property name="java.specification.vendor" value="Oracle Corporation" />
    <property name="env.rvm_version" value="1.29.7 (latest)" />
    <property name="env.TRAVIS_INFRA" value="gce" />
    <property name="env.TERM" value="xterm" />
    <property name="java.vm.name" value="OpenJDK 64-Bit Server VM" />
    <property name="env.TRAVIS_BUILD_NUMBER" value="1236" />
    <property name="env.CI" value="true" />
    <property name="java.library.path" value="/home/travis/pthla/certi-tools/lib:/usr/lib/jni:/usr/local/share/OpenCV/java/:/usr/share/OpenCV/java::/usr/java/packages/lib:/usr/lib64:/lib64:/lib:/usr/lib" />
    <property name="jdk.module.path" value="/home/travis/build/icyphy/ptII/vendors/javafx/javafx-sdk-11.0.2/lib:" />
    <property name="env.rvm_prefix" value="/home/travis" />
    <property name="env.PATH" value="/home/travis/pthla/certi-tools/share/scripts:/home/travis/.rvm/gems/ruby-2.5.3/bin:/home/travis/.rvm/gems/ruby-2.5.3@global/bin:/home/travis/.rvm/rubies/ruby-2.5.3/bin:/home/travis/.rvm/bin:/home/travis/.nvm/versions/node/v7.10.1/bin:./node_modules/.bin:/home/travis/build/icyphy/ptII/bin:/home/travis/pthla/certi-tools/bin:/home/travis/bin:/home/travis/.local/bin:/usr/local/lib/jvm/openjdk11/bin:/opt/pyenv/shims:/home/travis/.phpenv/shims:/home/travis/perl5/perlbrew/bin:/home/travis/gopath/bin:/home/travis/.gimme/versions/go1.11.1.linux.amd64/bin:/usr/local/maven-3.6.0/bin:/usr/local/cmake-3.12.4/bin:/usr/local/clang-7.0.0/bin:/usr/local/sbin:/usr/local/bin:/usr/sbin:/usr/bin:/sbin:/bin:/snap/bin:/home/travis/.phpenv/bin:/opt/pyenv/bin:/home/travis/.yarn/bin" />
    <property name="env.TRAVIS_OS_NAME" value="linux" />
    <property name="ant.java.version" value="9" />
    <property name="basedir" value="/home/travis/build/icyphy/ptII" />
    <property name="java.class.version" value="55.0" />
    <property name="env.SHLVL" value="3" />
    <property name="env.LD_LIBRARY_PATH" value="/home/travis/pthla/certi-tools/lib:/usr/lib/jni:/usr/local/share/OpenCV/java/:/usr/share/OpenCV/java:" />
    <property name="env.RACK_ENV" value="test" />
    <property name="ant.home" value="/home/travis/build/icyphy/ptII/ant" />
    <property name="env.NVM_DIR" value="/home/travis/.nvm" />
    <property name="env.CERTI_FOM_PATH" value="/home/travis/pthla/certi-tools/share/federations" />
    <property name="env.TRAVIS_BUILD_ID" value="558678601" />
    <property name="env.PYENV_ROOT" value="/opt/pyenv" />
    <property name="env.TRAVIS_UID" value="2000" />
    <property name="prism.verbose" value="true" />
    <property name="env.NVM_BIN" value="/home/travis/.nvm/versions/node/v7.10.1/bin" />
    <property name="env.TRAVIS_COMMIT" value="09e94dfb6fb444ca32383792eace181f6be0d33a" />
    <property name="env._system_arch" value="x86_64" />
    <property name="node.executable" value="node" />
    <property name="sun.boot.library.path" value="/usr/local/lib/jvm/openjdk11/lib" />
    <property name="sun.management.compiler" value="HotSpot 64-Bit Tiered Compilers" />
    <property name="java.awt.graphicsenv" value="sun.awt.X11GraphicsEnvironment" />
    <property name="env.GOPATH" value="/home/travis/gopath" />
    <property name="ptolemy.ptII.dir" value="/home/travis/build/icyphy/ptII" />
    <property name="env.USER" value="travis" />
    <property name="env.HISTFILESIZE" value="2000" />
    <property name="timeout.longest" value="19000000" />
    <property name="env.PERLBREW_SHELLRC_VERSION" value="0.86" />
    <property name="env.TRAVIS_STACK_FEATURES" value="basic couchdb disabled-ipv6 docker docker-compose elasticsearch firefox go-toolchain google-chrome jdk memcached mongodb mysql nodejs_interpreter perl_interpreter perlbrew phantomjs postgresql python_interpreter redis ruby_interpreter sqlite xserver" />
    <property name="env.TRAVIS_PULL_REQUEST" value="false" />
    <property name="env.PYENV_SHELL" value="bash" />
    <property name="ant.project.name" value="ptII" />
    <property name="env.ANSI_RESET" value="\033[0m" />
    <property name="java.vm.specification.version" value="11" />
    <property name="env.TRAVIS_DIST" value="xenial" />
    <property name="env.CERTI_VERSION" value="4.0.0" />
    <property name="env.CERTI_HOST" value="localhost" />
    <property name="awt.toolkit" value="sun.awt.X11.XToolkit" />
    <property name="env.MY_RUBY_HOME" value="/home/travis/.rvm/rubies/ruby-2.5.3" />
    <property name="sun.cpu.isalist" value="" />
    <property name="env.TRAVIS_TMPDIR" value="/tmp/tmp.8NSNeGiSWE" />
    <property name="java.vm.compressedOopsMode" value="Zero based" />
    <property name="os.version" value="4.15.0-1028-gcp" />
    <property name="user.home" value="/home/travis" />
    <property name="java.vm.vendor" value="Oracle Corporation" />
    <property name="env.TRAVIS_TAG" value="nightly" />
    <property name="env.ANSI_YELLOW" value="\033[33;1m" />
    <property name="env.TRAVIS_FILTERED" value="redirect_io" />
    <property name="env.ANSI_GREEN" value="\033[32;1m" />
    <property name="env.JAVA_HOME" value="/usr/local/lib/jvm/openjdk11" />
    <property name="javadoc.excludepackagenames" value="adm.cvs2svn.*,build.*,config.*,doc.coding.templates.*,jni.test.jni.meaningOfLife.*,jni.test.jni.testDeux.*,jni.test.jni.testTrois.*,org.terraswarm.accessor.accessors.web.node_modules.*,org.terraswarm.accessor.accessors.web.hosts.cordova.demo.*,org.terraswarm.accessor.accessors.web.hosts.cordova.plugins.*,org.terraswarm.accessor.accessors-svn.*,pt-modules.*,ptolemy.apps.agilent.*,ptolemy.apps.anytimecontrol.*,ptolemy.apps.apes.*,ptolemy.apps.charon.*,ptolemy.apps.crazyboard.*,ptolemy.apps.eclipse.*,ptolemy.apps.etherealSting.*,ptolemy.apps.fullscreen.*,ptolemy.apps.giotto.*,ptolemy.apps.ia.*,ptolemy.apps.interfaces.*,ptolemy.apps.jmf.*,ptolemy.apps.kurt.*,ptolemy.apps.kvm.*,ptolemy.apps.lego.*,ptolemy.apps.lejos.*,ptolemy.apps.midp.*,ptolemy.apps.mobileCoding.*,ptolemy.apps.pendulum.*,ptolemy.apps.rijndael.*,ptolemy.apps.robot.*,ptolemy.apps.security.*,ptolemy.apps.sobel.*,ptolemy.apps.soot.*,ptolemy.apps.throttle.*,ptolemy.apps.tini.*,ptolemy.apps.transmission.*,ptolemy.apps.vergil.*,ptolemy.apps.waba.*,ptolemy.apps.websensor.*,ptolemy.apps.webstart.*,ptolemy.apps.xsl.*,ptolemy.apps.zaurus.*,ptolemy.codegen.c.actor.lib.oldJavaFiles.*,ptolemy.codegen.dsp.lib.*,ptolemy.codegen.kernel.newInterfaces.*,ptolemy.codegen.lib.*,ptolemy.copernicus.kernel.fragment.*,ptolemy.copernicus.shallow.cg.*,ptolemy.domains.giotto.demo.Hierarchy.Hierarchy.*,ptolemy.domains.giotto.demo.Multimode.Multimode.*,ptolemy.domains.giotto.demo.Simple.Simple.*,ptolemy.domains.gr.lib.experimental.*,ptolemy.domains.gro.*,ptolemy.domains.pdf.*,ptolemy.domains.ptinyos.demo.Surge.output.*,ptolemy.moml.test.NoPackageActor.java*,ptolemy.plot.adm.*,ptolemy.plot.servlet.*,reports.*,signed.*,src.*,target.*,vendors.*,ptolemy.copernicus.applet.*,ptolemy.media.viewer.*,ptolemy.actor.corba.*,doc.doclets.*,ptolemy.apps.eclipse.awt.*,ptolemy.backtrack.*,ptolemy.backtrack.ast.*,ptolemy.cg.adapter.generic.program.procedural.c.mbed*,ptolemy.homer.*,ptolemy.actor.lib.jai.*,org.ptolemy.scala.*,diva.util.java2d.svg.*,ptolemy.domains.ptinyos.*,ptolemy.actor.lib.fmi.fmipp.*,,org.terraswarm.accessor.accessors.web.node_modules.*,org.terraswarm.accessor.accessors-svn,ptolemy.apps.*,ptolemy.actor.ptalon.demo.ptinyos.SendAndReceiveCnt.output,ptolemy.actor.ptalon.demo.ptinyos.SenseToLeds.output,ptolemy.domains.ptinyos.demo.CntToLedsAndRfm.output,ptolemy.domains.ptinyos.demo.RfmToLeds.output,ptolemy.domains.ptinyos.demo.SendAndReceiveCnt.output,ptolemy.domains.ptinyos.demo.SenseToLeds.output,ptolemy.actor.lib.jjs.modules.udpSocket.*" />
    <property name="env.PTII" value="/home/travis/build/icyphy/ptII" />
    <property name="env.XDG_SESSION_ID" value="2" />
    <property name="keystore" value="ptKeystore" />
    <property name="env.TRAVIS_COMMIT_MESSAGE" value="JAI does not work in JDK9 and later." />
    <property name="junit.output.dir" value="/home/travis/build/icyphy/ptII/reports/junit" />
    <property name="npm.return.code" value="0" />
    <property name="user.dir" value="/home/travis/build/icyphy/ptII/ptolemy/actor/lib/test" />
    <property name="env.TRAVIS_NODE_VERSION" value="7" />
    <property name="env.TRAVIS_EVENT_TYPE" value="push" />
    <property name="env.MAIL" value="/var/mail/travis" />
    <property name="env.PERLBREW_ROOT" value="/home/travis/perl5/perlbrew" />
    <property name="env.PWD" value="/home/travis/build/icyphy/ptII" />
    <property name="timeout.npm" value="45000" />
    <property name="env.TRAVIS_ARCH" value="amd64" />
    <property name="sun.cpu.endian" value="little" />
    <property name="env.PAGER" value="cat" />
    <property name="env.TRAVIS_BUILD_STAGE_NAME" value="Test" />
    <property name="env.PERLBREW_HOME" value="/home/travis/.perlbrew" />
    <property name="java.vm.version" value="11.0.2+9" />
    <property name="env.RAILS_ENV" value="test" />
    <property name="java.class.path" value="/home/travis/.ptolemyII:/home/travis/.ptolemyII/*:/home/travis/build/icyphy/ptII:/home/travis/build/icyphy/ptII/lib/bsh-2.0b4.jar:/home/travis/build/icyphy/ptII/lib/ptCal.jar:/home/travis/build/icyphy/ptII/lib/java_cup.jar:/home/travis/build/icyphy/ptII/lib/saxon8.jar:/home/travis/build/icyphy/ptII/lib/saxon8-dom.jar:/home/travis/build/icyphy/ptII/lib/chic.jar:/home/travis/build/icyphy/ptII/lib/ptcolt.jar:/home/travis/build/icyphy/ptII/vendors/misc/itext/iText.jar:/home/travis/build/icyphy/ptII/lib/g4ltl.jar:/home/travis/build/icyphy/ptII/lib/StructuralCoder.jar:/home/travis/build/icyphy/ptII/lib/jcerti.jar:/home/travis/build/icyphy/ptII/lib/javax.mail.jar:/home/travis/build/icyphy/ptII/vendors/JMF-2.1.1e/lib/jmf.jar:/home/travis/build/icyphy/ptII/lib/jna-4.0.0-variadic.jar:/home/travis/build/icyphy/ptII/vendors/misc/joystick/Joystick.jar:/home/travis/build/icyphy/ptII/lib/ptjacl.jar:/home/travis/build/icyphy/ptII/lib/jsoup-1.8.2.jar:/home/travis/build/icyphy/ptII/lib/junit-4.8.2.jar:/home/travis/build/icyphy/ptII/lib/JUnitParams-0.4.0.jar:/home/travis/build/icyphy/ptII/ptolemy/actor/lib/excel/jxl.jar:/home/travis/build/icyphy/ptII/lib/jython.jar:/home/travis/build/icyphy/ptII/lib/kieler.jar:/home/travis/build/icyphy/ptII/vendors/opencv/share/OpenCV/java/opencv-341.jar:/home/travis/build/icyphy/ptII/lib/oscP5.jar:/home/travis/build/icyphy/ptII/lib/nrjavaserial-3.11.0.devel.jar:/home/travis/build/icyphy/ptII/vendors/j3d/lib/Linux/j3dcore.jar:/home/travis/build/icyphy/ptII/vendors/j3d/lib/Linux/j3dutils.jar:/home/travis/build/icyphy/ptII/vendors/j3d/lib/Linux/vecmath.jar:/home/travis/build/icyphy/ptII/vendors/jogl/lib/Linux/gluegen-rt-natives-linux-amd64.jar:/home/travis/build/icyphy/ptII/vendors/jogl/lib/Linux/gluegen-rt.jar:/home/travis/build/icyphy/ptII/vendors/jogl/lib/Linux/jogl-all-natives-linux-amd64.jar:/home/travis/build/icyphy/ptII/vendors/jogl/lib/Linux/jogl-all.jar:/home/travis/build/icyphy/ptII/vendors/jogl/lib/natives/linux-amd64/gluegen-rt-natives-linux-amd64.jar:/home/travis/build/icyphy/ptII/vendors/jogl/lib/natives/linux-amd64/jogl-all-natives-linux-amd64.jar:/home/travis/build/icyphy/ptII/ptolemy/distributed/jini/jar/jini-core.jar:/home/travis/build/icyphy/ptII/ptolemy/distributed/jini/jar/jini-ext.jar:/home/travis/build/icyphy/ptII/ptolemy/distributed/jini/jar/sun-util.jar:/home/travis/build/icyphy/ptII/lib/protobuf-java-2.4.1.jar:/home/travis/build/icyphy/ptII/lib/org.eclipse.paho.client.mqttv3.jar:/home/travis/build/icyphy/ptII/lib/mapss.jar:/home/travis/build/icyphy/ptII/ptolemy/actor/ptalon/antlr/antlr.jar:/home/travis/build/icyphy/ptII/lib/JRI.jar:/home/travis/build/icyphy/ptII/lib/commons-lang-2.6.jar:/home/travis/build/icyphy/ptII/lib/commons-logging-1.1.1.jar:/home/travis/build/icyphy/ptII/lib/sootclasses.jar:/home/travis/build/icyphy/ptII/ptolemy/actor/lib/database/mysql-connector-java-5.1.6-bin.jar:/home/travis/build/icyphy/ptII/vendors/misc/sphinx4/sphinx4-data-5prealpha.jar:/home/travis/build/icyphy/ptII/vendors/misc/sphinx4/sphinx4-core-5prealpha.jar:/home/travis/build/icyphy/ptII/lib/PDFRenderer.jar:/home/travis/build/icyphy/ptII/lib/svgSalamander.jar:/home/travis/build/icyphy/ptII/lib/rsyntaxtextarea-2.6.0-SNAPSHOT.jar:/home/travis/build/icyphy/ptII/lib/hazelcast-3.8.2.jar:/home/travis/build/icyphy/ptII/lib/jackson-annotations-2.9.0.jar:/home/travis/build/icyphy/ptII/lib/jackson-core-2.9.3.jar:/home/travis/build/icyphy/ptII/lib/jackson-databind-2.9.3.jar:/home/travis/build/icyphy/ptII/lib/netty-buffer-4.1.19.Final.jar:/home/travis/build/icyphy/ptII/lib/netty-codec-4.1.19.Final.jar:/home/travis/build/icyphy/ptII/lib/netty-codec-dns-4.1.19.Final.jar:/home/travis/build/icyphy/ptII/lib/netty-codec-http-4.1.19.Final.jar:/home/travis/build/icyphy/ptII/lib/netty-codec-http2-4.1.19.Final.jar:/home/travis/build/icyphy/ptII/lib/netty-common-4.1.19.Final.jar:/home/travis/build/icyphy/ptII/lib/netty-handler-4.1.19.Final.jar:/home/travis/build/icyphy/ptII/lib/netty-resolver-4.1.19.Final.jar:/home/travis/build/icyphy/ptII/lib/netty-resolver-dns-4.1.19.Final.jar:/home/travis/build/icyphy/ptII/lib/netty-transport-4.1.19.Final.jar:/home/travis/build/icyphy/ptII/lib/vertx-codegen-3.5.1.jar:/home/travis/build/icyphy/ptII/lib/vertx-core-3.5.2-SNAPSHOT.jar:/home/travis/build/icyphy/ptII/lib/vertx-hazelcast-3.5.1.jar:/home/travis/build/icyphy/ptII/lib/vertx-lang-js-3.5.1.jar:/home/travis/build/icyphy/ptII/lib/vertx-service-proxy-3.5.1.jar:/home/travis/build/icyphy/ptII/lib/vertx-web-3.5.1.jar:/home/travis/build/icyphy/ptII/lib/slf4j-api-1.7.13.jar:/home/travis/build/icyphy/ptII/lib/slf4j-simple-1.7.13.jar:/home/travis/build/icyphy/ptII/lib/webcam-capture-0.3.12.jar:/home/travis/build/icyphy/ptII/lib/bridj-0.7.0.jar:/home/travis/build/icyphy/ptII/lib/xbjlib-1.1.0.nrjavaserial.jar:/home/travis/build/icyphy/ptII/ptolemy/moml/test:/home/travis/build/icyphy/ptII/ant/lib/ant-launcher.jar:/home/travis/build/icyphy/ptII/ant/lib/ant.jar:/home/travis/build/icyphy/ptII/ant/lib/ant-junit.jar:/home/travis/build/icyphy/ptII/ant/lib/ant-junit4.jar" />
    <property name="ant.library.dir" value="/home/travis/build/icyphy/ptII/ant/lib" />
    <property name="os.arch" value="amd64" />
    <property name="env.CONTINUOUS_INTEGRATION" value="true" />
    <property name="env.TRAVIS_LANGUAGE" value="node_js" />
    <property name="env.TRAVIS_STACK_LANGUAGES" value="__sardonyx__ c c++ clojure cplusplus cpp default generic go groovy java node_js php pure_java python ruby scala" />
    <property name="test.name" value="ptolemy.actor.lib.test.junit.JUnitTclTest" />
    <property name="env.APT_KEY_DONT_WARN_ON_DANGEROUS_USAGE" value="1" />
    <property name="sun.java.launcher" value="SUN_STANDARD" />
    <property name="env.PYTHON_CONFIGURE_OPTS" value="--enable-unicode=ucs4 --with-wide-unicode --enable-shared --enable-ipv6 --enable-loadable-sqlite-extensions --with-computed-gotos" />
    <property name="ant.core.lib" value="/home/travis/build/icyphy/ptII/ant/lib/ant.jar" />
    <property name="java.vm.specification.vendor" value="Oracle Corporation" />
    <property name="env.BCVTB_HOME" value="/home/travis/build/icyphy/ptII/lbnl" />
    <property name="file.separator" value="/" />
    <property name="spotbugs.home" value="/home/travis/build/icyphy/ptII/vendors/spotbugs-3.1.1" />
    <property name="java.runtime.version" value="11.0.2+9" />
    <property name="env.ANSI_CLEAR" value="\033[0K" />
    <property name="javafx.verbose" value="true" />
    <property name="env.HAS_JOSH_K_SEAL_OF_APPROVAL" value="true" />
    <property name="env.XDG_RUNTIME_DIR" value="/run/user/2000" />
    <property name="env.TRAVIS_OSX_IMAGE" value="" />
    <property name="env.TRAVIS_JOB_ID" value="558678609" />
    <property name="env.TRAVIS_BRANCH" value="master" />
    <property name="user.country" value="US" />
    <property name="env.CERTI_HOME_TRAVIS" value="/home/travis/pthla/certi-tools" />
    <property name="env.SHELL" value="/bin/bash" />
    <property name="java.maxmemory.large" value="5000m" />
    <property name="model" value="" />
    <property name="env.CASHER_DIR" value="/home/travis/.casher" />
    <property name="env.NVM_CD_FLAGS" value="" />
    <property name="java.vendor.version" value="18.9" />
    <property name="jshint.executable" value="/home/travis/node_modules/jshint/bin/jshint" />
    <property name="env.JRUBY_OPTS" value=" --client -J-XX:+TieredCompilation -J-XX:TieredStopAtLevel=1 -J-Xss2m -Xcompile.invokedynamic=false" />
    <property name="java.vendor" value="Oracle Corporation" />
    <property name="env.TRAVIS_PRE_CHEF_BOOTSTRAP_TIME" value="2019-03-25T16:16:42" />
    <property name="env.TRAVIS_STACK_JOB_BOARD_REGISTER" value="/.job-board-register.yml" />
    <property name="env.ANSI_RED" value="\033[31;1m" />
    <property name="java.specification.version" value="11" />
    <property name="env.IRBRC" value="/home/travis/.rvm/rubies/ruby-2.5.3/.irbrc" />
    <property name="env.TRAVIS" value="true" />
    <property name="sun.arch.data.model" value="64" />
  </properties>
  <testcase classname="ptolemy.util.test.junit.TclTests" name="[0] /home/travis/build/icyphy/ptII/ptolemy/actor/lib/test/AbsoluteValue.tcl (RunTclFile)" time="0.636" />
  <testcase classname="ptolemy.util.test.junit.TclTests" name="[1] /home/travis/build/icyphy/ptII/ptolemy/actor/lib/test/AddSubtract.tcl (RunTclFile)" time="0.238" />
  <testcase classname="ptolemy.util.test.junit.TclTests" name="[2] /home/travis/build/icyphy/ptII/ptolemy/actor/lib/test/Average.tcl (RunTclFile)" time="0.077" />
  <testcase classname="ptolemy.util.test.junit.TclTests" name="[3] /home/travis/build/icyphy/ptII/ptolemy/actor/lib/test/Bernoulli.tcl (RunTclFile)" time="0.051" />
  <testcase classname="ptolemy.util.test.junit.TclTests" name="[4] /home/travis/build/icyphy/ptII/ptolemy/actor/lib/test/Clock.tcl (RunTclFile)" time="0.125" />
  <testcase classname="ptolemy.util.test.junit.TclTests" name="[5] /home/travis/build/icyphy/ptII/ptolemy/actor/lib/test/Commutator.tcl (RunTclFile)" time="0.16" />
  <testcase classname="ptolemy.util.test.junit.TclTests" name="[6] /home/travis/build/icyphy/ptII/ptolemy/actor/lib/test/Const.tcl (RunTclFile)" time="0.09" />
  <testcase classname="ptolemy.util.test.junit.TclTests" name="[7] /home/travis/build/icyphy/ptII/ptolemy/actor/lib/test/CurrentTime.tcl (RunTclFile)" time="0.024" />
  <testcase classname="ptolemy.util.test.junit.TclTests" name="[8] /home/travis/build/icyphy/ptII/ptolemy/actor/lib/test/DB.tcl (RunTclFile)" time="0.097" />
  <testcase classname="ptolemy.util.test.junit.TclTests" name="[9] /home/travis/build/icyphy/ptII/ptolemy/actor/lib/test/DiscreteRandomSource.tcl (RunTclFile)" time="0.057" />
  <testcase classname="ptolemy.util.test.junit.TclTests" name="[10] /home/travis/build/icyphy/ptII/ptolemy/actor/lib/test/Distributor.tcl (RunTclFile)" time="0.093" />
  <testcase classname="ptolemy.util.test.junit.TclTests" name="[11] /home/travis/build/icyphy/ptII/ptolemy/actor/lib/test/Exit.tcl (RunTclFile)" time="0.141" />
  <testcase classname="ptolemy.util.test.junit.TclTests" name="[12] /home/travis/build/icyphy/ptII/ptolemy/actor/lib/test/Expression.tcl (RunTclFile)" time="0.102" />
  <testcase classname="ptolemy.util.test.junit.TclTests" name="[13] /home/travis/build/icyphy/ptII/ptolemy/actor/lib/test/Gaussian.tcl (RunTclFile)" time="0.62" />
  <testcase classname="ptolemy.util.test.junit.TclTests" name="[14] /home/travis/build/icyphy/ptII/ptolemy/actor/lib/test/IIR.tcl (RunTclFile)" time="0.044" />
  <testcase classname="ptolemy.util.test.junit.TclTests" name="[15] /home/travis/build/icyphy/ptII/ptolemy/actor/lib/test/Interpolator.tcl (RunTclFile)" time="0.12" />
  <testcase classname="ptolemy.util.test.junit.TclTests" name="[16] /home/travis/build/icyphy/ptII/ptolemy/actor/lib/test/MathFunction.tcl (RunTclFile)" time="0.089" />
  <testcase classname="ptolemy.util.test.junit.TclTests" name="[17] /home/travis/build/icyphy/ptII/ptolemy/actor/lib/test/Maximum.tcl (RunTclFile)" time="0.039" />
  <testcase classname="ptolemy.util.test.junit.TclTests" name="[18] /home/travis/build/icyphy/ptII/ptolemy/actor/lib/test/Minimum.tcl (RunTclFile)" time="0.035" />
  <testcase classname="ptolemy.util.test.junit.TclTests" name="[19] /home/travis/build/icyphy/ptII/ptolemy/actor/lib/test/MultiplyDivide.tcl (RunTclFile)" time="0.037" />
  <testcase classname="ptolemy.util.test.junit.TclTests" name="[20] /home/travis/build/icyphy/ptII/ptolemy/actor/lib/test/OrderedMerge.tcl (RunTclFile)" time="0.15" />
  <testcase classname="ptolemy.util.test.junit.TclTests" name="[21] /home/travis/build/icyphy/ptII/ptolemy/actor/lib/test/Publisher.tcl (RunTclFile)" time="0.853" />
  <testcase classname="ptolemy.util.test.junit.TclTests" name="[22] /home/travis/build/icyphy/ptII/ptolemy/actor/lib/test/Pulse.tcl (RunTclFile)" time="0.076" />
  <testcase classname="ptolemy.util.test.junit.TclTests" name="[23] /home/travis/build/icyphy/ptII/ptolemy/actor/lib/test/Ramp.tcl (RunTclFile)" time="2.626" />
  <testcase classname="ptolemy.util.test.junit.TclTests" name="[24] /home/travis/build/icyphy/ptII/ptolemy/actor/lib/test/RampContinuous.tcl (RunTclFile)" time="0.021" />
  <testcase classname="ptolemy.util.test.junit.TclTests" name="[25] /home/travis/build/icyphy/ptII/ptolemy/actor/lib/test/RecordAssembler.tcl (RunTclFile)" time="0.017" />
  <testcase classname="ptolemy.util.test.junit.TclTests" name="[26] /home/travis/build/icyphy/ptII/ptolemy/actor/lib/test/RecordDisassembler.tcl (RunTclFile)" time="0.021" />
  <testcase classname="ptolemy.util.test.junit.TclTests" name="[27] /home/travis/build/icyphy/ptII/ptolemy/actor/lib/test/Scale.tcl (RunTclFile)" time="0.017" />
  <testcase classname="ptolemy.util.test.junit.TclTests" name="[28] /home/travis/build/icyphy/ptII/ptolemy/actor/lib/test/SequentialClock.tcl (RunTclFile)" time="0.014" />
  <testcase classname="ptolemy.util.test.junit.TclTests" name="[29] /home/travis/build/icyphy/ptII/ptolemy/actor/lib/test/SetVariable.tcl (RunTclFile)" time="0.032">
    <failure message="Number of failed tests is has increased. expected:&lt;0&gt; but was:&lt;1&gt;" type="junit.framework.AssertionFailedError">junit.framework.AssertionFailedError: Number of failed tests is has increased. expected:&lt;0&gt; but was:&lt;1&gt;
	at ptolemy.util.test.junit.TclTests.RunTclFile(TclTests.java:286)
	at jdk.internal.reflect.GeneratedMethodAccessor19.invoke(Unknown Source)
	at java.base/jdk.internal.reflect.DelegatingMethodAccessorImpl.invoke(DelegatingMethodAccessorImpl.java:43)
	at junitparams.internal.InvokeParameterisedMethod.evaluate(InvokeParameterisedMethod.java:102)
	at junitparams.internal.ParameterisedTestMethodRunner.runMethodInvoker(ParameterisedTestMethodRunner.java:47)
	at junitparams.internal.ParameterisedTestMethodRunner.runTestMethod(ParameterisedTestMethodRunner.java:41)
	at junitparams.internal.ParameterisedTestClassRunner.runParameterisedTest(ParameterisedTestClassRunner.java:143)
	at junitparams.JUnitParamsRunner.runChild(JUnitParamsRunner.java:237)
	at junitparams.JUnitParamsRunner.runChild(JUnitParamsRunner.java:215)
</failure>
  </testcase>
  <testcase classname="ptolemy.util.test.junit.TclTests" name="[30] /home/travis/build/icyphy/ptII/ptolemy/actor/lib/test/Sinewave.tcl (RunTclFile)" time="0.061" />
  <testcase classname="ptolemy.util.test.junit.TclTests" name="[31] /home/travis/build/icyphy/ptII/ptolemy/actor/lib/test/SubscriptionAggregator.tcl (RunTclFile)" time="2.445" />
  <testcase classname="ptolemy.util.test.junit.TclTests" name="[32] /home/travis/build/icyphy/ptII/ptolemy/actor/lib/test/Test.tcl (RunTclFile)" time="0.129" />
  <testcase classname="ptolemy.util.test.junit.TclTests" name="[33] /home/travis/build/icyphy/ptII/ptolemy/actor/lib/test/TestExceptionHandler.tcl (RunTclFile)" time="0.013" />
  <testcase classname="ptolemy.util.test.junit.TclTests" name="[34] /home/travis/build/icyphy/ptII/ptolemy/actor/lib/test/UnionDisassembler.tcl (RunTclFile)" time="0.078" />
  <testcase classname="ptolemy.util.test.junit.TclTests" name="[35] /home/travis/build/icyphy/ptII/ptolemy/actor/lib/test/VariableClock.tcl (RunTclFile)" time="0.027" />
  <testcase classname="ptolemy.util.test.junit.AutoKnownFailedTests" name="[0] /home/travis/build/icyphy/ptII/ptolemy/actor/lib/test/auto/knownFailedTests/PublisherPortToplevelSubscriber.xml (RunModel)" time="0.022" />
  <testcase classname="ptolemy.util.test.junit.AutoKnownFailedTests" name="[1] /home/travis/build/icyphy/ptII/ptolemy/actor/lib/test/auto/knownFailedTests/PublisherSubscriberPortToplevel.xml (RunModel)" time="0.022" />
  <testcase classname="ptolemy.util.test.junit.AutoKnownFailedTests" name="[2] /home/travis/build/icyphy/ptII/ptolemy/actor/lib/test/auto/knownFailedTests/PublisherSubscriptionAggregatorPort.xml (RunModel)" time="0.03" />
  <testcase classname="ptolemy.util.test.junit.AutoKnownFailedTests" name="[3] /home/travis/build/icyphy/ptII/ptolemy/actor/lib/test/auto/knownFailedTests/sizedarray3.xml (RunModel)" time="0.026" />
  <testcase classname="ptolemy.util.test.junit.AutoNameArchTests" name="[0] ThereAreNoAutoArchTests (RunModel)" time="0.001" />
  <testcase classname="ptolemy.util.test.junit.AutoTests" name="[0] /home/travis/build/icyphy/ptII/ptolemy/actor/lib/test/auto/AbsoluteValue.xml (RunModel)" time="0.113" />
  <testcase classname="ptolemy.util.test.junit.AutoTests" name="[1] /home/travis/build/icyphy/ptII/ptolemy/actor/lib/test/auto/AbsoluteValue2.xml (RunModel)" time="0.046" />
  <testcase classname="ptolemy.util.test.junit.AutoTests" name="[2] /home/travis/build/icyphy/ptII/ptolemy/actor/lib/test/auto/Accumulator.xml (RunModel)" time="0.076" />
  <testcase classname="ptolemy.util.test.junit.AutoTests" name="[3] /home/travis/build/icyphy/ptII/ptolemy/actor/lib/test/auto/Accumulator2.xml (RunModel)" time="0.048" />
  <testcase classname="ptolemy.util.test.junit.AutoTests" name="[4] /home/travis/build/icyphy/ptII/ptolemy/actor/lib/test/auto/Accumulator3.xml (RunModel)" time="0.046" />
  <testcase classname="ptolemy.util.test.junit.AutoTests" name="[5] /home/travis/build/icyphy/ptII/ptolemy/actor/lib/test/auto/ArrayAppend.xml (RunModel)" time="0.027" />
  <testcase classname="ptolemy.util.test.junit.AutoTests" name="[6] /home/travis/build/icyphy/ptII/ptolemy/actor/lib/test/auto/ArrayAppend2.xml (RunModel)" time="0.311" />
  <testcase classname="ptolemy.util.test.junit.AutoTests" name="[7] /home/travis/build/icyphy/ptII/ptolemy/actor/lib/test/auto/ArrayAppend3.xml (RunModel)" time="0.02" />
  <testcase classname="ptolemy.util.test.junit.AutoTests" name="[8] /home/travis/build/icyphy/ptII/ptolemy/actor/lib/test/auto/ArrayAppend4.xml (RunModel)" time="0.022" />
  <testcase classname="ptolemy.util.test.junit.AutoTests" name="[9] /home/travis/build/icyphy/ptII/ptolemy/actor/lib/test/auto/ArrayAppend5.xml (RunModel)" time="0.046" />
  <testcase classname="ptolemy.util.test.junit.AutoTests" name="[10] /home/travis/build/icyphy/ptII/ptolemy/actor/lib/test/auto/ArrayAppend6.xml (RunModel)" time="0.025" />
  <testcase classname="ptolemy.util.test.junit.AutoTests" name="[11] /home/travis/build/icyphy/ptII/ptolemy/actor/lib/test/auto/ArrayAppendPerformanceTest.xml (RunModel)" time="0.054" />
  <testcase classname="ptolemy.util.test.junit.AutoTests" name="[12] /home/travis/build/icyphy/ptII/ptolemy/actor/lib/test/auto/ArrayAppendWithEmptyInput.xml (RunModel)" time="0.044" />
  <testcase classname="ptolemy.util.test.junit.AutoTests" name="[13] /home/travis/build/icyphy/ptII/ptolemy/actor/lib/test/auto/ArrayAverage.xml (RunModel)" time="0.105" />
  <testcase classname="ptolemy.util.test.junit.AutoTests" name="[14] /home/travis/build/icyphy/ptII/ptolemy/actor/lib/test/auto/ArrayContains.xml (RunModel)" time="0.033" />
  <testcase classname="ptolemy.util.test.junit.AutoTests" name="[15] /home/travis/build/icyphy/ptII/ptolemy/actor/lib/test/auto/ArrayElement.xml (RunModel)" time="0.036" />
  <testcase classname="ptolemy.util.test.junit.AutoTests" name="[16] /home/travis/build/icyphy/ptII/ptolemy/actor/lib/test/auto/ArrayElementAsMatrix.xml (RunModel)" time="0.086" />
  <testcase classname="ptolemy.util.test.junit.AutoTests" name="[17] /home/travis/build/icyphy/ptII/ptolemy/actor/lib/test/auto/ArrayElementI.xml (RunModel)" time="0.021" />
  <testcase classname="ptolemy.util.test.junit.AutoTests" name="[18] /home/travis/build/icyphy/ptII/ptolemy/actor/lib/test/auto/ArrayExtract.xml (RunModel)" time="0.04" />
  <testcase classname="ptolemy.util.test.junit.AutoTests" name="[19] /home/travis/build/icyphy/ptII/ptolemy/actor/lib/test/auto/ArrayExtract2.xml (RunModel)" time="0.017" />
  <testcase classname="ptolemy.util.test.junit.AutoTests" name="[20] /home/travis/build/icyphy/ptII/ptolemy/actor/lib/test/auto/ArrayLength.xml (RunModel)" time="0.023" />
  <testcase classname="ptolemy.util.test.junit.AutoTests" name="[21] /home/travis/build/icyphy/ptII/ptolemy/actor/lib/test/auto/ArrayLevelCrossing.xml (RunModel)" time="0.025" />
  <testcase classname="ptolemy.util.test.junit.AutoTests" name="[22] /home/travis/build/icyphy/ptII/ptolemy/actor/lib/test/auto/ArrayLevelCrossing2.xml (RunModel)" time="0.023" />
  <testcase classname="ptolemy.util.test.junit.AutoTests" name="[23] /home/travis/build/icyphy/ptII/ptolemy/actor/lib/test/auto/ArrayPeakSearch.xml (RunModel)" time="0.031" />
  <testcase classname="ptolemy.util.test.junit.AutoTests" name="[24] /home/travis/build/icyphy/ptII/ptolemy/actor/lib/test/auto/ArrayPeakSearch2.xml (RunModel)" time="0.048" />
  <testcase classname="ptolemy.util.test.junit.AutoTests" name="[25] /home/travis/build/icyphy/ptII/ptolemy/actor/lib/test/auto/ArrayPeakSearch3.xml (RunModel)" time="0.051" />
  <testcase classname="ptolemy.util.test.junit.AutoTests" name="[26] /home/travis/build/icyphy/ptII/ptolemy/actor/lib/test/auto/ArrayRemoveElement.xml (RunModel)" time="0.066" />
  <testcase classname="ptolemy.util.test.junit.AutoTests" name="[27] /home/travis/build/icyphy/ptII/ptolemy/actor/lib/test/auto/ArraySort.xml (RunModel)" time="0.077" />
  <testcase classname="ptolemy.util.test.junit.AutoTests" name="[28] /home/travis/build/icyphy/ptII/ptolemy/actor/lib/test/auto/ArraySum.xml (RunModel)" time="0.023" />
  <testcase classname="ptolemy.util.test.junit.AutoTests" name="[29] /home/travis/build/icyphy/ptII/ptolemy/actor/lib/test/auto/ArrayToElements.xml (RunModel)" time="0.02" />
  <testcase classname="ptolemy.util.test.junit.AutoTests" name="[30] /home/travis/build/icyphy/ptII/ptolemy/actor/lib/test/auto/ArrayToMatrix.xml (RunModel)" time="0.052" />
  <testcase classname="ptolemy.util.test.junit.AutoTests" name="[31] /home/travis/build/icyphy/ptII/ptolemy/actor/lib/test/auto/ArrayUpdate1.xml (RunModel)" time="0.016" />
  <testcase classname="ptolemy.util.test.junit.AutoTests" name="[32] /home/travis/build/icyphy/ptII/ptolemy/actor/lib/test/auto/ArrayUpdate2.xml (RunModel)" time="0.022" />
  <testcase classname="ptolemy.util.test.junit.AutoTests" name="[33] /home/travis/build/icyphy/ptII/ptolemy/actor/lib/test/auto/ArrayUpdate3.xml (RunModel)" time="0.019" />
  <testcase classname="ptolemy.util.test.junit.AutoTests" name="[34] /home/travis/build/icyphy/ptII/ptolemy/actor/lib/test/auto/Assert1.xml (RunModel)" time="0.019" />
  <testcase classname="ptolemy.util.test.junit.AutoTests" name="[35] /home/travis/build/icyphy/ptII/ptolemy/actor/lib/test/auto/Assert2.xml (RunModel)" time="0.031" />
  <testcase classname="ptolemy.util.test.junit.AutoTests" name="[36] /home/travis/build/icyphy/ptII/ptolemy/actor/lib/test/auto/BooleanMultiplexor.xml (RunModel)" time="0.022" />
  <testcase classname="ptolemy.util.test.junit.AutoTests" name="[37] /home/travis/build/icyphy/ptII/ptolemy/actor/lib/test/auto/BooleanMultiplexor2.xml (RunModel)" time="0.029" />
  <testcase classname="ptolemy.util.test.junit.AutoTests" name="[38] /home/travis/build/icyphy/ptII/ptolemy/actor/lib/test/auto/BooleanMultiplexor3.xml (RunModel)" time="0.021" />
  <testcase classname="ptolemy.util.test.junit.AutoTests" name="[39] /home/travis/build/icyphy/ptII/ptolemy/actor/lib/test/auto/BooleanSelect.xml (RunModel)" time="0.024" />
  <testcase classname="ptolemy.util.test.junit.AutoTests" name="[40] /home/travis/build/icyphy/ptII/ptolemy/actor/lib/test/auto/BooleanSelect2.xml (RunModel)" time="0.018" />
  <testcase classname="ptolemy.util.test.junit.AutoTests" name="[41] /home/travis/build/icyphy/ptII/ptolemy/actor/lib/test/auto/BooleanSwitch.xml (RunModel)" time="0.021" />
  <testcase classname="ptolemy.util.test.junit.AutoTests" name="[42] /home/travis/build/icyphy/ptII/ptolemy/actor/lib/test/auto/BooleanSwitch2.xml (RunModel)" time="0.02" />
  <testcase classname="ptolemy.util.test.junit.AutoTests" name="[43] /home/travis/build/icyphy/ptII/ptolemy/actor/lib/test/auto/BooleanSwitchCloningBugWithClassRelationGroup.xml (RunModel)" time="0.045" />
  <testcase classname="ptolemy.util.test.junit.AutoTests" name="[44] /home/travis/build/icyphy/ptII/ptolemy/actor/lib/test/auto/BusActors.xml (RunModel)" time="0.035" />
  <testcase classname="ptolemy.util.test.junit.AutoTests" name="[45] /home/travis/build/icyphy/ptII/ptolemy/actor/lib/test/auto/ClassWrapper.xml (RunModel)" time="0.028" />
  <testcase classname="ptolemy.util.test.junit.AutoTests" name="[46] /home/travis/build/icyphy/ptII/ptolemy/actor/lib/test/auto/Clock.xml (RunModel)" time="0.01" />
  <testcase classname="ptolemy.util.test.junit.AutoTests" name="[47] /home/travis/build/icyphy/ptII/ptolemy/actor/lib/test/auto/Clock10.xml (RunModel)" time="0.019" />
  <testcase classname="ptolemy.util.test.junit.AutoTests" name="[48] /home/travis/build/icyphy/ptII/ptolemy/actor/lib/test/auto/Clock11.xml (RunModel)" time="0.018" />
  <testcase classname="ptolemy.util.test.junit.AutoTests" name="[49] /home/travis/build/icyphy/ptII/ptolemy/actor/lib/test/auto/Clock12.xml (RunModel)" time="0.022" />
  <testcase classname="ptolemy.util.test.junit.AutoTests" name="[50] /home/travis/build/icyphy/ptII/ptolemy/actor/lib/test/auto/Clock13.xml (RunModel)" time="0.023" />
  <testcase classname="ptolemy.util.test.junit.AutoTests" name="[51] /home/travis/build/icyphy/ptII/ptolemy/actor/lib/test/auto/Clock14.xml (RunModel)" time="0.02" />
  <testcase classname="ptolemy.util.test.junit.AutoTests" name="[52] /home/travis/build/icyphy/ptII/ptolemy/actor/lib/test/auto/Clock15.xml (RunModel)" time="0.014" />
  <testcase classname="ptolemy.util.test.junit.AutoTests" name="[53] /home/travis/build/icyphy/ptII/ptolemy/actor/lib/test/auto/Clock16.xml (RunModel)" time="0.106" />
  <testcase classname="ptolemy.util.test.junit.AutoTests" name="[54] /home/travis/build/icyphy/ptII/ptolemy/actor/lib/test/auto/Clock17.xml (RunModel)" time="0.071" />
  <testcase classname="ptolemy.util.test.junit.AutoTests" name="[55] /home/travis/build/icyphy/ptII/ptolemy/actor/lib/test/auto/Clock18.xml (RunModel)" time="0.053" />
  <testcase classname="ptolemy.util.test.junit.AutoTests" name="[56] /home/travis/build/icyphy/ptII/ptolemy/actor/lib/test/auto/Clock19.xml (RunModel)" time="0.044" />
  <testcase classname="ptolemy.util.test.junit.AutoTests" name="[57] /home/travis/build/icyphy/ptII/ptolemy/actor/lib/test/auto/Clock2.xml (RunModel)" time="0.013" />
  <testcase classname="ptolemy.util.test.junit.AutoTests" name="[58] /home/travis/build/icyphy/ptII/ptolemy/actor/lib/test/auto/Clock20.xml (RunModel)" time="0.025" />
  <testcase classname="ptolemy.util.test.junit.AutoTests" name="[59] /home/travis/build/icyphy/ptII/ptolemy/actor/lib/test/auto/Clock21.xml (RunModel)" time="0.014" />
  <testcase classname="ptolemy.util.test.junit.AutoTests" name="[60] /home/travis/build/icyphy/ptII/ptolemy/actor/lib/test/auto/Clock22.xml (RunModel)" time="0.027" />
  <testcase classname="ptolemy.util.test.junit.AutoTests" name="[61] /home/travis/build/icyphy/ptII/ptolemy/actor/lib/test/auto/Clock23.xml (RunModel)" time="0.02" />
  <testcase classname="ptolemy.util.test.junit.AutoTests" name="[62] /home/travis/build/icyphy/ptII/ptolemy/actor/lib/test/auto/Clock24.xml (RunModel)" time="0.015" />
  <testcase classname="ptolemy.util.test.junit.AutoTests" name="[63] /home/travis/build/icyphy/ptII/ptolemy/actor/lib/test/auto/Clock4.xml (RunModel)" time="0.016" />
  <testcase classname="ptolemy.util.test.junit.AutoTests" name="[64] /home/travis/build/icyphy/ptII/ptolemy/actor/lib/test/auto/Clock5.xml (RunModel)" time="0.016" />
  <testcase classname="ptolemy.util.test.junit.AutoTests" name="[65] /home/travis/build/icyphy/ptII/ptolemy/actor/lib/test/auto/Clock6.xml (RunModel)" time="0.013" />
  <testcase classname="ptolemy.util.test.junit.AutoTests" name="[66] /home/travis/build/icyphy/ptII/ptolemy/actor/lib/test/auto/Clock7.xml (RunModel)" time="0.01" />
  <testcase classname="ptolemy.util.test.junit.AutoTests" name="[67] /home/travis/build/icyphy/ptII/ptolemy/actor/lib/test/auto/Clock8.xml (RunModel)" time="0.012" />
  <testcase classname="ptolemy.util.test.junit.AutoTests" name="[68] /home/travis/build/icyphy/ptII/ptolemy/actor/lib/test/auto/Clock9.xml (RunModel)" time="0.012" />
  <testcase classname="ptolemy.util.test.junit.AutoTests" name="[69] /home/travis/build/icyphy/ptII/ptolemy/actor/lib/test/auto/CommDistDiscard.xml (RunModel)" time="0.027" />
  <testcase classname="ptolemy.util.test.junit.AutoTests" name="[70] /home/travis/build/icyphy/ptII/ptolemy/actor/lib/test/auto/Commutator.xml (RunModel)" time="0.018" />
  <testcase classname="ptolemy.util.test.junit.AutoTests" name="[71] /home/travis/build/icyphy/ptII/ptolemy/actor/lib/test/auto/Commutator2.xml (RunModel)" time="0.012" />
  <testcase classname="ptolemy.util.test.junit.AutoTests" name="[72] /home/travis/build/icyphy/ptII/ptolemy/actor/lib/test/auto/Commutator3.xml (RunModel)" time="0.014" />
  <testcase classname="ptolemy.util.test.junit.AutoTests" name="[73] /home/travis/build/icyphy/ptII/ptolemy/actor/lib/test/auto/Compare.xml (RunModel)" time="0.022" />
  <testcase classname="ptolemy.util.test.junit.AutoTests" name="[74] /home/travis/build/icyphy/ptII/ptolemy/actor/lib/test/auto/CompareDE.xml (RunModel)" time="0.019" />
  <testcase classname="ptolemy.util.test.junit.AutoTests" name="[75] /home/travis/build/icyphy/ptII/ptolemy/actor/lib/test/auto/ComplexDivide.xml (RunModel)" time="0.013" />
  <testcase classname="ptolemy.util.test.junit.AutoTests" name="[76] /home/travis/build/icyphy/ptII/ptolemy/actor/lib/test/auto/ComputeHistogram.xml (RunModel)" time="0.072" />
  <testcase classname="ptolemy.util.test.junit.AutoTests" name="[77] /home/travis/build/icyphy/ptII/ptolemy/actor/lib/test/auto/ConfigurationSelect.xml (RunModel)" time="0.022" />
  <testcase classname="ptolemy.util.test.junit.AutoTests" name="[78] /home/travis/build/icyphy/ptII/ptolemy/actor/lib/test/auto/ConfigurationSelect2.xml (RunModel)" time="0.015" />
  <testcase classname="ptolemy.util.test.junit.AutoTests" name="[79] /home/travis/build/icyphy/ptII/ptolemy/actor/lib/test/auto/ConfigurationSwitch.xml (RunModel)" time="0.024" />
  <testcase classname="ptolemy.util.test.junit.AutoTests" name="[80] /home/travis/build/icyphy/ptII/ptolemy/actor/lib/test/auto/ConfigurationSwitch2.xml (RunModel)" time="0.023" />
  <testcase classname="ptolemy.util.test.junit.AutoTests" name="[81] /home/travis/build/icyphy/ptII/ptolemy/actor/lib/test/auto/ConfigurationSwitchCloningBugWithClassRelationGroup.xml (RunModel)" time="0.021" />
  <testcase classname="ptolemy.util.test.junit.AutoTests" name="[82] /home/travis/build/icyphy/ptII/ptolemy/actor/lib/test/auto/ConfigurationSwitchSelectSDF.xml (RunModel)" time="0.018" />
  <testcase classname="ptolemy.util.test.junit.AutoTests" name="[83] /home/travis/build/icyphy/ptII/ptolemy/actor/lib/test/auto/ConfigurationSwitchSelectSDF2.xml (RunModel)" time="0.014" />
  <testcase classname="ptolemy.util.test.junit.AutoTests" name="[84] /home/travis/build/icyphy/ptII/ptolemy/actor/lib/test/auto/Const.xml (RunModel)" time="0.008" />
  <testcase classname="ptolemy.util.test.junit.AutoTests" name="[85] /home/travis/build/icyphy/ptII/ptolemy/actor/lib/test/auto/Const2.xml (RunModel)" time="0.015" />
  <testcase classname="ptolemy.util.test.junit.AutoTests" name="[86] /home/travis/build/icyphy/ptII/ptolemy/actor/lib/test/auto/Const3.xml (RunModel)" time="0.008" />
  <testcase classname="ptolemy.util.test.junit.AutoTests" name="[87] /home/travis/build/icyphy/ptII/ptolemy/actor/lib/test/auto/ConstantPublisherPort1.xml (RunModel)" time="0.022" />
  <testcase classname="ptolemy.util.test.junit.AutoTests" name="[88] /home/travis/build/icyphy/ptII/ptolemy/actor/lib/test/auto/ConstantPublisherPort2.xml (RunModel)" time="0.032" />
  <testcase classname="ptolemy.util.test.junit.AutoTests" name="[89] /home/travis/build/icyphy/ptII/ptolemy/actor/lib/test/auto/ConstantPublisherPort3.xml (RunModel)" time="0.017" />
  <testcase classname="ptolemy.util.test.junit.AutoTests" name="[90] /home/travis/build/icyphy/ptII/ptolemy/actor/lib/test/auto/ConstantPublisherPort4.xml (RunModel)" time="0.027" />
  <testcase classname="ptolemy.util.test.junit.AutoTests" name="[91] /home/travis/build/icyphy/ptII/ptolemy/actor/lib/test/auto/ConstantPublisherPort5.xml (RunModel)" time="0.054" />
  <testcase classname="ptolemy.util.test.junit.AutoTests" name="[92] /home/travis/build/icyphy/ptII/ptolemy/actor/lib/test/auto/ConstantPublisherPort6.xml (RunModel)" time="0.036" />
  <testcase classname="ptolemy.util.test.junit.AutoTests" name="[93] /home/travis/build/icyphy/ptII/ptolemy/actor/lib/test/auto/ConstantPublisherPort7.xml (RunModel)" time="0.037" />
  <testcase classname="ptolemy.util.test.junit.AutoTests" name="[94] /home/travis/build/icyphy/ptII/ptolemy/actor/lib/test/auto/ConstraintMonitor1.xml (RunModel)" time="0.04" />
  <testcase classname="ptolemy.util.test.junit.AutoTests" name="[95] /home/travis/build/icyphy/ptII/ptolemy/actor/lib/test/auto/ConstraintMonitor2.xml (RunModel)" time="0.015" />
  <testcase classname="ptolemy.util.test.junit.AutoTests" name="[96] /home/travis/build/icyphy/ptII/ptolemy/actor/lib/test/auto/ConstraintMonitor3.xml (RunModel)" time="0.02" />
  <testcase classname="ptolemy.util.test.junit.AutoTests" name="[97] /home/travis/build/icyphy/ptII/ptolemy/actor/lib/test/auto/ConstraintMonitor4.xml (RunModel)" time="0.016" />
  <testcase classname="ptolemy.util.test.junit.AutoTests" name="[98] /home/travis/build/icyphy/ptII/ptolemy/actor/lib/test/auto/ConstraintMonitor5.xml (RunModel)" time="0.013" />
  <testcase classname="ptolemy.util.test.junit.AutoTests" name="[99] /home/travis/build/icyphy/ptII/ptolemy/actor/lib/test/auto/ConstraintMonitor6.xml (RunModel)" time="0.019" />
  <testcase classname="ptolemy.util.test.junit.AutoTests" name="[100] /home/travis/build/icyphy/ptII/ptolemy/actor/lib/test/auto/ConstraintMonitor7.xml (RunModel)" time="0.023" />
  <testcase classname="ptolemy.util.test.junit.AutoTests" name="[101] /home/travis/build/icyphy/ptII/ptolemy/actor/lib/test/auto/ConstraintMonitor8.xml (RunModel)" time="0.028" />
  <testcase classname="ptolemy.util.test.junit.AutoTests" name="[102] /home/travis/build/icyphy/ptII/ptolemy/actor/lib/test/auto/Counter.xml (RunModel)" time="0.016" />
  <testcase classname="ptolemy.util.test.junit.AutoTests" name="[103] /home/travis/build/icyphy/ptII/ptolemy/actor/lib/test/auto/CurrentTimeSDF.xml (RunModel)" time="0.01" />
  <testcase classname="ptolemy.util.test.junit.AutoTests" name="[104] /home/travis/build/icyphy/ptII/ptolemy/actor/lib/test/auto/DB.xml (RunModel)" time="0.016" />
  <testcase classname="ptolemy.util.test.junit.AutoTests" name="[105] /home/travis/build/icyphy/ptII/ptolemy/actor/lib/test/auto/DBDE.xml (RunModel)" time="0.018" />
  <testcase classname="ptolemy.util.test.junit.AutoTests" name="[106] /home/travis/build/icyphy/ptII/ptolemy/actor/lib/test/auto/DateConstructor.xml (RunModel)" time="0.101" />
  <testcase classname="ptolemy.util.test.junit.AutoTests" name="[107] /home/travis/build/icyphy/ptII/ptolemy/actor/lib/test/auto/DelayTime.xml (RunModel)" time="0.021" />
  <testcase classname="ptolemy.util.test.junit.AutoTests" name="[108] /home/travis/build/icyphy/ptII/ptolemy/actor/lib/test/auto/Dictionary1.xml (RunModel)" time="0.025" />
  <testcase classname="ptolemy.util.test.junit.AutoTests" name="[109] /home/travis/build/icyphy/ptII/ptolemy/actor/lib/test/auto/Dictionary2.xml (RunModel)" time="0.018" />
  <testcase classname="ptolemy.util.test.junit.AutoTests" name="[110] /home/travis/build/icyphy/ptII/ptolemy/actor/lib/test/auto/Dictionary3.xml (RunModel)" time="0.016" />
  <testcase classname="ptolemy.util.test.junit.AutoTests" name="[111] /home/travis/build/icyphy/ptII/ptolemy/actor/lib/test/auto/Dictionary4.xml (RunModel)" time="0.023" />
  <testcase classname="ptolemy.util.test.junit.AutoTests" name="[112] /home/travis/build/icyphy/ptII/ptolemy/actor/lib/test/auto/Differential.xml (RunModel)" time="0.014" />
  <testcase classname="ptolemy.util.test.junit.AutoTests" name="[113] /home/travis/build/icyphy/ptII/ptolemy/actor/lib/test/auto/Director.xml (RunModel)" time="0.011" />
  <testcase classname="ptolemy.util.test.junit.AutoTests" name="[114] /home/travis/build/icyphy/ptII/ptolemy/actor/lib/test/auto/DiscreteClock.xml (RunModel)" time="0.01" />
  <testcase classname="ptolemy.util.test.junit.AutoTests" name="[115] /home/travis/build/icyphy/ptII/ptolemy/actor/lib/test/auto/DiscreteClock10.xml (RunModel)" time="0.016" />
  <testcase classname="ptolemy.util.test.junit.AutoTests" name="[116] /home/travis/build/icyphy/ptII/ptolemy/actor/lib/test/auto/DiscreteClock11.xml (RunModel)" time="0.015" />
  <testcase classname="ptolemy.util.test.junit.AutoTests" name="[117] /home/travis/build/icyphy/ptII/ptolemy/actor/lib/test/auto/DiscreteClock12.xml (RunModel)" time="0.017" />
  <testcase classname="ptolemy.util.test.junit.AutoTests" name="[118] /home/travis/build/icyphy/ptII/ptolemy/actor/lib/test/auto/DiscreteClock13.xml (RunModel)" time="0.02" />
  <testcase classname="ptolemy.util.test.junit.AutoTests" name="[119] /home/travis/build/icyphy/ptII/ptolemy/actor/lib/test/auto/DiscreteClock14.xml (RunModel)" time="0.025" />
  <testcase classname="ptolemy.util.test.junit.AutoTests" name="[120] /home/travis/build/icyphy/ptII/ptolemy/actor/lib/test/auto/DiscreteClock15.xml (RunModel)" time="0.018" />
  <testcase classname="ptolemy.util.test.junit.AutoTests" name="[121] /home/travis/build/icyphy/ptII/ptolemy/actor/lib/test/auto/DiscreteClock16.xml (RunModel)" time="0.05" />
  <testcase classname="ptolemy.util.test.junit.AutoTests" name="[122] /home/travis/build/icyphy/ptII/ptolemy/actor/lib/test/auto/DiscreteClock17.xml (RunModel)" time="0.045" />
  <testcase classname="ptolemy.util.test.junit.AutoTests" name="[123] /home/travis/build/icyphy/ptII/ptolemy/actor/lib/test/auto/DiscreteClock18.xml (RunModel)" time="0.051" />
  <testcase classname="ptolemy.util.test.junit.AutoTests" name="[124] /home/travis/build/icyphy/ptII/ptolemy/actor/lib/test/auto/DiscreteClock19.xml (RunModel)" time="0.056" />
  <testcase classname="ptolemy.util.test.junit.AutoTests" name="[125] /home/travis/build/icyphy/ptII/ptolemy/actor/lib/test/auto/DiscreteClock2.xml (RunModel)" time="0.018" />
  <testcase classname="ptolemy.util.test.junit.AutoTests" name="[126] /home/travis/build/icyphy/ptII/ptolemy/actor/lib/test/auto/DiscreteClock20.xml (RunModel)" time="0.023" />
  <testcase classname="ptolemy.util.test.junit.AutoTests" name="[127] /home/travis/build/icyphy/ptII/ptolemy/actor/lib/test/auto/DiscreteClock21.xml (RunModel)" time="0.018" />
  <testcase classname="ptolemy.util.test.junit.AutoTests" name="[128] /home/travis/build/icyphy/ptII/ptolemy/actor/lib/test/auto/DiscreteClock22.xml (RunModel)" time="0.016" />
  <testcase classname="ptolemy.util.test.junit.AutoTests" name="[129] /home/travis/build/icyphy/ptII/ptolemy/actor/lib/test/auto/DiscreteClock23.xml (RunModel)" time="0.015" />
  <testcase classname="ptolemy.util.test.junit.AutoTests" name="[130] /home/travis/build/icyphy/ptII/ptolemy/actor/lib/test/auto/DiscreteClock24.xml (RunModel)" time="0.014" />
  <testcase classname="ptolemy.util.test.junit.AutoTests" name="[131] /home/travis/build/icyphy/ptII/ptolemy/actor/lib/test/auto/DiscreteClock4.xml (RunModel)" time="0.013" />
  <testcase classname="ptolemy.util.test.junit.AutoTests" name="[132] /home/travis/build/icyphy/ptII/ptolemy/actor/lib/test/auto/DiscreteClock5.xml (RunModel)" time="0.013" />
  <testcase classname="ptolemy.util.test.junit.AutoTests" name="[133] /home/travis/build/icyphy/ptII/ptolemy/actor/lib/test/auto/DiscreteClock6.xml (RunModel)" time="0.012" />
  <testcase classname="ptolemy.util.test.junit.AutoTests" name="[134] /home/travis/build/icyphy/ptII/ptolemy/actor/lib/test/auto/DiscreteClock7.xml (RunModel)" time="0.02" />
  <testcase classname="ptolemy.util.test.junit.AutoTests" name="[135] /home/travis/build/icyphy/ptII/ptolemy/actor/lib/test/auto/DiscreteClock8.xml (RunModel)" time="0.013" />
  <testcase classname="ptolemy.util.test.junit.AutoTests" name="[136] /home/travis/build/icyphy/ptII/ptolemy/actor/lib/test/auto/DiscreteClock9.xml (RunModel)" time="0.019" />
  <testcase classname="ptolemy.util.test.junit.AutoTests" name="[137] /home/travis/build/icyphy/ptII/ptolemy/actor/lib/test/auto/DisplayArray.xml (RunModel)" time="0.01" />
  <testcase classname="ptolemy.util.test.junit.AutoTests" name="[138] /home/travis/build/icyphy/ptII/ptolemy/actor/lib/test/auto/Distributor.xml (RunModel)" time="0.01" />
  <testcase classname="ptolemy.util.test.junit.AutoTests" name="[139] /home/travis/build/icyphy/ptII/ptolemy/actor/lib/test/auto/Distributor2.xml (RunModel)" time="0.012" />
  <testcase classname="ptolemy.util.test.junit.AutoTests" name="[140] /home/travis/build/icyphy/ptII/ptolemy/actor/lib/test/auto/DownSample.xml (RunModel)" time="0.011" />
  <testcase classname="ptolemy.util.test.junit.AutoTests" name="[141] /home/travis/build/icyphy/ptII/ptolemy/actor/lib/test/auto/ElectronicUnitBase1.xml (RunModel)" time="0.097" />
  <testcase classname="ptolemy.util.test.junit.AutoTests" name="[142] /home/travis/build/icyphy/ptII/ptolemy/actor/lib/test/auto/ElementsToArray.xml (RunModel)" time="0.027" />
  <testcase classname="ptolemy.util.test.junit.AutoTests" name="[143] /home/travis/build/icyphy/ptII/ptolemy/actor/lib/test/auto/Equals.xml (RunModel)" time="0.017" />
  <testcase classname="ptolemy.util.test.junit.AutoTests" name="[144] /home/travis/build/icyphy/ptII/ptolemy/actor/lib/test/auto/Exec.xml (RunModel)" time="0.037" />
  <testcase classname="ptolemy.util.test.junit.AutoTests" name="[145] /home/travis/build/icyphy/ptII/ptolemy/actor/lib/test/auto/ExecEnvironment.xml (RunModel)" time="0.043" />
  <testcase classname="ptolemy.util.test.junit.AutoTests" name="[146] /home/travis/build/icyphy/ptII/ptolemy/actor/lib/test/auto/ExecNonZeroReturnOutput.xml (RunModel)" time="0.207" />
  <testcase classname="ptolemy.util.test.junit.AutoTests" name="[147] /home/travis/build/icyphy/ptII/ptolemy/actor/lib/test/auto/ExecRunDemos.xml (RunModel)" time="10.983">
    <error type="java.lang.reflect.InvocationTargetException">java.lang.reflect.InvocationTargetException
	at jdk.internal.reflect.GeneratedConstructorAccessor36.newInstance(Unknown Source)
	at java.base/jdk.internal.reflect.DelegatingConstructorAccessorImpl.newInstance(DelegatingConstructorAccessorImpl.java:45)
	at java.base/java.lang.reflect.Constructor.newInstance(Constructor.java:490)
	at ptolemy.util.test.junit.AutoTests.RunModel(AutoTests.java:193)
	at jdk.internal.reflect.GeneratedMethodAccessor43.invoke(Unknown Source)
	at java.base/jdk.internal.reflect.DelegatingMethodAccessorImpl.invoke(DelegatingMethodAccessorImpl.java:43)
	at junitparams.internal.InvokeParameterisedMethod.evaluate(InvokeParameterisedMethod.java:102)
Caused by: ptolemy.kernel.util.IllegalActionException: Test fails in iteration 0.
Value was: &quot;WARNING: An illegal reflective access operation has occurred\nWARNING: Illegal reflective access by io.netty.util.internal.ReflectionUtil (file:/home/travis/build/icyphy/ptII/lib/netty-common-4.1.19.Final.jar) to constructor java.nio.DirectByteBuffer(long,int)\nWARNING: Please consider reporting this to the maintainers of io.netty.util.internal.ReflectionUtil\nWARNING: Use --illegal-access=warn to enable warnings of further illegal reflective access operations\nWARNING: All illegal access operations will be denied in a future release\n&quot;. Should have been: &quot;&quot;
  in .ExecRunDemos.Test
	at ptolemy.actor.lib.Test.fire(Test.java:268)
	at ptolemy.actor.AtomicActor.iterate(AtomicActor.java:512)
	at ptolemy.actor.sched.StaticSchedulingDirector.fire(StaticSchedulingDirector.java:216)
	at ptolemy.domains.sdf.kernel.SDFDirector.fire(SDFDirector.java:500)
	at ptolemy.actor.CompositeActor.fire(CompositeActor.java:455)
	at ptolemy.actor.Manager.iterate(Manager.java:851)
	at ptolemy.actor.Manager.execute(Manager.java:369)
	at ptolemy.actor.Manager.run(Manager.java:1263)
	at ptolemy.actor.Manager$PtolemyRunThread.run(Manager.java:1915)
</error>
  </testcase>
  <testcase classname="ptolemy.util.test.junit.AutoTests" name="[148] /home/travis/build/icyphy/ptII/ptolemy/actor/lib/test/auto/ExecStop.xml (RunModel)" time="5.042" />
  <testcase classname="ptolemy.util.test.junit.AutoTests" name="[149] /home/travis/build/icyphy/ptII/ptolemy/actor/lib/test/auto/ExecutionTimeSDF.xml (RunModel)" time="6.043" />
  <testcase classname="ptolemy.util.test.junit.AutoTests" name="[150] /home/travis/build/icyphy/ptII/ptolemy/actor/lib/test/auto/Expression1.xml (RunModel)" time="0.022" />
  <testcase classname="ptolemy.util.test.junit.AutoTests" name="[151] /home/travis/build/icyphy/ptII/ptolemy/actor/lib/test/auto/Expression10.xml (RunModel)" time="0.037" />
  <testcase classname="ptolemy.util.test.junit.AutoTests" name="[152] /home/travis/build/icyphy/ptII/ptolemy/actor/lib/test/auto/Expression11.xml (RunModel)" time="0.015" />
  <testcase classname="ptolemy.util.test.junit.AutoTests" name="[153] /home/travis/build/icyphy/ptII/ptolemy/actor/lib/test/auto/Expression12.xml (RunModel)" time="0.015" />
  <testcase classname="ptolemy.util.test.junit.AutoTests" name="[154] /home/travis/build/icyphy/ptII/ptolemy/actor/lib/test/auto/Expression13.xml (RunModel)" time="0.014" />
  <testcase classname="ptolemy.util.test.junit.AutoTests" name="[155] /home/travis/build/icyphy/ptII/ptolemy/actor/lib/test/auto/Expression14.xml (RunModel)" time="0.022" />
  <testcase classname="ptolemy.util.test.junit.AutoTests" name="[156] /home/travis/build/icyphy/ptII/ptolemy/actor/lib/test/auto/Expression15.xml (RunModel)" time="0.011" />
  <testcase classname="ptolemy.util.test.junit.AutoTests" name="[157] /home/travis/build/icyphy/ptII/ptolemy/actor/lib/test/auto/Expression16.xml (RunModel)" time="0.012" />
  <testcase classname="ptolemy.util.test.junit.AutoTests" name="[158] /home/travis/build/icyphy/ptII/ptolemy/actor/lib/test/auto/Expression17.xml (RunModel)" time="0.013" />
  <testcase classname="ptolemy.util.test.junit.AutoTests" name="[159] /home/travis/build/icyphy/ptII/ptolemy/actor/lib/test/auto/Expression18.xml (RunModel)" time="0.017" />
  <testcase classname="ptolemy.util.test.junit.AutoTests" name="[160] /home/travis/build/icyphy/ptII/ptolemy/actor/lib/test/auto/Expression2.xml (RunModel)" time="0.012" />
  <testcase classname="ptolemy.util.test.junit.AutoTests" name="[161] /home/travis/build/icyphy/ptII/ptolemy/actor/lib/test/auto/Expression3.xml (RunModel)" time="0.018" />
  <testcase classname="ptolemy.util.test.junit.AutoTests" name="[162] /home/travis/build/icyphy/ptII/ptolemy/actor/lib/test/auto/Expression4.xml (RunModel)" time="0.019" />
  <testcase classname="ptolemy.util.test.junit.AutoTests" name="[163] /home/travis/build/icyphy/ptII/ptolemy/actor/lib/test/auto/Expression5.xml (RunModel)" time="0.015" />
  <testcase classname="ptolemy.util.test.junit.AutoTests" name="[164] /home/travis/build/icyphy/ptII/ptolemy/actor/lib/test/auto/Expression6.xml (RunModel)" time="0.01" />
  <testcase classname="ptolemy.util.test.junit.AutoTests" name="[165] /home/travis/build/icyphy/ptII/ptolemy/actor/lib/test/auto/Expression7.xml (RunModel)" time="0.015" />
  <testcase classname="ptolemy.util.test.junit.AutoTests" name="[166] /home/travis/build/icyphy/ptII/ptolemy/actor/lib/test/auto/Expression8.xml (RunModel)" time="0.015" />
  <testcase classname="ptolemy.util.test.junit.AutoTests" name="[167] /home/travis/build/icyphy/ptII/ptolemy/actor/lib/test/auto/Expression9.xml (RunModel)" time="0.008" />
  <testcase classname="ptolemy.util.test.junit.AutoTests" name="[168] /home/travis/build/icyphy/ptII/ptolemy/actor/lib/test/auto/ExpressionConcatenateArrayType.xml (RunModel)" time="0.03" />
  <testcase classname="ptolemy.util.test.junit.AutoTests" name="[169] /home/travis/build/icyphy/ptII/ptolemy/actor/lib/test/auto/ExpressionConcatenateArrayType2.xml (RunModel)" time="0.023" />
  <testcase classname="ptolemy.util.test.junit.AutoTests" name="[170] /home/travis/build/icyphy/ptII/ptolemy/actor/lib/test/auto/ExpressionFix.xml (RunModel)" time="0.042" />
  <testcase classname="ptolemy.util.test.junit.AutoTests" name="[171] /home/travis/build/icyphy/ptII/ptolemy/actor/lib/test/auto/ExpressionFix2.xml (RunModel)" time="0.018" />
  <testcase classname="ptolemy.util.test.junit.AutoTests" name="[172] /home/travis/build/icyphy/ptII/ptolemy/actor/lib/test/auto/ExpressionFix3.xml (RunModel)" time="0.014" />
  <testcase classname="ptolemy.util.test.junit.AutoTests" name="[173] /home/travis/build/icyphy/ptII/ptolemy/actor/lib/test/auto/FileWriter1.xml (RunModel)" time="0.01" />
  <testcase classname="ptolemy.util.test.junit.AutoTests" name="[174] /home/travis/build/icyphy/ptII/ptolemy/actor/lib/test/auto/FileWriter2.xml (RunModel)" time="0.014" />
  <testcase classname="ptolemy.util.test.junit.AutoTests" name="[175] /home/travis/build/icyphy/ptII/ptolemy/actor/lib/test/auto/FileWriter3.xml (RunModel)" time="0.015" />
  <testcase classname="ptolemy.util.test.junit.AutoTests" name="[176] /home/travis/build/icyphy/ptII/ptolemy/actor/lib/test/auto/Gaussian.xml (RunModel)" time="0.012" />
  <testcase classname="ptolemy.util.test.junit.AutoTests" name="[177] /home/travis/build/icyphy/ptII/ptolemy/actor/lib/test/auto/Gaussian1.xml (RunModel)" time="0.014" />
  <testcase classname="ptolemy.util.test.junit.AutoTests" name="[178] /home/travis/build/icyphy/ptII/ptolemy/actor/lib/test/auto/Gaussian2.xml (RunModel)" time="0.02" />
  <testcase classname="ptolemy.util.test.junit.AutoTests" name="[179] /home/travis/build/icyphy/ptII/ptolemy/actor/lib/test/auto/GradientAdaptiveLattice.xml (RunModel)" time="0.025" />
  <testcase classname="ptolemy.util.test.junit.AutoTests" name="[180] /home/travis/build/icyphy/ptII/ptolemy/actor/lib/test/auto/IIR.xml (RunModel)" time="0.013" />
  <testcase classname="ptolemy.util.test.junit.AutoTests" name="[181] /home/travis/build/icyphy/ptII/ptolemy/actor/lib/test/auto/InputOutputTransparentPorts.xml (RunModel)" time="0.02" />
  <testcase classname="ptolemy.util.test.junit.AutoTests" name="[182] /home/travis/build/icyphy/ptII/ptolemy/actor/lib/test/auto/Interpolator.xml (RunModel)" time="0.013" />
  <testcase classname="ptolemy.util.test.junit.AutoTests" name="[183] /home/travis/build/icyphy/ptII/ptolemy/actor/lib/test/auto/InterpolatorFiringLimitDE.xml (RunModel)" time="0.014" />
  <testcase classname="ptolemy.util.test.junit.AutoTests" name="[184] /home/travis/build/icyphy/ptII/ptolemy/actor/lib/test/auto/Lattice.xml (RunModel)" time="0.012" />
  <testcase classname="ptolemy.util.test.junit.AutoTests" name="[185] /home/travis/build/icyphy/ptII/ptolemy/actor/lib/test/auto/LazyAOCTestLazy.xml (RunModel)" time="0.042" />
  <testcase classname="ptolemy.util.test.junit.AutoTests" name="[186] /home/travis/build/icyphy/ptII/ptolemy/actor/lib/test/auto/LazyAOCTestNonLazy.xml (RunModel)" time="0.046" />
  <testcase classname="ptolemy.util.test.junit.AutoTests" name="[187] /home/travis/build/icyphy/ptII/ptolemy/actor/lib/test/auto/LazyInnerClass.xml (RunModel)" time="0.049" />
  <testcase classname="ptolemy.util.test.junit.AutoTests" name="[188] /home/travis/build/icyphy/ptII/ptolemy/actor/lib/test/auto/LazyPubSub.xml (RunModel)" time="0.058" />
  <testcase classname="ptolemy.util.test.junit.AutoTests" name="[189] /home/travis/build/icyphy/ptII/ptolemy/actor/lib/test/auto/LazyPubSub2.xml (RunModel)" time="0.03" />
  <testcase classname="ptolemy.util.test.junit.AutoTests" name="[190] /home/travis/build/icyphy/ptII/ptolemy/actor/lib/test/auto/LazyPubSub3.xml (RunModel)" time="0.026" />
  <testcase classname="ptolemy.util.test.junit.AutoTests" name="[191] /home/travis/build/icyphy/ptII/ptolemy/actor/lib/test/auto/LazySubClassModel.xml (RunModel)" time="0.022" />
  <testcase classname="ptolemy.util.test.junit.AutoTests" name="[192] /home/travis/build/icyphy/ptII/ptolemy/actor/lib/test/auto/LevelCrossTest1.xml (RunModel)" time="0.01" />
  <testcase classname="ptolemy.util.test.junit.AutoTests" name="[193] /home/travis/build/icyphy/ptII/ptolemy/actor/lib/test/auto/LevelCrossTest10.xml (RunModel)" time="0.016" />
  <testcase classname="ptolemy.util.test.junit.AutoTests" name="[194] /home/travis/build/icyphy/ptII/ptolemy/actor/lib/test/auto/LevelCrossTest11.xml (RunModel)" time="0.016" />
  <testcase classname="ptolemy.util.test.junit.AutoTests" name="[195] /home/travis/build/icyphy/ptII/ptolemy/actor/lib/test/auto/LevelCrossTest12.xml (RunModel)" time="0.019" />
  <testcase classname="ptolemy.util.test.junit.AutoTests" name="[196] /home/travis/build/icyphy/ptII/ptolemy/actor/lib/test/auto/LevelCrossTest13.xml (RunModel)" time="0.014" />
  <testcase classname="ptolemy.util.test.junit.AutoTests" name="[197] /home/travis/build/icyphy/ptII/ptolemy/actor/lib/test/auto/LevelCrossTest2.xml (RunModel)" time="0.01" />
  <testcase classname="ptolemy.util.test.junit.AutoTests" name="[198] /home/travis/build/icyphy/ptII/ptolemy/actor/lib/test/auto/LevelCrossTest3.xml (RunModel)" time="0.017" />
  <testcase classname="ptolemy.util.test.junit.AutoTests" name="[199] /home/travis/build/icyphy/ptII/ptolemy/actor/lib/test/auto/LevelCrossTest4.xml (RunModel)" time="0.019" />
  <testcase classname="ptolemy.util.test.junit.AutoTests" name="[200] /home/travis/build/icyphy/ptII/ptolemy/actor/lib/test/auto/LevelCrossTest5.xml (RunModel)" time="0.023" />
  <testcase classname="ptolemy.util.test.junit.AutoTests" name="[201] /home/travis/build/icyphy/ptII/ptolemy/actor/lib/test/auto/LevelCrossTest6.xml (RunModel)" time="0.013" />
  <testcase classname="ptolemy.util.test.junit.AutoTests" name="[202] /home/travis/build/icyphy/ptII/ptolemy/actor/lib/test/auto/LevelCrossTest7.xml (RunModel)" time="0.021" />
  <testcase classname="ptolemy.util.test.junit.AutoTests" name="[203] /home/travis/build/icyphy/ptII/ptolemy/actor/lib/test/auto/LevelCrossTest8.xml (RunModel)" time="0.015" />
  <testcase classname="ptolemy.util.test.junit.AutoTests" name="[204] /home/travis/build/icyphy/ptII/ptolemy/actor/lib/test/auto/LevelCrossTest9.xml (RunModel)" time="0.014" />
  <testcase classname="ptolemy.util.test.junit.AutoTests" name="[205] /home/travis/build/icyphy/ptII/ptolemy/actor/lib/test/auto/LevinsonDurbin.xml (RunModel)" time="0.02" />
  <testcase classname="ptolemy.util.test.junit.AutoTests" name="[206] /home/travis/build/icyphy/ptII/ptolemy/actor/lib/test/auto/LevinsonDurbin2.xml (RunModel)" time="0.01" />
  <testcase classname="ptolemy.util.test.junit.AutoTests" name="[207] /home/travis/build/icyphy/ptII/ptolemy/actor/lib/test/auto/LevinsonDurbin3.xml (RunModel)" time="0.014" />
  <testcase classname="ptolemy.util.test.junit.AutoTests" name="[208] /home/travis/build/icyphy/ptII/ptolemy/actor/lib/test/auto/Limiter.xml (RunModel)" time="0.042" />
  <testcase classname="ptolemy.util.test.junit.AutoTests" name="[209] /home/travis/build/icyphy/ptII/ptolemy/actor/lib/test/auto/LinearDifferenceEquationSystem.xml (RunModel)" time="0.026" />
  <testcase classname="ptolemy.util.test.junit.AutoTests" name="[210] /home/travis/build/icyphy/ptII/ptolemy/actor/lib/test/auto/LookupTable.xml (RunModel)" time="0.01" />
  <testcase classname="ptolemy.util.test.junit.AutoTests" name="[211] /home/travis/build/icyphy/ptII/ptolemy/actor/lib/test/auto/MathFunction.xml (RunModel)" time="0.031" />
  <testcase classname="ptolemy.util.test.junit.AutoTests" name="[212] /home/travis/build/icyphy/ptII/ptolemy/actor/lib/test/auto/MathFunction2.xml (RunModel)" time="0.02" />
  <testcase classname="ptolemy.util.test.junit.AutoTests" name="[213] /home/travis/build/icyphy/ptII/ptolemy/actor/lib/test/auto/MathFunction3.xml (RunModel)" time="0.024" />
  <testcase classname="ptolemy.util.test.junit.AutoTests" name="[214] /home/travis/build/icyphy/ptII/ptolemy/actor/lib/test/auto/MatrixCropBoolean.xml (RunModel)" time="0.013" />
  <testcase classname="ptolemy.util.test.junit.AutoTests" name="[215] /home/travis/build/icyphy/ptII/ptolemy/actor/lib/test/auto/MatrixCropComplex.xml (RunModel)" time="0.013" />
  <testcase classname="ptolemy.util.test.junit.AutoTests" name="[216] /home/travis/build/icyphy/ptII/ptolemy/actor/lib/test/auto/MatrixCropDouble.xml (RunModel)" time="0.01" />
  <testcase classname="ptolemy.util.test.junit.AutoTests" name="[217] /home/travis/build/icyphy/ptII/ptolemy/actor/lib/test/auto/MatrixCropFix.xml (RunModel)" time="0.014" />
  <testcase classname="ptolemy.util.test.junit.AutoTests" name="[218] /home/travis/build/icyphy/ptII/ptolemy/actor/lib/test/auto/MatrixCropInt.xml (RunModel)" time="0.011" />
  <testcase classname="ptolemy.util.test.junit.AutoTests" name="[219] /home/travis/build/icyphy/ptII/ptolemy/actor/lib/test/auto/MatrixCropLong.xml (RunModel)" time="0.01" />
  <testcase classname="ptolemy.util.test.junit.AutoTests" name="[220] /home/travis/build/icyphy/ptII/ptolemy/actor/lib/test/auto/MatrixToArray.xml (RunModel)" time="0.059" />
  <testcase classname="ptolemy.util.test.junit.AutoTests" name="[221] /home/travis/build/icyphy/ptII/ptolemy/actor/lib/test/auto/MaxIndex.xml (RunModel)" time="0.012" />
  <testcase classname="ptolemy.util.test.junit.AutoTests" name="[222] /home/travis/build/icyphy/ptII/ptolemy/actor/lib/test/auto/Maximum.xml (RunModel)" time="0.017" />
  <testcase classname="ptolemy.util.test.junit.AutoTests" name="[223] /home/travis/build/icyphy/ptII/ptolemy/actor/lib/test/auto/MaximumComplex.xml (RunModel)" time="0.016" />
  <testcase classname="ptolemy.util.test.junit.AutoTests" name="[224] /home/travis/build/icyphy/ptII/ptolemy/actor/lib/test/auto/MethodCallTest.xml (RunModel)" time="0.023" />
  <testcase classname="ptolemy.util.test.junit.AutoTests" name="[225] /home/travis/build/icyphy/ptII/ptolemy/actor/lib/test/auto/Minimum.xml (RunModel)" time="0.013" />
  <testcase classname="ptolemy.util.test.junit.AutoTests" name="[226] /home/travis/build/icyphy/ptII/ptolemy/actor/lib/test/auto/MinimumComplex.xml (RunModel)" time="0.027" />
  <testcase classname="ptolemy.util.test.junit.AutoTests" name="[227] /home/travis/build/icyphy/ptII/ptolemy/actor/lib/test/auto/MinimumMultiports.xml (RunModel)" time="0.022" />
  <testcase classname="ptolemy.util.test.junit.AutoTests" name="[228] /home/travis/build/icyphy/ptII/ptolemy/actor/lib/test/auto/ModifyDate.xml (RunModel)" time="0.045" />
  <testcase classname="ptolemy.util.test.junit.AutoTests" name="[229] /home/travis/build/icyphy/ptII/ptolemy/actor/lib/test/auto/ModifyDate2.xml (RunModel)" time="0.032" />
  <testcase classname="ptolemy.util.test.junit.AutoTests" name="[230] /home/travis/build/icyphy/ptII/ptolemy/actor/lib/test/auto/MovingAverage.xml (RunModel)" time="0.012" />
  <testcase classname="ptolemy.util.test.junit.AutoTests" name="[231] /home/travis/build/icyphy/ptII/ptolemy/actor/lib/test/auto/MovingMaximum.xml (RunModel)" time="0.012" />
  <testcase classname="ptolemy.util.test.junit.AutoTests" name="[232] /home/travis/build/icyphy/ptII/ptolemy/actor/lib/test/auto/MultipleLinksToSameRelation.xml (RunModel)" time="0.011" />
  <testcase classname="ptolemy.util.test.junit.AutoTests" name="[233] /home/travis/build/icyphy/ptII/ptolemy/actor/lib/test/auto/MultipleLinksToSameRelationDE.xml (RunModel)" time="0.009" />
  <testcase classname="ptolemy.util.test.junit.AutoTests" name="[234] /home/travis/build/icyphy/ptII/ptolemy/actor/lib/test/auto/Multiplexor.xml (RunModel)" time="0.013" />
  <testcase classname="ptolemy.util.test.junit.AutoTests" name="[235] /home/travis/build/icyphy/ptII/ptolemy/actor/lib/test/auto/Multiplexor1.xml (RunModel)" time="0.013" />
  <testcase classname="ptolemy.util.test.junit.AutoTests" name="[236] /home/travis/build/icyphy/ptII/ptolemy/actor/lib/test/auto/Multiplexor2.xml (RunModel)" time="0.014" />
  <testcase classname="ptolemy.util.test.junit.AutoTests" name="[237] /home/travis/build/icyphy/ptII/ptolemy/actor/lib/test/auto/Multiplexor3.xml (RunModel)" time="0.011" />
  <testcase classname="ptolemy.util.test.junit.AutoTests" name="[238] /home/travis/build/icyphy/ptII/ptolemy/actor/lib/test/auto/MultiplexorDE.xml (RunModel)" time="0.019" />
  <testcase classname="ptolemy.util.test.junit.AutoTests" name="[239] /home/travis/build/icyphy/ptII/ptolemy/actor/lib/test/auto/MultiportBroadcastTest.xml (RunModel)" time="0.113" />
  <testcase classname="ptolemy.util.test.junit.AutoTests" name="[240] /home/travis/build/icyphy/ptII/ptolemy/actor/lib/test/auto/MultiportOutHangDuringGetWidth.xml (RunModel)" time="0.041" />
  <testcase classname="ptolemy.util.test.junit.AutoTests" name="[241] /home/travis/build/icyphy/ptII/ptolemy/actor/lib/test/auto/NilToken.xml (RunModel)" time="0.012" />
  <testcase classname="ptolemy.util.test.junit.AutoTests" name="[242] /home/travis/build/icyphy/ptII/ptolemy/actor/lib/test/auto/NilTokenNonStrictTest.xml (RunModel)" time="0.011" />
  <testcase classname="ptolemy.util.test.junit.AutoTests" name="[243] /home/travis/build/icyphy/ptII/ptolemy/actor/lib/test/auto/NilTokenRecord.xml (RunModel)" time="0.031" />
  <testcase classname="ptolemy.util.test.junit.AutoTests" name="[244] /home/travis/build/icyphy/ptII/ptolemy/actor/lib/test/auto/NilTokenTypeTest.xml (RunModel)" time="0.035" />
  <testcase classname="ptolemy.util.test.junit.AutoTests" name="[245] /home/travis/build/icyphy/ptII/ptolemy/actor/lib/test/auto/ObjectToken1.xml (RunModel)" time="0.008" />
  <testcase classname="ptolemy.util.test.junit.AutoTests" name="[246] /home/travis/build/icyphy/ptII/ptolemy/actor/lib/test/auto/OrderedMerge.xml (RunModel)" time="0.031" />
  <testcase classname="ptolemy.util.test.junit.AutoTests" name="[247] /home/travis/build/icyphy/ptII/ptolemy/actor/lib/test/auto/OrderedRecordDisassembler.xml (RunModel)" time="0.017" />
  <testcase classname="ptolemy.util.test.junit.AutoTests" name="[248] /home/travis/build/icyphy/ptII/ptolemy/actor/lib/test/auto/OrderedRecordDisassembler2.xml (RunModel)" time="0.023" />
  <testcase classname="ptolemy.util.test.junit.AutoTests" name="[249] /home/travis/build/icyphy/ptII/ptolemy/actor/lib/test/auto/OrderedRecordUpdater.xml (RunModel)" time="0.011" />
  <testcase classname="ptolemy.util.test.junit.AutoTests" name="[250] /home/travis/build/icyphy/ptII/ptolemy/actor/lib/test/auto/OrderedRecordUpdater2.xml (RunModel)" time="0.019" />
  <testcase classname="ptolemy.util.test.junit.AutoTests" name="[251] /home/travis/build/icyphy/ptII/ptolemy/actor/lib/test/auto/PhaseUnwrap.xml (RunModel)" time="0.015" />
  <testcase classname="ptolemy.util.test.junit.AutoTests" name="[252] /home/travis/build/icyphy/ptII/ptolemy/actor/lib/test/auto/PoissonClock.xml (RunModel)" time="0.012" />
  <testcase classname="ptolemy.util.test.junit.AutoTests" name="[253] /home/travis/build/icyphy/ptII/ptolemy/actor/lib/test/auto/PoissonClock2.xml (RunModel)" time="0.008" />
  <testcase classname="ptolemy.util.test.junit.AutoTests" name="[254] /home/travis/build/icyphy/ptII/ptolemy/actor/lib/test/auto/PoissonClock3.xml (RunModel)" time="0.028" />
  <testcase classname="ptolemy.util.test.junit.AutoTests" name="[255] /home/travis/build/icyphy/ptII/ptolemy/actor/lib/test/auto/PubSubWithInitialTokens.xml (RunModel)" time="0.017" />
  <testcase classname="ptolemy.util.test.junit.AutoTests" name="[256] /home/travis/build/icyphy/ptII/ptolemy/actor/lib/test/auto/PubSubWithInitialTokens2.xml (RunModel)" time="0.019" />
  <testcase classname="ptolemy.util.test.junit.AutoTests" name="[257] /home/travis/build/icyphy/ptII/ptolemy/actor/lib/test/auto/PublisherClassNoParameter.xml (RunModel)" time="0.028" />
  <testcase classname="ptolemy.util.test.junit.AutoTests" name="[258] /home/travis/build/icyphy/ptII/ptolemy/actor/lib/test/auto/PublisherClassParameter.xml (RunModel)" time="0.023" />
  <testcase classname="ptolemy.util.test.junit.AutoTests" name="[259] /home/travis/build/icyphy/ptII/ptolemy/actor/lib/test/auto/PublisherNonStrictTest.xml (RunModel)" time="0.015" />
  <testcase classname="ptolemy.util.test.junit.AutoTests" name="[260] /home/travis/build/icyphy/ptII/ptolemy/actor/lib/test/auto/PublisherPort1.xml (RunModel)" time="0.013" />
  <testcase classname="ptolemy.util.test.junit.AutoTests" name="[261] /home/travis/build/icyphy/ptII/ptolemy/actor/lib/test/auto/PublisherPort2.xml (RunModel)" time="0.009" />
  <testcase classname="ptolemy.util.test.junit.AutoTests" name="[262] /home/travis/build/icyphy/ptII/ptolemy/actor/lib/test/auto/PublisherPort3.xml (RunModel)" time="0.021" />
  <testcase classname="ptolemy.util.test.junit.AutoTests" name="[263] /home/travis/build/icyphy/ptII/ptolemy/actor/lib/test/auto/PublisherPort4.xml (RunModel)" time="0.016" />
  <testcase classname="ptolemy.util.test.junit.AutoTests" name="[264] /home/travis/build/icyphy/ptII/ptolemy/actor/lib/test/auto/PublisherPort5.xml (RunModel)" time="0.014" />
  <testcase classname="ptolemy.util.test.junit.AutoTests" name="[265] /home/travis/build/icyphy/ptII/ptolemy/actor/lib/test/auto/PublisherPort5LookAlike.xml (RunModel)" time="0.018" />
  <testcase classname="ptolemy.util.test.junit.AutoTests" name="[266] /home/travis/build/icyphy/ptII/ptolemy/actor/lib/test/auto/PublisherPort6.xml (RunModel)" time="0.013" />
  <testcase classname="ptolemy.util.test.junit.AutoTests" name="[267] /home/travis/build/icyphy/ptII/ptolemy/actor/lib/test/auto/PublisherPort7.xml (RunModel)" time="0.016" />
  <testcase classname="ptolemy.util.test.junit.AutoTests" name="[268] /home/travis/build/icyphy/ptII/ptolemy/actor/lib/test/auto/PublisherPort8.xml (RunModel)" time="0.016" />
  <testcase classname="ptolemy.util.test.junit.AutoTests" name="[269] /home/travis/build/icyphy/ptII/ptolemy/actor/lib/test/auto/PublisherPortSubscriberChannelVariablesAOC2.xml (RunModel)" time="0.043" />
  <testcase classname="ptolemy.util.test.junit.AutoTests" name="[270] /home/travis/build/icyphy/ptII/ptolemy/actor/lib/test/auto/PublisherPortSubscriberOpaqueWidthInference.xml (RunModel)" time="0.015" />
  <testcase classname="ptolemy.util.test.junit.AutoTests" name="[271] /home/travis/build/icyphy/ptII/ptolemy/actor/lib/test/auto/PublisherPortSubscriberPortAdjacent.xml (RunModel)" time="0.019" />
  <testcase classname="ptolemy.util.test.junit.AutoTests" name="[272] /home/travis/build/icyphy/ptII/ptolemy/actor/lib/test/auto/PublisherPortSubscriberPortExpression.xml (RunModel)" time="0.019" />
  <testcase classname="ptolemy.util.test.junit.AutoTests" name="[273] /home/travis/build/icyphy/ptII/ptolemy/actor/lib/test/auto/PublisherPortSubscriberPortOpaqueD3Reverse.xml (RunModel)" time="0.04" />
  <testcase classname="ptolemy.util.test.junit.AutoTests" name="[274] /home/travis/build/icyphy/ptII/ptolemy/actor/lib/test/auto/PublisherPortSubscriberPortOpaqueWidthInference.xml (RunModel)" time="0.016" />
  <testcase classname="ptolemy.util.test.junit.AutoTests" name="[275] /home/travis/build/icyphy/ptII/ptolemy/actor/lib/test/auto/PublisherPortToplevelSubscriberPortAOC.xml (RunModel)" time="0.012" />
  <testcase classname="ptolemy.util.test.junit.AutoTests" name="[276] /home/travis/build/icyphy/ptII/ptolemy/actor/lib/test/auto/PublisherSubscriber.xml (RunModel)" time="0.013" />
  <testcase classname="ptolemy.util.test.junit.AutoTests" name="[277] /home/travis/build/icyphy/ptII/ptolemy/actor/lib/test/auto/PublisherSubscriber10.xml (RunModel)" time="0.021" />
  <testcase classname="ptolemy.util.test.junit.AutoTests" name="[278] /home/travis/build/icyphy/ptII/ptolemy/actor/lib/test/auto/PublisherSubscriber10InitialOutputs.xml (RunModel)" time="0.029" />
  <testcase classname="ptolemy.util.test.junit.AutoTests" name="[279] /home/travis/build/icyphy/ptII/ptolemy/actor/lib/test/auto/PublisherSubscriber11.xml (RunModel)" time="0.017" />
  <testcase classname="ptolemy.util.test.junit.AutoTests" name="[280] /home/travis/build/icyphy/ptII/ptolemy/actor/lib/test/auto/PublisherSubscriber12.xml (RunModel)" time="0.024" />
  <testcase classname="ptolemy.util.test.junit.AutoTests" name="[281] /home/travis/build/icyphy/ptII/ptolemy/actor/lib/test/auto/PublisherSubscriber13.xml (RunModel)" time="0.01" />
  <testcase classname="ptolemy.util.test.junit.AutoTests" name="[282] /home/travis/build/icyphy/ptII/ptolemy/actor/lib/test/auto/PublisherSubscriber14.xml (RunModel)" time="0.023" />
  <testcase classname="ptolemy.util.test.junit.AutoTests" name="[283] /home/travis/build/icyphy/ptII/ptolemy/actor/lib/test/auto/PublisherSubscriber2.xml (RunModel)" time="0.011" />
  <testcase classname="ptolemy.util.test.junit.AutoTests" name="[284] /home/travis/build/icyphy/ptII/ptolemy/actor/lib/test/auto/PublisherSubscriber3.xml (RunModel)" time="0.01" />
  <testcase classname="ptolemy.util.test.junit.AutoTests" name="[285] /home/travis/build/icyphy/ptII/ptolemy/actor/lib/test/auto/PublisherSubscriber4.xml (RunModel)" time="0.008" />
  <testcase classname="ptolemy.util.test.junit.AutoTests" name="[286] /home/travis/build/icyphy/ptII/ptolemy/actor/lib/test/auto/PublisherSubscriber5.xml (RunModel)" time="0.013" />
  <testcase classname="ptolemy.util.test.junit.AutoTests" name="[287] /home/travis/build/icyphy/ptII/ptolemy/actor/lib/test/auto/PublisherSubscriber6.xml (RunModel)" time="0.014" />
  <testcase classname="ptolemy.util.test.junit.AutoTests" name="[288] /home/travis/build/icyphy/ptII/ptolemy/actor/lib/test/auto/PublisherSubscriber7.xml (RunModel)" time="0.042" />
  <testcase classname="ptolemy.util.test.junit.AutoTests" name="[289] /home/travis/build/icyphy/ptII/ptolemy/actor/lib/test/auto/PublisherSubscriber8.xml (RunModel)" time="0.041" />
  <testcase classname="ptolemy.util.test.junit.AutoTests" name="[290] /home/travis/build/icyphy/ptII/ptolemy/actor/lib/test/auto/PublisherSubscriber9.xml (RunModel)" time="0.017" />
  <testcase classname="ptolemy.util.test.junit.AutoTests" name="[291] /home/travis/build/icyphy/ptII/ptolemy/actor/lib/test/auto/PublisherSubscriberAdjacent.xml (RunModel)" time="0.016" />
  <testcase classname="ptolemy.util.test.junit.AutoTests" name="[292] /home/travis/build/icyphy/ptII/ptolemy/actor/lib/test/auto/PublisherSubscriberChannelVariablesAOC2.xml (RunModel)" time="0.027" />
  <testcase classname="ptolemy.util.test.junit.AutoTests" name="[293] /home/travis/build/icyphy/ptII/ptolemy/actor/lib/test/auto/PublisherSubscriberD3.xml (RunModel)" time="0.013" />
  <testcase classname="ptolemy.util.test.junit.AutoTests" name="[294] /home/travis/build/icyphy/ptII/ptolemy/actor/lib/test/auto/PublisherSubscriberD3Reverse.xml (RunModel)" time="0.011" />
  <testcase classname="ptolemy.util.test.junit.AutoTests" name="[295] /home/travis/build/icyphy/ptII/ptolemy/actor/lib/test/auto/PublisherSubscriberExpression.xml (RunModel)" time="0.021" />
  <testcase classname="ptolemy.util.test.junit.AutoTests" name="[296] /home/travis/build/icyphy/ptII/ptolemy/actor/lib/test/auto/PublisherSubscriberOpaque.xml (RunModel)" time="0.015" />
  <testcase classname="ptolemy.util.test.junit.AutoTests" name="[297] /home/travis/build/icyphy/ptII/ptolemy/actor/lib/test/auto/PublisherSubscriberOpaqueD3.xml (RunModel)" time="0.025" />
  <testcase classname="ptolemy.util.test.junit.AutoTests" name="[298] /home/travis/build/icyphy/ptII/ptolemy/actor/lib/test/auto/PublisherSubscriberOpaqueD3Reverse.xml (RunModel)" time="0.021" />
  <testcase classname="ptolemy.util.test.junit.AutoTests" name="[299] /home/travis/build/icyphy/ptII/ptolemy/actor/lib/test/auto/PublisherSubscriberOpaqueWidthInference.xml (RunModel)" time="0.016" />
  <testcase classname="ptolemy.util.test.junit.AutoTests" name="[300] /home/travis/build/icyphy/ptII/ptolemy/actor/lib/test/auto/PublisherTestSubscriber.xml (RunModel)" time="0.014" />
  <testcase classname="ptolemy.util.test.junit.AutoTests" name="[301] /home/travis/build/icyphy/ptII/ptolemy/actor/lib/test/auto/PublisherToplevelSubscriberPortAOC.xml (RunModel)" time="0.012" />
  <testcase classname="ptolemy.util.test.junit.AutoTests" name="[302] /home/travis/build/icyphy/ptII/ptolemy/actor/lib/test/auto/PulseFiringLimitDE.xml (RunModel)" time="0.015" />
  <testcase classname="ptolemy.util.test.junit.AutoTests" name="[303] /home/travis/build/icyphy/ptII/ptolemy/actor/lib/test/auto/Ramp1.xml (RunModel)" time="0.007" />
  <testcase classname="ptolemy.util.test.junit.AutoTests" name="[304] /home/travis/build/icyphy/ptII/ptolemy/actor/lib/test/auto/RampFiringLimitDE.xml (RunModel)" time="0.01" />
  <testcase classname="ptolemy.util.test.junit.AutoTests" name="[305] /home/travis/build/icyphy/ptII/ptolemy/actor/lib/test/auto/RampFiringLimitSDF.xml (RunModel)" time="0.009" />
  <testcase classname="ptolemy.util.test.junit.AutoTests" name="[306] /home/travis/build/icyphy/ptII/ptolemy/actor/lib/test/auto/RandomInteger.xml (RunModel)" time="0.01" />
  <testcase classname="ptolemy.util.test.junit.AutoTests" name="[307] /home/travis/build/icyphy/ptII/ptolemy/actor/lib/test/auto/ReadFile1.xml (RunModel)" time="0.011" />
  <testcase classname="ptolemy.util.test.junit.AutoTests" name="[308] /home/travis/build/icyphy/ptII/ptolemy/actor/lib/test/auto/ReadFile2.xml (RunModel)" time="0.007" />
  <testcase classname="ptolemy.util.test.junit.AutoTests" name="[309] /home/travis/build/icyphy/ptII/ptolemy/actor/lib/test/auto/Reader.xml (RunModel)" time="0.016" />
  <testcase classname="ptolemy.util.test.junit.AutoTests" name="[310] /home/travis/build/icyphy/ptII/ptolemy/actor/lib/test/auto/RecordAssemblerDisplayNameTest.xml (RunModel)" time="3.56" />
  <testcase classname="ptolemy.util.test.junit.AutoTests" name="[311] /home/travis/build/icyphy/ptII/ptolemy/actor/lib/test/auto/RecordAssemblerTypeError.xml (RunModel)" time="0.042" />
  <testcase classname="ptolemy.util.test.junit.AutoTests" name="[312] /home/travis/build/icyphy/ptII/ptolemy/actor/lib/test/auto/RecordDisassember.xml (RunModel)" time="0.013" />
  <testcase classname="ptolemy.util.test.junit.AutoTests" name="[313] /home/travis/build/icyphy/ptII/ptolemy/actor/lib/test/auto/RecordDisassemberDisplayNameTest.xml (RunModel)" time="0.022" />
  <testcase classname="ptolemy.util.test.junit.AutoTests" name="[314] /home/travis/build/icyphy/ptII/ptolemy/actor/lib/test/auto/RecordDisassembler.xml (RunModel)" time="0.01" />
  <testcase classname="ptolemy.util.test.junit.AutoTests" name="[315] /home/travis/build/icyphy/ptII/ptolemy/actor/lib/test/auto/RecordDisassembler2.xml (RunModel)" time="0.01" />
  <testcase classname="ptolemy.util.test.junit.AutoTests" name="[316] /home/travis/build/icyphy/ptII/ptolemy/actor/lib/test/auto/RecordUpdater.xml (RunModel)" time="0.01" />
  <testcase classname="ptolemy.util.test.junit.AutoTests" name="[317] /home/travis/build/icyphy/ptII/ptolemy/actor/lib/test/auto/RecordUpdater2.xml (RunModel)" time="0.009" />
  <testcase classname="ptolemy.util.test.junit.AutoTests" name="[318] /home/travis/build/icyphy/ptII/ptolemy/actor/lib/test/auto/RecursiveLattice.xml (RunModel)" time="0.009" />
  <testcase classname="ptolemy.util.test.junit.AutoTests" name="[319] /home/travis/build/icyphy/ptII/ptolemy/actor/lib/test/auto/Router.xml (RunModel)" time="3.026" />
  <testcase classname="ptolemy.util.test.junit.AutoTests" name="[320] /home/travis/build/icyphy/ptII/ptolemy/actor/lib/test/auto/Router2.xml (RunModel)" time="3.021" />
  <testcase classname="ptolemy.util.test.junit.AutoTests" name="[321] /home/travis/build/icyphy/ptII/ptolemy/actor/lib/test/auto/RunningMaximum.xml (RunModel)" time="0.016" />
  <testcase classname="ptolemy.util.test.junit.AutoTests" name="[322] /home/travis/build/icyphy/ptII/ptolemy/actor/lib/test/auto/RunningMinimum.xml (RunModel)" time="0.012" />
  <testcase classname="ptolemy.util.test.junit.AutoTests" name="[323] /home/travis/build/icyphy/ptII/ptolemy/actor/lib/test/auto/Scale.xml (RunModel)" time="0.01" />
  <testcase classname="ptolemy.util.test.junit.AutoTests" name="[324] /home/travis/build/icyphy/ptII/ptolemy/actor/lib/test/auto/Scale2.xml (RunModel)" time="0.011" />
  <testcase classname="ptolemy.util.test.junit.AutoTests" name="[325] /home/travis/build/icyphy/ptII/ptolemy/actor/lib/test/auto/Scale3.xml (RunModel)" time="0.021" />
  <testcase classname="ptolemy.util.test.junit.AutoTests" name="[326] /home/travis/build/icyphy/ptII/ptolemy/actor/lib/test/auto/ScaleArray.xml (RunModel)" time="0.011" />
  <testcase classname="ptolemy.util.test.junit.AutoTests" name="[327] /home/travis/build/icyphy/ptII/ptolemy/actor/lib/test/auto/ScaleArray2.xml (RunModel)" time="0.009" />
  <testcase classname="ptolemy.util.test.junit.AutoTests" name="[328] /home/travis/build/icyphy/ptII/ptolemy/actor/lib/test/auto/ScaleMatrix.xml (RunModel)" time="0.183" />
  <testcase classname="ptolemy.util.test.junit.AutoTests" name="[329] /home/travis/build/icyphy/ptII/ptolemy/actor/lib/test/auto/Select.xml (RunModel)" time="0.02" />
  <testcase classname="ptolemy.util.test.junit.AutoTests" name="[330] /home/travis/build/icyphy/ptII/ptolemy/actor/lib/test/auto/Select2.xml (RunModel)" time="0.008" />
  <testcase classname="ptolemy.util.test.junit.AutoTests" name="[331] /home/travis/build/icyphy/ptII/ptolemy/actor/lib/test/auto/SequenceToArray2.xml (RunModel)" time="0.146" />
  <testcase classname="ptolemy.util.test.junit.AutoTests" name="[332] /home/travis/build/icyphy/ptII/ptolemy/actor/lib/test/auto/SequentialClock.xml (RunModel)" time="0.012" />
  <testcase classname="ptolemy.util.test.junit.AutoTests" name="[333] /home/travis/build/icyphy/ptII/ptolemy/actor/lib/test/auto/SetVariable.xml (RunModel)" time="0.009" />
  <testcase classname="ptolemy.util.test.junit.AutoTests" name="[334] /home/travis/build/icyphy/ptII/ptolemy/actor/lib/test/auto/SetVariable2.xml (RunModel)" time="0.009" />
  <testcase classname="ptolemy.util.test.junit.AutoTests" name="[335] /home/travis/build/icyphy/ptII/ptolemy/actor/lib/test/auto/SetVariable3.xml (RunModel)" time="0.017" />
  <testcase classname="ptolemy.util.test.junit.AutoTests" name="[336] /home/travis/build/icyphy/ptII/ptolemy/actor/lib/test/auto/SetVariable4.xml (RunModel)" time="0.025" />
  <testcase classname="ptolemy.util.test.junit.AutoTests" name="[337] /home/travis/build/icyphy/ptII/ptolemy/actor/lib/test/auto/SetVariable5.xml (RunModel)" time="0.036" />
  <testcase classname="ptolemy.util.test.junit.AutoTests" name="[338] /home/travis/build/icyphy/ptII/ptolemy/actor/lib/test/auto/Sinewave.xml (RunModel)" time="0.024" />
  <testcase classname="ptolemy.util.test.junit.AutoTests" name="[339] /home/travis/build/icyphy/ptII/ptolemy/actor/lib/test/auto/Sinewave2.xml (RunModel)" time="0.017" />
  <testcase classname="ptolemy.util.test.junit.AutoTests" name="[340] /home/travis/build/icyphy/ptII/ptolemy/actor/lib/test/auto/Sinewave3.xml (RunModel)" time="0.028" />
  <testcase classname="ptolemy.util.test.junit.AutoTests" name="[341] /home/travis/build/icyphy/ptII/ptolemy/actor/lib/test/auto/SingleEvent.xml (RunModel)" time="0.011" />
  <testcase classname="ptolemy.util.test.junit.AutoTests" name="[342] /home/travis/build/icyphy/ptII/ptolemy/actor/lib/test/auto/Sleep.xml (RunModel)" time="6.016" />
  <testcase classname="ptolemy.util.test.junit.AutoTests" name="[343] /home/travis/build/icyphy/ptII/ptolemy/actor/lib/test/auto/SleepMultipleFire.xml (RunModel)" time="1.028" />
  <testcase classname="ptolemy.util.test.junit.AutoTests" name="[344] /home/travis/build/icyphy/ptII/ptolemy/actor/lib/test/auto/StopDE.xml (RunModel)" time="0.021" />
  <testcase classname="ptolemy.util.test.junit.AutoTests" name="[345] /home/travis/build/icyphy/ptII/ptolemy/actor/lib/test/auto/StopSDF.xml (RunModel)" time="0.011" />
  <testcase classname="ptolemy.util.test.junit.AutoTests" name="[346] /home/travis/build/icyphy/ptII/ptolemy/actor/lib/test/auto/StringConstant.xml (RunModel)" time="0.02" />
  <testcase classname="ptolemy.util.test.junit.AutoTests" name="[347] /home/travis/build/icyphy/ptII/ptolemy/actor/lib/test/auto/SubscriberPortInitialValues1.xml (RunModel)" time="0.019" />
  <testcase classname="ptolemy.util.test.junit.AutoTests" name="[348] /home/travis/build/icyphy/ptII/ptolemy/actor/lib/test/auto/SubscriberPortInitialValues13.xml (RunModel)" time="0.03" />
  <testcase classname="ptolemy.util.test.junit.AutoTests" name="[349] /home/travis/build/icyphy/ptII/ptolemy/actor/lib/test/auto/SubscriberPortInitialValues14.xml (RunModel)" time="0.015" />
  <testcase classname="ptolemy.util.test.junit.AutoTests" name="[350] /home/travis/build/icyphy/ptII/ptolemy/actor/lib/test/auto/SubscriberPortInitialValues2.xml (RunModel)" time="0.021" />
  <testcase classname="ptolemy.util.test.junit.AutoTests" name="[351] /home/travis/build/icyphy/ptII/ptolemy/actor/lib/test/auto/SubscriberPortInitialValues3.xml (RunModel)" time="0.021" />
  <testcase classname="ptolemy.util.test.junit.AutoTests" name="[352] /home/travis/build/icyphy/ptII/ptolemy/actor/lib/test/auto/SubscriptionAggregator.xml (RunModel)" time="0.011" />
  <testcase classname="ptolemy.util.test.junit.AutoTests" name="[353] /home/travis/build/icyphy/ptII/ptolemy/actor/lib/test/auto/SubscriptionAggregator2.xml (RunModel)" time="0.011" />
  <testcase classname="ptolemy.util.test.junit.AutoTests" name="[354] /home/travis/build/icyphy/ptII/ptolemy/actor/lib/test/auto/SubscriptionAggregator3.xml (RunModel)" time="0.016" />
  <testcase classname="ptolemy.util.test.junit.AutoTests" name="[355] /home/travis/build/icyphy/ptII/ptolemy/actor/lib/test/auto/SubscriptionAggregatorMultiply.xml (RunModel)" time="0.024" />
  <testcase classname="ptolemy.util.test.junit.AutoTests" name="[356] /home/travis/build/icyphy/ptII/ptolemy/actor/lib/test/auto/SubscriptionAggregatorPortMultiply1.xml (RunModel)" time="0.016" />
  <testcase classname="ptolemy.util.test.junit.AutoTests" name="[357] /home/travis/build/icyphy/ptII/ptolemy/actor/lib/test/auto/Switch.xml (RunModel)" time="0.019" />
  <testcase classname="ptolemy.util.test.junit.AutoTests" name="[358] /home/travis/build/icyphy/ptII/ptolemy/actor/lib/test/auto/Switch2.xml (RunModel)" time="0.013" />
  <testcase classname="ptolemy.util.test.junit.AutoTests" name="[359] /home/travis/build/icyphy/ptII/ptolemy/actor/lib/test/auto/SwitchDE.xml (RunModel)" time="0.015" />
  <testcase classname="ptolemy.util.test.junit.AutoTests" name="[360] /home/travis/build/icyphy/ptII/ptolemy/actor/lib/test/auto/SynchronizerDE.xml (RunModel)" time="0.024" />
  <testcase classname="ptolemy.util.test.junit.AutoTests" name="[361] /home/travis/build/icyphy/ptII/ptolemy/actor/lib/test/auto/Test.xml (RunModel)" time="0.019" />
  <testcase classname="ptolemy.util.test.junit.AutoTests" name="[362] /home/travis/build/icyphy/ptII/ptolemy/actor/lib/test/auto/TestExceptionAttribute1.xml (RunModel)" time="0.013" />
  <testcase classname="ptolemy.util.test.junit.AutoTests" name="[363] /home/travis/build/icyphy/ptII/ptolemy/actor/lib/test/auto/TestExceptionAttribute2.xml (RunModel)" time="0.014" />
  <testcase classname="ptolemy.util.test.junit.AutoTests" name="[364] /home/travis/build/icyphy/ptII/ptolemy/actor/lib/test/auto/TestExceptionAttribute3.xml (RunModel)" time="0.007" />
  <testcase classname="ptolemy.util.test.junit.AutoTests" name="[365] /home/travis/build/icyphy/ptII/ptolemy/actor/lib/test/auto/TestExceptionAttribute4.xml (RunModel)" time="0.008" />
  <testcase classname="ptolemy.util.test.junit.AutoTests" name="[366] /home/travis/build/icyphy/ptII/ptolemy/actor/lib/test/auto/TestExceptionHandler1.xml (RunModel)" time="0.007" />
  <testcase classname="ptolemy.util.test.junit.AutoTests" name="[367] /home/travis/build/icyphy/ptII/ptolemy/actor/lib/test/auto/TestExceptionHandler2.xml (RunModel)" time="0.015" />
  <testcase classname="ptolemy.util.test.junit.AutoTests" name="[368] /home/travis/build/icyphy/ptII/ptolemy/actor/lib/test/auto/TestExceptionHandler3.xml (RunModel)" time="0.015" />
  <testcase classname="ptolemy.util.test.junit.AutoTests" name="[369] /home/travis/build/icyphy/ptII/ptolemy/actor/lib/test/auto/TestExceptionHandler4.xml (RunModel)" time="0.007" />
  <testcase classname="ptolemy.util.test.junit.AutoTests" name="[370] /home/travis/build/icyphy/ptII/ptolemy/actor/lib/test/auto/TestRequireCorrectOrder.xml (RunModel)" time="0.009" />
  <testcase classname="ptolemy.util.test.junit.AutoTests" name="[371] /home/travis/build/icyphy/ptII/ptolemy/actor/lib/test/auto/TestSimple.xml (RunModel)" time="0.006" />
  <testcase classname="ptolemy.util.test.junit.AutoTests" name="[372] /home/travis/build/icyphy/ptII/ptolemy/actor/lib/test/auto/ThrowModelError.xml (RunModel)" time="0.011" />
  <testcase classname="ptolemy.util.test.junit.AutoTests" name="[373] /home/travis/build/icyphy/ptII/ptolemy/actor/lib/test/auto/TimeDelayMicrosteps.xml (RunModel)" time="0.014" />
  <testcase classname="ptolemy.util.test.junit.AutoTests" name="[374] /home/travis/build/icyphy/ptII/ptolemy/actor/lib/test/auto/TimeDelayMicrosteps2.xml (RunModel)" time="0.014" />
  <testcase classname="ptolemy.util.test.junit.AutoTests" name="[375] /home/travis/build/icyphy/ptII/ptolemy/actor/lib/test/auto/TimeDelayMicrosteps3.xml (RunModel)" time="0.012" />
  <testcase classname="ptolemy.util.test.junit.AutoTests" name="[376] /home/travis/build/icyphy/ptII/ptolemy/actor/lib/test/auto/TimeDelayVariableMicrosteps.xml (RunModel)" time="0.014" />
  <testcase classname="ptolemy.util.test.junit.AutoTests" name="[377] /home/travis/build/icyphy/ptII/ptolemy/actor/lib/test/auto/TimeGap.xml (RunModel)" time="0.017" />
  <testcase classname="ptolemy.util.test.junit.AutoTests" name="[378] /home/travis/build/icyphy/ptII/ptolemy/actor/lib/test/auto/TimeGap2.xml (RunModel)" time="0.012" />
  <testcase classname="ptolemy.util.test.junit.AutoTests" name="[379] /home/travis/build/icyphy/ptII/ptolemy/actor/lib/test/auto/TimedSinewave.xml (RunModel)" time="0.058" />
  <testcase classname="ptolemy.util.test.junit.AutoTests" name="[380] /home/travis/build/icyphy/ptII/ptolemy/actor/lib/test/auto/TimedSinewavePhase.xml (RunModel)" time="0.036" />
  <testcase classname="ptolemy.util.test.junit.AutoTests" name="[381] /home/travis/build/icyphy/ptII/ptolemy/actor/lib/test/auto/Timer.xml (RunModel)" time="0.014" />
  <testcase classname="ptolemy.util.test.junit.AutoTests" name="[382] /home/travis/build/icyphy/ptII/ptolemy/actor/lib/test/auto/TriangularDistTestModel.xml (RunModel)" time="0.018" />
  <testcase classname="ptolemy.util.test.junit.AutoTests" name="[383] /home/travis/build/icyphy/ptII/ptolemy/actor/lib/test/auto/TrigFunction.xml (RunModel)" time="0.008" />
  <testcase classname="ptolemy.util.test.junit.AutoTests" name="[384] /home/travis/build/icyphy/ptII/ptolemy/actor/lib/test/auto/TrigFunctionDE.xml (RunModel)" time="0.011" />
  <testcase classname="ptolemy.util.test.junit.AutoTests" name="[385] /home/travis/build/icyphy/ptII/ptolemy/actor/lib/test/auto/TrigFunctionInverse.xml (RunModel)" time="0.01" />
  <testcase classname="ptolemy.util.test.junit.AutoTests" name="[386] /home/travis/build/icyphy/ptII/ptolemy/actor/lib/test/auto/TrigFunctionTan.xml (RunModel)" time="0.008" />
  <testcase classname="ptolemy.util.test.junit.AutoTests" name="[387] /home/travis/build/icyphy/ptII/ptolemy/actor/lib/test/auto/TriggeredClock.xml (RunModel)" time="0.009" />
  <testcase classname="ptolemy.util.test.junit.AutoTests" name="[388] /home/travis/build/icyphy/ptII/ptolemy/actor/lib/test/auto/URLDirectoryReader.xml (RunModel)" time="0.134" />
  <testcase classname="ptolemy.util.test.junit.AutoTests" name="[389] /home/travis/build/icyphy/ptII/ptolemy/actor/lib/test/auto/URLDirectoryReader3.xml (RunModel)" time="1.317" />
  <testcase classname="ptolemy.util.test.junit.AutoTests" name="[390] /home/travis/build/icyphy/ptII/ptolemy/actor/lib/test/auto/UnaryMathFunction.xml (RunModel)" time="0.03" />
  <testcase classname="ptolemy.util.test.junit.AutoTests" name="[391] /home/travis/build/icyphy/ptII/ptolemy/actor/lib/test/auto/Uniform.xml (RunModel)" time="0.015" />
  <testcase classname="ptolemy.util.test.junit.AutoTests" name="[392] /home/travis/build/icyphy/ptII/ptolemy/actor/lib/test/auto/UnionDisassemblerTest.xml (RunModel)" time="0.01" />
  <testcase classname="ptolemy.util.test.junit.AutoTests" name="[393] /home/travis/build/icyphy/ptII/ptolemy/actor/lib/test/auto/UtilityFunctions.xml (RunModel)" time="0.009" />
  <testcase classname="ptolemy.util.test.junit.AutoTests" name="[394] /home/travis/build/icyphy/ptII/ptolemy/actor/lib/test/auto/VariableSleep.xml (RunModel)" time="0.514" />
  <testcase classname="ptolemy.util.test.junit.AutoTests" name="[395] /home/travis/build/icyphy/ptII/ptolemy/actor/lib/test/auto/VectorAssemblerDisassemblerCT.xml (RunModel)" time="0.109" />
  <testcase classname="ptolemy.util.test.junit.AutoTests" name="[396] /home/travis/build/icyphy/ptII/ptolemy/actor/lib/test/auto/VectorAssemblerDisassemblerDE.xml (RunModel)" time="0.014" />
  <testcase classname="ptolemy.util.test.junit.AutoTests" name="[397] /home/travis/build/icyphy/ptII/ptolemy/actor/lib/test/auto/VectorAssemblerDisassemblerSDF.xml (RunModel)" time="0.012" />
  <testcase classname="ptolemy.util.test.junit.AutoTests" name="[398] /home/travis/build/icyphy/ptII/ptolemy/actor/lib/test/auto/WallClockTime.xml (RunModel)" time="1.013" />
  <testcase classname="ptolemy.util.test.junit.AutoTests" name="[399] /home/travis/build/icyphy/ptII/ptolemy/actor/lib/test/auto/WidthTestWithSubscriberPublisher.xml (RunModel)" time="0.04" />
  <testcase classname="ptolemy.util.test.junit.AutoTests" name="[400] /home/travis/build/icyphy/ptII/ptolemy/actor/lib/test/auto/WidthTestWithSubscriberPublisher2.xml (RunModel)" time="0.017" />
  <testcase classname="ptolemy.util.test.junit.AutoTests" name="[401] /home/travis/build/icyphy/ptII/ptolemy/actor/lib/test/auto/WidthTestWithSubscriberPublisher3.xml (RunModel)" time="0.014" />
  <testcase classname="ptolemy.util.test.junit.AutoTests" name="[402] /home/travis/build/icyphy/ptII/ptolemy/actor/lib/test/auto/Writer.xml (RunModel)" time="0.008" />
  <testcase classname="ptolemy.util.test.junit.AutoTests" name="[403] /home/travis/build/icyphy/ptII/ptolemy/actor/lib/test/auto/array.xml (RunModel)" time="0.009" />
  <testcase classname="ptolemy.util.test.junit.AutoTests" name="[404] /home/travis/build/icyphy/ptII/ptolemy/actor/lib/test/auto/array2.xml (RunModel)" time="0.026" />
  <testcase classname="ptolemy.util.test.junit.AutoTests" name="[405] /home/travis/build/icyphy/ptII/ptolemy/actor/lib/test/auto/arrayType.xml (RunModel)" time="0.011" />
  <testcase classname="ptolemy.util.test.junit.AutoTests" name="[406] /home/travis/build/icyphy/ptII/ptolemy/actor/lib/test/auto/arrayType10.xml (RunModel)" time="0.009" />
  <testcase classname="ptolemy.util.test.junit.AutoTests" name="[407] /home/travis/build/icyphy/ptII/ptolemy/actor/lib/test/auto/arrayType11.xml (RunModel)" time="0.007" />
  <testcase classname="ptolemy.util.test.junit.AutoTests" name="[408] /home/travis/build/icyphy/ptII/ptolemy/actor/lib/test/auto/arrayType12.xml (RunModel)" time="0.009" />
  <testcase classname="ptolemy.util.test.junit.AutoTests" name="[409] /home/travis/build/icyphy/ptII/ptolemy/actor/lib/test/auto/arrayType13.xml (RunModel)" time="0.008" />
  <testcase classname="ptolemy.util.test.junit.AutoTests" name="[410] /home/travis/build/icyphy/ptII/ptolemy/actor/lib/test/auto/arrayType14.xml (RunModel)" time="0.008" />
  <testcase classname="ptolemy.util.test.junit.AutoTests" name="[411] /home/travis/build/icyphy/ptII/ptolemy/actor/lib/test/auto/arrayType15.xml (RunModel)" time="0.01" />
  <testcase classname="ptolemy.util.test.junit.AutoTests" name="[412] /home/travis/build/icyphy/ptII/ptolemy/actor/lib/test/auto/arrayType16.xml (RunModel)" time="0.008" />
  <testcase classname="ptolemy.util.test.junit.AutoTests" name="[413] /home/travis/build/icyphy/ptII/ptolemy/actor/lib/test/auto/arrayType17.xml (RunModel)" time="0.008" />
  <testcase classname="ptolemy.util.test.junit.AutoTests" name="[414] /home/travis/build/icyphy/ptII/ptolemy/actor/lib/test/auto/arrayType18.xml (RunModel)" time="0.008" />
  <testcase classname="ptolemy.util.test.junit.AutoTests" name="[415] /home/travis/build/icyphy/ptII/ptolemy/actor/lib/test/auto/arrayType19.xml (RunModel)" time="0.008" />
  <testcase classname="ptolemy.util.test.junit.AutoTests" name="[416] /home/travis/build/icyphy/ptII/ptolemy/actor/lib/test/auto/arrayType2.xml (RunModel)" time="0.009" />
  <testcase classname="ptolemy.util.test.junit.AutoTests" name="[417] /home/travis/build/icyphy/ptII/ptolemy/actor/lib/test/auto/arrayType20.xml (RunModel)" time="0.009" />
  <testcase classname="ptolemy.util.test.junit.AutoTests" name="[418] /home/travis/build/icyphy/ptII/ptolemy/actor/lib/test/auto/arrayType21.xml (RunModel)" time="0.008" />
  <testcase classname="ptolemy.util.test.junit.AutoTests" name="[419] /home/travis/build/icyphy/ptII/ptolemy/actor/lib/test/auto/arrayType22.xml (RunModel)" time="0.008" />
  <testcase classname="ptolemy.util.test.junit.AutoTests" name="[420] /home/travis/build/icyphy/ptII/ptolemy/actor/lib/test/auto/arrayType23.xml (RunModel)" time="0.008" />
  <testcase classname="ptolemy.util.test.junit.AutoTests" name="[421] /home/travis/build/icyphy/ptII/ptolemy/actor/lib/test/auto/arrayType24.xml (RunModel)" time="0.008" />
  <testcase classname="ptolemy.util.test.junit.AutoTests" name="[422] /home/travis/build/icyphy/ptII/ptolemy/actor/lib/test/auto/arrayType25.xml (RunModel)" time="0.009" />
  <testcase classname="ptolemy.util.test.junit.AutoTests" name="[423] /home/travis/build/icyphy/ptII/ptolemy/actor/lib/test/auto/arrayType26.xml (RunModel)" time="0.01" />
  <testcase classname="ptolemy.util.test.junit.AutoTests" name="[424] /home/travis/build/icyphy/ptII/ptolemy/actor/lib/test/auto/arrayType27.xml (RunModel)" time="0.009" />
  <testcase classname="ptolemy.util.test.junit.AutoTests" name="[425] /home/travis/build/icyphy/ptII/ptolemy/actor/lib/test/auto/arrayType28.xml (RunModel)" time="0.01" />
  <testcase classname="ptolemy.util.test.junit.AutoTests" name="[426] /home/travis/build/icyphy/ptII/ptolemy/actor/lib/test/auto/arrayType3.xml (RunModel)" time="0.009" />
  <testcase classname="ptolemy.util.test.junit.AutoTests" name="[427] /home/travis/build/icyphy/ptII/ptolemy/actor/lib/test/auto/arrayType4.xml (RunModel)" time="0.009" />
  <testcase classname="ptolemy.util.test.junit.AutoTests" name="[428] /home/travis/build/icyphy/ptII/ptolemy/actor/lib/test/auto/arrayType5.xml (RunModel)" time="0.01" />
  <testcase classname="ptolemy.util.test.junit.AutoTests" name="[429] /home/travis/build/icyphy/ptII/ptolemy/actor/lib/test/auto/arrayType6.xml (RunModel)" time="0.009" />
  <testcase classname="ptolemy.util.test.junit.AutoTests" name="[430] /home/travis/build/icyphy/ptII/ptolemy/actor/lib/test/auto/arrayType7.xml (RunModel)" time="0.009" />
  <testcase classname="ptolemy.util.test.junit.AutoTests" name="[431] /home/travis/build/icyphy/ptII/ptolemy/actor/lib/test/auto/arrayType8.xml (RunModel)" time="0.014" />
  <testcase classname="ptolemy.util.test.junit.AutoTests" name="[432] /home/travis/build/icyphy/ptII/ptolemy/actor/lib/test/auto/arrayType9.xml (RunModel)" time="0.009" />
  <testcase classname="ptolemy.util.test.junit.AutoTests" name="[433] /home/travis/build/icyphy/ptII/ptolemy/actor/lib/test/auto/cast.xml (RunModel)" time="0.015" />
  <testcase classname="ptolemy.util.test.junit.AutoTests" name="[434] /home/travis/build/icyphy/ptII/ptolemy/actor/lib/test/auto/compositeMultiPort.xml (RunModel)" time="0.023" />
  <testcase classname="ptolemy.util.test.junit.AutoTests" name="[435] /home/travis/build/icyphy/ptII/ptolemy/actor/lib/test/auto/expressionCastInference.xml (RunModel)" time="0.008" />
  <testcase classname="ptolemy.util.test.junit.AutoTests" name="[436] /home/travis/build/icyphy/ptII/ptolemy/actor/lib/test/auto/expressionCastInference2.xml (RunModel)" time="0.008" />
  <testcase classname="ptolemy.util.test.junit.AutoTests" name="[437] /home/travis/build/icyphy/ptII/ptolemy/actor/lib/test/auto/expressionInference.xml (RunModel)" time="0.007" />
  <testcase classname="ptolemy.util.test.junit.AutoTests" name="[438] /home/travis/build/icyphy/ptII/ptolemy/actor/lib/test/auto/expression_bug.xml (RunModel)" time="0.007" />
  <testcase classname="ptolemy.util.test.junit.AutoTests" name="[439] /home/travis/build/icyphy/ptII/ptolemy/actor/lib/test/auto/factorial.xml (RunModel)" time="0.091" />
  <testcase classname="ptolemy.util.test.junit.AutoTests" name="[440] /home/travis/build/icyphy/ptII/ptolemy/actor/lib/test/auto/filterTest1.xml (RunModel)" time="0.028" />
  <testcase classname="ptolemy.util.test.junit.AutoTests" name="[441] /home/travis/build/icyphy/ptII/ptolemy/actor/lib/test/auto/funcApplyInConst.xml (RunModel)" time="0.031" />
  <testcase classname="ptolemy.util.test.junit.AutoTests" name="[442] /home/travis/build/icyphy/ptII/ptolemy/actor/lib/test/auto/funcApplyInExpr.xml (RunModel)" time="0.067" />
  <testcase classname="ptolemy.util.test.junit.AutoTests" name="[443] /home/travis/build/icyphy/ptII/ptolemy/actor/lib/test/auto/function.xml (RunModel)" time="0.032" />
  <testcase classname="ptolemy.util.test.junit.AutoTests" name="[444] /home/travis/build/icyphy/ptII/ptolemy/actor/lib/test/auto/function2.xml (RunModel)" time="0.04" />
  <testcase classname="ptolemy.util.test.junit.AutoTests" name="[445] /home/travis/build/icyphy/ptII/ptolemy/actor/lib/test/auto/function3.xml (RunModel)" time="0.026" />
  <testcase classname="ptolemy.util.test.junit.AutoTests" name="[446] /home/travis/build/icyphy/ptII/ptolemy/actor/lib/test/auto/functionClosureTest1.xml (RunModel)" time="0.01" />
  <testcase classname="ptolemy.util.test.junit.AutoTests" name="[447] /home/travis/build/icyphy/ptII/ptolemy/actor/lib/test/auto/functionClosureTest2.xml (RunModel)" time="0.007" />
  <testcase classname="ptolemy.util.test.junit.AutoTests" name="[448] /home/travis/build/icyphy/ptII/ptolemy/actor/lib/test/auto/functionClosureTest3.xml (RunModel)" time="0.009" />
  <testcase classname="ptolemy.util.test.junit.AutoTests" name="[449] /home/travis/build/icyphy/ptII/ptolemy/actor/lib/test/auto/functionClosureTest4.xml (RunModel)" time="0.016" />
  <testcase classname="ptolemy.util.test.junit.AutoTests" name="[450] /home/travis/build/icyphy/ptII/ptolemy/actor/lib/test/auto/functionClosureTest5.xml (RunModel)" time="0.012" />
  <testcase classname="ptolemy.util.test.junit.AutoTests" name="[451] /home/travis/build/icyphy/ptII/ptolemy/actor/lib/test/auto/functionClosureTest6.xml (RunModel)" time="0.008" />
  <testcase classname="ptolemy.util.test.junit.AutoTests" name="[452] /home/travis/build/icyphy/ptII/ptolemy/actor/lib/test/auto/functionsOnArcs.xml (RunModel)" time="0.009" />
  <testcase classname="ptolemy.util.test.junit.AutoTests" name="[453] /home/travis/build/icyphy/ptII/ptolemy/actor/lib/test/auto/functionsOnArcsHOF.xml (RunModel)" time="0.011" />
  <testcase classname="ptolemy.util.test.junit.AutoTests" name="[454] /home/travis/build/icyphy/ptII/ptolemy/actor/lib/test/auto/logic.xml (RunModel)" time="0.017" />
  <testcase classname="ptolemy.util.test.junit.AutoTests" name="[455] /home/travis/build/icyphy/ptII/ptolemy/actor/lib/test/auto/matrixType.xml (RunModel)" time="0.013" />
  <testcase classname="ptolemy.util.test.junit.AutoTests" name="[456] /home/travis/build/icyphy/ptII/ptolemy/actor/lib/test/auto/matrixType10.xml (RunModel)" time="0.012" />
  <testcase classname="ptolemy.util.test.junit.AutoTests" name="[457] /home/travis/build/icyphy/ptII/ptolemy/actor/lib/test/auto/matrixType11.xml (RunModel)" time="0.008" />
  <testcase classname="ptolemy.util.test.junit.AutoTests" name="[458] /home/travis/build/icyphy/ptII/ptolemy/actor/lib/test/auto/matrixType12.xml (RunModel)" time="0.011" />
  <testcase classname="ptolemy.util.test.junit.AutoTests" name="[459] /home/travis/build/icyphy/ptII/ptolemy/actor/lib/test/auto/matrixType13.xml (RunModel)" time="0.009" />
  <testcase classname="ptolemy.util.test.junit.AutoTests" name="[460] /home/travis/build/icyphy/ptII/ptolemy/actor/lib/test/auto/matrixType14.xml (RunModel)" time="0.01" />
  <testcase classname="ptolemy.util.test.junit.AutoTests" name="[461] /home/travis/build/icyphy/ptII/ptolemy/actor/lib/test/auto/matrixType2.xml (RunModel)" time="0.008" />
  <testcase classname="ptolemy.util.test.junit.AutoTests" name="[462] /home/travis/build/icyphy/ptII/ptolemy/actor/lib/test/auto/matrixType3.xml (RunModel)" time="0.01" />
  <testcase classname="ptolemy.util.test.junit.AutoTests" name="[463] /home/travis/build/icyphy/ptII/ptolemy/actor/lib/test/auto/matrixType4.xml (RunModel)" time="0.008" />
  <testcase classname="ptolemy.util.test.junit.AutoTests" name="[464] /home/travis/build/icyphy/ptII/ptolemy/actor/lib/test/auto/matrixType5.xml (RunModel)" time="0.007" />
  <testcase classname="ptolemy.util.test.junit.AutoTests" name="[465] /home/travis/build/icyphy/ptII/ptolemy/actor/lib/test/auto/matrixType6.xml (RunModel)" time="0.008" />
  <testcase classname="ptolemy.util.test.junit.AutoTests" name="[466] /home/travis/build/icyphy/ptII/ptolemy/actor/lib/test/auto/matrixType7.xml (RunModel)" time="0.008" />
  <testcase classname="ptolemy.util.test.junit.AutoTests" name="[467] /home/travis/build/icyphy/ptII/ptolemy/actor/lib/test/auto/matrixType8.xml (RunModel)" time="0.008" />
  <testcase classname="ptolemy.util.test.junit.AutoTests" name="[468] /home/travis/build/icyphy/ptII/ptolemy/actor/lib/test/auto/matrixType9.xml (RunModel)" time="0.007" />
  <testcase classname="ptolemy.util.test.junit.AutoTests" name="[469] /home/travis/build/icyphy/ptII/ptolemy/actor/lib/test/auto/paraFunctest.xml (RunModel)" time="0.007" />
  <testcase classname="ptolemy.util.test.junit.AutoTests" name="[470] /home/travis/build/icyphy/ptII/ptolemy/actor/lib/test/auto/paraFunctest2.xml (RunModel)" time="0.011" />
  <testcase classname="ptolemy.util.test.junit.AutoTests" name="[471] /home/travis/build/icyphy/ptII/ptolemy/actor/lib/test/auto/parameterPassing.xml (RunModel)" time="0.008" />
  <testcase classname="ptolemy.util.test.junit.AutoTests" name="[472] /home/travis/build/icyphy/ptII/ptolemy/actor/lib/test/auto/record.xml (RunModel)" time="0.009" />
  <testcase classname="ptolemy.util.test.junit.AutoTests" name="[473] /home/travis/build/icyphy/ptII/ptolemy/actor/lib/test/auto/sizedarray1.xml (RunModel)" time="0.01" />
  <testcase classname="ptolemy.util.test.junit.AutoTests" name="[474] /home/travis/build/icyphy/ptII/ptolemy/actor/lib/test/auto/sizedarray2.xml (RunModel)" time="0.01" />
  <testcase classname="ptolemy.util.test.junit.AutoTests" name="[475] /home/travis/build/icyphy/ptII/ptolemy/actor/lib/test/auto/twoPublishers.xml (RunModel)" time="0.026" />
  <system-out><![CDATA[/home/travis/build/icyphy/ptII/ptolemy/actor/lib/test/AbsoluteValue.tcl
testDefs.tcl: setting time out to 9000 seconds at Sun Jul 14 22:59:06 UTC 2019
127 ms. Memory: 120832K Free: 85431K (71%)
11 ms. Memory: 120832K Free: 83383K (69%)
10 ms. Memory: 120832K Free: 82888K (69%)
11 ms. Memory: 120832K Free: 81864K (68%)
/home/travis/build/icyphy/ptII/ptolemy/actor/lib/test/AddSubtract.tcl
22 ms. Memory: 120832K Free: 79816K (66%)
14 ms. Memory: 120832K Free: 79287K (66%)
13 ms. Memory: 120832K Free: 78263K (65%)
18 ms. Memory: 120832K Free: 77768K (64%)
95 ms. Memory: 120832K Free: 74696K (62%)
13 ms. Memory: 120832K Free: 74151K (61%)
/home/travis/build/icyphy/ptII/ptolemy/actor/lib/test/Average.tcl
14 ms. Memory: 120832K Free: 72134K (60%)
19 ms. Memory: 120832K Free: 71103K (59%)
/home/travis/build/icyphy/ptII/ptolemy/actor/lib/test/Bernoulli.tcl
14 ms. Memory: 120832K Free: 69576K (58%)
3 ms. Memory: 120832K Free: 69062K (57%)
/home/travis/build/icyphy/ptII/ptolemy/actor/lib/test/Clock.tcl
preinitializing
resolving types
initializing
executing number 1
wrapping up
idle
49 ms. Memory: 120832K Free: 66504K (55%)
Completed execution with 5 iterations
preinitializing
resolving types
initializing
executing number 1
wrapping up
idle
4 ms. Memory: 120832K Free: 65480K (54%)
Completed execution with 5 iterations
preinitializing
resolving types
initializing
executing number 1
wrapping up
idle
4 ms. Memory: 120832K Free: 64951K (54%)
Completed execution with 5 iterations
/home/travis/build/icyphy/ptII/ptolemy/actor/lib/test/Commutator.tcl
7 ms. Memory: 120832K Free: 62911K (52%)
7 ms. Memory: 120832K Free: 61894K (51%)
17 ms. Memory: 120832K Free: 56264K (47%)
/home/travis/build/icyphy/ptII/ptolemy/actor/lib/test/Const.tcl
5 ms. Memory: 120832K Free: 54711K (45%)
3 ms. Memory: 120832K Free: 54216K (45%)
4 ms. Memory: 120832K Free: 53687K (44%)
2 ms. Memory: 120832K Free: 53192K (44%)
2 ms. Memory: 120832K Free: 52678K (44%)
17 ms. Memory: 120832K Free: 51144K (42%)
5 ms. Memory: 120832K Free: 50120K (41%)
4 ms. Memory: 120832K Free: 49096K (41%)
/home/travis/build/icyphy/ptII/ptolemy/actor/lib/test/CurrentTime.tcl
preinitializing
resolving types
initializing
executing number 1
wrapping up
idle
8 ms. Memory: 120832K Free: 47048K (39%)
Completed execution with 11 iterations
/home/travis/build/icyphy/ptII/ptolemy/actor/lib/test/DB.tcl
31 ms. Memory: 120832K Free: 107089K (89%)
6 ms. Memory: 120832K Free: 106579K (88%)
9 ms. Memory: 120832K Free: 106065K (88%)
/home/travis/build/icyphy/ptII/ptolemy/actor/lib/test/DiscreteRandomSource.tcl
preinitializing
resolving types
initializing
executing number 1
wrapping up
idle
5 ms. Memory: 120832K Free: 104531K (87%)
Completed execution with 4 iterations
preinitializing
resolving types
initializing
executing number 1
wrapping up
idle
3 ms. Memory: 120832K Free: 103987K (86%)
Completed execution with 4 iterations
preinitializing
resolving types
initializing
executing number 1
wrapping up
idle
2 ms. Memory: 120832K Free: 103507K (86%)
Completed execution with 4 iterations
preinitializing
resolving types
initializing
executing number 1
wrapping up
idle
6 ms. Memory: 120832K Free: 102993K (85%)
Completed execution with 4 iterations
preinitializing
resolving types
initializing
executing number 1
wrapping up
idle
4 ms. Memory: 120832K Free: 102483K (85%)
Completed execution with 4 iterations
/home/travis/build/icyphy/ptII/ptolemy/actor/lib/test/Distributor.tcl
4 ms. Memory: 120832K Free: 100931K (84%)
12 ms. Memory: 120832K Free: 100435K (83%)
StreamChangeRequest.changeExecuted(): <deleteEntity name="rec2"/> succeeded
StreamChangeRequest.changeExecuted(): <deleteRelation name="r2"/> succeeded
StreamChangeRequest.changeExecuted(): Record firings per iteration succeeded
15 ms. Memory: 120832K Free: 97843K (81%)
/home/travis/build/icyphy/ptII/ptolemy/actor/lib/test/Exit.tcl
Exit.tcl: this will print a message about Manager.exitAfterWrapup, which can be ignored.
13 ms. Memory: 120832K Free: 104264K (86%)
/home/travis/build/icyphy/ptII/ptolemy/actor/lib/test/Expression.tcl
14 ms. Memory: 120832K Free: 100766K (83%)
4 ms. Memory: 120832K Free: 100164K (83%)
3 ms. Memory: 120832K Free: 99140K (82%)
preinitializing
resolving types
initializing
executing number 1
wrapping up
idle
5 ms. Memory: 120832K Free: 97678K (81%)
Completed execution with 6 iterations
3 ms. Memory: 120832K Free: 96684K (80%)
3 ms. Memory: 120832K Free: 96068K (80%)
6 ms. Memory: 120832K Free: 95074K (79%)
10 ms. Memory: 120832K Free: 93604K (77%)
8 ms. Memory: 120832K Free: 92550K (77%)
/home/travis/build/icyphy/ptII/ptolemy/actor/lib/test/Gaussian.tcl
11 ms. Memory: 120832K Free: 90940K (75%)
sleeping 1 seconds: ...............................................................................................................................................................................................................................................................................................................................................................................................................................................................................................................................................................................................................................................................................................................................................................................................................................................................................................................................................................................................................................................................................................................................................................................................................................................................................................................................................................................................................................................................................................................................................................................................................................................................................................................................................................................................................................................................................................................................................................................................................................................................................................................................................................................................................................................................................................................................................................................................................................................................................................................................................................................................................................................................................................................................................................................................................................................................................................................................................................................................................................................................................................................................................................................................................................................................................................................................................................................................................................................................................................................................................................................................................................................................................................................................................................................................................................................................................................................................................................................................................................................................................................................................................................................................................................................................................................................................................................................................................................................................................................................................................................................................................................................................................................................................................................................................................................................................................................................................................................................................................................................................................................................................................................................................................................................................................................................................................................................................................................................................................................................................................................................................................................................................................................................................................................................................................................................................................................................................................................................................................................................................................................................................................................................................................................................................................................................................................................................................................................................................................................................................................................................................................................................................................................................................................................................................................................................................................................................................................................................................................................................................................................................................................................................................................................................................................................................................................................................................................................................................................................................................................................................................................................................................................................................................................................................................................................................................................................................................................................................................................................................................................................................................................................................................................................................................................................................................................................................................................................................................................................................................................................................................................................................................................................................................................................................................................................................................................................................................................................................................................................................................................................................................................................................................................................................................................................................................................................................................................................................................................................................................................................................................................................................................................................................................................................................................................................................................................................................................................................................................................................................................................................................................................................................................................................................................................................................................................................................................................................................................................................................................................................................................................................................................................................................................................................................................................................................................................................................................................................................................................................................................................................................................................................................................................................................................................................................................................................................................................................................................................................................................................................................................................................................................................................................................................................................................................................................................................................................................................................................................................................................................................................................................................................................................................................................................................................................................................................................................................................................................................................................................................................................................................................................................................................................................................................................................................................................................................................................................................................................................................................................................................................................................................................................................................................................................................................................................................................................................................................................................................................................................................................................................................................................................................................................................................................................................................................................................................................................................................................................................................................................................................................................................................................................................................................................................................................................................................................................................................................................................................................................................................................................................................................................................................................................................................................................................................................................................................................................................................................................................................................................................................................................................................................................................................................................................................................................................................................................................................................................................................................................................................................................................................................................................................................................................................................................................................................................................................................................................................................................................................................................................................................................................................................................................................................................................................................................................................................................................................................................................................................................................................................................................................................................................................................................................................................................................................................................................................................................................................................................................................................................................................................................................................................................................................................................................................................................................................................................................................................................................................................................................................................................................................................................................................................................................................................................................................................................................................................................................................................................................................................................................................................................................................................................................................................................................................................................................................................................................................................................................................................................................................................................................................................................................................................................................................................................................................................................................................................................................................................................................................................................................................................................................................................................................................................................................................................................................................................................................................................................................................................................................................................................................................................................................................................................................................................................................................................................................................................................................................................................................................................................................................................................................................................................................................................................................................................................................................................................................................................................................................................................................................................................................................................................................................................................................................................................................................................................................................................................................................................................................................................................................................................................................................................................................................................................................................................................................................................................................................................................................................................................................................................................................................................................................................................................................................................................................................................................................................................................................................................................................................................................................................................................................................................................................................................................................................................................................................................................................................................................................................................................................................................................................................................................................................................................................................................................................................................................................................................................................................................................................................................................................................................................................................................................................................................................................................................................................................................................................................................................................................................................................................................................................................................................................................................................................................................................................................................................................................................................................................................................................................................................................................................................................................................................................................................................................................................................................................................................................................................................................................................................................................................................................................................................................................................................................................................................................................................................................................................................................................................................................................................................................................................................................................................................................................................................................................................................................................................................................................................................................................................................................................................................................................................................................................................6 ms. Memory: 120832K Free: 90342K (75%)
3 ms. Memory: 120832K Free: 89828K (74%)
1 ms. Memory: 120832K Free: 89318K (74%)
8 ms. Memory: 120832K Free: 88657K (73%)
3 ms. Memory: 120832K Free: 87766K (73%)
/home/travis/build/icyphy/ptII/ptolemy/actor/lib/test/IIR.tcl
/home/travis/build/icyphy/ptII/ptolemy/actor/lib/test/Interpolator.tcl
5 ms. Memory: 120832K Free: 84198K (70%)
3 ms. Memory: 120832K Free: 83684K (69%)
8 ms. Memory: 120832K Free: 82660K (68%)
2 ms. Memory: 120832K Free: 82150K (68%)
10 ms. Memory: 120832K Free: 81636K (68%)
5 ms. Memory: 120832K Free: 80606K (67%)
3 ms. Memory: 120832K Free: 79574K (66%)
2 ms. Memory: 120832K Free: 78564K (65%)
10 ms. Memory: 120832K Free: 78054K (65%)
2 ms. Memory: 120832K Free: 77030K (64%)
/home/travis/build/icyphy/ptII/ptolemy/actor/lib/test/MathFunction.tcl
6 ms. Memory: 120832K Free: 74982K (62%)
3 ms. Memory: 120832K Free: 73958K (61%)
12 ms. Memory: 120832K Free: 72934K (60%)
2 ms. Memory: 120832K Free: 71910K (60%)
10 ms. Memory: 120832K Free: 70886K (59%)
10 ms. Memory: 120832K Free: 68838K (57%)
/home/travis/build/icyphy/ptII/ptolemy/actor/lib/test/Maximum.tcl
5 ms. Memory: 120832K Free: 66790K (55%)
6 ms. Memory: 120832K Free: 66262K (55%)
6 ms. Memory: 120832K Free: 65766K (54%)
4 ms. Memory: 120832K Free: 64742K (54%)
/home/travis/build/icyphy/ptII/ptolemy/actor/lib/test/Minimum.tcl
8 ms. Memory: 120832K Free: 63174K (52%)
5 ms. Memory: 120832K Free: 62694K (52%)
3 ms. Memory: 120832K Free: 62180K (51%)
2 ms. Memory: 120832K Free: 61142K (51%)
/home/travis/build/icyphy/ptII/ptolemy/actor/lib/test/MultiplyDivide.tcl
11 ms. Memory: 120832K Free: 59094K (49%)
9 ms. Memory: 120832K Free: 58598K (48%)
2 ms. Memory: 120832K Free: 58078K (48%)
3 ms. Memory: 120832K Free: 57060K (47%)
3 ms. Memory: 120832K Free: 56550K (47%)
/home/travis/build/icyphy/ptII/ptolemy/actor/lib/test/OrderedMerge.tcl
Connections changed on port: inputA
Connections changed on port: inputB
Connections changed on port: output
Connections changed on port: output
Connections changed on port: output
Connections changed on port: input
.top. Preinitializing ...
Invoking preinitialize():  .top.OrderedMerge
Called preinitialize()
Invoking preinitialize():  .top.Ramp
Called preinitialize()
Invoking preinitialize():  .top.Ramp2
Called preinitialize()
Invoking preinitialize():  .top.Test
Called preinitialize()
Connections changed on port: inputA
Connections changed on port: output
Connections changed on port: inputB
Connections changed on port: output
Connections changed on port: output
Connections changed on port: input
.top. Finished preinitialize().
Called initialize().
Invoking initialize():  .top.OrderedMerge
Initializing actor: .top.OrderedMerge
Adding a thread: .top.OrderedMerge
Invoking initialize():  .top.Ramp
Initializing actor: .top.Ramp
Adding a thread: .top.Ramp
Invoking initialize():  .top.Ramp2
Initializing actor: .top.Ramp2
Adding a thread: .top.Ramp2
Invoking initialize():  .top.Test
Initializing actor: .top.Test
Adding a thread: .top.Test
Called fire().
Checking for deadlock:
-- Starting thread.
Called initialize()
Called prefire()
Called fire()
-- Starting thread.
Called initialize()
-- Starting thread.
Called initialize()
Called prefire()
Called prefire()
Called fire()
Called fire()
-- Starting thread.
Called initialize()
Called prefire()
Called fire()
There are 0 Blocked actors, 0 Stopped actors, and 4 active threads.
Waiting for actors to stop.
Called postfire()
Called prefire()
Called fire()
Called postfire()
Called prefire()
Called fire()
Called postfire()
Called prefire()
Called fire()
Checking for deadlock:
There are 3 Blocked actors, 0 Stopped actors, and 4 active threads.
Waiting for actors to stop.
Read input token from inputA with value 0.0
Next port to read input from is inputB
Called postfire()
Called prefire()
Called fire()
Read input token from inputB with value 0.0
Called postfire()
Called prefire()
Called fire()
Sent output token with value 0.0
Next port to read input from is inputA
Called postfire()
Called prefire()
Called fire()
Read input token from inputA with value 1.0
-- Read input: 0.0, which is expected to match: 0.0
Sent output token with value 0.0
Called prefire()
Next port to read input from is inputB
Called postfire()
Called fire()
Called prefire()
Called fire()
Read input token from inputB with value 1.5
Called postfire()
Sent output token with value 1.0
Called prefire()
Called fire()
Next port to read input from is inputA
Called postfire()
Called prefire()
Called fire()
Read input token from inputA with value 2.0
-- Read input: 0.0, which is expected to match: 0.0
Called prefire()
Called fire()
-- Read input: 1.0, which is expected to match: 1.0
Called prefire()
Called fire()
Checking for deadlock:
There are 1 Blocked actors, 0 Stopped actors, and 4 active threads.
Waiting for actors to stop.
Sent output token with value 1.5
Called postfire()
Next port to read input from is inputB
Called postfire()
Called prefire()
Called fire()
Called postfire()
Called prefire()
Called fire()
Read input token from inputB with value 3.0
Called postfire()
Called prefire()
Called fire()
Called prefire()
Called fire()
Checking for deadlock:
There are 3 Blocked actors, 0 Stopped actors, and 4 active threads.
Waiting for actors to stop.
-- Read input: 1.5, which is expected to match: 1.5
Called prefire()
Called fire()
Checking for deadlock:
There are 3 Blocked actors, 0 Stopped actors, and 4 active threads.
Waiting for actors to stop.
Sent output token with value 2.0
-- Read input: 2.0, which is expected to match: 2.0
Called prefire()
Called fire()
Next port to read input from is inputA
Called postfire()
Checking for deadlock:
Called prefire()
Called fire()
There are 3 Blocked actors, 0 Stopped actors, and 4 active threads.
Waiting for actors to stop.
Read input token from inputA with value 3.0
Called postfire()
Called prefire()
Called fire()
Sent output token with value 3.0
Checking for deadlock:
Next port to read input from is inputB
There are 2 Blocked actors, 0 Stopped actors, and 4 active threads.
Waiting for actors to stop.
Called postfire()
Called prefire()
Called fire()
-- Read input: 3.0, which is expected to match: 3.0
Read input token from inputB with value 4.5
Called prefire()
Called fire()
Sent output token with value 3.0
-- Read input: 3.0, which is expected to match: 3.0
Next port to read input from is inputA
Called postfire()
Called prefire()
Called fire()
Called prefire()
Called fire()
Called postfire()
Called prefire()
Read input token from inputA with value 4.0
Called fire()
Checking for deadlock:
There are 1 Blocked actors, 0 Stopped actors, and 4 active threads.
Waiting for actors to stop.
Called postfire()
Called prefire()
Called fire()
-- Read input: 4.0, which is expected to match: 4.0
Called prefire()
Called fire()
Past the end of training data. Read and discard all inputs.
Checking for deadlock:
There are 3 Blocked actors, 0 Stopped actors, and 4 active threads.
Waiting for actors to stop.
Sent output token with value 4.0
Next port to read input from is inputA
Called postfire()
Called prefire()
Called fire()
Read input token from inputA with value 5.0
Sent output token with value 4.5
Next port to read input from is inputB
Called postfire()
Called prefire()
Called prefire()
Called fire()
Called postfire()
Called prefire()
Called fire()
Called postfire()
Called prefire()
Called fire()
Called fire()
Read input token from inputB with value 6.0
Past the end of training data. Read and discard all inputs.
Checking for deadlock:
There are 2 Blocked actors, 0 Stopped actors, and 4 active threads.
Waiting for actors to stop.
Sent output token with value 5.0
Called prefire()
Called fire()
Past the end of training data. Read and discard all inputs.
Next port to read input from is inputA
Called postfire()
Called prefire()
Called fire()
Called postfire()
Read input token from inputA with value 6.0
Called prefire()
Called fire()
Sent output token with value 6.0
Called prefire()
Called fire()
Next port to read input from is inputB
Called postfire()
Past the end of training data. Read and discard all inputs.
Called prefire()
Called fire()
Read input token from inputB with value 7.5
Sent output token with value 6.0
Next port to read input from is inputA
Called postfire()
Called prefire()
Called fire()
Read input token from inputA with value 7.0
Checking for deadlock:
There are 1 Blocked actors, 0 Stopped actors, and 4 active threads.
Waiting for actors to stop.
Called prefire()
Called fire()
Past the end of training data. Read and discard all inputs.
Called postfire()
Called prefire()
Called fire()
Called postfire()
Called prefire()
Called fire()
Checking for deadlock:
There are 3 Blocked actors, 0 Stopped actors, and 4 active threads.
Waiting for actors to stop.
Sent output token with value 7.0
Next port to read input from is inputA
Called postfire()
Called prefire()
Called fire()
Read input token from inputA with value 8.0
Checking for deadlock:
There are 2 Blocked actors, 0 Stopped actors, and 4 active threads.
Waiting for actors to stop.
Called prefire()
Called fire()
Past the end of training data. Read and discard all inputs.
Checking for deadlock:
There are 2 Blocked actors, 0 Stopped actors, and 4 active threads.
Waiting for actors to stop.
Sent output token with value 7.5
-- Thread wrapup() called.
Next port to read input from is inputB
Called postfire()
Called wrapup()
Called prefire()
Called fire()
Thread .top.Ramp is exiting.
-- Thread stopped.
Checking for deadlock:
There are 1 Blocked actors, 0 Stopped actors, and 3 active threads.
Waiting for actors to stop.
Called prefire()
Called fire()
Past the end of training data. Read and discard all inputs.
Read input token from inputB with value 9.0
Checking for deadlock:
There are 1 Blocked actors, 0 Stopped actors, and 3 active threads.
Waiting for actors to stop.
Sent output token with value 8.0
Next port to read input from is inputA
Called postfire()
Called prefire()
Called fire()
Checking for deadlock:
Called postfire()
Called prefire()
Called fire()
There are 0 Blocked actors, 0 Stopped actors, and 3 active threads.
Waiting for actors to stop.
Called prefire()
Called fire()
Past the end of training data. Read and discard all inputs.
Checking for deadlock:
There are 2 Blocked actors, 0 Stopped actors, and 3 active threads.
Waiting for actors to stop.
Read input token from inputA with value 9.0
Sent output token with value 9.0
Next port to read input from is inputB
Called postfire()
Called prefire()
Called fire()
Called prefire()
Called fire()
Past the end of training data. Read and discard all inputs.
Read input token from inputB with value 10.5
Sent output token with value 9.0
Next port to read input from is inputA
Called postfire()
Called prefire()
Called fire()
Checking for deadlock:
There are 1 Blocked actors, 0 Stopped actors, and 3 active threads.
Waiting for actors to stop.
Called prefire()
Called fire()
Past the end of training data. Read and discard all inputs.
Called postfire()
Called prefire()
Called fire()
Checking for deadlock:
There are 3 Blocked actors, 0 Stopped actors, and 3 active threads.
Actors have stopped.
Checking for deadlock:
There are 3 Blocked actors, 0 Stopped actors, and 3 active threads.
Deadlock detected.
Resolving Deadlock
Checking for deadlock:
There are 3 Blocked actors, 0 Stopped actors, and 3 active threads.
Artificial Deadlock - increasing queue capacity.
increasing the capacity of receiver ptolemy.actor.TypedIOPort {.top.OrderedMerge.inputB} to 2
-- Thread wrapup() called.
Called wrapup()
Thread .top.Ramp2 is exiting.
-- Thread stopped.
Director: Called postfire().
Called postfire().
_stopRequested = false
_stopFireRequested = false
Returning from postfire(): true
Called fire().
Checking for deadlock:
There are 2 Blocked actors, 0 Stopped actors, and 2 active threads.
Actors have stopped.
Checking for deadlock:
There are 2 Blocked actors, 0 Stopped actors, and 2 active threads.
Deadlock detected.
Resolving Deadlock
Checking for deadlock:
There are 2 Blocked actors, 0 Stopped actors, and 2 active threads.
Deadlock detected: no processes blocked on write, but some are blocked on read.
Called postfire().
_stopRequested = false
_stopFireRequested = false
Returning from postfire(): false
Finished deactivating branches.
Called wrapup().
-- Thread wrapup() called.
Called wrapup()
Thread .top.Test is exiting.
-- Thread stopped.
-- Blocked Receiver call threw TerminateProcessException.
-- Thread wrapup() called.
Called wrapup()
Thread .top.OrderedMerge is exiting.
-- Thread stopped.
-- Blocked Receiver call threw TerminateProcessException.
99 ms. Memory: 120832K Free: 103895K (86%)
.top. Preinitializing ...
Invoking preinitialize():  .top.OrderedMerge
Called preinitialize()
Invoking preinitialize():  .top.Ramp
Called preinitialize()
Invoking preinitialize():  .top.Ramp2
Called preinitialize()
Invoking preinitialize():  .top.Test
Called preinitialize()
.top. Finished preinitialize().
Called initialize().
Invoking initialize():  .top.OrderedMerge
Initializing actor: .top.OrderedMerge
Adding a thread: .top.OrderedMerge
Invoking initialize():  .top.Ramp
Initializing actor: .top.Ramp
Adding a thread: .top.Ramp
Invoking initialize():  .top.Ramp2
Initializing actor: .top.Ramp2
Adding a thread: .top.Ramp2
Invoking initialize():  .top.Test
Initializing actor: .top.Test
Adding a thread: .top.Test
-- Starting thread.
Called initialize()
Called prefire()
Called fire()
Called postfire()
Called prefire()
Called fire()
-- Starting thread.
Called initialize()
Called prefire()
Called fire()
Called postfire()
Called prefire()
Called fire()
Called fire().
Checking for deadlock:
There are 2 Blocked actors, 0 Stopped actors, and 4 active threads.
Waiting for actors to stop.
-- Starting thread.
Called initialize()
Called prefire()
Called fire()
Checking for deadlock:
There are 3 Blocked actors, 0 Stopped actors, and 4 active threads.
Waiting for actors to stop.
-- Starting thread.
Called initialize()
Called prefire()
Called fire()
Checking for deadlock:
There are 2 Blocked actors, 0 Stopped actors, and 4 active threads.
Waiting for actors to stop.
Called postfire()
Called prefire()
Called fire()
Checking for deadlock:
There are 3 Blocked actors, 0 Stopped actors, and 4 active threads.
Waiting for actors to stop.
Read input token from inputA with value 0.0
Next port to read input from is inputB
Called postfire()
Called prefire()
Called fire()
Called postfire()
Called prefire()
Called fire()
Checking for deadlock:
There are 3 Blocked actors, 0 Stopped actors, and 4 active threads.
Waiting for actors to stop.
Read input token from inputB with value 0.0
-- Read input: 0.0, which is expected to match: 0.0
Called prefire()
Checking for deadlock:
There are 2 Blocked actors, 0 Stopped actors, and 4 active threads.
Waiting for actors to stop.
Sent output token with value 0.0
Next port to read input from is inputA
Called postfire()
Called prefire()
Called fire()
Called fire()
Checking for deadlock:
There are 3 Blocked actors, 0 Stopped actors, and 4 active threads.
Waiting for actors to stop.
Checking for deadlock:
There are 2 Blocked actors, 0 Stopped actors, and 4 active threads.
Waiting for actors to stop.
Called postfire()
Called prefire()
Called fire()
Checking for deadlock:
There are 3 Blocked actors, 0 Stopped actors, and 4 active threads.
Waiting for actors to stop.
Read input token from inputA with value 1.0
Checking for deadlock:
There are 2 Blocked actors, 0 Stopped actors, and 4 active threads.
Waiting for actors to stop.
-- Read input: 0.0, which is expected to match: 0.0
Called prefire()
Called fire()
Checking for deadlock:
There are 3 Blocked actors, 0 Stopped actors, and 4 active threads.
Waiting for actors to stop.
Sent output token with value 0.0
Next port to read input from is inputB
Called postfire()
Called prefire()
Called fire()
Called postfire()
Called prefire()
Called fire()
Checking for deadlock:
There are 3 Blocked actors, 0 Stopped actors, and 4 active threads.
Waiting for actors to stop.
Read input token from inputB with value 1.5
-- Read input: 1.0, which is expected to match: 1.0
Called prefire()
Called fire()
Checking for deadlock:
There are 3 Blocked actors, 0 Stopped actors, and 4 active threads.
Waiting for actors to stop.
Sent output token with value 1.0
Next port to read input from is inputA
Called postfire()
Called prefire()
Called fire()
Checking for deadlock:
There are 2 Blocked actors, 0 Stopped actors, and 4 active threads.
Waiting for actors to stop.
Called postfire()
Called prefire()
Called fire()
Checking for deadlock:
There are 3 Blocked actors, 0 Stopped actors, and 4 active threads.
Waiting for actors to stop.
Read input token from inputA with value 2.0
Checking for deadlock:
There are 2 Blocked actors, 0 Stopped actors, and 4 active threads.
Waiting for actors to stop.
-- Read input: 1.5, which is expected to match: 1.5
Called prefire()
Called fire()
Checking for deadlock:
There are 3 Blocked actors, 0 Stopped actors, and 4 active threads.
Waiting for actors to stop.
Sent output token with value 1.5
Next port to read input from is inputB
Called postfire()
Called prefire()
Called fire()
Checking for deadlock:
There are 2 Blocked actors, 0 Stopped actors, and 4 active threads.
Waiting for actors to stop.
Called postfire()
Called prefire()
Called fire()
Checking for deadlock:
There are 3 Blocked actors, 0 Stopped actors, and 4 active threads.
Waiting for actors to stop.
Read input token from inputB with value 3.0
Checking for deadlock:
There are 2 Blocked actors, 0 Stopped actors, and 4 active threads.
Waiting for actors to stop.
-- Read input: 2.0, which is expected to match: 2.0
Called prefire()
Called fire()
Checking for deadlock:
There are 3 Blocked actors, 0 Stopped actors, and 4 active threads.
Waiting for actors to stop.
Sent output token with value 2.0
Next port to read input from is inputA
Called postfire()
Called prefire()
Called fire()
Checking for deadlock:
There are 2 Blocked actors, 0 Stopped actors, and 4 active threads.
Waiting for actors to stop.
Called postfire()
Called prefire()
Called fire()
Checking for deadlock:
There are 3 Blocked actors, 0 Stopped actors, and 4 active threads.
Waiting for actors to stop.
Read input token from inputA with value 3.0
Checking for deadlock:
There are 2 Blocked actors, 0 Stopped actors, and 4 active threads.
Waiting for actors to stop.
-- Read input: 3.0, which is expected to match: 3.0
Called prefire()
Called fire()
Checking for deadlock:
There are 3 Blocked actors, 0 Stopped actors, and 4 active threads.
Waiting for actors to stop.
Sent output token with value 3.0
Next port to read input from is inputB
Called postfire()
Called prefire()
Called fire()
Called postfire()
Called prefire()
Called fire()
Checking for deadlock:
There are 3 Blocked actors, 0 Stopped actors, and 4 active threads.
Waiting for actors to stop.
Read input token from inputB with value 4.5
-- Read input: 3.0, which is expected to match: 3.0
Called prefire()
Called fire()
Checking for deadlock:
There are 3 Blocked actors, 0 Stopped actors, and 4 active threads.
Waiting for actors to stop.
Sent output token with value 3.0
Next port to read input from is inputA
Called postfire()
Called prefire()
Called fire()
Checking for deadlock:
There are 2 Blocked actors, 0 Stopped actors, and 4 active threads.
Waiting for actors to stop.
Called postfire()
Called prefire()
Called fire()
Checking for deadlock:
There are 3 Blocked actors, 0 Stopped actors, and 4 active threads.
Waiting for actors to stop.
Read input token from inputA with value 4.0
Checking for deadlock:
There are 2 Blocked actors, 0 Stopped actors, and 4 active threads.
Waiting for actors to stop.
-- Read input: 4.0, which is expected to match: 4.0
Called prefire()
Called fire()
Past the end of training data. Read and discard all inputs.
Checking for deadlock:
There are 3 Blocked actors, 0 Stopped actors, and 4 active threads.
Waiting for actors to stop.
Sent output token with value 4.0
Next port to read input from is inputA
Called postfire()
Called prefire()
Called fire()
Checking for deadlock:
There are 2 Blocked actors, 0 Stopped actors, and 4 active threads.
Waiting for actors to stop.
Called postfire()
Called prefire()
Called fire()
Checking for deadlock:
There are 3 Blocked actors, 0 Stopped actors, and 4 active threads.
Waiting for actors to stop.
Read input token from inputA with value 5.0
Checking for deadlock:
There are 2 Blocked actors, 0 Stopped actors, and 4 active threads.
Waiting for actors to stop.
Called prefire()
Called fire()
Past the end of training data. Read and discard all inputs.
Checking for deadlock:
There are 3 Blocked actors, 0 Stopped actors, and 4 active threads.
Waiting for actors to stop.
Sent output token with value 4.5
Next port to read input from is inputB
Called postfire()
Called prefire()
Called fire()
Called postfire()
Called prefire()
Called fire()
Checking for deadlock:
There are 3 Blocked actors, 0 Stopped actors, and 4 active threads.
Waiting for actors to stop.
Read input token from inputB with value 6.0
Called prefire()
Called fire()
Past the end of training data. Read and discard all inputs.
Checking for deadlock:
There are 3 Blocked actors, 0 Stopped actors, and 4 active threads.
Waiting for actors to stop.
Sent output token with value 5.0
Next port to read input from is inputA
Called postfire()
Called prefire()
Called fire()
Checking for deadlock:
There are 2 Blocked actors, 0 Stopped actors, and 4 active threads.
Waiting for actors to stop.
Called postfire()
Called prefire()
Called fire()
Checking for deadlock:
There are 3 Blocked actors, 0 Stopped actors, and 4 active threads.
Waiting for actors to stop.
Read input token from inputA with value 6.0
Checking for deadlock:
There are 2 Blocked actors, 0 Stopped actors, and 4 active threads.
Waiting for actors to stop.
Called prefire()
Called fire()
Past the end of training data. Read and discard all inputs.
Checking for deadlock:
There are 3 Blocked actors, 0 Stopped actors, and 4 active threads.
Waiting for actors to stop.
Sent output token with value 6.0
Next port to read input from is inputB
Called postfire()
Called prefire()
Called fire()
Called postfire()
Called prefire()
Called fire()
Checking for deadlock:
There are 3 Blocked actors, 0 Stopped actors, and 4 active threads.
Waiting for actors to stop.
Read input token from inputB with value 7.5
Called prefire()
Called fire()
Past the end of training data. Read and discard all inputs.
Checking for deadlock:
There are 3 Blocked actors, 0 Stopped actors, and 4 active threads.
Waiting for actors to stop.
Sent output token with value 6.0
Next port to read input from is inputA
Called postfire()
Called prefire()
Called fire()
Checking for deadlock:
There are 2 Blocked actors, 0 Stopped actors, and 4 active threads.
Waiting for actors to stop.
Called postfire()
Called prefire()
Called fire()
Checking for deadlock:
There are 3 Blocked actors, 0 Stopped actors, and 4 active threads.
Waiting for actors to stop.
Read input token from inputA with value 7.0
Checking for deadlock:
There are 2 Blocked actors, 0 Stopped actors, and 4 active threads.
Waiting for actors to stop.
Called prefire()
Called fire()
Past the end of training data. Read and discard all inputs.
Checking for deadlock:
There are 3 Blocked actors, 0 Stopped actors, and 4 active threads.
Waiting for actors to stop.
Sent output token with value 7.0
Next port to read input from is inputA
Called postfire()
Called prefire()
Called fire()
Checking for deadlock:
There are 2 Blocked actors, 0 Stopped actors, and 4 active threads.
Waiting for actors to stop.
-- Thread wrapup() called.
Called wrapup()
Thread .top.Ramp is exiting.
-- Thread stopped.
Checking for deadlock:
There are 2 Blocked actors, 0 Stopped actors, and 3 active threads.
Waiting for actors to stop.
Read input token from inputA with value 8.0
Called prefire()
Called fire()
Past the end of training data. Read and discard all inputs.
Checking for deadlock:
There are 2 Blocked actors, 0 Stopped actors, and 3 active threads.
Waiting for actors to stop.
Sent output token with value 7.5
Next port to read input from is inputB
Called postfire()
Called prefire()
Called fire()
Checking for deadlock:
There are 1 Blocked actors, 0 Stopped actors, and 3 active threads.
Waiting for actors to stop.
Called postfire()
Called prefire()
Called fire()
Checking for deadlock:
There are 2 Blocked actors, 0 Stopped actors, and 3 active threads.
Waiting for actors to stop.
Read input token from inputB with value 9.0
Checking for deadlock:
There are 1 Blocked actors, 0 Stopped actors, and 3 active threads.
Waiting for actors to stop.
Called prefire()
Called fire()
Past the end of training data. Read and discard all inputs.
Checking for deadlock:
There are 2 Blocked actors, 0 Stopped actors, and 3 active threads.
Waiting for actors to stop.
Sent output token with value 8.0
Next port to read input from is inputA
Called postfire()
Called prefire()
Called fire()
Read input token from inputA with value 9.0
Called prefire()
Called fire()
Past the end of training data. Read and discard all inputs.
Checking for deadlock:
There are 2 Blocked actors, 0 Stopped actors, and 3 active threads.
Waiting for actors to stop.
Sent output token with value 9.0
Next port to read input from is inputB
Called postfire()
Called prefire()
Called fire()
Called postfire()
Called prefire()
Called fire()
Checking for deadlock:
There are 2 Blocked actors, 0 Stopped actors, and 3 active threads.
Waiting for actors to stop.
Read input token from inputB with value 10.5
Called prefire()
Called fire()
Past the end of training data. Read and discard all inputs.
Checking for deadlock:
There are 2 Blocked actors, 0 Stopped actors, and 3 active threads.
Waiting for actors to stop.
Sent output token with value 9.0
Next port to read input from is inputA
Called postfire()
Called prefire()
Called fire()
Checking for deadlock:
There are 3 Blocked actors, 0 Stopped actors, and 3 active threads.
Actors have stopped.
Checking for deadlock:
There are 3 Blocked actors, 0 Stopped actors, and 3 active threads.
Deadlock detected.
Resolving Deadlock
Checking for deadlock:
There are 3 Blocked actors, 0 Stopped actors, and 3 active threads.
Artificial Deadlock - increasing queue capacity.
increasing the capacity of receiver ptolemy.actor.TypedIOPort {.top.OrderedMerge.inputB} to 2
Director: Called postfire().
Called postfire().
_stopRequested = false
_stopFireRequested = false
Returning from postfire(): true
Called fire().
Checking for deadlock:
There are 2 Blocked actors, 0 Stopped actors, and 3 active threads.
Waiting for actors to stop.
-- Thread wrapup() called.
Called wrapup()
Thread .top.Ramp2 is exiting.
-- Thread stopped.
Checking for deadlock:
There are 2 Blocked actors, 0 Stopped actors, and 2 active threads.
Actors have stopped.
Checking for deadlock:
There are 2 Blocked actors, 0 Stopped actors, and 2 active threads.
Deadlock detected.
Resolving Deadlock
Checking for deadlock:
There are 2 Blocked actors, 0 Stopped actors, and 2 active threads.
Deadlock detected: no processes blocked on write, but some are blocked on read.
Called postfire().
_stopRequested = false
_stopFireRequested = false
Returning from postfire(): false
Finished deactivating branches.
Called wrapup().
-- Thread wrapup() called.
Called wrapup()
-- Thread wrapup() called.
Called wrapup()
Thread .top.Test is exiting.
-- Thread stopped.
-- Blocked Receiver call threw TerminateProcessException.
Thread .top.OrderedMerge is exiting.
24 ms. Memory: 120832K Free: 102033K (84%)
/home/travis/build/icyphy/ptII/ptolemy/actor/lib/test/Publisher.tcl
-- Thread stopped.
-- Blocked Receiver call threw TerminateProcessException.
15 ms. Memory: 120832K Free: 95703K (79%)
7 ms. Memory: 120832K Free: 90583K (75%)
7 ms. Memory: 120832K Free: 86487K (72%)
6 ms. Memory: 120832K Free: 85463K (71%)
4 ms. Memory: 120832K Free: 84439K (70%)
31 ms. Memory: 120832K Free: 104842K (87%)
3 ms. Memory: 120832K Free: 104425K (86%)
3 ms. Memory: 120832K Free: 103401K (86%)
16 ms. Memory: 120832K Free: 93671K (78%)
4 ms. Memory: 120832K Free: 89561K (74%)
2 ms. Memory: 120832K Free: 89065K (74%)
4 ms. Memory: 120832K Free: 86473K (72%)
7 ms. Memory: 120832K Free: 79335K (66%)
6 ms. Memory: 120832K Free: 69609K (58%)
15 ms. Memory: 120832K Free: 58345K (48%)
/home/travis/build/icyphy/ptII/ptolemy/actor/lib/test/Pulse.tcl
9 ms. Memory: 151552K Free: 104186K (69%)
2 ms. Memory: 151552K Free: 103690K (68%)
1 ms. Memory: 151552K Free: 103162K (68%)
7 ms. Memory: 151552K Free: 102666K (68%)
3 ms. Memory: 151552K Free: 102138K (67%)
8 ms. Memory: 151552K Free: 101128K (67%)
6 ms. Memory: 151552K Free: 100010K (66%)
3 ms. Memory: 151552K Free: 99080K (65%)
4 ms. Memory: 151552K Free: 98570K (65%)
/home/travis/build/icyphy/ptII/ptolemy/actor/lib/test/Ramp.tcl
9 ms. Memory: 151552K Free: 96522K (64%)
4 ms. Memory: 151552K Free: 96008K (63%)
4 ms. Memory: 151552K Free: 94970K (63%)
2 ms. Memory: 151552K Free: 94474K (62%)
6 ms. Memory: 151552K Free: 93450K (62%)
10 ms. Memory: 151552K Free: 92922K (61%)
6 ms. Memory: 151552K Free: 91906K (61%)
5 actors
7000 microseconds per iteration to create
11 ms. Memory: 151552K Free: 88810K (59%)
2 ms. Memory: 151552K Free: 88330K (58%)
3 ms. Memory: 151552K Free: 87816K (58%)
2 ms. Memory: 151552K Free: 87306K (58%)
50 actors
63000 microseconds per iteration to create
59 ms. Memory: 151552K Free: 71402K (47%)
11 ms. Memory: 151552K Free: 70408K (46%)
6 ms. Memory: 151552K Free: 69354K (46%)
18 ms. Memory: 151552K Free: 68360K (45%)
500 actors
1948000 microseconds per iteration to create
301 ms. Memory: 151552K Free: 114079K (75%)
40 ms. Memory: 151552K Free: 108959K (72%)
39 ms. Memory: 151552K Free: 103839K (69%)
40 ms. Memory: 151552K Free: 98209K (65%)
/home/travis/build/icyphy/ptII/ptolemy/actor/lib/test/RampContinuous.tcl
9 ms. Memory: 151552K Free: 97185K (64%)
/home/travis/build/icyphy/ptII/ptolemy/actor/lib/test/RecordAssembler.tcl
5 ms. Memory: 151552K Free: 95616K (63%)
3 ms. Memory: 151552K Free: 94608K (62%)
/home/travis/build/icyphy/ptII/ptolemy/actor/lib/test/RecordDisassembler.tcl
6 ms. Memory: 151552K Free: 92544K (61%)
2 ms. Memory: 151552K Free: 92065K (61%)
3 ms. Memory: 151552K Free: 90527K (60%)
/home/travis/build/icyphy/ptII/ptolemy/actor/lib/test/Scale.tcl
3 ms. Memory: 151552K Free: 88993K (59%)
1 ms. Memory: 151552K Free: 87969K (58%)
1 ms. Memory: 151552K Free: 87424K (58%)
1 ms. Memory: 151552K Free: 86431K (57%)
2 ms. Memory: 151552K Free: 85407K (56%)
/home/travis/build/icyphy/ptII/ptolemy/actor/lib/test/SequentialClock.tcl
preinitializing
resolving types
initializing
executing number 1
wrapping up
idle
3 ms. Memory: 151552K Free: 84368K (56%)
Completed execution with 5 iterations
preinitializing
resolving types
initializing
executing number 1
wrapping up
idle
2 ms. Memory: 151552K Free: 83873K (55%)
Completed execution with 5 iterations
preinitializing
resolving types
initializing
executing number 1
wrapping up
idle
1 ms. Memory: 151552K Free: 83344K (55%)
Completed execution with 5 iterations
/home/travis/build/icyphy/ptII/ptolemy/actor/lib/test/SetVariable.tcl
4 ms. Memory: 151552K Free: 81311K (54%)


==== $PTII/ptolemy/actor/lib/test/SetVariable.tcl: SetVariable-3.1 changeFailed
==== Contents of test case:

    #Uses 2.1 above
    jdkCaptureErr {
        # This test was failing if we ran Exit.tcl and then this test.
        # MessageHandler.error() now actually throws the Exception.
	catch {$setVariable changeFailed [java::null]  [java::new Exception {Test exception for SetVariable.changeFailed()}]} errMsg
    } results
    list [string range $results 0 89] "\n" $errMsg

==== Result was:
{java.lang.Exception: Test exception for SetVariable.changeFailed()
	at java.base/jdk.inter} {
} {java.lang.RuntimeException: java.lang.Exception: Test exception for SetVariable.changeFailed()}
---- Result should have been:
{Failed to set variable.
java.lang.Exception: Test exception for SetVariable.changeFailed()} {
} {java.lang.RuntimeException: java.lang.Exception: Test exception for SetVariable.changeFailed()}
---- SetVariable-3.1 FAILED
/home/travis/build/icyphy/ptII/ptolemy/actor/lib/test/Sinewave.tcl
/home/travis/build/icyphy/ptII/ptolemy/actor/lib/test/SubscriptionAggregator.tcl
4 ms. Memory: 151552K Free: 69537K (46%)
2 ms. Memory: 151552K Free: 68513K (45%)
1 ms. Memory: 151552K Free: 67999K (45%)
1 ms. Memory: 151552K Free: 67999K (45%)
4 ms. Memory: 151552K Free: 64417K (43%)
9 ms. Memory: 151552K Free: 61855K (41%)
...............................................................1216 ms. Memory: 276480K Free: 149502K (54%)
/home/travis/build/icyphy/ptII/ptolemy/actor/lib/test/Test.tcl
 The next command will produce a warning about training mode,
   which may be ignored.
7 ms. Memory: 276480K Free: 147456K (53%)
8 ms. Memory: 276480K Free: 146911K (53%)
1 ms. Memory: 276480K Free: 146432K (53%)
5 ms. Memory: 276480K Free: 145408K (53%)
3 ms. Memory: 276480K Free: 144894K (52%)
3 ms. Memory: 276480K Free: 143839K (52%)
3 ms. Memory: 276480K Free: 142336K (51%)
 The next command will produce a warning about training mode,
   which may be ignored.
13 ms. Memory: 276480K Free: 140288K (51%)
 The next command will produce a warning about training mode,
   which may be ignored.
2 ms. Memory: 276480K Free: 138750K (50%)
1 ms. Memory: 276480K Free: 138240K (50%)
4 ms. Memory: 276480K Free: 138240K (50%)
3 ms. Memory: 276480K Free: 137216K (50%)
8 ms. Memory: 276480K Free: 136702K (49%)
6 ms. Memory: 276480K Free: 132606K (48%)
/home/travis/build/icyphy/ptII/ptolemy/actor/lib/test/TestExceptionHandler.tcl
 The next command will produce a warning about training mode,
   which may be ignored.
2 ms. Memory: 276480K Free: 131551K (48%)
0 ms. Memory: 276480K Free: 131072K (47%)
1 ms. Memory: 276480K Free: 130558K (47%)
/home/travis/build/icyphy/ptII/ptolemy/actor/lib/test/UnionDisassembler.tcl
26 ms. Memory: 276480K Free: 122880K (44%)
/home/travis/build/icyphy/ptII/ptolemy/actor/lib/test/VariableClock.tcl
preinitializing
resolving types
initializing
executing number 1
wrapping up
idle
9 ms. Memory: 276480K Free: 121335K (44%)
Completed execution with 11 iterations
preinitializing
resolving types
initializing
executing number 1
wrapping up
idle
3 ms. Memory: 276480K Free: 119808K (43%)
Completed execution with 10 iterations
07/14/19 10:59:16
Failed: 1  Total Tests: 234  ((Passed: 233, Newly Passed: 0)  Known Failed: 0) /home/travis/build/icyphy/ptII/ptolemy/actor/lib/test
----------------- testing (KnownFailure) /home/travis/build/icyphy/ptII/ptolemy/actor/lib/test/auto/knownFailedTests/PublisherPortToplevelSubscriber.xml
0 ms. Memory: 276480K Free: 116222K (42%)
Known Failure: java.lang.reflect.InvocationTargetException
----------------- testing (KnownFailure) /home/travis/build/icyphy/ptII/ptolemy/actor/lib/test/auto/knownFailedTests/PublisherSubscriberPortToplevel.xml
0 ms. Memory: 276480K Free: 112126K (41%)
Known Failure: java.lang.reflect.InvocationTargetException
----------------- testing (KnownFailure) /home/travis/build/icyphy/ptII/ptolemy/actor/lib/test/auto/knownFailedTests/PublisherSubscriptionAggregatorPort.xml
5 ms. Memory: 276480K Free: 108015K (39%)
Known Failure: java.lang.reflect.InvocationTargetException
----------------- testing (KnownFailure) /home/travis/build/icyphy/ptII/ptolemy/actor/lib/test/auto/knownFailedTests/sizedarray3.xml
7 ms. Memory: 276480K Free: 103424K (37%)
Known Failure: java.lang.reflect.InvocationTargetException
No auto/linux-amd64/*.xml tests in /home/travis/build/icyphy/ptII/ptolemy/actor/lib/test
AutoTests.java: About to close Vertx.
AutoTests.java: Vertx closed.

===========================================================================================
----------------- testing Sun Jul 14 22:59:16 UTC 2019 /home/travis/build/icyphy/ptII/ptolemy/actor/lib/test/auto/AbsoluteValue.xml
----------------- Instantiating /home/travis/build/icyphy/ptII/ptolemy/actor/lib/test/auto/AbsoluteValue.xml
17 ms. Memory: 276480K Free: 217086K (79%)
----------------- Invoking toplevel() on ptolemy.moml.MoMLSimpleApplication@4068d736
----------------- Done invoking toplevel() on ptolemy.moml.MoMLSimpleApplication@4068d736
reloadAllAccessors: .AbsoluteValue

===========================================================================================
----------------- testing Sun Jul 14 22:59:16 UTC 2019 /home/travis/build/icyphy/ptII/ptolemy/actor/lib/test/auto/AbsoluteValue2.xml
----------------- Instantiating /home/travis/build/icyphy/ptII/ptolemy/actor/lib/test/auto/AbsoluteValue2.xml
4 ms. Memory: 276480K Free: 210432K (76%)
----------------- Invoking toplevel() on ptolemy.moml.MoMLSimpleApplication@11dd026c
----------------- Done invoking toplevel() on ptolemy.moml.MoMLSimpleApplication@11dd026c
reloadAllAccessors: .AbsoluteValue2

===========================================================================================
----------------- testing Sun Jul 14 22:59:16 UTC 2019 /home/travis/build/icyphy/ptII/ptolemy/actor/lib/test/auto/Accumulator.xml
----------------- Instantiating /home/travis/build/icyphy/ptII/ptolemy/actor/lib/test/auto/Accumulator.xml
6 ms. Memory: 276480K Free: 203774K (74%)
----------------- Invoking toplevel() on ptolemy.moml.MoMLSimpleApplication@21b79ce5
----------------- Done invoking toplevel() on ptolemy.moml.MoMLSimpleApplication@21b79ce5
reloadAllAccessors: .Accumulator

===========================================================================================
----------------- testing Sun Jul 14 22:59:16 UTC 2019 /home/travis/build/icyphy/ptII/ptolemy/actor/lib/test/auto/Accumulator2.xml
----------------- Instantiating /home/travis/build/icyphy/ptII/ptolemy/actor/lib/test/auto/Accumulator2.xml
3 ms. Memory: 276480K Free: 198654K (72%)
----------------- Invoking toplevel() on ptolemy.moml.MoMLSimpleApplication@59a7c390
----------------- Done invoking toplevel() on ptolemy.moml.MoMLSimpleApplication@59a7c390
reloadAllAccessors: .Accumulator2

===========================================================================================
----------------- testing Sun Jul 14 22:59:16 UTC 2019 /home/travis/build/icyphy/ptII/ptolemy/actor/lib/test/auto/Accumulator3.xml
----------------- Instantiating /home/travis/build/icyphy/ptII/ptolemy/actor/lib/test/auto/Accumulator3.xml
3 ms. Memory: 276480K Free: 194048K (70%)
----------------- Invoking toplevel() on ptolemy.moml.MoMLSimpleApplication@5bb7fafc
----------------- Done invoking toplevel() on ptolemy.moml.MoMLSimpleApplication@5bb7fafc
reloadAllAccessors: .Accumulator3

===========================================================================================
----------------- testing Sun Jul 14 22:59:16 UTC 2019 /home/travis/build/icyphy/ptII/ptolemy/actor/lib/test/auto/ArrayAppend.xml
----------------- Instantiating /home/travis/build/icyphy/ptII/ptolemy/actor/lib/test/auto/ArrayAppend.xml
5 ms. Memory: 276480K Free: 188399K (68%)
----------------- Invoking toplevel() on ptolemy.moml.MoMLSimpleApplication@179e2d6f
----------------- Done invoking toplevel() on ptolemy.moml.MoMLSimpleApplication@179e2d6f
reloadAllAccessors: .ArrayAppend

===========================================================================================
----------------- testing Sun Jul 14 22:59:16 UTC 2019 /home/travis/build/icyphy/ptII/ptolemy/actor/lib/test/auto/ArrayAppend2.xml
----------------- Instantiating /home/travis/build/icyphy/ptII/ptolemy/actor/lib/test/auto/ArrayAppend2.xml
293 ms. Memory: 276480K Free: 126974K (46%)
----------------- Invoking toplevel() on ptolemy.moml.MoMLSimpleApplication@65d50cec
----------------- Done invoking toplevel() on ptolemy.moml.MoMLSimpleApplication@65d50cec
reloadAllAccessors: .ArrayAppend2

===========================================================================================
----------------- testing Sun Jul 14 22:59:17 UTC 2019 /home/travis/build/icyphy/ptII/ptolemy/actor/lib/test/auto/ArrayAppend3.xml
----------------- Instantiating /home/travis/build/icyphy/ptII/ptolemy/actor/lib/test/auto/ArrayAppend3.xml
3 ms. Memory: 276480K Free: 121854K (44%)
----------------- Invoking toplevel() on ptolemy.moml.MoMLSimpleApplication@1c72c626
----------------- Done invoking toplevel() on ptolemy.moml.MoMLSimpleApplication@1c72c626
reloadAllAccessors: .ArrayAppend3

===========================================================================================
----------------- testing Sun Jul 14 22:59:17 UTC 2019 /home/travis/build/icyphy/ptII/ptolemy/actor/lib/test/auto/ArrayAppend4.xml
----------------- Instantiating /home/travis/build/icyphy/ptII/ptolemy/actor/lib/test/auto/ArrayAppend4.xml
1 ms. Memory: 276480K Free: 117248K (42%)
----------------- Invoking toplevel() on ptolemy.moml.MoMLSimpleApplication@38dbef21
----------------- Done invoking toplevel() on ptolemy.moml.MoMLSimpleApplication@38dbef21
reloadAllAccessors: .ArrayAppend4

===========================================================================================
----------------- testing Sun Jul 14 22:59:17 UTC 2019 /home/travis/build/icyphy/ptII/ptolemy/actor/lib/test/auto/ArrayAppend5.xml
----------------- Instantiating /home/travis/build/icyphy/ptII/ptolemy/actor/lib/test/auto/ArrayAppend5.xml
2 ms. Memory: 276480K Free: 111614K (40%)
----------------- Invoking toplevel() on ptolemy.moml.MoMLSimpleApplication@7bbe1491
----------------- Done invoking toplevel() on ptolemy.moml.MoMLSimpleApplication@7bbe1491
reloadAllAccessors: .ArrayAppend5

===========================================================================================
----------------- testing Sun Jul 14 22:59:17 UTC 2019 /home/travis/build/icyphy/ptII/ptolemy/actor/lib/test/auto/ArrayAppend6.xml
----------------- Instantiating /home/travis/build/icyphy/ptII/ptolemy/actor/lib/test/auto/ArrayAppend6.xml
4 ms. Memory: 276480K Free: 106494K (39%)
----------------- Invoking toplevel() on ptolemy.moml.MoMLSimpleApplication@43313689
----------------- Done invoking toplevel() on ptolemy.moml.MoMLSimpleApplication@43313689
reloadAllAccessors: .ArrayAppend6

===========================================================================================
----------------- testing Sun Jul 14 22:59:17 UTC 2019 /home/travis/build/icyphy/ptII/ptolemy/actor/lib/test/auto/ArrayAppendPerformanceTest.xml
----------------- Instantiating /home/travis/build/icyphy/ptII/ptolemy/actor/lib/test/auto/ArrayAppendPerformanceTest.xml
27 ms. Memory: 276480K Free: 95744K (35%)
----------------- Invoking toplevel() on ptolemy.moml.MoMLSimpleApplication@2ceb2ff1
----------------- Done invoking toplevel() on ptolemy.moml.MoMLSimpleApplication@2ceb2ff1
reloadAllAccessors: .ArrayAppendPerformanceTest

===========================================================================================
----------------- testing Sun Jul 14 22:59:17 UTC 2019 /home/travis/build/icyphy/ptII/ptolemy/actor/lib/test/auto/ArrayAppendWithEmptyInput.xml
----------------- Instantiating /home/travis/build/icyphy/ptII/ptolemy/actor/lib/test/auto/ArrayAppendWithEmptyInput.xml
19 ms. Memory: 276480K Free: 88062K (32%)
----------------- Invoking toplevel() on ptolemy.moml.MoMLSimpleApplication@6756f0b8
----------------- Done invoking toplevel() on ptolemy.moml.MoMLSimpleApplication@6756f0b8
reloadAllAccessors: .ArrayAppendWithEmptyInput

===========================================================================================
----------------- testing Sun Jul 14 22:59:17 UTC 2019 /home/travis/build/icyphy/ptII/ptolemy/actor/lib/test/auto/ArrayAverage.xml
----------------- Instantiating /home/travis/build/icyphy/ptII/ptolemy/actor/lib/test/auto/ArrayAverage.xml
5 ms. Memory: 276480K Free: 226093K (82%)
----------------- Invoking toplevel() on ptolemy.moml.MoMLSimpleApplication@7331e918
----------------- Done invoking toplevel() on ptolemy.moml.MoMLSimpleApplication@7331e918
reloadAllAccessors: .ArrayAverage

===========================================================================================
----------------- testing Sun Jul 14 22:59:17 UTC 2019 /home/travis/build/icyphy/ptII/ptolemy/actor/lib/test/auto/ArrayContains.xml
----------------- Instantiating /home/travis/build/icyphy/ptII/ptolemy/actor/lib/test/auto/ArrayContains.xml
3 ms. Memory: 276480K Free: 219949K (80%)
----------------- Invoking toplevel() on ptolemy.moml.MoMLSimpleApplication@3e492368
----------------- Done invoking toplevel() on ptolemy.moml.MoMLSimpleApplication@3e492368
reloadAllAccessors: .ArrayContains

===========================================================================================
----------------- testing Sun Jul 14 22:59:17 UTC 2019 /home/travis/build/icyphy/ptII/ptolemy/actor/lib/test/auto/ArrayElement.xml
----------------- Instantiating /home/travis/build/icyphy/ptII/ptolemy/actor/lib/test/auto/ArrayElement.xml
7 ms. Memory: 276480K Free: 214315K (78%)
----------------- Invoking toplevel() on ptolemy.moml.MoMLSimpleApplication@76fda14d
----------------- Done invoking toplevel() on ptolemy.moml.MoMLSimpleApplication@76fda14d
reloadAllAccessors: .ArrayElement

===========================================================================================
----------------- testing Sun Jul 14 22:59:17 UTC 2019 /home/travis/build/icyphy/ptII/ptolemy/actor/lib/test/auto/ArrayElementAsMatrix.xml
----------------- Instantiating /home/travis/build/icyphy/ptII/ptolemy/actor/lib/test/auto/ArrayElementAsMatrix.xml
21 ms. Memory: 276480K Free: 204075K (74%)
----------------- Invoking toplevel() on ptolemy.moml.MoMLSimpleApplication@3048c4fe
----------------- Done invoking toplevel() on ptolemy.moml.MoMLSimpleApplication@3048c4fe
reloadAllAccessors: .ArrayElementAsMatrix

===========================================================================================
----------------- testing Sun Jul 14 22:59:17 UTC 2019 /home/travis/build/icyphy/ptII/ptolemy/actor/lib/test/auto/ArrayElementI.xml
----------------- Instantiating /home/travis/build/icyphy/ptII/ptolemy/actor/lib/test/auto/ArrayElementI.xml
3 ms. Memory: 276480K Free: 198941K (72%)
----------------- Invoking toplevel() on ptolemy.moml.MoMLSimpleApplication@382ea652
----------------- Done invoking toplevel() on ptolemy.moml.MoMLSimpleApplication@382ea652
reloadAllAccessors: .ArrayElementI

===========================================================================================
----------------- testing Sun Jul 14 22:59:17 UTC 2019 /home/travis/build/icyphy/ptII/ptolemy/actor/lib/test/auto/ArrayExtract.xml
----------------- Instantiating /home/travis/build/icyphy/ptII/ptolemy/actor/lib/test/auto/ArrayExtract.xml
5 ms. Memory: 276480K Free: 190253K (69%)
----------------- Invoking toplevel() on ptolemy.moml.MoMLSimpleApplication@12dd7eeb
----------------- Done invoking toplevel() on ptolemy.moml.MoMLSimpleApplication@12dd7eeb
reloadAllAccessors: .ArrayExtract

===========================================================================================
----------------- testing Sun Jul 14 22:59:17 UTC 2019 /home/travis/build/icyphy/ptII/ptolemy/actor/lib/test/auto/ArrayExtract2.xml
----------------- Instantiating /home/travis/build/icyphy/ptII/ptolemy/actor/lib/test/auto/ArrayExtract2.xml
2 ms. Memory: 276480K Free: 185133K (67%)
----------------- Invoking toplevel() on ptolemy.moml.MoMLSimpleApplication@19f36337
----------------- Done invoking toplevel() on ptolemy.moml.MoMLSimpleApplication@19f36337
reloadAllAccessors: .ArrayExtract2

===========================================================================================
----------------- testing Sun Jul 14 22:59:17 UTC 2019 /home/travis/build/icyphy/ptII/ptolemy/actor/lib/test/auto/ArrayLength.xml
----------------- Instantiating /home/travis/build/icyphy/ptII/ptolemy/actor/lib/test/auto/ArrayLength.xml
2 ms. Memory: 276480K Free: 181037K (65%)
----------------- Invoking toplevel() on ptolemy.moml.MoMLSimpleApplication@5dc46c2a
----------------- Done invoking toplevel() on ptolemy.moml.MoMLSimpleApplication@5dc46c2a
reloadAllAccessors: .ArrayLength

===========================================================================================
----------------- testing Sun Jul 14 22:59:17 UTC 2019 /home/travis/build/icyphy/ptII/ptolemy/actor/lib/test/auto/ArrayLevelCrossing.xml
----------------- Instantiating /home/travis/build/icyphy/ptII/ptolemy/actor/lib/test/auto/ArrayLevelCrossing.xml
3 ms. Memory: 276480K Free: 173355K (63%)
----------------- Invoking toplevel() on ptolemy.moml.MoMLSimpleApplication@158633db
----------------- Done invoking toplevel() on ptolemy.moml.MoMLSimpleApplication@158633db
reloadAllAccessors: .ArrayLevelCrossing

===========================================================================================
----------------- testing Sun Jul 14 22:59:17 UTC 2019 /home/travis/build/icyphy/ptII/ptolemy/actor/lib/test/auto/ArrayLevelCrossing2.xml
----------------- Instantiating /home/travis/build/icyphy/ptII/ptolemy/actor/lib/test/auto/ArrayLevelCrossing2.xml
3 ms. Memory: 276480K Free: 165677K (60%)
----------------- Invoking toplevel() on ptolemy.moml.MoMLSimpleApplication@52868979
----------------- Done invoking toplevel() on ptolemy.moml.MoMLSimpleApplication@52868979
reloadAllAccessors: .ArrayLevelCrossing2

===========================================================================================
----------------- testing Sun Jul 14 22:59:17 UTC 2019 /home/travis/build/icyphy/ptII/ptolemy/actor/lib/test/auto/ArrayPeakSearch.xml
----------------- Instantiating /home/travis/build/icyphy/ptII/ptolemy/actor/lib/test/auto/ArrayPeakSearch.xml
4 ms. Memory: 276480K Free: 156971K (57%)
----------------- Invoking toplevel() on ptolemy.moml.MoMLSimpleApplication@47f42d85
----------------- Done invoking toplevel() on ptolemy.moml.MoMLSimpleApplication@47f42d85
reloadAllAccessors: .ArrayPeakSearch

===========================================================================================
----------------- testing Sun Jul 14 22:59:18 UTC 2019 /home/travis/build/icyphy/ptII/ptolemy/actor/lib/test/auto/ArrayPeakSearch2.xml
----------------- Instantiating /home/travis/build/icyphy/ptII/ptolemy/actor/lib/test/auto/ArrayPeakSearch2.xml
21 ms. Memory: 276480K Free: 146221K (53%)
----------------- Invoking toplevel() on ptolemy.moml.MoMLSimpleApplication@3592e69d
----------------- Done invoking toplevel() on ptolemy.moml.MoMLSimpleApplication@3592e69d
reloadAllAccessors: .ArrayPeakSearch2

===========================================================================================
----------------- testing Sun Jul 14 22:59:18 UTC 2019 /home/travis/build/icyphy/ptII/ptolemy/actor/lib/test/auto/ArrayPeakSearch3.xml
----------------- Instantiating /home/travis/build/icyphy/ptII/ptolemy/actor/lib/test/auto/ArrayPeakSearch3.xml
4 ms. Memory: 276480K Free: 137515K (50%)
----------------- Invoking toplevel() on ptolemy.moml.MoMLSimpleApplication@7c2c417f
----------------- Done invoking toplevel() on ptolemy.moml.MoMLSimpleApplication@7c2c417f
reloadAllAccessors: .ArrayPeakSearch3

===========================================================================================
----------------- testing Sun Jul 14 22:59:18 UTC 2019 /home/travis/build/icyphy/ptII/ptolemy/actor/lib/test/auto/ArrayRemoveElement.xml
----------------- Instantiating /home/travis/build/icyphy/ptII/ptolemy/actor/lib/test/auto/ArrayRemoveElement.xml
4 ms. Memory: 276480K Free: 129323K (47%)
----------------- Invoking toplevel() on ptolemy.moml.MoMLSimpleApplication@4a039115
----------------- Done invoking toplevel() on ptolemy.moml.MoMLSimpleApplication@4a039115
reloadAllAccessors: .ArrayRemoveElement

===========================================================================================
----------------- testing Sun Jul 14 22:59:18 UTC 2019 /home/travis/build/icyphy/ptII/ptolemy/actor/lib/test/auto/ArraySort.xml
----------------- Instantiating /home/travis/build/icyphy/ptII/ptolemy/actor/lib/test/auto/ArraySort.xml
14 ms. Memory: 276480K Free: 120621K (44%)
----------------- Invoking toplevel() on ptolemy.moml.MoMLSimpleApplication@64d48008
----------------- Done invoking toplevel() on ptolemy.moml.MoMLSimpleApplication@64d48008
reloadAllAccessors: .ArraySort

===========================================================================================
----------------- testing Sun Jul 14 22:59:18 UTC 2019 /home/travis/build/icyphy/ptII/ptolemy/actor/lib/test/auto/ArraySum.xml
----------------- Instantiating /home/travis/build/icyphy/ptII/ptolemy/actor/lib/test/auto/ArraySum.xml
2 ms. Memory: 276480K Free: 115501K (42%)
----------------- Invoking toplevel() on ptolemy.moml.MoMLSimpleApplication@1b1eef44
----------------- Done invoking toplevel() on ptolemy.moml.MoMLSimpleApplication@1b1eef44
reloadAllAccessors: .ArraySum

===========================================================================================
----------------- testing Sun Jul 14 22:59:18 UTC 2019 /home/travis/build/icyphy/ptII/ptolemy/actor/lib/test/auto/ArrayToElements.xml
----------------- Instantiating /home/travis/build/icyphy/ptII/ptolemy/actor/lib/test/auto/ArrayToElements.xml
6 ms. Memory: 276480K Free: 109867K (40%)
----------------- Invoking toplevel() on ptolemy.moml.MoMLSimpleApplication@26f0afb1
----------------- Done invoking toplevel() on ptolemy.moml.MoMLSimpleApplication@26f0afb1
reloadAllAccessors: .ArrayToElements

===========================================================================================
----------------- testing Sun Jul 14 22:59:18 UTC 2019 /home/travis/build/icyphy/ptII/ptolemy/actor/lib/test/auto/ArrayToMatrix.xml
----------------- Instantiating /home/travis/build/icyphy/ptII/ptolemy/actor/lib/test/auto/ArrayToMatrix.xml
11 ms. Memory: 276480K Free: 96045K (35%)
----------------- Invoking toplevel() on ptolemy.moml.MoMLSimpleApplication@35a3db57
----------------- Done invoking toplevel() on ptolemy.moml.MoMLSimpleApplication@35a3db57
reloadAllAccessors: .ArrayToMatrix

===========================================================================================
----------------- testing Sun Jul 14 22:59:18 UTC 2019 /home/travis/build/icyphy/ptII/ptolemy/actor/lib/test/auto/ArrayUpdate1.xml
----------------- Instantiating /home/travis/build/icyphy/ptII/ptolemy/actor/lib/test/auto/ArrayUpdate1.xml
6 ms. Memory: 276480K Free: 90925K (33%)
----------------- Invoking toplevel() on ptolemy.moml.MoMLSimpleApplication@43271be3
----------------- Done invoking toplevel() on ptolemy.moml.MoMLSimpleApplication@43271be3
reloadAllAccessors: .ArrayUpdate1

===========================================================================================
----------------- testing Sun Jul 14 22:59:18 UTC 2019 /home/travis/build/icyphy/ptII/ptolemy/actor/lib/test/auto/ArrayUpdate2.xml
----------------- Instantiating /home/travis/build/icyphy/ptII/ptolemy/actor/lib/test/auto/ArrayUpdate2.xml
8 ms. Memory: 276480K Free: 84781K (31%)
----------------- Invoking toplevel() on ptolemy.moml.MoMLSimpleApplication@51f875ad
----------------- Done invoking toplevel() on ptolemy.moml.MoMLSimpleApplication@51f875ad
reloadAllAccessors: .ArrayUpdate2

===========================================================================================
----------------- testing Sun Jul 14 22:59:18 UTC 2019 /home/travis/build/icyphy/ptII/ptolemy/actor/lib/test/auto/ArrayUpdate3.xml
----------------- Instantiating /home/travis/build/icyphy/ptII/ptolemy/actor/lib/test/auto/ArrayUpdate3.xml
3 ms. Memory: 276480K Free: 79661K (29%)
----------------- Invoking toplevel() on ptolemy.moml.MoMLSimpleApplication@3c661143
----------------- Done invoking toplevel() on ptolemy.moml.MoMLSimpleApplication@3c661143
reloadAllAccessors: .ArrayUpdate3

===========================================================================================
----------------- testing Sun Jul 14 22:59:18 UTC 2019 /home/travis/build/icyphy/ptII/ptolemy/actor/lib/test/auto/Assert1.xml
----------------- Instantiating /home/travis/build/icyphy/ptII/ptolemy/actor/lib/test/auto/Assert1.xml
5 ms. Memory: 276480K Free: 75565K (27%)
----------------- Invoking toplevel() on ptolemy.moml.MoMLSimpleApplication@fc9594d
----------------- Done invoking toplevel() on ptolemy.moml.MoMLSimpleApplication@fc9594d
reloadAllAccessors: .Assert1

===========================================================================================
----------------- testing Sun Jul 14 22:59:18 UTC 2019 /home/travis/build/icyphy/ptII/ptolemy/actor/lib/test/auto/Assert2.xml
----------------- Instantiating /home/travis/build/icyphy/ptII/ptolemy/actor/lib/test/auto/Assert2.xml
2 ms. Memory: 276480K Free: 69917K (25%)
----------------- Invoking toplevel() on ptolemy.moml.MoMLSimpleApplication@4a8c78f
----------------- Done invoking toplevel() on ptolemy.moml.MoMLSimpleApplication@4a8c78f
reloadAllAccessors: .Assert2

===========================================================================================
----------------- testing Sun Jul 14 22:59:18 UTC 2019 /home/travis/build/icyphy/ptII/ptolemy/actor/lib/test/auto/BooleanMultiplexor.xml
----------------- Instantiating /home/travis/build/icyphy/ptII/ptolemy/actor/lib/test/auto/BooleanMultiplexor.xml
9 ms. Memory: 276480K Free: 229103K (83%)
----------------- Invoking toplevel() on ptolemy.moml.MoMLSimpleApplication@42988d0f
----------------- Done invoking toplevel() on ptolemy.moml.MoMLSimpleApplication@42988d0f
reloadAllAccessors: .BooleanMultiplexor

===========================================================================================
----------------- testing Sun Jul 14 22:59:18 UTC 2019 /home/travis/build/icyphy/ptII/ptolemy/actor/lib/test/auto/BooleanMultiplexor2.xml
----------------- Instantiating /home/travis/build/icyphy/ptII/ptolemy/actor/lib/test/auto/BooleanMultiplexor2.xml
13 ms. Memory: 276480K Free: 221992K (80%)
----------------- Invoking toplevel() on ptolemy.moml.MoMLSimpleApplication@39ca4989
----------------- Done invoking toplevel() on ptolemy.moml.MoMLSimpleApplication@39ca4989
reloadAllAccessors: .BooleanMultiplexor2

===========================================================================================
----------------- testing Sun Jul 14 22:59:18 UTC 2019 /home/travis/build/icyphy/ptII/ptolemy/actor/lib/test/auto/BooleanMultiplexor3.xml
----------------- Instantiating /home/travis/build/icyphy/ptII/ptolemy/actor/lib/test/auto/BooleanMultiplexor3.xml
1 ms. Memory: 276480K Free: 218413K (79%)
----------------- Invoking toplevel() on ptolemy.moml.MoMLSimpleApplication@3e538413
----------------- Done invoking toplevel() on ptolemy.moml.MoMLSimpleApplication@3e538413
reloadAllAccessors: .BooleanMultiplexor3

===========================================================================================
----------------- testing Sun Jul 14 22:59:18 UTC 2019 /home/travis/build/icyphy/ptII/ptolemy/actor/lib/test/auto/BooleanSelect.xml
----------------- Instantiating /home/travis/build/icyphy/ptII/ptolemy/actor/lib/test/auto/BooleanSelect.xml
2 ms. Memory: 276480K Free: 212269K (77%)
----------------- Invoking toplevel() on ptolemy.moml.MoMLSimpleApplication@4db54adb
----------------- Done invoking toplevel() on ptolemy.moml.MoMLSimpleApplication@4db54adb
reloadAllAccessors: .BooleanSelect

===========================================================================================
----------------- testing Sun Jul 14 22:59:18 UTC 2019 /home/travis/build/icyphy/ptII/ptolemy/actor/lib/test/auto/BooleanSelect2.xml
----------------- Instantiating /home/travis/build/icyphy/ptII/ptolemy/actor/lib/test/auto/BooleanSelect2.xml
2 ms. Memory: 276480K Free: 208173K (75%)
----------------- Invoking toplevel() on ptolemy.moml.MoMLSimpleApplication@7d7b2b37
----------------- Done invoking toplevel() on ptolemy.moml.MoMLSimpleApplication@7d7b2b37
reloadAllAccessors: .BooleanSelect2

===========================================================================================
----------------- testing Sun Jul 14 22:59:18 UTC 2019 /home/travis/build/icyphy/ptII/ptolemy/actor/lib/test/auto/BooleanSwitch.xml
----------------- Instantiating /home/travis/build/icyphy/ptII/ptolemy/actor/lib/test/auto/BooleanSwitch.xml
6 ms. Memory: 276480K Free: 201515K (73%)
----------------- Invoking toplevel() on ptolemy.moml.MoMLSimpleApplication@d67fa29
----------------- Done invoking toplevel() on ptolemy.moml.MoMLSimpleApplication@d67fa29
reloadAllAccessors: .BooleanSwitch

===========================================================================================
----------------- testing Sun Jul 14 22:59:18 UTC 2019 /home/travis/build/icyphy/ptII/ptolemy/actor/lib/test/auto/BooleanSwitch2.xml
----------------- Instantiating /home/travis/build/icyphy/ptII/ptolemy/actor/lib/test/auto/BooleanSwitch2.xml
2 ms. Memory: 276480K Free: 197419K (71%)
----------------- Invoking toplevel() on ptolemy.moml.MoMLSimpleApplication@38769955
----------------- Done invoking toplevel() on ptolemy.moml.MoMLSimpleApplication@38769955
reloadAllAccessors: .BooleanSwitch2

===========================================================================================
----------------- testing Sun Jul 14 22:59:18 UTC 2019 /home/travis/build/icyphy/ptII/ptolemy/actor/lib/test/auto/BooleanSwitchCloningBugWithClassRelationGroup.xml
----------------- Instantiating /home/travis/build/icyphy/ptII/ptolemy/actor/lib/test/auto/BooleanSwitchCloningBugWithClassRelationGroup.xml
3 ms. Memory: 276480K Free: 190765K (69%)
----------------- Invoking toplevel() on ptolemy.moml.MoMLSimpleApplication@1f13c339
----------------- Done invoking toplevel() on ptolemy.moml.MoMLSimpleApplication@1f13c339
reloadAllAccessors: .BooleanSwitchCloningBugWithClassRelationGroup

===========================================================================================
----------------- testing Sun Jul 14 22:59:18 UTC 2019 /home/travis/build/icyphy/ptII/ptolemy/actor/lib/test/auto/BusActors.xml
----------------- Instantiating /home/travis/build/icyphy/ptII/ptolemy/actor/lib/test/auto/BusActors.xml
8 ms. Memory: 276480K Free: 183083K (66%)
----------------- Invoking toplevel() on ptolemy.moml.MoMLSimpleApplication@6897b7
----------------- Done invoking toplevel() on ptolemy.moml.MoMLSimpleApplication@6897b7
reloadAllAccessors: .BusActors

===========================================================================================
----------------- testing Sun Jul 14 22:59:18 UTC 2019 /home/travis/build/icyphy/ptII/ptolemy/actor/lib/test/auto/ClassWrapper.xml
----------------- Instantiating /home/travis/build/icyphy/ptII/ptolemy/actor/lib/test/auto/ClassWrapper.xml
3 ms. Memory: 276480K Free: 178477K (65%)
----------------- Invoking toplevel() on ptolemy.moml.MoMLSimpleApplication@341c3b58
----------------- Done invoking toplevel() on ptolemy.moml.MoMLSimpleApplication@341c3b58
reloadAllAccessors: .ClassWrapper

===========================================================================================
----------------- testing Sun Jul 14 22:59:18 UTC 2019 /home/travis/build/icyphy/ptII/ptolemy/actor/lib/test/auto/Clock.xml
----------------- Instantiating /home/travis/build/icyphy/ptII/ptolemy/actor/lib/test/auto/Clock.xml
4 ms. Memory: 276480K Free: 174891K (63%)
----------------- Invoking toplevel() on ptolemy.moml.MoMLSimpleApplication@77bba9e3
----------------- Done invoking toplevel() on ptolemy.moml.MoMLSimpleApplication@77bba9e3
reloadAllAccessors: .Clock

===========================================================================================
----------------- testing Sun Jul 14 22:59:18 UTC 2019 /home/travis/build/icyphy/ptII/ptolemy/actor/lib/test/auto/Clock10.xml
----------------- Instantiating /home/travis/build/icyphy/ptII/ptolemy/actor/lib/test/auto/Clock10.xml
5 ms. Memory: 276480K Free: 168747K (61%)
----------------- Invoking toplevel() on ptolemy.moml.MoMLSimpleApplication@76e8685d
----------------- Done invoking toplevel() on ptolemy.moml.MoMLSimpleApplication@76e8685d
reloadAllAccessors: .Clock10

===========================================================================================
----------------- testing Sun Jul 14 22:59:18 UTC 2019 /home/travis/build/icyphy/ptII/ptolemy/actor/lib/test/auto/Clock11.xml
----------------- Instantiating /home/travis/build/icyphy/ptII/ptolemy/actor/lib/test/auto/Clock11.xml
5 ms. Memory: 276480K Free: 163117K (59%)
----------------- Invoking toplevel() on ptolemy.moml.MoMLSimpleApplication@775f8304
----------------- Done invoking toplevel() on ptolemy.moml.MoMLSimpleApplication@775f8304
reloadAllAccessors: .Clock11

===========================================================================================
----------------- testing Sun Jul 14 22:59:18 UTC 2019 /home/travis/build/icyphy/ptII/ptolemy/actor/lib/test/auto/Clock12.xml
----------------- Instantiating /home/travis/build/icyphy/ptII/ptolemy/actor/lib/test/auto/Clock12.xml
5 ms. Memory: 276480K Free: 156973K (57%)
----------------- Invoking toplevel() on ptolemy.moml.MoMLSimpleApplication@32fbfe3a
----------------- Done invoking toplevel() on ptolemy.moml.MoMLSimpleApplication@32fbfe3a
reloadAllAccessors: .Clock12

===========================================================================================
----------------- testing Sun Jul 14 22:59:18 UTC 2019 /home/travis/build/icyphy/ptII/ptolemy/actor/lib/test/auto/Clock13.xml
----------------- Instantiating /home/travis/build/icyphy/ptII/ptolemy/actor/lib/test/auto/Clock13.xml
10 ms. Memory: 276480K Free: 150829K (55%)
----------------- Invoking toplevel() on ptolemy.moml.MoMLSimpleApplication@4bbdde01
----------------- Done invoking toplevel() on ptolemy.moml.MoMLSimpleApplication@4bbdde01
reloadAllAccessors: .Clock13

===========================================================================================
----------------- testing Sun Jul 14 22:59:18 UTC 2019 /home/travis/build/icyphy/ptII/ptolemy/actor/lib/test/auto/Clock14.xml
----------------- Instantiating /home/travis/build/icyphy/ptII/ptolemy/actor/lib/test/auto/Clock14.xml
6 ms. Memory: 276480K Free: 145165K (53%)
----------------- Invoking toplevel() on ptolemy.moml.MoMLSimpleApplication@27906a0f
----------------- Done invoking toplevel() on ptolemy.moml.MoMLSimpleApplication@27906a0f
reloadAllAccessors: .Clock14

===========================================================================================
----------------- testing Sun Jul 14 22:59:18 UTC 2019 /home/travis/build/icyphy/ptII/ptolemy/actor/lib/test/auto/Clock15.xml
----------------- Instantiating /home/travis/build/icyphy/ptII/ptolemy/actor/lib/test/auto/Clock15.xml
4 ms. Memory: 276480K Free: 139021K (50%)
----------------- Invoking toplevel() on ptolemy.moml.MoMLSimpleApplication@343c6381
----------------- Done invoking toplevel() on ptolemy.moml.MoMLSimpleApplication@343c6381
reloadAllAccessors: .Clock15

===========================================================================================
----------------- testing Sun Jul 14 22:59:19 UTC 2019 /home/travis/build/icyphy/ptII/ptolemy/actor/lib/test/auto/Clock16.xml
----------------- Instantiating /home/travis/build/icyphy/ptII/ptolemy/actor/lib/test/auto/Clock16.xml
38 ms. Memory: 276480K Free: 124709K (45%)
----------------- Invoking toplevel() on ptolemy.moml.MoMLSimpleApplication@234b67c1
----------------- Done invoking toplevel() on ptolemy.moml.MoMLSimpleApplication@234b67c1
reloadAllAccessors: .Clock16

===========================================================================================
----------------- testing Sun Jul 14 22:59:19 UTC 2019 /home/travis/build/icyphy/ptII/ptolemy/actor/lib/test/auto/Clock17.xml
----------------- Instantiating /home/travis/build/icyphy/ptII/ptolemy/actor/lib/test/auto/Clock17.xml
27 ms. Memory: 276480K Free: 110893K (40%)
----------------- Invoking toplevel() on ptolemy.moml.MoMLSimpleApplication@46e3c7af
----------------- Done invoking toplevel() on ptolemy.moml.MoMLSimpleApplication@46e3c7af
reloadAllAccessors: .Clock17

===========================================================================================
----------------- testing Sun Jul 14 22:59:19 UTC 2019 /home/travis/build/icyphy/ptII/ptolemy/actor/lib/test/auto/Clock18.xml
----------------- Instantiating /home/travis/build/icyphy/ptII/ptolemy/actor/lib/test/auto/Clock18.xml
27 ms. Memory: 276480K Free: 98091K (35%)
----------------- Invoking toplevel() on ptolemy.moml.MoMLSimpleApplication@6313779f
----------------- Done invoking toplevel() on ptolemy.moml.MoMLSimpleApplication@6313779f
reloadAllAccessors: .Clock18

===========================================================================================
----------------- testing Sun Jul 14 22:59:19 UTC 2019 /home/travis/build/icyphy/ptII/ptolemy/actor/lib/test/auto/Clock19.xml
----------------- Instantiating /home/travis/build/icyphy/ptII/ptolemy/actor/lib/test/auto/Clock19.xml
15 ms. Memory: 276480K Free: 84773K (31%)
----------------- Invoking toplevel() on ptolemy.moml.MoMLSimpleApplication@59167910
----------------- Done invoking toplevel() on ptolemy.moml.MoMLSimpleApplication@59167910
reloadAllAccessors: .Clock19

===========================================================================================
----------------- testing Sun Jul 14 22:59:19 UTC 2019 /home/travis/build/icyphy/ptII/ptolemy/actor/lib/test/auto/Clock2.xml
----------------- Instantiating /home/travis/build/icyphy/ptII/ptolemy/actor/lib/test/auto/Clock2.xml
6 ms. Memory: 276480K Free: 79629K (29%)
----------------- Invoking toplevel() on ptolemy.moml.MoMLSimpleApplication@4abd2bf
----------------- Done invoking toplevel() on ptolemy.moml.MoMLSimpleApplication@4abd2bf
reloadAllAccessors: .Clock2

===========================================================================================
----------------- testing Sun Jul 14 22:59:19 UTC 2019 /home/travis/build/icyphy/ptII/ptolemy/actor/lib/test/auto/Clock20.xml
----------------- Instantiating /home/travis/build/icyphy/ptII/ptolemy/actor/lib/test/auto/Clock20.xml
10 ms. Memory: 276480K Free: 74539K (27%)
----------------- Invoking toplevel() on ptolemy.moml.MoMLSimpleApplication@48abcebb
----------------- Done invoking toplevel() on ptolemy.moml.MoMLSimpleApplication@48abcebb
reloadAllAccessors: .Clock20

===========================================================================================
----------------- testing Sun Jul 14 22:59:19 UTC 2019 /home/travis/build/icyphy/ptII/ptolemy/actor/lib/test/auto/Clock21.xml
----------------- Instantiating /home/travis/build/icyphy/ptII/ptolemy/actor/lib/test/auto/Clock21.xml
3 ms. Memory: 276480K Free: 68909K (25%)
----------------- Invoking toplevel() on ptolemy.moml.MoMLSimpleApplication@3b775372
----------------- Done invoking toplevel() on ptolemy.moml.MoMLSimpleApplication@3b775372
reloadAllAccessors: .Clock21

===========================================================================================
----------------- testing Sun Jul 14 22:59:19 UTC 2019 /home/travis/build/icyphy/ptII/ptolemy/actor/lib/test/auto/Clock22.xml
----------------- Instantiating /home/travis/build/icyphy/ptII/ptolemy/actor/lib/test/auto/Clock22.xml
12 ms. Memory: 276480K Free: 228324K (83%)
----------------- Invoking toplevel() on ptolemy.moml.MoMLSimpleApplication@4c7cd5e7
----------------- Done invoking toplevel() on ptolemy.moml.MoMLSimpleApplication@4c7cd5e7
reloadAllAccessors: .Clock22

===========================================================================================
----------------- testing Sun Jul 14 22:59:19 UTC 2019 /home/travis/build/icyphy/ptII/ptolemy/actor/lib/test/auto/Clock23.xml
----------------- Instantiating /home/travis/build/icyphy/ptII/ptolemy/actor/lib/test/auto/Clock23.xml
4 ms. Memory: 276480K Free: 222685K (81%)
----------------- Invoking toplevel() on ptolemy.moml.MoMLSimpleApplication@38003d9f
----------------- Done invoking toplevel() on ptolemy.moml.MoMLSimpleApplication@38003d9f
reloadAllAccessors: .Clock23

===========================================================================================
----------------- testing Sun Jul 14 22:59:19 UTC 2019 /home/travis/build/icyphy/ptII/ptolemy/actor/lib/test/auto/Clock24.xml
----------------- Instantiating /home/travis/build/icyphy/ptII/ptolemy/actor/lib/test/auto/Clock24.xml
3 ms. Memory: 276480K Free: 217055K (79%)
----------------- Invoking toplevel() on ptolemy.moml.MoMLSimpleApplication@14aa3fa1
----------------- Done invoking toplevel() on ptolemy.moml.MoMLSimpleApplication@14aa3fa1
reloadAllAccessors: .Clock24

===========================================================================================
----------------- testing Sun Jul 14 22:59:19 UTC 2019 /home/travis/build/icyphy/ptII/ptolemy/actor/lib/test/auto/Clock4.xml
----------------- Instantiating /home/travis/build/icyphy/ptII/ptolemy/actor/lib/test/auto/Clock4.xml
2 ms. Memory: 276480K Free: 212415K (77%)
----------------- Invoking toplevel() on ptolemy.moml.MoMLSimpleApplication@85e51c6
----------------- Done invoking toplevel() on ptolemy.moml.MoMLSimpleApplication@85e51c6
reloadAllAccessors: .Clock4

===========================================================================================
----------------- testing Sun Jul 14 22:59:19 UTC 2019 /home/travis/build/icyphy/ptII/ptolemy/actor/lib/test/auto/Clock5.xml
----------------- Instantiating /home/travis/build/icyphy/ptII/ptolemy/actor/lib/test/auto/Clock5.xml
1 ms. Memory: 276480K Free: 206815K (75%)
----------------- Invoking toplevel() on ptolemy.moml.MoMLSimpleApplication@2c6eb95
----------------- Done invoking toplevel() on ptolemy.moml.MoMLSimpleApplication@2c6eb95
reloadAllAccessors: .Clock5

===========================================================================================
----------------- testing Sun Jul 14 22:59:19 UTC 2019 /home/travis/build/icyphy/ptII/ptolemy/actor/lib/test/auto/Clock6.xml
----------------- Instantiating /home/travis/build/icyphy/ptII/ptolemy/actor/lib/test/auto/Clock6.xml
4 ms. Memory: 276480K Free: 202719K (73%)
----------------- Invoking toplevel() on ptolemy.moml.MoMLSimpleApplication@6a7114f9
----------------- Done invoking toplevel() on ptolemy.moml.MoMLSimpleApplication@6a7114f9
reloadAllAccessors: .Clock6

===========================================================================================
----------------- testing Sun Jul 14 22:59:19 UTC 2019 /home/travis/build/icyphy/ptII/ptolemy/actor/lib/test/auto/Clock7.xml
----------------- Instantiating /home/travis/build/icyphy/ptII/ptolemy/actor/lib/test/auto/Clock7.xml
1 ms. Memory: 276480K Free: 198109K (72%)
----------------- Invoking toplevel() on ptolemy.moml.MoMLSimpleApplication@4afc0b9e
----------------- Done invoking toplevel() on ptolemy.moml.MoMLSimpleApplication@4afc0b9e
reloadAllAccessors: .Clock7

===========================================================================================
----------------- testing Sun Jul 14 22:59:19 UTC 2019 /home/travis/build/icyphy/ptII/ptolemy/actor/lib/test/auto/Clock8.xml
----------------- Instantiating /home/travis/build/icyphy/ptII/ptolemy/actor/lib/test/auto/Clock8.xml
2 ms. Memory: 276480K Free: 192479K (70%)
----------------- Invoking toplevel() on ptolemy.moml.MoMLSimpleApplication@31cb44ba
----------------- Done invoking toplevel() on ptolemy.moml.MoMLSimpleApplication@31cb44ba
reloadAllAccessors: .Clock8

===========================================================================================
----------------- testing Sun Jul 14 22:59:19 UTC 2019 /home/travis/build/icyphy/ptII/ptolemy/actor/lib/test/auto/Clock9.xml
----------------- Instantiating /home/travis/build/icyphy/ptII/ptolemy/actor/lib/test/auto/Clock9.xml
3 ms. Memory: 276480K Free: 187359K (68%)
----------------- Invoking toplevel() on ptolemy.moml.MoMLSimpleApplication@ee64666
----------------- Done invoking toplevel() on ptolemy.moml.MoMLSimpleApplication@ee64666
reloadAllAccessors: .Clock9

===========================================================================================
----------------- testing Sun Jul 14 22:59:19 UTC 2019 /home/travis/build/icyphy/ptII/ptolemy/actor/lib/test/auto/CommDistDiscard.xml
----------------- Instantiating /home/travis/build/icyphy/ptII/ptolemy/actor/lib/test/auto/CommDistDiscard.xml
3 ms. Memory: 276480K Free: 181725K (66%)
----------------- Invoking toplevel() on ptolemy.moml.MoMLSimpleApplication@600f2b03
----------------- Done invoking toplevel() on ptolemy.moml.MoMLSimpleApplication@600f2b03
reloadAllAccessors: .CommDistDiscard

===========================================================================================
----------------- testing Sun Jul 14 22:59:19 UTC 2019 /home/travis/build/icyphy/ptII/ptolemy/actor/lib/test/auto/Commutator.xml
----------------- Instantiating /home/travis/build/icyphy/ptII/ptolemy/actor/lib/test/auto/Commutator.xml
4 ms. Memory: 276480K Free: 177629K (64%)
----------------- Invoking toplevel() on ptolemy.moml.MoMLSimpleApplication@2f5389bc
----------------- Done invoking toplevel() on ptolemy.moml.MoMLSimpleApplication@2f5389bc
reloadAllAccessors: .Commutator

===========================================================================================
----------------- testing Sun Jul 14 22:59:19 UTC 2019 /home/travis/build/icyphy/ptII/ptolemy/actor/lib/test/auto/Commutator2.xml
----------------- Instantiating /home/travis/build/icyphy/ptII/ptolemy/actor/lib/test/auto/Commutator2.xml
1 ms. Memory: 276480K Free: 173023K (63%)
----------------- Invoking toplevel() on ptolemy.moml.MoMLSimpleApplication@34a69eef
----------------- Done invoking toplevel() on ptolemy.moml.MoMLSimpleApplication@34a69eef
reloadAllAccessors: .Commutator2

===========================================================================================
----------------- testing Sun Jul 14 22:59:19 UTC 2019 /home/travis/build/icyphy/ptII/ptolemy/actor/lib/test/auto/Commutator3.xml
----------------- Instantiating /home/travis/build/icyphy/ptII/ptolemy/actor/lib/test/auto/Commutator3.xml
2 ms. Memory: 276480K Free: 168413K (61%)
----------------- Invoking toplevel() on ptolemy.moml.MoMLSimpleApplication@27dd79eb
----------------- Done invoking toplevel() on ptolemy.moml.MoMLSimpleApplication@27dd79eb
reloadAllAccessors: .Commutator3

===========================================================================================
----------------- testing Sun Jul 14 22:59:19 UTC 2019 /home/travis/build/icyphy/ptII/ptolemy/actor/lib/test/auto/Compare.xml
----------------- Instantiating /home/travis/build/icyphy/ptII/ptolemy/actor/lib/test/auto/Compare.xml
2 ms. Memory: 276480K Free: 162269K (59%)
----------------- Invoking toplevel() on ptolemy.moml.MoMLSimpleApplication@72f36198
----------------- Done invoking toplevel() on ptolemy.moml.MoMLSimpleApplication@72f36198
reloadAllAccessors: .Compare

===========================================================================================
----------------- testing Sun Jul 14 22:59:19 UTC 2019 /home/travis/build/icyphy/ptII/ptolemy/actor/lib/test/auto/CompareDE.xml
----------------- Instantiating /home/travis/build/icyphy/ptII/ptolemy/actor/lib/test/auto/CompareDE.xml
4 ms. Memory: 276480K Free: 155087K (56%)
----------------- Invoking toplevel() on ptolemy.moml.MoMLSimpleApplication@7e2368d0
----------------- Done invoking toplevel() on ptolemy.moml.MoMLSimpleApplication@7e2368d0
reloadAllAccessors: .CompareDE

===========================================================================================
----------------- testing Sun Jul 14 22:59:19 UTC 2019 /home/travis/build/icyphy/ptII/ptolemy/actor/lib/test/auto/ComplexDivide.xml
----------------- Instantiating /home/travis/build/icyphy/ptII/ptolemy/actor/lib/test/auto/ComplexDivide.xml
1 ms. Memory: 276480K Free: 151519K (55%)
----------------- Invoking toplevel() on ptolemy.moml.MoMLSimpleApplication@57723c87
----------------- Done invoking toplevel() on ptolemy.moml.MoMLSimpleApplication@57723c87
reloadAllAccessors: .ComplexDivide

===========================================================================================
----------------- testing Sun Jul 14 22:59:19 UTC 2019 /home/travis/build/icyphy/ptII/ptolemy/actor/lib/test/auto/ComputeHistogram.xml
----------------- Instantiating /home/travis/build/icyphy/ptII/ptolemy/actor/lib/test/auto/ComputeHistogram.xml
36 ms. Memory: 276480K Free: 138717K (50%)
----------------- Invoking toplevel() on ptolemy.moml.MoMLSimpleApplication@2b20c2ff
----------------- Done invoking toplevel() on ptolemy.moml.MoMLSimpleApplication@2b20c2ff
reloadAllAccessors: .ComputeHistogram

===========================================================================================
----------------- testing Sun Jul 14 22:59:19 UTC 2019 /home/travis/build/icyphy/ptII/ptolemy/actor/lib/test/auto/ConfigurationSelect.xml
----------------- Instantiating /home/travis/build/icyphy/ptII/ptolemy/actor/lib/test/auto/ConfigurationSelect.xml
10 ms. Memory: 276480K Free: 133087K (48%)
----------------- Invoking toplevel() on ptolemy.moml.MoMLSimpleApplication@37620e03
----------------- Done invoking toplevel() on ptolemy.moml.MoMLSimpleApplication@37620e03
reloadAllAccessors: .ConfigurationSelect

===========================================================================================
----------------- testing Sun Jul 14 22:59:19 UTC 2019 /home/travis/build/icyphy/ptII/ptolemy/actor/lib/test/auto/ConfigurationSelect2.xml
----------------- Instantiating /home/travis/build/icyphy/ptII/ptolemy/actor/lib/test/auto/ConfigurationSelect2.xml
2 ms. Memory: 276480K Free: 128991K (47%)
----------------- Invoking toplevel() on ptolemy.moml.MoMLSimpleApplication@276a1dcc
----------------- Done invoking toplevel() on ptolemy.moml.MoMLSimpleApplication@276a1dcc
reloadAllAccessors: .ConfigurationSelect2

===========================================================================================
----------------- testing Sun Jul 14 22:59:19 UTC 2019 /home/travis/build/icyphy/ptII/ptolemy/actor/lib/test/auto/ConfigurationSwitch.xml
----------------- Instantiating /home/travis/build/icyphy/ptII/ptolemy/actor/lib/test/auto/ConfigurationSwitch.xml
2 ms. Memory: 276480K Free: 123357K (45%)
----------------- Invoking toplevel() on ptolemy.moml.MoMLSimpleApplication@4d194371
----------------- Done invoking toplevel() on ptolemy.moml.MoMLSimpleApplication@4d194371
reloadAllAccessors: .ConfigurationSwitch

===========================================================================================
----------------- testing Sun Jul 14 22:59:19 UTC 2019 /home/travis/build/icyphy/ptII/ptolemy/actor/lib/test/auto/ConfigurationSwitch2.xml
----------------- Instantiating /home/travis/build/icyphy/ptII/ptolemy/actor/lib/test/auto/ConfigurationSwitch2.xml
4 ms. Memory: 276480K Free: 117727K (43%)
----------------- Invoking toplevel() on ptolemy.moml.MoMLSimpleApplication@6728848b
----------------- Done invoking toplevel() on ptolemy.moml.MoMLSimpleApplication@6728848b
reloadAllAccessors: .ConfigurationSwitch2

===========================================================================================
----------------- testing Sun Jul 14 22:59:19 UTC 2019 /home/travis/build/icyphy/ptII/ptolemy/actor/lib/test/auto/ConfigurationSwitchCloningBugWithClassRelationGroup.xml
----------------- Instantiating /home/travis/build/icyphy/ptII/ptolemy/actor/lib/test/auto/ConfigurationSwitchCloningBugWithClassRelationGroup.xml
1 ms. Memory: 276480K Free: 111583K (40%)
----------------- Invoking toplevel() on ptolemy.moml.MoMLSimpleApplication@30bb1659
----------------- Done invoking toplevel() on ptolemy.moml.MoMLSimpleApplication@30bb1659
reloadAllAccessors: .ConfigurationSwitchCloningBugWithClassRelationGroup

===========================================================================================
----------------- testing Sun Jul 14 22:59:19 UTC 2019 /home/travis/build/icyphy/ptII/ptolemy/actor/lib/test/auto/ConfigurationSwitchSelectSDF.xml
----------------- Instantiating /home/travis/build/icyphy/ptII/ptolemy/actor/lib/test/auto/ConfigurationSwitchSelectSDF.xml
3 ms. Memory: 276480K Free: 105949K (38%)
----------------- Invoking toplevel() on ptolemy.moml.MoMLSimpleApplication@d261c14
----------------- Done invoking toplevel() on ptolemy.moml.MoMLSimpleApplication@d261c14
reloadAllAccessors: .ConfigurationSwitchSelectSDF

===========================================================================================
----------------- testing Sun Jul 14 22:59:19 UTC 2019 /home/travis/build/icyphy/ptII/ptolemy/actor/lib/test/auto/ConfigurationSwitchSelectSDF2.xml
----------------- Instantiating /home/travis/build/icyphy/ptII/ptolemy/actor/lib/test/auto/ConfigurationSwitchSelectSDF2.xml
4 ms. Memory: 276480K Free: 100829K (36%)
----------------- Invoking toplevel() on ptolemy.moml.MoMLSimpleApplication@376a3b6d
----------------- Done invoking toplevel() on ptolemy.moml.MoMLSimpleApplication@376a3b6d
reloadAllAccessors: .ConfigurationSwitchSelectSDF2

===========================================================================================
----------------- testing Sun Jul 14 22:59:19 UTC 2019 /home/travis/build/icyphy/ptII/ptolemy/actor/lib/test/auto/Const.xml
----------------- Instantiating /home/travis/build/icyphy/ptII/ptolemy/actor/lib/test/auto/Const.xml
2 ms. Memory: 276480K Free: 97247K (35%)
----------------- Invoking toplevel() on ptolemy.moml.MoMLSimpleApplication@31c53f38
----------------- Done invoking toplevel() on ptolemy.moml.MoMLSimpleApplication@31c53f38
reloadAllAccessors: .Const

===========================================================================================
----------------- testing Sun Jul 14 22:59:20 UTC 2019 /home/travis/build/icyphy/ptII/ptolemy/actor/lib/test/auto/Const2.xml
----------------- Instantiating /home/travis/build/icyphy/ptII/ptolemy/actor/lib/test/auto/Const2.xml
1 ms. Memory: 276480K Free: 93151K (34%)
----------------- Invoking toplevel() on ptolemy.moml.MoMLSimpleApplication@2962d43e
----------------- Done invoking toplevel() on ptolemy.moml.MoMLSimpleApplication@2962d43e
reloadAllAccessors: .Const2

===========================================================================================
----------------- testing Sun Jul 14 22:59:20 UTC 2019 /home/travis/build/icyphy/ptII/ptolemy/actor/lib/test/auto/Const3.xml
----------------- Instantiating /home/travis/build/icyphy/ptII/ptolemy/actor/lib/test/auto/Const3.xml
1 ms. Memory: 276480K Free: 90589K (33%)
----------------- Invoking toplevel() on ptolemy.moml.MoMLSimpleApplication@6370670f
----------------- Done invoking toplevel() on ptolemy.moml.MoMLSimpleApplication@6370670f
reloadAllAccessors: .Const3

===========================================================================================
----------------- testing Sun Jul 14 22:59:20 UTC 2019 /home/travis/build/icyphy/ptII/ptolemy/actor/lib/test/auto/ConstantPublisherPort1.xml
----------------- Instantiating /home/travis/build/icyphy/ptII/ptolemy/actor/lib/test/auto/ConstantPublisherPort1.xml
6 ms. Memory: 276480K Free: 81887K (30%)
----------------- Invoking toplevel() on ptolemy.moml.MoMLSimpleApplication@3ca87f12
----------------- Done invoking toplevel() on ptolemy.moml.MoMLSimpleApplication@3ca87f12
reloadAllAccessors: .ConstantPublisherPort1

===========================================================================================
----------------- testing Sun Jul 14 22:59:20 UTC 2019 /home/travis/build/icyphy/ptII/ptolemy/actor/lib/test/auto/ConstantPublisherPort2.xml
----------------- Instantiating /home/travis/build/icyphy/ptII/ptolemy/actor/lib/test/auto/ConstantPublisherPort2.xml
4 ms. Memory: 276480K Free: 74205K (27%)
----------------- Invoking toplevel() on ptolemy.moml.MoMLSimpleApplication@4bf00c99
----------------- Done invoking toplevel() on ptolemy.moml.MoMLSimpleApplication@4bf00c99
reloadAllAccessors: .ConstantPublisherPort2

===========================================================================================
----------------- testing Sun Jul 14 22:59:20 UTC 2019 /home/travis/build/icyphy/ptII/ptolemy/actor/lib/test/auto/ConstantPublisherPort3.xml
----------------- Instantiating /home/travis/build/icyphy/ptII/ptolemy/actor/lib/test/auto/ConstantPublisherPort3.xml
4 ms. Memory: 276480K Free: 67037K (24%)
----------------- Invoking toplevel() on ptolemy.moml.MoMLSimpleApplication@7793fce5
----------------- Done invoking toplevel() on ptolemy.moml.MoMLSimpleApplication@7793fce5
reloadAllAccessors: .ConstantPublisherPort3

===========================================================================================
----------------- testing Sun Jul 14 22:59:20 UTC 2019 /home/travis/build/icyphy/ptII/ptolemy/actor/lib/test/auto/ConstantPublisherPort4.xml
----------------- Instantiating /home/travis/build/icyphy/ptII/ptolemy/actor/lib/test/auto/ConstantPublisherPort4.xml
3 ms. Memory: 491520K Free: 438694K (89%)
----------------- Invoking toplevel() on ptolemy.moml.MoMLSimpleApplication@356e627e
----------------- Done invoking toplevel() on ptolemy.moml.MoMLSimpleApplication@356e627e
reloadAllAccessors: .ConstantPublisherPort4

===========================================================================================
----------------- testing Sun Jul 14 22:59:20 UTC 2019 /home/travis/build/icyphy/ptII/ptolemy/actor/lib/test/auto/ConstantPublisherPort5.xml
----------------- Instantiating /home/travis/build/icyphy/ptII/ptolemy/actor/lib/test/auto/ConstantPublisherPort5.xml
36 ms. Memory: 491520K Free: 428982K (87%)
----------------- Invoking toplevel() on ptolemy.moml.MoMLSimpleApplication@1153900d
----------------- Done invoking toplevel() on ptolemy.moml.MoMLSimpleApplication@1153900d
reloadAllAccessors: .ConstantPublisherPort5

===========================================================================================
----------------- testing Sun Jul 14 22:59:20 UTC 2019 /home/travis/build/icyphy/ptII/ptolemy/actor/lib/test/auto/ConstantPublisherPort6.xml
----------------- Instantiating /home/travis/build/icyphy/ptII/ptolemy/actor/lib/test/auto/ConstantPublisherPort6.xml
20 ms. Memory: 491520K Free: 419252K (85%)
----------------- Invoking toplevel() on ptolemy.moml.MoMLSimpleApplication@418dbfa7
----------------- Done invoking toplevel() on ptolemy.moml.MoMLSimpleApplication@418dbfa7
reloadAllAccessors: .ConstantPublisherPort6

===========================================================================================
----------------- testing Sun Jul 14 22:59:20 UTC 2019 /home/travis/build/icyphy/ptII/ptolemy/actor/lib/test/auto/ConstantPublisherPort7.xml
----------------- Instantiating /home/travis/build/icyphy/ptII/ptolemy/actor/lib/test/auto/ConstantPublisherPort7.xml
18 ms. Memory: 491520K Free: 410036K (83%)
----------------- Invoking toplevel() on ptolemy.moml.MoMLSimpleApplication@347d586f
----------------- Done invoking toplevel() on ptolemy.moml.MoMLSimpleApplication@347d586f
reloadAllAccessors: .ConstantPublisherPort7

===========================================================================================
----------------- testing Sun Jul 14 22:59:20 UTC 2019 /home/travis/build/icyphy/ptII/ptolemy/actor/lib/test/auto/ConstraintMonitor1.xml
----------------- Instantiating /home/travis/build/icyphy/ptII/ptolemy/actor/lib/test/auto/ConstraintMonitor1.xml
7 ms. Memory: 491520K Free: 404916K (82%)
----------------- Invoking toplevel() on ptolemy.moml.MoMLSimpleApplication@6483d0c9
----------------- Done invoking toplevel() on ptolemy.moml.MoMLSimpleApplication@6483d0c9
reloadAllAccessors: .ConstraintMonitor1

===========================================================================================
----------------- testing Sun Jul 14 22:59:20 UTC 2019 /home/travis/build/icyphy/ptII/ptolemy/actor/lib/test/auto/ConstraintMonitor2.xml
----------------- Instantiating /home/travis/build/icyphy/ptII/ptolemy/actor/lib/test/auto/ConstraintMonitor2.xml
4 ms. Memory: 491520K Free: 400310K (81%)
----------------- Invoking toplevel() on ptolemy.moml.MoMLSimpleApplication@73c20f33
----------------- Done invoking toplevel() on ptolemy.moml.MoMLSimpleApplication@73c20f33
reloadAllAccessors: .ConstraintMonitor2

===========================================================================================
----------------- testing Sun Jul 14 22:59:20 UTC 2019 /home/travis/build/icyphy/ptII/ptolemy/actor/lib/test/auto/ConstraintMonitor3.xml
----------------- Instantiating /home/travis/build/icyphy/ptII/ptolemy/actor/lib/test/auto/ConstraintMonitor3.xml
6 ms. Memory: 491520K Free: 395700K (81%)
----------------- Invoking toplevel() on ptolemy.moml.MoMLSimpleApplication@57a14f4f
----------------- Done invoking toplevel() on ptolemy.moml.MoMLSimpleApplication@57a14f4f
reloadAllAccessors: .ConstraintMonitor3

===========================================================================================
----------------- testing Sun Jul 14 22:59:20 UTC 2019 /home/travis/build/icyphy/ptII/ptolemy/actor/lib/test/auto/ConstraintMonitor4.xml
----------------- Instantiating /home/travis/build/icyphy/ptII/ptolemy/actor/lib/test/auto/ConstraintMonitor4.xml
5 ms. Memory: 491520K Free: 391094K (80%)
----------------- Invoking toplevel() on ptolemy.moml.MoMLSimpleApplication@351a8423
----------------- Done invoking toplevel() on ptolemy.moml.MoMLSimpleApplication@351a8423
reloadAllAccessors: .ConstraintMonitor4

===========================================================================================
----------------- testing Sun Jul 14 22:59:20 UTC 2019 /home/travis/build/icyphy/ptII/ptolemy/actor/lib/test/auto/ConstraintMonitor5.xml
----------------- Instantiating /home/travis/build/icyphy/ptII/ptolemy/actor/lib/test/auto/ConstraintMonitor5.xml
2 ms. Memory: 491520K Free: 385974K (79%)
----------------- Invoking toplevel() on ptolemy.moml.MoMLSimpleApplication@61b2c83
----------------- Done invoking toplevel() on ptolemy.moml.MoMLSimpleApplication@61b2c83
reloadAllAccessors: .ConstraintMonitor5

===========================================================================================
----------------- testing Sun Jul 14 22:59:20 UTC 2019 /home/travis/build/icyphy/ptII/ptolemy/actor/lib/test/auto/ConstraintMonitor6.xml
----------------- Instantiating /home/travis/build/icyphy/ptII/ptolemy/actor/lib/test/auto/ConstraintMonitor6.xml
6 ms. Memory: 491520K Free: 379830K (77%)
----------------- Invoking toplevel() on ptolemy.moml.MoMLSimpleApplication@401d25a6
----------------- Done invoking toplevel() on ptolemy.moml.MoMLSimpleApplication@401d25a6
reloadAllAccessors: .ConstraintMonitor6

===========================================================================================
----------------- testing Sun Jul 14 22:59:20 UTC 2019 /home/travis/build/icyphy/ptII/ptolemy/actor/lib/test/auto/ConstraintMonitor7.xml
----------------- Instantiating /home/travis/build/icyphy/ptII/ptolemy/actor/lib/test/auto/ConstraintMonitor7.xml
6 ms. Memory: 491520K Free: 373686K (76%)
----------------- Invoking toplevel() on ptolemy.moml.MoMLSimpleApplication@13e47d03
----------------- Done invoking toplevel() on ptolemy.moml.MoMLSimpleApplication@13e47d03
reloadAllAccessors: .ConstraintMonitor7

===========================================================================================
----------------- testing Sun Jul 14 22:59:20 UTC 2019 /home/travis/build/icyphy/ptII/ptolemy/actor/lib/test/auto/ConstraintMonitor8.xml
----------------- Instantiating /home/travis/build/icyphy/ptII/ptolemy/actor/lib/test/auto/ConstraintMonitor8.xml
14 ms. Memory: 491520K Free: 366004K (74%)
----------------- Invoking toplevel() on ptolemy.moml.MoMLSimpleApplication@30dabbc9
----------------- Done invoking toplevel() on ptolemy.moml.MoMLSimpleApplication@30dabbc9
reloadAllAccessors: .ConstraintMonitor8

===========================================================================================
----------------- testing Sun Jul 14 22:59:20 UTC 2019 /home/travis/build/icyphy/ptII/ptolemy/actor/lib/test/auto/Counter.xml
----------------- Instantiating /home/travis/build/icyphy/ptII/ptolemy/actor/lib/test/auto/Counter.xml
3 ms. Memory: 491520K Free: 360884K (73%)
----------------- Invoking toplevel() on ptolemy.moml.MoMLSimpleApplication@7c68d96c
----------------- Done invoking toplevel() on ptolemy.moml.MoMLSimpleApplication@7c68d96c
reloadAllAccessors: .Counter

===========================================================================================
----------------- testing Sun Jul 14 22:59:20 UTC 2019 /home/travis/build/icyphy/ptII/ptolemy/actor/lib/test/auto/CurrentTimeSDF.xml
----------------- Instantiating /home/travis/build/icyphy/ptII/ptolemy/actor/lib/test/auto/CurrentTimeSDF.xml
1 ms. Memory: 491520K Free: 357302K (73%)
----------------- Invoking toplevel() on ptolemy.moml.MoMLSimpleApplication@242bb6bf
----------------- Done invoking toplevel() on ptolemy.moml.MoMLSimpleApplication@242bb6bf
reloadAllAccessors: .CurrentTimeSDF

===========================================================================================
----------------- testing Sun Jul 14 22:59:20 UTC 2019 /home/travis/build/icyphy/ptII/ptolemy/actor/lib/test/auto/DB.xml
----------------- Instantiating /home/travis/build/icyphy/ptII/ptolemy/actor/lib/test/auto/DB.xml
3 ms. Memory: 491520K Free: 351668K (72%)
----------------- Invoking toplevel() on ptolemy.moml.MoMLSimpleApplication@3ba751ae
----------------- Done invoking toplevel() on ptolemy.moml.MoMLSimpleApplication@3ba751ae
reloadAllAccessors: .DB

===========================================================================================
----------------- testing Sun Jul 14 22:59:20 UTC 2019 /home/travis/build/icyphy/ptII/ptolemy/actor/lib/test/auto/DBDE.xml
----------------- Instantiating /home/travis/build/icyphy/ptII/ptolemy/actor/lib/test/auto/DBDE.xml
3 ms. Memory: 491520K Free: 345494K (70%)
----------------- Invoking toplevel() on ptolemy.moml.MoMLSimpleApplication@544f14f4
----------------- Done invoking toplevel() on ptolemy.moml.MoMLSimpleApplication@544f14f4
reloadAllAccessors: .DBDE

===========================================================================================
----------------- testing Sun Jul 14 22:59:20 UTC 2019 /home/travis/build/icyphy/ptII/ptolemy/actor/lib/test/auto/DateConstructor.xml
----------------- Instantiating /home/travis/build/icyphy/ptII/ptolemy/actor/lib/test/auto/DateConstructor.xml
48 ms. Memory: 491520K Free: 328116K (67%)
----------------- Invoking toplevel() on ptolemy.moml.MoMLSimpleApplication@2faf4926
----------------- Done invoking toplevel() on ptolemy.moml.MoMLSimpleApplication@2faf4926
reloadAllAccessors: .DateConstructor

===========================================================================================
----------------- testing Sun Jul 14 22:59:20 UTC 2019 /home/travis/build/icyphy/ptII/ptolemy/actor/lib/test/auto/DelayTime.xml
----------------- Instantiating /home/travis/build/icyphy/ptII/ptolemy/actor/lib/test/auto/DelayTime.xml
4 ms. Memory: 491520K Free: 322996K (66%)
----------------- Invoking toplevel() on ptolemy.moml.MoMLSimpleApplication@6b2230e9
----------------- Done invoking toplevel() on ptolemy.moml.MoMLSimpleApplication@6b2230e9
reloadAllAccessors: .DelayTime

===========================================================================================
----------------- testing Sun Jul 14 22:59:20 UTC 2019 /home/travis/build/icyphy/ptII/ptolemy/actor/lib/test/auto/Dictionary1.xml
----------------- Instantiating /home/travis/build/icyphy/ptII/ptolemy/actor/lib/test/auto/Dictionary1.xml
2 ms. Memory: 491520K Free: 317366K (65%)
----------------- Invoking toplevel() on ptolemy.moml.MoMLSimpleApplication@2325306d
----------------- Done invoking toplevel() on ptolemy.moml.MoMLSimpleApplication@2325306d
reloadAllAccessors: .Dictionary1

===========================================================================================
----------------- testing Sun Jul 14 22:59:20 UTC 2019 /home/travis/build/icyphy/ptII/ptolemy/actor/lib/test/auto/Dictionary2.xml
----------------- Instantiating /home/travis/build/icyphy/ptII/ptolemy/actor/lib/test/auto/Dictionary2.xml
2 ms. Memory: 491520K Free: 312246K (64%)
----------------- Invoking toplevel() on ptolemy.moml.MoMLSimpleApplication@67a6f8fe
----------------- Done invoking toplevel() on ptolemy.moml.MoMLSimpleApplication@67a6f8fe
reloadAllAccessors: .Dictionary2

===========================================================================================
----------------- testing Sun Jul 14 22:59:20 UTC 2019 /home/travis/build/icyphy/ptII/ptolemy/actor/lib/test/auto/Dictionary3.xml
----------------- Instantiating /home/travis/build/icyphy/ptII/ptolemy/actor/lib/test/auto/Dictionary3.xml
2 ms. Memory: 491520K Free: 306612K (62%)
----------------- Invoking toplevel() on ptolemy.moml.MoMLSimpleApplication@5c40be31
----------------- Done invoking toplevel() on ptolemy.moml.MoMLSimpleApplication@5c40be31
reloadAllAccessors: .Dictionary3

===========================================================================================
----------------- testing Sun Jul 14 22:59:20 UTC 2019 /home/travis/build/icyphy/ptII/ptolemy/actor/lib/test/auto/Dictionary4.xml
----------------- Instantiating /home/travis/build/icyphy/ptII/ptolemy/actor/lib/test/auto/Dictionary4.xml
3 ms. Memory: 491520K Free: 299444K (61%)
----------------- Invoking toplevel() on ptolemy.moml.MoMLSimpleApplication@2f25d30a
----------------- Done invoking toplevel() on ptolemy.moml.MoMLSimpleApplication@2f25d30a
reloadAllAccessors: .Dictionary4

===========================================================================================
----------------- testing Sun Jul 14 22:59:20 UTC 2019 /home/travis/build/icyphy/ptII/ptolemy/actor/lib/test/auto/Differential.xml
----------------- Instantiating /home/travis/build/icyphy/ptII/ptolemy/actor/lib/test/auto/Differential.xml
3 ms. Memory: 491520K Free: 294838K (60%)
----------------- Invoking toplevel() on ptolemy.moml.MoMLSimpleApplication@1afe4657
----------------- Done invoking toplevel() on ptolemy.moml.MoMLSimpleApplication@1afe4657
reloadAllAccessors: .Differential

===========================================================================================
----------------- testing Sun Jul 14 22:59:20 UTC 2019 /home/travis/build/icyphy/ptII/ptolemy/actor/lib/test/auto/Director.xml
----------------- Instantiating /home/travis/build/icyphy/ptII/ptolemy/actor/lib/test/auto/Director.xml
2 ms. Memory: 491520K Free: 291766K (59%)
----------------- Invoking toplevel() on ptolemy.moml.MoMLSimpleApplication@4a117e5c
----------------- Done invoking toplevel() on ptolemy.moml.MoMLSimpleApplication@4a117e5c
reloadAllAccessors: .Director

===========================================================================================
----------------- testing Sun Jul 14 22:59:20 UTC 2019 /home/travis/build/icyphy/ptII/ptolemy/actor/lib/test/auto/DiscreteClock.xml
----------------- Instantiating /home/travis/build/icyphy/ptII/ptolemy/actor/lib/test/auto/DiscreteClock.xml
1 ms. Memory: 491520K Free: 287670K (59%)
----------------- Invoking toplevel() on ptolemy.moml.MoMLSimpleApplication@7a702124
----------------- Done invoking toplevel() on ptolemy.moml.MoMLSimpleApplication@7a702124
reloadAllAccessors: .DiscreteClock

===========================================================================================
----------------- testing Sun Jul 14 22:59:20 UTC 2019 /home/travis/build/icyphy/ptII/ptolemy/actor/lib/test/auto/DiscreteClock10.xml
----------------- Instantiating /home/travis/build/icyphy/ptII/ptolemy/actor/lib/test/auto/DiscreteClock10.xml
4 ms. Memory: 491520K Free: 281526K (57%)
----------------- Invoking toplevel() on ptolemy.moml.MoMLSimpleApplication@70e88891
----------------- Done invoking toplevel() on ptolemy.moml.MoMLSimpleApplication@70e88891
reloadAllAccessors: .DiscreteClock10

===========================================================================================
----------------- testing Sun Jul 14 22:59:20 UTC 2019 /home/travis/build/icyphy/ptII/ptolemy/actor/lib/test/auto/DiscreteClock11.xml
----------------- Instantiating /home/travis/build/icyphy/ptII/ptolemy/actor/lib/test/auto/DiscreteClock11.xml
2 ms. Memory: 491520K Free: 275892K (56%)
----------------- Invoking toplevel() on ptolemy.moml.MoMLSimpleApplication@1dd9409a
----------------- Done invoking toplevel() on ptolemy.moml.MoMLSimpleApplication@1dd9409a
reloadAllAccessors: .DiscreteClock11

===========================================================================================
----------------- testing Sun Jul 14 22:59:20 UTC 2019 /home/travis/build/icyphy/ptII/ptolemy/actor/lib/test/auto/DiscreteClock12.xml
----------------- Instantiating /home/travis/build/icyphy/ptII/ptolemy/actor/lib/test/auto/DiscreteClock12.xml
3 ms. Memory: 491520K Free: 269748K (55%)
----------------- Invoking toplevel() on ptolemy.moml.MoMLSimpleApplication@5f58f6b3
----------------- Done invoking toplevel() on ptolemy.moml.MoMLSimpleApplication@5f58f6b3
reloadAllAccessors: .DiscreteClock12

===========================================================================================
----------------- testing Sun Jul 14 22:59:20 UTC 2019 /home/travis/build/icyphy/ptII/ptolemy/actor/lib/test/auto/DiscreteClock13.xml
----------------- Instantiating /home/travis/build/icyphy/ptII/ptolemy/actor/lib/test/auto/DiscreteClock13.xml
8 ms. Memory: 491520K Free: 263590K (54%)
----------------- Invoking toplevel() on ptolemy.moml.MoMLSimpleApplication@4f7ffded
----------------- Done invoking toplevel() on ptolemy.moml.MoMLSimpleApplication@4f7ffded
reloadAllAccessors: .DiscreteClock13

===========================================================================================
----------------- testing Sun Jul 14 22:59:21 UTC 2019 /home/travis/build/icyphy/ptII/ptolemy/actor/lib/test/auto/DiscreteClock14.xml
----------------- Instantiating /home/travis/build/icyphy/ptII/ptolemy/actor/lib/test/auto/DiscreteClock14.xml
7 ms. Memory: 491520K Free: 257446K (52%)
----------------- Invoking toplevel() on ptolemy.moml.MoMLSimpleApplication@6feef171
----------------- Done invoking toplevel() on ptolemy.moml.MoMLSimpleApplication@6feef171
reloadAllAccessors: .DiscreteClock14

===========================================================================================
----------------- testing Sun Jul 14 22:59:21 UTC 2019 /home/travis/build/icyphy/ptII/ptolemy/actor/lib/test/auto/DiscreteClock15.xml
----------------- Instantiating /home/travis/build/icyphy/ptII/ptolemy/actor/lib/test/auto/DiscreteClock15.xml
5 ms. Memory: 491520K Free: 251830K (51%)
----------------- Invoking toplevel() on ptolemy.moml.MoMLSimpleApplication@34946a55
----------------- Done invoking toplevel() on ptolemy.moml.MoMLSimpleApplication@34946a55
reloadAllAccessors: .DiscreteClock15

===========================================================================================
----------------- testing Sun Jul 14 22:59:21 UTC 2019 /home/travis/build/icyphy/ptII/ptolemy/actor/lib/test/auto/DiscreteClock16.xml
----------------- Instantiating /home/travis/build/icyphy/ptII/ptolemy/actor/lib/test/auto/DiscreteClock16.xml
20 ms. Memory: 491520K Free: 238004K (48%)
----------------- Invoking toplevel() on ptolemy.moml.MoMLSimpleApplication@27dea91e
----------------- Done invoking toplevel() on ptolemy.moml.MoMLSimpleApplication@27dea91e
reloadAllAccessors: .DiscreteClock16

===========================================================================================
----------------- testing Sun Jul 14 22:59:21 UTC 2019 /home/travis/build/icyphy/ptII/ptolemy/actor/lib/test/auto/DiscreteClock17.xml
----------------- Instantiating /home/travis/build/icyphy/ptII/ptolemy/actor/lib/test/auto/DiscreteClock17.xml
16 ms. Memory: 491520K Free: 223654K (46%)
----------------- Invoking toplevel() on ptolemy.moml.MoMLSimpleApplication@152b3433
----------------- Done invoking toplevel() on ptolemy.moml.MoMLSimpleApplication@152b3433
reloadAllAccessors: .DiscreteClock17

===========================================================================================
----------------- testing Sun Jul 14 22:59:21 UTC 2019 /home/travis/build/icyphy/ptII/ptolemy/actor/lib/test/auto/DiscreteClock18.xml
----------------- Instantiating /home/travis/build/icyphy/ptII/ptolemy/actor/lib/test/auto/DiscreteClock18.xml
30 ms. Memory: 491520K Free: 441432K (90%)
----------------- Invoking toplevel() on ptolemy.moml.MoMLSimpleApplication@89f56cb
----------------- Done invoking toplevel() on ptolemy.moml.MoMLSimpleApplication@89f56cb
reloadAllAccessors: .DiscreteClock18

===========================================================================================
----------------- testing Sun Jul 14 22:59:21 UTC 2019 /home/travis/build/icyphy/ptII/ptolemy/actor/lib/test/auto/DiscreteClock19.xml
----------------- Instantiating /home/travis/build/icyphy/ptII/ptolemy/actor/lib/test/auto/DiscreteClock19.xml
22 ms. Memory: 491520K Free: 426953K (87%)
----------------- Invoking toplevel() on ptolemy.moml.MoMLSimpleApplication@aa14418
----------------- Done invoking toplevel() on ptolemy.moml.MoMLSimpleApplication@aa14418
reloadAllAccessors: .DiscreteClock19

===========================================================================================
----------------- testing Sun Jul 14 22:59:21 UTC 2019 /home/travis/build/icyphy/ptII/ptolemy/actor/lib/test/auto/DiscreteClock2.xml
----------------- Instantiating /home/travis/build/icyphy/ptII/ptolemy/actor/lib/test/auto/DiscreteClock2.xml
5 ms. Memory: 491520K Free: 421819K (86%)
----------------- Invoking toplevel() on ptolemy.moml.MoMLSimpleApplication@2fc3a1b3
----------------- Done invoking toplevel() on ptolemy.moml.MoMLSimpleApplication@2fc3a1b3
reloadAllAccessors: .DiscreteClock2

===========================================================================================
----------------- testing Sun Jul 14 22:59:21 UTC 2019 /home/travis/build/icyphy/ptII/ptolemy/actor/lib/test/auto/DiscreteClock20.xml
----------------- Instantiating /home/travis/build/icyphy/ptII/ptolemy/actor/lib/test/auto/DiscreteClock20.xml
10 ms. Memory: 491520K Free: 416713K (85%)
----------------- Invoking toplevel() on ptolemy.moml.MoMLSimpleApplication@445469f7
----------------- Done invoking toplevel() on ptolemy.moml.MoMLSimpleApplication@445469f7
reloadAllAccessors: .DiscreteClock20

===========================================================================================
----------------- testing Sun Jul 14 22:59:21 UTC 2019 /home/travis/build/icyphy/ptII/ptolemy/actor/lib/test/auto/DiscreteClock21.xml
----------------- Instantiating /home/travis/build/icyphy/ptII/ptolemy/actor/lib/test/auto/DiscreteClock21.xml
6 ms. Memory: 491520K Free: 411083K (84%)
----------------- Invoking toplevel() on ptolemy.moml.MoMLSimpleApplication@f19189a
----------------- Done invoking toplevel() on ptolemy.moml.MoMLSimpleApplication@f19189a
reloadAllAccessors: .DiscreteClock21

===========================================================================================
----------------- testing Sun Jul 14 22:59:21 UTC 2019 /home/travis/build/icyphy/ptII/ptolemy/actor/lib/test/auto/DiscreteClock22.xml
----------------- Instantiating /home/travis/build/icyphy/ptII/ptolemy/actor/lib/test/auto/DiscreteClock22.xml
5 ms. Memory: 491520K Free: 405449K (82%)
----------------- Invoking toplevel() on ptolemy.moml.MoMLSimpleApplication@654b7fb8
----------------- Done invoking toplevel() on ptolemy.moml.MoMLSimpleApplication@654b7fb8
reloadAllAccessors: .DiscreteClock22

===========================================================================================
----------------- testing Sun Jul 14 22:59:21 UTC 2019 /home/travis/build/icyphy/ptII/ptolemy/actor/lib/test/auto/DiscreteClock23.xml
----------------- Instantiating /home/travis/build/icyphy/ptII/ptolemy/actor/lib/test/auto/DiscreteClock23.xml
5 ms. Memory: 491520K Free: 399819K (81%)
----------------- Invoking toplevel() on ptolemy.moml.MoMLSimpleApplication@3fd85bad
----------------- Done invoking toplevel() on ptolemy.moml.MoMLSimpleApplication@3fd85bad
reloadAllAccessors: .DiscreteClock23

===========================================================================================
----------------- testing Sun Jul 14 22:59:21 UTC 2019 /home/travis/build/icyphy/ptII/ptolemy/actor/lib/test/auto/DiscreteClock24.xml
----------------- Instantiating /home/travis/build/icyphy/ptII/ptolemy/actor/lib/test/auto/DiscreteClock24.xml
5 ms. Memory: 491520K Free: 394699K (80%)
----------------- Invoking toplevel() on ptolemy.moml.MoMLSimpleApplication@36c9b12a
----------------- Done invoking toplevel() on ptolemy.moml.MoMLSimpleApplication@36c9b12a
reloadAllAccessors: .DiscreteClock24

===========================================================================================
----------------- testing Sun Jul 14 22:59:21 UTC 2019 /home/travis/build/icyphy/ptII/ptolemy/actor/lib/test/auto/DiscreteClock4.xml
----------------- Instantiating /home/travis/build/icyphy/ptII/ptolemy/actor/lib/test/auto/DiscreteClock4.xml
2 ms. Memory: 491520K Free: 389065K (79%)
----------------- Invoking toplevel() on ptolemy.moml.MoMLSimpleApplication@367c0c5e
----------------- Done invoking toplevel() on ptolemy.moml.MoMLSimpleApplication@367c0c5e
reloadAllAccessors: .DiscreteClock4

===========================================================================================
----------------- testing Sun Jul 14 22:59:21 UTC 2019 /home/travis/build/icyphy/ptII/ptolemy/actor/lib/test/auto/DiscreteClock5.xml
----------------- Instantiating /home/travis/build/icyphy/ptII/ptolemy/actor/lib/test/auto/DiscreteClock5.xml
1 ms. Memory: 491520K Free: 383435K (78%)
----------------- Invoking toplevel() on ptolemy.moml.MoMLSimpleApplication@7b7959f5
----------------- Done invoking toplevel() on ptolemy.moml.MoMLSimpleApplication@7b7959f5
reloadAllAccessors: .DiscreteClock5

===========================================================================================
----------------- testing Sun Jul 14 22:59:21 UTC 2019 /home/travis/build/icyphy/ptII/ptolemy/actor/lib/test/auto/DiscreteClock6.xml
----------------- Instantiating /home/travis/build/icyphy/ptII/ptolemy/actor/lib/test/auto/DiscreteClock6.xml
1 ms. Memory: 491520K Free: 379339K (77%)
----------------- Invoking toplevel() on ptolemy.moml.MoMLSimpleApplication@356e4f76
----------------- Done invoking toplevel() on ptolemy.moml.MoMLSimpleApplication@356e4f76
reloadAllAccessors: .DiscreteClock6

===========================================================================================
----------------- testing Sun Jul 14 22:59:21 UTC 2019 /home/travis/build/icyphy/ptII/ptolemy/actor/lib/test/auto/DiscreteClock7.xml
----------------- Instantiating /home/travis/build/icyphy/ptII/ptolemy/actor/lib/test/auto/DiscreteClock7.xml
2 ms. Memory: 491520K Free: 374729K (76%)
----------------- Invoking toplevel() on ptolemy.moml.MoMLSimpleApplication@38240835
----------------- Done invoking toplevel() on ptolemy.moml.MoMLSimpleApplication@38240835
reloadAllAccessors: .DiscreteClock7

===========================================================================================
----------------- testing Sun Jul 14 22:59:21 UTC 2019 /home/travis/build/icyphy/ptII/ptolemy/actor/lib/test/auto/DiscreteClock8.xml
----------------- Instantiating /home/travis/build/icyphy/ptII/ptolemy/actor/lib/test/auto/DiscreteClock8.xml
5 ms. Memory: 491520K Free: 369099K (75%)
----------------- Invoking toplevel() on ptolemy.moml.MoMLSimpleApplication@43ffe30c
----------------- Done invoking toplevel() on ptolemy.moml.MoMLSimpleApplication@43ffe30c
reloadAllAccessors: .DiscreteClock8

===========================================================================================
----------------- testing Sun Jul 14 22:59:21 UTC 2019 /home/travis/build/icyphy/ptII/ptolemy/actor/lib/test/auto/DiscreteClock9.xml
----------------- Instantiating /home/travis/build/icyphy/ptII/ptolemy/actor/lib/test/auto/DiscreteClock9.xml
5 ms. Memory: 491520K Free: 362955K (74%)
----------------- Invoking toplevel() on ptolemy.moml.MoMLSimpleApplication@10fd5635
----------------- Done invoking toplevel() on ptolemy.moml.MoMLSimpleApplication@10fd5635
reloadAllAccessors: .DiscreteClock9

===========================================================================================
----------------- testing Sun Jul 14 22:59:21 UTC 2019 /home/travis/build/icyphy/ptII/ptolemy/actor/lib/test/auto/DisplayArray.xml
----------------- Instantiating /home/travis/build/icyphy/ptII/ptolemy/actor/lib/test/auto/DisplayArray.xml
2 ms. Memory: 491520K Free: 359369K (73%)
----------------- Invoking toplevel() on ptolemy.moml.MoMLSimpleApplication@475350a3
----------------- Done invoking toplevel() on ptolemy.moml.MoMLSimpleApplication@475350a3
reloadAllAccessors: .DisplayArray

===========================================================================================
----------------- testing Sun Jul 14 22:59:21 UTC 2019 /home/travis/build/icyphy/ptII/ptolemy/actor/lib/test/auto/Distributor.xml
----------------- Instantiating /home/travis/build/icyphy/ptII/ptolemy/actor/lib/test/auto/Distributor.xml
2 ms. Memory: 491520K Free: 354249K (72%)
----------------- Invoking toplevel() on ptolemy.moml.MoMLSimpleApplication@616509a
----------------- Done invoking toplevel() on ptolemy.moml.MoMLSimpleApplication@616509a
reloadAllAccessors: .Distributor

===========================================================================================
----------------- testing Sun Jul 14 22:59:21 UTC 2019 /home/travis/build/icyphy/ptII/ptolemy/actor/lib/test/auto/Distributor2.xml
----------------- Instantiating /home/travis/build/icyphy/ptII/ptolemy/actor/lib/test/auto/Distributor2.xml
1 ms. Memory: 491520K Free: 350153K (71%)
----------------- Invoking toplevel() on ptolemy.moml.MoMLSimpleApplication@7bfec157
----------------- Done invoking toplevel() on ptolemy.moml.MoMLSimpleApplication@7bfec157
reloadAllAccessors: .Distributor2

===========================================================================================
----------------- testing Sun Jul 14 22:59:21 UTC 2019 /home/travis/build/icyphy/ptII/ptolemy/actor/lib/test/auto/DownSample.xml
----------------- Instantiating /home/travis/build/icyphy/ptII/ptolemy/actor/lib/test/auto/DownSample.xml
2 ms. Memory: 491520K Free: 345547K (70%)
----------------- Invoking toplevel() on ptolemy.moml.MoMLSimpleApplication@35df3cbe
----------------- Done invoking toplevel() on ptolemy.moml.MoMLSimpleApplication@35df3cbe
reloadAllAccessors: .DownSample

===========================================================================================
----------------- testing Sun Jul 14 22:59:21 UTC 2019 /home/travis/build/icyphy/ptII/ptolemy/actor/lib/test/auto/ElectronicUnitBase1.xml
----------------- Instantiating /home/travis/build/icyphy/ptII/ptolemy/actor/lib/test/auto/ElectronicUnitBase1.xml
26 ms. Memory: 491520K Free: 329673K (67%)
----------------- Invoking toplevel() on ptolemy.moml.MoMLSimpleApplication@1c79e830
----------------- Done invoking toplevel() on ptolemy.moml.MoMLSimpleApplication@1c79e830
reloadAllAccessors: .ElectronicUnitBase1

===========================================================================================
----------------- testing Sun Jul 14 22:59:21 UTC 2019 /home/travis/build/icyphy/ptII/ptolemy/actor/lib/test/auto/ElementsToArray.xml
----------------- Instantiating /home/travis/build/icyphy/ptII/ptolemy/actor/lib/test/auto/ElementsToArray.xml
2 ms. Memory: 491520K Free: 324553K (66%)
----------------- Invoking toplevel() on ptolemy.moml.MoMLSimpleApplication@64cc1459
----------------- Done invoking toplevel() on ptolemy.moml.MoMLSimpleApplication@64cc1459
reloadAllAccessors: .ElementsToArray

===========================================================================================
----------------- testing Sun Jul 14 22:59:21 UTC 2019 /home/travis/build/icyphy/ptII/ptolemy/actor/lib/test/auto/Equals.xml
----------------- Instantiating /home/travis/build/icyphy/ptII/ptolemy/actor/lib/test/auto/Equals.xml
3 ms. Memory: 491520K Free: 319947K (65%)
----------------- Invoking toplevel() on ptolemy.moml.MoMLSimpleApplication@7263623
----------------- Done invoking toplevel() on ptolemy.moml.MoMLSimpleApplication@7263623
reloadAllAccessors: .Equals

===========================================================================================
----------------- testing Sun Jul 14 22:59:21 UTC 2019 /home/travis/build/icyphy/ptII/ptolemy/actor/lib/test/auto/Exec.xml
----------------- Instantiating /home/travis/build/icyphy/ptII/ptolemy/actor/lib/test/auto/Exec.xml
24 ms. Memory: 491520K Free: 314299K (64%)
----------------- Invoking toplevel() on ptolemy.moml.MoMLSimpleApplication@46607be8
----------------- Done invoking toplevel() on ptolemy.moml.MoMLSimpleApplication@46607be8
reloadAllAccessors: .Exec

===========================================================================================
----------------- testing Sun Jul 14 22:59:21 UTC 2019 /home/travis/build/icyphy/ptII/ptolemy/actor/lib/test/auto/ExecEnvironment.xml
----------------- Instantiating /home/travis/build/icyphy/ptII/ptolemy/actor/lib/test/auto/ExecEnvironment.xml
25 ms. Memory: 491520K Free: 309179K (63%)
----------------- Invoking toplevel() on ptolemy.moml.MoMLSimpleApplication@448a874d
----------------- Done invoking toplevel() on ptolemy.moml.MoMLSimpleApplication@448a874d
reloadAllAccessors: .ExecEnvironment

===========================================================================================
----------------- testing Sun Jul 14 22:59:21 UTC 2019 /home/travis/build/icyphy/ptII/ptolemy/actor/lib/test/auto/ExecNonZeroReturnOutput.xml
----------------- Instantiating /home/travis/build/icyphy/ptII/ptolemy/actor/lib/test/auto/ExecNonZeroReturnOutput.xml
188 ms. Memory: 491520K Free: 297929K (61%)
----------------- Invoking toplevel() on ptolemy.moml.MoMLSimpleApplication@4619d9d2
----------------- Done invoking toplevel() on ptolemy.moml.MoMLSimpleApplication@4619d9d2
reloadAllAccessors: .ExecNonZeroReturnOutput

===========================================================================================
----------------- testing Sun Jul 14 22:59:22 UTC 2019 /home/travis/build/icyphy/ptII/ptolemy/actor/lib/test/auto/ExecRunDemos.xml
----------------- Instantiating /home/travis/build/icyphy/ptII/ptolemy/actor/lib/test/auto/ExecRunDemos.xml
10929 ms. Memory: 491520K Free: 277963K (57%)

===========================================================================================
----------------- testing Sun Jul 14 22:59:33 UTC 2019 /home/travis/build/icyphy/ptII/ptolemy/actor/lib/test/auto/ExecStop.xml
----------------- Instantiating /home/travis/build/icyphy/ptII/ptolemy/actor/lib/test/auto/ExecStop.xml
5020 ms. Memory: 491520K Free: 158155K (32%)
----------------- Invoking toplevel() on ptolemy.moml.MoMLSimpleApplication@1a3bf73
----------------- Done invoking toplevel() on ptolemy.moml.MoMLSimpleApplication@1a3bf73
reloadAllAccessors: .ExecStop

===========================================================================================
----------------- testing Sun Jul 14 22:59:38 UTC 2019 /home/travis/build/icyphy/ptII/ptolemy/actor/lib/test/auto/ExecutionTimeSDF.xml
----------------- Instantiating /home/travis/build/icyphy/ptII/ptolemy/actor/lib/test/auto/ExecutionTimeSDF.xml
Fired ExecutionTime: -1823767296
Fired ExecutionTime: 1074000000
Fired ExecutionTime: -768167296
6004 ms. Memory: 491520K Free: 437845K (89%)
----------------- Invoking toplevel() on ptolemy.moml.MoMLSimpleApplication@5fcf8407
----------------- Done invoking toplevel() on ptolemy.moml.MoMLSimpleApplication@5fcf8407
reloadAllAccessors: .ExecutionTimeSDF

===========================================================================================
----------------- testing Sun Jul 14 22:59:44 UTC 2019 /home/travis/build/icyphy/ptII/ptolemy/actor/lib/test/auto/Expression1.xml
----------------- Instantiating /home/travis/build/icyphy/ptII/ptolemy/actor/lib/test/auto/Expression1.xml
2 ms. Memory: 491520K Free: 434259K (88%)
----------------- Invoking toplevel() on ptolemy.moml.MoMLSimpleApplication@3c7d396b
----------------- Done invoking toplevel() on ptolemy.moml.MoMLSimpleApplication@3c7d396b
reloadAllAccessors: .Expression1

===========================================================================================
----------------- testing Sun Jul 14 22:59:44 UTC 2019 /home/travis/build/icyphy/ptII/ptolemy/actor/lib/test/auto/Expression10.xml
----------------- Instantiating /home/travis/build/icyphy/ptII/ptolemy/actor/lib/test/auto/Expression10.xml
7 ms. Memory: 491520K Free: 428629K (87%)
----------------- Invoking toplevel() on ptolemy.moml.MoMLSimpleApplication@55ef47af
----------------- Done invoking toplevel() on ptolemy.moml.MoMLSimpleApplication@55ef47af
reloadAllAccessors: .Expression10

===========================================================================================
----------------- testing Sun Jul 14 22:59:44 UTC 2019 /home/travis/build/icyphy/ptII/ptolemy/actor/lib/test/auto/Expression11.xml
----------------- Instantiating /home/travis/build/icyphy/ptII/ptolemy/actor/lib/test/auto/Expression11.xml
2 ms. Memory: 491520K Free: 424533K (86%)
----------------- Invoking toplevel() on ptolemy.moml.MoMLSimpleApplication@53f35feb
----------------- Done invoking toplevel() on ptolemy.moml.MoMLSimpleApplication@53f35feb
reloadAllAccessors: .Expression11

===========================================================================================
----------------- testing Sun Jul 14 22:59:44 UTC 2019 /home/travis/build/icyphy/ptII/ptolemy/actor/lib/test/auto/Expression12.xml
----------------- Instantiating /home/travis/build/icyphy/ptII/ptolemy/actor/lib/test/auto/Expression12.xml
3 ms. Memory: 491520K Free: 418899K (85%)
----------------- Invoking toplevel() on ptolemy.moml.MoMLSimpleApplication@7b933e28
----------------- Done invoking toplevel() on ptolemy.moml.MoMLSimpleApplication@7b933e28
reloadAllAccessors: .Expression12

===========================================================================================
----------------- testing Sun Jul 14 22:59:44 UTC 2019 /home/travis/build/icyphy/ptII/ptolemy/actor/lib/test/auto/Expression13.xml
----------------- Instantiating /home/travis/build/icyphy/ptII/ptolemy/actor/lib/test/auto/Expression13.xml
6 ms. Memory: 491520K Free: 414293K (84%)
----------------- Invoking toplevel() on ptolemy.moml.MoMLSimpleApplication@1ac6f194
----------------- Done invoking toplevel() on ptolemy.moml.MoMLSimpleApplication@1ac6f194
reloadAllAccessors: .Expression13

===========================================================================================
----------------- testing Sun Jul 14 22:59:44 UTC 2019 /home/travis/build/icyphy/ptII/ptolemy/actor/lib/test/auto/Expression14.xml
----------------- Instantiating /home/travis/build/icyphy/ptII/ptolemy/actor/lib/test/auto/Expression14.xml
7 ms. Memory: 491520K Free: 408149K (83%)
----------------- Invoking toplevel() on ptolemy.moml.MoMLSimpleApplication@4d101827
----------------- Done invoking toplevel() on ptolemy.moml.MoMLSimpleApplication@4d101827
reloadAllAccessors: .Expression14

===========================================================================================
----------------- testing Sun Jul 14 22:59:44 UTC 2019 /home/travis/build/icyphy/ptII/ptolemy/actor/lib/test/auto/Expression15.xml
----------------- Instantiating /home/travis/build/icyphy/ptII/ptolemy/actor/lib/test/auto/Expression15.xml
2 ms. Memory: 491520K Free: 404563K (82%)
----------------- Invoking toplevel() on ptolemy.moml.MoMLSimpleApplication@7fea9964
----------------- Done invoking toplevel() on ptolemy.moml.MoMLSimpleApplication@7fea9964
reloadAllAccessors: .Expression15

===========================================================================================
----------------- testing Sun Jul 14 22:59:44 UTC 2019 /home/travis/build/icyphy/ptII/ptolemy/actor/lib/test/auto/Expression16.xml
----------------- Instantiating /home/travis/build/icyphy/ptII/ptolemy/actor/lib/test/auto/Expression16.xml
4 ms. Memory: 491520K Free: 399443K (81%)
----------------- Invoking toplevel() on ptolemy.moml.MoMLSimpleApplication@526dcc09
----------------- Done invoking toplevel() on ptolemy.moml.MoMLSimpleApplication@526dcc09
reloadAllAccessors: .Expression16

===========================================================================================
----------------- testing Sun Jul 14 22:59:44 UTC 2019 /home/travis/build/icyphy/ptII/ptolemy/actor/lib/test/auto/Expression17.xml
----------------- Instantiating /home/travis/build/icyphy/ptII/ptolemy/actor/lib/test/auto/Expression17.xml
3 ms. Memory: 491520K Free: 394323K (80%)
----------------- Invoking toplevel() on ptolemy.moml.MoMLSimpleApplication@293ee1bc
----------------- Done invoking toplevel() on ptolemy.moml.MoMLSimpleApplication@293ee1bc
reloadAllAccessors: .Expression17

===========================================================================================
----------------- testing Sun Jul 14 22:59:44 UTC 2019 /home/travis/build/icyphy/ptII/ptolemy/actor/lib/test/auto/Expression18.xml
----------------- Instantiating /home/travis/build/icyphy/ptII/ptolemy/actor/lib/test/auto/Expression18.xml
3 ms. Memory: 491520K Free: 389203K (79%)
----------------- Invoking toplevel() on ptolemy.moml.MoMLSimpleApplication@8e7cf5f
----------------- Done invoking toplevel() on ptolemy.moml.MoMLSimpleApplication@8e7cf5f
reloadAllAccessors: .Expression18

===========================================================================================
----------------- testing Sun Jul 14 22:59:44 UTC 2019 /home/travis/build/icyphy/ptII/ptolemy/actor/lib/test/auto/Expression2.xml
----------------- Instantiating /home/travis/build/icyphy/ptII/ptolemy/actor/lib/test/auto/Expression2.xml
3 ms. Memory: 491520K Free: 384083K (78%)
----------------- Invoking toplevel() on ptolemy.moml.MoMLSimpleApplication@5cb2d091
----------------- Done invoking toplevel() on ptolemy.moml.MoMLSimpleApplication@5cb2d091
reloadAllAccessors: .Expression2

===========================================================================================
----------------- testing Sun Jul 14 22:59:44 UTC 2019 /home/travis/build/icyphy/ptII/ptolemy/actor/lib/test/auto/Expression3.xml
----------------- Instantiating /home/travis/build/icyphy/ptII/ptolemy/actor/lib/test/auto/Expression3.xml
9 ms. Memory: 491520K Free: 379477K (77%)
----------------- Invoking toplevel() on ptolemy.moml.MoMLSimpleApplication@3f390486
----------------- Done invoking toplevel() on ptolemy.moml.MoMLSimpleApplication@3f390486
reloadAllAccessors: .Expression3

===========================================================================================
----------------- testing Sun Jul 14 22:59:44 UTC 2019 /home/travis/build/icyphy/ptII/ptolemy/actor/lib/test/auto/Expression4.xml
----------------- Instantiating /home/travis/build/icyphy/ptII/ptolemy/actor/lib/test/auto/Expression4.xml
4 ms. Memory: 491520K Free: 371795K (76%)
----------------- Invoking toplevel() on ptolemy.moml.MoMLSimpleApplication@a0cec8
----------------- Done invoking toplevel() on ptolemy.moml.MoMLSimpleApplication@a0cec8
reloadAllAccessors: .Expression4

===========================================================================================
----------------- testing Sun Jul 14 22:59:44 UTC 2019 /home/travis/build/icyphy/ptII/ptolemy/actor/lib/test/auto/Expression5.xml
----------------- Instantiating /home/travis/build/icyphy/ptII/ptolemy/actor/lib/test/auto/Expression5.xml
5 ms. Memory: 491520K Free: 367189K (75%)
----------------- Invoking toplevel() on ptolemy.moml.MoMLSimpleApplication@27f530cd
----------------- Done invoking toplevel() on ptolemy.moml.MoMLSimpleApplication@27f530cd
reloadAllAccessors: .Expression5

===========================================================================================
----------------- testing Sun Jul 14 22:59:44 UTC 2019 /home/travis/build/icyphy/ptII/ptolemy/actor/lib/test/auto/Expression6.xml
----------------- Instantiating /home/travis/build/icyphy/ptII/ptolemy/actor/lib/test/auto/Expression6.xml
2 ms. Memory: 491520K Free: 362579K (74%)
----------------- Invoking toplevel() on ptolemy.moml.MoMLSimpleApplication@1e2c8fda
----------------- Done invoking toplevel() on ptolemy.moml.MoMLSimpleApplication@1e2c8fda
reloadAllAccessors: .Expression6

===========================================================================================
----------------- testing Sun Jul 14 22:59:44 UTC 2019 /home/travis/build/icyphy/ptII/ptolemy/actor/lib/test/auto/Expression7.xml
----------------- Instantiating /home/travis/build/icyphy/ptII/ptolemy/actor/lib/test/auto/Expression7.xml
4 ms. Memory: 491520K Free: 357459K (73%)
----------------- Invoking toplevel() on ptolemy.moml.MoMLSimpleApplication@67e8e685
----------------- Done invoking toplevel() on ptolemy.moml.MoMLSimpleApplication@67e8e685
reloadAllAccessors: .Expression7

===========================================================================================
----------------- testing Sun Jul 14 22:59:44 UTC 2019 /home/travis/build/icyphy/ptII/ptolemy/actor/lib/test/auto/Expression8.xml
----------------- Instantiating /home/travis/build/icyphy/ptII/ptolemy/actor/lib/test/auto/Expression8.xml
9 ms. Memory: 491520K Free: 352853K (72%)
----------------- Invoking toplevel() on ptolemy.moml.MoMLSimpleApplication@4f48db06
----------------- Done invoking toplevel() on ptolemy.moml.MoMLSimpleApplication@4f48db06
reloadAllAccessors: .Expression8

===========================================================================================
----------------- testing Sun Jul 14 22:59:44 UTC 2019 /home/travis/build/icyphy/ptII/ptolemy/actor/lib/test/auto/Expression9.xml
----------------- Instantiating /home/travis/build/icyphy/ptII/ptolemy/actor/lib/test/auto/Expression9.xml
1 ms. Memory: 491520K Free: 348757K (71%)
----------------- Invoking toplevel() on ptolemy.moml.MoMLSimpleApplication@4a15f76f
----------------- Done invoking toplevel() on ptolemy.moml.MoMLSimpleApplication@4a15f76f
reloadAllAccessors: .Expression9

===========================================================================================
----------------- testing Sun Jul 14 22:59:44 UTC 2019 /home/travis/build/icyphy/ptII/ptolemy/actor/lib/test/auto/ExpressionConcatenateArrayType.xml
----------------- Instantiating /home/travis/build/icyphy/ptII/ptolemy/actor/lib/test/auto/ExpressionConcatenateArrayType.xml
3 ms. Memory: 491520K Free: 342613K (70%)
----------------- Invoking toplevel() on ptolemy.moml.MoMLSimpleApplication@2758878d
----------------- Done invoking toplevel() on ptolemy.moml.MoMLSimpleApplication@2758878d
reloadAllAccessors: .ExpressionConcatenateArrayType

===========================================================================================
----------------- testing Sun Jul 14 22:59:44 UTC 2019 /home/travis/build/icyphy/ptII/ptolemy/actor/lib/test/auto/ExpressionConcatenateArrayType2.xml
----------------- Instantiating /home/travis/build/icyphy/ptII/ptolemy/actor/lib/test/auto/ExpressionConcatenateArrayType2.xml
3 ms. Memory: 491520K Free: 336979K (69%)
----------------- Invoking toplevel() on ptolemy.moml.MoMLSimpleApplication@182669f6
----------------- Done invoking toplevel() on ptolemy.moml.MoMLSimpleApplication@182669f6
reloadAllAccessors: .ExpressionConcatenateArrayType2

===========================================================================================
----------------- testing Sun Jul 14 22:59:44 UTC 2019 /home/travis/build/icyphy/ptII/ptolemy/actor/lib/test/auto/ExpressionFix.xml
----------------- Instantiating /home/travis/build/icyphy/ptII/ptolemy/actor/lib/test/auto/ExpressionFix.xml
20 ms. Memory: 491520K Free: 330325K (67%)
----------------- Invoking toplevel() on ptolemy.moml.MoMLSimpleApplication@29ce99f0
----------------- Done invoking toplevel() on ptolemy.moml.MoMLSimpleApplication@29ce99f0
reloadAllAccessors: .ExpressionFix

===========================================================================================
----------------- testing Sun Jul 14 22:59:44 UTC 2019 /home/travis/build/icyphy/ptII/ptolemy/actor/lib/test/auto/ExpressionFix2.xml
----------------- Instantiating /home/travis/build/icyphy/ptII/ptolemy/actor/lib/test/auto/ExpressionFix2.xml
9 ms. Memory: 491520K Free: 326739K (66%)
----------------- Invoking toplevel() on ptolemy.moml.MoMLSimpleApplication@8547db4
----------------- Done invoking toplevel() on ptolemy.moml.MoMLSimpleApplication@8547db4
reloadAllAccessors: .ExpressionFix2

===========================================================================================
----------------- testing Sun Jul 14 22:59:44 UTC 2019 /home/travis/build/icyphy/ptII/ptolemy/actor/lib/test/auto/ExpressionFix3.xml
----------------- Instantiating /home/travis/build/icyphy/ptII/ptolemy/actor/lib/test/auto/ExpressionFix3.xml
2 ms. Memory: 491520K Free: 322133K (66%)
----------------- Invoking toplevel() on ptolemy.moml.MoMLSimpleApplication@4ea5710f
----------------- Done invoking toplevel() on ptolemy.moml.MoMLSimpleApplication@4ea5710f
reloadAllAccessors: .ExpressionFix3

===========================================================================================
----------------- testing Sun Jul 14 22:59:44 UTC 2019 /home/travis/build/icyphy/ptII/ptolemy/actor/lib/test/auto/FileWriter1.xml
----------------- Instantiating /home/travis/build/icyphy/ptII/ptolemy/actor/lib/test/auto/FileWriter1.xml
2 ms. Memory: 491520K Free: 318547K (65%)
----------------- Invoking toplevel() on ptolemy.moml.MoMLSimpleApplication@2307a918
----------------- Done invoking toplevel() on ptolemy.moml.MoMLSimpleApplication@2307a918
reloadAllAccessors: .FileWriter1

===========================================================================================
----------------- testing Sun Jul 14 22:59:44 UTC 2019 /home/travis/build/icyphy/ptII/ptolemy/actor/lib/test/auto/FileWriter2.xml
----------------- Instantiating /home/travis/build/icyphy/ptII/ptolemy/actor/lib/test/auto/FileWriter2.xml
2 ms. Memory: 491520K Free: 313941K (64%)
----------------- Invoking toplevel() on ptolemy.moml.MoMLSimpleApplication@3104dcb9
----------------- Done invoking toplevel() on ptolemy.moml.MoMLSimpleApplication@3104dcb9
reloadAllAccessors: .FileWriter2

===========================================================================================
----------------- testing Sun Jul 14 22:59:44 UTC 2019 /home/travis/build/icyphy/ptII/ptolemy/actor/lib/test/auto/FileWriter3.xml
----------------- Instantiating /home/travis/build/icyphy/ptII/ptolemy/actor/lib/test/auto/FileWriter3.xml
2 ms. Memory: 491520K Free: 309845K (63%)
----------------- Invoking toplevel() on ptolemy.moml.MoMLSimpleApplication@545bb60b
----------------- Done invoking toplevel() on ptolemy.moml.MoMLSimpleApplication@545bb60b
reloadAllAccessors: .FileWriter3

===========================================================================================
----------------- testing Sun Jul 14 22:59:44 UTC 2019 /home/travis/build/icyphy/ptII/ptolemy/actor/lib/test/auto/Gaussian.xml
----------------- Instantiating /home/travis/build/icyphy/ptII/ptolemy/actor/lib/test/auto/Gaussian.xml
3 ms. Memory: 491520K Free: 305749K (62%)
----------------- Invoking toplevel() on ptolemy.moml.MoMLSimpleApplication@6ca61bc
----------------- Done invoking toplevel() on ptolemy.moml.MoMLSimpleApplication@6ca61bc
reloadAllAccessors: .Gaussian

===========================================================================================
----------------- testing Sun Jul 14 22:59:44 UTC 2019 /home/travis/build/icyphy/ptII/ptolemy/actor/lib/test/auto/Gaussian1.xml
----------------- Instantiating /home/travis/build/icyphy/ptII/ptolemy/actor/lib/test/auto/Gaussian1.xml
2 ms. Memory: 491520K Free: 300109K (61%)
----------------- Invoking toplevel() on ptolemy.moml.MoMLSimpleApplication@7f822a72
----------------- Done invoking toplevel() on ptolemy.moml.MoMLSimpleApplication@7f822a72
reloadAllAccessors: .Gaussian1

===========================================================================================
----------------- testing Sun Jul 14 22:59:44 UTC 2019 /home/travis/build/icyphy/ptII/ptolemy/actor/lib/test/auto/Gaussian2.xml
----------------- Instantiating /home/travis/build/icyphy/ptII/ptolemy/actor/lib/test/auto/Gaussian2.xml
3 ms. Memory: 491520K Free: 294965K (60%)
----------------- Invoking toplevel() on ptolemy.moml.MoMLSimpleApplication@51a7721f
----------------- Done invoking toplevel() on ptolemy.moml.MoMLSimpleApplication@51a7721f
reloadAllAccessors: .Gaussian2

===========================================================================================
----------------- testing Sun Jul 14 22:59:44 UTC 2019 /home/travis/build/icyphy/ptII/ptolemy/actor/lib/test/auto/GradientAdaptiveLattice.xml
----------------- Instantiating /home/travis/build/icyphy/ptII/ptolemy/actor/lib/test/auto/GradientAdaptiveLattice.xml
12 ms. Memory: 491520K Free: 289875K (59%)
----------------- Invoking toplevel() on ptolemy.moml.MoMLSimpleApplication@4550e109
----------------- Done invoking toplevel() on ptolemy.moml.MoMLSimpleApplication@4550e109
reloadAllAccessors: .GradientAdaptiveLattice

===========================================================================================
----------------- testing Sun Jul 14 22:59:44 UTC 2019 /home/travis/build/icyphy/ptII/ptolemy/actor/lib/test/auto/IIR.xml
----------------- Instantiating /home/travis/build/icyphy/ptII/ptolemy/actor/lib/test/auto/IIR.xml
2 ms. Memory: 491520K Free: 285269K (58%)
----------------- Invoking toplevel() on ptolemy.moml.MoMLSimpleApplication@784d3c88
----------------- Done invoking toplevel() on ptolemy.moml.MoMLSimpleApplication@784d3c88
reloadAllAccessors: .IIR

===========================================================================================
----------------- testing Sun Jul 14 22:59:44 UTC 2019 /home/travis/build/icyphy/ptII/ptolemy/actor/lib/test/auto/InputOutputTransparentPorts.xml
----------------- Instantiating /home/travis/build/icyphy/ptII/ptolemy/actor/lib/test/auto/InputOutputTransparentPorts.xml
2 ms. Memory: 491520K Free: 278611K (57%)
----------------- Invoking toplevel() on ptolemy.moml.MoMLSimpleApplication@6b4bb7dd
----------------- Done invoking toplevel() on ptolemy.moml.MoMLSimpleApplication@6b4bb7dd
reloadAllAccessors: .InputOutputTransparentPorts

===========================================================================================
----------------- testing Sun Jul 14 22:59:44 UTC 2019 /home/travis/build/icyphy/ptII/ptolemy/actor/lib/test/auto/Interpolator.xml
----------------- Instantiating /home/travis/build/icyphy/ptII/ptolemy/actor/lib/test/auto/Interpolator.xml
4 ms. Memory: 491520K Free: 274515K (56%)
----------------- Invoking toplevel() on ptolemy.moml.MoMLSimpleApplication@23f49f53
----------------- Done invoking toplevel() on ptolemy.moml.MoMLSimpleApplication@23f49f53
reloadAllAccessors: .Interpolator

===========================================================================================
----------------- testing Sun Jul 14 22:59:44 UTC 2019 /home/travis/build/icyphy/ptII/ptolemy/actor/lib/test/auto/InterpolatorFiringLimitDE.xml
----------------- Instantiating /home/travis/build/icyphy/ptII/ptolemy/actor/lib/test/auto/InterpolatorFiringLimitDE.xml
1 ms. Memory: 491520K Free: 268371K (55%)
----------------- Invoking toplevel() on ptolemy.moml.MoMLSimpleApplication@70eb94e8
----------------- Done invoking toplevel() on ptolemy.moml.MoMLSimpleApplication@70eb94e8
reloadAllAccessors: .InterpolatorFiringLimitDE

===========================================================================================
----------------- testing Sun Jul 14 22:59:44 UTC 2019 /home/travis/build/icyphy/ptII/ptolemy/actor/lib/test/auto/Lattice.xml
----------------- Instantiating /home/travis/build/icyphy/ptII/ptolemy/actor/lib/test/auto/Lattice.xml
1 ms. Memory: 491520K Free: 264789K (54%)
----------------- Invoking toplevel() on ptolemy.moml.MoMLSimpleApplication@c493946
----------------- Done invoking toplevel() on ptolemy.moml.MoMLSimpleApplication@c493946
reloadAllAccessors: .Lattice

===========================================================================================
----------------- testing Sun Jul 14 22:59:44 UTC 2019 /home/travis/build/icyphy/ptII/ptolemy/actor/lib/test/auto/LazyAOCTestLazy.xml
----------------- Instantiating /home/travis/build/icyphy/ptII/ptolemy/actor/lib/test/auto/LazyAOCTestLazy.xml
7 ms. Memory: 491520K Free: 258645K (53%)
----------------- Invoking toplevel() on ptolemy.moml.MoMLSimpleApplication@3a693bbe
----------------- Done invoking toplevel() on ptolemy.moml.MoMLSimpleApplication@3a693bbe
reloadAllAccessors: .LazyAOCTestLazy

===========================================================================================
----------------- testing Sun Jul 14 22:59:44 UTC 2019 /home/travis/build/icyphy/ptII/ptolemy/actor/lib/test/auto/LazyAOCTestNonLazy.xml
----------------- Instantiating /home/travis/build/icyphy/ptII/ptolemy/actor/lib/test/auto/LazyAOCTestNonLazy.xml
2 ms. Memory: 491520K Free: 253011K (51%)
----------------- Invoking toplevel() on ptolemy.moml.MoMLSimpleApplication@230741ca
----------------- Done invoking toplevel() on ptolemy.moml.MoMLSimpleApplication@230741ca
reloadAllAccessors: .LazyAOCTestNonLazy

===========================================================================================
----------------- testing Sun Jul 14 22:59:44 UTC 2019 /home/travis/build/icyphy/ptII/ptolemy/actor/lib/test/auto/LazyInnerClass.xml
----------------- Instantiating /home/travis/build/icyphy/ptII/ptolemy/actor/lib/test/auto/LazyInnerClass.xml
19 ms. Memory: 491520K Free: 244309K (50%)
----------------- Invoking toplevel() on ptolemy.moml.MoMLSimpleApplication@29d21281
----------------- Done invoking toplevel() on ptolemy.moml.MoMLSimpleApplication@29d21281
reloadAllAccessors: .LazyInnerClass

===========================================================================================
----------------- testing Sun Jul 14 22:59:45 UTC 2019 /home/travis/build/icyphy/ptII/ptolemy/actor/lib/test/auto/LazyPubSub.xml
----------------- Instantiating /home/travis/build/icyphy/ptII/ptolemy/actor/lib/test/auto/LazyPubSub.xml
26 ms. Memory: 491520K Free: 234069K (48%)
----------------- Invoking toplevel() on ptolemy.moml.MoMLSimpleApplication@22113b87
----------------- Done invoking toplevel() on ptolemy.moml.MoMLSimpleApplication@22113b87
reloadAllAccessors: .LazyPubSub

===========================================================================================
----------------- testing Sun Jul 14 22:59:45 UTC 2019 /home/travis/build/icyphy/ptII/ptolemy/actor/lib/test/auto/LazyPubSub2.xml
----------------- Instantiating /home/travis/build/icyphy/ptII/ptolemy/actor/lib/test/auto/LazyPubSub2.xml
14 ms. Memory: 491520K Free: 224853K (46%)
----------------- Invoking toplevel() on ptolemy.moml.MoMLSimpleApplication@60fd3e59
----------------- Done invoking toplevel() on ptolemy.moml.MoMLSimpleApplication@60fd3e59
reloadAllAccessors: .LazyPubSub2

===========================================================================================
----------------- testing Sun Jul 14 22:59:45 UTC 2019 /home/travis/build/icyphy/ptII/ptolemy/actor/lib/test/auto/LazyPubSub3.xml
----------------- Instantiating /home/travis/build/icyphy/ptII/ptolemy/actor/lib/test/auto/LazyPubSub3.xml
13 ms. Memory: 491520K Free: 214613K (44%)
----------------- Invoking toplevel() on ptolemy.moml.MoMLSimpleApplication@229f8a5c
----------------- Done invoking toplevel() on ptolemy.moml.MoMLSimpleApplication@229f8a5c
reloadAllAccessors: .LazyPubSub3

===========================================================================================
----------------- testing Sun Jul 14 22:59:45 UTC 2019 /home/travis/build/icyphy/ptII/ptolemy/actor/lib/test/auto/LazySubClassModel.xml
----------------- Instantiating /home/travis/build/icyphy/ptII/ptolemy/actor/lib/test/auto/LazySubClassModel.xml
1 ms. Memory: 491520K Free: 205397K (42%)
----------------- Invoking toplevel() on ptolemy.moml.MoMLSimpleApplication@61983fce
----------------- Done invoking toplevel() on ptolemy.moml.MoMLSimpleApplication@61983fce
reloadAllAccessors: .LazySubClassModel

===========================================================================================
----------------- testing Sun Jul 14 22:59:45 UTC 2019 /home/travis/build/icyphy/ptII/ptolemy/actor/lib/test/auto/LevelCrossTest1.xml
----------------- Instantiating /home/travis/build/icyphy/ptII/ptolemy/actor/lib/test/auto/LevelCrossTest1.xml
1 ms. Memory: 491520K Free: 200277K (41%)
----------------- Invoking toplevel() on ptolemy.moml.MoMLSimpleApplication@fa7f508
----------------- Done invoking toplevel() on ptolemy.moml.MoMLSimpleApplication@fa7f508
reloadAllAccessors: .broken

===========================================================================================
----------------- testing Sun Jul 14 22:59:45 UTC 2019 /home/travis/build/icyphy/ptII/ptolemy/actor/lib/test/auto/LevelCrossTest10.xml
----------------- Instantiating /home/travis/build/icyphy/ptII/ptolemy/actor/lib/test/auto/LevelCrossTest10.xml
2 ms. Memory: 491520K Free: 192085K (39%)
----------------- Invoking toplevel() on ptolemy.moml.MoMLSimpleApplication@18f3db7c
----------------- Done invoking toplevel() on ptolemy.moml.MoMLSimpleApplication@18f3db7c
reloadAllAccessors: .LevelCrossTest10

===========================================================================================
----------------- testing Sun Jul 14 22:59:45 UTC 2019 /home/travis/build/icyphy/ptII/ptolemy/actor/lib/test/auto/LevelCrossTest11.xml
----------------- Instantiating /home/travis/build/icyphy/ptII/ptolemy/actor/lib/test/auto/LevelCrossTest11.xml
1 ms. Memory: 491520K Free: 185427K (38%)
----------------- Invoking toplevel() on ptolemy.moml.MoMLSimpleApplication@1e0871a3
----------------- Done invoking toplevel() on ptolemy.moml.MoMLSimpleApplication@1e0871a3
reloadAllAccessors: .LevelCrossTest11

===========================================================================================
----------------- testing Sun Jul 14 22:59:45 UTC 2019 /home/travis/build/icyphy/ptII/ptolemy/actor/lib/test/auto/LevelCrossTest12.xml
----------------- Instantiating /home/travis/build/icyphy/ptII/ptolemy/actor/lib/test/auto/LevelCrossTest12.xml
1 ms. Memory: 491520K Free: 178259K (36%)
----------------- Invoking toplevel() on ptolemy.moml.MoMLSimpleApplication@568060c3
----------------- Done invoking toplevel() on ptolemy.moml.MoMLSimpleApplication@568060c3
reloadAllAccessors: .LevelCrossTest12

===========================================================================================
----------------- testing Sun Jul 14 22:59:45 UTC 2019 /home/travis/build/icyphy/ptII/ptolemy/actor/lib/test/auto/LevelCrossTest13.xml
----------------- Instantiating /home/travis/build/icyphy/ptII/ptolemy/actor/lib/test/auto/LevelCrossTest13.xml
2 ms. Memory: 491520K Free: 171091K (35%)
----------------- Invoking toplevel() on ptolemy.moml.MoMLSimpleApplication@3e0b439a
----------------- Done invoking toplevel() on ptolemy.moml.MoMLSimpleApplication@3e0b439a
reloadAllAccessors: .LevelCrossTest13

===========================================================================================
----------------- testing Sun Jul 14 22:59:45 UTC 2019 /home/travis/build/icyphy/ptII/ptolemy/actor/lib/test/auto/LevelCrossTest2.xml
----------------- Instantiating /home/travis/build/icyphy/ptII/ptolemy/actor/lib/test/auto/LevelCrossTest2.xml
2 ms. Memory: 491520K Free: 165461K (34%)
----------------- Invoking toplevel() on ptolemy.moml.MoMLSimpleApplication@62c56f4d
----------------- Done invoking toplevel() on ptolemy.moml.MoMLSimpleApplication@62c56f4d
reloadAllAccessors: .broken

===========================================================================================
----------------- testing Sun Jul 14 22:59:45 UTC 2019 /home/travis/build/icyphy/ptII/ptolemy/actor/lib/test/auto/LevelCrossTest3.xml
----------------- Instantiating /home/travis/build/icyphy/ptII/ptolemy/actor/lib/test/auto/LevelCrossTest3.xml
2 ms. Memory: 491520K Free: 159827K (33%)
----------------- Invoking toplevel() on ptolemy.moml.MoMLSimpleApplication@3be8a6ee
----------------- Done invoking toplevel() on ptolemy.moml.MoMLSimpleApplication@3be8a6ee
reloadAllAccessors: .LevelCrossTest3

===========================================================================================
----------------- testing Sun Jul 14 22:59:45 UTC 2019 /home/travis/build/icyphy/ptII/ptolemy/actor/lib/test/auto/LevelCrossTest4.xml
----------------- Instantiating /home/travis/build/icyphy/ptII/ptolemy/actor/lib/test/auto/LevelCrossTest4.xml
7 ms. Memory: 491520K Free: 154197K (31%)
----------------- Invoking toplevel() on ptolemy.moml.MoMLSimpleApplication@60a6f4ae
----------------- Done invoking toplevel() on ptolemy.moml.MoMLSimpleApplication@60a6f4ae
reloadAllAccessors: .broken

===========================================================================================
----------------- testing Sun Jul 14 22:59:45 UTC 2019 /home/travis/build/icyphy/ptII/ptolemy/actor/lib/test/auto/LevelCrossTest5.xml
----------------- Instantiating /home/travis/build/icyphy/ptII/ptolemy/actor/lib/test/auto/LevelCrossTest5.xml
4 ms. Memory: 491520K Free: 438891K (89%)
----------------- Invoking toplevel() on ptolemy.moml.MoMLSimpleApplication@3298dae6
----------------- Done invoking toplevel() on ptolemy.moml.MoMLSimpleApplication@3298dae6
reloadAllAccessors: .LevelCrossTest5

===========================================================================================
----------------- testing Sun Jul 14 22:59:45 UTC 2019 /home/travis/build/icyphy/ptII/ptolemy/actor/lib/test/auto/LevelCrossTest6.xml
----------------- Instantiating /home/travis/build/icyphy/ptII/ptolemy/actor/lib/test/auto/LevelCrossTest6.xml
2 ms. Memory: 491520K Free: 432237K (88%)
----------------- Invoking toplevel() on ptolemy.moml.MoMLSimpleApplication@3367162f
----------------- Done invoking toplevel() on ptolemy.moml.MoMLSimpleApplication@3367162f
reloadAllAccessors: .LevelCrossTest6

===========================================================================================
----------------- testing Sun Jul 14 22:59:45 UTC 2019 /home/travis/build/icyphy/ptII/ptolemy/actor/lib/test/auto/LevelCrossTest7.xml
----------------- Instantiating /home/travis/build/icyphy/ptII/ptolemy/actor/lib/test/auto/LevelCrossTest7.xml
1 ms. Memory: 491520K Free: 424555K (86%)
----------------- Invoking toplevel() on ptolemy.moml.MoMLSimpleApplication@5b33ce9c
----------------- Done invoking toplevel() on ptolemy.moml.MoMLSimpleApplication@5b33ce9c
reloadAllAccessors: .LevelCrossTest7

===========================================================================================
----------------- testing Sun Jul 14 22:59:45 UTC 2019 /home/travis/build/icyphy/ptII/ptolemy/actor/lib/test/auto/LevelCrossTest8.xml
----------------- Instantiating /home/travis/build/icyphy/ptII/ptolemy/actor/lib/test/auto/LevelCrossTest8.xml
1 ms. Memory: 491520K Free: 416877K (85%)
----------------- Invoking toplevel() on ptolemy.moml.MoMLSimpleApplication@444f9633
----------------- Done invoking toplevel() on ptolemy.moml.MoMLSimpleApplication@444f9633
reloadAllAccessors: .LevelCrossTest8

===========================================================================================
----------------- testing Sun Jul 14 22:59:45 UTC 2019 /home/travis/build/icyphy/ptII/ptolemy/actor/lib/test/auto/LevelCrossTest9.xml
----------------- Instantiating /home/travis/build/icyphy/ptII/ptolemy/actor/lib/test/auto/LevelCrossTest9.xml
1 ms. Memory: 491520K Free: 410733K (84%)
----------------- Invoking toplevel() on ptolemy.moml.MoMLSimpleApplication@43a029df
----------------- Done invoking toplevel() on ptolemy.moml.MoMLSimpleApplication@43a029df
reloadAllAccessors: .LevelCrossTest9

===========================================================================================
----------------- testing Sun Jul 14 22:59:45 UTC 2019 /home/travis/build/icyphy/ptII/ptolemy/actor/lib/test/auto/LevinsonDurbin.xml
----------------- Instantiating /home/travis/build/icyphy/ptII/ptolemy/actor/lib/test/auto/LevinsonDurbin.xml
11 ms. Memory: 491520K Free: 406637K (83%)
----------------- Invoking toplevel() on ptolemy.moml.MoMLSimpleApplication@155dcfea
----------------- Done invoking toplevel() on ptolemy.moml.MoMLSimpleApplication@155dcfea
reloadAllAccessors: .LevinsonDurbin

===========================================================================================
----------------- testing Sun Jul 14 22:59:45 UTC 2019 /home/travis/build/icyphy/ptII/ptolemy/actor/lib/test/auto/LevinsonDurbin2.xml
----------------- Instantiating /home/travis/build/icyphy/ptII/ptolemy/actor/lib/test/auto/LevinsonDurbin2.xml
1 ms. Memory: 491520K Free: 402541K (82%)
----------------- Invoking toplevel() on ptolemy.moml.MoMLSimpleApplication@3db30f92
----------------- Done invoking toplevel() on ptolemy.moml.MoMLSimpleApplication@3db30f92
reloadAllAccessors: .LevinsonDurbin2

===========================================================================================
----------------- testing Sun Jul 14 22:59:45 UTC 2019 /home/travis/build/icyphy/ptII/ptolemy/actor/lib/test/auto/LevinsonDurbin3.xml
----------------- Instantiating /home/travis/build/icyphy/ptII/ptolemy/actor/lib/test/auto/LevinsonDurbin3.xml
5 ms. Memory: 491520K Free: 398955K (81%)
----------------- Invoking toplevel() on ptolemy.moml.MoMLSimpleApplication@79a7e5fa
----------------- Done invoking toplevel() on ptolemy.moml.MoMLSimpleApplication@79a7e5fa
reloadAllAccessors: .LevinsonDurbin3

===========================================================================================
----------------- testing Sun Jul 14 22:59:45 UTC 2019 /home/travis/build/icyphy/ptII/ptolemy/actor/lib/test/auto/Limiter.xml
----------------- Instantiating /home/travis/build/icyphy/ptII/ptolemy/actor/lib/test/auto/Limiter.xml
4 ms. Memory: 491520K Free: 389725K (79%)
----------------- Invoking toplevel() on ptolemy.moml.MoMLSimpleApplication@1c942d6
----------------- Done invoking toplevel() on ptolemy.moml.MoMLSimpleApplication@1c942d6
reloadAllAccessors: .Limiter

===========================================================================================
----------------- testing Sun Jul 14 22:59:45 UTC 2019 /home/travis/build/icyphy/ptII/ptolemy/actor/lib/test/auto/LinearDifferenceEquationSystem.xml
----------------- Instantiating /home/travis/build/icyphy/ptII/ptolemy/actor/lib/test/auto/LinearDifferenceEquationSystem.xml
4 ms. Memory: 491520K Free: 382571K (78%)
----------------- Invoking toplevel() on ptolemy.moml.MoMLSimpleApplication@4346e60b
----------------- Done invoking toplevel() on ptolemy.moml.MoMLSimpleApplication@4346e60b
reloadAllAccessors: .LinearDifferenceEquationSystem

===========================================================================================
----------------- testing Sun Jul 14 22:59:45 UTC 2019 /home/travis/build/icyphy/ptII/ptolemy/actor/lib/test/auto/LookupTable.xml
----------------- Instantiating /home/travis/build/icyphy/ptII/ptolemy/actor/lib/test/auto/LookupTable.xml
2 ms. Memory: 491520K Free: 378475K (77%)
----------------- Invoking toplevel() on ptolemy.moml.MoMLSimpleApplication@12eabdcc
----------------- Done invoking toplevel() on ptolemy.moml.MoMLSimpleApplication@12eabdcc
reloadAllAccessors: .LookupTable

===========================================================================================
----------------- testing Sun Jul 14 22:59:45 UTC 2019 /home/travis/build/icyphy/ptII/ptolemy/actor/lib/test/auto/MathFunction.xml
----------------- Instantiating /home/travis/build/icyphy/ptII/ptolemy/actor/lib/test/auto/MathFunction.xml
15 ms. Memory: 491520K Free: 370283K (75%)
----------------- Invoking toplevel() on ptolemy.moml.MoMLSimpleApplication@661dad6b
----------------- Done invoking toplevel() on ptolemy.moml.MoMLSimpleApplication@661dad6b
reloadAllAccessors: .MathFunction

===========================================================================================
----------------- testing Sun Jul 14 22:59:45 UTC 2019 /home/travis/build/icyphy/ptII/ptolemy/actor/lib/test/auto/MathFunction2.xml
----------------- Instantiating /home/travis/build/icyphy/ptII/ptolemy/actor/lib/test/auto/MathFunction2.xml
1 ms. Memory: 491520K Free: 366187K (75%)
----------------- Invoking toplevel() on ptolemy.moml.MoMLSimpleApplication@75237fef
----------------- Done invoking toplevel() on ptolemy.moml.MoMLSimpleApplication@75237fef
reloadAllAccessors: .MathFunction2

===========================================================================================
----------------- testing Sun Jul 14 22:59:45 UTC 2019 /home/travis/build/icyphy/ptII/ptolemy/actor/lib/test/auto/MathFunction3.xml
----------------- Instantiating /home/travis/build/icyphy/ptII/ptolemy/actor/lib/test/auto/MathFunction3.xml
2 ms. Memory: 491520K Free: 359019K (73%)
----------------- Invoking toplevel() on ptolemy.moml.MoMLSimpleApplication@27a3e4a7
----------------- Done invoking toplevel() on ptolemy.moml.MoMLSimpleApplication@27a3e4a7
reloadAllAccessors: .MathFunction3

===========================================================================================
----------------- testing Sun Jul 14 22:59:45 UTC 2019 /home/travis/build/icyphy/ptII/ptolemy/actor/lib/test/auto/MatrixCropBoolean.xml
----------------- Instantiating /home/travis/build/icyphy/ptII/ptolemy/actor/lib/test/auto/MatrixCropBoolean.xml
1 ms. Memory: 491520K Free: 354413K (72%)
----------------- Invoking toplevel() on ptolemy.moml.MoMLSimpleApplication@153c64ae
----------------- Done invoking toplevel() on ptolemy.moml.MoMLSimpleApplication@153c64ae
reloadAllAccessors: .MatrixCropBoolean

===========================================================================================
----------------- testing Sun Jul 14 22:59:45 UTC 2019 /home/travis/build/icyphy/ptII/ptolemy/actor/lib/test/auto/MatrixCropComplex.xml
----------------- Instantiating /home/travis/build/icyphy/ptII/ptolemy/actor/lib/test/auto/MatrixCropComplex.xml
2 ms. Memory: 491520K Free: 349293K (71%)
----------------- Invoking toplevel() on ptolemy.moml.MoMLSimpleApplication@26dbfddf
----------------- Done invoking toplevel() on ptolemy.moml.MoMLSimpleApplication@26dbfddf
reloadAllAccessors: .MatrixCropComplex

===========================================================================================
----------------- testing Sun Jul 14 22:59:45 UTC 2019 /home/travis/build/icyphy/ptII/ptolemy/actor/lib/test/auto/MatrixCropDouble.xml
----------------- Instantiating /home/travis/build/icyphy/ptII/ptolemy/actor/lib/test/auto/MatrixCropDouble.xml
3 ms. Memory: 491520K Free: 344653K (70%)
----------------- Invoking toplevel() on ptolemy.moml.MoMLSimpleApplication@16aba67d
----------------- Done invoking toplevel() on ptolemy.moml.MoMLSimpleApplication@16aba67d
reloadAllAccessors: .MatrixCropDouble

===========================================================================================
----------------- testing Sun Jul 14 22:59:45 UTC 2019 /home/travis/build/icyphy/ptII/ptolemy/actor/lib/test/auto/MatrixCropFix.xml
----------------- Instantiating /home/travis/build/icyphy/ptII/ptolemy/actor/lib/test/auto/MatrixCropFix.xml
2 ms. Memory: 491520K Free: 340077K (69%)
----------------- Invoking toplevel() on ptolemy.moml.MoMLSimpleApplication@6a13aa1b
----------------- Done invoking toplevel() on ptolemy.moml.MoMLSimpleApplication@6a13aa1b
reloadAllAccessors: .MatrixCropFix

===========================================================================================
----------------- testing Sun Jul 14 22:59:45 UTC 2019 /home/travis/build/icyphy/ptII/ptolemy/actor/lib/test/auto/MatrixCropInt.xml
----------------- Instantiating /home/travis/build/icyphy/ptII/ptolemy/actor/lib/test/auto/MatrixCropInt.xml
2 ms. Memory: 491520K Free: 334957K (68%)
----------------- Invoking toplevel() on ptolemy.moml.MoMLSimpleApplication@48ddc632
----------------- Done invoking toplevel() on ptolemy.moml.MoMLSimpleApplication@48ddc632
reloadAllAccessors: .MatrixCropInt

===========================================================================================
----------------- testing Sun Jul 14 22:59:45 UTC 2019 /home/travis/build/icyphy/ptII/ptolemy/actor/lib/test/auto/MatrixCropLong.xml
----------------- Instantiating /home/travis/build/icyphy/ptII/ptolemy/actor/lib/test/auto/MatrixCropLong.xml
2 ms. Memory: 491520K Free: 330317K (67%)
----------------- Invoking toplevel() on ptolemy.moml.MoMLSimpleApplication@10c02ddc
----------------- Done invoking toplevel() on ptolemy.moml.MoMLSimpleApplication@10c02ddc
reloadAllAccessors: .MatrixCropLong

===========================================================================================
----------------- testing Sun Jul 14 22:59:45 UTC 2019 /home/travis/build/icyphy/ptII/ptolemy/actor/lib/test/auto/MatrixToArray.xml
----------------- Instantiating /home/travis/build/icyphy/ptII/ptolemy/actor/lib/test/auto/MatrixToArray.xml
7 ms. Memory: 491520K Free: 315501K (64%)
----------------- Invoking toplevel() on ptolemy.moml.MoMLSimpleApplication@7988740d
----------------- Done invoking toplevel() on ptolemy.moml.MoMLSimpleApplication@7988740d
reloadAllAccessors: .MatrixToArray

===========================================================================================
----------------- testing Sun Jul 14 22:59:45 UTC 2019 /home/travis/build/icyphy/ptII/ptolemy/actor/lib/test/auto/MaxIndex.xml
----------------- Instantiating /home/travis/build/icyphy/ptII/ptolemy/actor/lib/test/auto/MaxIndex.xml
2 ms. Memory: 491520K Free: 310891K (63%)
----------------- Invoking toplevel() on ptolemy.moml.MoMLSimpleApplication@44dd4ff
----------------- Done invoking toplevel() on ptolemy.moml.MoMLSimpleApplication@44dd4ff
reloadAllAccessors: .MaxIndex

===========================================================================================
----------------- testing Sun Jul 14 22:59:45 UTC 2019 /home/travis/build/icyphy/ptII/ptolemy/actor/lib/test/auto/Maximum.xml
----------------- Instantiating /home/travis/build/icyphy/ptII/ptolemy/actor/lib/test/auto/Maximum.xml
7 ms. Memory: 491520K Free: 304237K (62%)
----------------- Invoking toplevel() on ptolemy.moml.MoMLSimpleApplication@5d6dced1
----------------- Done invoking toplevel() on ptolemy.moml.MoMLSimpleApplication@5d6dced1
reloadAllAccessors: .Maximum

===========================================================================================
----------------- testing Sun Jul 14 22:59:45 UTC 2019 /home/travis/build/icyphy/ptII/ptolemy/actor/lib/test/auto/MaximumComplex.xml
----------------- Instantiating /home/travis/build/icyphy/ptII/ptolemy/actor/lib/test/auto/MaximumComplex.xml
5 ms. Memory: 491520K Free: 298093K (61%)
----------------- Invoking toplevel() on ptolemy.moml.MoMLSimpleApplication@7ebb2eaa
----------------- Done invoking toplevel() on ptolemy.moml.MoMLSimpleApplication@7ebb2eaa
reloadAllAccessors: .MaximumComplex

===========================================================================================
----------------- testing Sun Jul 14 22:59:45 UTC 2019 /home/travis/build/icyphy/ptII/ptolemy/actor/lib/test/auto/MethodCallTest.xml
----------------- Instantiating /home/travis/build/icyphy/ptII/ptolemy/actor/lib/test/auto/MethodCallTest.xml
2 ms. Memory: 491520K Free: 291435K (59%)
----------------- Invoking toplevel() on ptolemy.moml.MoMLSimpleApplication@3b6596e3
----------------- Done invoking toplevel() on ptolemy.moml.MoMLSimpleApplication@3b6596e3
reloadAllAccessors: .MethodCallTest

===========================================================================================
----------------- testing Sun Jul 14 22:59:45 UTC 2019 /home/travis/build/icyphy/ptII/ptolemy/actor/lib/test/auto/Minimum.xml
----------------- Instantiating /home/travis/build/icyphy/ptII/ptolemy/actor/lib/test/auto/Minimum.xml
2 ms. Memory: 491520K Free: 285291K (58%)
----------------- Invoking toplevel() on ptolemy.moml.MoMLSimpleApplication@459de1da
----------------- Done invoking toplevel() on ptolemy.moml.MoMLSimpleApplication@459de1da
reloadAllAccessors: .Minimum

===========================================================================================
----------------- testing Sun Jul 14 22:59:45 UTC 2019 /home/travis/build/icyphy/ptII/ptolemy/actor/lib/test/auto/MinimumComplex.xml
----------------- Instantiating /home/travis/build/icyphy/ptII/ptolemy/actor/lib/test/auto/MinimumComplex.xml
3 ms. Memory: 491520K Free: 279117K (57%)
----------------- Invoking toplevel() on ptolemy.moml.MoMLSimpleApplication@1198f90f
----------------- Done invoking toplevel() on ptolemy.moml.MoMLSimpleApplication@1198f90f
reloadAllAccessors: .MinimumComplex

===========================================================================================
----------------- testing Sun Jul 14 22:59:45 UTC 2019 /home/travis/build/icyphy/ptII/ptolemy/actor/lib/test/auto/MinimumMultiports.xml
----------------- Instantiating /home/travis/build/icyphy/ptII/ptolemy/actor/lib/test/auto/MinimumMultiports.xml
4 ms. Memory: 491520K Free: 270445K (55%)
----------------- Invoking toplevel() on ptolemy.moml.MoMLSimpleApplication@3b17ecf1
----------------- Done invoking toplevel() on ptolemy.moml.MoMLSimpleApplication@3b17ecf1
reloadAllAccessors: .MinimumMultiports

===========================================================================================
----------------- testing Sun Jul 14 22:59:45 UTC 2019 /home/travis/build/icyphy/ptII/ptolemy/actor/lib/test/auto/ModifyDate.xml
----------------- Instantiating /home/travis/build/icyphy/ptII/ptolemy/actor/lib/test/auto/ModifyDate.xml
9 ms. Memory: 491520K Free: 257643K (52%)
----------------- Invoking toplevel() on ptolemy.moml.MoMLSimpleApplication@3edfeb76
----------------- Done invoking toplevel() on ptolemy.moml.MoMLSimpleApplication@3edfeb76
reloadAllAccessors: .ModifyDate

===========================================================================================
----------------- testing Sun Jul 14 22:59:46 UTC 2019 /home/travis/build/icyphy/ptII/ptolemy/actor/lib/test/auto/ModifyDate2.xml
----------------- Instantiating /home/travis/build/icyphy/ptII/ptolemy/actor/lib/test/auto/ModifyDate2.xml
3 ms. Memory: 491520K Free: 249451K (51%)
----------------- Invoking toplevel() on ptolemy.moml.MoMLSimpleApplication@64d01ff9
----------------- Done invoking toplevel() on ptolemy.moml.MoMLSimpleApplication@64d01ff9
reloadAllAccessors: .ModifyDate2

===========================================================================================
----------------- testing Sun Jul 14 22:59:46 UTC 2019 /home/travis/build/icyphy/ptII/ptolemy/actor/lib/test/auto/MovingAverage.xml
----------------- Instantiating /home/travis/build/icyphy/ptII/ptolemy/actor/lib/test/auto/MovingAverage.xml
2 ms. Memory: 491520K Free: 244331K (50%)
----------------- Invoking toplevel() on ptolemy.moml.MoMLSimpleApplication@3a84d0e1
----------------- Done invoking toplevel() on ptolemy.moml.MoMLSimpleApplication@3a84d0e1
reloadAllAccessors: .MovingAverage

===========================================================================================
----------------- testing Sun Jul 14 22:59:46 UTC 2019 /home/travis/build/icyphy/ptII/ptolemy/actor/lib/test/auto/MovingMaximum.xml
----------------- Instantiating /home/travis/build/icyphy/ptII/ptolemy/actor/lib/test/auto/MovingMaximum.xml
1 ms. Memory: 491520K Free: 239725K (49%)
----------------- Invoking toplevel() on ptolemy.moml.MoMLSimpleApplication@792c54d
----------------- Done invoking toplevel() on ptolemy.moml.MoMLSimpleApplication@792c54d
reloadAllAccessors: .MovingMaximum

===========================================================================================
----------------- testing Sun Jul 14 22:59:46 UTC 2019 /home/travis/build/icyphy/ptII/ptolemy/actor/lib/test/auto/MultipleLinksToSameRelation.xml
----------------- Instantiating /home/travis/build/icyphy/ptII/ptolemy/actor/lib/test/auto/MultipleLinksToSameRelation.xml
4 ms. Memory: 491520K Free: 235629K (48%)
----------------- Invoking toplevel() on ptolemy.moml.MoMLSimpleApplication@26a672a7
----------------- Done invoking toplevel() on ptolemy.moml.MoMLSimpleApplication@26a672a7
reloadAllAccessors: .MultipleLinksToSameRelation

===========================================================================================
----------------- testing Sun Jul 14 22:59:46 UTC 2019 /home/travis/build/icyphy/ptII/ptolemy/actor/lib/test/auto/MultipleLinksToSameRelationDE.xml
----------------- Instantiating /home/travis/build/icyphy/ptII/ptolemy/actor/lib/test/auto/MultipleLinksToSameRelationDE.xml
2 ms. Memory: 491520K Free: 231013K (47%)
----------------- Invoking toplevel() on ptolemy.moml.MoMLSimpleApplication@388b0eac
----------------- Done invoking toplevel() on ptolemy.moml.MoMLSimpleApplication@388b0eac
reloadAllAccessors: .MultipleLinksToSameRelationDE

===========================================================================================
----------------- testing Sun Jul 14 22:59:46 UTC 2019 /home/travis/build/icyphy/ptII/ptolemy/actor/lib/test/auto/Multiplexor.xml
----------------- Instantiating /home/travis/build/icyphy/ptII/ptolemy/actor/lib/test/auto/Multiplexor.xml
2 ms. Memory: 491520K Free: 225899K (46%)
----------------- Invoking toplevel() on ptolemy.moml.MoMLSimpleApplication@de394b
----------------- Done invoking toplevel() on ptolemy.moml.MoMLSimpleApplication@de394b
reloadAllAccessors: .Multiplexor

===========================================================================================
----------------- testing Sun Jul 14 22:59:46 UTC 2019 /home/travis/build/icyphy/ptII/ptolemy/actor/lib/test/auto/Multiplexor1.xml
----------------- Instantiating /home/travis/build/icyphy/ptII/ptolemy/actor/lib/test/auto/Multiplexor1.xml
2 ms. Memory: 491520K Free: 220269K (45%)
----------------- Invoking toplevel() on ptolemy.moml.MoMLSimpleApplication@52773e19
----------------- Done invoking toplevel() on ptolemy.moml.MoMLSimpleApplication@52773e19
reloadAllAccessors: .Multiplexor1

===========================================================================================
----------------- testing Sun Jul 14 22:59:46 UTC 2019 /home/travis/build/icyphy/ptII/ptolemy/actor/lib/test/auto/Multiplexor2.xml
----------------- Instantiating /home/travis/build/icyphy/ptII/ptolemy/actor/lib/test/auto/Multiplexor2.xml
3 ms. Memory: 491520K Free: 213611K (43%)
----------------- Invoking toplevel() on ptolemy.moml.MoMLSimpleApplication@661124d2
----------------- Done invoking toplevel() on ptolemy.moml.MoMLSimpleApplication@661124d2
reloadAllAccessors: .Multiplexor2

===========================================================================================
----------------- testing Sun Jul 14 22:59:46 UTC 2019 /home/travis/build/icyphy/ptII/ptolemy/actor/lib/test/auto/Multiplexor3.xml
----------------- Instantiating /home/travis/build/icyphy/ptII/ptolemy/actor/lib/test/auto/Multiplexor3.xml
3 ms. Memory: 491520K Free: 209515K (43%)
----------------- Invoking toplevel() on ptolemy.moml.MoMLSimpleApplication@4fdc0436
----------------- Done invoking toplevel() on ptolemy.moml.MoMLSimpleApplication@4fdc0436
reloadAllAccessors: .Multiplexor3

===========================================================================================
----------------- testing Sun Jul 14 22:59:46 UTC 2019 /home/travis/build/icyphy/ptII/ptolemy/actor/lib/test/auto/MultiplexorDE.xml
----------------- Instantiating /home/travis/build/icyphy/ptII/ptolemy/actor/lib/test/auto/MultiplexorDE.xml
3 ms. Memory: 491520K Free: 202317K (41%)
----------------- Invoking toplevel() on ptolemy.moml.MoMLSimpleApplication@106bf65c
----------------- Done invoking toplevel() on ptolemy.moml.MoMLSimpleApplication@106bf65c
reloadAllAccessors: .MultiplexorDE

===========================================================================================
----------------- testing Sun Jul 14 22:59:46 UTC 2019 /home/travis/build/icyphy/ptII/ptolemy/actor/lib/test/auto/MultiportBroadcastTest.xml
----------------- Instantiating /home/travis/build/icyphy/ptII/ptolemy/actor/lib/test/auto/MultiportBroadcastTest.xml
105 ms. Memory: 491520K Free: 196203K (40%)
----------------- Invoking toplevel() on ptolemy.moml.MoMLSimpleApplication@33d2b2ed
----------------- Done invoking toplevel() on ptolemy.moml.MoMLSimpleApplication@33d2b2ed
reloadAllAccessors: .MultiportBroadcastTest

===========================================================================================
----------------- testing Sun Jul 14 22:59:46 UTC 2019 /home/travis/build/icyphy/ptII/ptolemy/actor/lib/test/auto/MultiportOutHangDuringGetWidth.xml
----------------- Instantiating /home/travis/build/icyphy/ptII/ptolemy/actor/lib/test/auto/MultiportOutHangDuringGetWidth.xml
6 ms. Memory: 491520K Free: 184429K (38%)
----------------- Invoking toplevel() on ptolemy.moml.MoMLSimpleApplication@6e2cc541
----------------- Done invoking toplevel() on ptolemy.moml.MoMLSimpleApplication@6e2cc541
reloadAllAccessors: .MultiportOutHangDuringGetWidth

===========================================================================================
----------------- testing Sun Jul 14 22:59:46 UTC 2019 /home/travis/build/icyphy/ptII/ptolemy/actor/lib/test/auto/NilToken.xml
----------------- Instantiating /home/travis/build/icyphy/ptII/ptolemy/actor/lib/test/auto/NilToken.xml
2 ms. Memory: 491520K Free: 180333K (37%)
----------------- Invoking toplevel() on ptolemy.moml.MoMLSimpleApplication@643e5b6c
----------------- Done invoking toplevel() on ptolemy.moml.MoMLSimpleApplication@643e5b6c
reloadAllAccessors: .NilToken

===========================================================================================
----------------- testing Sun Jul 14 22:59:46 UTC 2019 /home/travis/build/icyphy/ptII/ptolemy/actor/lib/test/auto/NilTokenNonStrictTest.xml
----------------- Instantiating /home/travis/build/icyphy/ptII/ptolemy/actor/lib/test/auto/NilTokenNonStrictTest.xml
2 ms. Memory: 491520K Free: 175723K (36%)
----------------- Invoking toplevel() on ptolemy.moml.MoMLSimpleApplication@3483efd3
----------------- Done invoking toplevel() on ptolemy.moml.MoMLSimpleApplication@3483efd3
reloadAllAccessors: .NilTokenNonStrictTest

===========================================================================================
----------------- testing Sun Jul 14 22:59:46 UTC 2019 /home/travis/build/icyphy/ptII/ptolemy/actor/lib/test/auto/NilTokenRecord.xml
----------------- Instantiating /home/travis/build/icyphy/ptII/ptolemy/actor/lib/test/auto/NilTokenRecord.xml
6 ms. Memory: 491520K Free: 169579K (35%)
----------------- Invoking toplevel() on ptolemy.moml.MoMLSimpleApplication@4ce5e82
----------------- Done invoking toplevel() on ptolemy.moml.MoMLSimpleApplication@4ce5e82
reloadAllAccessors: .NilTokenRecord

===========================================================================================
----------------- testing Sun Jul 14 22:59:46 UTC 2019 /home/travis/build/icyphy/ptII/ptolemy/actor/lib/test/auto/NilTokenTypeTest.xml
----------------- Instantiating /home/travis/build/icyphy/ptII/ptolemy/actor/lib/test/auto/NilTokenTypeTest.xml
13 ms. Memory: 491520K Free: 159853K (33%)
----------------- Invoking toplevel() on ptolemy.moml.MoMLSimpleApplication@1a7d838c
----------------- Done invoking toplevel() on ptolemy.moml.MoMLSimpleApplication@1a7d838c
reloadAllAccessors: .NilTokenTypeTest

===========================================================================================
----------------- testing Sun Jul 14 22:59:46 UTC 2019 /home/travis/build/icyphy/ptII/ptolemy/actor/lib/test/auto/ObjectToken1.xml
----------------- Instantiating /home/travis/build/icyphy/ptII/ptolemy/actor/lib/test/auto/ObjectToken1.xml
2 ms. Memory: 491520K Free: 155757K (32%)
----------------- Invoking toplevel() on ptolemy.moml.MoMLSimpleApplication@39dd19c6
----------------- Done invoking toplevel() on ptolemy.moml.MoMLSimpleApplication@39dd19c6
reloadAllAccessors: .ObjectToken1

===========================================================================================
----------------- testing Sun Jul 14 22:59:46 UTC 2019 /home/travis/build/icyphy/ptII/ptolemy/actor/lib/test/auto/OrderedMerge.xml
----------------- Instantiating /home/travis/build/icyphy/ptII/ptolemy/actor/lib/test/auto/OrderedMerge.xml
20 ms. Memory: 491520K Free: 441011K (90%)
----------------- Invoking toplevel() on ptolemy.moml.MoMLSimpleApplication@5d48023c
----------------- Done invoking toplevel() on ptolemy.moml.MoMLSimpleApplication@5d48023c
reloadAllAccessors: .OrderedMerge

===========================================================================================
----------------- testing Sun Jul 14 22:59:46 UTC 2019 /home/travis/build/icyphy/ptII/ptolemy/actor/lib/test/auto/OrderedRecordDisassembler.xml
----------------- Instantiating /home/travis/build/icyphy/ptII/ptolemy/actor/lib/test/auto/OrderedRecordDisassembler.xml
3 ms. Memory: 491520K Free: 435636K (89%)
----------------- Invoking toplevel() on ptolemy.moml.MoMLSimpleApplication@23b60efd
----------------- Done invoking toplevel() on ptolemy.moml.MoMLSimpleApplication@23b60efd
reloadAllAccessors: .OrderedRecordDisassembler

===========================================================================================
----------------- testing Sun Jul 14 22:59:46 UTC 2019 /home/travis/build/icyphy/ptII/ptolemy/actor/lib/test/auto/OrderedRecordDisassembler2.xml
----------------- Instantiating /home/travis/build/icyphy/ptII/ptolemy/actor/lib/test/auto/OrderedRecordDisassembler2.xml
4 ms. Memory: 491520K Free: 427940K (87%)
----------------- Invoking toplevel() on ptolemy.moml.MoMLSimpleApplication@1c4645ff
----------------- Done invoking toplevel() on ptolemy.moml.MoMLSimpleApplication@1c4645ff
reloadAllAccessors: .OrderedRecordDisassembler2

===========================================================================================
----------------- testing Sun Jul 14 22:59:46 UTC 2019 /home/travis/build/icyphy/ptII/ptolemy/actor/lib/test/auto/OrderedRecordUpdater.xml
----------------- Instantiating /home/travis/build/icyphy/ptII/ptolemy/actor/lib/test/auto/OrderedRecordUpdater.xml
2 ms. Memory: 491520K Free: 422834K (86%)
----------------- Invoking toplevel() on ptolemy.moml.MoMLSimpleApplication@76e54f05
----------------- Done invoking toplevel() on ptolemy.moml.MoMLSimpleApplication@76e54f05
reloadAllAccessors: .RecordUpdater

===========================================================================================
----------------- testing Sun Jul 14 22:59:46 UTC 2019 /home/travis/build/icyphy/ptII/ptolemy/actor/lib/test/auto/OrderedRecordUpdater2.xml
----------------- Instantiating /home/travis/build/icyphy/ptII/ptolemy/actor/lib/test/auto/OrderedRecordUpdater2.xml
3 ms. Memory: 491520K Free: 417714K (85%)
----------------- Invoking toplevel() on ptolemy.moml.MoMLSimpleApplication@49454b56
----------------- Done invoking toplevel() on ptolemy.moml.MoMLSimpleApplication@49454b56
reloadAllAccessors: .RecordUpdater2

===========================================================================================
----------------- testing Sun Jul 14 22:59:46 UTC 2019 /home/travis/build/icyphy/ptII/ptolemy/actor/lib/test/auto/PhaseUnwrap.xml
----------------- Instantiating /home/travis/build/icyphy/ptII/ptolemy/actor/lib/test/auto/PhaseUnwrap.xml
1 ms. Memory: 491520K Free: 413108K (84%)
----------------- Invoking toplevel() on ptolemy.moml.MoMLSimpleApplication@e7408a0
----------------- Done invoking toplevel() on ptolemy.moml.MoMLSimpleApplication@e7408a0
reloadAllAccessors: .PhaseUnwrap

===========================================================================================
----------------- testing Sun Jul 14 22:59:46 UTC 2019 /home/travis/build/icyphy/ptII/ptolemy/actor/lib/test/auto/PoissonClock.xml
----------------- Instantiating /home/travis/build/icyphy/ptII/ptolemy/actor/lib/test/auto/PoissonClock.xml
3 ms. Memory: 491520K Free: 409522K (83%)
----------------- Invoking toplevel() on ptolemy.moml.MoMLSimpleApplication@4a4a2316
----------------- Done invoking toplevel() on ptolemy.moml.MoMLSimpleApplication@4a4a2316
reloadAllAccessors: .PoissonClock

===========================================================================================
----------------- testing Sun Jul 14 22:59:46 UTC 2019 /home/travis/build/icyphy/ptII/ptolemy/actor/lib/test/auto/PoissonClock2.xml
----------------- Instantiating /home/travis/build/icyphy/ptII/ptolemy/actor/lib/test/auto/PoissonClock2.xml
2 ms. Memory: 491520K Free: 404916K (82%)
----------------- Invoking toplevel() on ptolemy.moml.MoMLSimpleApplication@729779a7
----------------- Done invoking toplevel() on ptolemy.moml.MoMLSimpleApplication@729779a7
reloadAllAccessors: .PoissonClock2

===========================================================================================
----------------- testing Sun Jul 14 22:59:46 UTC 2019 /home/travis/build/icyphy/ptII/ptolemy/actor/lib/test/auto/PoissonClock3.xml
----------------- Instantiating /home/travis/build/icyphy/ptII/ptolemy/actor/lib/test/auto/PoissonClock3.xml
2 ms. Memory: 491520K Free: 400306K (81%)
----------------- Invoking toplevel() on ptolemy.moml.MoMLSimpleApplication@358b9061
----------------- Done invoking toplevel() on ptolemy.moml.MoMLSimpleApplication@358b9061
reloadAllAccessors: .PoissonClock3

===========================================================================================
----------------- testing Sun Jul 14 22:59:46 UTC 2019 /home/travis/build/icyphy/ptII/ptolemy/actor/lib/test/auto/PubSubWithInitialTokens.xml
----------------- Instantiating /home/travis/build/icyphy/ptII/ptolemy/actor/lib/test/auto/PubSubWithInitialTokens.xml
5 ms. Memory: 491520K Free: 394676K (80%)
----------------- Invoking toplevel() on ptolemy.moml.MoMLSimpleApplication@1d42ff63
----------------- Done invoking toplevel() on ptolemy.moml.MoMLSimpleApplication@1d42ff63
reloadAllAccessors: .PubSubWithInitialTokens

===========================================================================================
----------------- testing Sun Jul 14 22:59:46 UTC 2019 /home/travis/build/icyphy/ptII/ptolemy/actor/lib/test/auto/PubSubWithInitialTokens2.xml
----------------- Instantiating /home/travis/build/icyphy/ptII/ptolemy/actor/lib/test/auto/PubSubWithInitialTokens2.xml
3 ms. Memory: 491520K Free: 388532K (79%)
----------------- Invoking toplevel() on ptolemy.moml.MoMLSimpleApplication@4ec8375e
----------------- Done invoking toplevel() on ptolemy.moml.MoMLSimpleApplication@4ec8375e
reloadAllAccessors: .PubSubWithInitialTokens2

===========================================================================================
----------------- testing Sun Jul 14 22:59:46 UTC 2019 /home/travis/build/icyphy/ptII/ptolemy/actor/lib/test/auto/PublisherClassNoParameter.xml
----------------- Instantiating /home/travis/build/icyphy/ptII/ptolemy/actor/lib/test/auto/PublisherClassNoParameter.xml
2 ms. Memory: 491520K Free: 378796K (77%)
----------------- Invoking toplevel() on ptolemy.moml.MoMLSimpleApplication@4870bf65
----------------- Done invoking toplevel() on ptolemy.moml.MoMLSimpleApplication@4870bf65
reloadAllAccessors: .PublisherClassNoParameter

===========================================================================================
----------------- testing Sun Jul 14 22:59:46 UTC 2019 /home/travis/build/icyphy/ptII/ptolemy/actor/lib/test/auto/PublisherClassParameter.xml
----------------- Instantiating /home/travis/build/icyphy/ptII/ptolemy/actor/lib/test/auto/PublisherClassParameter.xml
2 ms. Memory: 491520K Free: 368548K (75%)
----------------- Invoking toplevel() on ptolemy.moml.MoMLSimpleApplication@6783019b
----------------- Done invoking toplevel() on ptolemy.moml.MoMLSimpleApplication@6783019b
reloadAllAccessors: .PublisherClassParameter

===========================================================================================
----------------- testing Sun Jul 14 22:59:46 UTC 2019 /home/travis/build/icyphy/ptII/ptolemy/actor/lib/test/auto/PublisherNonStrictTest.xml
----------------- Instantiating /home/travis/build/icyphy/ptII/ptolemy/actor/lib/test/auto/PublisherNonStrictTest.xml
3 ms. Memory: 491520K Free: 360884K (73%)
----------------- Invoking toplevel() on ptolemy.moml.MoMLSimpleApplication@624b3455
----------------- Done invoking toplevel() on ptolemy.moml.MoMLSimpleApplication@624b3455
reloadAllAccessors: .PublisherNonStrictTest

===========================================================================================
----------------- testing Sun Jul 14 22:59:46 UTC 2019 /home/travis/build/icyphy/ptII/ptolemy/actor/lib/test/auto/PublisherPort1.xml
----------------- Instantiating /home/travis/build/icyphy/ptII/ptolemy/actor/lib/test/auto/PublisherPort1.xml
3 ms. Memory: 491520K Free: 355236K (72%)
----------------- Invoking toplevel() on ptolemy.moml.MoMLSimpleApplication@1893a3a
----------------- Done invoking toplevel() on ptolemy.moml.MoMLSimpleApplication@1893a3a
reloadAllAccessors: .PublisherPort1

===========================================================================================
----------------- testing Sun Jul 14 22:59:46 UTC 2019 /home/travis/build/icyphy/ptII/ptolemy/actor/lib/test/auto/PublisherPort2.xml
----------------- Instantiating /home/travis/build/icyphy/ptII/ptolemy/actor/lib/test/auto/PublisherPort2.xml
1 ms. Memory: 491520K Free: 350130K (71%)
----------------- Invoking toplevel() on ptolemy.moml.MoMLSimpleApplication@23f6476d
----------------- Done invoking toplevel() on ptolemy.moml.MoMLSimpleApplication@23f6476d
reloadAllAccessors: .PublisherPort2

===========================================================================================
----------------- testing Sun Jul 14 22:59:46 UTC 2019 /home/travis/build/icyphy/ptII/ptolemy/actor/lib/test/auto/PublisherPort3.xml
----------------- Instantiating /home/travis/build/icyphy/ptII/ptolemy/actor/lib/test/auto/PublisherPort3.xml
9 ms. Memory: 491520K Free: 343476K (70%)
----------------- Invoking toplevel() on ptolemy.moml.MoMLSimpleApplication@418cb705
----------------- Done invoking toplevel() on ptolemy.moml.MoMLSimpleApplication@418cb705
reloadAllAccessors: .PublisherPort3

===========================================================================================
----------------- testing Sun Jul 14 22:59:46 UTC 2019 /home/travis/build/icyphy/ptII/ptolemy/actor/lib/test/auto/PublisherPort4.xml
----------------- Instantiating /home/travis/build/icyphy/ptII/ptolemy/actor/lib/test/auto/PublisherPort4.xml
2 ms. Memory: 491520K Free: 337836K (69%)
----------------- Invoking toplevel() on ptolemy.moml.MoMLSimpleApplication@35d061ff
----------------- Done invoking toplevel() on ptolemy.moml.MoMLSimpleApplication@35d061ff
reloadAllAccessors: .PublisherPort4

===========================================================================================
----------------- testing Sun Jul 14 22:59:46 UTC 2019 /home/travis/build/icyphy/ptII/ptolemy/actor/lib/test/auto/PublisherPort5.xml
----------------- Instantiating /home/travis/build/icyphy/ptII/ptolemy/actor/lib/test/auto/PublisherPort5.xml
3 ms. Memory: 491520K Free: 330164K (67%)
----------------- Invoking toplevel() on ptolemy.moml.MoMLSimpleApplication@2dd6d60f
----------------- Done invoking toplevel() on ptolemy.moml.MoMLSimpleApplication@2dd6d60f
reloadAllAccessors: .PublisherPort5

===========================================================================================
----------------- testing Sun Jul 14 22:59:46 UTC 2019 /home/travis/build/icyphy/ptII/ptolemy/actor/lib/test/auto/PublisherPort5LookAlike.xml
----------------- Instantiating /home/travis/build/icyphy/ptII/ptolemy/actor/lib/test/auto/PublisherPort5LookAlike.xml
8 ms. Memory: 491520K Free: 322996K (66%)
----------------- Invoking toplevel() on ptolemy.moml.MoMLSimpleApplication@6780f52e
----------------- Done invoking toplevel() on ptolemy.moml.MoMLSimpleApplication@6780f52e
reloadAllAccessors: .PublisherPort5LookAlike

===========================================================================================
----------------- testing Sun Jul 14 22:59:46 UTC 2019 /home/travis/build/icyphy/ptII/ptolemy/actor/lib/test/auto/PublisherPort6.xml
----------------- Instantiating /home/travis/build/icyphy/ptII/ptolemy/actor/lib/test/auto/PublisherPort6.xml
2 ms. Memory: 491520K Free: 316324K (64%)
----------------- Invoking toplevel() on ptolemy.moml.MoMLSimpleApplication@28ffe10e
----------------- Done invoking toplevel() on ptolemy.moml.MoMLSimpleApplication@28ffe10e
reloadAllAccessors: .PublisherPort6

===========================================================================================
----------------- testing Sun Jul 14 22:59:46 UTC 2019 /home/travis/build/icyphy/ptII/ptolemy/actor/lib/test/auto/PublisherPort7.xml
----------------- Instantiating /home/travis/build/icyphy/ptII/ptolemy/actor/lib/test/auto/PublisherPort7.xml
3 ms. Memory: 491520K Free: 308660K (63%)
----------------- Invoking toplevel() on ptolemy.moml.MoMLSimpleApplication@f60366b
----------------- Done invoking toplevel() on ptolemy.moml.MoMLSimpleApplication@f60366b
reloadAllAccessors: .PublisherPort7

===========================================================================================
----------------- testing Sun Jul 14 22:59:46 UTC 2019 /home/travis/build/icyphy/ptII/ptolemy/actor/lib/test/auto/PublisherPort8.xml
----------------- Instantiating /home/travis/build/icyphy/ptII/ptolemy/actor/lib/test/auto/PublisherPort8.xml
4 ms. Memory: 491520K Free: 299954K (61%)
----------------- Invoking toplevel() on ptolemy.moml.MoMLSimpleApplication@74e5fbe
----------------- Done invoking toplevel() on ptolemy.moml.MoMLSimpleApplication@74e5fbe
reloadAllAccessors: .PublisherPort8

===========================================================================================
----------------- testing Sun Jul 14 22:59:46 UTC 2019 /home/travis/build/icyphy/ptII/ptolemy/actor/lib/test/auto/PublisherPortSubscriberChannelVariablesAOC2.xml
----------------- Instantiating /home/travis/build/icyphy/ptII/ptolemy/actor/lib/test/auto/PublisherPortSubscriberChannelVariablesAOC2.xml
12 ms. Memory: 491520K Free: 282546K (57%)
----------------- Invoking toplevel() on ptolemy.moml.MoMLSimpleApplication@1fc2fe74
----------------- Done invoking toplevel() on ptolemy.moml.MoMLSimpleApplication@1fc2fe74
reloadAllAccessors: .PublisherPortSubscriberChannelVariablesAOC2

===========================================================================================
----------------- testing Sun Jul 14 22:59:47 UTC 2019 /home/travis/build/icyphy/ptII/ptolemy/actor/lib/test/auto/PublisherPortSubscriberOpaqueWidthInference.xml
----------------- Instantiating /home/travis/build/icyphy/ptII/ptolemy/actor/lib/test/auto/PublisherPortSubscriberOpaqueWidthInference.xml
3 ms. Memory: 491520K Free: 274868K (56%)
----------------- Invoking toplevel() on ptolemy.moml.MoMLSimpleApplication@331338eb
----------------- Done invoking toplevel() on ptolemy.moml.MoMLSimpleApplication@331338eb
reloadAllAccessors: .PublisherPortSubscriberOpaqueWidthInference

===========================================================================================
----------------- testing Sun Jul 14 22:59:47 UTC 2019 /home/travis/build/icyphy/ptII/ptolemy/actor/lib/test/auto/PublisherPortSubscriberPortAdjacent.xml
----------------- Instantiating /home/travis/build/icyphy/ptII/ptolemy/actor/lib/test/auto/PublisherPortSubscriberPortAdjacent.xml
2 ms. Memory: 491520K Free: 266676K (54%)
----------------- Invoking toplevel() on ptolemy.moml.MoMLSimpleApplication@2adf5dc3
----------------- Done invoking toplevel() on ptolemy.moml.MoMLSimpleApplication@2adf5dc3
reloadAllAccessors: .PublisherPortSubscriberPortAdjacent

===========================================================================================
----------------- testing Sun Jul 14 22:59:47 UTC 2019 /home/travis/build/icyphy/ptII/ptolemy/actor/lib/test/auto/PublisherPortSubscriberPortExpression.xml
----------------- Instantiating /home/travis/build/icyphy/ptII/ptolemy/actor/lib/test/auto/PublisherPortSubscriberPortExpression.xml
6 ms. Memory: 491520K Free: 259508K (53%)
----------------- Invoking toplevel() on ptolemy.moml.MoMLSimpleApplication@3a60769c
----------------- Done invoking toplevel() on ptolemy.moml.MoMLSimpleApplication@3a60769c
reloadAllAccessors: .PublisherPortSubscriberPortExpression

===========================================================================================
----------------- testing Sun Jul 14 22:59:47 UTC 2019 /home/travis/build/icyphy/ptII/ptolemy/actor/lib/test/auto/PublisherPortSubscriberPortOpaqueD3Reverse.xml
----------------- Instantiating /home/travis/build/icyphy/ptII/ptolemy/actor/lib/test/auto/PublisherPortSubscriberPortOpaqueD3Reverse.xml
8 ms. Memory: 491520K Free: 249268K (51%)
----------------- Invoking toplevel() on ptolemy.moml.MoMLSimpleApplication@2883de22
----------------- Done invoking toplevel() on ptolemy.moml.MoMLSimpleApplication@2883de22
reloadAllAccessors: .PublisherPortSubscriberPortOpaqueD3Reverse

===========================================================================================
----------------- testing Sun Jul 14 22:59:47 UTC 2019 /home/travis/build/icyphy/ptII/ptolemy/actor/lib/test/auto/PublisherPortSubscriberPortOpaqueWidthInference.xml
----------------- Instantiating /home/travis/build/icyphy/ptII/ptolemy/actor/lib/test/auto/PublisherPortSubscriberPortOpaqueWidthInference.xml
3 ms. Memory: 491520K Free: 241572K (49%)
----------------- Invoking toplevel() on ptolemy.moml.MoMLSimpleApplication@58bbc428
----------------- Done invoking toplevel() on ptolemy.moml.MoMLSimpleApplication@58bbc428
reloadAllAccessors: .PublisherPortSubscriberPortOpaqueWidthInference

===========================================================================================
----------------- testing Sun Jul 14 22:59:47 UTC 2019 /home/travis/build/icyphy/ptII/ptolemy/actor/lib/test/auto/PublisherPortToplevelSubscriberPortAOC.xml
----------------- Instantiating /home/travis/build/icyphy/ptII/ptolemy/actor/lib/test/auto/PublisherPortToplevelSubscriberPortAOC.xml
.PublisherPortToplevelSubscriberPortAOC.TestExceptionAttribute: initialize() was not invoked, but wrapup() was.  This is unusual, but not always a problem.  For example, exporting JNLP will do this.
2 ms. Memory: 491520K Free: 235442K (48%)
----------------- Invoking toplevel() on ptolemy.moml.MoMLSimpleApplication@23451ab0
----------------- Done invoking toplevel() on ptolemy.moml.MoMLSimpleApplication@23451ab0
reloadAllAccessors: .PublisherPortToplevelSubscriberPortAOC

===========================================================================================
----------------- testing Sun Jul 14 22:59:47 UTC 2019 /home/travis/build/icyphy/ptII/ptolemy/actor/lib/test/auto/PublisherSubscriber.xml
----------------- Instantiating /home/travis/build/icyphy/ptII/ptolemy/actor/lib/test/auto/PublisherSubscriber.xml
2 ms. Memory: 491520K Free: 228244K (46%)
----------------- Invoking toplevel() on ptolemy.moml.MoMLSimpleApplication@2990973b
----------------- Done invoking toplevel() on ptolemy.moml.MoMLSimpleApplication@2990973b
reloadAllAccessors: .PublisherSubscriber

===========================================================================================
----------------- testing Sun Jul 14 22:59:47 UTC 2019 /home/travis/build/icyphy/ptII/ptolemy/actor/lib/test/auto/PublisherSubscriber10.xml
----------------- Instantiating /home/travis/build/icyphy/ptII/ptolemy/actor/lib/test/auto/PublisherSubscriber10.xml
6 ms. Memory: 491520K Free: 218548K (44%)
----------------- Invoking toplevel() on ptolemy.moml.MoMLSimpleApplication@1216ea71
----------------- Done invoking toplevel() on ptolemy.moml.MoMLSimpleApplication@1216ea71
reloadAllAccessors: .PublisherSubscriber10

===========================================================================================
----------------- testing Sun Jul 14 22:59:47 UTC 2019 /home/travis/build/icyphy/ptII/ptolemy/actor/lib/test/auto/PublisherSubscriber10InitialOutputs.xml
----------------- Instantiating /home/travis/build/icyphy/ptII/ptolemy/actor/lib/test/auto/PublisherSubscriber10InitialOutputs.xml
13 ms. Memory: 491520K Free: 209332K (43%)
----------------- Invoking toplevel() on ptolemy.moml.MoMLSimpleApplication@13bd5a3b
----------------- Done invoking toplevel() on ptolemy.moml.MoMLSimpleApplication@13bd5a3b
reloadAllAccessors: .PublisherSubscriber10InitialOutputs

===========================================================================================
----------------- testing Sun Jul 14 22:59:47 UTC 2019 /home/travis/build/icyphy/ptII/ptolemy/actor/lib/test/auto/PublisherSubscriber11.xml
----------------- Instantiating /home/travis/build/icyphy/ptII/ptolemy/actor/lib/test/auto/PublisherSubscriber11.xml
3 ms. Memory: 491520K Free: 203188K (41%)
----------------- Invoking toplevel() on ptolemy.moml.MoMLSimpleApplication@b696351
----------------- Done invoking toplevel() on ptolemy.moml.MoMLSimpleApplication@b696351
reloadAllAccessors: .PublisherSubscriber11

===========================================================================================
----------------- testing Sun Jul 14 22:59:47 UTC 2019 /home/travis/build/icyphy/ptII/ptolemy/actor/lib/test/auto/PublisherSubscriber12.xml
----------------- Instantiating /home/travis/build/icyphy/ptII/ptolemy/actor/lib/test/auto/PublisherSubscriber12.xml
5 ms. Memory: 491520K Free: 196020K (40%)
----------------- Invoking toplevel() on ptolemy.moml.MoMLSimpleApplication@42d9d5f4
----------------- Done invoking toplevel() on ptolemy.moml.MoMLSimpleApplication@42d9d5f4
reloadAllAccessors: .PublisherSubscriber12

===========================================================================================
----------------- testing Sun Jul 14 22:59:47 UTC 2019 /home/travis/build/icyphy/ptII/ptolemy/actor/lib/test/auto/PublisherSubscriber13.xml
----------------- Instantiating /home/travis/build/icyphy/ptII/ptolemy/actor/lib/test/auto/PublisherSubscriber13.xml
2 ms. Memory: 491520K Free: 190386K (39%)
----------------- Invoking toplevel() on ptolemy.moml.MoMLSimpleApplication@7c371b5
----------------- Done invoking toplevel() on ptolemy.moml.MoMLSimpleApplication@7c371b5
reloadAllAccessors: .PublisherSubscriber13

===========================================================================================
----------------- testing Sun Jul 14 22:59:47 UTC 2019 /home/travis/build/icyphy/ptII/ptolemy/actor/lib/test/auto/PublisherSubscriber14.xml
----------------- Instantiating /home/travis/build/icyphy/ptII/ptolemy/actor/lib/test/auto/PublisherSubscriber14.xml
2 ms. Memory: 491520K Free: 182194K (37%)
----------------- Invoking toplevel() on ptolemy.moml.MoMLSimpleApplication@9116b29
----------------- Done invoking toplevel() on ptolemy.moml.MoMLSimpleApplication@9116b29
reloadAllAccessors: .PublisherSubscriber14

===========================================================================================
----------------- testing Sun Jul 14 22:59:47 UTC 2019 /home/travis/build/icyphy/ptII/ptolemy/actor/lib/test/auto/PublisherSubscriber2.xml
----------------- Instantiating /home/travis/build/icyphy/ptII/ptolemy/actor/lib/test/auto/PublisherSubscriber2.xml
3 ms. Memory: 491520K Free: 176564K (36%)
----------------- Invoking toplevel() on ptolemy.moml.MoMLSimpleApplication@64f27041
----------------- Done invoking toplevel() on ptolemy.moml.MoMLSimpleApplication@64f27041
reloadAllAccessors: .PublisherSubscriber2

===========================================================================================
----------------- testing Sun Jul 14 22:59:47 UTC 2019 /home/travis/build/icyphy/ptII/ptolemy/actor/lib/test/auto/PublisherSubscriber3.xml
----------------- Instantiating /home/travis/build/icyphy/ptII/ptolemy/actor/lib/test/auto/PublisherSubscriber3.xml
2 ms. Memory: 491520K Free: 170930K (35%)
----------------- Invoking toplevel() on ptolemy.moml.MoMLSimpleApplication@73a465e3
----------------- Done invoking toplevel() on ptolemy.moml.MoMLSimpleApplication@73a465e3
reloadAllAccessors: .PublisherSubscriber3

===========================================================================================
----------------- testing Sun Jul 14 22:59:47 UTC 2019 /home/travis/build/icyphy/ptII/ptolemy/actor/lib/test/auto/PublisherSubscriber4.xml
----------------- Instantiating /home/travis/build/icyphy/ptII/ptolemy/actor/lib/test/auto/PublisherSubscriber4.xml
2 ms. Memory: 491520K Free: 165810K (34%)
----------------- Invoking toplevel() on ptolemy.moml.MoMLSimpleApplication@7f18d160
----------------- Done invoking toplevel() on ptolemy.moml.MoMLSimpleApplication@7f18d160
reloadAllAccessors: .PublisherSubscriber4

===========================================================================================
----------------- testing Sun Jul 14 22:59:47 UTC 2019 /home/travis/build/icyphy/ptII/ptolemy/actor/lib/test/auto/PublisherSubscriber5.xml
----------------- Instantiating /home/travis/build/icyphy/ptII/ptolemy/actor/lib/test/auto/PublisherSubscriber5.xml
2 ms. Memory: 491520K Free: 159156K (32%)
----------------- Invoking toplevel() on ptolemy.moml.MoMLSimpleApplication@17794055
----------------- Done invoking toplevel() on ptolemy.moml.MoMLSimpleApplication@17794055
reloadAllAccessors: .PublisherSubscriber5

===========================================================================================
----------------- testing Sun Jul 14 22:59:47 UTC 2019 /home/travis/build/icyphy/ptII/ptolemy/actor/lib/test/auto/PublisherSubscriber6.xml
----------------- Instantiating /home/travis/build/icyphy/ptII/ptolemy/actor/lib/test/auto/PublisherSubscriber6.xml
4 ms. Memory: 491520K Free: 152492K (31%)
----------------- Invoking toplevel() on ptolemy.moml.MoMLSimpleApplication@6414de57
----------------- Done invoking toplevel() on ptolemy.moml.MoMLSimpleApplication@6414de57
reloadAllAccessors: .PublisherSubscriber6

===========================================================================================
----------------- testing Sun Jul 14 22:59:47 UTC 2019 /home/travis/build/icyphy/ptII/ptolemy/actor/lib/test/auto/PublisherSubscriber7.xml
----------------- Instantiating /home/travis/build/icyphy/ptII/ptolemy/actor/lib/test/auto/PublisherSubscriber7.xml
6 ms. Memory: 491520K Free: 437612K (89%)
----------------- Invoking toplevel() on ptolemy.moml.MoMLSimpleApplication@3e61242
----------------- Done invoking toplevel() on ptolemy.moml.MoMLSimpleApplication@3e61242
reloadAllAccessors: .PublisherSubscriber7

===========================================================================================
----------------- testing Sun Jul 14 22:59:47 UTC 2019 /home/travis/build/icyphy/ptII/ptolemy/actor/lib/test/auto/PublisherSubscriber8.xml
----------------- Instantiating /home/travis/build/icyphy/ptII/ptolemy/actor/lib/test/auto/PublisherSubscriber8.xml
25 ms. Memory: 491520K Free: 425834K (87%)
----------------- Invoking toplevel() on ptolemy.moml.MoMLSimpleApplication@35a4926f
----------------- Done invoking toplevel() on ptolemy.moml.MoMLSimpleApplication@35a4926f
reloadAllAccessors: .PublisherSubscriber8

===========================================================================================
----------------- testing Sun Jul 14 22:59:47 UTC 2019 /home/travis/build/icyphy/ptII/ptolemy/actor/lib/test/auto/PublisherSubscriber9.xml
----------------- Instantiating /home/travis/build/icyphy/ptII/ptolemy/actor/lib/test/auto/PublisherSubscriber9.xml
3 ms. Memory: 491520K Free: 418666K (85%)
----------------- Invoking toplevel() on ptolemy.moml.MoMLSimpleApplication@3a169b39
----------------- Done invoking toplevel() on ptolemy.moml.MoMLSimpleApplication@3a169b39
reloadAllAccessors: .PublisherSubscriber9

===========================================================================================
----------------- testing Sun Jul 14 22:59:47 UTC 2019 /home/travis/build/icyphy/ptII/ptolemy/actor/lib/test/auto/PublisherSubscriberAdjacent.xml
----------------- Instantiating /home/travis/build/icyphy/ptII/ptolemy/actor/lib/test/auto/PublisherSubscriberAdjacent.xml
1 ms. Memory: 491520K Free: 410474K (84%)
----------------- Invoking toplevel() on ptolemy.moml.MoMLSimpleApplication@4543c388
----------------- Done invoking toplevel() on ptolemy.moml.MoMLSimpleApplication@4543c388
reloadAllAccessors: .PublisherSubscriberAdjacent

===========================================================================================
----------------- testing Sun Jul 14 22:59:47 UTC 2019 /home/travis/build/icyphy/ptII/ptolemy/actor/lib/test/auto/PublisherSubscriberChannelVariablesAOC2.xml
----------------- Instantiating /home/travis/build/icyphy/ptII/ptolemy/actor/lib/test/auto/PublisherSubscriberChannelVariablesAOC2.xml
3 ms. Memory: 491520K Free: 395628K (80%)
----------------- Invoking toplevel() on ptolemy.moml.MoMLSimpleApplication@7f3b2b7e
----------------- Done invoking toplevel() on ptolemy.moml.MoMLSimpleApplication@7f3b2b7e
reloadAllAccessors: .PublisherSubscriberChannelVariablesAOC2

===========================================================================================
----------------- testing Sun Jul 14 22:59:47 UTC 2019 /home/travis/build/icyphy/ptII/ptolemy/actor/lib/test/auto/PublisherSubscriberD3.xml
----------------- Instantiating /home/travis/build/icyphy/ptII/ptolemy/actor/lib/test/auto/PublisherSubscriberD3.xml
1 ms. Memory: 491520K Free: 388460K (79%)
----------------- Invoking toplevel() on ptolemy.moml.MoMLSimpleApplication@31e8f1b1
----------------- Done invoking toplevel() on ptolemy.moml.MoMLSimpleApplication@31e8f1b1
reloadAllAccessors: .PublisherSubscriberD3

===========================================================================================
----------------- testing Sun Jul 14 22:59:47 UTC 2019 /home/travis/build/icyphy/ptII/ptolemy/actor/lib/test/auto/PublisherSubscriberD3Reverse.xml
----------------- Instantiating /home/travis/build/icyphy/ptII/ptolemy/actor/lib/test/auto/PublisherSubscriberD3Reverse.xml
2 ms. Memory: 491520K Free: 382316K (78%)
----------------- Invoking toplevel() on ptolemy.moml.MoMLSimpleApplication@3c0ed49d
----------------- Done invoking toplevel() on ptolemy.moml.MoMLSimpleApplication@3c0ed49d
reloadAllAccessors: .PublisherSubscriberD3Reverse

===========================================================================================
----------------- testing Sun Jul 14 22:59:47 UTC 2019 /home/travis/build/icyphy/ptII/ptolemy/actor/lib/test/auto/PublisherSubscriberExpression.xml
----------------- Instantiating /home/travis/build/icyphy/ptII/ptolemy/actor/lib/test/auto/PublisherSubscriberExpression.xml
4 ms. Memory: 491520K Free: 373596K (76%)
----------------- Invoking toplevel() on ptolemy.moml.MoMLSimpleApplication@12531318
----------------- Done invoking toplevel() on ptolemy.moml.MoMLSimpleApplication@12531318
reloadAllAccessors: .PublisherSubscriberExpression

===========================================================================================
----------------- testing Sun Jul 14 22:59:47 UTC 2019 /home/travis/build/icyphy/ptII/ptolemy/actor/lib/test/auto/PublisherSubscriberOpaque.xml
----------------- Instantiating /home/travis/build/icyphy/ptII/ptolemy/actor/lib/test/auto/PublisherSubscriberOpaque.xml
3 ms. Memory: 491520K Free: 365418K (74%)
----------------- Invoking toplevel() on ptolemy.moml.MoMLSimpleApplication@77e047cb
----------------- Done invoking toplevel() on ptolemy.moml.MoMLSimpleApplication@77e047cb
reloadAllAccessors: .PublisherSubscriberOpaque

===========================================================================================
----------------- testing Sun Jul 14 22:59:47 UTC 2019 /home/travis/build/icyphy/ptII/ptolemy/actor/lib/test/auto/PublisherSubscriberOpaqueD3.xml
----------------- Instantiating /home/travis/build/icyphy/ptII/ptolemy/actor/lib/test/auto/PublisherSubscriberOpaqueD3.xml
5 ms. Memory: 491520K Free: 354154K (72%)
----------------- Invoking toplevel() on ptolemy.moml.MoMLSimpleApplication@66090567
----------------- Done invoking toplevel() on ptolemy.moml.MoMLSimpleApplication@66090567
reloadAllAccessors: .PublisherSubscriberOpaqueD3

===========================================================================================
----------------- testing Sun Jul 14 22:59:47 UTC 2019 /home/travis/build/icyphy/ptII/ptolemy/actor/lib/test/auto/PublisherSubscriberOpaqueD3Reverse.xml
----------------- Instantiating /home/travis/build/icyphy/ptII/ptolemy/actor/lib/test/auto/PublisherSubscriberOpaqueD3Reverse.xml
8 ms. Memory: 491520K Free: 343404K (70%)
----------------- Invoking toplevel() on ptolemy.moml.MoMLSimpleApplication@60572002
----------------- Done invoking toplevel() on ptolemy.moml.MoMLSimpleApplication@60572002
reloadAllAccessors: .PublisherSubscriberOpaqueD3Reverse

===========================================================================================
----------------- testing Sun Jul 14 22:59:47 UTC 2019 /home/travis/build/icyphy/ptII/ptolemy/actor/lib/test/auto/PublisherSubscriberOpaqueWidthInference.xml
----------------- Instantiating /home/travis/build/icyphy/ptII/ptolemy/actor/lib/test/auto/PublisherSubscriberOpaqueWidthInference.xml
6 ms. Memory: 491520K Free: 335212K (68%)
----------------- Invoking toplevel() on ptolemy.moml.MoMLSimpleApplication@2639d0a0
----------------- Done invoking toplevel() on ptolemy.moml.MoMLSimpleApplication@2639d0a0
reloadAllAccessors: .PublisherSubscriberOpaqueWidthInference

===========================================================================================
----------------- testing Sun Jul 14 22:59:47 UTC 2019 /home/travis/build/icyphy/ptII/ptolemy/actor/lib/test/auto/PublisherTestSubscriber.xml
----------------- Instantiating /home/travis/build/icyphy/ptII/ptolemy/actor/lib/test/auto/PublisherTestSubscriber.xml
3 ms. Memory: 491520K Free: 327524K (67%)
----------------- Invoking toplevel() on ptolemy.moml.MoMLSimpleApplication@5ff996d5
----------------- Done invoking toplevel() on ptolemy.moml.MoMLSimpleApplication@5ff996d5
reloadAllAccessors: .PublisherTestSubscriber

===========================================================================================
----------------- testing Sun Jul 14 22:59:47 UTC 2019 /home/travis/build/icyphy/ptII/ptolemy/actor/lib/test/auto/PublisherToplevelSubscriberPortAOC.xml
----------------- Instantiating /home/travis/build/icyphy/ptII/ptolemy/actor/lib/test/auto/PublisherToplevelSubscriberPortAOC.xml
2 ms. Memory: 491520K Free: 320876K (65%)
----------------- Invoking toplevel() on ptolemy.moml.MoMLSimpleApplication@13cd68ff
----------------- Done invoking toplevel() on ptolemy.moml.MoMLSimpleApplication@13cd68ff
reloadAllAccessors: .PublisherToplevelSubscriberPortAOC

===========================================================================================
----------------- testing Sun Jul 14 22:59:47 UTC 2019 /home/travis/build/icyphy/ptII/ptolemy/actor/lib/test/auto/PulseFiringLimitDE.xml
----------------- Instantiating /home/travis/build/icyphy/ptII/ptolemy/actor/lib/test/auto/PulseFiringLimitDE.xml
2 ms. Memory: 491520K Free: 314732K (64%)
----------------- Invoking toplevel() on ptolemy.moml.MoMLSimpleApplication@2dca1900
----------------- Done invoking toplevel() on ptolemy.moml.MoMLSimpleApplication@2dca1900
reloadAllAccessors: .PulseFiringLimitDE

===========================================================================================
----------------- testing Sun Jul 14 22:59:47 UTC 2019 /home/travis/build/icyphy/ptII/ptolemy/actor/lib/test/auto/Ramp1.xml
----------------- Instantiating /home/travis/build/icyphy/ptII/ptolemy/actor/lib/test/auto/Ramp1.xml
1 ms. Memory: 491520K Free: 310636K (63%)
----------------- Invoking toplevel() on ptolemy.moml.MoMLSimpleApplication@180d0124
----------------- Done invoking toplevel() on ptolemy.moml.MoMLSimpleApplication@180d0124
reloadAllAccessors: .Ramp1

===========================================================================================
----------------- testing Sun Jul 14 22:59:47 UTC 2019 /home/travis/build/icyphy/ptII/ptolemy/actor/lib/test/auto/RampFiringLimitDE.xml
----------------- Instantiating /home/travis/build/icyphy/ptII/ptolemy/actor/lib/test/auto/RampFiringLimitDE.xml
2 ms. Memory: 491520K Free: 304492K (62%)
----------------- Invoking toplevel() on ptolemy.moml.MoMLSimpleApplication@29e0259f
----------------- Done invoking toplevel() on ptolemy.moml.MoMLSimpleApplication@29e0259f
reloadAllAccessors: .RampFiringLimitDE

===========================================================================================
----------------- testing Sun Jul 14 22:59:47 UTC 2019 /home/travis/build/icyphy/ptII/ptolemy/actor/lib/test/auto/RampFiringLimitSDF.xml
----------------- Instantiating /home/travis/build/icyphy/ptII/ptolemy/actor/lib/test/auto/RampFiringLimitSDF.xml
2 ms. Memory: 491520K Free: 299372K (61%)
----------------- Invoking toplevel() on ptolemy.moml.MoMLSimpleApplication@74d1a166
----------------- Done invoking toplevel() on ptolemy.moml.MoMLSimpleApplication@74d1a166
reloadAllAccessors: .RampFiringLimitSDF

===========================================================================================
----------------- testing Sun Jul 14 22:59:47 UTC 2019 /home/travis/build/icyphy/ptII/ptolemy/actor/lib/test/auto/RandomInteger.xml
----------------- Instantiating /home/travis/build/icyphy/ptII/ptolemy/actor/lib/test/auto/RandomInteger.xml
1 ms. Memory: 491520K Free: 295276K (60%)
----------------- Invoking toplevel() on ptolemy.moml.MoMLSimpleApplication@7b0c1818
----------------- Done invoking toplevel() on ptolemy.moml.MoMLSimpleApplication@7b0c1818
reloadAllAccessors: .RandomInteger

===========================================================================================
----------------- testing Sun Jul 14 22:59:47 UTC 2019 /home/travis/build/icyphy/ptII/ptolemy/actor/lib/test/auto/ReadFile1.xml
----------------- Instantiating /home/travis/build/icyphy/ptII/ptolemy/actor/lib/test/auto/ReadFile1.xml
1 ms. Memory: 491520K Free: 291180K (59%)
----------------- Invoking toplevel() on ptolemy.moml.MoMLSimpleApplication@6cc408ab
----------------- Done invoking toplevel() on ptolemy.moml.MoMLSimpleApplication@6cc408ab
reloadAllAccessors: .ReadFile1

===========================================================================================
----------------- testing Sun Jul 14 22:59:47 UTC 2019 /home/travis/build/icyphy/ptII/ptolemy/actor/lib/test/auto/ReadFile2.xml
----------------- Instantiating /home/travis/build/icyphy/ptII/ptolemy/actor/lib/test/auto/ReadFile2.xml
1 ms. Memory: 491520K Free: 287084K (58%)
----------------- Invoking toplevel() on ptolemy.moml.MoMLSimpleApplication@56991d27
----------------- Done invoking toplevel() on ptolemy.moml.MoMLSimpleApplication@56991d27
reloadAllAccessors: .ReadFile2

===========================================================================================
----------------- testing Sun Jul 14 22:59:47 UTC 2019 /home/travis/build/icyphy/ptII/ptolemy/actor/lib/test/auto/Reader.xml
----------------- Instantiating /home/travis/build/icyphy/ptII/ptolemy/actor/lib/test/auto/Reader.xml
actor.lib.Reader is obsolete, use actor.lib.io.ExpressionReader instead
2 ms. Memory: 491520K Free: 282988K (58%)
----------------- Invoking toplevel() on ptolemy.moml.MoMLSimpleApplication@2bbfc01f
----------------- Done invoking toplevel() on ptolemy.moml.MoMLSimpleApplication@2bbfc01f
reloadAllAccessors: .Reader

===========================================================================================
----------------- testing Sun Jul 14 22:59:47 UTC 2019 /home/travis/build/icyphy/ptII/ptolemy/actor/lib/test/auto/RecordAssemblerDisplayNameTest.xml
----------------- Instantiating /home/travis/build/icyphy/ptII/ptolemy/actor/lib/test/auto/RecordAssemblerDisplayNameTest.xml
3551 ms. Memory: 491520K Free: 249893K (51%)
----------------- Invoking toplevel() on ptolemy.moml.MoMLSimpleApplication@3d68c31e
----------------- Done invoking toplevel() on ptolemy.moml.MoMLSimpleApplication@3d68c31e
reloadAllAccessors: .RecordAssemblerDisplayNameTest

===========================================================================================
----------------- testing Sun Jul 14 22:59:51 UTC 2019 /home/travis/build/icyphy/ptII/ptolemy/actor/lib/test/auto/RecordAssemblerTypeError.xml
----------------- Instantiating /home/travis/build/icyphy/ptII/ptolemy/actor/lib/test/auto/RecordAssemblerTypeError.xml
17 ms. Memory: 491520K Free: 240163K (49%)
----------------- Invoking toplevel() on ptolemy.moml.MoMLSimpleApplication@3309534b
----------------- Done invoking toplevel() on ptolemy.moml.MoMLSimpleApplication@3309534b
reloadAllAccessors: .RecordAssemblerTypeError

===========================================================================================
----------------- testing Sun Jul 14 22:59:51 UTC 2019 /home/travis/build/icyphy/ptII/ptolemy/actor/lib/test/auto/RecordDisassember.xml
----------------- Instantiating /home/travis/build/icyphy/ptII/ptolemy/actor/lib/test/auto/RecordDisassember.xml
3 ms. Memory: 491520K Free: 235557K (48%)
----------------- Invoking toplevel() on ptolemy.moml.MoMLSimpleApplication@40982598
----------------- Done invoking toplevel() on ptolemy.moml.MoMLSimpleApplication@40982598
reloadAllAccessors: .RecordDisassember

===========================================================================================
----------------- testing Sun Jul 14 22:59:51 UTC 2019 /home/travis/build/icyphy/ptII/ptolemy/actor/lib/test/auto/RecordDisassemberDisplayNameTest.xml
----------------- Instantiating /home/travis/build/icyphy/ptII/ptolemy/actor/lib/test/auto/RecordDisassemberDisplayNameTest.xml
6 ms. Memory: 491520K Free: 227875K (46%)
----------------- Invoking toplevel() on ptolemy.moml.MoMLSimpleApplication@b15d322
----------------- Done invoking toplevel() on ptolemy.moml.MoMLSimpleApplication@b15d322
reloadAllAccessors: .RecordDisassemberDisplayNameTest

===========================================================================================
----------------- testing Sun Jul 14 22:59:51 UTC 2019 /home/travis/build/icyphy/ptII/ptolemy/actor/lib/test/auto/RecordDisassembler.xml
----------------- Instantiating /home/travis/build/icyphy/ptII/ptolemy/actor/lib/test/auto/RecordDisassembler.xml
3 ms. Memory: 491520K Free: 222725K (45%)
----------------- Invoking toplevel() on ptolemy.moml.MoMLSimpleApplication@35d44598
----------------- Done invoking toplevel() on ptolemy.moml.MoMLSimpleApplication@35d44598
reloadAllAccessors: .RecordDisassembler

===========================================================================================
----------------- testing Sun Jul 14 22:59:51 UTC 2019 /home/travis/build/icyphy/ptII/ptolemy/actor/lib/test/auto/RecordDisassembler2.xml
----------------- Instantiating /home/travis/build/icyphy/ptII/ptolemy/actor/lib/test/auto/RecordDisassembler2.xml
2 ms. Memory: 491520K Free: 217605K (44%)
----------------- Invoking toplevel() on ptolemy.moml.MoMLSimpleApplication@4c66951c
----------------- Done invoking toplevel() on ptolemy.moml.MoMLSimpleApplication@4c66951c
reloadAllAccessors: .RecordDisassembler2

===========================================================================================
----------------- testing Sun Jul 14 22:59:51 UTC 2019 /home/travis/build/icyphy/ptII/ptolemy/actor/lib/test/auto/RecordUpdater.xml
----------------- Instantiating /home/travis/build/icyphy/ptII/ptolemy/actor/lib/test/auto/RecordUpdater.xml
2 ms. Memory: 491520K Free: 212515K (43%)
----------------- Invoking toplevel() on ptolemy.moml.MoMLSimpleApplication@5b179320
----------------- Done invoking toplevel() on ptolemy.moml.MoMLSimpleApplication@5b179320
reloadAllAccessors: .RecordUpdater

===========================================================================================
----------------- testing Sun Jul 14 22:59:51 UTC 2019 /home/travis/build/icyphy/ptII/ptolemy/actor/lib/test/auto/RecordUpdater2.xml
----------------- Instantiating /home/travis/build/icyphy/ptII/ptolemy/actor/lib/test/auto/RecordUpdater2.xml
2 ms. Memory: 491520K Free: 207395K (42%)
----------------- Invoking toplevel() on ptolemy.moml.MoMLSimpleApplication@1a7b0f2e
----------------- Done invoking toplevel() on ptolemy.moml.MoMLSimpleApplication@1a7b0f2e
reloadAllAccessors: .RecordUpdater2

===========================================================================================
----------------- testing Sun Jul 14 22:59:51 UTC 2019 /home/travis/build/icyphy/ptII/ptolemy/actor/lib/test/auto/RecursiveLattice.xml
----------------- Instantiating /home/travis/build/icyphy/ptII/ptolemy/actor/lib/test/auto/RecursiveLattice.xml
2 ms. Memory: 491520K Free: 202789K (41%)
----------------- Invoking toplevel() on ptolemy.moml.MoMLSimpleApplication@772da5ed
----------------- Done invoking toplevel() on ptolemy.moml.MoMLSimpleApplication@772da5ed
reloadAllAccessors: .RecursiveLattice

===========================================================================================
----------------- testing Sun Jul 14 22:59:51 UTC 2019 /home/travis/build/icyphy/ptII/ptolemy/actor/lib/test/auto/Router.xml
----------------- Instantiating /home/travis/build/icyphy/ptII/ptolemy/actor/lib/test/auto/Router.xml
3004 ms. Memory: 491520K Free: 191525K (39%)
----------------- Invoking toplevel() on ptolemy.moml.MoMLSimpleApplication@2dfa630e
----------------- Done invoking toplevel() on ptolemy.moml.MoMLSimpleApplication@2dfa630e
reloadAllAccessors: .Router

===========================================================================================
----------------- testing Sun Jul 14 22:59:54 UTC 2019 /home/travis/build/icyphy/ptII/ptolemy/actor/lib/test/auto/Router2.xml
----------------- Instantiating /home/travis/build/icyphy/ptII/ptolemy/actor/lib/test/auto/Router2.xml
3003 ms. Memory: 491520K Free: 181795K (37%)
----------------- Invoking toplevel() on ptolemy.moml.MoMLSimpleApplication@44171a15
----------------- Done invoking toplevel() on ptolemy.moml.MoMLSimpleApplication@44171a15
reloadAllAccessors: .Router2

===========================================================================================
----------------- testing Sun Jul 14 22:59:57 UTC 2019 /home/travis/build/icyphy/ptII/ptolemy/actor/lib/test/auto/RunningMaximum.xml
----------------- Instantiating /home/travis/build/icyphy/ptII/ptolemy/actor/lib/test/auto/RunningMaximum.xml
2 ms. Memory: 491520K Free: 177189K (36%)
----------------- Invoking toplevel() on ptolemy.moml.MoMLSimpleApplication@150573bb
----------------- Done invoking toplevel() on ptolemy.moml.MoMLSimpleApplication@150573bb
reloadAllAccessors: .RunningMaximum

===========================================================================================
----------------- testing Sun Jul 14 22:59:57 UTC 2019 /home/travis/build/icyphy/ptII/ptolemy/actor/lib/test/auto/RunningMinimum.xml
----------------- Instantiating /home/travis/build/icyphy/ptII/ptolemy/actor/lib/test/auto/RunningMinimum.xml
2 ms. Memory: 491520K Free: 172579K (35%)
----------------- Invoking toplevel() on ptolemy.moml.MoMLSimpleApplication@335c95c7
----------------- Done invoking toplevel() on ptolemy.moml.MoMLSimpleApplication@335c95c7
reloadAllAccessors: .RunningMinimum

===========================================================================================
----------------- testing Sun Jul 14 22:59:57 UTC 2019 /home/travis/build/icyphy/ptII/ptolemy/actor/lib/test/auto/Scale.xml
----------------- Instantiating /home/travis/build/icyphy/ptII/ptolemy/actor/lib/test/auto/Scale.xml
2 ms. Memory: 491520K Free: 167973K (34%)
----------------- Invoking toplevel() on ptolemy.moml.MoMLSimpleApplication@3639acc0
----------------- Done invoking toplevel() on ptolemy.moml.MoMLSimpleApplication@3639acc0
reloadAllAccessors: .Scale

===========================================================================================
----------------- testing Sun Jul 14 22:59:57 UTC 2019 /home/travis/build/icyphy/ptII/ptolemy/actor/lib/test/auto/Scale2.xml
----------------- Instantiating /home/travis/build/icyphy/ptII/ptolemy/actor/lib/test/auto/Scale2.xml
1 ms. Memory: 491520K Free: 163363K (33%)
----------------- Invoking toplevel() on ptolemy.moml.MoMLSimpleApplication@5e475d0d
----------------- Done invoking toplevel() on ptolemy.moml.MoMLSimpleApplication@5e475d0d
reloadAllAccessors: .Scale2

===========================================================================================
----------------- testing Sun Jul 14 22:59:57 UTC 2019 /home/travis/build/icyphy/ptII/ptolemy/actor/lib/test/auto/Scale3.xml
----------------- Instantiating /home/travis/build/icyphy/ptII/ptolemy/actor/lib/test/auto/Scale3.xml
10 ms. Memory: 491520K Free: 157219K (32%)
----------------- Invoking toplevel() on ptolemy.moml.MoMLSimpleApplication@5960a636
----------------- Done invoking toplevel() on ptolemy.moml.MoMLSimpleApplication@5960a636
reloadAllAccessors: .Scale3

===========================================================================================
----------------- testing Sun Jul 14 22:59:57 UTC 2019 /home/travis/build/icyphy/ptII/ptolemy/actor/lib/test/auto/ScaleArray.xml
----------------- Instantiating /home/travis/build/icyphy/ptII/ptolemy/actor/lib/test/auto/ScaleArray.xml
2 ms. Memory: 491520K Free: 152613K (31%)
----------------- Invoking toplevel() on ptolemy.moml.MoMLSimpleApplication@11444a07
----------------- Done invoking toplevel() on ptolemy.moml.MoMLSimpleApplication@11444a07
reloadAllAccessors: .ScaleArray

===========================================================================================
----------------- testing Sun Jul 14 22:59:57 UTC 2019 /home/travis/build/icyphy/ptII/ptolemy/actor/lib/test/auto/ScaleArray2.xml
----------------- Instantiating /home/travis/build/icyphy/ptII/ptolemy/actor/lib/test/auto/ScaleArray2.xml
1 ms. Memory: 491520K Free: 439121K (89%)
----------------- Invoking toplevel() on ptolemy.moml.MoMLSimpleApplication@174312e3
----------------- Done invoking toplevel() on ptolemy.moml.MoMLSimpleApplication@174312e3
reloadAllAccessors: .ScaleArray2

===========================================================================================
----------------- testing Sun Jul 14 22:59:57 UTC 2019 /home/travis/build/icyphy/ptII/ptolemy/actor/lib/test/auto/ScaleMatrix.xml
----------------- Instantiating /home/travis/build/icyphy/ptII/ptolemy/actor/lib/test/auto/ScaleMatrix.xml
177 ms. Memory: 491520K Free: 423761K (86%)
----------------- Invoking toplevel() on ptolemy.moml.MoMLSimpleApplication@704c90df
----------------- Done invoking toplevel() on ptolemy.moml.MoMLSimpleApplication@704c90df
reloadAllAccessors: .ScaleMatrix

===========================================================================================
----------------- testing Sun Jul 14 22:59:57 UTC 2019 /home/travis/build/icyphy/ptII/ptolemy/actor/lib/test/auto/Select.xml
----------------- Instantiating /home/travis/build/icyphy/ptII/ptolemy/actor/lib/test/auto/Select.xml
2 ms. Memory: 491520K Free: 417611K (85%)
----------------- Invoking toplevel() on ptolemy.moml.MoMLSimpleApplication@44813caa
----------------- Done invoking toplevel() on ptolemy.moml.MoMLSimpleApplication@44813caa
reloadAllAccessors: .Select

===========================================================================================
----------------- testing Sun Jul 14 22:59:57 UTC 2019 /home/travis/build/icyphy/ptII/ptolemy/actor/lib/test/auto/Select2.xml
----------------- Instantiating /home/travis/build/icyphy/ptII/ptolemy/actor/lib/test/auto/Select2.xml
1 ms. Memory: 491520K Free: 413011K (84%)
----------------- Invoking toplevel() on ptolemy.moml.MoMLSimpleApplication@7f016dd3
----------------- Done invoking toplevel() on ptolemy.moml.MoMLSimpleApplication@7f016dd3
reloadAllAccessors: .Select2

===========================================================================================
----------------- testing Sun Jul 14 22:59:57 UTC 2019 /home/travis/build/icyphy/ptII/ptolemy/actor/lib/test/auto/SequenceToArray2.xml
----------------- Instantiating /home/travis/build/icyphy/ptII/ptolemy/actor/lib/test/auto/SequenceToArray2.xml
112 ms. Memory: 491520K Free: 388435K (79%)
----------------- Invoking toplevel() on ptolemy.moml.MoMLSimpleApplication@7f992b3f
----------------- Done invoking toplevel() on ptolemy.moml.MoMLSimpleApplication@7f992b3f
reloadAllAccessors: .SequenceToArray2

===========================================================================================
----------------- testing Sun Jul 14 22:59:58 UTC 2019 /home/travis/build/icyphy/ptII/ptolemy/actor/lib/test/auto/SequentialClock.xml
----------------- Instantiating /home/travis/build/icyphy/ptII/ptolemy/actor/lib/test/auto/SequentialClock.xml
1 ms. Memory: 491520K Free: 384339K (78%)
----------------- Invoking toplevel() on ptolemy.moml.MoMLSimpleApplication@87adcdb
----------------- Done invoking toplevel() on ptolemy.moml.MoMLSimpleApplication@87adcdb
reloadAllAccessors: .SequentialClock

===========================================================================================
----------------- testing Sun Jul 14 22:59:58 UTC 2019 /home/travis/build/icyphy/ptII/ptolemy/actor/lib/test/auto/SetVariable.xml
----------------- Instantiating /home/travis/build/icyphy/ptII/ptolemy/actor/lib/test/auto/SetVariable.xml
3 ms. Memory: 491520K Free: 379729K (77%)
----------------- Invoking toplevel() on ptolemy.moml.MoMLSimpleApplication@ef4ae11
----------------- Done invoking toplevel() on ptolemy.moml.MoMLSimpleApplication@ef4ae11
reloadAllAccessors: .SetVariable

===========================================================================================
----------------- testing Sun Jul 14 22:59:58 UTC 2019 /home/travis/build/icyphy/ptII/ptolemy/actor/lib/test/auto/SetVariable2.xml
----------------- Instantiating /home/travis/build/icyphy/ptII/ptolemy/actor/lib/test/auto/SetVariable2.xml
3 ms. Memory: 491520K Free: 374609K (76%)
----------------- Invoking toplevel() on ptolemy.moml.MoMLSimpleApplication@29c1e86c
----------------- Done invoking toplevel() on ptolemy.moml.MoMLSimpleApplication@29c1e86c
reloadAllAccessors: .SetVariable2

===========================================================================================
----------------- testing Sun Jul 14 22:59:58 UTC 2019 /home/travis/build/icyphy/ptII/ptolemy/actor/lib/test/auto/SetVariable3.xml
----------------- Instantiating /home/travis/build/icyphy/ptII/ptolemy/actor/lib/test/auto/SetVariable3.xml
9 ms. Memory: 491520K Free: 369489K (75%)
----------------- Invoking toplevel() on ptolemy.moml.MoMLSimpleApplication@1b5b52ad
----------------- Done invoking toplevel() on ptolemy.moml.MoMLSimpleApplication@1b5b52ad
reloadAllAccessors: .SetVariable3

===========================================================================================
----------------- testing Sun Jul 14 22:59:58 UTC 2019 /home/travis/build/icyphy/ptII/ptolemy/actor/lib/test/auto/SetVariable4.xml
----------------- Instantiating /home/travis/build/icyphy/ptII/ptolemy/actor/lib/test/auto/SetVariable4.xml
13 ms. Memory: 491520K Free: 359763K (73%)
----------------- Invoking toplevel() on ptolemy.moml.MoMLSimpleApplication@38f4ad0c
----------------- Done invoking toplevel() on ptolemy.moml.MoMLSimpleApplication@38f4ad0c
reloadAllAccessors: .SetVariable4

===========================================================================================
----------------- testing Sun Jul 14 22:59:58 UTC 2019 /home/travis/build/icyphy/ptII/ptolemy/actor/lib/test/auto/SetVariable5.xml
----------------- Instantiating /home/travis/build/icyphy/ptII/ptolemy/actor/lib/test/auto/SetVariable5.xml
18 ms. Memory: 491520K Free: 350547K (71%)
----------------- Invoking toplevel() on ptolemy.moml.MoMLSimpleApplication@20f47bdd
----------------- Done invoking toplevel() on ptolemy.moml.MoMLSimpleApplication@20f47bdd
reloadAllAccessors: .SetVariable5

===========================================================================================
----------------- testing Sun Jul 14 22:59:58 UTC 2019 /home/travis/build/icyphy/ptII/ptolemy/actor/lib/test/auto/Sinewave.xml
----------------- Instantiating /home/travis/build/icyphy/ptII/ptolemy/actor/lib/test/auto/Sinewave.xml
5 ms. Memory: 491520K Free: 340307K (69%)
----------------- Invoking toplevel() on ptolemy.moml.MoMLSimpleApplication@28ae31d3
----------------- Done invoking toplevel() on ptolemy.moml.MoMLSimpleApplication@28ae31d3
reloadAllAccessors: .Sinewave

===========================================================================================
----------------- testing Sun Jul 14 22:59:58 UTC 2019 /home/travis/build/icyphy/ptII/ptolemy/actor/lib/test/auto/Sinewave2.xml
----------------- Instantiating /home/travis/build/icyphy/ptII/ptolemy/actor/lib/test/auto/Sinewave2.xml
7 ms. Memory: 491520K Free: 332115K (68%)
----------------- Invoking toplevel() on ptolemy.moml.MoMLSimpleApplication@45313594
----------------- Done invoking toplevel() on ptolemy.moml.MoMLSimpleApplication@45313594
reloadAllAccessors: .Sinewave2

===========================================================================================
----------------- testing Sun Jul 14 22:59:58 UTC 2019 /home/travis/build/icyphy/ptII/ptolemy/actor/lib/test/auto/Sinewave3.xml
----------------- Instantiating /home/travis/build/icyphy/ptII/ptolemy/actor/lib/test/auto/Sinewave3.xml
17 ms. Memory: 491520K Free: 323923K (66%)
----------------- Invoking toplevel() on ptolemy.moml.MoMLSimpleApplication@25780c9a
----------------- Done invoking toplevel() on ptolemy.moml.MoMLSimpleApplication@25780c9a
reloadAllAccessors: .Sinewave3

===========================================================================================
----------------- testing Sun Jul 14 22:59:58 UTC 2019 /home/travis/build/icyphy/ptII/ptolemy/actor/lib/test/auto/SingleEvent.xml
----------------- Instantiating /home/travis/build/icyphy/ptII/ptolemy/actor/lib/test/auto/SingleEvent.xml
1 ms. Memory: 491520K Free: 319827K (65%)
----------------- Invoking toplevel() on ptolemy.moml.MoMLSimpleApplication@63c09758
----------------- Done invoking toplevel() on ptolemy.moml.MoMLSimpleApplication@63c09758
reloadAllAccessors: .SingleEvent

===========================================================================================
----------------- testing Sun Jul 14 22:59:58 UTC 2019 /home/travis/build/icyphy/ptII/ptolemy/actor/lib/test/auto/Sleep.xml
----------------- Instantiating /home/travis/build/icyphy/ptII/ptolemy/actor/lib/test/auto/Sleep.xml
6004 ms. Memory: 491520K Free: 314193K (64%)
----------------- Invoking toplevel() on ptolemy.moml.MoMLSimpleApplication@76375e4
----------------- Done invoking toplevel() on ptolemy.moml.MoMLSimpleApplication@76375e4
reloadAllAccessors: .Sleep

===========================================================================================
----------------- testing Sun Jul 14 23:00:04 UTC 2019 /home/travis/build/icyphy/ptII/ptolemy/actor/lib/test/auto/SleepMultipleFire.xml
----------------- Instantiating /home/travis/build/icyphy/ptII/ptolemy/actor/lib/test/auto/SleepMultipleFire.xml
1007 ms. Memory: 491520K Free: 308563K (63%)
----------------- Invoking toplevel() on ptolemy.moml.MoMLSimpleApplication@4fbb9fa0
----------------- Done invoking toplevel() on ptolemy.moml.MoMLSimpleApplication@4fbb9fa0
reloadAllAccessors: .SleepMultipleFire

===========================================================================================
----------------- testing Sun Jul 14 23:00:05 UTC 2019 /home/travis/build/icyphy/ptII/ptolemy/actor/lib/test/auto/StopDE.xml
----------------- Instantiating /home/travis/build/icyphy/ptII/ptolemy/actor/lib/test/auto/StopDE.xml
4 ms. Memory: 491520K Free: 302929K (62%)
----------------- Invoking toplevel() on ptolemy.moml.MoMLSimpleApplication@436bb7d3
----------------- Done invoking toplevel() on ptolemy.moml.MoMLSimpleApplication@436bb7d3
reloadAllAccessors: .StopDE

===========================================================================================
----------------- testing Sun Jul 14 23:00:05 UTC 2019 /home/travis/build/icyphy/ptII/ptolemy/actor/lib/test/auto/StopSDF.xml
----------------- Instantiating /home/travis/build/icyphy/ptII/ptolemy/actor/lib/test/auto/StopSDF.xml
3 ms. Memory: 491520K Free: 297809K (61%)
----------------- Invoking toplevel() on ptolemy.moml.MoMLSimpleApplication@6cb64499
----------------- Done invoking toplevel() on ptolemy.moml.MoMLSimpleApplication@6cb64499
reloadAllAccessors: .StopSDF

===========================================================================================
----------------- testing Sun Jul 14 23:00:05 UTC 2019 /home/travis/build/icyphy/ptII/ptolemy/actor/lib/test/auto/StringConstant.xml
----------------- Instantiating /home/travis/build/icyphy/ptII/ptolemy/actor/lib/test/auto/StringConstant.xml
14 ms. Memory: 491520K Free: 293713K (60%)
----------------- Invoking toplevel() on ptolemy.moml.MoMLSimpleApplication@67d5051d
----------------- Done invoking toplevel() on ptolemy.moml.MoMLSimpleApplication@67d5051d
reloadAllAccessors: .StringConstant

===========================================================================================
----------------- testing Sun Jul 14 23:00:05 UTC 2019 /home/travis/build/icyphy/ptII/ptolemy/actor/lib/test/auto/SubscriberPortInitialValues1.xml
----------------- Instantiating /home/travis/build/icyphy/ptII/ptolemy/actor/lib/test/auto/SubscriberPortInitialValues1.xml
8 ms. Memory: 491520K Free: 284497K (58%)
----------------- Invoking toplevel() on ptolemy.moml.MoMLSimpleApplication@459663c4
----------------- Done invoking toplevel() on ptolemy.moml.MoMLSimpleApplication@459663c4
reloadAllAccessors: .SubscriberPortInitialValues1

===========================================================================================
----------------- testing Sun Jul 14 23:00:05 UTC 2019 /home/travis/build/icyphy/ptII/ptolemy/actor/lib/test/auto/SubscriberPortInitialValues13.xml
----------------- Instantiating /home/travis/build/icyphy/ptII/ptolemy/actor/lib/test/auto/SubscriberPortInitialValues13.xml
7 ms. Memory: 491520K Free: 271699K (55%)
----------------- Invoking toplevel() on ptolemy.moml.MoMLSimpleApplication@125e0d9d
----------------- Done invoking toplevel() on ptolemy.moml.MoMLSimpleApplication@125e0d9d
reloadAllAccessors: .SubscriberPortInitialValues13

===========================================================================================
----------------- testing Sun Jul 14 23:00:05 UTC 2019 /home/travis/build/icyphy/ptII/ptolemy/actor/lib/test/auto/SubscriberPortInitialValues14.xml
----------------- Instantiating /home/travis/build/icyphy/ptII/ptolemy/actor/lib/test/auto/SubscriberPortInitialValues14.xml
4 ms. Memory: 491520K Free: 264017K (54%)
----------------- Invoking toplevel() on ptolemy.moml.MoMLSimpleApplication@4708f302
----------------- Done invoking toplevel() on ptolemy.moml.MoMLSimpleApplication@4708f302
reloadAllAccessors: .SubscriberPortInitialValues14

===========================================================================================
----------------- testing Sun Jul 14 23:00:05 UTC 2019 /home/travis/build/icyphy/ptII/ptolemy/actor/lib/test/auto/SubscriberPortInitialValues2.xml
----------------- Instantiating /home/travis/build/icyphy/ptII/ptolemy/actor/lib/test/auto/SubscriberPortInitialValues2.xml
7 ms. Memory: 491520K Free: 256339K (52%)
----------------- Invoking toplevel() on ptolemy.moml.MoMLSimpleApplication@26e77d2f
----------------- Done invoking toplevel() on ptolemy.moml.MoMLSimpleApplication@26e77d2f
reloadAllAccessors: .SubscriberPortInitialValues2

===========================================================================================
----------------- testing Sun Jul 14 23:00:05 UTC 2019 /home/travis/build/icyphy/ptII/ptolemy/actor/lib/test/auto/SubscriberPortInitialValues3.xml
----------------- Instantiating /home/travis/build/icyphy/ptII/ptolemy/actor/lib/test/auto/SubscriberPortInitialValues3.xml
4 ms. Memory: 491520K Free: 245585K (50%)
----------------- Invoking toplevel() on ptolemy.moml.MoMLSimpleApplication@312a0c2b
----------------- Done invoking toplevel() on ptolemy.moml.MoMLSimpleApplication@312a0c2b
reloadAllAccessors: .SubscriberPortInitialValues3

===========================================================================================
----------------- testing Sun Jul 14 23:00:05 UTC 2019 /home/travis/build/icyphy/ptII/ptolemy/actor/lib/test/auto/SubscriptionAggregator.xml
----------------- Instantiating /home/travis/build/icyphy/ptII/ptolemy/actor/lib/test/auto/SubscriptionAggregator.xml
2 ms. Memory: 491520K Free: 238931K (49%)
----------------- Invoking toplevel() on ptolemy.moml.MoMLSimpleApplication@200b2fc1
----------------- Done invoking toplevel() on ptolemy.moml.MoMLSimpleApplication@200b2fc1
reloadAllAccessors: .SubscriptionAggregator

===========================================================================================
----------------- testing Sun Jul 14 23:00:05 UTC 2019 /home/travis/build/icyphy/ptII/ptolemy/actor/lib/test/auto/SubscriptionAggregator2.xml
----------------- Instantiating /home/travis/build/icyphy/ptII/ptolemy/actor/lib/test/auto/SubscriptionAggregator2.xml
3 ms. Memory: 491520K Free: 232267K (47%)
----------------- Invoking toplevel() on ptolemy.moml.MoMLSimpleApplication@1f601324
----------------- Done invoking toplevel() on ptolemy.moml.MoMLSimpleApplication@1f601324
reloadAllAccessors: .SubscriptionAggregator2

===========================================================================================
----------------- testing Sun Jul 14 23:00:05 UTC 2019 /home/travis/build/icyphy/ptII/ptolemy/actor/lib/test/auto/SubscriptionAggregator3.xml
----------------- Instantiating /home/travis/build/icyphy/ptII/ptolemy/actor/lib/test/auto/SubscriptionAggregator3.xml
3 ms. Memory: 491520K Free: 223571K (45%)
----------------- Invoking toplevel() on ptolemy.moml.MoMLSimpleApplication@542e699a
----------------- Done invoking toplevel() on ptolemy.moml.MoMLSimpleApplication@542e699a
reloadAllAccessors: .SubscriptionAggregator3

===========================================================================================
----------------- testing Sun Jul 14 23:00:05 UTC 2019 /home/travis/build/icyphy/ptII/ptolemy/actor/lib/test/auto/SubscriptionAggregatorMultiply.xml
----------------- Instantiating /home/travis/build/icyphy/ptII/ptolemy/actor/lib/test/auto/SubscriptionAggregatorMultiply.xml
13 ms. Memory: 491520K Free: 215379K (44%)
----------------- Invoking toplevel() on ptolemy.moml.MoMLSimpleApplication@620c2fd4
----------------- Done invoking toplevel() on ptolemy.moml.MoMLSimpleApplication@620c2fd4
reloadAllAccessors: .SubscriptionAggregatorMultiply

===========================================================================================
----------------- testing Sun Jul 14 23:00:05 UTC 2019 /home/travis/build/icyphy/ptII/ptolemy/actor/lib/test/auto/SubscriptionAggregatorPortMultiply1.xml
----------------- Instantiating /home/travis/build/icyphy/ptII/ptolemy/actor/lib/test/auto/SubscriptionAggregatorPortMultiply1.xml
3 ms. Memory: 491520K Free: 207697K (42%)
----------------- Invoking toplevel() on ptolemy.moml.MoMLSimpleApplication@5b703cc1
----------------- Done invoking toplevel() on ptolemy.moml.MoMLSimpleApplication@5b703cc1
reloadAllAccessors: .SubscriptionAggregatorPortMultiply1

===========================================================================================
----------------- testing Sun Jul 14 23:00:05 UTC 2019 /home/travis/build/icyphy/ptII/ptolemy/actor/lib/test/auto/Switch.xml
----------------- Instantiating /home/travis/build/icyphy/ptII/ptolemy/actor/lib/test/auto/Switch.xml
9 ms. Memory: 491520K Free: 198995K (40%)
----------------- Invoking toplevel() on ptolemy.moml.MoMLSimpleApplication@7a06cf28
----------------- Done invoking toplevel() on ptolemy.moml.MoMLSimpleApplication@7a06cf28
reloadAllAccessors: .Switch

===========================================================================================
----------------- testing Sun Jul 14 23:00:05 UTC 2019 /home/travis/build/icyphy/ptII/ptolemy/actor/lib/test/auto/Switch2.xml
----------------- Instantiating /home/travis/build/icyphy/ptII/ptolemy/actor/lib/test/auto/Switch2.xml
1 ms. Memory: 491520K Free: 194385K (40%)
----------------- Invoking toplevel() on ptolemy.moml.MoMLSimpleApplication@1e27aa06
----------------- Done invoking toplevel() on ptolemy.moml.MoMLSimpleApplication@1e27aa06
reloadAllAccessors: .Switch2

===========================================================================================
----------------- testing Sun Jul 14 23:00:05 UTC 2019 /home/travis/build/icyphy/ptII/ptolemy/actor/lib/test/auto/SwitchDE.xml
----------------- Instantiating /home/travis/build/icyphy/ptII/ptolemy/actor/lib/test/auto/SwitchDE.xml
4 ms. Memory: 491520K Free: 188227K (38%)
----------------- Invoking toplevel() on ptolemy.moml.MoMLSimpleApplication@79cb36b9
----------------- Done invoking toplevel() on ptolemy.moml.MoMLSimpleApplication@79cb36b9
reloadAllAccessors: .SwitchDE

===========================================================================================
----------------- testing Sun Jul 14 23:00:05 UTC 2019 /home/travis/build/icyphy/ptII/ptolemy/actor/lib/test/auto/SynchronizerDE.xml
----------------- Instantiating /home/travis/build/icyphy/ptII/ptolemy/actor/lib/test/auto/SynchronizerDE.xml
9 ms. Memory: 491520K Free: 180035K (37%)
----------------- Invoking toplevel() on ptolemy.moml.MoMLSimpleApplication@7763526e
----------------- Done invoking toplevel() on ptolemy.moml.MoMLSimpleApplication@7763526e
reloadAllAccessors: .SynchronizerDE

===========================================================================================
----------------- testing Sun Jul 14 23:00:05 UTC 2019 /home/travis/build/icyphy/ptII/ptolemy/actor/lib/test/auto/Test.xml
----------------- Instantiating /home/travis/build/icyphy/ptII/ptolemy/actor/lib/test/auto/Test.xml
8 ms. Memory: 491520K Free: 174915K (36%)
----------------- Invoking toplevel() on ptolemy.moml.MoMLSimpleApplication@2c0b3bf9
----------------- Done invoking toplevel() on ptolemy.moml.MoMLSimpleApplication@2c0b3bf9
reloadAllAccessors: .Test

===========================================================================================
----------------- testing Sun Jul 14 23:00:05 UTC 2019 /home/travis/build/icyphy/ptII/ptolemy/actor/lib/test/auto/TestExceptionAttribute1.xml
----------------- Instantiating /home/travis/build/icyphy/ptII/ptolemy/actor/lib/test/auto/TestExceptionAttribute1.xml
1 ms. Memory: 491520K Free: 171347K (35%)
----------------- Invoking toplevel() on ptolemy.moml.MoMLSimpleApplication@3569939d
----------------- Done invoking toplevel() on ptolemy.moml.MoMLSimpleApplication@3569939d
reloadAllAccessors: .TestExceptionAttribute1

===========================================================================================
----------------- testing Sun Jul 14 23:00:05 UTC 2019 /home/travis/build/icyphy/ptII/ptolemy/actor/lib/test/auto/TestExceptionAttribute2.xml
----------------- Instantiating /home/travis/build/icyphy/ptII/ptolemy/actor/lib/test/auto/TestExceptionAttribute2.xml
2 ms. Memory: 491520K Free: 167761K (34%)
----------------- Invoking toplevel() on ptolemy.moml.MoMLSimpleApplication@2783dca4
----------------- Done invoking toplevel() on ptolemy.moml.MoMLSimpleApplication@2783dca4
reloadAllAccessors: .TestExceptionAttribute2

===========================================================================================
----------------- testing Sun Jul 14 23:00:05 UTC 2019 /home/travis/build/icyphy/ptII/ptolemy/actor/lib/test/auto/TestExceptionAttribute3.xml
----------------- Instantiating /home/travis/build/icyphy/ptII/ptolemy/actor/lib/test/auto/TestExceptionAttribute3.xml
.TestExceptionAttribute3.TestExceptionAttribute: initialize() was not invoked, but wrapup() was.  This is unusual, but not always a problem.  For example, exporting JNLP will do this.
1 ms. Memory: 491520K Free: 164179K (33%)
----------------- Invoking toplevel() on ptolemy.moml.MoMLSimpleApplication@68d2a518
----------------- Done invoking toplevel() on ptolemy.moml.MoMLSimpleApplication@68d2a518
reloadAllAccessors: .TestExceptionAttribute3

===========================================================================================
----------------- testing Sun Jul 14 23:00:05 UTC 2019 /home/travis/build/icyphy/ptII/ptolemy/actor/lib/test/auto/TestExceptionAttribute4.xml
----------------- Instantiating /home/travis/build/icyphy/ptII/ptolemy/actor/lib/test/auto/TestExceptionAttribute4.xml
.TestExceptionAttribute4.TestExceptionAttribute: initialize() was not invoked, but wrapup() was.  This is unusual, but not always a problem.  For example, exporting JNLP will do this.
.TestExceptionAttribute4.TestExceptionAttribute2: initialize() was not invoked, but wrapup() was.  This is unusual, but not always a problem.  For example, exporting JNLP will do this.
1 ms. Memory: 491520K Free: 160083K (33%)
----------------- Invoking toplevel() on ptolemy.moml.MoMLSimpleApplication@66d7a1ed
----------------- Done invoking toplevel() on ptolemy.moml.MoMLSimpleApplication@66d7a1ed
reloadAllAccessors: .TestExceptionAttribute4

===========================================================================================
----------------- testing Sun Jul 14 23:00:05 UTC 2019 /home/travis/build/icyphy/ptII/ptolemy/actor/lib/test/auto/TestExceptionHandler1.xml
----------------- Instantiating /home/travis/build/icyphy/ptII/ptolemy/actor/lib/test/auto/TestExceptionHandler1.xml
1 ms. Memory: 491520K Free: 156497K (32%)
----------------- Invoking toplevel() on ptolemy.moml.MoMLSimpleApplication@3404a8fc
----------------- Done invoking toplevel() on ptolemy.moml.MoMLSimpleApplication@3404a8fc
reloadAllAccessors: .TestExceptionHandler1

===========================================================================================
----------------- testing Sun Jul 14 23:00:05 UTC 2019 /home/travis/build/icyphy/ptII/ptolemy/actor/lib/test/auto/TestExceptionHandler2.xml
----------------- Instantiating /home/travis/build/icyphy/ptII/ptolemy/actor/lib/test/auto/TestExceptionHandler2.xml
1 ms. Memory: 491520K Free: 152915K (31%)
----------------- Invoking toplevel() on ptolemy.moml.MoMLSimpleApplication@7110bd15
----------------- Done invoking toplevel() on ptolemy.moml.MoMLSimpleApplication@7110bd15
reloadAllAccessors: .TestExceptionHandler2

===========================================================================================
----------------- testing Sun Jul 14 23:00:05 UTC 2019 /home/travis/build/icyphy/ptII/ptolemy/actor/lib/test/auto/TestExceptionHandler3.xml
----------------- Instantiating /home/travis/build/icyphy/ptII/ptolemy/actor/lib/test/auto/TestExceptionHandler3.xml
1 ms. Memory: 491520K Free: 440619K (90%)
----------------- Invoking toplevel() on ptolemy.moml.MoMLSimpleApplication@6141b87a
----------------- Done invoking toplevel() on ptolemy.moml.MoMLSimpleApplication@6141b87a
reloadAllAccessors: .TestExceptionHandler3

===========================================================================================
----------------- testing Sun Jul 14 23:00:05 UTC 2019 /home/travis/build/icyphy/ptII/ptolemy/actor/lib/test/auto/TestExceptionHandler4.xml
----------------- Instantiating /home/travis/build/icyphy/ptII/ptolemy/actor/lib/test/auto/TestExceptionHandler4.xml
1 ms. Memory: 491520K Free: 436013K (89%)
----------------- Invoking toplevel() on ptolemy.moml.MoMLSimpleApplication@6637cfa9
----------------- Done invoking toplevel() on ptolemy.moml.MoMLSimpleApplication@6637cfa9
reloadAllAccessors: .TestExceptionHandler4

===========================================================================================
----------------- testing Sun Jul 14 23:00:05 UTC 2019 /home/travis/build/icyphy/ptII/ptolemy/actor/lib/test/auto/TestRequireCorrectOrder.xml
----------------- Instantiating /home/travis/build/icyphy/ptII/ptolemy/actor/lib/test/auto/TestRequireCorrectOrder.xml
2 ms. Memory: 491520K Free: 430893K (88%)
----------------- Invoking toplevel() on ptolemy.moml.MoMLSimpleApplication@70fa06a9
----------------- Done invoking toplevel() on ptolemy.moml.MoMLSimpleApplication@70fa06a9
reloadAllAccessors: .TestRequireCorrectOrder

===========================================================================================
----------------- testing Sun Jul 14 23:00:05 UTC 2019 /home/travis/build/icyphy/ptII/ptolemy/actor/lib/test/auto/TestSimple.xml
----------------- Instantiating /home/travis/build/icyphy/ptII/ptolemy/actor/lib/test/auto/TestSimple.xml
2 ms. Memory: 491520K Free: 426277K (87%)
----------------- Invoking toplevel() on ptolemy.moml.MoMLSimpleApplication@5ae8622f
----------------- Done invoking toplevel() on ptolemy.moml.MoMLSimpleApplication@5ae8622f
reloadAllAccessors: .TestSimple

===========================================================================================
----------------- testing Sun Jul 14 23:00:05 UTC 2019 /home/travis/build/icyphy/ptII/ptolemy/actor/lib/test/auto/ThrowModelError.xml
----------------- Instantiating /home/travis/build/icyphy/ptII/ptolemy/actor/lib/test/auto/ThrowModelError.xml
1 ms. Memory: 491520K Free: 421677K (86%)
----------------- Invoking toplevel() on ptolemy.moml.MoMLSimpleApplication@568790b3
----------------- Done invoking toplevel() on ptolemy.moml.MoMLSimpleApplication@568790b3
reloadAllAccessors: .ThrowModelError

===========================================================================================
----------------- testing Sun Jul 14 23:00:05 UTC 2019 /home/travis/build/icyphy/ptII/ptolemy/actor/lib/test/auto/TimeDelayMicrosteps.xml
----------------- Instantiating /home/travis/build/icyphy/ptII/ptolemy/actor/lib/test/auto/TimeDelayMicrosteps.xml
4 ms. Memory: 491520K Free: 414989K (84%)
----------------- Invoking toplevel() on ptolemy.moml.MoMLSimpleApplication@12450d16
----------------- Done invoking toplevel() on ptolemy.moml.MoMLSimpleApplication@12450d16
reloadAllAccessors: .TimeDelayMicrosteps

===========================================================================================
----------------- testing Sun Jul 14 23:00:05 UTC 2019 /home/travis/build/icyphy/ptII/ptolemy/actor/lib/test/auto/TimeDelayMicrosteps2.xml
----------------- Instantiating /home/travis/build/icyphy/ptII/ptolemy/actor/lib/test/auto/TimeDelayMicrosteps2.xml
3 ms. Memory: 491520K Free: 407821K (83%)
----------------- Invoking toplevel() on ptolemy.moml.MoMLSimpleApplication@299b984b
----------------- Done invoking toplevel() on ptolemy.moml.MoMLSimpleApplication@299b984b
reloadAllAccessors: .TimeDelayMicrosteps2

===========================================================================================
----------------- testing Sun Jul 14 23:00:06 UTC 2019 /home/travis/build/icyphy/ptII/ptolemy/actor/lib/test/auto/TimeDelayMicrosteps3.xml
----------------- Instantiating /home/travis/build/icyphy/ptII/ptolemy/actor/lib/test/auto/TimeDelayMicrosteps3.xml
3 ms. Memory: 491520K Free: 401197K (82%)
----------------- Invoking toplevel() on ptolemy.moml.MoMLSimpleApplication@1382e4ea
----------------- Done invoking toplevel() on ptolemy.moml.MoMLSimpleApplication@1382e4ea
reloadAllAccessors: .TimeDelayMicrosteps3

===========================================================================================
----------------- testing Sun Jul 14 23:00:06 UTC 2019 /home/travis/build/icyphy/ptII/ptolemy/actor/lib/test/auto/TimeDelayVariableMicrosteps.xml
----------------- Instantiating /home/travis/build/icyphy/ptII/ptolemy/actor/lib/test/auto/TimeDelayVariableMicrosteps.xml
3 ms. Memory: 491520K Free: 394537K (80%)
----------------- Invoking toplevel() on ptolemy.moml.MoMLSimpleApplication@34c7da18
----------------- Done invoking toplevel() on ptolemy.moml.MoMLSimpleApplication@34c7da18
reloadAllAccessors: .TimeDelayVariableMicrosteps

===========================================================================================
----------------- testing Sun Jul 14 23:00:06 UTC 2019 /home/travis/build/icyphy/ptII/ptolemy/actor/lib/test/auto/TimeGap.xml
----------------- Instantiating /home/travis/build/icyphy/ptII/ptolemy/actor/lib/test/auto/TimeGap.xml
4 ms. Memory: 491520K Free: 389413K (79%)
----------------- Invoking toplevel() on ptolemy.moml.MoMLSimpleApplication@2ff98efd
----------------- Done invoking toplevel() on ptolemy.moml.MoMLSimpleApplication@2ff98efd
reloadAllAccessors: .TimeGap

===========================================================================================
----------------- testing Sun Jul 14 23:00:06 UTC 2019 /home/travis/build/icyphy/ptII/ptolemy/actor/lib/test/auto/TimeGap2.xml
----------------- Instantiating /home/travis/build/icyphy/ptII/ptolemy/actor/lib/test/auto/TimeGap2.xml
2 ms. Memory: 491520K Free: 383789K (78%)
----------------- Invoking toplevel() on ptolemy.moml.MoMLSimpleApplication@49406e5d
----------------- Done invoking toplevel() on ptolemy.moml.MoMLSimpleApplication@49406e5d
reloadAllAccessors: .TimeGap2

===========================================================================================
----------------- testing Sun Jul 14 23:00:06 UTC 2019 /home/travis/build/icyphy/ptII/ptolemy/actor/lib/test/auto/TimedSinewave.xml
----------------- Instantiating /home/travis/build/icyphy/ptII/ptolemy/actor/lib/test/auto/TimedSinewave.xml
26 ms. Memory: 491520K Free: 367915K (75%)
----------------- Invoking toplevel() on ptolemy.moml.MoMLSimpleApplication@59553367
----------------- Done invoking toplevel() on ptolemy.moml.MoMLSimpleApplication@59553367
reloadAllAccessors: .TimedSinewave

===========================================================================================
----------------- testing Sun Jul 14 23:00:06 UTC 2019 /home/travis/build/icyphy/ptII/ptolemy/actor/lib/test/auto/TimedSinewavePhase.xml
----------------- Instantiating /home/travis/build/icyphy/ptII/ptolemy/actor/lib/test/auto/TimedSinewavePhase.xml
11 ms. Memory: 491520K Free: 358189K (73%)
----------------- Invoking toplevel() on ptolemy.moml.MoMLSimpleApplication@16258955
----------------- Done invoking toplevel() on ptolemy.moml.MoMLSimpleApplication@16258955
reloadAllAccessors: .TimedSinewavePhase

===========================================================================================
----------------- testing Sun Jul 14 23:00:06 UTC 2019 /home/travis/build/icyphy/ptII/ptolemy/actor/lib/test/auto/Timer.xml
----------------- Instantiating /home/travis/build/icyphy/ptII/ptolemy/actor/lib/test/auto/Timer.xml
3 ms. Memory: 491520K Free: 352549K (72%)
----------------- Invoking toplevel() on ptolemy.moml.MoMLSimpleApplication@5f3a82da
----------------- Done invoking toplevel() on ptolemy.moml.MoMLSimpleApplication@5f3a82da
reloadAllAccessors: .Timer

===========================================================================================
----------------- testing Sun Jul 14 23:00:06 UTC 2019 /home/travis/build/icyphy/ptII/ptolemy/actor/lib/test/auto/TriangularDistTestModel.xml
----------------- Instantiating /home/travis/build/icyphy/ptII/ptolemy/actor/lib/test/auto/TriangularDistTestModel.xml
2 ms. Memory: 491520K Free: 346925K (71%)
----------------- Invoking toplevel() on ptolemy.moml.MoMLSimpleApplication@158270cd
----------------- Done invoking toplevel() on ptolemy.moml.MoMLSimpleApplication@158270cd
reloadAllAccessors: .TriangularDistTestModel

===========================================================================================
----------------- testing Sun Jul 14 23:00:06 UTC 2019 /home/travis/build/icyphy/ptII/ptolemy/actor/lib/test/auto/TrigFunction.xml
----------------- Instantiating /home/travis/build/icyphy/ptII/ptolemy/actor/lib/test/auto/TrigFunction.xml
2 ms. Memory: 491520K Free: 342315K (70%)
----------------- Invoking toplevel() on ptolemy.moml.MoMLSimpleApplication@89d2eab
----------------- Done invoking toplevel() on ptolemy.moml.MoMLSimpleApplication@89d2eab
reloadAllAccessors: .TrigFunction

===========================================================================================
----------------- testing Sun Jul 14 23:00:06 UTC 2019 /home/travis/build/icyphy/ptII/ptolemy/actor/lib/test/auto/TrigFunctionDE.xml
----------------- Instantiating /home/travis/build/icyphy/ptII/ptolemy/actor/lib/test/auto/TrigFunctionDE.xml
1 ms. Memory: 491520K Free: 336157K (68%)
----------------- Invoking toplevel() on ptolemy.moml.MoMLSimpleApplication@564d890b
----------------- Done invoking toplevel() on ptolemy.moml.MoMLSimpleApplication@564d890b
reloadAllAccessors: .TrigFunctionDE

===========================================================================================
----------------- testing Sun Jul 14 23:00:06 UTC 2019 /home/travis/build/icyphy/ptII/ptolemy/actor/lib/test/auto/TrigFunctionInverse.xml
----------------- Instantiating /home/travis/build/icyphy/ptII/ptolemy/actor/lib/test/auto/TrigFunctionInverse.xml
2 ms. Memory: 491520K Free: 331051K (67%)
----------------- Invoking toplevel() on ptolemy.moml.MoMLSimpleApplication@174ace99
----------------- Done invoking toplevel() on ptolemy.moml.MoMLSimpleApplication@174ace99
reloadAllAccessors: .TrigFunctionInverse

===========================================================================================
----------------- testing Sun Jul 14 23:00:06 UTC 2019 /home/travis/build/icyphy/ptII/ptolemy/actor/lib/test/auto/TrigFunctionTan.xml
----------------- Instantiating /home/travis/build/icyphy/ptII/ptolemy/actor/lib/test/auto/TrigFunctionTan.xml
1 ms. Memory: 491520K Free: 326955K (67%)
----------------- Invoking toplevel() on ptolemy.moml.MoMLSimpleApplication@2cee072c
----------------- Done invoking toplevel() on ptolemy.moml.MoMLSimpleApplication@2cee072c
reloadAllAccessors: .TrigFunctionTan

===========================================================================================
----------------- testing Sun Jul 14 23:00:06 UTC 2019 /home/travis/build/icyphy/ptII/ptolemy/actor/lib/test/auto/TriggeredClock.xml
----------------- Instantiating /home/travis/build/icyphy/ptII/ptolemy/actor/lib/test/auto/TriggeredClock.xml
1 ms. Memory: 491520K Free: 322317K (66%)
----------------- Invoking toplevel() on ptolemy.moml.MoMLSimpleApplication@616ac366
----------------- Done invoking toplevel() on ptolemy.moml.MoMLSimpleApplication@616ac366
reloadAllAccessors: .TriggeredClock

===========================================================================================
----------------- testing Sun Jul 14 23:00:06 UTC 2019 /home/travis/build/icyphy/ptII/ptolemy/actor/lib/test/auto/URLDirectoryReader.xml
----------------- Instantiating /home/travis/build/icyphy/ptII/ptolemy/actor/lib/test/auto/URLDirectoryReader.xml
41 ms. Memory: 491520K Free: 312109K (63%)
----------------- Invoking toplevel() on ptolemy.moml.MoMLSimpleApplication@4375f69e
----------------- Done invoking toplevel() on ptolemy.moml.MoMLSimpleApplication@4375f69e
reloadAllAccessors: .URLDirectoryReader

===========================================================================================
----------------- testing Sun Jul 14 23:00:06 UTC 2019 /home/travis/build/icyphy/ptII/ptolemy/actor/lib/test/auto/URLDirectoryReader3.xml
----------------- Instantiating /home/travis/build/icyphy/ptII/ptolemy/actor/lib/test/auto/URLDirectoryReader3.xml
1095 ms. Memory: 491520K Free: 432870K (88%)
----------------- Invoking toplevel() on ptolemy.moml.MoMLSimpleApplication@4f877c6f
----------------- Done invoking toplevel() on ptolemy.moml.MoMLSimpleApplication@4f877c6f
reloadAllAccessors: .URLDirectoryReader3

===========================================================================================
----------------- testing Sun Jul 14 23:00:07 UTC 2019 /home/travis/build/icyphy/ptII/ptolemy/actor/lib/test/auto/UnaryMathFunction.xml
----------------- Instantiating /home/travis/build/icyphy/ptII/ptolemy/actor/lib/test/auto/UnaryMathFunction.xml
3 ms. Memory: 491520K Free: 424678K (86%)
----------------- Invoking toplevel() on ptolemy.moml.MoMLSimpleApplication@53276c59
----------------- Done invoking toplevel() on ptolemy.moml.MoMLSimpleApplication@53276c59
reloadAllAccessors: .UnaryMathFunction

===========================================================================================
----------------- testing Sun Jul 14 23:00:07 UTC 2019 /home/travis/build/icyphy/ptII/ptolemy/actor/lib/test/auto/Uniform.xml
----------------- Instantiating /home/travis/build/icyphy/ptII/ptolemy/actor/lib/test/auto/Uniform.xml
4 ms. Memory: 491520K Free: 420072K (85%)
----------------- Invoking toplevel() on ptolemy.moml.MoMLSimpleApplication@55487988
----------------- Done invoking toplevel() on ptolemy.moml.MoMLSimpleApplication@55487988
reloadAllAccessors: .Uniform

===========================================================================================
----------------- testing Sun Jul 14 23:00:07 UTC 2019 /home/travis/build/icyphy/ptII/ptolemy/actor/lib/test/auto/UnionDisassemblerTest.xml
----------------- Instantiating /home/travis/build/icyphy/ptII/ptolemy/actor/lib/test/auto/UnionDisassemblerTest.xml
8 ms. Memory: 491520K Free: 415976K (85%)
----------------- Invoking toplevel() on ptolemy.moml.MoMLSimpleApplication@4a018aec
----------------- Done invoking toplevel() on ptolemy.moml.MoMLSimpleApplication@4a018aec
reloadAllAccessors: .UnionDisassemblerTest

===========================================================================================
----------------- testing Sun Jul 14 23:00:07 UTC 2019 /home/travis/build/icyphy/ptII/ptolemy/actor/lib/test/auto/UtilityFunctions.xml
----------------- Instantiating /home/travis/build/icyphy/ptII/ptolemy/actor/lib/test/auto/UtilityFunctions.xml
1 ms. Memory: 491520K Free: 411880K (84%)
----------------- Invoking toplevel() on ptolemy.moml.MoMLSimpleApplication@3844ad77
----------------- Done invoking toplevel() on ptolemy.moml.MoMLSimpleApplication@3844ad77
reloadAllAccessors: .UtilityFunctions

===========================================================================================
----------------- testing Sun Jul 14 23:00:07 UTC 2019 /home/travis/build/icyphy/ptII/ptolemy/actor/lib/test/auto/VariableSleep.xml
----------------- Instantiating /home/travis/build/icyphy/ptII/ptolemy/actor/lib/test/auto/VariableSleep.xml
505 ms. Memory: 491520K Free: 406760K (83%)
----------------- Invoking toplevel() on ptolemy.moml.MoMLSimpleApplication@cb39254
----------------- Done invoking toplevel() on ptolemy.moml.MoMLSimpleApplication@cb39254
reloadAllAccessors: .VariableSleep

===========================================================================================
----------------- testing Sun Jul 14 23:00:08 UTC 2019 /home/travis/build/icyphy/ptII/ptolemy/actor/lib/test/auto/VectorAssemblerDisassemblerCT.xml
----------------- Instantiating /home/travis/build/icyphy/ptII/ptolemy/actor/lib/test/auto/VectorAssemblerDisassemblerCT.xml
69 ms. Memory: 491520K Free: 386280K (79%)
----------------- Invoking toplevel() on ptolemy.moml.MoMLSimpleApplication@1b6407dc
----------------- Done invoking toplevel() on ptolemy.moml.MoMLSimpleApplication@1b6407dc
reloadAllAccessors: .VectorAssemblerDisassemblerCT

===========================================================================================
----------------- testing Sun Jul 14 23:00:08 UTC 2019 /home/travis/build/icyphy/ptII/ptolemy/actor/lib/test/auto/VectorAssemblerDisassemblerDE.xml
----------------- Instantiating /home/travis/build/icyphy/ptII/ptolemy/actor/lib/test/auto/VectorAssemblerDisassemblerDE.xml
2 ms. Memory: 491520K Free: 378598K (77%)
----------------- Invoking toplevel() on ptolemy.moml.MoMLSimpleApplication@39b484b1
----------------- Done invoking toplevel() on ptolemy.moml.MoMLSimpleApplication@39b484b1
reloadAllAccessors: .VectorAssemblerDisassemblerDE

===========================================================================================
----------------- testing Sun Jul 14 23:00:08 UTC 2019 /home/travis/build/icyphy/ptII/ptolemy/actor/lib/test/auto/VectorAssemblerDisassemblerSDF.xml
----------------- Instantiating /home/travis/build/icyphy/ptII/ptolemy/actor/lib/test/auto/VectorAssemblerDisassemblerSDF.xml
2 ms. Memory: 491520K Free: 372454K (76%)
----------------- Invoking toplevel() on ptolemy.moml.MoMLSimpleApplication@69149c80
----------------- Done invoking toplevel() on ptolemy.moml.MoMLSimpleApplication@69149c80
reloadAllAccessors: .VectorAssemblerDisassemblerSDF

===========================================================================================
----------------- testing Sun Jul 14 23:00:08 UTC 2019 /home/travis/build/icyphy/ptII/ptolemy/actor/lib/test/auto/WallClockTime.xml
----------------- Instantiating /home/travis/build/icyphy/ptII/ptolemy/actor/lib/test/auto/WallClockTime.xml
1004 ms. Memory: 491520K Free: 367334K (75%)
----------------- Invoking toplevel() on ptolemy.moml.MoMLSimpleApplication@4a2c9b5b
----------------- Done invoking toplevel() on ptolemy.moml.MoMLSimpleApplication@4a2c9b5b
reloadAllAccessors: .WallClockTime

===========================================================================================
----------------- testing Sun Jul 14 23:00:09 UTC 2019 /home/travis/build/icyphy/ptII/ptolemy/actor/lib/test/auto/WidthTestWithSubscriberPublisher.xml
----------------- Instantiating /home/travis/build/icyphy/ptII/ptolemy/actor/lib/test/auto/WidthTestWithSubscriberPublisher.xml
8 ms. Memory: 491520K Free: 349416K (71%)
----------------- Invoking toplevel() on ptolemy.moml.MoMLSimpleApplication@388bc08a
----------------- Done invoking toplevel() on ptolemy.moml.MoMLSimpleApplication@388bc08a
reloadAllAccessors: .WidthTestWithSubscriberPublisher

===========================================================================================
----------------- testing Sun Jul 14 23:00:09 UTC 2019 /home/travis/build/icyphy/ptII/ptolemy/actor/lib/test/auto/WidthTestWithSubscriberPublisher2.xml
----------------- Instantiating /home/travis/build/icyphy/ptII/ptolemy/actor/lib/test/auto/WidthTestWithSubscriberPublisher2.xml
3 ms. Memory: 491520K Free: 343272K (70%)
----------------- Invoking toplevel() on ptolemy.moml.MoMLSimpleApplication@51d24af
----------------- Done invoking toplevel() on ptolemy.moml.MoMLSimpleApplication@51d24af
reloadAllAccessors: .WidthTestWithSubscriberPublisher2

===========================================================================================
----------------- testing Sun Jul 14 23:00:09 UTC 2019 /home/travis/build/icyphy/ptII/ptolemy/actor/lib/test/auto/WidthTestWithSubscriberPublisher3.xml
----------------- Instantiating /home/travis/build/icyphy/ptII/ptolemy/actor/lib/test/auto/WidthTestWithSubscriberPublisher3.xml
2 ms. Memory: 491520K Free: 337128K (69%)
----------------- Invoking toplevel() on ptolemy.moml.MoMLSimpleApplication@3cf30e9c
----------------- Done invoking toplevel() on ptolemy.moml.MoMLSimpleApplication@3cf30e9c
reloadAllAccessors: .WidthTestWithSubscriberPublisher3

===========================================================================================
----------------- testing Sun Jul 14 23:00:09 UTC 2019 /home/travis/build/icyphy/ptII/ptolemy/actor/lib/test/auto/Writer.xml
----------------- Instantiating /home/travis/build/icyphy/ptII/ptolemy/actor/lib/test/auto/Writer.xml
0
1
2
3
4
1 ms. Memory: 491520K Free: 332512K (68%)
----------------- Invoking toplevel() on ptolemy.moml.MoMLSimpleApplication@21e4867a
----------------- Done invoking toplevel() on ptolemy.moml.MoMLSimpleApplication@21e4867a
reloadAllAccessors: .Writer

===========================================================================================
----------------- testing Sun Jul 14 23:00:09 UTC 2019 /home/travis/build/icyphy/ptII/ptolemy/actor/lib/test/auto/array.xml
----------------- Instantiating /home/travis/build/icyphy/ptII/ptolemy/actor/lib/test/auto/array.xml
2 ms. Memory: 491520K Free: 327912K (67%)
----------------- Invoking toplevel() on ptolemy.moml.MoMLSimpleApplication@52303e93
----------------- Done invoking toplevel() on ptolemy.moml.MoMLSimpleApplication@52303e93
reloadAllAccessors: .array

===========================================================================================
----------------- testing Sun Jul 14 23:00:09 UTC 2019 /home/travis/build/icyphy/ptII/ptolemy/actor/lib/test/auto/array2.xml
----------------- Instantiating /home/travis/build/icyphy/ptII/ptolemy/actor/lib/test/auto/array2.xml
3 ms. Memory: 491520K Free: 323288K (66%)
----------------- Invoking toplevel() on ptolemy.moml.MoMLSimpleApplication@34b08ce
----------------- Done invoking toplevel() on ptolemy.moml.MoMLSimpleApplication@34b08ce
reloadAllAccessors: .array2

===========================================================================================
----------------- testing Sun Jul 14 23:00:09 UTC 2019 /home/travis/build/icyphy/ptII/ptolemy/actor/lib/test/auto/arrayType.xml
----------------- Instantiating /home/travis/build/icyphy/ptII/ptolemy/actor/lib/test/auto/arrayType.xml
2 ms. Memory: 491520K Free: 318168K (65%)
----------------- Invoking toplevel() on ptolemy.moml.MoMLSimpleApplication@503bc603
----------------- Done invoking toplevel() on ptolemy.moml.MoMLSimpleApplication@503bc603
reloadAllAccessors: .arrayType

===========================================================================================
----------------- testing Sun Jul 14 23:00:09 UTC 2019 /home/travis/build/icyphy/ptII/ptolemy/actor/lib/test/auto/arrayType10.xml
----------------- Instantiating /home/travis/build/icyphy/ptII/ptolemy/actor/lib/test/auto/arrayType10.xml
1 ms. Memory: 491520K Free: 313576K (64%)
----------------- Invoking toplevel() on ptolemy.moml.MoMLSimpleApplication@e89510e
----------------- Done invoking toplevel() on ptolemy.moml.MoMLSimpleApplication@e89510e
reloadAllAccessors: .arrayType10

===========================================================================================
----------------- testing Sun Jul 14 23:00:09 UTC 2019 /home/travis/build/icyphy/ptII/ptolemy/actor/lib/test/auto/arrayType11.xml
----------------- Instantiating /home/travis/build/icyphy/ptII/ptolemy/actor/lib/test/auto/arrayType11.xml
1 ms. Memory: 491520K Free: 308456K (63%)
----------------- Invoking toplevel() on ptolemy.moml.MoMLSimpleApplication@497ab86b
----------------- Done invoking toplevel() on ptolemy.moml.MoMLSimpleApplication@497ab86b
reloadAllAccessors: .arrayType11

===========================================================================================
----------------- testing Sun Jul 14 23:00:09 UTC 2019 /home/travis/build/icyphy/ptII/ptolemy/actor/lib/test/auto/arrayType12.xml
----------------- Instantiating /home/travis/build/icyphy/ptII/ptolemy/actor/lib/test/auto/arrayType12.xml
1 ms. Memory: 491520K Free: 303846K (62%)
----------------- Invoking toplevel() on ptolemy.moml.MoMLSimpleApplication@672bb087
----------------- Done invoking toplevel() on ptolemy.moml.MoMLSimpleApplication@672bb087
reloadAllAccessors: .arrayType12

===========================================================================================
----------------- testing Sun Jul 14 23:00:09 UTC 2019 /home/travis/build/icyphy/ptII/ptolemy/actor/lib/test/auto/arrayType13.xml
----------------- Instantiating /home/travis/build/icyphy/ptII/ptolemy/actor/lib/test/auto/arrayType13.xml
2 ms. Memory: 491520K Free: 298726K (61%)
----------------- Invoking toplevel() on ptolemy.moml.MoMLSimpleApplication@793c74e7
----------------- Done invoking toplevel() on ptolemy.moml.MoMLSimpleApplication@793c74e7
reloadAllAccessors: .arrayType13

===========================================================================================
----------------- testing Sun Jul 14 23:00:09 UTC 2019 /home/travis/build/icyphy/ptII/ptolemy/actor/lib/test/auto/arrayType14.xml
----------------- Instantiating /home/travis/build/icyphy/ptII/ptolemy/actor/lib/test/auto/arrayType14.xml
2 ms. Memory: 491520K Free: 293592K (60%)
----------------- Invoking toplevel() on ptolemy.moml.MoMLSimpleApplication@724ad146
----------------- Done invoking toplevel() on ptolemy.moml.MoMLSimpleApplication@724ad146
reloadAllAccessors: .arrayType14

===========================================================================================
----------------- testing Sun Jul 14 23:00:09 UTC 2019 /home/travis/build/icyphy/ptII/ptolemy/actor/lib/test/auto/arrayType15.xml
----------------- Instantiating /home/travis/build/icyphy/ptII/ptolemy/actor/lib/test/auto/arrayType15.xml
3 ms. Memory: 491520K Free: 288486K (59%)
----------------- Invoking toplevel() on ptolemy.moml.MoMLSimpleApplication@195e25e1
----------------- Done invoking toplevel() on ptolemy.moml.MoMLSimpleApplication@195e25e1
reloadAllAccessors: .arrayType15

===========================================================================================
----------------- testing Sun Jul 14 23:00:09 UTC 2019 /home/travis/build/icyphy/ptII/ptolemy/actor/lib/test/auto/arrayType16.xml
----------------- Instantiating /home/travis/build/icyphy/ptII/ptolemy/actor/lib/test/auto/arrayType16.xml
1 ms. Memory: 491520K Free: 282856K (58%)
----------------- Invoking toplevel() on ptolemy.moml.MoMLSimpleApplication@66acf424
----------------- Done invoking toplevel() on ptolemy.moml.MoMLSimpleApplication@66acf424
reloadAllAccessors: .arrayType16

===========================================================================================
----------------- testing Sun Jul 14 23:00:09 UTC 2019 /home/travis/build/icyphy/ptII/ptolemy/actor/lib/test/auto/arrayType17.xml
----------------- Instantiating /home/travis/build/icyphy/ptII/ptolemy/actor/lib/test/auto/arrayType17.xml
2 ms. Memory: 491520K Free: 277736K (57%)
----------------- Invoking toplevel() on ptolemy.moml.MoMLSimpleApplication@3ff96297
----------------- Done invoking toplevel() on ptolemy.moml.MoMLSimpleApplication@3ff96297
reloadAllAccessors: .arrayType17

===========================================================================================
----------------- testing Sun Jul 14 23:00:09 UTC 2019 /home/travis/build/icyphy/ptII/ptolemy/actor/lib/test/auto/arrayType18.xml
----------------- Instantiating /home/travis/build/icyphy/ptII/ptolemy/actor/lib/test/auto/arrayType18.xml
1 ms. Memory: 491520K Free: 273126K (56%)
----------------- Invoking toplevel() on ptolemy.moml.MoMLSimpleApplication@342d9943
----------------- Done invoking toplevel() on ptolemy.moml.MoMLSimpleApplication@342d9943
reloadAllAccessors: .arrayType18

===========================================================================================
----------------- testing Sun Jul 14 23:00:09 UTC 2019 /home/travis/build/icyphy/ptII/ptolemy/actor/lib/test/auto/arrayType19.xml
----------------- Instantiating /home/travis/build/icyphy/ptII/ptolemy/actor/lib/test/auto/arrayType19.xml
2 ms. Memory: 491520K Free: 268520K (55%)
----------------- Invoking toplevel() on ptolemy.moml.MoMLSimpleApplication@3eb8e4f7
----------------- Done invoking toplevel() on ptolemy.moml.MoMLSimpleApplication@3eb8e4f7
reloadAllAccessors: .arrayType19

===========================================================================================
----------------- testing Sun Jul 14 23:00:09 UTC 2019 /home/travis/build/icyphy/ptII/ptolemy/actor/lib/test/auto/arrayType2.xml
----------------- Instantiating /home/travis/build/icyphy/ptII/ptolemy/actor/lib/test/auto/arrayType2.xml
1 ms. Memory: 491520K Free: 262886K (53%)
----------------- Invoking toplevel() on ptolemy.moml.MoMLSimpleApplication@6b84f36a
----------------- Done invoking toplevel() on ptolemy.moml.MoMLSimpleApplication@6b84f36a
reloadAllAccessors: .arrayType2

===========================================================================================
----------------- testing Sun Jul 14 23:00:09 UTC 2019 /home/travis/build/icyphy/ptII/ptolemy/actor/lib/test/auto/arrayType20.xml
----------------- Instantiating /home/travis/build/icyphy/ptII/ptolemy/actor/lib/test/auto/arrayType20.xml
1 ms. Memory: 491520K Free: 258280K (53%)
----------------- Invoking toplevel() on ptolemy.moml.MoMLSimpleApplication@7e970ddd
----------------- Done invoking toplevel() on ptolemy.moml.MoMLSimpleApplication@7e970ddd
reloadAllAccessors: .arrayType20

===========================================================================================
----------------- testing Sun Jul 14 23:00:09 UTC 2019 /home/travis/build/icyphy/ptII/ptolemy/actor/lib/test/auto/arrayType21.xml
----------------- Instantiating /home/travis/build/icyphy/ptII/ptolemy/actor/lib/test/auto/arrayType21.xml
1 ms. Memory: 491520K Free: 253670K (52%)
----------------- Invoking toplevel() on ptolemy.moml.MoMLSimpleApplication@61afdec8
----------------- Done invoking toplevel() on ptolemy.moml.MoMLSimpleApplication@61afdec8
reloadAllAccessors: .arrayType21

===========================================================================================
----------------- testing Sun Jul 14 23:00:09 UTC 2019 /home/travis/build/icyphy/ptII/ptolemy/actor/lib/test/auto/arrayType22.xml
----------------- Instantiating /home/travis/build/icyphy/ptII/ptolemy/actor/lib/test/auto/arrayType22.xml
1 ms. Memory: 491520K Free: 249064K (51%)
----------------- Invoking toplevel() on ptolemy.moml.MoMLSimpleApplication@35743a17
----------------- Done invoking toplevel() on ptolemy.moml.MoMLSimpleApplication@35743a17
reloadAllAccessors: .arrayType22

===========================================================================================
----------------- testing Sun Jul 14 23:00:09 UTC 2019 /home/travis/build/icyphy/ptII/ptolemy/actor/lib/test/auto/arrayType23.xml
----------------- Instantiating /home/travis/build/icyphy/ptII/ptolemy/actor/lib/test/auto/arrayType23.xml
1 ms. Memory: 491520K Free: 244454K (50%)
----------------- Invoking toplevel() on ptolemy.moml.MoMLSimpleApplication@787e0d89
----------------- Done invoking toplevel() on ptolemy.moml.MoMLSimpleApplication@787e0d89
reloadAllAccessors: .arrayType23

===========================================================================================
----------------- testing Sun Jul 14 23:00:09 UTC 2019 /home/travis/build/icyphy/ptII/ptolemy/actor/lib/test/auto/arrayType24.xml
----------------- Instantiating /home/travis/build/icyphy/ptII/ptolemy/actor/lib/test/auto/arrayType24.xml
2 ms. Memory: 491520K Free: 239334K (49%)
----------------- Invoking toplevel() on ptolemy.moml.MoMLSimpleApplication@50f27643
----------------- Done invoking toplevel() on ptolemy.moml.MoMLSimpleApplication@50f27643
reloadAllAccessors: .arrayType24

===========================================================================================
----------------- testing Sun Jul 14 23:00:09 UTC 2019 /home/travis/build/icyphy/ptII/ptolemy/actor/lib/test/auto/arrayType25.xml
----------------- Instantiating /home/travis/build/icyphy/ptII/ptolemy/actor/lib/test/auto/arrayType25.xml
1 ms. Memory: 491520K Free: 234214K (48%)
----------------- Invoking toplevel() on ptolemy.moml.MoMLSimpleApplication@55b2381a
----------------- Done invoking toplevel() on ptolemy.moml.MoMLSimpleApplication@55b2381a
reloadAllAccessors: .arrayType25

===========================================================================================
----------------- testing Sun Jul 14 23:00:09 UTC 2019 /home/travis/build/icyphy/ptII/ptolemy/actor/lib/test/auto/arrayType26.xml
----------------- Instantiating /home/travis/build/icyphy/ptII/ptolemy/actor/lib/test/auto/arrayType26.xml
1 ms. Memory: 491520K Free: 229094K (47%)
----------------- Invoking toplevel() on ptolemy.moml.MoMLSimpleApplication@6f264dc4
----------------- Done invoking toplevel() on ptolemy.moml.MoMLSimpleApplication@6f264dc4
reloadAllAccessors: .arrayType26

===========================================================================================
----------------- testing Sun Jul 14 23:00:09 UTC 2019 /home/travis/build/icyphy/ptII/ptolemy/actor/lib/test/auto/arrayType27.xml
----------------- Instantiating /home/travis/build/icyphy/ptII/ptolemy/actor/lib/test/auto/arrayType27.xml
1 ms. Memory: 491520K Free: 223974K (46%)
----------------- Invoking toplevel() on ptolemy.moml.MoMLSimpleApplication@7231b342
----------------- Done invoking toplevel() on ptolemy.moml.MoMLSimpleApplication@7231b342
reloadAllAccessors: .arrayType27

===========================================================================================
----------------- testing Sun Jul 14 23:00:09 UTC 2019 /home/travis/build/icyphy/ptII/ptolemy/actor/lib/test/auto/arrayType28.xml
----------------- Instantiating /home/travis/build/icyphy/ptII/ptolemy/actor/lib/test/auto/arrayType28.xml
2 ms. Memory: 491520K Free: 218344K (44%)
----------------- Invoking toplevel() on ptolemy.moml.MoMLSimpleApplication@258e1237
----------------- Done invoking toplevel() on ptolemy.moml.MoMLSimpleApplication@258e1237
reloadAllAccessors: .arrayType28

===========================================================================================
----------------- testing Sun Jul 14 23:00:09 UTC 2019 /home/travis/build/icyphy/ptII/ptolemy/actor/lib/test/auto/arrayType3.xml
----------------- Instantiating /home/travis/build/icyphy/ptII/ptolemy/actor/lib/test/auto/arrayType3.xml
1 ms. Memory: 491520K Free: 213224K (43%)
----------------- Invoking toplevel() on ptolemy.moml.MoMLSimpleApplication@1f518e2d
----------------- Done invoking toplevel() on ptolemy.moml.MoMLSimpleApplication@1f518e2d
reloadAllAccessors: .arrayType3

===========================================================================================
----------------- testing Sun Jul 14 23:00:09 UTC 2019 /home/travis/build/icyphy/ptII/ptolemy/actor/lib/test/auto/arrayType4.xml
----------------- Instantiating /home/travis/build/icyphy/ptII/ptolemy/actor/lib/test/auto/arrayType4.xml
2 ms. Memory: 491520K Free: 208104K (42%)
----------------- Invoking toplevel() on ptolemy.moml.MoMLSimpleApplication@c26d1c1
----------------- Done invoking toplevel() on ptolemy.moml.MoMLSimpleApplication@c26d1c1
reloadAllAccessors: .arrayType4

===========================================================================================
----------------- testing Sun Jul 14 23:00:09 UTC 2019 /home/travis/build/icyphy/ptII/ptolemy/actor/lib/test/auto/arrayType5.xml
----------------- Instantiating /home/travis/build/icyphy/ptII/ptolemy/actor/lib/test/auto/arrayType5.xml
3 ms. Memory: 491520K Free: 202984K (41%)
----------------- Invoking toplevel() on ptolemy.moml.MoMLSimpleApplication@9fc368b
----------------- Done invoking toplevel() on ptolemy.moml.MoMLSimpleApplication@9fc368b
reloadAllAccessors: .arrayType5

===========================================================================================
----------------- testing Sun Jul 14 23:00:09 UTC 2019 /home/travis/build/icyphy/ptII/ptolemy/actor/lib/test/auto/arrayType6.xml
----------------- Instantiating /home/travis/build/icyphy/ptII/ptolemy/actor/lib/test/auto/arrayType6.xml
1 ms. Memory: 491520K Free: 197864K (40%)
----------------- Invoking toplevel() on ptolemy.moml.MoMLSimpleApplication@17f5ba5a
----------------- Done invoking toplevel() on ptolemy.moml.MoMLSimpleApplication@17f5ba5a
reloadAllAccessors: .arrayType6

===========================================================================================
----------------- testing Sun Jul 14 23:00:09 UTC 2019 /home/travis/build/icyphy/ptII/ptolemy/actor/lib/test/auto/arrayType7.xml
----------------- Instantiating /home/travis/build/icyphy/ptII/ptolemy/actor/lib/test/auto/arrayType7.xml
1 ms. Memory: 491520K Free: 193254K (39%)
----------------- Invoking toplevel() on ptolemy.moml.MoMLSimpleApplication@64fe6ede
----------------- Done invoking toplevel() on ptolemy.moml.MoMLSimpleApplication@64fe6ede
reloadAllAccessors: .arrayType7

===========================================================================================
----------------- testing Sun Jul 14 23:00:10 UTC 2019 /home/travis/build/icyphy/ptII/ptolemy/actor/lib/test/auto/arrayType8.xml
----------------- Instantiating /home/travis/build/icyphy/ptII/ptolemy/actor/lib/test/auto/arrayType8.xml
7 ms. Memory: 491520K Free: 188648K (38%)
----------------- Invoking toplevel() on ptolemy.moml.MoMLSimpleApplication@3fe19c3c
----------------- Done invoking toplevel() on ptolemy.moml.MoMLSimpleApplication@3fe19c3c
reloadAllAccessors: .arrayType8

===========================================================================================
----------------- testing Sun Jul 14 23:00:10 UTC 2019 /home/travis/build/icyphy/ptII/ptolemy/actor/lib/test/auto/arrayType9.xml
----------------- Instantiating /home/travis/build/icyphy/ptII/ptolemy/actor/lib/test/auto/arrayType9.xml
1 ms. Memory: 491520K Free: 184038K (37%)
----------------- Invoking toplevel() on ptolemy.moml.MoMLSimpleApplication@1c58cbf3
----------------- Done invoking toplevel() on ptolemy.moml.MoMLSimpleApplication@1c58cbf3
reloadAllAccessors: .arrayType9

===========================================================================================
----------------- testing Sun Jul 14 23:00:10 UTC 2019 /home/travis/build/icyphy/ptII/ptolemy/actor/lib/test/auto/cast.xml
----------------- Instantiating /home/travis/build/icyphy/ptII/ptolemy/actor/lib/test/auto/cast.xml
9 ms. Memory: 491520K Free: 178918K (36%)
----------------- Invoking toplevel() on ptolemy.moml.MoMLSimpleApplication@e38aff6
----------------- Done invoking toplevel() on ptolemy.moml.MoMLSimpleApplication@e38aff6
reloadAllAccessors: .cast

===========================================================================================
----------------- testing Sun Jul 14 23:00:10 UTC 2019 /home/travis/build/icyphy/ptII/ptolemy/actor/lib/test/auto/compositeMultiPort.xml
----------------- Instantiating /home/travis/build/icyphy/ptII/ptolemy/actor/lib/test/auto/compositeMultiPort.xml
3 ms. Memory: 491520K Free: 170216K (35%)
----------------- Invoking toplevel() on ptolemy.moml.MoMLSimpleApplication@4733327d
----------------- Done invoking toplevel() on ptolemy.moml.MoMLSimpleApplication@4733327d
reloadAllAccessors: .compositeMultiPort

===========================================================================================
----------------- testing Sun Jul 14 23:00:10 UTC 2019 /home/travis/build/icyphy/ptII/ptolemy/actor/lib/test/auto/expressionCastInference.xml
----------------- Instantiating /home/travis/build/icyphy/ptII/ptolemy/actor/lib/test/auto/expressionCastInference.xml
2 ms. Memory: 491520K Free: 165606K (34%)
----------------- Invoking toplevel() on ptolemy.moml.MoMLSimpleApplication@77ebedb1
----------------- Done invoking toplevel() on ptolemy.moml.MoMLSimpleApplication@77ebedb1
reloadAllAccessors: .expressionCastInference

===========================================================================================
----------------- testing Sun Jul 14 23:00:10 UTC 2019 /home/travis/build/icyphy/ptII/ptolemy/actor/lib/test/auto/expressionCastInference2.xml
----------------- Instantiating /home/travis/build/icyphy/ptII/ptolemy/actor/lib/test/auto/expressionCastInference2.xml
2 ms. Memory: 491520K Free: 161000K (33%)
----------------- Invoking toplevel() on ptolemy.moml.MoMLSimpleApplication@64de0bb4
----------------- Done invoking toplevel() on ptolemy.moml.MoMLSimpleApplication@64de0bb4
reloadAllAccessors: .expressionCastInference2

===========================================================================================
----------------- testing Sun Jul 14 23:00:10 UTC 2019 /home/travis/build/icyphy/ptII/ptolemy/actor/lib/test/auto/expressionInference.xml
----------------- Instantiating /home/travis/build/icyphy/ptII/ptolemy/actor/lib/test/auto/expressionInference.xml
1 ms. Memory: 491520K Free: 156390K (32%)
----------------- Invoking toplevel() on ptolemy.moml.MoMLSimpleApplication@543ba4f2
----------------- Done invoking toplevel() on ptolemy.moml.MoMLSimpleApplication@543ba4f2
reloadAllAccessors: .expressionInference

===========================================================================================
----------------- testing Sun Jul 14 23:00:10 UTC 2019 /home/travis/build/icyphy/ptII/ptolemy/actor/lib/test/auto/expression_bug.xml
----------------- Instantiating /home/travis/build/icyphy/ptII/ptolemy/actor/lib/test/auto/expression_bug.xml
1 ms. Memory: 491520K Free: 152294K (31%)
----------------- Invoking toplevel() on ptolemy.moml.MoMLSimpleApplication@5e7247c9
----------------- Done invoking toplevel() on ptolemy.moml.MoMLSimpleApplication@5e7247c9
reloadAllAccessors: .expression_bug

===========================================================================================
----------------- testing Sun Jul 14 23:00:10 UTC 2019 /home/travis/build/icyphy/ptII/ptolemy/actor/lib/test/auto/factorial.xml
----------------- Instantiating /home/travis/build/icyphy/ptII/ptolemy/actor/lib/test/auto/factorial.xml
47 ms. Memory: 491520K Free: 432919K (88%)
----------------- Invoking toplevel() on ptolemy.moml.MoMLSimpleApplication@2fc61cdd
----------------- Done invoking toplevel() on ptolemy.moml.MoMLSimpleApplication@2fc61cdd
reloadAllAccessors: .factorial

===========================================================================================
----------------- testing Sun Jul 14 23:00:10 UTC 2019 /home/travis/build/icyphy/ptII/ptolemy/actor/lib/test/auto/filterTest1.xml
----------------- Instantiating /home/travis/build/icyphy/ptII/ptolemy/actor/lib/test/auto/filterTest1.xml
4 ms. Memory: 491520K Free: 426761K (87%)
----------------- Invoking toplevel() on ptolemy.moml.MoMLSimpleApplication@5f9b6f85
----------------- Done invoking toplevel() on ptolemy.moml.MoMLSimpleApplication@5f9b6f85
reloadAllAccessors: .filterTest1

===========================================================================================
----------------- testing Sun Jul 14 23:00:10 UTC 2019 /home/travis/build/icyphy/ptII/ptolemy/actor/lib/test/auto/funcApplyInConst.xml
----------------- Instantiating /home/travis/build/icyphy/ptII/ptolemy/actor/lib/test/auto/funcApplyInConst.xml
1 ms. Memory: 491520K Free: 423193K (86%)
----------------- Invoking toplevel() on ptolemy.moml.MoMLSimpleApplication@35699b10
----------------- Done invoking toplevel() on ptolemy.moml.MoMLSimpleApplication@35699b10
reloadAllAccessors: .funcApplyInConst

===========================================================================================
----------------- testing Sun Jul 14 23:00:10 UTC 2019 /home/travis/build/icyphy/ptII/ptolemy/actor/lib/test/auto/funcApplyInExpr.xml
----------------- Instantiating /home/travis/build/icyphy/ptII/ptolemy/actor/lib/test/auto/funcApplyInExpr.xml
2 ms. Memory: 491520K Free: 419607K (85%)
----------------- Invoking toplevel() on ptolemy.moml.MoMLSimpleApplication@60ce2344
----------------- Done invoking toplevel() on ptolemy.moml.MoMLSimpleApplication@60ce2344
reloadAllAccessors: .funcApplyInExpr

===========================================================================================
----------------- testing Sun Jul 14 23:00:10 UTC 2019 /home/travis/build/icyphy/ptII/ptolemy/actor/lib/test/auto/function.xml
----------------- Instantiating /home/travis/build/icyphy/ptII/ptolemy/actor/lib/test/auto/function.xml
2 ms. Memory: 491520K Free: 414487K (84%)
----------------- Invoking toplevel() on ptolemy.moml.MoMLSimpleApplication@b5437d5
----------------- Done invoking toplevel() on ptolemy.moml.MoMLSimpleApplication@b5437d5
reloadAllAccessors: .function

===========================================================================================
----------------- testing Sun Jul 14 23:00:10 UTC 2019 /home/travis/build/icyphy/ptII/ptolemy/actor/lib/test/auto/function2.xml
----------------- Instantiating /home/travis/build/icyphy/ptII/ptolemy/actor/lib/test/auto/function2.xml
3 ms. Memory: 491520K Free: 409881K (83%)
----------------- Invoking toplevel() on ptolemy.moml.MoMLSimpleApplication@688f158d
----------------- Done invoking toplevel() on ptolemy.moml.MoMLSimpleApplication@688f158d
reloadAllAccessors: .function2

===========================================================================================
----------------- testing Sun Jul 14 23:00:10 UTC 2019 /home/travis/build/icyphy/ptII/ptolemy/actor/lib/test/auto/function3.xml
----------------- Instantiating /home/travis/build/icyphy/ptII/ptolemy/actor/lib/test/auto/function3.xml
2 ms. Memory: 491520K Free: 406295K (83%)
----------------- Invoking toplevel() on ptolemy.moml.MoMLSimpleApplication@207c385d
----------------- Done invoking toplevel() on ptolemy.moml.MoMLSimpleApplication@207c385d
reloadAllAccessors: .function3

===========================================================================================
----------------- testing Sun Jul 14 23:00:10 UTC 2019 /home/travis/build/icyphy/ptII/ptolemy/actor/lib/test/auto/functionClosureTest1.xml
----------------- Instantiating /home/travis/build/icyphy/ptII/ptolemy/actor/lib/test/auto/functionClosureTest1.xml
2 ms. Memory: 491520K Free: 400121K (81%)
----------------- Invoking toplevel() on ptolemy.moml.MoMLSimpleApplication@1f822091
----------------- Done invoking toplevel() on ptolemy.moml.MoMLSimpleApplication@1f822091
reloadAllAccessors: .functionClosureTest1

===========================================================================================
----------------- testing Sun Jul 14 23:00:10 UTC 2019 /home/travis/build/icyphy/ptII/ptolemy/actor/lib/test/auto/functionClosureTest2.xml
----------------- Instantiating /home/travis/build/icyphy/ptII/ptolemy/actor/lib/test/auto/functionClosureTest2.xml
1 ms. Memory: 491520K Free: 396569K (81%)
----------------- Invoking toplevel() on ptolemy.moml.MoMLSimpleApplication@226f8599
----------------- Done invoking toplevel() on ptolemy.moml.MoMLSimpleApplication@226f8599
reloadAllAccessors: .functionClosureTest2

===========================================================================================
----------------- testing Sun Jul 14 23:00:10 UTC 2019 /home/travis/build/icyphy/ptII/ptolemy/actor/lib/test/auto/functionClosureTest3.xml
----------------- Instantiating /home/travis/build/icyphy/ptII/ptolemy/actor/lib/test/auto/functionClosureTest3.xml
2 ms. Memory: 491520K Free: 391449K (80%)
----------------- Invoking toplevel() on ptolemy.moml.MoMLSimpleApplication@486e7972
----------------- Done invoking toplevel() on ptolemy.moml.MoMLSimpleApplication@486e7972
reloadAllAccessors: .functionClosureTest3

===========================================================================================
----------------- testing Sun Jul 14 23:00:10 UTC 2019 /home/travis/build/icyphy/ptII/ptolemy/actor/lib/test/auto/functionClosureTest4.xml
----------------- Instantiating /home/travis/build/icyphy/ptII/ptolemy/actor/lib/test/auto/functionClosureTest4.xml
4 ms. Memory: 491520K Free: 384791K (78%)
----------------- Invoking toplevel() on ptolemy.moml.MoMLSimpleApplication@7a8b5dcf
----------------- Done invoking toplevel() on ptolemy.moml.MoMLSimpleApplication@7a8b5dcf
reloadAllAccessors: .functionClosureTest4

===========================================================================================
----------------- testing Sun Jul 14 23:00:10 UTC 2019 /home/travis/build/icyphy/ptII/ptolemy/actor/lib/test/auto/functionClosureTest5.xml
----------------- Instantiating /home/travis/build/icyphy/ptII/ptolemy/actor/lib/test/auto/functionClosureTest5.xml
4 ms. Memory: 491520K Free: 379671K (77%)
----------------- Invoking toplevel() on ptolemy.moml.MoMLSimpleApplication@d6a8013
----------------- Done invoking toplevel() on ptolemy.moml.MoMLSimpleApplication@d6a8013
reloadAllAccessors: .functionClosureTest5

===========================================================================================
----------------- testing Sun Jul 14 23:00:10 UTC 2019 /home/travis/build/icyphy/ptII/ptolemy/actor/lib/test/auto/functionClosureTest6.xml
----------------- Instantiating /home/travis/build/icyphy/ptII/ptolemy/actor/lib/test/auto/functionClosureTest6.xml
2 ms. Memory: 491520K Free: 375065K (76%)
----------------- Invoking toplevel() on ptolemy.moml.MoMLSimpleApplication@2b3319b6
----------------- Done invoking toplevel() on ptolemy.moml.MoMLSimpleApplication@2b3319b6
reloadAllAccessors: .functionClosureTest6

===========================================================================================
----------------- testing Sun Jul 14 23:00:10 UTC 2019 /home/travis/build/icyphy/ptII/ptolemy/actor/lib/test/auto/functionsOnArcs.xml
----------------- Instantiating /home/travis/build/icyphy/ptII/ptolemy/actor/lib/test/auto/functionsOnArcs.xml
2 ms. Memory: 491520K Free: 369431K (75%)
----------------- Invoking toplevel() on ptolemy.moml.MoMLSimpleApplication@4acfec3a
----------------- Done invoking toplevel() on ptolemy.moml.MoMLSimpleApplication@4acfec3a
reloadAllAccessors: .functionsOnArcs

===========================================================================================
----------------- testing Sun Jul 14 23:00:10 UTC 2019 /home/travis/build/icyphy/ptII/ptolemy/actor/lib/test/auto/functionsOnArcsHOF.xml
----------------- Instantiating /home/travis/build/icyphy/ptII/ptolemy/actor/lib/test/auto/functionsOnArcsHOF.xml
4 ms. Memory: 491520K Free: 363801K (74%)
----------------- Invoking toplevel() on ptolemy.moml.MoMLSimpleApplication@67584758
----------------- Done invoking toplevel() on ptolemy.moml.MoMLSimpleApplication@67584758
reloadAllAccessors: .functionsOnArcsHOF

===========================================================================================
----------------- testing Sun Jul 14 23:00:10 UTC 2019 /home/travis/build/icyphy/ptII/ptolemy/actor/lib/test/auto/logic.xml
----------------- Instantiating /home/travis/build/icyphy/ptII/ptolemy/actor/lib/test/auto/logic.xml
1 ms. Memory: 491520K Free: 356633K (73%)
----------------- Invoking toplevel() on ptolemy.moml.MoMLSimpleApplication@5b879836
----------------- Done invoking toplevel() on ptolemy.moml.MoMLSimpleApplication@5b879836
reloadAllAccessors: .logic

===========================================================================================
----------------- testing Sun Jul 14 23:00:10 UTC 2019 /home/travis/build/icyphy/ptII/ptolemy/actor/lib/test/auto/matrixType.xml
----------------- Instantiating /home/travis/build/icyphy/ptII/ptolemy/actor/lib/test/auto/matrixType.xml
3 ms. Memory: 491520K Free: 352023K (72%)
----------------- Invoking toplevel() on ptolemy.moml.MoMLSimpleApplication@e37e806
----------------- Done invoking toplevel() on ptolemy.moml.MoMLSimpleApplication@e37e806
reloadAllAccessors: .matrixType

===========================================================================================
----------------- testing Sun Jul 14 23:00:10 UTC 2019 /home/travis/build/icyphy/ptII/ptolemy/actor/lib/test/auto/matrixType10.xml
----------------- Instantiating /home/travis/build/icyphy/ptII/ptolemy/actor/lib/test/auto/matrixType10.xml
2 ms. Memory: 491520K Free: 346903K (71%)
----------------- Invoking toplevel() on ptolemy.moml.MoMLSimpleApplication@66ba4955
----------------- Done invoking toplevel() on ptolemy.moml.MoMLSimpleApplication@66ba4955
reloadAllAccessors: .matrixType10

===========================================================================================
----------------- testing Sun Jul 14 23:00:10 UTC 2019 /home/travis/build/icyphy/ptII/ptolemy/actor/lib/test/auto/matrixType11.xml
----------------- Instantiating /home/travis/build/icyphy/ptII/ptolemy/actor/lib/test/auto/matrixType11.xml
2 ms. Memory: 491520K Free: 342297K (70%)
----------------- Invoking toplevel() on ptolemy.moml.MoMLSimpleApplication@4485c385
----------------- Done invoking toplevel() on ptolemy.moml.MoMLSimpleApplication@4485c385
reloadAllAccessors: .matrixType11

===========================================================================================
----------------- testing Sun Jul 14 23:00:10 UTC 2019 /home/travis/build/icyphy/ptII/ptolemy/actor/lib/test/auto/matrixType12.xml
----------------- Instantiating /home/travis/build/icyphy/ptII/ptolemy/actor/lib/test/auto/matrixType12.xml
2 ms. Memory: 491520K Free: 337687K (69%)
----------------- Invoking toplevel() on ptolemy.moml.MoMLSimpleApplication@2a6e8469
----------------- Done invoking toplevel() on ptolemy.moml.MoMLSimpleApplication@2a6e8469
reloadAllAccessors: .matrixType12

===========================================================================================
----------------- testing Sun Jul 14 23:00:10 UTC 2019 /home/travis/build/icyphy/ptII/ptolemy/actor/lib/test/auto/matrixType13.xml
----------------- Instantiating /home/travis/build/icyphy/ptII/ptolemy/actor/lib/test/auto/matrixType13.xml
2 ms. Memory: 491520K Free: 332567K (68%)
----------------- Invoking toplevel() on ptolemy.moml.MoMLSimpleApplication@5f691da0
----------------- Done invoking toplevel() on ptolemy.moml.MoMLSimpleApplication@5f691da0
reloadAllAccessors: .matrixType13

===========================================================================================
----------------- testing Sun Jul 14 23:00:10 UTC 2019 /home/travis/build/icyphy/ptII/ptolemy/actor/lib/test/auto/matrixType14.xml
----------------- Instantiating /home/travis/build/icyphy/ptII/ptolemy/actor/lib/test/auto/matrixType14.xml
1 ms. Memory: 491520K Free: 327447K (67%)
----------------- Invoking toplevel() on ptolemy.moml.MoMLSimpleApplication@14a20fa
----------------- Done invoking toplevel() on ptolemy.moml.MoMLSimpleApplication@14a20fa
reloadAllAccessors: .matrixType14

===========================================================================================
----------------- testing Sun Jul 14 23:00:10 UTC 2019 /home/travis/build/icyphy/ptII/ptolemy/actor/lib/test/auto/matrixType2.xml
----------------- Instantiating /home/travis/build/icyphy/ptII/ptolemy/actor/lib/test/auto/matrixType2.xml
2 ms. Memory: 491520K Free: 322327K (66%)
----------------- Invoking toplevel() on ptolemy.moml.MoMLSimpleApplication@2a86e48f
----------------- Done invoking toplevel() on ptolemy.moml.MoMLSimpleApplication@2a86e48f
reloadAllAccessors: .matrixType2

===========================================================================================
----------------- testing Sun Jul 14 23:00:10 UTC 2019 /home/travis/build/icyphy/ptII/ptolemy/actor/lib/test/auto/matrixType3.xml
----------------- Instantiating /home/travis/build/icyphy/ptII/ptolemy/actor/lib/test/auto/matrixType3.xml
4 ms. Memory: 491520K Free: 317721K (65%)
----------------- Invoking toplevel() on ptolemy.moml.MoMLSimpleApplication@38d9c5c7
----------------- Done invoking toplevel() on ptolemy.moml.MoMLSimpleApplication@38d9c5c7
reloadAllAccessors: .matrixType3

===========================================================================================
----------------- testing Sun Jul 14 23:00:10 UTC 2019 /home/travis/build/icyphy/ptII/ptolemy/actor/lib/test/auto/matrixType4.xml
----------------- Instantiating /home/travis/build/icyphy/ptII/ptolemy/actor/lib/test/auto/matrixType4.xml
1 ms. Memory: 491520K Free: 313111K (64%)
----------------- Invoking toplevel() on ptolemy.moml.MoMLSimpleApplication@2580a1d7
----------------- Done invoking toplevel() on ptolemy.moml.MoMLSimpleApplication@2580a1d7
reloadAllAccessors: .matrixType4

===========================================================================================
----------------- testing Sun Jul 14 23:00:10 UTC 2019 /home/travis/build/icyphy/ptII/ptolemy/actor/lib/test/auto/matrixType5.xml
----------------- Instantiating /home/travis/build/icyphy/ptII/ptolemy/actor/lib/test/auto/matrixType5.xml
1 ms. Memory: 491520K Free: 307991K (63%)
----------------- Invoking toplevel() on ptolemy.moml.MoMLSimpleApplication@3dc06231
----------------- Done invoking toplevel() on ptolemy.moml.MoMLSimpleApplication@3dc06231
reloadAllAccessors: .matrixType5

===========================================================================================
----------------- testing Sun Jul 14 23:00:10 UTC 2019 /home/travis/build/icyphy/ptII/ptolemy/actor/lib/test/auto/matrixType6.xml
----------------- Instantiating /home/travis/build/icyphy/ptII/ptolemy/actor/lib/test/auto/matrixType6.xml
1 ms. Memory: 491520K Free: 303385K (62%)
----------------- Invoking toplevel() on ptolemy.moml.MoMLSimpleApplication@37ed88bb
----------------- Done invoking toplevel() on ptolemy.moml.MoMLSimpleApplication@37ed88bb
reloadAllAccessors: .matrixType6

===========================================================================================
----------------- testing Sun Jul 14 23:00:10 UTC 2019 /home/travis/build/icyphy/ptII/ptolemy/actor/lib/test/auto/matrixType7.xml
----------------- Instantiating /home/travis/build/icyphy/ptII/ptolemy/actor/lib/test/auto/matrixType7.xml
2 ms. Memory: 491520K Free: 298775K (61%)
----------------- Invoking toplevel() on ptolemy.moml.MoMLSimpleApplication@31d4a3c
----------------- Done invoking toplevel() on ptolemy.moml.MoMLSimpleApplication@31d4a3c
reloadAllAccessors: .matrixType7

===========================================================================================
----------------- testing Sun Jul 14 23:00:10 UTC 2019 /home/travis/build/icyphy/ptII/ptolemy/actor/lib/test/auto/matrixType8.xml
----------------- Instantiating /home/travis/build/icyphy/ptII/ptolemy/actor/lib/test/auto/matrixType8.xml
1 ms. Memory: 491520K Free: 293655K (60%)
----------------- Invoking toplevel() on ptolemy.moml.MoMLSimpleApplication@677b3412
----------------- Done invoking toplevel() on ptolemy.moml.MoMLSimpleApplication@677b3412
reloadAllAccessors: .matrixType8

===========================================================================================
----------------- testing Sun Jul 14 23:00:10 UTC 2019 /home/travis/build/icyphy/ptII/ptolemy/actor/lib/test/auto/matrixType9.xml
----------------- Instantiating /home/travis/build/icyphy/ptII/ptolemy/actor/lib/test/auto/matrixType9.xml
2 ms. Memory: 491520K Free: 289049K (59%)
----------------- Invoking toplevel() on ptolemy.moml.MoMLSimpleApplication@725457f4
----------------- Done invoking toplevel() on ptolemy.moml.MoMLSimpleApplication@725457f4
reloadAllAccessors: .matrixType9

===========================================================================================
----------------- testing Sun Jul 14 23:00:10 UTC 2019 /home/travis/build/icyphy/ptII/ptolemy/actor/lib/test/auto/paraFunctest.xml
----------------- Instantiating /home/travis/build/icyphy/ptII/ptolemy/actor/lib/test/auto/paraFunctest.xml
1 ms. Memory: 491520K Free: 284953K (58%)
----------------- Invoking toplevel() on ptolemy.moml.MoMLSimpleApplication@140a8473
----------------- Done invoking toplevel() on ptolemy.moml.MoMLSimpleApplication@140a8473
reloadAllAccessors: .paraFunctest

===========================================================================================
----------------- testing Sun Jul 14 23:00:10 UTC 2019 /home/travis/build/icyphy/ptII/ptolemy/actor/lib/test/auto/paraFunctest2.xml
----------------- Instantiating /home/travis/build/icyphy/ptII/ptolemy/actor/lib/test/auto/paraFunctest2.xml
2 ms. Memory: 491520K Free: 280343K (57%)
----------------- Invoking toplevel() on ptolemy.moml.MoMLSimpleApplication@38fffb69
----------------- Done invoking toplevel() on ptolemy.moml.MoMLSimpleApplication@38fffb69
reloadAllAccessors: .paraFunctest2

===========================================================================================
----------------- testing Sun Jul 14 23:00:10 UTC 2019 /home/travis/build/icyphy/ptII/ptolemy/actor/lib/test/auto/parameterPassing.xml
----------------- Instantiating /home/travis/build/icyphy/ptII/ptolemy/actor/lib/test/auto/parameterPassing.xml
1 ms. Memory: 491520K Free: 276247K (56%)
----------------- Invoking toplevel() on ptolemy.moml.MoMLSimpleApplication@5af9fbf0
----------------- Done invoking toplevel() on ptolemy.moml.MoMLSimpleApplication@5af9fbf0
reloadAllAccessors: .parameterPassing

===========================================================================================
----------------- testing Sun Jul 14 23:00:10 UTC 2019 /home/travis/build/icyphy/ptII/ptolemy/actor/lib/test/auto/record.xml
----------------- Instantiating /home/travis/build/icyphy/ptII/ptolemy/actor/lib/test/auto/record.xml
3 ms. Memory: 491520K Free: 271641K (55%)
----------------- Invoking toplevel() on ptolemy.moml.MoMLSimpleApplication@5c6ae212
----------------- Done invoking toplevel() on ptolemy.moml.MoMLSimpleApplication@5c6ae212
reloadAllAccessors: .record

===========================================================================================
----------------- testing Sun Jul 14 23:00:10 UTC 2019 /home/travis/build/icyphy/ptII/ptolemy/actor/lib/test/auto/sizedarray1.xml
----------------- Instantiating /home/travis/build/icyphy/ptII/ptolemy/actor/lib/test/auto/sizedarray1.xml
1 ms. Memory: 491520K Free: 266007K (54%)
----------------- Invoking toplevel() on ptolemy.moml.MoMLSimpleApplication@773501d2
----------------- Done invoking toplevel() on ptolemy.moml.MoMLSimpleApplication@773501d2
reloadAllAccessors: .sizedarray1

===========================================================================================
----------------- testing Sun Jul 14 23:00:10 UTC 2019 /home/travis/build/icyphy/ptII/ptolemy/actor/lib/test/auto/sizedarray2.xml
----------------- Instantiating /home/travis/build/icyphy/ptII/ptolemy/actor/lib/test/auto/sizedarray2.xml
3 ms. Memory: 491520K Free: 260887K (53%)
----------------- Invoking toplevel() on ptolemy.moml.MoMLSimpleApplication@12ca181b
----------------- Done invoking toplevel() on ptolemy.moml.MoMLSimpleApplication@12ca181b
reloadAllAccessors: .sizedarray2

===========================================================================================
----------------- testing Sun Jul 14 23:00:10 UTC 2019 /home/travis/build/icyphy/ptII/ptolemy/actor/lib/test/auto/twoPublishers.xml
----------------- Instantiating /home/travis/build/icyphy/ptII/ptolemy/actor/lib/test/auto/twoPublishers.xml
7 ms. Memory: 491520K Free: 249609K (51%)
----------------- Invoking toplevel() on ptolemy.moml.MoMLSimpleApplication@6ec446e0
----------------- Done invoking toplevel() on ptolemy.moml.MoMLSimpleApplication@6ec446e0
reloadAllAccessors: .twoPublishers
AutoTests.java: About to close Vertx.
AutoTests.java: Vertx closed.
]]></system-out>
  <system-err><![CDATA[java.lang.RuntimeException: Execution failed
	at ptolemy.moml.MoMLSimpleApplication$UnloadThread.run(MoMLSimpleApplication.java:402)
Caused by: java.lang.RuntimeException: StringUtilities.exit() was called. Normally, we would exit here because Manager.exitAfterWrapup() was called.  However, because the ptolemy.ptII.exitAfterWrapup property is set, we throw this exception instead.
	at ptolemy.util.StringUtilities.exit(StringUtilities.java:363)
	at ptolemy.actor.Manager.wrapup(Manager.java:1531)
	at ptolemy.actor.Manager.execute(Manager.java:407)
	at ptolemy.actor.Manager.run(Manager.java:1263)
	at ptolemy.actor.Manager$PtolemyRunThread.run(Manager.java:1915)
Warning: '.top.test' is in training mode, set the trainingMode parameter to false before checking in
Warning: '.top.test' is in training mode, set the trainingMode parameter to false before checking in
Warning: '.top.test' is in training mode, set the trainingMode parameter to false before checking in
Warning: '.BooleanSwitch_RegressionTest_WrongTrainingValues.Test' is in training mode, set the trainingMode parameter to false before checking in
Warning: '.BooleanSwitch_RegressionTest_WrongTrainingValues.Test2' is in training mode, set the trainingMode parameter to false before checking in
Warning: '.BooleanSwitch_RegressionTest_WrongTrainingValues.Test2' The test produced 0 tokens.
Warning: '.top.testExceptionHandler' is in training mode, set the trainingMode parameter to false before checking in
java.lang.RuntimeException: Execution failed
	at ptolemy.moml.MoMLSimpleApplication$UnloadThread.run(MoMLSimpleApplication.java:402)
Caused by: ptolemy.kernel.util.IllegalActionException: PublisherPorts cannot be used at the top level, use a Publisher actor instead.
  in .PublisherPortToplevelSubscriber.PublisherPort
	at ptolemy.actor.PublisherPort.preinitialize(PublisherPort.java:403)
	at ptolemy.actor.CompositeActor.preinitialize(CompositeActor.java:1769)
	at ptolemy.actor.Manager.preinitializeAndResolveTypes(Manager.java:1040)
	at ptolemy.actor.Manager.initialize(Manager.java:710)
	at ptolemy.actor.Manager.execute(Manager.java:356)
	at ptolemy.actor.Manager.run(Manager.java:1263)
	at ptolemy.actor.Manager$PtolemyRunThread.run(Manager.java:1915)
java.lang.reflect.InvocationTargetException
	at java.base/jdk.internal.reflect.NativeConstructorAccessorImpl.newInstance0(Native Method)
	at java.base/jdk.internal.reflect.NativeConstructorAccessorImpl.newInstance(NativeConstructorAccessorImpl.java:62)
	at java.base/jdk.internal.reflect.DelegatingConstructorAccessorImpl.newInstance(DelegatingConstructorAccessorImpl.java:45)
	at java.base/java.lang.reflect.Constructor.newInstance(Constructor.java:490)
	at ptolemy.util.test.junit.AutoKnownFailedTests.RunModel(AutoKnownFailedTests.java:105)
	at java.base/jdk.internal.reflect.NativeMethodAccessorImpl.invoke0(Native Method)
	at java.base/jdk.internal.reflect.NativeMethodAccessorImpl.invoke(NativeMethodAccessorImpl.java:62)
	at java.base/jdk.internal.reflect.DelegatingMethodAccessorImpl.invoke(DelegatingMethodAccessorImpl.java:43)
	at java.base/java.lang.reflect.Method.invoke(Method.java:566)
	at org.junit.runners.model.FrameworkMethod$1.runReflectiveCall(FrameworkMethod.java:44)
	at org.junit.internal.runners.model.ReflectiveCallable.run(ReflectiveCallable.java:15)
	at org.junit.runners.model.FrameworkMethod.invokeExplosively(FrameworkMethod.java:41)
	at junitparams.internal.InvokeParameterisedMethod.evaluate(InvokeParameterisedMethod.java:102)
	at org.junit.internal.runners.statements.FailOnTimeout$1.run(FailOnTimeout.java:28)
Caused by: ptolemy.kernel.util.IllegalActionException: PublisherPorts cannot be used at the top level, use a Publisher actor instead.
  in .PublisherPortToplevelSubscriber.PublisherPort
	at ptolemy.actor.PublisherPort.preinitialize(PublisherPort.java:403)
	at ptolemy.actor.CompositeActor.preinitialize(CompositeActor.java:1769)
	at ptolemy.actor.Manager.preinitializeAndResolveTypes(Manager.java:1040)
	at ptolemy.actor.Manager.initialize(Manager.java:710)
	at ptolemy.actor.Manager.execute(Manager.java:356)
	at ptolemy.actor.Manager.run(Manager.java:1263)
	at ptolemy.actor.Manager$PtolemyRunThread.run(Manager.java:1915)
java.lang.RuntimeException: Execution failed
	at ptolemy.moml.MoMLSimpleApplication$UnloadThread.run(MoMLSimpleApplication.java:402)
Caused by: ptolemy.kernel.util.IllegalActionException: SubscriberPorts cannot be used at the top level, use a Subscriber actor instead.
  in .PublisherSubscriberPortToplevel.SubscriberPort
	at ptolemy.actor.SubscriberPort.preinitialize(SubscriberPort.java:328)
	at ptolemy.actor.CompositeActor.preinitialize(CompositeActor.java:1769)
	at ptolemy.actor.Manager.preinitializeAndResolveTypes(Manager.java:1040)
	at ptolemy.actor.Manager.initialize(Manager.java:710)
	at ptolemy.actor.Manager.execute(Manager.java:356)
	at ptolemy.actor.Manager.run(Manager.java:1263)
	at ptolemy.actor.Manager$PtolemyRunThread.run(Manager.java:1915)
java.lang.reflect.InvocationTargetException
	at java.base/jdk.internal.reflect.NativeConstructorAccessorImpl.newInstance0(Native Method)
	at java.base/jdk.internal.reflect.NativeConstructorAccessorImpl.newInstance(NativeConstructorAccessorImpl.java:62)
	at java.base/jdk.internal.reflect.DelegatingConstructorAccessorImpl.newInstance(DelegatingConstructorAccessorImpl.java:45)
	at java.base/java.lang.reflect.Constructor.newInstance(Constructor.java:490)
	at ptolemy.util.test.junit.AutoKnownFailedTests.RunModel(AutoKnownFailedTests.java:105)
	at java.base/jdk.internal.reflect.NativeMethodAccessorImpl.invoke0(Native Method)
	at java.base/jdk.internal.reflect.NativeMethodAccessorImpl.invoke(NativeMethodAccessorImpl.java:62)
	at java.base/jdk.internal.reflect.DelegatingMethodAccessorImpl.invoke(DelegatingMethodAccessorImpl.java:43)
	at java.base/java.lang.reflect.Method.invoke(Method.java:566)
	at org.junit.runners.model.FrameworkMethod$1.runReflectiveCall(FrameworkMethod.java:44)
	at org.junit.internal.runners.model.ReflectiveCallable.run(ReflectiveCallable.java:15)
	at org.junit.runners.model.FrameworkMethod.invokeExplosively(FrameworkMethod.java:41)
	at junitparams.internal.InvokeParameterisedMethod.evaluate(InvokeParameterisedMethod.java:102)
	at org.junit.internal.runners.statements.FailOnTimeout$1.run(FailOnTimeout.java:28)
Caused by: ptolemy.kernel.util.IllegalActionException: SubscriberPorts cannot be used at the top level, use a Subscriber actor instead.
  in .PublisherSubscriberPortToplevel.SubscriberPort
	at ptolemy.actor.SubscriberPort.preinitialize(SubscriberPort.java:328)
	at ptolemy.actor.CompositeActor.preinitialize(CompositeActor.java:1769)
	at ptolemy.actor.Manager.preinitializeAndResolveTypes(Manager.java:1040)
	at ptolemy.actor.Manager.initialize(Manager.java:710)
	at ptolemy.actor.Manager.execute(Manager.java:356)
	at ptolemy.actor.Manager.run(Manager.java:1263)
	at ptolemy.actor.Manager$PtolemyRunThread.run(Manager.java:1915)
java.lang.RuntimeException: Execution failed
	at ptolemy.moml.MoMLSimpleApplication$UnloadThread.run(MoMLSimpleApplication.java:402)
Caused by: ptolemy.kernel.util.IllegalActionException: SubscriptionAggregatorPorts cannot be used at the top level, use a SubscriptionAggregator actor instead.
  in .PublisherSubscriptionAggregatorPort.SubscriptionAggregatorPort
	at ptolemy.actor.SubscriptionAggregatorPort.preinitialize(SubscriptionAggregatorPort.java:353)
	at ptolemy.actor.CompositeActor.preinitialize(CompositeActor.java:1769)
	at ptolemy.actor.Manager.preinitializeAndResolveTypes(Manager.java:1040)
	at ptolemy.actor.Manager.initialize(Manager.java:710)
	at ptolemy.actor.Manager.execute(Manager.java:356)
	at ptolemy.actor.Manager.run(Manager.java:1263)
	at ptolemy.actor.Manager$PtolemyRunThread.run(Manager.java:1915)
java.lang.reflect.InvocationTargetException
	at java.base/jdk.internal.reflect.NativeConstructorAccessorImpl.newInstance0(Native Method)
	at java.base/jdk.internal.reflect.NativeConstructorAccessorImpl.newInstance(NativeConstructorAccessorImpl.java:62)
	at java.base/jdk.internal.reflect.DelegatingConstructorAccessorImpl.newInstance(DelegatingConstructorAccessorImpl.java:45)
	at java.base/java.lang.reflect.Constructor.newInstance(Constructor.java:490)
	at ptolemy.util.test.junit.AutoKnownFailedTests.RunModel(AutoKnownFailedTests.java:105)
	at java.base/jdk.internal.reflect.NativeMethodAccessorImpl.invoke0(Native Method)
	at java.base/jdk.internal.reflect.NativeMethodAccessorImpl.invoke(NativeMethodAccessorImpl.java:62)
	at java.base/jdk.internal.reflect.DelegatingMethodAccessorImpl.invoke(DelegatingMethodAccessorImpl.java:43)
	at java.base/java.lang.reflect.Method.invoke(Method.java:566)
	at org.junit.runners.model.FrameworkMethod$1.runReflectiveCall(FrameworkMethod.java:44)
	at org.junit.internal.runners.model.ReflectiveCallable.run(ReflectiveCallable.java:15)
	at org.junit.runners.model.FrameworkMethod.invokeExplosively(FrameworkMethod.java:41)
	at junitparams.internal.InvokeParameterisedMethod.evaluate(InvokeParameterisedMethod.java:102)
	at org.junit.internal.runners.statements.FailOnTimeout$1.run(FailOnTimeout.java:28)
Caused by: ptolemy.kernel.util.IllegalActionException: SubscriptionAggregatorPorts cannot be used at the top level, use a SubscriptionAggregator actor instead.
  in .PublisherSubscriptionAggregatorPort.SubscriptionAggregatorPort
	at ptolemy.actor.SubscriptionAggregatorPort.preinitialize(SubscriptionAggregatorPort.java:353)
	at ptolemy.actor.CompositeActor.preinitialize(CompositeActor.java:1769)
	at ptolemy.actor.Manager.preinitializeAndResolveTypes(Manager.java:1040)
	at ptolemy.actor.Manager.initialize(Manager.java:710)
	at ptolemy.actor.Manager.execute(Manager.java:356)
	at ptolemy.actor.Manager.run(Manager.java:1263)
	at ptolemy.actor.Manager$PtolemyRunThread.run(Manager.java:1915)
java.lang.RuntimeException: Execution failed
	at ptolemy.moml.MoMLSimpleApplication$UnloadThread.run(MoMLSimpleApplication.java:402)
Caused by: ptolemy.kernel.util.IllegalActionException: TypeTest actor has no training data.
  in .sizedarray3.TypeTest
	at ptolemy.actor.lib.TypeTest.initialize(TypeTest.java:250)
	at ptolemy.actor.Director.initialize(Director.java:938)
	at ptolemy.actor.Director.initialize(Director.java:907)
	at ptolemy.actor.sched.StaticSchedulingDirector.initialize(StaticSchedulingDirector.java:159)
	at ptolemy.domains.sdf.kernel.SDFDirector.initialize(SDFDirector.java:544)
	at ptolemy.actor.CompositeActor.initialize(CompositeActor.java:935)
	at ptolemy.actor.Manager.initialize(Manager.java:724)
	at ptolemy.actor.Manager.execute(Manager.java:356)
	at ptolemy.actor.Manager.run(Manager.java:1263)
	at ptolemy.actor.Manager$PtolemyRunThread.run(Manager.java:1915)
java.lang.reflect.InvocationTargetException
	at java.base/jdk.internal.reflect.NativeConstructorAccessorImpl.newInstance0(Native Method)
	at java.base/jdk.internal.reflect.NativeConstructorAccessorImpl.newInstance(NativeConstructorAccessorImpl.java:62)
	at java.base/jdk.internal.reflect.DelegatingConstructorAccessorImpl.newInstance(DelegatingConstructorAccessorImpl.java:45)
	at java.base/java.lang.reflect.Constructor.newInstance(Constructor.java:490)
	at ptolemy.util.test.junit.AutoKnownFailedTests.RunModel(AutoKnownFailedTests.java:105)
	at java.base/jdk.internal.reflect.NativeMethodAccessorImpl.invoke0(Native Method)
	at java.base/jdk.internal.reflect.NativeMethodAccessorImpl.invoke(NativeMethodAccessorImpl.java:62)
	at java.base/jdk.internal.reflect.DelegatingMethodAccessorImpl.invoke(DelegatingMethodAccessorImpl.java:43)
	at java.base/java.lang.reflect.Method.invoke(Method.java:566)
	at org.junit.runners.model.FrameworkMethod$1.runReflectiveCall(FrameworkMethod.java:44)
	at org.junit.internal.runners.model.ReflectiveCallable.run(ReflectiveCallable.java:15)
	at org.junit.runners.model.FrameworkMethod.invokeExplosively(FrameworkMethod.java:41)
	at junitparams.internal.InvokeParameterisedMethod.evaluate(InvokeParameterisedMethod.java:102)
	at org.junit.internal.runners.statements.FailOnTimeout$1.run(FailOnTimeout.java:28)
Caused by: ptolemy.kernel.util.IllegalActionException: TypeTest actor has no training data.
  in .sizedarray3.TypeTest
	at ptolemy.actor.lib.TypeTest.initialize(TypeTest.java:250)
	at ptolemy.actor.Director.initialize(Director.java:938)
	at ptolemy.actor.Director.initialize(Director.java:907)
	at ptolemy.actor.sched.StaticSchedulingDirector.initialize(StaticSchedulingDirector.java:159)
	at ptolemy.domains.sdf.kernel.SDFDirector.initialize(SDFDirector.java:544)
	at ptolemy.actor.CompositeActor.initialize(CompositeActor.java:935)
	at ptolemy.actor.Manager.initialize(Manager.java:724)
	at ptolemy.actor.Manager.execute(Manager.java:356)
	at ptolemy.actor.Manager.run(Manager.java:1263)
	at ptolemy.actor.Manager$PtolemyRunThread.run(Manager.java:1915)
java.lang.RuntimeException: Execution failed
	at ptolemy.moml.MoMLSimpleApplication$UnloadThread.run(MoMLSimpleApplication.java:402)
Caused by: ptolemy.kernel.util.IllegalActionException: Test fails in iteration 0.
Value was: "WARNING: An illegal reflective access operation has occurred\nWARNING: Illegal reflective access by io.netty.util.internal.ReflectionUtil (file:/home/travis/build/icyphy/ptII/lib/netty-common-4.1.19.Final.jar) to constructor java.nio.DirectByteBuffer(long,int)\nWARNING: Please consider reporting this to the maintainers of io.netty.util.internal.ReflectionUtil\nWARNING: Use --illegal-access=warn to enable warnings of further illegal reflective access operations\nWARNING: All illegal access operations will be denied in a future release\n". Should have been: ""
  in .ExecRunDemos.Test
	at ptolemy.actor.lib.Test.fire(Test.java:268)
	at ptolemy.actor.AtomicActor.iterate(AtomicActor.java:512)
	at ptolemy.actor.sched.StaticSchedulingDirector.fire(StaticSchedulingDirector.java:216)
	at ptolemy.domains.sdf.kernel.SDFDirector.fire(SDFDirector.java:500)
	at ptolemy.actor.CompositeActor.fire(CompositeActor.java:455)
	at ptolemy.actor.Manager.iterate(Manager.java:851)
	at ptolemy.actor.Manager.execute(Manager.java:369)
	at ptolemy.actor.Manager.run(Manager.java:1263)
	at ptolemy.actor.Manager$PtolemyRunThread.run(Manager.java:1915)
]]></system-err>
</testsuite>
