<?xml version="1.0" encoding="UTF-8" ?>
<testsuite errors="0" failures="0" hostname="travis-job-52a2aad6-c65c-4d7e-bf10-04e1f2cb9127" name="ptolemy.actor.lib.test.junit.JUnitTclTest" skipped="0" tests="517" time="59.91" timestamp="2020-07-14T15:07:20">
  <properties>
    <property name="npm.executable" value="npm" />
    <property name="env.TRAVIS_ROOT" value="/" />
    <property name="ptII.mk.exists" value="true" />
    <property name="env.TRAVIS_APP_HOST" value="build.travis-ci.org" />
    <property name="env.rvm_bin_path" value="/home/travis/.rvm/bin" />
    <property name="java.home" value="/usr/local/lib/jvm/openjdk11" />
    <property name="env.TRAVIS_JOB_NUMBER" value="1691.8" />
    <property name="env.TRAVIS_HOME" value="/home/travis" />
    <property name="env.DISPLAY" value=":99.0" />
    <property name="env.TRAVIS_INIT" value="systemd" />
    <property name="env.SSH_TTY" value="/dev/pts/0" />
    <property name="java.net.preferIPv4Stack" value="true" />
    <property name="env.RUN_TESTS" value="true" />
    <property name="timeout.short" value="1000000" />
    <property name="junit.formatter" value="xml" />
    <property name="env.TRAVIS_SUDO" value="true" />
    <property name="env.TRAVIS_JOB_NAME" value="" />
    <property name="env.TRAVIS_STACK_NODE_ATTRIBUTES" value="/.node-attributes.yml" />
    <property name="env.LOGNAME" value="travis" />
    <property name="env.PT_TRAVIS_TEST_CORE1_XML" value="true" />
    <property name="jsdoc.home" value="node_modules/@terraswarm/jsdoc" />
    <property name="debuglevel" value="source,lines,vars" />
    <property name="checkstyle.formatter" value="xml" />
    <property name="env._system_version" value="16.04" />
    <property name="bin.vergil.makeable" value="true" />
    <property name="sun.os.patch.level" value="unknown" />
    <property name="java.vendor.url" value="http://java.oracle.com/" />
    <property name="env.TRAVIS_BUILD_WEB_URL" value="https://travis-ci.org/icyphy/ptII/builds/708010701" />
    <property name="java.version" value="11.0.2" />
    <property name="env.TZ" value="UTC" />
    <property name="env.TRAVIS_PULL_REQUEST_SHA" value="" />
    <property name="env.PT_NO_NET" value="true" />
    <property name="env.TRAVIS_SECURE_ENV_VARS" value="true" />
    <property name="env._system_type" value="Linux" />
    <property name="java.vendor.url.bug" value="http://bugreport.java.com/bugreport/" />
    <property name="npmjs-org-is-up" value="true" />
    <property name="env.LANGUAGE" value="en_US.UTF-8" />
    <property name="env.SSH_CLIENT" value="10.16.0.71 41744 22" />
    <property name="env.GEM_HOME" value="/home/travis/.rvm/gems/ruby-2.5.3" />
    <property name="env.HAS_ANTARES_THREE_LITTLE_FRONZIES_BADGE" value="true" />
    <property name="java.version.date" value="2019-01-15" />
    <property name="env.PS4" value="+" />
    <property name="ant.project.invoked-targets" value="build,test.core1.xml" />
    <property name="env.TRAVIS_PULL_REQUEST_BRANCH" value="" />
    <property name="env.TRAVIS_REPO_SLUG" value="icyphy/ptII" />
    <property name="env.XDG_DATA_DIRS" value="/usr/local/share:/usr/share:/var/lib/snapd/desktop" />
    <property name="jdk.debug" value="release" />
    <property name="env.TRAVIS_APT_PROXY" value="http://build-cache.travisci.net" />
    <property name="env.TRAVIS_CPU_ARCH" value="amd64" />
    <property name="node.in.path" value="true" />
    <property name="user.name" value="travis" />
    <property name="java.maxmemory" value="1400m" />
    <property name="env.RUBY_VERSION" value="ruby-2.5.3" />
    <property name="env.LANG" value="en_US.UTF-8" />
    <property name="sun.io.unicode.encoding" value="UnicodeLittle" />
    <property name="sun.jnu.encoding" value="UTF-8" />
    <property name="java.runtime.name" value="OpenJDK Runtime Environment" />
    <property name="usefile" value="false" />
    <property name="return.code" value="0" />
    <property name="junit.single.formatter" value="plain" />
    <property name="env.DYLD_LIBRARY_PATH" value="/home/travis/pthla/certi-tools/lib:" />
    <property name="env.DEBIAN_FRONTEND" value="noninteractive" />
    <property name="env.SSH_CONNECTION" value="10.16.0.71 41744 10.20.0.49 22" />
    <property name="env.MYSQL_UNIX_PORT" value="/var/run/mysqld/mysqld.sock" />
    <property name="env.LC_ALL" value="en_US.UTF-8" />
    <property name="env.TRAVIS_ALLOW_FAILURE" value="" />
    <property name="env.TRAVIS_JOB_WEB_URL" value="https://travis-ci.org/icyphy/ptII/jobs/708010728" />
    <property name="java.specification.name" value="Java Platform API Specification" />
    <property name="node.works" value="true" />
    <property name="user.timezone" value="" />
    <property name="path.separator" value=":" />
    <property name="env.TRAVIS_ENABLE_INFRA_DETECTION" value="true" />
    <property name="env.PYTHON_CFLAGS" value="-g -fstack-protector --param=ssp-buffer-size=4 -Wformat -Werror=format-security" />
    <property name="timeout.long" value="4000000" />
    <property name="env.CERTI_HOME" value="/home/travis/pthla/certi-tools" />
    <property name="ant.file.ptII" value="/home/travis/build/icyphy/ptII/build.xml" />
    <property name="javadoc.packagenames" value="com.*,diva.*,lbnl.*,org.hlacerti.*,org.json.*,org.ptolemy.*,org.terraswarm.*,ptolemy.*,ptserver.*" />
    <property name="file.encoding" value="UTF-8" />
    <property name="env.TRAVIS_PULL_REQUEST_SLUG" value="" />
    <property name="ant.project.default-target" value="build" />
    <property name="env.GIT_ASKPASS" value="echo" />
    <property name="env.HOME" value="/home/travis" />
    <property name="sun.java.command" value="org.apache.tools.ant.taskdefs.optional.junit.JUnitTestRunner ptolemy.actor.lib.test.junit.JUnitTclTest skipNonTests=false filtertrace=true haltOnError=false haltOnFailure=false formatter=org.apache.tools.ant.taskdefs.optional.junit.OutErrSummaryJUnitResultFormatter showoutput=true outputtoformatters=true logfailedtests=true threadid=0 logtestlistenerevents=false formatter=org.apache.tools.ant.taskdefs.optional.junit.XMLJUnitResultFormatter,/home/travis/build/icyphy/ptII/reports/junit/TEST-ptolemy.actor.lib.test.junit.JUnitTclTest.xml crashfile=/home/travis/build/icyphy/ptII/junitvmwatcher10196903098466812311.properties propsfile=/home/travis/build/icyphy/ptII/junit17877404827813910504.properties" />
    <property name="env.COMPOSER_NO_INTERACTION" value="1" />
    <property name="env.MANPATH" value="/home/travis/.nvm/versions/node/v7.10.1/share/man:/home/travis/.rvm/rubies/ruby-2.5.3/share/man:/usr/local/cmake-3.12.4/man:/usr/local/clang-7.0.0/share/man:/usr/local/man:/usr/local/share/man:/usr/share/man:/home/travis/.rvm/man" />
    <property name="env.TRAVIS_TIMER_ID" value="2fa36458" />
    <property name="ant.file" value="/home/travis/build/icyphy/ptII/build.xml" />
    <property name="env.TRAVIS_COMMIT_RANGE" value="3e950cfe0f3c004454147d0a7dfedd7f8d8e77cc...52bfcaaec950ad6b43d11ffdb9cd3f924b0c1f76" />
    <property name="env._system_name" value="Ubuntu" />
    <property name="ptII.classpath.optional.property" value="/home/travis/build/icyphy/ptII/lib/bsh-2.0b4.jar:/home/travis/build/icyphy/ptII/lib/ptCal.jar:/home/travis/build/icyphy/ptII/lib/java_cup.jar:/home/travis/build/icyphy/ptII/lib/saxon8.jar:/home/travis/build/icyphy/ptII/lib/saxon8-dom.jar:/home/travis/build/icyphy/ptII/lib/chic.jar:/home/travis/build/icyphy/ptII/lib/ptcolt.jar:/home/travis/build/icyphy/ptII/vendors/misc/itext/iText.jar:/home/travis/build/icyphy/ptII/lib/g4ltl.jar:/home/travis/build/icyphy/ptII/lib/StructuralCoder.jar:/home/travis/build/icyphy/ptII/lib/jcerti.jar:/home/travis/build/icyphy/ptII/lib/javax.mail.jar:/home/travis/build/icyphy/ptII/vendors/JMF-2.1.1e/lib/jmf.jar:/home/travis/build/icyphy/ptII/lib/jna-4.0.0-variadic.jar:/home/travis/build/icyphy/ptII/vendors/misc/joystick/Joystick.jar:/home/travis/build/icyphy/ptII/lib/ptjacl.jar:/home/travis/build/icyphy/ptII/lib/jsoup-1.8.2.jar:/home/travis/build/icyphy/ptII/lib/junit-4.8.2.jar:/home/travis/build/icyphy/ptII/lib/JUnitParams-0.4.0.jar:/home/travis/build/icyphy/ptII/ptolemy/actor/lib/excel/jxl.jar:/home/travis/build/icyphy/ptII/lib/jython.jar:/home/travis/build/icyphy/ptII/lib/kieler.jar:/home/travis/build/icyphy/ptII/vendors/opencv/share/OpenCV/java/opencv-341.jar:/home/travis/build/icyphy/ptII/lib/oscP5.jar:/home/travis/build/icyphy/ptII/lib/nrjavaserial-3.11.0.devel.jar:/home/travis/build/icyphy/ptII/vendors/j3d/lib/Linux/j3dcore.jar:/home/travis/build/icyphy/ptII/vendors/j3d/lib/Linux/j3dutils.jar:/home/travis/build/icyphy/ptII/vendors/j3d/lib/Linux/vecmath.jar:/home/travis/build/icyphy/ptII/vendors/jogl/lib/Linux/gluegen-rt-natives-linux-amd64.jar:/home/travis/build/icyphy/ptII/vendors/jogl/lib/Linux/gluegen-rt.jar:/home/travis/build/icyphy/ptII/vendors/jogl/lib/Linux/jogl-all-natives-linux-amd64.jar:/home/travis/build/icyphy/ptII/vendors/jogl/lib/Linux/jogl-all.jar:/home/travis/build/icyphy/ptII/ptolemy/distributed/jini/jar/jini-core.jar:/home/travis/build/icyphy/ptII/ptolemy/distributed/jini/jar/jini-ext.jar:/home/travis/build/icyphy/ptII/ptolemy/distributed/jini/jar/sun-util.jar:/home/travis/build/icyphy/ptII/lib/protobuf-java-2.4.1.jar:/home/travis/build/icyphy/ptII/lib/org.eclipse.paho.client.mqttv3.jar:/home/travis/build/icyphy/ptII/lib/mapss.jar:/home/travis/build/icyphy/ptII/ptolemy/actor/ptalon/antlr/antlr.jar:/home/travis/build/icyphy/ptII/lib/JRI.jar:/home/travis/build/icyphy/ptII/lib/commons-lang-2.6.jar:/home/travis/build/icyphy/ptII/lib/commons-logging-1.1.1.jar:/home/travis/build/icyphy/ptII/lib/sootclasses.jar:/home/travis/build/icyphy/ptII/ptolemy/actor/lib/database/mysql-connector-java-5.1.6-bin.jar:/home/travis/build/icyphy/ptII/vendors/misc/sphinx4/sphinx4-data-5prealpha.jar:/home/travis/build/icyphy/ptII/vendors/misc/sphinx4/sphinx4-core-5prealpha.jar:/home/travis/build/icyphy/ptII/lib/PDFRenderer.jar:/home/travis/build/icyphy/ptII/lib/svgSalamander.jar:/home/travis/build/icyphy/ptII/lib/rsyntaxtextarea-2.6.0-SNAPSHOT.jar:/home/travis/build/icyphy/ptII/lib/hazelcast-3.8.2.jar:/home/travis/build/icyphy/ptII/lib/jackson-annotations-2.9.0.jar:/home/travis/build/icyphy/ptII/lib/jackson-core-2.9.3.jar:/home/travis/build/icyphy/ptII/lib/jackson-databind-2.9.3.jar:/home/travis/build/icyphy/ptII/lib/netty-buffer-4.1.19.Final.jar:/home/travis/build/icyphy/ptII/lib/netty-codec-4.1.19.Final.jar:/home/travis/build/icyphy/ptII/lib/netty-codec-dns-4.1.19.Final.jar:/home/travis/build/icyphy/ptII/lib/netty-codec-http-4.1.19.Final.jar:/home/travis/build/icyphy/ptII/lib/netty-codec-http2-4.1.19.Final.jar:/home/travis/build/icyphy/ptII/lib/netty-common-4.1.19.Final.jar:/home/travis/build/icyphy/ptII/lib/netty-handler-4.1.19.Final.jar:/home/travis/build/icyphy/ptII/lib/netty-resolver-4.1.19.Final.jar:/home/travis/build/icyphy/ptII/lib/netty-resolver-dns-4.1.19.Final.jar:/home/travis/build/icyphy/ptII/lib/netty-transport-4.1.19.Final.jar:/home/travis/build/icyphy/ptII/lib/vertx-codegen-3.5.1.jar:/home/travis/build/icyphy/ptII/lib/vertx-core-3.5.2-SNAPSHOT.jar:/home/travis/build/icyphy/ptII/lib/vertx-hazelcast-3.5.1.jar:/home/travis/build/icyphy/ptII/lib/vertx-lang-js-3.5.1.jar:/home/travis/build/icyphy/ptII/lib/vertx-service-proxy-3.5.1.jar:/home/travis/build/icyphy/ptII/lib/vertx-web-3.5.1.jar:/home/travis/build/icyphy/ptII/lib/slf4j-api-1.7.13.jar:/home/travis/build/icyphy/ptII/lib/slf4j-simple-1.7.13.jar:/home/travis/build/icyphy/ptII/lib/webcam-capture-0.3.12.jar:/home/travis/build/icyphy/ptII/lib/bridj-0.7.0.jar:/home/travis/build/icyphy/ptII/lib/xbjlib-1.1.0.nrjavaserial.jar" />
    <property name="timeout" value="2400000" />
    <property name="test.batch" value="**/junit/*.java" />
    <property name="env._" value="/usr/bin/timeout" />
    <property name="java.io.tmpdir" value="/tmp" />
    <property name="user.language" value="en" />
    <property name="env.TRAVIS_INTERNAL_RUBY_REGEX" value="^ruby-(2\.[0-4]\.[0-9]|1\.9\.3)" />
    <property name="env.HISTCONTROL" value="ignoredups:ignorespace" />
    <property name="env.GOROOT" value="/home/travis/.gimme/versions/go1.11.1.linux.amd64" />
    <property name="line.separator" value="&#xa;" />
    <property name="target" value="11" />
    <property name="env.TRAVIS_BUILD_DIR" value="/home/travis/build/icyphy/ptII" />
    <property name="env.ANT_OPTS" value="-Xmx2048m" />
    <property name="ant.file.type" value="file" />
    <property name="ptolemy.ptII.batchMode" value="true" />
    <property name="env.HISTSIZE" value="1000" />
    <property name="env.MERB_ENV" value="test" />
    <property name="java.vm.info" value="mixed mode" />
    <property name="source" value="11" />
    <property name="java.vm.specification.name" value="Java Virtual Machine Specification" />
    <property name="env.TRAVIS_TEST_RESULT" value="0" />
    <property name="jsdoc.command" value="node_modules/@terraswarm/jsdoc/jsdoc.js" />
    <property name="npm.works" value="true" />
    <property name="cobertura.dir" value="/home/travis/build/icyphy/ptII/vendors/cobertura-2.0.3" />
    <property name="jsdoc.command.exists" value="true" />
    <property name="env.rvm_path" value="/home/travis/.rvm" />
    <property name="env.GEM_PATH" value="/home/travis/.rvm/gems/ruby-2.5.3:/home/travis/.rvm/gems/ruby-2.5.3@global" />
    <property name="env.LC_CTYPE" value="en_US.UTF-8" />
    <property name="env.TRAVIS_CMD" value="$PTII/bin/ptIITravisBuild.sh $SECONDS" />
    <property name="java.awt.printerjob" value="sun.print.PSPrinterJob" />
    <property name="env.TRAVIS_STACK_NAME" value="sardonyx" />
    <property name="env.TRAVIS_TIMER_START_TIME" value="1594738626369490519" />
    <property name="ant.version" value="Apache Ant(TM) version 1.10.1 compiled on February 2 2017" />
    <property name="ptII.reports" value="/home/travis/build/icyphy/ptII/reports" />
    <property name="env.TRAVIS_STACK_TIMESTAMP" value="2019-03-25 16:16:56 UTC" />
    <property name="ant.file.type.ptII" value="file" />
    <property name="env.RBENV_SHELL" value="bash" />
    <property name="os.name" value="Linux" />
    <property name="java.specification.vendor" value="Oracle Corporation" />
    <property name="env.rvm_version" value="1.29.7 (latest)" />
    <property name="env.TRAVIS_INFRA" value="unknown" />
    <property name="env.TERM" value="xterm" />
    <property name="java.vm.name" value="OpenJDK 64-Bit Server VM" />
    <property name="env.TRAVIS_BUILD_NUMBER" value="1691" />
    <property name="env.CI" value="true" />
    <property name="java.library.path" value="/home/travis/pthla/certi-tools/lib:/usr/lib/jni:/usr/local/share/OpenCV/java/:/usr/share/OpenCV/java::/usr/java/packages/lib:/usr/lib64:/lib64:/lib:/usr/lib" />
    <property name="jdk.module.path" value="/home/travis/build/icyphy/ptII/vendors/javafx/javafx-sdk-11.0.2/lib:" />
    <property name="env.rvm_prefix" value="/home/travis" />
    <property name="env.PATH" value="/home/travis/pthla/certi-tools/share/scripts:/home/travis/.rvm/gems/ruby-2.5.3/bin:/home/travis/.rvm/gems/ruby-2.5.3@global/bin:/home/travis/.rvm/rubies/ruby-2.5.3/bin:/home/travis/.rvm/bin:/home/travis/.nvm/versions/node/v7.10.1/bin:./node_modules/.bin:/home/travis/build/icyphy/ptII/bin:/home/travis/pthla/certi-tools/bin:/home/travis/bin:/home/travis/.local/bin:/usr/local/lib/jvm/openjdk11/bin:/opt/pyenv/shims:/home/travis/.phpenv/shims:/home/travis/perl5/perlbrew/bin:/home/travis/gopath/bin:/home/travis/.gimme/versions/go1.11.1.linux.amd64/bin:/usr/local/maven-3.6.0/bin:/usr/local/cmake-3.12.4/bin:/usr/local/clang-7.0.0/bin:/usr/local/sbin:/usr/local/bin:/usr/sbin:/usr/bin:/sbin:/bin:/snap/bin:/home/travis/.phpenv/bin:/opt/pyenv/bin:/home/travis/.yarn/bin" />
    <property name="env.TRAVIS_OS_NAME" value="linux" />
    <property name="ant.java.version" value="9" />
    <property name="basedir" value="/home/travis/build/icyphy/ptII" />
    <property name="java.class.version" value="55.0" />
    <property name="env.SHLVL" value="3" />
    <property name="env.LD_LIBRARY_PATH" value="/home/travis/pthla/certi-tools/lib:/usr/lib/jni:/usr/local/share/OpenCV/java/:/usr/share/OpenCV/java:" />
    <property name="env.RACK_ENV" value="test" />
    <property name="ant.home" value="/home/travis/build/icyphy/ptII/ant" />
    <property name="env.NVM_DIR" value="/home/travis/.nvm" />
    <property name="env.CERTI_FOM_PATH" value="/home/travis/pthla/certi-tools/share/federations" />
    <property name="env.TRAVIS_BUILD_ID" value="708010701" />
    <property name="env.PYENV_ROOT" value="/opt/pyenv" />
    <property name="env.TRAVIS_UID" value="2000" />
    <property name="prism.verbose" value="true" />
    <property name="env.NVM_BIN" value="/home/travis/.nvm/versions/node/v7.10.1/bin" />
    <property name="env.TRAVIS_COMMIT" value="52bfcaaec950ad6b43d11ffdb9cd3f924b0c1f76" />
    <property name="env._system_arch" value="x86_64" />
    <property name="node.executable" value="node" />
    <property name="sun.boot.library.path" value="/usr/local/lib/jvm/openjdk11/lib" />
    <property name="sun.management.compiler" value="HotSpot 64-Bit Tiered Compilers" />
    <property name="java.awt.graphicsenv" value="sun.awt.X11GraphicsEnvironment" />
    <property name="env.GOPATH" value="/home/travis/gopath" />
    <property name="ptolemy.ptII.dir" value="/home/travis/build/icyphy/ptII" />
    <property name="env.USER" value="travis" />
    <property name="env.HISTFILESIZE" value="2000" />
    <property name="env.NVM_INC" value="/home/travis/.nvm/versions/node/v7.10.1/include/node" />
    <property name="timeout.longest" value="19000000" />
    <property name="env.PERLBREW_SHELLRC_VERSION" value="0.86" />
    <property name="env.TRAVIS_STACK_FEATURES" value="basic couchdb disabled-ipv6 docker docker-compose elasticsearch firefox go-toolchain google-chrome jdk memcached mongodb mysql nodejs_interpreter perl_interpreter perlbrew phantomjs postgresql python_interpreter redis ruby_interpreter sqlite xserver" />
    <property name="env.TRAVIS_PULL_REQUEST" value="false" />
    <property name="env.PYENV_SHELL" value="bash" />
    <property name="ant.project.name" value="ptII" />
    <property name="env.ANSI_RESET" value="\033[0m" />
    <property name="java.vm.specification.version" value="11" />
    <property name="env.TRAVIS_DIST" value="xenial" />
    <property name="env.CERTI_VERSION" value="4.0.0" />
    <property name="env.CERTI_HOST" value="localhost" />
    <property name="awt.toolkit" value="sun.awt.X11.XToolkit" />
    <property name="env.MY_RUBY_HOME" value="/home/travis/.rvm/rubies/ruby-2.5.3" />
    <property name="sun.cpu.isalist" value="" />
    <property name="env.TRAVIS_TMPDIR" value="/tmp/tmp.nhvwnk8Db8" />
    <property name="java.vm.compressedOopsMode" value="Zero based" />
    <property name="os.version" value="4.15.0-1028-gcp" />
    <property name="user.home" value="/home/travis" />
    <property name="java.vm.vendor" value="Oracle Corporation" />
    <property name="env.TRAVIS_TAG" value="nightly" />
    <property name="env.ANSI_YELLOW" value="\033[33;1m" />
    <property name="env.TRAVIS_FILTERED" value="redirect_io" />
    <property name="env.ANSI_GREEN" value="\033[32;1m" />
    <property name="env.JAVA_HOME" value="/usr/local/lib/jvm/openjdk11" />
    <property name="javadoc.excludepackagenames" value="adm.cvs2svn.*,build.*,config.*,doc.coding.templates.*,jni.test.jni.meaningOfLife.*,jni.test.jni.testDeux.*,jni.test.jni.testTrois.*,org.terraswarm.accessor.accessors.web.node_modules.*,org.terraswarm.accessor.accessors.web.hosts.cordova.demo.*,org.terraswarm.accessor.accessors.web.hosts.cordova.plugins.*,org.terraswarm.accessor.accessors-svn.*,pt-modules.*,ptolemy.apps.agilent.*,ptolemy.apps.anytimecontrol.*,ptolemy.apps.apes.*,ptolemy.apps.charon.*,ptolemy.apps.crazyboard.*,ptolemy.apps.eclipse.*,ptolemy.apps.etherealSting.*,ptolemy.apps.fullscreen.*,ptolemy.apps.giotto.*,ptolemy.apps.ia.*,ptolemy.apps.interfaces.*,ptolemy.apps.jmf.*,ptolemy.apps.kurt.*,ptolemy.apps.kvm.*,ptolemy.apps.lego.*,ptolemy.apps.lejos.*,ptolemy.apps.midp.*,ptolemy.apps.mobileCoding.*,ptolemy.apps.pendulum.*,ptolemy.apps.rijndael.*,ptolemy.apps.robot.*,ptolemy.apps.security.*,ptolemy.apps.sobel.*,ptolemy.apps.soot.*,ptolemy.apps.throttle.*,ptolemy.apps.tini.*,ptolemy.apps.transmission.*,ptolemy.apps.vergil.*,ptolemy.apps.waba.*,ptolemy.apps.websensor.*,ptolemy.apps.webstart.*,ptolemy.apps.xsl.*,ptolemy.apps.zaurus.*,ptolemy.codegen.c.actor.lib.oldJavaFiles.*,ptolemy.codegen.dsp.lib.*,ptolemy.codegen.kernel.newInterfaces.*,ptolemy.codegen.lib.*,ptolemy.copernicus.kernel.fragment.*,ptolemy.copernicus.shallow.cg.*,ptolemy.domains.giotto.demo.Hierarchy.Hierarchy.*,ptolemy.domains.giotto.demo.Multimode.Multimode.*,ptolemy.domains.giotto.demo.Simple.Simple.*,ptolemy.domains.gr.lib.experimental.*,ptolemy.domains.gro.*,ptolemy.domains.pdf.*,ptolemy.domains.ptinyos.demo.Surge.output.*,ptolemy.moml.test.NoPackageActor.java*,ptolemy.plot.adm.*,ptolemy.plot.servlet.*,reports.*,signed.*,src.*,target.*,vendors.*,ptolemy.copernicus.applet.*,ptolemy.media.viewer.*,ptolemy.actor.corba.*,doc.doclets.*,ptolemy.apps.eclipse.awt.*,ptolemy.backtrack.*,ptolemy.backtrack.ast.*,ptolemy.cg.adapter.generic.program.procedural.c.mbed*,ptolemy.homer.*,ptolemy.actor.lib.jai.*,org.ptolemy.scala.*,diva.util.java2d.svg.*,ptolemy.domains.ptinyos.*,ptolemy.actor.lib.fmi.fmipp.*,,org.terraswarm.accessor.accessors.web.node_modules.*,org.terraswarm.accessor.accessors-svn,ptolemy.apps.*,ptolemy.actor.ptalon.demo.ptinyos.SendAndReceiveCnt.output,ptolemy.actor.ptalon.demo.ptinyos.SenseToLeds.output,ptolemy.domains.ptinyos.demo.CntToLedsAndRfm.output,ptolemy.domains.ptinyos.demo.RfmToLeds.output,ptolemy.domains.ptinyos.demo.SendAndReceiveCnt.output,ptolemy.domains.ptinyos.demo.SenseToLeds.output,ptolemy.actor.lib.jjs.modules.udpSocket.*" />
    <property name="env.PTII" value="/home/travis/build/icyphy/ptII" />
    <property name="env.XDG_SESSION_ID" value="2" />
    <property name="keystore" value="ptKeystore" />
    <property name="env.TRAVIS_COMMIT_MESSAGE" value="Updating models using array data type." />
    <property name="junit.output.dir" value="/home/travis/build/icyphy/ptII/reports/junit" />
    <property name="npm.return.code" value="0" />
    <property name="user.dir" value="/home/travis/build/icyphy/ptII/ptolemy/actor/lib/test" />
    <property name="env.TRAVIS_NODE_VERSION" value="7" />
    <property name="env.TRAVIS_EVENT_TYPE" value="cron" />
    <property name="env.MAIL" value="/var/mail/travis" />
    <property name="env.PERLBREW_ROOT" value="/home/travis/perl5/perlbrew" />
    <property name="env.PWD" value="/home/travis/build/icyphy/ptII" />
    <property name="timeout.npm" value="45000" />
    <property name="env.TRAVIS_ARCH" value="amd64" />
    <property name="sun.cpu.endian" value="little" />
    <property name="env.PAGER" value="cat" />
    <property name="env.TRAVIS_BUILD_STAGE_NAME" value="test" />
    <property name="env.PERLBREW_HOME" value="/home/travis/.perlbrew" />
    <property name="java.vm.version" value="11.0.2+9" />
    <property name="env.RAILS_ENV" value="test" />
    <property name="java.class.path" value="/home/travis/.ptolemyII:/home/travis/.ptolemyII/*:/home/travis/build/icyphy/ptII:/home/travis/build/icyphy/ptII/lib/bsh-2.0b4.jar:/home/travis/build/icyphy/ptII/lib/ptCal.jar:/home/travis/build/icyphy/ptII/lib/java_cup.jar:/home/travis/build/icyphy/ptII/lib/saxon8.jar:/home/travis/build/icyphy/ptII/lib/saxon8-dom.jar:/home/travis/build/icyphy/ptII/lib/chic.jar:/home/travis/build/icyphy/ptII/lib/ptcolt.jar:/home/travis/build/icyphy/ptII/vendors/misc/itext/iText.jar:/home/travis/build/icyphy/ptII/lib/g4ltl.jar:/home/travis/build/icyphy/ptII/lib/StructuralCoder.jar:/home/travis/build/icyphy/ptII/lib/jcerti.jar:/home/travis/build/icyphy/ptII/lib/javax.mail.jar:/home/travis/build/icyphy/ptII/vendors/JMF-2.1.1e/lib/jmf.jar:/home/travis/build/icyphy/ptII/lib/jna-4.0.0-variadic.jar:/home/travis/build/icyphy/ptII/vendors/misc/joystick/Joystick.jar:/home/travis/build/icyphy/ptII/lib/ptjacl.jar:/home/travis/build/icyphy/ptII/lib/jsoup-1.8.2.jar:/home/travis/build/icyphy/ptII/lib/junit-4.8.2.jar:/home/travis/build/icyphy/ptII/lib/JUnitParams-0.4.0.jar:/home/travis/build/icyphy/ptII/ptolemy/actor/lib/excel/jxl.jar:/home/travis/build/icyphy/ptII/lib/jython.jar:/home/travis/build/icyphy/ptII/lib/kieler.jar:/home/travis/build/icyphy/ptII/vendors/opencv/share/OpenCV/java/opencv-341.jar:/home/travis/build/icyphy/ptII/lib/oscP5.jar:/home/travis/build/icyphy/ptII/lib/nrjavaserial-3.11.0.devel.jar:/home/travis/build/icyphy/ptII/vendors/j3d/lib/Linux/j3dcore.jar:/home/travis/build/icyphy/ptII/vendors/j3d/lib/Linux/j3dutils.jar:/home/travis/build/icyphy/ptII/vendors/j3d/lib/Linux/vecmath.jar:/home/travis/build/icyphy/ptII/vendors/jogl/lib/Linux/gluegen-rt-natives-linux-amd64.jar:/home/travis/build/icyphy/ptII/vendors/jogl/lib/Linux/gluegen-rt.jar:/home/travis/build/icyphy/ptII/vendors/jogl/lib/Linux/jogl-all-natives-linux-amd64.jar:/home/travis/build/icyphy/ptII/vendors/jogl/lib/Linux/jogl-all.jar:/home/travis/build/icyphy/ptII/ptolemy/distributed/jini/jar/jini-core.jar:/home/travis/build/icyphy/ptII/ptolemy/distributed/jini/jar/jini-ext.jar:/home/travis/build/icyphy/ptII/ptolemy/distributed/jini/jar/sun-util.jar:/home/travis/build/icyphy/ptII/lib/protobuf-java-2.4.1.jar:/home/travis/build/icyphy/ptII/lib/org.eclipse.paho.client.mqttv3.jar:/home/travis/build/icyphy/ptII/lib/mapss.jar:/home/travis/build/icyphy/ptII/ptolemy/actor/ptalon/antlr/antlr.jar:/home/travis/build/icyphy/ptII/lib/JRI.jar:/home/travis/build/icyphy/ptII/lib/commons-lang-2.6.jar:/home/travis/build/icyphy/ptII/lib/commons-logging-1.1.1.jar:/home/travis/build/icyphy/ptII/lib/sootclasses.jar:/home/travis/build/icyphy/ptII/ptolemy/actor/lib/database/mysql-connector-java-5.1.6-bin.jar:/home/travis/build/icyphy/ptII/vendors/misc/sphinx4/sphinx4-data-5prealpha.jar:/home/travis/build/icyphy/ptII/vendors/misc/sphinx4/sphinx4-core-5prealpha.jar:/home/travis/build/icyphy/ptII/lib/PDFRenderer.jar:/home/travis/build/icyphy/ptII/lib/svgSalamander.jar:/home/travis/build/icyphy/ptII/lib/rsyntaxtextarea-2.6.0-SNAPSHOT.jar:/home/travis/build/icyphy/ptII/lib/hazelcast-3.8.2.jar:/home/travis/build/icyphy/ptII/lib/jackson-annotations-2.9.0.jar:/home/travis/build/icyphy/ptII/lib/jackson-core-2.9.3.jar:/home/travis/build/icyphy/ptII/lib/jackson-databind-2.9.3.jar:/home/travis/build/icyphy/ptII/lib/netty-buffer-4.1.19.Final.jar:/home/travis/build/icyphy/ptII/lib/netty-codec-4.1.19.Final.jar:/home/travis/build/icyphy/ptII/lib/netty-codec-dns-4.1.19.Final.jar:/home/travis/build/icyphy/ptII/lib/netty-codec-http-4.1.19.Final.jar:/home/travis/build/icyphy/ptII/lib/netty-codec-http2-4.1.19.Final.jar:/home/travis/build/icyphy/ptII/lib/netty-common-4.1.19.Final.jar:/home/travis/build/icyphy/ptII/lib/netty-handler-4.1.19.Final.jar:/home/travis/build/icyphy/ptII/lib/netty-resolver-4.1.19.Final.jar:/home/travis/build/icyphy/ptII/lib/netty-resolver-dns-4.1.19.Final.jar:/home/travis/build/icyphy/ptII/lib/netty-transport-4.1.19.Final.jar:/home/travis/build/icyphy/ptII/lib/vertx-codegen-3.5.1.jar:/home/travis/build/icyphy/ptII/lib/vertx-core-3.5.2-SNAPSHOT.jar:/home/travis/build/icyphy/ptII/lib/vertx-hazelcast-3.5.1.jar:/home/travis/build/icyphy/ptII/lib/vertx-lang-js-3.5.1.jar:/home/travis/build/icyphy/ptII/lib/vertx-service-proxy-3.5.1.jar:/home/travis/build/icyphy/ptII/lib/vertx-web-3.5.1.jar:/home/travis/build/icyphy/ptII/lib/slf4j-api-1.7.13.jar:/home/travis/build/icyphy/ptII/lib/slf4j-simple-1.7.13.jar:/home/travis/build/icyphy/ptII/lib/webcam-capture-0.3.12.jar:/home/travis/build/icyphy/ptII/lib/bridj-0.7.0.jar:/home/travis/build/icyphy/ptII/lib/xbjlib-1.1.0.nrjavaserial.jar:/home/travis/build/icyphy/ptII/ptolemy/moml/test:/home/travis/build/icyphy/ptII/ant/lib/ant-launcher.jar:/home/travis/build/icyphy/ptII/ant/lib/ant.jar:/home/travis/build/icyphy/ptII/ant/lib/ant-junit.jar:/home/travis/build/icyphy/ptII/ant/lib/ant-junit4.jar" />
    <property name="ant.library.dir" value="/home/travis/build/icyphy/ptII/ant/lib" />
    <property name="os.arch" value="amd64" />
    <property name="env.CONTINUOUS_INTEGRATION" value="true" />
    <property name="env.TRAVIS_LANGUAGE" value="node_js" />
    <property name="env.TRAVIS_STACK_LANGUAGES" value="__sardonyx__ c c++ clojure cplusplus cpp default generic go groovy java node_js php pure_java python ruby scala" />
    <property name="test.name" value="ptolemy.actor.lib.test.junit.JUnitTclTest" />
    <property name="env.APT_KEY_DONT_WARN_ON_DANGEROUS_USAGE" value="1" />
    <property name="sun.java.launcher" value="SUN_STANDARD" />
    <property name="env.PYTHON_CONFIGURE_OPTS" value="--enable-unicode=ucs4 --with-wide-unicode --enable-shared --enable-ipv6 --enable-loadable-sqlite-extensions --with-computed-gotos" />
    <property name="ant.core.lib" value="/home/travis/build/icyphy/ptII/ant/lib/ant.jar" />
    <property name="java.vm.specification.vendor" value="Oracle Corporation" />
    <property name="env.BCVTB_HOME" value="/home/travis/build/icyphy/ptII/lbnl" />
    <property name="file.separator" value="/" />
    <property name="spotbugs.home" value="/home/travis/build/icyphy/ptII/vendors/spotbugs-3.1.1" />
    <property name="java.runtime.version" value="11.0.2+9" />
    <property name="env.ANSI_CLEAR" value="\033[0K" />
    <property name="javafx.verbose" value="true" />
    <property name="env.HAS_JOSH_K_SEAL_OF_APPROVAL" value="true" />
    <property name="env.XDG_RUNTIME_DIR" value="/run/user/2000" />
    <property name="env.TRAVIS_OSX_IMAGE" value="" />
    <property name="env.TRAVIS_JOB_ID" value="708010728" />
    <property name="env.TRAVIS_BRANCH" value="master" />
    <property name="user.country" value="US" />
    <property name="env.CERTI_HOME_TRAVIS" value="/home/travis/pthla/certi-tools" />
    <property name="env.SHELL" value="/bin/bash" />
    <property name="java.maxmemory.large" value="3200m" />
    <property name="model" value="" />
    <property name="env.CASHER_DIR" value="/home/travis/.casher" />
    <property name="env.NVM_CD_FLAGS" value="" />
    <property name="java.vendor.version" value="18.9" />
    <property name="jshint.executable" value="/home/travis/node_modules/jshint/bin/jshint" />
    <property name="env.JRUBY_OPTS" value=" --client -J-XX:+TieredCompilation -J-XX:TieredStopAtLevel=1 -J-Xss2m -Xcompile.invokedynamic=false" />
    <property name="java.vendor" value="Oracle Corporation" />
    <property name="env.TRAVIS_PRE_CHEF_BOOTSTRAP_TIME" value="2019-03-25T16:16:42" />
    <property name="env.TRAVIS_STACK_JOB_BOARD_REGISTER" value="/.job-board-register.yml" />
    <property name="env.ANSI_RED" value="\033[31;1m" />
    <property name="java.specification.version" value="11" />
    <property name="env.IRBRC" value="/home/travis/.rvm/rubies/ruby-2.5.3/.irbrc" />
    <property name="env.TRAVIS" value="true" />
    <property name="sun.arch.data.model" value="64" />
  </properties>
  <testcase classname="ptolemy.util.test.junit.TclTests" name="[0] /home/travis/build/icyphy/ptII/ptolemy/actor/lib/test/AbsoluteValue.tcl (RunTclFile)" time="0.443" />
  <testcase classname="ptolemy.util.test.junit.TclTests" name="[1] /home/travis/build/icyphy/ptII/ptolemy/actor/lib/test/AddSubtract.tcl (RunTclFile)" time="0.153" />
  <testcase classname="ptolemy.util.test.junit.TclTests" name="[2] /home/travis/build/icyphy/ptII/ptolemy/actor/lib/test/Average.tcl (RunTclFile)" time="0.061" />
  <testcase classname="ptolemy.util.test.junit.TclTests" name="[3] /home/travis/build/icyphy/ptII/ptolemy/actor/lib/test/Bernoulli.tcl (RunTclFile)" time="0.036" />
  <testcase classname="ptolemy.util.test.junit.TclTests" name="[4] /home/travis/build/icyphy/ptII/ptolemy/actor/lib/test/Clock.tcl (RunTclFile)" time="0.118" />
  <testcase classname="ptolemy.util.test.junit.TclTests" name="[5] /home/travis/build/icyphy/ptII/ptolemy/actor/lib/test/Commutator.tcl (RunTclFile)" time="0.127" />
  <testcase classname="ptolemy.util.test.junit.TclTests" name="[6] /home/travis/build/icyphy/ptII/ptolemy/actor/lib/test/Const.tcl (RunTclFile)" time="0.1" />
  <testcase classname="ptolemy.util.test.junit.TclTests" name="[7] /home/travis/build/icyphy/ptII/ptolemy/actor/lib/test/CurrentTime.tcl (RunTclFile)" time="0.018" />
  <testcase classname="ptolemy.util.test.junit.TclTests" name="[8] /home/travis/build/icyphy/ptII/ptolemy/actor/lib/test/DB.tcl (RunTclFile)" time="0.036" />
  <testcase classname="ptolemy.util.test.junit.TclTests" name="[9] /home/travis/build/icyphy/ptII/ptolemy/actor/lib/test/DiscreteRandomSource.tcl (RunTclFile)" time="0.039" />
  <testcase classname="ptolemy.util.test.junit.TclTests" name="[10] /home/travis/build/icyphy/ptII/ptolemy/actor/lib/test/Distributor.tcl (RunTclFile)" time="0.116" />
  <testcase classname="ptolemy.util.test.junit.TclTests" name="[11] /home/travis/build/icyphy/ptII/ptolemy/actor/lib/test/Exit.tcl (RunTclFile)" time="0.099" />
  <testcase classname="ptolemy.util.test.junit.TclTests" name="[12] /home/travis/build/icyphy/ptII/ptolemy/actor/lib/test/Expression.tcl (RunTclFile)" time="0.129" />
  <testcase classname="ptolemy.util.test.junit.TclTests" name="[13] /home/travis/build/icyphy/ptII/ptolemy/actor/lib/test/Gaussian.tcl (RunTclFile)" time="0.135" />
  <testcase classname="ptolemy.util.test.junit.TclTests" name="[14] /home/travis/build/icyphy/ptII/ptolemy/actor/lib/test/IIR.tcl (RunTclFile)" time="0.021" />
  <testcase classname="ptolemy.util.test.junit.TclTests" name="[15] /home/travis/build/icyphy/ptII/ptolemy/actor/lib/test/Interpolator.tcl (RunTclFile)" time="0.093" />
  <testcase classname="ptolemy.util.test.junit.TclTests" name="[16] /home/travis/build/icyphy/ptII/ptolemy/actor/lib/test/MathFunction.tcl (RunTclFile)" time="0.083" />
  <testcase classname="ptolemy.util.test.junit.TclTests" name="[17] /home/travis/build/icyphy/ptII/ptolemy/actor/lib/test/Maximum.tcl (RunTclFile)" time="0.032" />
  <testcase classname="ptolemy.util.test.junit.TclTests" name="[18] /home/travis/build/icyphy/ptII/ptolemy/actor/lib/test/Minimum.tcl (RunTclFile)" time="0.025" />
  <testcase classname="ptolemy.util.test.junit.TclTests" name="[19] /home/travis/build/icyphy/ptII/ptolemy/actor/lib/test/MultiplyDivide.tcl (RunTclFile)" time="0.021" />
  <testcase classname="ptolemy.util.test.junit.TclTests" name="[20] /home/travis/build/icyphy/ptII/ptolemy/actor/lib/test/OrderedMerge.tcl (RunTclFile)" time="0.122" />
  <testcase classname="ptolemy.util.test.junit.TclTests" name="[21] /home/travis/build/icyphy/ptII/ptolemy/actor/lib/test/Publisher.tcl (RunTclFile)" time="0.827" />
  <testcase classname="ptolemy.util.test.junit.TclTests" name="[22] /home/travis/build/icyphy/ptII/ptolemy/actor/lib/test/Pulse.tcl (RunTclFile)" time="0.049" />
  <testcase classname="ptolemy.util.test.junit.TclTests" name="[23] /home/travis/build/icyphy/ptII/ptolemy/actor/lib/test/Ramp.tcl (RunTclFile)" time="2.005" />
  <testcase classname="ptolemy.util.test.junit.TclTests" name="[24] /home/travis/build/icyphy/ptII/ptolemy/actor/lib/test/RampContinuous.tcl (RunTclFile)" time="0.015" />
  <testcase classname="ptolemy.util.test.junit.TclTests" name="[25] /home/travis/build/icyphy/ptII/ptolemy/actor/lib/test/RecordAssembler.tcl (RunTclFile)" time="0.014" />
  <testcase classname="ptolemy.util.test.junit.TclTests" name="[26] /home/travis/build/icyphy/ptII/ptolemy/actor/lib/test/RecordDisassembler.tcl (RunTclFile)" time="0.017" />
  <testcase classname="ptolemy.util.test.junit.TclTests" name="[27] /home/travis/build/icyphy/ptII/ptolemy/actor/lib/test/Scale.tcl (RunTclFile)" time="0.015" />
  <testcase classname="ptolemy.util.test.junit.TclTests" name="[28] /home/travis/build/icyphy/ptII/ptolemy/actor/lib/test/SequentialClock.tcl (RunTclFile)" time="0.011" />
  <testcase classname="ptolemy.util.test.junit.TclTests" name="[29] /home/travis/build/icyphy/ptII/ptolemy/actor/lib/test/SetVariable.tcl (RunTclFile)" time="0.009" />
  <testcase classname="ptolemy.util.test.junit.TclTests" name="[30] /home/travis/build/icyphy/ptII/ptolemy/actor/lib/test/Sinewave.tcl (RunTclFile)" time="0.026" />
  <testcase classname="ptolemy.util.test.junit.TclTests" name="[31] /home/travis/build/icyphy/ptII/ptolemy/actor/lib/test/SubscriptionAggregator.tcl (RunTclFile)" time="1.958" />
  <testcase classname="ptolemy.util.test.junit.TclTests" name="[32] /home/travis/build/icyphy/ptII/ptolemy/actor/lib/test/Test.tcl (RunTclFile)" time="0.1" />
  <testcase classname="ptolemy.util.test.junit.TclTests" name="[33] /home/travis/build/icyphy/ptII/ptolemy/actor/lib/test/TestExceptionHandler.tcl (RunTclFile)" time="0.012" />
  <testcase classname="ptolemy.util.test.junit.TclTests" name="[34] /home/travis/build/icyphy/ptII/ptolemy/actor/lib/test/UnionDisassembler.tcl (RunTclFile)" time="0.074" />
  <testcase classname="ptolemy.util.test.junit.TclTests" name="[35] /home/travis/build/icyphy/ptII/ptolemy/actor/lib/test/VariableClock.tcl (RunTclFile)" time="0.032" />
  <testcase classname="ptolemy.util.test.junit.AutoKnownFailedTests" name="[0] /home/travis/build/icyphy/ptII/ptolemy/actor/lib/test/auto/knownFailedTests/PublisherPortToplevelSubscriber.xml (RunModel)" time="0.018" />
  <testcase classname="ptolemy.util.test.junit.AutoKnownFailedTests" name="[1] /home/travis/build/icyphy/ptII/ptolemy/actor/lib/test/auto/knownFailedTests/PublisherSubscriberPortToplevel.xml (RunModel)" time="0.018" />
  <testcase classname="ptolemy.util.test.junit.AutoKnownFailedTests" name="[2] /home/travis/build/icyphy/ptII/ptolemy/actor/lib/test/auto/knownFailedTests/PublisherSubscriptionAggregatorPort.xml (RunModel)" time="0.032" />
  <testcase classname="ptolemy.util.test.junit.AutoKnownFailedTests" name="[3] /home/travis/build/icyphy/ptII/ptolemy/actor/lib/test/auto/knownFailedTests/sizedarray3.xml (RunModel)" time="0.017" />
  <testcase classname="ptolemy.util.test.junit.AutoNameArchTests" name="[0] ThereAreNoAutoArchTests (RunModel)" time="0.001" />
  <testcase classname="ptolemy.util.test.junit.AutoTests" name="[0] /home/travis/build/icyphy/ptII/ptolemy/actor/lib/test/auto/AbsoluteValue.xml (RunModel)" time="0.096" />
  <testcase classname="ptolemy.util.test.junit.AutoTests" name="[1] /home/travis/build/icyphy/ptII/ptolemy/actor/lib/test/auto/AbsoluteValue2.xml (RunModel)" time="0.061" />
  <testcase classname="ptolemy.util.test.junit.AutoTests" name="[2] /home/travis/build/icyphy/ptII/ptolemy/actor/lib/test/auto/Accumulator.xml (RunModel)" time="0.062" />
  <testcase classname="ptolemy.util.test.junit.AutoTests" name="[3] /home/travis/build/icyphy/ptII/ptolemy/actor/lib/test/auto/Accumulator2.xml (RunModel)" time="0.123" />
  <testcase classname="ptolemy.util.test.junit.AutoTests" name="[4] /home/travis/build/icyphy/ptII/ptolemy/actor/lib/test/auto/Accumulator3.xml (RunModel)" time="0.023" />
  <testcase classname="ptolemy.util.test.junit.AutoTests" name="[5] /home/travis/build/icyphy/ptII/ptolemy/actor/lib/test/auto/ArrayAppend.xml (RunModel)" time="0.043" />
  <testcase classname="ptolemy.util.test.junit.AutoTests" name="[6] /home/travis/build/icyphy/ptII/ptolemy/actor/lib/test/auto/ArrayAppend2.xml (RunModel)" time="0.325" />
  <testcase classname="ptolemy.util.test.junit.AutoTests" name="[7] /home/travis/build/icyphy/ptII/ptolemy/actor/lib/test/auto/ArrayAppend3.xml (RunModel)" time="0.02" />
  <testcase classname="ptolemy.util.test.junit.AutoTests" name="[8] /home/travis/build/icyphy/ptII/ptolemy/actor/lib/test/auto/ArrayAppend4.xml (RunModel)" time="0.018" />
  <testcase classname="ptolemy.util.test.junit.AutoTests" name="[9] /home/travis/build/icyphy/ptII/ptolemy/actor/lib/test/auto/ArrayAppend5.xml (RunModel)" time="0.016" />
  <testcase classname="ptolemy.util.test.junit.AutoTests" name="[10] /home/travis/build/icyphy/ptII/ptolemy/actor/lib/test/auto/ArrayAppend6.xml (RunModel)" time="0.023" />
  <testcase classname="ptolemy.util.test.junit.AutoTests" name="[11] /home/travis/build/icyphy/ptII/ptolemy/actor/lib/test/auto/ArrayAppendPerformanceTest.xml (RunModel)" time="0.065" />
  <testcase classname="ptolemy.util.test.junit.AutoTests" name="[12] /home/travis/build/icyphy/ptII/ptolemy/actor/lib/test/auto/ArrayAppendWithEmptyInput.xml (RunModel)" time="0.061" />
  <testcase classname="ptolemy.util.test.junit.AutoTests" name="[13] /home/travis/build/icyphy/ptII/ptolemy/actor/lib/test/auto/ArrayAverage.xml (RunModel)" time="0.05" />
  <testcase classname="ptolemy.util.test.junit.AutoTests" name="[14] /home/travis/build/icyphy/ptII/ptolemy/actor/lib/test/auto/ArrayContains.xml (RunModel)" time="0.036" />
  <testcase classname="ptolemy.util.test.junit.AutoTests" name="[15] /home/travis/build/icyphy/ptII/ptolemy/actor/lib/test/auto/ArrayElement.xml (RunModel)" time="0.03" />
  <testcase classname="ptolemy.util.test.junit.AutoTests" name="[16] /home/travis/build/icyphy/ptII/ptolemy/actor/lib/test/auto/ArrayElementAsMatrix.xml (RunModel)" time="0.058" />
  <testcase classname="ptolemy.util.test.junit.AutoTests" name="[17] /home/travis/build/icyphy/ptII/ptolemy/actor/lib/test/auto/ArrayElementI.xml (RunModel)" time="0.019" />
  <testcase classname="ptolemy.util.test.junit.AutoTests" name="[18] /home/travis/build/icyphy/ptII/ptolemy/actor/lib/test/auto/ArrayExtract.xml (RunModel)" time="0.044" />
  <testcase classname="ptolemy.util.test.junit.AutoTests" name="[19] /home/travis/build/icyphy/ptII/ptolemy/actor/lib/test/auto/ArrayExtract2.xml (RunModel)" time="0.015" />
  <testcase classname="ptolemy.util.test.junit.AutoTests" name="[20] /home/travis/build/icyphy/ptII/ptolemy/actor/lib/test/auto/ArrayLength.xml (RunModel)" time="0.039" />
  <testcase classname="ptolemy.util.test.junit.AutoTests" name="[21] /home/travis/build/icyphy/ptII/ptolemy/actor/lib/test/auto/ArrayLevelCrossing.xml (RunModel)" time="0.037" />
  <testcase classname="ptolemy.util.test.junit.AutoTests" name="[22] /home/travis/build/icyphy/ptII/ptolemy/actor/lib/test/auto/ArrayLevelCrossing2.xml (RunModel)" time="0.027" />
  <testcase classname="ptolemy.util.test.junit.AutoTests" name="[23] /home/travis/build/icyphy/ptII/ptolemy/actor/lib/test/auto/ArrayPeakSearch.xml (RunModel)" time="0.043" />
  <testcase classname="ptolemy.util.test.junit.AutoTests" name="[24] /home/travis/build/icyphy/ptII/ptolemy/actor/lib/test/auto/ArrayPeakSearch2.xml (RunModel)" time="0.035" />
  <testcase classname="ptolemy.util.test.junit.AutoTests" name="[25] /home/travis/build/icyphy/ptII/ptolemy/actor/lib/test/auto/ArrayPeakSearch3.xml (RunModel)" time="0.034" />
  <testcase classname="ptolemy.util.test.junit.AutoTests" name="[26] /home/travis/build/icyphy/ptII/ptolemy/actor/lib/test/auto/ArrayRemoveElement.xml (RunModel)" time="0.031" />
  <testcase classname="ptolemy.util.test.junit.AutoTests" name="[27] /home/travis/build/icyphy/ptII/ptolemy/actor/lib/test/auto/ArraySort.xml (RunModel)" time="0.036" />
  <testcase classname="ptolemy.util.test.junit.AutoTests" name="[28] /home/travis/build/icyphy/ptII/ptolemy/actor/lib/test/auto/ArraySum.xml (RunModel)" time="0.018" />
  <testcase classname="ptolemy.util.test.junit.AutoTests" name="[29] /home/travis/build/icyphy/ptII/ptolemy/actor/lib/test/auto/ArrayToElements.xml (RunModel)" time="0.023" />
  <testcase classname="ptolemy.util.test.junit.AutoTests" name="[30] /home/travis/build/icyphy/ptII/ptolemy/actor/lib/test/auto/ArrayToMatrix.xml (RunModel)" time="0.048" />
  <testcase classname="ptolemy.util.test.junit.AutoTests" name="[31] /home/travis/build/icyphy/ptII/ptolemy/actor/lib/test/auto/ArrayUpdate1.xml (RunModel)" time="0.028" />
  <testcase classname="ptolemy.util.test.junit.AutoTests" name="[32] /home/travis/build/icyphy/ptII/ptolemy/actor/lib/test/auto/ArrayUpdate2.xml (RunModel)" time="0.022" />
  <testcase classname="ptolemy.util.test.junit.AutoTests" name="[33] /home/travis/build/icyphy/ptII/ptolemy/actor/lib/test/auto/ArrayUpdate3.xml (RunModel)" time="0.017" />
  <testcase classname="ptolemy.util.test.junit.AutoTests" name="[34] /home/travis/build/icyphy/ptII/ptolemy/actor/lib/test/auto/Assert1.xml (RunModel)" time="0.02" />
  <testcase classname="ptolemy.util.test.junit.AutoTests" name="[35] /home/travis/build/icyphy/ptII/ptolemy/actor/lib/test/auto/Assert2.xml (RunModel)" time="0.014" />
  <testcase classname="ptolemy.util.test.junit.AutoTests" name="[36] /home/travis/build/icyphy/ptII/ptolemy/actor/lib/test/auto/BooleanMultiplexor.xml (RunModel)" time="0.015" />
  <testcase classname="ptolemy.util.test.junit.AutoTests" name="[37] /home/travis/build/icyphy/ptII/ptolemy/actor/lib/test/auto/BooleanMultiplexor2.xml (RunModel)" time="0.023" />
  <testcase classname="ptolemy.util.test.junit.AutoTests" name="[38] /home/travis/build/icyphy/ptII/ptolemy/actor/lib/test/auto/BooleanMultiplexor3.xml (RunModel)" time="0.022" />
  <testcase classname="ptolemy.util.test.junit.AutoTests" name="[39] /home/travis/build/icyphy/ptII/ptolemy/actor/lib/test/auto/BooleanSelect.xml (RunModel)" time="0.024" />
  <testcase classname="ptolemy.util.test.junit.AutoTests" name="[40] /home/travis/build/icyphy/ptII/ptolemy/actor/lib/test/auto/BooleanSelect2.xml (RunModel)" time="0.014" />
  <testcase classname="ptolemy.util.test.junit.AutoTests" name="[41] /home/travis/build/icyphy/ptII/ptolemy/actor/lib/test/auto/BooleanSwitch.xml (RunModel)" time="0.018" />
  <testcase classname="ptolemy.util.test.junit.AutoTests" name="[42] /home/travis/build/icyphy/ptII/ptolemy/actor/lib/test/auto/BooleanSwitch2.xml (RunModel)" time="0.014" />
  <testcase classname="ptolemy.util.test.junit.AutoTests" name="[43] /home/travis/build/icyphy/ptII/ptolemy/actor/lib/test/auto/BooleanSwitchCloningBugWithClassRelationGroup.xml (RunModel)" time="0.028" />
  <testcase classname="ptolemy.util.test.junit.AutoTests" name="[44] /home/travis/build/icyphy/ptII/ptolemy/actor/lib/test/auto/BusActors.xml (RunModel)" time="0.044" />
  <testcase classname="ptolemy.util.test.junit.AutoTests" name="[45] /home/travis/build/icyphy/ptII/ptolemy/actor/lib/test/auto/ClassWrapper.xml (RunModel)" time="0.014" />
  <testcase classname="ptolemy.util.test.junit.AutoTests" name="[46] /home/travis/build/icyphy/ptII/ptolemy/actor/lib/test/auto/Clock.xml (RunModel)" time="0.007" />
  <testcase classname="ptolemy.util.test.junit.AutoTests" name="[47] /home/travis/build/icyphy/ptII/ptolemy/actor/lib/test/auto/Clock10.xml (RunModel)" time="0.021" />
  <testcase classname="ptolemy.util.test.junit.AutoTests" name="[48] /home/travis/build/icyphy/ptII/ptolemy/actor/lib/test/auto/Clock11.xml (RunModel)" time="0.016" />
  <testcase classname="ptolemy.util.test.junit.AutoTests" name="[49] /home/travis/build/icyphy/ptII/ptolemy/actor/lib/test/auto/Clock12.xml (RunModel)" time="0.018" />
  <testcase classname="ptolemy.util.test.junit.AutoTests" name="[50] /home/travis/build/icyphy/ptII/ptolemy/actor/lib/test/auto/Clock13.xml (RunModel)" time="0.011" />
  <testcase classname="ptolemy.util.test.junit.AutoTests" name="[51] /home/travis/build/icyphy/ptII/ptolemy/actor/lib/test/auto/Clock14.xml (RunModel)" time="0.02" />
  <testcase classname="ptolemy.util.test.junit.AutoTests" name="[52] /home/travis/build/icyphy/ptII/ptolemy/actor/lib/test/auto/Clock15.xml (RunModel)" time="0.011" />
  <testcase classname="ptolemy.util.test.junit.AutoTests" name="[53] /home/travis/build/icyphy/ptII/ptolemy/actor/lib/test/auto/Clock16.xml (RunModel)" time="0.099" />
  <testcase classname="ptolemy.util.test.junit.AutoTests" name="[54] /home/travis/build/icyphy/ptII/ptolemy/actor/lib/test/auto/Clock17.xml (RunModel)" time="0.051" />
  <testcase classname="ptolemy.util.test.junit.AutoTests" name="[55] /home/travis/build/icyphy/ptII/ptolemy/actor/lib/test/auto/Clock18.xml (RunModel)" time="0.044" />
  <testcase classname="ptolemy.util.test.junit.AutoTests" name="[56] /home/travis/build/icyphy/ptII/ptolemy/actor/lib/test/auto/Clock19.xml (RunModel)" time="0.035" />
  <testcase classname="ptolemy.util.test.junit.AutoTests" name="[57] /home/travis/build/icyphy/ptII/ptolemy/actor/lib/test/auto/Clock2.xml (RunModel)" time="0.017" />
  <testcase classname="ptolemy.util.test.junit.AutoTests" name="[58] /home/travis/build/icyphy/ptII/ptolemy/actor/lib/test/auto/Clock20.xml (RunModel)" time="0.02" />
  <testcase classname="ptolemy.util.test.junit.AutoTests" name="[59] /home/travis/build/icyphy/ptII/ptolemy/actor/lib/test/auto/Clock21.xml (RunModel)" time="0.015" />
  <testcase classname="ptolemy.util.test.junit.AutoTests" name="[60] /home/travis/build/icyphy/ptII/ptolemy/actor/lib/test/auto/Clock22.xml (RunModel)" time="0.014" />
  <testcase classname="ptolemy.util.test.junit.AutoTests" name="[61] /home/travis/build/icyphy/ptII/ptolemy/actor/lib/test/auto/Clock23.xml (RunModel)" time="0.015" />
  <testcase classname="ptolemy.util.test.junit.AutoTests" name="[62] /home/travis/build/icyphy/ptII/ptolemy/actor/lib/test/auto/Clock24.xml (RunModel)" time="0.012" />
  <testcase classname="ptolemy.util.test.junit.AutoTests" name="[63] /home/travis/build/icyphy/ptII/ptolemy/actor/lib/test/auto/Clock4.xml (RunModel)" time="0.01" />
  <testcase classname="ptolemy.util.test.junit.AutoTests" name="[64] /home/travis/build/icyphy/ptII/ptolemy/actor/lib/test/auto/Clock5.xml (RunModel)" time="0.017" />
  <testcase classname="ptolemy.util.test.junit.AutoTests" name="[65] /home/travis/build/icyphy/ptII/ptolemy/actor/lib/test/auto/Clock6.xml (RunModel)" time="0.008" />
  <testcase classname="ptolemy.util.test.junit.AutoTests" name="[66] /home/travis/build/icyphy/ptII/ptolemy/actor/lib/test/auto/Clock7.xml (RunModel)" time="0.01" />
  <testcase classname="ptolemy.util.test.junit.AutoTests" name="[67] /home/travis/build/icyphy/ptII/ptolemy/actor/lib/test/auto/Clock8.xml (RunModel)" time="0.012" />
  <testcase classname="ptolemy.util.test.junit.AutoTests" name="[68] /home/travis/build/icyphy/ptII/ptolemy/actor/lib/test/auto/Clock9.xml (RunModel)" time="0.013" />
  <testcase classname="ptolemy.util.test.junit.AutoTests" name="[69] /home/travis/build/icyphy/ptII/ptolemy/actor/lib/test/auto/CommDistDiscard.xml (RunModel)" time="0.016" />
  <testcase classname="ptolemy.util.test.junit.AutoTests" name="[70] /home/travis/build/icyphy/ptII/ptolemy/actor/lib/test/auto/Commutator.xml (RunModel)" time="0.012" />
  <testcase classname="ptolemy.util.test.junit.AutoTests" name="[71] /home/travis/build/icyphy/ptII/ptolemy/actor/lib/test/auto/Commutator2.xml (RunModel)" time="0.01" />
  <testcase classname="ptolemy.util.test.junit.AutoTests" name="[72] /home/travis/build/icyphy/ptII/ptolemy/actor/lib/test/auto/Commutator3.xml (RunModel)" time="0.011" />
  <testcase classname="ptolemy.util.test.junit.AutoTests" name="[73] /home/travis/build/icyphy/ptII/ptolemy/actor/lib/test/auto/Compare.xml (RunModel)" time="0.018" />
  <testcase classname="ptolemy.util.test.junit.AutoTests" name="[74] /home/travis/build/icyphy/ptII/ptolemy/actor/lib/test/auto/CompareDE.xml (RunModel)" time="0.018" />
  <testcase classname="ptolemy.util.test.junit.AutoTests" name="[75] /home/travis/build/icyphy/ptII/ptolemy/actor/lib/test/auto/ComplexDivide.xml (RunModel)" time="0.008" />
  <testcase classname="ptolemy.util.test.junit.AutoTests" name="[76] /home/travis/build/icyphy/ptII/ptolemy/actor/lib/test/auto/ComputeHistogram.xml (RunModel)" time="0.066" />
  <testcase classname="ptolemy.util.test.junit.AutoTests" name="[77] /home/travis/build/icyphy/ptII/ptolemy/actor/lib/test/auto/ConfigurationSelect.xml (RunModel)" time="0.017" />
  <testcase classname="ptolemy.util.test.junit.AutoTests" name="[78] /home/travis/build/icyphy/ptII/ptolemy/actor/lib/test/auto/ConfigurationSelect2.xml (RunModel)" time="0.017" />
  <testcase classname="ptolemy.util.test.junit.AutoTests" name="[79] /home/travis/build/icyphy/ptII/ptolemy/actor/lib/test/auto/ConfigurationSwitch.xml (RunModel)" time="0.022" />
  <testcase classname="ptolemy.util.test.junit.AutoTests" name="[80] /home/travis/build/icyphy/ptII/ptolemy/actor/lib/test/auto/ConfigurationSwitch2.xml (RunModel)" time="0.02" />
  <testcase classname="ptolemy.util.test.junit.AutoTests" name="[81] /home/travis/build/icyphy/ptII/ptolemy/actor/lib/test/auto/ConfigurationSwitchCloningBugWithClassRelationGroup.xml (RunModel)" time="0.017" />
  <testcase classname="ptolemy.util.test.junit.AutoTests" name="[82] /home/travis/build/icyphy/ptII/ptolemy/actor/lib/test/auto/ConfigurationSwitchSelectSDF.xml (RunModel)" time="0.016" />
  <testcase classname="ptolemy.util.test.junit.AutoTests" name="[83] /home/travis/build/icyphy/ptII/ptolemy/actor/lib/test/auto/ConfigurationSwitchSelectSDF2.xml (RunModel)" time="0.014" />
  <testcase classname="ptolemy.util.test.junit.AutoTests" name="[84] /home/travis/build/icyphy/ptII/ptolemy/actor/lib/test/auto/Const.xml (RunModel)" time="0.006" />
  <testcase classname="ptolemy.util.test.junit.AutoTests" name="[85] /home/travis/build/icyphy/ptII/ptolemy/actor/lib/test/auto/Const2.xml (RunModel)" time="0.056" />
  <testcase classname="ptolemy.util.test.junit.AutoTests" name="[86] /home/travis/build/icyphy/ptII/ptolemy/actor/lib/test/auto/Const3.xml (RunModel)" time="0.008" />
  <testcase classname="ptolemy.util.test.junit.AutoTests" name="[87] /home/travis/build/icyphy/ptII/ptolemy/actor/lib/test/auto/ConstantPublisherPort1.xml (RunModel)" time="0.02" />
  <testcase classname="ptolemy.util.test.junit.AutoTests" name="[88] /home/travis/build/icyphy/ptII/ptolemy/actor/lib/test/auto/ConstantPublisherPort2.xml (RunModel)" time="0.023" />
  <testcase classname="ptolemy.util.test.junit.AutoTests" name="[89] /home/travis/build/icyphy/ptII/ptolemy/actor/lib/test/auto/ConstantPublisherPort3.xml (RunModel)" time="0.017" />
  <testcase classname="ptolemy.util.test.junit.AutoTests" name="[90] /home/travis/build/icyphy/ptII/ptolemy/actor/lib/test/auto/ConstantPublisherPort4.xml (RunModel)" time="0.013" />
  <testcase classname="ptolemy.util.test.junit.AutoTests" name="[91] /home/travis/build/icyphy/ptII/ptolemy/actor/lib/test/auto/ConstantPublisherPort5.xml (RunModel)" time="0.045" />
  <testcase classname="ptolemy.util.test.junit.AutoTests" name="[92] /home/travis/build/icyphy/ptII/ptolemy/actor/lib/test/auto/ConstantPublisherPort6.xml (RunModel)" time="0.037" />
  <testcase classname="ptolemy.util.test.junit.AutoTests" name="[93] /home/travis/build/icyphy/ptII/ptolemy/actor/lib/test/auto/ConstantPublisherPort7.xml (RunModel)" time="0.03" />
  <testcase classname="ptolemy.util.test.junit.AutoTests" name="[94] /home/travis/build/icyphy/ptII/ptolemy/actor/lib/test/auto/ConstraintMonitor1.xml (RunModel)" time="0.037" />
  <testcase classname="ptolemy.util.test.junit.AutoTests" name="[95] /home/travis/build/icyphy/ptII/ptolemy/actor/lib/test/auto/ConstraintMonitor2.xml (RunModel)" time="0.013" />
  <testcase classname="ptolemy.util.test.junit.AutoTests" name="[96] /home/travis/build/icyphy/ptII/ptolemy/actor/lib/test/auto/ConstraintMonitor3.xml (RunModel)" time="0.014" />
  <testcase classname="ptolemy.util.test.junit.AutoTests" name="[97] /home/travis/build/icyphy/ptII/ptolemy/actor/lib/test/auto/ConstraintMonitor4.xml (RunModel)" time="0.011" />
  <testcase classname="ptolemy.util.test.junit.AutoTests" name="[98] /home/travis/build/icyphy/ptII/ptolemy/actor/lib/test/auto/ConstraintMonitor5.xml (RunModel)" time="0.009" />
  <testcase classname="ptolemy.util.test.junit.AutoTests" name="[99] /home/travis/build/icyphy/ptII/ptolemy/actor/lib/test/auto/ConstraintMonitor6.xml (RunModel)" time="0.012" />
  <testcase classname="ptolemy.util.test.junit.AutoTests" name="[100] /home/travis/build/icyphy/ptII/ptolemy/actor/lib/test/auto/ConstraintMonitor7.xml (RunModel)" time="0.018" />
  <testcase classname="ptolemy.util.test.junit.AutoTests" name="[101] /home/travis/build/icyphy/ptII/ptolemy/actor/lib/test/auto/ConstraintMonitor8.xml (RunModel)" time="0.016" />
  <testcase classname="ptolemy.util.test.junit.AutoTests" name="[102] /home/travis/build/icyphy/ptII/ptolemy/actor/lib/test/auto/Counter.xml (RunModel)" time="0.014" />
  <testcase classname="ptolemy.util.test.junit.AutoTests" name="[103] /home/travis/build/icyphy/ptII/ptolemy/actor/lib/test/auto/CurrentTimeSDF.xml (RunModel)" time="0.008" />
  <testcase classname="ptolemy.util.test.junit.AutoTests" name="[104] /home/travis/build/icyphy/ptII/ptolemy/actor/lib/test/auto/DB.xml (RunModel)" time="0.011" />
  <testcase classname="ptolemy.util.test.junit.AutoTests" name="[105] /home/travis/build/icyphy/ptII/ptolemy/actor/lib/test/auto/DBDE.xml (RunModel)" time="0.02" />
  <testcase classname="ptolemy.util.test.junit.AutoTests" name="[106] /home/travis/build/icyphy/ptII/ptolemy/actor/lib/test/auto/DateConstructor.xml (RunModel)" time="0.076" />
  <testcase classname="ptolemy.util.test.junit.AutoTests" name="[107] /home/travis/build/icyphy/ptII/ptolemy/actor/lib/test/auto/DelayTime.xml (RunModel)" time="0.016" />
  <testcase classname="ptolemy.util.test.junit.AutoTests" name="[108] /home/travis/build/icyphy/ptII/ptolemy/actor/lib/test/auto/Dictionary1.xml (RunModel)" time="0.017" />
  <testcase classname="ptolemy.util.test.junit.AutoTests" name="[109] /home/travis/build/icyphy/ptII/ptolemy/actor/lib/test/auto/Dictionary2.xml (RunModel)" time="0.013" />
  <testcase classname="ptolemy.util.test.junit.AutoTests" name="[110] /home/travis/build/icyphy/ptII/ptolemy/actor/lib/test/auto/Dictionary3.xml (RunModel)" time="0.015" />
  <testcase classname="ptolemy.util.test.junit.AutoTests" name="[111] /home/travis/build/icyphy/ptII/ptolemy/actor/lib/test/auto/Dictionary4.xml (RunModel)" time="0.018" />
  <testcase classname="ptolemy.util.test.junit.AutoTests" name="[112] /home/travis/build/icyphy/ptII/ptolemy/actor/lib/test/auto/Differential.xml (RunModel)" time="0.01" />
  <testcase classname="ptolemy.util.test.junit.AutoTests" name="[113] /home/travis/build/icyphy/ptII/ptolemy/actor/lib/test/auto/Director.xml (RunModel)" time="0.008" />
  <testcase classname="ptolemy.util.test.junit.AutoTests" name="[114] /home/travis/build/icyphy/ptII/ptolemy/actor/lib/test/auto/DiscreteClock.xml (RunModel)" time="0.008" />
  <testcase classname="ptolemy.util.test.junit.AutoTests" name="[115] /home/travis/build/icyphy/ptII/ptolemy/actor/lib/test/auto/DiscreteClock10.xml (RunModel)" time="0.009" />
  <testcase classname="ptolemy.util.test.junit.AutoTests" name="[116] /home/travis/build/icyphy/ptII/ptolemy/actor/lib/test/auto/DiscreteClock11.xml (RunModel)" time="0.011" />
  <testcase classname="ptolemy.util.test.junit.AutoTests" name="[117] /home/travis/build/icyphy/ptII/ptolemy/actor/lib/test/auto/DiscreteClock12.xml (RunModel)" time="0.012" />
  <testcase classname="ptolemy.util.test.junit.AutoTests" name="[118] /home/travis/build/icyphy/ptII/ptolemy/actor/lib/test/auto/DiscreteClock13.xml (RunModel)" time="0.058" />
  <testcase classname="ptolemy.util.test.junit.AutoTests" name="[119] /home/travis/build/icyphy/ptII/ptolemy/actor/lib/test/auto/DiscreteClock14.xml (RunModel)" time="0.014" />
  <testcase classname="ptolemy.util.test.junit.AutoTests" name="[120] /home/travis/build/icyphy/ptII/ptolemy/actor/lib/test/auto/DiscreteClock15.xml (RunModel)" time="0.016" />
  <testcase classname="ptolemy.util.test.junit.AutoTests" name="[121] /home/travis/build/icyphy/ptII/ptolemy/actor/lib/test/auto/DiscreteClock16.xml (RunModel)" time="0.047" />
  <testcase classname="ptolemy.util.test.junit.AutoTests" name="[122] /home/travis/build/icyphy/ptII/ptolemy/actor/lib/test/auto/DiscreteClock17.xml (RunModel)" time="0.046" />
  <testcase classname="ptolemy.util.test.junit.AutoTests" name="[123] /home/travis/build/icyphy/ptII/ptolemy/actor/lib/test/auto/DiscreteClock18.xml (RunModel)" time="0.047" />
  <testcase classname="ptolemy.util.test.junit.AutoTests" name="[124] /home/travis/build/icyphy/ptII/ptolemy/actor/lib/test/auto/DiscreteClock19.xml (RunModel)" time="0.05" />
  <testcase classname="ptolemy.util.test.junit.AutoTests" name="[125] /home/travis/build/icyphy/ptII/ptolemy/actor/lib/test/auto/DiscreteClock2.xml (RunModel)" time="0.01" />
  <testcase classname="ptolemy.util.test.junit.AutoTests" name="[126] /home/travis/build/icyphy/ptII/ptolemy/actor/lib/test/auto/DiscreteClock20.xml (RunModel)" time="0.017" />
  <testcase classname="ptolemy.util.test.junit.AutoTests" name="[127] /home/travis/build/icyphy/ptII/ptolemy/actor/lib/test/auto/DiscreteClock21.xml (RunModel)" time="0.019" />
  <testcase classname="ptolemy.util.test.junit.AutoTests" name="[128] /home/travis/build/icyphy/ptII/ptolemy/actor/lib/test/auto/DiscreteClock22.xml (RunModel)" time="0.019" />
  <testcase classname="ptolemy.util.test.junit.AutoTests" name="[129] /home/travis/build/icyphy/ptII/ptolemy/actor/lib/test/auto/DiscreteClock23.xml (RunModel)" time="0.021" />
  <testcase classname="ptolemy.util.test.junit.AutoTests" name="[130] /home/travis/build/icyphy/ptII/ptolemy/actor/lib/test/auto/DiscreteClock24.xml (RunModel)" time="0.015" />
  <testcase classname="ptolemy.util.test.junit.AutoTests" name="[131] /home/travis/build/icyphy/ptII/ptolemy/actor/lib/test/auto/DiscreteClock4.xml (RunModel)" time="0.015" />
  <testcase classname="ptolemy.util.test.junit.AutoTests" name="[132] /home/travis/build/icyphy/ptII/ptolemy/actor/lib/test/auto/DiscreteClock5.xml (RunModel)" time="0.013" />
  <testcase classname="ptolemy.util.test.junit.AutoTests" name="[133] /home/travis/build/icyphy/ptII/ptolemy/actor/lib/test/auto/DiscreteClock6.xml (RunModel)" time="0.011" />
  <testcase classname="ptolemy.util.test.junit.AutoTests" name="[134] /home/travis/build/icyphy/ptII/ptolemy/actor/lib/test/auto/DiscreteClock7.xml (RunModel)" time="0.011" />
  <testcase classname="ptolemy.util.test.junit.AutoTests" name="[135] /home/travis/build/icyphy/ptII/ptolemy/actor/lib/test/auto/DiscreteClock8.xml (RunModel)" time="0.025" />
  <testcase classname="ptolemy.util.test.junit.AutoTests" name="[136] /home/travis/build/icyphy/ptII/ptolemy/actor/lib/test/auto/DiscreteClock9.xml (RunModel)" time="0.014" />
  <testcase classname="ptolemy.util.test.junit.AutoTests" name="[137] /home/travis/build/icyphy/ptII/ptolemy/actor/lib/test/auto/DisplayArray.xml (RunModel)" time="0.009" />
  <testcase classname="ptolemy.util.test.junit.AutoTests" name="[138] /home/travis/build/icyphy/ptII/ptolemy/actor/lib/test/auto/Distributor.xml (RunModel)" time="0.011" />
  <testcase classname="ptolemy.util.test.junit.AutoTests" name="[139] /home/travis/build/icyphy/ptII/ptolemy/actor/lib/test/auto/Distributor2.xml (RunModel)" time="0.011" />
  <testcase classname="ptolemy.util.test.junit.AutoTests" name="[140] /home/travis/build/icyphy/ptII/ptolemy/actor/lib/test/auto/DownSample.xml (RunModel)" time="0.01" />
  <testcase classname="ptolemy.util.test.junit.AutoTests" name="[141] /home/travis/build/icyphy/ptII/ptolemy/actor/lib/test/auto/ElectronicUnitBase1.xml (RunModel)" time="0.066" />
  <testcase classname="ptolemy.util.test.junit.AutoTests" name="[142] /home/travis/build/icyphy/ptII/ptolemy/actor/lib/test/auto/ElementsToArray.xml (RunModel)" time="0.018" />
  <testcase classname="ptolemy.util.test.junit.AutoTests" name="[143] /home/travis/build/icyphy/ptII/ptolemy/actor/lib/test/auto/Equals.xml (RunModel)" time="0.018" />
  <testcase classname="ptolemy.util.test.junit.AutoTests" name="[144] /home/travis/build/icyphy/ptII/ptolemy/actor/lib/test/auto/Exec.xml (RunModel)" time="0.032" />
  <testcase classname="ptolemy.util.test.junit.AutoTests" name="[145] /home/travis/build/icyphy/ptII/ptolemy/actor/lib/test/auto/ExecEnvironment.xml (RunModel)" time="0.033" />
  <testcase classname="ptolemy.util.test.junit.AutoTests" name="[146] /home/travis/build/icyphy/ptII/ptolemy/actor/lib/test/auto/ExecNonZeroReturnOutput.xml (RunModel)" time="0.172" />
  <testcase classname="ptolemy.util.test.junit.AutoTests" name="[147] /home/travis/build/icyphy/ptII/ptolemy/actor/lib/test/auto/ExecRunDemos.xml (RunModel)" time="10.253" />
  <testcase classname="ptolemy.util.test.junit.AutoTests" name="[148] /home/travis/build/icyphy/ptII/ptolemy/actor/lib/test/auto/ExecStop.xml (RunModel)" time="5.036" />
  <testcase classname="ptolemy.util.test.junit.AutoTests" name="[149] /home/travis/build/icyphy/ptII/ptolemy/actor/lib/test/auto/ExecutionTimeSDF.xml (RunModel)" time="6.028" />
  <testcase classname="ptolemy.util.test.junit.AutoTests" name="[150] /home/travis/build/icyphy/ptII/ptolemy/actor/lib/test/auto/Expression1.xml (RunModel)" time="0.012" />
  <testcase classname="ptolemy.util.test.junit.AutoTests" name="[151] /home/travis/build/icyphy/ptII/ptolemy/actor/lib/test/auto/Expression10.xml (RunModel)" time="0.028" />
  <testcase classname="ptolemy.util.test.junit.AutoTests" name="[152] /home/travis/build/icyphy/ptII/ptolemy/actor/lib/test/auto/Expression11.xml (RunModel)" time="0.012" />
  <testcase classname="ptolemy.util.test.junit.AutoTests" name="[153] /home/travis/build/icyphy/ptII/ptolemy/actor/lib/test/auto/Expression12.xml (RunModel)" time="0.013" />
  <testcase classname="ptolemy.util.test.junit.AutoTests" name="[154] /home/travis/build/icyphy/ptII/ptolemy/actor/lib/test/auto/Expression13.xml (RunModel)" time="0.01" />
  <testcase classname="ptolemy.util.test.junit.AutoTests" name="[155] /home/travis/build/icyphy/ptII/ptolemy/actor/lib/test/auto/Expression14.xml (RunModel)" time="0.017" />
  <testcase classname="ptolemy.util.test.junit.AutoTests" name="[156] /home/travis/build/icyphy/ptII/ptolemy/actor/lib/test/auto/Expression15.xml (RunModel)" time="0.005" />
  <testcase classname="ptolemy.util.test.junit.AutoTests" name="[157] /home/travis/build/icyphy/ptII/ptolemy/actor/lib/test/auto/Expression16.xml (RunModel)" time="0.011" />
  <testcase classname="ptolemy.util.test.junit.AutoTests" name="[158] /home/travis/build/icyphy/ptII/ptolemy/actor/lib/test/auto/Expression17.xml (RunModel)" time="0.011" />
  <testcase classname="ptolemy.util.test.junit.AutoTests" name="[159] /home/travis/build/icyphy/ptII/ptolemy/actor/lib/test/auto/Expression18.xml (RunModel)" time="0.011" />
  <testcase classname="ptolemy.util.test.junit.AutoTests" name="[160] /home/travis/build/icyphy/ptII/ptolemy/actor/lib/test/auto/Expression2.xml (RunModel)" time="0.011" />
  <testcase classname="ptolemy.util.test.junit.AutoTests" name="[161] /home/travis/build/icyphy/ptII/ptolemy/actor/lib/test/auto/Expression3.xml (RunModel)" time="0.013" />
  <testcase classname="ptolemy.util.test.junit.AutoTests" name="[162] /home/travis/build/icyphy/ptII/ptolemy/actor/lib/test/auto/Expression4.xml (RunModel)" time="0.033" />
  <testcase classname="ptolemy.util.test.junit.AutoTests" name="[163] /home/travis/build/icyphy/ptII/ptolemy/actor/lib/test/auto/Expression5.xml (RunModel)" time="0.012" />
  <testcase classname="ptolemy.util.test.junit.AutoTests" name="[164] /home/travis/build/icyphy/ptII/ptolemy/actor/lib/test/auto/Expression6.xml (RunModel)" time="0.009" />
  <testcase classname="ptolemy.util.test.junit.AutoTests" name="[165] /home/travis/build/icyphy/ptII/ptolemy/actor/lib/test/auto/Expression7.xml (RunModel)" time="0.01" />
  <testcase classname="ptolemy.util.test.junit.AutoTests" name="[166] /home/travis/build/icyphy/ptII/ptolemy/actor/lib/test/auto/Expression8.xml (RunModel)" time="0.017" />
  <testcase classname="ptolemy.util.test.junit.AutoTests" name="[167] /home/travis/build/icyphy/ptII/ptolemy/actor/lib/test/auto/Expression9.xml (RunModel)" time="0.007" />
  <testcase classname="ptolemy.util.test.junit.AutoTests" name="[168] /home/travis/build/icyphy/ptII/ptolemy/actor/lib/test/auto/ExpressionConcatenateArrayType.xml (RunModel)" time="0.033" />
  <testcase classname="ptolemy.util.test.junit.AutoTests" name="[169] /home/travis/build/icyphy/ptII/ptolemy/actor/lib/test/auto/ExpressionConcatenateArrayType2.xml (RunModel)" time="0.022" />
  <testcase classname="ptolemy.util.test.junit.AutoTests" name="[170] /home/travis/build/icyphy/ptII/ptolemy/actor/lib/test/auto/ExpressionFix.xml (RunModel)" time="0.045" />
  <testcase classname="ptolemy.util.test.junit.AutoTests" name="[171] /home/travis/build/icyphy/ptII/ptolemy/actor/lib/test/auto/ExpressionFix2.xml (RunModel)" time="0.01" />
  <testcase classname="ptolemy.util.test.junit.AutoTests" name="[172] /home/travis/build/icyphy/ptII/ptolemy/actor/lib/test/auto/ExpressionFix3.xml (RunModel)" time="0.01" />
  <testcase classname="ptolemy.util.test.junit.AutoTests" name="[173] /home/travis/build/icyphy/ptII/ptolemy/actor/lib/test/auto/FileWriter1.xml (RunModel)" time="0.008" />
  <testcase classname="ptolemy.util.test.junit.AutoTests" name="[174] /home/travis/build/icyphy/ptII/ptolemy/actor/lib/test/auto/FileWriter2.xml (RunModel)" time="0.011" />
  <testcase classname="ptolemy.util.test.junit.AutoTests" name="[175] /home/travis/build/icyphy/ptII/ptolemy/actor/lib/test/auto/FileWriter3.xml (RunModel)" time="0.008" />
  <testcase classname="ptolemy.util.test.junit.AutoTests" name="[176] /home/travis/build/icyphy/ptII/ptolemy/actor/lib/test/auto/Gaussian.xml (RunModel)" time="0.013" />
  <testcase classname="ptolemy.util.test.junit.AutoTests" name="[177] /home/travis/build/icyphy/ptII/ptolemy/actor/lib/test/auto/Gaussian1.xml (RunModel)" time="0.019" />
  <testcase classname="ptolemy.util.test.junit.AutoTests" name="[178] /home/travis/build/icyphy/ptII/ptolemy/actor/lib/test/auto/Gaussian2.xml (RunModel)" time="0.014" />
  <testcase classname="ptolemy.util.test.junit.AutoTests" name="[179] /home/travis/build/icyphy/ptII/ptolemy/actor/lib/test/auto/GradientAdaptiveLattice.xml (RunModel)" time="0.015" />
  <testcase classname="ptolemy.util.test.junit.AutoTests" name="[180] /home/travis/build/icyphy/ptII/ptolemy/actor/lib/test/auto/IIR.xml (RunModel)" time="0.008" />
  <testcase classname="ptolemy.util.test.junit.AutoTests" name="[181] /home/travis/build/icyphy/ptII/ptolemy/actor/lib/test/auto/InputOutputTransparentPorts.xml (RunModel)" time="0.021" />
  <testcase classname="ptolemy.util.test.junit.AutoTests" name="[182] /home/travis/build/icyphy/ptII/ptolemy/actor/lib/test/auto/Interpolator.xml (RunModel)" time="0.011" />
  <testcase classname="ptolemy.util.test.junit.AutoTests" name="[183] /home/travis/build/icyphy/ptII/ptolemy/actor/lib/test/auto/InterpolatorFiringLimitDE.xml (RunModel)" time="0.012" />
  <testcase classname="ptolemy.util.test.junit.AutoTests" name="[184] /home/travis/build/icyphy/ptII/ptolemy/actor/lib/test/auto/Lattice.xml (RunModel)" time="0.008" />
  <testcase classname="ptolemy.util.test.junit.AutoTests" name="[185] /home/travis/build/icyphy/ptII/ptolemy/actor/lib/test/auto/LazyAOCTestLazy.xml (RunModel)" time="0.028" />
  <testcase classname="ptolemy.util.test.junit.AutoTests" name="[186] /home/travis/build/icyphy/ptII/ptolemy/actor/lib/test/auto/LazyAOCTestNonLazy.xml (RunModel)" time="0.056" />
  <testcase classname="ptolemy.util.test.junit.AutoTests" name="[187] /home/travis/build/icyphy/ptII/ptolemy/actor/lib/test/auto/LazyInnerClass.xml (RunModel)" time="0.043" />
  <testcase classname="ptolemy.util.test.junit.AutoTests" name="[188] /home/travis/build/icyphy/ptII/ptolemy/actor/lib/test/auto/LazyPubSub.xml (RunModel)" time="0.05" />
  <testcase classname="ptolemy.util.test.junit.AutoTests" name="[189] /home/travis/build/icyphy/ptII/ptolemy/actor/lib/test/auto/LazyPubSub2.xml (RunModel)" time="0.024" />
  <testcase classname="ptolemy.util.test.junit.AutoTests" name="[190] /home/travis/build/icyphy/ptII/ptolemy/actor/lib/test/auto/LazyPubSub3.xml (RunModel)" time="0.019" />
  <testcase classname="ptolemy.util.test.junit.AutoTests" name="[191] /home/travis/build/icyphy/ptII/ptolemy/actor/lib/test/auto/LazySubClassModel.xml (RunModel)" time="0.019" />
  <testcase classname="ptolemy.util.test.junit.AutoTests" name="[192] /home/travis/build/icyphy/ptII/ptolemy/actor/lib/test/auto/LevelCrossTest1.xml (RunModel)" time="0.056" />
  <testcase classname="ptolemy.util.test.junit.AutoTests" name="[193] /home/travis/build/icyphy/ptII/ptolemy/actor/lib/test/auto/LevelCrossTest10.xml (RunModel)" time="0.014" />
  <testcase classname="ptolemy.util.test.junit.AutoTests" name="[194] /home/travis/build/icyphy/ptII/ptolemy/actor/lib/test/auto/LevelCrossTest11.xml (RunModel)" time="0.014" />
  <testcase classname="ptolemy.util.test.junit.AutoTests" name="[195] /home/travis/build/icyphy/ptII/ptolemy/actor/lib/test/auto/LevelCrossTest12.xml (RunModel)" time="0.015" />
  <testcase classname="ptolemy.util.test.junit.AutoTests" name="[196] /home/travis/build/icyphy/ptII/ptolemy/actor/lib/test/auto/LevelCrossTest13.xml (RunModel)" time="0.012" />
  <testcase classname="ptolemy.util.test.junit.AutoTests" name="[197] /home/travis/build/icyphy/ptII/ptolemy/actor/lib/test/auto/LevelCrossTest2.xml (RunModel)" time="0.009" />
  <testcase classname="ptolemy.util.test.junit.AutoTests" name="[198] /home/travis/build/icyphy/ptII/ptolemy/actor/lib/test/auto/LevelCrossTest3.xml (RunModel)" time="0.011" />
  <testcase classname="ptolemy.util.test.junit.AutoTests" name="[199] /home/travis/build/icyphy/ptII/ptolemy/actor/lib/test/auto/LevelCrossTest4.xml (RunModel)" time="0.01" />
  <testcase classname="ptolemy.util.test.junit.AutoTests" name="[200] /home/travis/build/icyphy/ptII/ptolemy/actor/lib/test/auto/LevelCrossTest5.xml (RunModel)" time="0.01" />
  <testcase classname="ptolemy.util.test.junit.AutoTests" name="[201] /home/travis/build/icyphy/ptII/ptolemy/actor/lib/test/auto/LevelCrossTest6.xml (RunModel)" time="0.01" />
  <testcase classname="ptolemy.util.test.junit.AutoTests" name="[202] /home/travis/build/icyphy/ptII/ptolemy/actor/lib/test/auto/LevelCrossTest7.xml (RunModel)" time="0.018" />
  <testcase classname="ptolemy.util.test.junit.AutoTests" name="[203] /home/travis/build/icyphy/ptII/ptolemy/actor/lib/test/auto/LevelCrossTest8.xml (RunModel)" time="0.015" />
  <testcase classname="ptolemy.util.test.junit.AutoTests" name="[204] /home/travis/build/icyphy/ptII/ptolemy/actor/lib/test/auto/LevelCrossTest9.xml (RunModel)" time="0.014" />
  <testcase classname="ptolemy.util.test.junit.AutoTests" name="[205] /home/travis/build/icyphy/ptII/ptolemy/actor/lib/test/auto/LevinsonDurbin.xml (RunModel)" time="0.01" />
  <testcase classname="ptolemy.util.test.junit.AutoTests" name="[206] /home/travis/build/icyphy/ptII/ptolemy/actor/lib/test/auto/LevinsonDurbin2.xml (RunModel)" time="0.01" />
  <testcase classname="ptolemy.util.test.junit.AutoTests" name="[207] /home/travis/build/icyphy/ptII/ptolemy/actor/lib/test/auto/LevinsonDurbin3.xml (RunModel)" time="0.008" />
  <testcase classname="ptolemy.util.test.junit.AutoTests" name="[208] /home/travis/build/icyphy/ptII/ptolemy/actor/lib/test/auto/Limiter.xml (RunModel)" time="0.04" />
  <testcase classname="ptolemy.util.test.junit.AutoTests" name="[209] /home/travis/build/icyphy/ptII/ptolemy/actor/lib/test/auto/LinearDifferenceEquationSystem.xml (RunModel)" time="0.03" />
  <testcase classname="ptolemy.util.test.junit.AutoTests" name="[210] /home/travis/build/icyphy/ptII/ptolemy/actor/lib/test/auto/LookupTable.xml (RunModel)" time="0.016" />
  <testcase classname="ptolemy.util.test.junit.AutoTests" name="[211] /home/travis/build/icyphy/ptII/ptolemy/actor/lib/test/auto/MathFunction.xml (RunModel)" time="0.02" />
  <testcase classname="ptolemy.util.test.junit.AutoTests" name="[212] /home/travis/build/icyphy/ptII/ptolemy/actor/lib/test/auto/MathFunction2.xml (RunModel)" time="0.008" />
  <testcase classname="ptolemy.util.test.junit.AutoTests" name="[213] /home/travis/build/icyphy/ptII/ptolemy/actor/lib/test/auto/MathFunction3.xml (RunModel)" time="0.015" />
  <testcase classname="ptolemy.util.test.junit.AutoTests" name="[214] /home/travis/build/icyphy/ptII/ptolemy/actor/lib/test/auto/MatrixCropBoolean.xml (RunModel)" time="0.011" />
  <testcase classname="ptolemy.util.test.junit.AutoTests" name="[215] /home/travis/build/icyphy/ptII/ptolemy/actor/lib/test/auto/MatrixCropComplex.xml (RunModel)" time="0.012" />
  <testcase classname="ptolemy.util.test.junit.AutoTests" name="[216] /home/travis/build/icyphy/ptII/ptolemy/actor/lib/test/auto/MatrixCropDouble.xml (RunModel)" time="0.007" />
  <testcase classname="ptolemy.util.test.junit.AutoTests" name="[217] /home/travis/build/icyphy/ptII/ptolemy/actor/lib/test/auto/MatrixCropFix.xml (RunModel)" time="0.011" />
  <testcase classname="ptolemy.util.test.junit.AutoTests" name="[218] /home/travis/build/icyphy/ptII/ptolemy/actor/lib/test/auto/MatrixCropInt.xml (RunModel)" time="0.009" />
  <testcase classname="ptolemy.util.test.junit.AutoTests" name="[219] /home/travis/build/icyphy/ptII/ptolemy/actor/lib/test/auto/MatrixCropLong.xml (RunModel)" time="0.008" />
  <testcase classname="ptolemy.util.test.junit.AutoTests" name="[220] /home/travis/build/icyphy/ptII/ptolemy/actor/lib/test/auto/MatrixToArray.xml (RunModel)" time="0.048" />
  <testcase classname="ptolemy.util.test.junit.AutoTests" name="[221] /home/travis/build/icyphy/ptII/ptolemy/actor/lib/test/auto/MaxIndex.xml (RunModel)" time="0.012" />
  <testcase classname="ptolemy.util.test.junit.AutoTests" name="[222] /home/travis/build/icyphy/ptII/ptolemy/actor/lib/test/auto/Maximum.xml (RunModel)" time="0.016" />
  <testcase classname="ptolemy.util.test.junit.AutoTests" name="[223] /home/travis/build/icyphy/ptII/ptolemy/actor/lib/test/auto/MaximumComplex.xml (RunModel)" time="0.013" />
  <testcase classname="ptolemy.util.test.junit.AutoTests" name="[224] /home/travis/build/icyphy/ptII/ptolemy/actor/lib/test/auto/MethodCallTest.xml (RunModel)" time="0.021" />
  <testcase classname="ptolemy.util.test.junit.AutoTests" name="[225] /home/travis/build/icyphy/ptII/ptolemy/actor/lib/test/auto/Minimum.xml (RunModel)" time="0.013" />
  <testcase classname="ptolemy.util.test.junit.AutoTests" name="[226] /home/travis/build/icyphy/ptII/ptolemy/actor/lib/test/auto/MinimumComplex.xml (RunModel)" time="0.022" />
  <testcase classname="ptolemy.util.test.junit.AutoTests" name="[227] /home/travis/build/icyphy/ptII/ptolemy/actor/lib/test/auto/MinimumMultiports.xml (RunModel)" time="0.016" />
  <testcase classname="ptolemy.util.test.junit.AutoTests" name="[228] /home/travis/build/icyphy/ptII/ptolemy/actor/lib/test/auto/ModifyDate.xml (RunModel)" time="0.038" />
  <testcase classname="ptolemy.util.test.junit.AutoTests" name="[229] /home/travis/build/icyphy/ptII/ptolemy/actor/lib/test/auto/ModifyDate2.xml (RunModel)" time="0.031" />
  <testcase classname="ptolemy.util.test.junit.AutoTests" name="[230] /home/travis/build/icyphy/ptII/ptolemy/actor/lib/test/auto/MovingAverage.xml (RunModel)" time="0.011" />
  <testcase classname="ptolemy.util.test.junit.AutoTests" name="[231] /home/travis/build/icyphy/ptII/ptolemy/actor/lib/test/auto/MovingMaximum.xml (RunModel)" time="0.011" />
  <testcase classname="ptolemy.util.test.junit.AutoTests" name="[232] /home/travis/build/icyphy/ptII/ptolemy/actor/lib/test/auto/MultipleLinksToSameRelation.xml (RunModel)" time="0.007" />
  <testcase classname="ptolemy.util.test.junit.AutoTests" name="[233] /home/travis/build/icyphy/ptII/ptolemy/actor/lib/test/auto/MultipleLinksToSameRelationDE.xml (RunModel)" time="0.015" />
  <testcase classname="ptolemy.util.test.junit.AutoTests" name="[234] /home/travis/build/icyphy/ptII/ptolemy/actor/lib/test/auto/Multiplexor.xml (RunModel)" time="0.014" />
  <testcase classname="ptolemy.util.test.junit.AutoTests" name="[235] /home/travis/build/icyphy/ptII/ptolemy/actor/lib/test/auto/Multiplexor1.xml (RunModel)" time="0.012" />
  <testcase classname="ptolemy.util.test.junit.AutoTests" name="[236] /home/travis/build/icyphy/ptII/ptolemy/actor/lib/test/auto/Multiplexor2.xml (RunModel)" time="0.018" />
  <testcase classname="ptolemy.util.test.junit.AutoTests" name="[237] /home/travis/build/icyphy/ptII/ptolemy/actor/lib/test/auto/Multiplexor3.xml (RunModel)" time="0.008" />
  <testcase classname="ptolemy.util.test.junit.AutoTests" name="[238] /home/travis/build/icyphy/ptII/ptolemy/actor/lib/test/auto/MultiplexorDE.xml (RunModel)" time="0.022" />
  <testcase classname="ptolemy.util.test.junit.AutoTests" name="[239] /home/travis/build/icyphy/ptII/ptolemy/actor/lib/test/auto/MultiportBroadcastTest.xml (RunModel)" time="0.095" />
  <testcase classname="ptolemy.util.test.junit.AutoTests" name="[240] /home/travis/build/icyphy/ptII/ptolemy/actor/lib/test/auto/MultiportOutHangDuringGetWidth.xml (RunModel)" time="0.037" />
  <testcase classname="ptolemy.util.test.junit.AutoTests" name="[241] /home/travis/build/icyphy/ptII/ptolemy/actor/lib/test/auto/NilToken.xml (RunModel)" time="0.01" />
  <testcase classname="ptolemy.util.test.junit.AutoTests" name="[242] /home/travis/build/icyphy/ptII/ptolemy/actor/lib/test/auto/NilTokenNonStrictTest.xml (RunModel)" time="0.033" />
  <testcase classname="ptolemy.util.test.junit.AutoTests" name="[243] /home/travis/build/icyphy/ptII/ptolemy/actor/lib/test/auto/NilTokenRecord.xml (RunModel)" time="0.027" />
  <testcase classname="ptolemy.util.test.junit.AutoTests" name="[244] /home/travis/build/icyphy/ptII/ptolemy/actor/lib/test/auto/NilTokenTypeTest.xml (RunModel)" time="0.026" />
  <testcase classname="ptolemy.util.test.junit.AutoTests" name="[245] /home/travis/build/icyphy/ptII/ptolemy/actor/lib/test/auto/ObjectToken1.xml (RunModel)" time="0.008" />
  <testcase classname="ptolemy.util.test.junit.AutoTests" name="[246] /home/travis/build/icyphy/ptII/ptolemy/actor/lib/test/auto/OrderedMerge.xml (RunModel)" time="0.017" />
  <testcase classname="ptolemy.util.test.junit.AutoTests" name="[247] /home/travis/build/icyphy/ptII/ptolemy/actor/lib/test/auto/OrderedRecordDisassembler.xml (RunModel)" time="0.023" />
  <testcase classname="ptolemy.util.test.junit.AutoTests" name="[248] /home/travis/build/icyphy/ptII/ptolemy/actor/lib/test/auto/OrderedRecordDisassembler2.xml (RunModel)" time="0.018" />
  <testcase classname="ptolemy.util.test.junit.AutoTests" name="[249] /home/travis/build/icyphy/ptII/ptolemy/actor/lib/test/auto/OrderedRecordUpdater.xml (RunModel)" time="0.009" />
  <testcase classname="ptolemy.util.test.junit.AutoTests" name="[250] /home/travis/build/icyphy/ptII/ptolemy/actor/lib/test/auto/OrderedRecordUpdater2.xml (RunModel)" time="0.015" />
  <testcase classname="ptolemy.util.test.junit.AutoTests" name="[251] /home/travis/build/icyphy/ptII/ptolemy/actor/lib/test/auto/PhaseUnwrap.xml (RunModel)" time="0.01" />
  <testcase classname="ptolemy.util.test.junit.AutoTests" name="[252] /home/travis/build/icyphy/ptII/ptolemy/actor/lib/test/auto/PoissonClock.xml (RunModel)" time="0.009" />
  <testcase classname="ptolemy.util.test.junit.AutoTests" name="[253] /home/travis/build/icyphy/ptII/ptolemy/actor/lib/test/auto/PoissonClock2.xml (RunModel)" time="0.006" />
  <testcase classname="ptolemy.util.test.junit.AutoTests" name="[254] /home/travis/build/icyphy/ptII/ptolemy/actor/lib/test/auto/PoissonClock3.xml (RunModel)" time="0.021" />
  <testcase classname="ptolemy.util.test.junit.AutoTests" name="[255] /home/travis/build/icyphy/ptII/ptolemy/actor/lib/test/auto/PubSubWithInitialTokens.xml (RunModel)" time="0.015" />
  <testcase classname="ptolemy.util.test.junit.AutoTests" name="[256] /home/travis/build/icyphy/ptII/ptolemy/actor/lib/test/auto/PubSubWithInitialTokens2.xml (RunModel)" time="0.01" />
  <testcase classname="ptolemy.util.test.junit.AutoTests" name="[257] /home/travis/build/icyphy/ptII/ptolemy/actor/lib/test/auto/PublisherClassNoParameter.xml (RunModel)" time="0.024" />
  <testcase classname="ptolemy.util.test.junit.AutoTests" name="[258] /home/travis/build/icyphy/ptII/ptolemy/actor/lib/test/auto/PublisherClassParameter.xml (RunModel)" time="0.019" />
  <testcase classname="ptolemy.util.test.junit.AutoTests" name="[259] /home/travis/build/icyphy/ptII/ptolemy/actor/lib/test/auto/PublisherNonStrictTest.xml (RunModel)" time="0.014" />
  <testcase classname="ptolemy.util.test.junit.AutoTests" name="[260] /home/travis/build/icyphy/ptII/ptolemy/actor/lib/test/auto/PublisherPort1.xml (RunModel)" time="0.019" />
  <testcase classname="ptolemy.util.test.junit.AutoTests" name="[261] /home/travis/build/icyphy/ptII/ptolemy/actor/lib/test/auto/PublisherPort2.xml (RunModel)" time="0.009" />
  <testcase classname="ptolemy.util.test.junit.AutoTests" name="[262] /home/travis/build/icyphy/ptII/ptolemy/actor/lib/test/auto/PublisherPort3.xml (RunModel)" time="0.011" />
  <testcase classname="ptolemy.util.test.junit.AutoTests" name="[263] /home/travis/build/icyphy/ptII/ptolemy/actor/lib/test/auto/PublisherPort4.xml (RunModel)" time="0.011" />
  <testcase classname="ptolemy.util.test.junit.AutoTests" name="[264] /home/travis/build/icyphy/ptII/ptolemy/actor/lib/test/auto/PublisherPort5.xml (RunModel)" time="0.013" />
  <testcase classname="ptolemy.util.test.junit.AutoTests" name="[265] /home/travis/build/icyphy/ptII/ptolemy/actor/lib/test/auto/PublisherPort5LookAlike.xml (RunModel)" time="0.015" />
  <testcase classname="ptolemy.util.test.junit.AutoTests" name="[266] /home/travis/build/icyphy/ptII/ptolemy/actor/lib/test/auto/PublisherPort6.xml (RunModel)" time="0.021" />
  <testcase classname="ptolemy.util.test.junit.AutoTests" name="[267] /home/travis/build/icyphy/ptII/ptolemy/actor/lib/test/auto/PublisherPort7.xml (RunModel)" time="0.015" />
  <testcase classname="ptolemy.util.test.junit.AutoTests" name="[268] /home/travis/build/icyphy/ptII/ptolemy/actor/lib/test/auto/PublisherPort8.xml (RunModel)" time="0.019" />
  <testcase classname="ptolemy.util.test.junit.AutoTests" name="[269] /home/travis/build/icyphy/ptII/ptolemy/actor/lib/test/auto/PublisherPortSubscriberChannelVariablesAOC2.xml (RunModel)" time="0.03" />
  <testcase classname="ptolemy.util.test.junit.AutoTests" name="[270] /home/travis/build/icyphy/ptII/ptolemy/actor/lib/test/auto/PublisherPortSubscriberOpaqueWidthInference.xml (RunModel)" time="0.013" />
  <testcase classname="ptolemy.util.test.junit.AutoTests" name="[271] /home/travis/build/icyphy/ptII/ptolemy/actor/lib/test/auto/PublisherPortSubscriberPortAdjacent.xml (RunModel)" time="0.015" />
  <testcase classname="ptolemy.util.test.junit.AutoTests" name="[272] /home/travis/build/icyphy/ptII/ptolemy/actor/lib/test/auto/PublisherPortSubscriberPortExpression.xml (RunModel)" time="0.015" />
  <testcase classname="ptolemy.util.test.junit.AutoTests" name="[273] /home/travis/build/icyphy/ptII/ptolemy/actor/lib/test/auto/PublisherPortSubscriberPortOpaqueD3Reverse.xml (RunModel)" time="0.019" />
  <testcase classname="ptolemy.util.test.junit.AutoTests" name="[274] /home/travis/build/icyphy/ptII/ptolemy/actor/lib/test/auto/PublisherPortSubscriberPortOpaqueWidthInference.xml (RunModel)" time="0.013" />
  <testcase classname="ptolemy.util.test.junit.AutoTests" name="[275] /home/travis/build/icyphy/ptII/ptolemy/actor/lib/test/auto/PublisherPortToplevelSubscriberPortAOC.xml (RunModel)" time="0.009" />
  <testcase classname="ptolemy.util.test.junit.AutoTests" name="[276] /home/travis/build/icyphy/ptII/ptolemy/actor/lib/test/auto/PublisherSubscriber.xml (RunModel)" time="0.011" />
  <testcase classname="ptolemy.util.test.junit.AutoTests" name="[277] /home/travis/build/icyphy/ptII/ptolemy/actor/lib/test/auto/PublisherSubscriber10.xml (RunModel)" time="0.019" />
  <testcase classname="ptolemy.util.test.junit.AutoTests" name="[278] /home/travis/build/icyphy/ptII/ptolemy/actor/lib/test/auto/PublisherSubscriber10InitialOutputs.xml (RunModel)" time="0.026" />
  <testcase classname="ptolemy.util.test.junit.AutoTests" name="[279] /home/travis/build/icyphy/ptII/ptolemy/actor/lib/test/auto/PublisherSubscriber11.xml (RunModel)" time="0.012" />
  <testcase classname="ptolemy.util.test.junit.AutoTests" name="[280] /home/travis/build/icyphy/ptII/ptolemy/actor/lib/test/auto/PublisherSubscriber12.xml (RunModel)" time="0.02" />
  <testcase classname="ptolemy.util.test.junit.AutoTests" name="[281] /home/travis/build/icyphy/ptII/ptolemy/actor/lib/test/auto/PublisherSubscriber13.xml (RunModel)" time="0.009" />
  <testcase classname="ptolemy.util.test.junit.AutoTests" name="[282] /home/travis/build/icyphy/ptII/ptolemy/actor/lib/test/auto/PublisherSubscriber14.xml (RunModel)" time="0.021" />
  <testcase classname="ptolemy.util.test.junit.AutoTests" name="[283] /home/travis/build/icyphy/ptII/ptolemy/actor/lib/test/auto/PublisherSubscriber2.xml (RunModel)" time="0.01" />
  <testcase classname="ptolemy.util.test.junit.AutoTests" name="[284] /home/travis/build/icyphy/ptII/ptolemy/actor/lib/test/auto/PublisherSubscriber3.xml (RunModel)" time="0.009" />
  <testcase classname="ptolemy.util.test.junit.AutoTests" name="[285] /home/travis/build/icyphy/ptII/ptolemy/actor/lib/test/auto/PublisherSubscriber4.xml (RunModel)" time="0.008" />
  <testcase classname="ptolemy.util.test.junit.AutoTests" name="[286] /home/travis/build/icyphy/ptII/ptolemy/actor/lib/test/auto/PublisherSubscriber5.xml (RunModel)" time="0.011" />
  <testcase classname="ptolemy.util.test.junit.AutoTests" name="[287] /home/travis/build/icyphy/ptII/ptolemy/actor/lib/test/auto/PublisherSubscriber6.xml (RunModel)" time="0.014" />
  <testcase classname="ptolemy.util.test.junit.AutoTests" name="[288] /home/travis/build/icyphy/ptII/ptolemy/actor/lib/test/auto/PublisherSubscriber7.xml (RunModel)" time="0.039" />
  <testcase classname="ptolemy.util.test.junit.AutoTests" name="[289] /home/travis/build/icyphy/ptII/ptolemy/actor/lib/test/auto/PublisherSubscriber8.xml (RunModel)" time="0.031" />
  <testcase classname="ptolemy.util.test.junit.AutoTests" name="[290] /home/travis/build/icyphy/ptII/ptolemy/actor/lib/test/auto/PublisherSubscriber9.xml (RunModel)" time="0.016" />
  <testcase classname="ptolemy.util.test.junit.AutoTests" name="[291] /home/travis/build/icyphy/ptII/ptolemy/actor/lib/test/auto/PublisherSubscriberAdjacent.xml (RunModel)" time="0.014" />
  <testcase classname="ptolemy.util.test.junit.AutoTests" name="[292] /home/travis/build/icyphy/ptII/ptolemy/actor/lib/test/auto/PublisherSubscriberChannelVariablesAOC2.xml (RunModel)" time="0.023" />
  <testcase classname="ptolemy.util.test.junit.AutoTests" name="[293] /home/travis/build/icyphy/ptII/ptolemy/actor/lib/test/auto/PublisherSubscriberD3.xml (RunModel)" time="0.012" />
  <testcase classname="ptolemy.util.test.junit.AutoTests" name="[294] /home/travis/build/icyphy/ptII/ptolemy/actor/lib/test/auto/PublisherSubscriberD3Reverse.xml (RunModel)" time="0.009" />
  <testcase classname="ptolemy.util.test.junit.AutoTests" name="[295] /home/travis/build/icyphy/ptII/ptolemy/actor/lib/test/auto/PublisherSubscriberExpression.xml (RunModel)" time="0.017" />
  <testcase classname="ptolemy.util.test.junit.AutoTests" name="[296] /home/travis/build/icyphy/ptII/ptolemy/actor/lib/test/auto/PublisherSubscriberOpaque.xml (RunModel)" time="0.015" />
  <testcase classname="ptolemy.util.test.junit.AutoTests" name="[297] /home/travis/build/icyphy/ptII/ptolemy/actor/lib/test/auto/PublisherSubscriberOpaqueD3.xml (RunModel)" time="0.02" />
  <testcase classname="ptolemy.util.test.junit.AutoTests" name="[298] /home/travis/build/icyphy/ptII/ptolemy/actor/lib/test/auto/PublisherSubscriberOpaqueD3Reverse.xml (RunModel)" time="0.019" />
  <testcase classname="ptolemy.util.test.junit.AutoTests" name="[299] /home/travis/build/icyphy/ptII/ptolemy/actor/lib/test/auto/PublisherSubscriberOpaqueWidthInference.xml (RunModel)" time="0.015" />
  <testcase classname="ptolemy.util.test.junit.AutoTests" name="[300] /home/travis/build/icyphy/ptII/ptolemy/actor/lib/test/auto/PublisherTestSubscriber.xml (RunModel)" time="0.016" />
  <testcase classname="ptolemy.util.test.junit.AutoTests" name="[301] /home/travis/build/icyphy/ptII/ptolemy/actor/lib/test/auto/PublisherToplevelSubscriberPortAOC.xml (RunModel)" time="0.01" />
  <testcase classname="ptolemy.util.test.junit.AutoTests" name="[302] /home/travis/build/icyphy/ptII/ptolemy/actor/lib/test/auto/PulseFiringLimitDE.xml (RunModel)" time="0.017" />
  <testcase classname="ptolemy.util.test.junit.AutoTests" name="[303] /home/travis/build/icyphy/ptII/ptolemy/actor/lib/test/auto/Ramp1.xml (RunModel)" time="0.008" />
  <testcase classname="ptolemy.util.test.junit.AutoTests" name="[304] /home/travis/build/icyphy/ptII/ptolemy/actor/lib/test/auto/RampFiringLimitDE.xml (RunModel)" time="0.01" />
  <testcase classname="ptolemy.util.test.junit.AutoTests" name="[305] /home/travis/build/icyphy/ptII/ptolemy/actor/lib/test/auto/RampFiringLimitSDF.xml (RunModel)" time="0.009" />
  <testcase classname="ptolemy.util.test.junit.AutoTests" name="[306] /home/travis/build/icyphy/ptII/ptolemy/actor/lib/test/auto/RandomInteger.xml (RunModel)" time="0.007" />
  <testcase classname="ptolemy.util.test.junit.AutoTests" name="[307] /home/travis/build/icyphy/ptII/ptolemy/actor/lib/test/auto/ReadFile1.xml (RunModel)" time="0.007" />
  <testcase classname="ptolemy.util.test.junit.AutoTests" name="[308] /home/travis/build/icyphy/ptII/ptolemy/actor/lib/test/auto/ReadFile2.xml (RunModel)" time="0.007" />
  <testcase classname="ptolemy.util.test.junit.AutoTests" name="[309] /home/travis/build/icyphy/ptII/ptolemy/actor/lib/test/auto/Reader.xml (RunModel)" time="0.01" />
  <testcase classname="ptolemy.util.test.junit.AutoTests" name="[310] /home/travis/build/icyphy/ptII/ptolemy/actor/lib/test/auto/RecordAssemblerDisplayNameTest.xml (RunModel)" time="3.142" />
  <testcase classname="ptolemy.util.test.junit.AutoTests" name="[311] /home/travis/build/icyphy/ptII/ptolemy/actor/lib/test/auto/RecordAssemblerTypeError.xml (RunModel)" time="0.028" />
  <testcase classname="ptolemy.util.test.junit.AutoTests" name="[312] /home/travis/build/icyphy/ptII/ptolemy/actor/lib/test/auto/RecordDisassember.xml (RunModel)" time="0.008" />
  <testcase classname="ptolemy.util.test.junit.AutoTests" name="[313] /home/travis/build/icyphy/ptII/ptolemy/actor/lib/test/auto/RecordDisassemberDisplayNameTest.xml (RunModel)" time="0.026" />
  <testcase classname="ptolemy.util.test.junit.AutoTests" name="[314] /home/travis/build/icyphy/ptII/ptolemy/actor/lib/test/auto/RecordDisassembler.xml (RunModel)" time="0.008" />
  <testcase classname="ptolemy.util.test.junit.AutoTests" name="[315] /home/travis/build/icyphy/ptII/ptolemy/actor/lib/test/auto/RecordDisassembler2.xml (RunModel)" time="0.009" />
  <testcase classname="ptolemy.util.test.junit.AutoTests" name="[316] /home/travis/build/icyphy/ptII/ptolemy/actor/lib/test/auto/RecordUpdater.xml (RunModel)" time="0.008" />
  <testcase classname="ptolemy.util.test.junit.AutoTests" name="[317] /home/travis/build/icyphy/ptII/ptolemy/actor/lib/test/auto/RecordUpdater2.xml (RunModel)" time="0.008" />
  <testcase classname="ptolemy.util.test.junit.AutoTests" name="[318] /home/travis/build/icyphy/ptII/ptolemy/actor/lib/test/auto/RecursiveLattice.xml (RunModel)" time="0.007" />
  <testcase classname="ptolemy.util.test.junit.AutoTests" name="[319] /home/travis/build/icyphy/ptII/ptolemy/actor/lib/test/auto/Router.xml (RunModel)" time="3.022" />
  <testcase classname="ptolemy.util.test.junit.AutoTests" name="[320] /home/travis/build/icyphy/ptII/ptolemy/actor/lib/test/auto/Router2.xml (RunModel)" time="3.023" />
  <testcase classname="ptolemy.util.test.junit.AutoTests" name="[321] /home/travis/build/icyphy/ptII/ptolemy/actor/lib/test/auto/RunningMaximum.xml (RunModel)" time="0.024" />
  <testcase classname="ptolemy.util.test.junit.AutoTests" name="[322] /home/travis/build/icyphy/ptII/ptolemy/actor/lib/test/auto/RunningMinimum.xml (RunModel)" time="0.015" />
  <testcase classname="ptolemy.util.test.junit.AutoTests" name="[323] /home/travis/build/icyphy/ptII/ptolemy/actor/lib/test/auto/Scale.xml (RunModel)" time="0.006" />
  <testcase classname="ptolemy.util.test.junit.AutoTests" name="[324] /home/travis/build/icyphy/ptII/ptolemy/actor/lib/test/auto/Scale2.xml (RunModel)" time="0.008" />
  <testcase classname="ptolemy.util.test.junit.AutoTests" name="[325] /home/travis/build/icyphy/ptII/ptolemy/actor/lib/test/auto/Scale3.xml (RunModel)" time="0.025" />
  <testcase classname="ptolemy.util.test.junit.AutoTests" name="[326] /home/travis/build/icyphy/ptII/ptolemy/actor/lib/test/auto/ScaleArray.xml (RunModel)" time="0.008" />
  <testcase classname="ptolemy.util.test.junit.AutoTests" name="[327] /home/travis/build/icyphy/ptII/ptolemy/actor/lib/test/auto/ScaleArray2.xml (RunModel)" time="0.009" />
  <testcase classname="ptolemy.util.test.junit.AutoTests" name="[328] /home/travis/build/icyphy/ptII/ptolemy/actor/lib/test/auto/ScaleMatrix.xml (RunModel)" time="0.209" />
  <testcase classname="ptolemy.util.test.junit.AutoTests" name="[329] /home/travis/build/icyphy/ptII/ptolemy/actor/lib/test/auto/Select.xml (RunModel)" time="0.013" />
  <testcase classname="ptolemy.util.test.junit.AutoTests" name="[330] /home/travis/build/icyphy/ptII/ptolemy/actor/lib/test/auto/Select2.xml (RunModel)" time="0.007" />
  <testcase classname="ptolemy.util.test.junit.AutoTests" name="[331] /home/travis/build/icyphy/ptII/ptolemy/actor/lib/test/auto/SequenceToArray2.xml (RunModel)" time="0.134" />
  <testcase classname="ptolemy.util.test.junit.AutoTests" name="[332] /home/travis/build/icyphy/ptII/ptolemy/actor/lib/test/auto/SequentialClock.xml (RunModel)" time="0.012" />
  <testcase classname="ptolemy.util.test.junit.AutoTests" name="[333] /home/travis/build/icyphy/ptII/ptolemy/actor/lib/test/auto/SetVariable.xml (RunModel)" time="0.008" />
  <testcase classname="ptolemy.util.test.junit.AutoTests" name="[334] /home/travis/build/icyphy/ptII/ptolemy/actor/lib/test/auto/SetVariable2.xml (RunModel)" time="0.009" />
  <testcase classname="ptolemy.util.test.junit.AutoTests" name="[335] /home/travis/build/icyphy/ptII/ptolemy/actor/lib/test/auto/SetVariable3.xml (RunModel)" time="0.015" />
  <testcase classname="ptolemy.util.test.junit.AutoTests" name="[336] /home/travis/build/icyphy/ptII/ptolemy/actor/lib/test/auto/SetVariable4.xml (RunModel)" time="0.022" />
  <testcase classname="ptolemy.util.test.junit.AutoTests" name="[337] /home/travis/build/icyphy/ptII/ptolemy/actor/lib/test/auto/SetVariable5.xml (RunModel)" time="0.035" />
  <testcase classname="ptolemy.util.test.junit.AutoTests" name="[338] /home/travis/build/icyphy/ptII/ptolemy/actor/lib/test/auto/Sinewave.xml (RunModel)" time="0.037" />
  <testcase classname="ptolemy.util.test.junit.AutoTests" name="[339] /home/travis/build/icyphy/ptII/ptolemy/actor/lib/test/auto/Sinewave2.xml (RunModel)" time="0.014" />
  <testcase classname="ptolemy.util.test.junit.AutoTests" name="[340] /home/travis/build/icyphy/ptII/ptolemy/actor/lib/test/auto/Sinewave3.xml (RunModel)" time="0.047" />
  <testcase classname="ptolemy.util.test.junit.AutoTests" name="[341] /home/travis/build/icyphy/ptII/ptolemy/actor/lib/test/auto/SingleEvent.xml (RunModel)" time="0.006" />
  <testcase classname="ptolemy.util.test.junit.AutoTests" name="[342] /home/travis/build/icyphy/ptII/ptolemy/actor/lib/test/auto/Sleep.xml (RunModel)" time="6.012" />
  <testcase classname="ptolemy.util.test.junit.AutoTests" name="[343] /home/travis/build/icyphy/ptII/ptolemy/actor/lib/test/auto/SleepMultipleFire.xml (RunModel)" time="1.015" />
  <testcase classname="ptolemy.util.test.junit.AutoTests" name="[344] /home/travis/build/icyphy/ptII/ptolemy/actor/lib/test/auto/StopDE.xml (RunModel)" time="0.014" />
  <testcase classname="ptolemy.util.test.junit.AutoTests" name="[345] /home/travis/build/icyphy/ptII/ptolemy/actor/lib/test/auto/StopSDF.xml (RunModel)" time="0.01" />
  <testcase classname="ptolemy.util.test.junit.AutoTests" name="[346] /home/travis/build/icyphy/ptII/ptolemy/actor/lib/test/auto/StringConstant.xml (RunModel)" time="0.016" />
  <testcase classname="ptolemy.util.test.junit.AutoTests" name="[347] /home/travis/build/icyphy/ptII/ptolemy/actor/lib/test/auto/SubscriberPortInitialValues1.xml (RunModel)" time="0.024" />
  <testcase classname="ptolemy.util.test.junit.AutoTests" name="[348] /home/travis/build/icyphy/ptII/ptolemy/actor/lib/test/auto/SubscriberPortInitialValues13.xml (RunModel)" time="0.022" />
  <testcase classname="ptolemy.util.test.junit.AutoTests" name="[349] /home/travis/build/icyphy/ptII/ptolemy/actor/lib/test/auto/SubscriberPortInitialValues14.xml (RunModel)" time="0.012" />
  <testcase classname="ptolemy.util.test.junit.AutoTests" name="[350] /home/travis/build/icyphy/ptII/ptolemy/actor/lib/test/auto/SubscriberPortInitialValues2.xml (RunModel)" time="0.012" />
  <testcase classname="ptolemy.util.test.junit.AutoTests" name="[351] /home/travis/build/icyphy/ptII/ptolemy/actor/lib/test/auto/SubscriberPortInitialValues3.xml (RunModel)" time="0.016" />
  <testcase classname="ptolemy.util.test.junit.AutoTests" name="[352] /home/travis/build/icyphy/ptII/ptolemy/actor/lib/test/auto/SubscriptionAggregator.xml (RunModel)" time="0.009" />
  <testcase classname="ptolemy.util.test.junit.AutoTests" name="[353] /home/travis/build/icyphy/ptII/ptolemy/actor/lib/test/auto/SubscriptionAggregator2.xml (RunModel)" time="0.01" />
  <testcase classname="ptolemy.util.test.junit.AutoTests" name="[354] /home/travis/build/icyphy/ptII/ptolemy/actor/lib/test/auto/SubscriptionAggregator3.xml (RunModel)" time="0.014" />
  <testcase classname="ptolemy.util.test.junit.AutoTests" name="[355] /home/travis/build/icyphy/ptII/ptolemy/actor/lib/test/auto/SubscriptionAggregatorMultiply.xml (RunModel)" time="0.012" />
  <testcase classname="ptolemy.util.test.junit.AutoTests" name="[356] /home/travis/build/icyphy/ptII/ptolemy/actor/lib/test/auto/SubscriptionAggregatorPortMultiply1.xml (RunModel)" time="0.01" />
  <testcase classname="ptolemy.util.test.junit.AutoTests" name="[357] /home/travis/build/icyphy/ptII/ptolemy/actor/lib/test/auto/Switch.xml (RunModel)" time="0.016" />
  <testcase classname="ptolemy.util.test.junit.AutoTests" name="[358] /home/travis/build/icyphy/ptII/ptolemy/actor/lib/test/auto/Switch2.xml (RunModel)" time="0.008" />
  <testcase classname="ptolemy.util.test.junit.AutoTests" name="[359] /home/travis/build/icyphy/ptII/ptolemy/actor/lib/test/auto/SwitchDE.xml (RunModel)" time="0.011" />
  <testcase classname="ptolemy.util.test.junit.AutoTests" name="[360] /home/travis/build/icyphy/ptII/ptolemy/actor/lib/test/auto/SynchronizerDE.xml (RunModel)" time="0.018" />
  <testcase classname="ptolemy.util.test.junit.AutoTests" name="[361] /home/travis/build/icyphy/ptII/ptolemy/actor/lib/test/auto/Test.xml (RunModel)" time="0.014" />
  <testcase classname="ptolemy.util.test.junit.AutoTests" name="[362] /home/travis/build/icyphy/ptII/ptolemy/actor/lib/test/auto/TestExceptionAttribute1.xml (RunModel)" time="0.006" />
  <testcase classname="ptolemy.util.test.junit.AutoTests" name="[363] /home/travis/build/icyphy/ptII/ptolemy/actor/lib/test/auto/TestExceptionAttribute2.xml (RunModel)" time="0.006" />
  <testcase classname="ptolemy.util.test.junit.AutoTests" name="[364] /home/travis/build/icyphy/ptII/ptolemy/actor/lib/test/auto/TestExceptionAttribute3.xml (RunModel)" time="0.009" />
  <testcase classname="ptolemy.util.test.junit.AutoTests" name="[365] /home/travis/build/icyphy/ptII/ptolemy/actor/lib/test/auto/TestExceptionAttribute4.xml (RunModel)" time="0.006" />
  <testcase classname="ptolemy.util.test.junit.AutoTests" name="[366] /home/travis/build/icyphy/ptII/ptolemy/actor/lib/test/auto/TestExceptionHandler1.xml (RunModel)" time="0.008" />
  <testcase classname="ptolemy.util.test.junit.AutoTests" name="[367] /home/travis/build/icyphy/ptII/ptolemy/actor/lib/test/auto/TestExceptionHandler2.xml (RunModel)" time="0.01" />
  <testcase classname="ptolemy.util.test.junit.AutoTests" name="[368] /home/travis/build/icyphy/ptII/ptolemy/actor/lib/test/auto/TestExceptionHandler3.xml (RunModel)" time="0.004" />
  <testcase classname="ptolemy.util.test.junit.AutoTests" name="[369] /home/travis/build/icyphy/ptII/ptolemy/actor/lib/test/auto/TestExceptionHandler4.xml (RunModel)" time="0.005" />
  <testcase classname="ptolemy.util.test.junit.AutoTests" name="[370] /home/travis/build/icyphy/ptII/ptolemy/actor/lib/test/auto/TestRequireCorrectOrder.xml (RunModel)" time="0.008" />
  <testcase classname="ptolemy.util.test.junit.AutoTests" name="[371] /home/travis/build/icyphy/ptII/ptolemy/actor/lib/test/auto/TestSimple.xml (RunModel)" time="0.005" />
  <testcase classname="ptolemy.util.test.junit.AutoTests" name="[372] /home/travis/build/icyphy/ptII/ptolemy/actor/lib/test/auto/ThrowModelError.xml (RunModel)" time="0.009" />
  <testcase classname="ptolemy.util.test.junit.AutoTests" name="[373] /home/travis/build/icyphy/ptII/ptolemy/actor/lib/test/auto/TimeDelayMicrosteps.xml (RunModel)" time="0.01" />
  <testcase classname="ptolemy.util.test.junit.AutoTests" name="[374] /home/travis/build/icyphy/ptII/ptolemy/actor/lib/test/auto/TimeDelayMicrosteps2.xml (RunModel)" time="0.011" />
  <testcase classname="ptolemy.util.test.junit.AutoTests" name="[375] /home/travis/build/icyphy/ptII/ptolemy/actor/lib/test/auto/TimeDelayMicrosteps3.xml (RunModel)" time="0.01" />
  <testcase classname="ptolemy.util.test.junit.AutoTests" name="[376] /home/travis/build/icyphy/ptII/ptolemy/actor/lib/test/auto/TimeDelayVariableMicrosteps.xml (RunModel)" time="0.009" />
  <testcase classname="ptolemy.util.test.junit.AutoTests" name="[377] /home/travis/build/icyphy/ptII/ptolemy/actor/lib/test/auto/TimeGap.xml (RunModel)" time="0.014" />
  <testcase classname="ptolemy.util.test.junit.AutoTests" name="[378] /home/travis/build/icyphy/ptII/ptolemy/actor/lib/test/auto/TimeGap2.xml (RunModel)" time="0.009" />
  <testcase classname="ptolemy.util.test.junit.AutoTests" name="[379] /home/travis/build/icyphy/ptII/ptolemy/actor/lib/test/auto/TimedSinewave.xml (RunModel)" time="0.052" />
  <testcase classname="ptolemy.util.test.junit.AutoTests" name="[380] /home/travis/build/icyphy/ptII/ptolemy/actor/lib/test/auto/TimedSinewavePhase.xml (RunModel)" time="0.033" />
  <testcase classname="ptolemy.util.test.junit.AutoTests" name="[381] /home/travis/build/icyphy/ptII/ptolemy/actor/lib/test/auto/Timer.xml (RunModel)" time="0.018" />
  <testcase classname="ptolemy.util.test.junit.AutoTests" name="[382] /home/travis/build/icyphy/ptII/ptolemy/actor/lib/test/auto/TriangularDistTestModel.xml (RunModel)" time="0.014" />
  <testcase classname="ptolemy.util.test.junit.AutoTests" name="[383] /home/travis/build/icyphy/ptII/ptolemy/actor/lib/test/auto/TrigFunction.xml (RunModel)" time="0.006" />
  <testcase classname="ptolemy.util.test.junit.AutoTests" name="[384] /home/travis/build/icyphy/ptII/ptolemy/actor/lib/test/auto/TrigFunctionDE.xml (RunModel)" time="0.009" />
  <testcase classname="ptolemy.util.test.junit.AutoTests" name="[385] /home/travis/build/icyphy/ptII/ptolemy/actor/lib/test/auto/TrigFunctionInverse.xml (RunModel)" time="0.007" />
  <testcase classname="ptolemy.util.test.junit.AutoTests" name="[386] /home/travis/build/icyphy/ptII/ptolemy/actor/lib/test/auto/TrigFunctionTan.xml (RunModel)" time="0.005" />
  <testcase classname="ptolemy.util.test.junit.AutoTests" name="[387] /home/travis/build/icyphy/ptII/ptolemy/actor/lib/test/auto/TriggeredClock.xml (RunModel)" time="0.007" />
  <testcase classname="ptolemy.util.test.junit.AutoTests" name="[388] /home/travis/build/icyphy/ptII/ptolemy/actor/lib/test/auto/URLDirectoryReader.xml (RunModel)" time="0.109" />
  <testcase classname="ptolemy.util.test.junit.AutoTests" name="[389] /home/travis/build/icyphy/ptII/ptolemy/actor/lib/test/auto/URLDirectoryReader3.xml (RunModel)" time="1.908" />
  <testcase classname="ptolemy.util.test.junit.AutoTests" name="[390] /home/travis/build/icyphy/ptII/ptolemy/actor/lib/test/auto/UnaryMathFunction.xml (RunModel)" time="0.045" />
  <testcase classname="ptolemy.util.test.junit.AutoTests" name="[391] /home/travis/build/icyphy/ptII/ptolemy/actor/lib/test/auto/Uniform.xml (RunModel)" time="0.01" />
  <testcase classname="ptolemy.util.test.junit.AutoTests" name="[392] /home/travis/build/icyphy/ptII/ptolemy/actor/lib/test/auto/UnionDisassemblerTest.xml (RunModel)" time="0.017" />
  <testcase classname="ptolemy.util.test.junit.AutoTests" name="[393] /home/travis/build/icyphy/ptII/ptolemy/actor/lib/test/auto/UtilityFunctions.xml (RunModel)" time="0.014" />
  <testcase classname="ptolemy.util.test.junit.AutoTests" name="[394] /home/travis/build/icyphy/ptII/ptolemy/actor/lib/test/auto/VariableSleep.xml (RunModel)" time="0.511" />
  <testcase classname="ptolemy.util.test.junit.AutoTests" name="[395] /home/travis/build/icyphy/ptII/ptolemy/actor/lib/test/auto/VectorAssemblerDisassemblerCT.xml (RunModel)" time="0.088" />
  <testcase classname="ptolemy.util.test.junit.AutoTests" name="[396] /home/travis/build/icyphy/ptII/ptolemy/actor/lib/test/auto/VectorAssemblerDisassemblerDE.xml (RunModel)" time="0.013" />
  <testcase classname="ptolemy.util.test.junit.AutoTests" name="[397] /home/travis/build/icyphy/ptII/ptolemy/actor/lib/test/auto/VectorAssemblerDisassemblerSDF.xml (RunModel)" time="0.011" />
  <testcase classname="ptolemy.util.test.junit.AutoTests" name="[398] /home/travis/build/icyphy/ptII/ptolemy/actor/lib/test/auto/WallClockTime.xml (RunModel)" time="1.011" />
  <testcase classname="ptolemy.util.test.junit.AutoTests" name="[399] /home/travis/build/icyphy/ptII/ptolemy/actor/lib/test/auto/WidthTestWithSubscriberPublisher.xml (RunModel)" time="0.037" />
  <testcase classname="ptolemy.util.test.junit.AutoTests" name="[400] /home/travis/build/icyphy/ptII/ptolemy/actor/lib/test/auto/WidthTestWithSubscriberPublisher2.xml (RunModel)" time="0.016" />
  <testcase classname="ptolemy.util.test.junit.AutoTests" name="[401] /home/travis/build/icyphy/ptII/ptolemy/actor/lib/test/auto/WidthTestWithSubscriberPublisher3.xml (RunModel)" time="0.009" />
  <testcase classname="ptolemy.util.test.junit.AutoTests" name="[402] /home/travis/build/icyphy/ptII/ptolemy/actor/lib/test/auto/Writer.xml (RunModel)" time="0.006" />
  <testcase classname="ptolemy.util.test.junit.AutoTests" name="[403] /home/travis/build/icyphy/ptII/ptolemy/actor/lib/test/auto/array.xml (RunModel)" time="0.007" />
  <testcase classname="ptolemy.util.test.junit.AutoTests" name="[404] /home/travis/build/icyphy/ptII/ptolemy/actor/lib/test/auto/array2.xml (RunModel)" time="0.013" />
  <testcase classname="ptolemy.util.test.junit.AutoTests" name="[405] /home/travis/build/icyphy/ptII/ptolemy/actor/lib/test/auto/arrayType.xml (RunModel)" time="0.012" />
  <testcase classname="ptolemy.util.test.junit.AutoTests" name="[406] /home/travis/build/icyphy/ptII/ptolemy/actor/lib/test/auto/arrayType10.xml (RunModel)" time="0.007" />
  <testcase classname="ptolemy.util.test.junit.AutoTests" name="[407] /home/travis/build/icyphy/ptII/ptolemy/actor/lib/test/auto/arrayType11.xml (RunModel)" time="0.006" />
  <testcase classname="ptolemy.util.test.junit.AutoTests" name="[408] /home/travis/build/icyphy/ptII/ptolemy/actor/lib/test/auto/arrayType12.xml (RunModel)" time="0.007" />
  <testcase classname="ptolemy.util.test.junit.AutoTests" name="[409] /home/travis/build/icyphy/ptII/ptolemy/actor/lib/test/auto/arrayType13.xml (RunModel)" time="0.007" />
  <testcase classname="ptolemy.util.test.junit.AutoTests" name="[410] /home/travis/build/icyphy/ptII/ptolemy/actor/lib/test/auto/arrayType14.xml (RunModel)" time="0.007" />
  <testcase classname="ptolemy.util.test.junit.AutoTests" name="[411] /home/travis/build/icyphy/ptII/ptolemy/actor/lib/test/auto/arrayType15.xml (RunModel)" time="0.008" />
  <testcase classname="ptolemy.util.test.junit.AutoTests" name="[412] /home/travis/build/icyphy/ptII/ptolemy/actor/lib/test/auto/arrayType16.xml (RunModel)" time="0.008" />
  <testcase classname="ptolemy.util.test.junit.AutoTests" name="[413] /home/travis/build/icyphy/ptII/ptolemy/actor/lib/test/auto/arrayType17.xml (RunModel)" time="0.007" />
  <testcase classname="ptolemy.util.test.junit.AutoTests" name="[414] /home/travis/build/icyphy/ptII/ptolemy/actor/lib/test/auto/arrayType18.xml (RunModel)" time="0.006" />
  <testcase classname="ptolemy.util.test.junit.AutoTests" name="[415] /home/travis/build/icyphy/ptII/ptolemy/actor/lib/test/auto/arrayType19.xml (RunModel)" time="0.006" />
  <testcase classname="ptolemy.util.test.junit.AutoTests" name="[416] /home/travis/build/icyphy/ptII/ptolemy/actor/lib/test/auto/arrayType2.xml (RunModel)" time="0.007" />
  <testcase classname="ptolemy.util.test.junit.AutoTests" name="[417] /home/travis/build/icyphy/ptII/ptolemy/actor/lib/test/auto/arrayType20.xml (RunModel)" time="0.006" />
  <testcase classname="ptolemy.util.test.junit.AutoTests" name="[418] /home/travis/build/icyphy/ptII/ptolemy/actor/lib/test/auto/arrayType21.xml (RunModel)" time="0.007" />
  <testcase classname="ptolemy.util.test.junit.AutoTests" name="[419] /home/travis/build/icyphy/ptII/ptolemy/actor/lib/test/auto/arrayType22.xml (RunModel)" time="0.006" />
  <testcase classname="ptolemy.util.test.junit.AutoTests" name="[420] /home/travis/build/icyphy/ptII/ptolemy/actor/lib/test/auto/arrayType23.xml (RunModel)" time="0.006" />
  <testcase classname="ptolemy.util.test.junit.AutoTests" name="[421] /home/travis/build/icyphy/ptII/ptolemy/actor/lib/test/auto/arrayType24.xml (RunModel)" time="0.011" />
  <testcase classname="ptolemy.util.test.junit.AutoTests" name="[422] /home/travis/build/icyphy/ptII/ptolemy/actor/lib/test/auto/arrayType25.xml (RunModel)" time="0.007" />
  <testcase classname="ptolemy.util.test.junit.AutoTests" name="[423] /home/travis/build/icyphy/ptII/ptolemy/actor/lib/test/auto/arrayType26.xml (RunModel)" time="0.007" />
  <testcase classname="ptolemy.util.test.junit.AutoTests" name="[424] /home/travis/build/icyphy/ptII/ptolemy/actor/lib/test/auto/arrayType27.xml (RunModel)" time="0.007" />
  <testcase classname="ptolemy.util.test.junit.AutoTests" name="[425] /home/travis/build/icyphy/ptII/ptolemy/actor/lib/test/auto/arrayType28.xml (RunModel)" time="0.008" />
  <testcase classname="ptolemy.util.test.junit.AutoTests" name="[426] /home/travis/build/icyphy/ptII/ptolemy/actor/lib/test/auto/arrayType3.xml (RunModel)" time="0.026" />
  <testcase classname="ptolemy.util.test.junit.AutoTests" name="[427] /home/travis/build/icyphy/ptII/ptolemy/actor/lib/test/auto/arrayType4.xml (RunModel)" time="0.008" />
  <testcase classname="ptolemy.util.test.junit.AutoTests" name="[428] /home/travis/build/icyphy/ptII/ptolemy/actor/lib/test/auto/arrayType5.xml (RunModel)" time="0.01" />
  <testcase classname="ptolemy.util.test.junit.AutoTests" name="[429] /home/travis/build/icyphy/ptII/ptolemy/actor/lib/test/auto/arrayType6.xml (RunModel)" time="0.007" />
  <testcase classname="ptolemy.util.test.junit.AutoTests" name="[430] /home/travis/build/icyphy/ptII/ptolemy/actor/lib/test/auto/arrayType7.xml (RunModel)" time="0.025" />
  <testcase classname="ptolemy.util.test.junit.AutoTests" name="[431] /home/travis/build/icyphy/ptII/ptolemy/actor/lib/test/auto/arrayType8.xml (RunModel)" time="0.008" />
  <testcase classname="ptolemy.util.test.junit.AutoTests" name="[432] /home/travis/build/icyphy/ptII/ptolemy/actor/lib/test/auto/arrayType9.xml (RunModel)" time="0.008" />
  <testcase classname="ptolemy.util.test.junit.AutoTests" name="[433] /home/travis/build/icyphy/ptII/ptolemy/actor/lib/test/auto/cast.xml (RunModel)" time="0.007" />
  <testcase classname="ptolemy.util.test.junit.AutoTests" name="[434] /home/travis/build/icyphy/ptII/ptolemy/actor/lib/test/auto/compositeMultiPort.xml (RunModel)" time="0.014" />
  <testcase classname="ptolemy.util.test.junit.AutoTests" name="[435] /home/travis/build/icyphy/ptII/ptolemy/actor/lib/test/auto/expressionCastInference.xml (RunModel)" time="0.006" />
  <testcase classname="ptolemy.util.test.junit.AutoTests" name="[436] /home/travis/build/icyphy/ptII/ptolemy/actor/lib/test/auto/expressionCastInference2.xml (RunModel)" time="0.007" />
  <testcase classname="ptolemy.util.test.junit.AutoTests" name="[437] /home/travis/build/icyphy/ptII/ptolemy/actor/lib/test/auto/expressionInference.xml (RunModel)" time="0.007" />
  <testcase classname="ptolemy.util.test.junit.AutoTests" name="[438] /home/travis/build/icyphy/ptII/ptolemy/actor/lib/test/auto/expression_bug.xml (RunModel)" time="0.006" />
  <testcase classname="ptolemy.util.test.junit.AutoTests" name="[439] /home/travis/build/icyphy/ptII/ptolemy/actor/lib/test/auto/factorial.xml (RunModel)" time="0.042" />
  <testcase classname="ptolemy.util.test.junit.AutoTests" name="[440] /home/travis/build/icyphy/ptII/ptolemy/actor/lib/test/auto/filterTest1.xml (RunModel)" time="0.011" />
  <testcase classname="ptolemy.util.test.junit.AutoTests" name="[441] /home/travis/build/icyphy/ptII/ptolemy/actor/lib/test/auto/funcApplyInConst.xml (RunModel)" time="0.006" />
  <testcase classname="ptolemy.util.test.junit.AutoTests" name="[442] /home/travis/build/icyphy/ptII/ptolemy/actor/lib/test/auto/funcApplyInExpr.xml (RunModel)" time="0.007" />
  <testcase classname="ptolemy.util.test.junit.AutoTests" name="[443] /home/travis/build/icyphy/ptII/ptolemy/actor/lib/test/auto/function.xml (RunModel)" time="0.009" />
  <testcase classname="ptolemy.util.test.junit.AutoTests" name="[444] /home/travis/build/icyphy/ptII/ptolemy/actor/lib/test/auto/function2.xml (RunModel)" time="0.008" />
  <testcase classname="ptolemy.util.test.junit.AutoTests" name="[445] /home/travis/build/icyphy/ptII/ptolemy/actor/lib/test/auto/function3.xml (RunModel)" time="0.006" />
  <testcase classname="ptolemy.util.test.junit.AutoTests" name="[446] /home/travis/build/icyphy/ptII/ptolemy/actor/lib/test/auto/functionClosureTest1.xml (RunModel)" time="0.009" />
  <testcase classname="ptolemy.util.test.junit.AutoTests" name="[447] /home/travis/build/icyphy/ptII/ptolemy/actor/lib/test/auto/functionClosureTest2.xml (RunModel)" time="0.005" />
  <testcase classname="ptolemy.util.test.junit.AutoTests" name="[448] /home/travis/build/icyphy/ptII/ptolemy/actor/lib/test/auto/functionClosureTest3.xml (RunModel)" time="0.009" />
  <testcase classname="ptolemy.util.test.junit.AutoTests" name="[449] /home/travis/build/icyphy/ptII/ptolemy/actor/lib/test/auto/functionClosureTest4.xml (RunModel)" time="0.013" />
  <testcase classname="ptolemy.util.test.junit.AutoTests" name="[450] /home/travis/build/icyphy/ptII/ptolemy/actor/lib/test/auto/functionClosureTest5.xml (RunModel)" time="0.01" />
  <testcase classname="ptolemy.util.test.junit.AutoTests" name="[451] /home/travis/build/icyphy/ptII/ptolemy/actor/lib/test/auto/functionClosureTest6.xml (RunModel)" time="0.007" />
  <testcase classname="ptolemy.util.test.junit.AutoTests" name="[452] /home/travis/build/icyphy/ptII/ptolemy/actor/lib/test/auto/functionsOnArcs.xml (RunModel)" time="0.009" />
  <testcase classname="ptolemy.util.test.junit.AutoTests" name="[453] /home/travis/build/icyphy/ptII/ptolemy/actor/lib/test/auto/functionsOnArcsHOF.xml (RunModel)" time="0.011" />
  <testcase classname="ptolemy.util.test.junit.AutoTests" name="[454] /home/travis/build/icyphy/ptII/ptolemy/actor/lib/test/auto/logic.xml (RunModel)" time="0.016" />
  <testcase classname="ptolemy.util.test.junit.AutoTests" name="[455] /home/travis/build/icyphy/ptII/ptolemy/actor/lib/test/auto/matrixType.xml (RunModel)" time="0.008" />
  <testcase classname="ptolemy.util.test.junit.AutoTests" name="[456] /home/travis/build/icyphy/ptII/ptolemy/actor/lib/test/auto/matrixType10.xml (RunModel)" time="0.007" />
  <testcase classname="ptolemy.util.test.junit.AutoTests" name="[457] /home/travis/build/icyphy/ptII/ptolemy/actor/lib/test/auto/matrixType11.xml (RunModel)" time="0.006" />
  <testcase classname="ptolemy.util.test.junit.AutoTests" name="[458] /home/travis/build/icyphy/ptII/ptolemy/actor/lib/test/auto/matrixType12.xml (RunModel)" time="0.008" />
  <testcase classname="ptolemy.util.test.junit.AutoTests" name="[459] /home/travis/build/icyphy/ptII/ptolemy/actor/lib/test/auto/matrixType13.xml (RunModel)" time="0.006" />
  <testcase classname="ptolemy.util.test.junit.AutoTests" name="[460] /home/travis/build/icyphy/ptII/ptolemy/actor/lib/test/auto/matrixType14.xml (RunModel)" time="0.008" />
  <testcase classname="ptolemy.util.test.junit.AutoTests" name="[461] /home/travis/build/icyphy/ptII/ptolemy/actor/lib/test/auto/matrixType2.xml (RunModel)" time="0.007" />
  <testcase classname="ptolemy.util.test.junit.AutoTests" name="[462] /home/travis/build/icyphy/ptII/ptolemy/actor/lib/test/auto/matrixType3.xml (RunModel)" time="0.008" />
  <testcase classname="ptolemy.util.test.junit.AutoTests" name="[463] /home/travis/build/icyphy/ptII/ptolemy/actor/lib/test/auto/matrixType4.xml (RunModel)" time="0.007" />
  <testcase classname="ptolemy.util.test.junit.AutoTests" name="[464] /home/travis/build/icyphy/ptII/ptolemy/actor/lib/test/auto/matrixType5.xml (RunModel)" time="0.006" />
  <testcase classname="ptolemy.util.test.junit.AutoTests" name="[465] /home/travis/build/icyphy/ptII/ptolemy/actor/lib/test/auto/matrixType6.xml (RunModel)" time="0.007" />
  <testcase classname="ptolemy.util.test.junit.AutoTests" name="[466] /home/travis/build/icyphy/ptII/ptolemy/actor/lib/test/auto/matrixType7.xml (RunModel)" time="0.007" />
  <testcase classname="ptolemy.util.test.junit.AutoTests" name="[467] /home/travis/build/icyphy/ptII/ptolemy/actor/lib/test/auto/matrixType8.xml (RunModel)" time="0.007" />
  <testcase classname="ptolemy.util.test.junit.AutoTests" name="[468] /home/travis/build/icyphy/ptII/ptolemy/actor/lib/test/auto/matrixType9.xml (RunModel)" time="0.008" />
  <testcase classname="ptolemy.util.test.junit.AutoTests" name="[469] /home/travis/build/icyphy/ptII/ptolemy/actor/lib/test/auto/paraFunctest.xml (RunModel)" time="0.007" />
  <testcase classname="ptolemy.util.test.junit.AutoTests" name="[470] /home/travis/build/icyphy/ptII/ptolemy/actor/lib/test/auto/paraFunctest2.xml (RunModel)" time="0.01" />
  <testcase classname="ptolemy.util.test.junit.AutoTests" name="[471] /home/travis/build/icyphy/ptII/ptolemy/actor/lib/test/auto/parameterPassing.xml (RunModel)" time="0.01" />
  <testcase classname="ptolemy.util.test.junit.AutoTests" name="[472] /home/travis/build/icyphy/ptII/ptolemy/actor/lib/test/auto/record.xml (RunModel)" time="0.009" />
  <testcase classname="ptolemy.util.test.junit.AutoTests" name="[473] /home/travis/build/icyphy/ptII/ptolemy/actor/lib/test/auto/sizedarray1.xml (RunModel)" time="0.008" />
  <testcase classname="ptolemy.util.test.junit.AutoTests" name="[474] /home/travis/build/icyphy/ptII/ptolemy/actor/lib/test/auto/sizedarray2.xml (RunModel)" time="0.008" />
  <testcase classname="ptolemy.util.test.junit.AutoTests" name="[475] /home/travis/build/icyphy/ptII/ptolemy/actor/lib/test/auto/twoPublishers.xml (RunModel)" time="0.023" />
  <system-out><![CDATA[/home/travis/build/icyphy/ptII/ptolemy/actor/lib/test/AbsoluteValue.tcl
testDefs.tcl: setting time out to 9000 seconds at Tue Jul 14 15:07:20 UTC 2020
81 ms. Memory: 129024K Free: 93128K (72%)
5 ms. Memory: 129024K Free: 91080K (71%)
4 ms. Memory: 129024K Free: 90559K (70%)
4 ms. Memory: 129024K Free: 89527K (69%)
/home/travis/build/icyphy/ptII/ptolemy/actor/lib/test/AddSubtract.tcl
12 ms. Memory: 129024K Free: 87494K (68%)
6 ms. Memory: 129024K Free: 86984K (67%)
5 ms. Memory: 129024K Free: 85960K (67%)
7 ms. Memory: 129024K Free: 85439K (66%)
68 ms. Memory: 129024K Free: 82374K (64%)
15 ms. Memory: 129024K Free: 81350K (63%)
/home/travis/build/icyphy/ptII/ptolemy/actor/lib/test/Average.tcl
14 ms. Memory: 129024K Free: 79816K (62%)
10 ms. Memory: 129024K Free: 78792K (61%)
/home/travis/build/icyphy/ptII/ptolemy/actor/lib/test/Bernoulli.tcl
8 ms. Memory: 129024K Free: 77239K (60%)
2 ms. Memory: 129024K Free: 76744K (59%)
/home/travis/build/icyphy/ptII/ptolemy/actor/lib/test/Clock.tcl
preinitializing
resolving types
initializing
executing number 1
wrapping up
idle
38 ms. Memory: 129024K Free: 74182K (57%)
Completed execution with 5 iterations
preinitializing
resolving types
initializing
executing number 1
wrapping up
idle
8 ms. Memory: 129024K Free: 73127K (57%)
Completed execution with 5 iterations
preinitializing
resolving types
initializing
executing number 1
wrapping up
idle
3 ms. Memory: 129024K Free: 72648K (56%)
Completed execution with 5 iterations
/home/travis/build/icyphy/ptII/ptolemy/actor/lib/test/Commutator.tcl
6 ms. Memory: 129024K Free: 70600K (55%)
5 ms. Memory: 129024K Free: 69576K (54%)
13 ms. Memory: 129024K Free: 63927K (50%)
/home/travis/build/icyphy/ptII/ptolemy/actor/lib/test/Const.tcl
9 ms. Memory: 129024K Free: 62408K (48%)
2 ms. Memory: 129024K Free: 61887K (48%)
7 ms. Memory: 129024K Free: 61384K (48%)
2 ms. Memory: 129024K Free: 60870K (47%)
2 ms. Memory: 129024K Free: 60360K (47%)
11 ms. Memory: 129024K Free: 58822K (46%)
5 ms. Memory: 129024K Free: 57288K (44%)
3 ms. Memory: 129024K Free: 56774K (44%)
/home/travis/build/icyphy/ptII/ptolemy/actor/lib/test/CurrentTime.tcl
preinitializing
resolving types
initializing
executing number 1
wrapping up
idle
7 ms. Memory: 129024K Free: 54695K (42%)
Completed execution with 11 iterations
/home/travis/build/icyphy/ptII/ptolemy/actor/lib/test/DB.tcl
6 ms. Memory: 129024K Free: 53192K (41%)
4 ms. Memory: 129024K Free: 52678K (41%)
3 ms. Memory: 129024K Free: 52168K (40%)
/home/travis/build/icyphy/ptII/ptolemy/actor/lib/test/DiscreteRandomSource.tcl
preinitializing
resolving types
initializing
executing number 1
wrapping up
idle
10 ms. Memory: 129024K Free: 50615K (39%)
Completed execution with 4 iterations
preinitializing
resolving types
initializing
executing number 1
wrapping up
idle
7 ms. Memory: 129024K Free: 50120K (39%)
Completed execution with 4 iterations
preinitializing
resolving types
initializing
executing number 1
wrapping up
idle
2 ms. Memory: 129024K Free: 49606K (38%)
Completed execution with 4 iterations
preinitializing
resolving types
initializing
executing number 1
wrapping up
idle
2 ms. Memory: 129024K Free: 49096K (38%)
Completed execution with 4 iterations
preinitializing
resolving types
initializing
executing number 1
wrapping up
idle
4 ms. Memory: 129024K Free: 48582K (38%)
Completed execution with 4 iterations
/home/travis/build/icyphy/ptII/ptolemy/actor/lib/test/Distributor.tcl
40 ms. Memory: 129024K Free: 113516K (88%)
25 ms. Memory: 129024K Free: 112821K (87%)
StreamChangeRequest.changeExecuted(): <deleteEntity name="rec2"/> succeeded
StreamChangeRequest.changeExecuted(): <deleteRelation name="r2"/> succeeded
StreamChangeRequest.changeExecuted(): Record firings per iteration succeeded
5 ms. Memory: 129024K Free: 110356K (86%)
/home/travis/build/icyphy/ptII/ptolemy/actor/lib/test/Exit.tcl
Exit.tcl: this will print a message about Manager.exitAfterWrapup, which can be ignored.
4 ms. Memory: 129024K Free: 107321K (83%)
/home/travis/build/icyphy/ptII/ptolemy/actor/lib/test/Expression.tcl
19 ms. Memory: 129024K Free: 103766K (80%)
10 ms. Memory: 129024K Free: 103306K (80%)
2 ms. Memory: 129024K Free: 102282K (79%)
preinitializing
resolving types
initializing
executing number 1
wrapping up
idle
5 ms. Memory: 129024K Free: 101140K (78%)
Completed execution with 6 iterations
4 ms. Memory: 129024K Free: 100234K (78%)
2 ms. Memory: 129024K Free: 99210K (77%)
5 ms. Memory: 129024K Free: 98156K (76%)
5 ms. Memory: 129024K Free: 97044K (75%)
10 ms. Memory: 129024K Free: 95544K (74%)
/home/travis/build/icyphy/ptII/ptolemy/actor/lib/test/Gaussian.tcl
15 ms. Memory: 129024K Free: 94076K (73%)
sleeping 1 seconds: ....................................................................................................................................................................................................................................................................................................................................................................................................................................................................................................................................................................................................................................................................................................................................................................................................................................................................................................................................................................................................................................................................................................................................................................................................................................................................................................................................................................................................................................................................................................................................................................................................................................................................................................................................................................................................2 ms. Memory: 129024K Free: 106625K (83%)
2 ms. Memory: 129024K Free: 106097K (82%)
1 ms. Memory: 129024K Free: 105073K (81%)
2 ms. Memory: 129024K Free: 104577K (81%)
2 ms. Memory: 129024K Free: 104049K (81%)
/home/travis/build/icyphy/ptII/ptolemy/actor/lib/test/IIR.tcl
/home/travis/build/icyphy/ptII/ptolemy/actor/lib/test/Interpolator.tcl
5 ms. Memory: 129024K Free: 100481K (78%)
3 ms. Memory: 129024K Free: 99967K (77%)
5 ms. Memory: 129024K Free: 98943K (77%)
2 ms. Memory: 129024K Free: 98433K (76%)
2 ms. Memory: 129024K Free: 97913K (76%)
2 ms. Memory: 129024K Free: 96881K (75%)
2 ms. Memory: 129024K Free: 95841K (74%)
11 ms. Memory: 129024K Free: 94847K (74%)
2 ms. Memory: 129024K Free: 94337K (73%)
2 ms. Memory: 129024K Free: 93313K (72%)
/home/travis/build/icyphy/ptII/ptolemy/actor/lib/test/MathFunction.tcl
7 ms. Memory: 129024K Free: 91265K (71%)
2 ms. Memory: 129024K Free: 90241K (70%)
1 ms. Memory: 129024K Free: 89217K (69%)
5 ms. Memory: 129024K Free: 88193K (68%)
8 ms. Memory: 129024K Free: 87169K (68%)
10 ms. Memory: 129024K Free: 85121K (66%)
/home/travis/build/icyphy/ptII/ptolemy/actor/lib/test/Maximum.tcl
4 ms. Memory: 129024K Free: 83073K (64%)
2 ms. Memory: 129024K Free: 82553K (64%)
2 ms. Memory: 129024K Free: 82049K (64%)
2 ms. Memory: 129024K Free: 80497K (62%)
/home/travis/build/icyphy/ptII/ptolemy/actor/lib/test/Minimum.tcl
4 ms. Memory: 129024K Free: 78977K (61%)
1 ms. Memory: 129024K Free: 78449K (61%)
5 ms. Memory: 129024K Free: 112897K (88%)
2 ms. Memory: 129024K Free: 112387K (87%)
/home/travis/build/icyphy/ptII/ptolemy/actor/lib/test/MultiplyDivide.tcl
4 ms. Memory: 129024K Free: 110339K (86%)
2 ms. Memory: 129024K Free: 109811K (85%)
2 ms. Memory: 129024K Free: 108795K (84%)
2 ms. Memory: 129024K Free: 108291K (84%)
1 ms. Memory: 129024K Free: 107763K (84%)
/home/travis/build/icyphy/ptII/ptolemy/actor/lib/test/OrderedMerge.tcl
Connections changed on port: inputA
Connections changed on port: inputB
Connections changed on port: output
Connections changed on port: output
Connections changed on port: output
Connections changed on port: input
.top. Preinitializing ...
Invoking preinitialize():  .top.OrderedMerge
Called preinitialize()
Invoking preinitialize():  .top.Ramp
Called preinitialize()
Invoking preinitialize():  .top.Ramp2
Called preinitialize()
Invoking preinitialize():  .top.Test
Called preinitialize()
Connections changed on port: inputA
Connections changed on port: output
Connections changed on port: output
Connections changed on port: input
Connections changed on port: inputB
Connections changed on port: output
.top. Finished preinitialize().
Called initialize().
Invoking initialize():  .top.OrderedMerge
Initializing actor: .top.OrderedMerge
Adding a thread: .top.OrderedMerge
Invoking initialize():  .top.Ramp
Initializing actor: .top.Ramp
Adding a thread: .top.Ramp
Invoking initialize():  .top.Ramp2
Initializing actor: .top.Ramp2
Adding a thread: .top.Ramp2
Invoking initialize():  .top.Test
Initializing actor: .top.Test
Adding a thread: .top.Test
Called fire().
Checking for deadlock:
-- Starting thread.
Called initialize()
Called prefire()
Called fire()
-- Starting thread.
Called initialize()
Called prefire()
Called fire()
-- Starting thread.
Called initialize()
Called prefire()
Called fire()
-- Starting thread.
Called initialize()
Called prefire()
Called fire()
There are 0 Blocked actors, 0 Stopped actors, and 4 active threads.
Waiting for actors to stop.
Called postfire()
Called prefire()
Called fire()
Called postfire()
Called prefire()
Called fire()
Checking for deadlock:
There are 2 Blocked actors, 0 Stopped actors, and 4 active threads.
Waiting for actors to stop.
Called postfire()
Called prefire()
Called fire()
Read input token from inputA with value 0.0
Checking for deadlock:
There are 3 Blocked actors, 0 Stopped actors, and 4 active threads.
Waiting for actors to stop.
Next port to read input from is inputB
Called postfire()
Called prefire()
Called fire()
Called postfire()
Called prefire()
Called fire()
Checking for deadlock:
There are 3 Blocked actors, 0 Stopped actors, and 4 active threads.
Waiting for actors to stop.
Read input token from inputB with value 0.0
Checking for deadlock:
There are 2 Blocked actors, 0 Stopped actors, and 4 active threads.
Waiting for actors to stop.
-- Read input: 0.0, which is expected to match: 0.0
Called prefire()
Called fire()
Checking for deadlock:
There are 3 Blocked actors, 0 Stopped actors, and 4 active threads.
Waiting for actors to stop.
Sent output token with value 0.0
Next port to read input from is inputA
Called postfire()
Called prefire()
Called fire()
Checking for deadlock:
There are 2 Blocked actors, 0 Stopped actors, and 4 active threads.
Waiting for actors to stop.
Called postfire()
Called prefire()
Called fire()
Checking for deadlock:
There are 3 Blocked actors, 0 Stopped actors, and 4 active threads.
Waiting for actors to stop.
Read input token from inputA with value 1.0
Checking for deadlock:
There are 2 Blocked actors, 0 Stopped actors, and 4 active threads.
Waiting for actors to stop.
-- Read input: 0.0, which is expected to match: 0.0
Called prefire()
Called fire()
Checking for deadlock:
There are 3 Blocked actors, 0 Stopped actors, and 4 active threads.
Waiting for actors to stop.
Sent output token with value 0.0
Next port to read input from is inputB
Called postfire()
Called prefire()
Called fire()
Checking for deadlock:
There are 2 Blocked actors, 0 Stopped actors, and 4 active threads.
Waiting for actors to stop.
Called postfire()
Called prefire()
Called fire()
Checking for deadlock:
There are 3 Blocked actors, 0 Stopped actors, and 4 active threads.
Waiting for actors to stop.
Read input token from inputB with value 1.5
Checking for deadlock:
There are 2 Blocked actors, 0 Stopped actors, and 4 active threads.
Waiting for actors to stop.
-- Read input: 1.0, which is expected to match: 1.0
Called prefire()
Called fire()
Checking for deadlock:
There are 3 Blocked actors, 0 Stopped actors, and 4 active threads.
Waiting for actors to stop.
Sent output token with value 1.0
Next port to read input from is inputA
Called postfire()
Called prefire()
Called fire()
Checking for deadlock:
There are 2 Blocked actors, 0 Stopped actors, and 4 active threads.
Waiting for actors to stop.
Called postfire()
Called prefire()
Called fire()
Checking for deadlock:
There are 3 Blocked actors, 0 Stopped actors, and 4 active threads.
Waiting for actors to stop.
Read input token from inputA with value 2.0
-- Read input: 1.5, which is expected to match: 1.5
Called prefire()
Called fire()
Checking for deadlock:
There are 3 Blocked actors, 0 Stopped actors, and 4 active threads.
Waiting for actors to stop.
Sent output token with value 1.5
Next port to read input from is inputB
Called postfire()
Called prefire()
Called fire()
Called postfire()
Called prefire()
Called fire()
Checking for deadlock:
There are 3 Blocked actors, 0 Stopped actors, and 4 active threads.
Waiting for actors to stop.
Read input token from inputB with value 3.0
-- Read input: 2.0, which is expected to match: 2.0
Called prefire()
Called fire()
Checking for deadlock:
There are 3 Blocked actors, 0 Stopped actors, and 4 active threads.
Waiting for actors to stop.
Sent output token with value 2.0
Next port to read input from is inputA
Called postfire()
Called prefire()
Called fire()
Checking for deadlock:
There are 2 Blocked actors, 0 Stopped actors, and 4 active threads.
Waiting for actors to stop.
Called postfire()
Called prefire()
Called fire()
Checking for deadlock:
There are 3 Blocked actors, 0 Stopped actors, and 4 active threads.
Waiting for actors to stop.
Read input token from inputA with value 3.0
Checking for deadlock:
There are 2 Blocked actors, 0 Stopped actors, and 4 active threads.
Waiting for actors to stop.
-- Read input: 3.0, which is expected to match: 3.0
Called prefire()
Called fire()
Checking for deadlock:
There are 3 Blocked actors, 0 Stopped actors, and 4 active threads.
Waiting for actors to stop.
Sent output token with value 3.0
Next port to read input from is inputB
Called postfire()
Called prefire()
Called fire()
Called postfire()
Called prefire()
Called fire()
Checking for deadlock:
There are 3 Blocked actors, 0 Stopped actors, and 4 active threads.
Waiting for actors to stop.
Read input token from inputB with value 4.5
-- Read input: 3.0, which is expected to match: 3.0
Called prefire()
Called fire()
Checking for deadlock:
There are 3 Blocked actors, 0 Stopped actors, and 4 active threads.
Waiting for actors to stop.
Sent output token with value 3.0
Next port to read input from is inputA
Called postfire()
Called prefire()
Called fire()
Checking for deadlock:
There are 2 Blocked actors, 0 Stopped actors, and 4 active threads.
Waiting for actors to stop.
Called postfire()
Called prefire()
Called fire()
Checking for deadlock:
There are 3 Blocked actors, 0 Stopped actors, and 4 active threads.
Waiting for actors to stop.
Read input token from inputA with value 4.0
Checking for deadlock:
There are 2 Blocked actors, 0 Stopped actors, and 4 active threads.
Waiting for actors to stop.
-- Read input: 4.0, which is expected to match: 4.0
Called prefire()
Called fire()
Past the end of training data. Read and discard all inputs.
Checking for deadlock:
There are 3 Blocked actors, 0 Stopped actors, and 4 active threads.
Waiting for actors to stop.
Sent output token with value 4.0
Next port to read input from is inputA
Called postfire()
Called prefire()
Called fire()
Checking for deadlock:
There are 2 Blocked actors, 0 Stopped actors, and 4 active threads.
Waiting for actors to stop.
Called postfire()
Called prefire()
Called fire()
Checking for deadlock:
There are 3 Blocked actors, 0 Stopped actors, and 4 active threads.
Waiting for actors to stop.
Read input token from inputA with value 5.0
Checking for deadlock:
There are 2 Blocked actors, 0 Stopped actors, and 4 active threads.
Waiting for actors to stop.
Called prefire()
Called fire()
Past the end of training data. Read and discard all inputs.
Checking for deadlock:
There are 3 Blocked actors, 0 Stopped actors, and 4 active threads.
Waiting for actors to stop.
Sent output token with value 4.5
Next port to read input from is inputB
Called postfire()
Called prefire()
Called fire()
Called postfire()
Called prefire()
Called fire()
Checking for deadlock:
There are 3 Blocked actors, 0 Stopped actors, and 4 active threads.
Waiting for actors to stop.
Read input token from inputB with value 6.0
Called prefire()
Called fire()
Past the end of training data. Read and discard all inputs.
Checking for deadlock:
There are 3 Blocked actors, 0 Stopped actors, and 4 active threads.
Waiting for actors to stop.
Sent output token with value 5.0
Next port to read input from is inputA
Called postfire()
Called prefire()
Called fire()
Checking for deadlock:
There are 2 Blocked actors, 0 Stopped actors, and 4 active threads.
Waiting for actors to stop.
Called postfire()
Called prefire()
Called fire()
Checking for deadlock:
There are 3 Blocked actors, 0 Stopped actors, and 4 active threads.
Waiting for actors to stop.
Read input token from inputA with value 6.0
Checking for deadlock:
There are 2 Blocked actors, 0 Stopped actors, and 4 active threads.
Waiting for actors to stop.
Called prefire()
Called fire()
Past the end of training data. Read and discard all inputs.
Checking for deadlock:
There are 3 Blocked actors, 0 Stopped actors, and 4 active threads.
Waiting for actors to stop.
Sent output token with value 6.0
Next port to read input from is inputB
Called postfire()
Called prefire()
Called fire()
Called postfire()
Called prefire()
Called fire()
Checking for deadlock:
There are 3 Blocked actors, 0 Stopped actors, and 4 active threads.
Waiting for actors to stop.
Read input token from inputB with value 7.5
Called prefire()
Called fire()
Past the end of training data. Read and discard all inputs.
Checking for deadlock:
There are 3 Blocked actors, 0 Stopped actors, and 4 active threads.
Waiting for actors to stop.
Sent output token with value 6.0
Next port to read input from is inputA
Called postfire()
Called prefire()
Called fire()
Checking for deadlock:
There are 2 Blocked actors, 0 Stopped actors, and 4 active threads.
Waiting for actors to stop.
Called postfire()
Called prefire()
Called fire()
Checking for deadlock:
There are 3 Blocked actors, 0 Stopped actors, and 4 active threads.
Waiting for actors to stop.
Read input token from inputA with value 7.0
Checking for deadlock:
There are 2 Blocked actors, 0 Stopped actors, and 4 active threads.
Waiting for actors to stop.
Called prefire()
Called fire()
Past the end of training data. Read and discard all inputs.
Checking for deadlock:
There are 3 Blocked actors, 0 Stopped actors, and 4 active threads.
Waiting for actors to stop.
Sent output token with value 7.0
Next port to read input from is inputA
Called postfire()
Called prefire()
Called fire()
Checking for deadlock:
There are 2 Blocked actors, 0 Stopped actors, and 4 active threads.
Waiting for actors to stop.
-- Thread wrapup() called.
Called wrapup()
Thread .top.Ramp is exiting.
-- Thread stopped.
Checking for deadlock:
There are 2 Blocked actors, 0 Stopped actors, and 3 active threads.
Waiting for actors to stop.
Read input token from inputA with value 8.0
Called prefire()
Called fire()
Past the end of training data. Read and discard all inputs.
Checking for deadlock:
There are 2 Blocked actors, 0 Stopped actors, and 3 active threads.
Waiting for actors to stop.
Sent output token with value 7.5
Next port to read input from is inputB
Called postfire()
Called prefire()
Called fire()
Checking for deadlock:
There are 1 Blocked actors, 0 Stopped actors, and 3 active threads.
Waiting for actors to stop.
Called postfire()
Called prefire()
Called fire()
Checking for deadlock:
There are 2 Blocked actors, 0 Stopped actors, and 3 active threads.
Waiting for actors to stop.
Read input token from inputB with value 9.0
Checking for deadlock:
There are 1 Blocked actors, 0 Stopped actors, and 3 active threads.
Waiting for actors to stop.
Called prefire()
Called fire()
Past the end of training data. Read and discard all inputs.
Checking for deadlock:
There are 2 Blocked actors, 0 Stopped actors, and 3 active threads.
Waiting for actors to stop.
Sent output token with value 8.0
Next port to read input from is inputA
Called postfire()
Called prefire()
Called fire()
Read input token from inputA with value 9.0
Called prefire()
Called fire()
Past the end of training data. Read and discard all inputs.
Checking for deadlock:
There are 2 Blocked actors, 0 Stopped actors, and 3 active threads.
Waiting for actors to stop.
Sent output token with value 9.0
Next port to read input from is inputB
Called postfire()
Called prefire()
Called fire()
Called postfire()
Called prefire()
Called fire()
Checking for deadlock:
There are 2 Blocked actors, 0 Stopped actors, and 3 active threads.
Waiting for actors to stop.
Read input token from inputB with value 10.5
Called prefire()
Called fire()
Past the end of training data. Read and discard all inputs.
Checking for deadlock:
There are 2 Blocked actors, 0 Stopped actors, and 3 active threads.
Waiting for actors to stop.
Sent output token with value 9.0
Next port to read input from is inputA
Called postfire()
Called prefire()
Called fire()
Checking for deadlock:
There are 3 Blocked actors, 0 Stopped actors, and 3 active threads.
Actors have stopped.
Checking for deadlock:
There are 3 Blocked actors, 0 Stopped actors, and 3 active threads.
Deadlock detected.
Resolving Deadlock
Checking for deadlock:
There are 3 Blocked actors, 0 Stopped actors, and 3 active threads.
Artificial Deadlock - increasing queue capacity.
increasing the capacity of receiver ptolemy.actor.TypedIOPort {.top.OrderedMerge.inputB} to 2
Director: Called postfire().
Called postfire().
_stopRequested = false
_stopFireRequested = false
Returning from postfire(): true
Called fire().
Checking for deadlock:
There are 2 Blocked actors, 0 Stopped actors, and 3 active threads.
Waiting for actors to stop.
-- Thread wrapup() called.
Called wrapup()
Thread .top.Ramp2 is exiting.
-- Thread stopped.
Checking for deadlock:
There are 2 Blocked actors, 0 Stopped actors, and 2 active threads.
Actors have stopped.
Checking for deadlock:
There are 2 Blocked actors, 0 Stopped actors, and 2 active threads.
Deadlock detected.
Resolving Deadlock
Checking for deadlock:
There are 2 Blocked actors, 0 Stopped actors, and 2 active threads.
Deadlock detected: no processes blocked on write, but some are blocked on read.
Called postfire().
_stopRequested = false
_stopFireRequested = false
Returning from postfire(): false
Finished deactivating branches.
Called wrapup().
-- Thread wrapup() called.
Called wrapup()
Thread .top.Test is exiting.
-- Thread stopped.
-- Blocked Receiver call threw TerminateProcessException.
-- Thread wrapup() called.
Called wrapup()
Thread .top.OrderedMerge is exiting.
-- Thread stopped.
-- Blocked Receiver call threw TerminateProcessException.
73 ms. Memory: 129024K Free: 102657K (80%)
.top. Preinitializing ...
Invoking preinitialize():  .top.OrderedMerge
Called preinitialize()
Invoking preinitialize():  .top.Ramp
Called preinitialize()
Invoking preinitialize():  .top.Ramp2
Called preinitialize()
Invoking preinitialize():  .top.Test
Called preinitialize()
.top. Finished preinitialize().
Called initialize().
Invoking initialize():  .top.OrderedMerge
Initializing actor: .top.OrderedMerge
Adding a thread: .top.OrderedMerge
Invoking initialize():  .top.Ramp
Initializing actor: .top.Ramp
Adding a thread: .top.Ramp
Invoking initialize():  .top.Ramp2
Initializing actor: .top.Ramp2
Adding a thread: .top.Ramp2
Invoking initialize():  .top.Test
Initializing actor: .top.Test
Adding a thread: .top.Test
-- Starting thread.
Called initialize()
Called prefire()
Called fire()
-- Starting thread.
Called initialize()
Called prefire()
Called fire()
Called postfire()
Called prefire()
Called fire()
-- Starting thread.
Called initialize()
Called prefire()
Called fire()
Called postfire()
Called prefire()
Called fire()
Called fire().
Checking for deadlock:
There are 3 Blocked actors, 0 Stopped actors, and 4 active threads.
Waiting for actors to stop.
-- Starting thread.
Called initialize()
Called prefire()
Called fire()
Checking for deadlock:
There are 2 Blocked actors, 0 Stopped actors, and 4 active threads.
Waiting for actors to stop.
Read input token from inputA with value 0.0
Called postfire()
Called prefire()
Next port to read input from is inputB
Called postfire()
Called fire()
Called prefire()
Called fire()
Read input token from inputB with value 0.0
Checking for deadlock:
There are 2 Blocked actors, 0 Stopped actors, and 4 active threads.
Waiting for actors to stop.
Sent output token with value 0.0
-- Read input: 0.0, which is expected to match: 0.0
Called prefire()
Called fire()
Next port to read input from is inputA
Called postfire()
Called prefire()
Called fire()
Called postfire()
Called prefire()
Called fire()
Read input token from inputA with value 1.0
Checking for deadlock:
There are 2 Blocked actors, 0 Stopped actors, and 4 active threads.
Waiting for actors to stop.
Called postfire()
Called prefire()
Called fire()
Sent output token with value 0.0
Next port to read input from is inputB
Called postfire()
Called prefire()
Called fire()
Read input token from inputB with value 1.5
-- Read input: 0.0, which is expected to match: 0.0
Called prefire()
Called fire()
Checking for deadlock:
There are 2 Blocked actors, 0 Stopped actors, and 4 active threads.
Waiting for actors to stop.
Called postfire()
Called prefire()
Called fire()
Sent output token with value 1.0
Checking for deadlock:
There are 2 Blocked actors, 0 Stopped actors, and 4 active threads.
Waiting for actors to stop.
-- Read input: 1.0, which is expected to match: 1.0
Next port to read input from is inputA
Called postfire()
Called prefire()
Called fire()
Called prefire()
Called fire()
Checking for deadlock:
Called postfire()
There are 2 Blocked actors, 0 Stopped actors, and 4 active threads.
Called prefire()
Called fire()
Waiting for actors to stop.
Read input token from inputA with value 2.0
Checking for deadlock:
There are 3 Blocked actors, 0 Stopped actors, and 4 active threads.
Waiting for actors to stop.
Checking for deadlock:
There are 2 Blocked actors, 0 Stopped actors, and 4 active threads.
Waiting for actors to stop.
Sent output token with value 1.5
-- Read input: 1.5, which is expected to match: 1.5
Next port to read input from is inputB
Called postfire()
Called prefire()
Called fire()
Called prefire()
Called fire()
Checking for deadlock:
There are 2 Blocked actors, 0 Stopped actors, and 4 active threads.
Waiting for actors to stop.
Called postfire()
Called prefire()
Called fire()
Checking for deadlock:
There are 3 Blocked actors, 0 Stopped actors, and 4 active threads.
Waiting for actors to stop.
Read input token from inputB with value 3.0
Sent output token with value 2.0
Next port to read input from is inputA
Checking for deadlock:
There are 2 Blocked actors, 0 Stopped actors, and 4 active threads.
Waiting for actors to stop.
Called postfire()
-- Read input: 2.0, which is expected to match: 2.0
Called prefire()
Called fire()
Called prefire()
Called fire()
Read input token from inputA with value 3.0
Checking for deadlock:
There are 2 Blocked actors, 0 Stopped actors, and 4 active threads.
Waiting for actors to stop.
Called postfire()
Called prefire()
Called fire()
Checking for deadlock:
There are 3 Blocked actors, 0 Stopped actors, and 4 active threads.
Waiting for actors to stop.
Checking for deadlock:
There are 2 Blocked actors, 0 Stopped actors, and 4 active threads.
Waiting for actors to stop.
Sent output token with value 3.0
-- Read input: 3.0, which is expected to match: 3.0
Next port to read input from is inputB
Called prefire()
Called fire()
Called postfire()
Called prefire()
Called fire()
Called postfire()
Called prefire()
Called fire()
Checking for deadlock:
There are 3 Blocked actors, 0 Stopped actors, and 4 active threads.
Waiting for actors to stop.
Read input token from inputB with value 4.5
Sent output token with value 3.0
Next port to read input from is inputA
Called postfire()
Called prefire()
Called fire()
Checking for deadlock:
There are 2 Blocked actors, 0 Stopped actors, and 4 active threads.
Waiting for actors to stop.
Checking for deadlock:
There are 1 Blocked actors, 0 Stopped actors, and 4 active threads.
Waiting for actors to stop.
-- Read input: 3.0, which is expected to match: 3.0
Called prefire()
Called fire()
Called postfire()
Checking for deadlock:
There are 2 Blocked actors, 0 Stopped actors, and 4 active threads.
Waiting for actors to stop.
Called prefire()
Called fire()
Checking for deadlock:
There are 3 Blocked actors, 0 Stopped actors, and 4 active threads.
Waiting for actors to stop.
Read input token from inputA with value 4.0
Checking for deadlock:
There are 2 Blocked actors, 0 Stopped actors, and 4 active threads.
Waiting for actors to stop.
Sent output token with value 4.0
-- Read input: 4.0, which is expected to match: 4.0
Next port to read input from is inputA
Called postfire()
Called prefire()
Called fire()
Called prefire()
Past the end of training data. Read and discard all inputs.
Called fire()
Checking for deadlock:
There are 3 Blocked actors, 0 Stopped actors, and 4 active threads.
Waiting for actors to stop.
Checking for deadlock:
There are 2 Blocked actors, 0 Stopped actors, and 4 active threads.
Waiting for actors to stop.
Called postfire()
Called prefire()
Called fire()
Checking for deadlock:
There are 3 Blocked actors, 0 Stopped actors, and 4 active threads.
Waiting for actors to stop.
Read input token from inputA with value 5.0
Checking for deadlock:
There are 2 Blocked actors, 0 Stopped actors, and 4 active threads.
Waiting for actors to stop.
Called prefire()
Called fire()
Past the end of training data. Read and discard all inputs.
Checking for deadlock:
There are 3 Blocked actors, 0 Stopped actors, and 4 active threads.
Waiting for actors to stop.
Sent output token with value 4.5
Next port to read input from is inputB
Called postfire()
Called prefire()
Called fire()
Checking for deadlock:
There are 2 Blocked actors, 0 Stopped actors, and 4 active threads.
Waiting for actors to stop.
Called postfire()
Called prefire()
Called fire()
Checking for deadlock:
There are 3 Blocked actors, 0 Stopped actors, and 4 active threads.
Waiting for actors to stop.
Read input token from inputB with value 6.0
Checking for deadlock:
There are 2 Blocked actors, 0 Stopped actors, and 4 active threads.
Waiting for actors to stop.
Called prefire()
Called fire()
Past the end of training data. Read and discard all inputs.
Checking for deadlock:
There are 3 Blocked actors, 0 Stopped actors, and 4 active threads.
Waiting for actors to stop.
Sent output token with value 5.0
Next port to read input from is inputA
Called postfire()
Called prefire()
Called fire()
Checking for deadlock:
There are 2 Blocked actors, 0 Stopped actors, and 4 active threads.
Waiting for actors to stop.
Called postfire()
Called prefire()
Called fire()
Checking for deadlock:
There are 3 Blocked actors, 0 Stopped actors, and 4 active threads.
Waiting for actors to stop.
Read input token from inputA with value 6.0
Checking for deadlock:
There are 2 Blocked actors, 0 Stopped actors, and 4 active threads.
Waiting for actors to stop.
Called prefire()
Called fire()
Past the end of training data. Read and discard all inputs.
Checking for deadlock:
There are 3 Blocked actors, 0 Stopped actors, and 4 active threads.
Waiting for actors to stop.
Sent output token with value 6.0
Next port to read input from is inputB
Called postfire()
Called prefire()
Called fire()
Called postfire()
Called prefire()
Called fire()
Checking for deadlock:
There are 3 Blocked actors, 0 Stopped actors, and 4 active threads.
Waiting for actors to stop.
Read input token from inputB with value 7.5
Called prefire()
Called fire()
Past the end of training data. Read and discard all inputs.
Checking for deadlock:
There are 3 Blocked actors, 0 Stopped actors, and 4 active threads.
Waiting for actors to stop.
Sent output token with value 6.0
Next port to read input from is inputA
Called postfire()
Called prefire()
Called fire()
Checking for deadlock:
There are 2 Blocked actors, 0 Stopped actors, and 4 active threads.
Waiting for actors to stop.
Called postfire()
Called prefire()
Called fire()
Checking for deadlock:
There are 3 Blocked actors, 0 Stopped actors, and 4 active threads.
Waiting for actors to stop.
Read input token from inputA with value 7.0
Checking for deadlock:
There are 2 Blocked actors, 0 Stopped actors, and 4 active threads.
Waiting for actors to stop.
Called prefire()
Called fire()
Past the end of training data. Read and discard all inputs.
Checking for deadlock:
There are 3 Blocked actors, 0 Stopped actors, and 4 active threads.
Waiting for actors to stop.
Sent output token with value 7.0
Next port to read input from is inputA
Called postfire()
Called prefire()
Called fire()
Checking for deadlock:
There are 2 Blocked actors, 0 Stopped actors, and 4 active threads.
Waiting for actors to stop.
-- Thread wrapup() called.
Called wrapup()
Thread .top.Ramp is exiting.
Checking for deadlock:
There are 2 Blocked actors, 0 Stopped actors, and 3 active threads.
Waiting for actors to stop.
-- Thread stopped.
Read input token from inputA with value 8.0
Called prefire()
Called fire()
Past the end of training data. Read and discard all inputs.
Checking for deadlock:
There are 2 Blocked actors, 0 Stopped actors, and 3 active threads.
Waiting for actors to stop.
Sent output token with value 7.5
Next port to read input from is inputB
Called postfire()
Called prefire()
Called fire()
Called postfire()
Called prefire()
Called fire()
Checking for deadlock:
There are 2 Blocked actors, 0 Stopped actors, and 3 active threads.
Waiting for actors to stop.
Read input token from inputB with value 9.0
Called prefire()
Called fire()
Past the end of training data. Read and discard all inputs.
Checking for deadlock:
There are 2 Blocked actors, 0 Stopped actors, and 3 active threads.
Waiting for actors to stop.
Sent output token with value 8.0
Next port to read input from is inputA
Called postfire()
Called prefire()
Called fire()
Read input token from inputA with value 9.0
Called prefire()
Called fire()
Past the end of training data. Read and discard all inputs.
Checking for deadlock:
There are 2 Blocked actors, 0 Stopped actors, and 3 active threads.
Waiting for actors to stop.
Sent output token with value 9.0
Next port to read input from is inputB
Called postfire()
Called prefire()
Called fire()
Checking for deadlock:
There are 1 Blocked actors, 0 Stopped actors, and 3 active threads.
Waiting for actors to stop.
Called postfire()
Called prefire()
Called fire()
Checking for deadlock:
There are 2 Blocked actors, 0 Stopped actors, and 3 active threads.
Waiting for actors to stop.
Read input token from inputB with value 10.5
Checking for deadlock:
There are 1 Blocked actors, 0 Stopped actors, and 3 active threads.
Waiting for actors to stop.
Called prefire()
Called fire()
Past the end of training data. Read and discard all inputs.
Checking for deadlock:
There are 2 Blocked actors, 0 Stopped actors, and 3 active threads.
Waiting for actors to stop.
Sent output token with value 9.0
Next port to read input from is inputA
Called postfire()
Called prefire()
Called fire()
Checking for deadlock:
There are 3 Blocked actors, 0 Stopped actors, and 3 active threads.
Actors have stopped.
Checking for deadlock:
There are 3 Blocked actors, 0 Stopped actors, and 3 active threads.
Deadlock detected.
Resolving Deadlock
Checking for deadlock:
There are 3 Blocked actors, 0 Stopped actors, and 3 active threads.
Artificial Deadlock - increasing queue capacity.
increasing the capacity of receiver ptolemy.actor.TypedIOPort {.top.OrderedMerge.inputB} to 2
Director: Called postfire().
Called postfire().
_stopRequested = false
_stopFireRequested = false
Returning from postfire(): true
Called fire().
Checking for deadlock:
There are 2 Blocked actors, 0 Stopped actors, and 3 active threads.
Waiting for actors to stop.
-- Thread wrapup() called.
Called wrapup()
Thread .top.Ramp2 is exiting.
-- Thread stopped.
Checking for deadlock:
There are 2 Blocked actors, 0 Stopped actors, and 2 active threads.
Actors have stopped.
Checking for deadlock:
There are 2 Blocked actors, 0 Stopped actors, and 2 active threads.
Deadlock detected.
Resolving Deadlock
Checking for deadlock:
There are 2 Blocked actors, 0 Stopped actors, and 2 active threads.
Deadlock detected: no processes blocked on write, but some are blocked on read.
Called postfire().
_stopRequested = false
_stopFireRequested = false
Returning from postfire(): false
Finished deactivating branches.
Called wrapup().
-- Thread wrapup() called.
Called wrapup()
-- Thread wrapup() called.
Called wrapup()
Thread .top.Test is exiting.
-- Thread stopped.
-- Blocked Receiver call threw TerminateProcessException.
Thread .top.OrderedMerge is exiting.
26 ms. Memory: 129024K Free: 100670K (78%)
/home/travis/build/icyphy/ptII/ptolemy/actor/lib/test/Publisher.tcl
-- Thread stopped.
-- Blocked Receiver call threw TerminateProcessException.
13 ms. Memory: 129024K Free: 94435K (73%)
4 ms. Memory: 129024K Free: 89331K (69%)
14 ms. Memory: 129024K Free: 85763K (66%)
4 ms. Memory: 129024K Free: 84739K (66%)
3 ms. Memory: 129024K Free: 83715K (65%)
3 ms. Memory: 129024K Free: 83187K (64%)
2 ms. Memory: 129024K Free: 82177K (64%)
7 ms. Memory: 129024K Free: 81153K (63%)
19 ms. Memory: 129024K Free: 102491K (79%)
8 ms. Memory: 129024K Free: 98890K (77%)
4 ms. Memory: 129024K Free: 98395K (76%)
3 ms. Memory: 129024K Free: 95833K (74%)
6 ms. Memory: 129024K Free: 88665K (69%)
13 ms. Memory: 129024K Free: 78939K (61%)
8 ms. Memory: 129024K Free: 68170K (53%)
/home/travis/build/icyphy/ptII/ptolemy/actor/lib/test/Pulse.tcl
2 ms. Memory: 129024K Free: 84822K (66%)
6 ms. Memory: 129024K Free: 84326K (65%)
2 ms. Memory: 129024K Free: 83782K (65%)
2 ms. Memory: 129024K Free: 83302K (65%)
1 ms. Memory: 129024K Free: 82774K (64%)
5 ms. Memory: 129024K Free: 81758K (63%)
2 ms. Memory: 129024K Free: 80726K (63%)
2 ms. Memory: 129024K Free: 79702K (62%)
1 ms. Memory: 129024K Free: 79206K (61%)
/home/travis/build/icyphy/ptII/ptolemy/actor/lib/test/Ramp.tcl
3 ms. Memory: 129024K Free: 77158K (60%)
1 ms. Memory: 129024K Free: 76614K (59%)
2 ms. Memory: 129024K Free: 75620K (59%)
2 ms. Memory: 129024K Free: 75110K (58%)
4 ms. Memory: 129024K Free: 74086K (57%)
4 ms. Memory: 129024K Free: 73558K (57%)
4 ms. Memory: 129024K Free: 72534K (56%)
5 actors
5000 microseconds per iteration to create
10 ms. Memory: 129024K Free: 69476K (54%)
2 ms. Memory: 129024K Free: 68966K (53%)
3 ms. Memory: 129024K Free: 68438K (53%)
2 ms. Memory: 129024K Free: 67942K (53%)
50 actors
44000 microseconds per iteration to create
40 ms. Memory: 129024K Free: 52068K (40%)
13 ms. Memory: 129024K Free: 51030K (40%)
13 ms. Memory: 129024K Free: 50006K (39%)
15 ms. Memory: 174080K Free: 155231K (89%)
500 actors
1506000 microseconds per iteration to create
206 ms. Memory: 174080K Free: 73678K (42%)
50 ms. Memory: 174080K Free: 148940K (86%)
27 ms. Memory: 174080K Free: 143834K (83%)
27 ms. Memory: 174080K Free: 138204K (79%)
/home/travis/build/icyphy/ptII/ptolemy/actor/lib/test/RampContinuous.tcl
7 ms. Memory: 174080K Free: 137180K (79%)
/home/travis/build/icyphy/ptII/ptolemy/actor/lib/test/RecordAssembler.tcl
4 ms. Memory: 174080K Free: 135628K (78%)
2 ms. Memory: 174080K Free: 134618K (77%)
/home/travis/build/icyphy/ptII/ptolemy/actor/lib/test/RecordDisassembler.tcl
4 ms. Memory: 174080K Free: 132570K (76%)
2 ms. Memory: 174080K Free: 132060K (76%)
3 ms. Memory: 174080K Free: 130522K (75%)
/home/travis/build/icyphy/ptII/ptolemy/actor/lib/test/Scale.tcl
2 ms. Memory: 174080K Free: 128988K (74%)
1 ms. Memory: 174080K Free: 128468K (74%)
1 ms. Memory: 174080K Free: 127436K (73%)
2 ms. Memory: 174080K Free: 126426K (73%)
2 ms. Memory: 174080K Free: 125916K (72%)
/home/travis/build/icyphy/ptII/ptolemy/actor/lib/test/SequentialClock.tcl
preinitializing
resolving types
initializing
executing number 1
wrapping up
idle
2 ms. Memory: 174080K Free: 124378K (71%)
Completed execution with 5 iterations
preinitializing
resolving types
initializing
executing number 1
wrapping up
idle
1 ms. Memory: 174080K Free: 123868K (71%)
Completed execution with 5 iterations
preinitializing
resolving types
initializing
executing number 1
wrapping up
idle
2 ms. Memory: 174080K Free: 123354K (71%)
Completed execution with 5 iterations
/home/travis/build/icyphy/ptII/ptolemy/actor/lib/test/SetVariable.tcl
4 ms. Memory: 174080K Free: 121820K (70%)
/home/travis/build/icyphy/ptII/ptolemy/actor/lib/test/Sinewave.tcl
/home/travis/build/icyphy/ptII/ptolemy/actor/lib/test/SubscriptionAggregator.tcl
4 ms. Memory: 174080K Free: 110042K (63%)
2 ms. Memory: 174080K Free: 109532K (63%)
1 ms. Memory: 174080K Free: 109004K (63%)
1 ms. Memory: 174080K Free: 108508K (62%)
2 ms. Memory: 174080K Free: 104922K (60%)
7 ms. Memory: 174080K Free: 102874K (59%)
...............................................................881 ms. Memory: 216064K Free: 142202K (66%)
/home/travis/build/icyphy/ptII/ptolemy/actor/lib/test/Test.tcl
 The next command will produce a warning about training mode,
   which may be ignored.
4 ms. Memory: 216064K Free: 140146K (65%)
3 ms. Memory: 216064K Free: 139650K (65%)
1 ms. Memory: 216064K Free: 139122K (64%)
2 ms. Memory: 216064K Free: 138098K (64%)
1 ms. Memory: 216064K Free: 137602K (64%)
2 ms. Memory: 216064K Free: 136578K (63%)
3 ms. Memory: 216064K Free: 135040K (63%)
 The next command will produce a warning about training mode,
   which may be ignored.
4 ms. Memory: 216064K Free: 132978K (62%)
 The next command will produce a warning about training mode,
   which may be ignored.
2 ms. Memory: 216064K Free: 131458K (61%)
1 ms. Memory: 216064K Free: 131458K (61%)
1 ms. Memory: 216064K Free: 130944K (61%)
1 ms. Memory: 216064K Free: 129920K (60%)
13 ms. Memory: 216064K Free: 129410K (60%)
6 ms. Memory: 216064K Free: 125314K (58%)
/home/travis/build/icyphy/ptII/ptolemy/actor/lib/test/TestExceptionHandler.tcl
 The next command will produce a warning about training mode,
   which may be ignored.
2 ms. Memory: 216064K Free: 124290K (58%)
1 ms. Memory: 216064K Free: 123762K (57%)
1 ms. Memory: 216064K Free: 123266K (57%)
/home/travis/build/icyphy/ptII/ptolemy/actor/lib/test/UnionDisassembler.tcl
26 ms. Memory: 216064K Free: 115584K (53%)
/home/travis/build/icyphy/ptII/ptolemy/actor/lib/test/VariableClock.tcl
preinitializing
resolving types
initializing
executing number 1
wrapping up
idle
11 ms. Memory: 216064K Free: 114050K (53%)
Completed execution with 11 iterations
preinitializing
resolving types
initializing
executing number 1
wrapping up
idle
3 ms. Memory: 216064K Free: 112506K (52%)
Completed execution with 10 iterations
07/14/20 03:07:27
Failed: 0  Total Tests: 233  ((Passed: 233, Newly Passed: 0)  Known Failed: 0) /home/travis/build/icyphy/ptII/ptolemy/actor/lib/test
----------------- testing (KnownFailure) /home/travis/build/icyphy/ptII/ptolemy/actor/lib/test/auto/knownFailedTests/PublisherPortToplevelSubscriber.xml
0 ms. Memory: 216064K Free: 108930K (50%)
Known Failure: java.lang.reflect.InvocationTargetException
----------------- testing (KnownFailure) /home/travis/build/icyphy/ptII/ptolemy/actor/lib/test/auto/knownFailedTests/PublisherSubscriberPortToplevel.xml
1 ms. Memory: 216064K Free: 105344K (49%)
Known Failure: java.lang.reflect.InvocationTargetException
----------------- testing (KnownFailure) /home/travis/build/icyphy/ptII/ptolemy/actor/lib/test/auto/knownFailedTests/PublisherSubscriptionAggregatorPort.xml
1 ms. Memory: 216064K Free: 101248K (47%)
Known Failure: java.lang.reflect.InvocationTargetException
----------------- testing (KnownFailure) /home/travis/build/icyphy/ptII/ptolemy/actor/lib/test/auto/knownFailedTests/sizedarray3.xml
5 ms. Memory: 216064K Free: 96642K (45%)
Known Failure: java.lang.reflect.InvocationTargetException
No auto/linux-amd64/*.xml tests in /home/travis/build/icyphy/ptII/ptolemy/actor/lib/test
AutoTests.java: About to close Vertx.
AutoTests.java: Vertx closed.

===========================================================================================
----------------- testing Tue Jul 14 15:07:27 UTC 2020 /home/travis/build/icyphy/ptII/ptolemy/actor/lib/test/auto/AbsoluteValue.xml
----------------- Instantiating /home/travis/build/icyphy/ptII/ptolemy/actor/lib/test/auto/AbsoluteValue.xml
8 ms. Memory: 216064K Free: 74114K (34%)
----------------- Invoking toplevel() on ptolemy.moml.MoMLSimpleApplication@38bcccfc
----------------- Done invoking toplevel() on ptolemy.moml.MoMLSimpleApplication@38bcccfc
reloadAllAccessors: .AbsoluteValue

===========================================================================================
----------------- testing Tue Jul 14 15:07:28 UTC 2020 /home/travis/build/icyphy/ptII/ptolemy/actor/lib/test/auto/AbsoluteValue2.xml
----------------- Instantiating /home/travis/build/icyphy/ptII/ptolemy/actor/lib/test/auto/AbsoluteValue2.xml
4 ms. Memory: 216064K Free: 66946K (31%)
----------------- Invoking toplevel() on ptolemy.moml.MoMLSimpleApplication@6581b361
----------------- Done invoking toplevel() on ptolemy.moml.MoMLSimpleApplication@6581b361
reloadAllAccessors: .AbsoluteValue2

===========================================================================================
----------------- testing Tue Jul 14 15:07:28 UTC 2020 /home/travis/build/icyphy/ptII/ptolemy/actor/lib/test/auto/Accumulator.xml
----------------- Instantiating /home/travis/build/icyphy/ptII/ptolemy/actor/lib/test/auto/Accumulator.xml
5 ms. Memory: 216064K Free: 60802K (28%)
----------------- Invoking toplevel() on ptolemy.moml.MoMLSimpleApplication@7f6c09d7
----------------- Done invoking toplevel() on ptolemy.moml.MoMLSimpleApplication@7f6c09d7
reloadAllAccessors: .Accumulator

===========================================================================================
----------------- testing Tue Jul 14 15:07:28 UTC 2020 /home/travis/build/icyphy/ptII/ptolemy/actor/lib/test/auto/Accumulator2.xml
----------------- Instantiating /home/travis/build/icyphy/ptII/ptolemy/actor/lib/test/auto/Accumulator2.xml
12 ms. Memory: 360448K Free: 305664K (85%)
----------------- Invoking toplevel() on ptolemy.moml.MoMLSimpleApplication@31674a76
----------------- Done invoking toplevel() on ptolemy.moml.MoMLSimpleApplication@31674a76
reloadAllAccessors: .Accumulator2

===========================================================================================
----------------- testing Tue Jul 14 15:07:28 UTC 2020 /home/travis/build/icyphy/ptII/ptolemy/actor/lib/test/auto/Accumulator3.xml
----------------- Instantiating /home/travis/build/icyphy/ptII/ptolemy/actor/lib/test/auto/Accumulator3.xml
4 ms. Memory: 360448K Free: 301054K (84%)
----------------- Invoking toplevel() on ptolemy.moml.MoMLSimpleApplication@7b1ba2de
----------------- Done invoking toplevel() on ptolemy.moml.MoMLSimpleApplication@7b1ba2de
reloadAllAccessors: .Accumulator3

===========================================================================================
----------------- testing Tue Jul 14 15:07:28 UTC 2020 /home/travis/build/icyphy/ptII/ptolemy/actor/lib/test/auto/ArrayAppend.xml
----------------- Instantiating /home/travis/build/icyphy/ptII/ptolemy/actor/lib/test/auto/ArrayAppend.xml
11 ms. Memory: 360448K Free: 294895K (82%)
----------------- Invoking toplevel() on ptolemy.moml.MoMLSimpleApplication@430963b9
----------------- Done invoking toplevel() on ptolemy.moml.MoMLSimpleApplication@430963b9
reloadAllAccessors: .ArrayAppend

===========================================================================================
----------------- testing Tue Jul 14 15:07:28 UTC 2020 /home/travis/build/icyphy/ptII/ptolemy/actor/lib/test/auto/ArrayAppend2.xml
----------------- Instantiating /home/travis/build/icyphy/ptII/ptolemy/actor/lib/test/auto/ArrayAppend2.xml
299 ms. Memory: 360448K Free: 228864K (63%)
----------------- Invoking toplevel() on ptolemy.moml.MoMLSimpleApplication@70af6df5
----------------- Done invoking toplevel() on ptolemy.moml.MoMLSimpleApplication@70af6df5
reloadAllAccessors: .ArrayAppend2

===========================================================================================
----------------- testing Tue Jul 14 15:07:28 UTC 2020 /home/travis/build/icyphy/ptII/ptolemy/actor/lib/test/auto/ArrayAppend3.xml
----------------- Instantiating /home/travis/build/icyphy/ptII/ptolemy/actor/lib/test/auto/ArrayAppend3.xml
4 ms. Memory: 360448K Free: 223744K (62%)
----------------- Invoking toplevel() on ptolemy.moml.MoMLSimpleApplication@457689e9
----------------- Done invoking toplevel() on ptolemy.moml.MoMLSimpleApplication@457689e9
reloadAllAccessors: .ArrayAppend3

===========================================================================================
----------------- testing Tue Jul 14 15:07:28 UTC 2020 /home/travis/build/icyphy/ptII/ptolemy/actor/lib/test/auto/ArrayAppend4.xml
----------------- Instantiating /home/travis/build/icyphy/ptII/ptolemy/actor/lib/test/auto/ArrayAppend4.xml
3 ms. Memory: 360448K Free: 218110K (61%)
----------------- Invoking toplevel() on ptolemy.moml.MoMLSimpleApplication@25e025f0
----------------- Done invoking toplevel() on ptolemy.moml.MoMLSimpleApplication@25e025f0
reloadAllAccessors: .ArrayAppend4

===========================================================================================
----------------- testing Tue Jul 14 15:07:28 UTC 2020 /home/travis/build/icyphy/ptII/ptolemy/actor/lib/test/auto/ArrayAppend5.xml
----------------- Instantiating /home/travis/build/icyphy/ptII/ptolemy/actor/lib/test/auto/ArrayAppend5.xml
3 ms. Memory: 360448K Free: 212990K (59%)
----------------- Invoking toplevel() on ptolemy.moml.MoMLSimpleApplication@75ef471a
----------------- Done invoking toplevel() on ptolemy.moml.MoMLSimpleApplication@75ef471a
reloadAllAccessors: .ArrayAppend5

===========================================================================================
----------------- testing Tue Jul 14 15:07:28 UTC 2020 /home/travis/build/icyphy/ptII/ptolemy/actor/lib/test/auto/ArrayAppend6.xml
----------------- Instantiating /home/travis/build/icyphy/ptII/ptolemy/actor/lib/test/auto/ArrayAppend6.xml
3 ms. Memory: 360448K Free: 207870K (58%)
----------------- Invoking toplevel() on ptolemy.moml.MoMLSimpleApplication@5d09cfa9
----------------- Done invoking toplevel() on ptolemy.moml.MoMLSimpleApplication@5d09cfa9
reloadAllAccessors: .ArrayAppend6

===========================================================================================
----------------- testing Tue Jul 14 15:07:28 UTC 2020 /home/travis/build/icyphy/ptII/ptolemy/actor/lib/test/auto/ArrayAppendPerformanceTest.xml
----------------- Instantiating /home/travis/build/icyphy/ptII/ptolemy/actor/lib/test/auto/ArrayAppendPerformanceTest.xml
33 ms. Memory: 360448K Free: 196606K (55%)
----------------- Invoking toplevel() on ptolemy.moml.MoMLSimpleApplication@56622cfa
----------------- Done invoking toplevel() on ptolemy.moml.MoMLSimpleApplication@56622cfa
reloadAllAccessors: .ArrayAppendPerformanceTest

===========================================================================================
----------------- testing Tue Jul 14 15:07:28 UTC 2020 /home/travis/build/icyphy/ptII/ptolemy/actor/lib/test/auto/ArrayAppendWithEmptyInput.xml
----------------- Instantiating /home/travis/build/icyphy/ptII/ptolemy/actor/lib/test/auto/ArrayAppendWithEmptyInput.xml
20 ms. Memory: 360448K Free: 188414K (52%)
----------------- Invoking toplevel() on ptolemy.moml.MoMLSimpleApplication@66760856
----------------- Done invoking toplevel() on ptolemy.moml.MoMLSimpleApplication@66760856
reloadAllAccessors: .ArrayAppendWithEmptyInput

===========================================================================================
----------------- testing Tue Jul 14 15:07:28 UTC 2020 /home/travis/build/icyphy/ptII/ptolemy/actor/lib/test/auto/ArrayAverage.xml
----------------- Instantiating /home/travis/build/icyphy/ptII/ptolemy/actor/lib/test/auto/ArrayAverage.xml
16 ms. Memory: 360448K Free: 180222K (50%)
----------------- Invoking toplevel() on ptolemy.moml.MoMLSimpleApplication@6e23d8d9
----------------- Done invoking toplevel() on ptolemy.moml.MoMLSimpleApplication@6e23d8d9
reloadAllAccessors: .ArrayAverage

===========================================================================================
----------------- testing Tue Jul 14 15:07:29 UTC 2020 /home/travis/build/icyphy/ptII/ptolemy/actor/lib/test/auto/ArrayContains.xml
----------------- Instantiating /home/travis/build/icyphy/ptII/ptolemy/actor/lib/test/auto/ArrayContains.xml
10 ms. Memory: 360448K Free: 174592K (48%)
----------------- Invoking toplevel() on ptolemy.moml.MoMLSimpleApplication@3270c732
----------------- Done invoking toplevel() on ptolemy.moml.MoMLSimpleApplication@3270c732
reloadAllAccessors: .ArrayContains

===========================================================================================
----------------- testing Tue Jul 14 15:07:29 UTC 2020 /home/travis/build/icyphy/ptII/ptolemy/actor/lib/test/auto/ArrayElement.xml
----------------- Instantiating /home/travis/build/icyphy/ptII/ptolemy/actor/lib/test/auto/ArrayElement.xml
6 ms. Memory: 360448K Free: 168448K (47%)
----------------- Invoking toplevel() on ptolemy.moml.MoMLSimpleApplication@5f3f3e04
----------------- Done invoking toplevel() on ptolemy.moml.MoMLSimpleApplication@5f3f3e04
reloadAllAccessors: .ArrayElement

===========================================================================================
----------------- testing Tue Jul 14 15:07:29 UTC 2020 /home/travis/build/icyphy/ptII/ptolemy/actor/lib/test/auto/ArrayElementAsMatrix.xml
----------------- Instantiating /home/travis/build/icyphy/ptII/ptolemy/actor/lib/test/auto/ArrayElementAsMatrix.xml
19 ms. Memory: 360448K Free: 158718K (44%)
----------------- Invoking toplevel() on ptolemy.moml.MoMLSimpleApplication@36df87ba
----------------- Done invoking toplevel() on ptolemy.moml.MoMLSimpleApplication@36df87ba
reloadAllAccessors: .ArrayElementAsMatrix

===========================================================================================
----------------- testing Tue Jul 14 15:07:29 UTC 2020 /home/travis/build/icyphy/ptII/ptolemy/actor/lib/test/auto/ArrayElementI.xml
----------------- Instantiating /home/travis/build/icyphy/ptII/ptolemy/actor/lib/test/auto/ArrayElementI.xml
4 ms. Memory: 360448K Free: 153088K (42%)
----------------- Invoking toplevel() on ptolemy.moml.MoMLSimpleApplication@3723f54d
----------------- Done invoking toplevel() on ptolemy.moml.MoMLSimpleApplication@3723f54d
reloadAllAccessors: .ArrayElementI

===========================================================================================
----------------- testing Tue Jul 14 15:07:29 UTC 2020 /home/travis/build/icyphy/ptII/ptolemy/actor/lib/test/auto/ArrayExtract.xml
----------------- Instantiating /home/travis/build/icyphy/ptII/ptolemy/actor/lib/test/auto/ArrayExtract.xml
7 ms. Memory: 360448K Free: 144896K (40%)
----------------- Invoking toplevel() on ptolemy.moml.MoMLSimpleApplication@57303b6e
----------------- Done invoking toplevel() on ptolemy.moml.MoMLSimpleApplication@57303b6e
reloadAllAccessors: .ArrayExtract

===========================================================================================
----------------- testing Tue Jul 14 15:07:29 UTC 2020 /home/travis/build/icyphy/ptII/ptolemy/actor/lib/test/auto/ArrayExtract2.xml
----------------- Instantiating /home/travis/build/icyphy/ptII/ptolemy/actor/lib/test/auto/ArrayExtract2.xml
2 ms. Memory: 360448K Free: 139247K (39%)
----------------- Invoking toplevel() on ptolemy.moml.MoMLSimpleApplication@67d280df
----------------- Done invoking toplevel() on ptolemy.moml.MoMLSimpleApplication@67d280df
reloadAllAccessors: .ArrayExtract2

===========================================================================================
----------------- testing Tue Jul 14 15:07:29 UTC 2020 /home/travis/build/icyphy/ptII/ptolemy/actor/lib/test/auto/ArrayLength.xml
----------------- Instantiating /home/travis/build/icyphy/ptII/ptolemy/actor/lib/test/auto/ArrayLength.xml
2 ms. Memory: 360448K Free: 305647K (85%)
----------------- Invoking toplevel() on ptolemy.moml.MoMLSimpleApplication@32ecfaa
----------------- Done invoking toplevel() on ptolemy.moml.MoMLSimpleApplication@32ecfaa
reloadAllAccessors: .ArrayLength

===========================================================================================
----------------- testing Tue Jul 14 15:07:29 UTC 2020 /home/travis/build/icyphy/ptII/ptolemy/actor/lib/test/auto/ArrayLevelCrossing.xml
----------------- Instantiating /home/travis/build/icyphy/ptII/ptolemy/actor/lib/test/auto/ArrayLevelCrossing.xml
4 ms. Memory: 360448K Free: 296960K (82%)
----------------- Invoking toplevel() on ptolemy.moml.MoMLSimpleApplication@67024c60
----------------- Done invoking toplevel() on ptolemy.moml.MoMLSimpleApplication@67024c60
reloadAllAccessors: .ArrayLevelCrossing

===========================================================================================
----------------- testing Tue Jul 14 15:07:29 UTC 2020 /home/travis/build/icyphy/ptII/ptolemy/actor/lib/test/auto/ArrayLevelCrossing2.xml
----------------- Instantiating /home/travis/build/icyphy/ptII/ptolemy/actor/lib/test/auto/ArrayLevelCrossing2.xml
3 ms. Memory: 360448K Free: 289792K (80%)
----------------- Invoking toplevel() on ptolemy.moml.MoMLSimpleApplication@7de616
----------------- Done invoking toplevel() on ptolemy.moml.MoMLSimpleApplication@7de616
reloadAllAccessors: .ArrayLevelCrossing2

===========================================================================================
----------------- testing Tue Jul 14 15:07:29 UTC 2020 /home/travis/build/icyphy/ptII/ptolemy/actor/lib/test/auto/ArrayPeakSearch.xml
----------------- Instantiating /home/travis/build/icyphy/ptII/ptolemy/actor/lib/test/auto/ArrayPeakSearch.xml
6 ms. Memory: 360448K Free: 280576K (78%)
----------------- Invoking toplevel() on ptolemy.moml.MoMLSimpleApplication@5535e50e
----------------- Done invoking toplevel() on ptolemy.moml.MoMLSimpleApplication@5535e50e
reloadAllAccessors: .ArrayPeakSearch

===========================================================================================
----------------- testing Tue Jul 14 15:07:29 UTC 2020 /home/travis/build/icyphy/ptII/ptolemy/actor/lib/test/auto/ArrayPeakSearch2.xml
----------------- Instantiating /home/travis/build/icyphy/ptII/ptolemy/actor/lib/test/auto/ArrayPeakSearch2.xml
5 ms. Memory: 360448K Free: 270336K (75%)
----------------- Invoking toplevel() on ptolemy.moml.MoMLSimpleApplication@58b5bbed
----------------- Done invoking toplevel() on ptolemy.moml.MoMLSimpleApplication@58b5bbed
reloadAllAccessors: .ArrayPeakSearch2

===========================================================================================
----------------- testing Tue Jul 14 15:07:29 UTC 2020 /home/travis/build/icyphy/ptII/ptolemy/actor/lib/test/auto/ArrayPeakSearch3.xml
----------------- Instantiating /home/travis/build/icyphy/ptII/ptolemy/actor/lib/test/auto/ArrayPeakSearch3.xml
5 ms. Memory: 360448K Free: 261120K (72%)
----------------- Invoking toplevel() on ptolemy.moml.MoMLSimpleApplication@6915499d
----------------- Done invoking toplevel() on ptolemy.moml.MoMLSimpleApplication@6915499d
reloadAllAccessors: .ArrayPeakSearch3

===========================================================================================
----------------- testing Tue Jul 14 15:07:29 UTC 2020 /home/travis/build/icyphy/ptII/ptolemy/actor/lib/test/auto/ArrayRemoveElement.xml
----------------- Instantiating /home/travis/build/icyphy/ptII/ptolemy/actor/lib/test/auto/ArrayRemoveElement.xml
3 ms. Memory: 360448K Free: 253438K (70%)
----------------- Invoking toplevel() on ptolemy.moml.MoMLSimpleApplication@b696bb4
----------------- Done invoking toplevel() on ptolemy.moml.MoMLSimpleApplication@b696bb4
reloadAllAccessors: .ArrayRemoveElement

===========================================================================================
----------------- testing Tue Jul 14 15:07:29 UTC 2020 /home/travis/build/icyphy/ptII/ptolemy/actor/lib/test/auto/ArraySort.xml
----------------- Instantiating /home/travis/build/icyphy/ptII/ptolemy/actor/lib/test/auto/ArraySort.xml
10 ms. Memory: 360448K Free: 244222K (68%)
----------------- Invoking toplevel() on ptolemy.moml.MoMLSimpleApplication@ca0aa6
----------------- Done invoking toplevel() on ptolemy.moml.MoMLSimpleApplication@ca0aa6
reloadAllAccessors: .ArraySort

===========================================================================================
----------------- testing Tue Jul 14 15:07:29 UTC 2020 /home/travis/build/icyphy/ptII/ptolemy/actor/lib/test/auto/ArraySum.xml
----------------- Instantiating /home/travis/build/icyphy/ptII/ptolemy/actor/lib/test/auto/ArraySum.xml
4 ms. Memory: 360448K Free: 239102K (66%)
----------------- Invoking toplevel() on ptolemy.moml.MoMLSimpleApplication@73400562
----------------- Done invoking toplevel() on ptolemy.moml.MoMLSimpleApplication@73400562
reloadAllAccessors: .ArraySum

===========================================================================================
----------------- testing Tue Jul 14 15:07:29 UTC 2020 /home/travis/build/icyphy/ptII/ptolemy/actor/lib/test/auto/ArrayToElements.xml
----------------- Instantiating /home/travis/build/icyphy/ptII/ptolemy/actor/lib/test/auto/ArrayToElements.xml
6 ms. Memory: 360448K Free: 233472K (65%)
----------------- Invoking toplevel() on ptolemy.moml.MoMLSimpleApplication@62d0795d
----------------- Done invoking toplevel() on ptolemy.moml.MoMLSimpleApplication@62d0795d
reloadAllAccessors: .ArrayToElements

===========================================================================================
----------------- testing Tue Jul 14 15:07:29 UTC 2020 /home/travis/build/icyphy/ptII/ptolemy/actor/lib/test/auto/ArrayToMatrix.xml
----------------- Instantiating /home/travis/build/icyphy/ptII/ptolemy/actor/lib/test/auto/ArrayToMatrix.xml
9 ms. Memory: 360448K Free: 219646K (61%)
----------------- Invoking toplevel() on ptolemy.moml.MoMLSimpleApplication@753975d2
----------------- Done invoking toplevel() on ptolemy.moml.MoMLSimpleApplication@753975d2
reloadAllAccessors: .ArrayToMatrix

===========================================================================================
----------------- testing Tue Jul 14 15:07:29 UTC 2020 /home/travis/build/icyphy/ptII/ptolemy/actor/lib/test/auto/ArrayUpdate1.xml
----------------- Instantiating /home/travis/build/icyphy/ptII/ptolemy/actor/lib/test/auto/ArrayUpdate1.xml
17 ms. Memory: 360448K Free: 214526K (60%)
----------------- Invoking toplevel() on ptolemy.moml.MoMLSimpleApplication@3f3e30d8
----------------- Done invoking toplevel() on ptolemy.moml.MoMLSimpleApplication@3f3e30d8
reloadAllAccessors: .ArrayUpdate1

===========================================================================================
----------------- testing Tue Jul 14 15:07:29 UTC 2020 /home/travis/build/icyphy/ptII/ptolemy/actor/lib/test/auto/ArrayUpdate2.xml
----------------- Instantiating /home/travis/build/icyphy/ptII/ptolemy/actor/lib/test/auto/ArrayUpdate2.xml
5 ms. Memory: 360448K Free: 208367K (58%)
----------------- Invoking toplevel() on ptolemy.moml.MoMLSimpleApplication@52efc537
----------------- Done invoking toplevel() on ptolemy.moml.MoMLSimpleApplication@52efc537
reloadAllAccessors: .ArrayUpdate2

===========================================================================================
----------------- testing Tue Jul 14 15:07:29 UTC 2020 /home/travis/build/icyphy/ptII/ptolemy/actor/lib/test/auto/ArrayUpdate3.xml
----------------- Instantiating /home/travis/build/icyphy/ptII/ptolemy/actor/lib/test/auto/ArrayUpdate3.xml
5 ms. Memory: 360448K Free: 203262K (56%)
----------------- Invoking toplevel() on ptolemy.moml.MoMLSimpleApplication@7071eea9
----------------- Done invoking toplevel() on ptolemy.moml.MoMLSimpleApplication@7071eea9
reloadAllAccessors: .ArrayUpdate3

===========================================================================================
----------------- testing Tue Jul 14 15:07:29 UTC 2020 /home/travis/build/icyphy/ptII/ptolemy/actor/lib/test/auto/Assert1.xml
----------------- Instantiating /home/travis/build/icyphy/ptII/ptolemy/actor/lib/test/auto/Assert1.xml
6 ms. Memory: 360448K Free: 199166K (55%)
----------------- Invoking toplevel() on ptolemy.moml.MoMLSimpleApplication@6c71b552
----------------- Done invoking toplevel() on ptolemy.moml.MoMLSimpleApplication@6c71b552
reloadAllAccessors: .Assert1

===========================================================================================
----------------- testing Tue Jul 14 15:07:29 UTC 2020 /home/travis/build/icyphy/ptII/ptolemy/actor/lib/test/auto/Assert2.xml
----------------- Instantiating /home/travis/build/icyphy/ptII/ptolemy/actor/lib/test/auto/Assert2.xml
2 ms. Memory: 360448K Free: 194046K (54%)
----------------- Invoking toplevel() on ptolemy.moml.MoMLSimpleApplication@654b9de1
----------------- Done invoking toplevel() on ptolemy.moml.MoMLSimpleApplication@654b9de1
reloadAllAccessors: .Assert2

===========================================================================================
----------------- testing Tue Jul 14 15:07:29 UTC 2020 /home/travis/build/icyphy/ptII/ptolemy/actor/lib/test/auto/BooleanMultiplexor.xml
----------------- Instantiating /home/travis/build/icyphy/ptII/ptolemy/actor/lib/test/auto/BooleanMultiplexor.xml
2 ms. Memory: 360448K Free: 188416K (52%)
----------------- Invoking toplevel() on ptolemy.moml.MoMLSimpleApplication@51e1f667
----------------- Done invoking toplevel() on ptolemy.moml.MoMLSimpleApplication@51e1f667
reloadAllAccessors: .BooleanMultiplexor

===========================================================================================
----------------- testing Tue Jul 14 15:07:29 UTC 2020 /home/travis/build/icyphy/ptII/ptolemy/actor/lib/test/auto/BooleanMultiplexor2.xml
----------------- Instantiating /home/travis/build/icyphy/ptII/ptolemy/actor/lib/test/auto/BooleanMultiplexor2.xml
12 ms. Memory: 360448K Free: 181758K (50%)
----------------- Invoking toplevel() on ptolemy.moml.MoMLSimpleApplication@6b32e456
----------------- Done invoking toplevel() on ptolemy.moml.MoMLSimpleApplication@6b32e456
reloadAllAccessors: .BooleanMultiplexor2

===========================================================================================
----------------- testing Tue Jul 14 15:07:29 UTC 2020 /home/travis/build/icyphy/ptII/ptolemy/actor/lib/test/auto/BooleanMultiplexor3.xml
----------------- Instantiating /home/travis/build/icyphy/ptII/ptolemy/actor/lib/test/auto/BooleanMultiplexor3.xml
2 ms. Memory: 360448K Free: 178176K (49%)
----------------- Invoking toplevel() on ptolemy.moml.MoMLSimpleApplication@1094dbed
----------------- Done invoking toplevel() on ptolemy.moml.MoMLSimpleApplication@1094dbed
reloadAllAccessors: .BooleanMultiplexor3

===========================================================================================
----------------- testing Tue Jul 14 15:07:29 UTC 2020 /home/travis/build/icyphy/ptII/ptolemy/actor/lib/test/auto/BooleanSelect.xml
----------------- Instantiating /home/travis/build/icyphy/ptII/ptolemy/actor/lib/test/auto/BooleanSelect.xml
8 ms. Memory: 360448K Free: 172030K (48%)
----------------- Invoking toplevel() on ptolemy.moml.MoMLSimpleApplication@66371957
----------------- Done invoking toplevel() on ptolemy.moml.MoMLSimpleApplication@66371957
reloadAllAccessors: .BooleanSelect

===========================================================================================
----------------- testing Tue Jul 14 15:07:29 UTC 2020 /home/travis/build/icyphy/ptII/ptolemy/actor/lib/test/auto/BooleanSelect2.xml
----------------- Instantiating /home/travis/build/icyphy/ptII/ptolemy/actor/lib/test/auto/BooleanSelect2.xml
2 ms. Memory: 360448K Free: 167936K (47%)
----------------- Invoking toplevel() on ptolemy.moml.MoMLSimpleApplication@1a0997cd
----------------- Done invoking toplevel() on ptolemy.moml.MoMLSimpleApplication@1a0997cd
reloadAllAccessors: .BooleanSelect2

===========================================================================================
----------------- testing Tue Jul 14 15:07:29 UTC 2020 /home/travis/build/icyphy/ptII/ptolemy/actor/lib/test/auto/BooleanSwitch.xml
----------------- Instantiating /home/travis/build/icyphy/ptII/ptolemy/actor/lib/test/auto/BooleanSwitch.xml
5 ms. Memory: 360448K Free: 161278K (45%)
----------------- Invoking toplevel() on ptolemy.moml.MoMLSimpleApplication@2c2cde22
----------------- Done invoking toplevel() on ptolemy.moml.MoMLSimpleApplication@2c2cde22
reloadAllAccessors: .BooleanSwitch

===========================================================================================
----------------- testing Tue Jul 14 15:07:29 UTC 2020 /home/travis/build/icyphy/ptII/ptolemy/actor/lib/test/auto/BooleanSwitch2.xml
----------------- Instantiating /home/travis/build/icyphy/ptII/ptolemy/actor/lib/test/auto/BooleanSwitch2.xml
1 ms. Memory: 360448K Free: 157182K (44%)
----------------- Invoking toplevel() on ptolemy.moml.MoMLSimpleApplication@4014ba76
----------------- Done invoking toplevel() on ptolemy.moml.MoMLSimpleApplication@4014ba76
reloadAllAccessors: .BooleanSwitch2

===========================================================================================
----------------- testing Tue Jul 14 15:07:29 UTC 2020 /home/travis/build/icyphy/ptII/ptolemy/actor/lib/test/auto/BooleanSwitchCloningBugWithClassRelationGroup.xml
----------------- Instantiating /home/travis/build/icyphy/ptII/ptolemy/actor/lib/test/auto/BooleanSwitchCloningBugWithClassRelationGroup.xml
3 ms. Memory: 360448K Free: 150528K (42%)
----------------- Invoking toplevel() on ptolemy.moml.MoMLSimpleApplication@565c967f
----------------- Done invoking toplevel() on ptolemy.moml.MoMLSimpleApplication@565c967f
reloadAllAccessors: .BooleanSwitchCloningBugWithClassRelationGroup

===========================================================================================
----------------- testing Tue Jul 14 15:07:29 UTC 2020 /home/travis/build/icyphy/ptII/ptolemy/actor/lib/test/auto/BusActors.xml
----------------- Instantiating /home/travis/build/icyphy/ptII/ptolemy/actor/lib/test/auto/BusActors.xml
5 ms. Memory: 360448K Free: 142846K (40%)
----------------- Invoking toplevel() on ptolemy.moml.MoMLSimpleApplication@30842945
----------------- Done invoking toplevel() on ptolemy.moml.MoMLSimpleApplication@30842945
reloadAllAccessors: .BusActors

===========================================================================================
----------------- testing Tue Jul 14 15:07:30 UTC 2020 /home/travis/build/icyphy/ptII/ptolemy/actor/lib/test/auto/ClassWrapper.xml
----------------- Instantiating /home/travis/build/icyphy/ptII/ptolemy/actor/lib/test/auto/ClassWrapper.xml
2 ms. Memory: 360448K Free: 138240K (38%)
----------------- Invoking toplevel() on ptolemy.moml.MoMLSimpleApplication@11733641
----------------- Done invoking toplevel() on ptolemy.moml.MoMLSimpleApplication@11733641
reloadAllAccessors: .ClassWrapper

===========================================================================================
----------------- testing Tue Jul 14 15:07:30 UTC 2020 /home/travis/build/icyphy/ptII/ptolemy/actor/lib/test/auto/Clock.xml
----------------- Instantiating /home/travis/build/icyphy/ptII/ptolemy/actor/lib/test/auto/Clock.xml
2 ms. Memory: 360448K Free: 134654K (37%)
----------------- Invoking toplevel() on ptolemy.moml.MoMLSimpleApplication@273afac5
----------------- Done invoking toplevel() on ptolemy.moml.MoMLSimpleApplication@273afac5
reloadAllAccessors: .Clock

===========================================================================================
----------------- testing Tue Jul 14 15:07:30 UTC 2020 /home/travis/build/icyphy/ptII/ptolemy/actor/lib/test/auto/Clock10.xml
----------------- Instantiating /home/travis/build/icyphy/ptII/ptolemy/actor/lib/test/auto/Clock10.xml
4 ms. Memory: 360448K Free: 128510K (36%)
----------------- Invoking toplevel() on ptolemy.moml.MoMLSimpleApplication@2ad23297
----------------- Done invoking toplevel() on ptolemy.moml.MoMLSimpleApplication@2ad23297
reloadAllAccessors: .Clock10

===========================================================================================
----------------- testing Tue Jul 14 15:07:30 UTC 2020 /home/travis/build/icyphy/ptII/ptolemy/actor/lib/test/auto/Clock11.xml
----------------- Instantiating /home/travis/build/icyphy/ptII/ptolemy/actor/lib/test/auto/Clock11.xml
4 ms. Memory: 360448K Free: 122366K (34%)
----------------- Invoking toplevel() on ptolemy.moml.MoMLSimpleApplication@4c586ec5
----------------- Done invoking toplevel() on ptolemy.moml.MoMLSimpleApplication@4c586ec5
reloadAllAccessors: .Clock11

===========================================================================================
----------------- testing Tue Jul 14 15:07:30 UTC 2020 /home/travis/build/icyphy/ptII/ptolemy/actor/lib/test/auto/Clock12.xml
----------------- Instantiating /home/travis/build/icyphy/ptII/ptolemy/actor/lib/test/auto/Clock12.xml
5 ms. Memory: 360448K Free: 116736K (32%)
----------------- Invoking toplevel() on ptolemy.moml.MoMLSimpleApplication@6eeb772
----------------- Done invoking toplevel() on ptolemy.moml.MoMLSimpleApplication@6eeb772
reloadAllAccessors: .Clock12

===========================================================================================
----------------- testing Tue Jul 14 15:07:30 UTC 2020 /home/travis/build/icyphy/ptII/ptolemy/actor/lib/test/auto/Clock13.xml
----------------- Instantiating /home/travis/build/icyphy/ptII/ptolemy/actor/lib/test/auto/Clock13.xml
3 ms. Memory: 360448K Free: 110592K (31%)
----------------- Invoking toplevel() on ptolemy.moml.MoMLSimpleApplication@178db6b1
----------------- Done invoking toplevel() on ptolemy.moml.MoMLSimpleApplication@178db6b1
reloadAllAccessors: .Clock13

===========================================================================================
----------------- testing Tue Jul 14 15:07:30 UTC 2020 /home/travis/build/icyphy/ptII/ptolemy/actor/lib/test/auto/Clock14.xml
----------------- Instantiating /home/travis/build/icyphy/ptII/ptolemy/actor/lib/test/auto/Clock14.xml
3 ms. Memory: 360448K Free: 104927K (29%)
----------------- Invoking toplevel() on ptolemy.moml.MoMLSimpleApplication@65025812
----------------- Done invoking toplevel() on ptolemy.moml.MoMLSimpleApplication@65025812
reloadAllAccessors: .Clock14

===========================================================================================
----------------- testing Tue Jul 14 15:07:30 UTC 2020 /home/travis/build/icyphy/ptII/ptolemy/actor/lib/test/auto/Clock15.xml
----------------- Instantiating /home/travis/build/icyphy/ptII/ptolemy/actor/lib/test/auto/Clock15.xml
2 ms. Memory: 360448K Free: 98783K (27%)
----------------- Invoking toplevel() on ptolemy.moml.MoMLSimpleApplication@206299c0
----------------- Done invoking toplevel() on ptolemy.moml.MoMLSimpleApplication@206299c0
reloadAllAccessors: .Clock15

===========================================================================================
----------------- testing Tue Jul 14 15:07:30 UTC 2020 /home/travis/build/icyphy/ptII/ptolemy/actor/lib/test/auto/Clock16.xml
----------------- Instantiating /home/travis/build/icyphy/ptII/ptolemy/actor/lib/test/auto/Clock16.xml
42 ms. Memory: 360448K Free: 294391K (82%)
----------------- Invoking toplevel() on ptolemy.moml.MoMLSimpleApplication@4f39328f
----------------- Done invoking toplevel() on ptolemy.moml.MoMLSimpleApplication@4f39328f
reloadAllAccessors: .Clock16

===========================================================================================
----------------- testing Tue Jul 14 15:07:30 UTC 2020 /home/travis/build/icyphy/ptII/ptolemy/actor/lib/test/auto/Clock17.xml
----------------- Instantiating /home/travis/build/icyphy/ptII/ptolemy/actor/lib/test/auto/Clock17.xml
13 ms. Memory: 360448K Free: 280047K (78%)
----------------- Invoking toplevel() on ptolemy.moml.MoMLSimpleApplication@108bb0cf
----------------- Done invoking toplevel() on ptolemy.moml.MoMLSimpleApplication@108bb0cf
reloadAllAccessors: .Clock17

===========================================================================================
----------------- testing Tue Jul 14 15:07:30 UTC 2020 /home/travis/build/icyphy/ptII/ptolemy/actor/lib/test/auto/Clock18.xml
----------------- Instantiating /home/travis/build/icyphy/ptII/ptolemy/actor/lib/test/auto/Clock18.xml
13 ms. Memory: 360448K Free: 266240K (74%)
----------------- Invoking toplevel() on ptolemy.moml.MoMLSimpleApplication@7d313075
----------------- Done invoking toplevel() on ptolemy.moml.MoMLSimpleApplication@7d313075
reloadAllAccessors: .Clock18

===========================================================================================
----------------- testing Tue Jul 14 15:07:30 UTC 2020 /home/travis/build/icyphy/ptII/ptolemy/actor/lib/test/auto/Clock19.xml
----------------- Instantiating /home/travis/build/icyphy/ptII/ptolemy/actor/lib/test/auto/Clock19.xml
12 ms. Memory: 360448K Free: 253438K (70%)
----------------- Invoking toplevel() on ptolemy.moml.MoMLSimpleApplication@6d867a00
----------------- Done invoking toplevel() on ptolemy.moml.MoMLSimpleApplication@6d867a00
reloadAllAccessors: .Clock19

===========================================================================================
----------------- testing Tue Jul 14 15:07:30 UTC 2020 /home/travis/build/icyphy/ptII/ptolemy/actor/lib/test/auto/Clock2.xml
----------------- Instantiating /home/travis/build/icyphy/ptII/ptolemy/actor/lib/test/auto/Clock2.xml
5 ms. Memory: 360448K Free: 248832K (69%)
----------------- Invoking toplevel() on ptolemy.moml.MoMLSimpleApplication@509f15bb
----------------- Done invoking toplevel() on ptolemy.moml.MoMLSimpleApplication@509f15bb
reloadAllAccessors: .Clock2

===========================================================================================
----------------- testing Tue Jul 14 15:07:30 UTC 2020 /home/travis/build/icyphy/ptII/ptolemy/actor/lib/test/auto/Clock20.xml
----------------- Instantiating /home/travis/build/icyphy/ptII/ptolemy/actor/lib/test/auto/Clock20.xml
8 ms. Memory: 360448K Free: 243712K (68%)
----------------- Invoking toplevel() on ptolemy.moml.MoMLSimpleApplication@23ee3c66
----------------- Done invoking toplevel() on ptolemy.moml.MoMLSimpleApplication@23ee3c66
reloadAllAccessors: .Clock20

===========================================================================================
----------------- testing Tue Jul 14 15:07:30 UTC 2020 /home/travis/build/icyphy/ptII/ptolemy/actor/lib/test/auto/Clock21.xml
----------------- Instantiating /home/travis/build/icyphy/ptII/ptolemy/actor/lib/test/auto/Clock21.xml
6 ms. Memory: 360448K Free: 238078K (66%)
----------------- Invoking toplevel() on ptolemy.moml.MoMLSimpleApplication@36f64869
----------------- Done invoking toplevel() on ptolemy.moml.MoMLSimpleApplication@36f64869
reloadAllAccessors: .Clock21

===========================================================================================
----------------- testing Tue Jul 14 15:07:30 UTC 2020 /home/travis/build/icyphy/ptII/ptolemy/actor/lib/test/auto/Clock22.xml
----------------- Instantiating /home/travis/build/icyphy/ptII/ptolemy/actor/lib/test/auto/Clock22.xml
4 ms. Memory: 360448K Free: 232958K (65%)
----------------- Invoking toplevel() on ptolemy.moml.MoMLSimpleApplication@4235cb49
----------------- Done invoking toplevel() on ptolemy.moml.MoMLSimpleApplication@4235cb49
reloadAllAccessors: .Clock22

===========================================================================================
----------------- testing Tue Jul 14 15:07:30 UTC 2020 /home/travis/build/icyphy/ptII/ptolemy/actor/lib/test/auto/Clock23.xml
----------------- Instantiating /home/travis/build/icyphy/ptII/ptolemy/actor/lib/test/auto/Clock23.xml
5 ms. Memory: 360448K Free: 227328K (63%)
----------------- Invoking toplevel() on ptolemy.moml.MoMLSimpleApplication@1ae7d63d
----------------- Done invoking toplevel() on ptolemy.moml.MoMLSimpleApplication@1ae7d63d
reloadAllAccessors: .Clock23

===========================================================================================
----------------- testing Tue Jul 14 15:07:30 UTC 2020 /home/travis/build/icyphy/ptII/ptolemy/actor/lib/test/auto/Clock24.xml
----------------- Instantiating /home/travis/build/icyphy/ptII/ptolemy/actor/lib/test/auto/Clock24.xml
4 ms. Memory: 360448K Free: 221694K (62%)
----------------- Invoking toplevel() on ptolemy.moml.MoMLSimpleApplication@506a44cf
----------------- Done invoking toplevel() on ptolemy.moml.MoMLSimpleApplication@506a44cf
reloadAllAccessors: .Clock24

===========================================================================================
----------------- testing Tue Jul 14 15:07:30 UTC 2020 /home/travis/build/icyphy/ptII/ptolemy/actor/lib/test/auto/Clock4.xml
----------------- Instantiating /home/travis/build/icyphy/ptII/ptolemy/actor/lib/test/auto/Clock4.xml
1 ms. Memory: 360448K Free: 217088K (60%)
----------------- Invoking toplevel() on ptolemy.moml.MoMLSimpleApplication@7662bca7
----------------- Done invoking toplevel() on ptolemy.moml.MoMLSimpleApplication@7662bca7
reloadAllAccessors: .Clock4

===========================================================================================
----------------- testing Tue Jul 14 15:07:30 UTC 2020 /home/travis/build/icyphy/ptII/ptolemy/actor/lib/test/auto/Clock5.xml
----------------- Instantiating /home/travis/build/icyphy/ptII/ptolemy/actor/lib/test/auto/Clock5.xml
3 ms. Memory: 360448K Free: 211454K (59%)
----------------- Invoking toplevel() on ptolemy.moml.MoMLSimpleApplication@33e8cd97
----------------- Done invoking toplevel() on ptolemy.moml.MoMLSimpleApplication@33e8cd97
reloadAllAccessors: .Clock5

===========================================================================================
----------------- testing Tue Jul 14 15:07:30 UTC 2020 /home/travis/build/icyphy/ptII/ptolemy/actor/lib/test/auto/Clock6.xml
----------------- Instantiating /home/travis/build/icyphy/ptII/ptolemy/actor/lib/test/auto/Clock6.xml
1 ms. Memory: 360448K Free: 207358K (58%)
----------------- Invoking toplevel() on ptolemy.moml.MoMLSimpleApplication@1e8a858f
----------------- Done invoking toplevel() on ptolemy.moml.MoMLSimpleApplication@1e8a858f
reloadAllAccessors: .Clock6

===========================================================================================
----------------- testing Tue Jul 14 15:07:30 UTC 2020 /home/travis/build/icyphy/ptII/ptolemy/actor/lib/test/auto/Clock7.xml
----------------- Instantiating /home/travis/build/icyphy/ptII/ptolemy/actor/lib/test/auto/Clock7.xml
2 ms. Memory: 360448K Free: 202238K (56%)
----------------- Invoking toplevel() on ptolemy.moml.MoMLSimpleApplication@7446f0db
----------------- Done invoking toplevel() on ptolemy.moml.MoMLSimpleApplication@7446f0db
reloadAllAccessors: .Clock7

===========================================================================================
----------------- testing Tue Jul 14 15:07:30 UTC 2020 /home/travis/build/icyphy/ptII/ptolemy/actor/lib/test/auto/Clock8.xml
----------------- Instantiating /home/travis/build/icyphy/ptII/ptolemy/actor/lib/test/auto/Clock8.xml
3 ms. Memory: 360448K Free: 197111K (55%)
----------------- Invoking toplevel() on ptolemy.moml.MoMLSimpleApplication@1e577c6
----------------- Done invoking toplevel() on ptolemy.moml.MoMLSimpleApplication@1e577c6
reloadAllAccessors: .Clock8

===========================================================================================
----------------- testing Tue Jul 14 15:07:30 UTC 2020 /home/travis/build/icyphy/ptII/ptolemy/actor/lib/test/auto/Clock9.xml
----------------- Instantiating /home/travis/build/icyphy/ptII/ptolemy/actor/lib/test/auto/Clock9.xml
6 ms. Memory: 360448K Free: 191488K (53%)
----------------- Invoking toplevel() on ptolemy.moml.MoMLSimpleApplication@2ede06c5
----------------- Done invoking toplevel() on ptolemy.moml.MoMLSimpleApplication@2ede06c5
reloadAllAccessors: .Clock9

===========================================================================================
----------------- testing Tue Jul 14 15:07:30 UTC 2020 /home/travis/build/icyphy/ptII/ptolemy/actor/lib/test/auto/CommDistDiscard.xml
----------------- Instantiating /home/travis/build/icyphy/ptII/ptolemy/actor/lib/test/auto/CommDistDiscard.xml
2 ms. Memory: 360448K Free: 185854K (52%)
----------------- Invoking toplevel() on ptolemy.moml.MoMLSimpleApplication@1e3df36
----------------- Done invoking toplevel() on ptolemy.moml.MoMLSimpleApplication@1e3df36
reloadAllAccessors: .CommDistDiscard

===========================================================================================
----------------- testing Tue Jul 14 15:07:30 UTC 2020 /home/travis/build/icyphy/ptII/ptolemy/actor/lib/test/auto/Commutator.xml
----------------- Instantiating /home/travis/build/icyphy/ptII/ptolemy/actor/lib/test/auto/Commutator.xml
1 ms. Memory: 360448K Free: 181758K (50%)
----------------- Invoking toplevel() on ptolemy.moml.MoMLSimpleApplication@1e68f9fa
----------------- Done invoking toplevel() on ptolemy.moml.MoMLSimpleApplication@1e68f9fa
reloadAllAccessors: .Commutator

===========================================================================================
----------------- testing Tue Jul 14 15:07:30 UTC 2020 /home/travis/build/icyphy/ptII/ptolemy/actor/lib/test/auto/Commutator2.xml
----------------- Instantiating /home/travis/build/icyphy/ptII/ptolemy/actor/lib/test/auto/Commutator2.xml
1 ms. Memory: 360448K Free: 177152K (49%)
----------------- Invoking toplevel() on ptolemy.moml.MoMLSimpleApplication@12f54ed
----------------- Done invoking toplevel() on ptolemy.moml.MoMLSimpleApplication@12f54ed
reloadAllAccessors: .Commutator2

===========================================================================================
----------------- testing Tue Jul 14 15:07:30 UTC 2020 /home/travis/build/icyphy/ptII/ptolemy/actor/lib/test/auto/Commutator3.xml
----------------- Instantiating /home/travis/build/icyphy/ptII/ptolemy/actor/lib/test/auto/Commutator3.xml
1 ms. Memory: 360448K Free: 173056K (48%)
----------------- Invoking toplevel() on ptolemy.moml.MoMLSimpleApplication@410d407d
----------------- Done invoking toplevel() on ptolemy.moml.MoMLSimpleApplication@410d407d
reloadAllAccessors: .Commutator3

===========================================================================================
----------------- testing Tue Jul 14 15:07:30 UTC 2020 /home/travis/build/icyphy/ptII/ptolemy/actor/lib/test/auto/Compare.xml
----------------- Instantiating /home/travis/build/icyphy/ptII/ptolemy/actor/lib/test/auto/Compare.xml
2 ms. Memory: 360448K Free: 166398K (46%)
----------------- Invoking toplevel() on ptolemy.moml.MoMLSimpleApplication@79f91dd4
----------------- Done invoking toplevel() on ptolemy.moml.MoMLSimpleApplication@79f91dd4
reloadAllAccessors: .Compare

===========================================================================================
----------------- testing Tue Jul 14 15:07:30 UTC 2020 /home/travis/build/icyphy/ptII/ptolemy/actor/lib/test/auto/CompareDE.xml
----------------- Instantiating /home/travis/build/icyphy/ptII/ptolemy/actor/lib/test/auto/CompareDE.xml
4 ms. Memory: 360448K Free: 159215K (44%)
----------------- Invoking toplevel() on ptolemy.moml.MoMLSimpleApplication@42a16e3a
----------------- Done invoking toplevel() on ptolemy.moml.MoMLSimpleApplication@42a16e3a
reloadAllAccessors: .CompareDE

===========================================================================================
----------------- testing Tue Jul 14 15:07:30 UTC 2020 /home/travis/build/icyphy/ptII/ptolemy/actor/lib/test/auto/ComplexDivide.xml
----------------- Instantiating /home/travis/build/icyphy/ptII/ptolemy/actor/lib/test/auto/ComplexDivide.xml
1 ms. Memory: 360448K Free: 155648K (43%)
----------------- Invoking toplevel() on ptolemy.moml.MoMLSimpleApplication@7c3f3e97
----------------- Done invoking toplevel() on ptolemy.moml.MoMLSimpleApplication@7c3f3e97
reloadAllAccessors: .ComplexDivide

===========================================================================================
----------------- testing Tue Jul 14 15:07:30 UTC 2020 /home/travis/build/icyphy/ptII/ptolemy/actor/lib/test/auto/ComputeHistogram.xml
----------------- Instantiating /home/travis/build/icyphy/ptII/ptolemy/actor/lib/test/auto/ComputeHistogram.xml
30 ms. Memory: 360448K Free: 142846K (40%)
----------------- Invoking toplevel() on ptolemy.moml.MoMLSimpleApplication@6e5479e6
----------------- Done invoking toplevel() on ptolemy.moml.MoMLSimpleApplication@6e5479e6
reloadAllAccessors: .ComputeHistogram

===========================================================================================
----------------- testing Tue Jul 14 15:07:30 UTC 2020 /home/travis/build/icyphy/ptII/ptolemy/actor/lib/test/auto/ConfigurationSelect.xml
----------------- Instantiating /home/travis/build/icyphy/ptII/ptolemy/actor/lib/test/auto/ConfigurationSelect.xml
2 ms. Memory: 360448K Free: 137216K (38%)
----------------- Invoking toplevel() on ptolemy.moml.MoMLSimpleApplication@471311ea
----------------- Done invoking toplevel() on ptolemy.moml.MoMLSimpleApplication@471311ea
reloadAllAccessors: .ConfigurationSelect

===========================================================================================
----------------- testing Tue Jul 14 15:07:30 UTC 2020 /home/travis/build/icyphy/ptII/ptolemy/actor/lib/test/auto/ConfigurationSelect2.xml
----------------- Instantiating /home/travis/build/icyphy/ptII/ptolemy/actor/lib/test/auto/ConfigurationSelect2.xml
3 ms. Memory: 360448K Free: 133120K (37%)
----------------- Invoking toplevel() on ptolemy.moml.MoMLSimpleApplication@3be4a186
----------------- Done invoking toplevel() on ptolemy.moml.MoMLSimpleApplication@3be4a186
reloadAllAccessors: .ConfigurationSelect2

===========================================================================================
----------------- testing Tue Jul 14 15:07:30 UTC 2020 /home/travis/build/icyphy/ptII/ptolemy/actor/lib/test/auto/ConfigurationSwitch.xml
----------------- Instantiating /home/travis/build/icyphy/ptII/ptolemy/actor/lib/test/auto/ConfigurationSwitch.xml
2 ms. Memory: 360448K Free: 127486K (35%)
----------------- Invoking toplevel() on ptolemy.moml.MoMLSimpleApplication@5f7d1e4b
----------------- Done invoking toplevel() on ptolemy.moml.MoMLSimpleApplication@5f7d1e4b
reloadAllAccessors: .ConfigurationSwitch

===========================================================================================
----------------- testing Tue Jul 14 15:07:30 UTC 2020 /home/travis/build/icyphy/ptII/ptolemy/actor/lib/test/auto/ConfigurationSwitch2.xml
----------------- Instantiating /home/travis/build/icyphy/ptII/ptolemy/actor/lib/test/auto/ConfigurationSwitch2.xml
1 ms. Memory: 360448K Free: 122366K (34%)
----------------- Invoking toplevel() on ptolemy.moml.MoMLSimpleApplication@2e4425b3
----------------- Done invoking toplevel() on ptolemy.moml.MoMLSimpleApplication@2e4425b3
reloadAllAccessors: .ConfigurationSwitch2

===========================================================================================
----------------- testing Tue Jul 14 15:07:30 UTC 2020 /home/travis/build/icyphy/ptII/ptolemy/actor/lib/test/auto/ConfigurationSwitchCloningBugWithClassRelationGroup.xml
----------------- Instantiating /home/travis/build/icyphy/ptII/ptolemy/actor/lib/test/auto/ConfigurationSwitchCloningBugWithClassRelationGroup.xml
1 ms. Memory: 360448K Free: 115198K (32%)
----------------- Invoking toplevel() on ptolemy.moml.MoMLSimpleApplication@3b9e180c
----------------- Done invoking toplevel() on ptolemy.moml.MoMLSimpleApplication@3b9e180c
reloadAllAccessors: .ConfigurationSwitchCloningBugWithClassRelationGroup

===========================================================================================
----------------- testing Tue Jul 14 15:07:30 UTC 2020 /home/travis/build/icyphy/ptII/ptolemy/actor/lib/test/auto/ConfigurationSwitchSelectSDF.xml
----------------- Instantiating /home/travis/build/icyphy/ptII/ptolemy/actor/lib/test/auto/ConfigurationSwitchSelectSDF.xml
2 ms. Memory: 360448K Free: 109568K (30%)
----------------- Invoking toplevel() on ptolemy.moml.MoMLSimpleApplication@3271b44
----------------- Done invoking toplevel() on ptolemy.moml.MoMLSimpleApplication@3271b44
reloadAllAccessors: .ConfigurationSwitchSelectSDF

===========================================================================================
----------------- testing Tue Jul 14 15:07:31 UTC 2020 /home/travis/build/icyphy/ptII/ptolemy/actor/lib/test/auto/ConfigurationSwitchSelectSDF2.xml
----------------- Instantiating /home/travis/build/icyphy/ptII/ptolemy/actor/lib/test/auto/ConfigurationSwitchSelectSDF2.xml
2 ms. Memory: 360448K Free: 103934K (29%)
----------------- Invoking toplevel() on ptolemy.moml.MoMLSimpleApplication@26650608
----------------- Done invoking toplevel() on ptolemy.moml.MoMLSimpleApplication@26650608
reloadAllAccessors: .ConfigurationSwitchSelectSDF2

===========================================================================================
----------------- testing Tue Jul 14 15:07:31 UTC 2020 /home/travis/build/icyphy/ptII/ptolemy/actor/lib/test/auto/Const.xml
----------------- Instantiating /home/travis/build/icyphy/ptII/ptolemy/actor/lib/test/auto/Const.xml
1 ms. Memory: 360448K Free: 100352K (28%)
----------------- Invoking toplevel() on ptolemy.moml.MoMLSimpleApplication@7e877bf2
----------------- Done invoking toplevel() on ptolemy.moml.MoMLSimpleApplication@7e877bf2
reloadAllAccessors: .Const

===========================================================================================
----------------- testing Tue Jul 14 15:07:31 UTC 2020 /home/travis/build/icyphy/ptII/ptolemy/actor/lib/test/auto/Const2.xml
----------------- Instantiating /home/travis/build/icyphy/ptII/ptolemy/actor/lib/test/auto/Const2.xml
2 ms. Memory: 360448K Free: 305664K (85%)
----------------- Invoking toplevel() on ptolemy.moml.MoMLSimpleApplication@585eee8b
----------------- Done invoking toplevel() on ptolemy.moml.MoMLSimpleApplication@585eee8b
reloadAllAccessors: .Const2

===========================================================================================
----------------- testing Tue Jul 14 15:07:31 UTC 2020 /home/travis/build/icyphy/ptII/ptolemy/actor/lib/test/auto/Const3.xml
----------------- Instantiating /home/travis/build/icyphy/ptII/ptolemy/actor/lib/test/auto/Const3.xml
3 ms. Memory: 360448K Free: 302592K (84%)
----------------- Invoking toplevel() on ptolemy.moml.MoMLSimpleApplication@2a1a9948
----------------- Done invoking toplevel() on ptolemy.moml.MoMLSimpleApplication@2a1a9948
reloadAllAccessors: .Const3

===========================================================================================
----------------- testing Tue Jul 14 15:07:31 UTC 2020 /home/travis/build/icyphy/ptII/ptolemy/actor/lib/test/auto/ConstantPublisherPort1.xml
----------------- Instantiating /home/travis/build/icyphy/ptII/ptolemy/actor/lib/test/auto/ConstantPublisherPort1.xml
6 ms. Memory: 360448K Free: 293376K (81%)
----------------- Invoking toplevel() on ptolemy.moml.MoMLSimpleApplication@2d6cae88
----------------- Done invoking toplevel() on ptolemy.moml.MoMLSimpleApplication@2d6cae88
reloadAllAccessors: .ConstantPublisherPort1

===========================================================================================
----------------- testing Tue Jul 14 15:07:31 UTC 2020 /home/travis/build/icyphy/ptII/ptolemy/actor/lib/test/auto/ConstantPublisherPort2.xml
----------------- Instantiating /home/travis/build/icyphy/ptII/ptolemy/actor/lib/test/auto/ConstantPublisherPort2.xml
10 ms. Memory: 360448K Free: 286208K (79%)
----------------- Invoking toplevel() on ptolemy.moml.MoMLSimpleApplication@126f7ef2
----------------- Done invoking toplevel() on ptolemy.moml.MoMLSimpleApplication@126f7ef2
reloadAllAccessors: .ConstantPublisherPort2

===========================================================================================
----------------- testing Tue Jul 14 15:07:31 UTC 2020 /home/travis/build/icyphy/ptII/ptolemy/actor/lib/test/auto/ConstantPublisherPort3.xml
----------------- Instantiating /home/travis/build/icyphy/ptII/ptolemy/actor/lib/test/auto/ConstantPublisherPort3.xml
5 ms. Memory: 360448K Free: 278016K (77%)
----------------- Invoking toplevel() on ptolemy.moml.MoMLSimpleApplication@4754ae9
----------------- Done invoking toplevel() on ptolemy.moml.MoMLSimpleApplication@4754ae9
reloadAllAccessors: .ConstantPublisherPort3

===========================================================================================
----------------- testing Tue Jul 14 15:07:31 UTC 2020 /home/travis/build/icyphy/ptII/ptolemy/actor/lib/test/auto/ConstantPublisherPort4.xml
----------------- Instantiating /home/travis/build/icyphy/ptII/ptolemy/actor/lib/test/auto/ConstantPublisherPort4.xml
2 ms. Memory: 360448K Free: 270848K (75%)
----------------- Invoking toplevel() on ptolemy.moml.MoMLSimpleApplication@5db9bf88
----------------- Done invoking toplevel() on ptolemy.moml.MoMLSimpleApplication@5db9bf88
reloadAllAccessors: .ConstantPublisherPort4

===========================================================================================
----------------- testing Tue Jul 14 15:07:31 UTC 2020 /home/travis/build/icyphy/ptII/ptolemy/actor/lib/test/auto/ConstantPublisherPort5.xml
----------------- Instantiating /home/travis/build/icyphy/ptII/ptolemy/actor/lib/test/auto/ConstantPublisherPort5.xml
31 ms. Memory: 360448K Free: 261632K (73%)
----------------- Invoking toplevel() on ptolemy.moml.MoMLSimpleApplication@88503e8
----------------- Done invoking toplevel() on ptolemy.moml.MoMLSimpleApplication@88503e8
reloadAllAccessors: .ConstantPublisherPort5

===========================================================================================
----------------- testing Tue Jul 14 15:07:31 UTC 2020 /home/travis/build/icyphy/ptII/ptolemy/actor/lib/test/auto/ConstantPublisherPort6.xml
----------------- Instantiating /home/travis/build/icyphy/ptII/ptolemy/actor/lib/test/auto/ConstantPublisherPort6.xml
13 ms. Memory: 360448K Free: 252416K (70%)
----------------- Invoking toplevel() on ptolemy.moml.MoMLSimpleApplication@2615323a
----------------- Done invoking toplevel() on ptolemy.moml.MoMLSimpleApplication@2615323a
reloadAllAccessors: .ConstantPublisherPort6

===========================================================================================
----------------- testing Tue Jul 14 15:07:31 UTC 2020 /home/travis/build/icyphy/ptII/ptolemy/actor/lib/test/auto/ConstantPublisherPort7.xml
----------------- Instantiating /home/travis/build/icyphy/ptII/ptolemy/actor/lib/test/auto/ConstantPublisherPort7.xml
16 ms. Memory: 360448K Free: 242686K (67%)
----------------- Invoking toplevel() on ptolemy.moml.MoMLSimpleApplication@593f981a
----------------- Done invoking toplevel() on ptolemy.moml.MoMLSimpleApplication@593f981a
reloadAllAccessors: .ConstantPublisherPort7

===========================================================================================
----------------- testing Tue Jul 14 15:07:31 UTC 2020 /home/travis/build/icyphy/ptII/ptolemy/actor/lib/test/auto/ConstraintMonitor1.xml
----------------- Instantiating /home/travis/build/icyphy/ptII/ptolemy/actor/lib/test/auto/ConstraintMonitor1.xml
6 ms. Memory: 360448K Free: 237566K (66%)
----------------- Invoking toplevel() on ptolemy.moml.MoMLSimpleApplication@11ed378e
----------------- Done invoking toplevel() on ptolemy.moml.MoMLSimpleApplication@11ed378e
reloadAllAccessors: .ConstraintMonitor1

===========================================================================================
----------------- testing Tue Jul 14 15:07:31 UTC 2020 /home/travis/build/icyphy/ptII/ptolemy/actor/lib/test/auto/ConstraintMonitor2.xml
----------------- Instantiating /home/travis/build/icyphy/ptII/ptolemy/actor/lib/test/auto/ConstraintMonitor2.xml
4 ms. Memory: 360448K Free: 232960K (65%)
----------------- Invoking toplevel() on ptolemy.moml.MoMLSimpleApplication@1c1e7b0e
----------------- Done invoking toplevel() on ptolemy.moml.MoMLSimpleApplication@1c1e7b0e
reloadAllAccessors: .ConstraintMonitor2

===========================================================================================
----------------- testing Tue Jul 14 15:07:31 UTC 2020 /home/travis/build/icyphy/ptII/ptolemy/actor/lib/test/auto/ConstraintMonitor3.xml
----------------- Instantiating /home/travis/build/icyphy/ptII/ptolemy/actor/lib/test/auto/ConstraintMonitor3.xml
4 ms. Memory: 360448K Free: 228350K (63%)
----------------- Invoking toplevel() on ptolemy.moml.MoMLSimpleApplication@12dbe951
----------------- Done invoking toplevel() on ptolemy.moml.MoMLSimpleApplication@12dbe951
reloadAllAccessors: .ConstraintMonitor3

===========================================================================================
----------------- testing Tue Jul 14 15:07:31 UTC 2020 /home/travis/build/icyphy/ptII/ptolemy/actor/lib/test/auto/ConstraintMonitor4.xml
----------------- Instantiating /home/travis/build/icyphy/ptII/ptolemy/actor/lib/test/auto/ConstraintMonitor4.xml
3 ms. Memory: 360448K Free: 223744K (62%)
----------------- Invoking toplevel() on ptolemy.moml.MoMLSimpleApplication@3c31141
----------------- Done invoking toplevel() on ptolemy.moml.MoMLSimpleApplication@3c31141
reloadAllAccessors: .ConstraintMonitor4

===========================================================================================
----------------- testing Tue Jul 14 15:07:31 UTC 2020 /home/travis/build/icyphy/ptII/ptolemy/actor/lib/test/auto/ConstraintMonitor5.xml
----------------- Instantiating /home/travis/build/icyphy/ptII/ptolemy/actor/lib/test/auto/ConstraintMonitor5.xml
1 ms. Memory: 360448K Free: 218624K (61%)
----------------- Invoking toplevel() on ptolemy.moml.MoMLSimpleApplication@40ac1e10
----------------- Done invoking toplevel() on ptolemy.moml.MoMLSimpleApplication@40ac1e10
reloadAllAccessors: .ConstraintMonitor5

===========================================================================================
----------------- testing Tue Jul 14 15:07:31 UTC 2020 /home/travis/build/icyphy/ptII/ptolemy/actor/lib/test/auto/ConstraintMonitor6.xml
----------------- Instantiating /home/travis/build/icyphy/ptII/ptolemy/actor/lib/test/auto/ConstraintMonitor6.xml
2 ms. Memory: 360448K Free: 212480K (59%)
----------------- Invoking toplevel() on ptolemy.moml.MoMLSimpleApplication@6ba617d1
----------------- Done invoking toplevel() on ptolemy.moml.MoMLSimpleApplication@6ba617d1
reloadAllAccessors: .ConstraintMonitor6

===========================================================================================
----------------- testing Tue Jul 14 15:07:31 UTC 2020 /home/travis/build/icyphy/ptII/ptolemy/actor/lib/test/auto/ConstraintMonitor7.xml
----------------- Instantiating /home/travis/build/icyphy/ptII/ptolemy/actor/lib/test/auto/ConstraintMonitor7.xml
5 ms. Memory: 360448K Free: 206336K (57%)
----------------- Invoking toplevel() on ptolemy.moml.MoMLSimpleApplication@62b1057a
----------------- Done invoking toplevel() on ptolemy.moml.MoMLSimpleApplication@62b1057a
reloadAllAccessors: .ConstraintMonitor7

===========================================================================================
----------------- testing Tue Jul 14 15:07:31 UTC 2020 /home/travis/build/icyphy/ptII/ptolemy/actor/lib/test/auto/ConstraintMonitor8.xml
----------------- Instantiating /home/travis/build/icyphy/ptII/ptolemy/actor/lib/test/auto/ConstraintMonitor8.xml
6 ms. Memory: 360448K Free: 198654K (55%)
----------------- Invoking toplevel() on ptolemy.moml.MoMLSimpleApplication@70e72db4
----------------- Done invoking toplevel() on ptolemy.moml.MoMLSimpleApplication@70e72db4
reloadAllAccessors: .ConstraintMonitor8

===========================================================================================
----------------- testing Tue Jul 14 15:07:31 UTC 2020 /home/travis/build/icyphy/ptII/ptolemy/actor/lib/test/auto/Counter.xml
----------------- Instantiating /home/travis/build/icyphy/ptII/ptolemy/actor/lib/test/auto/Counter.xml
2 ms. Memory: 360448K Free: 193534K (54%)
----------------- Invoking toplevel() on ptolemy.moml.MoMLSimpleApplication@24de94f8
----------------- Done invoking toplevel() on ptolemy.moml.MoMLSimpleApplication@24de94f8
reloadAllAccessors: .Counter

===========================================================================================
----------------- testing Tue Jul 14 15:07:31 UTC 2020 /home/travis/build/icyphy/ptII/ptolemy/actor/lib/test/auto/CurrentTimeSDF.xml
----------------- Instantiating /home/travis/build/icyphy/ptII/ptolemy/actor/lib/test/auto/CurrentTimeSDF.xml
1 ms. Memory: 360448K Free: 189952K (53%)
----------------- Invoking toplevel() on ptolemy.moml.MoMLSimpleApplication@7b1a9fdc
----------------- Done invoking toplevel() on ptolemy.moml.MoMLSimpleApplication@7b1a9fdc
reloadAllAccessors: .CurrentTimeSDF

===========================================================================================
----------------- testing Tue Jul 14 15:07:31 UTC 2020 /home/travis/build/icyphy/ptII/ptolemy/actor/lib/test/auto/DB.xml
----------------- Instantiating /home/travis/build/icyphy/ptII/ptolemy/actor/lib/test/auto/DB.xml
3 ms. Memory: 360448K Free: 184832K (51%)
----------------- Invoking toplevel() on ptolemy.moml.MoMLSimpleApplication@378c2aa3
----------------- Done invoking toplevel() on ptolemy.moml.MoMLSimpleApplication@378c2aa3
reloadAllAccessors: .DB

===========================================================================================
----------------- testing Tue Jul 14 15:07:31 UTC 2020 /home/travis/build/icyphy/ptII/ptolemy/actor/lib/test/auto/DBDE.xml
----------------- Instantiating /home/travis/build/icyphy/ptII/ptolemy/actor/lib/test/auto/DBDE.xml
2 ms. Memory: 360448K Free: 178688K (50%)
----------------- Invoking toplevel() on ptolemy.moml.MoMLSimpleApplication@12a92512
----------------- Done invoking toplevel() on ptolemy.moml.MoMLSimpleApplication@12a92512
reloadAllAccessors: .DBDE

===========================================================================================
----------------- testing Tue Jul 14 15:07:31 UTC 2020 /home/travis/build/icyphy/ptII/ptolemy/actor/lib/test/auto/DateConstructor.xml
----------------- Instantiating /home/travis/build/icyphy/ptII/ptolemy/actor/lib/test/auto/DateConstructor.xml
28 ms. Memory: 360448K Free: 160766K (45%)
----------------- Invoking toplevel() on ptolemy.moml.MoMLSimpleApplication@57a93623
----------------- Done invoking toplevel() on ptolemy.moml.MoMLSimpleApplication@57a93623
reloadAllAccessors: .DateConstructor

===========================================================================================
----------------- testing Tue Jul 14 15:07:31 UTC 2020 /home/travis/build/icyphy/ptII/ptolemy/actor/lib/test/auto/DelayTime.xml
----------------- Instantiating /home/travis/build/icyphy/ptII/ptolemy/actor/lib/test/auto/DelayTime.xml
5 ms. Memory: 360448K Free: 156160K (43%)
----------------- Invoking toplevel() on ptolemy.moml.MoMLSimpleApplication@37642e96
----------------- Done invoking toplevel() on ptolemy.moml.MoMLSimpleApplication@37642e96
reloadAllAccessors: .DelayTime

===========================================================================================
----------------- testing Tue Jul 14 15:07:31 UTC 2020 /home/travis/build/icyphy/ptII/ptolemy/actor/lib/test/auto/Dictionary1.xml
----------------- Instantiating /home/travis/build/icyphy/ptII/ptolemy/actor/lib/test/auto/Dictionary1.xml
2 ms. Memory: 360448K Free: 150526K (42%)
----------------- Invoking toplevel() on ptolemy.moml.MoMLSimpleApplication@121f9380
----------------- Done invoking toplevel() on ptolemy.moml.MoMLSimpleApplication@121f9380
reloadAllAccessors: .Dictionary1

===========================================================================================
----------------- testing Tue Jul 14 15:07:31 UTC 2020 /home/travis/build/icyphy/ptII/ptolemy/actor/lib/test/auto/Dictionary2.xml
----------------- Instantiating /home/travis/build/icyphy/ptII/ptolemy/actor/lib/test/auto/Dictionary2.xml
2 ms. Memory: 360448K Free: 144896K (40%)
----------------- Invoking toplevel() on ptolemy.moml.MoMLSimpleApplication@3d6ce292
----------------- Done invoking toplevel() on ptolemy.moml.MoMLSimpleApplication@3d6ce292
reloadAllAccessors: .Dictionary2

===========================================================================================
----------------- testing Tue Jul 14 15:07:31 UTC 2020 /home/travis/build/icyphy/ptII/ptolemy/actor/lib/test/auto/Dictionary3.xml
----------------- Instantiating /home/travis/build/icyphy/ptII/ptolemy/actor/lib/test/auto/Dictionary3.xml
2 ms. Memory: 360448K Free: 139776K (39%)
----------------- Invoking toplevel() on ptolemy.moml.MoMLSimpleApplication@5e78c9f0
----------------- Done invoking toplevel() on ptolemy.moml.MoMLSimpleApplication@5e78c9f0
reloadAllAccessors: .Dictionary3

===========================================================================================
----------------- testing Tue Jul 14 15:07:31 UTC 2020 /home/travis/build/icyphy/ptII/ptolemy/actor/lib/test/auto/Dictionary4.xml
----------------- Instantiating /home/travis/build/icyphy/ptII/ptolemy/actor/lib/test/auto/Dictionary4.xml
5 ms. Memory: 360448K Free: 132608K (37%)
----------------- Invoking toplevel() on ptolemy.moml.MoMLSimpleApplication@18d9402f
----------------- Done invoking toplevel() on ptolemy.moml.MoMLSimpleApplication@18d9402f
reloadAllAccessors: .Dictionary4

===========================================================================================
----------------- testing Tue Jul 14 15:07:31 UTC 2020 /home/travis/build/icyphy/ptII/ptolemy/actor/lib/test/auto/Differential.xml
----------------- Instantiating /home/travis/build/icyphy/ptII/ptolemy/actor/lib/test/auto/Differential.xml
3 ms. Memory: 360448K Free: 127998K (36%)
----------------- Invoking toplevel() on ptolemy.moml.MoMLSimpleApplication@2bb39ebe
----------------- Done invoking toplevel() on ptolemy.moml.MoMLSimpleApplication@2bb39ebe
reloadAllAccessors: .Differential

===========================================================================================
----------------- testing Tue Jul 14 15:07:31 UTC 2020 /home/travis/build/icyphy/ptII/ptolemy/actor/lib/test/auto/Director.xml
----------------- Instantiating /home/travis/build/icyphy/ptII/ptolemy/actor/lib/test/auto/Director.xml
2 ms. Memory: 360448K Free: 124416K (35%)
----------------- Invoking toplevel() on ptolemy.moml.MoMLSimpleApplication@1d093e18
----------------- Done invoking toplevel() on ptolemy.moml.MoMLSimpleApplication@1d093e18
reloadAllAccessors: .Director

===========================================================================================
----------------- testing Tue Jul 14 15:07:31 UTC 2020 /home/travis/build/icyphy/ptII/ptolemy/actor/lib/test/auto/DiscreteClock.xml
----------------- Instantiating /home/travis/build/icyphy/ptII/ptolemy/actor/lib/test/auto/DiscreteClock.xml
3 ms. Memory: 360448K Free: 120830K (34%)
----------------- Invoking toplevel() on ptolemy.moml.MoMLSimpleApplication@39864502
----------------- Done invoking toplevel() on ptolemy.moml.MoMLSimpleApplication@39864502
reloadAllAccessors: .DiscreteClock

===========================================================================================
----------------- testing Tue Jul 14 15:07:31 UTC 2020 /home/travis/build/icyphy/ptII/ptolemy/actor/lib/test/auto/DiscreteClock10.xml
----------------- Instantiating /home/travis/build/icyphy/ptII/ptolemy/actor/lib/test/auto/DiscreteClock10.xml
2 ms. Memory: 360448K Free: 114686K (32%)
----------------- Invoking toplevel() on ptolemy.moml.MoMLSimpleApplication@7626bc1d
----------------- Done invoking toplevel() on ptolemy.moml.MoMLSimpleApplication@7626bc1d
reloadAllAccessors: .DiscreteClock10

===========================================================================================
----------------- testing Tue Jul 14 15:07:31 UTC 2020 /home/travis/build/icyphy/ptII/ptolemy/actor/lib/test/auto/DiscreteClock11.xml
----------------- Instantiating /home/travis/build/icyphy/ptII/ptolemy/actor/lib/test/auto/DiscreteClock11.xml
2 ms. Memory: 360448K Free: 108542K (30%)
----------------- Invoking toplevel() on ptolemy.moml.MoMLSimpleApplication@7de13a06
----------------- Done invoking toplevel() on ptolemy.moml.MoMLSimpleApplication@7de13a06
reloadAllAccessors: .DiscreteClock11

===========================================================================================
----------------- testing Tue Jul 14 15:07:31 UTC 2020 /home/travis/build/icyphy/ptII/ptolemy/actor/lib/test/auto/DiscreteClock12.xml
----------------- Instantiating /home/travis/build/icyphy/ptII/ptolemy/actor/lib/test/auto/DiscreteClock12.xml
2 ms. Memory: 360448K Free: 102912K (29%)
----------------- Invoking toplevel() on ptolemy.moml.MoMLSimpleApplication@39570b19
----------------- Done invoking toplevel() on ptolemy.moml.MoMLSimpleApplication@39570b19
reloadAllAccessors: .DiscreteClock12

===========================================================================================
----------------- testing Tue Jul 14 15:07:31 UTC 2020 /home/travis/build/icyphy/ptII/ptolemy/actor/lib/test/auto/DiscreteClock13.xml
----------------- Instantiating /home/travis/build/icyphy/ptII/ptolemy/actor/lib/test/auto/DiscreteClock13.xml
3 ms. Memory: 543744K Free: 488960K (90%)
----------------- Invoking toplevel() on ptolemy.moml.MoMLSimpleApplication@27e0be48
----------------- Done invoking toplevel() on ptolemy.moml.MoMLSimpleApplication@27e0be48
reloadAllAccessors: .DiscreteClock13

===========================================================================================
----------------- testing Tue Jul 14 15:07:31 UTC 2020 /home/travis/build/icyphy/ptII/ptolemy/actor/lib/test/auto/DiscreteClock14.xml
----------------- Instantiating /home/travis/build/icyphy/ptII/ptolemy/actor/lib/test/auto/DiscreteClock14.xml
3 ms. Memory: 543744K Free: 482816K (89%)
----------------- Invoking toplevel() on ptolemy.moml.MoMLSimpleApplication@68eb8dc5
----------------- Done invoking toplevel() on ptolemy.moml.MoMLSimpleApplication@68eb8dc5
reloadAllAccessors: .DiscreteClock14

===========================================================================================
----------------- testing Tue Jul 14 15:07:31 UTC 2020 /home/travis/build/icyphy/ptII/ptolemy/actor/lib/test/auto/DiscreteClock15.xml
----------------- Instantiating /home/travis/build/icyphy/ptII/ptolemy/actor/lib/test/auto/DiscreteClock15.xml
3 ms. Memory: 543744K Free: 476672K (88%)
----------------- Invoking toplevel() on ptolemy.moml.MoMLSimpleApplication@2d6fba96
----------------- Done invoking toplevel() on ptolemy.moml.MoMLSimpleApplication@2d6fba96
reloadAllAccessors: .DiscreteClock15

===========================================================================================
----------------- testing Tue Jul 14 15:07:31 UTC 2020 /home/travis/build/icyphy/ptII/ptolemy/actor/lib/test/auto/DiscreteClock16.xml
----------------- Instantiating /home/travis/build/icyphy/ptII/ptolemy/actor/lib/test/auto/DiscreteClock16.xml
15 ms. Memory: 543744K Free: 462831K (85%)
----------------- Invoking toplevel() on ptolemy.moml.MoMLSimpleApplication@31df2455
----------------- Done invoking toplevel() on ptolemy.moml.MoMLSimpleApplication@31df2455
reloadAllAccessors: .DiscreteClock16

===========================================================================================
----------------- testing Tue Jul 14 15:07:32 UTC 2020 /home/travis/build/icyphy/ptII/ptolemy/actor/lib/test/auto/DiscreteClock17.xml
----------------- Instantiating /home/travis/build/icyphy/ptII/ptolemy/actor/lib/test/auto/DiscreteClock17.xml
14 ms. Memory: 543744K Free: 448495K (82%)
----------------- Invoking toplevel() on ptolemy.moml.MoMLSimpleApplication@4a66089b
----------------- Done invoking toplevel() on ptolemy.moml.MoMLSimpleApplication@4a66089b
reloadAllAccessors: .DiscreteClock17

===========================================================================================
----------------- testing Tue Jul 14 15:07:32 UTC 2020 /home/travis/build/icyphy/ptII/ptolemy/actor/lib/test/auto/DiscreteClock18.xml
----------------- Instantiating /home/travis/build/icyphy/ptII/ptolemy/actor/lib/test/auto/DiscreteClock18.xml
23 ms. Memory: 543744K Free: 434688K (80%)
----------------- Invoking toplevel() on ptolemy.moml.MoMLSimpleApplication@35ba053d
----------------- Done invoking toplevel() on ptolemy.moml.MoMLSimpleApplication@35ba053d
reloadAllAccessors: .DiscreteClock18

===========================================================================================
----------------- testing Tue Jul 14 15:07:32 UTC 2020 /home/travis/build/icyphy/ptII/ptolemy/actor/lib/test/auto/DiscreteClock19.xml
----------------- Instantiating /home/travis/build/icyphy/ptII/ptolemy/actor/lib/test/auto/DiscreteClock19.xml
17 ms. Memory: 543744K Free: 420847K (77%)
----------------- Invoking toplevel() on ptolemy.moml.MoMLSimpleApplication@28863141
----------------- Done invoking toplevel() on ptolemy.moml.MoMLSimpleApplication@28863141
reloadAllAccessors: .DiscreteClock19

===========================================================================================
----------------- testing Tue Jul 14 15:07:32 UTC 2020 /home/travis/build/icyphy/ptII/ptolemy/actor/lib/test/auto/DiscreteClock2.xml
----------------- Instantiating /home/travis/build/icyphy/ptII/ptolemy/actor/lib/test/auto/DiscreteClock2.xml
2 ms. Memory: 543744K Free: 415711K (76%)
----------------- Invoking toplevel() on ptolemy.moml.MoMLSimpleApplication@796bda07
----------------- Done invoking toplevel() on ptolemy.moml.MoMLSimpleApplication@796bda07
reloadAllAccessors: .DiscreteClock2

===========================================================================================
----------------- testing Tue Jul 14 15:07:32 UTC 2020 /home/travis/build/icyphy/ptII/ptolemy/actor/lib/test/auto/DiscreteClock20.xml
----------------- Instantiating /home/travis/build/icyphy/ptII/ptolemy/actor/lib/test/auto/DiscreteClock20.xml
3 ms. Memory: 543744K Free: 410112K (75%)
----------------- Invoking toplevel() on ptolemy.moml.MoMLSimpleApplication@2545a046
----------------- Done invoking toplevel() on ptolemy.moml.MoMLSimpleApplication@2545a046
reloadAllAccessors: .DiscreteClock20

===========================================================================================
----------------- testing Tue Jul 14 15:07:32 UTC 2020 /home/travis/build/icyphy/ptII/ptolemy/actor/lib/test/auto/DiscreteClock21.xml
----------------- Instantiating /home/travis/build/icyphy/ptII/ptolemy/actor/lib/test/auto/DiscreteClock21.xml
5 ms. Memory: 543744K Free: 404992K (74%)
----------------- Invoking toplevel() on ptolemy.moml.MoMLSimpleApplication@2c2a1ef8
----------------- Done invoking toplevel() on ptolemy.moml.MoMLSimpleApplication@2c2a1ef8
reloadAllAccessors: .DiscreteClock21

===========================================================================================
----------------- testing Tue Jul 14 15:07:32 UTC 2020 /home/travis/build/icyphy/ptII/ptolemy/actor/lib/test/auto/DiscreteClock22.xml
----------------- Instantiating /home/travis/build/icyphy/ptII/ptolemy/actor/lib/test/auto/DiscreteClock22.xml
3 ms. Memory: 543744K Free: 399358K (73%)
----------------- Invoking toplevel() on ptolemy.moml.MoMLSimpleApplication@2a7a641b
----------------- Done invoking toplevel() on ptolemy.moml.MoMLSimpleApplication@2a7a641b
reloadAllAccessors: .DiscreteClock22

===========================================================================================
----------------- testing Tue Jul 14 15:07:32 UTC 2020 /home/travis/build/icyphy/ptII/ptolemy/actor/lib/test/auto/DiscreteClock23.xml
----------------- Instantiating /home/travis/build/icyphy/ptII/ptolemy/actor/lib/test/auto/DiscreteClock23.xml
10 ms. Memory: 543744K Free: 393728K (72%)
----------------- Invoking toplevel() on ptolemy.moml.MoMLSimpleApplication@4fe38d8c
----------------- Done invoking toplevel() on ptolemy.moml.MoMLSimpleApplication@4fe38d8c
reloadAllAccessors: .DiscreteClock23

===========================================================================================
----------------- testing Tue Jul 14 15:07:32 UTC 2020 /home/travis/build/icyphy/ptII/ptolemy/actor/lib/test/auto/DiscreteClock24.xml
----------------- Instantiating /home/travis/build/icyphy/ptII/ptolemy/actor/lib/test/auto/DiscreteClock24.xml
4 ms. Memory: 543744K Free: 388094K (71%)
----------------- Invoking toplevel() on ptolemy.moml.MoMLSimpleApplication@5ff281a5
----------------- Done invoking toplevel() on ptolemy.moml.MoMLSimpleApplication@5ff281a5
reloadAllAccessors: .DiscreteClock24

===========================================================================================
----------------- testing Tue Jul 14 15:07:32 UTC 2020 /home/travis/build/icyphy/ptII/ptolemy/actor/lib/test/auto/DiscreteClock4.xml
----------------- Instantiating /home/travis/build/icyphy/ptII/ptolemy/actor/lib/test/auto/DiscreteClock4.xml
4 ms. Memory: 543744K Free: 382959K (70%)
----------------- Invoking toplevel() on ptolemy.moml.MoMLSimpleApplication@66bd6ee2
----------------- Done invoking toplevel() on ptolemy.moml.MoMLSimpleApplication@66bd6ee2
reloadAllAccessors: .DiscreteClock4

===========================================================================================
----------------- testing Tue Jul 14 15:07:32 UTC 2020 /home/travis/build/icyphy/ptII/ptolemy/actor/lib/test/auto/DiscreteClock5.xml
----------------- Instantiating /home/travis/build/icyphy/ptII/ptolemy/actor/lib/test/auto/DiscreteClock5.xml
1 ms. Memory: 543744K Free: 377344K (69%)
----------------- Invoking toplevel() on ptolemy.moml.MoMLSimpleApplication@18ca0f09
----------------- Done invoking toplevel() on ptolemy.moml.MoMLSimpleApplication@18ca0f09
reloadAllAccessors: .DiscreteClock5

===========================================================================================
----------------- testing Tue Jul 14 15:07:32 UTC 2020 /home/travis/build/icyphy/ptII/ptolemy/actor/lib/test/auto/DiscreteClock6.xml
----------------- Instantiating /home/travis/build/icyphy/ptII/ptolemy/actor/lib/test/auto/DiscreteClock6.xml
2 ms. Memory: 543744K Free: 372734K (69%)
----------------- Invoking toplevel() on ptolemy.moml.MoMLSimpleApplication@4a117e5c
----------------- Done invoking toplevel() on ptolemy.moml.MoMLSimpleApplication@4a117e5c
reloadAllAccessors: .DiscreteClock6

===========================================================================================
----------------- testing Tue Jul 14 15:07:32 UTC 2020 /home/travis/build/icyphy/ptII/ptolemy/actor/lib/test/auto/DiscreteClock7.xml
----------------- Instantiating /home/travis/build/icyphy/ptII/ptolemy/actor/lib/test/auto/DiscreteClock7.xml
1 ms. Memory: 543744K Free: 367614K (68%)
----------------- Invoking toplevel() on ptolemy.moml.MoMLSimpleApplication@4eb4c5ad
----------------- Done invoking toplevel() on ptolemy.moml.MoMLSimpleApplication@4eb4c5ad
reloadAllAccessors: .DiscreteClock7

===========================================================================================
----------------- testing Tue Jul 14 15:07:32 UTC 2020 /home/travis/build/icyphy/ptII/ptolemy/actor/lib/test/auto/DiscreteClock8.xml
----------------- Instantiating /home/travis/build/icyphy/ptII/ptolemy/actor/lib/test/auto/DiscreteClock8.xml
5 ms. Memory: 543744K Free: 361984K (67%)
----------------- Invoking toplevel() on ptolemy.moml.MoMLSimpleApplication@28dfa643
----------------- Done invoking toplevel() on ptolemy.moml.MoMLSimpleApplication@28dfa643
reloadAllAccessors: .DiscreteClock8

===========================================================================================
----------------- testing Tue Jul 14 15:07:32 UTC 2020 /home/travis/build/icyphy/ptII/ptolemy/actor/lib/test/auto/DiscreteClock9.xml
----------------- Instantiating /home/travis/build/icyphy/ptII/ptolemy/actor/lib/test/auto/DiscreteClock9.xml
4 ms. Memory: 543744K Free: 356864K (66%)
----------------- Invoking toplevel() on ptolemy.moml.MoMLSimpleApplication@1137908b
----------------- Done invoking toplevel() on ptolemy.moml.MoMLSimpleApplication@1137908b
reloadAllAccessors: .DiscreteClock9

===========================================================================================
----------------- testing Tue Jul 14 15:07:32 UTC 2020 /home/travis/build/icyphy/ptII/ptolemy/actor/lib/test/auto/DisplayArray.xml
----------------- Instantiating /home/travis/build/icyphy/ptII/ptolemy/actor/lib/test/auto/DisplayArray.xml
2 ms. Memory: 543744K Free: 353278K (65%)
----------------- Invoking toplevel() on ptolemy.moml.MoMLSimpleApplication@458ae574
----------------- Done invoking toplevel() on ptolemy.moml.MoMLSimpleApplication@458ae574
reloadAllAccessors: .DisplayArray

===========================================================================================
----------------- testing Tue Jul 14 15:07:32 UTC 2020 /home/travis/build/icyphy/ptII/ptolemy/actor/lib/test/auto/Distributor.xml
----------------- Instantiating /home/travis/build/icyphy/ptII/ptolemy/actor/lib/test/auto/Distributor.xml
2 ms. Memory: 543744K Free: 348158K (64%)
----------------- Invoking toplevel() on ptolemy.moml.MoMLSimpleApplication@3f0d71a0
----------------- Done invoking toplevel() on ptolemy.moml.MoMLSimpleApplication@3f0d71a0
reloadAllAccessors: .Distributor

===========================================================================================
----------------- testing Tue Jul 14 15:07:32 UTC 2020 /home/travis/build/icyphy/ptII/ptolemy/actor/lib/test/auto/Distributor2.xml
----------------- Instantiating /home/travis/build/icyphy/ptII/ptolemy/actor/lib/test/auto/Distributor2.xml
2 ms. Memory: 543744K Free: 343038K (63%)
----------------- Invoking toplevel() on ptolemy.moml.MoMLSimpleApplication@41ee12fd
----------------- Done invoking toplevel() on ptolemy.moml.MoMLSimpleApplication@41ee12fd
reloadAllAccessors: .Distributor2

===========================================================================================
----------------- testing Tue Jul 14 15:07:32 UTC 2020 /home/travis/build/icyphy/ptII/ptolemy/actor/lib/test/auto/DownSample.xml
----------------- Instantiating /home/travis/build/icyphy/ptII/ptolemy/actor/lib/test/auto/DownSample.xml
2 ms. Memory: 543744K Free: 338942K (62%)
----------------- Invoking toplevel() on ptolemy.moml.MoMLSimpleApplication@2de5eb2e
----------------- Done invoking toplevel() on ptolemy.moml.MoMLSimpleApplication@2de5eb2e
reloadAllAccessors: .DownSample

===========================================================================================
----------------- testing Tue Jul 14 15:07:32 UTC 2020 /home/travis/build/icyphy/ptII/ptolemy/actor/lib/test/auto/ElectronicUnitBase1.xml
----------------- Instantiating /home/travis/build/icyphy/ptII/ptolemy/actor/lib/test/auto/ElectronicUnitBase1.xml
18 ms. Memory: 543744K Free: 322558K (59%)
----------------- Invoking toplevel() on ptolemy.moml.MoMLSimpleApplication@30dfce6c
----------------- Done invoking toplevel() on ptolemy.moml.MoMLSimpleApplication@30dfce6c
reloadAllAccessors: .ElectronicUnitBase1

===========================================================================================
----------------- testing Tue Jul 14 15:07:32 UTC 2020 /home/travis/build/icyphy/ptII/ptolemy/actor/lib/test/auto/ElementsToArray.xml
----------------- Instantiating /home/travis/build/icyphy/ptII/ptolemy/actor/lib/test/auto/ElementsToArray.xml
4 ms. Memory: 543744K Free: 317438K (58%)
----------------- Invoking toplevel() on ptolemy.moml.MoMLSimpleApplication@480f6383
----------------- Done invoking toplevel() on ptolemy.moml.MoMLSimpleApplication@480f6383
reloadAllAccessors: .ElementsToArray

===========================================================================================
----------------- testing Tue Jul 14 15:07:32 UTC 2020 /home/travis/build/icyphy/ptII/ptolemy/actor/lib/test/auto/Equals.xml
----------------- Instantiating /home/travis/build/icyphy/ptII/ptolemy/actor/lib/test/auto/Equals.xml
3 ms. Memory: 543744K Free: 312832K (58%)
----------------- Invoking toplevel() on ptolemy.moml.MoMLSimpleApplication@2a6bf1df
----------------- Done invoking toplevel() on ptolemy.moml.MoMLSimpleApplication@2a6bf1df
reloadAllAccessors: .Equals

===========================================================================================
----------------- testing Tue Jul 14 15:07:32 UTC 2020 /home/travis/build/icyphy/ptII/ptolemy/actor/lib/test/auto/Exec.xml
----------------- Instantiating /home/travis/build/icyphy/ptII/ptolemy/actor/lib/test/auto/Exec.xml
20 ms. Memory: 543744K Free: 307198K (56%)
----------------- Invoking toplevel() on ptolemy.moml.MoMLSimpleApplication@ccb968e
----------------- Done invoking toplevel() on ptolemy.moml.MoMLSimpleApplication@ccb968e
reloadAllAccessors: .Exec

===========================================================================================
----------------- testing Tue Jul 14 15:07:32 UTC 2020 /home/travis/build/icyphy/ptII/ptolemy/actor/lib/test/auto/ExecEnvironment.xml
----------------- Instantiating /home/travis/build/icyphy/ptII/ptolemy/actor/lib/test/auto/ExecEnvironment.xml
22 ms. Memory: 543744K Free: 302063K (56%)
----------------- Invoking toplevel() on ptolemy.moml.MoMLSimpleApplication@356c0b57
----------------- Done invoking toplevel() on ptolemy.moml.MoMLSimpleApplication@356c0b57
reloadAllAccessors: .ExecEnvironment

===========================================================================================
----------------- testing Tue Jul 14 15:07:32 UTC 2020 /home/travis/build/icyphy/ptII/ptolemy/actor/lib/test/auto/ExecNonZeroReturnOutput.xml
----------------- Instantiating /home/travis/build/icyphy/ptII/ptolemy/actor/lib/test/auto/ExecNonZeroReturnOutput.xml
155 ms. Memory: 543744K Free: 290814K (53%)
----------------- Invoking toplevel() on ptolemy.moml.MoMLSimpleApplication@34bd055c
----------------- Done invoking toplevel() on ptolemy.moml.MoMLSimpleApplication@34bd055c
reloadAllAccessors: .ExecNonZeroReturnOutput

===========================================================================================
----------------- testing Tue Jul 14 15:07:32 UTC 2020 /home/travis/build/icyphy/ptII/ptolemy/actor/lib/test/auto/ExecRunDemos.xml
----------------- Instantiating /home/travis/build/icyphy/ptII/ptolemy/actor/lib/test/auto/ExecRunDemos.xml
Finished: 59 ms. Memory: 129024K Free: 112405K (87%)

Finished: 51 ms. Memory: 129024K Free: 109634K (85%)

Finished: 68 ms. Memory: 129024K Free: 109532K (85%)

Finished: 85 ms. Memory: 129024K Free: 111099K (86%)

Finished: 59 ms. Memory: 129024K Free: 111963K (87%)

10217 ms. Memory: 543744K Free: 269822K (50%)
----------------- Invoking toplevel() on ptolemy.moml.MoMLSimpleApplication@1ae6012b
----------------- Done invoking toplevel() on ptolemy.moml.MoMLSimpleApplication@1ae6012b
reloadAllAccessors: .ExecRunDemos

===========================================================================================
----------------- testing Tue Jul 14 15:07:43 UTC 2020 /home/travis/build/icyphy/ptII/ptolemy/actor/lib/test/auto/ExecStop.xml
----------------- Instantiating /home/travis/build/icyphy/ptII/ptolemy/actor/lib/test/auto/ExecStop.xml
5018 ms. Memory: 543744K Free: 424047K (78%)
----------------- Invoking toplevel() on ptolemy.moml.MoMLSimpleApplication@6992bc68
----------------- Done invoking toplevel() on ptolemy.moml.MoMLSimpleApplication@6992bc68
reloadAllAccessors: .ExecStop

===========================================================================================
----------------- testing Tue Jul 14 15:07:48 UTC 2020 /home/travis/build/icyphy/ptII/ptolemy/actor/lib/test/auto/ExecutionTimeSDF.xml
----------------- Instantiating /home/travis/build/icyphy/ptII/ptolemy/actor/lib/test/auto/ExecutionTimeSDF.xml
Fired ExecutionTime: -892567296
Fired ExecutionTime: 1345600000
Fired ExecutionTime: -171367296
6004 ms. Memory: 543744K Free: 410993K (76%)
----------------- Invoking toplevel() on ptolemy.moml.MoMLSimpleApplication@502032bb
----------------- Done invoking toplevel() on ptolemy.moml.MoMLSimpleApplication@502032bb
reloadAllAccessors: .ExecutionTimeSDF

===========================================================================================
----------------- testing Tue Jul 14 15:07:54 UTC 2020 /home/travis/build/icyphy/ptII/ptolemy/actor/lib/test/auto/Expression1.xml
----------------- Instantiating /home/travis/build/icyphy/ptII/ptolemy/actor/lib/test/auto/Expression1.xml
2 ms. Memory: 543744K Free: 407407K (75%)
----------------- Invoking toplevel() on ptolemy.moml.MoMLSimpleApplication@5ab123be
----------------- Done invoking toplevel() on ptolemy.moml.MoMLSimpleApplication@5ab123be
reloadAllAccessors: .Expression1

===========================================================================================
----------------- testing Tue Jul 14 15:07:54 UTC 2020 /home/travis/build/icyphy/ptII/ptolemy/actor/lib/test/auto/Expression10.xml
----------------- Instantiating /home/travis/build/icyphy/ptII/ptolemy/actor/lib/test/auto/Expression10.xml
5 ms. Memory: 543744K Free: 402287K (74%)
----------------- Invoking toplevel() on ptolemy.moml.MoMLSimpleApplication@107dac6
----------------- Done invoking toplevel() on ptolemy.moml.MoMLSimpleApplication@107dac6
reloadAllAccessors: .Expression10

===========================================================================================
----------------- testing Tue Jul 14 15:07:54 UTC 2020 /home/travis/build/icyphy/ptII/ptolemy/actor/lib/test/auto/Expression11.xml
----------------- Instantiating /home/travis/build/icyphy/ptII/ptolemy/actor/lib/test/auto/Expression11.xml
2 ms. Memory: 543744K Free: 397681K (73%)
----------------- Invoking toplevel() on ptolemy.moml.MoMLSimpleApplication@7d999222
----------------- Done invoking toplevel() on ptolemy.moml.MoMLSimpleApplication@7d999222
reloadAllAccessors: .Expression11

===========================================================================================
----------------- testing Tue Jul 14 15:07:54 UTC 2020 /home/travis/build/icyphy/ptII/ptolemy/actor/lib/test/auto/Expression12.xml
----------------- Instantiating /home/travis/build/icyphy/ptII/ptolemy/actor/lib/test/auto/Expression12.xml
3 ms. Memory: 543744K Free: 392047K (72%)
----------------- Invoking toplevel() on ptolemy.moml.MoMLSimpleApplication@104f33ca
----------------- Done invoking toplevel() on ptolemy.moml.MoMLSimpleApplication@104f33ca
reloadAllAccessors: .Expression12

===========================================================================================
----------------- testing Tue Jul 14 15:07:54 UTC 2020 /home/travis/build/icyphy/ptII/ptolemy/actor/lib/test/auto/Expression13.xml
----------------- Instantiating /home/travis/build/icyphy/ptII/ptolemy/actor/lib/test/auto/Expression13.xml
3 ms. Memory: 543744K Free: 387441K (71%)
----------------- Invoking toplevel() on ptolemy.moml.MoMLSimpleApplication@483ac7
----------------- Done invoking toplevel() on ptolemy.moml.MoMLSimpleApplication@483ac7
reloadAllAccessors: .Expression13

===========================================================================================
----------------- testing Tue Jul 14 15:07:54 UTC 2020 /home/travis/build/icyphy/ptII/ptolemy/actor/lib/test/auto/Expression14.xml
----------------- Instantiating /home/travis/build/icyphy/ptII/ptolemy/actor/lib/test/auto/Expression14.xml
6 ms. Memory: 543744K Free: 381297K (70%)
----------------- Invoking toplevel() on ptolemy.moml.MoMLSimpleApplication@52563a7f
----------------- Done invoking toplevel() on ptolemy.moml.MoMLSimpleApplication@52563a7f
reloadAllAccessors: .Expression14

===========================================================================================
----------------- testing Tue Jul 14 15:07:54 UTC 2020 /home/travis/build/icyphy/ptII/ptolemy/actor/lib/test/auto/Expression15.xml
----------------- Instantiating /home/travis/build/icyphy/ptII/ptolemy/actor/lib/test/auto/Expression15.xml
1 ms. Memory: 543744K Free: 377711K (69%)
----------------- Invoking toplevel() on ptolemy.moml.MoMLSimpleApplication@1a1449fa
----------------- Done invoking toplevel() on ptolemy.moml.MoMLSimpleApplication@1a1449fa
reloadAllAccessors: .Expression15

===========================================================================================
----------------- testing Tue Jul 14 15:07:54 UTC 2020 /home/travis/build/icyphy/ptII/ptolemy/actor/lib/test/auto/Expression16.xml
----------------- Instantiating /home/travis/build/icyphy/ptII/ptolemy/actor/lib/test/auto/Expression16.xml
3 ms. Memory: 543744K Free: 372591K (69%)
----------------- Invoking toplevel() on ptolemy.moml.MoMLSimpleApplication@a0f136f
----------------- Done invoking toplevel() on ptolemy.moml.MoMLSimpleApplication@a0f136f
reloadAllAccessors: .Expression16

===========================================================================================
----------------- testing Tue Jul 14 15:07:54 UTC 2020 /home/travis/build/icyphy/ptII/ptolemy/actor/lib/test/auto/Expression17.xml
----------------- Instantiating /home/travis/build/icyphy/ptII/ptolemy/actor/lib/test/auto/Expression17.xml
2 ms. Memory: 543744K Free: 367471K (68%)
----------------- Invoking toplevel() on ptolemy.moml.MoMLSimpleApplication@4f78c56e
----------------- Done invoking toplevel() on ptolemy.moml.MoMLSimpleApplication@4f78c56e
reloadAllAccessors: .Expression17

===========================================================================================
----------------- testing Tue Jul 14 15:07:54 UTC 2020 /home/travis/build/icyphy/ptII/ptolemy/actor/lib/test/auto/Expression18.xml
----------------- Instantiating /home/travis/build/icyphy/ptII/ptolemy/actor/lib/test/auto/Expression18.xml
3 ms. Memory: 543744K Free: 362863K (67%)
----------------- Invoking toplevel() on ptolemy.moml.MoMLSimpleApplication@27fb8750
----------------- Done invoking toplevel() on ptolemy.moml.MoMLSimpleApplication@27fb8750
reloadAllAccessors: .Expression18

===========================================================================================
----------------- testing Tue Jul 14 15:07:54 UTC 2020 /home/travis/build/icyphy/ptII/ptolemy/actor/lib/test/auto/Expression2.xml
----------------- Instantiating /home/travis/build/icyphy/ptII/ptolemy/actor/lib/test/auto/Expression2.xml
2 ms. Memory: 543744K Free: 357745K (66%)
----------------- Invoking toplevel() on ptolemy.moml.MoMLSimpleApplication@7891ce4d
----------------- Done invoking toplevel() on ptolemy.moml.MoMLSimpleApplication@7891ce4d
reloadAllAccessors: .Expression2

===========================================================================================
----------------- testing Tue Jul 14 15:07:54 UTC 2020 /home/travis/build/icyphy/ptII/ptolemy/actor/lib/test/auto/Expression3.xml
----------------- Instantiating /home/travis/build/icyphy/ptII/ptolemy/actor/lib/test/auto/Expression3.xml
5 ms. Memory: 543744K Free: 353135K (65%)
----------------- Invoking toplevel() on ptolemy.moml.MoMLSimpleApplication@448ba3c3
----------------- Done invoking toplevel() on ptolemy.moml.MoMLSimpleApplication@448ba3c3
reloadAllAccessors: .Expression3

===========================================================================================
----------------- testing Tue Jul 14 15:07:54 UTC 2020 /home/travis/build/icyphy/ptII/ptolemy/actor/lib/test/auto/Expression4.xml
----------------- Instantiating /home/travis/build/icyphy/ptII/ptolemy/actor/lib/test/auto/Expression4.xml
5 ms. Memory: 543744K Free: 345457K (64%)
----------------- Invoking toplevel() on ptolemy.moml.MoMLSimpleApplication@2a535772
----------------- Done invoking toplevel() on ptolemy.moml.MoMLSimpleApplication@2a535772
reloadAllAccessors: .Expression4

===========================================================================================
----------------- testing Tue Jul 14 15:07:54 UTC 2020 /home/travis/build/icyphy/ptII/ptolemy/actor/lib/test/auto/Expression5.xml
----------------- Instantiating /home/travis/build/icyphy/ptII/ptolemy/actor/lib/test/auto/Expression5.xml
3 ms. Memory: 543744K Free: 340337K (63%)
----------------- Invoking toplevel() on ptolemy.moml.MoMLSimpleApplication@72d163be
----------------- Done invoking toplevel() on ptolemy.moml.MoMLSimpleApplication@72d163be
reloadAllAccessors: .Expression5

===========================================================================================
----------------- testing Tue Jul 14 15:07:54 UTC 2020 /home/travis/build/icyphy/ptII/ptolemy/actor/lib/test/auto/Expression6.xml
----------------- Instantiating /home/travis/build/icyphy/ptII/ptolemy/actor/lib/test/auto/Expression6.xml
2 ms. Memory: 543744K Free: 336241K (62%)
----------------- Invoking toplevel() on ptolemy.moml.MoMLSimpleApplication@742c4900
----------------- Done invoking toplevel() on ptolemy.moml.MoMLSimpleApplication@742c4900
reloadAllAccessors: .Expression6

===========================================================================================
----------------- testing Tue Jul 14 15:07:54 UTC 2020 /home/travis/build/icyphy/ptII/ptolemy/actor/lib/test/auto/Expression7.xml
----------------- Instantiating /home/travis/build/icyphy/ptII/ptolemy/actor/lib/test/auto/Expression7.xml
2 ms. Memory: 543744K Free: 331121K (61%)
----------------- Invoking toplevel() on ptolemy.moml.MoMLSimpleApplication@6d621d0a
----------------- Done invoking toplevel() on ptolemy.moml.MoMLSimpleApplication@6d621d0a
reloadAllAccessors: .Expression7

===========================================================================================
----------------- testing Tue Jul 14 15:07:54 UTC 2020 /home/travis/build/icyphy/ptII/ptolemy/actor/lib/test/auto/Expression8.xml
----------------- Instantiating /home/travis/build/icyphy/ptII/ptolemy/actor/lib/test/auto/Expression8.xml
11 ms. Memory: 543744K Free: 326511K (60%)
----------------- Invoking toplevel() on ptolemy.moml.MoMLSimpleApplication@7bf7a865
----------------- Done invoking toplevel() on ptolemy.moml.MoMLSimpleApplication@7bf7a865
reloadAllAccessors: .Expression8

===========================================================================================
----------------- testing Tue Jul 14 15:07:54 UTC 2020 /home/travis/build/icyphy/ptII/ptolemy/actor/lib/test/auto/Expression9.xml
----------------- Instantiating /home/travis/build/icyphy/ptII/ptolemy/actor/lib/test/auto/Expression9.xml
2 ms. Memory: 543744K Free: 322415K (59%)
----------------- Invoking toplevel() on ptolemy.moml.MoMLSimpleApplication@5b04707
----------------- Done invoking toplevel() on ptolemy.moml.MoMLSimpleApplication@5b04707
reloadAllAccessors: .Expression9

===========================================================================================
----------------- testing Tue Jul 14 15:07:54 UTC 2020 /home/travis/build/icyphy/ptII/ptolemy/actor/lib/test/auto/ExpressionConcatenateArrayType.xml
----------------- Instantiating /home/travis/build/icyphy/ptII/ptolemy/actor/lib/test/auto/ExpressionConcatenateArrayType.xml
3 ms. Memory: 543744K Free: 315761K (58%)
----------------- Invoking toplevel() on ptolemy.moml.MoMLSimpleApplication@133276ad
----------------- Done invoking toplevel() on ptolemy.moml.MoMLSimpleApplication@133276ad
reloadAllAccessors: .ExpressionConcatenateArrayType

===========================================================================================
----------------- testing Tue Jul 14 15:07:54 UTC 2020 /home/travis/build/icyphy/ptII/ptolemy/actor/lib/test/auto/ExpressionConcatenateArrayType2.xml
----------------- Instantiating /home/travis/build/icyphy/ptII/ptolemy/actor/lib/test/auto/ExpressionConcatenateArrayType2.xml
3 ms. Memory: 543744K Free: 310127K (57%)
----------------- Invoking toplevel() on ptolemy.moml.MoMLSimpleApplication@634538ea
----------------- Done invoking toplevel() on ptolemy.moml.MoMLSimpleApplication@634538ea
reloadAllAccessors: .ExpressionConcatenateArrayType2

===========================================================================================
----------------- testing Tue Jul 14 15:07:54 UTC 2020 /home/travis/build/icyphy/ptII/ptolemy/actor/lib/test/auto/ExpressionFix.xml
----------------- Instantiating /home/travis/build/icyphy/ptII/ptolemy/actor/lib/test/auto/ExpressionFix.xml
21 ms. Memory: 543744K Free: 303473K (56%)
----------------- Invoking toplevel() on ptolemy.moml.MoMLSimpleApplication@47335d27
----------------- Done invoking toplevel() on ptolemy.moml.MoMLSimpleApplication@47335d27
reloadAllAccessors: .ExpressionFix

===========================================================================================
----------------- testing Tue Jul 14 15:07:54 UTC 2020 /home/travis/build/icyphy/ptII/ptolemy/actor/lib/test/auto/ExpressionFix2.xml
----------------- Instantiating /home/travis/build/icyphy/ptII/ptolemy/actor/lib/test/auto/ExpressionFix2.xml
4 ms. Memory: 543744K Free: 298863K (55%)
----------------- Invoking toplevel() on ptolemy.moml.MoMLSimpleApplication@64234466
----------------- Done invoking toplevel() on ptolemy.moml.MoMLSimpleApplication@64234466
reloadAllAccessors: .ExpressionFix2

===========================================================================================
----------------- testing Tue Jul 14 15:07:54 UTC 2020 /home/travis/build/icyphy/ptII/ptolemy/actor/lib/test/auto/ExpressionFix3.xml
----------------- Instantiating /home/travis/build/icyphy/ptII/ptolemy/actor/lib/test/auto/ExpressionFix3.xml
2 ms. Memory: 543744K Free: 294257K (54%)
----------------- Invoking toplevel() on ptolemy.moml.MoMLSimpleApplication@8a70676
----------------- Done invoking toplevel() on ptolemy.moml.MoMLSimpleApplication@8a70676
reloadAllAccessors: .ExpressionFix3

===========================================================================================
----------------- testing Tue Jul 14 15:07:54 UTC 2020 /home/travis/build/icyphy/ptII/ptolemy/actor/lib/test/auto/FileWriter1.xml
----------------- Instantiating /home/travis/build/icyphy/ptII/ptolemy/actor/lib/test/auto/FileWriter1.xml
2 ms. Memory: 543744K Free: 290671K (53%)
----------------- Invoking toplevel() on ptolemy.moml.MoMLSimpleApplication@5a8d7958
----------------- Done invoking toplevel() on ptolemy.moml.MoMLSimpleApplication@5a8d7958
reloadAllAccessors: .FileWriter1

===========================================================================================
----------------- testing Tue Jul 14 15:07:54 UTC 2020 /home/travis/build/icyphy/ptII/ptolemy/actor/lib/test/auto/FileWriter2.xml
----------------- Instantiating /home/travis/build/icyphy/ptII/ptolemy/actor/lib/test/auto/FileWriter2.xml
2 ms. Memory: 543744K Free: 286065K (53%)
----------------- Invoking toplevel() on ptolemy.moml.MoMLSimpleApplication@716eb74c
----------------- Done invoking toplevel() on ptolemy.moml.MoMLSimpleApplication@716eb74c
reloadAllAccessors: .FileWriter2

===========================================================================================
----------------- testing Tue Jul 14 15:07:54 UTC 2020 /home/travis/build/icyphy/ptII/ptolemy/actor/lib/test/auto/FileWriter3.xml
----------------- Instantiating /home/travis/build/icyphy/ptII/ptolemy/actor/lib/test/auto/FileWriter3.xml
2 ms. Memory: 543744K Free: 281969K (52%)
----------------- Invoking toplevel() on ptolemy.moml.MoMLSimpleApplication@4f7ac032
----------------- Done invoking toplevel() on ptolemy.moml.MoMLSimpleApplication@4f7ac032
reloadAllAccessors: .FileWriter3

===========================================================================================
----------------- testing Tue Jul 14 15:07:54 UTC 2020 /home/travis/build/icyphy/ptII/ptolemy/actor/lib/test/auto/Gaussian.xml
----------------- Instantiating /home/travis/build/icyphy/ptII/ptolemy/actor/lib/test/auto/Gaussian.xml
3 ms. Memory: 543744K Free: 277873K (51%)
----------------- Invoking toplevel() on ptolemy.moml.MoMLSimpleApplication@40d5689d
----------------- Done invoking toplevel() on ptolemy.moml.MoMLSimpleApplication@40d5689d
reloadAllAccessors: .Gaussian

===========================================================================================
----------------- testing Tue Jul 14 15:07:54 UTC 2020 /home/travis/build/icyphy/ptII/ptolemy/actor/lib/test/auto/Gaussian1.xml
----------------- Instantiating /home/travis/build/icyphy/ptII/ptolemy/actor/lib/test/auto/Gaussian1.xml
9 ms. Memory: 543744K Free: 272225K (50%)
----------------- Invoking toplevel() on ptolemy.moml.MoMLSimpleApplication@3096cf1c
----------------- Done invoking toplevel() on ptolemy.moml.MoMLSimpleApplication@3096cf1c
reloadAllAccessors: .Gaussian1

===========================================================================================
----------------- testing Tue Jul 14 15:07:54 UTC 2020 /home/travis/build/icyphy/ptII/ptolemy/actor/lib/test/auto/Gaussian2.xml
----------------- Instantiating /home/travis/build/icyphy/ptII/ptolemy/actor/lib/test/auto/Gaussian2.xml
2 ms. Memory: 543744K Free: 266609K (49%)
----------------- Invoking toplevel() on ptolemy.moml.MoMLSimpleApplication@6d1f34ca
----------------- Done invoking toplevel() on ptolemy.moml.MoMLSimpleApplication@6d1f34ca
reloadAllAccessors: .Gaussian2

===========================================================================================
----------------- testing Tue Jul 14 15:07:54 UTC 2020 /home/travis/build/icyphy/ptII/ptolemy/actor/lib/test/auto/GradientAdaptiveLattice.xml
----------------- Instantiating /home/travis/build/icyphy/ptII/ptolemy/actor/lib/test/auto/GradientAdaptiveLattice.xml
2 ms. Memory: 543744K Free: 261999K (48%)
----------------- Invoking toplevel() on ptolemy.moml.MoMLSimpleApplication@22cf6fdb
----------------- Done invoking toplevel() on ptolemy.moml.MoMLSimpleApplication@22cf6fdb
reloadAllAccessors: .GradientAdaptiveLattice

===========================================================================================
----------------- testing Tue Jul 14 15:07:54 UTC 2020 /home/travis/build/icyphy/ptII/ptolemy/actor/lib/test/auto/IIR.xml
----------------- Instantiating /home/travis/build/icyphy/ptII/ptolemy/actor/lib/test/auto/IIR.xml
1 ms. Memory: 543744K Free: 257393K (47%)
----------------- Invoking toplevel() on ptolemy.moml.MoMLSimpleApplication@41f608c9
----------------- Done invoking toplevel() on ptolemy.moml.MoMLSimpleApplication@41f608c9
reloadAllAccessors: .IIR

===========================================================================================
----------------- testing Tue Jul 14 15:07:54 UTC 2020 /home/travis/build/icyphy/ptII/ptolemy/actor/lib/test/auto/InputOutputTransparentPorts.xml
----------------- Instantiating /home/travis/build/icyphy/ptII/ptolemy/actor/lib/test/auto/InputOutputTransparentPorts.xml
7 ms. Memory: 543744K Free: 249711K (46%)
----------------- Invoking toplevel() on ptolemy.moml.MoMLSimpleApplication@3ea55c2f
----------------- Done invoking toplevel() on ptolemy.moml.MoMLSimpleApplication@3ea55c2f
reloadAllAccessors: .InputOutputTransparentPorts

===========================================================================================
----------------- testing Tue Jul 14 15:07:54 UTC 2020 /home/travis/build/icyphy/ptII/ptolemy/actor/lib/test/auto/Interpolator.xml
----------------- Instantiating /home/travis/build/icyphy/ptII/ptolemy/actor/lib/test/auto/Interpolator.xml
4 ms. Memory: 543744K Free: 245615K (45%)
----------------- Invoking toplevel() on ptolemy.moml.MoMLSimpleApplication@fa08b2e
----------------- Done invoking toplevel() on ptolemy.moml.MoMLSimpleApplication@fa08b2e
reloadAllAccessors: .Interpolator

===========================================================================================
----------------- testing Tue Jul 14 15:07:54 UTC 2020 /home/travis/build/icyphy/ptII/ptolemy/actor/lib/test/auto/InterpolatorFiringLimitDE.xml
----------------- Instantiating /home/travis/build/icyphy/ptII/ptolemy/actor/lib/test/auto/InterpolatorFiringLimitDE.xml
2 ms. Memory: 543744K Free: 238447K (44%)
----------------- Invoking toplevel() on ptolemy.moml.MoMLSimpleApplication@6284cab8
----------------- Done invoking toplevel() on ptolemy.moml.MoMLSimpleApplication@6284cab8
reloadAllAccessors: .InterpolatorFiringLimitDE

===========================================================================================
----------------- testing Tue Jul 14 15:07:54 UTC 2020 /home/travis/build/icyphy/ptII/ptolemy/actor/lib/test/auto/Lattice.xml
----------------- Instantiating /home/travis/build/icyphy/ptII/ptolemy/actor/lib/test/auto/Lattice.xml
1 ms. Memory: 543744K Free: 234351K (43%)
----------------- Invoking toplevel() on ptolemy.moml.MoMLSimpleApplication@3747f98a
----------------- Done invoking toplevel() on ptolemy.moml.MoMLSimpleApplication@3747f98a
reloadAllAccessors: .Lattice

===========================================================================================
----------------- testing Tue Jul 14 15:07:54 UTC 2020 /home/travis/build/icyphy/ptII/ptolemy/actor/lib/test/auto/LazyAOCTestLazy.xml
----------------- Instantiating /home/travis/build/icyphy/ptII/ptolemy/actor/lib/test/auto/LazyAOCTestLazy.xml
17 ms. Memory: 543744K Free: 228721K (42%)
----------------- Invoking toplevel() on ptolemy.moml.MoMLSimpleApplication@31ac4263
----------------- Done invoking toplevel() on ptolemy.moml.MoMLSimpleApplication@31ac4263
reloadAllAccessors: .LazyAOCTestLazy

===========================================================================================
----------------- testing Tue Jul 14 15:07:54 UTC 2020 /home/travis/build/icyphy/ptII/ptolemy/actor/lib/test/auto/LazyAOCTestNonLazy.xml
----------------- Instantiating /home/travis/build/icyphy/ptII/ptolemy/actor/lib/test/auto/LazyAOCTestNonLazy.xml
2 ms. Memory: 543744K Free: 222063K (41%)
----------------- Invoking toplevel() on ptolemy.moml.MoMLSimpleApplication@38c862cc
----------------- Done invoking toplevel() on ptolemy.moml.MoMLSimpleApplication@38c862cc
reloadAllAccessors: .LazyAOCTestNonLazy

===========================================================================================
----------------- testing Tue Jul 14 15:07:54 UTC 2020 /home/travis/build/icyphy/ptII/ptolemy/actor/lib/test/auto/LazyInnerClass.xml
----------------- Instantiating /home/travis/build/icyphy/ptII/ptolemy/actor/lib/test/auto/LazyInnerClass.xml
18 ms. Memory: 543744K Free: 213361K (39%)
----------------- Invoking toplevel() on ptolemy.moml.MoMLSimpleApplication@44387e40
----------------- Done invoking toplevel() on ptolemy.moml.MoMLSimpleApplication@44387e40
reloadAllAccessors: .LazyInnerClass

===========================================================================================
----------------- testing Tue Jul 14 15:07:54 UTC 2020 /home/travis/build/icyphy/ptII/ptolemy/actor/lib/test/auto/LazyPubSub.xml
----------------- Instantiating /home/travis/build/icyphy/ptII/ptolemy/actor/lib/test/auto/LazyPubSub.xml
12 ms. Memory: 543744K Free: 203631K (37%)
----------------- Invoking toplevel() on ptolemy.moml.MoMLSimpleApplication@9d26611
----------------- Done invoking toplevel() on ptolemy.moml.MoMLSimpleApplication@9d26611
reloadAllAccessors: .LazyPubSub

===========================================================================================
----------------- testing Tue Jul 14 15:07:55 UTC 2020 /home/travis/build/icyphy/ptII/ptolemy/actor/lib/test/auto/LazyPubSub2.xml
----------------- Instantiating /home/travis/build/icyphy/ptII/ptolemy/actor/lib/test/auto/LazyPubSub2.xml
12 ms. Memory: 543744K Free: 193391K (36%)
----------------- Invoking toplevel() on ptolemy.moml.MoMLSimpleApplication@5f0d27f2
----------------- Done invoking toplevel() on ptolemy.moml.MoMLSimpleApplication@5f0d27f2
reloadAllAccessors: .LazyPubSub2

===========================================================================================
----------------- testing Tue Jul 14 15:07:55 UTC 2020 /home/travis/build/icyphy/ptII/ptolemy/actor/lib/test/auto/LazyPubSub3.xml
----------------- Instantiating /home/travis/build/icyphy/ptII/ptolemy/actor/lib/test/auto/LazyPubSub3.xml
8 ms. Memory: 543744K Free: 183151K (34%)
----------------- Invoking toplevel() on ptolemy.moml.MoMLSimpleApplication@4170c0b
----------------- Done invoking toplevel() on ptolemy.moml.MoMLSimpleApplication@4170c0b
reloadAllAccessors: .LazyPubSub3

===========================================================================================
----------------- testing Tue Jul 14 15:07:55 UTC 2020 /home/travis/build/icyphy/ptII/ptolemy/actor/lib/test/auto/LazySubClassModel.xml
----------------- Instantiating /home/travis/build/icyphy/ptII/ptolemy/actor/lib/test/auto/LazySubClassModel.xml
1 ms. Memory: 543744K Free: 174449K (32%)
----------------- Invoking toplevel() on ptolemy.moml.MoMLSimpleApplication@5a3c12fa
----------------- Done invoking toplevel() on ptolemy.moml.MoMLSimpleApplication@5a3c12fa
reloadAllAccessors: .LazySubClassModel

===========================================================================================
----------------- testing Tue Jul 14 15:07:55 UTC 2020 /home/travis/build/icyphy/ptII/ptolemy/actor/lib/test/auto/LevelCrossTest1.xml
----------------- Instantiating /home/travis/build/icyphy/ptII/ptolemy/actor/lib/test/auto/LevelCrossTest1.xml
1 ms. Memory: 543744K Free: 486895K (90%)
----------------- Invoking toplevel() on ptolemy.moml.MoMLSimpleApplication@5bec4b8
----------------- Done invoking toplevel() on ptolemy.moml.MoMLSimpleApplication@5bec4b8
reloadAllAccessors: .broken

===========================================================================================
----------------- testing Tue Jul 14 15:07:55 UTC 2020 /home/travis/build/icyphy/ptII/ptolemy/actor/lib/test/auto/LevelCrossTest10.xml
----------------- Instantiating /home/travis/build/icyphy/ptII/ptolemy/actor/lib/test/auto/LevelCrossTest10.xml
2 ms. Memory: 543744K Free: 479727K (88%)
----------------- Invoking toplevel() on ptolemy.moml.MoMLSimpleApplication@5947c319
----------------- Done invoking toplevel() on ptolemy.moml.MoMLSimpleApplication@5947c319
reloadAllAccessors: .LevelCrossTest10

===========================================================================================
----------------- testing Tue Jul 14 15:07:55 UTC 2020 /home/travis/build/icyphy/ptII/ptolemy/actor/lib/test/auto/LevelCrossTest11.xml
----------------- Instantiating /home/travis/build/icyphy/ptII/ptolemy/actor/lib/test/auto/LevelCrossTest11.xml
1 ms. Memory: 543744K Free: 472574K (87%)
----------------- Invoking toplevel() on ptolemy.moml.MoMLSimpleApplication@7f0164ce
----------------- Done invoking toplevel() on ptolemy.moml.MoMLSimpleApplication@7f0164ce
reloadAllAccessors: .LevelCrossTest11

===========================================================================================
----------------- testing Tue Jul 14 15:07:55 UTC 2020 /home/travis/build/icyphy/ptII/ptolemy/actor/lib/test/auto/LevelCrossTest12.xml
----------------- Instantiating /home/travis/build/icyphy/ptII/ptolemy/actor/lib/test/auto/LevelCrossTest12.xml
1 ms. Memory: 543744K Free: 465920K (86%)
----------------- Invoking toplevel() on ptolemy.moml.MoMLSimpleApplication@5a85be66
----------------- Done invoking toplevel() on ptolemy.moml.MoMLSimpleApplication@5a85be66
reloadAllAccessors: .LevelCrossTest12

===========================================================================================
----------------- testing Tue Jul 14 15:07:55 UTC 2020 /home/travis/build/icyphy/ptII/ptolemy/actor/lib/test/auto/LevelCrossTest13.xml
----------------- Instantiating /home/travis/build/icyphy/ptII/ptolemy/actor/lib/test/auto/LevelCrossTest13.xml
1 ms. Memory: 543744K Free: 459262K (84%)
----------------- Invoking toplevel() on ptolemy.moml.MoMLSimpleApplication@64dc29b2
----------------- Done invoking toplevel() on ptolemy.moml.MoMLSimpleApplication@64dc29b2
reloadAllAccessors: .LevelCrossTest13

===========================================================================================
----------------- testing Tue Jul 14 15:07:55 UTC 2020 /home/travis/build/icyphy/ptII/ptolemy/actor/lib/test/auto/LevelCrossTest2.xml
----------------- Instantiating /home/travis/build/icyphy/ptII/ptolemy/actor/lib/test/auto/LevelCrossTest2.xml
1 ms. Memory: 543744K Free: 453632K (83%)
----------------- Invoking toplevel() on ptolemy.moml.MoMLSimpleApplication@689ed1d4
----------------- Done invoking toplevel() on ptolemy.moml.MoMLSimpleApplication@689ed1d4
reloadAllAccessors: .broken

===========================================================================================
----------------- testing Tue Jul 14 15:07:55 UTC 2020 /home/travis/build/icyphy/ptII/ptolemy/actor/lib/test/auto/LevelCrossTest3.xml
----------------- Instantiating /home/travis/build/icyphy/ptII/ptolemy/actor/lib/test/auto/LevelCrossTest3.xml
1 ms. Memory: 543744K Free: 447488K (82%)
----------------- Invoking toplevel() on ptolemy.moml.MoMLSimpleApplication@2e8faef9
----------------- Done invoking toplevel() on ptolemy.moml.MoMLSimpleApplication@2e8faef9
reloadAllAccessors: .LevelCrossTest3

===========================================================================================
----------------- testing Tue Jul 14 15:07:55 UTC 2020 /home/travis/build/icyphy/ptII/ptolemy/actor/lib/test/auto/LevelCrossTest4.xml
----------------- Instantiating /home/travis/build/icyphy/ptII/ptolemy/actor/lib/test/auto/LevelCrossTest4.xml
1 ms. Memory: 543744K Free: 442368K (81%)
----------------- Invoking toplevel() on ptolemy.moml.MoMLSimpleApplication@3fbc3d53
----------------- Done invoking toplevel() on ptolemy.moml.MoMLSimpleApplication@3fbc3d53
reloadAllAccessors: .broken

===========================================================================================
----------------- testing Tue Jul 14 15:07:55 UTC 2020 /home/travis/build/icyphy/ptII/ptolemy/actor/lib/test/auto/LevelCrossTest5.xml
----------------- Instantiating /home/travis/build/icyphy/ptII/ptolemy/actor/lib/test/auto/LevelCrossTest5.xml
1 ms. Memory: 543744K Free: 436224K (80%)
----------------- Invoking toplevel() on ptolemy.moml.MoMLSimpleApplication@332bf8aa
----------------- Done invoking toplevel() on ptolemy.moml.MoMLSimpleApplication@332bf8aa
reloadAllAccessors: .LevelCrossTest5

===========================================================================================
----------------- testing Tue Jul 14 15:07:55 UTC 2020 /home/travis/build/icyphy/ptII/ptolemy/actor/lib/test/auto/LevelCrossTest6.xml
----------------- Instantiating /home/travis/build/icyphy/ptII/ptolemy/actor/lib/test/auto/LevelCrossTest6.xml
1 ms. Memory: 543744K Free: 430080K (79%)
----------------- Invoking toplevel() on ptolemy.moml.MoMLSimpleApplication@5be9303d
----------------- Done invoking toplevel() on ptolemy.moml.MoMLSimpleApplication@5be9303d
reloadAllAccessors: .LevelCrossTest6

===========================================================================================
----------------- testing Tue Jul 14 15:07:55 UTC 2020 /home/travis/build/icyphy/ptII/ptolemy/actor/lib/test/auto/LevelCrossTest7.xml
----------------- Instantiating /home/travis/build/icyphy/ptII/ptolemy/actor/lib/test/auto/LevelCrossTest7.xml
1 ms. Memory: 543744K Free: 422912K (78%)
----------------- Invoking toplevel() on ptolemy.moml.MoMLSimpleApplication@6f1787e2
----------------- Done invoking toplevel() on ptolemy.moml.MoMLSimpleApplication@6f1787e2
reloadAllAccessors: .LevelCrossTest7

===========================================================================================
----------------- testing Tue Jul 14 15:07:55 UTC 2020 /home/travis/build/icyphy/ptII/ptolemy/actor/lib/test/auto/LevelCrossTest8.xml
----------------- Instantiating /home/travis/build/icyphy/ptII/ptolemy/actor/lib/test/auto/LevelCrossTest8.xml
4 ms. Memory: 543744K Free: 415744K (76%)
----------------- Invoking toplevel() on ptolemy.moml.MoMLSimpleApplication@78639206
----------------- Done invoking toplevel() on ptolemy.moml.MoMLSimpleApplication@78639206
reloadAllAccessors: .LevelCrossTest8

===========================================================================================
----------------- testing Tue Jul 14 15:07:55 UTC 2020 /home/travis/build/icyphy/ptII/ptolemy/actor/lib/test/auto/LevelCrossTest9.xml
----------------- Instantiating /home/travis/build/icyphy/ptII/ptolemy/actor/lib/test/auto/LevelCrossTest9.xml
1 ms. Memory: 543744K Free: 408576K (75%)
----------------- Invoking toplevel() on ptolemy.moml.MoMLSimpleApplication@ba5b87b
----------------- Done invoking toplevel() on ptolemy.moml.MoMLSimpleApplication@ba5b87b
reloadAllAccessors: .LevelCrossTest9

===========================================================================================
----------------- testing Tue Jul 14 15:07:55 UTC 2020 /home/travis/build/icyphy/ptII/ptolemy/actor/lib/test/auto/LevinsonDurbin.xml
----------------- Instantiating /home/travis/build/icyphy/ptII/ptolemy/actor/lib/test/auto/LevinsonDurbin.xml
1 ms. Memory: 543744K Free: 404480K (74%)
----------------- Invoking toplevel() on ptolemy.moml.MoMLSimpleApplication@725fa4de
----------------- Done invoking toplevel() on ptolemy.moml.MoMLSimpleApplication@725fa4de
reloadAllAccessors: .LevinsonDurbin

===========================================================================================
----------------- testing Tue Jul 14 15:07:55 UTC 2020 /home/travis/build/icyphy/ptII/ptolemy/actor/lib/test/auto/LevinsonDurbin2.xml
----------------- Instantiating /home/travis/build/icyphy/ptII/ptolemy/actor/lib/test/auto/LevinsonDurbin2.xml
2 ms. Memory: 543744K Free: 400894K (74%)
----------------- Invoking toplevel() on ptolemy.moml.MoMLSimpleApplication@19243a82
----------------- Done invoking toplevel() on ptolemy.moml.MoMLSimpleApplication@19243a82
reloadAllAccessors: .LevinsonDurbin2

===========================================================================================
----------------- testing Tue Jul 14 15:07:55 UTC 2020 /home/travis/build/icyphy/ptII/ptolemy/actor/lib/test/auto/LevinsonDurbin3.xml
----------------- Instantiating /home/travis/build/icyphy/ptII/ptolemy/actor/lib/test/auto/LevinsonDurbin3.xml
2 ms. Memory: 543744K Free: 396798K (73%)
----------------- Invoking toplevel() on ptolemy.moml.MoMLSimpleApplication@68026837
----------------- Done invoking toplevel() on ptolemy.moml.MoMLSimpleApplication@68026837
reloadAllAccessors: .LevinsonDurbin3

===========================================================================================
----------------- testing Tue Jul 14 15:07:55 UTC 2020 /home/travis/build/icyphy/ptII/ptolemy/actor/lib/test/auto/Limiter.xml
----------------- Instantiating /home/travis/build/icyphy/ptII/ptolemy/actor/lib/test/auto/Limiter.xml
6 ms. Memory: 543744K Free: 387551K (71%)
----------------- Invoking toplevel() on ptolemy.moml.MoMLSimpleApplication@acb2dea
----------------- Done invoking toplevel() on ptolemy.moml.MoMLSimpleApplication@acb2dea
reloadAllAccessors: .Limiter

===========================================================================================
----------------- testing Tue Jul 14 15:07:55 UTC 2020 /home/travis/build/icyphy/ptII/ptolemy/actor/lib/test/auto/LinearDifferenceEquationSystem.xml
----------------- Instantiating /home/travis/build/icyphy/ptII/ptolemy/actor/lib/test/auto/LinearDifferenceEquationSystem.xml
12 ms. Memory: 543744K Free: 380414K (70%)
----------------- Invoking toplevel() on ptolemy.moml.MoMLSimpleApplication@46cacaf0
----------------- Done invoking toplevel() on ptolemy.moml.MoMLSimpleApplication@46cacaf0
reloadAllAccessors: .LinearDifferenceEquationSystem

===========================================================================================
----------------- testing Tue Jul 14 15:07:55 UTC 2020 /home/travis/build/icyphy/ptII/ptolemy/actor/lib/test/auto/LookupTable.xml
----------------- Instantiating /home/travis/build/icyphy/ptII/ptolemy/actor/lib/test/auto/LookupTable.xml
2 ms. Memory: 543744K Free: 376318K (69%)
----------------- Invoking toplevel() on ptolemy.moml.MoMLSimpleApplication@4606b170
----------------- Done invoking toplevel() on ptolemy.moml.MoMLSimpleApplication@4606b170
reloadAllAccessors: .LookupTable

===========================================================================================
----------------- testing Tue Jul 14 15:07:55 UTC 2020 /home/travis/build/icyphy/ptII/ptolemy/actor/lib/test/auto/MathFunction.xml
----------------- Instantiating /home/travis/build/icyphy/ptII/ptolemy/actor/lib/test/auto/MathFunction.xml
2 ms. Memory: 543744K Free: 368126K (68%)
----------------- Invoking toplevel() on ptolemy.moml.MoMLSimpleApplication@3e588207
----------------- Done invoking toplevel() on ptolemy.moml.MoMLSimpleApplication@3e588207
reloadAllAccessors: .MathFunction

===========================================================================================
----------------- testing Tue Jul 14 15:07:55 UTC 2020 /home/travis/build/icyphy/ptII/ptolemy/actor/lib/test/auto/MathFunction2.xml
----------------- Instantiating /home/travis/build/icyphy/ptII/ptolemy/actor/lib/test/auto/MathFunction2.xml
1 ms. Memory: 543744K Free: 364030K (67%)
----------------- Invoking toplevel() on ptolemy.moml.MoMLSimpleApplication@2747c091
----------------- Done invoking toplevel() on ptolemy.moml.MoMLSimpleApplication@2747c091
reloadAllAccessors: .MathFunction2

===========================================================================================
----------------- testing Tue Jul 14 15:07:55 UTC 2020 /home/travis/build/icyphy/ptII/ptolemy/actor/lib/test/auto/MathFunction3.xml
----------------- Instantiating /home/travis/build/icyphy/ptII/ptolemy/actor/lib/test/auto/MathFunction3.xml
2 ms. Memory: 543744K Free: 356862K (66%)
----------------- Invoking toplevel() on ptolemy.moml.MoMLSimpleApplication@7db4b9e1
----------------- Done invoking toplevel() on ptolemy.moml.MoMLSimpleApplication@7db4b9e1
reloadAllAccessors: .MathFunction3

===========================================================================================
----------------- testing Tue Jul 14 15:07:55 UTC 2020 /home/travis/build/icyphy/ptII/ptolemy/actor/lib/test/auto/MatrixCropBoolean.xml
----------------- Instantiating /home/travis/build/icyphy/ptII/ptolemy/actor/lib/test/auto/MatrixCropBoolean.xml
1 ms. Memory: 543744K Free: 352256K (65%)
----------------- Invoking toplevel() on ptolemy.moml.MoMLSimpleApplication@4ec945b7
----------------- Done invoking toplevel() on ptolemy.moml.MoMLSimpleApplication@4ec945b7
reloadAllAccessors: .MatrixCropBoolean

===========================================================================================
----------------- testing Tue Jul 14 15:07:55 UTC 2020 /home/travis/build/icyphy/ptII/ptolemy/actor/lib/test/auto/MatrixCropComplex.xml
----------------- Instantiating /home/travis/build/icyphy/ptII/ptolemy/actor/lib/test/auto/MatrixCropComplex.xml
2 ms. Memory: 543744K Free: 347136K (64%)
----------------- Invoking toplevel() on ptolemy.moml.MoMLSimpleApplication@471afd05
----------------- Done invoking toplevel() on ptolemy.moml.MoMLSimpleApplication@471afd05
reloadAllAccessors: .MatrixCropComplex

===========================================================================================
----------------- testing Tue Jul 14 15:07:55 UTC 2020 /home/travis/build/icyphy/ptII/ptolemy/actor/lib/test/auto/MatrixCropDouble.xml
----------------- Instantiating /home/travis/build/icyphy/ptII/ptolemy/actor/lib/test/auto/MatrixCropDouble.xml
2 ms. Memory: 543744K Free: 342016K (63%)
----------------- Invoking toplevel() on ptolemy.moml.MoMLSimpleApplication@57444ebb
----------------- Done invoking toplevel() on ptolemy.moml.MoMLSimpleApplication@57444ebb
reloadAllAccessors: .MatrixCropDouble

===========================================================================================
----------------- testing Tue Jul 14 15:07:55 UTC 2020 /home/travis/build/icyphy/ptII/ptolemy/actor/lib/test/auto/MatrixCropFix.xml
----------------- Instantiating /home/travis/build/icyphy/ptII/ptolemy/actor/lib/test/auto/MatrixCropFix.xml
2 ms. Memory: 543744K Free: 336896K (62%)
----------------- Invoking toplevel() on ptolemy.moml.MoMLSimpleApplication@33569fe7
----------------- Done invoking toplevel() on ptolemy.moml.MoMLSimpleApplication@33569fe7
reloadAllAccessors: .MatrixCropFix

===========================================================================================
----------------- testing Tue Jul 14 15:07:55 UTC 2020 /home/travis/build/icyphy/ptII/ptolemy/actor/lib/test/auto/MatrixCropInt.xml
----------------- Instantiating /home/travis/build/icyphy/ptII/ptolemy/actor/lib/test/auto/MatrixCropInt.xml
3 ms. Memory: 543744K Free: 332255K (61%)
----------------- Invoking toplevel() on ptolemy.moml.MoMLSimpleApplication@3cb94b49
----------------- Done invoking toplevel() on ptolemy.moml.MoMLSimpleApplication@3cb94b49
reloadAllAccessors: .MatrixCropInt

===========================================================================================
----------------- testing Tue Jul 14 15:07:55 UTC 2020 /home/travis/build/icyphy/ptII/ptolemy/actor/lib/test/auto/MatrixCropLong.xml
----------------- Instantiating /home/travis/build/icyphy/ptII/ptolemy/actor/lib/test/auto/MatrixCropLong.xml
1 ms. Memory: 543744K Free: 327151K (60%)
----------------- Invoking toplevel() on ptolemy.moml.MoMLSimpleApplication@139b1c8b
----------------- Done invoking toplevel() on ptolemy.moml.MoMLSimpleApplication@139b1c8b
reloadAllAccessors: .MatrixCropLong

===========================================================================================
----------------- testing Tue Jul 14 15:07:55 UTC 2020 /home/travis/build/icyphy/ptII/ptolemy/actor/lib/test/auto/MatrixToArray.xml
----------------- Instantiating /home/travis/build/icyphy/ptII/ptolemy/actor/lib/test/auto/MatrixToArray.xml
6 ms. Memory: 543744K Free: 311806K (57%)
----------------- Invoking toplevel() on ptolemy.moml.MoMLSimpleApplication@30b5aa76
----------------- Done invoking toplevel() on ptolemy.moml.MoMLSimpleApplication@30b5aa76
reloadAllAccessors: .MatrixToArray

===========================================================================================
----------------- testing Tue Jul 14 15:07:55 UTC 2020 /home/travis/build/icyphy/ptII/ptolemy/actor/lib/test/auto/MaxIndex.xml
----------------- Instantiating /home/travis/build/icyphy/ptII/ptolemy/actor/lib/test/auto/MaxIndex.xml
2 ms. Memory: 543744K Free: 306686K (56%)
----------------- Invoking toplevel() on ptolemy.moml.MoMLSimpleApplication@3aeb4efb
----------------- Done invoking toplevel() on ptolemy.moml.MoMLSimpleApplication@3aeb4efb
reloadAllAccessors: .MaxIndex

===========================================================================================
----------------- testing Tue Jul 14 15:07:55 UTC 2020 /home/travis/build/icyphy/ptII/ptolemy/actor/lib/test/auto/Maximum.xml
----------------- Instantiating /home/travis/build/icyphy/ptII/ptolemy/actor/lib/test/auto/Maximum.xml
5 ms. Memory: 543744K Free: 300032K (55%)
----------------- Invoking toplevel() on ptolemy.moml.MoMLSimpleApplication@6bee6353
----------------- Done invoking toplevel() on ptolemy.moml.MoMLSimpleApplication@6bee6353
reloadAllAccessors: .Maximum

===========================================================================================
----------------- testing Tue Jul 14 15:07:55 UTC 2020 /home/travis/build/icyphy/ptII/ptolemy/actor/lib/test/auto/MaximumComplex.xml
----------------- Instantiating /home/travis/build/icyphy/ptII/ptolemy/actor/lib/test/auto/MaximumComplex.xml
4 ms. Memory: 543744K Free: 294398K (54%)
----------------- Invoking toplevel() on ptolemy.moml.MoMLSimpleApplication@2d3e13da
----------------- Done invoking toplevel() on ptolemy.moml.MoMLSimpleApplication@2d3e13da
reloadAllAccessors: .MaximumComplex

===========================================================================================
----------------- testing Tue Jul 14 15:07:55 UTC 2020 /home/travis/build/icyphy/ptII/ptolemy/actor/lib/test/auto/MethodCallTest.xml
----------------- Instantiating /home/travis/build/icyphy/ptII/ptolemy/actor/lib/test/auto/MethodCallTest.xml
2 ms. Memory: 543744K Free: 287744K (53%)
----------------- Invoking toplevel() on ptolemy.moml.MoMLSimpleApplication@39c54268
----------------- Done invoking toplevel() on ptolemy.moml.MoMLSimpleApplication@39c54268
reloadAllAccessors: .MethodCallTest

===========================================================================================
----------------- testing Tue Jul 14 15:07:55 UTC 2020 /home/travis/build/icyphy/ptII/ptolemy/actor/lib/test/auto/Minimum.xml
----------------- Instantiating /home/travis/build/icyphy/ptII/ptolemy/actor/lib/test/auto/Minimum.xml
2 ms. Memory: 543744K Free: 281086K (52%)
----------------- Invoking toplevel() on ptolemy.moml.MoMLSimpleApplication@28a82bda
----------------- Done invoking toplevel() on ptolemy.moml.MoMLSimpleApplication@28a82bda
reloadAllAccessors: .Minimum

===========================================================================================
----------------- testing Tue Jul 14 15:07:55 UTC 2020 /home/travis/build/icyphy/ptII/ptolemy/actor/lib/test/auto/MinimumComplex.xml
----------------- Instantiating /home/travis/build/icyphy/ptII/ptolemy/actor/lib/test/auto/MinimumComplex.xml
2 ms. Memory: 543744K Free: 274927K (51%)
----------------- Invoking toplevel() on ptolemy.moml.MoMLSimpleApplication@670a16e7
----------------- Done invoking toplevel() on ptolemy.moml.MoMLSimpleApplication@670a16e7
reloadAllAccessors: .MinimumComplex

===========================================================================================
----------------- testing Tue Jul 14 15:07:55 UTC 2020 /home/travis/build/icyphy/ptII/ptolemy/actor/lib/test/auto/MinimumMultiports.xml
----------------- Instantiating /home/travis/build/icyphy/ptII/ptolemy/actor/lib/test/auto/MinimumMultiports.xml
3 ms. Memory: 543744K Free: 266240K (49%)
----------------- Invoking toplevel() on ptolemy.moml.MoMLSimpleApplication@3d07f0cc
----------------- Done invoking toplevel() on ptolemy.moml.MoMLSimpleApplication@3d07f0cc
reloadAllAccessors: .MinimumMultiports

===========================================================================================
----------------- testing Tue Jul 14 15:07:55 UTC 2020 /home/travis/build/icyphy/ptII/ptolemy/actor/lib/test/auto/ModifyDate.xml
----------------- Instantiating /home/travis/build/icyphy/ptII/ptolemy/actor/lib/test/auto/ModifyDate.xml
8 ms. Memory: 543744K Free: 253952K (47%)
----------------- Invoking toplevel() on ptolemy.moml.MoMLSimpleApplication@115e1777
----------------- Done invoking toplevel() on ptolemy.moml.MoMLSimpleApplication@115e1777
reloadAllAccessors: .ModifyDate

===========================================================================================
----------------- testing Tue Jul 14 15:07:55 UTC 2020 /home/travis/build/icyphy/ptII/ptolemy/actor/lib/test/auto/ModifyDate2.xml
----------------- Instantiating /home/travis/build/icyphy/ptII/ptolemy/actor/lib/test/auto/ModifyDate2.xml
3 ms. Memory: 543744K Free: 245246K (45%)
----------------- Invoking toplevel() on ptolemy.moml.MoMLSimpleApplication@bdf076b
----------------- Done invoking toplevel() on ptolemy.moml.MoMLSimpleApplication@bdf076b
reloadAllAccessors: .ModifyDate2

===========================================================================================
----------------- testing Tue Jul 14 15:07:55 UTC 2020 /home/travis/build/icyphy/ptII/ptolemy/actor/lib/test/auto/MovingAverage.xml
----------------- Instantiating /home/travis/build/icyphy/ptII/ptolemy/actor/lib/test/auto/MovingAverage.xml
1 ms. Memory: 543744K Free: 240126K (44%)
----------------- Invoking toplevel() on ptolemy.moml.MoMLSimpleApplication@7e6ccfb6
----------------- Done invoking toplevel() on ptolemy.moml.MoMLSimpleApplication@7e6ccfb6
reloadAllAccessors: .MovingAverage

===========================================================================================
----------------- testing Tue Jul 14 15:07:55 UTC 2020 /home/travis/build/icyphy/ptII/ptolemy/actor/lib/test/auto/MovingMaximum.xml
----------------- Instantiating /home/travis/build/icyphy/ptII/ptolemy/actor/lib/test/auto/MovingMaximum.xml
1 ms. Memory: 543744K Free: 235520K (43%)
----------------- Invoking toplevel() on ptolemy.moml.MoMLSimpleApplication@629793b0
----------------- Done invoking toplevel() on ptolemy.moml.MoMLSimpleApplication@629793b0
reloadAllAccessors: .MovingMaximum

===========================================================================================
----------------- testing Tue Jul 14 15:07:55 UTC 2020 /home/travis/build/icyphy/ptII/ptolemy/actor/lib/test/auto/MultipleLinksToSameRelation.xml
----------------- Instantiating /home/travis/build/icyphy/ptII/ptolemy/actor/lib/test/auto/MultipleLinksToSameRelation.xml
2 ms. Memory: 543744K Free: 231424K (43%)
----------------- Invoking toplevel() on ptolemy.moml.MoMLSimpleApplication@5cb8968a
----------------- Done invoking toplevel() on ptolemy.moml.MoMLSimpleApplication@5cb8968a
reloadAllAccessors: .MultipleLinksToSameRelation

===========================================================================================
----------------- testing Tue Jul 14 15:07:55 UTC 2020 /home/travis/build/icyphy/ptII/ptolemy/actor/lib/test/auto/MultipleLinksToSameRelationDE.xml
----------------- Instantiating /home/travis/build/icyphy/ptII/ptolemy/actor/lib/test/auto/MultipleLinksToSameRelationDE.xml
10 ms. Memory: 543744K Free: 227328K (42%)
----------------- Invoking toplevel() on ptolemy.moml.MoMLSimpleApplication@dabf744
----------------- Done invoking toplevel() on ptolemy.moml.MoMLSimpleApplication@dabf744
reloadAllAccessors: .MultipleLinksToSameRelationDE

===========================================================================================
----------------- testing Tue Jul 14 15:07:55 UTC 2020 /home/travis/build/icyphy/ptII/ptolemy/actor/lib/test/auto/Multiplexor.xml
----------------- Instantiating /home/travis/build/icyphy/ptII/ptolemy/actor/lib/test/auto/Multiplexor.xml
4 ms. Memory: 543744K Free: 221694K (41%)
----------------- Invoking toplevel() on ptolemy.moml.MoMLSimpleApplication@fe2433a
----------------- Done invoking toplevel() on ptolemy.moml.MoMLSimpleApplication@fe2433a
reloadAllAccessors: .Multiplexor

===========================================================================================
----------------- testing Tue Jul 14 15:07:55 UTC 2020 /home/travis/build/icyphy/ptII/ptolemy/actor/lib/test/auto/Multiplexor1.xml
----------------- Instantiating /home/travis/build/icyphy/ptII/ptolemy/actor/lib/test/auto/Multiplexor1.xml
2 ms. Memory: 543744K Free: 216064K (40%)
----------------- Invoking toplevel() on ptolemy.moml.MoMLSimpleApplication@1251903f
----------------- Done invoking toplevel() on ptolemy.moml.MoMLSimpleApplication@1251903f
reloadAllAccessors: .Multiplexor1

===========================================================================================
----------------- testing Tue Jul 14 15:07:55 UTC 2020 /home/travis/build/icyphy/ptII/ptolemy/actor/lib/test/auto/Multiplexor2.xml
----------------- Instantiating /home/travis/build/icyphy/ptII/ptolemy/actor/lib/test/auto/Multiplexor2.xml
5 ms. Memory: 543744K Free: 209403K (39%)
----------------- Invoking toplevel() on ptolemy.moml.MoMLSimpleApplication@17dfd52c
----------------- Done invoking toplevel() on ptolemy.moml.MoMLSimpleApplication@17dfd52c
reloadAllAccessors: .Multiplexor2

===========================================================================================
----------------- testing Tue Jul 14 15:07:56 UTC 2020 /home/travis/build/icyphy/ptII/ptolemy/actor/lib/test/auto/Multiplexor3.xml
----------------- Instantiating /home/travis/build/icyphy/ptII/ptolemy/actor/lib/test/auto/Multiplexor3.xml
2 ms. Memory: 543744K Free: 205310K (38%)
----------------- Invoking toplevel() on ptolemy.moml.MoMLSimpleApplication@58ca3b49
----------------- Done invoking toplevel() on ptolemy.moml.MoMLSimpleApplication@58ca3b49
reloadAllAccessors: .Multiplexor3

===========================================================================================
----------------- testing Tue Jul 14 15:07:56 UTC 2020 /home/travis/build/icyphy/ptII/ptolemy/actor/lib/test/auto/MultiplexorDE.xml
----------------- Instantiating /home/travis/build/icyphy/ptII/ptolemy/actor/lib/test/auto/MultiplexorDE.xml
2 ms. Memory: 543744K Free: 198127K (36%)
----------------- Invoking toplevel() on ptolemy.moml.MoMLSimpleApplication@7c74b3c2
----------------- Done invoking toplevel() on ptolemy.moml.MoMLSimpleApplication@7c74b3c2
reloadAllAccessors: .MultiplexorDE

===========================================================================================
----------------- testing Tue Jul 14 15:07:56 UTC 2020 /home/travis/build/icyphy/ptII/ptolemy/actor/lib/test/auto/MultiportBroadcastTest.xml
----------------- Instantiating /home/travis/build/icyphy/ptII/ptolemy/actor/lib/test/auto/MultiportBroadcastTest.xml
86 ms. Memory: 543744K Free: 191998K (35%)
----------------- Invoking toplevel() on ptolemy.moml.MoMLSimpleApplication@6ae405dd
----------------- Done invoking toplevel() on ptolemy.moml.MoMLSimpleApplication@6ae405dd
reloadAllAccessors: .MultiportBroadcastTest

===========================================================================================
----------------- testing Tue Jul 14 15:07:56 UTC 2020 /home/travis/build/icyphy/ptII/ptolemy/actor/lib/test/auto/MultiportOutHangDuringGetWidth.xml
----------------- Instantiating /home/travis/build/icyphy/ptII/ptolemy/actor/lib/test/auto/MultiportOutHangDuringGetWidth.xml
5 ms. Memory: 543744K Free: 179710K (33%)
----------------- Invoking toplevel() on ptolemy.moml.MoMLSimpleApplication@26cbb709
----------------- Done invoking toplevel() on ptolemy.moml.MoMLSimpleApplication@26cbb709
reloadAllAccessors: .MultiportOutHangDuringGetWidth

===========================================================================================
----------------- testing Tue Jul 14 15:07:56 UTC 2020 /home/travis/build/icyphy/ptII/ptolemy/actor/lib/test/auto/NilToken.xml
----------------- Instantiating /home/travis/build/icyphy/ptII/ptolemy/actor/lib/test/auto/NilToken.xml
2 ms. Memory: 543744K Free: 175614K (32%)
----------------- Invoking toplevel() on ptolemy.moml.MoMLSimpleApplication@639aa771
----------------- Done invoking toplevel() on ptolemy.moml.MoMLSimpleApplication@639aa771
reloadAllAccessors: .NilToken

===========================================================================================
----------------- testing Tue Jul 14 15:07:56 UTC 2020 /home/travis/build/icyphy/ptII/ptolemy/actor/lib/test/auto/NilTokenNonStrictTest.xml
----------------- Instantiating /home/travis/build/icyphy/ptII/ptolemy/actor/lib/test/auto/NilTokenNonStrictTest.xml
2 ms. Memory: 543744K Free: 488431K (90%)
----------------- Invoking toplevel() on ptolemy.moml.MoMLSimpleApplication@6249e23c
----------------- Done invoking toplevel() on ptolemy.moml.MoMLSimpleApplication@6249e23c
reloadAllAccessors: .NilTokenNonStrictTest

===========================================================================================
----------------- testing Tue Jul 14 15:07:56 UTC 2020 /home/travis/build/icyphy/ptII/ptolemy/actor/lib/test/auto/NilTokenRecord.xml
----------------- Instantiating /home/travis/build/icyphy/ptII/ptolemy/actor/lib/test/auto/NilTokenRecord.xml
10 ms. Memory: 543744K Free: 481792K (89%)
----------------- Invoking toplevel() on ptolemy.moml.MoMLSimpleApplication@697e1abc
----------------- Done invoking toplevel() on ptolemy.moml.MoMLSimpleApplication@697e1abc
reloadAllAccessors: .NilTokenRecord

===========================================================================================
----------------- testing Tue Jul 14 15:07:56 UTC 2020 /home/travis/build/icyphy/ptII/ptolemy/actor/lib/test/auto/NilTokenTypeTest.xml
----------------- Instantiating /home/travis/build/icyphy/ptII/ptolemy/actor/lib/test/auto/NilTokenTypeTest.xml
5 ms. Memory: 543744K Free: 472062K (87%)
----------------- Invoking toplevel() on ptolemy.moml.MoMLSimpleApplication@76a05ed6
----------------- Done invoking toplevel() on ptolemy.moml.MoMLSimpleApplication@76a05ed6
reloadAllAccessors: .NilTokenTypeTest

===========================================================================================
----------------- testing Tue Jul 14 15:07:56 UTC 2020 /home/travis/build/icyphy/ptII/ptolemy/actor/lib/test/auto/ObjectToken1.xml
----------------- Instantiating /home/travis/build/icyphy/ptII/ptolemy/actor/lib/test/auto/ObjectToken1.xml
2 ms. Memory: 543744K Free: 467966K (86%)
----------------- Invoking toplevel() on ptolemy.moml.MoMLSimpleApplication@7ea5f3c3
----------------- Done invoking toplevel() on ptolemy.moml.MoMLSimpleApplication@7ea5f3c3
reloadAllAccessors: .ObjectToken1

===========================================================================================
----------------- testing Tue Jul 14 15:07:56 UTC 2020 /home/travis/build/icyphy/ptII/ptolemy/actor/lib/test/auto/OrderedMerge.xml
----------------- Instantiating /home/travis/build/icyphy/ptII/ptolemy/actor/lib/test/auto/OrderedMerge.xml
9 ms. Memory: 543744K Free: 462336K (85%)
----------------- Invoking toplevel() on ptolemy.moml.MoMLSimpleApplication@5d01725d
----------------- Done invoking toplevel() on ptolemy.moml.MoMLSimpleApplication@5d01725d
reloadAllAccessors: .OrderedMerge

===========================================================================================
----------------- testing Tue Jul 14 15:07:56 UTC 2020 /home/travis/build/icyphy/ptII/ptolemy/actor/lib/test/auto/OrderedRecordDisassembler.xml
----------------- Instantiating /home/travis/build/icyphy/ptII/ptolemy/actor/lib/test/auto/OrderedRecordDisassembler.xml
6 ms. Memory: 543744K Free: 457216K (84%)
----------------- Invoking toplevel() on ptolemy.moml.MoMLSimpleApplication@555ce00e
----------------- Done invoking toplevel() on ptolemy.moml.MoMLSimpleApplication@555ce00e
reloadAllAccessors: .OrderedRecordDisassembler

===========================================================================================
----------------- testing Tue Jul 14 15:07:56 UTC 2020 /home/travis/build/icyphy/ptII/ptolemy/actor/lib/test/auto/OrderedRecordDisassembler2.xml
----------------- Instantiating /home/travis/build/icyphy/ptII/ptolemy/actor/lib/test/auto/OrderedRecordDisassembler2.xml
4 ms. Memory: 543744K Free: 449519K (83%)
----------------- Invoking toplevel() on ptolemy.moml.MoMLSimpleApplication@201c3f25
----------------- Done invoking toplevel() on ptolemy.moml.MoMLSimpleApplication@201c3f25
reloadAllAccessors: .OrderedRecordDisassembler2

===========================================================================================
----------------- testing Tue Jul 14 15:07:56 UTC 2020 /home/travis/build/icyphy/ptII/ptolemy/actor/lib/test/auto/OrderedRecordUpdater.xml
----------------- Instantiating /home/travis/build/icyphy/ptII/ptolemy/actor/lib/test/auto/OrderedRecordUpdater.xml
2 ms. Memory: 543744K Free: 445438K (82%)
----------------- Invoking toplevel() on ptolemy.moml.MoMLSimpleApplication@931eb7
----------------- Done invoking toplevel() on ptolemy.moml.MoMLSimpleApplication@931eb7
reloadAllAccessors: .RecordUpdater

===========================================================================================
----------------- testing Tue Jul 14 15:07:56 UTC 2020 /home/travis/build/icyphy/ptII/ptolemy/actor/lib/test/auto/OrderedRecordUpdater2.xml
----------------- Instantiating /home/travis/build/icyphy/ptII/ptolemy/actor/lib/test/auto/OrderedRecordUpdater2.xml
2 ms. Memory: 543744K Free: 440318K (81%)
----------------- Invoking toplevel() on ptolemy.moml.MoMLSimpleApplication@348c6d5
----------------- Done invoking toplevel() on ptolemy.moml.MoMLSimpleApplication@348c6d5
reloadAllAccessors: .RecordUpdater2

===========================================================================================
----------------- testing Tue Jul 14 15:07:56 UTC 2020 /home/travis/build/icyphy/ptII/ptolemy/actor/lib/test/auto/PhaseUnwrap.xml
----------------- Instantiating /home/travis/build/icyphy/ptII/ptolemy/actor/lib/test/auto/PhaseUnwrap.xml
2 ms. Memory: 543744K Free: 435712K (80%)
----------------- Invoking toplevel() on ptolemy.moml.MoMLSimpleApplication@12dd347f
----------------- Done invoking toplevel() on ptolemy.moml.MoMLSimpleApplication@12dd347f
reloadAllAccessors: .PhaseUnwrap

===========================================================================================
----------------- testing Tue Jul 14 15:07:56 UTC 2020 /home/travis/build/icyphy/ptII/ptolemy/actor/lib/test/auto/PoissonClock.xml
----------------- Instantiating /home/travis/build/icyphy/ptII/ptolemy/actor/lib/test/auto/PoissonClock.xml
1 ms. Memory: 543744K Free: 431616K (79%)
----------------- Invoking toplevel() on ptolemy.moml.MoMLSimpleApplication@3f5522bc
----------------- Done invoking toplevel() on ptolemy.moml.MoMLSimpleApplication@3f5522bc
reloadAllAccessors: .PoissonClock

===========================================================================================
----------------- testing Tue Jul 14 15:07:56 UTC 2020 /home/travis/build/icyphy/ptII/ptolemy/actor/lib/test/auto/PoissonClock2.xml
----------------- Instantiating /home/travis/build/icyphy/ptII/ptolemy/actor/lib/test/auto/PoissonClock2.xml
1 ms. Memory: 543744K Free: 427518K (79%)
----------------- Invoking toplevel() on ptolemy.moml.MoMLSimpleApplication@3c4c2b4f
----------------- Done invoking toplevel() on ptolemy.moml.MoMLSimpleApplication@3c4c2b4f
reloadAllAccessors: .PoissonClock2

===========================================================================================
----------------- testing Tue Jul 14 15:07:56 UTC 2020 /home/travis/build/icyphy/ptII/ptolemy/actor/lib/test/auto/PoissonClock3.xml
----------------- Instantiating /home/travis/build/icyphy/ptII/ptolemy/actor/lib/test/auto/PoissonClock3.xml
1 ms. Memory: 543744K Free: 422400K (78%)
----------------- Invoking toplevel() on ptolemy.moml.MoMLSimpleApplication@778e6ae
----------------- Done invoking toplevel() on ptolemy.moml.MoMLSimpleApplication@778e6ae
reloadAllAccessors: .PoissonClock3

===========================================================================================
----------------- testing Tue Jul 14 15:07:56 UTC 2020 /home/travis/build/icyphy/ptII/ptolemy/actor/lib/test/auto/PubSubWithInitialTokens.xml
----------------- Instantiating /home/travis/build/icyphy/ptII/ptolemy/actor/lib/test/auto/PubSubWithInitialTokens.xml
4 ms. Memory: 543744K Free: 416735K (77%)
----------------- Invoking toplevel() on ptolemy.moml.MoMLSimpleApplication@e9fc554
----------------- Done invoking toplevel() on ptolemy.moml.MoMLSimpleApplication@e9fc554
reloadAllAccessors: .PubSubWithInitialTokens

===========================================================================================
----------------- testing Tue Jul 14 15:07:56 UTC 2020 /home/travis/build/icyphy/ptII/ptolemy/actor/lib/test/auto/PubSubWithInitialTokens2.xml
----------------- Instantiating /home/travis/build/icyphy/ptII/ptolemy/actor/lib/test/auto/PubSubWithInitialTokens2.xml
2 ms. Memory: 543744K Free: 411136K (76%)
----------------- Invoking toplevel() on ptolemy.moml.MoMLSimpleApplication@40786861
----------------- Done invoking toplevel() on ptolemy.moml.MoMLSimpleApplication@40786861
reloadAllAccessors: .PubSubWithInitialTokens2

===========================================================================================
----------------- testing Tue Jul 14 15:07:56 UTC 2020 /home/travis/build/icyphy/ptII/ptolemy/actor/lib/test/auto/PublisherClassNoParameter.xml
----------------- Instantiating /home/travis/build/icyphy/ptII/ptolemy/actor/lib/test/auto/PublisherClassNoParameter.xml
2 ms. Memory: 543744K Free: 401406K (74%)
----------------- Invoking toplevel() on ptolemy.moml.MoMLSimpleApplication@4e0fe562
----------------- Done invoking toplevel() on ptolemy.moml.MoMLSimpleApplication@4e0fe562
reloadAllAccessors: .PublisherClassNoParameter

===========================================================================================
----------------- testing Tue Jul 14 15:07:56 UTC 2020 /home/travis/build/icyphy/ptII/ptolemy/actor/lib/test/auto/PublisherClassParameter.xml
----------------- Instantiating /home/travis/build/icyphy/ptII/ptolemy/actor/lib/test/auto/PublisherClassParameter.xml
1 ms. Memory: 543744K Free: 390656K (72%)
----------------- Invoking toplevel() on ptolemy.moml.MoMLSimpleApplication@16c04ce4
----------------- Done invoking toplevel() on ptolemy.moml.MoMLSimpleApplication@16c04ce4
reloadAllAccessors: .PublisherClassParameter

===========================================================================================
----------------- testing Tue Jul 14 15:07:56 UTC 2020 /home/travis/build/icyphy/ptII/ptolemy/actor/lib/test/auto/PublisherNonStrictTest.xml
----------------- Instantiating /home/travis/build/icyphy/ptII/ptolemy/actor/lib/test/auto/PublisherNonStrictTest.xml
2 ms. Memory: 543744K Free: 382967K (70%)
----------------- Invoking toplevel() on ptolemy.moml.MoMLSimpleApplication@23e2ec60
----------------- Done invoking toplevel() on ptolemy.moml.MoMLSimpleApplication@23e2ec60
reloadAllAccessors: .PublisherNonStrictTest

===========================================================================================
----------------- testing Tue Jul 14 15:07:56 UTC 2020 /home/travis/build/icyphy/ptII/ptolemy/actor/lib/test/auto/PublisherPort1.xml
----------------- Instantiating /home/travis/build/icyphy/ptII/ptolemy/actor/lib/test/auto/PublisherPort1.xml
11 ms. Memory: 543744K Free: 377344K (69%)
----------------- Invoking toplevel() on ptolemy.moml.MoMLSimpleApplication@71ccc2c0
----------------- Done invoking toplevel() on ptolemy.moml.MoMLSimpleApplication@71ccc2c0
reloadAllAccessors: .PublisherPort1

===========================================================================================
----------------- testing Tue Jul 14 15:07:56 UTC 2020 /home/travis/build/icyphy/ptII/ptolemy/actor/lib/test/auto/PublisherPort2.xml
----------------- Instantiating /home/travis/build/icyphy/ptII/ptolemy/actor/lib/test/auto/PublisherPort2.xml
1 ms. Memory: 543744K Free: 372224K (68%)
----------------- Invoking toplevel() on ptolemy.moml.MoMLSimpleApplication@75b41d8d
----------------- Done invoking toplevel() on ptolemy.moml.MoMLSimpleApplication@75b41d8d
reloadAllAccessors: .PublisherPort2

===========================================================================================
----------------- testing Tue Jul 14 15:07:56 UTC 2020 /home/travis/build/icyphy/ptII/ptolemy/actor/lib/test/auto/PublisherPort3.xml
----------------- Instantiating /home/travis/build/icyphy/ptII/ptolemy/actor/lib/test/auto/PublisherPort3.xml
2 ms. Memory: 543744K Free: 365535K (67%)
----------------- Invoking toplevel() on ptolemy.moml.MoMLSimpleApplication@387c26bb
----------------- Done invoking toplevel() on ptolemy.moml.MoMLSimpleApplication@387c26bb
reloadAllAccessors: .PublisherPort3

===========================================================================================
----------------- testing Tue Jul 14 15:07:56 UTC 2020 /home/travis/build/icyphy/ptII/ptolemy/actor/lib/test/auto/PublisherPort4.xml
----------------- Instantiating /home/travis/build/icyphy/ptII/ptolemy/actor/lib/test/auto/PublisherPort4.xml
2 ms. Memory: 543744K Free: 359936K (66%)
----------------- Invoking toplevel() on ptolemy.moml.MoMLSimpleApplication@59d8fc55
----------------- Done invoking toplevel() on ptolemy.moml.MoMLSimpleApplication@59d8fc55
reloadAllAccessors: .PublisherPort4

===========================================================================================
----------------- testing Tue Jul 14 15:07:56 UTC 2020 /home/travis/build/icyphy/ptII/ptolemy/actor/lib/test/auto/PublisherPort5.xml
----------------- Instantiating /home/travis/build/icyphy/ptII/ptolemy/actor/lib/test/auto/PublisherPort5.xml
4 ms. Memory: 543744K Free: 352254K (65%)
----------------- Invoking toplevel() on ptolemy.moml.MoMLSimpleApplication@6835006d
----------------- Done invoking toplevel() on ptolemy.moml.MoMLSimpleApplication@6835006d
reloadAllAccessors: .PublisherPort5

===========================================================================================
----------------- testing Tue Jul 14 15:07:56 UTC 2020 /home/travis/build/icyphy/ptII/ptolemy/actor/lib/test/auto/PublisherPort5LookAlike.xml
----------------- Instantiating /home/travis/build/icyphy/ptII/ptolemy/actor/lib/test/auto/PublisherPort5LookAlike.xml
6 ms. Memory: 543744K Free: 345079K (63%)
----------------- Invoking toplevel() on ptolemy.moml.MoMLSimpleApplication@48133b2f
----------------- Done invoking toplevel() on ptolemy.moml.MoMLSimpleApplication@48133b2f
reloadAllAccessors: .PublisherPort5LookAlike

===========================================================================================
----------------- testing Tue Jul 14 15:07:56 UTC 2020 /home/travis/build/icyphy/ptII/ptolemy/actor/lib/test/auto/PublisherPort6.xml
----------------- Instantiating /home/travis/build/icyphy/ptII/ptolemy/actor/lib/test/auto/PublisherPort6.xml
12 ms. Memory: 543744K Free: 338432K (62%)
----------------- Invoking toplevel() on ptolemy.moml.MoMLSimpleApplication@1c39a56d
----------------- Done invoking toplevel() on ptolemy.moml.MoMLSimpleApplication@1c39a56d
reloadAllAccessors: .PublisherPort6

===========================================================================================
----------------- testing Tue Jul 14 15:07:56 UTC 2020 /home/travis/build/icyphy/ptII/ptolemy/actor/lib/test/auto/PublisherPort7.xml
----------------- Instantiating /home/travis/build/icyphy/ptII/ptolemy/actor/lib/test/auto/PublisherPort7.xml
3 ms. Memory: 543744K Free: 330750K (61%)
----------------- Invoking toplevel() on ptolemy.moml.MoMLSimpleApplication@60dc9d86
----------------- Done invoking toplevel() on ptolemy.moml.MoMLSimpleApplication@60dc9d86
reloadAllAccessors: .PublisherPort7

===========================================================================================
----------------- testing Tue Jul 14 15:07:56 UTC 2020 /home/travis/build/icyphy/ptII/ptolemy/actor/lib/test/auto/PublisherPort8.xml
----------------- Instantiating /home/travis/build/icyphy/ptII/ptolemy/actor/lib/test/auto/PublisherPort8.xml
4 ms. Memory: 543744K Free: 322048K (59%)
----------------- Invoking toplevel() on ptolemy.moml.MoMLSimpleApplication@6291572
----------------- Done invoking toplevel() on ptolemy.moml.MoMLSimpleApplication@6291572
reloadAllAccessors: .PublisherPort8

===========================================================================================
----------------- testing Tue Jul 14 15:07:56 UTC 2020 /home/travis/build/icyphy/ptII/ptolemy/actor/lib/test/auto/PublisherPortSubscriberChannelVariablesAOC2.xml
----------------- Instantiating /home/travis/build/icyphy/ptII/ptolemy/actor/lib/test/auto/PublisherPortSubscriberChannelVariablesAOC2.xml
3 ms. Memory: 543744K Free: 305150K (56%)
----------------- Invoking toplevel() on ptolemy.moml.MoMLSimpleApplication@3acf3944
----------------- Done invoking toplevel() on ptolemy.moml.MoMLSimpleApplication@3acf3944
reloadAllAccessors: .PublisherPortSubscriberChannelVariablesAOC2

===========================================================================================
----------------- testing Tue Jul 14 15:07:56 UTC 2020 /home/travis/build/icyphy/ptII/ptolemy/actor/lib/test/auto/PublisherPortSubscriberOpaqueWidthInference.xml
----------------- Instantiating /home/travis/build/icyphy/ptII/ptolemy/actor/lib/test/auto/PublisherPortSubscriberOpaqueWidthInference.xml
4 ms. Memory: 543744K Free: 297472K (55%)
----------------- Invoking toplevel() on ptolemy.moml.MoMLSimpleApplication@14fb127a
----------------- Done invoking toplevel() on ptolemy.moml.MoMLSimpleApplication@14fb127a
reloadAllAccessors: .PublisherPortSubscriberOpaqueWidthInference

===========================================================================================
----------------- testing Tue Jul 14 15:07:56 UTC 2020 /home/travis/build/icyphy/ptII/ptolemy/actor/lib/test/auto/PublisherPortSubscriberPortAdjacent.xml
----------------- Instantiating /home/travis/build/icyphy/ptII/ptolemy/actor/lib/test/auto/PublisherPortSubscriberPortAdjacent.xml
1 ms. Memory: 543744K Free: 289280K (53%)
----------------- Invoking toplevel() on ptolemy.moml.MoMLSimpleApplication@1f01ceb
----------------- Done invoking toplevel() on ptolemy.moml.MoMLSimpleApplication@1f01ceb
reloadAllAccessors: .PublisherPortSubscriberPortAdjacent

===========================================================================================
----------------- testing Tue Jul 14 15:07:56 UTC 2020 /home/travis/build/icyphy/ptII/ptolemy/actor/lib/test/auto/PublisherPortSubscriberPortExpression.xml
----------------- Instantiating /home/travis/build/icyphy/ptII/ptolemy/actor/lib/test/auto/PublisherPortSubscriberPortExpression.xml
3 ms. Memory: 543744K Free: 281088K (52%)
----------------- Invoking toplevel() on ptolemy.moml.MoMLSimpleApplication@672de60e
----------------- Done invoking toplevel() on ptolemy.moml.MoMLSimpleApplication@672de60e
reloadAllAccessors: .PublisherPortSubscriberPortExpression

===========================================================================================
----------------- testing Tue Jul 14 15:07:56 UTC 2020 /home/travis/build/icyphy/ptII/ptolemy/actor/lib/test/auto/PublisherPortSubscriberPortOpaqueD3Reverse.xml
----------------- Instantiating /home/travis/build/icyphy/ptII/ptolemy/actor/lib/test/auto/PublisherPortSubscriberPortOpaqueD3Reverse.xml
8 ms. Memory: 543744K Free: 270848K (50%)
----------------- Invoking toplevel() on ptolemy.moml.MoMLSimpleApplication@5be10af1
----------------- Done invoking toplevel() on ptolemy.moml.MoMLSimpleApplication@5be10af1
reloadAllAccessors: .PublisherPortSubscriberPortOpaqueD3Reverse

===========================================================================================
----------------- testing Tue Jul 14 15:07:56 UTC 2020 /home/travis/build/icyphy/ptII/ptolemy/actor/lib/test/auto/PublisherPortSubscriberPortOpaqueWidthInference.xml
----------------- Instantiating /home/travis/build/icyphy/ptII/ptolemy/actor/lib/test/auto/PublisherPortSubscriberPortOpaqueWidthInference.xml
3 ms. Memory: 543744K Free: 263151K (48%)
----------------- Invoking toplevel() on ptolemy.moml.MoMLSimpleApplication@749186b5
----------------- Done invoking toplevel() on ptolemy.moml.MoMLSimpleApplication@749186b5
reloadAllAccessors: .PublisherPortSubscriberPortOpaqueWidthInference

===========================================================================================
----------------- testing Tue Jul 14 15:07:56 UTC 2020 /home/travis/build/icyphy/ptII/ptolemy/actor/lib/test/auto/PublisherPortToplevelSubscriberPortAOC.xml
----------------- Instantiating /home/travis/build/icyphy/ptII/ptolemy/actor/lib/test/auto/PublisherPortToplevelSubscriberPortAOC.xml
.PublisherPortToplevelSubscriberPortAOC.TestExceptionAttribute: initialize() was not invoked, but wrapup() was.  This is unusual, but not always a problem.  For example, exporting JNLP will do this.
0 ms. Memory: 543744K Free: 257536K (47%)
----------------- Invoking toplevel() on ptolemy.moml.MoMLSimpleApplication@7e626203
----------------- Done invoking toplevel() on ptolemy.moml.MoMLSimpleApplication@7e626203
reloadAllAccessors: .PublisherPortToplevelSubscriberPortAOC

===========================================================================================
----------------- testing Tue Jul 14 15:07:56 UTC 2020 /home/travis/build/icyphy/ptII/ptolemy/actor/lib/test/auto/PublisherSubscriber.xml
----------------- Instantiating /home/travis/build/icyphy/ptII/ptolemy/actor/lib/test/auto/PublisherSubscriber.xml
3 ms. Memory: 543744K Free: 249823K (46%)
----------------- Invoking toplevel() on ptolemy.moml.MoMLSimpleApplication@60d4332
----------------- Done invoking toplevel() on ptolemy.moml.MoMLSimpleApplication@60d4332
reloadAllAccessors: .PublisherSubscriber

===========================================================================================
----------------- testing Tue Jul 14 15:07:56 UTC 2020 /home/travis/build/icyphy/ptII/ptolemy/actor/lib/test/auto/PublisherSubscriber10.xml
----------------- Instantiating /home/travis/build/icyphy/ptII/ptolemy/actor/lib/test/auto/PublisherSubscriber10.xml
5 ms. Memory: 543744K Free: 240638K (44%)
----------------- Invoking toplevel() on ptolemy.moml.MoMLSimpleApplication@57151ee9
----------------- Done invoking toplevel() on ptolemy.moml.MoMLSimpleApplication@57151ee9
reloadAllAccessors: .PublisherSubscriber10

===========================================================================================
----------------- testing Tue Jul 14 15:07:56 UTC 2020 /home/travis/build/icyphy/ptII/ptolemy/actor/lib/test/auto/PublisherSubscriber10InitialOutputs.xml
----------------- Instantiating /home/travis/build/icyphy/ptII/ptolemy/actor/lib/test/auto/PublisherSubscriber10InitialOutputs.xml
12 ms. Memory: 543744K Free: 231422K (43%)
----------------- Invoking toplevel() on ptolemy.moml.MoMLSimpleApplication@45ba7721
----------------- Done invoking toplevel() on ptolemy.moml.MoMLSimpleApplication@45ba7721
reloadAllAccessors: .PublisherSubscriber10InitialOutputs

===========================================================================================
----------------- testing Tue Jul 14 15:07:56 UTC 2020 /home/travis/build/icyphy/ptII/ptolemy/actor/lib/test/auto/PublisherSubscriber11.xml
----------------- Instantiating /home/travis/build/icyphy/ptII/ptolemy/actor/lib/test/auto/PublisherSubscriber11.xml
3 ms. Memory: 543744K Free: 225247K (41%)
----------------- Invoking toplevel() on ptolemy.moml.MoMLSimpleApplication@68ac9865
----------------- Done invoking toplevel() on ptolemy.moml.MoMLSimpleApplication@68ac9865
reloadAllAccessors: .PublisherSubscriber11

===========================================================================================
----------------- testing Tue Jul 14 15:07:56 UTC 2020 /home/travis/build/icyphy/ptII/ptolemy/actor/lib/test/auto/PublisherSubscriber12.xml
----------------- Instantiating /home/travis/build/icyphy/ptII/ptolemy/actor/lib/test/auto/PublisherSubscriber12.xml
4 ms. Memory: 543744K Free: 218110K (40%)
----------------- Invoking toplevel() on ptolemy.moml.MoMLSimpleApplication@337ddade
----------------- Done invoking toplevel() on ptolemy.moml.MoMLSimpleApplication@337ddade
reloadAllAccessors: .PublisherSubscriber12

===========================================================================================
----------------- testing Tue Jul 14 15:07:56 UTC 2020 /home/travis/build/icyphy/ptII/ptolemy/actor/lib/test/auto/PublisherSubscriber13.xml
----------------- Instantiating /home/travis/build/icyphy/ptII/ptolemy/actor/lib/test/auto/PublisherSubscriber13.xml
1 ms. Memory: 543744K Free: 212480K (39%)
----------------- Invoking toplevel() on ptolemy.moml.MoMLSimpleApplication@38a88cc5
----------------- Done invoking toplevel() on ptolemy.moml.MoMLSimpleApplication@38a88cc5
reloadAllAccessors: .PublisherSubscriber13

===========================================================================================
----------------- testing Tue Jul 14 15:07:57 UTC 2020 /home/travis/build/icyphy/ptII/ptolemy/actor/lib/test/auto/PublisherSubscriber14.xml
----------------- Instantiating /home/travis/build/icyphy/ptII/ptolemy/actor/lib/test/auto/PublisherSubscriber14.xml
2 ms. Memory: 543744K Free: 203743K (37%)
----------------- Invoking toplevel() on ptolemy.moml.MoMLSimpleApplication@1165a11d
----------------- Done invoking toplevel() on ptolemy.moml.MoMLSimpleApplication@1165a11d
reloadAllAccessors: .PublisherSubscriber14

===========================================================================================
----------------- testing Tue Jul 14 15:07:57 UTC 2020 /home/travis/build/icyphy/ptII/ptolemy/actor/lib/test/auto/PublisherSubscriber2.xml
----------------- Instantiating /home/travis/build/icyphy/ptII/ptolemy/actor/lib/test/auto/PublisherSubscriber2.xml
3 ms. Memory: 543744K Free: 198144K (36%)
----------------- Invoking toplevel() on ptolemy.moml.MoMLSimpleApplication@57940623
----------------- Done invoking toplevel() on ptolemy.moml.MoMLSimpleApplication@57940623
reloadAllAccessors: .PublisherSubscriber2

===========================================================================================
----------------- testing Tue Jul 14 15:07:57 UTC 2020 /home/travis/build/icyphy/ptII/ptolemy/actor/lib/test/auto/PublisherSubscriber3.xml
----------------- Instantiating /home/travis/build/icyphy/ptII/ptolemy/actor/lib/test/auto/PublisherSubscriber3.xml
1 ms. Memory: 543744K Free: 192479K (35%)
----------------- Invoking toplevel() on ptolemy.moml.MoMLSimpleApplication@54c08923
----------------- Done invoking toplevel() on ptolemy.moml.MoMLSimpleApplication@54c08923
reloadAllAccessors: .PublisherSubscriber3

===========================================================================================
----------------- testing Tue Jul 14 15:07:57 UTC 2020 /home/travis/build/icyphy/ptII/ptolemy/actor/lib/test/auto/PublisherSubscriber4.xml
----------------- Instantiating /home/travis/build/icyphy/ptII/ptolemy/actor/lib/test/auto/PublisherSubscriber4.xml
1 ms. Memory: 543744K Free: 187359K (34%)
----------------- Invoking toplevel() on ptolemy.moml.MoMLSimpleApplication@219d110
----------------- Done invoking toplevel() on ptolemy.moml.MoMLSimpleApplication@219d110
reloadAllAccessors: .PublisherSubscriber4

===========================================================================================
----------------- testing Tue Jul 14 15:07:57 UTC 2020 /home/travis/build/icyphy/ptII/ptolemy/actor/lib/test/auto/PublisherSubscriber5.xml
----------------- Instantiating /home/travis/build/icyphy/ptII/ptolemy/actor/lib/test/auto/PublisherSubscriber5.xml
2 ms. Memory: 543744K Free: 180736K (33%)
----------------- Invoking toplevel() on ptolemy.moml.MoMLSimpleApplication@600c2d2a
----------------- Done invoking toplevel() on ptolemy.moml.MoMLSimpleApplication@600c2d2a
reloadAllAccessors: .PublisherSubscriber5

===========================================================================================
----------------- testing Tue Jul 14 15:07:57 UTC 2020 /home/travis/build/icyphy/ptII/ptolemy/actor/lib/test/auto/PublisherSubscriber6.xml
----------------- Instantiating /home/travis/build/icyphy/ptII/ptolemy/actor/lib/test/auto/PublisherSubscriber6.xml
4 ms. Memory: 543744K Free: 174078K (32%)
----------------- Invoking toplevel() on ptolemy.moml.MoMLSimpleApplication@5f7d7121
----------------- Done invoking toplevel() on ptolemy.moml.MoMLSimpleApplication@5f7d7121
reloadAllAccessors: .PublisherSubscriber6

===========================================================================================
----------------- testing Tue Jul 14 15:07:57 UTC 2020 /home/travis/build/icyphy/ptII/ptolemy/actor/lib/test/auto/PublisherSubscriber7.xml
----------------- Instantiating /home/travis/build/icyphy/ptII/ptolemy/actor/lib/test/auto/PublisherSubscriber7.xml
6 ms. Memory: 543744K Free: 485376K (89%)
----------------- Invoking toplevel() on ptolemy.moml.MoMLSimpleApplication@14a968a3
----------------- Done invoking toplevel() on ptolemy.moml.MoMLSimpleApplication@14a968a3
reloadAllAccessors: .PublisherSubscriber7

===========================================================================================
----------------- testing Tue Jul 14 15:07:57 UTC 2020 /home/travis/build/icyphy/ptII/ptolemy/actor/lib/test/auto/PublisherSubscriber8.xml
----------------- Instantiating /home/travis/build/icyphy/ptII/ptolemy/actor/lib/test/auto/PublisherSubscriber8.xml
16 ms. Memory: 543744K Free: 473598K (87%)
----------------- Invoking toplevel() on ptolemy.moml.MoMLSimpleApplication@d95ded
----------------- Done invoking toplevel() on ptolemy.moml.MoMLSimpleApplication@d95ded
reloadAllAccessors: .PublisherSubscriber8

===========================================================================================
----------------- testing Tue Jul 14 15:07:57 UTC 2020 /home/travis/build/icyphy/ptII/ptolemy/actor/lib/test/auto/PublisherSubscriber9.xml
----------------- Instantiating /home/travis/build/icyphy/ptII/ptolemy/actor/lib/test/auto/PublisherSubscriber9.xml
2 ms. Memory: 543744K Free: 466430K (86%)
----------------- Invoking toplevel() on ptolemy.moml.MoMLSimpleApplication@631108fb
----------------- Done invoking toplevel() on ptolemy.moml.MoMLSimpleApplication@631108fb
reloadAllAccessors: .PublisherSubscriber9

===========================================================================================
----------------- testing Tue Jul 14 15:07:57 UTC 2020 /home/travis/build/icyphy/ptII/ptolemy/actor/lib/test/auto/PublisherSubscriberAdjacent.xml
----------------- Instantiating /home/travis/build/icyphy/ptII/ptolemy/actor/lib/test/auto/PublisherSubscriberAdjacent.xml
2 ms. Memory: 543744K Free: 457728K (84%)
----------------- Invoking toplevel() on ptolemy.moml.MoMLSimpleApplication@65fdbff9
----------------- Done invoking toplevel() on ptolemy.moml.MoMLSimpleApplication@65fdbff9
reloadAllAccessors: .PublisherSubscriberAdjacent

===========================================================================================
----------------- testing Tue Jul 14 15:07:57 UTC 2020 /home/travis/build/icyphy/ptII/ptolemy/actor/lib/test/auto/PublisherSubscriberChannelVariablesAOC2.xml
----------------- Instantiating /home/travis/build/icyphy/ptII/ptolemy/actor/lib/test/auto/PublisherSubscriberChannelVariablesAOC2.xml
3 ms. Memory: 543744K Free: 443392K (82%)
----------------- Invoking toplevel() on ptolemy.moml.MoMLSimpleApplication@63dbd906
----------------- Done invoking toplevel() on ptolemy.moml.MoMLSimpleApplication@63dbd906
reloadAllAccessors: .PublisherSubscriberChannelVariablesAOC2

===========================================================================================
----------------- testing Tue Jul 14 15:07:57 UTC 2020 /home/travis/build/icyphy/ptII/ptolemy/actor/lib/test/auto/PublisherSubscriberD3.xml
----------------- Instantiating /home/travis/build/icyphy/ptII/ptolemy/actor/lib/test/auto/PublisherSubscriberD3.xml
2 ms. Memory: 543744K Free: 436224K (80%)
----------------- Invoking toplevel() on ptolemy.moml.MoMLSimpleApplication@7a7e6e87
----------------- Done invoking toplevel() on ptolemy.moml.MoMLSimpleApplication@7a7e6e87
reloadAllAccessors: .PublisherSubscriberD3

===========================================================================================
----------------- testing Tue Jul 14 15:07:57 UTC 2020 /home/travis/build/icyphy/ptII/ptolemy/actor/lib/test/auto/PublisherSubscriberD3Reverse.xml
----------------- Instantiating /home/travis/build/icyphy/ptII/ptolemy/actor/lib/test/auto/PublisherSubscriberD3Reverse.xml
2 ms. Memory: 543744K Free: 430080K (79%)
----------------- Invoking toplevel() on ptolemy.moml.MoMLSimpleApplication@5875ffd9
----------------- Done invoking toplevel() on ptolemy.moml.MoMLSimpleApplication@5875ffd9
reloadAllAccessors: .PublisherSubscriberD3Reverse

===========================================================================================
----------------- testing Tue Jul 14 15:07:57 UTC 2020 /home/travis/build/icyphy/ptII/ptolemy/actor/lib/test/auto/PublisherSubscriberExpression.xml
----------------- Instantiating /home/travis/build/icyphy/ptII/ptolemy/actor/lib/test/auto/PublisherSubscriberExpression.xml
4 ms. Memory: 543744K Free: 421359K (77%)
----------------- Invoking toplevel() on ptolemy.moml.MoMLSimpleApplication@41f64f4b
----------------- Done invoking toplevel() on ptolemy.moml.MoMLSimpleApplication@41f64f4b
reloadAllAccessors: .PublisherSubscriberExpression

===========================================================================================
----------------- testing Tue Jul 14 15:07:57 UTC 2020 /home/travis/build/icyphy/ptII/ptolemy/actor/lib/test/auto/PublisherSubscriberOpaque.xml
----------------- Instantiating /home/travis/build/icyphy/ptII/ptolemy/actor/lib/test/auto/PublisherSubscriberOpaque.xml
4 ms. Memory: 543744K Free: 413167K (76%)
----------------- Invoking toplevel() on ptolemy.moml.MoMLSimpleApplication@4982cf54
----------------- Done invoking toplevel() on ptolemy.moml.MoMLSimpleApplication@4982cf54
reloadAllAccessors: .PublisherSubscriberOpaque

===========================================================================================
----------------- testing Tue Jul 14 15:07:57 UTC 2020 /home/travis/build/icyphy/ptII/ptolemy/actor/lib/test/auto/PublisherSubscriberOpaqueD3.xml
----------------- Instantiating /home/travis/build/icyphy/ptII/ptolemy/actor/lib/test/auto/PublisherSubscriberOpaqueD3.xml
5 ms. Memory: 543744K Free: 401408K (74%)
----------------- Invoking toplevel() on ptolemy.moml.MoMLSimpleApplication@149ab72d
----------------- Done invoking toplevel() on ptolemy.moml.MoMLSimpleApplication@149ab72d
reloadAllAccessors: .PublisherSubscriberOpaqueD3

===========================================================================================
----------------- testing Tue Jul 14 15:07:57 UTC 2020 /home/travis/build/icyphy/ptII/ptolemy/actor/lib/test/auto/PublisherSubscriberOpaqueD3Reverse.xml
----------------- Instantiating /home/travis/build/icyphy/ptII/ptolemy/actor/lib/test/auto/PublisherSubscriberOpaqueD3Reverse.xml
7 ms. Memory: 543744K Free: 390654K (72%)
----------------- Invoking toplevel() on ptolemy.moml.MoMLSimpleApplication@724d612e
----------------- Done invoking toplevel() on ptolemy.moml.MoMLSimpleApplication@724d612e
reloadAllAccessors: .PublisherSubscriberOpaqueD3Reverse

===========================================================================================
----------------- testing Tue Jul 14 15:07:57 UTC 2020 /home/travis/build/icyphy/ptII/ptolemy/actor/lib/test/auto/PublisherSubscriberOpaqueWidthInference.xml
----------------- Instantiating /home/travis/build/icyphy/ptII/ptolemy/actor/lib/test/auto/PublisherSubscriberOpaqueWidthInference.xml
3 ms. Memory: 543744K Free: 382447K (70%)
----------------- Invoking toplevel() on ptolemy.moml.MoMLSimpleApplication@5cf7f7d2
----------------- Done invoking toplevel() on ptolemy.moml.MoMLSimpleApplication@5cf7f7d2
reloadAllAccessors: .PublisherSubscriberOpaqueWidthInference

===========================================================================================
----------------- testing Tue Jul 14 15:07:57 UTC 2020 /home/travis/build/icyphy/ptII/ptolemy/actor/lib/test/auto/PublisherTestSubscriber.xml
----------------- Instantiating /home/travis/build/icyphy/ptII/ptolemy/actor/lib/test/auto/PublisherTestSubscriber.xml
3 ms. Memory: 543744K Free: 374784K (69%)
----------------- Invoking toplevel() on ptolemy.moml.MoMLSimpleApplication@6efdc7d5
----------------- Done invoking toplevel() on ptolemy.moml.MoMLSimpleApplication@6efdc7d5
reloadAllAccessors: .PublisherTestSubscriber

===========================================================================================
----------------- testing Tue Jul 14 15:07:57 UTC 2020 /home/travis/build/icyphy/ptII/ptolemy/actor/lib/test/auto/PublisherToplevelSubscriberPortAOC.xml
----------------- Instantiating /home/travis/build/icyphy/ptII/ptolemy/actor/lib/test/auto/PublisherToplevelSubscriberPortAOC.xml
2 ms. Memory: 543744K Free: 368640K (68%)
----------------- Invoking toplevel() on ptolemy.moml.MoMLSimpleApplication@4f9b2d90
----------------- Done invoking toplevel() on ptolemy.moml.MoMLSimpleApplication@4f9b2d90
reloadAllAccessors: .PublisherToplevelSubscriberPortAOC

===========================================================================================
----------------- testing Tue Jul 14 15:07:57 UTC 2020 /home/travis/build/icyphy/ptII/ptolemy/actor/lib/test/auto/PulseFiringLimitDE.xml
----------------- Instantiating /home/travis/build/icyphy/ptII/ptolemy/actor/lib/test/auto/PulseFiringLimitDE.xml
8 ms. Memory: 543744K Free: 362496K (67%)
----------------- Invoking toplevel() on ptolemy.moml.MoMLSimpleApplication@21145f01
----------------- Done invoking toplevel() on ptolemy.moml.MoMLSimpleApplication@21145f01
reloadAllAccessors: .PulseFiringLimitDE

===========================================================================================
----------------- testing Tue Jul 14 15:07:57 UTC 2020 /home/travis/build/icyphy/ptII/ptolemy/actor/lib/test/auto/Ramp1.xml
----------------- Instantiating /home/travis/build/icyphy/ptII/ptolemy/actor/lib/test/auto/Ramp1.xml
1 ms. Memory: 543744K Free: 358400K (66%)
----------------- Invoking toplevel() on ptolemy.moml.MoMLSimpleApplication@470ad781
----------------- Done invoking toplevel() on ptolemy.moml.MoMLSimpleApplication@470ad781
reloadAllAccessors: .Ramp1

===========================================================================================
----------------- testing Tue Jul 14 15:07:57 UTC 2020 /home/travis/build/icyphy/ptII/ptolemy/actor/lib/test/auto/RampFiringLimitDE.xml
----------------- Instantiating /home/travis/build/icyphy/ptII/ptolemy/actor/lib/test/auto/RampFiringLimitDE.xml
2 ms. Memory: 543744K Free: 352256K (65%)
----------------- Invoking toplevel() on ptolemy.moml.MoMLSimpleApplication@3441eade
----------------- Done invoking toplevel() on ptolemy.moml.MoMLSimpleApplication@3441eade
reloadAllAccessors: .RampFiringLimitDE

===========================================================================================
----------------- testing Tue Jul 14 15:07:57 UTC 2020 /home/travis/build/icyphy/ptII/ptolemy/actor/lib/test/auto/RampFiringLimitSDF.xml
----------------- Instantiating /home/travis/build/icyphy/ptII/ptolemy/actor/lib/test/auto/RampFiringLimitSDF.xml
2 ms. Memory: 543744K Free: 347136K (64%)
----------------- Invoking toplevel() on ptolemy.moml.MoMLSimpleApplication@7f298b60
----------------- Done invoking toplevel() on ptolemy.moml.MoMLSimpleApplication@7f298b60
reloadAllAccessors: .RampFiringLimitSDF

===========================================================================================
----------------- testing Tue Jul 14 15:07:57 UTC 2020 /home/travis/build/icyphy/ptII/ptolemy/actor/lib/test/auto/RandomInteger.xml
----------------- Instantiating /home/travis/build/icyphy/ptII/ptolemy/actor/lib/test/auto/RandomInteger.xml
1 ms. Memory: 543744K Free: 343040K (63%)
----------------- Invoking toplevel() on ptolemy.moml.MoMLSimpleApplication@258ad4bc
----------------- Done invoking toplevel() on ptolemy.moml.MoMLSimpleApplication@258ad4bc
reloadAllAccessors: .RandomInteger

===========================================================================================
----------------- testing Tue Jul 14 15:07:57 UTC 2020 /home/travis/build/icyphy/ptII/ptolemy/actor/lib/test/auto/ReadFile1.xml
----------------- Instantiating /home/travis/build/icyphy/ptII/ptolemy/actor/lib/test/auto/ReadFile1.xml
1 ms. Memory: 543744K Free: 338423K (62%)
----------------- Invoking toplevel() on ptolemy.moml.MoMLSimpleApplication@246afaa0
----------------- Done invoking toplevel() on ptolemy.moml.MoMLSimpleApplication@246afaa0
reloadAllAccessors: .ReadFile1

===========================================================================================
----------------- testing Tue Jul 14 15:07:57 UTC 2020 /home/travis/build/icyphy/ptII/ptolemy/actor/lib/test/auto/ReadFile2.xml
----------------- Instantiating /home/travis/build/icyphy/ptII/ptolemy/actor/lib/test/auto/ReadFile2.xml
1 ms. Memory: 543744K Free: 334334K (61%)
----------------- Invoking toplevel() on ptolemy.moml.MoMLSimpleApplication@3eb6f617
----------------- Done invoking toplevel() on ptolemy.moml.MoMLSimpleApplication@3eb6f617
reloadAllAccessors: .ReadFile2

===========================================================================================
----------------- testing Tue Jul 14 15:07:57 UTC 2020 /home/travis/build/icyphy/ptII/ptolemy/actor/lib/test/auto/Reader.xml
----------------- Instantiating /home/travis/build/icyphy/ptII/ptolemy/actor/lib/test/auto/Reader.xml
actor.lib.Reader is obsolete, use actor.lib.io.ExpressionReader instead
4 ms. Memory: 543744K Free: 330238K (61%)
----------------- Invoking toplevel() on ptolemy.moml.MoMLSimpleApplication@35071d8a
----------------- Done invoking toplevel() on ptolemy.moml.MoMLSimpleApplication@35071d8a
reloadAllAccessors: .Reader

===========================================================================================
----------------- testing Tue Jul 14 15:07:57 UTC 2020 /home/travis/build/icyphy/ptII/ptolemy/actor/lib/test/auto/RecordAssemblerDisplayNameTest.xml
----------------- Instantiating /home/travis/build/icyphy/ptII/ptolemy/actor/lib/test/auto/RecordAssemblerDisplayNameTest.xml
3133 ms. Memory: 543744K Free: 385536K (71%)
----------------- Invoking toplevel() on ptolemy.moml.MoMLSimpleApplication@21f175f1
----------------- Done invoking toplevel() on ptolemy.moml.MoMLSimpleApplication@21f175f1
reloadAllAccessors: .RecordAssemblerDisplayNameTest

===========================================================================================
----------------- testing Tue Jul 14 15:08:00 UTC 2020 /home/travis/build/icyphy/ptII/ptolemy/actor/lib/test/auto/RecordAssemblerTypeError.xml
----------------- Instantiating /home/travis/build/icyphy/ptII/ptolemy/actor/lib/test/auto/RecordAssemblerTypeError.xml
7 ms. Memory: 543744K Free: 375806K (69%)
----------------- Invoking toplevel() on ptolemy.moml.MoMLSimpleApplication@11e22d42
----------------- Done invoking toplevel() on ptolemy.moml.MoMLSimpleApplication@11e22d42
reloadAllAccessors: .RecordAssemblerTypeError

===========================================================================================
----------------- testing Tue Jul 14 15:08:00 UTC 2020 /home/travis/build/icyphy/ptII/ptolemy/actor/lib/test/auto/RecordDisassember.xml
----------------- Instantiating /home/travis/build/icyphy/ptII/ptolemy/actor/lib/test/auto/RecordDisassember.xml
2 ms. Memory: 543744K Free: 371200K (68%)
----------------- Invoking toplevel() on ptolemy.moml.MoMLSimpleApplication@42ebefbe
----------------- Done invoking toplevel() on ptolemy.moml.MoMLSimpleApplication@42ebefbe
reloadAllAccessors: .RecordDisassember

===========================================================================================
----------------- testing Tue Jul 14 15:08:00 UTC 2020 /home/travis/build/icyphy/ptII/ptolemy/actor/lib/test/auto/RecordDisassemberDisplayNameTest.xml
----------------- Instantiating /home/travis/build/icyphy/ptII/ptolemy/actor/lib/test/auto/RecordDisassemberDisplayNameTest.xml
11 ms. Memory: 543744K Free: 363518K (67%)
----------------- Invoking toplevel() on ptolemy.moml.MoMLSimpleApplication@18cf7f4a
----------------- Done invoking toplevel() on ptolemy.moml.MoMLSimpleApplication@18cf7f4a
reloadAllAccessors: .RecordDisassemberDisplayNameTest

===========================================================================================
----------------- testing Tue Jul 14 15:08:00 UTC 2020 /home/travis/build/icyphy/ptII/ptolemy/actor/lib/test/auto/RecordDisassembler.xml
----------------- Instantiating /home/travis/build/icyphy/ptII/ptolemy/actor/lib/test/auto/RecordDisassembler.xml
2 ms. Memory: 543744K Free: 358367K (66%)
----------------- Invoking toplevel() on ptolemy.moml.MoMLSimpleApplication@7b76f05b
----------------- Done invoking toplevel() on ptolemy.moml.MoMLSimpleApplication@7b76f05b
reloadAllAccessors: .RecordDisassembler

===========================================================================================
----------------- testing Tue Jul 14 15:08:00 UTC 2020 /home/travis/build/icyphy/ptII/ptolemy/actor/lib/test/auto/RecordDisassembler2.xml
----------------- Instantiating /home/travis/build/icyphy/ptII/ptolemy/actor/lib/test/auto/RecordDisassembler2.xml
2 ms. Memory: 543744K Free: 353263K (65%)
----------------- Invoking toplevel() on ptolemy.moml.MoMLSimpleApplication@75052e0e
----------------- Done invoking toplevel() on ptolemy.moml.MoMLSimpleApplication@75052e0e
reloadAllAccessors: .RecordDisassembler2

===========================================================================================
----------------- testing Tue Jul 14 15:08:00 UTC 2020 /home/travis/build/icyphy/ptII/ptolemy/actor/lib/test/auto/RecordUpdater.xml
----------------- Instantiating /home/travis/build/icyphy/ptII/ptolemy/actor/lib/test/auto/RecordUpdater.xml
1 ms. Memory: 543744K Free: 348158K (64%)
----------------- Invoking toplevel() on ptolemy.moml.MoMLSimpleApplication@57df014e
----------------- Done invoking toplevel() on ptolemy.moml.MoMLSimpleApplication@57df014e
reloadAllAccessors: .RecordUpdater

===========================================================================================
----------------- testing Tue Jul 14 15:08:00 UTC 2020 /home/travis/build/icyphy/ptII/ptolemy/actor/lib/test/auto/RecordUpdater2.xml
----------------- Instantiating /home/travis/build/icyphy/ptII/ptolemy/actor/lib/test/auto/RecordUpdater2.xml
1 ms. Memory: 543744K Free: 343038K (63%)
----------------- Invoking toplevel() on ptolemy.moml.MoMLSimpleApplication@6dc3390a
----------------- Done invoking toplevel() on ptolemy.moml.MoMLSimpleApplication@6dc3390a
reloadAllAccessors: .RecordUpdater2

===========================================================================================
----------------- testing Tue Jul 14 15:08:00 UTC 2020 /home/travis/build/icyphy/ptII/ptolemy/actor/lib/test/auto/RecursiveLattice.xml
----------------- Instantiating /home/travis/build/icyphy/ptII/ptolemy/actor/lib/test/auto/RecursiveLattice.xml
1 ms. Memory: 543744K Free: 338942K (62%)
----------------- Invoking toplevel() on ptolemy.moml.MoMLSimpleApplication@ee77047
----------------- Done invoking toplevel() on ptolemy.moml.MoMLSimpleApplication@ee77047
reloadAllAccessors: .RecursiveLattice

===========================================================================================
----------------- testing Tue Jul 14 15:08:00 UTC 2020 /home/travis/build/icyphy/ptII/ptolemy/actor/lib/test/auto/Router.xml
----------------- Instantiating /home/travis/build/icyphy/ptII/ptolemy/actor/lib/test/auto/Router.xml
3004 ms. Memory: 543744K Free: 328192K (60%)
----------------- Invoking toplevel() on ptolemy.moml.MoMLSimpleApplication@6f736adf
----------------- Done invoking toplevel() on ptolemy.moml.MoMLSimpleApplication@6f736adf
reloadAllAccessors: .Router

===========================================================================================
----------------- testing Tue Jul 14 15:08:03 UTC 2020 /home/travis/build/icyphy/ptII/ptolemy/actor/lib/test/auto/Router2.xml
----------------- Instantiating /home/travis/build/icyphy/ptII/ptolemy/actor/lib/test/auto/Router2.xml
3003 ms. Memory: 543744K Free: 316928K (58%)
----------------- Invoking toplevel() on ptolemy.moml.MoMLSimpleApplication@662e0e24
----------------- Done invoking toplevel() on ptolemy.moml.MoMLSimpleApplication@662e0e24
reloadAllAccessors: .Router2

===========================================================================================
----------------- testing Tue Jul 14 15:08:06 UTC 2020 /home/travis/build/icyphy/ptII/ptolemy/actor/lib/test/auto/RunningMaximum.xml
----------------- Instantiating /home/travis/build/icyphy/ptII/ptolemy/actor/lib/test/auto/RunningMaximum.xml
1 ms. Memory: 543744K Free: 312832K (58%)
----------------- Invoking toplevel() on ptolemy.moml.MoMLSimpleApplication@40bd6232
----------------- Done invoking toplevel() on ptolemy.moml.MoMLSimpleApplication@40bd6232
reloadAllAccessors: .RunningMaximum

===========================================================================================
----------------- testing Tue Jul 14 15:08:06 UTC 2020 /home/travis/build/icyphy/ptII/ptolemy/actor/lib/test/auto/RunningMinimum.xml
----------------- Instantiating /home/travis/build/icyphy/ptII/ptolemy/actor/lib/test/auto/RunningMinimum.xml
8 ms. Memory: 543744K Free: 308222K (57%)
----------------- Invoking toplevel() on ptolemy.moml.MoMLSimpleApplication@185b94c1
----------------- Done invoking toplevel() on ptolemy.moml.MoMLSimpleApplication@185b94c1
reloadAllAccessors: .RunningMinimum

===========================================================================================
----------------- testing Tue Jul 14 15:08:06 UTC 2020 /home/travis/build/icyphy/ptII/ptolemy/actor/lib/test/auto/Scale.xml
----------------- Instantiating /home/travis/build/icyphy/ptII/ptolemy/actor/lib/test/auto/Scale.xml
2 ms. Memory: 543744K Free: 303616K (56%)
----------------- Invoking toplevel() on ptolemy.moml.MoMLSimpleApplication@28e907e2
----------------- Done invoking toplevel() on ptolemy.moml.MoMLSimpleApplication@28e907e2
reloadAllAccessors: .Scale

===========================================================================================
----------------- testing Tue Jul 14 15:08:06 UTC 2020 /home/travis/build/icyphy/ptII/ptolemy/actor/lib/test/auto/Scale2.xml
----------------- Instantiating /home/travis/build/icyphy/ptII/ptolemy/actor/lib/test/auto/Scale2.xml
2 ms. Memory: 543744K Free: 299006K (55%)
----------------- Invoking toplevel() on ptolemy.moml.MoMLSimpleApplication@3b8ad054
----------------- Done invoking toplevel() on ptolemy.moml.MoMLSimpleApplication@3b8ad054
reloadAllAccessors: .Scale2

===========================================================================================
----------------- testing Tue Jul 14 15:08:06 UTC 2020 /home/travis/build/icyphy/ptII/ptolemy/actor/lib/test/auto/Scale3.xml
----------------- Instantiating /home/travis/build/icyphy/ptII/ptolemy/actor/lib/test/auto/Scale3.xml
15 ms. Memory: 543744K Free: 292352K (54%)
----------------- Invoking toplevel() on ptolemy.moml.MoMLSimpleApplication@7088075f
----------------- Done invoking toplevel() on ptolemy.moml.MoMLSimpleApplication@7088075f
reloadAllAccessors: .Scale3

===========================================================================================
----------------- testing Tue Jul 14 15:08:06 UTC 2020 /home/travis/build/icyphy/ptII/ptolemy/actor/lib/test/auto/ScaleArray.xml
----------------- Instantiating /home/travis/build/icyphy/ptII/ptolemy/actor/lib/test/auto/ScaleArray.xml
2 ms. Memory: 543744K Free: 287742K (53%)
----------------- Invoking toplevel() on ptolemy.moml.MoMLSimpleApplication@481acf40
----------------- Done invoking toplevel() on ptolemy.moml.MoMLSimpleApplication@481acf40
reloadAllAccessors: .ScaleArray

===========================================================================================
----------------- testing Tue Jul 14 15:08:06 UTC 2020 /home/travis/build/icyphy/ptII/ptolemy/actor/lib/test/auto/ScaleArray2.xml
----------------- Instantiating /home/travis/build/icyphy/ptII/ptolemy/actor/lib/test/auto/ScaleArray2.xml
4 ms. Memory: 543744K Free: 283615K (52%)
----------------- Invoking toplevel() on ptolemy.moml.MoMLSimpleApplication@6dcb706d
----------------- Done invoking toplevel() on ptolemy.moml.MoMLSimpleApplication@6dcb706d
reloadAllAccessors: .ScaleArray2

===========================================================================================
----------------- testing Tue Jul 14 15:08:06 UTC 2020 /home/travis/build/icyphy/ptII/ptolemy/actor/lib/test/auto/ScaleMatrix.xml
----------------- Instantiating /home/travis/build/icyphy/ptII/ptolemy/actor/lib/test/auto/ScaleMatrix.xml
189 ms. Memory: 543744K Free: 268286K (49%)
----------------- Invoking toplevel() on ptolemy.moml.MoMLSimpleApplication@7a602cd
----------------- Done invoking toplevel() on ptolemy.moml.MoMLSimpleApplication@7a602cd
reloadAllAccessors: .ScaleMatrix

===========================================================================================
----------------- testing Tue Jul 14 15:08:07 UTC 2020 /home/travis/build/icyphy/ptII/ptolemy/actor/lib/test/auto/Select.xml
----------------- Instantiating /home/travis/build/icyphy/ptII/ptolemy/actor/lib/test/auto/Select.xml
2 ms. Memory: 543744K Free: 262127K (48%)
----------------- Invoking toplevel() on ptolemy.moml.MoMLSimpleApplication@29752584
----------------- Done invoking toplevel() on ptolemy.moml.MoMLSimpleApplication@29752584
reloadAllAccessors: .Select

===========================================================================================
----------------- testing Tue Jul 14 15:08:07 UTC 2020 /home/travis/build/icyphy/ptII/ptolemy/actor/lib/test/auto/Select2.xml
----------------- Instantiating /home/travis/build/icyphy/ptII/ptolemy/actor/lib/test/auto/Select2.xml
1 ms. Memory: 543744K Free: 257536K (47%)
----------------- Invoking toplevel() on ptolemy.moml.MoMLSimpleApplication@59a313c3
----------------- Done invoking toplevel() on ptolemy.moml.MoMLSimpleApplication@59a313c3
reloadAllAccessors: .Select2

===========================================================================================
----------------- testing Tue Jul 14 15:08:07 UTC 2020 /home/travis/build/icyphy/ptII/ptolemy/actor/lib/test/auto/SequenceToArray2.xml
----------------- Instantiating /home/travis/build/icyphy/ptII/ptolemy/actor/lib/test/auto/SequenceToArray2.xml
103 ms. Memory: 543744K Free: 233470K (43%)
----------------- Invoking toplevel() on ptolemy.moml.MoMLSimpleApplication@32bde9dd
----------------- Done invoking toplevel() on ptolemy.moml.MoMLSimpleApplication@32bde9dd
reloadAllAccessors: .SequenceToArray2

===========================================================================================
----------------- testing Tue Jul 14 15:08:07 UTC 2020 /home/travis/build/icyphy/ptII/ptolemy/actor/lib/test/auto/SequentialClock.xml
----------------- Instantiating /home/travis/build/icyphy/ptII/ptolemy/actor/lib/test/auto/SequentialClock.xml
2 ms. Memory: 543744K Free: 229888K (42%)
----------------- Invoking toplevel() on ptolemy.moml.MoMLSimpleApplication@ce1b62f
----------------- Done invoking toplevel() on ptolemy.moml.MoMLSimpleApplication@ce1b62f
reloadAllAccessors: .SequentialClock

===========================================================================================
----------------- testing Tue Jul 14 15:08:07 UTC 2020 /home/travis/build/icyphy/ptII/ptolemy/actor/lib/test/auto/SetVariable.xml
----------------- Instantiating /home/travis/build/icyphy/ptII/ptolemy/actor/lib/test/auto/SetVariable.xml
3 ms. Memory: 543744K Free: 225278K (41%)
----------------- Invoking toplevel() on ptolemy.moml.MoMLSimpleApplication@28df8e6b
----------------- Done invoking toplevel() on ptolemy.moml.MoMLSimpleApplication@28df8e6b
reloadAllAccessors: .SetVariable

===========================================================================================
----------------- testing Tue Jul 14 15:08:07 UTC 2020 /home/travis/build/icyphy/ptII/ptolemy/actor/lib/test/auto/SetVariable2.xml
----------------- Instantiating /home/travis/build/icyphy/ptII/ptolemy/actor/lib/test/auto/SetVariable2.xml
4 ms. Memory: 543744K Free: 220158K (40%)
----------------- Invoking toplevel() on ptolemy.moml.MoMLSimpleApplication@43326708
----------------- Done invoking toplevel() on ptolemy.moml.MoMLSimpleApplication@43326708
reloadAllAccessors: .SetVariable2

===========================================================================================
----------------- testing Tue Jul 14 15:08:07 UTC 2020 /home/travis/build/icyphy/ptII/ptolemy/actor/lib/test/auto/SetVariable3.xml
----------------- Instantiating /home/travis/build/icyphy/ptII/ptolemy/actor/lib/test/auto/SetVariable3.xml
7 ms. Memory: 543744K Free: 215038K (40%)
----------------- Invoking toplevel() on ptolemy.moml.MoMLSimpleApplication@eddd3f4
----------------- Done invoking toplevel() on ptolemy.moml.MoMLSimpleApplication@eddd3f4
reloadAllAccessors: .SetVariable3

===========================================================================================
----------------- testing Tue Jul 14 15:08:07 UTC 2020 /home/travis/build/icyphy/ptII/ptolemy/actor/lib/test/auto/SetVariable4.xml
----------------- Instantiating /home/travis/build/icyphy/ptII/ptolemy/actor/lib/test/auto/SetVariable4.xml
12 ms. Memory: 543744K Free: 205312K (38%)
----------------- Invoking toplevel() on ptolemy.moml.MoMLSimpleApplication@601094eb
----------------- Done invoking toplevel() on ptolemy.moml.MoMLSimpleApplication@601094eb
reloadAllAccessors: .SetVariable4

===========================================================================================
----------------- testing Tue Jul 14 15:08:07 UTC 2020 /home/travis/build/icyphy/ptII/ptolemy/actor/lib/test/auto/SetVariable5.xml
----------------- Instantiating /home/travis/build/icyphy/ptII/ptolemy/actor/lib/test/auto/SetVariable5.xml
16 ms. Memory: 543744K Free: 196096K (36%)
----------------- Invoking toplevel() on ptolemy.moml.MoMLSimpleApplication@525d94a2
----------------- Done invoking toplevel() on ptolemy.moml.MoMLSimpleApplication@525d94a2
reloadAllAccessors: .SetVariable5

===========================================================================================
----------------- testing Tue Jul 14 15:08:07 UTC 2020 /home/travis/build/icyphy/ptII/ptolemy/actor/lib/test/auto/Sinewave.xml
----------------- Instantiating /home/travis/build/icyphy/ptII/ptolemy/actor/lib/test/auto/Sinewave.xml
4 ms. Memory: 543744K Free: 185342K (34%)
----------------- Invoking toplevel() on ptolemy.moml.MoMLSimpleApplication@37d69885
----------------- Done invoking toplevel() on ptolemy.moml.MoMLSimpleApplication@37d69885
reloadAllAccessors: .Sinewave

===========================================================================================
----------------- testing Tue Jul 14 15:08:07 UTC 2020 /home/travis/build/icyphy/ptII/ptolemy/actor/lib/test/auto/Sinewave2.xml
----------------- Instantiating /home/travis/build/icyphy/ptII/ptolemy/actor/lib/test/auto/Sinewave2.xml
4 ms. Memory: 543744K Free: 177150K (33%)
----------------- Invoking toplevel() on ptolemy.moml.MoMLSimpleApplication@25558754
----------------- Done invoking toplevel() on ptolemy.moml.MoMLSimpleApplication@25558754
reloadAllAccessors: .Sinewave2

===========================================================================================
----------------- testing Tue Jul 14 15:08:07 UTC 2020 /home/travis/build/icyphy/ptII/ptolemy/actor/lib/test/auto/Sinewave3.xml
----------------- Instantiating /home/travis/build/icyphy/ptII/ptolemy/actor/lib/test/auto/Sinewave3.xml
11 ms. Memory: 543744K Free: 485871K (89%)
----------------- Invoking toplevel() on ptolemy.moml.MoMLSimpleApplication@66c9763b
----------------- Done invoking toplevel() on ptolemy.moml.MoMLSimpleApplication@66c9763b
reloadAllAccessors: .Sinewave3

===========================================================================================
----------------- testing Tue Jul 14 15:08:07 UTC 2020 /home/travis/build/icyphy/ptII/ptolemy/actor/lib/test/auto/SingleEvent.xml
----------------- Instantiating /home/travis/build/icyphy/ptII/ptolemy/actor/lib/test/auto/SingleEvent.xml
1 ms. Memory: 543744K Free: 481280K (89%)
----------------- Invoking toplevel() on ptolemy.moml.MoMLSimpleApplication@6a4b37b
----------------- Done invoking toplevel() on ptolemy.moml.MoMLSimpleApplication@6a4b37b
reloadAllAccessors: .SingleEvent

===========================================================================================
----------------- testing Tue Jul 14 15:08:07 UTC 2020 /home/travis/build/icyphy/ptII/ptolemy/actor/lib/test/auto/Sleep.xml
----------------- Instantiating /home/travis/build/icyphy/ptII/ptolemy/actor/lib/test/auto/Sleep.xml
6003 ms. Memory: 543744K Free: 475631K (87%)
----------------- Invoking toplevel() on ptolemy.moml.MoMLSimpleApplication@46bcbb37
----------------- Done invoking toplevel() on ptolemy.moml.MoMLSimpleApplication@46bcbb37
reloadAllAccessors: .Sleep

===========================================================================================
----------------- testing Tue Jul 14 15:08:13 UTC 2020 /home/travis/build/icyphy/ptII/ptolemy/actor/lib/test/auto/SleepMultipleFire.xml
----------------- Instantiating /home/travis/build/icyphy/ptII/ptolemy/actor/lib/test/auto/SleepMultipleFire.xml
1006 ms. Memory: 543744K Free: 469502K (86%)
----------------- Invoking toplevel() on ptolemy.moml.MoMLSimpleApplication@c784832
----------------- Done invoking toplevel() on ptolemy.moml.MoMLSimpleApplication@c784832
reloadAllAccessors: .SleepMultipleFire

===========================================================================================
----------------- testing Tue Jul 14 15:08:14 UTC 2020 /home/travis/build/icyphy/ptII/ptolemy/actor/lib/test/auto/StopDE.xml
----------------- Instantiating /home/travis/build/icyphy/ptII/ptolemy/actor/lib/test/auto/StopDE.xml
5 ms. Memory: 543744K Free: 463872K (85%)
----------------- Invoking toplevel() on ptolemy.moml.MoMLSimpleApplication@5d04bd52
----------------- Done invoking toplevel() on ptolemy.moml.MoMLSimpleApplication@5d04bd52
reloadAllAccessors: .StopDE

===========================================================================================
----------------- testing Tue Jul 14 15:08:14 UTC 2020 /home/travis/build/icyphy/ptII/ptolemy/actor/lib/test/auto/StopSDF.xml
----------------- Instantiating /home/travis/build/icyphy/ptII/ptolemy/actor/lib/test/auto/StopSDF.xml
2 ms. Memory: 543744K Free: 458752K (84%)
----------------- Invoking toplevel() on ptolemy.moml.MoMLSimpleApplication@6d6eecfd
----------------- Done invoking toplevel() on ptolemy.moml.MoMLSimpleApplication@6d6eecfd
reloadAllAccessors: .StopSDF

===========================================================================================
----------------- testing Tue Jul 14 15:08:14 UTC 2020 /home/travis/build/icyphy/ptII/ptolemy/actor/lib/test/auto/StringConstant.xml
----------------- Instantiating /home/travis/build/icyphy/ptII/ptolemy/actor/lib/test/auto/StringConstant.xml
9 ms. Memory: 543744K Free: 454654K (84%)
----------------- Invoking toplevel() on ptolemy.moml.MoMLSimpleApplication@2579d98d
----------------- Done invoking toplevel() on ptolemy.moml.MoMLSimpleApplication@2579d98d
reloadAllAccessors: .StringConstant

===========================================================================================
----------------- testing Tue Jul 14 15:08:14 UTC 2020 /home/travis/build/icyphy/ptII/ptolemy/actor/lib/test/auto/SubscriberPortInitialValues1.xml
----------------- Instantiating /home/travis/build/icyphy/ptII/ptolemy/actor/lib/test/auto/SubscriberPortInitialValues1.xml
11 ms. Memory: 543744K Free: 445950K (82%)
----------------- Invoking toplevel() on ptolemy.moml.MoMLSimpleApplication@3724e26d
----------------- Done invoking toplevel() on ptolemy.moml.MoMLSimpleApplication@3724e26d
reloadAllAccessors: .SubscriberPortInitialValues1

===========================================================================================
----------------- testing Tue Jul 14 15:08:14 UTC 2020 /home/travis/build/icyphy/ptII/ptolemy/actor/lib/test/auto/SubscriberPortInitialValues13.xml
----------------- Instantiating /home/travis/build/icyphy/ptII/ptolemy/actor/lib/test/auto/SubscriberPortInitialValues13.xml
5 ms. Memory: 543744K Free: 433152K (80%)
----------------- Invoking toplevel() on ptolemy.moml.MoMLSimpleApplication@5ff14441
----------------- Done invoking toplevel() on ptolemy.moml.MoMLSimpleApplication@5ff14441
reloadAllAccessors: .SubscriberPortInitialValues13

===========================================================================================
----------------- testing Tue Jul 14 15:08:14 UTC 2020 /home/travis/build/icyphy/ptII/ptolemy/actor/lib/test/auto/SubscriberPortInitialValues14.xml
----------------- Instantiating /home/travis/build/icyphy/ptII/ptolemy/actor/lib/test/auto/SubscriberPortInitialValues14.xml
3 ms. Memory: 543744K Free: 425470K (78%)
----------------- Invoking toplevel() on ptolemy.moml.MoMLSimpleApplication@3543b1dc
----------------- Done invoking toplevel() on ptolemy.moml.MoMLSimpleApplication@3543b1dc
reloadAllAccessors: .SubscriberPortInitialValues14

===========================================================================================
----------------- testing Tue Jul 14 15:08:14 UTC 2020 /home/travis/build/icyphy/ptII/ptolemy/actor/lib/test/auto/SubscriberPortInitialValues2.xml
----------------- Instantiating /home/travis/build/icyphy/ptII/ptolemy/actor/lib/test/auto/SubscriberPortInitialValues2.xml
3 ms. Memory: 543744K Free: 417792K (77%)
----------------- Invoking toplevel() on ptolemy.moml.MoMLSimpleApplication@55a56484
----------------- Done invoking toplevel() on ptolemy.moml.MoMLSimpleApplication@55a56484
reloadAllAccessors: .SubscriberPortInitialValues2

===========================================================================================
----------------- testing Tue Jul 14 15:08:14 UTC 2020 /home/travis/build/icyphy/ptII/ptolemy/actor/lib/test/auto/SubscriberPortInitialValues3.xml
----------------- Instantiating /home/travis/build/icyphy/ptII/ptolemy/actor/lib/test/auto/SubscriberPortInitialValues3.xml
4 ms. Memory: 543744K Free: 406528K (75%)
----------------- Invoking toplevel() on ptolemy.moml.MoMLSimpleApplication@8e582cc
----------------- Done invoking toplevel() on ptolemy.moml.MoMLSimpleApplication@8e582cc
reloadAllAccessors: .SubscriberPortInitialValues3

===========================================================================================
----------------- testing Tue Jul 14 15:08:14 UTC 2020 /home/travis/build/icyphy/ptII/ptolemy/actor/lib/test/auto/SubscriptionAggregator.xml
----------------- Instantiating /home/travis/build/icyphy/ptII/ptolemy/actor/lib/test/auto/SubscriptionAggregator.xml
2 ms. Memory: 543744K Free: 399855K (74%)
----------------- Invoking toplevel() on ptolemy.moml.MoMLSimpleApplication@2665b0d3
----------------- Done invoking toplevel() on ptolemy.moml.MoMLSimpleApplication@2665b0d3
reloadAllAccessors: .SubscriptionAggregator

===========================================================================================
----------------- testing Tue Jul 14 15:08:14 UTC 2020 /home/travis/build/icyphy/ptII/ptolemy/actor/lib/test/auto/SubscriptionAggregator2.xml
----------------- Instantiating /home/travis/build/icyphy/ptII/ptolemy/actor/lib/test/auto/SubscriptionAggregator2.xml
2 ms. Memory: 543744K Free: 393216K (72%)
----------------- Invoking toplevel() on ptolemy.moml.MoMLSimpleApplication@767eda13
----------------- Done invoking toplevel() on ptolemy.moml.MoMLSimpleApplication@767eda13
reloadAllAccessors: .SubscriptionAggregator2

===========================================================================================
----------------- testing Tue Jul 14 15:08:14 UTC 2020 /home/travis/build/icyphy/ptII/ptolemy/actor/lib/test/auto/SubscriptionAggregator3.xml
----------------- Instantiating /home/travis/build/icyphy/ptII/ptolemy/actor/lib/test/auto/SubscriptionAggregator3.xml
3 ms. Memory: 543744K Free: 384510K (71%)
----------------- Invoking toplevel() on ptolemy.moml.MoMLSimpleApplication@5e2446e
----------------- Done invoking toplevel() on ptolemy.moml.MoMLSimpleApplication@5e2446e
reloadAllAccessors: .SubscriptionAggregator3

===========================================================================================
----------------- testing Tue Jul 14 15:08:14 UTC 2020 /home/travis/build/icyphy/ptII/ptolemy/actor/lib/test/auto/SubscriptionAggregatorMultiply.xml
----------------- Instantiating /home/travis/build/icyphy/ptII/ptolemy/actor/lib/test/auto/SubscriptionAggregatorMultiply.xml
3 ms. Memory: 543744K Free: 375808K (69%)
----------------- Invoking toplevel() on ptolemy.moml.MoMLSimpleApplication@4385e311
----------------- Done invoking toplevel() on ptolemy.moml.MoMLSimpleApplication@4385e311
reloadAllAccessors: .SubscriptionAggregatorMultiply

===========================================================================================
----------------- testing Tue Jul 14 15:08:14 UTC 2020 /home/travis/build/icyphy/ptII/ptolemy/actor/lib/test/auto/SubscriptionAggregatorPortMultiply1.xml
----------------- Instantiating /home/travis/build/icyphy/ptII/ptolemy/actor/lib/test/auto/SubscriptionAggregatorPortMultiply1.xml
3 ms. Memory: 543744K Free: 368126K (68%)
----------------- Invoking toplevel() on ptolemy.moml.MoMLSimpleApplication@7805f58
----------------- Done invoking toplevel() on ptolemy.moml.MoMLSimpleApplication@7805f58
reloadAllAccessors: .SubscriptionAggregatorPortMultiply1

===========================================================================================
----------------- testing Tue Jul 14 15:08:14 UTC 2020 /home/travis/build/icyphy/ptII/ptolemy/actor/lib/test/auto/Switch.xml
----------------- Instantiating /home/travis/build/icyphy/ptII/ptolemy/actor/lib/test/auto/Switch.xml
9 ms. Memory: 543744K Free: 359934K (66%)
----------------- Invoking toplevel() on ptolemy.moml.MoMLSimpleApplication@34c524c9
----------------- Done invoking toplevel() on ptolemy.moml.MoMLSimpleApplication@34c524c9
reloadAllAccessors: .Switch

===========================================================================================
----------------- testing Tue Jul 14 15:08:14 UTC 2020 /home/travis/build/icyphy/ptII/ptolemy/actor/lib/test/auto/Switch2.xml
----------------- Instantiating /home/travis/build/icyphy/ptII/ptolemy/actor/lib/test/auto/Switch2.xml
1 ms. Memory: 543744K Free: 355328K (65%)
----------------- Invoking toplevel() on ptolemy.moml.MoMLSimpleApplication@2084f22d
----------------- Done invoking toplevel() on ptolemy.moml.MoMLSimpleApplication@2084f22d
reloadAllAccessors: .Switch2

===========================================================================================
----------------- testing Tue Jul 14 15:08:14 UTC 2020 /home/travis/build/icyphy/ptII/ptolemy/actor/lib/test/auto/SwitchDE.xml
----------------- Instantiating /home/travis/build/icyphy/ptII/ptolemy/actor/lib/test/auto/SwitchDE.xml
3 ms. Memory: 543744K Free: 349184K (64%)
----------------- Invoking toplevel() on ptolemy.moml.MoMLSimpleApplication@f234a2f
----------------- Done invoking toplevel() on ptolemy.moml.MoMLSimpleApplication@f234a2f
reloadAllAccessors: .SwitchDE

===========================================================================================
----------------- testing Tue Jul 14 15:08:14 UTC 2020 /home/travis/build/icyphy/ptII/ptolemy/actor/lib/test/auto/SynchronizerDE.xml
----------------- Instantiating /home/travis/build/icyphy/ptII/ptolemy/actor/lib/test/auto/SynchronizerDE.xml
6 ms. Memory: 543744K Free: 340992K (63%)
----------------- Invoking toplevel() on ptolemy.moml.MoMLSimpleApplication@4f2f4c37
----------------- Done invoking toplevel() on ptolemy.moml.MoMLSimpleApplication@4f2f4c37
reloadAllAccessors: .SynchronizerDE

===========================================================================================
----------------- testing Tue Jul 14 15:08:14 UTC 2020 /home/travis/build/icyphy/ptII/ptolemy/actor/lib/test/auto/Test.xml
----------------- Instantiating /home/travis/build/icyphy/ptII/ptolemy/actor/lib/test/auto/Test.xml
8 ms. Memory: 543744K Free: 335872K (62%)
----------------- Invoking toplevel() on ptolemy.moml.MoMLSimpleApplication@72abd7fb
----------------- Done invoking toplevel() on ptolemy.moml.MoMLSimpleApplication@72abd7fb
reloadAllAccessors: .Test

===========================================================================================
----------------- testing Tue Jul 14 15:08:14 UTC 2020 /home/travis/build/icyphy/ptII/ptolemy/actor/lib/test/auto/TestExceptionAttribute1.xml
----------------- Instantiating /home/travis/build/icyphy/ptII/ptolemy/actor/lib/test/auto/TestExceptionAttribute1.xml
1 ms. Memory: 543744K Free: 332286K (61%)
----------------- Invoking toplevel() on ptolemy.moml.MoMLSimpleApplication@24a54865
----------------- Done invoking toplevel() on ptolemy.moml.MoMLSimpleApplication@24a54865
reloadAllAccessors: .TestExceptionAttribute1

===========================================================================================
----------------- testing Tue Jul 14 15:08:14 UTC 2020 /home/travis/build/icyphy/ptII/ptolemy/actor/lib/test/auto/TestExceptionAttribute2.xml
----------------- Instantiating /home/travis/build/icyphy/ptII/ptolemy/actor/lib/test/auto/TestExceptionAttribute2.xml
2 ms. Memory: 543744K Free: 328704K (60%)
----------------- Invoking toplevel() on ptolemy.moml.MoMLSimpleApplication@568eb871
----------------- Done invoking toplevel() on ptolemy.moml.MoMLSimpleApplication@568eb871
reloadAllAccessors: .TestExceptionAttribute2

===========================================================================================
----------------- testing Tue Jul 14 15:08:14 UTC 2020 /home/travis/build/icyphy/ptII/ptolemy/actor/lib/test/auto/TestExceptionAttribute3.xml
----------------- Instantiating /home/travis/build/icyphy/ptII/ptolemy/actor/lib/test/auto/TestExceptionAttribute3.xml
.TestExceptionAttribute3.TestExceptionAttribute: initialize() was not invoked, but wrapup() was.  This is unusual, but not always a problem.  For example, exporting JNLP will do this.
1 ms. Memory: 543744K Free: 324608K (60%)
----------------- Invoking toplevel() on ptolemy.moml.MoMLSimpleApplication@1dc14a77
----------------- Done invoking toplevel() on ptolemy.moml.MoMLSimpleApplication@1dc14a77
reloadAllAccessors: .TestExceptionAttribute3

===========================================================================================
----------------- testing Tue Jul 14 15:08:14 UTC 2020 /home/travis/build/icyphy/ptII/ptolemy/actor/lib/test/auto/TestExceptionAttribute4.xml
----------------- Instantiating /home/travis/build/icyphy/ptII/ptolemy/actor/lib/test/auto/TestExceptionAttribute4.xml
.TestExceptionAttribute4.TestExceptionAttribute: initialize() was not invoked, but wrapup() was.  This is unusual, but not always a problem.  For example, exporting JNLP will do this.
.TestExceptionAttribute4.TestExceptionAttribute2: initialize() was not invoked, but wrapup() was.  This is unusual, but not always a problem.  For example, exporting JNLP will do this.
1 ms. Memory: 543744K Free: 320512K (59%)
----------------- Invoking toplevel() on ptolemy.moml.MoMLSimpleApplication@116aa2e4
----------------- Done invoking toplevel() on ptolemy.moml.MoMLSimpleApplication@116aa2e4
reloadAllAccessors: .TestExceptionAttribute4

===========================================================================================
----------------- testing Tue Jul 14 15:08:14 UTC 2020 /home/travis/build/icyphy/ptII/ptolemy/actor/lib/test/auto/TestExceptionHandler1.xml
----------------- Instantiating /home/travis/build/icyphy/ptII/ptolemy/actor/lib/test/auto/TestExceptionHandler1.xml
1 ms. Memory: 543744K Free: 316926K (58%)
----------------- Invoking toplevel() on ptolemy.moml.MoMLSimpleApplication@1efefc24
----------------- Done invoking toplevel() on ptolemy.moml.MoMLSimpleApplication@1efefc24
reloadAllAccessors: .TestExceptionHandler1

===========================================================================================
----------------- testing Tue Jul 14 15:08:14 UTC 2020 /home/travis/build/icyphy/ptII/ptolemy/actor/lib/test/auto/TestExceptionHandler2.xml
----------------- Instantiating /home/travis/build/icyphy/ptII/ptolemy/actor/lib/test/auto/TestExceptionHandler2.xml
1 ms. Memory: 543744K Free: 313344K (58%)
----------------- Invoking toplevel() on ptolemy.moml.MoMLSimpleApplication@15543987
----------------- Done invoking toplevel() on ptolemy.moml.MoMLSimpleApplication@15543987
reloadAllAccessors: .TestExceptionHandler2

===========================================================================================
----------------- testing Tue Jul 14 15:08:14 UTC 2020 /home/travis/build/icyphy/ptII/ptolemy/actor/lib/test/auto/TestExceptionHandler3.xml
----------------- Instantiating /home/travis/build/icyphy/ptII/ptolemy/actor/lib/test/auto/TestExceptionHandler3.xml
0 ms. Memory: 543744K Free: 309758K (57%)
----------------- Invoking toplevel() on ptolemy.moml.MoMLSimpleApplication@14a97962
----------------- Done invoking toplevel() on ptolemy.moml.MoMLSimpleApplication@14a97962
reloadAllAccessors: .TestExceptionHandler3

===========================================================================================
----------------- testing Tue Jul 14 15:08:14 UTC 2020 /home/travis/build/icyphy/ptII/ptolemy/actor/lib/test/auto/TestExceptionHandler4.xml
----------------- Instantiating /home/travis/build/icyphy/ptII/ptolemy/actor/lib/test/auto/TestExceptionHandler4.xml
0 ms. Memory: 543744K Free: 305662K (56%)
----------------- Invoking toplevel() on ptolemy.moml.MoMLSimpleApplication@76161605
----------------- Done invoking toplevel() on ptolemy.moml.MoMLSimpleApplication@76161605
reloadAllAccessors: .TestExceptionHandler4

===========================================================================================
----------------- testing Tue Jul 14 15:08:14 UTC 2020 /home/travis/build/icyphy/ptII/ptolemy/actor/lib/test/auto/TestRequireCorrectOrder.xml
----------------- Instantiating /home/travis/build/icyphy/ptII/ptolemy/actor/lib/test/auto/TestRequireCorrectOrder.xml
2 ms. Memory: 543744K Free: 300511K (55%)
----------------- Invoking toplevel() on ptolemy.moml.MoMLSimpleApplication@19d989fb
----------------- Done invoking toplevel() on ptolemy.moml.MoMLSimpleApplication@19d989fb
reloadAllAccessors: .TestRequireCorrectOrder

===========================================================================================
----------------- testing Tue Jul 14 15:08:15 UTC 2020 /home/travis/build/icyphy/ptII/ptolemy/actor/lib/test/auto/TestSimple.xml
----------------- Instantiating /home/travis/build/icyphy/ptII/ptolemy/actor/lib/test/auto/TestSimple.xml
1 ms. Memory: 543744K Free: 295936K (54%)
----------------- Invoking toplevel() on ptolemy.moml.MoMLSimpleApplication@7361190e
----------------- Done invoking toplevel() on ptolemy.moml.MoMLSimpleApplication@7361190e
reloadAllAccessors: .TestSimple

===========================================================================================
----------------- testing Tue Jul 14 15:08:15 UTC 2020 /home/travis/build/icyphy/ptII/ptolemy/actor/lib/test/auto/ThrowModelError.xml
----------------- Instantiating /home/travis/build/icyphy/ptII/ptolemy/actor/lib/test/auto/ThrowModelError.xml
2 ms. Memory: 543744K Free: 291326K (54%)
----------------- Invoking toplevel() on ptolemy.moml.MoMLSimpleApplication@6700c79
----------------- Done invoking toplevel() on ptolemy.moml.MoMLSimpleApplication@6700c79
reloadAllAccessors: .ThrowModelError

===========================================================================================
----------------- testing Tue Jul 14 15:08:15 UTC 2020 /home/travis/build/icyphy/ptII/ptolemy/actor/lib/test/auto/TimeDelayMicrosteps.xml
----------------- Instantiating /home/travis/build/icyphy/ptII/ptolemy/actor/lib/test/auto/TimeDelayMicrosteps.xml
2 ms. Memory: 543744K Free: 284672K (52%)
----------------- Invoking toplevel() on ptolemy.moml.MoMLSimpleApplication@5d3cf69e
----------------- Done invoking toplevel() on ptolemy.moml.MoMLSimpleApplication@5d3cf69e
reloadAllAccessors: .TimeDelayMicrosteps

===========================================================================================
----------------- testing Tue Jul 14 15:08:15 UTC 2020 /home/travis/build/icyphy/ptII/ptolemy/actor/lib/test/auto/TimeDelayMicrosteps2.xml
----------------- Instantiating /home/travis/build/icyphy/ptII/ptolemy/actor/lib/test/auto/TimeDelayMicrosteps2.xml
3 ms. Memory: 543744K Free: 277504K (51%)
----------------- Invoking toplevel() on ptolemy.moml.MoMLSimpleApplication@407d182f
----------------- Done invoking toplevel() on ptolemy.moml.MoMLSimpleApplication@407d182f
reloadAllAccessors: .TimeDelayMicrosteps2

===========================================================================================
----------------- testing Tue Jul 14 15:08:15 UTC 2020 /home/travis/build/icyphy/ptII/ptolemy/actor/lib/test/auto/TimeDelayMicrosteps3.xml
----------------- Instantiating /home/travis/build/icyphy/ptII/ptolemy/actor/lib/test/auto/TimeDelayMicrosteps3.xml
2 ms. Memory: 543744K Free: 270336K (50%)
----------------- Invoking toplevel() on ptolemy.moml.MoMLSimpleApplication@27f65df0
----------------- Done invoking toplevel() on ptolemy.moml.MoMLSimpleApplication@27f65df0
reloadAllAccessors: .TimeDelayMicrosteps3

===========================================================================================
----------------- testing Tue Jul 14 15:08:15 UTC 2020 /home/travis/build/icyphy/ptII/ptolemy/actor/lib/test/auto/TimeDelayVariableMicrosteps.xml
----------------- Instantiating /home/travis/build/icyphy/ptII/ptolemy/actor/lib/test/auto/TimeDelayVariableMicrosteps.xml
2 ms. Memory: 543744K Free: 263678K (48%)
----------------- Invoking toplevel() on ptolemy.moml.MoMLSimpleApplication@37ea58b5
----------------- Done invoking toplevel() on ptolemy.moml.MoMLSimpleApplication@37ea58b5
reloadAllAccessors: .TimeDelayVariableMicrosteps

===========================================================================================
----------------- testing Tue Jul 14 15:08:15 UTC 2020 /home/travis/build/icyphy/ptII/ptolemy/actor/lib/test/auto/TimeGap.xml
----------------- Instantiating /home/travis/build/icyphy/ptII/ptolemy/actor/lib/test/auto/TimeGap.xml
3 ms. Memory: 543744K Free: 258527K (48%)
----------------- Invoking toplevel() on ptolemy.moml.MoMLSimpleApplication@18b8e2ba
----------------- Done invoking toplevel() on ptolemy.moml.MoMLSimpleApplication@18b8e2ba
reloadAllAccessors: .TimeGap

===========================================================================================
----------------- testing Tue Jul 14 15:08:15 UTC 2020 /home/travis/build/icyphy/ptII/ptolemy/actor/lib/test/auto/TimeGap2.xml
----------------- Instantiating /home/travis/build/icyphy/ptII/ptolemy/actor/lib/test/auto/TimeGap2.xml
1 ms. Memory: 543744K Free: 252928K (47%)
----------------- Invoking toplevel() on ptolemy.moml.MoMLSimpleApplication@2cc9e286
----------------- Done invoking toplevel() on ptolemy.moml.MoMLSimpleApplication@2cc9e286
reloadAllAccessors: .TimeGap2

===========================================================================================
----------------- testing Tue Jul 14 15:08:15 UTC 2020 /home/travis/build/icyphy/ptII/ptolemy/actor/lib/test/auto/TimedSinewave.xml
----------------- Instantiating /home/travis/build/icyphy/ptII/ptolemy/actor/lib/test/auto/TimedSinewave.xml
31 ms. Memory: 543744K Free: 238592K (44%)
----------------- Invoking toplevel() on ptolemy.moml.MoMLSimpleApplication@5b5a4b4c
----------------- Done invoking toplevel() on ptolemy.moml.MoMLSimpleApplication@5b5a4b4c
reloadAllAccessors: .TimedSinewave

===========================================================================================
----------------- testing Tue Jul 14 15:08:15 UTC 2020 /home/travis/build/icyphy/ptII/ptolemy/actor/lib/test/auto/TimedSinewavePhase.xml
----------------- Instantiating /home/travis/build/icyphy/ptII/ptolemy/actor/lib/test/auto/TimedSinewavePhase.xml
8 ms. Memory: 543744K Free: 228862K (42%)
----------------- Invoking toplevel() on ptolemy.moml.MoMLSimpleApplication@10b36e95
----------------- Done invoking toplevel() on ptolemy.moml.MoMLSimpleApplication@10b36e95
reloadAllAccessors: .TimedSinewavePhase

===========================================================================================
----------------- testing Tue Jul 14 15:08:15 UTC 2020 /home/travis/build/icyphy/ptII/ptolemy/actor/lib/test/auto/Timer.xml
----------------- Instantiating /home/travis/build/icyphy/ptII/ptolemy/actor/lib/test/auto/Timer.xml
2 ms. Memory: 543744K Free: 223232K (41%)
----------------- Invoking toplevel() on ptolemy.moml.MoMLSimpleApplication@32389d0
----------------- Done invoking toplevel() on ptolemy.moml.MoMLSimpleApplication@32389d0
reloadAllAccessors: .Timer

===========================================================================================
----------------- testing Tue Jul 14 15:08:15 UTC 2020 /home/travis/build/icyphy/ptII/ptolemy/actor/lib/test/auto/TriangularDistTestModel.xml
----------------- Instantiating /home/travis/build/icyphy/ptII/ptolemy/actor/lib/test/auto/TriangularDistTestModel.xml
2 ms. Memory: 543744K Free: 217583K (40%)
----------------- Invoking toplevel() on ptolemy.moml.MoMLSimpleApplication@32980d54
----------------- Done invoking toplevel() on ptolemy.moml.MoMLSimpleApplication@32980d54
reloadAllAccessors: .TriangularDistTestModel

===========================================================================================
----------------- testing Tue Jul 14 15:08:15 UTC 2020 /home/travis/build/icyphy/ptII/ptolemy/actor/lib/test/auto/TrigFunction.xml
----------------- Instantiating /home/travis/build/icyphy/ptII/ptolemy/actor/lib/test/auto/TrigFunction.xml
2 ms. Memory: 543744K Free: 212478K (39%)
----------------- Invoking toplevel() on ptolemy.moml.MoMLSimpleApplication@19b84465
----------------- Done invoking toplevel() on ptolemy.moml.MoMLSimpleApplication@19b84465
reloadAllAccessors: .TrigFunction

===========================================================================================
----------------- testing Tue Jul 14 15:08:15 UTC 2020 /home/travis/build/icyphy/ptII/ptolemy/actor/lib/test/auto/TrigFunctionDE.xml
----------------- Instantiating /home/travis/build/icyphy/ptII/ptolemy/actor/lib/test/auto/TrigFunctionDE.xml
2 ms. Memory: 543744K Free: 206848K (38%)
----------------- Invoking toplevel() on ptolemy.moml.MoMLSimpleApplication@3978fbb7
----------------- Done invoking toplevel() on ptolemy.moml.MoMLSimpleApplication@3978fbb7
reloadAllAccessors: .TrigFunctionDE

===========================================================================================
----------------- testing Tue Jul 14 15:08:15 UTC 2020 /home/travis/build/icyphy/ptII/ptolemy/actor/lib/test/auto/TrigFunctionInverse.xml
----------------- Instantiating /home/travis/build/icyphy/ptII/ptolemy/actor/lib/test/auto/TrigFunctionInverse.xml
2 ms. Memory: 543744K Free: 201728K (37%)
----------------- Invoking toplevel() on ptolemy.moml.MoMLSimpleApplication@4041a26
----------------- Done invoking toplevel() on ptolemy.moml.MoMLSimpleApplication@4041a26
reloadAllAccessors: .TrigFunctionInverse

===========================================================================================
----------------- testing Tue Jul 14 15:08:15 UTC 2020 /home/travis/build/icyphy/ptII/ptolemy/actor/lib/test/auto/TrigFunctionTan.xml
----------------- Instantiating /home/travis/build/icyphy/ptII/ptolemy/actor/lib/test/auto/TrigFunctionTan.xml
1 ms. Memory: 543744K Free: 197632K (36%)
----------------- Invoking toplevel() on ptolemy.moml.MoMLSimpleApplication@24a3d9b0
----------------- Done invoking toplevel() on ptolemy.moml.MoMLSimpleApplication@24a3d9b0
reloadAllAccessors: .TrigFunctionTan

===========================================================================================
----------------- testing Tue Jul 14 15:08:15 UTC 2020 /home/travis/build/icyphy/ptII/ptolemy/actor/lib/test/auto/TriggeredClock.xml
----------------- Instantiating /home/travis/build/icyphy/ptII/ptolemy/actor/lib/test/auto/TriggeredClock.xml
1 ms. Memory: 543744K Free: 192512K (35%)
----------------- Invoking toplevel() on ptolemy.moml.MoMLSimpleApplication@73e98e19
----------------- Done invoking toplevel() on ptolemy.moml.MoMLSimpleApplication@73e98e19
reloadAllAccessors: .TriggeredClock

===========================================================================================
----------------- testing Tue Jul 14 15:08:15 UTC 2020 /home/travis/build/icyphy/ptII/ptolemy/actor/lib/test/auto/URLDirectoryReader.xml
----------------- Instantiating /home/travis/build/icyphy/ptII/ptolemy/actor/lib/test/auto/URLDirectoryReader.xml
40 ms. Memory: 543744K Free: 182782K (34%)
----------------- Invoking toplevel() on ptolemy.moml.MoMLSimpleApplication@4e1fb600
----------------- Done invoking toplevel() on ptolemy.moml.MoMLSimpleApplication@4e1fb600
reloadAllAccessors: .URLDirectoryReader

===========================================================================================
----------------- testing Tue Jul 14 15:08:15 UTC 2020 /home/travis/build/icyphy/ptII/ptolemy/actor/lib/test/auto/URLDirectoryReader3.xml
----------------- Instantiating /home/travis/build/icyphy/ptII/ptolemy/actor/lib/test/auto/URLDirectoryReader3.xml
1575 ms. Memory: 543744K Free: 482518K (89%)
----------------- Invoking toplevel() on ptolemy.moml.MoMLSimpleApplication@1d23d119
----------------- Done invoking toplevel() on ptolemy.moml.MoMLSimpleApplication@1d23d119
reloadAllAccessors: .URLDirectoryReader3

===========================================================================================
----------------- testing Tue Jul 14 15:08:17 UTC 2020 /home/travis/build/icyphy/ptII/ptolemy/actor/lib/test/auto/UnaryMathFunction.xml
----------------- Instantiating /home/travis/build/icyphy/ptII/ptolemy/actor/lib/test/auto/UnaryMathFunction.xml
3 ms. Memory: 543744K Free: 475071K (87%)
----------------- Invoking toplevel() on ptolemy.moml.MoMLSimpleApplication@79e9bd2f
----------------- Done invoking toplevel() on ptolemy.moml.MoMLSimpleApplication@79e9bd2f
reloadAllAccessors: .UnaryMathFunction

===========================================================================================
----------------- testing Tue Jul 14 15:08:17 UTC 2020 /home/travis/build/icyphy/ptII/ptolemy/actor/lib/test/auto/Uniform.xml
----------------- Instantiating /home/travis/build/icyphy/ptII/ptolemy/actor/lib/test/auto/Uniform.xml
2 ms. Memory: 543744K Free: 469951K (86%)
----------------- Invoking toplevel() on ptolemy.moml.MoMLSimpleApplication@330d8323
----------------- Done invoking toplevel() on ptolemy.moml.MoMLSimpleApplication@330d8323
reloadAllAccessors: .Uniform

===========================================================================================
----------------- testing Tue Jul 14 15:08:17 UTC 2020 /home/travis/build/icyphy/ptII/ptolemy/actor/lib/test/auto/UnionDisassemblerTest.xml
----------------- Instantiating /home/travis/build/icyphy/ptII/ptolemy/actor/lib/test/auto/UnionDisassemblerTest.xml
16 ms. Memory: 543744K Free: 466369K (86%)
----------------- Invoking toplevel() on ptolemy.moml.MoMLSimpleApplication@755d10fa
----------------- Done invoking toplevel() on ptolemy.moml.MoMLSimpleApplication@755d10fa
reloadAllAccessors: .UnionDisassemblerTest

===========================================================================================
----------------- testing Tue Jul 14 15:08:17 UTC 2020 /home/travis/build/icyphy/ptII/ptolemy/actor/lib/test/auto/UtilityFunctions.xml
----------------- Instantiating /home/travis/build/icyphy/ptII/ptolemy/actor/lib/test/auto/UtilityFunctions.xml
1 ms. Memory: 543744K Free: 462769K (85%)
----------------- Invoking toplevel() on ptolemy.moml.MoMLSimpleApplication@2b8cdfdf
----------------- Done invoking toplevel() on ptolemy.moml.MoMLSimpleApplication@2b8cdfdf
reloadAllAccessors: .UtilityFunctions

===========================================================================================
----------------- testing Tue Jul 14 15:08:17 UTC 2020 /home/travis/build/icyphy/ptII/ptolemy/actor/lib/test/auto/VariableSleep.xml
----------------- Instantiating /home/travis/build/icyphy/ptII/ptolemy/actor/lib/test/auto/VariableSleep.xml
502 ms. Memory: 543744K Free: 457153K (84%)
----------------- Invoking toplevel() on ptolemy.moml.MoMLSimpleApplication@128af3fd
----------------- Done invoking toplevel() on ptolemy.moml.MoMLSimpleApplication@128af3fd
reloadAllAccessors: .VariableSleep

===========================================================================================
----------------- testing Tue Jul 14 15:08:17 UTC 2020 /home/travis/build/icyphy/ptII/ptolemy/actor/lib/test/auto/VectorAssemblerDisassemblerCT.xml
----------------- Instantiating /home/travis/build/icyphy/ptII/ptolemy/actor/lib/test/auto/VectorAssemblerDisassemblerCT.xml
43 ms. Memory: 543744K Free: 437183K (80%)
----------------- Invoking toplevel() on ptolemy.moml.MoMLSimpleApplication@47a7ec64
----------------- Done invoking toplevel() on ptolemy.moml.MoMLSimpleApplication@47a7ec64
reloadAllAccessors: .VectorAssemblerDisassemblerCT

===========================================================================================
----------------- testing Tue Jul 14 15:08:18 UTC 2020 /home/travis/build/icyphy/ptII/ptolemy/actor/lib/test/auto/VectorAssemblerDisassemblerDE.xml
----------------- Instantiating /home/travis/build/icyphy/ptII/ptolemy/actor/lib/test/auto/VectorAssemblerDisassemblerDE.xml
2 ms. Memory: 543744K Free: 430015K (79%)
----------------- Invoking toplevel() on ptolemy.moml.MoMLSimpleApplication@557d9af
----------------- Done invoking toplevel() on ptolemy.moml.MoMLSimpleApplication@557d9af
reloadAllAccessors: .VectorAssemblerDisassemblerDE

===========================================================================================
----------------- testing Tue Jul 14 15:08:18 UTC 2020 /home/travis/build/icyphy/ptII/ptolemy/actor/lib/test/auto/VectorAssemblerDisassemblerSDF.xml
----------------- Instantiating /home/travis/build/icyphy/ptII/ptolemy/actor/lib/test/auto/VectorAssemblerDisassemblerSDF.xml
2 ms. Memory: 543744K Free: 422847K (78%)
----------------- Invoking toplevel() on ptolemy.moml.MoMLSimpleApplication@7b99505e
----------------- Done invoking toplevel() on ptolemy.moml.MoMLSimpleApplication@7b99505e
reloadAllAccessors: .VectorAssemblerDisassemblerSDF

===========================================================================================
----------------- testing Tue Jul 14 15:08:18 UTC 2020 /home/travis/build/icyphy/ptII/ptolemy/actor/lib/test/auto/WallClockTime.xml
----------------- Instantiating /home/travis/build/icyphy/ptII/ptolemy/actor/lib/test/auto/WallClockTime.xml
1004 ms. Memory: 543744K Free: 417727K (77%)
----------------- Invoking toplevel() on ptolemy.moml.MoMLSimpleApplication@15bd921b
----------------- Done invoking toplevel() on ptolemy.moml.MoMLSimpleApplication@15bd921b
reloadAllAccessors: .WallClockTime

===========================================================================================
----------------- testing Tue Jul 14 15:08:19 UTC 2020 /home/travis/build/icyphy/ptII/ptolemy/actor/lib/test/auto/WidthTestWithSubscriberPublisher.xml
----------------- Instantiating /home/travis/build/icyphy/ptII/ptolemy/actor/lib/test/auto/WidthTestWithSubscriberPublisher.xml
7 ms. Memory: 543744K Free: 399809K (74%)
----------------- Invoking toplevel() on ptolemy.moml.MoMLSimpleApplication@279a774c
----------------- Done invoking toplevel() on ptolemy.moml.MoMLSimpleApplication@279a774c
reloadAllAccessors: .WidthTestWithSubscriberPublisher

===========================================================================================
----------------- testing Tue Jul 14 15:08:19 UTC 2020 /home/travis/build/icyphy/ptII/ptolemy/actor/lib/test/auto/WidthTestWithSubscriberPublisher2.xml
----------------- Instantiating /home/travis/build/icyphy/ptII/ptolemy/actor/lib/test/auto/WidthTestWithSubscriberPublisher2.xml
2 ms. Memory: 543744K Free: 393665K (72%)
----------------- Invoking toplevel() on ptolemy.moml.MoMLSimpleApplication@7d0f2f3
----------------- Done invoking toplevel() on ptolemy.moml.MoMLSimpleApplication@7d0f2f3
reloadAllAccessors: .WidthTestWithSubscriberPublisher2

===========================================================================================
----------------- testing Tue Jul 14 15:08:19 UTC 2020 /home/travis/build/icyphy/ptII/ptolemy/actor/lib/test/auto/WidthTestWithSubscriberPublisher3.xml
----------------- Instantiating /home/travis/build/icyphy/ptII/ptolemy/actor/lib/test/auto/WidthTestWithSubscriberPublisher3.xml
2 ms. Memory: 543744K Free: 388031K (71%)
----------------- Invoking toplevel() on ptolemy.moml.MoMLSimpleApplication@7ee4b186
----------------- Done invoking toplevel() on ptolemy.moml.MoMLSimpleApplication@7ee4b186
reloadAllAccessors: .WidthTestWithSubscriberPublisher3

===========================================================================================
----------------- testing Tue Jul 14 15:08:19 UTC 2020 /home/travis/build/icyphy/ptII/ptolemy/actor/lib/test/auto/Writer.xml
----------------- Instantiating /home/travis/build/icyphy/ptII/ptolemy/actor/lib/test/auto/Writer.xml
0
1
2
3
4
1 ms. Memory: 543744K Free: 383905K (71%)
----------------- Invoking toplevel() on ptolemy.moml.MoMLSimpleApplication@5f790224
----------------- Done invoking toplevel() on ptolemy.moml.MoMLSimpleApplication@5f790224
reloadAllAccessors: .Writer

===========================================================================================
----------------- testing Tue Jul 14 15:08:19 UTC 2020 /home/travis/build/icyphy/ptII/ptolemy/actor/lib/test/auto/array.xml
----------------- Instantiating /home/travis/build/icyphy/ptII/ptolemy/actor/lib/test/auto/array.xml
2 ms. Memory: 543744K Free: 378815K (70%)
----------------- Invoking toplevel() on ptolemy.moml.MoMLSimpleApplication@7dc542c3
----------------- Done invoking toplevel() on ptolemy.moml.MoMLSimpleApplication@7dc542c3
reloadAllAccessors: .array

===========================================================================================
----------------- testing Tue Jul 14 15:08:19 UTC 2020 /home/travis/build/icyphy/ptII/ptolemy/actor/lib/test/auto/array2.xml
----------------- Instantiating /home/travis/build/icyphy/ptII/ptolemy/actor/lib/test/auto/array2.xml
8 ms. Memory: 543744K Free: 374209K (69%)
----------------- Invoking toplevel() on ptolemy.moml.MoMLSimpleApplication@15581f3c
----------------- Done invoking toplevel() on ptolemy.moml.MoMLSimpleApplication@15581f3c
reloadAllAccessors: .array2

===========================================================================================
----------------- testing Tue Jul 14 15:08:19 UTC 2020 /home/travis/build/icyphy/ptII/ptolemy/actor/lib/test/auto/arrayType.xml
----------------- Instantiating /home/travis/build/icyphy/ptII/ptolemy/actor/lib/test/auto/arrayType.xml
1 ms. Memory: 543744K Free: 369089K (68%)
----------------- Invoking toplevel() on ptolemy.moml.MoMLSimpleApplication@9001d35
----------------- Done invoking toplevel() on ptolemy.moml.MoMLSimpleApplication@9001d35
reloadAllAccessors: .arrayType

===========================================================================================
----------------- testing Tue Jul 14 15:08:19 UTC 2020 /home/travis/build/icyphy/ptII/ptolemy/actor/lib/test/auto/arrayType10.xml
----------------- Instantiating /home/travis/build/icyphy/ptII/ptolemy/actor/lib/test/auto/arrayType10.xml
2 ms. Memory: 543744K Free: 364479K (67%)
----------------- Invoking toplevel() on ptolemy.moml.MoMLSimpleApplication@3b830718
----------------- Done invoking toplevel() on ptolemy.moml.MoMLSimpleApplication@3b830718
reloadAllAccessors: .arrayType10

===========================================================================================
----------------- testing Tue Jul 14 15:08:19 UTC 2020 /home/travis/build/icyphy/ptII/ptolemy/actor/lib/test/auto/arrayType11.xml
----------------- Instantiating /home/travis/build/icyphy/ptII/ptolemy/actor/lib/test/auto/arrayType11.xml
1 ms. Memory: 543744K Free: 359873K (66%)
----------------- Invoking toplevel() on ptolemy.moml.MoMLSimpleApplication@7465afd4
----------------- Done invoking toplevel() on ptolemy.moml.MoMLSimpleApplication@7465afd4
reloadAllAccessors: .arrayType11

===========================================================================================
----------------- testing Tue Jul 14 15:08:19 UTC 2020 /home/travis/build/icyphy/ptII/ptolemy/actor/lib/test/auto/arrayType12.xml
----------------- Instantiating /home/travis/build/icyphy/ptII/ptolemy/actor/lib/test/auto/arrayType12.xml
1 ms. Memory: 543744K Free: 354753K (65%)
----------------- Invoking toplevel() on ptolemy.moml.MoMLSimpleApplication@1f65baf4
----------------- Done invoking toplevel() on ptolemy.moml.MoMLSimpleApplication@1f65baf4
reloadAllAccessors: .arrayType12

===========================================================================================
----------------- testing Tue Jul 14 15:08:19 UTC 2020 /home/travis/build/icyphy/ptII/ptolemy/actor/lib/test/auto/arrayType13.xml
----------------- Instantiating /home/travis/build/icyphy/ptII/ptolemy/actor/lib/test/auto/arrayType13.xml
2 ms. Memory: 543744K Free: 349633K (64%)
----------------- Invoking toplevel() on ptolemy.moml.MoMLSimpleApplication@23e4c230
----------------- Done invoking toplevel() on ptolemy.moml.MoMLSimpleApplication@23e4c230
reloadAllAccessors: .arrayType13

===========================================================================================
----------------- testing Tue Jul 14 15:08:19 UTC 2020 /home/travis/build/icyphy/ptII/ptolemy/actor/lib/test/auto/arrayType14.xml
----------------- Instantiating /home/travis/build/icyphy/ptII/ptolemy/actor/lib/test/auto/arrayType14.xml
1 ms. Memory: 543744K Free: 344513K (63%)
----------------- Invoking toplevel() on ptolemy.moml.MoMLSimpleApplication@5b20b114
----------------- Done invoking toplevel() on ptolemy.moml.MoMLSimpleApplication@5b20b114
reloadAllAccessors: .arrayType14

===========================================================================================
----------------- testing Tue Jul 14 15:08:19 UTC 2020 /home/travis/build/icyphy/ptII/ptolemy/actor/lib/test/auto/arrayType15.xml
----------------- Instantiating /home/travis/build/icyphy/ptII/ptolemy/actor/lib/test/auto/arrayType15.xml
2 ms. Memory: 543744K Free: 339393K (62%)
----------------- Invoking toplevel() on ptolemy.moml.MoMLSimpleApplication@78526823
----------------- Done invoking toplevel() on ptolemy.moml.MoMLSimpleApplication@78526823
reloadAllAccessors: .arrayType15

===========================================================================================
----------------- testing Tue Jul 14 15:08:19 UTC 2020 /home/travis/build/icyphy/ptII/ptolemy/actor/lib/test/auto/arrayType16.xml
----------------- Instantiating /home/travis/build/icyphy/ptII/ptolemy/actor/lib/test/auto/arrayType16.xml
1 ms. Memory: 543744K Free: 333249K (61%)
----------------- Invoking toplevel() on ptolemy.moml.MoMLSimpleApplication@75ec623
----------------- Done invoking toplevel() on ptolemy.moml.MoMLSimpleApplication@75ec623
reloadAllAccessors: .arrayType16

===========================================================================================
----------------- testing Tue Jul 14 15:08:19 UTC 2020 /home/travis/build/icyphy/ptII/ptolemy/actor/lib/test/auto/arrayType17.xml
----------------- Instantiating /home/travis/build/icyphy/ptII/ptolemy/actor/lib/test/auto/arrayType17.xml
2 ms. Memory: 543744K Free: 327615K (60%)
----------------- Invoking toplevel() on ptolemy.moml.MoMLSimpleApplication@581b1c49
----------------- Done invoking toplevel() on ptolemy.moml.MoMLSimpleApplication@581b1c49
reloadAllAccessors: .arrayType17

===========================================================================================
----------------- testing Tue Jul 14 15:08:19 UTC 2020 /home/travis/build/icyphy/ptII/ptolemy/actor/lib/test/auto/arrayType18.xml
----------------- Instantiating /home/travis/build/icyphy/ptII/ptolemy/actor/lib/test/auto/arrayType18.xml
1 ms. Memory: 543744K Free: 323009K (59%)
----------------- Invoking toplevel() on ptolemy.moml.MoMLSimpleApplication@54d8a6a0
----------------- Done invoking toplevel() on ptolemy.moml.MoMLSimpleApplication@54d8a6a0
reloadAllAccessors: .arrayType18

===========================================================================================
----------------- testing Tue Jul 14 15:08:19 UTC 2020 /home/travis/build/icyphy/ptII/ptolemy/actor/lib/test/auto/arrayType19.xml
----------------- Instantiating /home/travis/build/icyphy/ptII/ptolemy/actor/lib/test/auto/arrayType19.xml
1 ms. Memory: 543744K Free: 318399K (59%)
----------------- Invoking toplevel() on ptolemy.moml.MoMLSimpleApplication@3e4104e5
----------------- Done invoking toplevel() on ptolemy.moml.MoMLSimpleApplication@3e4104e5
reloadAllAccessors: .arrayType19

===========================================================================================
----------------- testing Tue Jul 14 15:08:19 UTC 2020 /home/travis/build/icyphy/ptII/ptolemy/actor/lib/test/auto/arrayType2.xml
----------------- Instantiating /home/travis/build/icyphy/ptII/ptolemy/actor/lib/test/auto/arrayType2.xml
2 ms. Memory: 543744K Free: 313279K (58%)
----------------- Invoking toplevel() on ptolemy.moml.MoMLSimpleApplication@1a39d1db
----------------- Done invoking toplevel() on ptolemy.moml.MoMLSimpleApplication@1a39d1db
reloadAllAccessors: .arrayType2

===========================================================================================
----------------- testing Tue Jul 14 15:08:19 UTC 2020 /home/travis/build/icyphy/ptII/ptolemy/actor/lib/test/auto/arrayType20.xml
----------------- Instantiating /home/travis/build/icyphy/ptII/ptolemy/actor/lib/test/auto/arrayType20.xml
1 ms. Memory: 543744K Free: 308159K (57%)
----------------- Invoking toplevel() on ptolemy.moml.MoMLSimpleApplication@4709325f
----------------- Done invoking toplevel() on ptolemy.moml.MoMLSimpleApplication@4709325f
reloadAllAccessors: .arrayType20

===========================================================================================
----------------- testing Tue Jul 14 15:08:19 UTC 2020 /home/travis/build/icyphy/ptII/ptolemy/actor/lib/test/auto/arrayType21.xml
----------------- Instantiating /home/travis/build/icyphy/ptII/ptolemy/actor/lib/test/auto/arrayType21.xml
1 ms. Memory: 543744K Free: 303553K (56%)
----------------- Invoking toplevel() on ptolemy.moml.MoMLSimpleApplication@4e815cd
----------------- Done invoking toplevel() on ptolemy.moml.MoMLSimpleApplication@4e815cd
reloadAllAccessors: .arrayType21

===========================================================================================
----------------- testing Tue Jul 14 15:08:19 UTC 2020 /home/travis/build/icyphy/ptII/ptolemy/actor/lib/test/auto/arrayType22.xml
----------------- Instantiating /home/travis/build/icyphy/ptII/ptolemy/actor/lib/test/auto/arrayType22.xml
1 ms. Memory: 543744K Free: 298943K (55%)
----------------- Invoking toplevel() on ptolemy.moml.MoMLSimpleApplication@36b64bf6
----------------- Done invoking toplevel() on ptolemy.moml.MoMLSimpleApplication@36b64bf6
reloadAllAccessors: .arrayType22

===========================================================================================
----------------- testing Tue Jul 14 15:08:19 UTC 2020 /home/travis/build/icyphy/ptII/ptolemy/actor/lib/test/auto/arrayType23.xml
----------------- Instantiating /home/travis/build/icyphy/ptII/ptolemy/actor/lib/test/auto/arrayType23.xml
1 ms. Memory: 543744K Free: 294337K (54%)
----------------- Invoking toplevel() on ptolemy.moml.MoMLSimpleApplication@672f6b51
----------------- Done invoking toplevel() on ptolemy.moml.MoMLSimpleApplication@672f6b51
reloadAllAccessors: .arrayType23

===========================================================================================
----------------- testing Tue Jul 14 15:08:19 UTC 2020 /home/travis/build/icyphy/ptII/ptolemy/actor/lib/test/auto/arrayType24.xml
----------------- Instantiating /home/travis/build/icyphy/ptII/ptolemy/actor/lib/test/auto/arrayType24.xml
4 ms. Memory: 543744K Free: 289217K (53%)
----------------- Invoking toplevel() on ptolemy.moml.MoMLSimpleApplication@38910359
----------------- Done invoking toplevel() on ptolemy.moml.MoMLSimpleApplication@38910359
reloadAllAccessors: .arrayType24

===========================================================================================
----------------- testing Tue Jul 14 15:08:19 UTC 2020 /home/travis/build/icyphy/ptII/ptolemy/actor/lib/test/auto/arrayType25.xml
----------------- Instantiating /home/travis/build/icyphy/ptII/ptolemy/actor/lib/test/auto/arrayType25.xml
1 ms. Memory: 543744K Free: 283583K (52%)
----------------- Invoking toplevel() on ptolemy.moml.MoMLSimpleApplication@341ceb24
----------------- Done invoking toplevel() on ptolemy.moml.MoMLSimpleApplication@341ceb24
reloadAllAccessors: .arrayType25

===========================================================================================
----------------- testing Tue Jul 14 15:08:19 UTC 2020 /home/travis/build/icyphy/ptII/ptolemy/actor/lib/test/auto/arrayType26.xml
----------------- Instantiating /home/travis/build/icyphy/ptII/ptolemy/actor/lib/test/auto/arrayType26.xml
2 ms. Memory: 543744K Free: 278463K (51%)
----------------- Invoking toplevel() on ptolemy.moml.MoMLSimpleApplication@6070bebe
----------------- Done invoking toplevel() on ptolemy.moml.MoMLSimpleApplication@6070bebe
reloadAllAccessors: .arrayType26

===========================================================================================
----------------- testing Tue Jul 14 15:08:19 UTC 2020 /home/travis/build/icyphy/ptII/ptolemy/actor/lib/test/auto/arrayType27.xml
----------------- Instantiating /home/travis/build/icyphy/ptII/ptolemy/actor/lib/test/auto/arrayType27.xml
1 ms. Memory: 543744K Free: 273343K (50%)
----------------- Invoking toplevel() on ptolemy.moml.MoMLSimpleApplication@7bedfecd
----------------- Done invoking toplevel() on ptolemy.moml.MoMLSimpleApplication@7bedfecd
reloadAllAccessors: .arrayType27

===========================================================================================
----------------- testing Tue Jul 14 15:08:19 UTC 2020 /home/travis/build/icyphy/ptII/ptolemy/actor/lib/test/auto/arrayType28.xml
----------------- Instantiating /home/travis/build/icyphy/ptII/ptolemy/actor/lib/test/auto/arrayType28.xml
1 ms. Memory: 543744K Free: 268223K (49%)
----------------- Invoking toplevel() on ptolemy.moml.MoMLSimpleApplication@cc6b01
----------------- Done invoking toplevel() on ptolemy.moml.MoMLSimpleApplication@cc6b01
reloadAllAccessors: .arrayType28

===========================================================================================
----------------- testing Tue Jul 14 15:08:19 UTC 2020 /home/travis/build/icyphy/ptII/ptolemy/actor/lib/test/auto/arrayType3.xml
----------------- Instantiating /home/travis/build/icyphy/ptII/ptolemy/actor/lib/test/auto/arrayType3.xml
1 ms. Memory: 543744K Free: 484012K (89%)
----------------- Invoking toplevel() on ptolemy.moml.MoMLSimpleApplication@98f7878
----------------- Done invoking toplevel() on ptolemy.moml.MoMLSimpleApplication@98f7878
reloadAllAccessors: .arrayType3

===========================================================================================
----------------- testing Tue Jul 14 15:08:19 UTC 2020 /home/travis/build/icyphy/ptII/ptolemy/actor/lib/test/auto/arrayType4.xml
----------------- Instantiating /home/travis/build/icyphy/ptII/ptolemy/actor/lib/test/auto/arrayType4.xml
2 ms. Memory: 543744K Free: 478382K (88%)
----------------- Invoking toplevel() on ptolemy.moml.MoMLSimpleApplication@57f8a898
----------------- Done invoking toplevel() on ptolemy.moml.MoMLSimpleApplication@57f8a898
reloadAllAccessors: .arrayType4

===========================================================================================
----------------- testing Tue Jul 14 15:08:19 UTC 2020 /home/travis/build/icyphy/ptII/ptolemy/actor/lib/test/auto/arrayType5.xml
----------------- Instantiating /home/travis/build/icyphy/ptII/ptolemy/actor/lib/test/auto/arrayType5.xml
2 ms. Memory: 543744K Free: 473262K (87%)
----------------- Invoking toplevel() on ptolemy.moml.MoMLSimpleApplication@507c632d
----------------- Done invoking toplevel() on ptolemy.moml.MoMLSimpleApplication@507c632d
reloadAllAccessors: .arrayType5

===========================================================================================
----------------- testing Tue Jul 14 15:08:19 UTC 2020 /home/travis/build/icyphy/ptII/ptolemy/actor/lib/test/auto/arrayType6.xml
----------------- Instantiating /home/travis/build/icyphy/ptII/ptolemy/actor/lib/test/auto/arrayType6.xml
2 ms. Memory: 543744K Free: 468652K (86%)
----------------- Invoking toplevel() on ptolemy.moml.MoMLSimpleApplication@7fb4d5d9
----------------- Done invoking toplevel() on ptolemy.moml.MoMLSimpleApplication@7fb4d5d9
reloadAllAccessors: .arrayType6

===========================================================================================
----------------- testing Tue Jul 14 15:08:19 UTC 2020 /home/travis/build/icyphy/ptII/ptolemy/actor/lib/test/auto/arrayType7.xml
----------------- Instantiating /home/travis/build/icyphy/ptII/ptolemy/actor/lib/test/auto/arrayType7.xml
5 ms. Memory: 543744K Free: 463532K (85%)
----------------- Invoking toplevel() on ptolemy.moml.MoMLSimpleApplication@25cf49a4
----------------- Done invoking toplevel() on ptolemy.moml.MoMLSimpleApplication@25cf49a4
reloadAllAccessors: .arrayType7

===========================================================================================
----------------- testing Tue Jul 14 15:08:19 UTC 2020 /home/travis/build/icyphy/ptII/ptolemy/actor/lib/test/auto/arrayType8.xml
----------------- Instantiating /home/travis/build/icyphy/ptII/ptolemy/actor/lib/test/auto/arrayType8.xml
1 ms. Memory: 543744K Free: 458926K (84%)
----------------- Invoking toplevel() on ptolemy.moml.MoMLSimpleApplication@5a289e16
----------------- Done invoking toplevel() on ptolemy.moml.MoMLSimpleApplication@5a289e16
reloadAllAccessors: .arrayType8

===========================================================================================
----------------- testing Tue Jul 14 15:08:19 UTC 2020 /home/travis/build/icyphy/ptII/ptolemy/actor/lib/test/auto/arrayType9.xml
----------------- Instantiating /home/travis/build/icyphy/ptII/ptolemy/actor/lib/test/auto/arrayType9.xml
2 ms. Memory: 543744K Free: 454316K (84%)
----------------- Invoking toplevel() on ptolemy.moml.MoMLSimpleApplication@4161b41a
----------------- Done invoking toplevel() on ptolemy.moml.MoMLSimpleApplication@4161b41a
reloadAllAccessors: .arrayType9

===========================================================================================
----------------- testing Tue Jul 14 15:08:19 UTC 2020 /home/travis/build/icyphy/ptII/ptolemy/actor/lib/test/auto/cast.xml
----------------- Instantiating /home/travis/build/icyphy/ptII/ptolemy/actor/lib/test/auto/cast.xml
2 ms. Memory: 543744K Free: 449710K (83%)
----------------- Invoking toplevel() on ptolemy.moml.MoMLSimpleApplication@5f6f92f3
----------------- Done invoking toplevel() on ptolemy.moml.MoMLSimpleApplication@5f6f92f3
reloadAllAccessors: .cast

===========================================================================================
----------------- testing Tue Jul 14 15:08:19 UTC 2020 /home/travis/build/icyphy/ptII/ptolemy/actor/lib/test/auto/compositeMultiPort.xml
----------------- Instantiating /home/travis/build/icyphy/ptII/ptolemy/actor/lib/test/auto/compositeMultiPort.xml
2 ms. Memory: 543744K Free: 440494K (81%)
----------------- Invoking toplevel() on ptolemy.moml.MoMLSimpleApplication@4089fa35
----------------- Done invoking toplevel() on ptolemy.moml.MoMLSimpleApplication@4089fa35
reloadAllAccessors: .compositeMultiPort

===========================================================================================
----------------- testing Tue Jul 14 15:08:19 UTC 2020 /home/travis/build/icyphy/ptII/ptolemy/actor/lib/test/auto/expressionCastInference.xml
----------------- Instantiating /home/travis/build/icyphy/ptII/ptolemy/actor/lib/test/auto/expressionCastInference.xml
2 ms. Memory: 543744K Free: 435884K (80%)
----------------- Invoking toplevel() on ptolemy.moml.MoMLSimpleApplication@360db040
----------------- Done invoking toplevel() on ptolemy.moml.MoMLSimpleApplication@360db040
reloadAllAccessors: .expressionCastInference

===========================================================================================
----------------- testing Tue Jul 14 15:08:19 UTC 2020 /home/travis/build/icyphy/ptII/ptolemy/actor/lib/test/auto/expressionCastInference2.xml
----------------- Instantiating /home/travis/build/icyphy/ptII/ptolemy/actor/lib/test/auto/expressionCastInference2.xml
2 ms. Memory: 543744K Free: 431278K (79%)
----------------- Invoking toplevel() on ptolemy.moml.MoMLSimpleApplication@9e05283
----------------- Done invoking toplevel() on ptolemy.moml.MoMLSimpleApplication@9e05283
reloadAllAccessors: .expressionCastInference2

===========================================================================================
----------------- testing Tue Jul 14 15:08:19 UTC 2020 /home/travis/build/icyphy/ptII/ptolemy/actor/lib/test/auto/expressionInference.xml
----------------- Instantiating /home/travis/build/icyphy/ptII/ptolemy/actor/lib/test/auto/expressionInference.xml
1 ms. Memory: 543744K Free: 427182K (79%)
----------------- Invoking toplevel() on ptolemy.moml.MoMLSimpleApplication@49ead33f
----------------- Done invoking toplevel() on ptolemy.moml.MoMLSimpleApplication@49ead33f
reloadAllAccessors: .expressionInference

===========================================================================================
----------------- testing Tue Jul 14 15:08:19 UTC 2020 /home/travis/build/icyphy/ptII/ptolemy/actor/lib/test/auto/expression_bug.xml
----------------- Instantiating /home/travis/build/icyphy/ptII/ptolemy/actor/lib/test/auto/expression_bug.xml
1 ms. Memory: 543744K Free: 422572K (78%)
----------------- Invoking toplevel() on ptolemy.moml.MoMLSimpleApplication@4d22b846
----------------- Done invoking toplevel() on ptolemy.moml.MoMLSimpleApplication@4d22b846
reloadAllAccessors: .expression_bug

===========================================================================================
----------------- testing Tue Jul 14 15:08:19 UTC 2020 /home/travis/build/icyphy/ptII/ptolemy/actor/lib/test/auto/factorial.xml
----------------- Instantiating /home/travis/build/icyphy/ptII/ptolemy/actor/lib/test/auto/factorial.xml
31 ms. Memory: 543744K Free: 414380K (76%)
----------------- Invoking toplevel() on ptolemy.moml.MoMLSimpleApplication@6adab14f
----------------- Done invoking toplevel() on ptolemy.moml.MoMLSimpleApplication@6adab14f
reloadAllAccessors: .factorial

===========================================================================================
----------------- testing Tue Jul 14 15:08:19 UTC 2020 /home/travis/build/icyphy/ptII/ptolemy/actor/lib/test/auto/filterTest1.xml
----------------- Instantiating /home/travis/build/icyphy/ptII/ptolemy/actor/lib/test/auto/filterTest1.xml
3 ms. Memory: 543744K Free: 408750K (75%)
----------------- Invoking toplevel() on ptolemy.moml.MoMLSimpleApplication@7e517444
----------------- Done invoking toplevel() on ptolemy.moml.MoMLSimpleApplication@7e517444
reloadAllAccessors: .filterTest1

===========================================================================================
----------------- testing Tue Jul 14 15:08:19 UTC 2020 /home/travis/build/icyphy/ptII/ptolemy/actor/lib/test/auto/funcApplyInConst.xml
----------------- Instantiating /home/travis/build/icyphy/ptII/ptolemy/actor/lib/test/auto/funcApplyInConst.xml
2 ms. Memory: 543744K Free: 404654K (74%)
----------------- Invoking toplevel() on ptolemy.moml.MoMLSimpleApplication@4f20b8cf
----------------- Done invoking toplevel() on ptolemy.moml.MoMLSimpleApplication@4f20b8cf
reloadAllAccessors: .funcApplyInConst

===========================================================================================
----------------- testing Tue Jul 14 15:08:19 UTC 2020 /home/travis/build/icyphy/ptII/ptolemy/actor/lib/test/auto/funcApplyInExpr.xml
----------------- Instantiating /home/travis/build/icyphy/ptII/ptolemy/actor/lib/test/auto/funcApplyInExpr.xml
1 ms. Memory: 543744K Free: 401068K (74%)
----------------- Invoking toplevel() on ptolemy.moml.MoMLSimpleApplication@1a2ce5e3
----------------- Done invoking toplevel() on ptolemy.moml.MoMLSimpleApplication@1a2ce5e3
reloadAllAccessors: .funcApplyInExpr

===========================================================================================
----------------- testing Tue Jul 14 15:08:19 UTC 2020 /home/travis/build/icyphy/ptII/ptolemy/actor/lib/test/auto/function.xml
----------------- Instantiating /home/travis/build/icyphy/ptII/ptolemy/actor/lib/test/auto/function.xml
2 ms. Memory: 543744K Free: 396462K (73%)
----------------- Invoking toplevel() on ptolemy.moml.MoMLSimpleApplication@31eb532f
----------------- Done invoking toplevel() on ptolemy.moml.MoMLSimpleApplication@31eb532f
reloadAllAccessors: .function

===========================================================================================
----------------- testing Tue Jul 14 15:08:19 UTC 2020 /home/travis/build/icyphy/ptII/ptolemy/actor/lib/test/auto/function2.xml
----------------- Instantiating /home/travis/build/icyphy/ptII/ptolemy/actor/lib/test/auto/function2.xml
1 ms. Memory: 543744K Free: 391852K (72%)
----------------- Invoking toplevel() on ptolemy.moml.MoMLSimpleApplication@3eb8e4f7
----------------- Done invoking toplevel() on ptolemy.moml.MoMLSimpleApplication@3eb8e4f7
reloadAllAccessors: .function2

===========================================================================================
----------------- testing Tue Jul 14 15:08:19 UTC 2020 /home/travis/build/icyphy/ptII/ptolemy/actor/lib/test/auto/function3.xml
----------------- Instantiating /home/travis/build/icyphy/ptII/ptolemy/actor/lib/test/auto/function3.xml
1 ms. Memory: 543744K Free: 387756K (71%)
----------------- Invoking toplevel() on ptolemy.moml.MoMLSimpleApplication@4518aa18
----------------- Done invoking toplevel() on ptolemy.moml.MoMLSimpleApplication@4518aa18
reloadAllAccessors: .function3

===========================================================================================
----------------- testing Tue Jul 14 15:08:19 UTC 2020 /home/travis/build/icyphy/ptII/ptolemy/actor/lib/test/auto/functionClosureTest1.xml
----------------- Instantiating /home/travis/build/icyphy/ptII/ptolemy/actor/lib/test/auto/functionClosureTest1.xml
1 ms. Memory: 543744K Free: 382126K (70%)
----------------- Invoking toplevel() on ptolemy.moml.MoMLSimpleApplication@7db07be8
----------------- Done invoking toplevel() on ptolemy.moml.MoMLSimpleApplication@7db07be8
reloadAllAccessors: .functionClosureTest1

===========================================================================================
----------------- testing Tue Jul 14 15:08:19 UTC 2020 /home/travis/build/icyphy/ptII/ptolemy/actor/lib/test/auto/functionClosureTest2.xml
----------------- Instantiating /home/travis/build/icyphy/ptII/ptolemy/actor/lib/test/auto/functionClosureTest2.xml
1 ms. Memory: 543744K Free: 378540K (70%)
----------------- Invoking toplevel() on ptolemy.moml.MoMLSimpleApplication@63278672
----------------- Done invoking toplevel() on ptolemy.moml.MoMLSimpleApplication@63278672
reloadAllAccessors: .functionClosureTest2

===========================================================================================
----------------- testing Tue Jul 14 15:08:19 UTC 2020 /home/travis/build/icyphy/ptII/ptolemy/actor/lib/test/auto/functionClosureTest3.xml
----------------- Instantiating /home/travis/build/icyphy/ptII/ptolemy/actor/lib/test/auto/functionClosureTest3.xml
2 ms. Memory: 543744K Free: 372910K (69%)
----------------- Invoking toplevel() on ptolemy.moml.MoMLSimpleApplication@c3b8a17
----------------- Done invoking toplevel() on ptolemy.moml.MoMLSimpleApplication@c3b8a17
reloadAllAccessors: .functionClosureTest3

===========================================================================================
----------------- testing Tue Jul 14 15:08:19 UTC 2020 /home/travis/build/icyphy/ptII/ptolemy/actor/lib/test/auto/functionClosureTest4.xml
----------------- Instantiating /home/travis/build/icyphy/ptII/ptolemy/actor/lib/test/auto/functionClosureTest4.xml
4 ms. Memory: 543744K Free: 366766K (67%)
----------------- Invoking toplevel() on ptolemy.moml.MoMLSimpleApplication@184022af
----------------- Done invoking toplevel() on ptolemy.moml.MoMLSimpleApplication@184022af
reloadAllAccessors: .functionClosureTest4

===========================================================================================
----------------- testing Tue Jul 14 15:08:19 UTC 2020 /home/travis/build/icyphy/ptII/ptolemy/actor/lib/test/auto/functionClosureTest5.xml
----------------- Instantiating /home/travis/build/icyphy/ptII/ptolemy/actor/lib/test/auto/functionClosureTest5.xml
4 ms. Memory: 543744K Free: 361646K (67%)
----------------- Invoking toplevel() on ptolemy.moml.MoMLSimpleApplication@4d3482d6
----------------- Done invoking toplevel() on ptolemy.moml.MoMLSimpleApplication@4d3482d6
reloadAllAccessors: .functionClosureTest5

===========================================================================================
----------------- testing Tue Jul 14 15:08:19 UTC 2020 /home/travis/build/icyphy/ptII/ptolemy/actor/lib/test/auto/functionClosureTest6.xml
----------------- Instantiating /home/travis/build/icyphy/ptII/ptolemy/actor/lib/test/auto/functionClosureTest6.xml
2 ms. Memory: 543744K Free: 356526K (66%)
----------------- Invoking toplevel() on ptolemy.moml.MoMLSimpleApplication@1ab28062
----------------- Done invoking toplevel() on ptolemy.moml.MoMLSimpleApplication@1ab28062
reloadAllAccessors: .functionClosureTest6

===========================================================================================
----------------- testing Tue Jul 14 15:08:19 UTC 2020 /home/travis/build/icyphy/ptII/ptolemy/actor/lib/test/auto/functionsOnArcs.xml
----------------- Instantiating /home/travis/build/icyphy/ptII/ptolemy/actor/lib/test/auto/functionsOnArcs.xml
1 ms. Memory: 543744K Free: 351406K (65%)
----------------- Invoking toplevel() on ptolemy.moml.MoMLSimpleApplication@11030957
----------------- Done invoking toplevel() on ptolemy.moml.MoMLSimpleApplication@11030957
reloadAllAccessors: .functionsOnArcs

===========================================================================================
----------------- testing Tue Jul 14 15:08:19 UTC 2020 /home/travis/build/icyphy/ptII/ptolemy/actor/lib/test/auto/functionsOnArcsHOF.xml
----------------- Instantiating /home/travis/build/icyphy/ptII/ptolemy/actor/lib/test/auto/functionsOnArcsHOF.xml
3 ms. Memory: 543744K Free: 345772K (64%)
----------------- Invoking toplevel() on ptolemy.moml.MoMLSimpleApplication@2ca3394d
----------------- Done invoking toplevel() on ptolemy.moml.MoMLSimpleApplication@2ca3394d
reloadAllAccessors: .functionsOnArcsHOF

===========================================================================================
----------------- testing Tue Jul 14 15:08:19 UTC 2020 /home/travis/build/icyphy/ptII/ptolemy/actor/lib/test/auto/logic.xml
----------------- Instantiating /home/travis/build/icyphy/ptII/ptolemy/actor/lib/test/auto/logic.xml
1 ms. Memory: 543744K Free: 338094K (62%)
----------------- Invoking toplevel() on ptolemy.moml.MoMLSimpleApplication@7032912f
----------------- Done invoking toplevel() on ptolemy.moml.MoMLSimpleApplication@7032912f
reloadAllAccessors: .logic

===========================================================================================
----------------- testing Tue Jul 14 15:08:19 UTC 2020 /home/travis/build/icyphy/ptII/ptolemy/actor/lib/test/auto/matrixType.xml
----------------- Instantiating /home/travis/build/icyphy/ptII/ptolemy/actor/lib/test/auto/matrixType.xml
2 ms. Memory: 543744K Free: 333484K (61%)
----------------- Invoking toplevel() on ptolemy.moml.MoMLSimpleApplication@4713cd08
----------------- Done invoking toplevel() on ptolemy.moml.MoMLSimpleApplication@4713cd08
reloadAllAccessors: .matrixType

===========================================================================================
----------------- testing Tue Jul 14 15:08:19 UTC 2020 /home/travis/build/icyphy/ptII/ptolemy/actor/lib/test/auto/matrixType10.xml
----------------- Instantiating /home/travis/build/icyphy/ptII/ptolemy/actor/lib/test/auto/matrixType10.xml
2 ms. Memory: 543744K Free: 328878K (60%)
----------------- Invoking toplevel() on ptolemy.moml.MoMLSimpleApplication@4496c74f
----------------- Done invoking toplevel() on ptolemy.moml.MoMLSimpleApplication@4496c74f
reloadAllAccessors: .matrixType10

===========================================================================================
----------------- testing Tue Jul 14 15:08:19 UTC 2020 /home/travis/build/icyphy/ptII/ptolemy/actor/lib/test/auto/matrixType11.xml
----------------- Instantiating /home/travis/build/icyphy/ptII/ptolemy/actor/lib/test/auto/matrixType11.xml
1 ms. Memory: 543744K Free: 324268K (60%)
----------------- Invoking toplevel() on ptolemy.moml.MoMLSimpleApplication@64d5fb6b
----------------- Done invoking toplevel() on ptolemy.moml.MoMLSimpleApplication@64d5fb6b
reloadAllAccessors: .matrixType11

===========================================================================================
----------------- testing Tue Jul 14 15:08:19 UTC 2020 /home/travis/build/icyphy/ptII/ptolemy/actor/lib/test/auto/matrixType12.xml
----------------- Instantiating /home/travis/build/icyphy/ptII/ptolemy/actor/lib/test/auto/matrixType12.xml
1 ms. Memory: 543744K Free: 319148K (59%)
----------------- Invoking toplevel() on ptolemy.moml.MoMLSimpleApplication@69ad8a76
----------------- Done invoking toplevel() on ptolemy.moml.MoMLSimpleApplication@69ad8a76
reloadAllAccessors: .matrixType12

===========================================================================================
----------------- testing Tue Jul 14 15:08:19 UTC 2020 /home/travis/build/icyphy/ptII/ptolemy/actor/lib/test/auto/matrixType13.xml
----------------- Instantiating /home/travis/build/icyphy/ptII/ptolemy/actor/lib/test/auto/matrixType13.xml
1 ms. Memory: 543744K Free: 314542K (58%)
----------------- Invoking toplevel() on ptolemy.moml.MoMLSimpleApplication@28ee981
----------------- Done invoking toplevel() on ptolemy.moml.MoMLSimpleApplication@28ee981
reloadAllAccessors: .matrixType13

===========================================================================================
----------------- testing Tue Jul 14 15:08:19 UTC 2020 /home/travis/build/icyphy/ptII/ptolemy/actor/lib/test/auto/matrixType14.xml
----------------- Instantiating /home/travis/build/icyphy/ptII/ptolemy/actor/lib/test/auto/matrixType14.xml
2 ms. Memory: 543744K Free: 309932K (57%)
----------------- Invoking toplevel() on ptolemy.moml.MoMLSimpleApplication@29bc7b00
----------------- Done invoking toplevel() on ptolemy.moml.MoMLSimpleApplication@29bc7b00
reloadAllAccessors: .matrixType14

===========================================================================================
----------------- testing Tue Jul 14 15:08:19 UTC 2020 /home/travis/build/icyphy/ptII/ptolemy/actor/lib/test/auto/matrixType2.xml
----------------- Instantiating /home/travis/build/icyphy/ptII/ptolemy/actor/lib/test/auto/matrixType2.xml
2 ms. Memory: 543744K Free: 304812K (56%)
----------------- Invoking toplevel() on ptolemy.moml.MoMLSimpleApplication@3c92b5d9
----------------- Done invoking toplevel() on ptolemy.moml.MoMLSimpleApplication@3c92b5d9
reloadAllAccessors: .matrixType2

===========================================================================================
----------------- testing Tue Jul 14 15:08:19 UTC 2020 /home/travis/build/icyphy/ptII/ptolemy/actor/lib/test/auto/matrixType3.xml
----------------- Instantiating /home/travis/build/icyphy/ptII/ptolemy/actor/lib/test/auto/matrixType3.xml
3 ms. Memory: 543744K Free: 300206K (55%)
----------------- Invoking toplevel() on ptolemy.moml.MoMLSimpleApplication@63c1e07a
----------------- Done invoking toplevel() on ptolemy.moml.MoMLSimpleApplication@63c1e07a
reloadAllAccessors: .matrixType3

===========================================================================================
----------------- testing Tue Jul 14 15:08:19 UTC 2020 /home/travis/build/icyphy/ptII/ptolemy/actor/lib/test/auto/matrixType4.xml
----------------- Instantiating /home/travis/build/icyphy/ptII/ptolemy/actor/lib/test/auto/matrixType4.xml
1 ms. Memory: 543744K Free: 295086K (54%)
----------------- Invoking toplevel() on ptolemy.moml.MoMLSimpleApplication@49032978
----------------- Done invoking toplevel() on ptolemy.moml.MoMLSimpleApplication@49032978
reloadAllAccessors: .matrixType4

===========================================================================================
----------------- testing Tue Jul 14 15:08:19 UTC 2020 /home/travis/build/icyphy/ptII/ptolemy/actor/lib/test/auto/matrixType5.xml
----------------- Instantiating /home/travis/build/icyphy/ptII/ptolemy/actor/lib/test/auto/matrixType5.xml
1 ms. Memory: 543744K Free: 290476K (53%)
----------------- Invoking toplevel() on ptolemy.moml.MoMLSimpleApplication@648cf2e3
----------------- Done invoking toplevel() on ptolemy.moml.MoMLSimpleApplication@648cf2e3
reloadAllAccessors: .matrixType5

===========================================================================================
----------------- testing Tue Jul 14 15:08:19 UTC 2020 /home/travis/build/icyphy/ptII/ptolemy/actor/lib/test/auto/matrixType6.xml
----------------- Instantiating /home/travis/build/icyphy/ptII/ptolemy/actor/lib/test/auto/matrixType6.xml
1 ms. Memory: 543744K Free: 285870K (53%)
----------------- Invoking toplevel() on ptolemy.moml.MoMLSimpleApplication@2a0ab595
----------------- Done invoking toplevel() on ptolemy.moml.MoMLSimpleApplication@2a0ab595
reloadAllAccessors: .matrixType6

===========================================================================================
----------------- testing Tue Jul 14 15:08:19 UTC 2020 /home/travis/build/icyphy/ptII/ptolemy/actor/lib/test/auto/matrixType7.xml
----------------- Instantiating /home/travis/build/icyphy/ptII/ptolemy/actor/lib/test/auto/matrixType7.xml
1 ms. Memory: 543744K Free: 280750K (52%)
----------------- Invoking toplevel() on ptolemy.moml.MoMLSimpleApplication@54db8322
----------------- Done invoking toplevel() on ptolemy.moml.MoMLSimpleApplication@54db8322
reloadAllAccessors: .matrixType7

===========================================================================================
----------------- testing Tue Jul 14 15:08:19 UTC 2020 /home/travis/build/icyphy/ptII/ptolemy/actor/lib/test/auto/matrixType8.xml
----------------- Instantiating /home/travis/build/icyphy/ptII/ptolemy/actor/lib/test/auto/matrixType8.xml
1 ms. Memory: 543744K Free: 276140K (51%)
----------------- Invoking toplevel() on ptolemy.moml.MoMLSimpleApplication@35e5a9cc
----------------- Done invoking toplevel() on ptolemy.moml.MoMLSimpleApplication@35e5a9cc
reloadAllAccessors: .matrixType8

===========================================================================================
----------------- testing Tue Jul 14 15:08:19 UTC 2020 /home/travis/build/icyphy/ptII/ptolemy/actor/lib/test/auto/matrixType9.xml
----------------- Instantiating /home/travis/build/icyphy/ptII/ptolemy/actor/lib/test/auto/matrixType9.xml
1 ms. Memory: 543744K Free: 271534K (50%)
----------------- Invoking toplevel() on ptolemy.moml.MoMLSimpleApplication@139dc2c2
----------------- Done invoking toplevel() on ptolemy.moml.MoMLSimpleApplication@139dc2c2
reloadAllAccessors: .matrixType9

===========================================================================================
----------------- testing Tue Jul 14 15:08:20 UTC 2020 /home/travis/build/icyphy/ptII/ptolemy/actor/lib/test/auto/paraFunctest.xml
----------------- Instantiating /home/travis/build/icyphy/ptII/ptolemy/actor/lib/test/auto/paraFunctest.xml
1 ms. Memory: 543744K Free: 267438K (49%)
----------------- Invoking toplevel() on ptolemy.moml.MoMLSimpleApplication@5ee41009
----------------- Done invoking toplevel() on ptolemy.moml.MoMLSimpleApplication@5ee41009
reloadAllAccessors: .paraFunctest

===========================================================================================
----------------- testing Tue Jul 14 15:08:20 UTC 2020 /home/travis/build/icyphy/ptII/ptolemy/actor/lib/test/auto/paraFunctest2.xml
----------------- Instantiating /home/travis/build/icyphy/ptII/ptolemy/actor/lib/test/auto/paraFunctest2.xml
1 ms. Memory: 543744K Free: 262828K (48%)
----------------- Invoking toplevel() on ptolemy.moml.MoMLSimpleApplication@5d624d4
----------------- Done invoking toplevel() on ptolemy.moml.MoMLSimpleApplication@5d624d4
reloadAllAccessors: .paraFunctest2

===========================================================================================
----------------- testing Tue Jul 14 15:08:20 UTC 2020 /home/travis/build/icyphy/ptII/ptolemy/actor/lib/test/auto/parameterPassing.xml
----------------- Instantiating /home/travis/build/icyphy/ptII/ptolemy/actor/lib/test/auto/parameterPassing.xml
1 ms. Memory: 543744K Free: 258732K (48%)
----------------- Invoking toplevel() on ptolemy.moml.MoMLSimpleApplication@38b86b9
----------------- Done invoking toplevel() on ptolemy.moml.MoMLSimpleApplication@38b86b9
reloadAllAccessors: .parameterPassing

===========================================================================================
----------------- testing Tue Jul 14 15:08:20 UTC 2020 /home/travis/build/icyphy/ptII/ptolemy/actor/lib/test/auto/record.xml
----------------- Instantiating /home/travis/build/icyphy/ptII/ptolemy/actor/lib/test/auto/record.xml
2 ms. Memory: 543744K Free: 253612K (47%)
----------------- Invoking toplevel() on ptolemy.moml.MoMLSimpleApplication@736b7343
----------------- Done invoking toplevel() on ptolemy.moml.MoMLSimpleApplication@736b7343
reloadAllAccessors: .record

===========================================================================================
----------------- testing Tue Jul 14 15:08:20 UTC 2020 /home/travis/build/icyphy/ptII/ptolemy/actor/lib/test/auto/sizedarray1.xml
----------------- Instantiating /home/travis/build/icyphy/ptII/ptolemy/actor/lib/test/auto/sizedarray1.xml
2 ms. Memory: 543744K Free: 248492K (46%)
----------------- Invoking toplevel() on ptolemy.moml.MoMLSimpleApplication@2f4ad6bc
----------------- Done invoking toplevel() on ptolemy.moml.MoMLSimpleApplication@2f4ad6bc
reloadAllAccessors: .sizedarray1

===========================================================================================
----------------- testing Tue Jul 14 15:08:20 UTC 2020 /home/travis/build/icyphy/ptII/ptolemy/actor/lib/test/auto/sizedarray2.xml
----------------- Instantiating /home/travis/build/icyphy/ptII/ptolemy/actor/lib/test/auto/sizedarray2.xml
2 ms. Memory: 543744K Free: 242862K (45%)
----------------- Invoking toplevel() on ptolemy.moml.MoMLSimpleApplication@34fd031a
----------------- Done invoking toplevel() on ptolemy.moml.MoMLSimpleApplication@34fd031a
reloadAllAccessors: .sizedarray2

===========================================================================================
----------------- testing Tue Jul 14 15:08:20 UTC 2020 /home/travis/build/icyphy/ptII/ptolemy/actor/lib/test/auto/twoPublishers.xml
----------------- Instantiating /home/travis/build/icyphy/ptII/ptolemy/actor/lib/test/auto/twoPublishers.xml
5 ms. Memory: 543744K Free: 232622K (43%)
----------------- Invoking toplevel() on ptolemy.moml.MoMLSimpleApplication@697b4814
----------------- Done invoking toplevel() on ptolemy.moml.MoMLSimpleApplication@697b4814
reloadAllAccessors: .twoPublishers
AutoTests.java: About to close Vertx.
AutoTests.java: Vertx closed.
]]></system-out>
  <system-err><![CDATA[java.lang.RuntimeException: Execution failed
	at ptolemy.moml.MoMLSimpleApplication$UnloadThread.run(MoMLSimpleApplication.java:402)
Caused by: java.lang.RuntimeException: StringUtilities.exit() was called. Normally, we would exit here because Manager.exitAfterWrapup() was called.  However, because the ptolemy.ptII.exitAfterWrapup property is set, we throw this exception instead.
	at ptolemy.util.StringUtilities.exit(StringUtilities.java:365)
	at ptolemy.actor.Manager.wrapup(Manager.java:1549)
	at ptolemy.actor.Manager.execute(Manager.java:407)
	at ptolemy.actor.Manager.run(Manager.java:1263)
	at ptolemy.actor.Manager$PtolemyRunThread.run(Manager.java:1933)
Warning: '.top.test' is in training mode, set the trainingMode parameter to false before checking in
Warning: '.top.test' is in training mode, set the trainingMode parameter to false before checking in
Warning: '.top.test' is in training mode, set the trainingMode parameter to false before checking in
Warning: '.BooleanSwitch_RegressionTest_WrongTrainingValues.Test' is in training mode, set the trainingMode parameter to false before checking in
Warning: '.BooleanSwitch_RegressionTest_WrongTrainingValues.Test2' is in training mode, set the trainingMode parameter to false before checking in
Warning: '.BooleanSwitch_RegressionTest_WrongTrainingValues.Test2' The test produced 0 tokens.
Warning: '.top.testExceptionHandler' is in training mode, set the trainingMode parameter to false before checking in
java.lang.RuntimeException: Execution failed
	at ptolemy.moml.MoMLSimpleApplication$UnloadThread.run(MoMLSimpleApplication.java:402)
Caused by: ptolemy.kernel.util.IllegalActionException: PublisherPorts cannot be used at the top level, use a Publisher actor instead.
  in .PublisherPortToplevelSubscriber.PublisherPort
	at ptolemy.actor.PublisherPort.preinitialize(PublisherPort.java:403)
	at ptolemy.actor.CompositeActor.preinitialize(CompositeActor.java:1769)
	at ptolemy.actor.Manager.preinitializeAndResolveTypes(Manager.java:1040)
	at ptolemy.actor.Manager.initialize(Manager.java:710)
	at ptolemy.actor.Manager.execute(Manager.java:356)
	at ptolemy.actor.Manager.run(Manager.java:1263)
	at ptolemy.actor.Manager$PtolemyRunThread.run(Manager.java:1933)
java.lang.reflect.InvocationTargetException
	at java.base/jdk.internal.reflect.NativeConstructorAccessorImpl.newInstance0(Native Method)
	at java.base/jdk.internal.reflect.NativeConstructorAccessorImpl.newInstance(NativeConstructorAccessorImpl.java:62)
	at java.base/jdk.internal.reflect.DelegatingConstructorAccessorImpl.newInstance(DelegatingConstructorAccessorImpl.java:45)
	at java.base/java.lang.reflect.Constructor.newInstance(Constructor.java:490)
	at ptolemy.util.test.junit.AutoKnownFailedTests.RunModel(AutoKnownFailedTests.java:105)
	at java.base/jdk.internal.reflect.NativeMethodAccessorImpl.invoke0(Native Method)
	at java.base/jdk.internal.reflect.NativeMethodAccessorImpl.invoke(NativeMethodAccessorImpl.java:62)
	at java.base/jdk.internal.reflect.DelegatingMethodAccessorImpl.invoke(DelegatingMethodAccessorImpl.java:43)
	at java.base/java.lang.reflect.Method.invoke(Method.java:566)
	at org.junit.runners.model.FrameworkMethod$1.runReflectiveCall(FrameworkMethod.java:44)
	at org.junit.internal.runners.model.ReflectiveCallable.run(ReflectiveCallable.java:15)
	at org.junit.runners.model.FrameworkMethod.invokeExplosively(FrameworkMethod.java:41)
	at junitparams.internal.InvokeParameterisedMethod.evaluate(InvokeParameterisedMethod.java:102)
	at org.junit.internal.runners.statements.FailOnTimeout$1.run(FailOnTimeout.java:28)
Caused by: ptolemy.kernel.util.IllegalActionException: PublisherPorts cannot be used at the top level, use a Publisher actor instead.
  in .PublisherPortToplevelSubscriber.PublisherPort
	at ptolemy.actor.PublisherPort.preinitialize(PublisherPort.java:403)
	at ptolemy.actor.CompositeActor.preinitialize(CompositeActor.java:1769)
	at ptolemy.actor.Manager.preinitializeAndResolveTypes(Manager.java:1040)
	at ptolemy.actor.Manager.initialize(Manager.java:710)
	at ptolemy.actor.Manager.execute(Manager.java:356)
	at ptolemy.actor.Manager.run(Manager.java:1263)
	at ptolemy.actor.Manager$PtolemyRunThread.run(Manager.java:1933)
java.lang.RuntimeException: Execution failed
	at ptolemy.moml.MoMLSimpleApplication$UnloadThread.run(MoMLSimpleApplication.java:402)
Caused by: ptolemy.kernel.util.IllegalActionException: SubscriberPorts cannot be used at the top level, use a Subscriber actor instead.
  in .PublisherSubscriberPortToplevel.SubscriberPort
	at ptolemy.actor.SubscriberPort.preinitialize(SubscriberPort.java:328)
	at ptolemy.actor.CompositeActor.preinitialize(CompositeActor.java:1769)
	at ptolemy.actor.Manager.preinitializeAndResolveTypes(Manager.java:1040)
	at ptolemy.actor.Manager.initialize(Manager.java:710)
	at ptolemy.actor.Manager.execute(Manager.java:356)
	at ptolemy.actor.Manager.run(Manager.java:1263)
	at ptolemy.actor.Manager$PtolemyRunThread.run(Manager.java:1933)
java.lang.reflect.InvocationTargetException
	at java.base/jdk.internal.reflect.NativeConstructorAccessorImpl.newInstance0(Native Method)
	at java.base/jdk.internal.reflect.NativeConstructorAccessorImpl.newInstance(NativeConstructorAccessorImpl.java:62)
	at java.base/jdk.internal.reflect.DelegatingConstructorAccessorImpl.newInstance(DelegatingConstructorAccessorImpl.java:45)
	at java.base/java.lang.reflect.Constructor.newInstance(Constructor.java:490)
	at ptolemy.util.test.junit.AutoKnownFailedTests.RunModel(AutoKnownFailedTests.java:105)
	at java.base/jdk.internal.reflect.NativeMethodAccessorImpl.invoke0(Native Method)
	at java.base/jdk.internal.reflect.NativeMethodAccessorImpl.invoke(NativeMethodAccessorImpl.java:62)
	at java.base/jdk.internal.reflect.DelegatingMethodAccessorImpl.invoke(DelegatingMethodAccessorImpl.java:43)
	at java.base/java.lang.reflect.Method.invoke(Method.java:566)
	at org.junit.runners.model.FrameworkMethod$1.runReflectiveCall(FrameworkMethod.java:44)
	at org.junit.internal.runners.model.ReflectiveCallable.run(ReflectiveCallable.java:15)
	at org.junit.runners.model.FrameworkMethod.invokeExplosively(FrameworkMethod.java:41)
	at junitparams.internal.InvokeParameterisedMethod.evaluate(InvokeParameterisedMethod.java:102)
	at org.junit.internal.runners.statements.FailOnTimeout$1.run(FailOnTimeout.java:28)
Caused by: ptolemy.kernel.util.IllegalActionException: SubscriberPorts cannot be used at the top level, use a Subscriber actor instead.
  in .PublisherSubscriberPortToplevel.SubscriberPort
	at ptolemy.actor.SubscriberPort.preinitialize(SubscriberPort.java:328)
	at ptolemy.actor.CompositeActor.preinitialize(CompositeActor.java:1769)
	at ptolemy.actor.Manager.preinitializeAndResolveTypes(Manager.java:1040)
	at ptolemy.actor.Manager.initialize(Manager.java:710)
	at ptolemy.actor.Manager.execute(Manager.java:356)
	at ptolemy.actor.Manager.run(Manager.java:1263)
	at ptolemy.actor.Manager$PtolemyRunThread.run(Manager.java:1933)
java.lang.RuntimeException: Execution failed
	at ptolemy.moml.MoMLSimpleApplication$UnloadThread.run(MoMLSimpleApplication.java:402)
Caused by: ptolemy.kernel.util.IllegalActionException: SubscriptionAggregatorPorts cannot be used at the top level, use a SubscriptionAggregator actor instead.
  in .PublisherSubscriptionAggregatorPort.SubscriptionAggregatorPort
	at ptolemy.actor.SubscriptionAggregatorPort.preinitialize(SubscriptionAggregatorPort.java:353)
	at ptolemy.actor.CompositeActor.preinitialize(CompositeActor.java:1769)
	at ptolemy.actor.Manager.preinitializeAndResolveTypes(Manager.java:1040)
	at ptolemy.actor.Manager.initialize(Manager.java:710)
	at ptolemy.actor.Manager.execute(Manager.java:356)
	at ptolemy.actor.Manager.run(Manager.java:1263)
	at ptolemy.actor.Manager$PtolemyRunThread.run(Manager.java:1933)
java.lang.reflect.InvocationTargetException
	at java.base/jdk.internal.reflect.NativeConstructorAccessorImpl.newInstance0(Native Method)
	at java.base/jdk.internal.reflect.NativeConstructorAccessorImpl.newInstance(NativeConstructorAccessorImpl.java:62)
	at java.base/jdk.internal.reflect.DelegatingConstructorAccessorImpl.newInstance(DelegatingConstructorAccessorImpl.java:45)
	at java.base/java.lang.reflect.Constructor.newInstance(Constructor.java:490)
	at ptolemy.util.test.junit.AutoKnownFailedTests.RunModel(AutoKnownFailedTests.java:105)
	at java.base/jdk.internal.reflect.NativeMethodAccessorImpl.invoke0(Native Method)
	at java.base/jdk.internal.reflect.NativeMethodAccessorImpl.invoke(NativeMethodAccessorImpl.java:62)
	at java.base/jdk.internal.reflect.DelegatingMethodAccessorImpl.invoke(DelegatingMethodAccessorImpl.java:43)
	at java.base/java.lang.reflect.Method.invoke(Method.java:566)
	at org.junit.runners.model.FrameworkMethod$1.runReflectiveCall(FrameworkMethod.java:44)
	at org.junit.internal.runners.model.ReflectiveCallable.run(ReflectiveCallable.java:15)
	at org.junit.runners.model.FrameworkMethod.invokeExplosively(FrameworkMethod.java:41)
	at junitparams.internal.InvokeParameterisedMethod.evaluate(InvokeParameterisedMethod.java:102)
	at org.junit.internal.runners.statements.FailOnTimeout$1.run(FailOnTimeout.java:28)
Caused by: ptolemy.kernel.util.IllegalActionException: SubscriptionAggregatorPorts cannot be used at the top level, use a SubscriptionAggregator actor instead.
  in .PublisherSubscriptionAggregatorPort.SubscriptionAggregatorPort
	at ptolemy.actor.SubscriptionAggregatorPort.preinitialize(SubscriptionAggregatorPort.java:353)
	at ptolemy.actor.CompositeActor.preinitialize(CompositeActor.java:1769)
	at ptolemy.actor.Manager.preinitializeAndResolveTypes(Manager.java:1040)
	at ptolemy.actor.Manager.initialize(Manager.java:710)
	at ptolemy.actor.Manager.execute(Manager.java:356)
	at ptolemy.actor.Manager.run(Manager.java:1263)
	at ptolemy.actor.Manager$PtolemyRunThread.run(Manager.java:1933)
java.lang.RuntimeException: Execution failed
	at ptolemy.moml.MoMLSimpleApplication$UnloadThread.run(MoMLSimpleApplication.java:402)
Caused by: ptolemy.kernel.util.IllegalActionException: TypeTest actor has no training data.
  in .sizedarray3.TypeTest
	at ptolemy.actor.lib.TypeTest.initialize(TypeTest.java:250)
	at ptolemy.actor.Director.initialize(Director.java:938)
	at ptolemy.actor.Director.initialize(Director.java:907)
	at ptolemy.actor.sched.StaticSchedulingDirector.initialize(StaticSchedulingDirector.java:159)
	at ptolemy.domains.sdf.kernel.SDFDirector.initialize(SDFDirector.java:544)
	at ptolemy.actor.CompositeActor.initialize(CompositeActor.java:935)
	at ptolemy.actor.Manager.initialize(Manager.java:724)
	at ptolemy.actor.Manager.execute(Manager.java:356)
	at ptolemy.actor.Manager.run(Manager.java:1263)
	at ptolemy.actor.Manager$PtolemyRunThread.run(Manager.java:1933)
java.lang.reflect.InvocationTargetException
	at java.base/jdk.internal.reflect.NativeConstructorAccessorImpl.newInstance0(Native Method)
	at java.base/jdk.internal.reflect.NativeConstructorAccessorImpl.newInstance(NativeConstructorAccessorImpl.java:62)
	at java.base/jdk.internal.reflect.DelegatingConstructorAccessorImpl.newInstance(DelegatingConstructorAccessorImpl.java:45)
	at java.base/java.lang.reflect.Constructor.newInstance(Constructor.java:490)
	at ptolemy.util.test.junit.AutoKnownFailedTests.RunModel(AutoKnownFailedTests.java:105)
	at java.base/jdk.internal.reflect.NativeMethodAccessorImpl.invoke0(Native Method)
	at java.base/jdk.internal.reflect.NativeMethodAccessorImpl.invoke(NativeMethodAccessorImpl.java:62)
	at java.base/jdk.internal.reflect.DelegatingMethodAccessorImpl.invoke(DelegatingMethodAccessorImpl.java:43)
	at java.base/java.lang.reflect.Method.invoke(Method.java:566)
	at org.junit.runners.model.FrameworkMethod$1.runReflectiveCall(FrameworkMethod.java:44)
	at org.junit.internal.runners.model.ReflectiveCallable.run(ReflectiveCallable.java:15)
	at org.junit.runners.model.FrameworkMethod.invokeExplosively(FrameworkMethod.java:41)
	at junitparams.internal.InvokeParameterisedMethod.evaluate(InvokeParameterisedMethod.java:102)
	at org.junit.internal.runners.statements.FailOnTimeout$1.run(FailOnTimeout.java:28)
Caused by: ptolemy.kernel.util.IllegalActionException: TypeTest actor has no training data.
  in .sizedarray3.TypeTest
	at ptolemy.actor.lib.TypeTest.initialize(TypeTest.java:250)
	at ptolemy.actor.Director.initialize(Director.java:938)
	at ptolemy.actor.Director.initialize(Director.java:907)
	at ptolemy.actor.sched.StaticSchedulingDirector.initialize(StaticSchedulingDirector.java:159)
	at ptolemy.domains.sdf.kernel.SDFDirector.initialize(SDFDirector.java:544)
	at ptolemy.actor.CompositeActor.initialize(CompositeActor.java:935)
	at ptolemy.actor.Manager.initialize(Manager.java:724)
	at ptolemy.actor.Manager.execute(Manager.java:356)
	at ptolemy.actor.Manager.run(Manager.java:1263)
	at ptolemy.actor.Manager$PtolemyRunThread.run(Manager.java:1933)
]]></system-err>
</testsuite>
