<?xml version="1.0" encoding="UTF-8" ?>
<testsuite errors="0" failures="0" hostname="travis-job-eb361cc0-5c2b-459e-9724-ddca452dd8c1" name="ptolemy.configs.test.constraints.test.junit.JUnitTclTest" skipped="0" tests="4" time="1263.054" timestamp="2020-07-07T15:14:31">
  <properties>
    <property name="npm.executable" value="npm" />
    <property name="env.TRAVIS_ROOT" value="/" />
    <property name="ptII.mk.exists" value="true" />
    <property name="env.TRAVIS_APP_HOST" value="build.travis-ci.org" />
    <property name="env.rvm_bin_path" value="/home/travis/.rvm/bin" />
    <property name="java.home" value="/usr/local/lib/jvm/openjdk11" />
    <property name="env.TRAVIS_JOB_NUMBER" value="1684.13" />
    <property name="env.TRAVIS_HOME" value="/home/travis" />
    <property name="env.DISPLAY" value=":99.0" />
    <property name="env.TRAVIS_INIT" value="systemd" />
    <property name="env.SSH_TTY" value="/dev/pts/0" />
    <property name="java.net.preferIPv4Stack" value="true" />
    <property name="env.RUN_TESTS" value="true" />
    <property name="timeout.short" value="1000000" />
    <property name="junit.formatter" value="xml" />
    <property name="env.TRAVIS_SUDO" value="true" />
    <property name="env.TRAVIS_JOB_NAME" value="" />
    <property name="env.TRAVIS_STACK_NODE_ATTRIBUTES" value="/.node-attributes.yml" />
    <property name="env.LOGNAME" value="travis" />
    <property name="jsdoc.home" value="node_modules/@terraswarm/jsdoc" />
    <property name="debuglevel" value="source,lines,vars" />
    <property name="checkstyle.formatter" value="xml" />
    <property name="env._system_version" value="16.04" />
    <property name="bin.vergil.makeable" value="true" />
    <property name="sun.os.patch.level" value="unknown" />
    <property name="java.vendor.url" value="http://java.oracle.com/" />
    <property name="env.TRAVIS_BUILD_WEB_URL" value="https://travis-ci.org/icyphy/ptII/builds/705812290" />
    <property name="java.version" value="11.0.2" />
    <property name="env.TZ" value="UTC" />
    <property name="env.TRAVIS_PULL_REQUEST_SHA" value="" />
    <property name="env.PT_NO_NET" value="true" />
    <property name="env.TRAVIS_SECURE_ENV_VARS" value="true" />
    <property name="env._system_type" value="Linux" />
    <property name="java.vendor.url.bug" value="http://bugreport.java.com/bugreport/" />
    <property name="npmjs-org-is-up" value="true" />
    <property name="env.LANGUAGE" value="en_US.UTF-8" />
    <property name="env.SSH_CLIENT" value="10.44.1.154 34442 22" />
    <property name="env.GEM_HOME" value="/home/travis/.rvm/gems/ruby-2.5.3" />
    <property name="env.HAS_ANTARES_THREE_LITTLE_FRONZIES_BADGE" value="true" />
    <property name="java.version.date" value="2019-01-15" />
    <property name="env.PS4" value="+" />
    <property name="ant.project.invoked-targets" value="build,test.core6.xml" />
    <property name="env.TRAVIS_PULL_REQUEST_BRANCH" value="" />
    <property name="env.TRAVIS_REPO_SLUG" value="icyphy/ptII" />
    <property name="env.XDG_DATA_DIRS" value="/usr/local/share:/usr/share:/var/lib/snapd/desktop" />
    <property name="jdk.debug" value="release" />
    <property name="env.TRAVIS_APT_PROXY" value="http://build-cache.travisci.net" />
    <property name="env.TRAVIS_CPU_ARCH" value="amd64" />
    <property name="node.in.path" value="true" />
    <property name="user.name" value="travis" />
    <property name="java.maxmemory" value="1400m" />
    <property name="env.RUBY_VERSION" value="ruby-2.5.3" />
    <property name="env.LANG" value="en_US.UTF-8" />
    <property name="sun.io.unicode.encoding" value="UnicodeLittle" />
    <property name="sun.jnu.encoding" value="UTF-8" />
    <property name="java.runtime.name" value="OpenJDK Runtime Environment" />
    <property name="usefile" value="false" />
    <property name="return.code" value="0" />
    <property name="junit.single.formatter" value="plain" />
    <property name="env.DYLD_LIBRARY_PATH" value="/home/travis/pthla/certi-tools/lib:" />
    <property name="env.DEBIAN_FRONTEND" value="noninteractive" />
    <property name="env.SSH_CONNECTION" value="10.44.1.154 34442 10.20.0.57 22" />
    <property name="env.MYSQL_UNIX_PORT" value="/var/run/mysqld/mysqld.sock" />
    <property name="env.LC_ALL" value="en_US.UTF-8" />
    <property name="env.TRAVIS_ALLOW_FAILURE" value="" />
    <property name="env.TRAVIS_JOB_WEB_URL" value="https://travis-ci.org/icyphy/ptII/jobs/705812315" />
    <property name="java.specification.name" value="Java Platform API Specification" />
    <property name="node.works" value="true" />
    <property name="user.timezone" value="" />
    <property name="path.separator" value=":" />
    <property name="env.TRAVIS_ENABLE_INFRA_DETECTION" value="true" />
    <property name="env.PYTHON_CFLAGS" value="-g -fstack-protector --param=ssp-buffer-size=4 -Wformat -Werror=format-security" />
    <property name="timeout.long" value="4000000" />
    <property name="env.CERTI_HOME" value="/home/travis/pthla/certi-tools" />
    <property name="ant.file.ptII" value="/home/travis/build/icyphy/ptII/build.xml" />
    <property name="javadoc.packagenames" value="com.*,diva.*,lbnl.*,org.hlacerti.*,org.json.*,org.ptolemy.*,org.terraswarm.*,ptolemy.*,ptserver.*" />
    <property name="file.encoding" value="UTF-8" />
    <property name="env.TRAVIS_PULL_REQUEST_SLUG" value="" />
    <property name="ant.project.default-target" value="build" />
    <property name="env.GIT_ASKPASS" value="echo" />
    <property name="env.HOME" value="/home/travis" />
    <property name="sun.java.command" value="org.apache.tools.ant.taskdefs.optional.junit.JUnitTestRunner ptolemy.configs.test.constraints.test.junit.JUnitTclTest skipNonTests=false filtertrace=true haltOnError=false haltOnFailure=false formatter=org.apache.tools.ant.taskdefs.optional.junit.OutErrSummaryJUnitResultFormatter showoutput=true outputtoformatters=true logfailedtests=true threadid=0 logtestlistenerevents=false formatter=org.apache.tools.ant.taskdefs.optional.junit.XMLJUnitResultFormatter,/home/travis/build/icyphy/ptII/reports/junit/TEST-ptolemy.configs.test.constraints.test.junit.JUnitTclTest.xml crashfile=/home/travis/build/icyphy/ptII/junitvmwatcher6361600573897158637.properties propsfile=/home/travis/build/icyphy/ptII/junit12749057132728621987.properties" />
    <property name="env.COMPOSER_NO_INTERACTION" value="1" />
    <property name="env.MANPATH" value="/home/travis/.nvm/versions/node/v7.10.1/share/man:/home/travis/.rvm/rubies/ruby-2.5.3/share/man:/usr/local/cmake-3.12.4/man:/usr/local/clang-7.0.0/share/man:/usr/local/man:/usr/local/share/man:/usr/share/man:/home/travis/.rvm/man" />
    <property name="env.TRAVIS_TIMER_ID" value="042b46ac" />
    <property name="ant.file" value="/home/travis/build/icyphy/ptII/build.xml" />
    <property name="env.TRAVIS_COMMIT_RANGE" value="3e950cfe0f3c004454147d0a7dfedd7f8d8e77cc...52bfcaaec950ad6b43d11ffdb9cd3f924b0c1f76" />
    <property name="env._system_name" value="Ubuntu" />
    <property name="ptII.classpath.optional.property" value="/home/travis/build/icyphy/ptII/lib/bsh-2.0b4.jar:/home/travis/build/icyphy/ptII/lib/ptCal.jar:/home/travis/build/icyphy/ptII/lib/java_cup.jar:/home/travis/build/icyphy/ptII/lib/saxon8.jar:/home/travis/build/icyphy/ptII/lib/saxon8-dom.jar:/home/travis/build/icyphy/ptII/lib/chic.jar:/home/travis/build/icyphy/ptII/lib/ptcolt.jar:/home/travis/build/icyphy/ptII/vendors/misc/itext/iText.jar:/home/travis/build/icyphy/ptII/lib/g4ltl.jar:/home/travis/build/icyphy/ptII/lib/StructuralCoder.jar:/home/travis/build/icyphy/ptII/lib/jcerti.jar:/home/travis/build/icyphy/ptII/lib/javax.mail.jar:/home/travis/build/icyphy/ptII/vendors/JMF-2.1.1e/lib/jmf.jar:/home/travis/build/icyphy/ptII/lib/jna-4.0.0-variadic.jar:/home/travis/build/icyphy/ptII/vendors/misc/joystick/Joystick.jar:/home/travis/build/icyphy/ptII/lib/ptjacl.jar:/home/travis/build/icyphy/ptII/lib/jsoup-1.8.2.jar:/home/travis/build/icyphy/ptII/lib/junit-4.8.2.jar:/home/travis/build/icyphy/ptII/lib/JUnitParams-0.4.0.jar:/home/travis/build/icyphy/ptII/ptolemy/actor/lib/excel/jxl.jar:/home/travis/build/icyphy/ptII/lib/jython.jar:/home/travis/build/icyphy/ptII/lib/kieler.jar:/home/travis/build/icyphy/ptII/vendors/opencv/share/OpenCV/java/opencv-341.jar:/home/travis/build/icyphy/ptII/lib/oscP5.jar:/home/travis/build/icyphy/ptII/lib/nrjavaserial-3.11.0.devel.jar:/home/travis/build/icyphy/ptII/vendors/j3d/lib/Linux/j3dcore.jar:/home/travis/build/icyphy/ptII/vendors/j3d/lib/Linux/j3dutils.jar:/home/travis/build/icyphy/ptII/vendors/j3d/lib/Linux/vecmath.jar:/home/travis/build/icyphy/ptII/vendors/jogl/lib/Linux/gluegen-rt-natives-linux-amd64.jar:/home/travis/build/icyphy/ptII/vendors/jogl/lib/Linux/gluegen-rt.jar:/home/travis/build/icyphy/ptII/vendors/jogl/lib/Linux/jogl-all-natives-linux-amd64.jar:/home/travis/build/icyphy/ptII/vendors/jogl/lib/Linux/jogl-all.jar:/home/travis/build/icyphy/ptII/ptolemy/distributed/jini/jar/jini-core.jar:/home/travis/build/icyphy/ptII/ptolemy/distributed/jini/jar/jini-ext.jar:/home/travis/build/icyphy/ptII/ptolemy/distributed/jini/jar/sun-util.jar:/home/travis/build/icyphy/ptII/lib/protobuf-java-2.4.1.jar:/home/travis/build/icyphy/ptII/lib/org.eclipse.paho.client.mqttv3.jar:/home/travis/build/icyphy/ptII/lib/mapss.jar:/home/travis/build/icyphy/ptII/ptolemy/actor/ptalon/antlr/antlr.jar:/home/travis/build/icyphy/ptII/lib/JRI.jar:/home/travis/build/icyphy/ptII/lib/commons-lang-2.6.jar:/home/travis/build/icyphy/ptII/lib/commons-logging-1.1.1.jar:/home/travis/build/icyphy/ptII/lib/sootclasses.jar:/home/travis/build/icyphy/ptII/ptolemy/actor/lib/database/mysql-connector-java-5.1.6-bin.jar:/home/travis/build/icyphy/ptII/vendors/misc/sphinx4/sphinx4-data-5prealpha.jar:/home/travis/build/icyphy/ptII/vendors/misc/sphinx4/sphinx4-core-5prealpha.jar:/home/travis/build/icyphy/ptII/lib/PDFRenderer.jar:/home/travis/build/icyphy/ptII/lib/svgSalamander.jar:/home/travis/build/icyphy/ptII/lib/rsyntaxtextarea-2.6.0-SNAPSHOT.jar:/home/travis/build/icyphy/ptII/lib/hazelcast-3.8.2.jar:/home/travis/build/icyphy/ptII/lib/jackson-annotations-2.9.0.jar:/home/travis/build/icyphy/ptII/lib/jackson-core-2.9.3.jar:/home/travis/build/icyphy/ptII/lib/jackson-databind-2.9.3.jar:/home/travis/build/icyphy/ptII/lib/netty-buffer-4.1.19.Final.jar:/home/travis/build/icyphy/ptII/lib/netty-codec-4.1.19.Final.jar:/home/travis/build/icyphy/ptII/lib/netty-codec-dns-4.1.19.Final.jar:/home/travis/build/icyphy/ptII/lib/netty-codec-http-4.1.19.Final.jar:/home/travis/build/icyphy/ptII/lib/netty-codec-http2-4.1.19.Final.jar:/home/travis/build/icyphy/ptII/lib/netty-common-4.1.19.Final.jar:/home/travis/build/icyphy/ptII/lib/netty-handler-4.1.19.Final.jar:/home/travis/build/icyphy/ptII/lib/netty-resolver-4.1.19.Final.jar:/home/travis/build/icyphy/ptII/lib/netty-resolver-dns-4.1.19.Final.jar:/home/travis/build/icyphy/ptII/lib/netty-transport-4.1.19.Final.jar:/home/travis/build/icyphy/ptII/lib/vertx-codegen-3.5.1.jar:/home/travis/build/icyphy/ptII/lib/vertx-core-3.5.2-SNAPSHOT.jar:/home/travis/build/icyphy/ptII/lib/vertx-hazelcast-3.5.1.jar:/home/travis/build/icyphy/ptII/lib/vertx-lang-js-3.5.1.jar:/home/travis/build/icyphy/ptII/lib/vertx-service-proxy-3.5.1.jar:/home/travis/build/icyphy/ptII/lib/vertx-web-3.5.1.jar:/home/travis/build/icyphy/ptII/lib/slf4j-api-1.7.13.jar:/home/travis/build/icyphy/ptII/lib/slf4j-simple-1.7.13.jar:/home/travis/build/icyphy/ptII/lib/webcam-capture-0.3.12.jar:/home/travis/build/icyphy/ptII/lib/bridj-0.7.0.jar:/home/travis/build/icyphy/ptII/lib/xbjlib-1.1.0.nrjavaserial.jar" />
    <property name="timeout" value="2400000" />
    <property name="test.batch" value="**/junit/*.java" />
    <property name="env._" value="/usr/bin/timeout" />
    <property name="java.io.tmpdir" value="/tmp" />
    <property name="user.language" value="en" />
    <property name="env.TRAVIS_INTERNAL_RUBY_REGEX" value="^ruby-(2\.[0-4]\.[0-9]|1\.9\.3)" />
    <property name="env.HISTCONTROL" value="ignoredups:ignorespace" />
    <property name="env.GOROOT" value="/home/travis/.gimme/versions/go1.11.1.linux.amd64" />
    <property name="line.separator" value="&#xa;" />
    <property name="target" value="11" />
    <property name="env.TRAVIS_BUILD_DIR" value="/home/travis/build/icyphy/ptII" />
    <property name="env.ANT_OPTS" value="-Xmx2048m" />
    <property name="ant.file.type" value="file" />
    <property name="ptolemy.ptII.batchMode" value="true" />
    <property name="env.HISTSIZE" value="1000" />
    <property name="env.MERB_ENV" value="test" />
    <property name="java.vm.info" value="mixed mode" />
    <property name="source" value="11" />
    <property name="java.vm.specification.name" value="Java Virtual Machine Specification" />
    <property name="env.TRAVIS_TEST_RESULT" value="0" />
    <property name="jsdoc.command" value="node_modules/@terraswarm/jsdoc/jsdoc.js" />
    <property name="npm.works" value="true" />
    <property name="cobertura.dir" value="/home/travis/build/icyphy/ptII/vendors/cobertura-2.0.3" />
    <property name="jsdoc.command.exists" value="true" />
    <property name="env.rvm_path" value="/home/travis/.rvm" />
    <property name="env.GEM_PATH" value="/home/travis/.rvm/gems/ruby-2.5.3:/home/travis/.rvm/gems/ruby-2.5.3@global" />
    <property name="env.LC_CTYPE" value="en_US.UTF-8" />
    <property name="env.TRAVIS_CMD" value="$PTII/bin/ptIITravisBuild.sh $SECONDS" />
    <property name="java.awt.printerjob" value="sun.print.PSPrinterJob" />
    <property name="env.TRAVIS_STACK_NAME" value="sardonyx" />
    <property name="env.TRAVIS_TIMER_START_TIME" value="1594134793766347693" />
    <property name="ant.version" value="Apache Ant(TM) version 1.10.1 compiled on February 2 2017" />
    <property name="ptII.reports" value="/home/travis/build/icyphy/ptII/reports" />
    <property name="env.TRAVIS_STACK_TIMESTAMP" value="2019-03-25 16:16:56 UTC" />
    <property name="ant.file.type.ptII" value="file" />
    <property name="env.RBENV_SHELL" value="bash" />
    <property name="os.name" value="Linux" />
    <property name="java.specification.vendor" value="Oracle Corporation" />
    <property name="env.rvm_version" value="1.29.7 (latest)" />
    <property name="env.TRAVIS_INFRA" value="unknown" />
    <property name="env.TERM" value="xterm" />
    <property name="java.vm.name" value="OpenJDK 64-Bit Server VM" />
    <property name="env.TRAVIS_BUILD_NUMBER" value="1684" />
    <property name="env.CI" value="true" />
    <property name="java.library.path" value="/home/travis/pthla/certi-tools/lib:/usr/lib/jni:/usr/local/share/OpenCV/java/:/usr/share/OpenCV/java::/usr/java/packages/lib:/usr/lib64:/lib64:/lib:/usr/lib" />
    <property name="jdk.module.path" value="/home/travis/build/icyphy/ptII/vendors/javafx/javafx-sdk-11.0.2/lib:" />
    <property name="env.rvm_prefix" value="/home/travis" />
    <property name="env.PATH" value="/home/travis/pthla/certi-tools/share/scripts:/home/travis/.rvm/gems/ruby-2.5.3/bin:/home/travis/.rvm/gems/ruby-2.5.3@global/bin:/home/travis/.rvm/rubies/ruby-2.5.3/bin:/home/travis/.rvm/bin:/home/travis/.nvm/versions/node/v7.10.1/bin:./node_modules/.bin:/home/travis/build/icyphy/ptII/bin:/home/travis/pthla/certi-tools/bin:/home/travis/bin:/home/travis/.local/bin:/usr/local/lib/jvm/openjdk11/bin:/opt/pyenv/shims:/home/travis/.phpenv/shims:/home/travis/perl5/perlbrew/bin:/home/travis/gopath/bin:/home/travis/.gimme/versions/go1.11.1.linux.amd64/bin:/usr/local/maven-3.6.0/bin:/usr/local/cmake-3.12.4/bin:/usr/local/clang-7.0.0/bin:/usr/local/sbin:/usr/local/bin:/usr/sbin:/usr/bin:/sbin:/bin:/snap/bin:/home/travis/.phpenv/bin:/opt/pyenv/bin:/home/travis/.yarn/bin" />
    <property name="env.TRAVIS_OS_NAME" value="linux" />
    <property name="ant.java.version" value="9" />
    <property name="basedir" value="/home/travis/build/icyphy/ptII" />
    <property name="java.class.version" value="55.0" />
    <property name="env.SHLVL" value="3" />
    <property name="env.LD_LIBRARY_PATH" value="/home/travis/pthla/certi-tools/lib:/usr/lib/jni:/usr/local/share/OpenCV/java/:/usr/share/OpenCV/java:" />
    <property name="env.RACK_ENV" value="test" />
    <property name="ant.home" value="/home/travis/build/icyphy/ptII/ant" />
    <property name="env.NVM_DIR" value="/home/travis/.nvm" />
    <property name="env.CERTI_FOM_PATH" value="/home/travis/pthla/certi-tools/share/federations" />
    <property name="env.TRAVIS_BUILD_ID" value="705812290" />
    <property name="env.PYENV_ROOT" value="/opt/pyenv" />
    <property name="env.TRAVIS_UID" value="2000" />
    <property name="prism.verbose" value="true" />
    <property name="env.NVM_BIN" value="/home/travis/.nvm/versions/node/v7.10.1/bin" />
    <property name="env.TRAVIS_COMMIT" value="52bfcaaec950ad6b43d11ffdb9cd3f924b0c1f76" />
    <property name="env._system_arch" value="x86_64" />
    <property name="node.executable" value="node" />
    <property name="sun.boot.library.path" value="/usr/local/lib/jvm/openjdk11/lib" />
    <property name="sun.management.compiler" value="HotSpot 64-Bit Tiered Compilers" />
    <property name="java.awt.graphicsenv" value="sun.awt.X11GraphicsEnvironment" />
    <property name="env.GOPATH" value="/home/travis/gopath" />
    <property name="ptolemy.ptII.dir" value="/home/travis/build/icyphy/ptII" />
    <property name="env.USER" value="travis" />
    <property name="env.HISTFILESIZE" value="2000" />
    <property name="env.PT_TRAVIS_TEST_CORE6_XML" value="true" />
    <property name="env.NVM_INC" value="/home/travis/.nvm/versions/node/v7.10.1/include/node" />
    <property name="timeout.longest" value="19000000" />
    <property name="env.PERLBREW_SHELLRC_VERSION" value="0.86" />
    <property name="env.TRAVIS_STACK_FEATURES" value="basic couchdb disabled-ipv6 docker docker-compose elasticsearch firefox go-toolchain google-chrome jdk memcached mongodb mysql nodejs_interpreter perl_interpreter perlbrew phantomjs postgresql python_interpreter redis ruby_interpreter sqlite xserver" />
    <property name="env.TRAVIS_PULL_REQUEST" value="false" />
    <property name="env.PYENV_SHELL" value="bash" />
    <property name="ant.project.name" value="ptII" />
    <property name="env.ANSI_RESET" value="\033[0m" />
    <property name="java.vm.specification.version" value="11" />
    <property name="env.TRAVIS_DIST" value="xenial" />
    <property name="env.CERTI_VERSION" value="4.0.0" />
    <property name="env.CERTI_HOST" value="localhost" />
    <property name="awt.toolkit" value="sun.awt.X11.XToolkit" />
    <property name="env.MY_RUBY_HOME" value="/home/travis/.rvm/rubies/ruby-2.5.3" />
    <property name="sun.cpu.isalist" value="" />
    <property name="env.TRAVIS_TMPDIR" value="/tmp/tmp.ScCmXDUk7W" />
    <property name="java.vm.compressedOopsMode" value="Zero based" />
    <property name="os.version" value="4.15.0-1028-gcp" />
    <property name="user.home" value="/home/travis" />
    <property name="java.vm.vendor" value="Oracle Corporation" />
    <property name="env.TRAVIS_TAG" value="nightly" />
    <property name="env.ANSI_YELLOW" value="\033[33;1m" />
    <property name="env.TRAVIS_FILTERED" value="redirect_io" />
    <property name="env.ANSI_GREEN" value="\033[32;1m" />
    <property name="env.JAVA_HOME" value="/usr/local/lib/jvm/openjdk11" />
    <property name="javadoc.excludepackagenames" value="adm.cvs2svn.*,build.*,config.*,doc.coding.templates.*,jni.test.jni.meaningOfLife.*,jni.test.jni.testDeux.*,jni.test.jni.testTrois.*,org.terraswarm.accessor.accessors.web.node_modules.*,org.terraswarm.accessor.accessors.web.hosts.cordova.demo.*,org.terraswarm.accessor.accessors.web.hosts.cordova.plugins.*,org.terraswarm.accessor.accessors-svn.*,pt-modules.*,ptolemy.apps.agilent.*,ptolemy.apps.anytimecontrol.*,ptolemy.apps.apes.*,ptolemy.apps.charon.*,ptolemy.apps.crazyboard.*,ptolemy.apps.eclipse.*,ptolemy.apps.etherealSting.*,ptolemy.apps.fullscreen.*,ptolemy.apps.giotto.*,ptolemy.apps.ia.*,ptolemy.apps.interfaces.*,ptolemy.apps.jmf.*,ptolemy.apps.kurt.*,ptolemy.apps.kvm.*,ptolemy.apps.lego.*,ptolemy.apps.lejos.*,ptolemy.apps.midp.*,ptolemy.apps.mobileCoding.*,ptolemy.apps.pendulum.*,ptolemy.apps.rijndael.*,ptolemy.apps.robot.*,ptolemy.apps.security.*,ptolemy.apps.sobel.*,ptolemy.apps.soot.*,ptolemy.apps.throttle.*,ptolemy.apps.tini.*,ptolemy.apps.transmission.*,ptolemy.apps.vergil.*,ptolemy.apps.waba.*,ptolemy.apps.websensor.*,ptolemy.apps.webstart.*,ptolemy.apps.xsl.*,ptolemy.apps.zaurus.*,ptolemy.codegen.c.actor.lib.oldJavaFiles.*,ptolemy.codegen.dsp.lib.*,ptolemy.codegen.kernel.newInterfaces.*,ptolemy.codegen.lib.*,ptolemy.copernicus.kernel.fragment.*,ptolemy.copernicus.shallow.cg.*,ptolemy.domains.giotto.demo.Hierarchy.Hierarchy.*,ptolemy.domains.giotto.demo.Multimode.Multimode.*,ptolemy.domains.giotto.demo.Simple.Simple.*,ptolemy.domains.gr.lib.experimental.*,ptolemy.domains.gro.*,ptolemy.domains.pdf.*,ptolemy.domains.ptinyos.demo.Surge.output.*,ptolemy.moml.test.NoPackageActor.java*,ptolemy.plot.adm.*,ptolemy.plot.servlet.*,reports.*,signed.*,src.*,target.*,vendors.*,ptolemy.copernicus.applet.*,ptolemy.media.viewer.*,ptolemy.actor.corba.*,doc.doclets.*,ptolemy.apps.eclipse.awt.*,ptolemy.backtrack.*,ptolemy.backtrack.ast.*,ptolemy.cg.adapter.generic.program.procedural.c.mbed*,ptolemy.homer.*,ptolemy.actor.lib.jai.*,org.ptolemy.scala.*,diva.util.java2d.svg.*,ptolemy.domains.ptinyos.*,ptolemy.actor.lib.fmi.fmipp.*,,org.terraswarm.accessor.accessors.web.node_modules.*,org.terraswarm.accessor.accessors-svn,ptolemy.apps.*,ptolemy.actor.ptalon.demo.ptinyos.SendAndReceiveCnt.output,ptolemy.actor.ptalon.demo.ptinyos.SenseToLeds.output,ptolemy.domains.ptinyos.demo.CntToLedsAndRfm.output,ptolemy.domains.ptinyos.demo.RfmToLeds.output,ptolemy.domains.ptinyos.demo.SendAndReceiveCnt.output,ptolemy.domains.ptinyos.demo.SenseToLeds.output,ptolemy.actor.lib.jjs.modules.udpSocket.*" />
    <property name="env.PTII" value="/home/travis/build/icyphy/ptII" />
    <property name="env.XDG_SESSION_ID" value="2" />
    <property name="keystore" value="ptKeystore" />
    <property name="env.TRAVIS_COMMIT_MESSAGE" value="Updating models using array data type." />
    <property name="junit.output.dir" value="/home/travis/build/icyphy/ptII/reports/junit" />
    <property name="npm.return.code" value="0" />
    <property name="user.dir" value="/home/travis/build/icyphy/ptII/ptolemy/configs/test/constraints/test" />
    <property name="env.TRAVIS_NODE_VERSION" value="7" />
    <property name="env.TRAVIS_EVENT_TYPE" value="cron" />
    <property name="env.MAIL" value="/var/mail/travis" />
    <property name="env.PERLBREW_ROOT" value="/home/travis/perl5/perlbrew" />
    <property name="env.PWD" value="/home/travis/build/icyphy/ptII" />
    <property name="timeout.npm" value="45000" />
    <property name="env.TRAVIS_ARCH" value="amd64" />
    <property name="sun.cpu.endian" value="little" />
    <property name="env.PAGER" value="cat" />
    <property name="env.TRAVIS_BUILD_STAGE_NAME" value="test" />
    <property name="env.PERLBREW_HOME" value="/home/travis/.perlbrew" />
    <property name="java.vm.version" value="11.0.2+9" />
    <property name="env.RAILS_ENV" value="test" />
    <property name="java.class.path" value="/home/travis/build/icyphy/ptII:/home/travis/build/icyphy/ptII/lib/bsh-2.0b4.jar:/home/travis/build/icyphy/ptII/lib/ptCal.jar:/home/travis/build/icyphy/ptII/lib/java_cup.jar:/home/travis/build/icyphy/ptII/lib/saxon8.jar:/home/travis/build/icyphy/ptII/lib/saxon8-dom.jar:/home/travis/build/icyphy/ptII/lib/chic.jar:/home/travis/build/icyphy/ptII/lib/ptcolt.jar:/home/travis/build/icyphy/ptII/vendors/misc/itext/iText.jar:/home/travis/build/icyphy/ptII/lib/g4ltl.jar:/home/travis/build/icyphy/ptII/lib/StructuralCoder.jar:/home/travis/build/icyphy/ptII/lib/jcerti.jar:/home/travis/build/icyphy/ptII/lib/javax.mail.jar:/home/travis/build/icyphy/ptII/vendors/JMF-2.1.1e/lib/jmf.jar:/home/travis/build/icyphy/ptII/lib/jna-4.0.0-variadic.jar:/home/travis/build/icyphy/ptII/vendors/misc/joystick/Joystick.jar:/home/travis/build/icyphy/ptII/lib/ptjacl.jar:/home/travis/build/icyphy/ptII/lib/jsoup-1.8.2.jar:/home/travis/build/icyphy/ptII/lib/junit-4.8.2.jar:/home/travis/build/icyphy/ptII/lib/JUnitParams-0.4.0.jar:/home/travis/build/icyphy/ptII/ptolemy/actor/lib/excel/jxl.jar:/home/travis/build/icyphy/ptII/lib/jython.jar:/home/travis/build/icyphy/ptII/lib/kieler.jar:/home/travis/build/icyphy/ptII/vendors/opencv/share/OpenCV/java/opencv-341.jar:/home/travis/build/icyphy/ptII/lib/oscP5.jar:/home/travis/build/icyphy/ptII/lib/nrjavaserial-3.11.0.devel.jar:/home/travis/build/icyphy/ptII/vendors/j3d/lib/Linux/j3dcore.jar:/home/travis/build/icyphy/ptII/vendors/j3d/lib/Linux/j3dutils.jar:/home/travis/build/icyphy/ptII/vendors/j3d/lib/Linux/vecmath.jar:/home/travis/build/icyphy/ptII/vendors/jogl/lib/Linux/gluegen-rt-natives-linux-amd64.jar:/home/travis/build/icyphy/ptII/vendors/jogl/lib/Linux/gluegen-rt.jar:/home/travis/build/icyphy/ptII/vendors/jogl/lib/Linux/jogl-all-natives-linux-amd64.jar:/home/travis/build/icyphy/ptII/vendors/jogl/lib/Linux/jogl-all.jar:/home/travis/build/icyphy/ptII/ptolemy/distributed/jini/jar/jini-core.jar:/home/travis/build/icyphy/ptII/ptolemy/distributed/jini/jar/jini-ext.jar:/home/travis/build/icyphy/ptII/ptolemy/distributed/jini/jar/sun-util.jar:/home/travis/build/icyphy/ptII/lib/protobuf-java-2.4.1.jar:/home/travis/build/icyphy/ptII/lib/org.eclipse.paho.client.mqttv3.jar:/home/travis/build/icyphy/ptII/lib/mapss.jar:/home/travis/build/icyphy/ptII/ptolemy/actor/ptalon/antlr/antlr.jar:/home/travis/build/icyphy/ptII/lib/JRI.jar:/home/travis/build/icyphy/ptII/lib/commons-lang-2.6.jar:/home/travis/build/icyphy/ptII/lib/commons-logging-1.1.1.jar:/home/travis/build/icyphy/ptII/lib/sootclasses.jar:/home/travis/build/icyphy/ptII/ptolemy/actor/lib/database/mysql-connector-java-5.1.6-bin.jar:/home/travis/build/icyphy/ptII/vendors/misc/sphinx4/sphinx4-data-5prealpha.jar:/home/travis/build/icyphy/ptII/vendors/misc/sphinx4/sphinx4-core-5prealpha.jar:/home/travis/build/icyphy/ptII/lib/PDFRenderer.jar:/home/travis/build/icyphy/ptII/lib/svgSalamander.jar:/home/travis/build/icyphy/ptII/lib/rsyntaxtextarea-2.6.0-SNAPSHOT.jar:/home/travis/build/icyphy/ptII/lib/hazelcast-3.8.2.jar:/home/travis/build/icyphy/ptII/lib/jackson-annotations-2.9.0.jar:/home/travis/build/icyphy/ptII/lib/jackson-core-2.9.3.jar:/home/travis/build/icyphy/ptII/lib/jackson-databind-2.9.3.jar:/home/travis/build/icyphy/ptII/lib/netty-buffer-4.1.19.Final.jar:/home/travis/build/icyphy/ptII/lib/netty-codec-4.1.19.Final.jar:/home/travis/build/icyphy/ptII/lib/netty-codec-dns-4.1.19.Final.jar:/home/travis/build/icyphy/ptII/lib/netty-codec-http-4.1.19.Final.jar:/home/travis/build/icyphy/ptII/lib/netty-codec-http2-4.1.19.Final.jar:/home/travis/build/icyphy/ptII/lib/netty-common-4.1.19.Final.jar:/home/travis/build/icyphy/ptII/lib/netty-handler-4.1.19.Final.jar:/home/travis/build/icyphy/ptII/lib/netty-resolver-4.1.19.Final.jar:/home/travis/build/icyphy/ptII/lib/netty-resolver-dns-4.1.19.Final.jar:/home/travis/build/icyphy/ptII/lib/netty-transport-4.1.19.Final.jar:/home/travis/build/icyphy/ptII/lib/vertx-codegen-3.5.1.jar:/home/travis/build/icyphy/ptII/lib/vertx-core-3.5.2-SNAPSHOT.jar:/home/travis/build/icyphy/ptII/lib/vertx-hazelcast-3.5.1.jar:/home/travis/build/icyphy/ptII/lib/vertx-lang-js-3.5.1.jar:/home/travis/build/icyphy/ptII/lib/vertx-service-proxy-3.5.1.jar:/home/travis/build/icyphy/ptII/lib/vertx-web-3.5.1.jar:/home/travis/build/icyphy/ptII/lib/slf4j-api-1.7.13.jar:/home/travis/build/icyphy/ptII/lib/slf4j-simple-1.7.13.jar:/home/travis/build/icyphy/ptII/lib/webcam-capture-0.3.12.jar:/home/travis/build/icyphy/ptII/lib/bridj-0.7.0.jar:/home/travis/build/icyphy/ptII/lib/xbjlib-1.1.0.nrjavaserial.jar:/home/travis/build/icyphy/ptII/ptolemy/moml/test:/home/travis/build/icyphy/ptII/ant/lib/ant-launcher.jar:/home/travis/build/icyphy/ptII/ant/lib/ant.jar:/home/travis/build/icyphy/ptII/ant/lib/ant-junit.jar:/home/travis/build/icyphy/ptII/ant/lib/ant-junit4.jar" />
    <property name="ant.library.dir" value="/home/travis/build/icyphy/ptII/ant/lib" />
    <property name="os.arch" value="amd64" />
    <property name="env.CONTINUOUS_INTEGRATION" value="true" />
    <property name="env.TRAVIS_LANGUAGE" value="node_js" />
    <property name="env.TRAVIS_STACK_LANGUAGES" value="__sardonyx__ c c++ clojure cplusplus cpp default generic go groovy java node_js php pure_java python ruby scala" />
    <property name="test.name" value="ptolemy.actor.lib.test.junit.JUnitTclTest" />
    <property name="env.APT_KEY_DONT_WARN_ON_DANGEROUS_USAGE" value="1" />
    <property name="sun.java.launcher" value="SUN_STANDARD" />
    <property name="env.PYTHON_CONFIGURE_OPTS" value="--enable-unicode=ucs4 --with-wide-unicode --enable-shared --enable-ipv6 --enable-loadable-sqlite-extensions --with-computed-gotos" />
    <property name="ant.core.lib" value="/home/travis/build/icyphy/ptII/ant/lib/ant.jar" />
    <property name="java.vm.specification.vendor" value="Oracle Corporation" />
    <property name="env.BCVTB_HOME" value="/home/travis/build/icyphy/ptII/lbnl" />
    <property name="file.separator" value="/" />
    <property name="spotbugs.home" value="/home/travis/build/icyphy/ptII/vendors/spotbugs-3.1.1" />
    <property name="java.runtime.version" value="11.0.2+9" />
    <property name="env.ANSI_CLEAR" value="\033[0K" />
    <property name="javafx.verbose" value="true" />
    <property name="env.HAS_JOSH_K_SEAL_OF_APPROVAL" value="true" />
    <property name="env.XDG_RUNTIME_DIR" value="/run/user/2000" />
    <property name="env.TRAVIS_OSX_IMAGE" value="" />
    <property name="env.TRAVIS_JOB_ID" value="705812315" />
    <property name="env.TRAVIS_BRANCH" value="master" />
    <property name="user.country" value="US" />
    <property name="env.CERTI_HOME_TRAVIS" value="/home/travis/pthla/certi-tools" />
    <property name="env.SHELL" value="/bin/bash" />
    <property name="java.maxmemory.large" value="3200m" />
    <property name="model" value="" />
    <property name="env.CASHER_DIR" value="/home/travis/.casher" />
    <property name="env.NVM_CD_FLAGS" value="" />
    <property name="java.vendor.version" value="18.9" />
    <property name="jshint.executable" value="/home/travis/node_modules/jshint/bin/jshint" />
    <property name="env.JRUBY_OPTS" value=" --client -J-XX:+TieredCompilation -J-XX:TieredStopAtLevel=1 -J-Xss2m -Xcompile.invokedynamic=false" />
    <property name="java.vendor" value="Oracle Corporation" />
    <property name="env.TRAVIS_PRE_CHEF_BOOTSTRAP_TIME" value="2019-03-25T16:16:42" />
    <property name="env.TRAVIS_STACK_JOB_BOARD_REGISTER" value="/.job-board-register.yml" />
    <property name="env.ANSI_RED" value="\033[31;1m" />
    <property name="java.specification.version" value="11" />
    <property name="env.IRBRC" value="/home/travis/.rvm/rubies/ruby-2.5.3/.irbrc" />
    <property name="env.TRAVIS" value="true" />
    <property name="sun.arch.data.model" value="64" />
  </properties>
  <testcase classname="ptolemy.util.test.junit.TclTests" name="[0] /home/travis/build/icyphy/ptII/ptolemy/configs/test/constraints/test/checkFullConstraints.tcl (RunTclFile)" time="1262.739" />
  <testcase classname="ptolemy.util.test.junit.AutoKnownFailedTests" name="[0] ThereAreNoKnowFailedTests (RunModel)" time="0.062" />
  <testcase classname="ptolemy.util.test.junit.AutoNameArchTests" name="[0] ThereAreNoAutoArchTests (RunModel)" time="0.013" />
  <testcase classname="ptolemy.util.test.junit.AutoTests" name="[0] ThereAreNoAutoTests (RunModel)" time="0.012" />
  <system-out><![CDATA[/home/travis/build/icyphy/ptII/ptolemy/configs/test/constraints/test/checkFullConstraints.tcl
testDefs.tcl: setting time out to 9000 seconds at Tue Jul 07 15:14:31 UTC 2020
FIXME FIXME FIXME FIXME FIXME FIXME
ptolemy/configs/test/checkFullConstraints.tcl: FIXME: Invoking Configuration.check() 
results in a memory leak that consumes
more than 4gig of memory and causes problems under Travis.
so, we check the constraints only of the full configuration.
FIXME FIXME FIXME FIXME FIXME FIXME
 Force everything to get expanded ptolemy/configs/configurationFile
    (Skipping certain optional packages, jxta and viptos)
JSAccessor: PT_NO_NET environment variable is set, so git pull and ptdoc are not being run.
Retrieving library from file:/home/travis/build/icyphy/ptII/org/terraswarm/accessor/accessors/web/index.json
Retrieving library from file:/home/travis/build/icyphy/ptII/org/terraswarm/accessor/accessors/web/adapters/index.json
Retrieving library from file:/home/travis/build/icyphy/ptII/org/terraswarm/accessor/accessors/web/audio/index.json
Prism pipeline init order: es2 sw 
Using Double Precision Marlin Rasterizer
Using dirty region optimizations
Not using texture mask for primitives
Not forcing power of 2 sizes for textures
Using hardware CLAMP_TO_ZERO mode
Opting in for HiDPI pixel scaling
Prism pipeline name = com.sun.prism.es2.ES2Pipeline
Loading ES2 native library ... prism_es2
	succeeded.
GLFactory using com.sun.prism.es2.X11GLFactory
(X) Got class = class com.sun.prism.es2.ES2Pipeline
Prism pipeline name = com.sun.prism.sw.SWPipeline
(X) Got class = class com.sun.prism.sw.SWPipeline
Initialized prism pipeline: com.sun.prism.sw.SWPipeline
Retrieving library from file:/home/travis/build/icyphy/ptII/org/terraswarm/accessor/accessors/web/cameras/index.json
No physical cameras found, using WebcamDummyDriver.
Retrieving library from file:/home/travis/build/icyphy/ptII/org/terraswarm/accessor/accessors/web/dashboard/index.json
Retrieving library from file:/home/travis/build/icyphy/ptII/org/terraswarm/accessor/accessors/web/devices/index.json
Retrieving library from file:/home/travis/build/icyphy/ptII/org/terraswarm/accessor/accessors/web/image/index.json
CharacterRecognition: The tesseract module was not present.  The CharacterRecognition accessor is not supported on this accessor host. (Thread[main,5,main])
CharacterRecognition: The tesseract module was not present.  The CharacterRecognition accessor is not supported on this accessor host. (Thread[main,5,main])
Retrieving library from file:/home/travis/build/icyphy/ptII/org/terraswarm/accessor/accessors/web/net/index.json
Retrieving library from file:/home/travis/build/icyphy/ptII/org/terraswarm/accessor/accessors/web/robotics/index.json
Retrieving library from file:/home/travis/build/icyphy/ptII/org/terraswarm/accessor/accessors/web/geodesy/index.json
Retrieving library from file:/home/travis/build/icyphy/ptII/org/terraswarm/accessor/accessors/web/services/index.json
Retrieving library from file:/home/travis/build/icyphy/ptII/org/terraswarm/accessor/accessors/web/signals/index.json
Retrieving library from file:/home/travis/build/icyphy/ptII/org/terraswarm/accessor/accessors/web/test/index.json
Retrieving library from file:/home/travis/build/icyphy/ptII/org/terraswarm/accessor/accessors/web/utilities/index.json
The Mutable accessor original file has no documentation, so we are not running jsdoc on https://accessors.org/utilities/Mutable.js
HLA version is 1.3.
HLA version is 1.3.
HLA version is 1.3.
Retrieving library from file:/home/travis/build/icyphy/ptII/org/terraswarm/accessor/accessors/web/index.json
Retrieving library from file:/home/travis/build/icyphy/ptII/org/terraswarm/accessor/accessors/web/adapters/index.json
Retrieving library from file:/home/travis/build/icyphy/ptII/org/terraswarm/accessor/accessors/web/audio/index.json
Retrieving library from file:/home/travis/build/icyphy/ptII/org/terraswarm/accessor/accessors/web/cameras/index.json
Retrieving library from file:/home/travis/build/icyphy/ptII/org/terraswarm/accessor/accessors/web/dashboard/index.json
Retrieving library from file:/home/travis/build/icyphy/ptII/org/terraswarm/accessor/accessors/web/devices/index.json
Retrieving library from file:/home/travis/build/icyphy/ptII/org/terraswarm/accessor/accessors/web/image/index.json
CharacterRecognition: The tesseract module was not present.  The CharacterRecognition accessor is not supported on this accessor host. (Thread[main,5,main])
CharacterRecognition: The tesseract module was not present.  The CharacterRecognition accessor is not supported on this accessor host. (Thread[main,5,main])
Retrieving library from file:/home/travis/build/icyphy/ptII/org/terraswarm/accessor/accessors/web/net/index.json
Retrieving library from file:/home/travis/build/icyphy/ptII/org/terraswarm/accessor/accessors/web/robotics/index.json
Retrieving library from file:/home/travis/build/icyphy/ptII/org/terraswarm/accessor/accessors/web/geodesy/index.json
Retrieving library from file:/home/travis/build/icyphy/ptII/org/terraswarm/accessor/accessors/web/services/index.json
Retrieving library from file:/home/travis/build/icyphy/ptII/org/terraswarm/accessor/accessors/web/signals/index.json
Retrieving library from file:/home/travis/build/icyphy/ptII/org/terraswarm/accessor/accessors/web/test/index.json
Retrieving library from file:/home/travis/build/icyphy/ptII/org/terraswarm/accessor/accessors/web/utilities/index.json
The Mutable accessor original file has no documentation, so we are not running jsdoc on https://accessors.org/utilities/Mutable.js
HLA version is 1.3.
HLA version is 1.3.
Retrieving library from file:/home/travis/build/icyphy/ptII/org/terraswarm/accessor/accessors/web/index.json
Retrieving library from file:/home/travis/build/icyphy/ptII/org/terraswarm/accessor/accessors/web/adapters/index.json
Retrieving library from file:/home/travis/build/icyphy/ptII/org/terraswarm/accessor/accessors/web/audio/index.json
Retrieving library from file:/home/travis/build/icyphy/ptII/org/terraswarm/accessor/accessors/web/cameras/index.json
Retrieving library from file:/home/travis/build/icyphy/ptII/org/terraswarm/accessor/accessors/web/dashboard/index.json
Retrieving library from file:/home/travis/build/icyphy/ptII/org/terraswarm/accessor/accessors/web/devices/index.json
Retrieving library from file:/home/travis/build/icyphy/ptII/org/terraswarm/accessor/accessors/web/image/index.json
CharacterRecognition: The tesseract module was not present.  The CharacterRecognition accessor is not supported on this accessor host. (Thread[main,5,main])
CharacterRecognition: The tesseract module was not present.  The CharacterRecognition accessor is not supported on this accessor host. (Thread[main,5,main])
Retrieving library from file:/home/travis/build/icyphy/ptII/org/terraswarm/accessor/accessors/web/net/index.json
Retrieving library from file:/home/travis/build/icyphy/ptII/org/terraswarm/accessor/accessors/web/robotics/index.json
Retrieving library from file:/home/travis/build/icyphy/ptII/org/terraswarm/accessor/accessors/web/geodesy/index.json
Retrieving library from file:/home/travis/build/icyphy/ptII/org/terraswarm/accessor/accessors/web/services/index.json
Retrieving library from file:/home/travis/build/icyphy/ptII/org/terraswarm/accessor/accessors/web/signals/index.json
Retrieving library from file:/home/travis/build/icyphy/ptII/org/terraswarm/accessor/accessors/web/test/index.json
Retrieving library from file:/home/travis/build/icyphy/ptII/org/terraswarm/accessor/accessors/web/utilities/index.json
The Mutable accessor original file has no documentation, so we are not running jsdoc on https://accessors.org/utilities/Mutable.js
HLA version is 1.3.
HLA version is 1.3.
Configuration.check: entity: ptolemy.actor.lib.Assert {.configuration.actor library.Utilities.Analysis.Assert} 0 ms. Memory: 2479104K Free: 468992K (19%)
#Configuration.check: entity: ptolemy.actor.lib.jjs.JavaScript {.configuration.actor library.Utilities.JavaScript.JavaScript} 86 ms. Memory: 2479104K Free: 452608K (18%)
#Configuration.check: entity: ptolemy.vergil.basic.export.html.jsoup.HTMLPageAssembler {.configuration.actor library.Utilities.WebExport.HTMLPageAssembler} 1615 ms. Memory: 2479104K Free: 480254K (19%)
#Configuration.check: entity: ptolemy.actor.lib.Const {.configuration.actor library.Actors.Sources.GenericSources.Const} 1653 ms. Memory: 2479104K Free: 467951K (19%)
#Configuration.check: entity: ptolemy.actor.lib.StringConst {.configuration.actor library.Actors.Sources.GenericSources.StringConst} 1826 ms. Memory: 2479104K Free: 407550K (16%)
#Configuration.check: entity: ptolemy.actor.lib.Subscriber {.configuration.actor library.Actors.Sources.GenericSources.Subscriber} 1826 ms. Memory: 2479104K Free: 407550K (16%)
#Configuration.check: entity: ptolemy.actor.lib.SubscriptionAggregator {.configuration.actor library.Actors.Sources.GenericSources.SubscriptionAggregator} 1829 ms. Memory: 2479104K Free: 407040K (16%)
#Configuration.check: entity: ptolemy.actor.lib.CurrentDate {.configuration.actor library.Actors.Sources.TimedSources.CurrentDate} 1831 ms. Memory: 2479104K Free: 406511K (16%)
#Configuration.check: entity: ptolemy.actor.lib.CurrentTime {.configuration.actor library.Actors.Sources.TimedSources.CurrentTime} 1881 ms. Memory: 2479104K Free: 387584K (16%)
#Configuration.check: entity: ptolemy.actor.lib.CurrentMicrostep {.configuration.actor library.Actors.Sources.TimedSources.CurrentMicrostep} 1881 ms. Memory: 2479104K Free: 387584K (16%)
#Configuration.check: entity: ptolemy.actor.lib.DiscreteClock {.configuration.actor library.Actors.Sources.TimedSources.DiscreteClock} 1881 ms. Memory: 2479104K Free: 387584K (16%)
#Configuration.check: entity: ptolemy.actor.lib.PoissonClock {.configuration.actor library.Actors.Sources.TimedSources.PoissonClock} 1883 ms. Memory: 2479104K Free: 387584K (16%)
#Configuration.check: entity: ptolemy.actor.lib.gui.InteractiveDialog {.configuration.actor library.Actors.Sources.SequenceSources.InteractiveDialog} 1884 ms. Memory: 2479104K Free: 387584K (16%)
#Configuration.check: entity: ptolemy.actor.lib.gui.InteractiveShell {.configuration.actor library.Actors.Sources.SequenceSources.InteractiveShell} 1936 ms. Memory: 2479104K Free: 366837K (15%)
#Configuration.check: entity: ptolemy.actor.lib.Interpolator {.configuration.actor library.Actors.Sources.SequenceSources.Interpolator} 1938 ms. Memory: 2479104K Free: 366837K (15%)
#Configuration.check: entity: ptolemy.actor.lib.Pulse {.configuration.actor library.Actors.Sources.SequenceSources.Pulse} 1940 ms. Memory: 2479104K Free: 366325K (15%)
#Configuration.check: entity: ptolemy.actor.lib.Ramp {.configuration.actor library.Actors.Sources.SequenceSources.Ramp} 1942 ms. Memory: 2479104K Free: 365566K (15%)
#Configuration.check: entity: ptolemy.actor.lib.Sequence {.configuration.actor library.Actors.Sources.SequenceSources.Sequence} 1943 ms. Memory: 2479104K Free: 365566K (15%)
#Configuration.check: entity: ptolemy.actor.lib.gui.SketchedSource {.configuration.actor library.Actors.Sources.SequenceSources.SketchedSource} 1944 ms. Memory: 2479104K Free: 365056K (15%)
#Configuration.check: entity: ptolemy.actor.lib.gui.ArrayPlotterXY {.configuration.actor library.Actors.Sinks.GenericSinks.ArrayPlotterXY} 1945 ms. Memory: 2479104K Free: 365056K (15%)
#Configuration.check: entity: ptolemy.actor.lib.Discard {.configuration.actor library.Actors.Sinks.GenericSinks.Discard} 1960 ms. Memory: 2479104K Free: 359936K (15%)
#Configuration.check: entity: ptolemy.actor.lib.gui.Display {.configuration.actor library.Actors.Sinks.GenericSinks.Display} 1961 ms. Memory: 2479104K Free: 359936K (15%)
#Configuration.check: entity: ptolemy.actor.lib.gui.MonitorValue {.configuration.actor library.Actors.Sinks.GenericSinks.MonitorValue} 1961 ms. Memory: 2479104K Free: 359422K (14%)
#Configuration.check: entity: ptolemy.actor.lib.Publisher {.configuration.actor library.Actors.Sinks.GenericSinks.Publisher} 1964 ms. Memory: 2479104K Free: 359405K (14%)
#Configuration.check: entity: ptolemy.actor.lib.Recorder {.configuration.actor library.Actors.Sinks.GenericSinks.Recorder} 1966 ms. Memory: 2479104K Free: 358912K (14%)
#Configuration.check: entity: ptolemy.actor.lib.SetVariable {.configuration.actor library.Actors.Sinks.GenericSinks.SetVariable} 1966 ms. Memory: 2479104K Free: 358912K (14%)
#Configuration.check: entity: ptolemy.actor.lib.gui.XYPlotter {.configuration.actor library.Actors.Sinks.GenericSinks.XYPlotter} 1967 ms. Memory: 2479104K Free: 358912K (14%)
#Configuration.check: entity: ptolemy.actor.lib.gui.XYScope {.configuration.actor library.Actors.Sinks.GenericSinks.XYScope} 1967 ms. Memory: 2479104K Free: 358912K (14%)
#Configuration.check: entity: ptolemy.actor.lib.gui.TimedDisplay {.configuration.actor library.Actors.Sinks.TimedSinks.TimedDisplay} 1968 ms. Memory: 2479104K Free: 358398K (14%)
#Configuration.check: entity: ptolemy.actor.lib.gui.TimedMonitorValue {.configuration.actor library.Actors.Sinks.TimedSinks.TimedMonitorValue} 1972 ms. Memory: 2479104K Free: 357835K (14%)
#Configuration.check: entity: ptolemy.actor.lib.gui.TimedPlotter {.configuration.actor library.Actors.Sinks.TimedSinks.TimedPlotter} 1973 ms. Memory: 2479104K Free: 357241K (14%)
#Configuration.check: entity: ptolemy.actor.lib.gui.TimedScope {.configuration.actor library.Actors.Sinks.TimedSinks.TimedScope} 1974 ms. Memory: 2479104K Free: 357241K (14%)
#Configuration.check: entity: ptolemy.actor.lib.gui.ArrayPlotter {.configuration.actor library.Actors.Sinks.SequenceSinks.ArrayPlotter} 1977 ms. Memory: 2479104K Free: 357241K (14%)
#Configuration.check: entity: ptolemy.actor.lib.gui.BarGraph {.configuration.actor library.Actors.Sinks.SequenceSinks.BarGraph} 1981 ms. Memory: 2479104K Free: 356862K (14%)
#Configuration.check: entity: ptolemy.actor.lib.gui.HistogramPlotter {.configuration.actor library.Actors.Sinks.SequenceSinks.HistogramPlotter} 1982 ms. Memory: 2479104K Free: 356350K (14%)
#Configuration.check: entity: ptolemy.actor.lib.gui.SequencePlotter {.configuration.actor library.Actors.Sinks.SequenceSinks.SequencePlotter} 1982 ms. Memory: 2479104K Free: 356350K (14%)
#Configuration.check: entity: ptolemy.actor.lib.gui.SequenceScope {.configuration.actor library.Actors.Sinks.SequenceSinks.SequenceScope} 1983 ms. Memory: 2479104K Free: 356350K (14%)
#Configuration.check: entity: ptolemy.actor.lib.ArrayAccumulate {.configuration.actor library.Actors.Array.ArrayAccumulate} 1983 ms. Memory: 2479104K Free: 356350K (14%)
#Configuration.check: entity: ptolemy.actor.lib.ArrayAppend {.configuration.actor library.Actors.Array.ArrayAppend} 2249 ms. Memory: 2479104K Free: 530282K (21%)
#Configuration.check: entity: ptolemy.actor.lib.ArrayAverage {.configuration.actor library.Actors.Array.ArrayAverage} 2250 ms. Memory: 2479104K Free: 530282K (21%)
#Configuration.check: entity: ptolemy.actor.lib.ArrayContains {.configuration.actor library.Actors.Array.ArrayContains} 2252 ms. Memory: 2479104K Free: 529768K (21%)
#Configuration.check: entity: ptolemy.actor.lib.ArrayElement {.configuration.actor library.Actors.Array.ArrayElement} 2253 ms. Memory: 2479104K Free: 529258K (21%)
#Configuration.check: entity: ptolemy.actor.lib.ArrayElementAsMatrix {.configuration.actor library.Actors.Array.ArrayElementAsMatrix} 2255 ms. Memory: 2479104K Free: 529258K (21%)
#Configuration.check: entity: ptolemy.actor.lib.ArrayExtract {.configuration.actor library.Actors.Array.ArrayExtract} 2257 ms. Memory: 2479104K Free: 528744K (21%)
#Configuration.check: entity: ptolemy.actor.lib.ArrayLength {.configuration.actor library.Actors.Array.ArrayLength} 2259 ms. Memory: 2479104K Free: 528234K (21%)
#Configuration.check: entity: ptolemy.actor.lib.ArrayLevelCrossing {.configuration.actor library.Actors.Array.ArrayLevelCrossing} 2260 ms. Memory: 2479104K Free: 527720K (21%)
#Configuration.check: entity: ptolemy.actor.lib.ArrayMaximum {.configuration.actor library.Actors.Array.ArrayMaximum} 2262 ms. Memory: 2479104K Free: 527210K (21%)
#Configuration.check: entity: ptolemy.actor.lib.ArrayMinimum {.configuration.actor library.Actors.Array.ArrayMinimum} 2262 ms. Memory: 2479104K Free: 527210K (21%)
#Configuration.check: entity: ptolemy.actor.lib.ArrayPeakSearch {.configuration.actor library.Actors.Array.ArrayPeakSearch} 2263 ms. Memory: 2479104K Free: 527210K (21%)
#Configuration.check: entity: ptolemy.actor.lib.ArrayRemoveElement {.configuration.actor library.Actors.Array.ArrayRemoveElement} 2265 ms. Memory: 2479104K Free: 526696K (21%)
#Configuration.check: entity: ptolemy.actor.lib.ArraySort {.configuration.actor library.Actors.Array.ArraySort} 2266 ms. Memory: 2479104K Free: 526186K (21%)
#Configuration.check: entity: ptolemy.actor.lib.ArraySum {.configuration.actor library.Actors.Array.ArraySum} 2267 ms. Memory: 2479104K Free: 526186K (21%)
#Configuration.check: entity: ptolemy.actor.lib.ArrayToElements {.configuration.actor library.Actors.Array.ArrayToElements} 2268 ms. Memory: 2479104K Free: 525672K (21%)
#Configuration.check: entity: ptolemy.domains.sdf.lib.ArrayToSequence {.configuration.actor library.Actors.Array.ArrayToSequence} 2268 ms. Memory: 2479104K Free: 525672K (21%)
#Configuration.check: entity: ptolemy.actor.lib.ArrayUpdate {.configuration.actor library.Actors.Array.ArrayUpdate} 2270 ms. Memory: 2479104K Free: 525162K (21%)
#Configuration.check: entity: ptolemy.actor.lib.ElementsToArray {.configuration.actor library.Actors.Array.ElementsToArray} 2271 ms. Memory: 2479104K Free: 524648K (21%)
#Configuration.check: entity: ptolemy.domains.sdf.lib.SequenceToArray {.configuration.actor library.Actors.Array.SequenceToArray} 2271 ms. Memory: 2479104K Free: 524648K (21%)
#Configuration.check: entity: ptolemy.actor.lib.conversions.AnythingToDouble {.configuration.actor library.Actors.Conversions.AnythingToDouble} 2277 ms. Memory: 2479104K Free: 523624K (21%)
#Configuration.check: entity: ptolemy.actor.lib.conversions.BooleanToAnything {.configuration.actor library.Actors.Conversions.BooleanToAnything} 2286 ms. Memory: 2479104K Free: 521066K (21%)
#Configuration.check: entity: ptolemy.domains.sdf.lib.BitsToInt {.configuration.actor library.Actors.Conversions.BitsToInt} 2286 ms. Memory: 2479104K Free: 521066K (21%)
#Configuration.check: entity: ptolemy.actor.lib.conversions.CartesianToComplex {.configuration.actor library.Actors.Conversions.CartesianToComplex} 2287 ms. Memory: 2479104K Free: 520546K (21%)
#Configuration.check: entity: ptolemy.actor.lib.conversions.CartesianToPolar {.configuration.actor library.Actors.Conversions.CartesianToPolar} 2287 ms. Memory: 2479104K Free: 520546K (21%)
#Configuration.check: entity: ptolemy.actor.lib.conversions.ComplexToCartesian {.configuration.actor library.Actors.Conversions.ComplexToCartesian} 2287 ms. Memory: 2479104K Free: 520546K (21%)
#Configuration.check: entity: ptolemy.actor.lib.conversions.ComplexToPolar {.configuration.actor library.Actors.Conversions.ComplexToPolar} 2288 ms. Memory: 2479104K Free: 520546K (21%)
#Configuration.check: entity: ptolemy.actor.lib.conversions.DateToString {.configuration.actor library.Actors.Conversions.DateToString} 2288 ms. Memory: 2479104K Free: 520546K (21%)
#Configuration.check: entity: ptolemy.actor.lib.conversions.DoubleToFix {.configuration.actor library.Actors.Conversions.DoubleToFix} 2288 ms. Memory: 2479104K Free: 520546K (21%)
#Configuration.check: entity: ptolemy.actor.lib.conversions.ExpressionToToken {.configuration.actor library.Actors.Conversions.ExpressionToToken} 2288 ms. Memory: 2479104K Free: 520546K (21%)
#Configuration.check: entity: ptolemy.actor.lib.conversions.FixToDouble {.configuration.actor library.Actors.Conversions.FixToDouble} 2289 ms. Memory: 2479104K Free: 520042K (21%)
#Configuration.check: entity: ptolemy.actor.lib.conversions.FixToFix {.configuration.actor library.Actors.Conversions.FixToFix} 2289 ms. Memory: 2479104K Free: 520042K (21%)
#Configuration.check: entity: ptolemy.actor.lib.conversions.ImageToString {.configuration.actor library.Actors.Conversions.ImageToString} 2289 ms. Memory: 2479104K Free: 520042K (21%)
#Configuration.check: entity: ptolemy.actor.lib.conversions.IntArrayToString {.configuration.actor library.Actors.Conversions.IntArrayToString} 2289 ms. Memory: 2479104K Free: 520042K (21%)
#Configuration.check: entity: ptolemy.domains.sdf.lib.IntToBits {.configuration.actor library.Actors.Conversions.IntToBits} 2290 ms. Memory: 2479104K Free: 520042K (21%)
#Configuration.check: entity: ptolemy.actor.lib.conversions.InUnitsOf {.configuration.actor library.Actors.Conversions.InUnitsOf} 2290 ms. Memory: 2479104K Free: 520042K (21%)
#Configuration.check: entity: ptolemy.actor.lib.conversions.json.JSONToToken {.configuration.actor library.Actors.Conversions.JSON.JSONToToken} 2291 ms. Memory: 2479104K Free: 520042K (21%)
#Configuration.check: entity: ptolemy.actor.lib.conversions.json.TokenToJSON {.configuration.actor library.Actors.Conversions.JSON.TokenToJSON} 2292 ms. Memory: 2479104K Free: 519528K (21%)
#Configuration.check: entity: ptolemy.actor.lib.conversions.LongToDouble {.configuration.actor library.Actors.Conversions.LongToDouble} 2292 ms. Memory: 2479104K Free: 519528K (21%)
#Configuration.check: entity: ptolemy.actor.lib.conversions.PolarToCartesian {.configuration.actor library.Actors.Conversions.PolarToCartesian} 2292 ms. Memory: 2479104K Free: 519528K (21%)
#Configuration.check: entity: ptolemy.actor.lib.conversions.PolarToComplex {.configuration.actor library.Actors.Conversions.PolarToComplex} 2292 ms. Memory: 2479104K Free: 519528K (21%)
#Configuration.check: entity: ptolemy.actor.lib.conversions.Round {.configuration.actor library.Actors.Conversions.Round} 2293 ms. Memory: 2479104K Free: 519528K (21%)
#Configuration.check: entity: ptolemy.actor.lib.conversions.SmoothToDouble {.configuration.actor library.Actors.Conversions.SmoothToDouble} 2293 ms. Memory: 2479104K Free: 519528K (21%)
#Configuration.check: entity: ptolemy.actor.lib.conversions.StringToBoolean {.configuration.actor library.Actors.Conversions.StringToBoolean} 2293 ms. Memory: 2479104K Free: 519528K (21%)
#Configuration.check: entity: ptolemy.actor.lib.conversions.StringToDouble {.configuration.actor library.Actors.Conversions.StringToDouble} 2293 ms. Memory: 2479104K Free: 519528K (21%)
#Configuration.check: entity: ptolemy.actor.lib.conversions.StringToInt {.configuration.actor library.Actors.Conversions.StringToInt} 2293 ms. Memory: 2479104K Free: 519528K (21%)
#Configuration.check: entity: ptolemy.actor.lib.conversions.StringToIntArray {.configuration.actor library.Actors.Conversions.StringToIntArray} 2293 ms. Memory: 2479104K Free: 519018K (21%)
#Configuration.check: entity: ptolemy.actor.lib.conversions.StringToUnsignedByteArray {.configuration.actor library.Actors.Conversions.StringToUnsignedByteArray} 2294 ms. Memory: 2479104K Free: 519018K (21%)
#Configuration.check: entity: ptolemy.actor.lib.conversions.StringToXML {.configuration.actor library.Actors.Conversions.StringToXML} 2294 ms. Memory: 2479104K Free: 519018K (21%)
#Configuration.check: entity: ptolemy.actor.lib.conversions.TokenToExpression {.configuration.actor library.Actors.Conversions.TokenToExpression} 2294 ms. Memory: 2479104K Free: 519018K (21%)
#Configuration.check: entity: ptolemy.actor.lib.conversions.UnsignedByteArrayToString {.configuration.actor library.Actors.Conversions.UnsignedByteArrayToString} 2294 ms. Memory: 2479104K Free: 519018K (21%)
#Configuration.check: entity: ptolemy.actor.lib.BusAssembler {.configuration.actor library.Actors.FlowControl.Aggregators.BusAssembler} 2294 ms. Memory: 2479104K Free: 519018K (21%)
#Configuration.check: entity: ptolemy.actor.lib.BusDisassembler {.configuration.actor library.Actors.FlowControl.Aggregators.BusDisassembler} 2365 ms. Memory: 2479104K Free: 484712K (20%)
#Configuration.check: entity: ptolemy.actor.lib.Commutator {.configuration.actor library.Actors.FlowControl.Aggregators.Commutator} 2365 ms. Memory: 2479104K Free: 484712K (20%)
#Configuration.check: entity: ptolemy.actor.lib.Distributor {.configuration.actor library.Actors.FlowControl.Aggregators.Distributor} 2367 ms. Memory: 2479104K Free: 484202K (20%)
#Configuration.check: entity: ptolemy.actor.lib.Multiplexor {.configuration.actor library.Actors.FlowControl.Aggregators.Multiplexor} 2368 ms. Memory: 2479104K Free: 483688K (20%)
#Configuration.check: entity: ptolemy.actor.lib.OrderedRecordAssembler {.configuration.actor library.Actors.FlowControl.Aggregators.OrderedRecordAssembler} 2369 ms. Memory: 2479104K Free: 483688K (20%)
#Configuration.check: entity: ptolemy.actor.lib.RecordAssembler {.configuration.actor library.Actors.FlowControl.Aggregators.RecordAssembler} 2371 ms. Memory: 2479104K Free: 483178K (19%)
#Configuration.check: entity: ptolemy.actor.lib.RecordDisassembler {.configuration.actor library.Actors.FlowControl.Aggregators.RecordDisassembler} 2371 ms. Memory: 2479104K Free: 483178K (19%)
#Configuration.check: entity: ptolemy.actor.lib.RecordUpdater {.configuration.actor library.Actors.FlowControl.Aggregators.RecordUpdater} 2372 ms. Memory: 2479104K Free: 483178K (19%)
#Configuration.check: entity: ptolemy.actor.lib.Sampler {.configuration.actor library.Actors.FlowControl.Aggregators.Sampler} 2373 ms. Memory: 2479104K Free: 483178K (19%)
#Configuration.check: entity: ptolemy.actor.lib.Select {.configuration.actor library.Actors.FlowControl.Aggregators.Select} 2373 ms. Memory: 2479104K Free: 483178K (19%)
#Configuration.check: entity: ptolemy.actor.lib.SingleTokenCommutator {.configuration.actor library.Actors.FlowControl.Aggregators.SingleTokenCommutator} 2374 ms. Memory: 2479104K Free: 482664K (19%)
#Configuration.check: entity: ptolemy.actor.lib.Switch {.configuration.actor library.Actors.FlowControl.Aggregators.Switch} 2375 ms. Memory: 2479104K Free: 482664K (19%)
#Configuration.check: entity: ptolemy.actor.lib.Synchronizer {.configuration.actor library.Actors.FlowControl.Aggregators.Synchronizer} 2376 ms. Memory: 2479104K Free: 482154K (19%)
#Configuration.check: entity: ptolemy.actor.lib.UnionDisassembler {.configuration.actor library.Actors.FlowControl.Aggregators.UnionDisassembler} 2376 ms. Memory: 2479104K Free: 482154K (19%)
#Configuration.check: entity: ptolemy.actor.lib.UnionMerge {.configuration.actor library.Actors.FlowControl.Aggregators.UnionMerge} 2377 ms. Memory: 2479104K Free: 481640K (19%)
#Configuration.check: entity: ptolemy.actor.lib.VectorAssembler {.configuration.actor library.Actors.FlowControl.Aggregators.VectorAssembler} 2378 ms. Memory: 2479104K Free: 481640K (19%)
#Configuration.check: entity: ptolemy.actor.lib.VectorDisassembler {.configuration.actor library.Actors.FlowControl.Aggregators.VectorDisassembler} 2378 ms. Memory: 2479104K Free: 481640K (19%)
#Configuration.check: entity: ptolemy.actor.lib.BooleanMultiplexor {.configuration.actor library.Actors.FlowControl.BooleanFlowControl.BooleanMultiplexor} 2378 ms. Memory: 2479104K Free: 481640K (19%)
#Configuration.check: entity: ptolemy.actor.lib.BooleanSelect {.configuration.actor library.Actors.FlowControl.BooleanFlowControl.BooleanSelect} 2451 ms. Memory: 2479104K Free: 447834K (18%)
#Configuration.check: entity: ptolemy.actor.lib.BooleanSwitch {.configuration.actor library.Actors.FlowControl.BooleanFlowControl.BooleanSwitch} 2453 ms. Memory: 2479104K Free: 447338K (18%)
#Configuration.check: entity: ptolemy.actor.lib.ConfigurationSelect {.configuration.actor library.Actors.FlowControl.BooleanFlowControl.ConfigurationSelect} 2454 ms. Memory: 2479104K Free: 446824K (18%)
#Configuration.check: entity: ptolemy.actor.lib.ConfigurationSwitch {.configuration.actor library.Actors.FlowControl.BooleanFlowControl.ConfigurationSwitch} 2455 ms. Memory: 2479104K Free: 446314K (18%)
#Configuration.check: entity: ptolemy.domains.sdf.lib.CountTrues {.configuration.actor library.Actors.FlowControl.BooleanFlowControl.CountTrues} 2457 ms. Memory: 2479104K Free: 445800K (18%)
#Configuration.check: entity: ptolemy.domains.sdf.lib.Chop {.configuration.actor library.Actors.FlowControl.SequenceControl.Chop} 2458 ms. Memory: 2479104K Free: 445800K (18%)
#Configuration.check: entity: ptolemy.actor.lib.Default {.configuration.actor library.Actors.FlowControl.SequenceControl.Default} 2514 ms. Memory: 2479104K Free: 417122K (17%)
#Configuration.check: entity: ptolemy.domains.sdf.lib.Repeat {.configuration.actor library.Actors.FlowControl.SequenceControl.Repeat} 2515 ms. Memory: 2479104K Free: 416618K (17%)
#Configuration.check: entity: ptolemy.domains.sdf.lib.SampleDelay {.configuration.actor library.Actors.FlowControl.SequenceControl.SampleDelay} 2518 ms. Memory: 2479104K Free: 415594K (17%)
#Configuration.check: entity: ptolemy.actor.lib.Sequencer {.configuration.actor library.Actors.FlowControl.SequenceControl.Sequencer} 2520 ms. Memory: 2479104K Free: 415066K (17%)
#Configuration.check: entity: ptolemy.actor.lib.Exit {.configuration.actor library.Actors.FlowControl.ExecutionControl.Exit} 2521 ms. Memory: 2479104K Free: 415066K (17%)
#Configuration.check: entity: ptolemy.actor.lib.Stop {.configuration.actor library.Actors.FlowControl.ExecutionControl.Stop} 2523 ms. Memory: 2479104K Free: 414042K (17%)
#Configuration.check: entity: ptolemy.actor.lib.Pause {.configuration.actor library.Actors.FlowControl.ExecutionControl.Pause} 2523 ms. Memory: 2479104K Free: 414042K (17%)
#Configuration.check: entity: ptolemy.actor.lib.ThrowException {.configuration.actor library.Actors.FlowControl.ExecutionControl.ThrowException} 2524 ms. Memory: 2479104K Free: 414042K (17%)
#Configuration.check: entity: ptolemy.actor.lib.ThrowModelError {.configuration.actor library.Actors.FlowControl.ExecutionControl.ThrowModelError} 2524 ms. Memory: 2479104K Free: 414042K (17%)
#Configuration.check: entity: ptolemy.actor.lib.Dictionary {.configuration.actor library.Actors.DataStores.Dictionary} 2524 ms. Memory: 2479104K Free: 414042K (17%)
#Configuration.check: entity: ptolemy.actor.lib.hoc.ApplyFunction {.configuration.actor library.Actors.HigherOrderActors.ApplyFunction} 2548 ms. Memory: 2479104K Free: 402792K (16%)
#Configuration.check: entity: ptolemy.vergil.actor.lib.ModelDisplay {.configuration.actor library.Actors.HigherOrderActors.ModelDisplay} 2550 ms. Memory: 2479104K Free: 402282K (16%)
#Configuration.check: entity: ptolemy.actor.lib.hoc.ModelReference {.configuration.actor library.Actors.HigherOrderActors.ModelReference} 2550 ms. Memory: 2479104K Free: 402282K (16%)
#Configuration.check: entity: ptolemy.vergil.actor.lib.VisualModelReference {.configuration.actor library.Actors.HigherOrderActors.VisualModelReference} 2553 ms. Memory: 2479104K Free: 401768K (16%)
#Configuration.check: entity: ptolemy.actor.lib.gui.ArrowKeySensor {.configuration.actor library.Actors.IO.ArrowKeySensor} 2555 ms. Memory: 2479104K Free: 400744K (16%)
#Configuration.check: entity: ptolemy.actor.lib.io.CSVReader {.configuration.actor library.Actors.IO.CSVReader} 2590 ms. Memory: 2479104K Free: 385896K (16%)
#Configuration.check: entity: ptolemy.actor.lib.io.CSVWriter {.configuration.actor library.Actors.IO.CSVWriter} 2592 ms. Memory: 2479104K Free: 385384K (16%)
#Configuration.check: entity: ptolemy.actor.lib.net.DatagramReader {.configuration.actor library.Actors.IO.DatagramReader} 2593 ms. Memory: 2479104K Free: 385384K (16%)
#Configuration.check: entity: ptolemy.actor.lib.net.DatagramWriter {.configuration.actor library.Actors.IO.DatagramWriter} 2598 ms. Memory: 2479104K Free: 385384K (16%)
#Configuration.check: entity: ptolemy.actor.lib.io.DirectoryListing {.configuration.actor library.Actors.IO.DirectoryListing} 2599 ms. Memory: 2479104K Free: 384874K (16%)
#Configuration.check: entity: ptolemy.actor.lib.io.FileReader {.configuration.actor library.Actors.IO.FileReader} 2607 ms. Memory: 2479104K Free: 384874K (16%)
#Configuration.check: entity: ptolemy.actor.lib.net.IPAddress {.configuration.actor library.Actors.IO.IPAddress} 2607 ms. Memory: 2479104K Free: 384360K (16%)
#Configuration.check: entity: ptolemy.actor.lib.FileWriter {.configuration.actor library.Actors.IO.FileWriter} 2608 ms. Memory: 2479104K Free: 384360K (16%)
#Configuration.check: entity: ptolemy.actor.lib.io.LineReader {.configuration.actor library.Actors.IO.LineReader} 2609 ms. Memory: 2479104K Free: 384360K (16%)
#Configuration.check: entity: ptolemy.actor.lib.io.LineWriter {.configuration.actor library.Actors.IO.LineWriter} 2609 ms. Memory: 2479104K Free: 384360K (16%)
#Configuration.check: entity: ptolemy.actor.lib.logic.Comparator {.configuration.actor library.Actors.Logic.Comparator} 2610 ms. Memory: 2479104K Free: 384360K (16%)
#Configuration.check: entity: ptolemy.actor.lib.logic.Equals {.configuration.actor library.Actors.Logic.Equals} 2641 ms. Memory: 2479104K Free: 370538K (15%)
#Configuration.check: entity: ptolemy.actor.lib.logic.IsPresent {.configuration.actor library.Actors.Logic.IsPresent} 2644 ms. Memory: 2479104K Free: 370538K (15%)
#Configuration.check: entity: ptolemy.actor.lib.logic.LogicalNot {.configuration.actor library.Actors.Logic.LogicalNot} 2645 ms. Memory: 2479104K Free: 370538K (15%)
#Configuration.check: entity: ptolemy.actor.lib.logic.LogicGate {.configuration.actor library.Actors.Logic.LogicGate} 2645 ms. Memory: 2479104K Free: 370024K (15%)
#Configuration.check: entity: ptolemy.actor.lib.logic.TrueGate {.configuration.actor library.Actors.Logic.TrueGate} 2647 ms. Memory: 2479104K Free: 369514K (15%)
#Configuration.check: entity: ptolemy.actor.lib.AbsoluteValue {.configuration.actor library.Actors.Math.AbsoluteValue} 2648 ms. Memory: 2479104K Free: 369514K (15%)
#Configuration.check: entity: ptolemy.actor.lib.AddSubtract {.configuration.actor library.Actors.Math.AddSubtract} 2822 ms. Memory: 2479104K Free: 277858K (11%)
#Configuration.check: entity: ptolemy.actor.lib.Accumulator {.configuration.actor library.Actors.Math.Accumulator} 2822 ms. Memory: 2479104K Free: 277858K (11%)
#Configuration.check: entity: ptolemy.actor.lib.Average {.configuration.actor library.Actors.Math.Average} 2823 ms. Memory: 2479104K Free: 277858K (11%)
#Configuration.check: entity: ptolemy.actor.lib.Counter {.configuration.actor library.Actors.Math.Counter} 2825 ms. Memory: 2479104K Free: 277354K (11%)
#Configuration.check: entity: ptolemy.actor.lib.Differential {.configuration.actor library.Actors.Math.Differential} 2825 ms. Memory: 2479104K Free: 276840K (11%)
#Configuration.check: entity: ptolemy.domains.sdf.lib.DotProduct {.configuration.actor library.Actors.Math.DotProduct} 2827 ms. Memory: 2479104K Free: 276330K (11%)
#Configuration.check: entity: ptolemy.actor.lib.Expression {.configuration.actor library.Actors.Math.Expression} 2829 ms. Memory: 2479104K Free: 275816K (11%)
#Configuration.check: entity: ptolemy.actor.lib.Limiter {.configuration.actor library.Actors.Math.Limiter} 2832 ms. Memory: 2479104K Free: 275306K (11%)
#Configuration.check: entity: ptolemy.actor.lib.LookupTable {.configuration.actor library.Actors.Math.LookupTable} 2833 ms. Memory: 2479104K Free: 274792K (11%)
#Configuration.check: entity: ptolemy.actor.lib.Maximum {.configuration.actor library.Actors.Math.Maximum} 2834 ms. Memory: 2479104K Free: 274282K (11%)
#Configuration.check: entity: ptolemy.actor.lib.Minimum {.configuration.actor library.Actors.Math.Minimum} 2835 ms. Memory: 2479104K Free: 274282K (11%)
#Configuration.check: entity: ptolemy.actor.lib.MovingAverage {.configuration.actor library.Actors.Math.MovingAverage} 2835 ms. Memory: 2479104K Free: 273768K (11%)
#Configuration.check: entity: ptolemy.actor.lib.MultiplyDivide {.configuration.actor library.Actors.Math.MultiplyDivide} 2838 ms. Memory: 2479104K Free: 273258K (11%)
#Configuration.check: entity: ptolemy.actor.lib.Quantizer {.configuration.actor library.Actors.Math.Quantizer} 2838 ms. Memory: 2479104K Free: 273258K (11%)
#Configuration.check: entity: ptolemy.actor.lib.Remainder {.configuration.actor library.Actors.Math.Remainder} 2839 ms. Memory: 2479104K Free: 272744K (11%)
#Configuration.check: entity: ptolemy.actor.lib.RunningMaximum {.configuration.actor library.Actors.Math.RunningMaximum} 2840 ms. Memory: 2479104K Free: 272744K (11%)
#Configuration.check: entity: ptolemy.actor.lib.RunningMinimum {.configuration.actor library.Actors.Math.RunningMinimum} 2841 ms. Memory: 2479104K Free: 272234K (11%)
#Configuration.check: entity: ptolemy.actor.lib.Scale {.configuration.actor library.Actors.Math.Scale} 2899 ms. Memory: 2479104K Free: 531454K (21%)
#Configuration.check: entity: ptolemy.actor.lib.TrigFunction {.configuration.actor library.Actors.Math.TrigFunction} 2900 ms. Memory: 2479104K Free: 531454K (21%)
#Configuration.check: entity: ptolemy.actor.lib.UnaryMathFunction {.configuration.actor library.Actors.Math.UnaryMathFunction} 2900 ms. Memory: 2479104K Free: 531454K (21%)
#Configuration.check: entity: ptolemy.actor.lib.ArrayToMatrix {.configuration.actor library.Actors.Matrix.ArrayToMatrix} 2900 ms. Memory: 2479104K Free: 531454K (21%)
#Configuration.check: entity: ptolemy.domains.sdf.lib.MatrixJoin {.configuration.actor library.Actors.Matrix.MatrixJoin} 2932 ms. Memory: 2479104K Free: 512991K (21%)
#Configuration.check: entity: ptolemy.domains.sdf.lib.MatrixSplit {.configuration.actor library.Actors.Matrix.MatrixSplit} 2934 ms. Memory: 2479104K Free: 511998K (21%)
#Configuration.check: entity: ptolemy.actor.lib.MatrixToArray {.configuration.actor library.Actors.Matrix.MatrixToArray} 2937 ms. Memory: 2479104K Free: 511488K (21%)
#Configuration.check: entity: ptolemy.domains.sdf.lib.MatrixToSequence {.configuration.actor library.Actors.Matrix.MatrixToSequence} 2937 ms. Memory: 2479104K Free: 511488K (21%)
#Configuration.check: entity: ptolemy.actor.lib.gui.MatrixViewer {.configuration.actor library.Actors.Matrix.MatrixViewer} 2939 ms. Memory: 2479104K Free: 510959K (21%)
#Configuration.check: entity: ptolemy.domains.sdf.lib.SequenceToMatrix {.configuration.actor library.Actors.Matrix.SequenceToMatrix} 2940 ms. Memory: 2479104K Free: 510959K (21%)
#Configuration.check: entity: ptolemy.actor.lib.SubMatrix {.configuration.actor library.Actors.Matrix.SubMatrix} 2941 ms. Memory: 2479104K Free: 510464K (21%)
#Configuration.check: entity: ptolemy.actor.lib.Bernoulli {.configuration.actor library.Actors.Random.Bernoulli} 2943 ms. Memory: 2479104K Free: 510464K (21%)
#Configuration.check: entity: ptolemy.actor.lib.DiscreteRandomSource {.configuration.actor library.Actors.Random.DiscreteRandomSource} 3071 ms. Memory: 2479104K Free: 469999K (19%)
#Configuration.check: entity: ptolemy.actor.lib.Gaussian {.configuration.actor library.Actors.Random.Gaussian} 3073 ms. Memory: 2479104K Free: 469999K (19%)
#Configuration.check: entity: ptolemy.actor.lib.RandomInteger {.configuration.actor library.Actors.Random.RandomInteger} 3076 ms. Memory: 2479104K Free: 469504K (19%)
#Configuration.check: entity: ptolemy.actor.lib.Rician {.configuration.actor library.Actors.Random.Rician} 3077 ms. Memory: 2479104K Free: 468990K (19%)
#Configuration.check: entity: ptolemy.actor.lib.Triangular {.configuration.actor library.Actors.Random.Triangular} 3078 ms. Memory: 2479104K Free: 468990K (19%)
#Configuration.check: entity: ptolemy.actor.lib.Uniform {.configuration.actor library.Actors.Random.Uniform} 3081 ms. Memory: 2479104K Free: 468480K (19%)
#Configuration.check: entity: ptolemy.actor.lib.colt.ColtBeta {.configuration.actor library.Actors.Random.Colt.ColtBeta} 3084 ms. Memory: 2479104K Free: 467456K (19%)
#Configuration.check: entity: ptolemy.actor.lib.colt.ColtBinomial {.configuration.actor library.Actors.Random.Colt.ColtBinomial} 3314 ms. Memory: 2479104K Free: 435167K (18%)
#Configuration.check: entity: ptolemy.actor.lib.colt.ColtBinomialSelector {.configuration.actor library.Actors.Random.Colt.ColtBinomialSelector} 3326 ms. Memory: 2479104K Free: 434589K (18%)
#Configuration.check: entity: ptolemy.actor.lib.colt.ColtBreitWigner {.configuration.actor library.Actors.Random.Colt.ColtBreitWigner} 3336 ms. Memory: 2479104K Free: 434489K (18%)
#Configuration.check: entity: ptolemy.actor.lib.colt.ColtChiSquare {.configuration.actor library.Actors.Random.Colt.ColtChiSquare} 3339 ms. Memory: 2479104K Free: 433977K (18%)
#Configuration.check: entity: ptolemy.actor.lib.colt.ColtExponential {.configuration.actor library.Actors.Random.Colt.ColtExponential} 3341 ms. Memory: 2479104K Free: 433977K (18%)
#Configuration.check: entity: ptolemy.actor.lib.colt.ColtExponentialPower {.configuration.actor library.Actors.Random.Colt.ColtExponentialPower} 3347 ms. Memory: 2479104K Free: 433664K (17%)
#Configuration.check: entity: ptolemy.actor.lib.colt.ColtGamma {.configuration.actor library.Actors.Random.Colt.ColtGamma} 3351 ms. Memory: 2479104K Free: 433664K (17%)
#Configuration.check: entity: ptolemy.actor.lib.colt.ColtHyperGeometric {.configuration.actor library.Actors.Random.Colt.ColtHyperGeometric} 3356 ms. Memory: 2479104K Free: 433150K (17%)
#Configuration.check: entity: ptolemy.actor.lib.colt.ColtLogarithmic {.configuration.actor library.Actors.Random.Colt.ColtLogarithmic} 3358 ms. Memory: 2479104K Free: 433150K (17%)
#Configuration.check: entity: ptolemy.actor.lib.colt.ColtNegativeBinomial {.configuration.actor library.Actors.Random.Colt.ColtNegativeBinomial} 3360 ms. Memory: 2479104K Free: 432640K (17%)
#Configuration.check: entity: ptolemy.actor.lib.colt.ColtNormal {.configuration.actor library.Actors.Random.Colt.ColtNormal} 3362 ms. Memory: 2479104K Free: 432640K (17%)
#Configuration.check: entity: ptolemy.actor.lib.colt.ColtPoisson {.configuration.actor library.Actors.Random.Colt.ColtPoisson} 3363 ms. Memory: 2479104K Free: 432126K (17%)
#Configuration.check: entity: ptolemy.actor.lib.colt.ColtPoissonSlow {.configuration.actor library.Actors.Random.Colt.ColtPoissonSlow} 3365 ms. Memory: 2479104K Free: 432126K (17%)
#Configuration.check: entity: ptolemy.actor.lib.colt.ColtStudentT {.configuration.actor library.Actors.Random.Colt.ColtStudentT} 3366 ms. Memory: 2479104K Free: 432126K (17%)
#Configuration.check: entity: ptolemy.actor.lib.colt.ColtVonMises {.configuration.actor library.Actors.Random.Colt.ColtVonMises} 3368 ms. Memory: 2479104K Free: 431616K (17%)
#Configuration.check: entity: ptolemy.actor.lib.colt.ColtZeta {.configuration.actor library.Actors.Random.Colt.ColtZeta} 3369 ms. Memory: 2479104K Free: 431616K (17%)
#Configuration.check: entity: ptolemy.actor.lib.DelayStart {.configuration.actor library.Actors.RealTime.DelayStart} 3370 ms. Memory: 2479104K Free: 431616K (17%)
#Configuration.check: entity: ptolemy.actor.lib.ExecutionTime {.configuration.actor library.Actors.RealTime.ExecutionTime} 3380 ms. Memory: 2479104K Free: 427520K (17%)
#Configuration.check: entity: ptolemy.actor.lib.gui.RealTimePlotter {.configuration.actor library.Actors.RealTime.RealTimePlotter} 3380 ms. Memory: 2479104K Free: 427520K (17%)
#Configuration.check: entity: ptolemy.actor.lib.Sleep {.configuration.actor library.Actors.RealTime.Sleep} 3381 ms. Memory: 2479104K Free: 427006K (17%)
#Configuration.check: entity: ptolemy.actor.lib.VariableSleep {.configuration.actor library.Actors.RealTime.VariableSleep} 3382 ms. Memory: 2479104K Free: 427006K (17%)
#Configuration.check: entity: ptolemy.actor.lib.WallClockTime {.configuration.actor library.Actors.RealTime.WallClockTime} 3382 ms. Memory: 2479104K Free: 427006K (17%)
#Configuration.check: entity: ptolemy.actor.lib.javasound.AudioCapture {.configuration.actor library.Actors.SignalProcessing.Audio.AudioCapture} 3382 ms. Memory: 2479104K Free: 427006K (17%)
#Configuration.check: entity: ptolemy.actor.lib.javasound.AudioReader {.configuration.actor library.Actors.SignalProcessing.Audio.AudioReader} 3410 ms. Memory: 2479104K Free: 415232K (17%)
#Configuration.check: entity: ptolemy.actor.lib.javasound.AudioPlayer {.configuration.actor library.Actors.SignalProcessing.Audio.AudioPlayer} 3411 ms. Memory: 2479104K Free: 415232K (17%)
#Configuration.check: entity: ptolemy.actor.lib.javasound.AudioWriter {.configuration.actor library.Actors.SignalProcessing.Audio.AudioWriter} 3412 ms. Memory: 2479104K Free: 414718K (17%)
#Configuration.check: entity: ptolemy.actor.lib.javasound.ClipPlayer {.configuration.actor library.Actors.SignalProcessing.Audio.ClipPlayer} 3414 ms. Memory: 2479104K Free: 414718K (17%)
#Configuration.check: entity: ptolemy.actor.lib.comm.ConvolutionalCoder {.configuration.actor library.Actors.SignalProcessing.communications.ConvolutionalCoder} 3415 ms. Memory: 2479104K Free: 414208K (17%)
#Configuration.check: entity: ptolemy.actor.lib.comm.DeScrambler {.configuration.actor library.Actors.SignalProcessing.communications.DeScrambler} 3454 ms. Memory: 2479104K Free: 396800K (16%)
#Configuration.check: entity: ptolemy.actor.lib.comm.HadamardCode {.configuration.actor library.Actors.SignalProcessing.communications.HadamardCode} 3454 ms. Memory: 2479104K Free: 396800K (16%)
#Configuration.check: entity: ptolemy.actor.lib.comm.HammingCoder {.configuration.actor library.Actors.SignalProcessing.communications.HammingCoder} 3455 ms. Memory: 2479104K Free: 396286K (16%)
#Configuration.check: entity: ptolemy.actor.lib.comm.HammingDecoder {.configuration.actor library.Actors.SignalProcessing.communications.HammingDecoder} 3456 ms. Memory: 2479104K Free: 396286K (16%)
#Configuration.check: entity: ptolemy.actor.lib.comm.HuffmanCoder {.configuration.actor library.Actors.SignalProcessing.communications.HuffmanCoder} 3456 ms. Memory: 2479104K Free: 396286K (16%)
#Configuration.check: entity: ptolemy.actor.lib.comm.HuffmanDecoder {.configuration.actor library.Actors.SignalProcessing.communications.HuffmanDecoder} 3456 ms. Memory: 2479104K Free: 396286K (16%)
#Configuration.check: entity: ptolemy.actor.lib.comm.LempelZivCoder {.configuration.actor library.Actors.SignalProcessing.communications.LempelZivCoder} 3457 ms. Memory: 2479104K Free: 396286K (16%)
#Configuration.check: entity: ptolemy.actor.lib.comm.LempelZivDecoder {.configuration.actor library.Actors.SignalProcessing.communications.LempelZIvDecoder} 3457 ms. Memory: 2479104K Free: 396286K (16%)
#Configuration.check: entity: ptolemy.domains.sdf.lib.LineCoder {.configuration.actor library.Actors.SignalProcessing.communications.LineCoder} 3457 ms. Memory: 2479104K Free: 396286K (16%)
#Configuration.check: entity: ptolemy.domains.sdf.lib.LMSAdaptive {.configuration.actor library.Actors.SignalProcessing.communications.LMSAdaptive} 3458 ms. Memory: 2479104K Free: 395776K (16%)
#Configuration.check: entity: ptolemy.domains.sdf.lib.RaisedCosine {.configuration.actor library.Actors.SignalProcessing.communications.RaisedCosine} 3463 ms. Memory: 2479104K Free: 394752K (16%)
#Configuration.check: entity: ptolemy.actor.lib.comm.Scrambler {.configuration.actor library.Actors.SignalProcessing.communications.Scrambler} 3465 ms. Memory: 2479104K Free: 394207K (16%)
#Configuration.check: entity: ptolemy.actor.lib.comm.Slicer {.configuration.actor library.Actors.SignalProcessing.communications.Slicer} 3465 ms. Memory: 2479104K Free: 394207K (16%)
#Configuration.check: entity: ptolemy.actor.lib.comm.TrellisDecoder {.configuration.actor library.Actors.SignalProcessing.communications.TrellisDecoder} 3466 ms. Memory: 2479104K Free: 394207K (16%)
#Configuration.check: entity: ptolemy.actor.lib.comm.ViterbiDecoder {.configuration.actor library.Actors.SignalProcessing.communications.ViterbiDecoder} 3467 ms. Memory: 2479104K Free: 393728K (16%)
#Configuration.check: entity: ptolemy.domains.sdf.lib.DelayLine {.configuration.actor library.Actors.SignalProcessing.Filtering.DelayLine} 3467 ms. Memory: 2479104K Free: 393728K (16%)
#Configuration.check: entity: ptolemy.domains.sdf.lib.DownSample {.configuration.actor library.Actors.SignalProcessing.Filtering.DownSample} 3611 ms. Memory: 2479104K Free: 325120K (13%)
#Configuration.check: entity: ptolemy.domains.sdf.lib.FIR {.configuration.actor library.Actors.SignalProcessing.Filtering.FIR} 3613 ms. Memory: 2479104K Free: 324606K (13%)
#Configuration.check: entity: ptolemy.actor.lib.GradientAdaptiveLattice {.configuration.actor library.Actors.SignalProcessing.Filtering.GradientAdaptiveLattice} 3616 ms. Memory: 2479104K Free: 323072K (13%)
#Configuration.check: entity: ptolemy.actor.lib.IIR {.configuration.actor library.Actors.SignalProcessing.Filtering.IIR} 3617 ms. Memory: 2479104K Free: 323072K (13%)
#Configuration.check: entity: ptolemy.actor.lib.Lattice {.configuration.actor library.Actors.SignalProcessing.Filtering.Lattice} 3619 ms. Memory: 2479104K Free: 322558K (13%)
#Configuration.check: entity: ptolemy.actor.lib.LinearDifferenceEquationSystem {.configuration.actor library.Actors.SignalProcessing.Filtering.LinearDifferenceEquationSystem} 3619 ms. Memory: 2479104K Free: 322558K (13%)
#Configuration.check: entity: ptolemy.domains.sdf.lib.LMSAdaptive {.configuration.actor library.Actors.SignalProcessing.Filtering.LMSAdaptive} 3620 ms. Memory: 2479104K Free: 322558K (13%)
#Configuration.check: entity: ptolemy.actor.lib.RecursiveLattice {.configuration.actor library.Actors.SignalProcessing.Filtering.RecursiveLattice} 3624 ms. Memory: 2479104K Free: 321024K (13%)
#Configuration.check: entity: ptolemy.domains.sdf.lib.UpSample {.configuration.actor library.Actors.SignalProcessing.Filtering.UpSample} 3624 ms. Memory: 2479104K Free: 321024K (13%)
#Configuration.check: entity: ptolemy.domains.sdf.lib.VariableFIR {.configuration.actor library.Actors.SignalProcessing.Filtering.VariableFIR} 3626 ms. Memory: 2479104K Free: 320495K (13%)
#Configuration.check: entity: ptolemy.domains.sdf.lib.VariableLattice {.configuration.actor library.Actors.SignalProcessing.Filtering.VariableLattice} 3630 ms. Memory: 2479104K Free: 319486K (13%)
#Configuration.check: entity: ptolemy.domains.sdf.lib.VariableRecursiveLattice {.configuration.actor library.Actors.SignalProcessing.Filtering.VariableRecursiveLattice} 3631 ms. Memory: 2479104K Free: 318976K (13%)
#Configuration.check: entity: ptolemy.actor.lib.DB {.configuration.actor library.Actors.SignalProcessing.Spectrum.DB} 3632 ms. Memory: 2479104K Free: 318976K (13%)
#Configuration.check: entity: ptolemy.domains.sdf.lib.FFT {.configuration.actor library.Actors.SignalProcessing.Spectrum.FFT} 3909 ms. Memory: 2479104K Free: 464465K (19%)
#Configuration.check: entity: ptolemy.domains.sdf.lib.IFFT {.configuration.actor library.Actors.SignalProcessing.Spectrum.IFFT} 3911 ms. Memory: 2479104K Free: 463441K (19%)
#Configuration.check: entity: ptolemy.actor.lib.LevinsonDurbin {.configuration.actor library.Actors.SignalProcessing.Spectrum.LevinsonDurbin} 3914 ms. Memory: 2479104K Free: 462931K (19%)
#Configuration.check: entity: ptolemy.actor.lib.PhaseUnwrap {.configuration.actor library.Actors.SignalProcessing.Spectrum.PhaseUnwrap} 3914 ms. Memory: 2479104K Free: 462931K (19%)
#Configuration.check: entity: ptolemy.domains.sdf.lib.Autocorrelation {.configuration.actor library.Actors.SignalProcessing.Statistical.Autocorrelation} 3915 ms. Memory: 2479104K Free: 462931K (19%)
#Configuration.check: entity: ptolemy.actor.lib.ComputeHistogram {.configuration.actor library.Actors.SignalProcessing.Statistical.ComputeHistogram} 3943 ms. Memory: 2479104K Free: 448075K (18%)
#Configuration.check: entity: ptolemy.actor.lib.IIR {.configuration.actor library.Actors.SignalProcessing.Statistical.PowerEstimate.IIR} 3945 ms. Memory: 2479104K Free: 447571K (18%)
#Configuration.check: entity: ptolemy.actor.lib.DB {.configuration.actor library.Actors.SignalProcessing.Statistical.PowerEstimate.DB} 3947 ms. Memory: 2479104K Free: 447057K (18%)
#Configuration.check: entity: ptolemy.actor.lib.Scale {.configuration.actor library.Actors.SignalProcessing.Statistical.PowerEstimate.Scale} 3948 ms. Memory: 2479104K Free: 447057K (18%)
#Configuration.check: entity: ptolemy.actor.lib.MathFunction {.configuration.actor library.Actors.SignalProcessing.Statistical.PowerEstimate.MathFunction} 3948 ms. Memory: 2479104K Free: 447057K (18%)
#Configuration.check: entity: ptolemy.actor.lib.string.StringCompare {.configuration.actor library.Actors.String.StringCompare} 3948 ms. Memory: 2479104K Free: 447057K (18%)
#Configuration.check: entity: ptolemy.actor.lib.string.StringFunction {.configuration.actor library.Actors.String.StringFunction} 4014 ms. Memory: 2479104K Free: 418899K (17%)
#Configuration.check: entity: ptolemy.actor.lib.string.StringIndexOf {.configuration.actor library.Actors.String.StringIndexOf} 4014 ms. Memory: 2479104K Free: 418899K (17%)
#Configuration.check: entity: ptolemy.actor.lib.string.StringLength {.configuration.actor library.Actors.String.StringLength} 4016 ms. Memory: 2479104K Free: 418385K (17%)
#Configuration.check: entity: ptolemy.actor.lib.string.StringMatches {.configuration.actor library.Actors.String.StringMatches} 4017 ms. Memory: 2479104K Free: 417875K (17%)
#Configuration.check: entity: ptolemy.actor.lib.string.StringReplace {.configuration.actor library.Actors.String.StringReplace} 4018 ms. Memory: 2479104K Free: 417875K (17%)
#Configuration.check: entity: ptolemy.actor.lib.string.StringSplit {.configuration.actor library.Actors.String.StringSplit} 4020 ms. Memory: 2479104K Free: 417361K (17%)
#Configuration.check: entity: ptolemy.actor.lib.string.StringSubstring {.configuration.actor library.Actors.String.StringSubstring} 4021 ms. Memory: 2479104K Free: 417361K (17%)
#Configuration.check: entity: ptolemy.actor.lib.DiscreteClock {.configuration.actor library.Actors.DomainSpecific.Continuous.Signal Generators.ContinuousClock.DiscreteClock} 4022 ms. Memory: 2479104K Free: 416851K (17%)
#Configuration.check: entity: ptolemy.domains.continuous.lib.ZeroOrderHold {.configuration.actor library.Actors.DomainSpecific.Continuous.Signal Generators.ContinuousClock.ZeroOrderHold} 4262 ms. Memory: 2479104K Free: 306206K (12%)
#Configuration.check: entity: ptolemy.actor.lib.DiscreteClock {.configuration.actor library.Actors.DomainSpecific.Continuous.Signal Generators.DiscreteClock} 4263 ms. Memory: 2479104K Free: 305602K (12%)
#Configuration.check: entity: ptolemy.actor.lib.SingleEvent {.configuration.actor library.Actors.DomainSpecific.Continuous.Signal Generators.SingleEvent} 4265 ms. Memory: 2479104K Free: 305602K (12%)
#Configuration.check: entity: ptolemy.domains.continuous.lib.Waveform {.configuration.actor library.Actors.DomainSpecific.Continuous.Signal Generators.Waveform} 4265 ms. Memory: 2479104K Free: 305235K (12%)
#Configuration.check: entity: ptolemy.domains.continuous.lib.LevelCrossingDetector {.configuration.actor library.Actors.DomainSpecific.Continuous.Continuous to Discrete.LevelCrossingDetector} 4267 ms. Memory: 2479104K Free: 304721K (12%)
#Configuration.check: entity: ptolemy.domains.continuous.lib.PeriodicSampler {.configuration.actor library.Actors.DomainSpecific.Continuous.Continuous to Discrete.PeriodicSampler} 4268 ms. Memory: 2479104K Free: 304721K (12%)
#Configuration.check: entity: ptolemy.actor.lib.Sampler {.configuration.actor library.Actors.DomainSpecific.Continuous.Continuous to Discrete.Sampler} 4268 ms. Memory: 2479104K Free: 304211K (12%)
#Configuration.check: entity: ptolemy.domains.continuous.lib.ZeroOrderHold {.configuration.actor library.Actors.DomainSpecific.Continuous.Discrete to Continuous.ZeroOrderHold} 4268 ms. Memory: 2479104K Free: 304211K (12%)
#Configuration.check: entity: ptolemy.actor.lib.Scale {.configuration.actor library.Actors.DomainSpecific.Continuous.Dynamics.DCMotor.Scale} 4269 ms. Memory: 2479104K Free: 304211K (12%)
#Configuration.check: entity: ptolemy.actor.lib.AddSubtract {.configuration.actor library.Actors.DomainSpecific.Continuous.Dynamics.DCMotor.AddSubtract} 4269 ms. Memory: 2479104K Free: 304211K (12%)
#Configuration.check: entity: ptolemy.actor.lib.Scale {.configuration.actor library.Actors.DomainSpecific.Continuous.Dynamics.DCMotor.Scale2} 4269 ms. Memory: 2479104K Free: 304211K (12%)
#Configuration.check: entity: ptolemy.actor.lib.AddSubtract {.configuration.actor library.Actors.DomainSpecific.Continuous.Dynamics.DCMotor.AddSubtract2} 4269 ms. Memory: 2479104K Free: 304211K (12%)
#Configuration.check: entity: ptolemy.domains.continuous.lib.Integrator {.configuration.actor library.Actors.DomainSpecific.Continuous.Dynamics.DCMotor.Integrator} 4270 ms. Memory: 2479104K Free: 304211K (12%)
#Configuration.check: entity: ptolemy.actor.lib.Scale {.configuration.actor library.Actors.DomainSpecific.Continuous.Dynamics.DCMotor.Scale3} 4271 ms. Memory: 2479104K Free: 303697K (12%)
#Configuration.check: entity: ptolemy.actor.lib.Scale {.configuration.actor library.Actors.DomainSpecific.Continuous.Dynamics.DCMotor.Scale4} 4271 ms. Memory: 2479104K Free: 303697K (12%)
#Configuration.check: entity: ptolemy.actor.lib.Scale {.configuration.actor library.Actors.DomainSpecific.Continuous.Dynamics.DCMotor.Scale5} 4271 ms. Memory: 2479104K Free: 303697K (12%)
#Configuration.check: entity: ptolemy.domains.continuous.lib.Integrator {.configuration.actor library.Actors.DomainSpecific.Continuous.Dynamics.DCMotor.Integrator2} 4272 ms. Memory: 2479104K Free: 303697K (12%)
#Configuration.check: entity: ptolemy.actor.lib.Default {.configuration.actor library.Actors.DomainSpecific.Continuous.Dynamics.DCMotor.Default} 4272 ms. Memory: 2479104K Free: 303697K (12%)
#Configuration.check: entity: ptolemy.actor.lib.Const {.configuration.actor library.Actors.DomainSpecific.Continuous.Dynamics.DCMotor.Const} 4274 ms. Memory: 2479104K Free: 303187K (12%)
#Configuration.check: entity: ptolemy.domains.continuous.lib.Derivative {.configuration.actor library.Actors.DomainSpecific.Continuous.Dynamics.Derivative} 4274 ms. Memory: 2479104K Free: 303187K (12%)
#Configuration.check: entity: ptolemy.domains.continuous.lib.Integrator {.configuration.actor library.Actors.DomainSpecific.Continuous.Dynamics.Integrator} 4274 ms. Memory: 2479104K Free: 302673K (12%)
#Configuration.check: entity: ptolemy.domains.continuous.lib.BandlimitedNoise {.configuration.actor library.Actors.DomainSpecific.Continuous.Random.BandlimitedNoise} 4275 ms. Memory: 2479104K Free: 302673K (12%)
#Configuration.check: entity: ptolemy.domains.continuous.lib.Noise {.configuration.actor library.Actors.DomainSpecific.Continuous.Random.Noise} 4278 ms. Memory: 2479104K Free: 302163K (12%)
#Configuration.check: entity: ptolemy.actor.lib.MicrostepDelay {.configuration.actor library.Actors.DomainSpecific.Continuous.Miscellaneous.MicrostepDelay} 4280 ms. Memory: 2479104K Free: 301139K (12%)
#Configuration.check: entity: ptolemy.actor.lib.ResettableTimer {.configuration.actor library.Actors.DomainSpecific.Continuous.Miscellaneous.ResettableTimer} 4280 ms. Memory: 2479104K Free: 301139K (12%)
#Configuration.check: entity: ptolemy.domains.continuous.lib.ContinuousMerge {.configuration.actor library.Actors.DomainSpecific.Continuous.Miscellaneous.ContinuousMerge} 4281 ms. Memory: 2479104K Free: 300625K (12%)
#Configuration.check: entity: ptolemy.domains.ddf.lib.DDFSingleTokenCommutator {.configuration.actor library.Actors.DomainSpecific.DynamicDataFlow.DDFSingleTokenCommutator} 4282 ms. Memory: 2479104K Free: 300625K (12%)
#Configuration.check: entity: ptolemy.actor.lib.CurrentDate {.configuration.actor library.Actors.DomainSpecific.DiscreteEvent.Date.CurrentDate} 4283 ms. Memory: 2479104K Free: 300115K (12%)
#Configuration.check: entity: ptolemy.actor.lib.DateElements {.configuration.actor library.Actors.DomainSpecific.DiscreteEvent.Date.DateElements} 4663 ms. Memory: 2479104K Free: 408364K (16%)
#Configuration.check: entity: ptolemy.actor.lib.DateConstructor {.configuration.actor library.Actors.DomainSpecific.DiscreteEvent.Date.DateConstructor} 4665 ms. Memory: 2479104K Free: 407340K (16%)
#Configuration.check: entity: ptolemy.domains.de.lib.DateToEvent {.configuration.actor library.Actors.DomainSpecific.DiscreteEvent.Date.DateToEvent} 4670 ms. Memory: 2479104K Free: 406316K (16%)
#Configuration.check: entity: ptolemy.domains.de.lib.DateToModelTime {.configuration.actor library.Actors.DomainSpecific.DiscreteEvent.Date.DateToModelTime} 4672 ms. Memory: 2479104K Free: 405292K (16%)
#Configuration.check: entity: ptolemy.domains.de.lib.EventToDate {.configuration.actor library.Actors.DomainSpecific.DiscreteEvent.Date.EventToDate} 4675 ms. Memory: 2479104K Free: 404268K (16%)
#Configuration.check: entity: ptolemy.actor.lib.ModifyDate {.configuration.actor library.Actors.DomainSpecific.DiscreteEvent.Date.ModifyDate} 4678 ms. Memory: 2479104K Free: 403758K (16%)
#Configuration.check: entity: ptolemy.actor.lib.conversions.StringToDate {.configuration.actor library.Actors.DomainSpecific.DiscreteEvent.Date.StringToDate} 4680 ms. Memory: 2479104K Free: 402734K (16%)
#Configuration.check: entity: ptolemy.domains.de.lib.AverageOverTime {.configuration.actor library.Actors.DomainSpecific.DiscreteEvent.AverageOverTime} 4680 ms. Memory: 2479104K Free: 402734K (16%)
#Configuration.check: entity: ptolemy.domains.de.lib.Derivative {.configuration.actor library.Actors.DomainSpecific.DiscreteEvent.Derivative} 4681 ms. Memory: 2479104K Free: 402734K (16%)
#Configuration.check: entity: ptolemy.actor.lib.gui.EventButton {.configuration.actor library.Actors.DomainSpecific.DiscreteEvent.EventButton} 4682 ms. Memory: 2479104K Free: 402734K (16%)
#Configuration.check: entity: ptolemy.domains.de.lib.EventFilter {.configuration.actor library.Actors.DomainSpecific.DiscreteEvent.EventFilter} 4683 ms. Memory: 2479104K Free: 402220K (16%)
#Configuration.check: entity: ptolemy.domains.de.lib.Inhibit {.configuration.actor library.Actors.DomainSpecific.DiscreteEvent.Inhibit} 4684 ms. Memory: 2479104K Free: 401710K (16%)
#Configuration.check: entity: ptolemy.domains.de.lib.Integrator {.configuration.actor library.Actors.DomainSpecific.DiscreteEvent.Integrator} 4684 ms. Memory: 2479104K Free: 401710K (16%)
#Configuration.check: entity: ptolemy.domains.de.lib.Merge {.configuration.actor library.Actors.DomainSpecific.DiscreteEvent.Merge} 4685 ms. Memory: 2479104K Free: 401710K (16%)
#Configuration.check: entity: ptolemy.actor.lib.MicrostepDelay {.configuration.actor library.Actors.DomainSpecific.DiscreteEvent.MicrostepDelay} 4685 ms. Memory: 2479104K Free: 401710K (16%)
#Configuration.check: entity: ptolemy.domains.de.lib.MostRecent {.configuration.actor library.Actors.DomainSpecific.DiscreteEvent.MostRecent} 4685 ms. Memory: 2479104K Free: 401710K (16%)
#Configuration.check: entity: ptolemy.domains.de.lib.PID {.configuration.actor library.Actors.DomainSpecific.DiscreteEvent.PID} 4686 ms. Memory: 2479104K Free: 401710K (16%)
#Configuration.check: entity: ptolemy.domains.de.lib.Previous {.configuration.actor library.Actors.DomainSpecific.DiscreteEvent.Previous} 4686 ms. Memory: 2479104K Free: 401196K (16%)
#Configuration.check: entity: ptolemy.domains.de.lib.Queue {.configuration.actor library.Actors.DomainSpecific.DiscreteEvent.Queue} 4687 ms. Memory: 2479104K Free: 401196K (16%)
#Configuration.check: entity: ptolemy.domains.de.lib.Register {.configuration.actor library.Actors.DomainSpecific.DiscreteEvent.Register} 4688 ms. Memory: 2479104K Free: 400686K (16%)
#Configuration.check: entity: ptolemy.actor.lib.ResettableTimer {.configuration.actor library.Actors.DomainSpecific.DiscreteEvent.ResettableTimer} 4688 ms. Memory: 2479104K Free: 400686K (16%)
#Configuration.check: entity: ptolemy.domains.de.lib.Server {.configuration.actor library.Actors.DomainSpecific.DiscreteEvent.Server} 4690 ms. Memory: 2479104K Free: 400686K (16%)
#Configuration.check: entity: ptolemy.domains.de.lib.SharedQueue {.configuration.actor library.Actors.DomainSpecific.DiscreteEvent.SharedQueue} 4692 ms. Memory: 2479104K Free: 400172K (16%)
#Configuration.check: entity: ptolemy.actor.lib.SingleEvent {.configuration.actor library.Actors.DomainSpecific.DiscreteEvent.SingleEvent} 4693 ms. Memory: 2479104K Free: 399662K (16%)
#Configuration.check: entity: ptolemy.domains.de.lib.TimeCompare {.configuration.actor library.Actors.DomainSpecific.DiscreteEvent.TimeCompare} 4694 ms. Memory: 2479104K Free: 399662K (16%)
#Configuration.check: entity: ptolemy.actor.lib.TimeDelay {.configuration.actor library.Actors.DomainSpecific.DiscreteEvent.TimeDelay} 4694 ms. Memory: 2479104K Free: 399148K (16%)
#Configuration.check: entity: ptolemy.domains.de.lib.TimeGap {.configuration.actor library.Actors.DomainSpecific.DiscreteEvent.TimeGap} 4695 ms. Memory: 2479104K Free: 399148K (16%)
#Configuration.check: entity: ptolemy.domains.de.lib.WaitingTime {.configuration.actor library.Actors.DomainSpecific.DiscreteEvent.WaitingTime} 4697 ms. Memory: 2479104K Free: 398638K (16%)
#Configuration.check: entity: ptolemy.actor.lib.OrderedMerge {.configuration.actor library.Actors.DomainSpecific.ProcessNetworks.OrderedMerge} 4701 ms. Memory: 2479104K Free: 398124K (16%)
#Configuration.check: entity: ptolemy.actor.lib.Sequencer {.configuration.actor library.Actors.DomainSpecific.ProcessNetworks.Sequencer} 4733 ms. Memory: 2479104K Free: 386350K (16%)
#Configuration.check: entity: ptolemy.domains.pn.lib.Starver {.configuration.actor library.Actors.DomainSpecific.ProcessNetworks.Starver} 4734 ms. Memory: 2479104K Free: 385836K (16%)
#Configuration.check: entity: ptolemy.actor.lib.Stop {.configuration.actor library.Actors.DomainSpecific.ProcessNetworks.Stop} 4736 ms. Memory: 2479104K Free: 385326K (16%)
#Configuration.check: entity: ptolemy.actor.lib.Synchronizer {.configuration.actor library.Actors.DomainSpecific.ProcessNetworks.Synchronizer} 4736 ms. Memory: 2479104K Free: 385326K (16%)
#Configuration.check: entity: ptolemy.domains.rendezvous.lib.Barrier {.configuration.actor library.Actors.DomainSpecific.Rendezvous.Barrier} 4736 ms. Memory: 2479104K Free: 385326K (16%)
#Configuration.check: entity: ptolemy.domains.rendezvous.lib.Buffer {.configuration.actor library.Actors.DomainSpecific.Rendezvous.Buffer} 4777 ms. Memory: 2479104K Free: 368397K (15%)
#Configuration.check: entity: ptolemy.domains.rendezvous.lib.Merge {.configuration.actor library.Actors.DomainSpecific.Rendezvous.Merge} 4778 ms. Memory: 2479104K Free: 367918K (15%)
#Configuration.check: entity: ptolemy.domains.rendezvous.lib.ResourcePool {.configuration.actor library.Actors.DomainSpecific.Rendezvous.ResourcePool} 4778 ms. Memory: 2479104K Free: 367918K (15%)
#Configuration.check: entity: ptolemy.domains.sr.lib.Absent {.configuration.actor library.Actors.DomainSpecific.SynchronousReactive.Absent} 4779 ms. Memory: 2479104K Free: 367918K (15%)
#Configuration.check: entity: ptolemy.domains.sr.lib.Current {.configuration.actor library.Actors.DomainSpecific.SynchronousReactive.Current} 4958 ms. Memory: 2479104K Free: 297262K (12%)
#Configuration.check: entity: ptolemy.actor.lib.Default {.configuration.actor library.Actors.DomainSpecific.SynchronousReactive.Default} 4959 ms. Memory: 2479104K Free: 297262K (12%)
#Configuration.check: entity: ptolemy.domains.sr.lib.InstantaneousDialogGenerator {.configuration.actor library.Actors.DomainSpecific.SynchronousReactive.InstantaneousDialogGenerator} 4961 ms. Memory: 2479104K Free: 296748K (12%)
#Configuration.check: entity: ptolemy.actor.lib.logic.IsPresent {.configuration.actor library.Actors.DomainSpecific.SynchronousReactive.IsPresent} 4961 ms. Memory: 2479104K Free: 296748K (12%)
#Configuration.check: entity: ptolemy.domains.sr.lib.NonStrictDelay {.configuration.actor library.Actors.DomainSpecific.SynchronousReactive.NonStrictDelay} 4961 ms. Memory: 2479104K Free: 296748K (12%)
#Configuration.check: entity: ptolemy.domains.sr.lib.gui.NonStrictDisplay {.configuration.actor library.Actors.DomainSpecific.SynchronousReactive.NonStrictDisplay} 4962 ms. Memory: 2479104K Free: 296748K (12%)
#Configuration.check: entity: ptolemy.domains.sr.lib.BinaryNonStrictLogicGate {.configuration.actor library.Actors.DomainSpecific.SynchronousReactive.BinaryNonStrictLogicGate} 4962 ms. Memory: 2479104K Free: 296748K (12%)
#Configuration.check: entity: ptolemy.domains.sr.lib.NonStrictLogicGate {.configuration.actor library.Actors.DomainSpecific.SynchronousReactive.NonStrictLogicGate} 4964 ms. Memory: 2479104K Free: 295724K (12%)
#Configuration.check: entity: ptolemy.domains.sr.lib.NonStrictAndGate {.configuration.actor library.Actors.DomainSpecific.SynchronousReactive.NonStrictAndGate} 4966 ms. Memory: 2479104K Free: 295214K (12%)
#Configuration.check: entity: ptolemy.domains.sr.lib.NonStrictOrGate {.configuration.actor library.Actors.DomainSpecific.SynchronousReactive.NonStrictOrGate} 4969 ms. Memory: 2479104K Free: 294700K (12%)
#Configuration.check: entity: ptolemy.domains.sr.lib.NonStrictXorGate {.configuration.actor library.Actors.DomainSpecific.SynchronousReactive.NonStrictXorGate} 4971 ms. Memory: 2479104K Free: 294190K (12%)
#Configuration.check: entity: ptolemy.domains.sr.lib.NonStrictThreeBitAdder {.configuration.actor library.Actors.DomainSpecific.SynchronousReactive.NonStrictThreeBitAdder} 4973 ms. Memory: 2479104K Free: 293166K (12%)
#Configuration.check: entity: ptolemy.domains.sr.lib.Pre {.configuration.actor library.Actors.DomainSpecific.SynchronousReactive.Pre} 4974 ms. Memory: 2479104K Free: 293166K (12%)
#Configuration.check: entity: ptolemy.domains.sr.lib.SingleTokenDistributor {.configuration.actor library.Actors.DomainSpecific.SynchronousReactive.SingleTokenDistributor} 4974 ms. Memory: 2479104K Free: 293166K (12%)
#Configuration.check: entity: ptolemy.domains.sr.lib.When {.configuration.actor library.Actors.DomainSpecific.SynchronousReactive.When} 4974 ms. Memory: 2479104K Free: 293166K (12%)
#Configuration.check: entity: ptolemy.actor.lib.logic.TrueGate {.configuration.actor library.Actors.DomainSpecific.SynchronousReactive.TrueGate} 4975 ms. Memory: 2479104K Free: 292652K (12%)
#Configuration.check: entity: org.terraswarm.accessor.JSAccessor {.configuration.actor library.MoreLibraries.Accessors.adapters.Adapter} 4976 ms. Memory: 2479104K Free: 292652K (12%)
#Retrieving library from file:/home/travis/build/icyphy/ptII/org/terraswarm/accessor/accessors/web/index.json
Retrieving library from file:/home/travis/build/icyphy/ptII/org/terraswarm/accessor/accessors/web/adapters/index.json
Configuration.check: entity: org.terraswarm.accessor.JSAccessor {.configuration.actor library.MoreLibraries.Accessors.adapters.CelsiusToFahrenheit} 14449 ms. Memory: 2479104K Free: 289278K (12%)
#Configuration.check: entity: org.terraswarm.accessor.JSAccessor {.configuration.actor library.MoreLibraries.Accessors.adapters.Identity} 14455 ms. Memory: 2479104K Free: 288254K (12%)
#Configuration.check: entity: org.terraswarm.accessor.JSAccessor {.configuration.actor library.MoreLibraries.Accessors.adapters.KelvinToFahrenheit} 14458 ms. Memory: 2479104K Free: 287744K (12%)
#Configuration.check: entity: org.terraswarm.accessor.JSAccessor {.configuration.actor library.MoreLibraries.Accessors.audio.AudioCapture} 14462 ms. Memory: 2479104K Free: 286720K (12%)
#Retrieving library from file:/home/travis/build/icyphy/ptII/org/terraswarm/accessor/accessors/web/audio/index.json
Configuration.check: entity: org.terraswarm.accessor.JSAccessor {.configuration.actor library.MoreLibraries.Accessors.audio.AudioPlayer} 22114 ms. Memory: 2479104K Free: 396288K (16%)
#Configuration.check: entity: org.terraswarm.accessor.JSAccessor {.configuration.actor library.MoreLibraries.Accessors.audio.ClipPlayer} 22118 ms. Memory: 2479104K Free: 395264K (16%)
#Configuration.check: entity: org.terraswarm.accessor.JSAccessor {.configuration.actor library.MoreLibraries.Accessors.cameras.Camera} 22123 ms. Memory: 2479104K Free: 393726K (16%)
#Retrieving library from file:/home/travis/build/icyphy/ptII/org/terraswarm/accessor/accessors/web/cameras/index.json
Configuration.check: entity: org.terraswarm.accessor.JSAccessor {.configuration.actor library.MoreLibraries.Accessors.cameras.Foscam} 27233 ms. Memory: 2479104K Free: 328734K (13%)
#Configuration.check: entity: org.terraswarm.accessor.JSAccessor {.configuration.actor library.MoreLibraries.Accessors.dashboard.GraphComponent} 27238 ms. Memory: 2479104K Free: 326686K (13%)
#Retrieving library from file:/home/travis/build/icyphy/ptII/org/terraswarm/accessor/accessors/web/dashboard/index.json
Configuration.check: entity: org.terraswarm.accessor.JSAccessor {.configuration.actor library.MoreLibraries.Accessors.dashboard.OdometerComponent} 49284 ms. Memory: 2479104K Free: 155136K (6%)
#Configuration.check: entity: org.terraswarm.accessor.JSAccessor {.configuration.actor library.MoreLibraries.Accessors.dashboard.ParkingComponent} 49303 ms. Memory: 2479104K Free: 154112K (6%)
#Configuration.check: entity: org.terraswarm.accessor.JSAccessor {.configuration.actor library.MoreLibraries.Accessors.dashboard.RestaurantComponent} 49307 ms. Memory: 2479104K Free: 153088K (6%)
#Configuration.check: entity: org.terraswarm.accessor.JSAccessor {.configuration.actor library.MoreLibraries.Accessors.dashboard.RoutingWebSocketServer} 49319 ms. Memory: 2479104K Free: 152064K (6%)
#Configuration.check: entity: org.terraswarm.accessor.JSAccessor {.configuration.actor library.MoreLibraries.Accessors.dashboard.SpeedometerComponent} 49330 ms. Memory: 2479104K Free: 151040K (6%)
#Configuration.check: entity: org.terraswarm.accessor.JSAccessor {.configuration.actor library.MoreLibraries.Accessors.dashboard.UIComponent} 49340 ms. Memory: 2479104K Free: 150014K (6%)
#Configuration.check: entity: org.terraswarm.accessor.JSAccessor {.configuration.actor library.MoreLibraries.Accessors.dashboard.VideoComponent} 49345 ms. Memory: 2479104K Free: 148992K (6%)
#Configuration.check: entity: org.terraswarm.accessor.JSAccessor {.configuration.actor library.MoreLibraries.Accessors.devices.AdsB} 49348 ms. Memory: 2479104K Free: 147968K (6%)
#Retrieving library from file:/home/travis/build/icyphy/ptII/org/terraswarm/accessor/accessors/web/devices/index.json
Configuration.check: entity: org.terraswarm.accessor.JSAccessor {.configuration.actor library.MoreLibraries.Accessors.devices.Hue} 68959 ms. Memory: 2479104K Free: 382976K (15%)
#Configuration.check: entity: org.terraswarm.accessor.JSAccessor {.configuration.actor library.MoreLibraries.Accessors.devices.Moto360SensorListener} 68963 ms. Memory: 2479104K Free: 381952K (15%)
#Configuration.check: entity: org.terraswarm.accessor.JSAccessor {.configuration.actor library.MoreLibraries.Accessors.devices.DrDose} 68966 ms. Memory: 2479104K Free: 380414K (15%)
#Configuration.check: entity: org.terraswarm.accessor.JSAccessor {.configuration.actor library.MoreLibraries.Accessors.devices.PhSensor} 68970 ms. Memory: 2479104K Free: 378880K (15%)
#Configuration.check: entity: org.terraswarm.accessor.JSAccessor {.configuration.actor library.MoreLibraries.Accessors.devices.EcSensor} 68975 ms. Memory: 2479104K Free: 377342K (15%)
#Configuration.check: entity: org.terraswarm.accessor.JSAccessor {.configuration.actor library.MoreLibraries.Accessors.devices.Lifx} 68979 ms. Memory: 2479104K Free: 375808K (15%)
#Configuration.check: entity: org.terraswarm.accessor.JSAccessor {.configuration.actor library.MoreLibraries.Accessors.image.AprilTags} 68983 ms. Memory: 2479104K Free: 374784K (15%)
#Retrieving library from file:/home/travis/build/icyphy/ptII/org/terraswarm/accessor/accessors/web/image/index.json
CharacterRecognition: The tesseract module was not present.  The CharacterRecognition accessor is not supported on this accessor host. (Thread[main,5,main])
CharacterRecognition: The tesseract module was not present.  The CharacterRecognition accessor is not supported on this accessor host. (Thread[main,5,main])
Configuration.check: entity: org.terraswarm.accessor.JSAccessor {.configuration.actor library.MoreLibraries.Accessors.image.CharacterRecognition} 86811 ms. Memory: 2479104K Free: 353792K (14%)
#Configuration.check: entity: org.terraswarm.accessor.JSAccessor {.configuration.actor library.MoreLibraries.Accessors.image.ComputerVision} 86814 ms. Memory: 2479104K Free: 352254K (14%)
#Configuration.check: entity: org.terraswarm.accessor.JSAccessor {.configuration.actor library.MoreLibraries.Accessors.image.FaceDetector} 86817 ms. Memory: 2479104K Free: 351215K (14%)
#Configuration.check: entity: org.terraswarm.accessor.JSAccessor {.configuration.actor library.MoreLibraries.Accessors.image.ImageAnnotate} 86819 ms. Memory: 2479104K Free: 350206K (14%)
#Configuration.check: entity: org.terraswarm.accessor.JSAccessor {.configuration.actor library.MoreLibraries.Accessors.image.ImageDisplay} 86822 ms. Memory: 2479104K Free: 348672K (14%)
#Configuration.check: entity: org.terraswarm.accessor.JSAccessor {.configuration.actor library.MoreLibraries.Accessors.image.ImageFilter} 86824 ms. Memory: 2479104K Free: 347648K (14%)
#Configuration.check: entity: org.terraswarm.accessor.JSAccessor {.configuration.actor library.MoreLibraries.Accessors.image.MotionDetector} 86826 ms. Memory: 2479104K Free: 346110K (14%)
#Configuration.check: entity: org.terraswarm.accessor.JSAccessor {.configuration.actor library.MoreLibraries.Accessors.net.Discovery} 86830 ms. Memory: 2479104K Free: 344576K (14%)
#Retrieving library from file:/home/travis/build/icyphy/ptII/org/terraswarm/accessor/accessors/web/net/index.json
Configuration.check: entity: org.terraswarm.accessor.JSAccessor {.configuration.actor library.MoreLibraries.Accessors.net.IPAddress} 141354 ms. Memory: 2479104K Free: 375306K (15%)
#Configuration.check: entity: org.terraswarm.accessor.JSAccessor {.configuration.actor library.MoreLibraries.Accessors.net.KeyValueStore} 141357 ms. Memory: 2479104K Free: 374282K (15%)
#Configuration.check: entity: org.terraswarm.accessor.JSAccessor {.configuration.actor library.MoreLibraries.Accessors.net.MQTTPublisher} 141360 ms. Memory: 2479104K Free: 373258K (15%)
#Configuration.check: entity: org.terraswarm.accessor.JSAccessor {.configuration.actor library.MoreLibraries.Accessors.net.MQTTSubscriber} 141362 ms. Memory: 2479104K Free: 372234K (15%)
#Configuration.check: entity: org.terraswarm.accessor.JSAccessor {.configuration.actor library.MoreLibraries.Accessors.net.REST} 141365 ms. Memory: 2479104K Free: 370696K (15%)
#Configuration.check: entity: org.terraswarm.accessor.JSAccessor {.configuration.actor library.MoreLibraries.Accessors.net.SecureCommClient} 141368 ms. Memory: 2479104K Free: 368648K (15%)
#Configuration.check: entity: org.terraswarm.accessor.JSAccessor {.configuration.actor library.MoreLibraries.Accessors.net.SecureCommServer} 141371 ms. Memory: 2479104K Free: 367114K (15%)
#Configuration.check: entity: org.terraswarm.accessor.JSAccessor {.configuration.actor library.MoreLibraries.Accessors.net.SecurePublisher} 141375 ms. Memory: 2479104K Free: 365576K (15%)
#Configuration.check: entity: org.terraswarm.accessor.JSAccessor {.configuration.actor library.MoreLibraries.Accessors.net.SecureSubscriber} 141380 ms. Memory: 2479104K Free: 364042K (15%)
#Configuration.check: entity: org.terraswarm.accessor.JSAccessor {.configuration.actor library.MoreLibraries.Accessors.net.SerialPort} 141386 ms. Memory: 2479104K Free: 362490K (15%)
#Configuration.check: entity: org.terraswarm.accessor.JSAccessor {.configuration.actor library.MoreLibraries.Accessors.net.TCPSocketClient} 141390 ms. Memory: 2479104K Free: 361466K (15%)
#Configuration.check: entity: org.terraswarm.accessor.JSAccessor {.configuration.actor library.MoreLibraries.Accessors.net.TCPSocketServer} 141395 ms. Memory: 2479104K Free: 359946K (15%)
#Configuration.check: entity: org.terraswarm.accessor.JSAccessor {.configuration.actor library.MoreLibraries.Accessors.net.UDPSocketListener} 141399 ms. Memory: 2479104K Free: 358408K (14%)
#Configuration.check: entity: org.terraswarm.accessor.JSAccessor {.configuration.actor library.MoreLibraries.Accessors.net.UDPSocketSender} 141402 ms. Memory: 2479104K Free: 357370K (14%)
#Configuration.check: entity: org.terraswarm.accessor.JSAccessor {.configuration.actor library.MoreLibraries.Accessors.net.VertxPublish} 141405 ms. Memory: 2479104K Free: 356354K (14%)
#Configuration.check: entity: org.terraswarm.accessor.JSAccessor {.configuration.actor library.MoreLibraries.Accessors.net.VertxSubscribe} 141408 ms. Memory: 2479104K Free: 355336K (14%)
#Configuration.check: entity: org.terraswarm.accessor.JSAccessor {.configuration.actor library.MoreLibraries.Accessors.net.WebServer} 141414 ms. Memory: 2479104K Free: 354298K (14%)
#Configuration.check: entity: org.terraswarm.accessor.JSAccessor {.configuration.actor library.MoreLibraries.Accessors.net.WebSocketClient} 141417 ms. Memory: 2479104K Free: 353258K (14%)
#Configuration.check: entity: org.terraswarm.accessor.JSAccessor {.configuration.actor library.MoreLibraries.Accessors.net.WebSocketServer} 141421 ms. Memory: 2479104K Free: 351754K (14%)
#Configuration.check: entity: org.terraswarm.accessor.JSAccessor {.configuration.actor library.MoreLibraries.Accessors.net.XBee} 141424 ms. Memory: 2479104K Free: 350730K (14%)
#Configuration.check: entity: org.terraswarm.accessor.JSAccessor {.configuration.actor library.MoreLibraries.Accessors.robotics.RosNavigationPose} 141427 ms. Memory: 2479104K Free: 349706K (14%)
#Retrieving library from file:/home/travis/build/icyphy/ptII/org/terraswarm/accessor/accessors/web/robotics/index.json
Configuration.check: entity: org.terraswarm.accessor.JSAccessor {.configuration.actor library.MoreLibraries.Accessors.robotics.RosPublisher} 160221 ms. Memory: 2479104K Free: 253569K (10%)
#Configuration.check: entity: org.terraswarm.accessor.JSAccessor {.configuration.actor library.MoreLibraries.Accessors.robotics.RosSubscriber} 160227 ms. Memory: 2479104K Free: 252031K (10%)
#Configuration.check: entity: org.terraswarm.accessor.JSAccessor {.configuration.actor library.MoreLibraries.Accessors.robotics.LocationRosPublisher} 160233 ms. Memory: 2479104K Free: 249983K (10%)
#Configuration.check: entity: org.terraswarm.accessor.JSAccessor {.configuration.actor library.MoreLibraries.Accessors.robotics.Scarab} 160238 ms. Memory: 2479104K Free: 248449K (10%)
#Configuration.check: entity: org.terraswarm.accessor.JSAccessor {.configuration.actor library.MoreLibraries.Accessors.robotics.DroneLocation} 160242 ms. Memory: 2479104K Free: 247425K (10%)
#Configuration.check: entity: org.terraswarm.accessor.JSAccessor {.configuration.actor library.MoreLibraries.Accessors.robotics.Global2LatLonAlt} 160246 ms. Memory: 2479104K Free: 246401K (10%)
#Configuration.check: entity: org.terraswarm.accessor.JSAccessor {.configuration.actor library.MoreLibraries.Accessors.geodesy.Lla2Ecef} 160249 ms. Memory: 2479104K Free: 245377K (10%)
#Retrieving library from file:/home/travis/build/icyphy/ptII/org/terraswarm/accessor/accessors/web/geodesy/index.json
Configuration.check: entity: org.terraswarm.accessor.JSAccessor {.configuration.actor library.MoreLibraries.Accessors.geodesy.LlaDist} 169348 ms. Memory: 2479104K Free: 314880K (13%)
#Configuration.check: entity: org.terraswarm.accessor.JSAccessor {.configuration.actor library.MoreLibraries.Accessors.geodesy.EuclideanDist} 169352 ms. Memory: 2479104K Free: 313856K (13%)
#Configuration.check: entity: org.terraswarm.accessor.JSAccessor {.configuration.actor library.MoreLibraries.Accessors.services.FINDLocation} 169355 ms. Memory: 2479104K Free: 312318K (13%)
#Retrieving library from file:/home/travis/build/icyphy/ptII/org/terraswarm/accessor/accessors/web/services/index.json
Configuration.check: entity: org.terraswarm.accessor.JSAccessor {.configuration.actor library.MoreLibraries.Accessors.services.FINDTracker} 217833 ms. Memory: 2538496K Free: 348970K (14%)
#Configuration.check: entity: org.terraswarm.accessor.JSAccessor {.configuration.actor library.MoreLibraries.Accessors.services.GeoCoder} 217837 ms. Memory: 2538496K Free: 346412K (14%)
#Configuration.check: entity: org.terraswarm.accessor.JSAccessor {.configuration.actor library.MoreLibraries.Accessors.services.GeoLocation} 217840 ms. Memory: 2538496K Free: 344874K (14%)
#Configuration.check: entity: org.terraswarm.accessor.JSAccessor {.configuration.actor library.MoreLibraries.Accessors.services.Heartbeat} 217842 ms. Memory: 2538496K Free: 343850K (14%)
#Configuration.check: entity: org.terraswarm.accessor.JSAccessor {.configuration.actor library.MoreLibraries.Accessors.services.HostCompatibility} 217844 ms. Memory: 2538496K Free: 343340K (14%)
#Configuration.check: entity: org.terraswarm.accessor.JSAccessor {.configuration.actor library.MoreLibraries.Accessors.services.NaturalLanguage} 217847 ms. Memory: 2538496K Free: 341292K (13%)
#Configuration.check: entity: org.terraswarm.accessor.JSAccessor {.configuration.actor library.MoreLibraries.Accessors.services.RedPinLocation} 217849 ms. Memory: 2538496K Free: 340268K (13%)
#Configuration.check: entity: org.terraswarm.accessor.JSAccessor {.configuration.actor library.MoreLibraries.Accessors.services.ReverseGeoCoder} 217852 ms. Memory: 2538496K Free: 338730K (13%)
#Configuration.check: entity: org.terraswarm.accessor.JSAccessor {.configuration.actor library.MoreLibraries.Accessors.services.SemanticRepositoryUpdate} 217855 ms. Memory: 2538496K Free: 337196K (13%)
#Configuration.check: entity: org.terraswarm.accessor.JSAccessor {.configuration.actor library.MoreLibraries.Accessors.services.SemanticRepositoryQuery} 217860 ms. Memory: 2538496K Free: 335658K (13%)
#Configuration.check: entity: org.terraswarm.accessor.JSAccessor {.configuration.actor library.MoreLibraries.Accessors.services.SemanticYelpSearch} 217864 ms. Memory: 2538496K Free: 334124K (13%)
#Configuration.check: entity: org.terraswarm.accessor.JSAccessor {.configuration.actor library.MoreLibraries.Accessors.services.SpeechRecognition} 217867 ms. Memory: 2538496K Free: 332579K (13%)
#Configuration.check: entity: org.terraswarm.accessor.JSAccessor {.configuration.actor library.MoreLibraries.Accessors.services.Weather} 217871 ms. Memory: 2538496K Free: 331562K (13%)
#Configuration.check: entity: org.terraswarm.accessor.JSAccessor {.configuration.actor library.MoreLibraries.Accessors.services.WiFiScan} 217877 ms. Memory: 2538496K Free: 329499K (13%)
#Configuration.check: entity: org.terraswarm.accessor.JSAccessor {.configuration.actor library.MoreLibraries.Accessors.services.YelpSearch} 217880 ms. Memory: 2538496K Free: 328483K (13%)
#Configuration.check: entity: org.terraswarm.accessor.JSAccessor {.configuration.actor library.MoreLibraries.Accessors.signals.FFT} 217885 ms. Memory: 2538496K Free: 326956K (13%)
#Retrieving library from file:/home/travis/build/icyphy/ptII/org/terraswarm/accessor/accessors/web/signals/index.json
Configuration.check: entity: org.terraswarm.accessor.JSAccessor {.configuration.actor library.MoreLibraries.Accessors.test.MochaTest} 220191 ms. Memory: 2538496K Free: 337920K (13%)
#Retrieving library from file:/home/travis/build/icyphy/ptII/org/terraswarm/accessor/accessors/web/test/index.json
Configuration.check: entity: org.terraswarm.accessor.JSAccessor {.configuration.actor library.MoreLibraries.Accessors.test.TestAccessor} 263119 ms. Memory: 2538496K Free: 284271K (11%)
#Configuration.check: entity: org.terraswarm.accessor.JSAccessor {.configuration.actor library.MoreLibraries.Accessors.test.TestAdder} 263123 ms. Memory: 2538496K Free: 282743K (11%)
#Configuration.check: entity: org.terraswarm.accessor.JSAccessor {.configuration.actor library.MoreLibraries.Accessors.test.TestBaseC} 263125 ms. Memory: 2538496K Free: 281719K (11%)
#Configuration.check: entity: org.terraswarm.accessor.JSAccessor {.configuration.actor library.MoreLibraries.Accessors.test.TestComposite} 263128 ms. Memory: 2538496K Free: 280695K (11%)
#Configuration.check: entity: org.terraswarm.accessor.JSAccessor {.configuration.actor library.MoreLibraries.Accessors.test.TestCompositeSpontaneous} 263130 ms. Memory: 2538496K Free: 279671K (11%)
#Configuration.check: entity: org.terraswarm.accessor.JSAccessor {.configuration.actor library.MoreLibraries.Accessors.test.TestDerivedAgainA} 263131 ms. Memory: 2538496K Free: 278647K (11%)
#Configuration.check: entity: org.terraswarm.accessor.JSAccessor {.configuration.actor library.MoreLibraries.Accessors.test.TestDerivedC} 263133 ms. Memory: 2538496K Free: 277623K (11%)
#Configuration.check: entity: org.terraswarm.accessor.JSAccessor {.configuration.actor library.MoreLibraries.Accessors.test.TestFunctions} 263135 ms. Memory: 2538496K Free: 276599K (11%)
#Configuration.check: entity: org.terraswarm.accessor.JSAccessor {.configuration.actor library.MoreLibraries.Accessors.test.TestGain} 263139 ms. Memory: 2538496K Free: 275575K (11%)
#Configuration.check: entity: org.terraswarm.accessor.JSAccessor {.configuration.actor library.MoreLibraries.Accessors.test.TestImplement} 263142 ms. Memory: 2538496K Free: 275047K (11%)
#Configuration.check: entity: org.terraswarm.accessor.JSAccessor {.configuration.actor library.MoreLibraries.Accessors.test.TestInheritance} 263145 ms. Memory: 2538496K Free: 273527K (11%)
#Configuration.check: entity: org.terraswarm.accessor.JSAccessor {.configuration.actor library.MoreLibraries.Accessors.test.TestRequire} 263148 ms. Memory: 2538496K Free: 271989K (11%)
#Configuration.check: entity: org.terraswarm.accessor.JSAccessor {.configuration.actor library.MoreLibraries.Accessors.test.TestSpontaneous} 263151 ms. Memory: 2538496K Free: 270951K (11%)
#Configuration.check: entity: org.terraswarm.accessor.JSAccessor {.configuration.actor library.MoreLibraries.Accessors.test.TestSpontaneousOnce} 263154 ms. Memory: 2538496K Free: 269941K (11%)
#Configuration.check: entity: org.terraswarm.accessor.JSAccessor {.configuration.actor library.MoreLibraries.Accessors.test.TrainableTest} 263156 ms. Memory: 2538496K Free: 268917K (11%)
#Configuration.check: entity: org.terraswarm.accessor.JSAccessor {.configuration.actor library.MoreLibraries.Accessors.utilities.Clock} 263159 ms. Memory: 2538496K Free: 268407K (11%)
#Retrieving library from file:/home/travis/build/icyphy/ptII/org/terraswarm/accessor/accessors/web/utilities/index.json
The Mutable accessor original file has no documentation, so we are not running jsdoc on https://accessors.org/utilities/Mutable.js
Configuration.check: entity: org.terraswarm.accessor.JSAccessor {.configuration.actor library.MoreLibraries.Accessors.utilities.Cron} 297520 ms. Memory: 2538496K Free: 158839K (6%)
#Configuration.check: entity: org.terraswarm.accessor.JSAccessor {.configuration.actor library.MoreLibraries.Accessors.utilities.Exec} 297532 ms. Memory: 2538496K Free: 155253K (6%)
#Configuration.check: entity: org.terraswarm.accessor.JSAccessor {.configuration.actor library.MoreLibraries.Accessors.utilities.GetAccessor} 297535 ms. Memory: 2538496K Free: 154229K (6%)
#Configuration.check: entity: org.terraswarm.accessor.JSAccessor {.configuration.actor library.MoreLibraries.Accessors.utilities.GetResource} 297539 ms. Memory: 2538496K Free: 153205K (6%)
#Configuration.check: entity: org.terraswarm.accessor.JSAccessor {.configuration.actor library.MoreLibraries.Accessors.utilities.HostName} 297543 ms. Memory: 2538496K Free: 151671K (6%)
#Configuration.check: entity: org.terraswarm.accessor.JSAccessor {.configuration.actor library.MoreLibraries.Accessors.utilities.LocalStorage} 297545 ms. Memory: 2538496K Free: 151157K (6%)
#Configuration.check: entity: org.terraswarm.accessor.JSAccessor {.configuration.actor library.MoreLibraries.Accessors.utilities.Mutable} 297550 ms. Memory: 2538496K Free: 149623K (6%)
#Configuration.check: entity: org.terraswarm.accessor.JSAccessor {.configuration.actor library.MoreLibraries.Accessors.utilities.MutableBase} 297552 ms. Memory: 2538496K Free: 148599K (6%)
#Configuration.check: entity: org.terraswarm.accessor.JSAccessor {.configuration.actor library.MoreLibraries.Accessors.utilities.Stop} 297561 ms. Memory: 2538496K Free: 147575K (6%)
#Configuration.check: entity: org.terraswarm.accessor.JSAccessor {.configuration.actor library.MoreLibraries.Accessors.utilities.TextDisplay} 297615 ms. Memory: 2538496K Free: 258560K (10%)
#Configuration.check: entity: org.terraswarm.accessor.JSAccessor {.configuration.actor library.MoreLibraries.Accessors.utilities.UserInterface} 297620 ms. Memory: 2538496K Free: 257022K (10%)
#Configuration.check: entity: ptolemy.domains.de.lib.aspect.AFDXESs {.configuration.actor library.MoreLibraries.Aspects.AFDX_ESs} 297624 ms. Memory: 2538496K Free: 255983K (10%)
#Configuration.check: entity: ptolemy.domains.de.lib.aspect.AFDXSwitch {.configuration.actor library.MoreLibraries.Aspects.AFDX_SW} 297857 ms. Memory: 2538496K Free: 156655K (6%)
#Configuration.check: entity: ptolemy.domains.de.lib.aspect.Bus {.configuration.actor library.MoreLibraries.Aspects.Bus} 297859 ms. Memory: 2538496K Free: 156160K (6%)
#Configuration.check: entity: ptolemy.domains.de.lib.aspect.BasicSwitch {.configuration.actor library.MoreLibraries.Aspects.BasicSwitch} 297861 ms. Memory: 2538496K Free: 155646K (6%)
#Configuration.check: entity: ptolemy.actor.lib.aspect.CanBus {.configuration.actor library.MoreLibraries.Aspects.CanBus} 297872 ms. Memory: 2538496K Free: 155136K (6%)
#Configuration.check: entity: ptolemy.actor.gui.CommunicationAspectMonitor {.configuration.actor library.MoreLibraries.Aspects.CommunicationAspectMonitor} 297873 ms. Memory: 2538496K Free: 155136K (6%)
#Configuration.check: entity: ptolemy.domains.de.lib.aspect.CrossbarSwitch {.configuration.actor library.MoreLibraries.Aspects.CrossbarSwitch} 297874 ms. Memory: 2538496K Free: 155136K (6%)
#Configuration.check: entity: ptolemy.actor.lib.aspect.DynamicCoreAssignmentScheduler {.configuration.actor library.MoreLibraries.Aspects.DynamicCoreAssignmentScheduler} 297875 ms. Memory: 2538496K Free: 154112K (6%)
#Configuration.check: entity: ptolemy.actor.lib.aspect.EDFScheduler {.configuration.actor library.MoreLibraries.Aspects.EDFScheduler} 297877 ms. Memory: 2538496K Free: 153598K (6%)
#Configuration.check: entity: ptolemy.actor.lib.aspect.FixedPriorityScheduler {.configuration.actor library.MoreLibraries.Aspects.FixedPriorityScheduler} 297878 ms. Memory: 2538496K Free: 153598K (6%)
#Configuration.check: entity: ptolemy.domains.de.lib.aspect.TTESwitch {.configuration.actor library.MoreLibraries.Aspects.TTESwitch} 297879 ms. Memory: 2538496K Free: 153088K (6%)
#Configuration.check: entity: lbnl.actor.lib.Simulator {.configuration.actor library.MoreLibraries.Co-Simulation.Simulator.Simulator} 297880 ms. Memory: 2538496K Free: 152574K (6%)
#Configuration.check: entity: lbnl.actor.lib.SystemCommand {.configuration.actor library.MoreLibraries.Co-Simulation.Simulator.SystemCommand} 297894 ms. Memory: 2538496K Free: 151040K (6%)
#Configuration.check: entity: org.hlacerti.lib.HlaAttributeUpdater {.configuration.actor library.MoreLibraries.Co-Simulation.HLA.HlaAttributeUpdater} 297895 ms. Memory: 2538496K Free: 151040K (6%)
#HLA version is 1.3.
HLA version is 1.3.
Configuration.check: entity: org.hlacerti.lib.HlaAttributeReflector {.configuration.actor library.MoreLibraries.Co-Simulation.HLA.HlaAttributeReflector} 297980 ms. Memory: 2538496K Free: 239200K (9%)
#Configuration.check: entity: ptolemy.actor.lib.database.DatabaseManager {.configuration.actor library.MoreLibraries.DatabaseActors.DatabaseManager} 297981 ms. Memory: 2538496K Free: 238690K (9%)
#Configuration.check: entity: ptolemy.actor.lib.database.DatabaseQuery {.configuration.actor library.MoreLibraries.DatabaseActors.DatabaseQuery} 298009 ms. Memory: 2538496K Free: 233570K (9%)
#Configuration.check: entity: ptolemy.actor.lib.database.DatabaseSelect {.configuration.actor library.MoreLibraries.DatabaseActors.DatabaseSelect} 298009 ms. Memory: 2538496K Free: 233056K (9%)
#Configuration.check: entity: ptolemy.actor.lib.database.DatabaseInsert {.configuration.actor library.MoreLibraries.DatabaseActors.DatabaseInsert} 298010 ms. Memory: 2538496K Free: 233056K (9%)
#Configuration.check: entity: ptolemy.actor.lib.database.SQLStatement {.configuration.actor library.MoreLibraries.DatabaseActors.SQLStatement} 298011 ms. Memory: 2538496K Free: 233056K (9%)
#Configuration.check: entity: ptolemy.actor.lib.database.ArrayOfRecordsRecorder {.configuration.actor library.MoreLibraries.DatabaseActors.ArrayOfRecordsRecorder} 298011 ms. Memory: 2538496K Free: 233056K (9%)
#Configuration.check: entity: ptolemy.actor.lib.PoissonClock {.configuration.actor library.MoreLibraries.DesignPatterns.DiscreteEvent.DESourceSink.PoissonClock} 298012 ms. Memory: 2538496K Free: 233056K (9%)
#Configuration.check: entity: ptolemy.actor.lib.Ramp {.configuration.actor library.MoreLibraries.DesignPatterns.DiscreteEvent.DESourceSink.Ramp} 298020 ms. Memory: 2538496K Free: 230498K (9%)
#Configuration.check: entity: ptolemy.actor.lib.gui.TimedPlotter {.configuration.actor library.MoreLibraries.DesignPatterns.DiscreteEvent.DESourceSink.TimedPlotter} 298021 ms. Memory: 2538496K Free: 230498K (9%)
#Configuration.check: entity: ptolemy.domains.sdf.lib.SampleDelay {.configuration.actor library.MoreLibraries.DesignPatterns.DynamicDataFlow.DDFRepeatForCount.SampleDelay} 298021 ms. Memory: 2538496K Free: 230498K (9%)
#Configuration.check: entity: ptolemy.actor.lib.Const {.configuration.actor library.MoreLibraries.DesignPatterns.DynamicDataFlow.DDFRepeatForCount.Const} 298245 ms. Memory: 2538496K Free: 150626K (6%)
#Configuration.check: entity: ptolemy.actor.lib.Ramp {.configuration.actor library.MoreLibraries.DesignPatterns.DynamicDataFlow.DDFRepeatForCount.Ramp} 298245 ms. Memory: 2538496K Free: 150626K (6%)
#Configuration.check: entity: ptolemy.actor.lib.Expression {.configuration.actor library.MoreLibraries.DesignPatterns.DynamicDataFlow.DDFRepeatForCount.Expression} 298246 ms. Memory: 2538496K Free: 150626K (6%)
#Configuration.check: entity: ptolemy.actor.lib.BooleanSwitch {.configuration.actor library.MoreLibraries.DesignPatterns.DynamicDataFlow.DDFRepeatForCount.Switch} 298247 ms. Memory: 2538496K Free: 150112K (6%)
#Configuration.check: entity: ptolemy.domains.ddf.lib.DDFBooleanSelect {.configuration.actor library.MoreLibraries.DesignPatterns.DynamicDataFlow.DDFRepeatForCount.Select} 298247 ms. Memory: 2538496K Free: 150112K (6%)
#Configuration.check: entity: ptolemy.actor.lib.Const {.configuration.actor library.MoreLibraries.DesignPatterns.DynamicDataFlow.DDFRepeatForCount.Source} 298248 ms. Memory: 2538496K Free: 150112K (6%)
#Configuration.check: entity: ptolemy.actor.lib.gui.Display {.configuration.actor library.MoreLibraries.DesignPatterns.DynamicDataFlow.DDFRepeatForCount.Sink} 298248 ms. Memory: 2538496K Free: 150112K (6%)
#Configuration.check: entity: ptolemy.actor.lib.Counter {.configuration.actor library.MoreLibraries.DesignPatterns.DynamicDataFlow.DDFRepeatForCount.RepeatedAction.Counter} 298249 ms. Memory: 2538496K Free: 150112K (6%)
#Configuration.check: entity: ptolemy.domains.rendezvous.lib.Barrier {.configuration.actor library.MoreLibraries.DesignPatterns.Rendezvous.RendezvousSynchrony.Barrier} 298249 ms. Memory: 2538496K Free: 149602K (6%)
#Configuration.check: entity: ptolemy.domains.ca.lib.gui.CAViewer {.configuration.actor library.MoreLibraries.ExperimentalDomains.CellularAutomata.CA Viewer} 298754 ms. Memory: 2538496K Free: 250776K (10%)
#Configuration.check: entity: ptolemy.domains.dde.lib.DDESink {.configuration.actor library.MoreLibraries.ExperimentalDomains.DDE.dde.DDESink} 298809 ms. Memory: 2538496K Free: 236432K (9%)
#Configuration.check: entity: ptolemy.domains.dde.lib.DoubleFork {.configuration.actor library.MoreLibraries.ExperimentalDomains.DDE.dde.DoubleFork} 298811 ms. Memory: 2538496K Free: 235936K (9%)
#Configuration.check: entity: ptolemy.domains.dde.lib.Wire {.configuration.actor library.MoreLibraries.ExperimentalDomains.DDE.dde.Wire} 298812 ms. Memory: 2538496K Free: 235936K (9%)
#Configuration.check: entity: ptolemy.domains.gr.lib.Box3D {.configuration.actor library.MoreLibraries.ExperimentalDomains.Graphics.Graphics.Box3D} 298812 ms. Memory: 2538496K Free: 235936K (9%)
#Configuration.check: entity: ptolemy.domains.gr.lib.CircularSweep3D {.configuration.actor library.MoreLibraries.ExperimentalDomains.Graphics.Graphics.CircularSweep3D} 298941 ms. Memory: 2538496K Free: 206240K (8%)
#Configuration.check: entity: ptolemy.domains.gr.lib.Cone3D {.configuration.actor library.MoreLibraries.ExperimentalDomains.Graphics.Graphics.Cone3D} 298942 ms. Memory: 2538496K Free: 206240K (8%)
#Configuration.check: entity: ptolemy.domains.gr.lib.Cylinder3D {.configuration.actor library.MoreLibraries.ExperimentalDomains.Graphics.Graphics.Cylinder3D} 298943 ms. Memory: 2538496K Free: 205726K (8%)
#Configuration.check: entity: ptolemy.domains.gr.lib.PolyCylinder3D {.configuration.actor library.MoreLibraries.ExperimentalDomains.Graphics.Graphics.PolyCylinder3D} 298944 ms. Memory: 2538496K Free: 205216K (8%)
#Configuration.check: entity: ptolemy.domains.gr.lib.Sphere3D {.configuration.actor library.MoreLibraries.ExperimentalDomains.Graphics.Graphics.Sphere3D} 298945 ms. Memory: 2538496K Free: 205216K (8%)
#Configuration.check: entity: ptolemy.domains.gr.lib.TextString3D {.configuration.actor library.MoreLibraries.ExperimentalDomains.Graphics.Graphics.TextString3D} 298946 ms. Memory: 2538496K Free: 204702K (8%)
#Configuration.check: entity: ptolemy.domains.gr.lib.Torus3D {.configuration.actor library.MoreLibraries.ExperimentalDomains.Graphics.Graphics.Torus3D} 298947 ms. Memory: 2538496K Free: 204702K (8%)
#Configuration.check: entity: ptolemy.domains.gr.lib.Rotate3D {.configuration.actor library.MoreLibraries.ExperimentalDomains.Graphics.Graphics.Rotate3D} 298947 ms. Memory: 2538496K Free: 204192K (8%)
#Configuration.check: entity: ptolemy.domains.gr.lib.Scale3D {.configuration.actor library.MoreLibraries.ExperimentalDomains.Graphics.Graphics.Scale3D} 298960 ms. Memory: 2538496K Free: 204192K (8%)
#Configuration.check: entity: ptolemy.domains.gr.lib.Translate3D {.configuration.actor library.MoreLibraries.ExperimentalDomains.Graphics.Graphics.Translate3D} 298960 ms. Memory: 2538496K Free: 204192K (8%)
#Configuration.check: entity: ptolemy.domains.gr.lib.Translate2D {.configuration.actor library.MoreLibraries.ExperimentalDomains.Graphics.Graphics.Translate2D} 298961 ms. Memory: 2538496K Free: 204192K (8%)
#Configuration.check: entity: ptolemy.domains.gr.lib.KeyInput3D {.configuration.actor library.MoreLibraries.ExperimentalDomains.Graphics.Graphics.KeyInput3D} 298964 ms. Memory: 2538496K Free: 204192K (8%)
#Configuration.check: entity: ptolemy.domains.gr.lib.MouseInput3D {.configuration.actor library.MoreLibraries.ExperimentalDomains.Graphics.Graphics.MouseInput3D} 298964 ms. Memory: 2538496K Free: 204192K (8%)
#Configuration.check: entity: ptolemy.domains.gr.lib.Rotate3D {.configuration.actor library.MoreLibraries.ExperimentalDomains.Graphics.Graphics.ThreeAxisRotator3D.Rotate3D} 298964 ms. Memory: 2538496K Free: 203678K (8%)
#Configuration.check: entity: ptolemy.domains.gr.lib.Rotate3D {.configuration.actor library.MoreLibraries.ExperimentalDomains.Graphics.Graphics.ThreeAxisRotator3D.Rotate3D2} 298964 ms. Memory: 2538496K Free: 203678K (8%)
#Configuration.check: entity: ptolemy.domains.gr.lib.Rotate3D {.configuration.actor library.MoreLibraries.ExperimentalDomains.Graphics.Graphics.ThreeAxisRotator3D.Rotate3D3} 298976 ms. Memory: 2538496K Free: 203678K (8%)
#Configuration.check: entity: ptolemy.domains.gr.lib.ViewScreen2D {.configuration.actor library.MoreLibraries.ExperimentalDomains.Graphics.Graphics.ViewScreen2D} 298977 ms. Memory: 2538496K Free: 203678K (8%)
#Configuration.check: entity: ptolemy.domains.gr.lib.ViewScreen3D {.configuration.actor library.MoreLibraries.ExperimentalDomains.Graphics.Graphics.ViewScreen3D} 298980 ms. Memory: 2538496K Free: 203168K (8%)
#Configuration.check: entity: ptolemy.domains.gr.lib.MovableViewScreen3D {.configuration.actor library.MoreLibraries.ExperimentalDomains.Graphics.Graphics.MovableViewScreen3D} 298991 ms. Memory: 2538496K Free: 203168K (8%)
#Configuration.check: entity: ptolemy.domains.petrinet.kernel.Place {.configuration.actor library.MoreLibraries.ExperimentalDomains.PetriNet.Place} 298992 ms. Memory: 2538496K Free: 203168K (8%)
#Configuration.check: entity: ptolemy.domains.pthales.lib.PthalesGenericActor {.configuration.actor library.MoreLibraries.ExperimentalDomains.Pthales.PthalesGenericActor} 298993 ms. Memory: 2538496K Free: 202640K (8%)
#Configuration.check: entity: ptolemy.domains.pthales.lib.PthalesAddHeaderActor {.configuration.actor library.MoreLibraries.ExperimentalDomains.Pthales.PthalesAddHeaderActor} 298995 ms. Memory: 2538496K Free: 202144K (8%)
#Configuration.check: entity: ptolemy.domains.pthales.lib.PthalesRemoveHeaderActor {.configuration.actor library.MoreLibraries.ExperimentalDomains.Pthales.PthalesRemoveHeaderActor} 298995 ms. Memory: 2538496K Free: 202144K (8%)
#Configuration.check: entity: ptolemy.actor.lib.Exec {.configuration.actor library.MoreLibraries.Esoteric.Exec} 298995 ms. Memory: 2538496K Free: 202144K (8%)
#Configuration.check: entity: ptolemy.caltrop.actors.CalInterpreter {.configuration.actor library.MoreLibraries.Esoteric.CalInterpreter} 299053 ms. Memory: 2538496K Free: 199072K (8%)
#Configuration.check: entity: ptolemy.actor.lib.OrderedMerge {.configuration.actor library.MoreLibraries.Esoteric.OrderedMerge} 299054 ms. Memory: 2538496K Free: 199072K (8%)
#Configuration.check: entity: ptolemy.actor.lib.RemoveNilTokens {.configuration.actor library.MoreLibraries.Esoteric.RemoveNilTokens} 299054 ms. Memory: 2538496K Free: 199072K (8%)
#Configuration.check: entity: ptolemy.actor.lib.gem5.Gem5Wrapper {.configuration.actor library.MoreLibraries.Gem5.Gem5Wrapper} 299054 ms. Memory: 2538496K Free: 199072K (8%)
#Configuration.check: entity: ptolemy.actor.gt.ModelCombine {.configuration.actor library.MoreLibraries.GraphTransformation.ModelCombine} 299068 ms. Memory: 2538496K Free: 197521K (8%)
#Configuration.check: entity: ptolemy.actor.gt.ModelExecutor {.configuration.actor library.MoreLibraries.GraphTransformation.ModelExecutor} 299289 ms. Memory: 2538496K Free: 246176K (10%)
#Configuration.check: entity: ptolemy.actor.gt.ModelGenerator {.configuration.actor library.MoreLibraries.GraphTransformation.ModelGenerator} 299290 ms. Memory: 2538496K Free: 246176K (10%)
#Configuration.check: entity: ptolemy.actor.gt.ModelView {.configuration.actor library.MoreLibraries.GraphTransformation.ModelView} 299292 ms. Memory: 2538496K Free: 245662K (10%)
#Configuration.check: entity: ptolemy.actor.gt.MoMLGenerator {.configuration.actor library.MoreLibraries.GraphTransformation.MoMLGenerator} 299295 ms. Memory: 2538496K Free: 245152K (10%)
#Configuration.check: entity: ptolemy.domains.gr.lib.Box3D {.configuration.actor library.MoreLibraries.Graphics.Graphics.Box3D} 299297 ms. Memory: 2538496K Free: 244638K (10%)
#Configuration.check: entity: ptolemy.domains.gr.lib.CircularSweep3D {.configuration.actor library.MoreLibraries.Graphics.Graphics.CircularSweep3D} 299392 ms. Memory: 2538496K Free: 214928K (8%)
#Configuration.check: entity: ptolemy.domains.gr.lib.Cone3D {.configuration.actor library.MoreLibraries.Graphics.Graphics.Cone3D} 299393 ms. Memory: 2538496K Free: 214928K (8%)
#Configuration.check: entity: ptolemy.domains.gr.lib.Cylinder3D {.configuration.actor library.MoreLibraries.Graphics.Graphics.Cylinder3D} 299394 ms. Memory: 2538496K Free: 214432K (8%)
#Configuration.check: entity: ptolemy.domains.gr.lib.PolyCylinder3D {.configuration.actor library.MoreLibraries.Graphics.Graphics.PolyCylinder3D} 299395 ms. Memory: 2538496K Free: 214432K (8%)
#Configuration.check: entity: ptolemy.domains.gr.lib.Sphere3D {.configuration.actor library.MoreLibraries.Graphics.Graphics.Sphere3D} 299396 ms. Memory: 2538496K Free: 213918K (8%)
#Configuration.check: entity: ptolemy.domains.gr.lib.TextString3D {.configuration.actor library.MoreLibraries.Graphics.Graphics.TextString3D} 299396 ms. Memory: 2538496K Free: 213918K (8%)
#Configuration.check: entity: ptolemy.domains.gr.lib.Torus3D {.configuration.actor library.MoreLibraries.Graphics.Graphics.Torus3D} 299397 ms. Memory: 2538496K Free: 213408K (8%)
#Configuration.check: entity: ptolemy.domains.gr.lib.Rotate3D {.configuration.actor library.MoreLibraries.Graphics.Graphics.Rotate3D} 299397 ms. Memory: 2538496K Free: 213408K (8%)
#Configuration.check: entity: ptolemy.domains.gr.lib.Scale3D {.configuration.actor library.MoreLibraries.Graphics.Graphics.Scale3D} 299398 ms. Memory: 2538496K Free: 213408K (8%)
#Configuration.check: entity: ptolemy.domains.gr.lib.Translate3D {.configuration.actor library.MoreLibraries.Graphics.Graphics.Translate3D} 299398 ms. Memory: 2538496K Free: 213408K (8%)
#Configuration.check: entity: ptolemy.domains.gr.lib.Translate2D {.configuration.actor library.MoreLibraries.Graphics.Graphics.Translate2D} 299398 ms. Memory: 2538496K Free: 212894K (8%)
#Configuration.check: entity: ptolemy.domains.gr.lib.KeyInput3D {.configuration.actor library.MoreLibraries.Graphics.Graphics.KeyInput3D} 299399 ms. Memory: 2538496K Free: 212894K (8%)
#Configuration.check: entity: ptolemy.domains.gr.lib.MouseInput3D {.configuration.actor library.MoreLibraries.Graphics.Graphics.MouseInput3D} 299399 ms. Memory: 2538496K Free: 212894K (8%)
#Configuration.check: entity: ptolemy.domains.gr.lib.Rotate3D {.configuration.actor library.MoreLibraries.Graphics.Graphics.ThreeAxisRotator3D.Rotate3D} 299399 ms. Memory: 2538496K Free: 212894K (8%)
#Configuration.check: entity: ptolemy.domains.gr.lib.Rotate3D {.configuration.actor library.MoreLibraries.Graphics.Graphics.ThreeAxisRotator3D.Rotate3D2} 299399 ms. Memory: 2538496K Free: 212894K (8%)
#Configuration.check: entity: ptolemy.domains.gr.lib.Rotate3D {.configuration.actor library.MoreLibraries.Graphics.Graphics.ThreeAxisRotator3D.Rotate3D3} 299400 ms. Memory: 2538496K Free: 212894K (8%)
#Configuration.check: entity: ptolemy.domains.gr.lib.ViewScreen2D {.configuration.actor library.MoreLibraries.Graphics.Graphics.ViewScreen2D} 299400 ms. Memory: 2538496K Free: 212894K (8%)
#Configuration.check: entity: ptolemy.domains.gr.lib.ViewScreen3D {.configuration.actor library.MoreLibraries.Graphics.Graphics.ViewScreen3D} 299401 ms. Memory: 2538496K Free: 212384K (8%)
#Configuration.check: entity: ptolemy.domains.gr.lib.MovableViewScreen3D {.configuration.actor library.MoreLibraries.Graphics.Graphics.MovableViewScreen3D} 299401 ms. Memory: 2538496K Free: 212384K (8%)
#Configuration.check: entity: ptolemy.actor.lib.image.ImageDisplay {.configuration.actor library.MoreLibraries.ImageProcessing.Generic.ImageDisplay} 299402 ms. Memory: 2538496K Free: 212384K (8%)
#Configuration.check: entity: ptolemy.actor.lib.image.ImageReader {.configuration.actor library.MoreLibraries.ImageProcessing.Generic.ImageReader} 299414 ms. Memory: 2538496K Free: 206750K (8%)
#Configuration.check: entity: ptolemy.actor.lib.image.ImageRotate {.configuration.actor library.MoreLibraries.ImageProcessing.Generic.ImageRotate} 299414 ms. Memory: 2538496K Free: 206750K (8%)
#Configuration.check: entity: ptolemy.actor.lib.image.ImageToString {.configuration.actor library.MoreLibraries.ImageProcessing.Generic.ImageToString} 299415 ms. Memory: 2538496K Free: 206750K (8%)
#Configuration.check: entity: ptolemy.actor.lib.image.URLToImage {.configuration.actor library.MoreLibraries.ImageProcessing.Generic.URLToImage} 299415 ms. Memory: 2538496K Free: 206750K (8%)
#Configuration.check: entity: ptolemy.domains.sdf.lib.vq.HTVQEncode {.configuration.actor library.MoreLibraries.ImageProcessing.VectorQuantization.HTVQEncode} 299419 ms. Memory: 2538496K Free: 206750K (8%)
#Configuration.check: entity: ptolemy.domains.sdf.lib.vq.ImageContrast {.configuration.actor library.MoreLibraries.ImageProcessing.VectorQuantization.ImageContrast} 299424 ms. Memory: 2538496K Free: 202144K (8%)
#Configuration.check: entity: ptolemy.domains.sdf.lib.vq.ImageDisplay {.configuration.actor library.MoreLibraries.ImageProcessing.VectorQuantization.ImageDisplay} 299424 ms. Memory: 2538496K Free: 201630K (8%)
#Configuration.check: entity: ptolemy.domains.sdf.lib.vq.ImagePartition {.configuration.actor library.MoreLibraries.ImageProcessing.VectorQuantization.ImagePartition} 299424 ms. Memory: 2538496K Free: 201630K (8%)
#Configuration.check: entity: ptolemy.domains.sdf.lib.vq.ImageSequence {.configuration.actor library.MoreLibraries.ImageProcessing.VectorQuantization.ImageSequence} 299425 ms. Memory: 2538496K Free: 201630K (8%)
#Configuration.check: entity: ptolemy.domains.sdf.lib.vq.ImageUnpartition {.configuration.actor library.MoreLibraries.ImageProcessing.VectorQuantization.ImageUnpartition} 299425 ms. Memory: 2538496K Free: 201630K (8%)
#Configuration.check: entity: ptolemy.domains.sdf.lib.vq.PSNR {.configuration.actor library.MoreLibraries.ImageProcessing.VectorQuantization.PSNR} 299426 ms. Memory: 2538496K Free: 201630K (8%)
#Configuration.check: entity: ptolemy.domains.sdf.lib.vq.VQDecode {.configuration.actor library.MoreLibraries.ImageProcessing.VectorQuantization.VQDecode} 299426 ms. Memory: 2538496K Free: 201630K (8%)
#Configuration.check: entity: ptolemy.vergil.actor.lib.LEDMatrix {.configuration.actor library.MoreLibraries.InteractiveIcons.LEDMatrix} 299426 ms. Memory: 2538496K Free: 201120K (8%)
#Configuration.check: entity: ptolemy.vergil.actor.lib.MonitorImage {.configuration.actor library.MoreLibraries.InteractiveIcons.MonitorImage} 299676 ms. Memory: 2538496K Free: 221080K (9%)
#Configuration.check: entity: ptolemy.actor.lib.conversions.json.JSONToToken {.configuration.actor library.MoreLibraries.JSON.JSONToToken} 299676 ms. Memory: 2538496K Free: 221080K (9%)
#Configuration.check: entity: ptolemy.actor.lib.conversions.json.TokenToJSON {.configuration.actor library.MoreLibraries.JSON.TokenToJSON} 299677 ms. Memory: 2538496K Free: 220576K (9%)
#Configuration.check: entity: org.ptolemy.machineLearning.clustering.KMeans {.configuration.actor library.MoreLibraries.MachineLearning.Clustering.KMeans} 299677 ms. Memory: 2538496K Free: 220576K (9%)
#Configuration.check: entity: org.ptolemy.machineLearning.hmm.HMMGaussianEstimator {.configuration.actor library.MoreLibraries.MachineLearning.HMM.HMMGaussianEstimator} 299695 ms. Memory: 2538496K Free: 211821K (8%)
#Configuration.check: entity: org.ptolemy.machineLearning.hmm.HMMExponentialEstimator {.configuration.actor library.MoreLibraries.MachineLearning.HMM.HMMExponentialEstimator} 299881 ms. Memory: 2538496K Free: 234224K (9%)
#Configuration.check: entity: org.ptolemy.machineLearning.hmm.HMMMultinomialEstimator {.configuration.actor library.MoreLibraries.MachineLearning.HMM.HMMMultinomialEstimator} 299883 ms. Memory: 2538496K Free: 233215K (9%)
#Configuration.check: entity: org.ptolemy.machineLearning.hmm.HMMGaussianClassifier {.configuration.actor library.MoreLibraries.MachineLearning.HMM.HMMGaussianClassifier} 299886 ms. Memory: 2538496K Free: 232191K (9%)
#Configuration.check: entity: org.ptolemy.machineLearning.hmm.HMMExponentialClassifier {.configuration.actor library.MoreLibraries.MachineLearning.HMM.HMMExponentialClassifier} 299889 ms. Memory: 2538496K Free: 231167K (9%)
#Configuration.check: entity: org.ptolemy.machineLearning.hmm.HMMMultinomialClassifier {.configuration.actor library.MoreLibraries.MachineLearning.HMM.HMMMultinomialClassifier} 299892 ms. Memory: 2538496K Free: 230657K (9%)
#Configuration.check: entity: org.ptolemy.machineLearning.hsmm.HSMMMultinomialEstimator {.configuration.actor library.MoreLibraries.MachineLearning.HSMM.HSMMMultinomialEstimator} 299895 ms. Memory: 2538496K Free: 229119K (9%)
#Configuration.check: entity: org.ptolemy.machineLearning.hsmm.HSMMTimeAwareMultinomialEstimator {.configuration.actor library.MoreLibraries.MachineLearning.HSMM.HSMMTimeAwareMultinomialEstimator} 300194 ms. Memory: 2538496K Free: 224511K (9%)
#Configuration.check: entity: org.ptolemy.machineLearning.hsmm.HSMMGaussianEstimator {.configuration.actor library.MoreLibraries.MachineLearning.HSMM.HSMMGaussianEstimator} 300199 ms. Memory: 2538496K Free: 222977K (9%)
#Configuration.check: entity: org.ptolemy.machineLearning.hsmm.HSMMGeneratorGaussianEmissions {.configuration.actor library.MoreLibraries.MachineLearning.HSMM.HSMMGeneratorGaussianEmissions} 300204 ms. Memory: 2538496K Free: 220929K (9%)
#Configuration.check: entity: org.ptolemy.machineLearning.hsmm.HSMMGeneratorMultinomialEmissions {.configuration.actor library.MoreLibraries.MachineLearning.HSMM.HSMMGeneratorMultinomialEmissions} 300206 ms. Memory: 2538496K Free: 220415K (9%)
#Configuration.check: entity: org.ptolemy.machineLearning.hsmm.HSMMTimeAwareGenerator {.configuration.actor library.MoreLibraries.MachineLearning.HSMM.HSMMTimeAwareGenerator} 300207 ms. Memory: 2538496K Free: 220415K (9%)
#Configuration.check: entity: org.ptolemy.ssm.GaussianMeasurementModel {.configuration.actor library.MoreLibraries.MachineLearning.StateSpaceModel.GaussianMeasurementModel} 300213 ms. Memory: 2538496K Free: 218367K (9%)
#Configuration.check: entity: org.ptolemy.ssm.Map {.configuration.actor library.MoreLibraries.MachineLearning.StateSpaceModel.Map} 300524 ms. Memory: 2538496K Free: 206918K (8%)
#Configuration.check: entity: org.ptolemy.ssm.StateSpaceModel {.configuration.actor library.MoreLibraries.MachineLearning.StateSpaceModel.StateSpaceModel} 300526 ms. Memory: 2538496K Free: 206404K (8%)
#Configuration.check: entity: ptolemy.actor.lib.mail.SendMail {.configuration.actor library.MoreLibraries.Mail.SendMail} 300527 ms. Memory: 2538496K Free: 206404K (8%)
#Configuration.check: entity: ptolemy.actor.lib.mbed.Accelerometer {.configuration.actor library.MoreLibraries.Mbed.Accelerometer} 300530 ms. Memory: 2538496K Free: 204870K (8%)
#Configuration.check: entity: ptolemy.actor.lib.mbed.CC3000Control {.configuration.actor library.MoreLibraries.Mbed.CC3000Control} 300631 ms. Memory: 2538496K Free: 165444K (7%)
#Configuration.check: entity: ptolemy.actor.lib.mbed.CC3000Module {.configuration.actor library.MoreLibraries.Mbed.CC3000Module} 300632 ms. Memory: 2538496K Free: 164934K (6%)
#Configuration.check: entity: ptolemy.actor.lib.mbed.GestureRecognition {.configuration.actor library.MoreLibraries.Mbed.GestureRecognition} 300633 ms. Memory: 2538496K Free: 164934K (6%)
#Configuration.check: entity: ptolemy.actor.lib.mbed.GPIOWriter {.configuration.actor library.MoreLibraries.Mbed.GPIOWriter} 300633 ms. Memory: 2538496K Free: 164934K (6%)
#Configuration.check: entity: ptolemy.actor.lib.mbed.HSBtoRGB {.configuration.actor library.MoreLibraries.Mbed.HSBtoRGB} 300634 ms. Memory: 2538496K Free: 164420K (6%)
#Configuration.check: entity: ptolemy.actor.lib.mbed.LEDCubeUpdate {.configuration.actor library.MoreLibraries.Mbed.LEDCubeUpdate} 300634 ms. Memory: 2538496K Free: 164420K (6%)
#Configuration.check: entity: ptolemy.actor.lib.mbed.NeoPixelLEDStrip {.configuration.actor library.MoreLibraries.Mbed.NeoPixelLEDStrip} 300635 ms. Memory: 2538496K Free: 163910K (6%)
#Configuration.check: entity: ptolemy.actor.lib.mbed.PacketToSensorData {.configuration.actor library.MoreLibraries.Mbed.PacketToSensorData} 300637 ms. Memory: 2538496K Free: 163908K (6%)
#Configuration.check: entity: ptolemy.actor.lib.mbed.SensorDataCalibration {.configuration.actor library.MoreLibraries.Mbed.SensorDataCalibration} 300637 ms. Memory: 2538496K Free: 163396K (6%)
#Configuration.check: entity: org.ptolemy.osc.OscReceiver {.configuration.actor library.MoreLibraries.OpenSoundControl.OscReceiver} 300638 ms. Memory: 2538496K Free: 162886K (6%)
#Configuration.check: entity: org.ptolemy.osc.OscSender {.configuration.actor library.MoreLibraries.OpenSoundControl.OscSender} 300659 ms. Memory: 2538496K Free: 156742K (6%)
#Configuration.check: entity: ptolemy.domains.petrinet.kernel.Place {.configuration.actor library.MoreLibraries.PetriNet.Place} 300661 ms. Memory: 2538496K Free: 156740K (6%)
#Configuration.check: entity: ptolemy.domains.ontologies.lib.UnitsConverter {.configuration.actor library.MoreLibraries.Ontologies.UnitsConverter} 300662 ms. Memory: 2538496K Free: 156740K (6%)
#Configuration.check: entity: ptolemy.actor.lib.python.PythonScript {.configuration.actor library.MoreLibraries.Python.PythonActor} 300663 ms. Memory: 2538496K Free: 156228K (6%)
#Configuration.check: entity: ptolemy.actor.lib.python.PythonScript {.configuration.actor library.MoreLibraries.Python.PythonScript} 300686 ms. Memory: 2538496K Free: 154694K (6%)
#Configuration.check: entity: ptolemy.actor.lib.Clock {.configuration.actor library.MoreLibraries.QuantizedState.PeriodicSampler.DiscreteClock} 300686 ms. Memory: 2538496K Free: 154694K (6%)
#Configuration.check: entity: ptolemy.actor.lib.Sampler {.configuration.actor library.MoreLibraries.QuantizedState.PeriodicSampler.Sampler} 300727 ms. Memory: 2538496K Free: 134694K (5%)
#Configuration.check: entity: ptolemy.domains.qss.kernel.QSSIntegrator {.configuration.actor library.MoreLibraries.QuantizedState.QSSIntegrator} 300740 ms. Memory: 2538496K Free: 134694K (5%)
#Configuration.check: entity: ptolemy.domains.qss.lib.SmoothSignal {.configuration.actor library.MoreLibraries.QuantizedState.SmoothSignal} 300743 ms. Memory: 2538496K Free: 134214K (5%)
#Configuration.check: entity: ptolemy.actor.lib.conversions.SmoothToDouble {.configuration.actor library.MoreLibraries.QuantizedState.SmoothToDouble} 300743 ms. Memory: 2538496K Free: 134214K (5%)
#Configuration.check: entity: ptolemy.domains.qss.lib.SmoothZeroCrossingDetector {.configuration.actor library.MoreLibraries.QuantizedState.SmoothZeroCrossingDetector} 300743 ms. Memory: 2538496K Free: 134214K (5%)
#Configuration.check: entity: ptolemy.actor.lib.r.RExpression {.configuration.actor library.MoreLibraries.R.RExpression} 300744 ms. Memory: 2538496K Free: 134214K (5%)
#Configuration.check: entity: ptolemy.actor.lib.r.RExpression2 {.configuration.actor library.MoreLibraries.R.RExpression2} 300747 ms. Memory: 2538496K Free: 132670K (5%)
#Configuration.check: entity: ptolemy.actor.lib.GetCausalityInterface {.configuration.actor library.MoreLibraries.RegressionTest.GetCausalityInterface} 300760 ms. Memory: 2538496K Free: 132670K (5%)
#Configuration.check: entity: ptolemy.actor.lib.CurrentMicrostep {.configuration.actor library.MoreLibraries.RegressionTest.CurrentMicrostep} 300763 ms. Memory: 2538496K Free: 131142K (5%)
#Configuration.check: entity: ptolemy.actor.lib.NonStrictTest {.configuration.actor library.MoreLibraries.RegressionTest.NonStrictTest} 300764 ms. Memory: 2538496K Free: 131142K (5%)
#Configuration.check: entity: ptolemy.actor.lib.Test {.configuration.actor library.MoreLibraries.RegressionTest.Test} 300764 ms. Memory: 2538496K Free: 131142K (5%)
#Configuration.check: entity: ptolemy.domains.de.lib.TestActorPortDepth {.configuration.actor library.MoreLibraries.RegressionTest.TestActorPortDepth} 300764 ms. Memory: 2538496K Free: 131142K (5%)
#Configuration.check: entity: ptolemy.actor.lib.TypeTest {.configuration.actor library.MoreLibraries.RegressionTest.TypeTest} 300764 ms. Memory: 2538496K Free: 131142K (5%)
#Configuration.check: entity: ptolemy.actor.lib.security.KeyWriter {.configuration.actor library.MoreLibraries.Security.KeyWriter} 300765 ms. Memory: 2538496K Free: 130628K (5%)
#Configuration.check: entity: ptolemy.actor.lib.security.PublicKeyReader {.configuration.actor library.MoreLibraries.Security.PublicKeyReader} 300820 ms. Memory: 2538496K Free: 238134K (9%)
#Configuration.check: entity: ptolemy.actor.lib.security.PrivateKeyReader {.configuration.actor library.MoreLibraries.Security.PrivateKeyReader} 300821 ms. Memory: 2538496K Free: 238134K (9%)
#Configuration.check: entity: ptolemy.actor.lib.security.SecretKey {.configuration.actor library.MoreLibraries.Security.SecretKey} 300821 ms. Memory: 2538496K Free: 238134K (9%)
#Configuration.check: entity: ptolemy.actor.lib.security.SecretKeyReader {.configuration.actor library.MoreLibraries.Security.SecretKeyReader} 300822 ms. Memory: 2538496K Free: 237620K (9%)
#Configuration.check: entity: ptolemy.actor.lib.security.SignatureSigner {.configuration.actor library.MoreLibraries.Security.SignatureSigner} 300822 ms. Memory: 2538496K Free: 237620K (9%)
#Configuration.check: entity: ptolemy.actor.lib.security.SignatureVerifier {.configuration.actor library.MoreLibraries.Security.SignatureVerifier} 300824 ms. Memory: 2538496K Free: 237620K (9%)
#Configuration.check: entity: ptolemy.actor.lib.security.SymmetricDecryption {.configuration.actor library.MoreLibraries.Security.SymmetricDecryption} 300824 ms. Memory: 2538496K Free: 237620K (9%)
#Configuration.check: entity: ptolemy.actor.lib.security.SymmetricEncryption {.configuration.actor library.MoreLibraries.Security.SymmetricEncryption} 300826 ms. Memory: 2538496K Free: 237620K (9%)
#Configuration.check: entity: ptolemy.actor.lib.security.SymmetricCrypto {.configuration.actor library.MoreLibraries.Security.SymmetricCrypto} 300826 ms. Memory: 2538496K Free: 237620K (9%)
#Configuration.check: entity: ptolemy.domains.wireless.lib.CollisionDetector {.configuration.actor library.MoreLibraries.Wireless.WirelessActors.CollisionDetector} 300827 ms. Memory: 2538496K Free: 237110K (9%)
#Configuration.check: entity: ptolemy.domains.wireless.lib.GetProperties {.configuration.actor library.MoreLibraries.Wireless.WirelessActors.GetProperties} 300870 ms. Memory: 2538496K Free: 226356K (9%)
#Configuration.check: entity: ptolemy.domains.wireless.lib.GraphicalLocator {.configuration.actor library.MoreLibraries.Wireless.WirelessActors.GraphicalLocator} 300870 ms. Memory: 2538496K Free: 226356K (9%)
#Configuration.check: entity: ptolemy.domains.wireless.lib.Locator {.configuration.actor library.MoreLibraries.Wireless.WirelessActors.Locator} 300873 ms. Memory: 2538496K Free: 225846K (9%)
#Configuration.check: entity: ptolemy.domains.wireless.lib.NodeRandomizer {.configuration.actor library.MoreLibraries.Wireless.WirelessActors.NodeRandomizer} 300880 ms. Memory: 2538496K Free: 225301K (9%)
#Configuration.check: entity: ptolemy.domains.wireless.lib.TerrainProperty {.configuration.actor library.MoreLibraries.Wireless.WirelessActors.TerrainProperty} 300881 ms. Memory: 2538496K Free: 225301K (9%)
#Configuration.check: entity: ptolemy.domains.wireless.lib.LinkVisualizer {.configuration.actor library.MoreLibraries.Wireless.WirelessActors.LinkVisualizer} 300881 ms. Memory: 2538496K Free: 225301K (9%)
#Configuration.check: entity: ptolemy.domains.wireless.lib.Triangulator {.configuration.actor library.MoreLibraries.Wireless.WirelessActors.Triangulator} 300882 ms. Memory: 2538496K Free: 224822K (9%)
#Configuration.check: entity: ptolemy.domains.wireless.lib.WiredToWireless {.configuration.actor library.MoreLibraries.Wireless.WirelessActors.WiredToWireless} 300884 ms. Memory: 2538496K Free: 224822K (9%)
#Configuration.check: entity: ptolemy.domains.wireless.lib.WirelessToWired {.configuration.actor library.MoreLibraries.Wireless.WirelessActors.WirelessToWired} 300885 ms. Memory: 2538496K Free: 224822K (9%)
#Configuration.check: entity: ptolemy.domains.wireless.kernel.AtomicWirelessChannel {.configuration.actor library.MoreLibraries.Wireless.WirelessChannels.AtomicWirelessChannel} 300886 ms. Memory: 2538496K Free: 224308K (9%)
#Configuration.check: entity: ptolemy.domains.wireless.lib.DelayChannel {.configuration.actor library.MoreLibraries.Wireless.WirelessChannels.DelayChannel} 300900 ms. Memory: 2538496K Free: 222774K (9%)
#Configuration.check: entity: ptolemy.domains.wireless.lib.LimitedRangeChannel {.configuration.actor library.MoreLibraries.Wireless.WirelessChannels.LimitedRangeChannel} 300901 ms. Memory: 2538496K Free: 222774K (9%)
#Configuration.check: entity: ptolemy.domains.wireless.lib.ErasureChannel {.configuration.actor library.MoreLibraries.Wireless.WirelessChannels.ErasureChannel} 300901 ms. Memory: 2538496K Free: 222260K (9%)
#Configuration.check: entity: ptolemy.domains.wireless.lib.PowerLossChannel {.configuration.actor library.MoreLibraries.Wireless.WirelessChannels.PowerLossChannel} 300902 ms. Memory: 2538496K Free: 222260K (9%)
#Configuration.check: entity: ptolemy.actor.lib.conversions.StringToXML {.configuration.actor library.MoreLibraries.XML.StringToXML} 300902 ms. Memory: 2538496K Free: 222260K (9%)
#Configuration.check: entity: ptolemy.actor.lib.xslt.XSLTransformer {.configuration.actor library.MoreLibraries.XML.XSLTransformer} 300916 ms. Memory: 2538496K Free: 221748K (9%)
#Configuration.check: entity: ptolemy.actor.lib.xslt.XMLInclusion {.configuration.actor library.MoreLibraries.XML.XMLInclusion} 300917 ms. Memory: 2538496K Free: 221748K (9%)
#Configuration.check: entity: ptolemy.actor.gt.controller.InitModel {.configuration.effigyFactory.Model Transformation.blank._Controller.InitModel} 300917 ms. Memory: 2538496K Free: 221748K (9%)
#Configuration.check: entity: ptolemy.actor.lib.CurrentTime {.configuration.actor library.Actors.Sources.TimedSources.TriggeredSinewave.CurrentTime} 300917 ms. Memory: 2538496K Free: 221748K (9%)
#Configuration.check: entity: ptolemy.actor.lib.Scale {.configuration.actor library.Actors.Sources.TimedSources.TriggeredSinewave.Frequency} 300918 ms. Memory: 2538496K Free: 221748K (9%)
#Configuration.check: entity: ptolemy.actor.lib.TrigFunction {.configuration.actor library.Actors.Sources.TimedSources.TriggeredSinewave.Sin} 300919 ms. Memory: 2538496K Free: 221748K (9%)
#Configuration.check: entity: ptolemy.actor.lib.Const {.configuration.actor library.Actors.Sources.TimedSources.TriggeredSinewave.Phase} 300919 ms. Memory: 2538496K Free: 221748K (9%)
#Configuration.check: entity: ptolemy.actor.lib.AddSubtract {.configuration.actor library.Actors.Sources.TimedSources.TriggeredSinewave.Add} 300919 ms. Memory: 2538496K Free: 221236K (9%)
#Configuration.check: entity: ptolemy.actor.lib.Scale {.configuration.actor library.Actors.Sources.TimedSources.TriggeredSinewave.Magnitude} 300919 ms. Memory: 2538496K Free: 221236K (9%)
#Configuration.check: entity: ptolemy.actor.lib.Ramp {.configuration.actor library.Actors.Sources.SequenceSources.Sinewave.Ramp} 300920 ms. Memory: 2538496K Free: 221236K (9%)
#Configuration.check: entity: ptolemy.actor.lib.TrigFunction {.configuration.actor library.Actors.Sources.SequenceSources.Sinewave.TrigFunction} 300920 ms. Memory: 2538496K Free: 221236K (9%)
#Configuration.check: entity: ptolemy.actor.lib.Const {.configuration.actor library.Actors.Sources.SequenceSources.Sinewave.Const} 300920 ms. Memory: 2538496K Free: 221236K (9%)
#Configuration.check: entity: ptolemy.actor.lib.AddSubtract {.configuration.actor library.Actors.Sources.SequenceSources.Sinewave.AddSubtract} 300921 ms. Memory: 2538496K Free: 221236K (9%)
#Configuration.check: entity: ptolemy.actor.lib.Pulse {.configuration.actor library.Actors.SignalProcessing.Spectrum.MaximumEntropySpectrum.Pulse} 300921 ms. Memory: 2538496K Free: 220726K (9%)
#Configuration.check: entity: ptolemy.actor.lib.MultiplyDivide {.configuration.actor library.Actors.SignalProcessing.Spectrum.MaximumEntropySpectrum.MultiplyDivide} 300934 ms. Memory: 2538496K Free: 220212K (9%)
#Configuration.check: entity: ptolemy.domains.sdf.lib.Autocorrelation {.configuration.actor library.Actors.SignalProcessing.Spectrum.MaximumEntropySpectrum.Autocorrelation} 300934 ms. Memory: 2538496K Free: 220212K (9%)
#Configuration.check: entity: ptolemy.actor.lib.LevinsonDurbin {.configuration.actor library.Actors.SignalProcessing.Spectrum.MaximumEntropySpectrum.LevinsonDurbin} 300938 ms. Memory: 2538496K Free: 219702K (9%)
#Configuration.check: entity: ptolemy.actor.lib.ArrayAppend {.configuration.actor library.Actors.SignalProcessing.Spectrum.MaximumEntropySpectrum.ArrayAppend} 300939 ms. Memory: 2538496K Free: 219702K (9%)
#Configuration.check: entity: ptolemy.domains.sdf.lib.ArrayToSequence {.configuration.actor library.Actors.SignalProcessing.Spectrum.MaximumEntropySpectrum.ArrayToSequence} 300940 ms. Memory: 2538496K Free: 219702K (9%)
#Configuration.check: entity: ptolemy.domains.sdf.lib.FFT {.configuration.actor library.Actors.SignalProcessing.Spectrum.MaximumEntropySpectrum.FFT} 300946 ms. Memory: 2538496K Free: 218678K (9%)
#Configuration.check: entity: ptolemy.actor.lib.AbsoluteValue {.configuration.actor library.Actors.SignalProcessing.Spectrum.MaximumEntropySpectrum.AbsoluteValue} 300958 ms. Memory: 2538496K Free: 218164K (9%)
#Configuration.check: entity: ptolemy.actor.lib.MultiplyDivide {.configuration.actor library.Actors.SignalProcessing.Spectrum.MaximumEntropySpectrum.MultiplyDivide2} 300959 ms. Memory: 2538496K Free: 217654K (9%)
#Configuration.check: entity: ptolemy.actor.lib.DB {.configuration.actor library.Actors.SignalProcessing.Spectrum.MaximumEntropySpectrum.DB} 300959 ms. Memory: 2538496K Free: 217654K (9%)
#Configuration.check: entity: ptolemy.actor.lib.ArrayElement {.configuration.actor library.Actors.SignalProcessing.Spectrum.MaximumEntropySpectrum.ArrayElement} 300960 ms. Memory: 2538496K Free: 217654K (9%)
#Configuration.check: entity: ptolemy.domains.sdf.lib.Repeat {.configuration.actor library.Actors.SignalProcessing.Spectrum.MaximumEntropySpectrum.Repeat} 300961 ms. Memory: 2538496K Free: 217140K (9%)
#Configuration.check: entity: ptolemy.domains.sdf.lib.Chop {.configuration.actor library.Actors.SignalProcessing.Spectrum.MaximumEntropySpectrum.Chop} 300969 ms. Memory: 2538496K Free: 216116K (9%)
#Configuration.check: entity: ptolemy.actor.lib.MathFunction {.configuration.actor library.Actors.SignalProcessing.Spectrum.MaximumEntropySpectrum.MathFunction} 300974 ms. Memory: 2538496K Free: 215606K (8%)
#Configuration.check: entity: ptolemy.actor.lib.Const {.configuration.actor library.Actors.SignalProcessing.Spectrum.MaximumEntropySpectrum.Const} 300974 ms. Memory: 2538496K Free: 215092K (8%)
#Configuration.check: entity: ptolemy.actor.lib.MultiplyDivide {.configuration.actor library.Actors.SignalProcessing.Spectrum.SmoothedPeriodogram.Multiply} 300975 ms. Memory: 2538496K Free: 215092K (8%)
#Configuration.check: entity: ptolemy.domains.sdf.lib.FFT {.configuration.actor library.Actors.SignalProcessing.Spectrum.SmoothedPeriodogram.FFT} 300975 ms. Memory: 2538496K Free: 215092K (8%)
#Configuration.check: entity: ptolemy.actor.lib.DB {.configuration.actor library.Actors.SignalProcessing.Spectrum.SmoothedPeriodogram.DB} 300986 ms. Memory: 2538496K Free: 214582K (8%)
#Configuration.check: entity: ptolemy.actor.lib.AbsoluteValue {.configuration.actor library.Actors.SignalProcessing.Spectrum.SmoothedPeriodogram.AbsoluteValue0} 300986 ms. Memory: 2538496K Free: 214068K (8%)
#Configuration.check: entity: ptolemy.domains.sdf.lib.Autocorrelation {.configuration.actor library.Actors.SignalProcessing.Spectrum.SmoothedPeriodogram.Autocorrelation} 300987 ms. Memory: 2538496K Free: 214068K (8%)
#Configuration.check: entity: ptolemy.domains.sdf.lib.Chop {.configuration.actor library.Actors.SignalProcessing.Spectrum.SmoothedPeriodogram.Chop} 300988 ms. Memory: 2538496K Free: 213558K (8%)
#Configuration.check: entity: ptolemy.domains.sdf.lib.ArrayToSequence {.configuration.actor library.Actors.SignalProcessing.Spectrum.SmoothedPeriodogram.ArrayToSequence} 300989 ms. Memory: 2538496K Free: 213029K (8%)
#Configuration.check: entity: ptolemy.actor.lib.Sequence {.configuration.actor library.Actors.SignalProcessing.Spectrum.SmoothedPeriodogram.Sequence} 300991 ms. Memory: 2538496K Free: 212005K (8%)
#Configuration.check: entity: ptolemy.actor.lib.MultiplyDivide {.configuration.actor library.Actors.SignalProcessing.Spectrum.Spectrum.Multiply} 300992 ms. Memory: 2538496K Free: 212005K (8%)
#Configuration.check: entity: ptolemy.domains.sdf.lib.FFT {.configuration.actor library.Actors.SignalProcessing.Spectrum.Spectrum.FFT} 300993 ms. Memory: 2538496K Free: 212005K (8%)
#Configuration.check: entity: ptolemy.actor.lib.DB {.configuration.actor library.Actors.SignalProcessing.Spectrum.Spectrum.DB} 300994 ms. Memory: 2538496K Free: 210981K (8%)
#Configuration.check: entity: ptolemy.actor.lib.AbsoluteValue {.configuration.actor library.Actors.SignalProcessing.Spectrum.Spectrum.AbsoluteValue0} 300995 ms. Memory: 2538496K Free: 210981K (8%)
#Configuration.check: entity: ptolemy.actor.lib.Scale {.configuration.actor library.Actors.SignalProcessing.Spectrum.Spectrum.Scale} 300995 ms. Memory: 2538496K Free: 210981K (8%)
#Configuration.check: entity: ptolemy.actor.lib.Sequence {.configuration.actor library.Actors.SignalProcessing.Spectrum.Spectrum.Sequence} 300996 ms. Memory: 2538496K Free: 210981K (8%)
#Configuration.check: entity: ptolemy.actor.lib.CurrentTime {.configuration.actor library.Actors.DomainSpecific.Continuous.Signal Generators.ContinuousSinewave.CurrentTime} 300997 ms. Memory: 2538496K Free: 210486K (8%)
#Configuration.check: entity: ptolemy.actor.lib.Scale {.configuration.actor library.Actors.DomainSpecific.Continuous.Signal Generators.ContinuousSinewave.Frequency} 300997 ms. Memory: 2538496K Free: 210486K (8%)
#Configuration.check: entity: ptolemy.actor.lib.TrigFunction {.configuration.actor library.Actors.DomainSpecific.Continuous.Signal Generators.ContinuousSinewave.Sin} 300997 ms. Memory: 2538496K Free: 210486K (8%)
#Configuration.check: entity: ptolemy.actor.lib.Const {.configuration.actor library.Actors.DomainSpecific.Continuous.Signal Generators.ContinuousSinewave.Phase} 300997 ms. Memory: 2538496K Free: 210486K (8%)
#Configuration.check: entity: ptolemy.actor.lib.AddSubtract {.configuration.actor library.Actors.DomainSpecific.Continuous.Signal Generators.ContinuousSinewave.Add} 300998 ms. Memory: 2538496K Free: 210486K (8%)
#Configuration.check: entity: ptolemy.actor.lib.Scale {.configuration.actor library.Actors.DomainSpecific.Continuous.Signal Generators.ContinuousSinewave.Magnitude} 300998 ms. Memory: 2538496K Free: 210486K (8%)
#Configuration.check: entity: ptolemy.domains.continuous.lib.ZeroOrderHold {.configuration.actor library.Actors.DomainSpecific.Continuous.Signal Generators.PWM.ZeroOrderHold} 300998 ms. Memory: 2538496K Free: 209972K (8%)
#Configuration.check: entity: ptolemy.domains.modal.kernel.State {.configuration.actor library.Actors.DomainSpecific.Continuous.Signal Generators.PWM.Controller._Controller.on} 300998 ms. Memory: 2538496K Free: 209972K (8%)
#Configuration.check: entity: ptolemy.domains.modal.kernel.State {.configuration.actor library.Actors.DomainSpecific.Continuous.Signal Generators.PWM.Controller._Controller.off} 300998 ms. Memory: 2538496K Free: 209972K (8%)
#Configuration.check: entity: ptolemy.domains.modal.kernel.State {.configuration.actor library.Actors.DomainSpecific.Continuous.Signal Generators.PWM.Controller._Controller.start} 300998 ms. Memory: 2538496K Free: 209972K (8%)
#Configuration.check: entity: ptolemy.actor.lib.gui.SequencePlotter {.configuration.actor library.Actors.DomainSpecific.Continuous.Random.ContinuousSpectrum.Frequency Domain Display} 300998 ms. Memory: 2538496K Free: 209972K (8%)
#Configuration.check: entity: ptolemy.actor.lib.MultiplyDivide {.configuration.actor library.Actors.DomainSpecific.Continuous.Random.ContinuousSpectrum.Periodogram.Multiply} 300999 ms. Memory: 2538496K Free: 209972K (8%)
#Configuration.check: entity: ptolemy.actor.lib.Pulse {.configuration.actor library.Actors.DomainSpecific.Continuous.Random.ContinuousSpectrum.Periodogram.Waveform} 300999 ms. Memory: 2538496K Free: 209972K (8%)
#Configuration.check: entity: ptolemy.domains.sdf.lib.FFT {.configuration.actor library.Actors.DomainSpecific.Continuous.Random.ContinuousSpectrum.Periodogram.FFT} 301001 ms. Memory: 2538496K Free: 209462K (8%)
#Configuration.check: entity: ptolemy.actor.lib.DB {.configuration.actor library.Actors.DomainSpecific.Continuous.Random.ContinuousSpectrum.Periodogram.DB} 301003 ms. Memory: 2538496K Free: 208438K (8%)
#Configuration.check: entity: ptolemy.actor.lib.AbsoluteValue {.configuration.actor library.Actors.DomainSpecific.Continuous.Random.ContinuousSpectrum.Periodogram.AbsoluteValue0} 301003 ms. Memory: 2538496K Free: 208438K (8%)
#Configuration.check: entity: ptolemy.actor.lib.Scale {.configuration.actor library.Actors.DomainSpecific.Continuous.Random.ContinuousSpectrum.Periodogram.Scale} 301004 ms. Memory: 2538496K Free: 207924K (8%)
#Configuration.check: entity: ptolemy.actor.lib.aspect.CommunicationRequestPort {.configuration.actor library.MoreLibraries.Aspects.CompositeCommunicationAspect.CommunicationRequestPort} 301004 ms. Memory: 2538496K Free: 207924K (8%)
#Configuration.check: entity: ptolemy.actor.lib.aspect.CommunicationResponsePort {.configuration.actor library.MoreLibraries.Aspects.CompositeCommunicationAspect.CommunicationResponsePort} 301006 ms. Memory: 2538496K Free: 207414K (8%)
#Configuration.check: entity: ptolemy.actor.lib.aspect.ExecutionRequestPort {.configuration.actor library.MoreLibraries.Aspects.CompositeExecutionAspect.ExecutionRequestPort} 301007 ms. Memory: 2538496K Free: 207412K (8%)
#Configuration.check: entity: ptolemy.actor.lib.aspect.ExecutionResponsePort {.configuration.actor library.MoreLibraries.Aspects.CompositeExecutionAspect.ExecutionResponsePort} 301008 ms. Memory: 2538496K Free: 206888K (8%)
#Configuration.check: entity: ptolemy.actor.gt.controller.InitModelWithContainer {.configuration.actor library.MoreLibraries.GraphTransformation.ModelUpdater._Controller.InitModelWithContainer} 301008 ms. Memory: 2538496K Free: 206888K (8%)
#Configuration.check: entity: ptolemy.actor.gt.controller.InitModel {.configuration.actor library.MoreLibraries.GraphTransformation.TransformationController._Controller.InitModel} 301008 ms. Memory: 2538496K Free: 206888K (8%)
#Configuration.check: entity: ptolemy.actor.gt.controller.InputModel {.configuration.actor library.MoreLibraries.GraphTransformation.TransformationController._Controller.InputModel} 301008 ms. Memory: 2538496K Free: 206888K (8%)
#Configuration.check: entity: ptolemy.actor.gt.controller.OutputModel {.configuration.actor library.MoreLibraries.GraphTransformation.TransformationController._Controller.OutputModel} 301008 ms. Memory: 2538496K Free: 206888K (8%)
#Configuration.check: entity: ptolemy.actor.lib.Expression {.configuration.actor library.MoreLibraries.MachineLearning.ParticleFilter.CollaborativeRangeParticleFilter.x_update} 301008 ms. Memory: 2538496K Free: 206888K (8%)
#Configuration.check: entity: ptolemy.actor.lib.Expression {.configuration.actor library.MoreLibraries.MachineLearning.ParticleFilter.CollaborativeRangeParticleFilter.y_update} 301124 ms. Memory: 2538496K Free: 146998K (6%)
#Configuration.check: entity: ptolemy.actor.lib.Expression {.configuration.actor library.MoreLibraries.MachineLearning.ParticleFilter.CollaborativeRangeParticleFilter.range0_m_equation} 301125 ms. Memory: 2538496K Free: 146998K (6%)
#Configuration.check: entity: ptolemy.actor.lib.Expression {.configuration.actor library.MoreLibraries.MachineLearning.ParticleFilter.CollaborativeRangeParticleFilter.range0_m_covariance} 301126 ms. Memory: 2538496K Free: 146469K (6%)
#Configuration.check: entity: ptolemy.actor.lib.SetVariable {.configuration.actor library.MoreLibraries.MachineLearning.ParticleFilter.CollaborativeRangeParticleFilter.setrange0_m} 301127 ms. Memory: 2538496K Free: 146469K (6%)
#Configuration.check: entity: ptolemy.actor.lib.Expression {.configuration.actor library.MoreLibraries.MachineLearning.ParticleFilter.CollaborativeRangeParticleFilter.range1_m_equation} 301127 ms. Memory: 2538496K Free: 146469K (6%)
#Configuration.check: entity: ptolemy.actor.lib.Expression {.configuration.actor library.MoreLibraries.MachineLearning.ParticleFilter.CollaborativeRangeParticleFilter.range1_m_covariance} 301130 ms. Memory: 2538496K Free: 145974K (6%)
#Configuration.check: entity: ptolemy.actor.lib.SetVariable {.configuration.actor library.MoreLibraries.MachineLearning.ParticleFilter.CollaborativeRangeParticleFilter.setrange1_m} 301130 ms. Memory: 2538496K Free: 145974K (6%)
#Configuration.check: entity: ptolemy.actor.lib.Expression {.configuration.actor library.MoreLibraries.MachineLearning.ParticleFilter.CollaborativeRangeParticleFilter.range2_m_equation} 301131 ms. Memory: 2538496K Free: 145974K (6%)
#Configuration.check: entity: ptolemy.actor.lib.Expression {.configuration.actor library.MoreLibraries.MachineLearning.ParticleFilter.CollaborativeRangeParticleFilter.range2_m_covariance} 301131 ms. Memory: 2538496K Free: 145974K (6%)
#Configuration.check: entity: ptolemy.actor.lib.SetVariable {.configuration.actor library.MoreLibraries.MachineLearning.ParticleFilter.CollaborativeRangeParticleFilter.setrange2_m} 301132 ms. Memory: 2538496K Free: 145460K (6%)
#Configuration.check: entity: ptolemy.actor.lib.Expression {.configuration.actor library.MoreLibraries.MachineLearning.ParticleFilter.CollaborativeRangeParticleFilter.range3_m_equation} 301132 ms. Memory: 2538496K Free: 145460K (6%)
#Configuration.check: entity: ptolemy.actor.lib.Expression {.configuration.actor library.MoreLibraries.MachineLearning.ParticleFilter.CollaborativeRangeParticleFilter.range3_m_covariance} 301133 ms. Memory: 2538496K Free: 145460K (6%)
#Configuration.check: entity: ptolemy.actor.lib.SetVariable {.configuration.actor library.MoreLibraries.MachineLearning.ParticleFilter.CollaborativeRangeParticleFilter.setrange3_m} 301134 ms. Memory: 2538496K Free: 144950K (6%)
#Configuration.check: entity: ptolemy.actor.lib.AddSubtract {.configuration.actor library.MoreLibraries.Optimization.TrajectoryOptimizer.OptimizerComposite.AddSubtract} 301134 ms. Memory: 2538496K Free: 144950K (6%)
#Configuration.check: entity: ptolemy.actor.lib.Expression {.configuration.actor library.MoreLibraries.Optimization.TrajectoryOptimizer.OptimizerComposite.Constraints} 301134 ms. Memory: 2538496K Free: 144950K (6%)
#Configuration.check: entity: ptolemy.actor.lib.Expression {.configuration.actor library.MoreLibraries.Optimization.TrajectoryOptimizer.OptimizerComposite.CostFunction} 301135 ms. Memory: 2538496K Free: 144950K (6%)
#---- Second call to Configuration.check
HLA version is 1.3.
HLA version is 1.3.
HLA version is 1.3.
HLA version is 1.3.
HLA version is 1.3.
HLA version is 1.3.
Configuration.check: entity: ptolemy.actor.lib.Assert {.configuration.actor library.Utilities.Analysis.Assert} 0 ms. Memory: 2836480K Free: 319486K (11%)
#Configuration.check: entity: ptolemy.actor.lib.jjs.JavaScript {.configuration.actor library.Utilities.JavaScript.JavaScript} 2 ms. Memory: 2836480K Free: 318976K (11%)
#Configuration.check: entity: ptolemy.vergil.basic.export.html.jsoup.HTMLPageAssembler {.configuration.actor library.Utilities.WebExport.HTMLPageAssembler} 6 ms. Memory: 2836480K Free: 317952K (11%)
#Configuration.check: entity: ptolemy.actor.lib.Const {.configuration.actor library.Actors.Sources.GenericSources.Const} 7 ms. Memory: 2836480K Free: 317950K (11%)
#Configuration.check: entity: ptolemy.actor.lib.StringConst {.configuration.actor library.Actors.Sources.GenericSources.StringConst} 8 ms. Memory: 2836480K Free: 317438K (11%)
#Configuration.check: entity: ptolemy.actor.lib.Subscriber {.configuration.actor library.Actors.Sources.GenericSources.Subscriber} 8 ms. Memory: 2836480K Free: 317438K (11%)
#Configuration.check: entity: ptolemy.actor.lib.SubscriptionAggregator {.configuration.actor library.Actors.Sources.GenericSources.SubscriptionAggregator} 9 ms. Memory: 2836480K Free: 316928K (11%)
#Configuration.check: entity: ptolemy.actor.lib.CurrentDate {.configuration.actor library.Actors.Sources.TimedSources.CurrentDate} 11 ms. Memory: 2836480K Free: 316399K (11%)
#Configuration.check: entity: ptolemy.actor.lib.CurrentTime {.configuration.actor library.Actors.Sources.TimedSources.CurrentTime} 13 ms. Memory: 2836480K Free: 315390K (11%)
#Configuration.check: entity: ptolemy.actor.lib.CurrentMicrostep {.configuration.actor library.Actors.Sources.TimedSources.CurrentMicrostep} 14 ms. Memory: 2836480K Free: 315390K (11%)
#Configuration.check: entity: ptolemy.actor.lib.DiscreteClock {.configuration.actor library.Actors.Sources.TimedSources.DiscreteClock} 14 ms. Memory: 2836480K Free: 314880K (11%)
#Configuration.check: entity: ptolemy.actor.lib.PoissonClock {.configuration.actor library.Actors.Sources.TimedSources.PoissonClock} 53 ms. Memory: 2836480K Free: 440877K (16%)
#Configuration.check: entity: ptolemy.actor.lib.gui.InteractiveDialog {.configuration.actor library.Actors.Sources.SequenceSources.InteractiveDialog} 54 ms. Memory: 2836480K Free: 440877K (16%)
#Configuration.check: entity: ptolemy.actor.lib.gui.InteractiveShell {.configuration.actor library.Actors.Sources.SequenceSources.InteractiveShell} 54 ms. Memory: 2836480K Free: 440381K (16%)
#Configuration.check: entity: ptolemy.actor.lib.Interpolator {.configuration.actor library.Actors.Sources.SequenceSources.Interpolator} 55 ms. Memory: 2836480K Free: 440381K (16%)
#Configuration.check: entity: ptolemy.actor.lib.Pulse {.configuration.actor library.Actors.Sources.SequenceSources.Pulse} 57 ms. Memory: 2836480K Free: 439867K (16%)
#Configuration.check: entity: ptolemy.actor.lib.Ramp {.configuration.actor library.Actors.Sources.SequenceSources.Ramp} 59 ms. Memory: 2836480K Free: 439357K (15%)
#Configuration.check: entity: ptolemy.actor.lib.Sequence {.configuration.actor library.Actors.Sources.SequenceSources.Sequence} 68 ms. Memory: 2836480K Free: 438837K (15%)
#Configuration.check: entity: ptolemy.actor.lib.gui.SketchedSource {.configuration.actor library.Actors.Sources.SequenceSources.SketchedSource} 69 ms. Memory: 2836480K Free: 438837K (15%)
#Configuration.check: entity: ptolemy.actor.lib.gui.ArrayPlotterXY {.configuration.actor library.Actors.Sinks.GenericSinks.ArrayPlotterXY} 70 ms. Memory: 2836480K Free: 438333K (15%)
#Configuration.check: entity: ptolemy.actor.lib.Discard {.configuration.actor library.Actors.Sinks.GenericSinks.Discard} 70 ms. Memory: 2836480K Free: 438333K (15%)
#Configuration.check: entity: ptolemy.actor.lib.gui.Display {.configuration.actor library.Actors.Sinks.GenericSinks.Display} 71 ms. Memory: 2836480K Free: 437805K (15%)
#Configuration.check: entity: ptolemy.actor.lib.gui.MonitorValue {.configuration.actor library.Actors.Sinks.GenericSinks.MonitorValue} 82 ms. Memory: 2836480K Free: 437805K (15%)
#Configuration.check: entity: ptolemy.actor.lib.Publisher {.configuration.actor library.Actors.Sinks.GenericSinks.Publisher} 83 ms. Memory: 2836480K Free: 437748K (15%)
#Configuration.check: entity: ptolemy.actor.lib.Recorder {.configuration.actor library.Actors.Sinks.GenericSinks.Recorder} 84 ms. Memory: 2836480K Free: 437309K (15%)
#Configuration.check: entity: ptolemy.actor.lib.SetVariable {.configuration.actor library.Actors.Sinks.GenericSinks.SetVariable} 84 ms. Memory: 2836480K Free: 436795K (15%)
#Configuration.check: entity: ptolemy.actor.lib.gui.XYPlotter {.configuration.actor library.Actors.Sinks.GenericSinks.XYPlotter} 84 ms. Memory: 2836480K Free: 436795K (15%)
#Configuration.check: entity: ptolemy.actor.lib.gui.XYScope {.configuration.actor library.Actors.Sinks.GenericSinks.XYScope} 84 ms. Memory: 2836480K Free: 436795K (15%)
#Configuration.check: entity: ptolemy.actor.lib.gui.TimedDisplay {.configuration.actor library.Actors.Sinks.TimedSinks.TimedDisplay} 85 ms. Memory: 2836480K Free: 436795K (15%)
#Configuration.check: entity: ptolemy.actor.lib.gui.TimedMonitorValue {.configuration.actor library.Actors.Sinks.TimedSinks.TimedMonitorValue} 85 ms. Memory: 2836480K Free: 436795K (15%)
#Configuration.check: entity: ptolemy.actor.lib.gui.TimedPlotter {.configuration.actor library.Actors.Sinks.TimedSinks.TimedPlotter} 86 ms. Memory: 2836480K Free: 436285K (15%)
#Configuration.check: entity: ptolemy.actor.lib.gui.TimedScope {.configuration.actor library.Actors.Sinks.TimedSinks.TimedScope} 86 ms. Memory: 2836480K Free: 436285K (15%)
#Configuration.check: entity: ptolemy.actor.lib.gui.ArrayPlotter {.configuration.actor library.Actors.Sinks.SequenceSinks.ArrayPlotter} 86 ms. Memory: 2836480K Free: 436285K (15%)
#Configuration.check: entity: ptolemy.actor.lib.gui.BarGraph {.configuration.actor library.Actors.Sinks.SequenceSinks.BarGraph} 87 ms. Memory: 2836480K Free: 435771K (15%)
#Configuration.check: entity: ptolemy.actor.lib.gui.HistogramPlotter {.configuration.actor library.Actors.Sinks.SequenceSinks.HistogramPlotter} 87 ms. Memory: 2836480K Free: 435771K (15%)
#Configuration.check: entity: ptolemy.actor.lib.gui.SequencePlotter {.configuration.actor library.Actors.Sinks.SequenceSinks.SequencePlotter} 87 ms. Memory: 2836480K Free: 435771K (15%)
#Configuration.check: entity: ptolemy.actor.lib.gui.SequenceScope {.configuration.actor library.Actors.Sinks.SequenceSinks.SequenceScope} 87 ms. Memory: 2836480K Free: 435771K (15%)
#Configuration.check: entity: ptolemy.actor.lib.ArrayAccumulate {.configuration.actor library.Actors.Array.ArrayAccumulate} 88 ms. Memory: 2836480K Free: 435771K (15%)
#Configuration.check: entity: ptolemy.actor.lib.ArrayAppend {.configuration.actor library.Actors.Array.ArrayAppend} 89 ms. Memory: 2836480K Free: 435261K (15%)
#Configuration.check: entity: ptolemy.actor.lib.ArrayAverage {.configuration.actor library.Actors.Array.ArrayAverage} 89 ms. Memory: 2836480K Free: 435261K (15%)
#Configuration.check: entity: ptolemy.actor.lib.ArrayContains {.configuration.actor library.Actors.Array.ArrayContains} 91 ms. Memory: 2836480K Free: 434747K (15%)
#Configuration.check: entity: ptolemy.actor.lib.ArrayElement {.configuration.actor library.Actors.Array.ArrayElement} 101 ms. Memory: 2836480K Free: 434237K (15%)
#Configuration.check: entity: ptolemy.actor.lib.ArrayElementAsMatrix {.configuration.actor library.Actors.Array.ArrayElementAsMatrix} 102 ms. Memory: 2836480K Free: 434237K (15%)
#Configuration.check: entity: ptolemy.actor.lib.ArrayExtract {.configuration.actor library.Actors.Array.ArrayExtract} 104 ms. Memory: 2836480K Free: 433213K (15%)
#Configuration.check: entity: ptolemy.actor.lib.ArrayLength {.configuration.actor library.Actors.Array.ArrayLength} 106 ms. Memory: 2836480K Free: 432685K (15%)
#Configuration.check: entity: ptolemy.actor.lib.ArrayLevelCrossing {.configuration.actor library.Actors.Array.ArrayLevelCrossing} 107 ms. Memory: 2836480K Free: 432685K (15%)
#Configuration.check: entity: ptolemy.actor.lib.ArrayMaximum {.configuration.actor library.Actors.Array.ArrayMaximum} 109 ms. Memory: 2836480K Free: 431645K (15%)
#Configuration.check: entity: ptolemy.actor.lib.ArrayMinimum {.configuration.actor library.Actors.Array.ArrayMinimum} 114 ms. Memory: 2836480K Free: 431645K (15%)
#Configuration.check: entity: ptolemy.actor.lib.ArrayPeakSearch {.configuration.actor library.Actors.Array.ArrayPeakSearch} 115 ms. Memory: 2836480K Free: 431165K (15%)
#Configuration.check: entity: ptolemy.actor.lib.ArrayRemoveElement {.configuration.actor library.Actors.Array.ArrayRemoveElement} 117 ms. Memory: 2836480K Free: 430651K (15%)
#Configuration.check: entity: ptolemy.actor.lib.ArraySort {.configuration.actor library.Actors.Array.ArraySort} 118 ms. Memory: 2836480K Free: 430141K (15%)
#Configuration.check: entity: ptolemy.actor.lib.ArraySum {.configuration.actor library.Actors.Array.ArraySum} 119 ms. Memory: 2836480K Free: 430141K (15%)
#Configuration.check: entity: ptolemy.actor.lib.ArrayToElements {.configuration.actor library.Actors.Array.ArrayToElements} 120 ms. Memory: 2836480K Free: 429627K (15%)
#Configuration.check: entity: ptolemy.domains.sdf.lib.ArrayToSequence {.configuration.actor library.Actors.Array.ArrayToSequence} 120 ms. Memory: 2836480K Free: 429627K (15%)
#Configuration.check: entity: ptolemy.actor.lib.ArrayUpdate {.configuration.actor library.Actors.Array.ArrayUpdate} 130 ms. Memory: 2836480K Free: 428603K (15%)
#Configuration.check: entity: ptolemy.actor.lib.ElementsToArray {.configuration.actor library.Actors.Array.ElementsToArray} 132 ms. Memory: 2836480K Free: 428093K (15%)
#Configuration.check: entity: ptolemy.domains.sdf.lib.SequenceToArray {.configuration.actor library.Actors.Array.SequenceToArray} 132 ms. Memory: 2836480K Free: 428093K (15%)
#Configuration.check: entity: ptolemy.actor.lib.conversions.AnythingToDouble {.configuration.actor library.Actors.Conversions.AnythingToDouble} 135 ms. Memory: 2836480K Free: 427565K (15%)
#Configuration.check: entity: ptolemy.actor.lib.conversions.BooleanToAnything {.configuration.actor library.Actors.Conversions.BooleanToAnything} 135 ms. Memory: 2836480K Free: 427565K (15%)
#Configuration.check: entity: ptolemy.domains.sdf.lib.BitsToInt {.configuration.actor library.Actors.Conversions.BitsToInt} 135 ms. Memory: 2836480K Free: 427565K (15%)
#Configuration.check: entity: ptolemy.actor.lib.conversions.CartesianToComplex {.configuration.actor library.Actors.Conversions.CartesianToComplex} 135 ms. Memory: 2836480K Free: 427069K (15%)
#Configuration.check: entity: ptolemy.actor.lib.conversions.CartesianToPolar {.configuration.actor library.Actors.Conversions.CartesianToPolar} 135 ms. Memory: 2836480K Free: 427069K (15%)
#Configuration.check: entity: ptolemy.actor.lib.conversions.ComplexToCartesian {.configuration.actor library.Actors.Conversions.ComplexToCartesian} 135 ms. Memory: 2836480K Free: 427069K (15%)
#Configuration.check: entity: ptolemy.actor.lib.conversions.ComplexToPolar {.configuration.actor library.Actors.Conversions.ComplexToPolar} 135 ms. Memory: 2836480K Free: 427069K (15%)
#Configuration.check: entity: ptolemy.actor.lib.conversions.DateToString {.configuration.actor library.Actors.Conversions.DateToString} 136 ms. Memory: 2836480K Free: 427069K (15%)
#Configuration.check: entity: ptolemy.actor.lib.conversions.DoubleToFix {.configuration.actor library.Actors.Conversions.DoubleToFix} 136 ms. Memory: 2836480K Free: 427069K (15%)
#Configuration.check: entity: ptolemy.actor.lib.conversions.ExpressionToToken {.configuration.actor library.Actors.Conversions.ExpressionToToken} 136 ms. Memory: 2836480K Free: 427069K (15%)
#Configuration.check: entity: ptolemy.actor.lib.conversions.FixToDouble {.configuration.actor library.Actors.Conversions.FixToDouble} 136 ms. Memory: 2836480K Free: 427069K (15%)
#Configuration.check: entity: ptolemy.actor.lib.conversions.FixToFix {.configuration.actor library.Actors.Conversions.FixToFix} 136 ms. Memory: 2836480K Free: 427069K (15%)
#Configuration.check: entity: ptolemy.actor.lib.conversions.ImageToString {.configuration.actor library.Actors.Conversions.ImageToString} 136 ms. Memory: 2836480K Free: 426541K (15%)
#Configuration.check: entity: ptolemy.actor.lib.conversions.IntArrayToString {.configuration.actor library.Actors.Conversions.IntArrayToString} 137 ms. Memory: 2836480K Free: 426541K (15%)
#Configuration.check: entity: ptolemy.domains.sdf.lib.IntToBits {.configuration.actor library.Actors.Conversions.IntToBits} 137 ms. Memory: 2836480K Free: 426541K (15%)
#Configuration.check: entity: ptolemy.actor.lib.conversions.InUnitsOf {.configuration.actor library.Actors.Conversions.InUnitsOf} 137 ms. Memory: 2836480K Free: 426541K (15%)
#Configuration.check: entity: ptolemy.actor.lib.conversions.json.JSONToToken {.configuration.actor library.Actors.Conversions.JSON.JSONToToken} 137 ms. Memory: 2836480K Free: 426541K (15%)
#Configuration.check: entity: ptolemy.actor.lib.conversions.json.TokenToJSON {.configuration.actor library.Actors.Conversions.JSON.TokenToJSON} 137 ms. Memory: 2836480K Free: 426541K (15%)
#Configuration.check: entity: ptolemy.actor.lib.conversions.LongToDouble {.configuration.actor library.Actors.Conversions.LongToDouble} 137 ms. Memory: 2836480K Free: 426045K (15%)
#Configuration.check: entity: ptolemy.actor.lib.conversions.PolarToCartesian {.configuration.actor library.Actors.Conversions.PolarToCartesian} 145 ms. Memory: 2836480K Free: 426045K (15%)
#Configuration.check: entity: ptolemy.actor.lib.conversions.PolarToComplex {.configuration.actor library.Actors.Conversions.PolarToComplex} 146 ms. Memory: 2836480K Free: 426045K (15%)
#Configuration.check: entity: ptolemy.actor.lib.conversions.Round {.configuration.actor library.Actors.Conversions.Round} 146 ms. Memory: 2836480K Free: 426045K (15%)
#Configuration.check: entity: ptolemy.actor.lib.conversions.SmoothToDouble {.configuration.actor library.Actors.Conversions.SmoothToDouble} 146 ms. Memory: 2836480K Free: 426045K (15%)
#Configuration.check: entity: ptolemy.actor.lib.conversions.StringToBoolean {.configuration.actor library.Actors.Conversions.StringToBoolean} 146 ms. Memory: 2836480K Free: 426045K (15%)
#Configuration.check: entity: ptolemy.actor.lib.conversions.StringToDouble {.configuration.actor library.Actors.Conversions.StringToDouble} 146 ms. Memory: 2836480K Free: 426045K (15%)
#Configuration.check: entity: ptolemy.actor.lib.conversions.StringToInt {.configuration.actor library.Actors.Conversions.StringToInt} 146 ms. Memory: 2836480K Free: 426045K (15%)
#Configuration.check: entity: ptolemy.actor.lib.conversions.StringToIntArray {.configuration.actor library.Actors.Conversions.StringToIntArray} 146 ms. Memory: 2836480K Free: 426045K (15%)
#Configuration.check: entity: ptolemy.actor.lib.conversions.StringToUnsignedByteArray {.configuration.actor library.Actors.Conversions.StringToUnsignedByteArray} 146 ms. Memory: 2836480K Free: 426045K (15%)
#Configuration.check: entity: ptolemy.actor.lib.conversions.StringToXML {.configuration.actor library.Actors.Conversions.StringToXML} 146 ms. Memory: 2836480K Free: 426045K (15%)
#Configuration.check: entity: ptolemy.actor.lib.conversions.TokenToExpression {.configuration.actor library.Actors.Conversions.TokenToExpression} 146 ms. Memory: 2836480K Free: 426045K (15%)
#Configuration.check: entity: ptolemy.actor.lib.conversions.UnsignedByteArrayToString {.configuration.actor library.Actors.Conversions.UnsignedByteArrayToString} 146 ms. Memory: 2836480K Free: 426045K (15%)
#Configuration.check: entity: ptolemy.actor.lib.BusAssembler {.configuration.actor library.Actors.FlowControl.Aggregators.BusAssembler} 146 ms. Memory: 2836480K Free: 426045K (15%)
#Configuration.check: entity: ptolemy.actor.lib.BusDisassembler {.configuration.actor library.Actors.FlowControl.Aggregators.BusDisassembler} 147 ms. Memory: 2836480K Free: 426045K (15%)
#Configuration.check: entity: ptolemy.actor.lib.Commutator {.configuration.actor library.Actors.FlowControl.Aggregators.Commutator} 147 ms. Memory: 2836480K Free: 425531K (15%)
#Configuration.check: entity: ptolemy.actor.lib.Distributor {.configuration.actor library.Actors.FlowControl.Aggregators.Distributor} 148 ms. Memory: 2836480K Free: 425527K (15%)
#Configuration.check: entity: ptolemy.actor.lib.Multiplexor {.configuration.actor library.Actors.FlowControl.Aggregators.Multiplexor} 150 ms. Memory: 2836480K Free: 425021K (15%)
#Configuration.check: entity: ptolemy.actor.lib.OrderedRecordAssembler {.configuration.actor library.Actors.FlowControl.Aggregators.OrderedRecordAssembler} 154 ms. Memory: 2836480K Free: 424507K (15%)
#Configuration.check: entity: ptolemy.actor.lib.RecordAssembler {.configuration.actor library.Actors.FlowControl.Aggregators.RecordAssembler} 155 ms. Memory: 2836480K Free: 424507K (15%)
#Configuration.check: entity: ptolemy.actor.lib.RecordDisassembler {.configuration.actor library.Actors.FlowControl.Aggregators.RecordDisassembler} 155 ms. Memory: 2836480K Free: 424507K (15%)
#Configuration.check: entity: ptolemy.actor.lib.RecordUpdater {.configuration.actor library.Actors.FlowControl.Aggregators.RecordUpdater} 156 ms. Memory: 2836480K Free: 424507K (15%)
#Configuration.check: entity: ptolemy.actor.lib.Sampler {.configuration.actor library.Actors.FlowControl.Aggregators.Sampler} 156 ms. Memory: 2836480K Free: 424507K (15%)
#Configuration.check: entity: ptolemy.actor.lib.Select {.configuration.actor library.Actors.FlowControl.Aggregators.Select} 156 ms. Memory: 2836480K Free: 424507K (15%)
#Configuration.check: entity: ptolemy.actor.lib.SingleTokenCommutator {.configuration.actor library.Actors.FlowControl.Aggregators.SingleTokenCommutator} 158 ms. Memory: 2836480K Free: 423997K (15%)
#Configuration.check: entity: ptolemy.actor.lib.Switch {.configuration.actor library.Actors.FlowControl.Aggregators.Switch} 158 ms. Memory: 2836480K Free: 423483K (15%)
#Configuration.check: entity: ptolemy.actor.lib.Synchronizer {.configuration.actor library.Actors.FlowControl.Aggregators.Synchronizer} 160 ms. Memory: 2836480K Free: 422973K (15%)
#Configuration.check: entity: ptolemy.actor.lib.UnionDisassembler {.configuration.actor library.Actors.FlowControl.Aggregators.UnionDisassembler} 160 ms. Memory: 2836480K Free: 422973K (15%)
#Configuration.check: entity: ptolemy.actor.lib.UnionMerge {.configuration.actor library.Actors.FlowControl.Aggregators.UnionMerge} 160 ms. Memory: 2836480K Free: 422973K (15%)
#Configuration.check: entity: ptolemy.actor.lib.VectorAssembler {.configuration.actor library.Actors.FlowControl.Aggregators.VectorAssembler} 161 ms. Memory: 2836480K Free: 422973K (15%)
#Configuration.check: entity: ptolemy.actor.lib.VectorDisassembler {.configuration.actor library.Actors.FlowControl.Aggregators.VectorDisassembler} 161 ms. Memory: 2836480K Free: 422973K (15%)
#Configuration.check: entity: ptolemy.actor.lib.BooleanMultiplexor {.configuration.actor library.Actors.FlowControl.BooleanFlowControl.BooleanMultiplexor} 161 ms. Memory: 2836480K Free: 422973K (15%)
#Configuration.check: entity: ptolemy.actor.lib.BooleanSelect {.configuration.actor library.Actors.FlowControl.BooleanFlowControl.BooleanSelect} 162 ms. Memory: 2836480K Free: 422459K (15%)
#Configuration.check: entity: ptolemy.actor.lib.BooleanSwitch {.configuration.actor library.Actors.FlowControl.BooleanFlowControl.BooleanSwitch} 164 ms. Memory: 2836480K Free: 421949K (15%)
#Configuration.check: entity: ptolemy.actor.lib.ConfigurationSelect {.configuration.actor library.Actors.FlowControl.BooleanFlowControl.ConfigurationSelect} 166 ms. Memory: 2836480K Free: 421435K (15%)
#Configuration.check: entity: ptolemy.actor.lib.ConfigurationSwitch {.configuration.actor library.Actors.FlowControl.BooleanFlowControl.ConfigurationSwitch} 167 ms. Memory: 2836480K Free: 420925K (15%)
#Configuration.check: entity: ptolemy.domains.sdf.lib.CountTrues {.configuration.actor library.Actors.FlowControl.BooleanFlowControl.CountTrues} 169 ms. Memory: 2836480K Free: 420411K (15%)
#Configuration.check: entity: ptolemy.domains.sdf.lib.Chop {.configuration.actor library.Actors.FlowControl.SequenceControl.Chop} 169 ms. Memory: 2836480K Free: 420411K (15%)
#Configuration.check: entity: ptolemy.actor.lib.Default {.configuration.actor library.Actors.FlowControl.SequenceControl.Default} 171 ms. Memory: 2836480K Free: 419901K (15%)
#Configuration.check: entity: ptolemy.domains.sdf.lib.Repeat {.configuration.actor library.Actors.FlowControl.SequenceControl.Repeat} 172 ms. Memory: 2836480K Free: 419387K (15%)
#Configuration.check: entity: ptolemy.domains.sdf.lib.SampleDelay {.configuration.actor library.Actors.FlowControl.SequenceControl.SampleDelay} 177 ms. Memory: 2836480K Free: 418363K (15%)
#Configuration.check: entity: ptolemy.actor.lib.Sequencer {.configuration.actor library.Actors.FlowControl.SequenceControl.Sequencer} 177 ms. Memory: 2836480K Free: 417853K (15%)
#Configuration.check: entity: ptolemy.actor.lib.Exit {.configuration.actor library.Actors.FlowControl.ExecutionControl.Exit} 178 ms. Memory: 2836480K Free: 417339K (15%)
#Configuration.check: entity: ptolemy.actor.lib.Stop {.configuration.actor library.Actors.FlowControl.ExecutionControl.Stop} 178 ms. Memory: 2836480K Free: 417339K (15%)
#Configuration.check: entity: ptolemy.actor.lib.Pause {.configuration.actor library.Actors.FlowControl.ExecutionControl.Pause} 178 ms. Memory: 2836480K Free: 417339K (15%)
#Configuration.check: entity: ptolemy.actor.lib.ThrowException {.configuration.actor library.Actors.FlowControl.ExecutionControl.ThrowException} 178 ms. Memory: 2836480K Free: 417339K (15%)
#Configuration.check: entity: ptolemy.actor.lib.ThrowModelError {.configuration.actor library.Actors.FlowControl.ExecutionControl.ThrowModelError} 179 ms. Memory: 2836480K Free: 417339K (15%)
#Configuration.check: entity: ptolemy.actor.lib.Dictionary {.configuration.actor library.Actors.DataStores.Dictionary} 179 ms. Memory: 2836480K Free: 417339K (15%)
#Configuration.check: entity: ptolemy.actor.lib.hoc.ApplyFunction {.configuration.actor library.Actors.HigherOrderActors.ApplyFunction} 182 ms. Memory: 2836480K Free: 415805K (15%)
#Configuration.check: entity: ptolemy.vergil.actor.lib.ModelDisplay {.configuration.actor library.Actors.HigherOrderActors.ModelDisplay} 184 ms. Memory: 2836480K Free: 415803K (15%)
#Configuration.check: entity: ptolemy.actor.lib.hoc.ModelReference {.configuration.actor library.Actors.HigherOrderActors.ModelReference} 184 ms. Memory: 2836480K Free: 415291K (15%)
#Configuration.check: entity: ptolemy.vergil.actor.lib.VisualModelReference {.configuration.actor library.Actors.HigherOrderActors.VisualModelReference} 187 ms. Memory: 2836480K Free: 414781K (15%)
#Configuration.check: entity: ptolemy.actor.lib.gui.ArrowKeySensor {.configuration.actor library.Actors.IO.ArrowKeySensor} 190 ms. Memory: 2836480K Free: 413757K (15%)
#Configuration.check: entity: ptolemy.actor.lib.io.CSVReader {.configuration.actor library.Actors.IO.CSVReader} 191 ms. Memory: 2836480K Free: 413243K (15%)
#Configuration.check: entity: ptolemy.actor.lib.io.CSVWriter {.configuration.actor library.Actors.IO.CSVWriter} 192 ms. Memory: 2836480K Free: 413243K (15%)
#Configuration.check: entity: ptolemy.actor.lib.net.DatagramReader {.configuration.actor library.Actors.IO.DatagramReader} 196 ms. Memory: 2836480K Free: 412733K (15%)
#Configuration.check: entity: ptolemy.actor.lib.net.DatagramWriter {.configuration.actor library.Actors.IO.DatagramWriter} 197 ms. Memory: 2836480K Free: 412733K (15%)
#Configuration.check: entity: ptolemy.actor.lib.io.DirectoryListing {.configuration.actor library.Actors.IO.DirectoryListing} 198 ms. Memory: 2836480K Free: 412219K (15%)
#Configuration.check: entity: ptolemy.actor.lib.io.FileReader {.configuration.actor library.Actors.IO.FileReader} 199 ms. Memory: 2836480K Free: 411709K (15%)
#Configuration.check: entity: ptolemy.actor.lib.net.IPAddress {.configuration.actor library.Actors.IO.IPAddress} 200 ms. Memory: 2836480K Free: 411709K (15%)
#Configuration.check: entity: ptolemy.actor.lib.FileWriter {.configuration.actor library.Actors.IO.FileWriter} 201 ms. Memory: 2836480K Free: 411165K (14%)
#Configuration.check: entity: ptolemy.actor.lib.io.LineReader {.configuration.actor library.Actors.IO.LineReader} 201 ms. Memory: 2836480K Free: 411165K (14%)
#Configuration.check: entity: ptolemy.actor.lib.io.LineWriter {.configuration.actor library.Actors.IO.LineWriter} 201 ms. Memory: 2836480K Free: 411165K (14%)
#Configuration.check: entity: ptolemy.actor.lib.logic.Comparator {.configuration.actor library.Actors.Logic.Comparator} 202 ms. Memory: 2836480K Free: 411165K (14%)
#Configuration.check: entity: ptolemy.actor.lib.logic.Equals {.configuration.actor library.Actors.Logic.Equals} 202 ms. Memory: 2836480K Free: 410685K (14%)
#Configuration.check: entity: ptolemy.actor.lib.logic.IsPresent {.configuration.actor library.Actors.Logic.IsPresent} 202 ms. Memory: 2836480K Free: 410685K (14%)
#Configuration.check: entity: ptolemy.actor.lib.logic.LogicalNot {.configuration.actor library.Actors.Logic.LogicalNot} 202 ms. Memory: 2836480K Free: 410685K (14%)
#Configuration.check: entity: ptolemy.actor.lib.logic.LogicGate {.configuration.actor library.Actors.Logic.LogicGate} 203 ms. Memory: 2836480K Free: 410685K (14%)
#Configuration.check: entity: ptolemy.actor.lib.logic.TrueGate {.configuration.actor library.Actors.Logic.TrueGate} 206 ms. Memory: 2836480K Free: 410171K (14%)
#Configuration.check: entity: ptolemy.actor.lib.AbsoluteValue {.configuration.actor library.Actors.Math.AbsoluteValue} 206 ms. Memory: 2836480K Free: 410171K (14%)
#Configuration.check: entity: ptolemy.actor.lib.AddSubtract {.configuration.actor library.Actors.Math.AddSubtract} 206 ms. Memory: 2836480K Free: 409659K (14%)
#Configuration.check: entity: ptolemy.actor.lib.Accumulator {.configuration.actor library.Actors.Math.Accumulator} 206 ms. Memory: 2836480K Free: 409659K (14%)
#Configuration.check: entity: ptolemy.actor.lib.Average {.configuration.actor library.Actors.Math.Average} 207 ms. Memory: 2836480K Free: 409659K (14%)
#Configuration.check: entity: ptolemy.actor.lib.Counter {.configuration.actor library.Actors.Math.Counter} 209 ms. Memory: 2836480K Free: 409147K (14%)
#Configuration.check: entity: ptolemy.actor.lib.Differential {.configuration.actor library.Actors.Math.Differential} 209 ms. Memory: 2836480K Free: 408637K (14%)
#Configuration.check: entity: ptolemy.domains.sdf.lib.DotProduct {.configuration.actor library.Actors.Math.DotProduct} 211 ms. Memory: 2836480K Free: 408123K (14%)
#Configuration.check: entity: ptolemy.actor.lib.Expression {.configuration.actor library.Actors.Math.Expression} 214 ms. Memory: 2836480K Free: 407611K (14%)
#Configuration.check: entity: ptolemy.actor.lib.Limiter {.configuration.actor library.Actors.Math.Limiter} 215 ms. Memory: 2836480K Free: 407099K (14%)
#Configuration.check: entity: ptolemy.actor.lib.LookupTable {.configuration.actor library.Actors.Math.LookupTable} 216 ms. Memory: 2836480K Free: 406589K (14%)
#Configuration.check: entity: ptolemy.actor.lib.Maximum {.configuration.actor library.Actors.Math.Maximum} 218 ms. Memory: 2836480K Free: 406075K (14%)
#Configuration.check: entity: ptolemy.actor.lib.Minimum {.configuration.actor library.Actors.Math.Minimum} 218 ms. Memory: 2836480K Free: 406071K (14%)
#Configuration.check: entity: ptolemy.actor.lib.MovingAverage {.configuration.actor library.Actors.Math.MovingAverage} 219 ms. Memory: 2836480K Free: 405565K (14%)
#Configuration.check: entity: ptolemy.actor.lib.MultiplyDivide {.configuration.actor library.Actors.Math.MultiplyDivide} 221 ms. Memory: 2836480K Free: 405051K (14%)
#Configuration.check: entity: ptolemy.actor.lib.Quantizer {.configuration.actor library.Actors.Math.Quantizer} 221 ms. Memory: 2836480K Free: 405051K (14%)
#Configuration.check: entity: ptolemy.actor.lib.Remainder {.configuration.actor library.Actors.Math.Remainder} 222 ms. Memory: 2836480K Free: 404541K (14%)
#Configuration.check: entity: ptolemy.actor.lib.RunningMaximum {.configuration.actor library.Actors.Math.RunningMaximum} 224 ms. Memory: 2836480K Free: 404027K (14%)
#Configuration.check: entity: ptolemy.actor.lib.RunningMinimum {.configuration.actor library.Actors.Math.RunningMinimum} 225 ms. Memory: 2836480K Free: 404027K (14%)
#Configuration.check: entity: ptolemy.actor.lib.Scale {.configuration.actor library.Actors.Math.Scale} 226 ms. Memory: 2836480K Free: 403517K (14%)
#Configuration.check: entity: ptolemy.actor.lib.TrigFunction {.configuration.actor library.Actors.Math.TrigFunction} 226 ms. Memory: 2836480K Free: 403517K (14%)
#Configuration.check: entity: ptolemy.actor.lib.UnaryMathFunction {.configuration.actor library.Actors.Math.UnaryMathFunction} 226 ms. Memory: 2836480K Free: 403517K (14%)
#Configuration.check: entity: ptolemy.actor.lib.ArrayToMatrix {.configuration.actor library.Actors.Matrix.ArrayToMatrix} 226 ms. Memory: 2836480K Free: 403003K (14%)
#Configuration.check: entity: ptolemy.domains.sdf.lib.MatrixJoin {.configuration.actor library.Actors.Matrix.MatrixJoin} 227 ms. Memory: 2836480K Free: 403003K (14%)
#Configuration.check: entity: ptolemy.domains.sdf.lib.MatrixSplit {.configuration.actor library.Actors.Matrix.MatrixSplit} 229 ms. Memory: 2836480K Free: 402493K (14%)
#Configuration.check: entity: ptolemy.actor.lib.MatrixToArray {.configuration.actor library.Actors.Matrix.MatrixToArray} 231 ms. Memory: 2836480K Free: 401469K (14%)
#Configuration.check: entity: ptolemy.domains.sdf.lib.MatrixToSequence {.configuration.actor library.Actors.Matrix.MatrixToSequence} 232 ms. Memory: 2836480K Free: 401469K (14%)
#Configuration.check: entity: ptolemy.actor.lib.gui.MatrixViewer {.configuration.actor library.Actors.Matrix.MatrixViewer} 232 ms. Memory: 2836480K Free: 400949K (14%)
#Configuration.check: entity: ptolemy.domains.sdf.lib.SequenceToMatrix {.configuration.actor library.Actors.Matrix.SequenceToMatrix} 232 ms. Memory: 2836480K Free: 400949K (14%)
#Configuration.check: entity: ptolemy.actor.lib.SubMatrix {.configuration.actor library.Actors.Matrix.SubMatrix} 233 ms. Memory: 2836480K Free: 400445K (14%)
#Configuration.check: entity: ptolemy.actor.lib.Bernoulli {.configuration.actor library.Actors.Random.Bernoulli} 234 ms. Memory: 2836480K Free: 399931K (14%)
#Configuration.check: entity: ptolemy.actor.lib.DiscreteRandomSource {.configuration.actor library.Actors.Random.DiscreteRandomSource} 243 ms. Memory: 2836480K Free: 399927K (14%)
#Configuration.check: entity: ptolemy.actor.lib.Gaussian {.configuration.actor library.Actors.Random.Gaussian} 244 ms. Memory: 2836480K Free: 399421K (14%)
#Configuration.check: entity: ptolemy.actor.lib.RandomInteger {.configuration.actor library.Actors.Random.RandomInteger} 247 ms. Memory: 2836480K Free: 398397K (14%)
#Configuration.check: entity: ptolemy.actor.lib.Rician {.configuration.actor library.Actors.Random.Rician} 248 ms. Memory: 2836480K Free: 398397K (14%)
#Configuration.check: entity: ptolemy.actor.lib.Triangular {.configuration.actor library.Actors.Random.Triangular} 249 ms. Memory: 2836480K Free: 397869K (14%)
#Configuration.check: entity: ptolemy.actor.lib.Uniform {.configuration.actor library.Actors.Random.Uniform} 252 ms. Memory: 2836480K Free: 397373K (14%)
#Configuration.check: entity: ptolemy.actor.lib.colt.ColtBeta {.configuration.actor library.Actors.Random.Colt.ColtBeta} 256 ms. Memory: 2836480K Free: 396349K (14%)
#Configuration.check: entity: ptolemy.actor.lib.colt.ColtBinomial {.configuration.actor library.Actors.Random.Colt.ColtBinomial} 258 ms. Memory: 2836480K Free: 395829K (14%)
#Configuration.check: entity: ptolemy.actor.lib.colt.ColtBinomialSelector {.configuration.actor library.Actors.Random.Colt.ColtBinomialSelector} 259 ms. Memory: 2836480K Free: 395325K (14%)
#Configuration.check: entity: ptolemy.actor.lib.colt.ColtBreitWigner {.configuration.actor library.Actors.Random.Colt.ColtBreitWigner} 260 ms. Memory: 2836480K Free: 395325K (14%)
#Configuration.check: entity: ptolemy.actor.lib.colt.ColtChiSquare {.configuration.actor library.Actors.Random.Colt.ColtChiSquare} 262 ms. Memory: 2836480K Free: 394811K (14%)
#Configuration.check: entity: ptolemy.actor.lib.colt.ColtExponential {.configuration.actor library.Actors.Random.Colt.ColtExponential} 263 ms. Memory: 2836480K Free: 394301K (14%)
#Configuration.check: entity: ptolemy.actor.lib.colt.ColtExponentialPower {.configuration.actor library.Actors.Random.Colt.ColtExponentialPower} 264 ms. Memory: 2836480K Free: 394301K (14%)
#Configuration.check: entity: ptolemy.actor.lib.colt.ColtGamma {.configuration.actor library.Actors.Random.Colt.ColtGamma} 265 ms. Memory: 2836480K Free: 393787K (14%)
#Configuration.check: entity: ptolemy.actor.lib.colt.ColtHyperGeometric {.configuration.actor library.Actors.Random.Colt.ColtHyperGeometric} 266 ms. Memory: 2836480K Free: 393277K (14%)
#Configuration.check: entity: ptolemy.actor.lib.colt.ColtLogarithmic {.configuration.actor library.Actors.Random.Colt.ColtLogarithmic} 267 ms. Memory: 2836480K Free: 392763K (14%)
#Configuration.check: entity: ptolemy.actor.lib.colt.ColtNegativeBinomial {.configuration.actor library.Actors.Random.Colt.ColtNegativeBinomial} 268 ms. Memory: 2836480K Free: 392759K (14%)
#Configuration.check: entity: ptolemy.actor.lib.colt.ColtNormal {.configuration.actor library.Actors.Random.Colt.ColtNormal} 269 ms. Memory: 2836480K Free: 392253K (14%)
#Configuration.check: entity: ptolemy.actor.lib.colt.ColtPoisson {.configuration.actor library.Actors.Random.Colt.ColtPoisson} 271 ms. Memory: 2836480K Free: 391733K (14%)
#Configuration.check: entity: ptolemy.actor.lib.colt.ColtPoissonSlow {.configuration.actor library.Actors.Random.Colt.ColtPoissonSlow} 272 ms. Memory: 2836480K Free: 391733K (14%)
#Configuration.check: entity: ptolemy.actor.lib.colt.ColtStudentT {.configuration.actor library.Actors.Random.Colt.ColtStudentT} 272 ms. Memory: 2836480K Free: 391229K (14%)
#Configuration.check: entity: ptolemy.actor.lib.colt.ColtVonMises {.configuration.actor library.Actors.Random.Colt.ColtVonMises} 274 ms. Memory: 2836480K Free: 390701K (14%)
#Configuration.check: entity: ptolemy.actor.lib.colt.ColtZeta {.configuration.actor library.Actors.Random.Colt.ColtZeta} 274 ms. Memory: 2836480K Free: 390701K (14%)
#Configuration.check: entity: ptolemy.actor.lib.DelayStart {.configuration.actor library.Actors.RealTime.DelayStart} 276 ms. Memory: 2836480K Free: 390205K (14%)
#Configuration.check: entity: ptolemy.actor.lib.ExecutionTime {.configuration.actor library.Actors.RealTime.ExecutionTime} 276 ms. Memory: 2836480K Free: 390205K (14%)
#Configuration.check: entity: ptolemy.actor.lib.gui.RealTimePlotter {.configuration.actor library.Actors.RealTime.RealTimePlotter} 276 ms. Memory: 2836480K Free: 389685K (14%)
#Configuration.check: entity: ptolemy.actor.lib.Sleep {.configuration.actor library.Actors.RealTime.Sleep} 276 ms. Memory: 2836480K Free: 389685K (14%)
#Configuration.check: entity: ptolemy.actor.lib.VariableSleep {.configuration.actor library.Actors.RealTime.VariableSleep} 277 ms. Memory: 2836480K Free: 389685K (14%)
#Configuration.check: entity: ptolemy.actor.lib.WallClockTime {.configuration.actor library.Actors.RealTime.WallClockTime} 277 ms. Memory: 2836480K Free: 389685K (14%)
#Configuration.check: entity: ptolemy.actor.lib.javasound.AudioCapture {.configuration.actor library.Actors.SignalProcessing.Audio.AudioCapture} 277 ms. Memory: 2836480K Free: 389685K (14%)
#Configuration.check: entity: ptolemy.actor.lib.javasound.AudioReader {.configuration.actor library.Actors.SignalProcessing.Audio.AudioReader} 279 ms. Memory: 2836480K Free: 388651K (14%)
#Configuration.check: entity: ptolemy.actor.lib.javasound.AudioPlayer {.configuration.actor library.Actors.SignalProcessing.Audio.AudioPlayer} 279 ms. Memory: 2836480K Free: 388651K (14%)
#Configuration.check: entity: ptolemy.actor.lib.javasound.AudioWriter {.configuration.actor library.Actors.SignalProcessing.Audio.AudioWriter} 281 ms. Memory: 2836480K Free: 388157K (14%)
#Configuration.check: entity: ptolemy.actor.lib.javasound.ClipPlayer {.configuration.actor library.Actors.SignalProcessing.Audio.ClipPlayer} 281 ms. Memory: 2836480K Free: 388157K (14%)
#Configuration.check: entity: ptolemy.actor.lib.comm.ConvolutionalCoder {.configuration.actor library.Actors.SignalProcessing.communications.ConvolutionalCoder} 282 ms. Memory: 2836480K Free: 387613K (14%)
#Configuration.check: entity: ptolemy.actor.lib.comm.DeScrambler {.configuration.actor library.Actors.SignalProcessing.communications.DeScrambler} 282 ms. Memory: 2836480K Free: 387613K (14%)
#Configuration.check: entity: ptolemy.actor.lib.comm.HadamardCode {.configuration.actor library.Actors.SignalProcessing.communications.HadamardCode} 283 ms. Memory: 2836480K Free: 387613K (14%)
#Configuration.check: entity: ptolemy.actor.lib.comm.HammingCoder {.configuration.actor library.Actors.SignalProcessing.communications.HammingCoder} 283 ms. Memory: 2836480K Free: 387133K (14%)
#Configuration.check: entity: ptolemy.actor.lib.comm.HammingDecoder {.configuration.actor library.Actors.SignalProcessing.communications.HammingDecoder} 283 ms. Memory: 2836480K Free: 387133K (14%)
#Configuration.check: entity: ptolemy.actor.lib.comm.HuffmanCoder {.configuration.actor library.Actors.SignalProcessing.communications.HuffmanCoder} 284 ms. Memory: 2836480K Free: 386619K (14%)
#Configuration.check: entity: ptolemy.actor.lib.comm.HuffmanDecoder {.configuration.actor library.Actors.SignalProcessing.communications.HuffmanDecoder} 284 ms. Memory: 2836480K Free: 386619K (14%)
#Configuration.check: entity: ptolemy.actor.lib.comm.LempelZivCoder {.configuration.actor library.Actors.SignalProcessing.communications.LempelZivCoder} 284 ms. Memory: 2836480K Free: 386619K (14%)
#Configuration.check: entity: ptolemy.actor.lib.comm.LempelZivDecoder {.configuration.actor library.Actors.SignalProcessing.communications.LempelZIvDecoder} 285 ms. Memory: 2836480K Free: 386619K (14%)
#Configuration.check: entity: ptolemy.domains.sdf.lib.LineCoder {.configuration.actor library.Actors.SignalProcessing.communications.LineCoder} 285 ms. Memory: 2836480K Free: 386619K (14%)
#Configuration.check: entity: ptolemy.domains.sdf.lib.LMSAdaptive {.configuration.actor library.Actors.SignalProcessing.communications.LMSAdaptive} 285 ms. Memory: 2836480K Free: 386109K (14%)
#Configuration.check: entity: ptolemy.domains.sdf.lib.RaisedCosine {.configuration.actor library.Actors.SignalProcessing.communications.RaisedCosine} 290 ms. Memory: 2836480K Free: 384541K (14%)
#Configuration.check: entity: ptolemy.actor.lib.comm.Scrambler {.configuration.actor library.Actors.SignalProcessing.communications.Scrambler} 291 ms. Memory: 2836480K Free: 384061K (14%)
#Configuration.check: entity: ptolemy.actor.lib.comm.Slicer {.configuration.actor library.Actors.SignalProcessing.communications.Slicer} 291 ms. Memory: 2836480K Free: 384061K (14%)
#Configuration.check: entity: ptolemy.actor.lib.comm.TrellisDecoder {.configuration.actor library.Actors.SignalProcessing.communications.TrellisDecoder} 291 ms. Memory: 2836480K Free: 384061K (14%)
#Configuration.check: entity: ptolemy.actor.lib.comm.ViterbiDecoder {.configuration.actor library.Actors.SignalProcessing.communications.ViterbiDecoder} 292 ms. Memory: 2836480K Free: 383547K (14%)
#Configuration.check: entity: ptolemy.domains.sdf.lib.DelayLine {.configuration.actor library.Actors.SignalProcessing.Filtering.DelayLine} 294 ms. Memory: 2836480K Free: 383037K (14%)
#Configuration.check: entity: ptolemy.domains.sdf.lib.DownSample {.configuration.actor library.Actors.SignalProcessing.Filtering.DownSample} 296 ms. Memory: 2836480K Free: 382013K (13%)
#Configuration.check: entity: ptolemy.domains.sdf.lib.FIR {.configuration.actor library.Actors.SignalProcessing.Filtering.FIR} 298 ms. Memory: 2836480K Free: 381469K (13%)
#Configuration.check: entity: ptolemy.actor.lib.GradientAdaptiveLattice {.configuration.actor library.Actors.SignalProcessing.Filtering.GradientAdaptiveLattice} 302 ms. Memory: 2836480K Free: 380475K (13%)
#Configuration.check: entity: ptolemy.actor.lib.IIR {.configuration.actor library.Actors.SignalProcessing.Filtering.IIR} 302 ms. Memory: 2836480K Free: 379965K (13%)
#Configuration.check: entity: ptolemy.actor.lib.Lattice {.configuration.actor library.Actors.SignalProcessing.Filtering.Lattice} 304 ms. Memory: 2836480K Free: 379451K (13%)
#Configuration.check: entity: ptolemy.actor.lib.LinearDifferenceEquationSystem {.configuration.actor library.Actors.SignalProcessing.Filtering.LinearDifferenceEquationSystem} 304 ms. Memory: 2836480K Free: 379451K (13%)
#Configuration.check: entity: ptolemy.domains.sdf.lib.LMSAdaptive {.configuration.actor library.Actors.SignalProcessing.Filtering.LMSAdaptive} 305 ms. Memory: 2836480K Free: 378941K (13%)
#Configuration.check: entity: ptolemy.actor.lib.RecursiveLattice {.configuration.actor library.Actors.SignalProcessing.Filtering.RecursiveLattice} 310 ms. Memory: 2836480K Free: 377389K (13%)
#Configuration.check: entity: ptolemy.domains.sdf.lib.UpSample {.configuration.actor library.Actors.SignalProcessing.Filtering.UpSample} 310 ms. Memory: 2836480K Free: 377389K (13%)
#Configuration.check: entity: ptolemy.domains.sdf.lib.VariableFIR {.configuration.actor library.Actors.SignalProcessing.Filtering.VariableFIR} 311 ms. Memory: 2836480K Free: 376893K (13%)
#Configuration.check: entity: ptolemy.domains.sdf.lib.VariableLattice {.configuration.actor library.Actors.SignalProcessing.Filtering.VariableLattice} 315 ms. Memory: 2836480K Free: 375355K (13%)
#Configuration.check: entity: ptolemy.domains.sdf.lib.VariableRecursiveLattice {.configuration.actor library.Actors.SignalProcessing.Filtering.VariableRecursiveLattice} 316 ms. Memory: 2836480K Free: 374845K (13%)
#Configuration.check: entity: ptolemy.actor.lib.DB {.configuration.actor library.Actors.SignalProcessing.Spectrum.DB} 317 ms. Memory: 2836480K Free: 374845K (13%)
#Configuration.check: entity: ptolemy.domains.sdf.lib.FFT {.configuration.actor library.Actors.SignalProcessing.Spectrum.FFT} 317 ms. Memory: 2836480K Free: 374845K (13%)
#Configuration.check: entity: ptolemy.domains.sdf.lib.IFFT {.configuration.actor library.Actors.SignalProcessing.Spectrum.IFFT} 319 ms. Memory: 2836480K Free: 373821K (13%)
#Configuration.check: entity: ptolemy.actor.lib.LevinsonDurbin {.configuration.actor library.Actors.SignalProcessing.Spectrum.LevinsonDurbin} 321 ms. Memory: 2836480K Free: 373303K (13%)
#Configuration.check: entity: ptolemy.actor.lib.PhaseUnwrap {.configuration.actor library.Actors.SignalProcessing.Spectrum.PhaseUnwrap} 321 ms. Memory: 2836480K Free: 373303K (13%)
#Configuration.check: entity: ptolemy.domains.sdf.lib.Autocorrelation {.configuration.actor library.Actors.SignalProcessing.Statistical.Autocorrelation} 321 ms. Memory: 2836480K Free: 373303K (13%)
#Configuration.check: entity: ptolemy.actor.lib.ComputeHistogram {.configuration.actor library.Actors.SignalProcessing.Statistical.ComputeHistogram} 322 ms. Memory: 2836480K Free: 372797K (13%)
#Configuration.check: entity: ptolemy.actor.lib.IIR {.configuration.actor library.Actors.SignalProcessing.Statistical.PowerEstimate.IIR} 324 ms. Memory: 2836480K Free: 372269K (13%)
#Configuration.check: entity: ptolemy.actor.lib.DB {.configuration.actor library.Actors.SignalProcessing.Statistical.PowerEstimate.DB} 327 ms. Memory: 2836480K Free: 371773K (13%)
#Configuration.check: entity: ptolemy.actor.lib.Scale {.configuration.actor library.Actors.SignalProcessing.Statistical.PowerEstimate.Scale} 327 ms. Memory: 2836480K Free: 371259K (13%)
#Configuration.check: entity: ptolemy.actor.lib.MathFunction {.configuration.actor library.Actors.SignalProcessing.Statistical.PowerEstimate.MathFunction} 328 ms. Memory: 2836480K Free: 371259K (13%)
#Configuration.check: entity: ptolemy.actor.lib.string.StringCompare {.configuration.actor library.Actors.String.StringCompare} 328 ms. Memory: 2836480K Free: 371259K (13%)
#Configuration.check: entity: ptolemy.actor.lib.string.StringFunction {.configuration.actor library.Actors.String.StringFunction} 329 ms. Memory: 2836480K Free: 370749K (13%)
#Configuration.check: entity: ptolemy.actor.lib.string.StringIndexOf {.configuration.actor library.Actors.String.StringIndexOf} 329 ms. Memory: 2836480K Free: 370749K (13%)
#Configuration.check: entity: ptolemy.actor.lib.string.StringLength {.configuration.actor library.Actors.String.StringLength} 331 ms. Memory: 2836480K Free: 370221K (13%)
#Configuration.check: entity: ptolemy.actor.lib.string.StringMatches {.configuration.actor library.Actors.String.StringMatches} 332 ms. Memory: 2836480K Free: 370221K (13%)
#Configuration.check: entity: ptolemy.actor.lib.string.StringReplace {.configuration.actor library.Actors.String.StringReplace} 334 ms. Memory: 2836480K Free: 369725K (13%)
#Configuration.check: entity: ptolemy.actor.lib.string.StringSplit {.configuration.actor library.Actors.String.StringSplit} 336 ms. Memory: 2836480K Free: 368841K (13%)
#Configuration.check: entity: ptolemy.actor.lib.string.StringSubstring {.configuration.actor library.Actors.String.StringSubstring} 337 ms. Memory: 2836480K Free: 368837K (13%)
#Configuration.check: entity: ptolemy.actor.lib.DiscreteClock {.configuration.actor library.Actors.DomainSpecific.Continuous.Signal Generators.ContinuousClock.DiscreteClock} 338 ms. Memory: 2836480K Free: 368187K (13%)
#Configuration.check: entity: ptolemy.domains.continuous.lib.ZeroOrderHold {.configuration.actor library.Actors.DomainSpecific.Continuous.Signal Generators.ContinuousClock.ZeroOrderHold} 340 ms. Memory: 2836480K Free: 367157K (13%)
#Configuration.check: entity: ptolemy.actor.lib.DiscreteClock {.configuration.actor library.Actors.DomainSpecific.Continuous.Signal Generators.DiscreteClock} 341 ms. Memory: 2836480K Free: 367157K (13%)
#Configuration.check: entity: ptolemy.actor.lib.SingleEvent {.configuration.actor library.Actors.DomainSpecific.Continuous.Signal Generators.SingleEvent} 342 ms. Memory: 2836480K Free: 366653K (13%)
#Configuration.check: entity: ptolemy.domains.continuous.lib.Waveform {.configuration.actor library.Actors.DomainSpecific.Continuous.Signal Generators.Waveform} 343 ms. Memory: 2836480K Free: 366139K (13%)
#Configuration.check: entity: ptolemy.domains.continuous.lib.LevelCrossingDetector {.configuration.actor library.Actors.DomainSpecific.Continuous.Continuous to Discrete.LevelCrossingDetector} 344 ms. Memory: 2836480K Free: 365629K (13%)
#Configuration.check: entity: ptolemy.domains.continuous.lib.PeriodicSampler {.configuration.actor library.Actors.DomainSpecific.Continuous.Continuous to Discrete.PeriodicSampler} 345 ms. Memory: 2836480K Free: 365115K (13%)
#Configuration.check: entity: ptolemy.actor.lib.Sampler {.configuration.actor library.Actors.DomainSpecific.Continuous.Continuous to Discrete.Sampler} 346 ms. Memory: 2836480K Free: 365115K (13%)
#Configuration.check: entity: ptolemy.domains.continuous.lib.ZeroOrderHold {.configuration.actor library.Actors.DomainSpecific.Continuous.Discrete to Continuous.ZeroOrderHold} 346 ms. Memory: 2836480K Free: 364605K (13%)
#Configuration.check: entity: ptolemy.actor.lib.Scale {.configuration.actor library.Actors.DomainSpecific.Continuous.Dynamics.DCMotor.Scale} 346 ms. Memory: 2836480K Free: 364605K (13%)
#Configuration.check: entity: ptolemy.actor.lib.AddSubtract {.configuration.actor library.Actors.DomainSpecific.Continuous.Dynamics.DCMotor.AddSubtract} 347 ms. Memory: 2836480K Free: 364605K (13%)
#Configuration.check: entity: ptolemy.actor.lib.Scale {.configuration.actor library.Actors.DomainSpecific.Continuous.Dynamics.DCMotor.Scale2} 347 ms. Memory: 2836480K Free: 364605K (13%)
#Configuration.check: entity: ptolemy.actor.lib.AddSubtract {.configuration.actor library.Actors.DomainSpecific.Continuous.Dynamics.DCMotor.AddSubtract2} 347 ms. Memory: 2836480K Free: 364061K (13%)
#Configuration.check: entity: ptolemy.domains.continuous.lib.Integrator {.configuration.actor library.Actors.DomainSpecific.Continuous.Dynamics.DCMotor.Integrator} 347 ms. Memory: 2836480K Free: 364061K (13%)
#Configuration.check: entity: ptolemy.actor.lib.Scale {.configuration.actor library.Actors.DomainSpecific.Continuous.Dynamics.DCMotor.Scale3} 348 ms. Memory: 2836480K Free: 364061K (13%)
#Configuration.check: entity: ptolemy.actor.lib.Scale {.configuration.actor library.Actors.DomainSpecific.Continuous.Dynamics.DCMotor.Scale4} 349 ms. Memory: 2836480K Free: 363581K (13%)
#Configuration.check: entity: ptolemy.actor.lib.Scale {.configuration.actor library.Actors.DomainSpecific.Continuous.Dynamics.DCMotor.Scale5} 349 ms. Memory: 2836480K Free: 363581K (13%)
#Configuration.check: entity: ptolemy.domains.continuous.lib.Integrator {.configuration.actor library.Actors.DomainSpecific.Continuous.Dynamics.DCMotor.Integrator2} 350 ms. Memory: 2836480K Free: 363067K (13%)
#Configuration.check: entity: ptolemy.actor.lib.Default {.configuration.actor library.Actors.DomainSpecific.Continuous.Dynamics.DCMotor.Default} 350 ms. Memory: 2836480K Free: 363067K (13%)
#Configuration.check: entity: ptolemy.actor.lib.Const {.configuration.actor library.Actors.DomainSpecific.Continuous.Dynamics.DCMotor.Const} 352 ms. Memory: 2836480K Free: 362555K (13%)
#Configuration.check: entity: ptolemy.domains.continuous.lib.Derivative {.configuration.actor library.Actors.DomainSpecific.Continuous.Dynamics.Derivative} 353 ms. Memory: 2836480K Free: 362555K (13%)
#Configuration.check: entity: ptolemy.domains.continuous.lib.Integrator {.configuration.actor library.Actors.DomainSpecific.Continuous.Dynamics.Integrator} 353 ms. Memory: 2836480K Free: 362555K (13%)
#Configuration.check: entity: ptolemy.domains.continuous.lib.BandlimitedNoise {.configuration.actor library.Actors.DomainSpecific.Continuous.Random.BandlimitedNoise} 354 ms. Memory: 2836480K Free: 362555K (13%)
#Configuration.check: entity: ptolemy.domains.continuous.lib.Noise {.configuration.actor library.Actors.DomainSpecific.Continuous.Random.Noise} 358 ms. Memory: 2836480K Free: 361533K (13%)
#Configuration.check: entity: ptolemy.actor.lib.MicrostepDelay {.configuration.actor library.Actors.DomainSpecific.Continuous.Miscellaneous.MicrostepDelay} 362 ms. Memory: 2836480K Free: 360509K (13%)
#Configuration.check: entity: ptolemy.actor.lib.ResettableTimer {.configuration.actor library.Actors.DomainSpecific.Continuous.Miscellaneous.ResettableTimer} 362 ms. Memory: 2836480K Free: 359995K (13%)
#Configuration.check: entity: ptolemy.domains.continuous.lib.ContinuousMerge {.configuration.actor library.Actors.DomainSpecific.Continuous.Miscellaneous.ContinuousMerge} 363 ms. Memory: 2836480K Free: 359995K (13%)
#Configuration.check: entity: ptolemy.domains.ddf.lib.DDFSingleTokenCommutator {.configuration.actor library.Actors.DomainSpecific.DynamicDataFlow.DDFSingleTokenCommutator} 364 ms. Memory: 2836480K Free: 359995K (13%)
#Configuration.check: entity: ptolemy.actor.lib.CurrentDate {.configuration.actor library.Actors.DomainSpecific.DiscreteEvent.Date.CurrentDate} 364 ms. Memory: 2836480K Free: 359995K (13%)
#Configuration.check: entity: ptolemy.actor.lib.DateElements {.configuration.actor library.Actors.DomainSpecific.DiscreteEvent.Date.DateElements} 366 ms. Memory: 2836480K Free: 358971K (13%)
#Configuration.check: entity: ptolemy.actor.lib.DateConstructor {.configuration.actor library.Actors.DomainSpecific.DiscreteEvent.Date.DateConstructor} 369 ms. Memory: 2836480K Free: 357947K (13%)
#Configuration.check: entity: ptolemy.domains.de.lib.DateToEvent {.configuration.actor library.Actors.DomainSpecific.DiscreteEvent.Date.DateToEvent} 374 ms. Memory: 2836480K Free: 356923K (13%)
#Configuration.check: entity: ptolemy.domains.de.lib.DateToModelTime {.configuration.actor library.Actors.DomainSpecific.DiscreteEvent.Date.DateToModelTime} 377 ms. Memory: 2836480K Free: 355899K (13%)
#Configuration.check: entity: ptolemy.domains.de.lib.EventToDate {.configuration.actor library.Actors.DomainSpecific.DiscreteEvent.Date.EventToDate} 380 ms. Memory: 2836480K Free: 354875K (13%)
#Configuration.check: entity: ptolemy.actor.lib.ModifyDate {.configuration.actor library.Actors.DomainSpecific.DiscreteEvent.Date.ModifyDate} 384 ms. Memory: 2836480K Free: 354363K (12%)
#Configuration.check: entity: ptolemy.actor.lib.conversions.StringToDate {.configuration.actor library.Actors.DomainSpecific.DiscreteEvent.Date.StringToDate} 388 ms. Memory: 2836480K Free: 353341K (12%)
#Configuration.check: entity: ptolemy.domains.de.lib.AverageOverTime {.configuration.actor library.Actors.DomainSpecific.DiscreteEvent.AverageOverTime} 388 ms. Memory: 2836480K Free: 353341K (12%)
#Configuration.check: entity: ptolemy.domains.de.lib.Derivative {.configuration.actor library.Actors.DomainSpecific.DiscreteEvent.Derivative} 388 ms. Memory: 2836480K Free: 353341K (12%)
#Configuration.check: entity: ptolemy.actor.lib.gui.EventButton {.configuration.actor library.Actors.DomainSpecific.DiscreteEvent.EventButton} 389 ms. Memory: 2836480K Free: 353341K (12%)
#Configuration.check: entity: ptolemy.domains.de.lib.EventFilter {.configuration.actor library.Actors.DomainSpecific.DiscreteEvent.EventFilter} 391 ms. Memory: 2836480K Free: 352317K (12%)
#Configuration.check: entity: ptolemy.domains.de.lib.Inhibit {.configuration.actor library.Actors.DomainSpecific.DiscreteEvent.Inhibit} 391 ms. Memory: 2836480K Free: 352317K (12%)
#Configuration.check: entity: ptolemy.domains.de.lib.Integrator {.configuration.actor library.Actors.DomainSpecific.DiscreteEvent.Integrator} 391 ms. Memory: 2836480K Free: 352317K (12%)
#Configuration.check: entity: ptolemy.domains.de.lib.Merge {.configuration.actor library.Actors.DomainSpecific.DiscreteEvent.Merge} 392 ms. Memory: 2836480K Free: 352317K (12%)
#Configuration.check: entity: ptolemy.actor.lib.MicrostepDelay {.configuration.actor library.Actors.DomainSpecific.DiscreteEvent.MicrostepDelay} 392 ms. Memory: 2836480K Free: 352317K (12%)
#Configuration.check: entity: ptolemy.domains.de.lib.MostRecent {.configuration.actor library.Actors.DomainSpecific.DiscreteEvent.MostRecent} 393 ms. Memory: 2836480K Free: 351803K (12%)
#Configuration.check: entity: ptolemy.domains.de.lib.PID {.configuration.actor library.Actors.DomainSpecific.DiscreteEvent.PID} 393 ms. Memory: 2836480K Free: 351803K (12%)
#Configuration.check: entity: ptolemy.domains.de.lib.Previous {.configuration.actor library.Actors.DomainSpecific.DiscreteEvent.Previous} 393 ms. Memory: 2836480K Free: 351803K (12%)
#Configuration.check: entity: ptolemy.domains.de.lib.Queue {.configuration.actor library.Actors.DomainSpecific.DiscreteEvent.Queue} 394 ms. Memory: 2836480K Free: 351293K (12%)
#Configuration.check: entity: ptolemy.domains.de.lib.Register {.configuration.actor library.Actors.DomainSpecific.DiscreteEvent.Register} 396 ms. Memory: 2836480K Free: 351293K (12%)
#Configuration.check: entity: ptolemy.actor.lib.ResettableTimer {.configuration.actor library.Actors.DomainSpecific.DiscreteEvent.ResettableTimer} 396 ms. Memory: 2836480K Free: 350779K (12%)
#Configuration.check: entity: ptolemy.domains.de.lib.Server {.configuration.actor library.Actors.DomainSpecific.DiscreteEvent.Server} 397 ms. Memory: 2836480K Free: 350779K (12%)
#Configuration.check: entity: ptolemy.domains.de.lib.SharedQueue {.configuration.actor library.Actors.DomainSpecific.DiscreteEvent.SharedQueue} 399 ms. Memory: 2836480K Free: 350269K (12%)
#Configuration.check: entity: ptolemy.actor.lib.SingleEvent {.configuration.actor library.Actors.DomainSpecific.DiscreteEvent.SingleEvent} 401 ms. Memory: 2836480K Free: 349755K (12%)
#Configuration.check: entity: ptolemy.domains.de.lib.TimeCompare {.configuration.actor library.Actors.DomainSpecific.DiscreteEvent.TimeCompare} 401 ms. Memory: 2836480K Free: 349245K (12%)
#Configuration.check: entity: ptolemy.actor.lib.TimeDelay {.configuration.actor library.Actors.DomainSpecific.DiscreteEvent.TimeDelay} 402 ms. Memory: 2836480K Free: 349245K (12%)
#Configuration.check: entity: ptolemy.domains.de.lib.TimeGap {.configuration.actor library.Actors.DomainSpecific.DiscreteEvent.TimeGap} 403 ms. Memory: 2836480K Free: 349245K (12%)
#Configuration.check: entity: ptolemy.domains.de.lib.WaitingTime {.configuration.actor library.Actors.DomainSpecific.DiscreteEvent.WaitingTime} 405 ms. Memory: 2836480K Free: 348731K (12%)
#Configuration.check: entity: ptolemy.actor.lib.OrderedMerge {.configuration.actor library.Actors.DomainSpecific.ProcessNetworks.OrderedMerge} 407 ms. Memory: 2836480K Free: 348221K (12%)
#Configuration.check: entity: ptolemy.actor.lib.Sequencer {.configuration.actor library.Actors.DomainSpecific.ProcessNetworks.Sequencer} 407 ms. Memory: 2836480K Free: 347707K (12%)
#Configuration.check: entity: ptolemy.domains.pn.lib.Starver {.configuration.actor library.Actors.DomainSpecific.ProcessNetworks.Starver} 409 ms. Memory: 2836480K Free: 347707K (12%)
#Configuration.check: entity: ptolemy.actor.lib.Stop {.configuration.actor library.Actors.DomainSpecific.ProcessNetworks.Stop} 411 ms. Memory: 2836480K Free: 347197K (12%)
#Configuration.check: entity: ptolemy.actor.lib.Synchronizer {.configuration.actor library.Actors.DomainSpecific.ProcessNetworks.Synchronizer} 411 ms. Memory: 2836480K Free: 347197K (12%)
#Configuration.check: entity: ptolemy.domains.rendezvous.lib.Barrier {.configuration.actor library.Actors.DomainSpecific.Rendezvous.Barrier} 411 ms. Memory: 2836480K Free: 346683K (12%)
#Configuration.check: entity: ptolemy.domains.rendezvous.lib.Buffer {.configuration.actor library.Actors.DomainSpecific.Rendezvous.Buffer} 414 ms. Memory: 2836480K Free: 346171K (12%)
#Configuration.check: entity: ptolemy.domains.rendezvous.lib.Merge {.configuration.actor library.Actors.DomainSpecific.Rendezvous.Merge} 415 ms. Memory: 2836480K Free: 346171K (12%)
#Configuration.check: entity: ptolemy.domains.rendezvous.lib.ResourcePool {.configuration.actor library.Actors.DomainSpecific.Rendezvous.ResourcePool} 415 ms. Memory: 2836480K Free: 346171K (12%)
#Configuration.check: entity: ptolemy.domains.sr.lib.Absent {.configuration.actor library.Actors.DomainSpecific.SynchronousReactive.Absent} 416 ms. Memory: 2836480K Free: 345659K (12%)
#Configuration.check: entity: ptolemy.domains.sr.lib.Current {.configuration.actor library.Actors.DomainSpecific.SynchronousReactive.Current} 416 ms. Memory: 2836480K Free: 345659K (12%)
#Configuration.check: entity: ptolemy.actor.lib.Default {.configuration.actor library.Actors.DomainSpecific.SynchronousReactive.Default} 417 ms. Memory: 2836480K Free: 345655K (12%)
#Configuration.check: entity: ptolemy.domains.sr.lib.InstantaneousDialogGenerator {.configuration.actor library.Actors.DomainSpecific.SynchronousReactive.InstantaneousDialogGenerator} 418 ms. Memory: 2836480K Free: 345149K (12%)
#Configuration.check: entity: ptolemy.actor.lib.logic.IsPresent {.configuration.actor library.Actors.DomainSpecific.SynchronousReactive.IsPresent} 419 ms. Memory: 2836480K Free: 345149K (12%)
#Configuration.check: entity: ptolemy.domains.sr.lib.NonStrictDelay {.configuration.actor library.Actors.DomainSpecific.SynchronousReactive.NonStrictDelay} 419 ms. Memory: 2836480K Free: 345149K (12%)
#Configuration.check: entity: ptolemy.domains.sr.lib.gui.NonStrictDisplay {.configuration.actor library.Actors.DomainSpecific.SynchronousReactive.NonStrictDisplay} 419 ms. Memory: 2836480K Free: 345149K (12%)
#Configuration.check: entity: ptolemy.domains.sr.lib.BinaryNonStrictLogicGate {.configuration.actor library.Actors.DomainSpecific.SynchronousReactive.BinaryNonStrictLogicGate} 419 ms. Memory: 2836480K Free: 344629K (12%)
#Configuration.check: entity: ptolemy.domains.sr.lib.NonStrictLogicGate {.configuration.actor library.Actors.DomainSpecific.SynchronousReactive.NonStrictLogicGate} 422 ms. Memory: 2836480K Free: 344125K (12%)
#Configuration.check: entity: ptolemy.domains.sr.lib.NonStrictAndGate {.configuration.actor library.Actors.DomainSpecific.SynchronousReactive.NonStrictAndGate} 425 ms. Memory: 2836480K Free: 343101K (12%)
#Configuration.check: entity: ptolemy.domains.sr.lib.NonStrictOrGate {.configuration.actor library.Actors.DomainSpecific.SynchronousReactive.NonStrictOrGate} 427 ms. Memory: 2836480K Free: 342587K (12%)
#Configuration.check: entity: ptolemy.domains.sr.lib.NonStrictXorGate {.configuration.actor library.Actors.DomainSpecific.SynchronousReactive.NonStrictXorGate} 430 ms. Memory: 2836480K Free: 342077K (12%)
#Configuration.check: entity: ptolemy.domains.sr.lib.NonStrictThreeBitAdder {.configuration.actor library.Actors.DomainSpecific.SynchronousReactive.NonStrictThreeBitAdder} 433 ms. Memory: 2836480K Free: 341053K (12%)
#Configuration.check: entity: ptolemy.domains.sr.lib.Pre {.configuration.actor library.Actors.DomainSpecific.SynchronousReactive.Pre} 433 ms. Memory: 2836480K Free: 341053K (12%)
#Configuration.check: entity: ptolemy.domains.sr.lib.SingleTokenDistributor {.configuration.actor library.Actors.DomainSpecific.SynchronousReactive.SingleTokenDistributor} 434 ms. Memory: 2836480K Free: 341053K (12%)
#Configuration.check: entity: ptolemy.domains.sr.lib.When {.configuration.actor library.Actors.DomainSpecific.SynchronousReactive.When} 434 ms. Memory: 2836480K Free: 341053K (12%)
#Configuration.check: entity: ptolemy.actor.lib.logic.TrueGate {.configuration.actor library.Actors.DomainSpecific.SynchronousReactive.TrueGate} 435 ms. Memory: 2836480K Free: 340539K (12%)
#Configuration.check: entity: org.terraswarm.accessor.JSAccessor {.configuration.actor library.MoreLibraries.Accessors.adapters.Adapter} 435 ms. Memory: 2836480K Free: 340539K (12%)
#Configuration.check: entity: org.terraswarm.accessor.JSAccessor {.configuration.actor library.MoreLibraries.Accessors.adapters.CelsiusToFahrenheit} 1726 ms. Memory: 2836480K Free: 344097K (12%)
#Configuration.check: entity: org.terraswarm.accessor.JSAccessor {.configuration.actor library.MoreLibraries.Accessors.adapters.Identity} 2863 ms. Memory: 2836480K Free: 344609K (12%)
#Configuration.check: entity: org.terraswarm.accessor.JSAccessor {.configuration.actor library.MoreLibraries.Accessors.adapters.KelvinToFahrenheit} 4028 ms. Memory: 2836480K Free: 340530K (12%)
#Configuration.check: entity: org.terraswarm.accessor.JSAccessor {.configuration.actor library.MoreLibraries.Accessors.audio.AudioCapture} 5154 ms. Memory: 2836480K Free: 334848K (12%)
#Configuration.check: entity: org.terraswarm.accessor.JSAccessor {.configuration.actor library.MoreLibraries.Accessors.audio.AudioPlayer} 6166 ms. Memory: 2836480K Free: 315392K (11%)
#Configuration.check: entity: org.terraswarm.accessor.JSAccessor {.configuration.actor library.MoreLibraries.Accessors.audio.ClipPlayer} 7165 ms. Memory: 2836480K Free: 344336K (12%)
#Configuration.check: entity: org.terraswarm.accessor.JSAccessor {.configuration.actor library.MoreLibraries.Accessors.cameras.Camera} 8048 ms. Memory: 2836480K Free: 343038K (12%)
#Configuration.check: entity: org.terraswarm.accessor.JSAccessor {.configuration.actor library.MoreLibraries.Accessors.cameras.Foscam} 8978 ms. Memory: 2836480K Free: 332800K (12%)
#Configuration.check: entity: org.terraswarm.accessor.JSAccessor {.configuration.actor library.MoreLibraries.Accessors.dashboard.GraphComponent} 9883 ms. Memory: 2836480K Free: 312318K (11%)
#Configuration.check: entity: org.terraswarm.accessor.JSAccessor {.configuration.actor library.MoreLibraries.Accessors.dashboard.OdometerComponent} 10712 ms. Memory: 2836480K Free: 310270K (11%)
#Configuration.check: entity: org.terraswarm.accessor.JSAccessor {.configuration.actor library.MoreLibraries.Accessors.dashboard.ParkingComponent} 11576 ms. Memory: 2836480K Free: 305165K (11%)
#Configuration.check: entity: org.terraswarm.accessor.JSAccessor {.configuration.actor library.MoreLibraries.Accessors.dashboard.RestaurantComponent} 12416 ms. Memory: 2836480K Free: 297479K (10%)
#Configuration.check: entity: org.terraswarm.accessor.JSAccessor {.configuration.actor library.MoreLibraries.Accessors.dashboard.RoutingWebSocketServer} 13225 ms. Memory: 2836480K Free: 289796K (10%)
#Configuration.check: entity: org.terraswarm.accessor.JSAccessor {.configuration.actor library.MoreLibraries.Accessors.dashboard.SpeedometerComponent} 14201 ms. Memory: 2836480K Free: 387109K (14%)
#Configuration.check: entity: org.terraswarm.accessor.JSAccessor {.configuration.actor library.MoreLibraries.Accessors.dashboard.UIComponent} 15062 ms. Memory: 2836480K Free: 380399K (13%)
#Configuration.check: entity: org.terraswarm.accessor.JSAccessor {.configuration.actor library.MoreLibraries.Accessors.dashboard.VideoComponent} 15882 ms. Memory: 2836480K Free: 380012K (13%)
#Configuration.check: entity: org.terraswarm.accessor.JSAccessor {.configuration.actor library.MoreLibraries.Accessors.devices.AdsB} 17334 ms. Memory: 2836480K Free: 370226K (13%)
#Configuration.check: entity: org.terraswarm.accessor.JSAccessor {.configuration.actor library.MoreLibraries.Accessors.devices.Hue} 18914 ms. Memory: 2836480K Free: 336935K (12%)
#Configuration.check: entity: org.terraswarm.accessor.JSAccessor {.configuration.actor library.MoreLibraries.Accessors.devices.Moto360SensorListener} 20268 ms. Memory: 2836480K Free: 318534K (11%)
#Configuration.check: entity: org.terraswarm.accessor.JSAccessor {.configuration.actor library.MoreLibraries.Accessors.devices.DrDose} 21902 ms. Memory: 2836480K Free: 300130K (11%)
#Configuration.check: entity: org.terraswarm.accessor.JSAccessor {.configuration.actor library.MoreLibraries.Accessors.devices.PhSensor} 23329 ms. Memory: 2836480K Free: 269367K (9%)
#Configuration.check: entity: org.terraswarm.accessor.JSAccessor {.configuration.actor library.MoreLibraries.Accessors.devices.EcSensor} 24693 ms. Memory: 2836480K Free: 363562K (13%)
#Configuration.check: entity: org.terraswarm.accessor.JSAccessor {.configuration.actor library.MoreLibraries.Accessors.devices.Lifx} 25827 ms. Memory: 2836480K Free: 332286K (12%)
#Configuration.check: entity: org.terraswarm.accessor.JSAccessor {.configuration.actor library.MoreLibraries.Accessors.image.AprilTags} 26904 ms. Memory: 2836480K Free: 383229K (14%)
#Configuration.check: entity: org.terraswarm.accessor.JSAccessor {.configuration.actor library.MoreLibraries.Accessors.image.CharacterRecognition} 27934 ms. Memory: 2836480K Free: 403968K (14%)
#CharacterRecognition: The tesseract module was not present.  The CharacterRecognition accessor is not supported on this accessor host. (Thread[main,5,main])
Configuration.check: entity: org.terraswarm.accessor.JSAccessor {.configuration.actor library.MoreLibraries.Accessors.image.ComputerVision} 28721 ms. Memory: 2836480K Free: 411648K (15%)
#Configuration.check: entity: org.terraswarm.accessor.JSAccessor {.configuration.actor library.MoreLibraries.Accessors.image.FaceDetector} 29566 ms. Memory: 2836480K Free: 406511K (14%)
#Configuration.check: entity: org.terraswarm.accessor.JSAccessor {.configuration.actor library.MoreLibraries.Accessors.image.ImageAnnotate} 30444 ms. Memory: 2836480K Free: 400894K (14%)
#Configuration.check: entity: org.terraswarm.accessor.JSAccessor {.configuration.actor library.MoreLibraries.Accessors.image.ImageDisplay} 31233 ms. Memory: 2836480K Free: 399360K (14%)
#Configuration.check: entity: org.terraswarm.accessor.JSAccessor {.configuration.actor library.MoreLibraries.Accessors.image.ImageFilter} 32041 ms. Memory: 2836480K Free: 391713K (14%)
#Configuration.check: entity: org.terraswarm.accessor.JSAccessor {.configuration.actor library.MoreLibraries.Accessors.image.MotionDetector} 32847 ms. Memory: 2836480K Free: 384557K (14%)
#Configuration.check: entity: org.terraswarm.accessor.JSAccessor {.configuration.actor library.MoreLibraries.Accessors.net.Discovery} 33666 ms. Memory: 2836480K Free: 377856K (13%)
#Configuration.check: entity: org.terraswarm.accessor.JSAccessor {.configuration.actor library.MoreLibraries.Accessors.net.IPAddress} 34735 ms. Memory: 2836480K Free: 368660K (13%)
#Configuration.check: entity: org.terraswarm.accessor.JSAccessor {.configuration.actor library.MoreLibraries.Accessors.net.KeyValueStore} 35594 ms. Memory: 2836480K Free: 362547K (13%)
#Configuration.check: entity: org.terraswarm.accessor.JSAccessor {.configuration.actor library.MoreLibraries.Accessors.net.MQTTPublisher} 36462 ms. Memory: 2836480K Free: 348805K (12%)
#Configuration.check: entity: org.terraswarm.accessor.JSAccessor {.configuration.actor library.MoreLibraries.Accessors.net.MQTTSubscriber} 37320 ms. Memory: 2836480K Free: 338061K (12%)
#Configuration.check: entity: org.terraswarm.accessor.JSAccessor {.configuration.actor library.MoreLibraries.Accessors.net.REST} 38217 ms. Memory: 2836480K Free: 327311K (12%)
#Configuration.check: entity: org.terraswarm.accessor.JSAccessor {.configuration.actor library.MoreLibraries.Accessors.net.SecureCommClient} 39125 ms. Memory: 2836480K Free: 308376K (11%)
#Configuration.check: entity: org.terraswarm.accessor.JSAccessor {.configuration.actor library.MoreLibraries.Accessors.net.SecureCommServer} 40132 ms. Memory: 2836480K Free: 269415K (9%)
#Configuration.check: entity: org.terraswarm.accessor.JSAccessor {.configuration.actor library.MoreLibraries.Accessors.net.SecurePublisher} 41138 ms. Memory: 2836480K Free: 358029K (13%)
#Configuration.check: entity: org.terraswarm.accessor.JSAccessor {.configuration.actor library.MoreLibraries.Accessors.net.SecureSubscriber} 42154 ms. Memory: 2836480K Free: 324155K (11%)
#Configuration.check: entity: org.terraswarm.accessor.JSAccessor {.configuration.actor library.MoreLibraries.Accessors.net.SerialPort} 43231 ms. Memory: 2836480K Free: 289282K (10%)
#Configuration.check: entity: org.terraswarm.accessor.JSAccessor {.configuration.actor library.MoreLibraries.Accessors.net.TCPSocketClient} 44139 ms. Memory: 2836480K Free: 271410K (10%)
#Configuration.check: entity: org.terraswarm.accessor.JSAccessor {.configuration.actor library.MoreLibraries.Accessors.net.TCPSocketServer} 45048 ms. Memory: 2836480K Free: 250415K (9%)
#Configuration.check: entity: org.terraswarm.accessor.JSAccessor {.configuration.actor library.MoreLibraries.Accessors.net.UDPSocketListener} 46512 ms. Memory: 2836480K Free: 230424K (8%)
#Configuration.check: entity: org.terraswarm.accessor.JSAccessor {.configuration.actor library.MoreLibraries.Accessors.net.UDPSocketSender} 48030 ms. Memory: 2836480K Free: 211501K (7%)
#Configuration.check: entity: org.terraswarm.accessor.JSAccessor {.configuration.actor library.MoreLibraries.Accessors.net.VertxPublish} 49524 ms. Memory: 2836480K Free: 317527K (11%)
#Configuration.check: entity: org.terraswarm.accessor.JSAccessor {.configuration.actor library.MoreLibraries.Accessors.net.VertxSubscribe} 51175 ms. Memory: 2836480K Free: 304130K (11%)
#Configuration.check: entity: org.terraswarm.accessor.JSAccessor {.configuration.actor library.MoreLibraries.Accessors.net.WebServer} 52555 ms. Memory: 2836480K Free: 291838K (10%)
#Configuration.check: entity: org.terraswarm.accessor.JSAccessor {.configuration.actor library.MoreLibraries.Accessors.net.WebSocketClient} 53844 ms. Memory: 2836480K Free: 275533K (10%)
#Configuration.check: entity: org.terraswarm.accessor.JSAccessor {.configuration.actor library.MoreLibraries.Accessors.net.WebSocketServer} 55472 ms. Memory: 2836480K Free: 255049K (9%)
#Configuration.check: entity: org.terraswarm.accessor.JSAccessor {.configuration.actor library.MoreLibraries.Accessors.net.XBee} 56441 ms. Memory: 2836480K Free: 233532K (8%)
#Configuration.check: entity: org.terraswarm.accessor.JSAccessor {.configuration.actor library.MoreLibraries.Accessors.robotics.RosNavigationPose} 57610 ms. Memory: 2836480K Free: 279608K (10%)
#Configuration.check: entity: org.terraswarm.accessor.JSAccessor {.configuration.actor library.MoreLibraries.Accessors.robotics.RosPublisher} 58844 ms. Memory: 2836480K Free: 266238K (9%)
#Configuration.check: entity: org.terraswarm.accessor.JSAccessor {.configuration.actor library.MoreLibraries.Accessors.robotics.RosSubscriber} 59864 ms. Memory: 2836480K Free: 363518K (13%)
#Configuration.check: entity: org.terraswarm.accessor.JSAccessor {.configuration.actor library.MoreLibraries.Accessors.robotics.LocationRosPublisher} 60901 ms. Memory: 2836480K Free: 333824K (12%)
#Configuration.check: entity: org.terraswarm.accessor.JSAccessor {.configuration.actor library.MoreLibraries.Accessors.robotics.Scarab} 61853 ms. Memory: 2836480K Free: 306174K (11%)
#Configuration.check: entity: org.terraswarm.accessor.JSAccessor {.configuration.actor library.MoreLibraries.Accessors.robotics.DroneLocation} 62701 ms. Memory: 2836480K Free: 291336K (10%)
#Configuration.check: entity: org.terraswarm.accessor.JSAccessor {.configuration.actor library.MoreLibraries.Accessors.robotics.Global2LatLonAlt} 63806 ms. Memory: 2836480K Free: 250407K (9%)
#Configuration.check: entity: org.terraswarm.accessor.JSAccessor {.configuration.actor library.MoreLibraries.Accessors.geodesy.Lla2Ecef} 64589 ms. Memory: 2836480K Free: 252481K (9%)
#Configuration.check: entity: org.terraswarm.accessor.JSAccessor {.configuration.actor library.MoreLibraries.Accessors.geodesy.LlaDist} 65392 ms. Memory: 2836480K Free: 254009K (9%)
#Configuration.check: entity: org.terraswarm.accessor.JSAccessor {.configuration.actor library.MoreLibraries.Accessors.geodesy.EuclideanDist} 66675 ms. Memory: 2836480K Free: 236668K (8%)
#Configuration.check: entity: org.terraswarm.accessor.JSAccessor {.configuration.actor library.MoreLibraries.Accessors.services.FINDLocation} 67983 ms. Memory: 2836480K Free: 238631K (8%)
#Configuration.check: entity: org.terraswarm.accessor.JSAccessor {.configuration.actor library.MoreLibraries.Accessors.services.FINDTracker} 69568 ms. Memory: 2836480K Free: 207872K (7%)
#Configuration.check: entity: org.terraswarm.accessor.JSAccessor {.configuration.actor library.MoreLibraries.Accessors.services.GeoCoder} 71082 ms. Memory: 2836480K Free: 301075K (11%)
#Configuration.check: entity: org.terraswarm.accessor.JSAccessor {.configuration.actor library.MoreLibraries.Accessors.services.GeoLocation} 72763 ms. Memory: 2836480K Free: 266240K (9%)
#Configuration.check: entity: org.terraswarm.accessor.JSAccessor {.configuration.actor library.MoreLibraries.Accessors.services.Heartbeat} 74010 ms. Memory: 2836480K Free: 253950K (9%)
#Configuration.check: entity: org.terraswarm.accessor.JSAccessor {.configuration.actor library.MoreLibraries.Accessors.services.HostCompatibility} 75246 ms. Memory: 2836480K Free: 237610K (8%)
#Configuration.check: entity: org.terraswarm.accessor.JSAccessor {.configuration.actor library.MoreLibraries.Accessors.services.NaturalLanguage} 76453 ms. Memory: 2836480K Free: 201305K (7%)
#Configuration.check: entity: org.terraswarm.accessor.JSAccessor {.configuration.actor library.MoreLibraries.Accessors.services.RedPinLocation} 77694 ms. Memory: 2836480K Free: 211024K (7%)
#Configuration.check: entity: org.terraswarm.accessor.JSAccessor {.configuration.actor library.MoreLibraries.Accessors.services.ReverseGeoCoder} 78642 ms. Memory: 2836480K Free: 307712K (11%)
#Configuration.check: entity: org.terraswarm.accessor.JSAccessor {.configuration.actor library.MoreLibraries.Accessors.services.SemanticRepositoryUpdate} 79702 ms. Memory: 2836480K Free: 275456K (10%)
#Configuration.check: entity: org.terraswarm.accessor.JSAccessor {.configuration.actor library.MoreLibraries.Accessors.services.SemanticRepositoryQuery} 81130 ms. Memory: 2836480K Free: 241664K (9%)
#Configuration.check: entity: org.terraswarm.accessor.JSAccessor {.configuration.actor library.MoreLibraries.Accessors.services.SemanticYelpSearch} 82709 ms. Memory: 2836480K Free: 207881K (7%)
#Configuration.check: entity: org.terraswarm.accessor.JSAccessor {.configuration.actor library.MoreLibraries.Accessors.services.SpeechRecognition} 86101 ms. Memory: 2836480K Free: 280155K (10%)
#Configuration.check: entity: org.terraswarm.accessor.JSAccessor {.configuration.actor library.MoreLibraries.Accessors.services.Weather} 87388 ms. Memory: 2836480K Free: 263715K (9%)
#Configuration.check: entity: org.terraswarm.accessor.JSAccessor {.configuration.actor library.MoreLibraries.Accessors.services.WiFiScan} 88851 ms. Memory: 2836480K Free: 226331K (8%)
#Configuration.check: entity: org.terraswarm.accessor.JSAccessor {.configuration.actor library.MoreLibraries.Accessors.services.YelpSearch} 89977 ms. Memory: 2836480K Free: 217088K (8%)
#Configuration.check: entity: org.terraswarm.accessor.JSAccessor {.configuration.actor library.MoreLibraries.Accessors.signals.FFT} 91011 ms. Memory: 2836480K Free: 185423K (7%)
#Configuration.check: entity: org.terraswarm.accessor.JSAccessor {.configuration.actor library.MoreLibraries.Accessors.test.MochaTest} 91984 ms. Memory: 2836480K Free: 214575K (8%)
#Configuration.check: entity: org.terraswarm.accessor.JSAccessor {.configuration.actor library.MoreLibraries.Accessors.test.TestAccessor} 93770 ms. Memory: 2836480K Free: 226816K (8%)
#Configuration.check: entity: org.terraswarm.accessor.JSAccessor {.configuration.actor library.MoreLibraries.Accessors.test.TestAdder} 94814 ms. Memory: 2836480K Free: 224254K (8%)
#Configuration.check: entity: org.terraswarm.accessor.JSAccessor {.configuration.actor library.MoreLibraries.Accessors.test.TestBaseC} 96004 ms. Memory: 2836480K Free: 223744K (8%)
#Configuration.check: entity: org.terraswarm.accessor.JSAccessor {.configuration.actor library.MoreLibraries.Accessors.test.TestComposite} 97230 ms. Memory: 2836480K Free: 225280K (8%)
#Configuration.check: entity: org.terraswarm.accessor.JSAccessor {.configuration.actor library.MoreLibraries.Accessors.test.TestCompositeSpontaneous} 98687 ms. Memory: 2836480K Free: 208384K (7%)
#Configuration.check: entity: org.terraswarm.accessor.JSAccessor {.configuration.actor library.MoreLibraries.Accessors.test.TestDerivedAgainA} 100359 ms. Memory: 2836480K Free: 193546K (7%)
#Configuration.check: entity: org.terraswarm.accessor.JSAccessor {.configuration.actor library.MoreLibraries.Accessors.test.TestDerivedC} 101592 ms. Memory: 2836480K Free: 187932K (7%)
#Configuration.check: entity: org.terraswarm.accessor.JSAccessor {.configuration.actor library.MoreLibraries.Accessors.test.TestFunctions} 102796 ms. Memory: 2836480K Free: 183923K (6%)
#Configuration.check: entity: org.terraswarm.accessor.JSAccessor {.configuration.actor library.MoreLibraries.Accessors.test.TestGain} 103982 ms. Memory: 2836480K Free: 187409K (7%)
#Configuration.check: entity: org.terraswarm.accessor.JSAccessor {.configuration.actor library.MoreLibraries.Accessors.test.TestImplement} 105025 ms. Memory: 2836480K Free: 186925K (7%)
#Configuration.check: entity: org.terraswarm.accessor.JSAccessor {.configuration.actor library.MoreLibraries.Accessors.test.TestInheritance} 105931 ms. Memory: 2836480K Free: 178756K (6%)
#Configuration.check: entity: org.terraswarm.accessor.JSAccessor {.configuration.actor library.MoreLibraries.Accessors.test.TestRequire} 106933 ms. Memory: 2836480K Free: 204342K (7%)
#Configuration.check: entity: org.terraswarm.accessor.JSAccessor {.configuration.actor library.MoreLibraries.Accessors.test.TestSpontaneous} 107809 ms. Memory: 2836480K Free: 196575K (7%)
#Configuration.check: entity: org.terraswarm.accessor.JSAccessor {.configuration.actor library.MoreLibraries.Accessors.test.TestSpontaneousOnce} 108579 ms. Memory: 2836480K Free: 199032K (7%)
#Configuration.check: entity: org.terraswarm.accessor.JSAccessor {.configuration.actor library.MoreLibraries.Accessors.test.TrainableTest} 109498 ms. Memory: 2836480K Free: 199680K (7%)
#Configuration.check: entity: org.terraswarm.accessor.JSAccessor {.configuration.actor library.MoreLibraries.Accessors.utilities.Clock} 110829 ms. Memory: 2836480K Free: 195582K (7%)
#Configuration.check: entity: org.terraswarm.accessor.JSAccessor {.configuration.actor library.MoreLibraries.Accessors.utilities.Cron} 112035 ms. Memory: 2836480K Free: 197151K (7%)
#Configuration.check: entity: org.terraswarm.accessor.JSAccessor {.configuration.actor library.MoreLibraries.Accessors.utilities.Exec} 113369 ms. Memory: 2836480K Free: 195649K (7%)
#Configuration.check: entity: org.terraswarm.accessor.JSAccessor {.configuration.actor library.MoreLibraries.Accessors.utilities.GetAccessor} 114641 ms. Memory: 2836480K Free: 195685K (7%)
#Configuration.check: entity: org.terraswarm.accessor.JSAccessor {.configuration.actor library.MoreLibraries.Accessors.utilities.GetResource} 116169 ms. Memory: 2836480K Free: 182873K (6%)
#Configuration.check: entity: org.terraswarm.accessor.JSAccessor {.configuration.actor library.MoreLibraries.Accessors.utilities.HostName} 117336 ms. Memory: 2836480K Free: 181332K (6%)
#Configuration.check: entity: org.terraswarm.accessor.JSAccessor {.configuration.actor library.MoreLibraries.Accessors.utilities.LocalStorage} 118429 ms. Memory: 2836480K Free: 185856K (7%)
#Configuration.check: entity: org.terraswarm.accessor.JSAccessor {.configuration.actor library.MoreLibraries.Accessors.utilities.Mutable} 119673 ms. Memory: 2836480K Free: 172542K (6%)
#Configuration.check: entity: org.terraswarm.accessor.JSAccessor {.configuration.actor library.MoreLibraries.Accessors.utilities.MutableBase} 120573 ms. Memory: 2836480K Free: 169472K (6%)
#Configuration.check: entity: org.terraswarm.accessor.JSAccessor {.configuration.actor library.MoreLibraries.Accessors.utilities.Stop} 121565 ms. Memory: 2861056K Free: 235556K (8%)
#Configuration.check: entity: org.terraswarm.accessor.JSAccessor {.configuration.actor library.MoreLibraries.Accessors.utilities.TextDisplay} 122363 ms. Memory: 2861056K Free: 240126K (8%)
#Configuration.check: entity: org.terraswarm.accessor.JSAccessor {.configuration.actor library.MoreLibraries.Accessors.utilities.UserInterface} 123255 ms. Memory: 2861056K Free: 228862K (8%)
#Configuration.check: entity: ptolemy.domains.de.lib.aspect.AFDXESs {.configuration.actor library.MoreLibraries.Aspects.AFDX_ESs} 124341 ms. Memory: 2861056K Free: 212990K (7%)
#Configuration.check: entity: ptolemy.domains.de.lib.aspect.AFDXSwitch {.configuration.actor library.MoreLibraries.Aspects.AFDX_SW} 124343 ms. Memory: 2861056K Free: 212990K (7%)
#Configuration.check: entity: ptolemy.domains.de.lib.aspect.Bus {.configuration.actor library.MoreLibraries.Aspects.Bus} 124346 ms. Memory: 2861056K Free: 211966K (7%)
#Configuration.check: entity: ptolemy.domains.de.lib.aspect.BasicSwitch {.configuration.actor library.MoreLibraries.Aspects.BasicSwitch} 124347 ms. Memory: 2861056K Free: 211966K (7%)
#Configuration.check: entity: ptolemy.actor.lib.aspect.CanBus {.configuration.actor library.MoreLibraries.Aspects.CanBus} 124349 ms. Memory: 2861056K Free: 210935K (7%)
#Configuration.check: entity: ptolemy.actor.gui.CommunicationAspectMonitor {.configuration.actor library.MoreLibraries.Aspects.CommunicationAspectMonitor} 124351 ms. Memory: 2861056K Free: 209911K (7%)
#Configuration.check: entity: ptolemy.domains.de.lib.aspect.CrossbarSwitch {.configuration.actor library.MoreLibraries.Aspects.CrossbarSwitch} 124351 ms. Memory: 2861056K Free: 209911K (7%)
#Configuration.check: entity: ptolemy.actor.lib.aspect.DynamicCoreAssignmentScheduler {.configuration.actor library.MoreLibraries.Aspects.DynamicCoreAssignmentScheduler} 124354 ms. Memory: 2861056K Free: 208879K (7%)
#Configuration.check: entity: ptolemy.actor.lib.aspect.EDFScheduler {.configuration.actor library.MoreLibraries.Aspects.EDFScheduler} 124356 ms. Memory: 2861056K Free: 208384K (7%)
#Configuration.check: entity: ptolemy.actor.lib.aspect.FixedPriorityScheduler {.configuration.actor library.MoreLibraries.Aspects.FixedPriorityScheduler} 124356 ms. Memory: 2861056K Free: 207855K (7%)
#Configuration.check: entity: ptolemy.domains.de.lib.aspect.TTESwitch {.configuration.actor library.MoreLibraries.Aspects.TTESwitch} 124357 ms. Memory: 2861056K Free: 207855K (7%)
#Configuration.check: entity: lbnl.actor.lib.Simulator {.configuration.actor library.MoreLibraries.Co-Simulation.Simulator.Simulator} 124360 ms. Memory: 2861056K Free: 207360K (7%)
#Configuration.check: entity: lbnl.actor.lib.SystemCommand {.configuration.actor library.MoreLibraries.Co-Simulation.Simulator.SystemCommand} 124362 ms. Memory: 2861056K Free: 206336K (7%)
#Configuration.check: entity: org.hlacerti.lib.HlaAttributeUpdater {.configuration.actor library.MoreLibraries.Co-Simulation.HLA.HlaAttributeUpdater} 124362 ms. Memory: 2861056K Free: 206336K (7%)
#Configuration.check: entity: org.hlacerti.lib.HlaAttributeReflector {.configuration.actor library.MoreLibraries.Co-Simulation.HLA.HlaAttributeReflector} 124363 ms. Memory: 2861056K Free: 205822K (7%)
#Configuration.check: entity: ptolemy.actor.lib.database.DatabaseManager {.configuration.actor library.MoreLibraries.DatabaseActors.DatabaseManager} 124365 ms. Memory: 2861056K Free: 205312K (7%)
#Configuration.check: entity: ptolemy.actor.lib.database.DatabaseQuery {.configuration.actor library.MoreLibraries.DatabaseActors.DatabaseQuery} 124366 ms. Memory: 2861056K Free: 205312K (7%)
#Configuration.check: entity: ptolemy.actor.lib.database.DatabaseSelect {.configuration.actor library.MoreLibraries.DatabaseActors.DatabaseSelect} 124367 ms. Memory: 2861056K Free: 204783K (7%)
#Configuration.check: entity: ptolemy.actor.lib.database.DatabaseInsert {.configuration.actor library.MoreLibraries.DatabaseActors.DatabaseInsert} 124369 ms. Memory: 2861056K Free: 204783K (7%)
#Configuration.check: entity: ptolemy.actor.lib.database.SQLStatement {.configuration.actor library.MoreLibraries.DatabaseActors.SQLStatement} 124369 ms. Memory: 2861056K Free: 204288K (7%)
#Configuration.check: entity: ptolemy.actor.lib.database.ArrayOfRecordsRecorder {.configuration.actor library.MoreLibraries.DatabaseActors.ArrayOfRecordsRecorder} 124370 ms. Memory: 2861056K Free: 204288K (7%)
#Configuration.check: entity: ptolemy.actor.lib.PoissonClock {.configuration.actor library.MoreLibraries.DesignPatterns.DiscreteEvent.DESourceSink.PoissonClock} 124370 ms. Memory: 2861056K Free: 203759K (7%)
#Configuration.check: entity: ptolemy.actor.lib.Ramp {.configuration.actor library.MoreLibraries.DesignPatterns.DiscreteEvent.DESourceSink.Ramp} 124371 ms. Memory: 2861056K Free: 203264K (7%)
#Configuration.check: entity: ptolemy.actor.lib.gui.TimedPlotter {.configuration.actor library.MoreLibraries.DesignPatterns.DiscreteEvent.DESourceSink.TimedPlotter} 124372 ms. Memory: 2861056K Free: 203264K (7%)
#Configuration.check: entity: ptolemy.domains.sdf.lib.SampleDelay {.configuration.actor library.MoreLibraries.DesignPatterns.DynamicDataFlow.DDFRepeatForCount.SampleDelay} 124373 ms. Memory: 2861056K Free: 203264K (7%)
#Configuration.check: entity: ptolemy.actor.lib.Const {.configuration.actor library.MoreLibraries.DesignPatterns.DynamicDataFlow.DDFRepeatForCount.Const} 124374 ms. Memory: 2861056K Free: 202750K (7%)
#Configuration.check: entity: ptolemy.actor.lib.Ramp {.configuration.actor library.MoreLibraries.DesignPatterns.DynamicDataFlow.DDFRepeatForCount.Ramp} 124374 ms. Memory: 2861056K Free: 202240K (7%)
#Configuration.check: entity: ptolemy.actor.lib.Expression {.configuration.actor library.MoreLibraries.DesignPatterns.DynamicDataFlow.DDFRepeatForCount.Expression} 124375 ms. Memory: 2861056K Free: 202240K (7%)
#Configuration.check: entity: ptolemy.actor.lib.BooleanSwitch {.configuration.actor library.MoreLibraries.DesignPatterns.DynamicDataFlow.DDFRepeatForCount.Switch} 124376 ms. Memory: 2861056K Free: 202240K (7%)
#Configuration.check: entity: ptolemy.domains.ddf.lib.DDFBooleanSelect {.configuration.actor library.MoreLibraries.DesignPatterns.DynamicDataFlow.DDFRepeatForCount.Select} 124376 ms. Memory: 2861056K Free: 202240K (7%)
#Configuration.check: entity: ptolemy.actor.lib.Const {.configuration.actor library.MoreLibraries.DesignPatterns.DynamicDataFlow.DDFRepeatForCount.Source} 124376 ms. Memory: 2861056K Free: 201726K (7%)
#Configuration.check: entity: ptolemy.actor.lib.gui.Display {.configuration.actor library.MoreLibraries.DesignPatterns.DynamicDataFlow.DDFRepeatForCount.Sink} 124377 ms. Memory: 2861056K Free: 201726K (7%)
#Configuration.check: entity: ptolemy.actor.lib.Counter {.configuration.actor library.MoreLibraries.DesignPatterns.DynamicDataFlow.DDFRepeatForCount.RepeatedAction.Counter} 124378 ms. Memory: 2861056K Free: 201216K (7%)
#Configuration.check: entity: ptolemy.domains.rendezvous.lib.Barrier {.configuration.actor library.MoreLibraries.DesignPatterns.Rendezvous.RendezvousSynchrony.Barrier} 124378 ms. Memory: 2861056K Free: 201216K (7%)
#Configuration.check: entity: ptolemy.domains.ca.lib.gui.CAViewer {.configuration.actor library.MoreLibraries.ExperimentalDomains.CellularAutomata.CA Viewer} 124381 ms. Memory: 2861056K Free: 200702K (7%)
#Configuration.check: entity: ptolemy.domains.dde.lib.DDESink {.configuration.actor library.MoreLibraries.ExperimentalDomains.DDE.dde.DDESink} 124384 ms. Memory: 2861056K Free: 200192K (7%)
#Configuration.check: entity: ptolemy.domains.dde.lib.DoubleFork {.configuration.actor library.MoreLibraries.ExperimentalDomains.DDE.dde.DoubleFork} 124384 ms. Memory: 2861056K Free: 200192K (7%)
#Configuration.check: entity: ptolemy.domains.dde.lib.Wire {.configuration.actor library.MoreLibraries.ExperimentalDomains.DDE.dde.Wire} 124384 ms. Memory: 2861056K Free: 199678K (7%)
#Configuration.check: entity: ptolemy.domains.gr.lib.Box3D {.configuration.actor library.MoreLibraries.ExperimentalDomains.Graphics.Graphics.Box3D} 124384 ms. Memory: 2861056K Free: 199678K (7%)
#Configuration.check: entity: ptolemy.domains.gr.lib.CircularSweep3D {.configuration.actor library.MoreLibraries.ExperimentalDomains.Graphics.Graphics.CircularSweep3D} 124386 ms. Memory: 2861056K Free: 198639K (7%)
#Configuration.check: entity: ptolemy.domains.gr.lib.Cone3D {.configuration.actor library.MoreLibraries.ExperimentalDomains.Graphics.Graphics.Cone3D} 124388 ms. Memory: 2861056K Free: 197630K (7%)
#Configuration.check: entity: ptolemy.domains.gr.lib.Cylinder3D {.configuration.actor library.MoreLibraries.ExperimentalDomains.Graphics.Graphics.Cylinder3D} 124391 ms. Memory: 2861056K Free: 196591K (7%)
#Configuration.check: entity: ptolemy.domains.gr.lib.PolyCylinder3D {.configuration.actor library.MoreLibraries.ExperimentalDomains.Graphics.Graphics.PolyCylinder3D} 124393 ms. Memory: 2861056K Free: 195567K (7%)
#Configuration.check: entity: ptolemy.domains.gr.lib.Sphere3D {.configuration.actor library.MoreLibraries.ExperimentalDomains.Graphics.Graphics.Sphere3D} 124395 ms. Memory: 2861056K Free: 194551K (7%)
#Configuration.check: entity: ptolemy.domains.gr.lib.TextString3D {.configuration.actor library.MoreLibraries.ExperimentalDomains.Graphics.Graphics.TextString3D} 124397 ms. Memory: 2861056K Free: 193534K (7%)
#Configuration.check: entity: ptolemy.domains.gr.lib.Torus3D {.configuration.actor library.MoreLibraries.ExperimentalDomains.Graphics.Graphics.Torus3D} 124402 ms. Memory: 2861056K Free: 192479K (7%)
#Configuration.check: entity: ptolemy.domains.gr.lib.Rotate3D {.configuration.actor library.MoreLibraries.ExperimentalDomains.Graphics.Graphics.Rotate3D} 124404 ms. Memory: 2861056K Free: 191471K (7%)
#Configuration.check: entity: ptolemy.domains.gr.lib.Scale3D {.configuration.actor library.MoreLibraries.ExperimentalDomains.Graphics.Graphics.Scale3D} 124405 ms. Memory: 2861056K Free: 191471K (7%)
#Configuration.check: entity: ptolemy.domains.gr.lib.Translate3D {.configuration.actor library.MoreLibraries.ExperimentalDomains.Graphics.Graphics.Translate3D} 124405 ms. Memory: 2861056K Free: 191471K (7%)
#Configuration.check: entity: ptolemy.domains.gr.lib.Translate2D {.configuration.actor library.MoreLibraries.ExperimentalDomains.Graphics.Graphics.Translate2D} 124405 ms. Memory: 2861056K Free: 191471K (7%)
#Configuration.check: entity: ptolemy.domains.gr.lib.KeyInput3D {.configuration.actor library.MoreLibraries.ExperimentalDomains.Graphics.Graphics.KeyInput3D} 124406 ms. Memory: 2861056K Free: 191471K (7%)
#Configuration.check: entity: ptolemy.domains.gr.lib.MouseInput3D {.configuration.actor library.MoreLibraries.ExperimentalDomains.Graphics.Graphics.MouseInput3D} 124406 ms. Memory: 2861056K Free: 190976K (7%)
#Configuration.check: entity: ptolemy.domains.gr.lib.Rotate3D {.configuration.actor library.MoreLibraries.ExperimentalDomains.Graphics.Graphics.ThreeAxisRotator3D.Rotate3D} 124406 ms. Memory: 2861056K Free: 190976K (7%)
#Configuration.check: entity: ptolemy.domains.gr.lib.Rotate3D {.configuration.actor library.MoreLibraries.ExperimentalDomains.Graphics.Graphics.ThreeAxisRotator3D.Rotate3D2} 124407 ms. Memory: 2861056K Free: 190976K (7%)
#Configuration.check: entity: ptolemy.domains.gr.lib.Rotate3D {.configuration.actor library.MoreLibraries.ExperimentalDomains.Graphics.Graphics.ThreeAxisRotator3D.Rotate3D3} 124415 ms. Memory: 2861056K Free: 190976K (7%)
#Configuration.check: entity: ptolemy.domains.gr.lib.ViewScreen2D {.configuration.actor library.MoreLibraries.ExperimentalDomains.Graphics.Graphics.ViewScreen2D} 124416 ms. Memory: 2861056K Free: 190462K (7%)
#Configuration.check: entity: ptolemy.domains.gr.lib.ViewScreen3D {.configuration.actor library.MoreLibraries.ExperimentalDomains.Graphics.Graphics.ViewScreen3D} 124417 ms. Memory: 2861056K Free: 190462K (7%)
#Configuration.check: entity: ptolemy.domains.gr.lib.MovableViewScreen3D {.configuration.actor library.MoreLibraries.ExperimentalDomains.Graphics.Graphics.MovableViewScreen3D} 124418 ms. Memory: 2861056K Free: 190462K (7%)
#Configuration.check: entity: ptolemy.domains.petrinet.kernel.Place {.configuration.actor library.MoreLibraries.ExperimentalDomains.PetriNet.Place} 124419 ms. Memory: 2861056K Free: 189952K (7%)
#Configuration.check: entity: ptolemy.domains.pthales.lib.PthalesGenericActor {.configuration.actor library.MoreLibraries.ExperimentalDomains.Pthales.PthalesGenericActor} 124420 ms. Memory: 2861056K Free: 189952K (7%)
#Configuration.check: entity: ptolemy.domains.pthales.lib.PthalesAddHeaderActor {.configuration.actor library.MoreLibraries.ExperimentalDomains.Pthales.PthalesAddHeaderActor} 124420 ms. Memory: 2861056K Free: 189952K (7%)
#Configuration.check: entity: ptolemy.domains.pthales.lib.PthalesRemoveHeaderActor {.configuration.actor library.MoreLibraries.ExperimentalDomains.Pthales.PthalesRemoveHeaderActor} 124420 ms. Memory: 2861056K Free: 189935K (7%)
#Configuration.check: entity: ptolemy.actor.lib.Exec {.configuration.actor library.MoreLibraries.Esoteric.Exec} 124431 ms. Memory: 2861056K Free: 189423K (7%)
#Configuration.check: entity: ptolemy.caltrop.actors.CalInterpreter {.configuration.actor library.MoreLibraries.Esoteric.CalInterpreter} 124432 ms. Memory: 2861056K Free: 189423K (7%)
#Configuration.check: entity: ptolemy.actor.lib.OrderedMerge {.configuration.actor library.MoreLibraries.Esoteric.OrderedMerge} 124433 ms. Memory: 2861056K Free: 188928K (7%)
#Configuration.check: entity: ptolemy.actor.lib.RemoveNilTokens {.configuration.actor library.MoreLibraries.Esoteric.RemoveNilTokens} 124433 ms. Memory: 2861056K Free: 188928K (7%)
#Configuration.check: entity: ptolemy.actor.lib.gem5.Gem5Wrapper {.configuration.actor library.MoreLibraries.Gem5.Gem5Wrapper} 124433 ms. Memory: 2861056K Free: 188928K (7%)
#Configuration.check: entity: ptolemy.actor.gt.ModelCombine {.configuration.actor library.MoreLibraries.GraphTransformation.ModelCombine} 124434 ms. Memory: 2861056K Free: 188926K (7%)
#Configuration.check: entity: ptolemy.actor.gt.ModelExecutor {.configuration.actor library.MoreLibraries.GraphTransformation.ModelExecutor} 124438 ms. Memory: 2861056K Free: 188414K (7%)
#Configuration.check: entity: ptolemy.actor.gt.ModelGenerator {.configuration.actor library.MoreLibraries.GraphTransformation.ModelGenerator} 124440 ms. Memory: 2861056K Free: 188411K (7%)
#Configuration.check: entity: ptolemy.actor.gt.ModelView {.configuration.actor library.MoreLibraries.GraphTransformation.ModelView} 124446 ms. Memory: 2861056K Free: 187904K (7%)
#Configuration.check: entity: ptolemy.actor.gt.MoMLGenerator {.configuration.actor library.MoreLibraries.GraphTransformation.MoMLGenerator} 124450 ms. Memory: 2861056K Free: 187390K (7%)
#Configuration.check: entity: ptolemy.domains.gr.lib.Box3D {.configuration.actor library.MoreLibraries.Graphics.Graphics.Box3D} 124452 ms. Memory: 2861056K Free: 186880K (7%)
#Configuration.check: entity: ptolemy.domains.gr.lib.CircularSweep3D {.configuration.actor library.MoreLibraries.Graphics.Graphics.CircularSweep3D} 124454 ms. Memory: 2861056K Free: 185856K (6%)
#Configuration.check: entity: ptolemy.domains.gr.lib.Cone3D {.configuration.actor library.MoreLibraries.Graphics.Graphics.Cone3D} 124458 ms. Memory: 2861056K Free: 184832K (6%)
#Configuration.check: entity: ptolemy.domains.gr.lib.Cylinder3D {.configuration.actor library.MoreLibraries.Graphics.Graphics.Cylinder3D} 124460 ms. Memory: 2861056K Free: 183808K (6%)
#Configuration.check: entity: ptolemy.domains.gr.lib.PolyCylinder3D {.configuration.actor library.MoreLibraries.Graphics.Graphics.PolyCylinder3D} 124462 ms. Memory: 2861056K Free: 182270K (6%)
#Configuration.check: entity: ptolemy.domains.gr.lib.Sphere3D {.configuration.actor library.MoreLibraries.Graphics.Graphics.Sphere3D} 124464 ms. Memory: 2861056K Free: 181760K (6%)
#Configuration.check: entity: ptolemy.domains.gr.lib.TextString3D {.configuration.actor library.MoreLibraries.Graphics.Graphics.TextString3D} 124466 ms. Memory: 2861056K Free: 180734K (6%)
#Configuration.check: entity: ptolemy.domains.gr.lib.Torus3D {.configuration.actor library.MoreLibraries.Graphics.Graphics.Torus3D} 124468 ms. Memory: 2861056K Free: 179198K (6%)
#Configuration.check: entity: ptolemy.domains.gr.lib.Rotate3D {.configuration.actor library.MoreLibraries.Graphics.Graphics.Rotate3D} 124470 ms. Memory: 2861056K Free: 178688K (6%)
#Configuration.check: entity: ptolemy.domains.gr.lib.Scale3D {.configuration.actor library.MoreLibraries.Graphics.Graphics.Scale3D} 124470 ms. Memory: 2861056K Free: 178688K (6%)
#Configuration.check: entity: ptolemy.domains.gr.lib.Translate3D {.configuration.actor library.MoreLibraries.Graphics.Graphics.Translate3D} 124471 ms. Memory: 2861056K Free: 178688K (6%)
#Configuration.check: entity: ptolemy.domains.gr.lib.Translate2D {.configuration.actor library.MoreLibraries.Graphics.Graphics.Translate2D} 124471 ms. Memory: 2861056K Free: 178174K (6%)
#Configuration.check: entity: ptolemy.domains.gr.lib.KeyInput3D {.configuration.actor library.MoreLibraries.Graphics.Graphics.KeyInput3D} 124471 ms. Memory: 2861056K Free: 178174K (6%)
#Configuration.check: entity: ptolemy.domains.gr.lib.MouseInput3D {.configuration.actor library.MoreLibraries.Graphics.Graphics.MouseInput3D} 124471 ms. Memory: 2861056K Free: 178174K (6%)
#Configuration.check: entity: ptolemy.domains.gr.lib.Rotate3D {.configuration.actor library.MoreLibraries.Graphics.Graphics.ThreeAxisRotator3D.Rotate3D} 124471 ms. Memory: 2861056K Free: 178174K (6%)
#Configuration.check: entity: ptolemy.domains.gr.lib.Rotate3D {.configuration.actor library.MoreLibraries.Graphics.Graphics.ThreeAxisRotator3D.Rotate3D2} 124472 ms. Memory: 2861056K Free: 178174K (6%)
#Configuration.check: entity: ptolemy.domains.gr.lib.Rotate3D {.configuration.actor library.MoreLibraries.Graphics.Graphics.ThreeAxisRotator3D.Rotate3D3} 124472 ms. Memory: 2861056K Free: 178174K (6%)
#Configuration.check: entity: ptolemy.domains.gr.lib.ViewScreen2D {.configuration.actor library.MoreLibraries.Graphics.Graphics.ViewScreen2D} 124473 ms. Memory: 2861056K Free: 177664K (6%)
#Configuration.check: entity: ptolemy.domains.gr.lib.ViewScreen3D {.configuration.actor library.MoreLibraries.Graphics.Graphics.ViewScreen3D} 124473 ms. Memory: 2861056K Free: 177664K (6%)
#Configuration.check: entity: ptolemy.domains.gr.lib.MovableViewScreen3D {.configuration.actor library.MoreLibraries.Graphics.Graphics.MovableViewScreen3D} 124474 ms. Memory: 2861056K Free: 177150K (6%)
#Configuration.check: entity: ptolemy.actor.lib.image.ImageDisplay {.configuration.actor library.MoreLibraries.ImageProcessing.Generic.ImageDisplay} 124475 ms. Memory: 2861056K Free: 177150K (6%)
#Configuration.check: entity: ptolemy.actor.lib.image.ImageReader {.configuration.actor library.MoreLibraries.ImageProcessing.Generic.ImageReader} 124477 ms. Memory: 2861056K Free: 176640K (6%)
#Configuration.check: entity: ptolemy.actor.lib.image.ImageRotate {.configuration.actor library.MoreLibraries.ImageProcessing.Generic.ImageRotate} 124477 ms. Memory: 2861056K Free: 176640K (6%)
#Configuration.check: entity: ptolemy.actor.lib.image.ImageToString {.configuration.actor library.MoreLibraries.ImageProcessing.Generic.ImageToString} 124477 ms. Memory: 2861056K Free: 176640K (6%)
#Configuration.check: entity: ptolemy.actor.lib.image.URLToImage {.configuration.actor library.MoreLibraries.ImageProcessing.Generic.URLToImage} 124477 ms. Memory: 2861056K Free: 176640K (6%)
#Configuration.check: entity: ptolemy.domains.sdf.lib.vq.HTVQEncode {.configuration.actor library.MoreLibraries.ImageProcessing.VectorQuantization.HTVQEncode} 124477 ms. Memory: 2861056K Free: 176640K (6%)
#Configuration.check: entity: ptolemy.domains.sdf.lib.vq.ImageContrast {.configuration.actor library.MoreLibraries.ImageProcessing.VectorQuantization.ImageContrast} 124478 ms. Memory: 2861056K Free: 175103K (6%)
#Configuration.check: entity: ptolemy.domains.sdf.lib.vq.ImageDisplay {.configuration.actor library.MoreLibraries.ImageProcessing.VectorQuantization.ImageDisplay} 124478 ms. Memory: 2861056K Free: 175103K (6%)
#Configuration.check: entity: ptolemy.domains.sdf.lib.vq.ImagePartition {.configuration.actor library.MoreLibraries.ImageProcessing.VectorQuantization.ImagePartition} 124478 ms. Memory: 2861056K Free: 174847K (6%)
#Configuration.check: entity: ptolemy.domains.sdf.lib.vq.ImageSequence {.configuration.actor library.MoreLibraries.ImageProcessing.VectorQuantization.ImageSequence} 124479 ms. Memory: 2861056K Free: 174847K (6%)
#Configuration.check: entity: ptolemy.domains.sdf.lib.vq.ImageUnpartition {.configuration.actor library.MoreLibraries.ImageProcessing.VectorQuantization.ImageUnpartition} 124479 ms. Memory: 2861056K Free: 174847K (6%)
#Configuration.check: entity: ptolemy.domains.sdf.lib.vq.PSNR {.configuration.actor library.MoreLibraries.ImageProcessing.VectorQuantization.PSNR} 124479 ms. Memory: 2861056K Free: 174592K (6%)
#Configuration.check: entity: ptolemy.domains.sdf.lib.vq.VQDecode {.configuration.actor library.MoreLibraries.ImageProcessing.VectorQuantization.VQDecode} 124479 ms. Memory: 2861056K Free: 174592K (6%)
#Configuration.check: entity: ptolemy.vergil.actor.lib.LEDMatrix {.configuration.actor library.MoreLibraries.InteractiveIcons.LEDMatrix} 124480 ms. Memory: 2861056K Free: 174047K (6%)
#Configuration.check: entity: ptolemy.vergil.actor.lib.MonitorImage {.configuration.actor library.MoreLibraries.InteractiveIcons.MonitorImage} 124510 ms. Memory: 2861056K Free: 169982K (6%)
#Configuration.check: entity: ptolemy.actor.lib.conversions.json.JSONToToken {.configuration.actor library.MoreLibraries.JSON.JSONToToken} 124511 ms. Memory: 2861056K Free: 169472K (6%)
#Configuration.check: entity: ptolemy.actor.lib.conversions.json.TokenToJSON {.configuration.actor library.MoreLibraries.JSON.TokenToJSON} 124511 ms. Memory: 2861056K Free: 169472K (6%)
#Configuration.check: entity: org.ptolemy.machineLearning.clustering.KMeans {.configuration.actor library.MoreLibraries.MachineLearning.Clustering.KMeans} 124511 ms. Memory: 2861056K Free: 169472K (6%)
#Configuration.check: entity: org.ptolemy.machineLearning.hmm.HMMGaussianEstimator {.configuration.actor library.MoreLibraries.MachineLearning.HMM.HMMGaussianEstimator} 124512 ms. Memory: 2861056K Free: 168943K (6%)
#Configuration.check: entity: org.ptolemy.machineLearning.hmm.HMMExponentialEstimator {.configuration.actor library.MoreLibraries.MachineLearning.HMM.HMMExponentialEstimator} 124517 ms. Memory: 2861056K Free: 167934K (6%)
#Configuration.check: entity: org.ptolemy.machineLearning.hmm.HMMMultinomialEstimator {.configuration.actor library.MoreLibraries.MachineLearning.HMM.HMMMultinomialEstimator} 124521 ms. Memory: 2861056K Free: 166910K (6%)
#Configuration.check: entity: org.ptolemy.machineLearning.hmm.HMMGaussianClassifier {.configuration.actor library.MoreLibraries.MachineLearning.HMM.HMMGaussianClassifier} 124527 ms. Memory: 2861056K Free: 165376K (6%)
#Configuration.check: entity: org.ptolemy.machineLearning.hmm.HMMExponentialClassifier {.configuration.actor library.MoreLibraries.MachineLearning.HMM.HMMExponentialClassifier} 124532 ms. Memory: 2861056K Free: 163807K (6%)
#Configuration.check: entity: org.ptolemy.machineLearning.hmm.HMMMultinomialClassifier {.configuration.actor library.MoreLibraries.MachineLearning.HMM.HMMMultinomialClassifier} 124536 ms. Memory: 2861056K Free: 162814K (6%)
#Configuration.check: entity: org.ptolemy.machineLearning.hsmm.HSMMMultinomialEstimator {.configuration.actor library.MoreLibraries.MachineLearning.HSMM.HSMMMultinomialEstimator} 124542 ms. Memory: 2861056K Free: 161790K (6%)
#Configuration.check: entity: org.ptolemy.machineLearning.hsmm.HSMMTimeAwareMultinomialEstimator {.configuration.actor library.MoreLibraries.MachineLearning.HSMM.HSMMTimeAwareMultinomialEstimator} 124550 ms. Memory: 2861056K Free: 159727K (6%)
#Configuration.check: entity: org.ptolemy.machineLearning.hsmm.HSMMGaussianEstimator {.configuration.actor library.MoreLibraries.MachineLearning.HSMM.HSMMGaussianEstimator} 124558 ms. Memory: 2861056K Free: 157184K (5%)
#Configuration.check: entity: org.ptolemy.machineLearning.hsmm.HSMMGeneratorGaussianEmissions {.configuration.actor library.MoreLibraries.MachineLearning.HSMM.HSMMGeneratorGaussianEmissions} 124566 ms. Memory: 2861056K Free: 155136K (5%)
#Configuration.check: entity: org.ptolemy.machineLearning.hsmm.HSMMGeneratorMultinomialEmissions {.configuration.actor library.MoreLibraries.MachineLearning.HSMM.HSMMGeneratorMultinomialEmissions} 124569 ms. Memory: 2861056K Free: 154112K (5%)
#Configuration.check: entity: org.ptolemy.machineLearning.hsmm.HSMMTimeAwareGenerator {.configuration.actor library.MoreLibraries.MachineLearning.HSMM.HSMMTimeAwareGenerator} 124572 ms. Memory: 2861056K Free: 153567K (5%)
#Configuration.check: entity: org.ptolemy.ssm.GaussianMeasurementModel {.configuration.actor library.MoreLibraries.MachineLearning.StateSpaceModel.GaussianMeasurementModel} 124581 ms. Memory: 2861056K Free: 151040K (5%)
#Configuration.check: entity: org.ptolemy.ssm.Map {.configuration.actor library.MoreLibraries.MachineLearning.StateSpaceModel.Map} 124584 ms. Memory: 2861056K Free: 150526K (5%)
#Configuration.check: entity: org.ptolemy.ssm.StateSpaceModel {.configuration.actor library.MoreLibraries.MachineLearning.StateSpaceModel.StateSpaceModel} 124586 ms. Memory: 2861056K Free: 150016K (5%)
#Configuration.check: entity: ptolemy.actor.lib.mail.SendMail {.configuration.actor library.MoreLibraries.Mail.SendMail} 124589 ms. Memory: 2861056K Free: 148992K (5%)
#Configuration.check: entity: ptolemy.actor.lib.mbed.Accelerometer {.configuration.actor library.MoreLibraries.Mbed.Accelerometer} 124592 ms. Memory: 2861056K Free: 148447K (5%)
#Configuration.check: entity: ptolemy.actor.lib.mbed.CC3000Control {.configuration.actor library.MoreLibraries.Mbed.CC3000Control} 124594 ms. Memory: 2861056K Free: 147968K (5%)
#Configuration.check: entity: ptolemy.actor.lib.mbed.CC3000Module {.configuration.actor library.MoreLibraries.Mbed.CC3000Module} 124595 ms. Memory: 2861056K Free: 147968K (5%)
#Configuration.check: entity: ptolemy.actor.lib.mbed.GestureRecognition {.configuration.actor library.MoreLibraries.Mbed.GestureRecognition} 124596 ms. Memory: 2861056K Free: 147454K (5%)
#Configuration.check: entity: ptolemy.actor.lib.mbed.GPIOWriter {.configuration.actor library.MoreLibraries.Mbed.GPIOWriter} 124597 ms. Memory: 2861056K Free: 147454K (5%)
#Configuration.check: entity: ptolemy.actor.lib.mbed.HSBtoRGB {.configuration.actor library.MoreLibraries.Mbed.HSBtoRGB} 124597 ms. Memory: 2861056K Free: 147454K (5%)
#Configuration.check: entity: ptolemy.actor.lib.mbed.LEDCubeUpdate {.configuration.actor library.MoreLibraries.Mbed.LEDCubeUpdate} 124599 ms. Memory: 2861056K Free: 146944K (5%)
#Configuration.check: entity: ptolemy.actor.lib.mbed.NeoPixelLEDStrip {.configuration.actor library.MoreLibraries.Mbed.NeoPixelLEDStrip} 124600 ms. Memory: 2861056K Free: 146944K (5%)
#Configuration.check: entity: ptolemy.actor.lib.mbed.PacketToSensorData {.configuration.actor library.MoreLibraries.Mbed.PacketToSensorData} 124602 ms. Memory: 2861056K Free: 146430K (5%)
#Configuration.check: entity: ptolemy.actor.lib.mbed.SensorDataCalibration {.configuration.actor library.MoreLibraries.Mbed.SensorDataCalibration} 124602 ms. Memory: 2861056K Free: 145920K (5%)
#Configuration.check: entity: org.ptolemy.osc.OscReceiver {.configuration.actor library.MoreLibraries.OpenSoundControl.OscReceiver} 124603 ms. Memory: 2861056K Free: 145920K (5%)
#Configuration.check: entity: org.ptolemy.osc.OscSender {.configuration.actor library.MoreLibraries.OpenSoundControl.OscSender} 124604 ms. Memory: 2861056K Free: 145406K (5%)
#Configuration.check: entity: ptolemy.domains.petrinet.kernel.Place {.configuration.actor library.MoreLibraries.PetriNet.Place} 124606 ms. Memory: 2861056K Free: 144896K (5%)
#Configuration.check: entity: ptolemy.domains.ontologies.lib.UnitsConverter {.configuration.actor library.MoreLibraries.Ontologies.UnitsConverter} 124606 ms. Memory: 2861056K Free: 144896K (5%)
#Configuration.check: entity: ptolemy.actor.lib.python.PythonScript {.configuration.actor library.MoreLibraries.Python.PythonActor} 124606 ms. Memory: 2861056K Free: 144896K (5%)
#Configuration.check: entity: ptolemy.actor.lib.python.PythonScript {.configuration.actor library.MoreLibraries.Python.PythonScript} 124607 ms. Memory: 2861056K Free: 144896K (5%)
#Configuration.check: entity: ptolemy.actor.lib.Clock {.configuration.actor library.MoreLibraries.QuantizedState.PeriodicSampler.DiscreteClock} 124607 ms. Memory: 2861056K Free: 144896K (5%)
#Configuration.check: entity: ptolemy.actor.lib.Sampler {.configuration.actor library.MoreLibraries.QuantizedState.PeriodicSampler.Sampler} 124608 ms. Memory: 2861056K Free: 144382K (5%)
#Configuration.check: entity: ptolemy.domains.qss.kernel.QSSIntegrator {.configuration.actor library.MoreLibraries.QuantizedState.QSSIntegrator} 124609 ms. Memory: 2861056K Free: 143872K (5%)
#Configuration.check: entity: ptolemy.domains.qss.lib.SmoothSignal {.configuration.actor library.MoreLibraries.QuantizedState.SmoothSignal} 124610 ms. Memory: 2861056K Free: 143358K (5%)
#Configuration.check: entity: ptolemy.actor.lib.conversions.SmoothToDouble {.configuration.actor library.MoreLibraries.QuantizedState.SmoothToDouble} 124610 ms. Memory: 2861056K Free: 143358K (5%)
#Configuration.check: entity: ptolemy.domains.qss.lib.SmoothZeroCrossingDetector {.configuration.actor library.MoreLibraries.QuantizedState.SmoothZeroCrossingDetector} 124610 ms. Memory: 2861056K Free: 143358K (5%)
#Configuration.check: entity: ptolemy.actor.lib.r.RExpression {.configuration.actor library.MoreLibraries.R.RExpression} 124612 ms. Memory: 2861056K Free: 142848K (5%)
#Configuration.check: entity: ptolemy.actor.lib.r.RExpression2 {.configuration.actor library.MoreLibraries.R.RExpression2} 124612 ms. Memory: 2861056K Free: 142848K (5%)
#Configuration.check: entity: ptolemy.actor.lib.GetCausalityInterface {.configuration.actor library.MoreLibraries.RegressionTest.GetCausalityInterface} 124613 ms. Memory: 2861056K Free: 142303K (5%)
#Configuration.check: entity: ptolemy.actor.lib.CurrentMicrostep {.configuration.actor library.MoreLibraries.RegressionTest.CurrentMicrostep} 124613 ms. Memory: 2861056K Free: 142303K (5%)
#Configuration.check: entity: ptolemy.actor.lib.NonStrictTest {.configuration.actor library.MoreLibraries.RegressionTest.NonStrictTest} 124613 ms. Memory: 2861056K Free: 142303K (5%)
#Configuration.check: entity: ptolemy.actor.lib.Test {.configuration.actor library.MoreLibraries.RegressionTest.Test} 124614 ms. Memory: 2861056K Free: 141824K (5%)
#Configuration.check: entity: ptolemy.domains.de.lib.TestActorPortDepth {.configuration.actor library.MoreLibraries.RegressionTest.TestActorPortDepth} 124614 ms. Memory: 2861056K Free: 141824K (5%)
#Configuration.check: entity: ptolemy.actor.lib.TypeTest {.configuration.actor library.MoreLibraries.RegressionTest.TypeTest} 124614 ms. Memory: 2861056K Free: 141824K (5%)
#Configuration.check: entity: ptolemy.actor.lib.security.KeyWriter {.configuration.actor library.MoreLibraries.Security.KeyWriter} 124615 ms. Memory: 2861056K Free: 141310K (5%)
#Configuration.check: entity: ptolemy.actor.lib.security.PublicKeyReader {.configuration.actor library.MoreLibraries.Security.PublicKeyReader} 124616 ms. Memory: 2861056K Free: 140800K (5%)
#Configuration.check: entity: ptolemy.actor.lib.security.PrivateKeyReader {.configuration.actor library.MoreLibraries.Security.PrivateKeyReader} 124618 ms. Memory: 2861056K Free: 140255K (5%)
#Configuration.check: entity: ptolemy.actor.lib.security.SecretKey {.configuration.actor library.MoreLibraries.Security.SecretKey} 124619 ms. Memory: 2861056K Free: 139776K (5%)
#Configuration.check: entity: ptolemy.actor.lib.security.SecretKeyReader {.configuration.actor library.MoreLibraries.Security.SecretKeyReader} 124619 ms. Memory: 2861056K Free: 139247K (5%)
#Configuration.check: entity: ptolemy.actor.lib.security.SignatureSigner {.configuration.actor library.MoreLibraries.Security.SignatureSigner} 124621 ms. Memory: 2861056K Free: 138752K (5%)
#Configuration.check: entity: ptolemy.actor.lib.security.SignatureVerifier {.configuration.actor library.MoreLibraries.Security.SignatureVerifier} 124621 ms. Memory: 2861056K Free: 138752K (5%)
#Configuration.check: entity: ptolemy.actor.lib.security.SymmetricDecryption {.configuration.actor library.MoreLibraries.Security.SymmetricDecryption} 124621 ms. Memory: 2861056K Free: 138238K (5%)
#Configuration.check: entity: ptolemy.actor.lib.security.SymmetricEncryption {.configuration.actor library.MoreLibraries.Security.SymmetricEncryption} 124622 ms. Memory: 2861056K Free: 138238K (5%)
#Configuration.check: entity: ptolemy.actor.lib.security.SymmetricCrypto {.configuration.actor library.MoreLibraries.Security.SymmetricCrypto} 124622 ms. Memory: 2861056K Free: 138238K (5%)
#Configuration.check: entity: ptolemy.domains.wireless.lib.CollisionDetector {.configuration.actor library.MoreLibraries.Wireless.WirelessActors.CollisionDetector} 124624 ms. Memory: 2861056K Free: 137214K (5%)
#Configuration.check: entity: ptolemy.domains.wireless.lib.GetProperties {.configuration.actor library.MoreLibraries.Wireless.WirelessActors.GetProperties} 124624 ms. Memory: 2861056K Free: 137214K (5%)
#Configuration.check: entity: ptolemy.domains.wireless.lib.GraphicalLocator {.configuration.actor library.MoreLibraries.Wireless.WirelessActors.GraphicalLocator} 124624 ms. Memory: 2861056K Free: 137214K (5%)
#Configuration.check: entity: ptolemy.domains.wireless.lib.Locator {.configuration.actor library.MoreLibraries.Wireless.WirelessActors.Locator} 124626 ms. Memory: 2861056K Free: 136704K (5%)
#Configuration.check: entity: ptolemy.domains.wireless.lib.NodeRandomizer {.configuration.actor library.MoreLibraries.Wireless.WirelessActors.NodeRandomizer} 124627 ms. Memory: 2861056K Free: 136190K (5%)
#Configuration.check: entity: ptolemy.domains.wireless.lib.TerrainProperty {.configuration.actor library.MoreLibraries.Wireless.WirelessActors.TerrainProperty} 124627 ms. Memory: 2861056K Free: 135680K (5%)
#Configuration.check: entity: ptolemy.domains.wireless.lib.LinkVisualizer {.configuration.actor library.MoreLibraries.Wireless.WirelessActors.LinkVisualizer} 124628 ms. Memory: 2861056K Free: 135680K (5%)
#Configuration.check: entity: ptolemy.domains.wireless.lib.Triangulator {.configuration.actor library.MoreLibraries.Wireless.WirelessActors.Triangulator} 124629 ms. Memory: 2861056K Free: 135166K (5%)
#Configuration.check: entity: ptolemy.domains.wireless.lib.WiredToWireless {.configuration.actor library.MoreLibraries.Wireless.WirelessActors.WiredToWireless} 124630 ms. Memory: 2861056K Free: 135166K (5%)
#Configuration.check: entity: ptolemy.domains.wireless.lib.WirelessToWired {.configuration.actor library.MoreLibraries.Wireless.WirelessActors.WirelessToWired} 124630 ms. Memory: 2861056K Free: 134656K (5%)
#Configuration.check: entity: ptolemy.domains.wireless.kernel.AtomicWirelessChannel {.configuration.actor library.MoreLibraries.Wireless.WirelessChannels.AtomicWirelessChannel} 124631 ms. Memory: 2861056K Free: 134656K (5%)
#Configuration.check: entity: ptolemy.domains.wireless.lib.DelayChannel {.configuration.actor library.MoreLibraries.Wireless.WirelessChannels.DelayChannel} 124631 ms. Memory: 2861056K Free: 134656K (5%)
#Configuration.check: entity: ptolemy.domains.wireless.lib.LimitedRangeChannel {.configuration.actor library.MoreLibraries.Wireless.WirelessChannels.LimitedRangeChannel} 124632 ms. Memory: 2861056K Free: 134111K (5%)
#Configuration.check: entity: ptolemy.domains.wireless.lib.ErasureChannel {.configuration.actor library.MoreLibraries.Wireless.WirelessChannels.ErasureChannel} 124633 ms. Memory: 2861056K Free: 134111K (5%)
#Configuration.check: entity: ptolemy.domains.wireless.lib.PowerLossChannel {.configuration.actor library.MoreLibraries.Wireless.WirelessChannels.PowerLossChannel} 124633 ms. Memory: 2861056K Free: 133632K (5%)
#Configuration.check: entity: ptolemy.actor.lib.conversions.StringToXML {.configuration.actor library.MoreLibraries.XML.StringToXML} 124635 ms. Memory: 2861056K Free: 133103K (5%)
#Configuration.check: entity: ptolemy.actor.lib.xslt.XSLTransformer {.configuration.actor library.MoreLibraries.XML.XSLTransformer} 124635 ms. Memory: 2861056K Free: 133103K (5%)
#Configuration.check: entity: ptolemy.actor.lib.xslt.XMLInclusion {.configuration.actor library.MoreLibraries.XML.XMLInclusion} 124636 ms. Memory: 2861056K Free: 133103K (5%)
#Configuration.check: entity: ptolemy.actor.gt.controller.InitModel {.configuration.effigyFactory.Model Transformation.blank._Controller.InitModel} 124636 ms. Memory: 2861056K Free: 133103K (5%)
#Configuration.check: entity: ptolemy.actor.lib.CurrentTime {.configuration.actor library.Actors.Sources.TimedSources.TriggeredSinewave.CurrentTime} 124636 ms. Memory: 2861056K Free: 133103K (5%)
#Configuration.check: entity: ptolemy.actor.lib.Scale {.configuration.actor library.Actors.Sources.TimedSources.TriggeredSinewave.Frequency} 124637 ms. Memory: 2861056K Free: 132608K (5%)
#Configuration.check: entity: ptolemy.actor.lib.TrigFunction {.configuration.actor library.Actors.Sources.TimedSources.TriggeredSinewave.Sin} 124637 ms. Memory: 2861056K Free: 132608K (5%)
#Configuration.check: entity: ptolemy.actor.lib.Const {.configuration.actor library.Actors.Sources.TimedSources.TriggeredSinewave.Phase} 124638 ms. Memory: 2861056K Free: 132063K (5%)
#Configuration.check: entity: ptolemy.actor.lib.AddSubtract {.configuration.actor library.Actors.Sources.TimedSources.TriggeredSinewave.Add} 124638 ms. Memory: 2861056K Free: 132063K (5%)
#Configuration.check: entity: ptolemy.actor.lib.Scale {.configuration.actor library.Actors.Sources.TimedSources.TriggeredSinewave.Magnitude} 124638 ms. Memory: 2861056K Free: 132063K (5%)
#Configuration.check: entity: ptolemy.actor.lib.Ramp {.configuration.actor library.Actors.Sources.SequenceSources.Sinewave.Ramp} 124639 ms. Memory: 2861056K Free: 131584K (5%)
#Configuration.check: entity: ptolemy.actor.lib.TrigFunction {.configuration.actor library.Actors.Sources.SequenceSources.Sinewave.TrigFunction} 124640 ms. Memory: 2861056K Free: 131584K (5%)
#Configuration.check: entity: ptolemy.actor.lib.Const {.configuration.actor library.Actors.Sources.SequenceSources.Sinewave.Const} 124640 ms. Memory: 2861056K Free: 131070K (5%)
#Configuration.check: entity: ptolemy.actor.lib.AddSubtract {.configuration.actor library.Actors.Sources.SequenceSources.Sinewave.AddSubtract} 124641 ms. Memory: 2861056K Free: 131070K (5%)
#Configuration.check: entity: ptolemy.actor.lib.Pulse {.configuration.actor library.Actors.SignalProcessing.Spectrum.MaximumEntropySpectrum.Pulse} 124641 ms. Memory: 2861056K Free: 131070K (5%)
#Configuration.check: entity: ptolemy.actor.lib.MultiplyDivide {.configuration.actor library.Actors.SignalProcessing.Spectrum.MaximumEntropySpectrum.MultiplyDivide} 124644 ms. Memory: 2861056K Free: 130031K (5%)
#Configuration.check: entity: ptolemy.domains.sdf.lib.Autocorrelation {.configuration.actor library.Actors.SignalProcessing.Spectrum.MaximumEntropySpectrum.Autocorrelation} 124644 ms. Memory: 2861056K Free: 130031K (5%)
#Configuration.check: entity: ptolemy.actor.lib.LevinsonDurbin {.configuration.actor library.Actors.SignalProcessing.Spectrum.MaximumEntropySpectrum.LevinsonDurbin} 124645 ms. Memory: 2861056K Free: 129536K (5%)
#Configuration.check: entity: ptolemy.actor.lib.ArrayAppend {.configuration.actor library.Actors.SignalProcessing.Spectrum.MaximumEntropySpectrum.ArrayAppend} 124645 ms. Memory: 2861056K Free: 129536K (5%)
#Configuration.check: entity: ptolemy.domains.sdf.lib.ArrayToSequence {.configuration.actor library.Actors.SignalProcessing.Spectrum.MaximumEntropySpectrum.ArrayToSequence} 124646 ms. Memory: 2861056K Free: 129022K (5%)
#Configuration.check: entity: ptolemy.domains.sdf.lib.FFT {.configuration.actor library.Actors.SignalProcessing.Spectrum.MaximumEntropySpectrum.FFT} 124649 ms. Memory: 2861056K Free: 128512K (4%)
#Configuration.check: entity: ptolemy.actor.lib.AbsoluteValue {.configuration.actor library.Actors.SignalProcessing.Spectrum.MaximumEntropySpectrum.AbsoluteValue} 124652 ms. Memory: 2861056K Free: 127488K (4%)
#Configuration.check: entity: ptolemy.actor.lib.MultiplyDivide {.configuration.actor library.Actors.SignalProcessing.Spectrum.MaximumEntropySpectrum.MultiplyDivide2} 124653 ms. Memory: 2861056K Free: 127488K (4%)
#Configuration.check: entity: ptolemy.actor.lib.DB {.configuration.actor library.Actors.SignalProcessing.Spectrum.MaximumEntropySpectrum.DB} 124653 ms. Memory: 2861056K Free: 127488K (4%)
#Configuration.check: entity: ptolemy.actor.lib.ArrayElement {.configuration.actor library.Actors.SignalProcessing.Spectrum.MaximumEntropySpectrum.ArrayElement} 124654 ms. Memory: 2861056K Free: 126959K (4%)
#Configuration.check: entity: ptolemy.domains.sdf.lib.Repeat {.configuration.actor library.Actors.SignalProcessing.Spectrum.MaximumEntropySpectrum.Repeat} 124656 ms. Memory: 2861056K Free: 126959K (4%)
#Configuration.check: entity: ptolemy.domains.sdf.lib.Chop {.configuration.actor library.Actors.SignalProcessing.Spectrum.MaximumEntropySpectrum.Chop} 124661 ms. Memory: 2861056K Free: 125440K (4%)
#Configuration.check: entity: ptolemy.actor.lib.MathFunction {.configuration.actor library.Actors.SignalProcessing.Spectrum.MaximumEntropySpectrum.MathFunction} 124663 ms. Memory: 2861056K Free: 124895K (4%)
#Configuration.check: entity: ptolemy.actor.lib.Const {.configuration.actor library.Actors.SignalProcessing.Spectrum.MaximumEntropySpectrum.Const} 124663 ms. Memory: 2861056K Free: 124895K (4%)
#Configuration.check: entity: ptolemy.actor.lib.MultiplyDivide {.configuration.actor library.Actors.SignalProcessing.Spectrum.SmoothedPeriodogram.Multiply} 124664 ms. Memory: 2861056K Free: 124416K (4%)
#Configuration.check: entity: ptolemy.domains.sdf.lib.FFT {.configuration.actor library.Actors.SignalProcessing.Spectrum.SmoothedPeriodogram.FFT} 124664 ms. Memory: 2861056K Free: 124416K (4%)
#Configuration.check: entity: ptolemy.actor.lib.DB {.configuration.actor library.Actors.SignalProcessing.Spectrum.SmoothedPeriodogram.DB} 124666 ms. Memory: 2861056K Free: 123392K (4%)
#Configuration.check: entity: ptolemy.actor.lib.AbsoluteValue {.configuration.actor library.Actors.SignalProcessing.Spectrum.SmoothedPeriodogram.AbsoluteValue0} 124667 ms. Memory: 2861056K Free: 123392K (4%)
#Configuration.check: entity: ptolemy.domains.sdf.lib.Autocorrelation {.configuration.actor library.Actors.SignalProcessing.Spectrum.SmoothedPeriodogram.Autocorrelation} 124668 ms. Memory: 2861056K Free: 123392K (4%)
#Configuration.check: entity: ptolemy.domains.sdf.lib.Chop {.configuration.actor library.Actors.SignalProcessing.Spectrum.SmoothedPeriodogram.Chop} 124669 ms. Memory: 2861056K Free: 122368K (4%)
#Configuration.check: entity: ptolemy.domains.sdf.lib.ArrayToSequence {.configuration.actor library.Actors.SignalProcessing.Spectrum.SmoothedPeriodogram.ArrayToSequence} 124671 ms. Memory: 2861056K Free: 121839K (4%)
#Configuration.check: entity: ptolemy.actor.lib.Sequence {.configuration.actor library.Actors.SignalProcessing.Spectrum.SmoothedPeriodogram.Sequence} 124674 ms. Memory: 2861056K Free: 120799K (4%)
#Configuration.check: entity: ptolemy.actor.lib.MultiplyDivide {.configuration.actor library.Actors.SignalProcessing.Spectrum.Spectrum.Multiply} 124675 ms. Memory: 2861056K Free: 120799K (4%)
#Configuration.check: entity: ptolemy.domains.sdf.lib.FFT {.configuration.actor library.Actors.SignalProcessing.Spectrum.Spectrum.FFT} 124675 ms. Memory: 2861056K Free: 120799K (4%)
#Configuration.check: entity: ptolemy.actor.lib.DB {.configuration.actor library.Actors.SignalProcessing.Spectrum.Spectrum.DB} 124677 ms. Memory: 2861056K Free: 119791K (4%)
#Configuration.check: entity: ptolemy.actor.lib.AbsoluteValue {.configuration.actor library.Actors.SignalProcessing.Spectrum.Spectrum.AbsoluteValue0} 124678 ms. Memory: 2861056K Free: 119791K (4%)
#Configuration.check: entity: ptolemy.actor.lib.Scale {.configuration.actor library.Actors.SignalProcessing.Spectrum.Spectrum.Scale} 124679 ms. Memory: 2861056K Free: 119296K (4%)
#Configuration.check: entity: ptolemy.actor.lib.Sequence {.configuration.actor library.Actors.SignalProcessing.Spectrum.Spectrum.Sequence} 124680 ms. Memory: 2861056K Free: 119296K (4%)
#Configuration.check: entity: ptolemy.actor.lib.CurrentTime {.configuration.actor library.Actors.DomainSpecific.Continuous.Signal Generators.ContinuousSinewave.CurrentTime} 124681 ms. Memory: 2861056K Free: 118775K (4%)
#Configuration.check: entity: ptolemy.actor.lib.Scale {.configuration.actor library.Actors.DomainSpecific.Continuous.Signal Generators.ContinuousSinewave.Frequency} 124681 ms. Memory: 2861056K Free: 118775K (4%)
#Configuration.check: entity: ptolemy.actor.lib.TrigFunction {.configuration.actor library.Actors.DomainSpecific.Continuous.Signal Generators.ContinuousSinewave.Sin} 124682 ms. Memory: 2861056K Free: 118272K (4%)
#Configuration.check: entity: ptolemy.actor.lib.Const {.configuration.actor library.Actors.DomainSpecific.Continuous.Signal Generators.ContinuousSinewave.Phase} 124682 ms. Memory: 2861056K Free: 118272K (4%)
#Configuration.check: entity: ptolemy.actor.lib.AddSubtract {.configuration.actor library.Actors.DomainSpecific.Continuous.Signal Generators.ContinuousSinewave.Add} 124683 ms. Memory: 2861056K Free: 118272K (4%)
#Configuration.check: entity: ptolemy.actor.lib.Scale {.configuration.actor library.Actors.DomainSpecific.Continuous.Signal Generators.ContinuousSinewave.Magnitude} 124683 ms. Memory: 2861056K Free: 117758K (4%)
#Configuration.check: entity: ptolemy.domains.continuous.lib.ZeroOrderHold {.configuration.actor library.Actors.DomainSpecific.Continuous.Signal Generators.PWM.ZeroOrderHold} 124683 ms. Memory: 2861056K Free: 117758K (4%)
#Configuration.check: entity: ptolemy.domains.modal.kernel.State {.configuration.actor library.Actors.DomainSpecific.Continuous.Signal Generators.PWM.Controller._Controller.on} 124683 ms. Memory: 2861056K Free: 117758K (4%)
#Configuration.check: entity: ptolemy.domains.modal.kernel.State {.configuration.actor library.Actors.DomainSpecific.Continuous.Signal Generators.PWM.Controller._Controller.off} 124683 ms. Memory: 2861056K Free: 117758K (4%)
#Configuration.check: entity: ptolemy.domains.modal.kernel.State {.configuration.actor library.Actors.DomainSpecific.Continuous.Signal Generators.PWM.Controller._Controller.start} 124683 ms. Memory: 2861056K Free: 117758K (4%)
#Configuration.check: entity: ptolemy.actor.lib.gui.SequencePlotter {.configuration.actor library.Actors.DomainSpecific.Continuous.Random.ContinuousSpectrum.Frequency Domain Display} 124683 ms. Memory: 2861056K Free: 117758K (4%)
#Configuration.check: entity: ptolemy.actor.lib.MultiplyDivide {.configuration.actor library.Actors.DomainSpecific.Continuous.Random.ContinuousSpectrum.Periodogram.Multiply} 124685 ms. Memory: 2861056K Free: 117248K (4%)
#Configuration.check: entity: ptolemy.actor.lib.Pulse {.configuration.actor library.Actors.DomainSpecific.Continuous.Random.ContinuousSpectrum.Periodogram.Waveform} 124685 ms. Memory: 2861056K Free: 117248K (4%)
#Configuration.check: entity: ptolemy.domains.sdf.lib.FFT {.configuration.actor library.Actors.DomainSpecific.Continuous.Random.ContinuousSpectrum.Periodogram.FFT} 124688 ms. Memory: 2861056K Free: 116224K (4%)
#Configuration.check: entity: ptolemy.actor.lib.DB {.configuration.actor library.Actors.DomainSpecific.Continuous.Random.ContinuousSpectrum.Periodogram.DB} 124691 ms. Memory: 2861056K Free: 115200K (4%)
#Configuration.check: entity: ptolemy.actor.lib.AbsoluteValue {.configuration.actor library.Actors.DomainSpecific.Continuous.Random.ContinuousSpectrum.Periodogram.AbsoluteValue0} 124692 ms. Memory: 2861056K Free: 115200K (4%)
#Configuration.check: entity: ptolemy.actor.lib.Scale {.configuration.actor library.Actors.DomainSpecific.Continuous.Random.ContinuousSpectrum.Periodogram.Scale} 124693 ms. Memory: 2861056K Free: 114686K (4%)
#Configuration.check: entity: ptolemy.actor.lib.aspect.CommunicationRequestPort {.configuration.actor library.MoreLibraries.Aspects.CompositeCommunicationAspect.CommunicationRequestPort} 124694 ms. Memory: 2861056K Free: 114686K (4%)
#Configuration.check: entity: ptolemy.actor.lib.aspect.CommunicationResponsePort {.configuration.actor library.MoreLibraries.Aspects.CompositeCommunicationAspect.CommunicationResponsePort} 124696 ms. Memory: 2861056K Free: 114176K (4%)
#Configuration.check: entity: ptolemy.actor.lib.aspect.ExecutionRequestPort {.configuration.actor library.MoreLibraries.Aspects.CompositeExecutionAspect.ExecutionRequestPort} 124697 ms. Memory: 2861056K Free: 114176K (4%)
#Configuration.check: entity: ptolemy.actor.lib.aspect.ExecutionResponsePort {.configuration.actor library.MoreLibraries.Aspects.CompositeExecutionAspect.ExecutionResponsePort} 124699 ms. Memory: 2861056K Free: 113662K (4%)
#Configuration.check: entity: ptolemy.actor.gt.controller.InitModelWithContainer {.configuration.actor library.MoreLibraries.GraphTransformation.ModelUpdater._Controller.InitModelWithContainer} 124700 ms. Memory: 2861056K Free: 113152K (4%)
#Configuration.check: entity: ptolemy.actor.gt.controller.InitModel {.configuration.actor library.MoreLibraries.GraphTransformation.TransformationController._Controller.InitModel} 124700 ms. Memory: 2861056K Free: 113152K (4%)
#Configuration.check: entity: ptolemy.actor.gt.controller.InputModel {.configuration.actor library.MoreLibraries.GraphTransformation.TransformationController._Controller.InputModel} 124700 ms. Memory: 2861056K Free: 113152K (4%)
#Configuration.check: entity: ptolemy.actor.gt.controller.OutputModel {.configuration.actor library.MoreLibraries.GraphTransformation.TransformationController._Controller.OutputModel} 124700 ms. Memory: 2861056K Free: 113152K (4%)
#Configuration.check: entity: ptolemy.actor.lib.Expression {.configuration.actor library.MoreLibraries.MachineLearning.ParticleFilter.CollaborativeRangeParticleFilter.x_update} 124700 ms. Memory: 2861056K Free: 113152K (4%)
#Configuration.check: entity: ptolemy.actor.lib.Expression {.configuration.actor library.MoreLibraries.MachineLearning.ParticleFilter.CollaborativeRangeParticleFilter.y_update} 124700 ms. Memory: 2861056K Free: 113152K (4%)
#Configuration.check: entity: ptolemy.actor.lib.Expression {.configuration.actor library.MoreLibraries.MachineLearning.ParticleFilter.CollaborativeRangeParticleFilter.range0_m_equation} 124701 ms. Memory: 2861056K Free: 113152K (4%)
#Configuration.check: entity: ptolemy.actor.lib.Expression {.configuration.actor library.MoreLibraries.MachineLearning.ParticleFilter.CollaborativeRangeParticleFilter.range0_m_covariance} 124702 ms. Memory: 2861056K Free: 112638K (4%)
#Configuration.check: entity: ptolemy.actor.lib.SetVariable {.configuration.actor library.MoreLibraries.MachineLearning.ParticleFilter.CollaborativeRangeParticleFilter.setrange0_m} 124703 ms. Memory: 2861056K Free: 112638K (4%)
#Configuration.check: entity: ptolemy.actor.lib.Expression {.configuration.actor library.MoreLibraries.MachineLearning.ParticleFilter.CollaborativeRangeParticleFilter.range1_m_equation} 124703 ms. Memory: 2861056K Free: 112638K (4%)
#Configuration.check: entity: ptolemy.actor.lib.Expression {.configuration.actor library.MoreLibraries.MachineLearning.ParticleFilter.CollaborativeRangeParticleFilter.range1_m_covariance} 124704 ms. Memory: 2861056K Free: 112128K (4%)
#Configuration.check: entity: ptolemy.actor.lib.SetVariable {.configuration.actor library.MoreLibraries.MachineLearning.ParticleFilter.CollaborativeRangeParticleFilter.setrange1_m} 124704 ms. Memory: 2861056K Free: 112128K (4%)
#Configuration.check: entity: ptolemy.actor.lib.Expression {.configuration.actor library.MoreLibraries.MachineLearning.ParticleFilter.CollaborativeRangeParticleFilter.range2_m_equation} 124705 ms. Memory: 2861056K Free: 112128K (4%)
#Configuration.check: entity: ptolemy.actor.lib.Expression {.configuration.actor library.MoreLibraries.MachineLearning.ParticleFilter.CollaborativeRangeParticleFilter.range2_m_covariance} 124706 ms. Memory: 2861056K Free: 111607K (4%)
#Configuration.check: entity: ptolemy.actor.lib.SetVariable {.configuration.actor library.MoreLibraries.MachineLearning.ParticleFilter.CollaborativeRangeParticleFilter.setrange2_m} 124706 ms. Memory: 2861056K Free: 111607K (4%)
#Configuration.check: entity: ptolemy.actor.lib.Expression {.configuration.actor library.MoreLibraries.MachineLearning.ParticleFilter.CollaborativeRangeParticleFilter.range3_m_equation} 124707 ms. Memory: 2861056K Free: 111607K (4%)
#Configuration.check: entity: ptolemy.actor.lib.Expression {.configuration.actor library.MoreLibraries.MachineLearning.ParticleFilter.CollaborativeRangeParticleFilter.range3_m_covariance} 124707 ms. Memory: 2861056K Free: 111104K (4%)
#Configuration.check: entity: ptolemy.actor.lib.SetVariable {.configuration.actor library.MoreLibraries.MachineLearning.ParticleFilter.CollaborativeRangeParticleFilter.setrange3_m} 124708 ms. Memory: 2861056K Free: 111104K (4%)
#Configuration.check: entity: ptolemy.actor.lib.AddSubtract {.configuration.actor library.MoreLibraries.Optimization.TrajectoryOptimizer.OptimizerComposite.AddSubtract} 124708 ms. Memory: 2861056K Free: 111104K (4%)
#Configuration.check: entity: ptolemy.actor.lib.Expression {.configuration.actor library.MoreLibraries.Optimization.TrajectoryOptimizer.OptimizerComposite.Constraints} 124709 ms. Memory: 2861056K Free: 111104K (4%)
#Configuration.check: entity: ptolemy.actor.lib.Expression {.configuration.actor library.MoreLibraries.Optimization.TrajectoryOptimizer.OptimizerComposite.CostFunction} 124709 ms. Memory: 2861056K Free: 110590K (4%)
#1594136133570 ms. Memory: 2861056K Free: 110080K (4%)
Setting containers of atomic entities to null
checkFullConstraints.tcl done!
07/07/20 03:35:33
Failed: 0  Total Tests: 1  ((Passed: 1, Newly Passed: 0)  Known Failed: 0) /home/travis/build/icyphy/ptII/ptolemy/configs/test/constraints/test
No auto/knownFailedTests/*.xml tests in /home/travis/build/icyphy/ptII/ptolemy/configs/test/constraints/test
No auto/linux-amd64/*.xml tests in /home/travis/build/icyphy/ptII/ptolemy/configs/test/constraints/test
AutoTests.java: About to close Vertx.
AutoTests.java: Vertx closed.
No auto/*.xml tests in /home/travis/build/icyphy/ptII/ptolemy/configs/test/constraints/test
AutoTests.java: About to close Vertx.
AutoTests.java: Vertx closed.
]]></system-out>
  <system-err><![CDATA[Warning: Nashorn engine is planned to be removed from a future JDK release
Warning: Nashorn engine is planned to be removed from a future JDK release
Warning: Nashorn engine is planned to be removed from a future JDK release
Warning: Nashorn engine is planned to be removed from a future JDK release
Warning: Nashorn engine is planned to be removed from a future JDK release
Warning: Nashorn engine is planned to be removed from a future JDK release
Warning: Nashorn engine is planned to be removed from a future JDK release
Warning: Nashorn engine is planned to be removed from a future JDK release
Warning: Nashorn engine is planned to be removed from a future JDK release
Warning: Nashorn engine is planned to be removed from a future JDK release
Warning: Nashorn engine is planned to be removed from a future JDK release
Warning: Nashorn engine is planned to be removed from a future JDK release
Warning: Nashorn engine is planned to be removed from a future JDK release
Warning: Nashorn engine is planned to be removed from a future JDK release
Warning: Nashorn engine is planned to be removed from a future JDK release
Warning: Nashorn engine is planned to be removed from a future JDK release
Loaded /home/travis/build/icyphy/ptII/vendors/javafx/javafx-sdk-11.0.2/lib/./libprism_es2.so from relative path
Failed Graphics Hardware Qualifier check.
System GPU doesn't meet the es2 pipe requirement
GraphicsPipeline.createPipeline: error initializing pipeline com.sun.prism.es2.ES2Pipeline
*** Fallback to Prism SW pipeline
Loaded /home/travis/build/icyphy/ptII/vendors/javafx/javafx-sdk-11.0.2/lib/./libprism_sw.so from relative path
JavaFX: using com.sun.javafx.tk.quantum.QuantumToolkit
Loaded /home/travis/build/icyphy/ptII/vendors/javafx/javafx-sdk-11.0.2/lib/./libglass.so from relative path
Loaded /home/travis/build/icyphy/ptII/vendors/javafx/javafx-sdk-11.0.2/lib/./libglassgtk3.so from relative path
 vsync: true vpipe: false
Warning: Nashorn engine is planned to be removed from a future JDK release
Warning: Nashorn engine is planned to be removed from a future JDK release
Warning: Nashorn engine is planned to be removed from a future JDK release
Warning: Nashorn engine is planned to be removed from a future JDK release
Warning: Nashorn engine is planned to be removed from a future JDK release
Warning: Nashorn engine is planned to be removed from a future JDK release
Warning: Nashorn engine is planned to be removed from a future JDK release
Warning: Nashorn engine is planned to be removed from a future JDK release
Warning: Nashorn engine is planned to be removed from a future JDK release
[main] INFO com.github.sarxos.webcam.Webcam - WebcamDefaultDriver capture driver will be used
Warning: Nashorn engine is planned to be removed from a future JDK release
Warning: Nashorn engine is planned to be removed from a future JDK release
Warning: Nashorn engine is planned to be removed from a future JDK release
Warning: Nashorn engine is planned to be removed from a future JDK release
Warning: Nashorn engine is planned to be removed from a future JDK release
Warning: Nashorn engine is planned to be removed from a future JDK release
Warning: Nashorn engine is planned to be removed from a future JDK release
Warning: Nashorn engine is planned to be removed from a future JDK release
Warning: Nashorn engine is planned to be removed from a future JDK release
Warning: Nashorn engine is planned to be removed from a future JDK release
Warning: Nashorn engine is planned to be removed from a future JDK release
Warning: Nashorn engine is planned to be removed from a future JDK release
Warning: Nashorn engine is planned to be removed from a future JDK release
Warning: Nashorn engine is planned to be removed from a future JDK release
Warning: Nashorn engine is planned to be removed from a future JDK release
Warning: Nashorn engine is planned to be removed from a future JDK release
Warning: Nashorn engine is planned to be removed from a future JDK release
Warning: Nashorn engine is planned to be removed from a future JDK release
Warning: Nashorn engine is planned to be removed from a future JDK release
Warning: Nashorn engine is planned to be removed from a future JDK release
Warning: Nashorn engine is planned to be removed from a future JDK release
Warning: Nashorn engine is planned to be removed from a future JDK release
Warning: Nashorn engine is planned to be removed from a future JDK release
Warning: Nashorn engine is planned to be removed from a future JDK release
Warning: Nashorn engine is planned to be removed from a future JDK release
Warning: Nashorn engine is planned to be removed from a future JDK release
Warning: Nashorn engine is planned to be removed from a future JDK release
Warning: Nashorn engine is planned to be removed from a future JDK release
Warning: Nashorn engine is planned to be removed from a future JDK release
Warning: Nashorn engine is planned to be removed from a future JDK release
Warning: Nashorn engine is planned to be removed from a future JDK release
Warning: Nashorn engine is planned to be removed from a future JDK release
Warning: Nashorn engine is planned to be removed from a future JDK release
Warning: Nashorn engine is planned to be removed from a future JDK release
Warning: Nashorn engine is planned to be removed from a future JDK release
Warning: Nashorn engine is planned to be removed from a future JDK release
Warning: Nashorn engine is planned to be removed from a future JDK release
Warning: Nashorn engine is planned to be removed from a future JDK release
Warning: Nashorn engine is planned to be removed from a future JDK release
Warning: Nashorn engine is planned to be removed from a future JDK release
Warning: Nashorn engine is planned to be removed from a future JDK release
Warning: Nashorn engine is planned to be removed from a future JDK release
Warning: Nashorn engine is planned to be removed from a future JDK release
Warning: Nashorn engine is planned to be removed from a future JDK release
Warning: Nashorn engine is planned to be removed from a future JDK release
Warning: Nashorn engine is planned to be removed from a future JDK release
Warning: Nashorn engine is planned to be removed from a future JDK release
Warning: Nashorn engine is planned to be removed from a future JDK release
Warning: Nashorn engine is planned to be removed from a future JDK release
Warning: Nashorn engine is planned to be removed from a future JDK release
Warning: Nashorn engine is planned to be removed from a future JDK release
Warning: Nashorn engine is planned to be removed from a future JDK release
Warning: Nashorn engine is planned to be removed from a future JDK release
Warning: Nashorn engine is planned to be removed from a future JDK release
Warning: Nashorn engine is planned to be removed from a future JDK release
Warning: Nashorn engine is planned to be removed from a future JDK release
Warning: Nashorn engine is planned to be removed from a future JDK release
Warning: Nashorn engine is planned to be removed from a future JDK release
Warning: Nashorn engine is planned to be removed from a future JDK release
Warning: Nashorn engine is planned to be removed from a future JDK release
Warning: Nashorn engine is planned to be removed from a future JDK release
Warning: Nashorn engine is planned to be removed from a future JDK release
Warning: Nashorn engine is planned to be removed from a future JDK release
Warning: Nashorn engine is planned to be removed from a future JDK release
Warning: Nashorn engine is planned to be removed from a future JDK release
Warning: Nashorn engine is planned to be removed from a future JDK release
Warning: Nashorn engine is planned to be removed from a future JDK release
Warning: Nashorn engine is planned to be removed from a future JDK release
Warning: Nashorn engine is planned to be removed from a future JDK release
Warning: Nashorn engine is planned to be removed from a future JDK release
Warning: Nashorn engine is planned to be removed from a future JDK release
Warning: Nashorn engine is planned to be removed from a future JDK release
Warning: Nashorn engine is planned to be removed from a future JDK release
Warning: Nashorn engine is planned to be removed from a future JDK release
Warning: Nashorn engine is planned to be removed from a future JDK release
Warning: Nashorn engine is planned to be removed from a future JDK release
Warning: Nashorn engine is planned to be removed from a future JDK release
Warning: Nashorn engine is planned to be removed from a future JDK release
Warning: Nashorn engine is planned to be removed from a future JDK release
Warning: Nashorn engine is planned to be removed from a future JDK release
Warning: Nashorn engine is planned to be removed from a future JDK release
Warning: Nashorn engine is planned to be removed from a future JDK release
Warning: Nashorn engine is planned to be removed from a future JDK release
Warning: Nashorn engine is planned to be removed from a future JDK release
Warning: Nashorn engine is planned to be removed from a future JDK release
Warning: Nashorn engine is planned to be removed from a future JDK release
Warning: Nashorn engine is planned to be removed from a future JDK release
Warning: Nashorn engine is planned to be removed from a future JDK release
Warning: Nashorn engine is planned to be removed from a future JDK release
Warning: Nashorn engine is planned to be removed from a future JDK release
Warning: Nashorn engine is planned to be removed from a future JDK release
Warning: Nashorn engine is planned to be removed from a future JDK release
Warning: Nashorn engine is planned to be removed from a future JDK release
Warning: Nashorn engine is planned to be removed from a future JDK release
Warning: Nashorn engine is planned to be removed from a future JDK release
Warning: Nashorn engine is planned to be removed from a future JDK release
Warning: Nashorn engine is planned to be removed from a future JDK release
Warning: Nashorn engine is planned to be removed from a future JDK release
Warning: Nashorn engine is planned to be removed from a future JDK release
Warning: Nashorn engine is planned to be removed from a future JDK release
Warning: Nashorn engine is planned to be removed from a future JDK release
Warning: Nashorn engine is planned to be removed from a future JDK release
Warning: Nashorn engine is planned to be removed from a future JDK release
Warning: Nashorn engine is planned to be removed from a future JDK release
Warning: Nashorn engine is planned to be removed from a future JDK release
Warning: Nashorn engine is planned to be removed from a future JDK release
Warning: Nashorn engine is planned to be removed from a future JDK release
Warning: Nashorn engine is planned to be removed from a future JDK release
Warning: Nashorn engine is planned to be removed from a future JDK release
Warning: Nashorn engine is planned to be removed from a future JDK release
Warning: Nashorn engine is planned to be removed from a future JDK release
Warning: Nashorn engine is planned to be removed from a future JDK release
Warning: Nashorn engine is planned to be removed from a future JDK release
Warning: Nashorn engine is planned to be removed from a future JDK release
Warning: Nashorn engine is planned to be removed from a future JDK release
Warning: Nashorn engine is planned to be removed from a future JDK release
Warning: Nashorn engine is planned to be removed from a future JDK release
Warning: Nashorn engine is planned to be removed from a future JDK release
Warning: Nashorn engine is planned to be removed from a future JDK release
Warning: Nashorn engine is planned to be removed from a future JDK release
Warning: Nashorn engine is planned to be removed from a future JDK release
Warning: Nashorn engine is planned to be removed from a future JDK release
Warning: Nashorn engine is planned to be removed from a future JDK release
Warning: Nashorn engine is planned to be removed from a future JDK release
Warning: Nashorn engine is planned to be removed from a future JDK release
Warning: Nashorn engine is planned to be removed from a future JDK release
Warning: Nashorn engine is planned to be removed from a future JDK release
Warning: Nashorn engine is planned to be removed from a future JDK release
Warning: Nashorn engine is planned to be removed from a future JDK release
Warning: Nashorn engine is planned to be removed from a future JDK release
Warning: Nashorn engine is planned to be removed from a future JDK release
Warning: Nashorn engine is planned to be removed from a future JDK release
Warning: Nashorn engine is planned to be removed from a future JDK release
Warning: Nashorn engine is planned to be removed from a future JDK release
Warning: Nashorn engine is planned to be removed from a future JDK release
Warning: Nashorn engine is planned to be removed from a future JDK release
Warning: Nashorn engine is planned to be removed from a future JDK release
Warning: Nashorn engine is planned to be removed from a future JDK release
Warning: Nashorn engine is planned to be removed from a future JDK release
Warning: Nashorn engine is planned to be removed from a future JDK release
Warning: Nashorn engine is planned to be removed from a future JDK release
Warning: Nashorn engine is planned to be removed from a future JDK release
Warning: Nashorn engine is planned to be removed from a future JDK release
Warning: Nashorn engine is planned to be removed from a future JDK release
Warning: Nashorn engine is planned to be removed from a future JDK release
Warning: Nashorn engine is planned to be removed from a future JDK release
Warning: Nashorn engine is planned to be removed from a future JDK release
Warning: Nashorn engine is planned to be removed from a future JDK release
Warning: Nashorn engine is planned to be removed from a future JDK release
Warning: Nashorn engine is planned to be removed from a future JDK release
Warning: Nashorn engine is planned to be removed from a future JDK release
Warning: Nashorn engine is planned to be removed from a future JDK release
Warning: Nashorn engine is planned to be removed from a future JDK release
Warning: Nashorn engine is planned to be removed from a future JDK release
Warning: Nashorn engine is planned to be removed from a future JDK release
Warning: Nashorn engine is planned to be removed from a future JDK release
Warning: Nashorn engine is planned to be removed from a future JDK release
Warning: Nashorn engine is planned to be removed from a future JDK release
Warning: Nashorn engine is planned to be removed from a future JDK release
Warning: Nashorn engine is planned to be removed from a future JDK release
Warning: Nashorn engine is planned to be removed from a future JDK release
Warning: Nashorn engine is planned to be removed from a future JDK release
Warning: Nashorn engine is planned to be removed from a future JDK release
Warning: Nashorn engine is planned to be removed from a future JDK release
Warning: Nashorn engine is planned to be removed from a future JDK release
Warning: Nashorn engine is planned to be removed from a future JDK release
Warning: Nashorn engine is planned to be removed from a future JDK release
Warning: Nashorn engine is planned to be removed from a future JDK release
Warning: Nashorn engine is planned to be removed from a future JDK release
Warning: Nashorn engine is planned to be removed from a future JDK release
Warning: Nashorn engine is planned to be removed from a future JDK release
Warning: Nashorn engine is planned to be removed from a future JDK release
Warning: Nashorn engine is planned to be removed from a future JDK release
Warning: Nashorn engine is planned to be removed from a future JDK release
Warning: Nashorn engine is planned to be removed from a future JDK release
Warning: Nashorn engine is planned to be removed from a future JDK release
Warning: Nashorn engine is planned to be removed from a future JDK release
Warning: Nashorn engine is planned to be removed from a future JDK release
Warning: Nashorn engine is planned to be removed from a future JDK release
Warning: Nashorn engine is planned to be removed from a future JDK release
Warning: Nashorn engine is planned to be removed from a future JDK release
Warning: Nashorn engine is planned to be removed from a future JDK release
Warning: Nashorn engine is planned to be removed from a future JDK release
Warning: Nashorn engine is planned to be removed from a future JDK release
Warning: Nashorn engine is planned to be removed from a future JDK release
Warning: Nashorn engine is planned to be removed from a future JDK release
Warning: Nashorn engine is planned to be removed from a future JDK release
Warning: Nashorn engine is planned to be removed from a future JDK release
Warning: Nashorn engine is planned to be removed from a future JDK release
Warning: Nashorn engine is planned to be removed from a future JDK release
Warning: Nashorn engine is planned to be removed from a future JDK release
Warning: Nashorn engine is planned to be removed from a future JDK release
Warning: Nashorn engine is planned to be removed from a future JDK release
Warning: Nashorn engine is planned to be removed from a future JDK release
Warning: Nashorn engine is planned to be removed from a future JDK release
Warning: Nashorn engine is planned to be removed from a future JDK release
Warning: Nashorn engine is planned to be removed from a future JDK release
Warning: Nashorn engine is planned to be removed from a future JDK release
Warning: Nashorn engine is planned to be removed from a future JDK release
Warning: Nashorn engine is planned to be removed from a future JDK release
Warning: Nashorn engine is planned to be removed from a future JDK release
Warning: Nashorn engine is planned to be removed from a future JDK release
Warning: Nashorn engine is planned to be removed from a future JDK release
Warning: Nashorn engine is planned to be removed from a future JDK release
Warning: Nashorn engine is planned to be removed from a future JDK release
Warning: Nashorn engine is planned to be removed from a future JDK release
Warning: Nashorn engine is planned to be removed from a future JDK release
Warning: Nashorn engine is planned to be removed from a future JDK release
Warning: Nashorn engine is planned to be removed from a future JDK release
Warning: Nashorn engine is planned to be removed from a future JDK release
Warning: Nashorn engine is planned to be removed from a future JDK release
Warning: Nashorn engine is planned to be removed from a future JDK release
Warning: Nashorn engine is planned to be removed from a future JDK release
Warning: Nashorn engine is planned to be removed from a future JDK release
Warning: Nashorn engine is planned to be removed from a future JDK release
Warning: Nashorn engine is planned to be removed from a future JDK release
Warning: Nashorn engine is planned to be removed from a future JDK release
Warning: Nashorn engine is planned to be removed from a future JDK release
Warning: Nashorn engine is planned to be removed from a future JDK release
Warning: Nashorn engine is planned to be removed from a future JDK release
Warning: Nashorn engine is planned to be removed from a future JDK release
Warning: Nashorn engine is planned to be removed from a future JDK release
Warning: Nashorn engine is planned to be removed from a future JDK release
Warning: Nashorn engine is planned to be removed from a future JDK release
Warning: Nashorn engine is planned to be removed from a future JDK release
Warning: Nashorn engine is planned to be removed from a future JDK release
Warning: Nashorn engine is planned to be removed from a future JDK release
Warning: Nashorn engine is planned to be removed from a future JDK release
Warning: Nashorn engine is planned to be removed from a future JDK release
Warning: Nashorn engine is planned to be removed from a future JDK release
Warning: Nashorn engine is planned to be removed from a future JDK release
Warning: Nashorn engine is planned to be removed from a future JDK release
Warning: Nashorn engine is planned to be removed from a future JDK release
Warning: Nashorn engine is planned to be removed from a future JDK release
Warning: Nashorn engine is planned to be removed from a future JDK release
Warning: Nashorn engine is planned to be removed from a future JDK release
Warning: Nashorn engine is planned to be removed from a future JDK release
Warning: Nashorn engine is planned to be removed from a future JDK release
Warning: Nashorn engine is planned to be removed from a future JDK release
Warning: Nashorn engine is planned to be removed from a future JDK release
Warning: Nashorn engine is planned to be removed from a future JDK release
Warning: Nashorn engine is planned to be removed from a future JDK release
Warning: Nashorn engine is planned to be removed from a future JDK release
Warning: Nashorn engine is planned to be removed from a future JDK release
Warning: Nashorn engine is planned to be removed from a future JDK release
Warning: Nashorn engine is planned to be removed from a future JDK release
Warning: Nashorn engine is planned to be removed from a future JDK release
Warning: Nashorn engine is planned to be removed from a future JDK release
Warning: Nashorn engine is planned to be removed from a future JDK release
Warning: Nashorn engine is planned to be removed from a future JDK release
Warning: Nashorn engine is planned to be removed from a future JDK release
Warning: Nashorn engine is planned to be removed from a future JDK release
Warning: Nashorn engine is planned to be removed from a future JDK release
Warning: Nashorn engine is planned to be removed from a future JDK release
Warning: Nashorn engine is planned to be removed from a future JDK release
Warning: Nashorn engine is planned to be removed from a future JDK release
Warning: Nashorn engine is planned to be removed from a future JDK release
Warning: Nashorn engine is planned to be removed from a future JDK release
Warning: Nashorn engine is planned to be removed from a future JDK release
Warning: Nashorn engine is planned to be removed from a future JDK release
Warning: Nashorn engine is planned to be removed from a future JDK release
Warning: Nashorn engine is planned to be removed from a future JDK release
Warning: Nashorn engine is planned to be removed from a future JDK release
Warning: Nashorn engine is planned to be removed from a future JDK release
Warning: Nashorn engine is planned to be removed from a future JDK release
Warning: Nashorn engine is planned to be removed from a future JDK release
Warning: Nashorn engine is planned to be removed from a future JDK release
Warning: Nashorn engine is planned to be removed from a future JDK release
Warning: Nashorn engine is planned to be removed from a future JDK release
Warning: Nashorn engine is planned to be removed from a future JDK release
Warning: Nashorn engine is planned to be removed from a future JDK release
Warning: Nashorn engine is planned to be removed from a future JDK release
Warning: Nashorn engine is planned to be removed from a future JDK release
Warning: Nashorn engine is planned to be removed from a future JDK release
Warning: Nashorn engine is planned to be removed from a future JDK release
Warning: Nashorn engine is planned to be removed from a future JDK release
Warning: Nashorn engine is planned to be removed from a future JDK release
Warning: Nashorn engine is planned to be removed from a future JDK release
Warning: Nashorn engine is planned to be removed from a future JDK release
Warning: Nashorn engine is planned to be removed from a future JDK release
Warning: Nashorn engine is planned to be removed from a future JDK release
Warning: Nashorn engine is planned to be removed from a future JDK release
Warning: Nashorn engine is planned to be removed from a future JDK release
Warning: Nashorn engine is planned to be removed from a future JDK release
Warning: Nashorn engine is planned to be removed from a future JDK release
Warning: Nashorn engine is planned to be removed from a future JDK release
Warning: Nashorn engine is planned to be removed from a future JDK release
Warning: Nashorn engine is planned to be removed from a future JDK release
Warning: Nashorn engine is planned to be removed from a future JDK release
Warning: Nashorn engine is planned to be removed from a future JDK release
Warning: Nashorn engine is planned to be removed from a future JDK release
Warning: Nashorn engine is planned to be removed from a future JDK release
Warning: Nashorn engine is planned to be removed from a future JDK release
Warning: Nashorn engine is planned to be removed from a future JDK release
Warning: Nashorn engine is planned to be removed from a future JDK release
Warning: Nashorn engine is planned to be removed from a future JDK release
Warning: Nashorn engine is planned to be removed from a future JDK release
Warning: Nashorn engine is planned to be removed from a future JDK release
Warning: Nashorn engine is planned to be removed from a future JDK release
Warning: Nashorn engine is planned to be removed from a future JDK release
Warning: Nashorn engine is planned to be removed from a future JDK release
Warning: Nashorn engine is planned to be removed from a future JDK release
Warning: Nashorn engine is planned to be removed from a future JDK release
Warning: Nashorn engine is planned to be removed from a future JDK release
Warning: Nashorn engine is planned to be removed from a future JDK release
Warning: Nashorn engine is planned to be removed from a future JDK release
Warning: Nashorn engine is planned to be removed from a future JDK release
Warning: Nashorn engine is planned to be removed from a future JDK release
Warning: Nashorn engine is planned to be removed from a future JDK release
Warning: Nashorn engine is planned to be removed from a future JDK release
Warning: Nashorn engine is planned to be removed from a future JDK release
Warning: Nashorn engine is planned to be removed from a future JDK release
Warning: Nashorn engine is planned to be removed from a future JDK release
Warning: Nashorn engine is planned to be removed from a future JDK release
Warning: Nashorn engine is planned to be removed from a future JDK release
Warning: Nashorn engine is planned to be removed from a future JDK release
Warning: Nashorn engine is planned to be removed from a future JDK release
Warning: Nashorn engine is planned to be removed from a future JDK release
Warning: Nashorn engine is planned to be removed from a future JDK release
Warning: Nashorn engine is planned to be removed from a future JDK release
Warning: Nashorn engine is planned to be removed from a future JDK release
Warning: Nashorn engine is planned to be removed from a future JDK release
Warning: Nashorn engine is planned to be removed from a future JDK release
Warning: Nashorn engine is planned to be removed from a future JDK release
Warning: Nashorn engine is planned to be removed from a future JDK release
Warning: Nashorn engine is planned to be removed from a future JDK release
Warning: Nashorn engine is planned to be removed from a future JDK release
Warning: Nashorn engine is planned to be removed from a future JDK release
Warning: Nashorn engine is planned to be removed from a future JDK release
Warning: Nashorn engine is planned to be removed from a future JDK release
Warning: Nashorn engine is planned to be removed from a future JDK release
Warning: Nashorn engine is planned to be removed from a future JDK release
Warning: Nashorn engine is planned to be removed from a future JDK release
Warning: Nashorn engine is planned to be removed from a future JDK release
Warning: Nashorn engine is planned to be removed from a future JDK release
Warning: Nashorn engine is planned to be removed from a future JDK release
Warning: Nashorn engine is planned to be removed from a future JDK release
Warning: Nashorn engine is planned to be removed from a future JDK release
Warning: Nashorn engine is planned to be removed from a future JDK release
Warning: Nashorn engine is planned to be removed from a future JDK release
Warning: Nashorn engine is planned to be removed from a future JDK release
Warning: Nashorn engine is planned to be removed from a future JDK release
Warning: Nashorn engine is planned to be removed from a future JDK release
Warning: Nashorn engine is planned to be removed from a future JDK release
Warning: Nashorn engine is planned to be removed from a future JDK release
Warning: Nashorn engine is planned to be removed from a future JDK release
Warning: Nashorn engine is planned to be removed from a future JDK release
Warning: Nashorn engine is planned to be removed from a future JDK release
Warning: Nashorn engine is planned to be removed from a future JDK release
Warning: Nashorn engine is planned to be removed from a future JDK release
Warning: Nashorn engine is planned to be removed from a future JDK release
Warning: Nashorn engine is planned to be removed from a future JDK release
Warning: Nashorn engine is planned to be removed from a future JDK release
Warning: Nashorn engine is planned to be removed from a future JDK release
Warning: Nashorn engine is planned to be removed from a future JDK release
Warning: Nashorn engine is planned to be removed from a future JDK release
Warning: Nashorn engine is planned to be removed from a future JDK release
Warning: Nashorn engine is planned to be removed from a future JDK release
Warning: Nashorn engine is planned to be removed from a future JDK release
Warning: Nashorn engine is planned to be removed from a future JDK release
Warning: Nashorn engine is planned to be removed from a future JDK release
Warning: Nashorn engine is planned to be removed from a future JDK release
Warning: Nashorn engine is planned to be removed from a future JDK release
Warning: Nashorn engine is planned to be removed from a future JDK release
Warning: Nashorn engine is planned to be removed from a future JDK release
Warning: Nashorn engine is planned to be removed from a future JDK release
Warning: Nashorn engine is planned to be removed from a future JDK release
Warning: Nashorn engine is planned to be removed from a future JDK release
Warning: Nashorn engine is planned to be removed from a future JDK release
Warning: Nashorn engine is planned to be removed from a future JDK release
Warning: Nashorn engine is planned to be removed from a future JDK release
Warning: Nashorn engine is planned to be removed from a future JDK release
Warning: Nashorn engine is planned to be removed from a future JDK release
Warning: Nashorn engine is planned to be removed from a future JDK release
Warning: Nashorn engine is planned to be removed from a future JDK release
Warning: Nashorn engine is planned to be removed from a future JDK release
Warning: Nashorn engine is planned to be removed from a future JDK release
Warning: Nashorn engine is planned to be removed from a future JDK release
Warning: Nashorn engine is planned to be removed from a future JDK release
Warning: Nashorn engine is planned to be removed from a future JDK release
Warning: Nashorn engine is planned to be removed from a future JDK release
Warning: Nashorn engine is planned to be removed from a future JDK release
Warning: Nashorn engine is planned to be removed from a future JDK release
Warning: Nashorn engine is planned to be removed from a future JDK release
Warning: Nashorn engine is planned to be removed from a future JDK release
Warning: Nashorn engine is planned to be removed from a future JDK release
Warning: Nashorn engine is planned to be removed from a future JDK release
Warning: Nashorn engine is planned to be removed from a future JDK release
Warning: Nashorn engine is planned to be removed from a future JDK release
Warning: Nashorn engine is planned to be removed from a future JDK release
Warning: Nashorn engine is planned to be removed from a future JDK release
Warning: Nashorn engine is planned to be removed from a future JDK release
Warning: Nashorn engine is planned to be removed from a future JDK release
Warning: Nashorn engine is planned to be removed from a future JDK release
Warning: Nashorn engine is planned to be removed from a future JDK release
Warning: Nashorn engine is planned to be removed from a future JDK release
Warning: Nashorn engine is planned to be removed from a future JDK release
Warning: Nashorn engine is planned to be removed from a future JDK release
Warning: Nashorn engine is planned to be removed from a future JDK release
Warning: Nashorn engine is planned to be removed from a future JDK release
Warning: Nashorn engine is planned to be removed from a future JDK release
Warning: Nashorn engine is planned to be removed from a future JDK release
Warning: Nashorn engine is planned to be removed from a future JDK release
Warning: Nashorn engine is planned to be removed from a future JDK release
Warning: Nashorn engine is planned to be removed from a future JDK release
Warning: Nashorn engine is planned to be removed from a future JDK release
Warning: Nashorn engine is planned to be removed from a future JDK release
Warning: Nashorn engine is planned to be removed from a future JDK release
Warning: Nashorn engine is planned to be removed from a future JDK release
Warning: Nashorn engine is planned to be removed from a future JDK release
Warning: Nashorn engine is planned to be removed from a future JDK release
Warning: Nashorn engine is planned to be removed from a future JDK release
Warning: Nashorn engine is planned to be removed from a future JDK release
Warning: Nashorn engine is planned to be removed from a future JDK release
Warning: Nashorn engine is planned to be removed from a future JDK release
Warning: Nashorn engine is planned to be removed from a future JDK release
Warning: Nashorn engine is planned to be removed from a future JDK release
Warning: Nashorn engine is planned to be removed from a future JDK release
Warning: Nashorn engine is planned to be removed from a future JDK release
Warning: Nashorn engine is planned to be removed from a future JDK release
Warning: Nashorn engine is planned to be removed from a future JDK release
Warning: Nashorn engine is planned to be removed from a future JDK release
Warning: Nashorn engine is planned to be removed from a future JDK release
Warning: Nashorn engine is planned to be removed from a future JDK release
Warning: Nashorn engine is planned to be removed from a future JDK release
Warning: Nashorn engine is planned to be removed from a future JDK release
Warning: Nashorn engine is planned to be removed from a future JDK release
Warning: Nashorn engine is planned to be removed from a future JDK release
Warning: Nashorn engine is planned to be removed from a future JDK release
Warning: Nashorn engine is planned to be removed from a future JDK release
Warning: Nashorn engine is planned to be removed from a future JDK release
Warning: Nashorn engine is planned to be removed from a future JDK release
Warning: Nashorn engine is planned to be removed from a future JDK release
Warning: Nashorn engine is planned to be removed from a future JDK release
Warning: Nashorn engine is planned to be removed from a future JDK release
Warning: Nashorn engine is planned to be removed from a future JDK release
Warning: Nashorn engine is planned to be removed from a future JDK release
Warning: Nashorn engine is planned to be removed from a future JDK release
Warning: Nashorn engine is planned to be removed from a future JDK release
Warning: Nashorn engine is planned to be removed from a future JDK release
Warning: Nashorn engine is planned to be removed from a future JDK release
Warning: Nashorn engine is planned to be removed from a future JDK release
Warning: Nashorn engine is planned to be removed from a future JDK release
Warning: Nashorn engine is planned to be removed from a future JDK release
Warning: Nashorn engine is planned to be removed from a future JDK release
Warning: Nashorn engine is planned to be removed from a future JDK release
Warning: Nashorn engine is planned to be removed from a future JDK release
Warning: Nashorn engine is planned to be removed from a future JDK release
Warning: Nashorn engine is planned to be removed from a future JDK release
Warning: Nashorn engine is planned to be removed from a future JDK release
Warning: Nashorn engine is planned to be removed from a future JDK release
Warning: Nashorn engine is planned to be removed from a future JDK release
Warning: Nashorn engine is planned to be removed from a future JDK release
Warning: Nashorn engine is planned to be removed from a future JDK release
Warning: Nashorn engine is planned to be removed from a future JDK release
Warning: Nashorn engine is planned to be removed from a future JDK release
Warning: Nashorn engine is planned to be removed from a future JDK release
Warning: Nashorn engine is planned to be removed from a future JDK release
Warning: Nashorn engine is planned to be removed from a future JDK release
Warning: Nashorn engine is planned to be removed from a future JDK release
Warning: Nashorn engine is planned to be removed from a future JDK release
Warning: Nashorn engine is planned to be removed from a future JDK release
Warning: Nashorn engine is planned to be removed from a future JDK release
Warning: Nashorn engine is planned to be removed from a future JDK release
Warning: Nashorn engine is planned to be removed from a future JDK release
Warning: Nashorn engine is planned to be removed from a future JDK release
Warning: Nashorn engine is planned to be removed from a future JDK release
Warning: Nashorn engine is planned to be removed from a future JDK release
Warning: Nashorn engine is planned to be removed from a future JDK release
Warning: Nashorn engine is planned to be removed from a future JDK release
Warning: Nashorn engine is planned to be removed from a future JDK release
Warning: Nashorn engine is planned to be removed from a future JDK release
Warning: Nashorn engine is planned to be removed from a future JDK release
Warning: Nashorn engine is planned to be removed from a future JDK release
Warning: Nashorn engine is planned to be removed from a future JDK release
Warning: Nashorn engine is planned to be removed from a future JDK release
Warning: Nashorn engine is planned to be removed from a future JDK release
Warning: Nashorn engine is planned to be removed from a future JDK release
Warning: Nashorn engine is planned to be removed from a future JDK release
Warning: Nashorn engine is planned to be removed from a future JDK release
Warning: Nashorn engine is planned to be removed from a future JDK release
Warning: Nashorn engine is planned to be removed from a future JDK release
Warning: Nashorn engine is planned to be removed from a future JDK release
Warning: Nashorn engine is planned to be removed from a future JDK release
Warning: Nashorn engine is planned to be removed from a future JDK release
Warning: Nashorn engine is planned to be removed from a future JDK release
Warning: Nashorn engine is planned to be removed from a future JDK release
Warning: Nashorn engine is planned to be removed from a future JDK release
Warning: Nashorn engine is planned to be removed from a future JDK release
Warning: Nashorn engine is planned to be removed from a future JDK release
Warning: Nashorn engine is planned to be removed from a future JDK release
Warning: Nashorn engine is planned to be removed from a future JDK release
Warning: Nashorn engine is planned to be removed from a future JDK release
Warning: Nashorn engine is planned to be removed from a future JDK release
Warning: Nashorn engine is planned to be removed from a future JDK release
Warning: Nashorn engine is planned to be removed from a future JDK release
Warning: Nashorn engine is planned to be removed from a future JDK release
Warning: Nashorn engine is planned to be removed from a future JDK release
Warning: Nashorn engine is planned to be removed from a future JDK release
Warning: Nashorn engine is planned to be removed from a future JDK release
Warning: Nashorn engine is planned to be removed from a future JDK release
Warning: Nashorn engine is planned to be removed from a future JDK release
Warning: Nashorn engine is planned to be removed from a future JDK release
Warning: Nashorn engine is planned to be removed from a future JDK release
Warning: Nashorn engine is planned to be removed from a future JDK release
Warning: Nashorn engine is planned to be removed from a future JDK release
Warning: Nashorn engine is planned to be removed from a future JDK release
Warning: Nashorn engine is planned to be removed from a future JDK release
Warning: Nashorn engine is planned to be removed from a future JDK release
Warning: Nashorn engine is planned to be removed from a future JDK release
Warning: Nashorn engine is planned to be removed from a future JDK release
Warning: Nashorn engine is planned to be removed from a future JDK release
Warning: Nashorn engine is planned to be removed from a future JDK release
Warning: Nashorn engine is planned to be removed from a future JDK release
Warning: Nashorn engine is planned to be removed from a future JDK release
Warning: Nashorn engine is planned to be removed from a future JDK release
Warning: Nashorn engine is planned to be removed from a future JDK release
Warning: Nashorn engine is planned to be removed from a future JDK release
Warning: Nashorn engine is planned to be removed from a future JDK release
Warning: Nashorn engine is planned to be removed from a future JDK release
Warning: Nashorn engine is planned to be removed from a future JDK release
Warning: Nashorn engine is planned to be removed from a future JDK release
Warning: Nashorn engine is planned to be removed from a future JDK release
Warning: Nashorn engine is planned to be removed from a future JDK release
Warning: Nashorn engine is planned to be removed from a future JDK release
Warning: Nashorn engine is planned to be removed from a future JDK release
Warning: Nashorn engine is planned to be removed from a future JDK release
Warning: Nashorn engine is planned to be removed from a future JDK release
Warning: Nashorn engine is planned to be removed from a future JDK release
Warning: Nashorn engine is planned to be removed from a future JDK release
Warning: Nashorn engine is planned to be removed from a future JDK release
Warning: Nashorn engine is planned to be removed from a future JDK release
Warning: Nashorn engine is planned to be removed from a future JDK release
Warning: Nashorn engine is planned to be removed from a future JDK release
Warning: Nashorn engine is planned to be removed from a future JDK release
Warning: Nashorn engine is planned to be removed from a future JDK release
Warning: Nashorn engine is planned to be removed from a future JDK release
Warning: Nashorn engine is planned to be removed from a future JDK release
Warning: Nashorn engine is planned to be removed from a future JDK release
Warning: Nashorn engine is planned to be removed from a future JDK release
Warning: Nashorn engine is planned to be removed from a future JDK release
Warning: Nashorn engine is planned to be removed from a future JDK release
Warning: Nashorn engine is planned to be removed from a future JDK release
Warning: Nashorn engine is planned to be removed from a future JDK release
Warning: Nashorn engine is planned to be removed from a future JDK release
Warning: Nashorn engine is planned to be removed from a future JDK release
Warning: Nashorn engine is planned to be removed from a future JDK release
Warning: Nashorn engine is planned to be removed from a future JDK release
Warning: Nashorn engine is planned to be removed from a future JDK release
Warning: Nashorn engine is planned to be removed from a future JDK release
Warning: Nashorn engine is planned to be removed from a future JDK release
Warning: Nashorn engine is planned to be removed from a future JDK release
Warning: Nashorn engine is planned to be removed from a future JDK release
Warning: Nashorn engine is planned to be removed from a future JDK release
Warning: Nashorn engine is planned to be removed from a future JDK release
Warning: Nashorn engine is planned to be removed from a future JDK release
Warning: Nashorn engine is planned to be removed from a future JDK release
Warning: Nashorn engine is planned to be removed from a future JDK release
Warning: Nashorn engine is planned to be removed from a future JDK release
Warning: Nashorn engine is planned to be removed from a future JDK release
Warning: Nashorn engine is planned to be removed from a future JDK release
Warning: Nashorn engine is planned to be removed from a future JDK release
Warning: Nashorn engine is planned to be removed from a future JDK release
Warning: Nashorn engine is planned to be removed from a future JDK release
Warning: Nashorn engine is planned to be removed from a future JDK release
Warning: Nashorn engine is planned to be removed from a future JDK release
Warning: Nashorn engine is planned to be removed from a future JDK release
Warning: Nashorn engine is planned to be removed from a future JDK release
Warning: Nashorn engine is planned to be removed from a future JDK release
Warning: Nashorn engine is planned to be removed from a future JDK release
Warning: Nashorn engine is planned to be removed from a future JDK release
Warning: Nashorn engine is planned to be removed from a future JDK release
Warning: Nashorn engine is planned to be removed from a future JDK release
Warning: Nashorn engine is planned to be removed from a future JDK release
Warning: Nashorn engine is planned to be removed from a future JDK release
Warning: Nashorn engine is planned to be removed from a future JDK release
Warning: Nashorn engine is planned to be removed from a future JDK release
Warning: Nashorn engine is planned to be removed from a future JDK release
Warning: Nashorn engine is planned to be removed from a future JDK release
Warning: Nashorn engine is planned to be removed from a future JDK release
Warning: Nashorn engine is planned to be removed from a future JDK release
Warning: Nashorn engine is planned to be removed from a future JDK release
Warning: Nashorn engine is planned to be removed from a future JDK release
Warning: Nashorn engine is planned to be removed from a future JDK release
Warning: Nashorn engine is planned to be removed from a future JDK release
Warning: Nashorn engine is planned to be removed from a future JDK release
Warning: Nashorn engine is planned to be removed from a future JDK release
Warning: Nashorn engine is planned to be removed from a future JDK release
Warning: Nashorn engine is planned to be removed from a future JDK release
Warning: Nashorn engine is planned to be removed from a future JDK release
Warning: Nashorn engine is planned to be removed from a future JDK release
Warning: Nashorn engine is planned to be removed from a future JDK release
Warning: Nashorn engine is planned to be removed from a future JDK release
Warning: Nashorn engine is planned to be removed from a future JDK release
Warning: Nashorn engine is planned to be removed from a future JDK release
Warning: Nashorn engine is planned to be removed from a future JDK release
Warning: Nashorn engine is planned to be removed from a future JDK release
Warning: Nashorn engine is planned to be removed from a future JDK release
Warning: Nashorn engine is planned to be removed from a future JDK release
Warning: Nashorn engine is planned to be removed from a future JDK release
Warning: Nashorn engine is planned to be removed from a future JDK release
Warning: Nashorn engine is planned to be removed from a future JDK release
Warning: Nashorn engine is planned to be removed from a future JDK release
Warning: Nashorn engine is planned to be removed from a future JDK release
Warning: Nashorn engine is planned to be removed from a future JDK release
Warning: Nashorn engine is planned to be removed from a future JDK release
Warning: Nashorn engine is planned to be removed from a future JDK release
Warning: Nashorn engine is planned to be removed from a future JDK release
Warning: Nashorn engine is planned to be removed from a future JDK release
Warning: Nashorn engine is planned to be removed from a future JDK release
Warning: Nashorn engine is planned to be removed from a future JDK release
Warning: Nashorn engine is planned to be removed from a future JDK release
Warning: Nashorn engine is planned to be removed from a future JDK release
Warning: Nashorn engine is planned to be removed from a future JDK release
Warning: Nashorn engine is planned to be removed from a future JDK release
Warning: Nashorn engine is planned to be removed from a future JDK release
Warning: Nashorn engine is planned to be removed from a future JDK release
Warning: Nashorn engine is planned to be removed from a future JDK release
Warning: Nashorn engine is planned to be removed from a future JDK release
Warning: Nashorn engine is planned to be removed from a future JDK release
Warning: Nashorn engine is planned to be removed from a future JDK release
Warning: Nashorn engine is planned to be removed from a future JDK release
Warning: Nashorn engine is planned to be removed from a future JDK release
Warning: Nashorn engine is planned to be removed from a future JDK release
Warning: Nashorn engine is planned to be removed from a future JDK release
Warning: Nashorn engine is planned to be removed from a future JDK release
Warning: Nashorn engine is planned to be removed from a future JDK release
Warning: Nashorn engine is planned to be removed from a future JDK release
Warning: Nashorn engine is planned to be removed from a future JDK release
Warning: Nashorn engine is planned to be removed from a future JDK release
Warning: Nashorn engine is planned to be removed from a future JDK release
Warning: Nashorn engine is planned to be removed from a future JDK release
Warning: Nashorn engine is planned to be removed from a future JDK release
Warning: Nashorn engine is planned to be removed from a future JDK release
Warning: Nashorn engine is planned to be removed from a future JDK release
Warning: Nashorn engine is planned to be removed from a future JDK release
Warning: Nashorn engine is planned to be removed from a future JDK release
Warning: Nashorn engine is planned to be removed from a future JDK release
Warning: Nashorn engine is planned to be removed from a future JDK release
Warning: Nashorn engine is planned to be removed from a future JDK release
Warning: Nashorn engine is planned to be removed from a future JDK release
Warning: Nashorn engine is planned to be removed from a future JDK release
Warning: Nashorn engine is planned to be removed from a future JDK release
Warning: Nashorn engine is planned to be removed from a future JDK release
Warning: Nashorn engine is planned to be removed from a future JDK release
Warning: Nashorn engine is planned to be removed from a future JDK release
Warning: Nashorn engine is planned to be removed from a future JDK release
Warning: Nashorn engine is planned to be removed from a future JDK release
Warning: Nashorn engine is planned to be removed from a future JDK release
Warning: Nashorn engine is planned to be removed from a future JDK release
Warning: Nashorn engine is planned to be removed from a future JDK release
Warning: Nashorn engine is planned to be removed from a future JDK release
Warning: Nashorn engine is planned to be removed from a future JDK release
Warning: Nashorn engine is planned to be removed from a future JDK release
Warning: Nashorn engine is planned to be removed from a future JDK release
Warning: Nashorn engine is planned to be removed from a future JDK release
Warning: Nashorn engine is planned to be removed from a future JDK release
Warning: Nashorn engine is planned to be removed from a future JDK release
Warning: Nashorn engine is planned to be removed from a future JDK release
Warning: Nashorn engine is planned to be removed from a future JDK release
Warning: Nashorn engine is planned to be removed from a future JDK release
Warning: Nashorn engine is planned to be removed from a future JDK release
Warning: Nashorn engine is planned to be removed from a future JDK release
Warning: Nashorn engine is planned to be removed from a future JDK release
Warning: Nashorn engine is planned to be removed from a future JDK release
Warning: Nashorn engine is planned to be removed from a future JDK release
Warning: Nashorn engine is planned to be removed from a future JDK release
Warning: Nashorn engine is planned to be removed from a future JDK release
Warning: Nashorn engine is planned to be removed from a future JDK release
Warning: Nashorn engine is planned to be removed from a future JDK release
Warning: Nashorn engine is planned to be removed from a future JDK release
Warning: Nashorn engine is planned to be removed from a future JDK release
Warning: Nashorn engine is planned to be removed from a future JDK release
Warning: Nashorn engine is planned to be removed from a future JDK release
Warning: Nashorn engine is planned to be removed from a future JDK release
Warning: Nashorn engine is planned to be removed from a future JDK release
Warning: Nashorn engine is planned to be removed from a future JDK release
Warning: Nashorn engine is planned to be removed from a future JDK release
Warning: Nashorn engine is planned to be removed from a future JDK release
Warning: Nashorn engine is planned to be removed from a future JDK release
Warning: Nashorn engine is planned to be removed from a future JDK release
Warning: Nashorn engine is planned to be removed from a future JDK release
Warning: Nashorn engine is planned to be removed from a future JDK release
Warning: Nashorn engine is planned to be removed from a future JDK release
Warning: Nashorn engine is planned to be removed from a future JDK release
Warning: Nashorn engine is planned to be removed from a future JDK release
Warning: Nashorn engine is planned to be removed from a future JDK release
Warning: Nashorn engine is planned to be removed from a future JDK release
Warning: Nashorn engine is planned to be removed from a future JDK release
Warning: Nashorn engine is planned to be removed from a future JDK release
Warning: Nashorn engine is planned to be removed from a future JDK release
Warning: Nashorn engine is planned to be removed from a future JDK release
Warning: Nashorn engine is planned to be removed from a future JDK release
Warning: Nashorn engine is planned to be removed from a future JDK release
Warning: Nashorn engine is planned to be removed from a future JDK release
Warning: Nashorn engine is planned to be removed from a future JDK release
Warning: Nashorn engine is planned to be removed from a future JDK release
Warning: Nashorn engine is planned to be removed from a future JDK release
Warning: Nashorn engine is planned to be removed from a future JDK release
Warning: Nashorn engine is planned to be removed from a future JDK release
Warning: Nashorn engine is planned to be removed from a future JDK release
Warning: Nashorn engine is planned to be removed from a future JDK release
Warning: Nashorn engine is planned to be removed from a future JDK release
Warning: Nashorn engine is planned to be removed from a future JDK release
Warning: Nashorn engine is planned to be removed from a future JDK release
Warning: Nashorn engine is planned to be removed from a future JDK release
Warning: Nashorn engine is planned to be removed from a future JDK release
Warning: Nashorn engine is planned to be removed from a future JDK release
Warning: Nashorn engine is planned to be removed from a future JDK release
Warning: Nashorn engine is planned to be removed from a future JDK release
Warning: Nashorn engine is planned to be removed from a future JDK release
Warning: Nashorn engine is planned to be removed from a future JDK release
Warning: Nashorn engine is planned to be removed from a future JDK release
Warning: Nashorn engine is planned to be removed from a future JDK release
Warning: Nashorn engine is planned to be removed from a future JDK release
Warning: Nashorn engine is planned to be removed from a future JDK release
Warning: Nashorn engine is planned to be removed from a future JDK release
Warning: Nashorn engine is planned to be removed from a future JDK release
Warning: Nashorn engine is planned to be removed from a future JDK release
Warning: Nashorn engine is planned to be removed from a future JDK release
Warning: Nashorn engine is planned to be removed from a future JDK release
Warning: Nashorn engine is planned to be removed from a future JDK release
Warning: Nashorn engine is planned to be removed from a future JDK release
Warning: Nashorn engine is planned to be removed from a future JDK release
Warning: Nashorn engine is planned to be removed from a future JDK release
Warning: Nashorn engine is planned to be removed from a future JDK release
Warning: Nashorn engine is planned to be removed from a future JDK release
Warning: Nashorn engine is planned to be removed from a future JDK release
Warning: Nashorn engine is planned to be removed from a future JDK release
Warning: Nashorn engine is planned to be removed from a future JDK release
Warning: Nashorn engine is planned to be removed from a future JDK release
Warning: Nashorn engine is planned to be removed from a future JDK release
Warning: Nashorn engine is planned to be removed from a future JDK release
Warning: Nashorn engine is planned to be removed from a future JDK release
Warning: Nashorn engine is planned to be removed from a future JDK release
Warning: Nashorn engine is planned to be removed from a future JDK release
Warning: Nashorn engine is planned to be removed from a future JDK release
Warning: Nashorn engine is planned to be removed from a future JDK release
Warning: Nashorn engine is planned to be removed from a future JDK release
Warning: Nashorn engine is planned to be removed from a future JDK release
Warning: Nashorn engine is planned to be removed from a future JDK release
Warning: Nashorn engine is planned to be removed from a future JDK release
Warning: Nashorn engine is planned to be removed from a future JDK release
Warning: Nashorn engine is planned to be removed from a future JDK release
Warning: Nashorn engine is planned to be removed from a future JDK release
Warning: Nashorn engine is planned to be removed from a future JDK release
Warning: Nashorn engine is planned to be removed from a future JDK release
Warning: Nashorn engine is planned to be removed from a future JDK release
Warning: Nashorn engine is planned to be removed from a future JDK release
Warning: Nashorn engine is planned to be removed from a future JDK release
Warning: Nashorn engine is planned to be removed from a future JDK release
Warning: Nashorn engine is planned to be removed from a future JDK release
Warning: Nashorn engine is planned to be removed from a future JDK release
Warning: Nashorn engine is planned to be removed from a future JDK release
Warning: Nashorn engine is planned to be removed from a future JDK release
Warning: Nashorn engine is planned to be removed from a future JDK release
Warning: Nashorn engine is planned to be removed from a future JDK release
Warning: Nashorn engine is planned to be removed from a future JDK release
Warning: Nashorn engine is planned to be removed from a future JDK release
Warning: Nashorn engine is planned to be removed from a future JDK release
Warning: Nashorn engine is planned to be removed from a future JDK release
Warning: Nashorn engine is planned to be removed from a future JDK release
Warning: Nashorn engine is planned to be removed from a future JDK release
Warning: Nashorn engine is planned to be removed from a future JDK release
Warning: Nashorn engine is planned to be removed from a future JDK release
Warning: Nashorn engine is planned to be removed from a future JDK release
Warning: Nashorn engine is planned to be removed from a future JDK release
Warning: Nashorn engine is planned to be removed from a future JDK release
Warning: Nashorn engine is planned to be removed from a future JDK release
Warning: Nashorn engine is planned to be removed from a future JDK release
Warning: Nashorn engine is planned to be removed from a future JDK release
Warning: Nashorn engine is planned to be removed from a future JDK release
Warning: Nashorn engine is planned to be removed from a future JDK release
Warning: Nashorn engine is planned to be removed from a future JDK release
Warning: Nashorn engine is planned to be removed from a future JDK release
Warning: Nashorn engine is planned to be removed from a future JDK release
Warning: Nashorn engine is planned to be removed from a future JDK release
Warning: Nashorn engine is planned to be removed from a future JDK release
Warning: Nashorn engine is planned to be removed from a future JDK release
Warning: Nashorn engine is planned to be removed from a future JDK release
Warning: Nashorn engine is planned to be removed from a future JDK release
Warning: Nashorn engine is planned to be removed from a future JDK release
Warning: Nashorn engine is planned to be removed from a future JDK release
Warning: Nashorn engine is planned to be removed from a future JDK release
Warning: Nashorn engine is planned to be removed from a future JDK release
Warning: Nashorn engine is planned to be removed from a future JDK release
Warning: Nashorn engine is planned to be removed from a future JDK release
Warning: Nashorn engine is planned to be removed from a future JDK release
Warning: Nashorn engine is planned to be removed from a future JDK release
Warning: Nashorn engine is planned to be removed from a future JDK release
Warning: Nashorn engine is planned to be removed from a future JDK release
Warning: Nashorn engine is planned to be removed from a future JDK release
Warning: Nashorn engine is planned to be removed from a future JDK release
Warning: Nashorn engine is planned to be removed from a future JDK release
Warning: Nashorn engine is planned to be removed from a future JDK release
Warning: Nashorn engine is planned to be removed from a future JDK release
Warning: Nashorn engine is planned to be removed from a future JDK release
Warning: Nashorn engine is planned to be removed from a future JDK release
Warning: Nashorn engine is planned to be removed from a future JDK release
Warning: Nashorn engine is planned to be removed from a future JDK release
Warning: Nashorn engine is planned to be removed from a future JDK release
Warning: Nashorn engine is planned to be removed from a future JDK release
Warning: Nashorn engine is planned to be removed from a future JDK release
Warning: Nashorn engine is planned to be removed from a future JDK release
Warning: Nashorn engine is planned to be removed from a future JDK release
Warning: Nashorn engine is planned to be removed from a future JDK release
Warning: Nashorn engine is planned to be removed from a future JDK release
Warning: Nashorn engine is planned to be removed from a future JDK release
Warning: Nashorn engine is planned to be removed from a future JDK release
Warning: Nashorn engine is planned to be removed from a future JDK release
Warning: Nashorn engine is planned to be removed from a future JDK release
Warning: Nashorn engine is planned to be removed from a future JDK release
Warning: Nashorn engine is planned to be removed from a future JDK release
Warning: Nashorn engine is planned to be removed from a future JDK release
Warning: Nashorn engine is planned to be removed from a future JDK release
Warning: Nashorn engine is planned to be removed from a future JDK release
Warning: Nashorn engine is planned to be removed from a future JDK release
Warning: Nashorn engine is planned to be removed from a future JDK release
Warning: Nashorn engine is planned to be removed from a future JDK release
Warning: Nashorn engine is planned to be removed from a future JDK release
Warning: Nashorn engine is planned to be removed from a future JDK release
Warning: Nashorn engine is planned to be removed from a future JDK release
Warning: Nashorn engine is planned to be removed from a future JDK release
Warning: Nashorn engine is planned to be removed from a future JDK release
Warning: Nashorn engine is planned to be removed from a future JDK release
Warning: Nashorn engine is planned to be removed from a future JDK release
Warning: Nashorn engine is planned to be removed from a future JDK release
Warning: Nashorn engine is planned to be removed from a future JDK release
Warning: Nashorn engine is planned to be removed from a future JDK release
Warning: Nashorn engine is planned to be removed from a future JDK release
Warning: Nashorn engine is planned to be removed from a future JDK release
Warning: Nashorn engine is planned to be removed from a future JDK release
Warning: Nashorn engine is planned to be removed from a future JDK release
Warning: Nashorn engine is planned to be removed from a future JDK release
Warning: Nashorn engine is planned to be removed from a future JDK release
Warning: Nashorn engine is planned to be removed from a future JDK release
Warning: Nashorn engine is planned to be removed from a future JDK release
Warning: Nashorn engine is planned to be removed from a future JDK release
Warning: Nashorn engine is planned to be removed from a future JDK release
Warning: Nashorn engine is planned to be removed from a future JDK release
Warning: Nashorn engine is planned to be removed from a future JDK release
Warning: Nashorn engine is planned to be removed from a future JDK release
Warning: Nashorn engine is planned to be removed from a future JDK release
Warning: Nashorn engine is planned to be removed from a future JDK release
Warning: Nashorn engine is planned to be removed from a future JDK release
Warning: Nashorn engine is planned to be removed from a future JDK release
Warning: Nashorn engine is planned to be removed from a future JDK release
Warning: Nashorn engine is planned to be removed from a future JDK release
Warning: Nashorn engine is planned to be removed from a future JDK release
Warning: Nashorn engine is planned to be removed from a future JDK release
Warning: Nashorn engine is planned to be removed from a future JDK release
Warning: Nashorn engine is planned to be removed from a future JDK release
Warning: Nashorn engine is planned to be removed from a future JDK release
Warning: Nashorn engine is planned to be removed from a future JDK release
Warning: Nashorn engine is planned to be removed from a future JDK release
Warning: Nashorn engine is planned to be removed from a future JDK release
Warning: Nashorn engine is planned to be removed from a future JDK release
Warning: Nashorn engine is planned to be removed from a future JDK release
Warning: Nashorn engine is planned to be removed from a future JDK release
Warning: Nashorn engine is planned to be removed from a future JDK release
Warning: Nashorn engine is planned to be removed from a future JDK release
Warning: Nashorn engine is planned to be removed from a future JDK release
Warning: Nashorn engine is planned to be removed from a future JDK release
Warning: Nashorn engine is planned to be removed from a future JDK release
Warning: Nashorn engine is planned to be removed from a future JDK release
Warning: Nashorn engine is planned to be removed from a future JDK release
Warning: Nashorn engine is planned to be removed from a future JDK release
Warning: Nashorn engine is planned to be removed from a future JDK release
Warning: Nashorn engine is planned to be removed from a future JDK release
Warning: Nashorn engine is planned to be removed from a future JDK release
Warning: Nashorn engine is planned to be removed from a future JDK release
Warning: Nashorn engine is planned to be removed from a future JDK release
Warning: Nashorn engine is planned to be removed from a future JDK release
Warning: Nashorn engine is planned to be removed from a future JDK release
Warning: Nashorn engine is planned to be removed from a future JDK release
Warning: Nashorn engine is planned to be removed from a future JDK release
Warning: Nashorn engine is planned to be removed from a future JDK release
Warning: Nashorn engine is planned to be removed from a future JDK release
Warning: Nashorn engine is planned to be removed from a future JDK release
Warning: Nashorn engine is planned to be removed from a future JDK release
Warning: Nashorn engine is planned to be removed from a future JDK release
Warning: Nashorn engine is planned to be removed from a future JDK release
Warning: Nashorn engine is planned to be removed from a future JDK release
Warning: Nashorn engine is planned to be removed from a future JDK release
Warning: Nashorn engine is planned to be removed from a future JDK release
Warning: Nashorn engine is planned to be removed from a future JDK release
Warning: Nashorn engine is planned to be removed from a future JDK release
Warning: Nashorn engine is planned to be removed from a future JDK release
Warning: Nashorn engine is planned to be removed from a future JDK release
Warning: Nashorn engine is planned to be removed from a future JDK release
Warning: Nashorn engine is planned to be removed from a future JDK release
Warning: Nashorn engine is planned to be removed from a future JDK release
Warning: Nashorn engine is planned to be removed from a future JDK release
Warning: Nashorn engine is planned to be removed from a future JDK release
Warning: Nashorn engine is planned to be removed from a future JDK release
Warning: Nashorn engine is planned to be removed from a future JDK release
Warning: Nashorn engine is planned to be removed from a future JDK release
Warning: Nashorn engine is planned to be removed from a future JDK release
Warning: Nashorn engine is planned to be removed from a future JDK release
Warning: Nashorn engine is planned to be removed from a future JDK release
Warning: Nashorn engine is planned to be removed from a future JDK release
Warning: Nashorn engine is planned to be removed from a future JDK release
Warning: Nashorn engine is planned to be removed from a future JDK release
Warning: Nashorn engine is planned to be removed from a future JDK release
Warning: Nashorn engine is planned to be removed from a future JDK release
Warning: Nashorn engine is planned to be removed from a future JDK release
Warning: Nashorn engine is planned to be removed from a future JDK release
Warning: Nashorn engine is planned to be removed from a future JDK release
Warning: Nashorn engine is planned to be removed from a future JDK release
Warning: Nashorn engine is planned to be removed from a future JDK release
Warning: Nashorn engine is planned to be removed from a future JDK release
Warning: Nashorn engine is planned to be removed from a future JDK release
Warning: Nashorn engine is planned to be removed from a future JDK release
Warning: Nashorn engine is planned to be removed from a future JDK release
Warning: Nashorn engine is planned to be removed from a future JDK release
Warning: Nashorn engine is planned to be removed from a future JDK release
Warning: Nashorn engine is planned to be removed from a future JDK release
Warning: Nashorn engine is planned to be removed from a future JDK release
Warning: Nashorn engine is planned to be removed from a future JDK release
Warning: Nashorn engine is planned to be removed from a future JDK release
Warning: Nashorn engine is planned to be removed from a future JDK release
Warning: Nashorn engine is planned to be removed from a future JDK release
Warning: Nashorn engine is planned to be removed from a future JDK release
Warning: Nashorn engine is planned to be removed from a future JDK release
Warning: Nashorn engine is planned to be removed from a future JDK release
Warning: Nashorn engine is planned to be removed from a future JDK release
Warning: Nashorn engine is planned to be removed from a future JDK release
Warning: Nashorn engine is planned to be removed from a future JDK release
Warning: Nashorn engine is planned to be removed from a future JDK release
Warning: Nashorn engine is planned to be removed from a future JDK release
Warning: Nashorn engine is planned to be removed from a future JDK release
Warning: Nashorn engine is planned to be removed from a future JDK release
Warning: Nashorn engine is planned to be removed from a future JDK release
Warning: Nashorn engine is planned to be removed from a future JDK release
Warning: Nashorn engine is planned to be removed from a future JDK release
Warning: Nashorn engine is planned to be removed from a future JDK release
Warning: Nashorn engine is planned to be removed from a future JDK release
Warning: Nashorn engine is planned to be removed from a future JDK release
Warning: Nashorn engine is planned to be removed from a future JDK release
Warning: Nashorn engine is planned to be removed from a future JDK release
Warning: Nashorn engine is planned to be removed from a future JDK release
Warning: Nashorn engine is planned to be removed from a future JDK release
Warning: Nashorn engine is planned to be removed from a future JDK release
Warning: Nashorn engine is planned to be removed from a future JDK release
Warning: Nashorn engine is planned to be removed from a future JDK release
Warning: Nashorn engine is planned to be removed from a future JDK release
Warning: Nashorn engine is planned to be removed from a future JDK release
Warning: Nashorn engine is planned to be removed from a future JDK release
Warning: Nashorn engine is planned to be removed from a future JDK release
Warning: Nashorn engine is planned to be removed from a future JDK release
Warning: Nashorn engine is planned to be removed from a future JDK release
Warning: Nashorn engine is planned to be removed from a future JDK release
Warning: Nashorn engine is planned to be removed from a future JDK release
Warning: Nashorn engine is planned to be removed from a future JDK release
Warning: Nashorn engine is planned to be removed from a future JDK release
Warning: Nashorn engine is planned to be removed from a future JDK release
Warning: Nashorn engine is planned to be removed from a future JDK release
Warning: Nashorn engine is planned to be removed from a future JDK release
Warning: Nashorn engine is planned to be removed from a future JDK release
Warning: Nashorn engine is planned to be removed from a future JDK release
Warning: Nashorn engine is planned to be removed from a future JDK release
Warning: Nashorn engine is planned to be removed from a future JDK release
Warning: Nashorn engine is planned to be removed from a future JDK release
Warning: Nashorn engine is planned to be removed from a future JDK release
Warning: Nashorn engine is planned to be removed from a future JDK release
Warning: Nashorn engine is planned to be removed from a future JDK release
Warning: Nashorn engine is planned to be removed from a future JDK release
Warning: Nashorn engine is planned to be removed from a future JDK release
Warning: Nashorn engine is planned to be removed from a future JDK release
Warning: Nashorn engine is planned to be removed from a future JDK release
Warning: Nashorn engine is planned to be removed from a future JDK release
Warning: Nashorn engine is planned to be removed from a future JDK release
Warning: Nashorn engine is planned to be removed from a future JDK release
Warning: Nashorn engine is planned to be removed from a future JDK release
Warning: Nashorn engine is planned to be removed from a future JDK release
Warning: Nashorn engine is planned to be removed from a future JDK release
Warning: Nashorn engine is planned to be removed from a future JDK release
Warning: Nashorn engine is planned to be removed from a future JDK release
Warning: Nashorn engine is planned to be removed from a future JDK release
Warning: Nashorn engine is planned to be removed from a future JDK release
Warning: Nashorn engine is planned to be removed from a future JDK release
Warning: Nashorn engine is planned to be removed from a future JDK release
Warning: Nashorn engine is planned to be removed from a future JDK release
Warning: Nashorn engine is planned to be removed from a future JDK release
Warning: Nashorn engine is planned to be removed from a future JDK release
Warning: Nashorn engine is planned to be removed from a future JDK release
Warning: Nashorn engine is planned to be removed from a future JDK release
Warning: Nashorn engine is planned to be removed from a future JDK release
Warning: Nashorn engine is planned to be removed from a future JDK release
Warning: Nashorn engine is planned to be removed from a future JDK release
Warning: Nashorn engine is planned to be removed from a future JDK release
Warning: Nashorn engine is planned to be removed from a future JDK release
Warning: Nashorn engine is planned to be removed from a future JDK release
Warning: Nashorn engine is planned to be removed from a future JDK release
Warning: Nashorn engine is planned to be removed from a future JDK release
Warning: Nashorn engine is planned to be removed from a future JDK release
Warning: Nashorn engine is planned to be removed from a future JDK release
Warning: Nashorn engine is planned to be removed from a future JDK release
Warning: Nashorn engine is planned to be removed from a future JDK release
Warning: Nashorn engine is planned to be removed from a future JDK release
Warning: Nashorn engine is planned to be removed from a future JDK release
Warning: Nashorn engine is planned to be removed from a future JDK release
Warning: Nashorn engine is planned to be removed from a future JDK release
Warning: Nashorn engine is planned to be removed from a future JDK release
Warning: Nashorn engine is planned to be removed from a future JDK release
Warning: Nashorn engine is planned to be removed from a future JDK release
Warning: Nashorn engine is planned to be removed from a future JDK release
Warning: Nashorn engine is planned to be removed from a future JDK release
Warning: Nashorn engine is planned to be removed from a future JDK release
Warning: Nashorn engine is planned to be removed from a future JDK release
Warning: Nashorn engine is planned to be removed from a future JDK release
Warning: Nashorn engine is planned to be removed from a future JDK release
Warning: Nashorn engine is planned to be removed from a future JDK release
Warning: Nashorn engine is planned to be removed from a future JDK release
Warning: Nashorn engine is planned to be removed from a future JDK release
Warning: Nashorn engine is planned to be removed from a future JDK release
Warning: Nashorn engine is planned to be removed from a future JDK release
Warning: Nashorn engine is planned to be removed from a future JDK release
Warning: Nashorn engine is planned to be removed from a future JDK release
Warning: Nashorn engine is planned to be removed from a future JDK release
Warning: Nashorn engine is planned to be removed from a future JDK release
Warning: Nashorn engine is planned to be removed from a future JDK release
Warning: Nashorn engine is planned to be removed from a future JDK release
Warning: Nashorn engine is planned to be removed from a future JDK release
Warning: Nashorn engine is planned to be removed from a future JDK release
Warning: Nashorn engine is planned to be removed from a future JDK release
Warning: Nashorn engine is planned to be removed from a future JDK release
Warning: Nashorn engine is planned to be removed from a future JDK release
Warning: Nashorn engine is planned to be removed from a future JDK release
Warning: Nashorn engine is planned to be removed from a future JDK release
Warning: Nashorn engine is planned to be removed from a future JDK release
Warning: Nashorn engine is planned to be removed from a future JDK release
Warning: Nashorn engine is planned to be removed from a future JDK release
Warning: Nashorn engine is planned to be removed from a future JDK release
Warning: Nashorn engine is planned to be removed from a future JDK release
Warning: Nashorn engine is planned to be removed from a future JDK release
Warning: Nashorn engine is planned to be removed from a future JDK release
Warning: Nashorn engine is planned to be removed from a future JDK release
Warning: Nashorn engine is planned to be removed from a future JDK release
Warning: Nashorn engine is planned to be removed from a future JDK release
Warning: Nashorn engine is planned to be removed from a future JDK release
Warning: Nashorn engine is planned to be removed from a future JDK release
Warning: Nashorn engine is planned to be removed from a future JDK release
Warning: Nashorn engine is planned to be removed from a future JDK release
Warning: Nashorn engine is planned to be removed from a future JDK release
Warning: Nashorn engine is planned to be removed from a future JDK release
Warning: Nashorn engine is planned to be removed from a future JDK release
Warning: Nashorn engine is planned to be removed from a future JDK release
Warning: Nashorn engine is planned to be removed from a future JDK release
Warning: Nashorn engine is planned to be removed from a future JDK release
Warning: Nashorn engine is planned to be removed from a future JDK release
Warning: Nashorn engine is planned to be removed from a future JDK release
Warning: Nashorn engine is planned to be removed from a future JDK release
Warning: Nashorn engine is planned to be removed from a future JDK release
Warning: Nashorn engine is planned to be removed from a future JDK release
Warning: Nashorn engine is planned to be removed from a future JDK release
Warning: Nashorn engine is planned to be removed from a future JDK release
Warning: Nashorn engine is planned to be removed from a future JDK release
Warning: Nashorn engine is planned to be removed from a future JDK release
Warning: Nashorn engine is planned to be removed from a future JDK release
Warning: Nashorn engine is planned to be removed from a future JDK release
Warning: Nashorn engine is planned to be removed from a future JDK release
Warning: Nashorn engine is planned to be removed from a future JDK release
Warning: Nashorn engine is planned to be removed from a future JDK release
Warning: Nashorn engine is planned to be removed from a future JDK release
Warning: Nashorn engine is planned to be removed from a future JDK release
Warning: Nashorn engine is planned to be removed from a future JDK release
Warning: Nashorn engine is planned to be removed from a future JDK release
Warning: Nashorn engine is planned to be removed from a future JDK release
Warning: Nashorn engine is planned to be removed from a future JDK release
Warning: Nashorn engine is planned to be removed from a future JDK release
Warning: Nashorn engine is planned to be removed from a future JDK release
Warning: Nashorn engine is planned to be removed from a future JDK release
Warning: Nashorn engine is planned to be removed from a future JDK release
Warning: Nashorn engine is planned to be removed from a future JDK release
Warning: Nashorn engine is planned to be removed from a future JDK release
Warning: Nashorn engine is planned to be removed from a future JDK release
Warning: Nashorn engine is planned to be removed from a future JDK release
Warning: Nashorn engine is planned to be removed from a future JDK release
Warning: Nashorn engine is planned to be removed from a future JDK release
Warning: Nashorn engine is planned to be removed from a future JDK release
Warning: Nashorn engine is planned to be removed from a future JDK release
Warning: Nashorn engine is planned to be removed from a future JDK release
Warning: Nashorn engine is planned to be removed from a future JDK release
Warning: Nashorn engine is planned to be removed from a future JDK release
Warning: Nashorn engine is planned to be removed from a future JDK release
Warning: Nashorn engine is planned to be removed from a future JDK release
Warning: Nashorn engine is planned to be removed from a future JDK release
Warning: Nashorn engine is planned to be removed from a future JDK release
Warning: Nashorn engine is planned to be removed from a future JDK release
Warning: Nashorn engine is planned to be removed from a future JDK release
Warning: Nashorn engine is planned to be removed from a future JDK release
Warning: Nashorn engine is planned to be removed from a future JDK release
Warning: Nashorn engine is planned to be removed from a future JDK release
Warning: Nashorn engine is planned to be removed from a future JDK release
Warning: Nashorn engine is planned to be removed from a future JDK release
Warning: Nashorn engine is planned to be removed from a future JDK release
Warning: Nashorn engine is planned to be removed from a future JDK release
Warning: Nashorn engine is planned to be removed from a future JDK release
Warning: Nashorn engine is planned to be removed from a future JDK release
Warning: Nashorn engine is planned to be removed from a future JDK release
Warning: Nashorn engine is planned to be removed from a future JDK release
Warning: Nashorn engine is planned to be removed from a future JDK release
Warning: Nashorn engine is planned to be removed from a future JDK release
Warning: Nashorn engine is planned to be removed from a future JDK release
Warning: Nashorn engine is planned to be removed from a future JDK release
Warning: Nashorn engine is planned to be removed from a future JDK release
Warning: Nashorn engine is planned to be removed from a future JDK release
Warning: Nashorn engine is planned to be removed from a future JDK release
Warning: Nashorn engine is planned to be removed from a future JDK release
Warning: Nashorn engine is planned to be removed from a future JDK release
Warning: Nashorn engine is planned to be removed from a future JDK release
Warning: Nashorn engine is planned to be removed from a future JDK release
Warning: Nashorn engine is planned to be removed from a future JDK release
Warning: Nashorn engine is planned to be removed from a future JDK release
Warning: Nashorn engine is planned to be removed from a future JDK release
Warning: Nashorn engine is planned to be removed from a future JDK release
Warning: Nashorn engine is planned to be removed from a future JDK release
Warning: Nashorn engine is planned to be removed from a future JDK release
Warning: Nashorn engine is planned to be removed from a future JDK release
Warning: Nashorn engine is planned to be removed from a future JDK release
Warning: Nashorn engine is planned to be removed from a future JDK release
Warning: Nashorn engine is planned to be removed from a future JDK release
Warning: Nashorn engine is planned to be removed from a future JDK release
Warning: Nashorn engine is planned to be removed from a future JDK release
Warning: Nashorn engine is planned to be removed from a future JDK release
Warning: Nashorn engine is planned to be removed from a future JDK release
Warning: Nashorn engine is planned to be removed from a future JDK release
Warning: Nashorn engine is planned to be removed from a future JDK release
Warning: Nashorn engine is planned to be removed from a future JDK release
Warning: Nashorn engine is planned to be removed from a future JDK release
Warning: Nashorn engine is planned to be removed from a future JDK release
Warning: Nashorn engine is planned to be removed from a future JDK release
Warning: Nashorn engine is planned to be removed from a future JDK release
Warning: Nashorn engine is planned to be removed from a future JDK release
Warning: Nashorn engine is planned to be removed from a future JDK release
Warning: Nashorn engine is planned to be removed from a future JDK release
Warning: Nashorn engine is planned to be removed from a future JDK release
Warning: Nashorn engine is planned to be removed from a future JDK release
Warning: Nashorn engine is planned to be removed from a future JDK release
Warning: Nashorn engine is planned to be removed from a future JDK release
Warning: Nashorn engine is planned to be removed from a future JDK release
Warning: Nashorn engine is planned to be removed from a future JDK release
Warning: Nashorn engine is planned to be removed from a future JDK release
Warning: Nashorn engine is planned to be removed from a future JDK release
Warning: Nashorn engine is planned to be removed from a future JDK release
Warning: Nashorn engine is planned to be removed from a future JDK release
Warning: Nashorn engine is planned to be removed from a future JDK release
Warning: Nashorn engine is planned to be removed from a future JDK release
Warning: Nashorn engine is planned to be removed from a future JDK release
Warning: Nashorn engine is planned to be removed from a future JDK release
Warning: Nashorn engine is planned to be removed from a future JDK release
Warning: Nashorn engine is planned to be removed from a future JDK release
Warning: Nashorn engine is planned to be removed from a future JDK release
Warning: Nashorn engine is planned to be removed from a future JDK release
Warning: Nashorn engine is planned to be removed from a future JDK release
Warning: Nashorn engine is planned to be removed from a future JDK release
Warning: Nashorn engine is planned to be removed from a future JDK release
Warning: Nashorn engine is planned to be removed from a future JDK release
Warning: Nashorn engine is planned to be removed from a future JDK release
Warning: Nashorn engine is planned to be removed from a future JDK release
Warning: Nashorn engine is planned to be removed from a future JDK release
Warning: Nashorn engine is planned to be removed from a future JDK release
Warning: Nashorn engine is planned to be removed from a future JDK release
Warning: Nashorn engine is planned to be removed from a future JDK release
Warning: Nashorn engine is planned to be removed from a future JDK release
Warning: Nashorn engine is planned to be removed from a future JDK release
Warning: Nashorn engine is planned to be removed from a future JDK release
Warning: Nashorn engine is planned to be removed from a future JDK release
Warning: Nashorn engine is planned to be removed from a future JDK release
Warning: Nashorn engine is planned to be removed from a future JDK release
Warning: Nashorn engine is planned to be removed from a future JDK release
Warning: Nashorn engine is planned to be removed from a future JDK release
Warning: Nashorn engine is planned to be removed from a future JDK release
Warning: Nashorn engine is planned to be removed from a future JDK release
Warning: Nashorn engine is planned to be removed from a future JDK release
Warning: Nashorn engine is planned to be removed from a future JDK release
Warning: Nashorn engine is planned to be removed from a future JDK release
Warning: Nashorn engine is planned to be removed from a future JDK release
Warning: Nashorn engine is planned to be removed from a future JDK release
Warning: Nashorn engine is planned to be removed from a future JDK release
Warning: Nashorn engine is planned to be removed from a future JDK release
Warning: Nashorn engine is planned to be removed from a future JDK release
Warning: Nashorn engine is planned to be removed from a future JDK release
Warning: Nashorn engine is planned to be removed from a future JDK release
Warning: Nashorn engine is planned to be removed from a future JDK release
Warning: Nashorn engine is planned to be removed from a future JDK release
Warning: Nashorn engine is planned to be removed from a future JDK release
Warning: Nashorn engine is planned to be removed from a future JDK release
Warning: Nashorn engine is planned to be removed from a future JDK release
Warning: Nashorn engine is planned to be removed from a future JDK release
Warning: Nashorn engine is planned to be removed from a future JDK release
Warning: Nashorn engine is planned to be removed from a future JDK release
Warning: Nashorn engine is planned to be removed from a future JDK release
Warning: Nashorn engine is planned to be removed from a future JDK release
Warning: Nashorn engine is planned to be removed from a future JDK release
Warning: Nashorn engine is planned to be removed from a future JDK release
Warning: Nashorn engine is planned to be removed from a future JDK release
Warning: Nashorn engine is planned to be removed from a future JDK release
Warning: Nashorn engine is planned to be removed from a future JDK release
Warning: Nashorn engine is planned to be removed from a future JDK release
Warning: Nashorn engine is planned to be removed from a future JDK release
Warning: Nashorn engine is planned to be removed from a future JDK release
Warning: Nashorn engine is planned to be removed from a future JDK release
Warning: Nashorn engine is planned to be removed from a future JDK release
Warning: Nashorn engine is planned to be removed from a future JDK release
Warning: Nashorn engine is planned to be removed from a future JDK release
Warning: Nashorn engine is planned to be removed from a future JDK release
Warning: Nashorn engine is planned to be removed from a future JDK release
Warning: Nashorn engine is planned to be removed from a future JDK release
Warning: Nashorn engine is planned to be removed from a future JDK release
Warning: Nashorn engine is planned to be removed from a future JDK release
Warning: Nashorn engine is planned to be removed from a future JDK release
Warning: Nashorn engine is planned to be removed from a future JDK release
Warning: Nashorn engine is planned to be removed from a future JDK release
Warning: Nashorn engine is planned to be removed from a future JDK release
Warning: Nashorn engine is planned to be removed from a future JDK release
Warning: Nashorn engine is planned to be removed from a future JDK release
Warning: Nashorn engine is planned to be removed from a future JDK release
Warning: Nashorn engine is planned to be removed from a future JDK release
Warning: Nashorn engine is planned to be removed from a future JDK release
Warning: Nashorn engine is planned to be removed from a future JDK release
Warning: Nashorn engine is planned to be removed from a future JDK release
Warning: Nashorn engine is planned to be removed from a future JDK release
Warning: Nashorn engine is planned to be removed from a future JDK release
Warning: Nashorn engine is planned to be removed from a future JDK release
Warning: Nashorn engine is planned to be removed from a future JDK release
Warning: Nashorn engine is planned to be removed from a future JDK release
Warning: Nashorn engine is planned to be removed from a future JDK release
Warning: Nashorn engine is planned to be removed from a future JDK release
Warning: Nashorn engine is planned to be removed from a future JDK release
Warning: Nashorn engine is planned to be removed from a future JDK release
Warning: Nashorn engine is planned to be removed from a future JDK release
Warning: Nashorn engine is planned to be removed from a future JDK release
Warning: Nashorn engine is planned to be removed from a future JDK release
Warning: Nashorn engine is planned to be removed from a future JDK release
Warning: Nashorn engine is planned to be removed from a future JDK release
Warning: Nashorn engine is planned to be removed from a future JDK release
Warning: Nashorn engine is planned to be removed from a future JDK release
Warning: Nashorn engine is planned to be removed from a future JDK release
Warning: Nashorn engine is planned to be removed from a future JDK release
Warning: Nashorn engine is planned to be removed from a future JDK release
Warning: Nashorn engine is planned to be removed from a future JDK release
Warning: Nashorn engine is planned to be removed from a future JDK release
Warning: Nashorn engine is planned to be removed from a future JDK release
Warning: Nashorn engine is planned to be removed from a future JDK release
Warning: Nashorn engine is planned to be removed from a future JDK release
Warning: Nashorn engine is planned to be removed from a future JDK release
Warning: Nashorn engine is planned to be removed from a future JDK release
Warning: Nashorn engine is planned to be removed from a future JDK release
Warning: Nashorn engine is planned to be removed from a future JDK release
Warning: Nashorn engine is planned to be removed from a future JDK release
Warning: Nashorn engine is planned to be removed from a future JDK release
Warning: Nashorn engine is planned to be removed from a future JDK release
Warning: Nashorn engine is planned to be removed from a future JDK release
Warning: Nashorn engine is planned to be removed from a future JDK release
Warning: Nashorn engine is planned to be removed from a future JDK release
Warning: Nashorn engine is planned to be removed from a future JDK release
Warning: Nashorn engine is planned to be removed from a future JDK release
Warning: Nashorn engine is planned to be removed from a future JDK release
Warning: Nashorn engine is planned to be removed from a future JDK release
Warning: Nashorn engine is planned to be removed from a future JDK release
Warning: Nashorn engine is planned to be removed from a future JDK release
Warning: Nashorn engine is planned to be removed from a future JDK release
Warning: Nashorn engine is planned to be removed from a future JDK release
Warning: Nashorn engine is planned to be removed from a future JDK release
Warning: Nashorn engine is planned to be removed from a future JDK release
Warning: Nashorn engine is planned to be removed from a future JDK release
Warning: Nashorn engine is planned to be removed from a future JDK release
Warning: Nashorn engine is planned to be removed from a future JDK release
Warning: Nashorn engine is planned to be removed from a future JDK release
Warning: Nashorn engine is planned to be removed from a future JDK release
Warning: Nashorn engine is planned to be removed from a future JDK release
Warning: Nashorn engine is planned to be removed from a future JDK release
Warning: Nashorn engine is planned to be removed from a future JDK release
Warning: Nashorn engine is planned to be removed from a future JDK release
Warning: Nashorn engine is planned to be removed from a future JDK release
Warning: Nashorn engine is planned to be removed from a future JDK release
Warning: Nashorn engine is planned to be removed from a future JDK release
Warning: Nashorn engine is planned to be removed from a future JDK release
Warning: Nashorn engine is planned to be removed from a future JDK release
Warning: Nashorn engine is planned to be removed from a future JDK release
Warning: Nashorn engine is planned to be removed from a future JDK release
Warning: Nashorn engine is planned to be removed from a future JDK release
Warning: Nashorn engine is planned to be removed from a future JDK release
Warning: Nashorn engine is planned to be removed from a future JDK release
Warning: Nashorn engine is planned to be removed from a future JDK release
Warning: Nashorn engine is planned to be removed from a future JDK release
Warning: Nashorn engine is planned to be removed from a future JDK release
Warning: Nashorn engine is planned to be removed from a future JDK release
Warning: Nashorn engine is planned to be removed from a future JDK release
Warning: Nashorn engine is planned to be removed from a future JDK release
Warning: Nashorn engine is planned to be removed from a future JDK release
Warning: Nashorn engine is planned to be removed from a future JDK release
Warning: Nashorn engine is planned to be removed from a future JDK release
Warning: Nashorn engine is planned to be removed from a future JDK release
Warning: Nashorn engine is planned to be removed from a future JDK release
Warning: Nashorn engine is planned to be removed from a future JDK release
Warning: Nashorn engine is planned to be removed from a future JDK release
Warning: Nashorn engine is planned to be removed from a future JDK release
Warning: Nashorn engine is planned to be removed from a future JDK release
Warning: Nashorn engine is planned to be removed from a future JDK release
Warning: Nashorn engine is planned to be removed from a future JDK release
Warning: Nashorn engine is planned to be removed from a future JDK release
Warning: Nashorn engine is planned to be removed from a future JDK release
Warning: Nashorn engine is planned to be removed from a future JDK release
Warning: Nashorn engine is planned to be removed from a future JDK release
Warning: Nashorn engine is planned to be removed from a future JDK release
Warning: Nashorn engine is planned to be removed from a future JDK release
Warning: Nashorn engine is planned to be removed from a future JDK release
Warning: Nashorn engine is planned to be removed from a future JDK release
Warning: Nashorn engine is planned to be removed from a future JDK release
Warning: Nashorn engine is planned to be removed from a future JDK release
Warning: Nashorn engine is planned to be removed from a future JDK release
Warning: Nashorn engine is planned to be removed from a future JDK release
Warning: Nashorn engine is planned to be removed from a future JDK release
Warning: Nashorn engine is planned to be removed from a future JDK release
Warning: Nashorn engine is planned to be removed from a future JDK release
Warning: Nashorn engine is planned to be removed from a future JDK release
Warning: Nashorn engine is planned to be removed from a future JDK release
Warning: Nashorn engine is planned to be removed from a future JDK release
Warning: Nashorn engine is planned to be removed from a future JDK release
Warning: Nashorn engine is planned to be removed from a future JDK release
Warning: Nashorn engine is planned to be removed from a future JDK release
Warning: Nashorn engine is planned to be removed from a future JDK release
Warning: Nashorn engine is planned to be removed from a future JDK release
Warning: Nashorn engine is planned to be removed from a future JDK release
Warning: Nashorn engine is planned to be removed from a future JDK release
Warning: Nashorn engine is planned to be removed from a future JDK release
Warning: Nashorn engine is planned to be removed from a future JDK release
Warning: Nashorn engine is planned to be removed from a future JDK release
Warning: Nashorn engine is planned to be removed from a future JDK release
Warning: Nashorn engine is planned to be removed from a future JDK release
Warning: Nashorn engine is planned to be removed from a future JDK release
Warning: Nashorn engine is planned to be removed from a future JDK release
Warning: Nashorn engine is planned to be removed from a future JDK release
Warning: Nashorn engine is planned to be removed from a future JDK release
Warning: Nashorn engine is planned to be removed from a future JDK release
Warning: Nashorn engine is planned to be removed from a future JDK release
Warning: Nashorn engine is planned to be removed from a future JDK release
Warning: Nashorn engine is planned to be removed from a future JDK release
Warning: Nashorn engine is planned to be removed from a future JDK release
Warning: Nashorn engine is planned to be removed from a future JDK release
Warning: Nashorn engine is planned to be removed from a future JDK release
Warning: Nashorn engine is planned to be removed from a future JDK release
Warning: Nashorn engine is planned to be removed from a future JDK release
Warning: Nashorn engine is planned to be removed from a future JDK release
Warning: Nashorn engine is planned to be removed from a future JDK release
Warning: Nashorn engine is planned to be removed from a future JDK release
Warning: Nashorn engine is planned to be removed from a future JDK release
Warning: Nashorn engine is planned to be removed from a future JDK release
Warning: Nashorn engine is planned to be removed from a future JDK release
Warning: Nashorn engine is planned to be removed from a future JDK release
Warning: Nashorn engine is planned to be removed from a future JDK release
Warning: Nashorn engine is planned to be removed from a future JDK release
Warning: Nashorn engine is planned to be removed from a future JDK release
Warning: Nashorn engine is planned to be removed from a future JDK release
Warning: Nashorn engine is planned to be removed from a future JDK release
Warning: Nashorn engine is planned to be removed from a future JDK release
Warning: Nashorn engine is planned to be removed from a future JDK release
Warning: Nashorn engine is planned to be removed from a future JDK release
Warning: Nashorn engine is planned to be removed from a future JDK release
Warning: Nashorn engine is planned to be removed from a future JDK release
Warning: Nashorn engine is planned to be removed from a future JDK release
Warning: Nashorn engine is planned to be removed from a future JDK release
Warning: Nashorn engine is planned to be removed from a future JDK release
Warning: Nashorn engine is planned to be removed from a future JDK release
Warning: Nashorn engine is planned to be removed from a future JDK release
Warning: Nashorn engine is planned to be removed from a future JDK release
Warning: Nashorn engine is planned to be removed from a future JDK release
Warning: Nashorn engine is planned to be removed from a future JDK release
Warning: Nashorn engine is planned to be removed from a future JDK release
Warning: Nashorn engine is planned to be removed from a future JDK release
Warning: Nashorn engine is planned to be removed from a future JDK release
Warning: Nashorn engine is planned to be removed from a future JDK release
Warning: Nashorn engine is planned to be removed from a future JDK release
Warning: Nashorn engine is planned to be removed from a future JDK release
Warning: Nashorn engine is planned to be removed from a future JDK release
Warning: Nashorn engine is planned to be removed from a future JDK release
Warning: Nashorn engine is planned to be removed from a future JDK release
Warning: Nashorn engine is planned to be removed from a future JDK release
Warning: Nashorn engine is planned to be removed from a future JDK release
Warning: Nashorn engine is planned to be removed from a future JDK release
Warning: Nashorn engine is planned to be removed from a future JDK release
Warning: Nashorn engine is planned to be removed from a future JDK release
Warning: Nashorn engine is planned to be removed from a future JDK release
Warning: Nashorn engine is planned to be removed from a future JDK release
Warning: Nashorn engine is planned to be removed from a future JDK release
Warning: Nashorn engine is planned to be removed from a future JDK release
Warning: Nashorn engine is planned to be removed from a future JDK release
Warning: Nashorn engine is planned to be removed from a future JDK release
Warning: Nashorn engine is planned to be removed from a future JDK release
Warning: Nashorn engine is planned to be removed from a future JDK release
Warning: Nashorn engine is planned to be removed from a future JDK release
Warning: Nashorn engine is planned to be removed from a future JDK release
Warning: Nashorn engine is planned to be removed from a future JDK release
Warning: Nashorn engine is planned to be removed from a future JDK release
Warning: Nashorn engine is planned to be removed from a future JDK release
Warning: Nashorn engine is planned to be removed from a future JDK release
Warning: Nashorn engine is planned to be removed from a future JDK release
Warning: Nashorn engine is planned to be removed from a future JDK release
Warning: Nashorn engine is planned to be removed from a future JDK release
Warning: Nashorn engine is planned to be removed from a future JDK release
Warning: Nashorn engine is planned to be removed from a future JDK release
Warning: Nashorn engine is planned to be removed from a future JDK release
Warning: Nashorn engine is planned to be removed from a future JDK release
Warning: Nashorn engine is planned to be removed from a future JDK release
Warning: Nashorn engine is planned to be removed from a future JDK release
Warning: Nashorn engine is planned to be removed from a future JDK release
Warning: Nashorn engine is planned to be removed from a future JDK release
Warning: Nashorn engine is planned to be removed from a future JDK release
Warning: Nashorn engine is planned to be removed from a future JDK release
Warning: Nashorn engine is planned to be removed from a future JDK release
Warning: Nashorn engine is planned to be removed from a future JDK release
Warning: Nashorn engine is planned to be removed from a future JDK release
Warning: Nashorn engine is planned to be removed from a future JDK release
Warning: Nashorn engine is planned to be removed from a future JDK release
Warning: Nashorn engine is planned to be removed from a future JDK release
Warning: Nashorn engine is planned to be removed from a future JDK release
Warning: Nashorn engine is planned to be removed from a future JDK release
Warning: Nashorn engine is planned to be removed from a future JDK release
Warning: Nashorn engine is planned to be removed from a future JDK release
Warning: Nashorn engine is planned to be removed from a future JDK release
Warning: Nashorn engine is planned to be removed from a future JDK release
Warning: Nashorn engine is planned to be removed from a future JDK release
Warning: Nashorn engine is planned to be removed from a future JDK release
Warning: Nashorn engine is planned to be removed from a future JDK release
Warning: Nashorn engine is planned to be removed from a future JDK release
Warning: Nashorn engine is planned to be removed from a future JDK release
Warning: Nashorn engine is planned to be removed from a future JDK release
Warning: Nashorn engine is planned to be removed from a future JDK release
Warning: Nashorn engine is planned to be removed from a future JDK release
Warning: Nashorn engine is planned to be removed from a future JDK release
Warning: Nashorn engine is planned to be removed from a future JDK release
Warning: Nashorn engine is planned to be removed from a future JDK release
Warning: Nashorn engine is planned to be removed from a future JDK release
Warning: Nashorn engine is planned to be removed from a future JDK release
Warning: Nashorn engine is planned to be removed from a future JDK release
Warning: Nashorn engine is planned to be removed from a future JDK release
Warning: Nashorn engine is planned to be removed from a future JDK release
Warning: Nashorn engine is planned to be removed from a future JDK release
Warning: Nashorn engine is planned to be removed from a future JDK release
Warning: Nashorn engine is planned to be removed from a future JDK release
Warning: Nashorn engine is planned to be removed from a future JDK release
Warning: Nashorn engine is planned to be removed from a future JDK release
Warning: Nashorn engine is planned to be removed from a future JDK release
Warning: Nashorn engine is planned to be removed from a future JDK release
Warning: Nashorn engine is planned to be removed from a future JDK release
Warning: Nashorn engine is planned to be removed from a future JDK release
Warning: Nashorn engine is planned to be removed from a future JDK release
Warning: Nashorn engine is planned to be removed from a future JDK release
Warning: Nashorn engine is planned to be removed from a future JDK release
Warning: Nashorn engine is planned to be removed from a future JDK release
Warning: Nashorn engine is planned to be removed from a future JDK release
Warning: Nashorn engine is planned to be removed from a future JDK release
Warning: Nashorn engine is planned to be removed from a future JDK release
Warning: Nashorn engine is planned to be removed from a future JDK release
Warning: Nashorn engine is planned to be removed from a future JDK release
Warning: Nashorn engine is planned to be removed from a future JDK release
Warning: Nashorn engine is planned to be removed from a future JDK release
Warning: Nashorn engine is planned to be removed from a future JDK release
Warning: Nashorn engine is planned to be removed from a future JDK release
Warning: Nashorn engine is planned to be removed from a future JDK release
Warning: Nashorn engine is planned to be removed from a future JDK release
Warning: Nashorn engine is planned to be removed from a future JDK release
Warning: Nashorn engine is planned to be removed from a future JDK release
Warning: Nashorn engine is planned to be removed from a future JDK release
Warning: Nashorn engine is planned to be removed from a future JDK release
Warning: Nashorn engine is planned to be removed from a future JDK release
Warning: Nashorn engine is planned to be removed from a future JDK release
Warning: Nashorn engine is planned to be removed from a future JDK release
Warning: Nashorn engine is planned to be removed from a future JDK release
Warning: Nashorn engine is planned to be removed from a future JDK release
Warning: Nashorn engine is planned to be removed from a future JDK release
Warning: Nashorn engine is planned to be removed from a future JDK release
Warning: Nashorn engine is planned to be removed from a future JDK release
Warning: Nashorn engine is planned to be removed from a future JDK release
Warning: Nashorn engine is planned to be removed from a future JDK release
Warning: Nashorn engine is planned to be removed from a future JDK release
Warning: Nashorn engine is planned to be removed from a future JDK release
Warning: Nashorn engine is planned to be removed from a future JDK release
Warning: Nashorn engine is planned to be removed from a future JDK release
Warning: Nashorn engine is planned to be removed from a future JDK release
Warning: Nashorn engine is planned to be removed from a future JDK release
Warning: Nashorn engine is planned to be removed from a future JDK release
Warning: Nashorn engine is planned to be removed from a future JDK release
Warning: Nashorn engine is planned to be removed from a future JDK release
Warning: Nashorn engine is planned to be removed from a future JDK release
Warning: Nashorn engine is planned to be removed from a future JDK release
Warning: Nashorn engine is planned to be removed from a future JDK release
Warning: Nashorn engine is planned to be removed from a future JDK release
Warning: Nashorn engine is planned to be removed from a future JDK release
Warning: Nashorn engine is planned to be removed from a future JDK release
Warning: Nashorn engine is planned to be removed from a future JDK release
Warning: Nashorn engine is planned to be removed from a future JDK release
Warning: Nashorn engine is planned to be removed from a future JDK release
Warning: Nashorn engine is planned to be removed from a future JDK release
Warning: Nashorn engine is planned to be removed from a future JDK release
Warning: Nashorn engine is planned to be removed from a future JDK release
Warning: Nashorn engine is planned to be removed from a future JDK release
Warning: Nashorn engine is planned to be removed from a future JDK release
Warning: Nashorn engine is planned to be removed from a future JDK release
Warning: Nashorn engine is planned to be removed from a future JDK release
Warning: Nashorn engine is planned to be removed from a future JDK release
Warning: Nashorn engine is planned to be removed from a future JDK release
Warning: Nashorn engine is planned to be removed from a future JDK release
Warning: Nashorn engine is planned to be removed from a future JDK release
Warning: Nashorn engine is planned to be removed from a future JDK release
Warning: Nashorn engine is planned to be removed from a future JDK release
Warning: Nashorn engine is planned to be removed from a future JDK release
Warning: Nashorn engine is planned to be removed from a future JDK release
Warning: Nashorn engine is planned to be removed from a future JDK release
Warning: Nashorn engine is planned to be removed from a future JDK release
Warning: Nashorn engine is planned to be removed from a future JDK release
Warning: Nashorn engine is planned to be removed from a future JDK release
Warning: Nashorn engine is planned to be removed from a future JDK release
Warning: Nashorn engine is planned to be removed from a future JDK release
Warning: Nashorn engine is planned to be removed from a future JDK release
Warning: Nashorn engine is planned to be removed from a future JDK release
Warning: Nashorn engine is planned to be removed from a future JDK release
Warning: Nashorn engine is planned to be removed from a future JDK release
Warning: Nashorn engine is planned to be removed from a future JDK release
Warning: Nashorn engine is planned to be removed from a future JDK release
Warning: Nashorn engine is planned to be removed from a future JDK release
Warning: Nashorn engine is planned to be removed from a future JDK release
Warning: Nashorn engine is planned to be removed from a future JDK release
Warning: Nashorn engine is planned to be removed from a future JDK release
Warning: Nashorn engine is planned to be removed from a future JDK release
Warning: Nashorn engine is planned to be removed from a future JDK release
Warning: Nashorn engine is planned to be removed from a future JDK release
Warning: Nashorn engine is planned to be removed from a future JDK release
Warning: Nashorn engine is planned to be removed from a future JDK release
Warning: Nashorn engine is planned to be removed from a future JDK release
Warning: Nashorn engine is planned to be removed from a future JDK release
Warning: Nashorn engine is planned to be removed from a future JDK release
Warning: Nashorn engine is planned to be removed from a future JDK release
Warning: Nashorn engine is planned to be removed from a future JDK release
Warning: Nashorn engine is planned to be removed from a future JDK release
Warning: Nashorn engine is planned to be removed from a future JDK release
Warning: Nashorn engine is planned to be removed from a future JDK release
Warning: Nashorn engine is planned to be removed from a future JDK release
Warning: Nashorn engine is planned to be removed from a future JDK release
Warning: Nashorn engine is planned to be removed from a future JDK release
Warning: Nashorn engine is planned to be removed from a future JDK release
Warning: Nashorn engine is planned to be removed from a future JDK release
Warning: Nashorn engine is planned to be removed from a future JDK release
Warning: Nashorn engine is planned to be removed from a future JDK release
Warning: Nashorn engine is planned to be removed from a future JDK release
Warning: Nashorn engine is planned to be removed from a future JDK release
Warning: Nashorn engine is planned to be removed from a future JDK release
Warning: Nashorn engine is planned to be removed from a future JDK release
Warning: Nashorn engine is planned to be removed from a future JDK release
Warning: Nashorn engine is planned to be removed from a future JDK release
Warning: Nashorn engine is planned to be removed from a future JDK release
Warning: Nashorn engine is planned to be removed from a future JDK release
Warning: Nashorn engine is planned to be removed from a future JDK release
Warning: Nashorn engine is planned to be removed from a future JDK release
Warning: Nashorn engine is planned to be removed from a future JDK release
Warning: Nashorn engine is planned to be removed from a future JDK release
Warning: Nashorn engine is planned to be removed from a future JDK release
Warning: Nashorn engine is planned to be removed from a future JDK release
Warning: Nashorn engine is planned to be removed from a future JDK release
Warning: Nashorn engine is planned to be removed from a future JDK release
Warning: Nashorn engine is planned to be removed from a future JDK release
Warning: Nashorn engine is planned to be removed from a future JDK release
Warning: Nashorn engine is planned to be removed from a future JDK release
Warning: Nashorn engine is planned to be removed from a future JDK release
Warning: Nashorn engine is planned to be removed from a future JDK release
Warning: Nashorn engine is planned to be removed from a future JDK release
Warning: Nashorn engine is planned to be removed from a future JDK release
Warning: Nashorn engine is planned to be removed from a future JDK release
Warning: Nashorn engine is planned to be removed from a future JDK release
Warning: Nashorn engine is planned to be removed from a future JDK release
Warning: Nashorn engine is planned to be removed from a future JDK release
Warning: Nashorn engine is planned to be removed from a future JDK release
Warning: Nashorn engine is planned to be removed from a future JDK release
Warning: Nashorn engine is planned to be removed from a future JDK release
Warning: Nashorn engine is planned to be removed from a future JDK release
Warning: Nashorn engine is planned to be removed from a future JDK release
Warning: Nashorn engine is planned to be removed from a future JDK release
Warning: Nashorn engine is planned to be removed from a future JDK release
Warning: Nashorn engine is planned to be removed from a future JDK release
Warning: Nashorn engine is planned to be removed from a future JDK release
Warning: Nashorn engine is planned to be removed from a future JDK release
Warning: Nashorn engine is planned to be removed from a future JDK release
Warning: Nashorn engine is planned to be removed from a future JDK release
Warning: Nashorn engine is planned to be removed from a future JDK release
Warning: Nashorn engine is planned to be removed from a future JDK release
Warning: Nashorn engine is planned to be removed from a future JDK release
Warning: Nashorn engine is planned to be removed from a future JDK release
Warning: Nashorn engine is planned to be removed from a future JDK release
Warning: Nashorn engine is planned to be removed from a future JDK release
Warning: Nashorn engine is planned to be removed from a future JDK release
Warning: Nashorn engine is planned to be removed from a future JDK release
Warning: Nashorn engine is planned to be removed from a future JDK release
Warning: Nashorn engine is planned to be removed from a future JDK release
Warning: Nashorn engine is planned to be removed from a future JDK release
Warning: Nashorn engine is planned to be removed from a future JDK release
Warning: Nashorn engine is planned to be removed from a future JDK release
Warning: Nashorn engine is planned to be removed from a future JDK release
Warning: Nashorn engine is planned to be removed from a future JDK release
Warning: Nashorn engine is planned to be removed from a future JDK release
Warning: Nashorn engine is planned to be removed from a future JDK release
Warning: Nashorn engine is planned to be removed from a future JDK release
Warning: Nashorn engine is planned to be removed from a future JDK release
Warning: Nashorn engine is planned to be removed from a future JDK release
Warning: Nashorn engine is planned to be removed from a future JDK release
Warning: Nashorn engine is planned to be removed from a future JDK release
Warning: Nashorn engine is planned to be removed from a future JDK release
Warning: Nashorn engine is planned to be removed from a future JDK release
Warning: Nashorn engine is planned to be removed from a future JDK release
Warning: Nashorn engine is planned to be removed from a future JDK release
Warning: Nashorn engine is planned to be removed from a future JDK release
Warning: Nashorn engine is planned to be removed from a future JDK release
Warning: Nashorn engine is planned to be removed from a future JDK release
Warning: Nashorn engine is planned to be removed from a future JDK release
Warning: Nashorn engine is planned to be removed from a future JDK release
Warning: Nashorn engine is planned to be removed from a future JDK release
Warning: Nashorn engine is planned to be removed from a future JDK release
Warning: Nashorn engine is planned to be removed from a future JDK release
Warning: Nashorn engine is planned to be removed from a future JDK release
Warning: Nashorn engine is planned to be removed from a future JDK release
Warning: Nashorn engine is planned to be removed from a future JDK release
Warning: Nashorn engine is planned to be removed from a future JDK release
Warning: Nashorn engine is planned to be removed from a future JDK release
Warning: Nashorn engine is planned to be removed from a future JDK release
Warning: Nashorn engine is planned to be removed from a future JDK release
Warning: Nashorn engine is planned to be removed from a future JDK release
Warning: Nashorn engine is planned to be removed from a future JDK release
Warning: Nashorn engine is planned to be removed from a future JDK release
Warning: Nashorn engine is planned to be removed from a future JDK release
Warning: Nashorn engine is planned to be removed from a future JDK release
Warning: Nashorn engine is planned to be removed from a future JDK release
Warning: Nashorn engine is planned to be removed from a future JDK release
Warning: Nashorn engine is planned to be removed from a future JDK release
Warning: Nashorn engine is planned to be removed from a future JDK release
Warning: Nashorn engine is planned to be removed from a future JDK release
Warning: Nashorn engine is planned to be removed from a future JDK release
Warning: Nashorn engine is planned to be removed from a future JDK release
Warning: Nashorn engine is planned to be removed from a future JDK release
Warning: Nashorn engine is planned to be removed from a future JDK release
Warning: Nashorn engine is planned to be removed from a future JDK release
Warning: Nashorn engine is planned to be removed from a future JDK release
Warning: Nashorn engine is planned to be removed from a future JDK release
Warning: Nashorn engine is planned to be removed from a future JDK release
Warning: Nashorn engine is planned to be removed from a future JDK release
Warning: Nashorn engine is planned to be removed from a future JDK release
Warning: Nashorn engine is planned to be removed from a future JDK release
Warning: Nashorn engine is planned to be removed from a future JDK release
Warning: Nashorn engine is planned to be removed from a future JDK release
Warning: Nashorn engine is planned to be removed from a future JDK release
Warning: Nashorn engine is planned to be removed from a future JDK release
Warning: Nashorn engine is planned to be removed from a future JDK release
Warning: Nashorn engine is planned to be removed from a future JDK release
Warning: Nashorn engine is planned to be removed from a future JDK release
Warning: Nashorn engine is planned to be removed from a future JDK release
Warning: Nashorn engine is planned to be removed from a future JDK release
Warning: Nashorn engine is planned to be removed from a future JDK release
Warning: Nashorn engine is planned to be removed from a future JDK release
Warning: Nashorn engine is planned to be removed from a future JDK release
Warning: Nashorn engine is planned to be removed from a future JDK release
Warning: Nashorn engine is planned to be removed from a future JDK release
Warning: Nashorn engine is planned to be removed from a future JDK release
Warning: Nashorn engine is planned to be removed from a future JDK release
Warning: Nashorn engine is planned to be removed from a future JDK release
Warning: Nashorn engine is planned to be removed from a future JDK release
Warning: Nashorn engine is planned to be removed from a future JDK release
Warning: Nashorn engine is planned to be removed from a future JDK release
Warning: Nashorn engine is planned to be removed from a future JDK release
Warning: Nashorn engine is planned to be removed from a future JDK release
Warning: Nashorn engine is planned to be removed from a future JDK release
Warning: Nashorn engine is planned to be removed from a future JDK release
Warning: Nashorn engine is planned to be removed from a future JDK release
Warning: Nashorn engine is planned to be removed from a future JDK release
Warning: Nashorn engine is planned to be removed from a future JDK release
Warning: Nashorn engine is planned to be removed from a future JDK release
Warning: Nashorn engine is planned to be removed from a future JDK release
Warning: Nashorn engine is planned to be removed from a future JDK release
Warning: Nashorn engine is planned to be removed from a future JDK release
Warning: Nashorn engine is planned to be removed from a future JDK release
Warning: Nashorn engine is planned to be removed from a future JDK release
Warning: Nashorn engine is planned to be removed from a future JDK release
Warning: Nashorn engine is planned to be removed from a future JDK release
Warning: Nashorn engine is planned to be removed from a future JDK release
Warning: Nashorn engine is planned to be removed from a future JDK release
Warning: Nashorn engine is planned to be removed from a future JDK release
Warning: Nashorn engine is planned to be removed from a future JDK release
Warning: Nashorn engine is planned to be removed from a future JDK release
Warning: Nashorn engine is planned to be removed from a future JDK release
Warning: Nashorn engine is planned to be removed from a future JDK release
Warning: Nashorn engine is planned to be removed from a future JDK release
Warning: Nashorn engine is planned to be removed from a future JDK release
Warning: Nashorn engine is planned to be removed from a future JDK release
Warning: Nashorn engine is planned to be removed from a future JDK release
Warning: Nashorn engine is planned to be removed from a future JDK release
Warning: Nashorn engine is planned to be removed from a future JDK release
Warning: Nashorn engine is planned to be removed from a future JDK release
Warning: Nashorn engine is planned to be removed from a future JDK release
Warning: Nashorn engine is planned to be removed from a future JDK release
Warning: Nashorn engine is planned to be removed from a future JDK release
Warning: Nashorn engine is planned to be removed from a future JDK release
Warning: Nashorn engine is planned to be removed from a future JDK release
Warning: Nashorn engine is planned to be removed from a future JDK release
Warning: Nashorn engine is planned to be removed from a future JDK release
Warning: Nashorn engine is planned to be removed from a future JDK release
Warning: Nashorn engine is planned to be removed from a future JDK release
Warning: Nashorn engine is planned to be removed from a future JDK release
Warning: Nashorn engine is planned to be removed from a future JDK release
Warning: Nashorn engine is planned to be removed from a future JDK release
Warning: Nashorn engine is planned to be removed from a future JDK release
Warning: Nashorn engine is planned to be removed from a future JDK release
Warning: Nashorn engine is planned to be removed from a future JDK release
Warning: Nashorn engine is planned to be removed from a future JDK release
Warning: Nashorn engine is planned to be removed from a future JDK release
Warning: Nashorn engine is planned to be removed from a future JDK release
Warning: Nashorn engine is planned to be removed from a future JDK release
Warning: Nashorn engine is planned to be removed from a future JDK release
Warning: Nashorn engine is planned to be removed from a future JDK release
Warning: Nashorn engine is planned to be removed from a future JDK release
Warning: Nashorn engine is planned to be removed from a future JDK release
Warning: Nashorn engine is planned to be removed from a future JDK release
Warning: Nashorn engine is planned to be removed from a future JDK release
Warning: Nashorn engine is planned to be removed from a future JDK release
Warning: Nashorn engine is planned to be removed from a future JDK release
Warning: Nashorn engine is planned to be removed from a future JDK release
Warning: Nashorn engine is planned to be removed from a future JDK release
Warning: Nashorn engine is planned to be removed from a future JDK release
Warning: Nashorn engine is planned to be removed from a future JDK release
Warning: Nashorn engine is planned to be removed from a future JDK release
Warning: Nashorn engine is planned to be removed from a future JDK release
Warning: Nashorn engine is planned to be removed from a future JDK release
Warning: Nashorn engine is planned to be removed from a future JDK release
Warning: Nashorn engine is planned to be removed from a future JDK release
Warning: Nashorn engine is planned to be removed from a future JDK release
Warning: Nashorn engine is planned to be removed from a future JDK release
Warning: Nashorn engine is planned to be removed from a future JDK release
Warning: Nashorn engine is planned to be removed from a future JDK release
Warning: Nashorn engine is planned to be removed from a future JDK release
Warning: Nashorn engine is planned to be removed from a future JDK release
Warning: Nashorn engine is planned to be removed from a future JDK release
Warning: Nashorn engine is planned to be removed from a future JDK release
Warning: Nashorn engine is planned to be removed from a future JDK release
Warning: Nashorn engine is planned to be removed from a future JDK release
Warning: Nashorn engine is planned to be removed from a future JDK release
Warning: Nashorn engine is planned to be removed from a future JDK release
Warning: Nashorn engine is planned to be removed from a future JDK release
Warning: Nashorn engine is planned to be removed from a future JDK release
Warning: Nashorn engine is planned to be removed from a future JDK release
Warning: Nashorn engine is planned to be removed from a future JDK release
Warning: Nashorn engine is planned to be removed from a future JDK release
Warning: Nashorn engine is planned to be removed from a future JDK release
Warning: Nashorn engine is planned to be removed from a future JDK release
Warning: Nashorn engine is planned to be removed from a future JDK release
Warning: Nashorn engine is planned to be removed from a future JDK release
Warning: Nashorn engine is planned to be removed from a future JDK release
Warning: Nashorn engine is planned to be removed from a future JDK release
Warning: Nashorn engine is planned to be removed from a future JDK release
Warning: Nashorn engine is planned to be removed from a future JDK release
Warning: Nashorn engine is planned to be removed from a future JDK release
Warning: Nashorn engine is planned to be removed from a future JDK release
Warning: Nashorn engine is planned to be removed from a future JDK release
Warning: Nashorn engine is planned to be removed from a future JDK release
Warning: Nashorn engine is planned to be removed from a future JDK release
Warning: Nashorn engine is planned to be removed from a future JDK release
Warning: Nashorn engine is planned to be removed from a future JDK release
Warning: Nashorn engine is planned to be removed from a future JDK release
Warning: Nashorn engine is planned to be removed from a future JDK release
Warning: Nashorn engine is planned to be removed from a future JDK release
Warning: Nashorn engine is planned to be removed from a future JDK release
Warning: Nashorn engine is planned to be removed from a future JDK release
Warning: Nashorn engine is planned to be removed from a future JDK release
Warning: Nashorn engine is planned to be removed from a future JDK release
Warning: Nashorn engine is planned to be removed from a future JDK release
Warning: Nashorn engine is planned to be removed from a future JDK release
Warning: Nashorn engine is planned to be removed from a future JDK release
Warning: Nashorn engine is planned to be removed from a future JDK release
Warning: Nashorn engine is planned to be removed from a future JDK release
Warning: Nashorn engine is planned to be removed from a future JDK release
Warning: Nashorn engine is planned to be removed from a future JDK release
Warning: Nashorn engine is planned to be removed from a future JDK release
Warning: Nashorn engine is planned to be removed from a future JDK release
Warning: Nashorn engine is planned to be removed from a future JDK release
Warning: Nashorn engine is planned to be removed from a future JDK release
Warning: Nashorn engine is planned to be removed from a future JDK release
Warning: Nashorn engine is planned to be removed from a future JDK release
Warning: Nashorn engine is planned to be removed from a future JDK release
Warning: Nashorn engine is planned to be removed from a future JDK release
Warning: Nashorn engine is planned to be removed from a future JDK release
Warning: Nashorn engine is planned to be removed from a future JDK release
Warning: Nashorn engine is planned to be removed from a future JDK release
Warning: Nashorn engine is planned to be removed from a future JDK release
Warning: Nashorn engine is planned to be removed from a future JDK release
Warning: Nashorn engine is planned to be removed from a future JDK release
Warning: Nashorn engine is planned to be removed from a future JDK release
Warning: Nashorn engine is planned to be removed from a future JDK release
Warning: Nashorn engine is planned to be removed from a future JDK release
Warning: Nashorn engine is planned to be removed from a future JDK release
Warning: Nashorn engine is planned to be removed from a future JDK release
Warning: Nashorn engine is planned to be removed from a future JDK release
Warning: Nashorn engine is planned to be removed from a future JDK release
Warning: Nashorn engine is planned to be removed from a future JDK release
Warning: Nashorn engine is planned to be removed from a future JDK release
Warning: Nashorn engine is planned to be removed from a future JDK release
Warning: Nashorn engine is planned to be removed from a future JDK release
Warning: Nashorn engine is planned to be removed from a future JDK release
Warning: Nashorn engine is planned to be removed from a future JDK release
Warning: Nashorn engine is planned to be removed from a future JDK release
Warning: Nashorn engine is planned to be removed from a future JDK release
Warning: Nashorn engine is planned to be removed from a future JDK release
Warning: Nashorn engine is planned to be removed from a future JDK release
Warning: Nashorn engine is planned to be removed from a future JDK release
Warning: Nashorn engine is planned to be removed from a future JDK release
Warning: Nashorn engine is planned to be removed from a future JDK release
Warning: Nashorn engine is planned to be removed from a future JDK release
Warning: Nashorn engine is planned to be removed from a future JDK release
Warning: Nashorn engine is planned to be removed from a future JDK release
Warning: Nashorn engine is planned to be removed from a future JDK release
Warning: Nashorn engine is planned to be removed from a future JDK release
Warning: Nashorn engine is planned to be removed from a future JDK release
Warning: Nashorn engine is planned to be removed from a future JDK release
Warning: Nashorn engine is planned to be removed from a future JDK release
Warning: Nashorn engine is planned to be removed from a future JDK release
Warning: Nashorn engine is planned to be removed from a future JDK release
Warning: Nashorn engine is planned to be removed from a future JDK release
Warning: Nashorn engine is planned to be removed from a future JDK release
Warning: Nashorn engine is planned to be removed from a future JDK release
Warning: Nashorn engine is planned to be removed from a future JDK release
Warning: Nashorn engine is planned to be removed from a future JDK release
Warning: Nashorn engine is planned to be removed from a future JDK release
Warning: Nashorn engine is planned to be removed from a future JDK release
Warning: Nashorn engine is planned to be removed from a future JDK release
Warning: Nashorn engine is planned to be removed from a future JDK release
Warning: Nashorn engine is planned to be removed from a future JDK release
Warning: Nashorn engine is planned to be removed from a future JDK release
Warning: Nashorn engine is planned to be removed from a future JDK release
Warning: Nashorn engine is planned to be removed from a future JDK release
Warning: Nashorn engine is planned to be removed from a future JDK release
Warning: Nashorn engine is planned to be removed from a future JDK release
Warning: Nashorn engine is planned to be removed from a future JDK release
Warning: Nashorn engine is planned to be removed from a future JDK release
Warning: Nashorn engine is planned to be removed from a future JDK release
Warning: Nashorn engine is planned to be removed from a future JDK release
Warning: Nashorn engine is planned to be removed from a future JDK release
Warning: Nashorn engine is planned to be removed from a future JDK release
Warning: Nashorn engine is planned to be removed from a future JDK release
Warning: Nashorn engine is planned to be removed from a future JDK release
Warning: Nashorn engine is planned to be removed from a future JDK release
Warning: Nashorn engine is planned to be removed from a future JDK release
Warning: Nashorn engine is planned to be removed from a future JDK release
Warning: Nashorn engine is planned to be removed from a future JDK release
Warning: Nashorn engine is planned to be removed from a future JDK release
Warning: Nashorn engine is planned to be removed from a future JDK release
Warning: Nashorn engine is planned to be removed from a future JDK release
Warning: Nashorn engine is planned to be removed from a future JDK release
Warning: Nashorn engine is planned to be removed from a future JDK release
Warning: Nashorn engine is planned to be removed from a future JDK release
Warning: Nashorn engine is planned to be removed from a future JDK release
Warning: Nashorn engine is planned to be removed from a future JDK release
Warning: Nashorn engine is planned to be removed from a future JDK release
Warning: Nashorn engine is planned to be removed from a future JDK release
Warning: Nashorn engine is planned to be removed from a future JDK release
Warning: Nashorn engine is planned to be removed from a future JDK release
Warning: Nashorn engine is planned to be removed from a future JDK release
Warning: Nashorn engine is planned to be removed from a future JDK release
Warning: Nashorn engine is planned to be removed from a future JDK release
Warning: Nashorn engine is planned to be removed from a future JDK release
Warning: Nashorn engine is planned to be removed from a future JDK release
Warning: Nashorn engine is planned to be removed from a future JDK release
Warning: Nashorn engine is planned to be removed from a future JDK release
Warning: Nashorn engine is planned to be removed from a future JDK release
Warning: Nashorn engine is planned to be removed from a future JDK release
Warning: Nashorn engine is planned to be removed from a future JDK release
Warning: Nashorn engine is planned to be removed from a future JDK release
Warning: Nashorn engine is planned to be removed from a future JDK release
Warning: Nashorn engine is planned to be removed from a future JDK release
Warning: Nashorn engine is planned to be removed from a future JDK release
Warning: Nashorn engine is planned to be removed from a future JDK release
Warning: Nashorn engine is planned to be removed from a future JDK release
Warning: Nashorn engine is planned to be removed from a future JDK release
Warning: Nashorn engine is planned to be removed from a future JDK release
Warning: Nashorn engine is planned to be removed from a future JDK release
Warning: Nashorn engine is planned to be removed from a future JDK release
Warning: Nashorn engine is planned to be removed from a future JDK release
Warning: Nashorn engine is planned to be removed from a future JDK release
Warning: Nashorn engine is planned to be removed from a future JDK release
Warning: Nashorn engine is planned to be removed from a future JDK release
Warning: Nashorn engine is planned to be removed from a future JDK release
Warning: Nashorn engine is planned to be removed from a future JDK release
Warning: Nashorn engine is planned to be removed from a future JDK release
Warning: Nashorn engine is planned to be removed from a future JDK release
Warning: Nashorn engine is planned to be removed from a future JDK release
Warning: Nashorn engine is planned to be removed from a future JDK release
Warning: Nashorn engine is planned to be removed from a future JDK release
Warning: Nashorn engine is planned to be removed from a future JDK release
Warning: Nashorn engine is planned to be removed from a future JDK release
Warning: Nashorn engine is planned to be removed from a future JDK release
Warning: Nashorn engine is planned to be removed from a future JDK release
Warning: Nashorn engine is planned to be removed from a future JDK release
Warning: Nashorn engine is planned to be removed from a future JDK release
Warning: Nashorn engine is planned to be removed from a future JDK release
Warning: Nashorn engine is planned to be removed from a future JDK release
Warning: Nashorn engine is planned to be removed from a future JDK release
Warning: Nashorn engine is planned to be removed from a future JDK release
Warning: Nashorn engine is planned to be removed from a future JDK release
Warning: Nashorn engine is planned to be removed from a future JDK release
Warning: Nashorn engine is planned to be removed from a future JDK release
Warning: Nashorn engine is planned to be removed from a future JDK release
Warning: Nashorn engine is planned to be removed from a future JDK release
Warning: Nashorn engine is planned to be removed from a future JDK release
Warning: Nashorn engine is planned to be removed from a future JDK release
Warning: Nashorn engine is planned to be removed from a future JDK release
Warning: Nashorn engine is planned to be removed from a future JDK release
Warning: Nashorn engine is planned to be removed from a future JDK release
Warning: Nashorn engine is planned to be removed from a future JDK release
Warning: Nashorn engine is planned to be removed from a future JDK release
Warning: Nashorn engine is planned to be removed from a future JDK release
Warning: Nashorn engine is planned to be removed from a future JDK release
Warning: Nashorn engine is planned to be removed from a future JDK release
Warning: Nashorn engine is planned to be removed from a future JDK release
Warning: Nashorn engine is planned to be removed from a future JDK release
Warning: Nashorn engine is planned to be removed from a future JDK release
Warning: Nashorn engine is planned to be removed from a future JDK release
Warning: Nashorn engine is planned to be removed from a future JDK release
Warning: Nashorn engine is planned to be removed from a future JDK release
Warning: Nashorn engine is planned to be removed from a future JDK release
Warning: Nashorn engine is planned to be removed from a future JDK release
Warning: Nashorn engine is planned to be removed from a future JDK release
Warning: Nashorn engine is planned to be removed from a future JDK release
Warning: Nashorn engine is planned to be removed from a future JDK release
Warning: Nashorn engine is planned to be removed from a future JDK release
Warning: Nashorn engine is planned to be removed from a future JDK release
Warning: Nashorn engine is planned to be removed from a future JDK release
Warning: Nashorn engine is planned to be removed from a future JDK release
Warning: Nashorn engine is planned to be removed from a future JDK release
Warning: Nashorn engine is planned to be removed from a future JDK release
Warning: Nashorn engine is planned to be removed from a future JDK release
Warning: Nashorn engine is planned to be removed from a future JDK release
Warning: Nashorn engine is planned to be removed from a future JDK release
Warning: Nashorn engine is planned to be removed from a future JDK release
Warning: Nashorn engine is planned to be removed from a future JDK release
Warning: Nashorn engine is planned to be removed from a future JDK release
Warning: Nashorn engine is planned to be removed from a future JDK release
Warning: Nashorn engine is planned to be removed from a future JDK release
Warning: Nashorn engine is planned to be removed from a future JDK release
Warning: Nashorn engine is planned to be removed from a future JDK release
Warning: Nashorn engine is planned to be removed from a future JDK release
Warning: Nashorn engine is planned to be removed from a future JDK release
Warning: Nashorn engine is planned to be removed from a future JDK release
Warning: Nashorn engine is planned to be removed from a future JDK release
Warning: Nashorn engine is planned to be removed from a future JDK release
Warning: Nashorn engine is planned to be removed from a future JDK release
Warning: Nashorn engine is planned to be removed from a future JDK release
Warning: Nashorn engine is planned to be removed from a future JDK release
Warning: Nashorn engine is planned to be removed from a future JDK release
Warning: Nashorn engine is planned to be removed from a future JDK release
Warning: Nashorn engine is planned to be removed from a future JDK release
Warning: Nashorn engine is planned to be removed from a future JDK release
Warning: Nashorn engine is planned to be removed from a future JDK release
Warning: Nashorn engine is planned to be removed from a future JDK release
Warning: Nashorn engine is planned to be removed from a future JDK release
Warning: Nashorn engine is planned to be removed from a future JDK release
Warning: Nashorn engine is planned to be removed from a future JDK release
Warning: Nashorn engine is planned to be removed from a future JDK release
Warning: Nashorn engine is planned to be removed from a future JDK release
Warning: Nashorn engine is planned to be removed from a future JDK release
Warning: Nashorn engine is planned to be removed from a future JDK release
Warning: Nashorn engine is planned to be removed from a future JDK release
Warning: Nashorn engine is planned to be removed from a future JDK release
Warning: Nashorn engine is planned to be removed from a future JDK release
Warning: Nashorn engine is planned to be removed from a future JDK release
Warning: Nashorn engine is planned to be removed from a future JDK release
Warning: Nashorn engine is planned to be removed from a future JDK release
Warning: Nashorn engine is planned to be removed from a future JDK release
Warning: Nashorn engine is planned to be removed from a future JDK release
Warning: Nashorn engine is planned to be removed from a future JDK release
Warning: Nashorn engine is planned to be removed from a future JDK release
Warning: Nashorn engine is planned to be removed from a future JDK release
Warning: Nashorn engine is planned to be removed from a future JDK release
Warning: Nashorn engine is planned to be removed from a future JDK release
Warning: Nashorn engine is planned to be removed from a future JDK release
Warning: Nashorn engine is planned to be removed from a future JDK release
Warning: Nashorn engine is planned to be removed from a future JDK release
Warning: Nashorn engine is planned to be removed from a future JDK release
Warning: Nashorn engine is planned to be removed from a future JDK release
Warning: Nashorn engine is planned to be removed from a future JDK release
Warning: Nashorn engine is planned to be removed from a future JDK release
Warning: Nashorn engine is planned to be removed from a future JDK release
Warning: Nashorn engine is planned to be removed from a future JDK release
Warning: Nashorn engine is planned to be removed from a future JDK release
Warning: Nashorn engine is planned to be removed from a future JDK release
Warning: Nashorn engine is planned to be removed from a future JDK release
Warning: Nashorn engine is planned to be removed from a future JDK release
Warning: Nashorn engine is planned to be removed from a future JDK release
Warning: Nashorn engine is planned to be removed from a future JDK release
Warning: Nashorn engine is planned to be removed from a future JDK release
Warning: Nashorn engine is planned to be removed from a future JDK release
Warning: Nashorn engine is planned to be removed from a future JDK release
Warning: Nashorn engine is planned to be removed from a future JDK release
Warning: Nashorn engine is planned to be removed from a future JDK release
Warning: Nashorn engine is planned to be removed from a future JDK release
Warning: Nashorn engine is planned to be removed from a future JDK release
Warning: Nashorn engine is planned to be removed from a future JDK release
Warning: Nashorn engine is planned to be removed from a future JDK release
Warning: Nashorn engine is planned to be removed from a future JDK release
Warning: Nashorn engine is planned to be removed from a future JDK release
Warning: Nashorn engine is planned to be removed from a future JDK release
Warning: Nashorn engine is planned to be removed from a future JDK release
Warning: Nashorn engine is planned to be removed from a future JDK release
Warning: Nashorn engine is planned to be removed from a future JDK release
Warning: Nashorn engine is planned to be removed from a future JDK release
Warning: Nashorn engine is planned to be removed from a future JDK release
Warning: Nashorn engine is planned to be removed from a future JDK release
Warning: Nashorn engine is planned to be removed from a future JDK release
Warning: Nashorn engine is planned to be removed from a future JDK release
Warning: Nashorn engine is planned to be removed from a future JDK release
Warning: Nashorn engine is planned to be removed from a future JDK release
Warning: Nashorn engine is planned to be removed from a future JDK release
Warning: Nashorn engine is planned to be removed from a future JDK release
Warning: Nashorn engine is planned to be removed from a future JDK release
Warning: Nashorn engine is planned to be removed from a future JDK release
Warning: Nashorn engine is planned to be removed from a future JDK release
Warning: Nashorn engine is planned to be removed from a future JDK release
Warning: Nashorn engine is planned to be removed from a future JDK release
Warning: Nashorn engine is planned to be removed from a future JDK release
Warning: Nashorn engine is planned to be removed from a future JDK release
Warning: Nashorn engine is planned to be removed from a future JDK release
Warning: Nashorn engine is planned to be removed from a future JDK release
Warning: Nashorn engine is planned to be removed from a future JDK release
Warning: Nashorn engine is planned to be removed from a future JDK release
Warning: Nashorn engine is planned to be removed from a future JDK release
Warning: Nashorn engine is planned to be removed from a future JDK release
Warning: Nashorn engine is planned to be removed from a future JDK release
Warning: Nashorn engine is planned to be removed from a future JDK release
Warning: Nashorn engine is planned to be removed from a future JDK release
Warning: Nashorn engine is planned to be removed from a future JDK release
Warning: Nashorn engine is planned to be removed from a future JDK release
Warning: Nashorn engine is planned to be removed from a future JDK release
Warning: Nashorn engine is planned to be removed from a future JDK release
Warning: Nashorn engine is planned to be removed from a future JDK release
Warning: Nashorn engine is planned to be removed from a future JDK release
Warning: Nashorn engine is planned to be removed from a future JDK release
Warning: Nashorn engine is planned to be removed from a future JDK release
Warning: Nashorn engine is planned to be removed from a future JDK release
Warning: Nashorn engine is planned to be removed from a future JDK release
Warning: Nashorn engine is planned to be removed from a future JDK release
Warning: Nashorn engine is planned to be removed from a future JDK release
Warning: Nashorn engine is planned to be removed from a future JDK release
Warning: Nashorn engine is planned to be removed from a future JDK release
Warning: Nashorn engine is planned to be removed from a future JDK release
Warning: Nashorn engine is planned to be removed from a future JDK release
Warning: Nashorn engine is planned to be removed from a future JDK release
Warning: Nashorn engine is planned to be removed from a future JDK release
Warning: Nashorn engine is planned to be removed from a future JDK release
Warning: Nashorn engine is planned to be removed from a future JDK release
Warning: Nashorn engine is planned to be removed from a future JDK release
Warning: Nashorn engine is planned to be removed from a future JDK release
Warning: Nashorn engine is planned to be removed from a future JDK release
Warning: Nashorn engine is planned to be removed from a future JDK release
Warning: Nashorn engine is planned to be removed from a future JDK release
Warning: Nashorn engine is planned to be removed from a future JDK release
Warning: Nashorn engine is planned to be removed from a future JDK release
Warning: Nashorn engine is planned to be removed from a future JDK release
Warning: Nashorn engine is planned to be removed from a future JDK release
Warning: Nashorn engine is planned to be removed from a future JDK release
Warning: Nashorn engine is planned to be removed from a future JDK release
Warning: Nashorn engine is planned to be removed from a future JDK release
Warning: Nashorn engine is planned to be removed from a future JDK release
Warning: Nashorn engine is planned to be removed from a future JDK release
Warning: Nashorn engine is planned to be removed from a future JDK release
Warning: Nashorn engine is planned to be removed from a future JDK release
Warning: Nashorn engine is planned to be removed from a future JDK release
Warning: Nashorn engine is planned to be removed from a future JDK release
Warning: Nashorn engine is planned to be removed from a future JDK release
Warning: Nashorn engine is planned to be removed from a future JDK release
Warning: Nashorn engine is planned to be removed from a future JDK release
Warning: Nashorn engine is planned to be removed from a future JDK release
Warning: Nashorn engine is planned to be removed from a future JDK release
Warning: Nashorn engine is planned to be removed from a future JDK release
Warning: Nashorn engine is planned to be removed from a future JDK release
Warning: Nashorn engine is planned to be removed from a future JDK release
Warning: Nashorn engine is planned to be removed from a future JDK release
Warning: Nashorn engine is planned to be removed from a future JDK release
Warning: Nashorn engine is planned to be removed from a future JDK release
Warning: Nashorn engine is planned to be removed from a future JDK release
Warning: Nashorn engine is planned to be removed from a future JDK release
Warning: Nashorn engine is planned to be removed from a future JDK release
Warning: Nashorn engine is planned to be removed from a future JDK release
Warning: Nashorn engine is planned to be removed from a future JDK release
Warning: Nashorn engine is planned to be removed from a future JDK release
Warning: Nashorn engine is planned to be removed from a future JDK release
Warning: Nashorn engine is planned to be removed from a future JDK release
Warning: Nashorn engine is planned to be removed from a future JDK release
Warning: Nashorn engine is planned to be removed from a future JDK release
Warning: Nashorn engine is planned to be removed from a future JDK release
Warning: Nashorn engine is planned to be removed from a future JDK release
Warning: Nashorn engine is planned to be removed from a future JDK release
Warning: Nashorn engine is planned to be removed from a future JDK release
Warning: Nashorn engine is planned to be removed from a future JDK release
Warning: Nashorn engine is planned to be removed from a future JDK release
Warning: Nashorn engine is planned to be removed from a future JDK release
Warning: Nashorn engine is planned to be removed from a future JDK release
Warning: Nashorn engine is planned to be removed from a future JDK release
Warning: Nashorn engine is planned to be removed from a future JDK release
Warning: Nashorn engine is planned to be removed from a future JDK release
Warning: Nashorn engine is planned to be removed from a future JDK release
Warning: Nashorn engine is planned to be removed from a future JDK release
Warning: Nashorn engine is planned to be removed from a future JDK release
Warning: Nashorn engine is planned to be removed from a future JDK release
Warning: Nashorn engine is planned to be removed from a future JDK release
Warning: Nashorn engine is planned to be removed from a future JDK release
Warning: Nashorn engine is planned to be removed from a future JDK release
Warning: Nashorn engine is planned to be removed from a future JDK release
Warning: Nashorn engine is planned to be removed from a future JDK release
Warning: Nashorn engine is planned to be removed from a future JDK release
Warning: Nashorn engine is planned to be removed from a future JDK release
Warning: Nashorn engine is planned to be removed from a future JDK release
Warning: Nashorn engine is planned to be removed from a future JDK release
Warning: Nashorn engine is planned to be removed from a future JDK release
Warning: Nashorn engine is planned to be removed from a future JDK release
Warning: Nashorn engine is planned to be removed from a future JDK release
Warning: Nashorn engine is planned to be removed from a future JDK release
Warning: Nashorn engine is planned to be removed from a future JDK release
Warning: Nashorn engine is planned to be removed from a future JDK release
Warning: Nashorn engine is planned to be removed from a future JDK release
Warning: Nashorn engine is planned to be removed from a future JDK release
Warning: Nashorn engine is planned to be removed from a future JDK release
Warning: Nashorn engine is planned to be removed from a future JDK release
Warning: Nashorn engine is planned to be removed from a future JDK release
Warning: Nashorn engine is planned to be removed from a future JDK release
Warning: Nashorn engine is planned to be removed from a future JDK release
Warning: Nashorn engine is planned to be removed from a future JDK release
Warning: Nashorn engine is planned to be removed from a future JDK release
Warning: Nashorn engine is planned to be removed from a future JDK release
Warning: Nashorn engine is planned to be removed from a future JDK release
Warning: Nashorn engine is planned to be removed from a future JDK release
Warning: Nashorn engine is planned to be removed from a future JDK release
Warning: Nashorn engine is planned to be removed from a future JDK release
Warning: Nashorn engine is planned to be removed from a future JDK release
Warning: Nashorn engine is planned to be removed from a future JDK release
Warning: Nashorn engine is planned to be removed from a future JDK release
Warning: Nashorn engine is planned to be removed from a future JDK release
Warning: Nashorn engine is planned to be removed from a future JDK release
Warning: Nashorn engine is planned to be removed from a future JDK release
Warning: Nashorn engine is planned to be removed from a future JDK release
Warning: Nashorn engine is planned to be removed from a future JDK release
Warning: Nashorn engine is planned to be removed from a future JDK release
Warning: Nashorn engine is planned to be removed from a future JDK release
Warning: Nashorn engine is planned to be removed from a future JDK release
Warning: Nashorn engine is planned to be removed from a future JDK release
Warning: Nashorn engine is planned to be removed from a future JDK release
Warning: Nashorn engine is planned to be removed from a future JDK release
Warning: Nashorn engine is planned to be removed from a future JDK release
Warning: Nashorn engine is planned to be removed from a future JDK release
Warning: Nashorn engine is planned to be removed from a future JDK release
Warning: Nashorn engine is planned to be removed from a future JDK release
Warning: Nashorn engine is planned to be removed from a future JDK release
Warning: Nashorn engine is planned to be removed from a future JDK release
Warning: Nashorn engine is planned to be removed from a future JDK release
Warning: Nashorn engine is planned to be removed from a future JDK release
Warning: Nashorn engine is planned to be removed from a future JDK release
Warning: Nashorn engine is planned to be removed from a future JDK release
Warning: Nashorn engine is planned to be removed from a future JDK release
Warning: Nashorn engine is planned to be removed from a future JDK release
Warning: Nashorn engine is planned to be removed from a future JDK release
Warning: Nashorn engine is planned to be removed from a future JDK release
Warning: Nashorn engine is planned to be removed from a future JDK release
Warning: Nashorn engine is planned to be removed from a future JDK release
Warning: Nashorn engine is planned to be removed from a future JDK release
Warning: Nashorn engine is planned to be removed from a future JDK release
Warning: Nashorn engine is planned to be removed from a future JDK release
Warning: Nashorn engine is planned to be removed from a future JDK release
Warning: Nashorn engine is planned to be removed from a future JDK release
Warning: Nashorn engine is planned to be removed from a future JDK release
Warning: Nashorn engine is planned to be removed from a future JDK release
Warning: Nashorn engine is planned to be removed from a future JDK release
Warning: Nashorn engine is planned to be removed from a future JDK release
Warning: Nashorn engine is planned to be removed from a future JDK release
Warning: Nashorn engine is planned to be removed from a future JDK release
Warning: Nashorn engine is planned to be removed from a future JDK release
Warning: Nashorn engine is planned to be removed from a future JDK release
Warning: Nashorn engine is planned to be removed from a future JDK release
Warning: Nashorn engine is planned to be removed from a future JDK release
Warning: Nashorn engine is planned to be removed from a future JDK release
Warning: Nashorn engine is planned to be removed from a future JDK release
Warning: Nashorn engine is planned to be removed from a future JDK release
Warning: Nashorn engine is planned to be removed from a future JDK release
Warning: Nashorn engine is planned to be removed from a future JDK release
Warning: Nashorn engine is planned to be removed from a future JDK release
Warning: Nashorn engine is planned to be removed from a future JDK release
Warning: Nashorn engine is planned to be removed from a future JDK release
Warning: Nashorn engine is planned to be removed from a future JDK release
Warning: Nashorn engine is planned to be removed from a future JDK release
Warning: Nashorn engine is planned to be removed from a future JDK release
Warning: Nashorn engine is planned to be removed from a future JDK release
Warning: Nashorn engine is planned to be removed from a future JDK release
Warning: Nashorn engine is planned to be removed from a future JDK release
Warning: Nashorn engine is planned to be removed from a future JDK release
Warning: Nashorn engine is planned to be removed from a future JDK release
Warning: Nashorn engine is planned to be removed from a future JDK release
Warning: Nashorn engine is planned to be removed from a future JDK release
Warning: Nashorn engine is planned to be removed from a future JDK release
Warning: Nashorn engine is planned to be removed from a future JDK release
Warning: Nashorn engine is planned to be removed from a future JDK release
Warning: Nashorn engine is planned to be removed from a future JDK release
Warning: Nashorn engine is planned to be removed from a future JDK release
Warning: Nashorn engine is planned to be removed from a future JDK release
Warning: Nashorn engine is planned to be removed from a future JDK release
Warning: Nashorn engine is planned to be removed from a future JDK release
Warning: Nashorn engine is planned to be removed from a future JDK release
Warning: Nashorn engine is planned to be removed from a future JDK release
Warning: Nashorn engine is planned to be removed from a future JDK release
Warning: Nashorn engine is planned to be removed from a future JDK release
Warning: Nashorn engine is planned to be removed from a future JDK release
Warning: Nashorn engine is planned to be removed from a future JDK release
Warning: Nashorn engine is planned to be removed from a future JDK release
Warning: Nashorn engine is planned to be removed from a future JDK release
Warning: Nashorn engine is planned to be removed from a future JDK release
Warning: Nashorn engine is planned to be removed from a future JDK release
Warning: Nashorn engine is planned to be removed from a future JDK release
Warning: Nashorn engine is planned to be removed from a future JDK release
Warning: Nashorn engine is planned to be removed from a future JDK release
Warning: Nashorn engine is planned to be removed from a future JDK release
Warning: Nashorn engine is planned to be removed from a future JDK release
Warning: Nashorn engine is planned to be removed from a future JDK release
Warning: Nashorn engine is planned to be removed from a future JDK release
Warning: Nashorn engine is planned to be removed from a future JDK release
Warning: Nashorn engine is planned to be removed from a future JDK release
Warning: Nashorn engine is planned to be removed from a future JDK release
Warning: Nashorn engine is planned to be removed from a future JDK release
Warning: Nashorn engine is planned to be removed from a future JDK release
Warning: Nashorn engine is planned to be removed from a future JDK release
Warning: Nashorn engine is planned to be removed from a future JDK release
Warning: Nashorn engine is planned to be removed from a future JDK release
Warning: Nashorn engine is planned to be removed from a future JDK release
Warning: Nashorn engine is planned to be removed from a future JDK release
Warning: Nashorn engine is planned to be removed from a future JDK release
Warning: Nashorn engine is planned to be removed from a future JDK release
Warning: Nashorn engine is planned to be removed from a future JDK release
Warning: Nashorn engine is planned to be removed from a future JDK release
Warning: Nashorn engine is planned to be removed from a future JDK release
Warning: Nashorn engine is planned to be removed from a future JDK release
Warning: Nashorn engine is planned to be removed from a future JDK release
Warning: Nashorn engine is planned to be removed from a future JDK release
Warning: Nashorn engine is planned to be removed from a future JDK release
Warning: Nashorn engine is planned to be removed from a future JDK release
Warning: Nashorn engine is planned to be removed from a future JDK release
Warning: Nashorn engine is planned to be removed from a future JDK release
Warning: Nashorn engine is planned to be removed from a future JDK release
Warning: Nashorn engine is planned to be removed from a future JDK release
Warning: Nashorn engine is planned to be removed from a future JDK release
Warning: Nashorn engine is planned to be removed from a future JDK release
Warning: Nashorn engine is planned to be removed from a future JDK release
Warning: Nashorn engine is planned to be removed from a future JDK release
Warning: Nashorn engine is planned to be removed from a future JDK release
Warning: Nashorn engine is planned to be removed from a future JDK release
Warning: Nashorn engine is planned to be removed from a future JDK release
Warning: Nashorn engine is planned to be removed from a future JDK release
Warning: Nashorn engine is planned to be removed from a future JDK release
Warning: Nashorn engine is planned to be removed from a future JDK release
Warning: Nashorn engine is planned to be removed from a future JDK release
]]></system-err>
</testsuite>
