<?xml version="1.0" encoding="UTF-8" ?>
<testsuite errors="0" failures="0" hostname="travis-job-b9093e88-0c7b-47a7-a0b3-1fb22e0242f0" name="ptolemy.actor.lib.test.junit.JUnitTclTest" skipped="0" tests="517" time="59.465" timestamp="2018-09-13T02:05:57">
  <properties>
    <property name="npm.executable" value="npm" />
    <property name="file.encoding.pkg" value="sun.io" />
    <property name="env.TRAVIS_ROOT" value="/" />
    <property name="ptII.mk.exists" value="true" />
    <property name="env.TRAVIS_APP_HOST" value="build.travis-ci.org" />
    <property name="env.rvm_bin_path" value="/home/travis/.rvm/bin" />
    <property name="java.home" value="/usr/lib/jvm/java-8-oracle/jre" />
    <property name="env.TRAVIS_JOB_NUMBER" value="729.8" />
    <property name="env.TRAVIS_HOME" value="/home/travis" />
    <property name="env.DISPLAY" value=":99.0" />
    <property name="java.net.preferIPv4Stack" value="true" />
    <property name="env.TRAVIS_INIT" value="upstart" />
    <property name="env.SSH_TTY" value="/dev/pts/0" />
    <property name="env.RUN_TESTS" value="false" />
    <property name="timeout.short" value="1000000" />
    <property name="env.TRAVIS_STACK_NODE_ATTRIBUTES" value="/.node-attributes.yml" />
    <property name="junit.formatter" value="xml" />
    <property name="java.endorsed.dirs" value="/usr/lib/jvm/java-8-oracle/jre/lib/endorsed" />
    <property name="env.TRAVIS_SUDO" value="true" />
    <property name="env.LOGNAME" value="travis" />
    <property name="env.PT_TRAVIS_TEST_CORE1_XML" value="true" />
    <property name="jsdoc.home" value="node_modules/@terraswarm/jsdoc" />
    <property name="debuglevel" value="source,lines,vars" />
    <property name="checkstyle.formatter" value="xml" />
    <property name="bin.vergil.makeable" value="true" />
    <property name="env._system_version" value="14.04" />
    <property name="sun.os.patch.level" value="unknown" />
    <property name="java.vendor.url" value="http://java.oracle.com/" />
    <property name="java.version" value="1.8.0_151" />
    <property name="env.TZ" value="UTC" />
    <property name="env.PT_NO_NET" value="true" />
    <property name="env.TRAVIS_PULL_REQUEST_SHA" value="" />
    <property name="env.TRAVIS_SECURE_ENV_VARS" value="true" />
    <property name="env._system_type" value="Linux" />
    <property name="java.vendor.url.bug" value="http://bugreport.sun.com/bugreport/" />
    <property name="env.SSH_CLIENT" value="10.10.4.32 36936 22" />
    <property name="npmjs-org-is-up" value="true" />
    <property name="env.GEM_HOME" value="/home/travis/.rvm/gems/ruby-2.4.1" />
    <property name="env.HAS_ANTARES_THREE_LITTLE_FRONZIES_BADGE" value="true" />
    <property name="env.PS4" value="+" />
    <property name="ant.project.invoked-targets" value="build,test.core1.xml" />
    <property name="env.TRAVIS_PULL_REQUEST_BRANCH" value="" />
    <property name="env.TRAVIS_REPO_SLUG" value="icyphy/ptII" />
    <property name="node.in.path" value="true" />
    <property name="java.maxmemory" value="1400m" />
    <property name="env.RUBY_VERSION" value="ruby-2.4.1" />
    <property name="user.name" value="travis" />
    <property name="env.LANG" value="en_US.UTF-8" />
    <property name="sun.io.unicode.encoding" value="UnicodeLittle" />
    <property name="sun.jnu.encoding" value="UTF-8" />
    <property name="java.runtime.name" value="Java(TM) SE Runtime Environment" />
    <property name="usefile" value="false" />
    <property name="return.code" value="0" />
    <property name="junit.single.formatter" value="plain" />
    <property name="env.DYLD_LIBRARY_PATH" value="/home/travis/pthla/certi-tools/lib:" />
    <property name="env.DEBIAN_FRONTEND" value="noninteractive" />
    <property name="env.SSH_CONNECTION" value="10.10.4.32 36936 10.20.0.241 22" />
    <property name="env.MYSQL_UNIX_PORT" value="/var/run/mysqld/mysqld.sock" />
    <property name="env.TRAVIS_ALLOW_FAILURE" value="false" />
    <property name="env.LC_ALL" value="en_US.UTF-8" />
    <property name="java.specification.name" value="Java Platform API Specification" />
    <property name="node.works" value="true" />
    <property name="user.timezone" value="" />
    <property name="path.separator" value=":" />
    <property name="env.TRAVIS_ENABLE_INFRA_DETECTION" value="true" />
    <property name="env.PYTHON_CFLAGS" value="-g -fstack-protector --param=ssp-buffer-size=4 -Wformat -Werror=format-security" />
    <property name="timeout.long" value="4000000" />
    <property name="env.CERTI_HOME" value="/home/travis/pthla/certi-tools" />
    <property name="file.encoding" value="UTF-8" />
    <property name="ant.file.ptII" value="/home/travis/build/icyphy/ptII/build.xml" />
    <property name="javadoc.packagenames" value="com.*,diva.*,lbnl.*,org.hlacerti.*,org.json.*,org.ptolemy.*,org.terraswarm.*,ptolemy.*,ptserver.*" />
    <property name="env.TRAVIS_PULL_REQUEST_SLUG" value="" />
    <property name="ant.project.default-target" value="build" />
    <property name="env.GIT_ASKPASS" value="echo" />
    <property name="env.HOME" value="/home/travis" />
    <property name="sun.java.command" value="org.apache.tools.ant.taskdefs.optional.junit.JUnitTestRunner ptolemy.actor.lib.test.junit.JUnitTclTest skipNonTests=false filtertrace=true haltOnError=false haltOnFailure=false formatter=org.apache.tools.ant.taskdefs.optional.junit.OutErrSummaryJUnitResultFormatter showoutput=true outputtoformatters=true logfailedtests=true threadid=0 logtestlistenerevents=false formatter=org.apache.tools.ant.taskdefs.optional.junit.XMLJUnitResultFormatter,/home/travis/build/icyphy/ptII/reports/junit/TEST-ptolemy.actor.lib.test.junit.JUnitTclTest.xml crashfile=/home/travis/build/icyphy/ptII/junitvmwatcher1400482671249430198.properties propsfile=/home/travis/build/icyphy/ptII/junit881128472412244492.properties" />
    <property name="env.MANPATH" value="/home/travis/.nvm/versions/node/v7.10.1/share/man:/home/travis/.kiex/elixirs/elixir-1.4.5/man:/home/travis/.rvm/rubies/ruby-2.4.1/share/man:/usr/local/man:/usr/local/cmake-3.9.2/man:/usr/local/clang-5.0.0/share/man:/usr/local/share/man:/usr/share/man:/home/travis/.rvm/man" />
    <property name="env.COMPOSER_NO_INTERACTION" value="1" />
    <property name="env.JDK_SWITCHER_DEFAULT" value="oraclejdk8" />
    <property name="env.TRAVIS_TIMER_ID" value="03aa6a7c" />
    <property name="ant.file" value="/home/travis/build/icyphy/ptII/build.xml" />
    <property name="env.TRAVIS_COMMIT_RANGE" value="9da343c703909fe8415e5a5bb764195d8f59efd9...174d25ae00a8222af5053fded25af12a98e456d7" />
    <property name="env._system_name" value="Ubuntu" />
    <property name="timeout" value="2400000" />
    <property name="ptII.classpath.optional.property" value="/home/travis/build/icyphy/ptII/lib/bsh-2.0b4.jar:/home/travis/build/icyphy/ptII/lib/ptCal.jar:/home/travis/build/icyphy/ptII/lib/java_cup.jar:/home/travis/build/icyphy/ptII/lib/saxon8.jar:/home/travis/build/icyphy/ptII/lib/saxon8-dom.jar:/home/travis/build/icyphy/ptII/lib/chic.jar:/home/travis/build/icyphy/ptII/lib/ptcolt.jar:/usr/lib/jvm/java-8-oracle/lib/tools.jar:/usr/lib/eclipse/plugins/org.eclipse.jdt.core_3.8.2.dist.jar:/usr/lib/eclipse/plugins/org.eclipse.core.runtime_3.8.0.dist.jar:/usr/lib/eclipse/plugins/org.eclipse.osgi_3.8.1.dist.jar:/usr/lib/eclipse/plugins/org.eclipse.core.resources_3.8.1.dist.jar:/usr/lib/eclipse/plugins/org.eclipse.equinox.common_3.6.100.dist.jar:/usr/lib/eclipse/plugins/org.eclipse.core.jobs_3.5.200.dist.jar:/usr/lib/eclipse/plugins/org.eclipse.core.contenttype_3.4.200.dist.jar:/usr/lib/eclipse/plugins/org.eclipse.equinox.preferences_3.5.0.dist.jar:/usr/lib/eclipse/plugins/org.eclipse.text_3.5.200.dist.jar:/usr/lib/eclipse/plugins/org.eclipse.ui.workbench_3.8.1.dist.jar:/usr/lib/eclipse/plugins/org.eclipse.jface_3.8.0.dist.jar:/usr/lib/eclipse/plugins/org.eclipse.swt_3.8.2.jar:/usr/lib/eclipse/plugins/org.eclipse.jface.text_3.8.1.dist.jar:/usr/lib/eclipse/plugins/org.eclipse.ui.workbench.texteditor_3.8.0.dist.jar:/usr/lib/eclipse/plugins/org.eclipse.ui.editors_3.8.0.dist.jar:/usr/lib/eclipse/plugins/org.eclipse.core.commands_3.6.1.dist.jar:/usr/lib/eclipse/plugins/org.eclipse.equinox.registry_3.5.200.dist.jar:/usr/lib/eclipse/plugins/org.eclipse.ui.console_3.5.100.dist.jar:/usr/lib/eclipse/plugins/org.eclipse.ui.forms_3.5.200.dist.jar:/usr/lib/eclipse/plugins/org.eclipse.ui.ide_3.8.1.dist.jar:/home/travis/build/icyphy/ptII/vendors/oracle/dbxml.jar:/home/travis/build/icyphy/ptII/vendors/oracle/db.jar:/home/travis/build/icyphy/ptII/vendors/misc/itext/iText.jar:/home/travis/build/icyphy/ptII/lib/g4ltl.jar:/home/travis/build/icyphy/ptII/lib/StructuralCoder.jar:/home/travis/build/icyphy/ptII/lib/org-openide-util.jar:/home/travis/build/icyphy/ptII/lib/org-openide-util-lookup.jar:/home/travis/build/icyphy/ptII/lib/org-netbeans-api-visual.jar:/home/travis/build/icyphy/ptII/vendors/jai-1_1_2_01/lib/jai_core.jar:/home/travis/build/icyphy/ptII/vendors/jai-1_1_2_01/lib/jai_codec.jar:/home/travis/build/icyphy/ptII/lib/jcerti.jar:/home/travis/build/icyphy/ptII/lib/smack.jar:/home/travis/build/icyphy/ptII/lib/smackx.jar:/home/travis/build/icyphy/ptII/lib/jetty-all-8.1.5-v20120716.jar:/home/travis/build/icyphy/ptII/lib/javax.servlet-api-3.0.1.jar:/home/travis/build/icyphy/ptII/lib/javax.mail.jar:/home/travis/build/icyphy/ptII/vendors/JMF-2.1.1e/lib/jmf.jar:/home/travis/build/icyphy/ptII/lib/jna-4.0.0-variadic.jar:/home/travis/build/icyphy/ptII/vendors/misc/joystick/Joystick.jar:/home/travis/build/icyphy/ptII/lib/ptjacl.jar:/home/travis/build/icyphy/ptII/lib/jsoup-1.8.2.jar:/home/travis/build/icyphy/ptII/lib/junit-4.8.2.jar:/home/travis/build/icyphy/ptII/lib/JUnitParams-0.4.0.jar:/home/travis/build/icyphy/ptII/ptolemy/actor/lib/excel/jxl.jar:/home/travis/build/icyphy/ptII/lib/jython.jar:/home/travis/build/icyphy/ptII/lib/kieler.jar:/home/travis/build/icyphy/ptII/vendors/opencv/share/OpenCV/java/opencv-341.jar:/home/travis/build/icyphy/ptII/lib/oscP5.jar:/home/travis/build/icyphy/ptII/lib/nrjavaserial-3.11.0.devel.jar:/home/travis/build/icyphy/ptII/vendors/j3d/lib/j3dcore.jar:/home/travis/build/icyphy/ptII/vendors/j3d/lib/j3dutils.jar:/home/travis/build/icyphy/ptII/vendors/j3d/lib/vecmath.jar:/home/travis/build/icyphy/ptII/ptolemy/distributed/jini/jar/jini-core.jar:/home/travis/build/icyphy/ptII/ptolemy/distributed/jini/jar/jini-ext.jar:/home/travis/build/icyphy/ptII/ptolemy/distributed/jini/jar/sun-util.jar:/home/travis/build/icyphy/ptII/lib/protobuf-java-2.4.1.jar:/home/travis/build/icyphy/ptII/lib/org.eclipse.paho.client.mqttv3.jar:/home/travis/build/icyphy/ptII/ptserver/lib/hessian-4.0.7.jar:/home/travis/build/icyphy/ptII/ptserver/lib/wmqtt.jar:/home/travis/build/icyphy/ptII/lib/mapss.jar:/home/travis/build/icyphy/ptII/ptolemy/actor/ptalon/antlr/antlr.jar:/home/travis/build/icyphy/ptII/lib/JRI.jar:/home/travis/build/icyphy/ptII/lib/commons-lang-2.6.jar:/home/travis/build/icyphy/ptII/lib/commons-logging-1.1.1.jar:/home/travis/build/icyphy/ptII/lib/sootclasses.jar:/home/travis/build/icyphy/ptII/ptolemy/actor/lib/database/mysql-connector-java-5.1.6-bin.jar:/home/travis/build/icyphy/ptII/vendors/misc/sphinx4/sphinx4-data-5prealpha.jar:/home/travis/build/icyphy/ptII/vendors/misc/sphinx4/sphinx4-core-5prealpha.jar:/home/travis/build/icyphy/ptII/lib/PDFRenderer.jar:/home/travis/build/icyphy/ptII/lib/svgSalamander.jar:/home/travis/build/icyphy/ptII/lib/rsyntaxtextarea-2.6.0-SNAPSHOT.jar:/home/travis/build/icyphy/ptII/lib/hazelcast-3.8.2.jar:/home/travis/build/icyphy/ptII/lib/jackson-annotations-2.9.0.jar:/home/travis/build/icyphy/ptII/lib/jackson-core-2.9.3.jar:/home/travis/build/icyphy/ptII/lib/jackson-databind-2.9.3.jar:/home/travis/build/icyphy/ptII/lib/netty-buffer-4.1.19.Final.jar:/home/travis/build/icyphy/ptII/lib/netty-codec-4.1.19.Final.jar:/home/travis/build/icyphy/ptII/lib/netty-codec-dns-4.1.19.Final.jar:/home/travis/build/icyphy/ptII/lib/netty-codec-http-4.1.19.Final.jar:/home/travis/build/icyphy/ptII/lib/netty-codec-http2-4.1.19.Final.jar:/home/travis/build/icyphy/ptII/lib/netty-common-4.1.19.Final.jar:/home/travis/build/icyphy/ptII/lib/netty-handler-4.1.19.Final.jar:/home/travis/build/icyphy/ptII/lib/netty-resolver-4.1.19.Final.jar:/home/travis/build/icyphy/ptII/lib/netty-resolver-dns-4.1.19.Final.jar:/home/travis/build/icyphy/ptII/lib/netty-transport-4.1.19.Final.jar:/home/travis/build/icyphy/ptII/lib/vertx-codegen-3.5.1.jar:/home/travis/build/icyphy/ptII/lib/vertx-core-3.5.2-SNAPSHOT.jar:/home/travis/build/icyphy/ptII/lib/vertx-hazelcast-3.5.1.jar:/home/travis/build/icyphy/ptII/lib/vertx-lang-js-3.5.1.jar:/home/travis/build/icyphy/ptII/lib/vertx-service-proxy-3.5.1.jar:/home/travis/build/icyphy/ptII/lib/vertx-web-3.5.1.jar:/home/travis/build/icyphy/ptII/lib/slf4j-api-1.7.13.jar:/home/travis/build/icyphy/ptII/lib/slf4j-simple-1.7.13.jar:/home/travis/build/icyphy/ptII/lib/webcam-capture-0.3.12.jar:/home/travis/build/icyphy/ptII/lib/bridj-0.7.0.jar:/home/travis/build/icyphy/ptII/lib/xbjlib-1.1.0.nrjavaserial.jar" />
    <property name="test.batch" value="**/junit/*.java" />
    <property name="env._" value="/usr/bin/timeout" />
    <property name="java.io.tmpdir" value="/tmp" />
    <property name="env.TRAVIS_INTERNAL_RUBY_REGEX" value="^ruby-(2\.[0-2]\.[0-9]|1\.9\.3)" />
    <property name="user.language" value="en" />
    <property name="env.HISTCONTROL" value="ignoredups:ignorespace" />
    <property name="env.GOROOT" value="/home/travis/.gimme/versions/go1.7.4.linux.amd64" />
    <property name="line.separator" value="&#xa;" />
    <property name="target" value="1.8" />
    <property name="env.TRAVIS_BUILD_DIR" value="/home/travis/build/icyphy/ptII" />
    <property name="env.ANT_OPTS" value="-Xmx2048m" />
    <property name="ant.file.type" value="file" />
    <property name="ptolemy.ptII.batchMode" value="true" />
    <property name="env.HISTSIZE" value="1000" />
    <property name="env.MERB_ENV" value="test" />
    <property name="java.vm.info" value="mixed mode" />
    <property name="source" value="1.8" />
    <property name="java.vm.specification.name" value="Java Virtual Machine Specification" />
    <property name="env.TRAVIS_TEST_RESULT" value="0" />
    <property name="jsdoc.command" value="node_modules/@terraswarm/jsdoc/jsdoc.js" />
    <property name="npm.works" value="true" />
    <property name="cobertura.dir" value="/home/travis/build/icyphy/ptII/vendors/cobertura-2.0.3" />
    <property name="env.rvm_path" value="/home/travis/.rvm" />
    <property name="env.GEM_PATH" value="/home/travis/.rvm/gems/ruby-2.4.1:/home/travis/.rvm/gems/ruby-2.4.1@global" />
    <property name="env.LC_CTYPE" value="en_US.UTF-8" />
    <property name="java.awt.printerjob" value="sun.print.PSPrinterJob" />
    <property name="env.TRAVIS_CMD" value="$PTII/bin/ptIITravisBuild.sh $SECONDS" />
    <property name="env.TRAVIS_STACK_NAME" value="garnet" />
    <property name="env.TRAVIS_TIMER_START_TIME" value="1536803996845428592" />
    <property name="ant.version" value="Apache Ant(TM) version 1.10.1 compiled on February 2 2017" />
    <property name="ptII.reports" value="/home/travis/build/icyphy/ptII/reports" />
    <property name="env.TRAVIS_STACK_TIMESTAMP" value="2017-12-05 19:33:09 UTC" />
    <property name="ant.file.type.ptII" value="file" />
    <property name="env.RBENV_SHELL" value="bash" />
    <property name="os.name" value="Linux" />
    <property name="java.specification.vendor" value="Oracle Corporation" />
    <property name="env.rvm_version" value="1.29.3 (latest)" />
    <property name="env.TRAVIS_INFRA" value="gce" />
    <property name="env.TERM" value="xterm" />
    <property name="java.vm.name" value="Java HotSpot(TM) 64-Bit Server VM" />
    <property name="env.TRAVIS_BUILD_NUMBER" value="729" />
    <property name="env.CI" value="true" />
    <property name="java.library.path" value="/home/travis/pthla/certi-tools/lib:/usr/lib/jni:/usr/local/share/OpenCV/java/:/usr/share/OpenCV/java::/usr/java/packages/lib/amd64:/usr/lib64:/lib64:/lib:/usr/lib" />
    <property name="env.rvm_prefix" value="/home/travis" />
    <property name="env.PATH" value="/home/travis/pthla/certi-tools/share/scripts:/home/travis/.rvm/gems/ruby-2.4.1/bin:/home/travis/.rvm/gems/ruby-2.4.1@global/bin:/home/travis/.rvm/rubies/ruby-2.4.1/bin:/home/travis/.rvm/bin:/home/travis/.nvm/versions/node/v7.10.1/bin:./node_modules/.bin:/home/travis/build/icyphy/ptII/bin:/home/travis/pthla/certi-tools/bin:/home/travis/bin:/home/travis/.local/bin:/opt/pyenv/shims:/home/travis/.phpenv/shims:/home/travis/perl5/perlbrew/bin:/home/travis/.kiex/elixirs/elixir-1.4.5/bin:/home/travis/.kiex/bin:/home/travis/gopath/bin:/home/travis/.gimme/versions/go1.7.4.linux.amd64/bin:/usr/local/phantomjs/bin:/usr/local/phantomjs:/usr/local/neo4j-3.2.7/bin:/usr/local/maven-3.5.2/bin:/usr/local/cmake-3.9.2/bin:/usr/local/clang-5.0.0/bin:/usr/local/sbin:/usr/local/bin:/usr/sbin:/usr/bin:/sbin:/bin:/home/travis/.phpenv/bin:/opt/pyenv/bin:/home/travis/.yarn/bin" />
    <property name="env.TRAVIS_OS_NAME" value="linux" />
    <property name="ant.java.version" value="1.8" />
    <property name="basedir" value="/home/travis/build/icyphy/ptII" />
    <property name="java.class.version" value="52.0" />
    <property name="env.SHLVL" value="3" />
    <property name="env.LD_LIBRARY_PATH" value="/home/travis/pthla/certi-tools/lib:/usr/lib/jni:/usr/local/share/OpenCV/java/:/usr/share/OpenCV/java:" />
    <property name="env.RACK_ENV" value="test" />
    <property name="ant.home" value="/home/travis/build/icyphy/ptII/ant" />
    <property name="env.NVM_DIR" value="/home/travis/.nvm" />
    <property name="env.PERLBREW_BASHRC_VERSION" value="0.80" />
    <property name="env.CERTI_FOM_PATH" value="/home/travis/pthla/certi-tools/share/federations" />
    <property name="env.TRAVIS_BUILD_ID" value="427959813" />
    <property name="env.PYENV_ROOT" value="/opt/pyenv" />
    <property name="env.TRAVIS_UID" value="2000" />
    <property name="env.rvm_pretty_print_flag" value="auto" />
    <property name="env.NVM_BIN" value="/home/travis/.nvm/versions/node/v7.10.1/bin" />
    <property name="env.TRAVIS_COMMIT" value="174d25ae00a8222af5053fded25af12a98e456d7" />
    <property name="env._system_arch" value="x86_64" />
    <property name="node.executable" value="node" />
    <property name="sun.boot.library.path" value="/usr/lib/jvm/java-8-oracle/jre/lib/amd64" />
    <property name="sun.management.compiler" value="HotSpot 64-Bit Tiered Compilers" />
    <property name="env.GOPATH" value="/home/travis/gopath" />
    <property name="java.awt.graphicsenv" value="sun.awt.X11GraphicsEnvironment" />
    <property name="ptolemy.ptII.dir" value="/home/travis/build/icyphy/ptII" />
    <property name="env.USER" value="travis" />
    <property name="env.HISTFILESIZE" value="2000" />
    <property name="timeout.longest" value="19000000" />
    <property name="env.TRAVIS_STACK_FEATURES" value="basic cassandra chromium couchdb disabled-ipv6 docker docker-compose elasticsearch firefox go-toolchain google-chrome jdk memcached mongodb mysql neo4j nodejs_interpreter perl_interpreter perlbrew phantomjs postgresql python_interpreter rabbitmq redis riak ruby_interpreter sqlite xserver" />
    <property name="env.TRAVIS_PULL_REQUEST" value="false" />
    <property name="env.PYENV_SHELL" value="bash" />
    <property name="ant.project.name" value="ptII" />
    <property name="env.ANSI_RESET" value="\033[0m" />
    <property name="java.vm.specification.version" value="1.8" />
    <property name="env.TRAVIS_DIST" value="trusty" />
    <property name="env.CERTI_VERSION" value="4.0.0" />
    <property name="env.NLSPATH" value="/usr/dt/lib/nls/msg/%L/%N.cat" />
    <property name="env.CERTI_HOST" value="localhost" />
    <property name="awt.toolkit" value="sun.awt.X11.XToolkit" />
    <property name="env.MY_RUBY_HOME" value="/home/travis/.rvm/rubies/ruby-2.4.1" />
    <property name="sun.cpu.isalist" value="" />
    <property name="env.TRAVIS_TMPDIR" value="/tmp/tmp.tSLpVCHbMg" />
    <property name="java.ext.dirs" value="/usr/lib/jvm/java-8-oracle/jre/lib/ext:/usr/java/packages/lib/ext" />
    <property name="os.version" value="4.4.0-101-generic" />
    <property name="user.home" value="/home/travis" />
    <property name="env.MIX_ARCHIVES" value="/home/travis/.kiex/mix/elixir-1.4.5" />
    <property name="java.vm.vendor" value="Oracle Corporation" />
    <property name="env.TRAVIS_TAG" value="nightly" />
    <property name="env.ANSI_YELLOW" value="\033[33;1m" />
    <property name="env.TRAVIS_FILTERED" value="redirect_io" />
    <property name="env.ANSI_GREEN" value="\033[32;1m" />
    <property name="env.PTII" value="/home/travis/build/icyphy/ptII" />
    <property name="env.JAVA_HOME" value="/usr/lib/jvm/java-8-oracle" />
    <property name="javadoc.excludepackagenames" value="adm.cvs2svn.*,build.*,config.*,doc.coding.templates.*,jni.test.jni.meaningOfLife.*,jni.test.jni.testDeux.*,jni.test.jni.testTrois.*,org.terraswarm.accessor.accessors.web.node_modules.*,org.terraswarm.accessor.accessors.web.hosts.cordova.demo.*,org.terraswarm.accessor.accessors.web.hosts.cordova.plugins.*,org.terraswarm.accessor.accessors-svn.*,pt-modules.*,ptolemy.apps.agilent.*,ptolemy.apps.anytimecontrol.*,ptolemy.apps.apes.*,ptolemy.apps.charon.*,ptolemy.apps.crazyboard.*,ptolemy.apps.eclipse.*,ptolemy.apps.etherealSting.*,ptolemy.apps.fullscreen.*,ptolemy.apps.giotto.*,ptolemy.apps.ia.*,ptolemy.apps.interfaces.*,ptolemy.apps.jmf.*,ptolemy.apps.kurt.*,ptolemy.apps.kvm.*,ptolemy.apps.lego.*,ptolemy.apps.lejos.*,ptolemy.apps.midp.*,ptolemy.apps.mobileCoding.*,ptolemy.apps.pendulum.*,ptolemy.apps.rijndael.*,ptolemy.apps.robot.*,ptolemy.apps.security.*,ptolemy.apps.sobel.*,ptolemy.apps.soot.*,ptolemy.apps.throttle.*,ptolemy.apps.tini.*,ptolemy.apps.transmission.*,ptolemy.apps.vergil.*,ptolemy.apps.waba.*,ptolemy.apps.websensor.*,ptolemy.apps.webstart.*,ptolemy.apps.xsl.*,ptolemy.apps.zaurus.*,ptolemy.backtrack.eclipse.plugin.*,ptolemy.backtrack.test.*,ptolemy.codegen.c.actor.lib.oldJavaFiles.*,ptolemy.codegen.dsp.lib.*,ptolemy.codegen.kernel.newInterfaces.*,ptolemy.codegen.lib.*,ptolemy.copernicus.kernel.fragment.*,ptolemy.copernicus.shallow.cg.*,ptolemy.domains.giotto.demo.Hierarchy.Hierarchy.*,ptolemy.domains.giotto.demo.Multimode.Multimode.*,ptolemy.domains.giotto.demo.Simple.Simple.*,ptolemy.domains.gr.lib.experimental.*,ptolemy.domains.gro.*,ptolemy.domains.pdf.*,ptolemy.domains.ptinyos.demo.Surge.output.*,ptolemy.moml.test.NoPackageActor.java*,ptolemy.plot.adm.*,ptolemy.plot.servlet.*,reports.*,signed.*,src.*,target.*,vendors.*,ptolemy.cg.adapter.generic.program.procedural.c.mbed*,ptolemy.actor.lib.fmi.fmus.omc*,ptolemy.domains.openmodelica*,ptdb.kernel.bl.save.test.*,ptdb.kernel.bl.load.test.*,ptdb.kernel.bl.search.test.*,ptdb.kernel.bl.migration.test.*,ptdb.kernel.database.test.*,ptdb.test.*,ptdb.gui.test.*,org.ptolemy.scala.*,diva.util.java2d.svg.*,ptolemy.domains.ptinyos.*,ptolemy.actor.lib.fmi.fmipp.*,,org.terraswarm.accessor.accessors.web.node_modules.*,org.terraswarm.accessor.accessors-svn,ptolemy.apps.*,ptolemy.actor.ptalon.demo.ptinyos.SendAndReceiveCnt.output,ptolemy.actor.ptalon.demo.ptinyos.SenseToLeds.output,ptolemy.domains.ptinyos.demo.CntToLedsAndRfm.output,ptolemy.domains.ptinyos.demo.RfmToLeds.output,ptolemy.domains.ptinyos.demo.SendAndReceiveCnt.output,ptolemy.domains.ptinyos.demo.SenseToLeds.output,ptolemy.actor.lib.jjs.modules.udpSocket.*" />
    <property name="env.TRAVIS_COMMIT_MESSAGE" value="Merge branch &apos;master&apos; of https://github.com/icyphy/ptII" />
    <property name="keystore" value="ptKeystore" />
    <property name="env.XDG_SESSION_ID" value="2" />
    <property name="junit.output.dir" value="/home/travis/build/icyphy/ptII/reports/junit" />
    <property name="npm.return.code" value="0" />
    <property name="user.dir" value="/home/travis/build/icyphy/ptII/ptolemy/actor/lib/test" />
    <property name="env.TRAVIS_NODE_VERSION" value="7" />
    <property name="env.XFILESEARCHPATH" value="/usr/dt/app-defaults/%L/Dt" />
    <property name="env.TRAVIS_EVENT_TYPE" value="cron" />
    <property name="env.MAIL" value="/var/mail/travis" />
    <property name="env.PWD" value="/home/travis/build/icyphy/ptII" />
    <property name="env.PERLBREW_ROOT" value="/home/travis/perl5/perlbrew" />
    <property name="timeout.npm" value="45000" />
    <property name="env.TRAVIS_ARCH" value="amd64" />
    <property name="env.PAGER" value="cat" />
    <property name="sun.cpu.endian" value="little" />
    <property name="env.TRAVIS_BUILD_STAGE_NAME" value="Test" />
    <property name="env.PERLBREW_HOME" value="/home/travis/.perlbrew" />
    <property name="java.vm.version" value="25.151-b12" />
    <property name="env.RAILS_ENV" value="test" />
    <property name="java.class.path" value="/home/travis/.ptolemyII:/home/travis/.ptolemyII/*:/home/travis/build/icyphy/ptII:/home/travis/build/icyphy/ptII/lib/bsh-2.0b4.jar:/home/travis/build/icyphy/ptII/lib/ptCal.jar:/home/travis/build/icyphy/ptII/lib/java_cup.jar:/home/travis/build/icyphy/ptII/lib/saxon8.jar:/home/travis/build/icyphy/ptII/lib/saxon8-dom.jar:/home/travis/build/icyphy/ptII/lib/chic.jar:/home/travis/build/icyphy/ptII/lib/ptcolt.jar:/usr/lib/jvm/java-8-oracle/lib/tools.jar:/usr/lib/eclipse/plugins/org.eclipse.jdt.core_3.8.2.dist.jar:/usr/lib/eclipse/plugins/org.eclipse.core.runtime_3.8.0.dist.jar:/usr/lib/eclipse/plugins/org.eclipse.osgi_3.8.1.dist.jar:/usr/lib/eclipse/plugins/org.eclipse.core.resources_3.8.1.dist.jar:/usr/lib/eclipse/plugins/org.eclipse.equinox.common_3.6.100.dist.jar:/usr/lib/eclipse/plugins/org.eclipse.core.jobs_3.5.200.dist.jar:/usr/lib/eclipse/plugins/org.eclipse.core.contenttype_3.4.200.dist.jar:/usr/lib/eclipse/plugins/org.eclipse.equinox.preferences_3.5.0.dist.jar:/usr/lib/eclipse/plugins/org.eclipse.text_3.5.200.dist.jar:/usr/lib/eclipse/plugins/org.eclipse.ui.workbench_3.8.1.dist.jar:/usr/lib/eclipse/plugins/org.eclipse.jface_3.8.0.dist.jar:/usr/lib/eclipse/plugins/org.eclipse.swt_3.8.2.jar:/usr/lib/eclipse/plugins/org.eclipse.jface.text_3.8.1.dist.jar:/usr/lib/eclipse/plugins/org.eclipse.ui.workbench.texteditor_3.8.0.dist.jar:/usr/lib/eclipse/plugins/org.eclipse.ui.editors_3.8.0.dist.jar:/usr/lib/eclipse/plugins/org.eclipse.core.commands_3.6.1.dist.jar:/usr/lib/eclipse/plugins/org.eclipse.equinox.registry_3.5.200.dist.jar:/usr/lib/eclipse/plugins/org.eclipse.ui.console_3.5.100.dist.jar:/usr/lib/eclipse/plugins/org.eclipse.ui.forms_3.5.200.dist.jar:/usr/lib/eclipse/plugins/org.eclipse.ui.ide_3.8.1.dist.jar:/home/travis/build/icyphy/ptII/vendors/oracle/dbxml.jar:/home/travis/build/icyphy/ptII/vendors/oracle/db.jar:/home/travis/build/icyphy/ptII/vendors/misc/itext/iText.jar:/home/travis/build/icyphy/ptII/lib/g4ltl.jar:/home/travis/build/icyphy/ptII/lib/StructuralCoder.jar:/home/travis/build/icyphy/ptII/lib/org-openide-util.jar:/home/travis/build/icyphy/ptII/lib/org-openide-util-lookup.jar:/home/travis/build/icyphy/ptII/lib/org-netbeans-api-visual.jar:/home/travis/build/icyphy/ptII/vendors/jai-1_1_2_01/lib/jai_core.jar:/home/travis/build/icyphy/ptII/vendors/jai-1_1_2_01/lib/jai_codec.jar:/home/travis/build/icyphy/ptII/lib/jcerti.jar:/home/travis/build/icyphy/ptII/lib/smack.jar:/home/travis/build/icyphy/ptII/lib/smackx.jar:/home/travis/build/icyphy/ptII/lib/jetty-all-8.1.5-v20120716.jar:/home/travis/build/icyphy/ptII/lib/javax.servlet-api-3.0.1.jar:/home/travis/build/icyphy/ptII/lib/javax.mail.jar:/home/travis/build/icyphy/ptII/vendors/JMF-2.1.1e/lib/jmf.jar:/home/travis/build/icyphy/ptII/lib/jna-4.0.0-variadic.jar:/home/travis/build/icyphy/ptII/vendors/misc/joystick/Joystick.jar:/home/travis/build/icyphy/ptII/lib/ptjacl.jar:/home/travis/build/icyphy/ptII/lib/jsoup-1.8.2.jar:/home/travis/build/icyphy/ptII/lib/junit-4.8.2.jar:/home/travis/build/icyphy/ptII/lib/JUnitParams-0.4.0.jar:/home/travis/build/icyphy/ptII/ptolemy/actor/lib/excel/jxl.jar:/home/travis/build/icyphy/ptII/lib/jython.jar:/home/travis/build/icyphy/ptII/lib/kieler.jar:/home/travis/build/icyphy/ptII/vendors/opencv/share/OpenCV/java/opencv-341.jar:/home/travis/build/icyphy/ptII/lib/oscP5.jar:/home/travis/build/icyphy/ptII/lib/nrjavaserial-3.11.0.devel.jar:/home/travis/build/icyphy/ptII/vendors/j3d/lib/j3dcore.jar:/home/travis/build/icyphy/ptII/vendors/j3d/lib/j3dutils.jar:/home/travis/build/icyphy/ptII/vendors/j3d/lib/vecmath.jar:/home/travis/build/icyphy/ptII/ptolemy/distributed/jini/jar/jini-core.jar:/home/travis/build/icyphy/ptII/ptolemy/distributed/jini/jar/jini-ext.jar:/home/travis/build/icyphy/ptII/ptolemy/distributed/jini/jar/sun-util.jar:/home/travis/build/icyphy/ptII/lib/protobuf-java-2.4.1.jar:/home/travis/build/icyphy/ptII/lib/org.eclipse.paho.client.mqttv3.jar:/home/travis/build/icyphy/ptII/ptserver/lib/hessian-4.0.7.jar:/home/travis/build/icyphy/ptII/ptserver/lib/wmqtt.jar:/home/travis/build/icyphy/ptII/lib/mapss.jar:/home/travis/build/icyphy/ptII/ptolemy/actor/ptalon/antlr/antlr.jar:/home/travis/build/icyphy/ptII/lib/JRI.jar:/home/travis/build/icyphy/ptII/lib/commons-lang-2.6.jar:/home/travis/build/icyphy/ptII/lib/commons-logging-1.1.1.jar:/home/travis/build/icyphy/ptII/lib/sootclasses.jar:/home/travis/build/icyphy/ptII/ptolemy/actor/lib/database/mysql-connector-java-5.1.6-bin.jar:/home/travis/build/icyphy/ptII/vendors/misc/sphinx4/sphinx4-data-5prealpha.jar:/home/travis/build/icyphy/ptII/vendors/misc/sphinx4/sphinx4-core-5prealpha.jar:/home/travis/build/icyphy/ptII/lib/PDFRenderer.jar:/home/travis/build/icyphy/ptII/lib/svgSalamander.jar:/home/travis/build/icyphy/ptII/lib/rsyntaxtextarea-2.6.0-SNAPSHOT.jar:/home/travis/build/icyphy/ptII/lib/hazelcast-3.8.2.jar:/home/travis/build/icyphy/ptII/lib/jackson-annotations-2.9.0.jar:/home/travis/build/icyphy/ptII/lib/jackson-core-2.9.3.jar:/home/travis/build/icyphy/ptII/lib/jackson-databind-2.9.3.jar:/home/travis/build/icyphy/ptII/lib/netty-buffer-4.1.19.Final.jar:/home/travis/build/icyphy/ptII/lib/netty-codec-4.1.19.Final.jar:/home/travis/build/icyphy/ptII/lib/netty-codec-dns-4.1.19.Final.jar:/home/travis/build/icyphy/ptII/lib/netty-codec-http-4.1.19.Final.jar:/home/travis/build/icyphy/ptII/lib/netty-codec-http2-4.1.19.Final.jar:/home/travis/build/icyphy/ptII/lib/netty-common-4.1.19.Final.jar:/home/travis/build/icyphy/ptII/lib/netty-handler-4.1.19.Final.jar:/home/travis/build/icyphy/ptII/lib/netty-resolver-4.1.19.Final.jar:/home/travis/build/icyphy/ptII/lib/netty-resolver-dns-4.1.19.Final.jar:/home/travis/build/icyphy/ptII/lib/netty-transport-4.1.19.Final.jar:/home/travis/build/icyphy/ptII/lib/vertx-codegen-3.5.1.jar:/home/travis/build/icyphy/ptII/lib/vertx-core-3.5.2-SNAPSHOT.jar:/home/travis/build/icyphy/ptII/lib/vertx-hazelcast-3.5.1.jar:/home/travis/build/icyphy/ptII/lib/vertx-lang-js-3.5.1.jar:/home/travis/build/icyphy/ptII/lib/vertx-service-proxy-3.5.1.jar:/home/travis/build/icyphy/ptII/lib/vertx-web-3.5.1.jar:/home/travis/build/icyphy/ptII/lib/slf4j-api-1.7.13.jar:/home/travis/build/icyphy/ptII/lib/slf4j-simple-1.7.13.jar:/home/travis/build/icyphy/ptII/lib/webcam-capture-0.3.12.jar:/home/travis/build/icyphy/ptII/lib/bridj-0.7.0.jar:/home/travis/build/icyphy/ptII/lib/xbjlib-1.1.0.nrjavaserial.jar:/home/travis/build/icyphy/ptII/ptolemy/moml/test:/home/travis/build/icyphy/ptII/ant/lib/ant-launcher.jar:/home/travis/build/icyphy/ptII/ant/lib/ant.jar:/home/travis/build/icyphy/ptII/ant/lib/ant-junit.jar:/home/travis/build/icyphy/ptII/ant/lib/ant-junit4.jar" />
    <property name="ant.library.dir" value="/home/travis/build/icyphy/ptII/ant/lib" />
    <property name="os.arch" value="amd64" />
    <property name="env.TRAVIS_LANGUAGE" value="node_js" />
    <property name="env.CONTINUOUS_INTEGRATION" value="true" />
    <property name="env.TRAVIS_STACK_LANGUAGES" value="__garnet__ c c++ clojure cplusplus cpp default go groovy java node_js php pure_java python ruby scala" />
    <property name="test.name" value="ptolemy.actor.lib.test.junit.JUnitTclTest" />
    <property name="sun.java.launcher" value="SUN_STANDARD" />
    <property name="env.PYTHON_CONFIGURE_OPTS" value="--enable-unicode=ucs4 --with-wide-unicode --enable-shared --enable-ipv6 --enable-loadable-sqlite-extensions --with-computed-gotos" />
    <property name="ant.core.lib" value="/home/travis/build/icyphy/ptII/ant/lib/ant.jar" />
    <property name="java.vm.specification.vendor" value="Oracle Corporation" />
    <property name="env.BCVTB_HOME" value="/home/travis/build/icyphy/ptII/lbnl" />
    <property name="file.separator" value="/" />
    <property name="java.runtime.version" value="1.8.0_151-b12" />
    <property name="spotbugs.home" value="/home/travis/build/icyphy/ptII/vendors/spotbugs-3.1.1" />
    <property name="sun.boot.class.path" value="/usr/lib/jvm/java-8-oracle/jre/lib/resources.jar:/usr/lib/jvm/java-8-oracle/jre/lib/rt.jar:/usr/lib/jvm/java-8-oracle/jre/lib/sunrsasign.jar:/usr/lib/jvm/java-8-oracle/jre/lib/jsse.jar:/usr/lib/jvm/java-8-oracle/jre/lib/jce.jar:/usr/lib/jvm/java-8-oracle/jre/lib/charsets.jar:/usr/lib/jvm/java-8-oracle/jre/lib/jfr.jar:/usr/lib/jvm/java-8-oracle/jre/classes" />
    <property name="env.ANSI_CLEAR" value="\033[0K" />
    <property name="env.HAS_JOSH_K_SEAL_OF_APPROVAL" value="true" />
    <property name="env.TRAVIS_OSX_IMAGE" value="" />
    <property name="env.XDG_RUNTIME_DIR" value="/run/user/2000" />
    <property name="env.TRAVIS_JOB_ID" value="427959821" />
    <property name="env.TRAVIS_BRANCH" value="master" />
    <property name="user.country" value="US" />
    <property name="env.CERTI_HOME_TRAVIS" value="/home/travis/pthla/certi-tools" />
    <property name="env.SHELL" value="/bin/bash" />
    <property name="model" value="" />
    <property name="java.maxmemory.large" value="5000m" />
    <property name="env.CASHER_DIR" value="/home/travis/.casher" />
    <property name="env.NVM_CD_FLAGS" value="" />
    <property name="jshint.executable" value="/home/travis/node_modules/jshint/bin/jshint" />
    <property name="env.JRUBY_OPTS" value=" --client -J-XX:+TieredCompilation -J-XX:TieredStopAtLevel=1 -J-Xss2m -Xcompile.invokedynamic=false" />
    <property name="java.vendor" value="Oracle Corporation" />
    <property name="env.TRAVIS_PRE_CHEF_BOOTSTRAP_TIME" value="2017-12-05T19:32:55" />
    <property name="env.TRAVIS_STACK_JOB_BOARD_REGISTER" value="/.job-board-register.yml" />
    <property name="env.ELIXIR_VERSION" value="1.4.5" />
    <property name="env.ANSI_RED" value="\033[31;1m" />
    <property name="java.specification.version" value="1.8" />
    <property name="env.TRAVIS" value="true" />
    <property name="env.IRBRC" value="/home/travis/.rvm/rubies/ruby-2.4.1/.irbrc" />
    <property name="sun.arch.data.model" value="64" />
  </properties>
  <testcase classname="ptolemy.util.test.junit.TclTests" name="[0] /home/travis/build/icyphy/ptII/ptolemy/actor/lib/test/AbsoluteValue.tcl (RunTclFile)" time="0.434" />
  <testcase classname="ptolemy.util.test.junit.TclTests" name="[1] /home/travis/build/icyphy/ptII/ptolemy/actor/lib/test/AddSubtract.tcl (RunTclFile)" time="0.074" />
  <testcase classname="ptolemy.util.test.junit.TclTests" name="[2] /home/travis/build/icyphy/ptII/ptolemy/actor/lib/test/Average.tcl (RunTclFile)" time="0.051" />
  <testcase classname="ptolemy.util.test.junit.TclTests" name="[3] /home/travis/build/icyphy/ptII/ptolemy/actor/lib/test/Bernoulli.tcl (RunTclFile)" time="0.017" />
  <testcase classname="ptolemy.util.test.junit.TclTests" name="[4] /home/travis/build/icyphy/ptII/ptolemy/actor/lib/test/Clock.tcl (RunTclFile)" time="0.081" />
  <testcase classname="ptolemy.util.test.junit.TclTests" name="[5] /home/travis/build/icyphy/ptII/ptolemy/actor/lib/test/Commutator.tcl (RunTclFile)" time="0.094" />
  <testcase classname="ptolemy.util.test.junit.TclTests" name="[6] /home/travis/build/icyphy/ptII/ptolemy/actor/lib/test/Const.tcl (RunTclFile)" time="0.103" />
  <testcase classname="ptolemy.util.test.junit.TclTests" name="[7] /home/travis/build/icyphy/ptII/ptolemy/actor/lib/test/CurrentTime.tcl (RunTclFile)" time="0.044" />
  <testcase classname="ptolemy.util.test.junit.TclTests" name="[8] /home/travis/build/icyphy/ptII/ptolemy/actor/lib/test/DB.tcl (RunTclFile)" time="0.046" />
  <testcase classname="ptolemy.util.test.junit.TclTests" name="[9] /home/travis/build/icyphy/ptII/ptolemy/actor/lib/test/DiscreteRandomSource.tcl (RunTclFile)" time="0.027" />
  <testcase classname="ptolemy.util.test.junit.TclTests" name="[10] /home/travis/build/icyphy/ptII/ptolemy/actor/lib/test/Distributor.tcl (RunTclFile)" time="0.047" />
  <testcase classname="ptolemy.util.test.junit.TclTests" name="[11] /home/travis/build/icyphy/ptII/ptolemy/actor/lib/test/Exit.tcl (RunTclFile)" time="0.068" />
  <testcase classname="ptolemy.util.test.junit.TclTests" name="[12] /home/travis/build/icyphy/ptII/ptolemy/actor/lib/test/Expression.tcl (RunTclFile)" time="0.111" />
  <testcase classname="ptolemy.util.test.junit.TclTests" name="[13] /home/travis/build/icyphy/ptII/ptolemy/actor/lib/test/Gaussian.tcl (RunTclFile)" time="0.944" />
  <testcase classname="ptolemy.util.test.junit.TclTests" name="[14] /home/travis/build/icyphy/ptII/ptolemy/actor/lib/test/IIR.tcl (RunTclFile)" time="0.042" />
  <testcase classname="ptolemy.util.test.junit.TclTests" name="[15] /home/travis/build/icyphy/ptII/ptolemy/actor/lib/test/Interpolator.tcl (RunTclFile)" time="0.051" />
  <testcase classname="ptolemy.util.test.junit.TclTests" name="[16] /home/travis/build/icyphy/ptII/ptolemy/actor/lib/test/MathFunction.tcl (RunTclFile)" time="0.042" />
  <testcase classname="ptolemy.util.test.junit.TclTests" name="[17] /home/travis/build/icyphy/ptII/ptolemy/actor/lib/test/Maximum.tcl (RunTclFile)" time="0.021" />
  <testcase classname="ptolemy.util.test.junit.TclTests" name="[18] /home/travis/build/icyphy/ptII/ptolemy/actor/lib/test/Minimum.tcl (RunTclFile)" time="0.017" />
  <testcase classname="ptolemy.util.test.junit.TclTests" name="[19] /home/travis/build/icyphy/ptII/ptolemy/actor/lib/test/MultiplyDivide.tcl (RunTclFile)" time="0.033" />
  <testcase classname="ptolemy.util.test.junit.TclTests" name="[20] /home/travis/build/icyphy/ptII/ptolemy/actor/lib/test/OrderedMerge.tcl (RunTclFile)" time="0.075" />
  <testcase classname="ptolemy.util.test.junit.TclTests" name="[21] /home/travis/build/icyphy/ptII/ptolemy/actor/lib/test/Publisher.tcl (RunTclFile)" time="0.735" />
  <testcase classname="ptolemy.util.test.junit.TclTests" name="[22] /home/travis/build/icyphy/ptII/ptolemy/actor/lib/test/Pulse.tcl (RunTclFile)" time="0.062" />
  <testcase classname="ptolemy.util.test.junit.TclTests" name="[23] /home/travis/build/icyphy/ptII/ptolemy/actor/lib/test/Ramp.tcl (RunTclFile)" time="1.839" />
  <testcase classname="ptolemy.util.test.junit.TclTests" name="[24] /home/travis/build/icyphy/ptII/ptolemy/actor/lib/test/RampContinuous.tcl (RunTclFile)" time="0.017" />
  <testcase classname="ptolemy.util.test.junit.TclTests" name="[25] /home/travis/build/icyphy/ptII/ptolemy/actor/lib/test/RecordAssembler.tcl (RunTclFile)" time="0.016" />
  <testcase classname="ptolemy.util.test.junit.TclTests" name="[26] /home/travis/build/icyphy/ptII/ptolemy/actor/lib/test/RecordDisassembler.tcl (RunTclFile)" time="0.03" />
  <testcase classname="ptolemy.util.test.junit.TclTests" name="[27] /home/travis/build/icyphy/ptII/ptolemy/actor/lib/test/Scale.tcl (RunTclFile)" time="0.029" />
  <testcase classname="ptolemy.util.test.junit.TclTests" name="[28] /home/travis/build/icyphy/ptII/ptolemy/actor/lib/test/SequentialClock.tcl (RunTclFile)" time="0.017" />
  <testcase classname="ptolemy.util.test.junit.TclTests" name="[29] /home/travis/build/icyphy/ptII/ptolemy/actor/lib/test/SetVariable.tcl (RunTclFile)" time="0.013" />
  <testcase classname="ptolemy.util.test.junit.TclTests" name="[30] /home/travis/build/icyphy/ptII/ptolemy/actor/lib/test/Sinewave.tcl (RunTclFile)" time="0.022" />
  <testcase classname="ptolemy.util.test.junit.TclTests" name="[31] /home/travis/build/icyphy/ptII/ptolemy/actor/lib/test/SubscriptionAggregator.tcl (RunTclFile)" time="1.667" />
  <testcase classname="ptolemy.util.test.junit.TclTests" name="[32] /home/travis/build/icyphy/ptII/ptolemy/actor/lib/test/Test.tcl (RunTclFile)" time="0.07" />
  <testcase classname="ptolemy.util.test.junit.TclTests" name="[33] /home/travis/build/icyphy/ptII/ptolemy/actor/lib/test/TestExceptionHandler.tcl (RunTclFile)" time="0.011" />
  <testcase classname="ptolemy.util.test.junit.TclTests" name="[34] /home/travis/build/icyphy/ptII/ptolemy/actor/lib/test/UnionDisassembler.tcl (RunTclFile)" time="0.059" />
  <testcase classname="ptolemy.util.test.junit.TclTests" name="[35] /home/travis/build/icyphy/ptII/ptolemy/actor/lib/test/VariableClock.tcl (RunTclFile)" time="0.025" />
  <testcase classname="ptolemy.util.test.junit.AutoKnownFailedTests" name="[0] /home/travis/build/icyphy/ptII/ptolemy/actor/lib/test/auto/knownFailedTests/PublisherPortToplevelSubscriber.xml (RunModel)" time="0.016" />
  <testcase classname="ptolemy.util.test.junit.AutoKnownFailedTests" name="[1] /home/travis/build/icyphy/ptII/ptolemy/actor/lib/test/auto/knownFailedTests/PublisherSubscriberPortToplevel.xml (RunModel)" time="0.023" />
  <testcase classname="ptolemy.util.test.junit.AutoKnownFailedTests" name="[2] /home/travis/build/icyphy/ptII/ptolemy/actor/lib/test/auto/knownFailedTests/PublisherSubscriptionAggregatorPort.xml (RunModel)" time="0.027" />
  <testcase classname="ptolemy.util.test.junit.AutoKnownFailedTests" name="[3] /home/travis/build/icyphy/ptII/ptolemy/actor/lib/test/auto/knownFailedTests/sizedarray3.xml (RunModel)" time="0.097" />
  <testcase classname="ptolemy.util.test.junit.AutoNameArchTests" name="[0] ThereAreNoAutoArchTests (RunModel)" time="0.001" />
  <testcase classname="ptolemy.util.test.junit.AutoTests" name="[0] /home/travis/build/icyphy/ptII/ptolemy/actor/lib/test/auto/AbsoluteValue.xml (RunModel)" time="0.074" />
  <testcase classname="ptolemy.util.test.junit.AutoTests" name="[1] /home/travis/build/icyphy/ptII/ptolemy/actor/lib/test/auto/AbsoluteValue2.xml (RunModel)" time="0.066" />
  <testcase classname="ptolemy.util.test.junit.AutoTests" name="[2] /home/travis/build/icyphy/ptII/ptolemy/actor/lib/test/auto/Accumulator.xml (RunModel)" time="0.059" />
  <testcase classname="ptolemy.util.test.junit.AutoTests" name="[3] /home/travis/build/icyphy/ptII/ptolemy/actor/lib/test/auto/Accumulator2.xml (RunModel)" time="0.042" />
  <testcase classname="ptolemy.util.test.junit.AutoTests" name="[4] /home/travis/build/icyphy/ptII/ptolemy/actor/lib/test/auto/Accumulator3.xml (RunModel)" time="0.033" />
  <testcase classname="ptolemy.util.test.junit.AutoTests" name="[5] /home/travis/build/icyphy/ptII/ptolemy/actor/lib/test/auto/ArrayAppend.xml (RunModel)" time="0.037" />
  <testcase classname="ptolemy.util.test.junit.AutoTests" name="[6] /home/travis/build/icyphy/ptII/ptolemy/actor/lib/test/auto/ArrayAppend2.xml (RunModel)" time="0.445" />
  <testcase classname="ptolemy.util.test.junit.AutoTests" name="[7] /home/travis/build/icyphy/ptII/ptolemy/actor/lib/test/auto/ArrayAppend3.xml (RunModel)" time="0.028" />
  <testcase classname="ptolemy.util.test.junit.AutoTests" name="[8] /home/travis/build/icyphy/ptII/ptolemy/actor/lib/test/auto/ArrayAppend4.xml (RunModel)" time="0.03" />
  <testcase classname="ptolemy.util.test.junit.AutoTests" name="[9] /home/travis/build/icyphy/ptII/ptolemy/actor/lib/test/auto/ArrayAppend5.xml (RunModel)" time="0.035" />
  <testcase classname="ptolemy.util.test.junit.AutoTests" name="[10] /home/travis/build/icyphy/ptII/ptolemy/actor/lib/test/auto/ArrayAppend6.xml (RunModel)" time="0.025" />
  <testcase classname="ptolemy.util.test.junit.AutoTests" name="[11] /home/travis/build/icyphy/ptII/ptolemy/actor/lib/test/auto/ArrayAppendPerformanceTest.xml (RunModel)" time="0.042" />
  <testcase classname="ptolemy.util.test.junit.AutoTests" name="[12] /home/travis/build/icyphy/ptII/ptolemy/actor/lib/test/auto/ArrayAppendWithEmptyInput.xml (RunModel)" time="0.036" />
  <testcase classname="ptolemy.util.test.junit.AutoTests" name="[13] /home/travis/build/icyphy/ptII/ptolemy/actor/lib/test/auto/ArrayAverage.xml (RunModel)" time="0.042" />
  <testcase classname="ptolemy.util.test.junit.AutoTests" name="[14] /home/travis/build/icyphy/ptII/ptolemy/actor/lib/test/auto/ArrayContains.xml (RunModel)" time="0.046" />
  <testcase classname="ptolemy.util.test.junit.AutoTests" name="[15] /home/travis/build/icyphy/ptII/ptolemy/actor/lib/test/auto/ArrayElement.xml (RunModel)" time="0.02" />
  <testcase classname="ptolemy.util.test.junit.AutoTests" name="[16] /home/travis/build/icyphy/ptII/ptolemy/actor/lib/test/auto/ArrayElementAsMatrix.xml (RunModel)" time="0.038" />
  <testcase classname="ptolemy.util.test.junit.AutoTests" name="[17] /home/travis/build/icyphy/ptII/ptolemy/actor/lib/test/auto/ArrayElementI.xml (RunModel)" time="0.017" />
  <testcase classname="ptolemy.util.test.junit.AutoTests" name="[18] /home/travis/build/icyphy/ptII/ptolemy/actor/lib/test/auto/ArrayExtract.xml (RunModel)" time="0.047" />
  <testcase classname="ptolemy.util.test.junit.AutoTests" name="[19] /home/travis/build/icyphy/ptII/ptolemy/actor/lib/test/auto/ArrayExtract2.xml (RunModel)" time="0.022" />
  <testcase classname="ptolemy.util.test.junit.AutoTests" name="[20] /home/travis/build/icyphy/ptII/ptolemy/actor/lib/test/auto/ArrayLength.xml (RunModel)" time="0.018" />
  <testcase classname="ptolemy.util.test.junit.AutoTests" name="[21] /home/travis/build/icyphy/ptII/ptolemy/actor/lib/test/auto/ArrayLevelCrossing.xml (RunModel)" time="0.034" />
  <testcase classname="ptolemy.util.test.junit.AutoTests" name="[22] /home/travis/build/icyphy/ptII/ptolemy/actor/lib/test/auto/ArrayLevelCrossing2.xml (RunModel)" time="0.026" />
  <testcase classname="ptolemy.util.test.junit.AutoTests" name="[23] /home/travis/build/icyphy/ptII/ptolemy/actor/lib/test/auto/ArrayPeakSearch.xml (RunModel)" time="0.09" />
  <testcase classname="ptolemy.util.test.junit.AutoTests" name="[24] /home/travis/build/icyphy/ptII/ptolemy/actor/lib/test/auto/ArrayPeakSearch2.xml (RunModel)" time="0.046" />
  <testcase classname="ptolemy.util.test.junit.AutoTests" name="[25] /home/travis/build/icyphy/ptII/ptolemy/actor/lib/test/auto/ArrayPeakSearch3.xml (RunModel)" time="0.033" />
  <testcase classname="ptolemy.util.test.junit.AutoTests" name="[26] /home/travis/build/icyphy/ptII/ptolemy/actor/lib/test/auto/ArrayRemoveElement.xml (RunModel)" time="0.024" />
  <testcase classname="ptolemy.util.test.junit.AutoTests" name="[27] /home/travis/build/icyphy/ptII/ptolemy/actor/lib/test/auto/ArraySort.xml (RunModel)" time="0.031" />
  <testcase classname="ptolemy.util.test.junit.AutoTests" name="[28] /home/travis/build/icyphy/ptII/ptolemy/actor/lib/test/auto/ArraySum.xml (RunModel)" time="0.021" />
  <testcase classname="ptolemy.util.test.junit.AutoTests" name="[29] /home/travis/build/icyphy/ptII/ptolemy/actor/lib/test/auto/ArrayToElements.xml (RunModel)" time="0.025" />
  <testcase classname="ptolemy.util.test.junit.AutoTests" name="[30] /home/travis/build/icyphy/ptII/ptolemy/actor/lib/test/auto/ArrayToMatrix.xml (RunModel)" time="0.051" />
  <testcase classname="ptolemy.util.test.junit.AutoTests" name="[31] /home/travis/build/icyphy/ptII/ptolemy/actor/lib/test/auto/ArrayUpdate1.xml (RunModel)" time="0.012" />
  <testcase classname="ptolemy.util.test.junit.AutoTests" name="[32] /home/travis/build/icyphy/ptII/ptolemy/actor/lib/test/auto/ArrayUpdate2.xml (RunModel)" time="0.017" />
  <testcase classname="ptolemy.util.test.junit.AutoTests" name="[33] /home/travis/build/icyphy/ptII/ptolemy/actor/lib/test/auto/ArrayUpdate3.xml (RunModel)" time="0.015" />
  <testcase classname="ptolemy.util.test.junit.AutoTests" name="[34] /home/travis/build/icyphy/ptII/ptolemy/actor/lib/test/auto/Assert1.xml (RunModel)" time="0.019" />
  <testcase classname="ptolemy.util.test.junit.AutoTests" name="[35] /home/travis/build/icyphy/ptII/ptolemy/actor/lib/test/auto/Assert2.xml (RunModel)" time="0.014" />
  <testcase classname="ptolemy.util.test.junit.AutoTests" name="[36] /home/travis/build/icyphy/ptII/ptolemy/actor/lib/test/auto/BooleanMultiplexor.xml (RunModel)" time="0.014" />
  <testcase classname="ptolemy.util.test.junit.AutoTests" name="[37] /home/travis/build/icyphy/ptII/ptolemy/actor/lib/test/auto/BooleanMultiplexor2.xml (RunModel)" time="0.014" />
  <testcase classname="ptolemy.util.test.junit.AutoTests" name="[38] /home/travis/build/icyphy/ptII/ptolemy/actor/lib/test/auto/BooleanMultiplexor3.xml (RunModel)" time="0.027" />
  <testcase classname="ptolemy.util.test.junit.AutoTests" name="[39] /home/travis/build/icyphy/ptII/ptolemy/actor/lib/test/auto/BooleanSelect.xml (RunModel)" time="0.023" />
  <testcase classname="ptolemy.util.test.junit.AutoTests" name="[40] /home/travis/build/icyphy/ptII/ptolemy/actor/lib/test/auto/BooleanSelect2.xml (RunModel)" time="0.013" />
  <testcase classname="ptolemy.util.test.junit.AutoTests" name="[41] /home/travis/build/icyphy/ptII/ptolemy/actor/lib/test/auto/BooleanSwitch.xml (RunModel)" time="0.025" />
  <testcase classname="ptolemy.util.test.junit.AutoTests" name="[42] /home/travis/build/icyphy/ptII/ptolemy/actor/lib/test/auto/BooleanSwitch2.xml (RunModel)" time="0.019" />
  <testcase classname="ptolemy.util.test.junit.AutoTests" name="[43] /home/travis/build/icyphy/ptII/ptolemy/actor/lib/test/auto/BooleanSwitchCloningBugWithClassRelationGroup.xml (RunModel)" time="0.023" />
  <testcase classname="ptolemy.util.test.junit.AutoTests" name="[44] /home/travis/build/icyphy/ptII/ptolemy/actor/lib/test/auto/BusActors.xml (RunModel)" time="0.026" />
  <testcase classname="ptolemy.util.test.junit.AutoTests" name="[45] /home/travis/build/icyphy/ptII/ptolemy/actor/lib/test/auto/ClassWrapper.xml (RunModel)" time="0.01" />
  <testcase classname="ptolemy.util.test.junit.AutoTests" name="[46] /home/travis/build/icyphy/ptII/ptolemy/actor/lib/test/auto/Clock.xml (RunModel)" time="0.012" />
  <testcase classname="ptolemy.util.test.junit.AutoTests" name="[47] /home/travis/build/icyphy/ptII/ptolemy/actor/lib/test/auto/Clock10.xml (RunModel)" time="0.013" />
  <testcase classname="ptolemy.util.test.junit.AutoTests" name="[48] /home/travis/build/icyphy/ptII/ptolemy/actor/lib/test/auto/Clock11.xml (RunModel)" time="0.013" />
  <testcase classname="ptolemy.util.test.junit.AutoTests" name="[49] /home/travis/build/icyphy/ptII/ptolemy/actor/lib/test/auto/Clock12.xml (RunModel)" time="0.013" />
  <testcase classname="ptolemy.util.test.junit.AutoTests" name="[50] /home/travis/build/icyphy/ptII/ptolemy/actor/lib/test/auto/Clock13.xml (RunModel)" time="0.016" />
  <testcase classname="ptolemy.util.test.junit.AutoTests" name="[51] /home/travis/build/icyphy/ptII/ptolemy/actor/lib/test/auto/Clock14.xml (RunModel)" time="0.015" />
  <testcase classname="ptolemy.util.test.junit.AutoTests" name="[52] /home/travis/build/icyphy/ptII/ptolemy/actor/lib/test/auto/Clock15.xml (RunModel)" time="0.019" />
  <testcase classname="ptolemy.util.test.junit.AutoTests" name="[53] /home/travis/build/icyphy/ptII/ptolemy/actor/lib/test/auto/Clock16.xml (RunModel)" time="0.073" />
  <testcase classname="ptolemy.util.test.junit.AutoTests" name="[54] /home/travis/build/icyphy/ptII/ptolemy/actor/lib/test/auto/Clock17.xml (RunModel)" time="0.051" />
  <testcase classname="ptolemy.util.test.junit.AutoTests" name="[55] /home/travis/build/icyphy/ptII/ptolemy/actor/lib/test/auto/Clock18.xml (RunModel)" time="0.036" />
  <testcase classname="ptolemy.util.test.junit.AutoTests" name="[56] /home/travis/build/icyphy/ptII/ptolemy/actor/lib/test/auto/Clock19.xml (RunModel)" time="0.044" />
  <testcase classname="ptolemy.util.test.junit.AutoTests" name="[57] /home/travis/build/icyphy/ptII/ptolemy/actor/lib/test/auto/Clock2.xml (RunModel)" time="0.014" />
  <testcase classname="ptolemy.util.test.junit.AutoTests" name="[58] /home/travis/build/icyphy/ptII/ptolemy/actor/lib/test/auto/Clock20.xml (RunModel)" time="0.02" />
  <testcase classname="ptolemy.util.test.junit.AutoTests" name="[59] /home/travis/build/icyphy/ptII/ptolemy/actor/lib/test/auto/Clock21.xml (RunModel)" time="0.018" />
  <testcase classname="ptolemy.util.test.junit.AutoTests" name="[60] /home/travis/build/icyphy/ptII/ptolemy/actor/lib/test/auto/Clock22.xml (RunModel)" time="0.015" />
  <testcase classname="ptolemy.util.test.junit.AutoTests" name="[61] /home/travis/build/icyphy/ptII/ptolemy/actor/lib/test/auto/Clock23.xml (RunModel)" time="0.019" />
  <testcase classname="ptolemy.util.test.junit.AutoTests" name="[62] /home/travis/build/icyphy/ptII/ptolemy/actor/lib/test/auto/Clock24.xml (RunModel)" time="0.018" />
  <testcase classname="ptolemy.util.test.junit.AutoTests" name="[63] /home/travis/build/icyphy/ptII/ptolemy/actor/lib/test/auto/Clock4.xml (RunModel)" time="0.015" />
  <testcase classname="ptolemy.util.test.junit.AutoTests" name="[64] /home/travis/build/icyphy/ptII/ptolemy/actor/lib/test/auto/Clock5.xml (RunModel)" time="0.012" />
  <testcase classname="ptolemy.util.test.junit.AutoTests" name="[65] /home/travis/build/icyphy/ptII/ptolemy/actor/lib/test/auto/Clock6.xml (RunModel)" time="0.01" />
  <testcase classname="ptolemy.util.test.junit.AutoTests" name="[66] /home/travis/build/icyphy/ptII/ptolemy/actor/lib/test/auto/Clock7.xml (RunModel)" time="0.012" />
  <testcase classname="ptolemy.util.test.junit.AutoTests" name="[67] /home/travis/build/icyphy/ptII/ptolemy/actor/lib/test/auto/Clock8.xml (RunModel)" time="0.017" />
  <testcase classname="ptolemy.util.test.junit.AutoTests" name="[68] /home/travis/build/icyphy/ptII/ptolemy/actor/lib/test/auto/Clock9.xml (RunModel)" time="0.016" />
  <testcase classname="ptolemy.util.test.junit.AutoTests" name="[69] /home/travis/build/icyphy/ptII/ptolemy/actor/lib/test/auto/CommDistDiscard.xml (RunModel)" time="0.023" />
  <testcase classname="ptolemy.util.test.junit.AutoTests" name="[70] /home/travis/build/icyphy/ptII/ptolemy/actor/lib/test/auto/Commutator.xml (RunModel)" time="0.015" />
  <testcase classname="ptolemy.util.test.junit.AutoTests" name="[71] /home/travis/build/icyphy/ptII/ptolemy/actor/lib/test/auto/Commutator2.xml (RunModel)" time="0.011" />
  <testcase classname="ptolemy.util.test.junit.AutoTests" name="[72] /home/travis/build/icyphy/ptII/ptolemy/actor/lib/test/auto/Commutator3.xml (RunModel)" time="0.011" />
  <testcase classname="ptolemy.util.test.junit.AutoTests" name="[73] /home/travis/build/icyphy/ptII/ptolemy/actor/lib/test/auto/Compare.xml (RunModel)" time="0.019" />
  <testcase classname="ptolemy.util.test.junit.AutoTests" name="[74] /home/travis/build/icyphy/ptII/ptolemy/actor/lib/test/auto/CompareDE.xml (RunModel)" time="0.018" />
  <testcase classname="ptolemy.util.test.junit.AutoTests" name="[75] /home/travis/build/icyphy/ptII/ptolemy/actor/lib/test/auto/ComplexDivide.xml (RunModel)" time="0.009" />
  <testcase classname="ptolemy.util.test.junit.AutoTests" name="[76] /home/travis/build/icyphy/ptII/ptolemy/actor/lib/test/auto/ComputeHistogram.xml (RunModel)" time="0.065" />
  <testcase classname="ptolemy.util.test.junit.AutoTests" name="[77] /home/travis/build/icyphy/ptII/ptolemy/actor/lib/test/auto/ConfigurationSelect.xml (RunModel)" time="0.019" />
  <testcase classname="ptolemy.util.test.junit.AutoTests" name="[78] /home/travis/build/icyphy/ptII/ptolemy/actor/lib/test/auto/ConfigurationSelect2.xml (RunModel)" time="0.019" />
  <testcase classname="ptolemy.util.test.junit.AutoTests" name="[79] /home/travis/build/icyphy/ptII/ptolemy/actor/lib/test/auto/ConfigurationSwitch.xml (RunModel)" time="0.057" />
  <testcase classname="ptolemy.util.test.junit.AutoTests" name="[80] /home/travis/build/icyphy/ptII/ptolemy/actor/lib/test/auto/ConfigurationSwitch2.xml (RunModel)" time="0.011" />
  <testcase classname="ptolemy.util.test.junit.AutoTests" name="[81] /home/travis/build/icyphy/ptII/ptolemy/actor/lib/test/auto/ConfigurationSwitchCloningBugWithClassRelationGroup.xml (RunModel)" time="0.017" />
  <testcase classname="ptolemy.util.test.junit.AutoTests" name="[82] /home/travis/build/icyphy/ptII/ptolemy/actor/lib/test/auto/ConfigurationSwitchSelectSDF.xml (RunModel)" time="0.013" />
  <testcase classname="ptolemy.util.test.junit.AutoTests" name="[83] /home/travis/build/icyphy/ptII/ptolemy/actor/lib/test/auto/ConfigurationSwitchSelectSDF2.xml (RunModel)" time="0.011" />
  <testcase classname="ptolemy.util.test.junit.AutoTests" name="[84] /home/travis/build/icyphy/ptII/ptolemy/actor/lib/test/auto/Const.xml (RunModel)" time="0.006" />
  <testcase classname="ptolemy.util.test.junit.AutoTests" name="[85] /home/travis/build/icyphy/ptII/ptolemy/actor/lib/test/auto/Const2.xml (RunModel)" time="0.008" />
  <testcase classname="ptolemy.util.test.junit.AutoTests" name="[86] /home/travis/build/icyphy/ptII/ptolemy/actor/lib/test/auto/Const3.xml (RunModel)" time="0.005" />
  <testcase classname="ptolemy.util.test.junit.AutoTests" name="[87] /home/travis/build/icyphy/ptII/ptolemy/actor/lib/test/auto/ConstantPublisherPort1.xml (RunModel)" time="0.017" />
  <testcase classname="ptolemy.util.test.junit.AutoTests" name="[88] /home/travis/build/icyphy/ptII/ptolemy/actor/lib/test/auto/ConstantPublisherPort2.xml (RunModel)" time="0.014" />
  <testcase classname="ptolemy.util.test.junit.AutoTests" name="[89] /home/travis/build/icyphy/ptII/ptolemy/actor/lib/test/auto/ConstantPublisherPort3.xml (RunModel)" time="0.015" />
  <testcase classname="ptolemy.util.test.junit.AutoTests" name="[90] /home/travis/build/icyphy/ptII/ptolemy/actor/lib/test/auto/ConstantPublisherPort4.xml (RunModel)" time="0.014" />
  <testcase classname="ptolemy.util.test.junit.AutoTests" name="[91] /home/travis/build/icyphy/ptII/ptolemy/actor/lib/test/auto/ConstantPublisherPort5.xml (RunModel)" time="0.027" />
  <testcase classname="ptolemy.util.test.junit.AutoTests" name="[92] /home/travis/build/icyphy/ptII/ptolemy/actor/lib/test/auto/ConstantPublisherPort6.xml (RunModel)" time="0.03" />
  <testcase classname="ptolemy.util.test.junit.AutoTests" name="[93] /home/travis/build/icyphy/ptII/ptolemy/actor/lib/test/auto/ConstantPublisherPort7.xml (RunModel)" time="0.033" />
  <testcase classname="ptolemy.util.test.junit.AutoTests" name="[94] /home/travis/build/icyphy/ptII/ptolemy/actor/lib/test/auto/ConstraintMonitor1.xml (RunModel)" time="0.035" />
  <testcase classname="ptolemy.util.test.junit.AutoTests" name="[95] /home/travis/build/icyphy/ptII/ptolemy/actor/lib/test/auto/ConstraintMonitor2.xml (RunModel)" time="0.015" />
  <testcase classname="ptolemy.util.test.junit.AutoTests" name="[96] /home/travis/build/icyphy/ptII/ptolemy/actor/lib/test/auto/ConstraintMonitor3.xml (RunModel)" time="0.015" />
  <testcase classname="ptolemy.util.test.junit.AutoTests" name="[97] /home/travis/build/icyphy/ptII/ptolemy/actor/lib/test/auto/ConstraintMonitor4.xml (RunModel)" time="0.014" />
  <testcase classname="ptolemy.util.test.junit.AutoTests" name="[98] /home/travis/build/icyphy/ptII/ptolemy/actor/lib/test/auto/ConstraintMonitor5.xml (RunModel)" time="0.011" />
  <testcase classname="ptolemy.util.test.junit.AutoTests" name="[99] /home/travis/build/icyphy/ptII/ptolemy/actor/lib/test/auto/ConstraintMonitor6.xml (RunModel)" time="0.018" />
  <testcase classname="ptolemy.util.test.junit.AutoTests" name="[100] /home/travis/build/icyphy/ptII/ptolemy/actor/lib/test/auto/ConstraintMonitor7.xml (RunModel)" time="0.015" />
  <testcase classname="ptolemy.util.test.junit.AutoTests" name="[101] /home/travis/build/icyphy/ptII/ptolemy/actor/lib/test/auto/ConstraintMonitor8.xml (RunModel)" time="0.014" />
  <testcase classname="ptolemy.util.test.junit.AutoTests" name="[102] /home/travis/build/icyphy/ptII/ptolemy/actor/lib/test/auto/Counter.xml (RunModel)" time="0.014" />
  <testcase classname="ptolemy.util.test.junit.AutoTests" name="[103] /home/travis/build/icyphy/ptII/ptolemy/actor/lib/test/auto/CurrentTimeSDF.xml (RunModel)" time="0.008" />
  <testcase classname="ptolemy.util.test.junit.AutoTests" name="[104] /home/travis/build/icyphy/ptII/ptolemy/actor/lib/test/auto/DB.xml (RunModel)" time="0.013" />
  <testcase classname="ptolemy.util.test.junit.AutoTests" name="[105] /home/travis/build/icyphy/ptII/ptolemy/actor/lib/test/auto/DBDE.xml (RunModel)" time="0.013" />
  <testcase classname="ptolemy.util.test.junit.AutoTests" name="[106] /home/travis/build/icyphy/ptII/ptolemy/actor/lib/test/auto/DateConstructor.xml (RunModel)" time="0.058" />
  <testcase classname="ptolemy.util.test.junit.AutoTests" name="[107] /home/travis/build/icyphy/ptII/ptolemy/actor/lib/test/auto/DelayTime.xml (RunModel)" time="0.015" />
  <testcase classname="ptolemy.util.test.junit.AutoTests" name="[108] /home/travis/build/icyphy/ptII/ptolemy/actor/lib/test/auto/Dictionary1.xml (RunModel)" time="0.017" />
  <testcase classname="ptolemy.util.test.junit.AutoTests" name="[109] /home/travis/build/icyphy/ptII/ptolemy/actor/lib/test/auto/Dictionary2.xml (RunModel)" time="0.015" />
  <testcase classname="ptolemy.util.test.junit.AutoTests" name="[110] /home/travis/build/icyphy/ptII/ptolemy/actor/lib/test/auto/Dictionary3.xml (RunModel)" time="0.013" />
  <testcase classname="ptolemy.util.test.junit.AutoTests" name="[111] /home/travis/build/icyphy/ptII/ptolemy/actor/lib/test/auto/Dictionary4.xml (RunModel)" time="0.021" />
  <testcase classname="ptolemy.util.test.junit.AutoTests" name="[112] /home/travis/build/icyphy/ptII/ptolemy/actor/lib/test/auto/Differential.xml (RunModel)" time="0.011" />
  <testcase classname="ptolemy.util.test.junit.AutoTests" name="[113] /home/travis/build/icyphy/ptII/ptolemy/actor/lib/test/auto/Director.xml (RunModel)" time="0.009" />
  <testcase classname="ptolemy.util.test.junit.AutoTests" name="[114] /home/travis/build/icyphy/ptII/ptolemy/actor/lib/test/auto/DiscreteClock.xml (RunModel)" time="0.009" />
  <testcase classname="ptolemy.util.test.junit.AutoTests" name="[115] /home/travis/build/icyphy/ptII/ptolemy/actor/lib/test/auto/DiscreteClock10.xml (RunModel)" time="0.013" />
  <testcase classname="ptolemy.util.test.junit.AutoTests" name="[116] /home/travis/build/icyphy/ptII/ptolemy/actor/lib/test/auto/DiscreteClock11.xml (RunModel)" time="0.012" />
  <testcase classname="ptolemy.util.test.junit.AutoTests" name="[117] /home/travis/build/icyphy/ptII/ptolemy/actor/lib/test/auto/DiscreteClock12.xml (RunModel)" time="0.013" />
  <testcase classname="ptolemy.util.test.junit.AutoTests" name="[118] /home/travis/build/icyphy/ptII/ptolemy/actor/lib/test/auto/DiscreteClock13.xml (RunModel)" time="0.018" />
  <testcase classname="ptolemy.util.test.junit.AutoTests" name="[119] /home/travis/build/icyphy/ptII/ptolemy/actor/lib/test/auto/DiscreteClock14.xml (RunModel)" time="0.016" />
  <testcase classname="ptolemy.util.test.junit.AutoTests" name="[120] /home/travis/build/icyphy/ptII/ptolemy/actor/lib/test/auto/DiscreteClock15.xml (RunModel)" time="0.017" />
  <testcase classname="ptolemy.util.test.junit.AutoTests" name="[121] /home/travis/build/icyphy/ptII/ptolemy/actor/lib/test/auto/DiscreteClock16.xml (RunModel)" time="0.051" />
  <testcase classname="ptolemy.util.test.junit.AutoTests" name="[122] /home/travis/build/icyphy/ptII/ptolemy/actor/lib/test/auto/DiscreteClock17.xml (RunModel)" time="0.04" />
  <testcase classname="ptolemy.util.test.junit.AutoTests" name="[123] /home/travis/build/icyphy/ptII/ptolemy/actor/lib/test/auto/DiscreteClock18.xml (RunModel)" time="0.484" />
  <testcase classname="ptolemy.util.test.junit.AutoTests" name="[124] /home/travis/build/icyphy/ptII/ptolemy/actor/lib/test/auto/DiscreteClock19.xml (RunModel)" time="0.042" />
  <testcase classname="ptolemy.util.test.junit.AutoTests" name="[125] /home/travis/build/icyphy/ptII/ptolemy/actor/lib/test/auto/DiscreteClock2.xml (RunModel)" time="0.013" />
  <testcase classname="ptolemy.util.test.junit.AutoTests" name="[126] /home/travis/build/icyphy/ptII/ptolemy/actor/lib/test/auto/DiscreteClock20.xml (RunModel)" time="0.017" />
  <testcase classname="ptolemy.util.test.junit.AutoTests" name="[127] /home/travis/build/icyphy/ptII/ptolemy/actor/lib/test/auto/DiscreteClock21.xml (RunModel)" time="0.017" />
  <testcase classname="ptolemy.util.test.junit.AutoTests" name="[128] /home/travis/build/icyphy/ptII/ptolemy/actor/lib/test/auto/DiscreteClock22.xml (RunModel)" time="0.014" />
  <testcase classname="ptolemy.util.test.junit.AutoTests" name="[129] /home/travis/build/icyphy/ptII/ptolemy/actor/lib/test/auto/DiscreteClock23.xml (RunModel)" time="0.018" />
  <testcase classname="ptolemy.util.test.junit.AutoTests" name="[130] /home/travis/build/icyphy/ptII/ptolemy/actor/lib/test/auto/DiscreteClock24.xml (RunModel)" time="0.018" />
  <testcase classname="ptolemy.util.test.junit.AutoTests" name="[131] /home/travis/build/icyphy/ptII/ptolemy/actor/lib/test/auto/DiscreteClock4.xml (RunModel)" time="0.013" />
  <testcase classname="ptolemy.util.test.junit.AutoTests" name="[132] /home/travis/build/icyphy/ptII/ptolemy/actor/lib/test/auto/DiscreteClock5.xml (RunModel)" time="0.013" />
  <testcase classname="ptolemy.util.test.junit.AutoTests" name="[133] /home/travis/build/icyphy/ptII/ptolemy/actor/lib/test/auto/DiscreteClock6.xml (RunModel)" time="0.009" />
  <testcase classname="ptolemy.util.test.junit.AutoTests" name="[134] /home/travis/build/icyphy/ptII/ptolemy/actor/lib/test/auto/DiscreteClock7.xml (RunModel)" time="0.008" />
  <testcase classname="ptolemy.util.test.junit.AutoTests" name="[135] /home/travis/build/icyphy/ptII/ptolemy/actor/lib/test/auto/DiscreteClock8.xml (RunModel)" time="0.011" />
  <testcase classname="ptolemy.util.test.junit.AutoTests" name="[136] /home/travis/build/icyphy/ptII/ptolemy/actor/lib/test/auto/DiscreteClock9.xml (RunModel)" time="0.014" />
  <testcase classname="ptolemy.util.test.junit.AutoTests" name="[137] /home/travis/build/icyphy/ptII/ptolemy/actor/lib/test/auto/DisplayArray.xml (RunModel)" time="0.02" />
  <testcase classname="ptolemy.util.test.junit.AutoTests" name="[138] /home/travis/build/icyphy/ptII/ptolemy/actor/lib/test/auto/Distributor.xml (RunModel)" time="0.011" />
  <testcase classname="ptolemy.util.test.junit.AutoTests" name="[139] /home/travis/build/icyphy/ptII/ptolemy/actor/lib/test/auto/Distributor2.xml (RunModel)" time="0.013" />
  <testcase classname="ptolemy.util.test.junit.AutoTests" name="[140] /home/travis/build/icyphy/ptII/ptolemy/actor/lib/test/auto/DownSample.xml (RunModel)" time="0.011" />
  <testcase classname="ptolemy.util.test.junit.AutoTests" name="[141] /home/travis/build/icyphy/ptII/ptolemy/actor/lib/test/auto/ElectronicUnitBase1.xml (RunModel)" time="0.067" />
  <testcase classname="ptolemy.util.test.junit.AutoTests" name="[142] /home/travis/build/icyphy/ptII/ptolemy/actor/lib/test/auto/ElementsToArray.xml (RunModel)" time="0.012" />
  <testcase classname="ptolemy.util.test.junit.AutoTests" name="[143] /home/travis/build/icyphy/ptII/ptolemy/actor/lib/test/auto/Equals.xml (RunModel)" time="0.021" />
  <testcase classname="ptolemy.util.test.junit.AutoTests" name="[144] /home/travis/build/icyphy/ptII/ptolemy/actor/lib/test/auto/Exec.xml (RunModel)" time="0.026" />
  <testcase classname="ptolemy.util.test.junit.AutoTests" name="[145] /home/travis/build/icyphy/ptII/ptolemy/actor/lib/test/auto/ExecEnvironment.xml (RunModel)" time="0.037" />
  <testcase classname="ptolemy.util.test.junit.AutoTests" name="[146] /home/travis/build/icyphy/ptII/ptolemy/actor/lib/test/auto/ExecNonZeroReturnOutput.xml (RunModel)" time="0.149" />
  <testcase classname="ptolemy.util.test.junit.AutoTests" name="[147] /home/travis/build/icyphy/ptII/ptolemy/actor/lib/test/auto/ExecRunDemos.xml (RunModel)" time="9.48" />
  <testcase classname="ptolemy.util.test.junit.AutoTests" name="[148] /home/travis/build/icyphy/ptII/ptolemy/actor/lib/test/auto/ExecStop.xml (RunModel)" time="5.024" />
  <testcase classname="ptolemy.util.test.junit.AutoTests" name="[149] /home/travis/build/icyphy/ptII/ptolemy/actor/lib/test/auto/ExecutionTimeSDF.xml (RunModel)" time="6.03" />
  <testcase classname="ptolemy.util.test.junit.AutoTests" name="[150] /home/travis/build/icyphy/ptII/ptolemy/actor/lib/test/auto/Expression1.xml (RunModel)" time="0.017" />
  <testcase classname="ptolemy.util.test.junit.AutoTests" name="[151] /home/travis/build/icyphy/ptII/ptolemy/actor/lib/test/auto/Expression10.xml (RunModel)" time="0.014" />
  <testcase classname="ptolemy.util.test.junit.AutoTests" name="[152] /home/travis/build/icyphy/ptII/ptolemy/actor/lib/test/auto/Expression11.xml (RunModel)" time="0.013" />
  <testcase classname="ptolemy.util.test.junit.AutoTests" name="[153] /home/travis/build/icyphy/ptII/ptolemy/actor/lib/test/auto/Expression12.xml (RunModel)" time="0.013" />
  <testcase classname="ptolemy.util.test.junit.AutoTests" name="[154] /home/travis/build/icyphy/ptII/ptolemy/actor/lib/test/auto/Expression13.xml (RunModel)" time="0.013" />
  <testcase classname="ptolemy.util.test.junit.AutoTests" name="[155] /home/travis/build/icyphy/ptII/ptolemy/actor/lib/test/auto/Expression14.xml (RunModel)" time="0.021" />
  <testcase classname="ptolemy.util.test.junit.AutoTests" name="[156] /home/travis/build/icyphy/ptII/ptolemy/actor/lib/test/auto/Expression15.xml (RunModel)" time="0.009" />
  <testcase classname="ptolemy.util.test.junit.AutoTests" name="[157] /home/travis/build/icyphy/ptII/ptolemy/actor/lib/test/auto/Expression16.xml (RunModel)" time="0.012" />
  <testcase classname="ptolemy.util.test.junit.AutoTests" name="[158] /home/travis/build/icyphy/ptII/ptolemy/actor/lib/test/auto/Expression17.xml (RunModel)" time="0.012" />
  <testcase classname="ptolemy.util.test.junit.AutoTests" name="[159] /home/travis/build/icyphy/ptII/ptolemy/actor/lib/test/auto/Expression18.xml (RunModel)" time="0.014" />
  <testcase classname="ptolemy.util.test.junit.AutoTests" name="[160] /home/travis/build/icyphy/ptII/ptolemy/actor/lib/test/auto/Expression2.xml (RunModel)" time="0.012" />
  <testcase classname="ptolemy.util.test.junit.AutoTests" name="[161] /home/travis/build/icyphy/ptII/ptolemy/actor/lib/test/auto/Expression3.xml (RunModel)" time="0.011" />
  <testcase classname="ptolemy.util.test.junit.AutoTests" name="[162] /home/travis/build/icyphy/ptII/ptolemy/actor/lib/test/auto/Expression4.xml (RunModel)" time="0.018" />
  <testcase classname="ptolemy.util.test.junit.AutoTests" name="[163] /home/travis/build/icyphy/ptII/ptolemy/actor/lib/test/auto/Expression5.xml (RunModel)" time="0.011" />
  <testcase classname="ptolemy.util.test.junit.AutoTests" name="[164] /home/travis/build/icyphy/ptII/ptolemy/actor/lib/test/auto/Expression6.xml (RunModel)" time="0.01" />
  <testcase classname="ptolemy.util.test.junit.AutoTests" name="[165] /home/travis/build/icyphy/ptII/ptolemy/actor/lib/test/auto/Expression7.xml (RunModel)" time="0.016" />
  <testcase classname="ptolemy.util.test.junit.AutoTests" name="[166] /home/travis/build/icyphy/ptII/ptolemy/actor/lib/test/auto/Expression8.xml (RunModel)" time="0.015" />
  <testcase classname="ptolemy.util.test.junit.AutoTests" name="[167] /home/travis/build/icyphy/ptII/ptolemy/actor/lib/test/auto/Expression9.xml (RunModel)" time="0.013" />
  <testcase classname="ptolemy.util.test.junit.AutoTests" name="[168] /home/travis/build/icyphy/ptII/ptolemy/actor/lib/test/auto/ExpressionConcatenateArrayType.xml (RunModel)" time="0.022" />
  <testcase classname="ptolemy.util.test.junit.AutoTests" name="[169] /home/travis/build/icyphy/ptII/ptolemy/actor/lib/test/auto/ExpressionConcatenateArrayType2.xml (RunModel)" time="0.014" />
  <testcase classname="ptolemy.util.test.junit.AutoTests" name="[170] /home/travis/build/icyphy/ptII/ptolemy/actor/lib/test/auto/ExpressionFix.xml (RunModel)" time="0.024" />
  <testcase classname="ptolemy.util.test.junit.AutoTests" name="[171] /home/travis/build/icyphy/ptII/ptolemy/actor/lib/test/auto/ExpressionFix2.xml (RunModel)" time="0.009" />
  <testcase classname="ptolemy.util.test.junit.AutoTests" name="[172] /home/travis/build/icyphy/ptII/ptolemy/actor/lib/test/auto/ExpressionFix3.xml (RunModel)" time="0.009" />
  <testcase classname="ptolemy.util.test.junit.AutoTests" name="[173] /home/travis/build/icyphy/ptII/ptolemy/actor/lib/test/auto/FileWriter1.xml (RunModel)" time="0.008" />
  <testcase classname="ptolemy.util.test.junit.AutoTests" name="[174] /home/travis/build/icyphy/ptII/ptolemy/actor/lib/test/auto/FileWriter2.xml (RunModel)" time="0.009" />
  <testcase classname="ptolemy.util.test.junit.AutoTests" name="[175] /home/travis/build/icyphy/ptII/ptolemy/actor/lib/test/auto/FileWriter3.xml (RunModel)" time="0.01" />
  <testcase classname="ptolemy.util.test.junit.AutoTests" name="[176] /home/travis/build/icyphy/ptII/ptolemy/actor/lib/test/auto/Gaussian.xml (RunModel)" time="0.009" />
  <testcase classname="ptolemy.util.test.junit.AutoTests" name="[177] /home/travis/build/icyphy/ptII/ptolemy/actor/lib/test/auto/Gaussian1.xml (RunModel)" time="0.011" />
  <testcase classname="ptolemy.util.test.junit.AutoTests" name="[178] /home/travis/build/icyphy/ptII/ptolemy/actor/lib/test/auto/Gaussian2.xml (RunModel)" time="0.015" />
  <testcase classname="ptolemy.util.test.junit.AutoTests" name="[179] /home/travis/build/icyphy/ptII/ptolemy/actor/lib/test/auto/GradientAdaptiveLattice.xml (RunModel)" time="0.014" />
  <testcase classname="ptolemy.util.test.junit.AutoTests" name="[180] /home/travis/build/icyphy/ptII/ptolemy/actor/lib/test/auto/IIR.xml (RunModel)" time="0.009" />
  <testcase classname="ptolemy.util.test.junit.AutoTests" name="[181] /home/travis/build/icyphy/ptII/ptolemy/actor/lib/test/auto/InputOutputTransparentPorts.xml (RunModel)" time="0.017" />
  <testcase classname="ptolemy.util.test.junit.AutoTests" name="[182] /home/travis/build/icyphy/ptII/ptolemy/actor/lib/test/auto/Interpolator.xml (RunModel)" time="0.01" />
  <testcase classname="ptolemy.util.test.junit.AutoTests" name="[183] /home/travis/build/icyphy/ptII/ptolemy/actor/lib/test/auto/InterpolatorFiringLimitDE.xml (RunModel)" time="0.013" />
  <testcase classname="ptolemy.util.test.junit.AutoTests" name="[184] /home/travis/build/icyphy/ptII/ptolemy/actor/lib/test/auto/Lattice.xml (RunModel)" time="0.008" />
  <testcase classname="ptolemy.util.test.junit.AutoTests" name="[185] /home/travis/build/icyphy/ptII/ptolemy/actor/lib/test/auto/LazyAOCTestLazy.xml (RunModel)" time="0.021" />
  <testcase classname="ptolemy.util.test.junit.AutoTests" name="[186] /home/travis/build/icyphy/ptII/ptolemy/actor/lib/test/auto/LazyAOCTestNonLazy.xml (RunModel)" time="0.015" />
  <testcase classname="ptolemy.util.test.junit.AutoTests" name="[187] /home/travis/build/icyphy/ptII/ptolemy/actor/lib/test/auto/LazyInnerClass.xml (RunModel)" time="0.017" />
  <testcase classname="ptolemy.util.test.junit.AutoTests" name="[188] /home/travis/build/icyphy/ptII/ptolemy/actor/lib/test/auto/LazyPubSub.xml (RunModel)" time="0.028" />
  <testcase classname="ptolemy.util.test.junit.AutoTests" name="[189] /home/travis/build/icyphy/ptII/ptolemy/actor/lib/test/auto/LazyPubSub2.xml (RunModel)" time="0.048" />
  <testcase classname="ptolemy.util.test.junit.AutoTests" name="[190] /home/travis/build/icyphy/ptII/ptolemy/actor/lib/test/auto/LazyPubSub3.xml (RunModel)" time="0.056" />
  <testcase classname="ptolemy.util.test.junit.AutoTests" name="[191] /home/travis/build/icyphy/ptII/ptolemy/actor/lib/test/auto/LazySubClassModel.xml (RunModel)" time="0.044" />
  <testcase classname="ptolemy.util.test.junit.AutoTests" name="[192] /home/travis/build/icyphy/ptII/ptolemy/actor/lib/test/auto/LevelCrossTest1.xml (RunModel)" time="0.012" />
  <testcase classname="ptolemy.util.test.junit.AutoTests" name="[193] /home/travis/build/icyphy/ptII/ptolemy/actor/lib/test/auto/LevelCrossTest10.xml (RunModel)" time="0.019" />
  <testcase classname="ptolemy.util.test.junit.AutoTests" name="[194] /home/travis/build/icyphy/ptII/ptolemy/actor/lib/test/auto/LevelCrossTest11.xml (RunModel)" time="0.012" />
  <testcase classname="ptolemy.util.test.junit.AutoTests" name="[195] /home/travis/build/icyphy/ptII/ptolemy/actor/lib/test/auto/LevelCrossTest12.xml (RunModel)" time="0.015" />
  <testcase classname="ptolemy.util.test.junit.AutoTests" name="[196] /home/travis/build/icyphy/ptII/ptolemy/actor/lib/test/auto/LevelCrossTest13.xml (RunModel)" time="0.013" />
  <testcase classname="ptolemy.util.test.junit.AutoTests" name="[197] /home/travis/build/icyphy/ptII/ptolemy/actor/lib/test/auto/LevelCrossTest2.xml (RunModel)" time="0.012" />
  <testcase classname="ptolemy.util.test.junit.AutoTests" name="[198] /home/travis/build/icyphy/ptII/ptolemy/actor/lib/test/auto/LevelCrossTest3.xml (RunModel)" time="0.011" />
  <testcase classname="ptolemy.util.test.junit.AutoTests" name="[199] /home/travis/build/icyphy/ptII/ptolemy/actor/lib/test/auto/LevelCrossTest4.xml (RunModel)" time="0.013" />
  <testcase classname="ptolemy.util.test.junit.AutoTests" name="[200] /home/travis/build/icyphy/ptII/ptolemy/actor/lib/test/auto/LevelCrossTest5.xml (RunModel)" time="0.013" />
  <testcase classname="ptolemy.util.test.junit.AutoTests" name="[201] /home/travis/build/icyphy/ptII/ptolemy/actor/lib/test/auto/LevelCrossTest6.xml (RunModel)" time="0.017" />
  <testcase classname="ptolemy.util.test.junit.AutoTests" name="[202] /home/travis/build/icyphy/ptII/ptolemy/actor/lib/test/auto/LevelCrossTest7.xml (RunModel)" time="0.021" />
  <testcase classname="ptolemy.util.test.junit.AutoTests" name="[203] /home/travis/build/icyphy/ptII/ptolemy/actor/lib/test/auto/LevelCrossTest8.xml (RunModel)" time="0.014" />
  <testcase classname="ptolemy.util.test.junit.AutoTests" name="[204] /home/travis/build/icyphy/ptII/ptolemy/actor/lib/test/auto/LevelCrossTest9.xml (RunModel)" time="0.014" />
  <testcase classname="ptolemy.util.test.junit.AutoTests" name="[205] /home/travis/build/icyphy/ptII/ptolemy/actor/lib/test/auto/LevinsonDurbin.xml (RunModel)" time="0.011" />
  <testcase classname="ptolemy.util.test.junit.AutoTests" name="[206] /home/travis/build/icyphy/ptII/ptolemy/actor/lib/test/auto/LevinsonDurbin2.xml (RunModel)" time="0.01" />
  <testcase classname="ptolemy.util.test.junit.AutoTests" name="[207] /home/travis/build/icyphy/ptII/ptolemy/actor/lib/test/auto/LevinsonDurbin3.xml (RunModel)" time="0.009" />
  <testcase classname="ptolemy.util.test.junit.AutoTests" name="[208] /home/travis/build/icyphy/ptII/ptolemy/actor/lib/test/auto/Limiter.xml (RunModel)" time="0.03" />
  <testcase classname="ptolemy.util.test.junit.AutoTests" name="[209] /home/travis/build/icyphy/ptII/ptolemy/actor/lib/test/auto/LinearDifferenceEquationSystem.xml (RunModel)" time="0.018" />
  <testcase classname="ptolemy.util.test.junit.AutoTests" name="[210] /home/travis/build/icyphy/ptII/ptolemy/actor/lib/test/auto/LookupTable.xml (RunModel)" time="0.009" />
  <testcase classname="ptolemy.util.test.junit.AutoTests" name="[211] /home/travis/build/icyphy/ptII/ptolemy/actor/lib/test/auto/MathFunction.xml (RunModel)" time="0.026" />
  <testcase classname="ptolemy.util.test.junit.AutoTests" name="[212] /home/travis/build/icyphy/ptII/ptolemy/actor/lib/test/auto/MathFunction2.xml (RunModel)" time="0.015" />
  <testcase classname="ptolemy.util.test.junit.AutoTests" name="[213] /home/travis/build/icyphy/ptII/ptolemy/actor/lib/test/auto/MathFunction3.xml (RunModel)" time="0.017" />
  <testcase classname="ptolemy.util.test.junit.AutoTests" name="[214] /home/travis/build/icyphy/ptII/ptolemy/actor/lib/test/auto/MatrixCropBoolean.xml (RunModel)" time="0.016" />
  <testcase classname="ptolemy.util.test.junit.AutoTests" name="[215] /home/travis/build/icyphy/ptII/ptolemy/actor/lib/test/auto/MatrixCropComplex.xml (RunModel)" time="0.01" />
  <testcase classname="ptolemy.util.test.junit.AutoTests" name="[216] /home/travis/build/icyphy/ptII/ptolemy/actor/lib/test/auto/MatrixCropDouble.xml (RunModel)" time="0.009" />
  <testcase classname="ptolemy.util.test.junit.AutoTests" name="[217] /home/travis/build/icyphy/ptII/ptolemy/actor/lib/test/auto/MatrixCropFix.xml (RunModel)" time="0.014" />
  <testcase classname="ptolemy.util.test.junit.AutoTests" name="[218] /home/travis/build/icyphy/ptII/ptolemy/actor/lib/test/auto/MatrixCropInt.xml (RunModel)" time="0.011" />
  <testcase classname="ptolemy.util.test.junit.AutoTests" name="[219] /home/travis/build/icyphy/ptII/ptolemy/actor/lib/test/auto/MatrixCropLong.xml (RunModel)" time="0.01" />
  <testcase classname="ptolemy.util.test.junit.AutoTests" name="[220] /home/travis/build/icyphy/ptII/ptolemy/actor/lib/test/auto/MatrixToArray.xml (RunModel)" time="0.076" />
  <testcase classname="ptolemy.util.test.junit.AutoTests" name="[221] /home/travis/build/icyphy/ptII/ptolemy/actor/lib/test/auto/MaxIndex.xml (RunModel)" time="0.011" />
  <testcase classname="ptolemy.util.test.junit.AutoTests" name="[222] /home/travis/build/icyphy/ptII/ptolemy/actor/lib/test/auto/Maximum.xml (RunModel)" time="0.017" />
  <testcase classname="ptolemy.util.test.junit.AutoTests" name="[223] /home/travis/build/icyphy/ptII/ptolemy/actor/lib/test/auto/MaximumComplex.xml (RunModel)" time="0.018" />
  <testcase classname="ptolemy.util.test.junit.AutoTests" name="[224] /home/travis/build/icyphy/ptII/ptolemy/actor/lib/test/auto/MethodCallTest.xml (RunModel)" time="0.022" />
  <testcase classname="ptolemy.util.test.junit.AutoTests" name="[225] /home/travis/build/icyphy/ptII/ptolemy/actor/lib/test/auto/Minimum.xml (RunModel)" time="0.014" />
  <testcase classname="ptolemy.util.test.junit.AutoTests" name="[226] /home/travis/build/icyphy/ptII/ptolemy/actor/lib/test/auto/MinimumComplex.xml (RunModel)" time="0.016" />
  <testcase classname="ptolemy.util.test.junit.AutoTests" name="[227] /home/travis/build/icyphy/ptII/ptolemy/actor/lib/test/auto/MinimumMultiports.xml (RunModel)" time="0.022" />
  <testcase classname="ptolemy.util.test.junit.AutoTests" name="[228] /home/travis/build/icyphy/ptII/ptolemy/actor/lib/test/auto/ModifyDate.xml (RunModel)" time="0.039" />
  <testcase classname="ptolemy.util.test.junit.AutoTests" name="[229] /home/travis/build/icyphy/ptII/ptolemy/actor/lib/test/auto/ModifyDate2.xml (RunModel)" time="0.031" />
  <testcase classname="ptolemy.util.test.junit.AutoTests" name="[230] /home/travis/build/icyphy/ptII/ptolemy/actor/lib/test/auto/MovingAverage.xml (RunModel)" time="0.011" />
  <testcase classname="ptolemy.util.test.junit.AutoTests" name="[231] /home/travis/build/icyphy/ptII/ptolemy/actor/lib/test/auto/MovingMaximum.xml (RunModel)" time="0.011" />
  <testcase classname="ptolemy.util.test.junit.AutoTests" name="[232] /home/travis/build/icyphy/ptII/ptolemy/actor/lib/test/auto/MultipleLinksToSameRelation.xml (RunModel)" time="0.01" />
  <testcase classname="ptolemy.util.test.junit.AutoTests" name="[233] /home/travis/build/icyphy/ptII/ptolemy/actor/lib/test/auto/MultipleLinksToSameRelationDE.xml (RunModel)" time="0.014" />
  <testcase classname="ptolemy.util.test.junit.AutoTests" name="[234] /home/travis/build/icyphy/ptII/ptolemy/actor/lib/test/auto/Multiplexor.xml (RunModel)" time="0.011" />
  <testcase classname="ptolemy.util.test.junit.AutoTests" name="[235] /home/travis/build/icyphy/ptII/ptolemy/actor/lib/test/auto/Multiplexor1.xml (RunModel)" time="0.014" />
  <testcase classname="ptolemy.util.test.junit.AutoTests" name="[236] /home/travis/build/icyphy/ptII/ptolemy/actor/lib/test/auto/Multiplexor2.xml (RunModel)" time="0.019" />
  <testcase classname="ptolemy.util.test.junit.AutoTests" name="[237] /home/travis/build/icyphy/ptII/ptolemy/actor/lib/test/auto/Multiplexor3.xml (RunModel)" time="0.009" />
  <testcase classname="ptolemy.util.test.junit.AutoTests" name="[238] /home/travis/build/icyphy/ptII/ptolemy/actor/lib/test/auto/MultiplexorDE.xml (RunModel)" time="0.02" />
  <testcase classname="ptolemy.util.test.junit.AutoTests" name="[239] /home/travis/build/icyphy/ptII/ptolemy/actor/lib/test/auto/MultiportBroadcastTest.xml (RunModel)" time="0.099" />
  <testcase classname="ptolemy.util.test.junit.AutoTests" name="[240] /home/travis/build/icyphy/ptII/ptolemy/actor/lib/test/auto/MultiportOutHangDuringGetWidth.xml (RunModel)" time="0.034" />
  <testcase classname="ptolemy.util.test.junit.AutoTests" name="[241] /home/travis/build/icyphy/ptII/ptolemy/actor/lib/test/auto/NilToken.xml (RunModel)" time="0.014" />
  <testcase classname="ptolemy.util.test.junit.AutoTests" name="[242] /home/travis/build/icyphy/ptII/ptolemy/actor/lib/test/auto/NilTokenNonStrictTest.xml (RunModel)" time="0.014" />
  <testcase classname="ptolemy.util.test.junit.AutoTests" name="[243] /home/travis/build/icyphy/ptII/ptolemy/actor/lib/test/auto/NilTokenRecord.xml (RunModel)" time="0.022" />
  <testcase classname="ptolemy.util.test.junit.AutoTests" name="[244] /home/travis/build/icyphy/ptII/ptolemy/actor/lib/test/auto/NilTokenTypeTest.xml (RunModel)" time="0.042" />
  <testcase classname="ptolemy.util.test.junit.AutoTests" name="[245] /home/travis/build/icyphy/ptII/ptolemy/actor/lib/test/auto/ObjectToken1.xml (RunModel)" time="0.016" />
  <testcase classname="ptolemy.util.test.junit.AutoTests" name="[246] /home/travis/build/icyphy/ptII/ptolemy/actor/lib/test/auto/OrderedMerge.xml (RunModel)" time="0.022" />
  <testcase classname="ptolemy.util.test.junit.AutoTests" name="[247] /home/travis/build/icyphy/ptII/ptolemy/actor/lib/test/auto/OrderedRecordDisassembler.xml (RunModel)" time="0.019" />
  <testcase classname="ptolemy.util.test.junit.AutoTests" name="[248] /home/travis/build/icyphy/ptII/ptolemy/actor/lib/test/auto/OrderedRecordDisassembler2.xml (RunModel)" time="0.017" />
  <testcase classname="ptolemy.util.test.junit.AutoTests" name="[249] /home/travis/build/icyphy/ptII/ptolemy/actor/lib/test/auto/OrderedRecordUpdater.xml (RunModel)" time="0.01" />
  <testcase classname="ptolemy.util.test.junit.AutoTests" name="[250] /home/travis/build/icyphy/ptII/ptolemy/actor/lib/test/auto/OrderedRecordUpdater2.xml (RunModel)" time="0.018" />
  <testcase classname="ptolemy.util.test.junit.AutoTests" name="[251] /home/travis/build/icyphy/ptII/ptolemy/actor/lib/test/auto/PhaseUnwrap.xml (RunModel)" time="0.01" />
  <testcase classname="ptolemy.util.test.junit.AutoTests" name="[252] /home/travis/build/icyphy/ptII/ptolemy/actor/lib/test/auto/PoissonClock.xml (RunModel)" time="0.009" />
  <testcase classname="ptolemy.util.test.junit.AutoTests" name="[253] /home/travis/build/icyphy/ptII/ptolemy/actor/lib/test/auto/PoissonClock2.xml (RunModel)" time="0.007" />
  <testcase classname="ptolemy.util.test.junit.AutoTests" name="[254] /home/travis/build/icyphy/ptII/ptolemy/actor/lib/test/auto/PoissonClock3.xml (RunModel)" time="0.015" />
  <testcase classname="ptolemy.util.test.junit.AutoTests" name="[255] /home/travis/build/icyphy/ptII/ptolemy/actor/lib/test/auto/PubSubWithInitialTokens.xml (RunModel)" time="0.013" />
  <testcase classname="ptolemy.util.test.junit.AutoTests" name="[256] /home/travis/build/icyphy/ptII/ptolemy/actor/lib/test/auto/PubSubWithInitialTokens2.xml (RunModel)" time="0.011" />
  <testcase classname="ptolemy.util.test.junit.AutoTests" name="[257] /home/travis/build/icyphy/ptII/ptolemy/actor/lib/test/auto/PublisherClassNoParameter.xml (RunModel)" time="0.023" />
  <testcase classname="ptolemy.util.test.junit.AutoTests" name="[258] /home/travis/build/icyphy/ptII/ptolemy/actor/lib/test/auto/PublisherClassParameter.xml (RunModel)" time="0.027" />
  <testcase classname="ptolemy.util.test.junit.AutoTests" name="[259] /home/travis/build/icyphy/ptII/ptolemy/actor/lib/test/auto/PublisherNonStrictTest.xml (RunModel)" time="0.015" />
  <testcase classname="ptolemy.util.test.junit.AutoTests" name="[260] /home/travis/build/icyphy/ptII/ptolemy/actor/lib/test/auto/PublisherPort1.xml (RunModel)" time="0.01" />
  <testcase classname="ptolemy.util.test.junit.AutoTests" name="[261] /home/travis/build/icyphy/ptII/ptolemy/actor/lib/test/auto/PublisherPort2.xml (RunModel)" time="0.009" />
  <testcase classname="ptolemy.util.test.junit.AutoTests" name="[262] /home/travis/build/icyphy/ptII/ptolemy/actor/lib/test/auto/PublisherPort3.xml (RunModel)" time="0.02" />
  <testcase classname="ptolemy.util.test.junit.AutoTests" name="[263] /home/travis/build/icyphy/ptII/ptolemy/actor/lib/test/auto/PublisherPort4.xml (RunModel)" time="0.02" />
  <testcase classname="ptolemy.util.test.junit.AutoTests" name="[264] /home/travis/build/icyphy/ptII/ptolemy/actor/lib/test/auto/PublisherPort5.xml (RunModel)" time="0.016" />
  <testcase classname="ptolemy.util.test.junit.AutoTests" name="[265] /home/travis/build/icyphy/ptII/ptolemy/actor/lib/test/auto/PublisherPort5LookAlike.xml (RunModel)" time="0.019" />
  <testcase classname="ptolemy.util.test.junit.AutoTests" name="[266] /home/travis/build/icyphy/ptII/ptolemy/actor/lib/test/auto/PublisherPort6.xml (RunModel)" time="0.012" />
  <testcase classname="ptolemy.util.test.junit.AutoTests" name="[267] /home/travis/build/icyphy/ptII/ptolemy/actor/lib/test/auto/PublisherPort7.xml (RunModel)" time="0.014" />
  <testcase classname="ptolemy.util.test.junit.AutoTests" name="[268] /home/travis/build/icyphy/ptII/ptolemy/actor/lib/test/auto/PublisherPort8.xml (RunModel)" time="0.014" />
  <testcase classname="ptolemy.util.test.junit.AutoTests" name="[269] /home/travis/build/icyphy/ptII/ptolemy/actor/lib/test/auto/PublisherPortSubscriberChannelVariablesAOC2.xml (RunModel)" time="0.031" />
  <testcase classname="ptolemy.util.test.junit.AutoTests" name="[270] /home/travis/build/icyphy/ptII/ptolemy/actor/lib/test/auto/PublisherPortSubscriberOpaqueWidthInference.xml (RunModel)" time="0.013" />
  <testcase classname="ptolemy.util.test.junit.AutoTests" name="[271] /home/travis/build/icyphy/ptII/ptolemy/actor/lib/test/auto/PublisherPortSubscriberPortAdjacent.xml (RunModel)" time="0.017" />
  <testcase classname="ptolemy.util.test.junit.AutoTests" name="[272] /home/travis/build/icyphy/ptII/ptolemy/actor/lib/test/auto/PublisherPortSubscriberPortExpression.xml (RunModel)" time="0.014" />
  <testcase classname="ptolemy.util.test.junit.AutoTests" name="[273] /home/travis/build/icyphy/ptII/ptolemy/actor/lib/test/auto/PublisherPortSubscriberPortOpaqueD3Reverse.xml (RunModel)" time="0.018" />
  <testcase classname="ptolemy.util.test.junit.AutoTests" name="[274] /home/travis/build/icyphy/ptII/ptolemy/actor/lib/test/auto/PublisherPortSubscriberPortOpaqueWidthInference.xml (RunModel)" time="0.014" />
  <testcase classname="ptolemy.util.test.junit.AutoTests" name="[275] /home/travis/build/icyphy/ptII/ptolemy/actor/lib/test/auto/PublisherPortToplevelSubscriberPortAOC.xml (RunModel)" time="0.009" />
  <testcase classname="ptolemy.util.test.junit.AutoTests" name="[276] /home/travis/build/icyphy/ptII/ptolemy/actor/lib/test/auto/PublisherSubscriber.xml (RunModel)" time="0.019" />
  <testcase classname="ptolemy.util.test.junit.AutoTests" name="[277] /home/travis/build/icyphy/ptII/ptolemy/actor/lib/test/auto/PublisherSubscriber10.xml (RunModel)" time="0.019" />
  <testcase classname="ptolemy.util.test.junit.AutoTests" name="[278] /home/travis/build/icyphy/ptII/ptolemy/actor/lib/test/auto/PublisherSubscriber10InitialOutputs.xml (RunModel)" time="0.028" />
  <testcase classname="ptolemy.util.test.junit.AutoTests" name="[279] /home/travis/build/icyphy/ptII/ptolemy/actor/lib/test/auto/PublisherSubscriber11.xml (RunModel)" time="0.02" />
  <testcase classname="ptolemy.util.test.junit.AutoTests" name="[280] /home/travis/build/icyphy/ptII/ptolemy/actor/lib/test/auto/PublisherSubscriber12.xml (RunModel)" time="0.015" />
  <testcase classname="ptolemy.util.test.junit.AutoTests" name="[281] /home/travis/build/icyphy/ptII/ptolemy/actor/lib/test/auto/PublisherSubscriber13.xml (RunModel)" time="0.019" />
  <testcase classname="ptolemy.util.test.junit.AutoTests" name="[282] /home/travis/build/icyphy/ptII/ptolemy/actor/lib/test/auto/PublisherSubscriber14.xml (RunModel)" time="0.02" />
  <testcase classname="ptolemy.util.test.junit.AutoTests" name="[283] /home/travis/build/icyphy/ptII/ptolemy/actor/lib/test/auto/PublisherSubscriber2.xml (RunModel)" time="0.013" />
  <testcase classname="ptolemy.util.test.junit.AutoTests" name="[284] /home/travis/build/icyphy/ptII/ptolemy/actor/lib/test/auto/PublisherSubscriber3.xml (RunModel)" time="0.01" />
  <testcase classname="ptolemy.util.test.junit.AutoTests" name="[285] /home/travis/build/icyphy/ptII/ptolemy/actor/lib/test/auto/PublisherSubscriber4.xml (RunModel)" time="0.008" />
  <testcase classname="ptolemy.util.test.junit.AutoTests" name="[286] /home/travis/build/icyphy/ptII/ptolemy/actor/lib/test/auto/PublisherSubscriber5.xml (RunModel)" time="0.012" />
  <testcase classname="ptolemy.util.test.junit.AutoTests" name="[287] /home/travis/build/icyphy/ptII/ptolemy/actor/lib/test/auto/PublisherSubscriber6.xml (RunModel)" time="0.015" />
  <testcase classname="ptolemy.util.test.junit.AutoTests" name="[288] /home/travis/build/icyphy/ptII/ptolemy/actor/lib/test/auto/PublisherSubscriber7.xml (RunModel)" time="0.017" />
  <testcase classname="ptolemy.util.test.junit.AutoTests" name="[289] /home/travis/build/icyphy/ptII/ptolemy/actor/lib/test/auto/PublisherSubscriber8.xml (RunModel)" time="0.029" />
  <testcase classname="ptolemy.util.test.junit.AutoTests" name="[290] /home/travis/build/icyphy/ptII/ptolemy/actor/lib/test/auto/PublisherSubscriber9.xml (RunModel)" time="0.019" />
  <testcase classname="ptolemy.util.test.junit.AutoTests" name="[291] /home/travis/build/icyphy/ptII/ptolemy/actor/lib/test/auto/PublisherSubscriberAdjacent.xml (RunModel)" time="0.016" />
  <testcase classname="ptolemy.util.test.junit.AutoTests" name="[292] /home/travis/build/icyphy/ptII/ptolemy/actor/lib/test/auto/PublisherSubscriberChannelVariablesAOC2.xml (RunModel)" time="0.028" />
  <testcase classname="ptolemy.util.test.junit.AutoTests" name="[293] /home/travis/build/icyphy/ptII/ptolemy/actor/lib/test/auto/PublisherSubscriberD3.xml (RunModel)" time="0.015" />
  <testcase classname="ptolemy.util.test.junit.AutoTests" name="[294] /home/travis/build/icyphy/ptII/ptolemy/actor/lib/test/auto/PublisherSubscriberD3Reverse.xml (RunModel)" time="0.012" />
  <testcase classname="ptolemy.util.test.junit.AutoTests" name="[295] /home/travis/build/icyphy/ptII/ptolemy/actor/lib/test/auto/PublisherSubscriberExpression.xml (RunModel)" time="0.016" />
  <testcase classname="ptolemy.util.test.junit.AutoTests" name="[296] /home/travis/build/icyphy/ptII/ptolemy/actor/lib/test/auto/PublisherSubscriberOpaque.xml (RunModel)" time="0.015" />
  <testcase classname="ptolemy.util.test.junit.AutoTests" name="[297] /home/travis/build/icyphy/ptII/ptolemy/actor/lib/test/auto/PublisherSubscriberOpaqueD3.xml (RunModel)" time="0.021" />
  <testcase classname="ptolemy.util.test.junit.AutoTests" name="[298] /home/travis/build/icyphy/ptII/ptolemy/actor/lib/test/auto/PublisherSubscriberOpaqueD3Reverse.xml (RunModel)" time="0.021" />
  <testcase classname="ptolemy.util.test.junit.AutoTests" name="[299] /home/travis/build/icyphy/ptII/ptolemy/actor/lib/test/auto/PublisherSubscriberOpaqueWidthInference.xml (RunModel)" time="0.019" />
  <testcase classname="ptolemy.util.test.junit.AutoTests" name="[300] /home/travis/build/icyphy/ptII/ptolemy/actor/lib/test/auto/PublisherTestSubscriber.xml (RunModel)" time="0.016" />
  <testcase classname="ptolemy.util.test.junit.AutoTests" name="[301] /home/travis/build/icyphy/ptII/ptolemy/actor/lib/test/auto/PublisherToplevelSubscriberPortAOC.xml (RunModel)" time="0.012" />
  <testcase classname="ptolemy.util.test.junit.AutoTests" name="[302] /home/travis/build/icyphy/ptII/ptolemy/actor/lib/test/auto/PulseFiringLimitDE.xml (RunModel)" time="0.013" />
  <testcase classname="ptolemy.util.test.junit.AutoTests" name="[303] /home/travis/build/icyphy/ptII/ptolemy/actor/lib/test/auto/Ramp1.xml (RunModel)" time="0.007" />
  <testcase classname="ptolemy.util.test.junit.AutoTests" name="[304] /home/travis/build/icyphy/ptII/ptolemy/actor/lib/test/auto/RampFiringLimitDE.xml (RunModel)" time="0.011" />
  <testcase classname="ptolemy.util.test.junit.AutoTests" name="[305] /home/travis/build/icyphy/ptII/ptolemy/actor/lib/test/auto/RampFiringLimitSDF.xml (RunModel)" time="0.011" />
  <testcase classname="ptolemy.util.test.junit.AutoTests" name="[306] /home/travis/build/icyphy/ptII/ptolemy/actor/lib/test/auto/RandomInteger.xml (RunModel)" time="0.01" />
  <testcase classname="ptolemy.util.test.junit.AutoTests" name="[307] /home/travis/build/icyphy/ptII/ptolemy/actor/lib/test/auto/ReadFile1.xml (RunModel)" time="0.01" />
  <testcase classname="ptolemy.util.test.junit.AutoTests" name="[308] /home/travis/build/icyphy/ptII/ptolemy/actor/lib/test/auto/ReadFile2.xml (RunModel)" time="0.009" />
  <testcase classname="ptolemy.util.test.junit.AutoTests" name="[309] /home/travis/build/icyphy/ptII/ptolemy/actor/lib/test/auto/Reader.xml (RunModel)" time="0.013" />
  <testcase classname="ptolemy.util.test.junit.AutoTests" name="[310] /home/travis/build/icyphy/ptII/ptolemy/actor/lib/test/auto/RecordAssemblerDisplayNameTest.xml (RunModel)" time="3.113" />
  <testcase classname="ptolemy.util.test.junit.AutoTests" name="[311] /home/travis/build/icyphy/ptII/ptolemy/actor/lib/test/auto/RecordAssemblerTypeError.xml (RunModel)" time="0.06" />
  <testcase classname="ptolemy.util.test.junit.AutoTests" name="[312] /home/travis/build/icyphy/ptII/ptolemy/actor/lib/test/auto/RecordDisassember.xml (RunModel)" time="0.01" />
  <testcase classname="ptolemy.util.test.junit.AutoTests" name="[313] /home/travis/build/icyphy/ptII/ptolemy/actor/lib/test/auto/RecordDisassemberDisplayNameTest.xml (RunModel)" time="0.019" />
  <testcase classname="ptolemy.util.test.junit.AutoTests" name="[314] /home/travis/build/icyphy/ptII/ptolemy/actor/lib/test/auto/RecordDisassembler.xml (RunModel)" time="0.008" />
  <testcase classname="ptolemy.util.test.junit.AutoTests" name="[315] /home/travis/build/icyphy/ptII/ptolemy/actor/lib/test/auto/RecordDisassembler2.xml (RunModel)" time="0.012" />
  <testcase classname="ptolemy.util.test.junit.AutoTests" name="[316] /home/travis/build/icyphy/ptII/ptolemy/actor/lib/test/auto/RecordUpdater.xml (RunModel)" time="0.011" />
  <testcase classname="ptolemy.util.test.junit.AutoTests" name="[317] /home/travis/build/icyphy/ptII/ptolemy/actor/lib/test/auto/RecordUpdater2.xml (RunModel)" time="0.009" />
  <testcase classname="ptolemy.util.test.junit.AutoTests" name="[318] /home/travis/build/icyphy/ptII/ptolemy/actor/lib/test/auto/RecursiveLattice.xml (RunModel)" time="0.01" />
  <testcase classname="ptolemy.util.test.junit.AutoTests" name="[319] /home/travis/build/icyphy/ptII/ptolemy/actor/lib/test/auto/Router.xml (RunModel)" time="3.026" />
  <testcase classname="ptolemy.util.test.junit.AutoTests" name="[320] /home/travis/build/icyphy/ptII/ptolemy/actor/lib/test/auto/Router2.xml (RunModel)" time="3.027" />
  <testcase classname="ptolemy.util.test.junit.AutoTests" name="[321] /home/travis/build/icyphy/ptII/ptolemy/actor/lib/test/auto/RunningMaximum.xml (RunModel)" time="0.016" />
  <testcase classname="ptolemy.util.test.junit.AutoTests" name="[322] /home/travis/build/icyphy/ptII/ptolemy/actor/lib/test/auto/RunningMinimum.xml (RunModel)" time="0.009" />
  <testcase classname="ptolemy.util.test.junit.AutoTests" name="[323] /home/travis/build/icyphy/ptII/ptolemy/actor/lib/test/auto/Scale.xml (RunModel)" time="0.006" />
  <testcase classname="ptolemy.util.test.junit.AutoTests" name="[324] /home/travis/build/icyphy/ptII/ptolemy/actor/lib/test/auto/Scale2.xml (RunModel)" time="0.01" />
  <testcase classname="ptolemy.util.test.junit.AutoTests" name="[325] /home/travis/build/icyphy/ptII/ptolemy/actor/lib/test/auto/Scale3.xml (RunModel)" time="0.014" />
  <testcase classname="ptolemy.util.test.junit.AutoTests" name="[326] /home/travis/build/icyphy/ptII/ptolemy/actor/lib/test/auto/ScaleArray.xml (RunModel)" time="0.008" />
  <testcase classname="ptolemy.util.test.junit.AutoTests" name="[327] /home/travis/build/icyphy/ptII/ptolemy/actor/lib/test/auto/ScaleArray2.xml (RunModel)" time="0.008" />
  <testcase classname="ptolemy.util.test.junit.AutoTests" name="[328] /home/travis/build/icyphy/ptII/ptolemy/actor/lib/test/auto/ScaleMatrix.xml (RunModel)" time="0.103" />
  <testcase classname="ptolemy.util.test.junit.AutoTests" name="[329] /home/travis/build/icyphy/ptII/ptolemy/actor/lib/test/auto/Select.xml (RunModel)" time="0.012" />
  <testcase classname="ptolemy.util.test.junit.AutoTests" name="[330] /home/travis/build/icyphy/ptII/ptolemy/actor/lib/test/auto/Select2.xml (RunModel)" time="0.008" />
  <testcase classname="ptolemy.util.test.junit.AutoTests" name="[331] /home/travis/build/icyphy/ptII/ptolemy/actor/lib/test/auto/SequenceToArray2.xml (RunModel)" time="0.123" />
  <testcase classname="ptolemy.util.test.junit.AutoTests" name="[332] /home/travis/build/icyphy/ptII/ptolemy/actor/lib/test/auto/SequentialClock.xml (RunModel)" time="0.012" />
  <testcase classname="ptolemy.util.test.junit.AutoTests" name="[333] /home/travis/build/icyphy/ptII/ptolemy/actor/lib/test/auto/SetVariable.xml (RunModel)" time="0.011" />
  <testcase classname="ptolemy.util.test.junit.AutoTests" name="[334] /home/travis/build/icyphy/ptII/ptolemy/actor/lib/test/auto/SetVariable2.xml (RunModel)" time="0.009" />
  <testcase classname="ptolemy.util.test.junit.AutoTests" name="[335] /home/travis/build/icyphy/ptII/ptolemy/actor/lib/test/auto/SetVariable3.xml (RunModel)" time="0.016" />
  <testcase classname="ptolemy.util.test.junit.AutoTests" name="[336] /home/travis/build/icyphy/ptII/ptolemy/actor/lib/test/auto/SetVariable4.xml (RunModel)" time="0.029" />
  <testcase classname="ptolemy.util.test.junit.AutoTests" name="[337] /home/travis/build/icyphy/ptII/ptolemy/actor/lib/test/auto/SetVariable5.xml (RunModel)" time="0.034" />
  <testcase classname="ptolemy.util.test.junit.AutoTests" name="[338] /home/travis/build/icyphy/ptII/ptolemy/actor/lib/test/auto/Sinewave.xml (RunModel)" time="0.026" />
  <testcase classname="ptolemy.util.test.junit.AutoTests" name="[339] /home/travis/build/icyphy/ptII/ptolemy/actor/lib/test/auto/Sinewave2.xml (RunModel)" time="0.017" />
  <testcase classname="ptolemy.util.test.junit.AutoTests" name="[340] /home/travis/build/icyphy/ptII/ptolemy/actor/lib/test/auto/Sinewave3.xml (RunModel)" time="0.024" />
  <testcase classname="ptolemy.util.test.junit.AutoTests" name="[341] /home/travis/build/icyphy/ptII/ptolemy/actor/lib/test/auto/SingleEvent.xml (RunModel)" time="0.006" />
  <testcase classname="ptolemy.util.test.junit.AutoTests" name="[342] /home/travis/build/icyphy/ptII/ptolemy/actor/lib/test/auto/Sleep.xml (RunModel)" time="6.013" />
  <testcase classname="ptolemy.util.test.junit.AutoTests" name="[343] /home/travis/build/icyphy/ptII/ptolemy/actor/lib/test/auto/SleepMultipleFire.xml (RunModel)" time="1.017" />
  <testcase classname="ptolemy.util.test.junit.AutoTests" name="[344] /home/travis/build/icyphy/ptII/ptolemy/actor/lib/test/auto/StopDE.xml (RunModel)" time="0.012" />
  <testcase classname="ptolemy.util.test.junit.AutoTests" name="[345] /home/travis/build/icyphy/ptII/ptolemy/actor/lib/test/auto/StopSDF.xml (RunModel)" time="0.011" />
  <testcase classname="ptolemy.util.test.junit.AutoTests" name="[346] /home/travis/build/icyphy/ptII/ptolemy/actor/lib/test/auto/StringConstant.xml (RunModel)" time="0.009" />
  <testcase classname="ptolemy.util.test.junit.AutoTests" name="[347] /home/travis/build/icyphy/ptII/ptolemy/actor/lib/test/auto/SubscriberPortInitialValues1.xml (RunModel)" time="0.017" />
  <testcase classname="ptolemy.util.test.junit.AutoTests" name="[348] /home/travis/build/icyphy/ptII/ptolemy/actor/lib/test/auto/SubscriberPortInitialValues13.xml (RunModel)" time="0.023" />
  <testcase classname="ptolemy.util.test.junit.AutoTests" name="[349] /home/travis/build/icyphy/ptII/ptolemy/actor/lib/test/auto/SubscriberPortInitialValues14.xml (RunModel)" time="0.014" />
  <testcase classname="ptolemy.util.test.junit.AutoTests" name="[350] /home/travis/build/icyphy/ptII/ptolemy/actor/lib/test/auto/SubscriberPortInitialValues2.xml (RunModel)" time="0.015" />
  <testcase classname="ptolemy.util.test.junit.AutoTests" name="[351] /home/travis/build/icyphy/ptII/ptolemy/actor/lib/test/auto/SubscriberPortInitialValues3.xml (RunModel)" time="0.018" />
  <testcase classname="ptolemy.util.test.junit.AutoTests" name="[352] /home/travis/build/icyphy/ptII/ptolemy/actor/lib/test/auto/SubscriptionAggregator.xml (RunModel)" time="0.011" />
  <testcase classname="ptolemy.util.test.junit.AutoTests" name="[353] /home/travis/build/icyphy/ptII/ptolemy/actor/lib/test/auto/SubscriptionAggregator2.xml (RunModel)" time="0.01" />
  <testcase classname="ptolemy.util.test.junit.AutoTests" name="[354] /home/travis/build/icyphy/ptII/ptolemy/actor/lib/test/auto/SubscriptionAggregator3.xml (RunModel)" time="0.014" />
  <testcase classname="ptolemy.util.test.junit.AutoTests" name="[355] /home/travis/build/icyphy/ptII/ptolemy/actor/lib/test/auto/SubscriptionAggregatorMultiply.xml (RunModel)" time="0.013" />
  <testcase classname="ptolemy.util.test.junit.AutoTests" name="[356] /home/travis/build/icyphy/ptII/ptolemy/actor/lib/test/auto/SubscriptionAggregatorPortMultiply1.xml (RunModel)" time="0.012" />
  <testcase classname="ptolemy.util.test.junit.AutoTests" name="[357] /home/travis/build/icyphy/ptII/ptolemy/actor/lib/test/auto/Switch.xml (RunModel)" time="0.013" />
  <testcase classname="ptolemy.util.test.junit.AutoTests" name="[358] /home/travis/build/icyphy/ptII/ptolemy/actor/lib/test/auto/Switch2.xml (RunModel)" time="0.009" />
  <testcase classname="ptolemy.util.test.junit.AutoTests" name="[359] /home/travis/build/icyphy/ptII/ptolemy/actor/lib/test/auto/SwitchDE.xml (RunModel)" time="0.012" />
  <testcase classname="ptolemy.util.test.junit.AutoTests" name="[360] /home/travis/build/icyphy/ptII/ptolemy/actor/lib/test/auto/SynchronizerDE.xml (RunModel)" time="0.024" />
  <testcase classname="ptolemy.util.test.junit.AutoTests" name="[361] /home/travis/build/icyphy/ptII/ptolemy/actor/lib/test/auto/Test.xml (RunModel)" time="0.008" />
  <testcase classname="ptolemy.util.test.junit.AutoTests" name="[362] /home/travis/build/icyphy/ptII/ptolemy/actor/lib/test/auto/TestExceptionAttribute1.xml (RunModel)" time="0.005" />
  <testcase classname="ptolemy.util.test.junit.AutoTests" name="[363] /home/travis/build/icyphy/ptII/ptolemy/actor/lib/test/auto/TestExceptionAttribute2.xml (RunModel)" time="0.006" />
  <testcase classname="ptolemy.util.test.junit.AutoTests" name="[364] /home/travis/build/icyphy/ptII/ptolemy/actor/lib/test/auto/TestExceptionAttribute3.xml (RunModel)" time="0.007" />
  <testcase classname="ptolemy.util.test.junit.AutoTests" name="[365] /home/travis/build/icyphy/ptII/ptolemy/actor/lib/test/auto/TestExceptionAttribute4.xml (RunModel)" time="0.006" />
  <testcase classname="ptolemy.util.test.junit.AutoTests" name="[366] /home/travis/build/icyphy/ptII/ptolemy/actor/lib/test/auto/TestExceptionHandler1.xml (RunModel)" time="0.005" />
  <testcase classname="ptolemy.util.test.junit.AutoTests" name="[367] /home/travis/build/icyphy/ptII/ptolemy/actor/lib/test/auto/TestExceptionHandler2.xml (RunModel)" time="0.005" />
  <testcase classname="ptolemy.util.test.junit.AutoTests" name="[368] /home/travis/build/icyphy/ptII/ptolemy/actor/lib/test/auto/TestExceptionHandler3.xml (RunModel)" time="0.005" />
  <testcase classname="ptolemy.util.test.junit.AutoTests" name="[369] /home/travis/build/icyphy/ptII/ptolemy/actor/lib/test/auto/TestExceptionHandler4.xml (RunModel)" time="0.005" />
  <testcase classname="ptolemy.util.test.junit.AutoTests" name="[370] /home/travis/build/icyphy/ptII/ptolemy/actor/lib/test/auto/TestRequireCorrectOrder.xml (RunModel)" time="0.009" />
  <testcase classname="ptolemy.util.test.junit.AutoTests" name="[371] /home/travis/build/icyphy/ptII/ptolemy/actor/lib/test/auto/TestSimple.xml (RunModel)" time="0.006" />
  <testcase classname="ptolemy.util.test.junit.AutoTests" name="[372] /home/travis/build/icyphy/ptII/ptolemy/actor/lib/test/auto/ThrowModelError.xml (RunModel)" time="0.01" />
  <testcase classname="ptolemy.util.test.junit.AutoTests" name="[373] /home/travis/build/icyphy/ptII/ptolemy/actor/lib/test/auto/TimeDelayMicrosteps.xml (RunModel)" time="0.013" />
  <testcase classname="ptolemy.util.test.junit.AutoTests" name="[374] /home/travis/build/icyphy/ptII/ptolemy/actor/lib/test/auto/TimeDelayMicrosteps2.xml (RunModel)" time="0.014" />
  <testcase classname="ptolemy.util.test.junit.AutoTests" name="[375] /home/travis/build/icyphy/ptII/ptolemy/actor/lib/test/auto/TimeDelayMicrosteps3.xml (RunModel)" time="0.012" />
  <testcase classname="ptolemy.util.test.junit.AutoTests" name="[376] /home/travis/build/icyphy/ptII/ptolemy/actor/lib/test/auto/TimeDelayVariableMicrosteps.xml (RunModel)" time="0.011" />
  <testcase classname="ptolemy.util.test.junit.AutoTests" name="[377] /home/travis/build/icyphy/ptII/ptolemy/actor/lib/test/auto/TimeGap.xml (RunModel)" time="0.012" />
  <testcase classname="ptolemy.util.test.junit.AutoTests" name="[378] /home/travis/build/icyphy/ptII/ptolemy/actor/lib/test/auto/TimeGap2.xml (RunModel)" time="0.011" />
  <testcase classname="ptolemy.util.test.junit.AutoTests" name="[379] /home/travis/build/icyphy/ptII/ptolemy/actor/lib/test/auto/TimedSinewave.xml (RunModel)" time="0.038" />
  <testcase classname="ptolemy.util.test.junit.AutoTests" name="[380] /home/travis/build/icyphy/ptII/ptolemy/actor/lib/test/auto/TimedSinewavePhase.xml (RunModel)" time="0.02" />
  <testcase classname="ptolemy.util.test.junit.AutoTests" name="[381] /home/travis/build/icyphy/ptII/ptolemy/actor/lib/test/auto/Timer.xml (RunModel)" time="0.012" />
  <testcase classname="ptolemy.util.test.junit.AutoTests" name="[382] /home/travis/build/icyphy/ptII/ptolemy/actor/lib/test/auto/TriangularDistTestModel.xml (RunModel)" time="0.014" />
  <testcase classname="ptolemy.util.test.junit.AutoTests" name="[383] /home/travis/build/icyphy/ptII/ptolemy/actor/lib/test/auto/TrigFunction.xml (RunModel)" time="0.008" />
  <testcase classname="ptolemy.util.test.junit.AutoTests" name="[384] /home/travis/build/icyphy/ptII/ptolemy/actor/lib/test/auto/TrigFunctionDE.xml (RunModel)" time="0.01" />
  <testcase classname="ptolemy.util.test.junit.AutoTests" name="[385] /home/travis/build/icyphy/ptII/ptolemy/actor/lib/test/auto/TrigFunctionInverse.xml (RunModel)" time="0.008" />
  <testcase classname="ptolemy.util.test.junit.AutoTests" name="[386] /home/travis/build/icyphy/ptII/ptolemy/actor/lib/test/auto/TrigFunctionTan.xml (RunModel)" time="0.006" />
  <testcase classname="ptolemy.util.test.junit.AutoTests" name="[387] /home/travis/build/icyphy/ptII/ptolemy/actor/lib/test/auto/TriggeredClock.xml (RunModel)" time="0.007" />
  <testcase classname="ptolemy.util.test.junit.AutoTests" name="[388] /home/travis/build/icyphy/ptII/ptolemy/actor/lib/test/auto/URLDirectoryReader.xml (RunModel)" time="0.062" />
  <testcase classname="ptolemy.util.test.junit.AutoTests" name="[389] /home/travis/build/icyphy/ptII/ptolemy/actor/lib/test/auto/URLDirectoryReader3.xml (RunModel)" time="1.448" />
  <testcase classname="ptolemy.util.test.junit.AutoTests" name="[390] /home/travis/build/icyphy/ptII/ptolemy/actor/lib/test/auto/UnaryMathFunction.xml (RunModel)" time="0.052" />
  <testcase classname="ptolemy.util.test.junit.AutoTests" name="[391] /home/travis/build/icyphy/ptII/ptolemy/actor/lib/test/auto/Uniform.xml (RunModel)" time="0.045" />
  <testcase classname="ptolemy.util.test.junit.AutoTests" name="[392] /home/travis/build/icyphy/ptII/ptolemy/actor/lib/test/auto/UnionDisassemblerTest.xml (RunModel)" time="0.029" />
  <testcase classname="ptolemy.util.test.junit.AutoTests" name="[393] /home/travis/build/icyphy/ptII/ptolemy/actor/lib/test/auto/UtilityFunctions.xml (RunModel)" time="0.027" />
  <testcase classname="ptolemy.util.test.junit.AutoTests" name="[394] /home/travis/build/icyphy/ptII/ptolemy/actor/lib/test/auto/VariableSleep.xml (RunModel)" time="0.538" />
  <testcase classname="ptolemy.util.test.junit.AutoTests" name="[395] /home/travis/build/icyphy/ptII/ptolemy/actor/lib/test/auto/VectorAssemblerDisassemblerCT.xml (RunModel)" time="0.085" />
  <testcase classname="ptolemy.util.test.junit.AutoTests" name="[396] /home/travis/build/icyphy/ptII/ptolemy/actor/lib/test/auto/VectorAssemblerDisassemblerDE.xml (RunModel)" time="0.024" />
  <testcase classname="ptolemy.util.test.junit.AutoTests" name="[397] /home/travis/build/icyphy/ptII/ptolemy/actor/lib/test/auto/VectorAssemblerDisassemblerSDF.xml (RunModel)" time="0.013" />
  <testcase classname="ptolemy.util.test.junit.AutoTests" name="[398] /home/travis/build/icyphy/ptII/ptolemy/actor/lib/test/auto/WallClockTime.xml (RunModel)" time="1.014" />
  <testcase classname="ptolemy.util.test.junit.AutoTests" name="[399] /home/travis/build/icyphy/ptII/ptolemy/actor/lib/test/auto/WidthTestWithSubscriberPublisher.xml (RunModel)" time="0.04" />
  <testcase classname="ptolemy.util.test.junit.AutoTests" name="[400] /home/travis/build/icyphy/ptII/ptolemy/actor/lib/test/auto/WidthTestWithSubscriberPublisher2.xml (RunModel)" time="0.014" />
  <testcase classname="ptolemy.util.test.junit.AutoTests" name="[401] /home/travis/build/icyphy/ptII/ptolemy/actor/lib/test/auto/WidthTestWithSubscriberPublisher3.xml (RunModel)" time="0.018" />
  <testcase classname="ptolemy.util.test.junit.AutoTests" name="[402] /home/travis/build/icyphy/ptII/ptolemy/actor/lib/test/auto/Writer.xml (RunModel)" time="0.008" />
  <testcase classname="ptolemy.util.test.junit.AutoTests" name="[403] /home/travis/build/icyphy/ptII/ptolemy/actor/lib/test/auto/array.xml (RunModel)" time="0.009" />
  <testcase classname="ptolemy.util.test.junit.AutoTests" name="[404] /home/travis/build/icyphy/ptII/ptolemy/actor/lib/test/auto/array2.xml (RunModel)" time="0.01" />
  <testcase classname="ptolemy.util.test.junit.AutoTests" name="[405] /home/travis/build/icyphy/ptII/ptolemy/actor/lib/test/auto/arrayType.xml (RunModel)" time="0.009" />
  <testcase classname="ptolemy.util.test.junit.AutoTests" name="[406] /home/travis/build/icyphy/ptII/ptolemy/actor/lib/test/auto/arrayType10.xml (RunModel)" time="0.009" />
  <testcase classname="ptolemy.util.test.junit.AutoTests" name="[407] /home/travis/build/icyphy/ptII/ptolemy/actor/lib/test/auto/arrayType11.xml (RunModel)" time="0.008" />
  <testcase classname="ptolemy.util.test.junit.AutoTests" name="[408] /home/travis/build/icyphy/ptII/ptolemy/actor/lib/test/auto/arrayType12.xml (RunModel)" time="0.009" />
  <testcase classname="ptolemy.util.test.junit.AutoTests" name="[409] /home/travis/build/icyphy/ptII/ptolemy/actor/lib/test/auto/arrayType13.xml (RunModel)" time="0.01" />
  <testcase classname="ptolemy.util.test.junit.AutoTests" name="[410] /home/travis/build/icyphy/ptII/ptolemy/actor/lib/test/auto/arrayType14.xml (RunModel)" time="0.009" />
  <testcase classname="ptolemy.util.test.junit.AutoTests" name="[411] /home/travis/build/icyphy/ptII/ptolemy/actor/lib/test/auto/arrayType15.xml (RunModel)" time="0.008" />
  <testcase classname="ptolemy.util.test.junit.AutoTests" name="[412] /home/travis/build/icyphy/ptII/ptolemy/actor/lib/test/auto/arrayType16.xml (RunModel)" time="0.009" />
  <testcase classname="ptolemy.util.test.junit.AutoTests" name="[413] /home/travis/build/icyphy/ptII/ptolemy/actor/lib/test/auto/arrayType17.xml (RunModel)" time="0.009" />
  <testcase classname="ptolemy.util.test.junit.AutoTests" name="[414] /home/travis/build/icyphy/ptII/ptolemy/actor/lib/test/auto/arrayType18.xml (RunModel)" time="0.008" />
  <testcase classname="ptolemy.util.test.junit.AutoTests" name="[415] /home/travis/build/icyphy/ptII/ptolemy/actor/lib/test/auto/arrayType19.xml (RunModel)" time="0.008" />
  <testcase classname="ptolemy.util.test.junit.AutoTests" name="[416] /home/travis/build/icyphy/ptII/ptolemy/actor/lib/test/auto/arrayType2.xml (RunModel)" time="0.009" />
  <testcase classname="ptolemy.util.test.junit.AutoTests" name="[417] /home/travis/build/icyphy/ptII/ptolemy/actor/lib/test/auto/arrayType20.xml (RunModel)" time="0.01" />
  <testcase classname="ptolemy.util.test.junit.AutoTests" name="[418] /home/travis/build/icyphy/ptII/ptolemy/actor/lib/test/auto/arrayType21.xml (RunModel)" time="0.008" />
  <testcase classname="ptolemy.util.test.junit.AutoTests" name="[419] /home/travis/build/icyphy/ptII/ptolemy/actor/lib/test/auto/arrayType22.xml (RunModel)" time="0.008" />
  <testcase classname="ptolemy.util.test.junit.AutoTests" name="[420] /home/travis/build/icyphy/ptII/ptolemy/actor/lib/test/auto/arrayType23.xml (RunModel)" time="0.008" />
  <testcase classname="ptolemy.util.test.junit.AutoTests" name="[421] /home/travis/build/icyphy/ptII/ptolemy/actor/lib/test/auto/arrayType24.xml (RunModel)" time="0.009" />
  <testcase classname="ptolemy.util.test.junit.AutoTests" name="[422] /home/travis/build/icyphy/ptII/ptolemy/actor/lib/test/auto/arrayType25.xml (RunModel)" time="0.009" />
  <testcase classname="ptolemy.util.test.junit.AutoTests" name="[423] /home/travis/build/icyphy/ptII/ptolemy/actor/lib/test/auto/arrayType26.xml (RunModel)" time="0.01" />
  <testcase classname="ptolemy.util.test.junit.AutoTests" name="[424] /home/travis/build/icyphy/ptII/ptolemy/actor/lib/test/auto/arrayType27.xml (RunModel)" time="0.01" />
  <testcase classname="ptolemy.util.test.junit.AutoTests" name="[425] /home/travis/build/icyphy/ptII/ptolemy/actor/lib/test/auto/arrayType28.xml (RunModel)" time="0.01" />
  <testcase classname="ptolemy.util.test.junit.AutoTests" name="[426] /home/travis/build/icyphy/ptII/ptolemy/actor/lib/test/auto/arrayType3.xml (RunModel)" time="0.009" />
  <testcase classname="ptolemy.util.test.junit.AutoTests" name="[427] /home/travis/build/icyphy/ptII/ptolemy/actor/lib/test/auto/arrayType4.xml (RunModel)" time="0.009" />
  <testcase classname="ptolemy.util.test.junit.AutoTests" name="[428] /home/travis/build/icyphy/ptII/ptolemy/actor/lib/test/auto/arrayType5.xml (RunModel)" time="0.01" />
  <testcase classname="ptolemy.util.test.junit.AutoTests" name="[429] /home/travis/build/icyphy/ptII/ptolemy/actor/lib/test/auto/arrayType6.xml (RunModel)" time="0.009" />
  <testcase classname="ptolemy.util.test.junit.AutoTests" name="[430] /home/travis/build/icyphy/ptII/ptolemy/actor/lib/test/auto/arrayType7.xml (RunModel)" time="0.009" />
  <testcase classname="ptolemy.util.test.junit.AutoTests" name="[431] /home/travis/build/icyphy/ptII/ptolemy/actor/lib/test/auto/arrayType8.xml (RunModel)" time="0.011" />
  <testcase classname="ptolemy.util.test.junit.AutoTests" name="[432] /home/travis/build/icyphy/ptII/ptolemy/actor/lib/test/auto/arrayType9.xml (RunModel)" time="0.008" />
  <testcase classname="ptolemy.util.test.junit.AutoTests" name="[433] /home/travis/build/icyphy/ptII/ptolemy/actor/lib/test/auto/cast.xml (RunModel)" time="0.01" />
  <testcase classname="ptolemy.util.test.junit.AutoTests" name="[434] /home/travis/build/icyphy/ptII/ptolemy/actor/lib/test/auto/compositeMultiPort.xml (RunModel)" time="0.034" />
  <testcase classname="ptolemy.util.test.junit.AutoTests" name="[435] /home/travis/build/icyphy/ptII/ptolemy/actor/lib/test/auto/expressionCastInference.xml (RunModel)" time="0.013" />
  <testcase classname="ptolemy.util.test.junit.AutoTests" name="[436] /home/travis/build/icyphy/ptII/ptolemy/actor/lib/test/auto/expressionCastInference2.xml (RunModel)" time="0.008" />
  <testcase classname="ptolemy.util.test.junit.AutoTests" name="[437] /home/travis/build/icyphy/ptII/ptolemy/actor/lib/test/auto/expressionInference.xml (RunModel)" time="0.007" />
  <testcase classname="ptolemy.util.test.junit.AutoTests" name="[438] /home/travis/build/icyphy/ptII/ptolemy/actor/lib/test/auto/expression_bug.xml (RunModel)" time="0.007" />
  <testcase classname="ptolemy.util.test.junit.AutoTests" name="[439] /home/travis/build/icyphy/ptII/ptolemy/actor/lib/test/auto/factorial.xml (RunModel)" time="0.046" />
  <testcase classname="ptolemy.util.test.junit.AutoTests" name="[440] /home/travis/build/icyphy/ptII/ptolemy/actor/lib/test/auto/filterTest1.xml (RunModel)" time="0.014" />
  <testcase classname="ptolemy.util.test.junit.AutoTests" name="[441] /home/travis/build/icyphy/ptII/ptolemy/actor/lib/test/auto/funcApplyInConst.xml (RunModel)" time="0.005" />
  <testcase classname="ptolemy.util.test.junit.AutoTests" name="[442] /home/travis/build/icyphy/ptII/ptolemy/actor/lib/test/auto/funcApplyInExpr.xml (RunModel)" time="0.006" />
  <testcase classname="ptolemy.util.test.junit.AutoTests" name="[443] /home/travis/build/icyphy/ptII/ptolemy/actor/lib/test/auto/function.xml (RunModel)" time="0.009" />
  <testcase classname="ptolemy.util.test.junit.AutoTests" name="[444] /home/travis/build/icyphy/ptII/ptolemy/actor/lib/test/auto/function2.xml (RunModel)" time="0.008" />
  <testcase classname="ptolemy.util.test.junit.AutoTests" name="[445] /home/travis/build/icyphy/ptII/ptolemy/actor/lib/test/auto/function3.xml (RunModel)" time="0.007" />
  <testcase classname="ptolemy.util.test.junit.AutoTests" name="[446] /home/travis/build/icyphy/ptII/ptolemy/actor/lib/test/auto/functionClosureTest1.xml (RunModel)" time="0.009" />
  <testcase classname="ptolemy.util.test.junit.AutoTests" name="[447] /home/travis/build/icyphy/ptII/ptolemy/actor/lib/test/auto/functionClosureTest2.xml (RunModel)" time="0.006" />
  <testcase classname="ptolemy.util.test.junit.AutoTests" name="[448] /home/travis/build/icyphy/ptII/ptolemy/actor/lib/test/auto/functionClosureTest3.xml (RunModel)" time="0.009" />
  <testcase classname="ptolemy.util.test.junit.AutoTests" name="[449] /home/travis/build/icyphy/ptII/ptolemy/actor/lib/test/auto/functionClosureTest4.xml (RunModel)" time="0.014" />
  <testcase classname="ptolemy.util.test.junit.AutoTests" name="[450] /home/travis/build/icyphy/ptII/ptolemy/actor/lib/test/auto/functionClosureTest5.xml (RunModel)" time="0.011" />
  <testcase classname="ptolemy.util.test.junit.AutoTests" name="[451] /home/travis/build/icyphy/ptII/ptolemy/actor/lib/test/auto/functionClosureTest6.xml (RunModel)" time="0.008" />
  <testcase classname="ptolemy.util.test.junit.AutoTests" name="[452] /home/travis/build/icyphy/ptII/ptolemy/actor/lib/test/auto/functionsOnArcs.xml (RunModel)" time="0.012" />
  <testcase classname="ptolemy.util.test.junit.AutoTests" name="[453] /home/travis/build/icyphy/ptII/ptolemy/actor/lib/test/auto/functionsOnArcsHOF.xml (RunModel)" time="0.011" />
  <testcase classname="ptolemy.util.test.junit.AutoTests" name="[454] /home/travis/build/icyphy/ptII/ptolemy/actor/lib/test/auto/logic.xml (RunModel)" time="0.015" />
  <testcase classname="ptolemy.util.test.junit.AutoTests" name="[455] /home/travis/build/icyphy/ptII/ptolemy/actor/lib/test/auto/matrixType.xml (RunModel)" time="0.008" />
  <testcase classname="ptolemy.util.test.junit.AutoTests" name="[456] /home/travis/build/icyphy/ptII/ptolemy/actor/lib/test/auto/matrixType10.xml (RunModel)" time="0.008" />
  <testcase classname="ptolemy.util.test.junit.AutoTests" name="[457] /home/travis/build/icyphy/ptII/ptolemy/actor/lib/test/auto/matrixType11.xml (RunModel)" time="0.012" />
  <testcase classname="ptolemy.util.test.junit.AutoTests" name="[458] /home/travis/build/icyphy/ptII/ptolemy/actor/lib/test/auto/matrixType12.xml (RunModel)" time="0.009" />
  <testcase classname="ptolemy.util.test.junit.AutoTests" name="[459] /home/travis/build/icyphy/ptII/ptolemy/actor/lib/test/auto/matrixType13.xml (RunModel)" time="0.008" />
  <testcase classname="ptolemy.util.test.junit.AutoTests" name="[460] /home/travis/build/icyphy/ptII/ptolemy/actor/lib/test/auto/matrixType14.xml (RunModel)" time="0.009" />
  <testcase classname="ptolemy.util.test.junit.AutoTests" name="[461] /home/travis/build/icyphy/ptII/ptolemy/actor/lib/test/auto/matrixType2.xml (RunModel)" time="0.008" />
  <testcase classname="ptolemy.util.test.junit.AutoTests" name="[462] /home/travis/build/icyphy/ptII/ptolemy/actor/lib/test/auto/matrixType3.xml (RunModel)" time="0.009" />
  <testcase classname="ptolemy.util.test.junit.AutoTests" name="[463] /home/travis/build/icyphy/ptII/ptolemy/actor/lib/test/auto/matrixType4.xml (RunModel)" time="0.008" />
  <testcase classname="ptolemy.util.test.junit.AutoTests" name="[464] /home/travis/build/icyphy/ptII/ptolemy/actor/lib/test/auto/matrixType5.xml (RunModel)" time="0.007" />
  <testcase classname="ptolemy.util.test.junit.AutoTests" name="[465] /home/travis/build/icyphy/ptII/ptolemy/actor/lib/test/auto/matrixType6.xml (RunModel)" time="0.008" />
  <testcase classname="ptolemy.util.test.junit.AutoTests" name="[466] /home/travis/build/icyphy/ptII/ptolemy/actor/lib/test/auto/matrixType7.xml (RunModel)" time="0.008" />
  <testcase classname="ptolemy.util.test.junit.AutoTests" name="[467] /home/travis/build/icyphy/ptII/ptolemy/actor/lib/test/auto/matrixType8.xml (RunModel)" time="0.009" />
  <testcase classname="ptolemy.util.test.junit.AutoTests" name="[468] /home/travis/build/icyphy/ptII/ptolemy/actor/lib/test/auto/matrixType9.xml (RunModel)" time="0.008" />
  <testcase classname="ptolemy.util.test.junit.AutoTests" name="[469] /home/travis/build/icyphy/ptII/ptolemy/actor/lib/test/auto/paraFunctest.xml (RunModel)" time="0.007" />
  <testcase classname="ptolemy.util.test.junit.AutoTests" name="[470] /home/travis/build/icyphy/ptII/ptolemy/actor/lib/test/auto/paraFunctest2.xml (RunModel)" time="0.009" />
  <testcase classname="ptolemy.util.test.junit.AutoTests" name="[471] /home/travis/build/icyphy/ptII/ptolemy/actor/lib/test/auto/parameterPassing.xml (RunModel)" time="0.008" />
  <testcase classname="ptolemy.util.test.junit.AutoTests" name="[472] /home/travis/build/icyphy/ptII/ptolemy/actor/lib/test/auto/record.xml (RunModel)" time="0.009" />
  <testcase classname="ptolemy.util.test.junit.AutoTests" name="[473] /home/travis/build/icyphy/ptII/ptolemy/actor/lib/test/auto/sizedarray1.xml (RunModel)" time="0.009" />
  <testcase classname="ptolemy.util.test.junit.AutoTests" name="[474] /home/travis/build/icyphy/ptII/ptolemy/actor/lib/test/auto/sizedarray2.xml (RunModel)" time="0.01" />
  <testcase classname="ptolemy.util.test.junit.AutoTests" name="[475] /home/travis/build/icyphy/ptII/ptolemy/actor/lib/test/auto/twoPublishers.xml (RunModel)" time="0.021" />
  <system-out><![CDATA[/home/travis/build/icyphy/ptII/ptolemy/actor/lib/test/AbsoluteValue.tcl
testDefs.tcl: setting time out to 9000 seconds at Thu Sep 13 02:05:57 UTC 2018
70 ms. Memory: 116224K Free: 106763K (92%)
4 ms. Memory: 116224K Free: 105560K (91%)
3 ms. Memory: 116224K Free: 104967K (90%)
4 ms. Memory: 116224K Free: 103788K (89%)
/home/travis/build/icyphy/ptII/ptolemy/actor/lib/test/AddSubtract.tcl
7 ms. Memory: 116224K Free: 101955K (88%)
7 ms. Memory: 116224K Free: 101325K (87%)
4 ms. Memory: 116224K Free: 100146K (86%)
5 ms. Memory: 116224K Free: 99541K (86%)
10 ms. Memory: 116224K Free: 98951K (85%)
9 ms. Memory: 116224K Free: 97764K (84%)
/home/travis/build/icyphy/ptII/ptolemy/actor/lib/test/Average.tcl
8 ms. Memory: 116224K Free: 96576K (83%)
9 ms. Memory: 116224K Free: 94767K (82%)
/home/travis/build/icyphy/ptII/ptolemy/actor/lib/test/Bernoulli.tcl
4 ms. Memory: 116224K Free: 93564K (81%)
2 ms. Memory: 116224K Free: 92959K (80%)
/home/travis/build/icyphy/ptII/ptolemy/actor/lib/test/Clock.tcl
preinitializing
resolving types
initializing
executing number 1
wrapping up
idle
19 ms. Memory: 116224K Free: 90584K (78%)
Completed execution with 5 iterations
preinitializing
resolving types
initializing
executing number 1
wrapping up
idle
3 ms. Memory: 116224K Free: 89954K (77%)
Completed execution with 5 iterations
preinitializing
resolving types
initializing
executing number 1
wrapping up
idle
9 ms. Memory: 116224K Free: 89364K (77%)
Completed execution with 5 iterations
/home/travis/build/icyphy/ptII/ptolemy/actor/lib/test/Commutator.tcl
11 ms. Memory: 116224K Free: 86989K (75%)
8 ms. Memory: 116224K Free: 86383K (74%)
7 ms. Memory: 116224K Free: 81578K (70%)
/home/travis/build/icyphy/ptII/ptolemy/actor/lib/test/Const.tcl
4 ms. Memory: 146944K Free: 139980K (95%)
3 ms. Memory: 146944K Free: 138767K (94%)
2 ms. Memory: 146944K Free: 138767K (94%)
1 ms. Memory: 146944K Free: 137555K (94%)
2 ms. Memory: 146944K Free: 137555K (94%)
14 ms. Memory: 146944K Free: 135162K (92%)
4 ms. Memory: 146944K Free: 133965K (91%)
3 ms. Memory: 146944K Free: 133965K (91%)
/home/travis/build/icyphy/ptII/ptolemy/actor/lib/test/CurrentTime.tcl
preinitializing
resolving types
initializing
executing number 1
wrapping up
idle
14 ms. Memory: 146944K Free: 131556K (90%)
Completed execution with 11 iterations
/home/travis/build/icyphy/ptII/ptolemy/actor/lib/test/DB.tcl
11 ms. Memory: 146944K Free: 130360K (89%)
2 ms. Memory: 146944K Free: 129163K (88%)
2 ms. Memory: 146944K Free: 129163K (88%)
/home/travis/build/icyphy/ptII/ptolemy/actor/lib/test/DiscreteRandomSource.tcl
preinitializing
resolving types
initializing
executing number 1
wrapping up
idle
3 ms. Memory: 146944K Free: 127967K (87%)
Completed execution with 4 iterations
preinitializing
resolving types
initializing
executing number 1
wrapping up
idle
3 ms. Memory: 146944K Free: 126770K (86%)
Completed execution with 4 iterations
preinitializing
resolving types
initializing
executing number 1
wrapping up
idle
1 ms. Memory: 146944K Free: 126770K (86%)
Completed execution with 4 iterations
preinitializing
resolving types
initializing
executing number 1
wrapping up
idle
2 ms. Memory: 146944K Free: 125557K (85%)
Completed execution with 4 iterations
preinitializing
resolving types
initializing
executing number 1
wrapping up
idle
4 ms. Memory: 146944K Free: 125557K (85%)
Completed execution with 4 iterations
/home/travis/build/icyphy/ptII/ptolemy/actor/lib/test/Distributor.tcl
4 ms. Memory: 146944K Free: 124361K (85%)
3 ms. Memory: 146944K Free: 123164K (84%)
StreamChangeRequest.changeExecuted(): <deleteEntity name="rec2"/> succeeded
StreamChangeRequest.changeExecuted(): <deleteRelation name="r2"/> succeeded
StreamChangeRequest.changeExecuted(): Record firings per iteration succeeded
9 ms. Memory: 146944K Free: 120755K (82%)
/home/travis/build/icyphy/ptII/ptolemy/actor/lib/test/Exit.tcl
Exit.tcl: this will print a message about Manager.exitAfterWrapup, which can be ignored.
6 ms. Memory: 146944K Free: 116519K (79%)
/home/travis/build/icyphy/ptII/ptolemy/actor/lib/test/Expression.tcl
5 ms. Memory: 146944K Free: 112881K (77%)
9 ms. Memory: 146944K Free: 112881K (77%)
3 ms. Memory: 146944K Free: 111684K (76%)
preinitializing
resolving types
initializing
executing number 1
wrapping up
idle
14 ms. Memory: 146944K Free: 110471K (75%)
Completed execution with 6 iterations
3 ms. Memory: 146944K Free: 109259K (74%)
10 ms. Memory: 146944K Free: 108046K (74%)
6 ms. Memory: 146944K Free: 106833K (73%)
6 ms. Memory: 146944K Free: 105621K (72%)
6 ms. Memory: 146944K Free: 104424K (71%)
/home/travis/build/icyphy/ptII/ptolemy/actor/lib/test/Gaussian.tcl
8 ms. Memory: 146944K Free: 103212K (70%)
sleeping 1 seconds: ...................................................................................................................................................................................................................................................................................................................................................................................................................................................................................................................................................................................................................................................................................................................................................................................................................................................................................................................................................................................................................................................................................................................................................................................................................................................................................................................................................................................................................................................................................................................................................................................................................................................................................................................................................................................................................................................................................................................................................................................................................................................................................................................................................................................................................................................................................................................................................................................................................................................................................................................................................................................................................................................................................................................................................................................................................................................................................................................................................................................................................................................................................................................................................................................................................................................................................................................................................................................................................................................................................................................................................................................................................................................................................................................................................................................................................................................................................................................................................................................................................................................................................................................................................................................................................................................................................................................................................................................................................................................................................................................................................................................................................................................................................................................................................................................................................................................................................................................................................................................................................................................................................................................................................................................................................................................................................................................................................................................................................................................................................................................................................................................................................................................................................................................................................................................................................................................................................................................................................................................................................................................................................................................................................................................................................................................................................................................................................................................................................................................................................................................................................................................................................................................................................................................................................................................................................................................................................................................................................................................................................................................................................................................................................................................................................................................................................................................................................................................................................................................................................................................................................................................................................................................................................................................................................................................................................................................................................................................................................................................................................................................................................................................................................................................................................................................................................................................................................................................................................................................................................................................................................................................................................................................................................................................................................................................................................................................................................................................................................................................................................................................................................................................................................................................................................................................................................................................................................................................................................................................................................................................................................................................................................................................................................................................................................................................................................................................................................................................................................................................................................................................................................................................................................................................................................................................................................................................................................................................................................................................................................................................................................................................................................................................................................................................................................................................................................................................................................................................................................................................................................................................................................................................................................................................................................................................................................................................................................................................................................................................................................................................................................................................................................................................................................................................................................................................................................................................................................................................................................................................................................................................................................................................................................................................................................................................................................................................................................................................................................................................................................................................................................................................................................................................................................................................................................................................................................................................................................................................................................................................................................................................................................................................................................................................................................................................................................................................................................................................................................................................................................................................................................................................................................................................................................................................................................................................................................................................................................................................................................................................................................................................................................................................................................................................................................................................................................................................................................................................................................................................................................................................................................................................................................................................................................................................................................................................................................................................................................................................................................................................................................................................................................................................................................................................................................................................................................................................................................................................................................................................................................................................................................................................................................................................................................................................................................................................................................................................................................................................................................................................................................................................................................................................................................................................................................................................................................................................................................................................................................................................................................................................................................................................................................................................................................................................................................................................................................................................................................................................................................................................................................................................................................................................................................................................................................................................................................................................................................................................................................................................................................................................................................................................................................................................................................................................................................................................................................................................................................................................................................................................................................................................................................................................................................................................................................................................................................................................................................................................................................................................................................................................................................................................................................................................................................................................................................................................................................................................................................................................................................................................................................................................................................................................................................................................................................................................................................................................................................................................................................................................................................................................................................................................................................................................................................................................................................................................................................................................................................................................................................................................................................................................................................................................................................................................................................................................................................................................................................................................................................................................................................................................................................................................................................................................................................................................................................................................................................................................................................................................................................................................................................................................................................................................................................................................................................................................................................................................................................................................................................................................................................................................................................................................................................................................................................................................................................................................................................................................................................................................................................................................................................................................................................................................................................................................................................................................................................................................................................................................................................................................................................................................................................................................................................................................................................................................................................................................................................................................................................................................................................................................................................................................................................................................................................................................................................................................................................................................................................................................................................................................................................................................................................................................................................................................................................................................................................................................................................................................................................................................................................................................................................................................................................................................................................................................................................................................................................................................................................................................................................................................................................................................................................................................................................................................................................................................................................................................................................................................................................................................................................................................................................................................................................................................................................................................................................................................................................................................................................................................................................................................................................................................................................................................................................................................................................................................................................................................................................................................................................................................................................................................................................................................................................................................................................................................................................................................................................................................................................................................................................................................................................................................................................................................................................................................................................................................................................................................................................................................................................................................................................................................................................................................................................................................................................................................................................................................................................................................................................................................................................................................................................................................................................................................................................................................................................................................................................................................................................................................................................................................................................................................................................................................................................................................................................................................................................................................................................................................................................................................................................................................................................................................................................................................................................................................................................................................................................................................................................................................................................................................................................................................................................................................................................................................................................................................................................................................................................................................................................................................................................................................................................................................................................................................................................................................................................................................................................................................................................................................................................................................................................................................................................................................................................................................................................................................................................................................................................................................................................................................................................................................................................................................................................................................................................................................................................................................................................................................................................................................................................................................................................................................................................................................................................................................................................................................................................................................................................................................................................................................................................................................................................................................................................................................................................................................................................................................................................................................................................................................................................................................................................................................................................................................................................................................................................................................................................................................................................................................................................................................................................................................................................................................................................................................................................................................................................................................................................................................................................................................................................................................................................................................................................................................................................................................................................................................................................................................................................................................................................................................................................................................................................................................................................................................................................................................................................................................................................................................................................................................................................................................................................................................................................................................................................................................................................................................................................................................................................................................................................................................................................................................................................................................................................................................................................................................................................................................................................................................................................................................................................................................................................................................................................................................................................................................................................................................................................................................................................................................................................................................................................................................................................................................................................................................................................................................................................................................................................................................................................................................................................................................................................................................................................................................................................................................................................................................................................................................................................................................................................................................................................................................................................................................................................................................................................................................................................................................................................................................................................................................................................................................................................................................................................................................................................................................................................................................................................................................................................................................................................................................................................................................................................................................................................................................................................................................................................................................................................................................................................................................................................................................................................................................................................................................................................................................................................................................................................................................................................................................................................................................................................................................................................................................................................................................................................................................................................................................................................................................................................................................................................................................................................................................................................................................................................................................................................................................................................................................................................................................................................................................................................................................................................................................................................................................................................................................................................................................................................................................................................................................................................................................................................................................................................................................................................................................................................................................................................................................................................................................................................................................................................................................................................................................................................................................................................................................................................................................................................................................................................................................................................................................................................................................................................................................................................................................................................................................................................................................................................................................................................................................................................................................................................................................................................................................................................................................................................................................................................................................................................................................................................................................................................................................................................................................................................................................................................................................................................................................................................................................................................................................................................................................................................................................................................................................................................................................................................................................................................................................................................................................................................................................................................................................................................................................................................................................................................................................................................................................................................................................................................................................................................................................................................................................................................................................................................................................................................................................................................................................................................................................................................................................................................................................................................................................................................................................................................................................................................................................................................................................................................................................................................................................................................................................................................................................................................................................................................................................................................................................................................................................................................................................................................................................................................................................................................................................................................................................................................................................................................................................................................................................................................................................................................................................................................................................................................................................................................................................................................................................................................................................................................................................................................................................................................................................................................................................................................................................................................................................................................................................................................................................................................................................................................................................................................................................................................................................................................................................................................................................................................................................................................................................................................................................................................................................................................................................................................................................................................................................................................................................................................................................................................................................................................................................................................................................................................................................................................................................................................................................................................................................................................................................................................................................................................................................................................................................................................................................................................................................................................................................................................................................................................................................................................................................................................................................................................................................................................................................................................................................................................................................................................................................................................................................................................................................................................................................................................................................................................................................................................................................................................................................................................................................................................................................................................................................................................................................................................................................................................................................................................................................................................................................................................................................................................................................................................................................................................................................................................................................................................................................................................................................................................................................................................................................................................................................................................................................................................................................................................................................................................................................................................................................................................................................................................................................................................................................................................................................................................................................................................................................................................................................................................................................................................................................................................................................................................................................................................................................................................................................................................................................................................................................................................................................................................................................................................................................................................................................................................................................................................................................................................................................................................................................................................................................................................................................................................................................................................................................................................................................................................................................................................................................................................................................................................................................................................................................................................................................................................................................................................................................................................................................................................................................................................................................................................................................................................................................................................................................................................................................................................................................................................................................................................................................................................................................................................................................................................................................................................................................................................................................................................................................................................................................................................................................................................................................................................................................................................................................................................................................................................................................................................................................................................................................................................................................................................................................................................................................................................................................................................................................................................................................................................................................................................................................................................................................................................................................................................................................................................................................................................................................................................................................................................................................................................................................................................................................................................................................................................................................................................................................................................................................................................................................................................................................................................................................................................................................................................................................................................................................................................................................................................................................................................................................................................................................................................................................................................................................................................................................................................................................................................................................................................................................................................................................................................................................................................................................................................................................................................................................................................................................................................................................................................................................................................................................................................................................................................................................................................................................................................................................................................................................................................................................................................................................................................................................................................................................................................................................................................................................................................................................................................................................................................................................................................................................................................................................................................................................................................................................................................................................................................................................................................................................................................................................................................................................................................................................................................................................................................................................................................................................................................................................................................................................................................................................................................................................................................................................................................................................................................................................................................................................................................................................................................................................................................................................................................................................................................................................................................................................................................................................................................................................................................................................................................................................................................................................................................................................................................................................................................................................................................................................................................................................................................................................................................................................................................................................................................................................................................................................................................................................................................................................................................................................................................................................................................................................................................................................................................................................................................................................................................................................................................................................................................................................................................................................................................................................................................................................................................................................................................................................................................................................................................................................................................................................................................................................................................................................................................................................................................................................................................................................................................................................................................................................................................................................................................................................................................................................................................................................................................................................................................................................................................................................................................................................................................................................................................................................................................................................................................................................................................................................................................................................................................................................................................................................................................................................................................................................................................................................................................................................................................................................................................................................................................................................................................................................................................................................................................................................................................................................................................................................................................................................................................................................................................................................................................................................................................................................................................................................................................................................................................................................................................................................................................................................................................................................................................................................................................................................................................................................................................................................................................................................................................................................................................................................................................................................................................................................................................................................................................................................................................................................................................................................................................................................................................................................................................................................................................................................................................................................................................................................................................................................................................................................................................................................................................................................................................................................................................................................................................................................................................................................................................................................................................................................................................................................................................................................................................................................................................................................................................................................................................................................................................................................................................................................................................................................................................................................................................................................................................................................................................................................................................................................................................................................................................................................................................................................................................................................................................................................................................................................................................................................................................................................................................................................................................................................................................................................................................................................................................................................................................................................................................................................................................................................................................................................................................................................................................................................5 ms. Memory: 208384K Free: 127763K (61%)
2 ms. Memory: 208384K Free: 125342K (60%)
2 ms. Memory: 208384K Free: 125342K (60%)
4 ms. Memory: 208384K Free: 125342K (60%)
5 ms. Memory: 208384K Free: 125342K (60%)
/home/travis/build/icyphy/ptII/ptolemy/actor/lib/test/IIR.tcl
/home/travis/build/icyphy/ptII/ptolemy/actor/lib/test/Interpolator.tcl
2 ms. Memory: 208384K Free: 120502K (58%)
2 ms. Memory: 208384K Free: 120502K (58%)
1 ms. Memory: 208384K Free: 120502K (58%)
2 ms. Memory: 208384K Free: 118081K (57%)
3 ms. Memory: 208384K Free: 118081K (57%)
2 ms. Memory: 208384K Free: 118081K (57%)
2 ms. Memory: 208384K Free: 115661K (56%)
2 ms. Memory: 208384K Free: 115661K (56%)
1 ms. Memory: 208384K Free: 113241K (54%)
2 ms. Memory: 208384K Free: 113241K (54%)
/home/travis/build/icyphy/ptII/ptolemy/actor/lib/test/MathFunction.tcl
4 ms. Memory: 208384K Free: 110820K (53%)
2 ms. Memory: 208384K Free: 110820K (53%)
2 ms. Memory: 208384K Free: 108400K (52%)
2 ms. Memory: 208384K Free: 108400K (52%)
3 ms. Memory: 208384K Free: 105980K (51%)
5 ms. Memory: 208384K Free: 105980K (51%)
/home/travis/build/icyphy/ptII/ptolemy/actor/lib/test/Maximum.tcl
4 ms. Memory: 208384K Free: 103559K (50%)
1 ms. Memory: 208384K Free: 103559K (50%)
2 ms. Memory: 208384K Free: 101139K (49%)
2 ms. Memory: 208384K Free: 101139K (49%)
/home/travis/build/icyphy/ptII/ptolemy/actor/lib/test/Minimum.tcl
3 ms. Memory: 208384K Free: 98719K (47%)
1 ms. Memory: 208384K Free: 98719K (47%)
2 ms. Memory: 208384K Free: 98719K (47%)
1 ms. Memory: 208384K Free: 96298K (46%)
/home/travis/build/icyphy/ptII/ptolemy/actor/lib/test/MultiplyDivide.tcl
8 ms. Memory: 208384K Free: 96298K (46%)
2 ms. Memory: 208384K Free: 93878K (45%)
5 ms. Memory: 208384K Free: 93878K (45%)
3 ms. Memory: 208384K Free: 93878K (45%)
2 ms. Memory: 208384K Free: 91457K (44%)
/home/travis/build/icyphy/ptII/ptolemy/actor/lib/test/OrderedMerge.tcl
Connections changed on port: inputA
Connections changed on port: inputB
Connections changed on port: output
Connections changed on port: output
Connections changed on port: output
Connections changed on port: input
.top. Preinitializing ...
Invoking preinitialize():  .top.OrderedMerge
Called preinitialize()
Invoking preinitialize():  .top.Ramp
Called preinitialize()
Invoking preinitialize():  .top.Ramp2
Called preinitialize()
Invoking preinitialize():  .top.Test
Called preinitialize()
Connections changed on port: inputA
Connections changed on port: output
Connections changed on port: inputB
Connections changed on port: output
Connections changed on port: output
Connections changed on port: input
.top. Finished preinitialize().
Called initialize().
Invoking initialize():  .top.OrderedMerge
Initializing actor: .top.OrderedMerge
Adding a thread: .top.OrderedMerge
Invoking initialize():  .top.Ramp
Initializing actor: .top.Ramp
Adding a thread: .top.Ramp
Invoking initialize():  .top.Ramp2
Initializing actor: .top.Ramp2
Adding a thread: .top.Ramp2
Invoking initialize():  .top.Test
Initializing actor: .top.Test
Adding a thread: .top.Test
-- Starting thread.
Called initialize()
Called prefire()
Called fire()
-- Starting thread.
Called initialize()
Called prefire()
Called fire()
Called postfire()
Called prefire()
Called fire()
-- Starting thread.
Called initialize()
Called prefire()
Called fire()
Called postfire()
Called prefire()
Called fire()
Called fire().
Checking for deadlock:
There are 3 Blocked actors, 0 Stopped actors, and 4 active threads.
Waiting for actors to stop.
-- Starting thread.
Called initialize()
Called prefire()
Called fire()
Checking for deadlock:
There are 2 Blocked actors, 0 Stopped actors, and 4 active threads.
Waiting for actors to stop.
Called postfire()
Called prefire()
Called fire()
Checking for deadlock:
There are 3 Blocked actors, 0 Stopped actors, and 4 active threads.
Waiting for actors to stop.
Read input token from inputA with value 0.0
Next port to read input from is inputB
Called postfire()
Called prefire()
Called fire()
Checking for deadlock:
There are 2 Blocked actors, 0 Stopped actors, and 4 active threads.
Waiting for actors to stop.
Called postfire()
Called prefire()
Called fire()
Checking for deadlock:
There are 3 Blocked actors, 0 Stopped actors, and 4 active threads.
Waiting for actors to stop.
Read input token from inputB with value 0.0
Checking for deadlock:
There are 2 Blocked actors, 0 Stopped actors, and 4 active threads.
Waiting for actors to stop.
-- Read input: 0.0, which is expected to match: 0.0
Called prefire()
Called fire()
Checking for deadlock:
There are 3 Blocked actors, 0 Stopped actors, and 4 active threads.
Waiting for actors to stop.
Sent output token with value 0.0
Next port to read input from is inputA
Called postfire()
Called prefire()
Called fire()
Checking for deadlock:
There are 2 Blocked actors, 0 Stopped actors, and 4 active threads.
Waiting for actors to stop.
Called postfire()
Called prefire()
Called fire()
Checking for deadlock:
There are 3 Blocked actors, 0 Stopped actors, and 4 active threads.
Waiting for actors to stop.
Read input token from inputA with value 1.0
Checking for deadlock:
There are 2 Blocked actors, 0 Stopped actors, and 4 active threads.
Waiting for actors to stop.
-- Read input: 0.0, which is expected to match: 0.0
Called prefire()
Called fire()
Checking for deadlock:
There are 3 Blocked actors, 0 Stopped actors, and 4 active threads.
Waiting for actors to stop.
Sent output token with value 0.0
Next port to read input from is inputB
Called postfire()
Called prefire()
Called fire()
Checking for deadlock:
There are 2 Blocked actors, 0 Stopped actors, and 4 active threads.
Waiting for actors to stop.
Called postfire()
Called prefire()
Called fire()
Checking for deadlock:
There are 3 Blocked actors, 0 Stopped actors, and 4 active threads.
Waiting for actors to stop.
Read input token from inputB with value 1.5
Checking for deadlock:
There are 2 Blocked actors, 0 Stopped actors, and 4 active threads.
Waiting for actors to stop.
-- Read input: 1.0, which is expected to match: 1.0
Called prefire()
Called fire()
Checking for deadlock:
There are 3 Blocked actors, 0 Stopped actors, and 4 active threads.
Waiting for actors to stop.
Sent output token with value 1.0
Next port to read input from is inputA
Called postfire()
Called prefire()
Called fire()
Checking for deadlock:
There are 2 Blocked actors, 0 Stopped actors, and 4 active threads.
Waiting for actors to stop.
Called postfire()
Called prefire()
Called fire()
Checking for deadlock:
There are 3 Blocked actors, 0 Stopped actors, and 4 active threads.
Waiting for actors to stop.
Read input token from inputA with value 2.0
Checking for deadlock:
There are 2 Blocked actors, 0 Stopped actors, and 4 active threads.
Waiting for actors to stop.
-- Read input: 1.5, which is expected to match: 1.5
Called prefire()
Called fire()
Checking for deadlock:
There are 3 Blocked actors, 0 Stopped actors, and 4 active threads.
Waiting for actors to stop.
Sent output token with value 1.5
Next port to read input from is inputB
Called postfire()
Called prefire()
Called fire()
Checking for deadlock:
There are 2 Blocked actors, 0 Stopped actors, and 4 active threads.
Waiting for actors to stop.
Called postfire()
Called prefire()
Called fire()
Checking for deadlock:
There are 3 Blocked actors, 0 Stopped actors, and 4 active threads.
Waiting for actors to stop.
Read input token from inputB with value 3.0
Checking for deadlock:
There are 2 Blocked actors, 0 Stopped actors, and 4 active threads.
Waiting for actors to stop.
-- Read input: 2.0, which is expected to match: 2.0
Called prefire()
Called fire()
Checking for deadlock:
There are 3 Blocked actors, 0 Stopped actors, and 4 active threads.
Waiting for actors to stop.
Sent output token with value 2.0
Next port to read input from is inputA
Called postfire()
Called prefire()
Called fire()
Checking for deadlock:
There are 2 Blocked actors, 0 Stopped actors, and 4 active threads.
Waiting for actors to stop.
Called postfire()
Called prefire()
Called fire()
Checking for deadlock:
There are 3 Blocked actors, 0 Stopped actors, and 4 active threads.
Waiting for actors to stop.
Read input token from inputA with value 3.0
Checking for deadlock:
There are 2 Blocked actors, 0 Stopped actors, and 4 active threads.
Waiting for actors to stop.
-- Read input: 3.0, which is expected to match: 3.0
Called prefire()
Called fire()
Checking for deadlock:
There are 3 Blocked actors, 0 Stopped actors, and 4 active threads.
Waiting for actors to stop.
Sent output token with value 3.0
Next port to read input from is inputB
Called postfire()
Called prefire()
Called fire()
Checking for deadlock:
There are 2 Blocked actors, 0 Stopped actors, and 4 active threads.
Waiting for actors to stop.
Called postfire()
Called prefire()
Called fire()
Checking for deadlock:
There are 3 Blocked actors, 0 Stopped actors, and 4 active threads.
Waiting for actors to stop.
Read input token from inputB with value 4.5
Checking for deadlock:
There are 2 Blocked actors, 0 Stopped actors, and 4 active threads.
Waiting for actors to stop.
-- Read input: 3.0, which is expected to match: 3.0
Called prefire()
Called fire()
Checking for deadlock:
There are 3 Blocked actors, 0 Stopped actors, and 4 active threads.
Waiting for actors to stop.
Sent output token with value 3.0
Next port to read input from is inputA
Called postfire()
Called prefire()
Called fire()
Checking for deadlock:
There are 2 Blocked actors, 0 Stopped actors, and 4 active threads.
Waiting for actors to stop.
Called postfire()
Called prefire()
Called fire()
Checking for deadlock:
There are 3 Blocked actors, 0 Stopped actors, and 4 active threads.
Waiting for actors to stop.
Read input token from inputA with value 4.0
Checking for deadlock:
There are 2 Blocked actors, 0 Stopped actors, and 4 active threads.
Waiting for actors to stop.
-- Read input: 4.0, which is expected to match: 4.0
Called prefire()
Called fire()
Past the end of training data. Read and discard all inputs.
Checking for deadlock:
There are 3 Blocked actors, 0 Stopped actors, and 4 active threads.
Waiting for actors to stop.
Sent output token with value 4.0
Next port to read input from is inputA
Called postfire()
Called prefire()
Called fire()
Checking for deadlock:
There are 2 Blocked actors, 0 Stopped actors, and 4 active threads.
Waiting for actors to stop.
Called postfire()
Called prefire()
Called fire()
Checking for deadlock:
There are 3 Blocked actors, 0 Stopped actors, and 4 active threads.
Waiting for actors to stop.
Read input token from inputA with value 5.0
Checking for deadlock:
There are 2 Blocked actors, 0 Stopped actors, and 4 active threads.
Waiting for actors to stop.
Called prefire()
Called fire()
Past the end of training data. Read and discard all inputs.
Checking for deadlock:
There are 3 Blocked actors, 0 Stopped actors, and 4 active threads.
Waiting for actors to stop.
Sent output token with value 4.5
Next port to read input from is inputB
Called postfire()
Called prefire()
Called fire()
Checking for deadlock:
There are 2 Blocked actors, 0 Stopped actors, and 4 active threads.
Waiting for actors to stop.
Called postfire()
Called prefire()
Called fire()
Checking for deadlock:
There are 3 Blocked actors, 0 Stopped actors, and 4 active threads.
Waiting for actors to stop.
Read input token from inputB with value 6.0
Checking for deadlock:
There are 2 Blocked actors, 0 Stopped actors, and 4 active threads.
Waiting for actors to stop.
Called prefire()
Called fire()
Past the end of training data. Read and discard all inputs.
Checking for deadlock:
There are 3 Blocked actors, 0 Stopped actors, and 4 active threads.
Waiting for actors to stop.
Sent output token with value 5.0
Next port to read input from is inputA
Called postfire()
Called prefire()
Called fire()
Checking for deadlock:
There are 2 Blocked actors, 0 Stopped actors, and 4 active threads.
Waiting for actors to stop.
Called postfire()
Called prefire()
Called fire()
Checking for deadlock:
There are 3 Blocked actors, 0 Stopped actors, and 4 active threads.
Waiting for actors to stop.
Read input token from inputA with value 6.0
Checking for deadlock:
There are 2 Blocked actors, 0 Stopped actors, and 4 active threads.
Waiting for actors to stop.
Called prefire()
Called fire()
Past the end of training data. Read and discard all inputs.
Checking for deadlock:
There are 3 Blocked actors, 0 Stopped actors, and 4 active threads.
Waiting for actors to stop.
Sent output token with value 6.0
Next port to read input from is inputB
Called postfire()
Called prefire()
Called fire()
Checking for deadlock:
There are 2 Blocked actors, 0 Stopped actors, and 4 active threads.
Waiting for actors to stop.
Called postfire()
Called prefire()
Called fire()
Checking for deadlock:
There are 3 Blocked actors, 0 Stopped actors, and 4 active threads.
Waiting for actors to stop.
Read input token from inputB with value 7.5
Checking for deadlock:
There are 2 Blocked actors, 0 Stopped actors, and 4 active threads.
Waiting for actors to stop.
Called prefire()
Called fire()
Past the end of training data. Read and discard all inputs.
Checking for deadlock:
There are 3 Blocked actors, 0 Stopped actors, and 4 active threads.
Waiting for actors to stop.
Sent output token with value 6.0
Next port to read input from is inputA
Called postfire()
Called prefire()
Called fire()
Checking for deadlock:
There are 2 Blocked actors, 0 Stopped actors, and 4 active threads.
Waiting for actors to stop.
Called postfire()
Called prefire()
Called fire()
Checking for deadlock:
There are 3 Blocked actors, 0 Stopped actors, and 4 active threads.
Waiting for actors to stop.
Read input token from inputA with value 7.0
Checking for deadlock:
There are 2 Blocked actors, 0 Stopped actors, and 4 active threads.
Waiting for actors to stop.
Called prefire()
Called fire()
Past the end of training data. Read and discard all inputs.
Checking for deadlock:
There are 3 Blocked actors, 0 Stopped actors, and 4 active threads.
Waiting for actors to stop.
Sent output token with value 7.0
Next port to read input from is inputA
Called postfire()
Called prefire()
Called fire()
Checking for deadlock:
There are 2 Blocked actors, 0 Stopped actors, and 4 active threads.
Waiting for actors to stop.
-- Thread wrapup() called.
Called wrapup()
Thread .top.Ramp is exiting.
-- Thread stopped.
Checking for deadlock:
There are 2 Blocked actors, 0 Stopped actors, and 3 active threads.
Waiting for actors to stop.
Read input token from inputA with value 8.0
Checking for deadlock:
There are 1 Blocked actors, 0 Stopped actors, and 3 active threads.
Waiting for actors to stop.
Called prefire()
Called fire()
Past the end of training data. Read and discard all inputs.
Checking for deadlock:
There are 2 Blocked actors, 0 Stopped actors, and 3 active threads.
Waiting for actors to stop.
Sent output token with value 7.5
Next port to read input from is inputB
Called postfire()
Called prefire()
Called fire()
Checking for deadlock:
There are 1 Blocked actors, 0 Stopped actors, and 3 active threads.
Waiting for actors to stop.
Called postfire()
Called prefire()
Called fire()
Checking for deadlock:
There are 2 Blocked actors, 0 Stopped actors, and 3 active threads.
Waiting for actors to stop.
Read input token from inputB with value 9.0
Checking for deadlock:
There are 1 Blocked actors, 0 Stopped actors, and 3 active threads.
Waiting for actors to stop.
Called prefire()
Called fire()
Past the end of training data. Read and discard all inputs.
Checking for deadlock:
There are 2 Blocked actors, 0 Stopped actors, and 3 active threads.
Waiting for actors to stop.
Sent output token with value 8.0
Next port to read input from is inputA
Called postfire()
Called prefire()
Called fire()
Read input token from inputA with value 9.0
Checking for deadlock:
There are 1 Blocked actors, 0 Stopped actors, and 3 active threads.
Waiting for actors to stop.
Called prefire()
Called fire()
Past the end of training data. Read and discard all inputs.
Checking for deadlock:
There are 2 Blocked actors, 0 Stopped actors, and 3 active threads.
Waiting for actors to stop.
Sent output token with value 9.0
Next port to read input from is inputB
Called postfire()
Called prefire()
Called fire()
Checking for deadlock:
There are 1 Blocked actors, 0 Stopped actors, and 3 active threads.
Waiting for actors to stop.
Called postfire()
Called prefire()
Called fire()
Checking for deadlock:
There are 2 Blocked actors, 0 Stopped actors, and 3 active threads.
Waiting for actors to stop.
Read input token from inputB with value 10.5
Checking for deadlock:
There are 1 Blocked actors, 0 Stopped actors, and 3 active threads.
Waiting for actors to stop.
Called prefire()
Called fire()
Past the end of training data. Read and discard all inputs.
Checking for deadlock:
There are 2 Blocked actors, 0 Stopped actors, and 3 active threads.
Waiting for actors to stop.
Sent output token with value 9.0
Next port to read input from is inputA
Called postfire()
Called prefire()
Called fire()
Checking for deadlock:
There are 3 Blocked actors, 0 Stopped actors, and 3 active threads.
Actors have stopped.
Checking for deadlock:
There are 3 Blocked actors, 0 Stopped actors, and 3 active threads.
Deadlock detected.
Resolving Deadlock
Checking for deadlock:
There are 3 Blocked actors, 0 Stopped actors, and 3 active threads.
Artificial Deadlock - increasing queue capacity.
increasing the capacity of receiver ptolemy.actor.TypedIOPort {.top.OrderedMerge.inputB} to 2
Director: Called postfire().
Called postfire().
_stopRequested = false
_stopFireRequested = false
Returning from postfire(): true
Called fire().
Checking for deadlock:
There are 2 Blocked actors, 0 Stopped actors, and 3 active threads.
Waiting for actors to stop.
-- Thread wrapup() called.
Called wrapup()
Thread .top.Ramp2 is exiting.
-- Thread stopped.
Checking for deadlock:
There are 2 Blocked actors, 0 Stopped actors, and 2 active threads.
Actors have stopped.
Checking for deadlock:
There are 2 Blocked actors, 0 Stopped actors, and 2 active threads.
Deadlock detected.
Resolving Deadlock
Checking for deadlock:
There are 2 Blocked actors, 0 Stopped actors, and 2 active threads.
Deadlock detected: no processes blocked on write, but some are blocked on read.
Called postfire().
_stopRequested = false
_stopFireRequested = false
Returning from postfire(): false
Finished deactivating branches.
Called wrapup().
-- Thread wrapup() called.
Called wrapup()
Thread .top.Test is exiting.
-- Thread stopped.
-- Blocked Receiver call threw TerminateProcessException.
-- Thread wrapup() called.
Called wrapup()
Thread .top.OrderedMerge is exiting.
24 ms. Memory: 208384K Free: 84122K (40%)
.top. Preinitializing ...
Invoking preinitialize():  .top.OrderedMerge
Called preinitialize()
Invoking preinitialize():  .top.Ramp
Called preinitialize()
Invoking preinitialize():  .top.Ramp2
Called preinitialize()
Invoking preinitialize():  .top.Test
Called preinitialize()
.top. Finished preinitialize().
Called initialize().
Invoking initialize():  .top.OrderedMerge
Initializing actor: .top.OrderedMerge
Adding a thread: .top.OrderedMerge
Invoking initialize():  .top.Ramp
Initializing actor: .top.Ramp
Adding a thread: .top.Ramp
Invoking initialize():  .top.Ramp2
Initializing actor: .top.Ramp2
Adding a thread: .top.Ramp2
Invoking initialize():  .top.Test
Initializing actor: .top.Test
Adding a thread: .top.Test
-- Thread stopped.
-- Blocked Receiver call threw TerminateProcessException.
-- Starting thread.
Called initialize()
Called prefire()
Called fire()
-- Starting thread.
Called initialize()
Called prefire()
Called fire()
Called postfire()
Called prefire()
Called fire()
Called fire().
Checking for deadlock:
There are 2 Blocked actors, 0 Stopped actors, and 4 active threads.
Waiting for actors to stop.
-- Starting thread.
Called initialize()
Called prefire()
Called fire()
Called postfire()
Called prefire()
Called fire()
Checking for deadlock:
There are 3 Blocked actors, 0 Stopped actors, and 4 active threads.
Waiting for actors to stop.
-- Starting thread.
Called initialize()
Called prefire()
Called fire()
Read input token from inputA with value 0.0
Next port to read input from is inputB
Called postfire()
Called prefire()
Called fire()
Checking for deadlock:
There are 1 Blocked actors, 0 Stopped actors, and 4 active threads.
Waiting for actors to stop.
Read input token from inputB with value 0.0
Sent output token with value 0.0
Next port to read input from is inputA
Called postfire()
Called prefire()
Called fire()
Called postfire()
Called prefire()
Called fire()
Checking for deadlock:
There are 1 Blocked actors, 0 Stopped actors, and 4 active threads.
Waiting for actors to stop.
Called postfire()
-- Read input: 0.0, which is expected to match: 0.0
Called prefire()
Called prefire()
Called fire()
Called fire()
Read input token from inputA with value 1.0
Sent output token with value 0.0
Next port to read input from is inputB
Called postfire()
Called prefire()
Called fire()
Read input token from inputB with value 1.5
-- Read input: 0.0, which is expected to match: 0.0
Called prefire()
Called fire()
Checking for deadlock:
There are 1 Blocked actors, 0 Stopped actors, and 4 active threads.
Waiting for actors to stop.
Called postfire()
Called prefire()
Called fire()
Called postfire()
Called prefire()
Sent output token with value 1.0
Called fire()
Checking for deadlock:
Next port to read input from is inputA
There are 2 Blocked actors, 0 Stopped actors, and 4 active threads.
Called postfire()
Waiting for actors to stop.
Called prefire()
Called fire()
Read input token from inputA with value 2.0
-- Read input: 1.0, which is expected to match: 1.0
Called prefire()
Called fire()
Sent output token with value 1.5
Next port to read input from is inputB
Called postfire()
Called prefire()
-- Read input: 1.5, which is expected to match: 1.5
Called fire()
Called prefire()
Called fire()
Read input token from inputB with value 3.0
Called postfire()
Called prefire()
Called fire()
Sent output token with value 2.0
Next port to read input from is inputA
Checking for deadlock:
There are 1 Blocked actors, 0 Stopped actors, and 4 active threads.
Called postfire()
Waiting for actors to stop.
Called prefire()
Called fire()
Called postfire()
Called prefire()
Called fire()
Read input token from inputA with value 3.0
Sent output token with value 3.0
-- Read input: 2.0, which is expected to match: 2.0
Called prefire()
Called fire()
Next port to read input from is inputB
Called postfire()
Called prefire()
Called fire()
-- Read input: 3.0, which is expected to match: 3.0
Called prefire()
Called fire()
Read input token from inputB with value 4.5
Sent output token with value 3.0
Next port to read input from is inputA
Called postfire()
Called prefire()
Called fire()
Checking for deadlock:
There are 1 Blocked actors, 0 Stopped actors, and 4 active threads.
Waiting for actors to stop.
Called postfire()
Called prefire()
Called fire()
-- Read input: 3.0, which is expected to match: 3.0
Called prefire()
Called fire()
Called postfire()
Called prefire()
Called fire()
Checking for deadlock:
There are 3 Blocked actors, 0 Stopped actors, and 4 active threads.
Waiting for actors to stop.
Called postfire()
Called prefire()
Called fire()
Read input token from inputA with value 4.0
Sent output token with value 4.0
Next port to read input from is inputA
Called postfire()
Called prefire()
Called fire()
Read input token from inputA with value 5.0
Checking for deadlock:
There are 2 Blocked actors, 0 Stopped actors, and 4 active threads.
Waiting for actors to stop.
-- Read input: 4.0, which is expected to match: 4.0
Called prefire()
Called fire()
Past the end of training data. Read and discard all inputs.
Called postfire()
Called prefire()
Called fire()
Checking for deadlock:
There are 3 Blocked actors, 0 Stopped actors, and 4 active threads.
Waiting for actors to stop.
Sent output token with value 4.5
Next port to read input from is inputB
Called postfire()
Called prefire()
Called fire()
Read input token from inputB with value 6.0
Called postfire()
Called prefire()
Called fire()
Called prefire()
Called fire()
Past the end of training data. Read and discard all inputs.
Checking for deadlock:
There are 3 Blocked actors, 0 Stopped actors, and 4 active threads.
Waiting for actors to stop.
Sent output token with value 5.0
Next port to read input from is inputA
Called postfire()
Called prefire()
Called fire()
Read input token from inputA with value 6.0
Checking for deadlock:
There are 2 Blocked actors, 0 Stopped actors, and 4 active threads.
Waiting for actors to stop.
Called prefire()
Called fire()
Past the end of training data. Read and discard all inputs.
Called postfire()
Called prefire()
Called fire()
Checking for deadlock:
There are 3 Blocked actors, 0 Stopped actors, and 4 active threads.
Waiting for actors to stop.
Sent output token with value 6.0
Next port to read input from is inputB
Called postfire()
Called prefire()
Called fire()
Read input token from inputB with value 7.5
Called postfire()
Called prefire()
Called prefire()
Called fire()
Called fire()
Past the end of training data. Read and discard all inputs.
Checking for deadlock:
There are 3 Blocked actors, 0 Stopped actors, and 4 active threads.
Waiting for actors to stop.
Sent output token with value 6.0
Next port to read input from is inputA
Called postfire()
Called prefire()
Called fire()
Called postfire()
Called prefire()
Read input token from inputA with value 7.0
Called fire()
Checking for deadlock:
There are 3 Blocked actors, 0 Stopped actors, and 4 active threads.
Waiting for actors to stop.
Called prefire()
Called fire()
Past the end of training data. Read and discard all inputs.
Sent output token with value 7.0
Next port to read input from is inputA
Called postfire()
Called prefire()
Called prefire()
Called fire()
Called fire()
Past the end of training data. Read and discard all inputs.
Read input token from inputA with value 8.0
Sent output token with value 7.5
Next port to read input from is inputB
Called postfire()
Called prefire()
Called fire()
Read input token from inputB with value 9.0
Called postfire()
Called prefire()
Called prefire()
Called fire()
Called fire()
Past the end of training data. Read and discard all inputs.
Checking for deadlock:
There are 1 Blocked actors, 0 Stopped actors, and 4 active threads.
Waiting for actors to stop.
-- Thread wrapup() called.
Called wrapup()
Thread .top.Ramp is exiting.
Sent output token with value 8.0
-- Thread stopped.
Next port to read input from is inputA
Called postfire()
Called prefire()
Called fire()
Read input token from inputA with value 9.0
Checking for deadlock:
There are 2 Blocked actors, 0 Stopped actors, and 3 active threads.
Waiting for actors to stop.
Called prefire()
Called fire()
Past the end of training data. Read and discard all inputs.
Checking for deadlock:
There are 2 Blocked actors, 0 Stopped actors, and 3 active threads.
Waiting for actors to stop.
Sent output token with value 9.0
Next port to read input from is inputB
Called postfire()
Called prefire()
Called fire()
Read input token from inputB with value 10.5
Checking for deadlock:
There are 1 Blocked actors, 0 Stopped actors, and 3 active threads.
Waiting for actors to stop.
Called prefire()
Called postfire()
Called prefire()
Checking for deadlock:
Called fire()
There are 0 Blocked actors, 0 Stopped actors, and 3 active threads.
Waiting for actors to stop.
Called fire()
Past the end of training data. Read and discard all inputs.
Called prefire()
Called fire()
Past the end of training data. Read and discard all inputs.
Sent output token with value 9.0
Checking for deadlock:
There are 2 Blocked actors, 0 Stopped actors, and 3 active threads.
Waiting for actors to stop.
Next port to read input from is inputA
Called postfire()
Called prefire()
Called fire()
Checking for deadlock:
There are 3 Blocked actors, 0 Stopped actors, and 3 active threads.
Actors have stopped.
Checking for deadlock:
There are 3 Blocked actors, 0 Stopped actors, and 3 active threads.
Deadlock detected.
Resolving Deadlock
Checking for deadlock:
There are 3 Blocked actors, 0 Stopped actors, and 3 active threads.
Artificial Deadlock - increasing queue capacity.
increasing the capacity of receiver ptolemy.actor.TypedIOPort {.top.OrderedMerge.inputB} to 2
Director: Called postfire().
Called postfire().
_stopRequested = false
_stopFireRequested = false
Returning from postfire(): true
Called fire().
Checking for deadlock:
There are 2 Blocked actors, 0 Stopped actors, and 3 active threads.
Waiting for actors to stop.
-- Thread wrapup() called.
Called wrapup()
Thread .top.Ramp2 is exiting.
-- Thread stopped.
Checking for deadlock:
There are 2 Blocked actors, 0 Stopped actors, and 2 active threads.
Actors have stopped.
Checking for deadlock:
There are 2 Blocked actors, 0 Stopped actors, and 2 active threads.
Deadlock detected.
Resolving Deadlock
Checking for deadlock:
There are 2 Blocked actors, 0 Stopped actors, and 2 active threads.
Deadlock detected: no processes blocked on write, but some are blocked on read.
Called postfire().
_stopRequested = false
_stopFireRequested = false
Returning from postfire(): false
Finished deactivating branches.
Called wrapup().
-- Thread wrapup() called.
Called wrapup()
-- Thread wrapup() called.
Thread .top.OrderedMerge is exiting.
Called wrapup()
-- Thread stopped.
-- Blocked Receiver call threw TerminateProcessException.
Thread .top.Test is exiting.
-- Thread stopped.
-- Blocked Receiver call threw TerminateProcessException.
32 ms. Memory: 331264K Free: 314976K (95%)
/home/travis/build/icyphy/ptII/ptolemy/actor/lib/test/Publisher.tcl
13 ms. Memory: 331264K Free: 310282K (94%)
7 ms. Memory: 331264K Free: 305587K (92%)
7 ms. Memory: 331264K Free: 300892K (91%)
9 ms. Memory: 331264K Free: 300892K (91%)
3 ms. Memory: 331264K Free: 300892K (91%)
3 ms. Memory: 331264K Free: 296197K (89%)
5 ms. Memory: 331264K Free: 296197K (89%)
7 ms. Memory: 331264K Free: 296197K (89%)
4 ms. Memory: 331264K Free: 286808K (87%)
9 ms. Memory: 331264K Free: 282113K (85%)
3 ms. Memory: 331264K Free: 282113K (85%)
1 ms. Memory: 331264K Free: 282113K (85%)
14 ms. Memory: 331264K Free: 272724K (82%)
18 ms. Memory: 331264K Free: 263335K (79%)
7 ms. Memory: 331264K Free: 249235K (75%)
/home/travis/build/icyphy/ptII/ptolemy/actor/lib/test/Pulse.tcl
4 ms. Memory: 331264K Free: 206949K (62%)
13 ms. Memory: 331264K Free: 206949K (62%)
2 ms. Memory: 331264K Free: 206949K (62%)
1 ms. Memory: 331264K Free: 206949K (62%)
1 ms. Memory: 331264K Free: 206949K (62%)
5 ms. Memory: 331264K Free: 206949K (62%)
8 ms. Memory: 331264K Free: 202238K (61%)
1 ms. Memory: 331264K Free: 202238K (61%)
2 ms. Memory: 331264K Free: 202238K (61%)
/home/travis/build/icyphy/ptII/ptolemy/actor/lib/test/Ramp.tcl
9 ms. Memory: 331264K Free: 202238K (61%)
2 ms. Memory: 331264K Free: 202238K (61%)
1 ms. Memory: 331264K Free: 197544K (60%)
4 ms. Memory: 331264K Free: 197544K (60%)
8 ms. Memory: 331264K Free: 197544K (60%)
7 ms. Memory: 331264K Free: 197544K (60%)
8 ms. Memory: 331264K Free: 197544K (60%)
5 actors
13000 microseconds per iteration to create
20 ms. Memory: 331264K Free: 192849K (58%)
1 ms. Memory: 331264K Free: 192849K (58%)
1 ms. Memory: 331264K Free: 192849K (58%)
2 ms. Memory: 331264K Free: 192849K (58%)
50 actors
53000 microseconds per iteration to create
47 ms. Memory: 331264K Free: 174062K (53%)
5 ms. Memory: 331264K Free: 174062K (53%)
5 ms. Memory: 331264K Free: 174062K (53%)
5 ms. Memory: 331264K Free: 174062K (53%)
500 actors
1306000 microseconds per iteration to create
214 ms. Memory: 331776K Free: 239184K (72%)
33 ms. Memory: 331776K Free: 234421K (71%)
33 ms. Memory: 331776K Free: 229657K (69%)
37 ms. Memory: 331776K Free: 224893K (68%)
/home/travis/build/icyphy/ptII/ptolemy/actor/lib/test/RampContinuous.tcl
8 ms. Memory: 331776K Free: 224893K (68%)
/home/travis/build/icyphy/ptII/ptolemy/actor/lib/test/RecordAssembler.tcl
4 ms. Memory: 331776K Free: 220129K (66%)
4 ms. Memory: 331776K Free: 220129K (66%)
/home/travis/build/icyphy/ptII/ptolemy/actor/lib/test/RecordDisassembler.tcl
4 ms. Memory: 331776K Free: 220129K (66%)
2 ms. Memory: 331776K Free: 220129K (66%)
6 ms. Memory: 331776K Free: 215365K (65%)
/home/travis/build/icyphy/ptII/ptolemy/actor/lib/test/Scale.tcl
3 ms. Memory: 331776K Free: 215365K (65%)
2 ms. Memory: 331776K Free: 215365K (65%)
1 ms. Memory: 331776K Free: 215365K (65%)
2 ms. Memory: 331776K Free: 215365K (65%)
2 ms. Memory: 331776K Free: 210601K (63%)
/home/travis/build/icyphy/ptII/ptolemy/actor/lib/test/SequentialClock.tcl
preinitializing
resolving types
initializing
executing number 1
wrapping up
idle
2 ms. Memory: 331776K Free: 210601K (63%)
Completed execution with 5 iterations
preinitializing
resolving types
initializing
executing number 1
wrapping up
idle
1 ms. Memory: 331776K Free: 210601K (63%)
Completed execution with 5 iterations
preinitializing
resolving types
initializing
executing number 1
wrapping up
idle
1 ms. Memory: 331776K Free: 210601K (63%)
Completed execution with 5 iterations
/home/travis/build/icyphy/ptII/ptolemy/actor/lib/test/SetVariable.tcl
5 ms. Memory: 331776K Free: 205837K (62%)
/home/travis/build/icyphy/ptII/ptolemy/actor/lib/test/Sinewave.tcl
/home/travis/build/icyphy/ptII/ptolemy/actor/lib/test/SubscriptionAggregator.tcl
4 ms. Memory: 331776K Free: 196294K (59%)
2 ms. Memory: 331776K Free: 191530K (58%)
1 ms. Memory: 331776K Free: 191530K (58%)
1 ms. Memory: 331776K Free: 191530K (58%)
9 ms. Memory: 331776K Free: 186758K (56%)
3 ms. Memory: 331776K Free: 186758K (56%)
...............................................................733 ms. Memory: 576512K Free: 136691K (24%)
/home/travis/build/icyphy/ptII/ptolemy/actor/lib/test/Test.tcl
 The next command will produce a warning about training mode,
   which may be ignored.
4 ms. Memory: 576512K Free: 136691K (24%)
2 ms. Memory: 576512K Free: 136691K (24%)
1 ms. Memory: 576512K Free: 136691K (24%)
1 ms. Memory: 576512K Free: 136691K (24%)
1 ms. Memory: 576512K Free: 136691K (24%)
2 ms. Memory: 576512K Free: 136691K (24%)
3 ms. Memory: 576512K Free: 136691K (24%)
 The next command will produce a warning about training mode,
   which may be ignored.
3 ms. Memory: 576512K Free: 127133K (22%)
 The next command will produce a warning about training mode,
   which may be ignored.
2 ms. Memory: 576512K Free: 127133K (22%)
1 ms. Memory: 576512K Free: 127133K (22%)
1 ms. Memory: 576512K Free: 127133K (22%)
1 ms. Memory: 576512K Free: 127133K (22%)
1 ms. Memory: 576512K Free: 127133K (22%)
5 ms. Memory: 576512K Free: 127133K (22%)
/home/travis/build/icyphy/ptII/ptolemy/actor/lib/test/TestExceptionHandler.tcl
 The next command will produce a warning about training mode,
   which may be ignored.
2 ms. Memory: 576512K Free: 127133K (22%)
2 ms. Memory: 576512K Free: 117575K (20%)
1 ms. Memory: 576512K Free: 117575K (20%)
/home/travis/build/icyphy/ptII/ptolemy/actor/lib/test/UnionDisassembler.tcl
23 ms. Memory: 576512K Free: 117575K (20%)
/home/travis/build/icyphy/ptII/ptolemy/actor/lib/test/VariableClock.tcl
preinitializing
resolving types
initializing
executing number 1
wrapping up
idle
8 ms. Memory: 576512K Free: 108016K (19%)
Completed execution with 11 iterations
preinitializing
resolving types
initializing
executing number 1
wrapping up
idle
3 ms. Memory: 576512K Free: 108016K (19%)
Completed execution with 10 iterations
09/13/18 02:06:04
Failed: 0  Total Tests: 234  ((Passed: 234, Newly Passed: 0)  Known Failed: 0) /home/travis/build/icyphy/ptII/ptolemy/actor/lib/test
----------------- testing (KnownFailure) /home/travis/build/icyphy/ptII/ptolemy/actor/lib/test/auto/knownFailedTests/PublisherPortToplevelSubscriber.xml
1 ms. Memory: 576512K Free: 101517K (18%)
Known Failure: java.lang.reflect.InvocationTargetException
----------------- testing (KnownFailure) /home/travis/build/icyphy/ptII/ptolemy/actor/lib/test/auto/knownFailedTests/PublisherSubscriberPortToplevel.xml
1 ms. Memory: 576512K Free: 88519K (15%)
Known Failure: java.lang.reflect.InvocationTargetException
----------------- testing (KnownFailure) /home/travis/build/icyphy/ptII/ptolemy/actor/lib/test/auto/knownFailedTests/PublisherSubscriptionAggregatorPort.xml
4 ms. Memory: 576512K Free: 75521K (13%)
Known Failure: java.lang.reflect.InvocationTargetException
----------------- testing (KnownFailure) /home/travis/build/icyphy/ptII/ptolemy/actor/lib/test/auto/knownFailedTests/sizedarray3.xml
4 ms. Memory: 579584K Free: 535377K (92%)
Known Failure: java.lang.reflect.InvocationTargetException
No auto/linux-amd64/*.xml tests in /home/travis/build/icyphy/ptII/ptolemy/actor/lib/test
AutoTests.java: About to close Vertx.
AutoTests.java: Vertx closed.

===========================================================================================
----------------- testing Thu Sep 13 02:06:05 UTC 2018 /home/travis/build/icyphy/ptII/ptolemy/actor/lib/test/auto/AbsoluteValue.xml
----------------- Instantiating /home/travis/build/icyphy/ptII/ptolemy/actor/lib/test/auto/AbsoluteValue.xml
3 ms. Memory: 579584K Free: 448643K (77%)
----------------- Invoking toplevel() on ptolemy.moml.MoMLSimpleApplication@3d60df30
----------------- Done invoking toplevel() on ptolemy.moml.MoMLSimpleApplication@3d60df30
reloadAllAccessors: .AbsoluteValue

===========================================================================================
----------------- testing Thu Sep 13 02:06:05 UTC 2018 /home/travis/build/icyphy/ptII/ptolemy/actor/lib/test/auto/AbsoluteValue2.xml
----------------- Instantiating /home/travis/build/icyphy/ptII/ptolemy/actor/lib/test/auto/AbsoluteValue2.xml
4 ms. Memory: 579584K Free: 424720K (73%)
----------------- Invoking toplevel() on ptolemy.moml.MoMLSimpleApplication@1abb2f57
----------------- Done invoking toplevel() on ptolemy.moml.MoMLSimpleApplication@1abb2f57
reloadAllAccessors: .AbsoluteValue2

===========================================================================================
----------------- testing Thu Sep 13 02:06:05 UTC 2018 /home/travis/build/icyphy/ptII/ptolemy/actor/lib/test/auto/Accumulator.xml
----------------- Instantiating /home/travis/build/icyphy/ptII/ptolemy/actor/lib/test/auto/Accumulator.xml
6 ms. Memory: 579584K Free: 414971K (72%)
----------------- Invoking toplevel() on ptolemy.moml.MoMLSimpleApplication@37ef811f
----------------- Done invoking toplevel() on ptolemy.moml.MoMLSimpleApplication@37ef811f
reloadAllAccessors: .Accumulator

===========================================================================================
----------------- testing Thu Sep 13 02:06:05 UTC 2018 /home/travis/build/icyphy/ptII/ptolemy/actor/lib/test/auto/Accumulator2.xml
----------------- Instantiating /home/travis/build/icyphy/ptII/ptolemy/actor/lib/test/auto/Accumulator2.xml
5 ms. Memory: 579584K Free: 405223K (70%)
----------------- Invoking toplevel() on ptolemy.moml.MoMLSimpleApplication@694c9102
----------------- Done invoking toplevel() on ptolemy.moml.MoMLSimpleApplication@694c9102
reloadAllAccessors: .Accumulator2

===========================================================================================
----------------- testing Thu Sep 13 02:06:05 UTC 2018 /home/travis/build/icyphy/ptII/ptolemy/actor/lib/test/auto/Accumulator3.xml
----------------- Instantiating /home/travis/build/icyphy/ptII/ptolemy/actor/lib/test/auto/Accumulator3.xml
9 ms. Memory: 579584K Free: 395474K (68%)
----------------- Invoking toplevel() on ptolemy.moml.MoMLSimpleApplication@578172b3
----------------- Done invoking toplevel() on ptolemy.moml.MoMLSimpleApplication@578172b3
reloadAllAccessors: .Accumulator3

===========================================================================================
----------------- testing Thu Sep 13 02:06:05 UTC 2018 /home/travis/build/icyphy/ptII/ptolemy/actor/lib/test/auto/ArrayAppend.xml
----------------- Instantiating /home/travis/build/icyphy/ptII/ptolemy/actor/lib/test/auto/ArrayAppend.xml
5 ms. Memory: 579584K Free: 385726K (67%)
----------------- Invoking toplevel() on ptolemy.moml.MoMLSimpleApplication@30ffbb60
----------------- Done invoking toplevel() on ptolemy.moml.MoMLSimpleApplication@30ffbb60
reloadAllAccessors: .ArrayAppend

===========================================================================================
----------------- testing Thu Sep 13 02:06:05 UTC 2018 /home/travis/build/icyphy/ptII/ptolemy/actor/lib/test/auto/ArrayAppend2.xml
----------------- Instantiating /home/travis/build/icyphy/ptII/ptolemy/actor/lib/test/auto/ArrayAppend2.xml
421 ms. Memory: 579584K Free: 288697K (50%)
----------------- Invoking toplevel() on ptolemy.moml.MoMLSimpleApplication@7015a2f3
----------------- Done invoking toplevel() on ptolemy.moml.MoMLSimpleApplication@7015a2f3
reloadAllAccessors: .ArrayAppend2

===========================================================================================
----------------- testing Thu Sep 13 02:06:06 UTC 2018 /home/travis/build/icyphy/ptII/ptolemy/actor/lib/test/auto/ArrayAppend3.xml
----------------- Instantiating /home/travis/build/icyphy/ptII/ptolemy/actor/lib/test/auto/ArrayAppend3.xml
4 ms. Memory: 579584K Free: 278949K (48%)
----------------- Invoking toplevel() on ptolemy.moml.MoMLSimpleApplication@5de412d6
----------------- Done invoking toplevel() on ptolemy.moml.MoMLSimpleApplication@5de412d6
reloadAllAccessors: .ArrayAppend3

===========================================================================================
----------------- testing Thu Sep 13 02:06:06 UTC 2018 /home/travis/build/icyphy/ptII/ptolemy/actor/lib/test/auto/ArrayAppend4.xml
----------------- Instantiating /home/travis/build/icyphy/ptII/ptolemy/actor/lib/test/auto/ArrayAppend4.xml
10 ms. Memory: 579584K Free: 269200K (46%)
----------------- Invoking toplevel() on ptolemy.moml.MoMLSimpleApplication@34bbdeb0
----------------- Done invoking toplevel() on ptolemy.moml.MoMLSimpleApplication@34bbdeb0
reloadAllAccessors: .ArrayAppend4

===========================================================================================
----------------- testing Thu Sep 13 02:06:06 UTC 2018 /home/travis/build/icyphy/ptII/ptolemy/actor/lib/test/auto/ArrayAppend5.xml
----------------- Instantiating /home/travis/build/icyphy/ptII/ptolemy/actor/lib/test/auto/ArrayAppend5.xml
8 ms. Memory: 579584K Free: 259452K (45%)
----------------- Invoking toplevel() on ptolemy.moml.MoMLSimpleApplication@308b4c8
----------------- Done invoking toplevel() on ptolemy.moml.MoMLSimpleApplication@308b4c8
reloadAllAccessors: .ArrayAppend5

===========================================================================================
----------------- testing Thu Sep 13 02:06:06 UTC 2018 /home/travis/build/icyphy/ptII/ptolemy/actor/lib/test/auto/ArrayAppend6.xml
----------------- Instantiating /home/travis/build/icyphy/ptII/ptolemy/actor/lib/test/auto/ArrayAppend6.xml
4 ms. Memory: 579584K Free: 240411K (41%)
----------------- Invoking toplevel() on ptolemy.moml.MoMLSimpleApplication@7d4cf168
----------------- Done invoking toplevel() on ptolemy.moml.MoMLSimpleApplication@7d4cf168
reloadAllAccessors: .ArrayAppend6

===========================================================================================
----------------- testing Thu Sep 13 02:06:06 UTC 2018 /home/travis/build/icyphy/ptII/ptolemy/actor/lib/test/auto/ArrayAppendPerformanceTest.xml
----------------- Instantiating /home/travis/build/icyphy/ptII/ptolemy/actor/lib/test/auto/ArrayAppendPerformanceTest.xml
19 ms. Memory: 579584K Free: 225773K (39%)
----------------- Invoking toplevel() on ptolemy.moml.MoMLSimpleApplication@82e91c
----------------- Done invoking toplevel() on ptolemy.moml.MoMLSimpleApplication@82e91c
reloadAllAccessors: .ArrayAppendPerformanceTest

===========================================================================================
----------------- testing Thu Sep 13 02:06:06 UTC 2018 /home/travis/build/icyphy/ptII/ptolemy/actor/lib/test/auto/ArrayAppendWithEmptyInput.xml
----------------- Instantiating /home/travis/build/icyphy/ptII/ptolemy/actor/lib/test/auto/ArrayAppendWithEmptyInput.xml
17 ms. Memory: 579584K Free: 211134K (36%)
----------------- Invoking toplevel() on ptolemy.moml.MoMLSimpleApplication@5197b514
----------------- Done invoking toplevel() on ptolemy.moml.MoMLSimpleApplication@5197b514
reloadAllAccessors: .ArrayAppendWithEmptyInput

===========================================================================================
----------------- testing Thu Sep 13 02:06:06 UTC 2018 /home/travis/build/icyphy/ptII/ptolemy/actor/lib/test/auto/ArrayAverage.xml
----------------- Instantiating /home/travis/build/icyphy/ptII/ptolemy/actor/lib/test/auto/ArrayAverage.xml
13 ms. Memory: 579584K Free: 196511K (34%)
----------------- Invoking toplevel() on ptolemy.moml.MoMLSimpleApplication@5f0d3ee6
----------------- Done invoking toplevel() on ptolemy.moml.MoMLSimpleApplication@5f0d3ee6
reloadAllAccessors: .ArrayAverage

===========================================================================================
----------------- testing Thu Sep 13 02:06:06 UTC 2018 /home/travis/build/icyphy/ptII/ptolemy/actor/lib/test/auto/ArrayContains.xml
----------------- Instantiating /home/travis/build/icyphy/ptII/ptolemy/actor/lib/test/auto/ArrayContains.xml
13 ms. Memory: 579584K Free: 177470K (31%)
----------------- Invoking toplevel() on ptolemy.moml.MoMLSimpleApplication@f7bf08
----------------- Done invoking toplevel() on ptolemy.moml.MoMLSimpleApplication@f7bf08
reloadAllAccessors: .ArrayContains

===========================================================================================
----------------- testing Thu Sep 13 02:06:06 UTC 2018 /home/travis/build/icyphy/ptII/ptolemy/actor/lib/test/auto/ArrayElement.xml
----------------- Instantiating /home/travis/build/icyphy/ptII/ptolemy/actor/lib/test/auto/ArrayElement.xml
2 ms. Memory: 579584K Free: 167722K (29%)
----------------- Invoking toplevel() on ptolemy.moml.MoMLSimpleApplication@2501d0f0
----------------- Done invoking toplevel() on ptolemy.moml.MoMLSimpleApplication@2501d0f0
reloadAllAccessors: .ArrayElement

===========================================================================================
----------------- testing Thu Sep 13 02:06:06 UTC 2018 /home/travis/build/icyphy/ptII/ptolemy/actor/lib/test/auto/ArrayElementAsMatrix.xml
----------------- Instantiating /home/travis/build/icyphy/ptII/ptolemy/actor/lib/test/auto/ArrayElementAsMatrix.xml
13 ms. Memory: 579584K Free: 153083K (26%)
----------------- Invoking toplevel() on ptolemy.moml.MoMLSimpleApplication@2ff37e6c
----------------- Done invoking toplevel() on ptolemy.moml.MoMLSimpleApplication@2ff37e6c
reloadAllAccessors: .ArrayElementAsMatrix

===========================================================================================
----------------- testing Thu Sep 13 02:06:06 UTC 2018 /home/travis/build/icyphy/ptII/ptolemy/actor/lib/test/auto/ArrayElementI.xml
----------------- Instantiating /home/travis/build/icyphy/ptII/ptolemy/actor/lib/test/auto/ArrayElementI.xml
3 ms. Memory: 579584K Free: 143335K (25%)
----------------- Invoking toplevel() on ptolemy.moml.MoMLSimpleApplication@274a83c5
----------------- Done invoking toplevel() on ptolemy.moml.MoMLSimpleApplication@274a83c5
reloadAllAccessors: .ArrayElementI

===========================================================================================
----------------- testing Thu Sep 13 02:06:06 UTC 2018 /home/travis/build/icyphy/ptII/ptolemy/actor/lib/test/auto/ArrayExtract.xml
----------------- Instantiating /home/travis/build/icyphy/ptII/ptolemy/actor/lib/test/auto/ArrayExtract.xml
3 ms. Memory: 579584K Free: 124294K (21%)
----------------- Invoking toplevel() on ptolemy.moml.MoMLSimpleApplication@6d3eab8e
----------------- Done invoking toplevel() on ptolemy.moml.MoMLSimpleApplication@6d3eab8e
reloadAllAccessors: .ArrayExtract

===========================================================================================
----------------- testing Thu Sep 13 02:06:06 UTC 2018 /home/travis/build/icyphy/ptII/ptolemy/actor/lib/test/auto/ArrayExtract2.xml
----------------- Instantiating /home/travis/build/icyphy/ptII/ptolemy/actor/lib/test/auto/ArrayExtract2.xml
2 ms. Memory: 579584K Free: 114546K (20%)
----------------- Invoking toplevel() on ptolemy.moml.MoMLSimpleApplication@695bbc22
----------------- Done invoking toplevel() on ptolemy.moml.MoMLSimpleApplication@695bbc22
reloadAllAccessors: .ArrayExtract2

===========================================================================================
----------------- testing Thu Sep 13 02:06:06 UTC 2018 /home/travis/build/icyphy/ptII/ptolemy/actor/lib/test/auto/ArrayLength.xml
----------------- Instantiating /home/travis/build/icyphy/ptII/ptolemy/actor/lib/test/auto/ArrayLength.xml
5 ms. Memory: 579584K Free: 104797K (18%)
----------------- Invoking toplevel() on ptolemy.moml.MoMLSimpleApplication@601c2564
----------------- Done invoking toplevel() on ptolemy.moml.MoMLSimpleApplication@601c2564
reloadAllAccessors: .ArrayLength

===========================================================================================
----------------- testing Thu Sep 13 02:06:06 UTC 2018 /home/travis/build/icyphy/ptII/ptolemy/actor/lib/test/auto/ArrayLevelCrossing.xml
----------------- Instantiating /home/travis/build/icyphy/ptII/ptolemy/actor/lib/test/auto/ArrayLevelCrossing.xml
3 ms. Memory: 579584K Free: 90158K (16%)
----------------- Invoking toplevel() on ptolemy.moml.MoMLSimpleApplication@1c0c2492
----------------- Done invoking toplevel() on ptolemy.moml.MoMLSimpleApplication@1c0c2492
reloadAllAccessors: .ArrayLevelCrossing

===========================================================================================
----------------- testing Thu Sep 13 02:06:06 UTC 2018 /home/travis/build/icyphy/ptII/ptolemy/actor/lib/test/auto/ArrayLevelCrossing2.xml
----------------- Instantiating /home/travis/build/icyphy/ptII/ptolemy/actor/lib/test/auto/ArrayLevelCrossing2.xml
3 ms. Memory: 579584K Free: 66228K (11%)
----------------- Invoking toplevel() on ptolemy.moml.MoMLSimpleApplication@6bdfc563
----------------- Done invoking toplevel() on ptolemy.moml.MoMLSimpleApplication@6bdfc563
reloadAllAccessors: .ArrayLevelCrossing2

===========================================================================================
----------------- testing Thu Sep 13 02:06:06 UTC 2018 /home/travis/build/icyphy/ptII/ptolemy/actor/lib/test/auto/ArrayPeakSearch.xml
----------------- Instantiating /home/travis/build/icyphy/ptII/ptolemy/actor/lib/test/auto/ArrayPeakSearch.xml
45 ms. Memory: 880128K Free: 836843K (95%)
----------------- Invoking toplevel() on ptolemy.moml.MoMLSimpleApplication@705d9768
----------------- Done invoking toplevel() on ptolemy.moml.MoMLSimpleApplication@705d9768
reloadAllAccessors: .ArrayPeakSearch

===========================================================================================
----------------- testing Thu Sep 13 02:06:06 UTC 2018 /home/travis/build/icyphy/ptII/ptolemy/actor/lib/test/auto/ArrayPeakSearch2.xml
----------------- Instantiating /home/travis/build/icyphy/ptII/ptolemy/actor/lib/test/auto/ArrayPeakSearch2.xml
7 ms. Memory: 880128K Free: 798520K (91%)
----------------- Invoking toplevel() on ptolemy.moml.MoMLSimpleApplication@2cfdf049
----------------- Done invoking toplevel() on ptolemy.moml.MoMLSimpleApplication@2cfdf049
reloadAllAccessors: .ArrayPeakSearch2

===========================================================================================
----------------- testing Thu Sep 13 02:06:07 UTC 2018 /home/travis/build/icyphy/ptII/ptolemy/actor/lib/test/auto/ArrayPeakSearch3.xml
----------------- Instantiating /home/travis/build/icyphy/ptII/ptolemy/actor/lib/test/auto/ArrayPeakSearch3.xml
6 ms. Memory: 880128K Free: 782914K (89%)
----------------- Invoking toplevel() on ptolemy.moml.MoMLSimpleApplication@4cfb410f
----------------- Done invoking toplevel() on ptolemy.moml.MoMLSimpleApplication@4cfb410f
reloadAllAccessors: .ArrayPeakSearch3

===========================================================================================
----------------- testing Thu Sep 13 02:06:07 UTC 2018 /home/travis/build/icyphy/ptII/ptolemy/actor/lib/test/auto/ArrayRemoveElement.xml
----------------- Instantiating /home/travis/build/icyphy/ptII/ptolemy/actor/lib/test/auto/ArrayRemoveElement.xml
2 ms. Memory: 880128K Free: 767308K (87%)
----------------- Invoking toplevel() on ptolemy.moml.MoMLSimpleApplication@5f2a4a29
----------------- Done invoking toplevel() on ptolemy.moml.MoMLSimpleApplication@5f2a4a29
reloadAllAccessors: .ArrayRemoveElement

===========================================================================================
----------------- testing Thu Sep 13 02:06:07 UTC 2018 /home/travis/build/icyphy/ptII/ptolemy/actor/lib/test/auto/ArraySort.xml
----------------- Instantiating /home/travis/build/icyphy/ptII/ptolemy/actor/lib/test/auto/ArraySort.xml
5 ms. Memory: 880128K Free: 751702K (85%)
----------------- Invoking toplevel() on ptolemy.moml.MoMLSimpleApplication@3338c5ed
----------------- Done invoking toplevel() on ptolemy.moml.MoMLSimpleApplication@3338c5ed
reloadAllAccessors: .ArraySort

===========================================================================================
----------------- testing Thu Sep 13 02:06:07 UTC 2018 /home/travis/build/icyphy/ptII/ptolemy/actor/lib/test/auto/ArraySum.xml
----------------- Instantiating /home/travis/build/icyphy/ptII/ptolemy/actor/lib/test/auto/ArraySum.xml
2 ms. Memory: 880128K Free: 730763K (83%)
----------------- Invoking toplevel() on ptolemy.moml.MoMLSimpleApplication@4265b5e5
----------------- Done invoking toplevel() on ptolemy.moml.MoMLSimpleApplication@4265b5e5
reloadAllAccessors: .ArraySum

===========================================================================================
----------------- testing Thu Sep 13 02:06:07 UTC 2018 /home/travis/build/icyphy/ptII/ptolemy/actor/lib/test/auto/ArrayToElements.xml
----------------- Instantiating /home/travis/build/icyphy/ptII/ptolemy/actor/lib/test/auto/ArrayToElements.xml
11 ms. Memory: 880128K Free: 720359K (82%)
----------------- Invoking toplevel() on ptolemy.moml.MoMLSimpleApplication@3375d722
----------------- Done invoking toplevel() on ptolemy.moml.MoMLSimpleApplication@3375d722
reloadAllAccessors: .ArrayToElements

===========================================================================================
----------------- testing Thu Sep 13 02:06:07 UTC 2018 /home/travis/build/icyphy/ptII/ptolemy/actor/lib/test/auto/ArrayToMatrix.xml
----------------- Instantiating /home/travis/build/icyphy/ptII/ptolemy/actor/lib/test/auto/ArrayToMatrix.xml
9 ms. Memory: 880128K Free: 699535K (79%)
----------------- Invoking toplevel() on ptolemy.moml.MoMLSimpleApplication@2c72d74a
----------------- Done invoking toplevel() on ptolemy.moml.MoMLSimpleApplication@2c72d74a
reloadAllAccessors: .ArrayToMatrix

===========================================================================================
----------------- testing Thu Sep 13 02:06:07 UTC 2018 /home/travis/build/icyphy/ptII/ptolemy/actor/lib/test/auto/ArrayUpdate1.xml
----------------- Instantiating /home/travis/build/icyphy/ptII/ptolemy/actor/lib/test/auto/ArrayUpdate1.xml
1 ms. Memory: 880128K Free: 689131K (78%)
----------------- Invoking toplevel() on ptolemy.moml.MoMLSimpleApplication@5e9d16c0
----------------- Done invoking toplevel() on ptolemy.moml.MoMLSimpleApplication@5e9d16c0
reloadAllAccessors: .ArrayUpdate1

===========================================================================================
----------------- testing Thu Sep 13 02:06:07 UTC 2018 /home/travis/build/icyphy/ptII/ptolemy/actor/lib/test/auto/ArrayUpdate2.xml
----------------- Instantiating /home/travis/build/icyphy/ptII/ptolemy/actor/lib/test/auto/ArrayUpdate2.xml
3 ms. Memory: 880128K Free: 678727K (77%)
----------------- Invoking toplevel() on ptolemy.moml.MoMLSimpleApplication@163bfb66
----------------- Done invoking toplevel() on ptolemy.moml.MoMLSimpleApplication@163bfb66
reloadAllAccessors: .ArrayUpdate2

===========================================================================================
----------------- testing Thu Sep 13 02:06:07 UTC 2018 /home/travis/build/icyphy/ptII/ptolemy/actor/lib/test/auto/ArrayUpdate3.xml
----------------- Instantiating /home/travis/build/icyphy/ptII/ptolemy/actor/lib/test/auto/ArrayUpdate3.xml
2 ms. Memory: 880128K Free: 657788K (75%)
----------------- Invoking toplevel() on ptolemy.moml.MoMLSimpleApplication@50dae753
----------------- Done invoking toplevel() on ptolemy.moml.MoMLSimpleApplication@50dae753
reloadAllAccessors: .ArrayUpdate3

===========================================================================================
----------------- testing Thu Sep 13 02:06:07 UTC 2018 /home/travis/build/icyphy/ptII/ptolemy/actor/lib/test/auto/Assert1.xml
----------------- Instantiating /home/travis/build/icyphy/ptII/ptolemy/actor/lib/test/auto/Assert1.xml
2 ms. Memory: 880128K Free: 647384K (74%)
----------------- Invoking toplevel() on ptolemy.moml.MoMLSimpleApplication@22639026
----------------- Done invoking toplevel() on ptolemy.moml.MoMLSimpleApplication@22639026
reloadAllAccessors: .Assert1

===========================================================================================
----------------- testing Thu Sep 13 02:06:07 UTC 2018 /home/travis/build/icyphy/ptII/ptolemy/actor/lib/test/auto/Assert2.xml
----------------- Instantiating /home/travis/build/icyphy/ptII/ptolemy/actor/lib/test/auto/Assert2.xml
6 ms. Memory: 880128K Free: 636980K (72%)
----------------- Invoking toplevel() on ptolemy.moml.MoMLSimpleApplication@c2ead71
----------------- Done invoking toplevel() on ptolemy.moml.MoMLSimpleApplication@c2ead71
reloadAllAccessors: .Assert2

===========================================================================================
----------------- testing Thu Sep 13 02:06:07 UTC 2018 /home/travis/build/icyphy/ptII/ptolemy/actor/lib/test/auto/BooleanMultiplexor.xml
----------------- Instantiating /home/travis/build/icyphy/ptII/ptolemy/actor/lib/test/auto/BooleanMultiplexor.xml
2 ms. Memory: 880128K Free: 626576K (71%)
----------------- Invoking toplevel() on ptolemy.moml.MoMLSimpleApplication@404719bf
----------------- Done invoking toplevel() on ptolemy.moml.MoMLSimpleApplication@404719bf
reloadAllAccessors: .BooleanMultiplexor

===========================================================================================
----------------- testing Thu Sep 13 02:06:07 UTC 2018 /home/travis/build/icyphy/ptII/ptolemy/actor/lib/test/auto/BooleanMultiplexor2.xml
----------------- Instantiating /home/travis/build/icyphy/ptII/ptolemy/actor/lib/test/auto/BooleanMultiplexor2.xml
3 ms. Memory: 880128K Free: 616172K (70%)
----------------- Invoking toplevel() on ptolemy.moml.MoMLSimpleApplication@1a9e4a07
----------------- Done invoking toplevel() on ptolemy.moml.MoMLSimpleApplication@1a9e4a07
reloadAllAccessors: .BooleanMultiplexor2

===========================================================================================
----------------- testing Thu Sep 13 02:06:07 UTC 2018 /home/travis/build/icyphy/ptII/ptolemy/actor/lib/test/auto/BooleanMultiplexor3.xml
----------------- Instantiating /home/travis/build/icyphy/ptII/ptolemy/actor/lib/test/auto/BooleanMultiplexor3.xml
7 ms. Memory: 880128K Free: 595233K (68%)
----------------- Invoking toplevel() on ptolemy.moml.MoMLSimpleApplication@5c340e1c
----------------- Done invoking toplevel() on ptolemy.moml.MoMLSimpleApplication@5c340e1c
reloadAllAccessors: .BooleanMultiplexor3

===========================================================================================
----------------- testing Thu Sep 13 02:06:07 UTC 2018 /home/travis/build/icyphy/ptII/ptolemy/actor/lib/test/auto/BooleanSelect.xml
----------------- Instantiating /home/travis/build/icyphy/ptII/ptolemy/actor/lib/test/auto/BooleanSelect.xml
6 ms. Memory: 880128K Free: 584829K (66%)
----------------- Invoking toplevel() on ptolemy.moml.MoMLSimpleApplication@389aa8ff
----------------- Done invoking toplevel() on ptolemy.moml.MoMLSimpleApplication@389aa8ff
reloadAllAccessors: .BooleanSelect

===========================================================================================
----------------- testing Thu Sep 13 02:06:07 UTC 2018 /home/travis/build/icyphy/ptII/ptolemy/actor/lib/test/auto/BooleanSelect2.xml
----------------- Instantiating /home/travis/build/icyphy/ptII/ptolemy/actor/lib/test/auto/BooleanSelect2.xml
1 ms. Memory: 880128K Free: 574425K (65%)
----------------- Invoking toplevel() on ptolemy.moml.MoMLSimpleApplication@1e987d91
----------------- Done invoking toplevel() on ptolemy.moml.MoMLSimpleApplication@1e987d91
reloadAllAccessors: .BooleanSelect2

===========================================================================================
----------------- testing Thu Sep 13 02:06:07 UTC 2018 /home/travis/build/icyphy/ptII/ptolemy/actor/lib/test/auto/BooleanSwitch.xml
----------------- Instantiating /home/travis/build/icyphy/ptII/ptolemy/actor/lib/test/auto/BooleanSwitch.xml
11 ms. Memory: 880128K Free: 564021K (64%)
----------------- Invoking toplevel() on ptolemy.moml.MoMLSimpleApplication@46246412
----------------- Done invoking toplevel() on ptolemy.moml.MoMLSimpleApplication@46246412
reloadAllAccessors: .BooleanSwitch

===========================================================================================
----------------- testing Thu Sep 13 02:06:07 UTC 2018 /home/travis/build/icyphy/ptII/ptolemy/actor/lib/test/auto/BooleanSwitch2.xml
----------------- Instantiating /home/travis/build/icyphy/ptII/ptolemy/actor/lib/test/auto/BooleanSwitch2.xml
1 ms. Memory: 880128K Free: 553617K (63%)
----------------- Invoking toplevel() on ptolemy.moml.MoMLSimpleApplication@15d9ae58
----------------- Done invoking toplevel() on ptolemy.moml.MoMLSimpleApplication@15d9ae58
reloadAllAccessors: .BooleanSwitch2

===========================================================================================
----------------- testing Thu Sep 13 02:06:07 UTC 2018 /home/travis/build/icyphy/ptII/ptolemy/actor/lib/test/auto/BooleanSwitchCloningBugWithClassRelationGroup.xml
----------------- Instantiating /home/travis/build/icyphy/ptII/ptolemy/actor/lib/test/auto/BooleanSwitchCloningBugWithClassRelationGroup.xml
3 ms. Memory: 880128K Free: 532678K (61%)
----------------- Invoking toplevel() on ptolemy.moml.MoMLSimpleApplication@5de4c690
----------------- Done invoking toplevel() on ptolemy.moml.MoMLSimpleApplication@5de4c690
reloadAllAccessors: .BooleanSwitchCloningBugWithClassRelationGroup

===========================================================================================
----------------- testing Thu Sep 13 02:06:07 UTC 2018 /home/travis/build/icyphy/ptII/ptolemy/actor/lib/test/auto/BusActors.xml
----------------- Instantiating /home/travis/build/icyphy/ptII/ptolemy/actor/lib/test/auto/BusActors.xml
3 ms. Memory: 880128K Free: 517056K (59%)
----------------- Invoking toplevel() on ptolemy.moml.MoMLSimpleApplication@721b1ea5
----------------- Done invoking toplevel() on ptolemy.moml.MoMLSimpleApplication@721b1ea5
reloadAllAccessors: .BusActors

===========================================================================================
----------------- testing Thu Sep 13 02:06:07 UTC 2018 /home/travis/build/icyphy/ptII/ptolemy/actor/lib/test/auto/ClassWrapper.xml
----------------- Instantiating /home/travis/build/icyphy/ptII/ptolemy/actor/lib/test/auto/ClassWrapper.xml
2 ms. Memory: 880128K Free: 506652K (58%)
----------------- Invoking toplevel() on ptolemy.moml.MoMLSimpleApplication@4073cc4e
----------------- Done invoking toplevel() on ptolemy.moml.MoMLSimpleApplication@4073cc4e
reloadAllAccessors: .ClassWrapper

===========================================================================================
----------------- testing Thu Sep 13 02:06:07 UTC 2018 /home/travis/build/icyphy/ptII/ptolemy/actor/lib/test/auto/Clock.xml
----------------- Instantiating /home/travis/build/icyphy/ptII/ptolemy/actor/lib/test/auto/Clock.xml
1 ms. Memory: 880128K Free: 496248K (56%)
----------------- Invoking toplevel() on ptolemy.moml.MoMLSimpleApplication@36ef64ac
----------------- Done invoking toplevel() on ptolemy.moml.MoMLSimpleApplication@36ef64ac
reloadAllAccessors: .Clock

===========================================================================================
----------------- testing Thu Sep 13 02:06:07 UTC 2018 /home/travis/build/icyphy/ptII/ptolemy/actor/lib/test/auto/Clock10.xml
----------------- Instantiating /home/travis/build/icyphy/ptII/ptolemy/actor/lib/test/auto/Clock10.xml
2 ms. Memory: 880128K Free: 475308K (54%)
----------------- Invoking toplevel() on ptolemy.moml.MoMLSimpleApplication@6701f64
----------------- Done invoking toplevel() on ptolemy.moml.MoMLSimpleApplication@6701f64
reloadAllAccessors: .Clock10

===========================================================================================
----------------- testing Thu Sep 13 02:06:07 UTC 2018 /home/travis/build/icyphy/ptII/ptolemy/actor/lib/test/auto/Clock11.xml
----------------- Instantiating /home/travis/build/icyphy/ptII/ptolemy/actor/lib/test/auto/Clock11.xml
2 ms. Memory: 880128K Free: 464905K (53%)
----------------- Invoking toplevel() on ptolemy.moml.MoMLSimpleApplication@69cbfc33
----------------- Done invoking toplevel() on ptolemy.moml.MoMLSimpleApplication@69cbfc33
reloadAllAccessors: .Clock11

===========================================================================================
----------------- testing Thu Sep 13 02:06:07 UTC 2018 /home/travis/build/icyphy/ptII/ptolemy/actor/lib/test/auto/Clock12.xml
----------------- Instantiating /home/travis/build/icyphy/ptII/ptolemy/actor/lib/test/auto/Clock12.xml
2 ms. Memory: 880128K Free: 454501K (52%)
----------------- Invoking toplevel() on ptolemy.moml.MoMLSimpleApplication@f373ce3
----------------- Done invoking toplevel() on ptolemy.moml.MoMLSimpleApplication@f373ce3
reloadAllAccessors: .Clock12

===========================================================================================
----------------- testing Thu Sep 13 02:06:07 UTC 2018 /home/travis/build/icyphy/ptII/ptolemy/actor/lib/test/auto/Clock13.xml
----------------- Instantiating /home/travis/build/icyphy/ptII/ptolemy/actor/lib/test/auto/Clock13.xml
6 ms. Memory: 880128K Free: 444097K (50%)
----------------- Invoking toplevel() on ptolemy.moml.MoMLSimpleApplication@7d2c2089
----------------- Done invoking toplevel() on ptolemy.moml.MoMLSimpleApplication@7d2c2089
reloadAllAccessors: .Clock13

===========================================================================================
----------------- testing Thu Sep 13 02:06:07 UTC 2018 /home/travis/build/icyphy/ptII/ptolemy/actor/lib/test/auto/Clock14.xml
----------------- Instantiating /home/travis/build/icyphy/ptII/ptolemy/actor/lib/test/auto/Clock14.xml
6 ms. Memory: 880128K Free: 433693K (49%)
----------------- Invoking toplevel() on ptolemy.moml.MoMLSimpleApplication@313025e3
----------------- Done invoking toplevel() on ptolemy.moml.MoMLSimpleApplication@313025e3
reloadAllAccessors: .Clock14

===========================================================================================
----------------- testing Thu Sep 13 02:06:07 UTC 2018 /home/travis/build/icyphy/ptII/ptolemy/actor/lib/test/auto/Clock15.xml
----------------- Instantiating /home/travis/build/icyphy/ptII/ptolemy/actor/lib/test/auto/Clock15.xml
6 ms. Memory: 880128K Free: 412753K (47%)
----------------- Invoking toplevel() on ptolemy.moml.MoMLSimpleApplication@7ea4a66c
----------------- Done invoking toplevel() on ptolemy.moml.MoMLSimpleApplication@7ea4a66c
reloadAllAccessors: .Clock15

===========================================================================================
----------------- testing Thu Sep 13 02:06:07 UTC 2018 /home/travis/build/icyphy/ptII/ptolemy/actor/lib/test/auto/Clock16.xml
----------------- Instantiating /home/travis/build/icyphy/ptII/ptolemy/actor/lib/test/auto/Clock16.xml
18 ms. Memory: 880128K Free: 391929K (45%)
----------------- Invoking toplevel() on ptolemy.moml.MoMLSimpleApplication@5d745bc
----------------- Done invoking toplevel() on ptolemy.moml.MoMLSimpleApplication@5d745bc
reloadAllAccessors: .Clock16

===========================================================================================
----------------- testing Thu Sep 13 02:06:07 UTC 2018 /home/travis/build/icyphy/ptII/ptolemy/actor/lib/test/auto/Clock17.xml
----------------- Instantiating /home/travis/build/icyphy/ptII/ptolemy/actor/lib/test/auto/Clock17.xml
23 ms. Memory: 880128K Free: 376308K (43%)
----------------- Invoking toplevel() on ptolemy.moml.MoMLSimpleApplication@c620779
----------------- Done invoking toplevel() on ptolemy.moml.MoMLSimpleApplication@c620779
reloadAllAccessors: .Clock17

===========================================================================================
----------------- testing Thu Sep 13 02:06:07 UTC 2018 /home/travis/build/icyphy/ptII/ptolemy/actor/lib/test/auto/Clock18.xml
----------------- Instantiating /home/travis/build/icyphy/ptII/ptolemy/actor/lib/test/auto/Clock18.xml
12 ms. Memory: 880128K Free: 360686K (41%)
----------------- Invoking toplevel() on ptolemy.moml.MoMLSimpleApplication@2c52d4d4
----------------- Done invoking toplevel() on ptolemy.moml.MoMLSimpleApplication@2c52d4d4
reloadAllAccessors: .Clock18

===========================================================================================
----------------- testing Thu Sep 13 02:06:07 UTC 2018 /home/travis/build/icyphy/ptII/ptolemy/actor/lib/test/auto/Clock19.xml
----------------- Instantiating /home/travis/build/icyphy/ptII/ptolemy/actor/lib/test/auto/Clock19.xml
14 ms. Memory: 880128K Free: 345072K (39%)
----------------- Invoking toplevel() on ptolemy.moml.MoMLSimpleApplication@71b83a81
----------------- Done invoking toplevel() on ptolemy.moml.MoMLSimpleApplication@71b83a81
reloadAllAccessors: .Clock19

===========================================================================================
----------------- testing Thu Sep 13 02:06:07 UTC 2018 /home/travis/build/icyphy/ptII/ptolemy/actor/lib/test/auto/Clock2.xml
----------------- Instantiating /home/travis/build/icyphy/ptII/ptolemy/actor/lib/test/auto/Clock2.xml
6 ms. Memory: 880128K Free: 324132K (37%)
----------------- Invoking toplevel() on ptolemy.moml.MoMLSimpleApplication@44460263
----------------- Done invoking toplevel() on ptolemy.moml.MoMLSimpleApplication@44460263
reloadAllAccessors: .Clock2

===========================================================================================
----------------- testing Thu Sep 13 02:06:08 UTC 2018 /home/travis/build/icyphy/ptII/ptolemy/actor/lib/test/auto/Clock20.xml
----------------- Instantiating /home/travis/build/icyphy/ptII/ptolemy/actor/lib/test/auto/Clock20.xml
8 ms. Memory: 880128K Free: 313728K (36%)
----------------- Invoking toplevel() on ptolemy.moml.MoMLSimpleApplication@94ac6c7
----------------- Done invoking toplevel() on ptolemy.moml.MoMLSimpleApplication@94ac6c7
reloadAllAccessors: .Clock20

===========================================================================================
----------------- testing Thu Sep 13 02:06:08 UTC 2018 /home/travis/build/icyphy/ptII/ptolemy/actor/lib/test/auto/Clock21.xml
----------------- Instantiating /home/travis/build/icyphy/ptII/ptolemy/actor/lib/test/auto/Clock21.xml
7 ms. Memory: 880128K Free: 303325K (34%)
----------------- Invoking toplevel() on ptolemy.moml.MoMLSimpleApplication@373ec386
----------------- Done invoking toplevel() on ptolemy.moml.MoMLSimpleApplication@373ec386
reloadAllAccessors: .Clock21

===========================================================================================
----------------- testing Thu Sep 13 02:06:08 UTC 2018 /home/travis/build/icyphy/ptII/ptolemy/actor/lib/test/auto/Clock22.xml
----------------- Instantiating /home/travis/build/icyphy/ptII/ptolemy/actor/lib/test/auto/Clock22.xml
3 ms. Memory: 880128K Free: 292921K (33%)
----------------- Invoking toplevel() on ptolemy.moml.MoMLSimpleApplication@2927093f
----------------- Done invoking toplevel() on ptolemy.moml.MoMLSimpleApplication@2927093f
reloadAllAccessors: .Clock22

===========================================================================================
----------------- testing Thu Sep 13 02:06:08 UTC 2018 /home/travis/build/icyphy/ptII/ptolemy/actor/lib/test/auto/Clock23.xml
----------------- Instantiating /home/travis/build/icyphy/ptII/ptolemy/actor/lib/test/auto/Clock23.xml
8 ms. Memory: 880128K Free: 271981K (31%)
----------------- Invoking toplevel() on ptolemy.moml.MoMLSimpleApplication@1a369e2e
----------------- Done invoking toplevel() on ptolemy.moml.MoMLSimpleApplication@1a369e2e
reloadAllAccessors: .Clock23

===========================================================================================
----------------- testing Thu Sep 13 02:06:08 UTC 2018 /home/travis/build/icyphy/ptII/ptolemy/actor/lib/test/auto/Clock24.xml
----------------- Instantiating /home/travis/build/icyphy/ptII/ptolemy/actor/lib/test/auto/Clock24.xml
6 ms. Memory: 880128K Free: 261577K (30%)
----------------- Invoking toplevel() on ptolemy.moml.MoMLSimpleApplication@458929e3
----------------- Done invoking toplevel() on ptolemy.moml.MoMLSimpleApplication@458929e3
reloadAllAccessors: .Clock24

===========================================================================================
----------------- testing Thu Sep 13 02:06:08 UTC 2018 /home/travis/build/icyphy/ptII/ptolemy/actor/lib/test/auto/Clock4.xml
----------------- Instantiating /home/travis/build/icyphy/ptII/ptolemy/actor/lib/test/auto/Clock4.xml
5 ms. Memory: 880128K Free: 251173K (29%)
----------------- Invoking toplevel() on ptolemy.moml.MoMLSimpleApplication@6113b088
----------------- Done invoking toplevel() on ptolemy.moml.MoMLSimpleApplication@6113b088
reloadAllAccessors: .Clock4

===========================================================================================
----------------- testing Thu Sep 13 02:06:08 UTC 2018 /home/travis/build/icyphy/ptII/ptolemy/actor/lib/test/auto/Clock5.xml
----------------- Instantiating /home/travis/build/icyphy/ptII/ptolemy/actor/lib/test/auto/Clock5.xml
2 ms. Memory: 880128K Free: 240769K (27%)
----------------- Invoking toplevel() on ptolemy.moml.MoMLSimpleApplication@f85209b
----------------- Done invoking toplevel() on ptolemy.moml.MoMLSimpleApplication@f85209b
reloadAllAccessors: .Clock5

===========================================================================================
----------------- testing Thu Sep 13 02:06:08 UTC 2018 /home/travis/build/icyphy/ptII/ptolemy/actor/lib/test/auto/Clock6.xml
----------------- Instantiating /home/travis/build/icyphy/ptII/ptolemy/actor/lib/test/auto/Clock6.xml
2 ms. Memory: 880128K Free: 230366K (26%)
----------------- Invoking toplevel() on ptolemy.moml.MoMLSimpleApplication@67ac2025
----------------- Done invoking toplevel() on ptolemy.moml.MoMLSimpleApplication@67ac2025
reloadAllAccessors: .Clock6

===========================================================================================
----------------- testing Thu Sep 13 02:06:08 UTC 2018 /home/travis/build/icyphy/ptII/ptolemy/actor/lib/test/auto/Clock7.xml
----------------- Instantiating /home/travis/build/icyphy/ptII/ptolemy/actor/lib/test/auto/Clock7.xml
4 ms. Memory: 880128K Free: 209426K (24%)
----------------- Invoking toplevel() on ptolemy.moml.MoMLSimpleApplication@766536e9
----------------- Done invoking toplevel() on ptolemy.moml.MoMLSimpleApplication@766536e9
reloadAllAccessors: .Clock7

===========================================================================================
----------------- testing Thu Sep 13 02:06:08 UTC 2018 /home/travis/build/icyphy/ptII/ptolemy/actor/lib/test/auto/Clock8.xml
----------------- Instantiating /home/travis/build/icyphy/ptII/ptolemy/actor/lib/test/auto/Clock8.xml
7 ms. Memory: 880128K Free: 199022K (23%)
----------------- Invoking toplevel() on ptolemy.moml.MoMLSimpleApplication@5d31aafd
----------------- Done invoking toplevel() on ptolemy.moml.MoMLSimpleApplication@5d31aafd
reloadAllAccessors: .Clock8

===========================================================================================
----------------- testing Thu Sep 13 02:06:08 UTC 2018 /home/travis/build/icyphy/ptII/ptolemy/actor/lib/test/auto/Clock9.xml
----------------- Instantiating /home/travis/build/icyphy/ptII/ptolemy/actor/lib/test/auto/Clock9.xml
7 ms. Memory: 880128K Free: 188618K (21%)
----------------- Invoking toplevel() on ptolemy.moml.MoMLSimpleApplication@648f4ab3
----------------- Done invoking toplevel() on ptolemy.moml.MoMLSimpleApplication@648f4ab3
reloadAllAccessors: .Clock9

===========================================================================================
----------------- testing Thu Sep 13 02:06:08 UTC 2018 /home/travis/build/icyphy/ptII/ptolemy/actor/lib/test/auto/CommDistDiscard.xml
----------------- Instantiating /home/travis/build/icyphy/ptII/ptolemy/actor/lib/test/auto/CommDistDiscard.xml
5 ms. Memory: 880128K Free: 178214K (20%)
----------------- Invoking toplevel() on ptolemy.moml.MoMLSimpleApplication@6a79c7bf
----------------- Done invoking toplevel() on ptolemy.moml.MoMLSimpleApplication@6a79c7bf
reloadAllAccessors: .CommDistDiscard

===========================================================================================
----------------- testing Thu Sep 13 02:06:08 UTC 2018 /home/travis/build/icyphy/ptII/ptolemy/actor/lib/test/auto/Commutator.xml
----------------- Instantiating /home/travis/build/icyphy/ptII/ptolemy/actor/lib/test/auto/Commutator.xml
4 ms. Memory: 880128K Free: 167810K (19%)
----------------- Invoking toplevel() on ptolemy.moml.MoMLSimpleApplication@29e4a124
----------------- Done invoking toplevel() on ptolemy.moml.MoMLSimpleApplication@29e4a124
reloadAllAccessors: .Commutator

===========================================================================================
----------------- testing Thu Sep 13 02:06:08 UTC 2018 /home/travis/build/icyphy/ptII/ptolemy/actor/lib/test/auto/Commutator2.xml
----------------- Instantiating /home/travis/build/icyphy/ptII/ptolemy/actor/lib/test/auto/Commutator2.xml
2 ms. Memory: 880128K Free: 146871K (17%)
----------------- Invoking toplevel() on ptolemy.moml.MoMLSimpleApplication@5ae4a5b4
----------------- Done invoking toplevel() on ptolemy.moml.MoMLSimpleApplication@5ae4a5b4
reloadAllAccessors: .Commutator2

===========================================================================================
----------------- testing Thu Sep 13 02:06:08 UTC 2018 /home/travis/build/icyphy/ptII/ptolemy/actor/lib/test/auto/Commutator3.xml
----------------- Instantiating /home/travis/build/icyphy/ptII/ptolemy/actor/lib/test/auto/Commutator3.xml
3 ms. Memory: 880128K Free: 136467K (16%)
----------------- Invoking toplevel() on ptolemy.moml.MoMLSimpleApplication@26db6a1
----------------- Done invoking toplevel() on ptolemy.moml.MoMLSimpleApplication@26db6a1
reloadAllAccessors: .Commutator3

===========================================================================================
----------------- testing Thu Sep 13 02:06:08 UTC 2018 /home/travis/build/icyphy/ptII/ptolemy/actor/lib/test/auto/Compare.xml
----------------- Instantiating /home/travis/build/icyphy/ptII/ptolemy/actor/lib/test/auto/Compare.xml
2 ms. Memory: 880128K Free: 126063K (14%)
----------------- Invoking toplevel() on ptolemy.moml.MoMLSimpleApplication@355b02f3
----------------- Done invoking toplevel() on ptolemy.moml.MoMLSimpleApplication@355b02f3
reloadAllAccessors: .Compare

===========================================================================================
----------------- testing Thu Sep 13 02:06:08 UTC 2018 /home/travis/build/icyphy/ptII/ptolemy/actor/lib/test/auto/CompareDE.xml
----------------- Instantiating /home/travis/build/icyphy/ptII/ptolemy/actor/lib/test/auto/CompareDE.xml
3 ms. Memory: 880128K Free: 115659K (13%)
----------------- Invoking toplevel() on ptolemy.moml.MoMLSimpleApplication@67f8f43e
----------------- Done invoking toplevel() on ptolemy.moml.MoMLSimpleApplication@67f8f43e
reloadAllAccessors: .CompareDE

===========================================================================================
----------------- testing Thu Sep 13 02:06:08 UTC 2018 /home/travis/build/icyphy/ptII/ptolemy/actor/lib/test/auto/ComplexDivide.xml
----------------- Instantiating /home/travis/build/icyphy/ptII/ptolemy/actor/lib/test/auto/ComplexDivide.xml
1 ms. Memory: 880128K Free: 94720K (11%)
----------------- Invoking toplevel() on ptolemy.moml.MoMLSimpleApplication@507b38c9
----------------- Done invoking toplevel() on ptolemy.moml.MoMLSimpleApplication@507b38c9
reloadAllAccessors: .ComplexDivide

===========================================================================================
----------------- testing Thu Sep 13 02:06:08 UTC 2018 /home/travis/build/icyphy/ptII/ptolemy/actor/lib/test/auto/ComputeHistogram.xml
----------------- Instantiating /home/travis/build/icyphy/ptII/ptolemy/actor/lib/test/auto/ComputeHistogram.xml
34 ms. Memory: 880128K Free: 79114K (9%)
----------------- Invoking toplevel() on ptolemy.moml.MoMLSimpleApplication@62357032
----------------- Done invoking toplevel() on ptolemy.moml.MoMLSimpleApplication@62357032
reloadAllAccessors: .ComputeHistogram

===========================================================================================
----------------- testing Thu Sep 13 02:06:08 UTC 2018 /home/travis/build/icyphy/ptII/ptolemy/actor/lib/test/auto/ConfigurationSelect.xml
----------------- Instantiating /home/travis/build/icyphy/ptII/ptolemy/actor/lib/test/auto/ConfigurationSelect.xml
4 ms. Memory: 880128K Free: 68710K (8%)
----------------- Invoking toplevel() on ptolemy.moml.MoMLSimpleApplication@80067d
----------------- Done invoking toplevel() on ptolemy.moml.MoMLSimpleApplication@80067d
reloadAllAccessors: .ConfigurationSelect

===========================================================================================
----------------- testing Thu Sep 13 02:06:08 UTC 2018 /home/travis/build/icyphy/ptII/ptolemy/actor/lib/test/auto/ConfigurationSelect2.xml
----------------- Instantiating /home/travis/build/icyphy/ptII/ptolemy/actor/lib/test/auto/ConfigurationSelect2.xml
3 ms. Memory: 880128K Free: 60479K (7%)
----------------- Invoking toplevel() on ptolemy.moml.MoMLSimpleApplication@3b2c06a6
----------------- Done invoking toplevel() on ptolemy.moml.MoMLSimpleApplication@3b2c06a6
reloadAllAccessors: .ConfigurationSelect2

===========================================================================================
----------------- testing Thu Sep 13 02:06:08 UTC 2018 /home/travis/build/icyphy/ptII/ptolemy/actor/lib/test/auto/ConfigurationSwitch.xml
----------------- Instantiating /home/travis/build/icyphy/ptII/ptolemy/actor/lib/test/auto/ConfigurationSwitch.xml
2 ms. Memory: 880128K Free: 831186K (94%)
----------------- Invoking toplevel() on ptolemy.moml.MoMLSimpleApplication@708c6726
----------------- Done invoking toplevel() on ptolemy.moml.MoMLSimpleApplication@708c6726
reloadAllAccessors: .ConfigurationSwitch

===========================================================================================
----------------- testing Thu Sep 13 02:06:08 UTC 2018 /home/travis/build/icyphy/ptII/ptolemy/actor/lib/test/auto/ConfigurationSwitch2.xml
----------------- Instantiating /home/travis/build/icyphy/ptII/ptolemy/actor/lib/test/auto/ConfigurationSwitch2.xml
2 ms. Memory: 880128K Free: 813107K (92%)
----------------- Invoking toplevel() on ptolemy.moml.MoMLSimpleApplication@6127324c
----------------- Done invoking toplevel() on ptolemy.moml.MoMLSimpleApplication@6127324c
reloadAllAccessors: .ConfigurationSwitch2

===========================================================================================
----------------- testing Thu Sep 13 02:06:08 UTC 2018 /home/travis/build/icyphy/ptII/ptolemy/actor/lib/test/auto/ConfigurationSwitchCloningBugWithClassRelationGroup.xml
----------------- Instantiating /home/travis/build/icyphy/ptII/ptolemy/actor/lib/test/auto/ConfigurationSwitchCloningBugWithClassRelationGroup.xml
1 ms. Memory: 880128K Free: 802703K (91%)
----------------- Invoking toplevel() on ptolemy.moml.MoMLSimpleApplication@3e70f4a3
----------------- Done invoking toplevel() on ptolemy.moml.MoMLSimpleApplication@3e70f4a3
reloadAllAccessors: .ConfigurationSwitchCloningBugWithClassRelationGroup

===========================================================================================
----------------- testing Thu Sep 13 02:06:08 UTC 2018 /home/travis/build/icyphy/ptII/ptolemy/actor/lib/test/auto/ConfigurationSwitchSelectSDF.xml
----------------- Instantiating /home/travis/build/icyphy/ptII/ptolemy/actor/lib/test/auto/ConfigurationSwitchSelectSDF.xml
2 ms. Memory: 880128K Free: 792299K (90%)
----------------- Invoking toplevel() on ptolemy.moml.MoMLSimpleApplication@61cced16
----------------- Done invoking toplevel() on ptolemy.moml.MoMLSimpleApplication@61cced16
reloadAllAccessors: .ConfigurationSwitchSelectSDF

===========================================================================================
----------------- testing Thu Sep 13 02:06:08 UTC 2018 /home/travis/build/icyphy/ptII/ptolemy/actor/lib/test/auto/ConfigurationSwitchSelectSDF2.xml
----------------- Instantiating /home/travis/build/icyphy/ptII/ptolemy/actor/lib/test/auto/ConfigurationSwitchSelectSDF2.xml
2 ms. Memory: 880128K Free: 774220K (88%)
----------------- Invoking toplevel() on ptolemy.moml.MoMLSimpleApplication@5c341765
----------------- Done invoking toplevel() on ptolemy.moml.MoMLSimpleApplication@5c341765
reloadAllAccessors: .ConfigurationSwitchSelectSDF2

===========================================================================================
----------------- testing Thu Sep 13 02:06:08 UTC 2018 /home/travis/build/icyphy/ptII/ptolemy/actor/lib/test/auto/Const.xml
----------------- Instantiating /home/travis/build/icyphy/ptII/ptolemy/actor/lib/test/auto/Const.xml
1 ms. Memory: 880128K Free: 763816K (87%)
----------------- Invoking toplevel() on ptolemy.moml.MoMLSimpleApplication@6b2b4b50
----------------- Done invoking toplevel() on ptolemy.moml.MoMLSimpleApplication@6b2b4b50
reloadAllAccessors: .Const

===========================================================================================
----------------- testing Thu Sep 13 02:06:08 UTC 2018 /home/travis/build/icyphy/ptII/ptolemy/actor/lib/test/auto/Const2.xml
----------------- Instantiating /home/travis/build/icyphy/ptII/ptolemy/actor/lib/test/auto/Const2.xml
2 ms. Memory: 880128K Free: 753412K (86%)
----------------- Invoking toplevel() on ptolemy.moml.MoMLSimpleApplication@168149ef
----------------- Done invoking toplevel() on ptolemy.moml.MoMLSimpleApplication@168149ef
reloadAllAccessors: .Const2

===========================================================================================
----------------- testing Thu Sep 13 02:06:08 UTC 2018 /home/travis/build/icyphy/ptII/ptolemy/actor/lib/test/auto/Const3.xml
----------------- Instantiating /home/travis/build/icyphy/ptII/ptolemy/actor/lib/test/auto/Const3.xml
1 ms. Memory: 880128K Free: 735333K (84%)
----------------- Invoking toplevel() on ptolemy.moml.MoMLSimpleApplication@3609a528
----------------- Done invoking toplevel() on ptolemy.moml.MoMLSimpleApplication@3609a528
reloadAllAccessors: .Const3

===========================================================================================
----------------- testing Thu Sep 13 02:06:08 UTC 2018 /home/travis/build/icyphy/ptII/ptolemy/actor/lib/test/auto/ConstantPublisherPort1.xml
----------------- Instantiating /home/travis/build/icyphy/ptII/ptolemy/actor/lib/test/auto/ConstantPublisherPort1.xml
4 ms. Memory: 880128K Free: 719711K (82%)
----------------- Invoking toplevel() on ptolemy.moml.MoMLSimpleApplication@6b549fb5
----------------- Done invoking toplevel() on ptolemy.moml.MoMLSimpleApplication@6b549fb5
reloadAllAccessors: .ConstantPublisherPort1

===========================================================================================
----------------- testing Thu Sep 13 02:06:08 UTC 2018 /home/travis/build/icyphy/ptII/ptolemy/actor/lib/test/auto/ConstantPublisherPort2.xml
----------------- Instantiating /home/travis/build/icyphy/ptII/ptolemy/actor/lib/test/auto/ConstantPublisherPort2.xml
4 ms. Memory: 880128K Free: 704105K (80%)
----------------- Invoking toplevel() on ptolemy.moml.MoMLSimpleApplication@312bbf1c
----------------- Done invoking toplevel() on ptolemy.moml.MoMLSimpleApplication@312bbf1c
reloadAllAccessors: .ConstantPublisherPort2

===========================================================================================
----------------- testing Thu Sep 13 02:06:08 UTC 2018 /home/travis/build/icyphy/ptII/ptolemy/actor/lib/test/auto/ConstantPublisherPort3.xml
----------------- Instantiating /home/travis/build/icyphy/ptII/ptolemy/actor/lib/test/auto/ConstantPublisherPort3.xml
4 ms. Memory: 880128K Free: 688499K (78%)
----------------- Invoking toplevel() on ptolemy.moml.MoMLSimpleApplication@3a946cb1
----------------- Done invoking toplevel() on ptolemy.moml.MoMLSimpleApplication@3a946cb1
reloadAllAccessors: .ConstantPublisherPort3

===========================================================================================
----------------- testing Thu Sep 13 02:06:08 UTC 2018 /home/travis/build/icyphy/ptII/ptolemy/actor/lib/test/auto/ConstantPublisherPort4.xml
----------------- Instantiating /home/travis/build/icyphy/ptII/ptolemy/actor/lib/test/auto/ConstantPublisherPort4.xml
2 ms. Memory: 880128K Free: 670420K (76%)
----------------- Invoking toplevel() on ptolemy.moml.MoMLSimpleApplication@685d3700
----------------- Done invoking toplevel() on ptolemy.moml.MoMLSimpleApplication@685d3700
reloadAllAccessors: .ConstantPublisherPort4

===========================================================================================
----------------- testing Thu Sep 13 02:06:08 UTC 2018 /home/travis/build/icyphy/ptII/ptolemy/actor/lib/test/auto/ConstantPublisherPort5.xml
----------------- Instantiating /home/travis/build/icyphy/ptII/ptolemy/actor/lib/test/auto/ConstantPublisherPort5.xml
15 ms. Memory: 880128K Free: 644394K (73%)
----------------- Invoking toplevel() on ptolemy.moml.MoMLSimpleApplication@47826ecc
----------------- Done invoking toplevel() on ptolemy.moml.MoMLSimpleApplication@47826ecc
reloadAllAccessors: .ConstantPublisherPort5

===========================================================================================
----------------- testing Thu Sep 13 02:06:08 UTC 2018 /home/travis/build/icyphy/ptII/ptolemy/actor/lib/test/auto/ConstantPublisherPort6.xml
----------------- Instantiating /home/travis/build/icyphy/ptII/ptolemy/actor/lib/test/auto/ConstantPublisherPort6.xml
14 ms. Memory: 880128K Free: 618384K (70%)
----------------- Invoking toplevel() on ptolemy.moml.MoMLSimpleApplication@61183a05
----------------- Done invoking toplevel() on ptolemy.moml.MoMLSimpleApplication@61183a05
reloadAllAccessors: .ConstantPublisherPort6

===========================================================================================
----------------- testing Thu Sep 13 02:06:08 UTC 2018 /home/travis/build/icyphy/ptII/ptolemy/actor/lib/test/auto/ConstantPublisherPort7.xml
----------------- Instantiating /home/travis/build/icyphy/ptII/ptolemy/actor/lib/test/auto/ConstantPublisherPort7.xml
17 ms. Memory: 880128K Free: 584699K (66%)
----------------- Invoking toplevel() on ptolemy.moml.MoMLSimpleApplication@49c5f05d
----------------- Done invoking toplevel() on ptolemy.moml.MoMLSimpleApplication@49c5f05d
reloadAllAccessors: .ConstantPublisherPort7

===========================================================================================
----------------- testing Thu Sep 13 02:06:08 UTC 2018 /home/travis/build/icyphy/ptII/ptolemy/actor/lib/test/auto/ConstraintMonitor1.xml
----------------- Instantiating /home/travis/build/icyphy/ptII/ptolemy/actor/lib/test/auto/ConstraintMonitor1.xml
8 ms. Memory: 880128K Free: 574295K (65%)
----------------- Invoking toplevel() on ptolemy.moml.MoMLSimpleApplication@2fb1fc22
----------------- Done invoking toplevel() on ptolemy.moml.MoMLSimpleApplication@2fb1fc22
reloadAllAccessors: .ConstraintMonitor1

===========================================================================================
----------------- testing Thu Sep 13 02:06:08 UTC 2018 /home/travis/build/icyphy/ptII/ptolemy/actor/lib/test/auto/ConstraintMonitor2.xml
----------------- Instantiating /home/travis/build/icyphy/ptII/ptolemy/actor/lib/test/auto/ConstraintMonitor2.xml
6 ms. Memory: 880128K Free: 563891K (64%)
----------------- Invoking toplevel() on ptolemy.moml.MoMLSimpleApplication@41a59dd7
----------------- Done invoking toplevel() on ptolemy.moml.MoMLSimpleApplication@41a59dd7
reloadAllAccessors: .ConstraintMonitor2

===========================================================================================
----------------- testing Thu Sep 13 02:06:08 UTC 2018 /home/travis/build/icyphy/ptII/ptolemy/actor/lib/test/auto/ConstraintMonitor3.xml
----------------- Instantiating /home/travis/build/icyphy/ptII/ptolemy/actor/lib/test/auto/ConstraintMonitor3.xml
6 ms. Memory: 880128K Free: 545812K (62%)
----------------- Invoking toplevel() on ptolemy.moml.MoMLSimpleApplication@20d3d275
----------------- Done invoking toplevel() on ptolemy.moml.MoMLSimpleApplication@20d3d275
reloadAllAccessors: .ConstraintMonitor3

===========================================================================================
----------------- testing Thu Sep 13 02:06:08 UTC 2018 /home/travis/build/icyphy/ptII/ptolemy/actor/lib/test/auto/ConstraintMonitor4.xml
----------------- Instantiating /home/travis/build/icyphy/ptII/ptolemy/actor/lib/test/auto/ConstraintMonitor4.xml
6 ms. Memory: 880128K Free: 535408K (61%)
----------------- Invoking toplevel() on ptolemy.moml.MoMLSimpleApplication@2f579e3e
----------------- Done invoking toplevel() on ptolemy.moml.MoMLSimpleApplication@2f579e3e
reloadAllAccessors: .ConstraintMonitor4

===========================================================================================
----------------- testing Thu Sep 13 02:06:09 UTC 2018 /home/travis/build/icyphy/ptII/ptolemy/actor/lib/test/auto/ConstraintMonitor5.xml
----------------- Instantiating /home/travis/build/icyphy/ptII/ptolemy/actor/lib/test/auto/ConstraintMonitor5.xml
1 ms. Memory: 880128K Free: 525004K (60%)
----------------- Invoking toplevel() on ptolemy.moml.MoMLSimpleApplication@355de434
----------------- Done invoking toplevel() on ptolemy.moml.MoMLSimpleApplication@355de434
reloadAllAccessors: .ConstraintMonitor5

===========================================================================================
----------------- testing Thu Sep 13 02:06:09 UTC 2018 /home/travis/build/icyphy/ptII/ptolemy/actor/lib/test/auto/ConstraintMonitor6.xml
----------------- Instantiating /home/travis/build/icyphy/ptII/ptolemy/actor/lib/test/auto/ConstraintMonitor6.xml
6 ms. Memory: 880128K Free: 514600K (58%)
----------------- Invoking toplevel() on ptolemy.moml.MoMLSimpleApplication@209545d7
----------------- Done invoking toplevel() on ptolemy.moml.MoMLSimpleApplication@209545d7
reloadAllAccessors: .ConstraintMonitor6

===========================================================================================
----------------- testing Thu Sep 13 02:06:09 UTC 2018 /home/travis/build/icyphy/ptII/ptolemy/actor/lib/test/auto/ConstraintMonitor7.xml
----------------- Instantiating /home/travis/build/icyphy/ptII/ptolemy/actor/lib/test/auto/ConstraintMonitor7.xml
2 ms. Memory: 880128K Free: 496521K (56%)
----------------- Invoking toplevel() on ptolemy.moml.MoMLSimpleApplication@24b8f035
----------------- Done invoking toplevel() on ptolemy.moml.MoMLSimpleApplication@24b8f035
reloadAllAccessors: .ConstraintMonitor7

===========================================================================================
----------------- testing Thu Sep 13 02:06:09 UTC 2018 /home/travis/build/icyphy/ptII/ptolemy/actor/lib/test/auto/ConstraintMonitor8.xml
----------------- Instantiating /home/travis/build/icyphy/ptII/ptolemy/actor/lib/test/auto/ConstraintMonitor8.xml
2 ms. Memory: 880128K Free: 480899K (55%)
----------------- Invoking toplevel() on ptolemy.moml.MoMLSimpleApplication@28567de9
----------------- Done invoking toplevel() on ptolemy.moml.MoMLSimpleApplication@28567de9
reloadAllAccessors: .ConstraintMonitor8

===========================================================================================
----------------- testing Thu Sep 13 02:06:09 UTC 2018 /home/travis/build/icyphy/ptII/ptolemy/actor/lib/test/auto/Counter.xml
----------------- Instantiating /home/travis/build/icyphy/ptII/ptolemy/actor/lib/test/auto/Counter.xml
2 ms. Memory: 880128K Free: 470496K (53%)
----------------- Invoking toplevel() on ptolemy.moml.MoMLSimpleApplication@6f45e578
----------------- Done invoking toplevel() on ptolemy.moml.MoMLSimpleApplication@6f45e578
reloadAllAccessors: .Counter

===========================================================================================
----------------- testing Thu Sep 13 02:06:09 UTC 2018 /home/travis/build/icyphy/ptII/ptolemy/actor/lib/test/auto/CurrentTimeSDF.xml
----------------- Instantiating /home/travis/build/icyphy/ptII/ptolemy/actor/lib/test/auto/CurrentTimeSDF.xml
2 ms. Memory: 880128K Free: 452417K (51%)
----------------- Invoking toplevel() on ptolemy.moml.MoMLSimpleApplication@3361bc88
----------------- Done invoking toplevel() on ptolemy.moml.MoMLSimpleApplication@3361bc88
reloadAllAccessors: .CurrentTimeSDF

===========================================================================================
----------------- testing Thu Sep 13 02:06:09 UTC 2018 /home/travis/build/icyphy/ptII/ptolemy/actor/lib/test/auto/DB.xml
----------------- Instantiating /home/travis/build/icyphy/ptII/ptolemy/actor/lib/test/auto/DB.xml
2 ms. Memory: 880128K Free: 442013K (50%)
----------------- Invoking toplevel() on ptolemy.moml.MoMLSimpleApplication@203e2e6f
----------------- Done invoking toplevel() on ptolemy.moml.MoMLSimpleApplication@203e2e6f
reloadAllAccessors: .DB

===========================================================================================
----------------- testing Thu Sep 13 02:06:09 UTC 2018 /home/travis/build/icyphy/ptII/ptolemy/actor/lib/test/auto/DBDE.xml
----------------- Instantiating /home/travis/build/icyphy/ptII/ptolemy/actor/lib/test/auto/DBDE.xml
2 ms. Memory: 880128K Free: 431609K (49%)
----------------- Invoking toplevel() on ptolemy.moml.MoMLSimpleApplication@6f19d443
----------------- Done invoking toplevel() on ptolemy.moml.MoMLSimpleApplication@6f19d443
reloadAllAccessors: .DBDE

===========================================================================================
----------------- testing Thu Sep 13 02:06:09 UTC 2018 /home/travis/build/icyphy/ptII/ptolemy/actor/lib/test/auto/DateConstructor.xml
----------------- Instantiating /home/travis/build/icyphy/ptII/ptolemy/actor/lib/test/auto/DateConstructor.xml
12 ms. Memory: 880128K Free: 403126K (46%)
----------------- Invoking toplevel() on ptolemy.moml.MoMLSimpleApplication@704fb02f
----------------- Done invoking toplevel() on ptolemy.moml.MoMLSimpleApplication@704fb02f
reloadAllAccessors: .DateConstructor

===========================================================================================
----------------- testing Thu Sep 13 02:06:09 UTC 2018 /home/travis/build/icyphy/ptII/ptolemy/actor/lib/test/auto/DelayTime.xml
----------------- Instantiating /home/travis/build/icyphy/ptII/ptolemy/actor/lib/test/auto/DelayTime.xml
2 ms. Memory: 880128K Free: 392722K (45%)
----------------- Invoking toplevel() on ptolemy.moml.MoMLSimpleApplication@20dc9a5b
----------------- Done invoking toplevel() on ptolemy.moml.MoMLSimpleApplication@20dc9a5b
reloadAllAccessors: .DelayTime

===========================================================================================
----------------- testing Thu Sep 13 02:06:09 UTC 2018 /home/travis/build/icyphy/ptII/ptolemy/actor/lib/test/auto/Dictionary1.xml
----------------- Instantiating /home/travis/build/icyphy/ptII/ptolemy/actor/lib/test/auto/Dictionary1.xml
2 ms. Memory: 880128K Free: 382318K (43%)
----------------- Invoking toplevel() on ptolemy.moml.MoMLSimpleApplication@39ccfb60
----------------- Done invoking toplevel() on ptolemy.moml.MoMLSimpleApplication@39ccfb60
reloadAllAccessors: .Dictionary1

===========================================================================================
----------------- testing Thu Sep 13 02:06:09 UTC 2018 /home/travis/build/icyphy/ptII/ptolemy/actor/lib/test/auto/Dictionary2.xml
----------------- Instantiating /home/travis/build/icyphy/ptII/ptolemy/actor/lib/test/auto/Dictionary2.xml
3 ms. Memory: 880128K Free: 371914K (42%)
----------------- Invoking toplevel() on ptolemy.moml.MoMLSimpleApplication@4a43c3c9
----------------- Done invoking toplevel() on ptolemy.moml.MoMLSimpleApplication@4a43c3c9
reloadAllAccessors: .Dictionary2

===========================================================================================
----------------- testing Thu Sep 13 02:06:09 UTC 2018 /home/travis/build/icyphy/ptII/ptolemy/actor/lib/test/auto/Dictionary3.xml
----------------- Instantiating /home/travis/build/icyphy/ptII/ptolemy/actor/lib/test/auto/Dictionary3.xml
1 ms. Memory: 880128K Free: 353835K (40%)
----------------- Invoking toplevel() on ptolemy.moml.MoMLSimpleApplication@155d6a70
----------------- Done invoking toplevel() on ptolemy.moml.MoMLSimpleApplication@155d6a70
reloadAllAccessors: .Dictionary3

===========================================================================================
----------------- testing Thu Sep 13 02:06:09 UTC 2018 /home/travis/build/icyphy/ptII/ptolemy/actor/lib/test/auto/Dictionary4.xml
----------------- Instantiating /home/travis/build/icyphy/ptII/ptolemy/actor/lib/test/auto/Dictionary4.xml
4 ms. Memory: 880128K Free: 343431K (39%)
----------------- Invoking toplevel() on ptolemy.moml.MoMLSimpleApplication@565bb611
----------------- Done invoking toplevel() on ptolemy.moml.MoMLSimpleApplication@565bb611
reloadAllAccessors: .Dictionary4

===========================================================================================
----------------- testing Thu Sep 13 02:06:09 UTC 2018 /home/travis/build/icyphy/ptII/ptolemy/actor/lib/test/auto/Differential.xml
----------------- Instantiating /home/travis/build/icyphy/ptII/ptolemy/actor/lib/test/auto/Differential.xml
3 ms. Memory: 880128K Free: 333027K (38%)
----------------- Invoking toplevel() on ptolemy.moml.MoMLSimpleApplication@e79a14a
----------------- Done invoking toplevel() on ptolemy.moml.MoMLSimpleApplication@e79a14a
reloadAllAccessors: .Differential

===========================================================================================
----------------- testing Thu Sep 13 02:06:09 UTC 2018 /home/travis/build/icyphy/ptII/ptolemy/actor/lib/test/auto/Director.xml
----------------- Instantiating /home/travis/build/icyphy/ptII/ptolemy/actor/lib/test/auto/Director.xml
1 ms. Memory: 880128K Free: 314948K (36%)
----------------- Invoking toplevel() on ptolemy.moml.MoMLSimpleApplication@62bb32c5
----------------- Done invoking toplevel() on ptolemy.moml.MoMLSimpleApplication@62bb32c5
reloadAllAccessors: .Director

===========================================================================================
----------------- testing Thu Sep 13 02:06:09 UTC 2018 /home/travis/build/icyphy/ptII/ptolemy/actor/lib/test/auto/DiscreteClock.xml
----------------- Instantiating /home/travis/build/icyphy/ptII/ptolemy/actor/lib/test/auto/DiscreteClock.xml
1 ms. Memory: 880128K Free: 304544K (35%)
----------------- Invoking toplevel() on ptolemy.moml.MoMLSimpleApplication@a0d3321
----------------- Done invoking toplevel() on ptolemy.moml.MoMLSimpleApplication@a0d3321
reloadAllAccessors: .DiscreteClock

===========================================================================================
----------------- testing Thu Sep 13 02:06:09 UTC 2018 /home/travis/build/icyphy/ptII/ptolemy/actor/lib/test/auto/DiscreteClock10.xml
----------------- Instantiating /home/travis/build/icyphy/ptII/ptolemy/actor/lib/test/auto/DiscreteClock10.xml
4 ms. Memory: 880128K Free: 294140K (33%)
----------------- Invoking toplevel() on ptolemy.moml.MoMLSimpleApplication@c5afc78
----------------- Done invoking toplevel() on ptolemy.moml.MoMLSimpleApplication@c5afc78
reloadAllAccessors: .DiscreteClock10

===========================================================================================
----------------- testing Thu Sep 13 02:06:09 UTC 2018 /home/travis/build/icyphy/ptII/ptolemy/actor/lib/test/auto/DiscreteClock11.xml
----------------- Instantiating /home/travis/build/icyphy/ptII/ptolemy/actor/lib/test/auto/DiscreteClock11.xml
2 ms. Memory: 880128K Free: 276061K (31%)
----------------- Invoking toplevel() on ptolemy.moml.MoMLSimpleApplication@5ad2c184
----------------- Done invoking toplevel() on ptolemy.moml.MoMLSimpleApplication@5ad2c184
reloadAllAccessors: .DiscreteClock11

===========================================================================================
----------------- testing Thu Sep 13 02:06:09 UTC 2018 /home/travis/build/icyphy/ptII/ptolemy/actor/lib/test/auto/DiscreteClock12.xml
----------------- Instantiating /home/travis/build/icyphy/ptII/ptolemy/actor/lib/test/auto/DiscreteClock12.xml
2 ms. Memory: 880128K Free: 265657K (30%)
----------------- Invoking toplevel() on ptolemy.moml.MoMLSimpleApplication@587f3bc9
----------------- Done invoking toplevel() on ptolemy.moml.MoMLSimpleApplication@587f3bc9
reloadAllAccessors: .DiscreteClock12

===========================================================================================
----------------- testing Thu Sep 13 02:06:09 UTC 2018 /home/travis/build/icyphy/ptII/ptolemy/actor/lib/test/auto/DiscreteClock13.xml
----------------- Instantiating /home/travis/build/icyphy/ptII/ptolemy/actor/lib/test/auto/DiscreteClock13.xml
6 ms. Memory: 880128K Free: 255253K (29%)
----------------- Invoking toplevel() on ptolemy.moml.MoMLSimpleApplication@5ef45686
----------------- Done invoking toplevel() on ptolemy.moml.MoMLSimpleApplication@5ef45686
reloadAllAccessors: .DiscreteClock13

===========================================================================================
----------------- testing Thu Sep 13 02:06:09 UTC 2018 /home/travis/build/icyphy/ptII/ptolemy/actor/lib/test/auto/DiscreteClock14.xml
----------------- Instantiating /home/travis/build/icyphy/ptII/ptolemy/actor/lib/test/auto/DiscreteClock14.xml
6 ms. Memory: 880128K Free: 237174K (27%)
----------------- Invoking toplevel() on ptolemy.moml.MoMLSimpleApplication@d2b141d
----------------- Done invoking toplevel() on ptolemy.moml.MoMLSimpleApplication@d2b141d
reloadAllAccessors: .DiscreteClock14

===========================================================================================
----------------- testing Thu Sep 13 02:06:09 UTC 2018 /home/travis/build/icyphy/ptII/ptolemy/actor/lib/test/auto/DiscreteClock15.xml
----------------- Instantiating /home/travis/build/icyphy/ptII/ptolemy/actor/lib/test/auto/DiscreteClock15.xml
7 ms. Memory: 880128K Free: 226770K (26%)
----------------- Invoking toplevel() on ptolemy.moml.MoMLSimpleApplication@7cb3e5c3
----------------- Done invoking toplevel() on ptolemy.moml.MoMLSimpleApplication@7cb3e5c3
reloadAllAccessors: .DiscreteClock15

===========================================================================================
----------------- testing Thu Sep 13 02:06:09 UTC 2018 /home/travis/build/icyphy/ptII/ptolemy/actor/lib/test/auto/DiscreteClock16.xml
----------------- Instantiating /home/travis/build/icyphy/ptII/ptolemy/actor/lib/test/auto/DiscreteClock16.xml
22 ms. Memory: 880128K Free: 211164K (24%)
----------------- Invoking toplevel() on ptolemy.moml.MoMLSimpleApplication@69b5694f
----------------- Done invoking toplevel() on ptolemy.moml.MoMLSimpleApplication@69b5694f
reloadAllAccessors: .DiscreteClock16

===========================================================================================
----------------- testing Thu Sep 13 02:06:09 UTC 2018 /home/travis/build/icyphy/ptII/ptolemy/actor/lib/test/auto/DiscreteClock17.xml
----------------- Instantiating /home/travis/build/icyphy/ptII/ptolemy/actor/lib/test/auto/DiscreteClock17.xml
13 ms. Memory: 880128K Free: 195550K (22%)
----------------- Invoking toplevel() on ptolemy.moml.MoMLSimpleApplication@24e9ae37
----------------- Done invoking toplevel() on ptolemy.moml.MoMLSimpleApplication@24e9ae37
reloadAllAccessors: .DiscreteClock17

===========================================================================================
----------------- testing Thu Sep 13 02:06:09 UTC 2018 /home/travis/build/icyphy/ptII/ptolemy/actor/lib/test/auto/DiscreteClock18.xml
----------------- Instantiating /home/travis/build/icyphy/ptII/ptolemy/actor/lib/test/auto/DiscreteClock18.xml
459 ms. Memory: 1366528K Free: 1316711K (96%)
----------------- Invoking toplevel() on ptolemy.moml.MoMLSimpleApplication@3af0c95f
----------------- Done invoking toplevel() on ptolemy.moml.MoMLSimpleApplication@3af0c95f
reloadAllAccessors: .DiscreteClock18

===========================================================================================
----------------- testing Thu Sep 13 02:06:10 UTC 2018 /home/travis/build/icyphy/ptII/ptolemy/actor/lib/test/auto/DiscreteClock19.xml
----------------- Instantiating /home/travis/build/icyphy/ptII/ptolemy/actor/lib/test/auto/DiscreteClock19.xml
13 ms. Memory: 1366528K Free: 1265577K (93%)
----------------- Invoking toplevel() on ptolemy.moml.MoMLSimpleApplication@5ed132b4
----------------- Done invoking toplevel() on ptolemy.moml.MoMLSimpleApplication@5ed132b4
reloadAllAccessors: .DiscreteClock19

===========================================================================================
----------------- testing Thu Sep 13 02:06:10 UTC 2018 /home/travis/build/icyphy/ptII/ptolemy/actor/lib/test/auto/DiscreteClock2.xml
----------------- Instantiating /home/travis/build/icyphy/ptII/ptolemy/actor/lib/test/auto/DiscreteClock2.xml
6 ms. Memory: 1366528K Free: 1248927K (91%)
----------------- Invoking toplevel() on ptolemy.moml.MoMLSimpleApplication@69802e50
----------------- Done invoking toplevel() on ptolemy.moml.MoMLSimpleApplication@69802e50
reloadAllAccessors: .DiscreteClock2

===========================================================================================
----------------- testing Thu Sep 13 02:06:10 UTC 2018 /home/travis/build/icyphy/ptII/ptolemy/actor/lib/test/auto/DiscreteClock20.xml
----------------- Instantiating /home/travis/build/icyphy/ptII/ptolemy/actor/lib/test/auto/DiscreteClock20.xml
2 ms. Memory: 1366528K Free: 1232276K (90%)
----------------- Invoking toplevel() on ptolemy.moml.MoMLSimpleApplication@7a8e333a
----------------- Done invoking toplevel() on ptolemy.moml.MoMLSimpleApplication@7a8e333a
reloadAllAccessors: .DiscreteClock20

===========================================================================================
----------------- testing Thu Sep 13 02:06:10 UTC 2018 /home/travis/build/icyphy/ptII/ptolemy/actor/lib/test/auto/DiscreteClock21.xml
----------------- Instantiating /home/travis/build/icyphy/ptII/ptolemy/actor/lib/test/auto/DiscreteClock21.xml
2 ms. Memory: 1366528K Free: 1215626K (89%)
----------------- Invoking toplevel() on ptolemy.moml.MoMLSimpleApplication@2bdc9516
----------------- Done invoking toplevel() on ptolemy.moml.MoMLSimpleApplication@2bdc9516
reloadAllAccessors: .DiscreteClock21

===========================================================================================
----------------- testing Thu Sep 13 02:06:10 UTC 2018 /home/travis/build/icyphy/ptII/ptolemy/actor/lib/test/auto/DiscreteClock22.xml
----------------- Instantiating /home/travis/build/icyphy/ptII/ptolemy/actor/lib/test/auto/DiscreteClock22.xml
2 ms. Memory: 1366528K Free: 1189564K (87%)
----------------- Invoking toplevel() on ptolemy.moml.MoMLSimpleApplication@6812d7b3
----------------- Done invoking toplevel() on ptolemy.moml.MoMLSimpleApplication@6812d7b3
reloadAllAccessors: .DiscreteClock22

===========================================================================================
----------------- testing Thu Sep 13 02:06:10 UTC 2018 /home/travis/build/icyphy/ptII/ptolemy/actor/lib/test/auto/DiscreteClock23.xml
----------------- Instantiating /home/travis/build/icyphy/ptII/ptolemy/actor/lib/test/auto/DiscreteClock23.xml
2 ms. Memory: 1366528K Free: 1172914K (86%)
----------------- Invoking toplevel() on ptolemy.moml.MoMLSimpleApplication@34744944
----------------- Done invoking toplevel() on ptolemy.moml.MoMLSimpleApplication@34744944
reloadAllAccessors: .DiscreteClock23

===========================================================================================
----------------- testing Thu Sep 13 02:06:10 UTC 2018 /home/travis/build/icyphy/ptII/ptolemy/actor/lib/test/auto/DiscreteClock24.xml
----------------- Instantiating /home/travis/build/icyphy/ptII/ptolemy/actor/lib/test/auto/DiscreteClock24.xml
1 ms. Memory: 1366528K Free: 1156264K (85%)
----------------- Invoking toplevel() on ptolemy.moml.MoMLSimpleApplication@17bd2c8c
----------------- Done invoking toplevel() on ptolemy.moml.MoMLSimpleApplication@17bd2c8c
reloadAllAccessors: .DiscreteClock24

===========================================================================================
----------------- testing Thu Sep 13 02:06:10 UTC 2018 /home/travis/build/icyphy/ptII/ptolemy/actor/lib/test/auto/DiscreteClock4.xml
----------------- Instantiating /home/travis/build/icyphy/ptII/ptolemy/actor/lib/test/auto/DiscreteClock4.xml
5 ms. Memory: 1366528K Free: 1139613K (83%)
----------------- Invoking toplevel() on ptolemy.moml.MoMLSimpleApplication@2f761f3c
----------------- Done invoking toplevel() on ptolemy.moml.MoMLSimpleApplication@2f761f3c
reloadAllAccessors: .DiscreteClock4

===========================================================================================
----------------- testing Thu Sep 13 02:06:10 UTC 2018 /home/travis/build/icyphy/ptII/ptolemy/actor/lib/test/auto/DiscreteClock5.xml
----------------- Instantiating /home/travis/build/icyphy/ptII/ptolemy/actor/lib/test/auto/DiscreteClock5.xml
2 ms. Memory: 1366528K Free: 1113552K (81%)
----------------- Invoking toplevel() on ptolemy.moml.MoMLSimpleApplication@78a8f366
----------------- Done invoking toplevel() on ptolemy.moml.MoMLSimpleApplication@78a8f366
reloadAllAccessors: .DiscreteClock5

===========================================================================================
----------------- testing Thu Sep 13 02:06:10 UTC 2018 /home/travis/build/icyphy/ptII/ptolemy/actor/lib/test/auto/DiscreteClock6.xml
----------------- Instantiating /home/travis/build/icyphy/ptII/ptolemy/actor/lib/test/auto/DiscreteClock6.xml
2 ms. Memory: 1366528K Free: 1096901K (80%)
----------------- Invoking toplevel() on ptolemy.moml.MoMLSimpleApplication@2632b753
----------------- Done invoking toplevel() on ptolemy.moml.MoMLSimpleApplication@2632b753
reloadAllAccessors: .DiscreteClock6

===========================================================================================
----------------- testing Thu Sep 13 02:06:10 UTC 2018 /home/travis/build/icyphy/ptII/ptolemy/actor/lib/test/auto/DiscreteClock7.xml
----------------- Instantiating /home/travis/build/icyphy/ptII/ptolemy/actor/lib/test/auto/DiscreteClock7.xml
1 ms. Memory: 1366528K Free: 1080251K (79%)
----------------- Invoking toplevel() on ptolemy.moml.MoMLSimpleApplication@296926f8
----------------- Done invoking toplevel() on ptolemy.moml.MoMLSimpleApplication@296926f8
reloadAllAccessors: .DiscreteClock7

===========================================================================================
----------------- testing Thu Sep 13 02:06:10 UTC 2018 /home/travis/build/icyphy/ptII/ptolemy/actor/lib/test/auto/DiscreteClock8.xml
----------------- Instantiating /home/travis/build/icyphy/ptII/ptolemy/actor/lib/test/auto/DiscreteClock8.xml
2 ms. Memory: 1366528K Free: 1063601K (78%)
----------------- Invoking toplevel() on ptolemy.moml.MoMLSimpleApplication@5ef147fe
----------------- Done invoking toplevel() on ptolemy.moml.MoMLSimpleApplication@5ef147fe
reloadAllAccessors: .DiscreteClock8

===========================================================================================
----------------- testing Thu Sep 13 02:06:10 UTC 2018 /home/travis/build/icyphy/ptII/ptolemy/actor/lib/test/auto/DiscreteClock9.xml
----------------- Instantiating /home/travis/build/icyphy/ptII/ptolemy/actor/lib/test/auto/DiscreteClock9.xml
5 ms. Memory: 1366528K Free: 1037539K (76%)
----------------- Invoking toplevel() on ptolemy.moml.MoMLSimpleApplication@e354301
----------------- Done invoking toplevel() on ptolemy.moml.MoMLSimpleApplication@e354301
reloadAllAccessors: .DiscreteClock9

===========================================================================================
----------------- testing Thu Sep 13 02:06:10 UTC 2018 /home/travis/build/icyphy/ptII/ptolemy/actor/lib/test/auto/DisplayArray.xml
----------------- Instantiating /home/travis/build/icyphy/ptII/ptolemy/actor/lib/test/auto/DisplayArray.xml
2 ms. Memory: 1366528K Free: 1020888K (75%)
----------------- Invoking toplevel() on ptolemy.moml.MoMLSimpleApplication@1a04d618
----------------- Done invoking toplevel() on ptolemy.moml.MoMLSimpleApplication@1a04d618
reloadAllAccessors: .DisplayArray

===========================================================================================
----------------- testing Thu Sep 13 02:06:10 UTC 2018 /home/travis/build/icyphy/ptII/ptolemy/actor/lib/test/auto/Distributor.xml
----------------- Instantiating /home/travis/build/icyphy/ptII/ptolemy/actor/lib/test/auto/Distributor.xml
1 ms. Memory: 1366528K Free: 1004238K (73%)
----------------- Invoking toplevel() on ptolemy.moml.MoMLSimpleApplication@2da5cdc9
----------------- Done invoking toplevel() on ptolemy.moml.MoMLSimpleApplication@2da5cdc9
reloadAllAccessors: .Distributor

===========================================================================================
----------------- testing Thu Sep 13 02:06:10 UTC 2018 /home/travis/build/icyphy/ptII/ptolemy/actor/lib/test/auto/Distributor2.xml
----------------- Instantiating /home/travis/build/icyphy/ptII/ptolemy/actor/lib/test/auto/Distributor2.xml
1 ms. Memory: 1366528K Free: 987588K (72%)
----------------- Invoking toplevel() on ptolemy.moml.MoMLSimpleApplication@6dd8508a
----------------- Done invoking toplevel() on ptolemy.moml.MoMLSimpleApplication@6dd8508a
reloadAllAccessors: .Distributor2

===========================================================================================
----------------- testing Thu Sep 13 02:06:10 UTC 2018 /home/travis/build/icyphy/ptII/ptolemy/actor/lib/test/auto/DownSample.xml
----------------- Instantiating /home/travis/build/icyphy/ptII/ptolemy/actor/lib/test/auto/DownSample.xml
2 ms. Memory: 1366528K Free: 961526K (70%)
----------------- Invoking toplevel() on ptolemy.moml.MoMLSimpleApplication@3b680843
----------------- Done invoking toplevel() on ptolemy.moml.MoMLSimpleApplication@3b680843
reloadAllAccessors: .DownSample

===========================================================================================
----------------- testing Thu Sep 13 02:06:10 UTC 2018 /home/travis/build/icyphy/ptII/ptolemy/actor/lib/test/auto/ElectronicUnitBase1.xml
----------------- Instantiating /home/travis/build/icyphy/ptII/ptolemy/actor/lib/test/auto/ElectronicUnitBase1.xml
18 ms. Memory: 1366528K Free: 936550K (69%)
----------------- Invoking toplevel() on ptolemy.moml.MoMLSimpleApplication@9c55c98
----------------- Done invoking toplevel() on ptolemy.moml.MoMLSimpleApplication@9c55c98
reloadAllAccessors: .ElectronicUnitBase1

===========================================================================================
----------------- testing Thu Sep 13 02:06:10 UTC 2018 /home/travis/build/icyphy/ptII/ptolemy/actor/lib/test/auto/ElementsToArray.xml
----------------- Instantiating /home/travis/build/icyphy/ptII/ptolemy/actor/lib/test/auto/ElementsToArray.xml
4 ms. Memory: 1366528K Free: 919900K (67%)
----------------- Invoking toplevel() on ptolemy.moml.MoMLSimpleApplication@47702034
----------------- Done invoking toplevel() on ptolemy.moml.MoMLSimpleApplication@47702034
reloadAllAccessors: .ElementsToArray

===========================================================================================
----------------- testing Thu Sep 13 02:06:10 UTC 2018 /home/travis/build/icyphy/ptII/ptolemy/actor/lib/test/auto/Equals.xml
----------------- Instantiating /home/travis/build/icyphy/ptII/ptolemy/actor/lib/test/auto/Equals.xml
3 ms. Memory: 1366528K Free: 903249K (66%)
----------------- Invoking toplevel() on ptolemy.moml.MoMLSimpleApplication@329f6a57
----------------- Done invoking toplevel() on ptolemy.moml.MoMLSimpleApplication@329f6a57
reloadAllAccessors: .Equals

===========================================================================================
----------------- testing Thu Sep 13 02:06:10 UTC 2018 /home/travis/build/icyphy/ptII/ptolemy/actor/lib/test/auto/Exec.xml
----------------- Instantiating /home/travis/build/icyphy/ptII/ptolemy/actor/lib/test/auto/Exec.xml
15 ms. Memory: 1366528K Free: 856375K (63%)
----------------- Invoking toplevel() on ptolemy.moml.MoMLSimpleApplication@26757c87
----------------- Done invoking toplevel() on ptolemy.moml.MoMLSimpleApplication@26757c87
reloadAllAccessors: .Exec

===========================================================================================
----------------- testing Thu Sep 13 02:06:10 UTC 2018 /home/travis/build/icyphy/ptII/ptolemy/actor/lib/test/auto/ExecEnvironment.xml
----------------- Instantiating /home/travis/build/icyphy/ptII/ptolemy/actor/lib/test/auto/ExecEnvironment.xml
25 ms. Memory: 1366528K Free: 839724K (61%)
----------------- Invoking toplevel() on ptolemy.moml.MoMLSimpleApplication@7e874141
----------------- Done invoking toplevel() on ptolemy.moml.MoMLSimpleApplication@7e874141
reloadAllAccessors: .ExecEnvironment

===========================================================================================
----------------- testing Thu Sep 13 02:06:10 UTC 2018 /home/travis/build/icyphy/ptII/ptolemy/actor/lib/test/auto/ExecNonZeroReturnOutput.xml
----------------- Instantiating /home/travis/build/icyphy/ptII/ptolemy/actor/lib/test/auto/ExecNonZeroReturnOutput.xml
130 ms. Memory: 1366528K Free: 714847K (52%)
----------------- Invoking toplevel() on ptolemy.moml.MoMLSimpleApplication@2992730b
----------------- Done invoking toplevel() on ptolemy.moml.MoMLSimpleApplication@2992730b
reloadAllAccessors: .ExecNonZeroReturnOutput

===========================================================================================
----------------- testing Thu Sep 13 02:06:10 UTC 2018 /home/travis/build/icyphy/ptII/ptolemy/actor/lib/test/auto/ExecRunDemos.xml
----------------- Instantiating /home/travis/build/icyphy/ptII/ptolemy/actor/lib/test/auto/ExecRunDemos.xml
Finished: 65 ms. Memory: 116224K Free: 100103K (86%)

Finished: 31 ms. Memory: 116224K Free: 96343K (83%)

Finished: 47 ms. Memory: 116224K Free: 96957K (83%)

Finished: 66 ms. Memory: 116224K Free: 98268K (85%)

Finished: 42 ms. Memory: 116224K Free: 99505K (86%)

9445 ms. Memory: 1366528K Free: 606602K (44%)
----------------- Invoking toplevel() on ptolemy.moml.MoMLSimpleApplication@6deacc11
----------------- Done invoking toplevel() on ptolemy.moml.MoMLSimpleApplication@6deacc11
reloadAllAccessors: .ExecRunDemos

===========================================================================================
----------------- testing Thu Sep 13 02:06:20 UTC 2018 /home/travis/build/icyphy/ptII/ptolemy/actor/lib/test/auto/ExecStop.xml
----------------- Instantiating /home/travis/build/icyphy/ptII/ptolemy/actor/lib/test/auto/ExecStop.xml
5009 ms. Memory: 1366528K Free: 389061K (28%)
----------------- Invoking toplevel() on ptolemy.moml.MoMLSimpleApplication@5bb96a9f
----------------- Done invoking toplevel() on ptolemy.moml.MoMLSimpleApplication@5bb96a9f
reloadAllAccessors: .ExecStop

===========================================================================================
----------------- testing Thu Sep 13 02:06:25 UTC 2018 /home/travis/build/icyphy/ptII/ptolemy/actor/lib/test/auto/ExecutionTimeSDF.xml
----------------- Instantiating /home/travis/build/icyphy/ptII/ptolemy/actor/lib/test/auto/ExecutionTimeSDF.xml
Fired ExecutionTime: -1863767296
Fired ExecutionTime: 988000000
Fired ExecutionTime: -1663367296
6005 ms. Memory: 1366528K Free: 364070K (27%)
----------------- Invoking toplevel() on ptolemy.moml.MoMLSimpleApplication@2bc7382
----------------- Done invoking toplevel() on ptolemy.moml.MoMLSimpleApplication@2bc7382
reloadAllAccessors: .ExecutionTimeSDF

===========================================================================================
----------------- testing Thu Sep 13 02:06:31 UTC 2018 /home/travis/build/icyphy/ptII/ptolemy/actor/lib/test/auto/Expression1.xml
----------------- Instantiating /home/travis/build/icyphy/ptII/ptolemy/actor/lib/test/auto/Expression1.xml
2 ms. Memory: 1366528K Free: 347420K (25%)
----------------- Invoking toplevel() on ptolemy.moml.MoMLSimpleApplication@46b5f52f
----------------- Done invoking toplevel() on ptolemy.moml.MoMLSimpleApplication@46b5f52f
reloadAllAccessors: .Expression1

===========================================================================================
----------------- testing Thu Sep 13 02:06:31 UTC 2018 /home/travis/build/icyphy/ptII/ptolemy/actor/lib/test/auto/Expression10.xml
----------------- Instantiating /home/travis/build/icyphy/ptII/ptolemy/actor/lib/test/auto/Expression10.xml
5 ms. Memory: 1366528K Free: 330769K (24%)
----------------- Invoking toplevel() on ptolemy.moml.MoMLSimpleApplication@39ee48c7
----------------- Done invoking toplevel() on ptolemy.moml.MoMLSimpleApplication@39ee48c7
reloadAllAccessors: .Expression10

===========================================================================================
----------------- testing Thu Sep 13 02:06:31 UTC 2018 /home/travis/build/icyphy/ptII/ptolemy/actor/lib/test/auto/Expression11.xml
----------------- Instantiating /home/travis/build/icyphy/ptII/ptolemy/actor/lib/test/auto/Expression11.xml
2 ms. Memory: 1366528K Free: 304708K (22%)
----------------- Invoking toplevel() on ptolemy.moml.MoMLSimpleApplication@54da7ab8
----------------- Done invoking toplevel() on ptolemy.moml.MoMLSimpleApplication@54da7ab8
reloadAllAccessors: .Expression11

===========================================================================================
----------------- testing Thu Sep 13 02:06:31 UTC 2018 /home/travis/build/icyphy/ptII/ptolemy/actor/lib/test/auto/Expression12.xml
----------------- Instantiating /home/travis/build/icyphy/ptII/ptolemy/actor/lib/test/auto/Expression12.xml
3 ms. Memory: 1366528K Free: 288057K (21%)
----------------- Invoking toplevel() on ptolemy.moml.MoMLSimpleApplication@53384321
----------------- Done invoking toplevel() on ptolemy.moml.MoMLSimpleApplication@53384321
reloadAllAccessors: .Expression12

===========================================================================================
----------------- testing Thu Sep 13 02:06:31 UTC 2018 /home/travis/build/icyphy/ptII/ptolemy/actor/lib/test/auto/Expression13.xml
----------------- Instantiating /home/travis/build/icyphy/ptII/ptolemy/actor/lib/test/auto/Expression13.xml
3 ms. Memory: 1366528K Free: 271407K (20%)
----------------- Invoking toplevel() on ptolemy.moml.MoMLSimpleApplication@37e31b26
----------------- Done invoking toplevel() on ptolemy.moml.MoMLSimpleApplication@37e31b26
reloadAllAccessors: .Expression13

===========================================================================================
----------------- testing Thu Sep 13 02:06:31 UTC 2018 /home/travis/build/icyphy/ptII/ptolemy/actor/lib/test/auto/Expression14.xml
----------------- Instantiating /home/travis/build/icyphy/ptII/ptolemy/actor/lib/test/auto/Expression14.xml
7 ms. Memory: 1366528K Free: 254757K (19%)
----------------- Invoking toplevel() on ptolemy.moml.MoMLSimpleApplication@508fad48
----------------- Done invoking toplevel() on ptolemy.moml.MoMLSimpleApplication@508fad48
reloadAllAccessors: .Expression14

===========================================================================================
----------------- testing Thu Sep 13 02:06:31 UTC 2018 /home/travis/build/icyphy/ptII/ptolemy/actor/lib/test/auto/Expression15.xml
----------------- Instantiating /home/travis/build/icyphy/ptII/ptolemy/actor/lib/test/auto/Expression15.xml
3 ms. Memory: 1366528K Free: 228695K (17%)
----------------- Invoking toplevel() on ptolemy.moml.MoMLSimpleApplication@572bae1e
----------------- Done invoking toplevel() on ptolemy.moml.MoMLSimpleApplication@572bae1e
reloadAllAccessors: .Expression15

===========================================================================================
----------------- testing Thu Sep 13 02:06:31 UTC 2018 /home/travis/build/icyphy/ptII/ptolemy/actor/lib/test/auto/Expression16.xml
----------------- Instantiating /home/travis/build/icyphy/ptII/ptolemy/actor/lib/test/auto/Expression16.xml
2 ms. Memory: 1366528K Free: 212045K (16%)
----------------- Invoking toplevel() on ptolemy.moml.MoMLSimpleApplication@7e1dcff4
----------------- Done invoking toplevel() on ptolemy.moml.MoMLSimpleApplication@7e1dcff4
reloadAllAccessors: .Expression16

===========================================================================================
----------------- testing Thu Sep 13 02:06:31 UTC 2018 /home/travis/build/icyphy/ptII/ptolemy/actor/lib/test/auto/Expression17.xml
----------------- Instantiating /home/travis/build/icyphy/ptII/ptolemy/actor/lib/test/auto/Expression17.xml
2 ms. Memory: 1366528K Free: 195394K (14%)
----------------- Invoking toplevel() on ptolemy.moml.MoMLSimpleApplication@29e6df22
----------------- Done invoking toplevel() on ptolemy.moml.MoMLSimpleApplication@29e6df22
reloadAllAccessors: .Expression17

===========================================================================================
----------------- testing Thu Sep 13 02:06:31 UTC 2018 /home/travis/build/icyphy/ptII/ptolemy/actor/lib/test/auto/Expression18.xml
----------------- Instantiating /home/travis/build/icyphy/ptII/ptolemy/actor/lib/test/auto/Expression18.xml
2 ms. Memory: 1366528K Free: 178744K (13%)
----------------- Invoking toplevel() on ptolemy.moml.MoMLSimpleApplication@7d129710
----------------- Done invoking toplevel() on ptolemy.moml.MoMLSimpleApplication@7d129710
reloadAllAccessors: .Expression18

===========================================================================================
----------------- testing Thu Sep 13 02:06:31 UTC 2018 /home/travis/build/icyphy/ptII/ptolemy/actor/lib/test/auto/Expression2.xml
----------------- Instantiating /home/travis/build/icyphy/ptII/ptolemy/actor/lib/test/auto/Expression2.xml
3 ms. Memory: 1366528K Free: 152682K (11%)
----------------- Invoking toplevel() on ptolemy.moml.MoMLSimpleApplication@6be4fc28
----------------- Done invoking toplevel() on ptolemy.moml.MoMLSimpleApplication@6be4fc28
reloadAllAccessors: .Expression2

===========================================================================================
----------------- testing Thu Sep 13 02:06:31 UTC 2018 /home/travis/build/icyphy/ptII/ptolemy/actor/lib/test/auto/Expression3.xml
----------------- Instantiating /home/travis/build/icyphy/ptII/ptolemy/actor/lib/test/auto/Expression3.xml
2 ms. Memory: 1366528K Free: 136032K (10%)
----------------- Invoking toplevel() on ptolemy.moml.MoMLSimpleApplication@1156000c
----------------- Done invoking toplevel() on ptolemy.moml.MoMLSimpleApplication@1156000c
reloadAllAccessors: .Expression3

===========================================================================================
----------------- testing Thu Sep 13 02:06:31 UTC 2018 /home/travis/build/icyphy/ptII/ptolemy/actor/lib/test/auto/Expression4.xml
----------------- Instantiating /home/travis/build/icyphy/ptII/ptolemy/actor/lib/test/auto/Expression4.xml
4 ms. Memory: 1366528K Free: 119382K (9%)
----------------- Invoking toplevel() on ptolemy.moml.MoMLSimpleApplication@7722caa2
----------------- Done invoking toplevel() on ptolemy.moml.MoMLSimpleApplication@7722caa2
reloadAllAccessors: .Expression4

===========================================================================================
----------------- testing Thu Sep 13 02:06:31 UTC 2018 /home/travis/build/icyphy/ptII/ptolemy/actor/lib/test/auto/Expression5.xml
----------------- Instantiating /home/travis/build/icyphy/ptII/ptolemy/actor/lib/test/auto/Expression5.xml
2 ms. Memory: 1366528K Free: 102731K (8%)
----------------- Invoking toplevel() on ptolemy.moml.MoMLSimpleApplication@5ccfbadd
----------------- Done invoking toplevel() on ptolemy.moml.MoMLSimpleApplication@5ccfbadd
reloadAllAccessors: .Expression5

===========================================================================================
----------------- testing Thu Sep 13 02:06:31 UTC 2018 /home/travis/build/icyphy/ptII/ptolemy/actor/lib/test/auto/Expression6.xml
----------------- Instantiating /home/travis/build/icyphy/ptII/ptolemy/actor/lib/test/auto/Expression6.xml
2 ms. Memory: 1366528K Free: 80482K (6%)
----------------- Invoking toplevel() on ptolemy.moml.MoMLSimpleApplication@7300cc3c
----------------- Done invoking toplevel() on ptolemy.moml.MoMLSimpleApplication@7300cc3c
reloadAllAccessors: .Expression6

===========================================================================================
----------------- testing Thu Sep 13 02:06:31 UTC 2018 /home/travis/build/icyphy/ptII/ptolemy/actor/lib/test/auto/Expression7.xml
----------------- Instantiating /home/travis/build/icyphy/ptII/ptolemy/actor/lib/test/auto/Expression7.xml
3 ms. Memory: 1366528K Free: 1313905K (96%)
----------------- Invoking toplevel() on ptolemy.moml.MoMLSimpleApplication@3c72abea
----------------- Done invoking toplevel() on ptolemy.moml.MoMLSimpleApplication@3c72abea
reloadAllAccessors: .Expression7

===========================================================================================
----------------- testing Thu Sep 13 02:06:31 UTC 2018 /home/travis/build/icyphy/ptII/ptolemy/actor/lib/test/auto/Expression8.xml
----------------- Instantiating /home/travis/build/icyphy/ptII/ptolemy/actor/lib/test/auto/Expression8.xml
8 ms. Memory: 1366528K Free: 1286524K (94%)
----------------- Invoking toplevel() on ptolemy.moml.MoMLSimpleApplication@20386e8d
----------------- Done invoking toplevel() on ptolemy.moml.MoMLSimpleApplication@20386e8d
reloadAllAccessors: .Expression8

===========================================================================================
----------------- testing Thu Sep 13 02:06:31 UTC 2018 /home/travis/build/icyphy/ptII/ptolemy/actor/lib/test/auto/Expression9.xml
----------------- Instantiating /home/travis/build/icyphy/ptII/ptolemy/actor/lib/test/auto/Expression9.xml
5 ms. Memory: 1366528K Free: 1274036K (93%)
----------------- Invoking toplevel() on ptolemy.moml.MoMLSimpleApplication@37756e90
----------------- Done invoking toplevel() on ptolemy.moml.MoMLSimpleApplication@37756e90
reloadAllAccessors: .Expression9

===========================================================================================
----------------- testing Thu Sep 13 02:06:31 UTC 2018 /home/travis/build/icyphy/ptII/ptolemy/actor/lib/test/auto/ExpressionConcatenateArrayType.xml
----------------- Instantiating /home/travis/build/icyphy/ptII/ptolemy/actor/lib/test/auto/ExpressionConcatenateArrayType.xml
2 ms. Memory: 1366528K Free: 1254772K (92%)
----------------- Invoking toplevel() on ptolemy.moml.MoMLSimpleApplication@71cafa7
----------------- Done invoking toplevel() on ptolemy.moml.MoMLSimpleApplication@71cafa7
reloadAllAccessors: .ExpressionConcatenateArrayType

===========================================================================================
----------------- testing Thu Sep 13 02:06:31 UTC 2018 /home/travis/build/icyphy/ptII/ptolemy/actor/lib/test/auto/ExpressionConcatenateArrayType2.xml
----------------- Instantiating /home/travis/build/icyphy/ptII/ptolemy/actor/lib/test/auto/ExpressionConcatenateArrayType2.xml
2 ms. Memory: 1366528K Free: 1242284K (91%)
----------------- Invoking toplevel() on ptolemy.moml.MoMLSimpleApplication@7aeae16c
----------------- Done invoking toplevel() on ptolemy.moml.MoMLSimpleApplication@7aeae16c
reloadAllAccessors: .ExpressionConcatenateArrayType2

===========================================================================================
----------------- testing Thu Sep 13 02:06:31 UTC 2018 /home/travis/build/icyphy/ptII/ptolemy/actor/lib/test/auto/ExpressionFix.xml
----------------- Instantiating /home/travis/build/icyphy/ptII/ptolemy/actor/lib/test/auto/ExpressionFix.xml
8 ms. Memory: 1366528K Free: 1229628K (90%)
----------------- Invoking toplevel() on ptolemy.moml.MoMLSimpleApplication@7e6857cf
----------------- Done invoking toplevel() on ptolemy.moml.MoMLSimpleApplication@7e6857cf
reloadAllAccessors: .ExpressionFix

===========================================================================================
----------------- testing Thu Sep 13 02:06:31 UTC 2018 /home/travis/build/icyphy/ptII/ptolemy/actor/lib/test/auto/ExpressionFix2.xml
----------------- Instantiating /home/travis/build/icyphy/ptII/ptolemy/actor/lib/test/auto/ExpressionFix2.xml
1 ms. Memory: 1366528K Free: 1210364K (89%)
----------------- Invoking toplevel() on ptolemy.moml.MoMLSimpleApplication@e5ce1bb
----------------- Done invoking toplevel() on ptolemy.moml.MoMLSimpleApplication@e5ce1bb
reloadAllAccessors: .ExpressionFix2

===========================================================================================
----------------- testing Thu Sep 13 02:06:31 UTC 2018 /home/travis/build/icyphy/ptII/ptolemy/actor/lib/test/auto/ExpressionFix3.xml
----------------- Instantiating /home/travis/build/icyphy/ptII/ptolemy/actor/lib/test/auto/ExpressionFix3.xml
1 ms. Memory: 1366528K Free: 1197876K (88%)
----------------- Invoking toplevel() on ptolemy.moml.MoMLSimpleApplication@5feb9b88
----------------- Done invoking toplevel() on ptolemy.moml.MoMLSimpleApplication@5feb9b88
reloadAllAccessors: .ExpressionFix3

===========================================================================================
----------------- testing Thu Sep 13 02:06:31 UTC 2018 /home/travis/build/icyphy/ptII/ptolemy/actor/lib/test/auto/FileWriter1.xml
----------------- Instantiating /home/travis/build/icyphy/ptII/ptolemy/actor/lib/test/auto/FileWriter1.xml
2 ms. Memory: 1366528K Free: 1185389K (87%)
----------------- Invoking toplevel() on ptolemy.moml.MoMLSimpleApplication@42c1473d
----------------- Done invoking toplevel() on ptolemy.moml.MoMLSimpleApplication@42c1473d
reloadAllAccessors: .FileWriter1

===========================================================================================
----------------- testing Thu Sep 13 02:06:31 UTC 2018 /home/travis/build/icyphy/ptII/ptolemy/actor/lib/test/auto/FileWriter2.xml
----------------- Instantiating /home/travis/build/icyphy/ptII/ptolemy/actor/lib/test/auto/FileWriter2.xml
2 ms. Memory: 1366528K Free: 1166125K (85%)
----------------- Invoking toplevel() on ptolemy.moml.MoMLSimpleApplication@23d02219
----------------- Done invoking toplevel() on ptolemy.moml.MoMLSimpleApplication@23d02219
reloadAllAccessors: .FileWriter2

===========================================================================================
----------------- testing Thu Sep 13 02:06:31 UTC 2018 /home/travis/build/icyphy/ptII/ptolemy/actor/lib/test/auto/FileWriter3.xml
----------------- Instantiating /home/travis/build/icyphy/ptII/ptolemy/actor/lib/test/auto/FileWriter3.xml
1 ms. Memory: 1366528K Free: 1153637K (84%)
----------------- Invoking toplevel() on ptolemy.moml.MoMLSimpleApplication@df453fe
----------------- Done invoking toplevel() on ptolemy.moml.MoMLSimpleApplication@df453fe
reloadAllAccessors: .FileWriter3

===========================================================================================
----------------- testing Thu Sep 13 02:06:31 UTC 2018 /home/travis/build/icyphy/ptII/ptolemy/actor/lib/test/auto/Gaussian.xml
----------------- Instantiating /home/travis/build/icyphy/ptII/ptolemy/actor/lib/test/auto/Gaussian.xml
1 ms. Memory: 1366528K Free: 1141149K (84%)
----------------- Invoking toplevel() on ptolemy.moml.MoMLSimpleApplication@1766394e
----------------- Done invoking toplevel() on ptolemy.moml.MoMLSimpleApplication@1766394e
reloadAllAccessors: .Gaussian

===========================================================================================
----------------- testing Thu Sep 13 02:06:31 UTC 2018 /home/travis/build/icyphy/ptII/ptolemy/actor/lib/test/auto/Gaussian1.xml
----------------- Instantiating /home/travis/build/icyphy/ptII/ptolemy/actor/lib/test/auto/Gaussian1.xml
2 ms. Memory: 1366528K Free: 1121885K (82%)
----------------- Invoking toplevel() on ptolemy.moml.MoMLSimpleApplication@7b661365
----------------- Done invoking toplevel() on ptolemy.moml.MoMLSimpleApplication@7b661365
reloadAllAccessors: .Gaussian1

===========================================================================================
----------------- testing Thu Sep 13 02:06:31 UTC 2018 /home/travis/build/icyphy/ptII/ptolemy/actor/lib/test/auto/Gaussian2.xml
----------------- Instantiating /home/travis/build/icyphy/ptII/ptolemy/actor/lib/test/auto/Gaussian2.xml
2 ms. Memory: 1366528K Free: 1109397K (81%)
----------------- Invoking toplevel() on ptolemy.moml.MoMLSimpleApplication@17e7bc8b
----------------- Done invoking toplevel() on ptolemy.moml.MoMLSimpleApplication@17e7bc8b
reloadAllAccessors: .Gaussian2

===========================================================================================
----------------- testing Thu Sep 13 02:06:31 UTC 2018 /home/travis/build/icyphy/ptII/ptolemy/actor/lib/test/auto/GradientAdaptiveLattice.xml
----------------- Instantiating /home/travis/build/icyphy/ptII/ptolemy/actor/lib/test/auto/GradientAdaptiveLattice.xml
2 ms. Memory: 1366528K Free: 1096910K (80%)
----------------- Invoking toplevel() on ptolemy.moml.MoMLSimpleApplication@1f06d2d8
----------------- Done invoking toplevel() on ptolemy.moml.MoMLSimpleApplication@1f06d2d8
reloadAllAccessors: .GradientAdaptiveLattice

===========================================================================================
----------------- testing Thu Sep 13 02:06:31 UTC 2018 /home/travis/build/icyphy/ptII/ptolemy/actor/lib/test/auto/IIR.xml
----------------- Instantiating /home/travis/build/icyphy/ptII/ptolemy/actor/lib/test/auto/IIR.xml
1 ms. Memory: 1366528K Free: 1077646K (79%)
----------------- Invoking toplevel() on ptolemy.moml.MoMLSimpleApplication@7b8d43db
----------------- Done invoking toplevel() on ptolemy.moml.MoMLSimpleApplication@7b8d43db
reloadAllAccessors: .IIR

===========================================================================================
----------------- testing Thu Sep 13 02:06:31 UTC 2018 /home/travis/build/icyphy/ptII/ptolemy/actor/lib/test/auto/InputOutputTransparentPorts.xml
----------------- Instantiating /home/travis/build/icyphy/ptII/ptolemy/actor/lib/test/auto/InputOutputTransparentPorts.xml
2 ms. Memory: 1366528K Free: 1065158K (78%)
----------------- Invoking toplevel() on ptolemy.moml.MoMLSimpleApplication@7b8a041e
----------------- Done invoking toplevel() on ptolemy.moml.MoMLSimpleApplication@7b8a041e
reloadAllAccessors: .InputOutputTransparentPorts

===========================================================================================
----------------- testing Thu Sep 13 02:06:31 UTC 2018 /home/travis/build/icyphy/ptII/ptolemy/actor/lib/test/auto/Interpolator.xml
----------------- Instantiating /home/travis/build/icyphy/ptII/ptolemy/actor/lib/test/auto/Interpolator.xml
3 ms. Memory: 1366528K Free: 1052670K (77%)
----------------- Invoking toplevel() on ptolemy.moml.MoMLSimpleApplication@1f27bb58
----------------- Done invoking toplevel() on ptolemy.moml.MoMLSimpleApplication@1f27bb58
reloadAllAccessors: .Interpolator

===========================================================================================
----------------- testing Thu Sep 13 02:06:31 UTC 2018 /home/travis/build/icyphy/ptII/ptolemy/actor/lib/test/auto/InterpolatorFiringLimitDE.xml
----------------- Instantiating /home/travis/build/icyphy/ptII/ptolemy/actor/lib/test/auto/InterpolatorFiringLimitDE.xml
2 ms. Memory: 1366528K Free: 1033406K (76%)
----------------- Invoking toplevel() on ptolemy.moml.MoMLSimpleApplication@3b86afde
----------------- Done invoking toplevel() on ptolemy.moml.MoMLSimpleApplication@3b86afde
reloadAllAccessors: .InterpolatorFiringLimitDE

===========================================================================================
----------------- testing Thu Sep 13 02:06:32 UTC 2018 /home/travis/build/icyphy/ptII/ptolemy/actor/lib/test/auto/Lattice.xml
----------------- Instantiating /home/travis/build/icyphy/ptII/ptolemy/actor/lib/test/auto/Lattice.xml
1 ms. Memory: 1366528K Free: 1020918K (75%)
----------------- Invoking toplevel() on ptolemy.moml.MoMLSimpleApplication@3dace1a7
----------------- Done invoking toplevel() on ptolemy.moml.MoMLSimpleApplication@3dace1a7
reloadAllAccessors: .Lattice

===========================================================================================
----------------- testing Thu Sep 13 02:06:32 UTC 2018 /home/travis/build/icyphy/ptII/ptolemy/actor/lib/test/auto/LazyAOCTestLazy.xml
----------------- Instantiating /home/travis/build/icyphy/ptII/ptolemy/actor/lib/test/auto/LazyAOCTestLazy.xml
7 ms. Memory: 1366528K Free: 1008431K (74%)
----------------- Invoking toplevel() on ptolemy.moml.MoMLSimpleApplication@d22584a
----------------- Done invoking toplevel() on ptolemy.moml.MoMLSimpleApplication@d22584a
reloadAllAccessors: .LazyAOCTestLazy

===========================================================================================
----------------- testing Thu Sep 13 02:06:32 UTC 2018 /home/travis/build/icyphy/ptII/ptolemy/actor/lib/test/auto/LazyAOCTestNonLazy.xml
----------------- Instantiating /home/travis/build/icyphy/ptII/ptolemy/actor/lib/test/auto/LazyAOCTestNonLazy.xml
2 ms. Memory: 1366528K Free: 989167K (72%)
----------------- Invoking toplevel() on ptolemy.moml.MoMLSimpleApplication@25b3748a
----------------- Done invoking toplevel() on ptolemy.moml.MoMLSimpleApplication@25b3748a
reloadAllAccessors: .LazyAOCTestNonLazy

===========================================================================================
----------------- testing Thu Sep 13 02:06:32 UTC 2018 /home/travis/build/icyphy/ptII/ptolemy/actor/lib/test/auto/LazyInnerClass.xml
----------------- Instantiating /home/travis/build/icyphy/ptII/ptolemy/actor/lib/test/auto/LazyInnerClass.xml
9 ms. Memory: 1366528K Free: 976679K (71%)
----------------- Invoking toplevel() on ptolemy.moml.MoMLSimpleApplication@7673c37
----------------- Done invoking toplevel() on ptolemy.moml.MoMLSimpleApplication@7673c37
reloadAllAccessors: .LazyInnerClass

===========================================================================================
----------------- testing Thu Sep 13 02:06:32 UTC 2018 /home/travis/build/icyphy/ptII/ptolemy/actor/lib/test/auto/LazyPubSub.xml
----------------- Instantiating /home/travis/build/icyphy/ptII/ptolemy/actor/lib/test/auto/LazyPubSub.xml
15 ms. Memory: 1366528K Free: 964191K (71%)
----------------- Invoking toplevel() on ptolemy.moml.MoMLSimpleApplication@2f80ee49
----------------- Done invoking toplevel() on ptolemy.moml.MoMLSimpleApplication@2f80ee49
reloadAllAccessors: .LazyPubSub

===========================================================================================
----------------- testing Thu Sep 13 02:06:32 UTC 2018 /home/travis/build/icyphy/ptII/ptolemy/actor/lib/test/auto/LazyPubSub2.xml
----------------- Instantiating /home/travis/build/icyphy/ptII/ptolemy/actor/lib/test/auto/LazyPubSub2.xml
18 ms. Memory: 1366528K Free: 944927K (69%)
----------------- Invoking toplevel() on ptolemy.moml.MoMLSimpleApplication@7879180e
----------------- Done invoking toplevel() on ptolemy.moml.MoMLSimpleApplication@7879180e
reloadAllAccessors: .LazyPubSub2

===========================================================================================
----------------- testing Thu Sep 13 02:06:32 UTC 2018 /home/travis/build/icyphy/ptII/ptolemy/actor/lib/test/auto/LazyPubSub3.xml
----------------- Instantiating /home/travis/build/icyphy/ptII/ptolemy/actor/lib/test/auto/LazyPubSub3.xml
25 ms. Memory: 1366528K Free: 932439K (68%)
----------------- Invoking toplevel() on ptolemy.moml.MoMLSimpleApplication@6569dd82
----------------- Done invoking toplevel() on ptolemy.moml.MoMLSimpleApplication@6569dd82
reloadAllAccessors: .LazyPubSub3

===========================================================================================
----------------- testing Thu Sep 13 02:06:32 UTC 2018 /home/travis/build/icyphy/ptII/ptolemy/actor/lib/test/auto/LazySubClassModel.xml
----------------- Instantiating /home/travis/build/icyphy/ptII/ptolemy/actor/lib/test/auto/LazySubClassModel.xml
5 ms. Memory: 1366528K Free: 913692K (67%)
----------------- Invoking toplevel() on ptolemy.moml.MoMLSimpleApplication@2404080d
----------------- Done invoking toplevel() on ptolemy.moml.MoMLSimpleApplication@2404080d
reloadAllAccessors: .LazySubClassModel

===========================================================================================
----------------- testing Thu Sep 13 02:06:32 UTC 2018 /home/travis/build/icyphy/ptII/ptolemy/actor/lib/test/auto/LevelCrossTest1.xml
----------------- Instantiating /home/travis/build/icyphy/ptII/ptolemy/actor/lib/test/auto/LevelCrossTest1.xml
1 ms. Memory: 1366528K Free: 894428K (65%)
----------------- Invoking toplevel() on ptolemy.moml.MoMLSimpleApplication@52a5444f
----------------- Done invoking toplevel() on ptolemy.moml.MoMLSimpleApplication@52a5444f
reloadAllAccessors: .broken

===========================================================================================
----------------- testing Thu Sep 13 02:06:32 UTC 2018 /home/travis/build/icyphy/ptII/ptolemy/actor/lib/test/auto/LevelCrossTest10.xml
----------------- Instantiating /home/travis/build/icyphy/ptII/ptolemy/actor/lib/test/auto/LevelCrossTest10.xml
1 ms. Memory: 1366528K Free: 881940K (65%)
----------------- Invoking toplevel() on ptolemy.moml.MoMLSimpleApplication@1f005c52
----------------- Done invoking toplevel() on ptolemy.moml.MoMLSimpleApplication@1f005c52
reloadAllAccessors: .LevelCrossTest10

===========================================================================================
----------------- testing Thu Sep 13 02:06:32 UTC 2018 /home/travis/build/icyphy/ptII/ptolemy/actor/lib/test/auto/LevelCrossTest11.xml
----------------- Instantiating /home/travis/build/icyphy/ptII/ptolemy/actor/lib/test/auto/LevelCrossTest11.xml
1 ms. Memory: 1366528K Free: 869452K (64%)
----------------- Invoking toplevel() on ptolemy.moml.MoMLSimpleApplication@48cf064
----------------- Done invoking toplevel() on ptolemy.moml.MoMLSimpleApplication@48cf064
reloadAllAccessors: .LevelCrossTest11

===========================================================================================
----------------- testing Thu Sep 13 02:06:32 UTC 2018 /home/travis/build/icyphy/ptII/ptolemy/actor/lib/test/auto/LevelCrossTest12.xml
----------------- Instantiating /home/travis/build/icyphy/ptII/ptolemy/actor/lib/test/auto/LevelCrossTest12.xml
1 ms. Memory: 1366528K Free: 850188K (62%)
----------------- Invoking toplevel() on ptolemy.moml.MoMLSimpleApplication@47290650
----------------- Done invoking toplevel() on ptolemy.moml.MoMLSimpleApplication@47290650
reloadAllAccessors: .LevelCrossTest12

===========================================================================================
----------------- testing Thu Sep 13 02:06:32 UTC 2018 /home/travis/build/icyphy/ptII/ptolemy/actor/lib/test/auto/LevelCrossTest13.xml
----------------- Instantiating /home/travis/build/icyphy/ptII/ptolemy/actor/lib/test/auto/LevelCrossTest13.xml
1 ms. Memory: 1366528K Free: 837701K (61%)
----------------- Invoking toplevel() on ptolemy.moml.MoMLSimpleApplication@417d8ea0
----------------- Done invoking toplevel() on ptolemy.moml.MoMLSimpleApplication@417d8ea0
reloadAllAccessors: .LevelCrossTest13

===========================================================================================
----------------- testing Thu Sep 13 02:06:32 UTC 2018 /home/travis/build/icyphy/ptII/ptolemy/actor/lib/test/auto/LevelCrossTest2.xml
----------------- Instantiating /home/travis/build/icyphy/ptII/ptolemy/actor/lib/test/auto/LevelCrossTest2.xml
1 ms. Memory: 1366528K Free: 825213K (60%)
----------------- Invoking toplevel() on ptolemy.moml.MoMLSimpleApplication@89e7944
----------------- Done invoking toplevel() on ptolemy.moml.MoMLSimpleApplication@89e7944
reloadAllAccessors: .broken

===========================================================================================
----------------- testing Thu Sep 13 02:06:32 UTC 2018 /home/travis/build/icyphy/ptII/ptolemy/actor/lib/test/auto/LevelCrossTest3.xml
----------------- Instantiating /home/travis/build/icyphy/ptII/ptolemy/actor/lib/test/auto/LevelCrossTest3.xml
2 ms. Memory: 1366528K Free: 805949K (59%)
----------------- Invoking toplevel() on ptolemy.moml.MoMLSimpleApplication@5d50dfa5
----------------- Done invoking toplevel() on ptolemy.moml.MoMLSimpleApplication@5d50dfa5
reloadAllAccessors: .LevelCrossTest3

===========================================================================================
----------------- testing Thu Sep 13 02:06:32 UTC 2018 /home/travis/build/icyphy/ptII/ptolemy/actor/lib/test/auto/LevelCrossTest4.xml
----------------- Instantiating /home/travis/build/icyphy/ptII/ptolemy/actor/lib/test/auto/LevelCrossTest4.xml
3 ms. Memory: 1366528K Free: 793461K (58%)
----------------- Invoking toplevel() on ptolemy.moml.MoMLSimpleApplication@317f0ee3
----------------- Done invoking toplevel() on ptolemy.moml.MoMLSimpleApplication@317f0ee3
reloadAllAccessors: .broken

===========================================================================================
----------------- testing Thu Sep 13 02:06:32 UTC 2018 /home/travis/build/icyphy/ptII/ptolemy/actor/lib/test/auto/LevelCrossTest5.xml
----------------- Instantiating /home/travis/build/icyphy/ptII/ptolemy/actor/lib/test/auto/LevelCrossTest5.xml
2 ms. Memory: 1366528K Free: 780973K (57%)
----------------- Invoking toplevel() on ptolemy.moml.MoMLSimpleApplication@57b0ed86
----------------- Done invoking toplevel() on ptolemy.moml.MoMLSimpleApplication@57b0ed86
reloadAllAccessors: .LevelCrossTest5

===========================================================================================
----------------- testing Thu Sep 13 02:06:32 UTC 2018 /home/travis/build/icyphy/ptII/ptolemy/actor/lib/test/auto/LevelCrossTest6.xml
----------------- Instantiating /home/travis/build/icyphy/ptII/ptolemy/actor/lib/test/auto/LevelCrossTest6.xml
4 ms. Memory: 1366528K Free: 761709K (56%)
----------------- Invoking toplevel() on ptolemy.moml.MoMLSimpleApplication@60570d3
----------------- Done invoking toplevel() on ptolemy.moml.MoMLSimpleApplication@60570d3
reloadAllAccessors: .LevelCrossTest6

===========================================================================================
----------------- testing Thu Sep 13 02:06:32 UTC 2018 /home/travis/build/icyphy/ptII/ptolemy/actor/lib/test/auto/LevelCrossTest7.xml
----------------- Instantiating /home/travis/build/icyphy/ptII/ptolemy/actor/lib/test/auto/LevelCrossTest7.xml
1 ms. Memory: 1366528K Free: 749221K (55%)
----------------- Invoking toplevel() on ptolemy.moml.MoMLSimpleApplication@30b74c8e
----------------- Done invoking toplevel() on ptolemy.moml.MoMLSimpleApplication@30b74c8e
reloadAllAccessors: .LevelCrossTest7

===========================================================================================
----------------- testing Thu Sep 13 02:06:32 UTC 2018 /home/travis/build/icyphy/ptII/ptolemy/actor/lib/test/auto/LevelCrossTest8.xml
----------------- Instantiating /home/travis/build/icyphy/ptII/ptolemy/actor/lib/test/auto/LevelCrossTest8.xml
1 ms. Memory: 1366528K Free: 736734K (54%)
----------------- Invoking toplevel() on ptolemy.moml.MoMLSimpleApplication@78ccdc51
----------------- Done invoking toplevel() on ptolemy.moml.MoMLSimpleApplication@78ccdc51
reloadAllAccessors: .LevelCrossTest8

===========================================================================================
----------------- testing Thu Sep 13 02:06:32 UTC 2018 /home/travis/build/icyphy/ptII/ptolemy/actor/lib/test/auto/LevelCrossTest9.xml
----------------- Instantiating /home/travis/build/icyphy/ptII/ptolemy/actor/lib/test/auto/LevelCrossTest9.xml
2 ms. Memory: 1366528K Free: 717469K (53%)
----------------- Invoking toplevel() on ptolemy.moml.MoMLSimpleApplication@16496aef
----------------- Done invoking toplevel() on ptolemy.moml.MoMLSimpleApplication@16496aef
reloadAllAccessors: .LevelCrossTest9

===========================================================================================
----------------- testing Thu Sep 13 02:06:32 UTC 2018 /home/travis/build/icyphy/ptII/ptolemy/actor/lib/test/auto/LevinsonDurbin.xml
----------------- Instantiating /home/travis/build/icyphy/ptII/ptolemy/actor/lib/test/auto/LevinsonDurbin.xml
1 ms. Memory: 1366528K Free: 704982K (52%)
----------------- Invoking toplevel() on ptolemy.moml.MoMLSimpleApplication@6d4ec3d1
----------------- Done invoking toplevel() on ptolemy.moml.MoMLSimpleApplication@6d4ec3d1
reloadAllAccessors: .LevinsonDurbin

===========================================================================================
----------------- testing Thu Sep 13 02:06:32 UTC 2018 /home/travis/build/icyphy/ptII/ptolemy/actor/lib/test/auto/LevinsonDurbin2.xml
----------------- Instantiating /home/travis/build/icyphy/ptII/ptolemy/actor/lib/test/auto/LevinsonDurbin2.xml
3 ms. Memory: 1366528K Free: 692494K (51%)
----------------- Invoking toplevel() on ptolemy.moml.MoMLSimpleApplication@6b4dfa3d
----------------- Done invoking toplevel() on ptolemy.moml.MoMLSimpleApplication@6b4dfa3d
reloadAllAccessors: .LevinsonDurbin2

===========================================================================================
----------------- testing Thu Sep 13 02:06:32 UTC 2018 /home/travis/build/icyphy/ptII/ptolemy/actor/lib/test/auto/LevinsonDurbin3.xml
----------------- Instantiating /home/travis/build/icyphy/ptII/ptolemy/actor/lib/test/auto/LevinsonDurbin3.xml
2 ms. Memory: 1366528K Free: 673230K (49%)
----------------- Invoking toplevel() on ptolemy.moml.MoMLSimpleApplication@15ee8d31
----------------- Done invoking toplevel() on ptolemy.moml.MoMLSimpleApplication@15ee8d31
reloadAllAccessors: .LevinsonDurbin3

===========================================================================================
----------------- testing Thu Sep 13 02:06:32 UTC 2018 /home/travis/build/icyphy/ptII/ptolemy/actor/lib/test/auto/Limiter.xml
----------------- Instantiating /home/travis/build/icyphy/ptII/ptolemy/actor/lib/test/auto/Limiter.xml
3 ms. Memory: 1366528K Free: 654498K (48%)
----------------- Invoking toplevel() on ptolemy.moml.MoMLSimpleApplication@5418256f
----------------- Done invoking toplevel() on ptolemy.moml.MoMLSimpleApplication@5418256f
reloadAllAccessors: .Limiter

===========================================================================================
----------------- testing Thu Sep 13 02:06:32 UTC 2018 /home/travis/build/icyphy/ptII/ptolemy/actor/lib/test/auto/LinearDifferenceEquationSystem.xml
----------------- Instantiating /home/travis/build/icyphy/ptII/ptolemy/actor/lib/test/auto/LinearDifferenceEquationSystem.xml
3 ms. Memory: 1366528K Free: 642011K (47%)
----------------- Invoking toplevel() on ptolemy.moml.MoMLSimpleApplication@39b3eb06
----------------- Done invoking toplevel() on ptolemy.moml.MoMLSimpleApplication@39b3eb06
reloadAllAccessors: .LinearDifferenceEquationSystem

===========================================================================================
----------------- testing Thu Sep 13 02:06:32 UTC 2018 /home/travis/build/icyphy/ptII/ptolemy/actor/lib/test/auto/LookupTable.xml
----------------- Instantiating /home/travis/build/icyphy/ptII/ptolemy/actor/lib/test/auto/LookupTable.xml
1 ms. Memory: 1366528K Free: 622747K (46%)
----------------- Invoking toplevel() on ptolemy.moml.MoMLSimpleApplication@2af3563d
----------------- Done invoking toplevel() on ptolemy.moml.MoMLSimpleApplication@2af3563d
reloadAllAccessors: .LookupTable

===========================================================================================
----------------- testing Thu Sep 13 02:06:32 UTC 2018 /home/travis/build/icyphy/ptII/ptolemy/actor/lib/test/auto/MathFunction.xml
----------------- Instantiating /home/travis/build/icyphy/ptII/ptolemy/actor/lib/test/auto/MathFunction.xml
8 ms. Memory: 1366528K Free: 610259K (45%)
----------------- Invoking toplevel() on ptolemy.moml.MoMLSimpleApplication@43ceac5d
----------------- Done invoking toplevel() on ptolemy.moml.MoMLSimpleApplication@43ceac5d
reloadAllAccessors: .MathFunction

===========================================================================================
----------------- testing Thu Sep 13 02:06:32 UTC 2018 /home/travis/build/icyphy/ptII/ptolemy/actor/lib/test/auto/MathFunction2.xml
----------------- Instantiating /home/travis/build/icyphy/ptII/ptolemy/actor/lib/test/auto/MathFunction2.xml
2 ms. Memory: 1366528K Free: 597771K (44%)
----------------- Invoking toplevel() on ptolemy.moml.MoMLSimpleApplication@4e2acd2f
----------------- Done invoking toplevel() on ptolemy.moml.MoMLSimpleApplication@4e2acd2f
reloadAllAccessors: .MathFunction2

===========================================================================================
----------------- testing Thu Sep 13 02:06:32 UTC 2018 /home/travis/build/icyphy/ptII/ptolemy/actor/lib/test/auto/MathFunction3.xml
----------------- Instantiating /home/travis/build/icyphy/ptII/ptolemy/actor/lib/test/auto/MathFunction3.xml
3 ms. Memory: 1366528K Free: 578507K (42%)
----------------- Invoking toplevel() on ptolemy.moml.MoMLSimpleApplication@4baec30
----------------- Done invoking toplevel() on ptolemy.moml.MoMLSimpleApplication@4baec30
reloadAllAccessors: .MathFunction3

===========================================================================================
----------------- testing Thu Sep 13 02:06:32 UTC 2018 /home/travis/build/icyphy/ptII/ptolemy/actor/lib/test/auto/MatrixCropBoolean.xml
----------------- Instantiating /home/travis/build/icyphy/ptII/ptolemy/actor/lib/test/auto/MatrixCropBoolean.xml
2 ms. Memory: 1366528K Free: 566019K (41%)
----------------- Invoking toplevel() on ptolemy.moml.MoMLSimpleApplication@3443ec63
----------------- Done invoking toplevel() on ptolemy.moml.MoMLSimpleApplication@3443ec63
reloadAllAccessors: .MatrixCropBoolean

===========================================================================================
----------------- testing Thu Sep 13 02:06:32 UTC 2018 /home/travis/build/icyphy/ptII/ptolemy/actor/lib/test/auto/MatrixCropComplex.xml
----------------- Instantiating /home/travis/build/icyphy/ptII/ptolemy/actor/lib/test/auto/MatrixCropComplex.xml
2 ms. Memory: 1366528K Free: 553532K (41%)
----------------- Invoking toplevel() on ptolemy.moml.MoMLSimpleApplication@a9988d9
----------------- Done invoking toplevel() on ptolemy.moml.MoMLSimpleApplication@a9988d9
reloadAllAccessors: .MatrixCropComplex

===========================================================================================
----------------- testing Thu Sep 13 02:06:32 UTC 2018 /home/travis/build/icyphy/ptII/ptolemy/actor/lib/test/auto/MatrixCropDouble.xml
----------------- Instantiating /home/travis/build/icyphy/ptII/ptolemy/actor/lib/test/auto/MatrixCropDouble.xml
2 ms. Memory: 1366528K Free: 534267K (39%)
----------------- Invoking toplevel() on ptolemy.moml.MoMLSimpleApplication@33b316f3
----------------- Done invoking toplevel() on ptolemy.moml.MoMLSimpleApplication@33b316f3
reloadAllAccessors: .MatrixCropDouble

===========================================================================================
----------------- testing Thu Sep 13 02:06:32 UTC 2018 /home/travis/build/icyphy/ptII/ptolemy/actor/lib/test/auto/MatrixCropFix.xml
----------------- Instantiating /home/travis/build/icyphy/ptII/ptolemy/actor/lib/test/auto/MatrixCropFix.xml
3 ms. Memory: 1366528K Free: 521780K (38%)
----------------- Invoking toplevel() on ptolemy.moml.MoMLSimpleApplication@7278a199
----------------- Done invoking toplevel() on ptolemy.moml.MoMLSimpleApplication@7278a199
reloadAllAccessors: .MatrixCropFix

===========================================================================================
----------------- testing Thu Sep 13 02:06:32 UTC 2018 /home/travis/build/icyphy/ptII/ptolemy/actor/lib/test/auto/MatrixCropInt.xml
----------------- Instantiating /home/travis/build/icyphy/ptII/ptolemy/actor/lib/test/auto/MatrixCropInt.xml
3 ms. Memory: 1366528K Free: 509292K (37%)
----------------- Invoking toplevel() on ptolemy.moml.MoMLSimpleApplication@1cf96e54
----------------- Done invoking toplevel() on ptolemy.moml.MoMLSimpleApplication@1cf96e54
reloadAllAccessors: .MatrixCropInt

===========================================================================================
----------------- testing Thu Sep 13 02:06:32 UTC 2018 /home/travis/build/icyphy/ptII/ptolemy/actor/lib/test/auto/MatrixCropLong.xml
----------------- Instantiating /home/travis/build/icyphy/ptII/ptolemy/actor/lib/test/auto/MatrixCropLong.xml
2 ms. Memory: 1366528K Free: 490028K (36%)
----------------- Invoking toplevel() on ptolemy.moml.MoMLSimpleApplication@5dca9166
----------------- Done invoking toplevel() on ptolemy.moml.MoMLSimpleApplication@5dca9166
reloadAllAccessors: .MatrixCropLong

===========================================================================================
----------------- testing Thu Sep 13 02:06:32 UTC 2018 /home/travis/build/icyphy/ptII/ptolemy/actor/lib/test/auto/MatrixToArray.xml
----------------- Instantiating /home/travis/build/icyphy/ptII/ptolemy/actor/lib/test/auto/MatrixToArray.xml
8 ms. Memory: 1366528K Free: 465053K (34%)
----------------- Invoking toplevel() on ptolemy.moml.MoMLSimpleApplication@5b9bcb86
----------------- Done invoking toplevel() on ptolemy.moml.MoMLSimpleApplication@5b9bcb86
reloadAllAccessors: .MatrixToArray

===========================================================================================
----------------- testing Thu Sep 13 02:06:32 UTC 2018 /home/travis/build/icyphy/ptII/ptolemy/actor/lib/test/auto/MaxIndex.xml
----------------- Instantiating /home/travis/build/icyphy/ptII/ptolemy/actor/lib/test/auto/MaxIndex.xml
1 ms. Memory: 1366528K Free: 445789K (33%)
----------------- Invoking toplevel() on ptolemy.moml.MoMLSimpleApplication@1fca438
----------------- Done invoking toplevel() on ptolemy.moml.MoMLSimpleApplication@1fca438
reloadAllAccessors: .MaxIndex

===========================================================================================
----------------- testing Thu Sep 13 02:06:32 UTC 2018 /home/travis/build/icyphy/ptII/ptolemy/actor/lib/test/auto/Maximum.xml
----------------- Instantiating /home/travis/build/icyphy/ptII/ptolemy/actor/lib/test/auto/Maximum.xml
6 ms. Memory: 1366528K Free: 433301K (32%)
----------------- Invoking toplevel() on ptolemy.moml.MoMLSimpleApplication@61521671
----------------- Done invoking toplevel() on ptolemy.moml.MoMLSimpleApplication@61521671
reloadAllAccessors: .Maximum

===========================================================================================
----------------- testing Thu Sep 13 02:06:32 UTC 2018 /home/travis/build/icyphy/ptII/ptolemy/actor/lib/test/auto/MaximumComplex.xml
----------------- Instantiating /home/travis/build/icyphy/ptII/ptolemy/actor/lib/test/auto/MaximumComplex.xml
4 ms. Memory: 1366528K Free: 420813K (31%)
----------------- Invoking toplevel() on ptolemy.moml.MoMLSimpleApplication@4aa94476
----------------- Done invoking toplevel() on ptolemy.moml.MoMLSimpleApplication@4aa94476
reloadAllAccessors: .MaximumComplex

===========================================================================================
----------------- testing Thu Sep 13 02:06:32 UTC 2018 /home/travis/build/icyphy/ptII/ptolemy/actor/lib/test/auto/MethodCallTest.xml
----------------- Instantiating /home/travis/build/icyphy/ptII/ptolemy/actor/lib/test/auto/MethodCallTest.xml
2 ms. Memory: 1366528K Free: 401549K (29%)
----------------- Invoking toplevel() on ptolemy.moml.MoMLSimpleApplication@5d28f6f4
----------------- Done invoking toplevel() on ptolemy.moml.MoMLSimpleApplication@5d28f6f4
reloadAllAccessors: .MethodCallTest

===========================================================================================
----------------- testing Thu Sep 13 02:06:32 UTC 2018 /home/travis/build/icyphy/ptII/ptolemy/actor/lib/test/auto/Minimum.xml
----------------- Instantiating /home/travis/build/icyphy/ptII/ptolemy/actor/lib/test/auto/Minimum.xml
3 ms. Memory: 1366528K Free: 389062K (28%)
----------------- Invoking toplevel() on ptolemy.moml.MoMLSimpleApplication@655c77c2
----------------- Done invoking toplevel() on ptolemy.moml.MoMLSimpleApplication@655c77c2
reloadAllAccessors: .Minimum

===========================================================================================
----------------- testing Thu Sep 13 02:06:32 UTC 2018 /home/travis/build/icyphy/ptII/ptolemy/actor/lib/test/auto/MinimumComplex.xml
----------------- Instantiating /home/travis/build/icyphy/ptII/ptolemy/actor/lib/test/auto/MinimumComplex.xml
3 ms. Memory: 1366528K Free: 376574K (28%)
----------------- Invoking toplevel() on ptolemy.moml.MoMLSimpleApplication@5bc20c35
----------------- Done invoking toplevel() on ptolemy.moml.MoMLSimpleApplication@5bc20c35
reloadAllAccessors: .MinimumComplex

===========================================================================================
----------------- testing Thu Sep 13 02:06:33 UTC 2018 /home/travis/build/icyphy/ptII/ptolemy/actor/lib/test/auto/MinimumMultiports.xml
----------------- Instantiating /home/travis/build/icyphy/ptII/ptolemy/actor/lib/test/auto/MinimumMultiports.xml
4 ms. Memory: 1366528K Free: 357310K (26%)
----------------- Invoking toplevel() on ptolemy.moml.MoMLSimpleApplication@5c718603
----------------- Done invoking toplevel() on ptolemy.moml.MoMLSimpleApplication@5c718603
reloadAllAccessors: .MinimumMultiports

===========================================================================================
----------------- testing Thu Sep 13 02:06:33 UTC 2018 /home/travis/build/icyphy/ptII/ptolemy/actor/lib/test/auto/ModifyDate.xml
----------------- Instantiating /home/travis/build/icyphy/ptII/ptolemy/actor/lib/test/auto/ModifyDate.xml
6 ms. Memory: 1366528K Free: 338562K (25%)
----------------- Invoking toplevel() on ptolemy.moml.MoMLSimpleApplication@74ff33bc
----------------- Done invoking toplevel() on ptolemy.moml.MoMLSimpleApplication@74ff33bc
reloadAllAccessors: .ModifyDate

===========================================================================================
----------------- testing Thu Sep 13 02:06:33 UTC 2018 /home/travis/build/icyphy/ptII/ptolemy/actor/lib/test/auto/ModifyDate2.xml
----------------- Instantiating /home/travis/build/icyphy/ptII/ptolemy/actor/lib/test/auto/ModifyDate2.xml
4 ms. Memory: 1366528K Free: 319831K (23%)
----------------- Invoking toplevel() on ptolemy.moml.MoMLSimpleApplication@3fecbd47
----------------- Done invoking toplevel() on ptolemy.moml.MoMLSimpleApplication@3fecbd47
reloadAllAccessors: .ModifyDate2

===========================================================================================
----------------- testing Thu Sep 13 02:06:33 UTC 2018 /home/travis/build/icyphy/ptII/ptolemy/actor/lib/test/auto/MovingAverage.xml
----------------- Instantiating /home/travis/build/icyphy/ptII/ptolemy/actor/lib/test/auto/MovingAverage.xml
3 ms. Memory: 1366528K Free: 300566K (22%)
----------------- Invoking toplevel() on ptolemy.moml.MoMLSimpleApplication@3e606fc8
----------------- Done invoking toplevel() on ptolemy.moml.MoMLSimpleApplication@3e606fc8
reloadAllAccessors: .MovingAverage

===========================================================================================
----------------- testing Thu Sep 13 02:06:33 UTC 2018 /home/travis/build/icyphy/ptII/ptolemy/actor/lib/test/auto/MovingMaximum.xml
----------------- Instantiating /home/travis/build/icyphy/ptII/ptolemy/actor/lib/test/auto/MovingMaximum.xml
1 ms. Memory: 1366528K Free: 288079K (21%)
----------------- Invoking toplevel() on ptolemy.moml.MoMLSimpleApplication@1ddfe218
----------------- Done invoking toplevel() on ptolemy.moml.MoMLSimpleApplication@1ddfe218
reloadAllAccessors: .MovingMaximum

===========================================================================================
----------------- testing Thu Sep 13 02:06:33 UTC 2018 /home/travis/build/icyphy/ptII/ptolemy/actor/lib/test/auto/MultipleLinksToSameRelation.xml
----------------- Instantiating /home/travis/build/icyphy/ptII/ptolemy/actor/lib/test/auto/MultipleLinksToSameRelation.xml
3 ms. Memory: 1366528K Free: 275591K (20%)
----------------- Invoking toplevel() on ptolemy.moml.MoMLSimpleApplication@dedb9cf
----------------- Done invoking toplevel() on ptolemy.moml.MoMLSimpleApplication@dedb9cf
reloadAllAccessors: .MultipleLinksToSameRelation

===========================================================================================
----------------- testing Thu Sep 13 02:06:33 UTC 2018 /home/travis/build/icyphy/ptII/ptolemy/actor/lib/test/auto/MultipleLinksToSameRelationDE.xml
----------------- Instantiating /home/travis/build/icyphy/ptII/ptolemy/actor/lib/test/auto/MultipleLinksToSameRelationDE.xml
5 ms. Memory: 1366528K Free: 256327K (19%)
----------------- Invoking toplevel() on ptolemy.moml.MoMLSimpleApplication@5435c18d
----------------- Done invoking toplevel() on ptolemy.moml.MoMLSimpleApplication@5435c18d
reloadAllAccessors: .MultipleLinksToSameRelationDE

===========================================================================================
----------------- testing Thu Sep 13 02:06:33 UTC 2018 /home/travis/build/icyphy/ptII/ptolemy/actor/lib/test/auto/Multiplexor.xml
----------------- Instantiating /home/travis/build/icyphy/ptII/ptolemy/actor/lib/test/auto/Multiplexor.xml
2 ms. Memory: 1366528K Free: 243840K (18%)
----------------- Invoking toplevel() on ptolemy.moml.MoMLSimpleApplication@a7fccb3
----------------- Done invoking toplevel() on ptolemy.moml.MoMLSimpleApplication@a7fccb3
reloadAllAccessors: .Multiplexor

===========================================================================================
----------------- testing Thu Sep 13 02:06:33 UTC 2018 /home/travis/build/icyphy/ptII/ptolemy/actor/lib/test/auto/Multiplexor1.xml
----------------- Instantiating /home/travis/build/icyphy/ptII/ptolemy/actor/lib/test/auto/Multiplexor1.xml
5 ms. Memory: 1366528K Free: 231352K (17%)
----------------- Invoking toplevel() on ptolemy.moml.MoMLSimpleApplication@160ba02e
----------------- Done invoking toplevel() on ptolemy.moml.MoMLSimpleApplication@160ba02e
reloadAllAccessors: .Multiplexor1

===========================================================================================
----------------- testing Thu Sep 13 02:06:33 UTC 2018 /home/travis/build/icyphy/ptII/ptolemy/actor/lib/test/auto/Multiplexor2.xml
----------------- Instantiating /home/travis/build/icyphy/ptII/ptolemy/actor/lib/test/auto/Multiplexor2.xml
6 ms. Memory: 1366528K Free: 212088K (16%)
----------------- Invoking toplevel() on ptolemy.moml.MoMLSimpleApplication@2f5be268
----------------- Done invoking toplevel() on ptolemy.moml.MoMLSimpleApplication@2f5be268
reloadAllAccessors: .Multiplexor2

===========================================================================================
----------------- testing Thu Sep 13 02:06:33 UTC 2018 /home/travis/build/icyphy/ptII/ptolemy/actor/lib/test/auto/Multiplexor3.xml
----------------- Instantiating /home/travis/build/icyphy/ptII/ptolemy/actor/lib/test/auto/Multiplexor3.xml
2 ms. Memory: 1366528K Free: 199600K (15%)
----------------- Invoking toplevel() on ptolemy.moml.MoMLSimpleApplication@373e4818
----------------- Done invoking toplevel() on ptolemy.moml.MoMLSimpleApplication@373e4818
reloadAllAccessors: .Multiplexor3

===========================================================================================
----------------- testing Thu Sep 13 02:06:33 UTC 2018 /home/travis/build/icyphy/ptII/ptolemy/actor/lib/test/auto/MultiplexorDE.xml
----------------- Instantiating /home/travis/build/icyphy/ptII/ptolemy/actor/lib/test/auto/MultiplexorDE.xml
4 ms. Memory: 1366528K Free: 187113K (14%)
----------------- Invoking toplevel() on ptolemy.moml.MoMLSimpleApplication@73fae9cd
----------------- Done invoking toplevel() on ptolemy.moml.MoMLSimpleApplication@73fae9cd
reloadAllAccessors: .MultiplexorDE

===========================================================================================
----------------- testing Thu Sep 13 02:06:33 UTC 2018 /home/travis/build/icyphy/ptII/ptolemy/actor/lib/test/auto/MultiportBroadcastTest.xml
----------------- Instantiating /home/travis/build/icyphy/ptII/ptolemy/actor/lib/test/auto/MultiportBroadcastTest.xml
90 ms. Memory: 1366528K Free: 167849K (12%)
----------------- Invoking toplevel() on ptolemy.moml.MoMLSimpleApplication@2a35a4a1
----------------- Done invoking toplevel() on ptolemy.moml.MoMLSimpleApplication@2a35a4a1
reloadAllAccessors: .MultiportBroadcastTest

===========================================================================================
----------------- testing Thu Sep 13 02:06:33 UTC 2018 /home/travis/build/icyphy/ptII/ptolemy/actor/lib/test/auto/MultiportOutHangDuringGetWidth.xml
----------------- Instantiating /home/travis/build/icyphy/ptII/ptolemy/actor/lib/test/auto/MultiportOutHangDuringGetWidth.xml
5 ms. Memory: 1366528K Free: 149117K (11%)
----------------- Invoking toplevel() on ptolemy.moml.MoMLSimpleApplication@516dfb15
----------------- Done invoking toplevel() on ptolemy.moml.MoMLSimpleApplication@516dfb15
reloadAllAccessors: .MultiportOutHangDuringGetWidth

===========================================================================================
----------------- testing Thu Sep 13 02:06:33 UTC 2018 /home/travis/build/icyphy/ptII/ptolemy/actor/lib/test/auto/NilToken.xml
----------------- Instantiating /home/travis/build/icyphy/ptII/ptolemy/actor/lib/test/auto/NilToken.xml
1 ms. Memory: 1366528K Free: 136629K (10%)
----------------- Invoking toplevel() on ptolemy.moml.MoMLSimpleApplication@55f8a63b
----------------- Done invoking toplevel() on ptolemy.moml.MoMLSimpleApplication@55f8a63b
reloadAllAccessors: .NilToken

===========================================================================================
----------------- testing Thu Sep 13 02:06:33 UTC 2018 /home/travis/build/icyphy/ptII/ptolemy/actor/lib/test/auto/NilTokenNonStrictTest.xml
----------------- Instantiating /home/travis/build/icyphy/ptII/ptolemy/actor/lib/test/auto/NilTokenNonStrictTest.xml
4 ms. Memory: 1366528K Free: 117366K (9%)
----------------- Invoking toplevel() on ptolemy.moml.MoMLSimpleApplication@c7c04b8
----------------- Done invoking toplevel() on ptolemy.moml.MoMLSimpleApplication@c7c04b8
reloadAllAccessors: .NilTokenNonStrictTest

===========================================================================================
----------------- testing Thu Sep 13 02:06:33 UTC 2018 /home/travis/build/icyphy/ptII/ptolemy/actor/lib/test/auto/NilTokenRecord.xml
----------------- Instantiating /home/travis/build/icyphy/ptII/ptolemy/actor/lib/test/auto/NilTokenRecord.xml
5 ms. Memory: 1366528K Free: 104878K (8%)
----------------- Invoking toplevel() on ptolemy.moml.MoMLSimpleApplication@73894e50
----------------- Done invoking toplevel() on ptolemy.moml.MoMLSimpleApplication@73894e50
reloadAllAccessors: .NilTokenRecord

===========================================================================================
----------------- testing Thu Sep 13 02:06:33 UTC 2018 /home/travis/build/icyphy/ptII/ptolemy/actor/lib/test/auto/NilTokenTypeTest.xml
----------------- Instantiating /home/travis/build/icyphy/ptII/ptolemy/actor/lib/test/auto/NilTokenTypeTest.xml
7 ms. Memory: 1366528K Free: 79706K (6%)
----------------- Invoking toplevel() on ptolemy.moml.MoMLSimpleApplication@a99ef97
----------------- Done invoking toplevel() on ptolemy.moml.MoMLSimpleApplication@a99ef97
reloadAllAccessors: .NilTokenTypeTest

===========================================================================================
----------------- testing Thu Sep 13 02:06:33 UTC 2018 /home/travis/build/icyphy/ptII/ptolemy/actor/lib/test/auto/ObjectToken1.xml
----------------- Instantiating /home/travis/build/icyphy/ptII/ptolemy/actor/lib/test/auto/ObjectToken1.xml
2 ms. Memory: 1553408K Free: 1503988K (97%)
----------------- Invoking toplevel() on ptolemy.moml.MoMLSimpleApplication@5a4119a4
----------------- Done invoking toplevel() on ptolemy.moml.MoMLSimpleApplication@5a4119a4
reloadAllAccessors: .ObjectToken1

===========================================================================================
----------------- testing Thu Sep 13 02:06:33 UTC 2018 /home/travis/build/icyphy/ptII/ptolemy/actor/lib/test/auto/OrderedMerge.xml
----------------- Instantiating /home/travis/build/icyphy/ptII/ptolemy/actor/lib/test/auto/OrderedMerge.xml
13 ms. Memory: 1553408K Free: 1453737K (94%)
----------------- Invoking toplevel() on ptolemy.moml.MoMLSimpleApplication@fed8e1d
----------------- Done invoking toplevel() on ptolemy.moml.MoMLSimpleApplication@fed8e1d
reloadAllAccessors: .OrderedMerge

===========================================================================================
----------------- testing Thu Sep 13 02:06:33 UTC 2018 /home/travis/build/icyphy/ptII/ptolemy/actor/lib/test/auto/OrderedRecordDisassembler.xml
----------------- Instantiating /home/travis/build/icyphy/ptII/ptolemy/actor/lib/test/auto/OrderedRecordDisassembler.xml
3 ms. Memory: 1553408K Free: 1439074K (93%)
----------------- Invoking toplevel() on ptolemy.moml.MoMLSimpleApplication@4da5c08e
----------------- Done invoking toplevel() on ptolemy.moml.MoMLSimpleApplication@4da5c08e
reloadAllAccessors: .OrderedRecordDisassembler

===========================================================================================
----------------- testing Thu Sep 13 02:06:33 UTC 2018 /home/travis/build/icyphy/ptII/ptolemy/actor/lib/test/auto/OrderedRecordDisassembler2.xml
----------------- Instantiating /home/travis/build/icyphy/ptII/ptolemy/actor/lib/test/auto/OrderedRecordDisassembler2.xml
4 ms. Memory: 1553408K Free: 1417895K (91%)
----------------- Invoking toplevel() on ptolemy.moml.MoMLSimpleApplication@58381f65
----------------- Done invoking toplevel() on ptolemy.moml.MoMLSimpleApplication@58381f65
reloadAllAccessors: .OrderedRecordDisassembler2

===========================================================================================
----------------- testing Thu Sep 13 02:06:33 UTC 2018 /home/travis/build/icyphy/ptII/ptolemy/actor/lib/test/auto/OrderedRecordUpdater.xml
----------------- Instantiating /home/travis/build/icyphy/ptII/ptolemy/actor/lib/test/auto/OrderedRecordUpdater.xml
2 ms. Memory: 1553408K Free: 1403359K (90%)
----------------- Invoking toplevel() on ptolemy.moml.MoMLSimpleApplication@3103fc7a
----------------- Done invoking toplevel() on ptolemy.moml.MoMLSimpleApplication@3103fc7a
reloadAllAccessors: .RecordUpdater

===========================================================================================
----------------- testing Thu Sep 13 02:06:33 UTC 2018 /home/travis/build/icyphy/ptII/ptolemy/actor/lib/test/auto/OrderedRecordUpdater2.xml
----------------- Instantiating /home/travis/build/icyphy/ptII/ptolemy/actor/lib/test/auto/OrderedRecordUpdater2.xml
2 ms. Memory: 1553408K Free: 1388824K (89%)
----------------- Invoking toplevel() on ptolemy.moml.MoMLSimpleApplication@6df0e421
----------------- Done invoking toplevel() on ptolemy.moml.MoMLSimpleApplication@6df0e421
reloadAllAccessors: .RecordUpdater2

===========================================================================================
----------------- testing Thu Sep 13 02:06:33 UTC 2018 /home/travis/build/icyphy/ptII/ptolemy/actor/lib/test/auto/PhaseUnwrap.xml
----------------- Instantiating /home/travis/build/icyphy/ptII/ptolemy/actor/lib/test/auto/PhaseUnwrap.xml
1 ms. Memory: 1553408K Free: 1367644K (88%)
----------------- Invoking toplevel() on ptolemy.moml.MoMLSimpleApplication@167792d7
----------------- Done invoking toplevel() on ptolemy.moml.MoMLSimpleApplication@167792d7
reloadAllAccessors: .PhaseUnwrap

===========================================================================================
----------------- testing Thu Sep 13 02:06:33 UTC 2018 /home/travis/build/icyphy/ptII/ptolemy/actor/lib/test/auto/PoissonClock.xml
----------------- Instantiating /home/travis/build/icyphy/ptII/ptolemy/actor/lib/test/auto/PoissonClock.xml
1 ms. Memory: 1553408K Free: 1353109K (87%)
----------------- Invoking toplevel() on ptolemy.moml.MoMLSimpleApplication@31fea587
----------------- Done invoking toplevel() on ptolemy.moml.MoMLSimpleApplication@31fea587
reloadAllAccessors: .PoissonClock

===========================================================================================
----------------- testing Thu Sep 13 02:06:33 UTC 2018 /home/travis/build/icyphy/ptII/ptolemy/actor/lib/test/auto/PoissonClock2.xml
----------------- Instantiating /home/travis/build/icyphy/ptII/ptolemy/actor/lib/test/auto/PoissonClock2.xml
1 ms. Memory: 1553408K Free: 1338573K (86%)
----------------- Invoking toplevel() on ptolemy.moml.MoMLSimpleApplication@3f990a47
----------------- Done invoking toplevel() on ptolemy.moml.MoMLSimpleApplication@3f990a47
reloadAllAccessors: .PoissonClock2

===========================================================================================
----------------- testing Thu Sep 13 02:06:33 UTC 2018 /home/travis/build/icyphy/ptII/ptolemy/actor/lib/test/auto/PoissonClock3.xml
----------------- Instantiating /home/travis/build/icyphy/ptII/ptolemy/actor/lib/test/auto/PoissonClock3.xml
2 ms. Memory: 1553408K Free: 1317394K (85%)
----------------- Invoking toplevel() on ptolemy.moml.MoMLSimpleApplication@28ea997e
----------------- Done invoking toplevel() on ptolemy.moml.MoMLSimpleApplication@28ea997e
reloadAllAccessors: .PoissonClock3

===========================================================================================
----------------- testing Thu Sep 13 02:06:33 UTC 2018 /home/travis/build/icyphy/ptII/ptolemy/actor/lib/test/auto/PubSubWithInitialTokens.xml
----------------- Instantiating /home/travis/build/icyphy/ptII/ptolemy/actor/lib/test/auto/PubSubWithInitialTokens.xml
2 ms. Memory: 1553408K Free: 1302858K (84%)
----------------- Invoking toplevel() on ptolemy.moml.MoMLSimpleApplication@7457c4df
----------------- Done invoking toplevel() on ptolemy.moml.MoMLSimpleApplication@7457c4df
reloadAllAccessors: .PubSubWithInitialTokens

===========================================================================================
----------------- testing Thu Sep 13 02:06:33 UTC 2018 /home/travis/build/icyphy/ptII/ptolemy/actor/lib/test/auto/PubSubWithInitialTokens2.xml
----------------- Instantiating /home/travis/build/icyphy/ptII/ptolemy/actor/lib/test/auto/PubSubWithInitialTokens2.xml
2 ms. Memory: 1553408K Free: 1288322K (83%)
----------------- Invoking toplevel() on ptolemy.moml.MoMLSimpleApplication@147ab93a
----------------- Done invoking toplevel() on ptolemy.moml.MoMLSimpleApplication@147ab93a
reloadAllAccessors: .PubSubWithInitialTokens2

===========================================================================================
----------------- testing Thu Sep 13 02:06:33 UTC 2018 /home/travis/build/icyphy/ptII/ptolemy/actor/lib/test/auto/PublisherClassNoParameter.xml
----------------- Instantiating /home/travis/build/icyphy/ptII/ptolemy/actor/lib/test/auto/PublisherClassNoParameter.xml
2 ms. Memory: 1553408K Free: 1259860K (81%)
----------------- Invoking toplevel() on ptolemy.moml.MoMLSimpleApplication@7208e75a
----------------- Done invoking toplevel() on ptolemy.moml.MoMLSimpleApplication@7208e75a
reloadAllAccessors: .PublisherClassNoParameter

===========================================================================================
----------------- testing Thu Sep 13 02:06:33 UTC 2018 /home/travis/build/icyphy/ptII/ptolemy/actor/lib/test/auto/PublisherClassParameter.xml
----------------- Instantiating /home/travis/build/icyphy/ptII/ptolemy/actor/lib/test/auto/PublisherClassParameter.xml
2 ms. Memory: 1553408K Free: 1238040K (80%)
----------------- Invoking toplevel() on ptolemy.moml.MoMLSimpleApplication@6f9d6265
----------------- Done invoking toplevel() on ptolemy.moml.MoMLSimpleApplication@6f9d6265
reloadAllAccessors: .PublisherClassParameter

===========================================================================================
----------------- testing Thu Sep 13 02:06:33 UTC 2018 /home/travis/build/icyphy/ptII/ptolemy/actor/lib/test/auto/PublisherNonStrictTest.xml
----------------- Instantiating /home/travis/build/icyphy/ptII/ptolemy/actor/lib/test/auto/PublisherNonStrictTest.xml
3 ms. Memory: 1553408K Free: 1216861K (78%)
----------------- Invoking toplevel() on ptolemy.moml.MoMLSimpleApplication@4df6658c
----------------- Done invoking toplevel() on ptolemy.moml.MoMLSimpleApplication@4df6658c
reloadAllAccessors: .PublisherNonStrictTest

===========================================================================================
----------------- testing Thu Sep 13 02:06:33 UTC 2018 /home/travis/build/icyphy/ptII/ptolemy/actor/lib/test/auto/PublisherPort1.xml
----------------- Instantiating /home/travis/build/icyphy/ptII/ptolemy/actor/lib/test/auto/PublisherPort1.xml
3 ms. Memory: 1553408K Free: 1202325K (77%)
----------------- Invoking toplevel() on ptolemy.moml.MoMLSimpleApplication@7c9b2d40
----------------- Done invoking toplevel() on ptolemy.moml.MoMLSimpleApplication@7c9b2d40
reloadAllAccessors: .PublisherPort1

===========================================================================================
----------------- testing Thu Sep 13 02:06:33 UTC 2018 /home/travis/build/icyphy/ptII/ptolemy/actor/lib/test/auto/PublisherPort2.xml
----------------- Instantiating /home/travis/build/icyphy/ptII/ptolemy/actor/lib/test/auto/PublisherPort2.xml
1 ms. Memory: 1553408K Free: 1187790K (76%)
----------------- Invoking toplevel() on ptolemy.moml.MoMLSimpleApplication@2659f130
----------------- Done invoking toplevel() on ptolemy.moml.MoMLSimpleApplication@2659f130
reloadAllAccessors: .PublisherPort2

===========================================================================================
----------------- testing Thu Sep 13 02:06:33 UTC 2018 /home/travis/build/icyphy/ptII/ptolemy/actor/lib/test/auto/PublisherPort3.xml
----------------- Instantiating /home/travis/build/icyphy/ptII/ptolemy/actor/lib/test/auto/PublisherPort3.xml
9 ms. Memory: 1553408K Free: 1166610K (75%)
----------------- Invoking toplevel() on ptolemy.moml.MoMLSimpleApplication@5b34418d
----------------- Done invoking toplevel() on ptolemy.moml.MoMLSimpleApplication@5b34418d
reloadAllAccessors: .PublisherPort3

===========================================================================================
----------------- testing Thu Sep 13 02:06:33 UTC 2018 /home/travis/build/icyphy/ptII/ptolemy/actor/lib/test/auto/PublisherPort4.xml
----------------- Instantiating /home/travis/build/icyphy/ptII/ptolemy/actor/lib/test/auto/PublisherPort4.xml
2 ms. Memory: 1553408K Free: 1152075K (74%)
----------------- Invoking toplevel() on ptolemy.moml.MoMLSimpleApplication@1d09c11b
----------------- Done invoking toplevel() on ptolemy.moml.MoMLSimpleApplication@1d09c11b
reloadAllAccessors: .PublisherPort4

===========================================================================================
----------------- testing Thu Sep 13 02:06:33 UTC 2018 /home/travis/build/icyphy/ptII/ptolemy/actor/lib/test/auto/PublisherPort5.xml
----------------- Instantiating /home/travis/build/icyphy/ptII/ptolemy/actor/lib/test/auto/PublisherPort5.xml
3 ms. Memory: 1553408K Free: 1137539K (73%)
----------------- Invoking toplevel() on ptolemy.moml.MoMLSimpleApplication@6065bd6d
----------------- Done invoking toplevel() on ptolemy.moml.MoMLSimpleApplication@6065bd6d
reloadAllAccessors: .PublisherPort5

===========================================================================================
----------------- testing Thu Sep 13 02:06:33 UTC 2018 /home/travis/build/icyphy/ptII/ptolemy/actor/lib/test/auto/PublisherPort5LookAlike.xml
----------------- Instantiating /home/travis/build/icyphy/ptII/ptolemy/actor/lib/test/auto/PublisherPort5LookAlike.xml
6 ms. Memory: 1553408K Free: 1116360K (72%)
----------------- Invoking toplevel() on ptolemy.moml.MoMLSimpleApplication@67b18a8b
----------------- Done invoking toplevel() on ptolemy.moml.MoMLSimpleApplication@67b18a8b
reloadAllAccessors: .PublisherPort5LookAlike

===========================================================================================
----------------- testing Thu Sep 13 02:06:33 UTC 2018 /home/travis/build/icyphy/ptII/ptolemy/actor/lib/test/auto/PublisherPort6.xml
----------------- Instantiating /home/travis/build/icyphy/ptII/ptolemy/actor/lib/test/auto/PublisherPort6.xml
1 ms. Memory: 1553408K Free: 1101824K (71%)
----------------- Invoking toplevel() on ptolemy.moml.MoMLSimpleApplication@7b24d52e
----------------- Done invoking toplevel() on ptolemy.moml.MoMLSimpleApplication@7b24d52e
reloadAllAccessors: .PublisherPort6

===========================================================================================
----------------- testing Thu Sep 13 02:06:33 UTC 2018 /home/travis/build/icyphy/ptII/ptolemy/actor/lib/test/auto/PublisherPort7.xml
----------------- Instantiating /home/travis/build/icyphy/ptII/ptolemy/actor/lib/test/auto/PublisherPort7.xml
3 ms. Memory: 1553408K Free: 1087288K (70%)
----------------- Invoking toplevel() on ptolemy.moml.MoMLSimpleApplication@360946f3
----------------- Done invoking toplevel() on ptolemy.moml.MoMLSimpleApplication@360946f3
reloadAllAccessors: .PublisherPort7

===========================================================================================
----------------- testing Thu Sep 13 02:06:34 UTC 2018 /home/travis/build/icyphy/ptII/ptolemy/actor/lib/test/auto/PublisherPort8.xml
----------------- Instantiating /home/travis/build/icyphy/ptII/ptolemy/actor/lib/test/auto/PublisherPort8.xml
4 ms. Memory: 1553408K Free: 1066109K (69%)
----------------- Invoking toplevel() on ptolemy.moml.MoMLSimpleApplication@73195648
----------------- Done invoking toplevel() on ptolemy.moml.MoMLSimpleApplication@73195648
reloadAllAccessors: .PublisherPort8

===========================================================================================
----------------- testing Thu Sep 13 02:06:34 UTC 2018 /home/travis/build/icyphy/ptII/ptolemy/actor/lib/test/auto/PublisherPortSubscriberChannelVariablesAOC2.xml
----------------- Instantiating /home/travis/build/icyphy/ptII/ptolemy/actor/lib/test/auto/PublisherPortSubscriberChannelVariablesAOC2.xml
2 ms. Memory: 1553408K Free: 1037014K (67%)
----------------- Invoking toplevel() on ptolemy.moml.MoMLSimpleApplication@28e95953
----------------- Done invoking toplevel() on ptolemy.moml.MoMLSimpleApplication@28e95953
reloadAllAccessors: .PublisherPortSubscriberChannelVariablesAOC2

===========================================================================================
----------------- testing Thu Sep 13 02:06:34 UTC 2018 /home/travis/build/icyphy/ptII/ptolemy/actor/lib/test/auto/PublisherPortSubscriberOpaqueWidthInference.xml
----------------- Instantiating /home/travis/build/icyphy/ptII/ptolemy/actor/lib/test/auto/PublisherPortSubscriberOpaqueWidthInference.xml
3 ms. Memory: 1553408K Free: 1022478K (66%)
----------------- Invoking toplevel() on ptolemy.moml.MoMLSimpleApplication@5560ed7e
----------------- Done invoking toplevel() on ptolemy.moml.MoMLSimpleApplication@5560ed7e
reloadAllAccessors: .PublisherPortSubscriberOpaqueWidthInference

===========================================================================================
----------------- testing Thu Sep 13 02:06:34 UTC 2018 /home/travis/build/icyphy/ptII/ptolemy/actor/lib/test/auto/PublisherPortSubscriberPortAdjacent.xml
----------------- Instantiating /home/travis/build/icyphy/ptII/ptolemy/actor/lib/test/auto/PublisherPortSubscriberPortAdjacent.xml
2 ms. Memory: 1553408K Free: 1001299K (64%)
----------------- Invoking toplevel() on ptolemy.moml.MoMLSimpleApplication@3aad6116
----------------- Done invoking toplevel() on ptolemy.moml.MoMLSimpleApplication@3aad6116
reloadAllAccessors: .PublisherPortSubscriberPortAdjacent

===========================================================================================
----------------- testing Thu Sep 13 02:06:34 UTC 2018 /home/travis/build/icyphy/ptII/ptolemy/actor/lib/test/auto/PublisherPortSubscriberPortExpression.xml
----------------- Instantiating /home/travis/build/icyphy/ptII/ptolemy/actor/lib/test/auto/PublisherPortSubscriberPortExpression.xml
3 ms. Memory: 1553408K Free: 986763K (64%)
----------------- Invoking toplevel() on ptolemy.moml.MoMLSimpleApplication@ae01901
----------------- Done invoking toplevel() on ptolemy.moml.MoMLSimpleApplication@ae01901
reloadAllAccessors: .PublisherPortSubscriberPortExpression

===========================================================================================
----------------- testing Thu Sep 13 02:06:34 UTC 2018 /home/travis/build/icyphy/ptII/ptolemy/actor/lib/test/auto/PublisherPortSubscriberPortOpaqueD3Reverse.xml
----------------- Instantiating /home/travis/build/icyphy/ptII/ptolemy/actor/lib/test/auto/PublisherPortSubscriberPortOpaqueD3Reverse.xml
5 ms. Memory: 1553408K Free: 965584K (62%)
----------------- Invoking toplevel() on ptolemy.moml.MoMLSimpleApplication@4fdd6b88
----------------- Done invoking toplevel() on ptolemy.moml.MoMLSimpleApplication@4fdd6b88
reloadAllAccessors: .PublisherPortSubscriberPortOpaqueD3Reverse

===========================================================================================
----------------- testing Thu Sep 13 02:06:34 UTC 2018 /home/travis/build/icyphy/ptII/ptolemy/actor/lib/test/auto/PublisherPortSubscriberPortOpaqueWidthInference.xml
----------------- Instantiating /home/travis/build/icyphy/ptII/ptolemy/actor/lib/test/auto/PublisherPortSubscriberPortOpaqueWidthInference.xml
3 ms. Memory: 1553408K Free: 951049K (61%)
----------------- Invoking toplevel() on ptolemy.moml.MoMLSimpleApplication@d2d744e
----------------- Done invoking toplevel() on ptolemy.moml.MoMLSimpleApplication@d2d744e
reloadAllAccessors: .PublisherPortSubscriberPortOpaqueWidthInference

===========================================================================================
----------------- testing Thu Sep 13 02:06:34 UTC 2018 /home/travis/build/icyphy/ptII/ptolemy/actor/lib/test/auto/PublisherPortToplevelSubscriberPortAOC.xml
----------------- Instantiating /home/travis/build/icyphy/ptII/ptolemy/actor/lib/test/auto/PublisherPortToplevelSubscriberPortAOC.xml
.PublisherPortToplevelSubscriberPortAOC.TestExceptionAttribute: initialize() was not invoked, but wrapup() was.  This is unusual, but not always a problem.  For example, exporting JNLP will do this.
0 ms. Memory: 1553408K Free: 936513K (60%)
----------------- Invoking toplevel() on ptolemy.moml.MoMLSimpleApplication@6c5d0ffb
----------------- Done invoking toplevel() on ptolemy.moml.MoMLSimpleApplication@6c5d0ffb
reloadAllAccessors: .PublisherPortToplevelSubscriberPortAOC

===========================================================================================
----------------- testing Thu Sep 13 02:06:34 UTC 2018 /home/travis/build/icyphy/ptII/ptolemy/actor/lib/test/auto/PublisherSubscriber.xml
----------------- Instantiating /home/travis/build/icyphy/ptII/ptolemy/actor/lib/test/auto/PublisherSubscriber.xml
2 ms. Memory: 1553408K Free: 915334K (59%)
----------------- Invoking toplevel() on ptolemy.moml.MoMLSimpleApplication@4854c3b8
----------------- Done invoking toplevel() on ptolemy.moml.MoMLSimpleApplication@4854c3b8
reloadAllAccessors: .PublisherSubscriber

===========================================================================================
----------------- testing Thu Sep 13 02:06:34 UTC 2018 /home/travis/build/icyphy/ptII/ptolemy/actor/lib/test/auto/PublisherSubscriber10.xml
----------------- Instantiating /home/travis/build/icyphy/ptII/ptolemy/actor/lib/test/auto/PublisherSubscriber10.xml
6 ms. Memory: 1553408K Free: 900798K (58%)
----------------- Invoking toplevel() on ptolemy.moml.MoMLSimpleApplication@6120f62f
----------------- Done invoking toplevel() on ptolemy.moml.MoMLSimpleApplication@6120f62f
reloadAllAccessors: .PublisherSubscriber10

===========================================================================================
----------------- testing Thu Sep 13 02:06:34 UTC 2018 /home/travis/build/icyphy/ptII/ptolemy/actor/lib/test/auto/PublisherSubscriber10InitialOutputs.xml
----------------- Instantiating /home/travis/build/icyphy/ptII/ptolemy/actor/lib/test/auto/PublisherSubscriber10InitialOutputs.xml
7 ms. Memory: 1553408K Free: 886263K (57%)
----------------- Invoking toplevel() on ptolemy.moml.MoMLSimpleApplication@44b6d797
----------------- Done invoking toplevel() on ptolemy.moml.MoMLSimpleApplication@44b6d797
reloadAllAccessors: .PublisherSubscriber10InitialOutputs

===========================================================================================
----------------- testing Thu Sep 13 02:06:34 UTC 2018 /home/travis/build/icyphy/ptII/ptolemy/actor/lib/test/auto/PublisherSubscriber11.xml
----------------- Instantiating /home/travis/build/icyphy/ptII/ptolemy/actor/lib/test/auto/PublisherSubscriber11.xml
4 ms. Memory: 1553408K Free: 865083K (56%)
----------------- Invoking toplevel() on ptolemy.moml.MoMLSimpleApplication@397938ee
----------------- Done invoking toplevel() on ptolemy.moml.MoMLSimpleApplication@397938ee
reloadAllAccessors: .PublisherSubscriber11

===========================================================================================
----------------- testing Thu Sep 13 02:06:34 UTC 2018 /home/travis/build/icyphy/ptII/ptolemy/actor/lib/test/auto/PublisherSubscriber12.xml
----------------- Instantiating /home/travis/build/icyphy/ptII/ptolemy/actor/lib/test/auto/PublisherSubscriber12.xml
5 ms. Memory: 1553408K Free: 850548K (55%)
----------------- Invoking toplevel() on ptolemy.moml.MoMLSimpleApplication@952f118
----------------- Done invoking toplevel() on ptolemy.moml.MoMLSimpleApplication@952f118
reloadAllAccessors: .PublisherSubscriber12

===========================================================================================
----------------- testing Thu Sep 13 02:06:34 UTC 2018 /home/travis/build/icyphy/ptII/ptolemy/actor/lib/test/auto/PublisherSubscriber13.xml
----------------- Instantiating /home/travis/build/icyphy/ptII/ptolemy/actor/lib/test/auto/PublisherSubscriber13.xml
3 ms. Memory: 1553408K Free: 836012K (54%)
----------------- Invoking toplevel() on ptolemy.moml.MoMLSimpleApplication@65852e76
----------------- Done invoking toplevel() on ptolemy.moml.MoMLSimpleApplication@65852e76
reloadAllAccessors: .PublisherSubscriber13

===========================================================================================
----------------- testing Thu Sep 13 02:06:34 UTC 2018 /home/travis/build/icyphy/ptII/ptolemy/actor/lib/test/auto/PublisherSubscriber14.xml
----------------- Instantiating /home/travis/build/icyphy/ptII/ptolemy/actor/lib/test/auto/PublisherSubscriber14.xml
2 ms. Memory: 1553408K Free: 814833K (52%)
----------------- Invoking toplevel() on ptolemy.moml.MoMLSimpleApplication@61ff4135
----------------- Done invoking toplevel() on ptolemy.moml.MoMLSimpleApplication@61ff4135
reloadAllAccessors: .PublisherSubscriber14

===========================================================================================
----------------- testing Thu Sep 13 02:06:34 UTC 2018 /home/travis/build/icyphy/ptII/ptolemy/actor/lib/test/auto/PublisherSubscriber2.xml
----------------- Instantiating /home/travis/build/icyphy/ptII/ptolemy/actor/lib/test/auto/PublisherSubscriber2.xml
3 ms. Memory: 1553408K Free: 800297K (52%)
----------------- Invoking toplevel() on ptolemy.moml.MoMLSimpleApplication@1ef8ed4
----------------- Done invoking toplevel() on ptolemy.moml.MoMLSimpleApplication@1ef8ed4
reloadAllAccessors: .PublisherSubscriber2

===========================================================================================
----------------- testing Thu Sep 13 02:06:34 UTC 2018 /home/travis/build/icyphy/ptII/ptolemy/actor/lib/test/auto/PublisherSubscriber3.xml
----------------- Instantiating /home/travis/build/icyphy/ptII/ptolemy/actor/lib/test/auto/PublisherSubscriber3.xml
2 ms. Memory: 1553408K Free: 779118K (50%)
----------------- Invoking toplevel() on ptolemy.moml.MoMLSimpleApplication@293357f7
----------------- Done invoking toplevel() on ptolemy.moml.MoMLSimpleApplication@293357f7
reloadAllAccessors: .PublisherSubscriber3

===========================================================================================
----------------- testing Thu Sep 13 02:06:34 UTC 2018 /home/travis/build/icyphy/ptII/ptolemy/actor/lib/test/auto/PublisherSubscriber4.xml
----------------- Instantiating /home/travis/build/icyphy/ptII/ptolemy/actor/lib/test/auto/PublisherSubscriber4.xml
2 ms. Memory: 1553408K Free: 764582K (49%)
----------------- Invoking toplevel() on ptolemy.moml.MoMLSimpleApplication@369ae49
----------------- Done invoking toplevel() on ptolemy.moml.MoMLSimpleApplication@369ae49
reloadAllAccessors: .PublisherSubscriber4

===========================================================================================
----------------- testing Thu Sep 13 02:06:34 UTC 2018 /home/travis/build/icyphy/ptII/ptolemy/actor/lib/test/auto/PublisherSubscriber5.xml
----------------- Instantiating /home/travis/build/icyphy/ptII/ptolemy/actor/lib/test/auto/PublisherSubscriber5.xml
2 ms. Memory: 1553408K Free: 750047K (48%)
----------------- Invoking toplevel() on ptolemy.moml.MoMLSimpleApplication@2059e292
----------------- Done invoking toplevel() on ptolemy.moml.MoMLSimpleApplication@2059e292
reloadAllAccessors: .PublisherSubscriber5

===========================================================================================
----------------- testing Thu Sep 13 02:06:34 UTC 2018 /home/travis/build/icyphy/ptII/ptolemy/actor/lib/test/auto/PublisherSubscriber6.xml
----------------- Instantiating /home/travis/build/icyphy/ptII/ptolemy/actor/lib/test/auto/PublisherSubscriber6.xml
4 ms. Memory: 1553408K Free: 728867K (47%)
----------------- Invoking toplevel() on ptolemy.moml.MoMLSimpleApplication@5bd38638
----------------- Done invoking toplevel() on ptolemy.moml.MoMLSimpleApplication@5bd38638
reloadAllAccessors: .PublisherSubscriber6

===========================================================================================
----------------- testing Thu Sep 13 02:06:34 UTC 2018 /home/travis/build/icyphy/ptII/ptolemy/actor/lib/test/auto/PublisherSubscriber7.xml
----------------- Instantiating /home/travis/build/icyphy/ptII/ptolemy/actor/lib/test/auto/PublisherSubscriber7.xml
6 ms. Memory: 1553408K Free: 714332K (46%)
----------------- Invoking toplevel() on ptolemy.moml.MoMLSimpleApplication@54ef2b0
----------------- Done invoking toplevel() on ptolemy.moml.MoMLSimpleApplication@54ef2b0
reloadAllAccessors: .PublisherSubscriber7

===========================================================================================
----------------- testing Thu Sep 13 02:06:34 UTC 2018 /home/travis/build/icyphy/ptII/ptolemy/actor/lib/test/auto/PublisherSubscriber8.xml
----------------- Instantiating /home/travis/build/icyphy/ptII/ptolemy/actor/lib/test/auto/PublisherSubscriber8.xml
12 ms. Memory: 1553408K Free: 627117K (40%)
----------------- Invoking toplevel() on ptolemy.moml.MoMLSimpleApplication@b72b0a7
----------------- Done invoking toplevel() on ptolemy.moml.MoMLSimpleApplication@b72b0a7
reloadAllAccessors: .PublisherSubscriber8

===========================================================================================
----------------- testing Thu Sep 13 02:06:34 UTC 2018 /home/travis/build/icyphy/ptII/ptolemy/actor/lib/test/auto/PublisherSubscriber9.xml
----------------- Instantiating /home/travis/build/icyphy/ptII/ptolemy/actor/lib/test/auto/PublisherSubscriber9.xml
2 ms. Memory: 1553408K Free: 605938K (39%)
----------------- Invoking toplevel() on ptolemy.moml.MoMLSimpleApplication@7c8c141b
----------------- Done invoking toplevel() on ptolemy.moml.MoMLSimpleApplication@7c8c141b
reloadAllAccessors: .PublisherSubscriber9

===========================================================================================
----------------- testing Thu Sep 13 02:06:34 UTC 2018 /home/travis/build/icyphy/ptII/ptolemy/actor/lib/test/auto/PublisherSubscriberAdjacent.xml
----------------- Instantiating /home/travis/build/icyphy/ptII/ptolemy/actor/lib/test/auto/PublisherSubscriberAdjacent.xml
2 ms. Memory: 1553408K Free: 591402K (38%)
----------------- Invoking toplevel() on ptolemy.moml.MoMLSimpleApplication@6b896b39
----------------- Done invoking toplevel() on ptolemy.moml.MoMLSimpleApplication@6b896b39
reloadAllAccessors: .PublisherSubscriberAdjacent

===========================================================================================
----------------- testing Thu Sep 13 02:06:34 UTC 2018 /home/travis/build/icyphy/ptII/ptolemy/actor/lib/test/auto/PublisherSubscriberChannelVariablesAOC2.xml
----------------- Instantiating /home/travis/build/icyphy/ptII/ptolemy/actor/lib/test/auto/PublisherSubscriberChannelVariablesAOC2.xml
3 ms. Memory: 1553408K Free: 562955K (36%)
----------------- Invoking toplevel() on ptolemy.moml.MoMLSimpleApplication@30764300
----------------- Done invoking toplevel() on ptolemy.moml.MoMLSimpleApplication@30764300
reloadAllAccessors: .PublisherSubscriberChannelVariablesAOC2

===========================================================================================
----------------- testing Thu Sep 13 02:06:34 UTC 2018 /home/travis/build/icyphy/ptII/ptolemy/actor/lib/test/auto/PublisherSubscriberD3.xml
----------------- Instantiating /home/travis/build/icyphy/ptII/ptolemy/actor/lib/test/auto/PublisherSubscriberD3.xml
1 ms. Memory: 1553408K Free: 548419K (35%)
----------------- Invoking toplevel() on ptolemy.moml.MoMLSimpleApplication@78cbdb77
----------------- Done invoking toplevel() on ptolemy.moml.MoMLSimpleApplication@78cbdb77
reloadAllAccessors: .PublisherSubscriberD3

===========================================================================================
----------------- testing Thu Sep 13 02:06:34 UTC 2018 /home/travis/build/icyphy/ptII/ptolemy/actor/lib/test/auto/PublisherSubscriberD3Reverse.xml
----------------- Instantiating /home/travis/build/icyphy/ptII/ptolemy/actor/lib/test/auto/PublisherSubscriberD3Reverse.xml
2 ms. Memory: 1553408K Free: 533884K (34%)
----------------- Invoking toplevel() on ptolemy.moml.MoMLSimpleApplication@6a105e2c
----------------- Done invoking toplevel() on ptolemy.moml.MoMLSimpleApplication@6a105e2c
reloadAllAccessors: .PublisherSubscriberD3Reverse

===========================================================================================
----------------- testing Thu Sep 13 02:06:34 UTC 2018 /home/travis/build/icyphy/ptII/ptolemy/actor/lib/test/auto/PublisherSubscriberExpression.xml
----------------- Instantiating /home/travis/build/icyphy/ptII/ptolemy/actor/lib/test/auto/PublisherSubscriberExpression.xml
3 ms. Memory: 1553408K Free: 512704K (33%)
----------------- Invoking toplevel() on ptolemy.moml.MoMLSimpleApplication@76299cc5
----------------- Done invoking toplevel() on ptolemy.moml.MoMLSimpleApplication@76299cc5
reloadAllAccessors: .PublisherSubscriberExpression

===========================================================================================
----------------- testing Thu Sep 13 02:06:34 UTC 2018 /home/travis/build/icyphy/ptII/ptolemy/actor/lib/test/auto/PublisherSubscriberOpaque.xml
----------------- Instantiating /home/travis/build/icyphy/ptII/ptolemy/actor/lib/test/auto/PublisherSubscriberOpaque.xml
3 ms. Memory: 1553408K Free: 498169K (32%)
----------------- Invoking toplevel() on ptolemy.moml.MoMLSimpleApplication@227e796e
----------------- Done invoking toplevel() on ptolemy.moml.MoMLSimpleApplication@227e796e
reloadAllAccessors: .PublisherSubscriberOpaque

===========================================================================================
----------------- testing Thu Sep 13 02:06:34 UTC 2018 /home/travis/build/icyphy/ptII/ptolemy/actor/lib/test/auto/PublisherSubscriberOpaqueD3.xml
----------------- Instantiating /home/travis/build/icyphy/ptII/ptolemy/actor/lib/test/auto/PublisherSubscriberOpaqueD3.xml
5 ms. Memory: 1553408K Free: 476349K (31%)
----------------- Invoking toplevel() on ptolemy.moml.MoMLSimpleApplication@7d2a64fe
----------------- Done invoking toplevel() on ptolemy.moml.MoMLSimpleApplication@7d2a64fe
reloadAllAccessors: .PublisherSubscriberOpaqueD3

===========================================================================================
----------------- testing Thu Sep 13 02:06:34 UTC 2018 /home/travis/build/icyphy/ptII/ptolemy/actor/lib/test/auto/PublisherSubscriberOpaqueD3Reverse.xml
----------------- Instantiating /home/travis/build/icyphy/ptII/ptolemy/actor/lib/test/auto/PublisherSubscriberOpaqueD3Reverse.xml
6 ms. Memory: 1553408K Free: 455170K (29%)
----------------- Invoking toplevel() on ptolemy.moml.MoMLSimpleApplication@435962ed
----------------- Done invoking toplevel() on ptolemy.moml.MoMLSimpleApplication@435962ed
reloadAllAccessors: .PublisherSubscriberOpaqueD3Reverse

===========================================================================================
----------------- testing Thu Sep 13 02:06:34 UTC 2018 /home/travis/build/icyphy/ptII/ptolemy/actor/lib/test/auto/PublisherSubscriberOpaqueWidthInference.xml
----------------- Instantiating /home/travis/build/icyphy/ptII/ptolemy/actor/lib/test/auto/PublisherSubscriberOpaqueWidthInference.xml
5 ms. Memory: 1553408K Free: 440634K (28%)
----------------- Invoking toplevel() on ptolemy.moml.MoMLSimpleApplication@46e4138
----------------- Done invoking toplevel() on ptolemy.moml.MoMLSimpleApplication@46e4138
reloadAllAccessors: .PublisherSubscriberOpaqueWidthInference

===========================================================================================
----------------- testing Thu Sep 13 02:06:34 UTC 2018 /home/travis/build/icyphy/ptII/ptolemy/actor/lib/test/auto/PublisherTestSubscriber.xml
----------------- Instantiating /home/travis/build/icyphy/ptII/ptolemy/actor/lib/test/auto/PublisherTestSubscriber.xml
2 ms. Memory: 1553408K Free: 426099K (27%)
----------------- Invoking toplevel() on ptolemy.moml.MoMLSimpleApplication@2a7b66db
----------------- Done invoking toplevel() on ptolemy.moml.MoMLSimpleApplication@2a7b66db
reloadAllAccessors: .PublisherTestSubscriber

===========================================================================================
----------------- testing Thu Sep 13 02:06:34 UTC 2018 /home/travis/build/icyphy/ptII/ptolemy/actor/lib/test/auto/PublisherToplevelSubscriberPortAOC.xml
----------------- Instantiating /home/travis/build/icyphy/ptII/ptolemy/actor/lib/test/auto/PublisherToplevelSubscriberPortAOC.xml
1 ms. Memory: 1553408K Free: 404920K (26%)
----------------- Invoking toplevel() on ptolemy.moml.MoMLSimpleApplication@140bafe9
----------------- Done invoking toplevel() on ptolemy.moml.MoMLSimpleApplication@140bafe9
reloadAllAccessors: .PublisherToplevelSubscriberPortAOC

===========================================================================================
----------------- testing Thu Sep 13 02:06:34 UTC 2018 /home/travis/build/icyphy/ptII/ptolemy/actor/lib/test/auto/PulseFiringLimitDE.xml
----------------- Instantiating /home/travis/build/icyphy/ptII/ptolemy/actor/lib/test/auto/PulseFiringLimitDE.xml
2 ms. Memory: 1553408K Free: 390384K (25%)
----------------- Invoking toplevel() on ptolemy.moml.MoMLSimpleApplication@6af2ffd9
----------------- Done invoking toplevel() on ptolemy.moml.MoMLSimpleApplication@6af2ffd9
reloadAllAccessors: .PulseFiringLimitDE

===========================================================================================
----------------- testing Thu Sep 13 02:06:34 UTC 2018 /home/travis/build/icyphy/ptII/ptolemy/actor/lib/test/auto/Ramp1.xml
----------------- Instantiating /home/travis/build/icyphy/ptII/ptolemy/actor/lib/test/auto/Ramp1.xml
1 ms. Memory: 1553408K Free: 369205K (24%)
----------------- Invoking toplevel() on ptolemy.moml.MoMLSimpleApplication@69a92fad
----------------- Done invoking toplevel() on ptolemy.moml.MoMLSimpleApplication@69a92fad
reloadAllAccessors: .Ramp1

===========================================================================================
----------------- testing Thu Sep 13 02:06:34 UTC 2018 /home/travis/build/icyphy/ptII/ptolemy/actor/lib/test/auto/RampFiringLimitDE.xml
----------------- Instantiating /home/travis/build/icyphy/ptII/ptolemy/actor/lib/test/auto/RampFiringLimitDE.xml
2 ms. Memory: 1553408K Free: 354669K (23%)
----------------- Invoking toplevel() on ptolemy.moml.MoMLSimpleApplication@7a7cb0c7
----------------- Done invoking toplevel() on ptolemy.moml.MoMLSimpleApplication@7a7cb0c7
reloadAllAccessors: .RampFiringLimitDE

===========================================================================================
----------------- testing Thu Sep 13 02:06:34 UTC 2018 /home/travis/build/icyphy/ptII/ptolemy/actor/lib/test/auto/RampFiringLimitSDF.xml
----------------- Instantiating /home/travis/build/icyphy/ptII/ptolemy/actor/lib/test/auto/RampFiringLimitSDF.xml
2 ms. Memory: 1553408K Free: 340134K (22%)
----------------- Invoking toplevel() on ptolemy.moml.MoMLSimpleApplication@1ab81a4d
----------------- Done invoking toplevel() on ptolemy.moml.MoMLSimpleApplication@1ab81a4d
reloadAllAccessors: .RampFiringLimitSDF

===========================================================================================
----------------- testing Thu Sep 13 02:06:34 UTC 2018 /home/travis/build/icyphy/ptII/ptolemy/actor/lib/test/auto/RandomInteger.xml
----------------- Instantiating /home/travis/build/icyphy/ptII/ptolemy/actor/lib/test/auto/RandomInteger.xml
3 ms. Memory: 1553408K Free: 318955K (21%)
----------------- Invoking toplevel() on ptolemy.moml.MoMLSimpleApplication@5587561c
----------------- Done invoking toplevel() on ptolemy.moml.MoMLSimpleApplication@5587561c
reloadAllAccessors: .RandomInteger

===========================================================================================
----------------- testing Thu Sep 13 02:06:34 UTC 2018 /home/travis/build/icyphy/ptII/ptolemy/actor/lib/test/auto/ReadFile1.xml
----------------- Instantiating /home/travis/build/icyphy/ptII/ptolemy/actor/lib/test/auto/ReadFile1.xml
2 ms. Memory: 1553408K Free: 304419K (20%)
----------------- Invoking toplevel() on ptolemy.moml.MoMLSimpleApplication@76cad5dd
----------------- Done invoking toplevel() on ptolemy.moml.MoMLSimpleApplication@76cad5dd
reloadAllAccessors: .ReadFile1

===========================================================================================
----------------- testing Thu Sep 13 02:06:34 UTC 2018 /home/travis/build/icyphy/ptII/ptolemy/actor/lib/test/auto/ReadFile2.xml
----------------- Instantiating /home/travis/build/icyphy/ptII/ptolemy/actor/lib/test/auto/ReadFile2.xml
1 ms. Memory: 1553408K Free: 289883K (19%)
----------------- Invoking toplevel() on ptolemy.moml.MoMLSimpleApplication@261bb08f
----------------- Done invoking toplevel() on ptolemy.moml.MoMLSimpleApplication@261bb08f
reloadAllAccessors: .ReadFile2

===========================================================================================
----------------- testing Thu Sep 13 02:06:34 UTC 2018 /home/travis/build/icyphy/ptII/ptolemy/actor/lib/test/auto/Reader.xml
----------------- Instantiating /home/travis/build/icyphy/ptII/ptolemy/actor/lib/test/auto/Reader.xml
actor.lib.Reader is obsolete, use actor.lib.io.ExpressionReader instead
6 ms. Memory: 1553408K Free: 268704K (17%)
----------------- Invoking toplevel() on ptolemy.moml.MoMLSimpleApplication@7468bae9
----------------- Done invoking toplevel() on ptolemy.moml.MoMLSimpleApplication@7468bae9
reloadAllAccessors: .Reader

===========================================================================================
----------------- testing Thu Sep 13 02:06:34 UTC 2018 /home/travis/build/icyphy/ptII/ptolemy/actor/lib/test/auto/RecordAssemblerDisplayNameTest.xml
----------------- Instantiating /home/travis/build/icyphy/ptII/ptolemy/actor/lib/test/auto/RecordAssemblerDisplayNameTest.xml
3103 ms. Memory: 1585664K Free: 501356K (32%)
----------------- Invoking toplevel() on ptolemy.moml.MoMLSimpleApplication@1a4f367b
----------------- Done invoking toplevel() on ptolemy.moml.MoMLSimpleApplication@1a4f367b
reloadAllAccessors: .RecordAssemblerDisplayNameTest

===========================================================================================
----------------- testing Thu Sep 13 02:06:37 UTC 2018 /home/travis/build/icyphy/ptII/ptolemy/actor/lib/test/auto/RecordAssemblerTypeError.xml
----------------- Instantiating /home/travis/build/icyphy/ptII/ptolemy/actor/lib/test/auto/RecordAssemblerTypeError.xml
10 ms. Memory: 1585664K Free: 470114K (30%)
----------------- Invoking toplevel() on ptolemy.moml.MoMLSimpleApplication@25c9995d
----------------- Done invoking toplevel() on ptolemy.moml.MoMLSimpleApplication@25c9995d
reloadAllAccessors: .RecordAssemblerTypeError

===========================================================================================
----------------- testing Thu Sep 13 02:06:38 UTC 2018 /home/travis/build/icyphy/ptII/ptolemy/actor/lib/test/auto/RecordDisassember.xml
----------------- Instantiating /home/travis/build/icyphy/ptII/ptolemy/actor/lib/test/auto/RecordDisassember.xml
3 ms. Memory: 1585664K Free: 455430K (29%)
----------------- Invoking toplevel() on ptolemy.moml.MoMLSimpleApplication@3a7ea51
----------------- Done invoking toplevel() on ptolemy.moml.MoMLSimpleApplication@3a7ea51
reloadAllAccessors: .RecordDisassember

===========================================================================================
----------------- testing Thu Sep 13 02:06:38 UTC 2018 /home/travis/build/icyphy/ptII/ptolemy/actor/lib/test/auto/RecordDisassemberDisplayNameTest.xml
----------------- Instantiating /home/travis/build/icyphy/ptII/ptolemy/actor/lib/test/auto/RecordDisassemberDisplayNameTest.xml
4 ms. Memory: 1585664K Free: 435285K (27%)
----------------- Invoking toplevel() on ptolemy.moml.MoMLSimpleApplication@6df64c22
----------------- Done invoking toplevel() on ptolemy.moml.MoMLSimpleApplication@6df64c22
reloadAllAccessors: .RecordDisassemberDisplayNameTest

===========================================================================================
----------------- testing Thu Sep 13 02:06:38 UTC 2018 /home/travis/build/icyphy/ptII/ptolemy/actor/lib/test/auto/RecordDisassembler.xml
----------------- Instantiating /home/travis/build/icyphy/ptII/ptolemy/actor/lib/test/auto/RecordDisassembler.xml
2 ms. Memory: 1585664K Free: 420601K (27%)
----------------- Invoking toplevel() on ptolemy.moml.MoMLSimpleApplication@1c0b5ce0
----------------- Done invoking toplevel() on ptolemy.moml.MoMLSimpleApplication@1c0b5ce0
reloadAllAccessors: .RecordDisassembler

===========================================================================================
----------------- testing Thu Sep 13 02:06:38 UTC 2018 /home/travis/build/icyphy/ptII/ptolemy/actor/lib/test/auto/RecordDisassembler2.xml
----------------- Instantiating /home/travis/build/icyphy/ptII/ptolemy/actor/lib/test/auto/RecordDisassembler2.xml
3 ms. Memory: 1585664K Free: 400455K (25%)
----------------- Invoking toplevel() on ptolemy.moml.MoMLSimpleApplication@119fa971
----------------- Done invoking toplevel() on ptolemy.moml.MoMLSimpleApplication@119fa971
reloadAllAccessors: .RecordDisassembler2

===========================================================================================
----------------- testing Thu Sep 13 02:06:38 UTC 2018 /home/travis/build/icyphy/ptII/ptolemy/actor/lib/test/auto/RecordUpdater.xml
----------------- Instantiating /home/travis/build/icyphy/ptII/ptolemy/actor/lib/test/auto/RecordUpdater.xml
2 ms. Memory: 1585664K Free: 385771K (24%)
----------------- Invoking toplevel() on ptolemy.moml.MoMLSimpleApplication@52c4ba44
----------------- Done invoking toplevel() on ptolemy.moml.MoMLSimpleApplication@52c4ba44
reloadAllAccessors: .RecordUpdater

===========================================================================================
----------------- testing Thu Sep 13 02:06:38 UTC 2018 /home/travis/build/icyphy/ptII/ptolemy/actor/lib/test/auto/RecordUpdater2.xml
----------------- Instantiating /home/travis/build/icyphy/ptII/ptolemy/actor/lib/test/auto/RecordUpdater2.xml
2 ms. Memory: 1585664K Free: 365626K (23%)
----------------- Invoking toplevel() on ptolemy.moml.MoMLSimpleApplication@b211dee
----------------- Done invoking toplevel() on ptolemy.moml.MoMLSimpleApplication@b211dee
reloadAllAccessors: .RecordUpdater2

===========================================================================================
----------------- testing Thu Sep 13 02:06:38 UTC 2018 /home/travis/build/icyphy/ptII/ptolemy/actor/lib/test/auto/RecursiveLattice.xml
----------------- Instantiating /home/travis/build/icyphy/ptII/ptolemy/actor/lib/test/auto/RecursiveLattice.xml
2 ms. Memory: 1585664K Free: 350942K (22%)
----------------- Invoking toplevel() on ptolemy.moml.MoMLSimpleApplication@617a0b11
----------------- Done invoking toplevel() on ptolemy.moml.MoMLSimpleApplication@617a0b11
reloadAllAccessors: .RecursiveLattice

===========================================================================================
----------------- testing Thu Sep 13 02:06:38 UTC 2018 /home/travis/build/icyphy/ptII/ptolemy/actor/lib/test/auto/Router.xml
----------------- Instantiating /home/travis/build/icyphy/ptII/ptolemy/actor/lib/test/auto/Router.xml
3004 ms. Memory: 1585664K Free: 330796K (21%)
----------------- Invoking toplevel() on ptolemy.moml.MoMLSimpleApplication@62d6af32
----------------- Done invoking toplevel() on ptolemy.moml.MoMLSimpleApplication@62d6af32
reloadAllAccessors: .Router

===========================================================================================
----------------- testing Thu Sep 13 02:06:41 UTC 2018 /home/travis/build/icyphy/ptII/ptolemy/actor/lib/test/auto/Router2.xml
----------------- Instantiating /home/travis/build/icyphy/ptII/ptolemy/actor/lib/test/auto/Router2.xml
3004 ms. Memory: 1585664K Free: 316112K (20%)
----------------- Invoking toplevel() on ptolemy.moml.MoMLSimpleApplication@7addd4f4
----------------- Done invoking toplevel() on ptolemy.moml.MoMLSimpleApplication@7addd4f4
reloadAllAccessors: .Router2

===========================================================================================
----------------- testing Thu Sep 13 02:06:44 UTC 2018 /home/travis/build/icyphy/ptII/ptolemy/actor/lib/test/auto/RunningMaximum.xml
----------------- Instantiating /home/travis/build/icyphy/ptII/ptolemy/actor/lib/test/auto/RunningMaximum.xml
2 ms. Memory: 1585664K Free: 301428K (19%)
----------------- Invoking toplevel() on ptolemy.moml.MoMLSimpleApplication@67f0a155
----------------- Done invoking toplevel() on ptolemy.moml.MoMLSimpleApplication@67f0a155
reloadAllAccessors: .RunningMaximum

===========================================================================================
----------------- testing Thu Sep 13 02:06:44 UTC 2018 /home/travis/build/icyphy/ptII/ptolemy/actor/lib/test/auto/RunningMinimum.xml
----------------- Instantiating /home/travis/build/icyphy/ptII/ptolemy/actor/lib/test/auto/RunningMinimum.xml
1 ms. Memory: 1585664K Free: 281283K (18%)
----------------- Invoking toplevel() on ptolemy.moml.MoMLSimpleApplication@22439a49
----------------- Done invoking toplevel() on ptolemy.moml.MoMLSimpleApplication@22439a49
reloadAllAccessors: .RunningMinimum

===========================================================================================
----------------- testing Thu Sep 13 02:06:44 UTC 2018 /home/travis/build/icyphy/ptII/ptolemy/actor/lib/test/auto/Scale.xml
----------------- Instantiating /home/travis/build/icyphy/ptII/ptolemy/actor/lib/test/auto/Scale.xml
1 ms. Memory: 1585664K Free: 266599K (17%)
----------------- Invoking toplevel() on ptolemy.moml.MoMLSimpleApplication@34683d4
----------------- Done invoking toplevel() on ptolemy.moml.MoMLSimpleApplication@34683d4
reloadAllAccessors: .Scale

===========================================================================================
----------------- testing Thu Sep 13 02:06:44 UTC 2018 /home/travis/build/icyphy/ptII/ptolemy/actor/lib/test/auto/Scale2.xml
----------------- Instantiating /home/travis/build/icyphy/ptII/ptolemy/actor/lib/test/auto/Scale2.xml
1 ms. Memory: 1585664K Free: 246453K (16%)
----------------- Invoking toplevel() on ptolemy.moml.MoMLSimpleApplication@1524aa52
----------------- Done invoking toplevel() on ptolemy.moml.MoMLSimpleApplication@1524aa52
reloadAllAccessors: .Scale2

===========================================================================================
----------------- testing Thu Sep 13 02:06:44 UTC 2018 /home/travis/build/icyphy/ptII/ptolemy/actor/lib/test/auto/Scale3.xml
----------------- Instantiating /home/travis/build/icyphy/ptII/ptolemy/actor/lib/test/auto/Scale3.xml
3 ms. Memory: 1585664K Free: 231769K (15%)
----------------- Invoking toplevel() on ptolemy.moml.MoMLSimpleApplication@7f3b7057
----------------- Done invoking toplevel() on ptolemy.moml.MoMLSimpleApplication@7f3b7057
reloadAllAccessors: .Scale3

===========================================================================================
----------------- testing Thu Sep 13 02:06:44 UTC 2018 /home/travis/build/icyphy/ptII/ptolemy/actor/lib/test/auto/ScaleArray.xml
----------------- Instantiating /home/travis/build/icyphy/ptII/ptolemy/actor/lib/test/auto/ScaleArray.xml
2 ms. Memory: 1585664K Free: 211624K (13%)
----------------- Invoking toplevel() on ptolemy.moml.MoMLSimpleApplication@5173b58d
----------------- Done invoking toplevel() on ptolemy.moml.MoMLSimpleApplication@5173b58d
reloadAllAccessors: .ScaleArray

===========================================================================================
----------------- testing Thu Sep 13 02:06:44 UTC 2018 /home/travis/build/icyphy/ptII/ptolemy/actor/lib/test/auto/ScaleArray2.xml
----------------- Instantiating /home/travis/build/icyphy/ptII/ptolemy/actor/lib/test/auto/ScaleArray2.xml
1 ms. Memory: 1585664K Free: 196939K (12%)
----------------- Invoking toplevel() on ptolemy.moml.MoMLSimpleApplication@37aae92e
----------------- Done invoking toplevel() on ptolemy.moml.MoMLSimpleApplication@37aae92e
reloadAllAccessors: .ScaleArray2

===========================================================================================
----------------- testing Thu Sep 13 02:06:44 UTC 2018 /home/travis/build/icyphy/ptII/ptolemy/actor/lib/test/auto/ScaleMatrix.xml
----------------- Instantiating /home/travis/build/icyphy/ptII/ptolemy/actor/lib/test/auto/ScaleMatrix.xml
98 ms. Memory: 1585664K Free: 169452K (11%)
----------------- Invoking toplevel() on ptolemy.moml.MoMLSimpleApplication@748ff96c
----------------- Done invoking toplevel() on ptolemy.moml.MoMLSimpleApplication@748ff96c
reloadAllAccessors: .ScaleMatrix

===========================================================================================
----------------- testing Thu Sep 13 02:06:44 UTC 2018 /home/travis/build/icyphy/ptII/ptolemy/actor/lib/test/auto/Select.xml
----------------- Instantiating /home/travis/build/icyphy/ptII/ptolemy/actor/lib/test/auto/Select.xml
2 ms. Memory: 1585664K Free: 154768K (10%)
----------------- Invoking toplevel() on ptolemy.moml.MoMLSimpleApplication@4262bc4d
----------------- Done invoking toplevel() on ptolemy.moml.MoMLSimpleApplication@4262bc4d
reloadAllAccessors: .Select

===========================================================================================
----------------- testing Thu Sep 13 02:06:44 UTC 2018 /home/travis/build/icyphy/ptII/ptolemy/actor/lib/test/auto/Select2.xml
----------------- Instantiating /home/travis/build/icyphy/ptII/ptolemy/actor/lib/test/auto/Select2.xml
1 ms. Memory: 1585664K Free: 140084K (9%)
----------------- Invoking toplevel() on ptolemy.moml.MoMLSimpleApplication@7a5cd92
----------------- Done invoking toplevel() on ptolemy.moml.MoMLSimpleApplication@7a5cd92
reloadAllAccessors: .Select2

===========================================================================================
----------------- testing Thu Sep 13 02:06:44 UTC 2018 /home/travis/build/icyphy/ptII/ptolemy/actor/lib/test/auto/SequenceToArray2.xml
----------------- Instantiating /home/travis/build/icyphy/ptII/ptolemy/actor/lib/test/auto/SequenceToArray2.xml
88 ms. Memory: 1738240K Free: 1641087K (94%)
----------------- Invoking toplevel() on ptolemy.moml.MoMLSimpleApplication@7e68fbbe
----------------- Done invoking toplevel() on ptolemy.moml.MoMLSimpleApplication@7e68fbbe
reloadAllAccessors: .SequenceToArray2

===========================================================================================
----------------- testing Thu Sep 13 02:06:44 UTC 2018 /home/travis/build/icyphy/ptII/ptolemy/actor/lib/test/auto/SequentialClock.xml
----------------- Instantiating /home/travis/build/icyphy/ptII/ptolemy/actor/lib/test/auto/SequentialClock.xml
1 ms. Memory: 1738240K Free: 1621621K (93%)
----------------- Invoking toplevel() on ptolemy.moml.MoMLSimpleApplication@59c0f25b
----------------- Done invoking toplevel() on ptolemy.moml.MoMLSimpleApplication@59c0f25b
reloadAllAccessors: .SequentialClock

===========================================================================================
----------------- testing Thu Sep 13 02:06:44 UTC 2018 /home/travis/build/icyphy/ptII/ptolemy/actor/lib/test/auto/SetVariable.xml
----------------- Instantiating /home/travis/build/icyphy/ptII/ptolemy/actor/lib/test/auto/SetVariable.xml
2 ms. Memory: 1738240K Free: 1606329K (92%)
----------------- Invoking toplevel() on ptolemy.moml.MoMLSimpleApplication@2c1477f5
----------------- Done invoking toplevel() on ptolemy.moml.MoMLSimpleApplication@2c1477f5
reloadAllAccessors: .SetVariable

===========================================================================================
----------------- testing Thu Sep 13 02:06:44 UTC 2018 /home/travis/build/icyphy/ptII/ptolemy/actor/lib/test/auto/SetVariable2.xml
----------------- Instantiating /home/travis/build/icyphy/ptII/ptolemy/actor/lib/test/auto/SetVariable2.xml
2 ms. Memory: 1738240K Free: 1595414K (92%)
----------------- Invoking toplevel() on ptolemy.moml.MoMLSimpleApplication@ae7f795
----------------- Done invoking toplevel() on ptolemy.moml.MoMLSimpleApplication@ae7f795
reloadAllAccessors: .SetVariable2

===========================================================================================
----------------- testing Thu Sep 13 02:06:44 UTC 2018 /home/travis/build/icyphy/ptII/ptolemy/actor/lib/test/auto/SetVariable3.xml
----------------- Instantiating /home/travis/build/icyphy/ptII/ptolemy/actor/lib/test/auto/SetVariable3.xml
8 ms. Memory: 1738240K Free: 1580122K (91%)
----------------- Invoking toplevel() on ptolemy.moml.MoMLSimpleApplication@3464c61b
----------------- Done invoking toplevel() on ptolemy.moml.MoMLSimpleApplication@3464c61b
reloadAllAccessors: .SetVariable3

===========================================================================================
----------------- testing Thu Sep 13 02:06:44 UTC 2018 /home/travis/build/icyphy/ptII/ptolemy/actor/lib/test/auto/SetVariable4.xml
----------------- Instantiating /home/travis/build/icyphy/ptII/ptolemy/actor/lib/test/auto/SetVariable4.xml
16 ms. Memory: 1738240K Free: 1531001K (88%)
----------------- Invoking toplevel() on ptolemy.moml.MoMLSimpleApplication@54c85250
----------------- Done invoking toplevel() on ptolemy.moml.MoMLSimpleApplication@54c85250
reloadAllAccessors: .SetVariable4

===========================================================================================
----------------- testing Thu Sep 13 02:06:44 UTC 2018 /home/travis/build/icyphy/ptII/ptolemy/actor/lib/test/auto/SetVariable5.xml
----------------- Instantiating /home/travis/build/icyphy/ptII/ptolemy/actor/lib/test/auto/SetVariable5.xml
13 ms. Memory: 1738240K Free: 1510251K (87%)
----------------- Invoking toplevel() on ptolemy.moml.MoMLSimpleApplication@1938144
----------------- Done invoking toplevel() on ptolemy.moml.MoMLSimpleApplication@1938144
reloadAllAccessors: .SetVariable5

===========================================================================================
----------------- testing Thu Sep 13 02:06:44 UTC 2018 /home/travis/build/icyphy/ptII/ptolemy/actor/lib/test/auto/Sinewave.xml
----------------- Instantiating /home/travis/build/icyphy/ptII/ptolemy/actor/lib/test/auto/Sinewave.xml
4 ms. Memory: 1738240K Free: 1493801K (86%)
----------------- Invoking toplevel() on ptolemy.moml.MoMLSimpleApplication@4e66a27c
----------------- Done invoking toplevel() on ptolemy.moml.MoMLSimpleApplication@4e66a27c
reloadAllAccessors: .Sinewave

===========================================================================================
----------------- testing Thu Sep 13 02:06:44 UTC 2018 /home/travis/build/icyphy/ptII/ptolemy/actor/lib/test/auto/Sinewave2.xml
----------------- Instantiating /home/travis/build/icyphy/ptII/ptolemy/actor/lib/test/auto/Sinewave2.xml
5 ms. Memory: 1738240K Free: 1478509K (85%)
----------------- Invoking toplevel() on ptolemy.moml.MoMLSimpleApplication@4620971e
----------------- Done invoking toplevel() on ptolemy.moml.MoMLSimpleApplication@4620971e
reloadAllAccessors: .Sinewave2

===========================================================================================
----------------- testing Thu Sep 13 02:06:44 UTC 2018 /home/travis/build/icyphy/ptII/ptolemy/actor/lib/test/auto/Sinewave3.xml
----------------- Instantiating /home/travis/build/icyphy/ptII/ptolemy/actor/lib/test/auto/Sinewave3.xml
11 ms. Memory: 1738240K Free: 1463218K (84%)
----------------- Invoking toplevel() on ptolemy.moml.MoMLSimpleApplication@468c13a4
----------------- Done invoking toplevel() on ptolemy.moml.MoMLSimpleApplication@468c13a4
reloadAllAccessors: .Sinewave3

===========================================================================================
----------------- testing Thu Sep 13 02:06:44 UTC 2018 /home/travis/build/icyphy/ptII/ptolemy/actor/lib/test/auto/SingleEvent.xml
----------------- Instantiating /home/travis/build/icyphy/ptII/ptolemy/actor/lib/test/auto/SingleEvent.xml
0 ms. Memory: 1738240K Free: 1452302K (84%)
----------------- Invoking toplevel() on ptolemy.moml.MoMLSimpleApplication@18ec0e39
----------------- Done invoking toplevel() on ptolemy.moml.MoMLSimpleApplication@18ec0e39
reloadAllAccessors: .SingleEvent

===========================================================================================
----------------- testing Thu Sep 13 02:06:44 UTC 2018 /home/travis/build/icyphy/ptII/ptolemy/actor/lib/test/auto/Sleep.xml
----------------- Instantiating /home/travis/build/icyphy/ptII/ptolemy/actor/lib/test/auto/Sleep.xml
6003 ms. Memory: 1738240K Free: 1437011K (83%)
----------------- Invoking toplevel() on ptolemy.moml.MoMLSimpleApplication@56394ec3
----------------- Done invoking toplevel() on ptolemy.moml.MoMLSimpleApplication@56394ec3
reloadAllAccessors: .Sleep

===========================================================================================
----------------- testing Thu Sep 13 02:06:50 UTC 2018 /home/travis/build/icyphy/ptII/ptolemy/actor/lib/test/auto/SleepMultipleFire.xml
----------------- Instantiating /home/travis/build/icyphy/ptII/ptolemy/actor/lib/test/auto/SleepMultipleFire.xml
1005 ms. Memory: 1738240K Free: 1426095K (82%)
----------------- Invoking toplevel() on ptolemy.moml.MoMLSimpleApplication@309b82f9
----------------- Done invoking toplevel() on ptolemy.moml.MoMLSimpleApplication@309b82f9
reloadAllAccessors: .SleepMultipleFire

===========================================================================================
----------------- testing Thu Sep 13 02:06:51 UTC 2018 /home/travis/build/icyphy/ptII/ptolemy/actor/lib/test/auto/StopDE.xml
----------------- Instantiating /home/travis/build/icyphy/ptII/ptolemy/actor/lib/test/auto/StopDE.xml
2 ms. Memory: 1738240K Free: 1410803K (81%)
----------------- Invoking toplevel() on ptolemy.moml.MoMLSimpleApplication@5039bad5
----------------- Done invoking toplevel() on ptolemy.moml.MoMLSimpleApplication@5039bad5
reloadAllAccessors: .StopDE

===========================================================================================
----------------- testing Thu Sep 13 02:06:51 UTC 2018 /home/travis/build/icyphy/ptII/ptolemy/actor/lib/test/auto/StopSDF.xml
----------------- Instantiating /home/travis/build/icyphy/ptII/ptolemy/actor/lib/test/auto/StopSDF.xml
3 ms. Memory: 1738240K Free: 1399887K (81%)
----------------- Invoking toplevel() on ptolemy.moml.MoMLSimpleApplication@be86e2c
----------------- Done invoking toplevel() on ptolemy.moml.MoMLSimpleApplication@be86e2c
reloadAllAccessors: .StopSDF

===========================================================================================
----------------- testing Thu Sep 13 02:06:51 UTC 2018 /home/travis/build/icyphy/ptII/ptolemy/actor/lib/test/auto/StringConstant.xml
----------------- Instantiating /home/travis/build/icyphy/ptII/ptolemy/actor/lib/test/auto/StringConstant.xml
1 ms. Memory: 1738240K Free: 1384596K (80%)
----------------- Invoking toplevel() on ptolemy.moml.MoMLSimpleApplication@55578e21
----------------- Done invoking toplevel() on ptolemy.moml.MoMLSimpleApplication@55578e21
reloadAllAccessors: .StringConstant

===========================================================================================
----------------- testing Thu Sep 13 02:06:51 UTC 2018 /home/travis/build/icyphy/ptII/ptolemy/actor/lib/test/auto/SubscriberPortInitialValues1.xml
----------------- Instantiating /home/travis/build/icyphy/ptII/ptolemy/actor/lib/test/auto/SubscriberPortInitialValues1.xml
5 ms. Memory: 1738240K Free: 1368206K (79%)
----------------- Invoking toplevel() on ptolemy.moml.MoMLSimpleApplication@56382b73
----------------- Done invoking toplevel() on ptolemy.moml.MoMLSimpleApplication@56382b73
reloadAllAccessors: .SubscriberPortInitialValues1

===========================================================================================
----------------- testing Thu Sep 13 02:06:51 UTC 2018 /home/travis/build/icyphy/ptII/ptolemy/actor/lib/test/auto/SubscriberPortInitialValues13.xml
----------------- Instantiating /home/travis/build/icyphy/ptII/ptolemy/actor/lib/test/auto/SubscriberPortInitialValues13.xml
4 ms. Memory: 1738240K Free: 1347441K (78%)
----------------- Invoking toplevel() on ptolemy.moml.MoMLSimpleApplication@3a87d764
----------------- Done invoking toplevel() on ptolemy.moml.MoMLSimpleApplication@3a87d764
reloadAllAccessors: .SubscriberPortInitialValues13

===========================================================================================
----------------- testing Thu Sep 13 02:06:51 UTC 2018 /home/travis/build/icyphy/ptII/ptolemy/actor/lib/test/auto/SubscriberPortInitialValues14.xml
----------------- Instantiating /home/travis/build/icyphy/ptII/ptolemy/actor/lib/test/auto/SubscriberPortInitialValues14.xml
3 ms. Memory: 1738240K Free: 1332149K (77%)
----------------- Invoking toplevel() on ptolemy.moml.MoMLSimpleApplication@34adb0e2
----------------- Done invoking toplevel() on ptolemy.moml.MoMLSimpleApplication@34adb0e2
reloadAllAccessors: .SubscriberPortInitialValues14

===========================================================================================
----------------- testing Thu Sep 13 02:06:51 UTC 2018 /home/travis/build/icyphy/ptII/ptolemy/actor/lib/test/auto/SubscriberPortInitialValues2.xml
----------------- Instantiating /home/travis/build/icyphy/ptII/ptolemy/actor/lib/test/auto/SubscriberPortInitialValues2.xml
3 ms. Memory: 1738240K Free: 1321234K (76%)
----------------- Invoking toplevel() on ptolemy.moml.MoMLSimpleApplication@70d57490
----------------- Done invoking toplevel() on ptolemy.moml.MoMLSimpleApplication@70d57490
reloadAllAccessors: .SubscriberPortInitialValues2

===========================================================================================
----------------- testing Thu Sep 13 02:06:52 UTC 2018 /home/travis/build/icyphy/ptII/ptolemy/actor/lib/test/auto/SubscriberPortInitialValues3.xml
----------------- Instantiating /home/travis/build/icyphy/ptII/ptolemy/actor/lib/test/auto/SubscriberPortInitialValues3.xml
3 ms. Memory: 1738240K Free: 1300484K (75%)
----------------- Invoking toplevel() on ptolemy.moml.MoMLSimpleApplication@67131c8d
----------------- Done invoking toplevel() on ptolemy.moml.MoMLSimpleApplication@67131c8d
reloadAllAccessors: .SubscriberPortInitialValues3

===========================================================================================
----------------- testing Thu Sep 13 02:06:52 UTC 2018 /home/travis/build/icyphy/ptII/ptolemy/actor/lib/test/auto/SubscriptionAggregator.xml
----------------- Instantiating /home/travis/build/icyphy/ptII/ptolemy/actor/lib/test/auto/SubscriptionAggregator.xml
2 ms. Memory: 1738240K Free: 1289568K (74%)
----------------- Invoking toplevel() on ptolemy.moml.MoMLSimpleApplication@5a98de54
----------------- Done invoking toplevel() on ptolemy.moml.MoMLSimpleApplication@5a98de54
reloadAllAccessors: .SubscriptionAggregator

===========================================================================================
----------------- testing Thu Sep 13 02:06:52 UTC 2018 /home/travis/build/icyphy/ptII/ptolemy/actor/lib/test/auto/SubscriptionAggregator2.xml
----------------- Instantiating /home/travis/build/icyphy/ptII/ptolemy/actor/lib/test/auto/SubscriptionAggregator2.xml
2 ms. Memory: 1738240K Free: 1274277K (73%)
----------------- Invoking toplevel() on ptolemy.moml.MoMLSimpleApplication@684fb84d
----------------- Done invoking toplevel() on ptolemy.moml.MoMLSimpleApplication@684fb84d
reloadAllAccessors: .SubscriptionAggregator2

===========================================================================================
----------------- testing Thu Sep 13 02:06:52 UTC 2018 /home/travis/build/icyphy/ptII/ptolemy/actor/lib/test/auto/SubscriptionAggregator3.xml
----------------- Instantiating /home/travis/build/icyphy/ptII/ptolemy/actor/lib/test/auto/SubscriptionAggregator3.xml
2 ms. Memory: 1738240K Free: 1257903K (72%)
----------------- Invoking toplevel() on ptolemy.moml.MoMLSimpleApplication@37660e74
----------------- Done invoking toplevel() on ptolemy.moml.MoMLSimpleApplication@37660e74
reloadAllAccessors: .SubscriptionAggregator3

===========================================================================================
----------------- testing Thu Sep 13 02:06:52 UTC 2018 /home/travis/build/icyphy/ptII/ptolemy/actor/lib/test/auto/SubscriptionAggregatorMultiply.xml
----------------- Instantiating /home/travis/build/icyphy/ptII/ptolemy/actor/lib/test/auto/SubscriptionAggregatorMultiply.xml
3 ms. Memory: 1738240K Free: 1237154K (71%)
----------------- Invoking toplevel() on ptolemy.moml.MoMLSimpleApplication@4036ef72
----------------- Done invoking toplevel() on ptolemy.moml.MoMLSimpleApplication@4036ef72
reloadAllAccessors: .SubscriptionAggregatorMultiply

===========================================================================================
----------------- testing Thu Sep 13 02:06:52 UTC 2018 /home/travis/build/icyphy/ptII/ptolemy/actor/lib/test/auto/SubscriptionAggregatorPortMultiply1.xml
----------------- Instantiating /home/travis/build/icyphy/ptII/ptolemy/actor/lib/test/auto/SubscriptionAggregatorPortMultiply1.xml
3 ms. Memory: 1738240K Free: 1226238K (71%)
----------------- Invoking toplevel() on ptolemy.moml.MoMLSimpleApplication@79c34cb0
----------------- Done invoking toplevel() on ptolemy.moml.MoMLSimpleApplication@79c34cb0
reloadAllAccessors: .SubscriptionAggregatorPortMultiply1

===========================================================================================
----------------- testing Thu Sep 13 02:06:52 UTC 2018 /home/travis/build/icyphy/ptII/ptolemy/actor/lib/test/auto/Switch.xml
----------------- Instantiating /home/travis/build/icyphy/ptII/ptolemy/actor/lib/test/auto/Switch.xml
3 ms. Memory: 1738240K Free: 1178199K (68%)
----------------- Invoking toplevel() on ptolemy.moml.MoMLSimpleApplication@1857f422
----------------- Done invoking toplevel() on ptolemy.moml.MoMLSimpleApplication@1857f422
reloadAllAccessors: .Switch

===========================================================================================
----------------- testing Thu Sep 13 02:06:52 UTC 2018 /home/travis/build/icyphy/ptII/ptolemy/actor/lib/test/auto/Switch2.xml
----------------- Instantiating /home/travis/build/icyphy/ptII/ptolemy/actor/lib/test/auto/Switch2.xml
1 ms. Memory: 1738240K Free: 1162907K (67%)
----------------- Invoking toplevel() on ptolemy.moml.MoMLSimpleApplication@1b609bb5
----------------- Done invoking toplevel() on ptolemy.moml.MoMLSimpleApplication@1b609bb5
reloadAllAccessors: .Switch2

===========================================================================================
----------------- testing Thu Sep 13 02:06:52 UTC 2018 /home/travis/build/icyphy/ptII/ptolemy/actor/lib/test/auto/SwitchDE.xml
----------------- Instantiating /home/travis/build/icyphy/ptII/ptolemy/actor/lib/test/auto/SwitchDE.xml
1 ms. Memory: 1738240K Free: 1151991K (66%)
----------------- Invoking toplevel() on ptolemy.moml.MoMLSimpleApplication@2672f7b7
----------------- Done invoking toplevel() on ptolemy.moml.MoMLSimpleApplication@2672f7b7
reloadAllAccessors: .SwitchDE

===========================================================================================
----------------- testing Thu Sep 13 02:06:52 UTC 2018 /home/travis/build/icyphy/ptII/ptolemy/actor/lib/test/auto/SynchronizerDE.xml
----------------- Instantiating /home/travis/build/icyphy/ptII/ptolemy/actor/lib/test/auto/SynchronizerDE.xml
3 ms. Memory: 1738240K Free: 1131226K (65%)
----------------- Invoking toplevel() on ptolemy.moml.MoMLSimpleApplication@354fd7ba
----------------- Done invoking toplevel() on ptolemy.moml.MoMLSimpleApplication@354fd7ba
reloadAllAccessors: .SynchronizerDE

===========================================================================================
----------------- testing Thu Sep 13 02:06:52 UTC 2018 /home/travis/build/icyphy/ptII/ptolemy/actor/lib/test/auto/Test.xml
----------------- Instantiating /home/travis/build/icyphy/ptII/ptolemy/actor/lib/test/auto/Test.xml
2 ms. Memory: 1738240K Free: 1120310K (64%)
----------------- Invoking toplevel() on ptolemy.moml.MoMLSimpleApplication@66cecd5c
----------------- Done invoking toplevel() on ptolemy.moml.MoMLSimpleApplication@66cecd5c
reloadAllAccessors: .Test

===========================================================================================
----------------- testing Thu Sep 13 02:06:52 UTC 2018 /home/travis/build/icyphy/ptII/ptolemy/actor/lib/test/auto/TestExceptionAttribute1.xml
----------------- Instantiating /home/travis/build/icyphy/ptII/ptolemy/actor/lib/test/auto/TestExceptionAttribute1.xml
1 ms. Memory: 1738240K Free: 1105019K (64%)
----------------- Invoking toplevel() on ptolemy.moml.MoMLSimpleApplication@4119aefa
----------------- Done invoking toplevel() on ptolemy.moml.MoMLSimpleApplication@4119aefa
reloadAllAccessors: .TestExceptionAttribute1

===========================================================================================
----------------- testing Thu Sep 13 02:06:52 UTC 2018 /home/travis/build/icyphy/ptII/ptolemy/actor/lib/test/auto/TestExceptionAttribute2.xml
----------------- Instantiating /home/travis/build/icyphy/ptII/ptolemy/actor/lib/test/auto/TestExceptionAttribute2.xml
1 ms. Memory: 1738240K Free: 1094103K (63%)
----------------- Invoking toplevel() on ptolemy.moml.MoMLSimpleApplication@1b53382a
----------------- Done invoking toplevel() on ptolemy.moml.MoMLSimpleApplication@1b53382a
reloadAllAccessors: .TestExceptionAttribute2

===========================================================================================
----------------- testing Thu Sep 13 02:06:52 UTC 2018 /home/travis/build/icyphy/ptII/ptolemy/actor/lib/test/auto/TestExceptionAttribute3.xml
----------------- Instantiating /home/travis/build/icyphy/ptII/ptolemy/actor/lib/test/auto/TestExceptionAttribute3.xml
.TestExceptionAttribute3.TestExceptionAttribute: initialize() was not invoked, but wrapup() was.  This is unusual, but not always a problem.  For example, exporting JNLP will do this.
3 ms. Memory: 1738240K Free: 1078811K (62%)
----------------- Invoking toplevel() on ptolemy.moml.MoMLSimpleApplication@3073c7cf
----------------- Done invoking toplevel() on ptolemy.moml.MoMLSimpleApplication@3073c7cf
reloadAllAccessors: .TestExceptionAttribute3

===========================================================================================
----------------- testing Thu Sep 13 02:06:52 UTC 2018 /home/travis/build/icyphy/ptII/ptolemy/actor/lib/test/auto/TestExceptionAttribute4.xml
----------------- Instantiating /home/travis/build/icyphy/ptII/ptolemy/actor/lib/test/auto/TestExceptionAttribute4.xml
.TestExceptionAttribute4.TestExceptionAttribute: initialize() was not invoked, but wrapup() was.  This is unusual, but not always a problem.  For example, exporting JNLP will do this.
.TestExceptionAttribute4.TestExceptionAttribute2: initialize() was not invoked, but wrapup() was.  This is unusual, but not always a problem.  For example, exporting JNLP will do this.
1 ms. Memory: 1738240K Free: 1063520K (61%)
----------------- Invoking toplevel() on ptolemy.moml.MoMLSimpleApplication@1a9762c9
----------------- Done invoking toplevel() on ptolemy.moml.MoMLSimpleApplication@1a9762c9
reloadAllAccessors: .TestExceptionAttribute4

===========================================================================================
----------------- testing Thu Sep 13 02:06:52 UTC 2018 /home/travis/build/icyphy/ptII/ptolemy/actor/lib/test/auto/TestExceptionHandler1.xml
----------------- Instantiating /home/travis/build/icyphy/ptII/ptolemy/actor/lib/test/auto/TestExceptionHandler1.xml
1 ms. Memory: 1738240K Free: 1052604K (61%)
----------------- Invoking toplevel() on ptolemy.moml.MoMLSimpleApplication@2f456695
----------------- Done invoking toplevel() on ptolemy.moml.MoMLSimpleApplication@2f456695
reloadAllAccessors: .TestExceptionHandler1

===========================================================================================
----------------- testing Thu Sep 13 02:06:52 UTC 2018 /home/travis/build/icyphy/ptII/ptolemy/actor/lib/test/auto/TestExceptionHandler2.xml
----------------- Instantiating /home/travis/build/icyphy/ptII/ptolemy/actor/lib/test/auto/TestExceptionHandler2.xml
1 ms. Memory: 1738240K Free: 1037312K (60%)
----------------- Invoking toplevel() on ptolemy.moml.MoMLSimpleApplication@7a5ef56d
----------------- Done invoking toplevel() on ptolemy.moml.MoMLSimpleApplication@7a5ef56d
reloadAllAccessors: .TestExceptionHandler2

===========================================================================================
----------------- testing Thu Sep 13 02:06:52 UTC 2018 /home/travis/build/icyphy/ptII/ptolemy/actor/lib/test/auto/TestExceptionHandler3.xml
----------------- Instantiating /home/travis/build/icyphy/ptII/ptolemy/actor/lib/test/auto/TestExceptionHandler3.xml
1 ms. Memory: 1738240K Free: 1026397K (59%)
----------------- Invoking toplevel() on ptolemy.moml.MoMLSimpleApplication@303c394d
----------------- Done invoking toplevel() on ptolemy.moml.MoMLSimpleApplication@303c394d
reloadAllAccessors: .TestExceptionHandler3

===========================================================================================
----------------- testing Thu Sep 13 02:06:52 UTC 2018 /home/travis/build/icyphy/ptII/ptolemy/actor/lib/test/auto/TestExceptionHandler4.xml
----------------- Instantiating /home/travis/build/icyphy/ptII/ptolemy/actor/lib/test/auto/TestExceptionHandler4.xml
0 ms. Memory: 1738240K Free: 1011105K (58%)
----------------- Invoking toplevel() on ptolemy.moml.MoMLSimpleApplication@67485cf6
----------------- Done invoking toplevel() on ptolemy.moml.MoMLSimpleApplication@67485cf6
reloadAllAccessors: .TestExceptionHandler4

===========================================================================================
----------------- testing Thu Sep 13 02:06:52 UTC 2018 /home/travis/build/icyphy/ptII/ptolemy/actor/lib/test/auto/TestRequireCorrectOrder.xml
----------------- Instantiating /home/travis/build/icyphy/ptII/ptolemy/actor/lib/test/auto/TestRequireCorrectOrder.xml
2 ms. Memory: 1738240K Free: 1000189K (58%)
----------------- Invoking toplevel() on ptolemy.moml.MoMLSimpleApplication@594cb210
----------------- Done invoking toplevel() on ptolemy.moml.MoMLSimpleApplication@594cb210
reloadAllAccessors: .TestRequireCorrectOrder

===========================================================================================
----------------- testing Thu Sep 13 02:06:52 UTC 2018 /home/travis/build/icyphy/ptII/ptolemy/actor/lib/test/auto/TestSimple.xml
----------------- Instantiating /home/travis/build/icyphy/ptII/ptolemy/actor/lib/test/auto/TestSimple.xml
1 ms. Memory: 1738240K Free: 984898K (57%)
----------------- Invoking toplevel() on ptolemy.moml.MoMLSimpleApplication@4df17d0b
----------------- Done invoking toplevel() on ptolemy.moml.MoMLSimpleApplication@4df17d0b
reloadAllAccessors: .TestSimple

===========================================================================================
----------------- testing Thu Sep 13 02:06:52 UTC 2018 /home/travis/build/icyphy/ptII/ptolemy/actor/lib/test/auto/ThrowModelError.xml
----------------- Instantiating /home/travis/build/icyphy/ptII/ptolemy/actor/lib/test/auto/ThrowModelError.xml
1 ms. Memory: 1738240K Free: 969607K (56%)
----------------- Invoking toplevel() on ptolemy.moml.MoMLSimpleApplication@2f2d5958
----------------- Done invoking toplevel() on ptolemy.moml.MoMLSimpleApplication@2f2d5958
reloadAllAccessors: .ThrowModelError

===========================================================================================
----------------- testing Thu Sep 13 02:06:52 UTC 2018 /home/travis/build/icyphy/ptII/ptolemy/actor/lib/test/auto/TimeDelayMicrosteps.xml
----------------- Instantiating /home/travis/build/icyphy/ptII/ptolemy/actor/lib/test/auto/TimeDelayMicrosteps.xml
3 ms. Memory: 1738240K Free: 958691K (55%)
----------------- Invoking toplevel() on ptolemy.moml.MoMLSimpleApplication@571c9ed0
----------------- Done invoking toplevel() on ptolemy.moml.MoMLSimpleApplication@571c9ed0
reloadAllAccessors: .TimeDelayMicrosteps

===========================================================================================
----------------- testing Thu Sep 13 02:06:52 UTC 2018 /home/travis/build/icyphy/ptII/ptolemy/actor/lib/test/auto/TimeDelayMicrosteps2.xml
----------------- Instantiating /home/travis/build/icyphy/ptII/ptolemy/actor/lib/test/auto/TimeDelayMicrosteps2.xml
2 ms. Memory: 1738240K Free: 943399K (54%)
----------------- Invoking toplevel() on ptolemy.moml.MoMLSimpleApplication@247968cf
----------------- Done invoking toplevel() on ptolemy.moml.MoMLSimpleApplication@247968cf
reloadAllAccessors: .TimeDelayMicrosteps2

===========================================================================================
----------------- testing Thu Sep 13 02:06:52 UTC 2018 /home/travis/build/icyphy/ptII/ptolemy/actor/lib/test/auto/TimeDelayMicrosteps3.xml
----------------- Instantiating /home/travis/build/icyphy/ptII/ptolemy/actor/lib/test/auto/TimeDelayMicrosteps3.xml
2 ms. Memory: 1738240K Free: 932484K (54%)
----------------- Invoking toplevel() on ptolemy.moml.MoMLSimpleApplication@51dba2d9
----------------- Done invoking toplevel() on ptolemy.moml.MoMLSimpleApplication@51dba2d9
reloadAllAccessors: .TimeDelayMicrosteps3

===========================================================================================
----------------- testing Thu Sep 13 02:06:52 UTC 2018 /home/travis/build/icyphy/ptII/ptolemy/actor/lib/test/auto/TimeDelayVariableMicrosteps.xml
----------------- Instantiating /home/travis/build/icyphy/ptII/ptolemy/actor/lib/test/auto/TimeDelayVariableMicrosteps.xml
2 ms. Memory: 1738240K Free: 917192K (53%)
----------------- Invoking toplevel() on ptolemy.moml.MoMLSimpleApplication@33469dae
----------------- Done invoking toplevel() on ptolemy.moml.MoMLSimpleApplication@33469dae
reloadAllAccessors: .TimeDelayVariableMicrosteps

===========================================================================================
----------------- testing Thu Sep 13 02:06:52 UTC 2018 /home/travis/build/icyphy/ptII/ptolemy/actor/lib/test/auto/TimeGap.xml
----------------- Instantiating /home/travis/build/icyphy/ptII/ptolemy/actor/lib/test/auto/TimeGap.xml
2 ms. Memory: 1738240K Free: 906276K (52%)
----------------- Invoking toplevel() on ptolemy.moml.MoMLSimpleApplication@26ac2e46
----------------- Done invoking toplevel() on ptolemy.moml.MoMLSimpleApplication@26ac2e46
reloadAllAccessors: .TimeGap

===========================================================================================
----------------- testing Thu Sep 13 02:06:52 UTC 2018 /home/travis/build/icyphy/ptII/ptolemy/actor/lib/test/auto/TimeGap2.xml
----------------- Instantiating /home/travis/build/icyphy/ptII/ptolemy/actor/lib/test/auto/TimeGap2.xml
2 ms. Memory: 1738240K Free: 890985K (51%)
----------------- Invoking toplevel() on ptolemy.moml.MoMLSimpleApplication@76ccb559
----------------- Done invoking toplevel() on ptolemy.moml.MoMLSimpleApplication@76ccb559
reloadAllAccessors: .TimeGap2

===========================================================================================
----------------- testing Thu Sep 13 02:06:52 UTC 2018 /home/travis/build/icyphy/ptII/ptolemy/actor/lib/test/auto/TimedSinewave.xml
----------------- Instantiating /home/travis/build/icyphy/ptII/ptolemy/actor/lib/test/auto/TimedSinewave.xml
11 ms. Memory: 1738240K Free: 864746K (50%)
----------------- Invoking toplevel() on ptolemy.moml.MoMLSimpleApplication@27521e48
----------------- Done invoking toplevel() on ptolemy.moml.MoMLSimpleApplication@27521e48
reloadAllAccessors: .TimedSinewave

===========================================================================================
----------------- testing Thu Sep 13 02:06:52 UTC 2018 /home/travis/build/icyphy/ptII/ptolemy/actor/lib/test/auto/TimedSinewavePhase.xml
----------------- Instantiating /home/travis/build/icyphy/ptII/ptolemy/actor/lib/test/auto/TimedSinewavePhase.xml
8 ms. Memory: 1738240K Free: 848356K (49%)
----------------- Invoking toplevel() on ptolemy.moml.MoMLSimpleApplication@6c02a45d
----------------- Done invoking toplevel() on ptolemy.moml.MoMLSimpleApplication@6c02a45d
reloadAllAccessors: .TimedSinewavePhase

===========================================================================================
----------------- testing Thu Sep 13 02:06:52 UTC 2018 /home/travis/build/icyphy/ptII/ptolemy/actor/lib/test/auto/Timer.xml
----------------- Instantiating /home/travis/build/icyphy/ptII/ptolemy/actor/lib/test/auto/Timer.xml
2 ms. Memory: 1738240K Free: 833065K (48%)
----------------- Invoking toplevel() on ptolemy.moml.MoMLSimpleApplication@117540ba
----------------- Done invoking toplevel() on ptolemy.moml.MoMLSimpleApplication@117540ba
reloadAllAccessors: .Timer

===========================================================================================
----------------- testing Thu Sep 13 02:06:52 UTC 2018 /home/travis/build/icyphy/ptII/ptolemy/actor/lib/test/auto/TriangularDistTestModel.xml
----------------- Instantiating /home/travis/build/icyphy/ptII/ptolemy/actor/lib/test/auto/TriangularDistTestModel.xml
1 ms. Memory: 1738240K Free: 822149K (47%)
----------------- Invoking toplevel() on ptolemy.moml.MoMLSimpleApplication@f93e193
----------------- Done invoking toplevel() on ptolemy.moml.MoMLSimpleApplication@f93e193
reloadAllAccessors: .TriangularDistTestModel

===========================================================================================
----------------- testing Thu Sep 13 02:06:52 UTC 2018 /home/travis/build/icyphy/ptII/ptolemy/actor/lib/test/auto/TrigFunction.xml
----------------- Instantiating /home/travis/build/icyphy/ptII/ptolemy/actor/lib/test/auto/TrigFunction.xml
2 ms. Memory: 1738240K Free: 806857K (46%)
----------------- Invoking toplevel() on ptolemy.moml.MoMLSimpleApplication@1ce73c58
----------------- Done invoking toplevel() on ptolemy.moml.MoMLSimpleApplication@1ce73c58
reloadAllAccessors: .TrigFunction

===========================================================================================
----------------- testing Thu Sep 13 02:06:52 UTC 2018 /home/travis/build/icyphy/ptII/ptolemy/actor/lib/test/auto/TrigFunctionDE.xml
----------------- Instantiating /home/travis/build/icyphy/ptII/ptolemy/actor/lib/test/auto/TrigFunctionDE.xml
2 ms. Memory: 1738240K Free: 795941K (46%)
----------------- Invoking toplevel() on ptolemy.moml.MoMLSimpleApplication@5dc030a9
----------------- Done invoking toplevel() on ptolemy.moml.MoMLSimpleApplication@5dc030a9
reloadAllAccessors: .TrigFunctionDE

===========================================================================================
----------------- testing Thu Sep 13 02:06:52 UTC 2018 /home/travis/build/icyphy/ptII/ptolemy/actor/lib/test/auto/TrigFunctionInverse.xml
----------------- Instantiating /home/travis/build/icyphy/ptII/ptolemy/actor/lib/test/auto/TrigFunctionInverse.xml
2 ms. Memory: 1738240K Free: 780650K (45%)
----------------- Invoking toplevel() on ptolemy.moml.MoMLSimpleApplication@223808cf
----------------- Done invoking toplevel() on ptolemy.moml.MoMLSimpleApplication@223808cf
reloadAllAccessors: .TrigFunctionInverse

===========================================================================================
----------------- testing Thu Sep 13 02:06:52 UTC 2018 /home/travis/build/icyphy/ptII/ptolemy/actor/lib/test/auto/TrigFunctionTan.xml
----------------- Instantiating /home/travis/build/icyphy/ptII/ptolemy/actor/lib/test/auto/TrigFunctionTan.xml
1 ms. Memory: 1738240K Free: 765359K (44%)
----------------- Invoking toplevel() on ptolemy.moml.MoMLSimpleApplication@5be8e0d
----------------- Done invoking toplevel() on ptolemy.moml.MoMLSimpleApplication@5be8e0d
reloadAllAccessors: .TrigFunctionTan

===========================================================================================
----------------- testing Thu Sep 13 02:06:52 UTC 2018 /home/travis/build/icyphy/ptII/ptolemy/actor/lib/test/auto/TriggeredClock.xml
----------------- Instantiating /home/travis/build/icyphy/ptII/ptolemy/actor/lib/test/auto/TriggeredClock.xml
1 ms. Memory: 1738240K Free: 754443K (43%)
----------------- Invoking toplevel() on ptolemy.moml.MoMLSimpleApplication@653c4cef
----------------- Done invoking toplevel() on ptolemy.moml.MoMLSimpleApplication@653c4cef
reloadAllAccessors: .TriggeredClock

===========================================================================================
----------------- testing Thu Sep 13 02:06:52 UTC 2018 /home/travis/build/icyphy/ptII/ptolemy/actor/lib/test/auto/URLDirectoryReader.xml
----------------- Instantiating /home/travis/build/icyphy/ptII/ptolemy/actor/lib/test/auto/URLDirectoryReader.xml
25 ms. Memory: 1738240K Free: 733693K (42%)
----------------- Invoking toplevel() on ptolemy.moml.MoMLSimpleApplication@fe554e4
----------------- Done invoking toplevel() on ptolemy.moml.MoMLSimpleApplication@fe554e4
reloadAllAccessors: .URLDirectoryReader

===========================================================================================
----------------- testing Thu Sep 13 02:06:52 UTC 2018 /home/travis/build/icyphy/ptII/ptolemy/actor/lib/test/auto/URLDirectoryReader3.xml
----------------- Instantiating /home/travis/build/icyphy/ptII/ptolemy/actor/lib/test/auto/URLDirectoryReader3.xml
1180 ms. Memory: 1738240K Free: 689901K (40%)
----------------- Invoking toplevel() on ptolemy.moml.MoMLSimpleApplication@6fef7ce6
----------------- Done invoking toplevel() on ptolemy.moml.MoMLSimpleApplication@6fef7ce6
reloadAllAccessors: .URLDirectoryReader3

===========================================================================================
----------------- testing Thu Sep 13 02:06:54 UTC 2018 /home/travis/build/icyphy/ptII/ptolemy/actor/lib/test/auto/UnaryMathFunction.xml
----------------- Instantiating /home/travis/build/icyphy/ptII/ptolemy/actor/lib/test/auto/UnaryMathFunction.xml
3 ms. Memory: 1738240K Free: 674610K (39%)
----------------- Invoking toplevel() on ptolemy.moml.MoMLSimpleApplication@f6e37ac
----------------- Done invoking toplevel() on ptolemy.moml.MoMLSimpleApplication@f6e37ac
reloadAllAccessors: .UnaryMathFunction

===========================================================================================
----------------- testing Thu Sep 13 02:06:54 UTC 2018 /home/travis/build/icyphy/ptII/ptolemy/actor/lib/test/auto/Uniform.xml
----------------- Instantiating /home/travis/build/icyphy/ptII/ptolemy/actor/lib/test/auto/Uniform.xml
10 ms. Memory: 1738240K Free: 663694K (38%)
----------------- Invoking toplevel() on ptolemy.moml.MoMLSimpleApplication@47382125
----------------- Done invoking toplevel() on ptolemy.moml.MoMLSimpleApplication@47382125
reloadAllAccessors: .Uniform

===========================================================================================
----------------- testing Thu Sep 13 02:06:54 UTC 2018 /home/travis/build/icyphy/ptII/ptolemy/actor/lib/test/auto/UnionDisassemblerTest.xml
----------------- Instantiating /home/travis/build/icyphy/ptII/ptolemy/actor/lib/test/auto/UnionDisassemblerTest.xml
13 ms. Memory: 1738240K Free: 648403K (37%)
----------------- Invoking toplevel() on ptolemy.moml.MoMLSimpleApplication@4e839cf
----------------- Done invoking toplevel() on ptolemy.moml.MoMLSimpleApplication@4e839cf
reloadAllAccessors: .UnionDisassemblerTest

===========================================================================================
----------------- testing Thu Sep 13 02:06:54 UTC 2018 /home/travis/build/icyphy/ptII/ptolemy/actor/lib/test/auto/UtilityFunctions.xml
----------------- Instantiating /home/travis/build/icyphy/ptII/ptolemy/actor/lib/test/auto/UtilityFunctions.xml
5 ms. Memory: 1738240K Free: 633111K (36%)
----------------- Invoking toplevel() on ptolemy.moml.MoMLSimpleApplication@53cc09a2
----------------- Done invoking toplevel() on ptolemy.moml.MoMLSimpleApplication@53cc09a2
reloadAllAccessors: .UtilityFunctions

===========================================================================================
----------------- testing Thu Sep 13 02:06:54 UTC 2018 /home/travis/build/icyphy/ptII/ptolemy/actor/lib/test/auto/VariableSleep.xml
----------------- Instantiating /home/travis/build/icyphy/ptII/ptolemy/actor/lib/test/auto/VariableSleep.xml
507 ms. Memory: 1738240K Free: 622195K (36%)
----------------- Invoking toplevel() on ptolemy.moml.MoMLSimpleApplication@57023768
----------------- Done invoking toplevel() on ptolemy.moml.MoMLSimpleApplication@57023768
reloadAllAccessors: .VariableSleep

===========================================================================================
----------------- testing Thu Sep 13 02:06:54 UTC 2018 /home/travis/build/icyphy/ptII/ptolemy/actor/lib/test/auto/VectorAssemblerDisassemblerCT.xml
----------------- Instantiating /home/travis/build/icyphy/ptII/ptolemy/actor/lib/test/auto/VectorAssemblerDisassemblerCT.xml
41 ms. Memory: 1738240K Free: 585048K (34%)
----------------- Invoking toplevel() on ptolemy.moml.MoMLSimpleApplication@3d96d397
----------------- Done invoking toplevel() on ptolemy.moml.MoMLSimpleApplication@3d96d397
reloadAllAccessors: .VectorAssemblerDisassemblerCT

===========================================================================================
----------------- testing Thu Sep 13 02:06:54 UTC 2018 /home/travis/build/icyphy/ptII/ptolemy/actor/lib/test/auto/VectorAssemblerDisassemblerDE.xml
----------------- Instantiating /home/travis/build/icyphy/ptII/ptolemy/actor/lib/test/auto/VectorAssemblerDisassemblerDE.xml
3 ms. Memory: 1738240K Free: 574132K (33%)
----------------- Invoking toplevel() on ptolemy.moml.MoMLSimpleApplication@7a1e8fe8
----------------- Done invoking toplevel() on ptolemy.moml.MoMLSimpleApplication@7a1e8fe8
reloadAllAccessors: .VectorAssemblerDisassemblerDE

===========================================================================================
----------------- testing Thu Sep 13 02:06:54 UTC 2018 /home/travis/build/icyphy/ptII/ptolemy/actor/lib/test/auto/VectorAssemblerDisassemblerSDF.xml
----------------- Instantiating /home/travis/build/icyphy/ptII/ptolemy/actor/lib/test/auto/VectorAssemblerDisassemblerSDF.xml
3 ms. Memory: 1738240K Free: 558841K (32%)
----------------- Invoking toplevel() on ptolemy.moml.MoMLSimpleApplication@422adb92
----------------- Done invoking toplevel() on ptolemy.moml.MoMLSimpleApplication@422adb92
reloadAllAccessors: .VectorAssemblerDisassemblerSDF

===========================================================================================
----------------- testing Thu Sep 13 02:06:54 UTC 2018 /home/travis/build/icyphy/ptII/ptolemy/actor/lib/test/auto/WallClockTime.xml
----------------- Instantiating /home/travis/build/icyphy/ptII/ptolemy/actor/lib/test/auto/WallClockTime.xml
1005 ms. Memory: 1738240K Free: 547925K (32%)
----------------- Invoking toplevel() on ptolemy.moml.MoMLSimpleApplication@3ae7ade7
----------------- Done invoking toplevel() on ptolemy.moml.MoMLSimpleApplication@3ae7ade7
reloadAllAccessors: .WallClockTime

===========================================================================================
----------------- testing Thu Sep 13 02:06:55 UTC 2018 /home/travis/build/icyphy/ptII/ptolemy/actor/lib/test/auto/WidthTestWithSubscriberPublisher.xml
----------------- Instantiating /home/travis/build/icyphy/ptII/ptolemy/actor/lib/test/auto/WidthTestWithSubscriberPublisher.xml
7 ms. Memory: 1738240K Free: 521701K (30%)
----------------- Invoking toplevel() on ptolemy.moml.MoMLSimpleApplication@34ba06f5
----------------- Done invoking toplevel() on ptolemy.moml.MoMLSimpleApplication@34ba06f5
reloadAllAccessors: .WidthTestWithSubscriberPublisher

===========================================================================================
----------------- testing Thu Sep 13 02:06:56 UTC 2018 /home/travis/build/icyphy/ptII/ptolemy/actor/lib/test/auto/WidthTestWithSubscriberPublisher2.xml
----------------- Instantiating /home/travis/build/icyphy/ptII/ptolemy/actor/lib/test/auto/WidthTestWithSubscriberPublisher2.xml
3 ms. Memory: 1738240K Free: 506410K (29%)
----------------- Invoking toplevel() on ptolemy.moml.MoMLSimpleApplication@4f279659
----------------- Done invoking toplevel() on ptolemy.moml.MoMLSimpleApplication@4f279659
reloadAllAccessors: .WidthTestWithSubscriberPublisher2

===========================================================================================
----------------- testing Thu Sep 13 02:06:56 UTC 2018 /home/travis/build/icyphy/ptII/ptolemy/actor/lib/test/auto/WidthTestWithSubscriberPublisher3.xml
----------------- Instantiating /home/travis/build/icyphy/ptII/ptolemy/actor/lib/test/auto/WidthTestWithSubscriberPublisher3.xml
4 ms. Memory: 1738240K Free: 495494K (29%)
----------------- Invoking toplevel() on ptolemy.moml.MoMLSimpleApplication@4f2177db
----------------- Done invoking toplevel() on ptolemy.moml.MoMLSimpleApplication@4f2177db
reloadAllAccessors: .WidthTestWithSubscriberPublisher3

===========================================================================================
----------------- testing Thu Sep 13 02:06:56 UTC 2018 /home/travis/build/icyphy/ptII/ptolemy/actor/lib/test/auto/Writer.xml
----------------- Instantiating /home/travis/build/icyphy/ptII/ptolemy/actor/lib/test/auto/Writer.xml
0
1
2
3
4
1 ms. Memory: 1738240K Free: 480203K (28%)
----------------- Invoking toplevel() on ptolemy.moml.MoMLSimpleApplication@550002a6
----------------- Done invoking toplevel() on ptolemy.moml.MoMLSimpleApplication@550002a6
reloadAllAccessors: .Writer

===========================================================================================
----------------- testing Thu Sep 13 02:06:56 UTC 2018 /home/travis/build/icyphy/ptII/ptolemy/actor/lib/test/auto/array.xml
----------------- Instantiating /home/travis/build/icyphy/ptII/ptolemy/actor/lib/test/auto/array.xml
1 ms. Memory: 1738240K Free: 469287K (27%)
----------------- Invoking toplevel() on ptolemy.moml.MoMLSimpleApplication@4b2815f1
----------------- Done invoking toplevel() on ptolemy.moml.MoMLSimpleApplication@4b2815f1
reloadAllAccessors: .array

===========================================================================================
----------------- testing Thu Sep 13 02:06:56 UTC 2018 /home/travis/build/icyphy/ptII/ptolemy/actor/lib/test/auto/array2.xml
----------------- Instantiating /home/travis/build/icyphy/ptII/ptolemy/actor/lib/test/auto/array2.xml
2 ms. Memory: 1738240K Free: 453996K (26%)
----------------- Invoking toplevel() on ptolemy.moml.MoMLSimpleApplication@77a70d5a
----------------- Done invoking toplevel() on ptolemy.moml.MoMLSimpleApplication@77a70d5a
reloadAllAccessors: .array2

===========================================================================================
----------------- testing Thu Sep 13 02:06:56 UTC 2018 /home/travis/build/icyphy/ptII/ptolemy/actor/lib/test/auto/arrayType.xml
----------------- Instantiating /home/travis/build/icyphy/ptII/ptolemy/actor/lib/test/auto/arrayType.xml
2 ms. Memory: 1738240K Free: 443080K (25%)
----------------- Invoking toplevel() on ptolemy.moml.MoMLSimpleApplication@5be4bea7
----------------- Done invoking toplevel() on ptolemy.moml.MoMLSimpleApplication@5be4bea7
reloadAllAccessors: .arrayType

===========================================================================================
----------------- testing Thu Sep 13 02:06:56 UTC 2018 /home/travis/build/icyphy/ptII/ptolemy/actor/lib/test/auto/arrayType10.xml
----------------- Instantiating /home/travis/build/icyphy/ptII/ptolemy/actor/lib/test/auto/arrayType10.xml
2 ms. Memory: 1738240K Free: 427788K (25%)
----------------- Invoking toplevel() on ptolemy.moml.MoMLSimpleApplication@2cd3467c
----------------- Done invoking toplevel() on ptolemy.moml.MoMLSimpleApplication@2cd3467c
reloadAllAccessors: .arrayType10

===========================================================================================
----------------- testing Thu Sep 13 02:06:56 UTC 2018 /home/travis/build/icyphy/ptII/ptolemy/actor/lib/test/auto/arrayType11.xml
----------------- Instantiating /home/travis/build/icyphy/ptII/ptolemy/actor/lib/test/auto/arrayType11.xml
2 ms. Memory: 1738240K Free: 412497K (24%)
----------------- Invoking toplevel() on ptolemy.moml.MoMLSimpleApplication@7f041748
----------------- Done invoking toplevel() on ptolemy.moml.MoMLSimpleApplication@7f041748
reloadAllAccessors: .arrayType11

===========================================================================================
----------------- testing Thu Sep 13 02:06:56 UTC 2018 /home/travis/build/icyphy/ptII/ptolemy/actor/lib/test/auto/arrayType12.xml
----------------- Instantiating /home/travis/build/icyphy/ptII/ptolemy/actor/lib/test/auto/arrayType12.xml
1 ms. Memory: 1738240K Free: 401581K (23%)
----------------- Invoking toplevel() on ptolemy.moml.MoMLSimpleApplication@5bf61df7
----------------- Done invoking toplevel() on ptolemy.moml.MoMLSimpleApplication@5bf61df7
reloadAllAccessors: .arrayType12

===========================================================================================
----------------- testing Thu Sep 13 02:06:56 UTC 2018 /home/travis/build/icyphy/ptII/ptolemy/actor/lib/test/auto/arrayType13.xml
----------------- Instantiating /home/travis/build/icyphy/ptII/ptolemy/actor/lib/test/auto/arrayType13.xml
1 ms. Memory: 1738240K Free: 386290K (22%)
----------------- Invoking toplevel() on ptolemy.moml.MoMLSimpleApplication@58631a7a
----------------- Done invoking toplevel() on ptolemy.moml.MoMLSimpleApplication@58631a7a
reloadAllAccessors: .arrayType13

===========================================================================================
----------------- testing Thu Sep 13 02:06:56 UTC 2018 /home/travis/build/icyphy/ptII/ptolemy/actor/lib/test/auto/arrayType14.xml
----------------- Instantiating /home/travis/build/icyphy/ptII/ptolemy/actor/lib/test/auto/arrayType14.xml
2 ms. Memory: 1738240K Free: 375374K (22%)
----------------- Invoking toplevel() on ptolemy.moml.MoMLSimpleApplication@596b71b0
----------------- Done invoking toplevel() on ptolemy.moml.MoMLSimpleApplication@596b71b0
reloadAllAccessors: .arrayType14

===========================================================================================
----------------- testing Thu Sep 13 02:06:56 UTC 2018 /home/travis/build/icyphy/ptII/ptolemy/actor/lib/test/auto/arrayType15.xml
----------------- Instantiating /home/travis/build/icyphy/ptII/ptolemy/actor/lib/test/auto/arrayType15.xml
1 ms. Memory: 1738240K Free: 360082K (21%)
----------------- Invoking toplevel() on ptolemy.moml.MoMLSimpleApplication@6c3c6bec
----------------- Done invoking toplevel() on ptolemy.moml.MoMLSimpleApplication@6c3c6bec
reloadAllAccessors: .arrayType15

===========================================================================================
----------------- testing Thu Sep 13 02:06:56 UTC 2018 /home/travis/build/icyphy/ptII/ptolemy/actor/lib/test/auto/arrayType16.xml
----------------- Instantiating /home/travis/build/icyphy/ptII/ptolemy/actor/lib/test/auto/arrayType16.xml
1 ms. Memory: 1738240K Free: 344791K (20%)
----------------- Invoking toplevel() on ptolemy.moml.MoMLSimpleApplication@66024b29
----------------- Done invoking toplevel() on ptolemy.moml.MoMLSimpleApplication@66024b29
reloadAllAccessors: .arrayType16

===========================================================================================
----------------- testing Thu Sep 13 02:06:56 UTC 2018 /home/travis/build/icyphy/ptII/ptolemy/actor/lib/test/auto/arrayType17.xml
----------------- Instantiating /home/travis/build/icyphy/ptII/ptolemy/actor/lib/test/auto/arrayType17.xml
1 ms. Memory: 1738240K Free: 333875K (19%)
----------------- Invoking toplevel() on ptolemy.moml.MoMLSimpleApplication@4ef3cd6a
----------------- Done invoking toplevel() on ptolemy.moml.MoMLSimpleApplication@4ef3cd6a
reloadAllAccessors: .arrayType17

===========================================================================================
----------------- testing Thu Sep 13 02:06:56 UTC 2018 /home/travis/build/icyphy/ptII/ptolemy/actor/lib/test/auto/arrayType18.xml
----------------- Instantiating /home/travis/build/icyphy/ptII/ptolemy/actor/lib/test/auto/arrayType18.xml
1 ms. Memory: 1738240K Free: 318583K (18%)
----------------- Invoking toplevel() on ptolemy.moml.MoMLSimpleApplication@19abb04b
----------------- Done invoking toplevel() on ptolemy.moml.MoMLSimpleApplication@19abb04b
reloadAllAccessors: .arrayType18

===========================================================================================
----------------- testing Thu Sep 13 02:06:56 UTC 2018 /home/travis/build/icyphy/ptII/ptolemy/actor/lib/test/auto/arrayType19.xml
----------------- Instantiating /home/travis/build/icyphy/ptII/ptolemy/actor/lib/test/auto/arrayType19.xml
1 ms. Memory: 1738240K Free: 307668K (18%)
----------------- Invoking toplevel() on ptolemy.moml.MoMLSimpleApplication@49b0abc0
----------------- Done invoking toplevel() on ptolemy.moml.MoMLSimpleApplication@49b0abc0
reloadAllAccessors: .arrayType19

===========================================================================================
----------------- testing Thu Sep 13 02:06:56 UTC 2018 /home/travis/build/icyphy/ptII/ptolemy/actor/lib/test/auto/arrayType2.xml
----------------- Instantiating /home/travis/build/icyphy/ptII/ptolemy/actor/lib/test/auto/arrayType2.xml
1 ms. Memory: 1738240K Free: 292376K (17%)
----------------- Invoking toplevel() on ptolemy.moml.MoMLSimpleApplication@21ec219e
----------------- Done invoking toplevel() on ptolemy.moml.MoMLSimpleApplication@21ec219e
reloadAllAccessors: .arrayType2

===========================================================================================
----------------- testing Thu Sep 13 02:06:56 UTC 2018 /home/travis/build/icyphy/ptII/ptolemy/actor/lib/test/auto/arrayType20.xml
----------------- Instantiating /home/travis/build/icyphy/ptII/ptolemy/actor/lib/test/auto/arrayType20.xml
2 ms. Memory: 1738240K Free: 281460K (16%)
----------------- Invoking toplevel() on ptolemy.moml.MoMLSimpleApplication@3642fbb7
----------------- Done invoking toplevel() on ptolemy.moml.MoMLSimpleApplication@3642fbb7
reloadAllAccessors: .arrayType20

===========================================================================================
----------------- testing Thu Sep 13 02:06:56 UTC 2018 /home/travis/build/icyphy/ptII/ptolemy/actor/lib/test/auto/arrayType21.xml
----------------- Instantiating /home/travis/build/icyphy/ptII/ptolemy/actor/lib/test/auto/arrayType21.xml
1 ms. Memory: 1738240K Free: 266169K (15%)
----------------- Invoking toplevel() on ptolemy.moml.MoMLSimpleApplication@6baab0ee
----------------- Done invoking toplevel() on ptolemy.moml.MoMLSimpleApplication@6baab0ee
reloadAllAccessors: .arrayType21

===========================================================================================
----------------- testing Thu Sep 13 02:06:56 UTC 2018 /home/travis/build/icyphy/ptII/ptolemy/actor/lib/test/auto/arrayType22.xml
----------------- Instantiating /home/travis/build/icyphy/ptII/ptolemy/actor/lib/test/auto/arrayType22.xml
2 ms. Memory: 1738240K Free: 250878K (14%)
----------------- Invoking toplevel() on ptolemy.moml.MoMLSimpleApplication@52b27de7
----------------- Done invoking toplevel() on ptolemy.moml.MoMLSimpleApplication@52b27de7
reloadAllAccessors: .arrayType22

===========================================================================================
----------------- testing Thu Sep 13 02:06:56 UTC 2018 /home/travis/build/icyphy/ptII/ptolemy/actor/lib/test/auto/arrayType23.xml
----------------- Instantiating /home/travis/build/icyphy/ptII/ptolemy/actor/lib/test/auto/arrayType23.xml
1 ms. Memory: 1738240K Free: 239962K (14%)
----------------- Invoking toplevel() on ptolemy.moml.MoMLSimpleApplication@55c6b3b8
----------------- Done invoking toplevel() on ptolemy.moml.MoMLSimpleApplication@55c6b3b8
reloadAllAccessors: .arrayType23

===========================================================================================
----------------- testing Thu Sep 13 02:06:56 UTC 2018 /home/travis/build/icyphy/ptII/ptolemy/actor/lib/test/auto/arrayType24.xml
----------------- Instantiating /home/travis/build/icyphy/ptII/ptolemy/actor/lib/test/auto/arrayType24.xml
1 ms. Memory: 1738240K Free: 224670K (13%)
----------------- Invoking toplevel() on ptolemy.moml.MoMLSimpleApplication@e2a8186
----------------- Done invoking toplevel() on ptolemy.moml.MoMLSimpleApplication@e2a8186
reloadAllAccessors: .arrayType24

===========================================================================================
----------------- testing Thu Sep 13 02:06:56 UTC 2018 /home/travis/build/icyphy/ptII/ptolemy/actor/lib/test/auto/arrayType25.xml
----------------- Instantiating /home/travis/build/icyphy/ptII/ptolemy/actor/lib/test/auto/arrayType25.xml
1 ms. Memory: 1738240K Free: 213754K (12%)
----------------- Invoking toplevel() on ptolemy.moml.MoMLSimpleApplication@321f5fd2
----------------- Done invoking toplevel() on ptolemy.moml.MoMLSimpleApplication@321f5fd2
reloadAllAccessors: .arrayType25

===========================================================================================
----------------- testing Thu Sep 13 02:06:56 UTC 2018 /home/travis/build/icyphy/ptII/ptolemy/actor/lib/test/auto/arrayType26.xml
----------------- Instantiating /home/travis/build/icyphy/ptII/ptolemy/actor/lib/test/auto/arrayType26.xml
1 ms. Memory: 1738240K Free: 198463K (11%)
----------------- Invoking toplevel() on ptolemy.moml.MoMLSimpleApplication@7f9f7133
----------------- Done invoking toplevel() on ptolemy.moml.MoMLSimpleApplication@7f9f7133
reloadAllAccessors: .arrayType26

===========================================================================================
----------------- testing Thu Sep 13 02:06:56 UTC 2018 /home/travis/build/icyphy/ptII/ptolemy/actor/lib/test/auto/arrayType27.xml
----------------- Instantiating /home/travis/build/icyphy/ptII/ptolemy/actor/lib/test/auto/arrayType27.xml
3 ms. Memory: 1738240K Free: 183172K (11%)
----------------- Invoking toplevel() on ptolemy.moml.MoMLSimpleApplication@65fd9244
----------------- Done invoking toplevel() on ptolemy.moml.MoMLSimpleApplication@65fd9244
reloadAllAccessors: .arrayType27

===========================================================================================
----------------- testing Thu Sep 13 02:06:56 UTC 2018 /home/travis/build/icyphy/ptII/ptolemy/actor/lib/test/auto/arrayType28.xml
----------------- Instantiating /home/travis/build/icyphy/ptII/ptolemy/actor/lib/test/auto/arrayType28.xml
2 ms. Memory: 1738240K Free: 172256K (10%)
----------------- Invoking toplevel() on ptolemy.moml.MoMLSimpleApplication@180a7c00
----------------- Done invoking toplevel() on ptolemy.moml.MoMLSimpleApplication@180a7c00
reloadAllAccessors: .arrayType28

===========================================================================================
----------------- testing Thu Sep 13 02:06:56 UTC 2018 /home/travis/build/icyphy/ptII/ptolemy/actor/lib/test/auto/arrayType3.xml
----------------- Instantiating /home/travis/build/icyphy/ptII/ptolemy/actor/lib/test/auto/arrayType3.xml
1 ms. Memory: 1738240K Free: 156964K (9%)
----------------- Invoking toplevel() on ptolemy.moml.MoMLSimpleApplication@28aa1efc
----------------- Done invoking toplevel() on ptolemy.moml.MoMLSimpleApplication@28aa1efc
reloadAllAccessors: .arrayType3

===========================================================================================
----------------- testing Thu Sep 13 02:06:56 UTC 2018 /home/travis/build/icyphy/ptII/ptolemy/actor/lib/test/auto/arrayType4.xml
----------------- Instantiating /home/travis/build/icyphy/ptII/ptolemy/actor/lib/test/auto/arrayType4.xml
1 ms. Memory: 1738240K Free: 146048K (8%)
----------------- Invoking toplevel() on ptolemy.moml.MoMLSimpleApplication@2eee9b42
----------------- Done invoking toplevel() on ptolemy.moml.MoMLSimpleApplication@2eee9b42
reloadAllAccessors: .arrayType4

===========================================================================================
----------------- testing Thu Sep 13 02:06:56 UTC 2018 /home/travis/build/icyphy/ptII/ptolemy/actor/lib/test/auto/arrayType5.xml
----------------- Instantiating /home/travis/build/icyphy/ptII/ptolemy/actor/lib/test/auto/arrayType5.xml
2 ms. Memory: 1738240K Free: 130757K (8%)
----------------- Invoking toplevel() on ptolemy.moml.MoMLSimpleApplication@67c963f
----------------- Done invoking toplevel() on ptolemy.moml.MoMLSimpleApplication@67c963f
reloadAllAccessors: .arrayType5

===========================================================================================
----------------- testing Thu Sep 13 02:06:56 UTC 2018 /home/travis/build/icyphy/ptII/ptolemy/actor/lib/test/auto/arrayType6.xml
----------------- Instantiating /home/travis/build/icyphy/ptII/ptolemy/actor/lib/test/auto/arrayType6.xml
2 ms. Memory: 1738240K Free: 119841K (7%)
----------------- Invoking toplevel() on ptolemy.moml.MoMLSimpleApplication@39c7cdf3
----------------- Done invoking toplevel() on ptolemy.moml.MoMLSimpleApplication@39c7cdf3
reloadAllAccessors: .arrayType6

===========================================================================================
----------------- testing Thu Sep 13 02:06:56 UTC 2018 /home/travis/build/icyphy/ptII/ptolemy/actor/lib/test/auto/arrayType7.xml
----------------- Instantiating /home/travis/build/icyphy/ptII/ptolemy/actor/lib/test/auto/arrayType7.xml
2 ms. Memory: 1738240K Free: 104549K (6%)
----------------- Invoking toplevel() on ptolemy.moml.MoMLSimpleApplication@687080fc
----------------- Done invoking toplevel() on ptolemy.moml.MoMLSimpleApplication@687080fc
reloadAllAccessors: .arrayType7

===========================================================================================
----------------- testing Thu Sep 13 02:06:56 UTC 2018 /home/travis/build/icyphy/ptII/ptolemy/actor/lib/test/auto/arrayType8.xml
----------------- Instantiating /home/travis/build/icyphy/ptII/ptolemy/actor/lib/test/auto/arrayType8.xml
2 ms. Memory: 1738240K Free: 89258K (5%)
----------------- Invoking toplevel() on ptolemy.moml.MoMLSimpleApplication@5b14969
----------------- Done invoking toplevel() on ptolemy.moml.MoMLSimpleApplication@5b14969
reloadAllAccessors: .arrayType8

===========================================================================================
----------------- testing Thu Sep 13 02:06:56 UTC 2018 /home/travis/build/icyphy/ptII/ptolemy/actor/lib/test/auto/arrayType9.xml
----------------- Instantiating /home/travis/build/icyphy/ptII/ptolemy/actor/lib/test/auto/arrayType9.xml
2 ms. Memory: 1738240K Free: 78342K (5%)
----------------- Invoking toplevel() on ptolemy.moml.MoMLSimpleApplication@57bb918c
----------------- Done invoking toplevel() on ptolemy.moml.MoMLSimpleApplication@57bb918c
reloadAllAccessors: .arrayType9

===========================================================================================
----------------- testing Thu Sep 13 02:06:56 UTC 2018 /home/travis/build/icyphy/ptII/ptolemy/actor/lib/test/auto/cast.xml
----------------- Instantiating /home/travis/build/icyphy/ptII/ptolemy/actor/lib/test/auto/cast.xml
2 ms. Memory: 1738240K Free: 63051K (4%)
----------------- Invoking toplevel() on ptolemy.moml.MoMLSimpleApplication@50fe5ccc
----------------- Done invoking toplevel() on ptolemy.moml.MoMLSimpleApplication@50fe5ccc
reloadAllAccessors: .cast

===========================================================================================
----------------- testing Thu Sep 13 02:06:56 UTC 2018 /home/travis/build/icyphy/ptII/ptolemy/actor/lib/test/auto/compositeMultiPort.xml
----------------- Instantiating /home/travis/build/icyphy/ptII/ptolemy/actor/lib/test/auto/compositeMultiPort.xml
3 ms. Memory: 1761280K Free: 1697972K (96%)
----------------- Invoking toplevel() on ptolemy.moml.MoMLSimpleApplication@7e2259ab
----------------- Done invoking toplevel() on ptolemy.moml.MoMLSimpleApplication@7e2259ab
reloadAllAccessors: .compositeMultiPort

===========================================================================================
----------------- testing Thu Sep 13 02:06:56 UTC 2018 /home/travis/build/icyphy/ptII/ptolemy/actor/lib/test/auto/expressionCastInference.xml
----------------- Instantiating /home/travis/build/icyphy/ptII/ptolemy/actor/lib/test/auto/expressionCastInference.xml
5 ms. Memory: 1761280K Free: 1680154K (95%)
----------------- Invoking toplevel() on ptolemy.moml.MoMLSimpleApplication@58fd6f9e
----------------- Done invoking toplevel() on ptolemy.moml.MoMLSimpleApplication@58fd6f9e
reloadAllAccessors: .expressionCastInference

===========================================================================================
----------------- testing Thu Sep 13 02:06:56 UTC 2018 /home/travis/build/icyphy/ptII/ptolemy/actor/lib/test/auto/expressionCastInference2.xml
----------------- Instantiating /home/travis/build/icyphy/ptII/ptolemy/actor/lib/test/auto/expressionCastInference2.xml
1 ms. Memory: 1761280K Free: 1662336K (94%)
----------------- Invoking toplevel() on ptolemy.moml.MoMLSimpleApplication@1839b3e3
----------------- Done invoking toplevel() on ptolemy.moml.MoMLSimpleApplication@1839b3e3
reloadAllAccessors: .expressionCastInference2

===========================================================================================
----------------- testing Thu Sep 13 02:06:56 UTC 2018 /home/travis/build/icyphy/ptII/ptolemy/actor/lib/test/auto/expressionInference.xml
----------------- Instantiating /home/travis/build/icyphy/ptII/ptolemy/actor/lib/test/auto/expressionInference.xml
2 ms. Memory: 1761280K Free: 1649176K (94%)
----------------- Invoking toplevel() on ptolemy.moml.MoMLSimpleApplication@e908ee
----------------- Done invoking toplevel() on ptolemy.moml.MoMLSimpleApplication@e908ee
reloadAllAccessors: .expressionInference

===========================================================================================
----------------- testing Thu Sep 13 02:06:56 UTC 2018 /home/travis/build/icyphy/ptII/ptolemy/actor/lib/test/auto/expression_bug.xml
----------------- Instantiating /home/travis/build/icyphy/ptII/ptolemy/actor/lib/test/auto/expression_bug.xml
1 ms. Memory: 1761280K Free: 1631358K (93%)
----------------- Invoking toplevel() on ptolemy.moml.MoMLSimpleApplication@3ddd0d7f
----------------- Done invoking toplevel() on ptolemy.moml.MoMLSimpleApplication@3ddd0d7f
reloadAllAccessors: .expression_bug

===========================================================================================
----------------- testing Thu Sep 13 02:06:56 UTC 2018 /home/travis/build/icyphy/ptII/ptolemy/actor/lib/test/auto/factorial.xml
----------------- Instantiating /home/travis/build/icyphy/ptII/ptolemy/actor/lib/test/auto/factorial.xml
33 ms. Memory: 1761280K Free: 1618158K (92%)
----------------- Invoking toplevel() on ptolemy.moml.MoMLSimpleApplication@2025bba
----------------- Done invoking toplevel() on ptolemy.moml.MoMLSimpleApplication@2025bba
reloadAllAccessors: .factorial

===========================================================================================
----------------- testing Thu Sep 13 02:06:56 UTC 2018 /home/travis/build/icyphy/ptII/ptolemy/actor/lib/test/auto/filterTest1.xml
----------------- Instantiating /home/travis/build/icyphy/ptII/ptolemy/actor/lib/test/auto/filterTest1.xml
2 ms. Memory: 1761280K Free: 1600340K (91%)
----------------- Invoking toplevel() on ptolemy.moml.MoMLSimpleApplication@396827c4
----------------- Done invoking toplevel() on ptolemy.moml.MoMLSimpleApplication@396827c4
reloadAllAccessors: .filterTest1

===========================================================================================
----------------- testing Thu Sep 13 02:06:56 UTC 2018 /home/travis/build/icyphy/ptII/ptolemy/actor/lib/test/auto/funcApplyInConst.xml
----------------- Instantiating /home/travis/build/icyphy/ptII/ptolemy/actor/lib/test/auto/funcApplyInConst.xml
1 ms. Memory: 1761280K Free: 1587179K (90%)
----------------- Invoking toplevel() on ptolemy.moml.MoMLSimpleApplication@771d4fa0
----------------- Done invoking toplevel() on ptolemy.moml.MoMLSimpleApplication@771d4fa0
reloadAllAccessors: .funcApplyInConst

===========================================================================================
----------------- testing Thu Sep 13 02:06:56 UTC 2018 /home/travis/build/icyphy/ptII/ptolemy/actor/lib/test/auto/funcApplyInExpr.xml
----------------- Instantiating /home/travis/build/icyphy/ptII/ptolemy/actor/lib/test/auto/funcApplyInExpr.xml
1 ms. Memory: 1761280K Free: 1569361K (89%)
----------------- Invoking toplevel() on ptolemy.moml.MoMLSimpleApplication@6fd7baf5
----------------- Done invoking toplevel() on ptolemy.moml.MoMLSimpleApplication@6fd7baf5
reloadAllAccessors: .funcApplyInExpr

===========================================================================================
----------------- testing Thu Sep 13 02:06:56 UTC 2018 /home/travis/build/icyphy/ptII/ptolemy/actor/lib/test/auto/function.xml
----------------- Instantiating /home/travis/build/icyphy/ptII/ptolemy/actor/lib/test/auto/function.xml
2 ms. Memory: 1761280K Free: 1556201K (88%)
----------------- Invoking toplevel() on ptolemy.moml.MoMLSimpleApplication@522d9baf
----------------- Done invoking toplevel() on ptolemy.moml.MoMLSimpleApplication@522d9baf
reloadAllAccessors: .function

===========================================================================================
----------------- testing Thu Sep 13 02:06:56 UTC 2018 /home/travis/build/icyphy/ptII/ptolemy/actor/lib/test/auto/function2.xml
----------------- Instantiating /home/travis/build/icyphy/ptII/ptolemy/actor/lib/test/auto/function2.xml
2 ms. Memory: 1761280K Free: 1538383K (87%)
----------------- Invoking toplevel() on ptolemy.moml.MoMLSimpleApplication@6273fac6
----------------- Done invoking toplevel() on ptolemy.moml.MoMLSimpleApplication@6273fac6
reloadAllAccessors: .function2

===========================================================================================
----------------- testing Thu Sep 13 02:06:56 UTC 2018 /home/travis/build/icyphy/ptII/ptolemy/actor/lib/test/auto/function3.xml
----------------- Instantiating /home/travis/build/icyphy/ptII/ptolemy/actor/lib/test/auto/function3.xml
1 ms. Memory: 1761280K Free: 1520565K (86%)
----------------- Invoking toplevel() on ptolemy.moml.MoMLSimpleApplication@738e1ca0
----------------- Done invoking toplevel() on ptolemy.moml.MoMLSimpleApplication@738e1ca0
reloadAllAccessors: .function3

===========================================================================================
----------------- testing Thu Sep 13 02:06:56 UTC 2018 /home/travis/build/icyphy/ptII/ptolemy/actor/lib/test/auto/functionClosureTest1.xml
----------------- Instantiating /home/travis/build/icyphy/ptII/ptolemy/actor/lib/test/auto/functionClosureTest1.xml
2 ms. Memory: 1761280K Free: 1507405K (86%)
----------------- Invoking toplevel() on ptolemy.moml.MoMLSimpleApplication@40bce528
----------------- Done invoking toplevel() on ptolemy.moml.MoMLSimpleApplication@40bce528
reloadAllAccessors: .functionClosureTest1

===========================================================================================
----------------- testing Thu Sep 13 02:06:56 UTC 2018 /home/travis/build/icyphy/ptII/ptolemy/actor/lib/test/auto/functionClosureTest2.xml
----------------- Instantiating /home/travis/build/icyphy/ptII/ptolemy/actor/lib/test/auto/functionClosureTest2.xml
1 ms. Memory: 1761280K Free: 1489587K (85%)
----------------- Invoking toplevel() on ptolemy.moml.MoMLSimpleApplication@53753ad1
----------------- Done invoking toplevel() on ptolemy.moml.MoMLSimpleApplication@53753ad1
reloadAllAccessors: .functionClosureTest2

===========================================================================================
----------------- testing Thu Sep 13 02:06:56 UTC 2018 /home/travis/build/icyphy/ptII/ptolemy/actor/lib/test/auto/functionClosureTest3.xml
----------------- Instantiating /home/travis/build/icyphy/ptII/ptolemy/actor/lib/test/auto/functionClosureTest3.xml
2 ms. Memory: 1761280K Free: 1476427K (84%)
----------------- Invoking toplevel() on ptolemy.moml.MoMLSimpleApplication@5a0a7c2e
----------------- Done invoking toplevel() on ptolemy.moml.MoMLSimpleApplication@5a0a7c2e
reloadAllAccessors: .functionClosureTest3

===========================================================================================
----------------- testing Thu Sep 13 02:06:56 UTC 2018 /home/travis/build/icyphy/ptII/ptolemy/actor/lib/test/auto/functionClosureTest4.xml
----------------- Instantiating /home/travis/build/icyphy/ptII/ptolemy/actor/lib/test/auto/functionClosureTest4.xml
4 ms. Memory: 1761280K Free: 1458609K (83%)
----------------- Invoking toplevel() on ptolemy.moml.MoMLSimpleApplication@169ba4
----------------- Done invoking toplevel() on ptolemy.moml.MoMLSimpleApplication@169ba4
reloadAllAccessors: .functionClosureTest4

===========================================================================================
----------------- testing Thu Sep 13 02:06:56 UTC 2018 /home/travis/build/icyphy/ptII/ptolemy/actor/lib/test/auto/functionClosureTest5.xml
----------------- Instantiating /home/travis/build/icyphy/ptII/ptolemy/actor/lib/test/auto/functionClosureTest5.xml
3 ms. Memory: 1761280K Free: 1445448K (82%)
----------------- Invoking toplevel() on ptolemy.moml.MoMLSimpleApplication@4d4a2c07
----------------- Done invoking toplevel() on ptolemy.moml.MoMLSimpleApplication@4d4a2c07
reloadAllAccessors: .functionClosureTest5

===========================================================================================
----------------- testing Thu Sep 13 02:06:56 UTC 2018 /home/travis/build/icyphy/ptII/ptolemy/actor/lib/test/auto/functionClosureTest6.xml
----------------- Instantiating /home/travis/build/icyphy/ptII/ptolemy/actor/lib/test/auto/functionClosureTest6.xml
3 ms. Memory: 1761280K Free: 1427630K (81%)
----------------- Invoking toplevel() on ptolemy.moml.MoMLSimpleApplication@677a8149
----------------- Done invoking toplevel() on ptolemy.moml.MoMLSimpleApplication@677a8149
reloadAllAccessors: .functionClosureTest6

===========================================================================================
----------------- testing Thu Sep 13 02:06:56 UTC 2018 /home/travis/build/icyphy/ptII/ptolemy/actor/lib/test/auto/functionsOnArcs.xml
----------------- Instantiating /home/travis/build/icyphy/ptII/ptolemy/actor/lib/test/auto/functionsOnArcs.xml
1 ms. Memory: 1761280K Free: 1414470K (80%)
----------------- Invoking toplevel() on ptolemy.moml.MoMLSimpleApplication@4508996f
----------------- Done invoking toplevel() on ptolemy.moml.MoMLSimpleApplication@4508996f
reloadAllAccessors: .functionsOnArcs

===========================================================================================
----------------- testing Thu Sep 13 02:06:56 UTC 2018 /home/travis/build/icyphy/ptII/ptolemy/actor/lib/test/auto/functionsOnArcsHOF.xml
----------------- Instantiating /home/travis/build/icyphy/ptII/ptolemy/actor/lib/test/auto/functionsOnArcsHOF.xml
2 ms. Memory: 1761280K Free: 1396652K (79%)
----------------- Invoking toplevel() on ptolemy.moml.MoMLSimpleApplication@79f4e785
----------------- Done invoking toplevel() on ptolemy.moml.MoMLSimpleApplication@79f4e785
reloadAllAccessors: .functionsOnArcsHOF

===========================================================================================
----------------- testing Thu Sep 13 02:06:56 UTC 2018 /home/travis/build/icyphy/ptII/ptolemy/actor/lib/test/auto/logic.xml
----------------- Instantiating /home/travis/build/icyphy/ptII/ptolemy/actor/lib/test/auto/logic.xml
2 ms. Memory: 1761280K Free: 1378834K (78%)
----------------- Invoking toplevel() on ptolemy.moml.MoMLSimpleApplication@5521279
----------------- Done invoking toplevel() on ptolemy.moml.MoMLSimpleApplication@5521279
reloadAllAccessors: .logic

===========================================================================================
----------------- testing Thu Sep 13 02:06:56 UTC 2018 /home/travis/build/icyphy/ptII/ptolemy/actor/lib/test/auto/matrixType.xml
----------------- Instantiating /home/travis/build/icyphy/ptII/ptolemy/actor/lib/test/auto/matrixType.xml
1 ms. Memory: 1761280K Free: 1365674K (78%)
----------------- Invoking toplevel() on ptolemy.moml.MoMLSimpleApplication@72bd1d60
----------------- Done invoking toplevel() on ptolemy.moml.MoMLSimpleApplication@72bd1d60
reloadAllAccessors: .matrixType

===========================================================================================
----------------- testing Thu Sep 13 02:06:56 UTC 2018 /home/travis/build/icyphy/ptII/ptolemy/actor/lib/test/auto/matrixType10.xml
----------------- Instantiating /home/travis/build/icyphy/ptII/ptolemy/actor/lib/test/auto/matrixType10.xml
2 ms. Memory: 1761280K Free: 1347856K (77%)
----------------- Invoking toplevel() on ptolemy.moml.MoMLSimpleApplication@3b6dc083
----------------- Done invoking toplevel() on ptolemy.moml.MoMLSimpleApplication@3b6dc083
reloadAllAccessors: .matrixType10

===========================================================================================
----------------- testing Thu Sep 13 02:06:56 UTC 2018 /home/travis/build/icyphy/ptII/ptolemy/actor/lib/test/auto/matrixType11.xml
----------------- Instantiating /home/travis/build/icyphy/ptII/ptolemy/actor/lib/test/auto/matrixType11.xml
1 ms. Memory: 1761280K Free: 1334696K (76%)
----------------- Invoking toplevel() on ptolemy.moml.MoMLSimpleApplication@1e5478bb
----------------- Done invoking toplevel() on ptolemy.moml.MoMLSimpleApplication@1e5478bb
reloadAllAccessors: .matrixType11

===========================================================================================
----------------- testing Thu Sep 13 02:06:56 UTC 2018 /home/travis/build/icyphy/ptII/ptolemy/actor/lib/test/auto/matrixType12.xml
----------------- Instantiating /home/travis/build/icyphy/ptII/ptolemy/actor/lib/test/auto/matrixType12.xml
1 ms. Memory: 1761280K Free: 1316878K (75%)
----------------- Invoking toplevel() on ptolemy.moml.MoMLSimpleApplication@4c06e91f
----------------- Done invoking toplevel() on ptolemy.moml.MoMLSimpleApplication@4c06e91f
reloadAllAccessors: .matrixType12

===========================================================================================
----------------- testing Thu Sep 13 02:06:56 UTC 2018 /home/travis/build/icyphy/ptII/ptolemy/actor/lib/test/auto/matrixType13.xml
----------------- Instantiating /home/travis/build/icyphy/ptII/ptolemy/actor/lib/test/auto/matrixType13.xml
1 ms. Memory: 1761280K Free: 1303717K (74%)
----------------- Invoking toplevel() on ptolemy.moml.MoMLSimpleApplication@35d8f7d8
----------------- Done invoking toplevel() on ptolemy.moml.MoMLSimpleApplication@35d8f7d8
reloadAllAccessors: .matrixType13

===========================================================================================
----------------- testing Thu Sep 13 02:06:56 UTC 2018 /home/travis/build/icyphy/ptII/ptolemy/actor/lib/test/auto/matrixType14.xml
----------------- Instantiating /home/travis/build/icyphy/ptII/ptolemy/actor/lib/test/auto/matrixType14.xml
1 ms. Memory: 1761280K Free: 1285899K (73%)
----------------- Invoking toplevel() on ptolemy.moml.MoMLSimpleApplication@6d6b1542
----------------- Done invoking toplevel() on ptolemy.moml.MoMLSimpleApplication@6d6b1542
reloadAllAccessors: .matrixType14

===========================================================================================
----------------- testing Thu Sep 13 02:06:56 UTC 2018 /home/travis/build/icyphy/ptII/ptolemy/actor/lib/test/auto/matrixType2.xml
----------------- Instantiating /home/travis/build/icyphy/ptII/ptolemy/actor/lib/test/auto/matrixType2.xml
1 ms. Memory: 1761280K Free: 1268082K (72%)
----------------- Invoking toplevel() on ptolemy.moml.MoMLSimpleApplication@46000342
----------------- Done invoking toplevel() on ptolemy.moml.MoMLSimpleApplication@46000342
reloadAllAccessors: .matrixType2

===========================================================================================
----------------- testing Thu Sep 13 02:06:56 UTC 2018 /home/travis/build/icyphy/ptII/ptolemy/actor/lib/test/auto/matrixType3.xml
----------------- Instantiating /home/travis/build/icyphy/ptII/ptolemy/actor/lib/test/auto/matrixType3.xml
3 ms. Memory: 1761280K Free: 1254921K (71%)
----------------- Invoking toplevel() on ptolemy.moml.MoMLSimpleApplication@6bceec04
----------------- Done invoking toplevel() on ptolemy.moml.MoMLSimpleApplication@6bceec04
reloadAllAccessors: .matrixType3

===========================================================================================
----------------- testing Thu Sep 13 02:06:57 UTC 2018 /home/travis/build/icyphy/ptII/ptolemy/actor/lib/test/auto/matrixType4.xml
----------------- Instantiating /home/travis/build/icyphy/ptII/ptolemy/actor/lib/test/auto/matrixType4.xml
2 ms. Memory: 1761280K Free: 1237103K (70%)
----------------- Invoking toplevel() on ptolemy.moml.MoMLSimpleApplication@4eba3448
----------------- Done invoking toplevel() on ptolemy.moml.MoMLSimpleApplication@4eba3448
reloadAllAccessors: .matrixType4

===========================================================================================
----------------- testing Thu Sep 13 02:06:57 UTC 2018 /home/travis/build/icyphy/ptII/ptolemy/actor/lib/test/auto/matrixType5.xml
----------------- Instantiating /home/travis/build/icyphy/ptII/ptolemy/actor/lib/test/auto/matrixType5.xml
1 ms. Memory: 1761280K Free: 1223943K (69%)
----------------- Invoking toplevel() on ptolemy.moml.MoMLSimpleApplication@762c4f55
----------------- Done invoking toplevel() on ptolemy.moml.MoMLSimpleApplication@762c4f55
reloadAllAccessors: .matrixType5

===========================================================================================
----------------- testing Thu Sep 13 02:06:57 UTC 2018 /home/travis/build/icyphy/ptII/ptolemy/actor/lib/test/auto/matrixType6.xml
----------------- Instantiating /home/travis/build/icyphy/ptII/ptolemy/actor/lib/test/auto/matrixType6.xml
1 ms. Memory: 1761280K Free: 1206125K (68%)
----------------- Invoking toplevel() on ptolemy.moml.MoMLSimpleApplication@4dae93c0
----------------- Done invoking toplevel() on ptolemy.moml.MoMLSimpleApplication@4dae93c0
reloadAllAccessors: .matrixType6

===========================================================================================
----------------- testing Thu Sep 13 02:06:57 UTC 2018 /home/travis/build/icyphy/ptII/ptolemy/actor/lib/test/auto/matrixType7.xml
----------------- Instantiating /home/travis/build/icyphy/ptII/ptolemy/actor/lib/test/auto/matrixType7.xml
2 ms. Memory: 1761280K Free: 1192965K (68%)
----------------- Invoking toplevel() on ptolemy.moml.MoMLSimpleApplication@20bd2fa5
----------------- Done invoking toplevel() on ptolemy.moml.MoMLSimpleApplication@20bd2fa5
reloadAllAccessors: .matrixType7

===========================================================================================
----------------- testing Thu Sep 13 02:06:57 UTC 2018 /home/travis/build/icyphy/ptII/ptolemy/actor/lib/test/auto/matrixType8.xml
----------------- Instantiating /home/travis/build/icyphy/ptII/ptolemy/actor/lib/test/auto/matrixType8.xml
1 ms. Memory: 1761280K Free: 1175147K (67%)
----------------- Invoking toplevel() on ptolemy.moml.MoMLSimpleApplication@6e7c86d6
----------------- Done invoking toplevel() on ptolemy.moml.MoMLSimpleApplication@6e7c86d6
reloadAllAccessors: .matrixType8

===========================================================================================
----------------- testing Thu Sep 13 02:06:57 UTC 2018 /home/travis/build/icyphy/ptII/ptolemy/actor/lib/test/auto/matrixType9.xml
----------------- Instantiating /home/travis/build/icyphy/ptII/ptolemy/actor/lib/test/auto/matrixType9.xml
1 ms. Memory: 1761280K Free: 1161986K (66%)
----------------- Invoking toplevel() on ptolemy.moml.MoMLSimpleApplication@d4fe59f
----------------- Done invoking toplevel() on ptolemy.moml.MoMLSimpleApplication@d4fe59f
reloadAllAccessors: .matrixType9

===========================================================================================
----------------- testing Thu Sep 13 02:06:57 UTC 2018 /home/travis/build/icyphy/ptII/ptolemy/actor/lib/test/auto/paraFunctest.xml
----------------- Instantiating /home/travis/build/icyphy/ptII/ptolemy/actor/lib/test/auto/paraFunctest.xml
1 ms. Memory: 1761280K Free: 1144169K (65%)
----------------- Invoking toplevel() on ptolemy.moml.MoMLSimpleApplication@4bb064c1
----------------- Done invoking toplevel() on ptolemy.moml.MoMLSimpleApplication@4bb064c1
reloadAllAccessors: .paraFunctest

===========================================================================================
----------------- testing Thu Sep 13 02:06:57 UTC 2018 /home/travis/build/icyphy/ptII/ptolemy/actor/lib/test/auto/paraFunctest2.xml
----------------- Instantiating /home/travis/build/icyphy/ptII/ptolemy/actor/lib/test/auto/paraFunctest2.xml
1 ms. Memory: 1761280K Free: 1126351K (64%)
----------------- Invoking toplevel() on ptolemy.moml.MoMLSimpleApplication@65471aa
----------------- Done invoking toplevel() on ptolemy.moml.MoMLSimpleApplication@65471aa
reloadAllAccessors: .paraFunctest2

===========================================================================================
----------------- testing Thu Sep 13 02:06:57 UTC 2018 /home/travis/build/icyphy/ptII/ptolemy/actor/lib/test/auto/parameterPassing.xml
----------------- Instantiating /home/travis/build/icyphy/ptII/ptolemy/actor/lib/test/auto/parameterPassing.xml
1 ms. Memory: 1761280K Free: 1113190K (63%)
----------------- Invoking toplevel() on ptolemy.moml.MoMLSimpleApplication@4a0ce3f
----------------- Done invoking toplevel() on ptolemy.moml.MoMLSimpleApplication@4a0ce3f
reloadAllAccessors: .parameterPassing

===========================================================================================
----------------- testing Thu Sep 13 02:06:57 UTC 2018 /home/travis/build/icyphy/ptII/ptolemy/actor/lib/test/auto/record.xml
----------------- Instantiating /home/travis/build/icyphy/ptII/ptolemy/actor/lib/test/auto/record.xml
1 ms. Memory: 1761280K Free: 1095372K (62%)
----------------- Invoking toplevel() on ptolemy.moml.MoMLSimpleApplication@574f080b
----------------- Done invoking toplevel() on ptolemy.moml.MoMLSimpleApplication@574f080b
reloadAllAccessors: .record

===========================================================================================
----------------- testing Thu Sep 13 02:06:57 UTC 2018 /home/travis/build/icyphy/ptII/ptolemy/actor/lib/test/auto/sizedarray1.xml
----------------- Instantiating /home/travis/build/icyphy/ptII/ptolemy/actor/lib/test/auto/sizedarray1.xml
1 ms. Memory: 1761280K Free: 1082212K (61%)
----------------- Invoking toplevel() on ptolemy.moml.MoMLSimpleApplication@70cb0071
----------------- Done invoking toplevel() on ptolemy.moml.MoMLSimpleApplication@70cb0071
reloadAllAccessors: .sizedarray1

===========================================================================================
----------------- testing Thu Sep 13 02:06:57 UTC 2018 /home/travis/build/icyphy/ptII/ptolemy/actor/lib/test/auto/sizedarray2.xml
----------------- Instantiating /home/travis/build/icyphy/ptII/ptolemy/actor/lib/test/auto/sizedarray2.xml
2 ms. Memory: 1761280K Free: 1064394K (60%)
----------------- Invoking toplevel() on ptolemy.moml.MoMLSimpleApplication@e766c63
----------------- Done invoking toplevel() on ptolemy.moml.MoMLSimpleApplication@e766c63
reloadAllAccessors: .sizedarray2

===========================================================================================
----------------- testing Thu Sep 13 02:06:57 UTC 2018 /home/travis/build/icyphy/ptII/ptolemy/actor/lib/test/auto/twoPublishers.xml
----------------- Instantiating /home/travis/build/icyphy/ptII/ptolemy/actor/lib/test/auto/twoPublishers.xml
4 ms. Memory: 1761280K Free: 1044653K (59%)
----------------- Invoking toplevel() on ptolemy.moml.MoMLSimpleApplication@44aff518
----------------- Done invoking toplevel() on ptolemy.moml.MoMLSimpleApplication@44aff518
reloadAllAccessors: .twoPublishers
AutoTests.java: About to close Vertx.
AutoTests.java: Vertx closed.
]]></system-out>
  <system-err><![CDATA[java.lang.RuntimeException: Execution failed
	at ptolemy.moml.MoMLSimpleApplication$UnloadThread.run(MoMLSimpleApplication.java:402)
Caused by: java.lang.RuntimeException: Normally, we would exit here because Manager.exitAfterWrapup() was called.  However, because the ptolemy.ptII.exitAfterWrapup property is set, we throw this exception instead.
	at ptolemy.util.StringUtilities.exit(StringUtilities.java:363)
	at ptolemy.actor.Manager.wrapup(Manager.java:1531)
	at ptolemy.actor.Manager.execute(Manager.java:407)
	at ptolemy.actor.Manager.run(Manager.java:1263)
	at ptolemy.actor.Manager$PtolemyRunThread.run(Manager.java:1915)
Warning: '.top.test' is in training mode, set the trainingMode parameter to false before checking in
Warning: '.top.test' is in training mode, set the trainingMode parameter to false before checking in
Warning: '.top.test' is in training mode, set the trainingMode parameter to false before checking in
Warning: '.BooleanSwitch_RegressionTest_WrongTrainingValues.Test' is in training mode, set the trainingMode parameter to false before checking in
Warning: '.BooleanSwitch_RegressionTest_WrongTrainingValues.Test2' is in training mode, set the trainingMode parameter to false before checking in
Warning: '.BooleanSwitch_RegressionTest_WrongTrainingValues.Test2' The test produced 0 tokens.
Warning: '.top.testExceptionHandler' is in training mode, set the trainingMode parameter to false before checking in
java.lang.RuntimeException: Execution failed
	at ptolemy.moml.MoMLSimpleApplication$UnloadThread.run(MoMLSimpleApplication.java:402)
Caused by: ptolemy.kernel.util.IllegalActionException: PublisherPorts cannot be used at the top level, use a Publisher actor instead.
  in .PublisherPortToplevelSubscriber.PublisherPort
	at ptolemy.actor.PublisherPort.preinitialize(PublisherPort.java:403)
	at ptolemy.actor.CompositeActor.preinitialize(CompositeActor.java:1769)
	at ptolemy.actor.Manager.preinitializeAndResolveTypes(Manager.java:1040)
	at ptolemy.actor.Manager.initialize(Manager.java:710)
	at ptolemy.actor.Manager.execute(Manager.java:356)
	at ptolemy.actor.Manager.run(Manager.java:1263)
	at ptolemy.actor.Manager$PtolemyRunThread.run(Manager.java:1915)
java.lang.reflect.InvocationTargetException
	at sun.reflect.NativeConstructorAccessorImpl.newInstance0(Native Method)
	at sun.reflect.NativeConstructorAccessorImpl.newInstance(NativeConstructorAccessorImpl.java:62)
	at sun.reflect.DelegatingConstructorAccessorImpl.newInstance(DelegatingConstructorAccessorImpl.java:45)
	at java.lang.reflect.Constructor.newInstance(Constructor.java:423)
	at ptolemy.util.test.junit.AutoKnownFailedTests.RunModel(AutoKnownFailedTests.java:107)
	at sun.reflect.NativeMethodAccessorImpl.invoke0(Native Method)
	at sun.reflect.NativeMethodAccessorImpl.invoke(NativeMethodAccessorImpl.java:62)
	at sun.reflect.DelegatingMethodAccessorImpl.invoke(DelegatingMethodAccessorImpl.java:43)
	at java.lang.reflect.Method.invoke(Method.java:498)
	at org.junit.runners.model.FrameworkMethod$1.runReflectiveCall(FrameworkMethod.java:44)
	at org.junit.internal.runners.model.ReflectiveCallable.run(ReflectiveCallable.java:15)
	at org.junit.runners.model.FrameworkMethod.invokeExplosively(FrameworkMethod.java:41)
	at junitparams.internal.InvokeParameterisedMethod.evaluate(InvokeParameterisedMethod.java:102)
	at org.junit.internal.runners.statements.FailOnTimeout$1.run(FailOnTimeout.java:28)
Caused by: ptolemy.kernel.util.IllegalActionException: PublisherPorts cannot be used at the top level, use a Publisher actor instead.
  in .PublisherPortToplevelSubscriber.PublisherPort
	at ptolemy.actor.PublisherPort.preinitialize(PublisherPort.java:403)
	at ptolemy.actor.CompositeActor.preinitialize(CompositeActor.java:1769)
	at ptolemy.actor.Manager.preinitializeAndResolveTypes(Manager.java:1040)
	at ptolemy.actor.Manager.initialize(Manager.java:710)
	at ptolemy.actor.Manager.execute(Manager.java:356)
	at ptolemy.actor.Manager.run(Manager.java:1263)
	at ptolemy.actor.Manager$PtolemyRunThread.run(Manager.java:1915)
java.lang.RuntimeException: Execution failed
	at ptolemy.moml.MoMLSimpleApplication$UnloadThread.run(MoMLSimpleApplication.java:402)
Caused by: ptolemy.kernel.util.IllegalActionException: SubscriberPorts cannot be used at the top level, use a Subscriber actor instead.
  in .PublisherSubscriberPortToplevel.SubscriberPort
	at ptolemy.actor.SubscriberPort.preinitialize(SubscriberPort.java:328)
	at ptolemy.actor.CompositeActor.preinitialize(CompositeActor.java:1769)
	at ptolemy.actor.Manager.preinitializeAndResolveTypes(Manager.java:1040)
	at ptolemy.actor.Manager.initialize(Manager.java:710)
	at ptolemy.actor.Manager.execute(Manager.java:356)
	at ptolemy.actor.Manager.run(Manager.java:1263)
	at ptolemy.actor.Manager$PtolemyRunThread.run(Manager.java:1915)
java.lang.reflect.InvocationTargetException
	at sun.reflect.NativeConstructorAccessorImpl.newInstance0(Native Method)
	at sun.reflect.NativeConstructorAccessorImpl.newInstance(NativeConstructorAccessorImpl.java:62)
	at sun.reflect.DelegatingConstructorAccessorImpl.newInstance(DelegatingConstructorAccessorImpl.java:45)
	at java.lang.reflect.Constructor.newInstance(Constructor.java:423)
	at ptolemy.util.test.junit.AutoKnownFailedTests.RunModel(AutoKnownFailedTests.java:107)
	at sun.reflect.NativeMethodAccessorImpl.invoke0(Native Method)
	at sun.reflect.NativeMethodAccessorImpl.invoke(NativeMethodAccessorImpl.java:62)
	at sun.reflect.DelegatingMethodAccessorImpl.invoke(DelegatingMethodAccessorImpl.java:43)
	at java.lang.reflect.Method.invoke(Method.java:498)
	at org.junit.runners.model.FrameworkMethod$1.runReflectiveCall(FrameworkMethod.java:44)
	at org.junit.internal.runners.model.ReflectiveCallable.run(ReflectiveCallable.java:15)
	at org.junit.runners.model.FrameworkMethod.invokeExplosively(FrameworkMethod.java:41)
	at junitparams.internal.InvokeParameterisedMethod.evaluate(InvokeParameterisedMethod.java:102)
	at org.junit.internal.runners.statements.FailOnTimeout$1.run(FailOnTimeout.java:28)
Caused by: ptolemy.kernel.util.IllegalActionException: SubscriberPorts cannot be used at the top level, use a Subscriber actor instead.
  in .PublisherSubscriberPortToplevel.SubscriberPort
	at ptolemy.actor.SubscriberPort.preinitialize(SubscriberPort.java:328)
	at ptolemy.actor.CompositeActor.preinitialize(CompositeActor.java:1769)
	at ptolemy.actor.Manager.preinitializeAndResolveTypes(Manager.java:1040)
	at ptolemy.actor.Manager.initialize(Manager.java:710)
	at ptolemy.actor.Manager.execute(Manager.java:356)
	at ptolemy.actor.Manager.run(Manager.java:1263)
	at ptolemy.actor.Manager$PtolemyRunThread.run(Manager.java:1915)
java.lang.RuntimeException: Execution failed
	at ptolemy.moml.MoMLSimpleApplication$UnloadThread.run(MoMLSimpleApplication.java:402)
Caused by: ptolemy.kernel.util.IllegalActionException: SubscriptionAggregatorPorts cannot be used at the top level, use a SubscriptionAggregator actor instead.
  in .PublisherSubscriptionAggregatorPort.SubscriptionAggregatorPort
	at ptolemy.actor.SubscriptionAggregatorPort.preinitialize(SubscriptionAggregatorPort.java:353)
	at ptolemy.actor.CompositeActor.preinitialize(CompositeActor.java:1769)
	at ptolemy.actor.Manager.preinitializeAndResolveTypes(Manager.java:1040)
	at ptolemy.actor.Manager.initialize(Manager.java:710)
	at ptolemy.actor.Manager.execute(Manager.java:356)
	at ptolemy.actor.Manager.run(Manager.java:1263)
	at ptolemy.actor.Manager$PtolemyRunThread.run(Manager.java:1915)
java.lang.reflect.InvocationTargetException
	at sun.reflect.NativeConstructorAccessorImpl.newInstance0(Native Method)
	at sun.reflect.NativeConstructorAccessorImpl.newInstance(NativeConstructorAccessorImpl.java:62)
	at sun.reflect.DelegatingConstructorAccessorImpl.newInstance(DelegatingConstructorAccessorImpl.java:45)
	at java.lang.reflect.Constructor.newInstance(Constructor.java:423)
	at ptolemy.util.test.junit.AutoKnownFailedTests.RunModel(AutoKnownFailedTests.java:107)
	at sun.reflect.NativeMethodAccessorImpl.invoke0(Native Method)
	at sun.reflect.NativeMethodAccessorImpl.invoke(NativeMethodAccessorImpl.java:62)
	at sun.reflect.DelegatingMethodAccessorImpl.invoke(DelegatingMethodAccessorImpl.java:43)
	at java.lang.reflect.Method.invoke(Method.java:498)
	at org.junit.runners.model.FrameworkMethod$1.runReflectiveCall(FrameworkMethod.java:44)
	at org.junit.internal.runners.model.ReflectiveCallable.run(ReflectiveCallable.java:15)
	at org.junit.runners.model.FrameworkMethod.invokeExplosively(FrameworkMethod.java:41)
	at junitparams.internal.InvokeParameterisedMethod.evaluate(InvokeParameterisedMethod.java:102)
	at org.junit.internal.runners.statements.FailOnTimeout$1.run(FailOnTimeout.java:28)
Caused by: ptolemy.kernel.util.IllegalActionException: SubscriptionAggregatorPorts cannot be used at the top level, use a SubscriptionAggregator actor instead.
  in .PublisherSubscriptionAggregatorPort.SubscriptionAggregatorPort
	at ptolemy.actor.SubscriptionAggregatorPort.preinitialize(SubscriptionAggregatorPort.java:353)
	at ptolemy.actor.CompositeActor.preinitialize(CompositeActor.java:1769)
	at ptolemy.actor.Manager.preinitializeAndResolveTypes(Manager.java:1040)
	at ptolemy.actor.Manager.initialize(Manager.java:710)
	at ptolemy.actor.Manager.execute(Manager.java:356)
	at ptolemy.actor.Manager.run(Manager.java:1263)
	at ptolemy.actor.Manager$PtolemyRunThread.run(Manager.java:1915)
java.lang.RuntimeException: Execution failed
	at ptolemy.moml.MoMLSimpleApplication$UnloadThread.run(MoMLSimpleApplication.java:402)
Caused by: ptolemy.kernel.util.IllegalActionException: TypeTest actor has no training data.
  in .sizedarray3.TypeTest
	at ptolemy.actor.lib.TypeTest.initialize(TypeTest.java:250)
	at ptolemy.actor.Director.initialize(Director.java:938)
	at ptolemy.actor.Director.initialize(Director.java:907)
	at ptolemy.actor.sched.StaticSchedulingDirector.initialize(StaticSchedulingDirector.java:159)
	at ptolemy.domains.sdf.kernel.SDFDirector.initialize(SDFDirector.java:544)
	at ptolemy.actor.CompositeActor.initialize(CompositeActor.java:935)
	at ptolemy.actor.Manager.initialize(Manager.java:724)
	at ptolemy.actor.Manager.execute(Manager.java:356)
	at ptolemy.actor.Manager.run(Manager.java:1263)
	at ptolemy.actor.Manager$PtolemyRunThread.run(Manager.java:1915)
java.lang.reflect.InvocationTargetException
	at sun.reflect.NativeConstructorAccessorImpl.newInstance0(Native Method)
	at sun.reflect.NativeConstructorAccessorImpl.newInstance(NativeConstructorAccessorImpl.java:62)
	at sun.reflect.DelegatingConstructorAccessorImpl.newInstance(DelegatingConstructorAccessorImpl.java:45)
	at java.lang.reflect.Constructor.newInstance(Constructor.java:423)
	at ptolemy.util.test.junit.AutoKnownFailedTests.RunModel(AutoKnownFailedTests.java:107)
	at sun.reflect.NativeMethodAccessorImpl.invoke0(Native Method)
	at sun.reflect.NativeMethodAccessorImpl.invoke(NativeMethodAccessorImpl.java:62)
	at sun.reflect.DelegatingMethodAccessorImpl.invoke(DelegatingMethodAccessorImpl.java:43)
	at java.lang.reflect.Method.invoke(Method.java:498)
	at org.junit.runners.model.FrameworkMethod$1.runReflectiveCall(FrameworkMethod.java:44)
	at org.junit.internal.runners.model.ReflectiveCallable.run(ReflectiveCallable.java:15)
	at org.junit.runners.model.FrameworkMethod.invokeExplosively(FrameworkMethod.java:41)
	at junitparams.internal.InvokeParameterisedMethod.evaluate(InvokeParameterisedMethod.java:102)
	at org.junit.internal.runners.statements.FailOnTimeout$1.run(FailOnTimeout.java:28)
Caused by: ptolemy.kernel.util.IllegalActionException: TypeTest actor has no training data.
  in .sizedarray3.TypeTest
	at ptolemy.actor.lib.TypeTest.initialize(TypeTest.java:250)
	at ptolemy.actor.Director.initialize(Director.java:938)
	at ptolemy.actor.Director.initialize(Director.java:907)
	at ptolemy.actor.sched.StaticSchedulingDirector.initialize(StaticSchedulingDirector.java:159)
	at ptolemy.domains.sdf.kernel.SDFDirector.initialize(SDFDirector.java:544)
	at ptolemy.actor.CompositeActor.initialize(CompositeActor.java:935)
	at ptolemy.actor.Manager.initialize(Manager.java:724)
	at ptolemy.actor.Manager.execute(Manager.java:356)
	at ptolemy.actor.Manager.run(Manager.java:1263)
	at ptolemy.actor.Manager$PtolemyRunThread.run(Manager.java:1915)
]]></system-err>
</testsuite>
