<?xml version="1.0" encoding="UTF-8" ?>
<testsuite errors="0" failures="0" hostname="travis-job-35604d8b-8d26-4ad8-8de8-053b799b68ee" name="ptolemy.domains.de.test.junit.JUnitTclTest" skipped="0" tests="101" time="130.123" timestamp="2018-06-03T15:10:21">
  <properties>
    <property name="npm.executable" value="npm" />
    <property name="file.encoding.pkg" value="sun.io" />
    <property name="ptII.mk.exists" value="true" />
    <property name="env.rvm_bin_path" value="/home/travis/.rvm/bin" />
    <property name="java.home" value="/usr/lib/jvm/java-8-oracle/jre" />
    <property name="env.TRAVIS_JOB_NUMBER" value="514.8" />
    <property name="env.DISPLAY" value=":99.0" />
    <property name="java.net.preferIPv4Stack" value="true" />
    <property name="env.SSH_TTY" value="/dev/pts/0" />
    <property name="env.RUN_TESTS" value="true" />
    <property name="timeout.short" value="1000000" />
    <property name="env.TRAVIS_STACK_NODE_ATTRIBUTES" value="/.node-attributes.yml" />
    <property name="junit.formatter" value="xml" />
    <property name="java.endorsed.dirs" value="/usr/lib/jvm/java-8-oracle/jre/lib/endorsed" />
    <property name="env.TRAVIS_SUDO" value="true" />
    <property name="env.LOGNAME" value="travis" />
    <property name="jsdoc.home" value="node_modules/@terraswarm/jsdoc" />
    <property name="debuglevel" value="source,lines,vars" />
    <property name="checkstyle.formatter" value="xml" />
    <property name="bin.vergil.makeable" value="true" />
    <property name="env._system_version" value="14.04" />
    <property name="sun.os.patch.level" value="unknown" />
    <property name="java.vendor.url" value="http://java.oracle.com/" />
    <property name="java.version" value="1.8.0_151" />
    <property name="env.TZ" value="UTC" />
    <property name="env.PT_NO_NET" value="true" />
    <property name="env.TRAVIS_PULL_REQUEST_SHA" value="" />
    <property name="env.TRAVIS_SECURE_ENV_VARS" value="true" />
    <property name="env._system_type" value="Linux" />
    <property name="java.vendor.url.bug" value="http://bugreport.sun.com/bugreport/" />
    <property name="env.SSH_CLIENT" value="10.10.16.2 57792 22" />
    <property name="npmjs-org-is-up" value="true" />
    <property name="env.GEM_HOME" value="/home/travis/.rvm/gems/ruby-2.4.1" />
    <property name="env.HAS_ANTARES_THREE_LITTLE_FRONZIES_BADGE" value="true" />
    <property name="env.PS4" value="+" />
    <property name="ant.project.invoked-targets" value="build,test.core2.xml" />
    <property name="env.TRAVIS_PULL_REQUEST_BRANCH" value="" />
    <property name="env.TRAVIS_REPO_SLUG" value="icyphy/ptII" />
    <property name="node.in.path" value="true" />
    <property name="java.maxmemory" value="1400m" />
    <property name="env.RUBY_VERSION" value="ruby-2.4.1" />
    <property name="user.name" value="travis" />
    <property name="env.LANG" value="en_US.UTF-8" />
    <property name="sun.io.unicode.encoding" value="UnicodeLittle" />
    <property name="sun.jnu.encoding" value="UTF-8" />
    <property name="java.runtime.name" value="Java(TM) SE Runtime Environment" />
    <property name="usefile" value="false" />
    <property name="return.code" value="0" />
    <property name="junit.single.formatter" value="plain" />
    <property name="env.DYLD_LIBRARY_PATH" value="/home/travis/pthla/certi-tools/lib:" />
    <property name="env.DEBIAN_FRONTEND" value="noninteractive" />
    <property name="env.SSH_CONNECTION" value="10.10.16.2 57792 10.20.0.11 22" />
    <property name="env.MYSQL_UNIX_PORT" value="/var/run/mysqld/mysqld.sock" />
    <property name="env.TRAVIS_ALLOW_FAILURE" value="false" />
    <property name="env.LC_ALL" value="en_US.UTF-8" />
    <property name="java.specification.name" value="Java Platform API Specification" />
    <property name="node.works" value="true" />
    <property name="user.timezone" value="" />
    <property name="path.separator" value=":" />
    <property name="env.PYTHON_CFLAGS" value="-g -fstack-protector --param=ssp-buffer-size=4 -Wformat -Werror=format-security" />
    <property name="timeout.long" value="4000000" />
    <property name="env.CERTI_HOME" value="/home/travis/pthla/certi-tools" />
    <property name="file.encoding" value="UTF-8" />
    <property name="ant.file.ptII" value="/home/travis/build/icyphy/ptII/build.xml" />
    <property name="javadoc.packagenames" value="com.*,diva.*,lbnl.*,org.hlacerti.*,org.json.*,org.ptolemy.*,org.terraswarm.*,ptolemy.*,ptserver.*" />
    <property name="env.TRAVIS_PULL_REQUEST_SLUG" value="" />
    <property name="ant.project.default-target" value="build" />
    <property name="env.GIT_ASKPASS" value="echo" />
    <property name="env.HOME" value="/home/travis" />
    <property name="sun.java.command" value="org.apache.tools.ant.taskdefs.optional.junit.JUnitTestRunner ptolemy.domains.de.test.junit.JUnitTclTest skipNonTests=false filtertrace=true haltOnError=false haltOnFailure=false formatter=org.apache.tools.ant.taskdefs.optional.junit.OutErrSummaryJUnitResultFormatter showoutput=true outputtoformatters=true logfailedtests=true threadid=0 logtestlistenerevents=false formatter=org.apache.tools.ant.taskdefs.optional.junit.XMLJUnitResultFormatter,/home/travis/build/icyphy/ptII/reports/junit/TEST-ptolemy.domains.de.test.junit.JUnitTclTest.xml crashfile=/home/travis/build/icyphy/ptII/junitvmwatcher8298997969368599466.properties propsfile=/home/travis/build/icyphy/ptII/junit1233793975281359460.properties" />
    <property name="env.MANPATH" value="/home/travis/.nvm/versions/node/v7.10.1/share/man:/home/travis/.kiex/elixirs/elixir-1.4.5/man:/home/travis/.rvm/rubies/ruby-2.4.1/share/man:/usr/local/man:/usr/local/cmake-3.9.2/man:/usr/local/clang-5.0.0/share/man:/usr/local/share/man:/usr/share/man:/home/travis/.rvm/man" />
    <property name="env.COMPOSER_NO_INTERACTION" value="1" />
    <property name="env.JDK_SWITCHER_DEFAULT" value="oraclejdk8" />
    <property name="ant.file" value="/home/travis/build/icyphy/ptII/build.xml" />
    <property name="env.TRAVIS_COMMIT_RANGE" value="b291d2b50dc8...f7e6759bc3d9" />
    <property name="env._system_name" value="Ubuntu" />
    <property name="timeout" value="2400000" />
    <property name="ptII.classpath.optional.property" value="/home/travis/build/icyphy/ptII/lib/bsh-2.0b4.jar:/home/travis/build/icyphy/ptII/lib/ptCal.jar:/home/travis/build/icyphy/ptII/lib/java_cup.jar:/home/travis/build/icyphy/ptII/lib/saxon8.jar:/home/travis/build/icyphy/ptII/lib/saxon8-dom.jar:/home/travis/build/icyphy/ptII/lib/chic.jar:/home/travis/build/icyphy/ptII/lib/ptcolt.jar:/usr/lib/jvm/java-8-oracle/lib/tools.jar:/usr/lib/eclipse/plugins/org.eclipse.jdt.core_3.8.2.dist.jar:/usr/lib/eclipse/plugins/org.eclipse.core.runtime_3.8.0.dist.jar:/usr/lib/eclipse/plugins/org.eclipse.osgi_3.8.1.dist.jar:/usr/lib/eclipse/plugins/org.eclipse.core.resources_3.8.1.dist.jar:/usr/lib/eclipse/plugins/org.eclipse.equinox.common_3.6.100.dist.jar:/usr/lib/eclipse/plugins/org.eclipse.core.jobs_3.5.200.dist.jar:/usr/lib/eclipse/plugins/org.eclipse.core.contenttype_3.4.200.dist.jar:/usr/lib/eclipse/plugins/org.eclipse.equinox.preferences_3.5.0.dist.jar:/usr/lib/eclipse/plugins/org.eclipse.text_3.5.200.dist.jar:/usr/lib/eclipse/plugins/org.eclipse.ui.workbench_3.8.1.dist.jar:/usr/lib/eclipse/plugins/org.eclipse.jface_3.8.0.dist.jar:/usr/lib/eclipse/plugins/org.eclipse.swt_3.8.2.jar:/usr/lib/eclipse/plugins/org.eclipse.jface.text_3.8.1.dist.jar:/usr/lib/eclipse/plugins/org.eclipse.ui.workbench.texteditor_3.8.0.dist.jar:/usr/lib/eclipse/plugins/org.eclipse.ui.editors_3.8.0.dist.jar:/usr/lib/eclipse/plugins/org.eclipse.core.commands_3.6.1.dist.jar:/usr/lib/eclipse/plugins/org.eclipse.equinox.registry_3.5.200.dist.jar:/usr/lib/eclipse/plugins/org.eclipse.ui.console_3.5.100.dist.jar:/usr/lib/eclipse/plugins/org.eclipse.ui.forms_3.5.200.dist.jar:/usr/lib/eclipse/plugins/org.eclipse.ui.ide_3.8.1.dist.jar:/home/travis/build/icyphy/ptII/vendors/oracle/dbxml.jar:/home/travis/build/icyphy/ptII/vendors/oracle/db.jar:/home/travis/build/icyphy/ptII/vendors/misc/itext/iText.jar:/home/travis/build/icyphy/ptII/lib/g4ltl.jar:/home/travis/build/icyphy/ptII/lib/StructuralCoder.jar:/home/travis/build/icyphy/ptII/lib/org-openide-util.jar:/home/travis/build/icyphy/ptII/lib/org-openide-util-lookup.jar:/home/travis/build/icyphy/ptII/lib/org-netbeans-api-visual.jar:/home/travis/build/icyphy/ptII/vendors/jai-1_1_2_01/lib/jai_core.jar:/home/travis/build/icyphy/ptII/vendors/jai-1_1_2_01/lib/jai_codec.jar:/home/travis/build/icyphy/ptII/lib/jcerti.jar:/home/travis/build/icyphy/ptII/lib/smack.jar:/home/travis/build/icyphy/ptII/lib/smackx.jar:/home/travis/build/icyphy/ptII/lib/jetty-all-8.1.5-v20120716.jar:/home/travis/build/icyphy/ptII/lib/javax.servlet-api-3.0.1.jar:/home/travis/build/icyphy/ptII/lib/javax.mail.jar:/home/travis/build/icyphy/ptII/vendors/JMF-2.1.1e/lib/jmf.jar:/home/travis/build/icyphy/ptII/lib/jna-4.0.0-variadic.jar:/home/travis/build/icyphy/ptII/vendors/misc/joystick/Joystick.jar:/home/travis/build/icyphy/ptII/lib/ptjacl.jar:/home/travis/build/icyphy/ptII/lib/jsoup-1.8.2.jar:/home/travis/build/icyphy/ptII/lib/junit-4.8.2.jar:/home/travis/build/icyphy/ptII/lib/JUnitParams-0.4.0.jar:/home/travis/build/icyphy/ptII/ptolemy/actor/lib/excel/jxl.jar:/home/travis/build/icyphy/ptII/lib/jython.jar:/home/travis/build/icyphy/ptII/lib/kieler.jar:/home/travis/build/icyphy/ptII/vendors/opencv/share/OpenCV/java/opencv-341.jar:/home/travis/build/icyphy/ptII/lib/oscP5.jar:/home/travis/build/icyphy/ptII/lib/nrjavaserial-3.11.0.devel.jar:/usr/share/java/j3dcore.jar:/usr/share/java/j3dutils.jar:/usr/share/java/vecmath.jar:/home/travis/build/icyphy/ptII/ptolemy/distributed/jini/jar/jini-core.jar:/home/travis/build/icyphy/ptII/ptolemy/distributed/jini/jar/jini-ext.jar:/home/travis/build/icyphy/ptII/ptolemy/distributed/jini/jar/sun-util.jar:/home/travis/build/icyphy/ptII/lib/protobuf-java-2.4.1.jar:/home/travis/build/icyphy/ptII/lib/org.eclipse.paho.client.mqttv3.jar:/home/travis/build/icyphy/ptII/ptserver/lib/hessian-4.0.7.jar:/home/travis/build/icyphy/ptII/ptserver/lib/wmqtt.jar:/home/travis/build/icyphy/ptII/lib/mapss.jar:/home/travis/build/icyphy/ptII/ptolemy/actor/ptalon/antlr/antlr.jar:/home/travis/build/icyphy/ptII/lib/JRI.jar:/home/travis/build/icyphy/ptII/lib/commons-lang-2.6.jar:/home/travis/build/icyphy/ptII/lib/commons-logging-1.1.1.jar:/home/travis/build/icyphy/ptII/lib/sootclasses.jar:/home/travis/build/icyphy/ptII/ptolemy/actor/lib/database/mysql-connector-java-5.1.6-bin.jar:/home/travis/build/icyphy/ptII/vendors/misc/sphinx4/sphinx4-data-5prealpha.jar:/home/travis/build/icyphy/ptII/vendors/misc/sphinx4/sphinx4-core-5prealpha.jar:/home/travis/build/icyphy/ptII/lib/PDFRenderer.jar:/home/travis/build/icyphy/ptII/lib/svgSalamander.jar:/home/travis/build/icyphy/ptII/lib/rsyntaxtextarea-2.6.0-SNAPSHOT.jar:/home/travis/build/icyphy/ptII/lib/hazelcast-3.8.2.jar:/home/travis/build/icyphy/ptII/lib/jackson-annotations-2.9.0.jar:/home/travis/build/icyphy/ptII/lib/jackson-core-2.9.3.jar:/home/travis/build/icyphy/ptII/lib/jackson-databind-2.9.3.jar:/home/travis/build/icyphy/ptII/lib/netty-buffer-4.1.19.Final.jar:/home/travis/build/icyphy/ptII/lib/netty-codec-4.1.19.Final.jar:/home/travis/build/icyphy/ptII/lib/netty-codec-dns-4.1.19.Final.jar:/home/travis/build/icyphy/ptII/lib/netty-codec-http-4.1.19.Final.jar:/home/travis/build/icyphy/ptII/lib/netty-codec-http2-4.1.19.Final.jar:/home/travis/build/icyphy/ptII/lib/netty-common-4.1.19.Final.jar:/home/travis/build/icyphy/ptII/lib/netty-handler-4.1.19.Final.jar:/home/travis/build/icyphy/ptII/lib/netty-resolver-4.1.19.Final.jar:/home/travis/build/icyphy/ptII/lib/netty-resolver-dns-4.1.19.Final.jar:/home/travis/build/icyphy/ptII/lib/netty-transport-4.1.19.Final.jar:/home/travis/build/icyphy/ptII/lib/vertx-codegen-3.5.1.jar:/home/travis/build/icyphy/ptII/lib/vertx-core-3.5.2-SNAPSHOT.jar:/home/travis/build/icyphy/ptII/lib/vertx-hazelcast-3.5.1.jar:/home/travis/build/icyphy/ptII/lib/vertx-lang-js-3.5.1.jar:/home/travis/build/icyphy/ptII/lib/vertx-service-proxy-3.5.1.jar:/home/travis/build/icyphy/ptII/lib/vertx-web-3.5.1.jar:/home/travis/build/icyphy/ptII/lib/slf4j-api-1.7.13.jar:/home/travis/build/icyphy/ptII/lib/slf4j-simple-1.7.13.jar:/home/travis/build/icyphy/ptII/lib/webcam-capture-0.3.12.jar:/home/travis/build/icyphy/ptII/lib/bridj-0.7.0.jar:/home/travis/build/icyphy/ptII/lib/xbjlib-1.1.0.nrjavaserial.jar" />
    <property name="test.batch" value="**/junit/*.java" />
    <property name="env._" value="/usr/bin/timeout" />
    <property name="java.io.tmpdir" value="/tmp" />
    <property name="user.language" value="en" />
    <property name="env.HISTCONTROL" value="ignoredups:ignorespace" />
    <property name="env.GOROOT" value="/home/travis/.gimme/versions/go1.7.4.linux.amd64" />
    <property name="line.separator" value="&#xa;" />
    <property name="target" value="1.8" />
    <property name="env.TRAVIS_BUILD_DIR" value="/home/travis/build/icyphy/ptII" />
    <property name="env.ANT_OPTS" value="-Xmx2048m" />
    <property name="ant.file.type" value="file" />
    <property name="ptolemy.ptII.batchMode" value="true" />
    <property name="env.HISTSIZE" value="1000" />
    <property name="env.MERB_ENV" value="test" />
    <property name="java.vm.info" value="mixed mode" />
    <property name="source" value="1.8" />
    <property name="java.vm.specification.name" value="Java Virtual Machine Specification" />
    <property name="env.TRAVIS_TEST_RESULT" value="0" />
    <property name="jsdoc.command" value="node_modules/@terraswarm/jsdoc/jsdoc.js" />
    <property name="npm.works" value="true" />
    <property name="cobertura.dir" value="/home/travis/build/icyphy/ptII/vendors/cobertura-2.0.3" />
    <property name="env.rvm_path" value="/home/travis/.rvm" />
    <property name="env.GEM_PATH" value="/home/travis/.rvm/gems/ruby-2.4.1:/home/travis/.rvm/gems/ruby-2.4.1@global" />
    <property name="env.LC_CTYPE" value="en_US.UTF-8" />
    <property name="java.awt.printerjob" value="sun.print.PSPrinterJob" />
    <property name="env.TRAVIS_STACK_NAME" value="garnet" />
    <property name="ant.version" value="Apache Ant(TM) version 1.10.1 compiled on February 2 2017" />
    <property name="ptII.reports" value="/home/travis/build/icyphy/ptII/reports" />
    <property name="env.TRAVIS_STACK_TIMESTAMP" value="2017-12-05 19:33:09 UTC" />
    <property name="ant.file.type.ptII" value="file" />
    <property name="env.RBENV_SHELL" value="bash" />
    <property name="os.name" value="Linux" />
    <property name="java.specification.vendor" value="Oracle Corporation" />
    <property name="env.rvm_version" value="1.29.3 (latest)" />
    <property name="env.TERM" value="xterm" />
    <property name="java.vm.name" value="Java HotSpot(TM) 64-Bit Server VM" />
    <property name="env.TRAVIS_BUILD_NUMBER" value="514" />
    <property name="env.CI" value="true" />
    <property name="java.library.path" value="/home/travis/pthla/certi-tools/lib:/usr/lib/jni:/usr/local/share/OpenCV/java/:/usr/share/OpenCV/java::/usr/java/packages/lib/amd64:/usr/lib64:/lib64:/lib:/usr/lib" />
    <property name="env.rvm_prefix" value="/home/travis" />
    <property name="env.PATH" value="/home/travis/pthla/certi-tools/share/scripts:/home/travis/.rvm/gems/ruby-2.4.1/bin:/home/travis/.rvm/gems/ruby-2.4.1@global/bin:/home/travis/.rvm/rubies/ruby-2.4.1/bin:/home/travis/.rvm/bin:/home/travis/.nvm/versions/node/v7.10.1/bin:./node_modules/.bin:/home/travis/build/icyphy/ptII/bin:/home/travis/pthla/certi-tools/bin:/home/travis/bin:/home/travis/.local/bin:/opt/pyenv/shims:/home/travis/.phpenv/shims:/home/travis/perl5/perlbrew/bin:/home/travis/.kiex/elixirs/elixir-1.4.5/bin:/home/travis/.kiex/bin:/home/travis/gopath/bin:/home/travis/.gimme/versions/go1.7.4.linux.amd64/bin:/usr/local/phantomjs/bin:/usr/local/phantomjs:/usr/local/neo4j-3.2.7/bin:/usr/local/maven-3.5.2/bin:/usr/local/cmake-3.9.2/bin:/usr/local/clang-5.0.0/bin:/usr/local/sbin:/usr/local/bin:/usr/sbin:/usr/bin:/sbin:/bin:/home/travis/.phpenv/bin:/opt/pyenv/bin:/home/travis/.yarn/bin" />
    <property name="env.TRAVIS_OS_NAME" value="linux" />
    <property name="ant.java.version" value="1.8" />
    <property name="basedir" value="/home/travis/build/icyphy/ptII" />
    <property name="java.class.version" value="52.0" />
    <property name="env.SHLVL" value="3" />
    <property name="env.LD_LIBRARY_PATH" value="/home/travis/pthla/certi-tools/lib:/usr/lib/jni:/usr/local/share/OpenCV/java/:/usr/share/OpenCV/java:" />
    <property name="env.RACK_ENV" value="test" />
    <property name="ant.home" value="/home/travis/build/icyphy/ptII/ant" />
    <property name="env.NVM_DIR" value="/home/travis/.nvm" />
    <property name="env.PERLBREW_BASHRC_VERSION" value="0.80" />
    <property name="env.CERTI_FOM_PATH" value="/home/travis/pthla/certi-tools/share/federations" />
    <property name="env.TRAVIS_BUILD_ID" value="387119460" />
    <property name="env.PYENV_ROOT" value="/opt/pyenv" />
    <property name="env.TRAVIS_UID" value="2000" />
    <property name="env.rvm_pretty_print_flag" value="auto" />
    <property name="env.NVM_BIN" value="/home/travis/.nvm/versions/node/v7.10.1/bin" />
    <property name="env.TRAVIS_COMMIT" value="f7e6759bc3d970f3798a1ae93e8ae32e8fa4a87f" />
    <property name="env._system_arch" value="x86_64" />
    <property name="node.executable" value="node" />
    <property name="sun.boot.library.path" value="/usr/lib/jvm/java-8-oracle/jre/lib/amd64" />
    <property name="sun.management.compiler" value="HotSpot 64-Bit Tiered Compilers" />
    <property name="env.GOPATH" value="/home/travis/gopath" />
    <property name="java.awt.graphicsenv" value="sun.awt.X11GraphicsEnvironment" />
    <property name="ptolemy.ptII.dir" value="/home/travis/build/icyphy/ptII" />
    <property name="env.USER" value="travis" />
    <property name="env.HISTFILESIZE" value="2000" />
    <property name="timeout.longest" value="19000000" />
    <property name="env.TRAVIS_STACK_FEATURES" value="basic cassandra chromium couchdb disabled-ipv6 docker docker-compose elasticsearch firefox go-toolchain google-chrome jdk memcached mongodb mysql neo4j nodejs_interpreter perl_interpreter perlbrew phantomjs postgresql python_interpreter rabbitmq redis riak ruby_interpreter sqlite xserver" />
    <property name="env.TRAVIS_PULL_REQUEST" value="false" />
    <property name="env.PYENV_SHELL" value="bash" />
    <property name="ant.project.name" value="ptII" />
    <property name="java.vm.specification.version" value="1.8" />
    <property name="env.CERTI_VERSION" value="4.0.0" />
    <property name="env.NLSPATH" value="/usr/dt/lib/nls/msg/%L/%N.cat" />
    <property name="awt.toolkit" value="sun.awt.X11.XToolkit" />
    <property name="env.CERTI_HOST" value="localhost" />
    <property name="env.MY_RUBY_HOME" value="/home/travis/.rvm/rubies/ruby-2.4.1" />
    <property name="sun.cpu.isalist" value="" />
    <property name="java.ext.dirs" value="/usr/lib/jvm/java-8-oracle/jre/lib/ext:/usr/java/packages/lib/ext" />
    <property name="os.version" value="4.4.0-101-generic" />
    <property name="user.home" value="/home/travis" />
    <property name="env.MIX_ARCHIVES" value="/home/travis/.kiex/mix/elixir-1.4.5" />
    <property name="java.vm.vendor" value="Oracle Corporation" />
    <property name="env.TRAVIS_TAG" value="nightly" />
    <property name="env.TRAVIS_FILTERED" value="redirect_io" />
    <property name="javadoc.excludepackagenames" value="adm.cvs2svn.*,build.*,config.*,doc.coding.templates.*,jni.test.jni.meaningOfLife.*,jni.test.jni.testDeux.*,jni.test.jni.testTrois.*,org.terraswarm.accessor.accessors.web.node_modules.*,org.terraswarm.accessor.accessors.web.hosts.cordova.demo.*,org.terraswarm.accessor.accessors.web.hosts.cordova.plugins.*,org.terraswarm.accessor.accessors-svn.*,pt-modules.*,ptolemy.apps.agilent.*,ptolemy.apps.anytimecontrol.*,ptolemy.apps.apes.*,ptolemy.apps.charon.*,ptolemy.apps.crazyboard.*,ptolemy.apps.eclipse.*,ptolemy.apps.etherealSting.*,ptolemy.apps.fullscreen.*,ptolemy.apps.giotto.*,ptolemy.apps.ia.*,ptolemy.apps.interfaces.*,ptolemy.apps.jmf.*,ptolemy.apps.kurt.*,ptolemy.apps.kvm.*,ptolemy.apps.lego.*,ptolemy.apps.lejos.*,ptolemy.apps.midp.*,ptolemy.apps.mobileCoding.*,ptolemy.apps.pendulum.*,ptolemy.apps.rijndael.*,ptolemy.apps.robot.*,ptolemy.apps.security.*,ptolemy.apps.sobel.*,ptolemy.apps.soot.*,ptolemy.apps.throttle.*,ptolemy.apps.tini.*,ptolemy.apps.transmission.*,ptolemy.apps.vergil.*,ptolemy.apps.waba.*,ptolemy.apps.websensor.*,ptolemy.apps.webstart.*,ptolemy.apps.xsl.*,ptolemy.apps.zaurus.*,ptolemy.backtrack.eclipse.plugin.*,ptolemy.backtrack.test.*,ptolemy.codegen.c.actor.lib.oldJavaFiles.*,ptolemy.codegen.dsp.lib.*,ptolemy.codegen.kernel.newInterfaces.*,ptolemy.codegen.lib.*,ptolemy.copernicus.kernel.fragment.*,ptolemy.copernicus.shallow.cg.*,ptolemy.domains.giotto.demo.Hierarchy.Hierarchy.*,ptolemy.domains.giotto.demo.Multimode.Multimode.*,ptolemy.domains.giotto.demo.Simple.Simple.*,ptolemy.domains.gr.lib.experimental.*,ptolemy.domains.gro.*,ptolemy.domains.pdf.*,ptolemy.domains.ptinyos.demo.Surge.output.*,ptolemy.moml.test.NoPackageActor.java*,ptolemy.plot.adm.*,ptolemy.plot.servlet.*,reports.*,signed.*,src.*,target.*,vendors.*,ptolemy.cg.adapter.generic.program.procedural.c.mbed*,ptolemy.actor.lib.fmi.fmus.omc*,ptolemy.domains.openmodelica*,ptdb.kernel.bl.save.test.*,ptdb.kernel.bl.load.test.*,ptdb.kernel.bl.search.test.*,ptdb.kernel.bl.migration.test.*,ptdb.kernel.database.test.*,ptdb.test.*,ptdb.gui.test.*,org.ptolemy.scala.*,diva.util.java2d.svg.*,ptolemy.domains.ptinyos.*,ptolemy.actor.lib.fmi.fmipp.*,,org.terraswarm.accessor.accessors.web.node_modules.*,org.terraswarm.accessor.accessors-svn,ptolemy.actor.ptalon.demo.ptinyos.SendAndReceiveCnt.output,ptolemy.actor.ptalon.demo.ptinyos.SenseToLeds.output,ptolemy.domains.ptinyos.demo.CntToLedsAndRfm.output,ptolemy.domains.ptinyos.demo.RfmToLeds.output,ptolemy.domains.ptinyos.demo.SendAndReceiveCnt.output,ptolemy.domains.ptinyos.demo.SenseToLeds.output" />
    <property name="env.JAVA_HOME" value="/usr/lib/jvm/java-8-oracle" />
    <property name="env.PTII" value="/home/travis/build/icyphy/ptII" />
    <property name="env.TRAVIS_COMMIT_MESSAGE" value="Under Travis, don&apos;t run SpeechSynthesisTest.xml and a TCPSocket test." />
    <property name="keystore" value="ptKeystore" />
    <property name="env.XDG_SESSION_ID" value="2" />
    <property name="junit.output.dir" value="/home/travis/build/icyphy/ptII/reports/junit" />
    <property name="npm.return.code" value="0" />
    <property name="user.dir" value="/home/travis/build/icyphy/ptII/ptolemy/domains/de/test" />
    <property name="env.TRAVIS_NODE_VERSION" value="7" />
    <property name="env.XFILESEARCHPATH" value="/usr/dt/app-defaults/%L/Dt" />
    <property name="env.TRAVIS_EVENT_TYPE" value="push" />
    <property name="env.MAIL" value="/var/mail/travis" />
    <property name="env.PWD" value="/home/travis/build/icyphy/ptII" />
    <property name="env.PERLBREW_ROOT" value="/home/travis/perl5/perlbrew" />
    <property name="timeout.npm" value="45000" />
    <property name="env.PT_TRAVIS_TEST_CORE2_XML" value="true" />
    <property name="env.PAGER" value="cat" />
    <property name="sun.cpu.endian" value="little" />
    <property name="env.TRAVIS_BUILD_STAGE_NAME" value="Test" />
    <property name="env.PERLBREW_HOME" value="/home/travis/.perlbrew" />
    <property name="env.RAILS_ENV" value="test" />
    <property name="java.vm.version" value="25.151-b12" />
    <property name="java.class.path" value="/home/travis/build/icyphy/ptII:/home/travis/build/icyphy/ptII/lib/bsh-2.0b4.jar:/home/travis/build/icyphy/ptII/lib/ptCal.jar:/home/travis/build/icyphy/ptII/lib/java_cup.jar:/home/travis/build/icyphy/ptII/lib/saxon8.jar:/home/travis/build/icyphy/ptII/lib/saxon8-dom.jar:/home/travis/build/icyphy/ptII/lib/chic.jar:/home/travis/build/icyphy/ptII/lib/ptcolt.jar:/usr/lib/jvm/java-8-oracle/lib/tools.jar:/usr/lib/eclipse/plugins/org.eclipse.jdt.core_3.8.2.dist.jar:/usr/lib/eclipse/plugins/org.eclipse.core.runtime_3.8.0.dist.jar:/usr/lib/eclipse/plugins/org.eclipse.osgi_3.8.1.dist.jar:/usr/lib/eclipse/plugins/org.eclipse.core.resources_3.8.1.dist.jar:/usr/lib/eclipse/plugins/org.eclipse.equinox.common_3.6.100.dist.jar:/usr/lib/eclipse/plugins/org.eclipse.core.jobs_3.5.200.dist.jar:/usr/lib/eclipse/plugins/org.eclipse.core.contenttype_3.4.200.dist.jar:/usr/lib/eclipse/plugins/org.eclipse.equinox.preferences_3.5.0.dist.jar:/usr/lib/eclipse/plugins/org.eclipse.text_3.5.200.dist.jar:/usr/lib/eclipse/plugins/org.eclipse.ui.workbench_3.8.1.dist.jar:/usr/lib/eclipse/plugins/org.eclipse.jface_3.8.0.dist.jar:/usr/lib/eclipse/plugins/org.eclipse.swt_3.8.2.jar:/usr/lib/eclipse/plugins/org.eclipse.jface.text_3.8.1.dist.jar:/usr/lib/eclipse/plugins/org.eclipse.ui.workbench.texteditor_3.8.0.dist.jar:/usr/lib/eclipse/plugins/org.eclipse.ui.editors_3.8.0.dist.jar:/usr/lib/eclipse/plugins/org.eclipse.core.commands_3.6.1.dist.jar:/usr/lib/eclipse/plugins/org.eclipse.equinox.registry_3.5.200.dist.jar:/usr/lib/eclipse/plugins/org.eclipse.ui.console_3.5.100.dist.jar:/usr/lib/eclipse/plugins/org.eclipse.ui.forms_3.5.200.dist.jar:/usr/lib/eclipse/plugins/org.eclipse.ui.ide_3.8.1.dist.jar:/home/travis/build/icyphy/ptII/vendors/oracle/dbxml.jar:/home/travis/build/icyphy/ptII/vendors/oracle/db.jar:/home/travis/build/icyphy/ptII/vendors/misc/itext/iText.jar:/home/travis/build/icyphy/ptII/lib/g4ltl.jar:/home/travis/build/icyphy/ptII/lib/StructuralCoder.jar:/home/travis/build/icyphy/ptII/lib/org-openide-util.jar:/home/travis/build/icyphy/ptII/lib/org-openide-util-lookup.jar:/home/travis/build/icyphy/ptII/lib/org-netbeans-api-visual.jar:/home/travis/build/icyphy/ptII/vendors/jai-1_1_2_01/lib/jai_core.jar:/home/travis/build/icyphy/ptII/vendors/jai-1_1_2_01/lib/jai_codec.jar:/home/travis/build/icyphy/ptII/lib/jcerti.jar:/home/travis/build/icyphy/ptII/lib/smack.jar:/home/travis/build/icyphy/ptII/lib/smackx.jar:/home/travis/build/icyphy/ptII/lib/jetty-all-8.1.5-v20120716.jar:/home/travis/build/icyphy/ptII/lib/javax.servlet-api-3.0.1.jar:/home/travis/build/icyphy/ptII/lib/javax.mail.jar:/home/travis/build/icyphy/ptII/vendors/JMF-2.1.1e/lib/jmf.jar:/home/travis/build/icyphy/ptII/lib/jna-4.0.0-variadic.jar:/home/travis/build/icyphy/ptII/vendors/misc/joystick/Joystick.jar:/home/travis/build/icyphy/ptII/lib/ptjacl.jar:/home/travis/build/icyphy/ptII/lib/jsoup-1.8.2.jar:/home/travis/build/icyphy/ptII/lib/junit-4.8.2.jar:/home/travis/build/icyphy/ptII/lib/JUnitParams-0.4.0.jar:/home/travis/build/icyphy/ptII/ptolemy/actor/lib/excel/jxl.jar:/home/travis/build/icyphy/ptII/lib/jython.jar:/home/travis/build/icyphy/ptII/lib/kieler.jar:/home/travis/build/icyphy/ptII/vendors/opencv/share/OpenCV/java/opencv-341.jar:/home/travis/build/icyphy/ptII/lib/oscP5.jar:/home/travis/build/icyphy/ptII/lib/nrjavaserial-3.11.0.devel.jar:/usr/share/java/j3dcore.jar:/usr/share/java/j3dutils.jar:/usr/share/java/vecmath.jar:/home/travis/build/icyphy/ptII/ptolemy/distributed/jini/jar/jini-core.jar:/home/travis/build/icyphy/ptII/ptolemy/distributed/jini/jar/jini-ext.jar:/home/travis/build/icyphy/ptII/ptolemy/distributed/jini/jar/sun-util.jar:/home/travis/build/icyphy/ptII/lib/protobuf-java-2.4.1.jar:/home/travis/build/icyphy/ptII/lib/org.eclipse.paho.client.mqttv3.jar:/home/travis/build/icyphy/ptII/ptserver/lib/hessian-4.0.7.jar:/home/travis/build/icyphy/ptII/ptserver/lib/wmqtt.jar:/home/travis/build/icyphy/ptII/lib/mapss.jar:/home/travis/build/icyphy/ptII/ptolemy/actor/ptalon/antlr/antlr.jar:/home/travis/build/icyphy/ptII/lib/JRI.jar:/home/travis/build/icyphy/ptII/lib/commons-lang-2.6.jar:/home/travis/build/icyphy/ptII/lib/commons-logging-1.1.1.jar:/home/travis/build/icyphy/ptII/lib/sootclasses.jar:/home/travis/build/icyphy/ptII/ptolemy/actor/lib/database/mysql-connector-java-5.1.6-bin.jar:/home/travis/build/icyphy/ptII/vendors/misc/sphinx4/sphinx4-data-5prealpha.jar:/home/travis/build/icyphy/ptII/vendors/misc/sphinx4/sphinx4-core-5prealpha.jar:/home/travis/build/icyphy/ptII/lib/PDFRenderer.jar:/home/travis/build/icyphy/ptII/lib/svgSalamander.jar:/home/travis/build/icyphy/ptII/lib/rsyntaxtextarea-2.6.0-SNAPSHOT.jar:/home/travis/build/icyphy/ptII/lib/hazelcast-3.8.2.jar:/home/travis/build/icyphy/ptII/lib/jackson-annotations-2.9.0.jar:/home/travis/build/icyphy/ptII/lib/jackson-core-2.9.3.jar:/home/travis/build/icyphy/ptII/lib/jackson-databind-2.9.3.jar:/home/travis/build/icyphy/ptII/lib/netty-buffer-4.1.19.Final.jar:/home/travis/build/icyphy/ptII/lib/netty-codec-4.1.19.Final.jar:/home/travis/build/icyphy/ptII/lib/netty-codec-dns-4.1.19.Final.jar:/home/travis/build/icyphy/ptII/lib/netty-codec-http-4.1.19.Final.jar:/home/travis/build/icyphy/ptII/lib/netty-codec-http2-4.1.19.Final.jar:/home/travis/build/icyphy/ptII/lib/netty-common-4.1.19.Final.jar:/home/travis/build/icyphy/ptII/lib/netty-handler-4.1.19.Final.jar:/home/travis/build/icyphy/ptII/lib/netty-resolver-4.1.19.Final.jar:/home/travis/build/icyphy/ptII/lib/netty-resolver-dns-4.1.19.Final.jar:/home/travis/build/icyphy/ptII/lib/netty-transport-4.1.19.Final.jar:/home/travis/build/icyphy/ptII/lib/vertx-codegen-3.5.1.jar:/home/travis/build/icyphy/ptII/lib/vertx-core-3.5.2-SNAPSHOT.jar:/home/travis/build/icyphy/ptII/lib/vertx-hazelcast-3.5.1.jar:/home/travis/build/icyphy/ptII/lib/vertx-lang-js-3.5.1.jar:/home/travis/build/icyphy/ptII/lib/vertx-service-proxy-3.5.1.jar:/home/travis/build/icyphy/ptII/lib/vertx-web-3.5.1.jar:/home/travis/build/icyphy/ptII/lib/slf4j-api-1.7.13.jar:/home/travis/build/icyphy/ptII/lib/slf4j-simple-1.7.13.jar:/home/travis/build/icyphy/ptII/lib/webcam-capture-0.3.12.jar:/home/travis/build/icyphy/ptII/lib/bridj-0.7.0.jar:/home/travis/build/icyphy/ptII/lib/xbjlib-1.1.0.nrjavaserial.jar:/home/travis/build/icyphy/ptII/ptolemy/moml/test:/home/travis/build/icyphy/ptII/ant/lib/ant-launcher.jar:/home/travis/build/icyphy/ptII/ant/lib/ant.jar:/home/travis/build/icyphy/ptII/ant/lib/ant-junit.jar:/home/travis/build/icyphy/ptII/ant/lib/ant-junit4.jar" />
    <property name="ant.library.dir" value="/home/travis/build/icyphy/ptII/ant/lib" />
    <property name="os.arch" value="amd64" />
    <property name="env.TRAVIS_LANGUAGE" value="node_js" />
    <property name="env.CONTINUOUS_INTEGRATION" value="true" />
    <property name="env.TRAVIS_STACK_LANGUAGES" value="__garnet__ c c++ clojure cplusplus cpp default go groovy java node_js php pure_java python ruby scala" />
    <property name="test.name" value="ptolemy.actor.lib.test.junit.JUnitTclTest" />
    <property name="sun.java.launcher" value="SUN_STANDARD" />
    <property name="env.PYTHON_CONFIGURE_OPTS" value="--enable-unicode=ucs4 --with-wide-unicode --enable-shared --enable-ipv6 --enable-loadable-sqlite-extensions --with-computed-gotos" />
    <property name="ant.core.lib" value="/home/travis/build/icyphy/ptII/ant/lib/ant.jar" />
    <property name="java.vm.specification.vendor" value="Oracle Corporation" />
    <property name="env.BCVTB_HOME" value="/home/travis/build/icyphy/ptII/lbnl" />
    <property name="file.separator" value="/" />
    <property name="java.runtime.version" value="1.8.0_151-b12" />
    <property name="spotbugs.home" value="/home/travis/build/icyphy/ptII/vendors/spotbugs-3.1.1" />
    <property name="sun.boot.class.path" value="/usr/lib/jvm/java-8-oracle/jre/lib/resources.jar:/usr/lib/jvm/java-8-oracle/jre/lib/rt.jar:/usr/lib/jvm/java-8-oracle/jre/lib/sunrsasign.jar:/usr/lib/jvm/java-8-oracle/jre/lib/jsse.jar:/usr/lib/jvm/java-8-oracle/jre/lib/jce.jar:/usr/lib/jvm/java-8-oracle/jre/lib/charsets.jar:/usr/lib/jvm/java-8-oracle/jre/lib/jfr.jar:/usr/lib/jvm/java-8-oracle/jre/classes" />
    <property name="env.HAS_JOSH_K_SEAL_OF_APPROVAL" value="true" />
    <property name="env.TRAVIS_OSX_IMAGE" value="" />
    <property name="env.XDG_RUNTIME_DIR" value="/run/user/2000" />
    <property name="env.TRAVIS_BRANCH" value="master" />
    <property name="env.TRAVIS_JOB_ID" value="387119468" />
    <property name="env.CERTI_HOME_TRAVIS" value="/home/travis/pthla/certi-tools" />
    <property name="user.country" value="US" />
    <property name="env.SHELL" value="/bin/bash" />
    <property name="java.maxmemory.large" value="5000m" />
    <property name="model" value="" />
    <property name="env.CASHER_DIR" value="/home/travis/.casher" />
    <property name="env.NVM_CD_FLAGS" value="" />
    <property name="jshint.executable" value="/home/travis/node_modules/jshint/bin/jshint" />
    <property name="java.vendor" value="Oracle Corporation" />
    <property name="env.JRUBY_OPTS" value=" --client -J-XX:+TieredCompilation -J-XX:TieredStopAtLevel=1 -J-Xss2m -Xcompile.invokedynamic=false" />
    <property name="env.TRAVIS_PRE_CHEF_BOOTSTRAP_TIME" value="2017-12-05T19:32:55" />
    <property name="env.TRAVIS_STACK_JOB_BOARD_REGISTER" value="/.job-board-register.yml" />
    <property name="env.ELIXIR_VERSION" value="1.4.5" />
    <property name="java.specification.version" value="1.8" />
    <property name="env.IRBRC" value="/home/travis/.rvm/rubies/ruby-2.4.1/.irbrc" />
    <property name="env.TRAVIS" value="true" />
    <property name="sun.arch.data.model" value="64" />
  </properties>
  <testcase classname="ptolemy.util.test.junit.TclTests" name="[0] /home/travis/build/icyphy/ptII/ptolemy/domains/de/test/DependencyLoop.tcl (RunTclFile)" time="0.763" />
  <testcase classname="ptolemy.util.test.junit.TclTests" name="[1] /home/travis/build/icyphy/ptII/ptolemy/domains/de/test/RunDETestsAsQSS.tcl (RunTclFile)" time="88.893" />
  <testcase classname="ptolemy.util.test.junit.AutoKnownFailedTests" name="[0] /home/travis/build/icyphy/ptII/ptolemy/domains/de/test/auto/knownFailedTests/DESDFClockTest.xml (RunModel)" time="2.032" />
  <testcase classname="ptolemy.util.test.junit.AutoKnownFailedTests" name="[1] /home/travis/build/icyphy/ptII/ptolemy/domains/de/test/auto/knownFailedTests/DirectFeedback.xml (RunModel)" time="0.01" />
  <testcase classname="ptolemy.util.test.junit.AutoKnownFailedTests" name="[2] /home/travis/build/icyphy/ptII/ptolemy/domains/de/test/auto/knownFailedTests/FSMSource.xml (RunModel)" time="0.021" />
  <testcase classname="ptolemy.util.test.junit.AutoKnownFailedTests" name="[3] /home/travis/build/icyphy/ptII/ptolemy/domains/de/test/auto/knownFailedTests/HierarchicalModel.xml (RunModel)" time="0.037" />
  <testcase classname="ptolemy.util.test.junit.AutoKnownFailedTests" name="[4] /home/travis/build/icyphy/ptII/ptolemy/domains/de/test/auto/knownFailedTests/dependencyLoop.xml (RunModel)" time="0.025" />
  <testcase classname="ptolemy.util.test.junit.AutoKnownFailedTests" name="[5] /home/travis/build/icyphy/ptII/ptolemy/domains/de/test/auto/knownFailedTests/dependencyLoop2.xml (RunModel)" time="0.039" />
  <testcase classname="ptolemy.util.test.junit.AutoNameArchTests" name="[0] ThereAreNoAutoArchTests (RunModel)" time="0.004" />
  <testcase classname="ptolemy.util.test.junit.AutoTests" name="[0] /home/travis/build/icyphy/ptII/ptolemy/domains/de/test/auto/ActorDepthCalculation_actorWithoutPorts.xml (RunModel)" time="0.013" />
  <testcase classname="ptolemy.util.test.junit.AutoTests" name="[1] /home/travis/build/icyphy/ptII/ptolemy/domains/de/test/auto/AssemblyLine.xml (RunModel)" time="0.014" />
  <testcase classname="ptolemy.util.test.junit.AutoTests" name="[2] /home/travis/build/icyphy/ptII/ptolemy/domains/de/test/auto/CQBug1.xml (RunModel)" time="0.012" />
  <testcase classname="ptolemy.util.test.junit.AutoTests" name="[3] /home/travis/build/icyphy/ptII/ptolemy/domains/de/test/auto/CancelFireAt.xml (RunModel)" time="0.011" />
  <testcase classname="ptolemy.util.test.junit.AutoTests" name="[4] /home/travis/build/icyphy/ptII/ptolemy/domains/de/test/auto/CausalityAndComposabilityAnalysis.xml (RunModel)" time="0.009" />
  <testcase classname="ptolemy.util.test.junit.AutoTests" name="[5] /home/travis/build/icyphy/ptII/ptolemy/domains/de/test/auto/CausalityInterface1.xml (RunModel)" time="0.01" />
  <testcase classname="ptolemy.util.test.junit.AutoTests" name="[6] /home/travis/build/icyphy/ptII/ptolemy/domains/de/test/auto/CausalityInterface15.xml (RunModel)" time="0.01" />
  <testcase classname="ptolemy.util.test.junit.AutoTests" name="[7] /home/travis/build/icyphy/ptII/ptolemy/domains/de/test/auto/CausalityInterface2.xml (RunModel)" time="0.01" />
  <testcase classname="ptolemy.util.test.junit.AutoTests" name="[8] /home/travis/build/icyphy/ptII/ptolemy/domains/de/test/auto/CausalityInterface3.xml (RunModel)" time="0.012" />
  <testcase classname="ptolemy.util.test.junit.AutoTests" name="[9] /home/travis/build/icyphy/ptII/ptolemy/domains/de/test/auto/ClockDrift.xml (RunModel)" time="0.03" />
  <testcase classname="ptolemy.util.test.junit.AutoTests" name="[10] /home/travis/build/icyphy/ptII/ptolemy/domains/de/test/auto/ClockDriftAndValueChange.xml (RunModel)" time="0.022" />
  <testcase classname="ptolemy.util.test.junit.AutoTests" name="[11] /home/travis/build/icyphy/ptII/ptolemy/domains/de/test/auto/ClockDriftChange.xml (RunModel)" time="0.025" />
  <testcase classname="ptolemy.util.test.junit.AutoTests" name="[12] /home/travis/build/icyphy/ptII/ptolemy/domains/de/test/auto/ComposableCausalityAnalysis.xml (RunModel)" time="0.013" />
  <testcase classname="ptolemy.util.test.junit.AutoTests" name="[13] /home/travis/build/icyphy/ptII/ptolemy/domains/de/test/auto/DEFixedPointLimitation.xml (RunModel)" time="0.006" />
  <testcase classname="ptolemy.util.test.junit.AutoTests" name="[14] /home/travis/build/icyphy/ptII/ptolemy/domains/de/test/auto/DEScheduleTest.xml (RunModel)" time="0.008" />
  <testcase classname="ptolemy.util.test.junit.AutoTests" name="[15] /home/travis/build/icyphy/ptII/ptolemy/domains/de/test/auto/DEinDEwithStartTimes.xml (RunModel)" time="0.009" />
  <testcase classname="ptolemy.util.test.junit.AutoTests" name="[16] /home/travis/build/icyphy/ptII/ptolemy/domains/de/test/auto/DEinDEwithStartTimes2.xml (RunModel)" time="0.012" />
  <testcase classname="ptolemy.util.test.junit.AutoTests" name="[17] /home/travis/build/icyphy/ptII/ptolemy/domains/de/test/auto/DateDemo.xml (RunModel)" time="0.019" />
  <testcase classname="ptolemy.util.test.junit.AutoTests" name="[18] /home/travis/build/icyphy/ptII/ptolemy/domains/de/test/auto/DateToEvent.xml (RunModel)" time="2.026" />
  <testcase classname="ptolemy.util.test.junit.AutoTests" name="[19] /home/travis/build/icyphy/ptII/ptolemy/domains/de/test/auto/DepthTest1.xml (RunModel)" time="0.007" />
  <testcase classname="ptolemy.util.test.junit.AutoTests" name="[20] /home/travis/build/icyphy/ptII/ptolemy/domains/de/test/auto/DepthTest2.xml (RunModel)" time="0.018" />
  <testcase classname="ptolemy.util.test.junit.AutoTests" name="[21] /home/travis/build/icyphy/ptII/ptolemy/domains/de/test/auto/DepthTest3.xml (RunModel)" time="0.008" />
  <testcase classname="ptolemy.util.test.junit.AutoTests" name="[22] /home/travis/build/icyphy/ptII/ptolemy/domains/de/test/auto/DepthTest4.xml (RunModel)" time="0.013" />
  <testcase classname="ptolemy.util.test.junit.AutoTests" name="[23] /home/travis/build/icyphy/ptII/ptolemy/domains/de/test/auto/DepthTest5.xml (RunModel)" time="0.015" />
  <testcase classname="ptolemy.util.test.junit.AutoTests" name="[24] /home/travis/build/icyphy/ptII/ptolemy/domains/de/test/auto/DepthTest6.xml (RunModel)" time="0.014" />
  <testcase classname="ptolemy.util.test.junit.AutoTests" name="[25] /home/travis/build/icyphy/ptII/ptolemy/domains/de/test/auto/DepthTest7.xml (RunModel)" time="0.012" />
  <testcase classname="ptolemy.util.test.junit.AutoTests" name="[26] /home/travis/build/icyphy/ptII/ptolemy/domains/de/test/auto/EventToDate.xml (RunModel)" time="3.036" />
  <testcase classname="ptolemy.util.test.junit.AutoTests" name="[27] /home/travis/build/icyphy/ptII/ptolemy/domains/de/test/auto/FSM1.xml (RunModel)" time="0.038" />
  <testcase classname="ptolemy.util.test.junit.AutoTests" name="[28] /home/travis/build/icyphy/ptII/ptolemy/domains/de/test/auto/FSM7.xml (RunModel)" time="0.072" />
  <testcase classname="ptolemy.util.test.junit.AutoTests" name="[29] /home/travis/build/icyphy/ptII/ptolemy/domains/de/test/auto/Inspection.xml (RunModel)" time="0.051" />
  <testcase classname="ptolemy.util.test.junit.AutoTests" name="[30] /home/travis/build/icyphy/ptII/ptolemy/domains/de/test/auto/Iteration.xml (RunModel)" time="0.029" />
  <testcase classname="ptolemy.util.test.junit.AutoTests" name="[31] /home/travis/build/icyphy/ptII/ptolemy/domains/de/test/auto/LineFault.xml (RunModel)" time="0.628" />
  <testcase classname="ptolemy.util.test.junit.AutoTests" name="[32] /home/travis/build/icyphy/ptII/ptolemy/domains/de/test/auto/MergeModel1Add.xml (RunModel)" time="0.056" />
  <testcase classname="ptolemy.util.test.junit.AutoTests" name="[33] /home/travis/build/icyphy/ptII/ptolemy/domains/de/test/auto/MergeModel2Add.xml (RunModel)" time="0.04" />
  <testcase classname="ptolemy.util.test.junit.AutoTests" name="[34] /home/travis/build/icyphy/ptII/ptolemy/domains/de/test/auto/MergeModel3Add.xml (RunModel)" time="0.046" />
  <testcase classname="ptolemy.util.test.junit.AutoTests" name="[35] /home/travis/build/icyphy/ptII/ptolemy/domains/de/test/auto/MergeWithoutDiscard.xml (RunModel)" time="0.011" />
  <testcase classname="ptolemy.util.test.junit.AutoTests" name="[36] /home/travis/build/icyphy/ptII/ptolemy/domains/de/test/auto/Modal1.xml (RunModel)" time="0.032" />
  <testcase classname="ptolemy.util.test.junit.AutoTests" name="[37] /home/travis/build/icyphy/ptII/ptolemy/domains/de/test/auto/Modal2.xml (RunModel)" time="0.032" />
  <testcase classname="ptolemy.util.test.junit.AutoTests" name="[38] /home/travis/build/icyphy/ptII/ptolemy/domains/de/test/auto/Modal3.xml (RunModel)" time="0.046" />
  <testcase classname="ptolemy.util.test.junit.AutoTests" name="[39] /home/travis/build/icyphy/ptII/ptolemy/domains/de/test/auto/Modal4.xml (RunModel)" time="0.035" />
  <testcase classname="ptolemy.util.test.junit.AutoTests" name="[40] /home/travis/build/icyphy/ptII/ptolemy/domains/de/test/auto/Modal5.xml (RunModel)" time="0.032" />
  <testcase classname="ptolemy.util.test.junit.AutoTests" name="[41] /home/travis/build/icyphy/ptII/ptolemy/domains/de/test/auto/Modal6.xml (RunModel)" time="0.037" />
  <testcase classname="ptolemy.util.test.junit.AutoTests" name="[42] /home/travis/build/icyphy/ptII/ptolemy/domains/de/test/auto/Modal7.xml (RunModel)" time="0.033" />
  <testcase classname="ptolemy.util.test.junit.AutoTests" name="[43] /home/travis/build/icyphy/ptII/ptolemy/domains/de/test/auto/ModalModel.xml (RunModel)" time="0.188" />
  <testcase classname="ptolemy.util.test.junit.AutoTests" name="[44] /home/travis/build/icyphy/ptII/ptolemy/domains/de/test/auto/ModalSource.xml (RunModel)" time="0.018" />
  <testcase classname="ptolemy.util.test.junit.AutoTests" name="[45] /home/travis/build/icyphy/ptII/ptolemy/domains/de/test/auto/NonInterruptibleTimerZeroDelay.xml (RunModel)" time="0.011" />
  <testcase classname="ptolemy.util.test.junit.AutoTests" name="[46] /home/travis/build/icyphy/ptII/ptolemy/domains/de/test/auto/OpenQueueingNetwork.xml (RunModel)" time="2.621" />
  <testcase classname="ptolemy.util.test.junit.AutoTests" name="[47] /home/travis/build/icyphy/ptII/ptolemy/domains/de/test/auto/OpenQueuingNetwork.xml (RunModel)" time="0.303" />
  <testcase classname="ptolemy.util.test.junit.AutoTests" name="[48] /home/travis/build/icyphy/ptII/ptolemy/domains/de/test/auto/PeriodicSampler.xml (RunModel)" time="0.009" />
  <testcase classname="ptolemy.util.test.junit.AutoTests" name="[49] /home/travis/build/icyphy/ptII/ptolemy/domains/de/test/auto/PersistentIO.xml (RunModel)" time="0.021" />
  <testcase classname="ptolemy.util.test.junit.AutoTests" name="[50] /home/travis/build/icyphy/ptII/ptolemy/domains/de/test/auto/PortParameterResetOnInitialize.xml (RunModel)" time="0.011" />
  <testcase classname="ptolemy.util.test.junit.AutoTests" name="[51] /home/travis/build/icyphy/ptII/ptolemy/domains/de/test/auto/PortParameterUpdates.xml (RunModel)" time="0.014" />
  <testcase classname="ptolemy.util.test.junit.AutoTests" name="[52] /home/travis/build/icyphy/ptII/ptolemy/domains/de/test/auto/QueueAndServer.xml (RunModel)" time="0.023" />
  <testcase classname="ptolemy.util.test.junit.AutoTests" name="[53] /home/travis/build/icyphy/ptII/ptolemy/domains/de/test/auto/Records.xml (RunModel)" time="0.014" />
  <testcase classname="ptolemy.util.test.junit.AutoTests" name="[54] /home/travis/build/icyphy/ptII/ptolemy/domains/de/test/auto/ResetTransitionWithStartTime1.xml (RunModel)" time="0.019" />
  <testcase classname="ptolemy.util.test.junit.AutoTests" name="[55] /home/travis/build/icyphy/ptII/ptolemy/domains/de/test/auto/ResetTransitionWithStartTime2.xml (RunModel)" time="0.018" />
  <testcase classname="ptolemy.util.test.junit.AutoTests" name="[56] /home/travis/build/icyphy/ptII/ptolemy/domains/de/test/auto/ResetTransitionWithStartTime3.xml (RunModel)" time="0.019" />
  <testcase classname="ptolemy.util.test.junit.AutoTests" name="[57] /home/travis/build/icyphy/ptII/ptolemy/domains/de/test/auto/ResetTransitionWithStartTime4.xml (RunModel)" time="0.018" />
  <testcase classname="ptolemy.util.test.junit.AutoTests" name="[58] /home/travis/build/icyphy/ptII/ptolemy/domains/de/test/auto/ResettableTimer1.xml (RunModel)" time="0.012" />
  <testcase classname="ptolemy.util.test.junit.AutoTests" name="[59] /home/travis/build/icyphy/ptII/ptolemy/domains/de/test/auto/ResettableTimer2.xml (RunModel)" time="0.011" />
  <testcase classname="ptolemy.util.test.junit.AutoTests" name="[60] /home/travis/build/icyphy/ptII/ptolemy/domains/de/test/auto/ResettableTimer3.xml (RunModel)" time="0.01" />
  <testcase classname="ptolemy.util.test.junit.AutoTests" name="[61] /home/travis/build/icyphy/ptII/ptolemy/domains/de/test/auto/ResettableTimer4.xml (RunModel)" time="0.008" />
  <testcase classname="ptolemy.util.test.junit.AutoTests" name="[62] /home/travis/build/icyphy/ptII/ptolemy/domains/de/test/auto/ResettableTimer5.xml (RunModel)" time="0.011" />
  <testcase classname="ptolemy.util.test.junit.AutoTests" name="[63] /home/travis/build/icyphy/ptII/ptolemy/domains/de/test/auto/ResettableTimer6.xml (RunModel)" time="0.01" />
  <testcase classname="ptolemy.util.test.junit.AutoTests" name="[64] /home/travis/build/icyphy/ptII/ptolemy/domains/de/test/auto/ServerZeroDelay.xml (RunModel)" time="0.011" />
  <testcase classname="ptolemy.util.test.junit.AutoTests" name="[65] /home/travis/build/icyphy/ptII/ptolemy/domains/de/test/auto/SmartSender.xml (RunModel)" time="3.013" />
  <testcase classname="ptolemy.util.test.junit.AutoTests" name="[66] /home/travis/build/icyphy/ptII/ptolemy/domains/de/test/auto/ThreadedComposite.xml (RunModel)" time="0.143" />
  <testcase classname="ptolemy.util.test.junit.AutoTests" name="[67] /home/travis/build/icyphy/ptII/ptolemy/domains/de/test/auto/Time.xml (RunModel)" time="0.453" />
  <testcase classname="ptolemy.util.test.junit.AutoTests" name="[68] /home/travis/build/icyphy/ptII/ptolemy/domains/de/test/auto/TimeDelayZeroDelay.xml (RunModel)" time="0.01" />
  <testcase classname="ptolemy.util.test.junit.AutoTests" name="[69] /home/travis/build/icyphy/ptII/ptolemy/domains/de/test/auto/TimerZeroDelay.xml (RunModel)" time="0.01" />
  <testcase classname="ptolemy.util.test.junit.AutoTests" name="[70] /home/travis/build/icyphy/ptII/ptolemy/domains/de/test/auto/TimingParadox.xml (RunModel)" time="0.383" />
  <testcase classname="ptolemy.util.test.junit.AutoTests" name="[71] /home/travis/build/icyphy/ptII/ptolemy/domains/de/test/auto/TransferInputs.xml (RunModel)" time="0.017" />
  <testcase classname="ptolemy.util.test.junit.AutoTests" name="[72] /home/travis/build/icyphy/ptII/ptolemy/domains/de/test/auto/TransferOutputs2.xml (RunModel)" time="0.018" />
  <testcase classname="ptolemy.util.test.junit.AutoTests" name="[73] /home/travis/build/icyphy/ptII/ptolemy/domains/de/test/auto/Trilateration.xml (RunModel)" time="11.608" />
  <testcase classname="ptolemy.util.test.junit.AutoTests" name="[74] /home/travis/build/icyphy/ptII/ptolemy/domains/de/test/auto/TwoSigmaDelta.xml (RunModel)" time="2.103" />
  <testcase classname="ptolemy.util.test.junit.AutoTests" name="[75] /home/travis/build/icyphy/ptII/ptolemy/domains/de/test/auto/VariableDelay.xml (RunModel)" time="0.009" />
  <testcase classname="ptolemy.util.test.junit.AutoTests" name="[76] /home/travis/build/icyphy/ptII/ptolemy/domains/de/test/auto/VariableDelay2.xml (RunModel)" time="0.009" />
  <testcase classname="ptolemy.util.test.junit.AutoTests" name="[77] /home/travis/build/icyphy/ptII/ptolemy/domains/de/test/auto/VariableDelayZeroDelay.xml (RunModel)" time="0.012" />
  <testcase classname="ptolemy.util.test.junit.AutoTests" name="[78] /home/travis/build/icyphy/ptII/ptolemy/domains/de/test/auto/VariableDelayZeroDelay2.xml (RunModel)" time="0.01" />
  <testcase classname="ptolemy.util.test.junit.AutoTests" name="[79] /home/travis/build/icyphy/ptII/ptolemy/domains/de/test/auto/deInCt.xml (RunModel)" time="0.019" />
  <testcase classname="ptolemy.util.test.junit.AutoTests" name="[80] /home/travis/build/icyphy/ptII/ptolemy/domains/de/test/auto/deInCt2.xml (RunModel)" time="0.02" />
  <testcase classname="ptolemy.util.test.junit.AutoTests" name="[81] /home/travis/build/icyphy/ptII/ptolemy/domains/de/test/auto/dynamicCausalityInterface1.xml (RunModel)" time="0.022" />
  <testcase classname="ptolemy.util.test.junit.AutoTests" name="[82] /home/travis/build/icyphy/ptII/ptolemy/domains/de/test/auto/fsm_de_test.xml (RunModel)" time="0.031" />
  <testcase classname="ptolemy.util.test.junit.AutoTests" name="[83] /home/travis/build/icyphy/ptII/ptolemy/domains/de/test/auto/functionDependencyReconstruction.xml (RunModel)" time="0.035" />
  <testcase classname="ptolemy.util.test.junit.AutoTests" name="[84] /home/travis/build/icyphy/ptII/ptolemy/domains/de/test/auto/multirate.xml (RunModel)" time="0.016" />
  <testcase classname="ptolemy.util.test.junit.AutoTests" name="[85] /home/travis/build/icyphy/ptII/ptolemy/domains/de/test/auto/multirate2.xml (RunModel)" time="0.019" />
  <testcase classname="ptolemy.util.test.junit.AutoTests" name="[86] /home/travis/build/icyphy/ptII/ptolemy/domains/de/test/auto/realtime.xml (RunModel)" time="10.011" />
  <testcase classname="ptolemy.util.test.junit.AutoTests" name="[87] /home/travis/build/icyphy/ptII/ptolemy/domains/de/test/auto/relationGroup.xml (RunModel)" time="0.013" />
  <testcase classname="ptolemy.util.test.junit.AutoTests" name="[88] /home/travis/build/icyphy/ptII/ptolemy/domains/de/test/auto/relationGroup2.xml (RunModel)" time="0.007" />
  <testcase classname="ptolemy.util.test.junit.AutoTests" name="[89] /home/travis/build/icyphy/ptII/ptolemy/domains/de/test/auto/sortWithOpaquePorts.xml (RunModel)" time="0.007" />
  <testcase classname="ptolemy.util.test.junit.AutoTests" name="[90] /home/travis/build/icyphy/ptII/ptolemy/domains/de/test/auto/transferInputsandOutputs.xml (RunModel)" time="0.013" />
  <testcase classname="ptolemy.util.test.junit.AutoTests" name="[91] /home/travis/build/icyphy/ptII/ptolemy/domains/de/test/auto/triggerType.xml (RunModel)" time="0.011" />
  <system-out><![CDATA[/home/travis/build/icyphy/ptII/ptolemy/domains/de/test/DependencyLoop.tcl
testDefs.tcl: setting time out to 9000 seconds at Sun Jun 03 15:10:21 UTC 2018
15 ms. Memory: 116224K Free: 95074K (82%)
7 ms. Memory: 146944K Free: 137885K (94%)
/home/travis/build/icyphy/ptII/ptolemy/domains/de/test/RunDETestsAsQSS.tcl
Run the DE tests using ptolemy.domains.qss.test.QSSDirectorTest, which extends QSSDirector and prints a message in the constructors.
------------------ testing $PTII/ptolemy/domains/de/test/auto/knownFailedTests/dependencyLoop.xml (Known Failure) 
8 ms. Memory: 146944K Free: 133611K (91%)


==== $PTIIhome/travis/build/icyphy/ptII/ptolemy/domains/de/test/../../../../: Auto Automatic test in file $PTII/ptolemy/domains/de/test/auto/knownFailedTests/dependencyLoop.xml
==== Contents of test case:

	    # FIXME: we should use $relativeFilename here, but it
	    # might have backslashes under Windows, which causes no end
	    # of trouble.
	    createAndExecute $file
	    list {}
	
.... Test generated KNOWN error:
    while executing
ptolemy.kernel.util.IllegalActionException: Found a zero delay loop containing .dependencyLoop.original
  in .dependencyLoop and .dependencyLoop.original
	at ptolemy.actor.util.CausalityInterfaceForComposites._computeOutputPortDepth(CausalityInterfaceForComposites.java:759)
	at ptolemy.actor.util.CausalityInterfaceForComposites._computeInputDepth(CausalityInterfaceForComposites.java:696)
	at ptolemy.actor.util.CausalityInterfaceForComposites._computeOutputPortDepth(CausalityInterfaceForComposites.java:765)
	at ptolemy.actor.util.CausalityInterfaceForComposites._computeInputDepth(CausalityInterfaceForComposites.java:696)
	at ptolemy.actor.util.CausalityInterfaceForComposites._computeOutputPortDepth(CausalityInterfaceForComposites.java:765)
	at ptolemy.actor.util.CausalityInterfaceForComposites._computeInputDepth(CausalityInterfaceForComposites.java:696)
	at ptolemy.actor.util.CausalityInterfaceForComposites._computeActorDepth(CausalityInterfaceForComposites.java:532)
	at ptolemy.actor.util.CausalityInterfaceForComposites.checkForCycles(CausalityInterfaceForComposites.java:96)
	at ptolemy.domains.de.kernel.DEDirector.preinitialize(DEDirector.java:1337)
	at ptolemy.actor.CompositeActor.preinitialize(CompositeActor.java:1828)
	at ptolemy.actor.Manager.preinitializeAndResolveTypes(Manager.java:1040)
	at ptolemy.actor.Manager.initialize(Manager.java:710)
	at ptolemy.actor.Manager.execute(Manager.java:356)
	at ptolemy.actor.Manager.run(Manager.java:1263)
	at ptolemy.actor.Manager$PtolemyRunThread.run(Manager.java:1915)

    while executing
ptolemy.kernel.util.IllegalActionException: Found a zero delay loop containing .dependencyLoop.original
  in .dependencyLoop and .dependencyLoop.original
    while executing
"java::new ptolemy.moml.MoMLSimpleApplication $file
"
    (procedure "createAndExecute" line 2)
    invoked from within
"createAndExecute $file"
    ("uplevel" body line 5)
    invoked from within
"uplevel $contents_of_test"
------------------ testing $PTII/ptolemy/domains/de/test/auto/knownFailedTests/DESDFClockTest.xml (Known Failure) 
2067 ms. Memory: 146944K Free: 117718K (80%)


==== $PTIIhome/travis/build/icyphy/ptII/ptolemy/domains/de/test/../../../../: Auto Automatic test in file $PTII/ptolemy/domains/de/test/auto/knownFailedTests/DESDFClockTest.xml
==== Contents of test case:

	    # FIXME: we should use $relativeFilename here, but it
	    # might have backslashes under Windows, which causes no end
	    # of trouble.
	    createAndExecute $file
	    list {}
	
.... Test generated KNOWN error:
    while executing
ptolemy.kernel.util.IllegalActionException: Actor is not ready to fire.  Perhaps UpSample.prefire() returned false? Try debugging the actor by selecting "Listen to Actor".  Also, for SDF check moml for tokenConsumptionRate on input.
  in .DESDFClockTest.Play Bell.Copy1:SDF Director and .DESDFClockTest.Play Bell.UpSample
	at ptolemy.actor.sched.StaticSchedulingDirector.fire(StaticSchedulingDirector.java:227)
	at ptolemy.domains.sdf.kernel.SDFDirector.fire(SDFDirector.java:500)
	at ptolemy.actor.CompositeActor.fire(CompositeActor.java:455)
	at ptolemy.domains.de.kernel.DEDirector._fire(DEDirector.java:1948)
	at ptolemy.domains.de.kernel.DEDirector.fire(DEDirector.java:502)
	at ptolemy.actor.CompositeActor.fire(CompositeActor.java:455)
	at ptolemy.actor.Manager.iterate(Manager.java:851)
	at ptolemy.actor.Manager.execute(Manager.java:369)
	at ptolemy.actor.Manager.run(Manager.java:1263)
	at ptolemy.actor.Manager$PtolemyRunThread.run(Manager.java:1915)

    while executing
ptolemy.kernel.util.IllegalActionException: Actor is not ready to fire.  Perhaps UpSample.prefire() returned false? Try debugging the actor by selecting "Listen to Actor".  Also, for SDF check moml for tokenConsumptionRate on input.
  in .DESDFClockTest.Play Bell.Copy1:SDF Director and .DESDFClockTest.Play Bell.UpSample
    while executing
"java::new ptolemy.moml.MoMLSimpleApplication $file
"
    (procedure "createAndExecute" line 2)
    invoked from within
"createAndExecute $file"
    ("uplevel" body line 5)
    invoked from within
"uplevel $contents_of_test"
------------------ testing $PTII/ptolemy/domains/de/test/auto/knownFailedTests/FSMSource.xml (Known Failure) 
30 ms. Memory: 146944K Free: 108193K (74%)
!!!! Auto was marked as failing, but now passes
------------------ testing $PTII/ptolemy/domains/de/test/auto/knownFailedTests/dependencyLoop2.xml (Known Failure) 
6 ms. Memory: 146944K Free: 106302K (72%)


==== $PTIIhome/travis/build/icyphy/ptII/ptolemy/domains/de/test/../../../../: Auto Automatic test in file $PTII/ptolemy/domains/de/test/auto/knownFailedTests/dependencyLoop2.xml
==== Contents of test case:

	    # FIXME: we should use $relativeFilename here, but it
	    # might have backslashes under Windows, which causes no end
	    # of trouble.
	    createAndExecute $file
	    list {}
	
.... Test generated KNOWN error:
    while executing
ptolemy.kernel.util.IllegalActionException: Found a zero delay loop containing .dependencyLoop2.original
  in .dependencyLoop2 and .dependencyLoop2.original
	at ptolemy.actor.util.CausalityInterfaceForComposites._computeOutputPortDepth(CausalityInterfaceForComposites.java:759)
	at ptolemy.actor.util.CausalityInterfaceForComposites._computeInputDepth(CausalityInterfaceForComposites.java:696)
	at ptolemy.actor.util.CausalityInterfaceForComposites._computeOutputPortDepth(CausalityInterfaceForComposites.java:765)
	at ptolemy.actor.util.CausalityInterfaceForComposites._computeInputDepth(CausalityInterfaceForComposites.java:696)
	at ptolemy.actor.util.CausalityInterfaceForComposites._computeOutputPortDepth(CausalityInterfaceForComposites.java:765)
	at ptolemy.actor.util.CausalityInterfaceForComposites._computeInputDepth(CausalityInterfaceForComposites.java:696)
	at ptolemy.actor.util.CausalityInterfaceForComposites._computeActorDepth(CausalityInterfaceForComposites.java:532)
	at ptolemy.actor.util.CausalityInterfaceForComposites.checkForCycles(CausalityInterfaceForComposites.java:96)
	at ptolemy.domains.de.kernel.DEDirector.preinitialize(DEDirector.java:1337)
	at ptolemy.actor.CompositeActor.preinitialize(CompositeActor.java:1828)
	at ptolemy.actor.Manager.preinitializeAndResolveTypes(Manager.java:1040)
	at ptolemy.actor.Manager.initialize(Manager.java:710)
	at ptolemy.actor.Manager.execute(Manager.java:356)
	at ptolemy.actor.Manager.run(Manager.java:1263)
	at ptolemy.actor.Manager$PtolemyRunThread.run(Manager.java:1915)

    while executing
ptolemy.kernel.util.IllegalActionException: Found a zero delay loop containing .dependencyLoop2.original
  in .dependencyLoop2 and .dependencyLoop2.original
    while executing
"java::new ptolemy.moml.MoMLSimpleApplication $file
"
    (procedure "createAndExecute" line 2)
    invoked from within
"createAndExecute $file"
    ("uplevel" body line 5)
    invoked from within
"uplevel $contents_of_test"
------------------ testing $PTII/ptolemy/domains/de/test/auto/knownFailedTests/HierarchicalModel.xml (Known Failure) 
9 ms. Memory: 146944K Free: 85797K (58%)


==== $PTIIhome/travis/build/icyphy/ptII/ptolemy/domains/de/test/../../../../: Auto Automatic test in file $PTII/ptolemy/domains/de/test/auto/knownFailedTests/HierarchicalModel.xml
==== Contents of test case:

	    # FIXME: we should use $relativeFilename here, but it
	    # might have backslashes under Windows, which causes no end
	    # of trouble.
	    createAndExecute $file
	    list {}
	
.... Test generated KNOWN error:
    while executing
ptolemy.kernel.util.IllegalActionException: Found a zero delay loop containing .HierarchicalModel.A
  in .HierarchicalModel and .HierarchicalModel.A
	at ptolemy.actor.util.CausalityInterfaceForComposites._computeOutputPortDepth(CausalityInterfaceForComposites.java:759)
	at ptolemy.actor.util.CausalityInterfaceForComposites._computeInputDepth(CausalityInterfaceForComposites.java:696)
	at ptolemy.actor.util.CausalityInterfaceForComposites._computeOutputPortDepth(CausalityInterfaceForComposites.java:765)
	at ptolemy.actor.util.CausalityInterfaceForComposites._computeInputDepth(CausalityInterfaceForComposites.java:696)
	at ptolemy.actor.util.CausalityInterfaceForComposites._computeOutputPortDepth(CausalityInterfaceForComposites.java:765)
	at ptolemy.actor.util.CausalityInterfaceForComposites._computeInputDepth(CausalityInterfaceForComposites.java:696)
	at ptolemy.actor.util.CausalityInterfaceForComposites._computeActorDepth(CausalityInterfaceForComposites.java:532)
	at ptolemy.actor.util.CausalityInterfaceForComposites.checkForCycles(CausalityInterfaceForComposites.java:96)
	at ptolemy.domains.de.kernel.DEDirector.preinitialize(DEDirector.java:1337)
	at ptolemy.actor.CompositeActor.preinitialize(CompositeActor.java:1828)
	at ptolemy.actor.Manager.preinitializeAndResolveTypes(Manager.java:1040)
	at ptolemy.actor.Manager.initialize(Manager.java:710)
	at ptolemy.actor.Manager.execute(Manager.java:356)
	at ptolemy.actor.Manager.run(Manager.java:1263)
	at ptolemy.actor.Manager$PtolemyRunThread.run(Manager.java:1915)

    while executing
ptolemy.kernel.util.IllegalActionException: Found a zero delay loop containing .HierarchicalModel.A
  in .HierarchicalModel and .HierarchicalModel.A
    while executing
"java::new ptolemy.moml.MoMLSimpleApplication $file
"
    (procedure "createAndExecute" line 2)
    invoked from within
"createAndExecute $file"
    ("uplevel" body line 5)
    invoked from within
"uplevel $contents_of_test"
------------------ testing $PTII/ptolemy/domains/de/test/auto/knownFailedTests/DirectFeedback.xml (Known Failure) 
15 ms. Memory: 146944K Free: 142567K (97%)


==== $PTIIhome/travis/build/icyphy/ptII/ptolemy/domains/de/test/../../../../: Auto Automatic test in file $PTII/ptolemy/domains/de/test/auto/knownFailedTests/DirectFeedback.xml
==== Contents of test case:

	    # FIXME: we should use $relativeFilename here, but it
	    # might have backslashes under Windows, which causes no end
	    # of trouble.
	    createAndExecute $file
	    list {}
	
.... Test generated KNOWN error:
    while executing
ptolemy.kernel.util.IllegalActionException: Test fails in iteration 1.
Value was: 1.0. Should have been: 2.0
  in .DirectFeedback.Test
	at ptolemy.actor.lib.Test.fire(Test.java:268)
	at ptolemy.domains.de.kernel.DEDirector._fire(DEDirector.java:1948)
	at ptolemy.domains.de.kernel.DEDirector.fire(DEDirector.java:502)
	at ptolemy.actor.CompositeActor.fire(CompositeActor.java:455)
	at ptolemy.actor.Manager.iterate(Manager.java:851)
	at ptolemy.actor.Manager.execute(Manager.java:369)
	at ptolemy.actor.Manager.run(Manager.java:1263)
	at ptolemy.actor.Manager$PtolemyRunThread.run(Manager.java:1915)

    while executing
ptolemy.kernel.util.IllegalActionException: Test fails in iteration 1.
Value was: 1.0. Should have been: 2.0
  in .DirectFeedback.Test
    while executing
"java::new ptolemy.moml.MoMLSimpleApplication $file
"
    (procedure "createAndExecute" line 2)
    invoked from within
"createAndExecute $file"
    ("uplevel" body line 5)
    invoked from within
"uplevel $contents_of_test"
------------------ testing $PTII/ptolemy/domains/de/test/auto/ActorDepthCalculation_actorWithoutPorts.xml
auto.tcl: Setting watchdog for 200 seconds at Sun Jun 03 15:10:24 UTC 2018
5 ms. Memory: 146944K Free: 133596K (91%)
ptolemy.util.test.WatchDog.cancel(): canceling Sun Jun 03 15:10:24 UTC 2018
auto.tcl: Setting watchdog for 200 seconds at Sun Jun 03 15:10:24 UTC 2018
5 ms. Memory: 146944K Free: 132556K (90%)
ptolemy.util.test.WatchDog.cancel(): canceling Sun Jun 03 15:10:24 UTC 2018
------------------ testing $PTII/ptolemy/domains/de/test/auto/AssemblyLine.xml
auto.tcl: Setting watchdog for 200 seconds at Sun Jun 03 15:10:25 UTC 2018
27 ms. Memory: 208384K Free: 182850K (88%)
ptolemy.util.test.WatchDog.cancel(): canceling Sun Jun 03 15:10:25 UTC 2018
auto.tcl: Setting watchdog for 200 seconds at Sun Jun 03 15:10:25 UTC 2018
8 ms. Memory: 208384K Free: 182850K (88%)
ptolemy.util.test.WatchDog.cancel(): canceling Sun Jun 03 15:10:25 UTC 2018
------------------ testing $PTII/ptolemy/domains/de/test/auto/CQBug1.xml
auto.tcl: Setting watchdog for 200 seconds at Sun Jun 03 15:10:25 UTC 2018
12 ms. Memory: 208384K Free: 197721K (95%)
ptolemy.util.test.WatchDog.cancel(): canceling Sun Jun 03 15:10:25 UTC 2018
auto.tcl: Setting watchdog for 200 seconds at Sun Jun 03 15:10:25 UTC 2018
2 ms. Memory: 208384K Free: 197721K (95%)
ptolemy.util.test.WatchDog.cancel(): canceling Sun Jun 03 15:10:25 UTC 2018
------------------ testing $PTII/ptolemy/domains/de/test/auto/CancelFireAt.xml
auto.tcl: Setting watchdog for 200 seconds at Sun Jun 03 15:10:25 UTC 2018
16 ms. Memory: 208384K Free: 201103K (97%)
ptolemy.util.test.WatchDog.cancel(): canceling Sun Jun 03 15:10:25 UTC 2018
auto.tcl: Setting watchdog for 200 seconds at Sun Jun 03 15:10:25 UTC 2018
12 ms. Memory: 208384K Free: 199004K (95%)
ptolemy.util.test.WatchDog.cancel(): canceling Sun Jun 03 15:10:25 UTC 2018
------------------ testing $PTII/ptolemy/domains/de/test/auto/CausalityAndComposabilityAnalysis.xml
auto.tcl: Setting watchdog for 200 seconds at Sun Jun 03 15:10:25 UTC 2018
13 ms. Memory: 208384K Free: 196841K (94%)
ptolemy.util.test.WatchDog.cancel(): canceling Sun Jun 03 15:10:25 UTC 2018
auto.tcl: Setting watchdog for 200 seconds at Sun Jun 03 15:10:25 UTC 2018
12 ms. Memory: 208384K Free: 196503K (94%)
ptolemy.util.test.WatchDog.cancel(): canceling Sun Jun 03 15:10:25 UTC 2018
------------------ testing $PTII/ptolemy/domains/de/test/auto/CausalityInterface1.xml
auto.tcl: Setting watchdog for 200 seconds at Sun Jun 03 15:10:25 UTC 2018
24 ms. Memory: 208384K Free: 196440K (94%)
ptolemy.util.test.WatchDog.cancel(): canceling Sun Jun 03 15:10:25 UTC 2018
auto.tcl: Setting watchdog for 200 seconds at Sun Jun 03 15:10:25 UTC 2018
8 ms. Memory: 208384K Free: 196440K (94%)
ptolemy.util.test.WatchDog.cancel(): canceling Sun Jun 03 15:10:25 UTC 2018
------------------ testing $PTII/ptolemy/domains/de/test/auto/CausalityInterface15.xml
auto.tcl: Setting watchdog for 200 seconds at Sun Jun 03 15:10:25 UTC 2018
9 ms. Memory: 208384K Free: 196430K (94%)
ptolemy.util.test.WatchDog.cancel(): canceling Sun Jun 03 15:10:26 UTC 2018
auto.tcl: Setting watchdog for 200 seconds at Sun Jun 03 15:10:26 UTC 2018
6 ms. Memory: 208384K Free: 196430K (94%)
ptolemy.util.test.WatchDog.cancel(): canceling Sun Jun 03 15:10:26 UTC 2018
------------------ testing $PTII/ptolemy/domains/de/test/auto/CausalityInterface2.xml
auto.tcl: Setting watchdog for 200 seconds at Sun Jun 03 15:10:26 UTC 2018
3 ms. Memory: 208384K Free: 196751K (94%)
ptolemy.util.test.WatchDog.cancel(): canceling Sun Jun 03 15:10:26 UTC 2018
auto.tcl: Setting watchdog for 200 seconds at Sun Jun 03 15:10:26 UTC 2018
3 ms. Memory: 208384K Free: 196751K (94%)
ptolemy.util.test.WatchDog.cancel(): canceling Sun Jun 03 15:10:26 UTC 2018
------------------ testing $PTII/ptolemy/domains/de/test/auto/CausalityInterface3.xml
auto.tcl: Setting watchdog for 200 seconds at Sun Jun 03 15:10:26 UTC 2018
6 ms. Memory: 208384K Free: 196427K (94%)
ptolemy.util.test.WatchDog.cancel(): canceling Sun Jun 03 15:10:26 UTC 2018
auto.tcl: Setting watchdog for 200 seconds at Sun Jun 03 15:10:26 UTC 2018
11 ms. Memory: 208384K Free: 196427K (94%)
ptolemy.util.test.WatchDog.cancel(): canceling Sun Jun 03 15:10:26 UTC 2018
------------------ testing $PTII/ptolemy/domains/de/test/auto/ClockDrift.xml
auto.tcl: Setting watchdog for 200 seconds at Sun Jun 03 15:10:26 UTC 2018
106 ms. Memory: 208384K Free: 187663K (90%)
ptolemy.util.test.WatchDog.cancel(): canceling Sun Jun 03 15:10:26 UTC 2018
auto.tcl: Setting watchdog for 200 seconds at Sun Jun 03 15:10:26 UTC 2018
64 ms. Memory: 208384K Free: 185564K (89%)
ptolemy.util.test.WatchDog.cancel(): canceling Sun Jun 03 15:10:26 UTC 2018
------------------ testing $PTII/ptolemy/domains/de/test/auto/ClockDriftAndValueChange.xml
auto.tcl: Setting watchdog for 200 seconds at Sun Jun 03 15:10:26 UTC 2018
50 ms. Memory: 208384K Free: 187497K (90%)
ptolemy.util.test.WatchDog.cancel(): canceling Sun Jun 03 15:10:26 UTC 2018
auto.tcl: Setting watchdog for 200 seconds at Sun Jun 03 15:10:26 UTC 2018
35 ms. Memory: 208384K Free: 185399K (89%)
ptolemy.util.test.WatchDog.cancel(): canceling Sun Jun 03 15:10:26 UTC 2018
------------------ testing $PTII/ptolemy/domains/de/test/auto/ClockDriftChange.xml
auto.tcl: Setting watchdog for 200 seconds at Sun Jun 03 15:10:26 UTC 2018
29 ms. Memory: 208384K Free: 190821K (92%)
ptolemy.util.test.WatchDog.cancel(): canceling Sun Jun 03 15:10:26 UTC 2018
auto.tcl: Setting watchdog for 200 seconds at Sun Jun 03 15:10:26 UTC 2018
34 ms. Memory: 208384K Free: 188722K (91%)
ptolemy.util.test.WatchDog.cancel(): canceling Sun Jun 03 15:10:26 UTC 2018
------------------ testing $PTII/ptolemy/domains/de/test/auto/ComposableCausalityAnalysis.xml
auto.tcl: Setting watchdog for 200 seconds at Sun Jun 03 15:10:26 UTC 2018
4 ms. Memory: 208384K Free: 196284K (94%)
ptolemy.util.test.WatchDog.cancel(): canceling Sun Jun 03 15:10:26 UTC 2018
auto.tcl: Setting watchdog for 200 seconds at Sun Jun 03 15:10:26 UTC 2018
3 ms. Memory: 208384K Free: 194185K (93%)
ptolemy.util.test.WatchDog.cancel(): canceling Sun Jun 03 15:10:26 UTC 2018
------------------ testing $PTII/ptolemy/domains/de/test/auto/DEFixedPointLimitation.xml
auto.tcl: Setting watchdog for 200 seconds at Sun Jun 03 15:10:26 UTC 2018
2 ms. Memory: 208384K Free: 196364K (94%)
ptolemy.util.test.WatchDog.cancel(): canceling Sun Jun 03 15:10:27 UTC 2018
auto.tcl: Setting watchdog for 200 seconds at Sun Jun 03 15:10:27 UTC 2018
2 ms. Memory: 208384K Free: 196364K (94%)
ptolemy.util.test.WatchDog.cancel(): canceling Sun Jun 03 15:10:27 UTC 2018
------------------ testing $PTII/ptolemy/domains/de/test/auto/DEScheduleTest.xml
auto.tcl: Setting watchdog for 200 seconds at Sun Jun 03 15:10:27 UTC 2018
3 ms. Memory: 208384K Free: 198498K (95%)
ptolemy.util.test.WatchDog.cancel(): canceling Sun Jun 03 15:10:27 UTC 2018
auto.tcl: Setting watchdog for 200 seconds at Sun Jun 03 15:10:27 UTC 2018
6 ms. Memory: 208384K Free: 196399K (94%)
ptolemy.util.test.WatchDog.cancel(): canceling Sun Jun 03 15:10:27 UTC 2018
------------------ testing $PTII/ptolemy/domains/de/test/auto/DEinDEwithStartTimes.xml
auto.tcl: Setting watchdog for 200 seconds at Sun Jun 03 15:10:27 UTC 2018
12 ms. Memory: 208384K Free: 196369K (94%)
ptolemy.util.test.WatchDog.cancel(): canceling Sun Jun 03 15:10:27 UTC 2018
auto.tcl: Setting watchdog for 200 seconds at Sun Jun 03 15:10:27 UTC 2018
8 ms. Memory: 208384K Free: 194270K (93%)
ptolemy.util.test.WatchDog.cancel(): canceling Sun Jun 03 15:10:27 UTC 2018
------------------ testing $PTII/ptolemy/domains/de/test/auto/DEinDEwithStartTimes2.xml
auto.tcl: Setting watchdog for 200 seconds at Sun Jun 03 15:10:27 UTC 2018
8 ms. Memory: 208384K Free: 196348K (94%)
ptolemy.util.test.WatchDog.cancel(): canceling Sun Jun 03 15:10:27 UTC 2018
auto.tcl: Setting watchdog for 200 seconds at Sun Jun 03 15:10:27 UTC 2018
4 ms. Memory: 208384K Free: 194250K (93%)
ptolemy.util.test.WatchDog.cancel(): canceling Sun Jun 03 15:10:27 UTC 2018
------------------ testing $PTII/ptolemy/domains/de/test/auto/DateDemo.xml
auto.tcl: Setting watchdog for 200 seconds at Sun Jun 03 15:10:27 UTC 2018
11 ms. Memory: 208384K Free: 188789K (91%)
ptolemy.util.test.WatchDog.cancel(): canceling Sun Jun 03 15:10:27 UTC 2018
auto.tcl: Setting watchdog for 200 seconds at Sun Jun 03 15:10:27 UTC 2018
5 ms. Memory: 208384K Free: 186690K (90%)
ptolemy.util.test.WatchDog.cancel(): canceling Sun Jun 03 15:10:27 UTC 2018
------------------ testing $PTII/ptolemy/domains/de/test/auto/DateToEvent.xml
auto.tcl: Setting watchdog for 200 seconds at Sun Jun 03 15:10:27 UTC 2018
2010 ms. Memory: 208384K Free: 183522K (88%)
ptolemy.util.test.WatchDog.cancel(): canceling Sun Jun 03 15:10:29 UTC 2018
auto.tcl: Setting watchdog for 200 seconds at Sun Jun 03 15:10:29 UTC 2018
2005 ms. Memory: 208384K Free: 183522K (88%)
ptolemy.util.test.WatchDog.cancel(): canceling Sun Jun 03 15:10:31 UTC 2018
------------------ testing $PTII/ptolemy/domains/de/test/auto/DepthTest1.xml
auto.tcl: Setting watchdog for 200 seconds at Sun Jun 03 15:10:31 UTC 2018
3 ms. Memory: 208384K Free: 198364K (95%)
ptolemy.util.test.WatchDog.cancel(): canceling Sun Jun 03 15:10:31 UTC 2018
auto.tcl: Setting watchdog for 200 seconds at Sun Jun 03 15:10:31 UTC 2018
2 ms. Memory: 208384K Free: 198364K (95%)
ptolemy.util.test.WatchDog.cancel(): canceling Sun Jun 03 15:10:31 UTC 2018
------------------ testing $PTII/ptolemy/domains/de/test/auto/DepthTest2.xml
auto.tcl: Setting watchdog for 200 seconds at Sun Jun 03 15:10:31 UTC 2018
6 ms. Memory: 208384K Free: 194231K (93%)
ptolemy.util.test.WatchDog.cancel(): canceling Sun Jun 03 15:10:31 UTC 2018
auto.tcl: Setting watchdog for 200 seconds at Sun Jun 03 15:10:31 UTC 2018
3 ms. Memory: 208384K Free: 194231K (93%)
ptolemy.util.test.WatchDog.cancel(): canceling Sun Jun 03 15:10:31 UTC 2018
------------------ testing $PTII/ptolemy/domains/de/test/auto/DepthTest3.xml
auto.tcl: Setting watchdog for 200 seconds at Sun Jun 03 15:10:31 UTC 2018
2 ms. Memory: 208384K Free: 198360K (95%)
ptolemy.util.test.WatchDog.cancel(): canceling Sun Jun 03 15:10:31 UTC 2018
auto.tcl: Setting watchdog for 200 seconds at Sun Jun 03 15:10:31 UTC 2018
2 ms. Memory: 208384K Free: 198360K (95%)
ptolemy.util.test.WatchDog.cancel(): canceling Sun Jun 03 15:10:31 UTC 2018
------------------ testing $PTII/ptolemy/domains/de/test/auto/DepthTest4.xml
auto.tcl: Setting watchdog for 200 seconds at Sun Jun 03 15:10:31 UTC 2018
3 ms. Memory: 208384K Free: 196347K (94%)
ptolemy.util.test.WatchDog.cancel(): canceling Sun Jun 03 15:10:31 UTC 2018
auto.tcl: Setting watchdog for 200 seconds at Sun Jun 03 15:10:31 UTC 2018
2 ms. Memory: 208384K Free: 196347K (94%)
ptolemy.util.test.WatchDog.cancel(): canceling Sun Jun 03 15:10:31 UTC 2018
------------------ testing $PTII/ptolemy/domains/de/test/auto/DepthTest5.xml
auto.tcl: Setting watchdog for 200 seconds at Sun Jun 03 15:10:31 UTC 2018
3 ms. Memory: 208384K Free: 196295K (94%)
ptolemy.util.test.WatchDog.cancel(): canceling Sun Jun 03 15:10:31 UTC 2018
auto.tcl: Setting watchdog for 200 seconds at Sun Jun 03 15:10:31 UTC 2018
2 ms. Memory: 208384K Free: 196295K (94%)
ptolemy.util.test.WatchDog.cancel(): canceling Sun Jun 03 15:10:31 UTC 2018
------------------ testing $PTII/ptolemy/domains/de/test/auto/DepthTest6.xml
auto.tcl: Setting watchdog for 200 seconds at Sun Jun 03 15:10:31 UTC 2018
8 ms. Memory: 208384K Free: 196264K (94%)
ptolemy.util.test.WatchDog.cancel(): canceling Sun Jun 03 15:10:31 UTC 2018
auto.tcl: Setting watchdog for 200 seconds at Sun Jun 03 15:10:32 UTC 2018
3 ms. Memory: 208384K Free: 196264K (94%)
ptolemy.util.test.WatchDog.cancel(): canceling Sun Jun 03 15:10:32 UTC 2018
------------------ testing $PTII/ptolemy/domains/de/test/auto/DepthTest7.xml
auto.tcl: Setting watchdog for 200 seconds at Sun Jun 03 15:10:32 UTC 2018
2 ms. Memory: 208384K Free: 196252K (94%)
ptolemy.util.test.WatchDog.cancel(): canceling Sun Jun 03 15:10:32 UTC 2018
auto.tcl: Setting watchdog for 200 seconds at Sun Jun 03 15:10:32 UTC 2018
2 ms. Memory: 208384K Free: 196252K (94%)
ptolemy.util.test.WatchDog.cancel(): canceling Sun Jun 03 15:10:32 UTC 2018
------------------ testing $PTII/ptolemy/domains/de/test/auto/EventToDate.xml
auto.tcl: Setting watchdog for 200 seconds at Sun Jun 03 15:10:32 UTC 2018
3013 ms. Memory: 208384K Free: 185779K (89%)
ptolemy.util.test.WatchDog.cancel(): canceling Sun Jun 03 15:10:35 UTC 2018
auto.tcl: Setting watchdog for 200 seconds at Sun Jun 03 15:10:35 UTC 2018
3004 ms. Memory: 208384K Free: 185779K (89%)
ptolemy.util.test.WatchDog.cancel(): canceling Sun Jun 03 15:10:38 UTC 2018
------------------ testing $PTII/ptolemy/domains/de/test/auto/FSM1.xml
auto.tcl: Setting watchdog for 200 seconds at Sun Jun 03 15:10:38 UTC 2018
41 ms. Memory: 208384K Free: 185089K (89%)
ptolemy.util.test.WatchDog.cancel(): canceling Sun Jun 03 15:10:38 UTC 2018
auto.tcl: Setting watchdog for 200 seconds at Sun Jun 03 15:10:38 UTC 2018
17 ms. Memory: 208384K Free: 182990K (88%)
ptolemy.util.test.WatchDog.cancel(): canceling Sun Jun 03 15:10:38 UTC 2018
------------------ testing $PTII/ptolemy/domains/de/test/auto/FSM7.xml
auto.tcl: Setting watchdog for 200 seconds at Sun Jun 03 15:10:38 UTC 2018
31 ms. Memory: 208384K Free: 187414K (90%)
ptolemy.util.test.WatchDog.cancel(): canceling Sun Jun 03 15:10:38 UTC 2018
auto.tcl: Setting watchdog for 200 seconds at Sun Jun 03 15:10:38 UTC 2018
21 ms. Memory: 208384K Free: 185315K (89%)
ptolemy.util.test.WatchDog.cancel(): canceling Sun Jun 03 15:10:38 UTC 2018
------------------ testing $PTII/ptolemy/domains/de/test/auto/Inspection.xml
auto.tcl: Setting watchdog for 200 seconds at Sun Jun 03 15:10:38 UTC 2018
49 ms. Memory: 208384K Free: 188963K (91%)
ptolemy.util.test.WatchDog.cancel(): canceling Sun Jun 03 15:10:38 UTC 2018
auto.tcl: Setting watchdog for 200 seconds at Sun Jun 03 15:10:38 UTC 2018
33 ms. Memory: 208384K Free: 186865K (90%)
ptolemy.util.test.WatchDog.cancel(): canceling Sun Jun 03 15:10:38 UTC 2018
------------------ testing $PTII/ptolemy/domains/de/test/auto/Iteration.xml
auto.tcl: Setting watchdog for 200 seconds at Sun Jun 03 15:10:38 UTC 2018
18 ms. Memory: 208384K Free: 194298K (93%)
ptolemy.util.test.WatchDog.cancel(): canceling Sun Jun 03 15:10:38 UTC 2018
auto.tcl: Setting watchdog for 200 seconds at Sun Jun 03 15:10:38 UTC 2018
7 ms. Memory: 208384K Free: 193960K (93%)
ptolemy.util.test.WatchDog.cancel(): canceling Sun Jun 03 15:10:38 UTC 2018
------------------ testing $PTII/ptolemy/domains/de/test/auto/LineFault.xml
auto.tcl: Setting watchdog for 200 seconds at Sun Jun 03 15:10:38 UTC 2018
768 ms. Memory: 208384K Free: 196147K (94%)
ptolemy.util.test.WatchDog.cancel(): canceling Sun Jun 03 15:10:39 UTC 2018
auto.tcl: Setting watchdog for 200 seconds at Sun Jun 03 15:10:39 UTC 2018
771 ms. Memory: 208384K Free: 138852K (67%)
ptolemy.util.test.WatchDog.cancel(): canceling Sun Jun 03 15:10:40 UTC 2018
------------------ testing $PTII/ptolemy/domains/de/test/auto/MergeModel1Add.xml
auto.tcl: Setting watchdog for 200 seconds at Sun Jun 03 15:10:40 UTC 2018
27 ms. Memory: 331264K Free: 302750K (91%)
ptolemy.util.test.WatchDog.cancel(): canceling Sun Jun 03 15:10:40 UTC 2018
auto.tcl: Setting watchdog for 200 seconds at Sun Jun 03 15:10:40 UTC 2018
12 ms. Memory: 331264K Free: 298789K (90%)
ptolemy.util.test.WatchDog.cancel(): canceling Sun Jun 03 15:10:40 UTC 2018
------------------ testing $PTII/ptolemy/domains/de/test/auto/MergeModel2Add.xml
auto.tcl: Setting watchdog for 200 seconds at Sun Jun 03 15:10:40 UTC 2018
11 ms. Memory: 331264K Free: 304088K (92%)
ptolemy.util.test.WatchDog.cancel(): canceling Sun Jun 03 15:10:41 UTC 2018
auto.tcl: Setting watchdog for 200 seconds at Sun Jun 03 15:10:41 UTC 2018
12 ms. Memory: 331264K Free: 300127K (91%)
ptolemy.util.test.WatchDog.cancel(): canceling Sun Jun 03 15:10:41 UTC 2018
------------------ testing $PTII/ptolemy/domains/de/test/auto/MergeModel3Add.xml
auto.tcl: Setting watchdog for 200 seconds at Sun Jun 03 15:10:41 UTC 2018
11 ms. Memory: 331264K Free: 304098K (92%)
ptolemy.util.test.WatchDog.cancel(): canceling Sun Jun 03 15:10:41 UTC 2018
auto.tcl: Setting watchdog for 200 seconds at Sun Jun 03 15:10:41 UTC 2018
11 ms. Memory: 331264K Free: 300137K (91%)
ptolemy.util.test.WatchDog.cancel(): canceling Sun Jun 03 15:10:41 UTC 2018
------------------ testing $PTII/ptolemy/domains/de/test/auto/MergeWithoutDiscard.xml
auto.tcl: Setting watchdog for 200 seconds at Sun Jun 03 15:10:41 UTC 2018
7 ms. Memory: 331264K Free: 319539K (96%)
ptolemy.util.test.WatchDog.cancel(): canceling Sun Jun 03 15:10:41 UTC 2018
auto.tcl: Setting watchdog for 200 seconds at Sun Jun 03 15:10:41 UTC 2018
1 ms. Memory: 331264K Free: 315578K (95%)
ptolemy.util.test.WatchDog.cancel(): canceling Sun Jun 03 15:10:41 UTC 2018
------------------ testing $PTII/ptolemy/domains/de/test/auto/Modal1.xml
auto.tcl: Setting watchdog for 200 seconds at Sun Jun 03 15:10:41 UTC 2018
18 ms. Memory: 331264K Free: 309456K (93%)
ptolemy.util.test.WatchDog.cancel(): canceling Sun Jun 03 15:10:41 UTC 2018
auto.tcl: Setting watchdog for 200 seconds at Sun Jun 03 15:10:41 UTC 2018
25 ms. Memory: 331264K Free: 305495K (92%)
ptolemy.util.test.WatchDog.cancel(): canceling Sun Jun 03 15:10:41 UTC 2018
------------------ testing $PTII/ptolemy/domains/de/test/auto/Modal2.xml
auto.tcl: Setting watchdog for 200 seconds at Sun Jun 03 15:10:41 UTC 2018
18 ms. Memory: 331264K Free: 309341K (93%)
ptolemy.util.test.WatchDog.cancel(): canceling Sun Jun 03 15:10:41 UTC 2018
auto.tcl: Setting watchdog for 200 seconds at Sun Jun 03 15:10:41 UTC 2018
23 ms. Memory: 331264K Free: 305380K (92%)
ptolemy.util.test.WatchDog.cancel(): canceling Sun Jun 03 15:10:41 UTC 2018
------------------ testing $PTII/ptolemy/domains/de/test/auto/Modal3.xml
auto.tcl: Setting watchdog for 200 seconds at Sun Jun 03 15:10:41 UTC 2018
17 ms. Memory: 331264K Free: 309613K (93%)
ptolemy.util.test.WatchDog.cancel(): canceling Sun Jun 03 15:10:41 UTC 2018
auto.tcl: Setting watchdog for 200 seconds at Sun Jun 03 15:10:41 UTC 2018
16 ms. Memory: 331264K Free: 305366K (92%)
ptolemy.util.test.WatchDog.cancel(): canceling Sun Jun 03 15:10:41 UTC 2018
------------------ testing $PTII/ptolemy/domains/de/test/auto/Modal4.xml
auto.tcl: Setting watchdog for 200 seconds at Sun Jun 03 15:10:41 UTC 2018
30 ms. Memory: 331264K Free: 309341K (93%)
ptolemy.util.test.WatchDog.cancel(): canceling Sun Jun 03 15:10:41 UTC 2018
auto.tcl: Setting watchdog for 200 seconds at Sun Jun 03 15:10:41 UTC 2018
18 ms. Memory: 331264K Free: 305379K (92%)
ptolemy.util.test.WatchDog.cancel(): canceling Sun Jun 03 15:10:41 UTC 2018
------------------ testing $PTII/ptolemy/domains/de/test/auto/Modal5.xml
auto.tcl: Setting watchdog for 200 seconds at Sun Jun 03 15:10:41 UTC 2018
12 ms. Memory: 331264K Free: 309328K (93%)
ptolemy.util.test.WatchDog.cancel(): canceling Sun Jun 03 15:10:41 UTC 2018
auto.tcl: Setting watchdog for 200 seconds at Sun Jun 03 15:10:41 UTC 2018
14 ms. Memory: 331264K Free: 305367K (92%)
ptolemy.util.test.WatchDog.cancel(): canceling Sun Jun 03 15:10:41 UTC 2018
------------------ testing $PTII/ptolemy/domains/de/test/auto/Modal6.xml
auto.tcl: Setting watchdog for 200 seconds at Sun Jun 03 15:10:42 UTC 2018
13 ms. Memory: 331264K Free: 309326K (93%)
ptolemy.util.test.WatchDog.cancel(): canceling Sun Jun 03 15:10:42 UTC 2018
auto.tcl: Setting watchdog for 200 seconds at Sun Jun 03 15:10:42 UTC 2018
15 ms. Memory: 331264K Free: 305365K (92%)
ptolemy.util.test.WatchDog.cancel(): canceling Sun Jun 03 15:10:42 UTC 2018
------------------ testing $PTII/ptolemy/domains/de/test/auto/Modal7.xml
auto.tcl: Setting watchdog for 200 seconds at Sun Jun 03 15:10:42 UTC 2018
11 ms. Memory: 331264K Free: 309326K (93%)
ptolemy.util.test.WatchDog.cancel(): canceling Sun Jun 03 15:10:42 UTC 2018
auto.tcl: Setting watchdog for 200 seconds at Sun Jun 03 15:10:42 UTC 2018
12 ms. Memory: 331264K Free: 305365K (92%)
ptolemy.util.test.WatchDog.cancel(): canceling Sun Jun 03 15:10:42 UTC 2018
------------------ testing $PTII/ptolemy/domains/de/test/auto/ModalModel.xml
auto.tcl: Setting watchdog for 200 seconds at Sun Jun 03 15:10:42 UTC 2018
199 ms. Memory: 331264K Free: 245801K (74%)
ptolemy.util.test.WatchDog.cancel(): canceling Sun Jun 03 15:10:42 UTC 2018
auto.tcl: Setting watchdog for 200 seconds at Sun Jun 03 15:10:42 UTC 2018
209 ms. Memory: 331264K Free: 190341K (57%)
ptolemy.util.test.WatchDog.cancel(): canceling Sun Jun 03 15:10:42 UTC 2018
------------------ testing $PTII/ptolemy/domains/de/test/auto/ModalSource.xml
auto.tcl: Setting watchdog for 200 seconds at Sun Jun 03 15:10:42 UTC 2018
10 ms. Memory: 331264K Free: 316118K (95%)
ptolemy.util.test.WatchDog.cancel(): canceling Sun Jun 03 15:10:42 UTC 2018
auto.tcl: Setting watchdog for 200 seconds at Sun Jun 03 15:10:42 UTC 2018
7 ms. Memory: 331264K Free: 312592K (94%)
ptolemy.util.test.WatchDog.cancel(): canceling Sun Jun 03 15:10:42 UTC 2018
------------------ testing $PTII/ptolemy/domains/de/test/auto/NonInterruptibleTimerZeroDelay.xml
auto.tcl: Setting watchdog for 200 seconds at Sun Jun 03 15:10:42 UTC 2018
3 ms. Memory: 331264K Free: 320496K (97%)
ptolemy.util.test.WatchDog.cancel(): canceling Sun Jun 03 15:10:42 UTC 2018
auto.tcl: Setting watchdog for 200 seconds at Sun Jun 03 15:10:42 UTC 2018
2 ms. Memory: 331264K Free: 316954K (96%)
ptolemy.util.test.WatchDog.cancel(): canceling Sun Jun 03 15:10:42 UTC 2018
------------------ testing $PTII/ptolemy/domains/de/test/auto/OpenQueueingNetwork.xml
auto.tcl: Setting watchdog for 200 seconds at Sun Jun 03 15:10:42 UTC 2018
3357 ms. Memory: 307712K Free: 139560K (45%)
ptolemy.util.test.WatchDog.cancel(): canceling Sun Jun 03 15:10:46 UTC 2018
auto.tcl: Setting watchdog for 200 seconds at Sun Jun 03 15:10:46 UTC 2018
2613 ms. Memory: 278528K Free: 193738K (70%)
ptolemy.util.test.WatchDog.cancel(): canceling Sun Jun 03 15:10:49 UTC 2018
------------------ testing $PTII/ptolemy/domains/de/test/auto/OpenQueuingNetwork.xml
auto.tcl: Setting watchdog for 200 seconds at Sun Jun 03 15:10:49 UTC 2018
281 ms. Memory: 278528K Free: 178853K (64%)
ptolemy.util.test.WatchDog.cancel(): canceling Sun Jun 03 15:10:49 UTC 2018
auto.tcl: Setting watchdog for 200 seconds at Sun Jun 03 15:10:49 UTC 2018
258 ms. Memory: 278528K Free: 118738K (43%)
ptolemy.util.test.WatchDog.cancel(): canceling Sun Jun 03 15:10:49 UTC 2018
------------------ testing $PTII/ptolemy/domains/de/test/auto/PeriodicSampler.xml
auto.tcl: Setting watchdog for 200 seconds at Sun Jun 03 15:10:49 UTC 2018
3 ms. Memory: 281088K Free: 266269K (95%)
ptolemy.util.test.WatchDog.cancel(): canceling Sun Jun 03 15:10:49 UTC 2018
auto.tcl: Setting watchdog for 200 seconds at Sun Jun 03 15:10:49 UTC 2018
2 ms. Memory: 281088K Free: 266269K (95%)
ptolemy.util.test.WatchDog.cancel(): canceling Sun Jun 03 15:10:49 UTC 2018
------------------ testing $PTII/ptolemy/domains/de/test/auto/PersistentIO.xml
auto.tcl: Setting watchdog for 200 seconds at Sun Jun 03 15:10:49 UTC 2018
17 ms. Memory: 278528K Free: 258815K (93%)
ptolemy.util.test.WatchDog.cancel(): canceling Sun Jun 03 15:10:49 UTC 2018
auto.tcl: Setting watchdog for 200 seconds at Sun Jun 03 15:10:49 UTC 2018
4 ms. Memory: 278528K Free: 258815K (93%)
ptolemy.util.test.WatchDog.cancel(): canceling Sun Jun 03 15:10:49 UTC 2018
------------------ testing $PTII/ptolemy/domains/de/test/auto/PortParameterResetOnInitialize.xml
auto.tcl: Setting watchdog for 200 seconds at Sun Jun 03 15:10:49 UTC 2018
3 ms. Memory: 280576K Free: 266102K (95%)
ptolemy.util.test.WatchDog.cancel(): canceling Sun Jun 03 15:10:49 UTC 2018
auto.tcl: Setting watchdog for 200 seconds at Sun Jun 03 15:10:49 UTC 2018
2 ms. Memory: 280576K Free: 266102K (95%)
ptolemy.util.test.WatchDog.cancel(): canceling Sun Jun 03 15:10:49 UTC 2018
------------------ testing $PTII/ptolemy/domains/de/test/auto/PortParameterUpdates.xml
auto.tcl: Setting watchdog for 200 seconds at Sun Jun 03 15:10:50 UTC 2018
4 ms. Memory: 278528K Free: 264283K (95%)
ptolemy.util.test.WatchDog.cancel(): canceling Sun Jun 03 15:10:50 UTC 2018
auto.tcl: Setting watchdog for 200 seconds at Sun Jun 03 15:10:50 UTC 2018
4 ms. Memory: 278528K Free: 261529K (94%)
ptolemy.util.test.WatchDog.cancel(): canceling Sun Jun 03 15:10:50 UTC 2018
------------------ testing $PTII/ptolemy/domains/de/test/auto/QueueAndServer.xml
auto.tcl: Setting watchdog for 200 seconds at Sun Jun 03 15:10:50 UTC 2018
24 ms. Memory: 280576K Free: 263468K (94%)
ptolemy.util.test.WatchDog.cancel(): canceling Sun Jun 03 15:10:50 UTC 2018
auto.tcl: Setting watchdog for 200 seconds at Sun Jun 03 15:10:50 UTC 2018
7 ms. Memory: 280576K Free: 263468K (94%)
ptolemy.util.test.WatchDog.cancel(): canceling Sun Jun 03 15:10:50 UTC 2018
------------------ testing $PTII/ptolemy/domains/de/test/auto/Records.xml
auto.tcl: Setting watchdog for 200 seconds at Sun Jun 03 15:10:50 UTC 2018
10 ms. Memory: 278528K Free: 266078K (96%)
ptolemy.util.test.WatchDog.cancel(): canceling Sun Jun 03 15:10:50 UTC 2018
auto.tcl: Setting watchdog for 200 seconds at Sun Jun 03 15:10:50 UTC 2018
1 ms. Memory: 278528K Free: 266078K (96%)
ptolemy.util.test.WatchDog.cancel(): canceling Sun Jun 03 15:10:50 UTC 2018
------------------ testing $PTII/ptolemy/domains/de/test/auto/ResetTransitionWithStartTime1.xml
auto.tcl: Setting watchdog for 200 seconds at Sun Jun 03 15:10:50 UTC 2018
13 ms. Memory: 280064K Free: 262899K (94%)
ptolemy.util.test.WatchDog.cancel(): canceling Sun Jun 03 15:10:50 UTC 2018
auto.tcl: Setting watchdog for 200 seconds at Sun Jun 03 15:10:50 UTC 2018
6 ms. Memory: 280064K Free: 260144K (93%)
ptolemy.util.test.WatchDog.cancel(): canceling Sun Jun 03 15:10:50 UTC 2018
------------------ testing $PTII/ptolemy/domains/de/test/auto/ResetTransitionWithStartTime2.xml
auto.tcl: Setting watchdog for 200 seconds at Sun Jun 03 15:10:50 UTC 2018
7 ms. Memory: 278528K Free: 261450K (94%)
ptolemy.util.test.WatchDog.cancel(): canceling Sun Jun 03 15:10:50 UTC 2018
auto.tcl: Setting watchdog for 200 seconds at Sun Jun 03 15:10:50 UTC 2018
7 ms. Memory: 278528K Free: 258696K (93%)
ptolemy.util.test.WatchDog.cancel(): canceling Sun Jun 03 15:10:50 UTC 2018
------------------ testing $PTII/ptolemy/domains/de/test/auto/ResetTransitionWithStartTime3.xml
auto.tcl: Setting watchdog for 200 seconds at Sun Jun 03 15:10:50 UTC 2018
7 ms. Memory: 280064K Free: 262888K (94%)
ptolemy.util.test.WatchDog.cancel(): canceling Sun Jun 03 15:10:50 UTC 2018
auto.tcl: Setting watchdog for 200 seconds at Sun Jun 03 15:10:50 UTC 2018
9 ms. Memory: 280064K Free: 260134K (93%)
ptolemy.util.test.WatchDog.cancel(): canceling Sun Jun 03 15:10:50 UTC 2018
------------------ testing $PTII/ptolemy/domains/de/test/auto/ResetTransitionWithStartTime4.xml
auto.tcl: Setting watchdog for 200 seconds at Sun Jun 03 15:10:50 UTC 2018
4 ms. Memory: 278528K Free: 263338K (95%)
ptolemy.util.test.WatchDog.cancel(): canceling Sun Jun 03 15:10:50 UTC 2018
auto.tcl: Setting watchdog for 200 seconds at Sun Jun 03 15:10:50 UTC 2018
3 ms. Memory: 278528K Free: 263338K (95%)
ptolemy.util.test.WatchDog.cancel(): canceling Sun Jun 03 15:10:50 UTC 2018
------------------ testing $PTII/ptolemy/domains/de/test/auto/ResettableTimer1.xml
auto.tcl: Setting watchdog for 200 seconds at Sun Jun 03 15:10:50 UTC 2018
2 ms. Memory: 280064K Free: 267607K (96%)
ptolemy.util.test.WatchDog.cancel(): canceling Sun Jun 03 15:10:50 UTC 2018
auto.tcl: Setting watchdog for 200 seconds at Sun Jun 03 15:10:50 UTC 2018
2 ms. Memory: 280064K Free: 267607K (96%)
ptolemy.util.test.WatchDog.cancel(): canceling Sun Jun 03 15:10:50 UTC 2018
------------------ testing $PTII/ptolemy/domains/de/test/auto/ResettableTimer2.xml
auto.tcl: Setting watchdog for 200 seconds at Sun Jun 03 15:10:50 UTC 2018
2 ms. Memory: 278528K Free: 266243K (96%)
ptolemy.util.test.WatchDog.cancel(): canceling Sun Jun 03 15:10:50 UTC 2018
auto.tcl: Setting watchdog for 200 seconds at Sun Jun 03 15:10:50 UTC 2018
3 ms. Memory: 278528K Free: 266243K (96%)
ptolemy.util.test.WatchDog.cancel(): canceling Sun Jun 03 15:10:50 UTC 2018
------------------ testing $PTII/ptolemy/domains/de/test/auto/ResettableTimer3.xml
auto.tcl: Setting watchdog for 200 seconds at Sun Jun 03 15:10:50 UTC 2018
2 ms. Memory: 279552K Free: 267249K (96%)
ptolemy.util.test.WatchDog.cancel(): canceling Sun Jun 03 15:10:50 UTC 2018
auto.tcl: Setting watchdog for 200 seconds at Sun Jun 03 15:10:50 UTC 2018
1 ms. Memory: 279552K Free: 267249K (96%)
ptolemy.util.test.WatchDog.cancel(): canceling Sun Jun 03 15:10:50 UTC 2018
------------------ testing $PTII/ptolemy/domains/de/test/auto/ResettableTimer4.xml
auto.tcl: Setting watchdog for 200 seconds at Sun Jun 03 15:10:50 UTC 2018
1 ms. Memory: 278528K Free: 264268K (95%)
ptolemy.util.test.WatchDog.cancel(): canceling Sun Jun 03 15:10:50 UTC 2018
auto.tcl: Setting watchdog for 200 seconds at Sun Jun 03 15:10:50 UTC 2018
1 ms. Memory: 278528K Free: 264268K (95%)
ptolemy.util.test.WatchDog.cancel(): canceling Sun Jun 03 15:10:50 UTC 2018
------------------ testing $PTII/ptolemy/domains/de/test/auto/ResettableTimer5.xml
auto.tcl: Setting watchdog for 200 seconds at Sun Jun 03 15:10:50 UTC 2018
5 ms. Memory: 279552K Free: 265209K (95%)
ptolemy.util.test.WatchDog.cancel(): canceling Sun Jun 03 15:10:50 UTC 2018
auto.tcl: Setting watchdog for 200 seconds at Sun Jun 03 15:10:50 UTC 2018
1 ms. Memory: 279552K Free: 265209K (95%)
ptolemy.util.test.WatchDog.cancel(): canceling Sun Jun 03 15:10:50 UTC 2018
------------------ testing $PTII/ptolemy/domains/de/test/auto/ResettableTimer6.xml
auto.tcl: Setting watchdog for 200 seconds at Sun Jun 03 15:10:51 UTC 2018
2 ms. Memory: 278528K Free: 266090K (96%)
ptolemy.util.test.WatchDog.cancel(): canceling Sun Jun 03 15:10:51 UTC 2018
auto.tcl: Setting watchdog for 200 seconds at Sun Jun 03 15:10:51 UTC 2018
1 ms. Memory: 278528K Free: 266090K (96%)
ptolemy.util.test.WatchDog.cancel(): canceling Sun Jun 03 15:10:51 UTC 2018
------------------ testing $PTII/ptolemy/domains/de/test/auto/ServerZeroDelay.xml
auto.tcl: Setting watchdog for 200 seconds at Sun Jun 03 15:10:51 UTC 2018
2 ms. Memory: 279552K Free: 267210K (96%)
ptolemy.util.test.WatchDog.cancel(): canceling Sun Jun 03 15:10:51 UTC 2018
auto.tcl: Setting watchdog for 200 seconds at Sun Jun 03 15:10:51 UTC 2018
3 ms. Memory: 279552K Free: 267210K (96%)
ptolemy.util.test.WatchDog.cancel(): canceling Sun Jun 03 15:10:51 UTC 2018
------------------ testing $PTII/ptolemy/domains/de/test/auto/SmartSender.xml
auto.tcl: Setting watchdog for 200 seconds at Sun Jun 03 15:10:51 UTC 2018
3002 ms. Memory: 278528K Free: 264202K (95%)
ptolemy.util.test.WatchDog.cancel(): canceling Sun Jun 03 15:10:54 UTC 2018
auto.tcl: Setting watchdog for 200 seconds at Sun Jun 03 15:10:54 UTC 2018
3001 ms. Memory: 278528K Free: 264202K (95%)
ptolemy.util.test.WatchDog.cancel(): canceling Sun Jun 03 15:10:57 UTC 2018
------------------ testing $PTII/ptolemy/domains/de/test/auto/ThreadedComposite.xml
auto.tcl: Setting watchdog for 200 seconds at Sun Jun 03 15:10:57 UTC 2018
264 ms. Memory: 279552K Free: 245075K (88%)
ptolemy.util.test.WatchDog.cancel(): canceling Sun Jun 03 15:10:57 UTC 2018
auto.tcl: Setting watchdog for 200 seconds at Sun Jun 03 15:10:57 UTC 2018
207 ms. Memory: 279552K Free: 227771K (81%)
ptolemy.util.test.WatchDog.cancel(): canceling Sun Jun 03 15:10:57 UTC 2018
------------------ testing $PTII/ptolemy/domains/de/test/auto/Time.xml
auto.tcl: Setting watchdog for 200 seconds at Sun Jun 03 15:10:57 UTC 2018
565 ms. Memory: 278528K Free: 208636K (75%)
ptolemy.util.test.WatchDog.cancel(): canceling Sun Jun 03 15:10:58 UTC 2018
auto.tcl: Setting watchdog for 200 seconds at Sun Jun 03 15:10:58 UTC 2018
630 ms. Memory: 278528K Free: 153868K (55%)
ptolemy.util.test.WatchDog.cancel(): canceling Sun Jun 03 15:10:58 UTC 2018
------------------ testing $PTII/ptolemy/domains/de/test/auto/TimeDelayZeroDelay.xml
auto.tcl: Setting watchdog for 200 seconds at Sun Jun 03 15:10:59 UTC 2018
2 ms. Memory: 279040K Free: 267149K (96%)
ptolemy.util.test.WatchDog.cancel(): canceling Sun Jun 03 15:10:59 UTC 2018
auto.tcl: Setting watchdog for 200 seconds at Sun Jun 03 15:10:59 UTC 2018
2 ms. Memory: 279040K Free: 267149K (96%)
ptolemy.util.test.WatchDog.cancel(): canceling Sun Jun 03 15:10:59 UTC 2018
------------------ testing $PTII/ptolemy/domains/de/test/auto/TimerZeroDelay.xml
auto.tcl: Setting watchdog for 200 seconds at Sun Jun 03 15:10:59 UTC 2018
4 ms. Memory: 278528K Free: 266735K (96%)
ptolemy.util.test.WatchDog.cancel(): canceling Sun Jun 03 15:10:59 UTC 2018
auto.tcl: Setting watchdog for 200 seconds at Sun Jun 03 15:10:59 UTC 2018
2 ms. Memory: 278528K Free: 266735K (96%)
ptolemy.util.test.WatchDog.cancel(): canceling Sun Jun 03 15:10:59 UTC 2018
------------------ testing $PTII/ptolemy/domains/de/test/auto/TimingParadox.xml
auto.tcl: Setting watchdog for 200 seconds at Sun Jun 03 15:10:59 UTC 2018
391 ms. Memory: 279040K Free: 201780K (72%)
ptolemy.util.test.WatchDog.cancel(): canceling Sun Jun 03 15:10:59 UTC 2018
auto.tcl: Setting watchdog for 200 seconds at Sun Jun 03 15:10:59 UTC 2018
368 ms. Memory: 279040K Free: 167564K (60%)
ptolemy.util.test.WatchDog.cancel(): canceling Sun Jun 03 15:11:00 UTC 2018
------------------ testing $PTII/ptolemy/domains/de/test/auto/TransferInputs.xml
auto.tcl: Setting watchdog for 200 seconds at Sun Jun 03 15:11:00 UTC 2018
2 ms. Memory: 279040K Free: 266096K (95%)
ptolemy.util.test.WatchDog.cancel(): canceling Sun Jun 03 15:11:00 UTC 2018
auto.tcl: Setting watchdog for 200 seconds at Sun Jun 03 15:11:00 UTC 2018
2 ms. Memory: 279040K Free: 266096K (95%)
ptolemy.util.test.WatchDog.cancel(): canceling Sun Jun 03 15:11:00 UTC 2018
------------------ testing $PTII/ptolemy/domains/de/test/auto/TransferOutputs2.xml
auto.tcl: Setting watchdog for 200 seconds at Sun Jun 03 15:11:00 UTC 2018
4 ms. Memory: 278528K Free: 264210K (95%)
ptolemy.util.test.WatchDog.cancel(): canceling Sun Jun 03 15:11:00 UTC 2018
auto.tcl: Setting watchdog for 200 seconds at Sun Jun 03 15:11:00 UTC 2018
4 ms. Memory: 278528K Free: 261726K (94%)
ptolemy.util.test.WatchDog.cancel(): canceling Sun Jun 03 15:11:00 UTC 2018
------------------ testing $PTII/ptolemy/domains/de/test/auto/Trilateration.xml
auto.tcl: Setting watchdog for 200 seconds at Sun Jun 03 15:11:00 UTC 2018
12732 ms. Memory: 352256K Free: 177397K (50%)
ptolemy.util.test.WatchDog.cancel(): canceling Sun Jun 03 15:11:14 UTC 2018
auto.tcl: Setting watchdog for 200 seconds at Sun Jun 03 15:11:14 UTC 2018
10125 ms. Memory: 242688K Free: 83095K (34%)
ptolemy.util.test.WatchDog.cancel(): canceling Sun Jun 03 15:11:24 UTC 2018
------------------ testing $PTII/ptolemy/domains/de/test/auto/TwoSigmaDelta.xml
auto.tcl: Setting watchdog for 200 seconds at Sun Jun 03 15:11:24 UTC 2018
3063 ms. Memory: 236544K Free: 95231K (40%)
ptolemy.util.test.WatchDog.cancel(): canceling Sun Jun 03 15:11:27 UTC 2018
auto.tcl: Setting watchdog for 200 seconds at Sun Jun 03 15:11:27 UTC 2018
2181 ms. Memory: 223744K Free: 151350K (68%)
ptolemy.util.test.WatchDog.cancel(): canceling Sun Jun 03 15:11:29 UTC 2018
------------------ testing $PTII/ptolemy/domains/de/test/auto/VariableDelay.xml
auto.tcl: Setting watchdog for 200 seconds at Sun Jun 03 15:11:29 UTC 2018
3 ms. Memory: 224768K Free: 212523K (95%)
ptolemy.util.test.WatchDog.cancel(): canceling Sun Jun 03 15:11:29 UTC 2018
auto.tcl: Setting watchdog for 200 seconds at Sun Jun 03 15:11:29 UTC 2018
2 ms. Memory: 224768K Free: 210557K (94%)
ptolemy.util.test.WatchDog.cancel(): canceling Sun Jun 03 15:11:29 UTC 2018
------------------ testing $PTII/ptolemy/domains/de/test/auto/VariableDelay2.xml
auto.tcl: Setting watchdog for 200 seconds at Sun Jun 03 15:11:29 UTC 2018
11 ms. Memory: 223744K Free: 213331K (95%)
ptolemy.util.test.WatchDog.cancel(): canceling Sun Jun 03 15:11:30 UTC 2018
auto.tcl: Setting watchdog for 200 seconds at Sun Jun 03 15:11:30 UTC 2018
2 ms. Memory: 223744K Free: 211365K (94%)
ptolemy.util.test.WatchDog.cancel(): canceling Sun Jun 03 15:11:30 UTC 2018
------------------ testing $PTII/ptolemy/domains/de/test/auto/VariableDelayZeroDelay.xml
auto.tcl: Setting watchdog for 200 seconds at Sun Jun 03 15:11:30 UTC 2018
2 ms. Memory: 224768K Free: 212930K (95%)
ptolemy.util.test.WatchDog.cancel(): canceling Sun Jun 03 15:11:30 UTC 2018
auto.tcl: Setting watchdog for 200 seconds at Sun Jun 03 15:11:30 UTC 2018
2 ms. Memory: 224768K Free: 212930K (95%)
ptolemy.util.test.WatchDog.cancel(): canceling Sun Jun 03 15:11:30 UTC 2018
------------------ testing $PTII/ptolemy/domains/de/test/auto/VariableDelayZeroDelay2.xml
auto.tcl: Setting watchdog for 200 seconds at Sun Jun 03 15:11:30 UTC 2018
6 ms. Memory: 223744K Free: 211920K (95%)
ptolemy.util.test.WatchDog.cancel(): canceling Sun Jun 03 15:11:30 UTC 2018
auto.tcl: Setting watchdog for 200 seconds at Sun Jun 03 15:11:30 UTC 2018
2 ms. Memory: 223744K Free: 209963K (94%)
ptolemy.util.test.WatchDog.cancel(): canceling Sun Jun 03 15:11:30 UTC 2018
------------------ testing $PTII/ptolemy/domains/de/test/auto/deInCt.xml
auto.tcl: Setting watchdog for 200 seconds at Sun Jun 03 15:11:30 UTC 2018
0
1
1
1
0
0
1
1
1
0
0
0
1
1
1
0
0
0
0
0
1
1
1
0
0
0
0
1
1
1
0
0
0
1
1
1
1
0
0
0
1
1
1
1
18 ms. Memory: 224768K Free: 210950K (94%)
ptolemy.util.test.WatchDog.cancel(): canceling Sun Jun 03 15:11:30 UTC 2018
auto.tcl: Setting watchdog for 200 seconds at Sun Jun 03 15:11:30 UTC 2018
0
1
1
1
0
0
0
0
1
1
1
1
0
0
0
0
0
1
1
1
0
0
0
1
1
1
0
0
0
1
1
1
1
0
0
0
0
9 ms. Memory: 224768K Free: 210950K (94%)
ptolemy.util.test.WatchDog.cancel(): canceling Sun Jun 03 15:11:30 UTC 2018
------------------ testing $PTII/ptolemy/domains/de/test/auto/deInCt2.xml
auto.tcl: Setting watchdog for 200 seconds at Sun Jun 03 15:11:30 UTC 2018
0
1
1
1
0
0
1
1
1
0
0
1
1
1
0
0
1
1
1
0
0
1
1
1
0
0
1
1
1
0
0
1
1
1
0
0
1
1
1
0
0
0
19 ms. Memory: 223744K Free: 209944K (94%)
ptolemy.util.test.WatchDog.cancel(): canceling Sun Jun 03 15:11:30 UTC 2018
auto.tcl: Setting watchdog for 200 seconds at Sun Jun 03 15:11:30 UTC 2018
0
1
1
1
0
0
1
1
1
0
0
1
1
1
0
0
1
1
1
0
0
1
1
1
0
0
1
1
1
0
0
1
1
1
0
0
1
1
1
0
0
0
7 ms. Memory: 223744K Free: 209944K (94%)
ptolemy.util.test.WatchDog.cancel(): canceling Sun Jun 03 15:11:30 UTC 2018
------------------ testing $PTII/ptolemy/domains/de/test/auto/dynamicCausalityInterface1.xml
auto.tcl: Setting watchdog for 200 seconds at Sun Jun 03 15:11:30 UTC 2018
3 ms. Memory: 224256K Free: 206521K (92%)
ptolemy.util.test.WatchDog.cancel(): canceling Sun Jun 03 15:11:30 UTC 2018
auto.tcl: Setting watchdog for 200 seconds at Sun Jun 03 15:11:30 UTC 2018
1 ms. Memory: 224256K Free: 204563K (91%)
ptolemy.util.test.WatchDog.cancel(): canceling Sun Jun 03 15:11:30 UTC 2018
------------------ testing $PTII/ptolemy/domains/de/test/auto/fsm_de_test.xml
auto.tcl: Setting watchdog for 200 seconds at Sun Jun 03 15:11:30 UTC 2018
6 ms. Memory: 223744K Free: 205904K (92%)
ptolemy.util.test.WatchDog.cancel(): canceling Sun Jun 03 15:11:30 UTC 2018
auto.tcl: Setting watchdog for 200 seconds at Sun Jun 03 15:11:30 UTC 2018
8 ms. Memory: 223744K Free: 203946K (91%)
ptolemy.util.test.WatchDog.cancel(): canceling Sun Jun 03 15:11:30 UTC 2018
------------------ testing $PTII/ptolemy/domains/de/test/auto/functionDependencyReconstruction.xml
auto.tcl: Setting watchdog for 200 seconds at Sun Jun 03 15:11:30 UTC 2018
3 ms. Memory: 224256K Free: 200511K (89%)
ptolemy.util.test.WatchDog.cancel(): canceling Sun Jun 03 15:11:30 UTC 2018
auto.tcl: Setting watchdog for 200 seconds at Sun Jun 03 15:11:30 UTC 2018
4 ms. Memory: 224256K Free: 198538K (89%)
ptolemy.util.test.WatchDog.cancel(): canceling Sun Jun 03 15:11:30 UTC 2018
------------------ testing $PTII/ptolemy/domains/de/test/auto/multirate.xml
auto.tcl: Setting watchdog for 200 seconds at Sun Jun 03 15:11:30 UTC 2018
4 ms. Memory: 223744K Free: 209702K (94%)
ptolemy.util.test.WatchDog.cancel(): canceling Sun Jun 03 15:11:30 UTC 2018
auto.tcl: Setting watchdog for 200 seconds at Sun Jun 03 15:11:30 UTC 2018
4 ms. Memory: 223744K Free: 207737K (93%)
ptolemy.util.test.WatchDog.cancel(): canceling Sun Jun 03 15:11:30 UTC 2018
------------------ testing $PTII/ptolemy/domains/de/test/auto/multirate2.xml
auto.tcl: Setting watchdog for 200 seconds at Sun Jun 03 15:11:30 UTC 2018
3 ms. Memory: 224256K Free: 210402K (94%)
ptolemy.util.test.WatchDog.cancel(): canceling Sun Jun 03 15:11:30 UTC 2018
auto.tcl: Setting watchdog for 200 seconds at Sun Jun 03 15:11:30 UTC 2018
3 ms. Memory: 224256K Free: 208445K (93%)
ptolemy.util.test.WatchDog.cancel(): canceling Sun Jun 03 15:11:30 UTC 2018
------------------ testing $PTII/ptolemy/domains/de/test/auto/realtime.xml
auto.tcl: Setting watchdog for 200 seconds at Sun Jun 03 15:11:30 UTC 2018
10005 ms. Memory: 223744K Free: 209879K (94%)
ptolemy.util.test.WatchDog.cancel(): canceling Sun Jun 03 15:11:40 UTC 2018
auto.tcl: Setting watchdog for 200 seconds at Sun Jun 03 15:11:40 UTC 2018
10002 ms. Memory: 223744K Free: 209879K (94%)
ptolemy.util.test.WatchDog.cancel(): canceling Sun Jun 03 15:11:50 UTC 2018
------------------ testing $PTII/ptolemy/domains/de/test/auto/relationGroup.xml
auto.tcl: Setting watchdog for 200 seconds at Sun Jun 03 15:11:50 UTC 2018
2 ms. Memory: 224256K Free: 212384K (95%)
ptolemy.util.test.WatchDog.cancel(): canceling Sun Jun 03 15:11:50 UTC 2018
auto.tcl: Setting watchdog for 200 seconds at Sun Jun 03 15:11:50 UTC 2018
1 ms. Memory: 224256K Free: 212384K (95%)
ptolemy.util.test.WatchDog.cancel(): canceling Sun Jun 03 15:11:50 UTC 2018
------------------ testing $PTII/ptolemy/domains/de/test/auto/relationGroup2.xml
auto.tcl: Setting watchdog for 200 seconds at Sun Jun 03 15:11:50 UTC 2018
1 ms. Memory: 223744K Free: 211899K (95%)
ptolemy.util.test.WatchDog.cancel(): canceling Sun Jun 03 15:11:50 UTC 2018
auto.tcl: Setting watchdog for 200 seconds at Sun Jun 03 15:11:50 UTC 2018
1 ms. Memory: 223744K Free: 211899K (95%)
ptolemy.util.test.WatchDog.cancel(): canceling Sun Jun 03 15:11:50 UTC 2018
------------------ testing $PTII/ptolemy/domains/de/test/auto/sortWithOpaquePorts.xml
auto.tcl: Setting watchdog for 200 seconds at Sun Jun 03 15:11:50 UTC 2018
2 ms. Memory: 224256K Free: 212420K (95%)
ptolemy.util.test.WatchDog.cancel(): canceling Sun Jun 03 15:11:50 UTC 2018
auto.tcl: Setting watchdog for 200 seconds at Sun Jun 03 15:11:50 UTC 2018
1 ms. Memory: 224256K Free: 210447K (94%)
ptolemy.util.test.WatchDog.cancel(): canceling Sun Jun 03 15:11:50 UTC 2018
------------------ testing $PTII/ptolemy/domains/de/test/auto/transferInputsandOutputs.xml
auto.tcl: Setting watchdog for 200 seconds at Sun Jun 03 15:11:51 UTC 2018
3 ms. Memory: 223744K Free: 209946K (94%)
ptolemy.util.test.WatchDog.cancel(): canceling Sun Jun 03 15:11:51 UTC 2018
auto.tcl: Setting watchdog for 200 seconds at Sun Jun 03 15:11:51 UTC 2018
2 ms. Memory: 223744K Free: 207989K (93%)
ptolemy.util.test.WatchDog.cancel(): canceling Sun Jun 03 15:11:51 UTC 2018
------------------ testing $PTII/ptolemy/domains/de/test/auto/triggerType.xml
auto.tcl: Setting watchdog for 200 seconds at Sun Jun 03 15:11:51 UTC 2018
1 ms. Memory: 224256K Free: 212358K (95%)
ptolemy.util.test.WatchDog.cancel(): canceling Sun Jun 03 15:11:51 UTC 2018
auto.tcl: Setting watchdog for 200 seconds at Sun Jun 03 15:11:51 UTC 2018
1 ms. Memory: 224256K Free: 210401K (94%)
ptolemy.util.test.WatchDog.cancel(): canceling Sun Jun 03 15:11:51 UTC 2018
06/03/18 03:11:51
Failed: 0  Total Tests: 192  ((Passed: 187, Newly Passed: 1)  Known Failed: 5) /home/travis/build/icyphy/ptII/ptolemy/domains/de/test
06/03/18 03:11:51
Failed: 0  Total Tests: 192  ((Passed: 187, Newly Passed: 1)  Known Failed: 5) /home/travis/build/icyphy/ptII/ptolemy/domains/de/test
----------------- testing (KnownFailure) /home/travis/build/icyphy/ptII/ptolemy/domains/de/test/auto/knownFailedTests/DESDFClockTest.xml
2008 ms. Memory: 223744K Free: 202442K (90%)
Known Failure: java.lang.reflect.InvocationTargetException
----------------- testing (KnownFailure) /home/travis/build/icyphy/ptII/ptolemy/domains/de/test/auto/knownFailedTests/DirectFeedback.xml
1 ms. Memory: 223744K Free: 191053K (85%)
Known Failure: java.lang.reflect.InvocationTargetException
----------------- testing (KnownFailure) /home/travis/build/icyphy/ptII/ptolemy/domains/de/test/auto/knownFailedTests/FSMSource.xml
13 ms. Memory: 223744K Free: 176803K (79%)
----------------- testing (KnownFailure) /home/travis/build/icyphy/ptII/ptolemy/domains/de/test/auto/knownFailedTests/HierarchicalModel.xml
3 ms. Memory: 223744K Free: 156812K (70%)
Known Failure: java.lang.reflect.InvocationTargetException
----------------- testing (KnownFailure) /home/travis/build/icyphy/ptII/ptolemy/domains/de/test/auto/knownFailedTests/dependencyLoop.xml
2 ms. Memory: 223744K Free: 131151K (59%)
Known Failure: java.lang.reflect.InvocationTargetException
----------------- testing (KnownFailure) /home/travis/build/icyphy/ptII/ptolemy/domains/de/test/auto/knownFailedTests/dependencyLoop2.xml
5 ms. Memory: 223744K Free: 105498K (47%)
Known Failure: java.lang.reflect.InvocationTargetException
No auto/linux-amd64/*.xml tests in /home/travis/build/icyphy/ptII/ptolemy/domains/de/test
AutoTests.java: About to close Vertx.
AutoTests.java: Vertx closed.

===========================================================================================
----------------- testing Sun Jun 03 15:11:53 UTC 2018 /home/travis/build/icyphy/ptII/ptolemy/domains/de/test/auto/ActorDepthCalculation_actorWithoutPorts.xml
----------------- Instantiating /home/travis/build/icyphy/ptII/ptolemy/domains/de/test/auto/ActorDepthCalculation_actorWithoutPorts.xml
2 ms. Memory: 223744K Free: 88401K (40%)
----------------- Invoking toplevel() on ptolemy.moml.MoMLSimpleApplication@7cf83954
----------------- Done invoking toplevel() on ptolemy.moml.MoMLSimpleApplication@7cf83954
reloadAllAccessors: .ActorDepthCalculation_actorWithoutPorts

===========================================================================================
----------------- testing Sun Jun 03 15:11:53 UTC 2018 /home/travis/build/icyphy/ptII/ptolemy/domains/de/test/auto/AssemblyLine.xml
----------------- Instantiating /home/travis/build/icyphy/ptII/ptolemy/domains/de/test/auto/AssemblyLine.xml
1 ms. Memory: 223744K Free: 77006K (34%)
----------------- Invoking toplevel() on ptolemy.moml.MoMLSimpleApplication@6500d890
----------------- Done invoking toplevel() on ptolemy.moml.MoMLSimpleApplication@6500d890
reloadAllAccessors: .AssemblyLine

===========================================================================================
----------------- testing Sun Jun 03 15:11:53 UTC 2018 /home/travis/build/icyphy/ptII/ptolemy/domains/de/test/auto/CQBug1.xml
----------------- Instantiating /home/travis/build/icyphy/ptII/ptolemy/domains/de/test/auto/CQBug1.xml
0 ms. Memory: 218112K Free: 207374K (95%)
----------------- Invoking toplevel() on ptolemy.moml.MoMLSimpleApplication@6b40eb35
----------------- Done invoking toplevel() on ptolemy.moml.MoMLSimpleApplication@6b40eb35
reloadAllAccessors: .CQBug1

===========================================================================================
----------------- testing Sun Jun 03 15:11:53 UTC 2018 /home/travis/build/icyphy/ptII/ptolemy/domains/de/test/auto/CancelFireAt.xml
----------------- Instantiating /home/travis/build/icyphy/ptII/ptolemy/domains/de/test/auto/CancelFireAt.xml
1 ms. Memory: 218112K Free: 200671K (92%)
----------------- Invoking toplevel() on ptolemy.moml.MoMLSimpleApplication@56fd4333
----------------- Done invoking toplevel() on ptolemy.moml.MoMLSimpleApplication@56fd4333
reloadAllAccessors: .CancelFireAt

===========================================================================================
----------------- testing Sun Jun 03 15:11:53 UTC 2018 /home/travis/build/icyphy/ptII/ptolemy/domains/de/test/auto/CausalityAndComposabilityAnalysis.xml
----------------- Instantiating /home/travis/build/icyphy/ptII/ptolemy/domains/de/test/auto/CausalityAndComposabilityAnalysis.xml
1 ms. Memory: 218112K Free: 192469K (88%)
----------------- Invoking toplevel() on ptolemy.moml.MoMLSimpleApplication@544b9688
----------------- Done invoking toplevel() on ptolemy.moml.MoMLSimpleApplication@544b9688
reloadAllAccessors: .CausalityAndComposabilityAnalysis

===========================================================================================
----------------- testing Sun Jun 03 15:11:53 UTC 2018 /home/travis/build/icyphy/ptII/ptolemy/domains/de/test/auto/CausalityInterface1.xml
----------------- Instantiating /home/travis/build/icyphy/ptII/ptolemy/domains/de/test/auto/CausalityInterface1.xml
3 ms. Memory: 218112K Free: 183031K (84%)
----------------- Invoking toplevel() on ptolemy.moml.MoMLSimpleApplication@4577044e
----------------- Done invoking toplevel() on ptolemy.moml.MoMLSimpleApplication@4577044e
reloadAllAccessors: .CausalityInterface1

===========================================================================================
----------------- testing Sun Jun 03 15:11:53 UTC 2018 /home/travis/build/icyphy/ptII/ptolemy/domains/de/test/auto/CausalityInterface15.xml
----------------- Instantiating /home/travis/build/icyphy/ptII/ptolemy/domains/de/test/auto/CausalityInterface15.xml
1 ms. Memory: 218112K Free: 174813K (80%)
----------------- Invoking toplevel() on ptolemy.moml.MoMLSimpleApplication@65100274
----------------- Done invoking toplevel() on ptolemy.moml.MoMLSimpleApplication@65100274
reloadAllAccessors: .CausalityInterface15

===========================================================================================
----------------- testing Sun Jun 03 15:11:53 UTC 2018 /home/travis/build/icyphy/ptII/ptolemy/domains/de/test/auto/CausalityInterface2.xml
----------------- Instantiating /home/travis/build/icyphy/ptII/ptolemy/domains/de/test/auto/CausalityInterface2.xml
1 ms. Memory: 218112K Free: 166595K (76%)
----------------- Invoking toplevel() on ptolemy.moml.MoMLSimpleApplication@51e4b9c4
----------------- Done invoking toplevel() on ptolemy.moml.MoMLSimpleApplication@51e4b9c4
reloadAllAccessors: .CausalityInterface2

===========================================================================================
----------------- testing Sun Jun 03 15:11:53 UTC 2018 /home/travis/build/icyphy/ptII/ptolemy/domains/de/test/auto/CausalityInterface3.xml
----------------- Instantiating /home/travis/build/icyphy/ptII/ptolemy/domains/de/test/auto/CausalityInterface3.xml
1 ms. Memory: 218112K Free: 157139K (72%)
----------------- Invoking toplevel() on ptolemy.moml.MoMLSimpleApplication@2407e8cb
----------------- Done invoking toplevel() on ptolemy.moml.MoMLSimpleApplication@2407e8cb
reloadAllAccessors: .CausalityInterface3

===========================================================================================
----------------- testing Sun Jun 03 15:11:53 UTC 2018 /home/travis/build/icyphy/ptII/ptolemy/domains/de/test/auto/ClockDrift.xml
----------------- Instantiating /home/travis/build/icyphy/ptII/ptolemy/domains/de/test/auto/ClockDrift.xml
11 ms. Memory: 218112K Free: 140702K (65%)
----------------- Invoking toplevel() on ptolemy.moml.MoMLSimpleApplication@7dbbf8de
----------------- Done invoking toplevel() on ptolemy.moml.MoMLSimpleApplication@7dbbf8de
reloadAllAccessors: .ClockDrift

===========================================================================================
----------------- testing Sun Jun 03 15:11:53 UTC 2018 /home/travis/build/icyphy/ptII/ptolemy/domains/de/test/auto/ClockDriftAndValueChange.xml
----------------- Instantiating /home/travis/build/icyphy/ptII/ptolemy/domains/de/test/auto/ClockDriftAndValueChange.xml
7 ms. Memory: 218112K Free: 127008K (58%)
----------------- Invoking toplevel() on ptolemy.moml.MoMLSimpleApplication@4b756d93
----------------- Done invoking toplevel() on ptolemy.moml.MoMLSimpleApplication@4b756d93
reloadAllAccessors: .ClockDriftAndValueChange

===========================================================================================
----------------- testing Sun Jun 03 15:11:53 UTC 2018 /home/travis/build/icyphy/ptII/ptolemy/domains/de/test/auto/ClockDriftChange.xml
----------------- Instantiating /home/travis/build/icyphy/ptII/ptolemy/domains/de/test/auto/ClockDriftChange.xml
6 ms. Memory: 218112K Free: 112070K (51%)
----------------- Invoking toplevel() on ptolemy.moml.MoMLSimpleApplication@4da7eaa3
----------------- Done invoking toplevel() on ptolemy.moml.MoMLSimpleApplication@4da7eaa3
reloadAllAccessors: .ClockDriftChange

===========================================================================================
----------------- testing Sun Jun 03 15:11:53 UTC 2018 /home/travis/build/icyphy/ptII/ptolemy/domains/de/test/auto/ComposableCausalityAnalysis.xml
----------------- Instantiating /home/travis/build/icyphy/ptII/ptolemy/domains/de/test/auto/ComposableCausalityAnalysis.xml
0 ms. Memory: 218112K Free: 103852K (48%)
----------------- Invoking toplevel() on ptolemy.moml.MoMLSimpleApplication@171d6681
----------------- Done invoking toplevel() on ptolemy.moml.MoMLSimpleApplication@171d6681
reloadAllAccessors: .ComposableCausalityAnalysis

===========================================================================================
----------------- testing Sun Jun 03 15:11:53 UTC 2018 /home/travis/build/icyphy/ptII/ptolemy/domains/de/test/auto/DEFixedPointLimitation.xml
----------------- Instantiating /home/travis/build/icyphy/ptII/ptolemy/domains/de/test/auto/DEFixedPointLimitation.xml
1 ms. Memory: 218112K Free: 94398K (43%)
----------------- Invoking toplevel() on ptolemy.moml.MoMLSimpleApplication@72545146
----------------- Done invoking toplevel() on ptolemy.moml.MoMLSimpleApplication@72545146
reloadAllAccessors: .DEFixedPointLimitation

===========================================================================================
----------------- testing Sun Jun 03 15:11:53 UTC 2018 /home/travis/build/icyphy/ptII/ptolemy/domains/de/test/auto/DEScheduleTest.xml
----------------- Instantiating /home/travis/build/icyphy/ptII/ptolemy/domains/de/test/auto/DEScheduleTest.xml
1 ms. Memory: 218112K Free: 86180K (40%)
----------------- Invoking toplevel() on ptolemy.moml.MoMLSimpleApplication@32039309
----------------- Done invoking toplevel() on ptolemy.moml.MoMLSimpleApplication@32039309
reloadAllAccessors: .DEScheduleTest

===========================================================================================
----------------- testing Sun Jun 03 15:11:53 UTC 2018 /home/travis/build/icyphy/ptII/ptolemy/domains/de/test/auto/DEinDEwithStartTimes.xml
----------------- Instantiating /home/travis/build/icyphy/ptII/ptolemy/domains/de/test/auto/DEinDEwithStartTimes.xml
2 ms. Memory: 218112K Free: 77962K (36%)
----------------- Invoking toplevel() on ptolemy.moml.MoMLSimpleApplication@60b4b2ce
----------------- Done invoking toplevel() on ptolemy.moml.MoMLSimpleApplication@60b4b2ce
reloadAllAccessors: .DEinDEwithStartTimes

===========================================================================================
----------------- testing Sun Jun 03 15:11:53 UTC 2018 /home/travis/build/icyphy/ptII/ptolemy/domains/de/test/auto/DEinDEwithStartTimes2.xml
----------------- Instantiating /home/travis/build/icyphy/ptII/ptolemy/domains/de/test/auto/DEinDEwithStartTimes2.xml
1 ms. Memory: 212992K Free: 200745K (94%)
----------------- Invoking toplevel() on ptolemy.moml.MoMLSimpleApplication@7fec56e4
----------------- Done invoking toplevel() on ptolemy.moml.MoMLSimpleApplication@7fec56e4
reloadAllAccessors: .DEinDEwithStartTimes2

===========================================================================================
----------------- testing Sun Jun 03 15:11:53 UTC 2018 /home/travis/build/icyphy/ptII/ptolemy/domains/de/test/auto/DateDemo.xml
----------------- Instantiating /home/travis/build/icyphy/ptII/ptolemy/domains/de/test/auto/DateDemo.xml
3 ms. Memory: 212992K Free: 185403K (87%)
----------------- Invoking toplevel() on ptolemy.moml.MoMLSimpleApplication@4d1d9cf3
----------------- Done invoking toplevel() on ptolemy.moml.MoMLSimpleApplication@4d1d9cf3
reloadAllAccessors: .DateDemo

===========================================================================================
----------------- testing Sun Jun 03 15:11:53 UTC 2018 /home/travis/build/icyphy/ptII/ptolemy/domains/de/test/auto/DateToEvent.xml
----------------- Instantiating /home/travis/build/icyphy/ptII/ptolemy/domains/de/test/auto/DateToEvent.xml
2003 ms. Memory: 212992K Free: 164760K (77%)
----------------- Invoking toplevel() on ptolemy.moml.MoMLSimpleApplication@6058f884
----------------- Done invoking toplevel() on ptolemy.moml.MoMLSimpleApplication@6058f884
reloadAllAccessors: .DateToEvent

===========================================================================================
----------------- testing Sun Jun 03 15:11:55 UTC 2018 /home/travis/build/icyphy/ptII/ptolemy/domains/de/test/auto/DepthTest1.xml
----------------- Instantiating /home/travis/build/icyphy/ptII/ptolemy/domains/de/test/auto/DepthTest1.xml
2 ms. Memory: 212992K Free: 160804K (75%)
----------------- Invoking toplevel() on ptolemy.moml.MoMLSimpleApplication@606cb0b9
----------------- Done invoking toplevel() on ptolemy.moml.MoMLSimpleApplication@606cb0b9
reloadAllAccessors: .DepthTest1

===========================================================================================
----------------- testing Sun Jun 03 15:11:55 UTC 2018 /home/travis/build/icyphy/ptII/ptolemy/domains/de/test/auto/DepthTest2.xml
----------------- Instantiating /home/travis/build/icyphy/ptII/ptolemy/domains/de/test/auto/DepthTest2.xml
1 ms. Memory: 212992K Free: 152076K (71%)
----------------- Invoking toplevel() on ptolemy.moml.MoMLSimpleApplication@53846e6e
----------------- Done invoking toplevel() on ptolemy.moml.MoMLSimpleApplication@53846e6e
reloadAllAccessors: .DepthTest2

===========================================================================================
----------------- testing Sun Jun 03 15:11:55 UTC 2018 /home/travis/build/icyphy/ptII/ptolemy/domains/de/test/auto/DepthTest3.xml
----------------- Instantiating /home/travis/build/icyphy/ptII/ptolemy/domains/de/test/auto/DepthTest3.xml
1 ms. Memory: 212992K Free: 148113K (70%)
----------------- Invoking toplevel() on ptolemy.moml.MoMLSimpleApplication@6a38e951
----------------- Done invoking toplevel() on ptolemy.moml.MoMLSimpleApplication@6a38e951
reloadAllAccessors: .DepthTest3

===========================================================================================
----------------- testing Sun Jun 03 15:11:55 UTC 2018 /home/travis/build/icyphy/ptII/ptolemy/domains/de/test/auto/DepthTest4.xml
----------------- Instantiating /home/travis/build/icyphy/ptII/ptolemy/domains/de/test/auto/DepthTest4.xml
1 ms. Memory: 212992K Free: 140692K (66%)
----------------- Invoking toplevel() on ptolemy.moml.MoMLSimpleApplication@296ac814
----------------- Done invoking toplevel() on ptolemy.moml.MoMLSimpleApplication@296ac814
reloadAllAccessors: .DepthTest4

===========================================================================================
----------------- testing Sun Jun 03 15:11:55 UTC 2018 /home/travis/build/icyphy/ptII/ptolemy/domains/de/test/auto/DepthTest5.xml
----------------- Instantiating /home/travis/build/icyphy/ptII/ptolemy/domains/de/test/auto/DepthTest5.xml
2 ms. Memory: 212992K Free: 134081K (63%)
----------------- Invoking toplevel() on ptolemy.moml.MoMLSimpleApplication@33099d78
----------------- Done invoking toplevel() on ptolemy.moml.MoMLSimpleApplication@33099d78
reloadAllAccessors: .DepthTest5

===========================================================================================
----------------- testing Sun Jun 03 15:11:55 UTC 2018 /home/travis/build/icyphy/ptII/ptolemy/domains/de/test/auto/DepthTest6.xml
----------------- Instantiating /home/travis/build/icyphy/ptII/ptolemy/domains/de/test/auto/DepthTest6.xml
1 ms. Memory: 212992K Free: 126677K (59%)
----------------- Invoking toplevel() on ptolemy.moml.MoMLSimpleApplication@680ec98b
----------------- Done invoking toplevel() on ptolemy.moml.MoMLSimpleApplication@680ec98b
reloadAllAccessors: .DepthTest6

===========================================================================================
----------------- testing Sun Jun 03 15:11:55 UTC 2018 /home/travis/build/icyphy/ptII/ptolemy/domains/de/test/auto/DepthTest7.xml
----------------- Instantiating /home/travis/build/icyphy/ptII/ptolemy/domains/de/test/auto/DepthTest7.xml
2 ms. Memory: 212992K Free: 119257K (56%)
----------------- Invoking toplevel() on ptolemy.moml.MoMLSimpleApplication@56ca07e9
----------------- Done invoking toplevel() on ptolemy.moml.MoMLSimpleApplication@56ca07e9
reloadAllAccessors: .DepthTest7

===========================================================================================
----------------- testing Sun Jun 03 15:11:55 UTC 2018 /home/travis/build/icyphy/ptII/ptolemy/domains/de/test/auto/EventToDate.xml
----------------- Instantiating /home/travis/build/icyphy/ptII/ptolemy/domains/de/test/auto/EventToDate.xml
3003 ms. Memory: 212992K Free: 103409K (49%)
----------------- Invoking toplevel() on ptolemy.moml.MoMLSimpleApplication@7077609d
----------------- Done invoking toplevel() on ptolemy.moml.MoMLSimpleApplication@7077609d
reloadAllAccessors: .EventToDate

===========================================================================================
----------------- testing Sun Jun 03 15:11:58 UTC 2018 /home/travis/build/icyphy/ptII/ptolemy/domains/de/test/auto/FSM1.xml
----------------- Instantiating /home/travis/build/icyphy/ptII/ptolemy/domains/de/test/auto/FSM1.xml
14 ms. Memory: 212992K Free: 88054K (41%)
----------------- Invoking toplevel() on ptolemy.moml.MoMLSimpleApplication@19ba2525
----------------- Done invoking toplevel() on ptolemy.moml.MoMLSimpleApplication@19ba2525
reloadAllAccessors: .FSM1

===========================================================================================
----------------- testing Sun Jun 03 15:11:58 UTC 2018 /home/travis/build/icyphy/ptII/ptolemy/domains/de/test/auto/FSM7.xml
----------------- Instantiating /home/travis/build/icyphy/ptII/ptolemy/domains/de/test/auto/FSM7.xml
26 ms. Memory: 208384K Free: 200513K (96%)
----------------- Invoking toplevel() on ptolemy.moml.MoMLSimpleApplication@68d1ff34
----------------- Done invoking toplevel() on ptolemy.moml.MoMLSimpleApplication@68d1ff34
reloadAllAccessors: .FSM7

===========================================================================================
----------------- testing Sun Jun 03 15:11:58 UTC 2018 /home/travis/build/icyphy/ptII/ptolemy/domains/de/test/auto/Inspection.xml
----------------- Instantiating /home/travis/build/icyphy/ptII/ptolemy/domains/de/test/auto/Inspection.xml
15 ms. Memory: 208384K Free: 185701K (89%)
----------------- Invoking toplevel() on ptolemy.moml.MoMLSimpleApplication@6e40685b
----------------- Done invoking toplevel() on ptolemy.moml.MoMLSimpleApplication@6e40685b
reloadAllAccessors: .Inspection

===========================================================================================
----------------- testing Sun Jun 03 15:11:58 UTC 2018 /home/travis/build/icyphy/ptII/ptolemy/domains/de/test/auto/Iteration.xml
----------------- Instantiating /home/travis/build/icyphy/ptII/ptolemy/domains/de/test/auto/Iteration.xml
10 ms. Memory: 208384K Free: 176611K (85%)
----------------- Invoking toplevel() on ptolemy.moml.MoMLSimpleApplication@6c8508aa
----------------- Done invoking toplevel() on ptolemy.moml.MoMLSimpleApplication@6c8508aa
reloadAllAccessors: .Iteration

===========================================================================================
----------------- testing Sun Jun 03 15:11:58 UTC 2018 /home/travis/build/icyphy/ptII/ptolemy/domains/de/test/auto/LineFault.xml
----------------- Instantiating /home/travis/build/icyphy/ptII/ptolemy/domains/de/test/auto/LineFault.xml
477 ms. Memory: 203776K Free: 176406K (87%)
----------------- Invoking toplevel() on ptolemy.moml.MoMLSimpleApplication@6aef1f2d
----------------- Done invoking toplevel() on ptolemy.moml.MoMLSimpleApplication@6aef1f2d
reloadAllAccessors: .LineFault

===========================================================================================
----------------- testing Sun Jun 03 15:11:59 UTC 2018 /home/travis/build/icyphy/ptII/ptolemy/domains/de/test/auto/MergeModel1Add.xml
----------------- Instantiating /home/travis/build/icyphy/ptII/ptolemy/domains/de/test/auto/MergeModel1Add.xml
10 ms. Memory: 203776K Free: 153349K (75%)
----------------- Invoking toplevel() on ptolemy.moml.MoMLSimpleApplication@17149fba
----------------- Done invoking toplevel() on ptolemy.moml.MoMLSimpleApplication@17149fba
reloadAllAccessors: .MergeModel1Add

===========================================================================================
----------------- testing Sun Jun 03 15:11:59 UTC 2018 /home/travis/build/icyphy/ptII/ptolemy/domains/de/test/auto/MergeModel2Add.xml
----------------- Instantiating /home/travis/build/icyphy/ptII/ptolemy/domains/de/test/auto/MergeModel2Add.xml
7 ms. Memory: 203776K Free: 133259K (65%)
----------------- Invoking toplevel() on ptolemy.moml.MoMLSimpleApplication@6fef1a37
----------------- Done invoking toplevel() on ptolemy.moml.MoMLSimpleApplication@6fef1a37
reloadAllAccessors: .MergeModel2Add

===========================================================================================
----------------- testing Sun Jun 03 15:11:59 UTC 2018 /home/travis/build/icyphy/ptII/ptolemy/domains/de/test/auto/MergeModel3Add.xml
----------------- Instantiating /home/travis/build/icyphy/ptII/ptolemy/domains/de/test/auto/MergeModel3Add.xml
9 ms. Memory: 203776K Free: 111985K (55%)
----------------- Invoking toplevel() on ptolemy.moml.MoMLSimpleApplication@3a43d771
----------------- Done invoking toplevel() on ptolemy.moml.MoMLSimpleApplication@3a43d771
reloadAllAccessors: .MergeModel3Add

===========================================================================================
----------------- testing Sun Jun 03 15:11:59 UTC 2018 /home/travis/build/icyphy/ptII/ptolemy/domains/de/test/auto/MergeWithoutDiscard.xml
----------------- Instantiating /home/travis/build/icyphy/ptII/ptolemy/domains/de/test/auto/MergeWithoutDiscard.xml
1 ms. Memory: 203776K Free: 106741K (52%)
----------------- Invoking toplevel() on ptolemy.moml.MoMLSimpleApplication@5d7d919e
----------------- Done invoking toplevel() on ptolemy.moml.MoMLSimpleApplication@5d7d919e
reloadAllAccessors: .MergeWithoutDiscard

===========================================================================================
----------------- testing Sun Jun 03 15:11:59 UTC 2018 /home/travis/build/icyphy/ptII/ptolemy/domains/de/test/auto/Modal1.xml
----------------- Instantiating /home/travis/build/icyphy/ptII/ptolemy/domains/de/test/auto/Modal1.xml
10 ms. Memory: 203776K Free: 92497K (45%)
----------------- Invoking toplevel() on ptolemy.moml.MoMLSimpleApplication@1f6b881d
----------------- Done invoking toplevel() on ptolemy.moml.MoMLSimpleApplication@1f6b881d
reloadAllAccessors: .Modal1

===========================================================================================
----------------- testing Sun Jun 03 15:11:59 UTC 2018 /home/travis/build/icyphy/ptII/ptolemy/domains/de/test/auto/Modal2.xml
----------------- Instantiating /home/travis/build/icyphy/ptII/ptolemy/domains/de/test/auto/Modal2.xml
11 ms. Memory: 203776K Free: 78672K (39%)
----------------- Invoking toplevel() on ptolemy.moml.MoMLSimpleApplication@20561006
----------------- Done invoking toplevel() on ptolemy.moml.MoMLSimpleApplication@20561006
reloadAllAccessors: .Modal2

===========================================================================================
----------------- testing Sun Jun 03 15:11:59 UTC 2018 /home/travis/build/icyphy/ptII/ptolemy/domains/de/test/auto/Modal3.xml
----------------- Instantiating /home/travis/build/icyphy/ptII/ptolemy/domains/de/test/auto/Modal3.xml
10 ms. Memory: 199168K Free: 180723K (91%)
----------------- Invoking toplevel() on ptolemy.moml.MoMLSimpleApplication@276d4176
----------------- Done invoking toplevel() on ptolemy.moml.MoMLSimpleApplication@276d4176
reloadAllAccessors: .Modal3

===========================================================================================
----------------- testing Sun Jun 03 15:11:59 UTC 2018 /home/travis/build/icyphy/ptII/ptolemy/domains/de/test/auto/Modal4.xml
----------------- Instantiating /home/travis/build/icyphy/ptII/ptolemy/domains/de/test/auto/Modal4.xml
10 ms. Memory: 199168K Free: 165782K (83%)
----------------- Invoking toplevel() on ptolemy.moml.MoMLSimpleApplication@3f06859a
----------------- Done invoking toplevel() on ptolemy.moml.MoMLSimpleApplication@3f06859a
reloadAllAccessors: .Modal4

===========================================================================================
----------------- testing Sun Jun 03 15:11:59 UTC 2018 /home/travis/build/icyphy/ptII/ptolemy/domains/de/test/auto/Modal5.xml
----------------- Instantiating /home/travis/build/icyphy/ptII/ptolemy/domains/de/test/auto/Modal5.xml
9 ms. Memory: 199168K Free: 151251K (76%)
----------------- Invoking toplevel() on ptolemy.moml.MoMLSimpleApplication@3705884e
----------------- Done invoking toplevel() on ptolemy.moml.MoMLSimpleApplication@3705884e
reloadAllAccessors: .Modal5

===========================================================================================
----------------- testing Sun Jun 03 15:11:59 UTC 2018 /home/travis/build/icyphy/ptII/ptolemy/domains/de/test/auto/Modal6.xml
----------------- Instantiating /home/travis/build/icyphy/ptII/ptolemy/domains/de/test/auto/Modal6.xml
9 ms. Memory: 199168K Free: 137297K (69%)
----------------- Invoking toplevel() on ptolemy.moml.MoMLSimpleApplication@bfa58f
----------------- Done invoking toplevel() on ptolemy.moml.MoMLSimpleApplication@bfa58f
reloadAllAccessors: .Modal6

===========================================================================================
----------------- testing Sun Jun 03 15:11:59 UTC 2018 /home/travis/build/icyphy/ptII/ptolemy/domains/de/test/auto/Modal7.xml
----------------- Instantiating /home/travis/build/icyphy/ptII/ptolemy/domains/de/test/auto/Modal7.xml
8 ms. Memory: 199168K Free: 121802K (61%)
----------------- Invoking toplevel() on ptolemy.moml.MoMLSimpleApplication@15996e6a
----------------- Done invoking toplevel() on ptolemy.moml.MoMLSimpleApplication@15996e6a
reloadAllAccessors: .Modal7

===========================================================================================
----------------- testing Sun Jun 03 15:12:00 UTC 2018 /home/travis/build/icyphy/ptII/ptolemy/domains/de/test/auto/ModalModel.xml
----------------- Instantiating /home/travis/build/icyphy/ptII/ptolemy/domains/de/test/auto/ModalModel.xml
141 ms. Memory: 195072K Free: 162596K (83%)
----------------- Invoking toplevel() on ptolemy.moml.MoMLSimpleApplication@4b229965
----------------- Done invoking toplevel() on ptolemy.moml.MoMLSimpleApplication@4b229965
reloadAllAccessors: .ModalModel

===========================================================================================
----------------- testing Sun Jun 03 15:12:00 UTC 2018 /home/travis/build/icyphy/ptII/ptolemy/domains/de/test/auto/ModalSource.xml
----------------- Instantiating /home/travis/build/icyphy/ptII/ptolemy/domains/de/test/auto/ModalSource.xml
4 ms. Memory: 195072K Free: 153187K (79%)
----------------- Invoking toplevel() on ptolemy.moml.MoMLSimpleApplication@6c9e84ef
----------------- Done invoking toplevel() on ptolemy.moml.MoMLSimpleApplication@6c9e84ef
reloadAllAccessors: .ModalSource

===========================================================================================
----------------- testing Sun Jun 03 15:12:00 UTC 2018 /home/travis/build/icyphy/ptII/ptolemy/domains/de/test/auto/NonInterruptibleTimerZeroDelay.xml
----------------- Instantiating /home/travis/build/icyphy/ptII/ptolemy/domains/de/test/auto/NonInterruptibleTimerZeroDelay.xml
2 ms. Memory: 195072K Free: 148902K (76%)
----------------- Invoking toplevel() on ptolemy.moml.MoMLSimpleApplication@1b2e1e83
----------------- Done invoking toplevel() on ptolemy.moml.MoMLSimpleApplication@1b2e1e83
reloadAllAccessors: .NonInterruptibleTimerZeroDelay

===========================================================================================
----------------- testing Sun Jun 03 15:12:00 UTC 2018 /home/travis/build/icyphy/ptII/ptolemy/domains/de/test/auto/OpenQueueingNetwork.xml
----------------- Instantiating /home/travis/build/icyphy/ptII/ptolemy/domains/de/test/auto/OpenQueueingNetwork.xml
2532 ms. Memory: 236544K Free: 139322K (59%)
----------------- Invoking toplevel() on ptolemy.moml.MoMLSimpleApplication@7fa98341
----------------- Done invoking toplevel() on ptolemy.moml.MoMLSimpleApplication@7fa98341
reloadAllAccessors: .OpenQueueingNetwork

===========================================================================================
----------------- testing Sun Jun 03 15:12:02 UTC 2018 /home/travis/build/icyphy/ptII/ptolemy/domains/de/test/auto/OpenQueuingNetwork.xml
----------------- Instantiating /home/travis/build/icyphy/ptII/ptolemy/domains/de/test/auto/OpenQueuingNetwork.xml
247 ms. Memory: 231936K Free: 200774K (87%)
----------------- Invoking toplevel() on ptolemy.moml.MoMLSimpleApplication@c92a5da
----------------- Done invoking toplevel() on ptolemy.moml.MoMLSimpleApplication@c92a5da
reloadAllAccessors: .OpenQueuingNetwork

===========================================================================================
----------------- testing Sun Jun 03 15:12:03 UTC 2018 /home/travis/build/icyphy/ptII/ptolemy/domains/de/test/auto/PeriodicSampler.xml
----------------- Instantiating /home/travis/build/icyphy/ptII/ptolemy/domains/de/test/auto/PeriodicSampler.xml
2 ms. Memory: 231936K Free: 194760K (84%)
----------------- Invoking toplevel() on ptolemy.moml.MoMLSimpleApplication@2c0e8779
----------------- Done invoking toplevel() on ptolemy.moml.MoMLSimpleApplication@2c0e8779
reloadAllAccessors: .PeriodicSampler

===========================================================================================
----------------- testing Sun Jun 03 15:12:03 UTC 2018 /home/travis/build/icyphy/ptII/ptolemy/domains/de/test/auto/PersistentIO.xml
----------------- Instantiating /home/travis/build/icyphy/ptII/ptolemy/domains/de/test/auto/PersistentIO.xml
4 ms. Memory: 231936K Free: 183728K (79%)
----------------- Invoking toplevel() on ptolemy.moml.MoMLSimpleApplication@5352898
----------------- Done invoking toplevel() on ptolemy.moml.MoMLSimpleApplication@5352898
reloadAllAccessors: .PersistentIO

===========================================================================================
----------------- testing Sun Jun 03 15:12:03 UTC 2018 /home/travis/build/icyphy/ptII/ptolemy/domains/de/test/auto/PortParameterResetOnInitialize.xml
----------------- Instantiating /home/travis/build/icyphy/ptII/ptolemy/domains/de/test/auto/PortParameterResetOnInitialize.xml
1 ms. Memory: 231936K Free: 177221K (76%)
----------------- Invoking toplevel() on ptolemy.moml.MoMLSimpleApplication@739ea9b1
----------------- Done invoking toplevel() on ptolemy.moml.MoMLSimpleApplication@739ea9b1
reloadAllAccessors: .PortParameterResetOnInitialize

===========================================================================================
----------------- testing Sun Jun 03 15:12:03 UTC 2018 /home/travis/build/icyphy/ptII/ptolemy/domains/de/test/auto/PortParameterUpdates.xml
----------------- Instantiating /home/travis/build/icyphy/ptII/ptolemy/domains/de/test/auto/PortParameterUpdates.xml
2 ms. Memory: 231936K Free: 169320K (73%)
----------------- Invoking toplevel() on ptolemy.moml.MoMLSimpleApplication@29ebc116
----------------- Done invoking toplevel() on ptolemy.moml.MoMLSimpleApplication@29ebc116
reloadAllAccessors: .PortParameterUpdates

===========================================================================================
----------------- testing Sun Jun 03 15:12:03 UTC 2018 /home/travis/build/icyphy/ptII/ptolemy/domains/de/test/auto/QueueAndServer.xml
----------------- Instantiating /home/travis/build/icyphy/ptII/ptolemy/domains/de/test/auto/QueueAndServer.xml
5 ms. Memory: 231936K Free: 159817K (69%)
----------------- Invoking toplevel() on ptolemy.moml.MoMLSimpleApplication@1f7415c1
----------------- Done invoking toplevel() on ptolemy.moml.MoMLSimpleApplication@1f7415c1
reloadAllAccessors: .QueueAndServer

===========================================================================================
----------------- testing Sun Jun 03 15:12:03 UTC 2018 /home/travis/build/icyphy/ptII/ptolemy/domains/de/test/auto/Records.xml
----------------- Instantiating /home/travis/build/icyphy/ptII/ptolemy/domains/de/test/auto/Records.xml
2 ms. Memory: 231936K Free: 151814K (65%)
----------------- Invoking toplevel() on ptolemy.moml.MoMLSimpleApplication@20848d4
----------------- Done invoking toplevel() on ptolemy.moml.MoMLSimpleApplication@20848d4
reloadAllAccessors: .Records

===========================================================================================
----------------- testing Sun Jun 03 15:12:03 UTC 2018 /home/travis/build/icyphy/ptII/ptolemy/domains/de/test/auto/ResetTransitionWithStartTime1.xml
----------------- Instantiating /home/travis/build/icyphy/ptII/ptolemy/domains/de/test/auto/ResetTransitionWithStartTime1.xml
5 ms. Memory: 231936K Free: 140806K (61%)
----------------- Invoking toplevel() on ptolemy.moml.MoMLSimpleApplication@319e2408
----------------- Done invoking toplevel() on ptolemy.moml.MoMLSimpleApplication@319e2408
reloadAllAccessors: .ResetTransitionWithStartTime1

===========================================================================================
----------------- testing Sun Jun 03 15:12:03 UTC 2018 /home/travis/build/icyphy/ptII/ptolemy/domains/de/test/auto/ResetTransitionWithStartTime2.xml
----------------- Instantiating /home/travis/build/icyphy/ptII/ptolemy/domains/de/test/auto/ResetTransitionWithStartTime2.xml
5 ms. Memory: 231936K Free: 129790K (56%)
----------------- Invoking toplevel() on ptolemy.moml.MoMLSimpleApplication@2838fcee
----------------- Done invoking toplevel() on ptolemy.moml.MoMLSimpleApplication@2838fcee
reloadAllAccessors: .ResetTransitionWithStartTime2

===========================================================================================
----------------- testing Sun Jun 03 15:12:03 UTC 2018 /home/travis/build/icyphy/ptII/ptolemy/domains/de/test/auto/ResetTransitionWithStartTime3.xml
----------------- Instantiating /home/travis/build/icyphy/ptII/ptolemy/domains/de/test/auto/ResetTransitionWithStartTime3.xml
4 ms. Memory: 231936K Free: 118774K (51%)
----------------- Invoking toplevel() on ptolemy.moml.MoMLSimpleApplication@3c6ef66
----------------- Done invoking toplevel() on ptolemy.moml.MoMLSimpleApplication@3c6ef66
reloadAllAccessors: .ResetTransitionWithStartTime3

===========================================================================================
----------------- testing Sun Jun 03 15:12:03 UTC 2018 /home/travis/build/icyphy/ptII/ptolemy/domains/de/test/auto/ResetTransitionWithStartTime4.xml
----------------- Instantiating /home/travis/build/icyphy/ptII/ptolemy/domains/de/test/auto/ResetTransitionWithStartTime4.xml
3 ms. Memory: 231936K Free: 109378K (47%)
----------------- Invoking toplevel() on ptolemy.moml.MoMLSimpleApplication@2044dc46
----------------- Done invoking toplevel() on ptolemy.moml.MoMLSimpleApplication@2044dc46
reloadAllAccessors: .ResetTransitionWithStartTime4

===========================================================================================
----------------- testing Sun Jun 03 15:12:03 UTC 2018 /home/travis/build/icyphy/ptII/ptolemy/domains/de/test/auto/ResettableTimer1.xml
----------------- Instantiating /home/travis/build/icyphy/ptII/ptolemy/domains/de/test/auto/ResettableTimer1.xml
1 ms. Memory: 231936K Free: 102863K (44%)
----------------- Invoking toplevel() on ptolemy.moml.MoMLSimpleApplication@7ff88106
----------------- Done invoking toplevel() on ptolemy.moml.MoMLSimpleApplication@7ff88106
reloadAllAccessors: .ResettableTimer1

===========================================================================================
----------------- testing Sun Jun 03 15:12:03 UTC 2018 /home/travis/build/icyphy/ptII/ptolemy/domains/de/test/auto/ResettableTimer2.xml
----------------- Instantiating /home/travis/build/icyphy/ptII/ptolemy/domains/de/test/auto/ResettableTimer2.xml
2 ms. Memory: 231936K Free: 96349K (42%)
----------------- Invoking toplevel() on ptolemy.moml.MoMLSimpleApplication@6ecd39d5
----------------- Done invoking toplevel() on ptolemy.moml.MoMLSimpleApplication@6ecd39d5
reloadAllAccessors: .ResettableTimer2

===========================================================================================
----------------- testing Sun Jun 03 15:12:03 UTC 2018 /home/travis/build/icyphy/ptII/ptolemy/domains/de/test/auto/ResettableTimer3.xml
----------------- Instantiating /home/travis/build/icyphy/ptII/ptolemy/domains/de/test/auto/ResettableTimer3.xml
1 ms. Memory: 231936K Free: 89827K (39%)
----------------- Invoking toplevel() on ptolemy.moml.MoMLSimpleApplication@e1473d9
----------------- Done invoking toplevel() on ptolemy.moml.MoMLSimpleApplication@e1473d9
reloadAllAccessors: .ResettableTimer3

===========================================================================================
----------------- testing Sun Jun 03 15:12:03 UTC 2018 /home/travis/build/icyphy/ptII/ptolemy/domains/de/test/auto/ResettableTimer4.xml
----------------- Instantiating /home/travis/build/icyphy/ptII/ptolemy/domains/de/test/auto/ResettableTimer4.xml
1 ms. Memory: 231936K Free: 83305K (36%)
----------------- Invoking toplevel() on ptolemy.moml.MoMLSimpleApplication@6129fbf2
----------------- Done invoking toplevel() on ptolemy.moml.MoMLSimpleApplication@6129fbf2
reloadAllAccessors: .ResettableTimer4

===========================================================================================
----------------- testing Sun Jun 03 15:12:03 UTC 2018 /home/travis/build/icyphy/ptII/ptolemy/domains/de/test/auto/ResettableTimer5.xml
----------------- Instantiating /home/travis/build/icyphy/ptII/ptolemy/domains/de/test/auto/ResettableTimer5.xml
1 ms. Memory: 231936K Free: 76807K (33%)
----------------- Invoking toplevel() on ptolemy.moml.MoMLSimpleApplication@2d2f8b93
----------------- Done invoking toplevel() on ptolemy.moml.MoMLSimpleApplication@2d2f8b93
reloadAllAccessors: .ResettableTimer5

===========================================================================================
----------------- testing Sun Jun 03 15:12:03 UTC 2018 /home/travis/build/icyphy/ptII/ptolemy/domains/de/test/auto/ResettableTimer6.xml
----------------- Instantiating /home/travis/build/icyphy/ptII/ptolemy/domains/de/test/auto/ResettableTimer6.xml
1 ms. Memory: 231936K Free: 70901K (31%)
----------------- Invoking toplevel() on ptolemy.moml.MoMLSimpleApplication@43bb1eee
----------------- Done invoking toplevel() on ptolemy.moml.MoMLSimpleApplication@43bb1eee
reloadAllAccessors: .ResettableTimer6

===========================================================================================
----------------- testing Sun Jun 03 15:12:03 UTC 2018 /home/travis/build/icyphy/ptII/ptolemy/domains/de/test/auto/ServerZeroDelay.xml
----------------- Instantiating /home/travis/build/icyphy/ptII/ptolemy/domains/de/test/auto/ServerZeroDelay.xml
1 ms. Memory: 224256K Free: 205897K (92%)
----------------- Invoking toplevel() on ptolemy.moml.MoMLSimpleApplication@7817a812
----------------- Done invoking toplevel() on ptolemy.moml.MoMLSimpleApplication@7817a812
reloadAllAccessors: .ServerZeroDelay

===========================================================================================
----------------- testing Sun Jun 03 15:12:03 UTC 2018 /home/travis/build/icyphy/ptII/ptolemy/domains/de/test/auto/SmartSender.xml
----------------- Instantiating /home/travis/build/icyphy/ptII/ptolemy/domains/de/test/auto/SmartSender.xml
3002 ms. Memory: 224256K Free: 199676K (89%)
----------------- Invoking toplevel() on ptolemy.moml.MoMLSimpleApplication@4368675f
----------------- Done invoking toplevel() on ptolemy.moml.MoMLSimpleApplication@4368675f
reloadAllAccessors: .SmartSender

===========================================================================================
----------------- testing Sun Jun 03 15:12:06 UTC 2018 /home/travis/build/icyphy/ptII/ptolemy/domains/de/test/auto/ThreadedComposite.xml
----------------- Instantiating /home/travis/build/icyphy/ptII/ptolemy/domains/de/test/auto/ThreadedComposite.xml
117 ms. Memory: 224256K Free: 174713K (78%)
----------------- Invoking toplevel() on ptolemy.moml.MoMLSimpleApplication@36253e91
----------------- Done invoking toplevel() on ptolemy.moml.MoMLSimpleApplication@36253e91
reloadAllAccessors: .ThreadedComposite

===========================================================================================
----------------- testing Sun Jun 03 15:12:06 UTC 2018 /home/travis/build/icyphy/ptII/ptolemy/domains/de/test/auto/Time.xml
----------------- Instantiating /home/travis/build/icyphy/ptII/ptolemy/domains/de/test/auto/Time.xml
442 ms. Memory: 224256K Free: 119923K (53%)
----------------- Invoking toplevel() on ptolemy.moml.MoMLSimpleApplication@7c4c52be
----------------- Done invoking toplevel() on ptolemy.moml.MoMLSimpleApplication@7c4c52be
reloadAllAccessors: .Time

===========================================================================================
----------------- testing Sun Jun 03 15:12:07 UTC 2018 /home/travis/build/icyphy/ptII/ptolemy/domains/de/test/auto/TimeDelayZeroDelay.xml
----------------- Instantiating /home/travis/build/icyphy/ptII/ptolemy/domains/de/test/auto/TimeDelayZeroDelay.xml
2 ms. Memory: 224256K Free: 113702K (51%)
----------------- Invoking toplevel() on ptolemy.moml.MoMLSimpleApplication@121385c
----------------- Done invoking toplevel() on ptolemy.moml.MoMLSimpleApplication@121385c
reloadAllAccessors: .TimeDelayZeroDelay

===========================================================================================
----------------- testing Sun Jun 03 15:12:07 UTC 2018 /home/travis/build/icyphy/ptII/ptolemy/domains/de/test/auto/TimerZeroDelay.xml
----------------- Instantiating /home/travis/build/icyphy/ptII/ptolemy/domains/de/test/auto/TimerZeroDelay.xml
1 ms. Memory: 224256K Free: 108803K (49%)
----------------- Invoking toplevel() on ptolemy.moml.MoMLSimpleApplication@46a86caf
----------------- Done invoking toplevel() on ptolemy.moml.MoMLSimpleApplication@46a86caf
reloadAllAccessors: .TimerZeroDelay

===========================================================================================
----------------- testing Sun Jun 03 15:12:07 UTC 2018 /home/travis/build/icyphy/ptII/ptolemy/domains/de/test/auto/TimingParadox.xml
----------------- Instantiating /home/travis/build/icyphy/ptII/ptolemy/domains/de/test/auto/TimingParadox.xml
319 ms. Memory: 220160K Free: 176144K (80%)
----------------- Invoking toplevel() on ptolemy.moml.MoMLSimpleApplication@22bb539c
----------------- Done invoking toplevel() on ptolemy.moml.MoMLSimpleApplication@22bb539c
reloadAllAccessors: .TimingParadox

===========================================================================================
----------------- testing Sun Jun 03 15:12:07 UTC 2018 /home/travis/build/icyphy/ptII/ptolemy/domains/de/test/auto/TransferInputs.xml
----------------- Instantiating /home/travis/build/icyphy/ptII/ptolemy/domains/de/test/auto/TransferInputs.xml
2 ms. Memory: 220160K Free: 169962K (77%)
----------------- Invoking toplevel() on ptolemy.moml.MoMLSimpleApplication@45ef491b
----------------- Done invoking toplevel() on ptolemy.moml.MoMLSimpleApplication@45ef491b
reloadAllAccessors: .TransferInputs

===========================================================================================
----------------- testing Sun Jun 03 15:12:07 UTC 2018 /home/travis/build/icyphy/ptII/ptolemy/domains/de/test/auto/TransferOutputs2.xml
----------------- Instantiating /home/travis/build/icyphy/ptII/ptolemy/domains/de/test/auto/TransferOutputs2.xml
3 ms. Memory: 220160K Free: 160238K (73%)
----------------- Invoking toplevel() on ptolemy.moml.MoMLSimpleApplication@5925f229
----------------- Done invoking toplevel() on ptolemy.moml.MoMLSimpleApplication@5925f229
reloadAllAccessors: .TransferOutputs2

===========================================================================================
----------------- testing Sun Jun 03 15:12:07 UTC 2018 /home/travis/build/icyphy/ptII/ptolemy/domains/de/test/auto/Trilateration.xml
----------------- Instantiating /home/travis/build/icyphy/ptII/ptolemy/domains/de/test/auto/Trilateration.xml
10772 ms. Memory: 479744K Free: 84658K (18%)
----------------- Invoking toplevel() on ptolemy.moml.MoMLSimpleApplication@4f42e459
----------------- Done invoking toplevel() on ptolemy.moml.MoMLSimpleApplication@4f42e459
reloadAllAccessors: .Trilateration

===========================================================================================
----------------- testing Sun Jun 03 15:12:19 UTC 2018 /home/travis/build/icyphy/ptII/ptolemy/domains/de/test/auto/TwoSigmaDelta.xml
----------------- Instantiating /home/travis/build/icyphy/ptII/ptolemy/domains/de/test/auto/TwoSigmaDelta.xml
2044 ms. Memory: 461824K Free: 169087K (37%)
----------------- Invoking toplevel() on ptolemy.moml.MoMLSimpleApplication@1598e8c1
----------------- Done invoking toplevel() on ptolemy.moml.MoMLSimpleApplication@1598e8c1
reloadAllAccessors: .TwoSigmaDelta

===========================================================================================
----------------- testing Sun Jun 03 15:12:21 UTC 2018 /home/travis/build/icyphy/ptII/ptolemy/domains/de/test/auto/VariableDelay.xml
----------------- Instantiating /home/travis/build/icyphy/ptII/ptolemy/domains/de/test/auto/VariableDelay.xml
2 ms. Memory: 461824K Free: 149378K (32%)
----------------- Invoking toplevel() on ptolemy.moml.MoMLSimpleApplication@7b204b51
----------------- Done invoking toplevel() on ptolemy.moml.MoMLSimpleApplication@7b204b51
reloadAllAccessors: .VariableDelay

===========================================================================================
----------------- testing Sun Jun 03 15:12:21 UTC 2018 /home/travis/build/icyphy/ptII/ptolemy/domains/de/test/auto/VariableDelay2.xml
----------------- Instantiating /home/travis/build/icyphy/ptII/ptolemy/domains/de/test/auto/VariableDelay2.xml
2 ms. Memory: 461824K Free: 133620K (29%)
----------------- Invoking toplevel() on ptolemy.moml.MoMLSimpleApplication@659ba3da
----------------- Done invoking toplevel() on ptolemy.moml.MoMLSimpleApplication@659ba3da
reloadAllAccessors: .VariableDelay2

===========================================================================================
----------------- testing Sun Jun 03 15:12:21 UTC 2018 /home/travis/build/icyphy/ptII/ptolemy/domains/de/test/auto/VariableDelayZeroDelay.xml
----------------- Instantiating /home/travis/build/icyphy/ptII/ptolemy/domains/de/test/auto/VariableDelayZeroDelay.xml
1 ms. Memory: 461824K Free: 117861K (26%)
----------------- Invoking toplevel() on ptolemy.moml.MoMLSimpleApplication@47ee3a2d
----------------- Done invoking toplevel() on ptolemy.moml.MoMLSimpleApplication@47ee3a2d
reloadAllAccessors: .VariableDelayZeroDelay

===========================================================================================
----------------- testing Sun Jun 03 15:12:21 UTC 2018 /home/travis/build/icyphy/ptII/ptolemy/domains/de/test/auto/VariableDelayZeroDelay2.xml
----------------- Instantiating /home/travis/build/icyphy/ptII/ptolemy/domains/de/test/auto/VariableDelayZeroDelay2.xml
2 ms. Memory: 461824K Free: 102103K (22%)
----------------- Invoking toplevel() on ptolemy.moml.MoMLSimpleApplication@63f46942
----------------- Done invoking toplevel() on ptolemy.moml.MoMLSimpleApplication@63f46942
reloadAllAccessors: .VariableDelayZeroDelay2

===========================================================================================
----------------- testing Sun Jun 03 15:12:21 UTC 2018 /home/travis/build/icyphy/ptII/ptolemy/domains/de/test/auto/deInCt.xml
----------------- Instantiating /home/travis/build/icyphy/ptII/ptolemy/domains/de/test/auto/deInCt.xml
0
1
1
0
0
0
1
1
1
0
0
0
1
1
1
0
0
0
0
0
1
1
1
1
0
0
0
0
0
0
1
1
1
1
8 ms. Memory: 461824K Free: 86344K (19%)
----------------- Invoking toplevel() on ptolemy.moml.MoMLSimpleApplication@60c600ac
----------------- Done invoking toplevel() on ptolemy.moml.MoMLSimpleApplication@60c600ac
reloadAllAccessors: .deInCt

===========================================================================================
----------------- testing Sun Jun 03 15:12:21 UTC 2018 /home/travis/build/icyphy/ptII/ptolemy/domains/de/test/auto/deInCt2.xml
----------------- Instantiating /home/travis/build/icyphy/ptII/ptolemy/domains/de/test/auto/deInCt2.xml
0
1
1
1
0
0
1
1
1
0
0
1
1
1
0
0
1
1
1
0
0
1
1
1
0
0
1
1
1
0
0
1
1
1
0
0
1
1
1
0
0
0
5 ms. Memory: 461824K Free: 70586K (15%)
----------------- Invoking toplevel() on ptolemy.moml.MoMLSimpleApplication@5e7e2a26
----------------- Done invoking toplevel() on ptolemy.moml.MoMLSimpleApplication@5e7e2a26
reloadAllAccessors: .deInCt2

===========================================================================================
----------------- testing Sun Jun 03 15:12:21 UTC 2018 /home/travis/build/icyphy/ptII/ptolemy/domains/de/test/auto/dynamicCausalityInterface1.xml
----------------- Instantiating /home/travis/build/icyphy/ptII/ptolemy/domains/de/test/auto/dynamicCausalityInterface1.xml
4 ms. Memory: 443904K Free: 409574K (92%)
----------------- Invoking toplevel() on ptolemy.moml.MoMLSimpleApplication@1ab14df0
----------------- Done invoking toplevel() on ptolemy.moml.MoMLSimpleApplication@1ab14df0
reloadAllAccessors: .dynamicCausalityInterface1

===========================================================================================
----------------- testing Sun Jun 03 15:12:21 UTC 2018 /home/travis/build/icyphy/ptII/ptolemy/domains/de/test/auto/fsm_de_test.xml
----------------- Instantiating /home/travis/build/icyphy/ptII/ptolemy/domains/de/test/auto/fsm_de_test.xml
8 ms. Memory: 443904K Free: 390808K (88%)
----------------- Invoking toplevel() on ptolemy.moml.MoMLSimpleApplication@7fc840ad
----------------- Done invoking toplevel() on ptolemy.moml.MoMLSimpleApplication@7fc840ad
reloadAllAccessors: .fsm_de_test

===========================================================================================
----------------- testing Sun Jun 03 15:12:21 UTC 2018 /home/travis/build/icyphy/ptII/ptolemy/domains/de/test/auto/functionDependencyReconstruction.xml
----------------- Instantiating /home/travis/build/icyphy/ptII/ptolemy/domains/de/test/auto/functionDependencyReconstruction.xml
2 ms. Memory: 443904K Free: 368468K (83%)
----------------- Invoking toplevel() on ptolemy.moml.MoMLSimpleApplication@1ac3d67d
----------------- Done invoking toplevel() on ptolemy.moml.MoMLSimpleApplication@1ac3d67d
reloadAllAccessors: .functionDependencyReconstruction

===========================================================================================
----------------- testing Sun Jun 03 15:12:21 UTC 2018 /home/travis/build/icyphy/ptII/ptolemy/domains/de/test/auto/multirate.xml
----------------- Instantiating /home/travis/build/icyphy/ptII/ptolemy/domains/de/test/auto/multirate.xml
3 ms. Memory: 443904K Free: 357010K (80%)
----------------- Invoking toplevel() on ptolemy.moml.MoMLSimpleApplication@7a9211bf
----------------- Done invoking toplevel() on ptolemy.moml.MoMLSimpleApplication@7a9211bf
reloadAllAccessors: .multirate

===========================================================================================
----------------- testing Sun Jun 03 15:12:21 UTC 2018 /home/travis/build/icyphy/ptII/ptolemy/domains/de/test/auto/multirate2.xml
----------------- Instantiating /home/travis/build/icyphy/ptII/ptolemy/domains/de/test/auto/multirate2.xml
2 ms. Memory: 443904K Free: 345553K (78%)
----------------- Invoking toplevel() on ptolemy.moml.MoMLSimpleApplication@5be0011e
----------------- Done invoking toplevel() on ptolemy.moml.MoMLSimpleApplication@5be0011e
reloadAllAccessors: .multirate2

===========================================================================================
----------------- testing Sun Jun 03 15:12:21 UTC 2018 /home/travis/build/icyphy/ptII/ptolemy/domains/de/test/auto/realtime.xml
----------------- Instantiating /home/travis/build/icyphy/ptII/ptolemy/domains/de/test/auto/realtime.xml
10001 ms. Memory: 443904K Free: 334096K (75%)
----------------- Invoking toplevel() on ptolemy.moml.MoMLSimpleApplication@62f3b796
----------------- Done invoking toplevel() on ptolemy.moml.MoMLSimpleApplication@62f3b796
reloadAllAccessors: .realtime

===========================================================================================
----------------- testing Sun Jun 03 15:12:31 UTC 2018 /home/travis/build/icyphy/ptII/ptolemy/domains/de/test/auto/relationGroup.xml
----------------- Instantiating /home/travis/build/icyphy/ptII/ptolemy/domains/de/test/auto/relationGroup.xml
3 ms. Memory: 443904K Free: 326279K (74%)
----------------- Invoking toplevel() on ptolemy.moml.MoMLSimpleApplication@54c4de42
----------------- Done invoking toplevel() on ptolemy.moml.MoMLSimpleApplication@54c4de42
reloadAllAccessors: .relationGroup

===========================================================================================
----------------- testing Sun Jun 03 15:12:31 UTC 2018 /home/travis/build/icyphy/ptII/ptolemy/domains/de/test/auto/relationGroup2.xml
----------------- Instantiating /home/travis/build/icyphy/ptII/ptolemy/domains/de/test/auto/relationGroup2.xml
1 ms. Memory: 443904K Free: 318463K (72%)
----------------- Invoking toplevel() on ptolemy.moml.MoMLSimpleApplication@6888dd7b
----------------- Done invoking toplevel() on ptolemy.moml.MoMLSimpleApplication@6888dd7b
reloadAllAccessors: .relationGroup2

===========================================================================================
----------------- testing Sun Jun 03 15:12:31 UTC 2018 /home/travis/build/icyphy/ptII/ptolemy/domains/de/test/auto/sortWithOpaquePorts.xml
----------------- Instantiating /home/travis/build/icyphy/ptII/ptolemy/domains/de/test/auto/sortWithOpaquePorts.xml
1 ms. Memory: 443904K Free: 310647K (70%)
----------------- Invoking toplevel() on ptolemy.moml.MoMLSimpleApplication@58d49087
----------------- Done invoking toplevel() on ptolemy.moml.MoMLSimpleApplication@58d49087
reloadAllAccessors: .sortWithOpaquePorts

===========================================================================================
----------------- testing Sun Jun 03 15:12:31 UTC 2018 /home/travis/build/icyphy/ptII/ptolemy/domains/de/test/auto/transferInputsandOutputs.xml
----------------- Instantiating /home/travis/build/icyphy/ptII/ptolemy/domains/de/test/auto/transferInputsandOutputs.xml
2 ms. Memory: 443904K Free: 299311K (67%)
----------------- Invoking toplevel() on ptolemy.moml.MoMLSimpleApplication@7f273f0
----------------- Done invoking toplevel() on ptolemy.moml.MoMLSimpleApplication@7f273f0
reloadAllAccessors: .transferInputsandOutputs

===========================================================================================
----------------- testing Sun Jun 03 15:12:31 UTC 2018 /home/travis/build/icyphy/ptII/ptolemy/domains/de/test/auto/triggerType.xml
----------------- Instantiating /home/travis/build/icyphy/ptII/ptolemy/domains/de/test/auto/triggerType.xml
3 ms. Memory: 443904K Free: 291494K (66%)
----------------- Invoking toplevel() on ptolemy.moml.MoMLSimpleApplication@3a909b44
----------------- Done invoking toplevel() on ptolemy.moml.MoMLSimpleApplication@3a909b44
reloadAllAccessors: .triggerType
AutoTests.java: About to close Vertx.
AutoTests.java: Vertx closed.
]]></system-out>
  <system-err><![CDATA[java.lang.RuntimeException: Execution failed
	at ptolemy.moml.MoMLSimpleApplication$UnloadThread.run(MoMLSimpleApplication.java:402)
Caused by: ptolemy.kernel.util.IllegalActionException: Found a zero delay loop containing .dependencyLoop.original
  in .dependencyLoop and .dependencyLoop.original
	at ptolemy.actor.util.CausalityInterfaceForComposites._computeOutputPortDepth(CausalityInterfaceForComposites.java:759)
	at ptolemy.actor.util.CausalityInterfaceForComposites._computeInputDepth(CausalityInterfaceForComposites.java:696)
	at ptolemy.actor.util.CausalityInterfaceForComposites._computeOutputPortDepth(CausalityInterfaceForComposites.java:765)
	at ptolemy.actor.util.CausalityInterfaceForComposites._computeInputDepth(CausalityInterfaceForComposites.java:696)
	at ptolemy.actor.util.CausalityInterfaceForComposites._computeOutputPortDepth(CausalityInterfaceForComposites.java:765)
	at ptolemy.actor.util.CausalityInterfaceForComposites._computeInputDepth(CausalityInterfaceForComposites.java:696)
	at ptolemy.actor.util.CausalityInterfaceForComposites._computeActorDepth(CausalityInterfaceForComposites.java:532)
	at ptolemy.actor.util.CausalityInterfaceForComposites.checkForCycles(CausalityInterfaceForComposites.java:96)
	at ptolemy.domains.de.kernel.DEDirector.preinitialize(DEDirector.java:1337)
	at ptolemy.actor.CompositeActor.preinitialize(CompositeActor.java:1828)
	at ptolemy.actor.Manager.preinitializeAndResolveTypes(Manager.java:1040)
	at ptolemy.actor.Manager.initialize(Manager.java:710)
	at ptolemy.actor.Manager.execute(Manager.java:356)
	at ptolemy.actor.Manager.run(Manager.java:1263)
	at ptolemy.actor.Manager$PtolemyRunThread.run(Manager.java:1915)
java.lang.RuntimeException: Execution failed
	at ptolemy.moml.MoMLSimpleApplication$UnloadThread.run(MoMLSimpleApplication.java:402)
Caused by: ptolemy.kernel.util.IllegalActionException: Found a zero delay loop containing .dependencyLoop2.original
  in .dependencyLoop2 and .dependencyLoop2.original
	at ptolemy.actor.util.CausalityInterfaceForComposites._computeOutputPortDepth(CausalityInterfaceForComposites.java:759)
	at ptolemy.actor.util.CausalityInterfaceForComposites._computeInputDepth(CausalityInterfaceForComposites.java:696)
	at ptolemy.actor.util.CausalityInterfaceForComposites._computeOutputPortDepth(CausalityInterfaceForComposites.java:765)
	at ptolemy.actor.util.CausalityInterfaceForComposites._computeInputDepth(CausalityInterfaceForComposites.java:696)
	at ptolemy.actor.util.CausalityInterfaceForComposites._computeOutputPortDepth(CausalityInterfaceForComposites.java:765)
	at ptolemy.actor.util.CausalityInterfaceForComposites._computeInputDepth(CausalityInterfaceForComposites.java:696)
	at ptolemy.actor.util.CausalityInterfaceForComposites._computeActorDepth(CausalityInterfaceForComposites.java:532)
	at ptolemy.actor.util.CausalityInterfaceForComposites.checkForCycles(CausalityInterfaceForComposites.java:96)
	at ptolemy.domains.de.kernel.DEDirector.preinitialize(DEDirector.java:1337)
	at ptolemy.actor.CompositeActor.preinitialize(CompositeActor.java:1828)
	at ptolemy.actor.Manager.preinitializeAndResolveTypes(Manager.java:1040)
	at ptolemy.actor.Manager.initialize(Manager.java:710)
	at ptolemy.actor.Manager.execute(Manager.java:356)
	at ptolemy.actor.Manager.run(Manager.java:1263)
	at ptolemy.actor.Manager$PtolemyRunThread.run(Manager.java:1915)
java.lang.RuntimeException: Execution failed
	at ptolemy.moml.MoMLSimpleApplication$UnloadThread.run(MoMLSimpleApplication.java:402)
Caused by: ptolemy.kernel.util.IllegalActionException: Found a zero delay loop containing .dependencyLoop.original
  in .dependencyLoop and .dependencyLoop.original
	at ptolemy.actor.util.CausalityInterfaceForComposites._computeOutputPortDepth(CausalityInterfaceForComposites.java:759)
	at ptolemy.actor.util.CausalityInterfaceForComposites._computeInputDepth(CausalityInterfaceForComposites.java:696)
	at ptolemy.actor.util.CausalityInterfaceForComposites._computeOutputPortDepth(CausalityInterfaceForComposites.java:765)
	at ptolemy.actor.util.CausalityInterfaceForComposites._computeInputDepth(CausalityInterfaceForComposites.java:696)
	at ptolemy.actor.util.CausalityInterfaceForComposites._computeOutputPortDepth(CausalityInterfaceForComposites.java:765)
	at ptolemy.actor.util.CausalityInterfaceForComposites._computeInputDepth(CausalityInterfaceForComposites.java:696)
	at ptolemy.actor.util.CausalityInterfaceForComposites._computeActorDepth(CausalityInterfaceForComposites.java:532)
	at ptolemy.actor.util.CausalityInterfaceForComposites.checkForCycles(CausalityInterfaceForComposites.java:96)
	at ptolemy.domains.de.kernel.DEDirector.preinitialize(DEDirector.java:1337)
	at ptolemy.actor.CompositeActor.preinitialize(CompositeActor.java:1828)
	at ptolemy.actor.Manager.preinitializeAndResolveTypes(Manager.java:1040)
	at ptolemy.actor.Manager.initialize(Manager.java:710)
	at ptolemy.actor.Manager.execute(Manager.java:356)
	at ptolemy.actor.Manager.run(Manager.java:1263)
	at ptolemy.actor.Manager$PtolemyRunThread.run(Manager.java:1915)
java.lang.RuntimeException: Execution failed
	at ptolemy.moml.MoMLSimpleApplication$UnloadThread.run(MoMLSimpleApplication.java:402)
Caused by: ptolemy.kernel.util.IllegalActionException: Actor is not ready to fire.  Perhaps UpSample.prefire() returned false? Try debugging the actor by selecting "Listen to Actor".  Also, for SDF check moml for tokenConsumptionRate on input.
  in .DESDFClockTest.Play Bell.Copy1:SDF Director and .DESDFClockTest.Play Bell.UpSample
	at ptolemy.actor.sched.StaticSchedulingDirector.fire(StaticSchedulingDirector.java:227)
	at ptolemy.domains.sdf.kernel.SDFDirector.fire(SDFDirector.java:500)
	at ptolemy.actor.CompositeActor.fire(CompositeActor.java:455)
	at ptolemy.domains.de.kernel.DEDirector._fire(DEDirector.java:1948)
	at ptolemy.domains.de.kernel.DEDirector.fire(DEDirector.java:502)
	at ptolemy.actor.CompositeActor.fire(CompositeActor.java:455)
	at ptolemy.actor.Manager.iterate(Manager.java:851)
	at ptolemy.actor.Manager.execute(Manager.java:369)
	at ptolemy.actor.Manager.run(Manager.java:1263)
	at ptolemy.actor.Manager$PtolemyRunThread.run(Manager.java:1915)
java.lang.RuntimeException: Execution failed
	at ptolemy.moml.MoMLSimpleApplication$UnloadThread.run(MoMLSimpleApplication.java:402)
Caused by: ptolemy.kernel.util.IllegalActionException: Found a zero delay loop containing .dependencyLoop2.original
  in .dependencyLoop2 and .dependencyLoop2.original
	at ptolemy.actor.util.CausalityInterfaceForComposites._computeOutputPortDepth(CausalityInterfaceForComposites.java:759)
	at ptolemy.actor.util.CausalityInterfaceForComposites._computeInputDepth(CausalityInterfaceForComposites.java:696)
	at ptolemy.actor.util.CausalityInterfaceForComposites._computeOutputPortDepth(CausalityInterfaceForComposites.java:765)
	at ptolemy.actor.util.CausalityInterfaceForComposites._computeInputDepth(CausalityInterfaceForComposites.java:696)
	at ptolemy.actor.util.CausalityInterfaceForComposites._computeOutputPortDepth(CausalityInterfaceForComposites.java:765)
	at ptolemy.actor.util.CausalityInterfaceForComposites._computeInputDepth(CausalityInterfaceForComposites.java:696)
	at ptolemy.actor.util.CausalityInterfaceForComposites._computeActorDepth(CausalityInterfaceForComposites.java:532)
	at ptolemy.actor.util.CausalityInterfaceForComposites.checkForCycles(CausalityInterfaceForComposites.java:96)
	at ptolemy.domains.de.kernel.DEDirector.preinitialize(DEDirector.java:1337)
	at ptolemy.actor.CompositeActor.preinitialize(CompositeActor.java:1828)
	at ptolemy.actor.Manager.preinitializeAndResolveTypes(Manager.java:1040)
	at ptolemy.actor.Manager.initialize(Manager.java:710)
	at ptolemy.actor.Manager.execute(Manager.java:356)
	at ptolemy.actor.Manager.run(Manager.java:1263)
	at ptolemy.actor.Manager$PtolemyRunThread.run(Manager.java:1915)
java.lang.RuntimeException: Execution failed
	at ptolemy.moml.MoMLSimpleApplication$UnloadThread.run(MoMLSimpleApplication.java:402)
Caused by: ptolemy.kernel.util.IllegalActionException: Found a zero delay loop containing .HierarchicalModel.A
  in .HierarchicalModel and .HierarchicalModel.A
	at ptolemy.actor.util.CausalityInterfaceForComposites._computeOutputPortDepth(CausalityInterfaceForComposites.java:759)
	at ptolemy.actor.util.CausalityInterfaceForComposites._computeInputDepth(CausalityInterfaceForComposites.java:696)
	at ptolemy.actor.util.CausalityInterfaceForComposites._computeOutputPortDepth(CausalityInterfaceForComposites.java:765)
	at ptolemy.actor.util.CausalityInterfaceForComposites._computeInputDepth(CausalityInterfaceForComposites.java:696)
	at ptolemy.actor.util.CausalityInterfaceForComposites._computeOutputPortDepth(CausalityInterfaceForComposites.java:765)
	at ptolemy.actor.util.CausalityInterfaceForComposites._computeInputDepth(CausalityInterfaceForComposites.java:696)
	at ptolemy.actor.util.CausalityInterfaceForComposites._computeActorDepth(CausalityInterfaceForComposites.java:532)
	at ptolemy.actor.util.CausalityInterfaceForComposites.checkForCycles(CausalityInterfaceForComposites.java:96)
	at ptolemy.domains.de.kernel.DEDirector.preinitialize(DEDirector.java:1337)
	at ptolemy.actor.CompositeActor.preinitialize(CompositeActor.java:1828)
	at ptolemy.actor.Manager.preinitializeAndResolveTypes(Manager.java:1040)
	at ptolemy.actor.Manager.initialize(Manager.java:710)
	at ptolemy.actor.Manager.execute(Manager.java:356)
	at ptolemy.actor.Manager.run(Manager.java:1263)
	at ptolemy.actor.Manager$PtolemyRunThread.run(Manager.java:1915)
java.lang.RuntimeException: Execution failed
	at ptolemy.moml.MoMLSimpleApplication$UnloadThread.run(MoMLSimpleApplication.java:402)
Caused by: ptolemy.kernel.util.IllegalActionException: Test fails in iteration 1.
Value was: 1.0. Should have been: 2.0
  in .DirectFeedback.Test
	at ptolemy.actor.lib.Test.fire(Test.java:268)
	at ptolemy.domains.de.kernel.DEDirector._fire(DEDirector.java:1948)
	at ptolemy.domains.de.kernel.DEDirector.fire(DEDirector.java:502)
	at ptolemy.actor.CompositeActor.fire(CompositeActor.java:455)
	at ptolemy.actor.Manager.iterate(Manager.java:851)
	at ptolemy.actor.Manager.execute(Manager.java:369)
	at ptolemy.actor.Manager.run(Manager.java:1263)
	at ptolemy.actor.Manager$PtolemyRunThread.run(Manager.java:1915)
java.lang.RuntimeException: Execution failed
	at ptolemy.moml.MoMLSimpleApplication$UnloadThread.run(MoMLSimpleApplication.java:402)
Caused by: ptolemy.kernel.util.IllegalActionException: Actor is not ready to fire.  Perhaps UpSample.prefire() returned false? Try debugging the actor by selecting "Listen to Actor".  Also, for SDF check moml for tokenConsumptionRate on input.
  in .DESDFClockTest.Play Bell.Copy1:SDF Director and .DESDFClockTest.Play Bell.UpSample
	at ptolemy.actor.sched.StaticSchedulingDirector.fire(StaticSchedulingDirector.java:227)
	at ptolemy.domains.sdf.kernel.SDFDirector.fire(SDFDirector.java:500)
	at ptolemy.actor.CompositeActor.fire(CompositeActor.java:455)
	at ptolemy.domains.de.kernel.DEDirector._fire(DEDirector.java:1948)
	at ptolemy.domains.de.kernel.DEDirector.fire(DEDirector.java:502)
	at ptolemy.actor.CompositeActor.fire(CompositeActor.java:455)
	at ptolemy.actor.Manager.iterate(Manager.java:851)
	at ptolemy.actor.Manager.execute(Manager.java:369)
	at ptolemy.actor.Manager.run(Manager.java:1263)
	at ptolemy.actor.Manager$PtolemyRunThread.run(Manager.java:1915)
java.lang.reflect.InvocationTargetException
	at sun.reflect.NativeConstructorAccessorImpl.newInstance0(Native Method)
	at sun.reflect.NativeConstructorAccessorImpl.newInstance(NativeConstructorAccessorImpl.java:62)
	at sun.reflect.DelegatingConstructorAccessorImpl.newInstance(DelegatingConstructorAccessorImpl.java:45)
	at java.lang.reflect.Constructor.newInstance(Constructor.java:423)
	at ptolemy.util.test.junit.AutoKnownFailedTests.RunModel(AutoKnownFailedTests.java:107)
	at sun.reflect.NativeMethodAccessorImpl.invoke0(Native Method)
	at sun.reflect.NativeMethodAccessorImpl.invoke(NativeMethodAccessorImpl.java:62)
	at sun.reflect.DelegatingMethodAccessorImpl.invoke(DelegatingMethodAccessorImpl.java:43)
	at java.lang.reflect.Method.invoke(Method.java:498)
	at org.junit.runners.model.FrameworkMethod$1.runReflectiveCall(FrameworkMethod.java:44)
	at org.junit.internal.runners.model.ReflectiveCallable.run(ReflectiveCallable.java:15)
	at org.junit.runners.model.FrameworkMethod.invokeExplosively(FrameworkMethod.java:41)
	at junitparams.internal.InvokeParameterisedMethod.evaluate(InvokeParameterisedMethod.java:102)
	at org.junit.internal.runners.statements.FailOnTimeout$1.run(FailOnTimeout.java:28)
Caused by: ptolemy.kernel.util.IllegalActionException: Actor is not ready to fire.  Perhaps UpSample.prefire() returned false? Try debugging the actor by selecting "Listen to Actor".  Also, for SDF check moml for tokenConsumptionRate on input.
  in .DESDFClockTest.Play Bell.Copy1:SDF Director and .DESDFClockTest.Play Bell.UpSample
	at ptolemy.actor.sched.StaticSchedulingDirector.fire(StaticSchedulingDirector.java:227)
	at ptolemy.domains.sdf.kernel.SDFDirector.fire(SDFDirector.java:500)
	at ptolemy.actor.CompositeActor.fire(CompositeActor.java:455)
	at ptolemy.domains.de.kernel.DEDirector._fire(DEDirector.java:1948)
	at ptolemy.domains.de.kernel.DEDirector.fire(DEDirector.java:502)
	at ptolemy.actor.CompositeActor.fire(CompositeActor.java:455)
	at ptolemy.actor.Manager.iterate(Manager.java:851)
	at ptolemy.actor.Manager.execute(Manager.java:369)
	at ptolemy.actor.Manager.run(Manager.java:1263)
	at ptolemy.actor.Manager$PtolemyRunThread.run(Manager.java:1915)
java.lang.RuntimeException: Execution failed
	at ptolemy.moml.MoMLSimpleApplication$UnloadThread.run(MoMLSimpleApplication.java:402)
Caused by: ptolemy.kernel.util.IllegalActionException: Test fails in iteration 1.
Value was: 1.0. Should have been: 2.0
  in .DirectFeedback.Test
	at ptolemy.actor.lib.Test.fire(Test.java:268)
	at ptolemy.domains.de.kernel.DEDirector._fire(DEDirector.java:1948)
	at ptolemy.domains.de.kernel.DEDirector.fire(DEDirector.java:502)
	at ptolemy.actor.CompositeActor.fire(CompositeActor.java:455)
	at ptolemy.actor.Manager.iterate(Manager.java:851)
	at ptolemy.actor.Manager.execute(Manager.java:369)
	at ptolemy.actor.Manager.run(Manager.java:1263)
	at ptolemy.actor.Manager$PtolemyRunThread.run(Manager.java:1915)
java.lang.reflect.InvocationTargetException
	at sun.reflect.NativeConstructorAccessorImpl.newInstance0(Native Method)
	at sun.reflect.NativeConstructorAccessorImpl.newInstance(NativeConstructorAccessorImpl.java:62)
	at sun.reflect.DelegatingConstructorAccessorImpl.newInstance(DelegatingConstructorAccessorImpl.java:45)
	at java.lang.reflect.Constructor.newInstance(Constructor.java:423)
	at ptolemy.util.test.junit.AutoKnownFailedTests.RunModel(AutoKnownFailedTests.java:107)
	at sun.reflect.NativeMethodAccessorImpl.invoke0(Native Method)
	at sun.reflect.NativeMethodAccessorImpl.invoke(NativeMethodAccessorImpl.java:62)
	at sun.reflect.DelegatingMethodAccessorImpl.invoke(DelegatingMethodAccessorImpl.java:43)
	at java.lang.reflect.Method.invoke(Method.java:498)
	at org.junit.runners.model.FrameworkMethod$1.runReflectiveCall(FrameworkMethod.java:44)
	at org.junit.internal.runners.model.ReflectiveCallable.run(ReflectiveCallable.java:15)
	at org.junit.runners.model.FrameworkMethod.invokeExplosively(FrameworkMethod.java:41)
	at junitparams.internal.InvokeParameterisedMethod.evaluate(InvokeParameterisedMethod.java:102)
	at org.junit.internal.runners.statements.FailOnTimeout$1.run(FailOnTimeout.java:28)
Caused by: ptolemy.kernel.util.IllegalActionException: Test fails in iteration 1.
Value was: 1.0. Should have been: 2.0
  in .DirectFeedback.Test
	at ptolemy.actor.lib.Test.fire(Test.java:268)
	at ptolemy.domains.de.kernel.DEDirector._fire(DEDirector.java:1948)
	at ptolemy.domains.de.kernel.DEDirector.fire(DEDirector.java:502)
	at ptolemy.actor.CompositeActor.fire(CompositeActor.java:455)
	at ptolemy.actor.Manager.iterate(Manager.java:851)
	at ptolemy.actor.Manager.execute(Manager.java:369)
	at ptolemy.actor.Manager.run(Manager.java:1263)
	at ptolemy.actor.Manager$PtolemyRunThread.run(Manager.java:1915)
java.lang.RuntimeException: Execution failed
	at ptolemy.moml.MoMLSimpleApplication$UnloadThread.run(MoMLSimpleApplication.java:402)
Caused by: ptolemy.kernel.util.IllegalActionException: Found a zero delay loop containing .HierarchicalModel.A
  in .HierarchicalModel and .HierarchicalModel.A
	at ptolemy.actor.util.CausalityInterfaceForComposites._computeOutputPortDepth(CausalityInterfaceForComposites.java:759)
	at ptolemy.actor.util.CausalityInterfaceForComposites._computeInputDepth(CausalityInterfaceForComposites.java:696)
	at ptolemy.actor.util.CausalityInterfaceForComposites._computeOutputPortDepth(CausalityInterfaceForComposites.java:765)
	at ptolemy.actor.util.CausalityInterfaceForComposites._computeInputDepth(CausalityInterfaceForComposites.java:696)
	at ptolemy.actor.util.CausalityInterfaceForComposites._computeOutputPortDepth(CausalityInterfaceForComposites.java:765)
	at ptolemy.actor.util.CausalityInterfaceForComposites._computeInputDepth(CausalityInterfaceForComposites.java:696)
	at ptolemy.actor.util.CausalityInterfaceForComposites._computeActorDepth(CausalityInterfaceForComposites.java:532)
	at ptolemy.actor.util.CausalityInterfaceForComposites.checkForCycles(CausalityInterfaceForComposites.java:96)
	at ptolemy.domains.de.kernel.DEDirector.preinitialize(DEDirector.java:1337)
	at ptolemy.actor.CompositeActor.preinitialize(CompositeActor.java:1828)
	at ptolemy.actor.Manager.preinitializeAndResolveTypes(Manager.java:1040)
	at ptolemy.actor.Manager.initialize(Manager.java:710)
	at ptolemy.actor.Manager.execute(Manager.java:356)
	at ptolemy.actor.Manager.run(Manager.java:1263)
	at ptolemy.actor.Manager$PtolemyRunThread.run(Manager.java:1915)
java.lang.reflect.InvocationTargetException
	at sun.reflect.NativeConstructorAccessorImpl.newInstance0(Native Method)
	at sun.reflect.NativeConstructorAccessorImpl.newInstance(NativeConstructorAccessorImpl.java:62)
	at sun.reflect.DelegatingConstructorAccessorImpl.newInstance(DelegatingConstructorAccessorImpl.java:45)
	at java.lang.reflect.Constructor.newInstance(Constructor.java:423)
	at ptolemy.util.test.junit.AutoKnownFailedTests.RunModel(AutoKnownFailedTests.java:107)
	at sun.reflect.NativeMethodAccessorImpl.invoke0(Native Method)
	at sun.reflect.NativeMethodAccessorImpl.invoke(NativeMethodAccessorImpl.java:62)
	at sun.reflect.DelegatingMethodAccessorImpl.invoke(DelegatingMethodAccessorImpl.java:43)
	at java.lang.reflect.Method.invoke(Method.java:498)
	at org.junit.runners.model.FrameworkMethod$1.runReflectiveCall(FrameworkMethod.java:44)
	at org.junit.internal.runners.model.ReflectiveCallable.run(ReflectiveCallable.java:15)
	at org.junit.runners.model.FrameworkMethod.invokeExplosively(FrameworkMethod.java:41)
	at junitparams.internal.InvokeParameterisedMethod.evaluate(InvokeParameterisedMethod.java:102)
	at org.junit.internal.runners.statements.FailOnTimeout$1.run(FailOnTimeout.java:28)
Caused by: ptolemy.kernel.util.IllegalActionException: Found a zero delay loop containing .HierarchicalModel.A
  in .HierarchicalModel and .HierarchicalModel.A
	at ptolemy.actor.util.CausalityInterfaceForComposites._computeOutputPortDepth(CausalityInterfaceForComposites.java:759)
	at ptolemy.actor.util.CausalityInterfaceForComposites._computeInputDepth(CausalityInterfaceForComposites.java:696)
	at ptolemy.actor.util.CausalityInterfaceForComposites._computeOutputPortDepth(CausalityInterfaceForComposites.java:765)
	at ptolemy.actor.util.CausalityInterfaceForComposites._computeInputDepth(CausalityInterfaceForComposites.java:696)
	at ptolemy.actor.util.CausalityInterfaceForComposites._computeOutputPortDepth(CausalityInterfaceForComposites.java:765)
	at ptolemy.actor.util.CausalityInterfaceForComposites._computeInputDepth(CausalityInterfaceForComposites.java:696)
	at ptolemy.actor.util.CausalityInterfaceForComposites._computeActorDepth(CausalityInterfaceForComposites.java:532)
	at ptolemy.actor.util.CausalityInterfaceForComposites.checkForCycles(CausalityInterfaceForComposites.java:96)
	at ptolemy.domains.de.kernel.DEDirector.preinitialize(DEDirector.java:1337)
	at ptolemy.actor.CompositeActor.preinitialize(CompositeActor.java:1828)
	at ptolemy.actor.Manager.preinitializeAndResolveTypes(Manager.java:1040)
	at ptolemy.actor.Manager.initialize(Manager.java:710)
	at ptolemy.actor.Manager.execute(Manager.java:356)
	at ptolemy.actor.Manager.run(Manager.java:1263)
	at ptolemy.actor.Manager$PtolemyRunThread.run(Manager.java:1915)
java.lang.RuntimeException: Execution failed
	at ptolemy.moml.MoMLSimpleApplication$UnloadThread.run(MoMLSimpleApplication.java:402)
Caused by: ptolemy.kernel.util.IllegalActionException: Found a zero delay loop containing .dependencyLoop.original
  in .dependencyLoop and .dependencyLoop.original
	at ptolemy.actor.util.CausalityInterfaceForComposites._computeOutputPortDepth(CausalityInterfaceForComposites.java:759)
	at ptolemy.actor.util.CausalityInterfaceForComposites._computeInputDepth(CausalityInterfaceForComposites.java:696)
	at ptolemy.actor.util.CausalityInterfaceForComposites._computeOutputPortDepth(CausalityInterfaceForComposites.java:765)
	at ptolemy.actor.util.CausalityInterfaceForComposites._computeInputDepth(CausalityInterfaceForComposites.java:696)
	at ptolemy.actor.util.CausalityInterfaceForComposites._computeOutputPortDepth(CausalityInterfaceForComposites.java:765)
	at ptolemy.actor.util.CausalityInterfaceForComposites._computeInputDepth(CausalityInterfaceForComposites.java:696)
	at ptolemy.actor.util.CausalityInterfaceForComposites._computeActorDepth(CausalityInterfaceForComposites.java:532)
	at ptolemy.actor.util.CausalityInterfaceForComposites.checkForCycles(CausalityInterfaceForComposites.java:96)
	at ptolemy.domains.de.kernel.DEDirector.preinitialize(DEDirector.java:1337)
	at ptolemy.actor.CompositeActor.preinitialize(CompositeActor.java:1828)
	at ptolemy.actor.Manager.preinitializeAndResolveTypes(Manager.java:1040)
	at ptolemy.actor.Manager.initialize(Manager.java:710)
	at ptolemy.actor.Manager.execute(Manager.java:356)
	at ptolemy.actor.Manager.run(Manager.java:1263)
	at ptolemy.actor.Manager$PtolemyRunThread.run(Manager.java:1915)
java.lang.reflect.InvocationTargetException
	at sun.reflect.NativeConstructorAccessorImpl.newInstance0(Native Method)
	at sun.reflect.NativeConstructorAccessorImpl.newInstance(NativeConstructorAccessorImpl.java:62)
	at sun.reflect.DelegatingConstructorAccessorImpl.newInstance(DelegatingConstructorAccessorImpl.java:45)
	at java.lang.reflect.Constructor.newInstance(Constructor.java:423)
	at ptolemy.util.test.junit.AutoKnownFailedTests.RunModel(AutoKnownFailedTests.java:107)
	at sun.reflect.NativeMethodAccessorImpl.invoke0(Native Method)
	at sun.reflect.NativeMethodAccessorImpl.invoke(NativeMethodAccessorImpl.java:62)
	at sun.reflect.DelegatingMethodAccessorImpl.invoke(DelegatingMethodAccessorImpl.java:43)
	at java.lang.reflect.Method.invoke(Method.java:498)
	at org.junit.runners.model.FrameworkMethod$1.runReflectiveCall(FrameworkMethod.java:44)
	at org.junit.internal.runners.model.ReflectiveCallable.run(ReflectiveCallable.java:15)
	at org.junit.runners.model.FrameworkMethod.invokeExplosively(FrameworkMethod.java:41)
	at junitparams.internal.InvokeParameterisedMethod.evaluate(InvokeParameterisedMethod.java:102)
	at org.junit.internal.runners.statements.FailOnTimeout$1.run(FailOnTimeout.java:28)
Caused by: ptolemy.kernel.util.IllegalActionException: Found a zero delay loop containing .dependencyLoop.original
  in .dependencyLoop and .dependencyLoop.original
	at ptolemy.actor.util.CausalityInterfaceForComposites._computeOutputPortDepth(CausalityInterfaceForComposites.java:759)
	at ptolemy.actor.util.CausalityInterfaceForComposites._computeInputDepth(CausalityInterfaceForComposites.java:696)
	at ptolemy.actor.util.CausalityInterfaceForComposites._computeOutputPortDepth(CausalityInterfaceForComposites.java:765)
	at ptolemy.actor.util.CausalityInterfaceForComposites._computeInputDepth(CausalityInterfaceForComposites.java:696)
	at ptolemy.actor.util.CausalityInterfaceForComposites._computeOutputPortDepth(CausalityInterfaceForComposites.java:765)
	at ptolemy.actor.util.CausalityInterfaceForComposites._computeInputDepth(CausalityInterfaceForComposites.java:696)
	at ptolemy.actor.util.CausalityInterfaceForComposites._computeActorDepth(CausalityInterfaceForComposites.java:532)
	at ptolemy.actor.util.CausalityInterfaceForComposites.checkForCycles(CausalityInterfaceForComposites.java:96)
	at ptolemy.domains.de.kernel.DEDirector.preinitialize(DEDirector.java:1337)
	at ptolemy.actor.CompositeActor.preinitialize(CompositeActor.java:1828)
	at ptolemy.actor.Manager.preinitializeAndResolveTypes(Manager.java:1040)
	at ptolemy.actor.Manager.initialize(Manager.java:710)
	at ptolemy.actor.Manager.execute(Manager.java:356)
	at ptolemy.actor.Manager.run(Manager.java:1263)
	at ptolemy.actor.Manager$PtolemyRunThread.run(Manager.java:1915)
java.lang.RuntimeException: Execution failed
	at ptolemy.moml.MoMLSimpleApplication$UnloadThread.run(MoMLSimpleApplication.java:402)
Caused by: ptolemy.kernel.util.IllegalActionException: Found a zero delay loop containing .dependencyLoop2.original
  in .dependencyLoop2 and .dependencyLoop2.original
	at ptolemy.actor.util.CausalityInterfaceForComposites._computeOutputPortDepth(CausalityInterfaceForComposites.java:759)
	at ptolemy.actor.util.CausalityInterfaceForComposites._computeInputDepth(CausalityInterfaceForComposites.java:696)
	at ptolemy.actor.util.CausalityInterfaceForComposites._computeOutputPortDepth(CausalityInterfaceForComposites.java:765)
	at ptolemy.actor.util.CausalityInterfaceForComposites._computeInputDepth(CausalityInterfaceForComposites.java:696)
	at ptolemy.actor.util.CausalityInterfaceForComposites._computeOutputPortDepth(CausalityInterfaceForComposites.java:765)
	at ptolemy.actor.util.CausalityInterfaceForComposites._computeInputDepth(CausalityInterfaceForComposites.java:696)
	at ptolemy.actor.util.CausalityInterfaceForComposites._computeActorDepth(CausalityInterfaceForComposites.java:532)
	at ptolemy.actor.util.CausalityInterfaceForComposites.checkForCycles(CausalityInterfaceForComposites.java:96)
	at ptolemy.domains.de.kernel.DEDirector.preinitialize(DEDirector.java:1337)
	at ptolemy.actor.CompositeActor.preinitialize(CompositeActor.java:1828)
	at ptolemy.actor.Manager.preinitializeAndResolveTypes(Manager.java:1040)
	at ptolemy.actor.Manager.initialize(Manager.java:710)
	at ptolemy.actor.Manager.execute(Manager.java:356)
	at ptolemy.actor.Manager.run(Manager.java:1263)
	at ptolemy.actor.Manager$PtolemyRunThread.run(Manager.java:1915)
java.lang.reflect.InvocationTargetException
	at sun.reflect.NativeConstructorAccessorImpl.newInstance0(Native Method)
	at sun.reflect.NativeConstructorAccessorImpl.newInstance(NativeConstructorAccessorImpl.java:62)
	at sun.reflect.DelegatingConstructorAccessorImpl.newInstance(DelegatingConstructorAccessorImpl.java:45)
	at java.lang.reflect.Constructor.newInstance(Constructor.java:423)
	at ptolemy.util.test.junit.AutoKnownFailedTests.RunModel(AutoKnownFailedTests.java:107)
	at sun.reflect.NativeMethodAccessorImpl.invoke0(Native Method)
	at sun.reflect.NativeMethodAccessorImpl.invoke(NativeMethodAccessorImpl.java:62)
	at sun.reflect.DelegatingMethodAccessorImpl.invoke(DelegatingMethodAccessorImpl.java:43)
	at java.lang.reflect.Method.invoke(Method.java:498)
	at org.junit.runners.model.FrameworkMethod$1.runReflectiveCall(FrameworkMethod.java:44)
	at org.junit.internal.runners.model.ReflectiveCallable.run(ReflectiveCallable.java:15)
	at org.junit.runners.model.FrameworkMethod.invokeExplosively(FrameworkMethod.java:41)
	at junitparams.internal.InvokeParameterisedMethod.evaluate(InvokeParameterisedMethod.java:102)
	at org.junit.internal.runners.statements.FailOnTimeout$1.run(FailOnTimeout.java:28)
Caused by: ptolemy.kernel.util.IllegalActionException: Found a zero delay loop containing .dependencyLoop2.original
  in .dependencyLoop2 and .dependencyLoop2.original
	at ptolemy.actor.util.CausalityInterfaceForComposites._computeOutputPortDepth(CausalityInterfaceForComposites.java:759)
	at ptolemy.actor.util.CausalityInterfaceForComposites._computeInputDepth(CausalityInterfaceForComposites.java:696)
	at ptolemy.actor.util.CausalityInterfaceForComposites._computeOutputPortDepth(CausalityInterfaceForComposites.java:765)
	at ptolemy.actor.util.CausalityInterfaceForComposites._computeInputDepth(CausalityInterfaceForComposites.java:696)
	at ptolemy.actor.util.CausalityInterfaceForComposites._computeOutputPortDepth(CausalityInterfaceForComposites.java:765)
	at ptolemy.actor.util.CausalityInterfaceForComposites._computeInputDepth(CausalityInterfaceForComposites.java:696)
	at ptolemy.actor.util.CausalityInterfaceForComposites._computeActorDepth(CausalityInterfaceForComposites.java:532)
	at ptolemy.actor.util.CausalityInterfaceForComposites.checkForCycles(CausalityInterfaceForComposites.java:96)
	at ptolemy.domains.de.kernel.DEDirector.preinitialize(DEDirector.java:1337)
	at ptolemy.actor.CompositeActor.preinitialize(CompositeActor.java:1828)
	at ptolemy.actor.Manager.preinitializeAndResolveTypes(Manager.java:1040)
	at ptolemy.actor.Manager.initialize(Manager.java:710)
	at ptolemy.actor.Manager.execute(Manager.java:356)
	at ptolemy.actor.Manager.run(Manager.java:1263)
	at ptolemy.actor.Manager$PtolemyRunThread.run(Manager.java:1915)
]]></system-err>
</testsuite>
